<?xml version="1.0"?>
<testsuite name="HeadlessChrome 94.0.4606 (Linux 0.0.0)" package="" timestamp="2022-02-23T15:34:37" id="0" hostname="pod-4dc44f2e-f562-4f72-886c-0d77a585984d-d70d8-58h4t" tests="3" errors="0" failures="0" time="0.117">
  <properties>
    <property name="browser.fullName" value="Mozilla/5.0 (X11; Linux x86_64) AppleWebKit/537.36 (KHTML, like Gecko) HeadlessChrome/94.0.4606.81 Safari/537.36"/>
  </properties>
  <testcase name="AppComponent should render title in a h1 tag" time="0.056" classname="AppComponent"/>
  <testcase name="AppComponent should have as title 'frontend'" time="0.038" classname="AppComponent"/>
  <testcase name="AppComponent should create the app" time="0.023" classname="AppComponent"/>
  <system-out>
    <![CDATA[
]]>
  </system-out>
  <system-err/>
</testsuite>