<?xml version="1.0" encoding="UTF-8"?>
<testsuite name="com.bi.edp.configuration_stack.adapter.client.catalog.CatalogClientTest" tests="3" skipped="0" failures="0" errors="0" timestamp="2020-09-25T11:18:38" hostname="WKS0000621516" time="13.932">
  <properties/>
  <testcase name="When getHiddenQuestion returns a timeout, the client retries the call" classname="com.bi.edp.configuration_stack.adapter.client.catalog.CatalogClientTest" time="10.006"/>
  <testcase name="EDPP212 Get hidden questions does login and retry after receiving unauthorized" classname="com.bi.edp.configuration_stack.adapter.client.catalog.CatalogClientTest" time="1.933"/>
  <testcase name="Get environments does login and retry after receiving unauthorized" classname="com.bi.edp.configuration_stack.adapter.client.catalog.CatalogClientTest" time="1.992"/>
  <system-out><![CDATA[13:18:38.434 [Test worker] DEBUG org.eclipse.jetty.util.component.ContainerLifeCycle - Server@2b8946b9{STOPPED}[9.4.28.v20200408] added {QueuedThreadPool[qtp1306936337]@4de64411{STOPPED,8<=0<=14,i=0,r=-1,q=0}[NO_TRY],AUTO}
13:18:38.434 [Test worker] DEBUG org.eclipse.jetty.util.component.ContainerLifeCycle - HttpConnectionFactory@3b9b467d[HTTP/1.1] added {HttpConfiguration@7e7a6ad2{32768/8192,8192/8192,https://:0,[]},POJO}
13:18:38.434 [Test worker] DEBUG org.eclipse.jetty.util.component.ContainerLifeCycle - NetworkTrafficServerConnector@1c37fc0{null, ()}{0.0.0.0:0} added {Server@2b8946b9{STOPPED}[9.4.28.v20200408],UNMANAGED}
13:18:38.434 [Test worker] DEBUG org.eclipse.jetty.util.component.ContainerLifeCycle - NetworkTrafficServerConnector@1c37fc0{null, ()}{0.0.0.0:0} added {QueuedThreadPool[qtp1306936337]@4de64411{STOPPED,8<=0<=14,i=0,r=-1,q=0}[NO_TRY],AUTO}
13:18:38.434 [Test worker] DEBUG org.eclipse.jetty.util.component.ContainerLifeCycle - NetworkTrafficServerConnector@1c37fc0{null, ()}{0.0.0.0:0} added {ScheduledExecutorScheduler@609e5dcf{STOPPED},AUTO}
13:18:38.434 [Test worker] DEBUG org.eclipse.jetty.util.component.ContainerLifeCycle - NetworkTrafficServerConnector@1c37fc0{null, ()}{0.0.0.0:0} added {org.eclipse.jetty.io.ArrayByteBufferPool@1d7570f,POJO}
13:18:38.434 [Test worker] DEBUG org.eclipse.jetty.util.component.ContainerLifeCycle - NetworkTrafficServerConnector@1c37fc0{null, (http/1.1)}{0.0.0.0:0} added {HttpConnectionFactory@3b9b467d[HTTP/1.1],AUTO}
13:18:38.435 [Test worker] DEBUG org.eclipse.jetty.server.AbstractConnector - NetworkTrafficServerConnector@1c37fc0{HTTP/1.1, (http/1.1)}{0.0.0.0:0} added HttpConnectionFactory@3b9b467d[HTTP/1.1]
13:18:38.435 [Test worker] DEBUG org.eclipse.jetty.util.component.ContainerLifeCycle - NetworkTrafficServerConnector@1c37fc0{HTTP/1.1, (http/1.1)}{0.0.0.0:0} added {SelectorManager@NetworkTrafficServerConnector@1c37fc0{HTTP/1.1, (http/1.1)}{0.0.0.0:0},MANAGED}
13:18:38.435 [Test worker] DEBUG org.eclipse.jetty.util.component.ContainerLifeCycle - Server@2b8946b9{STOPPED}[9.4.28.v20200408] added {NetworkTrafficServerConnector@1c37fc0{HTTP/1.1, (http/1.1)}{0.0.0.0:8080},AUTO}
13:18:38.435 [Test worker] DEBUG org.eclipse.jetty.util.component.ContainerLifeCycle - Server@2b8946b9{STOPPED}[9.4.28.v20200408] added {o.e.j.s.ServletContextHandler@2cd6911d{/__admin,null,UNAVAILABLE},MANAGED}
13:18:38.435 [Test worker] DEBUG org.eclipse.jetty.util.DecoratedObjectFactory - Adding Decorator: org.eclipse.jetty.util.DeprecationWarning@3671c638
13:18:38.436 [Test worker] DEBUG org.eclipse.jetty.util.component.ContainerLifeCycle - o.e.j.s.ServletContextHandler@2cd6911d{/__admin,null,UNAVAILABLE} added {ServletHandler@2493951c{STOPPED},MANAGED}
13:18:38.438 [Test worker] DEBUG org.eclipse.jetty.util.component.ContainerLifeCycle - Server@2b8946b9{STOPPED}[9.4.28.v20200408] added {o.e.j.s.ServletContextHandler@2611918a{/,null,UNAVAILABLE},MANAGED}
13:18:38.438 [Test worker] DEBUG org.eclipse.jetty.util.DecoratedObjectFactory - Adding Decorator: org.eclipse.jetty.util.DeprecationWarning@2eb1c81f
13:18:38.438 [Test worker] DEBUG org.eclipse.jetty.util.component.ContainerLifeCycle - o.e.j.s.ServletContextHandler@2611918a{/,null,UNAVAILABLE} added {ServletHandler@5c25e876{STOPPED},MANAGED}
13:18:38.438 [Test worker] DEBUG org.eclipse.jetty.util.component.ContainerLifeCycle - o.e.j.s.ServletContextHandler@2611918a{/,null,UNAVAILABLE} added {NotFoundHandler@63a7880{STOPPED},MANAGED}
13:18:38.439 [Test worker] DEBUG org.eclipse.jetty.util.component.ContainerLifeCycle - HandlerCollection@30cd5556{STOPPED} added {o.e.j.s.ServletContextHandler@2cd6911d{/__admin,null,UNAVAILABLE},AUTO}
13:18:38.440 [Test worker] DEBUG org.eclipse.jetty.http.pathmap.PathMappings - Added MappedResource[pathSpec=ServletPathSpec["*.svgz",pathDepth=0,group=SUFFIX_GLOB],resource=true] to PathMappings[size=1]
13:18:38.440 [Test worker] DEBUG org.eclipse.jetty.server.handler.gzip.GzipHandler - GzipHandler@3fde4138{STOPPED,min=32,inflate=-1} mime types IncludeExclude@4eba42dc{i=[],ip=CONTAINS,e=[image/ief, image/vnd.wap.wbmp, image/jpeg, application/bzip2, image/x-portable-graymap, application/brotli, image/bmp, image/gif, image/x-icon, audio/midi, video/x-msvideo, image/x-xbitmap, application/x-rar-compressed, image/x-portable-bitmap, image/x-rgb, image/x-cmu-raster, application/gzip, audio/x-wav, audio/x-pn-realaudio, audio/basic, application/compress, audio/x-aiff, video/x.ms.asx, video/x.ms.asf, image/png, video/vnd.rn-realvideo, image/x-xwindowdump, image/jpeg2000, video/x-sgi-movie, audio/mpeg, image/xcf, video/mpeg, image/x-portable-pixmap, image/tiff, image/x-portable-anymap, image/x-xpixmap, application/zip, video/quicktime, application/x-xz, video/mp4],ep=CONTAINS}
13:18:38.440 [Test worker] DEBUG org.eclipse.jetty.util.component.ContainerLifeCycle - GzipHandler@3fde4138{STOPPED,min=32,inflate=-1} added {o.e.j.s.ServletContextHandler@2611918a{/,null,UNAVAILABLE},MANAGED}
13:18:38.440 [Test worker] DEBUG org.eclipse.jetty.util.component.ContainerLifeCycle - HandlerCollection@30cd5556{STOPPED} added {GzipHandler@3fde4138{STOPPED,min=32,inflate=-1},AUTO}
13:18:38.440 [Test worker] DEBUG org.eclipse.jetty.util.component.ContainerLifeCycle - Server@2b8946b9{STOPPED}[9.4.28.v20200408] added {HandlerCollection@30cd5556{STOPPED},MANAGED}
13:18:38.441 [Test worker] DEBUG org.eclipse.jetty.util.component.AbstractLifeCycle - starting Server@2b8946b9{STOPPED}[9.4.28.v20200408]
13:18:38.441 [Test worker] DEBUG org.eclipse.jetty.util.component.ContainerLifeCycle - Server@2b8946b9{STARTING}[9.4.28.v20200408] added {ErrorHandler@1d779ad6{STOPPED},AUTO}
13:18:38.441 [Test worker] INFO org.eclipse.jetty.server.Server - jetty-9.4.28.v20200408; built: 2020-04-08T17:49:39.557Z; git: ab228fde9e55e9164c738d7fa121f8ac5acd51c9; jvm 11.0.2+9
13:18:38.441 [Test worker] DEBUG org.eclipse.jetty.server.handler.AbstractHandler - starting Server@2b8946b9{STARTING}[9.4.28.v20200408]
13:18:38.441 [Test worker] DEBUG org.eclipse.jetty.util.component.AbstractLifeCycle - starting QueuedThreadPool[qtp1306936337]@4de64411{STOPPED,8<=0<=14,i=0,r=-1,q=0}[NO_TRY]
13:18:38.441 [Test worker] DEBUG org.eclipse.jetty.util.thread.ReservedThreadExecutor - ReservedThreadExecutor@47ca1bcb{s=0/1,p=0}
13:18:38.441 [Test worker] DEBUG org.eclipse.jetty.util.component.ContainerLifeCycle - QueuedThreadPool[qtp1306936337]@4de64411{STARTING,8<=0<=14,i=0,r=-1,q=0}[ReservedThreadExecutor@47ca1bcb{s=0/1,p=0}] added {ReservedThreadExecutor@47ca1bcb{s=0/1,p=0},AUTO}
13:18:38.441 [Test worker] DEBUG org.eclipse.jetty.util.component.AbstractLifeCycle - starting ReservedThreadExecutor@47ca1bcb{s=0/1,p=0}
13:18:38.441 [Test worker] DEBUG org.eclipse.jetty.util.component.AbstractLifeCycle - STARTED @70001ms ReservedThreadExecutor@47ca1bcb{s=0/1,p=0}
13:18:38.441 [Test worker] DEBUG org.eclipse.jetty.util.thread.QueuedThreadPool - Starting Thread[qtp1306936337-73,5,main]
13:18:38.442 [Test worker] DEBUG org.eclipse.jetty.util.thread.QueuedThreadPool - Starting Thread[qtp1306936337-74,5,main]
13:18:38.442 [Test worker] DEBUG org.eclipse.jetty.util.thread.QueuedThreadPool - Starting Thread[qtp1306936337-75,5,main]
13:18:38.442 [Test worker] DEBUG org.eclipse.jetty.util.thread.QueuedThreadPool - Starting Thread[qtp1306936337-76,5,main]
13:18:38.442 [Test worker] DEBUG org.eclipse.jetty.util.thread.QueuedThreadPool - Starting Thread[qtp1306936337-77,5,main]
13:18:38.443 [Test worker] DEBUG org.eclipse.jetty.util.thread.QueuedThreadPool - Starting Thread[qtp1306936337-78,5,main]
13:18:38.443 [Test worker] DEBUG org.eclipse.jetty.util.thread.QueuedThreadPool - Starting Thread[qtp1306936337-79,5,main]
13:18:38.443 [Test worker] DEBUG org.eclipse.jetty.util.thread.QueuedThreadPool - Starting Thread[qtp1306936337-80,5,main]
13:18:38.443 [Test worker] DEBUG org.eclipse.jetty.util.component.AbstractLifeCycle - STARTED @70003ms QueuedThreadPool[qtp1306936337]@4de64411{STARTED,8<=8<=14,i=8,r=1,q=0}[ReservedThreadExecutor@47ca1bcb{s=0/1,p=0}]
13:18:38.443 [Test worker] DEBUG org.eclipse.jetty.util.component.AbstractLifeCycle - starting HandlerCollection@30cd5556{STOPPED}
13:18:38.443 [Test worker] DEBUG org.eclipse.jetty.server.handler.AbstractHandler - starting HandlerCollection@30cd5556{STARTING}
13:18:38.443 [Test worker] DEBUG org.eclipse.jetty.util.component.AbstractLifeCycle - starting o.e.j.s.ServletContextHandler@2cd6911d{/__admin,null,UNAVAILABLE}
13:18:38.444 [Test worker] DEBUG org.eclipse.jetty.server.handler.AbstractHandler - starting o.e.j.s.ServletContextHandler@2cd6911d{/__admin,null,STARTING}
13:18:38.444 [Test worker] DEBUG org.eclipse.jetty.util.component.AbstractLifeCycle - starting ServletHandler@2493951c{STOPPED}
13:18:38.444 [Test worker] DEBUG org.eclipse.jetty.servlet.ServletHandler - Path=/recorder/*[EMBEDDED:null] mapped to servlet=org.eclipse.jetty.servlet.DefaultServlet-781f532[EMBEDDED:null]
13:18:38.444 [Test worker] DEBUG org.eclipse.jetty.http.pathmap.PathMappings - Added MappedResource[pathSpec=ServletPathSpec["/recorder/*",pathDepth=2,group=PREFIX_GLOB],resource=org.eclipse.jetty.servlet.DefaultServlet-781f532@2306999f==org.eclipse.jetty.servlet.DefaultServlet,jsp=null,order=-1,inst=false,async=true] to PathMappings[size=1]
13:18:38.444 [Test worker] DEBUG org.eclipse.jetty.servlet.ServletHandler - Path=/swagger-ui/*[EMBEDDED:null] mapped to servlet=org.eclipse.jetty.servlet.DefaultServlet-1fc7c1ae[EMBEDDED:null]
13:18:38.444 [Test worker] DEBUG org.eclipse.jetty.http.pathmap.PathMappings - Added MappedResource[pathSpec=ServletPathSpec["/swagger-ui/*",pathDepth=2,group=PREFIX_GLOB],resource=org.eclipse.jetty.servlet.DefaultServlet-1fc7c1ae@a2b518ba==org.eclipse.jetty.servlet.DefaultServlet,jsp=null,order=-1,inst=false,async=true] to PathMappings[size=2]
13:18:38.444 [Test worker] DEBUG org.eclipse.jetty.servlet.ServletHandler - Path=/[EMBEDDED:null] mapped to servlet=com.github.tomakehurst.wiremock.servlet.WireMockHandlerDispatchingServlet-3f79a3fc[EMBEDDED:null]
13:18:38.444 [Test worker] DEBUG org.eclipse.jetty.http.pathmap.PathMappings - Added MappedResource[pathSpec=ServletPathSpec["/",pathDepth=-1,group=DEFAULT],resource=com.github.tomakehurst.wiremock.servlet.WireMockHandlerDispatchingServlet-3f79a3fc@852c2c32==com.github.tomakehurst.wiremock.servlet.WireMockHandlerDispatchingServlet,jsp=null,order=-1,inst=false,async=true] to PathMappings[size=3]
13:18:38.444 [Test worker] DEBUG org.eclipse.jetty.servlet.ServletHandler - filterNameMap={org.eclipse.jetty.servlets.CrossOriginFilter-77aea7a=org.eclipse.jetty.servlets.CrossOriginFilter-77aea7a@77aea7a==org.eclipse.jetty.servlets.CrossOriginFilter,inst=false,async=true}
13:18:38.444 [Test worker] DEBUG org.eclipse.jetty.servlet.ServletHandler - pathFilters=[[/*]/[]/[REQUEST]=>org.eclipse.jetty.servlets.CrossOriginFilter-77aea7a]
13:18:38.444 [Test worker] DEBUG org.eclipse.jetty.servlet.ServletHandler - servletFilterMap={}
13:18:38.444 [Test worker] DEBUG org.eclipse.jetty.servlet.ServletHandler - servletPathMap=PathMappings[size=3]
13:18:38.444 [Test worker] DEBUG org.eclipse.jetty.servlet.ServletHandler - servletNameMap={org.eclipse.jetty.servlet.DefaultServlet-781f532=org.eclipse.jetty.servlet.DefaultServlet-781f532@2306999f==org.eclipse.jetty.servlet.DefaultServlet,jsp=null,order=-1,inst=false,async=true, com.github.tomakehurst.wiremock.servlet.WireMockHandlerDispatchingServlet-3f79a3fc=com.github.tomakehurst.wiremock.servlet.WireMockHandlerDispatchingServlet-3f79a3fc@852c2c32==com.github.tomakehurst.wiremock.servlet.WireMockHandlerDispatchingServlet,jsp=null,order=-1,inst=false,async=true, org.eclipse.jetty.servlet.DefaultServlet-1fc7c1ae=org.eclipse.jetty.servlet.DefaultServlet-1fc7c1ae@a2b518ba==org.eclipse.jetty.servlet.DefaultServlet,jsp=null,order=-1,inst=false,async=true}
13:18:38.444 [Test worker] DEBUG org.eclipse.jetty.server.handler.AbstractHandler - starting ServletHandler@2493951c{STARTING}
13:18:38.444 [Test worker] DEBUG org.eclipse.jetty.util.component.AbstractLifeCycle - STARTED @70004ms ServletHandler@2493951c{STARTED}
13:18:38.444 [Test worker] DEBUG org.eclipse.jetty.util.component.AbstractLifeCycle - starting org.eclipse.jetty.servlets.CrossOriginFilter-77aea7a@77aea7a==org.eclipse.jetty.servlets.CrossOriginFilter,inst=false,async=true
13:18:38.444 [Test worker] DEBUG org.eclipse.jetty.util.component.AbstractLifeCycle - STARTED @70004ms org.eclipse.jetty.servlets.CrossOriginFilter-77aea7a@77aea7a==org.eclipse.jetty.servlets.CrossOriginFilter,inst=false,async=true
13:18:38.445 [Test worker] DEBUG org.eclipse.jetty.servlet.FilterHolder - Filter.init org.eclipse.jetty.servlets.CrossOriginFilter@228c5ffa
13:18:38.445 [Test worker] DEBUG org.eclipse.jetty.servlets.CrossOriginFilter - Cross-origin filter configuration: allowedOrigins = *, allowedTimingOrigins = null, allowedMethods = OPTIONS,GET,POST,PUT,PATCH,DELETE, allowedHeaders = *, preflightMaxAge = 1800, allowCredentials = true,exposedHeaders = ,chainPreflight = false
13:18:38.445 [Test worker] DEBUG org.eclipse.jetty.util.component.AbstractLifeCycle - starting com.github.tomakehurst.wiremock.servlet.WireMockHandlerDispatchingServlet-3f79a3fc@852c2c32==com.github.tomakehurst.wiremock.servlet.WireMockHandlerDispatchingServlet,jsp=null,order=-1,inst=false,async=true
13:18:38.445 [Test worker] DEBUG org.eclipse.jetty.util.component.AbstractLifeCycle - STARTED @70005ms com.github.tomakehurst.wiremock.servlet.WireMockHandlerDispatchingServlet-3f79a3fc@852c2c32==com.github.tomakehurst.wiremock.servlet.WireMockHandlerDispatchingServlet,jsp=null,order=-1,inst=false,async=true
13:18:38.445 [Test worker] DEBUG org.eclipse.jetty.util.component.AbstractLifeCycle - starting org.eclipse.jetty.servlet.DefaultServlet-1fc7c1ae@a2b518ba==org.eclipse.jetty.servlet.DefaultServlet,jsp=null,order=-1,inst=false,async=true
13:18:38.445 [Test worker] DEBUG org.eclipse.jetty.util.component.AbstractLifeCycle - STARTED @70005ms org.eclipse.jetty.servlet.DefaultServlet-1fc7c1ae@a2b518ba==org.eclipse.jetty.servlet.DefaultServlet,jsp=null,order=-1,inst=false,async=true
13:18:38.445 [Test worker] DEBUG org.eclipse.jetty.util.component.AbstractLifeCycle - starting org.eclipse.jetty.servlet.DefaultServlet-781f532@2306999f==org.eclipse.jetty.servlet.DefaultServlet,jsp=null,order=-1,inst=false,async=true
13:18:38.445 [Test worker] DEBUG org.eclipse.jetty.util.component.AbstractLifeCycle - STARTED @70005ms org.eclipse.jetty.servlet.DefaultServlet-781f532@2306999f==org.eclipse.jetty.servlet.DefaultServlet,jsp=null,order=-1,inst=false,async=true
13:18:38.445 [Test worker] INFO org.eclipse.jetty.server.handler.ContextHandler - Started o.e.j.s.ServletContextHandler@2cd6911d{/__admin,null,AVAILABLE}
13:18:38.445 [Test worker] DEBUG org.eclipse.jetty.util.component.AbstractLifeCycle - STARTED @70005ms o.e.j.s.ServletContextHandler@2cd6911d{/__admin,null,AVAILABLE}
13:18:38.445 [Test worker] DEBUG org.eclipse.jetty.util.component.AbstractLifeCycle - starting GzipHandler@3fde4138{STOPPED,min=32,inflate=-1}
13:18:38.445 [Test worker] DEBUG org.eclipse.jetty.server.handler.AbstractHandler - starting GzipHandler@3fde4138{STARTING,min=32,inflate=-1}
13:18:38.445 [Test worker] DEBUG org.eclipse.jetty.util.component.AbstractLifeCycle - starting o.e.j.s.ServletContextHandler@2611918a{/,null,UNAVAILABLE}
13:18:38.445 [Test worker] DEBUG org.eclipse.jetty.server.handler.AbstractHandler - starting o.e.j.s.ServletContextHandler@2611918a{/,null,STARTING}
13:18:38.445 [Test worker] DEBUG org.eclipse.jetty.util.component.AbstractLifeCycle - starting ServletHandler@5c25e876{STOPPED}
13:18:38.445 [Test worker] DEBUG org.eclipse.jetty.servlet.ServletHandler - Path=/__files/*[EMBEDDED:null] mapped to servlet=org.eclipse.jetty.servlet.DefaultServlet-cdce0b2[EMBEDDED:null]
13:18:38.446 [Test worker] DEBUG org.eclipse.jetty.http.pathmap.PathMappings - Added MappedResource[pathSpec=ServletPathSpec["/__files/*",pathDepth=2,group=PREFIX_GLOB],resource=org.eclipse.jetty.servlet.DefaultServlet-cdce0b2@886e19de==org.eclipse.jetty.servlet.DefaultServlet,jsp=null,order=-1,inst=false,async=true] to PathMappings[size=1]
13:18:38.446 [Test worker] DEBUG org.eclipse.jetty.servlet.ServletHandler - Path=/[EMBEDDED:null] mapped to servlet=com.github.tomakehurst.wiremock.servlet.WireMockHandlerDispatchingServlet-266bbd62[EMBEDDED:null]
13:18:38.446 [Test worker] DEBUG org.eclipse.jetty.http.pathmap.PathMappings - Added MappedResource[pathSpec=ServletPathSpec["/",pathDepth=-1,group=DEFAULT],resource=com.github.tomakehurst.wiremock.servlet.WireMockHandlerDispatchingServlet-266bbd62@32adf47c==com.github.tomakehurst.wiremock.servlet.WireMockHandlerDispatchingServlet,jsp=null,order=-1,inst=false,async=true] to PathMappings[size=2]
13:18:38.446 [Test worker] DEBUG org.eclipse.jetty.servlet.ServletHandler - filterNameMap={com.github.tomakehurst.wiremock.servlet.ContentTypeSettingFilter-75af5669=com.github.tomakehurst.wiremock.servlet.ContentTypeSettingFilter-75af5669@75af5669==com.github.tomakehurst.wiremock.servlet.ContentTypeSettingFilter,inst=false,async=true, org.eclipse.jetty.servlets.CrossOriginFilter-6566cf02=org.eclipse.jetty.servlets.CrossOriginFilter-6566cf02@6566cf02==org.eclipse.jetty.servlets.CrossOriginFilter,inst=false,async=true, com.github.tomakehurst.wiremock.servlet.TrailingSlashFilter-1e9df11e=com.github.tomakehurst.wiremock.servlet.TrailingSlashFilter-1e9df11e@1e9df11e==com.github.tomakehurst.wiremock.servlet.TrailingSlashFilter,inst=false,async=true}
13:18:38.446 [Test worker] DEBUG org.eclipse.jetty.servlet.ServletHandler - pathFilters=[[/__files/*]/[]/[FORWARD]=>com.github.tomakehurst.wiremock.servlet.ContentTypeSettingFilter-75af5669, [/__files/*]/[]/[FORWARD, ERROR, INCLUDE, REQUEST, ASYNC]=>com.github.tomakehurst.wiremock.servlet.TrailingSlashFilter-1e9df11e, [/*]/[]/[REQUEST]=>org.eclipse.jetty.servlets.CrossOriginFilter-6566cf02]
13:18:38.446 [Test worker] DEBUG org.eclipse.jetty.servlet.ServletHandler - servletFilterMap={}
13:18:38.446 [Test worker] DEBUG org.eclipse.jetty.servlet.ServletHandler - servletPathMap=PathMappings[size=2]
13:18:38.446 [Test worker] DEBUG org.eclipse.jetty.servlet.ServletHandler - servletNameMap={org.eclipse.jetty.servlet.DefaultServlet-cdce0b2=org.eclipse.jetty.servlet.DefaultServlet-cdce0b2@886e19de==org.eclipse.jetty.servlet.DefaultServlet,jsp=null,order=-1,inst=false,async=true, com.github.tomakehurst.wiremock.servlet.WireMockHandlerDispatchingServlet-266bbd62=com.github.tomakehurst.wiremock.servlet.WireMockHandlerDispatchingServlet-266bbd62@32adf47c==com.github.tomakehurst.wiremock.servlet.WireMockHandlerDispatchingServlet,jsp=null,order=-1,inst=false,async=true}
13:18:38.446 [Test worker] DEBUG org.eclipse.jetty.server.handler.AbstractHandler - starting ServletHandler@5c25e876{STARTING}
13:18:38.446 [Test worker] DEBUG org.eclipse.jetty.util.component.AbstractLifeCycle - STARTED @70006ms ServletHandler@5c25e876{STARTED}
13:18:38.446 [Test worker] DEBUG org.eclipse.jetty.util.component.AbstractLifeCycle - starting NotFoundHandler@63a7880{STOPPED}
13:18:38.446 [Test worker] DEBUG org.eclipse.jetty.server.handler.AbstractHandler - starting NotFoundHandler@63a7880{STARTING}
13:18:38.446 [Test worker] DEBUG org.eclipse.jetty.util.component.AbstractLifeCycle - STARTED @70006ms NotFoundHandler@63a7880{STARTED}
13:18:38.446 [Test worker] DEBUG org.eclipse.jetty.util.component.AbstractLifeCycle - starting com.github.tomakehurst.wiremock.servlet.ContentTypeSettingFilter-75af5669@75af5669==com.github.tomakehurst.wiremock.servlet.ContentTypeSettingFilter,inst=false,async=true
13:18:38.446 [Test worker] DEBUG org.eclipse.jetty.util.component.AbstractLifeCycle - STARTED @70006ms com.github.tomakehurst.wiremock.servlet.ContentTypeSettingFilter-75af5669@75af5669==com.github.tomakehurst.wiremock.servlet.ContentTypeSettingFilter,inst=false,async=true
13:18:38.446 [Test worker] DEBUG org.eclipse.jetty.servlet.FilterHolder - Filter.init com.github.tomakehurst.wiremock.servlet.ContentTypeSettingFilter@2d1ed350
13:18:38.446 [Test worker] DEBUG org.eclipse.jetty.util.component.AbstractLifeCycle - starting com.github.tomakehurst.wiremock.servlet.TrailingSlashFilter-1e9df11e@1e9df11e==com.github.tomakehurst.wiremock.servlet.TrailingSlashFilter,inst=false,async=true
13:18:38.446 [Test worker] DEBUG org.eclipse.jetty.util.component.AbstractLifeCycle - STARTED @70006ms com.github.tomakehurst.wiremock.servlet.TrailingSlashFilter-1e9df11e@1e9df11e==com.github.tomakehurst.wiremock.servlet.TrailingSlashFilter,inst=false,async=true
13:18:38.446 [Test worker] DEBUG org.eclipse.jetty.servlet.FilterHolder - Filter.init com.github.tomakehurst.wiremock.servlet.TrailingSlashFilter@791bc26a
13:18:38.446 [Test worker] DEBUG org.eclipse.jetty.util.component.AbstractLifeCycle - starting org.eclipse.jetty.servlets.CrossOriginFilter-6566cf02@6566cf02==org.eclipse.jetty.servlets.CrossOriginFilter,inst=false,async=true
13:18:38.446 [Test worker] DEBUG org.eclipse.jetty.util.component.AbstractLifeCycle - STARTED @70006ms org.eclipse.jetty.servlets.CrossOriginFilter-6566cf02@6566cf02==org.eclipse.jetty.servlets.CrossOriginFilter,inst=false,async=true
13:18:38.446 [Test worker] DEBUG org.eclipse.jetty.servlet.FilterHolder - Filter.init org.eclipse.jetty.servlets.CrossOriginFilter@5453a281
13:18:38.447 [Test worker] DEBUG org.eclipse.jetty.servlets.CrossOriginFilter - Cross-origin filter configuration: allowedOrigins = *, allowedTimingOrigins = null, allowedMethods = OPTIONS,GET,POST,PUT,PATCH,DELETE, allowedHeaders = *, preflightMaxAge = 1800, allowCredentials = true,exposedHeaders = ,chainPreflight = false
13:18:38.447 [Test worker] DEBUG org.eclipse.jetty.util.component.AbstractLifeCycle - starting com.github.tomakehurst.wiremock.servlet.WireMockHandlerDispatchingServlet-266bbd62@32adf47c==com.github.tomakehurst.wiremock.servlet.WireMockHandlerDispatchingServlet,jsp=null,order=-1,inst=false,async=true
13:18:38.447 [Test worker] DEBUG org.eclipse.jetty.util.component.AbstractLifeCycle - STARTED @70007ms com.github.tomakehurst.wiremock.servlet.WireMockHandlerDispatchingServlet-266bbd62@32adf47c==com.github.tomakehurst.wiremock.servlet.WireMockHandlerDispatchingServlet,jsp=null,order=-1,inst=false,async=true
13:18:38.447 [Test worker] DEBUG org.eclipse.jetty.util.component.AbstractLifeCycle - starting org.eclipse.jetty.servlet.DefaultServlet-cdce0b2@886e19de==org.eclipse.jetty.servlet.DefaultServlet,jsp=null,order=-1,inst=false,async=true
13:18:38.447 [Test worker] DEBUG org.eclipse.jetty.util.component.AbstractLifeCycle - STARTED @70007ms org.eclipse.jetty.servlet.DefaultServlet-cdce0b2@886e19de==org.eclipse.jetty.servlet.DefaultServlet,jsp=null,order=-1,inst=false,async=true
13:18:38.447 [Test worker] INFO org.eclipse.jetty.server.handler.ContextHandler - Started o.e.j.s.ServletContextHandler@2611918a{/,null,AVAILABLE}
13:18:38.447 [Test worker] DEBUG org.eclipse.jetty.util.component.AbstractLifeCycle - STARTED @70007ms o.e.j.s.ServletContextHandler@2611918a{/,null,AVAILABLE}
13:18:38.447 [Test worker] DEBUG org.eclipse.jetty.util.component.AbstractLifeCycle - STARTED @70007ms GzipHandler@3fde4138{STARTED,min=32,inflate=-1}
13:18:38.447 [Test worker] DEBUG org.eclipse.jetty.util.component.AbstractLifeCycle - STARTED @70007ms HandlerCollection@30cd5556{STARTED}
13:18:38.447 [Test worker] DEBUG org.eclipse.jetty.util.component.AbstractLifeCycle - starting ErrorHandler@1d779ad6{STOPPED}
13:18:38.447 [Test worker] DEBUG org.eclipse.jetty.server.handler.AbstractHandler - starting ErrorHandler@1d779ad6{STARTING}
13:18:38.447 [Test worker] DEBUG org.eclipse.jetty.util.component.AbstractLifeCycle - STARTED @70007ms ErrorHandler@1d779ad6{STARTED}
13:18:38.447 [Test worker] DEBUG org.eclipse.jetty.util.component.AbstractLifeCycle - starting NetworkTrafficServerConnector@1c37fc0{HTTP/1.1, (http/1.1)}{0.0.0.0:8080}
13:18:38.448 [Test worker] DEBUG org.eclipse.jetty.util.component.ContainerLifeCycle - NetworkTrafficServerConnector@1c37fc0{HTTP/1.1, (http/1.1)}{0.0.0.0:8080} added {sun.nio.ch.ServerSocketChannelImpl[/0:0:0:0:0:0:0:0:8080],POJO}
13:18:38.448 [Test worker] DEBUG org.eclipse.jetty.util.component.AbstractLifeCycle - starting ScheduledExecutorScheduler@609e5dcf{STOPPED}
13:18:38.448 [Test worker] DEBUG org.eclipse.jetty.util.component.AbstractLifeCycle - STARTED @70008ms ScheduledExecutorScheduler@609e5dcf{STARTED}
13:18:38.448 [Test worker] DEBUG org.eclipse.jetty.util.component.AbstractLifeCycle - starting HttpConnectionFactory@3b9b467d[HTTP/1.1]
13:18:38.448 [Test worker] DEBUG org.eclipse.jetty.util.component.AbstractLifeCycle - STARTED @70008ms HttpConnectionFactory@3b9b467d[HTTP/1.1]
13:18:38.448 [Test worker] DEBUG org.eclipse.jetty.util.component.AbstractLifeCycle - starting SelectorManager@NetworkTrafficServerConnector@1c37fc0{HTTP/1.1, (http/1.1)}{0.0.0.0:8080}
13:18:38.449 [Test worker] DEBUG org.eclipse.jetty.util.component.ContainerLifeCycle - EatWhatYouKill@14e0447e/SelectorProducer@4fbf91e1/IDLE/p=false/QueuedThreadPool[qtp1306936337]@4de64411{STARTED,8<=8<=14,i=8,r=1,q=0}[ReservedThreadExecutor@47ca1bcb{s=0/1,p=0}][pc=0,pic=0,pec=0,epc=0]@2020-09-25T13:18:38.4495035+02:00 added {SelectorProducer@4fbf91e1,POJO}
13:18:38.449 [Test worker] DEBUG org.eclipse.jetty.util.component.ContainerLifeCycle - EatWhatYouKill@14e0447e/SelectorProducer@4fbf91e1/IDLE/p=false/QueuedThreadPool[qtp1306936337]@4de64411{STARTED,8<=8<=14,i=8,r=1,q=0}[ReservedThreadExecutor@47ca1bcb{s=0/1,p=0}][pc=0,pic=0,pec=0,epc=0]@2020-09-25T13:18:38.4495035+02:00 added {QueuedThreadPool[qtp1306936337]@4de64411{STARTED,8<=8<=14,i=8,r=1,q=0}[ReservedThreadExecutor@47ca1bcb{s=0/1,p=0}],UNMANAGED}
13:18:38.449 [Test worker] DEBUG org.eclipse.jetty.util.thread.strategy.EatWhatYouKill - EatWhatYouKill@14e0447e/SelectorProducer@4fbf91e1/IDLE/p=false/QueuedThreadPool[qtp1306936337]@4de64411{STARTED,8<=8<=14,i=8,r=1,q=0}[ReservedThreadExecutor@47ca1bcb{s=0/1,p=0}][pc=0,pic=0,pec=0,epc=0]@2020-09-25T13:18:38.4495035+02:00 created
13:18:38.449 [Test worker] DEBUG org.eclipse.jetty.util.component.ContainerLifeCycle - ManagedSelector@689012ee{STOPPED} id=0 keys=-1 selected=-1 updates=0 added {EatWhatYouKill@14e0447e/SelectorProducer@4fbf91e1/IDLE/p=false/QueuedThreadPool[qtp1306936337]@4de64411{STARTED,8<=8<=14,i=8,r=1,q=0}[ReservedThreadExecutor@47ca1bcb{s=0/1,p=0}][pc=0,pic=0,pec=0,epc=0]@2020-09-25T13:18:38.4495035+02:00,MANAGED}
13:18:38.449 [Test worker] DEBUG org.eclipse.jetty.util.component.ContainerLifeCycle - SelectorManager@NetworkTrafficServerConnector@1c37fc0{HTTP/1.1, (http/1.1)}{0.0.0.0:8080} added {ManagedSelector@689012ee{STOPPED} id=0 keys=-1 selected=-1 updates=0,AUTO}
13:18:38.450 [Test worker] DEBUG org.eclipse.jetty.util.component.ContainerLifeCycle - EatWhatYouKill@219ee2d7/SelectorProducer@374b812e/IDLE/p=false/QueuedThreadPool[qtp1306936337]@4de64411{STARTED,8<=8<=14,i=8,r=1,q=0}[ReservedThreadExecutor@47ca1bcb{s=0/1,p=0}][pc=0,pic=0,pec=0,epc=0]@2020-09-25T13:18:38.4505047+02:00 added {SelectorProducer@374b812e,POJO}
13:18:38.450 [Test worker] DEBUG org.eclipse.jetty.util.component.ContainerLifeCycle - EatWhatYouKill@219ee2d7/SelectorProducer@374b812e/IDLE/p=false/QueuedThreadPool[qtp1306936337]@4de64411{STARTED,8<=8<=14,i=8,r=1,q=0}[ReservedThreadExecutor@47ca1bcb{s=0/1,p=0}][pc=0,pic=0,pec=0,epc=0]@2020-09-25T13:18:38.4505047+02:00 added {QueuedThreadPool[qtp1306936337]@4de64411{STARTED,8<=8<=14,i=8,r=1,q=0}[ReservedThreadExecutor@47ca1bcb{s=0/1,p=0}],UNMANAGED}
13:18:38.450 [Test worker] DEBUG org.eclipse.jetty.util.thread.strategy.EatWhatYouKill - EatWhatYouKill@219ee2d7/SelectorProducer@374b812e/IDLE/p=false/QueuedThreadPool[qtp1306936337]@4de64411{STARTED,8<=8<=14,i=8,r=1,q=0}[ReservedThreadExecutor@47ca1bcb{s=0/1,p=0}][pc=0,pic=0,pec=0,epc=0]@2020-09-25T13:18:38.4505047+02:00 created
13:18:38.451 [Test worker] DEBUG org.eclipse.jetty.util.component.ContainerLifeCycle - ManagedSelector@4483ebf{STOPPED} id=1 keys=-1 selected=-1 updates=0 added {EatWhatYouKill@219ee2d7/SelectorProducer@374b812e/IDLE/p=false/QueuedThreadPool[qtp1306936337]@4de64411{STARTED,8<=8<=14,i=8,r=1,q=0}[ReservedThreadExecutor@47ca1bcb{s=0/1,p=0}][pc=0,pic=0,pec=0,epc=0]@2020-09-25T13:18:38.4505047+02:00,MANAGED}
13:18:38.451 [Test worker] DEBUG org.eclipse.jetty.util.component.ContainerLifeCycle - SelectorManager@NetworkTrafficServerConnector@1c37fc0{HTTP/1.1, (http/1.1)}{0.0.0.0:8080} added {ManagedSelector@4483ebf{STOPPED} id=1 keys=-1 selected=-1 updates=0,AUTO}
13:18:38.451 [Test worker] DEBUG org.eclipse.jetty.util.component.AbstractLifeCycle - starting ManagedSelector@689012ee{STOPPED} id=0 keys=-1 selected=-1 updates=0
13:18:38.451 [Test worker] DEBUG org.eclipse.jetty.util.component.AbstractLifeCycle - starting EatWhatYouKill@14e0447e/SelectorProducer@4fbf91e1/IDLE/p=false/QueuedThreadPool[qtp1306936337]@4de64411{STARTED,8<=8<=14,i=8,r=1,q=0}[ReservedThreadExecutor@47ca1bcb{s=0/1,p=0}][pc=0,pic=0,pec=0,epc=0]@2020-09-25T13:18:38.4515009+02:00
13:18:38.451 [Test worker] DEBUG org.eclipse.jetty.util.component.AbstractLifeCycle - STARTED @70011ms EatWhatYouKill@14e0447e/SelectorProducer@4fbf91e1/IDLE/p=false/QueuedThreadPool[qtp1306936337]@4de64411{STARTED,8<=8<=14,i=8,r=1,q=0}[ReservedThreadExecutor@47ca1bcb{s=0/1,p=0}][pc=0,pic=0,pec=0,epc=0]@2020-09-25T13:18:38.4515009+02:00
13:18:38.453 [Test worker] DEBUG org.eclipse.jetty.util.thread.QueuedThreadPool - queue org.eclipse.jetty.io.ManagedSelector$$Lambda$425/0x00000001005fc040@6c274bba startThread=0
13:18:38.454 [Test worker] DEBUG org.eclipse.jetty.io.ManagedSelector - Queued change org.eclipse.jetty.io.ManagedSelector$Start@3af984b3 on ManagedSelector@689012ee{STARTING} id=0 keys=0 selected=0 updates=0
13:18:38.588 [qtp1306936337-73] DEBUG org.eclipse.jetty.util.thread.QueuedThreadPool - Runner started for QueuedThreadPool[qtp1306936337]@4de64411{STARTED,8<=8<=14,i=7,r=1,q=0}[ReservedThreadExecutor@47ca1bcb{s=0/1,p=0}]
13:18:38.588 [qtp1306936337-73] DEBUG org.eclipse.jetty.util.thread.QueuedThreadPool - run org.eclipse.jetty.io.ManagedSelector$$Lambda$425/0x00000001005fc040@6c274bba in QueuedThreadPool[qtp1306936337]@4de64411{STARTED,8<=8<=14,i=7,r=1,q=0}[ReservedThreadExecutor@47ca1bcb{s=0/1,p=0}]
13:18:38.589 [qtp1306936337-73] DEBUG org.eclipse.jetty.util.thread.strategy.EatWhatYouKill - EatWhatYouKill@14e0447e/SelectorProducer@4fbf91e1/IDLE/p=false/QueuedThreadPool[qtp1306936337]@4de64411{STARTED,8<=8<=14,i=7,r=1,q=0}[ReservedThreadExecutor@47ca1bcb{s=0/1,p=0}][pc=0,pic=0,pec=0,epc=0]@2020-09-25T13:18:38.5894894+02:00 tryProduce false
13:18:38.589 [qtp1306936337-73] DEBUG org.eclipse.jetty.io.ManagedSelector - updateable 1
13:18:38.589 [qtp1306936337-73] DEBUG org.eclipse.jetty.io.ManagedSelector - update org.eclipse.jetty.io.ManagedSelector$Start@3af984b3
13:18:38.590 [Test worker] DEBUG org.eclipse.jetty.util.component.AbstractLifeCycle - STARTED @70150ms ManagedSelector@689012ee{STARTED} id=0 keys=0 selected=0 updates=0
13:18:38.590 [Test worker] DEBUG org.eclipse.jetty.util.component.AbstractLifeCycle - starting ManagedSelector@4483ebf{STOPPED} id=1 keys=-1 selected=-1 updates=0
13:18:38.590 [Test worker] DEBUG org.eclipse.jetty.util.component.AbstractLifeCycle - starting EatWhatYouKill@219ee2d7/SelectorProducer@374b812e/IDLE/p=false/QueuedThreadPool[qtp1306936337]@4de64411{STARTED,8<=8<=14,i=7,r=1,q=0}[ReservedThreadExecutor@47ca1bcb{s=0/1,p=0}][pc=0,pic=0,pec=0,epc=0]@2020-09-25T13:18:38.5904791+02:00
13:18:38.590 [Test worker] DEBUG org.eclipse.jetty.util.component.AbstractLifeCycle - STARTED @70150ms EatWhatYouKill@219ee2d7/SelectorProducer@374b812e/IDLE/p=false/QueuedThreadPool[qtp1306936337]@4de64411{STARTED,8<=8<=14,i=7,r=1,q=0}[ReservedThreadExecutor@47ca1bcb{s=0/1,p=0}][pc=0,pic=0,pec=0,epc=0]@2020-09-25T13:18:38.5904791+02:00
13:18:38.591 [qtp1306936337-73] DEBUG org.eclipse.jetty.io.ManagedSelector - updates 0
13:18:38.591 [qtp1306936337-73] DEBUG org.eclipse.jetty.io.ManagedSelector - Selector sun.nio.ch.WindowsSelectorImpl@1e8618d6 waiting with 0 keys
13:18:38.592 [Test worker] DEBUG org.eclipse.jetty.util.thread.QueuedThreadPool - queue org.eclipse.jetty.io.ManagedSelector$$Lambda$425/0x00000001005fc040@51502033 startThread=0
13:18:38.592 [Test worker] DEBUG org.eclipse.jetty.io.ManagedSelector - Queued change org.eclipse.jetty.io.ManagedSelector$Start@14285160 on ManagedSelector@4483ebf{STARTING} id=1 keys=0 selected=0 updates=0
13:18:38.600 [qtp1306936337-74] DEBUG org.eclipse.jetty.util.thread.QueuedThreadPool - Runner started for QueuedThreadPool[qtp1306936337]@4de64411{STARTED,8<=8<=14,i=6,r=1,q=0}[ReservedThreadExecutor@47ca1bcb{s=0/1,p=0}]
13:18:38.601 [qtp1306936337-74] DEBUG org.eclipse.jetty.util.thread.QueuedThreadPool - run org.eclipse.jetty.io.ManagedSelector$$Lambda$425/0x00000001005fc040@51502033 in QueuedThreadPool[qtp1306936337]@4de64411{STARTED,8<=8<=14,i=6,r=1,q=0}[ReservedThreadExecutor@47ca1bcb{s=0/1,p=0}]
13:18:38.601 [qtp1306936337-74] DEBUG org.eclipse.jetty.util.thread.strategy.EatWhatYouKill - EatWhatYouKill@219ee2d7/SelectorProducer@374b812e/IDLE/p=false/QueuedThreadPool[qtp1306936337]@4de64411{STARTED,8<=8<=14,i=6,r=1,q=0}[ReservedThreadExecutor@47ca1bcb{s=0/1,p=0}][pc=0,pic=0,pec=0,epc=0]@2020-09-25T13:18:38.6014882+02:00 tryProduce false
13:18:38.601 [qtp1306936337-74] DEBUG org.eclipse.jetty.io.ManagedSelector - updateable 1
13:18:38.601 [qtp1306936337-74] DEBUG org.eclipse.jetty.io.ManagedSelector - update org.eclipse.jetty.io.ManagedSelector$Start@14285160
13:18:38.601 [Test worker] DEBUG org.eclipse.jetty.util.component.AbstractLifeCycle - STARTED @70161ms ManagedSelector@4483ebf{STARTED} id=1 keys=0 selected=0 updates=0
13:18:38.601 [Test worker] DEBUG org.eclipse.jetty.util.component.AbstractLifeCycle - STARTED @70161ms SelectorManager@NetworkTrafficServerConnector@1c37fc0{HTTP/1.1, (http/1.1)}{0.0.0.0:8080}
13:18:38.601 [Test worker] DEBUG org.eclipse.jetty.util.component.ContainerLifeCycle - NetworkTrafficServerConnector@1c37fc0{HTTP/1.1, (http/1.1)}{0.0.0.0:8080} added {acceptor-0@4284a2c4,POJO}
13:18:38.601 [Test worker] DEBUG org.eclipse.jetty.util.thread.QueuedThreadPool - queue acceptor-0@4284a2c4 startThread=0
13:18:38.602 [Test worker] DEBUG org.eclipse.jetty.util.component.ContainerLifeCycle - NetworkTrafficServerConnector@1c37fc0{HTTP/1.1, (http/1.1)}{0.0.0.0:8080} added {acceptor-1@342e6a3b,POJO}
13:18:38.602 [Test worker] DEBUG org.eclipse.jetty.util.thread.QueuedThreadPool - queue acceptor-1@342e6a3b startThread=0
13:18:38.602 [Test worker] DEBUG org.eclipse.jetty.util.component.ContainerLifeCycle - NetworkTrafficServerConnector@1c37fc0{HTTP/1.1, (http/1.1)}{0.0.0.0:8080} added {acceptor-2@64af8535,POJO}
13:18:38.602 [Test worker] DEBUG org.eclipse.jetty.util.thread.QueuedThreadPool - queue acceptor-2@64af8535 startThread=0
13:18:38.602 [Test worker] INFO org.eclipse.jetty.server.AbstractConnector - Started NetworkTrafficServerConnector@1c37fc0{HTTP/1.1, (http/1.1)}{0.0.0.0:8080}
13:18:38.602 [Test worker] DEBUG org.eclipse.jetty.util.component.AbstractLifeCycle - STARTED @70162ms NetworkTrafficServerConnector@1c37fc0{HTTP/1.1, (http/1.1)}{0.0.0.0:8080}
13:18:38.602 [Test worker] INFO org.eclipse.jetty.server.Server - Started @70162ms
13:18:38.602 [Test worker] DEBUG org.eclipse.jetty.util.component.AbstractLifeCycle - STARTED @70162ms Server@2b8946b9{STARTED}[9.4.28.v20200408]
13:18:38.605 [qtp1306936337-74] DEBUG org.eclipse.jetty.io.ManagedSelector - updates 0
13:18:38.605 [qtp1306936337-74] DEBUG org.eclipse.jetty.io.ManagedSelector - Selector sun.nio.ch.WindowsSelectorImpl@23943410 waiting with 0 keys
13:18:38.613 [Test worker] DEBUG org.apache.http.impl.conn.PoolingHttpClientConnectionManager - Connection request: [route: {}->http://localhost:8080][total available: 1; route allocated: 1 of 5; total allocated: 1 of 50]
13:18:38.614 [Test worker] DEBUG org.apache.http.wire - http-outgoing-3 << "end of stream"
13:18:38.614 [Test worker] DEBUG org.apache.http.impl.conn.DefaultManagedHttpClientConnection - http-outgoing-3: Close connection
13:18:38.614 [Test worker] DEBUG org.apache.http.impl.conn.PoolingHttpClientConnectionManager - Connection leased: [id: 4][route: {}->http://localhost:8080][total available: 0; route allocated: 1 of 5; total allocated: 1 of 50]
13:18:38.614 [Test worker] DEBUG org.apache.http.impl.execchain.MainClientExec - Opening connection {}->http://localhost:8080
13:18:38.615 [Test worker] DEBUG org.apache.http.impl.conn.DefaultHttpClientConnectionOperator - Connecting to localhost/127.0.0.1:8080
13:18:38.616 [Test worker] DEBUG org.apache.http.impl.conn.DefaultHttpClientConnectionOperator - Connection established 127.0.0.1:65003<->127.0.0.1:8080
13:18:38.616 [Test worker] DEBUG org.apache.http.impl.execchain.MainClientExec - Executing request POST /__admin/mappings HTTP/1.1
13:18:38.616 [Test worker] DEBUG org.apache.http.impl.execchain.MainClientExec - Target auth state: UNCHALLENGED
13:18:38.616 [Test worker] DEBUG org.apache.http.impl.execchain.MainClientExec - Proxy auth state: UNCHALLENGED
13:18:38.616 [Test worker] DEBUG org.apache.http.headers - http-outgoing-4 >> POST /__admin/mappings HTTP/1.1
13:18:38.616 [Test worker] DEBUG org.apache.http.headers - http-outgoing-4 >> Content-Length: 330
13:18:38.616 [Test worker] DEBUG org.apache.http.headers - http-outgoing-4 >> Content-Type: text/plain; charset=UTF-8
13:18:38.616 [Test worker] DEBUG org.apache.http.headers - http-outgoing-4 >> Host: localhost:8080
13:18:38.616 [Test worker] DEBUG org.apache.http.headers - http-outgoing-4 >> Connection: Keep-Alive
13:18:38.616 [Test worker] DEBUG org.apache.http.headers - http-outgoing-4 >> User-Agent: Apache-HttpClient/4.5.12 (Java/11.0.2)
13:18:38.617 [Test worker] DEBUG org.apache.http.wire - http-outgoing-4 >> "POST /__admin/mappings HTTP/1.1[\r][\n]"
13:18:38.617 [Test worker] DEBUG org.apache.http.wire - http-outgoing-4 >> "Content-Length: 330[\r][\n]"
13:18:38.617 [Test worker] DEBUG org.apache.http.wire - http-outgoing-4 >> "Content-Type: text/plain; charset=UTF-8[\r][\n]"
13:18:38.617 [Test worker] DEBUG org.apache.http.wire - http-outgoing-4 >> "Host: localhost:8080[\r][\n]"
13:18:38.617 [Test worker] DEBUG org.apache.http.wire - http-outgoing-4 >> "Connection: Keep-Alive[\r][\n]"
13:18:38.617 [Test worker] DEBUG org.apache.http.wire - http-outgoing-4 >> "User-Agent: Apache-HttpClient/4.5.12 (Java/11.0.2)[\r][\n]"
13:18:38.617 [Test worker] DEBUG org.apache.http.wire - http-outgoing-4 >> "[\r][\n]"
13:18:38.617 [Test worker] DEBUG org.apache.http.wire - http-outgoing-4 >> "{[\r][\n]"
13:18:38.617 [Test worker] DEBUG org.apache.http.wire - http-outgoing-4 >> "  "id" : "3b014af9-4de1-41a9-b4d6-3dd60deee9e3",[\r][\n]"
13:18:38.617 [Test worker] DEBUG org.apache.http.wire - http-outgoing-4 >> "  "request" : {[\r][\n]"
13:18:38.617 [Test worker] DEBUG org.apache.http.wire - http-outgoing-4 >> "    "url" : "/api/v0/components/products/63d3bec5-12c6-457b-b612-526e69cd65b7/questions/hidden",[\r][\n]"
13:18:38.617 [Test worker] DEBUG org.apache.http.wire - http-outgoing-4 >> "    "method" : "GET"[\r][\n]"
13:18:38.617 [Test worker] DEBUG org.apache.http.wire - http-outgoing-4 >> "  },[\r][\n]"
13:18:38.617 [Test worker] DEBUG org.apache.http.wire - http-outgoing-4 >> "  "response" : {[\r][\n]"
13:18:38.617 [Test worker] DEBUG org.apache.http.wire - http-outgoing-4 >> "    "status" : 200,[\r][\n]"
13:18:38.617 [Test worker] DEBUG org.apache.http.wire - http-outgoing-4 >> "    "fixedDelayMilliseconds" : 2100[\r][\n]"
13:18:38.617 [Test worker] DEBUG org.apache.http.wire - http-outgoing-4 >> "  },[\r][\n]"
13:18:38.617 [Test worker] DEBUG org.apache.http.wire - http-outgoing-4 >> "  "uuid" : "3b014af9-4de1-41a9-b4d6-3dd60deee9e3"[\r][\n]"
13:18:38.617 [Test worker] DEBUG org.apache.http.wire - http-outgoing-4 >> "}"
13:18:38.618 [qtp1306936337-75] DEBUG org.eclipse.jetty.util.thread.QueuedThreadPool - Runner started for QueuedThreadPool[qtp1306936337]@4de64411{STARTED,8<=8<=14,i=3,r=1,q=0}[ReservedThreadExecutor@47ca1bcb{s=0/1,p=0}]
13:18:38.619 [qtp1306936337-75] DEBUG org.eclipse.jetty.util.thread.QueuedThreadPool - run acceptor-0@4284a2c4 in QueuedThreadPool[qtp1306936337]@4de64411{STARTED,8<=8<=14,i=3,r=1,q=0}[ReservedThreadExecutor@47ca1bcb{s=0/1,p=0}]
13:18:38.621 [qtp1306936337-76] DEBUG org.eclipse.jetty.util.thread.QueuedThreadPool - Runner started for QueuedThreadPool[qtp1306936337]@4de64411{STARTED,8<=8<=14,i=3,r=1,q=0}[ReservedThreadExecutor@47ca1bcb{s=0/1,p=0}]
13:18:38.621 [qtp1306936337-76] DEBUG org.eclipse.jetty.util.thread.QueuedThreadPool - run acceptor-1@342e6a3b in QueuedThreadPool[qtp1306936337]@4de64411{STARTED,8<=8<=14,i=3,r=1,q=0}[ReservedThreadExecutor@47ca1bcb{s=0/1,p=0}]
13:18:38.623 [qtp1306936337-77] DEBUG org.eclipse.jetty.util.thread.QueuedThreadPool - Runner started for QueuedThreadPool[qtp1306936337]@4de64411{STARTED,8<=8<=14,i=3,r=1,q=0}[ReservedThreadExecutor@47ca1bcb{s=0/1,p=0}]
13:18:38.623 [qtp1306936337-77] DEBUG org.eclipse.jetty.util.thread.QueuedThreadPool - run acceptor-2@64af8535 in QueuedThreadPool[qtp1306936337]@4de64411{STARTED,8<=8<=14,i=3,r=1,q=0}[ReservedThreadExecutor@47ca1bcb{s=0/1,p=0}]
13:18:38.624 [qtp1306936337-78] DEBUG org.eclipse.jetty.util.thread.QueuedThreadPool - Runner started for QueuedThreadPool[qtp1306936337]@4de64411{STARTED,8<=8<=14,i=3,r=1,q=0}[ReservedThreadExecutor@47ca1bcb{s=0/1,p=0}]
13:18:38.626 [qtp1306936337-79] DEBUG org.eclipse.jetty.util.thread.QueuedThreadPool - Runner started for QueuedThreadPool[qtp1306936337]@4de64411{STARTED,8<=8<=14,i=3,r=1,q=0}[ReservedThreadExecutor@47ca1bcb{s=0/1,p=0}]
13:18:38.627 [qtp1306936337-80] DEBUG org.eclipse.jetty.util.thread.QueuedThreadPool - Runner started for QueuedThreadPool[qtp1306936337]@4de64411{STARTED,8<=8<=14,i=3,r=1,q=0}[ReservedThreadExecutor@47ca1bcb{s=0/1,p=0}]
13:18:38.681 [qtp1306936337-75-acceptor-0@4284a2c4-NetworkTrafficServerConnector@1c37fc0{HTTP/1.1, (http/1.1)}{0.0.0.0:8080}] DEBUG org.eclipse.jetty.io.ManagedSelector - Queued change org.eclipse.jetty.io.ManagedSelector$Accept@4d7a5934 on ManagedSelector@4483ebf{STARTED} id=1 keys=0 selected=0 updates=0
13:18:38.682 [qtp1306936337-75-acceptor-0@4284a2c4-NetworkTrafficServerConnector@1c37fc0{HTTP/1.1, (http/1.1)}{0.0.0.0:8080}] DEBUG org.eclipse.jetty.io.ManagedSelector - Wakeup on submit ManagedSelector@4483ebf{STARTED} id=1 keys=0 selected=0 updates=1
13:18:38.683 [qtp1306936337-74] DEBUG org.eclipse.jetty.io.ManagedSelector - Selector sun.nio.ch.WindowsSelectorImpl@23943410 woken with none selected
13:18:38.684 [qtp1306936337-74] DEBUG org.eclipse.jetty.io.ManagedSelector - Selector sun.nio.ch.WindowsSelectorImpl@23943410 woken up from select, 0/0/0 selected
13:18:38.684 [qtp1306936337-74] DEBUG org.eclipse.jetty.io.ManagedSelector - Selector sun.nio.ch.WindowsSelectorImpl@23943410 processing 0 keys, 1 updates
13:18:38.684 [qtp1306936337-74] DEBUG org.eclipse.jetty.io.ManagedSelector - updateable 1
13:18:38.684 [qtp1306936337-74] DEBUG org.eclipse.jetty.io.ManagedSelector - update org.eclipse.jetty.io.ManagedSelector$Accept@4d7a5934
13:18:38.684 [qtp1306936337-74] DEBUG org.eclipse.jetty.util.thread.QueuedThreadPool - queue org.eclipse.jetty.io.ManagedSelector$Accept@4d7a5934 startThread=0
13:18:38.684 [qtp1306936337-74] DEBUG org.eclipse.jetty.io.ManagedSelector - updates 0
13:18:38.684 [qtp1306936337-74] DEBUG org.eclipse.jetty.io.ManagedSelector - Selector sun.nio.ch.WindowsSelectorImpl@23943410 waiting with 1 keys
13:18:38.684 [qtp1306936337-78] DEBUG org.eclipse.jetty.util.thread.QueuedThreadPool - run org.eclipse.jetty.io.ManagedSelector$Accept@4d7a5934 in QueuedThreadPool[qtp1306936337]@4de64411{STARTED,8<=8<=14,i=2,r=1,q=0}[ReservedThreadExecutor@47ca1bcb{s=0/1,p=0}]
13:18:38.684 [qtp1306936337-78] DEBUG org.eclipse.jetty.io.IdleTimeout - NetworkTrafficSocketChannelEndPoint@3dd6e08f{/127.0.0.1:65003<->/127.0.0.1:8080,OPEN,fill=-,flush=-,to=0/30000}{io=0/0,kio=0,kro=0}-><null> idle timeout check, elapsed: 0 ms, remaining: 30000 ms
13:18:38.685 [qtp1306936337-78] DEBUG org.eclipse.jetty.server.HttpChannel - new HttpChannelOverHttp@372e8bff{s=HttpChannelState@722c137e{s=IDLE rs=BLOCKING os=OPEN is=IDLE awp=false se=false i=true al=0},r=0,c=false/false,a=IDLE,uri=null,age=0} -> NetworkTrafficSocketChannelEndPoint@3dd6e08f{/127.0.0.1:65003<->/127.0.0.1:8080,OPEN,fill=-,flush=-,to=0/30000}{io=0/0,kio=0,kro=0}-><null>,null,HttpChannelState@722c137e{s=IDLE rs=BLOCKING os=OPEN is=IDLE awp=false se=false i=true al=0}
13:18:38.685 [qtp1306936337-78] DEBUG org.eclipse.jetty.server.HttpConnection - New HTTP Connection HttpConnection@7874472c::NetworkTrafficSocketChannelEndPoint@3dd6e08f{/127.0.0.1:65003<->/127.0.0.1:8080,OPEN,fill=-,flush=-,to=1/30000}{io=0/0,kio=0,kro=0}-><null>
13:18:38.686 [qtp1306936337-78] DEBUG org.eclipse.jetty.io.AbstractEndPoint - onOpen NetworkTrafficSocketChannelEndPoint@3dd6e08f{/127.0.0.1:65003<->/127.0.0.1:8080,OPEN,fill=-,flush=-,to=1/30000}{io=0/0,kio=0,kro=0}->HttpConnection@7874472c[p=HttpParser{s=START,0 of -1},g=HttpGenerator@4394a256{s=START}]=>HttpChannelOverHttp@372e8bff{s=HttpChannelState@722c137e{s=IDLE rs=BLOCKING os=OPEN is=IDLE awp=false se=false i=true al=0},r=0,c=false/false,a=IDLE,uri=null,age=0}
13:18:38.686 [qtp1306936337-78] DEBUG org.eclipse.jetty.io.AbstractConnection - onOpen HttpConnection@7874472c::NetworkTrafficSocketChannelEndPoint@3dd6e08f{/127.0.0.1:65003<->/127.0.0.1:8080,OPEN,fill=-,flush=-,to=1/30000}{io=0/0,kio=0,kro=0}->HttpConnection@7874472c[p=HttpParser{s=START,0 of -1},g=HttpGenerator@4394a256{s=START}]=>HttpChannelOverHttp@372e8bff{s=HttpChannelState@722c137e{s=IDLE rs=BLOCKING os=OPEN is=IDLE awp=false se=false i=true al=0},r=0,c=false/false,a=IDLE,uri=null,age=0}
13:18:38.686 [qtp1306936337-78] DEBUG org.eclipse.jetty.io.AbstractConnection - fillInterested HttpConnection@7874472c::NetworkTrafficSocketChannelEndPoint@3dd6e08f{/127.0.0.1:65003<->/127.0.0.1:8080,OPEN,fill=-,flush=-,to=1/30000}{io=0/0,kio=0,kro=0}->HttpConnection@7874472c[p=HttpParser{s=START,0 of -1},g=HttpGenerator@4394a256{s=START}]=>HttpChannelOverHttp@372e8bff{s=HttpChannelState@722c137e{s=IDLE rs=BLOCKING os=OPEN is=IDLE awp=false se=false i=true al=0},r=0,c=false/false,a=IDLE,uri=null,age=0}
13:18:38.686 [qtp1306936337-78] DEBUG org.eclipse.jetty.io.FillInterest - interested FillInterest@26a8a8{AC.ReadCB@7874472c{HttpConnection@7874472c::NetworkTrafficSocketChannelEndPoint@3dd6e08f{/127.0.0.1:65003<->/127.0.0.1:8080,OPEN,fill=FI,flush=-,to=0/30000}{io=0/0,kio=0,kro=0}->HttpConnection@7874472c[p=HttpParser{s=START,0 of -1},g=HttpGenerator@4394a256{s=START}]=>HttpChannelOverHttp@372e8bff{s=HttpChannelState@722c137e{s=IDLE rs=BLOCKING os=OPEN is=IDLE awp=false se=false i=true al=0},r=0,c=false/false,a=IDLE,uri=null,age=0}}}
13:18:38.686 [qtp1306936337-78] DEBUG org.eclipse.jetty.io.ChannelEndPoint - changeInterests p=false 0->1 for NetworkTrafficSocketChannelEndPoint@3dd6e08f{/127.0.0.1:65003<->/127.0.0.1:8080,OPEN,fill=FI,flush=-,to=0/30000}{io=0/1,kio=0,kro=0}->HttpConnection@7874472c[p=HttpParser{s=START,0 of -1},g=HttpGenerator@4394a256{s=START}]=>HttpChannelOverHttp@372e8bff{s=HttpChannelState@722c137e{s=IDLE rs=BLOCKING os=OPEN is=IDLE awp=false se=false i=true al=0},r=0,c=false/false,a=IDLE,uri=null,age=0}
13:18:38.686 [qtp1306936337-78] DEBUG org.eclipse.jetty.io.ManagedSelector - Queued change org.eclipse.jetty.io.ChannelEndPoint$1@1203ec31 on ManagedSelector@4483ebf{STARTED} id=1 keys=1 selected=0 updates=0
13:18:38.686 [qtp1306936337-78] DEBUG org.eclipse.jetty.io.ManagedSelector - Wakeup on submit ManagedSelector@4483ebf{STARTED} id=1 keys=1 selected=0 updates=1
13:18:38.687 [qtp1306936337-74] DEBUG org.eclipse.jetty.io.ManagedSelector - Selector sun.nio.ch.WindowsSelectorImpl@23943410 woken with none selected
13:18:38.687 [qtp1306936337-74] DEBUG org.eclipse.jetty.io.ManagedSelector - Selector sun.nio.ch.WindowsSelectorImpl@23943410 woken up from select, 0/0/1 selected
13:18:38.687 [qtp1306936337-74] DEBUG org.eclipse.jetty.io.ManagedSelector - Selector sun.nio.ch.WindowsSelectorImpl@23943410 processing 0 keys, 1 updates
13:18:38.687 [qtp1306936337-74] DEBUG org.eclipse.jetty.io.ManagedSelector - updateable 1
13:18:38.687 [qtp1306936337-74] DEBUG org.eclipse.jetty.io.ManagedSelector - update org.eclipse.jetty.io.ChannelEndPoint$1@1203ec31
13:18:38.687 [qtp1306936337-74] DEBUG org.eclipse.jetty.io.ChannelEndPoint - Key interests updated 0 -> 1 on NetworkTrafficSocketChannelEndPoint@3dd6e08f{/127.0.0.1:65003<->/127.0.0.1:8080,OPEN,fill=FI,flush=-,to=1/30000}{io=1/1,kio=1,kro=0}->HttpConnection@7874472c[p=HttpParser{s=START,0 of -1},g=HttpGenerator@4394a256{s=START}]=>HttpChannelOverHttp@372e8bff{s=HttpChannelState@722c137e{s=IDLE rs=BLOCKING os=OPEN is=IDLE awp=false se=false i=true al=0},r=0,c=false/false,a=IDLE,uri=null,age=0}
13:18:38.687 [qtp1306936337-74] DEBUG org.eclipse.jetty.io.ManagedSelector - updates 0
13:18:38.687 [qtp1306936337-74] DEBUG org.eclipse.jetty.io.ManagedSelector - Selector sun.nio.ch.WindowsSelectorImpl@23943410 waiting with 1 keys
13:18:38.687 [qtp1306936337-74] DEBUG org.eclipse.jetty.io.ManagedSelector - Selector sun.nio.ch.WindowsSelectorImpl@23943410 woken up from select, 1/1/1 selected
13:18:38.687 [qtp1306936337-74] DEBUG org.eclipse.jetty.io.ManagedSelector - Selector sun.nio.ch.WindowsSelectorImpl@23943410 processing 1 keys, 0 updates
13:18:38.688 [qtp1306936337-74] DEBUG org.eclipse.jetty.io.ManagedSelector - selected 1 channel=java.nio.channels.SocketChannel[connected local=/127.0.0.1:8080 remote=/127.0.0.1:65003], selector=sun.nio.ch.WindowsSelectorImpl@23943410, interestOps=1, readyOps=1 NetworkTrafficSocketChannelEndPoint@3dd6e08f{/127.0.0.1:65003<->/127.0.0.1:8080,OPEN,fill=FI,flush=-,to=1/30000}{io=1/1,kio=1,kro=1}->HttpConnection@7874472c[p=HttpParser{s=START,0 of -1},g=HttpGenerator@4394a256{s=START}]=>HttpChannelOverHttp@372e8bff{s=HttpChannelState@722c137e{s=IDLE rs=BLOCKING os=OPEN is=IDLE awp=false se=false i=true al=0},r=0,c=false/false,a=IDLE,uri=null,age=0} 
13:18:38.688 [qtp1306936337-74] DEBUG org.eclipse.jetty.io.ChannelEndPoint - onSelected 1->0 r=true w=false for NetworkTrafficSocketChannelEndPoint@3dd6e08f{/127.0.0.1:65003<->/127.0.0.1:8080,OPEN,fill=FI,flush=-,to=1/30000}{io=1/0,kio=1,kro=1}->HttpConnection@7874472c[p=HttpParser{s=START,0 of -1},g=HttpGenerator@4394a256{s=START}]=>HttpChannelOverHttp@372e8bff{s=HttpChannelState@722c137e{s=IDLE rs=BLOCKING os=OPEN is=IDLE awp=false se=false i=true al=0},r=0,c=false/false,a=IDLE,uri=null,age=0}
13:18:38.688 [qtp1306936337-74] DEBUG org.eclipse.jetty.io.ChannelEndPoint - task CEP:NetworkTrafficSocketChannelEndPoint@3dd6e08f{/127.0.0.1:65003<->/127.0.0.1:8080,OPEN,fill=FI,flush=-,to=1/30000}{io=1/0,kio=1,kro=1}->HttpConnection@7874472c[p=HttpParser{s=START,0 of -1},g=HttpGenerator@4394a256{s=START}]=>HttpChannelOverHttp@372e8bff{s=HttpChannelState@722c137e{s=IDLE rs=BLOCKING os=OPEN is=IDLE awp=false se=false i=true al=0},r=0,c=false/false,a=IDLE,uri=null,age=0}:runFillable:BLOCKING
13:18:38.688 [qtp1306936337-74] DEBUG org.eclipse.jetty.util.thread.ReservedThreadExecutor - ReservedThreadExecutor@47ca1bcb{s=0/1,p=0} tryExecute EatWhatYouKill@219ee2d7/SelectorProducer@374b812e/PRODUCING/p=false/QueuedThreadPool[qtp1306936337]@4de64411{STARTED,8<=8<=14,i=2,r=1,q=0}[ReservedThreadExecutor@47ca1bcb{s=0/1,p=0}][pc=0,pic=0,pec=0,epc=0]@2020-09-25T13:18:38.6884893+02:00
13:18:38.688 [qtp1306936337-74] DEBUG org.eclipse.jetty.util.thread.ReservedThreadExecutor - ReservedThreadExecutor@47ca1bcb{s=0/1,p=1} startReservedThread p=1
13:18:38.688 [qtp1306936337-74] DEBUG org.eclipse.jetty.util.thread.QueuedThreadPool - queue ReservedThreadExecutor@47ca1bcb{s=0/1,p=1}@296c5f60 startThread=0
13:18:38.688 [qtp1306936337-74] DEBUG org.eclipse.jetty.util.thread.strategy.EatWhatYouKill - EatWhatYouKill@219ee2d7/SelectorProducer@374b812e/PRODUCING/p=false/QueuedThreadPool[qtp1306936337]@4de64411{STARTED,8<=8<=14,i=1,r=1,q=0}[ReservedThreadExecutor@47ca1bcb{s=0/1,p=1}][pc=0,pic=0,pec=0,epc=0]@2020-09-25T13:18:38.6884893+02:00 m=PRODUCE_EXECUTE_CONSUME t=CEP:NetworkTrafficSocketChannelEndPoint@3dd6e08f{/127.0.0.1:65003<->/127.0.0.1:8080,OPEN,fill=FI,flush=-,to=2/30000}{io=1/0,kio=1,kro=1}->HttpConnection@7874472c[p=HttpParser{s=START,0 of -1},g=HttpGenerator@4394a256{s=START}]=>HttpChannelOverHttp@372e8bff{s=HttpChannelState@722c137e{s=IDLE rs=BLOCKING os=OPEN is=IDLE awp=false se=false i=true al=0},r=0,c=false/false,a=IDLE,uri=null,age=0}:runFillable:BLOCKING/BLOCKING
13:18:38.688 [qtp1306936337-74] DEBUG org.eclipse.jetty.util.thread.QueuedThreadPool - queue CEP:NetworkTrafficSocketChannelEndPoint@3dd6e08f{/127.0.0.1:65003<->/127.0.0.1:8080,OPEN,fill=FI,flush=-,to=2/30000}{io=1/0,kio=1,kro=1}->HttpConnection@7874472c[p=HttpParser{s=START,0 of -1},g=HttpGenerator@4394a256{s=START}]=>HttpChannelOverHttp@372e8bff{s=HttpChannelState@722c137e{s=IDLE rs=BLOCKING os=OPEN is=IDLE awp=false se=false i=true al=0},r=0,c=false/false,a=IDLE,uri=null,age=0}:runFillable:BLOCKING startThread=0
13:18:38.688 [qtp1306936337-74] DEBUG org.eclipse.jetty.io.ManagedSelector - updateable 0
13:18:38.688 [qtp1306936337-74] DEBUG org.eclipse.jetty.io.ManagedSelector - updates 0
13:18:38.689 [qtp1306936337-74] DEBUG org.eclipse.jetty.io.ChannelEndPoint - Key interests updated 1 -> 0 on NetworkTrafficSocketChannelEndPoint@3dd6e08f{/127.0.0.1:65003<->/127.0.0.1:8080,OPEN,fill=FI,flush=-,to=2/30000}{io=0/0,kio=0,kro=1}->HttpConnection@7874472c[p=HttpParser{s=START,0 of -1},g=HttpGenerator@4394a256{s=START}]=>HttpChannelOverHttp@372e8bff{s=HttpChannelState@722c137e{s=IDLE rs=BLOCKING os=OPEN is=IDLE awp=false se=false i=true al=0},r=0,c=false/false,a=IDLE,uri=null,age=0}
13:18:38.689 [qtp1306936337-74] DEBUG org.eclipse.jetty.io.ManagedSelector - Selector sun.nio.ch.WindowsSelectorImpl@23943410 waiting with 1 keys
13:18:38.689 [qtp1306936337-78] DEBUG org.eclipse.jetty.io.ManagedSelector - Created NetworkTrafficSocketChannelEndPoint@3dd6e08f{/127.0.0.1:65003<->/127.0.0.1:8080,OPEN,fill=FI,flush=-,to=0/30000}{io=0/0,kio=0,kro=1}->HttpConnection@7874472c[p=HttpParser{s=START,0 of -1},g=HttpGenerator@4394a256{s=START}]=>HttpChannelOverHttp@372e8bff{s=HttpChannelState@722c137e{s=IDLE rs=BLOCKING os=OPEN is=IDLE awp=false se=false i=true al=0},r=0,c=false/false,a=IDLE,uri=null,age=0}
13:18:38.689 [qtp1306936337-78] DEBUG org.eclipse.jetty.util.thread.QueuedThreadPool - ran org.eclipse.jetty.io.ManagedSelector$Accept@4d7a5934 in QueuedThreadPool[qtp1306936337]@4de64411{STARTED,8<=8<=14,i=0,r=1,q=0}[ReservedThreadExecutor@47ca1bcb{s=0/1,p=1}]
13:18:38.689 [qtp1306936337-78] DEBUG org.eclipse.jetty.util.thread.QueuedThreadPool - run ReservedThreadExecutor@47ca1bcb{s=0/1,p=1}@296c5f60 in QueuedThreadPool[qtp1306936337]@4de64411{STARTED,8<=8<=14,i=1,r=1,q=0}[ReservedThreadExecutor@47ca1bcb{s=0/1,p=1}]
13:18:38.689 [qtp1306936337-78] DEBUG org.eclipse.jetty.util.thread.ReservedThreadExecutor - ReservedThreadExecutor@47ca1bcb{s=1/1,p=1}@296c5f60 started
13:18:38.689 [qtp1306936337-78] DEBUG org.eclipse.jetty.util.thread.ReservedThreadExecutor - ReservedThreadExecutor@47ca1bcb{s=1/1,p=0}@296c5f60 waiting
13:18:38.690 [qtp1306936337-79] DEBUG org.eclipse.jetty.util.thread.QueuedThreadPool - run CEP:NetworkTrafficSocketChannelEndPoint@3dd6e08f{/127.0.0.1:65003<->/127.0.0.1:8080,OPEN,fill=FI,flush=-,to=4/30000}{io=0/0,kio=0,kro=1}->HttpConnection@7874472c[p=HttpParser{s=START,0 of -1},g=HttpGenerator@4394a256{s=START}]=>HttpChannelOverHttp@372e8bff{s=HttpChannelState@722c137e{s=IDLE rs=BLOCKING os=OPEN is=IDLE awp=false se=false i=true al=0},r=0,c=false/false,a=IDLE,uri=null,age=0}:runFillable:BLOCKING in QueuedThreadPool[qtp1306936337]@4de64411{STARTED,8<=8<=14,i=1,r=1,q=0}[ReservedThreadExecutor@47ca1bcb{s=1/1,p=0}]
13:18:38.690 [qtp1306936337-79] DEBUG org.eclipse.jetty.io.FillInterest - fillable FillInterest@26a8a8{AC.ReadCB@7874472c{HttpConnection@7874472c::NetworkTrafficSocketChannelEndPoint@3dd6e08f{/127.0.0.1:65003<->/127.0.0.1:8080,OPEN,fill=FI,flush=-,to=4/30000}{io=0/0,kio=0,kro=1}->HttpConnection@7874472c[p=HttpParser{s=START,0 of -1},g=HttpGenerator@4394a256{s=START}]=>HttpChannelOverHttp@372e8bff{s=HttpChannelState@722c137e{s=IDLE rs=BLOCKING os=OPEN is=IDLE awp=false se=false i=true al=0},r=0,c=false/false,a=IDLE,uri=null,age=0}}}
13:18:38.690 [qtp1306936337-79] DEBUG org.eclipse.jetty.server.HttpConnection - HttpConnection@7874472c::NetworkTrafficSocketChannelEndPoint@3dd6e08f{/127.0.0.1:65003<->/127.0.0.1:8080,OPEN,fill=-,flush=-,to=4/30000}{io=0/0,kio=0,kro=1}->HttpConnection@7874472c[p=HttpParser{s=START,0 of -1},g=HttpGenerator@4394a256{s=START}]=>HttpChannelOverHttp@372e8bff{s=HttpChannelState@722c137e{s=IDLE rs=BLOCKING os=OPEN is=IDLE awp=false se=false i=true al=0},r=0,c=false/false,a=IDLE,uri=null,age=0} onFillable enter HttpChannelState@722c137e{s=IDLE rs=BLOCKING os=OPEN is=IDLE awp=false se=false i=true al=0} null
13:18:38.691 [qtp1306936337-79] DEBUG org.eclipse.jetty.io.ChannelEndPoint - filled 525 HeapByteBuffer@517b6415[p=0,l=525,c=8192,r=525]={<<<POST /__admin/mappings HT...9-b4d6-3dd60deee9e3"\r\n}>>>\x00\x00\x00\x00\x00\x00\x00\x00\x00...\x00\x00\x00\x00\x00\x00\x00}
13:18:38.691 [qtp1306936337-79] DEBUG org.eclipse.jetty.server.HttpConnection - HttpConnection@7874472c::NetworkTrafficSocketChannelEndPoint@3dd6e08f{/127.0.0.1:65003<->/127.0.0.1:8080,OPEN,fill=-,flush=-,to=0/30000}{io=0/0,kio=0,kro=1}->HttpConnection@7874472c[p=HttpParser{s=START,0 of -1},g=HttpGenerator@4394a256{s=START}]=>HttpChannelOverHttp@372e8bff{s=HttpChannelState@722c137e{s=IDLE rs=BLOCKING os=OPEN is=IDLE awp=false se=false i=true al=0},r=0,c=false/false,a=IDLE,uri=null,age=0} filled 525 HeapByteBuffer@517b6415[p=0,l=525,c=8192,r=525]={<<<POST /__admin/mappings HT...9-b4d6-3dd60deee9e3"\r\n}>>>\x00\x00\x00\x00\x00\x00\x00\x00\x00...\x00\x00\x00\x00\x00\x00\x00}
13:18:38.691 [qtp1306936337-79] DEBUG org.eclipse.jetty.server.HttpConnection - HttpConnection@7874472c::NetworkTrafficSocketChannelEndPoint@3dd6e08f{/127.0.0.1:65003<->/127.0.0.1:8080,OPEN,fill=-,flush=-,to=0/30000}{io=0/0,kio=0,kro=1}->HttpConnection@7874472c[p=HttpParser{s=START,0 of -1},g=HttpGenerator@4394a256{s=START}]=>HttpChannelOverHttp@372e8bff{s=HttpChannelState@722c137e{s=IDLE rs=BLOCKING os=OPEN is=IDLE awp=false se=false i=true al=0},r=0,c=false/false,a=IDLE,uri=null,age=0} parse HeapByteBuffer@517b6415[p=0,l=525,c=8192,r=525]={<<<POST /__admin/mappings HT...9-b4d6-3dd60deee9e3"\r\n}>>>\x00\x00\x00\x00\x00\x00\x00\x00\x00...\x00\x00\x00\x00\x00\x00\x00} {}
13:18:38.691 [qtp1306936337-79] DEBUG org.eclipse.jetty.http.HttpParser - parseNext s=START HeapByteBuffer@517b6415[p=0,l=525,c=8192,r=525]={<<<POST /__admin/mappings HT...9-b4d6-3dd60deee9e3"\r\n}>>>\x00\x00\x00\x00\x00\x00\x00\x00\x00...\x00\x00\x00\x00\x00\x00\x00}
13:18:38.691 [qtp1306936337-79] DEBUG org.eclipse.jetty.http.HttpParser - START --> SPACE1
13:18:38.691 [qtp1306936337-79] DEBUG org.eclipse.jetty.http.HttpParser - SPACE1 --> URI
13:18:38.691 [qtp1306936337-79] DEBUG org.eclipse.jetty.http.HttpParser - URI --> SPACE2
13:18:38.691 [qtp1306936337-79] DEBUG org.eclipse.jetty.http.HttpParser - SPACE2 --> REQUEST_VERSION
13:18:38.691 [qtp1306936337-79] DEBUG org.eclipse.jetty.http.HttpParser - REQUEST_VERSION --> HEADER
13:18:38.691 [qtp1306936337-79] DEBUG org.eclipse.jetty.http.HttpParser - HEADER:Content-Length --> VALUE
13:18:38.691 [qtp1306936337-79] DEBUG org.eclipse.jetty.http.HttpParser - HEADER:Content-Length --> IN_VALUE
13:18:38.691 [qtp1306936337-79] DEBUG org.eclipse.jetty.http.HttpParser - HEADER:Content-Length --> FIELD
13:18:38.691 [qtp1306936337-79] DEBUG org.eclipse.jetty.http.HttpParser - HEADER:Content-Type: text/plain; charset=UTF-8 --> IN_VALUE
13:18:38.691 [qtp1306936337-79] DEBUG org.eclipse.jetty.http.HttpParser - HEADER:Content-Type: text/plain; charset=UTF-8 --> FIELD
13:18:38.691 [qtp1306936337-79] DEBUG org.eclipse.jetty.http.HttpParser - HEADER:Host --> VALUE
13:18:38.691 [qtp1306936337-79] DEBUG org.eclipse.jetty.http.HttpParser - HEADER:Host --> IN_VALUE
13:18:38.691 [qtp1306936337-79] DEBUG org.eclipse.jetty.http.HttpParser - HEADER:Host --> FIELD
13:18:38.691 [qtp1306936337-79] DEBUG org.eclipse.jetty.http.HttpParser - HEADER:Connection: keep-alive --> IN_VALUE
13:18:38.691 [qtp1306936337-79] DEBUG org.eclipse.jetty.http.HttpParser - HEADER:Connection: keep-alive --> FIELD
13:18:38.692 [qtp1306936337-79] DEBUG org.eclipse.jetty.http.HttpParser - HEADER:User-Agent --> VALUE
13:18:38.692 [qtp1306936337-79] DEBUG org.eclipse.jetty.http.HttpParser - HEADER:User-Agent --> IN_VALUE
13:18:38.692 [qtp1306936337-79] DEBUG org.eclipse.jetty.http.HttpParser - HEADER:User-Agent --> FIELD
13:18:38.692 [qtp1306936337-79] DEBUG org.eclipse.jetty.http.HttpParser - HEADER --> CONTENT
13:18:38.692 [qtp1306936337-79] DEBUG org.eclipse.jetty.server.HttpChannel - REQUEST for //localhost:8080/__admin/mappings on HttpChannelOverHttp@372e8bff{s=HttpChannelState@722c137e{s=IDLE rs=BLOCKING os=OPEN is=IDLE awp=false se=false i=true al=0},r=1,c=false/false,a=IDLE,uri=//localhost:8080/__admin/mappings,age=0}
POST //localhost:8080/__admin/mappings HTTP/1.1
Content-Length: 330
Content-Type: text/plain; charset=UTF-8
Host: localhost:8080
Connection: keep-alive
User-Agent: Apache-HttpClient/4.5.12 (Java/11.0.2)


13:18:38.692 [qtp1306936337-79] DEBUG org.eclipse.jetty.server.HttpConnection - HttpConnection@7874472c::NetworkTrafficSocketChannelEndPoint@3dd6e08f{/127.0.0.1:65003<->/127.0.0.1:8080,OPEN,fill=-,flush=-,to=1/30000}{io=0/0,kio=0,kro=1}->HttpConnection@7874472c[p=HttpParser{s=CONTENT,0 of 330},g=HttpGenerator@4394a256{s=START}]=>HttpChannelOverHttp@372e8bff{s=HttpChannelState@722c137e{s=IDLE rs=BLOCKING os=OPEN is=IDLE awp=false se=false i=true al=0},r=1,c=false/false,a=IDLE,uri=//localhost:8080/__admin/mappings,age=0} parsed true HttpParser{s=CONTENT,0 of 330}
13:18:38.692 [qtp1306936337-79] DEBUG org.eclipse.jetty.server.HttpChannel - handle //localhost:8080/__admin/mappings HttpChannelOverHttp@372e8bff{s=HttpChannelState@722c137e{s=IDLE rs=BLOCKING os=OPEN is=IDLE awp=false se=false i=true al=0},r=1,c=false/false,a=IDLE,uri=//localhost:8080/__admin/mappings,age=0} 
13:18:38.692 [qtp1306936337-79] DEBUG org.eclipse.jetty.server.HttpChannelState - handling HttpChannelState@722c137e{s=IDLE rs=BLOCKING os=OPEN is=IDLE awp=false se=false i=true al=0}
13:18:38.692 [qtp1306936337-79] DEBUG org.eclipse.jetty.server.HttpChannel - action DISPATCH HttpChannelOverHttp@372e8bff{s=HttpChannelState@722c137e{s=HANDLING rs=BLOCKING os=OPEN is=IDLE awp=false se=false i=true al=0},r=1,c=false/false,a=HANDLING,uri=//localhost:8080/__admin/mappings,age=0}
13:18:38.692 [qtp1306936337-79] DEBUG org.eclipse.jetty.server.Server - REQUEST POST /__admin/mappings on HttpChannelOverHttp@372e8bff{s=HttpChannelState@722c137e{s=HANDLING rs=BLOCKING os=OPEN is=IDLE awp=false se=false i=true al=0},r=1,c=false/false,a=HANDLING,uri=//localhost:8080/__admin/mappings,age=0}
13:18:38.692 [qtp1306936337-79] DEBUG org.eclipse.jetty.server.handler.ContextHandler - scope null||/__admin/mappings @ o.e.j.s.ServletContextHandler@2cd6911d{/__admin,null,AVAILABLE}
13:18:38.692 [qtp1306936337-79] DEBUG org.eclipse.jetty.server.handler.ContextHandler - context=/__admin||/mappings @ o.e.j.s.ServletContextHandler@2cd6911d{/__admin,null,AVAILABLE}
13:18:38.693 [qtp1306936337-79] DEBUG org.eclipse.jetty.servlet.ServletHandler - servlet /__admin|/mappings|null -> com.github.tomakehurst.wiremock.servlet.WireMockHandlerDispatchingServlet-3f79a3fc@852c2c32==com.github.tomakehurst.wiremock.servlet.WireMockHandlerDispatchingServlet,jsp=null,order=-1,inst=false,async=true
13:18:38.693 [qtp1306936337-79] DEBUG org.eclipse.jetty.servlet.ServletHandler - chain=org.eclipse.jetty.servlets.CrossOriginFilter-77aea7a@77aea7a==org.eclipse.jetty.servlets.CrossOriginFilter,inst=true,async=true->com.github.tomakehurst.wiremock.servlet.WireMockHandlerDispatchingServlet-3f79a3fc@852c2c32==com.github.tomakehurst.wiremock.servlet.WireMockHandlerDispatchingServlet,jsp=null,order=-1,inst=false,async=true
13:18:38.693 [qtp1306936337-79] DEBUG org.eclipse.jetty.servlet.ServletHolder - Servlet.init com.github.tomakehurst.wiremock.servlet.WireMockHandlerDispatchingServlet@5fbc904a for com.github.tomakehurst.wiremock.servlet.WireMockHandlerDispatchingServlet-3f79a3fc
13:18:38.770 [qtp1306936337-79] INFO org.eclipse.jetty.server.handler.ContextHandler.__admin - RequestHandlerClass from context returned com.github.tomakehurst.wiremock.http.AdminRequestHandler. Normalized mapped under returned 'null'
13:18:38.770 [qtp1306936337-79] DEBUG org.eclipse.jetty.servlet.ServletHandler - call filter org.eclipse.jetty.servlets.CrossOriginFilter-77aea7a@77aea7a==org.eclipse.jetty.servlets.CrossOriginFilter,inst=true,async=true
13:18:38.771 [qtp1306936337-79] DEBUG org.eclipse.jetty.servlet.ServletHandler - call servlet com.github.tomakehurst.wiremock.servlet.WireMockHandlerDispatchingServlet-3f79a3fc@852c2c32==com.github.tomakehurst.wiremock.servlet.WireMockHandlerDispatchingServlet,jsp=null,order=-1,inst=true,async=true
13:18:38.773 [qtp1306936337-79] DEBUG org.eclipse.jetty.server.HttpConnection - HttpConnection@7874472c::NetworkTrafficSocketChannelEndPoint@3dd6e08f{/127.0.0.1:65003<->/127.0.0.1:8080,OPEN,fill=-,flush=-,to=81/30000}{io=0/0,kio=0,kro=1}->HttpConnection@7874472c[p=HttpParser{s=CONTENT,0 of 330},g=HttpGenerator@4394a256{s=START}]=>HttpChannelOverHttp@372e8bff{s=HttpChannelState@722c137e{s=HANDLING rs=BLOCKING os=OPEN is=IDLE awp=false se=false i=true al=0},r=1,c=false/false,a=HANDLING,uri=//localhost:8080/__admin/mappings,age=81} parse HeapByteBuffer@517b6415[p=195,l=525,c=8192,r=330]={POST /__a....2)\r\n\r\n<<<{\r\n  "id" : "3b014af9-4de...9-b4d6-3dd60deee9e3"\r\n}>>>\x00\x00\x00\x00\x00\x00\x00\x00\x00...\x00\x00\x00\x00\x00\x00\x00} {}
13:18:38.773 [qtp1306936337-79] DEBUG org.eclipse.jetty.http.HttpParser - parseNext s=CONTENT HeapByteBuffer@517b6415[p=195,l=525,c=8192,r=330]={POST /__a....2)\r\n\r\n<<<{\r\n  "id" : "3b014af9-4de...9-b4d6-3dd60deee9e3"\r\n}>>>\x00\x00\x00\x00\x00\x00\x00\x00\x00...\x00\x00\x00\x00\x00\x00\x00}
13:18:38.773 [qtp1306936337-79] DEBUG org.eclipse.jetty.server.HttpChannel - onContent HttpChannelOverHttp@372e8bff{s=HttpChannelState@722c137e{s=HANDLING rs=BLOCKING os=OPEN is=IDLE awp=false se=false i=true al=0},r=1,c=false/false,a=HANDLING,uri=//localhost:8080/__admin/mappings,age=81} Content@5b830f65{HeapByteBufferR@1e819a71[p=195,l=525,c=8192,r=330]={POST /__a....2)\r\n\r\n<<<{\r\n  "id" : "3b014af9-4de...9-b4d6-3dd60deee9e3"\r\n}>>>\x00\x00\x00\x00\x00\x00\x00\x00\x00...\x00\x00\x00\x00\x00\x00\x00}}
13:18:38.773 [qtp1306936337-79] DEBUG org.eclipse.jetty.server.HttpInput - HttpInputOverHTTP@14501e78[c=0,q=0,[0]=null,s=STREAM] addContent Content@5b830f65{HeapByteBufferR@1e819a71[p=195,l=525,c=8192,r=330]={POST /__a....2)\r\n\r\n<<<{\r\n  "id" : "3b014af9-4de...9-b4d6-3dd60deee9e3"\r\n}>>>\x00\x00\x00\x00\x00\x00\x00\x00\x00...\x00\x00\x00\x00\x00\x00\x00}}
13:18:38.773 [qtp1306936337-79] DEBUG org.eclipse.jetty.http.HttpParser - CONTENT --> CONTENT_END
13:18:38.773 [qtp1306936337-79] DEBUG org.eclipse.jetty.server.HttpChannel - onContentComplete HttpChannelOverHttp@372e8bff{s=HttpChannelState@722c137e{s=HANDLING rs=BLOCKING os=OPEN is=IDLE awp=false se=false i=true al=0},r=1,c=false/false,a=HANDLING,uri=//localhost:8080/__admin/mappings,age=81}
13:18:38.773 [qtp1306936337-79] DEBUG org.eclipse.jetty.http.HttpParser - CONTENT_END --> END
13:18:38.773 [qtp1306936337-79] DEBUG org.eclipse.jetty.server.HttpChannel - onRequestComplete HttpChannelOverHttp@372e8bff{s=HttpChannelState@722c137e{s=HANDLING rs=BLOCKING os=OPEN is=IDLE awp=false se=false i=true al=0},r=1,c=false/false,a=HANDLING,uri=//localhost:8080/__admin/mappings,age=81}
13:18:38.773 [qtp1306936337-79] DEBUG org.eclipse.jetty.server.HttpInput - HttpInputOverHTTP@14501e78[c=0,q=1,[0]=EOF,s=STREAM] addContent EOF
13:18:38.773 [qtp1306936337-79] DEBUG org.eclipse.jetty.server.HttpConnection - HttpConnection@7874472c::NetworkTrafficSocketChannelEndPoint@3dd6e08f{/127.0.0.1:65003<->/127.0.0.1:8080,OPEN,fill=-,flush=-,to=82/30000}{io=0/0,kio=0,kro=1}->HttpConnection@7874472c[p=HttpParser{s=END,330 of 330},g=HttpGenerator@4394a256{s=START}]=>HttpChannelOverHttp@372e8bff{s=HttpChannelState@722c137e{s=HANDLING rs=BLOCKING os=OPEN is=IDLE awp=false se=false i=true al=0},r=1,c=false/false,a=HANDLING,uri=//localhost:8080/__admin/mappings,age=81} parsed false HttpParser{s=END,330 of 330}
13:18:38.773 [qtp1306936337-79] DEBUG org.eclipse.jetty.server.HttpInput - HttpInputOverHTTP@14501e78[c=330,q=1,[0]=EOF,s=STREAM] read 330 from Content@5b830f65{HeapByteBufferR@1e819a71[p=525,l=525,c=8192,r=0]={POST /__a...9e3"\r\n}<<<>>>\x00\x00\x00\x00\x00\x00\x00\x00\x00...\x00\x00\x00\x00\x00\x00\x00}}
13:18:38.773 [qtp1306936337-79] DEBUG org.eclipse.jetty.server.HttpConnection - releaseRequestBuffer HttpConnection@7874472c::NetworkTrafficSocketChannelEndPoint@3dd6e08f{/127.0.0.1:65003<->/127.0.0.1:8080,OPEN,fill=-,flush=-,to=82/30000}{io=0/0,kio=0,kro=1}->HttpConnection@7874472c[p=HttpParser{s=END,330 of 330},g=HttpGenerator@4394a256{s=START}]=>HttpChannelOverHttp@372e8bff{s=HttpChannelState@722c137e{s=HANDLING rs=BLOCKING os=OPEN is=IDLE awp=false se=false i=true al=0},r=1,c=false/false,a=HANDLING,uri=//localhost:8080/__admin/mappings,age=81}
13:18:38.774 [qtp1306936337-79] DEBUG org.eclipse.jetty.server.HttpChannelState - onEof HttpChannelState@722c137e{s=HANDLING rs=BLOCKING os=OPEN is=IDLE awp=false se=false i=true al=0}
13:18:38.848 [qtp1306936337-79] DEBUG org.eclipse.jetty.server.HttpOutput - write(array HeapByteBuffer@6a5f6e44[p=0,l=330,c=8192,r=330]={<<<{\r\n  "id" : "3b014af9-4de...9-b4d6-3dd60deee9e3"\r\n}>>>\x00\x00\x00\x00\x00\x00\x00\x00\x00...\x00\x00\x00\x00\x00\x00\x00})
13:18:38.849 [qtp1306936337-79] DEBUG org.eclipse.jetty.server.HttpOutput - write(array) s=OPEN,api=BLOCKING,sc=false,e=null aggregated !flush DirectByteBuffer@776a7367[p=0,l=330,c=32768,r=330]={<<<{\r\n  "id" : "3b014af9-4de...9-b4d6-3dd60deee9e3"\r\n}>>>\x00\x00\x00\x00\x00\x00\x00\x00\x00...\x00\x00\x00\x00\x00\x00\x00}
13:18:38.851 [qtp1306936337-79] DEBUG org.eclipse.jetty.server.HttpChannel - sendResponse info=null content=DirectByteBuffer@776a7367[p=0,l=330,c=32768,r=330]={<<<{\r\n  "id" : "3b014af9-4de...9-b4d6-3dd60deee9e3"\r\n}>>>\x00\x00\x00\x00\x00\x00\x00\x00\x00...\x00\x00\x00\x00\x00\x00\x00} complete=false committing=true callback=Blocker@7ae07f21{null}
13:18:38.855 [qtp1306936337-79] DEBUG org.eclipse.jetty.server.HttpChannel - COMMIT for /__admin/mappings on HttpChannelOverHttp@372e8bff{s=HttpChannelState@722c137e{s=HANDLING rs=BLOCKING os=COMMITTED is=READY awp=false se=false i=true al=0},r=1,c=false/false,a=HANDLING,uri=//localhost:8080/__admin/mappings,age=163}
201 null HTTP/1.1
Content-Type: application/json


13:18:38.858 [qtp1306936337-79] DEBUG org.eclipse.jetty.server.HttpConnection - generate: NEED_HEADER for org.eclipse.jetty.server.HttpConnection$SendCallback@58e13c4f[PROCESSING][i=HTTP/1.1{s=201,h=1,cl=-1},cb=org.eclipse.jetty.server.HttpChannel$SendCallback@495d4459] (null,[p=0,l=330,c=32768,r=330],false)@START
13:18:38.859 [qtp1306936337-79] DEBUG org.eclipse.jetty.http.HttpGenerator - generateHeaders HTTP/1.1{s=201,h=1,cl=-1} last=false content=DirectByteBuffer@776a7367[p=0,l=330,c=32768,r=330]={<<<{\r\n  "id" : "3b014af9-4de...9-b4d6-3dd60deee9e3"\r\n}>>>\x00\x00\x00\x00\x00\x00\x00\x00\x00...\x00\x00\x00\x00\x00\x00\x00}
13:18:38.859 [qtp1306936337-79] DEBUG org.eclipse.jetty.http.HttpGenerator - Content-Type: application/json


13:18:38.859 [qtp1306936337-79] DEBUG org.eclipse.jetty.http.HttpGenerator - CHUNKED_CONTENT
13:18:38.859 [qtp1306936337-79] DEBUG org.eclipse.jetty.server.HttpConnection - generate: FLUSH for org.eclipse.jetty.server.HttpConnection$SendCallback@58e13c4f[PROCESSING][i=HTTP/1.1{s=201,h=1,cl=-1},cb=org.eclipse.jetty.server.HttpChannel$SendCallback@495d4459] ([p=0,l=122,c=8192,r=122],[p=0,l=330,c=32768,r=330],false)@COMMITTED
13:18:38.860 [qtp1306936337-79] DEBUG org.eclipse.jetty.io.WriteFlusher - write: WriteFlusher@6d08f75e{IDLE}->null [HeapByteBuffer@517b6415[p=0,l=122,c=8192,r=122]={<<<HTTP/1.1 201 Created\r\nCon....28.v20200408)\r\n\r\n14A\r\n>>>ction: Ke...\x00\x00\x00\x00\x00\x00\x00},DirectByteBuffer@776a7367[p=0,l=330,c=32768,r=330]={<<<{\r\n  "id" : "3b014af9-4de...9-b4d6-3dd60deee9e3"\r\n}>>>\x00\x00\x00\x00\x00\x00\x00\x00\x00...\x00\x00\x00\x00\x00\x00\x00}]
13:18:38.860 [qtp1306936337-79] DEBUG org.eclipse.jetty.io.WriteFlusher - update WriteFlusher@6d08f75e{WRITING}->null:IDLE-->WRITING
13:18:38.860 [Test worker] DEBUG org.apache.http.wire - http-outgoing-4 << "HTTP/1.1 201 Created[\r][\n]"
13:18:38.860 [Test worker] DEBUG org.apache.http.wire - http-outgoing-4 << "Content-Type: application/json[\r][\n]"
13:18:38.860 [Test worker] DEBUG org.apache.http.wire - http-outgoing-4 << "Transfer-Encoding: chunked[\r][\n]"
13:18:38.860 [Test worker] DEBUG org.apache.http.wire - http-outgoing-4 << "Server: Jetty(9.4.28.v20200408)[\r][\n]"
13:18:38.860 [Test worker] DEBUG org.apache.http.wire - http-outgoing-4 << "[\r][\n]"
13:18:38.860 [Test worker] DEBUG org.apache.http.wire - http-outgoing-4 << "14A[\r][\n]"
13:18:38.861 [Test worker] DEBUG org.apache.http.headers - http-outgoing-4 << HTTP/1.1 201 Created
13:18:38.861 [Test worker] DEBUG org.apache.http.headers - http-outgoing-4 << Content-Type: application/json
13:18:38.861 [Test worker] DEBUG org.apache.http.headers - http-outgoing-4 << Transfer-Encoding: chunked
13:18:38.861 [Test worker] DEBUG org.apache.http.headers - http-outgoing-4 << Server: Jetty(9.4.28.v20200408)
13:18:38.861 [Test worker] DEBUG org.apache.http.impl.execchain.MainClientExec - Connection can be kept alive indefinitely
13:18:38.863 [qtp1306936337-79] DEBUG org.eclipse.jetty.io.ChannelEndPoint - flushed 122 NetworkTrafficSocketChannelEndPoint@3dd6e08f{/127.0.0.1:65003<->/127.0.0.1:8080,OPEN,fill=-,flush=W,to=172/30000}{io=0/0,kio=0,kro=1}->HttpConnection@7874472c[p=HttpParser{s=END,330 of 330},g=HttpGenerator@4394a256{s=COMMITTED}]=>HttpChannelOverHttp@372e8bff{s=HttpChannelState@722c137e{s=HANDLING rs=BLOCKING os=COMMITTED is=READY awp=false se=false i=true al=0},r=1,c=false/false,a=HANDLING,uri=//localhost:8080/__admin/mappings,age=171}
13:18:38.863 [Test worker] DEBUG org.apache.http.wire - http-outgoing-4 << "{[\r][\n]"
13:18:38.864 [Test worker] DEBUG org.apache.http.wire - http-outgoing-4 << "  "id" : "3b014af9-4de1-41a9-b4d6-3dd60deee9e3",[\r][\n]"
13:18:38.864 [Test worker] DEBUG org.apache.http.wire - http-outgoing-4 << "  "request" : {[\r][\n]"
13:18:38.864 [Test worker] DEBUG org.apache.http.wire - http-outgoing-4 << "    "url" : "/api/v0/components/products/63d3bec5-12c6-457b-b612-526e69cd65b7/questions/hidden",[\r][\n]"
13:18:38.864 [Test worker] DEBUG org.apache.http.wire - http-outgoing-4 << "    "method" : "GET"[\r][\n]"
13:18:38.864 [Test worker] DEBUG org.apache.http.wire - http-outgoing-4 << "  },[\r][\n]"
13:18:38.864 [Test worker] DEBUG org.apache.http.wire - http-outgoing-4 << "  "response" : {[\r][\n]"
13:18:38.864 [Test worker] DEBUG org.apache.http.wire - http-outgoing-4 << "    "status" : 200,[\r][\n]"
13:18:38.864 [Test worker] DEBUG org.apache.http.wire - http-outgoing-4 << "    "fixedDelayMilliseconds" : 2100[\r][\n]"
13:18:38.864 [Test worker] DEBUG org.apache.http.wire - http-outgoing-4 << "  },[\r][\n]"
13:18:38.864 [Test worker] DEBUG org.apache.http.wire - http-outgoing-4 << "  "uuid" : "3b014af9-4de1-41a9-b4d6-3dd60deee9e3"[\r][\n]"
13:18:38.864 [Test worker] DEBUG org.apache.http.wire - http-outgoing-4 << "}"
13:18:38.864 [qtp1306936337-79] DEBUG org.eclipse.jetty.io.ChannelEndPoint - flushed 330 NetworkTrafficSocketChannelEndPoint@3dd6e08f{/127.0.0.1:65003<->/127.0.0.1:8080,OPEN,fill=-,flush=W,to=0/30000}{io=0/0,kio=0,kro=1}->HttpConnection@7874472c[p=HttpParser{s=END,330 of 330},g=HttpGenerator@4394a256{s=COMMITTED}]=>HttpChannelOverHttp@372e8bff{s=HttpChannelState@722c137e{s=HANDLING rs=BLOCKING os=COMMITTED is=READY awp=false se=false i=true al=0},r=1,c=false/false,a=HANDLING,uri=//localhost:8080/__admin/mappings,age=172}
13:18:38.864 [qtp1306936337-79] DEBUG org.eclipse.jetty.io.WriteFlusher - Flushed=true written=452 remaining=0 WriteFlusher@6d08f75e{WRITING}->null
13:18:38.864 [qtp1306936337-79] DEBUG org.eclipse.jetty.io.WriteFlusher - update WriteFlusher@6d08f75e{IDLE}->null:WRITING-->IDLE
13:18:38.865 [qtp1306936337-79] DEBUG org.eclipse.jetty.server.HttpConnection - generate: DONE for org.eclipse.jetty.server.HttpConnection$SendCallback@58e13c4f[PROCESSING][i=HTTP/1.1{s=201,h=1,cl=-1},cb=org.eclipse.jetty.server.HttpChannel$SendCallback@495d4459] ([p=122,l=122,c=8192,r=0],[p=330,l=330,c=32768,r=0],false)@COMMITTED
13:18:38.865 [qtp1306936337-79] DEBUG org.eclipse.jetty.server.HttpOutput - onWriteComplete(false,null) s=OPEN,api=BLOCKED,sc=false,e=null->s=OPEN,api=BLOCKING,sc=false,e=null c=null cb=null w=false
13:18:38.865 [qtp1306936337-79] DEBUG org.eclipse.jetty.server.HttpOutput - close() s=CLOSING,api=BLOCKED,sc=false,e=null c=HeapByteBuffer@137d328[p=0,l=0,c=0,r=0]={<<<>>>} b=Blocker@7ae07f21{null}
13:18:38.865 [qtp1306936337-79] DEBUG org.eclipse.jetty.server.HttpChannel - sendResponse info=null content=HeapByteBuffer@137d328[p=0,l=0,c=0,r=0]={<<<>>>} complete=true committing=false callback=Blocker@7ae07f21{null}
13:18:38.866 [qtp1306936337-79] DEBUG org.eclipse.jetty.server.HttpConnection - generate: CONTINUE for org.eclipse.jetty.server.HttpConnection$SendCallback@58e13c4f[PROCESSING][i=null,cb=org.eclipse.jetty.server.HttpChannel$SendCallback@14e884a9] (null,[p=0,l=0,c=0,r=0],true)@COMPLETING
13:18:38.866 [qtp1306936337-79] DEBUG org.eclipse.jetty.server.HttpConnection - generate: NEED_CHUNK for org.eclipse.jetty.server.HttpConnection$SendCallback@58e13c4f[PROCESSING][i=null,cb=org.eclipse.jetty.server.HttpChannel$SendCallback@14e884a9] (null,[p=0,l=0,c=0,r=0],true)@COMPLETING
13:18:38.866 [qtp1306936337-79] DEBUG org.eclipse.jetty.server.HttpConnection - generate: FLUSH for org.eclipse.jetty.server.HttpConnection$SendCallback@58e13c4f[PROCESSING][i=null,cb=org.eclipse.jetty.server.HttpChannel$SendCallback@14e884a9] (null,[p=0,l=0,c=0,r=0],true)@COMPLETING
13:18:38.866 [qtp1306936337-79] DEBUG org.eclipse.jetty.io.WriteFlusher - write: WriteFlusher@6d08f75e{IDLE}->null [HeapByteBuffer@453ac13f[p=0,l=7,c=1024,r=7]={<<<\r\n0\r\n\r\n>>>\x00\x00\x00\x00\x00\x00\x00\x00\x00...\x00\x00\x00\x00\x00\x00\x00}]
13:18:38.866 [qtp1306936337-79] DEBUG org.eclipse.jetty.io.WriteFlusher - update WriteFlusher@6d08f75e{WRITING}->null:IDLE-->WRITING
13:18:38.866 [Test worker] DEBUG org.apache.http.wire - http-outgoing-4 << "[\r][\n]"
13:18:38.866 [Test worker] DEBUG org.apache.http.wire - http-outgoing-4 << "0[\r][\n]"
13:18:38.866 [Test worker] DEBUG org.apache.http.wire - http-outgoing-4 << "[\r][\n]"
13:18:38.867 [Test worker] DEBUG org.apache.http.impl.conn.PoolingHttpClientConnectionManager - Connection [id: 4][route: {}->http://localhost:8080] can be kept alive indefinitely
13:18:38.867 [Test worker] DEBUG org.apache.http.impl.conn.DefaultManagedHttpClientConnection - http-outgoing-4: set socket timeout to 0
13:18:38.867 [Test worker] DEBUG org.apache.http.impl.conn.PoolingHttpClientConnectionManager - Connection released: [id: 4][route: {}->http://localhost:8080][total available: 1; route allocated: 1 of 5; total allocated: 1 of 50]
13:18:38.868 [qtp1306936337-79] DEBUG org.eclipse.jetty.io.ChannelEndPoint - flushed 7 NetworkTrafficSocketChannelEndPoint@3dd6e08f{/127.0.0.1:65003<->/127.0.0.1:8080,OPEN,fill=-,flush=W,to=2/30000}{io=0/0,kio=0,kro=1}->HttpConnection@7874472c[p=HttpParser{s=END,330 of 330},g=HttpGenerator@4394a256{s=COMPLETING}]=>HttpChannelOverHttp@372e8bff{s=HttpChannelState@722c137e{s=HANDLING rs=BLOCKING os=COMMITTED is=READY awp=false se=false i=true al=0},r=1,c=false/false,a=HANDLING,uri=//localhost:8080/__admin/mappings,age=176}
13:18:38.869 [qtp1306936337-79] DEBUG org.eclipse.jetty.io.WriteFlusher - Flushed=true written=7 remaining=0 WriteFlusher@6d08f75e{WRITING}->null
13:18:38.869 [qtp1306936337-79] DEBUG org.eclipse.jetty.io.WriteFlusher - update WriteFlusher@6d08f75e{IDLE}->null:WRITING-->IDLE
13:18:38.870 [qtp1306936337-79] DEBUG org.eclipse.jetty.server.HttpConnection - generate: DONE for org.eclipse.jetty.server.HttpConnection$SendCallback@58e13c4f[PROCESSING][i=null,cb=org.eclipse.jetty.server.HttpChannel$SendCallback@14e884a9] (null,[p=0,l=0,c=0,r=0],true)@END
13:18:38.878 [qtp1306936337-79] DEBUG org.eclipse.jetty.server.HttpOutput - onWriteComplete(true,null) s=CLOSING,api=BLOCKED,sc=false,e=null->s=CLOSED,api=BLOCKING,sc=false,e=null c=null cb=null w=false
13:18:38.878 [qtp1306936337-79] DEBUG org.eclipse.jetty.server.handler.gzip.GzipHandler - GzipHandler@3fde4138{STARTED,min=32,inflate=-1} handle Request[POST //localhost:8080/__admin/mappings]@66e62a4d in null
13:18:38.879 [qtp1306936337-79] DEBUG org.eclipse.jetty.server.handler.ContextHandler - scope null||/__admin/mappings @ o.e.j.s.ServletContextHandler@2611918a{/,null,AVAILABLE}
13:18:38.880 [qtp1306936337-79] DEBUG org.eclipse.jetty.server.Server - handled=true async=false committed=true on HttpChannelOverHttp@372e8bff{s=HttpChannelState@722c137e{s=HANDLING rs=BLOCKING os=COMPLETED is=READY awp=false se=false i=true al=0},r=1,c=false/true,a=HANDLING,uri=//localhost:8080/__admin/mappings,age=188}
13:18:38.880 [qtp1306936337-79] DEBUG org.eclipse.jetty.server.HttpChannelState - unhandle HttpChannelState@722c137e{s=HANDLING rs=BLOCKING os=COMPLETED is=READY awp=false se=false i=true al=0}
13:18:38.881 [qtp1306936337-79] DEBUG org.eclipse.jetty.server.HttpChannelState - nextAction(false) COMPLETE HttpChannelState@722c137e{s=HANDLING rs=COMPLETING os=COMPLETED is=READY awp=false se=false i=false al=0}
13:18:38.881 [qtp1306936337-79] DEBUG org.eclipse.jetty.server.HttpChannel - action COMPLETE HttpChannelOverHttp@372e8bff{s=HttpChannelState@722c137e{s=HANDLING rs=COMPLETING os=COMPLETED is=READY awp=false se=false i=false al=0},r=1,c=false/true,a=HANDLING,uri=//localhost:8080/__admin/mappings,age=189}
13:18:38.881 [qtp1306936337-79] DEBUG org.eclipse.jetty.server.HttpOutput - complete(org.eclipse.jetty.util.Callback$4@4cfe93c8) s=CLOSED,api=BLOCKING,sc=false,e=null s=true e=null, c=null
13:18:38.883 [qtp1306936337-79] DEBUG org.eclipse.jetty.server.HttpChannelState - completed HttpChannelState@722c137e{s=HANDLING rs=COMPLETING os=COMPLETED is=READY awp=false se=false i=false al=0}
13:18:38.883 [qtp1306936337-79] DEBUG org.eclipse.jetty.server.HttpChannelState - unhandle HttpChannelState@722c137e{s=HANDLING rs=COMPLETED os=COMPLETED is=READY awp=false se=false i=false al=0}
13:18:38.884 [qtp1306936337-79] DEBUG org.eclipse.jetty.server.HttpChannelState - nextAction(false) TERMINATED HttpChannelState@722c137e{s=IDLE rs=COMPLETED os=COMPLETED is=READY awp=false se=false i=false al=0}
13:18:38.885 [qtp1306936337-79] DEBUG org.eclipse.jetty.server.HttpChannel - action TERMINATED HttpChannelOverHttp@372e8bff{s=HttpChannelState@722c137e{s=IDLE rs=COMPLETED os=COMPLETED is=READY awp=false se=false i=false al=0},r=1,c=true/true,a=IDLE,uri=//localhost:8080/__admin/mappings,age=193}
13:18:38.886 [qtp1306936337-79] DEBUG org.eclipse.jetty.server.HttpChannel - onCompleted for /__admin/mappings written=330
13:18:38.888 [qtp1306936337-79] DEBUG org.eclipse.jetty.server.HttpChannelState - recycle HttpChannelState@722c137e{s=IDLE rs=COMPLETED os=COMPLETED is=READY awp=false se=false i=false al=0}
13:18:38.889 [qtp1306936337-79] DEBUG org.eclipse.jetty.http.HttpParser - reset HttpParser{s=END,330 of 330}
13:18:38.889 [qtp1306936337-79] DEBUG org.eclipse.jetty.http.HttpParser - END --> START
13:18:38.889 [qtp1306936337-79] DEBUG org.eclipse.jetty.server.HttpChannel - !handle TERMINATED HttpChannelOverHttp@372e8bff{s=HttpChannelState@722c137e{s=IDLE rs=BLOCKING os=OPEN is=IDLE awp=false se=false i=true al=0},r=1,c=false/false,a=IDLE,uri=null,age=0}
13:18:38.890 [qtp1306936337-79] DEBUG org.eclipse.jetty.io.ChannelEndPoint - filled 0 HeapByteBuffer@517b6415[p=0,l=0,c=8192,r=0]={<<<>>>HTTP/1.1 ...\x00\x00\x00\x00\x00\x00\x00}
13:18:38.891 [qtp1306936337-79] DEBUG org.eclipse.jetty.io.ChannelEndPoint - filled 0 HeapByteBuffer@517b6415[p=0,l=0,c=8192,r=0]={<<<>>>HTTP/1.1 ...\x00\x00\x00\x00\x00\x00\x00}
13:18:38.891 [qtp1306936337-79] DEBUG org.eclipse.jetty.server.HttpConnection - HttpConnection@7874472c::NetworkTrafficSocketChannelEndPoint@3dd6e08f{/127.0.0.1:65003<->/127.0.0.1:8080,OPEN,fill=-,flush=-,to=22/30000}{io=0/0,kio=0,kro=1}->HttpConnection@7874472c[p=HttpParser{s=START,0 of -1},g=HttpGenerator@4394a256{s=START}]=>HttpChannelOverHttp@372e8bff{s=HttpChannelState@722c137e{s=IDLE rs=BLOCKING os=OPEN is=IDLE awp=false se=false i=true al=0},r=1,c=false/false,a=IDLE,uri=null,age=0} filled 0 HeapByteBuffer@517b6415[p=0,l=0,c=8192,r=0]={<<<>>>HTTP/1.1 ...\x00\x00\x00\x00\x00\x00\x00}
13:18:38.892 [qtp1306936337-79] DEBUG org.eclipse.jetty.server.HttpConnection - HttpConnection@7874472c::NetworkTrafficSocketChannelEndPoint@3dd6e08f{/127.0.0.1:65003<->/127.0.0.1:8080,OPEN,fill=-,flush=-,to=22/30000}{io=0/0,kio=0,kro=1}->HttpConnection@7874472c[p=HttpParser{s=START,0 of -1},g=HttpGenerator@4394a256{s=START}]=>HttpChannelOverHttp@372e8bff{s=HttpChannelState@722c137e{s=IDLE rs=BLOCKING os=OPEN is=IDLE awp=false se=false i=true al=0},r=1,c=false/false,a=IDLE,uri=null,age=0} parse HeapByteBuffer@517b6415[p=0,l=0,c=8192,r=0]={<<<>>>HTTP/1.1 ...\x00\x00\x00\x00\x00\x00\x00} {}
13:18:38.892 [qtp1306936337-79] DEBUG org.eclipse.jetty.http.HttpParser - parseNext s=START HeapByteBuffer@517b6415[p=0,l=0,c=8192,r=0]={<<<>>>HTTP/1.1 ...\x00\x00\x00\x00\x00\x00\x00}
13:18:38.892 [qtp1306936337-79] DEBUG org.eclipse.jetty.server.HttpConnection - HttpConnection@7874472c::NetworkTrafficSocketChannelEndPoint@3dd6e08f{/127.0.0.1:65003<->/127.0.0.1:8080,OPEN,fill=-,flush=-,to=23/30000}{io=0/0,kio=0,kro=1}->HttpConnection@7874472c[p=HttpParser{s=START,0 of -1},g=HttpGenerator@4394a256{s=START}]=>HttpChannelOverHttp@372e8bff{s=HttpChannelState@722c137e{s=IDLE rs=BLOCKING os=OPEN is=IDLE awp=false se=false i=true al=0},r=1,c=false/false,a=IDLE,uri=null,age=0} parsed false HttpParser{s=START,0 of -1}
13:18:38.892 [qtp1306936337-79] DEBUG org.eclipse.jetty.server.HttpConnection - releaseRequestBuffer HttpConnection@7874472c::NetworkTrafficSocketChannelEndPoint@3dd6e08f{/127.0.0.1:65003<->/127.0.0.1:8080,OPEN,fill=-,flush=-,to=23/30000}{io=0/0,kio=0,kro=1}->HttpConnection@7874472c[p=HttpParser{s=START,0 of -1},g=HttpGenerator@4394a256{s=START}]=>HttpChannelOverHttp@372e8bff{s=HttpChannelState@722c137e{s=IDLE rs=BLOCKING os=OPEN is=IDLE awp=false se=false i=true al=0},r=1,c=false/false,a=IDLE,uri=null,age=0}
13:18:38.893 [qtp1306936337-79] DEBUG org.eclipse.jetty.io.AbstractConnection - fillInterested HttpConnection@7874472c::NetworkTrafficSocketChannelEndPoint@3dd6e08f{/127.0.0.1:65003<->/127.0.0.1:8080,OPEN,fill=-,flush=-,to=23/30000}{io=0/0,kio=0,kro=1}->HttpConnection@7874472c[p=HttpParser{s=START,0 of -1},g=HttpGenerator@4394a256{s=START}]=>HttpChannelOverHttp@372e8bff{s=HttpChannelState@722c137e{s=IDLE rs=BLOCKING os=OPEN is=IDLE awp=false se=false i=true al=0},r=1,c=false/false,a=IDLE,uri=null,age=0}
13:18:38.893 [qtp1306936337-79] DEBUG org.eclipse.jetty.io.FillInterest - interested FillInterest@26a8a8{AC.ReadCB@7874472c{HttpConnection@7874472c::NetworkTrafficSocketChannelEndPoint@3dd6e08f{/127.0.0.1:65003<->/127.0.0.1:8080,OPEN,fill=FI,flush=-,to=0/30000}{io=0/0,kio=0,kro=1}->HttpConnection@7874472c[p=HttpParser{s=START,0 of -1},g=HttpGenerator@4394a256{s=START}]=>HttpChannelOverHttp@372e8bff{s=HttpChannelState@722c137e{s=IDLE rs=BLOCKING os=OPEN is=IDLE awp=false se=false i=true al=0},r=1,c=false/false,a=IDLE,uri=null,age=0}}}
13:18:38.893 [qtp1306936337-79] DEBUG org.eclipse.jetty.io.ChannelEndPoint - changeInterests p=false 0->1 for NetworkTrafficSocketChannelEndPoint@3dd6e08f{/127.0.0.1:65003<->/127.0.0.1:8080,OPEN,fill=FI,flush=-,to=0/30000}{io=0/1,kio=0,kro=1}->HttpConnection@7874472c[p=HttpParser{s=START,0 of -1},g=HttpGenerator@4394a256{s=START}]=>HttpChannelOverHttp@372e8bff{s=HttpChannelState@722c137e{s=IDLE rs=BLOCKING os=OPEN is=IDLE awp=false se=false i=true al=0},r=1,c=false/false,a=IDLE,uri=null,age=0}
13:18:38.894 [qtp1306936337-79] DEBUG org.eclipse.jetty.io.ManagedSelector - Queued change org.eclipse.jetty.io.ChannelEndPoint$1@1203ec31 on ManagedSelector@4483ebf{STARTED} id=1 keys=1 selected=0 updates=0
13:18:38.894 [qtp1306936337-79] DEBUG org.eclipse.jetty.io.ManagedSelector - Wakeup on submit ManagedSelector@4483ebf{STARTED} id=1 keys=1 selected=0 updates=1
13:18:38.894 [qtp1306936337-74] DEBUG org.eclipse.jetty.io.ManagedSelector - Selector sun.nio.ch.WindowsSelectorImpl@23943410 woken with none selected
13:18:38.894 [qtp1306936337-74] DEBUG org.eclipse.jetty.io.ManagedSelector - Selector sun.nio.ch.WindowsSelectorImpl@23943410 woken up from select, 0/0/1 selected
13:18:38.894 [qtp1306936337-74] DEBUG org.eclipse.jetty.io.ManagedSelector - Selector sun.nio.ch.WindowsSelectorImpl@23943410 processing 0 keys, 1 updates
13:18:38.894 [qtp1306936337-74] DEBUG org.eclipse.jetty.io.ManagedSelector - updateable 1
13:18:38.894 [qtp1306936337-74] DEBUG org.eclipse.jetty.io.ManagedSelector - update org.eclipse.jetty.io.ChannelEndPoint$1@1203ec31
13:18:38.894 [qtp1306936337-74] DEBUG org.eclipse.jetty.io.ChannelEndPoint - Key interests updated 0 -> 1 on NetworkTrafficSocketChannelEndPoint@3dd6e08f{/127.0.0.1:65003<->/127.0.0.1:8080,OPEN,fill=FI,flush=-,to=1/30000}{io=1/1,kio=1,kro=1}->HttpConnection@7874472c[p=HttpParser{s=START,0 of -1},g=HttpGenerator@4394a256{s=START}]=>HttpChannelOverHttp@372e8bff{s=HttpChannelState@722c137e{s=IDLE rs=BLOCKING os=OPEN is=IDLE awp=false se=false i=true al=0},r=1,c=false/false,a=IDLE,uri=null,age=0}
13:18:38.894 [qtp1306936337-74] DEBUG org.eclipse.jetty.io.ManagedSelector - updates 0
13:18:38.894 [qtp1306936337-74] DEBUG org.eclipse.jetty.io.ManagedSelector - Selector sun.nio.ch.WindowsSelectorImpl@23943410 waiting with 1 keys
13:18:38.895 [qtp1306936337-79] DEBUG org.eclipse.jetty.server.HttpConnection - HttpConnection@7874472c::NetworkTrafficSocketChannelEndPoint@3dd6e08f{/127.0.0.1:65003<->/127.0.0.1:8080,OPEN,fill=FI,flush=-,to=1/30000}{io=1/1,kio=1,kro=1}->HttpConnection@7874472c[p=HttpParser{s=START,0 of -1},g=HttpGenerator@4394a256{s=START}]=>HttpChannelOverHttp@372e8bff{s=HttpChannelState@722c137e{s=IDLE rs=BLOCKING os=OPEN is=IDLE awp=false se=false i=true al=0},r=1,c=false/false,a=IDLE,uri=null,age=0} onFillable exit HttpChannelState@722c137e{s=IDLE rs=BLOCKING os=OPEN is=IDLE awp=false se=false i=true al=0} null
13:18:38.895 [qtp1306936337-79] DEBUG org.eclipse.jetty.util.thread.QueuedThreadPool - ran CEP:NetworkTrafficSocketChannelEndPoint@3dd6e08f{/127.0.0.1:65003<->/127.0.0.1:8080,OPEN,fill=FI,flush=-,to=2/30000}{io=1/1,kio=1,kro=1}->HttpConnection@7874472c[p=HttpParser{s=START,0 of -1},g=HttpGenerator@4394a256{s=START}]=>HttpChannelOverHttp@372e8bff{s=HttpChannelState@722c137e{s=IDLE rs=BLOCKING os=OPEN is=IDLE awp=false se=false i=true al=0},r=1,c=false/false,a=IDLE,uri=null,age=0}:runFillable:BLOCKING in QueuedThreadPool[qtp1306936337]@4de64411{STARTED,8<=8<=14,i=1,r=1,q=0}[ReservedThreadExecutor@47ca1bcb{s=1/1,p=0}]
13:18:39.207 [Test worker] DEBUG org.springframework.web.reactive.function.client.ExchangeFunctions - [7887d6f5] HTTP GET http://localhost:8080/api/v0/components/products/63d3bec5-12c6-457b-b612-526e69cd65b7/questions/hidden
13:18:39.210 [reactor-http-nio-1] DEBUG reactor.netty.resources.PooledConnectionProvider - [id: 0xf9fcd026] Created a new pooled channel, now 1 active connections and 0 inactive connections
13:18:39.210 [reactor-http-nio-1] DEBUG reactor.netty.channel.BootstrapHandlers - [id: 0xf9fcd026] Initialized pipeline DefaultChannelPipeline{(BootstrapHandlers$BootstrapInitializerHandler#0 = reactor.netty.channel.BootstrapHandlers$BootstrapInitializerHandler), (PooledConnectionProvider$PooledConnectionAllocator$PooledConnectionInitializer#0 = reactor.netty.resources.PooledConnectionProvider$PooledConnectionAllocator$PooledConnectionInitializer), (reactor.left.httpCodec = io.netty.handler.codec.http.HttpClientCodec), (reactor.right.reactiveBridge = reactor.netty.channel.ChannelOperationsHandler)}
13:18:39.213 [reactor-http-nio-1] DEBUG reactor.netty.resources.PooledConnectionProvider - [id: 0xf9fcd026, L:/127.0.0.1:65004 - R:localhost/127.0.0.1:8080] Registering pool release on close event for channel
13:18:39.213 [reactor-http-nio-1] DEBUG reactor.netty.resources.PooledConnectionProvider - [id: 0xf9fcd026, L:/127.0.0.1:65004 - R:localhost/127.0.0.1:8080] Channel connected, now 1 active connections and 0 inactive connections
13:18:39.213 [reactor-http-nio-1] DEBUG reactor.netty.resources.PooledConnectionProvider - [id: 0xf9fcd026, L:/127.0.0.1:65004 - R:localhost/127.0.0.1:8080] onStateChange(PooledConnection{channel=[id: 0xf9fcd026, L:/127.0.0.1:65004 - R:localhost/127.0.0.1:8080]}, [connected])
13:18:39.213 [reactor-http-nio-1] DEBUG reactor.netty.resources.PooledConnectionProvider - [id: 0xf9fcd026, L:/127.0.0.1:65004 - R:localhost/127.0.0.1:8080] onStateChange(GET{uri=/, connection=PooledConnection{channel=[id: 0xf9fcd026, L:/127.0.0.1:65004 - R:localhost/127.0.0.1:8080]}}, [configured])
13:18:39.213 [reactor-http-nio-1] DEBUG reactor.netty.ReactorNetty - [id: 0xf9fcd026, L:/127.0.0.1:65004 - R:localhost/127.0.0.1:8080] Added decoder [ReadTimeoutHandler] at the end of the user pipeline, full pipeline: [reactor.left.httpCodec, ReadTimeoutHandler, reactor.right.reactiveBridge, DefaultChannelPipeline$TailContext#0]
13:18:39.213 [reactor-http-nio-1] DEBUG reactor.netty.ReactorNetty - [id: 0xf9fcd026, L:/127.0.0.1:65004 - R:localhost/127.0.0.1:8080] Added decoder [WriteTimeoutHandler] at the end of the user pipeline, full pipeline: [reactor.left.httpCodec, ReadTimeoutHandler, WriteTimeoutHandler, reactor.right.reactiveBridge, DefaultChannelPipeline$TailContext#0]
13:18:39.214 [reactor-http-nio-1] DEBUG reactor.netty.http.client.HttpClientConnect - [id: 0xf9fcd026, L:/127.0.0.1:65004 - R:localhost/127.0.0.1:8080] Handler is being applied: {uri=http://localhost:8080/api/v0/components/products/63d3bec5-12c6-457b-b612-526e69cd65b7/questions/hidden, method=GET}
13:18:39.214 [reactor-http-nio-1] DEBUG reactor.netty.resources.PooledConnectionProvider - [id: 0xf9fcd026, L:/127.0.0.1:65004 - R:localhost/127.0.0.1:8080] onStateChange(GET{uri=/api/v0/components/products/63d3bec5-12c6-457b-b612-526e69cd65b7/questions/hidden, connection=PooledConnection{channel=[id: 0xf9fcd026, L:/127.0.0.1:65004 - R:localhost/127.0.0.1:8080]}}, [request_prepared])
13:18:39.215 [reactor-http-nio-1] DEBUG reactor.netty.resources.PooledConnectionProvider - [id: 0xf9fcd026, L:/127.0.0.1:65004 - R:localhost/127.0.0.1:8080] onStateChange(GET{uri=/api/v0/components/products/63d3bec5-12c6-457b-b612-526e69cd65b7/questions/hidden, connection=PooledConnection{channel=[id: 0xf9fcd026, L:/127.0.0.1:65004 - R:localhost/127.0.0.1:8080]}}, [request_sent])
13:18:39.228 [qtp1306936337-75-acceptor-0@4284a2c4-NetworkTrafficServerConnector@1c37fc0{HTTP/1.1, (http/1.1)}{0.0.0.0:8080}] DEBUG org.eclipse.jetty.io.ManagedSelector - Queued change org.eclipse.jetty.io.ManagedSelector$Accept@43bdbeeb on ManagedSelector@689012ee{STARTED} id=0 keys=0 selected=0 updates=0
13:18:39.228 [qtp1306936337-75-acceptor-0@4284a2c4-NetworkTrafficServerConnector@1c37fc0{HTTP/1.1, (http/1.1)}{0.0.0.0:8080}] DEBUG org.eclipse.jetty.io.ManagedSelector - Wakeup on submit ManagedSelector@689012ee{STARTED} id=0 keys=0 selected=0 updates=1
13:18:39.229 [qtp1306936337-73] DEBUG org.eclipse.jetty.io.ManagedSelector - Selector sun.nio.ch.WindowsSelectorImpl@1e8618d6 woken with none selected
13:18:39.229 [qtp1306936337-73] DEBUG org.eclipse.jetty.io.ManagedSelector - Selector sun.nio.ch.WindowsSelectorImpl@1e8618d6 woken up from select, 0/0/0 selected
13:18:39.229 [qtp1306936337-73] DEBUG org.eclipse.jetty.io.ManagedSelector - Selector sun.nio.ch.WindowsSelectorImpl@1e8618d6 processing 0 keys, 1 updates
13:18:39.229 [qtp1306936337-73] DEBUG org.eclipse.jetty.io.ManagedSelector - updateable 1
13:18:39.229 [qtp1306936337-73] DEBUG org.eclipse.jetty.io.ManagedSelector - update org.eclipse.jetty.io.ManagedSelector$Accept@43bdbeeb
13:18:39.229 [qtp1306936337-73] DEBUG org.eclipse.jetty.util.thread.QueuedThreadPool - queue org.eclipse.jetty.io.ManagedSelector$Accept@43bdbeeb startThread=0
13:18:39.229 [qtp1306936337-73] DEBUG org.eclipse.jetty.io.ManagedSelector - updates 0
13:18:39.229 [qtp1306936337-73] DEBUG org.eclipse.jetty.io.ManagedSelector - Selector sun.nio.ch.WindowsSelectorImpl@1e8618d6 waiting with 1 keys
13:18:39.252 [qtp1306936337-80] DEBUG org.eclipse.jetty.util.thread.QueuedThreadPool - run org.eclipse.jetty.io.ManagedSelector$Accept@43bdbeeb in QueuedThreadPool[qtp1306936337]@4de64411{STARTED,8<=8<=14,i=1,r=1,q=0}[ReservedThreadExecutor@47ca1bcb{s=1/1,p=0}]
13:18:39.252 [qtp1306936337-80] DEBUG org.eclipse.jetty.io.IdleTimeout - NetworkTrafficSocketChannelEndPoint@8a6b25e{/127.0.0.1:65004<->/127.0.0.1:8080,OPEN,fill=-,flush=-,to=0/30000}{io=0/0,kio=0,kro=0}-><null> idle timeout check, elapsed: 0 ms, remaining: 30000 ms
13:18:39.253 [qtp1306936337-80] DEBUG org.eclipse.jetty.server.HttpChannel - new HttpChannelOverHttp@6615d3a{s=HttpChannelState@25ed92e{s=IDLE rs=BLOCKING os=OPEN is=IDLE awp=false se=false i=true al=0},r=0,c=false/false,a=IDLE,uri=null,age=0} -> NetworkTrafficSocketChannelEndPoint@8a6b25e{/127.0.0.1:65004<->/127.0.0.1:8080,OPEN,fill=-,flush=-,to=0/30000}{io=0/0,kio=0,kro=0}-><null>,null,HttpChannelState@25ed92e{s=IDLE rs=BLOCKING os=OPEN is=IDLE awp=false se=false i=true al=0}
13:18:39.253 [qtp1306936337-80] DEBUG org.eclipse.jetty.server.HttpConnection - New HTTP Connection HttpConnection@475c5701::NetworkTrafficSocketChannelEndPoint@8a6b25e{/127.0.0.1:65004<->/127.0.0.1:8080,OPEN,fill=-,flush=-,to=0/30000}{io=0/0,kio=0,kro=0}-><null>
13:18:39.253 [qtp1306936337-80] DEBUG org.eclipse.jetty.io.AbstractEndPoint - onOpen NetworkTrafficSocketChannelEndPoint@8a6b25e{/127.0.0.1:65004<->/127.0.0.1:8080,OPEN,fill=-,flush=-,to=0/30000}{io=0/0,kio=0,kro=0}->HttpConnection@475c5701[p=HttpParser{s=START,0 of -1},g=HttpGenerator@7ad529f6{s=START}]=>HttpChannelOverHttp@6615d3a{s=HttpChannelState@25ed92e{s=IDLE rs=BLOCKING os=OPEN is=IDLE awp=false se=false i=true al=0},r=0,c=false/false,a=IDLE,uri=null,age=0}
13:18:39.253 [qtp1306936337-80] DEBUG org.eclipse.jetty.io.AbstractConnection - onOpen HttpConnection@475c5701::NetworkTrafficSocketChannelEndPoint@8a6b25e{/127.0.0.1:65004<->/127.0.0.1:8080,OPEN,fill=-,flush=-,to=0/30000}{io=0/0,kio=0,kro=0}->HttpConnection@475c5701[p=HttpParser{s=START,0 of -1},g=HttpGenerator@7ad529f6{s=START}]=>HttpChannelOverHttp@6615d3a{s=HttpChannelState@25ed92e{s=IDLE rs=BLOCKING os=OPEN is=IDLE awp=false se=false i=true al=0},r=0,c=false/false,a=IDLE,uri=null,age=0}
13:18:39.253 [qtp1306936337-80] DEBUG org.eclipse.jetty.io.AbstractConnection - fillInterested HttpConnection@475c5701::NetworkTrafficSocketChannelEndPoint@8a6b25e{/127.0.0.1:65004<->/127.0.0.1:8080,OPEN,fill=-,flush=-,to=0/30000}{io=0/0,kio=0,kro=0}->HttpConnection@475c5701[p=HttpParser{s=START,0 of -1},g=HttpGenerator@7ad529f6{s=START}]=>HttpChannelOverHttp@6615d3a{s=HttpChannelState@25ed92e{s=IDLE rs=BLOCKING os=OPEN is=IDLE awp=false se=false i=true al=0},r=0,c=false/false,a=IDLE,uri=null,age=0}
13:18:39.253 [qtp1306936337-80] DEBUG org.eclipse.jetty.io.FillInterest - interested FillInterest@7651331b{AC.ReadCB@475c5701{HttpConnection@475c5701::NetworkTrafficSocketChannelEndPoint@8a6b25e{/127.0.0.1:65004<->/127.0.0.1:8080,OPEN,fill=FI,flush=-,to=0/30000}{io=0/0,kio=0,kro=0}->HttpConnection@475c5701[p=HttpParser{s=START,0 of -1},g=HttpGenerator@7ad529f6{s=START}]=>HttpChannelOverHttp@6615d3a{s=HttpChannelState@25ed92e{s=IDLE rs=BLOCKING os=OPEN is=IDLE awp=false se=false i=true al=0},r=0,c=false/false,a=IDLE,uri=null,age=0}}}
13:18:39.253 [qtp1306936337-80] DEBUG org.eclipse.jetty.io.ChannelEndPoint - changeInterests p=false 0->1 for NetworkTrafficSocketChannelEndPoint@8a6b25e{/127.0.0.1:65004<->/127.0.0.1:8080,OPEN,fill=FI,flush=-,to=0/30000}{io=0/1,kio=0,kro=0}->HttpConnection@475c5701[p=HttpParser{s=START,0 of -1},g=HttpGenerator@7ad529f6{s=START}]=>HttpChannelOverHttp@6615d3a{s=HttpChannelState@25ed92e{s=IDLE rs=BLOCKING os=OPEN is=IDLE awp=false se=false i=true al=0},r=0,c=false/false,a=IDLE,uri=null,age=0}
13:18:39.253 [qtp1306936337-80] DEBUG org.eclipse.jetty.io.ManagedSelector - Queued change org.eclipse.jetty.io.ChannelEndPoint$1@2321356 on ManagedSelector@689012ee{STARTED} id=0 keys=1 selected=0 updates=0
13:18:39.253 [qtp1306936337-80] DEBUG org.eclipse.jetty.io.ManagedSelector - Wakeup on submit ManagedSelector@689012ee{STARTED} id=0 keys=1 selected=0 updates=1
13:18:39.254 [qtp1306936337-73] DEBUG org.eclipse.jetty.io.ManagedSelector - Selector sun.nio.ch.WindowsSelectorImpl@1e8618d6 woken with none selected
13:18:39.254 [qtp1306936337-73] DEBUG org.eclipse.jetty.io.ManagedSelector - Selector sun.nio.ch.WindowsSelectorImpl@1e8618d6 woken up from select, 0/0/1 selected
13:18:39.254 [qtp1306936337-73] DEBUG org.eclipse.jetty.io.ManagedSelector - Selector sun.nio.ch.WindowsSelectorImpl@1e8618d6 processing 0 keys, 1 updates
13:18:39.254 [qtp1306936337-73] DEBUG org.eclipse.jetty.io.ManagedSelector - updateable 1
13:18:39.254 [qtp1306936337-73] DEBUG org.eclipse.jetty.io.ManagedSelector - update org.eclipse.jetty.io.ChannelEndPoint$1@2321356
13:18:39.255 [qtp1306936337-73] DEBUG org.eclipse.jetty.io.ChannelEndPoint - Key interests updated 0 -> 1 on NetworkTrafficSocketChannelEndPoint@8a6b25e{/127.0.0.1:65004<->/127.0.0.1:8080,OPEN,fill=FI,flush=-,to=1/30000}{io=1/1,kio=1,kro=0}->HttpConnection@475c5701[p=HttpParser{s=START,0 of -1},g=HttpGenerator@7ad529f6{s=START}]=>HttpChannelOverHttp@6615d3a{s=HttpChannelState@25ed92e{s=IDLE rs=BLOCKING os=OPEN is=IDLE awp=false se=false i=true al=0},r=0,c=false/false,a=IDLE,uri=null,age=0}
13:18:39.255 [qtp1306936337-80] DEBUG org.eclipse.jetty.io.ManagedSelector - Created NetworkTrafficSocketChannelEndPoint@8a6b25e{/127.0.0.1:65004<->/127.0.0.1:8080,OPEN,fill=FI,flush=-,to=1/30000}{io=1/1,kio=1,kro=0}->HttpConnection@475c5701[p=HttpParser{s=START,0 of -1},g=HttpGenerator@7ad529f6{s=START}]=>HttpChannelOverHttp@6615d3a{s=HttpChannelState@25ed92e{s=IDLE rs=BLOCKING os=OPEN is=IDLE awp=false se=false i=true al=0},r=0,c=false/false,a=IDLE,uri=null,age=0}
13:18:39.255 [qtp1306936337-73] DEBUG org.eclipse.jetty.io.ManagedSelector - updates 0
13:18:39.255 [qtp1306936337-73] DEBUG org.eclipse.jetty.io.ManagedSelector - Selector sun.nio.ch.WindowsSelectorImpl@1e8618d6 waiting with 1 keys
13:18:39.255 [qtp1306936337-73] DEBUG org.eclipse.jetty.io.ManagedSelector - Selector sun.nio.ch.WindowsSelectorImpl@1e8618d6 woken up from select, 1/1/1 selected
13:18:39.255 [qtp1306936337-73] DEBUG org.eclipse.jetty.io.ManagedSelector - Selector sun.nio.ch.WindowsSelectorImpl@1e8618d6 processing 1 keys, 0 updates
13:18:39.255 [qtp1306936337-73] DEBUG org.eclipse.jetty.io.ManagedSelector - selected 1 channel=java.nio.channels.SocketChannel[connected local=/127.0.0.1:8080 remote=/127.0.0.1:65004], selector=sun.nio.ch.WindowsSelectorImpl@1e8618d6, interestOps=1, readyOps=1 NetworkTrafficSocketChannelEndPoint@8a6b25e{/127.0.0.1:65004<->/127.0.0.1:8080,OPEN,fill=FI,flush=-,to=1/30000}{io=1/1,kio=1,kro=1}->HttpConnection@475c5701[p=HttpParser{s=START,0 of -1},g=HttpGenerator@7ad529f6{s=START}]=>HttpChannelOverHttp@6615d3a{s=HttpChannelState@25ed92e{s=IDLE rs=BLOCKING os=OPEN is=IDLE awp=false se=false i=true al=0},r=0,c=false/false,a=IDLE,uri=null,age=0} 
13:18:39.255 [qtp1306936337-73] DEBUG org.eclipse.jetty.io.ChannelEndPoint - onSelected 1->0 r=true w=false for NetworkTrafficSocketChannelEndPoint@8a6b25e{/127.0.0.1:65004<->/127.0.0.1:8080,OPEN,fill=FI,flush=-,to=1/30000}{io=1/0,kio=1,kro=1}->HttpConnection@475c5701[p=HttpParser{s=START,0 of -1},g=HttpGenerator@7ad529f6{s=START}]=>HttpChannelOverHttp@6615d3a{s=HttpChannelState@25ed92e{s=IDLE rs=BLOCKING os=OPEN is=IDLE awp=false se=false i=true al=0},r=0,c=false/false,a=IDLE,uri=null,age=0}
13:18:39.255 [qtp1306936337-73] DEBUG org.eclipse.jetty.io.ChannelEndPoint - task CEP:NetworkTrafficSocketChannelEndPoint@8a6b25e{/127.0.0.1:65004<->/127.0.0.1:8080,OPEN,fill=FI,flush=-,to=1/30000}{io=1/0,kio=1,kro=1}->HttpConnection@475c5701[p=HttpParser{s=START,0 of -1},g=HttpGenerator@7ad529f6{s=START}]=>HttpChannelOverHttp@6615d3a{s=HttpChannelState@25ed92e{s=IDLE rs=BLOCKING os=OPEN is=IDLE awp=false se=false i=true al=0},r=0,c=false/false,a=IDLE,uri=null,age=0}:runFillable:BLOCKING
13:18:39.255 [qtp1306936337-73] DEBUG org.eclipse.jetty.util.thread.ReservedThreadExecutor - ReservedThreadExecutor@47ca1bcb{s=1/1,p=0} tryExecute EatWhatYouKill@14e0447e/SelectorProducer@4fbf91e1/PRODUCING/p=false/QueuedThreadPool[qtp1306936337]@4de64411{STARTED,8<=8<=14,i=1,r=1,q=0}[ReservedThreadExecutor@47ca1bcb{s=1/1,p=0}][pc=0,pic=0,pec=0,epc=0]@2020-09-25T13:18:39.2554043+02:00
13:18:39.255 [qtp1306936337-73] DEBUG org.eclipse.jetty.util.thread.ReservedThreadExecutor - ReservedThreadExecutor@47ca1bcb{s=0/1,p=0}@296c5f60 offer EatWhatYouKill@14e0447e/SelectorProducer@4fbf91e1/PRODUCING/p=false/QueuedThreadPool[qtp1306936337]@4de64411{STARTED,8<=8<=14,i=1,r=1,q=0}[ReservedThreadExecutor@47ca1bcb{s=0/1,p=0}][pc=0,pic=0,pec=0,epc=0]@2020-09-25T13:18:39.2554043+02:00
13:18:39.255 [qtp1306936337-73] DEBUG org.eclipse.jetty.util.thread.ReservedThreadExecutor - ReservedThreadExecutor@47ca1bcb{s=0/1,p=1} startReservedThread p=1
13:18:39.256 [qtp1306936337-73] DEBUG org.eclipse.jetty.util.thread.QueuedThreadPool - queue ReservedThreadExecutor@47ca1bcb{s=0/1,p=1}@147e73a6 startThread=0
13:18:39.256 [qtp1306936337-73] DEBUG org.eclipse.jetty.util.thread.strategy.EatWhatYouKill - EatWhatYouKill@14e0447e/SelectorProducer@4fbf91e1/IDLE/p=true/QueuedThreadPool[qtp1306936337]@4de64411{STARTED,8<=8<=14,i=0,r=1,q=0}[ReservedThreadExecutor@47ca1bcb{s=0/1,p=1}][pc=0,pic=0,pec=0,epc=0]@2020-09-25T13:18:39.2563895+02:00 m=EXECUTE_PRODUCE_CONSUME t=CEP:NetworkTrafficSocketChannelEndPoint@8a6b25e{/127.0.0.1:65004<->/127.0.0.1:8080,OPEN,fill=FI,flush=-,to=2/30000}{io=1/0,kio=1,kro=1}->HttpConnection@475c5701[p=HttpParser{s=START,0 of -1},g=HttpGenerator@7ad529f6{s=START}]=>HttpChannelOverHttp@6615d3a{s=HttpChannelState@25ed92e{s=IDLE rs=BLOCKING os=OPEN is=IDLE awp=false se=false i=true al=0},r=0,c=false/false,a=IDLE,uri=null,age=0}:runFillable:BLOCKING/BLOCKING
13:18:39.256 [qtp1306936337-73] DEBUG org.eclipse.jetty.io.FillInterest - fillable FillInterest@7651331b{AC.ReadCB@475c5701{HttpConnection@475c5701::NetworkTrafficSocketChannelEndPoint@8a6b25e{/127.0.0.1:65004<->/127.0.0.1:8080,OPEN,fill=FI,flush=-,to=2/30000}{io=1/0,kio=1,kro=1}->HttpConnection@475c5701[p=HttpParser{s=START,0 of -1},g=HttpGenerator@7ad529f6{s=START}]=>HttpChannelOverHttp@6615d3a{s=HttpChannelState@25ed92e{s=IDLE rs=BLOCKING os=OPEN is=IDLE awp=false se=false i=true al=0},r=0,c=false/false,a=IDLE,uri=null,age=0}}}
13:18:39.256 [qtp1306936337-73] DEBUG org.eclipse.jetty.server.HttpConnection - HttpConnection@475c5701::NetworkTrafficSocketChannelEndPoint@8a6b25e{/127.0.0.1:65004<->/127.0.0.1:8080,OPEN,fill=-,flush=-,to=2/30000}{io=1/0,kio=1,kro=1}->HttpConnection@475c5701[p=HttpParser{s=START,0 of -1},g=HttpGenerator@7ad529f6{s=START}]=>HttpChannelOverHttp@6615d3a{s=HttpChannelState@25ed92e{s=IDLE rs=BLOCKING os=OPEN is=IDLE awp=false se=false i=true al=0},r=0,c=false/false,a=IDLE,uri=null,age=0} onFillable enter HttpChannelState@25ed92e{s=IDLE rs=BLOCKING os=OPEN is=IDLE awp=false se=false i=true al=0} null
13:18:39.256 [qtp1306936337-73] DEBUG org.eclipse.jetty.io.ChannelEndPoint - filled 197 HeapByteBuffer@517b6415[p=0,l=197,c=8192,r=197]={<<<GET /api/v0/components/pr...horization: Bearer \r\n\r\n>>>\n  "id" :...\x00\x00\x00\x00\x00\x00\x00}
13:18:39.256 [qtp1306936337-73] DEBUG org.eclipse.jetty.server.HttpConnection - HttpConnection@475c5701::NetworkTrafficSocketChannelEndPoint@8a6b25e{/127.0.0.1:65004<->/127.0.0.1:8080,OPEN,fill=-,flush=-,to=0/30000}{io=1/0,kio=1,kro=1}->HttpConnection@475c5701[p=HttpParser{s=START,0 of -1},g=HttpGenerator@7ad529f6{s=START}]=>HttpChannelOverHttp@6615d3a{s=HttpChannelState@25ed92e{s=IDLE rs=BLOCKING os=OPEN is=IDLE awp=false se=false i=true al=0},r=0,c=false/false,a=IDLE,uri=null,age=0} filled 197 HeapByteBuffer@517b6415[p=0,l=197,c=8192,r=197]={<<<GET /api/v0/components/pr...horization: Bearer \r\n\r\n>>>\n  "id" :...\x00\x00\x00\x00\x00\x00\x00}
13:18:39.256 [qtp1306936337-73] DEBUG org.eclipse.jetty.server.HttpConnection - HttpConnection@475c5701::NetworkTrafficSocketChannelEndPoint@8a6b25e{/127.0.0.1:65004<->/127.0.0.1:8080,OPEN,fill=-,flush=-,to=0/30000}{io=1/0,kio=1,kro=1}->HttpConnection@475c5701[p=HttpParser{s=START,0 of -1},g=HttpGenerator@7ad529f6{s=START}]=>HttpChannelOverHttp@6615d3a{s=HttpChannelState@25ed92e{s=IDLE rs=BLOCKING os=OPEN is=IDLE awp=false se=false i=true al=0},r=0,c=false/false,a=IDLE,uri=null,age=0} parse HeapByteBuffer@517b6415[p=0,l=197,c=8192,r=197]={<<<GET /api/v0/components/pr...horization: Bearer \r\n\r\n>>>\n  "id" :...\x00\x00\x00\x00\x00\x00\x00} {}
13:18:39.256 [qtp1306936337-73] DEBUG org.eclipse.jetty.http.HttpParser - parseNext s=START HeapByteBuffer@517b6415[p=0,l=197,c=8192,r=197]={<<<GET /api/v0/components/pr...horization: Bearer \r\n\r\n>>>\n  "id" :...\x00\x00\x00\x00\x00\x00\x00}
13:18:39.256 [qtp1306936337-73] DEBUG org.eclipse.jetty.http.HttpParser - START --> SPACE1
13:18:39.256 [qtp1306936337-73] DEBUG org.eclipse.jetty.http.HttpParser - SPACE1 --> URI
13:18:39.257 [qtp1306936337-73] DEBUG org.eclipse.jetty.http.HttpParser - URI --> SPACE2
13:18:39.257 [qtp1306936337-73] DEBUG org.eclipse.jetty.http.HttpParser - SPACE2 --> REQUEST_VERSION
13:18:39.257 [qtp1306936337-73] DEBUG org.eclipse.jetty.http.HttpParser - REQUEST_VERSION --> HEADER
13:18:39.257 [qtp1306936337-73] DEBUG org.eclipse.jetty.http.HttpParser - HEADER:User-Agent --> VALUE
13:18:39.257 [qtp1306936337-73] DEBUG org.eclipse.jetty.http.HttpParser - HEADER:User-Agent --> IN_VALUE
13:18:39.257 [qtp1306936337-73] DEBUG org.eclipse.jetty.http.HttpParser - HEADER:User-Agent --> FIELD
13:18:39.257 [qtp1306936337-73] DEBUG org.eclipse.jetty.http.HttpParser - HEADER:Host --> VALUE
13:18:39.257 [qtp1306936337-73] DEBUG org.eclipse.jetty.http.HttpParser - HEADER:Host --> IN_VALUE
13:18:39.257 [qtp1306936337-73] DEBUG org.eclipse.jetty.http.HttpParser - HEADER:Host --> FIELD
13:18:39.257 [qtp1306936337-73] DEBUG org.eclipse.jetty.http.HttpParser - HEADER:Accept: */* --> IN_VALUE
13:18:39.257 [qtp1306936337-73] DEBUG org.eclipse.jetty.http.HttpParser - HEADER:Accept: */* --> FIELD
13:18:39.257 [qtp1306936337-73] DEBUG org.eclipse.jetty.http.HttpParser - HEADER:Authorization --> VALUE
13:18:39.257 [qtp1306936337-73] DEBUG org.eclipse.jetty.http.HttpParser - HEADER:Authorization --> IN_VALUE
13:18:39.257 [qtp1306936337-73] DEBUG org.eclipse.jetty.http.HttpParser - HEADER:Authorization --> FIELD
13:18:39.257 [qtp1306936337-73] DEBUG org.eclipse.jetty.http.HttpParser - HEADER --> CONTENT
13:18:39.257 [qtp1306936337-73] DEBUG org.eclipse.jetty.server.HttpChannel - REQUEST for //localhost:8080/api/v0/components/products/63d3bec5-12c6-457b-b612-526e69cd65b7/questions/hidden on HttpChannelOverHttp@6615d3a{s=HttpChannelState@25ed92e{s=IDLE rs=BLOCKING os=OPEN is=IDLE awp=false se=false i=true al=0},r=1,c=false/false,a=IDLE,uri=//localhost:8080/api/v0/components/products/63d3bec5-12c6-457b-b612-526e69cd65b7/questions/hidden,age=0}
GET //localhost:8080/api/v0/components/products/63d3bec5-12c6-457b-b612-526e69cd65b7/questions/hidden HTTP/1.1
User-Agent: ReactorNetty/0.9.7.RELEASE
Host: localhost:8080
Accept: */*
Authorization: Bearer


13:18:39.257 [qtp1306936337-73] DEBUG org.eclipse.jetty.server.HttpConnection - HttpConnection@475c5701::NetworkTrafficSocketChannelEndPoint@8a6b25e{/127.0.0.1:65004<->/127.0.0.1:8080,OPEN,fill=-,flush=-,to=0/30000}{io=1/0,kio=1,kro=1}->HttpConnection@475c5701[p=HttpParser{s=CONTENT,0 of -1},g=HttpGenerator@7ad529f6{s=START}]=>HttpChannelOverHttp@6615d3a{s=HttpChannelState@25ed92e{s=IDLE rs=BLOCKING os=OPEN is=IDLE awp=false se=false i=true al=0},r=1,c=false/false,a=IDLE,uri=//localhost:8080/api/v0/components/products/63d3bec5-12c6-457b-b612-526e69cd65b7/questions/hidden,age=0} parsed true HttpParser{s=CONTENT,0 of -1}
13:18:39.257 [qtp1306936337-73] DEBUG org.eclipse.jetty.server.HttpConnection - releaseRequestBuffer HttpConnection@475c5701::NetworkTrafficSocketChannelEndPoint@8a6b25e{/127.0.0.1:65004<->/127.0.0.1:8080,OPEN,fill=-,flush=-,to=0/30000}{io=1/0,kio=1,kro=1}->HttpConnection@475c5701[p=HttpParser{s=CONTENT,0 of -1},g=HttpGenerator@7ad529f6{s=START}]=>HttpChannelOverHttp@6615d3a{s=HttpChannelState@25ed92e{s=IDLE rs=BLOCKING os=OPEN is=IDLE awp=false se=false i=true al=0},r=1,c=false/false,a=IDLE,uri=//localhost:8080/api/v0/components/products/63d3bec5-12c6-457b-b612-526e69cd65b7/questions/hidden,age=0}
13:18:39.257 [qtp1306936337-73] DEBUG org.eclipse.jetty.server.HttpChannel - handle //localhost:8080/api/v0/components/products/63d3bec5-12c6-457b-b612-526e69cd65b7/questions/hidden HttpChannelOverHttp@6615d3a{s=HttpChannelState@25ed92e{s=IDLE rs=BLOCKING os=OPEN is=IDLE awp=false se=false i=true al=0},r=1,c=false/false,a=IDLE,uri=//localhost:8080/api/v0/components/products/63d3bec5-12c6-457b-b612-526e69cd65b7/questions/hidden,age=0} 
13:18:39.257 [qtp1306936337-73] DEBUG org.eclipse.jetty.server.HttpChannelState - handling HttpChannelState@25ed92e{s=IDLE rs=BLOCKING os=OPEN is=IDLE awp=false se=false i=true al=0}
13:18:39.257 [qtp1306936337-73] DEBUG org.eclipse.jetty.server.HttpChannel - action DISPATCH HttpChannelOverHttp@6615d3a{s=HttpChannelState@25ed92e{s=HANDLING rs=BLOCKING os=OPEN is=IDLE awp=false se=false i=true al=0},r=1,c=false/false,a=HANDLING,uri=//localhost:8080/api/v0/components/products/63d3bec5-12c6-457b-b612-526e69cd65b7/questions/hidden,age=0}
13:18:39.257 [qtp1306936337-80] DEBUG org.eclipse.jetty.util.thread.QueuedThreadPool - ran org.eclipse.jetty.io.ManagedSelector$Accept@43bdbeeb in QueuedThreadPool[qtp1306936337]@4de64411{STARTED,8<=8<=14,i=1,r=1,q=0}[ReservedThreadExecutor@47ca1bcb{s=0/1,p=1}]
13:18:39.257 [qtp1306936337-73] DEBUG org.eclipse.jetty.server.Server - REQUEST GET /api/v0/components/products/63d3bec5-12c6-457b-b612-526e69cd65b7/questions/hidden on HttpChannelOverHttp@6615d3a{s=HttpChannelState@25ed92e{s=HANDLING rs=BLOCKING os=OPEN is=IDLE awp=false se=false i=true al=0},r=1,c=false/false,a=HANDLING,uri=//localhost:8080/api/v0/components/products/63d3bec5-12c6-457b-b612-526e69cd65b7/questions/hidden,age=0}
13:18:39.257 [qtp1306936337-80] DEBUG org.eclipse.jetty.util.thread.QueuedThreadPool - run ReservedThreadExecutor@47ca1bcb{s=0/1,p=1}@147e73a6 in QueuedThreadPool[qtp1306936337]@4de64411{STARTED,8<=8<=14,i=1,r=1,q=0}[ReservedThreadExecutor@47ca1bcb{s=0/1,p=1}]
13:18:39.257 [qtp1306936337-73] DEBUG org.eclipse.jetty.server.handler.ContextHandler - scope null||/api/v0/components/products/63d3bec5-12c6-457b-b612-526e69cd65b7/questions/hidden @ o.e.j.s.ServletContextHandler@2cd6911d{/__admin,null,AVAILABLE}
13:18:39.258 [qtp1306936337-73] DEBUG org.eclipse.jetty.server.handler.gzip.GzipHandler - GzipHandler@3fde4138{STARTED,min=32,inflate=-1} handle Request(GET //localhost:8080/api/v0/components/products/63d3bec5-12c6-457b-b612-526e69cd65b7/questions/hidden)@517cef4d in null
13:18:39.258 [qtp1306936337-73] DEBUG org.eclipse.jetty.server.handler.ContextHandler - scope null||/api/v0/components/products/63d3bec5-12c6-457b-b612-526e69cd65b7/questions/hidden @ o.e.j.s.ServletContextHandler@2611918a{/,null,AVAILABLE}
13:18:39.258 [qtp1306936337-73] DEBUG org.eclipse.jetty.server.handler.ContextHandler - context=||/api/v0/components/products/63d3bec5-12c6-457b-b612-526e69cd65b7/questions/hidden @ o.e.j.s.ServletContextHandler@2611918a{/,null,AVAILABLE}
13:18:39.258 [qtp1306936337-73] DEBUG org.eclipse.jetty.servlet.ServletHandler - servlet |/api/v0/components/products/63d3bec5-12c6-457b-b612-526e69cd65b7/questions/hidden|null -> com.github.tomakehurst.wiremock.servlet.WireMockHandlerDispatchingServlet-266bbd62@32adf47c==com.github.tomakehurst.wiremock.servlet.WireMockHandlerDispatchingServlet,jsp=null,order=-1,inst=false,async=true
13:18:39.258 [qtp1306936337-73] DEBUG org.eclipse.jetty.servlet.ServletHandler - chain=org.eclipse.jetty.servlets.CrossOriginFilter-6566cf02@6566cf02==org.eclipse.jetty.servlets.CrossOriginFilter,inst=true,async=true->com.github.tomakehurst.wiremock.servlet.WireMockHandlerDispatchingServlet-266bbd62@32adf47c==com.github.tomakehurst.wiremock.servlet.WireMockHandlerDispatchingServlet,jsp=null,order=-1,inst=false,async=true
13:18:39.258 [qtp1306936337-73] DEBUG org.eclipse.jetty.servlet.ServletHolder - Servlet.init com.github.tomakehurst.wiremock.servlet.WireMockHandlerDispatchingServlet@7f121d1c for com.github.tomakehurst.wiremock.servlet.WireMockHandlerDispatchingServlet-266bbd62
13:18:39.359 [qtp1306936337-73] INFO org.eclipse.jetty.server.handler.ContextHandler.ROOT - RequestHandlerClass from context returned com.github.tomakehurst.wiremock.http.StubRequestHandler. Normalized mapped under returned 'null'
13:18:39.359 [qtp1306936337-73] DEBUG org.eclipse.jetty.servlet.ServletHandler - call filter org.eclipse.jetty.servlets.CrossOriginFilter-6566cf02@6566cf02==org.eclipse.jetty.servlets.CrossOriginFilter,inst=true,async=true
13:18:39.359 [qtp1306936337-73] DEBUG org.eclipse.jetty.servlet.ServletHandler - call servlet com.github.tomakehurst.wiremock.servlet.WireMockHandlerDispatchingServlet-266bbd62@32adf47c==com.github.tomakehurst.wiremock.servlet.WireMockHandlerDispatchingServlet,jsp=null,order=-1,inst=true,async=true
13:18:39.360 [qtp1306936337-73] DEBUG org.eclipse.jetty.io.ChannelEndPoint - filled 0 HeapByteBuffer@517b6415[p=0,l=0,c=8192,r=0]={<<<>>>GET /api/...\x00\x00\x00\x00\x00\x00\x00}
13:18:39.360 [qtp1306936337-73] DEBUG org.eclipse.jetty.io.ChannelEndPoint - filled 0 HeapByteBuffer@517b6415[p=0,l=0,c=8192,r=0]={<<<>>>GET /api/...\x00\x00\x00\x00\x00\x00\x00}
13:18:39.360 [qtp1306936337-73] DEBUG org.eclipse.jetty.server.HttpConnection - HttpConnection@475c5701::NetworkTrafficSocketChannelEndPoint@8a6b25e{/127.0.0.1:65004<->/127.0.0.1:8080,OPEN,fill=-,flush=-,to=103/30000}{io=1/0,kio=1,kro=1}->HttpConnection@475c5701[p=HttpParser{s=CONTENT,0 of -1},g=HttpGenerator@7ad529f6{s=START}]=>HttpChannelOverHttp@6615d3a{s=HttpChannelState@25ed92e{s=HANDLING rs=BLOCKING os=OPEN is=IDLE awp=false se=false i=true al=0},r=1,c=false/false,a=HANDLING,uri=//localhost:8080/api/v0/components/products/63d3bec5-12c6-457b-b612-526e69cd65b7/questions/hidden,age=103} filled 0 HeapByteBuffer@517b6415[p=0,l=0,c=8192,r=0]={<<<>>>GET /api/...\x00\x00\x00\x00\x00\x00\x00}
13:18:39.360 [qtp1306936337-73] DEBUG org.eclipse.jetty.server.HttpConnection - HttpConnection@475c5701::NetworkTrafficSocketChannelEndPoint@8a6b25e{/127.0.0.1:65004<->/127.0.0.1:8080,OPEN,fill=-,flush=-,to=103/30000}{io=1/0,kio=1,kro=1}->HttpConnection@475c5701[p=HttpParser{s=CONTENT,0 of -1},g=HttpGenerator@7ad529f6{s=START}]=>HttpChannelOverHttp@6615d3a{s=HttpChannelState@25ed92e{s=HANDLING rs=BLOCKING os=OPEN is=IDLE awp=false se=false i=true al=0},r=1,c=false/false,a=HANDLING,uri=//localhost:8080/api/v0/components/products/63d3bec5-12c6-457b-b612-526e69cd65b7/questions/hidden,age=103} parse HeapByteBuffer@517b6415[p=0,l=0,c=8192,r=0]={<<<>>>GET /api/...\x00\x00\x00\x00\x00\x00\x00} {}
13:18:39.360 [qtp1306936337-73] DEBUG org.eclipse.jetty.http.HttpParser - parseNext s=CONTENT HeapByteBuffer@517b6415[p=0,l=0,c=8192,r=0]={<<<>>>GET /api/...\x00\x00\x00\x00\x00\x00\x00}
13:18:39.360 [qtp1306936337-73] DEBUG org.eclipse.jetty.http.HttpParser - CONTENT --> CONTENT_END
13:18:39.360 [qtp1306936337-73] DEBUG org.eclipse.jetty.server.HttpChannel - onContentComplete HttpChannelOverHttp@6615d3a{s=HttpChannelState@25ed92e{s=HANDLING rs=BLOCKING os=OPEN is=IDLE awp=false se=false i=true al=0},r=1,c=false/false,a=HANDLING,uri=//localhost:8080/api/v0/components/products/63d3bec5-12c6-457b-b612-526e69cd65b7/questions/hidden,age=103}
13:18:39.360 [qtp1306936337-73] DEBUG org.eclipse.jetty.http.HttpParser - CONTENT_END --> END
13:18:39.360 [qtp1306936337-73] DEBUG org.eclipse.jetty.server.HttpChannel - onRequestComplete HttpChannelOverHttp@6615d3a{s=HttpChannelState@25ed92e{s=HANDLING rs=BLOCKING os=OPEN is=IDLE awp=false se=false i=true al=0},r=1,c=false/false,a=HANDLING,uri=//localhost:8080/api/v0/components/products/63d3bec5-12c6-457b-b612-526e69cd65b7/questions/hidden,age=103}
13:18:39.360 [qtp1306936337-73] DEBUG org.eclipse.jetty.server.HttpInput - HttpInputOverHTTP@60e73ddd[c=0,q=0,[0]=null,s=STREAM] addContent EOF
13:18:39.361 [qtp1306936337-73] DEBUG org.eclipse.jetty.server.HttpConnection - HttpConnection@475c5701::NetworkTrafficSocketChannelEndPoint@8a6b25e{/127.0.0.1:65004<->/127.0.0.1:8080,OPEN,fill=-,flush=-,to=104/30000}{io=1/0,kio=1,kro=1}->HttpConnection@475c5701[p=HttpParser{s=END,0 of -1},g=HttpGenerator@7ad529f6{s=START}]=>HttpChannelOverHttp@6615d3a{s=HttpChannelState@25ed92e{s=HANDLING rs=BLOCKING os=OPEN is=IDLE awp=false se=false i=true al=0},r=1,c=false/false,a=HANDLING,uri=//localhost:8080/api/v0/components/products/63d3bec5-12c6-457b-b612-526e69cd65b7/questions/hidden,age=103} parsed false HttpParser{s=END,0 of -1}
13:18:39.361 [qtp1306936337-73] DEBUG org.eclipse.jetty.server.HttpConnection - releaseRequestBuffer HttpConnection@475c5701::NetworkTrafficSocketChannelEndPoint@8a6b25e{/127.0.0.1:65004<->/127.0.0.1:8080,OPEN,fill=-,flush=-,to=104/30000}{io=1/0,kio=1,kro=1}->HttpConnection@475c5701[p=HttpParser{s=END,0 of -1},g=HttpGenerator@7ad529f6{s=START}]=>HttpChannelOverHttp@6615d3a{s=HttpChannelState@25ed92e{s=HANDLING rs=BLOCKING os=OPEN is=IDLE awp=false se=false i=true al=0},r=1,c=false/false,a=HANDLING,uri=//localhost:8080/api/v0/components/products/63d3bec5-12c6-457b-b612-526e69cd65b7/questions/hidden,age=104}
13:18:39.361 [qtp1306936337-73] DEBUG org.eclipse.jetty.server.HttpChannelState - onEof HttpChannelState@25ed92e{s=HANDLING rs=BLOCKING os=OPEN is=IDLE awp=false se=false i=true al=0}
13:18:39.257 [qtp1306936337-80] DEBUG org.eclipse.jetty.util.thread.ReservedThreadExecutor - ReservedThreadExecutor@47ca1bcb{s=1/1,p=1}@147e73a6 started
13:18:39.429 [qtp1306936337-80] DEBUG org.eclipse.jetty.util.thread.ReservedThreadExecutor - ReservedThreadExecutor@47ca1bcb{s=1/1,p=0}@147e73a6 waiting
13:18:39.431 [qtp1306936337-78] DEBUG org.eclipse.jetty.util.thread.ReservedThreadExecutor - ReservedThreadExecutor@47ca1bcb{s=1/1,p=0}@296c5f60 task=EatWhatYouKill@14e0447e/SelectorProducer@4fbf91e1/IDLE/p=true/QueuedThreadPool[qtp1306936337]@4de64411{STARTED,8<=8<=14,i=1,r=1,q=0}[ReservedThreadExecutor@47ca1bcb{s=1/1,p=0}][pc=0,pic=0,pec=0,epc=1]@2020-09-25T13:18:39.4313589+02:00
13:18:39.431 [qtp1306936337-78] DEBUG org.eclipse.jetty.util.thread.strategy.EatWhatYouKill - EatWhatYouKill@14e0447e/SelectorProducer@4fbf91e1/IDLE/p=true/QueuedThreadPool[qtp1306936337]@4de64411{STARTED,8<=8<=14,i=1,r=1,q=0}[ReservedThreadExecutor@47ca1bcb{s=1/1,p=0}][pc=0,pic=0,pec=0,epc=1]@2020-09-25T13:18:39.4313589+02:00 tryProduce true
13:18:39.432 [qtp1306936337-78] DEBUG org.eclipse.jetty.io.ManagedSelector - updateable 0
13:18:39.432 [qtp1306936337-78] DEBUG org.eclipse.jetty.io.ManagedSelector - updates 0
13:18:39.432 [qtp1306936337-78] DEBUG org.eclipse.jetty.io.ChannelEndPoint - Key interests updated 1 -> 0 on NetworkTrafficSocketChannelEndPoint@8a6b25e{/127.0.0.1:65004<->/127.0.0.1:8080,OPEN,fill=-,flush=-,to=175/30000}{io=0/0,kio=0,kro=1}->HttpConnection@475c5701[p=HttpParser{s=END,0 of -1},g=HttpGenerator@7ad529f6{s=START}]=>HttpChannelOverHttp@6615d3a{s=HttpChannelState@25ed92e{s=HANDLING rs=BLOCKING os=OPEN is=READY awp=false se=false i=true al=0},r=1,c=false/false,a=HANDLING,uri=//localhost:8080/api/v0/components/products/63d3bec5-12c6-457b-b612-526e69cd65b7/questions/hidden,age=175}
13:18:39.432 [qtp1306936337-78] DEBUG org.eclipse.jetty.io.ManagedSelector - Selector sun.nio.ch.WindowsSelectorImpl@1e8618d6 waiting with 1 keys
13:18:41.214 [reactor-http-nio-1] WARN reactor.netty.http.client.HttpClientConnect - [id: 0xf9fcd026, L:/127.0.0.1:65004 - R:localhost/127.0.0.1:8080] The connection observed an error
io.netty.handler.timeout.ReadTimeoutException: null
13:18:41.216 [reactor-http-nio-1] DEBUG org.springframework.web.reactive.function.client.ExchangeFunctions - [7887d6f5] Cancel signal (to close connection)
13:18:41.217 [reactor-http-nio-1] DEBUG reactor.netty.resources.PooledConnectionProvider - [id: 0xf9fcd026, L:/127.0.0.1:65004 ! R:localhost/127.0.0.1:8080] Channel closed, now 0 active connections and 0 inactive connections
13:18:41.217 [reactor-http-nio-1] DEBUG reactor.netty.ReactorNetty - [id: 0xf9fcd026, L:/127.0.0.1:65004 ! R:localhost/127.0.0.1:8080] Non Removed handler: ReadTimeoutHandler, context: ChannelHandlerContext(ReadTimeoutHandler, [id: 0xf9fcd026, L:/127.0.0.1:65004 ! R:localhost/127.0.0.1:8080]), pipeline: DefaultChannelPipeline{(reactor.left.httpCodec = io.netty.handler.codec.http.HttpClientCodec), (ReadTimeoutHandler = io.netty.handler.timeout.ReadTimeoutHandler), (WriteTimeoutHandler = io.netty.handler.timeout.WriteTimeoutHandler), (reactor.right.reactiveBridge = reactor.netty.channel.ChannelOperationsHandler)}
13:18:41.217 [reactor-http-nio-1] DEBUG reactor.netty.ReactorNetty - [id: 0xf9fcd026, L:/127.0.0.1:65004 ! R:localhost/127.0.0.1:8080] Non Removed handler: WriteTimeoutHandler, context: ChannelHandlerContext(WriteTimeoutHandler, [id: 0xf9fcd026, L:/127.0.0.1:65004 ! R:localhost/127.0.0.1:8080]), pipeline: DefaultChannelPipeline{(reactor.left.httpCodec = io.netty.handler.codec.http.HttpClientCodec), (ReadTimeoutHandler = io.netty.handler.timeout.ReadTimeoutHandler), (WriteTimeoutHandler = io.netty.handler.timeout.WriteTimeoutHandler), (reactor.right.reactiveBridge = reactor.netty.channel.ChannelOperationsHandler)}
13:18:41.217 [reactor-http-nio-1] DEBUG reactor.netty.resources.PooledConnectionProvider - [id: 0xf9fcd026, L:/127.0.0.1:65004 ! R:localhost/127.0.0.1:8080] onStateChange(GET{uri=/api/v0/components/products/63d3bec5-12c6-457b-b612-526e69cd65b7/questions/hidden, connection=PooledConnection{channel=[id: 0xf9fcd026, L:/127.0.0.1:65004 ! R:localhost/127.0.0.1:8080]}}, [disconnecting])
13:18:41.431 [parallel-3] DEBUG org.springframework.web.reactive.function.client.ExchangeFunctions - [7887d6f5] HTTP GET http://localhost:8080/api/v0/components/products/63d3bec5-12c6-457b-b612-526e69cd65b7/questions/hidden
13:18:41.433 [reactor-http-nio-2] DEBUG reactor.netty.resources.PooledConnectionProvider - [id: 0x0661e05e] Created a new pooled channel, now 1 active connections and 0 inactive connections
13:18:41.433 [reactor-http-nio-2] DEBUG reactor.netty.channel.BootstrapHandlers - [id: 0x0661e05e] Initialized pipeline DefaultChannelPipeline{(BootstrapHandlers$BootstrapInitializerHandler#0 = reactor.netty.channel.BootstrapHandlers$BootstrapInitializerHandler), (PooledConnectionProvider$PooledConnectionAllocator$PooledConnectionInitializer#0 = reactor.netty.resources.PooledConnectionProvider$PooledConnectionAllocator$PooledConnectionInitializer), (reactor.left.httpCodec = io.netty.handler.codec.http.HttpClientCodec), (reactor.right.reactiveBridge = reactor.netty.channel.ChannelOperationsHandler)}
13:18:41.435 [reactor-http-nio-2] DEBUG reactor.netty.resources.PooledConnectionProvider - [id: 0x0661e05e, L:/127.0.0.1:65007 - R:localhost/127.0.0.1:8080] Registering pool release on close event for channel
13:18:41.435 [reactor-http-nio-2] DEBUG reactor.netty.resources.PooledConnectionProvider - [id: 0x0661e05e, L:/127.0.0.1:65007 - R:localhost/127.0.0.1:8080] Channel connected, now 1 active connections and 0 inactive connections
13:18:41.435 [reactor-http-nio-2] DEBUG reactor.netty.resources.PooledConnectionProvider - [id: 0x0661e05e, L:/127.0.0.1:65007 - R:localhost/127.0.0.1:8080] onStateChange(PooledConnection{channel=[id: 0x0661e05e, L:/127.0.0.1:65007 - R:localhost/127.0.0.1:8080]}, [connected])
13:18:41.435 [reactor-http-nio-2] DEBUG reactor.netty.resources.PooledConnectionProvider - [id: 0x0661e05e, L:/127.0.0.1:65007 - R:localhost/127.0.0.1:8080] onStateChange(GET{uri=/, connection=PooledConnection{channel=[id: 0x0661e05e, L:/127.0.0.1:65007 - R:localhost/127.0.0.1:8080]}}, [configured])
13:18:41.435 [qtp1306936337-75-acceptor-0@4284a2c4-NetworkTrafficServerConnector@1c37fc0{HTTP/1.1, (http/1.1)}{0.0.0.0:8080}] DEBUG org.eclipse.jetty.io.ManagedSelector - Queued change org.eclipse.jetty.io.ManagedSelector$Accept@47823244 on ManagedSelector@4483ebf{STARTED} id=1 keys=1 selected=0 updates=0
13:18:41.436 [qtp1306936337-75-acceptor-0@4284a2c4-NetworkTrafficServerConnector@1c37fc0{HTTP/1.1, (http/1.1)}{0.0.0.0:8080}] DEBUG org.eclipse.jetty.io.ManagedSelector - Wakeup on submit ManagedSelector@4483ebf{STARTED} id=1 keys=1 selected=0 updates=1
13:18:41.436 [reactor-http-nio-2] DEBUG reactor.netty.ReactorNetty - [id: 0x0661e05e, L:/127.0.0.1:65007 - R:localhost/127.0.0.1:8080] Added decoder [ReadTimeoutHandler] at the end of the user pipeline, full pipeline: [reactor.left.httpCodec, ReadTimeoutHandler, reactor.right.reactiveBridge, DefaultChannelPipeline$TailContext#0]
13:18:41.436 [reactor-http-nio-2] DEBUG reactor.netty.ReactorNetty - [id: 0x0661e05e, L:/127.0.0.1:65007 - R:localhost/127.0.0.1:8080] Added decoder [WriteTimeoutHandler] at the end of the user pipeline, full pipeline: [reactor.left.httpCodec, ReadTimeoutHandler, WriteTimeoutHandler, reactor.right.reactiveBridge, DefaultChannelPipeline$TailContext#0]
13:18:41.436 [qtp1306936337-74] DEBUG org.eclipse.jetty.io.ManagedSelector - Selector sun.nio.ch.WindowsSelectorImpl@23943410 woken with none selected
13:18:41.436 [reactor-http-nio-2] DEBUG reactor.netty.http.client.HttpClientConnect - [id: 0x0661e05e, L:/127.0.0.1:65007 - R:localhost/127.0.0.1:8080] Handler is being applied: {uri=http://localhost:8080/api/v0/components/products/63d3bec5-12c6-457b-b612-526e69cd65b7/questions/hidden, method=GET}
13:18:41.436 [qtp1306936337-74] DEBUG org.eclipse.jetty.io.ManagedSelector - Selector sun.nio.ch.WindowsSelectorImpl@23943410 woken up from select, 0/0/1 selected
13:18:41.436 [qtp1306936337-74] DEBUG org.eclipse.jetty.io.ManagedSelector - Selector sun.nio.ch.WindowsSelectorImpl@23943410 processing 0 keys, 1 updates
13:18:41.436 [qtp1306936337-74] DEBUG org.eclipse.jetty.io.ManagedSelector - updateable 1
13:18:41.436 [qtp1306936337-74] DEBUG org.eclipse.jetty.io.ManagedSelector - update org.eclipse.jetty.io.ManagedSelector$Accept@47823244
13:18:41.436 [qtp1306936337-74] DEBUG org.eclipse.jetty.util.thread.QueuedThreadPool - queue org.eclipse.jetty.io.ManagedSelector$Accept@47823244 startThread=0
13:18:41.436 [qtp1306936337-74] DEBUG org.eclipse.jetty.io.ManagedSelector - updates 0
13:18:41.436 [qtp1306936337-74] DEBUG org.eclipse.jetty.io.ManagedSelector - Selector sun.nio.ch.WindowsSelectorImpl@23943410 waiting with 2 keys
13:18:41.436 [reactor-http-nio-2] DEBUG reactor.netty.resources.PooledConnectionProvider - [id: 0x0661e05e, L:/127.0.0.1:65007 - R:localhost/127.0.0.1:8080] onStateChange(GET{uri=/api/v0/components/products/63d3bec5-12c6-457b-b612-526e69cd65b7/questions/hidden, connection=PooledConnection{channel=[id: 0x0661e05e, L:/127.0.0.1:65007 - R:localhost/127.0.0.1:8080]}}, [request_prepared])
13:18:41.437 [qtp1306936337-79] DEBUG org.eclipse.jetty.util.thread.QueuedThreadPool - run org.eclipse.jetty.io.ManagedSelector$Accept@47823244 in QueuedThreadPool[qtp1306936337]@4de64411{STARTED,8<=8<=14,i=0,r=1,q=0}[ReservedThreadExecutor@47ca1bcb{s=1/1,p=0}]
13:18:41.437 [qtp1306936337-79] DEBUG org.eclipse.jetty.io.IdleTimeout - NetworkTrafficSocketChannelEndPoint@1c638b32{/127.0.0.1:65007<->/127.0.0.1:8080,OPEN,fill=-,flush=-,to=0/30000}{io=0/0,kio=0,kro=0}-><null> idle timeout check, elapsed: 0 ms, remaining: 30000 ms
13:18:41.437 [qtp1306936337-79] DEBUG org.eclipse.jetty.server.HttpChannel - new HttpChannelOverHttp@f4392b8{s=HttpChannelState@58a0755f{s=IDLE rs=BLOCKING os=OPEN is=IDLE awp=false se=false i=true al=0},r=0,c=false/false,a=IDLE,uri=null,age=0} -> NetworkTrafficSocketChannelEndPoint@1c638b32{/127.0.0.1:65007<->/127.0.0.1:8080,OPEN,fill=-,flush=-,to=0/30000}{io=0/0,kio=0,kro=0}-><null>,null,HttpChannelState@58a0755f{s=IDLE rs=BLOCKING os=OPEN is=IDLE awp=false se=false i=true al=0}
13:18:41.437 [qtp1306936337-79] DEBUG org.eclipse.jetty.server.HttpConnection - New HTTP Connection HttpConnection@60f8dd50::NetworkTrafficSocketChannelEndPoint@1c638b32{/127.0.0.1:65007<->/127.0.0.1:8080,OPEN,fill=-,flush=-,to=0/30000}{io=0/0,kio=0,kro=0}-><null>
13:18:41.437 [qtp1306936337-79] DEBUG org.eclipse.jetty.io.AbstractEndPoint - onOpen NetworkTrafficSocketChannelEndPoint@1c638b32{/127.0.0.1:65007<->/127.0.0.1:8080,OPEN,fill=-,flush=-,to=0/30000}{io=0/0,kio=0,kro=0}->HttpConnection@60f8dd50[p=HttpParser{s=START,0 of -1},g=HttpGenerator@6042e066{s=START}]=>HttpChannelOverHttp@f4392b8{s=HttpChannelState@58a0755f{s=IDLE rs=BLOCKING os=OPEN is=IDLE awp=false se=false i=true al=0},r=0,c=false/false,a=IDLE,uri=null,age=0}
13:18:41.438 [qtp1306936337-79] DEBUG org.eclipse.jetty.io.AbstractConnection - onOpen HttpConnection@60f8dd50::NetworkTrafficSocketChannelEndPoint@1c638b32{/127.0.0.1:65007<->/127.0.0.1:8080,OPEN,fill=-,flush=-,to=0/30000}{io=0/0,kio=0,kro=0}->HttpConnection@60f8dd50[p=HttpParser{s=START,0 of -1},g=HttpGenerator@6042e066{s=START}]=>HttpChannelOverHttp@f4392b8{s=HttpChannelState@58a0755f{s=IDLE rs=BLOCKING os=OPEN is=IDLE awp=false se=false i=true al=0},r=0,c=false/false,a=IDLE,uri=null,age=0}
13:18:41.438 [reactor-http-nio-2] DEBUG reactor.netty.resources.PooledConnectionProvider - [id: 0x0661e05e, L:/127.0.0.1:65007 - R:localhost/127.0.0.1:8080] onStateChange(GET{uri=/api/v0/components/products/63d3bec5-12c6-457b-b612-526e69cd65b7/questions/hidden, connection=PooledConnection{channel=[id: 0x0661e05e, L:/127.0.0.1:65007 - R:localhost/127.0.0.1:8080]}}, [request_sent])
13:18:41.438 [qtp1306936337-79] DEBUG org.eclipse.jetty.io.AbstractConnection - fillInterested HttpConnection@60f8dd50::NetworkTrafficSocketChannelEndPoint@1c638b32{/127.0.0.1:65007<->/127.0.0.1:8080,OPEN,fill=-,flush=-,to=0/30000}{io=0/0,kio=0,kro=0}->HttpConnection@60f8dd50[p=HttpParser{s=START,0 of -1},g=HttpGenerator@6042e066{s=START}]=>HttpChannelOverHttp@f4392b8{s=HttpChannelState@58a0755f{s=IDLE rs=BLOCKING os=OPEN is=IDLE awp=false se=false i=true al=0},r=0,c=false/false,a=IDLE,uri=null,age=0}
13:18:41.438 [qtp1306936337-79] DEBUG org.eclipse.jetty.io.FillInterest - interested FillInterest@73076884{AC.ReadCB@60f8dd50{HttpConnection@60f8dd50::NetworkTrafficSocketChannelEndPoint@1c638b32{/127.0.0.1:65007<->/127.0.0.1:8080,OPEN,fill=FI,flush=-,to=0/30000}{io=0/0,kio=0,kro=0}->HttpConnection@60f8dd50[p=HttpParser{s=START,0 of -1},g=HttpGenerator@6042e066{s=START}]=>HttpChannelOverHttp@f4392b8{s=HttpChannelState@58a0755f{s=IDLE rs=BLOCKING os=OPEN is=IDLE awp=false se=false i=true al=0},r=0,c=false/false,a=IDLE,uri=null,age=0}}}
13:18:41.438 [qtp1306936337-79] DEBUG org.eclipse.jetty.io.ChannelEndPoint - changeInterests p=false 0->1 for NetworkTrafficSocketChannelEndPoint@1c638b32{/127.0.0.1:65007<->/127.0.0.1:8080,OPEN,fill=FI,flush=-,to=0/30000}{io=0/1,kio=0,kro=0}->HttpConnection@60f8dd50[p=HttpParser{s=START,0 of -1},g=HttpGenerator@6042e066{s=START}]=>HttpChannelOverHttp@f4392b8{s=HttpChannelState@58a0755f{s=IDLE rs=BLOCKING os=OPEN is=IDLE awp=false se=false i=true al=0},r=0,c=false/false,a=IDLE,uri=null,age=0}
13:18:41.438 [qtp1306936337-79] DEBUG org.eclipse.jetty.io.ManagedSelector - Queued change org.eclipse.jetty.io.ChannelEndPoint$1@28d6f136 on ManagedSelector@4483ebf{STARTED} id=1 keys=2 selected=0 updates=0
13:18:41.438 [qtp1306936337-79] DEBUG org.eclipse.jetty.io.ManagedSelector - Wakeup on submit ManagedSelector@4483ebf{STARTED} id=1 keys=2 selected=0 updates=1
13:18:41.438 [qtp1306936337-74] DEBUG org.eclipse.jetty.io.ManagedSelector - Selector sun.nio.ch.WindowsSelectorImpl@23943410 woken with none selected
13:18:41.438 [qtp1306936337-74] DEBUG org.eclipse.jetty.io.ManagedSelector - Selector sun.nio.ch.WindowsSelectorImpl@23943410 woken up from select, 0/0/2 selected
13:18:41.438 [qtp1306936337-74] DEBUG org.eclipse.jetty.io.ManagedSelector - Selector sun.nio.ch.WindowsSelectorImpl@23943410 processing 0 keys, 1 updates
13:18:41.438 [qtp1306936337-74] DEBUG org.eclipse.jetty.io.ManagedSelector - updateable 1
13:18:41.438 [qtp1306936337-74] DEBUG org.eclipse.jetty.io.ManagedSelector - update org.eclipse.jetty.io.ChannelEndPoint$1@28d6f136
13:18:41.438 [qtp1306936337-74] DEBUG org.eclipse.jetty.io.ChannelEndPoint - Key interests updated 0 -> 1 on NetworkTrafficSocketChannelEndPoint@1c638b32{/127.0.0.1:65007<->/127.0.0.1:8080,OPEN,fill=FI,flush=-,to=0/30000}{io=1/1,kio=1,kro=0}->HttpConnection@60f8dd50[p=HttpParser{s=START,0 of -1},g=HttpGenerator@6042e066{s=START}]=>HttpChannelOverHttp@f4392b8{s=HttpChannelState@58a0755f{s=IDLE rs=BLOCKING os=OPEN is=IDLE awp=false se=false i=true al=0},r=0,c=false/false,a=IDLE,uri=null,age=0}
13:18:41.438 [qtp1306936337-74] DEBUG org.eclipse.jetty.io.ManagedSelector - updates 0
13:18:41.438 [qtp1306936337-74] DEBUG org.eclipse.jetty.io.ManagedSelector - Selector sun.nio.ch.WindowsSelectorImpl@23943410 waiting with 2 keys
13:18:41.439 [qtp1306936337-74] DEBUG org.eclipse.jetty.io.ManagedSelector - Selector sun.nio.ch.WindowsSelectorImpl@23943410 woken up from select, 1/1/2 selected
13:18:41.439 [qtp1306936337-74] DEBUG org.eclipse.jetty.io.ManagedSelector - Selector sun.nio.ch.WindowsSelectorImpl@23943410 processing 1 keys, 0 updates
13:18:41.439 [qtp1306936337-74] DEBUG org.eclipse.jetty.io.ManagedSelector - selected 1 channel=java.nio.channels.SocketChannel[connected local=/127.0.0.1:8080 remote=/127.0.0.1:65007], selector=sun.nio.ch.WindowsSelectorImpl@23943410, interestOps=1, readyOps=1 NetworkTrafficSocketChannelEndPoint@1c638b32{/127.0.0.1:65007<->/127.0.0.1:8080,OPEN,fill=FI,flush=-,to=0/30000}{io=1/1,kio=1,kro=1}->HttpConnection@60f8dd50[p=HttpParser{s=START,0 of -1},g=HttpGenerator@6042e066{s=START}]=>HttpChannelOverHttp@f4392b8{s=HttpChannelState@58a0755f{s=IDLE rs=BLOCKING os=OPEN is=IDLE awp=false se=false i=true al=0},r=0,c=false/false,a=IDLE,uri=null,age=0} 
13:18:41.439 [qtp1306936337-74] DEBUG org.eclipse.jetty.io.ChannelEndPoint - onSelected 1->0 r=true w=false for NetworkTrafficSocketChannelEndPoint@1c638b32{/127.0.0.1:65007<->/127.0.0.1:8080,OPEN,fill=FI,flush=-,to=1/30000}{io=1/0,kio=1,kro=1}->HttpConnection@60f8dd50[p=HttpParser{s=START,0 of -1},g=HttpGenerator@6042e066{s=START}]=>HttpChannelOverHttp@f4392b8{s=HttpChannelState@58a0755f{s=IDLE rs=BLOCKING os=OPEN is=IDLE awp=false se=false i=true al=0},r=0,c=false/false,a=IDLE,uri=null,age=0}
13:18:41.439 [qtp1306936337-74] DEBUG org.eclipse.jetty.io.ChannelEndPoint - task CEP:NetworkTrafficSocketChannelEndPoint@1c638b32{/127.0.0.1:65007<->/127.0.0.1:8080,OPEN,fill=FI,flush=-,to=1/30000}{io=1/0,kio=1,kro=1}->HttpConnection@60f8dd50[p=HttpParser{s=START,0 of -1},g=HttpGenerator@6042e066{s=START}]=>HttpChannelOverHttp@f4392b8{s=HttpChannelState@58a0755f{s=IDLE rs=BLOCKING os=OPEN is=IDLE awp=false se=false i=true al=0},r=0,c=false/false,a=IDLE,uri=null,age=0}:runFillable:BLOCKING
13:18:41.439 [qtp1306936337-74] DEBUG org.eclipse.jetty.util.thread.ReservedThreadExecutor - ReservedThreadExecutor@47ca1bcb{s=1/1,p=0} tryExecute EatWhatYouKill@219ee2d7/SelectorProducer@374b812e/PRODUCING/p=false/QueuedThreadPool[qtp1306936337]@4de64411{STARTED,8<=8<=14,i=0,r=1,q=0}[ReservedThreadExecutor@47ca1bcb{s=1/1,p=0}][pc=0,pic=0,pec=1,epc=0]@2020-09-25T13:18:41.4390925+02:00
13:18:41.440 [qtp1306936337-74] DEBUG org.eclipse.jetty.util.thread.ReservedThreadExecutor - ReservedThreadExecutor@47ca1bcb{s=0/1,p=0}@147e73a6 offer EatWhatYouKill@219ee2d7/SelectorProducer@374b812e/PRODUCING/p=false/QueuedThreadPool[qtp1306936337]@4de64411{STARTED,8<=8<=14,i=0,r=1,q=0}[ReservedThreadExecutor@47ca1bcb{s=0/1,p=0}][pc=0,pic=0,pec=1,epc=0]@2020-09-25T13:18:41.4400845+02:00
13:18:41.440 [qtp1306936337-74] DEBUG org.eclipse.jetty.util.thread.ReservedThreadExecutor - ReservedThreadExecutor@47ca1bcb{s=0/1,p=1} startReservedThread p=1
13:18:41.440 [qtp1306936337-74] DEBUG org.eclipse.jetty.util.thread.QueuedThreadPool - queue ReservedThreadExecutor@47ca1bcb{s=0/1,p=1}@6e585900 startThread=1
13:18:41.440 [qtp1306936337-74] DEBUG org.eclipse.jetty.util.thread.QueuedThreadPool - Starting Thread[qtp1306936337-82,5,main]
13:18:41.438 [qtp1306936337-79] DEBUG org.eclipse.jetty.io.ManagedSelector - Created NetworkTrafficSocketChannelEndPoint@1c638b32{/127.0.0.1:65007<->/127.0.0.1:8080,OPEN,fill=FI,flush=-,to=0/30000}{io=0/1,kio=0,kro=0}->HttpConnection@60f8dd50[p=HttpParser{s=START,0 of -1},g=HttpGenerator@6042e066{s=START}]=>HttpChannelOverHttp@f4392b8{s=HttpChannelState@58a0755f{s=IDLE rs=BLOCKING os=OPEN is=IDLE awp=false se=false i=true al=0},r=0,c=false/false,a=IDLE,uri=null,age=0}
13:18:41.440 [qtp1306936337-79] DEBUG org.eclipse.jetty.util.thread.QueuedThreadPool - ran org.eclipse.jetty.io.ManagedSelector$Accept@47823244 in QueuedThreadPool[qtp1306936337]@4de64411{STARTED,8<=9<=14,i=0,r=1,q=0}[ReservedThreadExecutor@47ca1bcb{s=0/1,p=1}]
13:18:41.440 [qtp1306936337-74] DEBUG org.eclipse.jetty.util.thread.strategy.EatWhatYouKill - EatWhatYouKill@219ee2d7/SelectorProducer@374b812e/IDLE/p=true/QueuedThreadPool[qtp1306936337]@4de64411{STARTED,8<=9<=14,i=0,r=1,q=0}[ReservedThreadExecutor@47ca1bcb{s=0/1,p=1}][pc=0,pic=0,pec=1,epc=0]@2020-09-25T13:18:41.4400845+02:00 m=EXECUTE_PRODUCE_CONSUME t=CEP:NetworkTrafficSocketChannelEndPoint@1c638b32{/127.0.0.1:65007<->/127.0.0.1:8080,OPEN,fill=FI,flush=-,to=2/30000}{io=1/0,kio=1,kro=1}->HttpConnection@60f8dd50[p=HttpParser{s=START,0 of -1},g=HttpGenerator@6042e066{s=START}]=>HttpChannelOverHttp@f4392b8{s=HttpChannelState@58a0755f{s=IDLE rs=BLOCKING os=OPEN is=IDLE awp=false se=false i=true al=0},r=0,c=false/false,a=IDLE,uri=null,age=0}:runFillable:BLOCKING/BLOCKING
13:18:41.441 [qtp1306936337-74] DEBUG org.eclipse.jetty.io.FillInterest - fillable FillInterest@73076884{AC.ReadCB@60f8dd50{HttpConnection@60f8dd50::NetworkTrafficSocketChannelEndPoint@1c638b32{/127.0.0.1:65007<->/127.0.0.1:8080,OPEN,fill=FI,flush=-,to=2/30000}{io=1/0,kio=1,kro=1}->HttpConnection@60f8dd50[p=HttpParser{s=START,0 of -1},g=HttpGenerator@6042e066{s=START}]=>HttpChannelOverHttp@f4392b8{s=HttpChannelState@58a0755f{s=IDLE rs=BLOCKING os=OPEN is=IDLE awp=false se=false i=true al=0},r=0,c=false/false,a=IDLE,uri=null,age=0}}}
13:18:41.441 [qtp1306936337-74] DEBUG org.eclipse.jetty.server.HttpConnection - HttpConnection@60f8dd50::NetworkTrafficSocketChannelEndPoint@1c638b32{/127.0.0.1:65007<->/127.0.0.1:8080,OPEN,fill=-,flush=-,to=2/30000}{io=1/0,kio=1,kro=1}->HttpConnection@60f8dd50[p=HttpParser{s=START,0 of -1},g=HttpGenerator@6042e066{s=START}]=>HttpChannelOverHttp@f4392b8{s=HttpChannelState@58a0755f{s=IDLE rs=BLOCKING os=OPEN is=IDLE awp=false se=false i=true al=0},r=0,c=false/false,a=IDLE,uri=null,age=0} onFillable enter HttpChannelState@58a0755f{s=IDLE rs=BLOCKING os=OPEN is=IDLE awp=false se=false i=true al=0} null
13:18:41.441 [qtp1306936337-74] DEBUG org.eclipse.jetty.io.ChannelEndPoint - filled 197 HeapByteBuffer@517b6415[p=0,l=197,c=8192,r=197]={<<<GET /api/v0/components/pr...horization: Bearer \r\n\r\n>>>\n  "id" :...\x00\x00\x00\x00\x00\x00\x00}
13:18:41.441 [qtp1306936337-80] DEBUG org.eclipse.jetty.util.thread.ReservedThreadExecutor - ReservedThreadExecutor@47ca1bcb{s=0/1,p=1}@147e73a6 task=EatWhatYouKill@219ee2d7/SelectorProducer@374b812e/IDLE/p=true/QueuedThreadPool[qtp1306936337]@4de64411{STARTED,8<=9<=14,i=1,r=1,q=0}[ReservedThreadExecutor@47ca1bcb{s=0/1,p=1}][pc=0,pic=0,pec=1,epc=1]@2020-09-25T13:18:41.4410947+02:00
13:18:41.441 [qtp1306936337-74] DEBUG org.eclipse.jetty.server.HttpConnection - HttpConnection@60f8dd50::NetworkTrafficSocketChannelEndPoint@1c638b32{/127.0.0.1:65007<->/127.0.0.1:8080,OPEN,fill=-,flush=-,to=0/30000}{io=1/0,kio=1,kro=1}->HttpConnection@60f8dd50[p=HttpParser{s=START,0 of -1},g=HttpGenerator@6042e066{s=START}]=>HttpChannelOverHttp@f4392b8{s=HttpChannelState@58a0755f{s=IDLE rs=BLOCKING os=OPEN is=IDLE awp=false se=false i=true al=0},r=0,c=false/false,a=IDLE,uri=null,age=0} filled 197 HeapByteBuffer@517b6415[p=0,l=197,c=8192,r=197]={<<<GET /api/v0/components/pr...horization: Bearer \r\n\r\n>>>\n  "id" :...\x00\x00\x00\x00\x00\x00\x00}
13:18:41.441 [qtp1306936337-80] DEBUG org.eclipse.jetty.util.thread.strategy.EatWhatYouKill - EatWhatYouKill@219ee2d7/SelectorProducer@374b812e/IDLE/p=true/QueuedThreadPool[qtp1306936337]@4de64411{STARTED,8<=9<=14,i=1,r=1,q=0}[ReservedThreadExecutor@47ca1bcb{s=0/1,p=1}][pc=0,pic=0,pec=1,epc=1]@2020-09-25T13:18:41.4410947+02:00 tryProduce true
13:18:41.441 [qtp1306936337-80] DEBUG org.eclipse.jetty.io.ManagedSelector - updateable 0
13:18:41.441 [qtp1306936337-80] DEBUG org.eclipse.jetty.io.ManagedSelector - updates 0
13:18:41.441 [qtp1306936337-74] DEBUG org.eclipse.jetty.server.HttpConnection - HttpConnection@60f8dd50::NetworkTrafficSocketChannelEndPoint@1c638b32{/127.0.0.1:65007<->/127.0.0.1:8080,OPEN,fill=-,flush=-,to=0/30000}{io=1/0,kio=1,kro=1}->HttpConnection@60f8dd50[p=HttpParser{s=START,0 of -1},g=HttpGenerator@6042e066{s=START}]=>HttpChannelOverHttp@f4392b8{s=HttpChannelState@58a0755f{s=IDLE rs=BLOCKING os=OPEN is=IDLE awp=false se=false i=true al=0},r=0,c=false/false,a=IDLE,uri=null,age=0} parse HeapByteBuffer@517b6415[p=0,l=197,c=8192,r=197]={<<<GET /api/v0/components/pr...horization: Bearer \r\n\r\n>>>\n  "id" :...\x00\x00\x00\x00\x00\x00\x00} {}
13:18:41.441 [qtp1306936337-74] DEBUG org.eclipse.jetty.http.HttpParser - parseNext s=START HeapByteBuffer@517b6415[p=0,l=197,c=8192,r=197]={<<<GET /api/v0/components/pr...horization: Bearer \r\n\r\n>>>\n  "id" :...\x00\x00\x00\x00\x00\x00\x00}
13:18:41.441 [qtp1306936337-74] DEBUG org.eclipse.jetty.http.HttpParser - START --> SPACE1
13:18:41.441 [qtp1306936337-74] DEBUG org.eclipse.jetty.http.HttpParser - SPACE1 --> URI
13:18:41.441 [qtp1306936337-74] DEBUG org.eclipse.jetty.http.HttpParser - URI --> SPACE2
13:18:41.441 [qtp1306936337-74] DEBUG org.eclipse.jetty.http.HttpParser - SPACE2 --> REQUEST_VERSION
13:18:41.441 [qtp1306936337-74] DEBUG org.eclipse.jetty.http.HttpParser - REQUEST_VERSION --> HEADER
13:18:41.441 [qtp1306936337-74] DEBUG org.eclipse.jetty.http.HttpParser - HEADER:User-Agent --> VALUE
13:18:41.441 [qtp1306936337-74] DEBUG org.eclipse.jetty.http.HttpParser - HEADER:User-Agent --> IN_VALUE
13:18:41.441 [qtp1306936337-74] DEBUG org.eclipse.jetty.http.HttpParser - HEADER:User-Agent --> FIELD
13:18:41.442 [qtp1306936337-74] DEBUG org.eclipse.jetty.http.HttpParser - HEADER:Host --> VALUE
13:18:41.442 [qtp1306936337-74] DEBUG org.eclipse.jetty.http.HttpParser - HEADER:Host --> IN_VALUE
13:18:41.442 [qtp1306936337-74] DEBUG org.eclipse.jetty.http.HttpParser - HEADER:Host --> FIELD
13:18:41.442 [qtp1306936337-74] DEBUG org.eclipse.jetty.http.HttpParser - HEADER:Accept: */* --> IN_VALUE
13:18:41.442 [qtp1306936337-74] DEBUG org.eclipse.jetty.http.HttpParser - HEADER:Accept: */* --> FIELD
13:18:41.442 [qtp1306936337-74] DEBUG org.eclipse.jetty.http.HttpParser - HEADER:Authorization --> VALUE
13:18:41.442 [qtp1306936337-74] DEBUG org.eclipse.jetty.http.HttpParser - HEADER:Authorization --> IN_VALUE
13:18:41.442 [qtp1306936337-74] DEBUG org.eclipse.jetty.http.HttpParser - HEADER:Authorization --> FIELD
13:18:41.442 [qtp1306936337-74] DEBUG org.eclipse.jetty.http.HttpParser - HEADER --> CONTENT
13:18:41.442 [qtp1306936337-74] DEBUG org.eclipse.jetty.server.HttpChannel - REQUEST for //localhost:8080/api/v0/components/products/63d3bec5-12c6-457b-b612-526e69cd65b7/questions/hidden on HttpChannelOverHttp@f4392b8{s=HttpChannelState@58a0755f{s=IDLE rs=BLOCKING os=OPEN is=IDLE awp=false se=false i=true al=0},r=1,c=false/false,a=IDLE,uri=//localhost:8080/api/v0/components/products/63d3bec5-12c6-457b-b612-526e69cd65b7/questions/hidden,age=0}
GET //localhost:8080/api/v0/components/products/63d3bec5-12c6-457b-b612-526e69cd65b7/questions/hidden HTTP/1.1
User-Agent: ReactorNetty/0.9.7.RELEASE
Host: localhost:8080
Accept: */*
Authorization: Bearer


13:18:41.442 [qtp1306936337-74] DEBUG org.eclipse.jetty.server.HttpConnection - HttpConnection@60f8dd50::NetworkTrafficSocketChannelEndPoint@1c638b32{/127.0.0.1:65007<->/127.0.0.1:8080,OPEN,fill=-,flush=-,to=0/30000}{io=0/0,kio=0,kro=1}->HttpConnection@60f8dd50[p=HttpParser{s=CONTENT,0 of -1},g=HttpGenerator@6042e066{s=START}]=>HttpChannelOverHttp@f4392b8{s=HttpChannelState@58a0755f{s=IDLE rs=BLOCKING os=OPEN is=IDLE awp=false se=false i=true al=0},r=1,c=false/false,a=IDLE,uri=//localhost:8080/api/v0/components/products/63d3bec5-12c6-457b-b612-526e69cd65b7/questions/hidden,age=0} parsed true HttpParser{s=CONTENT,0 of -1}
13:18:41.442 [qtp1306936337-74] DEBUG org.eclipse.jetty.server.HttpConnection - releaseRequestBuffer HttpConnection@60f8dd50::NetworkTrafficSocketChannelEndPoint@1c638b32{/127.0.0.1:65007<->/127.0.0.1:8080,OPEN,fill=-,flush=-,to=0/30000}{io=0/0,kio=0,kro=1}->HttpConnection@60f8dd50[p=HttpParser{s=CONTENT,0 of -1},g=HttpGenerator@6042e066{s=START}]=>HttpChannelOverHttp@f4392b8{s=HttpChannelState@58a0755f{s=IDLE rs=BLOCKING os=OPEN is=IDLE awp=false se=false i=true al=0},r=1,c=false/false,a=IDLE,uri=//localhost:8080/api/v0/components/products/63d3bec5-12c6-457b-b612-526e69cd65b7/questions/hidden,age=0}
13:18:41.442 [qtp1306936337-74] DEBUG org.eclipse.jetty.server.HttpChannel - handle //localhost:8080/api/v0/components/products/63d3bec5-12c6-457b-b612-526e69cd65b7/questions/hidden HttpChannelOverHttp@f4392b8{s=HttpChannelState@58a0755f{s=IDLE rs=BLOCKING os=OPEN is=IDLE awp=false se=false i=true al=0},r=1,c=false/false,a=IDLE,uri=//localhost:8080/api/v0/components/products/63d3bec5-12c6-457b-b612-526e69cd65b7/questions/hidden,age=0} 
13:18:41.442 [qtp1306936337-74] DEBUG org.eclipse.jetty.server.HttpChannelState - handling HttpChannelState@58a0755f{s=IDLE rs=BLOCKING os=OPEN is=IDLE awp=false se=false i=true al=0}
13:18:41.442 [qtp1306936337-74] DEBUG org.eclipse.jetty.server.HttpChannel - action DISPATCH HttpChannelOverHttp@f4392b8{s=HttpChannelState@58a0755f{s=HANDLING rs=BLOCKING os=OPEN is=IDLE awp=false se=false i=true al=0},r=1,c=false/false,a=HANDLING,uri=//localhost:8080/api/v0/components/products/63d3bec5-12c6-457b-b612-526e69cd65b7/questions/hidden,age=0}
13:18:41.442 [qtp1306936337-74] DEBUG org.eclipse.jetty.server.Server - REQUEST GET /api/v0/components/products/63d3bec5-12c6-457b-b612-526e69cd65b7/questions/hidden on HttpChannelOverHttp@f4392b8{s=HttpChannelState@58a0755f{s=HANDLING rs=BLOCKING os=OPEN is=IDLE awp=false se=false i=true al=0},r=1,c=false/false,a=HANDLING,uri=//localhost:8080/api/v0/components/products/63d3bec5-12c6-457b-b612-526e69cd65b7/questions/hidden,age=0}
13:18:41.442 [qtp1306936337-74] DEBUG org.eclipse.jetty.server.handler.ContextHandler - scope null||/api/v0/components/products/63d3bec5-12c6-457b-b612-526e69cd65b7/questions/hidden @ o.e.j.s.ServletContextHandler@2cd6911d{/__admin,null,AVAILABLE}
13:18:41.442 [qtp1306936337-74] DEBUG org.eclipse.jetty.server.handler.gzip.GzipHandler - GzipHandler@3fde4138{STARTED,min=32,inflate=-1} handle Request(GET //localhost:8080/api/v0/components/products/63d3bec5-12c6-457b-b612-526e69cd65b7/questions/hidden)@16946a01 in null
13:18:41.442 [qtp1306936337-74] DEBUG org.eclipse.jetty.server.handler.ContextHandler - scope null||/api/v0/components/products/63d3bec5-12c6-457b-b612-526e69cd65b7/questions/hidden @ o.e.j.s.ServletContextHandler@2611918a{/,null,AVAILABLE}
13:18:41.442 [qtp1306936337-74] DEBUG org.eclipse.jetty.server.handler.ContextHandler - context=||/api/v0/components/products/63d3bec5-12c6-457b-b612-526e69cd65b7/questions/hidden @ o.e.j.s.ServletContextHandler@2611918a{/,null,AVAILABLE}
13:18:41.442 [qtp1306936337-74] DEBUG org.eclipse.jetty.servlet.ServletHandler - servlet |/api/v0/components/products/63d3bec5-12c6-457b-b612-526e69cd65b7/questions/hidden|null -> com.github.tomakehurst.wiremock.servlet.WireMockHandlerDispatchingServlet-266bbd62@32adf47c==com.github.tomakehurst.wiremock.servlet.WireMockHandlerDispatchingServlet,jsp=null,order=-1,inst=true,async=true
13:18:41.442 [qtp1306936337-74] DEBUG org.eclipse.jetty.servlet.ServletHandler - chain=org.eclipse.jetty.servlets.CrossOriginFilter-6566cf02@6566cf02==org.eclipse.jetty.servlets.CrossOriginFilter,inst=true,async=true->com.github.tomakehurst.wiremock.servlet.WireMockHandlerDispatchingServlet-266bbd62@32adf47c==com.github.tomakehurst.wiremock.servlet.WireMockHandlerDispatchingServlet,jsp=null,order=-1,inst=true,async=true
13:18:41.442 [qtp1306936337-74] DEBUG org.eclipse.jetty.servlet.ServletHandler - call filter org.eclipse.jetty.servlets.CrossOriginFilter-6566cf02@6566cf02==org.eclipse.jetty.servlets.CrossOriginFilter,inst=true,async=true
13:18:41.443 [qtp1306936337-74] DEBUG org.eclipse.jetty.servlet.ServletHandler - call servlet com.github.tomakehurst.wiremock.servlet.WireMockHandlerDispatchingServlet-266bbd62@32adf47c==com.github.tomakehurst.wiremock.servlet.WireMockHandlerDispatchingServlet,jsp=null,order=-1,inst=true,async=true
13:18:41.443 [qtp1306936337-74] DEBUG org.eclipse.jetty.io.ChannelEndPoint - filled 0 HeapByteBuffer@517b6415[p=0,l=0,c=8192,r=0]={<<<>>>GET /api/...\x00\x00\x00\x00\x00\x00\x00}
13:18:41.443 [qtp1306936337-74] DEBUG org.eclipse.jetty.io.ChannelEndPoint - filled 0 HeapByteBuffer@517b6415[p=0,l=0,c=8192,r=0]={<<<>>>GET /api/...\x00\x00\x00\x00\x00\x00\x00}
13:18:41.443 [qtp1306936337-74] DEBUG org.eclipse.jetty.server.HttpConnection - HttpConnection@60f8dd50::NetworkTrafficSocketChannelEndPoint@1c638b32{/127.0.0.1:65007<->/127.0.0.1:8080,OPEN,fill=-,flush=-,to=2/30000}{io=0/0,kio=0,kro=1}->HttpConnection@60f8dd50[p=HttpParser{s=CONTENT,0 of -1},g=HttpGenerator@6042e066{s=START}]=>HttpChannelOverHttp@f4392b8{s=HttpChannelState@58a0755f{s=HANDLING rs=BLOCKING os=OPEN is=IDLE awp=false se=false i=true al=0},r=1,c=false/false,a=HANDLING,uri=//localhost:8080/api/v0/components/products/63d3bec5-12c6-457b-b612-526e69cd65b7/questions/hidden,age=1} filled 0 HeapByteBuffer@517b6415[p=0,l=0,c=8192,r=0]={<<<>>>GET /api/...\x00\x00\x00\x00\x00\x00\x00}
13:18:41.443 [qtp1306936337-74] DEBUG org.eclipse.jetty.server.HttpConnection - HttpConnection@60f8dd50::NetworkTrafficSocketChannelEndPoint@1c638b32{/127.0.0.1:65007<->/127.0.0.1:8080,OPEN,fill=-,flush=-,to=2/30000}{io=0/0,kio=0,kro=1}->HttpConnection@60f8dd50[p=HttpParser{s=CONTENT,0 of -1},g=HttpGenerator@6042e066{s=START}]=>HttpChannelOverHttp@f4392b8{s=HttpChannelState@58a0755f{s=HANDLING rs=BLOCKING os=OPEN is=IDLE awp=false se=false i=true al=0},r=1,c=false/false,a=HANDLING,uri=//localhost:8080/api/v0/components/products/63d3bec5-12c6-457b-b612-526e69cd65b7/questions/hidden,age=1} parse HeapByteBuffer@517b6415[p=0,l=0,c=8192,r=0]={<<<>>>GET /api/...\x00\x00\x00\x00\x00\x00\x00} {}
13:18:41.443 [qtp1306936337-74] DEBUG org.eclipse.jetty.http.HttpParser - parseNext s=CONTENT HeapByteBuffer@517b6415[p=0,l=0,c=8192,r=0]={<<<>>>GET /api/...\x00\x00\x00\x00\x00\x00\x00}
13:18:41.443 [qtp1306936337-74] DEBUG org.eclipse.jetty.http.HttpParser - CONTENT --> CONTENT_END
13:18:41.443 [qtp1306936337-74] DEBUG org.eclipse.jetty.server.HttpChannel - onContentComplete HttpChannelOverHttp@f4392b8{s=HttpChannelState@58a0755f{s=HANDLING rs=BLOCKING os=OPEN is=IDLE awp=false se=false i=true al=0},r=1,c=false/false,a=HANDLING,uri=//localhost:8080/api/v0/components/products/63d3bec5-12c6-457b-b612-526e69cd65b7/questions/hidden,age=1}
13:18:41.443 [qtp1306936337-74] DEBUG org.eclipse.jetty.http.HttpParser - CONTENT_END --> END
13:18:41.443 [qtp1306936337-74] DEBUG org.eclipse.jetty.server.HttpChannel - onRequestComplete HttpChannelOverHttp@f4392b8{s=HttpChannelState@58a0755f{s=HANDLING rs=BLOCKING os=OPEN is=IDLE awp=false se=false i=true al=0},r=1,c=false/false,a=HANDLING,uri=//localhost:8080/api/v0/components/products/63d3bec5-12c6-457b-b612-526e69cd65b7/questions/hidden,age=1}
13:18:41.444 [qtp1306936337-74] DEBUG org.eclipse.jetty.server.HttpInput - HttpInputOverHTTP@c412b66[c=0,q=0,[0]=null,s=STREAM] addContent EOF
13:18:41.444 [qtp1306936337-74] DEBUG org.eclipse.jetty.server.HttpConnection - HttpConnection@60f8dd50::NetworkTrafficSocketChannelEndPoint@1c638b32{/127.0.0.1:65007<->/127.0.0.1:8080,OPEN,fill=-,flush=-,to=2/30000}{io=0/0,kio=0,kro=1}->HttpConnection@60f8dd50[p=HttpParser{s=END,0 of -1},g=HttpGenerator@6042e066{s=START}]=>HttpChannelOverHttp@f4392b8{s=HttpChannelState@58a0755f{s=HANDLING rs=BLOCKING os=OPEN is=IDLE awp=false se=false i=true al=0},r=1,c=false/false,a=HANDLING,uri=//localhost:8080/api/v0/components/products/63d3bec5-12c6-457b-b612-526e69cd65b7/questions/hidden,age=2} parsed false HttpParser{s=END,0 of -1}
13:18:41.444 [qtp1306936337-74] DEBUG org.eclipse.jetty.server.HttpConnection - releaseRequestBuffer HttpConnection@60f8dd50::NetworkTrafficSocketChannelEndPoint@1c638b32{/127.0.0.1:65007<->/127.0.0.1:8080,OPEN,fill=-,flush=-,to=2/30000}{io=0/0,kio=0,kro=1}->HttpConnection@60f8dd50[p=HttpParser{s=END,0 of -1},g=HttpGenerator@6042e066{s=START}]=>HttpChannelOverHttp@f4392b8{s=HttpChannelState@58a0755f{s=HANDLING rs=BLOCKING os=OPEN is=IDLE awp=false se=false i=true al=0},r=1,c=false/false,a=HANDLING,uri=//localhost:8080/api/v0/components/products/63d3bec5-12c6-457b-b612-526e69cd65b7/questions/hidden,age=2}
13:18:41.444 [qtp1306936337-74] DEBUG org.eclipse.jetty.server.HttpChannelState - onEof HttpChannelState@58a0755f{s=HANDLING rs=BLOCKING os=OPEN is=IDLE awp=false se=false i=true al=0}
13:18:41.440 [qtp1306936337-79] DEBUG org.eclipse.jetty.util.thread.QueuedThreadPool - run ReservedThreadExecutor@47ca1bcb{s=0/1,p=1}@6e585900 in QueuedThreadPool[qtp1306936337]@4de64411{STARTED,8<=9<=14,i=1,r=1,q=0}[ReservedThreadExecutor@47ca1bcb{s=0/1,p=1}]
13:18:41.451 [qtp1306936337-79] DEBUG org.eclipse.jetty.util.thread.ReservedThreadExecutor - ReservedThreadExecutor@47ca1bcb{s=1/1,p=1}@6e585900 started
13:18:41.451 [qtp1306936337-79] DEBUG org.eclipse.jetty.util.thread.ReservedThreadExecutor - ReservedThreadExecutor@47ca1bcb{s=1/1,p=0}@6e585900 waiting
13:18:41.441 [qtp1306936337-80] DEBUG org.eclipse.jetty.io.ChannelEndPoint - Key interests updated 1 -> 0 on NetworkTrafficSocketChannelEndPoint@1c638b32{/127.0.0.1:65007<->/127.0.0.1:8080,OPEN,fill=-,flush=-,to=0/30000}{io=0/0,kio=0,kro=1}->HttpConnection@60f8dd50[p=HttpParser{s=START,0 of -1},g=HttpGenerator@6042e066{s=START}]=>HttpChannelOverHttp@f4392b8{s=HttpChannelState@58a0755f{s=IDLE rs=BLOCKING os=OPEN is=IDLE awp=false se=false i=true al=0},r=0,c=false/false,a=IDLE,uri=null,age=0}
13:18:41.457 [qtp1306936337-80] DEBUG org.eclipse.jetty.io.ManagedSelector - Selector sun.nio.ch.WindowsSelectorImpl@23943410 waiting with 2 keys
13:18:41.465 [qtp1306936337-82] DEBUG org.eclipse.jetty.util.thread.QueuedThreadPool - Runner started for QueuedThreadPool[qtp1306936337]@4de64411{STARTED,8<=9<=14,i=1,r=1,q=0}[ReservedThreadExecutor@47ca1bcb{s=1/1,p=0}]
13:18:41.481 [qtp1306936337-73] DEBUG org.eclipse.jetty.server.handler.gzip.GzipHandler - GzipHandler@3fde4138{STARTED,min=32,inflate=-1} excluded not gzip accept Request(GET //localhost:8080/api/v0/components/products/63d3bec5-12c6-457b-b612-526e69cd65b7/questions/hidden)@517cef4d
13:18:41.481 [qtp1306936337-73] DEBUG org.eclipse.jetty.server.handler.gzip.GzipHttpOutputInterceptor - org.eclipse.jetty.server.handler.gzip.GzipHttpOutputInterceptor@7639124 exclude no deflater
13:18:41.481 [qtp1306936337-73] DEBUG org.eclipse.jetty.server.HttpChannel - sendResponse info=null content=HeapByteBuffer@137d328[p=0,l=0,c=0,r=0]={<<<>>>} complete=false committing=true callback=Blocker@31531002{null}
13:18:41.481 [qtp1306936337-73] DEBUG org.eclipse.jetty.server.HttpChannel - COMMIT for /api/v0/components/products/63d3bec5-12c6-457b-b612-526e69cd65b7/questions/hidden on HttpChannelOverHttp@6615d3a{s=HttpChannelState@25ed92e{s=HANDLING rs=BLOCKING os=COMMITTED is=READY awp=false se=false i=true al=0},r=1,c=false/false,a=HANDLING,uri=//localhost:8080/api/v0/components/products/63d3bec5-12c6-457b-b612-526e69cd65b7/questions/hidden,age=2224}
200 null HTTP/1.1
Matched-Stub-Id: 3b014af9-4de1-41a9-b4d6-3dd60deee9e3
Vary: Accept-Encoding, User-Agent


13:18:41.481 [qtp1306936337-73] DEBUG org.eclipse.jetty.server.HttpConnection - generate: NEED_HEADER for org.eclipse.jetty.server.HttpConnection$SendCallback@5ec611c9[PROCESSING][i=HTTP/1.1{s=200,h=2,cl=-1},cb=org.eclipse.jetty.server.HttpChannel$SendCallback@796c619] (null,[p=0,l=0,c=0,r=0],false)@START
13:18:41.481 [qtp1306936337-73] DEBUG org.eclipse.jetty.http.HttpGenerator - generateHeaders HTTP/1.1{s=200,h=2,cl=-1} last=false content=HeapByteBuffer@137d328[p=0,l=0,c=0,r=0]={<<<>>>}
13:18:41.481 [qtp1306936337-73] DEBUG org.eclipse.jetty.http.HttpGenerator - Matched-Stub-Id: 3b014af9-4de1-41a9-b4d6-3dd60deee9e3
Vary: Accept-Encoding, User-Agent


13:18:41.481 [qtp1306936337-73] DEBUG org.eclipse.jetty.http.HttpGenerator - CHUNKED_CONTENT
13:18:41.482 [qtp1306936337-73] DEBUG org.eclipse.jetty.server.HttpConnection - generate: FLUSH for org.eclipse.jetty.server.HttpConnection$SendCallback@5ec611c9[PROCESSING][i=HTTP/1.1{s=200,h=2,cl=-1},cb=org.eclipse.jetty.server.HttpChannel$SendCallback@796c619] ([p=0,l=170,c=8192,r=170],[p=0,l=0,c=0,r=0],false)@COMMITTED
13:18:41.482 [qtp1306936337-73] DEBUG org.eclipse.jetty.io.WriteFlusher - write: WriteFlusher@1c679d7e{IDLE}->null [HeapByteBuffer@517b6415[p=0,l=170,c=8192,r=170]={<<<HTTP/1.1 200 OK\r\nMatched-...y(9.4.28.v20200408)\r\n\r\n>>>\nAuthoriz...\x00\x00\x00\x00\x00\x00\x00}]
13:18:41.482 [qtp1306936337-73] DEBUG org.eclipse.jetty.io.WriteFlusher - update WriteFlusher@1c679d7e{WRITING}->null:IDLE-->WRITING
13:18:41.482 [qtp1306936337-73] DEBUG org.eclipse.jetty.io.ChannelEndPoint - flushed 170 NetworkTrafficSocketChannelEndPoint@8a6b25e{/127.0.0.1:65004<->/127.0.0.1:8080,OPEN,fill=-,flush=W,to=2225/30000}{io=0/0,kio=0,kro=1}->HttpConnection@475c5701[p=HttpParser{s=END,0 of -1},g=HttpGenerator@7ad529f6{s=COMMITTED}]=>HttpChannelOverHttp@6615d3a{s=HttpChannelState@25ed92e{s=HANDLING rs=BLOCKING os=COMMITTED is=READY awp=false se=false i=true al=0},r=1,c=false/false,a=HANDLING,uri=//localhost:8080/api/v0/components/products/63d3bec5-12c6-457b-b612-526e69cd65b7/questions/hidden,age=2225}
13:18:41.482 [qtp1306936337-73] DEBUG org.eclipse.jetty.io.WriteFlusher - Flushed=true written=170 remaining=0 WriteFlusher@1c679d7e{WRITING}->null
13:18:41.482 [qtp1306936337-73] DEBUG org.eclipse.jetty.io.WriteFlusher - update WriteFlusher@1c679d7e{IDLE}->null:WRITING-->IDLE
13:18:41.482 [qtp1306936337-73] DEBUG org.eclipse.jetty.server.HttpConnection - generate: DONE for org.eclipse.jetty.server.HttpConnection$SendCallback@5ec611c9[PROCESSING][i=HTTP/1.1{s=200,h=2,cl=-1},cb=org.eclipse.jetty.server.HttpChannel$SendCallback@796c619] ([p=170,l=170,c=8192,r=0],[p=0,l=0,c=0,r=0],false)@COMMITTED
13:18:41.482 [qtp1306936337-73] DEBUG org.eclipse.jetty.server.HttpOutput - onWriteComplete(false,null) s=OPEN,api=BLOCKED,sc=false,e=null->s=OPEN,api=BLOCKING,sc=false,e=null c=null cb=null w=false
13:18:41.482 [qtp1306936337-73] DEBUG org.eclipse.jetty.server.HttpOutput - close() s=CLOSING,api=BLOCKED,sc=false,e=null c=HeapByteBuffer@137d328[p=0,l=0,c=0,r=0]={<<<>>>} b=Blocker@31531002{null}
13:18:41.482 [qtp1306936337-73] DEBUG org.eclipse.jetty.server.HttpChannel - sendResponse info=null content=HeapByteBuffer@137d328[p=0,l=0,c=0,r=0]={<<<>>>} complete=true committing=false callback=Blocker@31531002{null}
13:18:41.482 [qtp1306936337-73] DEBUG org.eclipse.jetty.server.HttpConnection - generate: CONTINUE for org.eclipse.jetty.server.HttpConnection$SendCallback@5ec611c9[PROCESSING][i=null,cb=org.eclipse.jetty.server.HttpChannel$SendCallback@351d4df0] (null,[p=0,l=0,c=0,r=0],true)@COMPLETING
13:18:41.482 [qtp1306936337-73] DEBUG org.eclipse.jetty.server.HttpConnection - generate: NEED_CHUNK for org.eclipse.jetty.server.HttpConnection$SendCallback@5ec611c9[PROCESSING][i=null,cb=org.eclipse.jetty.server.HttpChannel$SendCallback@351d4df0] (null,[p=0,l=0,c=0,r=0],true)@COMPLETING
13:18:41.482 [qtp1306936337-73] DEBUG org.eclipse.jetty.server.HttpConnection - generate: FLUSH for org.eclipse.jetty.server.HttpConnection$SendCallback@5ec611c9[PROCESSING][i=null,cb=org.eclipse.jetty.server.HttpChannel$SendCallback@351d4df0] (null,[p=0,l=0,c=0,r=0],true)@COMPLETING
13:18:41.482 [qtp1306936337-73] DEBUG org.eclipse.jetty.io.WriteFlusher - write: WriteFlusher@1c679d7e{IDLE}->null [HeapByteBuffer@453ac13f[p=0,l=5,c=1024,r=5]={<<<0\r\n\r\n>>>\r\n\x00\x00\x00\x00\x00\x00\x00...\x00\x00\x00\x00\x00\x00\x00}]
13:18:41.482 [qtp1306936337-73] DEBUG org.eclipse.jetty.io.WriteFlusher - update WriteFlusher@1c679d7e{WRITING}->null:IDLE-->WRITING
13:18:41.484 [qtp1306936337-73] DEBUG org.eclipse.jetty.io.WriteFlusher - write exception
org.eclipse.jetty.io.EofException: null
	at org.eclipse.jetty.io.ChannelEndPoint.flush(ChannelEndPoint.java:283)
	at org.eclipse.jetty.io.NetworkTrafficSocketChannelEndPoint.flush(NetworkTrafficSocketChannelEndPoint.java:66)
	at org.eclipse.jetty.io.WriteFlusher.flush(WriteFlusher.java:422)
	at org.eclipse.jetty.io.WriteFlusher.write(WriteFlusher.java:277)
	at org.eclipse.jetty.io.AbstractEndPoint.write(AbstractEndPoint.java:381)
	at org.eclipse.jetty.server.HttpConnection$SendCallback.process(HttpConnection.java:830)
	at org.eclipse.jetty.util.IteratingCallback.processing(IteratingCallback.java:241)
	at org.eclipse.jetty.util.IteratingCallback.iterate(IteratingCallback.java:223)
	at org.eclipse.jetty.server.HttpConnection.send(HttpConnection.java:549)
	at org.eclipse.jetty.server.HttpChannel.sendResponse(HttpChannel.java:829)
	at org.eclipse.jetty.server.HttpChannel.write(HttpChannel.java:901)
	at org.eclipse.jetty.server.handler.gzip.GzipHttpOutputInterceptor.write(GzipHttpOutputInterceptor.java:112)
	at org.eclipse.jetty.server.HttpOutput.channelWrite(HttpOutput.java:283)
	at org.eclipse.jetty.server.HttpOutput.close(HttpOutput.java:602)
	at com.github.tomakehurst.wiremock.servlet.WireMockHandlerDispatchingServlet.writeAndTranslateExceptions(WireMockHandlerDispatchingServlet.java:235)
	at com.github.tomakehurst.wiremock.servlet.WireMockHandlerDispatchingServlet.applyResponse(WireMockHandlerDispatchingServlet.java:223)
	at com.github.tomakehurst.wiremock.servlet.WireMockHandlerDispatchingServlet$ServletHttpResponder.respondTo(WireMockHandlerDispatchingServlet.java:183)
	at com.github.tomakehurst.wiremock.servlet.WireMockHandlerDispatchingServlet$ServletHttpResponder.respondSync(WireMockHandlerDispatchingServlet.java:150)
	at com.github.tomakehurst.wiremock.servlet.WireMockHandlerDispatchingServlet$ServletHttpResponder.respond(WireMockHandlerDispatchingServlet.java:144)
	at com.github.tomakehurst.wiremock.http.AbstractRequestHandler.handle(AbstractRequestHandler.java:90)
	at com.github.tomakehurst.wiremock.servlet.WireMockHandlerDispatchingServlet.service(WireMockHandlerDispatchingServlet.java:120)
	at javax.servlet.http.HttpServlet.service(HttpServlet.java:750)
	at org.eclipse.jetty.servlet.ServletHolder.handle(ServletHolder.java:763)
	at org.eclipse.jetty.servlet.ServletHandler$CachedChain.doFilter(ServletHandler.java:1631)
	at org.eclipse.jetty.servlets.CrossOriginFilter.handle(CrossOriginFilter.java:319)
	at org.eclipse.jetty.servlets.CrossOriginFilter.doFilter(CrossOriginFilter.java:273)
	at org.eclipse.jetty.servlet.ServletHandler$CachedChain.doFilter(ServletHandler.java:1618)
	at org.eclipse.jetty.servlet.ServletHandler.doHandle(ServletHandler.java:549)
	at org.eclipse.jetty.server.handler.ScopedHandler.nextHandle(ScopedHandler.java:233)
	at org.eclipse.jetty.server.handler.ContextHandler.doHandle(ContextHandler.java:1363)
	at org.eclipse.jetty.server.handler.ScopedHandler.nextScope(ScopedHandler.java:188)
	at org.eclipse.jetty.servlet.ServletHandler.doScope(ServletHandler.java:489)
	at org.eclipse.jetty.server.handler.ScopedHandler.nextScope(ScopedHandler.java:186)
	at org.eclipse.jetty.server.handler.ContextHandler.doScope(ContextHandler.java:1278)
	at org.eclipse.jetty.server.handler.ScopedHandler.handle(ScopedHandler.java:141)
	at org.eclipse.jetty.server.handler.gzip.GzipHandler.handle(GzipHandler.java:767)
	at org.eclipse.jetty.server.handler.HandlerCollection.handle(HandlerCollection.java:146)
	at org.eclipse.jetty.server.handler.HandlerWrapper.handle(HandlerWrapper.java:127)
	at org.eclipse.jetty.server.Server.handle(Server.java:500)
	at org.eclipse.jetty.server.HttpChannel.lambda$handle$1(HttpChannel.java:383)
	at org.eclipse.jetty.server.HttpChannel.dispatch(HttpChannel.java:547)
	at org.eclipse.jetty.server.HttpChannel.handle(HttpChannel.java:375)
	at org.eclipse.jetty.server.HttpConnection.onFillable(HttpConnection.java:273)
	at org.eclipse.jetty.io.AbstractConnection$ReadCallback.succeeded(AbstractConnection.java:311)
	at org.eclipse.jetty.io.FillInterest.fillable(FillInterest.java:103)
	at org.eclipse.jetty.io.ChannelEndPoint$2.run(ChannelEndPoint.java:117)
	at org.eclipse.jetty.util.thread.strategy.EatWhatYouKill.runTask(EatWhatYouKill.java:336)
	at org.eclipse.jetty.util.thread.strategy.EatWhatYouKill.doProduce(EatWhatYouKill.java:313)
	at org.eclipse.jetty.util.thread.strategy.EatWhatYouKill.tryProduce(EatWhatYouKill.java:171)
	at org.eclipse.jetty.util.thread.strategy.EatWhatYouKill.produce(EatWhatYouKill.java:135)
	at org.eclipse.jetty.util.thread.QueuedThreadPool.runJob(QueuedThreadPool.java:806)
	at org.eclipse.jetty.util.thread.QueuedThreadPool$Runner.run(QueuedThreadPool.java:938)
	at java.base/java.lang.Thread.run(Thread.java:834)
Caused by: java.io.IOException: Se ha anulado una conexión establecida por el software en su equipo host.
	at java.base/sun.nio.ch.SocketDispatcher.write0(Native Method)
	at java.base/sun.nio.ch.SocketDispatcher.write(SocketDispatcher.java:51)
	at java.base/sun.nio.ch.IOUtil.writeFromNativeBuffer(IOUtil.java:113)
	at java.base/sun.nio.ch.IOUtil.write(IOUtil.java:79)
	at java.base/sun.nio.ch.IOUtil.write(IOUtil.java:50)
	at java.base/sun.nio.ch.SocketChannelImpl.write(SocketChannelImpl.java:466)
	at org.eclipse.jetty.io.ChannelEndPoint.flush(ChannelEndPoint.java:261)
	... 52 common frames omitted
13:18:41.485 [qtp1306936337-73] DEBUG org.eclipse.jetty.io.WriteFlusher - update WriteFlusher@1c679d7e{FAILED}->null:WRITING-->FAILED
13:18:41.485 [qtp1306936337-73] DEBUG org.eclipse.jetty.server.HttpChannel - Commit failed
org.eclipse.jetty.io.EofException: null
	at org.eclipse.jetty.io.ChannelEndPoint.flush(ChannelEndPoint.java:283)
	at org.eclipse.jetty.io.NetworkTrafficSocketChannelEndPoint.flush(NetworkTrafficSocketChannelEndPoint.java:66)
	at org.eclipse.jetty.io.WriteFlusher.flush(WriteFlusher.java:422)
	at org.eclipse.jetty.io.WriteFlusher.write(WriteFlusher.java:277)
	at org.eclipse.jetty.io.AbstractEndPoint.write(AbstractEndPoint.java:381)
	at org.eclipse.jetty.server.HttpConnection$SendCallback.process(HttpConnection.java:830)
	at org.eclipse.jetty.util.IteratingCallback.processing(IteratingCallback.java:241)
	at org.eclipse.jetty.util.IteratingCallback.iterate(IteratingCallback.java:223)
	at org.eclipse.jetty.server.HttpConnection.send(HttpConnection.java:549)
	at org.eclipse.jetty.server.HttpChannel.sendResponse(HttpChannel.java:829)
	at org.eclipse.jetty.server.HttpChannel.write(HttpChannel.java:901)
	at org.eclipse.jetty.server.handler.gzip.GzipHttpOutputInterceptor.write(GzipHttpOutputInterceptor.java:112)
	at org.eclipse.jetty.server.HttpOutput.channelWrite(HttpOutput.java:283)
	at org.eclipse.jetty.server.HttpOutput.close(HttpOutput.java:602)
	at com.github.tomakehurst.wiremock.servlet.WireMockHandlerDispatchingServlet.writeAndTranslateExceptions(WireMockHandlerDispatchingServlet.java:235)
	at com.github.tomakehurst.wiremock.servlet.WireMockHandlerDispatchingServlet.applyResponse(WireMockHandlerDispatchingServlet.java:223)
	at com.github.tomakehurst.wiremock.servlet.WireMockHandlerDispatchingServlet$ServletHttpResponder.respondTo(WireMockHandlerDispatchingServlet.java:183)
	at com.github.tomakehurst.wiremock.servlet.WireMockHandlerDispatchingServlet$ServletHttpResponder.respondSync(WireMockHandlerDispatchingServlet.java:150)
	at com.github.tomakehurst.wiremock.servlet.WireMockHandlerDispatchingServlet$ServletHttpResponder.respond(WireMockHandlerDispatchingServlet.java:144)
	at com.github.tomakehurst.wiremock.http.AbstractRequestHandler.handle(AbstractRequestHandler.java:90)
	at com.github.tomakehurst.wiremock.servlet.WireMockHandlerDispatchingServlet.service(WireMockHandlerDispatchingServlet.java:120)
	at javax.servlet.http.HttpServlet.service(HttpServlet.java:750)
	at org.eclipse.jetty.servlet.ServletHolder.handle(ServletHolder.java:763)
	at org.eclipse.jetty.servlet.ServletHandler$CachedChain.doFilter(ServletHandler.java:1631)
	at org.eclipse.jetty.servlets.CrossOriginFilter.handle(CrossOriginFilter.java:319)
	at org.eclipse.jetty.servlets.CrossOriginFilter.doFilter(CrossOriginFilter.java:273)
	at org.eclipse.jetty.servlet.ServletHandler$CachedChain.doFilter(ServletHandler.java:1618)
	at org.eclipse.jetty.servlet.ServletHandler.doHandle(ServletHandler.java:549)
	at org.eclipse.jetty.server.handler.ScopedHandler.nextHandle(ScopedHandler.java:233)
	at org.eclipse.jetty.server.handler.ContextHandler.doHandle(ContextHandler.java:1363)
	at org.eclipse.jetty.server.handler.ScopedHandler.nextScope(ScopedHandler.java:188)
	at org.eclipse.jetty.servlet.ServletHandler.doScope(ServletHandler.java:489)
	at org.eclipse.jetty.server.handler.ScopedHandler.nextScope(ScopedHandler.java:186)
	at org.eclipse.jetty.server.handler.ContextHandler.doScope(ContextHandler.java:1278)
	at org.eclipse.jetty.server.handler.ScopedHandler.handle(ScopedHandler.java:141)
	at org.eclipse.jetty.server.handler.gzip.GzipHandler.handle(GzipHandler.java:767)
	at org.eclipse.jetty.server.handler.HandlerCollection.handle(HandlerCollection.java:146)
	at org.eclipse.jetty.server.handler.HandlerWrapper.handle(HandlerWrapper.java:127)
	at org.eclipse.jetty.server.Server.handle(Server.java:500)
	at org.eclipse.jetty.server.HttpChannel.lambda$handle$1(HttpChannel.java:383)
	at org.eclipse.jetty.server.HttpChannel.dispatch(HttpChannel.java:547)
	at org.eclipse.jetty.server.HttpChannel.handle(HttpChannel.java:375)
	at org.eclipse.jetty.server.HttpConnection.onFillable(HttpConnection.java:273)
	at org.eclipse.jetty.io.AbstractConnection$ReadCallback.succeeded(AbstractConnection.java:311)
	at org.eclipse.jetty.io.FillInterest.fillable(FillInterest.java:103)
	at org.eclipse.jetty.io.ChannelEndPoint$2.run(ChannelEndPoint.java:117)
	at org.eclipse.jetty.util.thread.strategy.EatWhatYouKill.runTask(EatWhatYouKill.java:336)
	at org.eclipse.jetty.util.thread.strategy.EatWhatYouKill.doProduce(EatWhatYouKill.java:313)
	at org.eclipse.jetty.util.thread.strategy.EatWhatYouKill.tryProduce(EatWhatYouKill.java:171)
	at org.eclipse.jetty.util.thread.strategy.EatWhatYouKill.produce(EatWhatYouKill.java:135)
	at org.eclipse.jetty.util.thread.QueuedThreadPool.runJob(QueuedThreadPool.java:806)
	at org.eclipse.jetty.util.thread.QueuedThreadPool$Runner.run(QueuedThreadPool.java:938)
	at java.base/java.lang.Thread.run(Thread.java:834)
Caused by: java.io.IOException: Se ha anulado una conexión establecida por el software en su equipo host.
	at java.base/sun.nio.ch.SocketDispatcher.write0(Native Method)
	at java.base/sun.nio.ch.SocketDispatcher.write(SocketDispatcher.java:51)
	at java.base/sun.nio.ch.IOUtil.writeFromNativeBuffer(IOUtil.java:113)
	at java.base/sun.nio.ch.IOUtil.write(IOUtil.java:79)
	at java.base/sun.nio.ch.IOUtil.write(IOUtil.java:50)
	at java.base/sun.nio.ch.SocketChannelImpl.write(SocketChannelImpl.java:466)
	at org.eclipse.jetty.io.ChannelEndPoint.flush(ChannelEndPoint.java:261)
	... 52 common frames omitted
13:18:41.486 [qtp1306936337-73] DEBUG org.eclipse.jetty.server.HttpConnection - abort HttpConnection@475c5701::NetworkTrafficSocketChannelEndPoint@8a6b25e{/127.0.0.1:65004<->/127.0.0.1:8080,OPEN,fill=-,flush=F,to=3/30000}{io=0/0,kio=0,kro=1}->HttpConnection@475c5701[p=HttpParser{s=END,0 of -1},g=HttpGenerator@7ad529f6{s=COMPLETING}]=>HttpChannelOverHttp@6615d3a{s=HttpChannelState@25ed92e{s=HANDLING rs=BLOCKING os=ABORTED is=READY awp=false se=false i=true al=0},r=1,c=false/false,a=HANDLING,uri=//localhost:8080/api/v0/components/products/63d3bec5-12c6-457b-b612-526e69cd65b7/questions/hidden,age=2229} {}
13:18:41.486 [qtp1306936337-73] DEBUG org.eclipse.jetty.io.AbstractEndPoint - close NetworkTrafficSocketChannelEndPoint@8a6b25e{/127.0.0.1:65004<->/127.0.0.1:8080,OPEN,fill=-,flush=F,to=3/30000}{io=0/0,kio=0,kro=1}->HttpConnection@475c5701[p=HttpParser{s=END,0 of -1},g=HttpGenerator@7ad529f6{s=COMPLETING}]=>HttpChannelOverHttp@6615d3a{s=HttpChannelState@25ed92e{s=HANDLING rs=BLOCKING os=ABORTED is=READY awp=false se=false i=true al=0},r=1,c=false/false,a=HANDLING,uri=//localhost:8080/api/v0/components/products/63d3bec5-12c6-457b-b612-526e69cd65b7/questions/hidden,age=2229}
13:18:41.486 [qtp1306936337-73] DEBUG org.eclipse.jetty.io.AbstractEndPoint - close(null) NetworkTrafficSocketChannelEndPoint@8a6b25e{/127.0.0.1:65004<->/127.0.0.1:8080,OPEN,fill=-,flush=F,to=4/30000}{io=0/0,kio=0,kro=1}->HttpConnection@475c5701[p=HttpParser{s=END,0 of -1},g=HttpGenerator@7ad529f6{s=COMPLETING}]=>HttpChannelOverHttp@6615d3a{s=HttpChannelState@25ed92e{s=HANDLING rs=BLOCKING os=ABORTED is=READY awp=false se=false i=true al=0},r=1,c=false/false,a=HANDLING,uri=//localhost:8080/api/v0/components/products/63d3bec5-12c6-457b-b612-526e69cd65b7/questions/hidden,age=2229}
13:18:41.486 [qtp1306936337-73] DEBUG org.eclipse.jetty.io.ChannelEndPoint - doClose NetworkTrafficSocketChannelEndPoint@8a6b25e{/127.0.0.1:65004<->/127.0.0.1:8080,CLOSED,fill=-,flush=F,to=4/30000}{io=0/0,kio=0,kro=1}->HttpConnection@475c5701[p=HttpParser{s=END,0 of -1},g=HttpGenerator@7ad529f6{s=COMPLETING}]=>HttpChannelOverHttp@6615d3a{s=HttpChannelState@25ed92e{s=HANDLING rs=BLOCKING os=ABORTED is=READY awp=false se=false i=true al=0},r=1,c=false/false,a=HANDLING,uri=//localhost:8080/api/v0/components/products/63d3bec5-12c6-457b-b612-526e69cd65b7/questions/hidden,age=2229}
13:18:41.486 [qtp1306936337-73] DEBUG org.eclipse.jetty.io.FillInterest - onClose FillInterest@7651331b{null}
13:18:41.486 [qtp1306936337-73] DEBUG org.eclipse.jetty.io.ManagedSelector - Wakeup ManagedSelector@689012ee{STARTED} id=0 keys=1 selected=0 updates=0
13:18:41.487 [qtp1306936337-78] DEBUG org.eclipse.jetty.io.ManagedSelector - Selector sun.nio.ch.WindowsSelectorImpl@1e8618d6 woken with none selected
13:18:41.487 [qtp1306936337-78] DEBUG org.eclipse.jetty.io.ManagedSelector - Selector sun.nio.ch.WindowsSelectorImpl@1e8618d6 woken up from select, 0/0/0 selected
13:18:41.487 [qtp1306936337-78] DEBUG org.eclipse.jetty.io.ManagedSelector - Selector sun.nio.ch.WindowsSelectorImpl@1e8618d6 processing 0 keys, 0 updates
13:18:41.487 [qtp1306936337-78] DEBUG org.eclipse.jetty.io.ManagedSelector - updateable 0
13:18:41.487 [qtp1306936337-78] DEBUG org.eclipse.jetty.io.ManagedSelector - updates 0
13:18:41.487 [qtp1306936337-78] DEBUG org.eclipse.jetty.io.ManagedSelector - Selector sun.nio.ch.WindowsSelectorImpl@1e8618d6 waiting with 0 keys
13:18:41.487 [qtp1306936337-73] DEBUG org.eclipse.jetty.util.thread.QueuedThreadPool - queue org.eclipse.jetty.io.ManagedSelector$DestroyEndPoint@5b3b4ac3 startThread=0
13:18:41.487 [qtp1306936337-73] DEBUG org.eclipse.jetty.server.HttpOutput - onWriteComplete(true,org.eclipse.jetty.io.EofException) s=CLOSING,api=BLOCKED,sc=false,e=null->s=CLOSED,api=BLOCKING,sc=false,e=null c=null cb=null w=false
13:18:41.487 [qtp1306936337-73] DEBUG org.eclipse.jetty.server.Server - handled=true async=false committed=true on HttpChannelOverHttp@6615d3a{s=HttpChannelState@25ed92e{s=HANDLING rs=BLOCKING os=ABORTED is=READY awp=false se=false i=true al=0},r=1,c=false/false,a=HANDLING,uri=//localhost:8080/api/v0/components/products/63d3bec5-12c6-457b-b612-526e69cd65b7/questions/hidden,age=2230}
13:18:41.487 [qtp1306936337-73] DEBUG org.eclipse.jetty.server.HttpChannelState - unhandle HttpChannelState@25ed92e{s=HANDLING rs=BLOCKING os=ABORTED is=READY awp=false se=false i=true al=0}
13:18:41.487 [qtp1306936337-73] DEBUG org.eclipse.jetty.server.HttpChannelState - nextAction(false) COMPLETE HttpChannelState@25ed92e{s=HANDLING rs=COMPLETING os=ABORTED is=READY awp=false se=false i=false al=0}
13:18:41.487 [qtp1306936337-73] DEBUG org.eclipse.jetty.server.HttpChannel - action COMPLETE HttpChannelOverHttp@6615d3a{s=HttpChannelState@25ed92e{s=HANDLING rs=COMPLETING os=ABORTED is=READY awp=false se=false i=false al=0},r=1,c=false/false,a=HANDLING,uri=//localhost:8080/api/v0/components/products/63d3bec5-12c6-457b-b612-526e69cd65b7/questions/hidden,age=2230}
13:18:41.487 [qtp1306936337-73] DEBUG org.eclipse.jetty.server.HttpOutput - complete(org.eclipse.jetty.util.Callback$4@6a2cf9b3) s=CLOSED,api=BLOCKING,sc=false,e=null s=true e=null, c=null
13:18:41.487 [qtp1306936337-73] DEBUG org.eclipse.jetty.server.HttpChannelState - completed HttpChannelState@25ed92e{s=HANDLING rs=COMPLETING os=ABORTED is=READY awp=false se=false i=false al=0}
13:18:41.487 [qtp1306936337-73] DEBUG org.eclipse.jetty.server.HttpChannelState - unhandle HttpChannelState@25ed92e{s=HANDLING rs=COMPLETED os=ABORTED is=READY awp=false se=false i=false al=0}
13:18:41.487 [qtp1306936337-73] DEBUG org.eclipse.jetty.server.HttpChannelState - nextAction(false) TERMINATED HttpChannelState@25ed92e{s=IDLE rs=COMPLETED os=ABORTED is=READY awp=false se=false i=false al=0}
13:18:41.487 [qtp1306936337-73] DEBUG org.eclipse.jetty.server.HttpChannel - action TERMINATED HttpChannelOverHttp@6615d3a{s=HttpChannelState@25ed92e{s=IDLE rs=COMPLETED os=ABORTED is=READY awp=false se=false i=false al=0},r=1,c=true/false,a=IDLE,uri=//localhost:8080/api/v0/components/products/63d3bec5-12c6-457b-b612-526e69cd65b7/questions/hidden,age=2230}
13:18:41.487 [qtp1306936337-73] DEBUG org.eclipse.jetty.server.HttpChannel - onCompleted for /api/v0/components/products/63d3bec5-12c6-457b-b612-526e69cd65b7/questions/hidden written=0
13:18:41.488 [qtp1306936337-73] DEBUG org.eclipse.jetty.server.HttpChannelState - recycle HttpChannelState@25ed92e{s=IDLE rs=COMPLETED os=ABORTED is=READY awp=false se=false i=false al=0}
13:18:41.488 [qtp1306936337-73] DEBUG org.eclipse.jetty.http.HttpParser - close HttpParser{s=END,0 of -1}
13:18:41.488 [qtp1306936337-73] DEBUG org.eclipse.jetty.http.HttpParser - END --> CLOSE
13:18:41.488 [qtp1306936337-73] DEBUG org.eclipse.jetty.server.HttpChannel - !handle TERMINATED HttpChannelOverHttp@6615d3a{s=HttpChannelState@25ed92e{s=IDLE rs=BLOCKING os=OPEN is=IDLE awp=false se=false i=true al=0},r=1,c=false/false,a=IDLE,uri=null,age=0}
13:18:41.488 [qtp1306936337-73] DEBUG org.eclipse.jetty.server.HttpConnection - HttpConnection@475c5701::NetworkTrafficSocketChannelEndPoint@8a6b25e{/127.0.0.1:65004<->/127.0.0.1:8080,CLOSED,fill=-,flush=F,to=5/30000}{io=0/0,kio=-1,kro=-1}->HttpConnection@475c5701[p=HttpParser{s=CLOSE,0 of -1},g=HttpGenerator@7ad529f6{s=START}]=>HttpChannelOverHttp@6615d3a{s=HttpChannelState@25ed92e{s=IDLE rs=BLOCKING os=OPEN is=IDLE awp=false se=false i=true al=0},r=1,c=false/false,a=IDLE,uri=null,age=0} onFillable exit HttpChannelState@25ed92e{s=IDLE rs=BLOCKING os=OPEN is=IDLE awp=false se=false i=true al=0} null
13:18:41.488 [qtp1306936337-73] DEBUG org.eclipse.jetty.util.thread.QueuedThreadPool - ran org.eclipse.jetty.io.ManagedSelector$$Lambda$425/0x00000001005fc040@6c274bba in QueuedThreadPool[qtp1306936337]@4de64411{STARTED,8<=9<=14,i=0,r=1,q=0}[ReservedThreadExecutor@47ca1bcb{s=1/1,p=0}]
13:18:41.488 [qtp1306936337-73] DEBUG org.eclipse.jetty.util.thread.QueuedThreadPool - run org.eclipse.jetty.io.ManagedSelector$DestroyEndPoint@5b3b4ac3 in QueuedThreadPool[qtp1306936337]@4de64411{STARTED,8<=9<=14,i=1,r=1,q=0}[ReservedThreadExecutor@47ca1bcb{s=1/1,p=0}]
13:18:41.488 [qtp1306936337-73] DEBUG org.eclipse.jetty.io.ManagedSelector - Destroyed NetworkTrafficSocketChannelEndPoint@8a6b25e{/127.0.0.1:65004<->/127.0.0.1:8080,CLOSED,fill=-,flush=F,to=6/30000}{io=0/0,kio=-1,kro=-1}->HttpConnection@475c5701[p=HttpParser{s=CLOSE,0 of -1},g=HttpGenerator@7ad529f6{s=START}]=>HttpChannelOverHttp@6615d3a{s=HttpChannelState@25ed92e{s=IDLE rs=BLOCKING os=OPEN is=IDLE awp=false se=false i=true al=0},r=1,c=false/false,a=IDLE,uri=null,age=0}
13:18:41.488 [qtp1306936337-73] DEBUG org.eclipse.jetty.io.AbstractConnection - onClose HttpConnection@475c5701::NetworkTrafficSocketChannelEndPoint@8a6b25e{/127.0.0.1:65004<->/127.0.0.1:8080,CLOSED,fill=-,flush=F,to=6/30000}{io=0/0,kio=-1,kro=-1}->HttpConnection@475c5701[p=HttpParser{s=CLOSE,0 of -1},g=HttpGenerator@7ad529f6{s=START}]=>HttpChannelOverHttp@6615d3a{s=HttpChannelState@25ed92e{s=IDLE rs=BLOCKING os=OPEN is=IDLE awp=false se=false i=true al=0},r=1,c=false/false,a=IDLE,uri=null,age=0}
13:18:41.488 [qtp1306936337-73] DEBUG org.eclipse.jetty.util.thread.QueuedThreadPool - ran org.eclipse.jetty.io.ManagedSelector$DestroyEndPoint@5b3b4ac3 in QueuedThreadPool[qtp1306936337]@4de64411{STARTED,8<=9<=14,i=1,r=1,q=0}[ReservedThreadExecutor@47ca1bcb{s=1/1,p=0}]
13:18:43.435 [reactor-http-nio-2] WARN reactor.netty.http.client.HttpClientConnect - [id: 0x0661e05e, L:/127.0.0.1:65007 - R:localhost/127.0.0.1:8080] The connection observed an error
io.netty.handler.timeout.ReadTimeoutException: null
13:18:43.435 [reactor-http-nio-2] DEBUG org.springframework.web.reactive.function.client.ExchangeFunctions - [7887d6f5] Cancel signal (to close connection)
13:18:43.436 [reactor-http-nio-2] DEBUG reactor.netty.resources.PooledConnectionProvider - [id: 0x0661e05e, L:/127.0.0.1:65007 ! R:localhost/127.0.0.1:8080] Channel closed, now 0 active connections and 0 inactive connections
13:18:43.436 [reactor-http-nio-2] DEBUG reactor.netty.ReactorNetty - [id: 0x0661e05e, L:/127.0.0.1:65007 ! R:localhost/127.0.0.1:8080] Non Removed handler: ReadTimeoutHandler, context: ChannelHandlerContext(ReadTimeoutHandler, [id: 0x0661e05e, L:/127.0.0.1:65007 ! R:localhost/127.0.0.1:8080]), pipeline: DefaultChannelPipeline{(reactor.left.httpCodec = io.netty.handler.codec.http.HttpClientCodec), (ReadTimeoutHandler = io.netty.handler.timeout.ReadTimeoutHandler), (WriteTimeoutHandler = io.netty.handler.timeout.WriteTimeoutHandler), (reactor.right.reactiveBridge = reactor.netty.channel.ChannelOperationsHandler)}
13:18:43.437 [reactor-http-nio-2] DEBUG reactor.netty.ReactorNetty - [id: 0x0661e05e, L:/127.0.0.1:65007 ! R:localhost/127.0.0.1:8080] Non Removed handler: WriteTimeoutHandler, context: ChannelHandlerContext(WriteTimeoutHandler, [id: 0x0661e05e, L:/127.0.0.1:65007 ! R:localhost/127.0.0.1:8080]), pipeline: DefaultChannelPipeline{(reactor.left.httpCodec = io.netty.handler.codec.http.HttpClientCodec), (ReadTimeoutHandler = io.netty.handler.timeout.ReadTimeoutHandler), (WriteTimeoutHandler = io.netty.handler.timeout.WriteTimeoutHandler), (reactor.right.reactiveBridge = reactor.netty.channel.ChannelOperationsHandler)}
13:18:43.437 [reactor-http-nio-2] DEBUG reactor.netty.resources.PooledConnectionProvider - [id: 0x0661e05e, L:/127.0.0.1:65007 ! R:localhost/127.0.0.1:8080] onStateChange(GET{uri=/api/v0/components/products/63d3bec5-12c6-457b-b612-526e69cd65b7/questions/hidden, connection=PooledConnection{channel=[id: 0x0661e05e, L:/127.0.0.1:65007 ! R:localhost/127.0.0.1:8080]}}, [disconnecting])
13:18:43.547 [qtp1306936337-74] DEBUG org.eclipse.jetty.server.handler.gzip.GzipHandler - GzipHandler@3fde4138{STARTED,min=32,inflate=-1} excluded not gzip accept Request(GET //localhost:8080/api/v0/components/products/63d3bec5-12c6-457b-b612-526e69cd65b7/questions/hidden)@16946a01
13:18:43.547 [qtp1306936337-74] DEBUG org.eclipse.jetty.server.handler.gzip.GzipHttpOutputInterceptor - org.eclipse.jetty.server.handler.gzip.GzipHttpOutputInterceptor@207df3b7 exclude no deflater
13:18:43.547 [qtp1306936337-74] DEBUG org.eclipse.jetty.server.HttpChannel - sendResponse info=null content=HeapByteBuffer@137d328[p=0,l=0,c=0,r=0]={<<<>>>} complete=false committing=true callback=Blocker@3861722e{null}
13:18:43.547 [qtp1306936337-74] DEBUG org.eclipse.jetty.server.HttpChannel - COMMIT for /api/v0/components/products/63d3bec5-12c6-457b-b612-526e69cd65b7/questions/hidden on HttpChannelOverHttp@f4392b8{s=HttpChannelState@58a0755f{s=HANDLING rs=BLOCKING os=COMMITTED is=READY awp=false se=false i=true al=0},r=1,c=false/false,a=HANDLING,uri=//localhost:8080/api/v0/components/products/63d3bec5-12c6-457b-b612-526e69cd65b7/questions/hidden,age=2105}
200 null HTTP/1.1
Matched-Stub-Id: 3b014af9-4de1-41a9-b4d6-3dd60deee9e3
Vary: Accept-Encoding, User-Agent


13:18:43.547 [qtp1306936337-74] DEBUG org.eclipse.jetty.server.HttpConnection - generate: NEED_HEADER for org.eclipse.jetty.server.HttpConnection$SendCallback@d90c341[PROCESSING][i=HTTP/1.1{s=200,h=2,cl=-1},cb=org.eclipse.jetty.server.HttpChannel$SendCallback@80fd38e] (null,[p=0,l=0,c=0,r=0],false)@START
13:18:43.547 [qtp1306936337-74] DEBUG org.eclipse.jetty.http.HttpGenerator - generateHeaders HTTP/1.1{s=200,h=2,cl=-1} last=false content=HeapByteBuffer@137d328[p=0,l=0,c=0,r=0]={<<<>>>}
13:18:43.547 [qtp1306936337-74] DEBUG org.eclipse.jetty.http.HttpGenerator - Matched-Stub-Id: 3b014af9-4de1-41a9-b4d6-3dd60deee9e3
Vary: Accept-Encoding, User-Agent


13:18:43.548 [qtp1306936337-74] DEBUG org.eclipse.jetty.http.HttpGenerator - CHUNKED_CONTENT
13:18:43.548 [qtp1306936337-74] DEBUG org.eclipse.jetty.server.HttpConnection - generate: FLUSH for org.eclipse.jetty.server.HttpConnection$SendCallback@d90c341[PROCESSING][i=HTTP/1.1{s=200,h=2,cl=-1},cb=org.eclipse.jetty.server.HttpChannel$SendCallback@80fd38e] ([p=0,l=170,c=8192,r=170],[p=0,l=0,c=0,r=0],false)@COMMITTED
13:18:43.548 [qtp1306936337-74] DEBUG org.eclipse.jetty.io.WriteFlusher - write: WriteFlusher@47207973{IDLE}->null [HeapByteBuffer@517b6415[p=0,l=170,c=8192,r=170]={<<<HTTP/1.1 200 OK\r\nMatched-...y(9.4.28.v20200408)\r\n\r\n>>>\nAuthoriz...\x00\x00\x00\x00\x00\x00\x00}]
13:18:43.548 [qtp1306936337-74] DEBUG org.eclipse.jetty.io.WriteFlusher - update WriteFlusher@47207973{WRITING}->null:IDLE-->WRITING
13:18:43.548 [qtp1306936337-74] DEBUG org.eclipse.jetty.io.ChannelEndPoint - flushed 170 NetworkTrafficSocketChannelEndPoint@1c638b32{/127.0.0.1:65007<->/127.0.0.1:8080,OPEN,fill=-,flush=W,to=2108/30000}{io=0/0,kio=0,kro=1}->HttpConnection@60f8dd50[p=HttpParser{s=END,0 of -1},g=HttpGenerator@6042e066{s=COMMITTED}]=>HttpChannelOverHttp@f4392b8{s=HttpChannelState@58a0755f{s=HANDLING rs=BLOCKING os=COMMITTED is=READY awp=false se=false i=true al=0},r=1,c=false/false,a=HANDLING,uri=//localhost:8080/api/v0/components/products/63d3bec5-12c6-457b-b612-526e69cd65b7/questions/hidden,age=2106}
13:18:43.548 [qtp1306936337-74] DEBUG org.eclipse.jetty.io.WriteFlusher - Flushed=true written=170 remaining=0 WriteFlusher@47207973{WRITING}->null
13:18:43.548 [qtp1306936337-74] DEBUG org.eclipse.jetty.io.WriteFlusher - update WriteFlusher@47207973{IDLE}->null:WRITING-->IDLE
13:18:43.548 [qtp1306936337-74] DEBUG org.eclipse.jetty.server.HttpConnection - generate: DONE for org.eclipse.jetty.server.HttpConnection$SendCallback@d90c341[PROCESSING][i=HTTP/1.1{s=200,h=2,cl=-1},cb=org.eclipse.jetty.server.HttpChannel$SendCallback@80fd38e] ([p=170,l=170,c=8192,r=0],[p=0,l=0,c=0,r=0],false)@COMMITTED
13:18:43.548 [qtp1306936337-74] DEBUG org.eclipse.jetty.server.HttpOutput - onWriteComplete(false,null) s=OPEN,api=BLOCKED,sc=false,e=null->s=OPEN,api=BLOCKING,sc=false,e=null c=null cb=null w=false
13:18:43.548 [qtp1306936337-74] DEBUG org.eclipse.jetty.server.HttpOutput - close() s=CLOSING,api=BLOCKED,sc=false,e=null c=HeapByteBuffer@137d328[p=0,l=0,c=0,r=0]={<<<>>>} b=Blocker@3861722e{null}
13:18:43.548 [qtp1306936337-74] DEBUG org.eclipse.jetty.server.HttpChannel - sendResponse info=null content=HeapByteBuffer@137d328[p=0,l=0,c=0,r=0]={<<<>>>} complete=true committing=false callback=Blocker@3861722e{null}
13:18:43.548 [qtp1306936337-74] DEBUG org.eclipse.jetty.server.HttpConnection - generate: CONTINUE for org.eclipse.jetty.server.HttpConnection$SendCallback@d90c341[PROCESSING][i=null,cb=org.eclipse.jetty.server.HttpChannel$SendCallback@746393bb] (null,[p=0,l=0,c=0,r=0],true)@COMPLETING
13:18:43.549 [qtp1306936337-74] DEBUG org.eclipse.jetty.server.HttpConnection - generate: NEED_CHUNK for org.eclipse.jetty.server.HttpConnection$SendCallback@d90c341[PROCESSING][i=null,cb=org.eclipse.jetty.server.HttpChannel$SendCallback@746393bb] (null,[p=0,l=0,c=0,r=0],true)@COMPLETING
13:18:43.549 [qtp1306936337-74] DEBUG org.eclipse.jetty.server.HttpConnection - generate: FLUSH for org.eclipse.jetty.server.HttpConnection$SendCallback@d90c341[PROCESSING][i=null,cb=org.eclipse.jetty.server.HttpChannel$SendCallback@746393bb] (null,[p=0,l=0,c=0,r=0],true)@COMPLETING
13:18:43.549 [qtp1306936337-74] DEBUG org.eclipse.jetty.io.WriteFlusher - write: WriteFlusher@47207973{IDLE}->null [HeapByteBuffer@453ac13f[p=0,l=5,c=1024,r=5]={<<<0\r\n\r\n>>>\r\n\x00\x00\x00\x00\x00\x00\x00...\x00\x00\x00\x00\x00\x00\x00}]
13:18:43.549 [qtp1306936337-74] DEBUG org.eclipse.jetty.io.WriteFlusher - update WriteFlusher@47207973{WRITING}->null:IDLE-->WRITING
13:18:43.551 [qtp1306936337-74] DEBUG org.eclipse.jetty.io.WriteFlusher - write exception
org.eclipse.jetty.io.EofException: null
	at org.eclipse.jetty.io.ChannelEndPoint.flush(ChannelEndPoint.java:283)
	at org.eclipse.jetty.io.NetworkTrafficSocketChannelEndPoint.flush(NetworkTrafficSocketChannelEndPoint.java:66)
	at org.eclipse.jetty.io.WriteFlusher.flush(WriteFlusher.java:422)
	at org.eclipse.jetty.io.WriteFlusher.write(WriteFlusher.java:277)
	at org.eclipse.jetty.io.AbstractEndPoint.write(AbstractEndPoint.java:381)
	at org.eclipse.jetty.server.HttpConnection$SendCallback.process(HttpConnection.java:830)
	at org.eclipse.jetty.util.IteratingCallback.processing(IteratingCallback.java:241)
	at org.eclipse.jetty.util.IteratingCallback.iterate(IteratingCallback.java:223)
	at org.eclipse.jetty.server.HttpConnection.send(HttpConnection.java:549)
	at org.eclipse.jetty.server.HttpChannel.sendResponse(HttpChannel.java:829)
	at org.eclipse.jetty.server.HttpChannel.write(HttpChannel.java:901)
	at org.eclipse.jetty.server.handler.gzip.GzipHttpOutputInterceptor.write(GzipHttpOutputInterceptor.java:112)
	at org.eclipse.jetty.server.HttpOutput.channelWrite(HttpOutput.java:283)
	at org.eclipse.jetty.server.HttpOutput.close(HttpOutput.java:602)
	at com.github.tomakehurst.wiremock.servlet.WireMockHandlerDispatchingServlet.writeAndTranslateExceptions(WireMockHandlerDispatchingServlet.java:235)
	at com.github.tomakehurst.wiremock.servlet.WireMockHandlerDispatchingServlet.applyResponse(WireMockHandlerDispatchingServlet.java:223)
	at com.github.tomakehurst.wiremock.servlet.WireMockHandlerDispatchingServlet$ServletHttpResponder.respondTo(WireMockHandlerDispatchingServlet.java:183)
	at com.github.tomakehurst.wiremock.servlet.WireMockHandlerDispatchingServlet$ServletHttpResponder.respondSync(WireMockHandlerDispatchingServlet.java:150)
	at com.github.tomakehurst.wiremock.servlet.WireMockHandlerDispatchingServlet$ServletHttpResponder.respond(WireMockHandlerDispatchingServlet.java:144)
	at com.github.tomakehurst.wiremock.http.AbstractRequestHandler.handle(AbstractRequestHandler.java:90)
	at com.github.tomakehurst.wiremock.servlet.WireMockHandlerDispatchingServlet.service(WireMockHandlerDispatchingServlet.java:120)
	at javax.servlet.http.HttpServlet.service(HttpServlet.java:750)
	at org.eclipse.jetty.servlet.ServletHolder.handle(ServletHolder.java:763)
	at org.eclipse.jetty.servlet.ServletHandler$CachedChain.doFilter(ServletHandler.java:1631)
	at org.eclipse.jetty.servlets.CrossOriginFilter.handle(CrossOriginFilter.java:319)
	at org.eclipse.jetty.servlets.CrossOriginFilter.doFilter(CrossOriginFilter.java:273)
	at org.eclipse.jetty.servlet.ServletHandler$CachedChain.doFilter(ServletHandler.java:1618)
	at org.eclipse.jetty.servlet.ServletHandler.doHandle(ServletHandler.java:549)
	at org.eclipse.jetty.server.handler.ScopedHandler.nextHandle(ScopedHandler.java:233)
	at org.eclipse.jetty.server.handler.ContextHandler.doHandle(ContextHandler.java:1363)
	at org.eclipse.jetty.server.handler.ScopedHandler.nextScope(ScopedHandler.java:188)
	at org.eclipse.jetty.servlet.ServletHandler.doScope(ServletHandler.java:489)
	at org.eclipse.jetty.server.handler.ScopedHandler.nextScope(ScopedHandler.java:186)
	at org.eclipse.jetty.server.handler.ContextHandler.doScope(ContextHandler.java:1278)
	at org.eclipse.jetty.server.handler.ScopedHandler.handle(ScopedHandler.java:141)
	at org.eclipse.jetty.server.handler.gzip.GzipHandler.handle(GzipHandler.java:767)
	at org.eclipse.jetty.server.handler.HandlerCollection.handle(HandlerCollection.java:146)
	at org.eclipse.jetty.server.handler.HandlerWrapper.handle(HandlerWrapper.java:127)
	at org.eclipse.jetty.server.Server.handle(Server.java:500)
	at org.eclipse.jetty.server.HttpChannel.lambda$handle$1(HttpChannel.java:383)
	at org.eclipse.jetty.server.HttpChannel.dispatch(HttpChannel.java:547)
	at org.eclipse.jetty.server.HttpChannel.handle(HttpChannel.java:375)
	at org.eclipse.jetty.server.HttpConnection.onFillable(HttpConnection.java:273)
	at org.eclipse.jetty.io.AbstractConnection$ReadCallback.succeeded(AbstractConnection.java:311)
	at org.eclipse.jetty.io.FillInterest.fillable(FillInterest.java:103)
	at org.eclipse.jetty.io.ChannelEndPoint$2.run(ChannelEndPoint.java:117)
	at org.eclipse.jetty.util.thread.strategy.EatWhatYouKill.runTask(EatWhatYouKill.java:336)
	at org.eclipse.jetty.util.thread.strategy.EatWhatYouKill.doProduce(EatWhatYouKill.java:313)
	at org.eclipse.jetty.util.thread.strategy.EatWhatYouKill.tryProduce(EatWhatYouKill.java:171)
	at org.eclipse.jetty.util.thread.strategy.EatWhatYouKill.produce(EatWhatYouKill.java:135)
	at org.eclipse.jetty.util.thread.QueuedThreadPool.runJob(QueuedThreadPool.java:806)
	at org.eclipse.jetty.util.thread.QueuedThreadPool$Runner.run(QueuedThreadPool.java:938)
	at java.base/java.lang.Thread.run(Thread.java:834)
Caused by: java.io.IOException: Se ha anulado una conexión establecida por el software en su equipo host.
	at java.base/sun.nio.ch.SocketDispatcher.write0(Native Method)
	at java.base/sun.nio.ch.SocketDispatcher.write(SocketDispatcher.java:51)
	at java.base/sun.nio.ch.IOUtil.writeFromNativeBuffer(IOUtil.java:113)
	at java.base/sun.nio.ch.IOUtil.write(IOUtil.java:79)
	at java.base/sun.nio.ch.IOUtil.write(IOUtil.java:50)
	at java.base/sun.nio.ch.SocketChannelImpl.write(SocketChannelImpl.java:466)
	at org.eclipse.jetty.io.ChannelEndPoint.flush(ChannelEndPoint.java:261)
	... 52 common frames omitted
13:18:43.552 [qtp1306936337-74] DEBUG org.eclipse.jetty.io.WriteFlusher - update WriteFlusher@47207973{FAILED}->null:WRITING-->FAILED
13:18:43.552 [qtp1306936337-74] DEBUG org.eclipse.jetty.server.HttpChannel - Commit failed
org.eclipse.jetty.io.EofException: null
	at org.eclipse.jetty.io.ChannelEndPoint.flush(ChannelEndPoint.java:283)
	at org.eclipse.jetty.io.NetworkTrafficSocketChannelEndPoint.flush(NetworkTrafficSocketChannelEndPoint.java:66)
	at org.eclipse.jetty.io.WriteFlusher.flush(WriteFlusher.java:422)
	at org.eclipse.jetty.io.WriteFlusher.write(WriteFlusher.java:277)
	at org.eclipse.jetty.io.AbstractEndPoint.write(AbstractEndPoint.java:381)
	at org.eclipse.jetty.server.HttpConnection$SendCallback.process(HttpConnection.java:830)
	at org.eclipse.jetty.util.IteratingCallback.processing(IteratingCallback.java:241)
	at org.eclipse.jetty.util.IteratingCallback.iterate(IteratingCallback.java:223)
	at org.eclipse.jetty.server.HttpConnection.send(HttpConnection.java:549)
	at org.eclipse.jetty.server.HttpChannel.sendResponse(HttpChannel.java:829)
	at org.eclipse.jetty.server.HttpChannel.write(HttpChannel.java:901)
	at org.eclipse.jetty.server.handler.gzip.GzipHttpOutputInterceptor.write(GzipHttpOutputInterceptor.java:112)
	at org.eclipse.jetty.server.HttpOutput.channelWrite(HttpOutput.java:283)
	at org.eclipse.jetty.server.HttpOutput.close(HttpOutput.java:602)
	at com.github.tomakehurst.wiremock.servlet.WireMockHandlerDispatchingServlet.writeAndTranslateExceptions(WireMockHandlerDispatchingServlet.java:235)
	at com.github.tomakehurst.wiremock.servlet.WireMockHandlerDispatchingServlet.applyResponse(WireMockHandlerDispatchingServlet.java:223)
	at com.github.tomakehurst.wiremock.servlet.WireMockHandlerDispatchingServlet$ServletHttpResponder.respondTo(WireMockHandlerDispatchingServlet.java:183)
	at com.github.tomakehurst.wiremock.servlet.WireMockHandlerDispatchingServlet$ServletHttpResponder.respondSync(WireMockHandlerDispatchingServlet.java:150)
	at com.github.tomakehurst.wiremock.servlet.WireMockHandlerDispatchingServlet$ServletHttpResponder.respond(WireMockHandlerDispatchingServlet.java:144)
	at com.github.tomakehurst.wiremock.http.AbstractRequestHandler.handle(AbstractRequestHandler.java:90)
	at com.github.tomakehurst.wiremock.servlet.WireMockHandlerDispatchingServlet.service(WireMockHandlerDispatchingServlet.java:120)
	at javax.servlet.http.HttpServlet.service(HttpServlet.java:750)
	at org.eclipse.jetty.servlet.ServletHolder.handle(ServletHolder.java:763)
	at org.eclipse.jetty.servlet.ServletHandler$CachedChain.doFilter(ServletHandler.java:1631)
	at org.eclipse.jetty.servlets.CrossOriginFilter.handle(CrossOriginFilter.java:319)
	at org.eclipse.jetty.servlets.CrossOriginFilter.doFilter(CrossOriginFilter.java:273)
	at org.eclipse.jetty.servlet.ServletHandler$CachedChain.doFilter(ServletHandler.java:1618)
	at org.eclipse.jetty.servlet.ServletHandler.doHandle(ServletHandler.java:549)
	at org.eclipse.jetty.server.handler.ScopedHandler.nextHandle(ScopedHandler.java:233)
	at org.eclipse.jetty.server.handler.ContextHandler.doHandle(ContextHandler.java:1363)
	at org.eclipse.jetty.server.handler.ScopedHandler.nextScope(ScopedHandler.java:188)
	at org.eclipse.jetty.servlet.ServletHandler.doScope(ServletHandler.java:489)
	at org.eclipse.jetty.server.handler.ScopedHandler.nextScope(ScopedHandler.java:186)
	at org.eclipse.jetty.server.handler.ContextHandler.doScope(ContextHandler.java:1278)
	at org.eclipse.jetty.server.handler.ScopedHandler.handle(ScopedHandler.java:141)
	at org.eclipse.jetty.server.handler.gzip.GzipHandler.handle(GzipHandler.java:767)
	at org.eclipse.jetty.server.handler.HandlerCollection.handle(HandlerCollection.java:146)
	at org.eclipse.jetty.server.handler.HandlerWrapper.handle(HandlerWrapper.java:127)
	at org.eclipse.jetty.server.Server.handle(Server.java:500)
	at org.eclipse.jetty.server.HttpChannel.lambda$handle$1(HttpChannel.java:383)
	at org.eclipse.jetty.server.HttpChannel.dispatch(HttpChannel.java:547)
	at org.eclipse.jetty.server.HttpChannel.handle(HttpChannel.java:375)
	at org.eclipse.jetty.server.HttpConnection.onFillable(HttpConnection.java:273)
	at org.eclipse.jetty.io.AbstractConnection$ReadCallback.succeeded(AbstractConnection.java:311)
	at org.eclipse.jetty.io.FillInterest.fillable(FillInterest.java:103)
	at org.eclipse.jetty.io.ChannelEndPoint$2.run(ChannelEndPoint.java:117)
	at org.eclipse.jetty.util.thread.strategy.EatWhatYouKill.runTask(EatWhatYouKill.java:336)
	at org.eclipse.jetty.util.thread.strategy.EatWhatYouKill.doProduce(EatWhatYouKill.java:313)
	at org.eclipse.jetty.util.thread.strategy.EatWhatYouKill.tryProduce(EatWhatYouKill.java:171)
	at org.eclipse.jetty.util.thread.strategy.EatWhatYouKill.produce(EatWhatYouKill.java:135)
	at org.eclipse.jetty.util.thread.QueuedThreadPool.runJob(QueuedThreadPool.java:806)
	at org.eclipse.jetty.util.thread.QueuedThreadPool$Runner.run(QueuedThreadPool.java:938)
	at java.base/java.lang.Thread.run(Thread.java:834)
Caused by: java.io.IOException: Se ha anulado una conexión establecida por el software en su equipo host.
	at java.base/sun.nio.ch.SocketDispatcher.write0(Native Method)
	at java.base/sun.nio.ch.SocketDispatcher.write(SocketDispatcher.java:51)
	at java.base/sun.nio.ch.IOUtil.writeFromNativeBuffer(IOUtil.java:113)
	at java.base/sun.nio.ch.IOUtil.write(IOUtil.java:79)
	at java.base/sun.nio.ch.IOUtil.write(IOUtil.java:50)
	at java.base/sun.nio.ch.SocketChannelImpl.write(SocketChannelImpl.java:466)
	at org.eclipse.jetty.io.ChannelEndPoint.flush(ChannelEndPoint.java:261)
	... 52 common frames omitted
13:18:43.561 [qtp1306936337-74] DEBUG org.eclipse.jetty.server.HttpConnection - abort HttpConnection@60f8dd50::NetworkTrafficSocketChannelEndPoint@1c638b32{/127.0.0.1:65007<->/127.0.0.1:8080,OPEN,fill=-,flush=F,to=12/30000}{io=0/0,kio=0,kro=1}->HttpConnection@60f8dd50[p=HttpParser{s=END,0 of -1},g=HttpGenerator@6042e066{s=COMPLETING}]=>HttpChannelOverHttp@f4392b8{s=HttpChannelState@58a0755f{s=HANDLING rs=BLOCKING os=ABORTED is=READY awp=false se=false i=true al=0},r=1,c=false/false,a=HANDLING,uri=//localhost:8080/api/v0/components/products/63d3bec5-12c6-457b-b612-526e69cd65b7/questions/hidden,age=2119} {}
13:18:43.561 [qtp1306936337-74] DEBUG org.eclipse.jetty.io.AbstractEndPoint - close NetworkTrafficSocketChannelEndPoint@1c638b32{/127.0.0.1:65007<->/127.0.0.1:8080,OPEN,fill=-,flush=F,to=12/30000}{io=0/0,kio=0,kro=1}->HttpConnection@60f8dd50[p=HttpParser{s=END,0 of -1},g=HttpGenerator@6042e066{s=COMPLETING}]=>HttpChannelOverHttp@f4392b8{s=HttpChannelState@58a0755f{s=HANDLING rs=BLOCKING os=ABORTED is=READY awp=false se=false i=true al=0},r=1,c=false/false,a=HANDLING,uri=//localhost:8080/api/v0/components/products/63d3bec5-12c6-457b-b612-526e69cd65b7/questions/hidden,age=2119}
13:18:43.561 [qtp1306936337-74] DEBUG org.eclipse.jetty.io.AbstractEndPoint - close(null) NetworkTrafficSocketChannelEndPoint@1c638b32{/127.0.0.1:65007<->/127.0.0.1:8080,OPEN,fill=-,flush=F,to=12/30000}{io=0/0,kio=0,kro=1}->HttpConnection@60f8dd50[p=HttpParser{s=END,0 of -1},g=HttpGenerator@6042e066{s=COMPLETING}]=>HttpChannelOverHttp@f4392b8{s=HttpChannelState@58a0755f{s=HANDLING rs=BLOCKING os=ABORTED is=READY awp=false se=false i=true al=0},r=1,c=false/false,a=HANDLING,uri=//localhost:8080/api/v0/components/products/63d3bec5-12c6-457b-b612-526e69cd65b7/questions/hidden,age=2119}
13:18:43.561 [qtp1306936337-74] DEBUG org.eclipse.jetty.io.ChannelEndPoint - doClose NetworkTrafficSocketChannelEndPoint@1c638b32{/127.0.0.1:65007<->/127.0.0.1:8080,CLOSED,fill=-,flush=F,to=12/30000}{io=0/0,kio=0,kro=1}->HttpConnection@60f8dd50[p=HttpParser{s=END,0 of -1},g=HttpGenerator@6042e066{s=COMPLETING}]=>HttpChannelOverHttp@f4392b8{s=HttpChannelState@58a0755f{s=HANDLING rs=BLOCKING os=ABORTED is=READY awp=false se=false i=true al=0},r=1,c=false/false,a=HANDLING,uri=//localhost:8080/api/v0/components/products/63d3bec5-12c6-457b-b612-526e69cd65b7/questions/hidden,age=2119}
13:18:43.561 [qtp1306936337-74] DEBUG org.eclipse.jetty.io.FillInterest - onClose FillInterest@73076884{null}
13:18:43.561 [qtp1306936337-74] DEBUG org.eclipse.jetty.io.ManagedSelector - Wakeup ManagedSelector@4483ebf{STARTED} id=1 keys=2 selected=0 updates=0
13:18:43.561 [qtp1306936337-74] DEBUG org.eclipse.jetty.util.thread.QueuedThreadPool - queue org.eclipse.jetty.io.ManagedSelector$DestroyEndPoint@7fe2dcbd startThread=0
13:18:43.561 [qtp1306936337-74] DEBUG org.eclipse.jetty.server.HttpOutput - onWriteComplete(true,org.eclipse.jetty.io.EofException) s=CLOSING,api=BLOCKED,sc=false,e=null->s=CLOSED,api=BLOCKING,sc=false,e=null c=null cb=null w=false
13:18:43.561 [qtp1306936337-80] DEBUG org.eclipse.jetty.io.ManagedSelector - Selector sun.nio.ch.WindowsSelectorImpl@23943410 woken with none selected
13:18:43.562 [qtp1306936337-80] DEBUG org.eclipse.jetty.io.ManagedSelector - Selector sun.nio.ch.WindowsSelectorImpl@23943410 woken up from select, 0/0/1 selected
13:18:43.562 [qtp1306936337-80] DEBUG org.eclipse.jetty.io.ManagedSelector - Selector sun.nio.ch.WindowsSelectorImpl@23943410 processing 0 keys, 0 updates
13:18:43.562 [qtp1306936337-74] DEBUG org.eclipse.jetty.server.Server - handled=true async=false committed=true on HttpChannelOverHttp@f4392b8{s=HttpChannelState@58a0755f{s=HANDLING rs=BLOCKING os=ABORTED is=READY awp=false se=false i=true al=0},r=1,c=false/false,a=HANDLING,uri=//localhost:8080/api/v0/components/products/63d3bec5-12c6-457b-b612-526e69cd65b7/questions/hidden,age=2120}
13:18:43.562 [qtp1306936337-80] DEBUG org.eclipse.jetty.io.ManagedSelector - updateable 0
13:18:43.562 [qtp1306936337-74] DEBUG org.eclipse.jetty.server.HttpChannelState - unhandle HttpChannelState@58a0755f{s=HANDLING rs=BLOCKING os=ABORTED is=READY awp=false se=false i=true al=0}
13:18:43.562 [qtp1306936337-80] DEBUG org.eclipse.jetty.io.ManagedSelector - updates 0
13:18:43.562 [qtp1306936337-74] DEBUG org.eclipse.jetty.server.HttpChannelState - nextAction(false) COMPLETE HttpChannelState@58a0755f{s=HANDLING rs=COMPLETING os=ABORTED is=READY awp=false se=false i=false al=0}
13:18:43.562 [qtp1306936337-80] DEBUG org.eclipse.jetty.io.ManagedSelector - Selector sun.nio.ch.WindowsSelectorImpl@23943410 waiting with 1 keys
13:18:43.562 [qtp1306936337-74] DEBUG org.eclipse.jetty.server.HttpChannel - action COMPLETE HttpChannelOverHttp@f4392b8{s=HttpChannelState@58a0755f{s=HANDLING rs=COMPLETING os=ABORTED is=READY awp=false se=false i=false al=0},r=1,c=false/false,a=HANDLING,uri=//localhost:8080/api/v0/components/products/63d3bec5-12c6-457b-b612-526e69cd65b7/questions/hidden,age=2120}
13:18:43.562 [qtp1306936337-74] DEBUG org.eclipse.jetty.server.HttpOutput - complete(org.eclipse.jetty.util.Callback$4@907e36c) s=CLOSED,api=BLOCKING,sc=false,e=null s=true e=null, c=null
13:18:43.562 [qtp1306936337-74] DEBUG org.eclipse.jetty.server.HttpChannelState - completed HttpChannelState@58a0755f{s=HANDLING rs=COMPLETING os=ABORTED is=READY awp=false se=false i=false al=0}
13:18:43.562 [qtp1306936337-74] DEBUG org.eclipse.jetty.server.HttpChannelState - unhandle HttpChannelState@58a0755f{s=HANDLING rs=COMPLETED os=ABORTED is=READY awp=false se=false i=false al=0}
13:18:43.562 [qtp1306936337-74] DEBUG org.eclipse.jetty.server.HttpChannelState - nextAction(false) TERMINATED HttpChannelState@58a0755f{s=IDLE rs=COMPLETED os=ABORTED is=READY awp=false se=false i=false al=0}
13:18:43.562 [qtp1306936337-74] DEBUG org.eclipse.jetty.server.HttpChannel - action TERMINATED HttpChannelOverHttp@f4392b8{s=HttpChannelState@58a0755f{s=IDLE rs=COMPLETED os=ABORTED is=READY awp=false se=false i=false al=0},r=1,c=true/false,a=IDLE,uri=//localhost:8080/api/v0/components/products/63d3bec5-12c6-457b-b612-526e69cd65b7/questions/hidden,age=2120}
13:18:43.562 [qtp1306936337-74] DEBUG org.eclipse.jetty.server.HttpChannel - onCompleted for /api/v0/components/products/63d3bec5-12c6-457b-b612-526e69cd65b7/questions/hidden written=0
13:18:43.562 [qtp1306936337-74] DEBUG org.eclipse.jetty.server.HttpChannelState - recycle HttpChannelState@58a0755f{s=IDLE rs=COMPLETED os=ABORTED is=READY awp=false se=false i=false al=0}
13:18:43.562 [qtp1306936337-74] DEBUG org.eclipse.jetty.http.HttpParser - close HttpParser{s=END,0 of -1}
13:18:43.562 [qtp1306936337-74] DEBUG org.eclipse.jetty.http.HttpParser - END --> CLOSE
13:18:43.562 [qtp1306936337-74] DEBUG org.eclipse.jetty.server.HttpChannel - !handle TERMINATED HttpChannelOverHttp@f4392b8{s=HttpChannelState@58a0755f{s=IDLE rs=BLOCKING os=OPEN is=IDLE awp=false se=false i=true al=0},r=1,c=false/false,a=IDLE,uri=null,age=0}
13:18:43.562 [qtp1306936337-74] DEBUG org.eclipse.jetty.server.HttpConnection - HttpConnection@60f8dd50::NetworkTrafficSocketChannelEndPoint@1c638b32{/127.0.0.1:65007<->/127.0.0.1:8080,CLOSED,fill=-,flush=F,to=14/30000}{io=0/0,kio=-1,kro=-1}->HttpConnection@60f8dd50[p=HttpParser{s=CLOSE,0 of -1},g=HttpGenerator@6042e066{s=START}]=>HttpChannelOverHttp@f4392b8{s=HttpChannelState@58a0755f{s=IDLE rs=BLOCKING os=OPEN is=IDLE awp=false se=false i=true al=0},r=1,c=false/false,a=IDLE,uri=null,age=0} onFillable exit HttpChannelState@58a0755f{s=IDLE rs=BLOCKING os=OPEN is=IDLE awp=false se=false i=true al=0} null
13:18:43.562 [qtp1306936337-74] DEBUG org.eclipse.jetty.util.thread.QueuedThreadPool - ran org.eclipse.jetty.io.ManagedSelector$$Lambda$425/0x00000001005fc040@51502033 in QueuedThreadPool[qtp1306936337]@4de64411{STARTED,8<=9<=14,i=1,r=1,q=0}[ReservedThreadExecutor@47ca1bcb{s=1/1,p=0}]
13:18:43.563 [qtp1306936337-74] DEBUG org.eclipse.jetty.util.thread.QueuedThreadPool - run org.eclipse.jetty.io.ManagedSelector$DestroyEndPoint@7fe2dcbd in QueuedThreadPool[qtp1306936337]@4de64411{STARTED,8<=9<=14,i=2,r=1,q=0}[ReservedThreadExecutor@47ca1bcb{s=1/1,p=0}]
13:18:43.563 [qtp1306936337-74] DEBUG org.eclipse.jetty.io.ManagedSelector - Destroyed NetworkTrafficSocketChannelEndPoint@1c638b32{/127.0.0.1:65007<->/127.0.0.1:8080,CLOSED,fill=-,flush=F,to=14/30000}{io=0/0,kio=-1,kro=-1}->HttpConnection@60f8dd50[p=HttpParser{s=CLOSE,0 of -1},g=HttpGenerator@6042e066{s=START}]=>HttpChannelOverHttp@f4392b8{s=HttpChannelState@58a0755f{s=IDLE rs=BLOCKING os=OPEN is=IDLE awp=false se=false i=true al=0},r=1,c=false/false,a=IDLE,uri=null,age=0}
13:18:43.563 [qtp1306936337-74] DEBUG org.eclipse.jetty.io.AbstractConnection - onClose HttpConnection@60f8dd50::NetworkTrafficSocketChannelEndPoint@1c638b32{/127.0.0.1:65007<->/127.0.0.1:8080,CLOSED,fill=-,flush=F,to=14/30000}{io=0/0,kio=-1,kro=-1}->HttpConnection@60f8dd50[p=HttpParser{s=CLOSE,0 of -1},g=HttpGenerator@6042e066{s=START}]=>HttpChannelOverHttp@f4392b8{s=HttpChannelState@58a0755f{s=IDLE rs=BLOCKING os=OPEN is=IDLE awp=false se=false i=true al=0},r=1,c=false/false,a=IDLE,uri=null,age=0}
13:18:43.563 [qtp1306936337-74] DEBUG org.eclipse.jetty.util.thread.QueuedThreadPool - ran org.eclipse.jetty.io.ManagedSelector$DestroyEndPoint@7fe2dcbd in QueuedThreadPool[qtp1306936337]@4de64411{STARTED,8<=9<=14,i=2,r=1,q=0}[ReservedThreadExecutor@47ca1bcb{s=1/1,p=0}]
13:18:43.766 [parallel-4] DEBUG org.springframework.web.reactive.function.client.ExchangeFunctions - [7887d6f5] HTTP GET http://localhost:8080/api/v0/components/products/63d3bec5-12c6-457b-b612-526e69cd65b7/questions/hidden
13:18:43.806 [reactor-http-nio-3] DEBUG reactor.netty.resources.PooledConnectionProvider - [id: 0x4a9f6514] Created a new pooled channel, now 1 active connections and 0 inactive connections
13:18:43.807 [reactor-http-nio-3] DEBUG reactor.netty.channel.BootstrapHandlers - [id: 0x4a9f6514] Initialized pipeline DefaultChannelPipeline{(BootstrapHandlers$BootstrapInitializerHandler#0 = reactor.netty.channel.BootstrapHandlers$BootstrapInitializerHandler), (PooledConnectionProvider$PooledConnectionAllocator$PooledConnectionInitializer#0 = reactor.netty.resources.PooledConnectionProvider$PooledConnectionAllocator$PooledConnectionInitializer), (reactor.left.httpCodec = io.netty.handler.codec.http.HttpClientCodec), (reactor.right.reactiveBridge = reactor.netty.channel.ChannelOperationsHandler)}
13:18:43.811 [qtp1306936337-75-acceptor-0@4284a2c4-NetworkTrafficServerConnector@1c37fc0{HTTP/1.1, (http/1.1)}{0.0.0.0:8080}] DEBUG org.eclipse.jetty.io.ManagedSelector - Queued change org.eclipse.jetty.io.ManagedSelector$Accept@280b4d0 on ManagedSelector@689012ee{STARTED} id=0 keys=0 selected=0 updates=0
13:18:43.811 [qtp1306936337-75-acceptor-0@4284a2c4-NetworkTrafficServerConnector@1c37fc0{HTTP/1.1, (http/1.1)}{0.0.0.0:8080}] DEBUG org.eclipse.jetty.io.ManagedSelector - Wakeup on submit ManagedSelector@689012ee{STARTED} id=0 keys=0 selected=0 updates=1
13:18:43.811 [qtp1306936337-78] DEBUG org.eclipse.jetty.io.ManagedSelector - Selector sun.nio.ch.WindowsSelectorImpl@1e8618d6 woken with none selected
13:18:43.811 [qtp1306936337-78] DEBUG org.eclipse.jetty.io.ManagedSelector - Selector sun.nio.ch.WindowsSelectorImpl@1e8618d6 woken up from select, 0/0/0 selected
13:18:43.811 [qtp1306936337-78] DEBUG org.eclipse.jetty.io.ManagedSelector - Selector sun.nio.ch.WindowsSelectorImpl@1e8618d6 processing 0 keys, 1 updates
13:18:43.811 [qtp1306936337-78] DEBUG org.eclipse.jetty.io.ManagedSelector - updateable 1
13:18:43.811 [qtp1306936337-78] DEBUG org.eclipse.jetty.io.ManagedSelector - update org.eclipse.jetty.io.ManagedSelector$Accept@280b4d0
13:18:43.811 [qtp1306936337-78] DEBUG org.eclipse.jetty.util.thread.QueuedThreadPool - queue org.eclipse.jetty.io.ManagedSelector$Accept@280b4d0 startThread=0
13:18:43.811 [qtp1306936337-78] DEBUG org.eclipse.jetty.io.ManagedSelector - updates 0
13:18:43.811 [qtp1306936337-78] DEBUG org.eclipse.jetty.io.ManagedSelector - Selector sun.nio.ch.WindowsSelectorImpl@1e8618d6 waiting with 1 keys
13:18:43.812 [reactor-http-nio-3] DEBUG reactor.netty.resources.PooledConnectionProvider - [id: 0x4a9f6514, L:/127.0.0.1:65008 - R:localhost/127.0.0.1:8080] Registering pool release on close event for channel
13:18:43.812 [reactor-http-nio-3] DEBUG reactor.netty.resources.PooledConnectionProvider - [id: 0x4a9f6514, L:/127.0.0.1:65008 - R:localhost/127.0.0.1:8080] Channel connected, now 1 active connections and 0 inactive connections
13:18:43.812 [reactor-http-nio-3] DEBUG reactor.netty.resources.PooledConnectionProvider - [id: 0x4a9f6514, L:/127.0.0.1:65008 - R:localhost/127.0.0.1:8080] onStateChange(PooledConnection{channel=[id: 0x4a9f6514, L:/127.0.0.1:65008 - R:localhost/127.0.0.1:8080]}, [connected])
13:18:43.812 [reactor-http-nio-3] DEBUG reactor.netty.resources.PooledConnectionProvider - [id: 0x4a9f6514, L:/127.0.0.1:65008 - R:localhost/127.0.0.1:8080] onStateChange(GET{uri=/, connection=PooledConnection{channel=[id: 0x4a9f6514, L:/127.0.0.1:65008 - R:localhost/127.0.0.1:8080]}}, [configured])
13:18:43.813 [reactor-http-nio-3] DEBUG reactor.netty.ReactorNetty - [id: 0x4a9f6514, L:/127.0.0.1:65008 - R:localhost/127.0.0.1:8080] Added decoder [ReadTimeoutHandler] at the end of the user pipeline, full pipeline: [reactor.left.httpCodec, ReadTimeoutHandler, reactor.right.reactiveBridge, DefaultChannelPipeline$TailContext#0]
13:18:43.814 [qtp1306936337-82] DEBUG org.eclipse.jetty.util.thread.QueuedThreadPool - run org.eclipse.jetty.io.ManagedSelector$Accept@280b4d0 in QueuedThreadPool[qtp1306936337]@4de64411{STARTED,8<=9<=14,i=2,r=1,q=0}[ReservedThreadExecutor@47ca1bcb{s=1/1,p=0}]
13:18:43.814 [reactor-http-nio-3] DEBUG reactor.netty.ReactorNetty - [id: 0x4a9f6514, L:/127.0.0.1:65008 - R:localhost/127.0.0.1:8080] Added decoder [WriteTimeoutHandler] at the end of the user pipeline, full pipeline: [reactor.left.httpCodec, ReadTimeoutHandler, WriteTimeoutHandler, reactor.right.reactiveBridge, DefaultChannelPipeline$TailContext#0]
13:18:43.814 [qtp1306936337-82] DEBUG org.eclipse.jetty.io.IdleTimeout - NetworkTrafficSocketChannelEndPoint@7a556b54{/127.0.0.1:65008<->/127.0.0.1:8080,OPEN,fill=-,flush=-,to=0/30000}{io=0/0,kio=0,kro=0}-><null> idle timeout check, elapsed: 0 ms, remaining: 30000 ms
13:18:43.814 [reactor-http-nio-3] DEBUG reactor.netty.http.client.HttpClientConnect - [id: 0x4a9f6514, L:/127.0.0.1:65008 - R:localhost/127.0.0.1:8080] Handler is being applied: {uri=http://localhost:8080/api/v0/components/products/63d3bec5-12c6-457b-b612-526e69cd65b7/questions/hidden, method=GET}
13:18:43.819 [reactor-http-nio-3] DEBUG reactor.netty.resources.PooledConnectionProvider - [id: 0x4a9f6514, L:/127.0.0.1:65008 - R:localhost/127.0.0.1:8080] onStateChange(GET{uri=/api/v0/components/products/63d3bec5-12c6-457b-b612-526e69cd65b7/questions/hidden, connection=PooledConnection{channel=[id: 0x4a9f6514, L:/127.0.0.1:65008 - R:localhost/127.0.0.1:8080]}}, [request_prepared])
13:18:43.822 [reactor-http-nio-3] DEBUG reactor.netty.resources.PooledConnectionProvider - [id: 0x4a9f6514, L:/127.0.0.1:65008 - R:localhost/127.0.0.1:8080] onStateChange(GET{uri=/api/v0/components/products/63d3bec5-12c6-457b-b612-526e69cd65b7/questions/hidden, connection=PooledConnection{channel=[id: 0x4a9f6514, L:/127.0.0.1:65008 - R:localhost/127.0.0.1:8080]}}, [request_sent])
13:18:43.823 [qtp1306936337-82] DEBUG org.eclipse.jetty.server.HttpChannel - new HttpChannelOverHttp@74928a6e{s=HttpChannelState@70ad0024{s=IDLE rs=BLOCKING os=OPEN is=IDLE awp=false se=false i=true al=0},r=0,c=false/false,a=IDLE,uri=null,age=0} -> NetworkTrafficSocketChannelEndPoint@7a556b54{/127.0.0.1:65008<->/127.0.0.1:8080,OPEN,fill=-,flush=-,to=8/30000}{io=0/0,kio=0,kro=0}-><null>,null,HttpChannelState@70ad0024{s=IDLE rs=BLOCKING os=OPEN is=IDLE awp=false se=false i=true al=0}
13:18:43.823 [qtp1306936337-82] DEBUG org.eclipse.jetty.server.HttpConnection - New HTTP Connection HttpConnection@35af8055::NetworkTrafficSocketChannelEndPoint@7a556b54{/127.0.0.1:65008<->/127.0.0.1:8080,OPEN,fill=-,flush=-,to=9/30000}{io=0/0,kio=0,kro=0}-><null>
13:18:43.823 [qtp1306936337-82] DEBUG org.eclipse.jetty.io.AbstractEndPoint - onOpen NetworkTrafficSocketChannelEndPoint@7a556b54{/127.0.0.1:65008<->/127.0.0.1:8080,OPEN,fill=-,flush=-,to=9/30000}{io=0/0,kio=0,kro=0}->HttpConnection@35af8055[p=HttpParser{s=START,0 of -1},g=HttpGenerator@64f1427f{s=START}]=>HttpChannelOverHttp@74928a6e{s=HttpChannelState@70ad0024{s=IDLE rs=BLOCKING os=OPEN is=IDLE awp=false se=false i=true al=0},r=0,c=false/false,a=IDLE,uri=null,age=0}
13:18:43.823 [qtp1306936337-82] DEBUG org.eclipse.jetty.io.AbstractConnection - onOpen HttpConnection@35af8055::NetworkTrafficSocketChannelEndPoint@7a556b54{/127.0.0.1:65008<->/127.0.0.1:8080,OPEN,fill=-,flush=-,to=9/30000}{io=0/0,kio=0,kro=0}->HttpConnection@35af8055[p=HttpParser{s=START,0 of -1},g=HttpGenerator@64f1427f{s=START}]=>HttpChannelOverHttp@74928a6e{s=HttpChannelState@70ad0024{s=IDLE rs=BLOCKING os=OPEN is=IDLE awp=false se=false i=true al=0},r=0,c=false/false,a=IDLE,uri=null,age=0}
13:18:43.823 [qtp1306936337-82] DEBUG org.eclipse.jetty.io.AbstractConnection - fillInterested HttpConnection@35af8055::NetworkTrafficSocketChannelEndPoint@7a556b54{/127.0.0.1:65008<->/127.0.0.1:8080,OPEN,fill=-,flush=-,to=9/30000}{io=0/0,kio=0,kro=0}->HttpConnection@35af8055[p=HttpParser{s=START,0 of -1},g=HttpGenerator@64f1427f{s=START}]=>HttpChannelOverHttp@74928a6e{s=HttpChannelState@70ad0024{s=IDLE rs=BLOCKING os=OPEN is=IDLE awp=false se=false i=true al=0},r=0,c=false/false,a=IDLE,uri=null,age=0}
13:18:43.823 [qtp1306936337-82] DEBUG org.eclipse.jetty.io.FillInterest - interested FillInterest@4d07575{AC.ReadCB@35af8055{HttpConnection@35af8055::NetworkTrafficSocketChannelEndPoint@7a556b54{/127.0.0.1:65008<->/127.0.0.1:8080,OPEN,fill=FI,flush=-,to=0/30000}{io=0/0,kio=0,kro=0}->HttpConnection@35af8055[p=HttpParser{s=START,0 of -1},g=HttpGenerator@64f1427f{s=START}]=>HttpChannelOverHttp@74928a6e{s=HttpChannelState@70ad0024{s=IDLE rs=BLOCKING os=OPEN is=IDLE awp=false se=false i=true al=0},r=0,c=false/false,a=IDLE,uri=null,age=0}}}
13:18:43.823 [qtp1306936337-82] DEBUG org.eclipse.jetty.io.ChannelEndPoint - changeInterests p=false 0->1 for NetworkTrafficSocketChannelEndPoint@7a556b54{/127.0.0.1:65008<->/127.0.0.1:8080,OPEN,fill=FI,flush=-,to=0/30000}{io=0/1,kio=0,kro=0}->HttpConnection@35af8055[p=HttpParser{s=START,0 of -1},g=HttpGenerator@64f1427f{s=START}]=>HttpChannelOverHttp@74928a6e{s=HttpChannelState@70ad0024{s=IDLE rs=BLOCKING os=OPEN is=IDLE awp=false se=false i=true al=0},r=0,c=false/false,a=IDLE,uri=null,age=0}
13:18:43.823 [qtp1306936337-82] DEBUG org.eclipse.jetty.io.ManagedSelector - Queued change org.eclipse.jetty.io.ChannelEndPoint$1@1c64e9eb on ManagedSelector@689012ee{STARTED} id=0 keys=1 selected=0 updates=0
13:18:43.823 [qtp1306936337-82] DEBUG org.eclipse.jetty.io.ManagedSelector - Wakeup on submit ManagedSelector@689012ee{STARTED} id=0 keys=1 selected=0 updates=1
13:18:43.824 [qtp1306936337-78] DEBUG org.eclipse.jetty.io.ManagedSelector - Selector sun.nio.ch.WindowsSelectorImpl@1e8618d6 woken with none selected
13:18:43.824 [qtp1306936337-78] DEBUG org.eclipse.jetty.io.ManagedSelector - Selector sun.nio.ch.WindowsSelectorImpl@1e8618d6 woken up from select, 0/0/1 selected
13:18:43.824 [qtp1306936337-78] DEBUG org.eclipse.jetty.io.ManagedSelector - Selector sun.nio.ch.WindowsSelectorImpl@1e8618d6 processing 0 keys, 1 updates
13:18:43.824 [qtp1306936337-78] DEBUG org.eclipse.jetty.io.ManagedSelector - updateable 1
13:18:43.824 [qtp1306936337-78] DEBUG org.eclipse.jetty.io.ManagedSelector - update org.eclipse.jetty.io.ChannelEndPoint$1@1c64e9eb
13:18:43.824 [qtp1306936337-78] DEBUG org.eclipse.jetty.io.ChannelEndPoint - Key interests updated 0 -> 1 on NetworkTrafficSocketChannelEndPoint@7a556b54{/127.0.0.1:65008<->/127.0.0.1:8080,OPEN,fill=FI,flush=-,to=0/30000}{io=1/1,kio=1,kro=0}->HttpConnection@35af8055[p=HttpParser{s=START,0 of -1},g=HttpGenerator@64f1427f{s=START}]=>HttpChannelOverHttp@74928a6e{s=HttpChannelState@70ad0024{s=IDLE rs=BLOCKING os=OPEN is=IDLE awp=false se=false i=true al=0},r=0,c=false/false,a=IDLE,uri=null,age=0}
13:18:43.824 [qtp1306936337-78] DEBUG org.eclipse.jetty.io.ManagedSelector - updates 0
13:18:43.824 [qtp1306936337-78] DEBUG org.eclipse.jetty.io.ManagedSelector - Selector sun.nio.ch.WindowsSelectorImpl@1e8618d6 waiting with 1 keys
13:18:43.825 [qtp1306936337-78] DEBUG org.eclipse.jetty.io.ManagedSelector - Selector sun.nio.ch.WindowsSelectorImpl@1e8618d6 woken up from select, 1/1/1 selected
13:18:43.825 [qtp1306936337-78] DEBUG org.eclipse.jetty.io.ManagedSelector - Selector sun.nio.ch.WindowsSelectorImpl@1e8618d6 processing 1 keys, 0 updates
13:18:43.825 [qtp1306936337-78] DEBUG org.eclipse.jetty.io.ManagedSelector - selected 1 channel=java.nio.channels.SocketChannel[connected local=/127.0.0.1:8080 remote=/127.0.0.1:65008], selector=sun.nio.ch.WindowsSelectorImpl@1e8618d6, interestOps=1, readyOps=1 NetworkTrafficSocketChannelEndPoint@7a556b54{/127.0.0.1:65008<->/127.0.0.1:8080,OPEN,fill=FI,flush=-,to=1/30000}{io=1/1,kio=1,kro=1}->HttpConnection@35af8055[p=HttpParser{s=START,0 of -1},g=HttpGenerator@64f1427f{s=START}]=>HttpChannelOverHttp@74928a6e{s=HttpChannelState@70ad0024{s=IDLE rs=BLOCKING os=OPEN is=IDLE awp=false se=false i=true al=0},r=0,c=false/false,a=IDLE,uri=null,age=0} 
13:18:43.825 [qtp1306936337-78] DEBUG org.eclipse.jetty.io.ChannelEndPoint - onSelected 1->0 r=true w=false for NetworkTrafficSocketChannelEndPoint@7a556b54{/127.0.0.1:65008<->/127.0.0.1:8080,OPEN,fill=FI,flush=-,to=1/30000}{io=1/0,kio=1,kro=1}->HttpConnection@35af8055[p=HttpParser{s=START,0 of -1},g=HttpGenerator@64f1427f{s=START}]=>HttpChannelOverHttp@74928a6e{s=HttpChannelState@70ad0024{s=IDLE rs=BLOCKING os=OPEN is=IDLE awp=false se=false i=true al=0},r=0,c=false/false,a=IDLE,uri=null,age=0}
13:18:43.825 [qtp1306936337-82] DEBUG org.eclipse.jetty.io.ManagedSelector - Created NetworkTrafficSocketChannelEndPoint@7a556b54{/127.0.0.1:65008<->/127.0.0.1:8080,OPEN,fill=FI,flush=-,to=1/30000}{io=1/0,kio=1,kro=1}->HttpConnection@35af8055[p=HttpParser{s=START,0 of -1},g=HttpGenerator@64f1427f{s=START}]=>HttpChannelOverHttp@74928a6e{s=HttpChannelState@70ad0024{s=IDLE rs=BLOCKING os=OPEN is=IDLE awp=false se=false i=true al=0},r=0,c=false/false,a=IDLE,uri=null,age=0}
13:18:43.825 [qtp1306936337-78] DEBUG org.eclipse.jetty.io.ChannelEndPoint - task CEP:NetworkTrafficSocketChannelEndPoint@7a556b54{/127.0.0.1:65008<->/127.0.0.1:8080,OPEN,fill=FI,flush=-,to=1/30000}{io=1/0,kio=1,kro=1}->HttpConnection@35af8055[p=HttpParser{s=START,0 of -1},g=HttpGenerator@64f1427f{s=START}]=>HttpChannelOverHttp@74928a6e{s=HttpChannelState@70ad0024{s=IDLE rs=BLOCKING os=OPEN is=IDLE awp=false se=false i=true al=0},r=0,c=false/false,a=IDLE,uri=null,age=0}:runFillable:BLOCKING
13:18:43.825 [qtp1306936337-82] DEBUG org.eclipse.jetty.util.thread.QueuedThreadPool - ran org.eclipse.jetty.io.ManagedSelector$Accept@280b4d0 in QueuedThreadPool[qtp1306936337]@4de64411{STARTED,8<=9<=14,i=2,r=1,q=0}[ReservedThreadExecutor@47ca1bcb{s=1/1,p=0}]
13:18:43.825 [qtp1306936337-78] DEBUG org.eclipse.jetty.util.thread.ReservedThreadExecutor - ReservedThreadExecutor@47ca1bcb{s=1/1,p=0} tryExecute EatWhatYouKill@14e0447e/SelectorProducer@4fbf91e1/PRODUCING/p=false/QueuedThreadPool[qtp1306936337]@4de64411{STARTED,8<=9<=14,i=3,r=1,q=0}[ReservedThreadExecutor@47ca1bcb{s=1/1,p=0}][pc=0,pic=0,pec=0,epc=1]@2020-09-25T13:18:43.8258224+02:00
13:18:43.826 [qtp1306936337-78] DEBUG org.eclipse.jetty.util.thread.ReservedThreadExecutor - ReservedThreadExecutor@47ca1bcb{s=0/1,p=0}@6e585900 offer EatWhatYouKill@14e0447e/SelectorProducer@4fbf91e1/PRODUCING/p=false/QueuedThreadPool[qtp1306936337]@4de64411{STARTED,8<=9<=14,i=3,r=1,q=0}[ReservedThreadExecutor@47ca1bcb{s=0/1,p=0}][pc=0,pic=0,pec=0,epc=1]@2020-09-25T13:18:43.8268629+02:00
13:18:43.826 [qtp1306936337-78] DEBUG org.eclipse.jetty.util.thread.ReservedThreadExecutor - ReservedThreadExecutor@47ca1bcb{s=0/1,p=1} startReservedThread p=1
13:18:43.826 [qtp1306936337-78] DEBUG org.eclipse.jetty.util.thread.QueuedThreadPool - queue ReservedThreadExecutor@47ca1bcb{s=0/1,p=1}@2ef4092c startThread=0
13:18:43.826 [qtp1306936337-78] DEBUG org.eclipse.jetty.util.thread.strategy.EatWhatYouKill - EatWhatYouKill@14e0447e/SelectorProducer@4fbf91e1/IDLE/p=true/QueuedThreadPool[qtp1306936337]@4de64411{STARTED,8<=9<=14,i=2,r=1,q=0}[ReservedThreadExecutor@47ca1bcb{s=0/1,p=1}][pc=0,pic=0,pec=0,epc=1]@2020-09-25T13:18:43.8268629+02:00 m=EXECUTE_PRODUCE_CONSUME t=CEP:NetworkTrafficSocketChannelEndPoint@7a556b54{/127.0.0.1:65008<->/127.0.0.1:8080,OPEN,fill=FI,flush=-,to=2/30000}{io=1/0,kio=1,kro=1}->HttpConnection@35af8055[p=HttpParser{s=START,0 of -1},g=HttpGenerator@64f1427f{s=START}]=>HttpChannelOverHttp@74928a6e{s=HttpChannelState@70ad0024{s=IDLE rs=BLOCKING os=OPEN is=IDLE awp=false se=false i=true al=0},r=0,c=false/false,a=IDLE,uri=null,age=0}:runFillable:BLOCKING/BLOCKING
13:18:43.826 [qtp1306936337-78] DEBUG org.eclipse.jetty.io.FillInterest - fillable FillInterest@4d07575{AC.ReadCB@35af8055{HttpConnection@35af8055::NetworkTrafficSocketChannelEndPoint@7a556b54{/127.0.0.1:65008<->/127.0.0.1:8080,OPEN,fill=FI,flush=-,to=2/30000}{io=1/0,kio=1,kro=1}->HttpConnection@35af8055[p=HttpParser{s=START,0 of -1},g=HttpGenerator@64f1427f{s=START}]=>HttpChannelOverHttp@74928a6e{s=HttpChannelState@70ad0024{s=IDLE rs=BLOCKING os=OPEN is=IDLE awp=false se=false i=true al=0},r=0,c=false/false,a=IDLE,uri=null,age=0}}}
13:18:43.826 [qtp1306936337-78] DEBUG org.eclipse.jetty.server.HttpConnection - HttpConnection@35af8055::NetworkTrafficSocketChannelEndPoint@7a556b54{/127.0.0.1:65008<->/127.0.0.1:8080,OPEN,fill=-,flush=-,to=3/30000}{io=1/0,kio=1,kro=1}->HttpConnection@35af8055[p=HttpParser{s=START,0 of -1},g=HttpGenerator@64f1427f{s=START}]=>HttpChannelOverHttp@74928a6e{s=HttpChannelState@70ad0024{s=IDLE rs=BLOCKING os=OPEN is=IDLE awp=false se=false i=true al=0},r=0,c=false/false,a=IDLE,uri=null,age=0} onFillable enter HttpChannelState@70ad0024{s=IDLE rs=BLOCKING os=OPEN is=IDLE awp=false se=false i=true al=0} null
13:18:43.826 [qtp1306936337-78] DEBUG org.eclipse.jetty.io.ChannelEndPoint - filled 197 HeapByteBuffer@517b6415[p=0,l=197,c=8192,r=197]={<<<GET /api/v0/components/pr...horization: Bearer \r\n\r\n>>>\n  "id" :...\x00\x00\x00\x00\x00\x00\x00}
13:18:43.827 [qtp1306936337-78] DEBUG org.eclipse.jetty.server.HttpConnection - HttpConnection@35af8055::NetworkTrafficSocketChannelEndPoint@7a556b54{/127.0.0.1:65008<->/127.0.0.1:8080,OPEN,fill=-,flush=-,to=0/30000}{io=1/0,kio=1,kro=1}->HttpConnection@35af8055[p=HttpParser{s=START,0 of -1},g=HttpGenerator@64f1427f{s=START}]=>HttpChannelOverHttp@74928a6e{s=HttpChannelState@70ad0024{s=IDLE rs=BLOCKING os=OPEN is=IDLE awp=false se=false i=true al=0},r=0,c=false/false,a=IDLE,uri=null,age=0} filled 197 HeapByteBuffer@517b6415[p=0,l=197,c=8192,r=197]={<<<GET /api/v0/components/pr...horization: Bearer \r\n\r\n>>>\n  "id" :...\x00\x00\x00\x00\x00\x00\x00}
13:18:43.827 [qtp1306936337-78] DEBUG org.eclipse.jetty.server.HttpConnection - HttpConnection@35af8055::NetworkTrafficSocketChannelEndPoint@7a556b54{/127.0.0.1:65008<->/127.0.0.1:8080,OPEN,fill=-,flush=-,to=0/30000}{io=1/0,kio=1,kro=1}->HttpConnection@35af8055[p=HttpParser{s=START,0 of -1},g=HttpGenerator@64f1427f{s=START}]=>HttpChannelOverHttp@74928a6e{s=HttpChannelState@70ad0024{s=IDLE rs=BLOCKING os=OPEN is=IDLE awp=false se=false i=true al=0},r=0,c=false/false,a=IDLE,uri=null,age=0} parse HeapByteBuffer@517b6415[p=0,l=197,c=8192,r=197]={<<<GET /api/v0/components/pr...horization: Bearer \r\n\r\n>>>\n  "id" :...\x00\x00\x00\x00\x00\x00\x00} {}
13:18:43.827 [qtp1306936337-78] DEBUG org.eclipse.jetty.http.HttpParser - parseNext s=START HeapByteBuffer@517b6415[p=0,l=197,c=8192,r=197]={<<<GET /api/v0/components/pr...horization: Bearer \r\n\r\n>>>\n  "id" :...\x00\x00\x00\x00\x00\x00\x00}
13:18:43.827 [qtp1306936337-78] DEBUG org.eclipse.jetty.http.HttpParser - START --> SPACE1
13:18:43.827 [qtp1306936337-78] DEBUG org.eclipse.jetty.http.HttpParser - SPACE1 --> URI
13:18:43.827 [qtp1306936337-78] DEBUG org.eclipse.jetty.http.HttpParser - URI --> SPACE2
13:18:43.827 [qtp1306936337-78] DEBUG org.eclipse.jetty.http.HttpParser - SPACE2 --> REQUEST_VERSION
13:18:43.827 [qtp1306936337-78] DEBUG org.eclipse.jetty.http.HttpParser - REQUEST_VERSION --> HEADER
13:18:43.827 [qtp1306936337-78] DEBUG org.eclipse.jetty.http.HttpParser - HEADER:User-Agent --> VALUE
13:18:43.827 [qtp1306936337-78] DEBUG org.eclipse.jetty.http.HttpParser - HEADER:User-Agent --> IN_VALUE
13:18:43.827 [qtp1306936337-78] DEBUG org.eclipse.jetty.http.HttpParser - HEADER:User-Agent --> FIELD
13:18:43.827 [qtp1306936337-78] DEBUG org.eclipse.jetty.http.HttpParser - HEADER:Host --> VALUE
13:18:43.827 [qtp1306936337-78] DEBUG org.eclipse.jetty.http.HttpParser - HEADER:Host --> IN_VALUE
13:18:43.827 [qtp1306936337-78] DEBUG org.eclipse.jetty.http.HttpParser - HEADER:Host --> FIELD
13:18:43.827 [qtp1306936337-78] DEBUG org.eclipse.jetty.http.HttpParser - HEADER:Accept: */* --> IN_VALUE
13:18:43.827 [qtp1306936337-78] DEBUG org.eclipse.jetty.http.HttpParser - HEADER:Accept: */* --> FIELD
13:18:43.827 [qtp1306936337-78] DEBUG org.eclipse.jetty.http.HttpParser - HEADER:Authorization --> VALUE
13:18:43.827 [qtp1306936337-78] DEBUG org.eclipse.jetty.http.HttpParser - HEADER:Authorization --> IN_VALUE
13:18:43.827 [qtp1306936337-78] DEBUG org.eclipse.jetty.http.HttpParser - HEADER:Authorization --> FIELD
13:18:43.827 [qtp1306936337-78] DEBUG org.eclipse.jetty.http.HttpParser - HEADER --> CONTENT
13:18:43.827 [qtp1306936337-78] DEBUG org.eclipse.jetty.server.HttpChannel - REQUEST for //localhost:8080/api/v0/components/products/63d3bec5-12c6-457b-b612-526e69cd65b7/questions/hidden on HttpChannelOverHttp@74928a6e{s=HttpChannelState@70ad0024{s=IDLE rs=BLOCKING os=OPEN is=IDLE awp=false se=false i=true al=0},r=1,c=false/false,a=IDLE,uri=//localhost:8080/api/v0/components/products/63d3bec5-12c6-457b-b612-526e69cd65b7/questions/hidden,age=0}
GET //localhost:8080/api/v0/components/products/63d3bec5-12c6-457b-b612-526e69cd65b7/questions/hidden HTTP/1.1
User-Agent: ReactorNetty/0.9.7.RELEASE
Host: localhost:8080
Accept: */*
Authorization: Bearer


13:18:43.827 [qtp1306936337-78] DEBUG org.eclipse.jetty.server.HttpConnection - HttpConnection@35af8055::NetworkTrafficSocketChannelEndPoint@7a556b54{/127.0.0.1:65008<->/127.0.0.1:8080,OPEN,fill=-,flush=-,to=0/30000}{io=1/0,kio=1,kro=1}->HttpConnection@35af8055[p=HttpParser{s=CONTENT,0 of -1},g=HttpGenerator@64f1427f{s=START}]=>HttpChannelOverHttp@74928a6e{s=HttpChannelState@70ad0024{s=IDLE rs=BLOCKING os=OPEN is=IDLE awp=false se=false i=true al=0},r=1,c=false/false,a=IDLE,uri=//localhost:8080/api/v0/components/products/63d3bec5-12c6-457b-b612-526e69cd65b7/questions/hidden,age=0} parsed true HttpParser{s=CONTENT,0 of -1}
13:18:43.827 [qtp1306936337-78] DEBUG org.eclipse.jetty.server.HttpConnection - releaseRequestBuffer HttpConnection@35af8055::NetworkTrafficSocketChannelEndPoint@7a556b54{/127.0.0.1:65008<->/127.0.0.1:8080,OPEN,fill=-,flush=-,to=0/30000}{io=1/0,kio=1,kro=1}->HttpConnection@35af8055[p=HttpParser{s=CONTENT,0 of -1},g=HttpGenerator@64f1427f{s=START}]=>HttpChannelOverHttp@74928a6e{s=HttpChannelState@70ad0024{s=IDLE rs=BLOCKING os=OPEN is=IDLE awp=false se=false i=true al=0},r=1,c=false/false,a=IDLE,uri=//localhost:8080/api/v0/components/products/63d3bec5-12c6-457b-b612-526e69cd65b7/questions/hidden,age=0}
13:18:43.827 [qtp1306936337-78] DEBUG org.eclipse.jetty.server.HttpChannel - handle //localhost:8080/api/v0/components/products/63d3bec5-12c6-457b-b612-526e69cd65b7/questions/hidden HttpChannelOverHttp@74928a6e{s=HttpChannelState@70ad0024{s=IDLE rs=BLOCKING os=OPEN is=IDLE awp=false se=false i=true al=0},r=1,c=false/false,a=IDLE,uri=//localhost:8080/api/v0/components/products/63d3bec5-12c6-457b-b612-526e69cd65b7/questions/hidden,age=0} 
13:18:43.827 [qtp1306936337-78] DEBUG org.eclipse.jetty.server.HttpChannelState - handling HttpChannelState@70ad0024{s=IDLE rs=BLOCKING os=OPEN is=IDLE awp=false se=false i=true al=0}
13:18:43.827 [qtp1306936337-78] DEBUG org.eclipse.jetty.server.HttpChannel - action DISPATCH HttpChannelOverHttp@74928a6e{s=HttpChannelState@70ad0024{s=HANDLING rs=BLOCKING os=OPEN is=IDLE awp=false se=false i=true al=0},r=1,c=false/false,a=HANDLING,uri=//localhost:8080/api/v0/components/products/63d3bec5-12c6-457b-b612-526e69cd65b7/questions/hidden,age=0}
13:18:43.828 [qtp1306936337-78] DEBUG org.eclipse.jetty.server.Server - REQUEST GET /api/v0/components/products/63d3bec5-12c6-457b-b612-526e69cd65b7/questions/hidden on HttpChannelOverHttp@74928a6e{s=HttpChannelState@70ad0024{s=HANDLING rs=BLOCKING os=OPEN is=IDLE awp=false se=false i=true al=0},r=1,c=false/false,a=HANDLING,uri=//localhost:8080/api/v0/components/products/63d3bec5-12c6-457b-b612-526e69cd65b7/questions/hidden,age=0}
13:18:43.828 [qtp1306936337-78] DEBUG org.eclipse.jetty.server.handler.ContextHandler - scope null||/api/v0/components/products/63d3bec5-12c6-457b-b612-526e69cd65b7/questions/hidden @ o.e.j.s.ServletContextHandler@2cd6911d{/__admin,null,AVAILABLE}
13:18:43.828 [qtp1306936337-78] DEBUG org.eclipse.jetty.server.handler.gzip.GzipHandler - GzipHandler@3fde4138{STARTED,min=32,inflate=-1} handle Request(GET //localhost:8080/api/v0/components/products/63d3bec5-12c6-457b-b612-526e69cd65b7/questions/hidden)@1b2287b2 in null
13:18:43.828 [qtp1306936337-78] DEBUG org.eclipse.jetty.server.handler.ContextHandler - scope null||/api/v0/components/products/63d3bec5-12c6-457b-b612-526e69cd65b7/questions/hidden @ o.e.j.s.ServletContextHandler@2611918a{/,null,AVAILABLE}
13:18:43.828 [qtp1306936337-78] DEBUG org.eclipse.jetty.server.handler.ContextHandler - context=||/api/v0/components/products/63d3bec5-12c6-457b-b612-526e69cd65b7/questions/hidden @ o.e.j.s.ServletContextHandler@2611918a{/,null,AVAILABLE}
13:18:43.828 [qtp1306936337-78] DEBUG org.eclipse.jetty.servlet.ServletHandler - servlet |/api/v0/components/products/63d3bec5-12c6-457b-b612-526e69cd65b7/questions/hidden|null -> com.github.tomakehurst.wiremock.servlet.WireMockHandlerDispatchingServlet-266bbd62@32adf47c==com.github.tomakehurst.wiremock.servlet.WireMockHandlerDispatchingServlet,jsp=null,order=-1,inst=true,async=true
13:18:43.828 [qtp1306936337-78] DEBUG org.eclipse.jetty.servlet.ServletHandler - chain=org.eclipse.jetty.servlets.CrossOriginFilter-6566cf02@6566cf02==org.eclipse.jetty.servlets.CrossOriginFilter,inst=true,async=true->com.github.tomakehurst.wiremock.servlet.WireMockHandlerDispatchingServlet-266bbd62@32adf47c==com.github.tomakehurst.wiremock.servlet.WireMockHandlerDispatchingServlet,jsp=null,order=-1,inst=true,async=true
13:18:43.828 [qtp1306936337-78] DEBUG org.eclipse.jetty.servlet.ServletHandler - call filter org.eclipse.jetty.servlets.CrossOriginFilter-6566cf02@6566cf02==org.eclipse.jetty.servlets.CrossOriginFilter,inst=true,async=true
13:18:43.828 [qtp1306936337-78] DEBUG org.eclipse.jetty.servlet.ServletHandler - call servlet com.github.tomakehurst.wiremock.servlet.WireMockHandlerDispatchingServlet-266bbd62@32adf47c==com.github.tomakehurst.wiremock.servlet.WireMockHandlerDispatchingServlet,jsp=null,order=-1,inst=true,async=true
13:18:43.829 [qtp1306936337-78] DEBUG org.eclipse.jetty.io.ChannelEndPoint - filled 0 HeapByteBuffer@517b6415[p=0,l=0,c=8192,r=0]={<<<>>>GET /api/...\x00\x00\x00\x00\x00\x00\x00}
13:18:43.829 [qtp1306936337-78] DEBUG org.eclipse.jetty.io.ChannelEndPoint - filled 0 HeapByteBuffer@517b6415[p=0,l=0,c=8192,r=0]={<<<>>>GET /api/...\x00\x00\x00\x00\x00\x00\x00}
13:18:43.829 [qtp1306936337-78] DEBUG org.eclipse.jetty.server.HttpConnection - HttpConnection@35af8055::NetworkTrafficSocketChannelEndPoint@7a556b54{/127.0.0.1:65008<->/127.0.0.1:8080,OPEN,fill=-,flush=-,to=2/30000}{io=1/0,kio=1,kro=1}->HttpConnection@35af8055[p=HttpParser{s=CONTENT,0 of -1},g=HttpGenerator@64f1427f{s=START}]=>HttpChannelOverHttp@74928a6e{s=HttpChannelState@70ad0024{s=HANDLING rs=BLOCKING os=OPEN is=IDLE awp=false se=false i=true al=0},r=1,c=false/false,a=HANDLING,uri=//localhost:8080/api/v0/components/products/63d3bec5-12c6-457b-b612-526e69cd65b7/questions/hidden,age=2} filled 0 HeapByteBuffer@517b6415[p=0,l=0,c=8192,r=0]={<<<>>>GET /api/...\x00\x00\x00\x00\x00\x00\x00}
13:18:43.829 [qtp1306936337-78] DEBUG org.eclipse.jetty.server.HttpConnection - HttpConnection@35af8055::NetworkTrafficSocketChannelEndPoint@7a556b54{/127.0.0.1:65008<->/127.0.0.1:8080,OPEN,fill=-,flush=-,to=2/30000}{io=1/0,kio=1,kro=1}->HttpConnection@35af8055[p=HttpParser{s=CONTENT,0 of -1},g=HttpGenerator@64f1427f{s=START}]=>HttpChannelOverHttp@74928a6e{s=HttpChannelState@70ad0024{s=HANDLING rs=BLOCKING os=OPEN is=IDLE awp=false se=false i=true al=0},r=1,c=false/false,a=HANDLING,uri=//localhost:8080/api/v0/components/products/63d3bec5-12c6-457b-b612-526e69cd65b7/questions/hidden,age=2} parse HeapByteBuffer@517b6415[p=0,l=0,c=8192,r=0]={<<<>>>GET /api/...\x00\x00\x00\x00\x00\x00\x00} {}
13:18:43.829 [qtp1306936337-78] DEBUG org.eclipse.jetty.http.HttpParser - parseNext s=CONTENT HeapByteBuffer@517b6415[p=0,l=0,c=8192,r=0]={<<<>>>GET /api/...\x00\x00\x00\x00\x00\x00\x00}
13:18:43.829 [qtp1306936337-78] DEBUG org.eclipse.jetty.http.HttpParser - CONTENT --> CONTENT_END
13:18:43.829 [qtp1306936337-78] DEBUG org.eclipse.jetty.server.HttpChannel - onContentComplete HttpChannelOverHttp@74928a6e{s=HttpChannelState@70ad0024{s=HANDLING rs=BLOCKING os=OPEN is=IDLE awp=false se=false i=true al=0},r=1,c=false/false,a=HANDLING,uri=//localhost:8080/api/v0/components/products/63d3bec5-12c6-457b-b612-526e69cd65b7/questions/hidden,age=2}
13:18:43.829 [qtp1306936337-78] DEBUG org.eclipse.jetty.http.HttpParser - CONTENT_END --> END
13:18:43.829 [qtp1306936337-78] DEBUG org.eclipse.jetty.server.HttpChannel - onRequestComplete HttpChannelOverHttp@74928a6e{s=HttpChannelState@70ad0024{s=HANDLING rs=BLOCKING os=OPEN is=IDLE awp=false se=false i=true al=0},r=1,c=false/false,a=HANDLING,uri=//localhost:8080/api/v0/components/products/63d3bec5-12c6-457b-b612-526e69cd65b7/questions/hidden,age=2}
13:18:43.829 [qtp1306936337-78] DEBUG org.eclipse.jetty.server.HttpInput - HttpInputOverHTTP@164d9283[c=0,q=0,[0]=null,s=STREAM] addContent EOF
13:18:43.829 [qtp1306936337-78] DEBUG org.eclipse.jetty.server.HttpConnection - HttpConnection@35af8055::NetworkTrafficSocketChannelEndPoint@7a556b54{/127.0.0.1:65008<->/127.0.0.1:8080,OPEN,fill=-,flush=-,to=2/30000}{io=1/0,kio=1,kro=1}->HttpConnection@35af8055[p=HttpParser{s=END,0 of -1},g=HttpGenerator@64f1427f{s=START}]=>HttpChannelOverHttp@74928a6e{s=HttpChannelState@70ad0024{s=HANDLING rs=BLOCKING os=OPEN is=IDLE awp=false se=false i=true al=0},r=1,c=false/false,a=HANDLING,uri=//localhost:8080/api/v0/components/products/63d3bec5-12c6-457b-b612-526e69cd65b7/questions/hidden,age=2} parsed false HttpParser{s=END,0 of -1}
13:18:43.829 [qtp1306936337-78] DEBUG org.eclipse.jetty.server.HttpConnection - releaseRequestBuffer HttpConnection@35af8055::NetworkTrafficSocketChannelEndPoint@7a556b54{/127.0.0.1:65008<->/127.0.0.1:8080,OPEN,fill=-,flush=-,to=2/30000}{io=1/0,kio=1,kro=1}->HttpConnection@35af8055[p=HttpParser{s=END,0 of -1},g=HttpGenerator@64f1427f{s=START}]=>HttpChannelOverHttp@74928a6e{s=HttpChannelState@70ad0024{s=HANDLING rs=BLOCKING os=OPEN is=IDLE awp=false se=false i=true al=0},r=1,c=false/false,a=HANDLING,uri=//localhost:8080/api/v0/components/products/63d3bec5-12c6-457b-b612-526e69cd65b7/questions/hidden,age=2}
13:18:43.829 [qtp1306936337-78] DEBUG org.eclipse.jetty.server.HttpChannelState - onEof HttpChannelState@70ad0024{s=HANDLING rs=BLOCKING os=OPEN is=IDLE awp=false se=false i=true al=0}
13:18:43.836 [qtp1306936337-79] DEBUG org.eclipse.jetty.util.thread.ReservedThreadExecutor - ReservedThreadExecutor@47ca1bcb{s=0/1,p=1}@6e585900 task=EatWhatYouKill@14e0447e/SelectorProducer@4fbf91e1/IDLE/p=true/QueuedThreadPool[qtp1306936337]@4de64411{STARTED,8<=9<=14,i=2,r=1,q=0}[ReservedThreadExecutor@47ca1bcb{s=0/1,p=1}][pc=0,pic=0,pec=0,epc=2]@2020-09-25T13:18:43.8368197+02:00
13:18:43.836 [qtp1306936337-79] DEBUG org.eclipse.jetty.util.thread.strategy.EatWhatYouKill - EatWhatYouKill@14e0447e/SelectorProducer@4fbf91e1/IDLE/p=true/QueuedThreadPool[qtp1306936337]@4de64411{STARTED,8<=9<=14,i=2,r=1,q=0}[ReservedThreadExecutor@47ca1bcb{s=0/1,p=1}][pc=0,pic=0,pec=0,epc=2]@2020-09-25T13:18:43.8368197+02:00 tryProduce true
13:18:43.836 [qtp1306936337-79] DEBUG org.eclipse.jetty.io.ManagedSelector - updateable 0
13:18:43.836 [qtp1306936337-79] DEBUG org.eclipse.jetty.io.ManagedSelector - updates 0
13:18:43.836 [qtp1306936337-79] DEBUG org.eclipse.jetty.io.ChannelEndPoint - Key interests updated 1 -> 0 on NetworkTrafficSocketChannelEndPoint@7a556b54{/127.0.0.1:65008<->/127.0.0.1:8080,OPEN,fill=-,flush=-,to=9/30000}{io=0/0,kio=0,kro=1}->HttpConnection@35af8055[p=HttpParser{s=END,0 of -1},g=HttpGenerator@64f1427f{s=START}]=>HttpChannelOverHttp@74928a6e{s=HttpChannelState@70ad0024{s=HANDLING rs=BLOCKING os=OPEN is=READY awp=false se=false i=true al=0},r=1,c=false/false,a=HANDLING,uri=//localhost:8080/api/v0/components/products/63d3bec5-12c6-457b-b612-526e69cd65b7/questions/hidden,age=9}
13:18:43.836 [qtp1306936337-79] DEBUG org.eclipse.jetty.io.ManagedSelector - Selector sun.nio.ch.WindowsSelectorImpl@1e8618d6 waiting with 1 keys
13:18:43.836 [qtp1306936337-74] DEBUG org.eclipse.jetty.util.thread.QueuedThreadPool - run ReservedThreadExecutor@47ca1bcb{s=0/1,p=1}@2ef4092c in QueuedThreadPool[qtp1306936337]@4de64411{STARTED,8<=9<=14,i=2,r=1,q=0}[ReservedThreadExecutor@47ca1bcb{s=0/1,p=1}]
13:18:43.836 [qtp1306936337-74] DEBUG org.eclipse.jetty.util.thread.ReservedThreadExecutor - ReservedThreadExecutor@47ca1bcb{s=1/1,p=1}@2ef4092c started
13:18:43.836 [qtp1306936337-74] DEBUG org.eclipse.jetty.util.thread.ReservedThreadExecutor - ReservedThreadExecutor@47ca1bcb{s=1/1,p=0}@2ef4092c waiting
13:18:45.813 [reactor-http-nio-3] WARN reactor.netty.http.client.HttpClientConnect - [id: 0x4a9f6514, L:/127.0.0.1:65008 - R:localhost/127.0.0.1:8080] The connection observed an error
io.netty.handler.timeout.ReadTimeoutException: null
13:18:45.814 [reactor-http-nio-3] DEBUG org.springframework.web.reactive.function.client.ExchangeFunctions - [7887d6f5] Cancel signal (to close connection)
13:18:45.814 [reactor-http-nio-3] DEBUG reactor.netty.resources.PooledConnectionProvider - [id: 0x4a9f6514, L:/127.0.0.1:65008 ! R:localhost/127.0.0.1:8080] Channel closed, now 0 active connections and 0 inactive connections
13:18:45.814 [reactor-http-nio-3] DEBUG reactor.netty.ReactorNetty - [id: 0x4a9f6514, L:/127.0.0.1:65008 ! R:localhost/127.0.0.1:8080] Non Removed handler: ReadTimeoutHandler, context: ChannelHandlerContext(ReadTimeoutHandler, [id: 0x4a9f6514, L:/127.0.0.1:65008 ! R:localhost/127.0.0.1:8080]), pipeline: DefaultChannelPipeline{(reactor.left.httpCodec = io.netty.handler.codec.http.HttpClientCodec), (ReadTimeoutHandler = io.netty.handler.timeout.ReadTimeoutHandler), (WriteTimeoutHandler = io.netty.handler.timeout.WriteTimeoutHandler), (reactor.right.reactiveBridge = reactor.netty.channel.ChannelOperationsHandler)}
13:18:45.814 [reactor-http-nio-3] DEBUG reactor.netty.ReactorNetty - [id: 0x4a9f6514, L:/127.0.0.1:65008 ! R:localhost/127.0.0.1:8080] Non Removed handler: WriteTimeoutHandler, context: ChannelHandlerContext(WriteTimeoutHandler, [id: 0x4a9f6514, L:/127.0.0.1:65008 ! R:localhost/127.0.0.1:8080]), pipeline: DefaultChannelPipeline{(reactor.left.httpCodec = io.netty.handler.codec.http.HttpClientCodec), (ReadTimeoutHandler = io.netty.handler.timeout.ReadTimeoutHandler), (WriteTimeoutHandler = io.netty.handler.timeout.WriteTimeoutHandler), (reactor.right.reactiveBridge = reactor.netty.channel.ChannelOperationsHandler)}
13:18:45.815 [reactor-http-nio-3] DEBUG reactor.netty.resources.PooledConnectionProvider - [id: 0x4a9f6514, L:/127.0.0.1:65008 ! R:localhost/127.0.0.1:8080] onStateChange(GET{uri=/api/v0/components/products/63d3bec5-12c6-457b-b612-526e69cd65b7/questions/hidden, connection=PooledConnection{channel=[id: 0x4a9f6514, L:/127.0.0.1:65008 ! R:localhost/127.0.0.1:8080]}}, [disconnecting])
13:18:45.934 [qtp1306936337-78] DEBUG org.eclipse.jetty.server.handler.gzip.GzipHandler - GzipHandler@3fde4138{STARTED,min=32,inflate=-1} excluded not gzip accept Request(GET //localhost:8080/api/v0/components/products/63d3bec5-12c6-457b-b612-526e69cd65b7/questions/hidden)@1b2287b2
13:18:45.934 [qtp1306936337-78] DEBUG org.eclipse.jetty.server.handler.gzip.GzipHttpOutputInterceptor - org.eclipse.jetty.server.handler.gzip.GzipHttpOutputInterceptor@7a966364 exclude no deflater
13:18:45.934 [qtp1306936337-78] DEBUG org.eclipse.jetty.server.HttpChannel - sendResponse info=null content=HeapByteBuffer@137d328[p=0,l=0,c=0,r=0]={<<<>>>} complete=false committing=true callback=Blocker@74a5a873{null}
13:18:45.934 [qtp1306936337-78] DEBUG org.eclipse.jetty.server.HttpChannel - COMMIT for /api/v0/components/products/63d3bec5-12c6-457b-b612-526e69cd65b7/questions/hidden on HttpChannelOverHttp@74928a6e{s=HttpChannelState@70ad0024{s=HANDLING rs=BLOCKING os=COMMITTED is=READY awp=false se=false i=true al=0},r=1,c=false/false,a=HANDLING,uri=//localhost:8080/api/v0/components/products/63d3bec5-12c6-457b-b612-526e69cd65b7/questions/hidden,age=2107}
200 null HTTP/1.1
Matched-Stub-Id: 3b014af9-4de1-41a9-b4d6-3dd60deee9e3
Vary: Accept-Encoding, User-Agent


13:18:45.934 [qtp1306936337-78] DEBUG org.eclipse.jetty.server.HttpConnection - generate: NEED_HEADER for org.eclipse.jetty.server.HttpConnection$SendCallback@7b35ae42[PROCESSING][i=HTTP/1.1{s=200,h=2,cl=-1},cb=org.eclipse.jetty.server.HttpChannel$SendCallback@116e22d] (null,[p=0,l=0,c=0,r=0],false)@START
13:18:45.934 [qtp1306936337-78] DEBUG org.eclipse.jetty.http.HttpGenerator - generateHeaders HTTP/1.1{s=200,h=2,cl=-1} last=false content=HeapByteBuffer@137d328[p=0,l=0,c=0,r=0]={<<<>>>}
13:18:45.934 [qtp1306936337-78] DEBUG org.eclipse.jetty.http.HttpGenerator - Matched-Stub-Id: 3b014af9-4de1-41a9-b4d6-3dd60deee9e3
Vary: Accept-Encoding, User-Agent


13:18:45.935 [qtp1306936337-78] DEBUG org.eclipse.jetty.http.HttpGenerator - CHUNKED_CONTENT
13:18:45.935 [qtp1306936337-78] DEBUG org.eclipse.jetty.server.HttpConnection - generate: FLUSH for org.eclipse.jetty.server.HttpConnection$SendCallback@7b35ae42[PROCESSING][i=HTTP/1.1{s=200,h=2,cl=-1},cb=org.eclipse.jetty.server.HttpChannel$SendCallback@116e22d] ([p=0,l=170,c=8192,r=170],[p=0,l=0,c=0,r=0],false)@COMMITTED
13:18:45.935 [qtp1306936337-78] DEBUG org.eclipse.jetty.io.WriteFlusher - write: WriteFlusher@48d22c28{IDLE}->null [HeapByteBuffer@517b6415[p=0,l=170,c=8192,r=170]={<<<HTTP/1.1 200 OK\r\nMatched-...y(9.4.28.v20200408)\r\n\r\n>>>\nAuthoriz...\x00\x00\x00\x00\x00\x00\x00}]
13:18:45.935 [qtp1306936337-78] DEBUG org.eclipse.jetty.io.WriteFlusher - update WriteFlusher@48d22c28{WRITING}->null:IDLE-->WRITING
13:18:45.935 [qtp1306936337-78] DEBUG org.eclipse.jetty.io.ChannelEndPoint - flushed 170 NetworkTrafficSocketChannelEndPoint@7a556b54{/127.0.0.1:65008<->/127.0.0.1:8080,OPEN,fill=-,flush=W,to=2108/30000}{io=0/0,kio=0,kro=1}->HttpConnection@35af8055[p=HttpParser{s=END,0 of -1},g=HttpGenerator@64f1427f{s=COMMITTED}]=>HttpChannelOverHttp@74928a6e{s=HttpChannelState@70ad0024{s=HANDLING rs=BLOCKING os=COMMITTED is=READY awp=false se=false i=true al=0},r=1,c=false/false,a=HANDLING,uri=//localhost:8080/api/v0/components/products/63d3bec5-12c6-457b-b612-526e69cd65b7/questions/hidden,age=2108}
13:18:45.935 [qtp1306936337-78] DEBUG org.eclipse.jetty.io.WriteFlusher - Flushed=true written=170 remaining=0 WriteFlusher@48d22c28{WRITING}->null
13:18:45.935 [qtp1306936337-78] DEBUG org.eclipse.jetty.io.WriteFlusher - update WriteFlusher@48d22c28{IDLE}->null:WRITING-->IDLE
13:18:45.935 [qtp1306936337-78] DEBUG org.eclipse.jetty.server.HttpConnection - generate: DONE for org.eclipse.jetty.server.HttpConnection$SendCallback@7b35ae42[PROCESSING][i=HTTP/1.1{s=200,h=2,cl=-1},cb=org.eclipse.jetty.server.HttpChannel$SendCallback@116e22d] ([p=170,l=170,c=8192,r=0],[p=0,l=0,c=0,r=0],false)@COMMITTED
13:18:45.936 [qtp1306936337-78] DEBUG org.eclipse.jetty.server.HttpOutput - onWriteComplete(false,null) s=OPEN,api=BLOCKED,sc=false,e=null->s=OPEN,api=BLOCKING,sc=false,e=null c=null cb=null w=false
13:18:45.936 [qtp1306936337-78] DEBUG org.eclipse.jetty.server.HttpOutput - close() s=CLOSING,api=BLOCKED,sc=false,e=null c=HeapByteBuffer@137d328[p=0,l=0,c=0,r=0]={<<<>>>} b=Blocker@74a5a873{null}
13:18:45.936 [qtp1306936337-78] DEBUG org.eclipse.jetty.server.HttpChannel - sendResponse info=null content=HeapByteBuffer@137d328[p=0,l=0,c=0,r=0]={<<<>>>} complete=true committing=false callback=Blocker@74a5a873{null}
13:18:45.936 [qtp1306936337-78] DEBUG org.eclipse.jetty.server.HttpConnection - generate: CONTINUE for org.eclipse.jetty.server.HttpConnection$SendCallback@7b35ae42[PROCESSING][i=null,cb=org.eclipse.jetty.server.HttpChannel$SendCallback@116df371] (null,[p=0,l=0,c=0,r=0],true)@COMPLETING
13:18:45.936 [qtp1306936337-78] DEBUG org.eclipse.jetty.server.HttpConnection - generate: NEED_CHUNK for org.eclipse.jetty.server.HttpConnection$SendCallback@7b35ae42[PROCESSING][i=null,cb=org.eclipse.jetty.server.HttpChannel$SendCallback@116df371] (null,[p=0,l=0,c=0,r=0],true)@COMPLETING
13:18:45.936 [qtp1306936337-78] DEBUG org.eclipse.jetty.server.HttpConnection - generate: FLUSH for org.eclipse.jetty.server.HttpConnection$SendCallback@7b35ae42[PROCESSING][i=null,cb=org.eclipse.jetty.server.HttpChannel$SendCallback@116df371] (null,[p=0,l=0,c=0,r=0],true)@COMPLETING
13:18:45.936 [qtp1306936337-78] DEBUG org.eclipse.jetty.io.WriteFlusher - write: WriteFlusher@48d22c28{IDLE}->null [HeapByteBuffer@453ac13f[p=0,l=5,c=1024,r=5]={<<<0\r\n\r\n>>>\r\n\x00\x00\x00\x00\x00\x00\x00...\x00\x00\x00\x00\x00\x00\x00}]
13:18:45.936 [qtp1306936337-78] DEBUG org.eclipse.jetty.io.WriteFlusher - update WriteFlusher@48d22c28{WRITING}->null:IDLE-->WRITING
13:18:45.937 [qtp1306936337-78] DEBUG org.eclipse.jetty.io.WriteFlusher - write exception
org.eclipse.jetty.io.EofException: null
	at org.eclipse.jetty.io.ChannelEndPoint.flush(ChannelEndPoint.java:283)
	at org.eclipse.jetty.io.NetworkTrafficSocketChannelEndPoint.flush(NetworkTrafficSocketChannelEndPoint.java:66)
	at org.eclipse.jetty.io.WriteFlusher.flush(WriteFlusher.java:422)
	at org.eclipse.jetty.io.WriteFlusher.write(WriteFlusher.java:277)
	at org.eclipse.jetty.io.AbstractEndPoint.write(AbstractEndPoint.java:381)
	at org.eclipse.jetty.server.HttpConnection$SendCallback.process(HttpConnection.java:830)
	at org.eclipse.jetty.util.IteratingCallback.processing(IteratingCallback.java:241)
	at org.eclipse.jetty.util.IteratingCallback.iterate(IteratingCallback.java:223)
	at org.eclipse.jetty.server.HttpConnection.send(HttpConnection.java:549)
	at org.eclipse.jetty.server.HttpChannel.sendResponse(HttpChannel.java:829)
	at org.eclipse.jetty.server.HttpChannel.write(HttpChannel.java:901)
	at org.eclipse.jetty.server.handler.gzip.GzipHttpOutputInterceptor.write(GzipHttpOutputInterceptor.java:112)
	at org.eclipse.jetty.server.HttpOutput.channelWrite(HttpOutput.java:283)
	at org.eclipse.jetty.server.HttpOutput.close(HttpOutput.java:602)
	at com.github.tomakehurst.wiremock.servlet.WireMockHandlerDispatchingServlet.writeAndTranslateExceptions(WireMockHandlerDispatchingServlet.java:235)
	at com.github.tomakehurst.wiremock.servlet.WireMockHandlerDispatchingServlet.applyResponse(WireMockHandlerDispatchingServlet.java:223)
	at com.github.tomakehurst.wiremock.servlet.WireMockHandlerDispatchingServlet$ServletHttpResponder.respondTo(WireMockHandlerDispatchingServlet.java:183)
	at com.github.tomakehurst.wiremock.servlet.WireMockHandlerDispatchingServlet$ServletHttpResponder.respondSync(WireMockHandlerDispatchingServlet.java:150)
	at com.github.tomakehurst.wiremock.servlet.WireMockHandlerDispatchingServlet$ServletHttpResponder.respond(WireMockHandlerDispatchingServlet.java:144)
	at com.github.tomakehurst.wiremock.http.AbstractRequestHandler.handle(AbstractRequestHandler.java:90)
	at com.github.tomakehurst.wiremock.servlet.WireMockHandlerDispatchingServlet.service(WireMockHandlerDispatchingServlet.java:120)
	at javax.servlet.http.HttpServlet.service(HttpServlet.java:750)
	at org.eclipse.jetty.servlet.ServletHolder.handle(ServletHolder.java:763)
	at org.eclipse.jetty.servlet.ServletHandler$CachedChain.doFilter(ServletHandler.java:1631)
	at org.eclipse.jetty.servlets.CrossOriginFilter.handle(CrossOriginFilter.java:319)
	at org.eclipse.jetty.servlets.CrossOriginFilter.doFilter(CrossOriginFilter.java:273)
	at org.eclipse.jetty.servlet.ServletHandler$CachedChain.doFilter(ServletHandler.java:1618)
	at org.eclipse.jetty.servlet.ServletHandler.doHandle(ServletHandler.java:549)
	at org.eclipse.jetty.server.handler.ScopedHandler.nextHandle(ScopedHandler.java:233)
	at org.eclipse.jetty.server.handler.ContextHandler.doHandle(ContextHandler.java:1363)
	at org.eclipse.jetty.server.handler.ScopedHandler.nextScope(ScopedHandler.java:188)
	at org.eclipse.jetty.servlet.ServletHandler.doScope(ServletHandler.java:489)
	at org.eclipse.jetty.server.handler.ScopedHandler.nextScope(ScopedHandler.java:186)
	at org.eclipse.jetty.server.handler.ContextHandler.doScope(ContextHandler.java:1278)
	at org.eclipse.jetty.server.handler.ScopedHandler.handle(ScopedHandler.java:141)
	at org.eclipse.jetty.server.handler.gzip.GzipHandler.handle(GzipHandler.java:767)
	at org.eclipse.jetty.server.handler.HandlerCollection.handle(HandlerCollection.java:146)
	at org.eclipse.jetty.server.handler.HandlerWrapper.handle(HandlerWrapper.java:127)
	at org.eclipse.jetty.server.Server.handle(Server.java:500)
	at org.eclipse.jetty.server.HttpChannel.lambda$handle$1(HttpChannel.java:383)
	at org.eclipse.jetty.server.HttpChannel.dispatch(HttpChannel.java:547)
	at org.eclipse.jetty.server.HttpChannel.handle(HttpChannel.java:375)
	at org.eclipse.jetty.server.HttpConnection.onFillable(HttpConnection.java:273)
	at org.eclipse.jetty.io.AbstractConnection$ReadCallback.succeeded(AbstractConnection.java:311)
	at org.eclipse.jetty.io.FillInterest.fillable(FillInterest.java:103)
	at org.eclipse.jetty.io.ChannelEndPoint$2.run(ChannelEndPoint.java:117)
	at org.eclipse.jetty.util.thread.strategy.EatWhatYouKill.runTask(EatWhatYouKill.java:336)
	at org.eclipse.jetty.util.thread.strategy.EatWhatYouKill.doProduce(EatWhatYouKill.java:313)
	at org.eclipse.jetty.util.thread.strategy.EatWhatYouKill.tryProduce(EatWhatYouKill.java:171)
	at org.eclipse.jetty.util.thread.strategy.EatWhatYouKill.run(EatWhatYouKill.java:129)
	at org.eclipse.jetty.util.thread.ReservedThreadExecutor$ReservedThread.run(ReservedThreadExecutor.java:375)
	at org.eclipse.jetty.util.thread.QueuedThreadPool.runJob(QueuedThreadPool.java:806)
	at org.eclipse.jetty.util.thread.QueuedThreadPool$Runner.run(QueuedThreadPool.java:938)
	at java.base/java.lang.Thread.run(Thread.java:834)
Caused by: java.io.IOException: Se ha anulado una conexión establecida por el software en su equipo host.
	at java.base/sun.nio.ch.SocketDispatcher.write0(Native Method)
	at java.base/sun.nio.ch.SocketDispatcher.write(SocketDispatcher.java:51)
	at java.base/sun.nio.ch.IOUtil.writeFromNativeBuffer(IOUtil.java:113)
	at java.base/sun.nio.ch.IOUtil.write(IOUtil.java:79)
	at java.base/sun.nio.ch.IOUtil.write(IOUtil.java:50)
	at java.base/sun.nio.ch.SocketChannelImpl.write(SocketChannelImpl.java:466)
	at org.eclipse.jetty.io.ChannelEndPoint.flush(ChannelEndPoint.java:261)
	... 53 common frames omitted
13:18:45.940 [qtp1306936337-78] DEBUG org.eclipse.jetty.io.WriteFlusher - update WriteFlusher@48d22c28{FAILED}->null:WRITING-->FAILED
13:18:45.940 [qtp1306936337-78] DEBUG org.eclipse.jetty.server.HttpChannel - Commit failed
org.eclipse.jetty.io.EofException: null
	at org.eclipse.jetty.io.ChannelEndPoint.flush(ChannelEndPoint.java:283)
	at org.eclipse.jetty.io.NetworkTrafficSocketChannelEndPoint.flush(NetworkTrafficSocketChannelEndPoint.java:66)
	at org.eclipse.jetty.io.WriteFlusher.flush(WriteFlusher.java:422)
	at org.eclipse.jetty.io.WriteFlusher.write(WriteFlusher.java:277)
	at org.eclipse.jetty.io.AbstractEndPoint.write(AbstractEndPoint.java:381)
	at org.eclipse.jetty.server.HttpConnection$SendCallback.process(HttpConnection.java:830)
	at org.eclipse.jetty.util.IteratingCallback.processing(IteratingCallback.java:241)
	at org.eclipse.jetty.util.IteratingCallback.iterate(IteratingCallback.java:223)
	at org.eclipse.jetty.server.HttpConnection.send(HttpConnection.java:549)
	at org.eclipse.jetty.server.HttpChannel.sendResponse(HttpChannel.java:829)
	at org.eclipse.jetty.server.HttpChannel.write(HttpChannel.java:901)
	at org.eclipse.jetty.server.handler.gzip.GzipHttpOutputInterceptor.write(GzipHttpOutputInterceptor.java:112)
	at org.eclipse.jetty.server.HttpOutput.channelWrite(HttpOutput.java:283)
	at org.eclipse.jetty.server.HttpOutput.close(HttpOutput.java:602)
	at com.github.tomakehurst.wiremock.servlet.WireMockHandlerDispatchingServlet.writeAndTranslateExceptions(WireMockHandlerDispatchingServlet.java:235)
	at com.github.tomakehurst.wiremock.servlet.WireMockHandlerDispatchingServlet.applyResponse(WireMockHandlerDispatchingServlet.java:223)
	at com.github.tomakehurst.wiremock.servlet.WireMockHandlerDispatchingServlet$ServletHttpResponder.respondTo(WireMockHandlerDispatchingServlet.java:183)
	at com.github.tomakehurst.wiremock.servlet.WireMockHandlerDispatchingServlet$ServletHttpResponder.respondSync(WireMockHandlerDispatchingServlet.java:150)
	at com.github.tomakehurst.wiremock.servlet.WireMockHandlerDispatchingServlet$ServletHttpResponder.respond(WireMockHandlerDispatchingServlet.java:144)
	at com.github.tomakehurst.wiremock.http.AbstractRequestHandler.handle(AbstractRequestHandler.java:90)
	at com.github.tomakehurst.wiremock.servlet.WireMockHandlerDispatchingServlet.service(WireMockHandlerDispatchingServlet.java:120)
	at javax.servlet.http.HttpServlet.service(HttpServlet.java:750)
	at org.eclipse.jetty.servlet.ServletHolder.handle(ServletHolder.java:763)
	at org.eclipse.jetty.servlet.ServletHandler$CachedChain.doFilter(ServletHandler.java:1631)
	at org.eclipse.jetty.servlets.CrossOriginFilter.handle(CrossOriginFilter.java:319)
	at org.eclipse.jetty.servlets.CrossOriginFilter.doFilter(CrossOriginFilter.java:273)
	at org.eclipse.jetty.servlet.ServletHandler$CachedChain.doFilter(ServletHandler.java:1618)
	at org.eclipse.jetty.servlet.ServletHandler.doHandle(ServletHandler.java:549)
	at org.eclipse.jetty.server.handler.ScopedHandler.nextHandle(ScopedHandler.java:233)
	at org.eclipse.jetty.server.handler.ContextHandler.doHandle(ContextHandler.java:1363)
	at org.eclipse.jetty.server.handler.ScopedHandler.nextScope(ScopedHandler.java:188)
	at org.eclipse.jetty.servlet.ServletHandler.doScope(ServletHandler.java:489)
	at org.eclipse.jetty.server.handler.ScopedHandler.nextScope(ScopedHandler.java:186)
	at org.eclipse.jetty.server.handler.ContextHandler.doScope(ContextHandler.java:1278)
	at org.eclipse.jetty.server.handler.ScopedHandler.handle(ScopedHandler.java:141)
	at org.eclipse.jetty.server.handler.gzip.GzipHandler.handle(GzipHandler.java:767)
	at org.eclipse.jetty.server.handler.HandlerCollection.handle(HandlerCollection.java:146)
	at org.eclipse.jetty.server.handler.HandlerWrapper.handle(HandlerWrapper.java:127)
	at org.eclipse.jetty.server.Server.handle(Server.java:500)
	at org.eclipse.jetty.server.HttpChannel.lambda$handle$1(HttpChannel.java:383)
	at org.eclipse.jetty.server.HttpChannel.dispatch(HttpChannel.java:547)
	at org.eclipse.jetty.server.HttpChannel.handle(HttpChannel.java:375)
	at org.eclipse.jetty.server.HttpConnection.onFillable(HttpConnection.java:273)
	at org.eclipse.jetty.io.AbstractConnection$ReadCallback.succeeded(AbstractConnection.java:311)
	at org.eclipse.jetty.io.FillInterest.fillable(FillInterest.java:103)
	at org.eclipse.jetty.io.ChannelEndPoint$2.run(ChannelEndPoint.java:117)
	at org.eclipse.jetty.util.thread.strategy.EatWhatYouKill.runTask(EatWhatYouKill.java:336)
	at org.eclipse.jetty.util.thread.strategy.EatWhatYouKill.doProduce(EatWhatYouKill.java:313)
	at org.eclipse.jetty.util.thread.strategy.EatWhatYouKill.tryProduce(EatWhatYouKill.java:171)
	at org.eclipse.jetty.util.thread.strategy.EatWhatYouKill.run(EatWhatYouKill.java:129)
	at org.eclipse.jetty.util.thread.ReservedThreadExecutor$ReservedThread.run(ReservedThreadExecutor.java:375)
	at org.eclipse.jetty.util.thread.QueuedThreadPool.runJob(QueuedThreadPool.java:806)
	at org.eclipse.jetty.util.thread.QueuedThreadPool$Runner.run(QueuedThreadPool.java:938)
	at java.base/java.lang.Thread.run(Thread.java:834)
Caused by: java.io.IOException: Se ha anulado una conexión establecida por el software en su equipo host.
	at java.base/sun.nio.ch.SocketDispatcher.write0(Native Method)
	at java.base/sun.nio.ch.SocketDispatcher.write(SocketDispatcher.java:51)
	at java.base/sun.nio.ch.IOUtil.writeFromNativeBuffer(IOUtil.java:113)
	at java.base/sun.nio.ch.IOUtil.write(IOUtil.java:79)
	at java.base/sun.nio.ch.IOUtil.write(IOUtil.java:50)
	at java.base/sun.nio.ch.SocketChannelImpl.write(SocketChannelImpl.java:466)
	at org.eclipse.jetty.io.ChannelEndPoint.flush(ChannelEndPoint.java:261)
	... 53 common frames omitted
13:18:45.941 [qtp1306936337-78] DEBUG org.eclipse.jetty.server.HttpConnection - abort HttpConnection@35af8055::NetworkTrafficSocketChannelEndPoint@7a556b54{/127.0.0.1:65008<->/127.0.0.1:8080,OPEN,fill=-,flush=F,to=5/30000}{io=0/0,kio=0,kro=1}->HttpConnection@35af8055[p=HttpParser{s=END,0 of -1},g=HttpGenerator@64f1427f{s=COMPLETING}]=>HttpChannelOverHttp@74928a6e{s=HttpChannelState@70ad0024{s=HANDLING rs=BLOCKING os=ABORTED is=READY awp=false se=false i=true al=0},r=1,c=false/false,a=HANDLING,uri=//localhost:8080/api/v0/components/products/63d3bec5-12c6-457b-b612-526e69cd65b7/questions/hidden,age=2114} {}
13:18:45.941 [qtp1306936337-78] DEBUG org.eclipse.jetty.io.AbstractEndPoint - close NetworkTrafficSocketChannelEndPoint@7a556b54{/127.0.0.1:65008<->/127.0.0.1:8080,OPEN,fill=-,flush=F,to=5/30000}{io=0/0,kio=0,kro=1}->HttpConnection@35af8055[p=HttpParser{s=END,0 of -1},g=HttpGenerator@64f1427f{s=COMPLETING}]=>HttpChannelOverHttp@74928a6e{s=HttpChannelState@70ad0024{s=HANDLING rs=BLOCKING os=ABORTED is=READY awp=false se=false i=true al=0},r=1,c=false/false,a=HANDLING,uri=//localhost:8080/api/v0/components/products/63d3bec5-12c6-457b-b612-526e69cd65b7/questions/hidden,age=2114}
13:18:45.941 [qtp1306936337-78] DEBUG org.eclipse.jetty.io.AbstractEndPoint - close(null) NetworkTrafficSocketChannelEndPoint@7a556b54{/127.0.0.1:65008<->/127.0.0.1:8080,OPEN,fill=-,flush=F,to=5/30000}{io=0/0,kio=0,kro=1}->HttpConnection@35af8055[p=HttpParser{s=END,0 of -1},g=HttpGenerator@64f1427f{s=COMPLETING}]=>HttpChannelOverHttp@74928a6e{s=HttpChannelState@70ad0024{s=HANDLING rs=BLOCKING os=ABORTED is=READY awp=false se=false i=true al=0},r=1,c=false/false,a=HANDLING,uri=//localhost:8080/api/v0/components/products/63d3bec5-12c6-457b-b612-526e69cd65b7/questions/hidden,age=2114}
13:18:45.941 [qtp1306936337-78] DEBUG org.eclipse.jetty.io.ChannelEndPoint - doClose NetworkTrafficSocketChannelEndPoint@7a556b54{/127.0.0.1:65008<->/127.0.0.1:8080,CLOSED,fill=-,flush=F,to=5/30000}{io=0/0,kio=0,kro=1}->HttpConnection@35af8055[p=HttpParser{s=END,0 of -1},g=HttpGenerator@64f1427f{s=COMPLETING}]=>HttpChannelOverHttp@74928a6e{s=HttpChannelState@70ad0024{s=HANDLING rs=BLOCKING os=ABORTED is=READY awp=false se=false i=true al=0},r=1,c=false/false,a=HANDLING,uri=//localhost:8080/api/v0/components/products/63d3bec5-12c6-457b-b612-526e69cd65b7/questions/hidden,age=2114}
13:18:45.941 [qtp1306936337-78] DEBUG org.eclipse.jetty.io.FillInterest - onClose FillInterest@4d07575{null}
13:18:45.941 [qtp1306936337-78] DEBUG org.eclipse.jetty.io.ManagedSelector - Wakeup ManagedSelector@689012ee{STARTED} id=0 keys=1 selected=0 updates=0
13:18:45.941 [qtp1306936337-79] DEBUG org.eclipse.jetty.io.ManagedSelector - Selector sun.nio.ch.WindowsSelectorImpl@1e8618d6 woken with none selected
13:18:45.941 [qtp1306936337-78] DEBUG org.eclipse.jetty.util.thread.QueuedThreadPool - queue org.eclipse.jetty.io.ManagedSelector$DestroyEndPoint@477c08a0 startThread=0
13:18:45.941 [qtp1306936337-79] DEBUG org.eclipse.jetty.io.ManagedSelector - Selector sun.nio.ch.WindowsSelectorImpl@1e8618d6 woken up from select, 0/0/0 selected
13:18:45.941 [qtp1306936337-79] DEBUG org.eclipse.jetty.io.ManagedSelector - Selector sun.nio.ch.WindowsSelectorImpl@1e8618d6 processing 0 keys, 0 updates
13:18:45.941 [qtp1306936337-79] DEBUG org.eclipse.jetty.io.ManagedSelector - updateable 0
13:18:45.941 [qtp1306936337-79] DEBUG org.eclipse.jetty.io.ManagedSelector - updates 0
13:18:45.941 [qtp1306936337-79] DEBUG org.eclipse.jetty.io.ManagedSelector - Selector sun.nio.ch.WindowsSelectorImpl@1e8618d6 waiting with 0 keys
13:18:45.941 [qtp1306936337-78] DEBUG org.eclipse.jetty.server.HttpOutput - onWriteComplete(true,org.eclipse.jetty.io.EofException) s=CLOSING,api=BLOCKED,sc=false,e=null->s=CLOSED,api=BLOCKING,sc=false,e=null c=null cb=null w=false
13:18:45.941 [qtp1306936337-73] DEBUG org.eclipse.jetty.util.thread.QueuedThreadPool - run org.eclipse.jetty.io.ManagedSelector$DestroyEndPoint@477c08a0 in QueuedThreadPool[qtp1306936337]@4de64411{STARTED,8<=9<=14,i=1,r=1,q=0}[ReservedThreadExecutor@47ca1bcb{s=1/1,p=0}]
13:18:45.942 [qtp1306936337-78] DEBUG org.eclipse.jetty.server.Server - handled=true async=false committed=true on HttpChannelOverHttp@74928a6e{s=HttpChannelState@70ad0024{s=HANDLING rs=BLOCKING os=ABORTED is=READY awp=false se=false i=true al=0},r=1,c=false/false,a=HANDLING,uri=//localhost:8080/api/v0/components/products/63d3bec5-12c6-457b-b612-526e69cd65b7/questions/hidden,age=2115}
13:18:45.942 [qtp1306936337-73] DEBUG org.eclipse.jetty.io.ManagedSelector - Destroyed NetworkTrafficSocketChannelEndPoint@7a556b54{/127.0.0.1:65008<->/127.0.0.1:8080,CLOSED,fill=-,flush=F,to=6/30000}{io=0/0,kio=-1,kro=-1}->HttpConnection@35af8055[p=HttpParser{s=END,0 of -1},g=HttpGenerator@64f1427f{s=COMPLETING}]=>HttpChannelOverHttp@74928a6e{s=HttpChannelState@70ad0024{s=HANDLING rs=BLOCKING os=ABORTED is=READY awp=false se=false i=true al=0},r=1,c=false/false,a=HANDLING,uri=//localhost:8080/api/v0/components/products/63d3bec5-12c6-457b-b612-526e69cd65b7/questions/hidden,age=2115}
13:18:45.942 [qtp1306936337-78] DEBUG org.eclipse.jetty.server.HttpChannelState - unhandle HttpChannelState@70ad0024{s=HANDLING rs=BLOCKING os=ABORTED is=READY awp=false se=false i=true al=0}
13:18:45.942 [qtp1306936337-78] DEBUG org.eclipse.jetty.server.HttpChannelState - nextAction(false) COMPLETE HttpChannelState@70ad0024{s=HANDLING rs=COMPLETING os=ABORTED is=READY awp=false se=false i=false al=0}
13:18:45.942 [qtp1306936337-78] DEBUG org.eclipse.jetty.server.HttpChannel - action COMPLETE HttpChannelOverHttp@74928a6e{s=HttpChannelState@70ad0024{s=HANDLING rs=COMPLETING os=ABORTED is=READY awp=false se=false i=false al=0},r=1,c=false/false,a=HANDLING,uri=//localhost:8080/api/v0/components/products/63d3bec5-12c6-457b-b612-526e69cd65b7/questions/hidden,age=2115}
13:18:45.942 [qtp1306936337-73] DEBUG org.eclipse.jetty.io.AbstractConnection - onClose HttpConnection@35af8055::NetworkTrafficSocketChannelEndPoint@7a556b54{/127.0.0.1:65008<->/127.0.0.1:8080,CLOSED,fill=-,flush=F,to=6/30000}{io=0/0,kio=-1,kro=-1}->HttpConnection@35af8055[p=HttpParser{s=END,0 of -1},g=HttpGenerator@64f1427f{s=COMPLETING}]=>HttpChannelOverHttp@74928a6e{s=HttpChannelState@70ad0024{s=HANDLING rs=COMPLETING os=ABORTED is=READY awp=false se=false i=false al=0},r=1,c=false/false,a=HANDLING,uri=//localhost:8080/api/v0/components/products/63d3bec5-12c6-457b-b612-526e69cd65b7/questions/hidden,age=2115}
13:18:45.942 [qtp1306936337-78] DEBUG org.eclipse.jetty.server.HttpOutput - complete(org.eclipse.jetty.util.Callback$4@71cd8de8) s=CLOSED,api=BLOCKING,sc=false,e=null s=true e=null, c=null
13:18:45.942 [qtp1306936337-73] DEBUG org.eclipse.jetty.util.thread.QueuedThreadPool - ran org.eclipse.jetty.io.ManagedSelector$DestroyEndPoint@477c08a0 in QueuedThreadPool[qtp1306936337]@4de64411{STARTED,8<=9<=14,i=1,r=1,q=0}[ReservedThreadExecutor@47ca1bcb{s=1/1,p=0}]
13:18:45.942 [qtp1306936337-78] DEBUG org.eclipse.jetty.server.HttpChannelState - completed HttpChannelState@70ad0024{s=HANDLING rs=COMPLETING os=ABORTED is=READY awp=false se=false i=false al=0}
13:18:45.942 [qtp1306936337-78] DEBUG org.eclipse.jetty.server.HttpChannelState - unhandle HttpChannelState@70ad0024{s=HANDLING rs=COMPLETED os=ABORTED is=READY awp=false se=false i=false al=0}
13:18:45.942 [qtp1306936337-78] DEBUG org.eclipse.jetty.server.HttpChannelState - nextAction(false) TERMINATED HttpChannelState@70ad0024{s=IDLE rs=COMPLETED os=ABORTED is=READY awp=false se=false i=false al=0}
13:18:45.942 [qtp1306936337-78] DEBUG org.eclipse.jetty.server.HttpChannel - action TERMINATED HttpChannelOverHttp@74928a6e{s=HttpChannelState@70ad0024{s=IDLE rs=COMPLETED os=ABORTED is=READY awp=false se=false i=false al=0},r=1,c=true/false,a=IDLE,uri=//localhost:8080/api/v0/components/products/63d3bec5-12c6-457b-b612-526e69cd65b7/questions/hidden,age=2115}
13:18:45.942 [qtp1306936337-78] DEBUG org.eclipse.jetty.server.HttpChannel - onCompleted for /api/v0/components/products/63d3bec5-12c6-457b-b612-526e69cd65b7/questions/hidden written=0
13:18:45.942 [qtp1306936337-78] DEBUG org.eclipse.jetty.server.HttpChannelState - recycle HttpChannelState@70ad0024{s=IDLE rs=COMPLETED os=ABORTED is=READY awp=false se=false i=false al=0}
13:18:45.942 [qtp1306936337-78] DEBUG org.eclipse.jetty.http.HttpParser - close HttpParser{s=END,0 of -1}
13:18:45.942 [qtp1306936337-78] DEBUG org.eclipse.jetty.http.HttpParser - END --> CLOSE
13:18:45.942 [qtp1306936337-78] DEBUG org.eclipse.jetty.server.HttpChannel - !handle TERMINATED HttpChannelOverHttp@74928a6e{s=HttpChannelState@70ad0024{s=IDLE rs=BLOCKING os=OPEN is=IDLE awp=false se=false i=true al=0},r=1,c=false/false,a=IDLE,uri=null,age=0}
13:18:45.943 [qtp1306936337-78] DEBUG org.eclipse.jetty.server.HttpConnection - HttpConnection@35af8055::NetworkTrafficSocketChannelEndPoint@7a556b54{/127.0.0.1:65008<->/127.0.0.1:8080,CLOSED,fill=-,flush=F,to=7/30000}{io=0/0,kio=-1,kro=-1}->HttpConnection@35af8055[p=HttpParser{s=CLOSE,0 of -1},g=HttpGenerator@64f1427f{s=START}]=>HttpChannelOverHttp@74928a6e{s=HttpChannelState@70ad0024{s=IDLE rs=BLOCKING os=OPEN is=IDLE awp=false se=false i=true al=0},r=1,c=false/false,a=IDLE,uri=null,age=0} onFillable exit HttpChannelState@70ad0024{s=IDLE rs=BLOCKING os=OPEN is=IDLE awp=false se=false i=true al=0} null
13:18:45.943 [qtp1306936337-78] DEBUG org.eclipse.jetty.util.thread.ReservedThreadExecutor - ReservedThreadExecutor@47ca1bcb{s=1/1,p=0}@296c5f60 size 1 > capacity
13:18:45.943 [qtp1306936337-78] DEBUG org.eclipse.jetty.util.thread.QueuedThreadPool - ran ReservedThreadExecutor@47ca1bcb{s=1/1,p=0}@296c5f60 in QueuedThreadPool[qtp1306936337]@4de64411{STARTED,8<=9<=14,i=2,r=1,q=0}[ReservedThreadExecutor@47ca1bcb{s=1/1,p=0}]
13:18:46.351 [parallel-1] DEBUG org.springframework.web.reactive.function.client.ExchangeFunctions - [7887d6f5] HTTP GET http://localhost:8080/api/v0/components/products/63d3bec5-12c6-457b-b612-526e69cd65b7/questions/hidden
13:18:46.353 [reactor-http-nio-4] DEBUG reactor.netty.resources.PooledConnectionProvider - [id: 0x38e4cfb7] Created a new pooled channel, now 1 active connections and 0 inactive connections
13:18:46.353 [reactor-http-nio-4] DEBUG reactor.netty.channel.BootstrapHandlers - [id: 0x38e4cfb7] Initialized pipeline DefaultChannelPipeline{(BootstrapHandlers$BootstrapInitializerHandler#0 = reactor.netty.channel.BootstrapHandlers$BootstrapInitializerHandler), (PooledConnectionProvider$PooledConnectionAllocator$PooledConnectionInitializer#0 = reactor.netty.resources.PooledConnectionProvider$PooledConnectionAllocator$PooledConnectionInitializer), (reactor.left.httpCodec = io.netty.handler.codec.http.HttpClientCodec), (reactor.right.reactiveBridge = reactor.netty.channel.ChannelOperationsHandler)}
13:18:46.355 [qtp1306936337-75-acceptor-0@4284a2c4-NetworkTrafficServerConnector@1c37fc0{HTTP/1.1, (http/1.1)}{0.0.0.0:8080}] DEBUG org.eclipse.jetty.io.ManagedSelector - Queued change org.eclipse.jetty.io.ManagedSelector$Accept@1d2cfe4d on ManagedSelector@4483ebf{STARTED} id=1 keys=1 selected=0 updates=0
13:18:46.355 [qtp1306936337-75-acceptor-0@4284a2c4-NetworkTrafficServerConnector@1c37fc0{HTTP/1.1, (http/1.1)}{0.0.0.0:8080}] DEBUG org.eclipse.jetty.io.ManagedSelector - Wakeup on submit ManagedSelector@4483ebf{STARTED} id=1 keys=1 selected=0 updates=1
13:18:46.355 [reactor-http-nio-4] DEBUG reactor.netty.resources.PooledConnectionProvider - [id: 0x38e4cfb7, L:/127.0.0.1:65009 - R:localhost/127.0.0.1:8080] Registering pool release on close event for channel
13:18:46.355 [reactor-http-nio-4] DEBUG reactor.netty.resources.PooledConnectionProvider - [id: 0x38e4cfb7, L:/127.0.0.1:65009 - R:localhost/127.0.0.1:8080] Channel connected, now 1 active connections and 0 inactive connections
13:18:46.355 [qtp1306936337-80] DEBUG org.eclipse.jetty.io.ManagedSelector - Selector sun.nio.ch.WindowsSelectorImpl@23943410 woken with none selected
13:18:46.355 [reactor-http-nio-4] DEBUG reactor.netty.resources.PooledConnectionProvider - [id: 0x38e4cfb7, L:/127.0.0.1:65009 - R:localhost/127.0.0.1:8080] onStateChange(PooledConnection{channel=[id: 0x38e4cfb7, L:/127.0.0.1:65009 - R:localhost/127.0.0.1:8080]}, [connected])
13:18:46.355 [qtp1306936337-80] DEBUG org.eclipse.jetty.io.ManagedSelector - Selector sun.nio.ch.WindowsSelectorImpl@23943410 woken up from select, 0/0/1 selected
13:18:46.355 [qtp1306936337-80] DEBUG org.eclipse.jetty.io.ManagedSelector - Selector sun.nio.ch.WindowsSelectorImpl@23943410 processing 0 keys, 1 updates
13:18:46.355 [qtp1306936337-80] DEBUG org.eclipse.jetty.io.ManagedSelector - updateable 1
13:18:46.355 [qtp1306936337-80] DEBUG org.eclipse.jetty.io.ManagedSelector - update org.eclipse.jetty.io.ManagedSelector$Accept@1d2cfe4d
13:18:46.355 [reactor-http-nio-4] DEBUG reactor.netty.resources.PooledConnectionProvider - [id: 0x38e4cfb7, L:/127.0.0.1:65009 - R:localhost/127.0.0.1:8080] onStateChange(GET{uri=/, connection=PooledConnection{channel=[id: 0x38e4cfb7, L:/127.0.0.1:65009 - R:localhost/127.0.0.1:8080]}}, [configured])
13:18:46.355 [qtp1306936337-80] DEBUG org.eclipse.jetty.util.thread.QueuedThreadPool - queue org.eclipse.jetty.io.ManagedSelector$Accept@1d2cfe4d startThread=0
13:18:46.355 [qtp1306936337-80] DEBUG org.eclipse.jetty.io.ManagedSelector - updates 0
13:18:46.355 [qtp1306936337-80] DEBUG org.eclipse.jetty.io.ManagedSelector - Selector sun.nio.ch.WindowsSelectorImpl@23943410 waiting with 2 keys
13:18:46.355 [qtp1306936337-82] DEBUG org.eclipse.jetty.util.thread.QueuedThreadPool - run org.eclipse.jetty.io.ManagedSelector$Accept@1d2cfe4d in QueuedThreadPool[qtp1306936337]@4de64411{STARTED,8<=9<=14,i=2,r=1,q=0}[ReservedThreadExecutor@47ca1bcb{s=1/1,p=0}]
13:18:46.355 [reactor-http-nio-4] DEBUG reactor.netty.ReactorNetty - [id: 0x38e4cfb7, L:/127.0.0.1:65009 - R:localhost/127.0.0.1:8080] Added decoder [ReadTimeoutHandler] at the end of the user pipeline, full pipeline: [reactor.left.httpCodec, ReadTimeoutHandler, reactor.right.reactiveBridge, DefaultChannelPipeline$TailContext#0]
13:18:46.356 [reactor-http-nio-4] DEBUG reactor.netty.ReactorNetty - [id: 0x38e4cfb7, L:/127.0.0.1:65009 - R:localhost/127.0.0.1:8080] Added decoder [WriteTimeoutHandler] at the end of the user pipeline, full pipeline: [reactor.left.httpCodec, ReadTimeoutHandler, WriteTimeoutHandler, reactor.right.reactiveBridge, DefaultChannelPipeline$TailContext#0]
13:18:46.356 [reactor-http-nio-4] DEBUG reactor.netty.http.client.HttpClientConnect - [id: 0x38e4cfb7, L:/127.0.0.1:65009 - R:localhost/127.0.0.1:8080] Handler is being applied: {uri=http://localhost:8080/api/v0/components/products/63d3bec5-12c6-457b-b612-526e69cd65b7/questions/hidden, method=GET}
13:18:46.356 [reactor-http-nio-4] DEBUG reactor.netty.resources.PooledConnectionProvider - [id: 0x38e4cfb7, L:/127.0.0.1:65009 - R:localhost/127.0.0.1:8080] onStateChange(GET{uri=/api/v0/components/products/63d3bec5-12c6-457b-b612-526e69cd65b7/questions/hidden, connection=PooledConnection{channel=[id: 0x38e4cfb7, L:/127.0.0.1:65009 - R:localhost/127.0.0.1:8080]}}, [request_prepared])
13:18:46.357 [reactor-http-nio-4] DEBUG reactor.netty.resources.PooledConnectionProvider - [id: 0x38e4cfb7, L:/127.0.0.1:65009 - R:localhost/127.0.0.1:8080] onStateChange(GET{uri=/api/v0/components/products/63d3bec5-12c6-457b-b612-526e69cd65b7/questions/hidden, connection=PooledConnection{channel=[id: 0x38e4cfb7, L:/127.0.0.1:65009 - R:localhost/127.0.0.1:8080]}}, [request_sent])
13:18:46.356 [qtp1306936337-82] DEBUG org.eclipse.jetty.io.IdleTimeout - NetworkTrafficSocketChannelEndPoint@55807f1a{/127.0.0.1:65009<->/127.0.0.1:8080,OPEN,fill=-,flush=-,to=0/30000}{io=0/0,kio=0,kro=0}-><null> idle timeout check, elapsed: 0 ms, remaining: 30000 ms
13:18:46.359 [qtp1306936337-82] DEBUG org.eclipse.jetty.server.HttpChannel - new HttpChannelOverHttp@3b8c3d6f{s=HttpChannelState@3cf09cb6{s=IDLE rs=BLOCKING os=OPEN is=IDLE awp=false se=false i=true al=0},r=0,c=false/false,a=IDLE,uri=null,age=0} -> NetworkTrafficSocketChannelEndPoint@55807f1a{/127.0.0.1:65009<->/127.0.0.1:8080,OPEN,fill=-,flush=-,to=3/30000}{io=0/0,kio=0,kro=0}-><null>,null,HttpChannelState@3cf09cb6{s=IDLE rs=BLOCKING os=OPEN is=IDLE awp=false se=false i=true al=0}
13:18:46.359 [qtp1306936337-82] DEBUG org.eclipse.jetty.server.HttpConnection - New HTTP Connection HttpConnection@7600172::NetworkTrafficSocketChannelEndPoint@55807f1a{/127.0.0.1:65009<->/127.0.0.1:8080,OPEN,fill=-,flush=-,to=3/30000}{io=0/0,kio=0,kro=0}-><null>
13:18:46.359 [qtp1306936337-82] DEBUG org.eclipse.jetty.io.AbstractEndPoint - onOpen NetworkTrafficSocketChannelEndPoint@55807f1a{/127.0.0.1:65009<->/127.0.0.1:8080,OPEN,fill=-,flush=-,to=3/30000}{io=0/0,kio=0,kro=0}->HttpConnection@7600172[p=HttpParser{s=START,0 of -1},g=HttpGenerator@51cec62b{s=START}]=>HttpChannelOverHttp@3b8c3d6f{s=HttpChannelState@3cf09cb6{s=IDLE rs=BLOCKING os=OPEN is=IDLE awp=false se=false i=true al=0},r=0,c=false/false,a=IDLE,uri=null,age=0}
13:18:46.359 [qtp1306936337-82] DEBUG org.eclipse.jetty.io.AbstractConnection - onOpen HttpConnection@7600172::NetworkTrafficSocketChannelEndPoint@55807f1a{/127.0.0.1:65009<->/127.0.0.1:8080,OPEN,fill=-,flush=-,to=3/30000}{io=0/0,kio=0,kro=0}->HttpConnection@7600172[p=HttpParser{s=START,0 of -1},g=HttpGenerator@51cec62b{s=START}]=>HttpChannelOverHttp@3b8c3d6f{s=HttpChannelState@3cf09cb6{s=IDLE rs=BLOCKING os=OPEN is=IDLE awp=false se=false i=true al=0},r=0,c=false/false,a=IDLE,uri=null,age=0}
13:18:46.359 [qtp1306936337-82] DEBUG org.eclipse.jetty.io.AbstractConnection - fillInterested HttpConnection@7600172::NetworkTrafficSocketChannelEndPoint@55807f1a{/127.0.0.1:65009<->/127.0.0.1:8080,OPEN,fill=-,flush=-,to=3/30000}{io=0/0,kio=0,kro=0}->HttpConnection@7600172[p=HttpParser{s=START,0 of -1},g=HttpGenerator@51cec62b{s=START}]=>HttpChannelOverHttp@3b8c3d6f{s=HttpChannelState@3cf09cb6{s=IDLE rs=BLOCKING os=OPEN is=IDLE awp=false se=false i=true al=0},r=0,c=false/false,a=IDLE,uri=null,age=0}
13:18:46.360 [qtp1306936337-82] DEBUG org.eclipse.jetty.io.FillInterest - interested FillInterest@bf3ee38{AC.ReadCB@7600172{HttpConnection@7600172::NetworkTrafficSocketChannelEndPoint@55807f1a{/127.0.0.1:65009<->/127.0.0.1:8080,OPEN,fill=FI,flush=-,to=0/30000}{io=0/0,kio=0,kro=0}->HttpConnection@7600172[p=HttpParser{s=START,0 of -1},g=HttpGenerator@51cec62b{s=START}]=>HttpChannelOverHttp@3b8c3d6f{s=HttpChannelState@3cf09cb6{s=IDLE rs=BLOCKING os=OPEN is=IDLE awp=false se=false i=true al=0},r=0,c=false/false,a=IDLE,uri=null,age=0}}}
13:18:46.360 [qtp1306936337-82] DEBUG org.eclipse.jetty.io.ChannelEndPoint - changeInterests p=false 0->1 for NetworkTrafficSocketChannelEndPoint@55807f1a{/127.0.0.1:65009<->/127.0.0.1:8080,OPEN,fill=FI,flush=-,to=0/30000}{io=0/1,kio=0,kro=0}->HttpConnection@7600172[p=HttpParser{s=START,0 of -1},g=HttpGenerator@51cec62b{s=START}]=>HttpChannelOverHttp@3b8c3d6f{s=HttpChannelState@3cf09cb6{s=IDLE rs=BLOCKING os=OPEN is=IDLE awp=false se=false i=true al=0},r=0,c=false/false,a=IDLE,uri=null,age=0}
13:18:46.360 [qtp1306936337-82] DEBUG org.eclipse.jetty.io.ManagedSelector - Queued change org.eclipse.jetty.io.ChannelEndPoint$1@335ed6dc on ManagedSelector@4483ebf{STARTED} id=1 keys=2 selected=0 updates=0
13:18:46.360 [qtp1306936337-82] DEBUG org.eclipse.jetty.io.ManagedSelector - Wakeup on submit ManagedSelector@4483ebf{STARTED} id=1 keys=2 selected=0 updates=1
13:18:46.360 [qtp1306936337-80] DEBUG org.eclipse.jetty.io.ManagedSelector - Selector sun.nio.ch.WindowsSelectorImpl@23943410 woken with none selected
13:18:46.360 [qtp1306936337-80] DEBUG org.eclipse.jetty.io.ManagedSelector - Selector sun.nio.ch.WindowsSelectorImpl@23943410 woken up from select, 0/0/2 selected
13:18:46.360 [qtp1306936337-80] DEBUG org.eclipse.jetty.io.ManagedSelector - Selector sun.nio.ch.WindowsSelectorImpl@23943410 processing 0 keys, 1 updates
13:18:46.360 [qtp1306936337-80] DEBUG org.eclipse.jetty.io.ManagedSelector - updateable 1
13:18:46.360 [qtp1306936337-80] DEBUG org.eclipse.jetty.io.ManagedSelector - update org.eclipse.jetty.io.ChannelEndPoint$1@335ed6dc
13:18:46.361 [qtp1306936337-80] DEBUG org.eclipse.jetty.io.ChannelEndPoint - Key interests updated 0 -> 1 on NetworkTrafficSocketChannelEndPoint@55807f1a{/127.0.0.1:65009<->/127.0.0.1:8080,OPEN,fill=FI,flush=-,to=0/30000}{io=1/1,kio=1,kro=0}->HttpConnection@7600172[p=HttpParser{s=START,0 of -1},g=HttpGenerator@51cec62b{s=START}]=>HttpChannelOverHttp@3b8c3d6f{s=HttpChannelState@3cf09cb6{s=IDLE rs=BLOCKING os=OPEN is=IDLE awp=false se=false i=true al=0},r=0,c=false/false,a=IDLE,uri=null,age=0}
13:18:46.361 [qtp1306936337-80] DEBUG org.eclipse.jetty.io.ManagedSelector - updates 0
13:18:46.361 [qtp1306936337-80] DEBUG org.eclipse.jetty.io.ManagedSelector - Selector sun.nio.ch.WindowsSelectorImpl@23943410 waiting with 2 keys
13:18:46.361 [qtp1306936337-80] DEBUG org.eclipse.jetty.io.ManagedSelector - Selector sun.nio.ch.WindowsSelectorImpl@23943410 woken up from select, 1/1/2 selected
13:18:46.361 [qtp1306936337-80] DEBUG org.eclipse.jetty.io.ManagedSelector - Selector sun.nio.ch.WindowsSelectorImpl@23943410 processing 1 keys, 0 updates
13:18:46.361 [qtp1306936337-80] DEBUG org.eclipse.jetty.io.ManagedSelector - selected 1 channel=java.nio.channels.SocketChannel[connected local=/127.0.0.1:8080 remote=/127.0.0.1:65009], selector=sun.nio.ch.WindowsSelectorImpl@23943410, interestOps=1, readyOps=1 NetworkTrafficSocketChannelEndPoint@55807f1a{/127.0.0.1:65009<->/127.0.0.1:8080,OPEN,fill=FI,flush=-,to=1/30000}{io=1/1,kio=1,kro=1}->HttpConnection@7600172[p=HttpParser{s=START,0 of -1},g=HttpGenerator@51cec62b{s=START}]=>HttpChannelOverHttp@3b8c3d6f{s=HttpChannelState@3cf09cb6{s=IDLE rs=BLOCKING os=OPEN is=IDLE awp=false se=false i=true al=0},r=0,c=false/false,a=IDLE,uri=null,age=0} 
13:18:46.361 [qtp1306936337-80] DEBUG org.eclipse.jetty.io.ChannelEndPoint - onSelected 1->0 r=true w=false for NetworkTrafficSocketChannelEndPoint@55807f1a{/127.0.0.1:65009<->/127.0.0.1:8080,OPEN,fill=FI,flush=-,to=1/30000}{io=1/0,kio=1,kro=1}->HttpConnection@7600172[p=HttpParser{s=START,0 of -1},g=HttpGenerator@51cec62b{s=START}]=>HttpChannelOverHttp@3b8c3d6f{s=HttpChannelState@3cf09cb6{s=IDLE rs=BLOCKING os=OPEN is=IDLE awp=false se=false i=true al=0},r=0,c=false/false,a=IDLE,uri=null,age=0}
13:18:46.361 [qtp1306936337-80] DEBUG org.eclipse.jetty.io.ChannelEndPoint - task CEP:NetworkTrafficSocketChannelEndPoint@55807f1a{/127.0.0.1:65009<->/127.0.0.1:8080,OPEN,fill=FI,flush=-,to=1/30000}{io=1/0,kio=1,kro=1}->HttpConnection@7600172[p=HttpParser{s=START,0 of -1},g=HttpGenerator@51cec62b{s=START}]=>HttpChannelOverHttp@3b8c3d6f{s=HttpChannelState@3cf09cb6{s=IDLE rs=BLOCKING os=OPEN is=IDLE awp=false se=false i=true al=0},r=0,c=false/false,a=IDLE,uri=null,age=0}:runFillable:BLOCKING
13:18:46.362 [qtp1306936337-80] DEBUG org.eclipse.jetty.util.thread.ReservedThreadExecutor - ReservedThreadExecutor@47ca1bcb{s=1/1,p=0} tryExecute EatWhatYouKill@219ee2d7/SelectorProducer@374b812e/PRODUCING/p=false/QueuedThreadPool[qtp1306936337]@4de64411{STARTED,8<=9<=14,i=2,r=1,q=0}[ReservedThreadExecutor@47ca1bcb{s=1/1,p=0}][pc=0,pic=0,pec=1,epc=1]@2020-09-25T13:18:46.3611767+02:00
13:18:46.362 [qtp1306936337-80] DEBUG org.eclipse.jetty.util.thread.ReservedThreadExecutor - ReservedThreadExecutor@47ca1bcb{s=0/1,p=0}@2ef4092c offer EatWhatYouKill@219ee2d7/SelectorProducer@374b812e/PRODUCING/p=false/QueuedThreadPool[qtp1306936337]@4de64411{STARTED,8<=9<=14,i=2,r=1,q=0}[ReservedThreadExecutor@47ca1bcb{s=0/1,p=0}][pc=0,pic=0,pec=1,epc=1]@2020-09-25T13:18:46.362233+02:00
13:18:46.362 [qtp1306936337-80] DEBUG org.eclipse.jetty.util.thread.ReservedThreadExecutor - ReservedThreadExecutor@47ca1bcb{s=0/1,p=1} startReservedThread p=1
13:18:46.362 [qtp1306936337-80] DEBUG org.eclipse.jetty.util.thread.QueuedThreadPool - queue ReservedThreadExecutor@47ca1bcb{s=0/1,p=1}@74babfcf startThread=0
13:18:46.362 [qtp1306936337-80] DEBUG org.eclipse.jetty.util.thread.strategy.EatWhatYouKill - EatWhatYouKill@219ee2d7/SelectorProducer@374b812e/IDLE/p=true/QueuedThreadPool[qtp1306936337]@4de64411{STARTED,8<=9<=14,i=1,r=1,q=0}[ReservedThreadExecutor@47ca1bcb{s=0/1,p=1}][pc=0,pic=0,pec=1,epc=1]@2020-09-25T13:18:46.362233+02:00 m=EXECUTE_PRODUCE_CONSUME t=CEP:NetworkTrafficSocketChannelEndPoint@55807f1a{/127.0.0.1:65009<->/127.0.0.1:8080,OPEN,fill=FI,flush=-,to=2/30000}{io=1/0,kio=1,kro=1}->HttpConnection@7600172[p=HttpParser{s=START,0 of -1},g=HttpGenerator@51cec62b{s=START}]=>HttpChannelOverHttp@3b8c3d6f{s=HttpChannelState@3cf09cb6{s=IDLE rs=BLOCKING os=OPEN is=IDLE awp=false se=false i=true al=0},r=0,c=false/false,a=IDLE,uri=null,age=0}:runFillable:BLOCKING/BLOCKING
13:18:46.362 [qtp1306936337-80] DEBUG org.eclipse.jetty.io.FillInterest - fillable FillInterest@bf3ee38{AC.ReadCB@7600172{HttpConnection@7600172::NetworkTrafficSocketChannelEndPoint@55807f1a{/127.0.0.1:65009<->/127.0.0.1:8080,OPEN,fill=FI,flush=-,to=2/30000}{io=1/0,kio=1,kro=1}->HttpConnection@7600172[p=HttpParser{s=START,0 of -1},g=HttpGenerator@51cec62b{s=START}]=>HttpChannelOverHttp@3b8c3d6f{s=HttpChannelState@3cf09cb6{s=IDLE rs=BLOCKING os=OPEN is=IDLE awp=false se=false i=true al=0},r=0,c=false/false,a=IDLE,uri=null,age=0}}}
13:18:46.362 [qtp1306936337-80] DEBUG org.eclipse.jetty.server.HttpConnection - HttpConnection@7600172::NetworkTrafficSocketChannelEndPoint@55807f1a{/127.0.0.1:65009<->/127.0.0.1:8080,OPEN,fill=-,flush=-,to=2/30000}{io=1/0,kio=1,kro=1}->HttpConnection@7600172[p=HttpParser{s=START,0 of -1},g=HttpGenerator@51cec62b{s=START}]=>HttpChannelOverHttp@3b8c3d6f{s=HttpChannelState@3cf09cb6{s=IDLE rs=BLOCKING os=OPEN is=IDLE awp=false se=false i=true al=0},r=0,c=false/false,a=IDLE,uri=null,age=0} onFillable enter HttpChannelState@3cf09cb6{s=IDLE rs=BLOCKING os=OPEN is=IDLE awp=false se=false i=true al=0} null
13:18:46.362 [qtp1306936337-80] DEBUG org.eclipse.jetty.io.ChannelEndPoint - filled 197 HeapByteBuffer@517b6415[p=0,l=197,c=8192,r=197]={<<<GET /api/v0/components/pr...horization: Bearer \r\n\r\n>>>\n  "id" :...\x00\x00\x00\x00\x00\x00\x00}
13:18:46.363 [qtp1306936337-80] DEBUG org.eclipse.jetty.server.HttpConnection - HttpConnection@7600172::NetworkTrafficSocketChannelEndPoint@55807f1a{/127.0.0.1:65009<->/127.0.0.1:8080,OPEN,fill=-,flush=-,to=0/30000}{io=1/0,kio=1,kro=1}->HttpConnection@7600172[p=HttpParser{s=START,0 of -1},g=HttpGenerator@51cec62b{s=START}]=>HttpChannelOverHttp@3b8c3d6f{s=HttpChannelState@3cf09cb6{s=IDLE rs=BLOCKING os=OPEN is=IDLE awp=false se=false i=true al=0},r=0,c=false/false,a=IDLE,uri=null,age=0} filled 197 HeapByteBuffer@517b6415[p=0,l=197,c=8192,r=197]={<<<GET /api/v0/components/pr...horization: Bearer \r\n\r\n>>>\n  "id" :...\x00\x00\x00\x00\x00\x00\x00}
13:18:46.363 [qtp1306936337-80] DEBUG org.eclipse.jetty.server.HttpConnection - HttpConnection@7600172::NetworkTrafficSocketChannelEndPoint@55807f1a{/127.0.0.1:65009<->/127.0.0.1:8080,OPEN,fill=-,flush=-,to=0/30000}{io=1/0,kio=1,kro=1}->HttpConnection@7600172[p=HttpParser{s=START,0 of -1},g=HttpGenerator@51cec62b{s=START}]=>HttpChannelOverHttp@3b8c3d6f{s=HttpChannelState@3cf09cb6{s=IDLE rs=BLOCKING os=OPEN is=IDLE awp=false se=false i=true al=0},r=0,c=false/false,a=IDLE,uri=null,age=0} parse HeapByteBuffer@517b6415[p=0,l=197,c=8192,r=197]={<<<GET /api/v0/components/pr...horization: Bearer \r\n\r\n>>>\n  "id" :...\x00\x00\x00\x00\x00\x00\x00} {}
13:18:46.363 [qtp1306936337-80] DEBUG org.eclipse.jetty.http.HttpParser - parseNext s=START HeapByteBuffer@517b6415[p=0,l=197,c=8192,r=197]={<<<GET /api/v0/components/pr...horization: Bearer \r\n\r\n>>>\n  "id" :...\x00\x00\x00\x00\x00\x00\x00}
13:18:46.363 [qtp1306936337-80] DEBUG org.eclipse.jetty.http.HttpParser - START --> SPACE1
13:18:46.363 [qtp1306936337-80] DEBUG org.eclipse.jetty.http.HttpParser - SPACE1 --> URI
13:18:46.363 [qtp1306936337-80] DEBUG org.eclipse.jetty.http.HttpParser - URI --> SPACE2
13:18:46.363 [qtp1306936337-80] DEBUG org.eclipse.jetty.http.HttpParser - SPACE2 --> REQUEST_VERSION
13:18:46.363 [qtp1306936337-80] DEBUG org.eclipse.jetty.http.HttpParser - REQUEST_VERSION --> HEADER
13:18:46.363 [qtp1306936337-80] DEBUG org.eclipse.jetty.http.HttpParser - HEADER:User-Agent --> VALUE
13:18:46.363 [qtp1306936337-80] DEBUG org.eclipse.jetty.http.HttpParser - HEADER:User-Agent --> IN_VALUE
13:18:46.363 [qtp1306936337-80] DEBUG org.eclipse.jetty.http.HttpParser - HEADER:User-Agent --> FIELD
13:18:46.363 [qtp1306936337-80] DEBUG org.eclipse.jetty.http.HttpParser - HEADER:Host --> VALUE
13:18:46.363 [qtp1306936337-80] DEBUG org.eclipse.jetty.http.HttpParser - HEADER:Host --> IN_VALUE
13:18:46.363 [qtp1306936337-80] DEBUG org.eclipse.jetty.http.HttpParser - HEADER:Host --> FIELD
13:18:46.363 [qtp1306936337-80] DEBUG org.eclipse.jetty.http.HttpParser - HEADER:Accept: */* --> IN_VALUE
13:18:46.363 [qtp1306936337-80] DEBUG org.eclipse.jetty.http.HttpParser - HEADER:Accept: */* --> FIELD
13:18:46.363 [qtp1306936337-80] DEBUG org.eclipse.jetty.http.HttpParser - HEADER:Authorization --> VALUE
13:18:46.363 [qtp1306936337-80] DEBUG org.eclipse.jetty.http.HttpParser - HEADER:Authorization --> IN_VALUE
13:18:46.363 [qtp1306936337-80] DEBUG org.eclipse.jetty.http.HttpParser - HEADER:Authorization --> FIELD
13:18:46.363 [qtp1306936337-80] DEBUG org.eclipse.jetty.http.HttpParser - HEADER --> CONTENT
13:18:46.363 [qtp1306936337-80] DEBUG org.eclipse.jetty.server.HttpChannel - REQUEST for //localhost:8080/api/v0/components/products/63d3bec5-12c6-457b-b612-526e69cd65b7/questions/hidden on HttpChannelOverHttp@3b8c3d6f{s=HttpChannelState@3cf09cb6{s=IDLE rs=BLOCKING os=OPEN is=IDLE awp=false se=false i=true al=0},r=1,c=false/false,a=IDLE,uri=//localhost:8080/api/v0/components/products/63d3bec5-12c6-457b-b612-526e69cd65b7/questions/hidden,age=0}
GET //localhost:8080/api/v0/components/products/63d3bec5-12c6-457b-b612-526e69cd65b7/questions/hidden HTTP/1.1
User-Agent: ReactorNetty/0.9.7.RELEASE
Host: localhost:8080
Accept: */*
Authorization: Bearer


13:18:46.363 [qtp1306936337-80] DEBUG org.eclipse.jetty.server.HttpConnection - HttpConnection@7600172::NetworkTrafficSocketChannelEndPoint@55807f1a{/127.0.0.1:65009<->/127.0.0.1:8080,OPEN,fill=-,flush=-,to=0/30000}{io=1/0,kio=1,kro=1}->HttpConnection@7600172[p=HttpParser{s=CONTENT,0 of -1},g=HttpGenerator@51cec62b{s=START}]=>HttpChannelOverHttp@3b8c3d6f{s=HttpChannelState@3cf09cb6{s=IDLE rs=BLOCKING os=OPEN is=IDLE awp=false se=false i=true al=0},r=1,c=false/false,a=IDLE,uri=//localhost:8080/api/v0/components/products/63d3bec5-12c6-457b-b612-526e69cd65b7/questions/hidden,age=0} parsed true HttpParser{s=CONTENT,0 of -1}
13:18:46.363 [qtp1306936337-80] DEBUG org.eclipse.jetty.server.HttpConnection - releaseRequestBuffer HttpConnection@7600172::NetworkTrafficSocketChannelEndPoint@55807f1a{/127.0.0.1:65009<->/127.0.0.1:8080,OPEN,fill=-,flush=-,to=0/30000}{io=1/0,kio=1,kro=1}->HttpConnection@7600172[p=HttpParser{s=CONTENT,0 of -1},g=HttpGenerator@51cec62b{s=START}]=>HttpChannelOverHttp@3b8c3d6f{s=HttpChannelState@3cf09cb6{s=IDLE rs=BLOCKING os=OPEN is=IDLE awp=false se=false i=true al=0},r=1,c=false/false,a=IDLE,uri=//localhost:8080/api/v0/components/products/63d3bec5-12c6-457b-b612-526e69cd65b7/questions/hidden,age=0}
13:18:46.363 [qtp1306936337-80] DEBUG org.eclipse.jetty.server.HttpChannel - handle //localhost:8080/api/v0/components/products/63d3bec5-12c6-457b-b612-526e69cd65b7/questions/hidden HttpChannelOverHttp@3b8c3d6f{s=HttpChannelState@3cf09cb6{s=IDLE rs=BLOCKING os=OPEN is=IDLE awp=false se=false i=true al=0},r=1,c=false/false,a=IDLE,uri=//localhost:8080/api/v0/components/products/63d3bec5-12c6-457b-b612-526e69cd65b7/questions/hidden,age=0} 
13:18:46.363 [qtp1306936337-80] DEBUG org.eclipse.jetty.server.HttpChannelState - handling HttpChannelState@3cf09cb6{s=IDLE rs=BLOCKING os=OPEN is=IDLE awp=false se=false i=true al=0}
13:18:46.363 [qtp1306936337-80] DEBUG org.eclipse.jetty.server.HttpChannel - action DISPATCH HttpChannelOverHttp@3b8c3d6f{s=HttpChannelState@3cf09cb6{s=HANDLING rs=BLOCKING os=OPEN is=IDLE awp=false se=false i=true al=0},r=1,c=false/false,a=HANDLING,uri=//localhost:8080/api/v0/components/products/63d3bec5-12c6-457b-b612-526e69cd65b7/questions/hidden,age=0}
13:18:46.364 [qtp1306936337-80] DEBUG org.eclipse.jetty.server.Server - REQUEST GET /api/v0/components/products/63d3bec5-12c6-457b-b612-526e69cd65b7/questions/hidden on HttpChannelOverHttp@3b8c3d6f{s=HttpChannelState@3cf09cb6{s=HANDLING rs=BLOCKING os=OPEN is=IDLE awp=false se=false i=true al=0},r=1,c=false/false,a=HANDLING,uri=//localhost:8080/api/v0/components/products/63d3bec5-12c6-457b-b612-526e69cd65b7/questions/hidden,age=1}
13:18:46.364 [qtp1306936337-80] DEBUG org.eclipse.jetty.server.handler.ContextHandler - scope null||/api/v0/components/products/63d3bec5-12c6-457b-b612-526e69cd65b7/questions/hidden @ o.e.j.s.ServletContextHandler@2cd6911d{/__admin,null,AVAILABLE}
13:18:46.364 [qtp1306936337-80] DEBUG org.eclipse.jetty.server.handler.gzip.GzipHandler - GzipHandler@3fde4138{STARTED,min=32,inflate=-1} handle Request(GET //localhost:8080/api/v0/components/products/63d3bec5-12c6-457b-b612-526e69cd65b7/questions/hidden)@b0c83a8 in null
13:18:46.364 [qtp1306936337-80] DEBUG org.eclipse.jetty.server.handler.ContextHandler - scope null||/api/v0/components/products/63d3bec5-12c6-457b-b612-526e69cd65b7/questions/hidden @ o.e.j.s.ServletContextHandler@2611918a{/,null,AVAILABLE}
13:18:46.364 [qtp1306936337-80] DEBUG org.eclipse.jetty.server.handler.ContextHandler - context=||/api/v0/components/products/63d3bec5-12c6-457b-b612-526e69cd65b7/questions/hidden @ o.e.j.s.ServletContextHandler@2611918a{/,null,AVAILABLE}
13:18:46.364 [qtp1306936337-80] DEBUG org.eclipse.jetty.servlet.ServletHandler - servlet |/api/v0/components/products/63d3bec5-12c6-457b-b612-526e69cd65b7/questions/hidden|null -> com.github.tomakehurst.wiremock.servlet.WireMockHandlerDispatchingServlet-266bbd62@32adf47c==com.github.tomakehurst.wiremock.servlet.WireMockHandlerDispatchingServlet,jsp=null,order=-1,inst=true,async=true
13:18:46.364 [qtp1306936337-80] DEBUG org.eclipse.jetty.servlet.ServletHandler - chain=org.eclipse.jetty.servlets.CrossOriginFilter-6566cf02@6566cf02==org.eclipse.jetty.servlets.CrossOriginFilter,inst=true,async=true->com.github.tomakehurst.wiremock.servlet.WireMockHandlerDispatchingServlet-266bbd62@32adf47c==com.github.tomakehurst.wiremock.servlet.WireMockHandlerDispatchingServlet,jsp=null,order=-1,inst=true,async=true
13:18:46.364 [qtp1306936337-80] DEBUG org.eclipse.jetty.servlet.ServletHandler - call filter org.eclipse.jetty.servlets.CrossOriginFilter-6566cf02@6566cf02==org.eclipse.jetty.servlets.CrossOriginFilter,inst=true,async=true
13:18:46.364 [qtp1306936337-80] DEBUG org.eclipse.jetty.servlet.ServletHandler - call servlet com.github.tomakehurst.wiremock.servlet.WireMockHandlerDispatchingServlet-266bbd62@32adf47c==com.github.tomakehurst.wiremock.servlet.WireMockHandlerDispatchingServlet,jsp=null,order=-1,inst=true,async=true
13:18:46.365 [qtp1306936337-80] DEBUG org.eclipse.jetty.io.ChannelEndPoint - filled 0 HeapByteBuffer@517b6415[p=0,l=0,c=8192,r=0]={<<<>>>GET /api/...\x00\x00\x00\x00\x00\x00\x00}
13:18:46.365 [qtp1306936337-80] DEBUG org.eclipse.jetty.io.ChannelEndPoint - filled 0 HeapByteBuffer@517b6415[p=0,l=0,c=8192,r=0]={<<<>>>GET /api/...\x00\x00\x00\x00\x00\x00\x00}
13:18:46.365 [qtp1306936337-80] DEBUG org.eclipse.jetty.server.HttpConnection - HttpConnection@7600172::NetworkTrafficSocketChannelEndPoint@55807f1a{/127.0.0.1:65009<->/127.0.0.1:8080,OPEN,fill=-,flush=-,to=2/30000}{io=1/0,kio=1,kro=1}->HttpConnection@7600172[p=HttpParser{s=CONTENT,0 of -1},g=HttpGenerator@51cec62b{s=START}]=>HttpChannelOverHttp@3b8c3d6f{s=HttpChannelState@3cf09cb6{s=HANDLING rs=BLOCKING os=OPEN is=IDLE awp=false se=false i=true al=0},r=1,c=false/false,a=HANDLING,uri=//localhost:8080/api/v0/components/products/63d3bec5-12c6-457b-b612-526e69cd65b7/questions/hidden,age=2} filled 0 HeapByteBuffer@517b6415[p=0,l=0,c=8192,r=0]={<<<>>>GET /api/...\x00\x00\x00\x00\x00\x00\x00}
13:18:46.365 [qtp1306936337-80] DEBUG org.eclipse.jetty.server.HttpConnection - HttpConnection@7600172::NetworkTrafficSocketChannelEndPoint@55807f1a{/127.0.0.1:65009<->/127.0.0.1:8080,OPEN,fill=-,flush=-,to=2/30000}{io=1/0,kio=1,kro=1}->HttpConnection@7600172[p=HttpParser{s=CONTENT,0 of -1},g=HttpGenerator@51cec62b{s=START}]=>HttpChannelOverHttp@3b8c3d6f{s=HttpChannelState@3cf09cb6{s=HANDLING rs=BLOCKING os=OPEN is=IDLE awp=false se=false i=true al=0},r=1,c=false/false,a=HANDLING,uri=//localhost:8080/api/v0/components/products/63d3bec5-12c6-457b-b612-526e69cd65b7/questions/hidden,age=2} parse HeapByteBuffer@517b6415[p=0,l=0,c=8192,r=0]={<<<>>>GET /api/...\x00\x00\x00\x00\x00\x00\x00} {}
13:18:46.365 [qtp1306936337-80] DEBUG org.eclipse.jetty.http.HttpParser - parseNext s=CONTENT HeapByteBuffer@517b6415[p=0,l=0,c=8192,r=0]={<<<>>>GET /api/...\x00\x00\x00\x00\x00\x00\x00}
13:18:46.365 [qtp1306936337-80] DEBUG org.eclipse.jetty.http.HttpParser - CONTENT --> CONTENT_END
13:18:46.365 [qtp1306936337-80] DEBUG org.eclipse.jetty.server.HttpChannel - onContentComplete HttpChannelOverHttp@3b8c3d6f{s=HttpChannelState@3cf09cb6{s=HANDLING rs=BLOCKING os=OPEN is=IDLE awp=false se=false i=true al=0},r=1,c=false/false,a=HANDLING,uri=//localhost:8080/api/v0/components/products/63d3bec5-12c6-457b-b612-526e69cd65b7/questions/hidden,age=2}
13:18:46.365 [qtp1306936337-80] DEBUG org.eclipse.jetty.http.HttpParser - CONTENT_END --> END
13:18:46.365 [qtp1306936337-80] DEBUG org.eclipse.jetty.server.HttpChannel - onRequestComplete HttpChannelOverHttp@3b8c3d6f{s=HttpChannelState@3cf09cb6{s=HANDLING rs=BLOCKING os=OPEN is=IDLE awp=false se=false i=true al=0},r=1,c=false/false,a=HANDLING,uri=//localhost:8080/api/v0/components/products/63d3bec5-12c6-457b-b612-526e69cd65b7/questions/hidden,age=2}
13:18:46.365 [qtp1306936337-80] DEBUG org.eclipse.jetty.server.HttpInput - HttpInputOverHTTP@1936993c[c=0,q=0,[0]=null,s=STREAM] addContent EOF
13:18:46.365 [qtp1306936337-80] DEBUG org.eclipse.jetty.server.HttpConnection - HttpConnection@7600172::NetworkTrafficSocketChannelEndPoint@55807f1a{/127.0.0.1:65009<->/127.0.0.1:8080,OPEN,fill=-,flush=-,to=2/30000}{io=1/0,kio=1,kro=1}->HttpConnection@7600172[p=HttpParser{s=END,0 of -1},g=HttpGenerator@51cec62b{s=START}]=>HttpChannelOverHttp@3b8c3d6f{s=HttpChannelState@3cf09cb6{s=HANDLING rs=BLOCKING os=OPEN is=IDLE awp=false se=false i=true al=0},r=1,c=false/false,a=HANDLING,uri=//localhost:8080/api/v0/components/products/63d3bec5-12c6-457b-b612-526e69cd65b7/questions/hidden,age=2} parsed false HttpParser{s=END,0 of -1}
13:18:46.365 [qtp1306936337-80] DEBUG org.eclipse.jetty.server.HttpConnection - releaseRequestBuffer HttpConnection@7600172::NetworkTrafficSocketChannelEndPoint@55807f1a{/127.0.0.1:65009<->/127.0.0.1:8080,OPEN,fill=-,flush=-,to=2/30000}{io=1/0,kio=1,kro=1}->HttpConnection@7600172[p=HttpParser{s=END,0 of -1},g=HttpGenerator@51cec62b{s=START}]=>HttpChannelOverHttp@3b8c3d6f{s=HttpChannelState@3cf09cb6{s=HANDLING rs=BLOCKING os=OPEN is=IDLE awp=false se=false i=true al=0},r=1,c=false/false,a=HANDLING,uri=//localhost:8080/api/v0/components/products/63d3bec5-12c6-457b-b612-526e69cd65b7/questions/hidden,age=2}
13:18:46.365 [qtp1306936337-80] DEBUG org.eclipse.jetty.server.HttpChannelState - onEof HttpChannelState@3cf09cb6{s=HANDLING rs=BLOCKING os=OPEN is=IDLE awp=false se=false i=true al=0}
13:18:46.370 [qtp1306936337-82] DEBUG org.eclipse.jetty.io.ManagedSelector - Created NetworkTrafficSocketChannelEndPoint@55807f1a{/127.0.0.1:65009<->/127.0.0.1:8080,OPEN,fill=FI,flush=-,to=0/30000}{io=1/0,kio=1,kro=1}->HttpConnection@7600172[p=HttpParser{s=END,0 of -1},g=HttpGenerator@51cec62b{s=START}]=>HttpChannelOverHttp@3b8c3d6f{s=HttpChannelState@3cf09cb6{s=HANDLING rs=BLOCKING os=OPEN is=READY awp=false se=false i=true al=0},r=1,c=false/false,a=HANDLING,uri=//localhost:8080/api/v0/components/products/63d3bec5-12c6-457b-b612-526e69cd65b7/questions/hidden,age=6}
13:18:46.370 [qtp1306936337-82] DEBUG org.eclipse.jetty.util.thread.QueuedThreadPool - ran org.eclipse.jetty.io.ManagedSelector$Accept@1d2cfe4d in QueuedThreadPool[qtp1306936337]@4de64411{STARTED,8<=9<=14,i=1,r=1,q=0}[ReservedThreadExecutor@47ca1bcb{s=0/1,p=1}]
13:18:46.370 [qtp1306936337-82] DEBUG org.eclipse.jetty.util.thread.QueuedThreadPool - run ReservedThreadExecutor@47ca1bcb{s=0/1,p=1}@74babfcf in QueuedThreadPool[qtp1306936337]@4de64411{STARTED,8<=9<=14,i=2,r=1,q=0}[ReservedThreadExecutor@47ca1bcb{s=0/1,p=1}]
13:18:46.370 [qtp1306936337-82] DEBUG org.eclipse.jetty.util.thread.ReservedThreadExecutor - ReservedThreadExecutor@47ca1bcb{s=1/1,p=1}@74babfcf started
13:18:46.370 [qtp1306936337-82] DEBUG org.eclipse.jetty.util.thread.ReservedThreadExecutor - ReservedThreadExecutor@47ca1bcb{s=1/1,p=0}@74babfcf waiting
13:18:46.371 [qtp1306936337-74] DEBUG org.eclipse.jetty.util.thread.ReservedThreadExecutor - ReservedThreadExecutor@47ca1bcb{s=1/1,p=0}@2ef4092c task=EatWhatYouKill@219ee2d7/SelectorProducer@374b812e/IDLE/p=true/QueuedThreadPool[qtp1306936337]@4de64411{STARTED,8<=9<=14,i=2,r=1,q=0}[ReservedThreadExecutor@47ca1bcb{s=1/1,p=0}][pc=0,pic=0,pec=1,epc=2]@2020-09-25T13:18:46.3711752+02:00
13:18:46.371 [qtp1306936337-74] DEBUG org.eclipse.jetty.util.thread.strategy.EatWhatYouKill - EatWhatYouKill@219ee2d7/SelectorProducer@374b812e/IDLE/p=true/QueuedThreadPool[qtp1306936337]@4de64411{STARTED,8<=9<=14,i=2,r=1,q=0}[ReservedThreadExecutor@47ca1bcb{s=1/1,p=0}][pc=0,pic=0,pec=1,epc=2]@2020-09-25T13:18:46.3711752+02:00 tryProduce true
13:18:46.371 [qtp1306936337-74] DEBUG org.eclipse.jetty.io.ManagedSelector - updateable 0
13:18:46.371 [qtp1306936337-74] DEBUG org.eclipse.jetty.io.ManagedSelector - updates 0
13:18:46.372 [qtp1306936337-74] DEBUG org.eclipse.jetty.io.ChannelEndPoint - Key interests updated 1 -> 0 on NetworkTrafficSocketChannelEndPoint@55807f1a{/127.0.0.1:65009<->/127.0.0.1:8080,OPEN,fill=-,flush=-,to=9/30000}{io=0/0,kio=0,kro=1}->HttpConnection@7600172[p=HttpParser{s=END,0 of -1},g=HttpGenerator@51cec62b{s=START}]=>HttpChannelOverHttp@3b8c3d6f{s=HttpChannelState@3cf09cb6{s=HANDLING rs=BLOCKING os=OPEN is=READY awp=false se=false i=true al=0},r=1,c=false/false,a=HANDLING,uri=//localhost:8080/api/v0/components/products/63d3bec5-12c6-457b-b612-526e69cd65b7/questions/hidden,age=9}
13:18:46.372 [qtp1306936337-74] DEBUG org.eclipse.jetty.io.ManagedSelector - Selector sun.nio.ch.WindowsSelectorImpl@23943410 waiting with 2 keys
13:18:48.355 [reactor-http-nio-4] WARN reactor.netty.http.client.HttpClientConnect - [id: 0x38e4cfb7, L:/127.0.0.1:65009 - R:localhost/127.0.0.1:8080] The connection observed an error
io.netty.handler.timeout.ReadTimeoutException: null
13:18:48.356 [reactor-http-nio-4] DEBUG org.springframework.web.reactive.function.client.ExchangeFunctions - [7887d6f5] Cancel signal (to close connection)
13:18:48.365 [reactor-http-nio-4] DEBUG reactor.netty.resources.PooledConnectionProvider - [id: 0x38e4cfb7, L:/127.0.0.1:65009 ! R:localhost/127.0.0.1:8080] Channel closed, now 0 active connections and 0 inactive connections
13:18:48.365 [reactor-http-nio-4] DEBUG reactor.netty.ReactorNetty - [id: 0x38e4cfb7, L:/127.0.0.1:65009 ! R:localhost/127.0.0.1:8080] Non Removed handler: ReadTimeoutHandler, context: ChannelHandlerContext(ReadTimeoutHandler, [id: 0x38e4cfb7, L:/127.0.0.1:65009 ! R:localhost/127.0.0.1:8080]), pipeline: DefaultChannelPipeline{(reactor.left.httpCodec = io.netty.handler.codec.http.HttpClientCodec), (ReadTimeoutHandler = io.netty.handler.timeout.ReadTimeoutHandler), (WriteTimeoutHandler = io.netty.handler.timeout.WriteTimeoutHandler), (reactor.right.reactiveBridge = reactor.netty.channel.ChannelOperationsHandler)}
13:18:48.365 [reactor-http-nio-4] DEBUG reactor.netty.ReactorNetty - [id: 0x38e4cfb7, L:/127.0.0.1:65009 ! R:localhost/127.0.0.1:8080] Non Removed handler: WriteTimeoutHandler, context: ChannelHandlerContext(WriteTimeoutHandler, [id: 0x38e4cfb7, L:/127.0.0.1:65009 ! R:localhost/127.0.0.1:8080]), pipeline: DefaultChannelPipeline{(reactor.left.httpCodec = io.netty.handler.codec.http.HttpClientCodec), (ReadTimeoutHandler = io.netty.handler.timeout.ReadTimeoutHandler), (WriteTimeoutHandler = io.netty.handler.timeout.WriteTimeoutHandler), (reactor.right.reactiveBridge = reactor.netty.channel.ChannelOperationsHandler)}
13:18:48.365 [reactor-http-nio-4] DEBUG reactor.netty.resources.PooledConnectionProvider - [id: 0x38e4cfb7, L:/127.0.0.1:65009 ! R:localhost/127.0.0.1:8080] onStateChange(GET{uri=/api/v0/components/products/63d3bec5-12c6-457b-b612-526e69cd65b7/questions/hidden, connection=PooledConnection{channel=[id: 0x38e4cfb7, L:/127.0.0.1:65009 ! R:localhost/127.0.0.1:8080]}}, [disconnecting])
13:18:48.369 [Test worker] DEBUG org.eclipse.jetty.util.component.AbstractLifeCycle - stopping Server@2b8946b9{STARTED}[9.4.28.v20200408]
13:18:48.369 [Test worker] DEBUG org.eclipse.jetty.server.Server - doStop Server@2b8946b9{STOPPING}[9.4.28.v20200408]
13:18:48.369 [Test worker] DEBUG org.eclipse.jetty.util.component.AbstractLifeCycle - stopping NetworkTrafficServerConnector@1c37fc0{HTTP/1.1, (http/1.1)}{0.0.0.0:8080}
13:18:48.369 [Test worker] DEBUG org.eclipse.jetty.util.component.AbstractLifeCycle - stopping SelectorManager@NetworkTrafficServerConnector@1c37fc0{HTTP/1.1, (http/1.1)}{0.0.0.0:8080}
13:18:48.369 [Test worker] DEBUG org.eclipse.jetty.util.component.AbstractLifeCycle - stopping ManagedSelector@4483ebf{STARTED} id=1 keys=2 selected=0 updates=0
13:18:48.370 [Test worker] DEBUG org.eclipse.jetty.io.ManagedSelector - Queued change org.eclipse.jetty.io.ManagedSelector$CloseConnections@7bd390ca on ManagedSelector@4483ebf{STOPPING} id=1 keys=2 selected=0 updates=0
13:18:48.370 [Test worker] DEBUG org.eclipse.jetty.io.ManagedSelector - Wakeup on submit ManagedSelector@4483ebf{STOPPING} id=1 keys=2 selected=0 updates=1
13:18:48.370 [qtp1306936337-75] DEBUG org.eclipse.jetty.util.thread.QueuedThreadPool - ran qtp1306936337-75-acceptor-0@4284a2c4-NetworkTrafficServerConnector@1c37fc0{HTTP/1.1, (http/1.1)}{0.0.0.0:8080} in QueuedThreadPool[qtp1306936337]@4de64411{STARTED,8<=9<=14,i=2,r=1,q=0}[ReservedThreadExecutor@47ca1bcb{s=1/1,p=0}]
13:18:48.370 [qtp1306936337-74] DEBUG org.eclipse.jetty.io.ManagedSelector - Selector sun.nio.ch.WindowsSelectorImpl@23943410 woken with none selected
13:18:48.370 [qtp1306936337-74] DEBUG org.eclipse.jetty.io.ManagedSelector - Selector sun.nio.ch.WindowsSelectorImpl@23943410 woken up from select, 0/0/2 selected
13:18:48.370 [qtp1306936337-74] DEBUG org.eclipse.jetty.io.ManagedSelector - Selector sun.nio.ch.WindowsSelectorImpl@23943410 processing 0 keys, 1 updates
13:18:48.370 [qtp1306936337-74] DEBUG org.eclipse.jetty.io.ManagedSelector - updateable 1
13:18:48.370 [qtp1306936337-74] DEBUG org.eclipse.jetty.io.ManagedSelector - update org.eclipse.jetty.io.ManagedSelector$CloseConnections@7bd390ca
13:18:48.370 [qtp1306936337-74] DEBUG org.eclipse.jetty.io.ManagedSelector - Closing 2 connections on ManagedSelector@4483ebf{STOPPING} id=1 keys=2 selected=0 updates=0
13:18:48.370 [qtp1306936337-74] DEBUG org.eclipse.jetty.io.AbstractEndPoint - close NetworkTrafficSocketChannelEndPoint@3dd6e08f{/127.0.0.1:65003<->/127.0.0.1:8080,OPEN,fill=FI,flush=-,to=9478/30000}{io=1/1,kio=1,kro=1}->HttpConnection@7874472c[p=HttpParser{s=START,0 of -1},g=HttpGenerator@4394a256{s=START}]=>HttpChannelOverHttp@372e8bff{s=HttpChannelState@722c137e{s=IDLE rs=BLOCKING os=OPEN is=IDLE awp=false se=false i=true al=0},r=1,c=false/false,a=IDLE,uri=null,age=0}
13:18:48.370 [qtp1306936337-74] DEBUG org.eclipse.jetty.io.AbstractEndPoint - close(null) NetworkTrafficSocketChannelEndPoint@3dd6e08f{/127.0.0.1:65003<->/127.0.0.1:8080,OPEN,fill=FI,flush=-,to=9478/30000}{io=1/1,kio=1,kro=1}->HttpConnection@7874472c[p=HttpParser{s=START,0 of -1},g=HttpGenerator@4394a256{s=START}]=>HttpChannelOverHttp@372e8bff{s=HttpChannelState@722c137e{s=IDLE rs=BLOCKING os=OPEN is=IDLE awp=false se=false i=true al=0},r=1,c=false/false,a=IDLE,uri=null,age=0}
13:18:48.370 [qtp1306936337-74] DEBUG org.eclipse.jetty.io.ChannelEndPoint - doClose NetworkTrafficSocketChannelEndPoint@3dd6e08f{/127.0.0.1:65003<->/127.0.0.1:8080,CLOSED,fill=FI,flush=-,to=9479/30000}{io=1/1,kio=1,kro=1}->HttpConnection@7874472c[p=HttpParser{s=START,0 of -1},g=HttpGenerator@4394a256{s=START}]=>HttpChannelOverHttp@372e8bff{s=HttpChannelState@722c137e{s=IDLE rs=BLOCKING os=OPEN is=IDLE awp=false se=false i=true al=0},r=1,c=false/false,a=IDLE,uri=null,age=0}
13:18:48.371 [qtp1306936337-74] DEBUG org.eclipse.jetty.io.FillInterest - onClose FillInterest@26a8a8{AC.ReadCB@7874472c{HttpConnection@7874472c::NetworkTrafficSocketChannelEndPoint@3dd6e08f{/127.0.0.1:65003<->/127.0.0.1:8080,CLOSED,fill=FI,flush=-,to=9479/30000}{io=1/1,kio=-1,kro=-1}->HttpConnection@7874472c[p=HttpParser{s=START,0 of -1},g=HttpGenerator@4394a256{s=START}]=>HttpChannelOverHttp@372e8bff{s=HttpChannelState@722c137e{s=IDLE rs=BLOCKING os=OPEN is=IDLE awp=false se=false i=true al=0},r=1,c=false/false,a=IDLE,uri=null,age=0}}}
13:18:48.371 [qtp1306936337-74] DEBUG org.eclipse.jetty.http.HttpParser - close HttpParser{s=START,0 of -1}
13:18:48.371 [qtp1306936337-74] DEBUG org.eclipse.jetty.http.HttpParser - START --> CLOSE
13:18:48.371 [qtp1306936337-74] DEBUG org.eclipse.jetty.io.AbstractConnection - HttpConnection@7874472c::NetworkTrafficSocketChannelEndPoint@3dd6e08f{/127.0.0.1:65003<->/127.0.0.1:8080,CLOSED,fill=-,flush=-,to=9479/30000}{io=1/1,kio=-1,kro=-1}->HttpConnection@7874472c[p=HttpParser{s=CLOSE,0 of -1},g=HttpGenerator@4394a256{s=START}]=>HttpChannelOverHttp@372e8bff{s=HttpChannelState@722c137e{s=IDLE rs=BLOCKING os=OPEN is=IDLE awp=false se=false i=true al=0},r=1,c=false/false,a=IDLE,uri=null,age=0} onFillInterestedFailed {}
13:18:48.371 [qtp1306936337-74] DEBUG org.eclipse.jetty.io.ManagedSelector - Wakeup ManagedSelector@4483ebf{STOPPING} id=1 keys=2 selected=0 updates=0
13:18:48.371 [qtp1306936337-74] DEBUG org.eclipse.jetty.util.thread.QueuedThreadPool - queue org.eclipse.jetty.io.ManagedSelector$DestroyEndPoint@4d28e8de startThread=0
13:18:48.371 [qtp1306936337-74] DEBUG org.eclipse.jetty.io.AbstractEndPoint - close NetworkTrafficSocketChannelEndPoint@55807f1a{/127.0.0.1:65009<->/127.0.0.1:8080,OPEN,fill=-,flush=-,to=2009/30000}{io=0/0,kio=0,kro=1}->HttpConnection@7600172[p=HttpParser{s=END,0 of -1},g=HttpGenerator@51cec62b{s=START}]=>HttpChannelOverHttp@3b8c3d6f{s=HttpChannelState@3cf09cb6{s=HANDLING rs=BLOCKING os=OPEN is=READY awp=false se=false i=true al=0},r=1,c=false/false,a=HANDLING,uri=//localhost:8080/api/v0/components/products/63d3bec5-12c6-457b-b612-526e69cd65b7/questions/hidden,age=2008}
13:18:48.371 [qtp1306936337-74] DEBUG org.eclipse.jetty.io.AbstractEndPoint - close(null) NetworkTrafficSocketChannelEndPoint@55807f1a{/127.0.0.1:65009<->/127.0.0.1:8080,OPEN,fill=-,flush=-,to=2009/30000}{io=0/0,kio=0,kro=1}->HttpConnection@7600172[p=HttpParser{s=END,0 of -1},g=HttpGenerator@51cec62b{s=START}]=>HttpChannelOverHttp@3b8c3d6f{s=HttpChannelState@3cf09cb6{s=HANDLING rs=BLOCKING os=OPEN is=READY awp=false se=false i=true al=0},r=1,c=false/false,a=HANDLING,uri=//localhost:8080/api/v0/components/products/63d3bec5-12c6-457b-b612-526e69cd65b7/questions/hidden,age=2008}
13:18:48.371 [qtp1306936337-74] DEBUG org.eclipse.jetty.io.ChannelEndPoint - doClose NetworkTrafficSocketChannelEndPoint@55807f1a{/127.0.0.1:65009<->/127.0.0.1:8080,CLOSED,fill=-,flush=-,to=2010/30000}{io=0/0,kio=0,kro=1}->HttpConnection@7600172[p=HttpParser{s=END,0 of -1},g=HttpGenerator@51cec62b{s=START}]=>HttpChannelOverHttp@3b8c3d6f{s=HttpChannelState@3cf09cb6{s=HANDLING rs=BLOCKING os=OPEN is=READY awp=false se=false i=true al=0},r=1,c=false/false,a=HANDLING,uri=//localhost:8080/api/v0/components/products/63d3bec5-12c6-457b-b612-526e69cd65b7/questions/hidden,age=2008}
13:18:48.372 [qtp1306936337-74] DEBUG org.eclipse.jetty.io.FillInterest - onClose FillInterest@bf3ee38{null}
13:18:48.372 [qtp1306936337-74] DEBUG org.eclipse.jetty.io.ManagedSelector - Wakeup ManagedSelector@4483ebf{STOPPING} id=1 keys=2 selected=0 updates=0
13:18:48.372 [qtp1306936337-74] DEBUG org.eclipse.jetty.util.thread.QueuedThreadPool - queue org.eclipse.jetty.io.ManagedSelector$DestroyEndPoint@25be448b startThread=0
13:18:48.372 [qtp1306936337-74] DEBUG org.eclipse.jetty.io.ManagedSelector - updates 0
13:18:48.372 [qtp1306936337-74] DEBUG org.eclipse.jetty.io.ManagedSelector - Selector sun.nio.ch.WindowsSelectorImpl@23943410 waiting with 2 keys
13:18:48.373 [qtp1306936337-78] DEBUG org.eclipse.jetty.util.thread.QueuedThreadPool - run org.eclipse.jetty.io.ManagedSelector$DestroyEndPoint@4d28e8de in QueuedThreadPool[qtp1306936337]@4de64411{STARTED,8<=9<=14,i=1,r=1,q=0}[ReservedThreadExecutor@47ca1bcb{s=1/1,p=0}]
13:18:48.373 [qtp1306936337-78] DEBUG org.eclipse.jetty.io.ManagedSelector - Destroyed NetworkTrafficSocketChannelEndPoint@3dd6e08f{/127.0.0.1:65003<->/127.0.0.1:8080,CLOSED,fill=-,flush=-,to=9481/30000}{io=1/1,kio=-1,kro=-1}->HttpConnection@7874472c[p=HttpParser{s=CLOSE,0 of -1},g=HttpGenerator@4394a256{s=START}]=>HttpChannelOverHttp@372e8bff{s=HttpChannelState@722c137e{s=IDLE rs=BLOCKING os=OPEN is=IDLE awp=false se=false i=true al=0},r=1,c=false/false,a=IDLE,uri=null,age=0}
13:18:48.373 [qtp1306936337-78] DEBUG org.eclipse.jetty.io.AbstractConnection - onClose HttpConnection@7874472c::NetworkTrafficSocketChannelEndPoint@3dd6e08f{/127.0.0.1:65003<->/127.0.0.1:8080,CLOSED,fill=-,flush=-,to=9481/30000}{io=1/1,kio=-1,kro=-1}->HttpConnection@7874472c[p=HttpParser{s=CLOSE,0 of -1},g=HttpGenerator@4394a256{s=START}]=>HttpChannelOverHttp@372e8bff{s=HttpChannelState@722c137e{s=IDLE rs=BLOCKING os=OPEN is=IDLE awp=false se=false i=true al=0},r=1,c=false/false,a=IDLE,uri=null,age=0}
13:18:48.373 [qtp1306936337-78] DEBUG org.eclipse.jetty.util.thread.QueuedThreadPool - ran org.eclipse.jetty.io.ManagedSelector$DestroyEndPoint@4d28e8de in QueuedThreadPool[qtp1306936337]@4de64411{STARTED,8<=9<=14,i=1,r=1,q=0}[ReservedThreadExecutor@47ca1bcb{s=1/1,p=0}]
13:18:48.373 [qtp1306936337-78] DEBUG org.eclipse.jetty.util.thread.QueuedThreadPool - run org.eclipse.jetty.io.ManagedSelector$DestroyEndPoint@25be448b in QueuedThreadPool[qtp1306936337]@4de64411{STARTED,8<=9<=14,i=2,r=1,q=0}[ReservedThreadExecutor@47ca1bcb{s=1/1,p=0}]
13:18:48.374 [qtp1306936337-78] DEBUG org.eclipse.jetty.io.ManagedSelector - Destroyed NetworkTrafficSocketChannelEndPoint@55807f1a{/127.0.0.1:65009<->/127.0.0.1:8080,CLOSED,fill=-,flush=-,to=2011/30000}{io=0/0,kio=-1,kro=-1}->HttpConnection@7600172[p=HttpParser{s=END,0 of -1},g=HttpGenerator@51cec62b{s=START}]=>HttpChannelOverHttp@3b8c3d6f{s=HttpChannelState@3cf09cb6{s=HANDLING rs=BLOCKING os=OPEN is=READY awp=false se=false i=true al=0},r=1,c=false/false,a=HANDLING,uri=//localhost:8080/api/v0/components/products/63d3bec5-12c6-457b-b612-526e69cd65b7/questions/hidden,age=2011}
13:18:48.374 [qtp1306936337-78] DEBUG org.eclipse.jetty.io.AbstractConnection - onClose HttpConnection@7600172::NetworkTrafficSocketChannelEndPoint@55807f1a{/127.0.0.1:65009<->/127.0.0.1:8080,CLOSED,fill=-,flush=-,to=2012/30000}{io=0/0,kio=-1,kro=-1}->HttpConnection@7600172[p=HttpParser{s=END,0 of -1},g=HttpGenerator@51cec62b{s=START}]=>HttpChannelOverHttp@3b8c3d6f{s=HttpChannelState@3cf09cb6{s=HANDLING rs=BLOCKING os=OPEN is=READY awp=false se=false i=true al=0},r=1,c=false/false,a=HANDLING,uri=//localhost:8080/api/v0/components/products/63d3bec5-12c6-457b-b612-526e69cd65b7/questions/hidden,age=2011}
13:18:48.374 [qtp1306936337-78] DEBUG org.eclipse.jetty.util.thread.QueuedThreadPool - ran org.eclipse.jetty.io.ManagedSelector$DestroyEndPoint@25be448b in QueuedThreadPool[qtp1306936337]@4de64411{STARTED,8<=9<=14,i=2,r=1,q=0}[ReservedThreadExecutor@47ca1bcb{s=1/1,p=0}]
13:18:48.375 [Test worker] DEBUG org.eclipse.jetty.io.ManagedSelector - Queued change org.eclipse.jetty.io.ManagedSelector$StopSelector@4eec53f1 on ManagedSelector@4483ebf{STOPPING} id=1 keys=0 selected=0 updates=0
13:18:48.375 [Test worker] DEBUG org.eclipse.jetty.io.ManagedSelector - Wakeup on submit ManagedSelector@4483ebf{STOPPING} id=1 keys=0 selected=0 updates=1
13:18:48.375 [qtp1306936337-74] DEBUG org.eclipse.jetty.io.ManagedSelector - Selector sun.nio.ch.WindowsSelectorImpl@23943410 woken with none selected
13:18:48.375 [qtp1306936337-74] DEBUG org.eclipse.jetty.io.ManagedSelector - Selector sun.nio.ch.WindowsSelectorImpl@23943410 woken up from select, 0/0/0 selected
13:18:48.375 [qtp1306936337-74] DEBUG org.eclipse.jetty.io.ManagedSelector - Selector sun.nio.ch.WindowsSelectorImpl@23943410 processing 0 keys, 1 updates
13:18:48.375 [qtp1306936337-74] DEBUG org.eclipse.jetty.io.ManagedSelector - updateable 1
13:18:48.375 [qtp1306936337-74] DEBUG org.eclipse.jetty.io.ManagedSelector - update org.eclipse.jetty.io.ManagedSelector$StopSelector@4eec53f1
13:18:48.375 [qtp1306936337-74] DEBUG org.eclipse.jetty.io.ManagedSelector - updates 0
13:18:48.375 [qtp1306936337-74] DEBUG org.eclipse.jetty.util.thread.ReservedThreadExecutor - ReservedThreadExecutor@47ca1bcb{s=1/1,p=0}@2ef4092c size 1 > capacity
13:18:48.375 [qtp1306936337-74] DEBUG org.eclipse.jetty.util.thread.QueuedThreadPool - ran ReservedThreadExecutor@47ca1bcb{s=1/1,p=0}@2ef4092c in QueuedThreadPool[qtp1306936337]@4de64411{STARTED,8<=9<=14,i=3,r=1,q=0}[ReservedThreadExecutor@47ca1bcb{s=1/1,p=0}]
13:18:48.376 [Test worker] DEBUG org.eclipse.jetty.util.component.AbstractLifeCycle - stopping EatWhatYouKill@219ee2d7/SelectorProducer@374b812e/IDLE/p=false/QueuedThreadPool[qtp1306936337]@4de64411{STARTED,8<=9<=14,i=4,r=1,q=0}[ReservedThreadExecutor@47ca1bcb{s=1/1,p=0}][pc=0,pic=0,pec=1,epc=2]@2020-09-25T13:18:48.3769711+02:00
13:18:48.377 [Test worker] DEBUG org.eclipse.jetty.util.component.AbstractLifeCycle - STOPPED EatWhatYouKill@219ee2d7/SelectorProducer@374b812e/IDLE/p=false/QueuedThreadPool[qtp1306936337]@4de64411{STARTED,8<=9<=14,i=4,r=1,q=0}[ReservedThreadExecutor@47ca1bcb{s=1/1,p=0}][pc=0,pic=0,pec=1,epc=2]@2020-09-25T13:18:48.3769711+02:00
13:18:48.377 [Test worker] DEBUG org.eclipse.jetty.util.component.AbstractLifeCycle - STOPPED ManagedSelector@4483ebf{STOPPED} id=1 keys=-1 selected=-1 updates=0
13:18:48.377 [Test worker] DEBUG org.eclipse.jetty.util.component.AbstractLifeCycle - stopping ManagedSelector@689012ee{STARTED} id=0 keys=0 selected=0 updates=0
13:18:48.377 [Test worker] DEBUG org.eclipse.jetty.io.ManagedSelector - Queued change org.eclipse.jetty.io.ManagedSelector$CloseConnections@64df908a on ManagedSelector@689012ee{STOPPING} id=0 keys=0 selected=0 updates=0
13:18:48.377 [Test worker] DEBUG org.eclipse.jetty.io.ManagedSelector - Wakeup on submit ManagedSelector@689012ee{STOPPING} id=0 keys=0 selected=0 updates=1
13:18:48.377 [qtp1306936337-79] DEBUG org.eclipse.jetty.io.ManagedSelector - Selector sun.nio.ch.WindowsSelectorImpl@1e8618d6 woken with none selected
13:18:48.377 [qtp1306936337-79] DEBUG org.eclipse.jetty.io.ManagedSelector - Selector sun.nio.ch.WindowsSelectorImpl@1e8618d6 woken up from select, 0/0/0 selected
13:18:48.377 [qtp1306936337-79] DEBUG org.eclipse.jetty.io.ManagedSelector - Selector sun.nio.ch.WindowsSelectorImpl@1e8618d6 processing 0 keys, 1 updates
13:18:48.377 [qtp1306936337-79] DEBUG org.eclipse.jetty.io.ManagedSelector - updateable 1
13:18:48.377 [qtp1306936337-79] DEBUG org.eclipse.jetty.io.ManagedSelector - update org.eclipse.jetty.io.ManagedSelector$CloseConnections@64df908a
13:18:48.377 [qtp1306936337-79] DEBUG org.eclipse.jetty.io.ManagedSelector - Closing 0 connections on ManagedSelector@689012ee{STOPPING} id=0 keys=0 selected=0 updates=0
13:18:48.377 [qtp1306936337-79] DEBUG org.eclipse.jetty.io.ManagedSelector - updates 0
13:18:48.377 [qtp1306936337-79] DEBUG org.eclipse.jetty.io.ManagedSelector - Selector sun.nio.ch.WindowsSelectorImpl@1e8618d6 waiting with 0 keys
13:18:48.377 [Test worker] DEBUG org.eclipse.jetty.io.ManagedSelector - Queued change org.eclipse.jetty.io.ManagedSelector$StopSelector@650c6550 on ManagedSelector@689012ee{STOPPING} id=0 keys=0 selected=0 updates=0
13:18:48.377 [Test worker] DEBUG org.eclipse.jetty.io.ManagedSelector - Wakeup on submit ManagedSelector@689012ee{STOPPING} id=0 keys=0 selected=0 updates=1
13:18:48.378 [qtp1306936337-79] DEBUG org.eclipse.jetty.io.ManagedSelector - Selector sun.nio.ch.WindowsSelectorImpl@1e8618d6 woken with none selected
13:18:48.378 [qtp1306936337-79] DEBUG org.eclipse.jetty.io.ManagedSelector - Selector sun.nio.ch.WindowsSelectorImpl@1e8618d6 woken up from select, 0/0/0 selected
13:18:48.378 [qtp1306936337-79] DEBUG org.eclipse.jetty.io.ManagedSelector - Selector sun.nio.ch.WindowsSelectorImpl@1e8618d6 processing 0 keys, 1 updates
13:18:48.378 [qtp1306936337-79] DEBUG org.eclipse.jetty.io.ManagedSelector - updateable 1
13:18:48.378 [qtp1306936337-79] DEBUG org.eclipse.jetty.io.ManagedSelector - update org.eclipse.jetty.io.ManagedSelector$StopSelector@650c6550
13:18:48.378 [qtp1306936337-79] DEBUG org.eclipse.jetty.io.ManagedSelector - updates 0
13:18:48.379 [qtp1306936337-79] DEBUG org.eclipse.jetty.util.thread.ReservedThreadExecutor - ReservedThreadExecutor@47ca1bcb{s=1/1,p=0}@6e585900 size 1 > capacity
13:18:48.379 [qtp1306936337-79] DEBUG org.eclipse.jetty.util.thread.QueuedThreadPool - ran ReservedThreadExecutor@47ca1bcb{s=1/1,p=0}@6e585900 in QueuedThreadPool[qtp1306936337]@4de64411{STARTED,8<=9<=14,i=4,r=1,q=0}[ReservedThreadExecutor@47ca1bcb{s=1/1,p=0}]
13:18:48.381 [Test worker] DEBUG org.eclipse.jetty.util.component.AbstractLifeCycle - stopping EatWhatYouKill@14e0447e/SelectorProducer@4fbf91e1/IDLE/p=false/QueuedThreadPool[qtp1306936337]@4de64411{STARTED,8<=9<=14,i=5,r=1,q=0}[ReservedThreadExecutor@47ca1bcb{s=1/1,p=0}][pc=0,pic=0,pec=0,epc=2]@2020-09-25T13:18:48.3819566+02:00
13:18:48.381 [Test worker] DEBUG org.eclipse.jetty.util.component.AbstractLifeCycle - STOPPED EatWhatYouKill@14e0447e/SelectorProducer@4fbf91e1/IDLE/p=false/QueuedThreadPool[qtp1306936337]@4de64411{STARTED,8<=9<=14,i=5,r=1,q=0}[ReservedThreadExecutor@47ca1bcb{s=1/1,p=0}][pc=0,pic=0,pec=0,epc=2]@2020-09-25T13:18:48.3819566+02:00
13:18:48.381 [Test worker] DEBUG org.eclipse.jetty.util.component.AbstractLifeCycle - STOPPED ManagedSelector@689012ee{STOPPED} id=0 keys=-1 selected=-1 updates=0
13:18:48.382 [Test worker] DEBUG org.eclipse.jetty.util.component.AbstractLifeCycle - STOPPED SelectorManager@NetworkTrafficServerConnector@1c37fc0{HTTP/1.1, (http/1.1)}{0.0.0.0:8080}
13:18:48.382 [Test worker] DEBUG org.eclipse.jetty.util.component.AbstractLifeCycle - stopping HttpConnectionFactory@3b9b467d[HTTP/1.1]
13:18:48.382 [Test worker] DEBUG org.eclipse.jetty.util.component.AbstractLifeCycle - STOPPED HttpConnectionFactory@3b9b467d[HTTP/1.1]
13:18:48.382 [Test worker] DEBUG org.eclipse.jetty.util.component.AbstractLifeCycle - stopping ScheduledExecutorScheduler@609e5dcf{STARTED}
13:18:48.382 [Test worker] DEBUG org.eclipse.jetty.util.component.AbstractLifeCycle - STOPPED ScheduledExecutorScheduler@609e5dcf{STOPPED}
13:18:48.382 [Test worker] INFO org.eclipse.jetty.server.AbstractConnector - Stopped NetworkTrafficServerConnector@1c37fc0{HTTP/1.1, (http/1.1)}{0.0.0.0:8080}
13:18:48.382 [Test worker] DEBUG org.eclipse.jetty.util.component.AbstractLifeCycle - STOPPED NetworkTrafficServerConnector@1c37fc0{HTTP/1.1, (http/1.1)}{0.0.0.0:8080}
13:18:48.382 [Test worker] DEBUG org.eclipse.jetty.server.handler.AbstractHandler - stopping Server@2b8946b9{STOPPING}[9.4.28.v20200408]
13:18:48.382 [Test worker] DEBUG org.eclipse.jetty.util.component.AbstractLifeCycle - stopping ErrorHandler@1d779ad6{STARTED}
13:18:48.382 [Test worker] DEBUG org.eclipse.jetty.server.handler.AbstractHandler - stopping ErrorHandler@1d779ad6{STOPPING}
13:18:48.382 [Test worker] DEBUG org.eclipse.jetty.util.component.AbstractLifeCycle - STOPPED ErrorHandler@1d779ad6{STOPPED}
13:18:48.382 [Test worker] DEBUG org.eclipse.jetty.util.component.AbstractLifeCycle - stopping HandlerCollection@30cd5556{STARTED}
13:18:48.382 [Test worker] DEBUG org.eclipse.jetty.server.handler.AbstractHandler - stopping HandlerCollection@30cd5556{STOPPING}
13:18:48.382 [Test worker] DEBUG org.eclipse.jetty.util.component.AbstractLifeCycle - stopping GzipHandler@3fde4138{STARTED,min=32,inflate=-1}
13:18:48.382 [Test worker] DEBUG org.eclipse.jetty.server.handler.AbstractHandler - stopping GzipHandler@3fde4138{STOPPING,min=32,inflate=-1}
13:18:48.382 [Test worker] DEBUG org.eclipse.jetty.util.component.AbstractLifeCycle - stopping o.e.j.s.ServletContextHandler@2611918a{/,null,SHUTDOWN}
13:18:48.382 [Test worker] DEBUG org.eclipse.jetty.server.handler.AbstractHandler - stopping o.e.j.s.ServletContextHandler@2611918a{/,null,UNAVAILABLE}
13:18:48.382 [Test worker] DEBUG org.eclipse.jetty.util.component.AbstractLifeCycle - stopping NotFoundHandler@63a7880{STARTED}
13:18:48.382 [Test worker] DEBUG org.eclipse.jetty.server.handler.AbstractHandler - stopping NotFoundHandler@63a7880{STOPPING}
13:18:48.382 [Test worker] DEBUG org.eclipse.jetty.util.component.AbstractLifeCycle - STOPPED NotFoundHandler@63a7880{STOPPED}
13:18:48.382 [Test worker] DEBUG org.eclipse.jetty.util.component.AbstractLifeCycle - stopping ServletHandler@5c25e876{STARTED}
13:18:48.382 [Test worker] DEBUG org.eclipse.jetty.server.handler.AbstractHandler - stopping ServletHandler@5c25e876{STOPPING}
13:18:48.383 [Test worker] DEBUG org.eclipse.jetty.util.component.AbstractLifeCycle - stopping org.eclipse.jetty.servlets.CrossOriginFilter-6566cf02@6566cf02==org.eclipse.jetty.servlets.CrossOriginFilter,inst=true,async=true
13:18:48.383 [Test worker] DEBUG org.eclipse.jetty.util.component.AbstractLifeCycle - STOPPED org.eclipse.jetty.servlets.CrossOriginFilter-6566cf02@6566cf02==org.eclipse.jetty.servlets.CrossOriginFilter,inst=false,async=true
13:18:48.383 [Test worker] DEBUG org.eclipse.jetty.util.component.AbstractLifeCycle - stopping com.github.tomakehurst.wiremock.servlet.TrailingSlashFilter-1e9df11e@1e9df11e==com.github.tomakehurst.wiremock.servlet.TrailingSlashFilter,inst=true,async=true
13:18:48.383 [Test worker] DEBUG org.eclipse.jetty.util.component.AbstractLifeCycle - STOPPED com.github.tomakehurst.wiremock.servlet.TrailingSlashFilter-1e9df11e@1e9df11e==com.github.tomakehurst.wiremock.servlet.TrailingSlashFilter,inst=false,async=true
13:18:48.383 [Test worker] DEBUG org.eclipse.jetty.util.component.AbstractLifeCycle - stopping com.github.tomakehurst.wiremock.servlet.ContentTypeSettingFilter-75af5669@75af5669==com.github.tomakehurst.wiremock.servlet.ContentTypeSettingFilter,inst=true,async=true
13:18:48.383 [Test worker] DEBUG org.eclipse.jetty.util.component.AbstractLifeCycle - STOPPED com.github.tomakehurst.wiremock.servlet.ContentTypeSettingFilter-75af5669@75af5669==com.github.tomakehurst.wiremock.servlet.ContentTypeSettingFilter,inst=false,async=true
13:18:48.383 [Test worker] DEBUG org.eclipse.jetty.util.component.AbstractLifeCycle - stopping com.github.tomakehurst.wiremock.servlet.WireMockHandlerDispatchingServlet-266bbd62@32adf47c==com.github.tomakehurst.wiremock.servlet.WireMockHandlerDispatchingServlet,jsp=null,order=-1,inst=true,async=true
13:18:48.383 [Test worker] DEBUG org.eclipse.jetty.util.component.AbstractLifeCycle - STOPPED com.github.tomakehurst.wiremock.servlet.WireMockHandlerDispatchingServlet-266bbd62@32adf47c==com.github.tomakehurst.wiremock.servlet.WireMockHandlerDispatchingServlet,jsp=null,order=-1,inst=false,async=true
13:18:48.383 [Test worker] DEBUG org.eclipse.jetty.util.component.AbstractLifeCycle - stopping org.eclipse.jetty.servlet.DefaultServlet-cdce0b2@886e19de==org.eclipse.jetty.servlet.DefaultServlet,jsp=null,order=-1,inst=false,async=true
13:18:48.383 [Test worker] DEBUG org.eclipse.jetty.util.component.AbstractLifeCycle - STOPPED org.eclipse.jetty.servlet.DefaultServlet-cdce0b2@886e19de==org.eclipse.jetty.servlet.DefaultServlet,jsp=null,order=-1,inst=false,async=true
13:18:48.383 [Test worker] DEBUG org.eclipse.jetty.util.component.AbstractLifeCycle - STOPPED ServletHandler@5c25e876{STOPPED}
13:18:48.383 [Test worker] INFO org.eclipse.jetty.server.handler.ContextHandler - Stopped o.e.j.s.ServletContextHandler@2611918a{/,null,UNAVAILABLE}
13:18:48.383 [Test worker] DEBUG org.eclipse.jetty.util.component.AbstractLifeCycle - STOPPED o.e.j.s.ServletContextHandler@2611918a{/,null,UNAVAILABLE}
13:18:48.383 [Test worker] DEBUG org.eclipse.jetty.util.component.AbstractLifeCycle - STOPPED GzipHandler@3fde4138{STOPPED,min=32,inflate=-1}
13:18:48.383 [Test worker] DEBUG org.eclipse.jetty.util.component.AbstractLifeCycle - stopping o.e.j.s.ServletContextHandler@2cd6911d{/__admin,null,SHUTDOWN}
13:18:48.383 [Test worker] DEBUG org.eclipse.jetty.server.handler.AbstractHandler - stopping o.e.j.s.ServletContextHandler@2cd6911d{/__admin,null,UNAVAILABLE}
13:18:48.383 [Test worker] DEBUG org.eclipse.jetty.util.component.AbstractLifeCycle - stopping ServletHandler@2493951c{STARTED}
13:18:48.383 [Test worker] DEBUG org.eclipse.jetty.server.handler.AbstractHandler - stopping ServletHandler@2493951c{STOPPING}
13:18:48.383 [Test worker] DEBUG org.eclipse.jetty.util.component.AbstractLifeCycle - stopping org.eclipse.jetty.servlets.CrossOriginFilter-77aea7a@77aea7a==org.eclipse.jetty.servlets.CrossOriginFilter,inst=true,async=true
13:18:48.383 [Test worker] DEBUG org.eclipse.jetty.util.component.AbstractLifeCycle - STOPPED org.eclipse.jetty.servlets.CrossOriginFilter-77aea7a@77aea7a==org.eclipse.jetty.servlets.CrossOriginFilter,inst=false,async=true
13:18:48.383 [Test worker] DEBUG org.eclipse.jetty.util.component.AbstractLifeCycle - stopping com.github.tomakehurst.wiremock.servlet.WireMockHandlerDispatchingServlet-3f79a3fc@852c2c32==com.github.tomakehurst.wiremock.servlet.WireMockHandlerDispatchingServlet,jsp=null,order=-1,inst=true,async=true
13:18:48.383 [Test worker] DEBUG org.eclipse.jetty.util.component.AbstractLifeCycle - STOPPED com.github.tomakehurst.wiremock.servlet.WireMockHandlerDispatchingServlet-3f79a3fc@852c2c32==com.github.tomakehurst.wiremock.servlet.WireMockHandlerDispatchingServlet,jsp=null,order=-1,inst=false,async=true
13:18:48.383 [Test worker] DEBUG org.eclipse.jetty.util.component.AbstractLifeCycle - stopping org.eclipse.jetty.servlet.DefaultServlet-781f532@2306999f==org.eclipse.jetty.servlet.DefaultServlet,jsp=null,order=-1,inst=false,async=true
13:18:48.383 [Test worker] DEBUG org.eclipse.jetty.util.component.AbstractLifeCycle - STOPPED org.eclipse.jetty.servlet.DefaultServlet-781f532@2306999f==org.eclipse.jetty.servlet.DefaultServlet,jsp=null,order=-1,inst=false,async=true
13:18:48.383 [Test worker] DEBUG org.eclipse.jetty.util.component.AbstractLifeCycle - stopping org.eclipse.jetty.servlet.DefaultServlet-1fc7c1ae@a2b518ba==org.eclipse.jetty.servlet.DefaultServlet,jsp=null,order=-1,inst=false,async=true
13:18:48.383 [Test worker] DEBUG org.eclipse.jetty.util.component.AbstractLifeCycle - STOPPED org.eclipse.jetty.servlet.DefaultServlet-1fc7c1ae@a2b518ba==org.eclipse.jetty.servlet.DefaultServlet,jsp=null,order=-1,inst=false,async=true
13:18:48.383 [Test worker] DEBUG org.eclipse.jetty.util.component.AbstractLifeCycle - STOPPED ServletHandler@2493951c{STOPPED}
13:18:48.383 [Test worker] INFO org.eclipse.jetty.server.handler.ContextHandler - Stopped o.e.j.s.ServletContextHandler@2cd6911d{/__admin,null,UNAVAILABLE}
13:18:48.383 [Test worker] DEBUG org.eclipse.jetty.util.component.AbstractLifeCycle - STOPPED o.e.j.s.ServletContextHandler@2cd6911d{/__admin,null,UNAVAILABLE}
13:18:48.383 [Test worker] DEBUG org.eclipse.jetty.util.component.AbstractLifeCycle - STOPPED HandlerCollection@30cd5556{STOPPED}
13:18:48.383 [Test worker] DEBUG org.eclipse.jetty.util.component.AbstractLifeCycle - stopping QueuedThreadPool[qtp1306936337]@4de64411{STARTED,8<=9<=14,i=5,r=1,q=0}[ReservedThreadExecutor@47ca1bcb{s=1/1,p=0}]
13:18:48.383 [Test worker] DEBUG org.eclipse.jetty.util.thread.QueuedThreadPool - Stopping QueuedThreadPool[qtp1306936337]@4de64411{STOPPING,8<=9<=14,i=5,r=-1,q=0}[ReservedThreadExecutor@47ca1bcb{s=1/1,p=0}]
13:18:48.383 [Test worker] DEBUG org.eclipse.jetty.util.component.AbstractLifeCycle - stopping ReservedThreadExecutor@47ca1bcb{s=1/1,p=0}
13:18:48.383 [Test worker] DEBUG org.eclipse.jetty.util.thread.ReservedThreadExecutor - ReservedThreadExecutor@47ca1bcb{s=0/1,p=0}@74babfcf offer STOP!
13:18:48.383 [Test worker] DEBUG org.eclipse.jetty.util.component.AbstractLifeCycle - STOPPED ReservedThreadExecutor@47ca1bcb{s=-1/1,p=0}
13:18:48.384 [Test worker] DEBUG org.eclipse.jetty.util.component.AbstractLifeCycle - STOPPED QueuedThreadPool[qtp1306936337]@4de64411{STOPPED,8<=0<=14,i=5,r=-1,q=0}[NO_TRY]
13:18:48.384 [Test worker] DEBUG org.eclipse.jetty.util.component.AbstractLifeCycle - STOPPED Server@2b8946b9{STOPPED}[9.4.28.v20200408]
13:18:48.384 [qtp1306936337-82] DEBUG org.eclipse.jetty.util.thread.ReservedThreadExecutor - ReservedThreadExecutor@47ca1bcb{s=-1/1,p=0}@74babfcf task=STOP!
13:18:48.384 [qtp1306936337-82] DEBUG org.eclipse.jetty.util.thread.ReservedThreadExecutor - ReservedThreadExecutor@47ca1bcb{s=-1/1,p=0}@74babfcf Exited
13:18:48.384 [qtp1306936337-82] DEBUG org.eclipse.jetty.util.thread.QueuedThreadPool - ran ReservedThreadExecutor@47ca1bcb{s=-1/1,p=0}@74babfcf in QueuedThreadPool[qtp1306936337]@4de64411{STOPPED,8<=0<=14,i=5,r=-1,q=0}[NO_TRY]
13:18:48.385 [qtp1306936337-82] DEBUG org.eclipse.jetty.util.thread.QueuedThreadPool - Thread[qtp1306936337-82,5,main] exited for QueuedThreadPool[qtp1306936337]@4de64411{STOPPED,8<=0<=14,i=5,r=-1,q=0}[NO_TRY]
13:18:48.390 [Test worker] DEBUG org.eclipse.jetty.util.component.ContainerLifeCycle - Server@1bea6209{STOPPED}[9.4.28.v20200408] added {QueuedThreadPool[qtp2010498327]@77d5c517{STOPPED,8<=0<=14,i=0,r=-1,q=0}[NO_TRY],AUTO}
13:18:48.390 [Test worker] DEBUG org.eclipse.jetty.util.component.ContainerLifeCycle - HttpConnectionFactory@ca909fb[HTTP/1.1] added {HttpConfiguration@1d7d53da{32768/8192,8192/8192,https://:0,[]},POJO}
13:18:48.390 [Test worker] DEBUG org.eclipse.jetty.util.component.ContainerLifeCycle - NetworkTrafficServerConnector@44d9c01f{null, ()}{0.0.0.0:0} added {Server@1bea6209{STOPPED}[9.4.28.v20200408],UNMANAGED}
13:18:48.416 [qtp1306936337-76] DEBUG org.eclipse.jetty.util.thread.QueuedThreadPool - ran qtp1306936337-76-acceptor-1@342e6a3b-NetworkTrafficServerConnector@1c37fc0{HTTP/1.1, (http/1.1)}{0.0.0.0:8080} in QueuedThreadPool[qtp1306936337]@4de64411{STOPPED,8<=0<=14,i=5,r=-1,q=0}[NO_TRY]
13:18:48.416 [qtp1306936337-76] DEBUG org.eclipse.jetty.util.thread.QueuedThreadPool - Thread[qtp1306936337-76,5,main] exited for QueuedThreadPool[qtp1306936337]@4de64411{STOPPED,8<=0<=14,i=5,r=-1,q=0}[NO_TRY]
13:18:48.417 [qtp1306936337-77] DEBUG org.eclipse.jetty.util.thread.QueuedThreadPool - ran qtp1306936337-77-acceptor-2@64af8535-NetworkTrafficServerConnector@1c37fc0{HTTP/1.1, (http/1.1)}{0.0.0.0:8080} in QueuedThreadPool[qtp1306936337]@4de64411{STOPPED,8<=0<=14,i=5,r=-1,q=0}[NO_TRY]
13:18:48.417 [qtp1306936337-77] DEBUG org.eclipse.jetty.util.thread.QueuedThreadPool - Thread[qtp1306936337-77,5,main] exited for QueuedThreadPool[qtp1306936337]@4de64411{STOPPED,8<=0<=14,i=5,r=-1,q=0}[NO_TRY]
13:18:48.425 [Test worker] DEBUG org.eclipse.jetty.util.component.ContainerLifeCycle - NetworkTrafficServerConnector@44d9c01f{null, ()}{0.0.0.0:0} added {QueuedThreadPool[qtp2010498327]@77d5c517{STOPPED,8<=0<=14,i=0,r=-1,q=0}[NO_TRY],AUTO}
13:18:48.426 [Test worker] DEBUG org.eclipse.jetty.util.component.ContainerLifeCycle - NetworkTrafficServerConnector@44d9c01f{null, ()}{0.0.0.0:0} added {ScheduledExecutorScheduler@ceb08a7{STOPPED},AUTO}
13:18:48.426 [Test worker] DEBUG org.eclipse.jetty.util.component.ContainerLifeCycle - NetworkTrafficServerConnector@44d9c01f{null, ()}{0.0.0.0:0} added {org.eclipse.jetty.io.ArrayByteBufferPool@48c93e10,POJO}
13:18:48.426 [Test worker] DEBUG org.eclipse.jetty.util.component.ContainerLifeCycle - NetworkTrafficServerConnector@44d9c01f{null, (http/1.1)}{0.0.0.0:0} added {HttpConnectionFactory@ca909fb[HTTP/1.1],AUTO}
13:18:48.427 [Test worker] DEBUG org.eclipse.jetty.server.AbstractConnector - NetworkTrafficServerConnector@44d9c01f{HTTP/1.1, (http/1.1)}{0.0.0.0:0} added HttpConnectionFactory@ca909fb[HTTP/1.1]
13:18:48.427 [Test worker] DEBUG org.eclipse.jetty.util.component.ContainerLifeCycle - NetworkTrafficServerConnector@44d9c01f{HTTP/1.1, (http/1.1)}{0.0.0.0:0} added {SelectorManager@NetworkTrafficServerConnector@44d9c01f{HTTP/1.1, (http/1.1)}{0.0.0.0:0},MANAGED}
13:18:48.427 [Test worker] DEBUG org.eclipse.jetty.util.component.ContainerLifeCycle - Server@1bea6209{STOPPED}[9.4.28.v20200408] added {NetworkTrafficServerConnector@44d9c01f{HTTP/1.1, (http/1.1)}{0.0.0.0:8080},AUTO}
13:18:48.431 [Test worker] DEBUG org.eclipse.jetty.util.component.ContainerLifeCycle - Server@1bea6209{STOPPED}[9.4.28.v20200408] added {o.e.j.s.ServletContextHandler@3f5d4750{/__admin,null,UNAVAILABLE},MANAGED}
13:18:48.431 [Test worker] DEBUG org.eclipse.jetty.util.DecoratedObjectFactory - Adding Decorator: org.eclipse.jetty.util.DeprecationWarning@358eb19c
13:18:48.432 [Test worker] DEBUG org.eclipse.jetty.util.component.ContainerLifeCycle - o.e.j.s.ServletContextHandler@3f5d4750{/__admin,null,UNAVAILABLE} added {ServletHandler@617439ba{STOPPED},MANAGED}
13:18:48.433 [Test worker] DEBUG org.eclipse.jetty.util.component.ContainerLifeCycle - Server@1bea6209{STOPPED}[9.4.28.v20200408] added {o.e.j.s.ServletContextHandler@301dacc2{/,null,UNAVAILABLE},MANAGED}
13:18:48.433 [Test worker] DEBUG org.eclipse.jetty.util.DecoratedObjectFactory - Adding Decorator: org.eclipse.jetty.util.DeprecationWarning@75539fdb
13:18:48.433 [Test worker] DEBUG org.eclipse.jetty.util.component.ContainerLifeCycle - o.e.j.s.ServletContextHandler@301dacc2{/,null,UNAVAILABLE} added {ServletHandler@62a618dc{STOPPED},MANAGED}
13:18:48.434 [Test worker] DEBUG org.eclipse.jetty.util.component.ContainerLifeCycle - o.e.j.s.ServletContextHandler@301dacc2{/,null,UNAVAILABLE} added {NotFoundHandler@4b35db79{STOPPED},MANAGED}
13:18:48.435 [Test worker] DEBUG org.eclipse.jetty.util.component.ContainerLifeCycle - HandlerCollection@17852bf3{STOPPED} added {o.e.j.s.ServletContextHandler@3f5d4750{/__admin,null,UNAVAILABLE},AUTO}
13:18:48.437 [Test worker] DEBUG org.eclipse.jetty.http.pathmap.PathMappings - Added MappedResource[pathSpec=ServletPathSpec["*.svgz",pathDepth=0,group=SUFFIX_GLOB],resource=true] to PathMappings[size=1]
13:18:48.437 [Test worker] DEBUG org.eclipse.jetty.server.handler.gzip.GzipHandler - GzipHandler@34f0fdaa{STOPPED,min=32,inflate=-1} mime types IncludeExclude@220e79ef{i=[],ip=CONTAINS,e=[image/ief, image/vnd.wap.wbmp, image/jpeg, application/bzip2, image/x-portable-graymap, application/brotli, image/bmp, image/gif, image/x-icon, audio/midi, video/x-msvideo, image/x-xbitmap, application/x-rar-compressed, image/x-portable-bitmap, image/x-rgb, image/x-cmu-raster, application/gzip, audio/x-wav, audio/x-pn-realaudio, audio/basic, application/compress, audio/x-aiff, video/x.ms.asx, video/x.ms.asf, image/png, video/vnd.rn-realvideo, image/x-xwindowdump, image/jpeg2000, video/x-sgi-movie, audio/mpeg, image/xcf, video/mpeg, image/x-portable-pixmap, image/tiff, image/x-portable-anymap, image/x-xpixmap, application/zip, video/quicktime, application/x-xz, video/mp4],ep=CONTAINS}
13:18:48.437 [Test worker] DEBUG org.eclipse.jetty.util.component.ContainerLifeCycle - GzipHandler@34f0fdaa{STOPPED,min=32,inflate=-1} added {o.e.j.s.ServletContextHandler@301dacc2{/,null,UNAVAILABLE},MANAGED}
13:18:48.437 [Test worker] DEBUG org.eclipse.jetty.util.component.ContainerLifeCycle - HandlerCollection@17852bf3{STOPPED} added {GzipHandler@34f0fdaa{STOPPED,min=32,inflate=-1},AUTO}
13:18:48.438 [Test worker] DEBUG org.eclipse.jetty.util.component.ContainerLifeCycle - Server@1bea6209{STOPPED}[9.4.28.v20200408] added {HandlerCollection@17852bf3{STOPPED},MANAGED}
13:18:48.438 [Test worker] DEBUG org.eclipse.jetty.util.component.AbstractLifeCycle - starting Server@1bea6209{STOPPED}[9.4.28.v20200408]
13:18:48.438 [Test worker] DEBUG org.eclipse.jetty.util.component.ContainerLifeCycle - Server@1bea6209{STARTING}[9.4.28.v20200408] added {ErrorHandler@2642adfe{STOPPED},AUTO}
13:18:48.438 [Test worker] INFO org.eclipse.jetty.server.Server - jetty-9.4.28.v20200408; built: 2020-04-08T17:49:39.557Z; git: ab228fde9e55e9164c738d7fa121f8ac5acd51c9; jvm 11.0.2+9
13:18:48.438 [Test worker] DEBUG org.eclipse.jetty.server.handler.AbstractHandler - starting Server@1bea6209{STARTING}[9.4.28.v20200408]
13:18:48.439 [Test worker] DEBUG org.eclipse.jetty.util.component.AbstractLifeCycle - starting QueuedThreadPool[qtp2010498327]@77d5c517{STOPPED,8<=0<=14,i=0,r=-1,q=0}[NO_TRY]
13:18:48.439 [Test worker] DEBUG org.eclipse.jetty.util.thread.ReservedThreadExecutor - ReservedThreadExecutor@1826c076{s=0/1,p=0}
13:18:48.439 [Test worker] DEBUG org.eclipse.jetty.util.component.ContainerLifeCycle - QueuedThreadPool[qtp2010498327]@77d5c517{STARTING,8<=0<=14,i=0,r=-1,q=0}[ReservedThreadExecutor@1826c076{s=0/1,p=0}] added {ReservedThreadExecutor@1826c076{s=0/1,p=0},AUTO}
13:18:48.439 [Test worker] DEBUG org.eclipse.jetty.util.component.AbstractLifeCycle - starting ReservedThreadExecutor@1826c076{s=0/1,p=0}
13:18:48.439 [Test worker] DEBUG org.eclipse.jetty.util.component.AbstractLifeCycle - STARTED @80001ms ReservedThreadExecutor@1826c076{s=0/1,p=0}
13:18:48.439 [Test worker] DEBUG org.eclipse.jetty.util.thread.QueuedThreadPool - Starting Thread[qtp2010498327-83,5,main]
13:18:48.440 [Test worker] DEBUG org.eclipse.jetty.util.thread.QueuedThreadPool - Starting Thread[qtp2010498327-84,5,main]
13:18:48.440 [Test worker] DEBUG org.eclipse.jetty.util.thread.QueuedThreadPool - Starting Thread[qtp2010498327-85,5,main]
13:18:48.440 [Test worker] DEBUG org.eclipse.jetty.util.thread.QueuedThreadPool - Starting Thread[qtp2010498327-86,5,main]
13:18:48.441 [Test worker] DEBUG org.eclipse.jetty.util.thread.QueuedThreadPool - Starting Thread[qtp2010498327-87,5,main]
13:18:48.441 [Test worker] DEBUG org.eclipse.jetty.util.thread.QueuedThreadPool - Starting Thread[qtp2010498327-88,5,main]
13:18:48.442 [Test worker] DEBUG org.eclipse.jetty.util.thread.QueuedThreadPool - Starting Thread[qtp2010498327-89,5,main]
13:18:48.442 [Test worker] DEBUG org.eclipse.jetty.util.thread.QueuedThreadPool - Starting Thread[qtp2010498327-90,5,main]
13:18:48.443 [Test worker] DEBUG org.eclipse.jetty.util.component.AbstractLifeCycle - STARTED @80005ms QueuedThreadPool[qtp2010498327]@77d5c517{STARTED,8<=8<=14,i=8,r=1,q=0}[ReservedThreadExecutor@1826c076{s=0/1,p=0}]
13:18:48.443 [Test worker] DEBUG org.eclipse.jetty.util.component.AbstractLifeCycle - starting HandlerCollection@17852bf3{STOPPED}
13:18:48.443 [Test worker] DEBUG org.eclipse.jetty.server.handler.AbstractHandler - starting HandlerCollection@17852bf3{STARTING}
13:18:48.443 [Test worker] DEBUG org.eclipse.jetty.util.component.AbstractLifeCycle - starting o.e.j.s.ServletContextHandler@3f5d4750{/__admin,null,UNAVAILABLE}
13:18:48.443 [Test worker] DEBUG org.eclipse.jetty.server.handler.AbstractHandler - starting o.e.j.s.ServletContextHandler@3f5d4750{/__admin,null,STARTING}
13:18:48.443 [Test worker] DEBUG org.eclipse.jetty.util.component.AbstractLifeCycle - starting ServletHandler@617439ba{STOPPED}
13:18:48.444 [Test worker] DEBUG org.eclipse.jetty.servlet.ServletHandler - Path=/recorder/*[EMBEDDED:null] mapped to servlet=org.eclipse.jetty.servlet.DefaultServlet-35fe0eb4[EMBEDDED:null]
13:18:48.444 [Test worker] DEBUG org.eclipse.jetty.http.pathmap.PathMappings - Added MappedResource[pathSpec=ServletPathSpec["/recorder/*",pathDepth=2,group=PREFIX_GLOB],resource=org.eclipse.jetty.servlet.DefaultServlet-35fe0eb4@59f67247==org.eclipse.jetty.servlet.DefaultServlet,jsp=null,order=-1,inst=false,async=true] to PathMappings[size=1]
13:18:48.444 [Test worker] DEBUG org.eclipse.jetty.servlet.ServletHandler - Path=/swagger-ui/*[EMBEDDED:null] mapped to servlet=org.eclipse.jetty.servlet.DefaultServlet-60cca23a[EMBEDDED:null]
13:18:48.444 [Test worker] DEBUG org.eclipse.jetty.http.pathmap.PathMappings - Added MappedResource[pathSpec=ServletPathSpec["/swagger-ui/*",pathDepth=2,group=PREFIX_GLOB],resource=org.eclipse.jetty.servlet.DefaultServlet-60cca23a@83f598f8==org.eclipse.jetty.servlet.DefaultServlet,jsp=null,order=-1,inst=false,async=true] to PathMappings[size=2]
13:18:48.444 [Test worker] DEBUG org.eclipse.jetty.servlet.ServletHandler - Path=/[EMBEDDED:null] mapped to servlet=com.github.tomakehurst.wiremock.servlet.WireMockHandlerDispatchingServlet-753c5bc6[EMBEDDED:null]
13:18:48.444 [Test worker] DEBUG org.eclipse.jetty.http.pathmap.PathMappings - Added MappedResource[pathSpec=ServletPathSpec["/",pathDepth=-1,group=DEFAULT],resource=com.github.tomakehurst.wiremock.servlet.WireMockHandlerDispatchingServlet-753c5bc6@8b07c==com.github.tomakehurst.wiremock.servlet.WireMockHandlerDispatchingServlet,jsp=null,order=-1,inst=false,async=true] to PathMappings[size=3]
13:18:48.444 [Test worker] DEBUG org.eclipse.jetty.servlet.ServletHandler - filterNameMap={org.eclipse.jetty.servlets.CrossOriginFilter-35c51532=org.eclipse.jetty.servlets.CrossOriginFilter-35c51532@35c51532==org.eclipse.jetty.servlets.CrossOriginFilter,inst=false,async=true}
13:18:48.446 [Test worker] DEBUG org.eclipse.jetty.servlet.ServletHandler - pathFilters=[[/*]/[]/[REQUEST]=>org.eclipse.jetty.servlets.CrossOriginFilter-35c51532]
13:18:48.446 [Test worker] DEBUG org.eclipse.jetty.servlet.ServletHandler - servletFilterMap={}
13:18:48.447 [Test worker] DEBUG org.eclipse.jetty.servlet.ServletHandler - servletPathMap=PathMappings[size=3]
13:18:48.447 [Test worker] DEBUG org.eclipse.jetty.servlet.ServletHandler - servletNameMap={org.eclipse.jetty.servlet.DefaultServlet-35fe0eb4=org.eclipse.jetty.servlet.DefaultServlet-35fe0eb4@59f67247==org.eclipse.jetty.servlet.DefaultServlet,jsp=null,order=-1,inst=false,async=true, com.github.tomakehurst.wiremock.servlet.WireMockHandlerDispatchingServlet-753c5bc6=com.github.tomakehurst.wiremock.servlet.WireMockHandlerDispatchingServlet-753c5bc6@8b07c==com.github.tomakehurst.wiremock.servlet.WireMockHandlerDispatchingServlet,jsp=null,order=-1,inst=false,async=true, org.eclipse.jetty.servlet.DefaultServlet-60cca23a=org.eclipse.jetty.servlet.DefaultServlet-60cca23a@83f598f8==org.eclipse.jetty.servlet.DefaultServlet,jsp=null,order=-1,inst=false,async=true}
13:18:48.447 [Test worker] DEBUG org.eclipse.jetty.server.handler.AbstractHandler - starting ServletHandler@617439ba{STARTING}
13:18:48.447 [Test worker] DEBUG org.eclipse.jetty.util.component.AbstractLifeCycle - STARTED @80009ms ServletHandler@617439ba{STARTED}
13:18:48.448 [Test worker] DEBUG org.eclipse.jetty.util.component.AbstractLifeCycle - starting org.eclipse.jetty.servlets.CrossOriginFilter-35c51532@35c51532==org.eclipse.jetty.servlets.CrossOriginFilter,inst=false,async=true
13:18:48.448 [Test worker] DEBUG org.eclipse.jetty.util.component.AbstractLifeCycle - STARTED @80010ms org.eclipse.jetty.servlets.CrossOriginFilter-35c51532@35c51532==org.eclipse.jetty.servlets.CrossOriginFilter,inst=false,async=true
13:18:48.448 [Test worker] DEBUG org.eclipse.jetty.servlet.FilterHolder - Filter.init org.eclipse.jetty.servlets.CrossOriginFilter@7938bc98
13:18:48.449 [Test worker] DEBUG org.eclipse.jetty.servlets.CrossOriginFilter - Cross-origin filter configuration: allowedOrigins = *, allowedTimingOrigins = null, allowedMethods = OPTIONS,GET,POST,PUT,PATCH,DELETE, allowedHeaders = *, preflightMaxAge = 1800, allowCredentials = true,exposedHeaders = ,chainPreflight = false
13:18:48.449 [Test worker] DEBUG org.eclipse.jetty.util.component.AbstractLifeCycle - starting com.github.tomakehurst.wiremock.servlet.WireMockHandlerDispatchingServlet-753c5bc6@8b07c==com.github.tomakehurst.wiremock.servlet.WireMockHandlerDispatchingServlet,jsp=null,order=-1,inst=false,async=true
13:18:48.449 [Test worker] DEBUG org.eclipse.jetty.util.component.AbstractLifeCycle - STARTED @80011ms com.github.tomakehurst.wiremock.servlet.WireMockHandlerDispatchingServlet-753c5bc6@8b07c==com.github.tomakehurst.wiremock.servlet.WireMockHandlerDispatchingServlet,jsp=null,order=-1,inst=false,async=true
13:18:48.449 [Test worker] DEBUG org.eclipse.jetty.util.component.AbstractLifeCycle - starting org.eclipse.jetty.servlet.DefaultServlet-35fe0eb4@59f67247==org.eclipse.jetty.servlet.DefaultServlet,jsp=null,order=-1,inst=false,async=true
13:18:48.450 [Test worker] DEBUG org.eclipse.jetty.util.component.AbstractLifeCycle - STARTED @80011ms org.eclipse.jetty.servlet.DefaultServlet-35fe0eb4@59f67247==org.eclipse.jetty.servlet.DefaultServlet,jsp=null,order=-1,inst=false,async=true
13:18:48.450 [Test worker] DEBUG org.eclipse.jetty.util.component.AbstractLifeCycle - starting org.eclipse.jetty.servlet.DefaultServlet-60cca23a@83f598f8==org.eclipse.jetty.servlet.DefaultServlet,jsp=null,order=-1,inst=false,async=true
13:18:48.450 [Test worker] DEBUG org.eclipse.jetty.util.component.AbstractLifeCycle - STARTED @80012ms org.eclipse.jetty.servlet.DefaultServlet-60cca23a@83f598f8==org.eclipse.jetty.servlet.DefaultServlet,jsp=null,order=-1,inst=false,async=true
13:18:48.450 [Test worker] INFO org.eclipse.jetty.server.handler.ContextHandler - Started o.e.j.s.ServletContextHandler@3f5d4750{/__admin,null,AVAILABLE}
13:18:48.450 [Test worker] DEBUG org.eclipse.jetty.util.component.AbstractLifeCycle - STARTED @80012ms o.e.j.s.ServletContextHandler@3f5d4750{/__admin,null,AVAILABLE}
13:18:48.450 [Test worker] DEBUG org.eclipse.jetty.util.component.AbstractLifeCycle - starting GzipHandler@34f0fdaa{STOPPED,min=32,inflate=-1}
13:18:48.451 [Test worker] DEBUG org.eclipse.jetty.server.handler.AbstractHandler - starting GzipHandler@34f0fdaa{STARTING,min=32,inflate=-1}
13:18:48.451 [Test worker] DEBUG org.eclipse.jetty.util.component.AbstractLifeCycle - starting o.e.j.s.ServletContextHandler@301dacc2{/,null,UNAVAILABLE}
13:18:48.451 [Test worker] DEBUG org.eclipse.jetty.server.handler.AbstractHandler - starting o.e.j.s.ServletContextHandler@301dacc2{/,null,STARTING}
13:18:48.451 [Test worker] DEBUG org.eclipse.jetty.util.component.AbstractLifeCycle - starting ServletHandler@62a618dc{STOPPED}
13:18:48.451 [Test worker] DEBUG org.eclipse.jetty.servlet.ServletHandler - Path=/__files/*[EMBEDDED:null] mapped to servlet=org.eclipse.jetty.servlet.DefaultServlet-7f57fd3f[EMBEDDED:null]
13:18:48.452 [Test worker] DEBUG org.eclipse.jetty.http.pathmap.PathMappings - Added MappedResource[pathSpec=ServletPathSpec["/__files/*",pathDepth=2,group=PREFIX_GLOB],resource=org.eclipse.jetty.servlet.DefaultServlet-7f57fd3f@c37f5061==org.eclipse.jetty.servlet.DefaultServlet,jsp=null,order=-1,inst=false,async=true] to PathMappings[size=1]
13:18:48.452 [Test worker] DEBUG org.eclipse.jetty.servlet.ServletHandler - Path=/[EMBEDDED:null] mapped to servlet=com.github.tomakehurst.wiremock.servlet.WireMockHandlerDispatchingServlet-227125ab[EMBEDDED:null]
13:18:48.452 [Test worker] DEBUG org.eclipse.jetty.http.pathmap.PathMappings - Added MappedResource[pathSpec=ServletPathSpec["/",pathDepth=-1,group=DEFAULT],resource=com.github.tomakehurst.wiremock.servlet.WireMockHandlerDispatchingServlet-227125ab@5e00e38c==com.github.tomakehurst.wiremock.servlet.WireMockHandlerDispatchingServlet,jsp=null,order=-1,inst=false,async=true] to PathMappings[size=2]
13:18:48.453 [Test worker] DEBUG org.eclipse.jetty.servlet.ServletHandler - filterNameMap={com.github.tomakehurst.wiremock.servlet.ContentTypeSettingFilter-19074a3b=com.github.tomakehurst.wiremock.servlet.ContentTypeSettingFilter-19074a3b@19074a3b==com.github.tomakehurst.wiremock.servlet.ContentTypeSettingFilter,inst=false,async=true, org.eclipse.jetty.servlets.CrossOriginFilter-728ed8c8=org.eclipse.jetty.servlets.CrossOriginFilter-728ed8c8@728ed8c8==org.eclipse.jetty.servlets.CrossOriginFilter,inst=false,async=true, com.github.tomakehurst.wiremock.servlet.TrailingSlashFilter-59f9f221=com.github.tomakehurst.wiremock.servlet.TrailingSlashFilter-59f9f221@59f9f221==com.github.tomakehurst.wiremock.servlet.TrailingSlashFilter,inst=false,async=true}
13:18:48.453 [Test worker] DEBUG org.eclipse.jetty.servlet.ServletHandler - pathFilters=[[/__files/*]/[]/[FORWARD]=>com.github.tomakehurst.wiremock.servlet.ContentTypeSettingFilter-19074a3b, [/__files/*]/[]/[FORWARD, ERROR, INCLUDE, REQUEST, ASYNC]=>com.github.tomakehurst.wiremock.servlet.TrailingSlashFilter-59f9f221, [/*]/[]/[REQUEST]=>org.eclipse.jetty.servlets.CrossOriginFilter-728ed8c8]
13:18:48.453 [Test worker] DEBUG org.eclipse.jetty.servlet.ServletHandler - servletFilterMap={}
13:18:48.453 [Test worker] DEBUG org.eclipse.jetty.servlet.ServletHandler - servletPathMap=PathMappings[size=2]
13:18:48.453 [Test worker] DEBUG org.eclipse.jetty.servlet.ServletHandler - servletNameMap={com.github.tomakehurst.wiremock.servlet.WireMockHandlerDispatchingServlet-227125ab=com.github.tomakehurst.wiremock.servlet.WireMockHandlerDispatchingServlet-227125ab@5e00e38c==com.github.tomakehurst.wiremock.servlet.WireMockHandlerDispatchingServlet,jsp=null,order=-1,inst=false,async=true, org.eclipse.jetty.servlet.DefaultServlet-7f57fd3f=org.eclipse.jetty.servlet.DefaultServlet-7f57fd3f@c37f5061==org.eclipse.jetty.servlet.DefaultServlet,jsp=null,order=-1,inst=false,async=true}
13:18:48.453 [Test worker] DEBUG org.eclipse.jetty.server.handler.AbstractHandler - starting ServletHandler@62a618dc{STARTING}
13:18:48.455 [Test worker] DEBUG org.eclipse.jetty.util.component.AbstractLifeCycle - STARTED @80016ms ServletHandler@62a618dc{STARTED}
13:18:48.455 [Test worker] DEBUG org.eclipse.jetty.util.component.AbstractLifeCycle - starting NotFoundHandler@4b35db79{STOPPED}
13:18:48.455 [Test worker] DEBUG org.eclipse.jetty.server.handler.AbstractHandler - starting NotFoundHandler@4b35db79{STARTING}
13:18:48.455 [Test worker] DEBUG org.eclipse.jetty.util.component.AbstractLifeCycle - STARTED @80017ms NotFoundHandler@4b35db79{STARTED}
13:18:48.455 [Test worker] DEBUG org.eclipse.jetty.util.component.AbstractLifeCycle - starting com.github.tomakehurst.wiremock.servlet.ContentTypeSettingFilter-19074a3b@19074a3b==com.github.tomakehurst.wiremock.servlet.ContentTypeSettingFilter,inst=false,async=true
13:18:48.455 [Test worker] DEBUG org.eclipse.jetty.util.component.AbstractLifeCycle - STARTED @80017ms com.github.tomakehurst.wiremock.servlet.ContentTypeSettingFilter-19074a3b@19074a3b==com.github.tomakehurst.wiremock.servlet.ContentTypeSettingFilter,inst=false,async=true
13:18:48.455 [Test worker] DEBUG org.eclipse.jetty.servlet.FilterHolder - Filter.init com.github.tomakehurst.wiremock.servlet.ContentTypeSettingFilter@79968caf
13:18:48.456 [Test worker] DEBUG org.eclipse.jetty.util.component.AbstractLifeCycle - starting com.github.tomakehurst.wiremock.servlet.TrailingSlashFilter-59f9f221@59f9f221==com.github.tomakehurst.wiremock.servlet.TrailingSlashFilter,inst=false,async=true
13:18:48.456 [Test worker] DEBUG org.eclipse.jetty.util.component.AbstractLifeCycle - STARTED @80017ms com.github.tomakehurst.wiremock.servlet.TrailingSlashFilter-59f9f221@59f9f221==com.github.tomakehurst.wiremock.servlet.TrailingSlashFilter,inst=false,async=true
13:18:48.456 [Test worker] DEBUG org.eclipse.jetty.servlet.FilterHolder - Filter.init com.github.tomakehurst.wiremock.servlet.TrailingSlashFilter@874b83b
13:18:48.456 [Test worker] DEBUG org.eclipse.jetty.util.component.AbstractLifeCycle - starting org.eclipse.jetty.servlets.CrossOriginFilter-728ed8c8@728ed8c8==org.eclipse.jetty.servlets.CrossOriginFilter,inst=false,async=true
13:18:48.456 [Test worker] DEBUG org.eclipse.jetty.util.component.AbstractLifeCycle - STARTED @80018ms org.eclipse.jetty.servlets.CrossOriginFilter-728ed8c8@728ed8c8==org.eclipse.jetty.servlets.CrossOriginFilter,inst=false,async=true
13:18:48.459 [Test worker] DEBUG org.eclipse.jetty.servlet.FilterHolder - Filter.init org.eclipse.jetty.servlets.CrossOriginFilter@c8938f0
13:18:48.459 [Test worker] DEBUG org.eclipse.jetty.servlets.CrossOriginFilter - Cross-origin filter configuration: allowedOrigins = *, allowedTimingOrigins = null, allowedMethods = OPTIONS,GET,POST,PUT,PATCH,DELETE, allowedHeaders = *, preflightMaxAge = 1800, allowCredentials = true,exposedHeaders = ,chainPreflight = false
13:18:48.459 [Test worker] DEBUG org.eclipse.jetty.util.component.AbstractLifeCycle - starting com.github.tomakehurst.wiremock.servlet.WireMockHandlerDispatchingServlet-227125ab@5e00e38c==com.github.tomakehurst.wiremock.servlet.WireMockHandlerDispatchingServlet,jsp=null,order=-1,inst=false,async=true
13:18:48.460 [Test worker] DEBUG org.eclipse.jetty.util.component.AbstractLifeCycle - STARTED @80022ms com.github.tomakehurst.wiremock.servlet.WireMockHandlerDispatchingServlet-227125ab@5e00e38c==com.github.tomakehurst.wiremock.servlet.WireMockHandlerDispatchingServlet,jsp=null,order=-1,inst=false,async=true
13:18:48.460 [Test worker] DEBUG org.eclipse.jetty.util.component.AbstractLifeCycle - starting org.eclipse.jetty.servlet.DefaultServlet-7f57fd3f@c37f5061==org.eclipse.jetty.servlet.DefaultServlet,jsp=null,order=-1,inst=false,async=true
13:18:48.471 [qtp1306936337-80] DEBUG org.eclipse.jetty.server.handler.gzip.GzipHandler - GzipHandler@3fde4138{STOPPED,min=32,inflate=-1} excluded not gzip accept Request(GET //localhost:8080/api/v0/components/products/63d3bec5-12c6-457b-b612-526e69cd65b7/questions/hidden)@b0c83a8
13:18:48.471 [qtp1306936337-80] DEBUG org.eclipse.jetty.server.handler.gzip.GzipHttpOutputInterceptor - org.eclipse.jetty.server.handler.gzip.GzipHttpOutputInterceptor@233d738c exclude no deflater
13:18:48.471 [qtp1306936337-80] DEBUG org.eclipse.jetty.server.HttpChannel - sendResponse info=null content=HeapByteBuffer@137d328[p=0,l=0,c=0,r=0]={<<<>>>} complete=false committing=true callback=Blocker@258f4e3{null}
13:18:48.471 [qtp1306936337-80] DEBUG org.eclipse.jetty.server.HttpChannel - COMMIT for /api/v0/components/products/63d3bec5-12c6-457b-b612-526e69cd65b7/questions/hidden on HttpChannelOverHttp@3b8c3d6f{s=HttpChannelState@3cf09cb6{s=HANDLING rs=BLOCKING os=COMMITTED is=READY awp=false se=false i=true al=0},r=1,c=false/false,a=HANDLING,uri=//localhost:8080/api/v0/components/products/63d3bec5-12c6-457b-b612-526e69cd65b7/questions/hidden,age=2108}
200 null HTTP/1.1
Matched-Stub-Id: 3b014af9-4de1-41a9-b4d6-3dd60deee9e3
Vary: Accept-Encoding, User-Agent


13:18:48.471 [qtp1306936337-80] DEBUG org.eclipse.jetty.server.HttpChannel - Commit failed
org.eclipse.jetty.io.EofException: null
	at org.eclipse.jetty.server.HttpConnection$SendCallback.reset(HttpConnection.java:728)
	at org.eclipse.jetty.server.HttpConnection$SendCallback.access$300(HttpConnection.java:688)
	at org.eclipse.jetty.server.HttpConnection.send(HttpConnection.java:547)
	at org.eclipse.jetty.server.HttpChannel.sendResponse(HttpChannel.java:824)
	at org.eclipse.jetty.server.HttpChannel.write(HttpChannel.java:901)
	at org.eclipse.jetty.server.handler.gzip.GzipHttpOutputInterceptor.commit(GzipHttpOutputInterceptor.java:216)
	at org.eclipse.jetty.server.handler.gzip.GzipHttpOutputInterceptor.write(GzipHttpOutputInterceptor.java:108)
	at org.eclipse.jetty.server.HttpOutput.channelWrite(HttpOutput.java:283)
	at org.eclipse.jetty.server.HttpOutput.channelWrite(HttpOutput.java:267)
	at org.eclipse.jetty.server.HttpOutput.flush(HttpOutput.java:705)
	at com.github.tomakehurst.wiremock.servlet.WireMockHandlerDispatchingServlet.writeAndTranslateExceptions(WireMockHandlerDispatchingServlet.java:234)
	at com.github.tomakehurst.wiremock.servlet.WireMockHandlerDispatchingServlet.applyResponse(WireMockHandlerDispatchingServlet.java:223)
	at com.github.tomakehurst.wiremock.servlet.WireMockHandlerDispatchingServlet$ServletHttpResponder.respondTo(WireMockHandlerDispatchingServlet.java:183)
	at com.github.tomakehurst.wiremock.servlet.WireMockHandlerDispatchingServlet$ServletHttpResponder.respondSync(WireMockHandlerDispatchingServlet.java:150)
	at com.github.tomakehurst.wiremock.servlet.WireMockHandlerDispatchingServlet$ServletHttpResponder.respond(WireMockHandlerDispatchingServlet.java:144)
	at com.github.tomakehurst.wiremock.http.AbstractRequestHandler.handle(AbstractRequestHandler.java:90)
	at com.github.tomakehurst.wiremock.servlet.WireMockHandlerDispatchingServlet.service(WireMockHandlerDispatchingServlet.java:120)
	at javax.servlet.http.HttpServlet.service(HttpServlet.java:750)
	at org.eclipse.jetty.servlet.ServletHolder.handle(ServletHolder.java:763)
	at org.eclipse.jetty.servlet.ServletHandler$CachedChain.doFilter(ServletHandler.java:1631)
	at org.eclipse.jetty.servlets.CrossOriginFilter.handle(CrossOriginFilter.java:319)
	at org.eclipse.jetty.servlets.CrossOriginFilter.doFilter(CrossOriginFilter.java:273)
	at org.eclipse.jetty.servlet.ServletHandler$CachedChain.doFilter(ServletHandler.java:1618)
	at org.eclipse.jetty.servlet.ServletHandler.doHandle(ServletHandler.java:549)
	at org.eclipse.jetty.server.handler.ScopedHandler.nextHandle(ScopedHandler.java:233)
	at org.eclipse.jetty.server.handler.ContextHandler.doHandle(ContextHandler.java:1363)
	at org.eclipse.jetty.server.handler.ScopedHandler.nextScope(ScopedHandler.java:188)
	at org.eclipse.jetty.servlet.ServletHandler.doScope(ServletHandler.java:489)
	at org.eclipse.jetty.server.handler.ScopedHandler.nextScope(ScopedHandler.java:186)
	at org.eclipse.jetty.server.handler.ContextHandler.doScope(ContextHandler.java:1278)
	at org.eclipse.jetty.server.handler.ScopedHandler.handle(ScopedHandler.java:141)
	at org.eclipse.jetty.server.handler.gzip.GzipHandler.handle(GzipHandler.java:767)
	at org.eclipse.jetty.server.handler.HandlerCollection.handle(HandlerCollection.java:146)
	at org.eclipse.jetty.server.handler.HandlerWrapper.handle(HandlerWrapper.java:127)
	at org.eclipse.jetty.server.Server.handle(Server.java:500)
	at org.eclipse.jetty.server.HttpChannel.lambda$handle$1(HttpChannel.java:383)
	at org.eclipse.jetty.server.HttpChannel.dispatch(HttpChannel.java:547)
	at org.eclipse.jetty.server.HttpChannel.handle(HttpChannel.java:375)
	at org.eclipse.jetty.server.HttpConnection.onFillable(HttpConnection.java:273)
	at org.eclipse.jetty.io.AbstractConnection$ReadCallback.succeeded(AbstractConnection.java:311)
	at org.eclipse.jetty.io.FillInterest.fillable(FillInterest.java:103)
	at org.eclipse.jetty.io.ChannelEndPoint$2.run(ChannelEndPoint.java:117)
	at org.eclipse.jetty.util.thread.strategy.EatWhatYouKill.runTask(EatWhatYouKill.java:336)
	at org.eclipse.jetty.util.thread.strategy.EatWhatYouKill.doProduce(EatWhatYouKill.java:313)
	at org.eclipse.jetty.util.thread.strategy.EatWhatYouKill.tryProduce(EatWhatYouKill.java:171)
	at org.eclipse.jetty.util.thread.strategy.EatWhatYouKill.run(EatWhatYouKill.java:129)
	at org.eclipse.jetty.util.thread.ReservedThreadExecutor$ReservedThread.run(ReservedThreadExecutor.java:375)
	at org.eclipse.jetty.util.thread.QueuedThreadPool.runJob(QueuedThreadPool.java:806)
	at org.eclipse.jetty.util.thread.QueuedThreadPool$Runner.run(QueuedThreadPool.java:938)
	at java.base/java.lang.Thread.run(Thread.java:834)
13:18:48.472 [qtp1306936337-80] DEBUG org.eclipse.jetty.server.HttpConnection - abort HttpConnection@7600172::NetworkTrafficSocketChannelEndPoint@55807f1a{/127.0.0.1:65009<->/127.0.0.1:8080,CLOSED,fill=-,flush=-,to=2110/30000}{io=0/0,kio=-1,kro=-1}->HttpConnection@7600172[p=HttpParser{s=END,0 of -1},g=HttpGenerator@51cec62b{s=START}]=>HttpChannelOverHttp@3b8c3d6f{s=HttpChannelState@3cf09cb6{s=HANDLING rs=BLOCKING os=ABORTED is=READY awp=false se=false i=true al=0},r=1,c=false/false,a=HANDLING,uri=//localhost:8080/api/v0/components/products/63d3bec5-12c6-457b-b612-526e69cd65b7/questions/hidden,age=2109} {}
13:18:48.472 [qtp1306936337-80] DEBUG org.eclipse.jetty.io.AbstractEndPoint - close NetworkTrafficSocketChannelEndPoint@55807f1a{/127.0.0.1:65009<->/127.0.0.1:8080,CLOSED,fill=-,flush=-,to=2110/30000}{io=0/0,kio=-1,kro=-1}->HttpConnection@7600172[p=HttpParser{s=END,0 of -1},g=HttpGenerator@51cec62b{s=START}]=>HttpChannelOverHttp@3b8c3d6f{s=HttpChannelState@3cf09cb6{s=HANDLING rs=BLOCKING os=ABORTED is=READY awp=false se=false i=true al=0},r=1,c=false/false,a=HANDLING,uri=//localhost:8080/api/v0/components/products/63d3bec5-12c6-457b-b612-526e69cd65b7/questions/hidden,age=2109}
13:18:48.472 [qtp1306936337-80] DEBUG org.eclipse.jetty.io.AbstractEndPoint - close(null) NetworkTrafficSocketChannelEndPoint@55807f1a{/127.0.0.1:65009<->/127.0.0.1:8080,CLOSED,fill=-,flush=-,to=2110/30000}{io=0/0,kio=-1,kro=-1}->HttpConnection@7600172[p=HttpParser{s=END,0 of -1},g=HttpGenerator@51cec62b{s=START}]=>HttpChannelOverHttp@3b8c3d6f{s=HttpChannelState@3cf09cb6{s=HANDLING rs=BLOCKING os=ABORTED is=READY awp=false se=false i=true al=0},r=1,c=false/false,a=HANDLING,uri=//localhost:8080/api/v0/components/products/63d3bec5-12c6-457b-b612-526e69cd65b7/questions/hidden,age=2109}
13:18:48.472 [qtp1306936337-80] DEBUG org.eclipse.jetty.server.HttpOutput - onWriteComplete(false,org.eclipse.jetty.io.EofException) s=OPEN,api=BLOCKED,sc=false,e=null->s=CLOSED,api=BLOCKING,sc=false,e=null c=null cb=null w=false
13:18:48.472 [qtp1306936337-80] DEBUG org.eclipse.jetty.server.HttpOutput - close() s=CLOSED,api=BLOCKING,sc=false,e=null c=null b=null
13:18:48.472 [qtp1306936337-80] DEBUG org.eclipse.jetty.server.HttpChannel - /api/v0/components/products/63d3bec5-12c6-457b-b612-526e69cd65b7/questions/hidden
org.eclipse.jetty.io.EofException: null
	at org.eclipse.jetty.server.HttpConnection$SendCallback.reset(HttpConnection.java:728)
	at org.eclipse.jetty.server.HttpConnection$SendCallback.access$300(HttpConnection.java:688)
	at org.eclipse.jetty.server.HttpConnection.send(HttpConnection.java:547)
	at org.eclipse.jetty.server.HttpChannel.sendResponse(HttpChannel.java:824)
	at org.eclipse.jetty.server.HttpChannel.write(HttpChannel.java:901)
	at org.eclipse.jetty.server.handler.gzip.GzipHttpOutputInterceptor.commit(GzipHttpOutputInterceptor.java:216)
	at org.eclipse.jetty.server.handler.gzip.GzipHttpOutputInterceptor.write(GzipHttpOutputInterceptor.java:108)
	at org.eclipse.jetty.server.HttpOutput.channelWrite(HttpOutput.java:283)
	at org.eclipse.jetty.server.HttpOutput.channelWrite(HttpOutput.java:267)
	at org.eclipse.jetty.server.HttpOutput.flush(HttpOutput.java:705)
	at com.github.tomakehurst.wiremock.servlet.WireMockHandlerDispatchingServlet.writeAndTranslateExceptions(WireMockHandlerDispatchingServlet.java:234)
	at com.github.tomakehurst.wiremock.servlet.WireMockHandlerDispatchingServlet.applyResponse(WireMockHandlerDispatchingServlet.java:223)
	at com.github.tomakehurst.wiremock.servlet.WireMockHandlerDispatchingServlet$ServletHttpResponder.respondTo(WireMockHandlerDispatchingServlet.java:183)
	at com.github.tomakehurst.wiremock.servlet.WireMockHandlerDispatchingServlet$ServletHttpResponder.respondSync(WireMockHandlerDispatchingServlet.java:150)
	at com.github.tomakehurst.wiremock.servlet.WireMockHandlerDispatchingServlet$ServletHttpResponder.respond(WireMockHandlerDispatchingServlet.java:144)
	at com.github.tomakehurst.wiremock.http.AbstractRequestHandler.handle(AbstractRequestHandler.java:90)
	at com.github.tomakehurst.wiremock.servlet.WireMockHandlerDispatchingServlet.service(WireMockHandlerDispatchingServlet.java:120)
	at javax.servlet.http.HttpServlet.service(HttpServlet.java:750)
	at org.eclipse.jetty.servlet.ServletHolder.handle(ServletHolder.java:763)
	at org.eclipse.jetty.servlet.ServletHandler$CachedChain.doFilter(ServletHandler.java:1631)
	at org.eclipse.jetty.servlets.CrossOriginFilter.handle(CrossOriginFilter.java:319)
	at org.eclipse.jetty.servlets.CrossOriginFilter.doFilter(CrossOriginFilter.java:273)
	at org.eclipse.jetty.servlet.ServletHandler$CachedChain.doFilter(ServletHandler.java:1618)
	at org.eclipse.jetty.servlet.ServletHandler.doHandle(ServletHandler.java:549)
	at org.eclipse.jetty.server.handler.ScopedHandler.nextHandle(ScopedHandler.java:233)
	at org.eclipse.jetty.server.handler.ContextHandler.doHandle(ContextHandler.java:1363)
	at org.eclipse.jetty.server.handler.ScopedHandler.nextScope(ScopedHandler.java:188)
	at org.eclipse.jetty.servlet.ServletHandler.doScope(ServletHandler.java:489)
	at org.eclipse.jetty.server.handler.ScopedHandler.nextScope(ScopedHandler.java:186)
	at org.eclipse.jetty.server.handler.ContextHandler.doScope(ContextHandler.java:1278)
	at org.eclipse.jetty.server.handler.ScopedHandler.handle(ScopedHandler.java:141)
	at org.eclipse.jetty.server.handler.gzip.GzipHandler.handle(GzipHandler.java:767)
	at org.eclipse.jetty.server.handler.HandlerCollection.handle(HandlerCollection.java:146)
	at org.eclipse.jetty.server.handler.HandlerWrapper.handle(HandlerWrapper.java:127)
	at org.eclipse.jetty.server.Server.handle(Server.java:500)
	at org.eclipse.jetty.server.HttpChannel.lambda$handle$1(HttpChannel.java:383)
	at org.eclipse.jetty.server.HttpChannel.dispatch(HttpChannel.java:547)
	at org.eclipse.jetty.server.HttpChannel.handle(HttpChannel.java:375)
	at org.eclipse.jetty.server.HttpConnection.onFillable(HttpConnection.java:273)
	at org.eclipse.jetty.io.AbstractConnection$ReadCallback.succeeded(AbstractConnection.java:311)
	at org.eclipse.jetty.io.FillInterest.fillable(FillInterest.java:103)
	at org.eclipse.jetty.io.ChannelEndPoint$2.run(ChannelEndPoint.java:117)
	at org.eclipse.jetty.util.thread.strategy.EatWhatYouKill.runTask(EatWhatYouKill.java:336)
	at org.eclipse.jetty.util.thread.strategy.EatWhatYouKill.doProduce(EatWhatYouKill.java:313)
	at org.eclipse.jetty.util.thread.strategy.EatWhatYouKill.tryProduce(EatWhatYouKill.java:171)
	at org.eclipse.jetty.util.thread.strategy.EatWhatYouKill.run(EatWhatYouKill.java:129)
	at org.eclipse.jetty.util.thread.ReservedThreadExecutor$ReservedThread.run(ReservedThreadExecutor.java:375)
	at org.eclipse.jetty.util.thread.QueuedThreadPool.runJob(QueuedThreadPool.java:806)
	at org.eclipse.jetty.util.thread.QueuedThreadPool$Runner.run(QueuedThreadPool.java:938)
	at java.base/java.lang.Thread.run(Thread.java:834)
13:18:48.473 [qtp1306936337-80] DEBUG org.eclipse.jetty.server.HttpChannelState - unhandle HttpChannelState@3cf09cb6{s=HANDLING rs=BLOCKING os=ABORTED is=READY awp=false se=false i=true al=0}
13:18:48.473 [qtp1306936337-80] DEBUG org.eclipse.jetty.server.HttpChannelState - nextAction(false) COMPLETE HttpChannelState@3cf09cb6{s=HANDLING rs=COMPLETING os=ABORTED is=READY awp=false se=false i=false al=0}
13:18:48.473 [qtp1306936337-80] DEBUG org.eclipse.jetty.server.HttpChannel - !handle COMPLETE HttpChannelOverHttp@3b8c3d6f{s=HttpChannelState@3cf09cb6{s=HANDLING rs=COMPLETING os=ABORTED is=READY awp=false se=false i=false al=0},r=1,c=false/false,a=HANDLING,uri=//localhost:8080/api/v0/components/products/63d3bec5-12c6-457b-b612-526e69cd65b7/questions/hidden,age=2110}
13:18:48.473 [qtp1306936337-80] DEBUG org.eclipse.jetty.server.HttpConnection - HttpConnection@7600172::NetworkTrafficSocketChannelEndPoint@55807f1a{/127.0.0.1:65009<->/127.0.0.1:8080,CLOSED,fill=-,flush=-,to=2111/30000}{io=0/0,kio=-1,kro=-1}->HttpConnection@7600172[p=HttpParser{s=END,0 of -1},g=HttpGenerator@51cec62b{s=START}]=>HttpChannelOverHttp@3b8c3d6f{s=HttpChannelState@3cf09cb6{s=HANDLING rs=COMPLETING os=ABORTED is=READY awp=false se=false i=false al=0},r=1,c=false/false,a=HANDLING,uri=//localhost:8080/api/v0/components/products/63d3bec5-12c6-457b-b612-526e69cd65b7/questions/hidden,age=2110} onFillable exit HttpChannelState@3cf09cb6{s=HANDLING rs=COMPLETING os=ABORTED is=READY awp=false se=false i=false al=0} null
13:18:48.473 [qtp1306936337-80] DEBUG org.eclipse.jetty.util.thread.ReservedThreadExecutor - ReservedThreadExecutor@47ca1bcb{s=-1/1,p=0}@147e73a6 Exited
13:18:48.473 [qtp1306936337-80] DEBUG org.eclipse.jetty.util.thread.QueuedThreadPool - ran ReservedThreadExecutor@47ca1bcb{s=-1/1,p=0}@147e73a6 in QueuedThreadPool[qtp1306936337]@4de64411{STOPPED,8<=0<=14,i=5,r=-1,q=0}[NO_TRY]
13:18:48.473 [qtp1306936337-80] DEBUG org.eclipse.jetty.util.thread.QueuedThreadPool - Thread[qtp1306936337-80,5,main] exited for QueuedThreadPool[qtp1306936337]@4de64411{STOPPED,8<=0<=14,i=5,r=-1,q=0}[NO_TRY]
13:18:48.479 [Test worker] DEBUG org.eclipse.jetty.util.component.AbstractLifeCycle - STARTED @80041ms org.eclipse.jetty.servlet.DefaultServlet-7f57fd3f@c37f5061==org.eclipse.jetty.servlet.DefaultServlet,jsp=null,order=-1,inst=false,async=true
13:18:48.480 [Test worker] INFO org.eclipse.jetty.server.handler.ContextHandler - Started o.e.j.s.ServletContextHandler@301dacc2{/,null,AVAILABLE}
13:18:48.480 [Test worker] DEBUG org.eclipse.jetty.util.component.AbstractLifeCycle - STARTED @80042ms o.e.j.s.ServletContextHandler@301dacc2{/,null,AVAILABLE}
13:18:48.480 [Test worker] DEBUG org.eclipse.jetty.util.component.AbstractLifeCycle - STARTED @80042ms GzipHandler@34f0fdaa{STARTED,min=32,inflate=-1}
13:18:48.480 [Test worker] DEBUG org.eclipse.jetty.util.component.AbstractLifeCycle - STARTED @80042ms HandlerCollection@17852bf3{STARTED}
13:18:48.481 [Test worker] DEBUG org.eclipse.jetty.util.component.AbstractLifeCycle - starting ErrorHandler@2642adfe{STOPPED}
13:18:48.481 [Test worker] DEBUG org.eclipse.jetty.server.handler.AbstractHandler - starting ErrorHandler@2642adfe{STARTING}
13:18:48.481 [Test worker] DEBUG org.eclipse.jetty.util.component.AbstractLifeCycle - STARTED @80043ms ErrorHandler@2642adfe{STARTED}
13:18:48.483 [Test worker] DEBUG org.eclipse.jetty.util.component.AbstractLifeCycle - starting NetworkTrafficServerConnector@44d9c01f{HTTP/1.1, (http/1.1)}{0.0.0.0:8080}
13:18:48.484 [Test worker] DEBUG org.eclipse.jetty.util.component.ContainerLifeCycle - NetworkTrafficServerConnector@44d9c01f{HTTP/1.1, (http/1.1)}{0.0.0.0:8080} added {sun.nio.ch.ServerSocketChannelImpl[/0:0:0:0:0:0:0:0:8080],POJO}
13:18:48.486 [Test worker] DEBUG org.eclipse.jetty.util.component.AbstractLifeCycle - starting ScheduledExecutorScheduler@ceb08a7{STOPPED}
13:18:48.486 [Test worker] DEBUG org.eclipse.jetty.util.component.AbstractLifeCycle - STARTED @80048ms ScheduledExecutorScheduler@ceb08a7{STARTED}
13:18:48.487 [Test worker] DEBUG org.eclipse.jetty.util.component.AbstractLifeCycle - starting HttpConnectionFactory@ca909fb[HTTP/1.1]
13:18:48.487 [Test worker] DEBUG org.eclipse.jetty.util.component.AbstractLifeCycle - STARTED @80049ms HttpConnectionFactory@ca909fb[HTTP/1.1]
13:18:48.487 [Test worker] DEBUG org.eclipse.jetty.util.component.AbstractLifeCycle - starting SelectorManager@NetworkTrafficServerConnector@44d9c01f{HTTP/1.1, (http/1.1)}{0.0.0.0:8080}
13:18:48.488 [Test worker] DEBUG org.eclipse.jetty.util.component.ContainerLifeCycle - EatWhatYouKill@30e98985/SelectorProducer@7d5788c3/IDLE/p=false/QueuedThreadPool[qtp2010498327]@77d5c517{STARTED,8<=8<=14,i=8,r=1,q=0}[ReservedThreadExecutor@1826c076{s=0/1,p=0}][pc=0,pic=0,pec=0,epc=0]@2020-09-25T13:18:48.4889542+02:00 added {SelectorProducer@7d5788c3,POJO}
13:18:48.488 [Test worker] DEBUG org.eclipse.jetty.util.component.ContainerLifeCycle - EatWhatYouKill@30e98985/SelectorProducer@7d5788c3/IDLE/p=false/QueuedThreadPool[qtp2010498327]@77d5c517{STARTED,8<=8<=14,i=8,r=1,q=0}[ReservedThreadExecutor@1826c076{s=0/1,p=0}][pc=0,pic=0,pec=0,epc=0]@2020-09-25T13:18:48.4889542+02:00 added {QueuedThreadPool[qtp2010498327]@77d5c517{STARTED,8<=8<=14,i=8,r=1,q=0}[ReservedThreadExecutor@1826c076{s=0/1,p=0}],UNMANAGED}
13:18:48.489 [Test worker] DEBUG org.eclipse.jetty.util.thread.strategy.EatWhatYouKill - EatWhatYouKill@30e98985/SelectorProducer@7d5788c3/IDLE/p=false/QueuedThreadPool[qtp2010498327]@77d5c517{STARTED,8<=8<=14,i=8,r=1,q=0}[ReservedThreadExecutor@1826c076{s=0/1,p=0}][pc=0,pic=0,pec=0,epc=0]@2020-09-25T13:18:48.4899479+02:00 created
13:18:48.489 [Test worker] DEBUG org.eclipse.jetty.util.component.ContainerLifeCycle - ManagedSelector@504f5232{STOPPED} id=0 keys=-1 selected=-1 updates=0 added {EatWhatYouKill@30e98985/SelectorProducer@7d5788c3/IDLE/p=false/QueuedThreadPool[qtp2010498327]@77d5c517{STARTED,8<=8<=14,i=8,r=1,q=0}[ReservedThreadExecutor@1826c076{s=0/1,p=0}][pc=0,pic=0,pec=0,epc=0]@2020-09-25T13:18:48.4899479+02:00,MANAGED}
13:18:48.489 [Test worker] DEBUG org.eclipse.jetty.util.component.ContainerLifeCycle - SelectorManager@NetworkTrafficServerConnector@44d9c01f{HTTP/1.1, (http/1.1)}{0.0.0.0:8080} added {ManagedSelector@504f5232{STOPPED} id=0 keys=-1 selected=-1 updates=0,AUTO}
13:18:48.490 [Test worker] DEBUG org.eclipse.jetty.util.component.ContainerLifeCycle - EatWhatYouKill@15c4be73/SelectorProducer@691db8ef/IDLE/p=false/QueuedThreadPool[qtp2010498327]@77d5c517{STARTED,8<=8<=14,i=8,r=1,q=0}[ReservedThreadExecutor@1826c076{s=0/1,p=0}][pc=0,pic=0,pec=0,epc=0]@2020-09-25T13:18:48.4909445+02:00 added {SelectorProducer@691db8ef,POJO}
13:18:48.491 [Test worker] DEBUG org.eclipse.jetty.util.component.ContainerLifeCycle - EatWhatYouKill@15c4be73/SelectorProducer@691db8ef/IDLE/p=false/QueuedThreadPool[qtp2010498327]@77d5c517{STARTED,8<=8<=14,i=8,r=1,q=0}[ReservedThreadExecutor@1826c076{s=0/1,p=0}][pc=0,pic=0,pec=0,epc=0]@2020-09-25T13:18:48.4909445+02:00 added {QueuedThreadPool[qtp2010498327]@77d5c517{STARTED,8<=8<=14,i=8,r=1,q=0}[ReservedThreadExecutor@1826c076{s=0/1,p=0}],UNMANAGED}
13:18:48.491 [Test worker] DEBUG org.eclipse.jetty.util.thread.strategy.EatWhatYouKill - EatWhatYouKill@15c4be73/SelectorProducer@691db8ef/IDLE/p=false/QueuedThreadPool[qtp2010498327]@77d5c517{STARTED,8<=8<=14,i=8,r=1,q=0}[ReservedThreadExecutor@1826c076{s=0/1,p=0}][pc=0,pic=0,pec=0,epc=0]@2020-09-25T13:18:48.4919448+02:00 created
13:18:48.492 [Test worker] DEBUG org.eclipse.jetty.util.component.ContainerLifeCycle - ManagedSelector@28cd349f{STOPPED} id=1 keys=-1 selected=-1 updates=0 added {EatWhatYouKill@15c4be73/SelectorProducer@691db8ef/IDLE/p=false/QueuedThreadPool[qtp2010498327]@77d5c517{STARTED,8<=8<=14,i=8,r=1,q=0}[ReservedThreadExecutor@1826c076{s=0/1,p=0}][pc=0,pic=0,pec=0,epc=0]@2020-09-25T13:18:48.4929499+02:00,MANAGED}
13:18:48.493 [Test worker] DEBUG org.eclipse.jetty.util.component.ContainerLifeCycle - SelectorManager@NetworkTrafficServerConnector@44d9c01f{HTTP/1.1, (http/1.1)}{0.0.0.0:8080} added {ManagedSelector@28cd349f{STOPPED} id=1 keys=-1 selected=-1 updates=0,AUTO}
13:18:48.493 [Test worker] DEBUG org.eclipse.jetty.util.component.AbstractLifeCycle - starting ManagedSelector@504f5232{STOPPED} id=0 keys=-1 selected=-1 updates=0
13:18:48.493 [Test worker] DEBUG org.eclipse.jetty.util.component.AbstractLifeCycle - starting EatWhatYouKill@30e98985/SelectorProducer@7d5788c3/IDLE/p=false/QueuedThreadPool[qtp2010498327]@77d5c517{STARTED,8<=8<=14,i=8,r=1,q=0}[ReservedThreadExecutor@1826c076{s=0/1,p=0}][pc=0,pic=0,pec=0,epc=0]@2020-09-25T13:18:48.4939445+02:00
13:18:48.494 [Test worker] DEBUG org.eclipse.jetty.util.component.AbstractLifeCycle - STARTED @80055ms EatWhatYouKill@30e98985/SelectorProducer@7d5788c3/IDLE/p=false/QueuedThreadPool[qtp2010498327]@77d5c517{STARTED,8<=8<=14,i=8,r=1,q=0}[ReservedThreadExecutor@1826c076{s=0/1,p=0}][pc=0,pic=0,pec=0,epc=0]@2020-09-25T13:18:48.4949467+02:00
13:18:48.498 [Test worker] DEBUG org.eclipse.jetty.util.thread.QueuedThreadPool - queue org.eclipse.jetty.io.ManagedSelector$$Lambda$425/0x00000001005fc040@2b93d76 startThread=0
13:18:48.498 [Test worker] DEBUG org.eclipse.jetty.io.ManagedSelector - Queued change org.eclipse.jetty.io.ManagedSelector$Start@32be2c74 on ManagedSelector@504f5232{STARTING} id=0 keys=0 selected=0 updates=0
13:18:48.568 [qtp2010498327-83] DEBUG org.eclipse.jetty.util.thread.QueuedThreadPool - Runner started for QueuedThreadPool[qtp2010498327]@77d5c517{STARTED,8<=8<=14,i=7,r=1,q=0}[ReservedThreadExecutor@1826c076{s=0/1,p=0}]
13:18:48.569 [qtp2010498327-83] DEBUG org.eclipse.jetty.util.thread.QueuedThreadPool - run org.eclipse.jetty.io.ManagedSelector$$Lambda$425/0x00000001005fc040@2b93d76 in QueuedThreadPool[qtp2010498327]@77d5c517{STARTED,8<=8<=14,i=7,r=1,q=0}[ReservedThreadExecutor@1826c076{s=0/1,p=0}]
13:18:48.569 [qtp2010498327-83] DEBUG org.eclipse.jetty.util.thread.strategy.EatWhatYouKill - EatWhatYouKill@30e98985/SelectorProducer@7d5788c3/IDLE/p=false/QueuedThreadPool[qtp2010498327]@77d5c517{STARTED,8<=8<=14,i=7,r=1,q=0}[ReservedThreadExecutor@1826c076{s=0/1,p=0}][pc=0,pic=0,pec=0,epc=0]@2020-09-25T13:18:48.5699342+02:00 tryProduce false
13:18:48.569 [qtp2010498327-83] DEBUG org.eclipse.jetty.io.ManagedSelector - updateable 1
13:18:48.570 [qtp2010498327-83] DEBUG org.eclipse.jetty.io.ManagedSelector - update org.eclipse.jetty.io.ManagedSelector$Start@32be2c74
13:18:48.570 [Test worker] DEBUG org.eclipse.jetty.util.component.AbstractLifeCycle - STARTED @80132ms ManagedSelector@504f5232{STARTED} id=0 keys=0 selected=0 updates=0
13:18:48.570 [Test worker] DEBUG org.eclipse.jetty.util.component.AbstractLifeCycle - starting ManagedSelector@28cd349f{STOPPED} id=1 keys=-1 selected=-1 updates=0
13:18:48.570 [Test worker] DEBUG org.eclipse.jetty.util.component.AbstractLifeCycle - starting EatWhatYouKill@15c4be73/SelectorProducer@691db8ef/IDLE/p=false/QueuedThreadPool[qtp2010498327]@77d5c517{STARTED,8<=8<=14,i=7,r=1,q=0}[ReservedThreadExecutor@1826c076{s=0/1,p=0}][pc=0,pic=0,pec=0,epc=0]@2020-09-25T13:18:48.5709304+02:00
13:18:48.570 [Test worker] DEBUG org.eclipse.jetty.util.component.AbstractLifeCycle - STARTED @80132ms EatWhatYouKill@15c4be73/SelectorProducer@691db8ef/IDLE/p=false/QueuedThreadPool[qtp2010498327]@77d5c517{STARTED,8<=8<=14,i=7,r=1,q=0}[ReservedThreadExecutor@1826c076{s=0/1,p=0}][pc=0,pic=0,pec=0,epc=0]@2020-09-25T13:18:48.5709304+02:00
13:18:48.572 [Test worker] DEBUG org.eclipse.jetty.util.thread.QueuedThreadPool - queue org.eclipse.jetty.io.ManagedSelector$$Lambda$425/0x00000001005fc040@36e0300c startThread=0
13:18:48.572 [Test worker] DEBUG org.eclipse.jetty.io.ManagedSelector - Queued change org.eclipse.jetty.io.ManagedSelector$Start@77488383 on ManagedSelector@28cd349f{STARTING} id=1 keys=0 selected=0 updates=0
13:18:48.572 [qtp2010498327-83] DEBUG org.eclipse.jetty.io.ManagedSelector - updates 0
13:18:48.572 [qtp2010498327-83] DEBUG org.eclipse.jetty.io.ManagedSelector - Selector sun.nio.ch.WindowsSelectorImpl@453bb545 waiting with 0 keys
13:18:48.642 [qtp2010498327-84] DEBUG org.eclipse.jetty.util.thread.QueuedThreadPool - Runner started for QueuedThreadPool[qtp2010498327]@77d5c517{STARTED,8<=8<=14,i=6,r=1,q=0}[ReservedThreadExecutor@1826c076{s=0/1,p=0}]
13:18:48.643 [qtp2010498327-84] DEBUG org.eclipse.jetty.util.thread.QueuedThreadPool - run org.eclipse.jetty.io.ManagedSelector$$Lambda$425/0x00000001005fc040@36e0300c in QueuedThreadPool[qtp2010498327]@77d5c517{STARTED,8<=8<=14,i=6,r=1,q=0}[ReservedThreadExecutor@1826c076{s=0/1,p=0}]
13:18:48.644 [qtp2010498327-84] DEBUG org.eclipse.jetty.util.thread.strategy.EatWhatYouKill - EatWhatYouKill@15c4be73/SelectorProducer@691db8ef/IDLE/p=false/QueuedThreadPool[qtp2010498327]@77d5c517{STARTED,8<=8<=14,i=6,r=1,q=0}[ReservedThreadExecutor@1826c076{s=0/1,p=0}][pc=0,pic=0,pec=0,epc=0]@2020-09-25T13:18:48.6439248+02:00 tryProduce false
13:18:48.644 [qtp2010498327-84] DEBUG org.eclipse.jetty.io.ManagedSelector - updateable 1
13:18:48.644 [qtp2010498327-84] DEBUG org.eclipse.jetty.io.ManagedSelector - update org.eclipse.jetty.io.ManagedSelector$Start@77488383
13:18:48.644 [Test worker] DEBUG org.eclipse.jetty.util.component.AbstractLifeCycle - STARTED @80206ms ManagedSelector@28cd349f{STARTED} id=1 keys=0 selected=0 updates=0
13:18:48.644 [Test worker] DEBUG org.eclipse.jetty.util.component.AbstractLifeCycle - STARTED @80206ms SelectorManager@NetworkTrafficServerConnector@44d9c01f{HTTP/1.1, (http/1.1)}{0.0.0.0:8080}
13:18:48.644 [Test worker] DEBUG org.eclipse.jetty.util.component.ContainerLifeCycle - NetworkTrafficServerConnector@44d9c01f{HTTP/1.1, (http/1.1)}{0.0.0.0:8080} added {acceptor-0@3cd15291,POJO}
13:18:48.644 [Test worker] DEBUG org.eclipse.jetty.util.thread.QueuedThreadPool - queue acceptor-0@3cd15291 startThread=0
13:18:48.644 [Test worker] DEBUG org.eclipse.jetty.util.component.ContainerLifeCycle - NetworkTrafficServerConnector@44d9c01f{HTTP/1.1, (http/1.1)}{0.0.0.0:8080} added {acceptor-1@7fcf14f3,POJO}
13:18:48.644 [Test worker] DEBUG org.eclipse.jetty.util.thread.QueuedThreadPool - queue acceptor-1@7fcf14f3 startThread=0
13:18:48.644 [Test worker] DEBUG org.eclipse.jetty.util.component.ContainerLifeCycle - NetworkTrafficServerConnector@44d9c01f{HTTP/1.1, (http/1.1)}{0.0.0.0:8080} added {acceptor-2@48182b56,POJO}
13:18:48.644 [Test worker] DEBUG org.eclipse.jetty.util.thread.QueuedThreadPool - queue acceptor-2@48182b56 startThread=0
13:18:48.645 [Test worker] INFO org.eclipse.jetty.server.AbstractConnector - Started NetworkTrafficServerConnector@44d9c01f{HTTP/1.1, (http/1.1)}{0.0.0.0:8080}
13:18:48.645 [Test worker] DEBUG org.eclipse.jetty.util.component.AbstractLifeCycle - STARTED @80207ms NetworkTrafficServerConnector@44d9c01f{HTTP/1.1, (http/1.1)}{0.0.0.0:8080}
13:18:48.645 [Test worker] INFO org.eclipse.jetty.server.Server - Started @80207ms
13:18:48.645 [Test worker] DEBUG org.eclipse.jetty.util.component.AbstractLifeCycle - STARTED @80207ms Server@1bea6209{STARTED}[9.4.28.v20200408]
13:18:48.649 [Test worker] DEBUG org.apache.http.impl.conn.PoolingHttpClientConnectionManager - Connection request: [route: {}->http://localhost:8080][total available: 1; route allocated: 1 of 5; total allocated: 1 of 50]
13:18:48.650 [Test worker] DEBUG org.apache.http.wire - http-outgoing-4 << "end of stream"
13:18:48.650 [Test worker] DEBUG org.apache.http.impl.conn.DefaultManagedHttpClientConnection - http-outgoing-4: Close connection
13:18:48.650 [Test worker] DEBUG org.apache.http.impl.conn.PoolingHttpClientConnectionManager - Connection leased: [id: 5][route: {}->http://localhost:8080][total available: 0; route allocated: 1 of 5; total allocated: 1 of 50]
13:18:48.650 [Test worker] DEBUG org.apache.http.impl.execchain.MainClientExec - Opening connection {}->http://localhost:8080
13:18:48.650 [Test worker] DEBUG org.apache.http.impl.conn.DefaultHttpClientConnectionOperator - Connecting to localhost/127.0.0.1:8080
13:18:48.651 [Test worker] DEBUG org.apache.http.impl.conn.DefaultHttpClientConnectionOperator - Connection established 127.0.0.1:65014<->127.0.0.1:8080
13:18:48.651 [Test worker] DEBUG org.apache.http.impl.execchain.MainClientExec - Executing request POST /__admin/mappings HTTP/1.1
13:18:48.651 [Test worker] DEBUG org.apache.http.impl.execchain.MainClientExec - Target auth state: UNCHALLENGED
13:18:48.651 [Test worker] DEBUG org.apache.http.impl.execchain.MainClientExec - Proxy auth state: UNCHALLENGED
13:18:48.651 [Test worker] DEBUG org.apache.http.headers - http-outgoing-5 >> POST /__admin/mappings HTTP/1.1
13:18:48.651 [Test worker] DEBUG org.apache.http.headers - http-outgoing-5 >> Content-Length: 368
13:18:48.651 [Test worker] DEBUG org.apache.http.headers - http-outgoing-5 >> Content-Type: text/plain; charset=UTF-8
13:18:48.651 [Test worker] DEBUG org.apache.http.headers - http-outgoing-5 >> Host: localhost:8080
13:18:48.651 [Test worker] DEBUG org.apache.http.headers - http-outgoing-5 >> Connection: Keep-Alive
13:18:48.651 [Test worker] DEBUG org.apache.http.headers - http-outgoing-5 >> User-Agent: Apache-HttpClient/4.5.12 (Java/11.0.2)
13:18:48.651 [Test worker] DEBUG org.apache.http.wire - http-outgoing-5 >> "POST /__admin/mappings HTTP/1.1[\r][\n]"
13:18:48.651 [Test worker] DEBUG org.apache.http.wire - http-outgoing-5 >> "Content-Length: 368[\r][\n]"
13:18:48.651 [Test worker] DEBUG org.apache.http.wire - http-outgoing-5 >> "Content-Type: text/plain; charset=UTF-8[\r][\n]"
13:18:48.651 [Test worker] DEBUG org.apache.http.wire - http-outgoing-5 >> "Host: localhost:8080[\r][\n]"
13:18:48.651 [Test worker] DEBUG org.apache.http.wire - http-outgoing-5 >> "Connection: Keep-Alive[\r][\n]"
13:18:48.651 [Test worker] DEBUG org.apache.http.wire - http-outgoing-5 >> "User-Agent: Apache-HttpClient/4.5.12 (Java/11.0.2)[\r][\n]"
13:18:48.651 [Test worker] DEBUG org.apache.http.wire - http-outgoing-5 >> "[\r][\n]"
13:18:48.651 [Test worker] DEBUG org.apache.http.wire - http-outgoing-5 >> "{[\r][\n]"
13:18:48.651 [Test worker] DEBUG org.apache.http.wire - http-outgoing-5 >> "  "id" : "681e0c40-ccf0-43d4-be5a-75194c1b69d2",[\r][\n]"
13:18:48.651 [Test worker] DEBUG org.apache.http.wire - http-outgoing-5 >> "  "request" : {[\r][\n]"
13:18:48.651 [Test worker] DEBUG org.apache.http.wire - http-outgoing-5 >> "    "url" : "/api/v0/components/products/a75ba316-b0e1-438c-8e6c-a31786431307/questions/hidden",[\r][\n]"
13:18:48.651 [Test worker] DEBUG org.apache.http.wire - http-outgoing-5 >> "    "method" : "GET"[\r][\n]"
13:18:48.651 [Test worker] DEBUG org.apache.http.wire - http-outgoing-5 >> "  },[\r][\n]"
13:18:48.651 [Test worker] DEBUG org.apache.http.wire - http-outgoing-5 >> "  "response" : {[\r][\n]"
13:18:48.651 [Test worker] DEBUG org.apache.http.wire - http-outgoing-5 >> "    "status" : 401[\r][\n]"
13:18:48.651 [Test worker] DEBUG org.apache.http.wire - http-outgoing-5 >> "  },[\r][\n]"
13:18:48.651 [Test worker] DEBUG org.apache.http.wire - http-outgoing-5 >> "  "uuid" : "681e0c40-ccf0-43d4-be5a-75194c1b69d2",[\r][\n]"
13:18:48.652 [Test worker] DEBUG org.apache.http.wire - http-outgoing-5 >> "  "scenarioName" : "unAuthorized",[\r][\n]"
13:18:48.652 [Test worker] DEBUG org.apache.http.wire - http-outgoing-5 >> "  "requiredScenarioState" : "Started"[\r][\n]"
13:18:48.652 [Test worker] DEBUG org.apache.http.wire - http-outgoing-5 >> "}"
13:18:48.654 [qtp2010498327-84] DEBUG org.eclipse.jetty.io.ManagedSelector - updates 0
13:18:48.654 [qtp2010498327-84] DEBUG org.eclipse.jetty.io.ManagedSelector - Selector sun.nio.ch.WindowsSelectorImpl@6af36ac3 waiting with 0 keys
13:18:48.800 [qtp2010498327-88] DEBUG org.eclipse.jetty.util.thread.QueuedThreadPool - Runner started for QueuedThreadPool[qtp2010498327]@77d5c517{STARTED,8<=8<=14,i=3,r=1,q=0}[ReservedThreadExecutor@1826c076{s=0/1,p=0}]
13:18:48.800 [qtp2010498327-85] DEBUG org.eclipse.jetty.util.thread.QueuedThreadPool - Runner started for QueuedThreadPool[qtp2010498327]@77d5c517{STARTED,8<=8<=14,i=3,r=1,q=0}[ReservedThreadExecutor@1826c076{s=0/1,p=0}]
13:18:48.800 [qtp2010498327-86] DEBUG org.eclipse.jetty.util.thread.QueuedThreadPool - Runner started for QueuedThreadPool[qtp2010498327]@77d5c517{STARTED,8<=8<=14,i=3,r=1,q=0}[ReservedThreadExecutor@1826c076{s=0/1,p=0}]
13:18:48.800 [qtp2010498327-85] DEBUG org.eclipse.jetty.util.thread.QueuedThreadPool - run acceptor-1@7fcf14f3 in QueuedThreadPool[qtp2010498327]@77d5c517{STARTED,8<=8<=14,i=3,r=1,q=0}[ReservedThreadExecutor@1826c076{s=0/1,p=0}]
13:18:48.800 [qtp2010498327-86] DEBUG org.eclipse.jetty.util.thread.QueuedThreadPool - run acceptor-2@48182b56 in QueuedThreadPool[qtp2010498327]@77d5c517{STARTED,8<=8<=14,i=3,r=1,q=0}[ReservedThreadExecutor@1826c076{s=0/1,p=0}]
13:18:48.800 [qtp2010498327-87] DEBUG org.eclipse.jetty.util.thread.QueuedThreadPool - Runner started for QueuedThreadPool[qtp2010498327]@77d5c517{STARTED,8<=8<=14,i=3,r=1,q=0}[ReservedThreadExecutor@1826c076{s=0/1,p=0}]
13:18:48.800 [qtp2010498327-88] DEBUG org.eclipse.jetty.util.thread.QueuedThreadPool - run acceptor-0@3cd15291 in QueuedThreadPool[qtp2010498327]@77d5c517{STARTED,8<=8<=14,i=3,r=1,q=0}[ReservedThreadExecutor@1826c076{s=0/1,p=0}]
13:18:48.800 [qtp2010498327-90] DEBUG org.eclipse.jetty.util.thread.QueuedThreadPool - Runner started for QueuedThreadPool[qtp2010498327]@77d5c517{STARTED,8<=8<=14,i=3,r=1,q=0}[ReservedThreadExecutor@1826c076{s=0/1,p=0}]
13:18:48.801 [qtp2010498327-89] DEBUG org.eclipse.jetty.util.thread.QueuedThreadPool - Runner started for QueuedThreadPool[qtp2010498327]@77d5c517{STARTED,8<=8<=14,i=3,r=1,q=0}[ReservedThreadExecutor@1826c076{s=0/1,p=0}]
13:18:48.801 [qtp2010498327-86-acceptor-2@48182b56-NetworkTrafficServerConnector@44d9c01f{HTTP/1.1, (http/1.1)}{0.0.0.0:8080}] DEBUG org.eclipse.jetty.io.ManagedSelector - Queued change org.eclipse.jetty.io.ManagedSelector$Accept@77361ce0 on ManagedSelector@28cd349f{STARTED} id=1 keys=0 selected=0 updates=0
13:18:48.802 [qtp2010498327-86-acceptor-2@48182b56-NetworkTrafficServerConnector@44d9c01f{HTTP/1.1, (http/1.1)}{0.0.0.0:8080}] DEBUG org.eclipse.jetty.io.ManagedSelector - Wakeup on submit ManagedSelector@28cd349f{STARTED} id=1 keys=0 selected=0 updates=1
13:18:48.802 [qtp2010498327-84] DEBUG org.eclipse.jetty.io.ManagedSelector - Selector sun.nio.ch.WindowsSelectorImpl@6af36ac3 woken with none selected
13:18:48.802 [qtp2010498327-84] DEBUG org.eclipse.jetty.io.ManagedSelector - Selector sun.nio.ch.WindowsSelectorImpl@6af36ac3 woken up from select, 0/0/0 selected
13:18:48.802 [qtp2010498327-84] DEBUG org.eclipse.jetty.io.ManagedSelector - Selector sun.nio.ch.WindowsSelectorImpl@6af36ac3 processing 0 keys, 1 updates
13:18:48.802 [qtp2010498327-84] DEBUG org.eclipse.jetty.io.ManagedSelector - updateable 1
13:18:48.802 [qtp2010498327-84] DEBUG org.eclipse.jetty.io.ManagedSelector - update org.eclipse.jetty.io.ManagedSelector$Accept@77361ce0
13:18:48.802 [qtp2010498327-84] DEBUG org.eclipse.jetty.util.thread.QueuedThreadPool - queue org.eclipse.jetty.io.ManagedSelector$Accept@77361ce0 startThread=0
13:18:48.802 [qtp2010498327-84] DEBUG org.eclipse.jetty.io.ManagedSelector - updates 0
13:18:48.802 [qtp2010498327-84] DEBUG org.eclipse.jetty.io.ManagedSelector - Selector sun.nio.ch.WindowsSelectorImpl@6af36ac3 waiting with 1 keys
13:18:48.802 [qtp2010498327-87] DEBUG org.eclipse.jetty.util.thread.QueuedThreadPool - run org.eclipse.jetty.io.ManagedSelector$Accept@77361ce0 in QueuedThreadPool[qtp2010498327]@77d5c517{STARTED,8<=8<=14,i=2,r=1,q=0}[ReservedThreadExecutor@1826c076{s=0/1,p=0}]
13:18:48.803 [qtp2010498327-87] DEBUG org.eclipse.jetty.io.IdleTimeout - NetworkTrafficSocketChannelEndPoint@72874216{/127.0.0.1:65014<->/127.0.0.1:8080,OPEN,fill=-,flush=-,to=0/30000}{io=0/0,kio=0,kro=0}-><null> idle timeout check, elapsed: 0 ms, remaining: 30000 ms
13:18:48.803 [qtp2010498327-87] DEBUG org.eclipse.jetty.server.HttpChannel - new HttpChannelOverHttp@787f2966{s=HttpChannelState@3d7da80d{s=IDLE rs=BLOCKING os=OPEN is=IDLE awp=false se=false i=true al=0},r=0,c=false/false,a=IDLE,uri=null,age=0} -> NetworkTrafficSocketChannelEndPoint@72874216{/127.0.0.1:65014<->/127.0.0.1:8080,OPEN,fill=-,flush=-,to=0/30000}{io=0/0,kio=0,kro=0}-><null>,null,HttpChannelState@3d7da80d{s=IDLE rs=BLOCKING os=OPEN is=IDLE awp=false se=false i=true al=0}
13:18:48.803 [qtp2010498327-87] DEBUG org.eclipse.jetty.server.HttpConnection - New HTTP Connection HttpConnection@7522ca46::NetworkTrafficSocketChannelEndPoint@72874216{/127.0.0.1:65014<->/127.0.0.1:8080,OPEN,fill=-,flush=-,to=0/30000}{io=0/0,kio=0,kro=0}-><null>
13:18:48.804 [qtp2010498327-87] DEBUG org.eclipse.jetty.io.AbstractEndPoint - onOpen NetworkTrafficSocketChannelEndPoint@72874216{/127.0.0.1:65014<->/127.0.0.1:8080,OPEN,fill=-,flush=-,to=1/30000}{io=0/0,kio=0,kro=0}->HttpConnection@7522ca46[p=HttpParser{s=START,0 of -1},g=HttpGenerator@c0a97c6{s=START}]=>HttpChannelOverHttp@787f2966{s=HttpChannelState@3d7da80d{s=IDLE rs=BLOCKING os=OPEN is=IDLE awp=false se=false i=true al=0},r=0,c=false/false,a=IDLE,uri=null,age=0}
13:18:48.804 [qtp2010498327-87] DEBUG org.eclipse.jetty.io.AbstractConnection - onOpen HttpConnection@7522ca46::NetworkTrafficSocketChannelEndPoint@72874216{/127.0.0.1:65014<->/127.0.0.1:8080,OPEN,fill=-,flush=-,to=1/30000}{io=0/0,kio=0,kro=0}->HttpConnection@7522ca46[p=HttpParser{s=START,0 of -1},g=HttpGenerator@c0a97c6{s=START}]=>HttpChannelOverHttp@787f2966{s=HttpChannelState@3d7da80d{s=IDLE rs=BLOCKING os=OPEN is=IDLE awp=false se=false i=true al=0},r=0,c=false/false,a=IDLE,uri=null,age=0}
13:18:48.804 [qtp2010498327-87] DEBUG org.eclipse.jetty.io.AbstractConnection - fillInterested HttpConnection@7522ca46::NetworkTrafficSocketChannelEndPoint@72874216{/127.0.0.1:65014<->/127.0.0.1:8080,OPEN,fill=-,flush=-,to=1/30000}{io=0/0,kio=0,kro=0}->HttpConnection@7522ca46[p=HttpParser{s=START,0 of -1},g=HttpGenerator@c0a97c6{s=START}]=>HttpChannelOverHttp@787f2966{s=HttpChannelState@3d7da80d{s=IDLE rs=BLOCKING os=OPEN is=IDLE awp=false se=false i=true al=0},r=0,c=false/false,a=IDLE,uri=null,age=0}
13:18:48.804 [qtp2010498327-87] DEBUG org.eclipse.jetty.io.FillInterest - interested FillInterest@dbfab38{AC.ReadCB@7522ca46{HttpConnection@7522ca46::NetworkTrafficSocketChannelEndPoint@72874216{/127.0.0.1:65014<->/127.0.0.1:8080,OPEN,fill=FI,flush=-,to=0/30000}{io=0/0,kio=0,kro=0}->HttpConnection@7522ca46[p=HttpParser{s=START,0 of -1},g=HttpGenerator@c0a97c6{s=START}]=>HttpChannelOverHttp@787f2966{s=HttpChannelState@3d7da80d{s=IDLE rs=BLOCKING os=OPEN is=IDLE awp=false se=false i=true al=0},r=0,c=false/false,a=IDLE,uri=null,age=0}}}
13:18:48.804 [qtp2010498327-87] DEBUG org.eclipse.jetty.io.ChannelEndPoint - changeInterests p=false 0->1 for NetworkTrafficSocketChannelEndPoint@72874216{/127.0.0.1:65014<->/127.0.0.1:8080,OPEN,fill=FI,flush=-,to=0/30000}{io=0/1,kio=0,kro=0}->HttpConnection@7522ca46[p=HttpParser{s=START,0 of -1},g=HttpGenerator@c0a97c6{s=START}]=>HttpChannelOverHttp@787f2966{s=HttpChannelState@3d7da80d{s=IDLE rs=BLOCKING os=OPEN is=IDLE awp=false se=false i=true al=0},r=0,c=false/false,a=IDLE,uri=null,age=0}
13:18:48.804 [qtp2010498327-87] DEBUG org.eclipse.jetty.io.ManagedSelector - Queued change org.eclipse.jetty.io.ChannelEndPoint$1@5d525742 on ManagedSelector@28cd349f{STARTED} id=1 keys=1 selected=0 updates=0
13:18:48.804 [qtp2010498327-87] DEBUG org.eclipse.jetty.io.ManagedSelector - Wakeup on submit ManagedSelector@28cd349f{STARTED} id=1 keys=1 selected=0 updates=1
13:18:48.805 [qtp2010498327-84] DEBUG org.eclipse.jetty.io.ManagedSelector - Selector sun.nio.ch.WindowsSelectorImpl@6af36ac3 woken with none selected
13:18:48.805 [qtp2010498327-84] DEBUG org.eclipse.jetty.io.ManagedSelector - Selector sun.nio.ch.WindowsSelectorImpl@6af36ac3 woken up from select, 0/0/1 selected
13:18:48.805 [qtp2010498327-84] DEBUG org.eclipse.jetty.io.ManagedSelector - Selector sun.nio.ch.WindowsSelectorImpl@6af36ac3 processing 0 keys, 1 updates
13:18:48.805 [qtp2010498327-84] DEBUG org.eclipse.jetty.io.ManagedSelector - updateable 1
13:18:48.805 [qtp2010498327-84] DEBUG org.eclipse.jetty.io.ManagedSelector - update org.eclipse.jetty.io.ChannelEndPoint$1@5d525742
13:18:48.805 [qtp2010498327-84] DEBUG org.eclipse.jetty.io.ChannelEndPoint - Key interests updated 0 -> 1 on NetworkTrafficSocketChannelEndPoint@72874216{/127.0.0.1:65014<->/127.0.0.1:8080,OPEN,fill=FI,flush=-,to=0/30000}{io=1/1,kio=1,kro=0}->HttpConnection@7522ca46[p=HttpParser{s=START,0 of -1},g=HttpGenerator@c0a97c6{s=START}]=>HttpChannelOverHttp@787f2966{s=HttpChannelState@3d7da80d{s=IDLE rs=BLOCKING os=OPEN is=IDLE awp=false se=false i=true al=0},r=0,c=false/false,a=IDLE,uri=null,age=0}
13:18:48.805 [qtp2010498327-84] DEBUG org.eclipse.jetty.io.ManagedSelector - updates 0
13:18:48.805 [qtp2010498327-84] DEBUG org.eclipse.jetty.io.ManagedSelector - Selector sun.nio.ch.WindowsSelectorImpl@6af36ac3 waiting with 1 keys
13:18:48.805 [qtp2010498327-84] DEBUG org.eclipse.jetty.io.ManagedSelector - Selector sun.nio.ch.WindowsSelectorImpl@6af36ac3 woken up from select, 1/1/1 selected
13:18:48.805 [qtp2010498327-84] DEBUG org.eclipse.jetty.io.ManagedSelector - Selector sun.nio.ch.WindowsSelectorImpl@6af36ac3 processing 1 keys, 0 updates
13:18:48.805 [qtp2010498327-84] DEBUG org.eclipse.jetty.io.ManagedSelector - selected 1 channel=java.nio.channels.SocketChannel[connected local=/127.0.0.1:8080 remote=/127.0.0.1:65014], selector=sun.nio.ch.WindowsSelectorImpl@6af36ac3, interestOps=1, readyOps=1 NetworkTrafficSocketChannelEndPoint@72874216{/127.0.0.1:65014<->/127.0.0.1:8080,OPEN,fill=FI,flush=-,to=0/30000}{io=1/1,kio=1,kro=1}->HttpConnection@7522ca46[p=HttpParser{s=START,0 of -1},g=HttpGenerator@c0a97c6{s=START}]=>HttpChannelOverHttp@787f2966{s=HttpChannelState@3d7da80d{s=IDLE rs=BLOCKING os=OPEN is=IDLE awp=false se=false i=true al=0},r=0,c=false/false,a=IDLE,uri=null,age=0} 
13:18:48.805 [qtp2010498327-84] DEBUG org.eclipse.jetty.io.ChannelEndPoint - onSelected 1->0 r=true w=false for NetworkTrafficSocketChannelEndPoint@72874216{/127.0.0.1:65014<->/127.0.0.1:8080,OPEN,fill=FI,flush=-,to=0/30000}{io=1/0,kio=1,kro=1}->HttpConnection@7522ca46[p=HttpParser{s=START,0 of -1},g=HttpGenerator@c0a97c6{s=START}]=>HttpChannelOverHttp@787f2966{s=HttpChannelState@3d7da80d{s=IDLE rs=BLOCKING os=OPEN is=IDLE awp=false se=false i=true al=0},r=0,c=false/false,a=IDLE,uri=null,age=0}
13:18:48.805 [qtp2010498327-84] DEBUG org.eclipse.jetty.io.ChannelEndPoint - task CEP:NetworkTrafficSocketChannelEndPoint@72874216{/127.0.0.1:65014<->/127.0.0.1:8080,OPEN,fill=FI,flush=-,to=1/30000}{io=1/0,kio=1,kro=1}->HttpConnection@7522ca46[p=HttpParser{s=START,0 of -1},g=HttpGenerator@c0a97c6{s=START}]=>HttpChannelOverHttp@787f2966{s=HttpChannelState@3d7da80d{s=IDLE rs=BLOCKING os=OPEN is=IDLE awp=false se=false i=true al=0},r=0,c=false/false,a=IDLE,uri=null,age=0}:runFillable:BLOCKING
13:18:48.805 [qtp2010498327-84] DEBUG org.eclipse.jetty.util.thread.ReservedThreadExecutor - ReservedThreadExecutor@1826c076{s=0/1,p=0} tryExecute EatWhatYouKill@15c4be73/SelectorProducer@691db8ef/PRODUCING/p=false/QueuedThreadPool[qtp2010498327]@77d5c517{STARTED,8<=8<=14,i=2,r=1,q=0}[ReservedThreadExecutor@1826c076{s=0/1,p=0}][pc=0,pic=0,pec=0,epc=0]@2020-09-25T13:18:48.8059048+02:00
13:18:48.805 [qtp2010498327-84] DEBUG org.eclipse.jetty.util.thread.ReservedThreadExecutor - ReservedThreadExecutor@1826c076{s=0/1,p=1} startReservedThread p=1
13:18:48.806 [qtp2010498327-84] DEBUG org.eclipse.jetty.util.thread.QueuedThreadPool - queue ReservedThreadExecutor@1826c076{s=0/1,p=1}@600b01b3 startThread=0
13:18:48.806 [qtp2010498327-84] DEBUG org.eclipse.jetty.util.thread.strategy.EatWhatYouKill - EatWhatYouKill@15c4be73/SelectorProducer@691db8ef/PRODUCING/p=false/QueuedThreadPool[qtp2010498327]@77d5c517{STARTED,8<=8<=14,i=1,r=1,q=0}[ReservedThreadExecutor@1826c076{s=0/1,p=1}][pc=0,pic=0,pec=0,epc=0]@2020-09-25T13:18:48.8069079+02:00 m=PRODUCE_EXECUTE_CONSUME t=CEP:NetworkTrafficSocketChannelEndPoint@72874216{/127.0.0.1:65014<->/127.0.0.1:8080,OPEN,fill=FI,flush=-,to=1/30000}{io=1/0,kio=1,kro=1}->HttpConnection@7522ca46[p=HttpParser{s=START,0 of -1},g=HttpGenerator@c0a97c6{s=START}]=>HttpChannelOverHttp@787f2966{s=HttpChannelState@3d7da80d{s=IDLE rs=BLOCKING os=OPEN is=IDLE awp=false se=false i=true al=0},r=0,c=false/false,a=IDLE,uri=null,age=0}:runFillable:BLOCKING/BLOCKING
13:18:48.806 [qtp2010498327-84] DEBUG org.eclipse.jetty.util.thread.QueuedThreadPool - queue CEP:NetworkTrafficSocketChannelEndPoint@72874216{/127.0.0.1:65014<->/127.0.0.1:8080,OPEN,fill=FI,flush=-,to=1/30000}{io=1/0,kio=1,kro=1}->HttpConnection@7522ca46[p=HttpParser{s=START,0 of -1},g=HttpGenerator@c0a97c6{s=START}]=>HttpChannelOverHttp@787f2966{s=HttpChannelState@3d7da80d{s=IDLE rs=BLOCKING os=OPEN is=IDLE awp=false se=false i=true al=0},r=0,c=false/false,a=IDLE,uri=null,age=0}:runFillable:BLOCKING startThread=0
13:18:48.806 [qtp2010498327-84] DEBUG org.eclipse.jetty.io.ManagedSelector - updateable 0
13:18:48.806 [qtp2010498327-84] DEBUG org.eclipse.jetty.io.ManagedSelector - updates 0
13:18:48.806 [qtp2010498327-84] DEBUG org.eclipse.jetty.io.ChannelEndPoint - Key interests updated 1 -> 0 on NetworkTrafficSocketChannelEndPoint@72874216{/127.0.0.1:65014<->/127.0.0.1:8080,OPEN,fill=FI,flush=-,to=1/30000}{io=0/0,kio=0,kro=1}->HttpConnection@7522ca46[p=HttpParser{s=START,0 of -1},g=HttpGenerator@c0a97c6{s=START}]=>HttpChannelOverHttp@787f2966{s=HttpChannelState@3d7da80d{s=IDLE rs=BLOCKING os=OPEN is=IDLE awp=false se=false i=true al=0},r=0,c=false/false,a=IDLE,uri=null,age=0}
13:18:48.806 [qtp2010498327-84] DEBUG org.eclipse.jetty.io.ManagedSelector - Selector sun.nio.ch.WindowsSelectorImpl@6af36ac3 waiting with 1 keys
13:18:48.806 [qtp2010498327-87] DEBUG org.eclipse.jetty.io.ManagedSelector - Created NetworkTrafficSocketChannelEndPoint@72874216{/127.0.0.1:65014<->/127.0.0.1:8080,OPEN,fill=FI,flush=-,to=2/30000}{io=0/0,kio=0,kro=1}->HttpConnection@7522ca46[p=HttpParser{s=START,0 of -1},g=HttpGenerator@c0a97c6{s=START}]=>HttpChannelOverHttp@787f2966{s=HttpChannelState@3d7da80d{s=IDLE rs=BLOCKING os=OPEN is=IDLE awp=false se=false i=true al=0},r=0,c=false/false,a=IDLE,uri=null,age=0}
13:18:48.806 [qtp2010498327-87] DEBUG org.eclipse.jetty.util.thread.QueuedThreadPool - ran org.eclipse.jetty.io.ManagedSelector$Accept@77361ce0 in QueuedThreadPool[qtp2010498327]@77d5c517{STARTED,8<=8<=14,i=0,r=1,q=0}[ReservedThreadExecutor@1826c076{s=0/1,p=1}]
13:18:48.806 [qtp2010498327-87] DEBUG org.eclipse.jetty.util.thread.QueuedThreadPool - run ReservedThreadExecutor@1826c076{s=0/1,p=1}@600b01b3 in QueuedThreadPool[qtp2010498327]@77d5c517{STARTED,8<=8<=14,i=1,r=1,q=0}[ReservedThreadExecutor@1826c076{s=0/1,p=1}]
13:18:48.806 [qtp2010498327-87] DEBUG org.eclipse.jetty.util.thread.ReservedThreadExecutor - ReservedThreadExecutor@1826c076{s=1/1,p=1}@600b01b3 started
13:18:48.806 [qtp2010498327-87] DEBUG org.eclipse.jetty.util.thread.ReservedThreadExecutor - ReservedThreadExecutor@1826c076{s=1/1,p=0}@600b01b3 waiting
13:18:48.807 [qtp2010498327-90] DEBUG org.eclipse.jetty.util.thread.QueuedThreadPool - run CEP:NetworkTrafficSocketChannelEndPoint@72874216{/127.0.0.1:65014<->/127.0.0.1:8080,OPEN,fill=FI,flush=-,to=2/30000}{io=0/0,kio=0,kro=1}->HttpConnection@7522ca46[p=HttpParser{s=START,0 of -1},g=HttpGenerator@c0a97c6{s=START}]=>HttpChannelOverHttp@787f2966{s=HttpChannelState@3d7da80d{s=IDLE rs=BLOCKING os=OPEN is=IDLE awp=false se=false i=true al=0},r=0,c=false/false,a=IDLE,uri=null,age=0}:runFillable:BLOCKING in QueuedThreadPool[qtp2010498327]@77d5c517{STARTED,8<=8<=14,i=1,r=1,q=0}[ReservedThreadExecutor@1826c076{s=1/1,p=0}]
13:18:48.807 [qtp2010498327-90] DEBUG org.eclipse.jetty.io.FillInterest - fillable FillInterest@dbfab38{AC.ReadCB@7522ca46{HttpConnection@7522ca46::NetworkTrafficSocketChannelEndPoint@72874216{/127.0.0.1:65014<->/127.0.0.1:8080,OPEN,fill=FI,flush=-,to=3/30000}{io=0/0,kio=0,kro=1}->HttpConnection@7522ca46[p=HttpParser{s=START,0 of -1},g=HttpGenerator@c0a97c6{s=START}]=>HttpChannelOverHttp@787f2966{s=HttpChannelState@3d7da80d{s=IDLE rs=BLOCKING os=OPEN is=IDLE awp=false se=false i=true al=0},r=0,c=false/false,a=IDLE,uri=null,age=0}}}
13:18:48.808 [qtp2010498327-90] DEBUG org.eclipse.jetty.server.HttpConnection - HttpConnection@7522ca46::NetworkTrafficSocketChannelEndPoint@72874216{/127.0.0.1:65014<->/127.0.0.1:8080,OPEN,fill=-,flush=-,to=3/30000}{io=0/0,kio=0,kro=1}->HttpConnection@7522ca46[p=HttpParser{s=START,0 of -1},g=HttpGenerator@c0a97c6{s=START}]=>HttpChannelOverHttp@787f2966{s=HttpChannelState@3d7da80d{s=IDLE rs=BLOCKING os=OPEN is=IDLE awp=false se=false i=true al=0},r=0,c=false/false,a=IDLE,uri=null,age=0} onFillable enter HttpChannelState@3d7da80d{s=IDLE rs=BLOCKING os=OPEN is=IDLE awp=false se=false i=true al=0} null
13:18:48.808 [qtp2010498327-90] DEBUG org.eclipse.jetty.io.ChannelEndPoint - filled 563 HeapByteBuffer@70c4892d[p=0,l=563,c=8192,r=563]={<<<POST /__admin/mappings HT...ioState" : "Started"\r\n}>>>\x00\x00\x00\x00\x00\x00\x00\x00\x00...\x00\x00\x00\x00\x00\x00\x00}
13:18:48.808 [qtp2010498327-90] DEBUG org.eclipse.jetty.server.HttpConnection - HttpConnection@7522ca46::NetworkTrafficSocketChannelEndPoint@72874216{/127.0.0.1:65014<->/127.0.0.1:8080,OPEN,fill=-,flush=-,to=0/30000}{io=0/0,kio=0,kro=1}->HttpConnection@7522ca46[p=HttpParser{s=START,0 of -1},g=HttpGenerator@c0a97c6{s=START}]=>HttpChannelOverHttp@787f2966{s=HttpChannelState@3d7da80d{s=IDLE rs=BLOCKING os=OPEN is=IDLE awp=false se=false i=true al=0},r=0,c=false/false,a=IDLE,uri=null,age=0} filled 563 HeapByteBuffer@70c4892d[p=0,l=563,c=8192,r=563]={<<<POST /__admin/mappings HT...ioState" : "Started"\r\n}>>>\x00\x00\x00\x00\x00\x00\x00\x00\x00...\x00\x00\x00\x00\x00\x00\x00}
13:18:48.808 [qtp2010498327-90] DEBUG org.eclipse.jetty.server.HttpConnection - HttpConnection@7522ca46::NetworkTrafficSocketChannelEndPoint@72874216{/127.0.0.1:65014<->/127.0.0.1:8080,OPEN,fill=-,flush=-,to=0/30000}{io=0/0,kio=0,kro=1}->HttpConnection@7522ca46[p=HttpParser{s=START,0 of -1},g=HttpGenerator@c0a97c6{s=START}]=>HttpChannelOverHttp@787f2966{s=HttpChannelState@3d7da80d{s=IDLE rs=BLOCKING os=OPEN is=IDLE awp=false se=false i=true al=0},r=0,c=false/false,a=IDLE,uri=null,age=0} parse HeapByteBuffer@70c4892d[p=0,l=563,c=8192,r=563]={<<<POST /__admin/mappings HT...ioState" : "Started"\r\n}>>>\x00\x00\x00\x00\x00\x00\x00\x00\x00...\x00\x00\x00\x00\x00\x00\x00} {}
13:18:48.808 [qtp2010498327-90] DEBUG org.eclipse.jetty.http.HttpParser - parseNext s=START HeapByteBuffer@70c4892d[p=0,l=563,c=8192,r=563]={<<<POST /__admin/mappings HT...ioState" : "Started"\r\n}>>>\x00\x00\x00\x00\x00\x00\x00\x00\x00...\x00\x00\x00\x00\x00\x00\x00}
13:18:48.808 [qtp2010498327-90] DEBUG org.eclipse.jetty.http.HttpParser - START --> SPACE1
13:18:48.808 [qtp2010498327-90] DEBUG org.eclipse.jetty.http.HttpParser - SPACE1 --> URI
13:18:48.808 [qtp2010498327-90] DEBUG org.eclipse.jetty.http.HttpParser - URI --> SPACE2
13:18:48.808 [qtp2010498327-90] DEBUG org.eclipse.jetty.http.HttpParser - SPACE2 --> REQUEST_VERSION
13:18:48.808 [qtp2010498327-90] DEBUG org.eclipse.jetty.http.HttpParser - REQUEST_VERSION --> HEADER
13:18:48.808 [qtp2010498327-90] DEBUG org.eclipse.jetty.http.HttpParser - HEADER:Content-Length --> VALUE
13:18:48.808 [qtp2010498327-90] DEBUG org.eclipse.jetty.http.HttpParser - HEADER:Content-Length --> IN_VALUE
13:18:48.808 [qtp2010498327-90] DEBUG org.eclipse.jetty.http.HttpParser - HEADER:Content-Length --> FIELD
13:18:48.808 [qtp2010498327-90] DEBUG org.eclipse.jetty.http.HttpParser - HEADER:Content-Type: text/plain; charset=UTF-8 --> IN_VALUE
13:18:48.808 [qtp2010498327-90] DEBUG org.eclipse.jetty.http.HttpParser - HEADER:Content-Type: text/plain; charset=UTF-8 --> FIELD
13:18:48.808 [qtp2010498327-90] DEBUG org.eclipse.jetty.http.HttpParser - HEADER:Host --> VALUE
13:18:48.808 [qtp2010498327-90] DEBUG org.eclipse.jetty.http.HttpParser - HEADER:Host --> IN_VALUE
13:18:48.808 [qtp2010498327-90] DEBUG org.eclipse.jetty.http.HttpParser - HEADER:Host --> FIELD
13:18:48.808 [qtp2010498327-90] DEBUG org.eclipse.jetty.http.HttpParser - HEADER:Connection: keep-alive --> IN_VALUE
13:18:48.808 [qtp2010498327-90] DEBUG org.eclipse.jetty.http.HttpParser - HEADER:Connection: keep-alive --> FIELD
13:18:48.809 [qtp2010498327-90] DEBUG org.eclipse.jetty.http.HttpParser - HEADER:User-Agent --> VALUE
13:18:48.809 [qtp2010498327-90] DEBUG org.eclipse.jetty.http.HttpParser - HEADER:User-Agent --> IN_VALUE
13:18:48.809 [qtp2010498327-90] DEBUG org.eclipse.jetty.http.HttpParser - HEADER:User-Agent --> FIELD
13:18:48.809 [qtp2010498327-90] DEBUG org.eclipse.jetty.http.HttpParser - HEADER --> CONTENT
13:18:48.809 [qtp2010498327-90] DEBUG org.eclipse.jetty.server.HttpChannel - REQUEST for //localhost:8080/__admin/mappings on HttpChannelOverHttp@787f2966{s=HttpChannelState@3d7da80d{s=IDLE rs=BLOCKING os=OPEN is=IDLE awp=false se=false i=true al=0},r=1,c=false/false,a=IDLE,uri=//localhost:8080/__admin/mappings,age=0}
POST //localhost:8080/__admin/mappings HTTP/1.1
Content-Length: 368
Content-Type: text/plain; charset=UTF-8
Host: localhost:8080
Connection: keep-alive
User-Agent: Apache-HttpClient/4.5.12 (Java/11.0.2)


13:18:48.809 [qtp2010498327-90] DEBUG org.eclipse.jetty.server.HttpConnection - HttpConnection@7522ca46::NetworkTrafficSocketChannelEndPoint@72874216{/127.0.0.1:65014<->/127.0.0.1:8080,OPEN,fill=-,flush=-,to=1/30000}{io=0/0,kio=0,kro=1}->HttpConnection@7522ca46[p=HttpParser{s=CONTENT,0 of 368},g=HttpGenerator@c0a97c6{s=START}]=>HttpChannelOverHttp@787f2966{s=HttpChannelState@3d7da80d{s=IDLE rs=BLOCKING os=OPEN is=IDLE awp=false se=false i=true al=0},r=1,c=false/false,a=IDLE,uri=//localhost:8080/__admin/mappings,age=0} parsed true HttpParser{s=CONTENT,0 of 368}
13:18:48.809 [qtp2010498327-90] DEBUG org.eclipse.jetty.server.HttpChannel - handle //localhost:8080/__admin/mappings HttpChannelOverHttp@787f2966{s=HttpChannelState@3d7da80d{s=IDLE rs=BLOCKING os=OPEN is=IDLE awp=false se=false i=true al=0},r=1,c=false/false,a=IDLE,uri=//localhost:8080/__admin/mappings,age=0} 
13:18:48.809 [qtp2010498327-90] DEBUG org.eclipse.jetty.server.HttpChannelState - handling HttpChannelState@3d7da80d{s=IDLE rs=BLOCKING os=OPEN is=IDLE awp=false se=false i=true al=0}
13:18:48.809 [qtp2010498327-90] DEBUG org.eclipse.jetty.server.HttpChannel - action DISPATCH HttpChannelOverHttp@787f2966{s=HttpChannelState@3d7da80d{s=HANDLING rs=BLOCKING os=OPEN is=IDLE awp=false se=false i=true al=0},r=1,c=false/false,a=HANDLING,uri=//localhost:8080/__admin/mappings,age=0}
13:18:48.809 [qtp2010498327-90] DEBUG org.eclipse.jetty.server.Server - REQUEST POST /__admin/mappings on HttpChannelOverHttp@787f2966{s=HttpChannelState@3d7da80d{s=HANDLING rs=BLOCKING os=OPEN is=IDLE awp=false se=false i=true al=0},r=1,c=false/false,a=HANDLING,uri=//localhost:8080/__admin/mappings,age=0}
13:18:48.809 [qtp2010498327-90] DEBUG org.eclipse.jetty.server.handler.ContextHandler - scope null||/__admin/mappings @ o.e.j.s.ServletContextHandler@3f5d4750{/__admin,null,AVAILABLE}
13:18:48.809 [qtp2010498327-90] DEBUG org.eclipse.jetty.server.handler.ContextHandler - context=/__admin||/mappings @ o.e.j.s.ServletContextHandler@3f5d4750{/__admin,null,AVAILABLE}
13:18:48.810 [qtp2010498327-90] DEBUG org.eclipse.jetty.servlet.ServletHandler - servlet /__admin|/mappings|null -> com.github.tomakehurst.wiremock.servlet.WireMockHandlerDispatchingServlet-753c5bc6@8b07c==com.github.tomakehurst.wiremock.servlet.WireMockHandlerDispatchingServlet,jsp=null,order=-1,inst=false,async=true
13:18:48.810 [qtp2010498327-90] DEBUG org.eclipse.jetty.servlet.ServletHandler - chain=org.eclipse.jetty.servlets.CrossOriginFilter-35c51532@35c51532==org.eclipse.jetty.servlets.CrossOriginFilter,inst=true,async=true->com.github.tomakehurst.wiremock.servlet.WireMockHandlerDispatchingServlet-753c5bc6@8b07c==com.github.tomakehurst.wiremock.servlet.WireMockHandlerDispatchingServlet,jsp=null,order=-1,inst=false,async=true
13:18:48.810 [qtp2010498327-90] DEBUG org.eclipse.jetty.servlet.ServletHolder - Servlet.init com.github.tomakehurst.wiremock.servlet.WireMockHandlerDispatchingServlet@7e037945 for com.github.tomakehurst.wiremock.servlet.WireMockHandlerDispatchingServlet-753c5bc6
13:18:48.823 [qtp2010498327-90] INFO org.eclipse.jetty.server.handler.ContextHandler.__admin - RequestHandlerClass from context returned com.github.tomakehurst.wiremock.http.AdminRequestHandler. Normalized mapped under returned 'null'
13:18:48.824 [qtp2010498327-90] DEBUG org.eclipse.jetty.servlet.ServletHandler - call filter org.eclipse.jetty.servlets.CrossOriginFilter-35c51532@35c51532==org.eclipse.jetty.servlets.CrossOriginFilter,inst=true,async=true
13:18:48.824 [qtp2010498327-90] DEBUG org.eclipse.jetty.servlet.ServletHandler - call servlet com.github.tomakehurst.wiremock.servlet.WireMockHandlerDispatchingServlet-753c5bc6@8b07c==com.github.tomakehurst.wiremock.servlet.WireMockHandlerDispatchingServlet,jsp=null,order=-1,inst=true,async=true
13:18:48.824 [qtp2010498327-90] DEBUG org.eclipse.jetty.server.HttpConnection - HttpConnection@7522ca46::NetworkTrafficSocketChannelEndPoint@72874216{/127.0.0.1:65014<->/127.0.0.1:8080,OPEN,fill=-,flush=-,to=16/30000}{io=0/0,kio=0,kro=1}->HttpConnection@7522ca46[p=HttpParser{s=CONTENT,0 of 368},g=HttpGenerator@c0a97c6{s=START}]=>HttpChannelOverHttp@787f2966{s=HttpChannelState@3d7da80d{s=HANDLING rs=BLOCKING os=OPEN is=IDLE awp=false se=false i=true al=0},r=1,c=false/false,a=HANDLING,uri=//localhost:8080/__admin/mappings,age=15} parse HeapByteBuffer@70c4892d[p=195,l=563,c=8192,r=368]={POST /__a....2)\r\n\r\n<<<{\r\n  "id" : "681e0c40-ccf...ioState" : "Started"\r\n}>>>\x00\x00\x00\x00\x00\x00\x00\x00\x00...\x00\x00\x00\x00\x00\x00\x00} {}
13:18:48.824 [qtp2010498327-90] DEBUG org.eclipse.jetty.http.HttpParser - parseNext s=CONTENT HeapByteBuffer@70c4892d[p=195,l=563,c=8192,r=368]={POST /__a....2)\r\n\r\n<<<{\r\n  "id" : "681e0c40-ccf...ioState" : "Started"\r\n}>>>\x00\x00\x00\x00\x00\x00\x00\x00\x00...\x00\x00\x00\x00\x00\x00\x00}
13:18:48.824 [qtp2010498327-90] DEBUG org.eclipse.jetty.server.HttpChannel - onContent HttpChannelOverHttp@787f2966{s=HttpChannelState@3d7da80d{s=HANDLING rs=BLOCKING os=OPEN is=IDLE awp=false se=false i=true al=0},r=1,c=false/false,a=HANDLING,uri=//localhost:8080/__admin/mappings,age=15} Content@7a3ce25d{HeapByteBufferR@3f3e737e[p=195,l=563,c=8192,r=368]={POST /__a....2)\r\n\r\n<<<{\r\n  "id" : "681e0c40-ccf...ioState" : "Started"\r\n}>>>\x00\x00\x00\x00\x00\x00\x00\x00\x00...\x00\x00\x00\x00\x00\x00\x00}}
13:18:48.824 [qtp2010498327-90] DEBUG org.eclipse.jetty.server.HttpInput - HttpInputOverHTTP@6be70855[c=0,q=0,[0]=null,s=STREAM] addContent Content@7a3ce25d{HeapByteBufferR@3f3e737e[p=195,l=563,c=8192,r=368]={POST /__a....2)\r\n\r\n<<<{\r\n  "id" : "681e0c40-ccf...ioState" : "Started"\r\n}>>>\x00\x00\x00\x00\x00\x00\x00\x00\x00...\x00\x00\x00\x00\x00\x00\x00}}
13:18:48.824 [qtp2010498327-90] DEBUG org.eclipse.jetty.http.HttpParser - CONTENT --> CONTENT_END
13:18:48.824 [qtp2010498327-90] DEBUG org.eclipse.jetty.server.HttpChannel - onContentComplete HttpChannelOverHttp@787f2966{s=HttpChannelState@3d7da80d{s=HANDLING rs=BLOCKING os=OPEN is=IDLE awp=false se=false i=true al=0},r=1,c=false/false,a=HANDLING,uri=//localhost:8080/__admin/mappings,age=15}
13:18:48.824 [qtp2010498327-90] DEBUG org.eclipse.jetty.http.HttpParser - CONTENT_END --> END
13:18:48.825 [qtp2010498327-90] DEBUG org.eclipse.jetty.server.HttpChannel - onRequestComplete HttpChannelOverHttp@787f2966{s=HttpChannelState@3d7da80d{s=HANDLING rs=BLOCKING os=OPEN is=IDLE awp=false se=false i=true al=0},r=1,c=false/false,a=HANDLING,uri=//localhost:8080/__admin/mappings,age=15}
13:18:48.825 [qtp2010498327-90] DEBUG org.eclipse.jetty.server.HttpInput - HttpInputOverHTTP@6be70855[c=0,q=1,[0]=EOF,s=STREAM] addContent EOF
13:18:48.825 [qtp2010498327-90] DEBUG org.eclipse.jetty.server.HttpConnection - HttpConnection@7522ca46::NetworkTrafficSocketChannelEndPoint@72874216{/127.0.0.1:65014<->/127.0.0.1:8080,OPEN,fill=-,flush=-,to=16/30000}{io=0/0,kio=0,kro=1}->HttpConnection@7522ca46[p=HttpParser{s=END,368 of 368},g=HttpGenerator@c0a97c6{s=START}]=>HttpChannelOverHttp@787f2966{s=HttpChannelState@3d7da80d{s=HANDLING rs=BLOCKING os=OPEN is=IDLE awp=false se=false i=true al=0},r=1,c=false/false,a=HANDLING,uri=//localhost:8080/__admin/mappings,age=16} parsed false HttpParser{s=END,368 of 368}
13:18:48.825 [qtp2010498327-90] DEBUG org.eclipse.jetty.server.HttpInput - HttpInputOverHTTP@6be70855[c=368,q=1,[0]=EOF,s=STREAM] read 368 from Content@7a3ce25d{HeapByteBufferR@3f3e737e[p=563,l=563,c=8192,r=0]={POST /__a...ted"\r\n}<<<>>>\x00\x00\x00\x00\x00\x00\x00\x00\x00...\x00\x00\x00\x00\x00\x00\x00}}
13:18:48.825 [qtp2010498327-90] DEBUG org.eclipse.jetty.server.HttpConnection - releaseRequestBuffer HttpConnection@7522ca46::NetworkTrafficSocketChannelEndPoint@72874216{/127.0.0.1:65014<->/127.0.0.1:8080,OPEN,fill=-,flush=-,to=16/30000}{io=0/0,kio=0,kro=1}->HttpConnection@7522ca46[p=HttpParser{s=END,368 of 368},g=HttpGenerator@c0a97c6{s=START}]=>HttpChannelOverHttp@787f2966{s=HttpChannelState@3d7da80d{s=HANDLING rs=BLOCKING os=OPEN is=IDLE awp=false se=false i=true al=0},r=1,c=false/false,a=HANDLING,uri=//localhost:8080/__admin/mappings,age=16}
13:18:48.825 [qtp2010498327-90] DEBUG org.eclipse.jetty.server.HttpChannelState - onEof HttpChannelState@3d7da80d{s=HANDLING rs=BLOCKING os=OPEN is=IDLE awp=false se=false i=true al=0}
13:18:48.876 [qtp2010498327-90] DEBUG org.eclipse.jetty.server.HttpOutput - write(array HeapByteBuffer@ecb8d3d[p=0,l=368,c=8192,r=368]={<<<{\r\n  "id" : "681e0c40-ccf...ioState" : "Started"\r\n}>>>\x00\x00\x00\x00\x00\x00\x00\x00\x00...\x00\x00\x00\x00\x00\x00\x00})
13:18:48.876 [qtp2010498327-90] DEBUG org.eclipse.jetty.server.HttpOutput - write(array) s=OPEN,api=BLOCKING,sc=false,e=null aggregated !flush DirectByteBuffer@13f8a8b3[p=0,l=368,c=32768,r=368]={<<<{\r\n  "id" : "681e0c40-ccf...ioState" : "Started"\r\n}>>>\x00\x00\x00\x00\x00\x00\x00\x00\x00...\x00\x00\x00\x00\x00\x00\x00}
13:18:48.876 [qtp2010498327-90] DEBUG org.eclipse.jetty.server.HttpChannel - sendResponse info=null content=DirectByteBuffer@13f8a8b3[p=0,l=368,c=32768,r=368]={<<<{\r\n  "id" : "681e0c40-ccf...ioState" : "Started"\r\n}>>>\x00\x00\x00\x00\x00\x00\x00\x00\x00...\x00\x00\x00\x00\x00\x00\x00} complete=false committing=true callback=Blocker@5f118c31{null}
13:18:48.876 [qtp2010498327-90] DEBUG org.eclipse.jetty.server.HttpChannel - COMMIT for /__admin/mappings on HttpChannelOverHttp@787f2966{s=HttpChannelState@3d7da80d{s=HANDLING rs=BLOCKING os=COMMITTED is=READY awp=false se=false i=true al=0},r=1,c=false/false,a=HANDLING,uri=//localhost:8080/__admin/mappings,age=67}
201 null HTTP/1.1
Content-Type: application/json


13:18:48.877 [qtp2010498327-90] DEBUG org.eclipse.jetty.server.HttpConnection - generate: NEED_HEADER for org.eclipse.jetty.server.HttpConnection$SendCallback@c678226[PROCESSING][i=HTTP/1.1{s=201,h=1,cl=-1},cb=org.eclipse.jetty.server.HttpChannel$SendCallback@5e9754f2] (null,[p=0,l=368,c=32768,r=368],false)@START
13:18:48.877 [qtp2010498327-90] DEBUG org.eclipse.jetty.http.HttpGenerator - generateHeaders HTTP/1.1{s=201,h=1,cl=-1} last=false content=DirectByteBuffer@13f8a8b3[p=0,l=368,c=32768,r=368]={<<<{\r\n  "id" : "681e0c40-ccf...ioState" : "Started"\r\n}>>>\x00\x00\x00\x00\x00\x00\x00\x00\x00...\x00\x00\x00\x00\x00\x00\x00}
13:18:48.877 [qtp2010498327-90] DEBUG org.eclipse.jetty.http.HttpGenerator - Content-Type: application/json


13:18:48.877 [qtp2010498327-90] DEBUG org.eclipse.jetty.http.HttpGenerator - CHUNKED_CONTENT
13:18:48.878 [qtp2010498327-90] DEBUG org.eclipse.jetty.server.HttpConnection - generate: FLUSH for org.eclipse.jetty.server.HttpConnection$SendCallback@c678226[PROCESSING][i=HTTP/1.1{s=201,h=1,cl=-1},cb=org.eclipse.jetty.server.HttpChannel$SendCallback@5e9754f2] ([p=0,l=122,c=8192,r=122],[p=0,l=368,c=32768,r=368],false)@COMMITTED
13:18:48.878 [qtp2010498327-90] DEBUG org.eclipse.jetty.io.WriteFlusher - write: WriteFlusher@8fcc2a3{IDLE}->null [HeapByteBuffer@70c4892d[p=0,l=122,c=8192,r=122]={<<<HTTP/1.1 201 Created\r\nCon....28.v20200408)\r\n\r\n170\r\n>>>ction: Ke...\x00\x00\x00\x00\x00\x00\x00},DirectByteBuffer@13f8a8b3[p=0,l=368,c=32768,r=368]={<<<{\r\n  "id" : "681e0c40-ccf...ioState" : "Started"\r\n}>>>\x00\x00\x00\x00\x00\x00\x00\x00\x00...\x00\x00\x00\x00\x00\x00\x00}]
13:18:48.878 [qtp2010498327-90] DEBUG org.eclipse.jetty.io.WriteFlusher - update WriteFlusher@8fcc2a3{WRITING}->null:IDLE-->WRITING
13:18:48.878 [Test worker] DEBUG org.apache.http.wire - http-outgoing-5 << "HTTP/1.1 201 Created[\r][\n]"
13:18:48.878 [Test worker] DEBUG org.apache.http.wire - http-outgoing-5 << "Content-Type: application/json[\r][\n]"
13:18:48.878 [Test worker] DEBUG org.apache.http.wire - http-outgoing-5 << "Transfer-Encoding: chunked[\r][\n]"
13:18:48.878 [Test worker] DEBUG org.apache.http.wire - http-outgoing-5 << "Server: Jetty(9.4.28.v20200408)[\r][\n]"
13:18:48.878 [Test worker] DEBUG org.apache.http.wire - http-outgoing-5 << "[\r][\n]"
13:18:48.878 [Test worker] DEBUG org.apache.http.wire - http-outgoing-5 << "170[\r][\n]"
13:18:48.879 [Test worker] DEBUG org.apache.http.headers - http-outgoing-5 << HTTP/1.1 201 Created
13:18:48.879 [Test worker] DEBUG org.apache.http.headers - http-outgoing-5 << Content-Type: application/json
13:18:48.879 [Test worker] DEBUG org.apache.http.headers - http-outgoing-5 << Transfer-Encoding: chunked
13:18:48.879 [Test worker] DEBUG org.apache.http.headers - http-outgoing-5 << Server: Jetty(9.4.28.v20200408)
13:18:48.879 [Test worker] DEBUG org.apache.http.impl.execchain.MainClientExec - Connection can be kept alive indefinitely
13:18:48.879 [qtp2010498327-90] DEBUG org.eclipse.jetty.io.ChannelEndPoint - flushed 122 NetworkTrafficSocketChannelEndPoint@72874216{/127.0.0.1:65014<->/127.0.0.1:8080,OPEN,fill=-,flush=W,to=70/30000}{io=0/0,kio=0,kro=1}->HttpConnection@7522ca46[p=HttpParser{s=END,368 of 368},g=HttpGenerator@c0a97c6{s=COMMITTED}]=>HttpChannelOverHttp@787f2966{s=HttpChannelState@3d7da80d{s=HANDLING rs=BLOCKING os=COMMITTED is=READY awp=false se=false i=true al=0},r=1,c=false/false,a=HANDLING,uri=//localhost:8080/__admin/mappings,age=70}
13:18:48.883 [Test worker] DEBUG org.apache.http.wire - http-outgoing-5 << "{[\r][\n]"
13:18:48.883 [Test worker] DEBUG org.apache.http.wire - http-outgoing-5 << "  "id" : "681e0c40-ccf0-43d4-be5a-75194c1b69d2",[\r][\n]"
13:18:48.883 [Test worker] DEBUG org.apache.http.wire - http-outgoing-5 << "  "request" : {[\r][\n]"
13:18:48.883 [Test worker] DEBUG org.apache.http.wire - http-outgoing-5 << "    "url" : "/api/v0/components/products/a75ba316-b0e1-438c-8e6c-a31786431307/questions/hidden",[\r][\n]"
13:18:48.883 [Test worker] DEBUG org.apache.http.wire - http-outgoing-5 << "    "method" : "GET"[\r][\n]"
13:18:48.883 [Test worker] DEBUG org.apache.http.wire - http-outgoing-5 << "  },[\r][\n]"
13:18:48.883 [Test worker] DEBUG org.apache.http.wire - http-outgoing-5 << "  "response" : {[\r][\n]"
13:18:48.883 [Test worker] DEBUG org.apache.http.wire - http-outgoing-5 << "    "status" : 401[\r][\n]"
13:18:48.883 [Test worker] DEBUG org.apache.http.wire - http-outgoing-5 << "  },[\r][\n]"
13:18:48.883 [Test worker] DEBUG org.apache.http.wire - http-outgoing-5 << "  "uuid" : "681e0c40-ccf0-43d4-be5a-75194c1b69d2",[\r][\n]"
13:18:48.883 [Test worker] DEBUG org.apache.http.wire - http-outgoing-5 << "  "scenarioName" : "unAuthorized",[\r][\n]"
13:18:48.883 [Test worker] DEBUG org.apache.http.wire - http-outgoing-5 << "  "requiredScenarioState" : "Started"[\r][\n]"
13:18:48.883 [Test worker] DEBUG org.apache.http.wire - http-outgoing-5 << "}"
13:18:48.883 [qtp2010498327-90] DEBUG org.eclipse.jetty.io.ChannelEndPoint - flushed 368 NetworkTrafficSocketChannelEndPoint@72874216{/127.0.0.1:65014<->/127.0.0.1:8080,OPEN,fill=-,flush=W,to=0/30000}{io=0/0,kio=0,kro=1}->HttpConnection@7522ca46[p=HttpParser{s=END,368 of 368},g=HttpGenerator@c0a97c6{s=COMMITTED}]=>HttpChannelOverHttp@787f2966{s=HttpChannelState@3d7da80d{s=HANDLING rs=BLOCKING os=COMMITTED is=READY awp=false se=false i=true al=0},r=1,c=false/false,a=HANDLING,uri=//localhost:8080/__admin/mappings,age=74}
13:18:48.921 [qtp2010498327-90] DEBUG org.eclipse.jetty.io.WriteFlusher - Flushed=true written=490 remaining=0 WriteFlusher@8fcc2a3{WRITING}->null
13:18:48.922 [qtp2010498327-90] DEBUG org.eclipse.jetty.io.WriteFlusher - update WriteFlusher@8fcc2a3{IDLE}->null:WRITING-->IDLE
13:18:48.922 [qtp2010498327-90] DEBUG org.eclipse.jetty.server.HttpConnection - generate: DONE for org.eclipse.jetty.server.HttpConnection$SendCallback@c678226[PROCESSING][i=HTTP/1.1{s=201,h=1,cl=-1},cb=org.eclipse.jetty.server.HttpChannel$SendCallback@5e9754f2] ([p=122,l=122,c=8192,r=0],[p=368,l=368,c=32768,r=0],false)@COMMITTED
13:18:48.923 [qtp2010498327-90] DEBUG org.eclipse.jetty.server.HttpOutput - onWriteComplete(false,null) s=OPEN,api=BLOCKED,sc=false,e=null->s=OPEN,api=BLOCKING,sc=false,e=null c=null cb=null w=false
13:18:48.923 [qtp2010498327-90] DEBUG org.eclipse.jetty.server.HttpOutput - close() s=CLOSING,api=BLOCKED,sc=false,e=null c=HeapByteBuffer@137d328[p=0,l=0,c=0,r=0]={<<<>>>} b=Blocker@5f118c31{null}
13:18:48.923 [qtp2010498327-90] DEBUG org.eclipse.jetty.server.HttpChannel - sendResponse info=null content=HeapByteBuffer@137d328[p=0,l=0,c=0,r=0]={<<<>>>} complete=true committing=false callback=Blocker@5f118c31{null}
13:18:48.923 [qtp2010498327-90] DEBUG org.eclipse.jetty.server.HttpConnection - generate: CONTINUE for org.eclipse.jetty.server.HttpConnection$SendCallback@c678226[PROCESSING][i=null,cb=org.eclipse.jetty.server.HttpChannel$SendCallback@5b5fb789] (null,[p=0,l=0,c=0,r=0],true)@COMPLETING
13:18:48.924 [qtp2010498327-90] DEBUG org.eclipse.jetty.server.HttpConnection - generate: NEED_CHUNK for org.eclipse.jetty.server.HttpConnection$SendCallback@c678226[PROCESSING][i=null,cb=org.eclipse.jetty.server.HttpChannel$SendCallback@5b5fb789] (null,[p=0,l=0,c=0,r=0],true)@COMPLETING
13:18:48.924 [qtp2010498327-90] DEBUG org.eclipse.jetty.server.HttpConnection - generate: FLUSH for org.eclipse.jetty.server.HttpConnection$SendCallback@c678226[PROCESSING][i=null,cb=org.eclipse.jetty.server.HttpChannel$SendCallback@5b5fb789] (null,[p=0,l=0,c=0,r=0],true)@COMPLETING
13:18:48.924 [qtp2010498327-90] DEBUG org.eclipse.jetty.io.WriteFlusher - write: WriteFlusher@8fcc2a3{IDLE}->null [HeapByteBuffer@6b996876[p=0,l=7,c=1024,r=7]={<<<\r\n0\r\n\r\n>>>\x00\x00\x00\x00\x00\x00\x00\x00\x00...\x00\x00\x00\x00\x00\x00\x00}]
13:18:48.924 [qtp2010498327-90] DEBUG org.eclipse.jetty.io.WriteFlusher - update WriteFlusher@8fcc2a3{WRITING}->null:IDLE-->WRITING
13:18:48.925 [Test worker] DEBUG org.apache.http.wire - http-outgoing-5 << "[\r][\n]"
13:18:48.925 [Test worker] DEBUG org.apache.http.wire - http-outgoing-5 << "0[\r][\n]"
13:18:48.925 [Test worker] DEBUG org.apache.http.wire - http-outgoing-5 << "[\r][\n]"
13:18:48.925 [Test worker] DEBUG org.apache.http.impl.conn.PoolingHttpClientConnectionManager - Connection [id: 5][route: {}->http://localhost:8080] can be kept alive indefinitely
13:18:48.925 [Test worker] DEBUG org.apache.http.impl.conn.DefaultManagedHttpClientConnection - http-outgoing-5: set socket timeout to 0
13:18:48.925 [Test worker] DEBUG org.apache.http.impl.conn.PoolingHttpClientConnectionManager - Connection released: [id: 5][route: {}->http://localhost:8080][total available: 1; route allocated: 1 of 5; total allocated: 1 of 50]
13:18:48.931 [Test worker] DEBUG org.apache.http.impl.conn.PoolingHttpClientConnectionManager - Connection request: [route: {}->http://localhost:8080][total available: 1; route allocated: 1 of 5; total allocated: 1 of 50]
13:18:48.931 [Test worker] DEBUG org.apache.http.impl.conn.PoolingHttpClientConnectionManager - Connection leased: [id: 5][route: {}->http://localhost:8080][total available: 0; route allocated: 1 of 5; total allocated: 1 of 50]
13:18:48.931 [Test worker] DEBUG org.apache.http.impl.conn.DefaultManagedHttpClientConnection - http-outgoing-5: set socket timeout to 30000
13:18:48.931 [Test worker] DEBUG org.apache.http.impl.execchain.MainClientExec - Stale connection check
13:18:48.932 [Test worker] DEBUG org.apache.http.wire - http-outgoing-5 << "[read] I/O error: Read timed out"
13:18:48.932 [Test worker] DEBUG org.apache.http.impl.execchain.MainClientExec - Executing request POST /__admin/mappings HTTP/1.1
13:18:48.932 [Test worker] DEBUG org.apache.http.impl.execchain.MainClientExec - Target auth state: UNCHALLENGED
13:18:48.932 [Test worker] DEBUG org.apache.http.impl.execchain.MainClientExec - Proxy auth state: UNCHALLENGED
13:18:48.932 [Test worker] DEBUG org.apache.http.headers - http-outgoing-5 >> POST /__admin/mappings HTTP/1.1
13:18:48.932 [Test worker] DEBUG org.apache.http.headers - http-outgoing-5 >> Content-Length: 678
13:18:48.932 [Test worker] DEBUG org.apache.http.headers - http-outgoing-5 >> Content-Type: text/plain; charset=UTF-8
13:18:48.932 [Test worker] DEBUG org.apache.http.headers - http-outgoing-5 >> Host: localhost:8080
13:18:48.932 [Test worker] DEBUG org.apache.http.headers - http-outgoing-5 >> Connection: Keep-Alive
13:18:48.932 [Test worker] DEBUG org.apache.http.headers - http-outgoing-5 >> User-Agent: Apache-HttpClient/4.5.12 (Java/11.0.2)
13:18:48.932 [Test worker] DEBUG org.apache.http.wire - http-outgoing-5 >> "POST /__admin/mappings HTTP/1.1[\r][\n]"
13:18:48.932 [Test worker] DEBUG org.apache.http.wire - http-outgoing-5 >> "Content-Length: 678[\r][\n]"
13:18:48.932 [Test worker] DEBUG org.apache.http.wire - http-outgoing-5 >> "Content-Type: text/plain; charset=UTF-8[\r][\n]"
13:18:48.932 [Test worker] DEBUG org.apache.http.wire - http-outgoing-5 >> "Host: localhost:8080[\r][\n]"
13:18:48.932 [Test worker] DEBUG org.apache.http.wire - http-outgoing-5 >> "Connection: Keep-Alive[\r][\n]"
13:18:48.932 [Test worker] DEBUG org.apache.http.wire - http-outgoing-5 >> "User-Agent: Apache-HttpClient/4.5.12 (Java/11.0.2)[\r][\n]"
13:18:48.932 [Test worker] DEBUG org.apache.http.wire - http-outgoing-5 >> "[\r][\n]"
13:18:48.932 [Test worker] DEBUG org.apache.http.wire - http-outgoing-5 >> "{[\r][\n]"
13:18:48.932 [Test worker] DEBUG org.apache.http.wire - http-outgoing-5 >> "  "id" : "04819cf6-d63e-4230-b2df-939dea876b2e",[\r][\n]"
13:18:48.932 [Test worker] DEBUG org.apache.http.wire - http-outgoing-5 >> "  "request" : {[\r][\n]"
13:18:48.932 [Test worker] DEBUG org.apache.http.wire - http-outgoing-5 >> "    "url" : "/api/v0/components/login",[\r][\n]"
13:18:48.932 [Test worker] DEBUG org.apache.http.wire - http-outgoing-5 >> "    "method" : "POST",[\r][\n]"
13:18:48.932 [Test worker] DEBUG org.apache.http.wire - http-outgoing-5 >> "    "headers" : {[\r][\n]"
13:18:48.932 [Test worker] DEBUG org.apache.http.wire - http-outgoing-5 >> "      "Content-Type" : {[\r][\n]"
13:18:48.932 [Test worker] DEBUG org.apache.http.wire - http-outgoing-5 >> "        "equalTo" : "application/json"[\r][\n]"
13:18:48.932 [Test worker] DEBUG org.apache.http.wire - http-outgoing-5 >> "      }[\r][\n]"
13:18:48.932 [Test worker] DEBUG org.apache.http.wire - http-outgoing-5 >> "    },[\r][\n]"
13:18:48.932 [Test worker] DEBUG org.apache.http.wire - http-outgoing-5 >> "    "bodyPatterns" : [ {[\r][\n]"
13:18:48.932 [Test worker] DEBUG org.apache.http.wire - http-outgoing-5 >> "      "equalTo" : "{\"password\":\"123456\",\"username\":\"catalogClientApi\"}"[\r][\n]"
13:18:48.932 [Test worker] DEBUG org.apache.http.wire - http-outgoing-5 >> "    } ][\r][\n]"
13:18:48.932 [Test worker] DEBUG org.apache.http.wire - http-outgoing-5 >> "  },[\r][\n]"
13:18:48.932 [Test worker] DEBUG org.apache.http.wire - http-outgoing-5 >> "  "response" : {[\r][\n]"
13:18:48.932 [Test worker] DEBUG org.apache.http.wire - http-outgoing-5 >> "    "status" : 200,[\r][\n]"
13:18:48.932 [Test worker] DEBUG org.apache.http.wire - http-outgoing-5 >> "    "body" : "{\"token\":\"someToken\"}",[\r][\n]"
13:18:48.932 [Test worker] DEBUG org.apache.http.wire - http-outgoing-5 >> "    "headers" : {[\r][\n]"
13:18:48.932 [Test worker] DEBUG org.apache.http.wire - http-outgoing-5 >> "      "Content-Type" : "application/json"[\r][\n]"
13:18:48.932 [Test worker] DEBUG org.apache.http.wire - http-outgoing-5 >> "    }[\r][\n]"
13:18:48.932 [Test worker] DEBUG org.apache.http.wire - http-outgoing-5 >> "  },[\r][\n]"
13:18:48.932 [Test worker] DEBUG org.apache.http.wire - http-outgoing-5 >> "  "uuid" : "04819cf6-d63e-4230-b2df-939dea876b2e",[\r][\n]"
13:18:48.933 [Test worker] DEBUG org.apache.http.wire - http-outgoing-5 >> "  "scenarioName" : "unAuthorized",[\r][\n]"
13:18:48.933 [Test worker] DEBUG org.apache.http.wire - http-outgoing-5 >> "  "requiredScenarioState" : "Started",[\r][\n]"
13:18:48.933 [Test worker] DEBUG org.apache.http.wire - http-outgoing-5 >> "  "newScenarioState" : "logged"[\r][\n]"
13:18:48.933 [Test worker] DEBUG org.apache.http.wire - http-outgoing-5 >> "}"
13:18:48.939 [qtp2010498327-90] DEBUG org.eclipse.jetty.io.ChannelEndPoint - flushed 7 NetworkTrafficSocketChannelEndPoint@72874216{/127.0.0.1:65014<->/127.0.0.1:8080,OPEN,fill=-,flush=W,to=55/30000}{io=0/0,kio=0,kro=1}->HttpConnection@7522ca46[p=HttpParser{s=END,368 of 368},g=HttpGenerator@c0a97c6{s=COMPLETING}]=>HttpChannelOverHttp@787f2966{s=HttpChannelState@3d7da80d{s=HANDLING rs=BLOCKING os=COMMITTED is=READY awp=false se=false i=true al=0},r=1,c=false/false,a=HANDLING,uri=//localhost:8080/__admin/mappings,age=130}
13:18:48.939 [qtp2010498327-90] DEBUG org.eclipse.jetty.io.WriteFlusher - Flushed=true written=7 remaining=0 WriteFlusher@8fcc2a3{WRITING}->null
13:18:48.940 [qtp2010498327-90] DEBUG org.eclipse.jetty.io.WriteFlusher - update WriteFlusher@8fcc2a3{IDLE}->null:WRITING-->IDLE
13:18:48.940 [qtp2010498327-90] DEBUG org.eclipse.jetty.server.HttpConnection - generate: DONE for org.eclipse.jetty.server.HttpConnection$SendCallback@c678226[PROCESSING][i=null,cb=org.eclipse.jetty.server.HttpChannel$SendCallback@5b5fb789] (null,[p=0,l=0,c=0,r=0],true)@END
13:18:48.940 [qtp2010498327-90] DEBUG org.eclipse.jetty.server.HttpOutput - onWriteComplete(true,null) s=CLOSING,api=BLOCKED,sc=false,e=null->s=CLOSED,api=BLOCKING,sc=false,e=null c=null cb=null w=false
13:18:48.941 [qtp2010498327-90] DEBUG org.eclipse.jetty.server.handler.gzip.GzipHandler - GzipHandler@34f0fdaa{STARTED,min=32,inflate=-1} handle Request[POST //localhost:8080/__admin/mappings]@fcd9133 in null
13:18:48.941 [qtp2010498327-90] DEBUG org.eclipse.jetty.server.handler.ContextHandler - scope null||/__admin/mappings @ o.e.j.s.ServletContextHandler@301dacc2{/,null,AVAILABLE}
13:18:48.941 [qtp2010498327-90] DEBUG org.eclipse.jetty.server.Server - handled=true async=false committed=true on HttpChannelOverHttp@787f2966{s=HttpChannelState@3d7da80d{s=HANDLING rs=BLOCKING os=COMPLETED is=READY awp=false se=false i=true al=0},r=1,c=false/true,a=HANDLING,uri=//localhost:8080/__admin/mappings,age=132}
13:18:48.942 [qtp2010498327-90] DEBUG org.eclipse.jetty.server.HttpChannelState - unhandle HttpChannelState@3d7da80d{s=HANDLING rs=BLOCKING os=COMPLETED is=READY awp=false se=false i=true al=0}
13:18:48.942 [qtp2010498327-90] DEBUG org.eclipse.jetty.server.HttpChannelState - nextAction(false) COMPLETE HttpChannelState@3d7da80d{s=HANDLING rs=COMPLETING os=COMPLETED is=READY awp=false se=false i=false al=0}
13:18:48.942 [qtp2010498327-90] DEBUG org.eclipse.jetty.server.HttpChannel - action COMPLETE HttpChannelOverHttp@787f2966{s=HttpChannelState@3d7da80d{s=HANDLING rs=COMPLETING os=COMPLETED is=READY awp=false se=false i=false al=0},r=1,c=false/true,a=HANDLING,uri=//localhost:8080/__admin/mappings,age=133}
13:18:48.943 [qtp2010498327-90] DEBUG org.eclipse.jetty.server.HttpOutput - complete(org.eclipse.jetty.util.Callback$4@61caa3b3) s=CLOSED,api=BLOCKING,sc=false,e=null s=true e=null, c=null
13:18:48.943 [qtp2010498327-90] DEBUG org.eclipse.jetty.server.HttpChannelState - completed HttpChannelState@3d7da80d{s=HANDLING rs=COMPLETING os=COMPLETED is=READY awp=false se=false i=false al=0}
13:18:48.943 [qtp2010498327-90] DEBUG org.eclipse.jetty.server.HttpChannelState - unhandle HttpChannelState@3d7da80d{s=HANDLING rs=COMPLETED os=COMPLETED is=READY awp=false se=false i=false al=0}
13:18:48.943 [qtp2010498327-90] DEBUG org.eclipse.jetty.server.HttpChannelState - nextAction(false) TERMINATED HttpChannelState@3d7da80d{s=IDLE rs=COMPLETED os=COMPLETED is=READY awp=false se=false i=false al=0}
13:18:48.944 [qtp2010498327-90] DEBUG org.eclipse.jetty.server.HttpChannel - action TERMINATED HttpChannelOverHttp@787f2966{s=HttpChannelState@3d7da80d{s=IDLE rs=COMPLETED os=COMPLETED is=READY awp=false se=false i=false al=0},r=1,c=true/true,a=IDLE,uri=//localhost:8080/__admin/mappings,age=135}
13:18:48.944 [qtp2010498327-90] DEBUG org.eclipse.jetty.server.HttpChannel - onCompleted for /__admin/mappings written=368
13:18:48.944 [qtp2010498327-90] DEBUG org.eclipse.jetty.server.HttpChannelState - recycle HttpChannelState@3d7da80d{s=IDLE rs=COMPLETED os=COMPLETED is=READY awp=false se=false i=false al=0}
13:18:48.944 [qtp2010498327-90] DEBUG org.eclipse.jetty.http.HttpParser - reset HttpParser{s=END,368 of 368}
13:18:48.945 [qtp2010498327-90] DEBUG org.eclipse.jetty.http.HttpParser - END --> START
13:18:48.946 [qtp2010498327-90] DEBUG org.eclipse.jetty.server.HttpChannel - !handle TERMINATED HttpChannelOverHttp@787f2966{s=HttpChannelState@3d7da80d{s=IDLE rs=BLOCKING os=OPEN is=IDLE awp=false se=false i=true al=0},r=1,c=false/false,a=IDLE,uri=null,age=0}
13:18:48.946 [qtp2010498327-90] DEBUG org.eclipse.jetty.io.ChannelEndPoint - filled 873 HeapByteBuffer@70c4892d[p=0,l=873,c=8192,r=873]={<<<POST /__admin/mappings HT...rioState" : "logged"\r\n}>>>\x00\x00\x00\x00\x00\x00\x00\x00\x00...\x00\x00\x00\x00\x00\x00\x00}
13:18:48.946 [qtp2010498327-90] DEBUG org.eclipse.jetty.server.HttpConnection - HttpConnection@7522ca46::NetworkTrafficSocketChannelEndPoint@72874216{/127.0.0.1:65014<->/127.0.0.1:8080,OPEN,fill=-,flush=-,to=0/30000}{io=0/0,kio=0,kro=1}->HttpConnection@7522ca46[p=HttpParser{s=START,0 of -1},g=HttpGenerator@c0a97c6{s=START}]=>HttpChannelOverHttp@787f2966{s=HttpChannelState@3d7da80d{s=IDLE rs=BLOCKING os=OPEN is=IDLE awp=false se=false i=true al=0},r=1,c=false/false,a=IDLE,uri=null,age=0} filled 873 HeapByteBuffer@70c4892d[p=0,l=873,c=8192,r=873]={<<<POST /__admin/mappings HT...rioState" : "logged"\r\n}>>>\x00\x00\x00\x00\x00\x00\x00\x00\x00...\x00\x00\x00\x00\x00\x00\x00}
13:18:48.947 [qtp2010498327-90] DEBUG org.eclipse.jetty.server.HttpConnection - HttpConnection@7522ca46::NetworkTrafficSocketChannelEndPoint@72874216{/127.0.0.1:65014<->/127.0.0.1:8080,OPEN,fill=-,flush=-,to=0/30000}{io=0/0,kio=0,kro=1}->HttpConnection@7522ca46[p=HttpParser{s=START,0 of -1},g=HttpGenerator@c0a97c6{s=START}]=>HttpChannelOverHttp@787f2966{s=HttpChannelState@3d7da80d{s=IDLE rs=BLOCKING os=OPEN is=IDLE awp=false se=false i=true al=0},r=1,c=false/false,a=IDLE,uri=null,age=0} parse HeapByteBuffer@70c4892d[p=0,l=873,c=8192,r=873]={<<<POST /__admin/mappings HT...rioState" : "logged"\r\n}>>>\x00\x00\x00\x00\x00\x00\x00\x00\x00...\x00\x00\x00\x00\x00\x00\x00} {}
13:18:48.947 [qtp2010498327-90] DEBUG org.eclipse.jetty.http.HttpParser - parseNext s=START HeapByteBuffer@70c4892d[p=0,l=873,c=8192,r=873]={<<<POST /__admin/mappings HT...rioState" : "logged"\r\n}>>>\x00\x00\x00\x00\x00\x00\x00\x00\x00...\x00\x00\x00\x00\x00\x00\x00}
13:18:48.947 [qtp2010498327-90] DEBUG org.eclipse.jetty.http.HttpParser - START --> SPACE1
13:18:48.947 [qtp2010498327-90] DEBUG org.eclipse.jetty.http.HttpParser - SPACE1 --> URI
13:18:48.947 [qtp2010498327-90] DEBUG org.eclipse.jetty.http.HttpParser - URI --> SPACE2
13:18:48.947 [qtp2010498327-90] DEBUG org.eclipse.jetty.http.HttpParser - SPACE2 --> REQUEST_VERSION
13:18:48.948 [qtp2010498327-90] DEBUG org.eclipse.jetty.http.HttpParser - REQUEST_VERSION --> HEADER
13:18:48.948 [qtp2010498327-90] DEBUG org.eclipse.jetty.http.HttpParser - HEADER:Content-Length --> VALUE
13:18:48.948 [qtp2010498327-90] DEBUG org.eclipse.jetty.http.HttpParser - HEADER:Content-Length --> IN_VALUE
13:18:48.948 [qtp2010498327-90] DEBUG org.eclipse.jetty.http.HttpParser - HEADER:Content-Length --> FIELD
13:18:48.948 [qtp2010498327-90] DEBUG org.eclipse.jetty.http.HttpParser - HEADER:Content-Type: text/plain; charset=UTF-8 --> IN_VALUE
13:18:48.948 [qtp2010498327-90] DEBUG org.eclipse.jetty.http.HttpParser - HEADER:Content-Type: text/plain; charset=UTF-8 --> FIELD
13:18:48.948 [qtp2010498327-90] DEBUG org.eclipse.jetty.http.HttpParser - HEADER:Host: localhost:8080 --> IN_VALUE
13:18:48.949 [qtp2010498327-90] DEBUG org.eclipse.jetty.http.HttpParser - HEADER:Host: localhost:8080 --> FIELD
13:18:48.949 [qtp2010498327-90] DEBUG org.eclipse.jetty.http.HttpParser - HEADER:Connection: keep-alive --> IN_VALUE
13:18:48.949 [qtp2010498327-90] DEBUG org.eclipse.jetty.http.HttpParser - HEADER:Connection: keep-alive --> FIELD
13:18:48.949 [qtp2010498327-90] DEBUG org.eclipse.jetty.http.HttpParser - HEADER:User-Agent: Apache-HttpClient/4.5.12 (Java/11.0.2) --> IN_VALUE
13:18:48.949 [qtp2010498327-90] DEBUG org.eclipse.jetty.http.HttpParser - HEADER:User-Agent: Apache-HttpClient/4.5.12 (Java/11.0.2) --> FIELD
13:18:48.949 [qtp2010498327-90] DEBUG org.eclipse.jetty.http.HttpParser - HEADER --> CONTENT
13:18:48.949 [qtp2010498327-90] DEBUG org.eclipse.jetty.server.HttpChannel - REQUEST for //localhost:8080/__admin/mappings on HttpChannelOverHttp@787f2966{s=HttpChannelState@3d7da80d{s=IDLE rs=BLOCKING os=OPEN is=IDLE awp=false se=false i=true al=0},r=2,c=false/false,a=IDLE,uri=//localhost:8080/__admin/mappings,age=0}
POST //localhost:8080/__admin/mappings HTTP/1.1
Content-Length: 678
Content-Type: text/plain; charset=UTF-8
Host: localhost:8080
Connection: keep-alive
User-Agent: Apache-HttpClient/4.5.12 (Java/11.0.2)


13:18:48.950 [qtp2010498327-90] DEBUG org.eclipse.jetty.server.HttpConnection - HttpConnection@7522ca46::NetworkTrafficSocketChannelEndPoint@72874216{/127.0.0.1:65014<->/127.0.0.1:8080,OPEN,fill=-,flush=-,to=3/30000}{io=0/0,kio=0,kro=1}->HttpConnection@7522ca46[p=HttpParser{s=CONTENT,0 of 678},g=HttpGenerator@c0a97c6{s=START}]=>HttpChannelOverHttp@787f2966{s=HttpChannelState@3d7da80d{s=IDLE rs=BLOCKING os=OPEN is=IDLE awp=false se=false i=true al=0},r=2,c=false/false,a=IDLE,uri=//localhost:8080/__admin/mappings,age=1} parsed true HttpParser{s=CONTENT,0 of 678}
13:18:48.952 [qtp2010498327-90] DEBUG org.eclipse.jetty.server.HttpChannel - handle //localhost:8080/__admin/mappings HttpChannelOverHttp@787f2966{s=HttpChannelState@3d7da80d{s=IDLE rs=BLOCKING os=OPEN is=IDLE awp=false se=false i=true al=0},r=2,c=false/false,a=IDLE,uri=//localhost:8080/__admin/mappings,age=3} 
13:18:48.952 [qtp2010498327-90] DEBUG org.eclipse.jetty.server.HttpChannelState - handling HttpChannelState@3d7da80d{s=IDLE rs=BLOCKING os=OPEN is=IDLE awp=false se=false i=true al=0}
13:18:48.952 [qtp2010498327-90] DEBUG org.eclipse.jetty.server.HttpChannel - action DISPATCH HttpChannelOverHttp@787f2966{s=HttpChannelState@3d7da80d{s=HANDLING rs=BLOCKING os=OPEN is=IDLE awp=false se=false i=true al=0},r=2,c=false/false,a=HANDLING,uri=//localhost:8080/__admin/mappings,age=3}
13:18:48.952 [qtp2010498327-90] DEBUG org.eclipse.jetty.server.Server - REQUEST POST /__admin/mappings on HttpChannelOverHttp@787f2966{s=HttpChannelState@3d7da80d{s=HANDLING rs=BLOCKING os=OPEN is=IDLE awp=false se=false i=true al=0},r=2,c=false/false,a=HANDLING,uri=//localhost:8080/__admin/mappings,age=3}
13:18:48.952 [qtp2010498327-90] DEBUG org.eclipse.jetty.server.handler.ContextHandler - scope null||/__admin/mappings @ o.e.j.s.ServletContextHandler@3f5d4750{/__admin,null,AVAILABLE}
13:18:48.952 [qtp2010498327-90] DEBUG org.eclipse.jetty.server.handler.ContextHandler - context=/__admin||/mappings @ o.e.j.s.ServletContextHandler@3f5d4750{/__admin,null,AVAILABLE}
13:18:48.952 [qtp2010498327-90] DEBUG org.eclipse.jetty.servlet.ServletHandler - servlet /__admin|/mappings|null -> com.github.tomakehurst.wiremock.servlet.WireMockHandlerDispatchingServlet-753c5bc6@8b07c==com.github.tomakehurst.wiremock.servlet.WireMockHandlerDispatchingServlet,jsp=null,order=-1,inst=true,async=true
13:18:48.952 [qtp2010498327-90] DEBUG org.eclipse.jetty.servlet.ServletHandler - chain=org.eclipse.jetty.servlets.CrossOriginFilter-35c51532@35c51532==org.eclipse.jetty.servlets.CrossOriginFilter,inst=true,async=true->com.github.tomakehurst.wiremock.servlet.WireMockHandlerDispatchingServlet-753c5bc6@8b07c==com.github.tomakehurst.wiremock.servlet.WireMockHandlerDispatchingServlet,jsp=null,order=-1,inst=true,async=true
13:18:48.952 [qtp2010498327-90] DEBUG org.eclipse.jetty.servlet.ServletHandler - call filter org.eclipse.jetty.servlets.CrossOriginFilter-35c51532@35c51532==org.eclipse.jetty.servlets.CrossOriginFilter,inst=true,async=true
13:18:48.952 [qtp2010498327-90] DEBUG org.eclipse.jetty.servlet.ServletHandler - call servlet com.github.tomakehurst.wiremock.servlet.WireMockHandlerDispatchingServlet-753c5bc6@8b07c==com.github.tomakehurst.wiremock.servlet.WireMockHandlerDispatchingServlet,jsp=null,order=-1,inst=true,async=true
13:18:48.953 [qtp2010498327-90] DEBUG org.eclipse.jetty.server.HttpConnection - HttpConnection@7522ca46::NetworkTrafficSocketChannelEndPoint@72874216{/127.0.0.1:65014<->/127.0.0.1:8080,OPEN,fill=-,flush=-,to=6/30000}{io=0/0,kio=0,kro=1}->HttpConnection@7522ca46[p=HttpParser{s=CONTENT,0 of 678},g=HttpGenerator@c0a97c6{s=START}]=>HttpChannelOverHttp@787f2966{s=HttpChannelState@3d7da80d{s=HANDLING rs=BLOCKING os=OPEN is=IDLE awp=false se=false i=true al=0},r=2,c=false/false,a=HANDLING,uri=//localhost:8080/__admin/mappings,age=4} parse HeapByteBuffer@70c4892d[p=195,l=873,c=8192,r=678]={POST /__a....2)\r\n\r\n<<<{\r\n  "id" : "04819cf6-d63...rioState" : "logged"\r\n}>>>\x00\x00\x00\x00\x00\x00\x00\x00\x00...\x00\x00\x00\x00\x00\x00\x00} {}
13:18:48.953 [qtp2010498327-90] DEBUG org.eclipse.jetty.http.HttpParser - parseNext s=CONTENT HeapByteBuffer@70c4892d[p=195,l=873,c=8192,r=678]={POST /__a....2)\r\n\r\n<<<{\r\n  "id" : "04819cf6-d63...rioState" : "logged"\r\n}>>>\x00\x00\x00\x00\x00\x00\x00\x00\x00...\x00\x00\x00\x00\x00\x00\x00}
13:18:48.953 [qtp2010498327-90] DEBUG org.eclipse.jetty.server.HttpChannel - onContent HttpChannelOverHttp@787f2966{s=HttpChannelState@3d7da80d{s=HANDLING rs=BLOCKING os=OPEN is=IDLE awp=false se=false i=true al=0},r=2,c=false/false,a=HANDLING,uri=//localhost:8080/__admin/mappings,age=4} Content@470fa3fc{HeapByteBufferR@6775b9b3[p=195,l=873,c=8192,r=678]={POST /__a....2)\r\n\r\n<<<{\r\n  "id" : "04819cf6-d63...rioState" : "logged"\r\n}>>>\x00\x00\x00\x00\x00\x00\x00\x00\x00...\x00\x00\x00\x00\x00\x00\x00}}
13:18:48.953 [qtp2010498327-90] DEBUG org.eclipse.jetty.server.HttpInput - HttpInputOverHTTP@6be70855[c=0,q=0,[0]=null,s=STREAM] addContent Content@470fa3fc{HeapByteBufferR@6775b9b3[p=195,l=873,c=8192,r=678]={POST /__a....2)\r\n\r\n<<<{\r\n  "id" : "04819cf6-d63...rioState" : "logged"\r\n}>>>\x00\x00\x00\x00\x00\x00\x00\x00\x00...\x00\x00\x00\x00\x00\x00\x00}}
13:18:48.953 [qtp2010498327-90] DEBUG org.eclipse.jetty.http.HttpParser - CONTENT --> CONTENT_END
13:18:48.953 [qtp2010498327-90] DEBUG org.eclipse.jetty.server.HttpChannel - onContentComplete HttpChannelOverHttp@787f2966{s=HttpChannelState@3d7da80d{s=HANDLING rs=BLOCKING os=OPEN is=IDLE awp=false se=false i=true al=0},r=2,c=false/false,a=HANDLING,uri=//localhost:8080/__admin/mappings,age=4}
13:18:48.953 [qtp2010498327-90] DEBUG org.eclipse.jetty.http.HttpParser - CONTENT_END --> END
13:18:48.953 [qtp2010498327-90] DEBUG org.eclipse.jetty.server.HttpChannel - onRequestComplete HttpChannelOverHttp@787f2966{s=HttpChannelState@3d7da80d{s=HANDLING rs=BLOCKING os=OPEN is=IDLE awp=false se=false i=true al=0},r=2,c=false/false,a=HANDLING,uri=//localhost:8080/__admin/mappings,age=4}
13:18:48.953 [qtp2010498327-90] DEBUG org.eclipse.jetty.server.HttpInput - HttpInputOverHTTP@6be70855[c=0,q=1,[0]=EOF,s=STREAM] addContent EOF
13:18:48.953 [qtp2010498327-90] DEBUG org.eclipse.jetty.server.HttpConnection - HttpConnection@7522ca46::NetworkTrafficSocketChannelEndPoint@72874216{/127.0.0.1:65014<->/127.0.0.1:8080,OPEN,fill=-,flush=-,to=7/30000}{io=0/0,kio=0,kro=1}->HttpConnection@7522ca46[p=HttpParser{s=END,678 of 678},g=HttpGenerator@c0a97c6{s=START}]=>HttpChannelOverHttp@787f2966{s=HttpChannelState@3d7da80d{s=HANDLING rs=BLOCKING os=OPEN is=IDLE awp=false se=false i=true al=0},r=2,c=false/false,a=HANDLING,uri=//localhost:8080/__admin/mappings,age=4} parsed false HttpParser{s=END,678 of 678}
13:18:48.953 [qtp2010498327-90] DEBUG org.eclipse.jetty.server.HttpInput - HttpInputOverHTTP@6be70855[c=678,q=1,[0]=EOF,s=STREAM] read 678 from Content@470fa3fc{HeapByteBufferR@6775b9b3[p=873,l=873,c=8192,r=0]={POST /__a...ged"\r\n}<<<>>>\x00\x00\x00\x00\x00\x00\x00\x00\x00...\x00\x00\x00\x00\x00\x00\x00}}
13:18:48.953 [qtp2010498327-90] DEBUG org.eclipse.jetty.server.HttpConnection - releaseRequestBuffer HttpConnection@7522ca46::NetworkTrafficSocketChannelEndPoint@72874216{/127.0.0.1:65014<->/127.0.0.1:8080,OPEN,fill=-,flush=-,to=7/30000}{io=0/0,kio=0,kro=1}->HttpConnection@7522ca46[p=HttpParser{s=END,678 of 678},g=HttpGenerator@c0a97c6{s=START}]=>HttpChannelOverHttp@787f2966{s=HttpChannelState@3d7da80d{s=HANDLING rs=BLOCKING os=OPEN is=IDLE awp=false se=false i=true al=0},r=2,c=false/false,a=HANDLING,uri=//localhost:8080/__admin/mappings,age=4}
13:18:48.953 [qtp2010498327-90] DEBUG org.eclipse.jetty.server.HttpChannelState - onEof HttpChannelState@3d7da80d{s=HANDLING rs=BLOCKING os=OPEN is=IDLE awp=false se=false i=true al=0}
13:18:48.964 [qtp2010498327-90] DEBUG org.eclipse.jetty.server.HttpOutput - write(array HeapByteBuffer@1e05080a[p=0,l=678,c=8192,r=678]={<<<{\r\n  "id" : "04819cf6-d63...rioState" : "logged"\r\n}>>>\x00\x00\x00\x00\x00\x00\x00\x00\x00...\x00\x00\x00\x00\x00\x00\x00})
13:18:48.965 [qtp2010498327-90] DEBUG org.eclipse.jetty.server.HttpOutput - write(array) s=OPEN,api=BLOCKING,sc=false,e=null aggregated !flush DirectByteBuffer@13f8a8b3[p=0,l=678,c=32768,r=678]={<<<{\r\n  "id" : "04819cf6-d63...rioState" : "logged"\r\n}>>>\x00\x00\x00\x00\x00\x00\x00\x00\x00...\x00\x00\x00\x00\x00\x00\x00}
13:18:48.965 [qtp2010498327-90] DEBUG org.eclipse.jetty.server.HttpChannel - sendResponse info=null content=DirectByteBuffer@13f8a8b3[p=0,l=678,c=32768,r=678]={<<<{\r\n  "id" : "04819cf6-d63...rioState" : "logged"\r\n}>>>\x00\x00\x00\x00\x00\x00\x00\x00\x00...\x00\x00\x00\x00\x00\x00\x00} complete=false committing=true callback=Blocker@5f118c31{null}
13:18:48.965 [qtp2010498327-90] DEBUG org.eclipse.jetty.server.HttpChannel - COMMIT for /__admin/mappings on HttpChannelOverHttp@787f2966{s=HttpChannelState@3d7da80d{s=HANDLING rs=BLOCKING os=COMMITTED is=READY awp=false se=false i=true al=0},r=2,c=false/false,a=HANDLING,uri=//localhost:8080/__admin/mappings,age=16}
201 null HTTP/1.1
Content-Type: application/json


13:18:48.965 [qtp2010498327-90] DEBUG org.eclipse.jetty.server.HttpConnection - generate: NEED_HEADER for org.eclipse.jetty.server.HttpConnection$SendCallback@c678226[PROCESSING][i=HTTP/1.1{s=201,h=1,cl=-1},cb=org.eclipse.jetty.server.HttpChannel$SendCallback@5580e25] (null,[p=0,l=678,c=32768,r=678],false)@START
13:18:48.965 [qtp2010498327-90] DEBUG org.eclipse.jetty.http.HttpGenerator - generateHeaders HTTP/1.1{s=201,h=1,cl=-1} last=false content=DirectByteBuffer@13f8a8b3[p=0,l=678,c=32768,r=678]={<<<{\r\n  "id" : "04819cf6-d63...rioState" : "logged"\r\n}>>>\x00\x00\x00\x00\x00\x00\x00\x00\x00...\x00\x00\x00\x00\x00\x00\x00}
13:18:48.965 [qtp2010498327-90] DEBUG org.eclipse.jetty.http.HttpGenerator - Content-Type: application/json


13:18:48.965 [qtp2010498327-90] DEBUG org.eclipse.jetty.http.HttpGenerator - CHUNKED_CONTENT
13:18:48.966 [qtp2010498327-90] DEBUG org.eclipse.jetty.server.HttpConnection - generate: FLUSH for org.eclipse.jetty.server.HttpConnection$SendCallback@c678226[PROCESSING][i=HTTP/1.1{s=201,h=1,cl=-1},cb=org.eclipse.jetty.server.HttpChannel$SendCallback@5580e25] ([p=0,l=122,c=8192,r=122],[p=0,l=678,c=32768,r=678],false)@COMMITTED
13:18:48.966 [qtp2010498327-90] DEBUG org.eclipse.jetty.io.WriteFlusher - write: WriteFlusher@8fcc2a3{IDLE}->null [HeapByteBuffer@70c4892d[p=0,l=122,c=8192,r=122]={<<<HTTP/1.1 201 Created\r\nCon....28.v20200408)\r\n\r\n2A6\r\n>>>ction: Ke...\x00\x00\x00\x00\x00\x00\x00},DirectByteBuffer@13f8a8b3[p=0,l=678,c=32768,r=678]={<<<{\r\n  "id" : "04819cf6-d63...rioState" : "logged"\r\n}>>>\x00\x00\x00\x00\x00\x00\x00\x00\x00...\x00\x00\x00\x00\x00\x00\x00}]
13:18:48.966 [qtp2010498327-90] DEBUG org.eclipse.jetty.io.WriteFlusher - update WriteFlusher@8fcc2a3{WRITING}->null:IDLE-->WRITING
13:18:48.966 [Test worker] DEBUG org.apache.http.wire - http-outgoing-5 << "HTTP/1.1 201 Created[\r][\n]"
13:18:48.966 [Test worker] DEBUG org.apache.http.wire - http-outgoing-5 << "Content-Type: application/json[\r][\n]"
13:18:48.966 [Test worker] DEBUG org.apache.http.wire - http-outgoing-5 << "Transfer-Encoding: chunked[\r][\n]"
13:18:48.966 [Test worker] DEBUG org.apache.http.wire - http-outgoing-5 << "Server: Jetty(9.4.28.v20200408)[\r][\n]"
13:18:48.966 [Test worker] DEBUG org.apache.http.wire - http-outgoing-5 << "[\r][\n]"
13:18:48.966 [Test worker] DEBUG org.apache.http.wire - http-outgoing-5 << "2A6[\r][\n]"
13:18:48.966 [qtp2010498327-90] DEBUG org.eclipse.jetty.io.ChannelEndPoint - flushed 122 NetworkTrafficSocketChannelEndPoint@72874216{/127.0.0.1:65014<->/127.0.0.1:8080,OPEN,fill=-,flush=W,to=20/30000}{io=0/0,kio=0,kro=1}->HttpConnection@7522ca46[p=HttpParser{s=END,678 of 678},g=HttpGenerator@c0a97c6{s=COMMITTED}]=>HttpChannelOverHttp@787f2966{s=HttpChannelState@3d7da80d{s=HANDLING rs=BLOCKING os=COMMITTED is=READY awp=false se=false i=true al=0},r=2,c=false/false,a=HANDLING,uri=//localhost:8080/__admin/mappings,age=17}
13:18:48.967 [Test worker] DEBUG org.apache.http.headers - http-outgoing-5 << HTTP/1.1 201 Created
13:18:48.967 [Test worker] DEBUG org.apache.http.headers - http-outgoing-5 << Content-Type: application/json
13:18:48.967 [Test worker] DEBUG org.apache.http.headers - http-outgoing-5 << Transfer-Encoding: chunked
13:18:48.967 [Test worker] DEBUG org.apache.http.headers - http-outgoing-5 << Server: Jetty(9.4.28.v20200408)
13:18:48.967 [Test worker] DEBUG org.apache.http.impl.execchain.MainClientExec - Connection can be kept alive indefinitely
13:18:48.967 [Test worker] DEBUG org.apache.http.wire - http-outgoing-5 << "{[\r][\n]"
13:18:48.967 [Test worker] DEBUG org.apache.http.wire - http-outgoing-5 << "  "id" : "04819cf6-d63e-4230-b2df-939dea876b2e",[\r][\n]"
13:18:48.967 [Test worker] DEBUG org.apache.http.wire - http-outgoing-5 << "  "request" : {[\r][\n]"
13:18:48.967 [Test worker] DEBUG org.apache.http.wire - http-outgoing-5 << "    "url" : "/api/v0/components/login",[\r][\n]"
13:18:48.967 [Test worker] DEBUG org.apache.http.wire - http-outgoing-5 << "    "method" : "POST",[\r][\n]"
13:18:48.967 [Test worker] DEBUG org.apache.http.wire - http-outgoing-5 << "    "headers" : {[\r][\n]"
13:18:48.967 [Test worker] DEBUG org.apache.http.wire - http-outgoing-5 << "      "Content-Type" : {[\r][\n]"
13:18:48.967 [Test worker] DEBUG org.apache.http.wire - http-outgoing-5 << "        "equalTo" : "application/json"[\r][\n]"
13:18:48.967 [Test worker] DEBUG org.apache.http.wire - http-outgoing-5 << "      }[\r][\n]"
13:18:48.967 [Test worker] DEBUG org.apache.http.wire - http-outgoing-5 << "    },[\r][\n]"
13:18:48.967 [Test worker] DEBUG org.apache.http.wire - http-outgoing-5 << "    "bodyPatterns" : [ {[\r][\n]"
13:18:48.967 [Test worker] DEBUG org.apache.http.wire - http-outgoing-5 << "      "equalTo" : "{\"password\":\"123456\",\"username\":\"catalogClientApi\"}"[\r][\n]"
13:18:48.967 [Test worker] DEBUG org.apache.http.wire - http-outgoing-5 << "    } ][\r][\n]"
13:18:48.967 [Test worker] DEBUG org.apache.http.wire - http-outgoing-5 << "  },[\r][\n]"
13:18:48.967 [Test worker] DEBUG org.apache.http.wire - http-outgoing-5 << "  "response" : {[\r][\n]"
13:18:48.967 [Test worker] DEBUG org.apache.http.wire - http-outgoing-5 << "    "status" : 200,[\r][\n]"
13:18:48.967 [Test worker] DEBUG org.apache.http.wire - http-outgoing-5 << "    "body" : "{\"token\":\"someToken\"}",[\r][\n]"
13:18:48.967 [Test worker] DEBUG org.apache.http.wire - http-outgoing-5 << "    "headers" : {[\r][\n]"
13:18:48.967 [Test worker] DEBUG org.apache.http.wire - http-outgoing-5 << "      "Content-Type" : "application/json"[\r][\n]"
13:18:48.967 [Test worker] DEBUG org.apache.http.wire - http-outgoing-5 << "    }[\r][\n]"
13:18:48.967 [Test worker] DEBUG org.apache.http.wire - http-outgoing-5 << "  },[\r][\n]"
13:18:48.967 [Test worker] DEBUG org.apache.http.wire - http-outgoing-5 << "  "uuid" : "04819cf6-d63e-4230-b2df-939dea876b2e",[\r][\n]"
13:18:48.967 [Test worker] DEBUG org.apache.http.wire - http-outgoing-5 << "  "scenarioName" : "unAuthorized",[\r][\n]"
13:18:48.967 [Test worker] DEBUG org.apache.http.wire - http-outgoing-5 << "  "requiredScenarioState" : "Started",[\r][\n]"
13:18:48.967 [Test worker] DEBUG org.apache.http.wire - http-outgoing-5 << "  "newScenarioState" : "logged"[\r][\n]"
13:18:48.967 [Test worker] DEBUG org.apache.http.wire - http-outgoing-5 << "}"
13:18:48.967 [qtp2010498327-90] DEBUG org.eclipse.jetty.io.ChannelEndPoint - flushed 678 NetworkTrafficSocketChannelEndPoint@72874216{/127.0.0.1:65014<->/127.0.0.1:8080,OPEN,fill=-,flush=W,to=0/30000}{io=0/0,kio=0,kro=1}->HttpConnection@7522ca46[p=HttpParser{s=END,678 of 678},g=HttpGenerator@c0a97c6{s=COMMITTED}]=>HttpChannelOverHttp@787f2966{s=HttpChannelState@3d7da80d{s=HANDLING rs=BLOCKING os=COMMITTED is=READY awp=false se=false i=true al=0},r=2,c=false/false,a=HANDLING,uri=//localhost:8080/__admin/mappings,age=18}
13:18:48.967 [qtp2010498327-90] DEBUG org.eclipse.jetty.io.WriteFlusher - Flushed=true written=800 remaining=0 WriteFlusher@8fcc2a3{WRITING}->null
13:18:48.967 [qtp2010498327-90] DEBUG org.eclipse.jetty.io.WriteFlusher - update WriteFlusher@8fcc2a3{IDLE}->null:WRITING-->IDLE
13:18:48.968 [qtp2010498327-90] DEBUG org.eclipse.jetty.server.HttpConnection - generate: DONE for org.eclipse.jetty.server.HttpConnection$SendCallback@c678226[PROCESSING][i=HTTP/1.1{s=201,h=1,cl=-1},cb=org.eclipse.jetty.server.HttpChannel$SendCallback@5580e25] ([p=122,l=122,c=8192,r=0],[p=678,l=678,c=32768,r=0],false)@COMMITTED
13:18:48.968 [qtp2010498327-90] DEBUG org.eclipse.jetty.server.HttpOutput - onWriteComplete(false,null) s=OPEN,api=BLOCKED,sc=false,e=null->s=OPEN,api=BLOCKING,sc=false,e=null c=null cb=null w=false
13:18:48.968 [qtp2010498327-90] DEBUG org.eclipse.jetty.server.HttpOutput - close() s=CLOSING,api=BLOCKED,sc=false,e=null c=HeapByteBuffer@137d328[p=0,l=0,c=0,r=0]={<<<>>>} b=Blocker@5f118c31{null}
13:18:48.968 [qtp2010498327-90] DEBUG org.eclipse.jetty.server.HttpChannel - sendResponse info=null content=HeapByteBuffer@137d328[p=0,l=0,c=0,r=0]={<<<>>>} complete=true committing=false callback=Blocker@5f118c31{null}
13:18:48.968 [qtp2010498327-90] DEBUG org.eclipse.jetty.server.HttpConnection - generate: CONTINUE for org.eclipse.jetty.server.HttpConnection$SendCallback@c678226[PROCESSING][i=null,cb=org.eclipse.jetty.server.HttpChannel$SendCallback@648de485] (null,[p=0,l=0,c=0,r=0],true)@COMPLETING
13:18:48.968 [qtp2010498327-90] DEBUG org.eclipse.jetty.server.HttpConnection - generate: NEED_CHUNK for org.eclipse.jetty.server.HttpConnection$SendCallback@c678226[PROCESSING][i=null,cb=org.eclipse.jetty.server.HttpChannel$SendCallback@648de485] (null,[p=0,l=0,c=0,r=0],true)@COMPLETING
13:18:48.968 [qtp2010498327-90] DEBUG org.eclipse.jetty.server.HttpConnection - generate: FLUSH for org.eclipse.jetty.server.HttpConnection$SendCallback@c678226[PROCESSING][i=null,cb=org.eclipse.jetty.server.HttpChannel$SendCallback@648de485] (null,[p=0,l=0,c=0,r=0],true)@COMPLETING
13:18:48.968 [qtp2010498327-90] DEBUG org.eclipse.jetty.io.WriteFlusher - write: WriteFlusher@8fcc2a3{IDLE}->null [HeapByteBuffer@6b996876[p=0,l=7,c=1024,r=7]={<<<\r\n0\r\n\r\n>>>\x00\x00\x00\x00\x00\x00\x00\x00\x00...\x00\x00\x00\x00\x00\x00\x00}]
13:18:48.968 [qtp2010498327-90] DEBUG org.eclipse.jetty.io.WriteFlusher - update WriteFlusher@8fcc2a3{WRITING}->null:IDLE-->WRITING
13:18:48.968 [Test worker] DEBUG org.apache.http.wire - http-outgoing-5 << "[\r][\n]"
13:18:48.968 [Test worker] DEBUG org.apache.http.wire - http-outgoing-5 << "0[\r][\n]"
13:18:48.968 [Test worker] DEBUG org.apache.http.wire - http-outgoing-5 << "[\r][\n]"
13:18:48.968 [qtp2010498327-90] DEBUG org.eclipse.jetty.io.ChannelEndPoint - flushed 7 NetworkTrafficSocketChannelEndPoint@72874216{/127.0.0.1:65014<->/127.0.0.1:8080,OPEN,fill=-,flush=W,to=0/30000}{io=0/0,kio=0,kro=1}->HttpConnection@7522ca46[p=HttpParser{s=END,678 of 678},g=HttpGenerator@c0a97c6{s=COMPLETING}]=>HttpChannelOverHttp@787f2966{s=HttpChannelState@3d7da80d{s=HANDLING rs=BLOCKING os=COMMITTED is=READY awp=false se=false i=true al=0},r=2,c=false/false,a=HANDLING,uri=//localhost:8080/__admin/mappings,age=19}
13:18:48.968 [Test worker] DEBUG org.apache.http.impl.conn.PoolingHttpClientConnectionManager - Connection [id: 5][route: {}->http://localhost:8080] can be kept alive indefinitely
13:18:48.968 [Test worker] DEBUG org.apache.http.impl.conn.DefaultManagedHttpClientConnection - http-outgoing-5: set socket timeout to 0
13:18:48.968 [qtp2010498327-90] DEBUG org.eclipse.jetty.io.WriteFlusher - Flushed=true written=7 remaining=0 WriteFlusher@8fcc2a3{WRITING}->null
13:18:48.968 [qtp2010498327-90] DEBUG org.eclipse.jetty.io.WriteFlusher - update WriteFlusher@8fcc2a3{IDLE}->null:WRITING-->IDLE
13:18:48.968 [Test worker] DEBUG org.apache.http.impl.conn.PoolingHttpClientConnectionManager - Connection released: [id: 5][route: {}->http://localhost:8080][total available: 1; route allocated: 1 of 5; total allocated: 1 of 50]
13:18:48.968 [qtp2010498327-90] DEBUG org.eclipse.jetty.server.HttpConnection - generate: DONE for org.eclipse.jetty.server.HttpConnection$SendCallback@c678226[PROCESSING][i=null,cb=org.eclipse.jetty.server.HttpChannel$SendCallback@648de485] (null,[p=0,l=0,c=0,r=0],true)@END
13:18:48.968 [qtp2010498327-90] DEBUG org.eclipse.jetty.server.HttpOutput - onWriteComplete(true,null) s=CLOSING,api=BLOCKED,sc=false,e=null->s=CLOSED,api=BLOCKING,sc=false,e=null c=null cb=null w=false
13:18:48.968 [qtp2010498327-90] DEBUG org.eclipse.jetty.server.handler.gzip.GzipHandler - GzipHandler@34f0fdaa{STARTED,min=32,inflate=-1} handle Request[POST //localhost:8080/__admin/mappings]@fcd9133 in null
13:18:48.969 [qtp2010498327-90] DEBUG org.eclipse.jetty.server.handler.ContextHandler - scope null||/__admin/mappings @ o.e.j.s.ServletContextHandler@301dacc2{/,null,AVAILABLE}
13:18:48.969 [qtp2010498327-90] DEBUG org.eclipse.jetty.server.Server - handled=true async=false committed=true on HttpChannelOverHttp@787f2966{s=HttpChannelState@3d7da80d{s=HANDLING rs=BLOCKING os=COMPLETED is=READY awp=false se=false i=true al=0},r=2,c=false/true,a=HANDLING,uri=//localhost:8080/__admin/mappings,age=20}
13:18:48.969 [qtp2010498327-90] DEBUG org.eclipse.jetty.server.HttpChannelState - unhandle HttpChannelState@3d7da80d{s=HANDLING rs=BLOCKING os=COMPLETED is=READY awp=false se=false i=true al=0}
13:18:48.969 [qtp2010498327-90] DEBUG org.eclipse.jetty.server.HttpChannelState - nextAction(false) COMPLETE HttpChannelState@3d7da80d{s=HANDLING rs=COMPLETING os=COMPLETED is=READY awp=false se=false i=false al=0}
13:18:48.969 [qtp2010498327-90] DEBUG org.eclipse.jetty.server.HttpChannel - action COMPLETE HttpChannelOverHttp@787f2966{s=HttpChannelState@3d7da80d{s=HANDLING rs=COMPLETING os=COMPLETED is=READY awp=false se=false i=false al=0},r=2,c=false/true,a=HANDLING,uri=//localhost:8080/__admin/mappings,age=20}
13:18:48.969 [qtp2010498327-90] DEBUG org.eclipse.jetty.server.HttpOutput - complete(org.eclipse.jetty.util.Callback$4@403b5f6a) s=CLOSED,api=BLOCKING,sc=false,e=null s=true e=null, c=null
13:18:48.969 [qtp2010498327-90] DEBUG org.eclipse.jetty.server.HttpChannelState - completed HttpChannelState@3d7da80d{s=HANDLING rs=COMPLETING os=COMPLETED is=READY awp=false se=false i=false al=0}
13:18:48.969 [qtp2010498327-90] DEBUG org.eclipse.jetty.server.HttpChannelState - unhandle HttpChannelState@3d7da80d{s=HANDLING rs=COMPLETED os=COMPLETED is=READY awp=false se=false i=false al=0}
13:18:48.969 [qtp2010498327-90] DEBUG org.eclipse.jetty.server.HttpChannelState - nextAction(false) TERMINATED HttpChannelState@3d7da80d{s=IDLE rs=COMPLETED os=COMPLETED is=READY awp=false se=false i=false al=0}
13:18:48.969 [qtp2010498327-90] DEBUG org.eclipse.jetty.server.HttpChannel - action TERMINATED HttpChannelOverHttp@787f2966{s=HttpChannelState@3d7da80d{s=IDLE rs=COMPLETED os=COMPLETED is=READY awp=false se=false i=false al=0},r=2,c=true/true,a=IDLE,uri=//localhost:8080/__admin/mappings,age=20}
13:18:48.969 [qtp2010498327-90] DEBUG org.eclipse.jetty.server.HttpChannel - onCompleted for /__admin/mappings written=678
13:18:48.969 [qtp2010498327-90] DEBUG org.eclipse.jetty.server.HttpChannelState - recycle HttpChannelState@3d7da80d{s=IDLE rs=COMPLETED os=COMPLETED is=READY awp=false se=false i=false al=0}
13:18:48.970 [qtp2010498327-90] DEBUG org.eclipse.jetty.http.HttpParser - reset HttpParser{s=END,678 of 678}
13:18:48.970 [qtp2010498327-90] DEBUG org.eclipse.jetty.http.HttpParser - END --> START
13:18:48.970 [qtp2010498327-90] DEBUG org.eclipse.jetty.server.HttpChannel - !handle TERMINATED HttpChannelOverHttp@787f2966{s=HttpChannelState@3d7da80d{s=IDLE rs=BLOCKING os=OPEN is=IDLE awp=false se=false i=true al=0},r=2,c=false/false,a=IDLE,uri=null,age=0}
13:18:48.970 [qtp2010498327-90] DEBUG org.eclipse.jetty.io.ChannelEndPoint - filled 0 HeapByteBuffer@70c4892d[p=0,l=0,c=8192,r=0]={<<<>>>HTTP/1.1 ...\x00\x00\x00\x00\x00\x00\x00}
13:18:48.970 [qtp2010498327-90] DEBUG org.eclipse.jetty.io.ChannelEndPoint - filled 0 HeapByteBuffer@70c4892d[p=0,l=0,c=8192,r=0]={<<<>>>HTTP/1.1 ...\x00\x00\x00\x00\x00\x00\x00}
13:18:48.970 [qtp2010498327-90] DEBUG org.eclipse.jetty.server.HttpConnection - HttpConnection@7522ca46::NetworkTrafficSocketChannelEndPoint@72874216{/127.0.0.1:65014<->/127.0.0.1:8080,OPEN,fill=-,flush=-,to=1/30000}{io=0/0,kio=0,kro=1}->HttpConnection@7522ca46[p=HttpParser{s=START,0 of -1},g=HttpGenerator@c0a97c6{s=START}]=>HttpChannelOverHttp@787f2966{s=HttpChannelState@3d7da80d{s=IDLE rs=BLOCKING os=OPEN is=IDLE awp=false se=false i=true al=0},r=2,c=false/false,a=IDLE,uri=null,age=0} filled 0 HeapByteBuffer@70c4892d[p=0,l=0,c=8192,r=0]={<<<>>>HTTP/1.1 ...\x00\x00\x00\x00\x00\x00\x00}
13:18:48.970 [qtp2010498327-90] DEBUG org.eclipse.jetty.server.HttpConnection - HttpConnection@7522ca46::NetworkTrafficSocketChannelEndPoint@72874216{/127.0.0.1:65014<->/127.0.0.1:8080,OPEN,fill=-,flush=-,to=1/30000}{io=0/0,kio=0,kro=1}->HttpConnection@7522ca46[p=HttpParser{s=START,0 of -1},g=HttpGenerator@c0a97c6{s=START}]=>HttpChannelOverHttp@787f2966{s=HttpChannelState@3d7da80d{s=IDLE rs=BLOCKING os=OPEN is=IDLE awp=false se=false i=true al=0},r=2,c=false/false,a=IDLE,uri=null,age=0} parse HeapByteBuffer@70c4892d[p=0,l=0,c=8192,r=0]={<<<>>>HTTP/1.1 ...\x00\x00\x00\x00\x00\x00\x00} {}
13:18:48.970 [qtp2010498327-90] DEBUG org.eclipse.jetty.http.HttpParser - parseNext s=START HeapByteBuffer@70c4892d[p=0,l=0,c=8192,r=0]={<<<>>>HTTP/1.1 ...\x00\x00\x00\x00\x00\x00\x00}
13:18:48.970 [qtp2010498327-90] DEBUG org.eclipse.jetty.server.HttpConnection - HttpConnection@7522ca46::NetworkTrafficSocketChannelEndPoint@72874216{/127.0.0.1:65014<->/127.0.0.1:8080,OPEN,fill=-,flush=-,to=1/30000}{io=0/0,kio=0,kro=1}->HttpConnection@7522ca46[p=HttpParser{s=START,0 of -1},g=HttpGenerator@c0a97c6{s=START}]=>HttpChannelOverHttp@787f2966{s=HttpChannelState@3d7da80d{s=IDLE rs=BLOCKING os=OPEN is=IDLE awp=false se=false i=true al=0},r=2,c=false/false,a=IDLE,uri=null,age=0} parsed false HttpParser{s=START,0 of -1}
13:18:48.970 [qtp2010498327-90] DEBUG org.eclipse.jetty.server.HttpConnection - releaseRequestBuffer HttpConnection@7522ca46::NetworkTrafficSocketChannelEndPoint@72874216{/127.0.0.1:65014<->/127.0.0.1:8080,OPEN,fill=-,flush=-,to=2/30000}{io=0/0,kio=0,kro=1}->HttpConnection@7522ca46[p=HttpParser{s=START,0 of -1},g=HttpGenerator@c0a97c6{s=START}]=>HttpChannelOverHttp@787f2966{s=HttpChannelState@3d7da80d{s=IDLE rs=BLOCKING os=OPEN is=IDLE awp=false se=false i=true al=0},r=2,c=false/false,a=IDLE,uri=null,age=0}
13:18:48.970 [qtp2010498327-90] DEBUG org.eclipse.jetty.io.AbstractConnection - fillInterested HttpConnection@7522ca46::NetworkTrafficSocketChannelEndPoint@72874216{/127.0.0.1:65014<->/127.0.0.1:8080,OPEN,fill=-,flush=-,to=2/30000}{io=0/0,kio=0,kro=1}->HttpConnection@7522ca46[p=HttpParser{s=START,0 of -1},g=HttpGenerator@c0a97c6{s=START}]=>HttpChannelOverHttp@787f2966{s=HttpChannelState@3d7da80d{s=IDLE rs=BLOCKING os=OPEN is=IDLE awp=false se=false i=true al=0},r=2,c=false/false,a=IDLE,uri=null,age=0}
13:18:48.970 [qtp2010498327-90] DEBUG org.eclipse.jetty.io.FillInterest - interested FillInterest@dbfab38{AC.ReadCB@7522ca46{HttpConnection@7522ca46::NetworkTrafficSocketChannelEndPoint@72874216{/127.0.0.1:65014<->/127.0.0.1:8080,OPEN,fill=FI,flush=-,to=0/30000}{io=0/0,kio=0,kro=1}->HttpConnection@7522ca46[p=HttpParser{s=START,0 of -1},g=HttpGenerator@c0a97c6{s=START}]=>HttpChannelOverHttp@787f2966{s=HttpChannelState@3d7da80d{s=IDLE rs=BLOCKING os=OPEN is=IDLE awp=false se=false i=true al=0},r=2,c=false/false,a=IDLE,uri=null,age=0}}}
13:18:48.971 [qtp2010498327-90] DEBUG org.eclipse.jetty.io.ChannelEndPoint - changeInterests p=false 0->1 for NetworkTrafficSocketChannelEndPoint@72874216{/127.0.0.1:65014<->/127.0.0.1:8080,OPEN,fill=FI,flush=-,to=0/30000}{io=0/1,kio=0,kro=1}->HttpConnection@7522ca46[p=HttpParser{s=START,0 of -1},g=HttpGenerator@c0a97c6{s=START}]=>HttpChannelOverHttp@787f2966{s=HttpChannelState@3d7da80d{s=IDLE rs=BLOCKING os=OPEN is=IDLE awp=false se=false i=true al=0},r=2,c=false/false,a=IDLE,uri=null,age=0}
13:18:48.971 [qtp2010498327-90] DEBUG org.eclipse.jetty.io.ManagedSelector - Queued change org.eclipse.jetty.io.ChannelEndPoint$1@5d525742 on ManagedSelector@28cd349f{STARTED} id=1 keys=1 selected=0 updates=0
13:18:48.971 [qtp2010498327-90] DEBUG org.eclipse.jetty.io.ManagedSelector - Wakeup on submit ManagedSelector@28cd349f{STARTED} id=1 keys=1 selected=0 updates=1
13:18:48.971 [qtp2010498327-84] DEBUG org.eclipse.jetty.io.ManagedSelector - Selector sun.nio.ch.WindowsSelectorImpl@6af36ac3 woken with none selected
13:18:48.971 [qtp2010498327-84] DEBUG org.eclipse.jetty.io.ManagedSelector - Selector sun.nio.ch.WindowsSelectorImpl@6af36ac3 woken up from select, 0/0/1 selected
13:18:48.971 [qtp2010498327-84] DEBUG org.eclipse.jetty.io.ManagedSelector - Selector sun.nio.ch.WindowsSelectorImpl@6af36ac3 processing 0 keys, 1 updates
13:18:48.971 [qtp2010498327-84] DEBUG org.eclipse.jetty.io.ManagedSelector - updateable 1
13:18:48.971 [qtp2010498327-84] DEBUG org.eclipse.jetty.io.ManagedSelector - update org.eclipse.jetty.io.ChannelEndPoint$1@5d525742
13:18:48.971 [qtp2010498327-84] DEBUG org.eclipse.jetty.io.ChannelEndPoint - Key interests updated 0 -> 1 on NetworkTrafficSocketChannelEndPoint@72874216{/127.0.0.1:65014<->/127.0.0.1:8080,OPEN,fill=FI,flush=-,to=0/30000}{io=1/1,kio=1,kro=1}->HttpConnection@7522ca46[p=HttpParser{s=START,0 of -1},g=HttpGenerator@c0a97c6{s=START}]=>HttpChannelOverHttp@787f2966{s=HttpChannelState@3d7da80d{s=IDLE rs=BLOCKING os=OPEN is=IDLE awp=false se=false i=true al=0},r=2,c=false/false,a=IDLE,uri=null,age=0}
13:18:48.971 [qtp2010498327-84] DEBUG org.eclipse.jetty.io.ManagedSelector - updates 0
13:18:48.971 [qtp2010498327-84] DEBUG org.eclipse.jetty.io.ManagedSelector - Selector sun.nio.ch.WindowsSelectorImpl@6af36ac3 waiting with 1 keys
13:18:48.971 [qtp2010498327-90] DEBUG org.eclipse.jetty.server.HttpConnection - HttpConnection@7522ca46::NetworkTrafficSocketChannelEndPoint@72874216{/127.0.0.1:65014<->/127.0.0.1:8080,OPEN,fill=FI,flush=-,to=0/30000}{io=1/1,kio=1,kro=1}->HttpConnection@7522ca46[p=HttpParser{s=START,0 of -1},g=HttpGenerator@c0a97c6{s=START}]=>HttpChannelOverHttp@787f2966{s=HttpChannelState@3d7da80d{s=IDLE rs=BLOCKING os=OPEN is=IDLE awp=false se=false i=true al=0},r=2,c=false/false,a=IDLE,uri=null,age=0} onFillable exit HttpChannelState@3d7da80d{s=IDLE rs=BLOCKING os=OPEN is=IDLE awp=false se=false i=true al=0} null
13:18:48.971 [qtp2010498327-90] DEBUG org.eclipse.jetty.util.thread.QueuedThreadPool - ran CEP:NetworkTrafficSocketChannelEndPoint@72874216{/127.0.0.1:65014<->/127.0.0.1:8080,OPEN,fill=FI,flush=-,to=0/30000}{io=1/1,kio=1,kro=1}->HttpConnection@7522ca46[p=HttpParser{s=START,0 of -1},g=HttpGenerator@c0a97c6{s=START}]=>HttpChannelOverHttp@787f2966{s=HttpChannelState@3d7da80d{s=IDLE rs=BLOCKING os=OPEN is=IDLE awp=false se=false i=true al=0},r=2,c=false/false,a=IDLE,uri=null,age=0}:runFillable:BLOCKING in QueuedThreadPool[qtp2010498327]@77d5c517{STARTED,8<=8<=14,i=1,r=1,q=0}[ReservedThreadExecutor@1826c076{s=1/1,p=0}]
13:18:48.978 [Test worker] DEBUG org.apache.http.impl.conn.PoolingHttpClientConnectionManager - Connection request: [route: {}->http://localhost:8080][total available: 1; route allocated: 1 of 5; total allocated: 1 of 50]
13:18:48.979 [Test worker] DEBUG org.apache.http.impl.conn.PoolingHttpClientConnectionManager - Connection leased: [id: 5][route: {}->http://localhost:8080][total available: 0; route allocated: 1 of 5; total allocated: 1 of 50]
13:18:48.979 [Test worker] DEBUG org.apache.http.impl.conn.DefaultManagedHttpClientConnection - http-outgoing-5: set socket timeout to 30000
13:18:48.979 [Test worker] DEBUG org.apache.http.impl.execchain.MainClientExec - Stale connection check
13:18:48.980 [Test worker] DEBUG org.apache.http.wire - http-outgoing-5 << "[read] I/O error: Read timed out"
13:18:48.980 [Test worker] DEBUG org.apache.http.impl.execchain.MainClientExec - Executing request POST /__admin/mappings HTTP/1.1
13:18:48.980 [Test worker] DEBUG org.apache.http.impl.execchain.MainClientExec - Target auth state: UNCHALLENGED
13:18:48.980 [Test worker] DEBUG org.apache.http.impl.execchain.MainClientExec - Proxy auth state: UNCHALLENGED
13:18:48.980 [Test worker] DEBUG org.apache.http.headers - http-outgoing-5 >> POST /__admin/mappings HTTP/1.1
13:18:48.980 [Test worker] DEBUG org.apache.http.headers - http-outgoing-5 >> Content-Length: 603
13:18:48.980 [Test worker] DEBUG org.apache.http.headers - http-outgoing-5 >> Content-Type: text/plain; charset=UTF-8
13:18:48.980 [Test worker] DEBUG org.apache.http.headers - http-outgoing-5 >> Host: localhost:8080
13:18:48.980 [Test worker] DEBUG org.apache.http.headers - http-outgoing-5 >> Connection: Keep-Alive
13:18:48.980 [Test worker] DEBUG org.apache.http.headers - http-outgoing-5 >> User-Agent: Apache-HttpClient/4.5.12 (Java/11.0.2)
13:18:48.980 [Test worker] DEBUG org.apache.http.wire - http-outgoing-5 >> "POST /__admin/mappings HTTP/1.1[\r][\n]"
13:18:48.980 [Test worker] DEBUG org.apache.http.wire - http-outgoing-5 >> "Content-Length: 603[\r][\n]"
13:18:48.980 [Test worker] DEBUG org.apache.http.wire - http-outgoing-5 >> "Content-Type: text/plain; charset=UTF-8[\r][\n]"
13:18:48.980 [Test worker] DEBUG org.apache.http.wire - http-outgoing-5 >> "Host: localhost:8080[\r][\n]"
13:18:48.980 [Test worker] DEBUG org.apache.http.wire - http-outgoing-5 >> "Connection: Keep-Alive[\r][\n]"
13:18:48.980 [Test worker] DEBUG org.apache.http.wire - http-outgoing-5 >> "User-Agent: Apache-HttpClient/4.5.12 (Java/11.0.2)[\r][\n]"
13:18:48.980 [Test worker] DEBUG org.apache.http.wire - http-outgoing-5 >> "[\r][\n]"
13:18:48.980 [Test worker] DEBUG org.apache.http.wire - http-outgoing-5 >> "{[\r][\n]"
13:18:48.980 [Test worker] DEBUG org.apache.http.wire - http-outgoing-5 >> "  "id" : "8eda29d7-a614-4cc9-b1d6-40921dd24c4d",[\r][\n]"
13:18:48.980 [Test worker] DEBUG org.apache.http.wire - http-outgoing-5 >> "  "request" : {[\r][\n]"
13:18:48.980 [Test worker] DEBUG org.apache.http.wire - http-outgoing-5 >> "    "url" : "/api/v0/components/products/a75ba316-b0e1-438c-8e6c-a31786431307/questions/hidden",[\r][\n]"
13:18:48.980 [Test worker] DEBUG org.apache.http.wire - http-outgoing-5 >> "    "method" : "GET",[\r][\n]"
13:18:48.980 [Test worker] DEBUG org.apache.http.wire - http-outgoing-5 >> "    "headers" : {[\r][\n]"
13:18:48.980 [Test worker] DEBUG org.apache.http.wire - http-outgoing-5 >> "      "Authorization" : {[\r][\n]"
13:18:48.980 [Test worker] DEBUG org.apache.http.wire - http-outgoing-5 >> "        "equalTo" : "Bearer someToken"[\r][\n]"
13:18:48.980 [Test worker] DEBUG org.apache.http.wire - http-outgoing-5 >> "      }[\r][\n]"
13:18:48.980 [Test worker] DEBUG org.apache.http.wire - http-outgoing-5 >> "    }[\r][\n]"
13:18:48.980 [Test worker] DEBUG org.apache.http.wire - http-outgoing-5 >> "  },[\r][\n]"
13:18:48.980 [Test worker] DEBUG org.apache.http.wire - http-outgoing-5 >> "  "response" : {[\r][\n]"
13:18:48.980 [Test worker] DEBUG org.apache.http.wire - http-outgoing-5 >> "    "status" : 200,[\r][\n]"
13:18:48.980 [Test worker] DEBUG org.apache.http.wire - http-outgoing-5 >> "    "body" : "{\"DELETE\":{},\"BUILD\":{\"VAR1\":\"TEST\"}}",[\r][\n]"
13:18:48.980 [Test worker] DEBUG org.apache.http.wire - http-outgoing-5 >> "    "headers" : {[\r][\n]"
13:18:48.980 [Test worker] DEBUG org.apache.http.wire - http-outgoing-5 >> "      "Content-Type" : "application/json"[\r][\n]"
13:18:48.980 [Test worker] DEBUG org.apache.http.wire - http-outgoing-5 >> "    }[\r][\n]"
13:18:48.980 [Test worker] DEBUG org.apache.http.wire - http-outgoing-5 >> "  },[\r][\n]"
13:18:48.980 [Test worker] DEBUG org.apache.http.wire - http-outgoing-5 >> "  "uuid" : "8eda29d7-a614-4cc9-b1d6-40921dd24c4d",[\r][\n]"
13:18:48.980 [Test worker] DEBUG org.apache.http.wire - http-outgoing-5 >> "  "scenarioName" : "unAuthorized",[\r][\n]"
13:18:48.980 [Test worker] DEBUG org.apache.http.wire - http-outgoing-5 >> "  "requiredScenarioState" : "logged"[\r][\n]"
13:18:48.980 [Test worker] DEBUG org.apache.http.wire - http-outgoing-5 >> "}"
13:18:48.981 [qtp2010498327-84] DEBUG org.eclipse.jetty.io.ManagedSelector - Selector sun.nio.ch.WindowsSelectorImpl@6af36ac3 woken up from select, 1/1/1 selected
13:18:48.981 [qtp2010498327-84] DEBUG org.eclipse.jetty.io.ManagedSelector - Selector sun.nio.ch.WindowsSelectorImpl@6af36ac3 processing 1 keys, 0 updates
13:18:48.981 [qtp2010498327-84] DEBUG org.eclipse.jetty.io.ManagedSelector - selected 1 channel=java.nio.channels.SocketChannel[connected local=/127.0.0.1:8080 remote=/127.0.0.1:65014], selector=sun.nio.ch.WindowsSelectorImpl@6af36ac3, interestOps=1, readyOps=1 NetworkTrafficSocketChannelEndPoint@72874216{/127.0.0.1:65014<->/127.0.0.1:8080,OPEN,fill=FI,flush=-,to=10/30000}{io=1/1,kio=1,kro=1}->HttpConnection@7522ca46[p=HttpParser{s=START,0 of -1},g=HttpGenerator@c0a97c6{s=START}]=>HttpChannelOverHttp@787f2966{s=HttpChannelState@3d7da80d{s=IDLE rs=BLOCKING os=OPEN is=IDLE awp=false se=false i=true al=0},r=2,c=false/false,a=IDLE,uri=null,age=0} 
13:18:48.981 [qtp2010498327-84] DEBUG org.eclipse.jetty.io.ChannelEndPoint - onSelected 1->0 r=true w=false for NetworkTrafficSocketChannelEndPoint@72874216{/127.0.0.1:65014<->/127.0.0.1:8080,OPEN,fill=FI,flush=-,to=10/30000}{io=1/0,kio=1,kro=1}->HttpConnection@7522ca46[p=HttpParser{s=START,0 of -1},g=HttpGenerator@c0a97c6{s=START}]=>HttpChannelOverHttp@787f2966{s=HttpChannelState@3d7da80d{s=IDLE rs=BLOCKING os=OPEN is=IDLE awp=false se=false i=true al=0},r=2,c=false/false,a=IDLE,uri=null,age=0}
13:18:48.981 [qtp2010498327-84] DEBUG org.eclipse.jetty.io.ChannelEndPoint - task CEP:NetworkTrafficSocketChannelEndPoint@72874216{/127.0.0.1:65014<->/127.0.0.1:8080,OPEN,fill=FI,flush=-,to=10/30000}{io=1/0,kio=1,kro=1}->HttpConnection@7522ca46[p=HttpParser{s=START,0 of -1},g=HttpGenerator@c0a97c6{s=START}]=>HttpChannelOverHttp@787f2966{s=HttpChannelState@3d7da80d{s=IDLE rs=BLOCKING os=OPEN is=IDLE awp=false se=false i=true al=0},r=2,c=false/false,a=IDLE,uri=null,age=0}:runFillable:BLOCKING
13:18:48.981 [qtp2010498327-84] DEBUG org.eclipse.jetty.util.thread.ReservedThreadExecutor - ReservedThreadExecutor@1826c076{s=1/1,p=0} tryExecute EatWhatYouKill@15c4be73/SelectorProducer@691db8ef/PRODUCING/p=false/QueuedThreadPool[qtp2010498327]@77d5c517{STARTED,8<=8<=14,i=2,r=1,q=0}[ReservedThreadExecutor@1826c076{s=1/1,p=0}][pc=0,pic=0,pec=1,epc=0]@2020-09-25T13:18:48.9818739+02:00
13:18:48.981 [qtp2010498327-84] DEBUG org.eclipse.jetty.util.thread.ReservedThreadExecutor - ReservedThreadExecutor@1826c076{s=0/1,p=0}@600b01b3 offer EatWhatYouKill@15c4be73/SelectorProducer@691db8ef/PRODUCING/p=false/QueuedThreadPool[qtp2010498327]@77d5c517{STARTED,8<=8<=14,i=2,r=1,q=0}[ReservedThreadExecutor@1826c076{s=0/1,p=0}][pc=0,pic=0,pec=1,epc=0]@2020-09-25T13:18:48.9818739+02:00
13:18:48.981 [qtp2010498327-84] DEBUG org.eclipse.jetty.util.thread.ReservedThreadExecutor - ReservedThreadExecutor@1826c076{s=0/1,p=1} startReservedThread p=1
13:18:48.981 [qtp2010498327-84] DEBUG org.eclipse.jetty.util.thread.QueuedThreadPool - queue ReservedThreadExecutor@1826c076{s=0/1,p=1}@250983d6 startThread=0
13:18:48.982 [qtp2010498327-84] DEBUG org.eclipse.jetty.util.thread.strategy.EatWhatYouKill - EatWhatYouKill@15c4be73/SelectorProducer@691db8ef/IDLE/p=true/QueuedThreadPool[qtp2010498327]@77d5c517{STARTED,8<=8<=14,i=1,r=1,q=0}[ReservedThreadExecutor@1826c076{s=0/1,p=1}][pc=0,pic=0,pec=1,epc=0]@2020-09-25T13:18:48.9818739+02:00 m=EXECUTE_PRODUCE_CONSUME t=CEP:NetworkTrafficSocketChannelEndPoint@72874216{/127.0.0.1:65014<->/127.0.0.1:8080,OPEN,fill=FI,flush=-,to=10/30000}{io=1/0,kio=1,kro=1}->HttpConnection@7522ca46[p=HttpParser{s=START,0 of -1},g=HttpGenerator@c0a97c6{s=START}]=>HttpChannelOverHttp@787f2966{s=HttpChannelState@3d7da80d{s=IDLE rs=BLOCKING os=OPEN is=IDLE awp=false se=false i=true al=0},r=2,c=false/false,a=IDLE,uri=null,age=0}:runFillable:BLOCKING/BLOCKING
13:18:48.982 [qtp2010498327-84] DEBUG org.eclipse.jetty.io.FillInterest - fillable FillInterest@dbfab38{AC.ReadCB@7522ca46{HttpConnection@7522ca46::NetworkTrafficSocketChannelEndPoint@72874216{/127.0.0.1:65014<->/127.0.0.1:8080,OPEN,fill=FI,flush=-,to=11/30000}{io=1/0,kio=1,kro=1}->HttpConnection@7522ca46[p=HttpParser{s=START,0 of -1},g=HttpGenerator@c0a97c6{s=START}]=>HttpChannelOverHttp@787f2966{s=HttpChannelState@3d7da80d{s=IDLE rs=BLOCKING os=OPEN is=IDLE awp=false se=false i=true al=0},r=2,c=false/false,a=IDLE,uri=null,age=0}}}
13:18:48.982 [qtp2010498327-84] DEBUG org.eclipse.jetty.server.HttpConnection - HttpConnection@7522ca46::NetworkTrafficSocketChannelEndPoint@72874216{/127.0.0.1:65014<->/127.0.0.1:8080,OPEN,fill=-,flush=-,to=11/30000}{io=1/0,kio=1,kro=1}->HttpConnection@7522ca46[p=HttpParser{s=START,0 of -1},g=HttpGenerator@c0a97c6{s=START}]=>HttpChannelOverHttp@787f2966{s=HttpChannelState@3d7da80d{s=IDLE rs=BLOCKING os=OPEN is=IDLE awp=false se=false i=true al=0},r=2,c=false/false,a=IDLE,uri=null,age=0} onFillable enter HttpChannelState@3d7da80d{s=IDLE rs=BLOCKING os=OPEN is=IDLE awp=false se=false i=true al=0} null
13:18:48.982 [qtp2010498327-84] DEBUG org.eclipse.jetty.io.ChannelEndPoint - filled 798 HeapByteBuffer@70c4892d[p=0,l=798,c=8192,r=798]={<<<POST /__admin/mappings HT...rioState" : "logged"\r\n}>>>\n  "requi...\x00\x00\x00\x00\x00\x00\x00}
13:18:48.982 [qtp2010498327-84] DEBUG org.eclipse.jetty.server.HttpConnection - HttpConnection@7522ca46::NetworkTrafficSocketChannelEndPoint@72874216{/127.0.0.1:65014<->/127.0.0.1:8080,OPEN,fill=-,flush=-,to=0/30000}{io=1/0,kio=1,kro=1}->HttpConnection@7522ca46[p=HttpParser{s=START,0 of -1},g=HttpGenerator@c0a97c6{s=START}]=>HttpChannelOverHttp@787f2966{s=HttpChannelState@3d7da80d{s=IDLE rs=BLOCKING os=OPEN is=IDLE awp=false se=false i=true al=0},r=2,c=false/false,a=IDLE,uri=null,age=0} filled 798 HeapByteBuffer@70c4892d[p=0,l=798,c=8192,r=798]={<<<POST /__admin/mappings HT...rioState" : "logged"\r\n}>>>\n  "requi...\x00\x00\x00\x00\x00\x00\x00}
13:18:48.982 [qtp2010498327-84] DEBUG org.eclipse.jetty.server.HttpConnection - HttpConnection@7522ca46::NetworkTrafficSocketChannelEndPoint@72874216{/127.0.0.1:65014<->/127.0.0.1:8080,OPEN,fill=-,flush=-,to=0/30000}{io=1/0,kio=1,kro=1}->HttpConnection@7522ca46[p=HttpParser{s=START,0 of -1},g=HttpGenerator@c0a97c6{s=START}]=>HttpChannelOverHttp@787f2966{s=HttpChannelState@3d7da80d{s=IDLE rs=BLOCKING os=OPEN is=IDLE awp=false se=false i=true al=0},r=2,c=false/false,a=IDLE,uri=null,age=0} parse HeapByteBuffer@70c4892d[p=0,l=798,c=8192,r=798]={<<<POST /__admin/mappings HT...rioState" : "logged"\r\n}>>>\n  "requi...\x00\x00\x00\x00\x00\x00\x00} {}
13:18:48.982 [qtp2010498327-84] DEBUG org.eclipse.jetty.http.HttpParser - parseNext s=START HeapByteBuffer@70c4892d[p=0,l=798,c=8192,r=798]={<<<POST /__admin/mappings HT...rioState" : "logged"\r\n}>>>\n  "requi...\x00\x00\x00\x00\x00\x00\x00}
13:18:48.982 [qtp2010498327-84] DEBUG org.eclipse.jetty.http.HttpParser - START --> SPACE1
13:18:48.982 [qtp2010498327-84] DEBUG org.eclipse.jetty.http.HttpParser - SPACE1 --> URI
13:18:48.982 [qtp2010498327-84] DEBUG org.eclipse.jetty.http.HttpParser - URI --> SPACE2
13:18:48.982 [qtp2010498327-84] DEBUG org.eclipse.jetty.http.HttpParser - SPACE2 --> REQUEST_VERSION
13:18:48.982 [qtp2010498327-84] DEBUG org.eclipse.jetty.http.HttpParser - REQUEST_VERSION --> HEADER
13:18:48.982 [qtp2010498327-84] DEBUG org.eclipse.jetty.http.HttpParser - HEADER:Content-Length --> VALUE
13:18:48.982 [qtp2010498327-84] DEBUG org.eclipse.jetty.http.HttpParser - HEADER:Content-Length --> IN_VALUE
13:18:48.982 [qtp2010498327-84] DEBUG org.eclipse.jetty.http.HttpParser - HEADER:Content-Length --> FIELD
13:18:48.982 [qtp2010498327-84] DEBUG org.eclipse.jetty.http.HttpParser - HEADER:Content-Type: text/plain; charset=UTF-8 --> IN_VALUE
13:18:48.982 [qtp2010498327-84] DEBUG org.eclipse.jetty.http.HttpParser - HEADER:Content-Type: text/plain; charset=UTF-8 --> FIELD
13:18:48.982 [qtp2010498327-84] DEBUG org.eclipse.jetty.http.HttpParser - HEADER:Host: localhost:8080 --> IN_VALUE
13:18:48.982 [qtp2010498327-84] DEBUG org.eclipse.jetty.http.HttpParser - HEADER:Host: localhost:8080 --> FIELD
13:18:48.982 [qtp2010498327-84] DEBUG org.eclipse.jetty.http.HttpParser - HEADER:Connection: keep-alive --> IN_VALUE
13:18:48.982 [qtp2010498327-84] DEBUG org.eclipse.jetty.http.HttpParser - HEADER:Connection: keep-alive --> FIELD
13:18:48.983 [qtp2010498327-84] DEBUG org.eclipse.jetty.http.HttpParser - HEADER:User-Agent: Apache-HttpClient/4.5.12 (Java/11.0.2) --> IN_VALUE
13:18:48.983 [qtp2010498327-84] DEBUG org.eclipse.jetty.http.HttpParser - HEADER:User-Agent: Apache-HttpClient/4.5.12 (Java/11.0.2) --> FIELD
13:18:48.983 [qtp2010498327-84] DEBUG org.eclipse.jetty.http.HttpParser - HEADER --> CONTENT
13:18:48.983 [qtp2010498327-84] DEBUG org.eclipse.jetty.server.HttpChannel - REQUEST for //localhost:8080/__admin/mappings on HttpChannelOverHttp@787f2966{s=HttpChannelState@3d7da80d{s=IDLE rs=BLOCKING os=OPEN is=IDLE awp=false se=false i=true al=0},r=3,c=false/false,a=IDLE,uri=//localhost:8080/__admin/mappings,age=0}
POST //localhost:8080/__admin/mappings HTTP/1.1
Content-Length: 603
Content-Type: text/plain; charset=UTF-8
Host: localhost:8080
Connection: keep-alive
User-Agent: Apache-HttpClient/4.5.12 (Java/11.0.2)


13:18:48.983 [qtp2010498327-84] DEBUG org.eclipse.jetty.server.HttpConnection - HttpConnection@7522ca46::NetworkTrafficSocketChannelEndPoint@72874216{/127.0.0.1:65014<->/127.0.0.1:8080,OPEN,fill=-,flush=-,to=0/30000}{io=1/0,kio=1,kro=1}->HttpConnection@7522ca46[p=HttpParser{s=CONTENT,0 of 603},g=HttpGenerator@c0a97c6{s=START}]=>HttpChannelOverHttp@787f2966{s=HttpChannelState@3d7da80d{s=IDLE rs=BLOCKING os=OPEN is=IDLE awp=false se=false i=true al=0},r=3,c=false/false,a=IDLE,uri=//localhost:8080/__admin/mappings,age=0} parsed true HttpParser{s=CONTENT,0 of 603}
13:18:48.983 [qtp2010498327-84] DEBUG org.eclipse.jetty.server.HttpChannel - handle //localhost:8080/__admin/mappings HttpChannelOverHttp@787f2966{s=HttpChannelState@3d7da80d{s=IDLE rs=BLOCKING os=OPEN is=IDLE awp=false se=false i=true al=0},r=3,c=false/false,a=IDLE,uri=//localhost:8080/__admin/mappings,age=0} 
13:18:48.983 [qtp2010498327-84] DEBUG org.eclipse.jetty.server.HttpChannelState - handling HttpChannelState@3d7da80d{s=IDLE rs=BLOCKING os=OPEN is=IDLE awp=false se=false i=true al=0}
13:18:48.983 [qtp2010498327-84] DEBUG org.eclipse.jetty.server.HttpChannel - action DISPATCH HttpChannelOverHttp@787f2966{s=HttpChannelState@3d7da80d{s=HANDLING rs=BLOCKING os=OPEN is=IDLE awp=false se=false i=true al=0},r=3,c=false/false,a=HANDLING,uri=//localhost:8080/__admin/mappings,age=0}
13:18:48.983 [qtp2010498327-84] DEBUG org.eclipse.jetty.server.Server - REQUEST POST /__admin/mappings on HttpChannelOverHttp@787f2966{s=HttpChannelState@3d7da80d{s=HANDLING rs=BLOCKING os=OPEN is=IDLE awp=false se=false i=true al=0},r=3,c=false/false,a=HANDLING,uri=//localhost:8080/__admin/mappings,age=0}
13:18:48.983 [qtp2010498327-84] DEBUG org.eclipse.jetty.server.handler.ContextHandler - scope null||/__admin/mappings @ o.e.j.s.ServletContextHandler@3f5d4750{/__admin,null,AVAILABLE}
13:18:48.983 [qtp2010498327-84] DEBUG org.eclipse.jetty.server.handler.ContextHandler - context=/__admin||/mappings @ o.e.j.s.ServletContextHandler@3f5d4750{/__admin,null,AVAILABLE}
13:18:48.983 [qtp2010498327-84] DEBUG org.eclipse.jetty.servlet.ServletHandler - servlet /__admin|/mappings|null -> com.github.tomakehurst.wiremock.servlet.WireMockHandlerDispatchingServlet-753c5bc6@8b07c==com.github.tomakehurst.wiremock.servlet.WireMockHandlerDispatchingServlet,jsp=null,order=-1,inst=true,async=true
13:18:48.983 [qtp2010498327-84] DEBUG org.eclipse.jetty.servlet.ServletHandler - chain=org.eclipse.jetty.servlets.CrossOriginFilter-35c51532@35c51532==org.eclipse.jetty.servlets.CrossOriginFilter,inst=true,async=true->com.github.tomakehurst.wiremock.servlet.WireMockHandlerDispatchingServlet-753c5bc6@8b07c==com.github.tomakehurst.wiremock.servlet.WireMockHandlerDispatchingServlet,jsp=null,order=-1,inst=true,async=true
13:18:48.983 [qtp2010498327-84] DEBUG org.eclipse.jetty.servlet.ServletHandler - call filter org.eclipse.jetty.servlets.CrossOriginFilter-35c51532@35c51532==org.eclipse.jetty.servlets.CrossOriginFilter,inst=true,async=true
13:18:48.983 [qtp2010498327-84] DEBUG org.eclipse.jetty.servlet.ServletHandler - call servlet com.github.tomakehurst.wiremock.servlet.WireMockHandlerDispatchingServlet-753c5bc6@8b07c==com.github.tomakehurst.wiremock.servlet.WireMockHandlerDispatchingServlet,jsp=null,order=-1,inst=true,async=true
13:18:48.984 [qtp2010498327-84] DEBUG org.eclipse.jetty.server.HttpConnection - HttpConnection@7522ca46::NetworkTrafficSocketChannelEndPoint@72874216{/127.0.0.1:65014<->/127.0.0.1:8080,OPEN,fill=-,flush=-,to=1/30000}{io=1/0,kio=1,kro=1}->HttpConnection@7522ca46[p=HttpParser{s=CONTENT,0 of 603},g=HttpGenerator@c0a97c6{s=START}]=>HttpChannelOverHttp@787f2966{s=HttpChannelState@3d7da80d{s=HANDLING rs=BLOCKING os=OPEN is=IDLE awp=false se=false i=true al=0},r=3,c=false/false,a=HANDLING,uri=//localhost:8080/__admin/mappings,age=1} parse HeapByteBuffer@70c4892d[p=195,l=798,c=8192,r=603]={POST /__a....2)\r\n\r\n<<<{\r\n  "id" : "8eda29d7-a61...rioState" : "logged"\r\n}>>>\n  "requi...\x00\x00\x00\x00\x00\x00\x00} {}
13:18:48.984 [qtp2010498327-84] DEBUG org.eclipse.jetty.http.HttpParser - parseNext s=CONTENT HeapByteBuffer@70c4892d[p=195,l=798,c=8192,r=603]={POST /__a....2)\r\n\r\n<<<{\r\n  "id" : "8eda29d7-a61...rioState" : "logged"\r\n}>>>\n  "requi...\x00\x00\x00\x00\x00\x00\x00}
13:18:48.984 [qtp2010498327-84] DEBUG org.eclipse.jetty.server.HttpChannel - onContent HttpChannelOverHttp@787f2966{s=HttpChannelState@3d7da80d{s=HANDLING rs=BLOCKING os=OPEN is=IDLE awp=false se=false i=true al=0},r=3,c=false/false,a=HANDLING,uri=//localhost:8080/__admin/mappings,age=1} Content@54dd50c6{HeapByteBufferR@1466c051[p=195,l=798,c=8192,r=603]={POST /__a....2)\r\n\r\n<<<{\r\n  "id" : "8eda29d7-a61...rioState" : "logged"\r\n}>>>\n  "requi...\x00\x00\x00\x00\x00\x00\x00}}
13:18:48.984 [qtp2010498327-84] DEBUG org.eclipse.jetty.server.HttpInput - HttpInputOverHTTP@6be70855[c=0,q=0,[0]=null,s=STREAM] addContent Content@54dd50c6{HeapByteBufferR@1466c051[p=195,l=798,c=8192,r=603]={POST /__a....2)\r\n\r\n<<<{\r\n  "id" : "8eda29d7-a61...rioState" : "logged"\r\n}>>>\n  "requi...\x00\x00\x00\x00\x00\x00\x00}}
13:18:48.984 [qtp2010498327-84] DEBUG org.eclipse.jetty.http.HttpParser - CONTENT --> CONTENT_END
13:18:48.984 [qtp2010498327-84] DEBUG org.eclipse.jetty.server.HttpChannel - onContentComplete HttpChannelOverHttp@787f2966{s=HttpChannelState@3d7da80d{s=HANDLING rs=BLOCKING os=OPEN is=IDLE awp=false se=false i=true al=0},r=3,c=false/false,a=HANDLING,uri=//localhost:8080/__admin/mappings,age=1}
13:18:48.984 [qtp2010498327-84] DEBUG org.eclipse.jetty.http.HttpParser - CONTENT_END --> END
13:18:48.984 [qtp2010498327-84] DEBUG org.eclipse.jetty.server.HttpChannel - onRequestComplete HttpChannelOverHttp@787f2966{s=HttpChannelState@3d7da80d{s=HANDLING rs=BLOCKING os=OPEN is=IDLE awp=false se=false i=true al=0},r=3,c=false/false,a=HANDLING,uri=//localhost:8080/__admin/mappings,age=1}
13:18:48.984 [qtp2010498327-84] DEBUG org.eclipse.jetty.server.HttpInput - HttpInputOverHTTP@6be70855[c=0,q=1,[0]=EOF,s=STREAM] addContent EOF
13:18:48.984 [qtp2010498327-84] DEBUG org.eclipse.jetty.server.HttpConnection - HttpConnection@7522ca46::NetworkTrafficSocketChannelEndPoint@72874216{/127.0.0.1:65014<->/127.0.0.1:8080,OPEN,fill=-,flush=-,to=1/30000}{io=1/0,kio=1,kro=1}->HttpConnection@7522ca46[p=HttpParser{s=END,603 of 603},g=HttpGenerator@c0a97c6{s=START}]=>HttpChannelOverHttp@787f2966{s=HttpChannelState@3d7da80d{s=HANDLING rs=BLOCKING os=OPEN is=IDLE awp=false se=false i=true al=0},r=3,c=false/false,a=HANDLING,uri=//localhost:8080/__admin/mappings,age=1} parsed false HttpParser{s=END,603 of 603}
13:18:48.984 [qtp2010498327-84] DEBUG org.eclipse.jetty.server.HttpInput - HttpInputOverHTTP@6be70855[c=603,q=1,[0]=EOF,s=STREAM] read 603 from Content@54dd50c6{HeapByteBufferR@1466c051[p=798,l=798,c=8192,r=0]={POST /__a...ged"\r\n}<<<>>>\n  "requi...\x00\x00\x00\x00\x00\x00\x00}}
13:18:48.984 [qtp2010498327-84] DEBUG org.eclipse.jetty.server.HttpConnection - releaseRequestBuffer HttpConnection@7522ca46::NetworkTrafficSocketChannelEndPoint@72874216{/127.0.0.1:65014<->/127.0.0.1:8080,OPEN,fill=-,flush=-,to=2/30000}{io=1/0,kio=1,kro=1}->HttpConnection@7522ca46[p=HttpParser{s=END,603 of 603},g=HttpGenerator@c0a97c6{s=START}]=>HttpChannelOverHttp@787f2966{s=HttpChannelState@3d7da80d{s=HANDLING rs=BLOCKING os=OPEN is=IDLE awp=false se=false i=true al=0},r=3,c=false/false,a=HANDLING,uri=//localhost:8080/__admin/mappings,age=1}
13:18:48.984 [qtp2010498327-84] DEBUG org.eclipse.jetty.server.HttpChannelState - onEof HttpChannelState@3d7da80d{s=HANDLING rs=BLOCKING os=OPEN is=IDLE awp=false se=false i=true al=0}
13:18:49.009 [qtp2010498327-84] DEBUG org.eclipse.jetty.server.HttpOutput - write(array HeapByteBuffer@7bc35f9b[p=0,l=603,c=8192,r=603]={<<<{\r\n  "id" : "8eda29d7-a61...rioState" : "logged"\r\n}>>>\x00\x00\x00\x00\x00\x00\x00\x00\x00...\x00\x00\x00\x00\x00\x00\x00})
13:18:49.011 [qtp2010498327-84] DEBUG org.eclipse.jetty.server.HttpOutput - write(array) s=OPEN,api=BLOCKING,sc=false,e=null aggregated !flush DirectByteBuffer@13f8a8b3[p=0,l=603,c=32768,r=603]={<<<{\r\n  "id" : "8eda29d7-a61...rioState" : "logged"\r\n}>>>\n  "requi...\x00\x00\x00\x00\x00\x00\x00}
13:18:49.011 [qtp2010498327-84] DEBUG org.eclipse.jetty.server.HttpChannel - sendResponse info=null content=DirectByteBuffer@13f8a8b3[p=0,l=603,c=32768,r=603]={<<<{\r\n  "id" : "8eda29d7-a61...rioState" : "logged"\r\n}>>>\n  "requi...\x00\x00\x00\x00\x00\x00\x00} complete=false committing=true callback=Blocker@5f118c31{null}
13:18:49.011 [qtp2010498327-84] DEBUG org.eclipse.jetty.server.HttpChannel - COMMIT for /__admin/mappings on HttpChannelOverHttp@787f2966{s=HttpChannelState@3d7da80d{s=HANDLING rs=BLOCKING os=COMMITTED is=READY awp=false se=false i=true al=0},r=3,c=false/false,a=HANDLING,uri=//localhost:8080/__admin/mappings,age=28}
201 null HTTP/1.1
Content-Type: application/json


13:18:49.012 [qtp2010498327-84] DEBUG org.eclipse.jetty.server.HttpConnection - generate: NEED_HEADER for org.eclipse.jetty.server.HttpConnection$SendCallback@c678226[PROCESSING][i=HTTP/1.1{s=201,h=1,cl=-1},cb=org.eclipse.jetty.server.HttpChannel$SendCallback@59057cfa] (null,[p=0,l=603,c=32768,r=603],false)@START
13:18:49.012 [qtp2010498327-84] DEBUG org.eclipse.jetty.http.HttpGenerator - generateHeaders HTTP/1.1{s=201,h=1,cl=-1} last=false content=DirectByteBuffer@13f8a8b3[p=0,l=603,c=32768,r=603]={<<<{\r\n  "id" : "8eda29d7-a61...rioState" : "logged"\r\n}>>>\n  "requi...\x00\x00\x00\x00\x00\x00\x00}
13:18:49.012 [qtp2010498327-84] DEBUG org.eclipse.jetty.http.HttpGenerator - Content-Type: application/json


13:18:49.012 [qtp2010498327-84] DEBUG org.eclipse.jetty.http.HttpGenerator - CHUNKED_CONTENT
13:18:49.012 [qtp2010498327-84] DEBUG org.eclipse.jetty.server.HttpConnection - generate: FLUSH for org.eclipse.jetty.server.HttpConnection$SendCallback@c678226[PROCESSING][i=HTTP/1.1{s=201,h=1,cl=-1},cb=org.eclipse.jetty.server.HttpChannel$SendCallback@59057cfa] ([p=0,l=122,c=8192,r=122],[p=0,l=603,c=32768,r=603],false)@COMMITTED
13:18:49.012 [qtp2010498327-84] DEBUG org.eclipse.jetty.io.WriteFlusher - write: WriteFlusher@8fcc2a3{IDLE}->null [HeapByteBuffer@70c4892d[p=0,l=122,c=8192,r=122]={<<<HTTP/1.1 201 Created\r\nCon....28.v20200408)\r\n\r\n25B\r\n>>>ction: Ke...\x00\x00\x00\x00\x00\x00\x00},DirectByteBuffer@13f8a8b3[p=0,l=603,c=32768,r=603]={<<<{\r\n  "id" : "8eda29d7-a61...rioState" : "logged"\r\n}>>>\n  "requi...\x00\x00\x00\x00\x00\x00\x00}]
13:18:49.012 [qtp2010498327-84] DEBUG org.eclipse.jetty.io.WriteFlusher - update WriteFlusher@8fcc2a3{WRITING}->null:IDLE-->WRITING
13:18:49.012 [qtp2010498327-84] DEBUG org.eclipse.jetty.io.ChannelEndPoint - flushed 122 NetworkTrafficSocketChannelEndPoint@72874216{/127.0.0.1:65014<->/127.0.0.1:8080,OPEN,fill=-,flush=W,to=30/30000}{io=1/0,kio=1,kro=1}->HttpConnection@7522ca46[p=HttpParser{s=END,603 of 603},g=HttpGenerator@c0a97c6{s=COMMITTED}]=>HttpChannelOverHttp@787f2966{s=HttpChannelState@3d7da80d{s=HANDLING rs=BLOCKING os=COMMITTED is=READY awp=false se=false i=true al=0},r=3,c=false/false,a=HANDLING,uri=//localhost:8080/__admin/mappings,age=29}
13:18:49.012 [qtp2010498327-84] DEBUG org.eclipse.jetty.io.ChannelEndPoint - flushed 603 NetworkTrafficSocketChannelEndPoint@72874216{/127.0.0.1:65014<->/127.0.0.1:8080,OPEN,fill=-,flush=W,to=0/30000}{io=1/0,kio=1,kro=1}->HttpConnection@7522ca46[p=HttpParser{s=END,603 of 603},g=HttpGenerator@c0a97c6{s=COMMITTED}]=>HttpChannelOverHttp@787f2966{s=HttpChannelState@3d7da80d{s=HANDLING rs=BLOCKING os=COMMITTED is=READY awp=false se=false i=true al=0},r=3,c=false/false,a=HANDLING,uri=//localhost:8080/__admin/mappings,age=29}
13:18:49.013 [qtp2010498327-84] DEBUG org.eclipse.jetty.io.WriteFlusher - Flushed=true written=725 remaining=0 WriteFlusher@8fcc2a3{WRITING}->null
13:18:49.013 [qtp2010498327-84] DEBUG org.eclipse.jetty.io.WriteFlusher - update WriteFlusher@8fcc2a3{IDLE}->null:WRITING-->IDLE
13:18:49.013 [qtp2010498327-84] DEBUG org.eclipse.jetty.server.HttpConnection - generate: DONE for org.eclipse.jetty.server.HttpConnection$SendCallback@c678226[PROCESSING][i=HTTP/1.1{s=201,h=1,cl=-1},cb=org.eclipse.jetty.server.HttpChannel$SendCallback@59057cfa] ([p=122,l=122,c=8192,r=0],[p=603,l=603,c=32768,r=0],false)@COMMITTED
13:18:49.013 [qtp2010498327-84] DEBUG org.eclipse.jetty.server.HttpOutput - onWriteComplete(false,null) s=OPEN,api=BLOCKED,sc=false,e=null->s=OPEN,api=BLOCKING,sc=false,e=null c=null cb=null w=false
13:18:49.013 [qtp2010498327-84] DEBUG org.eclipse.jetty.server.HttpOutput - close() s=CLOSING,api=BLOCKED,sc=false,e=null c=HeapByteBuffer@137d328[p=0,l=0,c=0,r=0]={<<<>>>} b=Blocker@5f118c31{null}
13:18:49.013 [qtp2010498327-84] DEBUG org.eclipse.jetty.server.HttpChannel - sendResponse info=null content=HeapByteBuffer@137d328[p=0,l=0,c=0,r=0]={<<<>>>} complete=true committing=false callback=Blocker@5f118c31{null}
13:18:49.013 [qtp2010498327-84] DEBUG org.eclipse.jetty.server.HttpConnection - generate: CONTINUE for org.eclipse.jetty.server.HttpConnection$SendCallback@c678226[PROCESSING][i=null,cb=org.eclipse.jetty.server.HttpChannel$SendCallback@375ca5d8] (null,[p=0,l=0,c=0,r=0],true)@COMPLETING
13:18:49.013 [qtp2010498327-84] DEBUG org.eclipse.jetty.server.HttpConnection - generate: NEED_CHUNK for org.eclipse.jetty.server.HttpConnection$SendCallback@c678226[PROCESSING][i=null,cb=org.eclipse.jetty.server.HttpChannel$SendCallback@375ca5d8] (null,[p=0,l=0,c=0,r=0],true)@COMPLETING
13:18:49.013 [qtp2010498327-84] DEBUG org.eclipse.jetty.server.HttpConnection - generate: FLUSH for org.eclipse.jetty.server.HttpConnection$SendCallback@c678226[PROCESSING][i=null,cb=org.eclipse.jetty.server.HttpChannel$SendCallback@375ca5d8] (null,[p=0,l=0,c=0,r=0],true)@COMPLETING
13:18:49.013 [qtp2010498327-84] DEBUG org.eclipse.jetty.io.WriteFlusher - write: WriteFlusher@8fcc2a3{IDLE}->null [HeapByteBuffer@6b996876[p=0,l=7,c=1024,r=7]={<<<\r\n0\r\n\r\n>>>\x00\x00\x00\x00\x00\x00\x00\x00\x00...\x00\x00\x00\x00\x00\x00\x00}]
13:18:49.013 [qtp2010498327-84] DEBUG org.eclipse.jetty.io.WriteFlusher - update WriteFlusher@8fcc2a3{WRITING}->null:IDLE-->WRITING
13:18:49.013 [qtp2010498327-84] DEBUG org.eclipse.jetty.io.ChannelEndPoint - flushed 7 NetworkTrafficSocketChannelEndPoint@72874216{/127.0.0.1:65014<->/127.0.0.1:8080,OPEN,fill=-,flush=W,to=0/30000}{io=1/0,kio=1,kro=1}->HttpConnection@7522ca46[p=HttpParser{s=END,603 of 603},g=HttpGenerator@c0a97c6{s=COMPLETING}]=>HttpChannelOverHttp@787f2966{s=HttpChannelState@3d7da80d{s=HANDLING rs=BLOCKING os=COMMITTED is=READY awp=false se=false i=true al=0},r=3,c=false/false,a=HANDLING,uri=//localhost:8080/__admin/mappings,age=30}
13:18:49.013 [qtp2010498327-84] DEBUG org.eclipse.jetty.io.WriteFlusher - Flushed=true written=7 remaining=0 WriteFlusher@8fcc2a3{WRITING}->null
13:18:49.013 [qtp2010498327-84] DEBUG org.eclipse.jetty.io.WriteFlusher - update WriteFlusher@8fcc2a3{IDLE}->null:WRITING-->IDLE
13:18:49.014 [qtp2010498327-84] DEBUG org.eclipse.jetty.server.HttpConnection - generate: DONE for org.eclipse.jetty.server.HttpConnection$SendCallback@c678226[PROCESSING][i=null,cb=org.eclipse.jetty.server.HttpChannel$SendCallback@375ca5d8] (null,[p=0,l=0,c=0,r=0],true)@END
13:18:49.014 [qtp2010498327-84] DEBUG org.eclipse.jetty.server.HttpOutput - onWriteComplete(true,null) s=CLOSING,api=BLOCKED,sc=false,e=null->s=CLOSED,api=BLOCKING,sc=false,e=null c=null cb=null w=false
13:18:49.014 [qtp2010498327-84] DEBUG org.eclipse.jetty.server.handler.gzip.GzipHandler - GzipHandler@34f0fdaa{STARTED,min=32,inflate=-1} handle Request[POST //localhost:8080/__admin/mappings]@fcd9133 in null
13:18:49.014 [qtp2010498327-84] DEBUG org.eclipse.jetty.server.handler.ContextHandler - scope null||/__admin/mappings @ o.e.j.s.ServletContextHandler@301dacc2{/,null,AVAILABLE}
13:18:49.014 [qtp2010498327-84] DEBUG org.eclipse.jetty.server.Server - handled=true async=false committed=true on HttpChannelOverHttp@787f2966{s=HttpChannelState@3d7da80d{s=HANDLING rs=BLOCKING os=COMPLETED is=READY awp=false se=false i=true al=0},r=3,c=false/true,a=HANDLING,uri=//localhost:8080/__admin/mappings,age=31}
13:18:49.014 [qtp2010498327-84] DEBUG org.eclipse.jetty.server.HttpChannelState - unhandle HttpChannelState@3d7da80d{s=HANDLING rs=BLOCKING os=COMPLETED is=READY awp=false se=false i=true al=0}
13:18:49.014 [qtp2010498327-84] DEBUG org.eclipse.jetty.server.HttpChannelState - nextAction(false) COMPLETE HttpChannelState@3d7da80d{s=HANDLING rs=COMPLETING os=COMPLETED is=READY awp=false se=false i=false al=0}
13:18:49.014 [qtp2010498327-84] DEBUG org.eclipse.jetty.server.HttpChannel - action COMPLETE HttpChannelOverHttp@787f2966{s=HttpChannelState@3d7da80d{s=HANDLING rs=COMPLETING os=COMPLETED is=READY awp=false se=false i=false al=0},r=3,c=false/true,a=HANDLING,uri=//localhost:8080/__admin/mappings,age=31}
13:18:49.014 [qtp2010498327-84] DEBUG org.eclipse.jetty.server.HttpOutput - complete(org.eclipse.jetty.util.Callback$4@4168c51e) s=CLOSED,api=BLOCKING,sc=false,e=null s=true e=null, c=null
13:18:49.014 [qtp2010498327-84] DEBUG org.eclipse.jetty.server.HttpChannelState - completed HttpChannelState@3d7da80d{s=HANDLING rs=COMPLETING os=COMPLETED is=READY awp=false se=false i=false al=0}
13:18:49.014 [qtp2010498327-84] DEBUG org.eclipse.jetty.server.HttpChannelState - unhandle HttpChannelState@3d7da80d{s=HANDLING rs=COMPLETED os=COMPLETED is=READY awp=false se=false i=false al=0}
13:18:49.014 [qtp2010498327-84] DEBUG org.eclipse.jetty.server.HttpChannelState - nextAction(false) TERMINATED HttpChannelState@3d7da80d{s=IDLE rs=COMPLETED os=COMPLETED is=READY awp=false se=false i=false al=0}
13:18:49.014 [qtp2010498327-84] DEBUG org.eclipse.jetty.server.HttpChannel - action TERMINATED HttpChannelOverHttp@787f2966{s=HttpChannelState@3d7da80d{s=IDLE rs=COMPLETED os=COMPLETED is=READY awp=false se=false i=false al=0},r=3,c=true/true,a=IDLE,uri=//localhost:8080/__admin/mappings,age=31}
13:18:49.014 [qtp2010498327-84] DEBUG org.eclipse.jetty.server.HttpChannel - onCompleted for /__admin/mappings written=603
13:18:49.014 [qtp2010498327-84] DEBUG org.eclipse.jetty.server.HttpChannelState - recycle HttpChannelState@3d7da80d{s=IDLE rs=COMPLETED os=COMPLETED is=READY awp=false se=false i=false al=0}
13:18:49.014 [qtp2010498327-84] DEBUG org.eclipse.jetty.http.HttpParser - reset HttpParser{s=END,603 of 603}
13:18:49.014 [qtp2010498327-84] DEBUG org.eclipse.jetty.http.HttpParser - END --> START
13:18:49.014 [qtp2010498327-84] DEBUG org.eclipse.jetty.server.HttpChannel - !handle TERMINATED HttpChannelOverHttp@787f2966{s=HttpChannelState@3d7da80d{s=IDLE rs=BLOCKING os=OPEN is=IDLE awp=false se=false i=true al=0},r=3,c=false/false,a=IDLE,uri=null,age=0}
13:18:49.015 [Test worker] DEBUG org.apache.http.wire - http-outgoing-5 << "HTTP/1.1 201 Created[\r][\n]"
13:18:49.015 [Test worker] DEBUG org.apache.http.wire - http-outgoing-5 << "Content-Type: application/json[\r][\n]"
13:18:49.015 [Test worker] DEBUG org.apache.http.wire - http-outgoing-5 << "Transfer-Encoding: chunked[\r][\n]"
13:18:49.015 [Test worker] DEBUG org.apache.http.wire - http-outgoing-5 << "Server: Jetty(9.4.28.v20200408)[\r][\n]"
13:18:49.015 [Test worker] DEBUG org.apache.http.wire - http-outgoing-5 << "[\r][\n]"
13:18:49.015 [Test worker] DEBUG org.apache.http.wire - http-outgoing-5 << "25B[\r][\n]"
13:18:49.015 [qtp2010498327-84] DEBUG org.eclipse.jetty.io.ChannelEndPoint - filled 0 HeapByteBuffer@70c4892d[p=0,l=0,c=8192,r=0]={<<<>>>HTTP/1.1 ...\x00\x00\x00\x00\x00\x00\x00}
13:18:49.015 [qtp2010498327-84] DEBUG org.eclipse.jetty.io.ChannelEndPoint - filled 0 HeapByteBuffer@70c4892d[p=0,l=0,c=8192,r=0]={<<<>>>HTTP/1.1 ...\x00\x00\x00\x00\x00\x00\x00}
13:18:49.015 [qtp2010498327-84] DEBUG org.eclipse.jetty.server.HttpConnection - HttpConnection@7522ca46::NetworkTrafficSocketChannelEndPoint@72874216{/127.0.0.1:65014<->/127.0.0.1:8080,OPEN,fill=-,flush=-,to=1/30000}{io=1/0,kio=1,kro=1}->HttpConnection@7522ca46[p=HttpParser{s=START,0 of -1},g=HttpGenerator@c0a97c6{s=START}]=>HttpChannelOverHttp@787f2966{s=HttpChannelState@3d7da80d{s=IDLE rs=BLOCKING os=OPEN is=IDLE awp=false se=false i=true al=0},r=3,c=false/false,a=IDLE,uri=null,age=0} filled 0 HeapByteBuffer@70c4892d[p=0,l=0,c=8192,r=0]={<<<>>>HTTP/1.1 ...\x00\x00\x00\x00\x00\x00\x00}
13:18:49.015 [Test worker] DEBUG org.apache.http.wire - http-outgoing-5 << "{[\r][\n]"
13:18:49.015 [Test worker] DEBUG org.apache.http.wire - http-outgoing-5 << "  "id" : "8eda29d7-a614-4cc9-b1d6-40921dd24c4d",[\r][\n]"
13:18:49.015 [Test worker] DEBUG org.apache.http.wire - http-outgoing-5 << "  "request" : {[\r][\n]"
13:18:49.015 [Test worker] DEBUG org.apache.http.wire - http-outgoing-5 << "    "url" : "/api/v0/components/products/a75ba316-b0e1-438c-8e6c-a31786431307/questions/hidden",[\r][\n]"
13:18:49.015 [Test worker] DEBUG org.apache.http.wire - http-outgoing-5 << "    "method" : "GET",[\r][\n]"
13:18:49.015 [Test worker] DEBUG org.apache.http.wire - http-outgoing-5 << "    "headers" : {[\r][\n]"
13:18:49.015 [Test worker] DEBUG org.apache.http.wire - http-outgoing-5 << "      "Authorization" : {[\r][\n]"
13:18:49.015 [Test worker] DEBUG org.apache.http.wire - http-outgoing-5 << "        "equalTo" : "Bearer someToken"[\r][\n]"
13:18:49.015 [Test worker] DEBUG org.apache.http.wire - http-outgoing-5 << "      }[\r][\n]"
13:18:49.015 [Test worker] DEBUG org.apache.http.wire - http-outgoing-5 << "    }[\r][\n]"
13:18:49.015 [Test worker] DEBUG org.apache.http.wire - http-outgoing-5 << "  },[\r][\n]"
13:18:49.015 [Test worker] DEBUG org.apache.http.wire - http-outgoing-5 << "  "response" : {[\r][\n]"
13:18:49.015 [Test worker] DEBUG org.apache.http.wire - http-outgoing-5 << "    "status" : 200,[\r][\n]"
13:18:49.015 [Test worker] DEBUG org.apache.http.wire - http-outgoing-5 << "    "body" : "{\"DELETE\":{},\"BUILD\":{\"VAR1\":\"TEST\"}}",[\r][\n]"
13:18:49.015 [Test worker] DEBUG org.apache.http.wire - http-outgoing-5 << "    "headers" : {[\r][\n]"
13:18:49.015 [Test worker] DEBUG org.apache.http.wire - http-outgoing-5 << "      "Content-Type" : "application/json"[\r][\n]"
13:18:49.015 [Test worker] DEBUG org.apache.http.wire - http-outgoing-5 << "    }[\r][\n]"
13:18:49.015 [Test worker] DEBUG org.apache.http.wire - http-outgoing-5 << "  },[\r][\n]"
13:18:49.015 [Test worker] DEBUG org.apache.http.wire - http-outgoing-5 << "  "uuid" : "8eda29d7-a614-4cc9-b1d6-40921dd24c4d",[\r][\n]"
13:18:49.015 [Test worker] DEBUG org.apache.http.wire - http-outgoing-5 << "  "scenarioName" : "unAuthorized",[\r][\n]"
13:18:49.015 [Test worker] DEBUG org.apache.http.wire - http-outgoing-5 << "  "requiredScenarioState" : "logged"[\r][\n]"
13:18:49.016 [Test worker] DEBUG org.apache.http.wire - http-outgoing-5 << "}[\r][\n]"
13:18:49.016 [Test worker] DEBUG org.apache.http.wire - http-outgoing-5 << "0[\r][\n]"
13:18:49.016 [Test worker] DEBUG org.apache.http.wire - http-outgoing-5 << "[\r][\n]"
13:18:49.016 [Test worker] DEBUG org.apache.http.headers - http-outgoing-5 << HTTP/1.1 201 Created
13:18:49.016 [Test worker] DEBUG org.apache.http.headers - http-outgoing-5 << Content-Type: application/json
13:18:49.016 [Test worker] DEBUG org.apache.http.headers - http-outgoing-5 << Transfer-Encoding: chunked
13:18:49.016 [Test worker] DEBUG org.apache.http.headers - http-outgoing-5 << Server: Jetty(9.4.28.v20200408)
13:18:49.016 [Test worker] DEBUG org.apache.http.impl.execchain.MainClientExec - Connection can be kept alive indefinitely
13:18:49.016 [Test worker] DEBUG org.apache.http.impl.conn.PoolingHttpClientConnectionManager - Connection [id: 5][route: {}->http://localhost:8080] can be kept alive indefinitely
13:18:49.016 [Test worker] DEBUG org.apache.http.impl.conn.DefaultManagedHttpClientConnection - http-outgoing-5: set socket timeout to 0
13:18:49.016 [Test worker] DEBUG org.apache.http.impl.conn.PoolingHttpClientConnectionManager - Connection released: [id: 5][route: {}->http://localhost:8080][total available: 1; route allocated: 1 of 5; total allocated: 1 of 50]
13:18:49.021 [Test worker] DEBUG org.springframework.web.reactive.function.client.ExchangeFunctions - [5e148028] HTTP GET http://localhost:8080/api/v0/components/products/a75ba316-b0e1-438c-8e6c-a31786431307/questions/hidden
13:18:49.015 [qtp2010498327-84] DEBUG org.eclipse.jetty.server.HttpConnection - HttpConnection@7522ca46::NetworkTrafficSocketChannelEndPoint@72874216{/127.0.0.1:65014<->/127.0.0.1:8080,OPEN,fill=-,flush=-,to=1/30000}{io=1/0,kio=1,kro=1}->HttpConnection@7522ca46[p=HttpParser{s=START,0 of -1},g=HttpGenerator@c0a97c6{s=START}]=>HttpChannelOverHttp@787f2966{s=HttpChannelState@3d7da80d{s=IDLE rs=BLOCKING os=OPEN is=IDLE awp=false se=false i=true al=0},r=3,c=false/false,a=IDLE,uri=null,age=0} parse HeapByteBuffer@70c4892d[p=0,l=0,c=8192,r=0]={<<<>>>HTTP/1.1 ...\x00\x00\x00\x00\x00\x00\x00} {}
13:18:49.027 [qtp2010498327-84] DEBUG org.eclipse.jetty.http.HttpParser - parseNext s=START HeapByteBuffer@70c4892d[p=0,l=0,c=8192,r=0]={<<<>>>HTTP/1.1 ...\x00\x00\x00\x00\x00\x00\x00}
13:18:49.028 [qtp2010498327-84] DEBUG org.eclipse.jetty.server.HttpConnection - HttpConnection@7522ca46::NetworkTrafficSocketChannelEndPoint@72874216{/127.0.0.1:65014<->/127.0.0.1:8080,OPEN,fill=-,flush=-,to=14/30000}{io=1/0,kio=1,kro=1}->HttpConnection@7522ca46[p=HttpParser{s=START,0 of -1},g=HttpGenerator@c0a97c6{s=START}]=>HttpChannelOverHttp@787f2966{s=HttpChannelState@3d7da80d{s=IDLE rs=BLOCKING os=OPEN is=IDLE awp=false se=false i=true al=0},r=3,c=false/false,a=IDLE,uri=null,age=0} parsed false HttpParser{s=START,0 of -1}
13:18:49.028 [qtp2010498327-84] DEBUG org.eclipse.jetty.server.HttpConnection - releaseRequestBuffer HttpConnection@7522ca46::NetworkTrafficSocketChannelEndPoint@72874216{/127.0.0.1:65014<->/127.0.0.1:8080,OPEN,fill=-,flush=-,to=14/30000}{io=1/0,kio=1,kro=1}->HttpConnection@7522ca46[p=HttpParser{s=START,0 of -1},g=HttpGenerator@c0a97c6{s=START}]=>HttpChannelOverHttp@787f2966{s=HttpChannelState@3d7da80d{s=IDLE rs=BLOCKING os=OPEN is=IDLE awp=false se=false i=true al=0},r=3,c=false/false,a=IDLE,uri=null,age=0}
13:18:49.029 [qtp2010498327-84] DEBUG org.eclipse.jetty.io.AbstractConnection - fillInterested HttpConnection@7522ca46::NetworkTrafficSocketChannelEndPoint@72874216{/127.0.0.1:65014<->/127.0.0.1:8080,OPEN,fill=-,flush=-,to=15/30000}{io=1/0,kio=1,kro=1}->HttpConnection@7522ca46[p=HttpParser{s=START,0 of -1},g=HttpGenerator@c0a97c6{s=START}]=>HttpChannelOverHttp@787f2966{s=HttpChannelState@3d7da80d{s=IDLE rs=BLOCKING os=OPEN is=IDLE awp=false se=false i=true al=0},r=3,c=false/false,a=IDLE,uri=null,age=0}
13:18:49.029 [qtp2010498327-84] DEBUG org.eclipse.jetty.io.FillInterest - interested FillInterest@dbfab38{AC.ReadCB@7522ca46{HttpConnection@7522ca46::NetworkTrafficSocketChannelEndPoint@72874216{/127.0.0.1:65014<->/127.0.0.1:8080,OPEN,fill=FI,flush=-,to=0/30000}{io=1/0,kio=1,kro=1}->HttpConnection@7522ca46[p=HttpParser{s=START,0 of -1},g=HttpGenerator@c0a97c6{s=START}]=>HttpChannelOverHttp@787f2966{s=HttpChannelState@3d7da80d{s=IDLE rs=BLOCKING os=OPEN is=IDLE awp=false se=false i=true al=0},r=3,c=false/false,a=IDLE,uri=null,age=0}}}
13:18:49.029 [qtp2010498327-84] DEBUG org.eclipse.jetty.io.ChannelEndPoint - changeInterests p=true 0->1 for NetworkTrafficSocketChannelEndPoint@72874216{/127.0.0.1:65014<->/127.0.0.1:8080,OPEN,fill=FI,flush=-,to=0/30000}{io=1/1,kio=1,kro=1}->HttpConnection@7522ca46[p=HttpParser{s=START,0 of -1},g=HttpGenerator@c0a97c6{s=START}]=>HttpChannelOverHttp@787f2966{s=HttpChannelState@3d7da80d{s=IDLE rs=BLOCKING os=OPEN is=IDLE awp=false se=false i=true al=0},r=3,c=false/false,a=IDLE,uri=null,age=0}
13:18:49.029 [qtp2010498327-84] DEBUG org.eclipse.jetty.server.HttpConnection - HttpConnection@7522ca46::NetworkTrafficSocketChannelEndPoint@72874216{/127.0.0.1:65014<->/127.0.0.1:8080,OPEN,fill=FI,flush=-,to=0/30000}{io=1/1,kio=1,kro=1}->HttpConnection@7522ca46[p=HttpParser{s=START,0 of -1},g=HttpGenerator@c0a97c6{s=START}]=>HttpChannelOverHttp@787f2966{s=HttpChannelState@3d7da80d{s=IDLE rs=BLOCKING os=OPEN is=IDLE awp=false se=false i=true al=0},r=3,c=false/false,a=IDLE,uri=null,age=0} onFillable exit HttpChannelState@3d7da80d{s=IDLE rs=BLOCKING os=OPEN is=IDLE awp=false se=false i=true al=0} null
13:18:49.030 [qtp2010498327-84] DEBUG org.eclipse.jetty.io.ManagedSelector - updateable 0
13:18:49.030 [qtp2010498327-84] DEBUG org.eclipse.jetty.io.ManagedSelector - updates 0
13:18:49.030 [qtp2010498327-84] DEBUG org.eclipse.jetty.io.ChannelEndPoint - Key interests updated 1 -> 1 on NetworkTrafficSocketChannelEndPoint@72874216{/127.0.0.1:65014<->/127.0.0.1:8080,OPEN,fill=FI,flush=-,to=0/30000}{io=1/1,kio=1,kro=1}->HttpConnection@7522ca46[p=HttpParser{s=START,0 of -1},g=HttpGenerator@c0a97c6{s=START}]=>HttpChannelOverHttp@787f2966{s=HttpChannelState@3d7da80d{s=IDLE rs=BLOCKING os=OPEN is=IDLE awp=false se=false i=true al=0},r=3,c=false/false,a=IDLE,uri=null,age=0}
13:18:49.030 [qtp2010498327-84] DEBUG org.eclipse.jetty.io.ManagedSelector - Selector sun.nio.ch.WindowsSelectorImpl@6af36ac3 waiting with 1 keys
13:18:49.030 [qtp2010498327-89] DEBUG org.eclipse.jetty.util.thread.QueuedThreadPool - run ReservedThreadExecutor@1826c076{s=0/1,p=1}@250983d6 in QueuedThreadPool[qtp2010498327]@77d5c517{STARTED,8<=8<=14,i=1,r=1,q=0}[ReservedThreadExecutor@1826c076{s=0/1,p=1}]
13:18:49.030 [qtp2010498327-89] DEBUG org.eclipse.jetty.util.thread.ReservedThreadExecutor - ReservedThreadExecutor@1826c076{s=1/1,p=1}@250983d6 started
13:18:49.030 [qtp2010498327-89] DEBUG org.eclipse.jetty.util.thread.ReservedThreadExecutor - ReservedThreadExecutor@1826c076{s=1/1,p=0}@250983d6 waiting
13:18:49.035 [qtp2010498327-87] DEBUG org.eclipse.jetty.util.thread.ReservedThreadExecutor - ReservedThreadExecutor@1826c076{s=1/1,p=0}@600b01b3 task=EatWhatYouKill@15c4be73/SelectorProducer@691db8ef/PRODUCING/p=true/QueuedThreadPool[qtp2010498327]@77d5c517{STARTED,8<=8<=14,i=1,r=1,q=0}[ReservedThreadExecutor@1826c076{s=1/1,p=0}][pc=0,pic=0,pec=1,epc=1]@2020-09-25T13:18:49.0358635+02:00
13:18:49.035 [qtp2010498327-87] DEBUG org.eclipse.jetty.util.thread.strategy.EatWhatYouKill - EatWhatYouKill@15c4be73/SelectorProducer@691db8ef/PRODUCING/p=true/QueuedThreadPool[qtp2010498327]@77d5c517{STARTED,8<=8<=14,i=1,r=1,q=0}[ReservedThreadExecutor@1826c076{s=1/1,p=0}][pc=0,pic=0,pec=1,epc=1]@2020-09-25T13:18:49.0358635+02:00 tryProduce true
13:18:49.035 [qtp2010498327-87] DEBUG org.eclipse.jetty.util.thread.ReservedThreadExecutor - ReservedThreadExecutor@1826c076{s=1/1,p=0}@600b01b3 size 1 > capacity
13:18:49.035 [qtp2010498327-87] DEBUG org.eclipse.jetty.util.thread.QueuedThreadPool - ran ReservedThreadExecutor@1826c076{s=1/1,p=0}@600b01b3 in QueuedThreadPool[qtp2010498327]@77d5c517{STARTED,8<=8<=14,i=1,r=1,q=0}[ReservedThreadExecutor@1826c076{s=1/1,p=0}]
13:18:49.091 [reactor-http-nio-1] DEBUG reactor.netty.resources.PooledConnectionProvider - [id: 0xb181f0de] Created a new pooled channel, now 1 active connections and 0 inactive connections
13:18:49.091 [reactor-http-nio-1] DEBUG reactor.netty.channel.BootstrapHandlers - [id: 0xb181f0de] Initialized pipeline DefaultChannelPipeline{(BootstrapHandlers$BootstrapInitializerHandler#0 = reactor.netty.channel.BootstrapHandlers$BootstrapInitializerHandler), (PooledConnectionProvider$PooledConnectionAllocator$PooledConnectionInitializer#0 = reactor.netty.resources.PooledConnectionProvider$PooledConnectionAllocator$PooledConnectionInitializer), (reactor.left.httpCodec = io.netty.handler.codec.http.HttpClientCodec), (reactor.right.reactiveBridge = reactor.netty.channel.ChannelOperationsHandler)}
13:18:49.187 [reactor-http-nio-1] DEBUG reactor.netty.resources.PooledConnectionProvider - [id: 0xb181f0de, L:/127.0.0.1:65015 - R:localhost/127.0.0.1:8080] Registering pool release on close event for channel
13:18:49.187 [reactor-http-nio-1] DEBUG reactor.netty.resources.PooledConnectionProvider - [id: 0xb181f0de, L:/127.0.0.1:65015 - R:localhost/127.0.0.1:8080] Channel connected, now 1 active connections and 0 inactive connections
13:18:49.187 [reactor-http-nio-1] DEBUG reactor.netty.resources.PooledConnectionProvider - [id: 0xb181f0de, L:/127.0.0.1:65015 - R:localhost/127.0.0.1:8080] onStateChange(PooledConnection{channel=[id: 0xb181f0de, L:/127.0.0.1:65015 - R:localhost/127.0.0.1:8080]}, [connected])
13:18:49.187 [reactor-http-nio-1] DEBUG reactor.netty.resources.PooledConnectionProvider - [id: 0xb181f0de, L:/127.0.0.1:65015 - R:localhost/127.0.0.1:8080] onStateChange(GET{uri=/, connection=PooledConnection{channel=[id: 0xb181f0de, L:/127.0.0.1:65015 - R:localhost/127.0.0.1:8080]}}, [configured])
13:18:49.191 [reactor-http-nio-1] DEBUG reactor.netty.ReactorNetty - [id: 0xb181f0de, L:/127.0.0.1:65015 - R:localhost/127.0.0.1:8080] Added decoder [ReadTimeoutHandler] at the end of the user pipeline, full pipeline: [reactor.left.httpCodec, ReadTimeoutHandler, reactor.right.reactiveBridge, DefaultChannelPipeline$TailContext#0]
13:18:49.191 [reactor-http-nio-1] DEBUG reactor.netty.ReactorNetty - [id: 0xb181f0de, L:/127.0.0.1:65015 - R:localhost/127.0.0.1:8080] Added decoder [WriteTimeoutHandler] at the end of the user pipeline, full pipeline: [reactor.left.httpCodec, ReadTimeoutHandler, WriteTimeoutHandler, reactor.right.reactiveBridge, DefaultChannelPipeline$TailContext#0]
13:18:49.191 [reactor-http-nio-1] DEBUG reactor.netty.http.client.HttpClientConnect - [id: 0xb181f0de, L:/127.0.0.1:65015 - R:localhost/127.0.0.1:8080] Handler is being applied: {uri=http://localhost:8080/api/v0/components/products/a75ba316-b0e1-438c-8e6c-a31786431307/questions/hidden, method=GET}
13:18:49.191 [reactor-http-nio-1] DEBUG reactor.netty.resources.PooledConnectionProvider - [id: 0xb181f0de, L:/127.0.0.1:65015 - R:localhost/127.0.0.1:8080] onStateChange(GET{uri=/api/v0/components/products/a75ba316-b0e1-438c-8e6c-a31786431307/questions/hidden, connection=PooledConnection{channel=[id: 0xb181f0de, L:/127.0.0.1:65015 - R:localhost/127.0.0.1:8080]}}, [request_prepared])
13:18:49.201 [reactor-http-nio-1] DEBUG reactor.netty.resources.PooledConnectionProvider - [id: 0xb181f0de, L:/127.0.0.1:65015 - R:localhost/127.0.0.1:8080] onStateChange(GET{uri=/api/v0/components/products/a75ba316-b0e1-438c-8e6c-a31786431307/questions/hidden, connection=PooledConnection{channel=[id: 0xb181f0de, L:/127.0.0.1:65015 - R:localhost/127.0.0.1:8080]}}, [request_sent])
13:18:49.259 [qtp2010498327-86-acceptor-2@48182b56-NetworkTrafficServerConnector@44d9c01f{HTTP/1.1, (http/1.1)}{0.0.0.0:8080}] DEBUG org.eclipse.jetty.io.ManagedSelector - Queued change org.eclipse.jetty.io.ManagedSelector$Accept@79f1fc76 on ManagedSelector@504f5232{STARTED} id=0 keys=0 selected=0 updates=0
13:18:49.260 [qtp2010498327-86-acceptor-2@48182b56-NetworkTrafficServerConnector@44d9c01f{HTTP/1.1, (http/1.1)}{0.0.0.0:8080}] DEBUG org.eclipse.jetty.io.ManagedSelector - Wakeup on submit ManagedSelector@504f5232{STARTED} id=0 keys=0 selected=0 updates=1
13:18:49.260 [qtp2010498327-83] DEBUG org.eclipse.jetty.io.ManagedSelector - Selector sun.nio.ch.WindowsSelectorImpl@453bb545 woken with none selected
13:18:49.260 [qtp2010498327-83] DEBUG org.eclipse.jetty.io.ManagedSelector - Selector sun.nio.ch.WindowsSelectorImpl@453bb545 woken up from select, 0/0/0 selected
13:18:49.260 [qtp2010498327-83] DEBUG org.eclipse.jetty.io.ManagedSelector - Selector sun.nio.ch.WindowsSelectorImpl@453bb545 processing 0 keys, 1 updates
13:18:49.260 [qtp2010498327-83] DEBUG org.eclipse.jetty.io.ManagedSelector - updateable 1
13:18:49.260 [qtp2010498327-83] DEBUG org.eclipse.jetty.io.ManagedSelector - update org.eclipse.jetty.io.ManagedSelector$Accept@79f1fc76
13:18:49.260 [qtp2010498327-83] DEBUG org.eclipse.jetty.util.thread.QueuedThreadPool - queue org.eclipse.jetty.io.ManagedSelector$Accept@79f1fc76 startThread=0
13:18:49.260 [qtp2010498327-83] DEBUG org.eclipse.jetty.io.ManagedSelector - updates 0
13:18:49.260 [qtp2010498327-83] DEBUG org.eclipse.jetty.io.ManagedSelector - Selector sun.nio.ch.WindowsSelectorImpl@453bb545 waiting with 1 keys
13:18:49.261 [qtp2010498327-90] DEBUG org.eclipse.jetty.util.thread.QueuedThreadPool - run org.eclipse.jetty.io.ManagedSelector$Accept@79f1fc76 in QueuedThreadPool[qtp2010498327]@77d5c517{STARTED,8<=8<=14,i=1,r=1,q=0}[ReservedThreadExecutor@1826c076{s=1/1,p=0}]
13:18:49.261 [qtp2010498327-90] DEBUG org.eclipse.jetty.io.IdleTimeout - NetworkTrafficSocketChannelEndPoint@76485a3f{/127.0.0.1:65015<->/127.0.0.1:8080,OPEN,fill=-,flush=-,to=0/30000}{io=0/0,kio=0,kro=0}-><null> idle timeout check, elapsed: 0 ms, remaining: 30000 ms
13:18:49.261 [qtp2010498327-90] DEBUG org.eclipse.jetty.server.HttpChannel - new HttpChannelOverHttp@33a44bf5{s=HttpChannelState@388628c8{s=IDLE rs=BLOCKING os=OPEN is=IDLE awp=false se=false i=true al=0},r=0,c=false/false,a=IDLE,uri=null,age=0} -> NetworkTrafficSocketChannelEndPoint@76485a3f{/127.0.0.1:65015<->/127.0.0.1:8080,OPEN,fill=-,flush=-,to=0/30000}{io=0/0,kio=0,kro=0}-><null>,null,HttpChannelState@388628c8{s=IDLE rs=BLOCKING os=OPEN is=IDLE awp=false se=false i=true al=0}
13:18:49.262 [qtp2010498327-90] DEBUG org.eclipse.jetty.server.HttpConnection - New HTTP Connection HttpConnection@225cf0bd::NetworkTrafficSocketChannelEndPoint@76485a3f{/127.0.0.1:65015<->/127.0.0.1:8080,OPEN,fill=-,flush=-,to=0/30000}{io=0/0,kio=0,kro=0}-><null>
13:18:49.264 [qtp2010498327-90] DEBUG org.eclipse.jetty.io.AbstractEndPoint - onOpen NetworkTrafficSocketChannelEndPoint@76485a3f{/127.0.0.1:65015<->/127.0.0.1:8080,OPEN,fill=-,flush=-,to=0/30000}{io=0/0,kio=0,kro=0}->HttpConnection@225cf0bd[p=HttpParser{s=START,0 of -1},g=HttpGenerator@1671df6b{s=START}]=>HttpChannelOverHttp@33a44bf5{s=HttpChannelState@388628c8{s=IDLE rs=BLOCKING os=OPEN is=IDLE awp=false se=false i=true al=0},r=0,c=false/false,a=IDLE,uri=null,age=0}
13:18:49.264 [qtp2010498327-90] DEBUG org.eclipse.jetty.io.AbstractConnection - onOpen HttpConnection@225cf0bd::NetworkTrafficSocketChannelEndPoint@76485a3f{/127.0.0.1:65015<->/127.0.0.1:8080,OPEN,fill=-,flush=-,to=2/30000}{io=0/0,kio=0,kro=0}->HttpConnection@225cf0bd[p=HttpParser{s=START,0 of -1},g=HttpGenerator@1671df6b{s=START}]=>HttpChannelOverHttp@33a44bf5{s=HttpChannelState@388628c8{s=IDLE rs=BLOCKING os=OPEN is=IDLE awp=false se=false i=true al=0},r=0,c=false/false,a=IDLE,uri=null,age=0}
13:18:49.264 [qtp2010498327-90] DEBUG org.eclipse.jetty.io.AbstractConnection - fillInterested HttpConnection@225cf0bd::NetworkTrafficSocketChannelEndPoint@76485a3f{/127.0.0.1:65015<->/127.0.0.1:8080,OPEN,fill=-,flush=-,to=3/30000}{io=0/0,kio=0,kro=0}->HttpConnection@225cf0bd[p=HttpParser{s=START,0 of -1},g=HttpGenerator@1671df6b{s=START}]=>HttpChannelOverHttp@33a44bf5{s=HttpChannelState@388628c8{s=IDLE rs=BLOCKING os=OPEN is=IDLE awp=false se=false i=true al=0},r=0,c=false/false,a=IDLE,uri=null,age=0}
13:18:49.264 [qtp2010498327-90] DEBUG org.eclipse.jetty.io.FillInterest - interested FillInterest@79bc5b3{AC.ReadCB@225cf0bd{HttpConnection@225cf0bd::NetworkTrafficSocketChannelEndPoint@76485a3f{/127.0.0.1:65015<->/127.0.0.1:8080,OPEN,fill=FI,flush=-,to=0/30000}{io=0/0,kio=0,kro=0}->HttpConnection@225cf0bd[p=HttpParser{s=START,0 of -1},g=HttpGenerator@1671df6b{s=START}]=>HttpChannelOverHttp@33a44bf5{s=HttpChannelState@388628c8{s=IDLE rs=BLOCKING os=OPEN is=IDLE awp=false se=false i=true al=0},r=0,c=false/false,a=IDLE,uri=null,age=0}}}
13:18:49.264 [qtp2010498327-90] DEBUG org.eclipse.jetty.io.ChannelEndPoint - changeInterests p=false 0->1 for NetworkTrafficSocketChannelEndPoint@76485a3f{/127.0.0.1:65015<->/127.0.0.1:8080,OPEN,fill=FI,flush=-,to=0/30000}{io=0/1,kio=0,kro=0}->HttpConnection@225cf0bd[p=HttpParser{s=START,0 of -1},g=HttpGenerator@1671df6b{s=START}]=>HttpChannelOverHttp@33a44bf5{s=HttpChannelState@388628c8{s=IDLE rs=BLOCKING os=OPEN is=IDLE awp=false se=false i=true al=0},r=0,c=false/false,a=IDLE,uri=null,age=0}
13:18:49.264 [qtp2010498327-90] DEBUG org.eclipse.jetty.io.ManagedSelector - Queued change org.eclipse.jetty.io.ChannelEndPoint$1@ed26de0 on ManagedSelector@504f5232{STARTED} id=0 keys=1 selected=0 updates=0
13:18:49.264 [qtp2010498327-90] DEBUG org.eclipse.jetty.io.ManagedSelector - Wakeup on submit ManagedSelector@504f5232{STARTED} id=0 keys=1 selected=0 updates=1
13:18:49.264 [qtp2010498327-83] DEBUG org.eclipse.jetty.io.ManagedSelector - Selector sun.nio.ch.WindowsSelectorImpl@453bb545 woken with none selected
13:18:49.264 [qtp2010498327-90] DEBUG org.eclipse.jetty.io.ManagedSelector - Created NetworkTrafficSocketChannelEndPoint@76485a3f{/127.0.0.1:65015<->/127.0.0.1:8080,OPEN,fill=FI,flush=-,to=0/30000}{io=0/1,kio=0,kro=0}->HttpConnection@225cf0bd[p=HttpParser{s=START,0 of -1},g=HttpGenerator@1671df6b{s=START}]=>HttpChannelOverHttp@33a44bf5{s=HttpChannelState@388628c8{s=IDLE rs=BLOCKING os=OPEN is=IDLE awp=false se=false i=true al=0},r=0,c=false/false,a=IDLE,uri=null,age=0}
13:18:49.265 [qtp2010498327-83] DEBUG org.eclipse.jetty.io.ManagedSelector - Selector sun.nio.ch.WindowsSelectorImpl@453bb545 woken up from select, 0/0/1 selected
13:18:49.265 [qtp2010498327-90] DEBUG org.eclipse.jetty.util.thread.QueuedThreadPool - ran org.eclipse.jetty.io.ManagedSelector$Accept@79f1fc76 in QueuedThreadPool[qtp2010498327]@77d5c517{STARTED,8<=8<=14,i=1,r=1,q=0}[ReservedThreadExecutor@1826c076{s=1/1,p=0}]
13:18:49.265 [qtp2010498327-83] DEBUG org.eclipse.jetty.io.ManagedSelector - Selector sun.nio.ch.WindowsSelectorImpl@453bb545 processing 0 keys, 1 updates
13:18:49.265 [qtp2010498327-83] DEBUG org.eclipse.jetty.io.ManagedSelector - updateable 1
13:18:49.265 [qtp2010498327-83] DEBUG org.eclipse.jetty.io.ManagedSelector - update org.eclipse.jetty.io.ChannelEndPoint$1@ed26de0
13:18:49.265 [qtp2010498327-83] DEBUG org.eclipse.jetty.io.ChannelEndPoint - Key interests updated 0 -> 1 on NetworkTrafficSocketChannelEndPoint@76485a3f{/127.0.0.1:65015<->/127.0.0.1:8080,OPEN,fill=FI,flush=-,to=0/30000}{io=1/1,kio=1,kro=0}->HttpConnection@225cf0bd[p=HttpParser{s=START,0 of -1},g=HttpGenerator@1671df6b{s=START}]=>HttpChannelOverHttp@33a44bf5{s=HttpChannelState@388628c8{s=IDLE rs=BLOCKING os=OPEN is=IDLE awp=false se=false i=true al=0},r=0,c=false/false,a=IDLE,uri=null,age=0}
13:18:49.265 [qtp2010498327-83] DEBUG org.eclipse.jetty.io.ManagedSelector - updates 0
13:18:49.265 [qtp2010498327-83] DEBUG org.eclipse.jetty.io.ManagedSelector - Selector sun.nio.ch.WindowsSelectorImpl@453bb545 waiting with 1 keys
13:18:49.265 [qtp2010498327-83] DEBUG org.eclipse.jetty.io.ManagedSelector - Selector sun.nio.ch.WindowsSelectorImpl@453bb545 woken up from select, 1/1/1 selected
13:18:49.265 [qtp2010498327-83] DEBUG org.eclipse.jetty.io.ManagedSelector - Selector sun.nio.ch.WindowsSelectorImpl@453bb545 processing 1 keys, 0 updates
13:18:49.265 [qtp2010498327-83] DEBUG org.eclipse.jetty.io.ManagedSelector - selected 1 channel=java.nio.channels.SocketChannel[connected local=/127.0.0.1:8080 remote=/127.0.0.1:65015], selector=sun.nio.ch.WindowsSelectorImpl@453bb545, interestOps=1, readyOps=1 NetworkTrafficSocketChannelEndPoint@76485a3f{/127.0.0.1:65015<->/127.0.0.1:8080,OPEN,fill=FI,flush=-,to=0/30000}{io=1/1,kio=1,kro=1}->HttpConnection@225cf0bd[p=HttpParser{s=START,0 of -1},g=HttpGenerator@1671df6b{s=START}]=>HttpChannelOverHttp@33a44bf5{s=HttpChannelState@388628c8{s=IDLE rs=BLOCKING os=OPEN is=IDLE awp=false se=false i=true al=0},r=0,c=false/false,a=IDLE,uri=null,age=0} 
13:18:49.265 [qtp2010498327-83] DEBUG org.eclipse.jetty.io.ChannelEndPoint - onSelected 1->0 r=true w=false for NetworkTrafficSocketChannelEndPoint@76485a3f{/127.0.0.1:65015<->/127.0.0.1:8080,OPEN,fill=FI,flush=-,to=0/30000}{io=1/0,kio=1,kro=1}->HttpConnection@225cf0bd[p=HttpParser{s=START,0 of -1},g=HttpGenerator@1671df6b{s=START}]=>HttpChannelOverHttp@33a44bf5{s=HttpChannelState@388628c8{s=IDLE rs=BLOCKING os=OPEN is=IDLE awp=false se=false i=true al=0},r=0,c=false/false,a=IDLE,uri=null,age=0}
13:18:49.265 [qtp2010498327-83] DEBUG org.eclipse.jetty.io.ChannelEndPoint - task CEP:NetworkTrafficSocketChannelEndPoint@76485a3f{/127.0.0.1:65015<->/127.0.0.1:8080,OPEN,fill=FI,flush=-,to=1/30000}{io=1/0,kio=1,kro=1}->HttpConnection@225cf0bd[p=HttpParser{s=START,0 of -1},g=HttpGenerator@1671df6b{s=START}]=>HttpChannelOverHttp@33a44bf5{s=HttpChannelState@388628c8{s=IDLE rs=BLOCKING os=OPEN is=IDLE awp=false se=false i=true al=0},r=0,c=false/false,a=IDLE,uri=null,age=0}:runFillable:BLOCKING
13:18:49.265 [qtp2010498327-83] DEBUG org.eclipse.jetty.util.thread.ReservedThreadExecutor - ReservedThreadExecutor@1826c076{s=1/1,p=0} tryExecute EatWhatYouKill@30e98985/SelectorProducer@7d5788c3/PRODUCING/p=false/QueuedThreadPool[qtp2010498327]@77d5c517{STARTED,8<=8<=14,i=2,r=1,q=0}[ReservedThreadExecutor@1826c076{s=1/1,p=0}][pc=0,pic=0,pec=0,epc=0]@2020-09-25T13:18:49.2658363+02:00
13:18:49.266 [qtp2010498327-83] DEBUG org.eclipse.jetty.util.thread.ReservedThreadExecutor - ReservedThreadExecutor@1826c076{s=0/1,p=0}@250983d6 offer EatWhatYouKill@30e98985/SelectorProducer@7d5788c3/PRODUCING/p=false/QueuedThreadPool[qtp2010498327]@77d5c517{STARTED,8<=8<=14,i=2,r=1,q=0}[ReservedThreadExecutor@1826c076{s=0/1,p=0}][pc=0,pic=0,pec=0,epc=0]@2020-09-25T13:18:49.2668576+02:00
13:18:49.266 [qtp2010498327-83] DEBUG org.eclipse.jetty.util.thread.ReservedThreadExecutor - ReservedThreadExecutor@1826c076{s=0/1,p=1} startReservedThread p=1
13:18:49.266 [qtp2010498327-83] DEBUG org.eclipse.jetty.util.thread.QueuedThreadPool - queue ReservedThreadExecutor@1826c076{s=0/1,p=1}@4fc3de35 startThread=0
13:18:49.266 [qtp2010498327-83] DEBUG org.eclipse.jetty.util.thread.strategy.EatWhatYouKill - EatWhatYouKill@30e98985/SelectorProducer@7d5788c3/IDLE/p=true/QueuedThreadPool[qtp2010498327]@77d5c517{STARTED,8<=8<=14,i=1,r=1,q=0}[ReservedThreadExecutor@1826c076{s=0/1,p=1}][pc=0,pic=0,pec=0,epc=0]@2020-09-25T13:18:49.2668576+02:00 m=EXECUTE_PRODUCE_CONSUME t=CEP:NetworkTrafficSocketChannelEndPoint@76485a3f{/127.0.0.1:65015<->/127.0.0.1:8080,OPEN,fill=FI,flush=-,to=1/30000}{io=1/0,kio=1,kro=1}->HttpConnection@225cf0bd[p=HttpParser{s=START,0 of -1},g=HttpGenerator@1671df6b{s=START}]=>HttpChannelOverHttp@33a44bf5{s=HttpChannelState@388628c8{s=IDLE rs=BLOCKING os=OPEN is=IDLE awp=false se=false i=true al=0},r=0,c=false/false,a=IDLE,uri=null,age=0}:runFillable:BLOCKING/BLOCKING
13:18:49.266 [qtp2010498327-83] DEBUG org.eclipse.jetty.io.FillInterest - fillable FillInterest@79bc5b3{AC.ReadCB@225cf0bd{HttpConnection@225cf0bd::NetworkTrafficSocketChannelEndPoint@76485a3f{/127.0.0.1:65015<->/127.0.0.1:8080,OPEN,fill=FI,flush=-,to=2/30000}{io=1/0,kio=1,kro=1}->HttpConnection@225cf0bd[p=HttpParser{s=START,0 of -1},g=HttpGenerator@1671df6b{s=START}]=>HttpChannelOverHttp@33a44bf5{s=HttpChannelState@388628c8{s=IDLE rs=BLOCKING os=OPEN is=IDLE awp=false se=false i=true al=0},r=0,c=false/false,a=IDLE,uri=null,age=0}}}
13:18:49.266 [qtp2010498327-83] DEBUG org.eclipse.jetty.server.HttpConnection - HttpConnection@225cf0bd::NetworkTrafficSocketChannelEndPoint@76485a3f{/127.0.0.1:65015<->/127.0.0.1:8080,OPEN,fill=-,flush=-,to=2/30000}{io=1/0,kio=1,kro=1}->HttpConnection@225cf0bd[p=HttpParser{s=START,0 of -1},g=HttpGenerator@1671df6b{s=START}]=>HttpChannelOverHttp@33a44bf5{s=HttpChannelState@388628c8{s=IDLE rs=BLOCKING os=OPEN is=IDLE awp=false se=false i=true al=0},r=0,c=false/false,a=IDLE,uri=null,age=0} onFillable enter HttpChannelState@388628c8{s=IDLE rs=BLOCKING os=OPEN is=IDLE awp=false se=false i=true al=0} null
13:18:49.267 [qtp2010498327-83] DEBUG org.eclipse.jetty.io.ChannelEndPoint - filled 197 HeapByteBuffer@70c4892d[p=0,l=197,c=8192,r=197]={<<<GET /api/v0/components/pr...horization: Bearer \r\n\r\n>>>\n  "id" :...\x00\x00\x00\x00\x00\x00\x00}
13:18:49.267 [qtp2010498327-83] DEBUG org.eclipse.jetty.server.HttpConnection - HttpConnection@225cf0bd::NetworkTrafficSocketChannelEndPoint@76485a3f{/127.0.0.1:65015<->/127.0.0.1:8080,OPEN,fill=-,flush=-,to=0/30000}{io=1/0,kio=1,kro=1}->HttpConnection@225cf0bd[p=HttpParser{s=START,0 of -1},g=HttpGenerator@1671df6b{s=START}]=>HttpChannelOverHttp@33a44bf5{s=HttpChannelState@388628c8{s=IDLE rs=BLOCKING os=OPEN is=IDLE awp=false se=false i=true al=0},r=0,c=false/false,a=IDLE,uri=null,age=0} filled 197 HeapByteBuffer@70c4892d[p=0,l=197,c=8192,r=197]={<<<GET /api/v0/components/pr...horization: Bearer \r\n\r\n>>>\n  "id" :...\x00\x00\x00\x00\x00\x00\x00}
13:18:49.267 [qtp2010498327-83] DEBUG org.eclipse.jetty.server.HttpConnection - HttpConnection@225cf0bd::NetworkTrafficSocketChannelEndPoint@76485a3f{/127.0.0.1:65015<->/127.0.0.1:8080,OPEN,fill=-,flush=-,to=0/30000}{io=1/0,kio=1,kro=1}->HttpConnection@225cf0bd[p=HttpParser{s=START,0 of -1},g=HttpGenerator@1671df6b{s=START}]=>HttpChannelOverHttp@33a44bf5{s=HttpChannelState@388628c8{s=IDLE rs=BLOCKING os=OPEN is=IDLE awp=false se=false i=true al=0},r=0,c=false/false,a=IDLE,uri=null,age=0} parse HeapByteBuffer@70c4892d[p=0,l=197,c=8192,r=197]={<<<GET /api/v0/components/pr...horization: Bearer \r\n\r\n>>>\n  "id" :...\x00\x00\x00\x00\x00\x00\x00} {}
13:18:49.267 [qtp2010498327-83] DEBUG org.eclipse.jetty.http.HttpParser - parseNext s=START HeapByteBuffer@70c4892d[p=0,l=197,c=8192,r=197]={<<<GET /api/v0/components/pr...horization: Bearer \r\n\r\n>>>\n  "id" :...\x00\x00\x00\x00\x00\x00\x00}
13:18:49.267 [qtp2010498327-83] DEBUG org.eclipse.jetty.http.HttpParser - START --> SPACE1
13:18:49.267 [qtp2010498327-83] DEBUG org.eclipse.jetty.http.HttpParser - SPACE1 --> URI
13:18:49.267 [qtp2010498327-83] DEBUG org.eclipse.jetty.http.HttpParser - URI --> SPACE2
13:18:49.267 [qtp2010498327-83] DEBUG org.eclipse.jetty.http.HttpParser - SPACE2 --> REQUEST_VERSION
13:18:49.267 [qtp2010498327-83] DEBUG org.eclipse.jetty.http.HttpParser - REQUEST_VERSION --> HEADER
13:18:49.267 [qtp2010498327-83] DEBUG org.eclipse.jetty.http.HttpParser - HEADER:User-Agent --> VALUE
13:18:49.267 [qtp2010498327-83] DEBUG org.eclipse.jetty.http.HttpParser - HEADER:User-Agent --> IN_VALUE
13:18:49.267 [qtp2010498327-83] DEBUG org.eclipse.jetty.http.HttpParser - HEADER:User-Agent --> FIELD
13:18:49.267 [qtp2010498327-83] DEBUG org.eclipse.jetty.http.HttpParser - HEADER:Host --> VALUE
13:18:49.267 [qtp2010498327-83] DEBUG org.eclipse.jetty.http.HttpParser - HEADER:Host --> IN_VALUE
13:18:49.267 [qtp2010498327-83] DEBUG org.eclipse.jetty.http.HttpParser - HEADER:Host --> FIELD
13:18:49.267 [qtp2010498327-83] DEBUG org.eclipse.jetty.http.HttpParser - HEADER:Accept: */* --> IN_VALUE
13:18:49.267 [qtp2010498327-83] DEBUG org.eclipse.jetty.http.HttpParser - HEADER:Accept: */* --> FIELD
13:18:49.267 [qtp2010498327-83] DEBUG org.eclipse.jetty.http.HttpParser - HEADER:Authorization --> VALUE
13:18:49.267 [qtp2010498327-83] DEBUG org.eclipse.jetty.http.HttpParser - HEADER:Authorization --> IN_VALUE
13:18:49.267 [qtp2010498327-83] DEBUG org.eclipse.jetty.http.HttpParser - HEADER:Authorization --> FIELD
13:18:49.267 [qtp2010498327-83] DEBUG org.eclipse.jetty.http.HttpParser - HEADER --> CONTENT
13:18:49.267 [qtp2010498327-83] DEBUG org.eclipse.jetty.server.HttpChannel - REQUEST for //localhost:8080/api/v0/components/products/a75ba316-b0e1-438c-8e6c-a31786431307/questions/hidden on HttpChannelOverHttp@33a44bf5{s=HttpChannelState@388628c8{s=IDLE rs=BLOCKING os=OPEN is=IDLE awp=false se=false i=true al=0},r=1,c=false/false,a=IDLE,uri=//localhost:8080/api/v0/components/products/a75ba316-b0e1-438c-8e6c-a31786431307/questions/hidden,age=0}
GET //localhost:8080/api/v0/components/products/a75ba316-b0e1-438c-8e6c-a31786431307/questions/hidden HTTP/1.1
User-Agent: ReactorNetty/0.9.7.RELEASE
Host: localhost:8080
Accept: */*
Authorization: Bearer


13:18:49.268 [qtp2010498327-83] DEBUG org.eclipse.jetty.server.HttpConnection - HttpConnection@225cf0bd::NetworkTrafficSocketChannelEndPoint@76485a3f{/127.0.0.1:65015<->/127.0.0.1:8080,OPEN,fill=-,flush=-,to=0/30000}{io=1/0,kio=1,kro=1}->HttpConnection@225cf0bd[p=HttpParser{s=CONTENT,0 of -1},g=HttpGenerator@1671df6b{s=START}]=>HttpChannelOverHttp@33a44bf5{s=HttpChannelState@388628c8{s=IDLE rs=BLOCKING os=OPEN is=IDLE awp=false se=false i=true al=0},r=1,c=false/false,a=IDLE,uri=//localhost:8080/api/v0/components/products/a75ba316-b0e1-438c-8e6c-a31786431307/questions/hidden,age=1} parsed true HttpParser{s=CONTENT,0 of -1}
13:18:49.268 [qtp2010498327-83] DEBUG org.eclipse.jetty.server.HttpConnection - releaseRequestBuffer HttpConnection@225cf0bd::NetworkTrafficSocketChannelEndPoint@76485a3f{/127.0.0.1:65015<->/127.0.0.1:8080,OPEN,fill=-,flush=-,to=1/30000}{io=1/0,kio=1,kro=1}->HttpConnection@225cf0bd[p=HttpParser{s=CONTENT,0 of -1},g=HttpGenerator@1671df6b{s=START}]=>HttpChannelOverHttp@33a44bf5{s=HttpChannelState@388628c8{s=IDLE rs=BLOCKING os=OPEN is=IDLE awp=false se=false i=true al=0},r=1,c=false/false,a=IDLE,uri=//localhost:8080/api/v0/components/products/a75ba316-b0e1-438c-8e6c-a31786431307/questions/hidden,age=1}
13:18:49.268 [qtp2010498327-83] DEBUG org.eclipse.jetty.server.HttpChannel - handle //localhost:8080/api/v0/components/products/a75ba316-b0e1-438c-8e6c-a31786431307/questions/hidden HttpChannelOverHttp@33a44bf5{s=HttpChannelState@388628c8{s=IDLE rs=BLOCKING os=OPEN is=IDLE awp=false se=false i=true al=0},r=1,c=false/false,a=IDLE,uri=//localhost:8080/api/v0/components/products/a75ba316-b0e1-438c-8e6c-a31786431307/questions/hidden,age=1} 
13:18:49.268 [qtp2010498327-83] DEBUG org.eclipse.jetty.server.HttpChannelState - handling HttpChannelState@388628c8{s=IDLE rs=BLOCKING os=OPEN is=IDLE awp=false se=false i=true al=0}
13:18:49.268 [qtp2010498327-83] DEBUG org.eclipse.jetty.server.HttpChannel - action DISPATCH HttpChannelOverHttp@33a44bf5{s=HttpChannelState@388628c8{s=HANDLING rs=BLOCKING os=OPEN is=IDLE awp=false se=false i=true al=0},r=1,c=false/false,a=HANDLING,uri=//localhost:8080/api/v0/components/products/a75ba316-b0e1-438c-8e6c-a31786431307/questions/hidden,age=1}
13:18:49.268 [qtp2010498327-83] DEBUG org.eclipse.jetty.server.Server - REQUEST GET /api/v0/components/products/a75ba316-b0e1-438c-8e6c-a31786431307/questions/hidden on HttpChannelOverHttp@33a44bf5{s=HttpChannelState@388628c8{s=HANDLING rs=BLOCKING os=OPEN is=IDLE awp=false se=false i=true al=0},r=1,c=false/false,a=HANDLING,uri=//localhost:8080/api/v0/components/products/a75ba316-b0e1-438c-8e6c-a31786431307/questions/hidden,age=1}
13:18:49.268 [qtp2010498327-83] DEBUG org.eclipse.jetty.server.handler.ContextHandler - scope null||/api/v0/components/products/a75ba316-b0e1-438c-8e6c-a31786431307/questions/hidden @ o.e.j.s.ServletContextHandler@3f5d4750{/__admin,null,AVAILABLE}
13:18:49.268 [qtp2010498327-83] DEBUG org.eclipse.jetty.server.handler.gzip.GzipHandler - GzipHandler@34f0fdaa{STARTED,min=32,inflate=-1} handle Request(GET //localhost:8080/api/v0/components/products/a75ba316-b0e1-438c-8e6c-a31786431307/questions/hidden)@ac159a9 in null
13:18:49.268 [qtp2010498327-83] DEBUG org.eclipse.jetty.server.handler.ContextHandler - scope null||/api/v0/components/products/a75ba316-b0e1-438c-8e6c-a31786431307/questions/hidden @ o.e.j.s.ServletContextHandler@301dacc2{/,null,AVAILABLE}
13:18:49.268 [qtp2010498327-83] DEBUG org.eclipse.jetty.server.handler.ContextHandler - context=||/api/v0/components/products/a75ba316-b0e1-438c-8e6c-a31786431307/questions/hidden @ o.e.j.s.ServletContextHandler@301dacc2{/,null,AVAILABLE}
13:18:49.268 [qtp2010498327-83] DEBUG org.eclipse.jetty.servlet.ServletHandler - servlet |/api/v0/components/products/a75ba316-b0e1-438c-8e6c-a31786431307/questions/hidden|null -> com.github.tomakehurst.wiremock.servlet.WireMockHandlerDispatchingServlet-227125ab@5e00e38c==com.github.tomakehurst.wiremock.servlet.WireMockHandlerDispatchingServlet,jsp=null,order=-1,inst=false,async=true
13:18:49.268 [qtp2010498327-83] DEBUG org.eclipse.jetty.servlet.ServletHandler - chain=org.eclipse.jetty.servlets.CrossOriginFilter-728ed8c8@728ed8c8==org.eclipse.jetty.servlets.CrossOriginFilter,inst=true,async=true->com.github.tomakehurst.wiremock.servlet.WireMockHandlerDispatchingServlet-227125ab@5e00e38c==com.github.tomakehurst.wiremock.servlet.WireMockHandlerDispatchingServlet,jsp=null,order=-1,inst=false,async=true
13:18:49.268 [qtp2010498327-83] DEBUG org.eclipse.jetty.servlet.ServletHolder - Servlet.init com.github.tomakehurst.wiremock.servlet.WireMockHandlerDispatchingServlet@12485429 for com.github.tomakehurst.wiremock.servlet.WireMockHandlerDispatchingServlet-227125ab
13:18:49.289 [qtp2010498327-83] INFO org.eclipse.jetty.server.handler.ContextHandler.ROOT - RequestHandlerClass from context returned com.github.tomakehurst.wiremock.http.StubRequestHandler. Normalized mapped under returned 'null'
13:18:49.289 [qtp2010498327-83] DEBUG org.eclipse.jetty.servlet.ServletHandler - call filter org.eclipse.jetty.servlets.CrossOriginFilter-728ed8c8@728ed8c8==org.eclipse.jetty.servlets.CrossOriginFilter,inst=true,async=true
13:18:49.289 [qtp2010498327-83] DEBUG org.eclipse.jetty.servlet.ServletHandler - call servlet com.github.tomakehurst.wiremock.servlet.WireMockHandlerDispatchingServlet-227125ab@5e00e38c==com.github.tomakehurst.wiremock.servlet.WireMockHandlerDispatchingServlet,jsp=null,order=-1,inst=true,async=true
13:18:49.290 [qtp2010498327-83] DEBUG org.eclipse.jetty.io.ChannelEndPoint - filled 0 HeapByteBuffer@70c4892d[p=0,l=0,c=8192,r=0]={<<<>>>GET /api/...\x00\x00\x00\x00\x00\x00\x00}
13:18:49.290 [qtp2010498327-83] DEBUG org.eclipse.jetty.io.ChannelEndPoint - filled 0 HeapByteBuffer@70c4892d[p=0,l=0,c=8192,r=0]={<<<>>>GET /api/...\x00\x00\x00\x00\x00\x00\x00}
13:18:49.290 [qtp2010498327-83] DEBUG org.eclipse.jetty.server.HttpConnection - HttpConnection@225cf0bd::NetworkTrafficSocketChannelEndPoint@76485a3f{/127.0.0.1:65015<->/127.0.0.1:8080,OPEN,fill=-,flush=-,to=23/30000}{io=1/0,kio=1,kro=1}->HttpConnection@225cf0bd[p=HttpParser{s=CONTENT,0 of -1},g=HttpGenerator@1671df6b{s=START}]=>HttpChannelOverHttp@33a44bf5{s=HttpChannelState@388628c8{s=HANDLING rs=BLOCKING os=OPEN is=IDLE awp=false se=false i=true al=0},r=1,c=false/false,a=HANDLING,uri=//localhost:8080/api/v0/components/products/a75ba316-b0e1-438c-8e6c-a31786431307/questions/hidden,age=23} filled 0 HeapByteBuffer@70c4892d[p=0,l=0,c=8192,r=0]={<<<>>>GET /api/...\x00\x00\x00\x00\x00\x00\x00}
13:18:49.290 [qtp2010498327-83] DEBUG org.eclipse.jetty.server.HttpConnection - HttpConnection@225cf0bd::NetworkTrafficSocketChannelEndPoint@76485a3f{/127.0.0.1:65015<->/127.0.0.1:8080,OPEN,fill=-,flush=-,to=23/30000}{io=1/0,kio=1,kro=1}->HttpConnection@225cf0bd[p=HttpParser{s=CONTENT,0 of -1},g=HttpGenerator@1671df6b{s=START}]=>HttpChannelOverHttp@33a44bf5{s=HttpChannelState@388628c8{s=HANDLING rs=BLOCKING os=OPEN is=IDLE awp=false se=false i=true al=0},r=1,c=false/false,a=HANDLING,uri=//localhost:8080/api/v0/components/products/a75ba316-b0e1-438c-8e6c-a31786431307/questions/hidden,age=23} parse HeapByteBuffer@70c4892d[p=0,l=0,c=8192,r=0]={<<<>>>GET /api/...\x00\x00\x00\x00\x00\x00\x00} {}
13:18:49.290 [qtp2010498327-83] DEBUG org.eclipse.jetty.http.HttpParser - parseNext s=CONTENT HeapByteBuffer@70c4892d[p=0,l=0,c=8192,r=0]={<<<>>>GET /api/...\x00\x00\x00\x00\x00\x00\x00}
13:18:49.290 [qtp2010498327-83] DEBUG org.eclipse.jetty.http.HttpParser - CONTENT --> CONTENT_END
13:18:49.290 [qtp2010498327-83] DEBUG org.eclipse.jetty.server.HttpChannel - onContentComplete HttpChannelOverHttp@33a44bf5{s=HttpChannelState@388628c8{s=HANDLING rs=BLOCKING os=OPEN is=IDLE awp=false se=false i=true al=0},r=1,c=false/false,a=HANDLING,uri=//localhost:8080/api/v0/components/products/a75ba316-b0e1-438c-8e6c-a31786431307/questions/hidden,age=23}
13:18:49.290 [qtp2010498327-83] DEBUG org.eclipse.jetty.http.HttpParser - CONTENT_END --> END
13:18:49.290 [qtp2010498327-83] DEBUG org.eclipse.jetty.server.HttpChannel - onRequestComplete HttpChannelOverHttp@33a44bf5{s=HttpChannelState@388628c8{s=HANDLING rs=BLOCKING os=OPEN is=IDLE awp=false se=false i=true al=0},r=1,c=false/false,a=HANDLING,uri=//localhost:8080/api/v0/components/products/a75ba316-b0e1-438c-8e6c-a31786431307/questions/hidden,age=23}
13:18:49.290 [qtp2010498327-83] DEBUG org.eclipse.jetty.server.HttpInput - HttpInputOverHTTP@3b81f531[c=0,q=0,[0]=null,s=STREAM] addContent EOF
13:18:49.290 [qtp2010498327-83] DEBUG org.eclipse.jetty.server.HttpConnection - HttpConnection@225cf0bd::NetworkTrafficSocketChannelEndPoint@76485a3f{/127.0.0.1:65015<->/127.0.0.1:8080,OPEN,fill=-,flush=-,to=23/30000}{io=1/0,kio=1,kro=1}->HttpConnection@225cf0bd[p=HttpParser{s=END,0 of -1},g=HttpGenerator@1671df6b{s=START}]=>HttpChannelOverHttp@33a44bf5{s=HttpChannelState@388628c8{s=HANDLING rs=BLOCKING os=OPEN is=IDLE awp=false se=false i=true al=0},r=1,c=false/false,a=HANDLING,uri=//localhost:8080/api/v0/components/products/a75ba316-b0e1-438c-8e6c-a31786431307/questions/hidden,age=23} parsed false HttpParser{s=END,0 of -1}
13:18:49.290 [qtp2010498327-83] DEBUG org.eclipse.jetty.server.HttpConnection - releaseRequestBuffer HttpConnection@225cf0bd::NetworkTrafficSocketChannelEndPoint@76485a3f{/127.0.0.1:65015<->/127.0.0.1:8080,OPEN,fill=-,flush=-,to=23/30000}{io=1/0,kio=1,kro=1}->HttpConnection@225cf0bd[p=HttpParser{s=END,0 of -1},g=HttpGenerator@1671df6b{s=START}]=>HttpChannelOverHttp@33a44bf5{s=HttpChannelState@388628c8{s=HANDLING rs=BLOCKING os=OPEN is=IDLE awp=false se=false i=true al=0},r=1,c=false/false,a=HANDLING,uri=//localhost:8080/api/v0/components/products/a75ba316-b0e1-438c-8e6c-a31786431307/questions/hidden,age=23}
13:18:49.290 [qtp2010498327-83] DEBUG org.eclipse.jetty.server.HttpChannelState - onEof HttpChannelState@388628c8{s=HANDLING rs=BLOCKING os=OPEN is=IDLE awp=false se=false i=true al=0}
13:18:49.317 [qtp2010498327-87] DEBUG org.eclipse.jetty.util.thread.QueuedThreadPool - run ReservedThreadExecutor@1826c076{s=0/1,p=1}@4fc3de35 in QueuedThreadPool[qtp2010498327]@77d5c517{STARTED,8<=8<=14,i=1,r=1,q=0}[ReservedThreadExecutor@1826c076{s=0/1,p=1}]
13:18:49.317 [qtp2010498327-87] DEBUG org.eclipse.jetty.util.thread.ReservedThreadExecutor - ReservedThreadExecutor@1826c076{s=1/1,p=1}@4fc3de35 started
13:18:49.317 [qtp2010498327-87] DEBUG org.eclipse.jetty.util.thread.ReservedThreadExecutor - ReservedThreadExecutor@1826c076{s=1/1,p=0}@4fc3de35 waiting
13:18:49.317 [qtp2010498327-89] DEBUG org.eclipse.jetty.util.thread.ReservedThreadExecutor - ReservedThreadExecutor@1826c076{s=1/1,p=0}@250983d6 task=EatWhatYouKill@30e98985/SelectorProducer@7d5788c3/IDLE/p=true/QueuedThreadPool[qtp2010498327]@77d5c517{STARTED,8<=8<=14,i=1,r=1,q=0}[ReservedThreadExecutor@1826c076{s=1/1,p=0}][pc=0,pic=0,pec=0,epc=1]@2020-09-25T13:18:49.3178509+02:00
13:18:49.317 [qtp2010498327-89] DEBUG org.eclipse.jetty.util.thread.strategy.EatWhatYouKill - EatWhatYouKill@30e98985/SelectorProducer@7d5788c3/IDLE/p=true/QueuedThreadPool[qtp2010498327]@77d5c517{STARTED,8<=8<=14,i=1,r=1,q=0}[ReservedThreadExecutor@1826c076{s=1/1,p=0}][pc=0,pic=0,pec=0,epc=1]@2020-09-25T13:18:49.3178509+02:00 tryProduce true
13:18:49.317 [qtp2010498327-89] DEBUG org.eclipse.jetty.io.ManagedSelector - updateable 0
13:18:49.317 [qtp2010498327-89] DEBUG org.eclipse.jetty.io.ManagedSelector - updates 0
13:18:49.318 [qtp2010498327-89] DEBUG org.eclipse.jetty.io.ChannelEndPoint - Key interests updated 1 -> 0 on NetworkTrafficSocketChannelEndPoint@76485a3f{/127.0.0.1:65015<->/127.0.0.1:8080,OPEN,fill=-,flush=-,to=50/30000}{io=0/0,kio=0,kro=1}->HttpConnection@225cf0bd[p=HttpParser{s=END,0 of -1},g=HttpGenerator@1671df6b{s=START}]=>HttpChannelOverHttp@33a44bf5{s=HttpChannelState@388628c8{s=HANDLING rs=BLOCKING os=OPEN is=READY awp=false se=false i=true al=0},r=1,c=false/false,a=HANDLING,uri=//localhost:8080/api/v0/components/products/a75ba316-b0e1-438c-8e6c-a31786431307/questions/hidden,age=51}
13:18:49.318 [qtp2010498327-89] DEBUG org.eclipse.jetty.io.ManagedSelector - Selector sun.nio.ch.WindowsSelectorImpl@453bb545 waiting with 1 keys
13:18:49.330 [qtp2010498327-83] DEBUG org.eclipse.jetty.server.handler.gzip.GzipHttpOutputInterceptor - org.eclipse.jetty.server.handler.gzip.GzipHttpOutputInterceptor@6ae2a602 exclude by status 401
13:18:49.330 [qtp2010498327-83] DEBUG org.eclipse.jetty.server.HttpChannel - sendResponse info=null content=HeapByteBuffer@137d328[p=0,l=0,c=0,r=0]={<<<>>>} complete=false committing=true callback=Blocker@6aeea6e6{null}
13:18:49.330 [qtp2010498327-83] DEBUG org.eclipse.jetty.server.HttpChannel - COMMIT for /api/v0/components/products/a75ba316-b0e1-438c-8e6c-a31786431307/questions/hidden on HttpChannelOverHttp@33a44bf5{s=HttpChannelState@388628c8{s=HANDLING rs=BLOCKING os=COMMITTED is=READY awp=false se=false i=true al=0},r=1,c=false/false,a=HANDLING,uri=//localhost:8080/api/v0/components/products/a75ba316-b0e1-438c-8e6c-a31786431307/questions/hidden,age=63}
401 null HTTP/1.1
Matched-Stub-Id: 681e0c40-ccf0-43d4-be5a-75194c1b69d2


13:18:49.330 [qtp2010498327-83] DEBUG org.eclipse.jetty.server.HttpConnection - generate: NEED_HEADER for org.eclipse.jetty.server.HttpConnection$SendCallback@3a574e8e[PROCESSING][i=HTTP/1.1{s=401,h=1,cl=-1},cb=org.eclipse.jetty.server.HttpChannel$SendCallback@ecb0c88] (null,[p=0,l=0,c=0,r=0],false)@START
13:18:49.330 [qtp2010498327-83] DEBUG org.eclipse.jetty.http.HttpGenerator - generateHeaders HTTP/1.1{s=401,h=1,cl=-1} last=false content=HeapByteBuffer@137d328[p=0,l=0,c=0,r=0]={<<<>>>}
13:18:49.330 [qtp2010498327-83] DEBUG org.eclipse.jetty.http.HttpGenerator - Matched-Stub-Id: 681e0c40-ccf0-43d4-be5a-75194c1b69d2


13:18:49.330 [qtp2010498327-83] DEBUG org.eclipse.jetty.http.HttpGenerator - CHUNKED_CONTENT
13:18:49.330 [qtp2010498327-83] DEBUG org.eclipse.jetty.server.HttpConnection - generate: FLUSH for org.eclipse.jetty.server.HttpConnection$SendCallback@3a574e8e[PROCESSING][i=HTTP/1.1{s=401,h=1,cl=-1},cb=org.eclipse.jetty.server.HttpChannel$SendCallback@ecb0c88] ([p=0,l=145,c=8192,r=145],[p=0,l=0,c=0,r=0],false)@COMMITTED
13:18:49.330 [qtp2010498327-83] DEBUG org.eclipse.jetty.io.WriteFlusher - write: WriteFlusher@71e669e5{IDLE}->null [HeapByteBuffer@70c4892d[p=0,l=145,c=8192,r=145]={<<<HTTP/1.1 401 Unauthorized...y(9.4.28.v20200408)\r\n\r\n>>>alhost:80...\x00\x00\x00\x00\x00\x00\x00}]
13:18:49.330 [qtp2010498327-83] DEBUG org.eclipse.jetty.io.WriteFlusher - update WriteFlusher@71e669e5{WRITING}->null:IDLE-->WRITING
13:18:49.330 [qtp2010498327-83] DEBUG org.eclipse.jetty.io.ChannelEndPoint - flushed 145 NetworkTrafficSocketChannelEndPoint@76485a3f{/127.0.0.1:65015<->/127.0.0.1:8080,OPEN,fill=-,flush=W,to=63/30000}{io=0/0,kio=0,kro=1}->HttpConnection@225cf0bd[p=HttpParser{s=END,0 of -1},g=HttpGenerator@1671df6b{s=COMMITTED}]=>HttpChannelOverHttp@33a44bf5{s=HttpChannelState@388628c8{s=HANDLING rs=BLOCKING os=COMMITTED is=READY awp=false se=false i=true al=0},r=1,c=false/false,a=HANDLING,uri=//localhost:8080/api/v0/components/products/a75ba316-b0e1-438c-8e6c-a31786431307/questions/hidden,age=63}
13:18:49.330 [qtp2010498327-83] DEBUG org.eclipse.jetty.io.WriteFlusher - Flushed=true written=145 remaining=0 WriteFlusher@71e669e5{WRITING}->null
13:18:49.330 [qtp2010498327-83] DEBUG org.eclipse.jetty.io.WriteFlusher - update WriteFlusher@71e669e5{IDLE}->null:WRITING-->IDLE
13:18:49.330 [qtp2010498327-83] DEBUG org.eclipse.jetty.server.HttpConnection - generate: DONE for org.eclipse.jetty.server.HttpConnection$SendCallback@3a574e8e[PROCESSING][i=HTTP/1.1{s=401,h=1,cl=-1},cb=org.eclipse.jetty.server.HttpChannel$SendCallback@ecb0c88] ([p=145,l=145,c=8192,r=0],[p=0,l=0,c=0,r=0],false)@COMMITTED
13:18:49.330 [qtp2010498327-83] DEBUG org.eclipse.jetty.server.HttpOutput - onWriteComplete(false,null) s=OPEN,api=BLOCKED,sc=false,e=null->s=OPEN,api=BLOCKING,sc=false,e=null c=null cb=null w=false
13:18:49.331 [qtp2010498327-83] DEBUG org.eclipse.jetty.server.HttpOutput - close() s=CLOSING,api=BLOCKED,sc=false,e=null c=HeapByteBuffer@137d328[p=0,l=0,c=0,r=0]={<<<>>>} b=Blocker@6aeea6e6{null}
13:18:49.331 [qtp2010498327-83] DEBUG org.eclipse.jetty.server.HttpChannel - sendResponse info=null content=HeapByteBuffer@137d328[p=0,l=0,c=0,r=0]={<<<>>>} complete=true committing=false callback=Blocker@6aeea6e6{null}
13:18:49.331 [qtp2010498327-83] DEBUG org.eclipse.jetty.server.HttpConnection - generate: CONTINUE for org.eclipse.jetty.server.HttpConnection$SendCallback@3a574e8e[PROCESSING][i=null,cb=org.eclipse.jetty.server.HttpChannel$SendCallback@6ea038a9] (null,[p=0,l=0,c=0,r=0],true)@COMPLETING
13:18:49.331 [qtp2010498327-83] DEBUG org.eclipse.jetty.server.HttpConnection - generate: NEED_CHUNK for org.eclipse.jetty.server.HttpConnection$SendCallback@3a574e8e[PROCESSING][i=null,cb=org.eclipse.jetty.server.HttpChannel$SendCallback@6ea038a9] (null,[p=0,l=0,c=0,r=0],true)@COMPLETING
13:18:49.331 [qtp2010498327-83] DEBUG org.eclipse.jetty.server.HttpConnection - generate: FLUSH for org.eclipse.jetty.server.HttpConnection$SendCallback@3a574e8e[PROCESSING][i=null,cb=org.eclipse.jetty.server.HttpChannel$SendCallback@6ea038a9] (null,[p=0,l=0,c=0,r=0],true)@COMPLETING
13:18:49.331 [qtp2010498327-83] DEBUG org.eclipse.jetty.io.WriteFlusher - write: WriteFlusher@71e669e5{IDLE}->null [HeapByteBuffer@6b996876[p=0,l=5,c=1024,r=5]={<<<0\r\n\r\n>>>\r\n\x00\x00\x00\x00\x00\x00\x00...\x00\x00\x00\x00\x00\x00\x00}]
13:18:49.331 [reactor-http-nio-1] DEBUG reactor.netty.http.client.HttpClientOperations - [id: 0xb181f0de, L:/127.0.0.1:65015 - R:localhost/127.0.0.1:8080] Received response (auto-read:false) : [Matched-Stub-Id=681e0c40-ccf0-43d4-be5a-75194c1b69d2, Transfer-Encoding=chunked, Server=Jetty(9.4.28.v20200408)]
13:18:49.331 [reactor-http-nio-1] DEBUG reactor.netty.resources.PooledConnectionProvider - [id: 0xb181f0de, L:/127.0.0.1:65015 - R:localhost/127.0.0.1:8080] onStateChange(GET{uri=/api/v0/components/products/a75ba316-b0e1-438c-8e6c-a31786431307/questions/hidden, connection=PooledConnection{channel=[id: 0xb181f0de, L:/127.0.0.1:65015 - R:localhost/127.0.0.1:8080]}}, [response_received])
13:18:49.331 [reactor-http-nio-1] DEBUG org.springframework.web.reactive.function.client.ExchangeFunctions - [5e148028] Response 401 UNAUTHORIZED
13:18:49.332 [qtp2010498327-83] DEBUG org.eclipse.jetty.io.WriteFlusher - update WriteFlusher@71e669e5{WRITING}->null:IDLE-->WRITING
13:18:49.332 [qtp2010498327-83] DEBUG org.eclipse.jetty.io.ChannelEndPoint - flushed 5 NetworkTrafficSocketChannelEndPoint@76485a3f{/127.0.0.1:65015<->/127.0.0.1:8080,OPEN,fill=-,flush=W,to=1/30000}{io=0/0,kio=0,kro=1}->HttpConnection@225cf0bd[p=HttpParser{s=END,0 of -1},g=HttpGenerator@1671df6b{s=COMPLETING}]=>HttpChannelOverHttp@33a44bf5{s=HttpChannelState@388628c8{s=HANDLING rs=BLOCKING os=COMMITTED is=READY awp=false se=false i=true al=0},r=1,c=false/false,a=HANDLING,uri=//localhost:8080/api/v0/components/products/a75ba316-b0e1-438c-8e6c-a31786431307/questions/hidden,age=65}
13:18:49.332 [qtp2010498327-83] DEBUG org.eclipse.jetty.io.WriteFlusher - Flushed=true written=5 remaining=0 WriteFlusher@71e669e5{WRITING}->null
13:18:49.332 [qtp2010498327-83] DEBUG org.eclipse.jetty.io.WriteFlusher - update WriteFlusher@71e669e5{IDLE}->null:WRITING-->IDLE
13:18:49.332 [qtp2010498327-83] DEBUG org.eclipse.jetty.server.HttpConnection - generate: DONE for org.eclipse.jetty.server.HttpConnection$SendCallback@3a574e8e[PROCESSING][i=null,cb=org.eclipse.jetty.server.HttpChannel$SendCallback@6ea038a9] (null,[p=0,l=0,c=0,r=0],true)@END
13:18:49.332 [qtp2010498327-83] DEBUG org.eclipse.jetty.server.HttpOutput - onWriteComplete(true,null) s=CLOSING,api=BLOCKED,sc=false,e=null->s=CLOSED,api=BLOCKING,sc=false,e=null c=null cb=null w=false
13:18:49.333 [reactor-http-nio-1] DEBUG reactor.netty.channel.FluxReceive - [id: 0xb181f0de, L:/127.0.0.1:65015 - R:localhost/127.0.0.1:8080] Subscribing inbound receiver [pending: 0, cancelled:false, inboundDone: false]
13:18:49.333 [reactor-http-nio-1] DEBUG reactor.netty.http.client.HttpClientOperations - [id: 0xb181f0de, L:/127.0.0.1:65015 - R:localhost/127.0.0.1:8080] Received last HTTP packet
13:18:49.334 [qtp2010498327-83] DEBUG org.eclipse.jetty.server.Server - handled=true async=false committed=true on HttpChannelOverHttp@33a44bf5{s=HttpChannelState@388628c8{s=HANDLING rs=BLOCKING os=COMPLETED is=READY awp=false se=false i=true al=0},r=1,c=false/true,a=HANDLING,uri=//localhost:8080/api/v0/components/products/a75ba316-b0e1-438c-8e6c-a31786431307/questions/hidden,age=65}
13:18:49.334 [qtp2010498327-83] DEBUG org.eclipse.jetty.server.HttpChannelState - unhandle HttpChannelState@388628c8{s=HANDLING rs=BLOCKING os=COMPLETED is=READY awp=false se=false i=true al=0}
13:18:49.334 [qtp2010498327-83] DEBUG org.eclipse.jetty.server.HttpChannelState - nextAction(false) COMPLETE HttpChannelState@388628c8{s=HANDLING rs=COMPLETING os=COMPLETED is=READY awp=false se=false i=false al=0}
13:18:49.334 [qtp2010498327-83] DEBUG org.eclipse.jetty.server.HttpChannel - action COMPLETE HttpChannelOverHttp@33a44bf5{s=HttpChannelState@388628c8{s=HANDLING rs=COMPLETING os=COMPLETED is=READY awp=false se=false i=false al=0},r=1,c=false/true,a=HANDLING,uri=//localhost:8080/api/v0/components/products/a75ba316-b0e1-438c-8e6c-a31786431307/questions/hidden,age=67}
13:18:49.334 [qtp2010498327-83] DEBUG org.eclipse.jetty.server.HttpOutput - complete(org.eclipse.jetty.util.Callback$4@6e8328cd) s=CLOSED,api=BLOCKING,sc=false,e=null s=true e=null, c=null
13:18:49.334 [qtp2010498327-83] DEBUG org.eclipse.jetty.server.HttpChannelState - completed HttpChannelState@388628c8{s=HANDLING rs=COMPLETING os=COMPLETED is=READY awp=false se=false i=false al=0}
13:18:49.334 [qtp2010498327-83] DEBUG org.eclipse.jetty.server.HttpChannelState - unhandle HttpChannelState@388628c8{s=HANDLING rs=COMPLETED os=COMPLETED is=READY awp=false se=false i=false al=0}
13:18:49.334 [qtp2010498327-83] DEBUG org.eclipse.jetty.server.HttpChannelState - nextAction(false) TERMINATED HttpChannelState@388628c8{s=IDLE rs=COMPLETED os=COMPLETED is=READY awp=false se=false i=false al=0}
13:18:49.334 [qtp2010498327-83] DEBUG org.eclipse.jetty.server.HttpChannel - action TERMINATED HttpChannelOverHttp@33a44bf5{s=HttpChannelState@388628c8{s=IDLE rs=COMPLETED os=COMPLETED is=READY awp=false se=false i=false al=0},r=1,c=true/true,a=IDLE,uri=//localhost:8080/api/v0/components/products/a75ba316-b0e1-438c-8e6c-a31786431307/questions/hidden,age=67}
13:18:49.334 [qtp2010498327-83] DEBUG org.eclipse.jetty.server.HttpChannel - onCompleted for /api/v0/components/products/a75ba316-b0e1-438c-8e6c-a31786431307/questions/hidden written=0
13:18:49.334 [qtp2010498327-83] DEBUG org.eclipse.jetty.server.HttpChannelState - recycle HttpChannelState@388628c8{s=IDLE rs=COMPLETED os=COMPLETED is=READY awp=false se=false i=false al=0}
13:18:49.334 [qtp2010498327-83] DEBUG org.eclipse.jetty.http.HttpParser - reset HttpParser{s=END,0 of -1}
13:18:49.334 [qtp2010498327-83] DEBUG org.eclipse.jetty.http.HttpParser - END --> START
13:18:49.334 [qtp2010498327-83] DEBUG org.eclipse.jetty.server.HttpChannel - !handle TERMINATED HttpChannelOverHttp@33a44bf5{s=HttpChannelState@388628c8{s=IDLE rs=BLOCKING os=OPEN is=IDLE awp=false se=false i=true al=0},r=1,c=false/false,a=IDLE,uri=null,age=0}
13:18:49.335 [qtp2010498327-83] DEBUG org.eclipse.jetty.io.ChannelEndPoint - filled 0 HeapByteBuffer@70c4892d[p=0,l=0,c=8192,r=0]={<<<>>>HTTP/1.1 ...\x00\x00\x00\x00\x00\x00\x00}
13:18:49.335 [qtp2010498327-83] DEBUG org.eclipse.jetty.io.ChannelEndPoint - filled 0 HeapByteBuffer@70c4892d[p=0,l=0,c=8192,r=0]={<<<>>>HTTP/1.1 ...\x00\x00\x00\x00\x00\x00\x00}
13:18:49.335 [qtp2010498327-83] DEBUG org.eclipse.jetty.server.HttpConnection - HttpConnection@225cf0bd::NetworkTrafficSocketChannelEndPoint@76485a3f{/127.0.0.1:65015<->/127.0.0.1:8080,OPEN,fill=-,flush=-,to=2/30000}{io=0/0,kio=0,kro=1}->HttpConnection@225cf0bd[p=HttpParser{s=START,0 of -1},g=HttpGenerator@1671df6b{s=START}]=>HttpChannelOverHttp@33a44bf5{s=HttpChannelState@388628c8{s=IDLE rs=BLOCKING os=OPEN is=IDLE awp=false se=false i=true al=0},r=1,c=false/false,a=IDLE,uri=null,age=0} filled 0 HeapByteBuffer@70c4892d[p=0,l=0,c=8192,r=0]={<<<>>>HTTP/1.1 ...\x00\x00\x00\x00\x00\x00\x00}
13:18:49.335 [qtp2010498327-83] DEBUG org.eclipse.jetty.server.HttpConnection - HttpConnection@225cf0bd::NetworkTrafficSocketChannelEndPoint@76485a3f{/127.0.0.1:65015<->/127.0.0.1:8080,OPEN,fill=-,flush=-,to=2/30000}{io=0/0,kio=0,kro=1}->HttpConnection@225cf0bd[p=HttpParser{s=START,0 of -1},g=HttpGenerator@1671df6b{s=START}]=>HttpChannelOverHttp@33a44bf5{s=HttpChannelState@388628c8{s=IDLE rs=BLOCKING os=OPEN is=IDLE awp=false se=false i=true al=0},r=1,c=false/false,a=IDLE,uri=null,age=0} parse HeapByteBuffer@70c4892d[p=0,l=0,c=8192,r=0]={<<<>>>HTTP/1.1 ...\x00\x00\x00\x00\x00\x00\x00} {}
13:18:49.335 [qtp2010498327-83] DEBUG org.eclipse.jetty.http.HttpParser - parseNext s=START HeapByteBuffer@70c4892d[p=0,l=0,c=8192,r=0]={<<<>>>HTTP/1.1 ...\x00\x00\x00\x00\x00\x00\x00}
13:18:49.335 [reactor-http-nio-1] INFO com.bi.edp.configuration_stack.adapter.client.catalog.CatalogClient - CatalogClient unauthorized, trying to log in
13:18:49.335 [qtp2010498327-83] DEBUG org.eclipse.jetty.server.HttpConnection - HttpConnection@225cf0bd::NetworkTrafficSocketChannelEndPoint@76485a3f{/127.0.0.1:65015<->/127.0.0.1:8080,OPEN,fill=-,flush=-,to=2/30000}{io=0/0,kio=0,kro=1}->HttpConnection@225cf0bd[p=HttpParser{s=START,0 of -1},g=HttpGenerator@1671df6b{s=START}]=>HttpChannelOverHttp@33a44bf5{s=HttpChannelState@388628c8{s=IDLE rs=BLOCKING os=OPEN is=IDLE awp=false se=false i=true al=0},r=1,c=false/false,a=IDLE,uri=null,age=0} parsed false HttpParser{s=START,0 of -1}
13:18:49.335 [qtp2010498327-83] DEBUG org.eclipse.jetty.server.HttpConnection - releaseRequestBuffer HttpConnection@225cf0bd::NetworkTrafficSocketChannelEndPoint@76485a3f{/127.0.0.1:65015<->/127.0.0.1:8080,OPEN,fill=-,flush=-,to=2/30000}{io=0/0,kio=0,kro=1}->HttpConnection@225cf0bd[p=HttpParser{s=START,0 of -1},g=HttpGenerator@1671df6b{s=START}]=>HttpChannelOverHttp@33a44bf5{s=HttpChannelState@388628c8{s=IDLE rs=BLOCKING os=OPEN is=IDLE awp=false se=false i=true al=0},r=1,c=false/false,a=IDLE,uri=null,age=0}
13:18:49.335 [qtp2010498327-83] DEBUG org.eclipse.jetty.io.AbstractConnection - fillInterested HttpConnection@225cf0bd::NetworkTrafficSocketChannelEndPoint@76485a3f{/127.0.0.1:65015<->/127.0.0.1:8080,OPEN,fill=-,flush=-,to=2/30000}{io=0/0,kio=0,kro=1}->HttpConnection@225cf0bd[p=HttpParser{s=START,0 of -1},g=HttpGenerator@1671df6b{s=START}]=>HttpChannelOverHttp@33a44bf5{s=HttpChannelState@388628c8{s=IDLE rs=BLOCKING os=OPEN is=IDLE awp=false se=false i=true al=0},r=1,c=false/false,a=IDLE,uri=null,age=0}
13:18:49.335 [qtp2010498327-83] DEBUG org.eclipse.jetty.io.FillInterest - interested FillInterest@79bc5b3{AC.ReadCB@225cf0bd{HttpConnection@225cf0bd::NetworkTrafficSocketChannelEndPoint@76485a3f{/127.0.0.1:65015<->/127.0.0.1:8080,OPEN,fill=FI,flush=-,to=0/30000}{io=0/0,kio=0,kro=1}->HttpConnection@225cf0bd[p=HttpParser{s=START,0 of -1},g=HttpGenerator@1671df6b{s=START}]=>HttpChannelOverHttp@33a44bf5{s=HttpChannelState@388628c8{s=IDLE rs=BLOCKING os=OPEN is=IDLE awp=false se=false i=true al=0},r=1,c=false/false,a=IDLE,uri=null,age=0}}}
13:18:49.335 [qtp2010498327-83] DEBUG org.eclipse.jetty.io.ChannelEndPoint - changeInterests p=false 0->1 for NetworkTrafficSocketChannelEndPoint@76485a3f{/127.0.0.1:65015<->/127.0.0.1:8080,OPEN,fill=FI,flush=-,to=0/30000}{io=0/1,kio=0,kro=1}->HttpConnection@225cf0bd[p=HttpParser{s=START,0 of -1},g=HttpGenerator@1671df6b{s=START}]=>HttpChannelOverHttp@33a44bf5{s=HttpChannelState@388628c8{s=IDLE rs=BLOCKING os=OPEN is=IDLE awp=false se=false i=true al=0},r=1,c=false/false,a=IDLE,uri=null,age=0}
13:18:49.335 [qtp2010498327-83] DEBUG org.eclipse.jetty.io.ManagedSelector - Queued change org.eclipse.jetty.io.ChannelEndPoint$1@ed26de0 on ManagedSelector@504f5232{STARTED} id=0 keys=1 selected=0 updates=0
13:18:49.335 [qtp2010498327-83] DEBUG org.eclipse.jetty.io.ManagedSelector - Wakeup on submit ManagedSelector@504f5232{STARTED} id=0 keys=1 selected=0 updates=1
13:18:49.335 [qtp2010498327-89] DEBUG org.eclipse.jetty.io.ManagedSelector - Selector sun.nio.ch.WindowsSelectorImpl@453bb545 woken with none selected
13:18:49.336 [qtp2010498327-89] DEBUG org.eclipse.jetty.io.ManagedSelector - Selector sun.nio.ch.WindowsSelectorImpl@453bb545 woken up from select, 0/0/1 selected
13:18:49.336 [qtp2010498327-89] DEBUG org.eclipse.jetty.io.ManagedSelector - Selector sun.nio.ch.WindowsSelectorImpl@453bb545 processing 0 keys, 1 updates
13:18:49.336 [qtp2010498327-89] DEBUG org.eclipse.jetty.io.ManagedSelector - updateable 1
13:18:49.336 [qtp2010498327-89] DEBUG org.eclipse.jetty.io.ManagedSelector - update org.eclipse.jetty.io.ChannelEndPoint$1@ed26de0
13:18:49.336 [qtp2010498327-89] DEBUG org.eclipse.jetty.io.ChannelEndPoint - Key interests updated 0 -> 1 on NetworkTrafficSocketChannelEndPoint@76485a3f{/127.0.0.1:65015<->/127.0.0.1:8080,OPEN,fill=FI,flush=-,to=0/30000}{io=1/1,kio=1,kro=1}->HttpConnection@225cf0bd[p=HttpParser{s=START,0 of -1},g=HttpGenerator@1671df6b{s=START}]=>HttpChannelOverHttp@33a44bf5{s=HttpChannelState@388628c8{s=IDLE rs=BLOCKING os=OPEN is=IDLE awp=false se=false i=true al=0},r=1,c=false/false,a=IDLE,uri=null,age=0}
13:18:49.336 [qtp2010498327-89] DEBUG org.eclipse.jetty.io.ManagedSelector - updates 0
13:18:49.336 [qtp2010498327-89] DEBUG org.eclipse.jetty.io.ManagedSelector - Selector sun.nio.ch.WindowsSelectorImpl@453bb545 waiting with 1 keys
13:18:49.336 [qtp2010498327-83] DEBUG org.eclipse.jetty.server.HttpConnection - HttpConnection@225cf0bd::NetworkTrafficSocketChannelEndPoint@76485a3f{/127.0.0.1:65015<->/127.0.0.1:8080,OPEN,fill=FI,flush=-,to=0/30000}{io=1/1,kio=1,kro=1}->HttpConnection@225cf0bd[p=HttpParser{s=START,0 of -1},g=HttpGenerator@1671df6b{s=START}]=>HttpChannelOverHttp@33a44bf5{s=HttpChannelState@388628c8{s=IDLE rs=BLOCKING os=OPEN is=IDLE awp=false se=false i=true al=0},r=1,c=false/false,a=IDLE,uri=null,age=0} onFillable exit HttpChannelState@388628c8{s=IDLE rs=BLOCKING os=OPEN is=IDLE awp=false se=false i=true al=0} null
13:18:49.336 [qtp2010498327-83] DEBUG org.eclipse.jetty.util.thread.QueuedThreadPool - ran org.eclipse.jetty.io.ManagedSelector$$Lambda$425/0x00000001005fc040@2b93d76 in QueuedThreadPool[qtp2010498327]@77d5c517{STARTED,8<=8<=14,i=1,r=1,q=0}[ReservedThreadExecutor@1826c076{s=1/1,p=0}]
13:18:49.337 [reactor-http-nio-1] DEBUG org.springframework.web.reactive.function.client.ExchangeFunctions - [7727cb84] HTTP POST http://localhost:8080/api/v0/components/login
13:18:49.338 [reactor-http-nio-1] DEBUG reactor.netty.resources.PooledConnectionProvider - [id: 0x64f82265] Created a new pooled channel, now 2 active connections and 0 inactive connections
13:18:49.338 [reactor-http-nio-1] DEBUG reactor.netty.channel.BootstrapHandlers - [id: 0x64f82265] Initialized pipeline DefaultChannelPipeline{(BootstrapHandlers$BootstrapInitializerHandler#0 = reactor.netty.channel.BootstrapHandlers$BootstrapInitializerHandler), (PooledConnectionProvider$PooledConnectionAllocator$PooledConnectionInitializer#0 = reactor.netty.resources.PooledConnectionProvider$PooledConnectionAllocator$PooledConnectionInitializer), (reactor.left.httpCodec = io.netty.handler.codec.http.HttpClientCodec), (reactor.right.reactiveBridge = reactor.netty.channel.ChannelOperationsHandler)}
13:18:49.338 [reactor-http-nio-1] DEBUG reactor.netty.resources.PooledConnectionProvider - [id: 0xb181f0de, L:/127.0.0.1:65015 - R:localhost/127.0.0.1:8080] onStateChange(GET{uri=/api/v0/components/products/a75ba316-b0e1-438c-8e6c-a31786431307/questions/hidden, connection=PooledConnection{channel=[id: 0xb181f0de, L:/127.0.0.1:65015 - R:localhost/127.0.0.1:8080]}}, [response_completed])
13:18:49.339 [reactor-http-nio-1] DEBUG reactor.netty.ReactorNetty - [id: 0xb181f0de, L:/127.0.0.1:65015 - R:localhost/127.0.0.1:8080] Removed handler: ReadTimeoutHandler, pipeline: DefaultChannelPipeline{(reactor.left.httpCodec = io.netty.handler.codec.http.HttpClientCodec), (WriteTimeoutHandler = io.netty.handler.timeout.WriteTimeoutHandler), (reactor.right.reactiveBridge = reactor.netty.channel.ChannelOperationsHandler)}
13:18:49.339 [reactor-http-nio-1] DEBUG reactor.netty.ReactorNetty - [id: 0xb181f0de, L:/127.0.0.1:65015 - R:localhost/127.0.0.1:8080] Removed handler: WriteTimeoutHandler, pipeline: DefaultChannelPipeline{(reactor.left.httpCodec = io.netty.handler.codec.http.HttpClientCodec), (reactor.right.reactiveBridge = reactor.netty.channel.ChannelOperationsHandler)}
13:18:49.339 [reactor-http-nio-1] DEBUG reactor.netty.resources.PooledConnectionProvider - [id: 0xb181f0de, L:/127.0.0.1:65015 - R:localhost/127.0.0.1:8080] onStateChange(GET{uri=/api/v0/components/products/a75ba316-b0e1-438c-8e6c-a31786431307/questions/hidden, connection=PooledConnection{channel=[id: 0xb181f0de, L:/127.0.0.1:65015 - R:localhost/127.0.0.1:8080]}}, [disconnecting])
13:18:49.339 [reactor-http-nio-1] DEBUG reactor.netty.resources.PooledConnectionProvider - [id: 0xb181f0de, L:/127.0.0.1:65015 - R:localhost/127.0.0.1:8080] Releasing channel
13:18:49.339 [reactor-http-nio-1] DEBUG reactor.netty.resources.PooledConnectionProvider - [id: 0xb181f0de, L:/127.0.0.1:65015 - R:localhost/127.0.0.1:8080] Channel cleaned, now 1 active connections and 1 inactive connections
13:18:49.340 [reactor-http-nio-1] DEBUG reactor.netty.resources.PooledConnectionProvider - [id: 0x64f82265, L:/127.0.0.1:65016 - R:localhost/127.0.0.1:8080] Registering pool release on close event for channel
13:18:49.340 [reactor-http-nio-1] DEBUG reactor.netty.resources.PooledConnectionProvider - [id: 0x64f82265, L:/127.0.0.1:65016 - R:localhost/127.0.0.1:8080] Channel connected, now 1 active connections and 1 inactive connections
13:18:49.340 [reactor-http-nio-1] DEBUG reactor.netty.resources.PooledConnectionProvider - [id: 0x64f82265, L:/127.0.0.1:65016 - R:localhost/127.0.0.1:8080] onStateChange(PooledConnection{channel=[id: 0x64f82265, L:/127.0.0.1:65016 - R:localhost/127.0.0.1:8080]}, [connected])
13:18:49.340 [reactor-http-nio-1] DEBUG reactor.netty.resources.PooledConnectionProvider - [id: 0x64f82265, L:/127.0.0.1:65016 - R:localhost/127.0.0.1:8080] onStateChange(GET{uri=/, connection=PooledConnection{channel=[id: 0x64f82265, L:/127.0.0.1:65016 - R:localhost/127.0.0.1:8080]}}, [configured])
13:18:49.340 [reactor-http-nio-1] DEBUG reactor.netty.ReactorNetty - [id: 0x64f82265, L:/127.0.0.1:65016 - R:localhost/127.0.0.1:8080] Added decoder [ReadTimeoutHandler] at the end of the user pipeline, full pipeline: [reactor.left.httpCodec, ReadTimeoutHandler, reactor.right.reactiveBridge, DefaultChannelPipeline$TailContext#0]
13:18:49.340 [reactor-http-nio-1] DEBUG reactor.netty.ReactorNetty - [id: 0x64f82265, L:/127.0.0.1:65016 - R:localhost/127.0.0.1:8080] Added decoder [WriteTimeoutHandler] at the end of the user pipeline, full pipeline: [reactor.left.httpCodec, ReadTimeoutHandler, WriteTimeoutHandler, reactor.right.reactiveBridge, DefaultChannelPipeline$TailContext#0]
13:18:49.340 [reactor-http-nio-1] DEBUG reactor.netty.http.client.HttpClientConnect - [id: 0x64f82265, L:/127.0.0.1:65016 - R:localhost/127.0.0.1:8080] Handler is being applied: {uri=http://localhost:8080/api/v0/components/login, method=POST}
13:18:49.341 [reactor-http-nio-1] DEBUG reactor.netty.resources.PooledConnectionProvider - [id: 0x64f82265, L:/127.0.0.1:65016 - R:localhost/127.0.0.1:8080] onStateChange(POST{uri=/api/v0/components/login, connection=PooledConnection{channel=[id: 0x64f82265, L:/127.0.0.1:65016 - R:localhost/127.0.0.1:8080]}}, [request_prepared])
13:18:49.341 [reactor-http-nio-1] DEBUG org.springframework.core.codec.CharSequenceEncoder - [7727cb84] Writing "{"password":"123456","username":"catalogClientApi"}"
13:18:49.343 [reactor-http-nio-1] DEBUG reactor.netty.resources.PooledConnectionProvider - [id: 0x64f82265, L:/127.0.0.1:65016 - R:localhost/127.0.0.1:8080] onStateChange(POST{uri=/api/v0/components/login, connection=PooledConnection{channel=[id: 0x64f82265, L:/127.0.0.1:65016 - R:localhost/127.0.0.1:8080]}}, [request_sent])
13:18:49.360 [qtp2010498327-86-acceptor-2@48182b56-NetworkTrafficServerConnector@44d9c01f{HTTP/1.1, (http/1.1)}{0.0.0.0:8080}] DEBUG org.eclipse.jetty.io.ManagedSelector - Queued change org.eclipse.jetty.io.ManagedSelector$Accept@7dce7790 on ManagedSelector@28cd349f{STARTED} id=1 keys=1 selected=0 updates=0
13:18:49.360 [qtp2010498327-86-acceptor-2@48182b56-NetworkTrafficServerConnector@44d9c01f{HTTP/1.1, (http/1.1)}{0.0.0.0:8080}] DEBUG org.eclipse.jetty.io.ManagedSelector - Wakeup on submit ManagedSelector@28cd349f{STARTED} id=1 keys=1 selected=0 updates=1
13:18:49.360 [qtp2010498327-84] DEBUG org.eclipse.jetty.io.ManagedSelector - Selector sun.nio.ch.WindowsSelectorImpl@6af36ac3 woken with none selected
13:18:49.360 [qtp2010498327-84] DEBUG org.eclipse.jetty.io.ManagedSelector - Selector sun.nio.ch.WindowsSelectorImpl@6af36ac3 woken up from select, 0/0/1 selected
13:18:49.360 [qtp2010498327-84] DEBUG org.eclipse.jetty.io.ManagedSelector - Selector sun.nio.ch.WindowsSelectorImpl@6af36ac3 processing 0 keys, 1 updates
13:18:49.360 [qtp2010498327-84] DEBUG org.eclipse.jetty.io.ManagedSelector - updateable 1
13:18:49.360 [qtp2010498327-84] DEBUG org.eclipse.jetty.io.ManagedSelector - update org.eclipse.jetty.io.ManagedSelector$Accept@7dce7790
13:18:49.360 [qtp2010498327-84] DEBUG org.eclipse.jetty.util.thread.QueuedThreadPool - queue org.eclipse.jetty.io.ManagedSelector$Accept@7dce7790 startThread=0
13:18:49.360 [qtp2010498327-84] DEBUG org.eclipse.jetty.io.ManagedSelector - updates 0
13:18:49.360 [qtp2010498327-84] DEBUG org.eclipse.jetty.io.ManagedSelector - Selector sun.nio.ch.WindowsSelectorImpl@6af36ac3 waiting with 2 keys
13:18:49.365 [qtp2010498327-90] DEBUG org.eclipse.jetty.util.thread.QueuedThreadPool - run org.eclipse.jetty.io.ManagedSelector$Accept@7dce7790 in QueuedThreadPool[qtp2010498327]@77d5c517{STARTED,8<=8<=14,i=1,r=1,q=0}[ReservedThreadExecutor@1826c076{s=1/1,p=0}]
13:18:49.365 [qtp2010498327-90] DEBUG org.eclipse.jetty.io.IdleTimeout - NetworkTrafficSocketChannelEndPoint@4b4ebd9f{/127.0.0.1:65016<->/127.0.0.1:8080,OPEN,fill=-,flush=-,to=0/30000}{io=0/0,kio=0,kro=0}-><null> idle timeout check, elapsed: 0 ms, remaining: 30000 ms
13:18:49.365 [qtp2010498327-90] DEBUG org.eclipse.jetty.server.HttpChannel - new HttpChannelOverHttp@535ca91a{s=HttpChannelState@a33489f{s=IDLE rs=BLOCKING os=OPEN is=IDLE awp=false se=false i=true al=0},r=0,c=false/false,a=IDLE,uri=null,age=0} -> NetworkTrafficSocketChannelEndPoint@4b4ebd9f{/127.0.0.1:65016<->/127.0.0.1:8080,OPEN,fill=-,flush=-,to=0/30000}{io=0/0,kio=0,kro=0}-><null>,null,HttpChannelState@a33489f{s=IDLE rs=BLOCKING os=OPEN is=IDLE awp=false se=false i=true al=0}
13:18:49.365 [qtp2010498327-90] DEBUG org.eclipse.jetty.server.HttpConnection - New HTTP Connection HttpConnection@17938954::NetworkTrafficSocketChannelEndPoint@4b4ebd9f{/127.0.0.1:65016<->/127.0.0.1:8080,OPEN,fill=-,flush=-,to=0/30000}{io=0/0,kio=0,kro=0}-><null>
13:18:49.366 [qtp2010498327-90] DEBUG org.eclipse.jetty.io.AbstractEndPoint - onOpen NetworkTrafficSocketChannelEndPoint@4b4ebd9f{/127.0.0.1:65016<->/127.0.0.1:8080,OPEN,fill=-,flush=-,to=0/30000}{io=0/0,kio=0,kro=0}->HttpConnection@17938954[p=HttpParser{s=START,0 of -1},g=HttpGenerator@298f7c7c{s=START}]=>HttpChannelOverHttp@535ca91a{s=HttpChannelState@a33489f{s=IDLE rs=BLOCKING os=OPEN is=IDLE awp=false se=false i=true al=0},r=0,c=false/false,a=IDLE,uri=null,age=0}
13:18:49.366 [qtp2010498327-90] DEBUG org.eclipse.jetty.io.AbstractConnection - onOpen HttpConnection@17938954::NetworkTrafficSocketChannelEndPoint@4b4ebd9f{/127.0.0.1:65016<->/127.0.0.1:8080,OPEN,fill=-,flush=-,to=0/30000}{io=0/0,kio=0,kro=0}->HttpConnection@17938954[p=HttpParser{s=START,0 of -1},g=HttpGenerator@298f7c7c{s=START}]=>HttpChannelOverHttp@535ca91a{s=HttpChannelState@a33489f{s=IDLE rs=BLOCKING os=OPEN is=IDLE awp=false se=false i=true al=0},r=0,c=false/false,a=IDLE,uri=null,age=0}
13:18:49.366 [qtp2010498327-90] DEBUG org.eclipse.jetty.io.AbstractConnection - fillInterested HttpConnection@17938954::NetworkTrafficSocketChannelEndPoint@4b4ebd9f{/127.0.0.1:65016<->/127.0.0.1:8080,OPEN,fill=-,flush=-,to=0/30000}{io=0/0,kio=0,kro=0}->HttpConnection@17938954[p=HttpParser{s=START,0 of -1},g=HttpGenerator@298f7c7c{s=START}]=>HttpChannelOverHttp@535ca91a{s=HttpChannelState@a33489f{s=IDLE rs=BLOCKING os=OPEN is=IDLE awp=false se=false i=true al=0},r=0,c=false/false,a=IDLE,uri=null,age=0}
13:18:49.366 [qtp2010498327-90] DEBUG org.eclipse.jetty.io.FillInterest - interested FillInterest@1f2d142e{AC.ReadCB@17938954{HttpConnection@17938954::NetworkTrafficSocketChannelEndPoint@4b4ebd9f{/127.0.0.1:65016<->/127.0.0.1:8080,OPEN,fill=FI,flush=-,to=0/30000}{io=0/0,kio=0,kro=0}->HttpConnection@17938954[p=HttpParser{s=START,0 of -1},g=HttpGenerator@298f7c7c{s=START}]=>HttpChannelOverHttp@535ca91a{s=HttpChannelState@a33489f{s=IDLE rs=BLOCKING os=OPEN is=IDLE awp=false se=false i=true al=0},r=0,c=false/false,a=IDLE,uri=null,age=0}}}
13:18:49.366 [qtp2010498327-90] DEBUG org.eclipse.jetty.io.ChannelEndPoint - changeInterests p=false 0->1 for NetworkTrafficSocketChannelEndPoint@4b4ebd9f{/127.0.0.1:65016<->/127.0.0.1:8080,OPEN,fill=FI,flush=-,to=0/30000}{io=0/1,kio=0,kro=0}->HttpConnection@17938954[p=HttpParser{s=START,0 of -1},g=HttpGenerator@298f7c7c{s=START}]=>HttpChannelOverHttp@535ca91a{s=HttpChannelState@a33489f{s=IDLE rs=BLOCKING os=OPEN is=IDLE awp=false se=false i=true al=0},r=0,c=false/false,a=IDLE,uri=null,age=0}
13:18:49.366 [qtp2010498327-90] DEBUG org.eclipse.jetty.io.ManagedSelector - Queued change org.eclipse.jetty.io.ChannelEndPoint$1@f4ac0e4 on ManagedSelector@28cd349f{STARTED} id=1 keys=2 selected=0 updates=0
13:18:49.366 [qtp2010498327-90] DEBUG org.eclipse.jetty.io.ManagedSelector - Wakeup on submit ManagedSelector@28cd349f{STARTED} id=1 keys=2 selected=0 updates=1
13:18:49.366 [qtp2010498327-84] DEBUG org.eclipse.jetty.io.ManagedSelector - Selector sun.nio.ch.WindowsSelectorImpl@6af36ac3 woken with none selected
13:18:49.366 [qtp2010498327-84] DEBUG org.eclipse.jetty.io.ManagedSelector - Selector sun.nio.ch.WindowsSelectorImpl@6af36ac3 woken up from select, 0/0/2 selected
13:18:49.366 [qtp2010498327-84] DEBUG org.eclipse.jetty.io.ManagedSelector - Selector sun.nio.ch.WindowsSelectorImpl@6af36ac3 processing 0 keys, 1 updates
13:18:49.366 [qtp2010498327-84] DEBUG org.eclipse.jetty.io.ManagedSelector - updateable 1
13:18:49.366 [qtp2010498327-84] DEBUG org.eclipse.jetty.io.ManagedSelector - update org.eclipse.jetty.io.ChannelEndPoint$1@f4ac0e4
13:18:49.366 [qtp2010498327-84] DEBUG org.eclipse.jetty.io.ChannelEndPoint - Key interests updated 0 -> 1 on NetworkTrafficSocketChannelEndPoint@4b4ebd9f{/127.0.0.1:65016<->/127.0.0.1:8080,OPEN,fill=FI,flush=-,to=0/30000}{io=1/1,kio=1,kro=0}->HttpConnection@17938954[p=HttpParser{s=START,0 of -1},g=HttpGenerator@298f7c7c{s=START}]=>HttpChannelOverHttp@535ca91a{s=HttpChannelState@a33489f{s=IDLE rs=BLOCKING os=OPEN is=IDLE awp=false se=false i=true al=0},r=0,c=false/false,a=IDLE,uri=null,age=0}
13:18:49.366 [qtp2010498327-84] DEBUG org.eclipse.jetty.io.ManagedSelector - updates 0
13:18:49.366 [qtp2010498327-84] DEBUG org.eclipse.jetty.io.ManagedSelector - Selector sun.nio.ch.WindowsSelectorImpl@6af36ac3 waiting with 2 keys
13:18:49.367 [qtp2010498327-84] DEBUG org.eclipse.jetty.io.ManagedSelector - Selector sun.nio.ch.WindowsSelectorImpl@6af36ac3 woken up from select, 1/1/2 selected
13:18:49.367 [qtp2010498327-84] DEBUG org.eclipse.jetty.io.ManagedSelector - Selector sun.nio.ch.WindowsSelectorImpl@6af36ac3 processing 1 keys, 0 updates
13:18:49.367 [qtp2010498327-84] DEBUG org.eclipse.jetty.io.ManagedSelector - selected 1 channel=java.nio.channels.SocketChannel[connected local=/127.0.0.1:8080 remote=/127.0.0.1:65016], selector=sun.nio.ch.WindowsSelectorImpl@6af36ac3, interestOps=1, readyOps=1 NetworkTrafficSocketChannelEndPoint@4b4ebd9f{/127.0.0.1:65016<->/127.0.0.1:8080,OPEN,fill=FI,flush=-,to=0/30000}{io=1/1,kio=1,kro=1}->HttpConnection@17938954[p=HttpParser{s=START,0 of -1},g=HttpGenerator@298f7c7c{s=START}]=>HttpChannelOverHttp@535ca91a{s=HttpChannelState@a33489f{s=IDLE rs=BLOCKING os=OPEN is=IDLE awp=false se=false i=true al=0},r=0,c=false/false,a=IDLE,uri=null,age=0} 
13:18:49.367 [qtp2010498327-84] DEBUG org.eclipse.jetty.io.ChannelEndPoint - onSelected 1->0 r=true w=false for NetworkTrafficSocketChannelEndPoint@4b4ebd9f{/127.0.0.1:65016<->/127.0.0.1:8080,OPEN,fill=FI,flush=-,to=0/30000}{io=1/0,kio=1,kro=1}->HttpConnection@17938954[p=HttpParser{s=START,0 of -1},g=HttpGenerator@298f7c7c{s=START}]=>HttpChannelOverHttp@535ca91a{s=HttpChannelState@a33489f{s=IDLE rs=BLOCKING os=OPEN is=IDLE awp=false se=false i=true al=0},r=0,c=false/false,a=IDLE,uri=null,age=0}
13:18:49.367 [qtp2010498327-84] DEBUG org.eclipse.jetty.io.ChannelEndPoint - task CEP:NetworkTrafficSocketChannelEndPoint@4b4ebd9f{/127.0.0.1:65016<->/127.0.0.1:8080,OPEN,fill=FI,flush=-,to=1/30000}{io=1/0,kio=1,kro=1}->HttpConnection@17938954[p=HttpParser{s=START,0 of -1},g=HttpGenerator@298f7c7c{s=START}]=>HttpChannelOverHttp@535ca91a{s=HttpChannelState@a33489f{s=IDLE rs=BLOCKING os=OPEN is=IDLE awp=false se=false i=true al=0},r=0,c=false/false,a=IDLE,uri=null,age=0}:runFillable:BLOCKING
13:18:49.367 [qtp2010498327-84] DEBUG org.eclipse.jetty.util.thread.ReservedThreadExecutor - ReservedThreadExecutor@1826c076{s=1/1,p=0} tryExecute EatWhatYouKill@15c4be73/SelectorProducer@691db8ef/REPRODUCING/p=false/QueuedThreadPool[qtp2010498327]@77d5c517{STARTED,8<=8<=14,i=1,r=1,q=0}[ReservedThreadExecutor@1826c076{s=1/1,p=0}][pc=0,pic=0,pec=1,epc=1]@2020-09-25T13:18:49.3678191+02:00
13:18:49.367 [qtp2010498327-84] DEBUG org.eclipse.jetty.util.thread.ReservedThreadExecutor - ReservedThreadExecutor@1826c076{s=0/1,p=0}@4fc3de35 offer EatWhatYouKill@15c4be73/SelectorProducer@691db8ef/REPRODUCING/p=false/QueuedThreadPool[qtp2010498327]@77d5c517{STARTED,8<=8<=14,i=1,r=1,q=0}[ReservedThreadExecutor@1826c076{s=0/1,p=0}][pc=0,pic=0,pec=1,epc=1]@2020-09-25T13:18:49.3678191+02:00
13:18:49.367 [qtp2010498327-84] DEBUG org.eclipse.jetty.util.thread.ReservedThreadExecutor - ReservedThreadExecutor@1826c076{s=0/1,p=1} startReservedThread p=1
13:18:49.367 [qtp2010498327-84] DEBUG org.eclipse.jetty.util.thread.QueuedThreadPool - queue ReservedThreadExecutor@1826c076{s=0/1,p=1}@52263f7f startThread=0
13:18:49.367 [qtp2010498327-84] DEBUG org.eclipse.jetty.util.thread.strategy.EatWhatYouKill - EatWhatYouKill@15c4be73/SelectorProducer@691db8ef/IDLE/p=true/QueuedThreadPool[qtp2010498327]@77d5c517{STARTED,8<=8<=14,i=0,r=1,q=0}[ReservedThreadExecutor@1826c076{s=0/1,p=1}][pc=0,pic=0,pec=1,epc=1]@2020-09-25T13:18:49.3678191+02:00 m=EXECUTE_PRODUCE_CONSUME t=CEP:NetworkTrafficSocketChannelEndPoint@4b4ebd9f{/127.0.0.1:65016<->/127.0.0.1:8080,OPEN,fill=FI,flush=-,to=1/30000}{io=1/0,kio=1,kro=1}->HttpConnection@17938954[p=HttpParser{s=START,0 of -1},g=HttpGenerator@298f7c7c{s=START}]=>HttpChannelOverHttp@535ca91a{s=HttpChannelState@a33489f{s=IDLE rs=BLOCKING os=OPEN is=IDLE awp=false se=false i=true al=0},r=0,c=false/false,a=IDLE,uri=null,age=0}:runFillable:BLOCKING/BLOCKING
13:18:49.368 [qtp2010498327-84] DEBUG org.eclipse.jetty.io.FillInterest - fillable FillInterest@1f2d142e{AC.ReadCB@17938954{HttpConnection@17938954::NetworkTrafficSocketChannelEndPoint@4b4ebd9f{/127.0.0.1:65016<->/127.0.0.1:8080,OPEN,fill=FI,flush=-,to=1/30000}{io=1/0,kio=1,kro=1}->HttpConnection@17938954[p=HttpParser{s=START,0 of -1},g=HttpGenerator@298f7c7c{s=START}]=>HttpChannelOverHttp@535ca91a{s=HttpChannelState@a33489f{s=IDLE rs=BLOCKING os=OPEN is=IDLE awp=false se=false i=true al=0},r=0,c=false/false,a=IDLE,uri=null,age=0}}}
13:18:49.368 [qtp2010498327-84] DEBUG org.eclipse.jetty.server.HttpConnection - HttpConnection@17938954::NetworkTrafficSocketChannelEndPoint@4b4ebd9f{/127.0.0.1:65016<->/127.0.0.1:8080,OPEN,fill=-,flush=-,to=1/30000}{io=1/0,kio=1,kro=1}->HttpConnection@17938954[p=HttpParser{s=START,0 of -1},g=HttpGenerator@298f7c7c{s=START}]=>HttpChannelOverHttp@535ca91a{s=HttpChannelState@a33489f{s=IDLE rs=BLOCKING os=OPEN is=IDLE awp=false se=false i=true al=0},r=0,c=false/false,a=IDLE,uri=null,age=0} onFillable enter HttpChannelState@a33489f{s=IDLE rs=BLOCKING os=OPEN is=IDLE awp=false se=false i=true al=0} null
13:18:49.368 [qtp2010498327-84] DEBUG org.eclipse.jetty.io.ChannelEndPoint - filled 220 HeapByteBuffer@70c4892d[p=0,l=220,c=8192,r=220]={<<<POST /api/v0/components/l...me":"catalogClientApi"}>>>4-4cc9-b1...\x00\x00\x00\x00\x00\x00\x00}
13:18:49.368 [qtp2010498327-84] DEBUG org.eclipse.jetty.server.HttpConnection - HttpConnection@17938954::NetworkTrafficSocketChannelEndPoint@4b4ebd9f{/127.0.0.1:65016<->/127.0.0.1:8080,OPEN,fill=-,flush=-,to=0/30000}{io=1/0,kio=1,kro=1}->HttpConnection@17938954[p=HttpParser{s=START,0 of -1},g=HttpGenerator@298f7c7c{s=START}]=>HttpChannelOverHttp@535ca91a{s=HttpChannelState@a33489f{s=IDLE rs=BLOCKING os=OPEN is=IDLE awp=false se=false i=true al=0},r=0,c=false/false,a=IDLE,uri=null,age=0} filled 220 HeapByteBuffer@70c4892d[p=0,l=220,c=8192,r=220]={<<<POST /api/v0/components/l...me":"catalogClientApi"}>>>4-4cc9-b1...\x00\x00\x00\x00\x00\x00\x00}
13:18:49.368 [qtp2010498327-84] DEBUG org.eclipse.jetty.server.HttpConnection - HttpConnection@17938954::NetworkTrafficSocketChannelEndPoint@4b4ebd9f{/127.0.0.1:65016<->/127.0.0.1:8080,OPEN,fill=-,flush=-,to=0/30000}{io=1/0,kio=1,kro=1}->HttpConnection@17938954[p=HttpParser{s=START,0 of -1},g=HttpGenerator@298f7c7c{s=START}]=>HttpChannelOverHttp@535ca91a{s=HttpChannelState@a33489f{s=IDLE rs=BLOCKING os=OPEN is=IDLE awp=false se=false i=true al=0},r=0,c=false/false,a=IDLE,uri=null,age=0} parse HeapByteBuffer@70c4892d[p=0,l=220,c=8192,r=220]={<<<POST /api/v0/components/l...me":"catalogClientApi"}>>>4-4cc9-b1...\x00\x00\x00\x00\x00\x00\x00} {}
13:18:49.368 [qtp2010498327-84] DEBUG org.eclipse.jetty.http.HttpParser - parseNext s=START HeapByteBuffer@70c4892d[p=0,l=220,c=8192,r=220]={<<<POST /api/v0/components/l...me":"catalogClientApi"}>>>4-4cc9-b1...\x00\x00\x00\x00\x00\x00\x00}
13:18:49.368 [qtp2010498327-84] DEBUG org.eclipse.jetty.http.HttpParser - START --> SPACE1
13:18:49.368 [qtp2010498327-84] DEBUG org.eclipse.jetty.http.HttpParser - SPACE1 --> URI
13:18:49.368 [qtp2010498327-84] DEBUG org.eclipse.jetty.http.HttpParser - URI --> SPACE2
13:18:49.368 [qtp2010498327-84] DEBUG org.eclipse.jetty.http.HttpParser - SPACE2 --> REQUEST_VERSION
13:18:49.368 [qtp2010498327-84] DEBUG org.eclipse.jetty.http.HttpParser - REQUEST_VERSION --> HEADER
13:18:49.368 [qtp2010498327-84] DEBUG org.eclipse.jetty.http.HttpParser - HEADER:User-Agent --> VALUE
13:18:49.368 [qtp2010498327-84] DEBUG org.eclipse.jetty.http.HttpParser - HEADER:User-Agent --> IN_VALUE
13:18:49.368 [qtp2010498327-84] DEBUG org.eclipse.jetty.http.HttpParser - HEADER:User-Agent --> FIELD
13:18:49.368 [qtp2010498327-84] DEBUG org.eclipse.jetty.http.HttpParser - HEADER:Host --> VALUE
13:18:49.368 [qtp2010498327-84] DEBUG org.eclipse.jetty.http.HttpParser - HEADER:Host --> IN_VALUE
13:18:49.368 [qtp2010498327-84] DEBUG org.eclipse.jetty.http.HttpParser - HEADER:Host --> FIELD
13:18:49.368 [qtp2010498327-84] DEBUG org.eclipse.jetty.http.HttpParser - HEADER:Accept: */* --> IN_VALUE
13:18:49.368 [qtp2010498327-84] DEBUG org.eclipse.jetty.http.HttpParser - HEADER:Accept: */* --> FIELD
13:18:49.368 [qtp2010498327-84] DEBUG org.eclipse.jetty.http.HttpParser - HEADER:Content-Type: application/json --> IN_VALUE
13:18:49.368 [qtp2010498327-84] DEBUG org.eclipse.jetty.http.HttpParser - HEADER:Content-Type: application/json --> FIELD
13:18:49.368 [qtp2010498327-84] DEBUG org.eclipse.jetty.http.HttpParser - HEADER:Content-Length --> VALUE
13:18:49.368 [qtp2010498327-84] DEBUG org.eclipse.jetty.http.HttpParser - HEADER:Content-Length --> IN_VALUE
13:18:49.368 [qtp2010498327-84] DEBUG org.eclipse.jetty.http.HttpParser - HEADER:Content-Length --> FIELD
13:18:49.368 [qtp2010498327-84] DEBUG org.eclipse.jetty.http.HttpParser - HEADER --> CONTENT
13:18:49.368 [qtp2010498327-84] DEBUG org.eclipse.jetty.server.HttpChannel - REQUEST for //localhost:8080/api/v0/components/login on HttpChannelOverHttp@535ca91a{s=HttpChannelState@a33489f{s=IDLE rs=BLOCKING os=OPEN is=IDLE awp=false se=false i=true al=0},r=1,c=false/false,a=IDLE,uri=//localhost:8080/api/v0/components/login,age=0}
POST //localhost:8080/api/v0/components/login HTTP/1.1
User-Agent: ReactorNetty/0.9.7.RELEASE
Host: localhost:8080
Accept: */*
Content-Type: application/json
Content-Length: 51


13:18:49.369 [qtp2010498327-84] DEBUG org.eclipse.jetty.server.HttpConnection - HttpConnection@17938954::NetworkTrafficSocketChannelEndPoint@4b4ebd9f{/127.0.0.1:65016<->/127.0.0.1:8080,OPEN,fill=-,flush=-,to=0/30000}{io=1/0,kio=1,kro=1}->HttpConnection@17938954[p=HttpParser{s=CONTENT,0 of 51},g=HttpGenerator@298f7c7c{s=START}]=>HttpChannelOverHttp@535ca91a{s=HttpChannelState@a33489f{s=IDLE rs=BLOCKING os=OPEN is=IDLE awp=false se=false i=true al=0},r=1,c=false/false,a=IDLE,uri=//localhost:8080/api/v0/components/login,age=1} parsed true HttpParser{s=CONTENT,0 of 51}
13:18:49.369 [qtp2010498327-90] DEBUG org.eclipse.jetty.io.ManagedSelector - Created NetworkTrafficSocketChannelEndPoint@4b4ebd9f{/127.0.0.1:65016<->/127.0.0.1:8080,OPEN,fill=-,flush=-,to=0/30000}{io=1/0,kio=1,kro=1}->HttpConnection@17938954[p=HttpParser{s=CONTENT,0 of 51},g=HttpGenerator@298f7c7c{s=START}]=>HttpChannelOverHttp@535ca91a{s=HttpChannelState@a33489f{s=IDLE rs=BLOCKING os=OPEN is=IDLE awp=false se=false i=true al=0},r=1,c=false/false,a=IDLE,uri=//localhost:8080/api/v0/components/login,age=1}
13:18:49.369 [qtp2010498327-84] DEBUG org.eclipse.jetty.server.HttpChannel - handle //localhost:8080/api/v0/components/login HttpChannelOverHttp@535ca91a{s=HttpChannelState@a33489f{s=IDLE rs=BLOCKING os=OPEN is=IDLE awp=false se=false i=true al=0},r=1,c=false/false,a=IDLE,uri=//localhost:8080/api/v0/components/login,age=1} 
13:18:49.369 [qtp2010498327-84] DEBUG org.eclipse.jetty.server.HttpChannelState - handling HttpChannelState@a33489f{s=IDLE rs=BLOCKING os=OPEN is=IDLE awp=false se=false i=true al=0}
13:18:49.369 [qtp2010498327-90] DEBUG org.eclipse.jetty.util.thread.QueuedThreadPool - ran org.eclipse.jetty.io.ManagedSelector$Accept@7dce7790 in QueuedThreadPool[qtp2010498327]@77d5c517{STARTED,8<=8<=14,i=0,r=1,q=0}[ReservedThreadExecutor@1826c076{s=0/1,p=1}]
13:18:49.369 [qtp2010498327-84] DEBUG org.eclipse.jetty.server.HttpChannel - action DISPATCH HttpChannelOverHttp@535ca91a{s=HttpChannelState@a33489f{s=HANDLING rs=BLOCKING os=OPEN is=IDLE awp=false se=false i=true al=0},r=1,c=false/false,a=HANDLING,uri=//localhost:8080/api/v0/components/login,age=1}
13:18:49.369 [qtp2010498327-90] DEBUG org.eclipse.jetty.util.thread.QueuedThreadPool - run ReservedThreadExecutor@1826c076{s=0/1,p=1}@52263f7f in QueuedThreadPool[qtp2010498327]@77d5c517{STARTED,8<=8<=14,i=1,r=1,q=0}[ReservedThreadExecutor@1826c076{s=0/1,p=1}]
13:18:49.369 [qtp2010498327-84] DEBUG org.eclipse.jetty.server.Server - REQUEST POST /api/v0/components/login on HttpChannelOverHttp@535ca91a{s=HttpChannelState@a33489f{s=HANDLING rs=BLOCKING os=OPEN is=IDLE awp=false se=false i=true al=0},r=1,c=false/false,a=HANDLING,uri=//localhost:8080/api/v0/components/login,age=1}
13:18:49.369 [qtp2010498327-90] DEBUG org.eclipse.jetty.util.thread.ReservedThreadExecutor - ReservedThreadExecutor@1826c076{s=1/1,p=1}@52263f7f started
13:18:49.369 [qtp2010498327-90] DEBUG org.eclipse.jetty.util.thread.ReservedThreadExecutor - ReservedThreadExecutor@1826c076{s=1/1,p=0}@52263f7f waiting
13:18:49.369 [qtp2010498327-84] DEBUG org.eclipse.jetty.server.handler.ContextHandler - scope null||/api/v0/components/login @ o.e.j.s.ServletContextHandler@3f5d4750{/__admin,null,AVAILABLE}
13:18:49.369 [qtp2010498327-84] DEBUG org.eclipse.jetty.server.handler.gzip.GzipHandler - GzipHandler@34f0fdaa{STARTED,min=32,inflate=-1} handle Request(POST //localhost:8080/api/v0/components/login)@63286 in null
13:18:49.369 [qtp2010498327-84] DEBUG org.eclipse.jetty.server.handler.ContextHandler - scope null||/api/v0/components/login @ o.e.j.s.ServletContextHandler@301dacc2{/,null,AVAILABLE}
13:18:49.369 [qtp2010498327-84] DEBUG org.eclipse.jetty.server.handler.ContextHandler - context=||/api/v0/components/login @ o.e.j.s.ServletContextHandler@301dacc2{/,null,AVAILABLE}
13:18:49.369 [qtp2010498327-84] DEBUG org.eclipse.jetty.servlet.ServletHandler - servlet |/api/v0/components/login|null -> com.github.tomakehurst.wiremock.servlet.WireMockHandlerDispatchingServlet-227125ab@5e00e38c==com.github.tomakehurst.wiremock.servlet.WireMockHandlerDispatchingServlet,jsp=null,order=-1,inst=true,async=true
13:18:49.369 [qtp2010498327-84] DEBUG org.eclipse.jetty.servlet.ServletHandler - chain=org.eclipse.jetty.servlets.CrossOriginFilter-728ed8c8@728ed8c8==org.eclipse.jetty.servlets.CrossOriginFilter,inst=true,async=true->com.github.tomakehurst.wiremock.servlet.WireMockHandlerDispatchingServlet-227125ab@5e00e38c==com.github.tomakehurst.wiremock.servlet.WireMockHandlerDispatchingServlet,jsp=null,order=-1,inst=true,async=true
13:18:49.369 [qtp2010498327-84] DEBUG org.eclipse.jetty.servlet.ServletHandler - call filter org.eclipse.jetty.servlets.CrossOriginFilter-728ed8c8@728ed8c8==org.eclipse.jetty.servlets.CrossOriginFilter,inst=true,async=true
13:18:49.369 [qtp2010498327-84] DEBUG org.eclipse.jetty.servlet.ServletHandler - call servlet com.github.tomakehurst.wiremock.servlet.WireMockHandlerDispatchingServlet-227125ab@5e00e38c==com.github.tomakehurst.wiremock.servlet.WireMockHandlerDispatchingServlet,jsp=null,order=-1,inst=true,async=true
13:18:49.370 [qtp2010498327-84] DEBUG org.eclipse.jetty.server.HttpConnection - HttpConnection@17938954::NetworkTrafficSocketChannelEndPoint@4b4ebd9f{/127.0.0.1:65016<->/127.0.0.1:8080,OPEN,fill=-,flush=-,to=1/30000}{io=1/0,kio=1,kro=1}->HttpConnection@17938954[p=HttpParser{s=CONTENT,0 of 51},g=HttpGenerator@298f7c7c{s=START}]=>HttpChannelOverHttp@535ca91a{s=HttpChannelState@a33489f{s=HANDLING rs=BLOCKING os=OPEN is=IDLE awp=false se=false i=true al=0},r=1,c=false/false,a=HANDLING,uri=//localhost:8080/api/v0/components/login,age=2} parse HeapByteBuffer@70c4892d[p=169,l=220,c=8192,r=51]={POST /api... 51\r\n\r\n<<<{"password":"123456","use...me":"catalogClientApi"}>>>4-4cc9-b1...\x00\x00\x00\x00\x00\x00\x00} {}
13:18:49.370 [qtp2010498327-84] DEBUG org.eclipse.jetty.http.HttpParser - parseNext s=CONTENT HeapByteBuffer@70c4892d[p=169,l=220,c=8192,r=51]={POST /api... 51\r\n\r\n<<<{"password":"123456","use...me":"catalogClientApi"}>>>4-4cc9-b1...\x00\x00\x00\x00\x00\x00\x00}
13:18:49.370 [qtp2010498327-84] DEBUG org.eclipse.jetty.server.HttpChannel - onContent HttpChannelOverHttp@535ca91a{s=HttpChannelState@a33489f{s=HANDLING rs=BLOCKING os=OPEN is=IDLE awp=false se=false i=true al=0},r=1,c=false/false,a=HANDLING,uri=//localhost:8080/api/v0/components/login,age=2} Content@74157ad{HeapByteBufferR@144dd567[p=169,l=220,c=8192,r=51]={POST /api... 51\r\n\r\n<<<{"password":"123456","use...me":"catalogClientApi"}>>>4-4cc9-b1...\x00\x00\x00\x00\x00\x00\x00}}
13:18:49.370 [qtp2010498327-84] DEBUG org.eclipse.jetty.server.HttpInput - HttpInputOverHTTP@7773cd56[c=0,q=0,[0]=null,s=STREAM] addContent Content@74157ad{HeapByteBufferR@144dd567[p=169,l=220,c=8192,r=51]={POST /api... 51\r\n\r\n<<<{"password":"123456","use...me":"catalogClientApi"}>>>4-4cc9-b1...\x00\x00\x00\x00\x00\x00\x00}}
13:18:49.370 [qtp2010498327-84] DEBUG org.eclipse.jetty.http.HttpParser - CONTENT --> CONTENT_END
13:18:49.370 [qtp2010498327-84] DEBUG org.eclipse.jetty.server.HttpChannel - onContentComplete HttpChannelOverHttp@535ca91a{s=HttpChannelState@a33489f{s=HANDLING rs=BLOCKING os=OPEN is=IDLE awp=false se=false i=true al=0},r=1,c=false/false,a=HANDLING,uri=//localhost:8080/api/v0/components/login,age=2}
13:18:49.370 [qtp2010498327-84] DEBUG org.eclipse.jetty.http.HttpParser - CONTENT_END --> END
13:18:49.370 [qtp2010498327-84] DEBUG org.eclipse.jetty.server.HttpChannel - onRequestComplete HttpChannelOverHttp@535ca91a{s=HttpChannelState@a33489f{s=HANDLING rs=BLOCKING os=OPEN is=IDLE awp=false se=false i=true al=0},r=1,c=false/false,a=HANDLING,uri=//localhost:8080/api/v0/components/login,age=2}
13:18:49.370 [qtp2010498327-84] DEBUG org.eclipse.jetty.server.HttpInput - HttpInputOverHTTP@7773cd56[c=0,q=1,[0]=EOF,s=STREAM] addContent EOF
13:18:49.370 [qtp2010498327-84] DEBUG org.eclipse.jetty.server.HttpConnection - HttpConnection@17938954::NetworkTrafficSocketChannelEndPoint@4b4ebd9f{/127.0.0.1:65016<->/127.0.0.1:8080,OPEN,fill=-,flush=-,to=2/30000}{io=1/0,kio=1,kro=1}->HttpConnection@17938954[p=HttpParser{s=END,51 of 51},g=HttpGenerator@298f7c7c{s=START}]=>HttpChannelOverHttp@535ca91a{s=HttpChannelState@a33489f{s=HANDLING rs=BLOCKING os=OPEN is=IDLE awp=false se=false i=true al=0},r=1,c=false/false,a=HANDLING,uri=//localhost:8080/api/v0/components/login,age=2} parsed false HttpParser{s=END,51 of 51}
13:18:49.370 [qtp2010498327-84] DEBUG org.eclipse.jetty.server.HttpInput - HttpInputOverHTTP@7773cd56[c=51,q=1,[0]=EOF,s=STREAM] read 51 from Content@74157ad{HeapByteBufferR@144dd567[p=220,l=220,c=8192,r=0]={POST /api...ntApi"}<<<>>>4-4cc9-b1...\x00\x00\x00\x00\x00\x00\x00}}
13:18:49.370 [qtp2010498327-84] DEBUG org.eclipse.jetty.server.HttpConnection - releaseRequestBuffer HttpConnection@17938954::NetworkTrafficSocketChannelEndPoint@4b4ebd9f{/127.0.0.1:65016<->/127.0.0.1:8080,OPEN,fill=-,flush=-,to=2/30000}{io=1/0,kio=1,kro=1}->HttpConnection@17938954[p=HttpParser{s=END,51 of 51},g=HttpGenerator@298f7c7c{s=START}]=>HttpChannelOverHttp@535ca91a{s=HttpChannelState@a33489f{s=HANDLING rs=BLOCKING os=OPEN is=IDLE awp=false se=false i=true al=0},r=1,c=false/false,a=HANDLING,uri=//localhost:8080/api/v0/components/login,age=2}
13:18:49.371 [qtp2010498327-84] DEBUG org.eclipse.jetty.server.HttpChannelState - onEof HttpChannelState@a33489f{s=HANDLING rs=BLOCKING os=OPEN is=IDLE awp=false se=false i=true al=0}
13:18:49.373 [qtp2010498327-84] DEBUG org.eclipse.jetty.server.HttpOutput - write(array HeapByteBuffer@4650433c[p=0,l=21,c=8192,r=21]={<<<{"token":"someToken"}>>>\x00\x00\x00\x00\x00\x00\x00\x00\x00...\x00\x00\x00\x00\x00\x00\x00})
13:18:49.373 [qtp2010498327-84] DEBUG org.eclipse.jetty.server.HttpOutput - write(array) s=OPEN,api=BLOCKING,sc=false,e=null aggregated !flush HeapByteBuffer@4b218864[p=0,l=21,c=32768,r=21]={<<<{"token":"someToken"}>>>\x00\x00\x00\x00\x00\x00\x00\x00\x00...\x00\x00\x00\x00\x00\x00\x00}
13:18:49.373 [qtp2010498327-84] DEBUG org.eclipse.jetty.server.handler.gzip.GzipHandler - GzipHandler@34f0fdaa{STARTED,min=32,inflate=-1} excluded not gzip accept Request(POST //localhost:8080/api/v0/components/login)@63286
13:18:49.373 [qtp2010498327-84] DEBUG org.eclipse.jetty.server.handler.gzip.GzipHttpOutputInterceptor - org.eclipse.jetty.server.handler.gzip.GzipHttpOutputInterceptor@31bd9a8a exclude no deflater
13:18:49.373 [qtp2010498327-84] DEBUG org.eclipse.jetty.server.HttpChannel - sendResponse info=null content=HeapByteBuffer@4b218864[p=0,l=21,c=32768,r=21]={<<<{"token":"someToken"}>>>\x00\x00\x00\x00\x00\x00\x00\x00\x00...\x00\x00\x00\x00\x00\x00\x00} complete=false committing=true callback=Blocker@58cde896{null}
13:18:49.373 [qtp2010498327-84] DEBUG org.eclipse.jetty.server.HttpChannel - COMMIT for /api/v0/components/login on HttpChannelOverHttp@535ca91a{s=HttpChannelState@a33489f{s=HANDLING rs=BLOCKING os=COMMITTED is=READY awp=false se=false i=true al=0},r=1,c=false/false,a=HANDLING,uri=//localhost:8080/api/v0/components/login,age=5}
200 null HTTP/1.1
Content-Type: application/json
Matched-Stub-Id: 04819cf6-d63e-4230-b2df-939dea876b2e
Vary: Accept-Encoding, User-Agent


13:18:49.373 [qtp2010498327-84] DEBUG org.eclipse.jetty.server.HttpConnection - generate: NEED_HEADER for org.eclipse.jetty.server.HttpConnection$SendCallback@1c401910[PROCESSING][i=HTTP/1.1{s=200,h=3,cl=-1},cb=org.eclipse.jetty.server.HttpChannel$SendCallback@5be5d054] (null,[p=0,l=21,c=32768,r=21],false)@START
13:18:49.373 [qtp2010498327-84] DEBUG org.eclipse.jetty.http.HttpGenerator - generateHeaders HTTP/1.1{s=200,h=3,cl=-1} last=false content=HeapByteBuffer@4b218864[p=0,l=21,c=32768,r=21]={<<<{"token":"someToken"}>>>\x00\x00\x00\x00\x00\x00\x00\x00\x00...\x00\x00\x00\x00\x00\x00\x00}
13:18:49.373 [qtp2010498327-84] DEBUG org.eclipse.jetty.http.HttpGenerator - Content-Type: application/json
Matched-Stub-Id: 04819cf6-d63e-4230-b2df-939dea876b2e
Vary: Accept-Encoding, User-Agent


13:18:49.373 [qtp2010498327-84] DEBUG org.eclipse.jetty.http.HttpGenerator - CHUNKED_CONTENT
13:18:49.374 [qtp2010498327-84] DEBUG org.eclipse.jetty.server.HttpConnection - generate: FLUSH for org.eclipse.jetty.server.HttpConnection$SendCallback@1c401910[PROCESSING][i=HTTP/1.1{s=200,h=3,cl=-1},cb=org.eclipse.jetty.server.HttpChannel$SendCallback@5be5d054] ([p=0,l=206,c=8192,r=206],[p=0,l=21,c=32768,r=21],false)@COMMITTED
13:18:49.374 [qtp2010498327-84] DEBUG org.eclipse.jetty.io.WriteFlusher - write: WriteFlusher@6d16868{IDLE}->null [HeapByteBuffer@70c4892d[p=0,l=206,c=8192,r=206]={<<<HTTP/1.1 200 OK\r\nContent-...4.28.v20200408)\r\n\r\n15\r\n>>>logClient...\x00\x00\x00\x00\x00\x00\x00},HeapByteBuffer@4b218864[p=0,l=21,c=32768,r=21]={<<<{"token":"someToken"}>>>\x00\x00\x00\x00\x00\x00\x00\x00\x00...\x00\x00\x00\x00\x00\x00\x00}]
13:18:49.374 [qtp2010498327-84] DEBUG org.eclipse.jetty.io.WriteFlusher - update WriteFlusher@6d16868{WRITING}->null:IDLE-->WRITING
13:18:49.374 [qtp2010498327-84] DEBUG org.eclipse.jetty.io.ChannelEndPoint - flushed 206 NetworkTrafficSocketChannelEndPoint@4b4ebd9f{/127.0.0.1:65016<->/127.0.0.1:8080,OPEN,fill=-,flush=W,to=6/30000}{io=1/0,kio=1,kro=1}->HttpConnection@17938954[p=HttpParser{s=END,51 of 51},g=HttpGenerator@298f7c7c{s=COMMITTED}]=>HttpChannelOverHttp@535ca91a{s=HttpChannelState@a33489f{s=HANDLING rs=BLOCKING os=COMMITTED is=READY awp=false se=false i=true al=0},r=1,c=false/false,a=HANDLING,uri=//localhost:8080/api/v0/components/login,age=6}
13:18:49.374 [qtp2010498327-84] DEBUG org.eclipse.jetty.io.ChannelEndPoint - flushed 21 NetworkTrafficSocketChannelEndPoint@4b4ebd9f{/127.0.0.1:65016<->/127.0.0.1:8080,OPEN,fill=-,flush=W,to=0/30000}{io=1/0,kio=1,kro=1}->HttpConnection@17938954[p=HttpParser{s=END,51 of 51},g=HttpGenerator@298f7c7c{s=COMMITTED}]=>HttpChannelOverHttp@535ca91a{s=HttpChannelState@a33489f{s=HANDLING rs=BLOCKING os=COMMITTED is=READY awp=false se=false i=true al=0},r=1,c=false/false,a=HANDLING,uri=//localhost:8080/api/v0/components/login,age=6}
13:18:49.374 [qtp2010498327-84] DEBUG org.eclipse.jetty.io.WriteFlusher - Flushed=true written=227 remaining=0 WriteFlusher@6d16868{WRITING}->null
13:18:49.374 [qtp2010498327-84] DEBUG org.eclipse.jetty.io.WriteFlusher - update WriteFlusher@6d16868{IDLE}->null:WRITING-->IDLE
13:18:49.374 [qtp2010498327-84] DEBUG org.eclipse.jetty.server.HttpConnection - generate: DONE for org.eclipse.jetty.server.HttpConnection$SendCallback@1c401910[PROCESSING][i=HTTP/1.1{s=200,h=3,cl=-1},cb=org.eclipse.jetty.server.HttpChannel$SendCallback@5be5d054] ([p=206,l=206,c=8192,r=0],[p=21,l=21,c=32768,r=0],false)@COMMITTED
13:18:49.374 [qtp2010498327-84] DEBUG org.eclipse.jetty.server.HttpOutput - onWriteComplete(false,null) s=OPEN,api=BLOCKED,sc=false,e=null->s=OPEN,api=BLOCKING,sc=false,e=null c=null cb=null w=false
13:18:49.374 [reactor-http-nio-1] DEBUG reactor.netty.http.client.HttpClientOperations - [id: 0x64f82265, L:/127.0.0.1:65016 - R:localhost/127.0.0.1:8080] Received response (auto-read:false) : [Content-Type=application/json, Matched-Stub-Id=04819cf6-d63e-4230-b2df-939dea876b2e, Vary=Accept-Encoding, User-Agent, Transfer-Encoding=chunked, Server=Jetty(9.4.28.v20200408)]
13:18:49.374 [qtp2010498327-84] DEBUG org.eclipse.jetty.server.HttpOutput - close() s=CLOSING,api=BLOCKED,sc=false,e=null c=HeapByteBuffer@137d328[p=0,l=0,c=0,r=0]={<<<>>>} b=Blocker@58cde896{null}
13:18:49.374 [reactor-http-nio-1] DEBUG reactor.netty.resources.PooledConnectionProvider - [id: 0x64f82265, L:/127.0.0.1:65016 - R:localhost/127.0.0.1:8080] onStateChange(POST{uri=/api/v0/components/login, connection=PooledConnection{channel=[id: 0x64f82265, L:/127.0.0.1:65016 - R:localhost/127.0.0.1:8080]}}, [response_received])
13:18:49.374 [qtp2010498327-84] DEBUG org.eclipse.jetty.server.HttpChannel - sendResponse info=null content=HeapByteBuffer@137d328[p=0,l=0,c=0,r=0]={<<<>>>} complete=true committing=false callback=Blocker@58cde896{null}
13:18:49.375 [qtp2010498327-84] DEBUG org.eclipse.jetty.server.HttpConnection - generate: CONTINUE for org.eclipse.jetty.server.HttpConnection$SendCallback@1c401910[PROCESSING][i=null,cb=org.eclipse.jetty.server.HttpChannel$SendCallback@31efa97c] (null,[p=0,l=0,c=0,r=0],true)@COMPLETING
13:18:49.375 [qtp2010498327-84] DEBUG org.eclipse.jetty.server.HttpConnection - generate: NEED_CHUNK for org.eclipse.jetty.server.HttpConnection$SendCallback@1c401910[PROCESSING][i=null,cb=org.eclipse.jetty.server.HttpChannel$SendCallback@31efa97c] (null,[p=0,l=0,c=0,r=0],true)@COMPLETING
13:18:49.375 [reactor-http-nio-1] DEBUG org.springframework.web.reactive.function.client.ExchangeFunctions - [7727cb84] Response 200 OK
13:18:49.375 [qtp2010498327-84] DEBUG org.eclipse.jetty.server.HttpConnection - generate: FLUSH for org.eclipse.jetty.server.HttpConnection$SendCallback@1c401910[PROCESSING][i=null,cb=org.eclipse.jetty.server.HttpChannel$SendCallback@31efa97c] (null,[p=0,l=0,c=0,r=0],true)@COMPLETING
13:18:49.375 [qtp2010498327-84] DEBUG org.eclipse.jetty.io.WriteFlusher - write: WriteFlusher@6d16868{IDLE}->null [HeapByteBuffer@6b996876[p=0,l=7,c=1024,r=7]={<<<\r\n0\r\n\r\n>>>\x00\x00\x00\x00\x00\x00\x00\x00\x00...\x00\x00\x00\x00\x00\x00\x00}]
13:18:49.375 [qtp2010498327-84] DEBUG org.eclipse.jetty.io.WriteFlusher - update WriteFlusher@6d16868{WRITING}->null:IDLE-->WRITING
13:18:49.375 [qtp2010498327-87] DEBUG org.eclipse.jetty.util.thread.ReservedThreadExecutor - ReservedThreadExecutor@1826c076{s=1/1,p=0}@4fc3de35 task=EatWhatYouKill@15c4be73/SelectorProducer@691db8ef/IDLE/p=true/QueuedThreadPool[qtp2010498327]@77d5c517{STARTED,8<=8<=14,i=1,r=1,q=0}[ReservedThreadExecutor@1826c076{s=1/1,p=0}][pc=0,pic=0,pec=1,epc=2]@2020-09-25T13:18:49.375823+02:00
13:18:49.375 [qtp2010498327-87] DEBUG org.eclipse.jetty.util.thread.strategy.EatWhatYouKill - EatWhatYouKill@15c4be73/SelectorProducer@691db8ef/IDLE/p=true/QueuedThreadPool[qtp2010498327]@77d5c517{STARTED,8<=8<=14,i=1,r=1,q=0}[ReservedThreadExecutor@1826c076{s=1/1,p=0}][pc=0,pic=0,pec=1,epc=2]@2020-09-25T13:18:49.375823+02:00 tryProduce true
13:18:49.375 [qtp2010498327-84] DEBUG org.eclipse.jetty.io.ChannelEndPoint - flushed 7 NetworkTrafficSocketChannelEndPoint@4b4ebd9f{/127.0.0.1:65016<->/127.0.0.1:8080,OPEN,fill=-,flush=W,to=0/30000}{io=1/0,kio=1,kro=1}->HttpConnection@17938954[p=HttpParser{s=END,51 of 51},g=HttpGenerator@298f7c7c{s=COMPLETING}]=>HttpChannelOverHttp@535ca91a{s=HttpChannelState@a33489f{s=HANDLING rs=BLOCKING os=COMMITTED is=READY awp=false se=false i=true al=0},r=1,c=false/false,a=HANDLING,uri=//localhost:8080/api/v0/components/login,age=7}
13:18:49.375 [qtp2010498327-84] DEBUG org.eclipse.jetty.io.WriteFlusher - Flushed=true written=7 remaining=0 WriteFlusher@6d16868{WRITING}->null
13:18:49.375 [qtp2010498327-84] DEBUG org.eclipse.jetty.io.WriteFlusher - update WriteFlusher@6d16868{IDLE}->null:WRITING-->IDLE
13:18:49.375 [qtp2010498327-84] DEBUG org.eclipse.jetty.server.HttpConnection - generate: DONE for org.eclipse.jetty.server.HttpConnection$SendCallback@1c401910[PROCESSING][i=null,cb=org.eclipse.jetty.server.HttpChannel$SendCallback@31efa97c] (null,[p=0,l=0,c=0,r=0],true)@END
13:18:49.375 [reactor-http-nio-1] DEBUG reactor.netty.channel.FluxReceive - [id: 0x64f82265, L:/127.0.0.1:65016 - R:localhost/127.0.0.1:8080] Subscribing inbound receiver [pending: 0, cancelled:false, inboundDone: false]
13:18:49.376 [qtp2010498327-84] DEBUG org.eclipse.jetty.server.HttpOutput - onWriteComplete(true,null) s=CLOSING,api=BLOCKED,sc=false,e=null->s=CLOSED,api=BLOCKING,sc=false,e=null c=null cb=null w=false
13:18:49.376 [qtp2010498327-84] DEBUG org.eclipse.jetty.server.Server - handled=true async=false committed=true on HttpChannelOverHttp@535ca91a{s=HttpChannelState@a33489f{s=HANDLING rs=BLOCKING os=COMPLETED is=READY awp=false se=false i=true al=0},r=1,c=false/true,a=HANDLING,uri=//localhost:8080/api/v0/components/login,age=8}
13:18:49.376 [qtp2010498327-84] DEBUG org.eclipse.jetty.server.HttpChannelState - unhandle HttpChannelState@a33489f{s=HANDLING rs=BLOCKING os=COMPLETED is=READY awp=false se=false i=true al=0}
13:18:49.376 [qtp2010498327-84] DEBUG org.eclipse.jetty.server.HttpChannelState - nextAction(false) COMPLETE HttpChannelState@a33489f{s=HANDLING rs=COMPLETING os=COMPLETED is=READY awp=false se=false i=false al=0}
13:18:49.376 [qtp2010498327-84] DEBUG org.eclipse.jetty.server.HttpChannel - action COMPLETE HttpChannelOverHttp@535ca91a{s=HttpChannelState@a33489f{s=HANDLING rs=COMPLETING os=COMPLETED is=READY awp=false se=false i=false al=0},r=1,c=false/true,a=HANDLING,uri=//localhost:8080/api/v0/components/login,age=8}
13:18:49.376 [reactor-http-nio-1] DEBUG reactor.netty.http.client.HttpClientOperations - [id: 0x64f82265, L:/127.0.0.1:65016 - R:localhost/127.0.0.1:8080] Received last HTTP packet
13:18:49.376 [qtp2010498327-84] DEBUG org.eclipse.jetty.server.HttpOutput - complete(org.eclipse.jetty.util.Callback$4@2d7bbec8) s=CLOSED,api=BLOCKING,sc=false,e=null s=true e=null, c=null
13:18:49.376 [qtp2010498327-84] DEBUG org.eclipse.jetty.server.HttpChannelState - completed HttpChannelState@a33489f{s=HANDLING rs=COMPLETING os=COMPLETED is=READY awp=false se=false i=false al=0}
13:18:49.376 [qtp2010498327-84] DEBUG org.eclipse.jetty.server.HttpChannelState - unhandle HttpChannelState@a33489f{s=HANDLING rs=COMPLETED os=COMPLETED is=READY awp=false se=false i=false al=0}
13:18:49.376 [qtp2010498327-84] DEBUG org.eclipse.jetty.server.HttpChannelState - nextAction(false) TERMINATED HttpChannelState@a33489f{s=IDLE rs=COMPLETED os=COMPLETED is=READY awp=false se=false i=false al=0}
13:18:49.376 [qtp2010498327-84] DEBUG org.eclipse.jetty.server.HttpChannel - action TERMINATED HttpChannelOverHttp@535ca91a{s=HttpChannelState@a33489f{s=IDLE rs=COMPLETED os=COMPLETED is=READY awp=false se=false i=false al=0},r=1,c=true/true,a=IDLE,uri=//localhost:8080/api/v0/components/login,age=8}
13:18:49.376 [reactor-http-nio-1] DEBUG org.springframework.core.codec.StringDecoder - [7727cb84] Decoded "{"token":"someToken"}"
13:18:49.376 [qtp2010498327-84] DEBUG org.eclipse.jetty.server.HttpChannel - onCompleted for /api/v0/components/login written=21
13:18:49.376 [qtp2010498327-84] DEBUG org.eclipse.jetty.server.HttpChannelState - recycle HttpChannelState@a33489f{s=IDLE rs=COMPLETED os=COMPLETED is=READY awp=false se=false i=false al=0}
13:18:49.376 [qtp2010498327-84] DEBUG org.eclipse.jetty.http.HttpParser - reset HttpParser{s=END,51 of 51}
13:18:49.376 [qtp2010498327-84] DEBUG org.eclipse.jetty.http.HttpParser - END --> START
13:18:49.376 [qtp2010498327-84] DEBUG org.eclipse.jetty.server.HttpChannel - !handle TERMINATED HttpChannelOverHttp@535ca91a{s=HttpChannelState@a33489f{s=IDLE rs=BLOCKING os=OPEN is=IDLE awp=false se=false i=true al=0},r=1,c=false/false,a=IDLE,uri=null,age=0}
13:18:49.376 [qtp2010498327-84] DEBUG org.eclipse.jetty.io.ChannelEndPoint - filled 0 HeapByteBuffer@70c4892d[p=0,l=0,c=8192,r=0]={<<<>>>HTTP/1.1 ...\x00\x00\x00\x00\x00\x00\x00}
13:18:49.376 [qtp2010498327-84] DEBUG org.eclipse.jetty.io.ChannelEndPoint - filled 0 HeapByteBuffer@70c4892d[p=0,l=0,c=8192,r=0]={<<<>>>HTTP/1.1 ...\x00\x00\x00\x00\x00\x00\x00}
13:18:49.377 [qtp2010498327-84] DEBUG org.eclipse.jetty.server.HttpConnection - HttpConnection@17938954::NetworkTrafficSocketChannelEndPoint@4b4ebd9f{/127.0.0.1:65016<->/127.0.0.1:8080,OPEN,fill=-,flush=-,to=1/30000}{io=1/0,kio=1,kro=1}->HttpConnection@17938954[p=HttpParser{s=START,0 of -1},g=HttpGenerator@298f7c7c{s=START}]=>HttpChannelOverHttp@535ca91a{s=HttpChannelState@a33489f{s=IDLE rs=BLOCKING os=OPEN is=IDLE awp=false se=false i=true al=0},r=1,c=false/false,a=IDLE,uri=null,age=0} filled 0 HeapByteBuffer@70c4892d[p=0,l=0,c=8192,r=0]={<<<>>>HTTP/1.1 ...\x00\x00\x00\x00\x00\x00\x00}
13:18:49.377 [qtp2010498327-84] DEBUG org.eclipse.jetty.server.HttpConnection - HttpConnection@17938954::NetworkTrafficSocketChannelEndPoint@4b4ebd9f{/127.0.0.1:65016<->/127.0.0.1:8080,OPEN,fill=-,flush=-,to=1/30000}{io=1/0,kio=1,kro=1}->HttpConnection@17938954[p=HttpParser{s=START,0 of -1},g=HttpGenerator@298f7c7c{s=START}]=>HttpChannelOverHttp@535ca91a{s=HttpChannelState@a33489f{s=IDLE rs=BLOCKING os=OPEN is=IDLE awp=false se=false i=true al=0},r=1,c=false/false,a=IDLE,uri=null,age=0} parse HeapByteBuffer@70c4892d[p=0,l=0,c=8192,r=0]={<<<>>>HTTP/1.1 ...\x00\x00\x00\x00\x00\x00\x00} {}
13:18:49.377 [qtp2010498327-84] DEBUG org.eclipse.jetty.http.HttpParser - parseNext s=START HeapByteBuffer@70c4892d[p=0,l=0,c=8192,r=0]={<<<>>>HTTP/1.1 ...\x00\x00\x00\x00\x00\x00\x00}
13:18:49.377 [qtp2010498327-84] DEBUG org.eclipse.jetty.server.HttpConnection - HttpConnection@17938954::NetworkTrafficSocketChannelEndPoint@4b4ebd9f{/127.0.0.1:65016<->/127.0.0.1:8080,OPEN,fill=-,flush=-,to=1/30000}{io=1/0,kio=1,kro=1}->HttpConnection@17938954[p=HttpParser{s=START,0 of -1},g=HttpGenerator@298f7c7c{s=START}]=>HttpChannelOverHttp@535ca91a{s=HttpChannelState@a33489f{s=IDLE rs=BLOCKING os=OPEN is=IDLE awp=false se=false i=true al=0},r=1,c=false/false,a=IDLE,uri=null,age=0} parsed false HttpParser{s=START,0 of -1}
13:18:49.377 [reactor-http-nio-1] INFO com.bi.edp.configuration_stack.adapter.client.catalog.CatalogClient - CatalogClient logged successfully
13:18:49.377 [qtp2010498327-84] DEBUG org.eclipse.jetty.server.HttpConnection - releaseRequestBuffer HttpConnection@17938954::NetworkTrafficSocketChannelEndPoint@4b4ebd9f{/127.0.0.1:65016<->/127.0.0.1:8080,OPEN,fill=-,flush=-,to=1/30000}{io=1/0,kio=1,kro=1}->HttpConnection@17938954[p=HttpParser{s=START,0 of -1},g=HttpGenerator@298f7c7c{s=START}]=>HttpChannelOverHttp@535ca91a{s=HttpChannelState@a33489f{s=IDLE rs=BLOCKING os=OPEN is=IDLE awp=false se=false i=true al=0},r=1,c=false/false,a=IDLE,uri=null,age=0}
13:18:49.377 [qtp2010498327-84] DEBUG org.eclipse.jetty.io.AbstractConnection - fillInterested HttpConnection@17938954::NetworkTrafficSocketChannelEndPoint@4b4ebd9f{/127.0.0.1:65016<->/127.0.0.1:8080,OPEN,fill=-,flush=-,to=1/30000}{io=1/0,kio=1,kro=1}->HttpConnection@17938954[p=HttpParser{s=START,0 of -1},g=HttpGenerator@298f7c7c{s=START}]=>HttpChannelOverHttp@535ca91a{s=HttpChannelState@a33489f{s=IDLE rs=BLOCKING os=OPEN is=IDLE awp=false se=false i=true al=0},r=1,c=false/false,a=IDLE,uri=null,age=0}
13:18:49.377 [reactor-http-nio-1] DEBUG reactor.netty.resources.PooledConnectionProvider - [id: 0x64f82265, L:/127.0.0.1:65016 - R:localhost/127.0.0.1:8080] onStateChange(POST{uri=/api/v0/components/login, connection=PooledConnection{channel=[id: 0x64f82265, L:/127.0.0.1:65016 - R:localhost/127.0.0.1:8080]}}, [response_completed])
13:18:49.377 [qtp2010498327-84] DEBUG org.eclipse.jetty.io.FillInterest - interested FillInterest@1f2d142e{AC.ReadCB@17938954{HttpConnection@17938954::NetworkTrafficSocketChannelEndPoint@4b4ebd9f{/127.0.0.1:65016<->/127.0.0.1:8080,OPEN,fill=FI,flush=-,to=0/30000}{io=1/0,kio=1,kro=1}->HttpConnection@17938954[p=HttpParser{s=START,0 of -1},g=HttpGenerator@298f7c7c{s=START}]=>HttpChannelOverHttp@535ca91a{s=HttpChannelState@a33489f{s=IDLE rs=BLOCKING os=OPEN is=IDLE awp=false se=false i=true al=0},r=1,c=false/false,a=IDLE,uri=null,age=0}}}
13:18:49.377 [reactor-http-nio-1] DEBUG reactor.netty.ReactorNetty - [id: 0x64f82265, L:/127.0.0.1:65016 - R:localhost/127.0.0.1:8080] Removed handler: ReadTimeoutHandler, pipeline: DefaultChannelPipeline{(reactor.left.httpCodec = io.netty.handler.codec.http.HttpClientCodec), (WriteTimeoutHandler = io.netty.handler.timeout.WriteTimeoutHandler), (reactor.right.reactiveBridge = reactor.netty.channel.ChannelOperationsHandler)}
13:18:49.377 [reactor-http-nio-1] DEBUG reactor.netty.ReactorNetty - [id: 0x64f82265, L:/127.0.0.1:65016 - R:localhost/127.0.0.1:8080] Removed handler: WriteTimeoutHandler, pipeline: DefaultChannelPipeline{(reactor.left.httpCodec = io.netty.handler.codec.http.HttpClientCodec), (reactor.right.reactiveBridge = reactor.netty.channel.ChannelOperationsHandler)}
13:18:49.377 [reactor-http-nio-1] DEBUG reactor.netty.resources.PooledConnectionProvider - [id: 0x64f82265, L:/127.0.0.1:65016 - R:localhost/127.0.0.1:8080] onStateChange(POST{uri=/api/v0/components/login, connection=PooledConnection{channel=[id: 0x64f82265, L:/127.0.0.1:65016 - R:localhost/127.0.0.1:8080]}}, [disconnecting])
13:18:49.377 [reactor-http-nio-1] DEBUG reactor.netty.resources.PooledConnectionProvider - [id: 0x64f82265, L:/127.0.0.1:65016 - R:localhost/127.0.0.1:8080] Releasing channel
13:18:49.377 [reactor-http-nio-1] DEBUG reactor.netty.resources.PooledConnectionProvider - [id: 0x64f82265, L:/127.0.0.1:65016 - R:localhost/127.0.0.1:8080] Channel cleaned, now 0 active connections and 2 inactive connections
13:18:49.378 [qtp2010498327-84] DEBUG org.eclipse.jetty.io.ChannelEndPoint - changeInterests p=true 0->1 for NetworkTrafficSocketChannelEndPoint@4b4ebd9f{/127.0.0.1:65016<->/127.0.0.1:8080,OPEN,fill=FI,flush=-,to=0/30000}{io=1/1,kio=1,kro=1}->HttpConnection@17938954[p=HttpParser{s=START,0 of -1},g=HttpGenerator@298f7c7c{s=START}]=>HttpChannelOverHttp@535ca91a{s=HttpChannelState@a33489f{s=IDLE rs=BLOCKING os=OPEN is=IDLE awp=false se=false i=true al=0},r=1,c=false/false,a=IDLE,uri=null,age=0}
13:18:49.378 [qtp2010498327-84] DEBUG org.eclipse.jetty.server.HttpConnection - HttpConnection@17938954::NetworkTrafficSocketChannelEndPoint@4b4ebd9f{/127.0.0.1:65016<->/127.0.0.1:8080,OPEN,fill=FI,flush=-,to=0/30000}{io=1/1,kio=1,kro=1}->HttpConnection@17938954[p=HttpParser{s=START,0 of -1},g=HttpGenerator@298f7c7c{s=START}]=>HttpChannelOverHttp@535ca91a{s=HttpChannelState@a33489f{s=IDLE rs=BLOCKING os=OPEN is=IDLE awp=false se=false i=true al=0},r=1,c=false/false,a=IDLE,uri=null,age=0} onFillable exit HttpChannelState@a33489f{s=IDLE rs=BLOCKING os=OPEN is=IDLE awp=false se=false i=true al=0} null
13:18:49.378 [qtp2010498327-84] DEBUG org.eclipse.jetty.io.ManagedSelector - updateable 0
13:18:49.378 [qtp2010498327-84] DEBUG org.eclipse.jetty.io.ManagedSelector - updates 0
13:18:49.378 [qtp2010498327-84] DEBUG org.eclipse.jetty.io.ChannelEndPoint - Key interests updated 1 -> 1 on NetworkTrafficSocketChannelEndPoint@4b4ebd9f{/127.0.0.1:65016<->/127.0.0.1:8080,OPEN,fill=FI,flush=-,to=0/30000}{io=1/1,kio=1,kro=1}->HttpConnection@17938954[p=HttpParser{s=START,0 of -1},g=HttpGenerator@298f7c7c{s=START}]=>HttpChannelOverHttp@535ca91a{s=HttpChannelState@a33489f{s=IDLE rs=BLOCKING os=OPEN is=IDLE awp=false se=false i=true al=0},r=1,c=false/false,a=IDLE,uri=null,age=0}
13:18:49.378 [qtp2010498327-84] DEBUG org.eclipse.jetty.io.ManagedSelector - Selector sun.nio.ch.WindowsSelectorImpl@6af36ac3 waiting with 2 keys
13:18:49.378 [qtp2010498327-87] DEBUG org.eclipse.jetty.util.thread.ReservedThreadExecutor - ReservedThreadExecutor@1826c076{s=1/1,p=0}@4fc3de35 size 1 > capacity
13:18:49.378 [qtp2010498327-87] DEBUG org.eclipse.jetty.util.thread.QueuedThreadPool - ran ReservedThreadExecutor@1826c076{s=1/1,p=0}@4fc3de35 in QueuedThreadPool[qtp2010498327]@77d5c517{STARTED,8<=8<=14,i=1,r=1,q=0}[ReservedThreadExecutor@1826c076{s=1/1,p=0}]
13:18:50.198 [parallel-2] DEBUG org.springframework.web.reactive.function.client.ExchangeFunctions - [5e148028] HTTP GET http://localhost:8080/api/v0/components/products/a75ba316-b0e1-438c-8e6c-a31786431307/questions/hidden
13:18:50.199 [reactor-http-nio-1] DEBUG reactor.netty.resources.PooledConnectionProvider - [id: 0xb181f0de, L:/127.0.0.1:65015 - R:localhost/127.0.0.1:8080] Channel acquired, now 1 active connections and 1 inactive connections
13:18:50.199 [reactor-http-nio-1] DEBUG reactor.netty.ReactorNetty - [id: 0xb181f0de, L:/127.0.0.1:65015 - R:localhost/127.0.0.1:8080] Added decoder [ReadTimeoutHandler] at the end of the user pipeline, full pipeline: [reactor.left.httpCodec, ReadTimeoutHandler, reactor.right.reactiveBridge, DefaultChannelPipeline$TailContext#0]
13:18:50.199 [reactor-http-nio-1] DEBUG reactor.netty.ReactorNetty - [id: 0xb181f0de, L:/127.0.0.1:65015 - R:localhost/127.0.0.1:8080] Added decoder [WriteTimeoutHandler] at the end of the user pipeline, full pipeline: [reactor.left.httpCodec, ReadTimeoutHandler, WriteTimeoutHandler, reactor.right.reactiveBridge, DefaultChannelPipeline$TailContext#0]
13:18:50.199 [reactor-http-nio-1] DEBUG reactor.netty.http.client.HttpClientConnect - [id: 0xb181f0de, L:/127.0.0.1:65015 - R:localhost/127.0.0.1:8080] Handler is being applied: {uri=http://localhost:8080/api/v0/components/products/a75ba316-b0e1-438c-8e6c-a31786431307/questions/hidden, method=GET}
13:18:50.199 [reactor-http-nio-1] DEBUG reactor.netty.resources.PooledConnectionProvider - [id: 0xb181f0de, L:/127.0.0.1:65015 - R:localhost/127.0.0.1:8080] onStateChange(GET{uri=/api/v0/components/products/a75ba316-b0e1-438c-8e6c-a31786431307/questions/hidden, connection=PooledConnection{channel=[id: 0xb181f0de, L:/127.0.0.1:65015 - R:localhost/127.0.0.1:8080]}}, [request_prepared])
13:18:50.201 [qtp2010498327-89] DEBUG org.eclipse.jetty.io.ManagedSelector - Selector sun.nio.ch.WindowsSelectorImpl@453bb545 woken up from select, 1/1/1 selected
13:18:50.201 [qtp2010498327-89] DEBUG org.eclipse.jetty.io.ManagedSelector - Selector sun.nio.ch.WindowsSelectorImpl@453bb545 processing 1 keys, 0 updates
13:18:50.201 [qtp2010498327-89] DEBUG org.eclipse.jetty.io.ManagedSelector - selected 1 channel=java.nio.channels.SocketChannel[connected local=/127.0.0.1:8080 remote=/127.0.0.1:65015], selector=sun.nio.ch.WindowsSelectorImpl@453bb545, interestOps=1, readyOps=1 NetworkTrafficSocketChannelEndPoint@76485a3f{/127.0.0.1:65015<->/127.0.0.1:8080,OPEN,fill=FI,flush=-,to=865/30000}{io=1/1,kio=1,kro=1}->HttpConnection@225cf0bd[p=HttpParser{s=START,0 of -1},g=HttpGenerator@1671df6b{s=START}]=>HttpChannelOverHttp@33a44bf5{s=HttpChannelState@388628c8{s=IDLE rs=BLOCKING os=OPEN is=IDLE awp=false se=false i=true al=0},r=1,c=false/false,a=IDLE,uri=null,age=0} 
13:18:50.201 [qtp2010498327-89] DEBUG org.eclipse.jetty.io.ChannelEndPoint - onSelected 1->0 r=true w=false for NetworkTrafficSocketChannelEndPoint@76485a3f{/127.0.0.1:65015<->/127.0.0.1:8080,OPEN,fill=FI,flush=-,to=865/30000}{io=1/0,kio=1,kro=1}->HttpConnection@225cf0bd[p=HttpParser{s=START,0 of -1},g=HttpGenerator@1671df6b{s=START}]=>HttpChannelOverHttp@33a44bf5{s=HttpChannelState@388628c8{s=IDLE rs=BLOCKING os=OPEN is=IDLE awp=false se=false i=true al=0},r=1,c=false/false,a=IDLE,uri=null,age=0}
13:18:50.201 [reactor-http-nio-1] DEBUG reactor.netty.resources.PooledConnectionProvider - [id: 0xb181f0de, L:/127.0.0.1:65015 - R:localhost/127.0.0.1:8080] onStateChange(GET{uri=/api/v0/components/products/a75ba316-b0e1-438c-8e6c-a31786431307/questions/hidden, connection=PooledConnection{channel=[id: 0xb181f0de, L:/127.0.0.1:65015 - R:localhost/127.0.0.1:8080]}}, [request_sent])
13:18:50.201 [qtp2010498327-89] DEBUG org.eclipse.jetty.io.ChannelEndPoint - task CEP:NetworkTrafficSocketChannelEndPoint@76485a3f{/127.0.0.1:65015<->/127.0.0.1:8080,OPEN,fill=FI,flush=-,to=865/30000}{io=1/0,kio=1,kro=1}->HttpConnection@225cf0bd[p=HttpParser{s=START,0 of -1},g=HttpGenerator@1671df6b{s=START}]=>HttpChannelOverHttp@33a44bf5{s=HttpChannelState@388628c8{s=IDLE rs=BLOCKING os=OPEN is=IDLE awp=false se=false i=true al=0},r=1,c=false/false,a=IDLE,uri=null,age=0}:runFillable:BLOCKING
13:18:50.201 [qtp2010498327-89] DEBUG org.eclipse.jetty.util.thread.ReservedThreadExecutor - ReservedThreadExecutor@1826c076{s=1/1,p=0} tryExecute EatWhatYouKill@30e98985/SelectorProducer@7d5788c3/PRODUCING/p=false/QueuedThreadPool[qtp2010498327]@77d5c517{STARTED,8<=8<=14,i=2,r=1,q=0}[ReservedThreadExecutor@1826c076{s=1/1,p=0}][pc=0,pic=0,pec=0,epc=1]@2020-09-25T13:18:50.2017045+02:00
13:18:50.201 [qtp2010498327-89] DEBUG org.eclipse.jetty.util.thread.ReservedThreadExecutor - ReservedThreadExecutor@1826c076{s=0/1,p=0}@52263f7f offer EatWhatYouKill@30e98985/SelectorProducer@7d5788c3/PRODUCING/p=false/QueuedThreadPool[qtp2010498327]@77d5c517{STARTED,8<=8<=14,i=2,r=1,q=0}[ReservedThreadExecutor@1826c076{s=0/1,p=0}][pc=0,pic=0,pec=0,epc=1]@2020-09-25T13:18:50.2017045+02:00
13:18:50.201 [qtp2010498327-89] DEBUG org.eclipse.jetty.util.thread.ReservedThreadExecutor - ReservedThreadExecutor@1826c076{s=0/1,p=1} startReservedThread p=1
13:18:50.201 [qtp2010498327-89] DEBUG org.eclipse.jetty.util.thread.QueuedThreadPool - queue ReservedThreadExecutor@1826c076{s=0/1,p=1}@70426339 startThread=0
13:18:50.201 [qtp2010498327-89] DEBUG org.eclipse.jetty.util.thread.strategy.EatWhatYouKill - EatWhatYouKill@30e98985/SelectorProducer@7d5788c3/IDLE/p=true/QueuedThreadPool[qtp2010498327]@77d5c517{STARTED,8<=8<=14,i=1,r=1,q=0}[ReservedThreadExecutor@1826c076{s=0/1,p=1}][pc=0,pic=0,pec=0,epc=1]@2020-09-25T13:18:50.2017045+02:00 m=EXECUTE_PRODUCE_CONSUME t=CEP:NetworkTrafficSocketChannelEndPoint@76485a3f{/127.0.0.1:65015<->/127.0.0.1:8080,OPEN,fill=FI,flush=-,to=866/30000}{io=1/0,kio=1,kro=1}->HttpConnection@225cf0bd[p=HttpParser{s=START,0 of -1},g=HttpGenerator@1671df6b{s=START}]=>HttpChannelOverHttp@33a44bf5{s=HttpChannelState@388628c8{s=IDLE rs=BLOCKING os=OPEN is=IDLE awp=false se=false i=true al=0},r=1,c=false/false,a=IDLE,uri=null,age=0}:runFillable:BLOCKING/BLOCKING
13:18:50.202 [qtp2010498327-89] DEBUG org.eclipse.jetty.io.FillInterest - fillable FillInterest@79bc5b3{AC.ReadCB@225cf0bd{HttpConnection@225cf0bd::NetworkTrafficSocketChannelEndPoint@76485a3f{/127.0.0.1:65015<->/127.0.0.1:8080,OPEN,fill=FI,flush=-,to=866/30000}{io=1/0,kio=1,kro=1}->HttpConnection@225cf0bd[p=HttpParser{s=START,0 of -1},g=HttpGenerator@1671df6b{s=START}]=>HttpChannelOverHttp@33a44bf5{s=HttpChannelState@388628c8{s=IDLE rs=BLOCKING os=OPEN is=IDLE awp=false se=false i=true al=0},r=1,c=false/false,a=IDLE,uri=null,age=0}}}
13:18:50.202 [qtp2010498327-89] DEBUG org.eclipse.jetty.server.HttpConnection - HttpConnection@225cf0bd::NetworkTrafficSocketChannelEndPoint@76485a3f{/127.0.0.1:65015<->/127.0.0.1:8080,OPEN,fill=-,flush=-,to=866/30000}{io=1/0,kio=1,kro=1}->HttpConnection@225cf0bd[p=HttpParser{s=START,0 of -1},g=HttpGenerator@1671df6b{s=START}]=>HttpChannelOverHttp@33a44bf5{s=HttpChannelState@388628c8{s=IDLE rs=BLOCKING os=OPEN is=IDLE awp=false se=false i=true al=0},r=1,c=false/false,a=IDLE,uri=null,age=0} onFillable enter HttpChannelState@388628c8{s=IDLE rs=BLOCKING os=OPEN is=IDLE awp=false se=false i=true al=0} null
13:18:50.202 [qtp2010498327-89] DEBUG org.eclipse.jetty.io.ChannelEndPoint - filled 206 HeapByteBuffer@70c4892d[p=0,l=206,c=8192,r=206]={<<<GET /api/v0/components/pr...n: Bearer someToken\r\n\r\n>>>logClient...\x00\x00\x00\x00\x00\x00\x00}
13:18:50.202 [qtp2010498327-89] DEBUG org.eclipse.jetty.server.HttpConnection - HttpConnection@225cf0bd::NetworkTrafficSocketChannelEndPoint@76485a3f{/127.0.0.1:65015<->/127.0.0.1:8080,OPEN,fill=-,flush=-,to=0/30000}{io=1/0,kio=1,kro=1}->HttpConnection@225cf0bd[p=HttpParser{s=START,0 of -1},g=HttpGenerator@1671df6b{s=START}]=>HttpChannelOverHttp@33a44bf5{s=HttpChannelState@388628c8{s=IDLE rs=BLOCKING os=OPEN is=IDLE awp=false se=false i=true al=0},r=1,c=false/false,a=IDLE,uri=null,age=0} filled 206 HeapByteBuffer@70c4892d[p=0,l=206,c=8192,r=206]={<<<GET /api/v0/components/pr...n: Bearer someToken\r\n\r\n>>>logClient...\x00\x00\x00\x00\x00\x00\x00}
13:18:50.202 [qtp2010498327-89] DEBUG org.eclipse.jetty.server.HttpConnection - HttpConnection@225cf0bd::NetworkTrafficSocketChannelEndPoint@76485a3f{/127.0.0.1:65015<->/127.0.0.1:8080,OPEN,fill=-,flush=-,to=0/30000}{io=1/0,kio=1,kro=1}->HttpConnection@225cf0bd[p=HttpParser{s=START,0 of -1},g=HttpGenerator@1671df6b{s=START}]=>HttpChannelOverHttp@33a44bf5{s=HttpChannelState@388628c8{s=IDLE rs=BLOCKING os=OPEN is=IDLE awp=false se=false i=true al=0},r=1,c=false/false,a=IDLE,uri=null,age=0} parse HeapByteBuffer@70c4892d[p=0,l=206,c=8192,r=206]={<<<GET /api/v0/components/pr...n: Bearer someToken\r\n\r\n>>>logClient...\x00\x00\x00\x00\x00\x00\x00} {}
13:18:50.202 [qtp2010498327-89] DEBUG org.eclipse.jetty.http.HttpParser - parseNext s=START HeapByteBuffer@70c4892d[p=0,l=206,c=8192,r=206]={<<<GET /api/v0/components/pr...n: Bearer someToken\r\n\r\n>>>logClient...\x00\x00\x00\x00\x00\x00\x00}
13:18:50.202 [qtp2010498327-89] DEBUG org.eclipse.jetty.http.HttpParser - START --> SPACE1
13:18:50.202 [qtp2010498327-89] DEBUG org.eclipse.jetty.http.HttpParser - SPACE1 --> URI
13:18:50.202 [qtp2010498327-89] DEBUG org.eclipse.jetty.http.HttpParser - URI --> SPACE2
13:18:50.202 [qtp2010498327-89] DEBUG org.eclipse.jetty.http.HttpParser - SPACE2 --> REQUEST_VERSION
13:18:50.202 [qtp2010498327-89] DEBUG org.eclipse.jetty.http.HttpParser - REQUEST_VERSION --> HEADER
13:18:50.202 [qtp2010498327-89] DEBUG org.eclipse.jetty.http.HttpParser - HEADER:User-Agent: ReactorNetty/0.9.7.RELEASE --> IN_VALUE
13:18:50.202 [qtp2010498327-89] DEBUG org.eclipse.jetty.http.HttpParser - HEADER:User-Agent: ReactorNetty/0.9.7.RELEASE --> FIELD
13:18:50.202 [qtp2010498327-89] DEBUG org.eclipse.jetty.http.HttpParser - HEADER:Host: localhost:8080 --> IN_VALUE
13:18:50.202 [qtp2010498327-89] DEBUG org.eclipse.jetty.http.HttpParser - HEADER:Host: localhost:8080 --> FIELD
13:18:50.202 [qtp2010498327-89] DEBUG org.eclipse.jetty.http.HttpParser - HEADER:Accept: */* --> IN_VALUE
13:18:50.202 [qtp2010498327-89] DEBUG org.eclipse.jetty.http.HttpParser - HEADER:Accept: */* --> FIELD
13:18:50.202 [qtp2010498327-89] DEBUG org.eclipse.jetty.http.HttpParser - HEADER:Authorization --> IN_VALUE
13:18:50.202 [qtp2010498327-89] DEBUG org.eclipse.jetty.http.HttpParser - HEADER:Authorization --> FIELD
13:18:50.202 [qtp2010498327-89] DEBUG org.eclipse.jetty.http.HttpParser - HEADER --> CONTENT
13:18:50.203 [qtp2010498327-89] DEBUG org.eclipse.jetty.server.HttpChannel - REQUEST for //localhost:8080/api/v0/components/products/a75ba316-b0e1-438c-8e6c-a31786431307/questions/hidden on HttpChannelOverHttp@33a44bf5{s=HttpChannelState@388628c8{s=IDLE rs=BLOCKING os=OPEN is=IDLE awp=false se=false i=true al=0},r=2,c=false/false,a=IDLE,uri=//localhost:8080/api/v0/components/products/a75ba316-b0e1-438c-8e6c-a31786431307/questions/hidden,age=1}
GET //localhost:8080/api/v0/components/products/a75ba316-b0e1-438c-8e6c-a31786431307/questions/hidden HTTP/1.1
User-Agent: ReactorNetty/0.9.7.RELEASE
Host: localhost:8080
Accept: */*
Authorization: Bearer someToken


13:18:50.203 [qtp2010498327-89] DEBUG org.eclipse.jetty.server.HttpConnection - HttpConnection@225cf0bd::NetworkTrafficSocketChannelEndPoint@76485a3f{/127.0.0.1:65015<->/127.0.0.1:8080,OPEN,fill=-,flush=-,to=0/30000}{io=1/0,kio=1,kro=1}->HttpConnection@225cf0bd[p=HttpParser{s=CONTENT,0 of -1},g=HttpGenerator@1671df6b{s=START}]=>HttpChannelOverHttp@33a44bf5{s=HttpChannelState@388628c8{s=IDLE rs=BLOCKING os=OPEN is=IDLE awp=false se=false i=true al=0},r=2,c=false/false,a=IDLE,uri=//localhost:8080/api/v0/components/products/a75ba316-b0e1-438c-8e6c-a31786431307/questions/hidden,age=1} parsed true HttpParser{s=CONTENT,0 of -1}
13:18:50.203 [qtp2010498327-89] DEBUG org.eclipse.jetty.server.HttpConnection - releaseRequestBuffer HttpConnection@225cf0bd::NetworkTrafficSocketChannelEndPoint@76485a3f{/127.0.0.1:65015<->/127.0.0.1:8080,OPEN,fill=-,flush=-,to=0/30000}{io=1/0,kio=1,kro=1}->HttpConnection@225cf0bd[p=HttpParser{s=CONTENT,0 of -1},g=HttpGenerator@1671df6b{s=START}]=>HttpChannelOverHttp@33a44bf5{s=HttpChannelState@388628c8{s=IDLE rs=BLOCKING os=OPEN is=IDLE awp=false se=false i=true al=0},r=2,c=false/false,a=IDLE,uri=//localhost:8080/api/v0/components/products/a75ba316-b0e1-438c-8e6c-a31786431307/questions/hidden,age=1}
13:18:50.203 [qtp2010498327-89] DEBUG org.eclipse.jetty.server.HttpChannel - handle //localhost:8080/api/v0/components/products/a75ba316-b0e1-438c-8e6c-a31786431307/questions/hidden HttpChannelOverHttp@33a44bf5{s=HttpChannelState@388628c8{s=IDLE rs=BLOCKING os=OPEN is=IDLE awp=false se=false i=true al=0},r=2,c=false/false,a=IDLE,uri=//localhost:8080/api/v0/components/products/a75ba316-b0e1-438c-8e6c-a31786431307/questions/hidden,age=1} 
13:18:50.203 [qtp2010498327-89] DEBUG org.eclipse.jetty.server.HttpChannelState - handling HttpChannelState@388628c8{s=IDLE rs=BLOCKING os=OPEN is=IDLE awp=false se=false i=true al=0}
13:18:50.203 [qtp2010498327-89] DEBUG org.eclipse.jetty.server.HttpChannel - action DISPATCH HttpChannelOverHttp@33a44bf5{s=HttpChannelState@388628c8{s=HANDLING rs=BLOCKING os=OPEN is=IDLE awp=false se=false i=true al=0},r=2,c=false/false,a=HANDLING,uri=//localhost:8080/api/v0/components/products/a75ba316-b0e1-438c-8e6c-a31786431307/questions/hidden,age=1}
13:18:50.203 [qtp2010498327-89] DEBUG org.eclipse.jetty.server.Server - REQUEST GET /api/v0/components/products/a75ba316-b0e1-438c-8e6c-a31786431307/questions/hidden on HttpChannelOverHttp@33a44bf5{s=HttpChannelState@388628c8{s=HANDLING rs=BLOCKING os=OPEN is=IDLE awp=false se=false i=true al=0},r=2,c=false/false,a=HANDLING,uri=//localhost:8080/api/v0/components/products/a75ba316-b0e1-438c-8e6c-a31786431307/questions/hidden,age=1}
13:18:50.203 [qtp2010498327-89] DEBUG org.eclipse.jetty.server.handler.ContextHandler - scope null||/api/v0/components/products/a75ba316-b0e1-438c-8e6c-a31786431307/questions/hidden @ o.e.j.s.ServletContextHandler@3f5d4750{/__admin,null,AVAILABLE}
13:18:50.203 [qtp2010498327-89] DEBUG org.eclipse.jetty.server.handler.gzip.GzipHandler - GzipHandler@34f0fdaa{STARTED,min=32,inflate=-1} handle Request(GET //localhost:8080/api/v0/components/products/a75ba316-b0e1-438c-8e6c-a31786431307/questions/hidden)@ac159a9 in null
13:18:50.203 [qtp2010498327-89] DEBUG org.eclipse.jetty.server.handler.ContextHandler - scope null||/api/v0/components/products/a75ba316-b0e1-438c-8e6c-a31786431307/questions/hidden @ o.e.j.s.ServletContextHandler@301dacc2{/,null,AVAILABLE}
13:18:50.203 [qtp2010498327-89] DEBUG org.eclipse.jetty.server.handler.ContextHandler - context=||/api/v0/components/products/a75ba316-b0e1-438c-8e6c-a31786431307/questions/hidden @ o.e.j.s.ServletContextHandler@301dacc2{/,null,AVAILABLE}
13:18:50.203 [qtp2010498327-89] DEBUG org.eclipse.jetty.servlet.ServletHandler - servlet |/api/v0/components/products/a75ba316-b0e1-438c-8e6c-a31786431307/questions/hidden|null -> com.github.tomakehurst.wiremock.servlet.WireMockHandlerDispatchingServlet-227125ab@5e00e38c==com.github.tomakehurst.wiremock.servlet.WireMockHandlerDispatchingServlet,jsp=null,order=-1,inst=true,async=true
13:18:50.203 [qtp2010498327-89] DEBUG org.eclipse.jetty.servlet.ServletHandler - chain=org.eclipse.jetty.servlets.CrossOriginFilter-728ed8c8@728ed8c8==org.eclipse.jetty.servlets.CrossOriginFilter,inst=true,async=true->com.github.tomakehurst.wiremock.servlet.WireMockHandlerDispatchingServlet-227125ab@5e00e38c==com.github.tomakehurst.wiremock.servlet.WireMockHandlerDispatchingServlet,jsp=null,order=-1,inst=true,async=true
13:18:50.203 [qtp2010498327-89] DEBUG org.eclipse.jetty.servlet.ServletHandler - call filter org.eclipse.jetty.servlets.CrossOriginFilter-728ed8c8@728ed8c8==org.eclipse.jetty.servlets.CrossOriginFilter,inst=true,async=true
13:18:50.203 [qtp2010498327-89] DEBUG org.eclipse.jetty.servlet.ServletHandler - call servlet com.github.tomakehurst.wiremock.servlet.WireMockHandlerDispatchingServlet-227125ab@5e00e38c==com.github.tomakehurst.wiremock.servlet.WireMockHandlerDispatchingServlet,jsp=null,order=-1,inst=true,async=true
13:18:50.204 [qtp2010498327-89] DEBUG org.eclipse.jetty.io.ChannelEndPoint - filled 0 HeapByteBuffer@70c4892d[p=0,l=0,c=8192,r=0]={<<<>>>GET /api/...\x00\x00\x00\x00\x00\x00\x00}
13:18:50.204 [qtp2010498327-89] DEBUG org.eclipse.jetty.io.ChannelEndPoint - filled 0 HeapByteBuffer@70c4892d[p=0,l=0,c=8192,r=0]={<<<>>>GET /api/...\x00\x00\x00\x00\x00\x00\x00}
13:18:50.204 [qtp2010498327-89] DEBUG org.eclipse.jetty.server.HttpConnection - HttpConnection@225cf0bd::NetworkTrafficSocketChannelEndPoint@76485a3f{/127.0.0.1:65015<->/127.0.0.1:8080,OPEN,fill=-,flush=-,to=2/30000}{io=1/0,kio=1,kro=1}->HttpConnection@225cf0bd[p=HttpParser{s=CONTENT,0 of -1},g=HttpGenerator@1671df6b{s=START}]=>HttpChannelOverHttp@33a44bf5{s=HttpChannelState@388628c8{s=HANDLING rs=BLOCKING os=OPEN is=IDLE awp=false se=false i=true al=0},r=2,c=false/false,a=HANDLING,uri=//localhost:8080/api/v0/components/products/a75ba316-b0e1-438c-8e6c-a31786431307/questions/hidden,age=2} filled 0 HeapByteBuffer@70c4892d[p=0,l=0,c=8192,r=0]={<<<>>>GET /api/...\x00\x00\x00\x00\x00\x00\x00}
13:18:50.204 [qtp2010498327-89] DEBUG org.eclipse.jetty.server.HttpConnection - HttpConnection@225cf0bd::NetworkTrafficSocketChannelEndPoint@76485a3f{/127.0.0.1:65015<->/127.0.0.1:8080,OPEN,fill=-,flush=-,to=2/30000}{io=1/0,kio=1,kro=1}->HttpConnection@225cf0bd[p=HttpParser{s=CONTENT,0 of -1},g=HttpGenerator@1671df6b{s=START}]=>HttpChannelOverHttp@33a44bf5{s=HttpChannelState@388628c8{s=HANDLING rs=BLOCKING os=OPEN is=IDLE awp=false se=false i=true al=0},r=2,c=false/false,a=HANDLING,uri=//localhost:8080/api/v0/components/products/a75ba316-b0e1-438c-8e6c-a31786431307/questions/hidden,age=2} parse HeapByteBuffer@70c4892d[p=0,l=0,c=8192,r=0]={<<<>>>GET /api/...\x00\x00\x00\x00\x00\x00\x00} {}
13:18:50.204 [qtp2010498327-89] DEBUG org.eclipse.jetty.http.HttpParser - parseNext s=CONTENT HeapByteBuffer@70c4892d[p=0,l=0,c=8192,r=0]={<<<>>>GET /api/...\x00\x00\x00\x00\x00\x00\x00}
13:18:50.204 [qtp2010498327-89] DEBUG org.eclipse.jetty.http.HttpParser - CONTENT --> CONTENT_END
13:18:50.205 [qtp2010498327-89] DEBUG org.eclipse.jetty.server.HttpChannel - onContentComplete HttpChannelOverHttp@33a44bf5{s=HttpChannelState@388628c8{s=HANDLING rs=BLOCKING os=OPEN is=IDLE awp=false se=false i=true al=0},r=2,c=false/false,a=HANDLING,uri=//localhost:8080/api/v0/components/products/a75ba316-b0e1-438c-8e6c-a31786431307/questions/hidden,age=3}
13:18:50.205 [qtp2010498327-89] DEBUG org.eclipse.jetty.http.HttpParser - CONTENT_END --> END
13:18:50.205 [qtp2010498327-89] DEBUG org.eclipse.jetty.server.HttpChannel - onRequestComplete HttpChannelOverHttp@33a44bf5{s=HttpChannelState@388628c8{s=HANDLING rs=BLOCKING os=OPEN is=IDLE awp=false se=false i=true al=0},r=2,c=false/false,a=HANDLING,uri=//localhost:8080/api/v0/components/products/a75ba316-b0e1-438c-8e6c-a31786431307/questions/hidden,age=3}
13:18:50.205 [qtp2010498327-89] DEBUG org.eclipse.jetty.server.HttpInput - HttpInputOverHTTP@3b81f531[c=0,q=0,[0]=null,s=STREAM] addContent EOF
13:18:50.205 [qtp2010498327-89] DEBUG org.eclipse.jetty.server.HttpConnection - HttpConnection@225cf0bd::NetworkTrafficSocketChannelEndPoint@76485a3f{/127.0.0.1:65015<->/127.0.0.1:8080,OPEN,fill=-,flush=-,to=2/30000}{io=1/0,kio=1,kro=1}->HttpConnection@225cf0bd[p=HttpParser{s=END,0 of -1},g=HttpGenerator@1671df6b{s=START}]=>HttpChannelOverHttp@33a44bf5{s=HttpChannelState@388628c8{s=HANDLING rs=BLOCKING os=OPEN is=IDLE awp=false se=false i=true al=0},r=2,c=false/false,a=HANDLING,uri=//localhost:8080/api/v0/components/products/a75ba316-b0e1-438c-8e6c-a31786431307/questions/hidden,age=3} parsed false HttpParser{s=END,0 of -1}
13:18:50.205 [qtp2010498327-89] DEBUG org.eclipse.jetty.server.HttpConnection - releaseRequestBuffer HttpConnection@225cf0bd::NetworkTrafficSocketChannelEndPoint@76485a3f{/127.0.0.1:65015<->/127.0.0.1:8080,OPEN,fill=-,flush=-,to=2/30000}{io=1/0,kio=1,kro=1}->HttpConnection@225cf0bd[p=HttpParser{s=END,0 of -1},g=HttpGenerator@1671df6b{s=START}]=>HttpChannelOverHttp@33a44bf5{s=HttpChannelState@388628c8{s=HANDLING rs=BLOCKING os=OPEN is=IDLE awp=false se=false i=true al=0},r=2,c=false/false,a=HANDLING,uri=//localhost:8080/api/v0/components/products/a75ba316-b0e1-438c-8e6c-a31786431307/questions/hidden,age=3}
13:18:50.205 [qtp2010498327-89] DEBUG org.eclipse.jetty.server.HttpChannelState - onEof HttpChannelState@388628c8{s=HANDLING rs=BLOCKING os=OPEN is=IDLE awp=false se=false i=true al=0}
13:18:50.206 [qtp2010498327-90] DEBUG org.eclipse.jetty.util.thread.ReservedThreadExecutor - ReservedThreadExecutor@1826c076{s=0/1,p=1}@52263f7f task=EatWhatYouKill@30e98985/SelectorProducer@7d5788c3/IDLE/p=true/QueuedThreadPool[qtp2010498327]@77d5c517{STARTED,8<=8<=14,i=1,r=1,q=0}[ReservedThreadExecutor@1826c076{s=0/1,p=1}][pc=0,pic=0,pec=0,epc=2]@2020-09-25T13:18:50.2067066+02:00
13:18:50.207 [qtp2010498327-90] DEBUG org.eclipse.jetty.util.thread.strategy.EatWhatYouKill - EatWhatYouKill@30e98985/SelectorProducer@7d5788c3/IDLE/p=true/QueuedThreadPool[qtp2010498327]@77d5c517{STARTED,8<=8<=14,i=1,r=1,q=0}[ReservedThreadExecutor@1826c076{s=0/1,p=1}][pc=0,pic=0,pec=0,epc=2]@2020-09-25T13:18:50.2077058+02:00 tryProduce true
13:18:50.207 [qtp2010498327-90] DEBUG org.eclipse.jetty.io.ManagedSelector - updateable 0
13:18:50.207 [qtp2010498327-90] DEBUG org.eclipse.jetty.io.ManagedSelector - updates 0
13:18:50.207 [qtp2010498327-90] DEBUG org.eclipse.jetty.io.ChannelEndPoint - Key interests updated 1 -> 0 on NetworkTrafficSocketChannelEndPoint@76485a3f{/127.0.0.1:65015<->/127.0.0.1:8080,OPEN,fill=-,flush=-,to=4/30000}{io=0/0,kio=0,kro=1}->HttpConnection@225cf0bd[p=HttpParser{s=END,0 of -1},g=HttpGenerator@1671df6b{s=START}]=>HttpChannelOverHttp@33a44bf5{s=HttpChannelState@388628c8{s=HANDLING rs=BLOCKING os=OPEN is=READY awp=false se=false i=true al=0},r=2,c=false/false,a=HANDLING,uri=//localhost:8080/api/v0/components/products/a75ba316-b0e1-438c-8e6c-a31786431307/questions/hidden,age=5}
13:18:50.207 [qtp2010498327-90] DEBUG org.eclipse.jetty.io.ManagedSelector - Selector sun.nio.ch.WindowsSelectorImpl@453bb545 waiting with 1 keys
13:18:50.207 [qtp2010498327-87] DEBUG org.eclipse.jetty.util.thread.QueuedThreadPool - run ReservedThreadExecutor@1826c076{s=0/1,p=1}@70426339 in QueuedThreadPool[qtp2010498327]@77d5c517{STARTED,8<=8<=14,i=1,r=1,q=0}[ReservedThreadExecutor@1826c076{s=0/1,p=1}]
13:18:50.207 [qtp2010498327-87] DEBUG org.eclipse.jetty.util.thread.ReservedThreadExecutor - ReservedThreadExecutor@1826c076{s=1/1,p=1}@70426339 started
13:18:50.207 [qtp2010498327-87] DEBUG org.eclipse.jetty.util.thread.ReservedThreadExecutor - ReservedThreadExecutor@1826c076{s=1/1,p=0}@70426339 waiting
13:18:50.209 [qtp2010498327-89] DEBUG org.eclipse.jetty.server.HttpOutput - write(array HeapByteBuffer@7e859341[p=0,l=37,c=8192,r=37]={<<<{"DELETE":{},"BUILD":{"VAR1":"TEST"}}>>>\x00\x00\x00\x00\x00\x00\x00\x00\x00...\x00\x00\x00\x00\x00\x00\x00})
13:18:50.209 [qtp2010498327-89] DEBUG org.eclipse.jetty.server.HttpOutput - write(array) s=OPEN,api=BLOCKING,sc=false,e=null aggregated !flush HeapByteBuffer@4b218864[p=0,l=37,c=32768,r=37]={<<<{"DELETE":{},"BUILD":{"VAR1":"TEST"}}>>>\x00\x00\x00\x00\x00\x00\x00\x00\x00...\x00\x00\x00\x00\x00\x00\x00}
13:18:50.209 [qtp2010498327-89] DEBUG org.eclipse.jetty.server.handler.gzip.GzipHandler - GzipHandler@34f0fdaa{STARTED,min=32,inflate=-1} excluded not gzip accept Request(GET //localhost:8080/api/v0/components/products/a75ba316-b0e1-438c-8e6c-a31786431307/questions/hidden)@ac159a9
13:18:50.209 [qtp2010498327-89] DEBUG org.eclipse.jetty.server.handler.gzip.GzipHttpOutputInterceptor - org.eclipse.jetty.server.handler.gzip.GzipHttpOutputInterceptor@7aba0849 exclude no deflater
13:18:50.209 [qtp2010498327-89] DEBUG org.eclipse.jetty.server.HttpChannel - sendResponse info=null content=HeapByteBuffer@4b218864[p=0,l=37,c=32768,r=37]={<<<{"DELETE":{},"BUILD":{"VAR1":"TEST"}}>>>\x00\x00\x00\x00\x00\x00\x00\x00\x00...\x00\x00\x00\x00\x00\x00\x00} complete=false committing=true callback=Blocker@6aeea6e6{null}
13:18:50.209 [qtp2010498327-89] DEBUG org.eclipse.jetty.server.HttpChannel - COMMIT for /api/v0/components/products/a75ba316-b0e1-438c-8e6c-a31786431307/questions/hidden on HttpChannelOverHttp@33a44bf5{s=HttpChannelState@388628c8{s=HANDLING rs=BLOCKING os=COMMITTED is=READY awp=false se=false i=true al=0},r=2,c=false/false,a=HANDLING,uri=//localhost:8080/api/v0/components/products/a75ba316-b0e1-438c-8e6c-a31786431307/questions/hidden,age=7}
200 null HTTP/1.1
Content-Type: application/json
Matched-Stub-Id: 8eda29d7-a614-4cc9-b1d6-40921dd24c4d
Vary: Accept-Encoding, User-Agent


13:18:50.209 [qtp2010498327-89] DEBUG org.eclipse.jetty.server.HttpConnection - generate: NEED_HEADER for org.eclipse.jetty.server.HttpConnection$SendCallback@3a574e8e[PROCESSING][i=HTTP/1.1{s=200,h=3,cl=-1},cb=org.eclipse.jetty.server.HttpChannel$SendCallback@3fb8997a] (null,[p=0,l=37,c=32768,r=37],false)@START
13:18:50.210 [qtp2010498327-89] DEBUG org.eclipse.jetty.http.HttpGenerator - generateHeaders HTTP/1.1{s=200,h=3,cl=-1} last=false content=HeapByteBuffer@4b218864[p=0,l=37,c=32768,r=37]={<<<{"DELETE":{},"BUILD":{"VAR1":"TEST"}}>>>\x00\x00\x00\x00\x00\x00\x00\x00\x00...\x00\x00\x00\x00\x00\x00\x00}
13:18:50.210 [qtp2010498327-89] DEBUG org.eclipse.jetty.http.HttpGenerator - Content-Type: application/json
Matched-Stub-Id: 8eda29d7-a614-4cc9-b1d6-40921dd24c4d
Vary: Accept-Encoding, User-Agent


13:18:50.210 [qtp2010498327-89] DEBUG org.eclipse.jetty.http.HttpGenerator - CHUNKED_CONTENT
13:18:50.210 [qtp2010498327-89] DEBUG org.eclipse.jetty.server.HttpConnection - generate: FLUSH for org.eclipse.jetty.server.HttpConnection$SendCallback@3a574e8e[PROCESSING][i=HTTP/1.1{s=200,h=3,cl=-1},cb=org.eclipse.jetty.server.HttpChannel$SendCallback@3fb8997a] ([p=0,l=206,c=8192,r=206],[p=0,l=37,c=32768,r=37],false)@COMMITTED
13:18:50.210 [qtp2010498327-89] DEBUG org.eclipse.jetty.io.WriteFlusher - write: WriteFlusher@71e669e5{IDLE}->null [HeapByteBuffer@70c4892d[p=0,l=206,c=8192,r=206]={<<<HTTP/1.1 200 OK\r\nContent-...4.28.v20200408)\r\n\r\n25\r\n>>>logClient...\x00\x00\x00\x00\x00\x00\x00},HeapByteBuffer@4b218864[p=0,l=37,c=32768,r=37]={<<<{"DELETE":{},"BUILD":{"VAR1":"TEST"}}>>>\x00\x00\x00\x00\x00\x00\x00\x00\x00...\x00\x00\x00\x00\x00\x00\x00}]
13:18:50.210 [qtp2010498327-89] DEBUG org.eclipse.jetty.io.WriteFlusher - update WriteFlusher@71e669e5{WRITING}->null:IDLE-->WRITING
13:18:50.210 [qtp2010498327-89] DEBUG org.eclipse.jetty.io.ChannelEndPoint - flushed 206 NetworkTrafficSocketChannelEndPoint@76485a3f{/127.0.0.1:65015<->/127.0.0.1:8080,OPEN,fill=-,flush=W,to=8/30000}{io=0/0,kio=0,kro=1}->HttpConnection@225cf0bd[p=HttpParser{s=END,0 of -1},g=HttpGenerator@1671df6b{s=COMMITTED}]=>HttpChannelOverHttp@33a44bf5{s=HttpChannelState@388628c8{s=HANDLING rs=BLOCKING os=COMMITTED is=READY awp=false se=false i=true al=0},r=2,c=false/false,a=HANDLING,uri=//localhost:8080/api/v0/components/products/a75ba316-b0e1-438c-8e6c-a31786431307/questions/hidden,age=8}
13:18:50.210 [qtp2010498327-89] DEBUG org.eclipse.jetty.io.ChannelEndPoint - flushed 37 NetworkTrafficSocketChannelEndPoint@76485a3f{/127.0.0.1:65015<->/127.0.0.1:8080,OPEN,fill=-,flush=W,to=0/30000}{io=0/0,kio=0,kro=1}->HttpConnection@225cf0bd[p=HttpParser{s=END,0 of -1},g=HttpGenerator@1671df6b{s=COMMITTED}]=>HttpChannelOverHttp@33a44bf5{s=HttpChannelState@388628c8{s=HANDLING rs=BLOCKING os=COMMITTED is=READY awp=false se=false i=true al=0},r=2,c=false/false,a=HANDLING,uri=//localhost:8080/api/v0/components/products/a75ba316-b0e1-438c-8e6c-a31786431307/questions/hidden,age=8}
13:18:50.210 [qtp2010498327-89] DEBUG org.eclipse.jetty.io.WriteFlusher - Flushed=true written=243 remaining=0 WriteFlusher@71e669e5{WRITING}->null
13:18:50.210 [qtp2010498327-89] DEBUG org.eclipse.jetty.io.WriteFlusher - update WriteFlusher@71e669e5{IDLE}->null:WRITING-->IDLE
13:18:50.210 [qtp2010498327-89] DEBUG org.eclipse.jetty.server.HttpConnection - generate: DONE for org.eclipse.jetty.server.HttpConnection$SendCallback@3a574e8e[PROCESSING][i=HTTP/1.1{s=200,h=3,cl=-1},cb=org.eclipse.jetty.server.HttpChannel$SendCallback@3fb8997a] ([p=206,l=206,c=8192,r=0],[p=37,l=37,c=32768,r=0],false)@COMMITTED
13:18:50.211 [qtp2010498327-89] DEBUG org.eclipse.jetty.server.HttpOutput - onWriteComplete(false,null) s=OPEN,api=BLOCKED,sc=false,e=null->s=OPEN,api=BLOCKING,sc=false,e=null c=null cb=null w=false
13:18:50.211 [qtp2010498327-89] DEBUG org.eclipse.jetty.server.HttpOutput - close() s=CLOSING,api=BLOCKED,sc=false,e=null c=HeapByteBuffer@137d328[p=0,l=0,c=0,r=0]={<<<>>>} b=Blocker@6aeea6e6{null}
13:18:50.211 [qtp2010498327-89] DEBUG org.eclipse.jetty.server.HttpChannel - sendResponse info=null content=HeapByteBuffer@137d328[p=0,l=0,c=0,r=0]={<<<>>>} complete=true committing=false callback=Blocker@6aeea6e6{null}
13:18:50.211 [qtp2010498327-89] DEBUG org.eclipse.jetty.server.HttpConnection - generate: CONTINUE for org.eclipse.jetty.server.HttpConnection$SendCallback@3a574e8e[PROCESSING][i=null,cb=org.eclipse.jetty.server.HttpChannel$SendCallback@5c807e1f] (null,[p=0,l=0,c=0,r=0],true)@COMPLETING
13:18:50.211 [qtp2010498327-89] DEBUG org.eclipse.jetty.server.HttpConnection - generate: NEED_CHUNK for org.eclipse.jetty.server.HttpConnection$SendCallback@3a574e8e[PROCESSING][i=null,cb=org.eclipse.jetty.server.HttpChannel$SendCallback@5c807e1f] (null,[p=0,l=0,c=0,r=0],true)@COMPLETING
13:18:50.211 [qtp2010498327-89] DEBUG org.eclipse.jetty.server.HttpConnection - generate: FLUSH for org.eclipse.jetty.server.HttpConnection$SendCallback@3a574e8e[PROCESSING][i=null,cb=org.eclipse.jetty.server.HttpChannel$SendCallback@5c807e1f] (null,[p=0,l=0,c=0,r=0],true)@COMPLETING
13:18:50.211 [qtp2010498327-89] DEBUG org.eclipse.jetty.io.WriteFlusher - write: WriteFlusher@71e669e5{IDLE}->null [HeapByteBuffer@6b996876[p=0,l=7,c=1024,r=7]={<<<\r\n0\r\n\r\n>>>\x00\x00\x00\x00\x00\x00\x00\x00\x00...\x00\x00\x00\x00\x00\x00\x00}]
13:18:50.211 [qtp2010498327-89] DEBUG org.eclipse.jetty.io.WriteFlusher - update WriteFlusher@71e669e5{WRITING}->null:IDLE-->WRITING
13:18:50.211 [qtp2010498327-89] DEBUG org.eclipse.jetty.io.ChannelEndPoint - flushed 7 NetworkTrafficSocketChannelEndPoint@76485a3f{/127.0.0.1:65015<->/127.0.0.1:8080,OPEN,fill=-,flush=W,to=0/30000}{io=0/0,kio=0,kro=1}->HttpConnection@225cf0bd[p=HttpParser{s=END,0 of -1},g=HttpGenerator@1671df6b{s=COMPLETING}]=>HttpChannelOverHttp@33a44bf5{s=HttpChannelState@388628c8{s=HANDLING rs=BLOCKING os=COMMITTED is=READY awp=false se=false i=true al=0},r=2,c=false/false,a=HANDLING,uri=//localhost:8080/api/v0/components/products/a75ba316-b0e1-438c-8e6c-a31786431307/questions/hidden,age=9}
13:18:50.211 [qtp2010498327-89] DEBUG org.eclipse.jetty.io.WriteFlusher - Flushed=true written=7 remaining=0 WriteFlusher@71e669e5{WRITING}->null
13:18:50.211 [qtp2010498327-89] DEBUG org.eclipse.jetty.io.WriteFlusher - update WriteFlusher@71e669e5{IDLE}->null:WRITING-->IDLE
13:18:50.211 [qtp2010498327-89] DEBUG org.eclipse.jetty.server.HttpConnection - generate: DONE for org.eclipse.jetty.server.HttpConnection$SendCallback@3a574e8e[PROCESSING][i=null,cb=org.eclipse.jetty.server.HttpChannel$SendCallback@5c807e1f] (null,[p=0,l=0,c=0,r=0],true)@END
13:18:50.211 [qtp2010498327-89] DEBUG org.eclipse.jetty.server.HttpOutput - onWriteComplete(true,null) s=CLOSING,api=BLOCKED,sc=false,e=null->s=CLOSED,api=BLOCKING,sc=false,e=null c=null cb=null w=false
13:18:50.211 [qtp2010498327-89] DEBUG org.eclipse.jetty.server.Server - handled=true async=false committed=true on HttpChannelOverHttp@33a44bf5{s=HttpChannelState@388628c8{s=HANDLING rs=BLOCKING os=COMPLETED is=READY awp=false se=false i=true al=0},r=2,c=false/true,a=HANDLING,uri=//localhost:8080/api/v0/components/products/a75ba316-b0e1-438c-8e6c-a31786431307/questions/hidden,age=9}
13:18:50.211 [qtp2010498327-89] DEBUG org.eclipse.jetty.server.HttpChannelState - unhandle HttpChannelState@388628c8{s=HANDLING rs=BLOCKING os=COMPLETED is=READY awp=false se=false i=true al=0}
13:18:50.211 [qtp2010498327-89] DEBUG org.eclipse.jetty.server.HttpChannelState - nextAction(false) COMPLETE HttpChannelState@388628c8{s=HANDLING rs=COMPLETING os=COMPLETED is=READY awp=false se=false i=false al=0}
13:18:50.211 [reactor-http-nio-1] DEBUG reactor.netty.http.client.HttpClientOperations - [id: 0xb181f0de, L:/127.0.0.1:65015 - R:localhost/127.0.0.1:8080] Received response (auto-read:false) : [Content-Type=application/json, Matched-Stub-Id=8eda29d7-a614-4cc9-b1d6-40921dd24c4d, Vary=Accept-Encoding, User-Agent, Transfer-Encoding=chunked, Server=Jetty(9.4.28.v20200408)]
13:18:50.211 [qtp2010498327-89] DEBUG org.eclipse.jetty.server.HttpChannel - action COMPLETE HttpChannelOverHttp@33a44bf5{s=HttpChannelState@388628c8{s=HANDLING rs=COMPLETING os=COMPLETED is=READY awp=false se=false i=false al=0},r=2,c=false/true,a=HANDLING,uri=//localhost:8080/api/v0/components/products/a75ba316-b0e1-438c-8e6c-a31786431307/questions/hidden,age=9}
13:18:50.211 [reactor-http-nio-1] DEBUG reactor.netty.resources.PooledConnectionProvider - [id: 0xb181f0de, L:/127.0.0.1:65015 - R:localhost/127.0.0.1:8080] onStateChange(GET{uri=/api/v0/components/products/a75ba316-b0e1-438c-8e6c-a31786431307/questions/hidden, connection=PooledConnection{channel=[id: 0xb181f0de, L:/127.0.0.1:65015 - R:localhost/127.0.0.1:8080]}}, [response_received])
13:18:50.211 [qtp2010498327-89] DEBUG org.eclipse.jetty.server.HttpOutput - complete(org.eclipse.jetty.util.Callback$4@e4de155) s=CLOSED,api=BLOCKING,sc=false,e=null s=true e=null, c=null
13:18:50.211 [qtp2010498327-89] DEBUG org.eclipse.jetty.server.HttpChannelState - completed HttpChannelState@388628c8{s=HANDLING rs=COMPLETING os=COMPLETED is=READY awp=false se=false i=false al=0}
13:18:50.212 [qtp2010498327-89] DEBUG org.eclipse.jetty.server.HttpChannelState - unhandle HttpChannelState@388628c8{s=HANDLING rs=COMPLETED os=COMPLETED is=READY awp=false se=false i=false al=0}
13:18:50.212 [qtp2010498327-89] DEBUG org.eclipse.jetty.server.HttpChannelState - nextAction(false) TERMINATED HttpChannelState@388628c8{s=IDLE rs=COMPLETED os=COMPLETED is=READY awp=false se=false i=false al=0}
13:18:50.212 [qtp2010498327-89] DEBUG org.eclipse.jetty.server.HttpChannel - action TERMINATED HttpChannelOverHttp@33a44bf5{s=HttpChannelState@388628c8{s=IDLE rs=COMPLETED os=COMPLETED is=READY awp=false se=false i=false al=0},r=2,c=true/true,a=IDLE,uri=//localhost:8080/api/v0/components/products/a75ba316-b0e1-438c-8e6c-a31786431307/questions/hidden,age=10}
13:18:50.212 [reactor-http-nio-1] DEBUG org.springframework.web.reactive.function.client.ExchangeFunctions - [5e148028] Response 200 OK
13:18:50.212 [qtp2010498327-89] DEBUG org.eclipse.jetty.server.HttpChannel - onCompleted for /api/v0/components/products/a75ba316-b0e1-438c-8e6c-a31786431307/questions/hidden written=37
13:18:50.212 [qtp2010498327-89] DEBUG org.eclipse.jetty.server.HttpChannelState - recycle HttpChannelState@388628c8{s=IDLE rs=COMPLETED os=COMPLETED is=READY awp=false se=false i=false al=0}
13:18:50.212 [qtp2010498327-89] DEBUG org.eclipse.jetty.http.HttpParser - reset HttpParser{s=END,0 of -1}
13:18:50.212 [qtp2010498327-89] DEBUG org.eclipse.jetty.http.HttpParser - END --> START
13:18:50.212 [qtp2010498327-89] DEBUG org.eclipse.jetty.server.HttpChannel - !handle TERMINATED HttpChannelOverHttp@33a44bf5{s=HttpChannelState@388628c8{s=IDLE rs=BLOCKING os=OPEN is=IDLE awp=false se=false i=true al=0},r=2,c=false/false,a=IDLE,uri=null,age=0}
13:18:50.212 [qtp2010498327-89] DEBUG org.eclipse.jetty.io.ChannelEndPoint - filled 0 HeapByteBuffer@70c4892d[p=0,l=0,c=8192,r=0]={<<<>>>HTTP/1.1 ...\x00\x00\x00\x00\x00\x00\x00}
13:18:50.212 [qtp2010498327-89] DEBUG org.eclipse.jetty.io.ChannelEndPoint - filled 0 HeapByteBuffer@70c4892d[p=0,l=0,c=8192,r=0]={<<<>>>HTTP/1.1 ...\x00\x00\x00\x00\x00\x00\x00}
13:18:50.212 [qtp2010498327-89] DEBUG org.eclipse.jetty.server.HttpConnection - HttpConnection@225cf0bd::NetworkTrafficSocketChannelEndPoint@76485a3f{/127.0.0.1:65015<->/127.0.0.1:8080,OPEN,fill=-,flush=-,to=0/30000}{io=0/0,kio=0,kro=1}->HttpConnection@225cf0bd[p=HttpParser{s=START,0 of -1},g=HttpGenerator@1671df6b{s=START}]=>HttpChannelOverHttp@33a44bf5{s=HttpChannelState@388628c8{s=IDLE rs=BLOCKING os=OPEN is=IDLE awp=false se=false i=true al=0},r=2,c=false/false,a=IDLE,uri=null,age=0} filled 0 HeapByteBuffer@70c4892d[p=0,l=0,c=8192,r=0]={<<<>>>HTTP/1.1 ...\x00\x00\x00\x00\x00\x00\x00}
13:18:50.212 [qtp2010498327-89] DEBUG org.eclipse.jetty.server.HttpConnection - HttpConnection@225cf0bd::NetworkTrafficSocketChannelEndPoint@76485a3f{/127.0.0.1:65015<->/127.0.0.1:8080,OPEN,fill=-,flush=-,to=0/30000}{io=0/0,kio=0,kro=1}->HttpConnection@225cf0bd[p=HttpParser{s=START,0 of -1},g=HttpGenerator@1671df6b{s=START}]=>HttpChannelOverHttp@33a44bf5{s=HttpChannelState@388628c8{s=IDLE rs=BLOCKING os=OPEN is=IDLE awp=false se=false i=true al=0},r=2,c=false/false,a=IDLE,uri=null,age=0} parse HeapByteBuffer@70c4892d[p=0,l=0,c=8192,r=0]={<<<>>>HTTP/1.1 ...\x00\x00\x00\x00\x00\x00\x00} {}
13:18:50.212 [qtp2010498327-89] DEBUG org.eclipse.jetty.http.HttpParser - parseNext s=START HeapByteBuffer@70c4892d[p=0,l=0,c=8192,r=0]={<<<>>>HTTP/1.1 ...\x00\x00\x00\x00\x00\x00\x00}
13:18:50.212 [qtp2010498327-89] DEBUG org.eclipse.jetty.server.HttpConnection - HttpConnection@225cf0bd::NetworkTrafficSocketChannelEndPoint@76485a3f{/127.0.0.1:65015<->/127.0.0.1:8080,OPEN,fill=-,flush=-,to=1/30000}{io=0/0,kio=0,kro=1}->HttpConnection@225cf0bd[p=HttpParser{s=START,0 of -1},g=HttpGenerator@1671df6b{s=START}]=>HttpChannelOverHttp@33a44bf5{s=HttpChannelState@388628c8{s=IDLE rs=BLOCKING os=OPEN is=IDLE awp=false se=false i=true al=0},r=2,c=false/false,a=IDLE,uri=null,age=0} parsed false HttpParser{s=START,0 of -1}
13:18:50.212 [qtp2010498327-89] DEBUG org.eclipse.jetty.server.HttpConnection - releaseRequestBuffer HttpConnection@225cf0bd::NetworkTrafficSocketChannelEndPoint@76485a3f{/127.0.0.1:65015<->/127.0.0.1:8080,OPEN,fill=-,flush=-,to=1/30000}{io=0/0,kio=0,kro=1}->HttpConnection@225cf0bd[p=HttpParser{s=START,0 of -1},g=HttpGenerator@1671df6b{s=START}]=>HttpChannelOverHttp@33a44bf5{s=HttpChannelState@388628c8{s=IDLE rs=BLOCKING os=OPEN is=IDLE awp=false se=false i=true al=0},r=2,c=false/false,a=IDLE,uri=null,age=0}
13:18:50.212 [qtp2010498327-89] DEBUG org.eclipse.jetty.io.AbstractConnection - fillInterested HttpConnection@225cf0bd::NetworkTrafficSocketChannelEndPoint@76485a3f{/127.0.0.1:65015<->/127.0.0.1:8080,OPEN,fill=-,flush=-,to=1/30000}{io=0/0,kio=0,kro=1}->HttpConnection@225cf0bd[p=HttpParser{s=START,0 of -1},g=HttpGenerator@1671df6b{s=START}]=>HttpChannelOverHttp@33a44bf5{s=HttpChannelState@388628c8{s=IDLE rs=BLOCKING os=OPEN is=IDLE awp=false se=false i=true al=0},r=2,c=false/false,a=IDLE,uri=null,age=0}
13:18:50.212 [qtp2010498327-89] DEBUG org.eclipse.jetty.io.FillInterest - interested FillInterest@79bc5b3{AC.ReadCB@225cf0bd{HttpConnection@225cf0bd::NetworkTrafficSocketChannelEndPoint@76485a3f{/127.0.0.1:65015<->/127.0.0.1:8080,OPEN,fill=FI,flush=-,to=0/30000}{io=0/0,kio=0,kro=1}->HttpConnection@225cf0bd[p=HttpParser{s=START,0 of -1},g=HttpGenerator@1671df6b{s=START}]=>HttpChannelOverHttp@33a44bf5{s=HttpChannelState@388628c8{s=IDLE rs=BLOCKING os=OPEN is=IDLE awp=false se=false i=true al=0},r=2,c=false/false,a=IDLE,uri=null,age=0}}}
13:18:50.212 [reactor-http-nio-1] DEBUG reactor.netty.channel.FluxReceive - [id: 0xb181f0de, L:/127.0.0.1:65015 - R:localhost/127.0.0.1:8080] Subscribing inbound receiver [pending: 0, cancelled:false, inboundDone: false]
13:18:50.212 [qtp2010498327-89] DEBUG org.eclipse.jetty.io.ChannelEndPoint - changeInterests p=false 0->1 for NetworkTrafficSocketChannelEndPoint@76485a3f{/127.0.0.1:65015<->/127.0.0.1:8080,OPEN,fill=FI,flush=-,to=0/30000}{io=0/1,kio=0,kro=1}->HttpConnection@225cf0bd[p=HttpParser{s=START,0 of -1},g=HttpGenerator@1671df6b{s=START}]=>HttpChannelOverHttp@33a44bf5{s=HttpChannelState@388628c8{s=IDLE rs=BLOCKING os=OPEN is=IDLE awp=false se=false i=true al=0},r=2,c=false/false,a=IDLE,uri=null,age=0}
13:18:50.213 [qtp2010498327-89] DEBUG org.eclipse.jetty.io.ManagedSelector - Queued change org.eclipse.jetty.io.ChannelEndPoint$1@ed26de0 on ManagedSelector@504f5232{STARTED} id=0 keys=1 selected=0 updates=0
13:18:50.213 [qtp2010498327-89] DEBUG org.eclipse.jetty.io.ManagedSelector - Wakeup on submit ManagedSelector@504f5232{STARTED} id=0 keys=1 selected=0 updates=1
13:18:50.213 [qtp2010498327-89] DEBUG org.eclipse.jetty.server.HttpConnection - HttpConnection@225cf0bd::NetworkTrafficSocketChannelEndPoint@76485a3f{/127.0.0.1:65015<->/127.0.0.1:8080,OPEN,fill=FI,flush=-,to=0/30000}{io=0/1,kio=0,kro=1}->HttpConnection@225cf0bd[p=HttpParser{s=START,0 of -1},g=HttpGenerator@1671df6b{s=START}]=>HttpChannelOverHttp@33a44bf5{s=HttpChannelState@388628c8{s=IDLE rs=BLOCKING os=OPEN is=IDLE awp=false se=false i=true al=0},r=2,c=false/false,a=IDLE,uri=null,age=0} onFillable exit HttpChannelState@388628c8{s=IDLE rs=BLOCKING os=OPEN is=IDLE awp=false se=false i=true al=0} null
13:18:50.213 [qtp2010498327-89] DEBUG org.eclipse.jetty.util.thread.ReservedThreadExecutor - ReservedThreadExecutor@1826c076{s=1/1,p=0}@250983d6 size 1 > capacity
13:18:50.213 [qtp2010498327-89] DEBUG org.eclipse.jetty.util.thread.QueuedThreadPool - ran ReservedThreadExecutor@1826c076{s=1/1,p=0}@250983d6 in QueuedThreadPool[qtp2010498327]@77d5c517{STARTED,8<=8<=14,i=1,r=1,q=0}[ReservedThreadExecutor@1826c076{s=1/1,p=0}]
13:18:50.214 [reactor-http-nio-1] DEBUG reactor.netty.http.client.HttpClientOperations - [id: 0xb181f0de, L:/127.0.0.1:65015 - R:localhost/127.0.0.1:8080] Received last HTTP packet
13:18:50.214 [qtp2010498327-90] DEBUG org.eclipse.jetty.io.ManagedSelector - Selector sun.nio.ch.WindowsSelectorImpl@453bb545 woken with none selected
13:18:50.214 [qtp2010498327-90] DEBUG org.eclipse.jetty.io.ManagedSelector - Selector sun.nio.ch.WindowsSelectorImpl@453bb545 woken up from select, 0/0/1 selected
13:18:50.214 [qtp2010498327-90] DEBUG org.eclipse.jetty.io.ManagedSelector - Selector sun.nio.ch.WindowsSelectorImpl@453bb545 processing 0 keys, 1 updates
13:18:50.214 [qtp2010498327-90] DEBUG org.eclipse.jetty.io.ManagedSelector - updateable 1
13:18:50.214 [qtp2010498327-90] DEBUG org.eclipse.jetty.io.ManagedSelector - update org.eclipse.jetty.io.ChannelEndPoint$1@ed26de0
13:18:50.214 [qtp2010498327-90] DEBUG org.eclipse.jetty.io.ChannelEndPoint - Key interests updated 0 -> 1 on NetworkTrafficSocketChannelEndPoint@76485a3f{/127.0.0.1:65015<->/127.0.0.1:8080,OPEN,fill=FI,flush=-,to=1/30000}{io=1/1,kio=1,kro=1}->HttpConnection@225cf0bd[p=HttpParser{s=START,0 of -1},g=HttpGenerator@1671df6b{s=START}]=>HttpChannelOverHttp@33a44bf5{s=HttpChannelState@388628c8{s=IDLE rs=BLOCKING os=OPEN is=IDLE awp=false se=false i=true al=0},r=2,c=false/false,a=IDLE,uri=null,age=0}
13:18:50.214 [qtp2010498327-90] DEBUG org.eclipse.jetty.io.ManagedSelector - updates 0
13:18:50.214 [qtp2010498327-90] DEBUG org.eclipse.jetty.io.ManagedSelector - Selector sun.nio.ch.WindowsSelectorImpl@453bb545 waiting with 1 keys
13:18:50.216 [reactor-http-nio-1] DEBUG org.springframework.http.codec.json.Jackson2JsonDecoder - [5e148028] Decoded [{DELETE={}, BUILD={VAR1=TEST}}]
13:18:50.269 [reactor-http-nio-1] DEBUG reactor.netty.resources.PooledConnectionProvider - [id: 0xb181f0de, L:/127.0.0.1:65015 - R:localhost/127.0.0.1:8080] onStateChange(GET{uri=/api/v0/components/products/a75ba316-b0e1-438c-8e6c-a31786431307/questions/hidden, connection=PooledConnection{channel=[id: 0xb181f0de, L:/127.0.0.1:65015 - R:localhost/127.0.0.1:8080]}}, [response_completed])
13:18:50.270 [reactor-http-nio-1] DEBUG reactor.netty.ReactorNetty - [id: 0xb181f0de, L:/127.0.0.1:65015 - R:localhost/127.0.0.1:8080] Removed handler: ReadTimeoutHandler, pipeline: DefaultChannelPipeline{(reactor.left.httpCodec = io.netty.handler.codec.http.HttpClientCodec), (WriteTimeoutHandler = io.netty.handler.timeout.WriteTimeoutHandler), (reactor.right.reactiveBridge = reactor.netty.channel.ChannelOperationsHandler)}
13:18:50.270 [reactor-http-nio-1] DEBUG reactor.netty.ReactorNetty - [id: 0xb181f0de, L:/127.0.0.1:65015 - R:localhost/127.0.0.1:8080] Removed handler: WriteTimeoutHandler, pipeline: DefaultChannelPipeline{(reactor.left.httpCodec = io.netty.handler.codec.http.HttpClientCodec), (reactor.right.reactiveBridge = reactor.netty.channel.ChannelOperationsHandler)}
13:18:50.270 [reactor-http-nio-1] DEBUG reactor.netty.resources.PooledConnectionProvider - [id: 0xb181f0de, L:/127.0.0.1:65015 - R:localhost/127.0.0.1:8080] onStateChange(GET{uri=/api/v0/components/products/a75ba316-b0e1-438c-8e6c-a31786431307/questions/hidden, connection=PooledConnection{channel=[id: 0xb181f0de, L:/127.0.0.1:65015 - R:localhost/127.0.0.1:8080]}}, [disconnecting])
13:18:50.270 [reactor-http-nio-1] DEBUG reactor.netty.resources.PooledConnectionProvider - [id: 0xb181f0de, L:/127.0.0.1:65015 - R:localhost/127.0.0.1:8080] Releasing channel
13:18:50.270 [reactor-http-nio-1] DEBUG reactor.netty.resources.PooledConnectionProvider - [id: 0xb181f0de, L:/127.0.0.1:65015 - R:localhost/127.0.0.1:8080] Channel cleaned, now 0 active connections and 2 inactive connections
13:18:50.273 [Test worker] DEBUG org.apache.http.impl.conn.PoolingHttpClientConnectionManager - Connection request: [route: {}->http://localhost:8080][total available: 1; route allocated: 1 of 5; total allocated: 1 of 50]
13:18:50.273 [Test worker] DEBUG org.apache.http.impl.conn.PoolingHttpClientConnectionManager - Connection leased: [id: 5][route: {}->http://localhost:8080][total available: 0; route allocated: 1 of 5; total allocated: 1 of 50]
13:18:50.273 [Test worker] DEBUG org.apache.http.impl.conn.DefaultManagedHttpClientConnection - http-outgoing-5: set socket timeout to 30000
13:18:50.273 [Test worker] DEBUG org.apache.http.impl.execchain.MainClientExec - Stale connection check
13:18:50.274 [Test worker] DEBUG org.apache.http.wire - http-outgoing-5 << "[read] I/O error: Read timed out"
13:18:50.274 [Test worker] DEBUG org.apache.http.impl.execchain.MainClientExec - Executing request POST /__admin/requests/count HTTP/1.1
13:18:50.274 [Test worker] DEBUG org.apache.http.impl.execchain.MainClientExec - Target auth state: UNCHALLENGED
13:18:50.274 [Test worker] DEBUG org.apache.http.impl.execchain.MainClientExec - Proxy auth state: UNCHALLENGED
13:18:50.274 [Test worker] DEBUG org.apache.http.headers - http-outgoing-5 >> POST /__admin/requests/count HTTP/1.1
13:18:50.274 [Test worker] DEBUG org.apache.http.headers - http-outgoing-5 >> Content-Length: 120
13:18:50.274 [Test worker] DEBUG org.apache.http.headers - http-outgoing-5 >> Content-Type: text/plain; charset=UTF-8
13:18:50.274 [Test worker] DEBUG org.apache.http.headers - http-outgoing-5 >> Host: localhost:8080
13:18:50.274 [Test worker] DEBUG org.apache.http.headers - http-outgoing-5 >> Connection: Keep-Alive
13:18:50.274 [Test worker] DEBUG org.apache.http.headers - http-outgoing-5 >> User-Agent: Apache-HttpClient/4.5.12 (Java/11.0.2)
13:18:50.274 [Test worker] DEBUG org.apache.http.wire - http-outgoing-5 >> "POST /__admin/requests/count HTTP/1.1[\r][\n]"
13:18:50.274 [Test worker] DEBUG org.apache.http.wire - http-outgoing-5 >> "Content-Length: 120[\r][\n]"
13:18:50.274 [Test worker] DEBUG org.apache.http.wire - http-outgoing-5 >> "Content-Type: text/plain; charset=UTF-8[\r][\n]"
13:18:50.274 [Test worker] DEBUG org.apache.http.wire - http-outgoing-5 >> "Host: localhost:8080[\r][\n]"
13:18:50.274 [Test worker] DEBUG org.apache.http.wire - http-outgoing-5 >> "Connection: Keep-Alive[\r][\n]"
13:18:50.274 [Test worker] DEBUG org.apache.http.wire - http-outgoing-5 >> "User-Agent: Apache-HttpClient/4.5.12 (Java/11.0.2)[\r][\n]"
13:18:50.274 [Test worker] DEBUG org.apache.http.wire - http-outgoing-5 >> "[\r][\n]"
13:18:50.274 [Test worker] DEBUG org.apache.http.wire - http-outgoing-5 >> "{[\r][\n]"
13:18:50.274 [Test worker] DEBUG org.apache.http.wire - http-outgoing-5 >> "  "url" : "/api/v0/components/products/a75ba316-b0e1-438c-8e6c-a31786431307/questions/hidden",[\r][\n]"
13:18:50.274 [Test worker] DEBUG org.apache.http.wire - http-outgoing-5 >> "  "method" : "GET"[\r][\n]"
13:18:50.274 [Test worker] DEBUG org.apache.http.wire - http-outgoing-5 >> "}"
13:18:50.274 [qtp2010498327-84] DEBUG org.eclipse.jetty.io.ManagedSelector - Selector sun.nio.ch.WindowsSelectorImpl@6af36ac3 woken up from select, 1/1/2 selected
13:18:50.275 [qtp2010498327-84] DEBUG org.eclipse.jetty.io.ManagedSelector - Selector sun.nio.ch.WindowsSelectorImpl@6af36ac3 processing 1 keys, 0 updates
13:18:50.275 [qtp2010498327-84] DEBUG org.eclipse.jetty.io.ManagedSelector - selected 1 channel=java.nio.channels.SocketChannel[connected local=/127.0.0.1:8080 remote=/127.0.0.1:65014], selector=sun.nio.ch.WindowsSelectorImpl@6af36ac3, interestOps=1, readyOps=1 NetworkTrafficSocketChannelEndPoint@72874216{/127.0.0.1:65014<->/127.0.0.1:8080,OPEN,fill=FI,flush=-,to=1245/30000}{io=1/1,kio=1,kro=1}->HttpConnection@7522ca46[p=HttpParser{s=START,0 of -1},g=HttpGenerator@c0a97c6{s=START}]=>HttpChannelOverHttp@787f2966{s=HttpChannelState@3d7da80d{s=IDLE rs=BLOCKING os=OPEN is=IDLE awp=false se=false i=true al=0},r=3,c=false/false,a=IDLE,uri=null,age=0} 
13:18:50.275 [qtp2010498327-84] DEBUG org.eclipse.jetty.io.ChannelEndPoint - onSelected 1->0 r=true w=false for NetworkTrafficSocketChannelEndPoint@72874216{/127.0.0.1:65014<->/127.0.0.1:8080,OPEN,fill=FI,flush=-,to=1245/30000}{io=1/0,kio=1,kro=1}->HttpConnection@7522ca46[p=HttpParser{s=START,0 of -1},g=HttpGenerator@c0a97c6{s=START}]=>HttpChannelOverHttp@787f2966{s=HttpChannelState@3d7da80d{s=IDLE rs=BLOCKING os=OPEN is=IDLE awp=false se=false i=true al=0},r=3,c=false/false,a=IDLE,uri=null,age=0}
13:18:50.275 [qtp2010498327-84] DEBUG org.eclipse.jetty.io.ChannelEndPoint - task CEP:NetworkTrafficSocketChannelEndPoint@72874216{/127.0.0.1:65014<->/127.0.0.1:8080,OPEN,fill=FI,flush=-,to=1245/30000}{io=1/0,kio=1,kro=1}->HttpConnection@7522ca46[p=HttpParser{s=START,0 of -1},g=HttpGenerator@c0a97c6{s=START}]=>HttpChannelOverHttp@787f2966{s=HttpChannelState@3d7da80d{s=IDLE rs=BLOCKING os=OPEN is=IDLE awp=false se=false i=true al=0},r=3,c=false/false,a=IDLE,uri=null,age=0}:runFillable:BLOCKING
13:18:50.275 [qtp2010498327-84] DEBUG org.eclipse.jetty.util.thread.ReservedThreadExecutor - ReservedThreadExecutor@1826c076{s=1/1,p=0} tryExecute EatWhatYouKill@15c4be73/SelectorProducer@691db8ef/REPRODUCING/p=false/QueuedThreadPool[qtp2010498327]@77d5c517{STARTED,8<=8<=14,i=2,r=1,q=0}[ReservedThreadExecutor@1826c076{s=1/1,p=0}][pc=0,pic=0,pec=1,epc=2]@2020-09-25T13:18:50.2756947+02:00
13:18:50.275 [qtp2010498327-84] DEBUG org.eclipse.jetty.util.thread.ReservedThreadExecutor - ReservedThreadExecutor@1826c076{s=0/1,p=0}@70426339 offer EatWhatYouKill@15c4be73/SelectorProducer@691db8ef/REPRODUCING/p=false/QueuedThreadPool[qtp2010498327]@77d5c517{STARTED,8<=8<=14,i=2,r=1,q=0}[ReservedThreadExecutor@1826c076{s=0/1,p=0}][pc=0,pic=0,pec=1,epc=2]@2020-09-25T13:18:50.2756947+02:00
13:18:50.275 [qtp2010498327-84] DEBUG org.eclipse.jetty.util.thread.ReservedThreadExecutor - ReservedThreadExecutor@1826c076{s=0/1,p=1} startReservedThread p=1
13:18:50.275 [qtp2010498327-84] DEBUG org.eclipse.jetty.util.thread.QueuedThreadPool - queue ReservedThreadExecutor@1826c076{s=0/1,p=1}@58e9ac43 startThread=0
13:18:50.276 [qtp2010498327-84] DEBUG org.eclipse.jetty.util.thread.strategy.EatWhatYouKill - EatWhatYouKill@15c4be73/SelectorProducer@691db8ef/IDLE/p=true/QueuedThreadPool[qtp2010498327]@77d5c517{STARTED,8<=8<=14,i=1,r=1,q=0}[ReservedThreadExecutor@1826c076{s=0/1,p=1}][pc=0,pic=0,pec=1,epc=2]@2020-09-25T13:18:50.2756947+02:00 m=EXECUTE_PRODUCE_CONSUME t=CEP:NetworkTrafficSocketChannelEndPoint@72874216{/127.0.0.1:65014<->/127.0.0.1:8080,OPEN,fill=FI,flush=-,to=1246/30000}{io=1/0,kio=1,kro=1}->HttpConnection@7522ca46[p=HttpParser{s=START,0 of -1},g=HttpGenerator@c0a97c6{s=START}]=>HttpChannelOverHttp@787f2966{s=HttpChannelState@3d7da80d{s=IDLE rs=BLOCKING os=OPEN is=IDLE awp=false se=false i=true al=0},r=3,c=false/false,a=IDLE,uri=null,age=0}:runFillable:BLOCKING/BLOCKING
13:18:50.276 [qtp2010498327-87] DEBUG org.eclipse.jetty.util.thread.ReservedThreadExecutor - ReservedThreadExecutor@1826c076{s=0/1,p=1}@70426339 task=EatWhatYouKill@15c4be73/SelectorProducer@691db8ef/IDLE/p=true/QueuedThreadPool[qtp2010498327]@77d5c517{STARTED,8<=8<=14,i=1,r=1,q=0}[ReservedThreadExecutor@1826c076{s=0/1,p=1}][pc=0,pic=0,pec=1,epc=2]@2020-09-25T13:18:50.2767053+02:00
13:18:50.276 [qtp2010498327-87] DEBUG org.eclipse.jetty.util.thread.strategy.EatWhatYouKill - EatWhatYouKill@15c4be73/SelectorProducer@691db8ef/IDLE/p=true/QueuedThreadPool[qtp2010498327]@77d5c517{STARTED,8<=8<=14,i=1,r=1,q=0}[ReservedThreadExecutor@1826c076{s=0/1,p=1}][pc=0,pic=0,pec=1,epc=3]@2020-09-25T13:18:50.2767053+02:00 tryProduce true
13:18:50.276 [qtp2010498327-84] DEBUG org.eclipse.jetty.io.FillInterest - fillable FillInterest@dbfab38{AC.ReadCB@7522ca46{HttpConnection@7522ca46::NetworkTrafficSocketChannelEndPoint@72874216{/127.0.0.1:65014<->/127.0.0.1:8080,OPEN,fill=FI,flush=-,to=1246/30000}{io=1/0,kio=1,kro=1}->HttpConnection@7522ca46[p=HttpParser{s=START,0 of -1},g=HttpGenerator@c0a97c6{s=START}]=>HttpChannelOverHttp@787f2966{s=HttpChannelState@3d7da80d{s=IDLE rs=BLOCKING os=OPEN is=IDLE awp=false se=false i=true al=0},r=3,c=false/false,a=IDLE,uri=null,age=0}}}
13:18:50.276 [qtp2010498327-87] DEBUG org.eclipse.jetty.io.ManagedSelector - updateable 0
13:18:50.276 [qtp2010498327-87] DEBUG org.eclipse.jetty.io.ManagedSelector - updates 0
13:18:50.276 [qtp2010498327-84] DEBUG org.eclipse.jetty.server.HttpConnection - HttpConnection@7522ca46::NetworkTrafficSocketChannelEndPoint@72874216{/127.0.0.1:65014<->/127.0.0.1:8080,OPEN,fill=-,flush=-,to=1246/30000}{io=1/0,kio=1,kro=1}->HttpConnection@7522ca46[p=HttpParser{s=START,0 of -1},g=HttpGenerator@c0a97c6{s=START}]=>HttpChannelOverHttp@787f2966{s=HttpChannelState@3d7da80d{s=IDLE rs=BLOCKING os=OPEN is=IDLE awp=false se=false i=true al=0},r=3,c=false/false,a=IDLE,uri=null,age=0} onFillable enter HttpChannelState@3d7da80d{s=IDLE rs=BLOCKING os=OPEN is=IDLE awp=false se=false i=true al=0} null
13:18:50.276 [qtp2010498327-87] DEBUG org.eclipse.jetty.io.ChannelEndPoint - Key interests updated 1 -> 0 on NetworkTrafficSocketChannelEndPoint@72874216{/127.0.0.1:65014<->/127.0.0.1:8080,OPEN,fill=-,flush=-,to=1246/30000}{io=0/0,kio=0,kro=1}->HttpConnection@7522ca46[p=HttpParser{s=START,0 of -1},g=HttpGenerator@c0a97c6{s=START}]=>HttpChannelOverHttp@787f2966{s=HttpChannelState@3d7da80d{s=IDLE rs=BLOCKING os=OPEN is=IDLE awp=false se=false i=true al=0},r=3,c=false/false,a=IDLE,uri=null,age=0}
13:18:50.276 [qtp2010498327-87] DEBUG org.eclipse.jetty.io.ManagedSelector - Selector sun.nio.ch.WindowsSelectorImpl@6af36ac3 waiting with 2 keys
13:18:50.276 [qtp2010498327-84] DEBUG org.eclipse.jetty.io.ChannelEndPoint - filled 321 HeapByteBuffer@70c4892d[p=0,l=321,c=8192,r=321]={<<<POST /__admin/requests/co...\r\n  "method" : "GET"\r\n}>>>38c-8e6c-...\x00\x00\x00\x00\x00\x00\x00}
13:18:50.277 [qtp2010498327-83] DEBUG org.eclipse.jetty.util.thread.QueuedThreadPool - run ReservedThreadExecutor@1826c076{s=0/1,p=1}@58e9ac43 in QueuedThreadPool[qtp2010498327]@77d5c517{STARTED,8<=8<=14,i=1,r=1,q=0}[ReservedThreadExecutor@1826c076{s=0/1,p=1}]
13:18:50.277 [qtp2010498327-83] DEBUG org.eclipse.jetty.util.thread.ReservedThreadExecutor - ReservedThreadExecutor@1826c076{s=1/1,p=1}@58e9ac43 started
13:18:50.277 [qtp2010498327-83] DEBUG org.eclipse.jetty.util.thread.ReservedThreadExecutor - ReservedThreadExecutor@1826c076{s=1/1,p=0}@58e9ac43 waiting
13:18:50.277 [qtp2010498327-84] DEBUG org.eclipse.jetty.server.HttpConnection - HttpConnection@7522ca46::NetworkTrafficSocketChannelEndPoint@72874216{/127.0.0.1:65014<->/127.0.0.1:8080,OPEN,fill=-,flush=-,to=0/30000}{io=0/0,kio=0,kro=1}->HttpConnection@7522ca46[p=HttpParser{s=START,0 of -1},g=HttpGenerator@c0a97c6{s=START}]=>HttpChannelOverHttp@787f2966{s=HttpChannelState@3d7da80d{s=IDLE rs=BLOCKING os=OPEN is=IDLE awp=false se=false i=true al=0},r=3,c=false/false,a=IDLE,uri=null,age=0} filled 321 HeapByteBuffer@70c4892d[p=0,l=321,c=8192,r=321]={<<<POST /__admin/requests/co...\r\n  "method" : "GET"\r\n}>>>38c-8e6c-...\x00\x00\x00\x00\x00\x00\x00}
13:18:50.277 [qtp2010498327-84] DEBUG org.eclipse.jetty.server.HttpConnection - HttpConnection@7522ca46::NetworkTrafficSocketChannelEndPoint@72874216{/127.0.0.1:65014<->/127.0.0.1:8080,OPEN,fill=-,flush=-,to=0/30000}{io=0/0,kio=0,kro=1}->HttpConnection@7522ca46[p=HttpParser{s=START,0 of -1},g=HttpGenerator@c0a97c6{s=START}]=>HttpChannelOverHttp@787f2966{s=HttpChannelState@3d7da80d{s=IDLE rs=BLOCKING os=OPEN is=IDLE awp=false se=false i=true al=0},r=3,c=false/false,a=IDLE,uri=null,age=0} parse HeapByteBuffer@70c4892d[p=0,l=321,c=8192,r=321]={<<<POST /__admin/requests/co...\r\n  "method" : "GET"\r\n}>>>38c-8e6c-...\x00\x00\x00\x00\x00\x00\x00} {}
13:18:50.277 [qtp2010498327-84] DEBUG org.eclipse.jetty.http.HttpParser - parseNext s=START HeapByteBuffer@70c4892d[p=0,l=321,c=8192,r=321]={<<<POST /__admin/requests/co...\r\n  "method" : "GET"\r\n}>>>38c-8e6c-...\x00\x00\x00\x00\x00\x00\x00}
13:18:50.277 [qtp2010498327-84] DEBUG org.eclipse.jetty.http.HttpParser - START --> SPACE1
13:18:50.277 [qtp2010498327-84] DEBUG org.eclipse.jetty.http.HttpParser - SPACE1 --> URI
13:18:50.277 [qtp2010498327-84] DEBUG org.eclipse.jetty.http.HttpParser - URI --> SPACE2
13:18:50.277 [qtp2010498327-84] DEBUG org.eclipse.jetty.http.HttpParser - SPACE2 --> REQUEST_VERSION
13:18:50.277 [qtp2010498327-84] DEBUG org.eclipse.jetty.http.HttpParser - REQUEST_VERSION --> HEADER
13:18:50.277 [qtp2010498327-84] DEBUG org.eclipse.jetty.http.HttpParser - HEADER:Content-Length --> VALUE
13:18:50.277 [qtp2010498327-84] DEBUG org.eclipse.jetty.http.HttpParser - HEADER:Content-Length --> IN_VALUE
13:18:50.277 [qtp2010498327-84] DEBUG org.eclipse.jetty.http.HttpParser - HEADER:Content-Length --> FIELD
13:18:50.277 [qtp2010498327-84] DEBUG org.eclipse.jetty.http.HttpParser - HEADER:Content-Type: text/plain; charset=UTF-8 --> IN_VALUE
13:18:50.277 [qtp2010498327-84] DEBUG org.eclipse.jetty.http.HttpParser - HEADER:Content-Type: text/plain; charset=UTF-8 --> FIELD
13:18:50.277 [qtp2010498327-84] DEBUG org.eclipse.jetty.http.HttpParser - HEADER:Host: localhost:8080 --> IN_VALUE
13:18:50.277 [qtp2010498327-84] DEBUG org.eclipse.jetty.http.HttpParser - HEADER:Host: localhost:8080 --> FIELD
13:18:50.277 [qtp2010498327-84] DEBUG org.eclipse.jetty.http.HttpParser - HEADER:Connection: keep-alive --> IN_VALUE
13:18:50.277 [qtp2010498327-84] DEBUG org.eclipse.jetty.http.HttpParser - HEADER:Connection: keep-alive --> FIELD
13:18:50.277 [qtp2010498327-84] DEBUG org.eclipse.jetty.http.HttpParser - HEADER:User-Agent: Apache-HttpClient/4.5.12 (Java/11.0.2) --> IN_VALUE
13:18:50.277 [qtp2010498327-84] DEBUG org.eclipse.jetty.http.HttpParser - HEADER:User-Agent: Apache-HttpClient/4.5.12 (Java/11.0.2) --> FIELD
13:18:50.277 [qtp2010498327-84] DEBUG org.eclipse.jetty.http.HttpParser - HEADER --> CONTENT
13:18:50.278 [qtp2010498327-84] DEBUG org.eclipse.jetty.server.HttpChannel - REQUEST for //localhost:8080/__admin/requests/count on HttpChannelOverHttp@787f2966{s=HttpChannelState@3d7da80d{s=IDLE rs=BLOCKING os=OPEN is=IDLE awp=false se=false i=true al=0},r=4,c=false/false,a=IDLE,uri=//localhost:8080/__admin/requests/count,age=1}
POST //localhost:8080/__admin/requests/count HTTP/1.1
Content-Length: 120
Content-Type: text/plain; charset=UTF-8
Host: localhost:8080
Connection: keep-alive
User-Agent: Apache-HttpClient/4.5.12 (Java/11.0.2)


13:18:50.278 [qtp2010498327-84] DEBUG org.eclipse.jetty.server.HttpConnection - HttpConnection@7522ca46::NetworkTrafficSocketChannelEndPoint@72874216{/127.0.0.1:65014<->/127.0.0.1:8080,OPEN,fill=-,flush=-,to=1/30000}{io=0/0,kio=0,kro=1}->HttpConnection@7522ca46[p=HttpParser{s=CONTENT,0 of 120},g=HttpGenerator@c0a97c6{s=START}]=>HttpChannelOverHttp@787f2966{s=HttpChannelState@3d7da80d{s=IDLE rs=BLOCKING os=OPEN is=IDLE awp=false se=false i=true al=0},r=4,c=false/false,a=IDLE,uri=//localhost:8080/__admin/requests/count,age=1} parsed true HttpParser{s=CONTENT,0 of 120}
13:18:50.278 [qtp2010498327-84] DEBUG org.eclipse.jetty.server.HttpChannel - handle //localhost:8080/__admin/requests/count HttpChannelOverHttp@787f2966{s=HttpChannelState@3d7da80d{s=IDLE rs=BLOCKING os=OPEN is=IDLE awp=false se=false i=true al=0},r=4,c=false/false,a=IDLE,uri=//localhost:8080/__admin/requests/count,age=1} 
13:18:50.278 [qtp2010498327-84] DEBUG org.eclipse.jetty.server.HttpChannelState - handling HttpChannelState@3d7da80d{s=IDLE rs=BLOCKING os=OPEN is=IDLE awp=false se=false i=true al=0}
13:18:50.278 [qtp2010498327-84] DEBUG org.eclipse.jetty.server.HttpChannel - action DISPATCH HttpChannelOverHttp@787f2966{s=HttpChannelState@3d7da80d{s=HANDLING rs=BLOCKING os=OPEN is=IDLE awp=false se=false i=true al=0},r=4,c=false/false,a=HANDLING,uri=//localhost:8080/__admin/requests/count,age=1}
13:18:50.278 [qtp2010498327-84] DEBUG org.eclipse.jetty.server.Server - REQUEST POST /__admin/requests/count on HttpChannelOverHttp@787f2966{s=HttpChannelState@3d7da80d{s=HANDLING rs=BLOCKING os=OPEN is=IDLE awp=false se=false i=true al=0},r=4,c=false/false,a=HANDLING,uri=//localhost:8080/__admin/requests/count,age=1}
13:18:50.278 [qtp2010498327-84] DEBUG org.eclipse.jetty.server.handler.ContextHandler - scope null||/__admin/requests/count @ o.e.j.s.ServletContextHandler@3f5d4750{/__admin,null,AVAILABLE}
13:18:50.278 [qtp2010498327-84] DEBUG org.eclipse.jetty.server.handler.ContextHandler - context=/__admin||/requests/count @ o.e.j.s.ServletContextHandler@3f5d4750{/__admin,null,AVAILABLE}
13:18:50.278 [qtp2010498327-84] DEBUG org.eclipse.jetty.servlet.ServletHandler - servlet /__admin|/requests/count|null -> com.github.tomakehurst.wiremock.servlet.WireMockHandlerDispatchingServlet-753c5bc6@8b07c==com.github.tomakehurst.wiremock.servlet.WireMockHandlerDispatchingServlet,jsp=null,order=-1,inst=true,async=true
13:18:50.278 [qtp2010498327-84] DEBUG org.eclipse.jetty.servlet.ServletHandler - chain=org.eclipse.jetty.servlets.CrossOriginFilter-35c51532@35c51532==org.eclipse.jetty.servlets.CrossOriginFilter,inst=true,async=true->com.github.tomakehurst.wiremock.servlet.WireMockHandlerDispatchingServlet-753c5bc6@8b07c==com.github.tomakehurst.wiremock.servlet.WireMockHandlerDispatchingServlet,jsp=null,order=-1,inst=true,async=true
13:18:50.278 [qtp2010498327-84] DEBUG org.eclipse.jetty.servlet.ServletHandler - call filter org.eclipse.jetty.servlets.CrossOriginFilter-35c51532@35c51532==org.eclipse.jetty.servlets.CrossOriginFilter,inst=true,async=true
13:18:50.278 [qtp2010498327-84] DEBUG org.eclipse.jetty.servlet.ServletHandler - call servlet com.github.tomakehurst.wiremock.servlet.WireMockHandlerDispatchingServlet-753c5bc6@8b07c==com.github.tomakehurst.wiremock.servlet.WireMockHandlerDispatchingServlet,jsp=null,order=-1,inst=true,async=true
13:18:50.279 [qtp2010498327-84] DEBUG org.eclipse.jetty.server.HttpConnection - HttpConnection@7522ca46::NetworkTrafficSocketChannelEndPoint@72874216{/127.0.0.1:65014<->/127.0.0.1:8080,OPEN,fill=-,flush=-,to=2/30000}{io=0/0,kio=0,kro=1}->HttpConnection@7522ca46[p=HttpParser{s=CONTENT,0 of 120},g=HttpGenerator@c0a97c6{s=START}]=>HttpChannelOverHttp@787f2966{s=HttpChannelState@3d7da80d{s=HANDLING rs=BLOCKING os=OPEN is=IDLE awp=false se=false i=true al=0},r=4,c=false/false,a=HANDLING,uri=//localhost:8080/__admin/requests/count,age=2} parse HeapByteBuffer@70c4892d[p=201,l=321,c=8192,r=120]={POST /__a....2)\r\n\r\n<<<{\r\n  "url" : "/api/v0/com...\r\n  "method" : "GET"\r\n}>>>38c-8e6c-...\x00\x00\x00\x00\x00\x00\x00} {}
13:18:50.279 [qtp2010498327-84] DEBUG org.eclipse.jetty.http.HttpParser - parseNext s=CONTENT HeapByteBuffer@70c4892d[p=201,l=321,c=8192,r=120]={POST /__a....2)\r\n\r\n<<<{\r\n  "url" : "/api/v0/com...\r\n  "method" : "GET"\r\n}>>>38c-8e6c-...\x00\x00\x00\x00\x00\x00\x00}
13:18:50.279 [qtp2010498327-84] DEBUG org.eclipse.jetty.server.HttpChannel - onContent HttpChannelOverHttp@787f2966{s=HttpChannelState@3d7da80d{s=HANDLING rs=BLOCKING os=OPEN is=IDLE awp=false se=false i=true al=0},r=4,c=false/false,a=HANDLING,uri=//localhost:8080/__admin/requests/count,age=2} Content@55760d1e{HeapByteBufferR@199efa85[p=201,l=321,c=8192,r=120]={POST /__a....2)\r\n\r\n<<<{\r\n  "url" : "/api/v0/com...\r\n  "method" : "GET"\r\n}>>>38c-8e6c-...\x00\x00\x00\x00\x00\x00\x00}}
13:18:50.279 [qtp2010498327-84] DEBUG org.eclipse.jetty.server.HttpInput - HttpInputOverHTTP@6be70855[c=0,q=0,[0]=null,s=STREAM] addContent Content@55760d1e{HeapByteBufferR@199efa85[p=201,l=321,c=8192,r=120]={POST /__a....2)\r\n\r\n<<<{\r\n  "url" : "/api/v0/com...\r\n  "method" : "GET"\r\n}>>>38c-8e6c-...\x00\x00\x00\x00\x00\x00\x00}}
13:18:50.279 [qtp2010498327-84] DEBUG org.eclipse.jetty.http.HttpParser - CONTENT --> CONTENT_END
13:18:50.279 [qtp2010498327-84] DEBUG org.eclipse.jetty.server.HttpChannel - onContentComplete HttpChannelOverHttp@787f2966{s=HttpChannelState@3d7da80d{s=HANDLING rs=BLOCKING os=OPEN is=IDLE awp=false se=false i=true al=0},r=4,c=false/false,a=HANDLING,uri=//localhost:8080/__admin/requests/count,age=2}
13:18:50.279 [qtp2010498327-84] DEBUG org.eclipse.jetty.http.HttpParser - CONTENT_END --> END
13:18:50.279 [qtp2010498327-84] DEBUG org.eclipse.jetty.server.HttpChannel - onRequestComplete HttpChannelOverHttp@787f2966{s=HttpChannelState@3d7da80d{s=HANDLING rs=BLOCKING os=OPEN is=IDLE awp=false se=false i=true al=0},r=4,c=false/false,a=HANDLING,uri=//localhost:8080/__admin/requests/count,age=2}
13:18:50.279 [qtp2010498327-84] DEBUG org.eclipse.jetty.server.HttpInput - HttpInputOverHTTP@6be70855[c=0,q=1,[0]=EOF,s=STREAM] addContent EOF
13:18:50.279 [qtp2010498327-84] DEBUG org.eclipse.jetty.server.HttpConnection - HttpConnection@7522ca46::NetworkTrafficSocketChannelEndPoint@72874216{/127.0.0.1:65014<->/127.0.0.1:8080,OPEN,fill=-,flush=-,to=2/30000}{io=0/0,kio=0,kro=1}->HttpConnection@7522ca46[p=HttpParser{s=END,120 of 120},g=HttpGenerator@c0a97c6{s=START}]=>HttpChannelOverHttp@787f2966{s=HttpChannelState@3d7da80d{s=HANDLING rs=BLOCKING os=OPEN is=IDLE awp=false se=false i=true al=0},r=4,c=false/false,a=HANDLING,uri=//localhost:8080/__admin/requests/count,age=2} parsed false HttpParser{s=END,120 of 120}
13:18:50.279 [qtp2010498327-84] DEBUG org.eclipse.jetty.server.HttpInput - HttpInputOverHTTP@6be70855[c=120,q=1,[0]=EOF,s=STREAM] read 120 from Content@55760d1e{HeapByteBufferR@199efa85[p=321,l=321,c=8192,r=0]={POST /__a...GET"\r\n}<<<>>>38c-8e6c-...\x00\x00\x00\x00\x00\x00\x00}}
13:18:50.279 [qtp2010498327-84] DEBUG org.eclipse.jetty.server.HttpConnection - releaseRequestBuffer HttpConnection@7522ca46::NetworkTrafficSocketChannelEndPoint@72874216{/127.0.0.1:65014<->/127.0.0.1:8080,OPEN,fill=-,flush=-,to=2/30000}{io=0/0,kio=0,kro=1}->HttpConnection@7522ca46[p=HttpParser{s=END,120 of 120},g=HttpGenerator@c0a97c6{s=START}]=>HttpChannelOverHttp@787f2966{s=HttpChannelState@3d7da80d{s=HANDLING rs=BLOCKING os=OPEN is=IDLE awp=false se=false i=true al=0},r=4,c=false/false,a=HANDLING,uri=//localhost:8080/__admin/requests/count,age=2}
13:18:50.280 [qtp2010498327-84] DEBUG org.eclipse.jetty.server.HttpChannelState - onEof HttpChannelState@3d7da80d{s=HANDLING rs=BLOCKING os=OPEN is=IDLE awp=false se=false i=true al=0}
13:18:50.284 [qtp2010498327-84] DEBUG org.eclipse.jetty.server.HttpOutput - write(array HeapByteBuffer@69e39a80[p=0,l=56,c=8192,r=56]={<<<{\r\n  "count" : 2,\r\n  "req...nalDisabled" : false\r\n}>>>\x00\x00\x00\x00\x00\x00\x00\x00\x00...\x00\x00\x00\x00\x00\x00\x00})
13:18:50.284 [qtp2010498327-84] DEBUG org.eclipse.jetty.server.HttpOutput - write(array) s=OPEN,api=BLOCKING,sc=false,e=null aggregated !flush DirectByteBuffer@13f8a8b3[p=0,l=56,c=32768,r=56]={<<<{\r\n  "count" : 2,\r\n  "req...nalDisabled" : false\r\n}>>>request" ...\x00\x00\x00\x00\x00\x00\x00}
13:18:50.284 [qtp2010498327-84] DEBUG org.eclipse.jetty.server.HttpChannel - sendResponse info=null content=DirectByteBuffer@13f8a8b3[p=0,l=56,c=32768,r=56]={<<<{\r\n  "count" : 2,\r\n  "req...nalDisabled" : false\r\n}>>>request" ...\x00\x00\x00\x00\x00\x00\x00} complete=false committing=true callback=Blocker@5f118c31{null}
13:18:50.284 [qtp2010498327-84] DEBUG org.eclipse.jetty.server.HttpChannel - COMMIT for /__admin/requests/count on HttpChannelOverHttp@787f2966{s=HttpChannelState@3d7da80d{s=HANDLING rs=BLOCKING os=COMMITTED is=READY awp=false se=false i=true al=0},r=4,c=false/false,a=HANDLING,uri=//localhost:8080/__admin/requests/count,age=7}
200 null HTTP/1.1
Content-Type: application/json


13:18:50.284 [qtp2010498327-84] DEBUG org.eclipse.jetty.server.HttpConnection - generate: NEED_HEADER for org.eclipse.jetty.server.HttpConnection$SendCallback@c678226[PROCESSING][i=HTTP/1.1{s=200,h=1,cl=-1},cb=org.eclipse.jetty.server.HttpChannel$SendCallback@7cfda84b] (null,[p=0,l=56,c=32768,r=56],false)@START
13:18:50.284 [qtp2010498327-84] DEBUG org.eclipse.jetty.http.HttpGenerator - generateHeaders HTTP/1.1{s=200,h=1,cl=-1} last=false content=DirectByteBuffer@13f8a8b3[p=0,l=56,c=32768,r=56]={<<<{\r\n  "count" : 2,\r\n  "req...nalDisabled" : false\r\n}>>>request" ...\x00\x00\x00\x00\x00\x00\x00}
13:18:50.284 [qtp2010498327-84] DEBUG org.eclipse.jetty.http.HttpGenerator - Content-Type: application/json


13:18:50.284 [qtp2010498327-84] DEBUG org.eclipse.jetty.http.HttpGenerator - CHUNKED_CONTENT
13:18:50.285 [qtp2010498327-84] DEBUG org.eclipse.jetty.server.HttpConnection - generate: FLUSH for org.eclipse.jetty.server.HttpConnection$SendCallback@c678226[PROCESSING][i=HTTP/1.1{s=200,h=1,cl=-1},cb=org.eclipse.jetty.server.HttpChannel$SendCallback@7cfda84b] ([p=0,l=116,c=8192,r=116],[p=0,l=56,c=32768,r=56],false)@COMMITTED
13:18:50.285 [qtp2010498327-84] DEBUG org.eclipse.jetty.io.WriteFlusher - write: WriteFlusher@8fcc2a3{IDLE}->null [HeapByteBuffer@70c4892d[p=0,l=116,c=8192,r=116]={<<<HTTP/1.1 200 OK\r\nContent-...4.28.v20200408)\r\n\r\n38\r\n>>>:8080\r\nCo...\x00\x00\x00\x00\x00\x00\x00},DirectByteBuffer@13f8a8b3[p=0,l=56,c=32768,r=56]={<<<{\r\n  "count" : 2,\r\n  "req...nalDisabled" : false\r\n}>>>request" ...\x00\x00\x00\x00\x00\x00\x00}]
13:18:50.285 [qtp2010498327-84] DEBUG org.eclipse.jetty.io.WriteFlusher - update WriteFlusher@8fcc2a3{WRITING}->null:IDLE-->WRITING
13:18:50.285 [Test worker] DEBUG org.apache.http.wire - http-outgoing-5 << "HTTP/1.1 200 OK[\r][\n]"
13:18:50.285 [Test worker] DEBUG org.apache.http.wire - http-outgoing-5 << "Content-Type: application/json[\r][\n]"
13:18:50.285 [Test worker] DEBUG org.apache.http.wire - http-outgoing-5 << "Transfer-Encoding: chunked[\r][\n]"
13:18:50.285 [Test worker] DEBUG org.apache.http.wire - http-outgoing-5 << "Server: Jetty(9.4.28.v20200408)[\r][\n]"
13:18:50.285 [Test worker] DEBUG org.apache.http.wire - http-outgoing-5 << "[\r][\n]"
13:18:50.285 [Test worker] DEBUG org.apache.http.wire - http-outgoing-5 << "38[\r][\n]"
13:18:50.285 [qtp2010498327-84] DEBUG org.eclipse.jetty.io.ChannelEndPoint - flushed 116 NetworkTrafficSocketChannelEndPoint@72874216{/127.0.0.1:65014<->/127.0.0.1:8080,OPEN,fill=-,flush=W,to=8/30000}{io=0/0,kio=0,kro=1}->HttpConnection@7522ca46[p=HttpParser{s=END,120 of 120},g=HttpGenerator@c0a97c6{s=COMMITTED}]=>HttpChannelOverHttp@787f2966{s=HttpChannelState@3d7da80d{s=HANDLING rs=BLOCKING os=COMMITTED is=READY awp=false se=false i=true al=0},r=4,c=false/false,a=HANDLING,uri=//localhost:8080/__admin/requests/count,age=8}
13:18:50.285 [Test worker] DEBUG org.apache.http.headers - http-outgoing-5 << HTTP/1.1 200 OK
13:18:50.285 [Test worker] DEBUG org.apache.http.headers - http-outgoing-5 << Content-Type: application/json
13:18:50.285 [Test worker] DEBUG org.apache.http.headers - http-outgoing-5 << Transfer-Encoding: chunked
13:18:50.285 [Test worker] DEBUG org.apache.http.headers - http-outgoing-5 << Server: Jetty(9.4.28.v20200408)
13:18:50.285 [qtp2010498327-84] DEBUG org.eclipse.jetty.io.ChannelEndPoint - flushed 56 NetworkTrafficSocketChannelEndPoint@72874216{/127.0.0.1:65014<->/127.0.0.1:8080,OPEN,fill=-,flush=W,to=0/30000}{io=0/0,kio=0,kro=1}->HttpConnection@7522ca46[p=HttpParser{s=END,120 of 120},g=HttpGenerator@c0a97c6{s=COMMITTED}]=>HttpChannelOverHttp@787f2966{s=HttpChannelState@3d7da80d{s=HANDLING rs=BLOCKING os=COMMITTED is=READY awp=false se=false i=true al=0},r=4,c=false/false,a=HANDLING,uri=//localhost:8080/__admin/requests/count,age=8}
13:18:50.285 [qtp2010498327-84] DEBUG org.eclipse.jetty.io.WriteFlusher - Flushed=true written=172 remaining=0 WriteFlusher@8fcc2a3{WRITING}->null
13:18:50.285 [qtp2010498327-84] DEBUG org.eclipse.jetty.io.WriteFlusher - update WriteFlusher@8fcc2a3{IDLE}->null:WRITING-->IDLE
13:18:50.285 [Test worker] DEBUG org.apache.http.impl.execchain.MainClientExec - Connection can be kept alive indefinitely
13:18:50.285 [qtp2010498327-84] DEBUG org.eclipse.jetty.server.HttpConnection - generate: DONE for org.eclipse.jetty.server.HttpConnection$SendCallback@c678226[PROCESSING][i=HTTP/1.1{s=200,h=1,cl=-1},cb=org.eclipse.jetty.server.HttpChannel$SendCallback@7cfda84b] ([p=116,l=116,c=8192,r=0],[p=56,l=56,c=32768,r=0],false)@COMMITTED
13:18:50.286 [qtp2010498327-84] DEBUG org.eclipse.jetty.server.HttpOutput - onWriteComplete(false,null) s=OPEN,api=BLOCKED,sc=false,e=null->s=OPEN,api=BLOCKING,sc=false,e=null c=null cb=null w=false
13:18:50.286 [qtp2010498327-84] DEBUG org.eclipse.jetty.server.HttpOutput - close() s=CLOSING,api=BLOCKED,sc=false,e=null c=HeapByteBuffer@137d328[p=0,l=0,c=0,r=0]={<<<>>>} b=Blocker@5f118c31{null}
13:18:50.286 [qtp2010498327-84] DEBUG org.eclipse.jetty.server.HttpChannel - sendResponse info=null content=HeapByteBuffer@137d328[p=0,l=0,c=0,r=0]={<<<>>>} complete=true committing=false callback=Blocker@5f118c31{null}
13:18:50.286 [qtp2010498327-84] DEBUG org.eclipse.jetty.server.HttpConnection - generate: CONTINUE for org.eclipse.jetty.server.HttpConnection$SendCallback@c678226[PROCESSING][i=null,cb=org.eclipse.jetty.server.HttpChannel$SendCallback@19865437] (null,[p=0,l=0,c=0,r=0],true)@COMPLETING
13:18:50.286 [qtp2010498327-84] DEBUG org.eclipse.jetty.server.HttpConnection - generate: NEED_CHUNK for org.eclipse.jetty.server.HttpConnection$SendCallback@c678226[PROCESSING][i=null,cb=org.eclipse.jetty.server.HttpChannel$SendCallback@19865437] (null,[p=0,l=0,c=0,r=0],true)@COMPLETING
13:18:50.286 [Test worker] DEBUG org.apache.http.wire - http-outgoing-5 << "{[\r][\n]"
13:18:50.286 [Test worker] DEBUG org.apache.http.wire - http-outgoing-5 << "  "count" : 2,[\r][\n]"
13:18:50.286 [Test worker] DEBUG org.apache.http.wire - http-outgoing-5 << "  "requestJournalDisabled" : false[\r][\n]"
13:18:50.286 [Test worker] DEBUG org.apache.http.wire - http-outgoing-5 << "}"
13:18:50.286 [qtp2010498327-84] DEBUG org.eclipse.jetty.server.HttpConnection - generate: FLUSH for org.eclipse.jetty.server.HttpConnection$SendCallback@c678226[PROCESSING][i=null,cb=org.eclipse.jetty.server.HttpChannel$SendCallback@19865437] (null,[p=0,l=0,c=0,r=0],true)@COMPLETING
13:18:50.286 [qtp2010498327-84] DEBUG org.eclipse.jetty.io.WriteFlusher - write: WriteFlusher@8fcc2a3{IDLE}->null [HeapByteBuffer@6b996876[p=0,l=7,c=1024,r=7]={<<<\r\n0\r\n\r\n>>>\x00\x00\x00\x00\x00\x00\x00\x00\x00...\x00\x00\x00\x00\x00\x00\x00}]
13:18:50.286 [qtp2010498327-84] DEBUG org.eclipse.jetty.io.WriteFlusher - update WriteFlusher@8fcc2a3{WRITING}->null:IDLE-->WRITING
13:18:50.286 [Test worker] DEBUG org.apache.http.wire - http-outgoing-5 << "[\r][\n]"
13:18:50.286 [Test worker] DEBUG org.apache.http.wire - http-outgoing-5 << "0[\r][\n]"
13:18:50.286 [Test worker] DEBUG org.apache.http.wire - http-outgoing-5 << "[\r][\n]"
13:18:50.286 [qtp2010498327-84] DEBUG org.eclipse.jetty.io.ChannelEndPoint - flushed 7 NetworkTrafficSocketChannelEndPoint@72874216{/127.0.0.1:65014<->/127.0.0.1:8080,OPEN,fill=-,flush=W,to=0/30000}{io=0/0,kio=0,kro=1}->HttpConnection@7522ca46[p=HttpParser{s=END,120 of 120},g=HttpGenerator@c0a97c6{s=COMPLETING}]=>HttpChannelOverHttp@787f2966{s=HttpChannelState@3d7da80d{s=HANDLING rs=BLOCKING os=COMMITTED is=READY awp=false se=false i=true al=0},r=4,c=false/false,a=HANDLING,uri=//localhost:8080/__admin/requests/count,age=9}
13:18:50.286 [qtp2010498327-84] DEBUG org.eclipse.jetty.io.WriteFlusher - Flushed=true written=7 remaining=0 WriteFlusher@8fcc2a3{WRITING}->null
13:18:50.286 [Test worker] DEBUG org.apache.http.impl.conn.PoolingHttpClientConnectionManager - Connection [id: 5][route: {}->http://localhost:8080] can be kept alive indefinitely
13:18:50.286 [Test worker] DEBUG org.apache.http.impl.conn.DefaultManagedHttpClientConnection - http-outgoing-5: set socket timeout to 0
13:18:50.286 [qtp2010498327-84] DEBUG org.eclipse.jetty.io.WriteFlusher - update WriteFlusher@8fcc2a3{IDLE}->null:WRITING-->IDLE
13:18:50.286 [qtp2010498327-84] DEBUG org.eclipse.jetty.server.HttpConnection - generate: DONE for org.eclipse.jetty.server.HttpConnection$SendCallback@c678226[PROCESSING][i=null,cb=org.eclipse.jetty.server.HttpChannel$SendCallback@19865437] (null,[p=0,l=0,c=0,r=0],true)@END
13:18:50.286 [Test worker] DEBUG org.apache.http.impl.conn.PoolingHttpClientConnectionManager - Connection released: [id: 5][route: {}->http://localhost:8080][total available: 1; route allocated: 1 of 5; total allocated: 1 of 50]
13:18:50.286 [qtp2010498327-84] DEBUG org.eclipse.jetty.server.HttpOutput - onWriteComplete(true,null) s=CLOSING,api=BLOCKED,sc=false,e=null->s=CLOSED,api=BLOCKING,sc=false,e=null c=null cb=null w=false
13:18:50.286 [qtp2010498327-84] DEBUG org.eclipse.jetty.server.handler.gzip.GzipHandler - GzipHandler@34f0fdaa{STARTED,min=32,inflate=-1} handle Request[POST //localhost:8080/__admin/requests/count]@fcd9133 in null
13:18:50.286 [qtp2010498327-84] DEBUG org.eclipse.jetty.server.handler.ContextHandler - scope null||/__admin/requests/count @ o.e.j.s.ServletContextHandler@301dacc2{/,null,AVAILABLE}
13:18:50.286 [qtp2010498327-84] DEBUG org.eclipse.jetty.server.Server - handled=true async=false committed=true on HttpChannelOverHttp@787f2966{s=HttpChannelState@3d7da80d{s=HANDLING rs=BLOCKING os=COMPLETED is=READY awp=false se=false i=true al=0},r=4,c=false/true,a=HANDLING,uri=//localhost:8080/__admin/requests/count,age=9}
13:18:50.286 [qtp2010498327-84] DEBUG org.eclipse.jetty.server.HttpChannelState - unhandle HttpChannelState@3d7da80d{s=HANDLING rs=BLOCKING os=COMPLETED is=READY awp=false se=false i=true al=0}
13:18:50.286 [qtp2010498327-84] DEBUG org.eclipse.jetty.server.HttpChannelState - nextAction(false) COMPLETE HttpChannelState@3d7da80d{s=HANDLING rs=COMPLETING os=COMPLETED is=READY awp=false se=false i=false al=0}
13:18:50.287 [qtp2010498327-84] DEBUG org.eclipse.jetty.server.HttpChannel - action COMPLETE HttpChannelOverHttp@787f2966{s=HttpChannelState@3d7da80d{s=HANDLING rs=COMPLETING os=COMPLETED is=READY awp=false se=false i=false al=0},r=4,c=false/true,a=HANDLING,uri=//localhost:8080/__admin/requests/count,age=9}
13:18:50.287 [qtp2010498327-84] DEBUG org.eclipse.jetty.server.HttpOutput - complete(org.eclipse.jetty.util.Callback$4@77a2df50) s=CLOSED,api=BLOCKING,sc=false,e=null s=true e=null, c=null
13:18:50.287 [qtp2010498327-84] DEBUG org.eclipse.jetty.server.HttpChannelState - completed HttpChannelState@3d7da80d{s=HANDLING rs=COMPLETING os=COMPLETED is=READY awp=false se=false i=false al=0}
13:18:50.287 [qtp2010498327-84] DEBUG org.eclipse.jetty.server.HttpChannelState - unhandle HttpChannelState@3d7da80d{s=HANDLING rs=COMPLETED os=COMPLETED is=READY awp=false se=false i=false al=0}
13:18:50.287 [qtp2010498327-84] DEBUG org.eclipse.jetty.server.HttpChannelState - nextAction(false) TERMINATED HttpChannelState@3d7da80d{s=IDLE rs=COMPLETED os=COMPLETED is=READY awp=false se=false i=false al=0}
13:18:50.287 [qtp2010498327-84] DEBUG org.eclipse.jetty.server.HttpChannel - action TERMINATED HttpChannelOverHttp@787f2966{s=HttpChannelState@3d7da80d{s=IDLE rs=COMPLETED os=COMPLETED is=READY awp=false se=false i=false al=0},r=4,c=true/true,a=IDLE,uri=//localhost:8080/__admin/requests/count,age=10}
13:18:50.287 [qtp2010498327-84] DEBUG org.eclipse.jetty.server.HttpChannel - onCompleted for /__admin/requests/count written=56
13:18:50.287 [qtp2010498327-84] DEBUG org.eclipse.jetty.server.HttpChannelState - recycle HttpChannelState@3d7da80d{s=IDLE rs=COMPLETED os=COMPLETED is=READY awp=false se=false i=false al=0}
13:18:50.287 [qtp2010498327-84] DEBUG org.eclipse.jetty.http.HttpParser - reset HttpParser{s=END,120 of 120}
13:18:50.287 [qtp2010498327-84] DEBUG org.eclipse.jetty.http.HttpParser - END --> START
13:18:50.287 [qtp2010498327-84] DEBUG org.eclipse.jetty.server.HttpChannel - !handle TERMINATED HttpChannelOverHttp@787f2966{s=HttpChannelState@3d7da80d{s=IDLE rs=BLOCKING os=OPEN is=IDLE awp=false se=false i=true al=0},r=4,c=false/false,a=IDLE,uri=null,age=0}
13:18:50.287 [qtp2010498327-84] DEBUG org.eclipse.jetty.io.ChannelEndPoint - filled 0 HeapByteBuffer@70c4892d[p=0,l=0,c=8192,r=0]={<<<>>>HTTP/1.1 ...\x00\x00\x00\x00\x00\x00\x00}
13:18:50.287 [qtp2010498327-84] DEBUG org.eclipse.jetty.io.ChannelEndPoint - filled 0 HeapByteBuffer@70c4892d[p=0,l=0,c=8192,r=0]={<<<>>>HTTP/1.1 ...\x00\x00\x00\x00\x00\x00\x00}
13:18:50.287 [qtp2010498327-84] DEBUG org.eclipse.jetty.server.HttpConnection - HttpConnection@7522ca46::NetworkTrafficSocketChannelEndPoint@72874216{/127.0.0.1:65014<->/127.0.0.1:8080,OPEN,fill=-,flush=-,to=0/30000}{io=0/0,kio=0,kro=1}->HttpConnection@7522ca46[p=HttpParser{s=START,0 of -1},g=HttpGenerator@c0a97c6{s=START}]=>HttpChannelOverHttp@787f2966{s=HttpChannelState@3d7da80d{s=IDLE rs=BLOCKING os=OPEN is=IDLE awp=false se=false i=true al=0},r=4,c=false/false,a=IDLE,uri=null,age=0} filled 0 HeapByteBuffer@70c4892d[p=0,l=0,c=8192,r=0]={<<<>>>HTTP/1.1 ...\x00\x00\x00\x00\x00\x00\x00}
13:18:50.287 [qtp2010498327-84] DEBUG org.eclipse.jetty.server.HttpConnection - HttpConnection@7522ca46::NetworkTrafficSocketChannelEndPoint@72874216{/127.0.0.1:65014<->/127.0.0.1:8080,OPEN,fill=-,flush=-,to=0/30000}{io=0/0,kio=0,kro=1}->HttpConnection@7522ca46[p=HttpParser{s=START,0 of -1},g=HttpGenerator@c0a97c6{s=START}]=>HttpChannelOverHttp@787f2966{s=HttpChannelState@3d7da80d{s=IDLE rs=BLOCKING os=OPEN is=IDLE awp=false se=false i=true al=0},r=4,c=false/false,a=IDLE,uri=null,age=0} parse HeapByteBuffer@70c4892d[p=0,l=0,c=8192,r=0]={<<<>>>HTTP/1.1 ...\x00\x00\x00\x00\x00\x00\x00} {}
13:18:50.287 [qtp2010498327-84] DEBUG org.eclipse.jetty.http.HttpParser - parseNext s=START HeapByteBuffer@70c4892d[p=0,l=0,c=8192,r=0]={<<<>>>HTTP/1.1 ...\x00\x00\x00\x00\x00\x00\x00}
13:18:50.287 [qtp2010498327-84] DEBUG org.eclipse.jetty.server.HttpConnection - HttpConnection@7522ca46::NetworkTrafficSocketChannelEndPoint@72874216{/127.0.0.1:65014<->/127.0.0.1:8080,OPEN,fill=-,flush=-,to=1/30000}{io=0/0,kio=0,kro=1}->HttpConnection@7522ca46[p=HttpParser{s=START,0 of -1},g=HttpGenerator@c0a97c6{s=START}]=>HttpChannelOverHttp@787f2966{s=HttpChannelState@3d7da80d{s=IDLE rs=BLOCKING os=OPEN is=IDLE awp=false se=false i=true al=0},r=4,c=false/false,a=IDLE,uri=null,age=0} parsed false HttpParser{s=START,0 of -1}
13:18:50.287 [qtp2010498327-84] DEBUG org.eclipse.jetty.server.HttpConnection - releaseRequestBuffer HttpConnection@7522ca46::NetworkTrafficSocketChannelEndPoint@72874216{/127.0.0.1:65014<->/127.0.0.1:8080,OPEN,fill=-,flush=-,to=1/30000}{io=0/0,kio=0,kro=1}->HttpConnection@7522ca46[p=HttpParser{s=START,0 of -1},g=HttpGenerator@c0a97c6{s=START}]=>HttpChannelOverHttp@787f2966{s=HttpChannelState@3d7da80d{s=IDLE rs=BLOCKING os=OPEN is=IDLE awp=false se=false i=true al=0},r=4,c=false/false,a=IDLE,uri=null,age=0}
13:18:50.287 [qtp2010498327-84] DEBUG org.eclipse.jetty.io.AbstractConnection - fillInterested HttpConnection@7522ca46::NetworkTrafficSocketChannelEndPoint@72874216{/127.0.0.1:65014<->/127.0.0.1:8080,OPEN,fill=-,flush=-,to=1/30000}{io=0/0,kio=0,kro=1}->HttpConnection@7522ca46[p=HttpParser{s=START,0 of -1},g=HttpGenerator@c0a97c6{s=START}]=>HttpChannelOverHttp@787f2966{s=HttpChannelState@3d7da80d{s=IDLE rs=BLOCKING os=OPEN is=IDLE awp=false se=false i=true al=0},r=4,c=false/false,a=IDLE,uri=null,age=0}
13:18:50.287 [qtp2010498327-84] DEBUG org.eclipse.jetty.io.FillInterest - interested FillInterest@dbfab38{AC.ReadCB@7522ca46{HttpConnection@7522ca46::NetworkTrafficSocketChannelEndPoint@72874216{/127.0.0.1:65014<->/127.0.0.1:8080,OPEN,fill=FI,flush=-,to=0/30000}{io=0/0,kio=0,kro=1}->HttpConnection@7522ca46[p=HttpParser{s=START,0 of -1},g=HttpGenerator@c0a97c6{s=START}]=>HttpChannelOverHttp@787f2966{s=HttpChannelState@3d7da80d{s=IDLE rs=BLOCKING os=OPEN is=IDLE awp=false se=false i=true al=0},r=4,c=false/false,a=IDLE,uri=null,age=0}}}
13:18:50.288 [qtp2010498327-84] DEBUG org.eclipse.jetty.io.ChannelEndPoint - changeInterests p=false 0->1 for NetworkTrafficSocketChannelEndPoint@72874216{/127.0.0.1:65014<->/127.0.0.1:8080,OPEN,fill=FI,flush=-,to=0/30000}{io=0/1,kio=0,kro=1}->HttpConnection@7522ca46[p=HttpParser{s=START,0 of -1},g=HttpGenerator@c0a97c6{s=START}]=>HttpChannelOverHttp@787f2966{s=HttpChannelState@3d7da80d{s=IDLE rs=BLOCKING os=OPEN is=IDLE awp=false se=false i=true al=0},r=4,c=false/false,a=IDLE,uri=null,age=0}
13:18:50.288 [qtp2010498327-84] DEBUG org.eclipse.jetty.io.ManagedSelector - Queued change org.eclipse.jetty.io.ChannelEndPoint$1@5d525742 on ManagedSelector@28cd349f{STARTED} id=1 keys=2 selected=0 updates=0
13:18:50.288 [qtp2010498327-84] DEBUG org.eclipse.jetty.io.ManagedSelector - Wakeup on submit ManagedSelector@28cd349f{STARTED} id=1 keys=2 selected=0 updates=1
13:18:50.288 [Test worker] DEBUG org.apache.http.impl.conn.PoolingHttpClientConnectionManager - Connection request: [route: {}->http://localhost:8080][total available: 1; route allocated: 1 of 5; total allocated: 1 of 50]
13:18:50.288 [qtp2010498327-84] DEBUG org.eclipse.jetty.server.HttpConnection - HttpConnection@7522ca46::NetworkTrafficSocketChannelEndPoint@72874216{/127.0.0.1:65014<->/127.0.0.1:8080,OPEN,fill=FI,flush=-,to=0/30000}{io=0/1,kio=0,kro=1}->HttpConnection@7522ca46[p=HttpParser{s=START,0 of -1},g=HttpGenerator@c0a97c6{s=START}]=>HttpChannelOverHttp@787f2966{s=HttpChannelState@3d7da80d{s=IDLE rs=BLOCKING os=OPEN is=IDLE awp=false se=false i=true al=0},r=4,c=false/false,a=IDLE,uri=null,age=0} onFillable exit HttpChannelState@3d7da80d{s=IDLE rs=BLOCKING os=OPEN is=IDLE awp=false se=false i=true al=0} null
13:18:50.288 [Test worker] DEBUG org.apache.http.impl.conn.PoolingHttpClientConnectionManager - Connection leased: [id: 5][route: {}->http://localhost:8080][total available: 0; route allocated: 1 of 5; total allocated: 1 of 50]
13:18:50.288 [Test worker] DEBUG org.apache.http.impl.conn.DefaultManagedHttpClientConnection - http-outgoing-5: set socket timeout to 30000
13:18:50.288 [qtp2010498327-84] DEBUG org.eclipse.jetty.util.thread.QueuedThreadPool - ran org.eclipse.jetty.io.ManagedSelector$$Lambda$425/0x00000001005fc040@36e0300c in QueuedThreadPool[qtp2010498327]@77d5c517{STARTED,8<=8<=14,i=1,r=1,q=0}[ReservedThreadExecutor@1826c076{s=1/1,p=0}]
13:18:50.288 [Test worker] DEBUG org.apache.http.impl.execchain.MainClientExec - Stale connection check
13:18:50.288 [qtp2010498327-87] DEBUG org.eclipse.jetty.io.ManagedSelector - Selector sun.nio.ch.WindowsSelectorImpl@6af36ac3 woken with none selected
13:18:50.288 [qtp2010498327-87] DEBUG org.eclipse.jetty.io.ManagedSelector - Selector sun.nio.ch.WindowsSelectorImpl@6af36ac3 woken up from select, 0/0/2 selected
13:18:50.288 [qtp2010498327-87] DEBUG org.eclipse.jetty.io.ManagedSelector - Selector sun.nio.ch.WindowsSelectorImpl@6af36ac3 processing 0 keys, 1 updates
13:18:50.288 [qtp2010498327-87] DEBUG org.eclipse.jetty.io.ManagedSelector - updateable 1
13:18:50.288 [qtp2010498327-87] DEBUG org.eclipse.jetty.io.ManagedSelector - update org.eclipse.jetty.io.ChannelEndPoint$1@5d525742
13:18:50.288 [qtp2010498327-87] DEBUG org.eclipse.jetty.io.ChannelEndPoint - Key interests updated 0 -> 1 on NetworkTrafficSocketChannelEndPoint@72874216{/127.0.0.1:65014<->/127.0.0.1:8080,OPEN,fill=FI,flush=-,to=0/30000}{io=1/1,kio=1,kro=1}->HttpConnection@7522ca46[p=HttpParser{s=START,0 of -1},g=HttpGenerator@c0a97c6{s=START}]=>HttpChannelOverHttp@787f2966{s=HttpChannelState@3d7da80d{s=IDLE rs=BLOCKING os=OPEN is=IDLE awp=false se=false i=true al=0},r=4,c=false/false,a=IDLE,uri=null,age=0}
13:18:50.288 [qtp2010498327-87] DEBUG org.eclipse.jetty.io.ManagedSelector - updates 0
13:18:50.288 [qtp2010498327-87] DEBUG org.eclipse.jetty.io.ManagedSelector - Selector sun.nio.ch.WindowsSelectorImpl@6af36ac3 waiting with 2 keys
13:18:50.289 [Test worker] DEBUG org.apache.http.wire - http-outgoing-5 << "[read] I/O error: Read timed out"
13:18:50.289 [Test worker] DEBUG org.apache.http.impl.execchain.MainClientExec - Executing request POST /__admin/requests/count HTTP/1.1
13:18:50.289 [Test worker] DEBUG org.apache.http.impl.execchain.MainClientExec - Target auth state: UNCHALLENGED
13:18:50.289 [Test worker] DEBUG org.apache.http.impl.execchain.MainClientExec - Proxy auth state: UNCHALLENGED
13:18:50.289 [Test worker] DEBUG org.apache.http.headers - http-outgoing-5 >> POST /__admin/requests/count HTTP/1.1
13:18:50.289 [Test worker] DEBUG org.apache.http.headers - http-outgoing-5 >> Content-Length: 63
13:18:50.289 [Test worker] DEBUG org.apache.http.headers - http-outgoing-5 >> Content-Type: text/plain; charset=UTF-8
13:18:50.289 [Test worker] DEBUG org.apache.http.headers - http-outgoing-5 >> Host: localhost:8080
13:18:50.289 [Test worker] DEBUG org.apache.http.headers - http-outgoing-5 >> Connection: Keep-Alive
13:18:50.289 [Test worker] DEBUG org.apache.http.headers - http-outgoing-5 >> User-Agent: Apache-HttpClient/4.5.12 (Java/11.0.2)
13:18:50.289 [Test worker] DEBUG org.apache.http.wire - http-outgoing-5 >> "POST /__admin/requests/count HTTP/1.1[\r][\n]"
13:18:50.289 [Test worker] DEBUG org.apache.http.wire - http-outgoing-5 >> "Content-Length: 63[\r][\n]"
13:18:50.289 [Test worker] DEBUG org.apache.http.wire - http-outgoing-5 >> "Content-Type: text/plain; charset=UTF-8[\r][\n]"
13:18:50.289 [Test worker] DEBUG org.apache.http.wire - http-outgoing-5 >> "Host: localhost:8080[\r][\n]"
13:18:50.289 [Test worker] DEBUG org.apache.http.wire - http-outgoing-5 >> "Connection: Keep-Alive[\r][\n]"
13:18:50.289 [Test worker] DEBUG org.apache.http.wire - http-outgoing-5 >> "User-Agent: Apache-HttpClient/4.5.12 (Java/11.0.2)[\r][\n]"
13:18:50.289 [Test worker] DEBUG org.apache.http.wire - http-outgoing-5 >> "[\r][\n]"
13:18:50.289 [Test worker] DEBUG org.apache.http.wire - http-outgoing-5 >> "{[\r][\n]"
13:18:50.289 [Test worker] DEBUG org.apache.http.wire - http-outgoing-5 >> "  "url" : "/api/v0/components/login",[\r][\n]"
13:18:50.289 [Test worker] DEBUG org.apache.http.wire - http-outgoing-5 >> "  "method" : "GET"[\r][\n]"
13:18:50.289 [Test worker] DEBUG org.apache.http.wire - http-outgoing-5 >> "}"
13:18:50.289 [qtp2010498327-87] DEBUG org.eclipse.jetty.io.ManagedSelector - Selector sun.nio.ch.WindowsSelectorImpl@6af36ac3 woken up from select, 1/1/2 selected
13:18:50.289 [qtp2010498327-87] DEBUG org.eclipse.jetty.io.ManagedSelector - Selector sun.nio.ch.WindowsSelectorImpl@6af36ac3 processing 1 keys, 0 updates
13:18:50.290 [qtp2010498327-87] DEBUG org.eclipse.jetty.io.ManagedSelector - selected 1 channel=java.nio.channels.SocketChannel[connected local=/127.0.0.1:8080 remote=/127.0.0.1:65014], selector=sun.nio.ch.WindowsSelectorImpl@6af36ac3, interestOps=1, readyOps=1 NetworkTrafficSocketChannelEndPoint@72874216{/127.0.0.1:65014<->/127.0.0.1:8080,OPEN,fill=FI,flush=-,to=2/30000}{io=1/1,kio=1,kro=1}->HttpConnection@7522ca46[p=HttpParser{s=START,0 of -1},g=HttpGenerator@c0a97c6{s=START}]=>HttpChannelOverHttp@787f2966{s=HttpChannelState@3d7da80d{s=IDLE rs=BLOCKING os=OPEN is=IDLE awp=false se=false i=true al=0},r=4,c=false/false,a=IDLE,uri=null,age=0} 
13:18:50.290 [qtp2010498327-87] DEBUG org.eclipse.jetty.io.ChannelEndPoint - onSelected 1->0 r=true w=false for NetworkTrafficSocketChannelEndPoint@72874216{/127.0.0.1:65014<->/127.0.0.1:8080,OPEN,fill=FI,flush=-,to=2/30000}{io=1/0,kio=1,kro=1}->HttpConnection@7522ca46[p=HttpParser{s=START,0 of -1},g=HttpGenerator@c0a97c6{s=START}]=>HttpChannelOverHttp@787f2966{s=HttpChannelState@3d7da80d{s=IDLE rs=BLOCKING os=OPEN is=IDLE awp=false se=false i=true al=0},r=4,c=false/false,a=IDLE,uri=null,age=0}
13:18:50.290 [qtp2010498327-87] DEBUG org.eclipse.jetty.io.ChannelEndPoint - task CEP:NetworkTrafficSocketChannelEndPoint@72874216{/127.0.0.1:65014<->/127.0.0.1:8080,OPEN,fill=FI,flush=-,to=2/30000}{io=1/0,kio=1,kro=1}->HttpConnection@7522ca46[p=HttpParser{s=START,0 of -1},g=HttpGenerator@c0a97c6{s=START}]=>HttpChannelOverHttp@787f2966{s=HttpChannelState@3d7da80d{s=IDLE rs=BLOCKING os=OPEN is=IDLE awp=false se=false i=true al=0},r=4,c=false/false,a=IDLE,uri=null,age=0}:runFillable:BLOCKING
13:18:50.290 [qtp2010498327-87] DEBUG org.eclipse.jetty.util.thread.ReservedThreadExecutor - ReservedThreadExecutor@1826c076{s=1/1,p=0} tryExecute EatWhatYouKill@15c4be73/SelectorProducer@691db8ef/PRODUCING/p=false/QueuedThreadPool[qtp2010498327]@77d5c517{STARTED,8<=8<=14,i=2,r=1,q=0}[ReservedThreadExecutor@1826c076{s=1/1,p=0}][pc=0,pic=0,pec=1,epc=3]@2020-09-25T13:18:50.2907029+02:00
13:18:50.290 [qtp2010498327-87] DEBUG org.eclipse.jetty.util.thread.ReservedThreadExecutor - ReservedThreadExecutor@1826c076{s=0/1,p=0}@58e9ac43 offer EatWhatYouKill@15c4be73/SelectorProducer@691db8ef/PRODUCING/p=false/QueuedThreadPool[qtp2010498327]@77d5c517{STARTED,8<=8<=14,i=2,r=1,q=0}[ReservedThreadExecutor@1826c076{s=0/1,p=0}][pc=0,pic=0,pec=1,epc=3]@2020-09-25T13:18:50.2907029+02:00
13:18:50.290 [qtp2010498327-87] DEBUG org.eclipse.jetty.util.thread.ReservedThreadExecutor - ReservedThreadExecutor@1826c076{s=0/1,p=1} startReservedThread p=1
13:18:50.290 [qtp2010498327-87] DEBUG org.eclipse.jetty.util.thread.QueuedThreadPool - queue ReservedThreadExecutor@1826c076{s=0/1,p=1}@3ec1c654 startThread=0
13:18:50.290 [qtp2010498327-87] DEBUG org.eclipse.jetty.util.thread.strategy.EatWhatYouKill - EatWhatYouKill@15c4be73/SelectorProducer@691db8ef/IDLE/p=true/QueuedThreadPool[qtp2010498327]@77d5c517{STARTED,8<=8<=14,i=1,r=1,q=0}[ReservedThreadExecutor@1826c076{s=0/1,p=1}][pc=0,pic=0,pec=1,epc=3]@2020-09-25T13:18:50.2907029+02:00 m=EXECUTE_PRODUCE_CONSUME t=CEP:NetworkTrafficSocketChannelEndPoint@72874216{/127.0.0.1:65014<->/127.0.0.1:8080,OPEN,fill=FI,flush=-,to=2/30000}{io=1/0,kio=1,kro=1}->HttpConnection@7522ca46[p=HttpParser{s=START,0 of -1},g=HttpGenerator@c0a97c6{s=START}]=>HttpChannelOverHttp@787f2966{s=HttpChannelState@3d7da80d{s=IDLE rs=BLOCKING os=OPEN is=IDLE awp=false se=false i=true al=0},r=4,c=false/false,a=IDLE,uri=null,age=0}:runFillable:BLOCKING/BLOCKING
13:18:50.290 [qtp2010498327-87] DEBUG org.eclipse.jetty.io.FillInterest - fillable FillInterest@dbfab38{AC.ReadCB@7522ca46{HttpConnection@7522ca46::NetworkTrafficSocketChannelEndPoint@72874216{/127.0.0.1:65014<->/127.0.0.1:8080,OPEN,fill=FI,flush=-,to=2/30000}{io=1/0,kio=1,kro=1}->HttpConnection@7522ca46[p=HttpParser{s=START,0 of -1},g=HttpGenerator@c0a97c6{s=START}]=>HttpChannelOverHttp@787f2966{s=HttpChannelState@3d7da80d{s=IDLE rs=BLOCKING os=OPEN is=IDLE awp=false se=false i=true al=0},r=4,c=false/false,a=IDLE,uri=null,age=0}}}
13:18:50.290 [qtp2010498327-87] DEBUG org.eclipse.jetty.server.HttpConnection - HttpConnection@7522ca46::NetworkTrafficSocketChannelEndPoint@72874216{/127.0.0.1:65014<->/127.0.0.1:8080,OPEN,fill=-,flush=-,to=3/30000}{io=1/0,kio=1,kro=1}->HttpConnection@7522ca46[p=HttpParser{s=START,0 of -1},g=HttpGenerator@c0a97c6{s=START}]=>HttpChannelOverHttp@787f2966{s=HttpChannelState@3d7da80d{s=IDLE rs=BLOCKING os=OPEN is=IDLE awp=false se=false i=true al=0},r=4,c=false/false,a=IDLE,uri=null,age=0} onFillable enter HttpChannelState@3d7da80d{s=IDLE rs=BLOCKING os=OPEN is=IDLE awp=false se=false i=true al=0} null
13:18:50.291 [qtp2010498327-87] DEBUG org.eclipse.jetty.io.ChannelEndPoint - filled 263 HeapByteBuffer@70c4892d[p=0,l=263,c=8192,r=263]={<<<POST /__admin/requests/co...\r\n  "method" : "GET"\r\n}>>>e6c-a3178...\x00\x00\x00\x00\x00\x00\x00}
13:18:50.291 [qtp2010498327-87] DEBUG org.eclipse.jetty.server.HttpConnection - HttpConnection@7522ca46::NetworkTrafficSocketChannelEndPoint@72874216{/127.0.0.1:65014<->/127.0.0.1:8080,OPEN,fill=-,flush=-,to=0/30000}{io=1/0,kio=1,kro=1}->HttpConnection@7522ca46[p=HttpParser{s=START,0 of -1},g=HttpGenerator@c0a97c6{s=START}]=>HttpChannelOverHttp@787f2966{s=HttpChannelState@3d7da80d{s=IDLE rs=BLOCKING os=OPEN is=IDLE awp=false se=false i=true al=0},r=4,c=false/false,a=IDLE,uri=null,age=0} filled 263 HeapByteBuffer@70c4892d[p=0,l=263,c=8192,r=263]={<<<POST /__admin/requests/co...\r\n  "method" : "GET"\r\n}>>>e6c-a3178...\x00\x00\x00\x00\x00\x00\x00}
13:18:50.291 [qtp2010498327-87] DEBUG org.eclipse.jetty.server.HttpConnection - HttpConnection@7522ca46::NetworkTrafficSocketChannelEndPoint@72874216{/127.0.0.1:65014<->/127.0.0.1:8080,OPEN,fill=-,flush=-,to=0/30000}{io=1/0,kio=1,kro=1}->HttpConnection@7522ca46[p=HttpParser{s=START,0 of -1},g=HttpGenerator@c0a97c6{s=START}]=>HttpChannelOverHttp@787f2966{s=HttpChannelState@3d7da80d{s=IDLE rs=BLOCKING os=OPEN is=IDLE awp=false se=false i=true al=0},r=4,c=false/false,a=IDLE,uri=null,age=0} parse HeapByteBuffer@70c4892d[p=0,l=263,c=8192,r=263]={<<<POST /__admin/requests/co...\r\n  "method" : "GET"\r\n}>>>e6c-a3178...\x00\x00\x00\x00\x00\x00\x00} {}
13:18:50.291 [qtp2010498327-87] DEBUG org.eclipse.jetty.http.HttpParser - parseNext s=START HeapByteBuffer@70c4892d[p=0,l=263,c=8192,r=263]={<<<POST /__admin/requests/co...\r\n  "method" : "GET"\r\n}>>>e6c-a3178...\x00\x00\x00\x00\x00\x00\x00}
13:18:50.291 [qtp2010498327-87] DEBUG org.eclipse.jetty.http.HttpParser - START --> SPACE1
13:18:50.291 [qtp2010498327-87] DEBUG org.eclipse.jetty.http.HttpParser - SPACE1 --> URI
13:18:50.291 [qtp2010498327-87] DEBUG org.eclipse.jetty.http.HttpParser - URI --> SPACE2
13:18:50.291 [qtp2010498327-87] DEBUG org.eclipse.jetty.http.HttpParser - SPACE2 --> REQUEST_VERSION
13:18:50.291 [qtp2010498327-87] DEBUG org.eclipse.jetty.http.HttpParser - REQUEST_VERSION --> HEADER
13:18:50.291 [qtp2010498327-87] DEBUG org.eclipse.jetty.http.HttpParser - HEADER:Content-Length --> VALUE
13:18:50.291 [qtp2010498327-87] DEBUG org.eclipse.jetty.http.HttpParser - HEADER:Content-Length --> IN_VALUE
13:18:50.291 [qtp2010498327-87] DEBUG org.eclipse.jetty.http.HttpParser - HEADER:Content-Length --> FIELD
13:18:50.291 [qtp2010498327-87] DEBUG org.eclipse.jetty.http.HttpParser - HEADER:Content-Type: text/plain; charset=UTF-8 --> IN_VALUE
13:18:50.291 [qtp2010498327-87] DEBUG org.eclipse.jetty.http.HttpParser - HEADER:Content-Type: text/plain; charset=UTF-8 --> FIELD
13:18:50.291 [qtp2010498327-87] DEBUG org.eclipse.jetty.http.HttpParser - HEADER:Host: localhost:8080 --> IN_VALUE
13:18:50.291 [qtp2010498327-87] DEBUG org.eclipse.jetty.http.HttpParser - HEADER:Host: localhost:8080 --> FIELD
13:18:50.291 [qtp2010498327-87] DEBUG org.eclipse.jetty.http.HttpParser - HEADER:Connection: keep-alive --> IN_VALUE
13:18:50.291 [qtp2010498327-87] DEBUG org.eclipse.jetty.http.HttpParser - HEADER:Connection: keep-alive --> FIELD
13:18:50.291 [qtp2010498327-87] DEBUG org.eclipse.jetty.http.HttpParser - HEADER:User-Agent: Apache-HttpClient/4.5.12 (Java/11.0.2) --> IN_VALUE
13:18:50.291 [qtp2010498327-87] DEBUG org.eclipse.jetty.http.HttpParser - HEADER:User-Agent: Apache-HttpClient/4.5.12 (Java/11.0.2) --> FIELD
13:18:50.291 [qtp2010498327-87] DEBUG org.eclipse.jetty.http.HttpParser - HEADER --> CONTENT
13:18:50.291 [qtp2010498327-87] DEBUG org.eclipse.jetty.server.HttpChannel - REQUEST for //localhost:8080/__admin/requests/count on HttpChannelOverHttp@787f2966{s=HttpChannelState@3d7da80d{s=IDLE rs=BLOCKING os=OPEN is=IDLE awp=false se=false i=true al=0},r=5,c=false/false,a=IDLE,uri=//localhost:8080/__admin/requests/count,age=0}
POST //localhost:8080/__admin/requests/count HTTP/1.1
Content-Length: 63
Content-Type: text/plain; charset=UTF-8
Host: localhost:8080
Connection: keep-alive
User-Agent: Apache-HttpClient/4.5.12 (Java/11.0.2)


13:18:50.292 [qtp2010498327-87] DEBUG org.eclipse.jetty.server.HttpConnection - HttpConnection@7522ca46::NetworkTrafficSocketChannelEndPoint@72874216{/127.0.0.1:65014<->/127.0.0.1:8080,OPEN,fill=-,flush=-,to=0/30000}{io=1/0,kio=1,kro=1}->HttpConnection@7522ca46[p=HttpParser{s=CONTENT,0 of 63},g=HttpGenerator@c0a97c6{s=START}]=>HttpChannelOverHttp@787f2966{s=HttpChannelState@3d7da80d{s=IDLE rs=BLOCKING os=OPEN is=IDLE awp=false se=false i=true al=0},r=5,c=false/false,a=IDLE,uri=//localhost:8080/__admin/requests/count,age=1} parsed true HttpParser{s=CONTENT,0 of 63}
13:18:50.292 [qtp2010498327-87] DEBUG org.eclipse.jetty.server.HttpChannel - handle //localhost:8080/__admin/requests/count HttpChannelOverHttp@787f2966{s=HttpChannelState@3d7da80d{s=IDLE rs=BLOCKING os=OPEN is=IDLE awp=false se=false i=true al=0},r=5,c=false/false,a=IDLE,uri=//localhost:8080/__admin/requests/count,age=1} 
13:18:50.292 [qtp2010498327-87] DEBUG org.eclipse.jetty.server.HttpChannelState - handling HttpChannelState@3d7da80d{s=IDLE rs=BLOCKING os=OPEN is=IDLE awp=false se=false i=true al=0}
13:18:50.292 [qtp2010498327-87] DEBUG org.eclipse.jetty.server.HttpChannel - action DISPATCH HttpChannelOverHttp@787f2966{s=HttpChannelState@3d7da80d{s=HANDLING rs=BLOCKING os=OPEN is=IDLE awp=false se=false i=true al=0},r=5,c=false/false,a=HANDLING,uri=//localhost:8080/__admin/requests/count,age=1}
13:18:50.292 [qtp2010498327-87] DEBUG org.eclipse.jetty.server.Server - REQUEST POST /__admin/requests/count on HttpChannelOverHttp@787f2966{s=HttpChannelState@3d7da80d{s=HANDLING rs=BLOCKING os=OPEN is=IDLE awp=false se=false i=true al=0},r=5,c=false/false,a=HANDLING,uri=//localhost:8080/__admin/requests/count,age=1}
13:18:50.292 [qtp2010498327-87] DEBUG org.eclipse.jetty.server.handler.ContextHandler - scope null||/__admin/requests/count @ o.e.j.s.ServletContextHandler@3f5d4750{/__admin,null,AVAILABLE}
13:18:50.292 [qtp2010498327-87] DEBUG org.eclipse.jetty.server.handler.ContextHandler - context=/__admin||/requests/count @ o.e.j.s.ServletContextHandler@3f5d4750{/__admin,null,AVAILABLE}
13:18:50.292 [qtp2010498327-87] DEBUG org.eclipse.jetty.servlet.ServletHandler - servlet /__admin|/requests/count|null -> com.github.tomakehurst.wiremock.servlet.WireMockHandlerDispatchingServlet-753c5bc6@8b07c==com.github.tomakehurst.wiremock.servlet.WireMockHandlerDispatchingServlet,jsp=null,order=-1,inst=true,async=true
13:18:50.292 [qtp2010498327-87] DEBUG org.eclipse.jetty.servlet.ServletHandler - chain=org.eclipse.jetty.servlets.CrossOriginFilter-35c51532@35c51532==org.eclipse.jetty.servlets.CrossOriginFilter,inst=true,async=true->com.github.tomakehurst.wiremock.servlet.WireMockHandlerDispatchingServlet-753c5bc6@8b07c==com.github.tomakehurst.wiremock.servlet.WireMockHandlerDispatchingServlet,jsp=null,order=-1,inst=true,async=true
13:18:50.292 [qtp2010498327-87] DEBUG org.eclipse.jetty.servlet.ServletHandler - call filter org.eclipse.jetty.servlets.CrossOriginFilter-35c51532@35c51532==org.eclipse.jetty.servlets.CrossOriginFilter,inst=true,async=true
13:18:50.292 [qtp2010498327-87] DEBUG org.eclipse.jetty.servlet.ServletHandler - call servlet com.github.tomakehurst.wiremock.servlet.WireMockHandlerDispatchingServlet-753c5bc6@8b07c==com.github.tomakehurst.wiremock.servlet.WireMockHandlerDispatchingServlet,jsp=null,order=-1,inst=true,async=true
13:18:50.293 [qtp2010498327-89] DEBUG org.eclipse.jetty.util.thread.QueuedThreadPool - run ReservedThreadExecutor@1826c076{s=0/1,p=1}@3ec1c654 in QueuedThreadPool[qtp2010498327]@77d5c517{STARTED,8<=8<=14,i=1,r=1,q=0}[ReservedThreadExecutor@1826c076{s=0/1,p=1}]
13:18:50.293 [qtp2010498327-89] DEBUG org.eclipse.jetty.util.thread.ReservedThreadExecutor - ReservedThreadExecutor@1826c076{s=1/1,p=1}@3ec1c654 started
13:18:50.293 [qtp2010498327-89] DEBUG org.eclipse.jetty.util.thread.ReservedThreadExecutor - ReservedThreadExecutor@1826c076{s=1/1,p=0}@3ec1c654 waiting
13:18:50.293 [qtp2010498327-83] DEBUG org.eclipse.jetty.util.thread.ReservedThreadExecutor - ReservedThreadExecutor@1826c076{s=0/1,p=1}@58e9ac43 task=EatWhatYouKill@15c4be73/SelectorProducer@691db8ef/IDLE/p=true/QueuedThreadPool[qtp2010498327]@77d5c517{STARTED,8<=8<=14,i=1,r=1,q=0}[ReservedThreadExecutor@1826c076{s=0/1,p=1}][pc=0,pic=0,pec=1,epc=4]@2020-09-25T13:18:50.2936951+02:00
13:18:50.293 [qtp2010498327-87] DEBUG org.eclipse.jetty.server.HttpConnection - HttpConnection@7522ca46::NetworkTrafficSocketChannelEndPoint@72874216{/127.0.0.1:65014<->/127.0.0.1:8080,OPEN,fill=-,flush=-,to=2/30000}{io=1/0,kio=1,kro=1}->HttpConnection@7522ca46[p=HttpParser{s=CONTENT,0 of 63},g=HttpGenerator@c0a97c6{s=START}]=>HttpChannelOverHttp@787f2966{s=HttpChannelState@3d7da80d{s=HANDLING rs=BLOCKING os=OPEN is=IDLE awp=false se=false i=true al=0},r=5,c=false/false,a=HANDLING,uri=//localhost:8080/__admin/requests/count,age=2} parse HeapByteBuffer@70c4892d[p=200,l=263,c=8192,r=63]={POST /__a....2)\r\n\r\n<<<{\r\n  "url" : "/api/v0/com...\r\n  "method" : "GET"\r\n}>>>e6c-a3178...\x00\x00\x00\x00\x00\x00\x00} {}
13:18:50.293 [qtp2010498327-87] DEBUG org.eclipse.jetty.http.HttpParser - parseNext s=CONTENT HeapByteBuffer@70c4892d[p=200,l=263,c=8192,r=63]={POST /__a....2)\r\n\r\n<<<{\r\n  "url" : "/api/v0/com...\r\n  "method" : "GET"\r\n}>>>e6c-a3178...\x00\x00\x00\x00\x00\x00\x00}
13:18:50.293 [qtp2010498327-83] DEBUG org.eclipse.jetty.util.thread.strategy.EatWhatYouKill - EatWhatYouKill@15c4be73/SelectorProducer@691db8ef/IDLE/p=true/QueuedThreadPool[qtp2010498327]@77d5c517{STARTED,8<=8<=14,i=1,r=1,q=0}[ReservedThreadExecutor@1826c076{s=1/1,p=0}][pc=0,pic=0,pec=1,epc=4]@2020-09-25T13:18:50.2936951+02:00 tryProduce true
13:18:50.293 [qtp2010498327-83] DEBUG org.eclipse.jetty.io.ManagedSelector - updateable 0
13:18:50.293 [qtp2010498327-87] DEBUG org.eclipse.jetty.server.HttpChannel - onContent HttpChannelOverHttp@787f2966{s=HttpChannelState@3d7da80d{s=HANDLING rs=BLOCKING os=OPEN is=IDLE awp=false se=false i=true al=0},r=5,c=false/false,a=HANDLING,uri=//localhost:8080/__admin/requests/count,age=2} Content@66add2ed{HeapByteBufferR@16bb436b[p=200,l=263,c=8192,r=63]={POST /__a....2)\r\n\r\n<<<{\r\n  "url" : "/api/v0/com...\r\n  "method" : "GET"\r\n}>>>e6c-a3178...\x00\x00\x00\x00\x00\x00\x00}}
13:18:50.293 [qtp2010498327-87] DEBUG org.eclipse.jetty.server.HttpInput - HttpInputOverHTTP@6be70855[c=0,q=0,[0]=null,s=STREAM] addContent Content@66add2ed{HeapByteBufferR@16bb436b[p=200,l=263,c=8192,r=63]={POST /__a....2)\r\n\r\n<<<{\r\n  "url" : "/api/v0/com...\r\n  "method" : "GET"\r\n}>>>e6c-a3178...\x00\x00\x00\x00\x00\x00\x00}}
13:18:50.293 [qtp2010498327-87] DEBUG org.eclipse.jetty.http.HttpParser - CONTENT --> CONTENT_END
13:18:50.293 [qtp2010498327-87] DEBUG org.eclipse.jetty.server.HttpChannel - onContentComplete HttpChannelOverHttp@787f2966{s=HttpChannelState@3d7da80d{s=HANDLING rs=BLOCKING os=OPEN is=IDLE awp=false se=false i=true al=0},r=5,c=false/false,a=HANDLING,uri=//localhost:8080/__admin/requests/count,age=2}
13:18:50.293 [qtp2010498327-87] DEBUG org.eclipse.jetty.http.HttpParser - CONTENT_END --> END
13:18:50.293 [qtp2010498327-87] DEBUG org.eclipse.jetty.server.HttpChannel - onRequestComplete HttpChannelOverHttp@787f2966{s=HttpChannelState@3d7da80d{s=HANDLING rs=BLOCKING os=OPEN is=IDLE awp=false se=false i=true al=0},r=5,c=false/false,a=HANDLING,uri=//localhost:8080/__admin/requests/count,age=2}
13:18:50.293 [qtp2010498327-87] DEBUG org.eclipse.jetty.server.HttpInput - HttpInputOverHTTP@6be70855[c=0,q=1,[0]=EOF,s=STREAM] addContent EOF
13:18:50.293 [qtp2010498327-83] DEBUG org.eclipse.jetty.io.ManagedSelector - updates 0
13:18:50.293 [qtp2010498327-87] DEBUG org.eclipse.jetty.server.HttpConnection - HttpConnection@7522ca46::NetworkTrafficSocketChannelEndPoint@72874216{/127.0.0.1:65014<->/127.0.0.1:8080,OPEN,fill=-,flush=-,to=2/30000}{io=1/0,kio=1,kro=1}->HttpConnection@7522ca46[p=HttpParser{s=END,63 of 63},g=HttpGenerator@c0a97c6{s=START}]=>HttpChannelOverHttp@787f2966{s=HttpChannelState@3d7da80d{s=HANDLING rs=BLOCKING os=OPEN is=IDLE awp=false se=false i=true al=0},r=5,c=false/false,a=HANDLING,uri=//localhost:8080/__admin/requests/count,age=2} parsed false HttpParser{s=END,63 of 63}
13:18:50.293 [qtp2010498327-87] DEBUG org.eclipse.jetty.server.HttpInput - HttpInputOverHTTP@6be70855[c=63,q=1,[0]=EOF,s=STREAM] read 63 from Content@66add2ed{HeapByteBufferR@16bb436b[p=263,l=263,c=8192,r=0]={POST /__a...GET"\r\n}<<<>>>e6c-a3178...\x00\x00\x00\x00\x00\x00\x00}}
13:18:50.293 [qtp2010498327-83] DEBUG org.eclipse.jetty.io.ChannelEndPoint - Key interests updated 1 -> 0 on NetworkTrafficSocketChannelEndPoint@72874216{/127.0.0.1:65014<->/127.0.0.1:8080,OPEN,fill=-,flush=-,to=2/30000}{io=0/0,kio=0,kro=1}->HttpConnection@7522ca46[p=HttpParser{s=END,63 of 63},g=HttpGenerator@c0a97c6{s=START}]=>HttpChannelOverHttp@787f2966{s=HttpChannelState@3d7da80d{s=HANDLING rs=BLOCKING os=OPEN is=IDLE awp=false se=false i=true al=0},r=5,c=false/false,a=HANDLING,uri=//localhost:8080/__admin/requests/count,age=2}
13:18:50.293 [qtp2010498327-83] DEBUG org.eclipse.jetty.io.ManagedSelector - Selector sun.nio.ch.WindowsSelectorImpl@6af36ac3 waiting with 2 keys
13:18:50.293 [qtp2010498327-87] DEBUG org.eclipse.jetty.server.HttpConnection - releaseRequestBuffer HttpConnection@7522ca46::NetworkTrafficSocketChannelEndPoint@72874216{/127.0.0.1:65014<->/127.0.0.1:8080,OPEN,fill=-,flush=-,to=2/30000}{io=0/0,kio=0,kro=1}->HttpConnection@7522ca46[p=HttpParser{s=END,63 of 63},g=HttpGenerator@c0a97c6{s=START}]=>HttpChannelOverHttp@787f2966{s=HttpChannelState@3d7da80d{s=HANDLING rs=BLOCKING os=OPEN is=IDLE awp=false se=false i=true al=0},r=5,c=false/false,a=HANDLING,uri=//localhost:8080/__admin/requests/count,age=2}
13:18:50.293 [qtp2010498327-87] DEBUG org.eclipse.jetty.server.HttpChannelState - onEof HttpChannelState@3d7da80d{s=HANDLING rs=BLOCKING os=OPEN is=IDLE awp=false se=false i=true al=0}
13:18:50.306 [qtp2010498327-87] DEBUG org.eclipse.jetty.server.HttpOutput - write(array HeapByteBuffer@591ceeb9[p=0,l=56,c=8192,r=56]={<<<{\r\n  "count" : 0,\r\n  "req...nalDisabled" : false\r\n}>>>\x00\x00\x00\x00\x00\x00\x00\x00\x00...\x00\x00\x00\x00\x00\x00\x00})
13:18:50.306 [qtp2010498327-87] DEBUG org.eclipse.jetty.server.HttpOutput - write(array) s=OPEN,api=BLOCKING,sc=false,e=null aggregated !flush DirectByteBuffer@13f8a8b3[p=0,l=56,c=32768,r=56]={<<<{\r\n  "count" : 0,\r\n  "req...nalDisabled" : false\r\n}>>>request" ...\x00\x00\x00\x00\x00\x00\x00}
13:18:50.306 [qtp2010498327-87] DEBUG org.eclipse.jetty.server.HttpChannel - sendResponse info=null content=DirectByteBuffer@13f8a8b3[p=0,l=56,c=32768,r=56]={<<<{\r\n  "count" : 0,\r\n  "req...nalDisabled" : false\r\n}>>>request" ...\x00\x00\x00\x00\x00\x00\x00} complete=false committing=true callback=Blocker@5f118c31{null}
13:18:50.306 [qtp2010498327-87] DEBUG org.eclipse.jetty.server.HttpChannel - COMMIT for /__admin/requests/count on HttpChannelOverHttp@787f2966{s=HttpChannelState@3d7da80d{s=HANDLING rs=BLOCKING os=COMMITTED is=READY awp=false se=false i=true al=0},r=5,c=false/false,a=HANDLING,uri=//localhost:8080/__admin/requests/count,age=15}
200 null HTTP/1.1
Content-Type: application/json


13:18:50.307 [qtp2010498327-87] DEBUG org.eclipse.jetty.server.HttpConnection - generate: NEED_HEADER for org.eclipse.jetty.server.HttpConnection$SendCallback@c678226[PROCESSING][i=HTTP/1.1{s=200,h=1,cl=-1},cb=org.eclipse.jetty.server.HttpChannel$SendCallback@69df70a8] (null,[p=0,l=56,c=32768,r=56],false)@START
13:18:50.307 [qtp2010498327-87] DEBUG org.eclipse.jetty.http.HttpGenerator - generateHeaders HTTP/1.1{s=200,h=1,cl=-1} last=false content=DirectByteBuffer@13f8a8b3[p=0,l=56,c=32768,r=56]={<<<{\r\n  "count" : 0,\r\n  "req...nalDisabled" : false\r\n}>>>request" ...\x00\x00\x00\x00\x00\x00\x00}
13:18:50.307 [qtp2010498327-87] DEBUG org.eclipse.jetty.http.HttpGenerator - Content-Type: application/json


13:18:50.307 [qtp2010498327-87] DEBUG org.eclipse.jetty.http.HttpGenerator - CHUNKED_CONTENT
13:18:50.307 [qtp2010498327-87] DEBUG org.eclipse.jetty.server.HttpConnection - generate: FLUSH for org.eclipse.jetty.server.HttpConnection$SendCallback@c678226[PROCESSING][i=HTTP/1.1{s=200,h=1,cl=-1},cb=org.eclipse.jetty.server.HttpChannel$SendCallback@69df70a8] ([p=0,l=116,c=8192,r=116],[p=0,l=56,c=32768,r=56],false)@COMMITTED
13:18:50.307 [qtp2010498327-87] DEBUG org.eclipse.jetty.io.WriteFlusher - write: WriteFlusher@8fcc2a3{IDLE}->null [HeapByteBuffer@70c4892d[p=0,l=116,c=8192,r=116]={<<<HTTP/1.1 200 OK\r\nContent-...4.28.v20200408)\r\n\r\n38\r\n>>>8080\r\nCon...\x00\x00\x00\x00\x00\x00\x00},DirectByteBuffer@13f8a8b3[p=0,l=56,c=32768,r=56]={<<<{\r\n  "count" : 0,\r\n  "req...nalDisabled" : false\r\n}>>>request" ...\x00\x00\x00\x00\x00\x00\x00}]
13:18:50.307 [qtp2010498327-87] DEBUG org.eclipse.jetty.io.WriteFlusher - update WriteFlusher@8fcc2a3{WRITING}->null:IDLE-->WRITING
13:18:50.307 [Test worker] DEBUG org.apache.http.wire - http-outgoing-5 << "HTTP/1.1 200 OK[\r][\n]"
13:18:50.307 [Test worker] DEBUG org.apache.http.wire - http-outgoing-5 << "Content-Type: application/json[\r][\n]"
13:18:50.307 [Test worker] DEBUG org.apache.http.wire - http-outgoing-5 << "Transfer-Encoding: chunked[\r][\n]"
13:18:50.307 [Test worker] DEBUG org.apache.http.wire - http-outgoing-5 << "Server: Jetty(9.4.28.v20200408)[\r][\n]"
13:18:50.307 [Test worker] DEBUG org.apache.http.wire - http-outgoing-5 << "[\r][\n]"
13:18:50.307 [Test worker] DEBUG org.apache.http.wire - http-outgoing-5 << "38[\r][\n]"
13:18:50.307 [qtp2010498327-87] DEBUG org.eclipse.jetty.io.ChannelEndPoint - flushed 116 NetworkTrafficSocketChannelEndPoint@72874216{/127.0.0.1:65014<->/127.0.0.1:8080,OPEN,fill=-,flush=W,to=16/30000}{io=0/0,kio=0,kro=1}->HttpConnection@7522ca46[p=HttpParser{s=END,63 of 63},g=HttpGenerator@c0a97c6{s=COMMITTED}]=>HttpChannelOverHttp@787f2966{s=HttpChannelState@3d7da80d{s=HANDLING rs=BLOCKING os=COMMITTED is=READY awp=false se=false i=true al=0},r=5,c=false/false,a=HANDLING,uri=//localhost:8080/__admin/requests/count,age=16}
13:18:50.307 [Test worker] DEBUG org.apache.http.headers - http-outgoing-5 << HTTP/1.1 200 OK
13:18:50.307 [Test worker] DEBUG org.apache.http.headers - http-outgoing-5 << Content-Type: application/json
13:18:50.307 [Test worker] DEBUG org.apache.http.headers - http-outgoing-5 << Transfer-Encoding: chunked
13:18:50.307 [qtp2010498327-87] DEBUG org.eclipse.jetty.io.ChannelEndPoint - flushed 56 NetworkTrafficSocketChannelEndPoint@72874216{/127.0.0.1:65014<->/127.0.0.1:8080,OPEN,fill=-,flush=W,to=0/30000}{io=0/0,kio=0,kro=1}->HttpConnection@7522ca46[p=HttpParser{s=END,63 of 63},g=HttpGenerator@c0a97c6{s=COMMITTED}]=>HttpChannelOverHttp@787f2966{s=HttpChannelState@3d7da80d{s=HANDLING rs=BLOCKING os=COMMITTED is=READY awp=false se=false i=true al=0},r=5,c=false/false,a=HANDLING,uri=//localhost:8080/__admin/requests/count,age=16}
13:18:50.307 [Test worker] DEBUG org.apache.http.headers - http-outgoing-5 << Server: Jetty(9.4.28.v20200408)
13:18:50.307 [qtp2010498327-87] DEBUG org.eclipse.jetty.io.WriteFlusher - Flushed=true written=172 remaining=0 WriteFlusher@8fcc2a3{WRITING}->null
13:18:50.307 [qtp2010498327-87] DEBUG org.eclipse.jetty.io.WriteFlusher - update WriteFlusher@8fcc2a3{IDLE}->null:WRITING-->IDLE
13:18:50.307 [qtp2010498327-87] DEBUG org.eclipse.jetty.server.HttpConnection - generate: DONE for org.eclipse.jetty.server.HttpConnection$SendCallback@c678226[PROCESSING][i=HTTP/1.1{s=200,h=1,cl=-1},cb=org.eclipse.jetty.server.HttpChannel$SendCallback@69df70a8] ([p=116,l=116,c=8192,r=0],[p=56,l=56,c=32768,r=0],false)@COMMITTED
13:18:50.307 [Test worker] DEBUG org.apache.http.impl.execchain.MainClientExec - Connection can be kept alive indefinitely
13:18:50.307 [qtp2010498327-87] DEBUG org.eclipse.jetty.server.HttpOutput - onWriteComplete(false,null) s=OPEN,api=BLOCKED,sc=false,e=null->s=OPEN,api=BLOCKING,sc=false,e=null c=null cb=null w=false
13:18:50.307 [qtp2010498327-87] DEBUG org.eclipse.jetty.server.HttpOutput - close() s=CLOSING,api=BLOCKED,sc=false,e=null c=HeapByteBuffer@137d328[p=0,l=0,c=0,r=0]={<<<>>>} b=Blocker@5f118c31{null}
13:18:50.307 [qtp2010498327-87] DEBUG org.eclipse.jetty.server.HttpChannel - sendResponse info=null content=HeapByteBuffer@137d328[p=0,l=0,c=0,r=0]={<<<>>>} complete=true committing=false callback=Blocker@5f118c31{null}
13:18:50.308 [qtp2010498327-87] DEBUG org.eclipse.jetty.server.HttpConnection - generate: CONTINUE for org.eclipse.jetty.server.HttpConnection$SendCallback@c678226[PROCESSING][i=null,cb=org.eclipse.jetty.server.HttpChannel$SendCallback@616dfdc4] (null,[p=0,l=0,c=0,r=0],true)@COMPLETING
13:18:50.308 [qtp2010498327-87] DEBUG org.eclipse.jetty.server.HttpConnection - generate: NEED_CHUNK for org.eclipse.jetty.server.HttpConnection$SendCallback@c678226[PROCESSING][i=null,cb=org.eclipse.jetty.server.HttpChannel$SendCallback@616dfdc4] (null,[p=0,l=0,c=0,r=0],true)@COMPLETING
13:18:50.308 [qtp2010498327-87] DEBUG org.eclipse.jetty.server.HttpConnection - generate: FLUSH for org.eclipse.jetty.server.HttpConnection$SendCallback@c678226[PROCESSING][i=null,cb=org.eclipse.jetty.server.HttpChannel$SendCallback@616dfdc4] (null,[p=0,l=0,c=0,r=0],true)@COMPLETING
13:18:50.308 [Test worker] DEBUG org.apache.http.wire - http-outgoing-5 << "{[\r][\n]"
13:18:50.308 [Test worker] DEBUG org.apache.http.wire - http-outgoing-5 << "  "count" : 0,[\r][\n]"
13:18:50.308 [Test worker] DEBUG org.apache.http.wire - http-outgoing-5 << "  "requestJournalDisabled" : false[\r][\n]"
13:18:50.308 [qtp2010498327-87] DEBUG org.eclipse.jetty.io.WriteFlusher - write: WriteFlusher@8fcc2a3{IDLE}->null [HeapByteBuffer@6b996876[p=0,l=7,c=1024,r=7]={<<<\r\n0\r\n\r\n>>>\x00\x00\x00\x00\x00\x00\x00\x00\x00...\x00\x00\x00\x00\x00\x00\x00}]
13:18:50.308 [Test worker] DEBUG org.apache.http.wire - http-outgoing-5 << "}"
13:18:50.308 [qtp2010498327-87] DEBUG org.eclipse.jetty.io.WriteFlusher - update WriteFlusher@8fcc2a3{WRITING}->null:IDLE-->WRITING
13:18:50.308 [Test worker] DEBUG org.apache.http.wire - http-outgoing-5 << "[\r][\n]"
13:18:50.308 [Test worker] DEBUG org.apache.http.wire - http-outgoing-5 << "0[\r][\n]"
13:18:50.308 [Test worker] DEBUG org.apache.http.wire - http-outgoing-5 << "[\r][\n]"
13:18:50.308 [qtp2010498327-87] DEBUG org.eclipse.jetty.io.ChannelEndPoint - flushed 7 NetworkTrafficSocketChannelEndPoint@72874216{/127.0.0.1:65014<->/127.0.0.1:8080,OPEN,fill=-,flush=W,to=0/30000}{io=0/0,kio=0,kro=1}->HttpConnection@7522ca46[p=HttpParser{s=END,63 of 63},g=HttpGenerator@c0a97c6{s=COMPLETING}]=>HttpChannelOverHttp@787f2966{s=HttpChannelState@3d7da80d{s=HANDLING rs=BLOCKING os=COMMITTED is=READY awp=false se=false i=true al=0},r=5,c=false/false,a=HANDLING,uri=//localhost:8080/__admin/requests/count,age=17}
13:18:50.308 [Test worker] DEBUG org.apache.http.impl.conn.PoolingHttpClientConnectionManager - Connection [id: 5][route: {}->http://localhost:8080] can be kept alive indefinitely
13:18:50.308 [Test worker] DEBUG org.apache.http.impl.conn.DefaultManagedHttpClientConnection - http-outgoing-5: set socket timeout to 0
13:18:50.308 [qtp2010498327-87] DEBUG org.eclipse.jetty.io.WriteFlusher - Flushed=true written=7 remaining=0 WriteFlusher@8fcc2a3{WRITING}->null
13:18:50.308 [qtp2010498327-87] DEBUG org.eclipse.jetty.io.WriteFlusher - update WriteFlusher@8fcc2a3{IDLE}->null:WRITING-->IDLE
13:18:50.308 [Test worker] DEBUG org.apache.http.impl.conn.PoolingHttpClientConnectionManager - Connection released: [id: 5][route: {}->http://localhost:8080][total available: 1; route allocated: 1 of 5; total allocated: 1 of 50]
13:18:50.308 [qtp2010498327-87] DEBUG org.eclipse.jetty.server.HttpConnection - generate: DONE for org.eclipse.jetty.server.HttpConnection$SendCallback@c678226[PROCESSING][i=null,cb=org.eclipse.jetty.server.HttpChannel$SendCallback@616dfdc4] (null,[p=0,l=0,c=0,r=0],true)@END
13:18:50.308 [qtp2010498327-87] DEBUG org.eclipse.jetty.server.HttpOutput - onWriteComplete(true,null) s=CLOSING,api=BLOCKED,sc=false,e=null->s=CLOSED,api=BLOCKING,sc=false,e=null c=null cb=null w=false
13:18:50.308 [qtp2010498327-87] DEBUG org.eclipse.jetty.server.handler.gzip.GzipHandler - GzipHandler@34f0fdaa{STARTED,min=32,inflate=-1} handle Request[POST //localhost:8080/__admin/requests/count]@fcd9133 in null
13:18:50.308 [qtp2010498327-87] DEBUG org.eclipse.jetty.server.handler.ContextHandler - scope null||/__admin/requests/count @ o.e.j.s.ServletContextHandler@301dacc2{/,null,AVAILABLE}
13:18:50.308 [qtp2010498327-87] DEBUG org.eclipse.jetty.server.Server - handled=true async=false committed=true on HttpChannelOverHttp@787f2966{s=HttpChannelState@3d7da80d{s=HANDLING rs=BLOCKING os=COMPLETED is=READY awp=false se=false i=true al=0},r=5,c=false/true,a=HANDLING,uri=//localhost:8080/__admin/requests/count,age=17}
13:18:50.308 [qtp2010498327-87] DEBUG org.eclipse.jetty.server.HttpChannelState - unhandle HttpChannelState@3d7da80d{s=HANDLING rs=BLOCKING os=COMPLETED is=READY awp=false se=false i=true al=0}
13:18:50.308 [qtp2010498327-87] DEBUG org.eclipse.jetty.server.HttpChannelState - nextAction(false) COMPLETE HttpChannelState@3d7da80d{s=HANDLING rs=COMPLETING os=COMPLETED is=READY awp=false se=false i=false al=0}
13:18:50.308 [qtp2010498327-87] DEBUG org.eclipse.jetty.server.HttpChannel - action COMPLETE HttpChannelOverHttp@787f2966{s=HttpChannelState@3d7da80d{s=HANDLING rs=COMPLETING os=COMPLETED is=READY awp=false se=false i=false al=0},r=5,c=false/true,a=HANDLING,uri=//localhost:8080/__admin/requests/count,age=17}
13:18:50.308 [qtp2010498327-87] DEBUG org.eclipse.jetty.server.HttpOutput - complete(org.eclipse.jetty.util.Callback$4@2d015a99) s=CLOSED,api=BLOCKING,sc=false,e=null s=true e=null, c=null
13:18:50.308 [Test worker] DEBUG org.eclipse.jetty.util.component.AbstractLifeCycle - stopping Server@1bea6209{STARTED}[9.4.28.v20200408]
13:18:50.308 [qtp2010498327-87] DEBUG org.eclipse.jetty.server.HttpChannelState - completed HttpChannelState@3d7da80d{s=HANDLING rs=COMPLETING os=COMPLETED is=READY awp=false se=false i=false al=0}
13:18:50.308 [Test worker] DEBUG org.eclipse.jetty.server.Server - doStop Server@1bea6209{STOPPING}[9.4.28.v20200408]
13:18:50.308 [qtp2010498327-87] DEBUG org.eclipse.jetty.server.HttpChannelState - unhandle HttpChannelState@3d7da80d{s=HANDLING rs=COMPLETED os=COMPLETED is=READY awp=false se=false i=false al=0}
13:18:50.308 [qtp2010498327-87] DEBUG org.eclipse.jetty.server.HttpChannelState - nextAction(false) TERMINATED HttpChannelState@3d7da80d{s=IDLE rs=COMPLETED os=COMPLETED is=READY awp=false se=false i=false al=0}
13:18:50.308 [qtp2010498327-87] DEBUG org.eclipse.jetty.server.HttpChannel - action TERMINATED HttpChannelOverHttp@787f2966{s=HttpChannelState@3d7da80d{s=IDLE rs=COMPLETED os=COMPLETED is=READY awp=false se=false i=false al=0},r=5,c=true/true,a=IDLE,uri=//localhost:8080/__admin/requests/count,age=17}
13:18:50.308 [qtp2010498327-87] DEBUG org.eclipse.jetty.server.HttpChannel - onCompleted for /__admin/requests/count written=56
13:18:50.309 [qtp2010498327-87] DEBUG org.eclipse.jetty.server.HttpChannelState - recycle HttpChannelState@3d7da80d{s=IDLE rs=COMPLETED os=COMPLETED is=READY awp=false se=false i=false al=0}
13:18:50.309 [qtp2010498327-87] DEBUG org.eclipse.jetty.http.HttpParser - reset HttpParser{s=END,63 of 63}
13:18:50.309 [qtp2010498327-87] DEBUG org.eclipse.jetty.http.HttpParser - END --> START
13:18:50.309 [qtp2010498327-87] DEBUG org.eclipse.jetty.server.HttpChannel - !handle TERMINATED HttpChannelOverHttp@787f2966{s=HttpChannelState@3d7da80d{s=IDLE rs=BLOCKING os=OPEN is=IDLE awp=false se=false i=true al=0},r=5,c=false/false,a=IDLE,uri=null,age=0}
13:18:50.309 [Test worker] DEBUG org.eclipse.jetty.util.component.AbstractLifeCycle - stopping NetworkTrafficServerConnector@44d9c01f{HTTP/1.1, (http/1.1)}{0.0.0.0:8080}
13:18:50.309 [qtp2010498327-87] DEBUG org.eclipse.jetty.io.ChannelEndPoint - filled 0 HeapByteBuffer@70c4892d[p=0,l=0,c=8192,r=0]={<<<>>>HTTP/1.1 ...\x00\x00\x00\x00\x00\x00\x00}
13:18:50.309 [qtp2010498327-87] DEBUG org.eclipse.jetty.io.ChannelEndPoint - filled 0 HeapByteBuffer@70c4892d[p=0,l=0,c=8192,r=0]={<<<>>>HTTP/1.1 ...\x00\x00\x00\x00\x00\x00\x00}
13:18:50.309 [Test worker] DEBUG org.eclipse.jetty.util.component.AbstractLifeCycle - stopping SelectorManager@NetworkTrafficServerConnector@44d9c01f{HTTP/1.1, (http/1.1)}{0.0.0.0:8080}
13:18:50.309 [Test worker] DEBUG org.eclipse.jetty.util.component.AbstractLifeCycle - stopping ManagedSelector@28cd349f{STARTED} id=1 keys=2 selected=0 updates=0
13:18:50.309 [Test worker] DEBUG org.eclipse.jetty.io.ManagedSelector - Queued change org.eclipse.jetty.io.ManagedSelector$CloseConnections@36196cb7 on ManagedSelector@28cd349f{STOPPING} id=1 keys=2 selected=0 updates=0
13:18:50.309 [qtp2010498327-87] DEBUG org.eclipse.jetty.server.HttpConnection - HttpConnection@7522ca46::NetworkTrafficSocketChannelEndPoint@72874216{/127.0.0.1:65014<->/127.0.0.1:8080,OPEN,fill=-,flush=-,to=0/30000}{io=0/0,kio=0,kro=1}->HttpConnection@7522ca46[p=HttpParser{s=START,0 of -1},g=HttpGenerator@c0a97c6{s=START}]=>HttpChannelOverHttp@787f2966{s=HttpChannelState@3d7da80d{s=IDLE rs=BLOCKING os=OPEN is=IDLE awp=false se=false i=true al=0},r=5,c=false/false,a=IDLE,uri=null,age=0} filled 0 HeapByteBuffer@70c4892d[p=0,l=0,c=8192,r=0]={<<<>>>HTTP/1.1 ...\x00\x00\x00\x00\x00\x00\x00}
13:18:50.309 [Test worker] DEBUG org.eclipse.jetty.io.ManagedSelector - Wakeup on submit ManagedSelector@28cd349f{STOPPING} id=1 keys=2 selected=0 updates=1
13:18:50.309 [qtp2010498327-87] DEBUG org.eclipse.jetty.server.HttpConnection - HttpConnection@7522ca46::NetworkTrafficSocketChannelEndPoint@72874216{/127.0.0.1:65014<->/127.0.0.1:8080,OPEN,fill=-,flush=-,to=0/30000}{io=0/0,kio=0,kro=1}->HttpConnection@7522ca46[p=HttpParser{s=START,0 of -1},g=HttpGenerator@c0a97c6{s=START}]=>HttpChannelOverHttp@787f2966{s=HttpChannelState@3d7da80d{s=IDLE rs=BLOCKING os=OPEN is=IDLE awp=false se=false i=true al=0},r=5,c=false/false,a=IDLE,uri=null,age=0} parse HeapByteBuffer@70c4892d[p=0,l=0,c=8192,r=0]={<<<>>>HTTP/1.1 ...\x00\x00\x00\x00\x00\x00\x00} {}
13:18:50.309 [qtp2010498327-87] DEBUG org.eclipse.jetty.http.HttpParser - parseNext s=START HeapByteBuffer@70c4892d[p=0,l=0,c=8192,r=0]={<<<>>>HTTP/1.1 ...\x00\x00\x00\x00\x00\x00\x00}
13:18:50.309 [qtp2010498327-83] DEBUG org.eclipse.jetty.io.ManagedSelector - Selector sun.nio.ch.WindowsSelectorImpl@6af36ac3 woken with none selected
13:18:50.309 [qtp2010498327-87] DEBUG org.eclipse.jetty.server.HttpConnection - HttpConnection@7522ca46::NetworkTrafficSocketChannelEndPoint@72874216{/127.0.0.1:65014<->/127.0.0.1:8080,OPEN,fill=-,flush=-,to=1/30000}{io=0/0,kio=0,kro=1}->HttpConnection@7522ca46[p=HttpParser{s=START,0 of -1},g=HttpGenerator@c0a97c6{s=START}]=>HttpChannelOverHttp@787f2966{s=HttpChannelState@3d7da80d{s=IDLE rs=BLOCKING os=OPEN is=IDLE awp=false se=false i=true al=0},r=5,c=false/false,a=IDLE,uri=null,age=0} parsed false HttpParser{s=START,0 of -1}
13:18:50.309 [qtp2010498327-83] DEBUG org.eclipse.jetty.io.ManagedSelector - Selector sun.nio.ch.WindowsSelectorImpl@6af36ac3 woken up from select, 0/0/2 selected
13:18:50.309 [qtp2010498327-83] DEBUG org.eclipse.jetty.io.ManagedSelector - Selector sun.nio.ch.WindowsSelectorImpl@6af36ac3 processing 0 keys, 1 updates
13:18:50.309 [qtp2010498327-83] DEBUG org.eclipse.jetty.io.ManagedSelector - updateable 1
13:18:50.309 [qtp2010498327-87] DEBUG org.eclipse.jetty.server.HttpConnection - releaseRequestBuffer HttpConnection@7522ca46::NetworkTrafficSocketChannelEndPoint@72874216{/127.0.0.1:65014<->/127.0.0.1:8080,OPEN,fill=-,flush=-,to=1/30000}{io=0/0,kio=0,kro=1}->HttpConnection@7522ca46[p=HttpParser{s=START,0 of -1},g=HttpGenerator@c0a97c6{s=START}]=>HttpChannelOverHttp@787f2966{s=HttpChannelState@3d7da80d{s=IDLE rs=BLOCKING os=OPEN is=IDLE awp=false se=false i=true al=0},r=5,c=false/false,a=IDLE,uri=null,age=0}
13:18:50.309 [qtp2010498327-83] DEBUG org.eclipse.jetty.io.ManagedSelector - update org.eclipse.jetty.io.ManagedSelector$CloseConnections@36196cb7
13:18:50.309 [qtp2010498327-83] DEBUG org.eclipse.jetty.io.ManagedSelector - Closing 2 connections on ManagedSelector@28cd349f{STOPPING} id=1 keys=2 selected=0 updates=0
13:18:50.309 [qtp2010498327-87] DEBUG org.eclipse.jetty.io.AbstractConnection - fillInterested HttpConnection@7522ca46::NetworkTrafficSocketChannelEndPoint@72874216{/127.0.0.1:65014<->/127.0.0.1:8080,OPEN,fill=-,flush=-,to=1/30000}{io=0/0,kio=0,kro=1}->HttpConnection@7522ca46[p=HttpParser{s=START,0 of -1},g=HttpGenerator@c0a97c6{s=START}]=>HttpChannelOverHttp@787f2966{s=HttpChannelState@3d7da80d{s=IDLE rs=BLOCKING os=OPEN is=IDLE awp=false se=false i=true al=0},r=5,c=false/false,a=IDLE,uri=null,age=0}
13:18:50.309 [qtp2010498327-83] DEBUG org.eclipse.jetty.io.AbstractEndPoint - close NetworkTrafficSocketChannelEndPoint@72874216{/127.0.0.1:65014<->/127.0.0.1:8080,OPEN,fill=-,flush=-,to=1/30000}{io=0/0,kio=0,kro=1}->HttpConnection@7522ca46[p=HttpParser{s=START,0 of -1},g=HttpGenerator@c0a97c6{s=START}]=>HttpChannelOverHttp@787f2966{s=HttpChannelState@3d7da80d{s=IDLE rs=BLOCKING os=OPEN is=IDLE awp=false se=false i=true al=0},r=5,c=false/false,a=IDLE,uri=null,age=0}
13:18:50.309 [qtp2010498327-87] DEBUG org.eclipse.jetty.io.FillInterest - interested FillInterest@dbfab38{AC.ReadCB@7522ca46{HttpConnection@7522ca46::NetworkTrafficSocketChannelEndPoint@72874216{/127.0.0.1:65014<->/127.0.0.1:8080,OPEN,fill=FI,flush=-,to=0/30000}{io=0/0,kio=0,kro=1}->HttpConnection@7522ca46[p=HttpParser{s=START,0 of -1},g=HttpGenerator@c0a97c6{s=START}]=>HttpChannelOverHttp@787f2966{s=HttpChannelState@3d7da80d{s=IDLE rs=BLOCKING os=OPEN is=IDLE awp=false se=false i=true al=0},r=5,c=false/false,a=IDLE,uri=null,age=0}}}
13:18:50.309 [qtp2010498327-83] DEBUG org.eclipse.jetty.io.AbstractEndPoint - close(null) NetworkTrafficSocketChannelEndPoint@72874216{/127.0.0.1:65014<->/127.0.0.1:8080,OPEN,fill=FI,flush=-,to=0/30000}{io=0/0,kio=0,kro=1}->HttpConnection@7522ca46[p=HttpParser{s=START,0 of -1},g=HttpGenerator@c0a97c6{s=START}]=>HttpChannelOverHttp@787f2966{s=HttpChannelState@3d7da80d{s=IDLE rs=BLOCKING os=OPEN is=IDLE awp=false se=false i=true al=0},r=5,c=false/false,a=IDLE,uri=null,age=0}
13:18:50.309 [qtp2010498327-87] DEBUG org.eclipse.jetty.io.ChannelEndPoint - changeInterests p=false 0->1 for NetworkTrafficSocketChannelEndPoint@72874216{/127.0.0.1:65014<->/127.0.0.1:8080,OPEN,fill=FI,flush=-,to=0/30000}{io=0/1,kio=0,kro=1}->HttpConnection@7522ca46[p=HttpParser{s=START,0 of -1},g=HttpGenerator@c0a97c6{s=START}]=>HttpChannelOverHttp@787f2966{s=HttpChannelState@3d7da80d{s=IDLE rs=BLOCKING os=OPEN is=IDLE awp=false se=false i=true al=0},r=5,c=false/false,a=IDLE,uri=null,age=0}
13:18:50.309 [qtp2010498327-83] DEBUG org.eclipse.jetty.io.ChannelEndPoint - doClose NetworkTrafficSocketChannelEndPoint@72874216{/127.0.0.1:65014<->/127.0.0.1:8080,CLOSED,fill=FI,flush=-,to=0/30000}{io=0/1,kio=0,kro=1}->HttpConnection@7522ca46[p=HttpParser{s=START,0 of -1},g=HttpGenerator@c0a97c6{s=START}]=>HttpChannelOverHttp@787f2966{s=HttpChannelState@3d7da80d{s=IDLE rs=BLOCKING os=OPEN is=IDLE awp=false se=false i=true al=0},r=5,c=false/false,a=IDLE,uri=null,age=0}
13:18:50.309 [qtp2010498327-87] DEBUG org.eclipse.jetty.io.ManagedSelector - Queued change org.eclipse.jetty.io.ChannelEndPoint$1@5d525742 on ManagedSelector@28cd349f{STOPPING} id=1 keys=2 selected=0 updates=0
13:18:50.310 [qtp2010498327-87] DEBUG org.eclipse.jetty.server.HttpConnection - HttpConnection@7522ca46::NetworkTrafficSocketChannelEndPoint@72874216{/127.0.0.1:65014<->/127.0.0.1:8080,CLOSED,fill=FI,flush=-,to=0/30000}{io=0/1,kio=0,kro=1}->HttpConnection@7522ca46[p=HttpParser{s=START,0 of -1},g=HttpGenerator@c0a97c6{s=START}]=>HttpChannelOverHttp@787f2966{s=HttpChannelState@3d7da80d{s=IDLE rs=BLOCKING os=OPEN is=IDLE awp=false se=false i=true al=0},r=5,c=false/false,a=IDLE,uri=null,age=0} onFillable exit HttpChannelState@3d7da80d{s=IDLE rs=BLOCKING os=OPEN is=IDLE awp=false se=false i=true al=0} null
13:18:50.310 [qtp2010498327-87] DEBUG org.eclipse.jetty.util.thread.ReservedThreadExecutor - ReservedThreadExecutor@1826c076{s=1/1,p=0}@70426339 size 1 > capacity
13:18:50.310 [qtp2010498327-87] DEBUG org.eclipse.jetty.util.thread.QueuedThreadPool - ran ReservedThreadExecutor@1826c076{s=1/1,p=0}@70426339 in QueuedThreadPool[qtp2010498327]@77d5c517{STARTED,8<=8<=14,i=1,r=1,q=0}[ReservedThreadExecutor@1826c076{s=1/1,p=0}]
13:18:50.310 [qtp2010498327-83] DEBUG org.eclipse.jetty.io.FillInterest - onClose FillInterest@dbfab38{AC.ReadCB@7522ca46{HttpConnection@7522ca46::NetworkTrafficSocketChannelEndPoint@72874216{/127.0.0.1:65014<->/127.0.0.1:8080,CLOSED,fill=FI,flush=-,to=0/30000}{io=0/1,kio=-1,kro=-1}->HttpConnection@7522ca46[p=HttpParser{s=START,0 of -1},g=HttpGenerator@c0a97c6{s=START}]=>HttpChannelOverHttp@787f2966{s=HttpChannelState@3d7da80d{s=IDLE rs=BLOCKING os=OPEN is=IDLE awp=false se=false i=true al=0},r=5,c=false/false,a=IDLE,uri=null,age=0}}}
13:18:50.310 [qtp2010498327-83] DEBUG org.eclipse.jetty.http.HttpParser - close HttpParser{s=START,0 of -1}
13:18:50.310 [qtp2010498327-83] DEBUG org.eclipse.jetty.http.HttpParser - START --> CLOSE
13:18:50.310 [qtp2010498327-83] DEBUG org.eclipse.jetty.io.AbstractConnection - HttpConnection@7522ca46::NetworkTrafficSocketChannelEndPoint@72874216{/127.0.0.1:65014<->/127.0.0.1:8080,CLOSED,fill=-,flush=-,to=0/30000}{io=0/1,kio=-1,kro=-1}->HttpConnection@7522ca46[p=HttpParser{s=CLOSE,0 of -1},g=HttpGenerator@c0a97c6{s=START}]=>HttpChannelOverHttp@787f2966{s=HttpChannelState@3d7da80d{s=IDLE rs=BLOCKING os=OPEN is=IDLE awp=false se=false i=true al=0},r=5,c=false/false,a=IDLE,uri=null,age=0} onFillInterestedFailed {}
13:18:50.310 [qtp2010498327-83] DEBUG org.eclipse.jetty.io.ManagedSelector - Wakeup ManagedSelector@28cd349f{STOPPING} id=1 keys=2 selected=0 updates=1
13:18:50.310 [qtp2010498327-83] DEBUG org.eclipse.jetty.util.thread.QueuedThreadPool - queue org.eclipse.jetty.io.ManagedSelector$DestroyEndPoint@387ac6d9 startThread=0
13:18:50.310 [qtp2010498327-83] DEBUG org.eclipse.jetty.io.AbstractEndPoint - close NetworkTrafficSocketChannelEndPoint@4b4ebd9f{/127.0.0.1:65016<->/127.0.0.1:8080,OPEN,fill=FI,flush=-,to=932/30000}{io=1/1,kio=1,kro=1}->HttpConnection@17938954[p=HttpParser{s=START,0 of -1},g=HttpGenerator@298f7c7c{s=START}]=>HttpChannelOverHttp@535ca91a{s=HttpChannelState@a33489f{s=IDLE rs=BLOCKING os=OPEN is=IDLE awp=false se=false i=true al=0},r=1,c=false/false,a=IDLE,uri=null,age=0}
13:18:50.310 [qtp2010498327-83] DEBUG org.eclipse.jetty.io.AbstractEndPoint - close(null) NetworkTrafficSocketChannelEndPoint@4b4ebd9f{/127.0.0.1:65016<->/127.0.0.1:8080,OPEN,fill=FI,flush=-,to=933/30000}{io=1/1,kio=1,kro=1}->HttpConnection@17938954[p=HttpParser{s=START,0 of -1},g=HttpGenerator@298f7c7c{s=START}]=>HttpChannelOverHttp@535ca91a{s=HttpChannelState@a33489f{s=IDLE rs=BLOCKING os=OPEN is=IDLE awp=false se=false i=true al=0},r=1,c=false/false,a=IDLE,uri=null,age=0}
13:18:50.310 [qtp2010498327-83] DEBUG org.eclipse.jetty.io.ChannelEndPoint - doClose NetworkTrafficSocketChannelEndPoint@4b4ebd9f{/127.0.0.1:65016<->/127.0.0.1:8080,CLOSED,fill=FI,flush=-,to=933/30000}{io=1/1,kio=1,kro=1}->HttpConnection@17938954[p=HttpParser{s=START,0 of -1},g=HttpGenerator@298f7c7c{s=START}]=>HttpChannelOverHttp@535ca91a{s=HttpChannelState@a33489f{s=IDLE rs=BLOCKING os=OPEN is=IDLE awp=false se=false i=true al=0},r=1,c=false/false,a=IDLE,uri=null,age=0}
13:18:50.310 [qtp2010498327-83] DEBUG org.eclipse.jetty.io.FillInterest - onClose FillInterest@1f2d142e{AC.ReadCB@17938954{HttpConnection@17938954::NetworkTrafficSocketChannelEndPoint@4b4ebd9f{/127.0.0.1:65016<->/127.0.0.1:8080,CLOSED,fill=FI,flush=-,to=933/30000}{io=1/1,kio=-1,kro=-1}->HttpConnection@17938954[p=HttpParser{s=START,0 of -1},g=HttpGenerator@298f7c7c{s=START}]=>HttpChannelOverHttp@535ca91a{s=HttpChannelState@a33489f{s=IDLE rs=BLOCKING os=OPEN is=IDLE awp=false se=false i=true al=0},r=1,c=false/false,a=IDLE,uri=null,age=0}}}
13:18:50.310 [qtp2010498327-83] DEBUG org.eclipse.jetty.http.HttpParser - close HttpParser{s=START,0 of -1}
13:18:50.310 [qtp2010498327-83] DEBUG org.eclipse.jetty.http.HttpParser - START --> CLOSE
13:18:50.311 [qtp2010498327-83] DEBUG org.eclipse.jetty.io.AbstractConnection - HttpConnection@17938954::NetworkTrafficSocketChannelEndPoint@4b4ebd9f{/127.0.0.1:65016<->/127.0.0.1:8080,CLOSED,fill=-,flush=-,to=933/30000}{io=1/1,kio=-1,kro=-1}->HttpConnection@17938954[p=HttpParser{s=CLOSE,0 of -1},g=HttpGenerator@298f7c7c{s=START}]=>HttpChannelOverHttp@535ca91a{s=HttpChannelState@a33489f{s=IDLE rs=BLOCKING os=OPEN is=IDLE awp=false se=false i=true al=0},r=1,c=false/false,a=IDLE,uri=null,age=0} onFillInterestedFailed {}
13:18:50.311 [qtp2010498327-83] DEBUG org.eclipse.jetty.io.ManagedSelector - Wakeup ManagedSelector@28cd349f{STOPPING} id=1 keys=2 selected=0 updates=1
13:18:50.311 [qtp2010498327-83] DEBUG org.eclipse.jetty.util.thread.QueuedThreadPool - queue org.eclipse.jetty.io.ManagedSelector$DestroyEndPoint@7a112972 startThread=0
13:18:50.311 [qtp2010498327-83] DEBUG org.eclipse.jetty.io.ManagedSelector - updates 1
13:18:50.311 [qtp2010498327-83] DEBUG org.eclipse.jetty.io.ManagedSelector - wakeup on updates SelectorProducer@691db8ef
13:18:50.311 [qtp2010498327-83] DEBUG org.eclipse.jetty.io.ManagedSelector - Selector sun.nio.ch.WindowsSelectorImpl@6af36ac3 waiting with 2 keys
13:18:50.311 [reactor-http-nio-1] DEBUG reactor.netty.resources.PooledConnectionProvider - [id: 0x64f82265, L:/127.0.0.1:65016 ! R:localhost/127.0.0.1:8080] onStateChange(PooledConnection{channel=[id: 0x64f82265, L:/127.0.0.1:65016 ! R:localhost/127.0.0.1:8080]}, [disconnecting])
13:18:50.311 [qtp2010498327-83] DEBUG org.eclipse.jetty.io.ManagedSelector - Selector sun.nio.ch.WindowsSelectorImpl@6af36ac3 woken with none selected
13:18:50.311 [qtp2010498327-83] DEBUG org.eclipse.jetty.io.ManagedSelector - Selector sun.nio.ch.WindowsSelectorImpl@6af36ac3 woken up from select, 0/0/0 selected
13:18:50.311 [qtp2010498327-83] DEBUG org.eclipse.jetty.io.ManagedSelector - Selector sun.nio.ch.WindowsSelectorImpl@6af36ac3 processing 0 keys, 1 updates
13:18:50.311 [qtp2010498327-83] DEBUG org.eclipse.jetty.io.ManagedSelector - updateable 1
13:18:50.311 [qtp2010498327-83] DEBUG org.eclipse.jetty.io.ManagedSelector - update org.eclipse.jetty.io.ChannelEndPoint$1@5d525742
13:18:50.311 [Test worker] DEBUG org.eclipse.jetty.io.ManagedSelector - Queued change org.eclipse.jetty.io.ManagedSelector$StopSelector@30991d66 on ManagedSelector@28cd349f{STOPPING} id=1 keys=0 selected=0 updates=0
13:18:50.311 [qtp2010498327-83] DEBUG org.eclipse.jetty.io.ChannelEndPoint - Ignoring key update for concurrently closed channel NetworkTrafficSocketChannelEndPoint@72874216{/127.0.0.1:65014<->/127.0.0.1:8080,CLOSED,fill=-,flush=-,to=1/30000}{io=1/1,kio=-1,kro=-1}->HttpConnection@7522ca46[p=HttpParser{s=CLOSE,0 of -1},g=HttpGenerator@c0a97c6{s=START}]=>HttpChannelOverHttp@787f2966{s=HttpChannelState@3d7da80d{s=IDLE rs=BLOCKING os=OPEN is=IDLE awp=false se=false i=true al=0},r=5,c=false/false,a=IDLE,uri=null,age=0}
13:18:50.311 [qtp2010498327-83] DEBUG org.eclipse.jetty.io.AbstractEndPoint - close NetworkTrafficSocketChannelEndPoint@72874216{/127.0.0.1:65014<->/127.0.0.1:8080,CLOSED,fill=-,flush=-,to=2/30000}{io=1/1,kio=-1,kro=-1}->HttpConnection@7522ca46[p=HttpParser{s=CLOSE,0 of -1},g=HttpGenerator@c0a97c6{s=START}]=>HttpChannelOverHttp@787f2966{s=HttpChannelState@3d7da80d{s=IDLE rs=BLOCKING os=OPEN is=IDLE awp=false se=false i=true al=0},r=5,c=false/false,a=IDLE,uri=null,age=0}
13:18:50.311 [qtp2010498327-83] DEBUG org.eclipse.jetty.io.AbstractEndPoint - close(null) NetworkTrafficSocketChannelEndPoint@72874216{/127.0.0.1:65014<->/127.0.0.1:8080,CLOSED,fill=-,flush=-,to=2/30000}{io=1/1,kio=-1,kro=-1}->HttpConnection@7522ca46[p=HttpParser{s=CLOSE,0 of -1},g=HttpGenerator@c0a97c6{s=START}]=>HttpChannelOverHttp@787f2966{s=HttpChannelState@3d7da80d{s=IDLE rs=BLOCKING os=OPEN is=IDLE awp=false se=false i=true al=0},r=5,c=false/false,a=IDLE,uri=null,age=0}
13:18:50.311 [qtp2010498327-83] DEBUG org.eclipse.jetty.io.ManagedSelector - updates 1
13:18:50.312 [qtp2010498327-83] DEBUG org.eclipse.jetty.io.ManagedSelector - wakeup on updates SelectorProducer@691db8ef
13:18:50.312 [qtp2010498327-83] DEBUG org.eclipse.jetty.io.ManagedSelector - Selector sun.nio.ch.WindowsSelectorImpl@6af36ac3 waiting with 0 keys
13:18:50.312 [qtp2010498327-83] DEBUG org.eclipse.jetty.io.ManagedSelector - Selector sun.nio.ch.WindowsSelectorImpl@6af36ac3 woken with none selected
13:18:50.312 [qtp2010498327-83] DEBUG org.eclipse.jetty.io.ManagedSelector - Selector sun.nio.ch.WindowsSelectorImpl@6af36ac3 woken up from select, 0/0/0 selected
13:18:50.312 [qtp2010498327-83] DEBUG org.eclipse.jetty.io.ManagedSelector - Selector sun.nio.ch.WindowsSelectorImpl@6af36ac3 processing 0 keys, 1 updates
13:18:50.312 [qtp2010498327-83] DEBUG org.eclipse.jetty.io.ManagedSelector - updateable 1
13:18:50.312 [qtp2010498327-83] DEBUG org.eclipse.jetty.io.ManagedSelector - update org.eclipse.jetty.io.ManagedSelector$StopSelector@30991d66
13:18:50.312 [qtp2010498327-83] DEBUG org.eclipse.jetty.io.ManagedSelector - updates 0
13:18:50.312 [qtp2010498327-83] DEBUG org.eclipse.jetty.util.thread.ReservedThreadExecutor - ReservedThreadExecutor@1826c076{s=1/1,p=0}@58e9ac43 size 1 > capacity
13:18:50.312 [qtp2010498327-83] DEBUG org.eclipse.jetty.util.thread.QueuedThreadPool - ran ReservedThreadExecutor@1826c076{s=1/1,p=0}@58e9ac43 in QueuedThreadPool[qtp2010498327]@77d5c517{STARTED,8<=8<=14,i=0,r=1,q=0}[ReservedThreadExecutor@1826c076{s=1/1,p=0}]
13:18:50.312 [qtp2010498327-83] DEBUG org.eclipse.jetty.util.thread.QueuedThreadPool - run org.eclipse.jetty.io.ManagedSelector$DestroyEndPoint@387ac6d9 in QueuedThreadPool[qtp2010498327]@77d5c517{STARTED,8<=8<=14,i=1,r=1,q=0}[ReservedThreadExecutor@1826c076{s=1/1,p=0}]
13:18:50.312 [Test worker] DEBUG org.eclipse.jetty.util.component.AbstractLifeCycle - stopping EatWhatYouKill@15c4be73/SelectorProducer@691db8ef/IDLE/p=false/QueuedThreadPool[qtp2010498327]@77d5c517{STARTED,8<=8<=14,i=0,r=1,q=0}[ReservedThreadExecutor@1826c076{s=1/1,p=0}][pc=0,pic=0,pec=1,epc=4]@2020-09-25T13:18:50.312696+02:00
13:18:50.312 [Test worker] DEBUG org.eclipse.jetty.util.component.AbstractLifeCycle - STOPPED EatWhatYouKill@15c4be73/SelectorProducer@691db8ef/IDLE/p=false/QueuedThreadPool[qtp2010498327]@77d5c517{STARTED,8<=8<=14,i=1,r=1,q=0}[ReservedThreadExecutor@1826c076{s=1/1,p=0}][pc=0,pic=0,pec=1,epc=4]@2020-09-25T13:18:50.312696+02:00
13:18:50.312 [qtp2010498327-83] DEBUG org.eclipse.jetty.io.ManagedSelector - Destroyed NetworkTrafficSocketChannelEndPoint@72874216{/127.0.0.1:65014<->/127.0.0.1:8080,CLOSED,fill=-,flush=-,to=2/30000}{io=1/1,kio=-1,kro=-1}->HttpConnection@7522ca46[p=HttpParser{s=CLOSE,0 of -1},g=HttpGenerator@c0a97c6{s=START}]=>HttpChannelOverHttp@787f2966{s=HttpChannelState@3d7da80d{s=IDLE rs=BLOCKING os=OPEN is=IDLE awp=false se=false i=true al=0},r=5,c=false/false,a=IDLE,uri=null,age=0}
13:18:50.312 [Test worker] DEBUG org.eclipse.jetty.util.component.AbstractLifeCycle - STOPPED ManagedSelector@28cd349f{STOPPED} id=1 keys=-1 selected=-1 updates=0
13:18:50.312 [Test worker] DEBUG org.eclipse.jetty.util.component.AbstractLifeCycle - stopping ManagedSelector@504f5232{STARTED} id=0 keys=1 selected=0 updates=0
13:18:50.312 [Test worker] DEBUG org.eclipse.jetty.io.ManagedSelector - Queued change org.eclipse.jetty.io.ManagedSelector$CloseConnections@323415f6 on ManagedSelector@504f5232{STOPPING} id=0 keys=1 selected=0 updates=0
13:18:50.312 [qtp2010498327-83] DEBUG org.eclipse.jetty.io.AbstractConnection - onClose HttpConnection@7522ca46::NetworkTrafficSocketChannelEndPoint@72874216{/127.0.0.1:65014<->/127.0.0.1:8080,CLOSED,fill=-,flush=-,to=3/30000}{io=1/1,kio=-1,kro=-1}->HttpConnection@7522ca46[p=HttpParser{s=CLOSE,0 of -1},g=HttpGenerator@c0a97c6{s=START}]=>HttpChannelOverHttp@787f2966{s=HttpChannelState@3d7da80d{s=IDLE rs=BLOCKING os=OPEN is=IDLE awp=false se=false i=true al=0},r=5,c=false/false,a=IDLE,uri=null,age=0}
13:18:50.312 [Test worker] DEBUG org.eclipse.jetty.io.ManagedSelector - Wakeup on submit ManagedSelector@504f5232{STOPPING} id=0 keys=1 selected=0 updates=1
13:18:50.313 [qtp2010498327-83] DEBUG org.eclipse.jetty.util.thread.QueuedThreadPool - ran org.eclipse.jetty.io.ManagedSelector$DestroyEndPoint@387ac6d9 in QueuedThreadPool[qtp2010498327]@77d5c517{STARTED,8<=8<=14,i=1,r=1,q=0}[ReservedThreadExecutor@1826c076{s=1/1,p=0}]
13:18:50.313 [qtp2010498327-83] DEBUG org.eclipse.jetty.util.thread.QueuedThreadPool - run org.eclipse.jetty.io.ManagedSelector$DestroyEndPoint@7a112972 in QueuedThreadPool[qtp2010498327]@77d5c517{STARTED,8<=8<=14,i=2,r=1,q=0}[ReservedThreadExecutor@1826c076{s=1/1,p=0}]
13:18:50.313 [qtp2010498327-83] DEBUG org.eclipse.jetty.io.ManagedSelector - Destroyed NetworkTrafficSocketChannelEndPoint@4b4ebd9f{/127.0.0.1:65016<->/127.0.0.1:8080,CLOSED,fill=-,flush=-,to=935/30000}{io=1/1,kio=-1,kro=-1}->HttpConnection@17938954[p=HttpParser{s=CLOSE,0 of -1},g=HttpGenerator@298f7c7c{s=START}]=>HttpChannelOverHttp@535ca91a{s=HttpChannelState@a33489f{s=IDLE rs=BLOCKING os=OPEN is=IDLE awp=false se=false i=true al=0},r=1,c=false/false,a=IDLE,uri=null,age=0}
13:18:50.313 [qtp2010498327-90] DEBUG org.eclipse.jetty.io.ManagedSelector - Selector sun.nio.ch.WindowsSelectorImpl@453bb545 woken with none selected
13:18:50.313 [qtp2010498327-83] DEBUG org.eclipse.jetty.io.AbstractConnection - onClose HttpConnection@17938954::NetworkTrafficSocketChannelEndPoint@4b4ebd9f{/127.0.0.1:65016<->/127.0.0.1:8080,CLOSED,fill=-,flush=-,to=935/30000}{io=1/1,kio=-1,kro=-1}->HttpConnection@17938954[p=HttpParser{s=CLOSE,0 of -1},g=HttpGenerator@298f7c7c{s=START}]=>HttpChannelOverHttp@535ca91a{s=HttpChannelState@a33489f{s=IDLE rs=BLOCKING os=OPEN is=IDLE awp=false se=false i=true al=0},r=1,c=false/false,a=IDLE,uri=null,age=0}
13:18:50.313 [qtp2010498327-90] DEBUG org.eclipse.jetty.io.ManagedSelector - Selector sun.nio.ch.WindowsSelectorImpl@453bb545 woken up from select, 0/0/1 selected
13:18:50.313 [qtp2010498327-90] DEBUG org.eclipse.jetty.io.ManagedSelector - Selector sun.nio.ch.WindowsSelectorImpl@453bb545 processing 0 keys, 1 updates
13:18:50.313 [qtp2010498327-90] DEBUG org.eclipse.jetty.io.ManagedSelector - updateable 1
13:18:50.313 [qtp2010498327-83] DEBUG org.eclipse.jetty.util.thread.QueuedThreadPool - ran org.eclipse.jetty.io.ManagedSelector$DestroyEndPoint@7a112972 in QueuedThreadPool[qtp2010498327]@77d5c517{STARTED,8<=8<=14,i=2,r=1,q=0}[ReservedThreadExecutor@1826c076{s=1/1,p=0}]
13:18:50.313 [qtp2010498327-90] DEBUG org.eclipse.jetty.io.ManagedSelector - update org.eclipse.jetty.io.ManagedSelector$CloseConnections@323415f6
13:18:50.313 [qtp2010498327-90] DEBUG org.eclipse.jetty.io.ManagedSelector - Closing 1 connections on ManagedSelector@504f5232{STOPPING} id=0 keys=1 selected=0 updates=0
13:18:50.313 [qtp2010498327-90] DEBUG org.eclipse.jetty.io.AbstractEndPoint - close NetworkTrafficSocketChannelEndPoint@76485a3f{/127.0.0.1:65015<->/127.0.0.1:8080,OPEN,fill=FI,flush=-,to=101/30000}{io=1/1,kio=1,kro=1}->HttpConnection@225cf0bd[p=HttpParser{s=START,0 of -1},g=HttpGenerator@1671df6b{s=START}]=>HttpChannelOverHttp@33a44bf5{s=HttpChannelState@388628c8{s=IDLE rs=BLOCKING os=OPEN is=IDLE awp=false se=false i=true al=0},r=2,c=false/false,a=IDLE,uri=null,age=0}
13:18:50.314 [qtp2010498327-90] DEBUG org.eclipse.jetty.io.AbstractEndPoint - close(null) NetworkTrafficSocketChannelEndPoint@76485a3f{/127.0.0.1:65015<->/127.0.0.1:8080,OPEN,fill=FI,flush=-,to=101/30000}{io=1/1,kio=1,kro=1}->HttpConnection@225cf0bd[p=HttpParser{s=START,0 of -1},g=HttpGenerator@1671df6b{s=START}]=>HttpChannelOverHttp@33a44bf5{s=HttpChannelState@388628c8{s=IDLE rs=BLOCKING os=OPEN is=IDLE awp=false se=false i=true al=0},r=2,c=false/false,a=IDLE,uri=null,age=0}
13:18:50.314 [qtp2010498327-90] DEBUG org.eclipse.jetty.io.ChannelEndPoint - doClose NetworkTrafficSocketChannelEndPoint@76485a3f{/127.0.0.1:65015<->/127.0.0.1:8080,CLOSED,fill=FI,flush=-,to=101/30000}{io=1/1,kio=1,kro=1}->HttpConnection@225cf0bd[p=HttpParser{s=START,0 of -1},g=HttpGenerator@1671df6b{s=START}]=>HttpChannelOverHttp@33a44bf5{s=HttpChannelState@388628c8{s=IDLE rs=BLOCKING os=OPEN is=IDLE awp=false se=false i=true al=0},r=2,c=false/false,a=IDLE,uri=null,age=0}
13:18:50.314 [qtp2010498327-90] DEBUG org.eclipse.jetty.io.FillInterest - onClose FillInterest@79bc5b3{AC.ReadCB@225cf0bd{HttpConnection@225cf0bd::NetworkTrafficSocketChannelEndPoint@76485a3f{/127.0.0.1:65015<->/127.0.0.1:8080,CLOSED,fill=FI,flush=-,to=101/30000}{io=1/1,kio=-1,kro=-1}->HttpConnection@225cf0bd[p=HttpParser{s=START,0 of -1},g=HttpGenerator@1671df6b{s=START}]=>HttpChannelOverHttp@33a44bf5{s=HttpChannelState@388628c8{s=IDLE rs=BLOCKING os=OPEN is=IDLE awp=false se=false i=true al=0},r=2,c=false/false,a=IDLE,uri=null,age=0}}}
13:18:50.314 [qtp2010498327-90] DEBUG org.eclipse.jetty.http.HttpParser - close HttpParser{s=START,0 of -1}
13:18:50.314 [qtp2010498327-90] DEBUG org.eclipse.jetty.http.HttpParser - START --> CLOSE
13:18:50.314 [qtp2010498327-90] DEBUG org.eclipse.jetty.io.AbstractConnection - HttpConnection@225cf0bd::NetworkTrafficSocketChannelEndPoint@76485a3f{/127.0.0.1:65015<->/127.0.0.1:8080,CLOSED,fill=-,flush=-,to=101/30000}{io=1/1,kio=-1,kro=-1}->HttpConnection@225cf0bd[p=HttpParser{s=CLOSE,0 of -1},g=HttpGenerator@1671df6b{s=START}]=>HttpChannelOverHttp@33a44bf5{s=HttpChannelState@388628c8{s=IDLE rs=BLOCKING os=OPEN is=IDLE awp=false se=false i=true al=0},r=2,c=false/false,a=IDLE,uri=null,age=0} onFillInterestedFailed {}
13:18:50.314 [qtp2010498327-90] DEBUG org.eclipse.jetty.io.ManagedSelector - Wakeup ManagedSelector@504f5232{STOPPING} id=0 keys=1 selected=0 updates=0
13:18:50.314 [qtp2010498327-90] DEBUG org.eclipse.jetty.util.thread.QueuedThreadPool - queue org.eclipse.jetty.io.ManagedSelector$DestroyEndPoint@4982170 startThread=0
13:18:50.315 [qtp2010498327-90] DEBUG org.eclipse.jetty.io.ManagedSelector - updates 0
13:18:50.315 [qtp2010498327-90] DEBUG org.eclipse.jetty.io.ManagedSelector - Selector sun.nio.ch.WindowsSelectorImpl@453bb545 waiting with 1 keys
13:18:50.315 [reactor-http-nio-1] DEBUG reactor.netty.resources.PooledConnectionProvider - [id: 0xb181f0de, L:/127.0.0.1:65015 ! R:localhost/127.0.0.1:8080] onStateChange(PooledConnection{channel=[id: 0xb181f0de, L:/127.0.0.1:65015 ! R:localhost/127.0.0.1:8080]}, [disconnecting])
13:18:50.315 [Test worker] DEBUG org.eclipse.jetty.io.ManagedSelector - Queued change org.eclipse.jetty.io.ManagedSelector$StopSelector@3335837 on ManagedSelector@504f5232{STOPPING} id=0 keys=0 selected=0 updates=0
13:18:50.315 [Test worker] DEBUG org.eclipse.jetty.io.ManagedSelector - Wakeup on submit ManagedSelector@504f5232{STOPPING} id=0 keys=0 selected=0 updates=1
13:18:50.315 [qtp2010498327-90] DEBUG org.eclipse.jetty.io.ManagedSelector - Selector sun.nio.ch.WindowsSelectorImpl@453bb545 woken with none selected
13:18:50.315 [qtp2010498327-90] DEBUG org.eclipse.jetty.io.ManagedSelector - Selector sun.nio.ch.WindowsSelectorImpl@453bb545 woken up from select, 0/0/0 selected
13:18:50.315 [qtp2010498327-90] DEBUG org.eclipse.jetty.io.ManagedSelector - Selector sun.nio.ch.WindowsSelectorImpl@453bb545 processing 0 keys, 1 updates
13:18:50.315 [qtp2010498327-90] DEBUG org.eclipse.jetty.io.ManagedSelector - updateable 1
13:18:50.315 [qtp2010498327-90] DEBUG org.eclipse.jetty.io.ManagedSelector - update org.eclipse.jetty.io.ManagedSelector$StopSelector@3335837
13:18:50.315 [qtp2010498327-90] DEBUG org.eclipse.jetty.io.ManagedSelector - updates 0
13:18:50.315 [qtp2010498327-90] DEBUG org.eclipse.jetty.util.thread.ReservedThreadExecutor - ReservedThreadExecutor@1826c076{s=1/1,p=0}@52263f7f size 1 > capacity
13:18:50.315 [qtp2010498327-90] DEBUG org.eclipse.jetty.util.thread.QueuedThreadPool - ran ReservedThreadExecutor@1826c076{s=1/1,p=0}@52263f7f in QueuedThreadPool[qtp2010498327]@77d5c517{STARTED,8<=8<=14,i=2,r=1,q=0}[ReservedThreadExecutor@1826c076{s=1/1,p=0}]
13:18:50.315 [qtp2010498327-90] DEBUG org.eclipse.jetty.util.thread.QueuedThreadPool - run org.eclipse.jetty.io.ManagedSelector$DestroyEndPoint@4982170 in QueuedThreadPool[qtp2010498327]@77d5c517{STARTED,8<=8<=14,i=3,r=1,q=0}[ReservedThreadExecutor@1826c076{s=1/1,p=0}]
13:18:50.315 [Test worker] DEBUG org.eclipse.jetty.util.component.AbstractLifeCycle - stopping EatWhatYouKill@30e98985/SelectorProducer@7d5788c3/IDLE/p=false/QueuedThreadPool[qtp2010498327]@77d5c517{STARTED,8<=8<=14,i=2,r=1,q=0}[ReservedThreadExecutor@1826c076{s=1/1,p=0}][pc=0,pic=0,pec=0,epc=2]@2020-09-25T13:18:50.3156878+02:00
13:18:50.316 [Test worker] DEBUG org.eclipse.jetty.util.component.AbstractLifeCycle - STOPPED EatWhatYouKill@30e98985/SelectorProducer@7d5788c3/IDLE/p=false/QueuedThreadPool[qtp2010498327]@77d5c517{STARTED,8<=8<=14,i=3,r=1,q=0}[ReservedThreadExecutor@1826c076{s=1/1,p=0}][pc=0,pic=0,pec=0,epc=2]@2020-09-25T13:18:50.3156878+02:00
13:18:50.316 [qtp2010498327-90] DEBUG org.eclipse.jetty.io.ManagedSelector - Destroyed NetworkTrafficSocketChannelEndPoint@76485a3f{/127.0.0.1:65015<->/127.0.0.1:8080,CLOSED,fill=-,flush=-,to=103/30000}{io=1/1,kio=-1,kro=-1}->HttpConnection@225cf0bd[p=HttpParser{s=CLOSE,0 of -1},g=HttpGenerator@1671df6b{s=START}]=>HttpChannelOverHttp@33a44bf5{s=HttpChannelState@388628c8{s=IDLE rs=BLOCKING os=OPEN is=IDLE awp=false se=false i=true al=0},r=2,c=false/false,a=IDLE,uri=null,age=0}
13:18:50.316 [Test worker] DEBUG org.eclipse.jetty.util.component.AbstractLifeCycle - STOPPED ManagedSelector@504f5232{STOPPED} id=0 keys=-1 selected=-1 updates=0
13:18:50.316 [Test worker] DEBUG org.eclipse.jetty.util.component.AbstractLifeCycle - STOPPED SelectorManager@NetworkTrafficServerConnector@44d9c01f{HTTP/1.1, (http/1.1)}{0.0.0.0:8080}
13:18:50.316 [Test worker] DEBUG org.eclipse.jetty.util.component.AbstractLifeCycle - stopping HttpConnectionFactory@ca909fb[HTTP/1.1]
13:18:50.316 [qtp2010498327-90] DEBUG org.eclipse.jetty.io.AbstractConnection - onClose HttpConnection@225cf0bd::NetworkTrafficSocketChannelEndPoint@76485a3f{/127.0.0.1:65015<->/127.0.0.1:8080,CLOSED,fill=-,flush=-,to=103/30000}{io=1/1,kio=-1,kro=-1}->HttpConnection@225cf0bd[p=HttpParser{s=CLOSE,0 of -1},g=HttpGenerator@1671df6b{s=START}]=>HttpChannelOverHttp@33a44bf5{s=HttpChannelState@388628c8{s=IDLE rs=BLOCKING os=OPEN is=IDLE awp=false se=false i=true al=0},r=2,c=false/false,a=IDLE,uri=null,age=0}
13:18:50.316 [Test worker] DEBUG org.eclipse.jetty.util.component.AbstractLifeCycle - STOPPED HttpConnectionFactory@ca909fb[HTTP/1.1]
13:18:50.316 [Test worker] DEBUG org.eclipse.jetty.util.component.AbstractLifeCycle - stopping ScheduledExecutorScheduler@ceb08a7{STARTED}
13:18:50.316 [qtp2010498327-90] DEBUG org.eclipse.jetty.util.thread.QueuedThreadPool - ran org.eclipse.jetty.io.ManagedSelector$DestroyEndPoint@4982170 in QueuedThreadPool[qtp2010498327]@77d5c517{STARTED,8<=8<=14,i=3,r=1,q=0}[ReservedThreadExecutor@1826c076{s=1/1,p=0}]
13:18:50.316 [Test worker] DEBUG org.eclipse.jetty.util.component.AbstractLifeCycle - STOPPED ScheduledExecutorScheduler@ceb08a7{STOPPED}
13:18:50.316 [Test worker] INFO org.eclipse.jetty.server.AbstractConnector - Stopped NetworkTrafficServerConnector@44d9c01f{HTTP/1.1, (http/1.1)}{0.0.0.0:8080}
13:18:50.316 [Test worker] DEBUG org.eclipse.jetty.util.component.AbstractLifeCycle - STOPPED NetworkTrafficServerConnector@44d9c01f{HTTP/1.1, (http/1.1)}{0.0.0.0:8080}
13:18:50.316 [Test worker] DEBUG org.eclipse.jetty.server.handler.AbstractHandler - stopping Server@1bea6209{STOPPING}[9.4.28.v20200408]
13:18:50.316 [Test worker] DEBUG org.eclipse.jetty.util.component.AbstractLifeCycle - stopping ErrorHandler@2642adfe{STARTED}
13:18:50.316 [Test worker] DEBUG org.eclipse.jetty.server.handler.AbstractHandler - stopping ErrorHandler@2642adfe{STOPPING}
13:18:50.316 [Test worker] DEBUG org.eclipse.jetty.util.component.AbstractLifeCycle - STOPPED ErrorHandler@2642adfe{STOPPED}
13:18:50.316 [Test worker] DEBUG org.eclipse.jetty.util.component.AbstractLifeCycle - stopping HandlerCollection@17852bf3{STARTED}
13:18:50.316 [Test worker] DEBUG org.eclipse.jetty.server.handler.AbstractHandler - stopping HandlerCollection@17852bf3{STOPPING}
13:18:50.316 [Test worker] DEBUG org.eclipse.jetty.util.component.AbstractLifeCycle - stopping GzipHandler@34f0fdaa{STARTED,min=32,inflate=-1}
13:18:50.316 [Test worker] DEBUG org.eclipse.jetty.server.handler.AbstractHandler - stopping GzipHandler@34f0fdaa{STOPPING,min=32,inflate=-1}
13:18:50.316 [Test worker] DEBUG org.eclipse.jetty.util.component.AbstractLifeCycle - stopping o.e.j.s.ServletContextHandler@301dacc2{/,null,SHUTDOWN}
13:18:50.316 [Test worker] DEBUG org.eclipse.jetty.server.handler.AbstractHandler - stopping o.e.j.s.ServletContextHandler@301dacc2{/,null,UNAVAILABLE}
13:18:50.316 [Test worker] DEBUG org.eclipse.jetty.util.component.AbstractLifeCycle - stopping NotFoundHandler@4b35db79{STARTED}
13:18:50.316 [Test worker] DEBUG org.eclipse.jetty.server.handler.AbstractHandler - stopping NotFoundHandler@4b35db79{STOPPING}
13:18:50.316 [Test worker] DEBUG org.eclipse.jetty.util.component.AbstractLifeCycle - STOPPED NotFoundHandler@4b35db79{STOPPED}
13:18:50.316 [Test worker] DEBUG org.eclipse.jetty.util.component.AbstractLifeCycle - stopping ServletHandler@62a618dc{STARTED}
13:18:50.316 [Test worker] DEBUG org.eclipse.jetty.server.handler.AbstractHandler - stopping ServletHandler@62a618dc{STOPPING}
13:18:50.316 [Test worker] DEBUG org.eclipse.jetty.util.component.AbstractLifeCycle - stopping org.eclipse.jetty.servlets.CrossOriginFilter-728ed8c8@728ed8c8==org.eclipse.jetty.servlets.CrossOriginFilter,inst=true,async=true
13:18:50.316 [Test worker] DEBUG org.eclipse.jetty.util.component.AbstractLifeCycle - STOPPED org.eclipse.jetty.servlets.CrossOriginFilter-728ed8c8@728ed8c8==org.eclipse.jetty.servlets.CrossOriginFilter,inst=false,async=true
13:18:50.316 [Test worker] DEBUG org.eclipse.jetty.util.component.AbstractLifeCycle - stopping com.github.tomakehurst.wiremock.servlet.TrailingSlashFilter-59f9f221@59f9f221==com.github.tomakehurst.wiremock.servlet.TrailingSlashFilter,inst=true,async=true
13:18:50.316 [Test worker] DEBUG org.eclipse.jetty.util.component.AbstractLifeCycle - STOPPED com.github.tomakehurst.wiremock.servlet.TrailingSlashFilter-59f9f221@59f9f221==com.github.tomakehurst.wiremock.servlet.TrailingSlashFilter,inst=false,async=true
13:18:50.316 [Test worker] DEBUG org.eclipse.jetty.util.component.AbstractLifeCycle - stopping com.github.tomakehurst.wiremock.servlet.ContentTypeSettingFilter-19074a3b@19074a3b==com.github.tomakehurst.wiremock.servlet.ContentTypeSettingFilter,inst=true,async=true
13:18:50.316 [Test worker] DEBUG org.eclipse.jetty.util.component.AbstractLifeCycle - STOPPED com.github.tomakehurst.wiremock.servlet.ContentTypeSettingFilter-19074a3b@19074a3b==com.github.tomakehurst.wiremock.servlet.ContentTypeSettingFilter,inst=false,async=true
13:18:50.316 [Test worker] DEBUG org.eclipse.jetty.util.component.AbstractLifeCycle - stopping com.github.tomakehurst.wiremock.servlet.WireMockHandlerDispatchingServlet-227125ab@5e00e38c==com.github.tomakehurst.wiremock.servlet.WireMockHandlerDispatchingServlet,jsp=null,order=-1,inst=true,async=true
13:18:50.316 [Test worker] DEBUG org.eclipse.jetty.util.component.AbstractLifeCycle - STOPPED com.github.tomakehurst.wiremock.servlet.WireMockHandlerDispatchingServlet-227125ab@5e00e38c==com.github.tomakehurst.wiremock.servlet.WireMockHandlerDispatchingServlet,jsp=null,order=-1,inst=false,async=true
13:18:50.317 [Test worker] DEBUG org.eclipse.jetty.util.component.AbstractLifeCycle - stopping org.eclipse.jetty.servlet.DefaultServlet-7f57fd3f@c37f5061==org.eclipse.jetty.servlet.DefaultServlet,jsp=null,order=-1,inst=false,async=true
13:18:50.317 [Test worker] DEBUG org.eclipse.jetty.util.component.AbstractLifeCycle - STOPPED org.eclipse.jetty.servlet.DefaultServlet-7f57fd3f@c37f5061==org.eclipse.jetty.servlet.DefaultServlet,jsp=null,order=-1,inst=false,async=true
13:18:50.317 [Test worker] DEBUG org.eclipse.jetty.util.component.AbstractLifeCycle - STOPPED ServletHandler@62a618dc{STOPPED}
13:18:50.317 [Test worker] INFO org.eclipse.jetty.server.handler.ContextHandler - Stopped o.e.j.s.ServletContextHandler@301dacc2{/,null,UNAVAILABLE}
13:18:50.317 [Test worker] DEBUG org.eclipse.jetty.util.component.AbstractLifeCycle - STOPPED o.e.j.s.ServletContextHandler@301dacc2{/,null,UNAVAILABLE}
13:18:50.317 [Test worker] DEBUG org.eclipse.jetty.util.component.AbstractLifeCycle - STOPPED GzipHandler@34f0fdaa{STOPPED,min=32,inflate=-1}
13:18:50.317 [Test worker] DEBUG org.eclipse.jetty.util.component.AbstractLifeCycle - stopping o.e.j.s.ServletContextHandler@3f5d4750{/__admin,null,SHUTDOWN}
13:18:50.317 [Test worker] DEBUG org.eclipse.jetty.server.handler.AbstractHandler - stopping o.e.j.s.ServletContextHandler@3f5d4750{/__admin,null,UNAVAILABLE}
13:18:50.317 [Test worker] DEBUG org.eclipse.jetty.util.component.AbstractLifeCycle - stopping ServletHandler@617439ba{STARTED}
13:18:50.317 [Test worker] DEBUG org.eclipse.jetty.server.handler.AbstractHandler - stopping ServletHandler@617439ba{STOPPING}
13:18:50.317 [Test worker] DEBUG org.eclipse.jetty.util.component.AbstractLifeCycle - stopping org.eclipse.jetty.servlets.CrossOriginFilter-35c51532@35c51532==org.eclipse.jetty.servlets.CrossOriginFilter,inst=true,async=true
13:18:50.317 [Test worker] DEBUG org.eclipse.jetty.util.component.AbstractLifeCycle - STOPPED org.eclipse.jetty.servlets.CrossOriginFilter-35c51532@35c51532==org.eclipse.jetty.servlets.CrossOriginFilter,inst=false,async=true
13:18:50.317 [Test worker] DEBUG org.eclipse.jetty.util.component.AbstractLifeCycle - stopping com.github.tomakehurst.wiremock.servlet.WireMockHandlerDispatchingServlet-753c5bc6@8b07c==com.github.tomakehurst.wiremock.servlet.WireMockHandlerDispatchingServlet,jsp=null,order=-1,inst=true,async=true
13:18:50.317 [Test worker] DEBUG org.eclipse.jetty.util.component.AbstractLifeCycle - STOPPED com.github.tomakehurst.wiremock.servlet.WireMockHandlerDispatchingServlet-753c5bc6@8b07c==com.github.tomakehurst.wiremock.servlet.WireMockHandlerDispatchingServlet,jsp=null,order=-1,inst=false,async=true
13:18:50.317 [Test worker] DEBUG org.eclipse.jetty.util.component.AbstractLifeCycle - stopping org.eclipse.jetty.servlet.DefaultServlet-35fe0eb4@59f67247==org.eclipse.jetty.servlet.DefaultServlet,jsp=null,order=-1,inst=false,async=true
13:18:50.317 [Test worker] DEBUG org.eclipse.jetty.util.component.AbstractLifeCycle - STOPPED org.eclipse.jetty.servlet.DefaultServlet-35fe0eb4@59f67247==org.eclipse.jetty.servlet.DefaultServlet,jsp=null,order=-1,inst=false,async=true
13:18:50.317 [Test worker] DEBUG org.eclipse.jetty.util.component.AbstractLifeCycle - stopping org.eclipse.jetty.servlet.DefaultServlet-60cca23a@83f598f8==org.eclipse.jetty.servlet.DefaultServlet,jsp=null,order=-1,inst=false,async=true
13:18:50.317 [Test worker] DEBUG org.eclipse.jetty.util.component.AbstractLifeCycle - STOPPED org.eclipse.jetty.servlet.DefaultServlet-60cca23a@83f598f8==org.eclipse.jetty.servlet.DefaultServlet,jsp=null,order=-1,inst=false,async=true
13:18:50.317 [Test worker] DEBUG org.eclipse.jetty.util.component.AbstractLifeCycle - STOPPED ServletHandler@617439ba{STOPPED}
13:18:50.317 [Test worker] INFO org.eclipse.jetty.server.handler.ContextHandler - Stopped o.e.j.s.ServletContextHandler@3f5d4750{/__admin,null,UNAVAILABLE}
13:18:50.317 [Test worker] DEBUG org.eclipse.jetty.util.component.AbstractLifeCycle - STOPPED o.e.j.s.ServletContextHandler@3f5d4750{/__admin,null,UNAVAILABLE}
13:18:50.317 [Test worker] DEBUG org.eclipse.jetty.util.component.AbstractLifeCycle - STOPPED HandlerCollection@17852bf3{STOPPED}
13:18:50.317 [Test worker] DEBUG org.eclipse.jetty.util.component.AbstractLifeCycle - stopping QueuedThreadPool[qtp2010498327]@77d5c517{STARTED,8<=8<=14,i=4,r=1,q=0}[ReservedThreadExecutor@1826c076{s=1/1,p=0}]
13:18:50.317 [Test worker] DEBUG org.eclipse.jetty.util.thread.QueuedThreadPool - Stopping QueuedThreadPool[qtp2010498327]@77d5c517{STOPPING,8<=8<=14,i=4,r=-1,q=0}[ReservedThreadExecutor@1826c076{s=1/1,p=0}]
13:18:50.317 [Test worker] DEBUG org.eclipse.jetty.util.component.AbstractLifeCycle - stopping ReservedThreadExecutor@1826c076{s=1/1,p=0}
13:18:50.317 [Test worker] DEBUG org.eclipse.jetty.util.thread.ReservedThreadExecutor - ReservedThreadExecutor@1826c076{s=0/1,p=0}@3ec1c654 offer STOP!
13:18:50.317 [Test worker] DEBUG org.eclipse.jetty.util.component.AbstractLifeCycle - STOPPED ReservedThreadExecutor@1826c076{s=-1/1,p=0}
13:18:50.317 [Test worker] DEBUG org.eclipse.jetty.util.component.AbstractLifeCycle - STOPPED QueuedThreadPool[qtp2010498327]@77d5c517{STOPPED,8<=0<=14,i=4,r=-1,q=0}[NO_TRY]
13:18:50.317 [Test worker] DEBUG org.eclipse.jetty.util.component.AbstractLifeCycle - STOPPED Server@1bea6209{STOPPED}[9.4.28.v20200408]
13:18:50.320 [qtp2010498327-86] DEBUG org.eclipse.jetty.util.thread.QueuedThreadPool - ran qtp2010498327-86-acceptor-2@48182b56-NetworkTrafficServerConnector@44d9c01f{HTTP/1.1, (http/1.1)}{0.0.0.0:8080} in QueuedThreadPool[qtp2010498327]@77d5c517{STOPPED,8<=0<=14,i=4,r=-1,q=0}[NO_TRY]
13:18:50.320 [qtp2010498327-86] DEBUG org.eclipse.jetty.util.thread.QueuedThreadPool - Thread[qtp2010498327-86,5,main] exited for QueuedThreadPool[qtp2010498327]@77d5c517{STOPPED,8<=0<=14,i=4,r=-1,q=0}[NO_TRY]
13:18:50.321 [qtp2010498327-89] DEBUG org.eclipse.jetty.util.thread.ReservedThreadExecutor - ReservedThreadExecutor@1826c076{s=-1/1,p=0}@3ec1c654 task=STOP!
13:18:50.321 [qtp2010498327-89] DEBUG org.eclipse.jetty.util.thread.ReservedThreadExecutor - ReservedThreadExecutor@1826c076{s=-1/1,p=0}@3ec1c654 Exited
13:18:50.321 [qtp2010498327-89] DEBUG org.eclipse.jetty.util.thread.QueuedThreadPool - ran ReservedThreadExecutor@1826c076{s=-1/1,p=0}@3ec1c654 in QueuedThreadPool[qtp2010498327]@77d5c517{STOPPED,8<=0<=14,i=4,r=-1,q=0}[NO_TRY]
13:18:50.321 [qtp2010498327-89] DEBUG org.eclipse.jetty.util.thread.QueuedThreadPool - Thread[qtp2010498327-89,5,main] exited for QueuedThreadPool[qtp2010498327]@77d5c517{STOPPED,8<=0<=14,i=4,r=-1,q=0}[NO_TRY]
13:18:50.322 [Test worker] DEBUG org.eclipse.jetty.util.component.ContainerLifeCycle - Server@4a5d9b7d{STOPPED}[9.4.28.v20200408] added {QueuedThreadPool[qtp781595164]@2e96321c{STOPPED,8<=0<=14,i=0,r=-1,q=0}[NO_TRY],AUTO}
13:18:50.323 [Test worker] DEBUG org.eclipse.jetty.util.component.ContainerLifeCycle - HttpConnectionFactory@1a1b53b8[HTTP/1.1] added {HttpConfiguration@6e29f141{32768/8192,8192/8192,https://:0,[]},POJO}
13:18:50.323 [Test worker] DEBUG org.eclipse.jetty.util.component.ContainerLifeCycle - NetworkTrafficServerConnector@71b0284a{null, ()}{0.0.0.0:0} added {Server@4a5d9b7d{STOPPED}[9.4.28.v20200408],UNMANAGED}
13:18:50.323 [Test worker] DEBUG org.eclipse.jetty.util.component.ContainerLifeCycle - NetworkTrafficServerConnector@71b0284a{null, ()}{0.0.0.0:0} added {QueuedThreadPool[qtp781595164]@2e96321c{STOPPED,8<=0<=14,i=0,r=-1,q=0}[NO_TRY],AUTO}
13:18:50.323 [Test worker] DEBUG org.eclipse.jetty.util.component.ContainerLifeCycle - NetworkTrafficServerConnector@71b0284a{null, ()}{0.0.0.0:0} added {ScheduledExecutorScheduler@5710c372{STOPPED},AUTO}
13:18:50.323 [Test worker] DEBUG org.eclipse.jetty.util.component.ContainerLifeCycle - NetworkTrafficServerConnector@71b0284a{null, ()}{0.0.0.0:0} added {org.eclipse.jetty.io.ArrayByteBufferPool@17d6ccbb,POJO}
13:18:50.323 [Test worker] DEBUG org.eclipse.jetty.util.component.ContainerLifeCycle - NetworkTrafficServerConnector@71b0284a{null, (http/1.1)}{0.0.0.0:0} added {HttpConnectionFactory@1a1b53b8[HTTP/1.1],AUTO}
13:18:50.323 [Test worker] DEBUG org.eclipse.jetty.server.AbstractConnector - NetworkTrafficServerConnector@71b0284a{HTTP/1.1, (http/1.1)}{0.0.0.0:0} added HttpConnectionFactory@1a1b53b8[HTTP/1.1]
13:18:50.323 [Test worker] DEBUG org.eclipse.jetty.util.component.ContainerLifeCycle - NetworkTrafficServerConnector@71b0284a{HTTP/1.1, (http/1.1)}{0.0.0.0:0} added {SelectorManager@NetworkTrafficServerConnector@71b0284a{HTTP/1.1, (http/1.1)}{0.0.0.0:0},MANAGED}
13:18:50.323 [Test worker] DEBUG org.eclipse.jetty.util.component.ContainerLifeCycle - Server@4a5d9b7d{STOPPED}[9.4.28.v20200408] added {NetworkTrafficServerConnector@71b0284a{HTTP/1.1, (http/1.1)}{0.0.0.0:8080},AUTO}
13:18:50.324 [Test worker] DEBUG org.eclipse.jetty.util.component.ContainerLifeCycle - Server@4a5d9b7d{STOPPED}[9.4.28.v20200408] added {o.e.j.s.ServletContextHandler@365484f9{/__admin,null,UNAVAILABLE},MANAGED}
13:18:50.324 [Test worker] DEBUG org.eclipse.jetty.util.DecoratedObjectFactory - Adding Decorator: org.eclipse.jetty.util.DeprecationWarning@46d61801
13:18:50.324 [Test worker] DEBUG org.eclipse.jetty.util.component.ContainerLifeCycle - o.e.j.s.ServletContextHandler@365484f9{/__admin,null,UNAVAILABLE} added {ServletHandler@178c58fa{STOPPED},MANAGED}
13:18:50.325 [Test worker] DEBUG org.eclipse.jetty.util.component.ContainerLifeCycle - Server@4a5d9b7d{STOPPED}[9.4.28.v20200408] added {o.e.j.s.ServletContextHandler@6693b5e0{/,null,UNAVAILABLE},MANAGED}
13:18:50.325 [Test worker] DEBUG org.eclipse.jetty.util.DecoratedObjectFactory - Adding Decorator: org.eclipse.jetty.util.DeprecationWarning@3c90b4b4
13:18:50.325 [Test worker] DEBUG org.eclipse.jetty.util.component.ContainerLifeCycle - o.e.j.s.ServletContextHandler@6693b5e0{/,null,UNAVAILABLE} added {ServletHandler@1011a8dc{STOPPED},MANAGED}
13:18:50.325 [Test worker] DEBUG org.eclipse.jetty.util.component.ContainerLifeCycle - o.e.j.s.ServletContextHandler@6693b5e0{/,null,UNAVAILABLE} added {NotFoundHandler@7daf20c9{STOPPED},MANAGED}
13:18:50.326 [Test worker] DEBUG org.eclipse.jetty.util.component.ContainerLifeCycle - HandlerCollection@23bd82ac{STOPPED} added {o.e.j.s.ServletContextHandler@365484f9{/__admin,null,UNAVAILABLE},AUTO}
13:18:50.328 [Test worker] DEBUG org.eclipse.jetty.http.pathmap.PathMappings - Added MappedResource[pathSpec=ServletPathSpec["*.svgz",pathDepth=0,group=SUFFIX_GLOB],resource=true] to PathMappings[size=1]
13:18:50.328 [Test worker] DEBUG org.eclipse.jetty.server.handler.gzip.GzipHandler - GzipHandler@27e005aa{STOPPED,min=32,inflate=-1} mime types IncludeExclude@2b6c2589{i=[],ip=CONTAINS,e=[image/ief, image/vnd.wap.wbmp, image/jpeg, application/bzip2, image/x-portable-graymap, application/brotli, image/bmp, image/gif, image/x-icon, audio/midi, video/x-msvideo, image/x-xbitmap, application/x-rar-compressed, image/x-portable-bitmap, image/x-rgb, image/x-cmu-raster, application/gzip, audio/x-wav, audio/x-pn-realaudio, audio/basic, application/compress, audio/x-aiff, video/x.ms.asx, video/x.ms.asf, image/png, video/vnd.rn-realvideo, image/x-xwindowdump, image/jpeg2000, video/x-sgi-movie, audio/mpeg, image/xcf, video/mpeg, image/x-portable-pixmap, image/tiff, image/x-portable-anymap, image/x-xpixmap, application/zip, video/quicktime, application/x-xz, video/mp4],ep=CONTAINS}
13:18:50.329 [Test worker] DEBUG org.eclipse.jetty.util.component.ContainerLifeCycle - GzipHandler@27e005aa{STOPPED,min=32,inflate=-1} added {o.e.j.s.ServletContextHandler@6693b5e0{/,null,UNAVAILABLE},MANAGED}
13:18:50.329 [Test worker] DEBUG org.eclipse.jetty.util.component.ContainerLifeCycle - HandlerCollection@23bd82ac{STOPPED} added {GzipHandler@27e005aa{STOPPED,min=32,inflate=-1},AUTO}
13:18:50.329 [Test worker] DEBUG org.eclipse.jetty.util.component.ContainerLifeCycle - Server@4a5d9b7d{STOPPED}[9.4.28.v20200408] added {HandlerCollection@23bd82ac{STOPPED},MANAGED}
13:18:50.329 [Test worker] DEBUG org.eclipse.jetty.util.component.AbstractLifeCycle - starting Server@4a5d9b7d{STOPPED}[9.4.28.v20200408]
13:18:50.329 [Test worker] DEBUG org.eclipse.jetty.util.component.ContainerLifeCycle - Server@4a5d9b7d{STARTING}[9.4.28.v20200408] added {ErrorHandler@520eedf5{STOPPED},AUTO}
13:18:50.329 [Test worker] INFO org.eclipse.jetty.server.Server - jetty-9.4.28.v20200408; built: 2020-04-08T17:49:39.557Z; git: ab228fde9e55e9164c738d7fa121f8ac5acd51c9; jvm 11.0.2+9
13:18:50.329 [Test worker] DEBUG org.eclipse.jetty.server.handler.AbstractHandler - starting Server@4a5d9b7d{STARTING}[9.4.28.v20200408]
13:18:50.329 [Test worker] DEBUG org.eclipse.jetty.util.component.AbstractLifeCycle - starting QueuedThreadPool[qtp781595164]@2e96321c{STOPPED,8<=0<=14,i=0,r=-1,q=0}[NO_TRY]
13:18:50.329 [Test worker] DEBUG org.eclipse.jetty.util.thread.ReservedThreadExecutor - ReservedThreadExecutor@5e1e7972{s=0/1,p=0}
13:18:50.329 [Test worker] DEBUG org.eclipse.jetty.util.component.ContainerLifeCycle - QueuedThreadPool[qtp781595164]@2e96321c{STARTING,8<=0<=14,i=0,r=-1,q=0}[ReservedThreadExecutor@5e1e7972{s=0/1,p=0}] added {ReservedThreadExecutor@5e1e7972{s=0/1,p=0},AUTO}
13:18:50.329 [Test worker] DEBUG org.eclipse.jetty.util.component.AbstractLifeCycle - starting ReservedThreadExecutor@5e1e7972{s=0/1,p=0}
13:18:50.329 [Test worker] DEBUG org.eclipse.jetty.util.component.AbstractLifeCycle - STARTED @81891ms ReservedThreadExecutor@5e1e7972{s=0/1,p=0}
13:18:50.329 [Test worker] DEBUG org.eclipse.jetty.util.thread.QueuedThreadPool - Starting Thread[qtp781595164-92,5,main]
13:18:50.330 [Test worker] DEBUG org.eclipse.jetty.util.thread.QueuedThreadPool - Starting Thread[qtp781595164-93,5,main]
13:18:50.331 [Test worker] DEBUG org.eclipse.jetty.util.thread.QueuedThreadPool - Starting Thread[qtp781595164-94,5,main]
13:18:50.331 [Test worker] DEBUG org.eclipse.jetty.util.thread.QueuedThreadPool - Starting Thread[qtp781595164-95,5,main]
13:18:50.331 [Test worker] DEBUG org.eclipse.jetty.util.thread.QueuedThreadPool - Starting Thread[qtp781595164-96,5,main]
13:18:50.332 [Test worker] DEBUG org.eclipse.jetty.util.thread.QueuedThreadPool - Starting Thread[qtp781595164-97,5,main]
13:18:50.332 [Test worker] DEBUG org.eclipse.jetty.util.thread.QueuedThreadPool - Starting Thread[qtp781595164-98,5,main]
13:18:50.332 [Test worker] DEBUG org.eclipse.jetty.util.thread.QueuedThreadPool - Starting Thread[qtp781595164-99,5,main]
13:18:50.333 [Test worker] DEBUG org.eclipse.jetty.util.component.AbstractLifeCycle - STARTED @81894ms QueuedThreadPool[qtp781595164]@2e96321c{STARTED,8<=8<=14,i=8,r=1,q=0}[ReservedThreadExecutor@5e1e7972{s=0/1,p=0}]
13:18:50.333 [Test worker] DEBUG org.eclipse.jetty.util.component.AbstractLifeCycle - starting HandlerCollection@23bd82ac{STOPPED}
13:18:50.333 [Test worker] DEBUG org.eclipse.jetty.server.handler.AbstractHandler - starting HandlerCollection@23bd82ac{STARTING}
13:18:50.333 [Test worker] DEBUG org.eclipse.jetty.util.component.AbstractLifeCycle - starting o.e.j.s.ServletContextHandler@365484f9{/__admin,null,UNAVAILABLE}
13:18:50.333 [Test worker] DEBUG org.eclipse.jetty.server.handler.AbstractHandler - starting o.e.j.s.ServletContextHandler@365484f9{/__admin,null,STARTING}
13:18:50.333 [Test worker] DEBUG org.eclipse.jetty.util.component.AbstractLifeCycle - starting ServletHandler@178c58fa{STOPPED}
13:18:50.333 [Test worker] DEBUG org.eclipse.jetty.servlet.ServletHandler - Path=/recorder/*[EMBEDDED:null] mapped to servlet=org.eclipse.jetty.servlet.DefaultServlet-247fc4d2[EMBEDDED:null]
13:18:50.333 [Test worker] DEBUG org.eclipse.jetty.http.pathmap.PathMappings - Added MappedResource[pathSpec=ServletPathSpec["/recorder/*",pathDepth=2,group=PREFIX_GLOB],resource=org.eclipse.jetty.servlet.DefaultServlet-247fc4d2@6d1fd3af==org.eclipse.jetty.servlet.DefaultServlet,jsp=null,order=-1,inst=false,async=true] to PathMappings[size=1]
13:18:50.333 [Test worker] DEBUG org.eclipse.jetty.servlet.ServletHandler - Path=/swagger-ui/*[EMBEDDED:null] mapped to servlet=org.eclipse.jetty.servlet.DefaultServlet-361eeda4[EMBEDDED:null]
13:18:50.333 [Test worker] DEBUG org.eclipse.jetty.http.pathmap.PathMappings - Added MappedResource[pathSpec=ServletPathSpec["/swagger-ui/*",pathDepth=2,group=PREFIX_GLOB],resource=org.eclipse.jetty.servlet.DefaultServlet-361eeda4@3483e868==org.eclipse.jetty.servlet.DefaultServlet,jsp=null,order=-1,inst=false,async=true] to PathMappings[size=2]
13:18:50.333 [Test worker] DEBUG org.eclipse.jetty.servlet.ServletHandler - Path=/[EMBEDDED:null] mapped to servlet=com.github.tomakehurst.wiremock.servlet.WireMockHandlerDispatchingServlet-521fd64c[EMBEDDED:null]
13:18:50.333 [Test worker] DEBUG org.eclipse.jetty.http.pathmap.PathMappings - Added MappedResource[pathSpec=ServletPathSpec["/",pathDepth=-1,group=DEFAULT],resource=com.github.tomakehurst.wiremock.servlet.WireMockHandlerDispatchingServlet-521fd64c@8e68ed01==com.github.tomakehurst.wiremock.servlet.WireMockHandlerDispatchingServlet,jsp=null,order=-1,inst=false,async=true] to PathMappings[size=3]
13:18:50.333 [Test worker] DEBUG org.eclipse.jetty.servlet.ServletHandler - filterNameMap={org.eclipse.jetty.servlets.CrossOriginFilter-27a10f7d=org.eclipse.jetty.servlets.CrossOriginFilter-27a10f7d@27a10f7d==org.eclipse.jetty.servlets.CrossOriginFilter,inst=false,async=true}
13:18:50.333 [Test worker] DEBUG org.eclipse.jetty.servlet.ServletHandler - pathFilters=[[/*]/[]/[REQUEST]=>org.eclipse.jetty.servlets.CrossOriginFilter-27a10f7d]
13:18:50.333 [Test worker] DEBUG org.eclipse.jetty.servlet.ServletHandler - servletFilterMap={}
13:18:50.333 [Test worker] DEBUG org.eclipse.jetty.servlet.ServletHandler - servletPathMap=PathMappings[size=3]
13:18:50.333 [Test worker] DEBUG org.eclipse.jetty.servlet.ServletHandler - servletNameMap={org.eclipse.jetty.servlet.DefaultServlet-247fc4d2=org.eclipse.jetty.servlet.DefaultServlet-247fc4d2@6d1fd3af==org.eclipse.jetty.servlet.DefaultServlet,jsp=null,order=-1,inst=false,async=true, com.github.tomakehurst.wiremock.servlet.WireMockHandlerDispatchingServlet-521fd64c=com.github.tomakehurst.wiremock.servlet.WireMockHandlerDispatchingServlet-521fd64c@8e68ed01==com.github.tomakehurst.wiremock.servlet.WireMockHandlerDispatchingServlet,jsp=null,order=-1,inst=false,async=true, org.eclipse.jetty.servlet.DefaultServlet-361eeda4=org.eclipse.jetty.servlet.DefaultServlet-361eeda4@3483e868==org.eclipse.jetty.servlet.DefaultServlet,jsp=null,order=-1,inst=false,async=true}
13:18:50.334 [Test worker] DEBUG org.eclipse.jetty.server.handler.AbstractHandler - starting ServletHandler@178c58fa{STARTING}
13:18:50.334 [Test worker] DEBUG org.eclipse.jetty.util.component.AbstractLifeCycle - STARTED @81895ms ServletHandler@178c58fa{STARTED}
13:18:50.334 [Test worker] DEBUG org.eclipse.jetty.util.component.AbstractLifeCycle - starting org.eclipse.jetty.servlets.CrossOriginFilter-27a10f7d@27a10f7d==org.eclipse.jetty.servlets.CrossOriginFilter,inst=false,async=true
13:18:50.334 [Test worker] DEBUG org.eclipse.jetty.util.component.AbstractLifeCycle - STARTED @81896ms org.eclipse.jetty.servlets.CrossOriginFilter-27a10f7d@27a10f7d==org.eclipse.jetty.servlets.CrossOriginFilter,inst=false,async=true
13:18:50.334 [Test worker] DEBUG org.eclipse.jetty.servlet.FilterHolder - Filter.init org.eclipse.jetty.servlets.CrossOriginFilter@7ad214cf
13:18:50.334 [Test worker] DEBUG org.eclipse.jetty.servlets.CrossOriginFilter - Cross-origin filter configuration: allowedOrigins = *, allowedTimingOrigins = null, allowedMethods = OPTIONS,GET,POST,PUT,PATCH,DELETE, allowedHeaders = *, preflightMaxAge = 1800, allowCredentials = true,exposedHeaders = ,chainPreflight = false
13:18:50.334 [Test worker] DEBUG org.eclipse.jetty.util.component.AbstractLifeCycle - starting com.github.tomakehurst.wiremock.servlet.WireMockHandlerDispatchingServlet-521fd64c@8e68ed01==com.github.tomakehurst.wiremock.servlet.WireMockHandlerDispatchingServlet,jsp=null,order=-1,inst=false,async=true
13:18:50.334 [Test worker] DEBUG org.eclipse.jetty.util.component.AbstractLifeCycle - STARTED @81896ms com.github.tomakehurst.wiremock.servlet.WireMockHandlerDispatchingServlet-521fd64c@8e68ed01==com.github.tomakehurst.wiremock.servlet.WireMockHandlerDispatchingServlet,jsp=null,order=-1,inst=false,async=true
13:18:50.334 [Test worker] DEBUG org.eclipse.jetty.util.component.AbstractLifeCycle - starting org.eclipse.jetty.servlet.DefaultServlet-247fc4d2@6d1fd3af==org.eclipse.jetty.servlet.DefaultServlet,jsp=null,order=-1,inst=false,async=true
13:18:50.334 [Test worker] DEBUG org.eclipse.jetty.util.component.AbstractLifeCycle - STARTED @81896ms org.eclipse.jetty.servlet.DefaultServlet-247fc4d2@6d1fd3af==org.eclipse.jetty.servlet.DefaultServlet,jsp=null,order=-1,inst=false,async=true
13:18:50.334 [Test worker] DEBUG org.eclipse.jetty.util.component.AbstractLifeCycle - starting org.eclipse.jetty.servlet.DefaultServlet-361eeda4@3483e868==org.eclipse.jetty.servlet.DefaultServlet,jsp=null,order=-1,inst=false,async=true
13:18:50.334 [Test worker] DEBUG org.eclipse.jetty.util.component.AbstractLifeCycle - STARTED @81896ms org.eclipse.jetty.servlet.DefaultServlet-361eeda4@3483e868==org.eclipse.jetty.servlet.DefaultServlet,jsp=null,order=-1,inst=false,async=true
13:18:50.334 [Test worker] INFO org.eclipse.jetty.server.handler.ContextHandler - Started o.e.j.s.ServletContextHandler@365484f9{/__admin,null,AVAILABLE}
13:18:50.334 [Test worker] DEBUG org.eclipse.jetty.util.component.AbstractLifeCycle - STARTED @81896ms o.e.j.s.ServletContextHandler@365484f9{/__admin,null,AVAILABLE}
13:18:50.334 [Test worker] DEBUG org.eclipse.jetty.util.component.AbstractLifeCycle - starting GzipHandler@27e005aa{STOPPED,min=32,inflate=-1}
13:18:50.334 [Test worker] DEBUG org.eclipse.jetty.server.handler.AbstractHandler - starting GzipHandler@27e005aa{STARTING,min=32,inflate=-1}
13:18:50.334 [Test worker] DEBUG org.eclipse.jetty.util.component.AbstractLifeCycle - starting o.e.j.s.ServletContextHandler@6693b5e0{/,null,UNAVAILABLE}
13:18:50.334 [Test worker] DEBUG org.eclipse.jetty.server.handler.AbstractHandler - starting o.e.j.s.ServletContextHandler@6693b5e0{/,null,STARTING}
13:18:50.334 [Test worker] DEBUG org.eclipse.jetty.util.component.AbstractLifeCycle - starting ServletHandler@1011a8dc{STOPPED}
13:18:50.334 [Test worker] DEBUG org.eclipse.jetty.servlet.ServletHandler - Path=/__files/*[EMBEDDED:null] mapped to servlet=org.eclipse.jetty.servlet.DefaultServlet-3fe49744[EMBEDDED:null]
13:18:50.335 [Test worker] DEBUG org.eclipse.jetty.http.pathmap.PathMappings - Added MappedResource[pathSpec=ServletPathSpec["/__files/*",pathDepth=2,group=PREFIX_GLOB],resource=org.eclipse.jetty.servlet.DefaultServlet-3fe49744@75a3d67f==org.eclipse.jetty.servlet.DefaultServlet,jsp=null,order=-1,inst=false,async=true] to PathMappings[size=1]
13:18:50.335 [Test worker] DEBUG org.eclipse.jetty.servlet.ServletHandler - Path=/[EMBEDDED:null] mapped to servlet=com.github.tomakehurst.wiremock.servlet.WireMockHandlerDispatchingServlet-442319ed[EMBEDDED:null]
13:18:50.335 [Test worker] DEBUG org.eclipse.jetty.http.pathmap.PathMappings - Added MappedResource[pathSpec=ServletPathSpec["/",pathDepth=-1,group=DEFAULT],resource=com.github.tomakehurst.wiremock.servlet.WireMockHandlerDispatchingServlet-442319ed@8f2342d6==com.github.tomakehurst.wiremock.servlet.WireMockHandlerDispatchingServlet,jsp=null,order=-1,inst=false,async=true] to PathMappings[size=2]
13:18:50.335 [Test worker] DEBUG org.eclipse.jetty.servlet.ServletHandler - filterNameMap={com.github.tomakehurst.wiremock.servlet.ContentTypeSettingFilter-606530e8=com.github.tomakehurst.wiremock.servlet.ContentTypeSettingFilter-606530e8@606530e8==com.github.tomakehurst.wiremock.servlet.ContentTypeSettingFilter,inst=false,async=true, com.github.tomakehurst.wiremock.servlet.TrailingSlashFilter-7b20c517=com.github.tomakehurst.wiremock.servlet.TrailingSlashFilter-7b20c517@7b20c517==com.github.tomakehurst.wiremock.servlet.TrailingSlashFilter,inst=false,async=true, org.eclipse.jetty.servlets.CrossOriginFilter-271047ef=org.eclipse.jetty.servlets.CrossOriginFilter-271047ef@271047ef==org.eclipse.jetty.servlets.CrossOriginFilter,inst=false,async=true}
13:18:50.335 [Test worker] DEBUG org.eclipse.jetty.servlet.ServletHandler - pathFilters=[[/__files/*]/[]/[FORWARD]=>com.github.tomakehurst.wiremock.servlet.ContentTypeSettingFilter-606530e8, [/__files/*]/[]/[FORWARD, ERROR, INCLUDE, REQUEST, ASYNC]=>com.github.tomakehurst.wiremock.servlet.TrailingSlashFilter-7b20c517, [/*]/[]/[REQUEST]=>org.eclipse.jetty.servlets.CrossOriginFilter-271047ef]
13:18:50.335 [Test worker] DEBUG org.eclipse.jetty.servlet.ServletHandler - servletFilterMap={}
13:18:50.335 [Test worker] DEBUG org.eclipse.jetty.servlet.ServletHandler - servletPathMap=PathMappings[size=2]
13:18:50.335 [Test worker] DEBUG org.eclipse.jetty.servlet.ServletHandler - servletNameMap={com.github.tomakehurst.wiremock.servlet.WireMockHandlerDispatchingServlet-442319ed=com.github.tomakehurst.wiremock.servlet.WireMockHandlerDispatchingServlet-442319ed@8f2342d6==com.github.tomakehurst.wiremock.servlet.WireMockHandlerDispatchingServlet,jsp=null,order=-1,inst=false,async=true, org.eclipse.jetty.servlet.DefaultServlet-3fe49744=org.eclipse.jetty.servlet.DefaultServlet-3fe49744@75a3d67f==org.eclipse.jetty.servlet.DefaultServlet,jsp=null,order=-1,inst=false,async=true}
13:18:50.335 [Test worker] DEBUG org.eclipse.jetty.server.handler.AbstractHandler - starting ServletHandler@1011a8dc{STARTING}
13:18:50.335 [Test worker] DEBUG org.eclipse.jetty.util.component.AbstractLifeCycle - STARTED @81897ms ServletHandler@1011a8dc{STARTED}
13:18:50.335 [Test worker] DEBUG org.eclipse.jetty.util.component.AbstractLifeCycle - starting NotFoundHandler@7daf20c9{STOPPED}
13:18:50.335 [Test worker] DEBUG org.eclipse.jetty.server.handler.AbstractHandler - starting NotFoundHandler@7daf20c9{STARTING}
13:18:50.335 [Test worker] DEBUG org.eclipse.jetty.util.component.AbstractLifeCycle - STARTED @81897ms NotFoundHandler@7daf20c9{STARTED}
13:18:50.335 [Test worker] DEBUG org.eclipse.jetty.util.component.AbstractLifeCycle - starting com.github.tomakehurst.wiremock.servlet.ContentTypeSettingFilter-606530e8@606530e8==com.github.tomakehurst.wiremock.servlet.ContentTypeSettingFilter,inst=false,async=true
13:18:50.335 [Test worker] DEBUG org.eclipse.jetty.util.component.AbstractLifeCycle - STARTED @81897ms com.github.tomakehurst.wiremock.servlet.ContentTypeSettingFilter-606530e8@606530e8==com.github.tomakehurst.wiremock.servlet.ContentTypeSettingFilter,inst=false,async=true
13:18:50.335 [Test worker] DEBUG org.eclipse.jetty.servlet.FilterHolder - Filter.init com.github.tomakehurst.wiremock.servlet.ContentTypeSettingFilter@7715e054
13:18:50.335 [Test worker] DEBUG org.eclipse.jetty.util.component.AbstractLifeCycle - starting com.github.tomakehurst.wiremock.servlet.TrailingSlashFilter-7b20c517@7b20c517==com.github.tomakehurst.wiremock.servlet.TrailingSlashFilter,inst=false,async=true
13:18:50.335 [Test worker] DEBUG org.eclipse.jetty.util.component.AbstractLifeCycle - STARTED @81897ms com.github.tomakehurst.wiremock.servlet.TrailingSlashFilter-7b20c517@7b20c517==com.github.tomakehurst.wiremock.servlet.TrailingSlashFilter,inst=false,async=true
13:18:50.335 [Test worker] DEBUG org.eclipse.jetty.servlet.FilterHolder - Filter.init com.github.tomakehurst.wiremock.servlet.TrailingSlashFilter@75070940
13:18:50.335 [Test worker] DEBUG org.eclipse.jetty.util.component.AbstractLifeCycle - starting org.eclipse.jetty.servlets.CrossOriginFilter-271047ef@271047ef==org.eclipse.jetty.servlets.CrossOriginFilter,inst=false,async=true
13:18:50.335 [Test worker] DEBUG org.eclipse.jetty.util.component.AbstractLifeCycle - STARTED @81897ms org.eclipse.jetty.servlets.CrossOriginFilter-271047ef@271047ef==org.eclipse.jetty.servlets.CrossOriginFilter,inst=false,async=true
13:18:50.336 [Test worker] DEBUG org.eclipse.jetty.servlet.FilterHolder - Filter.init org.eclipse.jetty.servlets.CrossOriginFilter@10c8c996
13:18:50.336 [Test worker] DEBUG org.eclipse.jetty.servlets.CrossOriginFilter - Cross-origin filter configuration: allowedOrigins = *, allowedTimingOrigins = null, allowedMethods = OPTIONS,GET,POST,PUT,PATCH,DELETE, allowedHeaders = *, preflightMaxAge = 1800, allowCredentials = true,exposedHeaders = ,chainPreflight = false
13:18:50.336 [Test worker] DEBUG org.eclipse.jetty.util.component.AbstractLifeCycle - starting com.github.tomakehurst.wiremock.servlet.WireMockHandlerDispatchingServlet-442319ed@8f2342d6==com.github.tomakehurst.wiremock.servlet.WireMockHandlerDispatchingServlet,jsp=null,order=-1,inst=false,async=true
13:18:50.336 [Test worker] DEBUG org.eclipse.jetty.util.component.AbstractLifeCycle - STARTED @81898ms com.github.tomakehurst.wiremock.servlet.WireMockHandlerDispatchingServlet-442319ed@8f2342d6==com.github.tomakehurst.wiremock.servlet.WireMockHandlerDispatchingServlet,jsp=null,order=-1,inst=false,async=true
13:18:50.336 [Test worker] DEBUG org.eclipse.jetty.util.component.AbstractLifeCycle - starting org.eclipse.jetty.servlet.DefaultServlet-3fe49744@75a3d67f==org.eclipse.jetty.servlet.DefaultServlet,jsp=null,order=-1,inst=false,async=true
13:18:50.336 [Test worker] DEBUG org.eclipse.jetty.util.component.AbstractLifeCycle - STARTED @81898ms org.eclipse.jetty.servlet.DefaultServlet-3fe49744@75a3d67f==org.eclipse.jetty.servlet.DefaultServlet,jsp=null,order=-1,inst=false,async=true
13:18:50.336 [Test worker] INFO org.eclipse.jetty.server.handler.ContextHandler - Started o.e.j.s.ServletContextHandler@6693b5e0{/,null,AVAILABLE}
13:18:50.336 [Test worker] DEBUG org.eclipse.jetty.util.component.AbstractLifeCycle - STARTED @81898ms o.e.j.s.ServletContextHandler@6693b5e0{/,null,AVAILABLE}
13:18:50.336 [Test worker] DEBUG org.eclipse.jetty.util.component.AbstractLifeCycle - STARTED @81898ms GzipHandler@27e005aa{STARTED,min=32,inflate=-1}
13:18:50.336 [Test worker] DEBUG org.eclipse.jetty.util.component.AbstractLifeCycle - STARTED @81898ms HandlerCollection@23bd82ac{STARTED}
13:18:50.336 [Test worker] DEBUG org.eclipse.jetty.util.component.AbstractLifeCycle - starting ErrorHandler@520eedf5{STOPPED}
13:18:50.336 [Test worker] DEBUG org.eclipse.jetty.server.handler.AbstractHandler - starting ErrorHandler@520eedf5{STARTING}
13:18:50.336 [Test worker] DEBUG org.eclipse.jetty.util.component.AbstractLifeCycle - STARTED @81898ms ErrorHandler@520eedf5{STARTED}
13:18:50.336 [Test worker] DEBUG org.eclipse.jetty.util.component.AbstractLifeCycle - starting NetworkTrafficServerConnector@71b0284a{HTTP/1.1, (http/1.1)}{0.0.0.0:8080}
13:18:50.337 [Test worker] DEBUG org.eclipse.jetty.util.component.ContainerLifeCycle - NetworkTrafficServerConnector@71b0284a{HTTP/1.1, (http/1.1)}{0.0.0.0:8080} added {sun.nio.ch.ServerSocketChannelImpl[/0:0:0:0:0:0:0:0:8080],POJO}
13:18:50.337 [Test worker] DEBUG org.eclipse.jetty.util.component.AbstractLifeCycle - starting ScheduledExecutorScheduler@5710c372{STOPPED}
13:18:50.337 [Test worker] DEBUG org.eclipse.jetty.util.component.AbstractLifeCycle - STARTED @81899ms ScheduledExecutorScheduler@5710c372{STARTED}
13:18:50.338 [Test worker] DEBUG org.eclipse.jetty.util.component.AbstractLifeCycle - starting HttpConnectionFactory@1a1b53b8[HTTP/1.1]
13:18:50.338 [Test worker] DEBUG org.eclipse.jetty.util.component.AbstractLifeCycle - STARTED @81899ms HttpConnectionFactory@1a1b53b8[HTTP/1.1]
13:18:50.338 [Test worker] DEBUG org.eclipse.jetty.util.component.AbstractLifeCycle - starting SelectorManager@NetworkTrafficServerConnector@71b0284a{HTTP/1.1, (http/1.1)}{0.0.0.0:8080}
13:18:50.338 [Test worker] DEBUG org.eclipse.jetty.util.component.ContainerLifeCycle - EatWhatYouKill@5d488fc6/SelectorProducer@33e4dd16/IDLE/p=false/QueuedThreadPool[qtp781595164]@2e96321c{STARTED,8<=8<=14,i=8,r=1,q=0}[ReservedThreadExecutor@5e1e7972{s=0/1,p=0}][pc=0,pic=0,pec=0,epc=0]@2020-09-25T13:18:50.33872+02:00 added {SelectorProducer@33e4dd16,POJO}
13:18:50.339 [Test worker] DEBUG org.eclipse.jetty.util.component.ContainerLifeCycle - EatWhatYouKill@5d488fc6/SelectorProducer@33e4dd16/IDLE/p=false/QueuedThreadPool[qtp781595164]@2e96321c{STARTED,8<=8<=14,i=8,r=1,q=0}[ReservedThreadExecutor@5e1e7972{s=0/1,p=0}][pc=0,pic=0,pec=0,epc=0]@2020-09-25T13:18:50.33872+02:00 added {QueuedThreadPool[qtp781595164]@2e96321c{STARTED,8<=8<=14,i=8,r=1,q=0}[ReservedThreadExecutor@5e1e7972{s=0/1,p=0}],UNMANAGED}
13:18:50.339 [Test worker] DEBUG org.eclipse.jetty.util.thread.strategy.EatWhatYouKill - EatWhatYouKill@5d488fc6/SelectorProducer@33e4dd16/IDLE/p=false/QueuedThreadPool[qtp781595164]@2e96321c{STARTED,8<=8<=14,i=8,r=1,q=0}[ReservedThreadExecutor@5e1e7972{s=0/1,p=0}][pc=0,pic=0,pec=0,epc=0]@2020-09-25T13:18:50.3396904+02:00 created
13:18:50.339 [Test worker] DEBUG org.eclipse.jetty.util.component.ContainerLifeCycle - ManagedSelector@472b777f{STOPPED} id=0 keys=-1 selected=-1 updates=0 added {EatWhatYouKill@5d488fc6/SelectorProducer@33e4dd16/IDLE/p=false/QueuedThreadPool[qtp781595164]@2e96321c{STARTED,8<=8<=14,i=8,r=1,q=0}[ReservedThreadExecutor@5e1e7972{s=0/1,p=0}][pc=0,pic=0,pec=0,epc=0]@2020-09-25T13:18:50.3396904+02:00,MANAGED}
13:18:50.339 [Test worker] DEBUG org.eclipse.jetty.util.component.ContainerLifeCycle - SelectorManager@NetworkTrafficServerConnector@71b0284a{HTTP/1.1, (http/1.1)}{0.0.0.0:8080} added {ManagedSelector@472b777f{STOPPED} id=0 keys=-1 selected=-1 updates=0,AUTO}
13:18:50.339 [Test worker] DEBUG org.eclipse.jetty.util.component.ContainerLifeCycle - EatWhatYouKill@11f99275/SelectorProducer@8560933/IDLE/p=false/QueuedThreadPool[qtp781595164]@2e96321c{STARTED,8<=8<=14,i=8,r=1,q=0}[ReservedThreadExecutor@5e1e7972{s=0/1,p=0}][pc=0,pic=0,pec=0,epc=0]@2020-09-25T13:18:50.3396904+02:00 added {SelectorProducer@8560933,POJO}
13:18:50.339 [Test worker] DEBUG org.eclipse.jetty.util.component.ContainerLifeCycle - EatWhatYouKill@11f99275/SelectorProducer@8560933/IDLE/p=false/QueuedThreadPool[qtp781595164]@2e96321c{STARTED,8<=8<=14,i=8,r=1,q=0}[ReservedThreadExecutor@5e1e7972{s=0/1,p=0}][pc=0,pic=0,pec=0,epc=0]@2020-09-25T13:18:50.3396904+02:00 added {QueuedThreadPool[qtp781595164]@2e96321c{STARTED,8<=8<=14,i=8,r=1,q=0}[ReservedThreadExecutor@5e1e7972{s=0/1,p=0}],UNMANAGED}
13:18:50.340 [Test worker] DEBUG org.eclipse.jetty.util.thread.strategy.EatWhatYouKill - EatWhatYouKill@11f99275/SelectorProducer@8560933/IDLE/p=false/QueuedThreadPool[qtp781595164]@2e96321c{STARTED,8<=8<=14,i=8,r=1,q=0}[ReservedThreadExecutor@5e1e7972{s=0/1,p=0}][pc=0,pic=0,pec=0,epc=0]@2020-09-25T13:18:50.3406853+02:00 created
13:18:50.340 [Test worker] DEBUG org.eclipse.jetty.util.component.ContainerLifeCycle - ManagedSelector@1d4f6942{STOPPED} id=1 keys=-1 selected=-1 updates=0 added {EatWhatYouKill@11f99275/SelectorProducer@8560933/IDLE/p=false/QueuedThreadPool[qtp781595164]@2e96321c{STARTED,8<=8<=14,i=8,r=1,q=0}[ReservedThreadExecutor@5e1e7972{s=0/1,p=0}][pc=0,pic=0,pec=0,epc=0]@2020-09-25T13:18:50.3406853+02:00,MANAGED}
13:18:50.340 [Test worker] DEBUG org.eclipse.jetty.util.component.ContainerLifeCycle - SelectorManager@NetworkTrafficServerConnector@71b0284a{HTTP/1.1, (http/1.1)}{0.0.0.0:8080} added {ManagedSelector@1d4f6942{STOPPED} id=1 keys=-1 selected=-1 updates=0,AUTO}
13:18:50.340 [Test worker] DEBUG org.eclipse.jetty.util.component.AbstractLifeCycle - starting ManagedSelector@472b777f{STOPPED} id=0 keys=-1 selected=-1 updates=0
13:18:50.340 [Test worker] DEBUG org.eclipse.jetty.util.component.AbstractLifeCycle - starting EatWhatYouKill@5d488fc6/SelectorProducer@33e4dd16/IDLE/p=false/QueuedThreadPool[qtp781595164]@2e96321c{STARTED,8<=8<=14,i=8,r=1,q=0}[ReservedThreadExecutor@5e1e7972{s=0/1,p=0}][pc=0,pic=0,pec=0,epc=0]@2020-09-25T13:18:50.3406853+02:00
13:18:50.340 [Test worker] DEBUG org.eclipse.jetty.util.component.AbstractLifeCycle - STARTED @81902ms EatWhatYouKill@5d488fc6/SelectorProducer@33e4dd16/IDLE/p=false/QueuedThreadPool[qtp781595164]@2e96321c{STARTED,8<=8<=14,i=8,r=1,q=0}[ReservedThreadExecutor@5e1e7972{s=0/1,p=0}][pc=0,pic=0,pec=0,epc=0]@2020-09-25T13:18:50.3406853+02:00
13:18:50.342 [Test worker] DEBUG org.eclipse.jetty.util.thread.QueuedThreadPool - queue org.eclipse.jetty.io.ManagedSelector$$Lambda$425/0x00000001005fc040@143751b startThread=0
13:18:50.342 [Test worker] DEBUG org.eclipse.jetty.io.ManagedSelector - Queued change org.eclipse.jetty.io.ManagedSelector$Start@5c74357c on ManagedSelector@472b777f{STARTING} id=0 keys=0 selected=0 updates=0
13:18:50.389 [qtp2010498327-85] DEBUG org.eclipse.jetty.util.thread.QueuedThreadPool - ran qtp2010498327-85-acceptor-1@7fcf14f3-NetworkTrafficServerConnector@44d9c01f{HTTP/1.1, (http/1.1)}{0.0.0.0:8080} in QueuedThreadPool[qtp2010498327]@77d5c517{STOPPED,8<=0<=14,i=4,r=-1,q=0}[NO_TRY]
13:18:50.389 [qtp2010498327-85] DEBUG org.eclipse.jetty.util.thread.QueuedThreadPool - Thread[qtp2010498327-85,5,main] exited for QueuedThreadPool[qtp2010498327]@77d5c517{STOPPED,8<=0<=14,i=4,r=-1,q=0}[NO_TRY]
13:18:50.458 [qtp2010498327-88] DEBUG org.eclipse.jetty.util.thread.QueuedThreadPool - ran qtp2010498327-88-acceptor-0@3cd15291-NetworkTrafficServerConnector@44d9c01f{HTTP/1.1, (http/1.1)}{0.0.0.0:8080} in QueuedThreadPool[qtp2010498327]@77d5c517{STOPPED,8<=0<=14,i=4,r=-1,q=0}[NO_TRY]
13:18:50.458 [qtp2010498327-88] DEBUG org.eclipse.jetty.util.thread.QueuedThreadPool - Thread[qtp2010498327-88,5,main] exited for QueuedThreadPool[qtp2010498327]@77d5c517{STOPPED,8<=0<=14,i=4,r=-1,q=0}[NO_TRY]
13:18:50.511 [qtp781595164-92] DEBUG org.eclipse.jetty.util.thread.QueuedThreadPool - Runner started for QueuedThreadPool[qtp781595164]@2e96321c{STARTED,8<=8<=14,i=7,r=1,q=0}[ReservedThreadExecutor@5e1e7972{s=0/1,p=0}]
13:18:50.511 [qtp781595164-92] DEBUG org.eclipse.jetty.util.thread.QueuedThreadPool - run org.eclipse.jetty.io.ManagedSelector$$Lambda$425/0x00000001005fc040@143751b in QueuedThreadPool[qtp781595164]@2e96321c{STARTED,8<=8<=14,i=7,r=1,q=0}[ReservedThreadExecutor@5e1e7972{s=0/1,p=0}]
13:18:50.512 [qtp781595164-92] DEBUG org.eclipse.jetty.util.thread.strategy.EatWhatYouKill - EatWhatYouKill@5d488fc6/SelectorProducer@33e4dd16/IDLE/p=false/QueuedThreadPool[qtp781595164]@2e96321c{STARTED,8<=8<=14,i=7,r=1,q=0}[ReservedThreadExecutor@5e1e7972{s=0/1,p=0}][pc=0,pic=0,pec=0,epc=0]@2020-09-25T13:18:50.5126587+02:00 tryProduce false
13:18:50.512 [qtp781595164-92] DEBUG org.eclipse.jetty.io.ManagedSelector - updateable 1
13:18:50.512 [qtp781595164-92] DEBUG org.eclipse.jetty.io.ManagedSelector - update org.eclipse.jetty.io.ManagedSelector$Start@5c74357c
13:18:50.512 [Test worker] DEBUG org.eclipse.jetty.util.component.AbstractLifeCycle - STARTED @82074ms ManagedSelector@472b777f{STARTED} id=0 keys=0 selected=0 updates=0
13:18:50.512 [Test worker] DEBUG org.eclipse.jetty.util.component.AbstractLifeCycle - starting ManagedSelector@1d4f6942{STOPPED} id=1 keys=-1 selected=-1 updates=0
13:18:50.512 [qtp781595164-92] DEBUG org.eclipse.jetty.io.ManagedSelector - updates 0
13:18:50.512 [Test worker] DEBUG org.eclipse.jetty.util.component.AbstractLifeCycle - starting EatWhatYouKill@11f99275/SelectorProducer@8560933/IDLE/p=false/QueuedThreadPool[qtp781595164]@2e96321c{STARTED,8<=8<=14,i=7,r=1,q=0}[ReservedThreadExecutor@5e1e7972{s=0/1,p=0}][pc=0,pic=0,pec=0,epc=0]@2020-09-25T13:18:50.5126587+02:00
13:18:50.512 [qtp781595164-92] DEBUG org.eclipse.jetty.io.ManagedSelector - Selector sun.nio.ch.WindowsSelectorImpl@74793139 waiting with 0 keys
13:18:50.512 [Test worker] DEBUG org.eclipse.jetty.util.component.AbstractLifeCycle - STARTED @82074ms EatWhatYouKill@11f99275/SelectorProducer@8560933/IDLE/p=false/QueuedThreadPool[qtp781595164]@2e96321c{STARTED,8<=8<=14,i=7,r=1,q=0}[ReservedThreadExecutor@5e1e7972{s=0/1,p=0}][pc=0,pic=0,pec=0,epc=0]@2020-09-25T13:18:50.5126587+02:00
13:18:50.514 [Test worker] DEBUG org.eclipse.jetty.util.thread.QueuedThreadPool - queue org.eclipse.jetty.io.ManagedSelector$$Lambda$425/0x00000001005fc040@64d3a050 startThread=0
13:18:50.515 [Test worker] DEBUG org.eclipse.jetty.io.ManagedSelector - Queued change org.eclipse.jetty.io.ManagedSelector$Start@2b0d0f1 on ManagedSelector@1d4f6942{STARTING} id=1 keys=0 selected=0 updates=0
13:18:50.521 [qtp781595164-93] DEBUG org.eclipse.jetty.util.thread.QueuedThreadPool - Runner started for QueuedThreadPool[qtp781595164]@2e96321c{STARTED,8<=8<=14,i=6,r=1,q=0}[ReservedThreadExecutor@5e1e7972{s=0/1,p=0}]
13:18:50.521 [qtp781595164-93] DEBUG org.eclipse.jetty.util.thread.QueuedThreadPool - run org.eclipse.jetty.io.ManagedSelector$$Lambda$425/0x00000001005fc040@64d3a050 in QueuedThreadPool[qtp781595164]@2e96321c{STARTED,8<=8<=14,i=6,r=1,q=0}[ReservedThreadExecutor@5e1e7972{s=0/1,p=0}]
13:18:50.521 [qtp781595164-93] DEBUG org.eclipse.jetty.util.thread.strategy.EatWhatYouKill - EatWhatYouKill@11f99275/SelectorProducer@8560933/IDLE/p=false/QueuedThreadPool[qtp781595164]@2e96321c{STARTED,8<=8<=14,i=6,r=1,q=0}[ReservedThreadExecutor@5e1e7972{s=0/1,p=0}][pc=0,pic=0,pec=0,epc=0]@2020-09-25T13:18:50.5216633+02:00 tryProduce false
13:18:50.521 [qtp781595164-93] DEBUG org.eclipse.jetty.io.ManagedSelector - updateable 1
13:18:50.521 [qtp781595164-93] DEBUG org.eclipse.jetty.io.ManagedSelector - update org.eclipse.jetty.io.ManagedSelector$Start@2b0d0f1
13:18:50.521 [qtp781595164-93] DEBUG org.eclipse.jetty.io.ManagedSelector - updates 0
13:18:50.521 [qtp781595164-93] DEBUG org.eclipse.jetty.io.ManagedSelector - Selector sun.nio.ch.WindowsSelectorImpl@146bda14 waiting with 0 keys
13:18:50.521 [Test worker] DEBUG org.eclipse.jetty.util.component.AbstractLifeCycle - STARTED @82083ms ManagedSelector@1d4f6942{STARTED} id=1 keys=0 selected=0 updates=0
13:18:50.521 [Test worker] DEBUG org.eclipse.jetty.util.component.AbstractLifeCycle - STARTED @82083ms SelectorManager@NetworkTrafficServerConnector@71b0284a{HTTP/1.1, (http/1.1)}{0.0.0.0:8080}
13:18:50.521 [Test worker] DEBUG org.eclipse.jetty.util.component.ContainerLifeCycle - NetworkTrafficServerConnector@71b0284a{HTTP/1.1, (http/1.1)}{0.0.0.0:8080} added {acceptor-0@18c19611,POJO}
13:18:50.521 [Test worker] DEBUG org.eclipse.jetty.util.thread.QueuedThreadPool - queue acceptor-0@18c19611 startThread=0
13:18:50.521 [Test worker] DEBUG org.eclipse.jetty.util.component.ContainerLifeCycle - NetworkTrafficServerConnector@71b0284a{HTTP/1.1, (http/1.1)}{0.0.0.0:8080} added {acceptor-1@65638fa0,POJO}
13:18:50.522 [Test worker] DEBUG org.eclipse.jetty.util.thread.QueuedThreadPool - queue acceptor-1@65638fa0 startThread=0
13:18:50.522 [Test worker] DEBUG org.eclipse.jetty.util.component.ContainerLifeCycle - NetworkTrafficServerConnector@71b0284a{HTTP/1.1, (http/1.1)}{0.0.0.0:8080} added {acceptor-2@1c4b627c,POJO}
13:18:50.522 [Test worker] DEBUG org.eclipse.jetty.util.thread.QueuedThreadPool - queue acceptor-2@1c4b627c startThread=0
13:18:50.522 [Test worker] INFO org.eclipse.jetty.server.AbstractConnector - Started NetworkTrafficServerConnector@71b0284a{HTTP/1.1, (http/1.1)}{0.0.0.0:8080}
13:18:50.522 [Test worker] DEBUG org.eclipse.jetty.util.component.AbstractLifeCycle - STARTED @82083ms NetworkTrafficServerConnector@71b0284a{HTTP/1.1, (http/1.1)}{0.0.0.0:8080}
13:18:50.522 [Test worker] INFO org.eclipse.jetty.server.Server - Started @82084ms
13:18:50.522 [Test worker] DEBUG org.eclipse.jetty.util.component.AbstractLifeCycle - STARTED @82084ms Server@4a5d9b7d{STARTED}[9.4.28.v20200408]
13:18:50.525 [Test worker] DEBUG org.apache.http.impl.conn.PoolingHttpClientConnectionManager - Connection request: [route: {}->http://localhost:8080][total available: 1; route allocated: 1 of 5; total allocated: 1 of 50]
13:18:50.526 [Test worker] DEBUG org.apache.http.impl.conn.PoolingHttpClientConnectionManager - Connection leased: [id: 5][route: {}->http://localhost:8080][total available: 0; route allocated: 1 of 5; total allocated: 1 of 50]
13:18:50.526 [Test worker] DEBUG org.apache.http.impl.conn.DefaultManagedHttpClientConnection - http-outgoing-5: set socket timeout to 30000
13:18:50.526 [Test worker] DEBUG org.apache.http.impl.execchain.MainClientExec - Stale connection check
13:18:50.526 [Test worker] DEBUG org.apache.http.wire - http-outgoing-5 << "end of stream"
13:18:50.526 [Test worker] DEBUG org.apache.http.impl.execchain.MainClientExec - Stale connection detected
13:18:50.526 [Test worker] DEBUG org.apache.http.impl.conn.DefaultManagedHttpClientConnection - http-outgoing-5: Close connection
13:18:50.526 [Test worker] DEBUG org.apache.http.impl.execchain.MainClientExec - Opening connection {}->http://localhost:8080
13:18:50.526 [Test worker] DEBUG org.apache.http.impl.conn.DefaultHttpClientConnectionOperator - Connecting to localhost/127.0.0.1:8080
13:18:50.527 [Test worker] DEBUG org.apache.http.impl.conn.DefaultHttpClientConnectionOperator - Connection established 127.0.0.1:65021<->127.0.0.1:8080
13:18:50.527 [Test worker] DEBUG org.apache.http.impl.execchain.MainClientExec - Executing request POST /__admin/mappings HTTP/1.1
13:18:50.527 [Test worker] DEBUG org.apache.http.impl.execchain.MainClientExec - Target auth state: UNCHALLENGED
13:18:50.527 [Test worker] DEBUG org.apache.http.impl.execchain.MainClientExec - Proxy auth state: UNCHALLENGED
13:18:50.527 [Test worker] DEBUG org.apache.http.headers - http-outgoing-5 >> POST /__admin/mappings HTTP/1.1
13:18:50.527 [Test worker] DEBUG org.apache.http.headers - http-outgoing-5 >> Content-Length: 364
13:18:50.527 [Test worker] DEBUG org.apache.http.headers - http-outgoing-5 >> Content-Type: text/plain; charset=UTF-8
13:18:50.527 [Test worker] DEBUG org.apache.http.headers - http-outgoing-5 >> Host: localhost:8080
13:18:50.527 [Test worker] DEBUG org.apache.http.headers - http-outgoing-5 >> Connection: Keep-Alive
13:18:50.527 [Test worker] DEBUG org.apache.http.headers - http-outgoing-5 >> User-Agent: Apache-HttpClient/4.5.12 (Java/11.0.2)
13:18:50.527 [Test worker] DEBUG org.apache.http.wire - http-outgoing-5 >> "POST /__admin/mappings HTTP/1.1[\r][\n]"
13:18:50.527 [Test worker] DEBUG org.apache.http.wire - http-outgoing-5 >> "Content-Length: 364[\r][\n]"
13:18:50.527 [Test worker] DEBUG org.apache.http.wire - http-outgoing-5 >> "Content-Type: text/plain; charset=UTF-8[\r][\n]"
13:18:50.527 [Test worker] DEBUG org.apache.http.wire - http-outgoing-5 >> "Host: localhost:8080[\r][\n]"
13:18:50.527 [Test worker] DEBUG org.apache.http.wire - http-outgoing-5 >> "Connection: Keep-Alive[\r][\n]"
13:18:50.527 [Test worker] DEBUG org.apache.http.wire - http-outgoing-5 >> "User-Agent: Apache-HttpClient/4.5.12 (Java/11.0.2)[\r][\n]"
13:18:50.527 [Test worker] DEBUG org.apache.http.wire - http-outgoing-5 >> "[\r][\n]"
13:18:50.527 [Test worker] DEBUG org.apache.http.wire - http-outgoing-5 >> "{[\r][\n]"
13:18:50.527 [Test worker] DEBUG org.apache.http.wire - http-outgoing-5 >> "  "id" : "e6e389f5-84f1-4173-8aa6-7c1b446bb653",[\r][\n]"
13:18:50.527 [Test worker] DEBUG org.apache.http.wire - http-outgoing-5 >> "  "request" : {[\r][\n]"
13:18:50.527 [Test worker] DEBUG org.apache.http.wire - http-outgoing-5 >> "    "url" : "/api/v0/components/products/e929c1aa-d653-439a-9656-04a204a47597/environments",[\r][\n]"
13:18:50.527 [Test worker] DEBUG org.apache.http.wire - http-outgoing-5 >> "    "method" : "GET"[\r][\n]"
13:18:50.527 [Test worker] DEBUG org.apache.http.wire - http-outgoing-5 >> "  },[\r][\n]"
13:18:50.528 [Test worker] DEBUG org.apache.http.wire - http-outgoing-5 >> "  "response" : {[\r][\n]"
13:18:50.528 [Test worker] DEBUG org.apache.http.wire - http-outgoing-5 >> "    "status" : 401[\r][\n]"
13:18:50.528 [Test worker] DEBUG org.apache.http.wire - http-outgoing-5 >> "  },[\r][\n]"
13:18:50.528 [Test worker] DEBUG org.apache.http.wire - http-outgoing-5 >> "  "uuid" : "e6e389f5-84f1-4173-8aa6-7c1b446bb653",[\r][\n]"
13:18:50.528 [Test worker] DEBUG org.apache.http.wire - http-outgoing-5 >> "  "scenarioName" : "unAuthorized",[\r][\n]"
13:18:50.528 [Test worker] DEBUG org.apache.http.wire - http-outgoing-5 >> "  "requiredScenarioState" : "Started"[\r][\n]"
13:18:50.528 [Test worker] DEBUG org.apache.http.wire - http-outgoing-5 >> "}"
13:18:50.555 [qtp781595164-94] DEBUG org.eclipse.jetty.util.thread.QueuedThreadPool - Runner started for QueuedThreadPool[qtp781595164]@2e96321c{STARTED,8<=8<=14,i=3,r=1,q=0}[ReservedThreadExecutor@5e1e7972{s=0/1,p=0}]
13:18:50.555 [qtp781595164-94] DEBUG org.eclipse.jetty.util.thread.QueuedThreadPool - run acceptor-0@18c19611 in QueuedThreadPool[qtp781595164]@2e96321c{STARTED,8<=8<=14,i=3,r=1,q=0}[ReservedThreadExecutor@5e1e7972{s=0/1,p=0}]
13:18:50.556 [qtp781595164-95] DEBUG org.eclipse.jetty.util.thread.QueuedThreadPool - Runner started for QueuedThreadPool[qtp781595164]@2e96321c{STARTED,8<=8<=14,i=3,r=1,q=0}[ReservedThreadExecutor@5e1e7972{s=0/1,p=0}]
13:18:50.556 [qtp781595164-95] DEBUG org.eclipse.jetty.util.thread.QueuedThreadPool - run acceptor-1@65638fa0 in QueuedThreadPool[qtp781595164]@2e96321c{STARTED,8<=8<=14,i=3,r=1,q=0}[ReservedThreadExecutor@5e1e7972{s=0/1,p=0}]
13:18:50.557 [qtp781595164-95-acceptor-1@65638fa0-NetworkTrafficServerConnector@71b0284a{HTTP/1.1, (http/1.1)}{0.0.0.0:8080}] DEBUG org.eclipse.jetty.io.ManagedSelector - Queued change org.eclipse.jetty.io.ManagedSelector$Accept@51e2aecc on ManagedSelector@1d4f6942{STARTED} id=1 keys=0 selected=0 updates=0
13:18:50.557 [qtp781595164-95-acceptor-1@65638fa0-NetworkTrafficServerConnector@71b0284a{HTTP/1.1, (http/1.1)}{0.0.0.0:8080}] DEBUG org.eclipse.jetty.io.ManagedSelector - Wakeup on submit ManagedSelector@1d4f6942{STARTED} id=1 keys=0 selected=0 updates=1
13:18:50.557 [qtp781595164-93] DEBUG org.eclipse.jetty.io.ManagedSelector - Selector sun.nio.ch.WindowsSelectorImpl@146bda14 woken with none selected
13:18:50.558 [qtp781595164-93] DEBUG org.eclipse.jetty.io.ManagedSelector - Selector sun.nio.ch.WindowsSelectorImpl@146bda14 woken up from select, 0/0/0 selected
13:18:50.558 [qtp781595164-93] DEBUG org.eclipse.jetty.io.ManagedSelector - Selector sun.nio.ch.WindowsSelectorImpl@146bda14 processing 0 keys, 1 updates
13:18:50.558 [qtp781595164-93] DEBUG org.eclipse.jetty.io.ManagedSelector - updateable 1
13:18:50.558 [qtp781595164-93] DEBUG org.eclipse.jetty.io.ManagedSelector - update org.eclipse.jetty.io.ManagedSelector$Accept@51e2aecc
13:18:50.558 [qtp781595164-93] DEBUG org.eclipse.jetty.util.thread.QueuedThreadPool - queue org.eclipse.jetty.io.ManagedSelector$Accept@51e2aecc startThread=0
13:18:50.558 [qtp781595164-93] DEBUG org.eclipse.jetty.io.ManagedSelector - updates 0
13:18:50.558 [qtp781595164-93] DEBUG org.eclipse.jetty.io.ManagedSelector - Selector sun.nio.ch.WindowsSelectorImpl@146bda14 waiting with 1 keys
13:18:50.559 [qtp781595164-96] DEBUG org.eclipse.jetty.util.thread.QueuedThreadPool - Runner started for QueuedThreadPool[qtp781595164]@2e96321c{STARTED,8<=8<=14,i=2,r=1,q=0}[ReservedThreadExecutor@5e1e7972{s=0/1,p=0}]
13:18:50.559 [qtp781595164-96] DEBUG org.eclipse.jetty.util.thread.QueuedThreadPool - run acceptor-2@1c4b627c in QueuedThreadPool[qtp781595164]@2e96321c{STARTED,8<=8<=14,i=2,r=1,q=0}[ReservedThreadExecutor@5e1e7972{s=0/1,p=0}]
13:18:50.560 [qtp781595164-97] DEBUG org.eclipse.jetty.util.thread.QueuedThreadPool - Runner started for QueuedThreadPool[qtp781595164]@2e96321c{STARTED,8<=8<=14,i=2,r=1,q=0}[ReservedThreadExecutor@5e1e7972{s=0/1,p=0}]
13:18:50.560 [qtp781595164-97] DEBUG org.eclipse.jetty.util.thread.QueuedThreadPool - run org.eclipse.jetty.io.ManagedSelector$Accept@51e2aecc in QueuedThreadPool[qtp781595164]@2e96321c{STARTED,8<=8<=14,i=2,r=1,q=0}[ReservedThreadExecutor@5e1e7972{s=0/1,p=0}]
13:18:50.560 [qtp781595164-97] DEBUG org.eclipse.jetty.io.IdleTimeout - NetworkTrafficSocketChannelEndPoint@2f324d03{/127.0.0.1:65021<->/127.0.0.1:8080,OPEN,fill=-,flush=-,to=0/30000}{io=0/0,kio=0,kro=0}-><null> idle timeout check, elapsed: 0 ms, remaining: 30000 ms
13:18:50.561 [qtp781595164-97] DEBUG org.eclipse.jetty.server.HttpChannel - new HttpChannelOverHttp@25ca2673{s=HttpChannelState@60c8bcae{s=IDLE rs=BLOCKING os=OPEN is=IDLE awp=false se=false i=true al=0},r=0,c=false/false,a=IDLE,uri=null,age=0} -> NetworkTrafficSocketChannelEndPoint@2f324d03{/127.0.0.1:65021<->/127.0.0.1:8080,OPEN,fill=-,flush=-,to=0/30000}{io=0/0,kio=0,kro=0}-><null>,null,HttpChannelState@60c8bcae{s=IDLE rs=BLOCKING os=OPEN is=IDLE awp=false se=false i=true al=0}
13:18:50.561 [qtp781595164-97] DEBUG org.eclipse.jetty.server.HttpConnection - New HTTP Connection HttpConnection@5d2fafe1::NetworkTrafficSocketChannelEndPoint@2f324d03{/127.0.0.1:65021<->/127.0.0.1:8080,OPEN,fill=-,flush=-,to=1/30000}{io=0/0,kio=0,kro=0}-><null>
13:18:50.562 [qtp781595164-97] DEBUG org.eclipse.jetty.io.AbstractEndPoint - onOpen NetworkTrafficSocketChannelEndPoint@2f324d03{/127.0.0.1:65021<->/127.0.0.1:8080,OPEN,fill=-,flush=-,to=1/30000}{io=0/0,kio=0,kro=0}->HttpConnection@5d2fafe1[p=HttpParser{s=START,0 of -1},g=HttpGenerator@5162fbcf{s=START}]=>HttpChannelOverHttp@25ca2673{s=HttpChannelState@60c8bcae{s=IDLE rs=BLOCKING os=OPEN is=IDLE awp=false se=false i=true al=0},r=0,c=false/false,a=IDLE,uri=null,age=0}
13:18:50.562 [qtp781595164-97] DEBUG org.eclipse.jetty.io.AbstractConnection - onOpen HttpConnection@5d2fafe1::NetworkTrafficSocketChannelEndPoint@2f324d03{/127.0.0.1:65021<->/127.0.0.1:8080,OPEN,fill=-,flush=-,to=1/30000}{io=0/0,kio=0,kro=0}->HttpConnection@5d2fafe1[p=HttpParser{s=START,0 of -1},g=HttpGenerator@5162fbcf{s=START}]=>HttpChannelOverHttp@25ca2673{s=HttpChannelState@60c8bcae{s=IDLE rs=BLOCKING os=OPEN is=IDLE awp=false se=false i=true al=0},r=0,c=false/false,a=IDLE,uri=null,age=0}
13:18:50.562 [qtp781595164-97] DEBUG org.eclipse.jetty.io.AbstractConnection - fillInterested HttpConnection@5d2fafe1::NetworkTrafficSocketChannelEndPoint@2f324d03{/127.0.0.1:65021<->/127.0.0.1:8080,OPEN,fill=-,flush=-,to=1/30000}{io=0/0,kio=0,kro=0}->HttpConnection@5d2fafe1[p=HttpParser{s=START,0 of -1},g=HttpGenerator@5162fbcf{s=START}]=>HttpChannelOverHttp@25ca2673{s=HttpChannelState@60c8bcae{s=IDLE rs=BLOCKING os=OPEN is=IDLE awp=false se=false i=true al=0},r=0,c=false/false,a=IDLE,uri=null,age=0}
13:18:50.562 [qtp781595164-97] DEBUG org.eclipse.jetty.io.FillInterest - interested FillInterest@256fb62e{AC.ReadCB@5d2fafe1{HttpConnection@5d2fafe1::NetworkTrafficSocketChannelEndPoint@2f324d03{/127.0.0.1:65021<->/127.0.0.1:8080,OPEN,fill=FI,flush=-,to=0/30000}{io=0/0,kio=0,kro=0}->HttpConnection@5d2fafe1[p=HttpParser{s=START,0 of -1},g=HttpGenerator@5162fbcf{s=START}]=>HttpChannelOverHttp@25ca2673{s=HttpChannelState@60c8bcae{s=IDLE rs=BLOCKING os=OPEN is=IDLE awp=false se=false i=true al=0},r=0,c=false/false,a=IDLE,uri=null,age=0}}}
13:18:50.562 [qtp781595164-97] DEBUG org.eclipse.jetty.io.ChannelEndPoint - changeInterests p=false 0->1 for NetworkTrafficSocketChannelEndPoint@2f324d03{/127.0.0.1:65021<->/127.0.0.1:8080,OPEN,fill=FI,flush=-,to=0/30000}{io=0/1,kio=0,kro=0}->HttpConnection@5d2fafe1[p=HttpParser{s=START,0 of -1},g=HttpGenerator@5162fbcf{s=START}]=>HttpChannelOverHttp@25ca2673{s=HttpChannelState@60c8bcae{s=IDLE rs=BLOCKING os=OPEN is=IDLE awp=false se=false i=true al=0},r=0,c=false/false,a=IDLE,uri=null,age=0}
13:18:50.562 [qtp781595164-97] DEBUG org.eclipse.jetty.io.ManagedSelector - Queued change org.eclipse.jetty.io.ChannelEndPoint$1@e743e1 on ManagedSelector@1d4f6942{STARTED} id=1 keys=1 selected=0 updates=0
13:18:50.562 [qtp781595164-97] DEBUG org.eclipse.jetty.io.ManagedSelector - Wakeup on submit ManagedSelector@1d4f6942{STARTED} id=1 keys=1 selected=0 updates=1
13:18:50.563 [qtp781595164-93] DEBUG org.eclipse.jetty.io.ManagedSelector - Selector sun.nio.ch.WindowsSelectorImpl@146bda14 woken with none selected
13:18:50.563 [qtp781595164-93] DEBUG org.eclipse.jetty.io.ManagedSelector - Selector sun.nio.ch.WindowsSelectorImpl@146bda14 woken up from select, 0/0/1 selected
13:18:50.563 [qtp781595164-93] DEBUG org.eclipse.jetty.io.ManagedSelector - Selector sun.nio.ch.WindowsSelectorImpl@146bda14 processing 0 keys, 1 updates
13:18:50.563 [qtp781595164-93] DEBUG org.eclipse.jetty.io.ManagedSelector - updateable 1
13:18:50.563 [qtp781595164-93] DEBUG org.eclipse.jetty.io.ManagedSelector - update org.eclipse.jetty.io.ChannelEndPoint$1@e743e1
13:18:50.563 [qtp781595164-93] DEBUG org.eclipse.jetty.io.ChannelEndPoint - Key interests updated 0 -> 1 on NetworkTrafficSocketChannelEndPoint@2f324d03{/127.0.0.1:65021<->/127.0.0.1:8080,OPEN,fill=FI,flush=-,to=0/30000}{io=1/1,kio=1,kro=0}->HttpConnection@5d2fafe1[p=HttpParser{s=START,0 of -1},g=HttpGenerator@5162fbcf{s=START}]=>HttpChannelOverHttp@25ca2673{s=HttpChannelState@60c8bcae{s=IDLE rs=BLOCKING os=OPEN is=IDLE awp=false se=false i=true al=0},r=0,c=false/false,a=IDLE,uri=null,age=0}
13:18:50.563 [qtp781595164-93] DEBUG org.eclipse.jetty.io.ManagedSelector - updates 0
13:18:50.563 [qtp781595164-93] DEBUG org.eclipse.jetty.io.ManagedSelector - Selector sun.nio.ch.WindowsSelectorImpl@146bda14 waiting with 1 keys
13:18:50.563 [qtp781595164-93] DEBUG org.eclipse.jetty.io.ManagedSelector - Selector sun.nio.ch.WindowsSelectorImpl@146bda14 woken up from select, 1/1/1 selected
13:18:50.563 [qtp781595164-93] DEBUG org.eclipse.jetty.io.ManagedSelector - Selector sun.nio.ch.WindowsSelectorImpl@146bda14 processing 1 keys, 0 updates
13:18:50.563 [qtp781595164-93] DEBUG org.eclipse.jetty.io.ManagedSelector - selected 1 channel=java.nio.channels.SocketChannel[connected local=/127.0.0.1:8080 remote=/127.0.0.1:65021], selector=sun.nio.ch.WindowsSelectorImpl@146bda14, interestOps=1, readyOps=1 NetworkTrafficSocketChannelEndPoint@2f324d03{/127.0.0.1:65021<->/127.0.0.1:8080,OPEN,fill=FI,flush=-,to=0/30000}{io=1/1,kio=1,kro=1}->HttpConnection@5d2fafe1[p=HttpParser{s=START,0 of -1},g=HttpGenerator@5162fbcf{s=START}]=>HttpChannelOverHttp@25ca2673{s=HttpChannelState@60c8bcae{s=IDLE rs=BLOCKING os=OPEN is=IDLE awp=false se=false i=true al=0},r=0,c=false/false,a=IDLE,uri=null,age=0} 
13:18:50.564 [qtp781595164-93] DEBUG org.eclipse.jetty.io.ChannelEndPoint - onSelected 1->0 r=true w=false for NetworkTrafficSocketChannelEndPoint@2f324d03{/127.0.0.1:65021<->/127.0.0.1:8080,OPEN,fill=FI,flush=-,to=1/30000}{io=1/0,kio=1,kro=1}->HttpConnection@5d2fafe1[p=HttpParser{s=START,0 of -1},g=HttpGenerator@5162fbcf{s=START}]=>HttpChannelOverHttp@25ca2673{s=HttpChannelState@60c8bcae{s=IDLE rs=BLOCKING os=OPEN is=IDLE awp=false se=false i=true al=0},r=0,c=false/false,a=IDLE,uri=null,age=0}
13:18:50.564 [qtp781595164-93] DEBUG org.eclipse.jetty.io.ChannelEndPoint - task CEP:NetworkTrafficSocketChannelEndPoint@2f324d03{/127.0.0.1:65021<->/127.0.0.1:8080,OPEN,fill=FI,flush=-,to=1/30000}{io=1/0,kio=1,kro=1}->HttpConnection@5d2fafe1[p=HttpParser{s=START,0 of -1},g=HttpGenerator@5162fbcf{s=START}]=>HttpChannelOverHttp@25ca2673{s=HttpChannelState@60c8bcae{s=IDLE rs=BLOCKING os=OPEN is=IDLE awp=false se=false i=true al=0},r=0,c=false/false,a=IDLE,uri=null,age=0}:runFillable:BLOCKING
13:18:50.564 [qtp781595164-93] DEBUG org.eclipse.jetty.util.thread.ReservedThreadExecutor - ReservedThreadExecutor@5e1e7972{s=0/1,p=0} tryExecute EatWhatYouKill@11f99275/SelectorProducer@8560933/PRODUCING/p=false/QueuedThreadPool[qtp781595164]@2e96321c{STARTED,8<=8<=14,i=2,r=1,q=0}[ReservedThreadExecutor@5e1e7972{s=0/1,p=0}][pc=0,pic=0,pec=0,epc=0]@2020-09-25T13:18:50.5646569+02:00
13:18:50.564 [qtp781595164-93] DEBUG org.eclipse.jetty.util.thread.ReservedThreadExecutor - ReservedThreadExecutor@5e1e7972{s=0/1,p=1} startReservedThread p=1
13:18:50.564 [qtp781595164-93] DEBUG org.eclipse.jetty.util.thread.QueuedThreadPool - queue ReservedThreadExecutor@5e1e7972{s=0/1,p=1}@1e93b164 startThread=0
13:18:50.564 [qtp781595164-93] DEBUG org.eclipse.jetty.util.thread.strategy.EatWhatYouKill - EatWhatYouKill@11f99275/SelectorProducer@8560933/PRODUCING/p=false/QueuedThreadPool[qtp781595164]@2e96321c{STARTED,8<=8<=14,i=1,r=1,q=0}[ReservedThreadExecutor@5e1e7972{s=0/1,p=1}][pc=0,pic=0,pec=0,epc=0]@2020-09-25T13:18:50.5646569+02:00 m=PRODUCE_EXECUTE_CONSUME t=CEP:NetworkTrafficSocketChannelEndPoint@2f324d03{/127.0.0.1:65021<->/127.0.0.1:8080,OPEN,fill=FI,flush=-,to=2/30000}{io=1/0,kio=1,kro=1}->HttpConnection@5d2fafe1[p=HttpParser{s=START,0 of -1},g=HttpGenerator@5162fbcf{s=START}]=>HttpChannelOverHttp@25ca2673{s=HttpChannelState@60c8bcae{s=IDLE rs=BLOCKING os=OPEN is=IDLE awp=false se=false i=true al=0},r=0,c=false/false,a=IDLE,uri=null,age=0}:runFillable:BLOCKING/BLOCKING
13:18:50.565 [qtp781595164-93] DEBUG org.eclipse.jetty.util.thread.QueuedThreadPool - queue CEP:NetworkTrafficSocketChannelEndPoint@2f324d03{/127.0.0.1:65021<->/127.0.0.1:8080,OPEN,fill=FI,flush=-,to=2/30000}{io=1/0,kio=1,kro=1}->HttpConnection@5d2fafe1[p=HttpParser{s=START,0 of -1},g=HttpGenerator@5162fbcf{s=START}]=>HttpChannelOverHttp@25ca2673{s=HttpChannelState@60c8bcae{s=IDLE rs=BLOCKING os=OPEN is=IDLE awp=false se=false i=true al=0},r=0,c=false/false,a=IDLE,uri=null,age=0}:runFillable:BLOCKING startThread=0
13:18:50.565 [qtp781595164-93] DEBUG org.eclipse.jetty.io.ManagedSelector - updateable 0
13:18:50.565 [qtp781595164-93] DEBUG org.eclipse.jetty.io.ManagedSelector - updates 0
13:18:50.565 [qtp781595164-93] DEBUG org.eclipse.jetty.io.ChannelEndPoint - Key interests updated 1 -> 0 on NetworkTrafficSocketChannelEndPoint@2f324d03{/127.0.0.1:65021<->/127.0.0.1:8080,OPEN,fill=FI,flush=-,to=2/30000}{io=0/0,kio=0,kro=1}->HttpConnection@5d2fafe1[p=HttpParser{s=START,0 of -1},g=HttpGenerator@5162fbcf{s=START}]=>HttpChannelOverHttp@25ca2673{s=HttpChannelState@60c8bcae{s=IDLE rs=BLOCKING os=OPEN is=IDLE awp=false se=false i=true al=0},r=0,c=false/false,a=IDLE,uri=null,age=0}
13:18:50.565 [qtp781595164-93] DEBUG org.eclipse.jetty.io.ManagedSelector - Selector sun.nio.ch.WindowsSelectorImpl@146bda14 waiting with 1 keys
13:18:50.565 [qtp781595164-97] DEBUG org.eclipse.jetty.io.ManagedSelector - Created NetworkTrafficSocketChannelEndPoint@2f324d03{/127.0.0.1:65021<->/127.0.0.1:8080,OPEN,fill=FI,flush=-,to=2/30000}{io=0/0,kio=0,kro=1}->HttpConnection@5d2fafe1[p=HttpParser{s=START,0 of -1},g=HttpGenerator@5162fbcf{s=START}]=>HttpChannelOverHttp@25ca2673{s=HttpChannelState@60c8bcae{s=IDLE rs=BLOCKING os=OPEN is=IDLE awp=false se=false i=true al=0},r=0,c=false/false,a=IDLE,uri=null,age=0}
13:18:50.565 [qtp781595164-97] DEBUG org.eclipse.jetty.util.thread.QueuedThreadPool - ran org.eclipse.jetty.io.ManagedSelector$Accept@51e2aecc in QueuedThreadPool[qtp781595164]@2e96321c{STARTED,8<=8<=14,i=0,r=1,q=0}[ReservedThreadExecutor@5e1e7972{s=0/1,p=1}]
13:18:50.565 [qtp781595164-97] DEBUG org.eclipse.jetty.util.thread.QueuedThreadPool - run ReservedThreadExecutor@5e1e7972{s=0/1,p=1}@1e93b164 in QueuedThreadPool[qtp781595164]@2e96321c{STARTED,8<=8<=14,i=1,r=1,q=0}[ReservedThreadExecutor@5e1e7972{s=0/1,p=1}]
13:18:50.565 [qtp781595164-97] DEBUG org.eclipse.jetty.util.thread.ReservedThreadExecutor - ReservedThreadExecutor@5e1e7972{s=1/1,p=1}@1e93b164 started
13:18:50.565 [qtp781595164-97] DEBUG org.eclipse.jetty.util.thread.ReservedThreadExecutor - ReservedThreadExecutor@5e1e7972{s=1/1,p=0}@1e93b164 waiting
13:18:50.571 [qtp781595164-98] DEBUG org.eclipse.jetty.util.thread.QueuedThreadPool - Runner started for QueuedThreadPool[qtp781595164]@2e96321c{STARTED,8<=8<=14,i=1,r=1,q=0}[ReservedThreadExecutor@5e1e7972{s=1/1,p=0}]
13:18:50.571 [qtp781595164-98] DEBUG org.eclipse.jetty.util.thread.QueuedThreadPool - run CEP:NetworkTrafficSocketChannelEndPoint@2f324d03{/127.0.0.1:65021<->/127.0.0.1:8080,OPEN,fill=FI,flush=-,to=8/30000}{io=0/0,kio=0,kro=1}->HttpConnection@5d2fafe1[p=HttpParser{s=START,0 of -1},g=HttpGenerator@5162fbcf{s=START}]=>HttpChannelOverHttp@25ca2673{s=HttpChannelState@60c8bcae{s=IDLE rs=BLOCKING os=OPEN is=IDLE awp=false se=false i=true al=0},r=0,c=false/false,a=IDLE,uri=null,age=0}:runFillable:BLOCKING in QueuedThreadPool[qtp781595164]@2e96321c{STARTED,8<=8<=14,i=1,r=1,q=0}[ReservedThreadExecutor@5e1e7972{s=1/1,p=0}]
13:18:50.571 [qtp781595164-98] DEBUG org.eclipse.jetty.io.FillInterest - fillable FillInterest@256fb62e{AC.ReadCB@5d2fafe1{HttpConnection@5d2fafe1::NetworkTrafficSocketChannelEndPoint@2f324d03{/127.0.0.1:65021<->/127.0.0.1:8080,OPEN,fill=FI,flush=-,to=8/30000}{io=0/0,kio=0,kro=1}->HttpConnection@5d2fafe1[p=HttpParser{s=START,0 of -1},g=HttpGenerator@5162fbcf{s=START}]=>HttpChannelOverHttp@25ca2673{s=HttpChannelState@60c8bcae{s=IDLE rs=BLOCKING os=OPEN is=IDLE awp=false se=false i=true al=0},r=0,c=false/false,a=IDLE,uri=null,age=0}}}
13:18:50.571 [qtp781595164-98] DEBUG org.eclipse.jetty.server.HttpConnection - HttpConnection@5d2fafe1::NetworkTrafficSocketChannelEndPoint@2f324d03{/127.0.0.1:65021<->/127.0.0.1:8080,OPEN,fill=-,flush=-,to=9/30000}{io=0/0,kio=0,kro=1}->HttpConnection@5d2fafe1[p=HttpParser{s=START,0 of -1},g=HttpGenerator@5162fbcf{s=START}]=>HttpChannelOverHttp@25ca2673{s=HttpChannelState@60c8bcae{s=IDLE rs=BLOCKING os=OPEN is=IDLE awp=false se=false i=true al=0},r=0,c=false/false,a=IDLE,uri=null,age=0} onFillable enter HttpChannelState@60c8bcae{s=IDLE rs=BLOCKING os=OPEN is=IDLE awp=false se=false i=true al=0} null
13:18:50.572 [qtp781595164-98] DEBUG org.eclipse.jetty.io.ChannelEndPoint - filled 559 HeapByteBuffer@40573931[p=0,l=559,c=8192,r=559]={<<<POST /__admin/mappings HT...ioState" : "Started"\r\n}>>>\x00\x00\x00\x00\x00\x00\x00\x00\x00...\x00\x00\x00\x00\x00\x00\x00}
13:18:50.572 [qtp781595164-98] DEBUG org.eclipse.jetty.server.HttpConnection - HttpConnection@5d2fafe1::NetworkTrafficSocketChannelEndPoint@2f324d03{/127.0.0.1:65021<->/127.0.0.1:8080,OPEN,fill=-,flush=-,to=0/30000}{io=0/0,kio=0,kro=1}->HttpConnection@5d2fafe1[p=HttpParser{s=START,0 of -1},g=HttpGenerator@5162fbcf{s=START}]=>HttpChannelOverHttp@25ca2673{s=HttpChannelState@60c8bcae{s=IDLE rs=BLOCKING os=OPEN is=IDLE awp=false se=false i=true al=0},r=0,c=false/false,a=IDLE,uri=null,age=0} filled 559 HeapByteBuffer@40573931[p=0,l=559,c=8192,r=559]={<<<POST /__admin/mappings HT...ioState" : "Started"\r\n}>>>\x00\x00\x00\x00\x00\x00\x00\x00\x00...\x00\x00\x00\x00\x00\x00\x00}
13:18:50.572 [qtp781595164-98] DEBUG org.eclipse.jetty.server.HttpConnection - HttpConnection@5d2fafe1::NetworkTrafficSocketChannelEndPoint@2f324d03{/127.0.0.1:65021<->/127.0.0.1:8080,OPEN,fill=-,flush=-,to=0/30000}{io=0/0,kio=0,kro=1}->HttpConnection@5d2fafe1[p=HttpParser{s=START,0 of -1},g=HttpGenerator@5162fbcf{s=START}]=>HttpChannelOverHttp@25ca2673{s=HttpChannelState@60c8bcae{s=IDLE rs=BLOCKING os=OPEN is=IDLE awp=false se=false i=true al=0},r=0,c=false/false,a=IDLE,uri=null,age=0} parse HeapByteBuffer@40573931[p=0,l=559,c=8192,r=559]={<<<POST /__admin/mappings HT...ioState" : "Started"\r\n}>>>\x00\x00\x00\x00\x00\x00\x00\x00\x00...\x00\x00\x00\x00\x00\x00\x00} {}
13:18:50.572 [qtp781595164-98] DEBUG org.eclipse.jetty.http.HttpParser - parseNext s=START HeapByteBuffer@40573931[p=0,l=559,c=8192,r=559]={<<<POST /__admin/mappings HT...ioState" : "Started"\r\n}>>>\x00\x00\x00\x00\x00\x00\x00\x00\x00...\x00\x00\x00\x00\x00\x00\x00}
13:18:50.572 [qtp781595164-98] DEBUG org.eclipse.jetty.http.HttpParser - START --> SPACE1
13:18:50.572 [qtp781595164-98] DEBUG org.eclipse.jetty.http.HttpParser - SPACE1 --> URI
13:18:50.573 [qtp781595164-98] DEBUG org.eclipse.jetty.http.HttpParser - URI --> SPACE2
13:18:50.573 [qtp781595164-98] DEBUG org.eclipse.jetty.http.HttpParser - SPACE2 --> REQUEST_VERSION
13:18:50.573 [qtp781595164-98] DEBUG org.eclipse.jetty.http.HttpParser - REQUEST_VERSION --> HEADER
13:18:50.573 [qtp781595164-98] DEBUG org.eclipse.jetty.http.HttpParser - HEADER:Content-Length --> VALUE
13:18:50.573 [qtp781595164-98] DEBUG org.eclipse.jetty.http.HttpParser - HEADER:Content-Length --> IN_VALUE
13:18:50.573 [qtp781595164-98] DEBUG org.eclipse.jetty.http.HttpParser - HEADER:Content-Length --> FIELD
13:18:50.573 [qtp781595164-98] DEBUG org.eclipse.jetty.http.HttpParser - HEADER:Content-Type: text/plain; charset=UTF-8 --> IN_VALUE
13:18:50.573 [qtp781595164-98] DEBUG org.eclipse.jetty.http.HttpParser - HEADER:Content-Type: text/plain; charset=UTF-8 --> FIELD
13:18:50.573 [qtp781595164-98] DEBUG org.eclipse.jetty.http.HttpParser - HEADER:Host --> VALUE
13:18:50.573 [qtp781595164-98] DEBUG org.eclipse.jetty.http.HttpParser - HEADER:Host --> IN_VALUE
13:18:50.573 [qtp781595164-98] DEBUG org.eclipse.jetty.http.HttpParser - HEADER:Host --> FIELD
13:18:50.573 [qtp781595164-98] DEBUG org.eclipse.jetty.http.HttpParser - HEADER:Connection: keep-alive --> IN_VALUE
13:18:50.573 [qtp781595164-98] DEBUG org.eclipse.jetty.http.HttpParser - HEADER:Connection: keep-alive --> FIELD
13:18:50.573 [qtp781595164-98] DEBUG org.eclipse.jetty.http.HttpParser - HEADER:User-Agent --> VALUE
13:18:50.573 [qtp781595164-98] DEBUG org.eclipse.jetty.http.HttpParser - HEADER:User-Agent --> IN_VALUE
13:18:50.573 [qtp781595164-98] DEBUG org.eclipse.jetty.http.HttpParser - HEADER:User-Agent --> FIELD
13:18:50.573 [qtp781595164-98] DEBUG org.eclipse.jetty.http.HttpParser - HEADER --> CONTENT
13:18:50.573 [qtp781595164-98] DEBUG org.eclipse.jetty.server.HttpChannel - REQUEST for //localhost:8080/__admin/mappings on HttpChannelOverHttp@25ca2673{s=HttpChannelState@60c8bcae{s=IDLE rs=BLOCKING os=OPEN is=IDLE awp=false se=false i=true al=0},r=1,c=false/false,a=IDLE,uri=//localhost:8080/__admin/mappings,age=0}
POST //localhost:8080/__admin/mappings HTTP/1.1
Content-Length: 364
Content-Type: text/plain; charset=UTF-8
Host: localhost:8080
Connection: keep-alive
User-Agent: Apache-HttpClient/4.5.12 (Java/11.0.2)


13:18:50.573 [qtp781595164-98] DEBUG org.eclipse.jetty.server.HttpConnection - HttpConnection@5d2fafe1::NetworkTrafficSocketChannelEndPoint@2f324d03{/127.0.0.1:65021<->/127.0.0.1:8080,OPEN,fill=-,flush=-,to=1/30000}{io=0/0,kio=0,kro=1}->HttpConnection@5d2fafe1[p=HttpParser{s=CONTENT,0 of 364},g=HttpGenerator@5162fbcf{s=START}]=>HttpChannelOverHttp@25ca2673{s=HttpChannelState@60c8bcae{s=IDLE rs=BLOCKING os=OPEN is=IDLE awp=false se=false i=true al=0},r=1,c=false/false,a=IDLE,uri=//localhost:8080/__admin/mappings,age=0} parsed true HttpParser{s=CONTENT,0 of 364}
13:18:50.573 [qtp781595164-98] DEBUG org.eclipse.jetty.server.HttpChannel - handle //localhost:8080/__admin/mappings HttpChannelOverHttp@25ca2673{s=HttpChannelState@60c8bcae{s=IDLE rs=BLOCKING os=OPEN is=IDLE awp=false se=false i=true al=0},r=1,c=false/false,a=IDLE,uri=//localhost:8080/__admin/mappings,age=0} 
13:18:50.574 [qtp781595164-98] DEBUG org.eclipse.jetty.server.HttpChannelState - handling HttpChannelState@60c8bcae{s=IDLE rs=BLOCKING os=OPEN is=IDLE awp=false se=false i=true al=0}
13:18:50.574 [qtp781595164-98] DEBUG org.eclipse.jetty.server.HttpChannel - action DISPATCH HttpChannelOverHttp@25ca2673{s=HttpChannelState@60c8bcae{s=HANDLING rs=BLOCKING os=OPEN is=IDLE awp=false se=false i=true al=0},r=1,c=false/false,a=HANDLING,uri=//localhost:8080/__admin/mappings,age=1}
13:18:50.574 [qtp781595164-98] DEBUG org.eclipse.jetty.server.Server - REQUEST POST /__admin/mappings on HttpChannelOverHttp@25ca2673{s=HttpChannelState@60c8bcae{s=HANDLING rs=BLOCKING os=OPEN is=IDLE awp=false se=false i=true al=0},r=1,c=false/false,a=HANDLING,uri=//localhost:8080/__admin/mappings,age=1}
13:18:50.574 [qtp781595164-98] DEBUG org.eclipse.jetty.server.handler.ContextHandler - scope null||/__admin/mappings @ o.e.j.s.ServletContextHandler@365484f9{/__admin,null,AVAILABLE}
13:18:50.574 [qtp781595164-98] DEBUG org.eclipse.jetty.server.handler.ContextHandler - context=/__admin||/mappings @ o.e.j.s.ServletContextHandler@365484f9{/__admin,null,AVAILABLE}
13:18:50.574 [qtp781595164-98] DEBUG org.eclipse.jetty.servlet.ServletHandler - servlet /__admin|/mappings|null -> com.github.tomakehurst.wiremock.servlet.WireMockHandlerDispatchingServlet-521fd64c@8e68ed01==com.github.tomakehurst.wiremock.servlet.WireMockHandlerDispatchingServlet,jsp=null,order=-1,inst=false,async=true
13:18:50.574 [qtp781595164-98] DEBUG org.eclipse.jetty.servlet.ServletHandler - chain=org.eclipse.jetty.servlets.CrossOriginFilter-27a10f7d@27a10f7d==org.eclipse.jetty.servlets.CrossOriginFilter,inst=true,async=true->com.github.tomakehurst.wiremock.servlet.WireMockHandlerDispatchingServlet-521fd64c@8e68ed01==com.github.tomakehurst.wiremock.servlet.WireMockHandlerDispatchingServlet,jsp=null,order=-1,inst=false,async=true
13:18:50.574 [qtp781595164-98] DEBUG org.eclipse.jetty.servlet.ServletHolder - Servlet.init com.github.tomakehurst.wiremock.servlet.WireMockHandlerDispatchingServlet@4e90df4b for com.github.tomakehurst.wiremock.servlet.WireMockHandlerDispatchingServlet-521fd64c
13:18:50.941 [qtp781595164-98] INFO org.eclipse.jetty.server.handler.ContextHandler.__admin - RequestHandlerClass from context returned com.github.tomakehurst.wiremock.http.AdminRequestHandler. Normalized mapped under returned 'null'
13:18:50.941 [qtp781595164-98] DEBUG org.eclipse.jetty.servlet.ServletHandler - call filter org.eclipse.jetty.servlets.CrossOriginFilter-27a10f7d@27a10f7d==org.eclipse.jetty.servlets.CrossOriginFilter,inst=true,async=true
13:18:50.941 [qtp781595164-98] DEBUG org.eclipse.jetty.servlet.ServletHandler - call servlet com.github.tomakehurst.wiremock.servlet.WireMockHandlerDispatchingServlet-521fd64c@8e68ed01==com.github.tomakehurst.wiremock.servlet.WireMockHandlerDispatchingServlet,jsp=null,order=-1,inst=true,async=true
13:18:50.941 [qtp781595164-99] DEBUG org.eclipse.jetty.util.thread.QueuedThreadPool - Runner started for QueuedThreadPool[qtp781595164]@2e96321c{STARTED,8<=8<=14,i=1,r=1,q=0}[ReservedThreadExecutor@5e1e7972{s=1/1,p=0}]
13:18:50.942 [qtp781595164-98] DEBUG org.eclipse.jetty.server.HttpConnection - HttpConnection@5d2fafe1::NetworkTrafficSocketChannelEndPoint@2f324d03{/127.0.0.1:65021<->/127.0.0.1:8080,OPEN,fill=-,flush=-,to=370/30000}{io=0/0,kio=0,kro=1}->HttpConnection@5d2fafe1[p=HttpParser{s=CONTENT,0 of 364},g=HttpGenerator@5162fbcf{s=START}]=>HttpChannelOverHttp@25ca2673{s=HttpChannelState@60c8bcae{s=HANDLING rs=BLOCKING os=OPEN is=IDLE awp=false se=false i=true al=0},r=1,c=false/false,a=HANDLING,uri=//localhost:8080/__admin/mappings,age=369} parse HeapByteBuffer@40573931[p=195,l=559,c=8192,r=364]={POST /__a....2)\r\n\r\n<<<{\r\n  "id" : "e6e389f5-84f...ioState" : "Started"\r\n}>>>\x00\x00\x00\x00\x00\x00\x00\x00\x00...\x00\x00\x00\x00\x00\x00\x00} {}
13:18:50.942 [qtp781595164-98] DEBUG org.eclipse.jetty.http.HttpParser - parseNext s=CONTENT HeapByteBuffer@40573931[p=195,l=559,c=8192,r=364]={POST /__a....2)\r\n\r\n<<<{\r\n  "id" : "e6e389f5-84f...ioState" : "Started"\r\n}>>>\x00\x00\x00\x00\x00\x00\x00\x00\x00...\x00\x00\x00\x00\x00\x00\x00}
13:18:50.942 [qtp781595164-98] DEBUG org.eclipse.jetty.server.HttpChannel - onContent HttpChannelOverHttp@25ca2673{s=HttpChannelState@60c8bcae{s=HANDLING rs=BLOCKING os=OPEN is=IDLE awp=false se=false i=true al=0},r=1,c=false/false,a=HANDLING,uri=//localhost:8080/__admin/mappings,age=369} Content@4aaf5241{HeapByteBufferR@fadd570[p=195,l=559,c=8192,r=364]={POST /__a....2)\r\n\r\n<<<{\r\n  "id" : "e6e389f5-84f...ioState" : "Started"\r\n}>>>\x00\x00\x00\x00\x00\x00\x00\x00\x00...\x00\x00\x00\x00\x00\x00\x00}}
13:18:50.942 [qtp781595164-98] DEBUG org.eclipse.jetty.server.HttpInput - HttpInputOverHTTP@764afb05[c=0,q=0,[0]=null,s=STREAM] addContent Content@4aaf5241{HeapByteBufferR@fadd570[p=195,l=559,c=8192,r=364]={POST /__a....2)\r\n\r\n<<<{\r\n  "id" : "e6e389f5-84f...ioState" : "Started"\r\n}>>>\x00\x00\x00\x00\x00\x00\x00\x00\x00...\x00\x00\x00\x00\x00\x00\x00}}
13:18:50.943 [qtp781595164-98] DEBUG org.eclipse.jetty.http.HttpParser - CONTENT --> CONTENT_END
13:18:50.943 [qtp781595164-98] DEBUG org.eclipse.jetty.server.HttpChannel - onContentComplete HttpChannelOverHttp@25ca2673{s=HttpChannelState@60c8bcae{s=HANDLING rs=BLOCKING os=OPEN is=IDLE awp=false se=false i=true al=0},r=1,c=false/false,a=HANDLING,uri=//localhost:8080/__admin/mappings,age=370}
13:18:50.943 [qtp781595164-98] DEBUG org.eclipse.jetty.http.HttpParser - CONTENT_END --> END
13:18:50.943 [qtp781595164-98] DEBUG org.eclipse.jetty.server.HttpChannel - onRequestComplete HttpChannelOverHttp@25ca2673{s=HttpChannelState@60c8bcae{s=HANDLING rs=BLOCKING os=OPEN is=IDLE awp=false se=false i=true al=0},r=1,c=false/false,a=HANDLING,uri=//localhost:8080/__admin/mappings,age=370}
13:18:50.943 [qtp781595164-98] DEBUG org.eclipse.jetty.server.HttpInput - HttpInputOverHTTP@764afb05[c=0,q=1,[0]=EOF,s=STREAM] addContent EOF
13:18:50.943 [qtp781595164-98] DEBUG org.eclipse.jetty.server.HttpConnection - HttpConnection@5d2fafe1::NetworkTrafficSocketChannelEndPoint@2f324d03{/127.0.0.1:65021<->/127.0.0.1:8080,OPEN,fill=-,flush=-,to=371/30000}{io=0/0,kio=0,kro=1}->HttpConnection@5d2fafe1[p=HttpParser{s=END,364 of 364},g=HttpGenerator@5162fbcf{s=START}]=>HttpChannelOverHttp@25ca2673{s=HttpChannelState@60c8bcae{s=HANDLING rs=BLOCKING os=OPEN is=IDLE awp=false se=false i=true al=0},r=1,c=false/false,a=HANDLING,uri=//localhost:8080/__admin/mappings,age=370} parsed false HttpParser{s=END,364 of 364}
13:18:50.943 [qtp781595164-98] DEBUG org.eclipse.jetty.server.HttpInput - HttpInputOverHTTP@764afb05[c=364,q=1,[0]=EOF,s=STREAM] read 364 from Content@4aaf5241{HeapByteBufferR@fadd570[p=559,l=559,c=8192,r=0]={POST /__a...ted"\r\n}<<<>>>\x00\x00\x00\x00\x00\x00\x00\x00\x00...\x00\x00\x00\x00\x00\x00\x00}}
13:18:50.943 [qtp781595164-98] DEBUG org.eclipse.jetty.server.HttpConnection - releaseRequestBuffer HttpConnection@5d2fafe1::NetworkTrafficSocketChannelEndPoint@2f324d03{/127.0.0.1:65021<->/127.0.0.1:8080,OPEN,fill=-,flush=-,to=371/30000}{io=0/0,kio=0,kro=1}->HttpConnection@5d2fafe1[p=HttpParser{s=END,364 of 364},g=HttpGenerator@5162fbcf{s=START}]=>HttpChannelOverHttp@25ca2673{s=HttpChannelState@60c8bcae{s=HANDLING rs=BLOCKING os=OPEN is=IDLE awp=false se=false i=true al=0},r=1,c=false/false,a=HANDLING,uri=//localhost:8080/__admin/mappings,age=370}
13:18:50.943 [qtp781595164-98] DEBUG org.eclipse.jetty.server.HttpChannelState - onEof HttpChannelState@60c8bcae{s=HANDLING rs=BLOCKING os=OPEN is=IDLE awp=false se=false i=true al=0}
13:18:50.976 [qtp781595164-98] DEBUG org.eclipse.jetty.server.HttpOutput - write(array HeapByteBuffer@30e75fc7[p=0,l=364,c=8192,r=364]={<<<{\r\n  "id" : "e6e389f5-84f...ioState" : "Started"\r\n}>>>\x00\x00\x00\x00\x00\x00\x00\x00\x00...\x00\x00\x00\x00\x00\x00\x00})
13:18:50.976 [qtp781595164-98] DEBUG org.eclipse.jetty.server.HttpOutput - write(array) s=OPEN,api=BLOCKING,sc=false,e=null aggregated !flush DirectByteBuffer@15e1a245[p=0,l=364,c=32768,r=364]={<<<{\r\n  "id" : "e6e389f5-84f...ioState" : "Started"\r\n}>>>\x00\x00\x00\x00\x00\x00\x00\x00\x00...\x00\x00\x00\x00\x00\x00\x00}
13:18:50.976 [qtp781595164-98] DEBUG org.eclipse.jetty.server.HttpChannel - sendResponse info=null content=DirectByteBuffer@15e1a245[p=0,l=364,c=32768,r=364]={<<<{\r\n  "id" : "e6e389f5-84f...ioState" : "Started"\r\n}>>>\x00\x00\x00\x00\x00\x00\x00\x00\x00...\x00\x00\x00\x00\x00\x00\x00} complete=false committing=true callback=Blocker@6bccb114{null}
13:18:50.976 [qtp781595164-98] DEBUG org.eclipse.jetty.server.HttpChannel - COMMIT for /__admin/mappings on HttpChannelOverHttp@25ca2673{s=HttpChannelState@60c8bcae{s=HANDLING rs=BLOCKING os=COMMITTED is=READY awp=false se=false i=true al=0},r=1,c=false/false,a=HANDLING,uri=//localhost:8080/__admin/mappings,age=403}
201 null HTTP/1.1
Content-Type: application/json


13:18:50.976 [qtp781595164-98] DEBUG org.eclipse.jetty.server.HttpConnection - generate: NEED_HEADER for org.eclipse.jetty.server.HttpConnection$SendCallback@2e0883ca[PROCESSING][i=HTTP/1.1{s=201,h=1,cl=-1},cb=org.eclipse.jetty.server.HttpChannel$SendCallback@241bf8ab] (null,[p=0,l=364,c=32768,r=364],false)@START
13:18:50.976 [qtp781595164-98] DEBUG org.eclipse.jetty.http.HttpGenerator - generateHeaders HTTP/1.1{s=201,h=1,cl=-1} last=false content=DirectByteBuffer@15e1a245[p=0,l=364,c=32768,r=364]={<<<{\r\n  "id" : "e6e389f5-84f...ioState" : "Started"\r\n}>>>\x00\x00\x00\x00\x00\x00\x00\x00\x00...\x00\x00\x00\x00\x00\x00\x00}
13:18:50.976 [qtp781595164-98] DEBUG org.eclipse.jetty.http.HttpGenerator - Content-Type: application/json


13:18:50.976 [qtp781595164-98] DEBUG org.eclipse.jetty.http.HttpGenerator - CHUNKED_CONTENT
13:18:50.976 [qtp781595164-98] DEBUG org.eclipse.jetty.server.HttpConnection - generate: FLUSH for org.eclipse.jetty.server.HttpConnection$SendCallback@2e0883ca[PROCESSING][i=HTTP/1.1{s=201,h=1,cl=-1},cb=org.eclipse.jetty.server.HttpChannel$SendCallback@241bf8ab] ([p=0,l=122,c=8192,r=122],[p=0,l=364,c=32768,r=364],false)@COMMITTED
13:18:50.976 [qtp781595164-98] DEBUG org.eclipse.jetty.io.WriteFlusher - write: WriteFlusher@3c7085e7{IDLE}->null [HeapByteBuffer@40573931[p=0,l=122,c=8192,r=122]={<<<HTTP/1.1 201 Created\r\nCon....28.v20200408)\r\n\r\n16C\r\n>>>ction: Ke...\x00\x00\x00\x00\x00\x00\x00},DirectByteBuffer@15e1a245[p=0,l=364,c=32768,r=364]={<<<{\r\n  "id" : "e6e389f5-84f...ioState" : "Started"\r\n}>>>\x00\x00\x00\x00\x00\x00\x00\x00\x00...\x00\x00\x00\x00\x00\x00\x00}]
13:18:50.976 [qtp781595164-98] DEBUG org.eclipse.jetty.io.WriteFlusher - update WriteFlusher@3c7085e7{WRITING}->null:IDLE-->WRITING
13:18:50.977 [Test worker] DEBUG org.apache.http.wire - http-outgoing-5 << "HTTP/1.1 201 Created[\r][\n]"
13:18:50.977 [Test worker] DEBUG org.apache.http.wire - http-outgoing-5 << "Content-Type: application/json[\r][\n]"
13:18:50.977 [Test worker] DEBUG org.apache.http.wire - http-outgoing-5 << "Transfer-Encoding: chunked[\r][\n]"
13:18:50.977 [Test worker] DEBUG org.apache.http.wire - http-outgoing-5 << "Server: Jetty(9.4.28.v20200408)[\r][\n]"
13:18:50.977 [Test worker] DEBUG org.apache.http.wire - http-outgoing-5 << "[\r][\n]"
13:18:50.977 [Test worker] DEBUG org.apache.http.wire - http-outgoing-5 << "16C[\r][\n]"
13:18:50.977 [Test worker] DEBUG org.apache.http.headers - http-outgoing-5 << HTTP/1.1 201 Created
13:18:50.977 [Test worker] DEBUG org.apache.http.headers - http-outgoing-5 << Content-Type: application/json
13:18:50.977 [Test worker] DEBUG org.apache.http.headers - http-outgoing-5 << Transfer-Encoding: chunked
13:18:50.977 [Test worker] DEBUG org.apache.http.headers - http-outgoing-5 << Server: Jetty(9.4.28.v20200408)
13:18:50.977 [Test worker] DEBUG org.apache.http.impl.execchain.MainClientExec - Connection can be kept alive indefinitely
13:18:50.978 [qtp781595164-98] DEBUG org.eclipse.jetty.io.ChannelEndPoint - flushed 122 NetworkTrafficSocketChannelEndPoint@2f324d03{/127.0.0.1:65021<->/127.0.0.1:8080,OPEN,fill=-,flush=W,to=405/30000}{io=0/0,kio=0,kro=1}->HttpConnection@5d2fafe1[p=HttpParser{s=END,364 of 364},g=HttpGenerator@5162fbcf{s=COMMITTED}]=>HttpChannelOverHttp@25ca2673{s=HttpChannelState@60c8bcae{s=HANDLING rs=BLOCKING os=COMMITTED is=READY awp=false se=false i=true al=0},r=1,c=false/false,a=HANDLING,uri=//localhost:8080/__admin/mappings,age=405}
13:18:50.978 [Test worker] DEBUG org.apache.http.wire - http-outgoing-5 << "{[\r][\n]"
13:18:50.978 [Test worker] DEBUG org.apache.http.wire - http-outgoing-5 << "  "id" : "e6e389f5-84f1-4173-8aa6-7c1b446bb653",[\r][\n]"
13:18:50.978 [Test worker] DEBUG org.apache.http.wire - http-outgoing-5 << "  "request" : {[\r][\n]"
13:18:50.978 [Test worker] DEBUG org.apache.http.wire - http-outgoing-5 << "    "url" : "/api/v0/components/products/e929c1aa-d653-439a-9656-04a204a47597/environments",[\r][\n]"
13:18:50.978 [Test worker] DEBUG org.apache.http.wire - http-outgoing-5 << "    "method" : "GET"[\r][\n]"
13:18:50.978 [Test worker] DEBUG org.apache.http.wire - http-outgoing-5 << "  },[\r][\n]"
13:18:50.978 [Test worker] DEBUG org.apache.http.wire - http-outgoing-5 << "  "response" : {[\r][\n]"
13:18:50.978 [Test worker] DEBUG org.apache.http.wire - http-outgoing-5 << "    "status" : 401[\r][\n]"
13:18:50.978 [Test worker] DEBUG org.apache.http.wire - http-outgoing-5 << "  },[\r][\n]"
13:18:50.978 [Test worker] DEBUG org.apache.http.wire - http-outgoing-5 << "  "uuid" : "e6e389f5-84f1-4173-8aa6-7c1b446bb653",[\r][\n]"
13:18:50.978 [Test worker] DEBUG org.apache.http.wire - http-outgoing-5 << "  "scenarioName" : "unAuthorized",[\r][\n]"
13:18:50.978 [Test worker] DEBUG org.apache.http.wire - http-outgoing-5 << "  "requiredScenarioState" : "Started"[\r][\n]"
13:18:50.978 [Test worker] DEBUG org.apache.http.wire - http-outgoing-5 << "}"
13:18:51.027 [qtp781595164-98] DEBUG org.eclipse.jetty.io.ChannelEndPoint - flushed 364 NetworkTrafficSocketChannelEndPoint@2f324d03{/127.0.0.1:65021<->/127.0.0.1:8080,OPEN,fill=-,flush=W,to=48/30000}{io=0/0,kio=0,kro=1}->HttpConnection@5d2fafe1[p=HttpParser{s=END,364 of 364},g=HttpGenerator@5162fbcf{s=COMMITTED}]=>HttpChannelOverHttp@25ca2673{s=HttpChannelState@60c8bcae{s=HANDLING rs=BLOCKING os=COMMITTED is=READY awp=false se=false i=true al=0},r=1,c=false/false,a=HANDLING,uri=//localhost:8080/__admin/mappings,age=454}
13:18:51.030 [qtp781595164-98] DEBUG org.eclipse.jetty.io.WriteFlusher - Flushed=true written=486 remaining=0 WriteFlusher@3c7085e7{WRITING}->null
13:18:51.034 [qtp781595164-98] DEBUG org.eclipse.jetty.io.WriteFlusher - update WriteFlusher@3c7085e7{IDLE}->null:WRITING-->IDLE
13:18:51.035 [qtp781595164-98] DEBUG org.eclipse.jetty.server.HttpConnection - generate: DONE for org.eclipse.jetty.server.HttpConnection$SendCallback@2e0883ca[PROCESSING][i=HTTP/1.1{s=201,h=1,cl=-1},cb=org.eclipse.jetty.server.HttpChannel$SendCallback@241bf8ab] ([p=122,l=122,c=8192,r=0],[p=364,l=364,c=32768,r=0],false)@COMMITTED
13:18:51.036 [qtp781595164-98] DEBUG org.eclipse.jetty.server.HttpOutput - onWriteComplete(false,null) s=OPEN,api=BLOCKED,sc=false,e=null->s=OPEN,api=BLOCKING,sc=false,e=null c=null cb=null w=false
13:18:51.036 [qtp781595164-98] DEBUG org.eclipse.jetty.server.HttpOutput - close() s=CLOSING,api=BLOCKED,sc=false,e=null c=HeapByteBuffer@137d328[p=0,l=0,c=0,r=0]={<<<>>>} b=Blocker@6bccb114{null}
13:18:51.037 [qtp781595164-98] DEBUG org.eclipse.jetty.server.HttpChannel - sendResponse info=null content=HeapByteBuffer@137d328[p=0,l=0,c=0,r=0]={<<<>>>} complete=true committing=false callback=Blocker@6bccb114{null}
13:18:51.037 [qtp781595164-98] DEBUG org.eclipse.jetty.server.HttpConnection - generate: CONTINUE for org.eclipse.jetty.server.HttpConnection$SendCallback@2e0883ca[PROCESSING][i=null,cb=org.eclipse.jetty.server.HttpChannel$SendCallback@323ac76c] (null,[p=0,l=0,c=0,r=0],true)@COMPLETING
13:18:51.038 [qtp781595164-98] DEBUG org.eclipse.jetty.server.HttpConnection - generate: NEED_CHUNK for org.eclipse.jetty.server.HttpConnection$SendCallback@2e0883ca[PROCESSING][i=null,cb=org.eclipse.jetty.server.HttpChannel$SendCallback@323ac76c] (null,[p=0,l=0,c=0,r=0],true)@COMPLETING
13:18:51.045 [qtp781595164-98] DEBUG org.eclipse.jetty.server.HttpConnection - generate: FLUSH for org.eclipse.jetty.server.HttpConnection$SendCallback@2e0883ca[PROCESSING][i=null,cb=org.eclipse.jetty.server.HttpChannel$SendCallback@323ac76c] (null,[p=0,l=0,c=0,r=0],true)@COMPLETING
13:18:51.049 [qtp781595164-98] DEBUG org.eclipse.jetty.io.WriteFlusher - write: WriteFlusher@3c7085e7{IDLE}->null [HeapByteBuffer@58461432[p=0,l=7,c=1024,r=7]={<<<\r\n0\r\n\r\n>>>\x00\x00\x00\x00\x00\x00\x00\x00\x00...\x00\x00\x00\x00\x00\x00\x00}]
13:18:51.050 [qtp781595164-98] DEBUG org.eclipse.jetty.io.WriteFlusher - update WriteFlusher@3c7085e7{WRITING}->null:IDLE-->WRITING
13:18:51.052 [Test worker] DEBUG org.apache.http.wire - http-outgoing-5 << "[\r][\n]"
13:18:51.052 [Test worker] DEBUG org.apache.http.wire - http-outgoing-5 << "0[\r][\n]"
13:18:51.052 [Test worker] DEBUG org.apache.http.wire - http-outgoing-5 << "[\r][\n]"
13:18:51.052 [Test worker] DEBUG org.apache.http.impl.conn.PoolingHttpClientConnectionManager - Connection [id: 5][route: {}->http://localhost:8080] can be kept alive indefinitely
13:18:51.052 [Test worker] DEBUG org.apache.http.impl.conn.DefaultManagedHttpClientConnection - http-outgoing-5: set socket timeout to 0
13:18:51.052 [Test worker] DEBUG org.apache.http.impl.conn.PoolingHttpClientConnectionManager - Connection released: [id: 5][route: {}->http://localhost:8080][total available: 1; route allocated: 1 of 5; total allocated: 1 of 50]
13:18:51.058 [Test worker] DEBUG org.apache.http.impl.conn.PoolingHttpClientConnectionManager - Connection request: [route: {}->http://localhost:8080][total available: 1; route allocated: 1 of 5; total allocated: 1 of 50]
13:18:51.058 [Test worker] DEBUG org.apache.http.impl.conn.PoolingHttpClientConnectionManager - Connection leased: [id: 5][route: {}->http://localhost:8080][total available: 0; route allocated: 1 of 5; total allocated: 1 of 50]
13:18:51.058 [Test worker] DEBUG org.apache.http.impl.conn.DefaultManagedHttpClientConnection - http-outgoing-5: set socket timeout to 30000
13:18:51.058 [Test worker] DEBUG org.apache.http.impl.execchain.MainClientExec - Stale connection check
13:18:51.062 [Test worker] DEBUG org.apache.http.wire - http-outgoing-5 << "[read] I/O error: Read timed out"
13:18:51.062 [Test worker] DEBUG org.apache.http.impl.execchain.MainClientExec - Executing request POST /__admin/mappings HTTP/1.1
13:18:51.062 [Test worker] DEBUG org.apache.http.impl.execchain.MainClientExec - Target auth state: UNCHALLENGED
13:18:51.062 [Test worker] DEBUG org.apache.http.impl.execchain.MainClientExec - Proxy auth state: UNCHALLENGED
13:18:51.062 [Test worker] DEBUG org.apache.http.headers - http-outgoing-5 >> POST /__admin/mappings HTTP/1.1
13:18:51.062 [Test worker] DEBUG org.apache.http.headers - http-outgoing-5 >> Content-Length: 644
13:18:51.062 [Test worker] DEBUG org.apache.http.headers - http-outgoing-5 >> Content-Type: text/plain; charset=UTF-8
13:18:51.062 [Test worker] DEBUG org.apache.http.headers - http-outgoing-5 >> Host: localhost:8080
13:18:51.062 [Test worker] DEBUG org.apache.http.headers - http-outgoing-5 >> Connection: Keep-Alive
13:18:51.062 [Test worker] DEBUG org.apache.http.headers - http-outgoing-5 >> User-Agent: Apache-HttpClient/4.5.12 (Java/11.0.2)
13:18:51.062 [Test worker] DEBUG org.apache.http.wire - http-outgoing-5 >> "POST /__admin/mappings HTTP/1.1[\r][\n]"
13:18:51.062 [Test worker] DEBUG org.apache.http.wire - http-outgoing-5 >> "Content-Length: 644[\r][\n]"
13:18:51.062 [Test worker] DEBUG org.apache.http.wire - http-outgoing-5 >> "Content-Type: text/plain; charset=UTF-8[\r][\n]"
13:18:51.062 [Test worker] DEBUG org.apache.http.wire - http-outgoing-5 >> "Host: localhost:8080[\r][\n]"
13:18:51.062 [Test worker] DEBUG org.apache.http.wire - http-outgoing-5 >> "Connection: Keep-Alive[\r][\n]"
13:18:51.062 [Test worker] DEBUG org.apache.http.wire - http-outgoing-5 >> "User-Agent: Apache-HttpClient/4.5.12 (Java/11.0.2)[\r][\n]"
13:18:51.062 [Test worker] DEBUG org.apache.http.wire - http-outgoing-5 >> "[\r][\n]"
13:18:51.062 [Test worker] DEBUG org.apache.http.wire - http-outgoing-5 >> "{[\r][\n]"
13:18:51.062 [Test worker] DEBUG org.apache.http.wire - http-outgoing-5 >> "  "id" : "f8200022-0935-411d-ad78-bd2225b73641",[\r][\n]"
13:18:51.062 [Test worker] DEBUG org.apache.http.wire - http-outgoing-5 >> "  "request" : {[\r][\n]"
13:18:51.062 [Test worker] DEBUG org.apache.http.wire - http-outgoing-5 >> "    "url" : "/api/v0/components/login",[\r][\n]"
13:18:51.062 [Test worker] DEBUG org.apache.http.wire - http-outgoing-5 >> "    "method" : "POST",[\r][\n]"
13:18:51.062 [Test worker] DEBUG org.apache.http.wire - http-outgoing-5 >> "    "headers" : {[\r][\n]"
13:18:51.062 [Test worker] DEBUG org.apache.http.wire - http-outgoing-5 >> "      "Content-Type" : {[\r][\n]"
13:18:51.062 [Test worker] DEBUG org.apache.http.wire - http-outgoing-5 >> "        "equalTo" : "application/json"[\r][\n]"
13:18:51.062 [Test worker] DEBUG org.apache.http.wire - http-outgoing-5 >> "      }[\r][\n]"
13:18:51.062 [Test worker] DEBUG org.apache.http.wire - http-outgoing-5 >> "    },[\r][\n]"
13:18:51.062 [Test worker] DEBUG org.apache.http.wire - http-outgoing-5 >> "    "bodyPatterns" : [ {[\r][\n]"
13:18:51.062 [Test worker] DEBUG org.apache.http.wire - http-outgoing-5 >> "      "equalTo" : "{\"password\":\"123456\",\"username\":\"catalogClientApi\"}"[\r][\n]"
13:18:51.062 [Test worker] DEBUG org.apache.http.wire - http-outgoing-5 >> "    } ][\r][\n]"
13:18:51.062 [Test worker] DEBUG org.apache.http.wire - http-outgoing-5 >> "  },[\r][\n]"
13:18:51.062 [Test worker] DEBUG org.apache.http.wire - http-outgoing-5 >> "  "response" : {[\r][\n]"
13:18:51.062 [Test worker] DEBUG org.apache.http.wire - http-outgoing-5 >> "    "status" : 200,[\r][\n]"
13:18:51.062 [Test worker] DEBUG org.apache.http.wire - http-outgoing-5 >> "    "body" : "{\"token\":\"someToken\"}",[\r][\n]"
13:18:51.062 [Test worker] DEBUG org.apache.http.wire - http-outgoing-5 >> "    "headers" : {[\r][\n]"
13:18:51.062 [Test worker] DEBUG org.apache.http.wire - http-outgoing-5 >> "      "Content-Type" : "application/json"[\r][\n]"
13:18:51.062 [Test worker] DEBUG org.apache.http.wire - http-outgoing-5 >> "    }[\r][\n]"
13:18:51.062 [Test worker] DEBUG org.apache.http.wire - http-outgoing-5 >> "  },[\r][\n]"
13:18:51.062 [Test worker] DEBUG org.apache.http.wire - http-outgoing-5 >> "  "uuid" : "f8200022-0935-411d-ad78-bd2225b73641",[\r][\n]"
13:18:51.062 [Test worker] DEBUG org.apache.http.wire - http-outgoing-5 >> "  "scenarioName" : "unAuthorized",[\r][\n]"
13:18:51.062 [Test worker] DEBUG org.apache.http.wire - http-outgoing-5 >> "  "requiredScenarioState" : "Started"[\r][\n]"
13:18:51.062 [Test worker] DEBUG org.apache.http.wire - http-outgoing-5 >> "}"
13:18:51.085 [qtp781595164-98] DEBUG org.eclipse.jetty.io.ChannelEndPoint - flushed 7 NetworkTrafficSocketChannelEndPoint@2f324d03{/127.0.0.1:65021<->/127.0.0.1:8080,OPEN,fill=-,flush=W,to=56/30000}{io=0/0,kio=0,kro=1}->HttpConnection@5d2fafe1[p=HttpParser{s=END,364 of 364},g=HttpGenerator@5162fbcf{s=COMPLETING}]=>HttpChannelOverHttp@25ca2673{s=HttpChannelState@60c8bcae{s=HANDLING rs=BLOCKING os=COMMITTED is=READY awp=false se=false i=true al=0},r=1,c=false/false,a=HANDLING,uri=//localhost:8080/__admin/mappings,age=512}
13:18:51.096 [qtp781595164-98] DEBUG org.eclipse.jetty.io.WriteFlusher - Flushed=true written=7 remaining=0 WriteFlusher@3c7085e7{WRITING}->null
13:18:51.102 [qtp781595164-98] DEBUG org.eclipse.jetty.io.WriteFlusher - update WriteFlusher@3c7085e7{IDLE}->null:WRITING-->IDLE
13:18:51.103 [qtp781595164-98] DEBUG org.eclipse.jetty.server.HttpConnection - generate: DONE for org.eclipse.jetty.server.HttpConnection$SendCallback@2e0883ca[PROCESSING][i=null,cb=org.eclipse.jetty.server.HttpChannel$SendCallback@323ac76c] (null,[p=0,l=0,c=0,r=0],true)@END
13:18:51.104 [qtp781595164-98] DEBUG org.eclipse.jetty.server.HttpOutput - onWriteComplete(true,null) s=CLOSING,api=BLOCKED,sc=false,e=null->s=CLOSED,api=BLOCKING,sc=false,e=null c=null cb=null w=false
13:18:51.105 [qtp781595164-98] DEBUG org.eclipse.jetty.server.handler.gzip.GzipHandler - GzipHandler@27e005aa{STARTED,min=32,inflate=-1} handle Request[POST //localhost:8080/__admin/mappings]@23637131 in null
13:18:51.106 [qtp781595164-98] DEBUG org.eclipse.jetty.server.handler.ContextHandler - scope null||/__admin/mappings @ o.e.j.s.ServletContextHandler@6693b5e0{/,null,AVAILABLE}
13:18:51.108 [qtp781595164-98] DEBUG org.eclipse.jetty.server.Server - handled=true async=false committed=true on HttpChannelOverHttp@25ca2673{s=HttpChannelState@60c8bcae{s=HANDLING rs=BLOCKING os=COMPLETED is=READY awp=false se=false i=true al=0},r=1,c=false/true,a=HANDLING,uri=//localhost:8080/__admin/mappings,age=534}
13:18:51.109 [qtp781595164-98] DEBUG org.eclipse.jetty.server.HttpChannelState - unhandle HttpChannelState@60c8bcae{s=HANDLING rs=BLOCKING os=COMPLETED is=READY awp=false se=false i=true al=0}
13:18:51.110 [qtp781595164-98] DEBUG org.eclipse.jetty.server.HttpChannelState - nextAction(false) COMPLETE HttpChannelState@60c8bcae{s=HANDLING rs=COMPLETING os=COMPLETED is=READY awp=false se=false i=false al=0}
13:18:51.111 [qtp781595164-98] DEBUG org.eclipse.jetty.server.HttpChannel - action COMPLETE HttpChannelOverHttp@25ca2673{s=HttpChannelState@60c8bcae{s=HANDLING rs=COMPLETING os=COMPLETED is=READY awp=false se=false i=false al=0},r=1,c=false/true,a=HANDLING,uri=//localhost:8080/__admin/mappings,age=538}
13:18:51.112 [qtp781595164-98] DEBUG org.eclipse.jetty.server.HttpOutput - complete(org.eclipse.jetty.util.Callback$4@1b049707) s=CLOSED,api=BLOCKING,sc=false,e=null s=true e=null, c=null
13:18:51.112 [qtp781595164-98] DEBUG org.eclipse.jetty.server.HttpChannelState - completed HttpChannelState@60c8bcae{s=HANDLING rs=COMPLETING os=COMPLETED is=READY awp=false se=false i=false al=0}
13:18:51.116 [qtp781595164-98] DEBUG org.eclipse.jetty.server.HttpChannelState - unhandle HttpChannelState@60c8bcae{s=HANDLING rs=COMPLETED os=COMPLETED is=READY awp=false se=false i=false al=0}
13:18:51.117 [qtp781595164-98] DEBUG org.eclipse.jetty.server.HttpChannelState - nextAction(false) TERMINATED HttpChannelState@60c8bcae{s=IDLE rs=COMPLETED os=COMPLETED is=READY awp=false se=false i=false al=0}
13:18:51.118 [qtp781595164-98] DEBUG org.eclipse.jetty.server.HttpChannel - action TERMINATED HttpChannelOverHttp@25ca2673{s=HttpChannelState@60c8bcae{s=IDLE rs=COMPLETED os=COMPLETED is=READY awp=false se=false i=false al=0},r=1,c=true/true,a=IDLE,uri=//localhost:8080/__admin/mappings,age=545}
13:18:51.119 [qtp781595164-98] DEBUG org.eclipse.jetty.server.HttpChannel - onCompleted for /__admin/mappings written=364
13:18:51.119 [qtp781595164-98] DEBUG org.eclipse.jetty.server.HttpChannelState - recycle HttpChannelState@60c8bcae{s=IDLE rs=COMPLETED os=COMPLETED is=READY awp=false se=false i=false al=0}
13:18:51.120 [qtp781595164-98] DEBUG org.eclipse.jetty.http.HttpParser - reset HttpParser{s=END,364 of 364}
13:18:51.121 [qtp781595164-98] DEBUG org.eclipse.jetty.http.HttpParser - END --> START
13:18:51.122 [qtp781595164-98] DEBUG org.eclipse.jetty.server.HttpChannel - !handle TERMINATED HttpChannelOverHttp@25ca2673{s=HttpChannelState@60c8bcae{s=IDLE rs=BLOCKING os=OPEN is=IDLE awp=false se=false i=true al=0},r=1,c=false/false,a=IDLE,uri=null,age=0}
13:18:51.122 [qtp781595164-98] DEBUG org.eclipse.jetty.io.ChannelEndPoint - filled 839 HeapByteBuffer@40573931[p=0,l=839,c=8192,r=839]={<<<POST /__admin/mappings HT...ioState" : "Started"\r\n}>>>\x00\x00\x00\x00\x00\x00\x00\x00\x00...\x00\x00\x00\x00\x00\x00\x00}
13:18:51.122 [qtp781595164-98] DEBUG org.eclipse.jetty.server.HttpConnection - HttpConnection@5d2fafe1::NetworkTrafficSocketChannelEndPoint@2f324d03{/127.0.0.1:65021<->/127.0.0.1:8080,OPEN,fill=-,flush=-,to=0/30000}{io=0/0,kio=0,kro=1}->HttpConnection@5d2fafe1[p=HttpParser{s=START,0 of -1},g=HttpGenerator@5162fbcf{s=START}]=>HttpChannelOverHttp@25ca2673{s=HttpChannelState@60c8bcae{s=IDLE rs=BLOCKING os=OPEN is=IDLE awp=false se=false i=true al=0},r=1,c=false/false,a=IDLE,uri=null,age=0} filled 839 HeapByteBuffer@40573931[p=0,l=839,c=8192,r=839]={<<<POST /__admin/mappings HT...ioState" : "Started"\r\n}>>>\x00\x00\x00\x00\x00\x00\x00\x00\x00...\x00\x00\x00\x00\x00\x00\x00}
13:18:51.123 [qtp781595164-98] DEBUG org.eclipse.jetty.server.HttpConnection - HttpConnection@5d2fafe1::NetworkTrafficSocketChannelEndPoint@2f324d03{/127.0.0.1:65021<->/127.0.0.1:8080,OPEN,fill=-,flush=-,to=0/30000}{io=0/0,kio=0,kro=1}->HttpConnection@5d2fafe1[p=HttpParser{s=START,0 of -1},g=HttpGenerator@5162fbcf{s=START}]=>HttpChannelOverHttp@25ca2673{s=HttpChannelState@60c8bcae{s=IDLE rs=BLOCKING os=OPEN is=IDLE awp=false se=false i=true al=0},r=1,c=false/false,a=IDLE,uri=null,age=0} parse HeapByteBuffer@40573931[p=0,l=839,c=8192,r=839]={<<<POST /__admin/mappings HT...ioState" : "Started"\r\n}>>>\x00\x00\x00\x00\x00\x00\x00\x00\x00...\x00\x00\x00\x00\x00\x00\x00} {}
13:18:51.123 [qtp781595164-98] DEBUG org.eclipse.jetty.http.HttpParser - parseNext s=START HeapByteBuffer@40573931[p=0,l=839,c=8192,r=839]={<<<POST /__admin/mappings HT...ioState" : "Started"\r\n}>>>\x00\x00\x00\x00\x00\x00\x00\x00\x00...\x00\x00\x00\x00\x00\x00\x00}
13:18:51.123 [qtp781595164-98] DEBUG org.eclipse.jetty.http.HttpParser - START --> SPACE1
13:18:51.123 [qtp781595164-98] DEBUG org.eclipse.jetty.http.HttpParser - SPACE1 --> URI
13:18:51.123 [qtp781595164-98] DEBUG org.eclipse.jetty.http.HttpParser - URI --> SPACE2
13:18:51.124 [qtp781595164-98] DEBUG org.eclipse.jetty.http.HttpParser - SPACE2 --> REQUEST_VERSION
13:18:51.124 [qtp781595164-98] DEBUG org.eclipse.jetty.http.HttpParser - REQUEST_VERSION --> HEADER
13:18:51.126 [qtp781595164-98] DEBUG org.eclipse.jetty.http.HttpParser - HEADER:Content-Length --> VALUE
13:18:51.127 [qtp781595164-98] DEBUG org.eclipse.jetty.http.HttpParser - HEADER:Content-Length --> IN_VALUE
13:18:51.127 [qtp781595164-98] DEBUG org.eclipse.jetty.http.HttpParser - HEADER:Content-Length --> FIELD
13:18:51.127 [qtp781595164-98] DEBUG org.eclipse.jetty.http.HttpParser - HEADER:Content-Type: text/plain; charset=UTF-8 --> IN_VALUE
13:18:51.127 [qtp781595164-98] DEBUG org.eclipse.jetty.http.HttpParser - HEADER:Content-Type: text/plain; charset=UTF-8 --> FIELD
13:18:51.127 [qtp781595164-98] DEBUG org.eclipse.jetty.http.HttpParser - HEADER:Host: localhost:8080 --> IN_VALUE
13:18:51.128 [qtp781595164-98] DEBUG org.eclipse.jetty.http.HttpParser - HEADER:Host: localhost:8080 --> FIELD
13:18:51.128 [qtp781595164-98] DEBUG org.eclipse.jetty.http.HttpParser - HEADER:Connection: keep-alive --> IN_VALUE
13:18:51.128 [qtp781595164-98] DEBUG org.eclipse.jetty.http.HttpParser - HEADER:Connection: keep-alive --> FIELD
13:18:51.128 [qtp781595164-98] DEBUG org.eclipse.jetty.http.HttpParser - HEADER:User-Agent: Apache-HttpClient/4.5.12 (Java/11.0.2) --> IN_VALUE
13:18:51.128 [qtp781595164-98] DEBUG org.eclipse.jetty.http.HttpParser - HEADER:User-Agent: Apache-HttpClient/4.5.12 (Java/11.0.2) --> FIELD
13:18:51.128 [qtp781595164-98] DEBUG org.eclipse.jetty.http.HttpParser - HEADER --> CONTENT
13:18:51.129 [qtp781595164-98] DEBUG org.eclipse.jetty.server.HttpChannel - REQUEST for //localhost:8080/__admin/mappings on HttpChannelOverHttp@25ca2673{s=HttpChannelState@60c8bcae{s=IDLE rs=BLOCKING os=OPEN is=IDLE awp=false se=false i=true al=0},r=2,c=false/false,a=IDLE,uri=//localhost:8080/__admin/mappings,age=0}
POST //localhost:8080/__admin/mappings HTTP/1.1
Content-Length: 644
Content-Type: text/plain; charset=UTF-8
Host: localhost:8080
Connection: keep-alive
User-Agent: Apache-HttpClient/4.5.12 (Java/11.0.2)


13:18:51.132 [qtp781595164-98] DEBUG org.eclipse.jetty.server.HttpConnection - HttpConnection@5d2fafe1::NetworkTrafficSocketChannelEndPoint@2f324d03{/127.0.0.1:65021<->/127.0.0.1:8080,OPEN,fill=-,flush=-,to=9/30000}{io=0/0,kio=0,kro=1}->HttpConnection@5d2fafe1[p=HttpParser{s=CONTENT,0 of 644},g=HttpGenerator@5162fbcf{s=START}]=>HttpChannelOverHttp@25ca2673{s=HttpChannelState@60c8bcae{s=IDLE rs=BLOCKING os=OPEN is=IDLE awp=false se=false i=true al=0},r=2,c=false/false,a=IDLE,uri=//localhost:8080/__admin/mappings,age=3} parsed true HttpParser{s=CONTENT,0 of 644}
13:18:51.133 [qtp781595164-98] DEBUG org.eclipse.jetty.server.HttpChannel - handle //localhost:8080/__admin/mappings HttpChannelOverHttp@25ca2673{s=HttpChannelState@60c8bcae{s=IDLE rs=BLOCKING os=OPEN is=IDLE awp=false se=false i=true al=0},r=2,c=false/false,a=IDLE,uri=//localhost:8080/__admin/mappings,age=4} 
13:18:51.133 [qtp781595164-98] DEBUG org.eclipse.jetty.server.HttpChannelState - handling HttpChannelState@60c8bcae{s=IDLE rs=BLOCKING os=OPEN is=IDLE awp=false se=false i=true al=0}
13:18:51.133 [qtp781595164-98] DEBUG org.eclipse.jetty.server.HttpChannel - action DISPATCH HttpChannelOverHttp@25ca2673{s=HttpChannelState@60c8bcae{s=HANDLING rs=BLOCKING os=OPEN is=IDLE awp=false se=false i=true al=0},r=2,c=false/false,a=HANDLING,uri=//localhost:8080/__admin/mappings,age=4}
13:18:51.134 [qtp781595164-98] DEBUG org.eclipse.jetty.server.Server - REQUEST POST /__admin/mappings on HttpChannelOverHttp@25ca2673{s=HttpChannelState@60c8bcae{s=HANDLING rs=BLOCKING os=OPEN is=IDLE awp=false se=false i=true al=0},r=2,c=false/false,a=HANDLING,uri=//localhost:8080/__admin/mappings,age=5}
13:18:51.134 [qtp781595164-98] DEBUG org.eclipse.jetty.server.handler.ContextHandler - scope null||/__admin/mappings @ o.e.j.s.ServletContextHandler@365484f9{/__admin,null,AVAILABLE}
13:18:51.134 [qtp781595164-98] DEBUG org.eclipse.jetty.server.handler.ContextHandler - context=/__admin||/mappings @ o.e.j.s.ServletContextHandler@365484f9{/__admin,null,AVAILABLE}
13:18:51.134 [qtp781595164-98] DEBUG org.eclipse.jetty.servlet.ServletHandler - servlet /__admin|/mappings|null -> com.github.tomakehurst.wiremock.servlet.WireMockHandlerDispatchingServlet-521fd64c@8e68ed01==com.github.tomakehurst.wiremock.servlet.WireMockHandlerDispatchingServlet,jsp=null,order=-1,inst=true,async=true
13:18:51.135 [qtp781595164-98] DEBUG org.eclipse.jetty.servlet.ServletHandler - chain=org.eclipse.jetty.servlets.CrossOriginFilter-27a10f7d@27a10f7d==org.eclipse.jetty.servlets.CrossOriginFilter,inst=true,async=true->com.github.tomakehurst.wiremock.servlet.WireMockHandlerDispatchingServlet-521fd64c@8e68ed01==com.github.tomakehurst.wiremock.servlet.WireMockHandlerDispatchingServlet,jsp=null,order=-1,inst=true,async=true
13:18:51.135 [qtp781595164-98] DEBUG org.eclipse.jetty.servlet.ServletHandler - call filter org.eclipse.jetty.servlets.CrossOriginFilter-27a10f7d@27a10f7d==org.eclipse.jetty.servlets.CrossOriginFilter,inst=true,async=true
13:18:51.135 [qtp781595164-98] DEBUG org.eclipse.jetty.servlet.ServletHandler - call servlet com.github.tomakehurst.wiremock.servlet.WireMockHandlerDispatchingServlet-521fd64c@8e68ed01==com.github.tomakehurst.wiremock.servlet.WireMockHandlerDispatchingServlet,jsp=null,order=-1,inst=true,async=true
13:18:51.136 [qtp781595164-98] DEBUG org.eclipse.jetty.server.HttpConnection - HttpConnection@5d2fafe1::NetworkTrafficSocketChannelEndPoint@2f324d03{/127.0.0.1:65021<->/127.0.0.1:8080,OPEN,fill=-,flush=-,to=13/30000}{io=0/0,kio=0,kro=1}->HttpConnection@5d2fafe1[p=HttpParser{s=CONTENT,0 of 644},g=HttpGenerator@5162fbcf{s=START}]=>HttpChannelOverHttp@25ca2673{s=HttpChannelState@60c8bcae{s=HANDLING rs=BLOCKING os=OPEN is=IDLE awp=false se=false i=true al=0},r=2,c=false/false,a=HANDLING,uri=//localhost:8080/__admin/mappings,age=7} parse HeapByteBuffer@40573931[p=195,l=839,c=8192,r=644]={POST /__a....2)\r\n\r\n<<<{\r\n  "id" : "f8200022-093...ioState" : "Started"\r\n}>>>\x00\x00\x00\x00\x00\x00\x00\x00\x00...\x00\x00\x00\x00\x00\x00\x00} {}
13:18:51.136 [qtp781595164-98] DEBUG org.eclipse.jetty.http.HttpParser - parseNext s=CONTENT HeapByteBuffer@40573931[p=195,l=839,c=8192,r=644]={POST /__a....2)\r\n\r\n<<<{\r\n  "id" : "f8200022-093...ioState" : "Started"\r\n}>>>\x00\x00\x00\x00\x00\x00\x00\x00\x00...\x00\x00\x00\x00\x00\x00\x00}
13:18:51.137 [qtp781595164-98] DEBUG org.eclipse.jetty.server.HttpChannel - onContent HttpChannelOverHttp@25ca2673{s=HttpChannelState@60c8bcae{s=HANDLING rs=BLOCKING os=OPEN is=IDLE awp=false se=false i=true al=0},r=2,c=false/false,a=HANDLING,uri=//localhost:8080/__admin/mappings,age=7} Content@7f6132ac{HeapByteBufferR@176e5ef6[p=195,l=839,c=8192,r=644]={POST /__a....2)\r\n\r\n<<<{\r\n  "id" : "f8200022-093...ioState" : "Started"\r\n}>>>\x00\x00\x00\x00\x00\x00\x00\x00\x00...\x00\x00\x00\x00\x00\x00\x00}}
13:18:51.137 [qtp781595164-98] DEBUG org.eclipse.jetty.server.HttpInput - HttpInputOverHTTP@764afb05[c=0,q=0,[0]=null,s=STREAM] addContent Content@7f6132ac{HeapByteBufferR@176e5ef6[p=195,l=839,c=8192,r=644]={POST /__a....2)\r\n\r\n<<<{\r\n  "id" : "f8200022-093...ioState" : "Started"\r\n}>>>\x00\x00\x00\x00\x00\x00\x00\x00\x00...\x00\x00\x00\x00\x00\x00\x00}}
13:18:51.137 [qtp781595164-98] DEBUG org.eclipse.jetty.http.HttpParser - CONTENT --> CONTENT_END
13:18:51.137 [qtp781595164-98] DEBUG org.eclipse.jetty.server.HttpChannel - onContentComplete HttpChannelOverHttp@25ca2673{s=HttpChannelState@60c8bcae{s=HANDLING rs=BLOCKING os=OPEN is=IDLE awp=false se=false i=true al=0},r=2,c=false/false,a=HANDLING,uri=//localhost:8080/__admin/mappings,age=8}
13:18:51.137 [qtp781595164-98] DEBUG org.eclipse.jetty.http.HttpParser - CONTENT_END --> END
13:18:51.138 [qtp781595164-98] DEBUG org.eclipse.jetty.server.HttpChannel - onRequestComplete HttpChannelOverHttp@25ca2673{s=HttpChannelState@60c8bcae{s=HANDLING rs=BLOCKING os=OPEN is=IDLE awp=false se=false i=true al=0},r=2,c=false/false,a=HANDLING,uri=//localhost:8080/__admin/mappings,age=9}
13:18:51.138 [qtp781595164-98] DEBUG org.eclipse.jetty.server.HttpInput - HttpInputOverHTTP@764afb05[c=0,q=1,[0]=EOF,s=STREAM] addContent EOF
13:18:51.138 [qtp781595164-98] DEBUG org.eclipse.jetty.server.HttpConnection - HttpConnection@5d2fafe1::NetworkTrafficSocketChannelEndPoint@2f324d03{/127.0.0.1:65021<->/127.0.0.1:8080,OPEN,fill=-,flush=-,to=16/30000}{io=0/0,kio=0,kro=1}->HttpConnection@5d2fafe1[p=HttpParser{s=END,644 of 644},g=HttpGenerator@5162fbcf{s=START}]=>HttpChannelOverHttp@25ca2673{s=HttpChannelState@60c8bcae{s=HANDLING rs=BLOCKING os=OPEN is=IDLE awp=false se=false i=true al=0},r=2,c=false/false,a=HANDLING,uri=//localhost:8080/__admin/mappings,age=9} parsed false HttpParser{s=END,644 of 644}
13:18:51.138 [qtp781595164-98] DEBUG org.eclipse.jetty.server.HttpInput - HttpInputOverHTTP@764afb05[c=644,q=1,[0]=EOF,s=STREAM] read 644 from Content@7f6132ac{HeapByteBufferR@176e5ef6[p=839,l=839,c=8192,r=0]={POST /__a...ted"\r\n}<<<>>>\x00\x00\x00\x00\x00\x00\x00\x00\x00...\x00\x00\x00\x00\x00\x00\x00}}
13:18:51.139 [qtp781595164-98] DEBUG org.eclipse.jetty.server.HttpConnection - releaseRequestBuffer HttpConnection@5d2fafe1::NetworkTrafficSocketChannelEndPoint@2f324d03{/127.0.0.1:65021<->/127.0.0.1:8080,OPEN,fill=-,flush=-,to=16/30000}{io=0/0,kio=0,kro=1}->HttpConnection@5d2fafe1[p=HttpParser{s=END,644 of 644},g=HttpGenerator@5162fbcf{s=START}]=>HttpChannelOverHttp@25ca2673{s=HttpChannelState@60c8bcae{s=HANDLING rs=BLOCKING os=OPEN is=IDLE awp=false se=false i=true al=0},r=2,c=false/false,a=HANDLING,uri=//localhost:8080/__admin/mappings,age=9}
13:18:51.139 [qtp781595164-98] DEBUG org.eclipse.jetty.server.HttpChannelState - onEof HttpChannelState@60c8bcae{s=HANDLING rs=BLOCKING os=OPEN is=IDLE awp=false se=false i=true al=0}
13:18:51.149 [qtp781595164-98] DEBUG org.eclipse.jetty.server.HttpOutput - write(array HeapByteBuffer@2457c0ba[p=0,l=644,c=8192,r=644]={<<<{\r\n  "id" : "f8200022-093...ioState" : "Started"\r\n}>>>\x00\x00\x00\x00\x00\x00\x00\x00\x00...\x00\x00\x00\x00\x00\x00\x00})
13:18:51.150 [qtp781595164-98] DEBUG org.eclipse.jetty.server.HttpOutput - write(array) s=OPEN,api=BLOCKING,sc=false,e=null aggregated !flush DirectByteBuffer@15e1a245[p=0,l=644,c=32768,r=644]={<<<{\r\n  "id" : "f8200022-093...ioState" : "Started"\r\n}>>>\x00\x00\x00\x00\x00\x00\x00\x00\x00...\x00\x00\x00\x00\x00\x00\x00}
13:18:51.150 [qtp781595164-98] DEBUG org.eclipse.jetty.server.HttpChannel - sendResponse info=null content=DirectByteBuffer@15e1a245[p=0,l=644,c=32768,r=644]={<<<{\r\n  "id" : "f8200022-093...ioState" : "Started"\r\n}>>>\x00\x00\x00\x00\x00\x00\x00\x00\x00...\x00\x00\x00\x00\x00\x00\x00} complete=false committing=true callback=Blocker@6bccb114{null}
13:18:51.150 [qtp781595164-98] DEBUG org.eclipse.jetty.server.HttpChannel - COMMIT for /__admin/mappings on HttpChannelOverHttp@25ca2673{s=HttpChannelState@60c8bcae{s=HANDLING rs=BLOCKING os=COMMITTED is=READY awp=false se=false i=true al=0},r=2,c=false/false,a=HANDLING,uri=//localhost:8080/__admin/mappings,age=21}
201 null HTTP/1.1
Content-Type: application/json


13:18:51.150 [qtp781595164-98] DEBUG org.eclipse.jetty.server.HttpConnection - generate: NEED_HEADER for org.eclipse.jetty.server.HttpConnection$SendCallback@2e0883ca[PROCESSING][i=HTTP/1.1{s=201,h=1,cl=-1},cb=org.eclipse.jetty.server.HttpChannel$SendCallback@2d885700] (null,[p=0,l=644,c=32768,r=644],false)@START
13:18:51.151 [qtp781595164-98] DEBUG org.eclipse.jetty.http.HttpGenerator - generateHeaders HTTP/1.1{s=201,h=1,cl=-1} last=false content=DirectByteBuffer@15e1a245[p=0,l=644,c=32768,r=644]={<<<{\r\n  "id" : "f8200022-093...ioState" : "Started"\r\n}>>>\x00\x00\x00\x00\x00\x00\x00\x00\x00...\x00\x00\x00\x00\x00\x00\x00}
13:18:51.151 [qtp781595164-98] DEBUG org.eclipse.jetty.http.HttpGenerator - Content-Type: application/json


13:18:51.151 [qtp781595164-98] DEBUG org.eclipse.jetty.http.HttpGenerator - CHUNKED_CONTENT
13:18:51.152 [qtp781595164-98] DEBUG org.eclipse.jetty.server.HttpConnection - generate: FLUSH for org.eclipse.jetty.server.HttpConnection$SendCallback@2e0883ca[PROCESSING][i=HTTP/1.1{s=201,h=1,cl=-1},cb=org.eclipse.jetty.server.HttpChannel$SendCallback@2d885700] ([p=0,l=122,c=8192,r=122],[p=0,l=644,c=32768,r=644],false)@COMMITTED
13:18:51.152 [qtp781595164-98] DEBUG org.eclipse.jetty.io.WriteFlusher - write: WriteFlusher@3c7085e7{IDLE}->null [HeapByteBuffer@40573931[p=0,l=122,c=8192,r=122]={<<<HTTP/1.1 201 Created\r\nCon....28.v20200408)\r\n\r\n284\r\n>>>ction: Ke...\x00\x00\x00\x00\x00\x00\x00},DirectByteBuffer@15e1a245[p=0,l=644,c=32768,r=644]={<<<{\r\n  "id" : "f8200022-093...ioState" : "Started"\r\n}>>>\x00\x00\x00\x00\x00\x00\x00\x00\x00...\x00\x00\x00\x00\x00\x00\x00}]
13:18:51.152 [qtp781595164-98] DEBUG org.eclipse.jetty.io.WriteFlusher - update WriteFlusher@3c7085e7{WRITING}->null:IDLE-->WRITING
13:18:51.153 [Test worker] DEBUG org.apache.http.wire - http-outgoing-5 << "HTTP/1.1 201 Created[\r][\n]"
13:18:51.153 [Test worker] DEBUG org.apache.http.wire - http-outgoing-5 << "Content-Type: application/json[\r][\n]"
13:18:51.153 [Test worker] DEBUG org.apache.http.wire - http-outgoing-5 << "Transfer-Encoding: chunked[\r][\n]"
13:18:51.153 [Test worker] DEBUG org.apache.http.wire - http-outgoing-5 << "Server: Jetty(9.4.28.v20200408)[\r][\n]"
13:18:51.153 [Test worker] DEBUG org.apache.http.wire - http-outgoing-5 << "[\r][\n]"
13:18:51.153 [Test worker] DEBUG org.apache.http.wire - http-outgoing-5 << "284[\r][\n]"
13:18:51.153 [Test worker] DEBUG org.apache.http.headers - http-outgoing-5 << HTTP/1.1 201 Created
13:18:51.153 [Test worker] DEBUG org.apache.http.headers - http-outgoing-5 << Content-Type: application/json
13:18:51.153 [Test worker] DEBUG org.apache.http.headers - http-outgoing-5 << Transfer-Encoding: chunked
13:18:51.153 [Test worker] DEBUG org.apache.http.headers - http-outgoing-5 << Server: Jetty(9.4.28.v20200408)
13:18:51.153 [Test worker] DEBUG org.apache.http.impl.execchain.MainClientExec - Connection can be kept alive indefinitely
13:18:51.155 [qtp781595164-98] DEBUG org.eclipse.jetty.io.ChannelEndPoint - flushed 122 NetworkTrafficSocketChannelEndPoint@2f324d03{/127.0.0.1:65021<->/127.0.0.1:8080,OPEN,fill=-,flush=W,to=32/30000}{io=0/0,kio=0,kro=1}->HttpConnection@5d2fafe1[p=HttpParser{s=END,644 of 644},g=HttpGenerator@5162fbcf{s=COMMITTED}]=>HttpChannelOverHttp@25ca2673{s=HttpChannelState@60c8bcae{s=HANDLING rs=BLOCKING os=COMMITTED is=READY awp=false se=false i=true al=0},r=2,c=false/false,a=HANDLING,uri=//localhost:8080/__admin/mappings,age=26}
13:18:51.155 [Test worker] DEBUG org.apache.http.wire - http-outgoing-5 << "{[\r][\n]"
13:18:51.155 [Test worker] DEBUG org.apache.http.wire - http-outgoing-5 << "  "id" : "f8200022-0935-411d-ad78-bd2225b73641",[\r][\n]"
13:18:51.155 [Test worker] DEBUG org.apache.http.wire - http-outgoing-5 << "  "request" : {[\r][\n]"
13:18:51.155 [Test worker] DEBUG org.apache.http.wire - http-outgoing-5 << "    "url" : "/api/v0/components/login",[\r][\n]"
13:18:51.155 [Test worker] DEBUG org.apache.http.wire - http-outgoing-5 << "    "method" : "POST",[\r][\n]"
13:18:51.155 [Test worker] DEBUG org.apache.http.wire - http-outgoing-5 << "    "headers" : {[\r][\n]"
13:18:51.155 [Test worker] DEBUG org.apache.http.wire - http-outgoing-5 << "      "Content-Type" : {[\r][\n]"
13:18:51.155 [Test worker] DEBUG org.apache.http.wire - http-outgoing-5 << "        "equalTo" : "application/json"[\r][\n]"
13:18:51.155 [Test worker] DEBUG org.apache.http.wire - http-outgoing-5 << "      }[\r][\n]"
13:18:51.155 [Test worker] DEBUG org.apache.http.wire - http-outgoing-5 << "    },[\r][\n]"
13:18:51.155 [Test worker] DEBUG org.apache.http.wire - http-outgoing-5 << "    "bodyPatterns" : [ {[\r][\n]"
13:18:51.155 [Test worker] DEBUG org.apache.http.wire - http-outgoing-5 << "      "equalTo" : "{\"password\":\"123456\",\"username\":\"catalogClientApi\"}"[\r][\n]"
13:18:51.155 [Test worker] DEBUG org.apache.http.wire - http-outgoing-5 << "    } ][\r][\n]"
13:18:51.155 [Test worker] DEBUG org.apache.http.wire - http-outgoing-5 << "  },[\r][\n]"
13:18:51.155 [Test worker] DEBUG org.apache.http.wire - http-outgoing-5 << "  "response" : {[\r][\n]"
13:18:51.155 [Test worker] DEBUG org.apache.http.wire - http-outgoing-5 << "    "status" : 200,[\r][\n]"
13:18:51.155 [Test worker] DEBUG org.apache.http.wire - http-outgoing-5 << "    "body" : "{\"token\":\"someToken\"}",[\r][\n]"
13:18:51.155 [Test worker] DEBUG org.apache.http.wire - http-outgoing-5 << "    "headers" : {[\r][\n]"
13:18:51.155 [Test worker] DEBUG org.apache.http.wire - http-outgoing-5 << "      "Content-Type" : "application/json"[\r][\n]"
13:18:51.155 [Test worker] DEBUG org.apache.http.wire - http-outgoing-5 << "    }[\r][\n]"
13:18:51.155 [Test worker] DEBUG org.apache.http.wire - http-outgoing-5 << "  },[\r][\n]"
13:18:51.155 [Test worker] DEBUG org.apache.http.wire - http-outgoing-5 << "  "uuid" : "f8200022-0935-411d-ad78-bd2225b73641",[\r][\n]"
13:18:51.155 [Test worker] DEBUG org.apache.http.wire - http-outgoing-5 << "  "scenarioName" : "unAuthorized",[\r][\n]"
13:18:51.155 [Test worker] DEBUG org.apache.http.wire - http-outgoing-5 << "  "requiredScenarioState" : "Started"[\r][\n]"
13:18:51.155 [Test worker] DEBUG org.apache.http.wire - http-outgoing-5 << "}"
13:18:51.156 [qtp781595164-98] DEBUG org.eclipse.jetty.io.ChannelEndPoint - flushed 644 NetworkTrafficSocketChannelEndPoint@2f324d03{/127.0.0.1:65021<->/127.0.0.1:8080,OPEN,fill=-,flush=W,to=1/30000}{io=0/0,kio=0,kro=1}->HttpConnection@5d2fafe1[p=HttpParser{s=END,644 of 644},g=HttpGenerator@5162fbcf{s=COMMITTED}]=>HttpChannelOverHttp@25ca2673{s=HttpChannelState@60c8bcae{s=HANDLING rs=BLOCKING os=COMMITTED is=READY awp=false se=false i=true al=0},r=2,c=false/false,a=HANDLING,uri=//localhost:8080/__admin/mappings,age=27}
13:18:51.156 [qtp781595164-98] DEBUG org.eclipse.jetty.io.WriteFlusher - Flushed=true written=766 remaining=0 WriteFlusher@3c7085e7{WRITING}->null
13:18:51.157 [qtp781595164-98] DEBUG org.eclipse.jetty.io.WriteFlusher - update WriteFlusher@3c7085e7{IDLE}->null:WRITING-->IDLE
13:18:51.157 [qtp781595164-98] DEBUG org.eclipse.jetty.server.HttpConnection - generate: DONE for org.eclipse.jetty.server.HttpConnection$SendCallback@2e0883ca[PROCESSING][i=HTTP/1.1{s=201,h=1,cl=-1},cb=org.eclipse.jetty.server.HttpChannel$SendCallback@2d885700] ([p=122,l=122,c=8192,r=0],[p=644,l=644,c=32768,r=0],false)@COMMITTED
13:18:51.157 [qtp781595164-98] DEBUG org.eclipse.jetty.server.HttpOutput - onWriteComplete(false,null) s=OPEN,api=BLOCKED,sc=false,e=null->s=OPEN,api=BLOCKING,sc=false,e=null c=null cb=null w=false
13:18:51.157 [qtp781595164-98] DEBUG org.eclipse.jetty.server.HttpOutput - close() s=CLOSING,api=BLOCKED,sc=false,e=null c=HeapByteBuffer@137d328[p=0,l=0,c=0,r=0]={<<<>>>} b=Blocker@6bccb114{null}
13:18:51.157 [qtp781595164-98] DEBUG org.eclipse.jetty.server.HttpChannel - sendResponse info=null content=HeapByteBuffer@137d328[p=0,l=0,c=0,r=0]={<<<>>>} complete=true committing=false callback=Blocker@6bccb114{null}
13:18:51.157 [qtp781595164-98] DEBUG org.eclipse.jetty.server.HttpConnection - generate: CONTINUE for org.eclipse.jetty.server.HttpConnection$SendCallback@2e0883ca[PROCESSING][i=null,cb=org.eclipse.jetty.server.HttpChannel$SendCallback@2273f05d] (null,[p=0,l=0,c=0,r=0],true)@COMPLETING
13:18:51.157 [qtp781595164-98] DEBUG org.eclipse.jetty.server.HttpConnection - generate: NEED_CHUNK for org.eclipse.jetty.server.HttpConnection$SendCallback@2e0883ca[PROCESSING][i=null,cb=org.eclipse.jetty.server.HttpChannel$SendCallback@2273f05d] (null,[p=0,l=0,c=0,r=0],true)@COMPLETING
13:18:51.158 [qtp781595164-98] DEBUG org.eclipse.jetty.server.HttpConnection - generate: FLUSH for org.eclipse.jetty.server.HttpConnection$SendCallback@2e0883ca[PROCESSING][i=null,cb=org.eclipse.jetty.server.HttpChannel$SendCallback@2273f05d] (null,[p=0,l=0,c=0,r=0],true)@COMPLETING
13:18:51.158 [qtp781595164-98] DEBUG org.eclipse.jetty.io.WriteFlusher - write: WriteFlusher@3c7085e7{IDLE}->null [HeapByteBuffer@58461432[p=0,l=7,c=1024,r=7]={<<<\r\n0\r\n\r\n>>>\x00\x00\x00\x00\x00\x00\x00\x00\x00...\x00\x00\x00\x00\x00\x00\x00}]
13:18:51.158 [qtp781595164-98] DEBUG org.eclipse.jetty.io.WriteFlusher - update WriteFlusher@3c7085e7{WRITING}->null:IDLE-->WRITING
13:18:51.158 [Test worker] DEBUG org.apache.http.wire - http-outgoing-5 << "[\r][\n]"
13:18:51.158 [Test worker] DEBUG org.apache.http.wire - http-outgoing-5 << "0[\r][\n]"
13:18:51.158 [Test worker] DEBUG org.apache.http.wire - http-outgoing-5 << "[\r][\n]"
13:18:51.158 [Test worker] DEBUG org.apache.http.impl.conn.PoolingHttpClientConnectionManager - Connection [id: 5][route: {}->http://localhost:8080] can be kept alive indefinitely
13:18:51.158 [Test worker] DEBUG org.apache.http.impl.conn.DefaultManagedHttpClientConnection - http-outgoing-5: set socket timeout to 0
13:18:51.158 [Test worker] DEBUG org.apache.http.impl.conn.PoolingHttpClientConnectionManager - Connection released: [id: 5][route: {}->http://localhost:8080][total available: 1; route allocated: 1 of 5; total allocated: 1 of 50]
13:18:51.159 [qtp781595164-98] DEBUG org.eclipse.jetty.io.ChannelEndPoint - flushed 7 NetworkTrafficSocketChannelEndPoint@2f324d03{/127.0.0.1:65021<->/127.0.0.1:8080,OPEN,fill=-,flush=W,to=1/30000}{io=0/0,kio=0,kro=1}->HttpConnection@5d2fafe1[p=HttpParser{s=END,644 of 644},g=HttpGenerator@5162fbcf{s=COMPLETING}]=>HttpChannelOverHttp@25ca2673{s=HttpChannelState@60c8bcae{s=HANDLING rs=BLOCKING os=COMMITTED is=READY awp=false se=false i=true al=0},r=2,c=false/false,a=HANDLING,uri=//localhost:8080/__admin/mappings,age=29}
13:18:51.159 [qtp781595164-98] DEBUG org.eclipse.jetty.io.WriteFlusher - Flushed=true written=7 remaining=0 WriteFlusher@3c7085e7{WRITING}->null
13:18:51.161 [Test worker] DEBUG org.apache.http.impl.conn.PoolingHttpClientConnectionManager - Connection request: [route: {}->http://localhost:8080][total available: 1; route allocated: 1 of 5; total allocated: 1 of 50]
13:18:51.163 [Test worker] DEBUG org.apache.http.impl.conn.PoolingHttpClientConnectionManager - Connection leased: [id: 5][route: {}->http://localhost:8080][total available: 0; route allocated: 1 of 5; total allocated: 1 of 50]
13:18:51.163 [Test worker] DEBUG org.apache.http.impl.conn.DefaultManagedHttpClientConnection - http-outgoing-5: set socket timeout to 30000
13:18:51.163 [Test worker] DEBUG org.apache.http.impl.execchain.MainClientExec - Stale connection check
13:18:51.163 [qtp781595164-98] DEBUG org.eclipse.jetty.io.WriteFlusher - update WriteFlusher@3c7085e7{IDLE}->null:WRITING-->IDLE
13:18:51.163 [qtp781595164-98] DEBUG org.eclipse.jetty.server.HttpConnection - generate: DONE for org.eclipse.jetty.server.HttpConnection$SendCallback@2e0883ca[PROCESSING][i=null,cb=org.eclipse.jetty.server.HttpChannel$SendCallback@2273f05d] (null,[p=0,l=0,c=0,r=0],true)@END
13:18:51.164 [Test worker] DEBUG org.apache.http.wire - http-outgoing-5 << "[read] I/O error: Read timed out"
13:18:51.164 [Test worker] DEBUG org.apache.http.impl.execchain.MainClientExec - Executing request POST /__admin/mappings HTTP/1.1
13:18:51.164 [Test worker] DEBUG org.apache.http.impl.execchain.MainClientExec - Target auth state: UNCHALLENGED
13:18:51.164 [Test worker] DEBUG org.apache.http.impl.execchain.MainClientExec - Proxy auth state: UNCHALLENGED
13:18:51.164 [Test worker] DEBUG org.apache.http.headers - http-outgoing-5 >> POST /__admin/mappings HTTP/1.1
13:18:51.164 [Test worker] DEBUG org.apache.http.headers - http-outgoing-5 >> Content-Length: 573
13:18:51.164 [Test worker] DEBUG org.apache.http.headers - http-outgoing-5 >> Content-Type: text/plain; charset=UTF-8
13:18:51.164 [Test worker] DEBUG org.apache.http.headers - http-outgoing-5 >> Host: localhost:8080
13:18:51.164 [Test worker] DEBUG org.apache.http.headers - http-outgoing-5 >> Connection: Keep-Alive
13:18:51.164 [Test worker] DEBUG org.apache.http.headers - http-outgoing-5 >> User-Agent: Apache-HttpClient/4.5.12 (Java/11.0.2)
13:18:51.164 [Test worker] DEBUG org.apache.http.wire - http-outgoing-5 >> "POST /__admin/mappings HTTP/1.1[\r][\n]"
13:18:51.164 [Test worker] DEBUG org.apache.http.wire - http-outgoing-5 >> "Content-Length: 573[\r][\n]"
13:18:51.164 [Test worker] DEBUG org.apache.http.wire - http-outgoing-5 >> "Content-Type: text/plain; charset=UTF-8[\r][\n]"
13:18:51.164 [Test worker] DEBUG org.apache.http.wire - http-outgoing-5 >> "Host: localhost:8080[\r][\n]"
13:18:51.164 [Test worker] DEBUG org.apache.http.wire - http-outgoing-5 >> "Connection: Keep-Alive[\r][\n]"
13:18:51.165 [Test worker] DEBUG org.apache.http.wire - http-outgoing-5 >> "User-Agent: Apache-HttpClient/4.5.12 (Java/11.0.2)[\r][\n]"
13:18:51.165 [Test worker] DEBUG org.apache.http.wire - http-outgoing-5 >> "[\r][\n]"
13:18:51.165 [Test worker] DEBUG org.apache.http.wire - http-outgoing-5 >> "{[\r][\n]"
13:18:51.165 [Test worker] DEBUG org.apache.http.wire - http-outgoing-5 >> "  "id" : "1dfe214b-7bd0-49f9-890b-0a8602ff6c74",[\r][\n]"
13:18:51.165 [Test worker] DEBUG org.apache.http.wire - http-outgoing-5 >> "  "request" : {[\r][\n]"
13:18:51.165 [Test worker] DEBUG org.apache.http.wire - http-outgoing-5 >> "    "url" : "/api/v0/components/products/e929c1aa-d653-439a-9656-04a204a47597/environments",[\r][\n]"
13:18:51.165 [Test worker] DEBUG org.apache.http.wire - http-outgoing-5 >> "    "method" : "GET",[\r][\n]"
13:18:51.165 [Test worker] DEBUG org.apache.http.wire - http-outgoing-5 >> "    "headers" : {[\r][\n]"
13:18:51.165 [Test worker] DEBUG org.apache.http.wire - http-outgoing-5 >> "      "Authorization" : {[\r][\n]"
13:18:51.165 [Test worker] DEBUG org.apache.http.wire - http-outgoing-5 >> "        "equalTo" : "Bearer someToken"[\r][\n]"
13:18:51.165 [Test worker] DEBUG org.apache.http.wire - http-outgoing-5 >> "      }[\r][\n]"
13:18:51.165 [Test worker] DEBUG org.apache.http.wire - http-outgoing-5 >> "    }[\r][\n]"
13:18:51.165 [Test worker] DEBUG org.apache.http.wire - http-outgoing-5 >> "  },[\r][\n]"
13:18:51.165 [Test worker] DEBUG org.apache.http.wire - http-outgoing-5 >> "  "response" : {[\r][\n]"
13:18:51.165 [Test worker] DEBUG org.apache.http.wire - http-outgoing-5 >> "    "status" : 200,[\r][\n]"
13:18:51.165 [Test worker] DEBUG org.apache.http.wire - http-outgoing-5 >> "    "body" : "[\"DEV\",\"PROD\"]",[\r][\n]"
13:18:51.165 [Test worker] DEBUG org.apache.http.wire - http-outgoing-5 >> "    "headers" : {[\r][\n]"
13:18:51.165 [Test worker] DEBUG org.apache.http.wire - http-outgoing-5 >> "      "Content-Type" : "application/json"[\r][\n]"
13:18:51.165 [Test worker] DEBUG org.apache.http.wire - http-outgoing-5 >> "    }[\r][\n]"
13:18:51.165 [Test worker] DEBUG org.apache.http.wire - http-outgoing-5 >> "  },[\r][\n]"
13:18:51.165 [Test worker] DEBUG org.apache.http.wire - http-outgoing-5 >> "  "uuid" : "1dfe214b-7bd0-49f9-890b-0a8602ff6c74",[\r][\n]"
13:18:51.165 [Test worker] DEBUG org.apache.http.wire - http-outgoing-5 >> "  "scenarioName" : "unAuthorized",[\r][\n]"
13:18:51.165 [Test worker] DEBUG org.apache.http.wire - http-outgoing-5 >> "  "requiredScenarioState" : "Started"[\r][\n]"
13:18:51.165 [Test worker] DEBUG org.apache.http.wire - http-outgoing-5 >> "}"
13:18:51.166 [qtp781595164-98] DEBUG org.eclipse.jetty.server.HttpOutput - onWriteComplete(true,null) s=CLOSING,api=BLOCKED,sc=false,e=null->s=CLOSED,api=BLOCKING,sc=false,e=null c=null cb=null w=false
13:18:51.166 [qtp781595164-98] DEBUG org.eclipse.jetty.server.handler.gzip.GzipHandler - GzipHandler@27e005aa{STARTED,min=32,inflate=-1} handle Request[POST //localhost:8080/__admin/mappings]@23637131 in null
13:18:51.166 [qtp781595164-98] DEBUG org.eclipse.jetty.server.handler.ContextHandler - scope null||/__admin/mappings @ o.e.j.s.ServletContextHandler@6693b5e0{/,null,AVAILABLE}
13:18:51.167 [qtp781595164-98] DEBUG org.eclipse.jetty.server.Server - handled=true async=false committed=true on HttpChannelOverHttp@25ca2673{s=HttpChannelState@60c8bcae{s=HANDLING rs=BLOCKING os=COMPLETED is=READY awp=false se=false i=true al=0},r=2,c=false/true,a=HANDLING,uri=//localhost:8080/__admin/mappings,age=38}
13:18:51.167 [qtp781595164-98] DEBUG org.eclipse.jetty.server.HttpChannelState - unhandle HttpChannelState@60c8bcae{s=HANDLING rs=BLOCKING os=COMPLETED is=READY awp=false se=false i=true al=0}
13:18:51.167 [qtp781595164-98] DEBUG org.eclipse.jetty.server.HttpChannelState - nextAction(false) COMPLETE HttpChannelState@60c8bcae{s=HANDLING rs=COMPLETING os=COMPLETED is=READY awp=false se=false i=false al=0}
13:18:51.167 [qtp781595164-98] DEBUG org.eclipse.jetty.server.HttpChannel - action COMPLETE HttpChannelOverHttp@25ca2673{s=HttpChannelState@60c8bcae{s=HANDLING rs=COMPLETING os=COMPLETED is=READY awp=false se=false i=false al=0},r=2,c=false/true,a=HANDLING,uri=//localhost:8080/__admin/mappings,age=38}
13:18:51.168 [qtp781595164-98] DEBUG org.eclipse.jetty.server.HttpOutput - complete(org.eclipse.jetty.util.Callback$4@1c9d9776) s=CLOSED,api=BLOCKING,sc=false,e=null s=true e=null, c=null
13:18:51.168 [qtp781595164-98] DEBUG org.eclipse.jetty.server.HttpChannelState - completed HttpChannelState@60c8bcae{s=HANDLING rs=COMPLETING os=COMPLETED is=READY awp=false se=false i=false al=0}
13:18:51.168 [qtp781595164-98] DEBUG org.eclipse.jetty.server.HttpChannelState - unhandle HttpChannelState@60c8bcae{s=HANDLING rs=COMPLETED os=COMPLETED is=READY awp=false se=false i=false al=0}
13:18:51.168 [qtp781595164-98] DEBUG org.eclipse.jetty.server.HttpChannelState - nextAction(false) TERMINATED HttpChannelState@60c8bcae{s=IDLE rs=COMPLETED os=COMPLETED is=READY awp=false se=false i=false al=0}
13:18:51.168 [qtp781595164-98] DEBUG org.eclipse.jetty.server.HttpChannel - action TERMINATED HttpChannelOverHttp@25ca2673{s=HttpChannelState@60c8bcae{s=IDLE rs=COMPLETED os=COMPLETED is=READY awp=false se=false i=false al=0},r=2,c=true/true,a=IDLE,uri=//localhost:8080/__admin/mappings,age=39}
13:18:51.168 [qtp781595164-98] DEBUG org.eclipse.jetty.server.HttpChannel - onCompleted for /__admin/mappings written=644
13:18:51.168 [qtp781595164-98] DEBUG org.eclipse.jetty.server.HttpChannelState - recycle HttpChannelState@60c8bcae{s=IDLE rs=COMPLETED os=COMPLETED is=READY awp=false se=false i=false al=0}
13:18:51.169 [qtp781595164-98] DEBUG org.eclipse.jetty.http.HttpParser - reset HttpParser{s=END,644 of 644}
13:18:51.169 [qtp781595164-98] DEBUG org.eclipse.jetty.http.HttpParser - END --> START
13:18:51.169 [qtp781595164-98] DEBUG org.eclipse.jetty.server.HttpChannel - !handle TERMINATED HttpChannelOverHttp@25ca2673{s=HttpChannelState@60c8bcae{s=IDLE rs=BLOCKING os=OPEN is=IDLE awp=false se=false i=true al=0},r=2,c=false/false,a=IDLE,uri=null,age=0}
13:18:51.169 [qtp781595164-98] DEBUG org.eclipse.jetty.io.ChannelEndPoint - filled 768 HeapByteBuffer@40573931[p=0,l=768,c=8192,r=768]={<<<POST /__admin/mappings HT...ioState" : "Started"\r\n}>>>enarioNam...\x00\x00\x00\x00\x00\x00\x00}
13:18:51.170 [qtp781595164-98] DEBUG org.eclipse.jetty.server.HttpConnection - HttpConnection@5d2fafe1::NetworkTrafficSocketChannelEndPoint@2f324d03{/127.0.0.1:65021<->/127.0.0.1:8080,OPEN,fill=-,flush=-,to=0/30000}{io=0/0,kio=0,kro=1}->HttpConnection@5d2fafe1[p=HttpParser{s=START,0 of -1},g=HttpGenerator@5162fbcf{s=START}]=>HttpChannelOverHttp@25ca2673{s=HttpChannelState@60c8bcae{s=IDLE rs=BLOCKING os=OPEN is=IDLE awp=false se=false i=true al=0},r=2,c=false/false,a=IDLE,uri=null,age=0} filled 768 HeapByteBuffer@40573931[p=0,l=768,c=8192,r=768]={<<<POST /__admin/mappings HT...ioState" : "Started"\r\n}>>>enarioNam...\x00\x00\x00\x00\x00\x00\x00}
13:18:51.170 [qtp781595164-98] DEBUG org.eclipse.jetty.server.HttpConnection - HttpConnection@5d2fafe1::NetworkTrafficSocketChannelEndPoint@2f324d03{/127.0.0.1:65021<->/127.0.0.1:8080,OPEN,fill=-,flush=-,to=0/30000}{io=0/0,kio=0,kro=1}->HttpConnection@5d2fafe1[p=HttpParser{s=START,0 of -1},g=HttpGenerator@5162fbcf{s=START}]=>HttpChannelOverHttp@25ca2673{s=HttpChannelState@60c8bcae{s=IDLE rs=BLOCKING os=OPEN is=IDLE awp=false se=false i=true al=0},r=2,c=false/false,a=IDLE,uri=null,age=0} parse HeapByteBuffer@40573931[p=0,l=768,c=8192,r=768]={<<<POST /__admin/mappings HT...ioState" : "Started"\r\n}>>>enarioNam...\x00\x00\x00\x00\x00\x00\x00} {}
13:18:51.170 [qtp781595164-98] DEBUG org.eclipse.jetty.http.HttpParser - parseNext s=START HeapByteBuffer@40573931[p=0,l=768,c=8192,r=768]={<<<POST /__admin/mappings HT...ioState" : "Started"\r\n}>>>enarioNam...\x00\x00\x00\x00\x00\x00\x00}
13:18:51.170 [qtp781595164-98] DEBUG org.eclipse.jetty.http.HttpParser - START --> SPACE1
13:18:51.170 [qtp781595164-98] DEBUG org.eclipse.jetty.http.HttpParser - SPACE1 --> URI
13:18:51.171 [qtp781595164-98] DEBUG org.eclipse.jetty.http.HttpParser - URI --> SPACE2
13:18:51.171 [qtp781595164-98] DEBUG org.eclipse.jetty.http.HttpParser - SPACE2 --> REQUEST_VERSION
13:18:51.171 [qtp781595164-98] DEBUG org.eclipse.jetty.http.HttpParser - REQUEST_VERSION --> HEADER
13:18:51.171 [qtp781595164-98] DEBUG org.eclipse.jetty.http.HttpParser - HEADER:Content-Length --> VALUE
13:18:51.171 [qtp781595164-98] DEBUG org.eclipse.jetty.http.HttpParser - HEADER:Content-Length --> IN_VALUE
13:18:51.172 [qtp781595164-98] DEBUG org.eclipse.jetty.http.HttpParser - HEADER:Content-Length --> FIELD
13:18:51.172 [qtp781595164-98] DEBUG org.eclipse.jetty.http.HttpParser - HEADER:Content-Type: text/plain; charset=UTF-8 --> IN_VALUE
13:18:51.172 [qtp781595164-98] DEBUG org.eclipse.jetty.http.HttpParser - HEADER:Content-Type: text/plain; charset=UTF-8 --> FIELD
13:18:51.172 [qtp781595164-98] DEBUG org.eclipse.jetty.http.HttpParser - HEADER:Host: localhost:8080 --> IN_VALUE
13:18:51.172 [qtp781595164-98] DEBUG org.eclipse.jetty.http.HttpParser - HEADER:Host: localhost:8080 --> FIELD
13:18:51.173 [qtp781595164-98] DEBUG org.eclipse.jetty.http.HttpParser - HEADER:Connection: keep-alive --> IN_VALUE
13:18:51.173 [qtp781595164-98] DEBUG org.eclipse.jetty.http.HttpParser - HEADER:Connection: keep-alive --> FIELD
13:18:51.173 [qtp781595164-98] DEBUG org.eclipse.jetty.http.HttpParser - HEADER:User-Agent: Apache-HttpClient/4.5.12 (Java/11.0.2) --> IN_VALUE
13:18:51.173 [qtp781595164-98] DEBUG org.eclipse.jetty.http.HttpParser - HEADER:User-Agent: Apache-HttpClient/4.5.12 (Java/11.0.2) --> FIELD
13:18:51.173 [qtp781595164-98] DEBUG org.eclipse.jetty.http.HttpParser - HEADER --> CONTENT
13:18:51.174 [qtp781595164-98] DEBUG org.eclipse.jetty.server.HttpChannel - REQUEST for //localhost:8080/__admin/mappings on HttpChannelOverHttp@25ca2673{s=HttpChannelState@60c8bcae{s=IDLE rs=BLOCKING os=OPEN is=IDLE awp=false se=false i=true al=0},r=3,c=false/false,a=IDLE,uri=//localhost:8080/__admin/mappings,age=1}
POST //localhost:8080/__admin/mappings HTTP/1.1
Content-Length: 573
Content-Type: text/plain; charset=UTF-8
Host: localhost:8080
Connection: keep-alive
User-Agent: Apache-HttpClient/4.5.12 (Java/11.0.2)


13:18:51.176 [qtp781595164-98] DEBUG org.eclipse.jetty.server.HttpConnection - HttpConnection@5d2fafe1::NetworkTrafficSocketChannelEndPoint@2f324d03{/127.0.0.1:65021<->/127.0.0.1:8080,OPEN,fill=-,flush=-,to=6/30000}{io=0/0,kio=0,kro=1}->HttpConnection@5d2fafe1[p=HttpParser{s=CONTENT,0 of 573},g=HttpGenerator@5162fbcf{s=START}]=>HttpChannelOverHttp@25ca2673{s=HttpChannelState@60c8bcae{s=IDLE rs=BLOCKING os=OPEN is=IDLE awp=false se=false i=true al=0},r=3,c=false/false,a=IDLE,uri=//localhost:8080/__admin/mappings,age=3} parsed true HttpParser{s=CONTENT,0 of 573}
13:18:51.177 [qtp781595164-98] DEBUG org.eclipse.jetty.server.HttpChannel - handle //localhost:8080/__admin/mappings HttpChannelOverHttp@25ca2673{s=HttpChannelState@60c8bcae{s=IDLE rs=BLOCKING os=OPEN is=IDLE awp=false se=false i=true al=0},r=3,c=false/false,a=IDLE,uri=//localhost:8080/__admin/mappings,age=3} 
13:18:51.177 [qtp781595164-98] DEBUG org.eclipse.jetty.server.HttpChannelState - handling HttpChannelState@60c8bcae{s=IDLE rs=BLOCKING os=OPEN is=IDLE awp=false se=false i=true al=0}
13:18:51.177 [qtp781595164-98] DEBUG org.eclipse.jetty.server.HttpChannel - action DISPATCH HttpChannelOverHttp@25ca2673{s=HttpChannelState@60c8bcae{s=HANDLING rs=BLOCKING os=OPEN is=IDLE awp=false se=false i=true al=0},r=3,c=false/false,a=HANDLING,uri=//localhost:8080/__admin/mappings,age=4}
13:18:51.177 [qtp781595164-98] DEBUG org.eclipse.jetty.server.Server - REQUEST POST /__admin/mappings on HttpChannelOverHttp@25ca2673{s=HttpChannelState@60c8bcae{s=HANDLING rs=BLOCKING os=OPEN is=IDLE awp=false se=false i=true al=0},r=3,c=false/false,a=HANDLING,uri=//localhost:8080/__admin/mappings,age=4}
13:18:51.177 [qtp781595164-98] DEBUG org.eclipse.jetty.server.handler.ContextHandler - scope null||/__admin/mappings @ o.e.j.s.ServletContextHandler@365484f9{/__admin,null,AVAILABLE}
13:18:51.178 [qtp781595164-98] DEBUG org.eclipse.jetty.server.handler.ContextHandler - context=/__admin||/mappings @ o.e.j.s.ServletContextHandler@365484f9{/__admin,null,AVAILABLE}
13:18:51.179 [qtp781595164-98] DEBUG org.eclipse.jetty.servlet.ServletHandler - servlet /__admin|/mappings|null -> com.github.tomakehurst.wiremock.servlet.WireMockHandlerDispatchingServlet-521fd64c@8e68ed01==com.github.tomakehurst.wiremock.servlet.WireMockHandlerDispatchingServlet,jsp=null,order=-1,inst=true,async=true
13:18:51.184 [qtp781595164-98] DEBUG org.eclipse.jetty.servlet.ServletHandler - chain=org.eclipse.jetty.servlets.CrossOriginFilter-27a10f7d@27a10f7d==org.eclipse.jetty.servlets.CrossOriginFilter,inst=true,async=true->com.github.tomakehurst.wiremock.servlet.WireMockHandlerDispatchingServlet-521fd64c@8e68ed01==com.github.tomakehurst.wiremock.servlet.WireMockHandlerDispatchingServlet,jsp=null,order=-1,inst=true,async=true
13:18:51.185 [qtp781595164-98] DEBUG org.eclipse.jetty.servlet.ServletHandler - call filter org.eclipse.jetty.servlets.CrossOriginFilter-27a10f7d@27a10f7d==org.eclipse.jetty.servlets.CrossOriginFilter,inst=true,async=true
13:18:51.185 [qtp781595164-98] DEBUG org.eclipse.jetty.servlet.ServletHandler - call servlet com.github.tomakehurst.wiremock.servlet.WireMockHandlerDispatchingServlet-521fd64c@8e68ed01==com.github.tomakehurst.wiremock.servlet.WireMockHandlerDispatchingServlet,jsp=null,order=-1,inst=true,async=true
13:18:51.186 [qtp781595164-98] DEBUG org.eclipse.jetty.server.HttpConnection - HttpConnection@5d2fafe1::NetworkTrafficSocketChannelEndPoint@2f324d03{/127.0.0.1:65021<->/127.0.0.1:8080,OPEN,fill=-,flush=-,to=16/30000}{io=0/0,kio=0,kro=1}->HttpConnection@5d2fafe1[p=HttpParser{s=CONTENT,0 of 573},g=HttpGenerator@5162fbcf{s=START}]=>HttpChannelOverHttp@25ca2673{s=HttpChannelState@60c8bcae{s=HANDLING rs=BLOCKING os=OPEN is=IDLE awp=false se=false i=true al=0},r=3,c=false/false,a=HANDLING,uri=//localhost:8080/__admin/mappings,age=13} parse HeapByteBuffer@40573931[p=195,l=768,c=8192,r=573]={POST /__a....2)\r\n\r\n<<<{\r\n  "id" : "1dfe214b-7bd...ioState" : "Started"\r\n}>>>enarioNam...\x00\x00\x00\x00\x00\x00\x00} {}
13:18:51.186 [qtp781595164-98] DEBUG org.eclipse.jetty.http.HttpParser - parseNext s=CONTENT HeapByteBuffer@40573931[p=195,l=768,c=8192,r=573]={POST /__a....2)\r\n\r\n<<<{\r\n  "id" : "1dfe214b-7bd...ioState" : "Started"\r\n}>>>enarioNam...\x00\x00\x00\x00\x00\x00\x00}
13:18:51.186 [qtp781595164-98] DEBUG org.eclipse.jetty.server.HttpChannel - onContent HttpChannelOverHttp@25ca2673{s=HttpChannelState@60c8bcae{s=HANDLING rs=BLOCKING os=OPEN is=IDLE awp=false se=false i=true al=0},r=3,c=false/false,a=HANDLING,uri=//localhost:8080/__admin/mappings,age=13} Content@655d64f{HeapByteBufferR@690aa1d2[p=195,l=768,c=8192,r=573]={POST /__a....2)\r\n\r\n<<<{\r\n  "id" : "1dfe214b-7bd...ioState" : "Started"\r\n}>>>enarioNam...\x00\x00\x00\x00\x00\x00\x00}}
13:18:51.186 [qtp781595164-98] DEBUG org.eclipse.jetty.server.HttpInput - HttpInputOverHTTP@764afb05[c=0,q=0,[0]=null,s=STREAM] addContent Content@655d64f{HeapByteBufferR@690aa1d2[p=195,l=768,c=8192,r=573]={POST /__a....2)\r\n\r\n<<<{\r\n  "id" : "1dfe214b-7bd...ioState" : "Started"\r\n}>>>enarioNam...\x00\x00\x00\x00\x00\x00\x00}}
13:18:51.187 [qtp781595164-98] DEBUG org.eclipse.jetty.http.HttpParser - CONTENT --> CONTENT_END
13:18:51.187 [qtp781595164-98] DEBUG org.eclipse.jetty.server.HttpChannel - onContentComplete HttpChannelOverHttp@25ca2673{s=HttpChannelState@60c8bcae{s=HANDLING rs=BLOCKING os=OPEN is=IDLE awp=false se=false i=true al=0},r=3,c=false/false,a=HANDLING,uri=//localhost:8080/__admin/mappings,age=14}
13:18:51.187 [qtp781595164-98] DEBUG org.eclipse.jetty.http.HttpParser - CONTENT_END --> END
13:18:51.187 [qtp781595164-98] DEBUG org.eclipse.jetty.server.HttpChannel - onRequestComplete HttpChannelOverHttp@25ca2673{s=HttpChannelState@60c8bcae{s=HANDLING rs=BLOCKING os=OPEN is=IDLE awp=false se=false i=true al=0},r=3,c=false/false,a=HANDLING,uri=//localhost:8080/__admin/mappings,age=14}
13:18:51.187 [qtp781595164-98] DEBUG org.eclipse.jetty.server.HttpInput - HttpInputOverHTTP@764afb05[c=0,q=1,[0]=EOF,s=STREAM] addContent EOF
13:18:51.188 [qtp781595164-98] DEBUG org.eclipse.jetty.server.HttpConnection - HttpConnection@5d2fafe1::NetworkTrafficSocketChannelEndPoint@2f324d03{/127.0.0.1:65021<->/127.0.0.1:8080,OPEN,fill=-,flush=-,to=18/30000}{io=0/0,kio=0,kro=1}->HttpConnection@5d2fafe1[p=HttpParser{s=END,573 of 573},g=HttpGenerator@5162fbcf{s=START}]=>HttpChannelOverHttp@25ca2673{s=HttpChannelState@60c8bcae{s=HANDLING rs=BLOCKING os=OPEN is=IDLE awp=false se=false i=true al=0},r=3,c=false/false,a=HANDLING,uri=//localhost:8080/__admin/mappings,age=15} parsed false HttpParser{s=END,573 of 573}
13:18:51.188 [qtp781595164-98] DEBUG org.eclipse.jetty.server.HttpInput - HttpInputOverHTTP@764afb05[c=573,q=1,[0]=EOF,s=STREAM] read 573 from Content@655d64f{HeapByteBufferR@690aa1d2[p=768,l=768,c=8192,r=0]={POST /__a...ted"\r\n}<<<>>>enarioNam...\x00\x00\x00\x00\x00\x00\x00}}
13:18:51.232 [qtp781595164-98] DEBUG org.eclipse.jetty.server.HttpConnection - releaseRequestBuffer HttpConnection@5d2fafe1::NetworkTrafficSocketChannelEndPoint@2f324d03{/127.0.0.1:65021<->/127.0.0.1:8080,OPEN,fill=-,flush=-,to=62/30000}{io=0/0,kio=0,kro=1}->HttpConnection@5d2fafe1[p=HttpParser{s=END,573 of 573},g=HttpGenerator@5162fbcf{s=START}]=>HttpChannelOverHttp@25ca2673{s=HttpChannelState@60c8bcae{s=HANDLING rs=BLOCKING os=OPEN is=IDLE awp=false se=false i=true al=0},r=3,c=false/false,a=HANDLING,uri=//localhost:8080/__admin/mappings,age=59}
13:18:51.232 [qtp781595164-98] DEBUG org.eclipse.jetty.server.HttpChannelState - onEof HttpChannelState@60c8bcae{s=HANDLING rs=BLOCKING os=OPEN is=IDLE awp=false se=false i=true al=0}
13:18:51.238 [qtp781595164-98] DEBUG org.eclipse.jetty.server.HttpOutput - write(array HeapByteBuffer@24905e6f[p=0,l=573,c=8192,r=573]={<<<{\r\n  "id" : "1dfe214b-7bd...ioState" : "Started"\r\n}>>>\x00\x00\x00\x00\x00\x00\x00\x00\x00...\x00\x00\x00\x00\x00\x00\x00})
13:18:51.238 [qtp781595164-98] DEBUG org.eclipse.jetty.server.HttpOutput - write(array) s=OPEN,api=BLOCKING,sc=false,e=null aggregated !flush DirectByteBuffer@15e1a245[p=0,l=573,c=32768,r=573]={<<<{\r\n  "id" : "1dfe214b-7bd...ioState" : "Started"\r\n}>>>enarioNam...\x00\x00\x00\x00\x00\x00\x00}
13:18:51.238 [qtp781595164-98] DEBUG org.eclipse.jetty.server.HttpChannel - sendResponse info=null content=DirectByteBuffer@15e1a245[p=0,l=573,c=32768,r=573]={<<<{\r\n  "id" : "1dfe214b-7bd...ioState" : "Started"\r\n}>>>enarioNam...\x00\x00\x00\x00\x00\x00\x00} complete=false committing=true callback=Blocker@6bccb114{null}
13:18:51.238 [qtp781595164-98] DEBUG org.eclipse.jetty.server.HttpChannel - COMMIT for /__admin/mappings on HttpChannelOverHttp@25ca2673{s=HttpChannelState@60c8bcae{s=HANDLING rs=BLOCKING os=COMMITTED is=READY awp=false se=false i=true al=0},r=3,c=false/false,a=HANDLING,uri=//localhost:8080/__admin/mappings,age=65}
201 null HTTP/1.1
Content-Type: application/json


13:18:51.238 [qtp781595164-98] DEBUG org.eclipse.jetty.server.HttpConnection - generate: NEED_HEADER for org.eclipse.jetty.server.HttpConnection$SendCallback@2e0883ca[PROCESSING][i=HTTP/1.1{s=201,h=1,cl=-1},cb=org.eclipse.jetty.server.HttpChannel$SendCallback@c5f031c] (null,[p=0,l=573,c=32768,r=573],false)@START
13:18:51.238 [qtp781595164-98] DEBUG org.eclipse.jetty.http.HttpGenerator - generateHeaders HTTP/1.1{s=201,h=1,cl=-1} last=false content=DirectByteBuffer@15e1a245[p=0,l=573,c=32768,r=573]={<<<{\r\n  "id" : "1dfe214b-7bd...ioState" : "Started"\r\n}>>>enarioNam...\x00\x00\x00\x00\x00\x00\x00}
13:18:51.238 [qtp781595164-98] DEBUG org.eclipse.jetty.http.HttpGenerator - Content-Type: application/json


13:18:51.238 [qtp781595164-98] DEBUG org.eclipse.jetty.http.HttpGenerator - CHUNKED_CONTENT
13:18:51.238 [qtp781595164-98] DEBUG org.eclipse.jetty.server.HttpConnection - generate: FLUSH for org.eclipse.jetty.server.HttpConnection$SendCallback@2e0883ca[PROCESSING][i=HTTP/1.1{s=201,h=1,cl=-1},cb=org.eclipse.jetty.server.HttpChannel$SendCallback@c5f031c] ([p=0,l=122,c=8192,r=122],[p=0,l=573,c=32768,r=573],false)@COMMITTED
13:18:51.238 [qtp781595164-98] DEBUG org.eclipse.jetty.io.WriteFlusher - write: WriteFlusher@3c7085e7{IDLE}->null [HeapByteBuffer@40573931[p=0,l=122,c=8192,r=122]={<<<HTTP/1.1 201 Created\r\nCon....28.v20200408)\r\n\r\n23D\r\n>>>ction: Ke...\x00\x00\x00\x00\x00\x00\x00},DirectByteBuffer@15e1a245[p=0,l=573,c=32768,r=573]={<<<{\r\n  "id" : "1dfe214b-7bd...ioState" : "Started"\r\n}>>>enarioNam...\x00\x00\x00\x00\x00\x00\x00}]
13:18:51.239 [qtp781595164-98] DEBUG org.eclipse.jetty.io.WriteFlusher - update WriteFlusher@3c7085e7{WRITING}->null:IDLE-->WRITING
13:18:51.239 [Test worker] DEBUG org.apache.http.wire - http-outgoing-5 << "HTTP/1.1 201 Created[\r][\n]"
13:18:51.239 [Test worker] DEBUG org.apache.http.wire - http-outgoing-5 << "Content-Type: application/json[\r][\n]"
13:18:51.239 [Test worker] DEBUG org.apache.http.wire - http-outgoing-5 << "Transfer-Encoding: chunked[\r][\n]"
13:18:51.239 [Test worker] DEBUG org.apache.http.wire - http-outgoing-5 << "Server: Jetty(9.4.28.v20200408)[\r][\n]"
13:18:51.239 [Test worker] DEBUG org.apache.http.wire - http-outgoing-5 << "[\r][\n]"
13:18:51.239 [Test worker] DEBUG org.apache.http.wire - http-outgoing-5 << "23D[\r][\n]"
13:18:51.239 [qtp781595164-98] DEBUG org.eclipse.jetty.io.ChannelEndPoint - flushed 122 NetworkTrafficSocketChannelEndPoint@2f324d03{/127.0.0.1:65021<->/127.0.0.1:8080,OPEN,fill=-,flush=W,to=69/30000}{io=0/0,kio=0,kro=1}->HttpConnection@5d2fafe1[p=HttpParser{s=END,573 of 573},g=HttpGenerator@5162fbcf{s=COMMITTED}]=>HttpChannelOverHttp@25ca2673{s=HttpChannelState@60c8bcae{s=HANDLING rs=BLOCKING os=COMMITTED is=READY awp=false se=false i=true al=0},r=3,c=false/false,a=HANDLING,uri=//localhost:8080/__admin/mappings,age=66}
13:18:51.239 [Test worker] DEBUG org.apache.http.headers - http-outgoing-5 << HTTP/1.1 201 Created
13:18:51.239 [Test worker] DEBUG org.apache.http.headers - http-outgoing-5 << Content-Type: application/json
13:18:51.239 [Test worker] DEBUG org.apache.http.headers - http-outgoing-5 << Transfer-Encoding: chunked
13:18:51.239 [Test worker] DEBUG org.apache.http.headers - http-outgoing-5 << Server: Jetty(9.4.28.v20200408)
13:18:51.239 [Test worker] DEBUG org.apache.http.impl.execchain.MainClientExec - Connection can be kept alive indefinitely
13:18:51.239 [qtp781595164-98] DEBUG org.eclipse.jetty.io.ChannelEndPoint - flushed 573 NetworkTrafficSocketChannelEndPoint@2f324d03{/127.0.0.1:65021<->/127.0.0.1:8080,OPEN,fill=-,flush=W,to=0/30000}{io=0/0,kio=0,kro=1}->HttpConnection@5d2fafe1[p=HttpParser{s=END,573 of 573},g=HttpGenerator@5162fbcf{s=COMMITTED}]=>HttpChannelOverHttp@25ca2673{s=HttpChannelState@60c8bcae{s=HANDLING rs=BLOCKING os=COMMITTED is=READY awp=false se=false i=true al=0},r=3,c=false/false,a=HANDLING,uri=//localhost:8080/__admin/mappings,age=66}
13:18:51.239 [qtp781595164-98] DEBUG org.eclipse.jetty.io.WriteFlusher - Flushed=true written=695 remaining=0 WriteFlusher@3c7085e7{WRITING}->null
13:18:51.239 [qtp781595164-98] DEBUG org.eclipse.jetty.io.WriteFlusher - update WriteFlusher@3c7085e7{IDLE}->null:WRITING-->IDLE
13:18:51.239 [Test worker] DEBUG org.apache.http.wire - http-outgoing-5 << "{[\r][\n]"
13:18:51.239 [Test worker] DEBUG org.apache.http.wire - http-outgoing-5 << "  "id" : "1dfe214b-7bd0-49f9-890b-0a8602ff6c74",[\r][\n]"
13:18:51.239 [Test worker] DEBUG org.apache.http.wire - http-outgoing-5 << "  "request" : {[\r][\n]"
13:18:51.239 [Test worker] DEBUG org.apache.http.wire - http-outgoing-5 << "    "url" : "/api/v0/components/products/e929c1aa-d653-439a-9656-04a204a47597/environments",[\r][\n]"
13:18:51.239 [Test worker] DEBUG org.apache.http.wire - http-outgoing-5 << "    "method" : "GET",[\r][\n]"
13:18:51.239 [Test worker] DEBUG org.apache.http.wire - http-outgoing-5 << "    "headers" : {[\r][\n]"
13:18:51.239 [Test worker] DEBUG org.apache.http.wire - http-outgoing-5 << "      "Authorization" : {[\r][\n]"
13:18:51.240 [Test worker] DEBUG org.apache.http.wire - http-outgoing-5 << "        "equalTo" : "Bearer someToken"[\r][\n]"
13:18:51.240 [Test worker] DEBUG org.apache.http.wire - http-outgoing-5 << "      }[\r][\n]"
13:18:51.240 [Test worker] DEBUG org.apache.http.wire - http-outgoing-5 << "    }[\r][\n]"
13:18:51.240 [Test worker] DEBUG org.apache.http.wire - http-outgoing-5 << "  },[\r][\n]"
13:18:51.240 [Test worker] DEBUG org.apache.http.wire - http-outgoing-5 << "  "response" : {[\r][\n]"
13:18:51.240 [Test worker] DEBUG org.apache.http.wire - http-outgoing-5 << "    "status" : 200,[\r][\n]"
13:18:51.240 [Test worker] DEBUG org.apache.http.wire - http-outgoing-5 << "    "body" : "[\"DEV\",\"PROD\"]",[\r][\n]"
13:18:51.240 [Test worker] DEBUG org.apache.http.wire - http-outgoing-5 << "    "headers" : {[\r][\n]"
13:18:51.240 [Test worker] DEBUG org.apache.http.wire - http-outgoing-5 << "      "Content-Type" : "application/json"[\r][\n]"
13:18:51.240 [Test worker] DEBUG org.apache.http.wire - http-outgoing-5 << "    }[\r][\n]"
13:18:51.240 [Test worker] DEBUG org.apache.http.wire - http-outgoing-5 << "  },[\r][\n]"
13:18:51.240 [Test worker] DEBUG org.apache.http.wire - http-outgoing-5 << "  "uuid" : "1dfe214b-7bd0-49f9-890b-0a8602ff6c74",[\r][\n]"
13:18:51.240 [Test worker] DEBUG org.apache.http.wire - http-outgoing-5 << "  "scenarioName" : "unAuthorized",[\r][\n]"
13:18:51.240 [Test worker] DEBUG org.apache.http.wire - http-outgoing-5 << "  "requiredScenarioState" : "Started"[\r][\n]"
13:18:51.240 [Test worker] DEBUG org.apache.http.wire - http-outgoing-5 << "}"
13:18:51.240 [qtp781595164-98] DEBUG org.eclipse.jetty.server.HttpConnection - generate: DONE for org.eclipse.jetty.server.HttpConnection$SendCallback@2e0883ca[PROCESSING][i=HTTP/1.1{s=201,h=1,cl=-1},cb=org.eclipse.jetty.server.HttpChannel$SendCallback@c5f031c] ([p=122,l=122,c=8192,r=0],[p=573,l=573,c=32768,r=0],false)@COMMITTED
13:18:51.240 [qtp781595164-98] DEBUG org.eclipse.jetty.server.HttpOutput - onWriteComplete(false,null) s=OPEN,api=BLOCKED,sc=false,e=null->s=OPEN,api=BLOCKING,sc=false,e=null c=null cb=null w=false
13:18:51.240 [qtp781595164-98] DEBUG org.eclipse.jetty.server.HttpOutput - close() s=CLOSING,api=BLOCKED,sc=false,e=null c=HeapByteBuffer@137d328[p=0,l=0,c=0,r=0]={<<<>>>} b=Blocker@6bccb114{null}
13:18:51.240 [qtp781595164-98] DEBUG org.eclipse.jetty.server.HttpChannel - sendResponse info=null content=HeapByteBuffer@137d328[p=0,l=0,c=0,r=0]={<<<>>>} complete=true committing=false callback=Blocker@6bccb114{null}
13:18:51.240 [qtp781595164-98] DEBUG org.eclipse.jetty.server.HttpConnection - generate: CONTINUE for org.eclipse.jetty.server.HttpConnection$SendCallback@2e0883ca[PROCESSING][i=null,cb=org.eclipse.jetty.server.HttpChannel$SendCallback@30e72774] (null,[p=0,l=0,c=0,r=0],true)@COMPLETING
13:18:51.240 [qtp781595164-98] DEBUG org.eclipse.jetty.server.HttpConnection - generate: NEED_CHUNK for org.eclipse.jetty.server.HttpConnection$SendCallback@2e0883ca[PROCESSING][i=null,cb=org.eclipse.jetty.server.HttpChannel$SendCallback@30e72774] (null,[p=0,l=0,c=0,r=0],true)@COMPLETING
13:18:51.240 [qtp781595164-98] DEBUG org.eclipse.jetty.server.HttpConnection - generate: FLUSH for org.eclipse.jetty.server.HttpConnection$SendCallback@2e0883ca[PROCESSING][i=null,cb=org.eclipse.jetty.server.HttpChannel$SendCallback@30e72774] (null,[p=0,l=0,c=0,r=0],true)@COMPLETING
13:18:51.240 [qtp781595164-98] DEBUG org.eclipse.jetty.io.WriteFlusher - write: WriteFlusher@3c7085e7{IDLE}->null [HeapByteBuffer@58461432[p=0,l=7,c=1024,r=7]={<<<\r\n0\r\n\r\n>>>\x00\x00\x00\x00\x00\x00\x00\x00\x00...\x00\x00\x00\x00\x00\x00\x00}]
13:18:51.240 [qtp781595164-98] DEBUG org.eclipse.jetty.io.WriteFlusher - update WriteFlusher@3c7085e7{WRITING}->null:IDLE-->WRITING
13:18:51.240 [Test worker] DEBUG org.apache.http.wire - http-outgoing-5 << "[\r][\n]"
13:18:51.240 [Test worker] DEBUG org.apache.http.wire - http-outgoing-5 << "0[\r][\n]"
13:18:51.240 [Test worker] DEBUG org.apache.http.wire - http-outgoing-5 << "[\r][\n]"
13:18:51.240 [qtp781595164-98] DEBUG org.eclipse.jetty.io.ChannelEndPoint - flushed 7 NetworkTrafficSocketChannelEndPoint@2f324d03{/127.0.0.1:65021<->/127.0.0.1:8080,OPEN,fill=-,flush=W,to=1/30000}{io=0/0,kio=0,kro=1}->HttpConnection@5d2fafe1[p=HttpParser{s=END,573 of 573},g=HttpGenerator@5162fbcf{s=COMPLETING}]=>HttpChannelOverHttp@25ca2673{s=HttpChannelState@60c8bcae{s=HANDLING rs=BLOCKING os=COMMITTED is=READY awp=false se=false i=true al=0},r=3,c=false/false,a=HANDLING,uri=//localhost:8080/__admin/mappings,age=67}
13:18:51.240 [Test worker] DEBUG org.apache.http.impl.conn.PoolingHttpClientConnectionManager - Connection [id: 5][route: {}->http://localhost:8080] can be kept alive indefinitely
13:18:51.240 [Test worker] DEBUG org.apache.http.impl.conn.DefaultManagedHttpClientConnection - http-outgoing-5: set socket timeout to 0
13:18:51.241 [Test worker] DEBUG org.apache.http.impl.conn.PoolingHttpClientConnectionManager - Connection released: [id: 5][route: {}->http://localhost:8080][total available: 1; route allocated: 1 of 5; total allocated: 1 of 50]
13:18:51.241 [qtp781595164-98] DEBUG org.eclipse.jetty.io.WriteFlusher - Flushed=true written=7 remaining=0 WriteFlusher@3c7085e7{WRITING}->null
13:18:51.241 [qtp781595164-98] DEBUG org.eclipse.jetty.io.WriteFlusher - update WriteFlusher@3c7085e7{IDLE}->null:WRITING-->IDLE
13:18:51.241 [qtp781595164-98] DEBUG org.eclipse.jetty.server.HttpConnection - generate: DONE for org.eclipse.jetty.server.HttpConnection$SendCallback@2e0883ca[PROCESSING][i=null,cb=org.eclipse.jetty.server.HttpChannel$SendCallback@30e72774] (null,[p=0,l=0,c=0,r=0],true)@END
13:18:51.241 [qtp781595164-98] DEBUG org.eclipse.jetty.server.HttpOutput - onWriteComplete(true,null) s=CLOSING,api=BLOCKED,sc=false,e=null->s=CLOSED,api=BLOCKING,sc=false,e=null c=null cb=null w=false
13:18:51.241 [qtp781595164-98] DEBUG org.eclipse.jetty.server.handler.gzip.GzipHandler - GzipHandler@27e005aa{STARTED,min=32,inflate=-1} handle Request[POST //localhost:8080/__admin/mappings]@23637131 in null
13:18:51.241 [qtp781595164-98] DEBUG org.eclipse.jetty.server.handler.ContextHandler - scope null||/__admin/mappings @ o.e.j.s.ServletContextHandler@6693b5e0{/,null,AVAILABLE}
13:18:51.241 [qtp781595164-98] DEBUG org.eclipse.jetty.server.Server - handled=true async=false committed=true on HttpChannelOverHttp@25ca2673{s=HttpChannelState@60c8bcae{s=HANDLING rs=BLOCKING os=COMPLETED is=READY awp=false se=false i=true al=0},r=3,c=false/true,a=HANDLING,uri=//localhost:8080/__admin/mappings,age=68}
13:18:51.241 [qtp781595164-98] DEBUG org.eclipse.jetty.server.HttpChannelState - unhandle HttpChannelState@60c8bcae{s=HANDLING rs=BLOCKING os=COMPLETED is=READY awp=false se=false i=true al=0}
13:18:51.241 [qtp781595164-98] DEBUG org.eclipse.jetty.server.HttpChannelState - nextAction(false) COMPLETE HttpChannelState@60c8bcae{s=HANDLING rs=COMPLETING os=COMPLETED is=READY awp=false se=false i=false al=0}
13:18:51.241 [qtp781595164-98] DEBUG org.eclipse.jetty.server.HttpChannel - action COMPLETE HttpChannelOverHttp@25ca2673{s=HttpChannelState@60c8bcae{s=HANDLING rs=COMPLETING os=COMPLETED is=READY awp=false se=false i=false al=0},r=3,c=false/true,a=HANDLING,uri=//localhost:8080/__admin/mappings,age=68}
13:18:51.242 [qtp781595164-98] DEBUG org.eclipse.jetty.server.HttpOutput - complete(org.eclipse.jetty.util.Callback$4@566a2f3b) s=CLOSED,api=BLOCKING,sc=false,e=null s=true e=null, c=null
13:18:51.242 [qtp781595164-98] DEBUG org.eclipse.jetty.server.HttpChannelState - completed HttpChannelState@60c8bcae{s=HANDLING rs=COMPLETING os=COMPLETED is=READY awp=false se=false i=false al=0}
13:18:51.242 [qtp781595164-98] DEBUG org.eclipse.jetty.server.HttpChannelState - unhandle HttpChannelState@60c8bcae{s=HANDLING rs=COMPLETED os=COMPLETED is=READY awp=false se=false i=false al=0}
13:18:51.242 [qtp781595164-98] DEBUG org.eclipse.jetty.server.HttpChannelState - nextAction(false) TERMINATED HttpChannelState@60c8bcae{s=IDLE rs=COMPLETED os=COMPLETED is=READY awp=false se=false i=false al=0}
13:18:51.242 [qtp781595164-98] DEBUG org.eclipse.jetty.server.HttpChannel - action TERMINATED HttpChannelOverHttp@25ca2673{s=HttpChannelState@60c8bcae{s=IDLE rs=COMPLETED os=COMPLETED is=READY awp=false se=false i=false al=0},r=3,c=true/true,a=IDLE,uri=//localhost:8080/__admin/mappings,age=69}
13:18:51.242 [qtp781595164-98] DEBUG org.eclipse.jetty.server.HttpChannel - onCompleted for /__admin/mappings written=573
13:18:51.242 [qtp781595164-98] DEBUG org.eclipse.jetty.server.HttpChannelState - recycle HttpChannelState@60c8bcae{s=IDLE rs=COMPLETED os=COMPLETED is=READY awp=false se=false i=false al=0}
13:18:51.242 [qtp781595164-98] DEBUG org.eclipse.jetty.http.HttpParser - reset HttpParser{s=END,573 of 573}
13:18:51.242 [qtp781595164-98] DEBUG org.eclipse.jetty.http.HttpParser - END --> START
13:18:51.242 [qtp781595164-98] DEBUG org.eclipse.jetty.server.HttpChannel - !handle TERMINATED HttpChannelOverHttp@25ca2673{s=HttpChannelState@60c8bcae{s=IDLE rs=BLOCKING os=OPEN is=IDLE awp=false se=false i=true al=0},r=3,c=false/false,a=IDLE,uri=null,age=0}
13:18:51.242 [qtp781595164-98] DEBUG org.eclipse.jetty.io.ChannelEndPoint - filled 0 HeapByteBuffer@40573931[p=0,l=0,c=8192,r=0]={<<<>>>HTTP/1.1 ...\x00\x00\x00\x00\x00\x00\x00}
13:18:51.242 [qtp781595164-98] DEBUG org.eclipse.jetty.io.ChannelEndPoint - filled 0 HeapByteBuffer@40573931[p=0,l=0,c=8192,r=0]={<<<>>>HTTP/1.1 ...\x00\x00\x00\x00\x00\x00\x00}
13:18:51.242 [qtp781595164-98] DEBUG org.eclipse.jetty.server.HttpConnection - HttpConnection@5d2fafe1::NetworkTrafficSocketChannelEndPoint@2f324d03{/127.0.0.1:65021<->/127.0.0.1:8080,OPEN,fill=-,flush=-,to=1/30000}{io=0/0,kio=0,kro=1}->HttpConnection@5d2fafe1[p=HttpParser{s=START,0 of -1},g=HttpGenerator@5162fbcf{s=START}]=>HttpChannelOverHttp@25ca2673{s=HttpChannelState@60c8bcae{s=IDLE rs=BLOCKING os=OPEN is=IDLE awp=false se=false i=true al=0},r=3,c=false/false,a=IDLE,uri=null,age=0} filled 0 HeapByteBuffer@40573931[p=0,l=0,c=8192,r=0]={<<<>>>HTTP/1.1 ...\x00\x00\x00\x00\x00\x00\x00}
13:18:51.242 [qtp781595164-98] DEBUG org.eclipse.jetty.server.HttpConnection - HttpConnection@5d2fafe1::NetworkTrafficSocketChannelEndPoint@2f324d03{/127.0.0.1:65021<->/127.0.0.1:8080,OPEN,fill=-,flush=-,to=1/30000}{io=0/0,kio=0,kro=1}->HttpConnection@5d2fafe1[p=HttpParser{s=START,0 of -1},g=HttpGenerator@5162fbcf{s=START}]=>HttpChannelOverHttp@25ca2673{s=HttpChannelState@60c8bcae{s=IDLE rs=BLOCKING os=OPEN is=IDLE awp=false se=false i=true al=0},r=3,c=false/false,a=IDLE,uri=null,age=0} parse HeapByteBuffer@40573931[p=0,l=0,c=8192,r=0]={<<<>>>HTTP/1.1 ...\x00\x00\x00\x00\x00\x00\x00} {}
13:18:51.242 [qtp781595164-98] DEBUG org.eclipse.jetty.http.HttpParser - parseNext s=START HeapByteBuffer@40573931[p=0,l=0,c=8192,r=0]={<<<>>>HTTP/1.1 ...\x00\x00\x00\x00\x00\x00\x00}
13:18:51.242 [qtp781595164-98] DEBUG org.eclipse.jetty.server.HttpConnection - HttpConnection@5d2fafe1::NetworkTrafficSocketChannelEndPoint@2f324d03{/127.0.0.1:65021<->/127.0.0.1:8080,OPEN,fill=-,flush=-,to=1/30000}{io=0/0,kio=0,kro=1}->HttpConnection@5d2fafe1[p=HttpParser{s=START,0 of -1},g=HttpGenerator@5162fbcf{s=START}]=>HttpChannelOverHttp@25ca2673{s=HttpChannelState@60c8bcae{s=IDLE rs=BLOCKING os=OPEN is=IDLE awp=false se=false i=true al=0},r=3,c=false/false,a=IDLE,uri=null,age=0} parsed false HttpParser{s=START,0 of -1}
13:18:51.242 [qtp781595164-98] DEBUG org.eclipse.jetty.server.HttpConnection - releaseRequestBuffer HttpConnection@5d2fafe1::NetworkTrafficSocketChannelEndPoint@2f324d03{/127.0.0.1:65021<->/127.0.0.1:8080,OPEN,fill=-,flush=-,to=1/30000}{io=0/0,kio=0,kro=1}->HttpConnection@5d2fafe1[p=HttpParser{s=START,0 of -1},g=HttpGenerator@5162fbcf{s=START}]=>HttpChannelOverHttp@25ca2673{s=HttpChannelState@60c8bcae{s=IDLE rs=BLOCKING os=OPEN is=IDLE awp=false se=false i=true al=0},r=3,c=false/false,a=IDLE,uri=null,age=0}
13:18:51.243 [qtp781595164-98] DEBUG org.eclipse.jetty.io.AbstractConnection - fillInterested HttpConnection@5d2fafe1::NetworkTrafficSocketChannelEndPoint@2f324d03{/127.0.0.1:65021<->/127.0.0.1:8080,OPEN,fill=-,flush=-,to=1/30000}{io=0/0,kio=0,kro=1}->HttpConnection@5d2fafe1[p=HttpParser{s=START,0 of -1},g=HttpGenerator@5162fbcf{s=START}]=>HttpChannelOverHttp@25ca2673{s=HttpChannelState@60c8bcae{s=IDLE rs=BLOCKING os=OPEN is=IDLE awp=false se=false i=true al=0},r=3,c=false/false,a=IDLE,uri=null,age=0}
13:18:51.243 [qtp781595164-98] DEBUG org.eclipse.jetty.io.FillInterest - interested FillInterest@256fb62e{AC.ReadCB@5d2fafe1{HttpConnection@5d2fafe1::NetworkTrafficSocketChannelEndPoint@2f324d03{/127.0.0.1:65021<->/127.0.0.1:8080,OPEN,fill=FI,flush=-,to=0/30000}{io=0/0,kio=0,kro=1}->HttpConnection@5d2fafe1[p=HttpParser{s=START,0 of -1},g=HttpGenerator@5162fbcf{s=START}]=>HttpChannelOverHttp@25ca2673{s=HttpChannelState@60c8bcae{s=IDLE rs=BLOCKING os=OPEN is=IDLE awp=false se=false i=true al=0},r=3,c=false/false,a=IDLE,uri=null,age=0}}}
13:18:51.243 [qtp781595164-98] DEBUG org.eclipse.jetty.io.ChannelEndPoint - changeInterests p=false 0->1 for NetworkTrafficSocketChannelEndPoint@2f324d03{/127.0.0.1:65021<->/127.0.0.1:8080,OPEN,fill=FI,flush=-,to=0/30000}{io=0/1,kio=0,kro=1}->HttpConnection@5d2fafe1[p=HttpParser{s=START,0 of -1},g=HttpGenerator@5162fbcf{s=START}]=>HttpChannelOverHttp@25ca2673{s=HttpChannelState@60c8bcae{s=IDLE rs=BLOCKING os=OPEN is=IDLE awp=false se=false i=true al=0},r=3,c=false/false,a=IDLE,uri=null,age=0}
13:18:51.243 [qtp781595164-98] DEBUG org.eclipse.jetty.io.ManagedSelector - Queued change org.eclipse.jetty.io.ChannelEndPoint$1@e743e1 on ManagedSelector@1d4f6942{STARTED} id=1 keys=1 selected=0 updates=0
13:18:51.243 [qtp781595164-98] DEBUG org.eclipse.jetty.io.ManagedSelector - Wakeup on submit ManagedSelector@1d4f6942{STARTED} id=1 keys=1 selected=0 updates=1
13:18:51.243 [qtp781595164-93] DEBUG org.eclipse.jetty.io.ManagedSelector - Selector sun.nio.ch.WindowsSelectorImpl@146bda14 woken with none selected
13:18:51.243 [qtp781595164-93] DEBUG org.eclipse.jetty.io.ManagedSelector - Selector sun.nio.ch.WindowsSelectorImpl@146bda14 woken up from select, 0/0/1 selected
13:18:51.243 [qtp781595164-93] DEBUG org.eclipse.jetty.io.ManagedSelector - Selector sun.nio.ch.WindowsSelectorImpl@146bda14 processing 0 keys, 1 updates
13:18:51.243 [qtp781595164-93] DEBUG org.eclipse.jetty.io.ManagedSelector - updateable 1
13:18:51.243 [qtp781595164-93] DEBUG org.eclipse.jetty.io.ManagedSelector - update org.eclipse.jetty.io.ChannelEndPoint$1@e743e1
13:18:51.243 [qtp781595164-93] DEBUG org.eclipse.jetty.io.ChannelEndPoint - Key interests updated 0 -> 1 on NetworkTrafficSocketChannelEndPoint@2f324d03{/127.0.0.1:65021<->/127.0.0.1:8080,OPEN,fill=FI,flush=-,to=0/30000}{io=1/1,kio=1,kro=1}->HttpConnection@5d2fafe1[p=HttpParser{s=START,0 of -1},g=HttpGenerator@5162fbcf{s=START}]=>HttpChannelOverHttp@25ca2673{s=HttpChannelState@60c8bcae{s=IDLE rs=BLOCKING os=OPEN is=IDLE awp=false se=false i=true al=0},r=3,c=false/false,a=IDLE,uri=null,age=0}
13:18:51.243 [qtp781595164-93] DEBUG org.eclipse.jetty.io.ManagedSelector - updates 0
13:18:51.243 [qtp781595164-93] DEBUG org.eclipse.jetty.io.ManagedSelector - Selector sun.nio.ch.WindowsSelectorImpl@146bda14 waiting with 1 keys
13:18:51.243 [qtp781595164-98] DEBUG org.eclipse.jetty.server.HttpConnection - HttpConnection@5d2fafe1::NetworkTrafficSocketChannelEndPoint@2f324d03{/127.0.0.1:65021<->/127.0.0.1:8080,OPEN,fill=FI,flush=-,to=0/30000}{io=1/1,kio=1,kro=1}->HttpConnection@5d2fafe1[p=HttpParser{s=START,0 of -1},g=HttpGenerator@5162fbcf{s=START}]=>HttpChannelOverHttp@25ca2673{s=HttpChannelState@60c8bcae{s=IDLE rs=BLOCKING os=OPEN is=IDLE awp=false se=false i=true al=0},r=3,c=false/false,a=IDLE,uri=null,age=0} onFillable exit HttpChannelState@60c8bcae{s=IDLE rs=BLOCKING os=OPEN is=IDLE awp=false se=false i=true al=0} null
13:18:51.244 [qtp781595164-98] DEBUG org.eclipse.jetty.util.thread.QueuedThreadPool - ran CEP:NetworkTrafficSocketChannelEndPoint@2f324d03{/127.0.0.1:65021<->/127.0.0.1:8080,OPEN,fill=FI,flush=-,to=0/30000}{io=1/1,kio=1,kro=1}->HttpConnection@5d2fafe1[p=HttpParser{s=START,0 of -1},g=HttpGenerator@5162fbcf{s=START}]=>HttpChannelOverHttp@25ca2673{s=HttpChannelState@60c8bcae{s=IDLE rs=BLOCKING os=OPEN is=IDLE awp=false se=false i=true al=0},r=3,c=false/false,a=IDLE,uri=null,age=0}:runFillable:BLOCKING in QueuedThreadPool[qtp781595164]@2e96321c{STARTED,8<=8<=14,i=1,r=1,q=0}[ReservedThreadExecutor@5e1e7972{s=1/1,p=0}]
13:18:51.246 [Test worker] DEBUG org.springframework.web.reactive.function.client.ExchangeFunctions - [54a0b96a] HTTP GET http://localhost:8080/api/v0/components/products/e929c1aa-d653-439a-9656-04a204a47597/environments
13:18:51.248 [reactor-http-nio-2] DEBUG reactor.netty.resources.PooledConnectionProvider - [id: 0xd4142ed4] Created a new pooled channel, now 1 active connections and 0 inactive connections
13:18:51.249 [reactor-http-nio-2] DEBUG reactor.netty.channel.BootstrapHandlers - [id: 0xd4142ed4] Initialized pipeline DefaultChannelPipeline{(BootstrapHandlers$BootstrapInitializerHandler#0 = reactor.netty.channel.BootstrapHandlers$BootstrapInitializerHandler), (PooledConnectionProvider$PooledConnectionAllocator$PooledConnectionInitializer#0 = reactor.netty.resources.PooledConnectionProvider$PooledConnectionAllocator$PooledConnectionInitializer), (reactor.left.httpCodec = io.netty.handler.codec.http.HttpClientCodec), (reactor.right.reactiveBridge = reactor.netty.channel.ChannelOperationsHandler)}
13:18:51.251 [reactor-http-nio-2] DEBUG reactor.netty.resources.PooledConnectionProvider - [id: 0xd4142ed4, L:/127.0.0.1:65022 - R:localhost/127.0.0.1:8080] Registering pool release on close event for channel
13:18:51.251 [reactor-http-nio-2] DEBUG reactor.netty.resources.PooledConnectionProvider - [id: 0xd4142ed4, L:/127.0.0.1:65022 - R:localhost/127.0.0.1:8080] Channel connected, now 1 active connections and 0 inactive connections
13:18:51.251 [reactor-http-nio-2] DEBUG reactor.netty.resources.PooledConnectionProvider - [id: 0xd4142ed4, L:/127.0.0.1:65022 - R:localhost/127.0.0.1:8080] onStateChange(PooledConnection{channel=[id: 0xd4142ed4, L:/127.0.0.1:65022 - R:localhost/127.0.0.1:8080]}, [connected])
13:18:51.251 [reactor-http-nio-2] DEBUG reactor.netty.resources.PooledConnectionProvider - [id: 0xd4142ed4, L:/127.0.0.1:65022 - R:localhost/127.0.0.1:8080] onStateChange(GET{uri=/, connection=PooledConnection{channel=[id: 0xd4142ed4, L:/127.0.0.1:65022 - R:localhost/127.0.0.1:8080]}}, [configured])
13:18:51.251 [reactor-http-nio-2] DEBUG reactor.netty.ReactorNetty - [id: 0xd4142ed4, L:/127.0.0.1:65022 - R:localhost/127.0.0.1:8080] Added decoder [ReadTimeoutHandler] at the end of the user pipeline, full pipeline: [reactor.left.httpCodec, ReadTimeoutHandler, reactor.right.reactiveBridge, DefaultChannelPipeline$TailContext#0]
13:18:51.252 [reactor-http-nio-2] DEBUG reactor.netty.ReactorNetty - [id: 0xd4142ed4, L:/127.0.0.1:65022 - R:localhost/127.0.0.1:8080] Added decoder [WriteTimeoutHandler] at the end of the user pipeline, full pipeline: [reactor.left.httpCodec, ReadTimeoutHandler, WriteTimeoutHandler, reactor.right.reactiveBridge, DefaultChannelPipeline$TailContext#0]
13:18:51.252 [reactor-http-nio-2] DEBUG reactor.netty.http.client.HttpClientConnect - [id: 0xd4142ed4, L:/127.0.0.1:65022 - R:localhost/127.0.0.1:8080] Handler is being applied: {uri=http://localhost:8080/api/v0/components/products/e929c1aa-d653-439a-9656-04a204a47597/environments, method=GET}
13:18:51.252 [reactor-http-nio-2] DEBUG reactor.netty.resources.PooledConnectionProvider - [id: 0xd4142ed4, L:/127.0.0.1:65022 - R:localhost/127.0.0.1:8080] onStateChange(GET{uri=/api/v0/components/products/e929c1aa-d653-439a-9656-04a204a47597/environments, connection=PooledConnection{channel=[id: 0xd4142ed4, L:/127.0.0.1:65022 - R:localhost/127.0.0.1:8080]}}, [request_prepared])
13:18:51.253 [reactor-http-nio-2] DEBUG reactor.netty.resources.PooledConnectionProvider - [id: 0xd4142ed4, L:/127.0.0.1:65022 - R:localhost/127.0.0.1:8080] onStateChange(GET{uri=/api/v0/components/products/e929c1aa-d653-439a-9656-04a204a47597/environments, connection=PooledConnection{channel=[id: 0xd4142ed4, L:/127.0.0.1:65022 - R:localhost/127.0.0.1:8080]}}, [request_sent])
13:18:51.254 [qtp781595164-95-acceptor-1@65638fa0-NetworkTrafficServerConnector@71b0284a{HTTP/1.1, (http/1.1)}{0.0.0.0:8080}] DEBUG org.eclipse.jetty.io.ManagedSelector - Queued change org.eclipse.jetty.io.ManagedSelector$Accept@5f255a80 on ManagedSelector@472b777f{STARTED} id=0 keys=0 selected=0 updates=0
13:18:51.254 [qtp781595164-95-acceptor-1@65638fa0-NetworkTrafficServerConnector@71b0284a{HTTP/1.1, (http/1.1)}{0.0.0.0:8080}] DEBUG org.eclipse.jetty.io.ManagedSelector - Wakeup on submit ManagedSelector@472b777f{STARTED} id=0 keys=0 selected=0 updates=1
13:18:51.254 [qtp781595164-92] DEBUG org.eclipse.jetty.io.ManagedSelector - Selector sun.nio.ch.WindowsSelectorImpl@74793139 woken with none selected
13:18:51.255 [qtp781595164-92] DEBUG org.eclipse.jetty.io.ManagedSelector - Selector sun.nio.ch.WindowsSelectorImpl@74793139 woken up from select, 0/0/0 selected
13:18:51.255 [qtp781595164-92] DEBUG org.eclipse.jetty.io.ManagedSelector - Selector sun.nio.ch.WindowsSelectorImpl@74793139 processing 0 keys, 1 updates
13:18:51.255 [qtp781595164-92] DEBUG org.eclipse.jetty.io.ManagedSelector - updateable 1
13:18:51.255 [qtp781595164-92] DEBUG org.eclipse.jetty.io.ManagedSelector - update org.eclipse.jetty.io.ManagedSelector$Accept@5f255a80
13:18:51.255 [qtp781595164-92] DEBUG org.eclipse.jetty.util.thread.QueuedThreadPool - queue org.eclipse.jetty.io.ManagedSelector$Accept@5f255a80 startThread=0
13:18:51.255 [qtp781595164-92] DEBUG org.eclipse.jetty.io.ManagedSelector - updates 0
13:18:51.255 [qtp781595164-92] DEBUG org.eclipse.jetty.io.ManagedSelector - Selector sun.nio.ch.WindowsSelectorImpl@74793139 waiting with 1 keys
13:18:51.255 [qtp781595164-99] DEBUG org.eclipse.jetty.util.thread.QueuedThreadPool - run org.eclipse.jetty.io.ManagedSelector$Accept@5f255a80 in QueuedThreadPool[qtp781595164]@2e96321c{STARTED,8<=8<=14,i=1,r=1,q=0}[ReservedThreadExecutor@5e1e7972{s=1/1,p=0}]
13:18:51.255 [qtp781595164-99] DEBUG org.eclipse.jetty.io.IdleTimeout - NetworkTrafficSocketChannelEndPoint@58513f94{/127.0.0.1:65022<->/127.0.0.1:8080,OPEN,fill=-,flush=-,to=0/30000}{io=0/0,kio=0,kro=0}-><null> idle timeout check, elapsed: 0 ms, remaining: 30000 ms
13:18:51.256 [qtp781595164-99] DEBUG org.eclipse.jetty.server.HttpChannel - new HttpChannelOverHttp@5696caee{s=HttpChannelState@52a954e4{s=IDLE rs=BLOCKING os=OPEN is=IDLE awp=false se=false i=true al=0},r=0,c=false/false,a=IDLE,uri=null,age=0} -> NetworkTrafficSocketChannelEndPoint@58513f94{/127.0.0.1:65022<->/127.0.0.1:8080,OPEN,fill=-,flush=-,to=0/30000}{io=0/0,kio=0,kro=0}-><null>,null,HttpChannelState@52a954e4{s=IDLE rs=BLOCKING os=OPEN is=IDLE awp=false se=false i=true al=0}
13:18:51.256 [qtp781595164-99] DEBUG org.eclipse.jetty.server.HttpConnection - New HTTP Connection HttpConnection@17abc0d5::NetworkTrafficSocketChannelEndPoint@58513f94{/127.0.0.1:65022<->/127.0.0.1:8080,OPEN,fill=-,flush=-,to=0/30000}{io=0/0,kio=0,kro=0}-><null>
13:18:51.256 [qtp781595164-99] DEBUG org.eclipse.jetty.io.AbstractEndPoint - onOpen NetworkTrafficSocketChannelEndPoint@58513f94{/127.0.0.1:65022<->/127.0.0.1:8080,OPEN,fill=-,flush=-,to=0/30000}{io=0/0,kio=0,kro=0}->HttpConnection@17abc0d5[p=HttpParser{s=START,0 of -1},g=HttpGenerator@46d7e02b{s=START}]=>HttpChannelOverHttp@5696caee{s=HttpChannelState@52a954e4{s=IDLE rs=BLOCKING os=OPEN is=IDLE awp=false se=false i=true al=0},r=0,c=false/false,a=IDLE,uri=null,age=0}
13:18:51.256 [qtp781595164-99] DEBUG org.eclipse.jetty.io.AbstractConnection - onOpen HttpConnection@17abc0d5::NetworkTrafficSocketChannelEndPoint@58513f94{/127.0.0.1:65022<->/127.0.0.1:8080,OPEN,fill=-,flush=-,to=0/30000}{io=0/0,kio=0,kro=0}->HttpConnection@17abc0d5[p=HttpParser{s=START,0 of -1},g=HttpGenerator@46d7e02b{s=START}]=>HttpChannelOverHttp@5696caee{s=HttpChannelState@52a954e4{s=IDLE rs=BLOCKING os=OPEN is=IDLE awp=false se=false i=true al=0},r=0,c=false/false,a=IDLE,uri=null,age=0}
13:18:51.256 [qtp781595164-99] DEBUG org.eclipse.jetty.io.AbstractConnection - fillInterested HttpConnection@17abc0d5::NetworkTrafficSocketChannelEndPoint@58513f94{/127.0.0.1:65022<->/127.0.0.1:8080,OPEN,fill=-,flush=-,to=0/30000}{io=0/0,kio=0,kro=0}->HttpConnection@17abc0d5[p=HttpParser{s=START,0 of -1},g=HttpGenerator@46d7e02b{s=START}]=>HttpChannelOverHttp@5696caee{s=HttpChannelState@52a954e4{s=IDLE rs=BLOCKING os=OPEN is=IDLE awp=false se=false i=true al=0},r=0,c=false/false,a=IDLE,uri=null,age=0}
13:18:51.256 [qtp781595164-99] DEBUG org.eclipse.jetty.io.FillInterest - interested FillInterest@267693a5{AC.ReadCB@17abc0d5{HttpConnection@17abc0d5::NetworkTrafficSocketChannelEndPoint@58513f94{/127.0.0.1:65022<->/127.0.0.1:8080,OPEN,fill=FI,flush=-,to=0/30000}{io=0/0,kio=0,kro=0}->HttpConnection@17abc0d5[p=HttpParser{s=START,0 of -1},g=HttpGenerator@46d7e02b{s=START}]=>HttpChannelOverHttp@5696caee{s=HttpChannelState@52a954e4{s=IDLE rs=BLOCKING os=OPEN is=IDLE awp=false se=false i=true al=0},r=0,c=false/false,a=IDLE,uri=null,age=0}}}
13:18:51.256 [qtp781595164-99] DEBUG org.eclipse.jetty.io.ChannelEndPoint - changeInterests p=false 0->1 for NetworkTrafficSocketChannelEndPoint@58513f94{/127.0.0.1:65022<->/127.0.0.1:8080,OPEN,fill=FI,flush=-,to=0/30000}{io=0/1,kio=0,kro=0}->HttpConnection@17abc0d5[p=HttpParser{s=START,0 of -1},g=HttpGenerator@46d7e02b{s=START}]=>HttpChannelOverHttp@5696caee{s=HttpChannelState@52a954e4{s=IDLE rs=BLOCKING os=OPEN is=IDLE awp=false se=false i=true al=0},r=0,c=false/false,a=IDLE,uri=null,age=0}
13:18:51.257 [qtp781595164-99] DEBUG org.eclipse.jetty.io.ManagedSelector - Queued change org.eclipse.jetty.io.ChannelEndPoint$1@3ee0edfb on ManagedSelector@472b777f{STARTED} id=0 keys=1 selected=0 updates=0
13:18:51.257 [qtp781595164-99] DEBUG org.eclipse.jetty.io.ManagedSelector - Wakeup on submit ManagedSelector@472b777f{STARTED} id=0 keys=1 selected=0 updates=1
13:18:51.257 [qtp781595164-92] DEBUG org.eclipse.jetty.io.ManagedSelector - Selector sun.nio.ch.WindowsSelectorImpl@74793139 woken with none selected
13:18:51.257 [qtp781595164-99] DEBUG org.eclipse.jetty.io.ManagedSelector - Created NetworkTrafficSocketChannelEndPoint@58513f94{/127.0.0.1:65022<->/127.0.0.1:8080,OPEN,fill=FI,flush=-,to=0/30000}{io=0/1,kio=0,kro=0}->HttpConnection@17abc0d5[p=HttpParser{s=START,0 of -1},g=HttpGenerator@46d7e02b{s=START}]=>HttpChannelOverHttp@5696caee{s=HttpChannelState@52a954e4{s=IDLE rs=BLOCKING os=OPEN is=IDLE awp=false se=false i=true al=0},r=0,c=false/false,a=IDLE,uri=null,age=0}
13:18:51.257 [qtp781595164-92] DEBUG org.eclipse.jetty.io.ManagedSelector - Selector sun.nio.ch.WindowsSelectorImpl@74793139 woken up from select, 0/0/1 selected
13:18:51.257 [qtp781595164-92] DEBUG org.eclipse.jetty.io.ManagedSelector - Selector sun.nio.ch.WindowsSelectorImpl@74793139 processing 0 keys, 1 updates
13:18:51.257 [qtp781595164-99] DEBUG org.eclipse.jetty.util.thread.QueuedThreadPool - ran org.eclipse.jetty.io.ManagedSelector$Accept@5f255a80 in QueuedThreadPool[qtp781595164]@2e96321c{STARTED,8<=8<=14,i=1,r=1,q=0}[ReservedThreadExecutor@5e1e7972{s=1/1,p=0}]
13:18:51.257 [qtp781595164-92] DEBUG org.eclipse.jetty.io.ManagedSelector - updateable 1
13:18:51.257 [qtp781595164-92] DEBUG org.eclipse.jetty.io.ManagedSelector - update org.eclipse.jetty.io.ChannelEndPoint$1@3ee0edfb
13:18:51.257 [qtp781595164-92] DEBUG org.eclipse.jetty.io.ChannelEndPoint - Key interests updated 0 -> 1 on NetworkTrafficSocketChannelEndPoint@58513f94{/127.0.0.1:65022<->/127.0.0.1:8080,OPEN,fill=FI,flush=-,to=0/30000}{io=1/1,kio=1,kro=0}->HttpConnection@17abc0d5[p=HttpParser{s=START,0 of -1},g=HttpGenerator@46d7e02b{s=START}]=>HttpChannelOverHttp@5696caee{s=HttpChannelState@52a954e4{s=IDLE rs=BLOCKING os=OPEN is=IDLE awp=false se=false i=true al=0},r=0,c=false/false,a=IDLE,uri=null,age=0}
13:18:51.257 [qtp781595164-92] DEBUG org.eclipse.jetty.io.ManagedSelector - updates 0
13:18:51.257 [qtp781595164-92] DEBUG org.eclipse.jetty.io.ManagedSelector - Selector sun.nio.ch.WindowsSelectorImpl@74793139 waiting with 1 keys
13:18:51.257 [qtp781595164-92] DEBUG org.eclipse.jetty.io.ManagedSelector - Selector sun.nio.ch.WindowsSelectorImpl@74793139 woken up from select, 1/1/1 selected
13:18:51.257 [qtp781595164-92] DEBUG org.eclipse.jetty.io.ManagedSelector - Selector sun.nio.ch.WindowsSelectorImpl@74793139 processing 1 keys, 0 updates
13:18:51.257 [qtp781595164-92] DEBUG org.eclipse.jetty.io.ManagedSelector - selected 1 channel=java.nio.channels.SocketChannel[connected local=/127.0.0.1:8080 remote=/127.0.0.1:65022], selector=sun.nio.ch.WindowsSelectorImpl@74793139, interestOps=1, readyOps=1 NetworkTrafficSocketChannelEndPoint@58513f94{/127.0.0.1:65022<->/127.0.0.1:8080,OPEN,fill=FI,flush=-,to=0/30000}{io=1/1,kio=1,kro=1}->HttpConnection@17abc0d5[p=HttpParser{s=START,0 of -1},g=HttpGenerator@46d7e02b{s=START}]=>HttpChannelOverHttp@5696caee{s=HttpChannelState@52a954e4{s=IDLE rs=BLOCKING os=OPEN is=IDLE awp=false se=false i=true al=0},r=0,c=false/false,a=IDLE,uri=null,age=0} 
13:18:51.257 [qtp781595164-92] DEBUG org.eclipse.jetty.io.ChannelEndPoint - onSelected 1->0 r=true w=false for NetworkTrafficSocketChannelEndPoint@58513f94{/127.0.0.1:65022<->/127.0.0.1:8080,OPEN,fill=FI,flush=-,to=1/30000}{io=1/0,kio=1,kro=1}->HttpConnection@17abc0d5[p=HttpParser{s=START,0 of -1},g=HttpGenerator@46d7e02b{s=START}]=>HttpChannelOverHttp@5696caee{s=HttpChannelState@52a954e4{s=IDLE rs=BLOCKING os=OPEN is=IDLE awp=false se=false i=true al=0},r=0,c=false/false,a=IDLE,uri=null,age=0}
13:18:51.257 [qtp781595164-92] DEBUG org.eclipse.jetty.io.ChannelEndPoint - task CEP:NetworkTrafficSocketChannelEndPoint@58513f94{/127.0.0.1:65022<->/127.0.0.1:8080,OPEN,fill=FI,flush=-,to=1/30000}{io=1/0,kio=1,kro=1}->HttpConnection@17abc0d5[p=HttpParser{s=START,0 of -1},g=HttpGenerator@46d7e02b{s=START}]=>HttpChannelOverHttp@5696caee{s=HttpChannelState@52a954e4{s=IDLE rs=BLOCKING os=OPEN is=IDLE awp=false se=false i=true al=0},r=0,c=false/false,a=IDLE,uri=null,age=0}:runFillable:BLOCKING
13:18:51.258 [qtp781595164-92] DEBUG org.eclipse.jetty.util.thread.ReservedThreadExecutor - ReservedThreadExecutor@5e1e7972{s=1/1,p=0} tryExecute EatWhatYouKill@5d488fc6/SelectorProducer@33e4dd16/PRODUCING/p=false/QueuedThreadPool[qtp781595164]@2e96321c{STARTED,8<=8<=14,i=2,r=1,q=0}[ReservedThreadExecutor@5e1e7972{s=1/1,p=0}][pc=0,pic=0,pec=0,epc=0]@2020-09-25T13:18:51.2585636+02:00
13:18:51.258 [qtp781595164-92] DEBUG org.eclipse.jetty.util.thread.ReservedThreadExecutor - ReservedThreadExecutor@5e1e7972{s=0/1,p=0}@1e93b164 offer EatWhatYouKill@5d488fc6/SelectorProducer@33e4dd16/PRODUCING/p=false/QueuedThreadPool[qtp781595164]@2e96321c{STARTED,8<=8<=14,i=2,r=1,q=0}[ReservedThreadExecutor@5e1e7972{s=0/1,p=0}][pc=0,pic=0,pec=0,epc=0]@2020-09-25T13:18:51.2585636+02:00
13:18:51.258 [qtp781595164-92] DEBUG org.eclipse.jetty.util.thread.ReservedThreadExecutor - ReservedThreadExecutor@5e1e7972{s=0/1,p=1} startReservedThread p=1
13:18:51.258 [qtp781595164-92] DEBUG org.eclipse.jetty.util.thread.QueuedThreadPool - queue ReservedThreadExecutor@5e1e7972{s=0/1,p=1}@7e815a49 startThread=0
13:18:51.259 [qtp781595164-92] DEBUG org.eclipse.jetty.util.thread.strategy.EatWhatYouKill - EatWhatYouKill@5d488fc6/SelectorProducer@33e4dd16/IDLE/p=true/QueuedThreadPool[qtp781595164]@2e96321c{STARTED,8<=8<=14,i=1,r=1,q=0}[ReservedThreadExecutor@5e1e7972{s=0/1,p=1}][pc=0,pic=0,pec=0,epc=0]@2020-09-25T13:18:51.2585636+02:00 m=EXECUTE_PRODUCE_CONSUME t=CEP:NetworkTrafficSocketChannelEndPoint@58513f94{/127.0.0.1:65022<->/127.0.0.1:8080,OPEN,fill=FI,flush=-,to=2/30000}{io=1/0,kio=1,kro=1}->HttpConnection@17abc0d5[p=HttpParser{s=START,0 of -1},g=HttpGenerator@46d7e02b{s=START}]=>HttpChannelOverHttp@5696caee{s=HttpChannelState@52a954e4{s=IDLE rs=BLOCKING os=OPEN is=IDLE awp=false se=false i=true al=0},r=0,c=false/false,a=IDLE,uri=null,age=0}:runFillable:BLOCKING/BLOCKING
13:18:51.259 [qtp781595164-92] DEBUG org.eclipse.jetty.io.FillInterest - fillable FillInterest@267693a5{AC.ReadCB@17abc0d5{HttpConnection@17abc0d5::NetworkTrafficSocketChannelEndPoint@58513f94{/127.0.0.1:65022<->/127.0.0.1:8080,OPEN,fill=FI,flush=-,to=2/30000}{io=1/0,kio=1,kro=1}->HttpConnection@17abc0d5[p=HttpParser{s=START,0 of -1},g=HttpGenerator@46d7e02b{s=START}]=>HttpChannelOverHttp@5696caee{s=HttpChannelState@52a954e4{s=IDLE rs=BLOCKING os=OPEN is=IDLE awp=false se=false i=true al=0},r=0,c=false/false,a=IDLE,uri=null,age=0}}}
13:18:51.259 [qtp781595164-92] DEBUG org.eclipse.jetty.server.HttpConnection - HttpConnection@17abc0d5::NetworkTrafficSocketChannelEndPoint@58513f94{/127.0.0.1:65022<->/127.0.0.1:8080,OPEN,fill=-,flush=-,to=2/30000}{io=1/0,kio=1,kro=1}->HttpConnection@17abc0d5[p=HttpParser{s=START,0 of -1},g=HttpGenerator@46d7e02b{s=START}]=>HttpChannelOverHttp@5696caee{s=HttpChannelState@52a954e4{s=IDLE rs=BLOCKING os=OPEN is=IDLE awp=false se=false i=true al=0},r=0,c=false/false,a=IDLE,uri=null,age=0} onFillable enter HttpChannelState@52a954e4{s=IDLE rs=BLOCKING os=OPEN is=IDLE awp=false se=false i=true al=0} null
13:18:51.259 [qtp781595164-92] DEBUG org.eclipse.jetty.io.ChannelEndPoint - filled 193 HeapByteBuffer@40573931[p=0,l=193,c=8192,r=193]={<<<GET /api/v0/components/pr...horization: Bearer \r\n\r\n>>>\r\n{\r\n  "i...\x00\x00\x00\x00\x00\x00\x00}
13:18:51.259 [qtp781595164-92] DEBUG org.eclipse.jetty.server.HttpConnection - HttpConnection@17abc0d5::NetworkTrafficSocketChannelEndPoint@58513f94{/127.0.0.1:65022<->/127.0.0.1:8080,OPEN,fill=-,flush=-,to=0/30000}{io=1/0,kio=1,kro=1}->HttpConnection@17abc0d5[p=HttpParser{s=START,0 of -1},g=HttpGenerator@46d7e02b{s=START}]=>HttpChannelOverHttp@5696caee{s=HttpChannelState@52a954e4{s=IDLE rs=BLOCKING os=OPEN is=IDLE awp=false se=false i=true al=0},r=0,c=false/false,a=IDLE,uri=null,age=0} filled 193 HeapByteBuffer@40573931[p=0,l=193,c=8192,r=193]={<<<GET /api/v0/components/pr...horization: Bearer \r\n\r\n>>>\r\n{\r\n  "i...\x00\x00\x00\x00\x00\x00\x00}
13:18:51.259 [qtp781595164-92] DEBUG org.eclipse.jetty.server.HttpConnection - HttpConnection@17abc0d5::NetworkTrafficSocketChannelEndPoint@58513f94{/127.0.0.1:65022<->/127.0.0.1:8080,OPEN,fill=-,flush=-,to=0/30000}{io=1/0,kio=1,kro=1}->HttpConnection@17abc0d5[p=HttpParser{s=START,0 of -1},g=HttpGenerator@46d7e02b{s=START}]=>HttpChannelOverHttp@5696caee{s=HttpChannelState@52a954e4{s=IDLE rs=BLOCKING os=OPEN is=IDLE awp=false se=false i=true al=0},r=0,c=false/false,a=IDLE,uri=null,age=0} parse HeapByteBuffer@40573931[p=0,l=193,c=8192,r=193]={<<<GET /api/v0/components/pr...horization: Bearer \r\n\r\n>>>\r\n{\r\n  "i...\x00\x00\x00\x00\x00\x00\x00} {}
13:18:51.259 [qtp781595164-92] DEBUG org.eclipse.jetty.http.HttpParser - parseNext s=START HeapByteBuffer@40573931[p=0,l=193,c=8192,r=193]={<<<GET /api/v0/components/pr...horization: Bearer \r\n\r\n>>>\r\n{\r\n  "i...\x00\x00\x00\x00\x00\x00\x00}
13:18:51.259 [qtp781595164-92] DEBUG org.eclipse.jetty.http.HttpParser - START --> SPACE1
13:18:51.259 [qtp781595164-92] DEBUG org.eclipse.jetty.http.HttpParser - SPACE1 --> URI
13:18:51.259 [qtp781595164-92] DEBUG org.eclipse.jetty.http.HttpParser - URI --> SPACE2
13:18:51.259 [qtp781595164-92] DEBUG org.eclipse.jetty.http.HttpParser - SPACE2 --> REQUEST_VERSION
13:18:51.260 [qtp781595164-92] DEBUG org.eclipse.jetty.http.HttpParser - REQUEST_VERSION --> HEADER
13:18:51.260 [qtp781595164-92] DEBUG org.eclipse.jetty.http.HttpParser - HEADER:User-Agent --> VALUE
13:18:51.260 [qtp781595164-92] DEBUG org.eclipse.jetty.http.HttpParser - HEADER:User-Agent --> IN_VALUE
13:18:51.260 [qtp781595164-92] DEBUG org.eclipse.jetty.http.HttpParser - HEADER:User-Agent --> FIELD
13:18:51.260 [qtp781595164-92] DEBUG org.eclipse.jetty.http.HttpParser - HEADER:Host --> VALUE
13:18:51.260 [qtp781595164-92] DEBUG org.eclipse.jetty.http.HttpParser - HEADER:Host --> IN_VALUE
13:18:51.260 [qtp781595164-92] DEBUG org.eclipse.jetty.http.HttpParser - HEADER:Host --> FIELD
13:18:51.260 [qtp781595164-92] DEBUG org.eclipse.jetty.http.HttpParser - HEADER:Accept: */* --> IN_VALUE
13:18:51.260 [qtp781595164-92] DEBUG org.eclipse.jetty.http.HttpParser - HEADER:Accept: */* --> FIELD
13:18:51.260 [qtp781595164-92] DEBUG org.eclipse.jetty.http.HttpParser - HEADER:Authorization --> VALUE
13:18:51.260 [qtp781595164-92] DEBUG org.eclipse.jetty.http.HttpParser - HEADER:Authorization --> IN_VALUE
13:18:51.260 [qtp781595164-92] DEBUG org.eclipse.jetty.http.HttpParser - HEADER:Authorization --> FIELD
13:18:51.260 [qtp781595164-92] DEBUG org.eclipse.jetty.http.HttpParser - HEADER --> CONTENT
13:18:51.260 [qtp781595164-92] DEBUG org.eclipse.jetty.server.HttpChannel - REQUEST for //localhost:8080/api/v0/components/products/e929c1aa-d653-439a-9656-04a204a47597/environments on HttpChannelOverHttp@5696caee{s=HttpChannelState@52a954e4{s=IDLE rs=BLOCKING os=OPEN is=IDLE awp=false se=false i=true al=0},r=1,c=false/false,a=IDLE,uri=//localhost:8080/api/v0/components/products/e929c1aa-d653-439a-9656-04a204a47597/environments,age=0}
GET //localhost:8080/api/v0/components/products/e929c1aa-d653-439a-9656-04a204a47597/environments HTTP/1.1
User-Agent: ReactorNetty/0.9.7.RELEASE
Host: localhost:8080
Accept: */*
Authorization: Bearer


13:18:51.260 [qtp781595164-92] DEBUG org.eclipse.jetty.server.HttpConnection - HttpConnection@17abc0d5::NetworkTrafficSocketChannelEndPoint@58513f94{/127.0.0.1:65022<->/127.0.0.1:8080,OPEN,fill=-,flush=-,to=0/30000}{io=1/0,kio=1,kro=1}->HttpConnection@17abc0d5[p=HttpParser{s=CONTENT,0 of -1},g=HttpGenerator@46d7e02b{s=START}]=>HttpChannelOverHttp@5696caee{s=HttpChannelState@52a954e4{s=IDLE rs=BLOCKING os=OPEN is=IDLE awp=false se=false i=true al=0},r=1,c=false/false,a=IDLE,uri=//localhost:8080/api/v0/components/products/e929c1aa-d653-439a-9656-04a204a47597/environments,age=0} parsed true HttpParser{s=CONTENT,0 of -1}
13:18:51.260 [qtp781595164-92] DEBUG org.eclipse.jetty.server.HttpConnection - releaseRequestBuffer HttpConnection@17abc0d5::NetworkTrafficSocketChannelEndPoint@58513f94{/127.0.0.1:65022<->/127.0.0.1:8080,OPEN,fill=-,flush=-,to=0/30000}{io=1/0,kio=1,kro=1}->HttpConnection@17abc0d5[p=HttpParser{s=CONTENT,0 of -1},g=HttpGenerator@46d7e02b{s=START}]=>HttpChannelOverHttp@5696caee{s=HttpChannelState@52a954e4{s=IDLE rs=BLOCKING os=OPEN is=IDLE awp=false se=false i=true al=0},r=1,c=false/false,a=IDLE,uri=//localhost:8080/api/v0/components/products/e929c1aa-d653-439a-9656-04a204a47597/environments,age=0}
13:18:51.260 [qtp781595164-92] DEBUG org.eclipse.jetty.server.HttpChannel - handle //localhost:8080/api/v0/components/products/e929c1aa-d653-439a-9656-04a204a47597/environments HttpChannelOverHttp@5696caee{s=HttpChannelState@52a954e4{s=IDLE rs=BLOCKING os=OPEN is=IDLE awp=false se=false i=true al=0},r=1,c=false/false,a=IDLE,uri=//localhost:8080/api/v0/components/products/e929c1aa-d653-439a-9656-04a204a47597/environments,age=0} 
13:18:51.260 [qtp781595164-92] DEBUG org.eclipse.jetty.server.HttpChannelState - handling HttpChannelState@52a954e4{s=IDLE rs=BLOCKING os=OPEN is=IDLE awp=false se=false i=true al=0}
13:18:51.260 [qtp781595164-92] DEBUG org.eclipse.jetty.server.HttpChannel - action DISPATCH HttpChannelOverHttp@5696caee{s=HttpChannelState@52a954e4{s=HANDLING rs=BLOCKING os=OPEN is=IDLE awp=false se=false i=true al=0},r=1,c=false/false,a=HANDLING,uri=//localhost:8080/api/v0/components/products/e929c1aa-d653-439a-9656-04a204a47597/environments,age=0}
13:18:51.260 [qtp781595164-92] DEBUG org.eclipse.jetty.server.Server - REQUEST GET /api/v0/components/products/e929c1aa-d653-439a-9656-04a204a47597/environments on HttpChannelOverHttp@5696caee{s=HttpChannelState@52a954e4{s=HANDLING rs=BLOCKING os=OPEN is=IDLE awp=false se=false i=true al=0},r=1,c=false/false,a=HANDLING,uri=//localhost:8080/api/v0/components/products/e929c1aa-d653-439a-9656-04a204a47597/environments,age=0}
13:18:51.260 [qtp781595164-92] DEBUG org.eclipse.jetty.server.handler.ContextHandler - scope null||/api/v0/components/products/e929c1aa-d653-439a-9656-04a204a47597/environments @ o.e.j.s.ServletContextHandler@365484f9{/__admin,null,AVAILABLE}
13:18:51.260 [qtp781595164-92] DEBUG org.eclipse.jetty.server.handler.gzip.GzipHandler - GzipHandler@27e005aa{STARTED,min=32,inflate=-1} handle Request(GET //localhost:8080/api/v0/components/products/e929c1aa-d653-439a-9656-04a204a47597/environments)@3b83dbfd in null
13:18:51.260 [qtp781595164-92] DEBUG org.eclipse.jetty.server.handler.ContextHandler - scope null||/api/v0/components/products/e929c1aa-d653-439a-9656-04a204a47597/environments @ o.e.j.s.ServletContextHandler@6693b5e0{/,null,AVAILABLE}
13:18:51.260 [qtp781595164-92] DEBUG org.eclipse.jetty.server.handler.ContextHandler - context=||/api/v0/components/products/e929c1aa-d653-439a-9656-04a204a47597/environments @ o.e.j.s.ServletContextHandler@6693b5e0{/,null,AVAILABLE}
13:18:51.260 [qtp781595164-92] DEBUG org.eclipse.jetty.servlet.ServletHandler - servlet |/api/v0/components/products/e929c1aa-d653-439a-9656-04a204a47597/environments|null -> com.github.tomakehurst.wiremock.servlet.WireMockHandlerDispatchingServlet-442319ed@8f2342d6==com.github.tomakehurst.wiremock.servlet.WireMockHandlerDispatchingServlet,jsp=null,order=-1,inst=false,async=true
13:18:51.261 [qtp781595164-92] DEBUG org.eclipse.jetty.servlet.ServletHandler - chain=org.eclipse.jetty.servlets.CrossOriginFilter-271047ef@271047ef==org.eclipse.jetty.servlets.CrossOriginFilter,inst=true,async=true->com.github.tomakehurst.wiremock.servlet.WireMockHandlerDispatchingServlet-442319ed@8f2342d6==com.github.tomakehurst.wiremock.servlet.WireMockHandlerDispatchingServlet,jsp=null,order=-1,inst=false,async=true
13:18:51.261 [qtp781595164-92] DEBUG org.eclipse.jetty.servlet.ServletHolder - Servlet.init com.github.tomakehurst.wiremock.servlet.WireMockHandlerDispatchingServlet@7ed554a6 for com.github.tomakehurst.wiremock.servlet.WireMockHandlerDispatchingServlet-442319ed
13:18:51.262 [qtp781595164-98] DEBUG org.eclipse.jetty.util.thread.QueuedThreadPool - run ReservedThreadExecutor@5e1e7972{s=0/1,p=1}@7e815a49 in QueuedThreadPool[qtp781595164]@2e96321c{STARTED,8<=8<=14,i=1,r=1,q=0}[ReservedThreadExecutor@5e1e7972{s=0/1,p=1}]
13:18:51.262 [qtp781595164-98] DEBUG org.eclipse.jetty.util.thread.ReservedThreadExecutor - ReservedThreadExecutor@5e1e7972{s=1/1,p=1}@7e815a49 started
13:18:51.262 [qtp781595164-98] DEBUG org.eclipse.jetty.util.thread.ReservedThreadExecutor - ReservedThreadExecutor@5e1e7972{s=1/1,p=0}@7e815a49 waiting
13:18:51.262 [qtp781595164-97] DEBUG org.eclipse.jetty.util.thread.ReservedThreadExecutor - ReservedThreadExecutor@5e1e7972{s=1/1,p=0}@1e93b164 task=EatWhatYouKill@5d488fc6/SelectorProducer@33e4dd16/IDLE/p=true/QueuedThreadPool[qtp781595164]@2e96321c{STARTED,8<=8<=14,i=1,r=1,q=0}[ReservedThreadExecutor@5e1e7972{s=1/1,p=0}][pc=0,pic=0,pec=0,epc=1]@2020-09-25T13:18:51.2625592+02:00
13:18:51.262 [qtp781595164-97] DEBUG org.eclipse.jetty.util.thread.strategy.EatWhatYouKill - EatWhatYouKill@5d488fc6/SelectorProducer@33e4dd16/IDLE/p=true/QueuedThreadPool[qtp781595164]@2e96321c{STARTED,8<=8<=14,i=1,r=1,q=0}[ReservedThreadExecutor@5e1e7972{s=1/1,p=0}][pc=0,pic=0,pec=0,epc=1]@2020-09-25T13:18:51.2625592+02:00 tryProduce true
13:18:51.262 [qtp781595164-97] DEBUG org.eclipse.jetty.io.ManagedSelector - updateable 0
13:18:51.262 [qtp781595164-97] DEBUG org.eclipse.jetty.io.ManagedSelector - updates 0
13:18:51.263 [qtp781595164-97] DEBUG org.eclipse.jetty.io.ChannelEndPoint - Key interests updated 1 -> 0 on NetworkTrafficSocketChannelEndPoint@58513f94{/127.0.0.1:65022<->/127.0.0.1:8080,OPEN,fill=-,flush=-,to=3/30000}{io=0/0,kio=0,kro=1}->HttpConnection@17abc0d5[p=HttpParser{s=CONTENT,0 of -1},g=HttpGenerator@46d7e02b{s=START}]=>HttpChannelOverHttp@5696caee{s=HttpChannelState@52a954e4{s=HANDLING rs=BLOCKING os=OPEN is=IDLE awp=false se=false i=true al=0},r=1,c=false/false,a=HANDLING,uri=//localhost:8080/api/v0/components/products/e929c1aa-d653-439a-9656-04a204a47597/environments,age=2}
13:18:51.263 [qtp781595164-97] DEBUG org.eclipse.jetty.io.ManagedSelector - Selector sun.nio.ch.WindowsSelectorImpl@74793139 waiting with 1 keys
13:18:51.264 [qtp781595164-92] INFO org.eclipse.jetty.server.handler.ContextHandler.ROOT - RequestHandlerClass from context returned com.github.tomakehurst.wiremock.http.StubRequestHandler. Normalized mapped under returned 'null'
13:18:51.264 [qtp781595164-92] DEBUG org.eclipse.jetty.servlet.ServletHandler - call filter org.eclipse.jetty.servlets.CrossOriginFilter-271047ef@271047ef==org.eclipse.jetty.servlets.CrossOriginFilter,inst=true,async=true
13:18:51.264 [qtp781595164-92] DEBUG org.eclipse.jetty.servlet.ServletHandler - call servlet com.github.tomakehurst.wiremock.servlet.WireMockHandlerDispatchingServlet-442319ed@8f2342d6==com.github.tomakehurst.wiremock.servlet.WireMockHandlerDispatchingServlet,jsp=null,order=-1,inst=true,async=true
13:18:51.265 [qtp781595164-92] DEBUG org.eclipse.jetty.io.ChannelEndPoint - filled 0 HeapByteBuffer@40573931[p=0,l=0,c=8192,r=0]={<<<>>>GET /api/...\x00\x00\x00\x00\x00\x00\x00}
13:18:51.265 [qtp781595164-92] DEBUG org.eclipse.jetty.io.ChannelEndPoint - filled 0 HeapByteBuffer@40573931[p=0,l=0,c=8192,r=0]={<<<>>>GET /api/...\x00\x00\x00\x00\x00\x00\x00}
13:18:51.265 [qtp781595164-92] DEBUG org.eclipse.jetty.server.HttpConnection - HttpConnection@17abc0d5::NetworkTrafficSocketChannelEndPoint@58513f94{/127.0.0.1:65022<->/127.0.0.1:8080,OPEN,fill=-,flush=-,to=5/30000}{io=0/0,kio=0,kro=1}->HttpConnection@17abc0d5[p=HttpParser{s=CONTENT,0 of -1},g=HttpGenerator@46d7e02b{s=START}]=>HttpChannelOverHttp@5696caee{s=HttpChannelState@52a954e4{s=HANDLING rs=BLOCKING os=OPEN is=IDLE awp=false se=false i=true al=0},r=1,c=false/false,a=HANDLING,uri=//localhost:8080/api/v0/components/products/e929c1aa-d653-439a-9656-04a204a47597/environments,age=5} filled 0 HeapByteBuffer@40573931[p=0,l=0,c=8192,r=0]={<<<>>>GET /api/...\x00\x00\x00\x00\x00\x00\x00}
13:18:51.265 [qtp781595164-92] DEBUG org.eclipse.jetty.server.HttpConnection - HttpConnection@17abc0d5::NetworkTrafficSocketChannelEndPoint@58513f94{/127.0.0.1:65022<->/127.0.0.1:8080,OPEN,fill=-,flush=-,to=5/30000}{io=0/0,kio=0,kro=1}->HttpConnection@17abc0d5[p=HttpParser{s=CONTENT,0 of -1},g=HttpGenerator@46d7e02b{s=START}]=>HttpChannelOverHttp@5696caee{s=HttpChannelState@52a954e4{s=HANDLING rs=BLOCKING os=OPEN is=IDLE awp=false se=false i=true al=0},r=1,c=false/false,a=HANDLING,uri=//localhost:8080/api/v0/components/products/e929c1aa-d653-439a-9656-04a204a47597/environments,age=5} parse HeapByteBuffer@40573931[p=0,l=0,c=8192,r=0]={<<<>>>GET /api/...\x00\x00\x00\x00\x00\x00\x00} {}
13:18:51.265 [qtp781595164-92] DEBUG org.eclipse.jetty.http.HttpParser - parseNext s=CONTENT HeapByteBuffer@40573931[p=0,l=0,c=8192,r=0]={<<<>>>GET /api/...\x00\x00\x00\x00\x00\x00\x00}
13:18:51.265 [qtp781595164-92] DEBUG org.eclipse.jetty.http.HttpParser - CONTENT --> CONTENT_END
13:18:51.265 [qtp781595164-92] DEBUG org.eclipse.jetty.server.HttpChannel - onContentComplete HttpChannelOverHttp@5696caee{s=HttpChannelState@52a954e4{s=HANDLING rs=BLOCKING os=OPEN is=IDLE awp=false se=false i=true al=0},r=1,c=false/false,a=HANDLING,uri=//localhost:8080/api/v0/components/products/e929c1aa-d653-439a-9656-04a204a47597/environments,age=5}
13:18:51.265 [qtp781595164-92] DEBUG org.eclipse.jetty.http.HttpParser - CONTENT_END --> END
13:18:51.265 [qtp781595164-92] DEBUG org.eclipse.jetty.server.HttpChannel - onRequestComplete HttpChannelOverHttp@5696caee{s=HttpChannelState@52a954e4{s=HANDLING rs=BLOCKING os=OPEN is=IDLE awp=false se=false i=true al=0},r=1,c=false/false,a=HANDLING,uri=//localhost:8080/api/v0/components/products/e929c1aa-d653-439a-9656-04a204a47597/environments,age=5}
13:18:51.265 [qtp781595164-92] DEBUG org.eclipse.jetty.server.HttpInput - HttpInputOverHTTP@5bac24b2[c=0,q=0,[0]=null,s=STREAM] addContent EOF
13:18:51.266 [qtp781595164-92] DEBUG org.eclipse.jetty.server.HttpConnection - HttpConnection@17abc0d5::NetworkTrafficSocketChannelEndPoint@58513f94{/127.0.0.1:65022<->/127.0.0.1:8080,OPEN,fill=-,flush=-,to=6/30000}{io=0/0,kio=0,kro=1}->HttpConnection@17abc0d5[p=HttpParser{s=END,0 of -1},g=HttpGenerator@46d7e02b{s=START}]=>HttpChannelOverHttp@5696caee{s=HttpChannelState@52a954e4{s=HANDLING rs=BLOCKING os=OPEN is=IDLE awp=false se=false i=true al=0},r=1,c=false/false,a=HANDLING,uri=//localhost:8080/api/v0/components/products/e929c1aa-d653-439a-9656-04a204a47597/environments,age=6} parsed false HttpParser{s=END,0 of -1}
13:18:51.266 [qtp781595164-92] DEBUG org.eclipse.jetty.server.HttpConnection - releaseRequestBuffer HttpConnection@17abc0d5::NetworkTrafficSocketChannelEndPoint@58513f94{/127.0.0.1:65022<->/127.0.0.1:8080,OPEN,fill=-,flush=-,to=6/30000}{io=0/0,kio=0,kro=1}->HttpConnection@17abc0d5[p=HttpParser{s=END,0 of -1},g=HttpGenerator@46d7e02b{s=START}]=>HttpChannelOverHttp@5696caee{s=HttpChannelState@52a954e4{s=HANDLING rs=BLOCKING os=OPEN is=IDLE awp=false se=false i=true al=0},r=1,c=false/false,a=HANDLING,uri=//localhost:8080/api/v0/components/products/e929c1aa-d653-439a-9656-04a204a47597/environments,age=6}
13:18:51.266 [qtp781595164-92] DEBUG org.eclipse.jetty.server.HttpChannelState - onEof HttpChannelState@52a954e4{s=HANDLING rs=BLOCKING os=OPEN is=IDLE awp=false se=false i=true al=0}
13:18:51.271 [qtp781595164-92] DEBUG org.eclipse.jetty.server.handler.gzip.GzipHttpOutputInterceptor - org.eclipse.jetty.server.handler.gzip.GzipHttpOutputInterceptor@2b386637 exclude by status 401
13:18:51.271 [qtp781595164-92] DEBUG org.eclipse.jetty.server.HttpChannel - sendResponse info=null content=HeapByteBuffer@137d328[p=0,l=0,c=0,r=0]={<<<>>>} complete=false committing=true callback=Blocker@31f5b8ef{null}
13:18:51.271 [qtp781595164-92] DEBUG org.eclipse.jetty.server.HttpChannel - COMMIT for /api/v0/components/products/e929c1aa-d653-439a-9656-04a204a47597/environments on HttpChannelOverHttp@5696caee{s=HttpChannelState@52a954e4{s=HANDLING rs=BLOCKING os=COMMITTED is=READY awp=false se=false i=true al=0},r=1,c=false/false,a=HANDLING,uri=//localhost:8080/api/v0/components/products/e929c1aa-d653-439a-9656-04a204a47597/environments,age=11}
401 null HTTP/1.1
Matched-Stub-Id: e6e389f5-84f1-4173-8aa6-7c1b446bb653


13:18:51.271 [qtp781595164-92] DEBUG org.eclipse.jetty.server.HttpConnection - generate: NEED_HEADER for org.eclipse.jetty.server.HttpConnection$SendCallback@65d1ba13[PROCESSING][i=HTTP/1.1{s=401,h=1,cl=-1},cb=org.eclipse.jetty.server.HttpChannel$SendCallback@5fe29baf] (null,[p=0,l=0,c=0,r=0],false)@START
13:18:51.272 [qtp781595164-92] DEBUG org.eclipse.jetty.http.HttpGenerator - generateHeaders HTTP/1.1{s=401,h=1,cl=-1} last=false content=HeapByteBuffer@137d328[p=0,l=0,c=0,r=0]={<<<>>>}
13:18:51.272 [qtp781595164-92] DEBUG org.eclipse.jetty.http.HttpGenerator - Matched-Stub-Id: e6e389f5-84f1-4173-8aa6-7c1b446bb653


13:18:51.272 [qtp781595164-92] DEBUG org.eclipse.jetty.http.HttpGenerator - CHUNKED_CONTENT
13:18:51.272 [qtp781595164-92] DEBUG org.eclipse.jetty.server.HttpConnection - generate: FLUSH for org.eclipse.jetty.server.HttpConnection$SendCallback@65d1ba13[PROCESSING][i=HTTP/1.1{s=401,h=1,cl=-1},cb=org.eclipse.jetty.server.HttpChannel$SendCallback@5fe29baf] ([p=0,l=145,c=8192,r=145],[p=0,l=0,c=0,r=0],false)@COMMITTED
13:18:51.272 [qtp781595164-92] DEBUG org.eclipse.jetty.io.WriteFlusher - write: WriteFlusher@378347ba{IDLE}->null [HeapByteBuffer@40573931[p=0,l=145,c=8192,r=145]={<<<HTTP/1.1 401 Unauthorized...y(9.4.28.v20200408)\r\n\r\n>>>st:8080\r\n...\x00\x00\x00\x00\x00\x00\x00}]
13:18:51.272 [qtp781595164-92] DEBUG org.eclipse.jetty.io.WriteFlusher - update WriteFlusher@378347ba{WRITING}->null:IDLE-->WRITING
13:18:51.272 [qtp781595164-92] DEBUG org.eclipse.jetty.io.ChannelEndPoint - flushed 145 NetworkTrafficSocketChannelEndPoint@58513f94{/127.0.0.1:65022<->/127.0.0.1:8080,OPEN,fill=-,flush=W,to=12/30000}{io=0/0,kio=0,kro=1}->HttpConnection@17abc0d5[p=HttpParser{s=END,0 of -1},g=HttpGenerator@46d7e02b{s=COMMITTED}]=>HttpChannelOverHttp@5696caee{s=HttpChannelState@52a954e4{s=HANDLING rs=BLOCKING os=COMMITTED is=READY awp=false se=false i=true al=0},r=1,c=false/false,a=HANDLING,uri=//localhost:8080/api/v0/components/products/e929c1aa-d653-439a-9656-04a204a47597/environments,age=12}
13:18:51.272 [qtp781595164-92] DEBUG org.eclipse.jetty.io.WriteFlusher - Flushed=true written=145 remaining=0 WriteFlusher@378347ba{WRITING}->null
13:18:51.272 [qtp781595164-92] DEBUG org.eclipse.jetty.io.WriteFlusher - update WriteFlusher@378347ba{IDLE}->null:WRITING-->IDLE
13:18:51.272 [qtp781595164-92] DEBUG org.eclipse.jetty.server.HttpConnection - generate: DONE for org.eclipse.jetty.server.HttpConnection$SendCallback@65d1ba13[PROCESSING][i=HTTP/1.1{s=401,h=1,cl=-1},cb=org.eclipse.jetty.server.HttpChannel$SendCallback@5fe29baf] ([p=145,l=145,c=8192,r=0],[p=0,l=0,c=0,r=0],false)@COMMITTED
13:18:51.272 [qtp781595164-92] DEBUG org.eclipse.jetty.server.HttpOutput - onWriteComplete(false,null) s=OPEN,api=BLOCKED,sc=false,e=null->s=OPEN,api=BLOCKING,sc=false,e=null c=null cb=null w=false
13:18:51.272 [qtp781595164-92] DEBUG org.eclipse.jetty.server.HttpOutput - close() s=CLOSING,api=BLOCKED,sc=false,e=null c=HeapByteBuffer@137d328[p=0,l=0,c=0,r=0]={<<<>>>} b=Blocker@31f5b8ef{null}
13:18:51.272 [qtp781595164-92] DEBUG org.eclipse.jetty.server.HttpChannel - sendResponse info=null content=HeapByteBuffer@137d328[p=0,l=0,c=0,r=0]={<<<>>>} complete=true committing=false callback=Blocker@31f5b8ef{null}
13:18:51.272 [qtp781595164-92] DEBUG org.eclipse.jetty.server.HttpConnection - generate: CONTINUE for org.eclipse.jetty.server.HttpConnection$SendCallback@65d1ba13[PROCESSING][i=null,cb=org.eclipse.jetty.server.HttpChannel$SendCallback@2badb365] (null,[p=0,l=0,c=0,r=0],true)@COMPLETING
13:18:51.272 [qtp781595164-92] DEBUG org.eclipse.jetty.server.HttpConnection - generate: NEED_CHUNK for org.eclipse.jetty.server.HttpConnection$SendCallback@65d1ba13[PROCESSING][i=null,cb=org.eclipse.jetty.server.HttpChannel$SendCallback@2badb365] (null,[p=0,l=0,c=0,r=0],true)@COMPLETING
13:18:51.272 [qtp781595164-92] DEBUG org.eclipse.jetty.server.HttpConnection - generate: FLUSH for org.eclipse.jetty.server.HttpConnection$SendCallback@65d1ba13[PROCESSING][i=null,cb=org.eclipse.jetty.server.HttpChannel$SendCallback@2badb365] (null,[p=0,l=0,c=0,r=0],true)@COMPLETING
13:18:51.272 [qtp781595164-92] DEBUG org.eclipse.jetty.io.WriteFlusher - write: WriteFlusher@378347ba{IDLE}->null [HeapByteBuffer@58461432[p=0,l=5,c=1024,r=5]={<<<0\r\n\r\n>>>\r\n\x00\x00\x00\x00\x00\x00\x00...\x00\x00\x00\x00\x00\x00\x00}]
13:18:51.273 [qtp781595164-92] DEBUG org.eclipse.jetty.io.WriteFlusher - update WriteFlusher@378347ba{WRITING}->null:IDLE-->WRITING
13:18:51.273 [qtp781595164-92] DEBUG org.eclipse.jetty.io.ChannelEndPoint - flushed 5 NetworkTrafficSocketChannelEndPoint@58513f94{/127.0.0.1:65022<->/127.0.0.1:8080,OPEN,fill=-,flush=W,to=0/30000}{io=0/0,kio=0,kro=1}->HttpConnection@17abc0d5[p=HttpParser{s=END,0 of -1},g=HttpGenerator@46d7e02b{s=COMPLETING}]=>HttpChannelOverHttp@5696caee{s=HttpChannelState@52a954e4{s=HANDLING rs=BLOCKING os=COMMITTED is=READY awp=false se=false i=true al=0},r=1,c=false/false,a=HANDLING,uri=//localhost:8080/api/v0/components/products/e929c1aa-d653-439a-9656-04a204a47597/environments,age=13}
13:18:51.273 [qtp781595164-92] DEBUG org.eclipse.jetty.io.WriteFlusher - Flushed=true written=5 remaining=0 WriteFlusher@378347ba{WRITING}->null
13:18:51.273 [qtp781595164-92] DEBUG org.eclipse.jetty.io.WriteFlusher - update WriteFlusher@378347ba{IDLE}->null:WRITING-->IDLE
13:18:51.273 [qtp781595164-92] DEBUG org.eclipse.jetty.server.HttpConnection - generate: DONE for org.eclipse.jetty.server.HttpConnection$SendCallback@65d1ba13[PROCESSING][i=null,cb=org.eclipse.jetty.server.HttpChannel$SendCallback@2badb365] (null,[p=0,l=0,c=0,r=0],true)@END
13:18:51.274 [qtp781595164-92] DEBUG org.eclipse.jetty.server.HttpOutput - onWriteComplete(true,null) s=CLOSING,api=BLOCKED,sc=false,e=null->s=CLOSED,api=BLOCKING,sc=false,e=null c=null cb=null w=false
13:18:51.274 [qtp781595164-92] DEBUG org.eclipse.jetty.server.Server - handled=true async=false committed=true on HttpChannelOverHttp@5696caee{s=HttpChannelState@52a954e4{s=HANDLING rs=BLOCKING os=COMPLETED is=READY awp=false se=false i=true al=0},r=1,c=false/true,a=HANDLING,uri=//localhost:8080/api/v0/components/products/e929c1aa-d653-439a-9656-04a204a47597/environments,age=14}
13:18:51.274 [qtp781595164-92] DEBUG org.eclipse.jetty.server.HttpChannelState - unhandle HttpChannelState@52a954e4{s=HANDLING rs=BLOCKING os=COMPLETED is=READY awp=false se=false i=true al=0}
13:18:51.274 [qtp781595164-92] DEBUG org.eclipse.jetty.server.HttpChannelState - nextAction(false) COMPLETE HttpChannelState@52a954e4{s=HANDLING rs=COMPLETING os=COMPLETED is=READY awp=false se=false i=false al=0}
13:18:51.274 [qtp781595164-92] DEBUG org.eclipse.jetty.server.HttpChannel - action COMPLETE HttpChannelOverHttp@5696caee{s=HttpChannelState@52a954e4{s=HANDLING rs=COMPLETING os=COMPLETED is=READY awp=false se=false i=false al=0},r=1,c=false/true,a=HANDLING,uri=//localhost:8080/api/v0/components/products/e929c1aa-d653-439a-9656-04a204a47597/environments,age=14}
13:18:51.274 [qtp781595164-92] DEBUG org.eclipse.jetty.server.HttpOutput - complete(org.eclipse.jetty.util.Callback$4@43c49521) s=CLOSED,api=BLOCKING,sc=false,e=null s=true e=null, c=null
13:18:51.274 [qtp781595164-92] DEBUG org.eclipse.jetty.server.HttpChannelState - completed HttpChannelState@52a954e4{s=HANDLING rs=COMPLETING os=COMPLETED is=READY awp=false se=false i=false al=0}
13:18:51.274 [qtp781595164-92] DEBUG org.eclipse.jetty.server.HttpChannelState - unhandle HttpChannelState@52a954e4{s=HANDLING rs=COMPLETED os=COMPLETED is=READY awp=false se=false i=false al=0}
13:18:51.274 [qtp781595164-92] DEBUG org.eclipse.jetty.server.HttpChannelState - nextAction(false) TERMINATED HttpChannelState@52a954e4{s=IDLE rs=COMPLETED os=COMPLETED is=READY awp=false se=false i=false al=0}
13:18:51.274 [qtp781595164-92] DEBUG org.eclipse.jetty.server.HttpChannel - action TERMINATED HttpChannelOverHttp@5696caee{s=HttpChannelState@52a954e4{s=IDLE rs=COMPLETED os=COMPLETED is=READY awp=false se=false i=false al=0},r=1,c=true/true,a=IDLE,uri=//localhost:8080/api/v0/components/products/e929c1aa-d653-439a-9656-04a204a47597/environments,age=14}
13:18:51.274 [qtp781595164-92] DEBUG org.eclipse.jetty.server.HttpChannel - onCompleted for /api/v0/components/products/e929c1aa-d653-439a-9656-04a204a47597/environments written=0
13:18:51.274 [qtp781595164-92] DEBUG org.eclipse.jetty.server.HttpChannelState - recycle HttpChannelState@52a954e4{s=IDLE rs=COMPLETED os=COMPLETED is=READY awp=false se=false i=false al=0}
13:18:51.274 [qtp781595164-92] DEBUG org.eclipse.jetty.http.HttpParser - reset HttpParser{s=END,0 of -1}
13:18:51.274 [qtp781595164-92] DEBUG org.eclipse.jetty.http.HttpParser - END --> START
13:18:51.274 [qtp781595164-92] DEBUG org.eclipse.jetty.server.HttpChannel - !handle TERMINATED HttpChannelOverHttp@5696caee{s=HttpChannelState@52a954e4{s=IDLE rs=BLOCKING os=OPEN is=IDLE awp=false se=false i=true al=0},r=1,c=false/false,a=IDLE,uri=null,age=0}
13:18:51.274 [qtp781595164-92] DEBUG org.eclipse.jetty.io.ChannelEndPoint - filled 0 HeapByteBuffer@40573931[p=0,l=0,c=8192,r=0]={<<<>>>HTTP/1.1 ...\x00\x00\x00\x00\x00\x00\x00}
13:18:51.274 [qtp781595164-92] DEBUG org.eclipse.jetty.io.ChannelEndPoint - filled 0 HeapByteBuffer@40573931[p=0,l=0,c=8192,r=0]={<<<>>>HTTP/1.1 ...\x00\x00\x00\x00\x00\x00\x00}
13:18:51.274 [qtp781595164-92] DEBUG org.eclipse.jetty.server.HttpConnection - HttpConnection@17abc0d5::NetworkTrafficSocketChannelEndPoint@58513f94{/127.0.0.1:65022<->/127.0.0.1:8080,OPEN,fill=-,flush=-,to=1/30000}{io=0/0,kio=0,kro=1}->HttpConnection@17abc0d5[p=HttpParser{s=START,0 of -1},g=HttpGenerator@46d7e02b{s=START}]=>HttpChannelOverHttp@5696caee{s=HttpChannelState@52a954e4{s=IDLE rs=BLOCKING os=OPEN is=IDLE awp=false se=false i=true al=0},r=1,c=false/false,a=IDLE,uri=null,age=0} filled 0 HeapByteBuffer@40573931[p=0,l=0,c=8192,r=0]={<<<>>>HTTP/1.1 ...\x00\x00\x00\x00\x00\x00\x00}
13:18:51.274 [qtp781595164-92] DEBUG org.eclipse.jetty.server.HttpConnection - HttpConnection@17abc0d5::NetworkTrafficSocketChannelEndPoint@58513f94{/127.0.0.1:65022<->/127.0.0.1:8080,OPEN,fill=-,flush=-,to=1/30000}{io=0/0,kio=0,kro=1}->HttpConnection@17abc0d5[p=HttpParser{s=START,0 of -1},g=HttpGenerator@46d7e02b{s=START}]=>HttpChannelOverHttp@5696caee{s=HttpChannelState@52a954e4{s=IDLE rs=BLOCKING os=OPEN is=IDLE awp=false se=false i=true al=0},r=1,c=false/false,a=IDLE,uri=null,age=0} parse HeapByteBuffer@40573931[p=0,l=0,c=8192,r=0]={<<<>>>HTTP/1.1 ...\x00\x00\x00\x00\x00\x00\x00} {}
13:18:51.274 [qtp781595164-92] DEBUG org.eclipse.jetty.http.HttpParser - parseNext s=START HeapByteBuffer@40573931[p=0,l=0,c=8192,r=0]={<<<>>>HTTP/1.1 ...\x00\x00\x00\x00\x00\x00\x00}
13:18:51.275 [qtp781595164-92] DEBUG org.eclipse.jetty.server.HttpConnection - HttpConnection@17abc0d5::NetworkTrafficSocketChannelEndPoint@58513f94{/127.0.0.1:65022<->/127.0.0.1:8080,OPEN,fill=-,flush=-,to=1/30000}{io=0/0,kio=0,kro=1}->HttpConnection@17abc0d5[p=HttpParser{s=START,0 of -1},g=HttpGenerator@46d7e02b{s=START}]=>HttpChannelOverHttp@5696caee{s=HttpChannelState@52a954e4{s=IDLE rs=BLOCKING os=OPEN is=IDLE awp=false se=false i=true al=0},r=1,c=false/false,a=IDLE,uri=null,age=0} parsed false HttpParser{s=START,0 of -1}
13:18:51.275 [qtp781595164-92] DEBUG org.eclipse.jetty.server.HttpConnection - releaseRequestBuffer HttpConnection@17abc0d5::NetworkTrafficSocketChannelEndPoint@58513f94{/127.0.0.1:65022<->/127.0.0.1:8080,OPEN,fill=-,flush=-,to=1/30000}{io=0/0,kio=0,kro=1}->HttpConnection@17abc0d5[p=HttpParser{s=START,0 of -1},g=HttpGenerator@46d7e02b{s=START}]=>HttpChannelOverHttp@5696caee{s=HttpChannelState@52a954e4{s=IDLE rs=BLOCKING os=OPEN is=IDLE awp=false se=false i=true al=0},r=1,c=false/false,a=IDLE,uri=null,age=0}
13:18:51.275 [qtp781595164-92] DEBUG org.eclipse.jetty.io.AbstractConnection - fillInterested HttpConnection@17abc0d5::NetworkTrafficSocketChannelEndPoint@58513f94{/127.0.0.1:65022<->/127.0.0.1:8080,OPEN,fill=-,flush=-,to=1/30000}{io=0/0,kio=0,kro=1}->HttpConnection@17abc0d5[p=HttpParser{s=START,0 of -1},g=HttpGenerator@46d7e02b{s=START}]=>HttpChannelOverHttp@5696caee{s=HttpChannelState@52a954e4{s=IDLE rs=BLOCKING os=OPEN is=IDLE awp=false se=false i=true al=0},r=1,c=false/false,a=IDLE,uri=null,age=0}
13:18:51.275 [qtp781595164-92] DEBUG org.eclipse.jetty.io.FillInterest - interested FillInterest@267693a5{AC.ReadCB@17abc0d5{HttpConnection@17abc0d5::NetworkTrafficSocketChannelEndPoint@58513f94{/127.0.0.1:65022<->/127.0.0.1:8080,OPEN,fill=FI,flush=-,to=0/30000}{io=0/0,kio=0,kro=1}->HttpConnection@17abc0d5[p=HttpParser{s=START,0 of -1},g=HttpGenerator@46d7e02b{s=START}]=>HttpChannelOverHttp@5696caee{s=HttpChannelState@52a954e4{s=IDLE rs=BLOCKING os=OPEN is=IDLE awp=false se=false i=true al=0},r=1,c=false/false,a=IDLE,uri=null,age=0}}}
13:18:51.275 [qtp781595164-92] DEBUG org.eclipse.jetty.io.ChannelEndPoint - changeInterests p=false 0->1 for NetworkTrafficSocketChannelEndPoint@58513f94{/127.0.0.1:65022<->/127.0.0.1:8080,OPEN,fill=FI,flush=-,to=0/30000}{io=0/1,kio=0,kro=1}->HttpConnection@17abc0d5[p=HttpParser{s=START,0 of -1},g=HttpGenerator@46d7e02b{s=START}]=>HttpChannelOverHttp@5696caee{s=HttpChannelState@52a954e4{s=IDLE rs=BLOCKING os=OPEN is=IDLE awp=false se=false i=true al=0},r=1,c=false/false,a=IDLE,uri=null,age=0}
13:18:51.275 [qtp781595164-92] DEBUG org.eclipse.jetty.io.ManagedSelector - Queued change org.eclipse.jetty.io.ChannelEndPoint$1@3ee0edfb on ManagedSelector@472b777f{STARTED} id=0 keys=1 selected=0 updates=0
13:18:51.275 [qtp781595164-92] DEBUG org.eclipse.jetty.io.ManagedSelector - Wakeup on submit ManagedSelector@472b777f{STARTED} id=0 keys=1 selected=0 updates=1
13:18:51.275 [qtp781595164-92] DEBUG org.eclipse.jetty.server.HttpConnection - HttpConnection@17abc0d5::NetworkTrafficSocketChannelEndPoint@58513f94{/127.0.0.1:65022<->/127.0.0.1:8080,OPEN,fill=FI,flush=-,to=0/30000}{io=0/1,kio=0,kro=1}->HttpConnection@17abc0d5[p=HttpParser{s=START,0 of -1},g=HttpGenerator@46d7e02b{s=START}]=>HttpChannelOverHttp@5696caee{s=HttpChannelState@52a954e4{s=IDLE rs=BLOCKING os=OPEN is=IDLE awp=false se=false i=true al=0},r=1,c=false/false,a=IDLE,uri=null,age=0} onFillable exit HttpChannelState@52a954e4{s=IDLE rs=BLOCKING os=OPEN is=IDLE awp=false se=false i=true al=0} null
13:18:51.275 [qtp781595164-92] DEBUG org.eclipse.jetty.util.thread.QueuedThreadPool - ran org.eclipse.jetty.io.ManagedSelector$$Lambda$425/0x00000001005fc040@143751b in QueuedThreadPool[qtp781595164]@2e96321c{STARTED,8<=8<=14,i=1,r=1,q=0}[ReservedThreadExecutor@5e1e7972{s=1/1,p=0}]
13:18:51.276 [reactor-http-nio-2] DEBUG reactor.netty.http.client.HttpClientOperations - [id: 0xd4142ed4, L:/127.0.0.1:65022 - R:localhost/127.0.0.1:8080] Received response (auto-read:false) : [Matched-Stub-Id=e6e389f5-84f1-4173-8aa6-7c1b446bb653, Transfer-Encoding=chunked, Server=Jetty(9.4.28.v20200408)]
13:18:51.276 [reactor-http-nio-2] DEBUG reactor.netty.resources.PooledConnectionProvider - [id: 0xd4142ed4, L:/127.0.0.1:65022 - R:localhost/127.0.0.1:8080] onStateChange(GET{uri=/api/v0/components/products/e929c1aa-d653-439a-9656-04a204a47597/environments, connection=PooledConnection{channel=[id: 0xd4142ed4, L:/127.0.0.1:65022 - R:localhost/127.0.0.1:8080]}}, [response_received])
13:18:51.276 [reactor-http-nio-2] DEBUG org.springframework.web.reactive.function.client.ExchangeFunctions - [54a0b96a] Response 401 UNAUTHORIZED
13:18:51.284 [qtp781595164-97] DEBUG org.eclipse.jetty.io.ManagedSelector - Selector sun.nio.ch.WindowsSelectorImpl@74793139 woken with none selected
13:18:51.285 [qtp781595164-97] DEBUG org.eclipse.jetty.io.ManagedSelector - Selector sun.nio.ch.WindowsSelectorImpl@74793139 woken up from select, 0/0/1 selected
13:18:51.285 [qtp781595164-97] DEBUG org.eclipse.jetty.io.ManagedSelector - Selector sun.nio.ch.WindowsSelectorImpl@74793139 processing 0 keys, 1 updates
13:18:51.285 [qtp781595164-97] DEBUG org.eclipse.jetty.io.ManagedSelector - updateable 1
13:18:51.285 [qtp781595164-97] DEBUG org.eclipse.jetty.io.ManagedSelector - update org.eclipse.jetty.io.ChannelEndPoint$1@3ee0edfb
13:18:51.285 [reactor-http-nio-2] DEBUG reactor.netty.channel.FluxReceive - [id: 0xd4142ed4, L:/127.0.0.1:65022 - R:localhost/127.0.0.1:8080] Subscribing inbound receiver [pending: 0, cancelled:false, inboundDone: false]
13:18:51.285 [qtp781595164-97] DEBUG org.eclipse.jetty.io.ChannelEndPoint - Key interests updated 0 -> 1 on NetworkTrafficSocketChannelEndPoint@58513f94{/127.0.0.1:65022<->/127.0.0.1:8080,OPEN,fill=FI,flush=-,to=10/30000}{io=1/1,kio=1,kro=1}->HttpConnection@17abc0d5[p=HttpParser{s=START,0 of -1},g=HttpGenerator@46d7e02b{s=START}]=>HttpChannelOverHttp@5696caee{s=HttpChannelState@52a954e4{s=IDLE rs=BLOCKING os=OPEN is=IDLE awp=false se=false i=true al=0},r=1,c=false/false,a=IDLE,uri=null,age=0}
13:18:51.285 [qtp781595164-97] DEBUG org.eclipse.jetty.io.ManagedSelector - updates 0
13:18:51.285 [qtp781595164-97] DEBUG org.eclipse.jetty.io.ManagedSelector - Selector sun.nio.ch.WindowsSelectorImpl@74793139 waiting with 1 keys
13:18:51.285 [reactor-http-nio-2] DEBUG reactor.netty.http.client.HttpClientOperations - [id: 0xd4142ed4, L:/127.0.0.1:65022 - R:localhost/127.0.0.1:8080] Received last HTTP packet
13:18:51.287 [reactor-http-nio-2] INFO com.bi.edp.configuration_stack.adapter.client.catalog.CatalogClient - CatalogClient unauthorized, trying to log in
13:18:51.288 [reactor-http-nio-2] DEBUG org.springframework.web.reactive.function.client.ExchangeFunctions - [29b32475] HTTP POST http://localhost:8080/api/v0/components/login
13:18:51.289 [reactor-http-nio-2] DEBUG reactor.netty.resources.PooledConnectionProvider - [id: 0x1ea5d514] Created a new pooled channel, now 2 active connections and 0 inactive connections
13:18:51.289 [reactor-http-nio-2] DEBUG reactor.netty.channel.BootstrapHandlers - [id: 0x1ea5d514] Initialized pipeline DefaultChannelPipeline{(BootstrapHandlers$BootstrapInitializerHandler#0 = reactor.netty.channel.BootstrapHandlers$BootstrapInitializerHandler), (PooledConnectionProvider$PooledConnectionAllocator$PooledConnectionInitializer#0 = reactor.netty.resources.PooledConnectionProvider$PooledConnectionAllocator$PooledConnectionInitializer), (reactor.left.httpCodec = io.netty.handler.codec.http.HttpClientCodec), (reactor.right.reactiveBridge = reactor.netty.channel.ChannelOperationsHandler)}
13:18:51.290 [reactor-http-nio-2] DEBUG reactor.netty.resources.PooledConnectionProvider - [id: 0xd4142ed4, L:/127.0.0.1:65022 - R:localhost/127.0.0.1:8080] onStateChange(GET{uri=/api/v0/components/products/e929c1aa-d653-439a-9656-04a204a47597/environments, connection=PooledConnection{channel=[id: 0xd4142ed4, L:/127.0.0.1:65022 - R:localhost/127.0.0.1:8080]}}, [response_completed])
13:18:51.290 [reactor-http-nio-2] DEBUG reactor.netty.ReactorNetty - [id: 0xd4142ed4, L:/127.0.0.1:65022 - R:localhost/127.0.0.1:8080] Removed handler: ReadTimeoutHandler, pipeline: DefaultChannelPipeline{(reactor.left.httpCodec = io.netty.handler.codec.http.HttpClientCodec), (WriteTimeoutHandler = io.netty.handler.timeout.WriteTimeoutHandler), (reactor.right.reactiveBridge = reactor.netty.channel.ChannelOperationsHandler)}
13:18:51.290 [reactor-http-nio-2] DEBUG reactor.netty.ReactorNetty - [id: 0xd4142ed4, L:/127.0.0.1:65022 - R:localhost/127.0.0.1:8080] Removed handler: WriteTimeoutHandler, pipeline: DefaultChannelPipeline{(reactor.left.httpCodec = io.netty.handler.codec.http.HttpClientCodec), (reactor.right.reactiveBridge = reactor.netty.channel.ChannelOperationsHandler)}
13:18:51.290 [reactor-http-nio-2] DEBUG reactor.netty.resources.PooledConnectionProvider - [id: 0xd4142ed4, L:/127.0.0.1:65022 - R:localhost/127.0.0.1:8080] onStateChange(GET{uri=/api/v0/components/products/e929c1aa-d653-439a-9656-04a204a47597/environments, connection=PooledConnection{channel=[id: 0xd4142ed4, L:/127.0.0.1:65022 - R:localhost/127.0.0.1:8080]}}, [disconnecting])
13:18:51.290 [reactor-http-nio-2] DEBUG reactor.netty.resources.PooledConnectionProvider - [id: 0xd4142ed4, L:/127.0.0.1:65022 - R:localhost/127.0.0.1:8080] Releasing channel
13:18:51.290 [reactor-http-nio-2] DEBUG reactor.netty.resources.PooledConnectionProvider - [id: 0xd4142ed4, L:/127.0.0.1:65022 - R:localhost/127.0.0.1:8080] Channel cleaned, now 1 active connections and 1 inactive connections
13:18:51.291 [reactor-http-nio-2] DEBUG reactor.netty.resources.PooledConnectionProvider - [id: 0x1ea5d514, L:/127.0.0.1:65023 - R:localhost/127.0.0.1:8080] Registering pool release on close event for channel
13:18:51.291 [reactor-http-nio-2] DEBUG reactor.netty.resources.PooledConnectionProvider - [id: 0x1ea5d514, L:/127.0.0.1:65023 - R:localhost/127.0.0.1:8080] Channel connected, now 1 active connections and 1 inactive connections
13:18:51.291 [reactor-http-nio-2] DEBUG reactor.netty.resources.PooledConnectionProvider - [id: 0x1ea5d514, L:/127.0.0.1:65023 - R:localhost/127.0.0.1:8080] onStateChange(PooledConnection{channel=[id: 0x1ea5d514, L:/127.0.0.1:65023 - R:localhost/127.0.0.1:8080]}, [connected])
13:18:51.292 [reactor-http-nio-2] DEBUG reactor.netty.resources.PooledConnectionProvider - [id: 0x1ea5d514, L:/127.0.0.1:65023 - R:localhost/127.0.0.1:8080] onStateChange(GET{uri=/, connection=PooledConnection{channel=[id: 0x1ea5d514, L:/127.0.0.1:65023 - R:localhost/127.0.0.1:8080]}}, [configured])
13:18:51.292 [reactor-http-nio-2] DEBUG reactor.netty.ReactorNetty - [id: 0x1ea5d514, L:/127.0.0.1:65023 - R:localhost/127.0.0.1:8080] Added decoder [ReadTimeoutHandler] at the end of the user pipeline, full pipeline: [reactor.left.httpCodec, ReadTimeoutHandler, reactor.right.reactiveBridge, DefaultChannelPipeline$TailContext#0]
13:18:51.292 [reactor-http-nio-2] DEBUG reactor.netty.ReactorNetty - [id: 0x1ea5d514, L:/127.0.0.1:65023 - R:localhost/127.0.0.1:8080] Added decoder [WriteTimeoutHandler] at the end of the user pipeline, full pipeline: [reactor.left.httpCodec, ReadTimeoutHandler, WriteTimeoutHandler, reactor.right.reactiveBridge, DefaultChannelPipeline$TailContext#0]
13:18:51.292 [reactor-http-nio-2] DEBUG reactor.netty.http.client.HttpClientConnect - [id: 0x1ea5d514, L:/127.0.0.1:65023 - R:localhost/127.0.0.1:8080] Handler is being applied: {uri=http://localhost:8080/api/v0/components/login, method=POST}
13:18:51.292 [reactor-http-nio-2] DEBUG reactor.netty.resources.PooledConnectionProvider - [id: 0x1ea5d514, L:/127.0.0.1:65023 - R:localhost/127.0.0.1:8080] onStateChange(POST{uri=/api/v0/components/login, connection=PooledConnection{channel=[id: 0x1ea5d514, L:/127.0.0.1:65023 - R:localhost/127.0.0.1:8080]}}, [request_prepared])
13:18:51.292 [qtp781595164-95-acceptor-1@65638fa0-NetworkTrafficServerConnector@71b0284a{HTTP/1.1, (http/1.1)}{0.0.0.0:8080}] DEBUG org.eclipse.jetty.io.ManagedSelector - Queued change org.eclipse.jetty.io.ManagedSelector$Accept@5b1ac5bc on ManagedSelector@1d4f6942{STARTED} id=1 keys=1 selected=0 updates=0
13:18:51.292 [qtp781595164-95-acceptor-1@65638fa0-NetworkTrafficServerConnector@71b0284a{HTTP/1.1, (http/1.1)}{0.0.0.0:8080}] DEBUG org.eclipse.jetty.io.ManagedSelector - Wakeup on submit ManagedSelector@1d4f6942{STARTED} id=1 keys=1 selected=0 updates=1
13:18:51.293 [qtp781595164-93] DEBUG org.eclipse.jetty.io.ManagedSelector - Selector sun.nio.ch.WindowsSelectorImpl@146bda14 woken with none selected
13:18:51.293 [qtp781595164-93] DEBUG org.eclipse.jetty.io.ManagedSelector - Selector sun.nio.ch.WindowsSelectorImpl@146bda14 woken up from select, 0/0/1 selected
13:18:51.293 [qtp781595164-93] DEBUG org.eclipse.jetty.io.ManagedSelector - Selector sun.nio.ch.WindowsSelectorImpl@146bda14 processing 0 keys, 1 updates
13:18:51.293 [qtp781595164-93] DEBUG org.eclipse.jetty.io.ManagedSelector - updateable 1
13:18:51.293 [qtp781595164-93] DEBUG org.eclipse.jetty.io.ManagedSelector - update org.eclipse.jetty.io.ManagedSelector$Accept@5b1ac5bc
13:18:51.293 [qtp781595164-93] DEBUG org.eclipse.jetty.util.thread.QueuedThreadPool - queue org.eclipse.jetty.io.ManagedSelector$Accept@5b1ac5bc startThread=0
13:18:51.293 [qtp781595164-93] DEBUG org.eclipse.jetty.io.ManagedSelector - updates 0
13:18:51.293 [qtp781595164-93] DEBUG org.eclipse.jetty.io.ManagedSelector - Selector sun.nio.ch.WindowsSelectorImpl@146bda14 waiting with 2 keys
13:18:51.293 [reactor-http-nio-2] DEBUG org.springframework.core.codec.CharSequenceEncoder - [29b32475] Writing "{"password":"123456","username":"catalogClientApi"}"
13:18:51.294 [reactor-http-nio-2] DEBUG reactor.netty.resources.PooledConnectionProvider - [id: 0x1ea5d514, L:/127.0.0.1:65023 - R:localhost/127.0.0.1:8080] onStateChange(POST{uri=/api/v0/components/login, connection=PooledConnection{channel=[id: 0x1ea5d514, L:/127.0.0.1:65023 - R:localhost/127.0.0.1:8080]}}, [request_sent])
13:18:51.295 [qtp781595164-99] DEBUG org.eclipse.jetty.util.thread.QueuedThreadPool - run org.eclipse.jetty.io.ManagedSelector$Accept@5b1ac5bc in QueuedThreadPool[qtp781595164]@2e96321c{STARTED,8<=8<=14,i=1,r=1,q=0}[ReservedThreadExecutor@5e1e7972{s=1/1,p=0}]
13:18:51.295 [qtp781595164-99] DEBUG org.eclipse.jetty.io.IdleTimeout - NetworkTrafficSocketChannelEndPoint@77843f9a{/127.0.0.1:65023<->/127.0.0.1:8080,OPEN,fill=-,flush=-,to=0/30000}{io=0/0,kio=0,kro=0}-><null> idle timeout check, elapsed: 0 ms, remaining: 30000 ms
13:18:51.295 [qtp781595164-99] DEBUG org.eclipse.jetty.server.HttpChannel - new HttpChannelOverHttp@eab5ff9{s=HttpChannelState@1cd21e32{s=IDLE rs=BLOCKING os=OPEN is=IDLE awp=false se=false i=true al=0},r=0,c=false/false,a=IDLE,uri=null,age=0} -> NetworkTrafficSocketChannelEndPoint@77843f9a{/127.0.0.1:65023<->/127.0.0.1:8080,OPEN,fill=-,flush=-,to=0/30000}{io=0/0,kio=0,kro=0}-><null>,null,HttpChannelState@1cd21e32{s=IDLE rs=BLOCKING os=OPEN is=IDLE awp=false se=false i=true al=0}
13:18:51.296 [qtp781595164-99] DEBUG org.eclipse.jetty.server.HttpConnection - New HTTP Connection HttpConnection@25e4a766::NetworkTrafficSocketChannelEndPoint@77843f9a{/127.0.0.1:65023<->/127.0.0.1:8080,OPEN,fill=-,flush=-,to=0/30000}{io=0/0,kio=0,kro=0}-><null>
13:18:51.296 [qtp781595164-99] DEBUG org.eclipse.jetty.io.AbstractEndPoint - onOpen NetworkTrafficSocketChannelEndPoint@77843f9a{/127.0.0.1:65023<->/127.0.0.1:8080,OPEN,fill=-,flush=-,to=0/30000}{io=0/0,kio=0,kro=0}->HttpConnection@25e4a766[p=HttpParser{s=START,0 of -1},g=HttpGenerator@73ca24af{s=START}]=>HttpChannelOverHttp@eab5ff9{s=HttpChannelState@1cd21e32{s=IDLE rs=BLOCKING os=OPEN is=IDLE awp=false se=false i=true al=0},r=0,c=false/false,a=IDLE,uri=null,age=0}
13:18:51.296 [qtp781595164-99] DEBUG org.eclipse.jetty.io.AbstractConnection - onOpen HttpConnection@25e4a766::NetworkTrafficSocketChannelEndPoint@77843f9a{/127.0.0.1:65023<->/127.0.0.1:8080,OPEN,fill=-,flush=-,to=0/30000}{io=0/0,kio=0,kro=0}->HttpConnection@25e4a766[p=HttpParser{s=START,0 of -1},g=HttpGenerator@73ca24af{s=START}]=>HttpChannelOverHttp@eab5ff9{s=HttpChannelState@1cd21e32{s=IDLE rs=BLOCKING os=OPEN is=IDLE awp=false se=false i=true al=0},r=0,c=false/false,a=IDLE,uri=null,age=0}
13:18:51.296 [qtp781595164-99] DEBUG org.eclipse.jetty.io.AbstractConnection - fillInterested HttpConnection@25e4a766::NetworkTrafficSocketChannelEndPoint@77843f9a{/127.0.0.1:65023<->/127.0.0.1:8080,OPEN,fill=-,flush=-,to=0/30000}{io=0/0,kio=0,kro=0}->HttpConnection@25e4a766[p=HttpParser{s=START,0 of -1},g=HttpGenerator@73ca24af{s=START}]=>HttpChannelOverHttp@eab5ff9{s=HttpChannelState@1cd21e32{s=IDLE rs=BLOCKING os=OPEN is=IDLE awp=false se=false i=true al=0},r=0,c=false/false,a=IDLE,uri=null,age=0}
13:18:51.296 [qtp781595164-99] DEBUG org.eclipse.jetty.io.FillInterest - interested FillInterest@274af9b8{AC.ReadCB@25e4a766{HttpConnection@25e4a766::NetworkTrafficSocketChannelEndPoint@77843f9a{/127.0.0.1:65023<->/127.0.0.1:8080,OPEN,fill=FI,flush=-,to=0/30000}{io=0/0,kio=0,kro=0}->HttpConnection@25e4a766[p=HttpParser{s=START,0 of -1},g=HttpGenerator@73ca24af{s=START}]=>HttpChannelOverHttp@eab5ff9{s=HttpChannelState@1cd21e32{s=IDLE rs=BLOCKING os=OPEN is=IDLE awp=false se=false i=true al=0},r=0,c=false/false,a=IDLE,uri=null,age=0}}}
13:18:51.296 [qtp781595164-99] DEBUG org.eclipse.jetty.io.ChannelEndPoint - changeInterests p=false 0->1 for NetworkTrafficSocketChannelEndPoint@77843f9a{/127.0.0.1:65023<->/127.0.0.1:8080,OPEN,fill=FI,flush=-,to=0/30000}{io=0/1,kio=0,kro=0}->HttpConnection@25e4a766[p=HttpParser{s=START,0 of -1},g=HttpGenerator@73ca24af{s=START}]=>HttpChannelOverHttp@eab5ff9{s=HttpChannelState@1cd21e32{s=IDLE rs=BLOCKING os=OPEN is=IDLE awp=false se=false i=true al=0},r=0,c=false/false,a=IDLE,uri=null,age=0}
13:18:51.296 [qtp781595164-99] DEBUG org.eclipse.jetty.io.ManagedSelector - Queued change org.eclipse.jetty.io.ChannelEndPoint$1@2be550ed on ManagedSelector@1d4f6942{STARTED} id=1 keys=2 selected=0 updates=0
13:18:51.296 [qtp781595164-99] DEBUG org.eclipse.jetty.io.ManagedSelector - Wakeup on submit ManagedSelector@1d4f6942{STARTED} id=1 keys=2 selected=0 updates=1
13:18:51.296 [qtp781595164-93] DEBUG org.eclipse.jetty.io.ManagedSelector - Selector sun.nio.ch.WindowsSelectorImpl@146bda14 woken with none selected
13:18:51.296 [qtp781595164-93] DEBUG org.eclipse.jetty.io.ManagedSelector - Selector sun.nio.ch.WindowsSelectorImpl@146bda14 woken up from select, 0/0/2 selected
13:18:51.296 [qtp781595164-93] DEBUG org.eclipse.jetty.io.ManagedSelector - Selector sun.nio.ch.WindowsSelectorImpl@146bda14 processing 0 keys, 1 updates
13:18:51.296 [qtp781595164-93] DEBUG org.eclipse.jetty.io.ManagedSelector - updateable 1
13:18:51.297 [qtp781595164-93] DEBUG org.eclipse.jetty.io.ManagedSelector - update org.eclipse.jetty.io.ChannelEndPoint$1@2be550ed
13:18:51.297 [qtp781595164-93] DEBUG org.eclipse.jetty.io.ChannelEndPoint - Key interests updated 0 -> 1 on NetworkTrafficSocketChannelEndPoint@77843f9a{/127.0.0.1:65023<->/127.0.0.1:8080,OPEN,fill=FI,flush=-,to=0/30000}{io=1/1,kio=1,kro=0}->HttpConnection@25e4a766[p=HttpParser{s=START,0 of -1},g=HttpGenerator@73ca24af{s=START}]=>HttpChannelOverHttp@eab5ff9{s=HttpChannelState@1cd21e32{s=IDLE rs=BLOCKING os=OPEN is=IDLE awp=false se=false i=true al=0},r=0,c=false/false,a=IDLE,uri=null,age=0}
13:18:51.297 [qtp781595164-93] DEBUG org.eclipse.jetty.io.ManagedSelector - updates 0
13:18:51.297 [qtp781595164-93] DEBUG org.eclipse.jetty.io.ManagedSelector - Selector sun.nio.ch.WindowsSelectorImpl@146bda14 waiting with 2 keys
13:18:51.297 [qtp781595164-93] DEBUG org.eclipse.jetty.io.ManagedSelector - Selector sun.nio.ch.WindowsSelectorImpl@146bda14 woken up from select, 1/1/2 selected
13:18:51.297 [qtp781595164-93] DEBUG org.eclipse.jetty.io.ManagedSelector - Selector sun.nio.ch.WindowsSelectorImpl@146bda14 processing 1 keys, 0 updates
13:18:51.297 [qtp781595164-93] DEBUG org.eclipse.jetty.io.ManagedSelector - selected 1 channel=java.nio.channels.SocketChannel[connected local=/127.0.0.1:8080 remote=/127.0.0.1:65023], selector=sun.nio.ch.WindowsSelectorImpl@146bda14, interestOps=1, readyOps=1 NetworkTrafficSocketChannelEndPoint@77843f9a{/127.0.0.1:65023<->/127.0.0.1:8080,OPEN,fill=FI,flush=-,to=0/30000}{io=1/1,kio=1,kro=1}->HttpConnection@25e4a766[p=HttpParser{s=START,0 of -1},g=HttpGenerator@73ca24af{s=START}]=>HttpChannelOverHttp@eab5ff9{s=HttpChannelState@1cd21e32{s=IDLE rs=BLOCKING os=OPEN is=IDLE awp=false se=false i=true al=0},r=0,c=false/false,a=IDLE,uri=null,age=0} 
13:18:51.297 [qtp781595164-93] DEBUG org.eclipse.jetty.io.ChannelEndPoint - onSelected 1->0 r=true w=false for NetworkTrafficSocketChannelEndPoint@77843f9a{/127.0.0.1:65023<->/127.0.0.1:8080,OPEN,fill=FI,flush=-,to=0/30000}{io=1/0,kio=1,kro=1}->HttpConnection@25e4a766[p=HttpParser{s=START,0 of -1},g=HttpGenerator@73ca24af{s=START}]=>HttpChannelOverHttp@eab5ff9{s=HttpChannelState@1cd21e32{s=IDLE rs=BLOCKING os=OPEN is=IDLE awp=false se=false i=true al=0},r=0,c=false/false,a=IDLE,uri=null,age=0}
13:18:51.297 [qtp781595164-93] DEBUG org.eclipse.jetty.io.ChannelEndPoint - task CEP:NetworkTrafficSocketChannelEndPoint@77843f9a{/127.0.0.1:65023<->/127.0.0.1:8080,OPEN,fill=FI,flush=-,to=0/30000}{io=1/0,kio=1,kro=1}->HttpConnection@25e4a766[p=HttpParser{s=START,0 of -1},g=HttpGenerator@73ca24af{s=START}]=>HttpChannelOverHttp@eab5ff9{s=HttpChannelState@1cd21e32{s=IDLE rs=BLOCKING os=OPEN is=IDLE awp=false se=false i=true al=0},r=0,c=false/false,a=IDLE,uri=null,age=0}:runFillable:BLOCKING
13:18:51.297 [qtp781595164-93] DEBUG org.eclipse.jetty.util.thread.ReservedThreadExecutor - ReservedThreadExecutor@5e1e7972{s=1/1,p=0} tryExecute EatWhatYouKill@11f99275/SelectorProducer@8560933/PRODUCING/p=false/QueuedThreadPool[qtp781595164]@2e96321c{STARTED,8<=8<=14,i=1,r=1,q=0}[ReservedThreadExecutor@5e1e7972{s=1/1,p=0}][pc=0,pic=0,pec=1,epc=0]@2020-09-25T13:18:51.2975506+02:00
13:18:51.298 [qtp781595164-93] DEBUG org.eclipse.jetty.util.thread.ReservedThreadExecutor - ReservedThreadExecutor@5e1e7972{s=0/1,p=0}@7e815a49 offer EatWhatYouKill@11f99275/SelectorProducer@8560933/PRODUCING/p=false/QueuedThreadPool[qtp781595164]@2e96321c{STARTED,8<=8<=14,i=1,r=1,q=0}[ReservedThreadExecutor@5e1e7972{s=0/1,p=0}][pc=0,pic=0,pec=1,epc=0]@2020-09-25T13:18:51.2975506+02:00
13:18:51.298 [qtp781595164-93] DEBUG org.eclipse.jetty.util.thread.ReservedThreadExecutor - ReservedThreadExecutor@5e1e7972{s=0/1,p=1} startReservedThread p=1
13:18:51.298 [qtp781595164-93] DEBUG org.eclipse.jetty.util.thread.QueuedThreadPool - queue ReservedThreadExecutor@5e1e7972{s=0/1,p=1}@1160f6ce startThread=0
13:18:51.298 [qtp781595164-99] DEBUG org.eclipse.jetty.io.ManagedSelector - Created NetworkTrafficSocketChannelEndPoint@77843f9a{/127.0.0.1:65023<->/127.0.0.1:8080,OPEN,fill=FI,flush=-,to=1/30000}{io=1/0,kio=1,kro=1}->HttpConnection@25e4a766[p=HttpParser{s=START,0 of -1},g=HttpGenerator@73ca24af{s=START}]=>HttpChannelOverHttp@eab5ff9{s=HttpChannelState@1cd21e32{s=IDLE rs=BLOCKING os=OPEN is=IDLE awp=false se=false i=true al=0},r=0,c=false/false,a=IDLE,uri=null,age=0}
13:18:51.298 [qtp781595164-99] DEBUG org.eclipse.jetty.util.thread.QueuedThreadPool - ran org.eclipse.jetty.io.ManagedSelector$Accept@5b1ac5bc in QueuedThreadPool[qtp781595164]@2e96321c{STARTED,8<=8<=14,i=0,r=1,q=0}[ReservedThreadExecutor@5e1e7972{s=0/1,p=1}]
13:18:51.298 [qtp781595164-93] DEBUG org.eclipse.jetty.util.thread.strategy.EatWhatYouKill - EatWhatYouKill@11f99275/SelectorProducer@8560933/IDLE/p=true/QueuedThreadPool[qtp781595164]@2e96321c{STARTED,8<=8<=14,i=0,r=1,q=0}[ReservedThreadExecutor@5e1e7972{s=0/1,p=1}][pc=0,pic=0,pec=1,epc=0]@2020-09-25T13:18:51.2985527+02:00 m=EXECUTE_PRODUCE_CONSUME t=CEP:NetworkTrafficSocketChannelEndPoint@77843f9a{/127.0.0.1:65023<->/127.0.0.1:8080,OPEN,fill=FI,flush=-,to=1/30000}{io=1/0,kio=1,kro=1}->HttpConnection@25e4a766[p=HttpParser{s=START,0 of -1},g=HttpGenerator@73ca24af{s=START}]=>HttpChannelOverHttp@eab5ff9{s=HttpChannelState@1cd21e32{s=IDLE rs=BLOCKING os=OPEN is=IDLE awp=false se=false i=true al=0},r=0,c=false/false,a=IDLE,uri=null,age=0}:runFillable:BLOCKING/BLOCKING
13:18:51.298 [qtp781595164-99] DEBUG org.eclipse.jetty.util.thread.QueuedThreadPool - run ReservedThreadExecutor@5e1e7972{s=0/1,p=1}@1160f6ce in QueuedThreadPool[qtp781595164]@2e96321c{STARTED,8<=8<=14,i=1,r=1,q=0}[ReservedThreadExecutor@5e1e7972{s=0/1,p=1}]
13:18:51.298 [qtp781595164-99] DEBUG org.eclipse.jetty.util.thread.ReservedThreadExecutor - ReservedThreadExecutor@5e1e7972{s=1/1,p=1}@1160f6ce started
13:18:51.298 [qtp781595164-99] DEBUG org.eclipse.jetty.util.thread.ReservedThreadExecutor - ReservedThreadExecutor@5e1e7972{s=1/1,p=0}@1160f6ce waiting
13:18:51.298 [qtp781595164-93] DEBUG org.eclipse.jetty.io.FillInterest - fillable FillInterest@274af9b8{AC.ReadCB@25e4a766{HttpConnection@25e4a766::NetworkTrafficSocketChannelEndPoint@77843f9a{/127.0.0.1:65023<->/127.0.0.1:8080,OPEN,fill=FI,flush=-,to=1/30000}{io=1/0,kio=1,kro=1}->HttpConnection@25e4a766[p=HttpParser{s=START,0 of -1},g=HttpGenerator@73ca24af{s=START}]=>HttpChannelOverHttp@eab5ff9{s=HttpChannelState@1cd21e32{s=IDLE rs=BLOCKING os=OPEN is=IDLE awp=false se=false i=true al=0},r=0,c=false/false,a=IDLE,uri=null,age=0}}}
13:18:51.298 [qtp781595164-93] DEBUG org.eclipse.jetty.server.HttpConnection - HttpConnection@25e4a766::NetworkTrafficSocketChannelEndPoint@77843f9a{/127.0.0.1:65023<->/127.0.0.1:8080,OPEN,fill=-,flush=-,to=1/30000}{io=1/0,kio=1,kro=1}->HttpConnection@25e4a766[p=HttpParser{s=START,0 of -1},g=HttpGenerator@73ca24af{s=START}]=>HttpChannelOverHttp@eab5ff9{s=HttpChannelState@1cd21e32{s=IDLE rs=BLOCKING os=OPEN is=IDLE awp=false se=false i=true al=0},r=0,c=false/false,a=IDLE,uri=null,age=0} onFillable enter HttpChannelState@1cd21e32{s=IDLE rs=BLOCKING os=OPEN is=IDLE awp=false se=false i=true al=0} null
13:18:51.298 [qtp781595164-93] DEBUG org.eclipse.jetty.io.ChannelEndPoint - filled 220 HeapByteBuffer@40573931[p=0,l=220,c=8192,r=220]={<<<POST /api/v0/components/l...me":"catalogClientApi"}>>>0-49f9-89...\x00\x00\x00\x00\x00\x00\x00}
13:18:51.298 [qtp781595164-93] DEBUG org.eclipse.jetty.server.HttpConnection - HttpConnection@25e4a766::NetworkTrafficSocketChannelEndPoint@77843f9a{/127.0.0.1:65023<->/127.0.0.1:8080,OPEN,fill=-,flush=-,to=0/30000}{io=1/0,kio=1,kro=1}->HttpConnection@25e4a766[p=HttpParser{s=START,0 of -1},g=HttpGenerator@73ca24af{s=START}]=>HttpChannelOverHttp@eab5ff9{s=HttpChannelState@1cd21e32{s=IDLE rs=BLOCKING os=OPEN is=IDLE awp=false se=false i=true al=0},r=0,c=false/false,a=IDLE,uri=null,age=0} filled 220 HeapByteBuffer@40573931[p=0,l=220,c=8192,r=220]={<<<POST /api/v0/components/l...me":"catalogClientApi"}>>>0-49f9-89...\x00\x00\x00\x00\x00\x00\x00}
13:18:51.298 [qtp781595164-93] DEBUG org.eclipse.jetty.server.HttpConnection - HttpConnection@25e4a766::NetworkTrafficSocketChannelEndPoint@77843f9a{/127.0.0.1:65023<->/127.0.0.1:8080,OPEN,fill=-,flush=-,to=0/30000}{io=1/0,kio=1,kro=1}->HttpConnection@25e4a766[p=HttpParser{s=START,0 of -1},g=HttpGenerator@73ca24af{s=START}]=>HttpChannelOverHttp@eab5ff9{s=HttpChannelState@1cd21e32{s=IDLE rs=BLOCKING os=OPEN is=IDLE awp=false se=false i=true al=0},r=0,c=false/false,a=IDLE,uri=null,age=0} parse HeapByteBuffer@40573931[p=0,l=220,c=8192,r=220]={<<<POST /api/v0/components/l...me":"catalogClientApi"}>>>0-49f9-89...\x00\x00\x00\x00\x00\x00\x00} {}
13:18:51.298 [qtp781595164-93] DEBUG org.eclipse.jetty.http.HttpParser - parseNext s=START HeapByteBuffer@40573931[p=0,l=220,c=8192,r=220]={<<<POST /api/v0/components/l...me":"catalogClientApi"}>>>0-49f9-89...\x00\x00\x00\x00\x00\x00\x00}
13:18:51.298 [qtp781595164-93] DEBUG org.eclipse.jetty.http.HttpParser - START --> SPACE1
13:18:51.298 [qtp781595164-93] DEBUG org.eclipse.jetty.http.HttpParser - SPACE1 --> URI
13:18:51.298 [qtp781595164-93] DEBUG org.eclipse.jetty.http.HttpParser - URI --> SPACE2
13:18:51.298 [qtp781595164-93] DEBUG org.eclipse.jetty.http.HttpParser - SPACE2 --> REQUEST_VERSION
13:18:51.298 [qtp781595164-93] DEBUG org.eclipse.jetty.http.HttpParser - REQUEST_VERSION --> HEADER
13:18:51.298 [qtp781595164-93] DEBUG org.eclipse.jetty.http.HttpParser - HEADER:User-Agent --> VALUE
13:18:51.298 [qtp781595164-93] DEBUG org.eclipse.jetty.http.HttpParser - HEADER:User-Agent --> IN_VALUE
13:18:51.299 [qtp781595164-93] DEBUG org.eclipse.jetty.http.HttpParser - HEADER:User-Agent --> FIELD
13:18:51.299 [qtp781595164-93] DEBUG org.eclipse.jetty.http.HttpParser - HEADER:Host --> VALUE
13:18:51.299 [qtp781595164-93] DEBUG org.eclipse.jetty.http.HttpParser - HEADER:Host --> IN_VALUE
13:18:51.299 [qtp781595164-93] DEBUG org.eclipse.jetty.http.HttpParser - HEADER:Host --> FIELD
13:18:51.299 [qtp781595164-93] DEBUG org.eclipse.jetty.http.HttpParser - HEADER:Accept: */* --> IN_VALUE
13:18:51.299 [qtp781595164-93] DEBUG org.eclipse.jetty.http.HttpParser - HEADER:Accept: */* --> FIELD
13:18:51.299 [qtp781595164-93] DEBUG org.eclipse.jetty.http.HttpParser - HEADER:Content-Type: application/json --> IN_VALUE
13:18:51.299 [qtp781595164-93] DEBUG org.eclipse.jetty.http.HttpParser - HEADER:Content-Type: application/json --> FIELD
13:18:51.299 [qtp781595164-93] DEBUG org.eclipse.jetty.http.HttpParser - HEADER:Content-Length --> VALUE
13:18:51.299 [qtp781595164-93] DEBUG org.eclipse.jetty.http.HttpParser - HEADER:Content-Length --> IN_VALUE
13:18:51.299 [qtp781595164-93] DEBUG org.eclipse.jetty.http.HttpParser - HEADER:Content-Length --> FIELD
13:18:51.299 [qtp781595164-93] DEBUG org.eclipse.jetty.http.HttpParser - HEADER --> CONTENT
13:18:51.299 [qtp781595164-93] DEBUG org.eclipse.jetty.server.HttpChannel - REQUEST for //localhost:8080/api/v0/components/login on HttpChannelOverHttp@eab5ff9{s=HttpChannelState@1cd21e32{s=IDLE rs=BLOCKING os=OPEN is=IDLE awp=false se=false i=true al=0},r=1,c=false/false,a=IDLE,uri=//localhost:8080/api/v0/components/login,age=0}
POST //localhost:8080/api/v0/components/login HTTP/1.1
User-Agent: ReactorNetty/0.9.7.RELEASE
Host: localhost:8080
Accept: */*
Content-Type: application/json
Content-Length: 51


13:18:51.299 [qtp781595164-93] DEBUG org.eclipse.jetty.server.HttpConnection - HttpConnection@25e4a766::NetworkTrafficSocketChannelEndPoint@77843f9a{/127.0.0.1:65023<->/127.0.0.1:8080,OPEN,fill=-,flush=-,to=0/30000}{io=1/0,kio=1,kro=1}->HttpConnection@25e4a766[p=HttpParser{s=CONTENT,0 of 51},g=HttpGenerator@73ca24af{s=START}]=>HttpChannelOverHttp@eab5ff9{s=HttpChannelState@1cd21e32{s=IDLE rs=BLOCKING os=OPEN is=IDLE awp=false se=false i=true al=0},r=1,c=false/false,a=IDLE,uri=//localhost:8080/api/v0/components/login,age=0} parsed true HttpParser{s=CONTENT,0 of 51}
13:18:51.299 [qtp781595164-93] DEBUG org.eclipse.jetty.server.HttpChannel - handle //localhost:8080/api/v0/components/login HttpChannelOverHttp@eab5ff9{s=HttpChannelState@1cd21e32{s=IDLE rs=BLOCKING os=OPEN is=IDLE awp=false se=false i=true al=0},r=1,c=false/false,a=IDLE,uri=//localhost:8080/api/v0/components/login,age=0} 
13:18:51.299 [qtp781595164-93] DEBUG org.eclipse.jetty.server.HttpChannelState - handling HttpChannelState@1cd21e32{s=IDLE rs=BLOCKING os=OPEN is=IDLE awp=false se=false i=true al=0}
13:18:51.299 [qtp781595164-93] DEBUG org.eclipse.jetty.server.HttpChannel - action DISPATCH HttpChannelOverHttp@eab5ff9{s=HttpChannelState@1cd21e32{s=HANDLING rs=BLOCKING os=OPEN is=IDLE awp=false se=false i=true al=0},r=1,c=false/false,a=HANDLING,uri=//localhost:8080/api/v0/components/login,age=0}
13:18:51.299 [qtp781595164-93] DEBUG org.eclipse.jetty.server.Server - REQUEST POST /api/v0/components/login on HttpChannelOverHttp@eab5ff9{s=HttpChannelState@1cd21e32{s=HANDLING rs=BLOCKING os=OPEN is=IDLE awp=false se=false i=true al=0},r=1,c=false/false,a=HANDLING,uri=//localhost:8080/api/v0/components/login,age=0}
13:18:51.299 [qtp781595164-93] DEBUG org.eclipse.jetty.server.handler.ContextHandler - scope null||/api/v0/components/login @ o.e.j.s.ServletContextHandler@365484f9{/__admin,null,AVAILABLE}
13:18:51.299 [qtp781595164-93] DEBUG org.eclipse.jetty.server.handler.gzip.GzipHandler - GzipHandler@27e005aa{STARTED,min=32,inflate=-1} handle Request(POST //localhost:8080/api/v0/components/login)@6a001165 in null
13:18:51.299 [qtp781595164-93] DEBUG org.eclipse.jetty.server.handler.ContextHandler - scope null||/api/v0/components/login @ o.e.j.s.ServletContextHandler@6693b5e0{/,null,AVAILABLE}
13:18:51.300 [qtp781595164-93] DEBUG org.eclipse.jetty.server.handler.ContextHandler - context=||/api/v0/components/login @ o.e.j.s.ServletContextHandler@6693b5e0{/,null,AVAILABLE}
13:18:51.300 [qtp781595164-93] DEBUG org.eclipse.jetty.servlet.ServletHandler - servlet |/api/v0/components/login|null -> com.github.tomakehurst.wiremock.servlet.WireMockHandlerDispatchingServlet-442319ed@8f2342d6==com.github.tomakehurst.wiremock.servlet.WireMockHandlerDispatchingServlet,jsp=null,order=-1,inst=true,async=true
13:18:51.300 [qtp781595164-93] DEBUG org.eclipse.jetty.servlet.ServletHandler - chain=org.eclipse.jetty.servlets.CrossOriginFilter-271047ef@271047ef==org.eclipse.jetty.servlets.CrossOriginFilter,inst=true,async=true->com.github.tomakehurst.wiremock.servlet.WireMockHandlerDispatchingServlet-442319ed@8f2342d6==com.github.tomakehurst.wiremock.servlet.WireMockHandlerDispatchingServlet,jsp=null,order=-1,inst=true,async=true
13:18:51.300 [qtp781595164-93] DEBUG org.eclipse.jetty.servlet.ServletHandler - call filter org.eclipse.jetty.servlets.CrossOriginFilter-271047ef@271047ef==org.eclipse.jetty.servlets.CrossOriginFilter,inst=true,async=true
13:18:51.300 [qtp781595164-93] DEBUG org.eclipse.jetty.servlet.ServletHandler - call servlet com.github.tomakehurst.wiremock.servlet.WireMockHandlerDispatchingServlet-442319ed@8f2342d6==com.github.tomakehurst.wiremock.servlet.WireMockHandlerDispatchingServlet,jsp=null,order=-1,inst=true,async=true
13:18:51.300 [qtp781595164-93] DEBUG org.eclipse.jetty.server.HttpConnection - HttpConnection@25e4a766::NetworkTrafficSocketChannelEndPoint@77843f9a{/127.0.0.1:65023<->/127.0.0.1:8080,OPEN,fill=-,flush=-,to=2/30000}{io=1/0,kio=1,kro=1}->HttpConnection@25e4a766[p=HttpParser{s=CONTENT,0 of 51},g=HttpGenerator@73ca24af{s=START}]=>HttpChannelOverHttp@eab5ff9{s=HttpChannelState@1cd21e32{s=HANDLING rs=BLOCKING os=OPEN is=IDLE awp=false se=false i=true al=0},r=1,c=false/false,a=HANDLING,uri=//localhost:8080/api/v0/components/login,age=1} parse HeapByteBuffer@40573931[p=169,l=220,c=8192,r=51]={POST /api... 51\r\n\r\n<<<{"password":"123456","use...me":"catalogClientApi"}>>>0-49f9-89...\x00\x00\x00\x00\x00\x00\x00} {}
13:18:51.300 [qtp781595164-93] DEBUG org.eclipse.jetty.http.HttpParser - parseNext s=CONTENT HeapByteBuffer@40573931[p=169,l=220,c=8192,r=51]={POST /api... 51\r\n\r\n<<<{"password":"123456","use...me":"catalogClientApi"}>>>0-49f9-89...\x00\x00\x00\x00\x00\x00\x00}
13:18:51.300 [qtp781595164-93] DEBUG org.eclipse.jetty.server.HttpChannel - onContent HttpChannelOverHttp@eab5ff9{s=HttpChannelState@1cd21e32{s=HANDLING rs=BLOCKING os=OPEN is=IDLE awp=false se=false i=true al=0},r=1,c=false/false,a=HANDLING,uri=//localhost:8080/api/v0/components/login,age=1} Content@691b95d0{HeapByteBufferR@3bbed39d[p=169,l=220,c=8192,r=51]={POST /api... 51\r\n\r\n<<<{"password":"123456","use...me":"catalogClientApi"}>>>0-49f9-89...\x00\x00\x00\x00\x00\x00\x00}}
13:18:51.301 [qtp781595164-93] DEBUG org.eclipse.jetty.server.HttpInput - HttpInputOverHTTP@2dfe84a2[c=0,q=0,[0]=null,s=STREAM] addContent Content@691b95d0{HeapByteBufferR@3bbed39d[p=169,l=220,c=8192,r=51]={POST /api... 51\r\n\r\n<<<{"password":"123456","use...me":"catalogClientApi"}>>>0-49f9-89...\x00\x00\x00\x00\x00\x00\x00}}
13:18:51.301 [qtp781595164-93] DEBUG org.eclipse.jetty.http.HttpParser - CONTENT --> CONTENT_END
13:18:51.301 [qtp781595164-93] DEBUG org.eclipse.jetty.server.HttpChannel - onContentComplete HttpChannelOverHttp@eab5ff9{s=HttpChannelState@1cd21e32{s=HANDLING rs=BLOCKING os=OPEN is=IDLE awp=false se=false i=true al=0},r=1,c=false/false,a=HANDLING,uri=//localhost:8080/api/v0/components/login,age=2}
13:18:51.301 [qtp781595164-93] DEBUG org.eclipse.jetty.http.HttpParser - CONTENT_END --> END
13:18:51.301 [qtp781595164-93] DEBUG org.eclipse.jetty.server.HttpChannel - onRequestComplete HttpChannelOverHttp@eab5ff9{s=HttpChannelState@1cd21e32{s=HANDLING rs=BLOCKING os=OPEN is=IDLE awp=false se=false i=true al=0},r=1,c=false/false,a=HANDLING,uri=//localhost:8080/api/v0/components/login,age=2}
13:18:51.301 [qtp781595164-93] DEBUG org.eclipse.jetty.server.HttpInput - HttpInputOverHTTP@2dfe84a2[c=0,q=1,[0]=EOF,s=STREAM] addContent EOF
13:18:51.301 [qtp781595164-98] DEBUG org.eclipse.jetty.util.thread.ReservedThreadExecutor - ReservedThreadExecutor@5e1e7972{s=1/1,p=0}@7e815a49 task=EatWhatYouKill@11f99275/SelectorProducer@8560933/IDLE/p=true/QueuedThreadPool[qtp781595164]@2e96321c{STARTED,8<=8<=14,i=1,r=1,q=0}[ReservedThreadExecutor@5e1e7972{s=1/1,p=0}][pc=0,pic=0,pec=1,epc=1]@2020-09-25T13:18:51.3015542+02:00
13:18:51.301 [qtp781595164-98] DEBUG org.eclipse.jetty.util.thread.strategy.EatWhatYouKill - EatWhatYouKill@11f99275/SelectorProducer@8560933/IDLE/p=true/QueuedThreadPool[qtp781595164]@2e96321c{STARTED,8<=8<=14,i=1,r=1,q=0}[ReservedThreadExecutor@5e1e7972{s=1/1,p=0}][pc=0,pic=0,pec=1,epc=1]@2020-09-25T13:18:51.3015542+02:00 tryProduce true
13:18:51.301 [qtp781595164-93] DEBUG org.eclipse.jetty.server.HttpConnection - HttpConnection@25e4a766::NetworkTrafficSocketChannelEndPoint@77843f9a{/127.0.0.1:65023<->/127.0.0.1:8080,OPEN,fill=-,flush=-,to=2/30000}{io=1/0,kio=1,kro=1}->HttpConnection@25e4a766[p=HttpParser{s=END,51 of 51},g=HttpGenerator@73ca24af{s=START}]=>HttpChannelOverHttp@eab5ff9{s=HttpChannelState@1cd21e32{s=HANDLING rs=BLOCKING os=OPEN is=IDLE awp=false se=false i=true al=0},r=1,c=false/false,a=HANDLING,uri=//localhost:8080/api/v0/components/login,age=2} parsed false HttpParser{s=END,51 of 51}
13:18:51.301 [qtp781595164-98] DEBUG org.eclipse.jetty.io.ManagedSelector - updateable 0
13:18:51.301 [qtp781595164-98] DEBUG org.eclipse.jetty.io.ManagedSelector - updates 0
13:18:51.301 [qtp781595164-93] DEBUG org.eclipse.jetty.server.HttpInput - HttpInputOverHTTP@2dfe84a2[c=51,q=1,[0]=EOF,s=STREAM] read 51 from Content@691b95d0{HeapByteBufferR@3bbed39d[p=220,l=220,c=8192,r=0]={POST /api...ntApi"}<<<>>>0-49f9-89...\x00\x00\x00\x00\x00\x00\x00}}
13:18:51.301 [qtp781595164-98] DEBUG org.eclipse.jetty.io.ChannelEndPoint - Key interests updated 1 -> 0 on NetworkTrafficSocketChannelEndPoint@77843f9a{/127.0.0.1:65023<->/127.0.0.1:8080,OPEN,fill=-,flush=-,to=2/30000}{io=0/0,kio=0,kro=1}->HttpConnection@25e4a766[p=HttpParser{s=END,51 of 51},g=HttpGenerator@73ca24af{s=START}]=>HttpChannelOverHttp@eab5ff9{s=HttpChannelState@1cd21e32{s=HANDLING rs=BLOCKING os=OPEN is=IDLE awp=false se=false i=true al=0},r=1,c=false/false,a=HANDLING,uri=//localhost:8080/api/v0/components/login,age=2}
13:18:51.301 [qtp781595164-98] DEBUG org.eclipse.jetty.io.ManagedSelector - Selector sun.nio.ch.WindowsSelectorImpl@146bda14 waiting with 2 keys
13:18:51.301 [qtp781595164-93] DEBUG org.eclipse.jetty.server.HttpConnection - releaseRequestBuffer HttpConnection@25e4a766::NetworkTrafficSocketChannelEndPoint@77843f9a{/127.0.0.1:65023<->/127.0.0.1:8080,OPEN,fill=-,flush=-,to=2/30000}{io=0/0,kio=0,kro=1}->HttpConnection@25e4a766[p=HttpParser{s=END,51 of 51},g=HttpGenerator@73ca24af{s=START}]=>HttpChannelOverHttp@eab5ff9{s=HttpChannelState@1cd21e32{s=HANDLING rs=BLOCKING os=OPEN is=IDLE awp=false se=false i=true al=0},r=1,c=false/false,a=HANDLING,uri=//localhost:8080/api/v0/components/login,age=2}
13:18:51.302 [qtp781595164-93] DEBUG org.eclipse.jetty.server.HttpChannelState - onEof HttpChannelState@1cd21e32{s=HANDLING rs=BLOCKING os=OPEN is=IDLE awp=false se=false i=true al=0}
13:18:51.307 [qtp781595164-93] DEBUG org.eclipse.jetty.server.HttpOutput - write(array HeapByteBuffer@471f2341[p=0,l=21,c=8192,r=21]={<<<{"token":"someToken"}>>>\x00\x00\x00\x00\x00\x00\x00\x00\x00...\x00\x00\x00\x00\x00\x00\x00})
13:18:51.307 [qtp781595164-93] DEBUG org.eclipse.jetty.server.HttpOutput - write(array) s=OPEN,api=BLOCKING,sc=false,e=null aggregated !flush HeapByteBuffer@721f9b67[p=0,l=21,c=32768,r=21]={<<<{"token":"someToken"}>>>\x00\x00\x00\x00\x00\x00\x00\x00\x00...\x00\x00\x00\x00\x00\x00\x00}
13:18:51.307 [qtp781595164-93] DEBUG org.eclipse.jetty.server.handler.gzip.GzipHandler - GzipHandler@27e005aa{STARTED,min=32,inflate=-1} excluded not gzip accept Request(POST //localhost:8080/api/v0/components/login)@6a001165
13:18:51.307 [qtp781595164-93] DEBUG org.eclipse.jetty.server.handler.gzip.GzipHttpOutputInterceptor - org.eclipse.jetty.server.handler.gzip.GzipHttpOutputInterceptor@3ff08c82 exclude no deflater
13:18:51.307 [qtp781595164-93] DEBUG org.eclipse.jetty.server.HttpChannel - sendResponse info=null content=HeapByteBuffer@721f9b67[p=0,l=21,c=32768,r=21]={<<<{"token":"someToken"}>>>\x00\x00\x00\x00\x00\x00\x00\x00\x00...\x00\x00\x00\x00\x00\x00\x00} complete=false committing=true callback=Blocker@6672d44a{null}
13:18:51.307 [qtp781595164-93] DEBUG org.eclipse.jetty.server.HttpChannel - COMMIT for /api/v0/components/login on HttpChannelOverHttp@eab5ff9{s=HttpChannelState@1cd21e32{s=HANDLING rs=BLOCKING os=COMMITTED is=READY awp=false se=false i=true al=0},r=1,c=false/false,a=HANDLING,uri=//localhost:8080/api/v0/components/login,age=8}
200 null HTTP/1.1
Content-Type: application/json
Matched-Stub-Id: f8200022-0935-411d-ad78-bd2225b73641
Vary: Accept-Encoding, User-Agent


13:18:51.307 [qtp781595164-93] DEBUG org.eclipse.jetty.server.HttpConnection - generate: NEED_HEADER for org.eclipse.jetty.server.HttpConnection$SendCallback@5849e6ee[PROCESSING][i=HTTP/1.1{s=200,h=3,cl=-1},cb=org.eclipse.jetty.server.HttpChannel$SendCallback@56039a23] (null,[p=0,l=21,c=32768,r=21],false)@START
13:18:51.307 [qtp781595164-93] DEBUG org.eclipse.jetty.http.HttpGenerator - generateHeaders HTTP/1.1{s=200,h=3,cl=-1} last=false content=HeapByteBuffer@721f9b67[p=0,l=21,c=32768,r=21]={<<<{"token":"someToken"}>>>\x00\x00\x00\x00\x00\x00\x00\x00\x00...\x00\x00\x00\x00\x00\x00\x00}
13:18:51.307 [qtp781595164-93] DEBUG org.eclipse.jetty.http.HttpGenerator - Content-Type: application/json
Matched-Stub-Id: f8200022-0935-411d-ad78-bd2225b73641
Vary: Accept-Encoding, User-Agent


13:18:51.307 [qtp781595164-93] DEBUG org.eclipse.jetty.http.HttpGenerator - CHUNKED_CONTENT
13:18:51.307 [qtp781595164-93] DEBUG org.eclipse.jetty.server.HttpConnection - generate: FLUSH for org.eclipse.jetty.server.HttpConnection$SendCallback@5849e6ee[PROCESSING][i=HTTP/1.1{s=200,h=3,cl=-1},cb=org.eclipse.jetty.server.HttpChannel$SendCallback@56039a23] ([p=0,l=206,c=8192,r=206],[p=0,l=21,c=32768,r=21],false)@COMMITTED
13:18:51.307 [qtp781595164-93] DEBUG org.eclipse.jetty.io.WriteFlusher - write: WriteFlusher@6dac98fd{IDLE}->null [HeapByteBuffer@40573931[p=0,l=206,c=8192,r=206]={<<<HTTP/1.1 200 OK\r\nContent-...4.28.v20200408)\r\n\r\n15\r\n>>>logClient...\x00\x00\x00\x00\x00\x00\x00},HeapByteBuffer@721f9b67[p=0,l=21,c=32768,r=21]={<<<{"token":"someToken"}>>>\x00\x00\x00\x00\x00\x00\x00\x00\x00...\x00\x00\x00\x00\x00\x00\x00}]
13:18:51.307 [qtp781595164-93] DEBUG org.eclipse.jetty.io.WriteFlusher - update WriteFlusher@6dac98fd{WRITING}->null:IDLE-->WRITING
13:18:51.308 [qtp781595164-93] DEBUG org.eclipse.jetty.io.ChannelEndPoint - flushed 206 NetworkTrafficSocketChannelEndPoint@77843f9a{/127.0.0.1:65023<->/127.0.0.1:8080,OPEN,fill=-,flush=W,to=9/30000}{io=0/0,kio=0,kro=1}->HttpConnection@25e4a766[p=HttpParser{s=END,51 of 51},g=HttpGenerator@73ca24af{s=COMMITTED}]=>HttpChannelOverHttp@eab5ff9{s=HttpChannelState@1cd21e32{s=HANDLING rs=BLOCKING os=COMMITTED is=READY awp=false se=false i=true al=0},r=1,c=false/false,a=HANDLING,uri=//localhost:8080/api/v0/components/login,age=9}
13:18:51.308 [qtp781595164-93] DEBUG org.eclipse.jetty.io.ChannelEndPoint - flushed 21 NetworkTrafficSocketChannelEndPoint@77843f9a{/127.0.0.1:65023<->/127.0.0.1:8080,OPEN,fill=-,flush=W,to=0/30000}{io=0/0,kio=0,kro=1}->HttpConnection@25e4a766[p=HttpParser{s=END,51 of 51},g=HttpGenerator@73ca24af{s=COMMITTED}]=>HttpChannelOverHttp@eab5ff9{s=HttpChannelState@1cd21e32{s=HANDLING rs=BLOCKING os=COMMITTED is=READY awp=false se=false i=true al=0},r=1,c=false/false,a=HANDLING,uri=//localhost:8080/api/v0/components/login,age=9}
13:18:51.308 [qtp781595164-93] DEBUG org.eclipse.jetty.io.WriteFlusher - Flushed=true written=227 remaining=0 WriteFlusher@6dac98fd{WRITING}->null
13:18:51.308 [qtp781595164-93] DEBUG org.eclipse.jetty.io.WriteFlusher - update WriteFlusher@6dac98fd{IDLE}->null:WRITING-->IDLE
13:18:51.308 [qtp781595164-93] DEBUG org.eclipse.jetty.server.HttpConnection - generate: DONE for org.eclipse.jetty.server.HttpConnection$SendCallback@5849e6ee[PROCESSING][i=HTTP/1.1{s=200,h=3,cl=-1},cb=org.eclipse.jetty.server.HttpChannel$SendCallback@56039a23] ([p=206,l=206,c=8192,r=0],[p=21,l=21,c=32768,r=0],false)@COMMITTED
13:18:51.308 [qtp781595164-93] DEBUG org.eclipse.jetty.server.HttpOutput - onWriteComplete(false,null) s=OPEN,api=BLOCKED,sc=false,e=null->s=OPEN,api=BLOCKING,sc=false,e=null c=null cb=null w=false
13:18:51.308 [qtp781595164-93] DEBUG org.eclipse.jetty.server.HttpOutput - close() s=CLOSING,api=BLOCKED,sc=false,e=null c=HeapByteBuffer@137d328[p=0,l=0,c=0,r=0]={<<<>>>} b=Blocker@6672d44a{null}
13:18:51.308 [qtp781595164-93] DEBUG org.eclipse.jetty.server.HttpChannel - sendResponse info=null content=HeapByteBuffer@137d328[p=0,l=0,c=0,r=0]={<<<>>>} complete=true committing=false callback=Blocker@6672d44a{null}
13:18:51.308 [reactor-http-nio-2] DEBUG reactor.netty.http.client.HttpClientOperations - [id: 0x1ea5d514, L:/127.0.0.1:65023 - R:localhost/127.0.0.1:8080] Received response (auto-read:false) : [Content-Type=application/json, Matched-Stub-Id=f8200022-0935-411d-ad78-bd2225b73641, Vary=Accept-Encoding, User-Agent, Transfer-Encoding=chunked, Server=Jetty(9.4.28.v20200408)]
13:18:51.308 [qtp781595164-93] DEBUG org.eclipse.jetty.server.HttpConnection - generate: CONTINUE for org.eclipse.jetty.server.HttpConnection$SendCallback@5849e6ee[PROCESSING][i=null,cb=org.eclipse.jetty.server.HttpChannel$SendCallback@1d0cc186] (null,[p=0,l=0,c=0,r=0],true)@COMPLETING
13:18:51.308 [reactor-http-nio-2] DEBUG reactor.netty.resources.PooledConnectionProvider - [id: 0x1ea5d514, L:/127.0.0.1:65023 - R:localhost/127.0.0.1:8080] onStateChange(POST{uri=/api/v0/components/login, connection=PooledConnection{channel=[id: 0x1ea5d514, L:/127.0.0.1:65023 - R:localhost/127.0.0.1:8080]}}, [response_received])
13:18:51.308 [qtp781595164-93] DEBUG org.eclipse.jetty.server.HttpConnection - generate: NEED_CHUNK for org.eclipse.jetty.server.HttpConnection$SendCallback@5849e6ee[PROCESSING][i=null,cb=org.eclipse.jetty.server.HttpChannel$SendCallback@1d0cc186] (null,[p=0,l=0,c=0,r=0],true)@COMPLETING
13:18:51.308 [qtp781595164-93] DEBUG org.eclipse.jetty.server.HttpConnection - generate: FLUSH for org.eclipse.jetty.server.HttpConnection$SendCallback@5849e6ee[PROCESSING][i=null,cb=org.eclipse.jetty.server.HttpChannel$SendCallback@1d0cc186] (null,[p=0,l=0,c=0,r=0],true)@COMPLETING
13:18:51.308 [qtp781595164-93] DEBUG org.eclipse.jetty.io.WriteFlusher - write: WriteFlusher@6dac98fd{IDLE}->null [HeapByteBuffer@58461432[p=0,l=7,c=1024,r=7]={<<<\r\n0\r\n\r\n>>>\x00\x00\x00\x00\x00\x00\x00\x00\x00...\x00\x00\x00\x00\x00\x00\x00}]
13:18:51.308 [reactor-http-nio-2] DEBUG org.springframework.web.reactive.function.client.ExchangeFunctions - [29b32475] Response 200 OK
13:18:51.308 [qtp781595164-93] DEBUG org.eclipse.jetty.io.WriteFlusher - update WriteFlusher@6dac98fd{WRITING}->null:IDLE-->WRITING
13:18:51.309 [qtp781595164-93] DEBUG org.eclipse.jetty.io.ChannelEndPoint - flushed 7 NetworkTrafficSocketChannelEndPoint@77843f9a{/127.0.0.1:65023<->/127.0.0.1:8080,OPEN,fill=-,flush=W,to=0/30000}{io=0/0,kio=0,kro=1}->HttpConnection@25e4a766[p=HttpParser{s=END,51 of 51},g=HttpGenerator@73ca24af{s=COMPLETING}]=>HttpChannelOverHttp@eab5ff9{s=HttpChannelState@1cd21e32{s=HANDLING rs=BLOCKING os=COMMITTED is=READY awp=false se=false i=true al=0},r=1,c=false/false,a=HANDLING,uri=//localhost:8080/api/v0/components/login,age=10}
13:18:51.309 [qtp781595164-93] DEBUG org.eclipse.jetty.io.WriteFlusher - Flushed=true written=7 remaining=0 WriteFlusher@6dac98fd{WRITING}->null
13:18:51.309 [qtp781595164-93] DEBUG org.eclipse.jetty.io.WriteFlusher - update WriteFlusher@6dac98fd{IDLE}->null:WRITING-->IDLE
13:18:51.309 [qtp781595164-93] DEBUG org.eclipse.jetty.server.HttpConnection - generate: DONE for org.eclipse.jetty.server.HttpConnection$SendCallback@5849e6ee[PROCESSING][i=null,cb=org.eclipse.jetty.server.HttpChannel$SendCallback@1d0cc186] (null,[p=0,l=0,c=0,r=0],true)@END
13:18:51.309 [qtp781595164-93] DEBUG org.eclipse.jetty.server.HttpOutput - onWriteComplete(true,null) s=CLOSING,api=BLOCKED,sc=false,e=null->s=CLOSED,api=BLOCKING,sc=false,e=null c=null cb=null w=false
13:18:51.309 [qtp781595164-93] DEBUG org.eclipse.jetty.server.Server - handled=true async=false committed=true on HttpChannelOverHttp@eab5ff9{s=HttpChannelState@1cd21e32{s=HANDLING rs=BLOCKING os=COMPLETED is=READY awp=false se=false i=true al=0},r=1,c=false/true,a=HANDLING,uri=//localhost:8080/api/v0/components/login,age=10}
13:18:51.309 [qtp781595164-93] DEBUG org.eclipse.jetty.server.HttpChannelState - unhandle HttpChannelState@1cd21e32{s=HANDLING rs=BLOCKING os=COMPLETED is=READY awp=false se=false i=true al=0}
13:18:51.309 [qtp781595164-93] DEBUG org.eclipse.jetty.server.HttpChannelState - nextAction(false) COMPLETE HttpChannelState@1cd21e32{s=HANDLING rs=COMPLETING os=COMPLETED is=READY awp=false se=false i=false al=0}
13:18:51.309 [qtp781595164-93] DEBUG org.eclipse.jetty.server.HttpChannel - action COMPLETE HttpChannelOverHttp@eab5ff9{s=HttpChannelState@1cd21e32{s=HANDLING rs=COMPLETING os=COMPLETED is=READY awp=false se=false i=false al=0},r=1,c=false/true,a=HANDLING,uri=//localhost:8080/api/v0/components/login,age=10}
13:18:51.309 [reactor-http-nio-2] DEBUG reactor.netty.channel.FluxReceive - [id: 0x1ea5d514, L:/127.0.0.1:65023 - R:localhost/127.0.0.1:8080] Subscribing inbound receiver [pending: 0, cancelled:false, inboundDone: false]
13:18:51.309 [qtp781595164-93] DEBUG org.eclipse.jetty.server.HttpOutput - complete(org.eclipse.jetty.util.Callback$4@ae52a5f) s=CLOSED,api=BLOCKING,sc=false,e=null s=true e=null, c=null
13:18:51.309 [qtp781595164-93] DEBUG org.eclipse.jetty.server.HttpChannelState - completed HttpChannelState@1cd21e32{s=HANDLING rs=COMPLETING os=COMPLETED is=READY awp=false se=false i=false al=0}
13:18:51.309 [qtp781595164-93] DEBUG org.eclipse.jetty.server.HttpChannelState - unhandle HttpChannelState@1cd21e32{s=HANDLING rs=COMPLETED os=COMPLETED is=READY awp=false se=false i=false al=0}
13:18:51.309 [qtp781595164-93] DEBUG org.eclipse.jetty.server.HttpChannelState - nextAction(false) TERMINATED HttpChannelState@1cd21e32{s=IDLE rs=COMPLETED os=COMPLETED is=READY awp=false se=false i=false al=0}
13:18:51.309 [qtp781595164-93] DEBUG org.eclipse.jetty.server.HttpChannel - action TERMINATED HttpChannelOverHttp@eab5ff9{s=HttpChannelState@1cd21e32{s=IDLE rs=COMPLETED os=COMPLETED is=READY awp=false se=false i=false al=0},r=1,c=true/true,a=IDLE,uri=//localhost:8080/api/v0/components/login,age=10}
13:18:51.309 [qtp781595164-93] DEBUG org.eclipse.jetty.server.HttpChannel - onCompleted for /api/v0/components/login written=21
13:18:51.309 [qtp781595164-93] DEBUG org.eclipse.jetty.server.HttpChannelState - recycle HttpChannelState@1cd21e32{s=IDLE rs=COMPLETED os=COMPLETED is=READY awp=false se=false i=false al=0}
13:18:51.309 [qtp781595164-93] DEBUG org.eclipse.jetty.http.HttpParser - reset HttpParser{s=END,51 of 51}
13:18:51.309 [qtp781595164-93] DEBUG org.eclipse.jetty.http.HttpParser - END --> START
13:18:51.310 [qtp781595164-93] DEBUG org.eclipse.jetty.server.HttpChannel - !handle TERMINATED HttpChannelOverHttp@eab5ff9{s=HttpChannelState@1cd21e32{s=IDLE rs=BLOCKING os=OPEN is=IDLE awp=false se=false i=true al=0},r=1,c=false/false,a=IDLE,uri=null,age=0}
13:18:51.310 [qtp781595164-93] DEBUG org.eclipse.jetty.io.ChannelEndPoint - filled 0 HeapByteBuffer@40573931[p=0,l=0,c=8192,r=0]={<<<>>>HTTP/1.1 ...\x00\x00\x00\x00\x00\x00\x00}
13:18:51.310 [qtp781595164-93] DEBUG org.eclipse.jetty.io.ChannelEndPoint - filled 0 HeapByteBuffer@40573931[p=0,l=0,c=8192,r=0]={<<<>>>HTTP/1.1 ...\x00\x00\x00\x00\x00\x00\x00}
13:18:51.310 [qtp781595164-93] DEBUG org.eclipse.jetty.server.HttpConnection - HttpConnection@25e4a766::NetworkTrafficSocketChannelEndPoint@77843f9a{/127.0.0.1:65023<->/127.0.0.1:8080,OPEN,fill=-,flush=-,to=1/30000}{io=0/0,kio=0,kro=1}->HttpConnection@25e4a766[p=HttpParser{s=START,0 of -1},g=HttpGenerator@73ca24af{s=START}]=>HttpChannelOverHttp@eab5ff9{s=HttpChannelState@1cd21e32{s=IDLE rs=BLOCKING os=OPEN is=IDLE awp=false se=false i=true al=0},r=1,c=false/false,a=IDLE,uri=null,age=0} filled 0 HeapByteBuffer@40573931[p=0,l=0,c=8192,r=0]={<<<>>>HTTP/1.1 ...\x00\x00\x00\x00\x00\x00\x00}
13:18:51.310 [qtp781595164-93] DEBUG org.eclipse.jetty.server.HttpConnection - HttpConnection@25e4a766::NetworkTrafficSocketChannelEndPoint@77843f9a{/127.0.0.1:65023<->/127.0.0.1:8080,OPEN,fill=-,flush=-,to=1/30000}{io=0/0,kio=0,kro=1}->HttpConnection@25e4a766[p=HttpParser{s=START,0 of -1},g=HttpGenerator@73ca24af{s=START}]=>HttpChannelOverHttp@eab5ff9{s=HttpChannelState@1cd21e32{s=IDLE rs=BLOCKING os=OPEN is=IDLE awp=false se=false i=true al=0},r=1,c=false/false,a=IDLE,uri=null,age=0} parse HeapByteBuffer@40573931[p=0,l=0,c=8192,r=0]={<<<>>>HTTP/1.1 ...\x00\x00\x00\x00\x00\x00\x00} {}
13:18:51.310 [qtp781595164-93] DEBUG org.eclipse.jetty.http.HttpParser - parseNext s=START HeapByteBuffer@40573931[p=0,l=0,c=8192,r=0]={<<<>>>HTTP/1.1 ...\x00\x00\x00\x00\x00\x00\x00}
13:18:51.310 [qtp781595164-93] DEBUG org.eclipse.jetty.server.HttpConnection - HttpConnection@25e4a766::NetworkTrafficSocketChannelEndPoint@77843f9a{/127.0.0.1:65023<->/127.0.0.1:8080,OPEN,fill=-,flush=-,to=1/30000}{io=0/0,kio=0,kro=1}->HttpConnection@25e4a766[p=HttpParser{s=START,0 of -1},g=HttpGenerator@73ca24af{s=START}]=>HttpChannelOverHttp@eab5ff9{s=HttpChannelState@1cd21e32{s=IDLE rs=BLOCKING os=OPEN is=IDLE awp=false se=false i=true al=0},r=1,c=false/false,a=IDLE,uri=null,age=0} parsed false HttpParser{s=START,0 of -1}
13:18:51.310 [reactor-http-nio-2] DEBUG reactor.netty.http.client.HttpClientOperations - [id: 0x1ea5d514, L:/127.0.0.1:65023 - R:localhost/127.0.0.1:8080] Received last HTTP packet
13:18:51.310 [qtp781595164-93] DEBUG org.eclipse.jetty.server.HttpConnection - releaseRequestBuffer HttpConnection@25e4a766::NetworkTrafficSocketChannelEndPoint@77843f9a{/127.0.0.1:65023<->/127.0.0.1:8080,OPEN,fill=-,flush=-,to=1/30000}{io=0/0,kio=0,kro=1}->HttpConnection@25e4a766[p=HttpParser{s=START,0 of -1},g=HttpGenerator@73ca24af{s=START}]=>HttpChannelOverHttp@eab5ff9{s=HttpChannelState@1cd21e32{s=IDLE rs=BLOCKING os=OPEN is=IDLE awp=false se=false i=true al=0},r=1,c=false/false,a=IDLE,uri=null,age=0}
13:18:51.310 [qtp781595164-93] DEBUG org.eclipse.jetty.io.AbstractConnection - fillInterested HttpConnection@25e4a766::NetworkTrafficSocketChannelEndPoint@77843f9a{/127.0.0.1:65023<->/127.0.0.1:8080,OPEN,fill=-,flush=-,to=1/30000}{io=0/0,kio=0,kro=1}->HttpConnection@25e4a766[p=HttpParser{s=START,0 of -1},g=HttpGenerator@73ca24af{s=START}]=>HttpChannelOverHttp@eab5ff9{s=HttpChannelState@1cd21e32{s=IDLE rs=BLOCKING os=OPEN is=IDLE awp=false se=false i=true al=0},r=1,c=false/false,a=IDLE,uri=null,age=0}
13:18:51.310 [reactor-http-nio-2] DEBUG org.springframework.core.codec.StringDecoder - [29b32475] Decoded "{"token":"someToken"}"
13:18:51.310 [qtp781595164-93] DEBUG org.eclipse.jetty.io.FillInterest - interested FillInterest@274af9b8{AC.ReadCB@25e4a766{HttpConnection@25e4a766::NetworkTrafficSocketChannelEndPoint@77843f9a{/127.0.0.1:65023<->/127.0.0.1:8080,OPEN,fill=FI,flush=-,to=0/30000}{io=0/0,kio=0,kro=1}->HttpConnection@25e4a766[p=HttpParser{s=START,0 of -1},g=HttpGenerator@73ca24af{s=START}]=>HttpChannelOverHttp@eab5ff9{s=HttpChannelState@1cd21e32{s=IDLE rs=BLOCKING os=OPEN is=IDLE awp=false se=false i=true al=0},r=1,c=false/false,a=IDLE,uri=null,age=0}}}
13:18:51.310 [qtp781595164-93] DEBUG org.eclipse.jetty.io.ChannelEndPoint - changeInterests p=false 0->1 for NetworkTrafficSocketChannelEndPoint@77843f9a{/127.0.0.1:65023<->/127.0.0.1:8080,OPEN,fill=FI,flush=-,to=0/30000}{io=0/1,kio=0,kro=1}->HttpConnection@25e4a766[p=HttpParser{s=START,0 of -1},g=HttpGenerator@73ca24af{s=START}]=>HttpChannelOverHttp@eab5ff9{s=HttpChannelState@1cd21e32{s=IDLE rs=BLOCKING os=OPEN is=IDLE awp=false se=false i=true al=0},r=1,c=false/false,a=IDLE,uri=null,age=0}
13:18:51.310 [qtp781595164-93] DEBUG org.eclipse.jetty.io.ManagedSelector - Queued change org.eclipse.jetty.io.ChannelEndPoint$1@2be550ed on ManagedSelector@1d4f6942{STARTED} id=1 keys=2 selected=0 updates=0
13:18:51.310 [qtp781595164-93] DEBUG org.eclipse.jetty.io.ManagedSelector - Wakeup on submit ManagedSelector@1d4f6942{STARTED} id=1 keys=2 selected=0 updates=1
13:18:51.311 [qtp781595164-98] DEBUG org.eclipse.jetty.io.ManagedSelector - Selector sun.nio.ch.WindowsSelectorImpl@146bda14 woken with none selected
13:18:51.311 [qtp781595164-93] DEBUG org.eclipse.jetty.server.HttpConnection - HttpConnection@25e4a766::NetworkTrafficSocketChannelEndPoint@77843f9a{/127.0.0.1:65023<->/127.0.0.1:8080,OPEN,fill=FI,flush=-,to=0/30000}{io=0/1,kio=0,kro=1}->HttpConnection@25e4a766[p=HttpParser{s=START,0 of -1},g=HttpGenerator@73ca24af{s=START}]=>HttpChannelOverHttp@eab5ff9{s=HttpChannelState@1cd21e32{s=IDLE rs=BLOCKING os=OPEN is=IDLE awp=false se=false i=true al=0},r=1,c=false/false,a=IDLE,uri=null,age=0} onFillable exit HttpChannelState@1cd21e32{s=IDLE rs=BLOCKING os=OPEN is=IDLE awp=false se=false i=true al=0} null
13:18:51.311 [qtp781595164-98] DEBUG org.eclipse.jetty.io.ManagedSelector - Selector sun.nio.ch.WindowsSelectorImpl@146bda14 woken up from select, 0/0/2 selected
13:18:51.311 [qtp781595164-98] DEBUG org.eclipse.jetty.io.ManagedSelector - Selector sun.nio.ch.WindowsSelectorImpl@146bda14 processing 0 keys, 1 updates
13:18:51.311 [qtp781595164-93] DEBUG org.eclipse.jetty.util.thread.QueuedThreadPool - ran org.eclipse.jetty.io.ManagedSelector$$Lambda$425/0x00000001005fc040@64d3a050 in QueuedThreadPool[qtp781595164]@2e96321c{STARTED,8<=8<=14,i=1,r=1,q=0}[ReservedThreadExecutor@5e1e7972{s=1/1,p=0}]
13:18:51.311 [qtp781595164-98] DEBUG org.eclipse.jetty.io.ManagedSelector - updateable 1
13:18:51.311 [qtp781595164-98] DEBUG org.eclipse.jetty.io.ManagedSelector - update org.eclipse.jetty.io.ChannelEndPoint$1@2be550ed
13:18:51.311 [qtp781595164-98] DEBUG org.eclipse.jetty.io.ChannelEndPoint - Key interests updated 0 -> 1 on NetworkTrafficSocketChannelEndPoint@77843f9a{/127.0.0.1:65023<->/127.0.0.1:8080,OPEN,fill=FI,flush=-,to=0/30000}{io=1/1,kio=1,kro=1}->HttpConnection@25e4a766[p=HttpParser{s=START,0 of -1},g=HttpGenerator@73ca24af{s=START}]=>HttpChannelOverHttp@eab5ff9{s=HttpChannelState@1cd21e32{s=IDLE rs=BLOCKING os=OPEN is=IDLE awp=false se=false i=true al=0},r=1,c=false/false,a=IDLE,uri=null,age=0}
13:18:51.311 [qtp781595164-98] DEBUG org.eclipse.jetty.io.ManagedSelector - updates 0
13:18:51.311 [qtp781595164-98] DEBUG org.eclipse.jetty.io.ManagedSelector - Selector sun.nio.ch.WindowsSelectorImpl@146bda14 waiting with 2 keys
13:18:51.311 [reactor-http-nio-2] INFO com.bi.edp.configuration_stack.adapter.client.catalog.CatalogClient - CatalogClient logged successfully
13:18:51.311 [reactor-http-nio-2] DEBUG reactor.netty.resources.PooledConnectionProvider - [id: 0x1ea5d514, L:/127.0.0.1:65023 - R:localhost/127.0.0.1:8080] onStateChange(POST{uri=/api/v0/components/login, connection=PooledConnection{channel=[id: 0x1ea5d514, L:/127.0.0.1:65023 - R:localhost/127.0.0.1:8080]}}, [response_completed])
13:18:51.311 [reactor-http-nio-2] DEBUG reactor.netty.ReactorNetty - [id: 0x1ea5d514, L:/127.0.0.1:65023 - R:localhost/127.0.0.1:8080] Removed handler: ReadTimeoutHandler, pipeline: DefaultChannelPipeline{(reactor.left.httpCodec = io.netty.handler.codec.http.HttpClientCodec), (WriteTimeoutHandler = io.netty.handler.timeout.WriteTimeoutHandler), (reactor.right.reactiveBridge = reactor.netty.channel.ChannelOperationsHandler)}
13:18:51.311 [reactor-http-nio-2] DEBUG reactor.netty.ReactorNetty - [id: 0x1ea5d514, L:/127.0.0.1:65023 - R:localhost/127.0.0.1:8080] Removed handler: WriteTimeoutHandler, pipeline: DefaultChannelPipeline{(reactor.left.httpCodec = io.netty.handler.codec.http.HttpClientCodec), (reactor.right.reactiveBridge = reactor.netty.channel.ChannelOperationsHandler)}
13:18:51.311 [reactor-http-nio-2] DEBUG reactor.netty.resources.PooledConnectionProvider - [id: 0x1ea5d514, L:/127.0.0.1:65023 - R:localhost/127.0.0.1:8080] onStateChange(POST{uri=/api/v0/components/login, connection=PooledConnection{channel=[id: 0x1ea5d514, L:/127.0.0.1:65023 - R:localhost/127.0.0.1:8080]}}, [disconnecting])
13:18:51.311 [reactor-http-nio-2] DEBUG reactor.netty.resources.PooledConnectionProvider - [id: 0x1ea5d514, L:/127.0.0.1:65023 - R:localhost/127.0.0.1:8080] Releasing channel
13:18:51.312 [reactor-http-nio-2] DEBUG reactor.netty.resources.PooledConnectionProvider - [id: 0x1ea5d514, L:/127.0.0.1:65023 - R:localhost/127.0.0.1:8080] Channel cleaned, now 0 active connections and 2 inactive connections
13:18:51.559 [Finalizer] DEBUG org.apache.http.impl.conn.PoolingHttpClientConnectionManager - Connection manager is shutting down
13:18:51.559 [Finalizer] DEBUG org.apache.http.impl.conn.PoolingHttpClientConnectionManager - Connection manager shut down
13:18:52.237 [parallel-3] DEBUG org.springframework.web.reactive.function.client.ExchangeFunctions - [54a0b96a] HTTP GET http://localhost:8080/api/v0/components/products/e929c1aa-d653-439a-9656-04a204a47597/environments
13:18:52.238 [reactor-http-nio-2] DEBUG reactor.netty.resources.PooledConnectionProvider - [id: 0xd4142ed4, L:/127.0.0.1:65022 - R:localhost/127.0.0.1:8080] Channel acquired, now 1 active connections and 1 inactive connections
13:18:52.238 [reactor-http-nio-2] DEBUG reactor.netty.ReactorNetty - [id: 0xd4142ed4, L:/127.0.0.1:65022 - R:localhost/127.0.0.1:8080] Added decoder [ReadTimeoutHandler] at the end of the user pipeline, full pipeline: [reactor.left.httpCodec, ReadTimeoutHandler, reactor.right.reactiveBridge, DefaultChannelPipeline$TailContext#0]
13:18:52.238 [reactor-http-nio-2] DEBUG reactor.netty.ReactorNetty - [id: 0xd4142ed4, L:/127.0.0.1:65022 - R:localhost/127.0.0.1:8080] Added decoder [WriteTimeoutHandler] at the end of the user pipeline, full pipeline: [reactor.left.httpCodec, ReadTimeoutHandler, WriteTimeoutHandler, reactor.right.reactiveBridge, DefaultChannelPipeline$TailContext#0]
13:18:52.238 [reactor-http-nio-2] DEBUG reactor.netty.http.client.HttpClientConnect - [id: 0xd4142ed4, L:/127.0.0.1:65022 - R:localhost/127.0.0.1:8080] Handler is being applied: {uri=http://localhost:8080/api/v0/components/products/e929c1aa-d653-439a-9656-04a204a47597/environments, method=GET}
13:18:52.238 [reactor-http-nio-2] DEBUG reactor.netty.resources.PooledConnectionProvider - [id: 0xd4142ed4, L:/127.0.0.1:65022 - R:localhost/127.0.0.1:8080] onStateChange(GET{uri=/api/v0/components/products/e929c1aa-d653-439a-9656-04a204a47597/environments, connection=PooledConnection{channel=[id: 0xd4142ed4, L:/127.0.0.1:65022 - R:localhost/127.0.0.1:8080]}}, [request_prepared])
13:18:52.239 [qtp781595164-97] DEBUG org.eclipse.jetty.io.ManagedSelector - Selector sun.nio.ch.WindowsSelectorImpl@74793139 woken up from select, 1/1/1 selected
13:18:52.239 [qtp781595164-97] DEBUG org.eclipse.jetty.io.ManagedSelector - Selector sun.nio.ch.WindowsSelectorImpl@74793139 processing 1 keys, 0 updates
13:18:52.240 [qtp781595164-97] DEBUG org.eclipse.jetty.io.ManagedSelector - selected 1 channel=java.nio.channels.SocketChannel[connected local=/127.0.0.1:8080 remote=/127.0.0.1:65022], selector=sun.nio.ch.WindowsSelectorImpl@74793139, interestOps=1, readyOps=1 NetworkTrafficSocketChannelEndPoint@58513f94{/127.0.0.1:65022<->/127.0.0.1:8080,OPEN,fill=FI,flush=-,to=964/30000}{io=1/1,kio=1,kro=1}->HttpConnection@17abc0d5[p=HttpParser{s=START,0 of -1},g=HttpGenerator@46d7e02b{s=START}]=>HttpChannelOverHttp@5696caee{s=HttpChannelState@52a954e4{s=IDLE rs=BLOCKING os=OPEN is=IDLE awp=false se=false i=true al=0},r=1,c=false/false,a=IDLE,uri=null,age=0} 
13:18:52.240 [qtp781595164-97] DEBUG org.eclipse.jetty.io.ChannelEndPoint - onSelected 1->0 r=true w=false for NetworkTrafficSocketChannelEndPoint@58513f94{/127.0.0.1:65022<->/127.0.0.1:8080,OPEN,fill=FI,flush=-,to=964/30000}{io=1/0,kio=1,kro=1}->HttpConnection@17abc0d5[p=HttpParser{s=START,0 of -1},g=HttpGenerator@46d7e02b{s=START}]=>HttpChannelOverHttp@5696caee{s=HttpChannelState@52a954e4{s=IDLE rs=BLOCKING os=OPEN is=IDLE awp=false se=false i=true al=0},r=1,c=false/false,a=IDLE,uri=null,age=0}
13:18:52.240 [reactor-http-nio-2] DEBUG reactor.netty.resources.PooledConnectionProvider - [id: 0xd4142ed4, L:/127.0.0.1:65022 - R:localhost/127.0.0.1:8080] onStateChange(GET{uri=/api/v0/components/products/e929c1aa-d653-439a-9656-04a204a47597/environments, connection=PooledConnection{channel=[id: 0xd4142ed4, L:/127.0.0.1:65022 - R:localhost/127.0.0.1:8080]}}, [request_sent])
13:18:52.240 [qtp781595164-97] DEBUG org.eclipse.jetty.io.ChannelEndPoint - task CEP:NetworkTrafficSocketChannelEndPoint@58513f94{/127.0.0.1:65022<->/127.0.0.1:8080,OPEN,fill=FI,flush=-,to=964/30000}{io=1/0,kio=1,kro=1}->HttpConnection@17abc0d5[p=HttpParser{s=START,0 of -1},g=HttpGenerator@46d7e02b{s=START}]=>HttpChannelOverHttp@5696caee{s=HttpChannelState@52a954e4{s=IDLE rs=BLOCKING os=OPEN is=IDLE awp=false se=false i=true al=0},r=1,c=false/false,a=IDLE,uri=null,age=0}:runFillable:BLOCKING
13:18:52.240 [qtp781595164-97] DEBUG org.eclipse.jetty.util.thread.ReservedThreadExecutor - ReservedThreadExecutor@5e1e7972{s=1/1,p=0} tryExecute EatWhatYouKill@5d488fc6/SelectorProducer@33e4dd16/PRODUCING/p=false/QueuedThreadPool[qtp781595164]@2e96321c{STARTED,8<=8<=14,i=2,r=1,q=0}[ReservedThreadExecutor@5e1e7972{s=1/1,p=0}][pc=0,pic=0,pec=0,epc=1]@2020-09-25T13:18:52.2404232+02:00
13:18:52.240 [qtp781595164-97] DEBUG org.eclipse.jetty.util.thread.ReservedThreadExecutor - ReservedThreadExecutor@5e1e7972{s=0/1,p=0}@1160f6ce offer EatWhatYouKill@5d488fc6/SelectorProducer@33e4dd16/PRODUCING/p=false/QueuedThreadPool[qtp781595164]@2e96321c{STARTED,8<=8<=14,i=2,r=1,q=0}[ReservedThreadExecutor@5e1e7972{s=0/1,p=0}][pc=0,pic=0,pec=0,epc=1]@2020-09-25T13:18:52.2404232+02:00
13:18:52.240 [qtp781595164-97] DEBUG org.eclipse.jetty.util.thread.ReservedThreadExecutor - ReservedThreadExecutor@5e1e7972{s=0/1,p=1} startReservedThread p=1
13:18:52.240 [qtp781595164-97] DEBUG org.eclipse.jetty.util.thread.QueuedThreadPool - queue ReservedThreadExecutor@5e1e7972{s=0/1,p=1}@2097b4bb startThread=0
13:18:52.240 [qtp781595164-97] DEBUG org.eclipse.jetty.util.thread.strategy.EatWhatYouKill - EatWhatYouKill@5d488fc6/SelectorProducer@33e4dd16/IDLE/p=true/QueuedThreadPool[qtp781595164]@2e96321c{STARTED,8<=8<=14,i=1,r=1,q=0}[ReservedThreadExecutor@5e1e7972{s=0/1,p=1}][pc=0,pic=0,pec=0,epc=1]@2020-09-25T13:18:52.2404232+02:00 m=EXECUTE_PRODUCE_CONSUME t=CEP:NetworkTrafficSocketChannelEndPoint@58513f94{/127.0.0.1:65022<->/127.0.0.1:8080,OPEN,fill=FI,flush=-,to=965/30000}{io=1/0,kio=1,kro=1}->HttpConnection@17abc0d5[p=HttpParser{s=START,0 of -1},g=HttpGenerator@46d7e02b{s=START}]=>HttpChannelOverHttp@5696caee{s=HttpChannelState@52a954e4{s=IDLE rs=BLOCKING os=OPEN is=IDLE awp=false se=false i=true al=0},r=1,c=false/false,a=IDLE,uri=null,age=0}:runFillable:BLOCKING/BLOCKING
13:18:52.240 [qtp781595164-92] DEBUG org.eclipse.jetty.util.thread.QueuedThreadPool - run ReservedThreadExecutor@5e1e7972{s=0/1,p=1}@2097b4bb in QueuedThreadPool[qtp781595164]@2e96321c{STARTED,8<=8<=14,i=1,r=1,q=0}[ReservedThreadExecutor@5e1e7972{s=0/1,p=1}]
13:18:52.240 [qtp781595164-92] DEBUG org.eclipse.jetty.util.thread.ReservedThreadExecutor - ReservedThreadExecutor@5e1e7972{s=1/1,p=1}@2097b4bb started
13:18:52.241 [qtp781595164-92] DEBUG org.eclipse.jetty.util.thread.ReservedThreadExecutor - ReservedThreadExecutor@5e1e7972{s=1/1,p=0}@2097b4bb waiting
13:18:52.240 [qtp781595164-99] DEBUG org.eclipse.jetty.util.thread.ReservedThreadExecutor - ReservedThreadExecutor@5e1e7972{s=0/1,p=1}@1160f6ce task=EatWhatYouKill@5d488fc6/SelectorProducer@33e4dd16/IDLE/p=true/QueuedThreadPool[qtp781595164]@2e96321c{STARTED,8<=8<=14,i=1,r=1,q=0}[ReservedThreadExecutor@5e1e7972{s=0/1,p=1}][pc=0,pic=0,pec=0,epc=1]@2020-09-25T13:18:52.2404232+02:00
13:18:52.241 [qtp781595164-97] DEBUG org.eclipse.jetty.io.FillInterest - fillable FillInterest@267693a5{AC.ReadCB@17abc0d5{HttpConnection@17abc0d5::NetworkTrafficSocketChannelEndPoint@58513f94{/127.0.0.1:65022<->/127.0.0.1:8080,OPEN,fill=FI,flush=-,to=965/30000}{io=1/0,kio=1,kro=1}->HttpConnection@17abc0d5[p=HttpParser{s=START,0 of -1},g=HttpGenerator@46d7e02b{s=START}]=>HttpChannelOverHttp@5696caee{s=HttpChannelState@52a954e4{s=IDLE rs=BLOCKING os=OPEN is=IDLE awp=false se=false i=true al=0},r=1,c=false/false,a=IDLE,uri=null,age=0}}}
13:18:52.241 [qtp781595164-97] DEBUG org.eclipse.jetty.server.HttpConnection - HttpConnection@17abc0d5::NetworkTrafficSocketChannelEndPoint@58513f94{/127.0.0.1:65022<->/127.0.0.1:8080,OPEN,fill=-,flush=-,to=966/30000}{io=1/0,kio=1,kro=1}->HttpConnection@17abc0d5[p=HttpParser{s=START,0 of -1},g=HttpGenerator@46d7e02b{s=START}]=>HttpChannelOverHttp@5696caee{s=HttpChannelState@52a954e4{s=IDLE rs=BLOCKING os=OPEN is=IDLE awp=false se=false i=true al=0},r=1,c=false/false,a=IDLE,uri=null,age=0} onFillable enter HttpChannelState@52a954e4{s=IDLE rs=BLOCKING os=OPEN is=IDLE awp=false se=false i=true al=0} null
13:18:52.241 [qtp781595164-99] DEBUG org.eclipse.jetty.util.thread.strategy.EatWhatYouKill - EatWhatYouKill@5d488fc6/SelectorProducer@33e4dd16/IDLE/p=true/QueuedThreadPool[qtp781595164]@2e96321c{STARTED,8<=8<=14,i=1,r=1,q=0}[ReservedThreadExecutor@5e1e7972{s=1/1,p=0}][pc=0,pic=0,pec=0,epc=2]@2020-09-25T13:18:52.2414335+02:00 tryProduce true
13:18:52.241 [qtp781595164-99] DEBUG org.eclipse.jetty.io.ManagedSelector - updateable 0
13:18:52.241 [qtp781595164-99] DEBUG org.eclipse.jetty.io.ManagedSelector - updates 0
13:18:52.241 [qtp781595164-97] DEBUG org.eclipse.jetty.io.ChannelEndPoint - filled 202 HeapByteBuffer@40573931[p=0,l=202,c=8192,r=202]={<<<GET /api/v0/components/pr...n: Bearer someToken\r\n\r\n>>>15\r\nlogCl...\x00\x00\x00\x00\x00\x00\x00}
13:18:52.241 [qtp781595164-99] DEBUG org.eclipse.jetty.io.ChannelEndPoint - Key interests updated 1 -> 0 on NetworkTrafficSocketChannelEndPoint@58513f94{/127.0.0.1:65022<->/127.0.0.1:8080,OPEN,fill=-,flush=-,to=966/30000}{io=0/0,kio=0,kro=1}->HttpConnection@17abc0d5[p=HttpParser{s=START,0 of -1},g=HttpGenerator@46d7e02b{s=START}]=>HttpChannelOverHttp@5696caee{s=HttpChannelState@52a954e4{s=IDLE rs=BLOCKING os=OPEN is=IDLE awp=false se=false i=true al=0},r=1,c=false/false,a=IDLE,uri=null,age=0}
13:18:52.241 [qtp781595164-99] DEBUG org.eclipse.jetty.io.ManagedSelector - Selector sun.nio.ch.WindowsSelectorImpl@74793139 waiting with 1 keys
13:18:52.241 [qtp781595164-97] DEBUG org.eclipse.jetty.server.HttpConnection - HttpConnection@17abc0d5::NetworkTrafficSocketChannelEndPoint@58513f94{/127.0.0.1:65022<->/127.0.0.1:8080,OPEN,fill=-,flush=-,to=0/30000}{io=0/0,kio=0,kro=1}->HttpConnection@17abc0d5[p=HttpParser{s=START,0 of -1},g=HttpGenerator@46d7e02b{s=START}]=>HttpChannelOverHttp@5696caee{s=HttpChannelState@52a954e4{s=IDLE rs=BLOCKING os=OPEN is=IDLE awp=false se=false i=true al=0},r=1,c=false/false,a=IDLE,uri=null,age=0} filled 202 HeapByteBuffer@40573931[p=0,l=202,c=8192,r=202]={<<<GET /api/v0/components/pr...n: Bearer someToken\r\n\r\n>>>15\r\nlogCl...\x00\x00\x00\x00\x00\x00\x00}
13:18:52.241 [qtp781595164-97] DEBUG org.eclipse.jetty.server.HttpConnection - HttpConnection@17abc0d5::NetworkTrafficSocketChannelEndPoint@58513f94{/127.0.0.1:65022<->/127.0.0.1:8080,OPEN,fill=-,flush=-,to=0/30000}{io=0/0,kio=0,kro=1}->HttpConnection@17abc0d5[p=HttpParser{s=START,0 of -1},g=HttpGenerator@46d7e02b{s=START}]=>HttpChannelOverHttp@5696caee{s=HttpChannelState@52a954e4{s=IDLE rs=BLOCKING os=OPEN is=IDLE awp=false se=false i=true al=0},r=1,c=false/false,a=IDLE,uri=null,age=0} parse HeapByteBuffer@40573931[p=0,l=202,c=8192,r=202]={<<<GET /api/v0/components/pr...n: Bearer someToken\r\n\r\n>>>15\r\nlogCl...\x00\x00\x00\x00\x00\x00\x00} {}
13:18:52.242 [qtp781595164-97] DEBUG org.eclipse.jetty.http.HttpParser - parseNext s=START HeapByteBuffer@40573931[p=0,l=202,c=8192,r=202]={<<<GET /api/v0/components/pr...n: Bearer someToken\r\n\r\n>>>15\r\nlogCl...\x00\x00\x00\x00\x00\x00\x00}
13:18:52.242 [qtp781595164-97] DEBUG org.eclipse.jetty.http.HttpParser - START --> SPACE1
13:18:52.242 [qtp781595164-97] DEBUG org.eclipse.jetty.http.HttpParser - SPACE1 --> URI
13:18:52.242 [qtp781595164-97] DEBUG org.eclipse.jetty.http.HttpParser - URI --> SPACE2
13:18:52.242 [qtp781595164-97] DEBUG org.eclipse.jetty.http.HttpParser - SPACE2 --> REQUEST_VERSION
13:18:52.242 [qtp781595164-97] DEBUG org.eclipse.jetty.http.HttpParser - REQUEST_VERSION --> HEADER
13:18:52.242 [qtp781595164-97] DEBUG org.eclipse.jetty.http.HttpParser - HEADER:User-Agent: ReactorNetty/0.9.7.RELEASE --> IN_VALUE
13:18:52.242 [qtp781595164-97] DEBUG org.eclipse.jetty.http.HttpParser - HEADER:User-Agent: ReactorNetty/0.9.7.RELEASE --> FIELD
13:18:52.242 [qtp781595164-97] DEBUG org.eclipse.jetty.http.HttpParser - HEADER:Host: localhost:8080 --> IN_VALUE
13:18:52.242 [qtp781595164-97] DEBUG org.eclipse.jetty.http.HttpParser - HEADER:Host: localhost:8080 --> FIELD
13:18:52.242 [qtp781595164-97] DEBUG org.eclipse.jetty.http.HttpParser - HEADER:Accept: */* --> IN_VALUE
13:18:52.242 [qtp781595164-97] DEBUG org.eclipse.jetty.http.HttpParser - HEADER:Accept: */* --> FIELD
13:18:52.242 [qtp781595164-97] DEBUG org.eclipse.jetty.http.HttpParser - HEADER:Authorization --> IN_VALUE
13:18:52.242 [qtp781595164-97] DEBUG org.eclipse.jetty.http.HttpParser - HEADER:Authorization --> FIELD
13:18:52.242 [qtp781595164-97] DEBUG org.eclipse.jetty.http.HttpParser - HEADER --> CONTENT
13:18:52.242 [qtp781595164-97] DEBUG org.eclipse.jetty.server.HttpChannel - REQUEST for //localhost:8080/api/v0/components/products/e929c1aa-d653-439a-9656-04a204a47597/environments on HttpChannelOverHttp@5696caee{s=HttpChannelState@52a954e4{s=IDLE rs=BLOCKING os=OPEN is=IDLE awp=false se=false i=true al=0},r=2,c=false/false,a=IDLE,uri=//localhost:8080/api/v0/components/products/e929c1aa-d653-439a-9656-04a204a47597/environments,age=0}
GET //localhost:8080/api/v0/components/products/e929c1aa-d653-439a-9656-04a204a47597/environments HTTP/1.1
User-Agent: ReactorNetty/0.9.7.RELEASE
Host: localhost:8080
Accept: */*
Authorization: Bearer someToken


13:18:52.242 [qtp781595164-97] DEBUG org.eclipse.jetty.server.HttpConnection - HttpConnection@17abc0d5::NetworkTrafficSocketChannelEndPoint@58513f94{/127.0.0.1:65022<->/127.0.0.1:8080,OPEN,fill=-,flush=-,to=0/30000}{io=0/0,kio=0,kro=1}->HttpConnection@17abc0d5[p=HttpParser{s=CONTENT,0 of -1},g=HttpGenerator@46d7e02b{s=START}]=>HttpChannelOverHttp@5696caee{s=HttpChannelState@52a954e4{s=IDLE rs=BLOCKING os=OPEN is=IDLE awp=false se=false i=true al=0},r=2,c=false/false,a=IDLE,uri=//localhost:8080/api/v0/components/products/e929c1aa-d653-439a-9656-04a204a47597/environments,age=0} parsed true HttpParser{s=CONTENT,0 of -1}
13:18:52.242 [qtp781595164-97] DEBUG org.eclipse.jetty.server.HttpConnection - releaseRequestBuffer HttpConnection@17abc0d5::NetworkTrafficSocketChannelEndPoint@58513f94{/127.0.0.1:65022<->/127.0.0.1:8080,OPEN,fill=-,flush=-,to=1/30000}{io=0/0,kio=0,kro=1}->HttpConnection@17abc0d5[p=HttpParser{s=CONTENT,0 of -1},g=HttpGenerator@46d7e02b{s=START}]=>HttpChannelOverHttp@5696caee{s=HttpChannelState@52a954e4{s=IDLE rs=BLOCKING os=OPEN is=IDLE awp=false se=false i=true al=0},r=2,c=false/false,a=IDLE,uri=//localhost:8080/api/v0/components/products/e929c1aa-d653-439a-9656-04a204a47597/environments,age=0}
13:18:52.242 [qtp781595164-97] DEBUG org.eclipse.jetty.server.HttpChannel - handle //localhost:8080/api/v0/components/products/e929c1aa-d653-439a-9656-04a204a47597/environments HttpChannelOverHttp@5696caee{s=HttpChannelState@52a954e4{s=IDLE rs=BLOCKING os=OPEN is=IDLE awp=false se=false i=true al=0},r=2,c=false/false,a=IDLE,uri=//localhost:8080/api/v0/components/products/e929c1aa-d653-439a-9656-04a204a47597/environments,age=0} 
13:18:52.242 [qtp781595164-97] DEBUG org.eclipse.jetty.server.HttpChannelState - handling HttpChannelState@52a954e4{s=IDLE rs=BLOCKING os=OPEN is=IDLE awp=false se=false i=true al=0}
13:18:52.242 [qtp781595164-97] DEBUG org.eclipse.jetty.server.HttpChannel - action DISPATCH HttpChannelOverHttp@5696caee{s=HttpChannelState@52a954e4{s=HANDLING rs=BLOCKING os=OPEN is=IDLE awp=false se=false i=true al=0},r=2,c=false/false,a=HANDLING,uri=//localhost:8080/api/v0/components/products/e929c1aa-d653-439a-9656-04a204a47597/environments,age=0}
13:18:52.243 [qtp781595164-97] DEBUG org.eclipse.jetty.server.Server - REQUEST GET /api/v0/components/products/e929c1aa-d653-439a-9656-04a204a47597/environments on HttpChannelOverHttp@5696caee{s=HttpChannelState@52a954e4{s=HANDLING rs=BLOCKING os=OPEN is=IDLE awp=false se=false i=true al=0},r=2,c=false/false,a=HANDLING,uri=//localhost:8080/api/v0/components/products/e929c1aa-d653-439a-9656-04a204a47597/environments,age=1}
13:18:52.243 [qtp781595164-97] DEBUG org.eclipse.jetty.server.handler.ContextHandler - scope null||/api/v0/components/products/e929c1aa-d653-439a-9656-04a204a47597/environments @ o.e.j.s.ServletContextHandler@365484f9{/__admin,null,AVAILABLE}
13:18:52.243 [qtp781595164-97] DEBUG org.eclipse.jetty.server.handler.gzip.GzipHandler - GzipHandler@27e005aa{STARTED,min=32,inflate=-1} handle Request(GET //localhost:8080/api/v0/components/products/e929c1aa-d653-439a-9656-04a204a47597/environments)@3b83dbfd in null
13:18:52.243 [qtp781595164-97] DEBUG org.eclipse.jetty.server.handler.ContextHandler - scope null||/api/v0/components/products/e929c1aa-d653-439a-9656-04a204a47597/environments @ o.e.j.s.ServletContextHandler@6693b5e0{/,null,AVAILABLE}
13:18:52.243 [qtp781595164-97] DEBUG org.eclipse.jetty.server.handler.ContextHandler - context=||/api/v0/components/products/e929c1aa-d653-439a-9656-04a204a47597/environments @ o.e.j.s.ServletContextHandler@6693b5e0{/,null,AVAILABLE}
13:18:52.243 [qtp781595164-97] DEBUG org.eclipse.jetty.servlet.ServletHandler - servlet |/api/v0/components/products/e929c1aa-d653-439a-9656-04a204a47597/environments|null -> com.github.tomakehurst.wiremock.servlet.WireMockHandlerDispatchingServlet-442319ed@8f2342d6==com.github.tomakehurst.wiremock.servlet.WireMockHandlerDispatchingServlet,jsp=null,order=-1,inst=true,async=true
13:18:52.243 [qtp781595164-97] DEBUG org.eclipse.jetty.servlet.ServletHandler - chain=org.eclipse.jetty.servlets.CrossOriginFilter-271047ef@271047ef==org.eclipse.jetty.servlets.CrossOriginFilter,inst=true,async=true->com.github.tomakehurst.wiremock.servlet.WireMockHandlerDispatchingServlet-442319ed@8f2342d6==com.github.tomakehurst.wiremock.servlet.WireMockHandlerDispatchingServlet,jsp=null,order=-1,inst=true,async=true
13:18:52.243 [qtp781595164-97] DEBUG org.eclipse.jetty.servlet.ServletHandler - call filter org.eclipse.jetty.servlets.CrossOriginFilter-271047ef@271047ef==org.eclipse.jetty.servlets.CrossOriginFilter,inst=true,async=true
13:18:52.243 [qtp781595164-97] DEBUG org.eclipse.jetty.servlet.ServletHandler - call servlet com.github.tomakehurst.wiremock.servlet.WireMockHandlerDispatchingServlet-442319ed@8f2342d6==com.github.tomakehurst.wiremock.servlet.WireMockHandlerDispatchingServlet,jsp=null,order=-1,inst=true,async=true
13:18:52.244 [qtp781595164-97] DEBUG org.eclipse.jetty.io.ChannelEndPoint - filled 0 HeapByteBuffer@40573931[p=0,l=0,c=8192,r=0]={<<<>>>GET /api/...\x00\x00\x00\x00\x00\x00\x00}
13:18:52.244 [qtp781595164-97] DEBUG org.eclipse.jetty.io.ChannelEndPoint - filled 0 HeapByteBuffer@40573931[p=0,l=0,c=8192,r=0]={<<<>>>GET /api/...\x00\x00\x00\x00\x00\x00\x00}
13:18:52.244 [qtp781595164-97] DEBUG org.eclipse.jetty.server.HttpConnection - HttpConnection@17abc0d5::NetworkTrafficSocketChannelEndPoint@58513f94{/127.0.0.1:65022<->/127.0.0.1:8080,OPEN,fill=-,flush=-,to=2/30000}{io=0/0,kio=0,kro=1}->HttpConnection@17abc0d5[p=HttpParser{s=CONTENT,0 of -1},g=HttpGenerator@46d7e02b{s=START}]=>HttpChannelOverHttp@5696caee{s=HttpChannelState@52a954e4{s=HANDLING rs=BLOCKING os=OPEN is=IDLE awp=false se=false i=true al=0},r=2,c=false/false,a=HANDLING,uri=//localhost:8080/api/v0/components/products/e929c1aa-d653-439a-9656-04a204a47597/environments,age=2} filled 0 HeapByteBuffer@40573931[p=0,l=0,c=8192,r=0]={<<<>>>GET /api/...\x00\x00\x00\x00\x00\x00\x00}
13:18:52.244 [qtp781595164-97] DEBUG org.eclipse.jetty.server.HttpConnection - HttpConnection@17abc0d5::NetworkTrafficSocketChannelEndPoint@58513f94{/127.0.0.1:65022<->/127.0.0.1:8080,OPEN,fill=-,flush=-,to=2/30000}{io=0/0,kio=0,kro=1}->HttpConnection@17abc0d5[p=HttpParser{s=CONTENT,0 of -1},g=HttpGenerator@46d7e02b{s=START}]=>HttpChannelOverHttp@5696caee{s=HttpChannelState@52a954e4{s=HANDLING rs=BLOCKING os=OPEN is=IDLE awp=false se=false i=true al=0},r=2,c=false/false,a=HANDLING,uri=//localhost:8080/api/v0/components/products/e929c1aa-d653-439a-9656-04a204a47597/environments,age=2} parse HeapByteBuffer@40573931[p=0,l=0,c=8192,r=0]={<<<>>>GET /api/...\x00\x00\x00\x00\x00\x00\x00} {}
13:18:52.244 [qtp781595164-97] DEBUG org.eclipse.jetty.http.HttpParser - parseNext s=CONTENT HeapByteBuffer@40573931[p=0,l=0,c=8192,r=0]={<<<>>>GET /api/...\x00\x00\x00\x00\x00\x00\x00}
13:18:52.244 [qtp781595164-97] DEBUG org.eclipse.jetty.http.HttpParser - CONTENT --> CONTENT_END
13:18:52.244 [qtp781595164-97] DEBUG org.eclipse.jetty.server.HttpChannel - onContentComplete HttpChannelOverHttp@5696caee{s=HttpChannelState@52a954e4{s=HANDLING rs=BLOCKING os=OPEN is=IDLE awp=false se=false i=true al=0},r=2,c=false/false,a=HANDLING,uri=//localhost:8080/api/v0/components/products/e929c1aa-d653-439a-9656-04a204a47597/environments,age=2}
13:18:52.244 [qtp781595164-97] DEBUG org.eclipse.jetty.http.HttpParser - CONTENT_END --> END
13:18:52.244 [qtp781595164-97] DEBUG org.eclipse.jetty.server.HttpChannel - onRequestComplete HttpChannelOverHttp@5696caee{s=HttpChannelState@52a954e4{s=HANDLING rs=BLOCKING os=OPEN is=IDLE awp=false se=false i=true al=0},r=2,c=false/false,a=HANDLING,uri=//localhost:8080/api/v0/components/products/e929c1aa-d653-439a-9656-04a204a47597/environments,age=2}
13:18:52.244 [qtp781595164-97] DEBUG org.eclipse.jetty.server.HttpInput - HttpInputOverHTTP@5bac24b2[c=0,q=0,[0]=null,s=STREAM] addContent EOF
13:18:52.244 [qtp781595164-97] DEBUG org.eclipse.jetty.server.HttpConnection - HttpConnection@17abc0d5::NetworkTrafficSocketChannelEndPoint@58513f94{/127.0.0.1:65022<->/127.0.0.1:8080,OPEN,fill=-,flush=-,to=2/30000}{io=0/0,kio=0,kro=1}->HttpConnection@17abc0d5[p=HttpParser{s=END,0 of -1},g=HttpGenerator@46d7e02b{s=START}]=>HttpChannelOverHttp@5696caee{s=HttpChannelState@52a954e4{s=HANDLING rs=BLOCKING os=OPEN is=IDLE awp=false se=false i=true al=0},r=2,c=false/false,a=HANDLING,uri=//localhost:8080/api/v0/components/products/e929c1aa-d653-439a-9656-04a204a47597/environments,age=2} parsed false HttpParser{s=END,0 of -1}
13:18:52.244 [qtp781595164-97] DEBUG org.eclipse.jetty.server.HttpConnection - releaseRequestBuffer HttpConnection@17abc0d5::NetworkTrafficSocketChannelEndPoint@58513f94{/127.0.0.1:65022<->/127.0.0.1:8080,OPEN,fill=-,flush=-,to=3/30000}{io=0/0,kio=0,kro=1}->HttpConnection@17abc0d5[p=HttpParser{s=END,0 of -1},g=HttpGenerator@46d7e02b{s=START}]=>HttpChannelOverHttp@5696caee{s=HttpChannelState@52a954e4{s=HANDLING rs=BLOCKING os=OPEN is=IDLE awp=false se=false i=true al=0},r=2,c=false/false,a=HANDLING,uri=//localhost:8080/api/v0/components/products/e929c1aa-d653-439a-9656-04a204a47597/environments,age=2}
13:18:52.244 [qtp781595164-97] DEBUG org.eclipse.jetty.server.HttpChannelState - onEof HttpChannelState@52a954e4{s=HANDLING rs=BLOCKING os=OPEN is=IDLE awp=false se=false i=true al=0}
13:18:52.249 [qtp781595164-97] DEBUG org.eclipse.jetty.server.HttpOutput - write(array HeapByteBuffer@666d8fe5[p=0,l=14,c=8192,r=14]={<<<["DEV","PROD"]>>>\x00\x00\x00\x00\x00\x00\x00\x00\x00...\x00\x00\x00\x00\x00\x00\x00})
13:18:52.249 [qtp781595164-97] DEBUG org.eclipse.jetty.server.HttpOutput - write(array) s=OPEN,api=BLOCKING,sc=false,e=null aggregated !flush HeapByteBuffer@721f9b67[p=0,l=14,c=32768,r=14]={<<<["DEV","PROD"]>>>Token"}\x00\x00...\x00\x00\x00\x00\x00\x00\x00}
13:18:52.249 [qtp781595164-97] DEBUG org.eclipse.jetty.server.handler.gzip.GzipHandler - GzipHandler@27e005aa{STARTED,min=32,inflate=-1} excluded not gzip accept Request(GET //localhost:8080/api/v0/components/products/e929c1aa-d653-439a-9656-04a204a47597/environments)@3b83dbfd
13:18:52.249 [qtp781595164-97] DEBUG org.eclipse.jetty.server.handler.gzip.GzipHttpOutputInterceptor - org.eclipse.jetty.server.handler.gzip.GzipHttpOutputInterceptor@3e6b9bc0 exclude no deflater
13:18:52.249 [qtp781595164-97] DEBUG org.eclipse.jetty.server.HttpChannel - sendResponse info=null content=HeapByteBuffer@721f9b67[p=0,l=14,c=32768,r=14]={<<<["DEV","PROD"]>>>Token"}\x00\x00...\x00\x00\x00\x00\x00\x00\x00} complete=false committing=true callback=Blocker@31f5b8ef{null}
13:18:52.250 [qtp781595164-97] DEBUG org.eclipse.jetty.server.HttpChannel - COMMIT for /api/v0/components/products/e929c1aa-d653-439a-9656-04a204a47597/environments on HttpChannelOverHttp@5696caee{s=HttpChannelState@52a954e4{s=HANDLING rs=BLOCKING os=COMMITTED is=READY awp=false se=false i=true al=0},r=2,c=false/false,a=HANDLING,uri=//localhost:8080/api/v0/components/products/e929c1aa-d653-439a-9656-04a204a47597/environments,age=8}
200 null HTTP/1.1
Content-Type: application/json
Matched-Stub-Id: 1dfe214b-7bd0-49f9-890b-0a8602ff6c74
Vary: Accept-Encoding, User-Agent


13:18:52.250 [qtp781595164-97] DEBUG org.eclipse.jetty.server.HttpConnection - generate: NEED_HEADER for org.eclipse.jetty.server.HttpConnection$SendCallback@65d1ba13[PROCESSING][i=HTTP/1.1{s=200,h=3,cl=-1},cb=org.eclipse.jetty.server.HttpChannel$SendCallback@4a93fa7] (null,[p=0,l=14,c=32768,r=14],false)@START
13:18:52.250 [qtp781595164-97] DEBUG org.eclipse.jetty.http.HttpGenerator - generateHeaders HTTP/1.1{s=200,h=3,cl=-1} last=false content=HeapByteBuffer@721f9b67[p=0,l=14,c=32768,r=14]={<<<["DEV","PROD"]>>>Token"}\x00\x00...\x00\x00\x00\x00\x00\x00\x00}
13:18:52.250 [qtp781595164-97] DEBUG org.eclipse.jetty.http.HttpGenerator - Content-Type: application/json
Matched-Stub-Id: 1dfe214b-7bd0-49f9-890b-0a8602ff6c74
Vary: Accept-Encoding, User-Agent


13:18:52.250 [qtp781595164-97] DEBUG org.eclipse.jetty.http.HttpGenerator - CHUNKED_CONTENT
13:18:52.251 [qtp781595164-97] DEBUG org.eclipse.jetty.server.HttpConnection - generate: FLUSH for org.eclipse.jetty.server.HttpConnection$SendCallback@65d1ba13[PROCESSING][i=HTTP/1.1{s=200,h=3,cl=-1},cb=org.eclipse.jetty.server.HttpChannel$SendCallback@4a93fa7] ([p=0,l=205,c=8192,r=205],[p=0,l=14,c=32768,r=14],false)@COMMITTED
13:18:52.251 [qtp781595164-97] DEBUG org.eclipse.jetty.io.WriteFlusher - write: WriteFlusher@378347ba{IDLE}->null [HeapByteBuffer@40573931[p=0,l=205,c=8192,r=205]={<<<HTTP/1.1 200 OK\r\nContent-....4.28.v20200408)\r\n\r\nE\r\n>>>\nlogClien...\x00\x00\x00\x00\x00\x00\x00},HeapByteBuffer@721f9b67[p=0,l=14,c=32768,r=14]={<<<["DEV","PROD"]>>>Token"}\x00\x00...\x00\x00\x00\x00\x00\x00\x00}]
13:18:52.251 [qtp781595164-97] DEBUG org.eclipse.jetty.io.WriteFlusher - update WriteFlusher@378347ba{WRITING}->null:IDLE-->WRITING
13:18:52.251 [qtp781595164-97] DEBUG org.eclipse.jetty.io.ChannelEndPoint - flushed 205 NetworkTrafficSocketChannelEndPoint@58513f94{/127.0.0.1:65022<->/127.0.0.1:8080,OPEN,fill=-,flush=W,to=9/30000}{io=0/0,kio=0,kro=1}->HttpConnection@17abc0d5[p=HttpParser{s=END,0 of -1},g=HttpGenerator@46d7e02b{s=COMMITTED}]=>HttpChannelOverHttp@5696caee{s=HttpChannelState@52a954e4{s=HANDLING rs=BLOCKING os=COMMITTED is=READY awp=false se=false i=true al=0},r=2,c=false/false,a=HANDLING,uri=//localhost:8080/api/v0/components/products/e929c1aa-d653-439a-9656-04a204a47597/environments,age=9}
13:18:52.251 [qtp781595164-97] DEBUG org.eclipse.jetty.io.ChannelEndPoint - flushed 14 NetworkTrafficSocketChannelEndPoint@58513f94{/127.0.0.1:65022<->/127.0.0.1:8080,OPEN,fill=-,flush=W,to=0/30000}{io=0/0,kio=0,kro=1}->HttpConnection@17abc0d5[p=HttpParser{s=END,0 of -1},g=HttpGenerator@46d7e02b{s=COMMITTED}]=>HttpChannelOverHttp@5696caee{s=HttpChannelState@52a954e4{s=HANDLING rs=BLOCKING os=COMMITTED is=READY awp=false se=false i=true al=0},r=2,c=false/false,a=HANDLING,uri=//localhost:8080/api/v0/components/products/e929c1aa-d653-439a-9656-04a204a47597/environments,age=9}
13:18:52.251 [qtp781595164-97] DEBUG org.eclipse.jetty.io.WriteFlusher - Flushed=true written=219 remaining=0 WriteFlusher@378347ba{WRITING}->null
13:18:52.251 [qtp781595164-97] DEBUG org.eclipse.jetty.io.WriteFlusher - update WriteFlusher@378347ba{IDLE}->null:WRITING-->IDLE
13:18:52.251 [qtp781595164-97] DEBUG org.eclipse.jetty.server.HttpConnection - generate: DONE for org.eclipse.jetty.server.HttpConnection$SendCallback@65d1ba13[PROCESSING][i=HTTP/1.1{s=200,h=3,cl=-1},cb=org.eclipse.jetty.server.HttpChannel$SendCallback@4a93fa7] ([p=205,l=205,c=8192,r=0],[p=14,l=14,c=32768,r=0],false)@COMMITTED
13:18:52.251 [qtp781595164-97] DEBUG org.eclipse.jetty.server.HttpOutput - onWriteComplete(false,null) s=OPEN,api=BLOCKED,sc=false,e=null->s=OPEN,api=BLOCKING,sc=false,e=null c=null cb=null w=false
13:18:52.251 [qtp781595164-97] DEBUG org.eclipse.jetty.server.HttpOutput - close() s=CLOSING,api=BLOCKED,sc=false,e=null c=HeapByteBuffer@137d328[p=0,l=0,c=0,r=0]={<<<>>>} b=Blocker@31f5b8ef{null}
13:18:52.251 [qtp781595164-97] DEBUG org.eclipse.jetty.server.HttpChannel - sendResponse info=null content=HeapByteBuffer@137d328[p=0,l=0,c=0,r=0]={<<<>>>} complete=true committing=false callback=Blocker@31f5b8ef{null}
13:18:52.251 [qtp781595164-97] DEBUG org.eclipse.jetty.server.HttpConnection - generate: CONTINUE for org.eclipse.jetty.server.HttpConnection$SendCallback@65d1ba13[PROCESSING][i=null,cb=org.eclipse.jetty.server.HttpChannel$SendCallback@190671e5] (null,[p=0,l=0,c=0,r=0],true)@COMPLETING
13:18:52.251 [reactor-http-nio-2] DEBUG reactor.netty.http.client.HttpClientOperations - [id: 0xd4142ed4, L:/127.0.0.1:65022 - R:localhost/127.0.0.1:8080] Received response (auto-read:false) : [Content-Type=application/json, Matched-Stub-Id=1dfe214b-7bd0-49f9-890b-0a8602ff6c74, Vary=Accept-Encoding, User-Agent, Transfer-Encoding=chunked, Server=Jetty(9.4.28.v20200408)]
13:18:52.251 [qtp781595164-97] DEBUG org.eclipse.jetty.server.HttpConnection - generate: NEED_CHUNK for org.eclipse.jetty.server.HttpConnection$SendCallback@65d1ba13[PROCESSING][i=null,cb=org.eclipse.jetty.server.HttpChannel$SendCallback@190671e5] (null,[p=0,l=0,c=0,r=0],true)@COMPLETING
13:18:52.252 [reactor-http-nio-2] DEBUG reactor.netty.resources.PooledConnectionProvider - [id: 0xd4142ed4, L:/127.0.0.1:65022 - R:localhost/127.0.0.1:8080] onStateChange(GET{uri=/api/v0/components/products/e929c1aa-d653-439a-9656-04a204a47597/environments, connection=PooledConnection{channel=[id: 0xd4142ed4, L:/127.0.0.1:65022 - R:localhost/127.0.0.1:8080]}}, [response_received])
13:18:52.252 [qtp781595164-97] DEBUG org.eclipse.jetty.server.HttpConnection - generate: FLUSH for org.eclipse.jetty.server.HttpConnection$SendCallback@65d1ba13[PROCESSING][i=null,cb=org.eclipse.jetty.server.HttpChannel$SendCallback@190671e5] (null,[p=0,l=0,c=0,r=0],true)@COMPLETING
13:18:52.252 [qtp781595164-97] DEBUG org.eclipse.jetty.io.WriteFlusher - write: WriteFlusher@378347ba{IDLE}->null [HeapByteBuffer@58461432[p=0,l=7,c=1024,r=7]={<<<\r\n0\r\n\r\n>>>\x00\x00\x00\x00\x00\x00\x00\x00\x00...\x00\x00\x00\x00\x00\x00\x00}]
13:18:52.252 [qtp781595164-97] DEBUG org.eclipse.jetty.io.WriteFlusher - update WriteFlusher@378347ba{WRITING}->null:IDLE-->WRITING
13:18:52.252 [reactor-http-nio-2] DEBUG org.springframework.web.reactive.function.client.ExchangeFunctions - [54a0b96a] Response 200 OK
13:18:52.252 [qtp781595164-97] DEBUG org.eclipse.jetty.io.ChannelEndPoint - flushed 7 NetworkTrafficSocketChannelEndPoint@58513f94{/127.0.0.1:65022<->/127.0.0.1:8080,OPEN,fill=-,flush=W,to=0/30000}{io=0/0,kio=0,kro=1}->HttpConnection@17abc0d5[p=HttpParser{s=END,0 of -1},g=HttpGenerator@46d7e02b{s=COMPLETING}]=>HttpChannelOverHttp@5696caee{s=HttpChannelState@52a954e4{s=HANDLING rs=BLOCKING os=COMMITTED is=READY awp=false se=false i=true al=0},r=2,c=false/false,a=HANDLING,uri=//localhost:8080/api/v0/components/products/e929c1aa-d653-439a-9656-04a204a47597/environments,age=10}
13:18:52.252 [qtp781595164-97] DEBUG org.eclipse.jetty.io.WriteFlusher - Flushed=true written=7 remaining=0 WriteFlusher@378347ba{WRITING}->null
13:18:52.252 [qtp781595164-97] DEBUG org.eclipse.jetty.io.WriteFlusher - update WriteFlusher@378347ba{IDLE}->null:WRITING-->IDLE
13:18:52.252 [qtp781595164-97] DEBUG org.eclipse.jetty.server.HttpConnection - generate: DONE for org.eclipse.jetty.server.HttpConnection$SendCallback@65d1ba13[PROCESSING][i=null,cb=org.eclipse.jetty.server.HttpChannel$SendCallback@190671e5] (null,[p=0,l=0,c=0,r=0],true)@END
13:18:52.252 [qtp781595164-97] DEBUG org.eclipse.jetty.server.HttpOutput - onWriteComplete(true,null) s=CLOSING,api=BLOCKED,sc=false,e=null->s=CLOSED,api=BLOCKING,sc=false,e=null c=null cb=null w=false
13:18:52.252 [qtp781595164-97] DEBUG org.eclipse.jetty.server.Server - handled=true async=false committed=true on HttpChannelOverHttp@5696caee{s=HttpChannelState@52a954e4{s=HANDLING rs=BLOCKING os=COMPLETED is=READY awp=false se=false i=true al=0},r=2,c=false/true,a=HANDLING,uri=//localhost:8080/api/v0/components/products/e929c1aa-d653-439a-9656-04a204a47597/environments,age=10}
13:18:52.252 [qtp781595164-97] DEBUG org.eclipse.jetty.server.HttpChannelState - unhandle HttpChannelState@52a954e4{s=HANDLING rs=BLOCKING os=COMPLETED is=READY awp=false se=false i=true al=0}
13:18:52.252 [qtp781595164-97] DEBUG org.eclipse.jetty.server.HttpChannelState - nextAction(false) COMPLETE HttpChannelState@52a954e4{s=HANDLING rs=COMPLETING os=COMPLETED is=READY awp=false se=false i=false al=0}
13:18:52.252 [qtp781595164-97] DEBUG org.eclipse.jetty.server.HttpChannel - action COMPLETE HttpChannelOverHttp@5696caee{s=HttpChannelState@52a954e4{s=HANDLING rs=COMPLETING os=COMPLETED is=READY awp=false se=false i=false al=0},r=2,c=false/true,a=HANDLING,uri=//localhost:8080/api/v0/components/products/e929c1aa-d653-439a-9656-04a204a47597/environments,age=10}
13:18:52.252 [reactor-http-nio-2] DEBUG reactor.netty.channel.FluxReceive - [id: 0xd4142ed4, L:/127.0.0.1:65022 - R:localhost/127.0.0.1:8080] Subscribing inbound receiver [pending: 0, cancelled:false, inboundDone: false]
13:18:52.252 [qtp781595164-97] DEBUG org.eclipse.jetty.server.HttpOutput - complete(org.eclipse.jetty.util.Callback$4@131ec787) s=CLOSED,api=BLOCKING,sc=false,e=null s=true e=null, c=null
13:18:52.252 [qtp781595164-97] DEBUG org.eclipse.jetty.server.HttpChannelState - completed HttpChannelState@52a954e4{s=HANDLING rs=COMPLETING os=COMPLETED is=READY awp=false se=false i=false al=0}
13:18:52.252 [qtp781595164-97] DEBUG org.eclipse.jetty.server.HttpChannelState - unhandle HttpChannelState@52a954e4{s=HANDLING rs=COMPLETED os=COMPLETED is=READY awp=false se=false i=false al=0}
13:18:52.252 [qtp781595164-97] DEBUG org.eclipse.jetty.server.HttpChannelState - nextAction(false) TERMINATED HttpChannelState@52a954e4{s=IDLE rs=COMPLETED os=COMPLETED is=READY awp=false se=false i=false al=0}
13:18:52.252 [qtp781595164-97] DEBUG org.eclipse.jetty.server.HttpChannel - action TERMINATED HttpChannelOverHttp@5696caee{s=HttpChannelState@52a954e4{s=IDLE rs=COMPLETED os=COMPLETED is=READY awp=false se=false i=false al=0},r=2,c=true/true,a=IDLE,uri=//localhost:8080/api/v0/components/products/e929c1aa-d653-439a-9656-04a204a47597/environments,age=10}
13:18:52.252 [qtp781595164-97] DEBUG org.eclipse.jetty.server.HttpChannel - onCompleted for /api/v0/components/products/e929c1aa-d653-439a-9656-04a204a47597/environments written=14
13:18:52.253 [qtp781595164-97] DEBUG org.eclipse.jetty.server.HttpChannelState - recycle HttpChannelState@52a954e4{s=IDLE rs=COMPLETED os=COMPLETED is=READY awp=false se=false i=false al=0}
13:18:52.253 [qtp781595164-97] DEBUG org.eclipse.jetty.http.HttpParser - reset HttpParser{s=END,0 of -1}
13:18:52.253 [qtp781595164-97] DEBUG org.eclipse.jetty.http.HttpParser - END --> START
13:18:52.253 [qtp781595164-97] DEBUG org.eclipse.jetty.server.HttpChannel - !handle TERMINATED HttpChannelOverHttp@5696caee{s=HttpChannelState@52a954e4{s=IDLE rs=BLOCKING os=OPEN is=IDLE awp=false se=false i=true al=0},r=2,c=false/false,a=IDLE,uri=null,age=0}
13:18:52.253 [qtp781595164-97] DEBUG org.eclipse.jetty.io.ChannelEndPoint - filled 0 HeapByteBuffer@40573931[p=0,l=0,c=8192,r=0]={<<<>>>HTTP/1.1 ...\x00\x00\x00\x00\x00\x00\x00}
13:18:52.253 [qtp781595164-97] DEBUG org.eclipse.jetty.io.ChannelEndPoint - filled 0 HeapByteBuffer@40573931[p=0,l=0,c=8192,r=0]={<<<>>>HTTP/1.1 ...\x00\x00\x00\x00\x00\x00\x00}
13:18:52.253 [qtp781595164-97] DEBUG org.eclipse.jetty.server.HttpConnection - HttpConnection@17abc0d5::NetworkTrafficSocketChannelEndPoint@58513f94{/127.0.0.1:65022<->/127.0.0.1:8080,OPEN,fill=-,flush=-,to=0/30000}{io=0/0,kio=0,kro=1}->HttpConnection@17abc0d5[p=HttpParser{s=START,0 of -1},g=HttpGenerator@46d7e02b{s=START}]=>HttpChannelOverHttp@5696caee{s=HttpChannelState@52a954e4{s=IDLE rs=BLOCKING os=OPEN is=IDLE awp=false se=false i=true al=0},r=2,c=false/false,a=IDLE,uri=null,age=0} filled 0 HeapByteBuffer@40573931[p=0,l=0,c=8192,r=0]={<<<>>>HTTP/1.1 ...\x00\x00\x00\x00\x00\x00\x00}
13:18:52.253 [qtp781595164-97] DEBUG org.eclipse.jetty.server.HttpConnection - HttpConnection@17abc0d5::NetworkTrafficSocketChannelEndPoint@58513f94{/127.0.0.1:65022<->/127.0.0.1:8080,OPEN,fill=-,flush=-,to=1/30000}{io=0/0,kio=0,kro=1}->HttpConnection@17abc0d5[p=HttpParser{s=START,0 of -1},g=HttpGenerator@46d7e02b{s=START}]=>HttpChannelOverHttp@5696caee{s=HttpChannelState@52a954e4{s=IDLE rs=BLOCKING os=OPEN is=IDLE awp=false se=false i=true al=0},r=2,c=false/false,a=IDLE,uri=null,age=0} parse HeapByteBuffer@40573931[p=0,l=0,c=8192,r=0]={<<<>>>HTTP/1.1 ...\x00\x00\x00\x00\x00\x00\x00} {}
13:18:52.253 [qtp781595164-97] DEBUG org.eclipse.jetty.http.HttpParser - parseNext s=START HeapByteBuffer@40573931[p=0,l=0,c=8192,r=0]={<<<>>>HTTP/1.1 ...\x00\x00\x00\x00\x00\x00\x00}
13:18:52.253 [reactor-http-nio-2] DEBUG reactor.netty.http.client.HttpClientOperations - [id: 0xd4142ed4, L:/127.0.0.1:65022 - R:localhost/127.0.0.1:8080] Received last HTTP packet
13:18:52.253 [qtp781595164-97] DEBUG org.eclipse.jetty.server.HttpConnection - HttpConnection@17abc0d5::NetworkTrafficSocketChannelEndPoint@58513f94{/127.0.0.1:65022<->/127.0.0.1:8080,OPEN,fill=-,flush=-,to=1/30000}{io=0/0,kio=0,kro=1}->HttpConnection@17abc0d5[p=HttpParser{s=START,0 of -1},g=HttpGenerator@46d7e02b{s=START}]=>HttpChannelOverHttp@5696caee{s=HttpChannelState@52a954e4{s=IDLE rs=BLOCKING os=OPEN is=IDLE awp=false se=false i=true al=0},r=2,c=false/false,a=IDLE,uri=null,age=0} parsed false HttpParser{s=START,0 of -1}
13:18:52.253 [qtp781595164-97] DEBUG org.eclipse.jetty.server.HttpConnection - releaseRequestBuffer HttpConnection@17abc0d5::NetworkTrafficSocketChannelEndPoint@58513f94{/127.0.0.1:65022<->/127.0.0.1:8080,OPEN,fill=-,flush=-,to=1/30000}{io=0/0,kio=0,kro=1}->HttpConnection@17abc0d5[p=HttpParser{s=START,0 of -1},g=HttpGenerator@46d7e02b{s=START}]=>HttpChannelOverHttp@5696caee{s=HttpChannelState@52a954e4{s=IDLE rs=BLOCKING os=OPEN is=IDLE awp=false se=false i=true al=0},r=2,c=false/false,a=IDLE,uri=null,age=0}
13:18:52.253 [qtp781595164-97] DEBUG org.eclipse.jetty.io.AbstractConnection - fillInterested HttpConnection@17abc0d5::NetworkTrafficSocketChannelEndPoint@58513f94{/127.0.0.1:65022<->/127.0.0.1:8080,OPEN,fill=-,flush=-,to=1/30000}{io=0/0,kio=0,kro=1}->HttpConnection@17abc0d5[p=HttpParser{s=START,0 of -1},g=HttpGenerator@46d7e02b{s=START}]=>HttpChannelOverHttp@5696caee{s=HttpChannelState@52a954e4{s=IDLE rs=BLOCKING os=OPEN is=IDLE awp=false se=false i=true al=0},r=2,c=false/false,a=IDLE,uri=null,age=0}
13:18:52.253 [qtp781595164-97] DEBUG org.eclipse.jetty.io.FillInterest - interested FillInterest@267693a5{AC.ReadCB@17abc0d5{HttpConnection@17abc0d5::NetworkTrafficSocketChannelEndPoint@58513f94{/127.0.0.1:65022<->/127.0.0.1:8080,OPEN,fill=FI,flush=-,to=0/30000}{io=0/0,kio=0,kro=1}->HttpConnection@17abc0d5[p=HttpParser{s=START,0 of -1},g=HttpGenerator@46d7e02b{s=START}]=>HttpChannelOverHttp@5696caee{s=HttpChannelState@52a954e4{s=IDLE rs=BLOCKING os=OPEN is=IDLE awp=false se=false i=true al=0},r=2,c=false/false,a=IDLE,uri=null,age=0}}}
13:18:52.253 [reactor-http-nio-2] DEBUG org.springframework.http.codec.json.Jackson2JsonDecoder - [54a0b96a] Decoded [[DEV, PROD]]
13:18:52.253 [qtp781595164-97] DEBUG org.eclipse.jetty.io.ChannelEndPoint - changeInterests p=false 0->1 for NetworkTrafficSocketChannelEndPoint@58513f94{/127.0.0.1:65022<->/127.0.0.1:8080,OPEN,fill=FI,flush=-,to=0/30000}{io=0/1,kio=0,kro=1}->HttpConnection@17abc0d5[p=HttpParser{s=START,0 of -1},g=HttpGenerator@46d7e02b{s=START}]=>HttpChannelOverHttp@5696caee{s=HttpChannelState@52a954e4{s=IDLE rs=BLOCKING os=OPEN is=IDLE awp=false se=false i=true al=0},r=2,c=false/false,a=IDLE,uri=null,age=0}
13:18:52.254 [qtp781595164-97] DEBUG org.eclipse.jetty.io.ManagedSelector - Queued change org.eclipse.jetty.io.ChannelEndPoint$1@3ee0edfb on ManagedSelector@472b777f{STARTED} id=0 keys=1 selected=0 updates=0
13:18:52.254 [qtp781595164-97] DEBUG org.eclipse.jetty.io.ManagedSelector - Wakeup on submit ManagedSelector@472b777f{STARTED} id=0 keys=1 selected=0 updates=1
13:18:52.254 [qtp781595164-97] DEBUG org.eclipse.jetty.server.HttpConnection - HttpConnection@17abc0d5::NetworkTrafficSocketChannelEndPoint@58513f94{/127.0.0.1:65022<->/127.0.0.1:8080,OPEN,fill=FI,flush=-,to=0/30000}{io=0/1,kio=0,kro=1}->HttpConnection@17abc0d5[p=HttpParser{s=START,0 of -1},g=HttpGenerator@46d7e02b{s=START}]=>HttpChannelOverHttp@5696caee{s=HttpChannelState@52a954e4{s=IDLE rs=BLOCKING os=OPEN is=IDLE awp=false se=false i=true al=0},r=2,c=false/false,a=IDLE,uri=null,age=0} onFillable exit HttpChannelState@52a954e4{s=IDLE rs=BLOCKING os=OPEN is=IDLE awp=false se=false i=true al=0} null
13:18:52.254 [qtp781595164-97] DEBUG org.eclipse.jetty.util.thread.ReservedThreadExecutor - ReservedThreadExecutor@5e1e7972{s=1/1,p=0}@1e93b164 size 1 > capacity
13:18:52.254 [qtp781595164-97] DEBUG org.eclipse.jetty.util.thread.QueuedThreadPool - ran ReservedThreadExecutor@5e1e7972{s=1/1,p=0}@1e93b164 in QueuedThreadPool[qtp781595164]@2e96321c{STARTED,8<=8<=14,i=1,r=1,q=0}[ReservedThreadExecutor@5e1e7972{s=1/1,p=0}]
13:18:52.254 [qtp781595164-99] DEBUG org.eclipse.jetty.io.ManagedSelector - Selector sun.nio.ch.WindowsSelectorImpl@74793139 woken with none selected
13:18:52.254 [qtp781595164-99] DEBUG org.eclipse.jetty.io.ManagedSelector - Selector sun.nio.ch.WindowsSelectorImpl@74793139 woken up from select, 0/0/1 selected
13:18:52.254 [qtp781595164-99] DEBUG org.eclipse.jetty.io.ManagedSelector - Selector sun.nio.ch.WindowsSelectorImpl@74793139 processing 0 keys, 1 updates
13:18:52.254 [qtp781595164-99] DEBUG org.eclipse.jetty.io.ManagedSelector - updateable 1
13:18:52.254 [qtp781595164-99] DEBUG org.eclipse.jetty.io.ManagedSelector - update org.eclipse.jetty.io.ChannelEndPoint$1@3ee0edfb
13:18:52.254 [qtp781595164-99] DEBUG org.eclipse.jetty.io.ChannelEndPoint - Key interests updated 0 -> 1 on NetworkTrafficSocketChannelEndPoint@58513f94{/127.0.0.1:65022<->/127.0.0.1:8080,OPEN,fill=FI,flush=-,to=0/30000}{io=1/1,kio=1,kro=1}->HttpConnection@17abc0d5[p=HttpParser{s=START,0 of -1},g=HttpGenerator@46d7e02b{s=START}]=>HttpChannelOverHttp@5696caee{s=HttpChannelState@52a954e4{s=IDLE rs=BLOCKING os=OPEN is=IDLE awp=false se=false i=true al=0},r=2,c=false/false,a=IDLE,uri=null,age=0}
13:18:52.254 [qtp781595164-99] DEBUG org.eclipse.jetty.io.ManagedSelector - updates 0
13:18:52.254 [qtp781595164-99] DEBUG org.eclipse.jetty.io.ManagedSelector - Selector sun.nio.ch.WindowsSelectorImpl@74793139 waiting with 1 keys
13:18:52.268 [reactor-http-nio-2] DEBUG reactor.netty.resources.PooledConnectionProvider - [id: 0xd4142ed4, L:/127.0.0.1:65022 - R:localhost/127.0.0.1:8080] onStateChange(GET{uri=/api/v0/components/products/e929c1aa-d653-439a-9656-04a204a47597/environments, connection=PooledConnection{channel=[id: 0xd4142ed4, L:/127.0.0.1:65022 - R:localhost/127.0.0.1:8080]}}, [response_completed])
13:18:52.268 [reactor-http-nio-2] DEBUG reactor.netty.ReactorNetty - [id: 0xd4142ed4, L:/127.0.0.1:65022 - R:localhost/127.0.0.1:8080] Removed handler: ReadTimeoutHandler, pipeline: DefaultChannelPipeline{(reactor.left.httpCodec = io.netty.handler.codec.http.HttpClientCodec), (WriteTimeoutHandler = io.netty.handler.timeout.WriteTimeoutHandler), (reactor.right.reactiveBridge = reactor.netty.channel.ChannelOperationsHandler)}
13:18:52.268 [reactor-http-nio-2] DEBUG reactor.netty.ReactorNetty - [id: 0xd4142ed4, L:/127.0.0.1:65022 - R:localhost/127.0.0.1:8080] Removed handler: WriteTimeoutHandler, pipeline: DefaultChannelPipeline{(reactor.left.httpCodec = io.netty.handler.codec.http.HttpClientCodec), (reactor.right.reactiveBridge = reactor.netty.channel.ChannelOperationsHandler)}
13:18:52.268 [reactor-http-nio-2] DEBUG reactor.netty.resources.PooledConnectionProvider - [id: 0xd4142ed4, L:/127.0.0.1:65022 - R:localhost/127.0.0.1:8080] onStateChange(GET{uri=/api/v0/components/products/e929c1aa-d653-439a-9656-04a204a47597/environments, connection=PooledConnection{channel=[id: 0xd4142ed4, L:/127.0.0.1:65022 - R:localhost/127.0.0.1:8080]}}, [disconnecting])
13:18:52.268 [reactor-http-nio-2] DEBUG reactor.netty.resources.PooledConnectionProvider - [id: 0xd4142ed4, L:/127.0.0.1:65022 - R:localhost/127.0.0.1:8080] Releasing channel
13:18:52.268 [reactor-http-nio-2] DEBUG reactor.netty.resources.PooledConnectionProvider - [id: 0xd4142ed4, L:/127.0.0.1:65022 - R:localhost/127.0.0.1:8080] Channel cleaned, now 0 active connections and 2 inactive connections
13:18:52.270 [Test worker] DEBUG org.apache.http.impl.conn.PoolingHttpClientConnectionManager - Connection request: [route: {}->http://localhost:8080][total available: 1; route allocated: 1 of 5; total allocated: 1 of 50]
13:18:52.270 [Test worker] DEBUG org.apache.http.impl.conn.PoolingHttpClientConnectionManager - Connection leased: [id: 5][route: {}->http://localhost:8080][total available: 0; route allocated: 1 of 5; total allocated: 1 of 50]
13:18:52.270 [Test worker] DEBUG org.apache.http.impl.conn.DefaultManagedHttpClientConnection - http-outgoing-5: set socket timeout to 30000
13:18:52.270 [Test worker] DEBUG org.apache.http.impl.execchain.MainClientExec - Stale connection check
13:18:52.272 [Test worker] DEBUG org.apache.http.wire - http-outgoing-5 << "[read] I/O error: Read timed out"
13:18:52.272 [Test worker] DEBUG org.apache.http.impl.execchain.MainClientExec - Executing request POST /__admin/requests/count HTTP/1.1
13:18:52.272 [Test worker] DEBUG org.apache.http.impl.execchain.MainClientExec - Target auth state: UNCHALLENGED
13:18:52.272 [Test worker] DEBUG org.apache.http.impl.execchain.MainClientExec - Proxy auth state: UNCHALLENGED
13:18:52.272 [Test worker] DEBUG org.apache.http.headers - http-outgoing-5 >> POST /__admin/requests/count HTTP/1.1
13:18:52.272 [Test worker] DEBUG org.apache.http.headers - http-outgoing-5 >> Content-Length: 116
13:18:52.272 [Test worker] DEBUG org.apache.http.headers - http-outgoing-5 >> Content-Type: text/plain; charset=UTF-8
13:18:52.272 [Test worker] DEBUG org.apache.http.headers - http-outgoing-5 >> Host: localhost:8080
13:18:52.272 [Test worker] DEBUG org.apache.http.headers - http-outgoing-5 >> Connection: Keep-Alive
13:18:52.272 [Test worker] DEBUG org.apache.http.headers - http-outgoing-5 >> User-Agent: Apache-HttpClient/4.5.12 (Java/11.0.2)
13:18:52.272 [Test worker] DEBUG org.apache.http.wire - http-outgoing-5 >> "POST /__admin/requests/count HTTP/1.1[\r][\n]"
13:18:52.272 [Test worker] DEBUG org.apache.http.wire - http-outgoing-5 >> "Content-Length: 116[\r][\n]"
13:18:52.272 [Test worker] DEBUG org.apache.http.wire - http-outgoing-5 >> "Content-Type: text/plain; charset=UTF-8[\r][\n]"
13:18:52.272 [Test worker] DEBUG org.apache.http.wire - http-outgoing-5 >> "Host: localhost:8080[\r][\n]"
13:18:52.272 [Test worker] DEBUG org.apache.http.wire - http-outgoing-5 >> "Connection: Keep-Alive[\r][\n]"
13:18:52.272 [Test worker] DEBUG org.apache.http.wire - http-outgoing-5 >> "User-Agent: Apache-HttpClient/4.5.12 (Java/11.0.2)[\r][\n]"
13:18:52.272 [Test worker] DEBUG org.apache.http.wire - http-outgoing-5 >> "[\r][\n]"
13:18:52.272 [Test worker] DEBUG org.apache.http.wire - http-outgoing-5 >> "{[\r][\n]"
13:18:52.272 [Test worker] DEBUG org.apache.http.wire - http-outgoing-5 >> "  "url" : "/api/v0/components/products/e929c1aa-d653-439a-9656-04a204a47597/environments",[\r][\n]"
13:18:52.272 [Test worker] DEBUG org.apache.http.wire - http-outgoing-5 >> "  "method" : "GET"[\r][\n]"
13:18:52.272 [Test worker] DEBUG org.apache.http.wire - http-outgoing-5 >> "}"
13:18:52.272 [qtp781595164-98] DEBUG org.eclipse.jetty.io.ManagedSelector - Selector sun.nio.ch.WindowsSelectorImpl@146bda14 woken up from select, 1/1/2 selected
13:18:52.272 [qtp781595164-98] DEBUG org.eclipse.jetty.io.ManagedSelector - Selector sun.nio.ch.WindowsSelectorImpl@146bda14 processing 1 keys, 0 updates
13:18:52.272 [qtp781595164-98] DEBUG org.eclipse.jetty.io.ManagedSelector - selected 1 channel=java.nio.channels.SocketChannel[connected local=/127.0.0.1:8080 remote=/127.0.0.1:65021], selector=sun.nio.ch.WindowsSelectorImpl@146bda14, interestOps=1, readyOps=1 NetworkTrafficSocketChannelEndPoint@2f324d03{/127.0.0.1:65021<->/127.0.0.1:8080,OPEN,fill=FI,flush=-,to=1029/30000}{io=1/1,kio=1,kro=1}->HttpConnection@5d2fafe1[p=HttpParser{s=START,0 of -1},g=HttpGenerator@5162fbcf{s=START}]=>HttpChannelOverHttp@25ca2673{s=HttpChannelState@60c8bcae{s=IDLE rs=BLOCKING os=OPEN is=IDLE awp=false se=false i=true al=0},r=3,c=false/false,a=IDLE,uri=null,age=0} 
13:18:52.273 [qtp781595164-98] DEBUG org.eclipse.jetty.io.ChannelEndPoint - onSelected 1->0 r=true w=false for NetworkTrafficSocketChannelEndPoint@2f324d03{/127.0.0.1:65021<->/127.0.0.1:8080,OPEN,fill=FI,flush=-,to=1029/30000}{io=1/0,kio=1,kro=1}->HttpConnection@5d2fafe1[p=HttpParser{s=START,0 of -1},g=HttpGenerator@5162fbcf{s=START}]=>HttpChannelOverHttp@25ca2673{s=HttpChannelState@60c8bcae{s=IDLE rs=BLOCKING os=OPEN is=IDLE awp=false se=false i=true al=0},r=3,c=false/false,a=IDLE,uri=null,age=0}
13:18:52.273 [qtp781595164-98] DEBUG org.eclipse.jetty.io.ChannelEndPoint - task CEP:NetworkTrafficSocketChannelEndPoint@2f324d03{/127.0.0.1:65021<->/127.0.0.1:8080,OPEN,fill=FI,flush=-,to=1030/30000}{io=1/0,kio=1,kro=1}->HttpConnection@5d2fafe1[p=HttpParser{s=START,0 of -1},g=HttpGenerator@5162fbcf{s=START}]=>HttpChannelOverHttp@25ca2673{s=HttpChannelState@60c8bcae{s=IDLE rs=BLOCKING os=OPEN is=IDLE awp=false se=false i=true al=0},r=3,c=false/false,a=IDLE,uri=null,age=0}:runFillable:BLOCKING
13:18:52.273 [qtp781595164-98] DEBUG org.eclipse.jetty.util.thread.ReservedThreadExecutor - ReservedThreadExecutor@5e1e7972{s=1/1,p=0} tryExecute EatWhatYouKill@11f99275/SelectorProducer@8560933/PRODUCING/p=false/QueuedThreadPool[qtp781595164]@2e96321c{STARTED,8<=8<=14,i=2,r=1,q=0}[ReservedThreadExecutor@5e1e7972{s=1/1,p=0}][pc=0,pic=0,pec=1,epc=1]@2020-09-25T13:18:52.2734159+02:00
13:18:52.273 [qtp781595164-98] DEBUG org.eclipse.jetty.util.thread.ReservedThreadExecutor - ReservedThreadExecutor@5e1e7972{s=0/1,p=0}@2097b4bb offer EatWhatYouKill@11f99275/SelectorProducer@8560933/PRODUCING/p=false/QueuedThreadPool[qtp781595164]@2e96321c{STARTED,8<=8<=14,i=2,r=1,q=0}[ReservedThreadExecutor@5e1e7972{s=0/1,p=0}][pc=0,pic=0,pec=1,epc=1]@2020-09-25T13:18:52.2734159+02:00
13:18:52.273 [qtp781595164-98] DEBUG org.eclipse.jetty.util.thread.ReservedThreadExecutor - ReservedThreadExecutor@5e1e7972{s=0/1,p=1} startReservedThread p=1
13:18:52.273 [qtp781595164-98] DEBUG org.eclipse.jetty.util.thread.QueuedThreadPool - queue ReservedThreadExecutor@5e1e7972{s=0/1,p=1}@702f60bf startThread=0
13:18:52.273 [qtp781595164-98] DEBUG org.eclipse.jetty.util.thread.strategy.EatWhatYouKill - EatWhatYouKill@11f99275/SelectorProducer@8560933/IDLE/p=true/QueuedThreadPool[qtp781595164]@2e96321c{STARTED,8<=8<=14,i=1,r=1,q=0}[ReservedThreadExecutor@5e1e7972{s=0/1,p=1}][pc=0,pic=0,pec=1,epc=1]@2020-09-25T13:18:52.2734159+02:00 m=EXECUTE_PRODUCE_CONSUME t=CEP:NetworkTrafficSocketChannelEndPoint@2f324d03{/127.0.0.1:65021<->/127.0.0.1:8080,OPEN,fill=FI,flush=-,to=1030/30000}{io=1/0,kio=1,kro=1}->HttpConnection@5d2fafe1[p=HttpParser{s=START,0 of -1},g=HttpGenerator@5162fbcf{s=START}]=>HttpChannelOverHttp@25ca2673{s=HttpChannelState@60c8bcae{s=IDLE rs=BLOCKING os=OPEN is=IDLE awp=false se=false i=true al=0},r=3,c=false/false,a=IDLE,uri=null,age=0}:runFillable:BLOCKING/BLOCKING
13:18:52.274 [qtp781595164-98] DEBUG org.eclipse.jetty.io.FillInterest - fillable FillInterest@256fb62e{AC.ReadCB@5d2fafe1{HttpConnection@5d2fafe1::NetworkTrafficSocketChannelEndPoint@2f324d03{/127.0.0.1:65021<->/127.0.0.1:8080,OPEN,fill=FI,flush=-,to=1030/30000}{io=1/0,kio=1,kro=1}->HttpConnection@5d2fafe1[p=HttpParser{s=START,0 of -1},g=HttpGenerator@5162fbcf{s=START}]=>HttpChannelOverHttp@25ca2673{s=HttpChannelState@60c8bcae{s=IDLE rs=BLOCKING os=OPEN is=IDLE awp=false se=false i=true al=0},r=3,c=false/false,a=IDLE,uri=null,age=0}}}
13:18:52.274 [qtp781595164-98] DEBUG org.eclipse.jetty.server.HttpConnection - HttpConnection@5d2fafe1::NetworkTrafficSocketChannelEndPoint@2f324d03{/127.0.0.1:65021<->/127.0.0.1:8080,OPEN,fill=-,flush=-,to=1030/30000}{io=1/0,kio=1,kro=1}->HttpConnection@5d2fafe1[p=HttpParser{s=START,0 of -1},g=HttpGenerator@5162fbcf{s=START}]=>HttpChannelOverHttp@25ca2673{s=HttpChannelState@60c8bcae{s=IDLE rs=BLOCKING os=OPEN is=IDLE awp=false se=false i=true al=0},r=3,c=false/false,a=IDLE,uri=null,age=0} onFillable enter HttpChannelState@60c8bcae{s=IDLE rs=BLOCKING os=OPEN is=IDLE awp=false se=false i=true al=0} null
13:18:52.274 [qtp781595164-98] DEBUG org.eclipse.jetty.io.ChannelEndPoint - filled 317 HeapByteBuffer@40573931[p=0,l=317,c=8192,r=317]={<<<POST /__admin/requests/co...\r\n  "method" : "GET"\r\n}>>>53-439a-9...\x00\x00\x00\x00\x00\x00\x00}
13:18:52.274 [qtp781595164-98] DEBUG org.eclipse.jetty.server.HttpConnection - HttpConnection@5d2fafe1::NetworkTrafficSocketChannelEndPoint@2f324d03{/127.0.0.1:65021<->/127.0.0.1:8080,OPEN,fill=-,flush=-,to=0/30000}{io=1/0,kio=1,kro=1}->HttpConnection@5d2fafe1[p=HttpParser{s=START,0 of -1},g=HttpGenerator@5162fbcf{s=START}]=>HttpChannelOverHttp@25ca2673{s=HttpChannelState@60c8bcae{s=IDLE rs=BLOCKING os=OPEN is=IDLE awp=false se=false i=true al=0},r=3,c=false/false,a=IDLE,uri=null,age=0} filled 317 HeapByteBuffer@40573931[p=0,l=317,c=8192,r=317]={<<<POST /__admin/requests/co...\r\n  "method" : "GET"\r\n}>>>53-439a-9...\x00\x00\x00\x00\x00\x00\x00}
13:18:52.274 [qtp781595164-98] DEBUG org.eclipse.jetty.server.HttpConnection - HttpConnection@5d2fafe1::NetworkTrafficSocketChannelEndPoint@2f324d03{/127.0.0.1:65021<->/127.0.0.1:8080,OPEN,fill=-,flush=-,to=0/30000}{io=1/0,kio=1,kro=1}->HttpConnection@5d2fafe1[p=HttpParser{s=START,0 of -1},g=HttpGenerator@5162fbcf{s=START}]=>HttpChannelOverHttp@25ca2673{s=HttpChannelState@60c8bcae{s=IDLE rs=BLOCKING os=OPEN is=IDLE awp=false se=false i=true al=0},r=3,c=false/false,a=IDLE,uri=null,age=0} parse HeapByteBuffer@40573931[p=0,l=317,c=8192,r=317]={<<<POST /__admin/requests/co...\r\n  "method" : "GET"\r\n}>>>53-439a-9...\x00\x00\x00\x00\x00\x00\x00} {}
13:18:52.274 [qtp781595164-98] DEBUG org.eclipse.jetty.http.HttpParser - parseNext s=START HeapByteBuffer@40573931[p=0,l=317,c=8192,r=317]={<<<POST /__admin/requests/co...\r\n  "method" : "GET"\r\n}>>>53-439a-9...\x00\x00\x00\x00\x00\x00\x00}
13:18:52.274 [qtp781595164-98] DEBUG org.eclipse.jetty.http.HttpParser - START --> SPACE1
13:18:52.274 [qtp781595164-98] DEBUG org.eclipse.jetty.http.HttpParser - SPACE1 --> URI
13:18:52.274 [qtp781595164-98] DEBUG org.eclipse.jetty.http.HttpParser - URI --> SPACE2
13:18:52.274 [qtp781595164-98] DEBUG org.eclipse.jetty.http.HttpParser - SPACE2 --> REQUEST_VERSION
13:18:52.274 [qtp781595164-98] DEBUG org.eclipse.jetty.http.HttpParser - REQUEST_VERSION --> HEADER
13:18:52.274 [qtp781595164-98] DEBUG org.eclipse.jetty.http.HttpParser - HEADER:Content-Length --> VALUE
13:18:52.274 [qtp781595164-98] DEBUG org.eclipse.jetty.http.HttpParser - HEADER:Content-Length --> IN_VALUE
13:18:52.274 [qtp781595164-98] DEBUG org.eclipse.jetty.http.HttpParser - HEADER:Content-Length --> FIELD
13:18:52.274 [qtp781595164-98] DEBUG org.eclipse.jetty.http.HttpParser - HEADER:Content-Type: text/plain; charset=UTF-8 --> IN_VALUE
13:18:52.274 [qtp781595164-98] DEBUG org.eclipse.jetty.http.HttpParser - HEADER:Content-Type: text/plain; charset=UTF-8 --> FIELD
13:18:52.274 [qtp781595164-98] DEBUG org.eclipse.jetty.http.HttpParser - HEADER:Host: localhost:8080 --> IN_VALUE
13:18:52.274 [qtp781595164-98] DEBUG org.eclipse.jetty.http.HttpParser - HEADER:Host: localhost:8080 --> FIELD
13:18:52.274 [qtp781595164-98] DEBUG org.eclipse.jetty.http.HttpParser - HEADER:Connection: keep-alive --> IN_VALUE
13:18:52.274 [qtp781595164-98] DEBUG org.eclipse.jetty.http.HttpParser - HEADER:Connection: keep-alive --> FIELD
13:18:52.274 [qtp781595164-98] DEBUG org.eclipse.jetty.http.HttpParser - HEADER:User-Agent: Apache-HttpClient/4.5.12 (Java/11.0.2) --> IN_VALUE
13:18:52.274 [qtp781595164-98] DEBUG org.eclipse.jetty.http.HttpParser - HEADER:User-Agent: Apache-HttpClient/4.5.12 (Java/11.0.2) --> FIELD
13:18:52.274 [qtp781595164-98] DEBUG org.eclipse.jetty.http.HttpParser - HEADER --> CONTENT
13:18:52.275 [qtp781595164-98] DEBUG org.eclipse.jetty.server.HttpChannel - REQUEST for //localhost:8080/__admin/requests/count on HttpChannelOverHttp@25ca2673{s=HttpChannelState@60c8bcae{s=IDLE rs=BLOCKING os=OPEN is=IDLE awp=false se=false i=true al=0},r=4,c=false/false,a=IDLE,uri=//localhost:8080/__admin/requests/count,age=0}
POST //localhost:8080/__admin/requests/count HTTP/1.1
Content-Length: 116
Content-Type: text/plain; charset=UTF-8
Host: localhost:8080
Connection: keep-alive
User-Agent: Apache-HttpClient/4.5.12 (Java/11.0.2)


13:18:52.275 [qtp781595164-98] DEBUG org.eclipse.jetty.server.HttpConnection - HttpConnection@5d2fafe1::NetworkTrafficSocketChannelEndPoint@2f324d03{/127.0.0.1:65021<->/127.0.0.1:8080,OPEN,fill=-,flush=-,to=0/30000}{io=1/0,kio=1,kro=1}->HttpConnection@5d2fafe1[p=HttpParser{s=CONTENT,0 of 116},g=HttpGenerator@5162fbcf{s=START}]=>HttpChannelOverHttp@25ca2673{s=HttpChannelState@60c8bcae{s=IDLE rs=BLOCKING os=OPEN is=IDLE awp=false se=false i=true al=0},r=4,c=false/false,a=IDLE,uri=//localhost:8080/__admin/requests/count,age=1} parsed true HttpParser{s=CONTENT,0 of 116}
13:18:52.275 [qtp781595164-98] DEBUG org.eclipse.jetty.server.HttpChannel - handle //localhost:8080/__admin/requests/count HttpChannelOverHttp@25ca2673{s=HttpChannelState@60c8bcae{s=IDLE rs=BLOCKING os=OPEN is=IDLE awp=false se=false i=true al=0},r=4,c=false/false,a=IDLE,uri=//localhost:8080/__admin/requests/count,age=1} 
13:18:52.275 [qtp781595164-98] DEBUG org.eclipse.jetty.server.HttpChannelState - handling HttpChannelState@60c8bcae{s=IDLE rs=BLOCKING os=OPEN is=IDLE awp=false se=false i=true al=0}
13:18:52.275 [qtp781595164-98] DEBUG org.eclipse.jetty.server.HttpChannel - action DISPATCH HttpChannelOverHttp@25ca2673{s=HttpChannelState@60c8bcae{s=HANDLING rs=BLOCKING os=OPEN is=IDLE awp=false se=false i=true al=0},r=4,c=false/false,a=HANDLING,uri=//localhost:8080/__admin/requests/count,age=1}
13:18:52.275 [qtp781595164-98] DEBUG org.eclipse.jetty.server.Server - REQUEST POST /__admin/requests/count on HttpChannelOverHttp@25ca2673{s=HttpChannelState@60c8bcae{s=HANDLING rs=BLOCKING os=OPEN is=IDLE awp=false se=false i=true al=0},r=4,c=false/false,a=HANDLING,uri=//localhost:8080/__admin/requests/count,age=1}
13:18:52.275 [qtp781595164-98] DEBUG org.eclipse.jetty.server.handler.ContextHandler - scope null||/__admin/requests/count @ o.e.j.s.ServletContextHandler@365484f9{/__admin,null,AVAILABLE}
13:18:52.275 [qtp781595164-98] DEBUG org.eclipse.jetty.server.handler.ContextHandler - context=/__admin||/requests/count @ o.e.j.s.ServletContextHandler@365484f9{/__admin,null,AVAILABLE}
13:18:52.275 [qtp781595164-98] DEBUG org.eclipse.jetty.servlet.ServletHandler - servlet /__admin|/requests/count|null -> com.github.tomakehurst.wiremock.servlet.WireMockHandlerDispatchingServlet-521fd64c@8e68ed01==com.github.tomakehurst.wiremock.servlet.WireMockHandlerDispatchingServlet,jsp=null,order=-1,inst=true,async=true
13:18:52.275 [qtp781595164-98] DEBUG org.eclipse.jetty.servlet.ServletHandler - chain=org.eclipse.jetty.servlets.CrossOriginFilter-27a10f7d@27a10f7d==org.eclipse.jetty.servlets.CrossOriginFilter,inst=true,async=true->com.github.tomakehurst.wiremock.servlet.WireMockHandlerDispatchingServlet-521fd64c@8e68ed01==com.github.tomakehurst.wiremock.servlet.WireMockHandlerDispatchingServlet,jsp=null,order=-1,inst=true,async=true
13:18:52.275 [qtp781595164-98] DEBUG org.eclipse.jetty.servlet.ServletHandler - call filter org.eclipse.jetty.servlets.CrossOriginFilter-27a10f7d@27a10f7d==org.eclipse.jetty.servlets.CrossOriginFilter,inst=true,async=true
13:18:52.275 [qtp781595164-98] DEBUG org.eclipse.jetty.servlet.ServletHandler - call servlet com.github.tomakehurst.wiremock.servlet.WireMockHandlerDispatchingServlet-521fd64c@8e68ed01==com.github.tomakehurst.wiremock.servlet.WireMockHandlerDispatchingServlet,jsp=null,order=-1,inst=true,async=true
13:18:52.275 [qtp781595164-98] DEBUG org.eclipse.jetty.server.HttpConnection - HttpConnection@5d2fafe1::NetworkTrafficSocketChannelEndPoint@2f324d03{/127.0.0.1:65021<->/127.0.0.1:8080,OPEN,fill=-,flush=-,to=1/30000}{io=1/0,kio=1,kro=1}->HttpConnection@5d2fafe1[p=HttpParser{s=CONTENT,0 of 116},g=HttpGenerator@5162fbcf{s=START}]=>HttpChannelOverHttp@25ca2673{s=HttpChannelState@60c8bcae{s=HANDLING rs=BLOCKING os=OPEN is=IDLE awp=false se=false i=true al=0},r=4,c=false/false,a=HANDLING,uri=//localhost:8080/__admin/requests/count,age=1} parse HeapByteBuffer@40573931[p=201,l=317,c=8192,r=116]={POST /__a....2)\r\n\r\n<<<{\r\n  "url" : "/api/v0/com...\r\n  "method" : "GET"\r\n}>>>53-439a-9...\x00\x00\x00\x00\x00\x00\x00} {}
13:18:52.276 [qtp781595164-98] DEBUG org.eclipse.jetty.http.HttpParser - parseNext s=CONTENT HeapByteBuffer@40573931[p=201,l=317,c=8192,r=116]={POST /__a....2)\r\n\r\n<<<{\r\n  "url" : "/api/v0/com...\r\n  "method" : "GET"\r\n}>>>53-439a-9...\x00\x00\x00\x00\x00\x00\x00}
13:18:52.276 [qtp781595164-98] DEBUG org.eclipse.jetty.server.HttpChannel - onContent HttpChannelOverHttp@25ca2673{s=HttpChannelState@60c8bcae{s=HANDLING rs=BLOCKING os=OPEN is=IDLE awp=false se=false i=true al=0},r=4,c=false/false,a=HANDLING,uri=//localhost:8080/__admin/requests/count,age=2} Content@41cca45{HeapByteBufferR@dc99135[p=201,l=317,c=8192,r=116]={POST /__a....2)\r\n\r\n<<<{\r\n  "url" : "/api/v0/com...\r\n  "method" : "GET"\r\n}>>>53-439a-9...\x00\x00\x00\x00\x00\x00\x00}}
13:18:52.276 [qtp781595164-98] DEBUG org.eclipse.jetty.server.HttpInput - HttpInputOverHTTP@764afb05[c=0,q=0,[0]=null,s=STREAM] addContent Content@41cca45{HeapByteBufferR@dc99135[p=201,l=317,c=8192,r=116]={POST /__a....2)\r\n\r\n<<<{\r\n  "url" : "/api/v0/com...\r\n  "method" : "GET"\r\n}>>>53-439a-9...\x00\x00\x00\x00\x00\x00\x00}}
13:18:52.276 [qtp781595164-98] DEBUG org.eclipse.jetty.http.HttpParser - CONTENT --> CONTENT_END
13:18:52.276 [qtp781595164-98] DEBUG org.eclipse.jetty.server.HttpChannel - onContentComplete HttpChannelOverHttp@25ca2673{s=HttpChannelState@60c8bcae{s=HANDLING rs=BLOCKING os=OPEN is=IDLE awp=false se=false i=true al=0},r=4,c=false/false,a=HANDLING,uri=//localhost:8080/__admin/requests/count,age=2}
13:18:52.276 [qtp781595164-98] DEBUG org.eclipse.jetty.http.HttpParser - CONTENT_END --> END
13:18:52.276 [qtp781595164-92] DEBUG org.eclipse.jetty.util.thread.ReservedThreadExecutor - ReservedThreadExecutor@5e1e7972{s=0/1,p=1}@2097b4bb task=EatWhatYouKill@11f99275/SelectorProducer@8560933/IDLE/p=true/QueuedThreadPool[qtp781595164]@2e96321c{STARTED,8<=8<=14,i=1,r=1,q=0}[ReservedThreadExecutor@5e1e7972{s=0/1,p=1}][pc=0,pic=0,pec=1,epc=2]@2020-09-25T13:18:52.2764162+02:00
13:18:52.276 [qtp781595164-98] DEBUG org.eclipse.jetty.server.HttpChannel - onRequestComplete HttpChannelOverHttp@25ca2673{s=HttpChannelState@60c8bcae{s=HANDLING rs=BLOCKING os=OPEN is=IDLE awp=false se=false i=true al=0},r=4,c=false/false,a=HANDLING,uri=//localhost:8080/__admin/requests/count,age=2}
13:18:52.276 [qtp781595164-98] DEBUG org.eclipse.jetty.server.HttpInput - HttpInputOverHTTP@764afb05[c=0,q=1,[0]=EOF,s=STREAM] addContent EOF
13:18:52.276 [qtp781595164-92] DEBUG org.eclipse.jetty.util.thread.strategy.EatWhatYouKill - EatWhatYouKill@11f99275/SelectorProducer@8560933/IDLE/p=true/QueuedThreadPool[qtp781595164]@2e96321c{STARTED,8<=8<=14,i=1,r=1,q=0}[ReservedThreadExecutor@5e1e7972{s=0/1,p=1}][pc=0,pic=0,pec=1,epc=2]@2020-09-25T13:18:52.2764162+02:00 tryProduce true
13:18:52.276 [qtp781595164-92] DEBUG org.eclipse.jetty.io.ManagedSelector - updateable 0
13:18:52.276 [qtp781595164-98] DEBUG org.eclipse.jetty.server.HttpConnection - HttpConnection@5d2fafe1::NetworkTrafficSocketChannelEndPoint@2f324d03{/127.0.0.1:65021<->/127.0.0.1:8080,OPEN,fill=-,flush=-,to=2/30000}{io=1/0,kio=1,kro=1}->HttpConnection@5d2fafe1[p=HttpParser{s=END,116 of 116},g=HttpGenerator@5162fbcf{s=START}]=>HttpChannelOverHttp@25ca2673{s=HttpChannelState@60c8bcae{s=HANDLING rs=BLOCKING os=OPEN is=IDLE awp=false se=false i=true al=0},r=4,c=false/false,a=HANDLING,uri=//localhost:8080/__admin/requests/count,age=2} parsed false HttpParser{s=END,116 of 116}
13:18:52.276 [qtp781595164-98] DEBUG org.eclipse.jetty.server.HttpInput - HttpInputOverHTTP@764afb05[c=116,q=1,[0]=EOF,s=STREAM] read 116 from Content@41cca45{HeapByteBufferR@dc99135[p=317,l=317,c=8192,r=0]={POST /__a...GET"\r\n}<<<>>>53-439a-9...\x00\x00\x00\x00\x00\x00\x00}}
13:18:52.276 [qtp781595164-98] DEBUG org.eclipse.jetty.server.HttpConnection - releaseRequestBuffer HttpConnection@5d2fafe1::NetworkTrafficSocketChannelEndPoint@2f324d03{/127.0.0.1:65021<->/127.0.0.1:8080,OPEN,fill=-,flush=-,to=2/30000}{io=1/0,kio=1,kro=1}->HttpConnection@5d2fafe1[p=HttpParser{s=END,116 of 116},g=HttpGenerator@5162fbcf{s=START}]=>HttpChannelOverHttp@25ca2673{s=HttpChannelState@60c8bcae{s=HANDLING rs=BLOCKING os=OPEN is=IDLE awp=false se=false i=true al=0},r=4,c=false/false,a=HANDLING,uri=//localhost:8080/__admin/requests/count,age=2}
13:18:52.276 [qtp781595164-98] DEBUG org.eclipse.jetty.server.HttpChannelState - onEof HttpChannelState@60c8bcae{s=HANDLING rs=BLOCKING os=OPEN is=IDLE awp=false se=false i=true al=0}
13:18:52.276 [qtp781595164-92] DEBUG org.eclipse.jetty.io.ManagedSelector - updates 0
13:18:52.277 [qtp781595164-92] DEBUG org.eclipse.jetty.io.ChannelEndPoint - Key interests updated 1 -> 0 on NetworkTrafficSocketChannelEndPoint@2f324d03{/127.0.0.1:65021<->/127.0.0.1:8080,OPEN,fill=-,flush=-,to=2/30000}{io=0/0,kio=0,kro=1}->HttpConnection@5d2fafe1[p=HttpParser{s=END,116 of 116},g=HttpGenerator@5162fbcf{s=START}]=>HttpChannelOverHttp@25ca2673{s=HttpChannelState@60c8bcae{s=HANDLING rs=BLOCKING os=OPEN is=READY awp=false se=false i=true al=0},r=4,c=false/false,a=HANDLING,uri=//localhost:8080/__admin/requests/count,age=3}
13:18:52.277 [qtp781595164-92] DEBUG org.eclipse.jetty.io.ManagedSelector - Selector sun.nio.ch.WindowsSelectorImpl@146bda14 waiting with 2 keys
13:18:52.276 [qtp781595164-93] DEBUG org.eclipse.jetty.util.thread.QueuedThreadPool - run ReservedThreadExecutor@5e1e7972{s=0/1,p=1}@702f60bf in QueuedThreadPool[qtp781595164]@2e96321c{STARTED,8<=8<=14,i=1,r=1,q=0}[ReservedThreadExecutor@5e1e7972{s=0/1,p=1}]
13:18:52.277 [qtp781595164-93] DEBUG org.eclipse.jetty.util.thread.ReservedThreadExecutor - ReservedThreadExecutor@5e1e7972{s=1/1,p=1}@702f60bf started
13:18:52.277 [qtp781595164-93] DEBUG org.eclipse.jetty.util.thread.ReservedThreadExecutor - ReservedThreadExecutor@5e1e7972{s=1/1,p=0}@702f60bf waiting
13:18:52.279 [qtp781595164-98] DEBUG org.eclipse.jetty.server.HttpOutput - write(array HeapByteBuffer@add7440[p=0,l=56,c=8192,r=56]={<<<{\r\n  "count" : 2,\r\n  "req...nalDisabled" : false\r\n}>>>\x00\x00\x00\x00\x00\x00\x00\x00\x00...\x00\x00\x00\x00\x00\x00\x00})
13:18:52.279 [qtp781595164-98] DEBUG org.eclipse.jetty.server.HttpOutput - write(array) s=OPEN,api=BLOCKING,sc=false,e=null aggregated !flush DirectByteBuffer@15e1a245[p=0,l=56,c=32768,r=56]={<<<{\r\n  "count" : 2,\r\n  "req...nalDisabled" : false\r\n}>>>request" ...\x00\x00\x00\x00\x00\x00\x00}
13:18:52.279 [qtp781595164-98] DEBUG org.eclipse.jetty.server.HttpChannel - sendResponse info=null content=DirectByteBuffer@15e1a245[p=0,l=56,c=32768,r=56]={<<<{\r\n  "count" : 2,\r\n  "req...nalDisabled" : false\r\n}>>>request" ...\x00\x00\x00\x00\x00\x00\x00} complete=false committing=true callback=Blocker@6bccb114{null}
13:18:52.279 [qtp781595164-98] DEBUG org.eclipse.jetty.server.HttpChannel - COMMIT for /__admin/requests/count on HttpChannelOverHttp@25ca2673{s=HttpChannelState@60c8bcae{s=HANDLING rs=BLOCKING os=COMMITTED is=READY awp=false se=false i=true al=0},r=4,c=false/false,a=HANDLING,uri=//localhost:8080/__admin/requests/count,age=5}
200 null HTTP/1.1
Content-Type: application/json


13:18:52.279 [qtp781595164-98] DEBUG org.eclipse.jetty.server.HttpConnection - generate: NEED_HEADER for org.eclipse.jetty.server.HttpConnection$SendCallback@2e0883ca[PROCESSING][i=HTTP/1.1{s=200,h=1,cl=-1},cb=org.eclipse.jetty.server.HttpChannel$SendCallback@1fcc73c] (null,[p=0,l=56,c=32768,r=56],false)@START
13:18:52.279 [qtp781595164-98] DEBUG org.eclipse.jetty.http.HttpGenerator - generateHeaders HTTP/1.1{s=200,h=1,cl=-1} last=false content=DirectByteBuffer@15e1a245[p=0,l=56,c=32768,r=56]={<<<{\r\n  "count" : 2,\r\n  "req...nalDisabled" : false\r\n}>>>request" ...\x00\x00\x00\x00\x00\x00\x00}
13:18:52.279 [qtp781595164-98] DEBUG org.eclipse.jetty.http.HttpGenerator - Content-Type: application/json


13:18:52.279 [qtp781595164-98] DEBUG org.eclipse.jetty.http.HttpGenerator - CHUNKED_CONTENT
13:18:52.279 [qtp781595164-98] DEBUG org.eclipse.jetty.server.HttpConnection - generate: FLUSH for org.eclipse.jetty.server.HttpConnection$SendCallback@2e0883ca[PROCESSING][i=HTTP/1.1{s=200,h=1,cl=-1},cb=org.eclipse.jetty.server.HttpChannel$SendCallback@1fcc73c] ([p=0,l=116,c=8192,r=116],[p=0,l=56,c=32768,r=56],false)@COMMITTED
13:18:52.280 [qtp781595164-98] DEBUG org.eclipse.jetty.io.WriteFlusher - write: WriteFlusher@3c7085e7{IDLE}->null [HeapByteBuffer@40573931[p=0,l=116,c=8192,r=116]={<<<HTTP/1.1 200 OK\r\nContent-...4.28.v20200408)\r\n\r\n38\r\n>>>:8080\r\nCo...\x00\x00\x00\x00\x00\x00\x00},DirectByteBuffer@15e1a245[p=0,l=56,c=32768,r=56]={<<<{\r\n  "count" : 2,\r\n  "req...nalDisabled" : false\r\n}>>>request" ...\x00\x00\x00\x00\x00\x00\x00}]
13:18:52.280 [qtp781595164-98] DEBUG org.eclipse.jetty.io.WriteFlusher - update WriteFlusher@3c7085e7{WRITING}->null:IDLE-->WRITING
13:18:52.280 [Test worker] DEBUG org.apache.http.wire - http-outgoing-5 << "HTTP/1.1 200 OK[\r][\n]"
13:18:52.280 [Test worker] DEBUG org.apache.http.wire - http-outgoing-5 << "Content-Type: application/json[\r][\n]"
13:18:52.280 [Test worker] DEBUG org.apache.http.wire - http-outgoing-5 << "Transfer-Encoding: chunked[\r][\n]"
13:18:52.280 [Test worker] DEBUG org.apache.http.wire - http-outgoing-5 << "Server: Jetty(9.4.28.v20200408)[\r][\n]"
13:18:52.280 [Test worker] DEBUG org.apache.http.wire - http-outgoing-5 << "[\r][\n]"
13:18:52.280 [Test worker] DEBUG org.apache.http.wire - http-outgoing-5 << "38[\r][\n]"
13:18:52.280 [qtp781595164-98] DEBUG org.eclipse.jetty.io.ChannelEndPoint - flushed 116 NetworkTrafficSocketChannelEndPoint@2f324d03{/127.0.0.1:65021<->/127.0.0.1:8080,OPEN,fill=-,flush=W,to=5/30000}{io=0/0,kio=0,kro=1}->HttpConnection@5d2fafe1[p=HttpParser{s=END,116 of 116},g=HttpGenerator@5162fbcf{s=COMMITTED}]=>HttpChannelOverHttp@25ca2673{s=HttpChannelState@60c8bcae{s=HANDLING rs=BLOCKING os=COMMITTED is=READY awp=false se=false i=true al=0},r=4,c=false/false,a=HANDLING,uri=//localhost:8080/__admin/requests/count,age=6}
13:18:52.280 [Test worker] DEBUG org.apache.http.headers - http-outgoing-5 << HTTP/1.1 200 OK
13:18:52.280 [Test worker] DEBUG org.apache.http.headers - http-outgoing-5 << Content-Type: application/json
13:18:52.280 [Test worker] DEBUG org.apache.http.headers - http-outgoing-5 << Transfer-Encoding: chunked
13:18:52.280 [qtp781595164-98] DEBUG org.eclipse.jetty.io.ChannelEndPoint - flushed 56 NetworkTrafficSocketChannelEndPoint@2f324d03{/127.0.0.1:65021<->/127.0.0.1:8080,OPEN,fill=-,flush=W,to=0/30000}{io=0/0,kio=0,kro=1}->HttpConnection@5d2fafe1[p=HttpParser{s=END,116 of 116},g=HttpGenerator@5162fbcf{s=COMMITTED}]=>HttpChannelOverHttp@25ca2673{s=HttpChannelState@60c8bcae{s=HANDLING rs=BLOCKING os=COMMITTED is=READY awp=false se=false i=true al=0},r=4,c=false/false,a=HANDLING,uri=//localhost:8080/__admin/requests/count,age=6}
13:18:52.280 [qtp781595164-98] DEBUG org.eclipse.jetty.io.WriteFlusher - Flushed=true written=172 remaining=0 WriteFlusher@3c7085e7{WRITING}->null
13:18:52.280 [Test worker] DEBUG org.apache.http.headers - http-outgoing-5 << Server: Jetty(9.4.28.v20200408)
13:18:52.280 [qtp781595164-98] DEBUG org.eclipse.jetty.io.WriteFlusher - update WriteFlusher@3c7085e7{IDLE}->null:WRITING-->IDLE
13:18:52.280 [qtp781595164-98] DEBUG org.eclipse.jetty.server.HttpConnection - generate: DONE for org.eclipse.jetty.server.HttpConnection$SendCallback@2e0883ca[PROCESSING][i=HTTP/1.1{s=200,h=1,cl=-1},cb=org.eclipse.jetty.server.HttpChannel$SendCallback@1fcc73c] ([p=116,l=116,c=8192,r=0],[p=56,l=56,c=32768,r=0],false)@COMMITTED
13:18:52.280 [qtp781595164-98] DEBUG org.eclipse.jetty.server.HttpOutput - onWriteComplete(false,null) s=OPEN,api=BLOCKED,sc=false,e=null->s=OPEN,api=BLOCKING,sc=false,e=null c=null cb=null w=false
13:18:52.280 [qtp781595164-98] DEBUG org.eclipse.jetty.server.HttpOutput - close() s=CLOSING,api=BLOCKED,sc=false,e=null c=HeapByteBuffer@137d328[p=0,l=0,c=0,r=0]={<<<>>>} b=Blocker@6bccb114{null}
13:18:52.280 [Test worker] DEBUG org.apache.http.impl.execchain.MainClientExec - Connection can be kept alive indefinitely
13:18:52.280 [qtp781595164-98] DEBUG org.eclipse.jetty.server.HttpChannel - sendResponse info=null content=HeapByteBuffer@137d328[p=0,l=0,c=0,r=0]={<<<>>>} complete=true committing=false callback=Blocker@6bccb114{null}
13:18:52.280 [qtp781595164-98] DEBUG org.eclipse.jetty.server.HttpConnection - generate: CONTINUE for org.eclipse.jetty.server.HttpConnection$SendCallback@2e0883ca[PROCESSING][i=null,cb=org.eclipse.jetty.server.HttpChannel$SendCallback@63506ba4] (null,[p=0,l=0,c=0,r=0],true)@COMPLETING
13:18:52.280 [qtp781595164-98] DEBUG org.eclipse.jetty.server.HttpConnection - generate: NEED_CHUNK for org.eclipse.jetty.server.HttpConnection$SendCallback@2e0883ca[PROCESSING][i=null,cb=org.eclipse.jetty.server.HttpChannel$SendCallback@63506ba4] (null,[p=0,l=0,c=0,r=0],true)@COMPLETING
13:18:52.280 [qtp781595164-98] DEBUG org.eclipse.jetty.server.HttpConnection - generate: FLUSH for org.eclipse.jetty.server.HttpConnection$SendCallback@2e0883ca[PROCESSING][i=null,cb=org.eclipse.jetty.server.HttpChannel$SendCallback@63506ba4] (null,[p=0,l=0,c=0,r=0],true)@COMPLETING
13:18:52.280 [qtp781595164-98] DEBUG org.eclipse.jetty.io.WriteFlusher - write: WriteFlusher@3c7085e7{IDLE}->null [HeapByteBuffer@58461432[p=0,l=7,c=1024,r=7]={<<<\r\n0\r\n\r\n>>>\x00\x00\x00\x00\x00\x00\x00\x00\x00...\x00\x00\x00\x00\x00\x00\x00}]
13:18:52.280 [qtp781595164-98] DEBUG org.eclipse.jetty.io.WriteFlusher - update WriteFlusher@3c7085e7{WRITING}->null:IDLE-->WRITING
13:18:52.280 [Test worker] DEBUG org.apache.http.wire - http-outgoing-5 << "{[\r][\n]"
13:18:52.280 [Test worker] DEBUG org.apache.http.wire - http-outgoing-5 << "  "count" : 2,[\r][\n]"
13:18:52.280 [Test worker] DEBUG org.apache.http.wire - http-outgoing-5 << "  "requestJournalDisabled" : false[\r][\n]"
13:18:52.280 [Test worker] DEBUG org.apache.http.wire - http-outgoing-5 << "}"
13:18:52.280 [Test worker] DEBUG org.apache.http.wire - http-outgoing-5 << "[\r][\n]"
13:18:52.280 [Test worker] DEBUG org.apache.http.wire - http-outgoing-5 << "0[\r][\n]"
13:18:52.280 [Test worker] DEBUG org.apache.http.wire - http-outgoing-5 << "[\r][\n]"
13:18:52.281 [Test worker] DEBUG org.apache.http.impl.conn.PoolingHttpClientConnectionManager - Connection [id: 5][route: {}->http://localhost:8080] can be kept alive indefinitely
13:18:52.281 [Test worker] DEBUG org.apache.http.impl.conn.DefaultManagedHttpClientConnection - http-outgoing-5: set socket timeout to 0
13:18:52.281 [qtp781595164-98] DEBUG org.eclipse.jetty.io.ChannelEndPoint - flushed 7 NetworkTrafficSocketChannelEndPoint@2f324d03{/127.0.0.1:65021<->/127.0.0.1:8080,OPEN,fill=-,flush=W,to=0/30000}{io=0/0,kio=0,kro=1}->HttpConnection@5d2fafe1[p=HttpParser{s=END,116 of 116},g=HttpGenerator@5162fbcf{s=COMPLETING}]=>HttpChannelOverHttp@25ca2673{s=HttpChannelState@60c8bcae{s=HANDLING rs=BLOCKING os=COMMITTED is=READY awp=false se=false i=true al=0},r=4,c=false/false,a=HANDLING,uri=//localhost:8080/__admin/requests/count,age=6}
13:18:52.281 [Test worker] DEBUG org.apache.http.impl.conn.PoolingHttpClientConnectionManager - Connection released: [id: 5][route: {}->http://localhost:8080][total available: 1; route allocated: 1 of 5; total allocated: 1 of 50]
13:18:52.281 [qtp781595164-98] DEBUG org.eclipse.jetty.io.WriteFlusher - Flushed=true written=7 remaining=0 WriteFlusher@3c7085e7{WRITING}->null
13:18:52.281 [qtp781595164-98] DEBUG org.eclipse.jetty.io.WriteFlusher - update WriteFlusher@3c7085e7{IDLE}->null:WRITING-->IDLE
13:18:52.281 [qtp781595164-98] DEBUG org.eclipse.jetty.server.HttpConnection - generate: DONE for org.eclipse.jetty.server.HttpConnection$SendCallback@2e0883ca[PROCESSING][i=null,cb=org.eclipse.jetty.server.HttpChannel$SendCallback@63506ba4] (null,[p=0,l=0,c=0,r=0],true)@END
13:18:52.281 [qtp781595164-98] DEBUG org.eclipse.jetty.server.HttpOutput - onWriteComplete(true,null) s=CLOSING,api=BLOCKED,sc=false,e=null->s=CLOSED,api=BLOCKING,sc=false,e=null c=null cb=null w=false
13:18:52.281 [qtp781595164-98] DEBUG org.eclipse.jetty.server.handler.gzip.GzipHandler - GzipHandler@27e005aa{STARTED,min=32,inflate=-1} handle Request[POST //localhost:8080/__admin/requests/count]@23637131 in null
13:18:52.281 [qtp781595164-98] DEBUG org.eclipse.jetty.server.handler.ContextHandler - scope null||/__admin/requests/count @ o.e.j.s.ServletContextHandler@6693b5e0{/,null,AVAILABLE}
13:18:52.281 [qtp781595164-98] DEBUG org.eclipse.jetty.server.Server - handled=true async=false committed=true on HttpChannelOverHttp@25ca2673{s=HttpChannelState@60c8bcae{s=HANDLING rs=BLOCKING os=COMPLETED is=READY awp=false se=false i=true al=0},r=4,c=false/true,a=HANDLING,uri=//localhost:8080/__admin/requests/count,age=7}
13:18:52.281 [qtp781595164-98] DEBUG org.eclipse.jetty.server.HttpChannelState - unhandle HttpChannelState@60c8bcae{s=HANDLING rs=BLOCKING os=COMPLETED is=READY awp=false se=false i=true al=0}
13:18:52.281 [qtp781595164-98] DEBUG org.eclipse.jetty.server.HttpChannelState - nextAction(false) COMPLETE HttpChannelState@60c8bcae{s=HANDLING rs=COMPLETING os=COMPLETED is=READY awp=false se=false i=false al=0}
13:18:52.281 [qtp781595164-98] DEBUG org.eclipse.jetty.server.HttpChannel - action COMPLETE HttpChannelOverHttp@25ca2673{s=HttpChannelState@60c8bcae{s=HANDLING rs=COMPLETING os=COMPLETED is=READY awp=false se=false i=false al=0},r=4,c=false/true,a=HANDLING,uri=//localhost:8080/__admin/requests/count,age=7}
13:18:52.281 [qtp781595164-98] DEBUG org.eclipse.jetty.server.HttpOutput - complete(org.eclipse.jetty.util.Callback$4@22510ec2) s=CLOSED,api=BLOCKING,sc=false,e=null s=true e=null, c=null
13:18:52.281 [qtp781595164-98] DEBUG org.eclipse.jetty.server.HttpChannelState - completed HttpChannelState@60c8bcae{s=HANDLING rs=COMPLETING os=COMPLETED is=READY awp=false se=false i=false al=0}
13:18:52.281 [qtp781595164-98] DEBUG org.eclipse.jetty.server.HttpChannelState - unhandle HttpChannelState@60c8bcae{s=HANDLING rs=COMPLETED os=COMPLETED is=READY awp=false se=false i=false al=0}
13:18:52.281 [qtp781595164-98] DEBUG org.eclipse.jetty.server.HttpChannelState - nextAction(false) TERMINATED HttpChannelState@60c8bcae{s=IDLE rs=COMPLETED os=COMPLETED is=READY awp=false se=false i=false al=0}
13:18:52.281 [qtp781595164-98] DEBUG org.eclipse.jetty.server.HttpChannel - action TERMINATED HttpChannelOverHttp@25ca2673{s=HttpChannelState@60c8bcae{s=IDLE rs=COMPLETED os=COMPLETED is=READY awp=false se=false i=false al=0},r=4,c=true/true,a=IDLE,uri=//localhost:8080/__admin/requests/count,age=7}
13:18:52.281 [qtp781595164-98] DEBUG org.eclipse.jetty.server.HttpChannel - onCompleted for /__admin/requests/count written=56
13:18:52.281 [qtp781595164-98] DEBUG org.eclipse.jetty.server.HttpChannelState - recycle HttpChannelState@60c8bcae{s=IDLE rs=COMPLETED os=COMPLETED is=READY awp=false se=false i=false al=0}
13:18:52.281 [qtp781595164-98] DEBUG org.eclipse.jetty.http.HttpParser - reset HttpParser{s=END,116 of 116}
13:18:52.281 [qtp781595164-98] DEBUG org.eclipse.jetty.http.HttpParser - END --> START
13:18:52.281 [qtp781595164-98] DEBUG org.eclipse.jetty.server.HttpChannel - !handle TERMINATED HttpChannelOverHttp@25ca2673{s=HttpChannelState@60c8bcae{s=IDLE rs=BLOCKING os=OPEN is=IDLE awp=false se=false i=true al=0},r=4,c=false/false,a=IDLE,uri=null,age=0}
13:18:52.281 [qtp781595164-98] DEBUG org.eclipse.jetty.io.ChannelEndPoint - filled 0 HeapByteBuffer@40573931[p=0,l=0,c=8192,r=0]={<<<>>>HTTP/1.1 ...\x00\x00\x00\x00\x00\x00\x00}
13:18:52.282 [qtp781595164-98] DEBUG org.eclipse.jetty.io.ChannelEndPoint - filled 0 HeapByteBuffer@40573931[p=0,l=0,c=8192,r=0]={<<<>>>HTTP/1.1 ...\x00\x00\x00\x00\x00\x00\x00}
13:18:52.282 [qtp781595164-98] DEBUG org.eclipse.jetty.server.HttpConnection - HttpConnection@5d2fafe1::NetworkTrafficSocketChannelEndPoint@2f324d03{/127.0.0.1:65021<->/127.0.0.1:8080,OPEN,fill=-,flush=-,to=1/30000}{io=0/0,kio=0,kro=1}->HttpConnection@5d2fafe1[p=HttpParser{s=START,0 of -1},g=HttpGenerator@5162fbcf{s=START}]=>HttpChannelOverHttp@25ca2673{s=HttpChannelState@60c8bcae{s=IDLE rs=BLOCKING os=OPEN is=IDLE awp=false se=false i=true al=0},r=4,c=false/false,a=IDLE,uri=null,age=0} filled 0 HeapByteBuffer@40573931[p=0,l=0,c=8192,r=0]={<<<>>>HTTP/1.1 ...\x00\x00\x00\x00\x00\x00\x00}
13:18:52.282 [qtp781595164-98] DEBUG org.eclipse.jetty.server.HttpConnection - HttpConnection@5d2fafe1::NetworkTrafficSocketChannelEndPoint@2f324d03{/127.0.0.1:65021<->/127.0.0.1:8080,OPEN,fill=-,flush=-,to=1/30000}{io=0/0,kio=0,kro=1}->HttpConnection@5d2fafe1[p=HttpParser{s=START,0 of -1},g=HttpGenerator@5162fbcf{s=START}]=>HttpChannelOverHttp@25ca2673{s=HttpChannelState@60c8bcae{s=IDLE rs=BLOCKING os=OPEN is=IDLE awp=false se=false i=true al=0},r=4,c=false/false,a=IDLE,uri=null,age=0} parse HeapByteBuffer@40573931[p=0,l=0,c=8192,r=0]={<<<>>>HTTP/1.1 ...\x00\x00\x00\x00\x00\x00\x00} {}
13:18:52.282 [qtp781595164-98] DEBUG org.eclipse.jetty.http.HttpParser - parseNext s=START HeapByteBuffer@40573931[p=0,l=0,c=8192,r=0]={<<<>>>HTTP/1.1 ...\x00\x00\x00\x00\x00\x00\x00}
13:18:52.282 [qtp781595164-98] DEBUG org.eclipse.jetty.server.HttpConnection - HttpConnection@5d2fafe1::NetworkTrafficSocketChannelEndPoint@2f324d03{/127.0.0.1:65021<->/127.0.0.1:8080,OPEN,fill=-,flush=-,to=1/30000}{io=0/0,kio=0,kro=1}->HttpConnection@5d2fafe1[p=HttpParser{s=START,0 of -1},g=HttpGenerator@5162fbcf{s=START}]=>HttpChannelOverHttp@25ca2673{s=HttpChannelState@60c8bcae{s=IDLE rs=BLOCKING os=OPEN is=IDLE awp=false se=false i=true al=0},r=4,c=false/false,a=IDLE,uri=null,age=0} parsed false HttpParser{s=START,0 of -1}
13:18:52.282 [qtp781595164-98] DEBUG org.eclipse.jetty.server.HttpConnection - releaseRequestBuffer HttpConnection@5d2fafe1::NetworkTrafficSocketChannelEndPoint@2f324d03{/127.0.0.1:65021<->/127.0.0.1:8080,OPEN,fill=-,flush=-,to=1/30000}{io=0/0,kio=0,kro=1}->HttpConnection@5d2fafe1[p=HttpParser{s=START,0 of -1},g=HttpGenerator@5162fbcf{s=START}]=>HttpChannelOverHttp@25ca2673{s=HttpChannelState@60c8bcae{s=IDLE rs=BLOCKING os=OPEN is=IDLE awp=false se=false i=true al=0},r=4,c=false/false,a=IDLE,uri=null,age=0}
13:18:52.282 [qtp781595164-98] DEBUG org.eclipse.jetty.io.AbstractConnection - fillInterested HttpConnection@5d2fafe1::NetworkTrafficSocketChannelEndPoint@2f324d03{/127.0.0.1:65021<->/127.0.0.1:8080,OPEN,fill=-,flush=-,to=1/30000}{io=0/0,kio=0,kro=1}->HttpConnection@5d2fafe1[p=HttpParser{s=START,0 of -1},g=HttpGenerator@5162fbcf{s=START}]=>HttpChannelOverHttp@25ca2673{s=HttpChannelState@60c8bcae{s=IDLE rs=BLOCKING os=OPEN is=IDLE awp=false se=false i=true al=0},r=4,c=false/false,a=IDLE,uri=null,age=0}
13:18:52.282 [qtp781595164-98] DEBUG org.eclipse.jetty.io.FillInterest - interested FillInterest@256fb62e{AC.ReadCB@5d2fafe1{HttpConnection@5d2fafe1::NetworkTrafficSocketChannelEndPoint@2f324d03{/127.0.0.1:65021<->/127.0.0.1:8080,OPEN,fill=FI,flush=-,to=0/30000}{io=0/0,kio=0,kro=1}->HttpConnection@5d2fafe1[p=HttpParser{s=START,0 of -1},g=HttpGenerator@5162fbcf{s=START}]=>HttpChannelOverHttp@25ca2673{s=HttpChannelState@60c8bcae{s=IDLE rs=BLOCKING os=OPEN is=IDLE awp=false se=false i=true al=0},r=4,c=false/false,a=IDLE,uri=null,age=0}}}
13:18:52.282 [qtp781595164-98] DEBUG org.eclipse.jetty.io.ChannelEndPoint - changeInterests p=false 0->1 for NetworkTrafficSocketChannelEndPoint@2f324d03{/127.0.0.1:65021<->/127.0.0.1:8080,OPEN,fill=FI,flush=-,to=0/30000}{io=0/1,kio=0,kro=1}->HttpConnection@5d2fafe1[p=HttpParser{s=START,0 of -1},g=HttpGenerator@5162fbcf{s=START}]=>HttpChannelOverHttp@25ca2673{s=HttpChannelState@60c8bcae{s=IDLE rs=BLOCKING os=OPEN is=IDLE awp=false se=false i=true al=0},r=4,c=false/false,a=IDLE,uri=null,age=0}
13:18:52.282 [qtp781595164-98] DEBUG org.eclipse.jetty.io.ManagedSelector - Queued change org.eclipse.jetty.io.ChannelEndPoint$1@e743e1 on ManagedSelector@1d4f6942{STARTED} id=1 keys=2 selected=0 updates=0
13:18:52.282 [qtp781595164-98] DEBUG org.eclipse.jetty.io.ManagedSelector - Wakeup on submit ManagedSelector@1d4f6942{STARTED} id=1 keys=2 selected=0 updates=1
13:18:52.282 [Test worker] DEBUG org.apache.http.impl.conn.PoolingHttpClientConnectionManager - Connection request: [route: {}->http://localhost:8080][total available: 1; route allocated: 1 of 5; total allocated: 1 of 50]
13:18:52.283 [Test worker] DEBUG org.apache.http.impl.conn.PoolingHttpClientConnectionManager - Connection leased: [id: 5][route: {}->http://localhost:8080][total available: 0; route allocated: 1 of 5; total allocated: 1 of 50]
13:18:52.283 [qtp781595164-92] DEBUG org.eclipse.jetty.io.ManagedSelector - Selector sun.nio.ch.WindowsSelectorImpl@146bda14 woken with none selected
13:18:52.283 [Test worker] DEBUG org.apache.http.impl.conn.DefaultManagedHttpClientConnection - http-outgoing-5: set socket timeout to 30000
13:18:52.283 [Test worker] DEBUG org.apache.http.impl.execchain.MainClientExec - Stale connection check
13:18:52.283 [qtp781595164-92] DEBUG org.eclipse.jetty.io.ManagedSelector - Selector sun.nio.ch.WindowsSelectorImpl@146bda14 woken up from select, 0/0/2 selected
13:18:52.283 [qtp781595164-92] DEBUG org.eclipse.jetty.io.ManagedSelector - Selector sun.nio.ch.WindowsSelectorImpl@146bda14 processing 0 keys, 1 updates
13:18:52.283 [qtp781595164-92] DEBUG org.eclipse.jetty.io.ManagedSelector - updateable 1
13:18:52.283 [qtp781595164-98] DEBUG org.eclipse.jetty.server.HttpConnection - HttpConnection@5d2fafe1::NetworkTrafficSocketChannelEndPoint@2f324d03{/127.0.0.1:65021<->/127.0.0.1:8080,OPEN,fill=FI,flush=-,to=0/30000}{io=0/1,kio=0,kro=1}->HttpConnection@5d2fafe1[p=HttpParser{s=START,0 of -1},g=HttpGenerator@5162fbcf{s=START}]=>HttpChannelOverHttp@25ca2673{s=HttpChannelState@60c8bcae{s=IDLE rs=BLOCKING os=OPEN is=IDLE awp=false se=false i=true al=0},r=4,c=false/false,a=IDLE,uri=null,age=0} onFillable exit HttpChannelState@60c8bcae{s=IDLE rs=BLOCKING os=OPEN is=IDLE awp=false se=false i=true al=0} null
13:18:52.283 [qtp781595164-92] DEBUG org.eclipse.jetty.io.ManagedSelector - update org.eclipse.jetty.io.ChannelEndPoint$1@e743e1
13:18:52.283 [qtp781595164-98] DEBUG org.eclipse.jetty.util.thread.ReservedThreadExecutor - ReservedThreadExecutor@5e1e7972{s=1/1,p=0}@7e815a49 size 1 > capacity
13:18:52.283 [qtp781595164-98] DEBUG org.eclipse.jetty.util.thread.QueuedThreadPool - ran ReservedThreadExecutor@5e1e7972{s=1/1,p=0}@7e815a49 in QueuedThreadPool[qtp781595164]@2e96321c{STARTED,8<=8<=14,i=1,r=1,q=0}[ReservedThreadExecutor@5e1e7972{s=1/1,p=0}]
13:18:52.283 [qtp781595164-92] DEBUG org.eclipse.jetty.io.ChannelEndPoint - Key interests updated 0 -> 1 on NetworkTrafficSocketChannelEndPoint@2f324d03{/127.0.0.1:65021<->/127.0.0.1:8080,OPEN,fill=FI,flush=-,to=0/30000}{io=1/1,kio=1,kro=1}->HttpConnection@5d2fafe1[p=HttpParser{s=START,0 of -1},g=HttpGenerator@5162fbcf{s=START}]=>HttpChannelOverHttp@25ca2673{s=HttpChannelState@60c8bcae{s=IDLE rs=BLOCKING os=OPEN is=IDLE awp=false se=false i=true al=0},r=4,c=false/false,a=IDLE,uri=null,age=0}
13:18:52.283 [qtp781595164-92] DEBUG org.eclipse.jetty.io.ManagedSelector - updates 0
13:18:52.283 [qtp781595164-92] DEBUG org.eclipse.jetty.io.ManagedSelector - Selector sun.nio.ch.WindowsSelectorImpl@146bda14 waiting with 2 keys
13:18:52.285 [Test worker] DEBUG org.apache.http.wire - http-outgoing-5 << "[read] I/O error: Read timed out"
13:18:52.285 [Test worker] DEBUG org.apache.http.impl.execchain.MainClientExec - Executing request POST /__admin/requests/count HTTP/1.1
13:18:52.285 [Test worker] DEBUG org.apache.http.impl.execchain.MainClientExec - Target auth state: UNCHALLENGED
13:18:52.285 [Test worker] DEBUG org.apache.http.impl.execchain.MainClientExec - Proxy auth state: UNCHALLENGED
13:18:52.285 [Test worker] DEBUG org.apache.http.headers - http-outgoing-5 >> POST /__admin/requests/count HTTP/1.1
13:18:52.285 [Test worker] DEBUG org.apache.http.headers - http-outgoing-5 >> Content-Length: 63
13:18:52.285 [Test worker] DEBUG org.apache.http.headers - http-outgoing-5 >> Content-Type: text/plain; charset=UTF-8
13:18:52.285 [Test worker] DEBUG org.apache.http.headers - http-outgoing-5 >> Host: localhost:8080
13:18:52.285 [Test worker] DEBUG org.apache.http.headers - http-outgoing-5 >> Connection: Keep-Alive
13:18:52.285 [Test worker] DEBUG org.apache.http.headers - http-outgoing-5 >> User-Agent: Apache-HttpClient/4.5.12 (Java/11.0.2)
13:18:52.285 [Test worker] DEBUG org.apache.http.wire - http-outgoing-5 >> "POST /__admin/requests/count HTTP/1.1[\r][\n]"
13:18:52.285 [Test worker] DEBUG org.apache.http.wire - http-outgoing-5 >> "Content-Length: 63[\r][\n]"
13:18:52.285 [Test worker] DEBUG org.apache.http.wire - http-outgoing-5 >> "Content-Type: text/plain; charset=UTF-8[\r][\n]"
13:18:52.285 [Test worker] DEBUG org.apache.http.wire - http-outgoing-5 >> "Host: localhost:8080[\r][\n]"
13:18:52.285 [Test worker] DEBUG org.apache.http.wire - http-outgoing-5 >> "Connection: Keep-Alive[\r][\n]"
13:18:52.285 [Test worker] DEBUG org.apache.http.wire - http-outgoing-5 >> "User-Agent: Apache-HttpClient/4.5.12 (Java/11.0.2)[\r][\n]"
13:18:52.285 [Test worker] DEBUG org.apache.http.wire - http-outgoing-5 >> "[\r][\n]"
13:18:52.285 [Test worker] DEBUG org.apache.http.wire - http-outgoing-5 >> "{[\r][\n]"
13:18:52.285 [Test worker] DEBUG org.apache.http.wire - http-outgoing-5 >> "  "url" : "/api/v0/components/login",[\r][\n]"
13:18:52.285 [Test worker] DEBUG org.apache.http.wire - http-outgoing-5 >> "  "method" : "GET"[\r][\n]"
13:18:52.285 [Test worker] DEBUG org.apache.http.wire - http-outgoing-5 >> "}"
13:18:52.285 [qtp781595164-92] DEBUG org.eclipse.jetty.io.ManagedSelector - Selector sun.nio.ch.WindowsSelectorImpl@146bda14 woken up from select, 1/1/2 selected
13:18:52.285 [qtp781595164-92] DEBUG org.eclipse.jetty.io.ManagedSelector - Selector sun.nio.ch.WindowsSelectorImpl@146bda14 processing 1 keys, 0 updates
13:18:52.285 [qtp781595164-92] DEBUG org.eclipse.jetty.io.ManagedSelector - selected 1 channel=java.nio.channels.SocketChannel[connected local=/127.0.0.1:8080 remote=/127.0.0.1:65021], selector=sun.nio.ch.WindowsSelectorImpl@146bda14, interestOps=1, readyOps=1 NetworkTrafficSocketChannelEndPoint@2f324d03{/127.0.0.1:65021<->/127.0.0.1:8080,OPEN,fill=FI,flush=-,to=3/30000}{io=1/1,kio=1,kro=1}->HttpConnection@5d2fafe1[p=HttpParser{s=START,0 of -1},g=HttpGenerator@5162fbcf{s=START}]=>HttpChannelOverHttp@25ca2673{s=HttpChannelState@60c8bcae{s=IDLE rs=BLOCKING os=OPEN is=IDLE awp=false se=false i=true al=0},r=4,c=false/false,a=IDLE,uri=null,age=0} 
13:18:52.286 [qtp781595164-92] DEBUG org.eclipse.jetty.io.ChannelEndPoint - onSelected 1->0 r=true w=false for NetworkTrafficSocketChannelEndPoint@2f324d03{/127.0.0.1:65021<->/127.0.0.1:8080,OPEN,fill=FI,flush=-,to=3/30000}{io=1/0,kio=1,kro=1}->HttpConnection@5d2fafe1[p=HttpParser{s=START,0 of -1},g=HttpGenerator@5162fbcf{s=START}]=>HttpChannelOverHttp@25ca2673{s=HttpChannelState@60c8bcae{s=IDLE rs=BLOCKING os=OPEN is=IDLE awp=false se=false i=true al=0},r=4,c=false/false,a=IDLE,uri=null,age=0}
13:18:52.286 [qtp781595164-92] DEBUG org.eclipse.jetty.io.ChannelEndPoint - task CEP:NetworkTrafficSocketChannelEndPoint@2f324d03{/127.0.0.1:65021<->/127.0.0.1:8080,OPEN,fill=FI,flush=-,to=3/30000}{io=1/0,kio=1,kro=1}->HttpConnection@5d2fafe1[p=HttpParser{s=START,0 of -1},g=HttpGenerator@5162fbcf{s=START}]=>HttpChannelOverHttp@25ca2673{s=HttpChannelState@60c8bcae{s=IDLE rs=BLOCKING os=OPEN is=IDLE awp=false se=false i=true al=0},r=4,c=false/false,a=IDLE,uri=null,age=0}:runFillable:BLOCKING
13:18:52.286 [qtp781595164-92] DEBUG org.eclipse.jetty.util.thread.ReservedThreadExecutor - ReservedThreadExecutor@5e1e7972{s=1/1,p=0} tryExecute EatWhatYouKill@11f99275/SelectorProducer@8560933/PRODUCING/p=false/QueuedThreadPool[qtp781595164]@2e96321c{STARTED,8<=8<=14,i=2,r=1,q=0}[ReservedThreadExecutor@5e1e7972{s=1/1,p=0}][pc=0,pic=0,pec=1,epc=2]@2020-09-25T13:18:52.2864149+02:00
13:18:52.286 [qtp781595164-92] DEBUG org.eclipse.jetty.util.thread.ReservedThreadExecutor - ReservedThreadExecutor@5e1e7972{s=0/1,p=0}@702f60bf offer EatWhatYouKill@11f99275/SelectorProducer@8560933/PRODUCING/p=false/QueuedThreadPool[qtp781595164]@2e96321c{STARTED,8<=8<=14,i=2,r=1,q=0}[ReservedThreadExecutor@5e1e7972{s=0/1,p=0}][pc=0,pic=0,pec=1,epc=2]@2020-09-25T13:18:52.2864149+02:00
13:18:52.286 [qtp781595164-92] DEBUG org.eclipse.jetty.util.thread.ReservedThreadExecutor - ReservedThreadExecutor@5e1e7972{s=0/1,p=1} startReservedThread p=1
13:18:52.286 [qtp781595164-92] DEBUG org.eclipse.jetty.util.thread.QueuedThreadPool - queue ReservedThreadExecutor@5e1e7972{s=0/1,p=1}@8b04115 startThread=0
13:18:52.286 [qtp781595164-92] DEBUG org.eclipse.jetty.util.thread.strategy.EatWhatYouKill - EatWhatYouKill@11f99275/SelectorProducer@8560933/IDLE/p=true/QueuedThreadPool[qtp781595164]@2e96321c{STARTED,8<=8<=14,i=1,r=1,q=0}[ReservedThreadExecutor@5e1e7972{s=0/1,p=1}][pc=0,pic=0,pec=1,epc=2]@2020-09-25T13:18:52.2864149+02:00 m=EXECUTE_PRODUCE_CONSUME t=CEP:NetworkTrafficSocketChannelEndPoint@2f324d03{/127.0.0.1:65021<->/127.0.0.1:8080,OPEN,fill=FI,flush=-,to=3/30000}{io=1/0,kio=1,kro=1}->HttpConnection@5d2fafe1[p=HttpParser{s=START,0 of -1},g=HttpGenerator@5162fbcf{s=START}]=>HttpChannelOverHttp@25ca2673{s=HttpChannelState@60c8bcae{s=IDLE rs=BLOCKING os=OPEN is=IDLE awp=false se=false i=true al=0},r=4,c=false/false,a=IDLE,uri=null,age=0}:runFillable:BLOCKING/BLOCKING
13:18:52.286 [qtp781595164-93] DEBUG org.eclipse.jetty.util.thread.ReservedThreadExecutor - ReservedThreadExecutor@5e1e7972{s=0/1,p=1}@702f60bf task=EatWhatYouKill@11f99275/SelectorProducer@8560933/IDLE/p=true/QueuedThreadPool[qtp781595164]@2e96321c{STARTED,8<=8<=14,i=1,r=1,q=0}[ReservedThreadExecutor@5e1e7972{s=0/1,p=1}][pc=0,pic=0,pec=1,epc=2]@2020-09-25T13:18:52.2864149+02:00
13:18:52.286 [qtp781595164-92] DEBUG org.eclipse.jetty.io.FillInterest - fillable FillInterest@256fb62e{AC.ReadCB@5d2fafe1{HttpConnection@5d2fafe1::NetworkTrafficSocketChannelEndPoint@2f324d03{/127.0.0.1:65021<->/127.0.0.1:8080,OPEN,fill=FI,flush=-,to=4/30000}{io=1/0,kio=1,kro=1}->HttpConnection@5d2fafe1[p=HttpParser{s=START,0 of -1},g=HttpGenerator@5162fbcf{s=START}]=>HttpChannelOverHttp@25ca2673{s=HttpChannelState@60c8bcae{s=IDLE rs=BLOCKING os=OPEN is=IDLE awp=false se=false i=true al=0},r=4,c=false/false,a=IDLE,uri=null,age=0}}}
13:18:52.286 [qtp781595164-93] DEBUG org.eclipse.jetty.util.thread.strategy.EatWhatYouKill - EatWhatYouKill@11f99275/SelectorProducer@8560933/IDLE/p=true/QueuedThreadPool[qtp781595164]@2e96321c{STARTED,8<=8<=14,i=1,r=1,q=0}[ReservedThreadExecutor@5e1e7972{s=0/1,p=1}][pc=0,pic=0,pec=1,epc=3]@2020-09-25T13:18:52.2864149+02:00 tryProduce true
13:18:52.286 [qtp781595164-93] DEBUG org.eclipse.jetty.io.ManagedSelector - updateable 0
13:18:52.286 [qtp781595164-93] DEBUG org.eclipse.jetty.io.ManagedSelector - updates 0
13:18:52.286 [qtp781595164-92] DEBUG org.eclipse.jetty.server.HttpConnection - HttpConnection@5d2fafe1::NetworkTrafficSocketChannelEndPoint@2f324d03{/127.0.0.1:65021<->/127.0.0.1:8080,OPEN,fill=-,flush=-,to=4/30000}{io=1/0,kio=1,kro=1}->HttpConnection@5d2fafe1[p=HttpParser{s=START,0 of -1},g=HttpGenerator@5162fbcf{s=START}]=>HttpChannelOverHttp@25ca2673{s=HttpChannelState@60c8bcae{s=IDLE rs=BLOCKING os=OPEN is=IDLE awp=false se=false i=true al=0},r=4,c=false/false,a=IDLE,uri=null,age=0} onFillable enter HttpChannelState@60c8bcae{s=IDLE rs=BLOCKING os=OPEN is=IDLE awp=false se=false i=true al=0} null
13:18:52.286 [qtp781595164-93] DEBUG org.eclipse.jetty.io.ChannelEndPoint - Key interests updated 1 -> 0 on NetworkTrafficSocketChannelEndPoint@2f324d03{/127.0.0.1:65021<->/127.0.0.1:8080,OPEN,fill=-,flush=-,to=4/30000}{io=0/0,kio=0,kro=1}->HttpConnection@5d2fafe1[p=HttpParser{s=START,0 of -1},g=HttpGenerator@5162fbcf{s=START}]=>HttpChannelOverHttp@25ca2673{s=HttpChannelState@60c8bcae{s=IDLE rs=BLOCKING os=OPEN is=IDLE awp=false se=false i=true al=0},r=4,c=false/false,a=IDLE,uri=null,age=0}
13:18:52.287 [qtp781595164-93] DEBUG org.eclipse.jetty.io.ManagedSelector - Selector sun.nio.ch.WindowsSelectorImpl@146bda14 waiting with 2 keys
13:18:52.287 [qtp781595164-92] DEBUG org.eclipse.jetty.io.ChannelEndPoint - filled 263 HeapByteBuffer@40573931[p=0,l=263,c=8192,r=263]={<<<POST /__admin/requests/co...\r\n  "method" : "GET"\r\n}>>>656-04a20...\x00\x00\x00\x00\x00\x00\x00}
13:18:52.287 [qtp781595164-97] DEBUG org.eclipse.jetty.util.thread.QueuedThreadPool - run ReservedThreadExecutor@5e1e7972{s=0/1,p=1}@8b04115 in QueuedThreadPool[qtp781595164]@2e96321c{STARTED,8<=8<=14,i=1,r=1,q=0}[ReservedThreadExecutor@5e1e7972{s=0/1,p=1}]
13:18:52.287 [qtp781595164-92] DEBUG org.eclipse.jetty.server.HttpConnection - HttpConnection@5d2fafe1::NetworkTrafficSocketChannelEndPoint@2f324d03{/127.0.0.1:65021<->/127.0.0.1:8080,OPEN,fill=-,flush=-,to=0/30000}{io=0/0,kio=0,kro=1}->HttpConnection@5d2fafe1[p=HttpParser{s=START,0 of -1},g=HttpGenerator@5162fbcf{s=START}]=>HttpChannelOverHttp@25ca2673{s=HttpChannelState@60c8bcae{s=IDLE rs=BLOCKING os=OPEN is=IDLE awp=false se=false i=true al=0},r=4,c=false/false,a=IDLE,uri=null,age=0} filled 263 HeapByteBuffer@40573931[p=0,l=263,c=8192,r=263]={<<<POST /__admin/requests/co...\r\n  "method" : "GET"\r\n}>>>656-04a20...\x00\x00\x00\x00\x00\x00\x00}
13:18:52.287 [qtp781595164-92] DEBUG org.eclipse.jetty.server.HttpConnection - HttpConnection@5d2fafe1::NetworkTrafficSocketChannelEndPoint@2f324d03{/127.0.0.1:65021<->/127.0.0.1:8080,OPEN,fill=-,flush=-,to=0/30000}{io=0/0,kio=0,kro=1}->HttpConnection@5d2fafe1[p=HttpParser{s=START,0 of -1},g=HttpGenerator@5162fbcf{s=START}]=>HttpChannelOverHttp@25ca2673{s=HttpChannelState@60c8bcae{s=IDLE rs=BLOCKING os=OPEN is=IDLE awp=false se=false i=true al=0},r=4,c=false/false,a=IDLE,uri=null,age=0} parse HeapByteBuffer@40573931[p=0,l=263,c=8192,r=263]={<<<POST /__admin/requests/co...\r\n  "method" : "GET"\r\n}>>>656-04a20...\x00\x00\x00\x00\x00\x00\x00} {}
13:18:52.287 [qtp781595164-92] DEBUG org.eclipse.jetty.http.HttpParser - parseNext s=START HeapByteBuffer@40573931[p=0,l=263,c=8192,r=263]={<<<POST /__admin/requests/co...\r\n  "method" : "GET"\r\n}>>>656-04a20...\x00\x00\x00\x00\x00\x00\x00}
13:18:52.287 [qtp781595164-92] DEBUG org.eclipse.jetty.http.HttpParser - START --> SPACE1
13:18:52.287 [qtp781595164-92] DEBUG org.eclipse.jetty.http.HttpParser - SPACE1 --> URI
13:18:52.287 [qtp781595164-92] DEBUG org.eclipse.jetty.http.HttpParser - URI --> SPACE2
13:18:52.287 [qtp781595164-92] DEBUG org.eclipse.jetty.http.HttpParser - SPACE2 --> REQUEST_VERSION
13:18:52.287 [qtp781595164-92] DEBUG org.eclipse.jetty.http.HttpParser - REQUEST_VERSION --> HEADER
13:18:52.287 [qtp781595164-92] DEBUG org.eclipse.jetty.http.HttpParser - HEADER:Content-Length --> VALUE
13:18:52.287 [qtp781595164-92] DEBUG org.eclipse.jetty.http.HttpParser - HEADER:Content-Length --> IN_VALUE
13:18:52.287 [qtp781595164-92] DEBUG org.eclipse.jetty.http.HttpParser - HEADER:Content-Length --> FIELD
13:18:52.287 [qtp781595164-92] DEBUG org.eclipse.jetty.http.HttpParser - HEADER:Content-Type: text/plain; charset=UTF-8 --> IN_VALUE
13:18:52.287 [qtp781595164-92] DEBUG org.eclipse.jetty.http.HttpParser - HEADER:Content-Type: text/plain; charset=UTF-8 --> FIELD
13:18:52.287 [qtp781595164-92] DEBUG org.eclipse.jetty.http.HttpParser - HEADER:Host: localhost:8080 --> IN_VALUE
13:18:52.287 [qtp781595164-92] DEBUG org.eclipse.jetty.http.HttpParser - HEADER:Host: localhost:8080 --> FIELD
13:18:52.287 [qtp781595164-92] DEBUG org.eclipse.jetty.http.HttpParser - HEADER:Connection: keep-alive --> IN_VALUE
13:18:52.287 [qtp781595164-92] DEBUG org.eclipse.jetty.http.HttpParser - HEADER:Connection: keep-alive --> FIELD
13:18:52.287 [qtp781595164-92] DEBUG org.eclipse.jetty.http.HttpParser - HEADER:User-Agent: Apache-HttpClient/4.5.12 (Java/11.0.2) --> IN_VALUE
13:18:52.287 [qtp781595164-92] DEBUG org.eclipse.jetty.http.HttpParser - HEADER:User-Agent: Apache-HttpClient/4.5.12 (Java/11.0.2) --> FIELD
13:18:52.287 [qtp781595164-92] DEBUG org.eclipse.jetty.http.HttpParser - HEADER --> CONTENT
13:18:52.287 [qtp781595164-92] DEBUG org.eclipse.jetty.server.HttpChannel - REQUEST for //localhost:8080/__admin/requests/count on HttpChannelOverHttp@25ca2673{s=HttpChannelState@60c8bcae{s=IDLE rs=BLOCKING os=OPEN is=IDLE awp=false se=false i=true al=0},r=5,c=false/false,a=IDLE,uri=//localhost:8080/__admin/requests/count,age=0}
POST //localhost:8080/__admin/requests/count HTTP/1.1
Content-Length: 63
Content-Type: text/plain; charset=UTF-8
Host: localhost:8080
Connection: keep-alive
User-Agent: Apache-HttpClient/4.5.12 (Java/11.0.2)


13:18:52.287 [qtp781595164-92] DEBUG org.eclipse.jetty.server.HttpConnection - HttpConnection@5d2fafe1::NetworkTrafficSocketChannelEndPoint@2f324d03{/127.0.0.1:65021<->/127.0.0.1:8080,OPEN,fill=-,flush=-,to=0/30000}{io=0/0,kio=0,kro=1}->HttpConnection@5d2fafe1[p=HttpParser{s=CONTENT,0 of 63},g=HttpGenerator@5162fbcf{s=START}]=>HttpChannelOverHttp@25ca2673{s=HttpChannelState@60c8bcae{s=IDLE rs=BLOCKING os=OPEN is=IDLE awp=false se=false i=true al=0},r=5,c=false/false,a=IDLE,uri=//localhost:8080/__admin/requests/count,age=0} parsed true HttpParser{s=CONTENT,0 of 63}
13:18:52.287 [qtp781595164-92] DEBUG org.eclipse.jetty.server.HttpChannel - handle //localhost:8080/__admin/requests/count HttpChannelOverHttp@25ca2673{s=HttpChannelState@60c8bcae{s=IDLE rs=BLOCKING os=OPEN is=IDLE awp=false se=false i=true al=0},r=5,c=false/false,a=IDLE,uri=//localhost:8080/__admin/requests/count,age=0} 
13:18:52.287 [qtp781595164-92] DEBUG org.eclipse.jetty.server.HttpChannelState - handling HttpChannelState@60c8bcae{s=IDLE rs=BLOCKING os=OPEN is=IDLE awp=false se=false i=true al=0}
13:18:52.287 [qtp781595164-92] DEBUG org.eclipse.jetty.server.HttpChannel - action DISPATCH HttpChannelOverHttp@25ca2673{s=HttpChannelState@60c8bcae{s=HANDLING rs=BLOCKING os=OPEN is=IDLE awp=false se=false i=true al=0},r=5,c=false/false,a=HANDLING,uri=//localhost:8080/__admin/requests/count,age=0}
13:18:52.287 [qtp781595164-97] DEBUG org.eclipse.jetty.util.thread.ReservedThreadExecutor - ReservedThreadExecutor@5e1e7972{s=1/1,p=1}@8b04115 started
13:18:52.287 [qtp781595164-97] DEBUG org.eclipse.jetty.util.thread.ReservedThreadExecutor - ReservedThreadExecutor@5e1e7972{s=1/1,p=0}@8b04115 waiting
13:18:52.287 [qtp781595164-92] DEBUG org.eclipse.jetty.server.Server - REQUEST POST /__admin/requests/count on HttpChannelOverHttp@25ca2673{s=HttpChannelState@60c8bcae{s=HANDLING rs=BLOCKING os=OPEN is=IDLE awp=false se=false i=true al=0},r=5,c=false/false,a=HANDLING,uri=//localhost:8080/__admin/requests/count,age=0}
13:18:52.288 [qtp781595164-92] DEBUG org.eclipse.jetty.server.handler.ContextHandler - scope null||/__admin/requests/count @ o.e.j.s.ServletContextHandler@365484f9{/__admin,null,AVAILABLE}
13:18:52.288 [qtp781595164-92] DEBUG org.eclipse.jetty.server.handler.ContextHandler - context=/__admin||/requests/count @ o.e.j.s.ServletContextHandler@365484f9{/__admin,null,AVAILABLE}
13:18:52.288 [qtp781595164-92] DEBUG org.eclipse.jetty.servlet.ServletHandler - servlet /__admin|/requests/count|null -> com.github.tomakehurst.wiremock.servlet.WireMockHandlerDispatchingServlet-521fd64c@8e68ed01==com.github.tomakehurst.wiremock.servlet.WireMockHandlerDispatchingServlet,jsp=null,order=-1,inst=true,async=true
13:18:52.288 [qtp781595164-92] DEBUG org.eclipse.jetty.servlet.ServletHandler - chain=org.eclipse.jetty.servlets.CrossOriginFilter-27a10f7d@27a10f7d==org.eclipse.jetty.servlets.CrossOriginFilter,inst=true,async=true->com.github.tomakehurst.wiremock.servlet.WireMockHandlerDispatchingServlet-521fd64c@8e68ed01==com.github.tomakehurst.wiremock.servlet.WireMockHandlerDispatchingServlet,jsp=null,order=-1,inst=true,async=true
13:18:52.288 [qtp781595164-92] DEBUG org.eclipse.jetty.servlet.ServletHandler - call filter org.eclipse.jetty.servlets.CrossOriginFilter-27a10f7d@27a10f7d==org.eclipse.jetty.servlets.CrossOriginFilter,inst=true,async=true
13:18:52.288 [qtp781595164-92] DEBUG org.eclipse.jetty.servlet.ServletHandler - call servlet com.github.tomakehurst.wiremock.servlet.WireMockHandlerDispatchingServlet-521fd64c@8e68ed01==com.github.tomakehurst.wiremock.servlet.WireMockHandlerDispatchingServlet,jsp=null,order=-1,inst=true,async=true
13:18:52.288 [qtp781595164-92] DEBUG org.eclipse.jetty.server.HttpConnection - HttpConnection@5d2fafe1::NetworkTrafficSocketChannelEndPoint@2f324d03{/127.0.0.1:65021<->/127.0.0.1:8080,OPEN,fill=-,flush=-,to=1/30000}{io=0/0,kio=0,kro=1}->HttpConnection@5d2fafe1[p=HttpParser{s=CONTENT,0 of 63},g=HttpGenerator@5162fbcf{s=START}]=>HttpChannelOverHttp@25ca2673{s=HttpChannelState@60c8bcae{s=HANDLING rs=BLOCKING os=OPEN is=IDLE awp=false se=false i=true al=0},r=5,c=false/false,a=HANDLING,uri=//localhost:8080/__admin/requests/count,age=1} parse HeapByteBuffer@40573931[p=200,l=263,c=8192,r=63]={POST /__a....2)\r\n\r\n<<<{\r\n  "url" : "/api/v0/com...\r\n  "method" : "GET"\r\n}>>>656-04a20...\x00\x00\x00\x00\x00\x00\x00} {}
13:18:52.288 [qtp781595164-92] DEBUG org.eclipse.jetty.http.HttpParser - parseNext s=CONTENT HeapByteBuffer@40573931[p=200,l=263,c=8192,r=63]={POST /__a....2)\r\n\r\n<<<{\r\n  "url" : "/api/v0/com...\r\n  "method" : "GET"\r\n}>>>656-04a20...\x00\x00\x00\x00\x00\x00\x00}
13:18:52.288 [qtp781595164-92] DEBUG org.eclipse.jetty.server.HttpChannel - onContent HttpChannelOverHttp@25ca2673{s=HttpChannelState@60c8bcae{s=HANDLING rs=BLOCKING os=OPEN is=IDLE awp=false se=false i=true al=0},r=5,c=false/false,a=HANDLING,uri=//localhost:8080/__admin/requests/count,age=1} Content@2523692e{HeapByteBufferR@6353c074[p=200,l=263,c=8192,r=63]={POST /__a....2)\r\n\r\n<<<{\r\n  "url" : "/api/v0/com...\r\n  "method" : "GET"\r\n}>>>656-04a20...\x00\x00\x00\x00\x00\x00\x00}}
13:18:52.288 [qtp781595164-92] DEBUG org.eclipse.jetty.server.HttpInput - HttpInputOverHTTP@764afb05[c=0,q=0,[0]=null,s=STREAM] addContent Content@2523692e{HeapByteBufferR@6353c074[p=200,l=263,c=8192,r=63]={POST /__a....2)\r\n\r\n<<<{\r\n  "url" : "/api/v0/com...\r\n  "method" : "GET"\r\n}>>>656-04a20...\x00\x00\x00\x00\x00\x00\x00}}
13:18:52.289 [qtp781595164-92] DEBUG org.eclipse.jetty.http.HttpParser - CONTENT --> CONTENT_END
13:18:52.289 [qtp781595164-92] DEBUG org.eclipse.jetty.server.HttpChannel - onContentComplete HttpChannelOverHttp@25ca2673{s=HttpChannelState@60c8bcae{s=HANDLING rs=BLOCKING os=OPEN is=IDLE awp=false se=false i=true al=0},r=5,c=false/false,a=HANDLING,uri=//localhost:8080/__admin/requests/count,age=2}
13:18:52.289 [qtp781595164-92] DEBUG org.eclipse.jetty.http.HttpParser - CONTENT_END --> END
13:18:52.289 [qtp781595164-92] DEBUG org.eclipse.jetty.server.HttpChannel - onRequestComplete HttpChannelOverHttp@25ca2673{s=HttpChannelState@60c8bcae{s=HANDLING rs=BLOCKING os=OPEN is=IDLE awp=false se=false i=true al=0},r=5,c=false/false,a=HANDLING,uri=//localhost:8080/__admin/requests/count,age=2}
13:18:52.289 [qtp781595164-92] DEBUG org.eclipse.jetty.server.HttpInput - HttpInputOverHTTP@764afb05[c=0,q=1,[0]=EOF,s=STREAM] addContent EOF
13:18:52.289 [qtp781595164-92] DEBUG org.eclipse.jetty.server.HttpConnection - HttpConnection@5d2fafe1::NetworkTrafficSocketChannelEndPoint@2f324d03{/127.0.0.1:65021<->/127.0.0.1:8080,OPEN,fill=-,flush=-,to=2/30000}{io=0/0,kio=0,kro=1}->HttpConnection@5d2fafe1[p=HttpParser{s=END,63 of 63},g=HttpGenerator@5162fbcf{s=START}]=>HttpChannelOverHttp@25ca2673{s=HttpChannelState@60c8bcae{s=HANDLING rs=BLOCKING os=OPEN is=IDLE awp=false se=false i=true al=0},r=5,c=false/false,a=HANDLING,uri=//localhost:8080/__admin/requests/count,age=2} parsed false HttpParser{s=END,63 of 63}
13:18:52.289 [qtp781595164-92] DEBUG org.eclipse.jetty.server.HttpInput - HttpInputOverHTTP@764afb05[c=63,q=1,[0]=EOF,s=STREAM] read 63 from Content@2523692e{HeapByteBufferR@6353c074[p=263,l=263,c=8192,r=0]={POST /__a...GET"\r\n}<<<>>>656-04a20...\x00\x00\x00\x00\x00\x00\x00}}
13:18:52.289 [qtp781595164-92] DEBUG org.eclipse.jetty.server.HttpConnection - releaseRequestBuffer HttpConnection@5d2fafe1::NetworkTrafficSocketChannelEndPoint@2f324d03{/127.0.0.1:65021<->/127.0.0.1:8080,OPEN,fill=-,flush=-,to=2/30000}{io=0/0,kio=0,kro=1}->HttpConnection@5d2fafe1[p=HttpParser{s=END,63 of 63},g=HttpGenerator@5162fbcf{s=START}]=>HttpChannelOverHttp@25ca2673{s=HttpChannelState@60c8bcae{s=HANDLING rs=BLOCKING os=OPEN is=IDLE awp=false se=false i=true al=0},r=5,c=false/false,a=HANDLING,uri=//localhost:8080/__admin/requests/count,age=2}
13:18:52.289 [qtp781595164-92] DEBUG org.eclipse.jetty.server.HttpChannelState - onEof HttpChannelState@60c8bcae{s=HANDLING rs=BLOCKING os=OPEN is=IDLE awp=false se=false i=true al=0}
13:18:52.299 [qtp781595164-92] DEBUG org.eclipse.jetty.server.HttpOutput - write(array HeapByteBuffer@4593ca2[p=0,l=56,c=8192,r=56]={<<<{\r\n  "count" : 0,\r\n  "req...nalDisabled" : false\r\n}>>>\x00\x00\x00\x00\x00\x00\x00\x00\x00...\x00\x00\x00\x00\x00\x00\x00})
13:18:52.299 [qtp781595164-92] DEBUG org.eclipse.jetty.server.HttpOutput - write(array) s=OPEN,api=BLOCKING,sc=false,e=null aggregated !flush DirectByteBuffer@15e1a245[p=0,l=56,c=32768,r=56]={<<<{\r\n  "count" : 0,\r\n  "req...nalDisabled" : false\r\n}>>>request" ...\x00\x00\x00\x00\x00\x00\x00}
13:18:52.299 [qtp781595164-92] DEBUG org.eclipse.jetty.server.HttpChannel - sendResponse info=null content=DirectByteBuffer@15e1a245[p=0,l=56,c=32768,r=56]={<<<{\r\n  "count" : 0,\r\n  "req...nalDisabled" : false\r\n}>>>request" ...\x00\x00\x00\x00\x00\x00\x00} complete=false committing=true callback=Blocker@6bccb114{null}
13:18:52.299 [qtp781595164-92] DEBUG org.eclipse.jetty.server.HttpChannel - COMMIT for /__admin/requests/count on HttpChannelOverHttp@25ca2673{s=HttpChannelState@60c8bcae{s=HANDLING rs=BLOCKING os=COMMITTED is=READY awp=false se=false i=true al=0},r=5,c=false/false,a=HANDLING,uri=//localhost:8080/__admin/requests/count,age=12}
200 null HTTP/1.1
Content-Type: application/json


13:18:52.299 [qtp781595164-92] DEBUG org.eclipse.jetty.server.HttpConnection - generate: NEED_HEADER for org.eclipse.jetty.server.HttpConnection$SendCallback@2e0883ca[PROCESSING][i=HTTP/1.1{s=200,h=1,cl=-1},cb=org.eclipse.jetty.server.HttpChannel$SendCallback@e6b6dd5] (null,[p=0,l=56,c=32768,r=56],false)@START
13:18:52.299 [qtp781595164-92] DEBUG org.eclipse.jetty.http.HttpGenerator - generateHeaders HTTP/1.1{s=200,h=1,cl=-1} last=false content=DirectByteBuffer@15e1a245[p=0,l=56,c=32768,r=56]={<<<{\r\n  "count" : 0,\r\n  "req...nalDisabled" : false\r\n}>>>request" ...\x00\x00\x00\x00\x00\x00\x00}
13:18:52.299 [qtp781595164-92] DEBUG org.eclipse.jetty.http.HttpGenerator - Content-Type: application/json


13:18:52.299 [qtp781595164-92] DEBUG org.eclipse.jetty.http.HttpGenerator - CHUNKED_CONTENT
13:18:52.299 [qtp781595164-92] DEBUG org.eclipse.jetty.server.HttpConnection - generate: FLUSH for org.eclipse.jetty.server.HttpConnection$SendCallback@2e0883ca[PROCESSING][i=HTTP/1.1{s=200,h=1,cl=-1},cb=org.eclipse.jetty.server.HttpChannel$SendCallback@e6b6dd5] ([p=0,l=116,c=8192,r=116],[p=0,l=56,c=32768,r=56],false)@COMMITTED
13:18:52.299 [qtp781595164-92] DEBUG org.eclipse.jetty.io.WriteFlusher - write: WriteFlusher@3c7085e7{IDLE}->null [HeapByteBuffer@40573931[p=0,l=116,c=8192,r=116]={<<<HTTP/1.1 200 OK\r\nContent-...4.28.v20200408)\r\n\r\n38\r\n>>>8080\r\nCon...\x00\x00\x00\x00\x00\x00\x00},DirectByteBuffer@15e1a245[p=0,l=56,c=32768,r=56]={<<<{\r\n  "count" : 0,\r\n  "req...nalDisabled" : false\r\n}>>>request" ...\x00\x00\x00\x00\x00\x00\x00}]
13:18:52.299 [qtp781595164-92] DEBUG org.eclipse.jetty.io.WriteFlusher - update WriteFlusher@3c7085e7{WRITING}->null:IDLE-->WRITING
13:18:52.300 [qtp781595164-92] DEBUG org.eclipse.jetty.io.ChannelEndPoint - flushed 116 NetworkTrafficSocketChannelEndPoint@2f324d03{/127.0.0.1:65021<->/127.0.0.1:8080,OPEN,fill=-,flush=W,to=12/30000}{io=0/0,kio=0,kro=1}->HttpConnection@5d2fafe1[p=HttpParser{s=END,63 of 63},g=HttpGenerator@5162fbcf{s=COMMITTED}]=>HttpChannelOverHttp@25ca2673{s=HttpChannelState@60c8bcae{s=HANDLING rs=BLOCKING os=COMMITTED is=READY awp=false se=false i=true al=0},r=5,c=false/false,a=HANDLING,uri=//localhost:8080/__admin/requests/count,age=12}
13:18:52.300 [Test worker] DEBUG org.apache.http.wire - http-outgoing-5 << "HTTP/1.1 200 OK[\r][\n]"
13:18:52.300 [Test worker] DEBUG org.apache.http.wire - http-outgoing-5 << "Content-Type: application/json[\r][\n]"
13:18:52.300 [Test worker] DEBUG org.apache.http.wire - http-outgoing-5 << "Transfer-Encoding: chunked[\r][\n]"
13:18:52.300 [Test worker] DEBUG org.apache.http.wire - http-outgoing-5 << "Server: Jetty(9.4.28.v20200408)[\r][\n]"
13:18:52.300 [Test worker] DEBUG org.apache.http.wire - http-outgoing-5 << "[\r][\n]"
13:18:52.300 [Test worker] DEBUG org.apache.http.wire - http-outgoing-5 << "38[\r][\n]"
13:18:52.300 [qtp781595164-92] DEBUG org.eclipse.jetty.io.ChannelEndPoint - flushed 56 NetworkTrafficSocketChannelEndPoint@2f324d03{/127.0.0.1:65021<->/127.0.0.1:8080,OPEN,fill=-,flush=W,to=0/30000}{io=0/0,kio=0,kro=1}->HttpConnection@5d2fafe1[p=HttpParser{s=END,63 of 63},g=HttpGenerator@5162fbcf{s=COMMITTED}]=>HttpChannelOverHttp@25ca2673{s=HttpChannelState@60c8bcae{s=HANDLING rs=BLOCKING os=COMMITTED is=READY awp=false se=false i=true al=0},r=5,c=false/false,a=HANDLING,uri=//localhost:8080/__admin/requests/count,age=13}
13:18:52.300 [qtp781595164-92] DEBUG org.eclipse.jetty.io.WriteFlusher - Flushed=true written=172 remaining=0 WriteFlusher@3c7085e7{WRITING}->null
13:18:52.300 [qtp781595164-92] DEBUG org.eclipse.jetty.io.WriteFlusher - update WriteFlusher@3c7085e7{IDLE}->null:WRITING-->IDLE
13:18:52.300 [Test worker] DEBUG org.apache.http.headers - http-outgoing-5 << HTTP/1.1 200 OK
13:18:52.300 [Test worker] DEBUG org.apache.http.headers - http-outgoing-5 << Content-Type: application/json
13:18:52.300 [qtp781595164-92] DEBUG org.eclipse.jetty.server.HttpConnection - generate: DONE for org.eclipse.jetty.server.HttpConnection$SendCallback@2e0883ca[PROCESSING][i=HTTP/1.1{s=200,h=1,cl=-1},cb=org.eclipse.jetty.server.HttpChannel$SendCallback@e6b6dd5] ([p=116,l=116,c=8192,r=0],[p=56,l=56,c=32768,r=0],false)@COMMITTED
13:18:52.301 [Test worker] DEBUG org.apache.http.headers - http-outgoing-5 << Transfer-Encoding: chunked
13:18:52.301 [Test worker] DEBUG org.apache.http.headers - http-outgoing-5 << Server: Jetty(9.4.28.v20200408)
13:18:52.301 [qtp781595164-92] DEBUG org.eclipse.jetty.server.HttpOutput - onWriteComplete(false,null) s=OPEN,api=BLOCKED,sc=false,e=null->s=OPEN,api=BLOCKING,sc=false,e=null c=null cb=null w=false
13:18:52.301 [qtp781595164-92] DEBUG org.eclipse.jetty.server.HttpOutput - close() s=CLOSING,api=BLOCKED,sc=false,e=null c=HeapByteBuffer@137d328[p=0,l=0,c=0,r=0]={<<<>>>} b=Blocker@6bccb114{null}
13:18:52.301 [qtp781595164-92] DEBUG org.eclipse.jetty.server.HttpChannel - sendResponse info=null content=HeapByteBuffer@137d328[p=0,l=0,c=0,r=0]={<<<>>>} complete=true committing=false callback=Blocker@6bccb114{null}
13:18:52.301 [qtp781595164-92] DEBUG org.eclipse.jetty.server.HttpConnection - generate: CONTINUE for org.eclipse.jetty.server.HttpConnection$SendCallback@2e0883ca[PROCESSING][i=null,cb=org.eclipse.jetty.server.HttpChannel$SendCallback@303f0f2f] (null,[p=0,l=0,c=0,r=0],true)@COMPLETING
13:18:52.301 [Test worker] DEBUG org.apache.http.impl.execchain.MainClientExec - Connection can be kept alive indefinitely
13:18:52.301 [qtp781595164-92] DEBUG org.eclipse.jetty.server.HttpConnection - generate: NEED_CHUNK for org.eclipse.jetty.server.HttpConnection$SendCallback@2e0883ca[PROCESSING][i=null,cb=org.eclipse.jetty.server.HttpChannel$SendCallback@303f0f2f] (null,[p=0,l=0,c=0,r=0],true)@COMPLETING
13:18:52.301 [qtp781595164-92] DEBUG org.eclipse.jetty.server.HttpConnection - generate: FLUSH for org.eclipse.jetty.server.HttpConnection$SendCallback@2e0883ca[PROCESSING][i=null,cb=org.eclipse.jetty.server.HttpChannel$SendCallback@303f0f2f] (null,[p=0,l=0,c=0,r=0],true)@COMPLETING
13:18:52.301 [qtp781595164-92] DEBUG org.eclipse.jetty.io.WriteFlusher - write: WriteFlusher@3c7085e7{IDLE}->null [HeapByteBuffer@58461432[p=0,l=7,c=1024,r=7]={<<<\r\n0\r\n\r\n>>>\x00\x00\x00\x00\x00\x00\x00\x00\x00...\x00\x00\x00\x00\x00\x00\x00}]
13:18:52.301 [qtp781595164-92] DEBUG org.eclipse.jetty.io.WriteFlusher - update WriteFlusher@3c7085e7{WRITING}->null:IDLE-->WRITING
13:18:52.301 [Test worker] DEBUG org.apache.http.wire - http-outgoing-5 << "{[\r][\n]"
13:18:52.301 [Test worker] DEBUG org.apache.http.wire - http-outgoing-5 << "  "count" : 0,[\r][\n]"
13:18:52.301 [Test worker] DEBUG org.apache.http.wire - http-outgoing-5 << "  "requestJournalDisabled" : false[\r][\n]"
13:18:52.301 [Test worker] DEBUG org.apache.http.wire - http-outgoing-5 << "}[\r][\n]"
13:18:52.301 [Test worker] DEBUG org.apache.http.wire - http-outgoing-5 << "0[\r][\n]"
13:18:52.301 [Test worker] DEBUG org.apache.http.wire - http-outgoing-5 << "[\r][\n]"
13:18:52.301 [qtp781595164-92] DEBUG org.eclipse.jetty.io.ChannelEndPoint - flushed 7 NetworkTrafficSocketChannelEndPoint@2f324d03{/127.0.0.1:65021<->/127.0.0.1:8080,OPEN,fill=-,flush=W,to=0/30000}{io=0/0,kio=0,kro=1}->HttpConnection@5d2fafe1[p=HttpParser{s=END,63 of 63},g=HttpGenerator@5162fbcf{s=COMPLETING}]=>HttpChannelOverHttp@25ca2673{s=HttpChannelState@60c8bcae{s=HANDLING rs=BLOCKING os=COMMITTED is=READY awp=false se=false i=true al=0},r=5,c=false/false,a=HANDLING,uri=//localhost:8080/__admin/requests/count,age=14}
13:18:52.301 [Test worker] DEBUG org.apache.http.impl.conn.PoolingHttpClientConnectionManager - Connection [id: 5][route: {}->http://localhost:8080] can be kept alive indefinitely
13:18:52.301 [Test worker] DEBUG org.apache.http.impl.conn.DefaultManagedHttpClientConnection - http-outgoing-5: set socket timeout to 0
13:18:52.301 [qtp781595164-92] DEBUG org.eclipse.jetty.io.WriteFlusher - Flushed=true written=7 remaining=0 WriteFlusher@3c7085e7{WRITING}->null
13:18:52.301 [Test worker] DEBUG org.apache.http.impl.conn.PoolingHttpClientConnectionManager - Connection released: [id: 5][route: {}->http://localhost:8080][total available: 1; route allocated: 1 of 5; total allocated: 1 of 50]
13:18:52.301 [qtp781595164-92] DEBUG org.eclipse.jetty.io.WriteFlusher - update WriteFlusher@3c7085e7{IDLE}->null:WRITING-->IDLE
13:18:52.301 [qtp781595164-92] DEBUG org.eclipse.jetty.server.HttpConnection - generate: DONE for org.eclipse.jetty.server.HttpConnection$SendCallback@2e0883ca[PROCESSING][i=null,cb=org.eclipse.jetty.server.HttpChannel$SendCallback@303f0f2f] (null,[p=0,l=0,c=0,r=0],true)@END
13:18:52.301 [qtp781595164-92] DEBUG org.eclipse.jetty.server.HttpOutput - onWriteComplete(true,null) s=CLOSING,api=BLOCKED,sc=false,e=null->s=CLOSED,api=BLOCKING,sc=false,e=null c=null cb=null w=false
13:18:52.301 [qtp781595164-92] DEBUG org.eclipse.jetty.server.handler.gzip.GzipHandler - GzipHandler@27e005aa{STARTED,min=32,inflate=-1} handle Request[POST //localhost:8080/__admin/requests/count]@23637131 in null
13:18:52.302 [qtp781595164-92] DEBUG org.eclipse.jetty.server.handler.ContextHandler - scope null||/__admin/requests/count @ o.e.j.s.ServletContextHandler@6693b5e0{/,null,AVAILABLE}
13:18:52.302 [qtp781595164-92] DEBUG org.eclipse.jetty.server.Server - handled=true async=false committed=true on HttpChannelOverHttp@25ca2673{s=HttpChannelState@60c8bcae{s=HANDLING rs=BLOCKING os=COMPLETED is=READY awp=false se=false i=true al=0},r=5,c=false/true,a=HANDLING,uri=//localhost:8080/__admin/requests/count,age=15}
13:18:52.302 [qtp781595164-92] DEBUG org.eclipse.jetty.server.HttpChannelState - unhandle HttpChannelState@60c8bcae{s=HANDLING rs=BLOCKING os=COMPLETED is=READY awp=false se=false i=true al=0}
13:18:52.302 [qtp781595164-92] DEBUG org.eclipse.jetty.server.HttpChannelState - nextAction(false) COMPLETE HttpChannelState@60c8bcae{s=HANDLING rs=COMPLETING os=COMPLETED is=READY awp=false se=false i=false al=0}
13:18:52.302 [Test worker] DEBUG org.eclipse.jetty.util.component.AbstractLifeCycle - stopping Server@4a5d9b7d{STARTED}[9.4.28.v20200408]
13:18:52.302 [Test worker] DEBUG org.eclipse.jetty.server.Server - doStop Server@4a5d9b7d{STOPPING}[9.4.28.v20200408]
13:18:52.302 [qtp781595164-92] DEBUG org.eclipse.jetty.server.HttpChannel - action COMPLETE HttpChannelOverHttp@25ca2673{s=HttpChannelState@60c8bcae{s=HANDLING rs=COMPLETING os=COMPLETED is=READY awp=false se=false i=false al=0},r=5,c=false/true,a=HANDLING,uri=//localhost:8080/__admin/requests/count,age=15}
13:18:52.302 [qtp781595164-92] DEBUG org.eclipse.jetty.server.HttpOutput - complete(org.eclipse.jetty.util.Callback$4@4d92293c) s=CLOSED,api=BLOCKING,sc=false,e=null s=true e=null, c=null
13:18:52.302 [qtp781595164-92] DEBUG org.eclipse.jetty.server.HttpChannelState - completed HttpChannelState@60c8bcae{s=HANDLING rs=COMPLETING os=COMPLETED is=READY awp=false se=false i=false al=0}
13:18:52.302 [qtp781595164-92] DEBUG org.eclipse.jetty.server.HttpChannelState - unhandle HttpChannelState@60c8bcae{s=HANDLING rs=COMPLETED os=COMPLETED is=READY awp=false se=false i=false al=0}
13:18:52.302 [qtp781595164-92] DEBUG org.eclipse.jetty.server.HttpChannelState - nextAction(false) TERMINATED HttpChannelState@60c8bcae{s=IDLE rs=COMPLETED os=COMPLETED is=READY awp=false se=false i=false al=0}
13:18:52.302 [qtp781595164-92] DEBUG org.eclipse.jetty.server.HttpChannel - action TERMINATED HttpChannelOverHttp@25ca2673{s=HttpChannelState@60c8bcae{s=IDLE rs=COMPLETED os=COMPLETED is=READY awp=false se=false i=false al=0},r=5,c=true/true,a=IDLE,uri=//localhost:8080/__admin/requests/count,age=15}
13:18:52.302 [qtp781595164-92] DEBUG org.eclipse.jetty.server.HttpChannel - onCompleted for /__admin/requests/count written=56
13:18:52.302 [qtp781595164-92] DEBUG org.eclipse.jetty.server.HttpChannelState - recycle HttpChannelState@60c8bcae{s=IDLE rs=COMPLETED os=COMPLETED is=READY awp=false se=false i=false al=0}
13:18:52.302 [Test worker] DEBUG org.eclipse.jetty.util.component.AbstractLifeCycle - stopping NetworkTrafficServerConnector@71b0284a{HTTP/1.1, (http/1.1)}{0.0.0.0:8080}
13:18:52.302 [qtp781595164-92] DEBUG org.eclipse.jetty.http.HttpParser - reset HttpParser{s=END,63 of 63}
13:18:52.302 [qtp781595164-92] DEBUG org.eclipse.jetty.http.HttpParser - END --> START
13:18:52.302 [qtp781595164-92] DEBUG org.eclipse.jetty.server.HttpChannel - !handle TERMINATED HttpChannelOverHttp@25ca2673{s=HttpChannelState@60c8bcae{s=IDLE rs=BLOCKING os=OPEN is=IDLE awp=false se=false i=true al=0},r=5,c=false/false,a=IDLE,uri=null,age=0}
13:18:52.302 [Test worker] DEBUG org.eclipse.jetty.util.component.AbstractLifeCycle - stopping SelectorManager@NetworkTrafficServerConnector@71b0284a{HTTP/1.1, (http/1.1)}{0.0.0.0:8080}
13:18:52.302 [Test worker] DEBUG org.eclipse.jetty.util.component.AbstractLifeCycle - stopping ManagedSelector@1d4f6942{STARTED} id=1 keys=2 selected=0 updates=0
13:18:52.302 [qtp781595164-92] DEBUG org.eclipse.jetty.io.ChannelEndPoint - filled 0 HeapByteBuffer@40573931[p=0,l=0,c=8192,r=0]={<<<>>>HTTP/1.1 ...\x00\x00\x00\x00\x00\x00\x00}
13:18:52.302 [Test worker] DEBUG org.eclipse.jetty.io.ManagedSelector - Queued change org.eclipse.jetty.io.ManagedSelector$CloseConnections@31c010fc on ManagedSelector@1d4f6942{STOPPING} id=1 keys=2 selected=0 updates=0
13:18:52.302 [qtp781595164-92] DEBUG org.eclipse.jetty.io.ChannelEndPoint - filled 0 HeapByteBuffer@40573931[p=0,l=0,c=8192,r=0]={<<<>>>HTTP/1.1 ...\x00\x00\x00\x00\x00\x00\x00}
13:18:52.302 [Test worker] DEBUG org.eclipse.jetty.io.ManagedSelector - Wakeup on submit ManagedSelector@1d4f6942{STOPPING} id=1 keys=2 selected=0 updates=1
13:18:52.302 [qtp781595164-92] DEBUG org.eclipse.jetty.server.HttpConnection - HttpConnection@5d2fafe1::NetworkTrafficSocketChannelEndPoint@2f324d03{/127.0.0.1:65021<->/127.0.0.1:8080,OPEN,fill=-,flush=-,to=1/30000}{io=0/0,kio=0,kro=1}->HttpConnection@5d2fafe1[p=HttpParser{s=START,0 of -1},g=HttpGenerator@5162fbcf{s=START}]=>HttpChannelOverHttp@25ca2673{s=HttpChannelState@60c8bcae{s=IDLE rs=BLOCKING os=OPEN is=IDLE awp=false se=false i=true al=0},r=5,c=false/false,a=IDLE,uri=null,age=0} filled 0 HeapByteBuffer@40573931[p=0,l=0,c=8192,r=0]={<<<>>>HTTP/1.1 ...\x00\x00\x00\x00\x00\x00\x00}
13:18:52.302 [qtp781595164-93] DEBUG org.eclipse.jetty.io.ManagedSelector - Selector sun.nio.ch.WindowsSelectorImpl@146bda14 woken with none selected
13:18:52.302 [qtp781595164-93] DEBUG org.eclipse.jetty.io.ManagedSelector - Selector sun.nio.ch.WindowsSelectorImpl@146bda14 woken up from select, 0/0/2 selected
13:18:52.302 [qtp781595164-92] DEBUG org.eclipse.jetty.server.HttpConnection - HttpConnection@5d2fafe1::NetworkTrafficSocketChannelEndPoint@2f324d03{/127.0.0.1:65021<->/127.0.0.1:8080,OPEN,fill=-,flush=-,to=1/30000}{io=0/0,kio=0,kro=1}->HttpConnection@5d2fafe1[p=HttpParser{s=START,0 of -1},g=HttpGenerator@5162fbcf{s=START}]=>HttpChannelOverHttp@25ca2673{s=HttpChannelState@60c8bcae{s=IDLE rs=BLOCKING os=OPEN is=IDLE awp=false se=false i=true al=0},r=5,c=false/false,a=IDLE,uri=null,age=0} parse HeapByteBuffer@40573931[p=0,l=0,c=8192,r=0]={<<<>>>HTTP/1.1 ...\x00\x00\x00\x00\x00\x00\x00} {}
13:18:52.302 [qtp781595164-93] DEBUG org.eclipse.jetty.io.ManagedSelector - Selector sun.nio.ch.WindowsSelectorImpl@146bda14 processing 0 keys, 1 updates
13:18:52.302 [qtp781595164-92] DEBUG org.eclipse.jetty.http.HttpParser - parseNext s=START HeapByteBuffer@40573931[p=0,l=0,c=8192,r=0]={<<<>>>HTTP/1.1 ...\x00\x00\x00\x00\x00\x00\x00}
13:18:52.302 [qtp781595164-93] DEBUG org.eclipse.jetty.io.ManagedSelector - updateable 1
13:18:52.302 [qtp781595164-93] DEBUG org.eclipse.jetty.io.ManagedSelector - update org.eclipse.jetty.io.ManagedSelector$CloseConnections@31c010fc
13:18:52.302 [qtp781595164-93] DEBUG org.eclipse.jetty.io.ManagedSelector - Closing 2 connections on ManagedSelector@1d4f6942{STOPPING} id=1 keys=2 selected=0 updates=0
13:18:52.302 [qtp781595164-92] DEBUG org.eclipse.jetty.server.HttpConnection - HttpConnection@5d2fafe1::NetworkTrafficSocketChannelEndPoint@2f324d03{/127.0.0.1:65021<->/127.0.0.1:8080,OPEN,fill=-,flush=-,to=1/30000}{io=0/0,kio=0,kro=1}->HttpConnection@5d2fafe1[p=HttpParser{s=START,0 of -1},g=HttpGenerator@5162fbcf{s=START}]=>HttpChannelOverHttp@25ca2673{s=HttpChannelState@60c8bcae{s=IDLE rs=BLOCKING os=OPEN is=IDLE awp=false se=false i=true al=0},r=5,c=false/false,a=IDLE,uri=null,age=0} parsed false HttpParser{s=START,0 of -1}
13:18:52.302 [qtp781595164-93] DEBUG org.eclipse.jetty.io.AbstractEndPoint - close NetworkTrafficSocketChannelEndPoint@77843f9a{/127.0.0.1:65023<->/127.0.0.1:8080,OPEN,fill=FI,flush=-,to=992/30000}{io=1/1,kio=1,kro=1}->HttpConnection@25e4a766[p=HttpParser{s=START,0 of -1},g=HttpGenerator@73ca24af{s=START}]=>HttpChannelOverHttp@eab5ff9{s=HttpChannelState@1cd21e32{s=IDLE rs=BLOCKING os=OPEN is=IDLE awp=false se=false i=true al=0},r=1,c=false/false,a=IDLE,uri=null,age=0}
13:18:52.302 [qtp781595164-92] DEBUG org.eclipse.jetty.server.HttpConnection - releaseRequestBuffer HttpConnection@5d2fafe1::NetworkTrafficSocketChannelEndPoint@2f324d03{/127.0.0.1:65021<->/127.0.0.1:8080,OPEN,fill=-,flush=-,to=1/30000}{io=0/0,kio=0,kro=1}->HttpConnection@5d2fafe1[p=HttpParser{s=START,0 of -1},g=HttpGenerator@5162fbcf{s=START}]=>HttpChannelOverHttp@25ca2673{s=HttpChannelState@60c8bcae{s=IDLE rs=BLOCKING os=OPEN is=IDLE awp=false se=false i=true al=0},r=5,c=false/false,a=IDLE,uri=null,age=0}
13:18:52.303 [qtp781595164-93] DEBUG org.eclipse.jetty.io.AbstractEndPoint - close(null) NetworkTrafficSocketChannelEndPoint@77843f9a{/127.0.0.1:65023<->/127.0.0.1:8080,OPEN,fill=FI,flush=-,to=992/30000}{io=1/1,kio=1,kro=1}->HttpConnection@25e4a766[p=HttpParser{s=START,0 of -1},g=HttpGenerator@73ca24af{s=START}]=>HttpChannelOverHttp@eab5ff9{s=HttpChannelState@1cd21e32{s=IDLE rs=BLOCKING os=OPEN is=IDLE awp=false se=false i=true al=0},r=1,c=false/false,a=IDLE,uri=null,age=0}
13:18:52.303 [qtp781595164-92] DEBUG org.eclipse.jetty.io.AbstractConnection - fillInterested HttpConnection@5d2fafe1::NetworkTrafficSocketChannelEndPoint@2f324d03{/127.0.0.1:65021<->/127.0.0.1:8080,OPEN,fill=-,flush=-,to=1/30000}{io=0/0,kio=0,kro=1}->HttpConnection@5d2fafe1[p=HttpParser{s=START,0 of -1},g=HttpGenerator@5162fbcf{s=START}]=>HttpChannelOverHttp@25ca2673{s=HttpChannelState@60c8bcae{s=IDLE rs=BLOCKING os=OPEN is=IDLE awp=false se=false i=true al=0},r=5,c=false/false,a=IDLE,uri=null,age=0}
13:18:52.303 [qtp781595164-93] DEBUG org.eclipse.jetty.io.ChannelEndPoint - doClose NetworkTrafficSocketChannelEndPoint@77843f9a{/127.0.0.1:65023<->/127.0.0.1:8080,CLOSED,fill=FI,flush=-,to=992/30000}{io=1/1,kio=1,kro=1}->HttpConnection@25e4a766[p=HttpParser{s=START,0 of -1},g=HttpGenerator@73ca24af{s=START}]=>HttpChannelOverHttp@eab5ff9{s=HttpChannelState@1cd21e32{s=IDLE rs=BLOCKING os=OPEN is=IDLE awp=false se=false i=true al=0},r=1,c=false/false,a=IDLE,uri=null,age=0}
13:18:52.303 [qtp781595164-92] DEBUG org.eclipse.jetty.io.FillInterest - interested FillInterest@256fb62e{AC.ReadCB@5d2fafe1{HttpConnection@5d2fafe1::NetworkTrafficSocketChannelEndPoint@2f324d03{/127.0.0.1:65021<->/127.0.0.1:8080,OPEN,fill=FI,flush=-,to=0/30000}{io=0/0,kio=0,kro=1}->HttpConnection@5d2fafe1[p=HttpParser{s=START,0 of -1},g=HttpGenerator@5162fbcf{s=START}]=>HttpChannelOverHttp@25ca2673{s=HttpChannelState@60c8bcae{s=IDLE rs=BLOCKING os=OPEN is=IDLE awp=false se=false i=true al=0},r=5,c=false/false,a=IDLE,uri=null,age=0}}}
13:18:52.303 [qtp781595164-92] DEBUG org.eclipse.jetty.io.ChannelEndPoint - changeInterests p=false 0->1 for NetworkTrafficSocketChannelEndPoint@2f324d03{/127.0.0.1:65021<->/127.0.0.1:8080,OPEN,fill=FI,flush=-,to=0/30000}{io=0/1,kio=0,kro=1}->HttpConnection@5d2fafe1[p=HttpParser{s=START,0 of -1},g=HttpGenerator@5162fbcf{s=START}]=>HttpChannelOverHttp@25ca2673{s=HttpChannelState@60c8bcae{s=IDLE rs=BLOCKING os=OPEN is=IDLE awp=false se=false i=true al=0},r=5,c=false/false,a=IDLE,uri=null,age=0}
13:18:52.303 [qtp781595164-92] DEBUG org.eclipse.jetty.io.ManagedSelector - Queued change org.eclipse.jetty.io.ChannelEndPoint$1@e743e1 on ManagedSelector@1d4f6942{STOPPING} id=1 keys=2 selected=0 updates=0
13:18:52.303 [qtp781595164-92] DEBUG org.eclipse.jetty.server.HttpConnection - HttpConnection@5d2fafe1::NetworkTrafficSocketChannelEndPoint@2f324d03{/127.0.0.1:65021<->/127.0.0.1:8080,OPEN,fill=FI,flush=-,to=0/30000}{io=0/1,kio=0,kro=1}->HttpConnection@5d2fafe1[p=HttpParser{s=START,0 of -1},g=HttpGenerator@5162fbcf{s=START}]=>HttpChannelOverHttp@25ca2673{s=HttpChannelState@60c8bcae{s=IDLE rs=BLOCKING os=OPEN is=IDLE awp=false se=false i=true al=0},r=5,c=false/false,a=IDLE,uri=null,age=0} onFillable exit HttpChannelState@60c8bcae{s=IDLE rs=BLOCKING os=OPEN is=IDLE awp=false se=false i=true al=0} null
13:18:52.303 [qtp781595164-92] DEBUG org.eclipse.jetty.util.thread.ReservedThreadExecutor - ReservedThreadExecutor@5e1e7972{s=1/1,p=0}@2097b4bb size 1 > capacity
13:18:52.303 [qtp781595164-93] DEBUG org.eclipse.jetty.io.FillInterest - onClose FillInterest@274af9b8{AC.ReadCB@25e4a766{HttpConnection@25e4a766::NetworkTrafficSocketChannelEndPoint@77843f9a{/127.0.0.1:65023<->/127.0.0.1:8080,CLOSED,fill=FI,flush=-,to=992/30000}{io=1/1,kio=-1,kro=-1}->HttpConnection@25e4a766[p=HttpParser{s=START,0 of -1},g=HttpGenerator@73ca24af{s=START}]=>HttpChannelOverHttp@eab5ff9{s=HttpChannelState@1cd21e32{s=IDLE rs=BLOCKING os=OPEN is=IDLE awp=false se=false i=true al=0},r=1,c=false/false,a=IDLE,uri=null,age=0}}}
13:18:52.303 [qtp781595164-92] DEBUG org.eclipse.jetty.util.thread.QueuedThreadPool - ran ReservedThreadExecutor@5e1e7972{s=1/1,p=0}@2097b4bb in QueuedThreadPool[qtp781595164]@2e96321c{STARTED,8<=8<=14,i=1,r=1,q=0}[ReservedThreadExecutor@5e1e7972{s=1/1,p=0}]
13:18:52.303 [qtp781595164-93] DEBUG org.eclipse.jetty.http.HttpParser - close HttpParser{s=START,0 of -1}
13:18:52.303 [qtp781595164-93] DEBUG org.eclipse.jetty.http.HttpParser - START --> CLOSE
13:18:52.303 [qtp781595164-93] DEBUG org.eclipse.jetty.io.AbstractConnection - HttpConnection@25e4a766::NetworkTrafficSocketChannelEndPoint@77843f9a{/127.0.0.1:65023<->/127.0.0.1:8080,CLOSED,fill=-,flush=-,to=992/30000}{io=1/1,kio=-1,kro=-1}->HttpConnection@25e4a766[p=HttpParser{s=CLOSE,0 of -1},g=HttpGenerator@73ca24af{s=START}]=>HttpChannelOverHttp@eab5ff9{s=HttpChannelState@1cd21e32{s=IDLE rs=BLOCKING os=OPEN is=IDLE awp=false se=false i=true al=0},r=1,c=false/false,a=IDLE,uri=null,age=0} onFillInterestedFailed {}
13:18:52.303 [qtp781595164-93] DEBUG org.eclipse.jetty.io.ManagedSelector - Wakeup ManagedSelector@1d4f6942{STOPPING} id=1 keys=2 selected=0 updates=1
13:18:52.303 [qtp781595164-93] DEBUG org.eclipse.jetty.util.thread.QueuedThreadPool - queue org.eclipse.jetty.io.ManagedSelector$DestroyEndPoint@407d6ba2 startThread=0
13:18:52.303 [qtp781595164-93] DEBUG org.eclipse.jetty.io.AbstractEndPoint - close NetworkTrafficSocketChannelEndPoint@2f324d03{/127.0.0.1:65021<->/127.0.0.1:8080,OPEN,fill=FI,flush=-,to=0/30000}{io=0/1,kio=0,kro=1}->HttpConnection@5d2fafe1[p=HttpParser{s=START,0 of -1},g=HttpGenerator@5162fbcf{s=START}]=>HttpChannelOverHttp@25ca2673{s=HttpChannelState@60c8bcae{s=IDLE rs=BLOCKING os=OPEN is=IDLE awp=false se=false i=true al=0},r=5,c=false/false,a=IDLE,uri=null,age=0}
13:18:52.303 [qtp781595164-93] DEBUG org.eclipse.jetty.io.AbstractEndPoint - close(null) NetworkTrafficSocketChannelEndPoint@2f324d03{/127.0.0.1:65021<->/127.0.0.1:8080,OPEN,fill=FI,flush=-,to=0/30000}{io=0/1,kio=0,kro=1}->HttpConnection@5d2fafe1[p=HttpParser{s=START,0 of -1},g=HttpGenerator@5162fbcf{s=START}]=>HttpChannelOverHttp@25ca2673{s=HttpChannelState@60c8bcae{s=IDLE rs=BLOCKING os=OPEN is=IDLE awp=false se=false i=true al=0},r=5,c=false/false,a=IDLE,uri=null,age=0}
13:18:52.303 [qtp781595164-93] DEBUG org.eclipse.jetty.io.ChannelEndPoint - doClose NetworkTrafficSocketChannelEndPoint@2f324d03{/127.0.0.1:65021<->/127.0.0.1:8080,CLOSED,fill=FI,flush=-,to=0/30000}{io=0/1,kio=0,kro=1}->HttpConnection@5d2fafe1[p=HttpParser{s=START,0 of -1},g=HttpGenerator@5162fbcf{s=START}]=>HttpChannelOverHttp@25ca2673{s=HttpChannelState@60c8bcae{s=IDLE rs=BLOCKING os=OPEN is=IDLE awp=false se=false i=true al=0},r=5,c=false/false,a=IDLE,uri=null,age=0}
13:18:52.304 [reactor-http-nio-2] DEBUG reactor.netty.resources.PooledConnectionProvider - [id: 0x1ea5d514, L:/127.0.0.1:65023 ! R:localhost/127.0.0.1:8080] onStateChange(PooledConnection{channel=[id: 0x1ea5d514, L:/127.0.0.1:65023 ! R:localhost/127.0.0.1:8080]}, [disconnecting])
13:18:52.304 [qtp781595164-93] DEBUG org.eclipse.jetty.io.FillInterest - onClose FillInterest@256fb62e{AC.ReadCB@5d2fafe1{HttpConnection@5d2fafe1::NetworkTrafficSocketChannelEndPoint@2f324d03{/127.0.0.1:65021<->/127.0.0.1:8080,CLOSED,fill=FI,flush=-,to=0/30000}{io=0/1,kio=-1,kro=-1}->HttpConnection@5d2fafe1[p=HttpParser{s=START,0 of -1},g=HttpGenerator@5162fbcf{s=START}]=>HttpChannelOverHttp@25ca2673{s=HttpChannelState@60c8bcae{s=IDLE rs=BLOCKING os=OPEN is=IDLE awp=false se=false i=true al=0},r=5,c=false/false,a=IDLE,uri=null,age=0}}}
13:18:52.304 [qtp781595164-93] DEBUG org.eclipse.jetty.http.HttpParser - close HttpParser{s=START,0 of -1}
13:18:52.304 [qtp781595164-93] DEBUG org.eclipse.jetty.http.HttpParser - START --> CLOSE
13:18:52.304 [qtp781595164-93] DEBUG org.eclipse.jetty.io.AbstractConnection - HttpConnection@5d2fafe1::NetworkTrafficSocketChannelEndPoint@2f324d03{/127.0.0.1:65021<->/127.0.0.1:8080,CLOSED,fill=-,flush=-,to=1/30000}{io=0/1,kio=-1,kro=-1}->HttpConnection@5d2fafe1[p=HttpParser{s=CLOSE,0 of -1},g=HttpGenerator@5162fbcf{s=START}]=>HttpChannelOverHttp@25ca2673{s=HttpChannelState@60c8bcae{s=IDLE rs=BLOCKING os=OPEN is=IDLE awp=false se=false i=true al=0},r=5,c=false/false,a=IDLE,uri=null,age=0} onFillInterestedFailed {}
13:18:52.304 [qtp781595164-98] DEBUG org.eclipse.jetty.util.thread.QueuedThreadPool - run org.eclipse.jetty.io.ManagedSelector$DestroyEndPoint@407d6ba2 in QueuedThreadPool[qtp781595164]@2e96321c{STARTED,8<=8<=14,i=1,r=1,q=0}[ReservedThreadExecutor@5e1e7972{s=1/1,p=0}]
13:18:52.304 [qtp781595164-93] DEBUG org.eclipse.jetty.io.ManagedSelector - Wakeup ManagedSelector@1d4f6942{STOPPING} id=1 keys=2 selected=0 updates=1
13:18:52.304 [qtp781595164-93] DEBUG org.eclipse.jetty.util.thread.QueuedThreadPool - queue org.eclipse.jetty.io.ManagedSelector$DestroyEndPoint@491f6820 startThread=0
13:18:52.304 [qtp781595164-93] DEBUG org.eclipse.jetty.io.ManagedSelector - updates 1
13:18:52.304 [qtp781595164-93] DEBUG org.eclipse.jetty.io.ManagedSelector - wakeup on updates SelectorProducer@8560933
13:18:52.304 [qtp781595164-98] DEBUG org.eclipse.jetty.io.ManagedSelector - Destroyed NetworkTrafficSocketChannelEndPoint@77843f9a{/127.0.0.1:65023<->/127.0.0.1:8080,CLOSED,fill=-,flush=-,to=993/30000}{io=1/1,kio=-1,kro=-1}->HttpConnection@25e4a766[p=HttpParser{s=CLOSE,0 of -1},g=HttpGenerator@73ca24af{s=START}]=>HttpChannelOverHttp@eab5ff9{s=HttpChannelState@1cd21e32{s=IDLE rs=BLOCKING os=OPEN is=IDLE awp=false se=false i=true al=0},r=1,c=false/false,a=IDLE,uri=null,age=0}
13:18:52.304 [qtp781595164-93] DEBUG org.eclipse.jetty.io.ManagedSelector - Selector sun.nio.ch.WindowsSelectorImpl@146bda14 waiting with 2 keys
13:18:52.304 [Test worker] DEBUG org.eclipse.jetty.io.ManagedSelector - Queued change org.eclipse.jetty.io.ManagedSelector$StopSelector@f7c929d on ManagedSelector@1d4f6942{STOPPING} id=1 keys=1 selected=0 updates=1
13:18:52.304 [qtp781595164-93] DEBUG org.eclipse.jetty.io.ManagedSelector - Selector sun.nio.ch.WindowsSelectorImpl@146bda14 woken with none selected
13:18:52.304 [qtp781595164-93] DEBUG org.eclipse.jetty.io.ManagedSelector - Selector sun.nio.ch.WindowsSelectorImpl@146bda14 woken up from select, 0/0/0 selected
13:18:52.304 [qtp781595164-93] DEBUG org.eclipse.jetty.io.ManagedSelector - Selector sun.nio.ch.WindowsSelectorImpl@146bda14 processing 0 keys, 2 updates
13:18:52.304 [qtp781595164-93] DEBUG org.eclipse.jetty.io.ManagedSelector - updateable 2
13:18:52.304 [qtp781595164-98] DEBUG org.eclipse.jetty.io.AbstractConnection - onClose HttpConnection@25e4a766::NetworkTrafficSocketChannelEndPoint@77843f9a{/127.0.0.1:65023<->/127.0.0.1:8080,CLOSED,fill=-,flush=-,to=993/30000}{io=1/1,kio=-1,kro=-1}->HttpConnection@25e4a766[p=HttpParser{s=CLOSE,0 of -1},g=HttpGenerator@73ca24af{s=START}]=>HttpChannelOverHttp@eab5ff9{s=HttpChannelState@1cd21e32{s=IDLE rs=BLOCKING os=OPEN is=IDLE awp=false se=false i=true al=0},r=1,c=false/false,a=IDLE,uri=null,age=0}
13:18:52.304 [qtp781595164-92] DEBUG org.eclipse.jetty.util.thread.QueuedThreadPool - run org.eclipse.jetty.io.ManagedSelector$DestroyEndPoint@491f6820 in QueuedThreadPool[qtp781595164]@2e96321c{STARTED,8<=8<=14,i=0,r=1,q=0}[ReservedThreadExecutor@5e1e7972{s=1/1,p=0}]
13:18:52.304 [qtp781595164-98] DEBUG org.eclipse.jetty.util.thread.QueuedThreadPool - ran org.eclipse.jetty.io.ManagedSelector$DestroyEndPoint@407d6ba2 in QueuedThreadPool[qtp781595164]@2e96321c{STARTED,8<=8<=14,i=0,r=1,q=0}[ReservedThreadExecutor@5e1e7972{s=1/1,p=0}]
13:18:52.304 [qtp781595164-93] DEBUG org.eclipse.jetty.io.ManagedSelector - update org.eclipse.jetty.io.ChannelEndPoint$1@e743e1
13:18:52.304 [qtp781595164-92] DEBUG org.eclipse.jetty.io.ManagedSelector - Destroyed NetworkTrafficSocketChannelEndPoint@2f324d03{/127.0.0.1:65021<->/127.0.0.1:8080,CLOSED,fill=-,flush=-,to=1/30000}{io=0/1,kio=-1,kro=-1}->HttpConnection@5d2fafe1[p=HttpParser{s=CLOSE,0 of -1},g=HttpGenerator@5162fbcf{s=START}]=>HttpChannelOverHttp@25ca2673{s=HttpChannelState@60c8bcae{s=IDLE rs=BLOCKING os=OPEN is=IDLE awp=false se=false i=true al=0},r=5,c=false/false,a=IDLE,uri=null,age=0}
13:18:52.304 [qtp781595164-93] DEBUG org.eclipse.jetty.io.ChannelEndPoint - Ignoring key update for concurrently closed channel NetworkTrafficSocketChannelEndPoint@2f324d03{/127.0.0.1:65021<->/127.0.0.1:8080,CLOSED,fill=-,flush=-,to=1/30000}{io=1/1,kio=-1,kro=-1}->HttpConnection@5d2fafe1[p=HttpParser{s=CLOSE,0 of -1},g=HttpGenerator@5162fbcf{s=START}]=>HttpChannelOverHttp@25ca2673{s=HttpChannelState@60c8bcae{s=IDLE rs=BLOCKING os=OPEN is=IDLE awp=false se=false i=true al=0},r=5,c=false/false,a=IDLE,uri=null,age=0}
13:18:52.304 [qtp781595164-92] DEBUG org.eclipse.jetty.io.AbstractConnection - onClose HttpConnection@5d2fafe1::NetworkTrafficSocketChannelEndPoint@2f324d03{/127.0.0.1:65021<->/127.0.0.1:8080,CLOSED,fill=-,flush=-,to=1/30000}{io=1/1,kio=-1,kro=-1}->HttpConnection@5d2fafe1[p=HttpParser{s=CLOSE,0 of -1},g=HttpGenerator@5162fbcf{s=START}]=>HttpChannelOverHttp@25ca2673{s=HttpChannelState@60c8bcae{s=IDLE rs=BLOCKING os=OPEN is=IDLE awp=false se=false i=true al=0},r=5,c=false/false,a=IDLE,uri=null,age=0}
13:18:52.305 [qtp781595164-92] DEBUG org.eclipse.jetty.util.thread.QueuedThreadPool - ran org.eclipse.jetty.io.ManagedSelector$DestroyEndPoint@491f6820 in QueuedThreadPool[qtp781595164]@2e96321c{STARTED,8<=8<=14,i=1,r=1,q=0}[ReservedThreadExecutor@5e1e7972{s=1/1,p=0}]
13:18:52.305 [qtp781595164-93] DEBUG org.eclipse.jetty.io.AbstractEndPoint - close NetworkTrafficSocketChannelEndPoint@2f324d03{/127.0.0.1:65021<->/127.0.0.1:8080,CLOSED,fill=-,flush=-,to=1/30000}{io=1/1,kio=-1,kro=-1}->HttpConnection@5d2fafe1[p=HttpParser{s=CLOSE,0 of -1},g=HttpGenerator@5162fbcf{s=START}]=>HttpChannelOverHttp@25ca2673{s=HttpChannelState@60c8bcae{s=IDLE rs=BLOCKING os=OPEN is=IDLE awp=false se=false i=true al=0},r=5,c=false/false,a=IDLE,uri=null,age=0}
13:18:52.305 [qtp781595164-93] DEBUG org.eclipse.jetty.io.AbstractEndPoint - close(null) NetworkTrafficSocketChannelEndPoint@2f324d03{/127.0.0.1:65021<->/127.0.0.1:8080,CLOSED,fill=-,flush=-,to=1/30000}{io=1/1,kio=-1,kro=-1}->HttpConnection@5d2fafe1[p=HttpParser{s=CLOSE,0 of -1},g=HttpGenerator@5162fbcf{s=START}]=>HttpChannelOverHttp@25ca2673{s=HttpChannelState@60c8bcae{s=IDLE rs=BLOCKING os=OPEN is=IDLE awp=false se=false i=true al=0},r=5,c=false/false,a=IDLE,uri=null,age=0}
13:18:52.305 [qtp781595164-93] DEBUG org.eclipse.jetty.io.ManagedSelector - update org.eclipse.jetty.io.ManagedSelector$StopSelector@f7c929d
13:18:52.305 [qtp781595164-93] DEBUG org.eclipse.jetty.io.ManagedSelector - updates 0
13:18:52.305 [qtp781595164-93] DEBUG org.eclipse.jetty.util.thread.ReservedThreadExecutor - ReservedThreadExecutor@5e1e7972{s=1/1,p=0}@702f60bf size 1 > capacity
13:18:52.305 [qtp781595164-93] DEBUG org.eclipse.jetty.util.thread.QueuedThreadPool - ran ReservedThreadExecutor@5e1e7972{s=1/1,p=0}@702f60bf in QueuedThreadPool[qtp781595164]@2e96321c{STARTED,8<=8<=14,i=2,r=1,q=0}[ReservedThreadExecutor@5e1e7972{s=1/1,p=0}]
13:18:52.305 [Test worker] DEBUG org.eclipse.jetty.util.component.AbstractLifeCycle - stopping EatWhatYouKill@11f99275/SelectorProducer@8560933/IDLE/p=false/QueuedThreadPool[qtp781595164]@2e96321c{STARTED,8<=8<=14,i=2,r=1,q=0}[ReservedThreadExecutor@5e1e7972{s=1/1,p=0}][pc=0,pic=0,pec=1,epc=3]@2020-09-25T13:18:52.3054096+02:00
13:18:52.305 [qtp781595164-95] DEBUG org.eclipse.jetty.util.thread.QueuedThreadPool - ran qtp781595164-95-acceptor-1@65638fa0-NetworkTrafficServerConnector@71b0284a{HTTP/1.1, (http/1.1)}{0.0.0.0:8080} in QueuedThreadPool[qtp781595164]@2e96321c{STARTED,8<=8<=14,i=3,r=1,q=0}[ReservedThreadExecutor@5e1e7972{s=1/1,p=0}]
13:18:52.305 [Test worker] DEBUG org.eclipse.jetty.util.component.AbstractLifeCycle - STOPPED EatWhatYouKill@11f99275/SelectorProducer@8560933/IDLE/p=false/QueuedThreadPool[qtp781595164]@2e96321c{STARTED,8<=8<=14,i=3,r=1,q=0}[ReservedThreadExecutor@5e1e7972{s=1/1,p=0}][pc=0,pic=0,pec=1,epc=3]@2020-09-25T13:18:52.3054096+02:00
13:18:52.305 [Test worker] DEBUG org.eclipse.jetty.util.component.AbstractLifeCycle - STOPPED ManagedSelector@1d4f6942{STOPPED} id=1 keys=-1 selected=-1 updates=0
13:18:52.305 [Test worker] DEBUG org.eclipse.jetty.util.component.AbstractLifeCycle - stopping ManagedSelector@472b777f{STARTED} id=0 keys=1 selected=0 updates=0
13:18:52.305 [Test worker] DEBUG org.eclipse.jetty.io.ManagedSelector - Queued change org.eclipse.jetty.io.ManagedSelector$CloseConnections@39224b26 on ManagedSelector@472b777f{STOPPING} id=0 keys=1 selected=0 updates=0
13:18:52.305 [Test worker] DEBUG org.eclipse.jetty.io.ManagedSelector - Wakeup on submit ManagedSelector@472b777f{STOPPING} id=0 keys=1 selected=0 updates=1
13:18:52.305 [qtp781595164-99] DEBUG org.eclipse.jetty.io.ManagedSelector - Selector sun.nio.ch.WindowsSelectorImpl@74793139 woken with none selected
13:18:52.306 [qtp781595164-99] DEBUG org.eclipse.jetty.io.ManagedSelector - Selector sun.nio.ch.WindowsSelectorImpl@74793139 woken up from select, 0/0/1 selected
13:18:52.306 [qtp781595164-99] DEBUG org.eclipse.jetty.io.ManagedSelector - Selector sun.nio.ch.WindowsSelectorImpl@74793139 processing 0 keys, 1 updates
13:18:52.306 [qtp781595164-99] DEBUG org.eclipse.jetty.io.ManagedSelector - updateable 1
13:18:52.306 [qtp781595164-99] DEBUG org.eclipse.jetty.io.ManagedSelector - update org.eclipse.jetty.io.ManagedSelector$CloseConnections@39224b26
13:18:52.306 [qtp781595164-99] DEBUG org.eclipse.jetty.io.ManagedSelector - Closing 1 connections on ManagedSelector@472b777f{STOPPING} id=0 keys=1 selected=0 updates=0
13:18:52.306 [qtp781595164-99] DEBUG org.eclipse.jetty.io.AbstractEndPoint - close NetworkTrafficSocketChannelEndPoint@58513f94{/127.0.0.1:65022<->/127.0.0.1:8080,OPEN,fill=FI,flush=-,to=52/30000}{io=1/1,kio=1,kro=1}->HttpConnection@17abc0d5[p=HttpParser{s=START,0 of -1},g=HttpGenerator@46d7e02b{s=START}]=>HttpChannelOverHttp@5696caee{s=HttpChannelState@52a954e4{s=IDLE rs=BLOCKING os=OPEN is=IDLE awp=false se=false i=true al=0},r=2,c=false/false,a=IDLE,uri=null,age=0}
13:18:52.306 [qtp781595164-99] DEBUG org.eclipse.jetty.io.AbstractEndPoint - close(null) NetworkTrafficSocketChannelEndPoint@58513f94{/127.0.0.1:65022<->/127.0.0.1:8080,OPEN,fill=FI,flush=-,to=52/30000}{io=1/1,kio=1,kro=1}->HttpConnection@17abc0d5[p=HttpParser{s=START,0 of -1},g=HttpGenerator@46d7e02b{s=START}]=>HttpChannelOverHttp@5696caee{s=HttpChannelState@52a954e4{s=IDLE rs=BLOCKING os=OPEN is=IDLE awp=false se=false i=true al=0},r=2,c=false/false,a=IDLE,uri=null,age=0}
13:18:52.306 [qtp781595164-99] DEBUG org.eclipse.jetty.io.ChannelEndPoint - doClose NetworkTrafficSocketChannelEndPoint@58513f94{/127.0.0.1:65022<->/127.0.0.1:8080,CLOSED,fill=FI,flush=-,to=52/30000}{io=1/1,kio=1,kro=1}->HttpConnection@17abc0d5[p=HttpParser{s=START,0 of -1},g=HttpGenerator@46d7e02b{s=START}]=>HttpChannelOverHttp@5696caee{s=HttpChannelState@52a954e4{s=IDLE rs=BLOCKING os=OPEN is=IDLE awp=false se=false i=true al=0},r=2,c=false/false,a=IDLE,uri=null,age=0}
13:18:52.306 [qtp781595164-99] DEBUG org.eclipse.jetty.io.FillInterest - onClose FillInterest@267693a5{AC.ReadCB@17abc0d5{HttpConnection@17abc0d5::NetworkTrafficSocketChannelEndPoint@58513f94{/127.0.0.1:65022<->/127.0.0.1:8080,CLOSED,fill=FI,flush=-,to=52/30000}{io=1/1,kio=-1,kro=-1}->HttpConnection@17abc0d5[p=HttpParser{s=START,0 of -1},g=HttpGenerator@46d7e02b{s=START}]=>HttpChannelOverHttp@5696caee{s=HttpChannelState@52a954e4{s=IDLE rs=BLOCKING os=OPEN is=IDLE awp=false se=false i=true al=0},r=2,c=false/false,a=IDLE,uri=null,age=0}}}
13:18:52.306 [qtp781595164-99] DEBUG org.eclipse.jetty.http.HttpParser - close HttpParser{s=START,0 of -1}
13:18:52.306 [qtp781595164-99] DEBUG org.eclipse.jetty.http.HttpParser - START --> CLOSE
13:18:52.306 [qtp781595164-99] DEBUG org.eclipse.jetty.io.AbstractConnection - HttpConnection@17abc0d5::NetworkTrafficSocketChannelEndPoint@58513f94{/127.0.0.1:65022<->/127.0.0.1:8080,CLOSED,fill=-,flush=-,to=52/30000}{io=1/1,kio=-1,kro=-1}->HttpConnection@17abc0d5[p=HttpParser{s=CLOSE,0 of -1},g=HttpGenerator@46d7e02b{s=START}]=>HttpChannelOverHttp@5696caee{s=HttpChannelState@52a954e4{s=IDLE rs=BLOCKING os=OPEN is=IDLE awp=false se=false i=true al=0},r=2,c=false/false,a=IDLE,uri=null,age=0} onFillInterestedFailed {}
13:18:52.306 [qtp781595164-99] DEBUG org.eclipse.jetty.io.ManagedSelector - Wakeup ManagedSelector@472b777f{STOPPING} id=0 keys=1 selected=0 updates=0
13:18:52.306 [qtp781595164-99] DEBUG org.eclipse.jetty.util.thread.QueuedThreadPool - queue org.eclipse.jetty.io.ManagedSelector$DestroyEndPoint@2bba0d60 startThread=0
13:18:52.306 [qtp781595164-99] DEBUG org.eclipse.jetty.io.ManagedSelector - updates 0
13:18:52.306 [qtp781595164-99] DEBUG org.eclipse.jetty.io.ManagedSelector - Selector sun.nio.ch.WindowsSelectorImpl@74793139 waiting with 1 keys
13:18:52.307 [qtp781595164-98] DEBUG org.eclipse.jetty.util.thread.QueuedThreadPool - run org.eclipse.jetty.io.ManagedSelector$DestroyEndPoint@2bba0d60 in QueuedThreadPool[qtp781595164]@2e96321c{STARTED,8<=8<=14,i=3,r=1,q=0}[ReservedThreadExecutor@5e1e7972{s=1/1,p=0}]
13:18:52.307 [reactor-http-nio-2] DEBUG reactor.netty.resources.PooledConnectionProvider - [id: 0xd4142ed4, L:/127.0.0.1:65022 ! R:localhost/127.0.0.1:8080] onStateChange(PooledConnection{channel=[id: 0xd4142ed4, L:/127.0.0.1:65022 ! R:localhost/127.0.0.1:8080]}, [disconnecting])
13:18:52.307 [Test worker] DEBUG org.eclipse.jetty.io.ManagedSelector - Queued change org.eclipse.jetty.io.ManagedSelector$StopSelector@d9f5bec on ManagedSelector@472b777f{STOPPING} id=0 keys=0 selected=0 updates=0
13:18:52.307 [Test worker] DEBUG org.eclipse.jetty.io.ManagedSelector - Wakeup on submit ManagedSelector@472b777f{STOPPING} id=0 keys=0 selected=0 updates=1
13:18:52.307 [qtp781595164-99] DEBUG org.eclipse.jetty.io.ManagedSelector - Selector sun.nio.ch.WindowsSelectorImpl@74793139 woken with none selected
13:18:52.307 [qtp781595164-98] DEBUG org.eclipse.jetty.io.ManagedSelector - Destroyed NetworkTrafficSocketChannelEndPoint@58513f94{/127.0.0.1:65022<->/127.0.0.1:8080,CLOSED,fill=-,flush=-,to=53/30000}{io=1/1,kio=-1,kro=-1}->HttpConnection@17abc0d5[p=HttpParser{s=CLOSE,0 of -1},g=HttpGenerator@46d7e02b{s=START}]=>HttpChannelOverHttp@5696caee{s=HttpChannelState@52a954e4{s=IDLE rs=BLOCKING os=OPEN is=IDLE awp=false se=false i=true al=0},r=2,c=false/false,a=IDLE,uri=null,age=0}
13:18:52.307 [qtp781595164-99] DEBUG org.eclipse.jetty.io.ManagedSelector - Selector sun.nio.ch.WindowsSelectorImpl@74793139 woken up from select, 0/0/0 selected
13:18:52.307 [qtp781595164-99] DEBUG org.eclipse.jetty.io.ManagedSelector - Selector sun.nio.ch.WindowsSelectorImpl@74793139 processing 0 keys, 1 updates
13:18:52.307 [qtp781595164-99] DEBUG org.eclipse.jetty.io.ManagedSelector - updateable 1
13:18:52.307 [qtp781595164-99] DEBUG org.eclipse.jetty.io.ManagedSelector - update org.eclipse.jetty.io.ManagedSelector$StopSelector@d9f5bec
13:18:52.307 [qtp781595164-98] DEBUG org.eclipse.jetty.io.AbstractConnection - onClose HttpConnection@17abc0d5::NetworkTrafficSocketChannelEndPoint@58513f94{/127.0.0.1:65022<->/127.0.0.1:8080,CLOSED,fill=-,flush=-,to=53/30000}{io=1/1,kio=-1,kro=-1}->HttpConnection@17abc0d5[p=HttpParser{s=CLOSE,0 of -1},g=HttpGenerator@46d7e02b{s=START}]=>HttpChannelOverHttp@5696caee{s=HttpChannelState@52a954e4{s=IDLE rs=BLOCKING os=OPEN is=IDLE awp=false se=false i=true al=0},r=2,c=false/false,a=IDLE,uri=null,age=0}
13:18:52.307 [qtp781595164-98] DEBUG org.eclipse.jetty.util.thread.QueuedThreadPool - ran org.eclipse.jetty.io.ManagedSelector$DestroyEndPoint@2bba0d60 in QueuedThreadPool[qtp781595164]@2e96321c{STARTED,8<=8<=14,i=3,r=1,q=0}[ReservedThreadExecutor@5e1e7972{s=1/1,p=0}]
13:18:52.307 [qtp781595164-99] DEBUG org.eclipse.jetty.io.ManagedSelector - updates 0
13:18:52.307 [qtp781595164-99] DEBUG org.eclipse.jetty.util.thread.ReservedThreadExecutor - ReservedThreadExecutor@5e1e7972{s=1/1,p=0}@1160f6ce size 1 > capacity
13:18:52.307 [qtp781595164-99] DEBUG org.eclipse.jetty.util.thread.QueuedThreadPool - ran ReservedThreadExecutor@5e1e7972{s=1/1,p=0}@1160f6ce in QueuedThreadPool[qtp781595164]@2e96321c{STARTED,8<=8<=14,i=4,r=1,q=0}[ReservedThreadExecutor@5e1e7972{s=1/1,p=0}]
13:18:52.307 [Test worker] DEBUG org.eclipse.jetty.util.component.AbstractLifeCycle - stopping EatWhatYouKill@5d488fc6/SelectorProducer@33e4dd16/IDLE/p=false/QueuedThreadPool[qtp781595164]@2e96321c{STARTED,8<=8<=14,i=4,r=1,q=0}[ReservedThreadExecutor@5e1e7972{s=1/1,p=0}][pc=0,pic=0,pec=0,epc=2]@2020-09-25T13:18:52.3074132+02:00
13:18:52.307 [Test worker] DEBUG org.eclipse.jetty.util.component.AbstractLifeCycle - STOPPED EatWhatYouKill@5d488fc6/SelectorProducer@33e4dd16/IDLE/p=false/QueuedThreadPool[qtp781595164]@2e96321c{STARTED,8<=8<=14,i=5,r=1,q=0}[ReservedThreadExecutor@5e1e7972{s=1/1,p=0}][pc=0,pic=0,pec=0,epc=2]@2020-09-25T13:18:52.3074132+02:00
13:18:52.307 [Test worker] DEBUG org.eclipse.jetty.util.component.AbstractLifeCycle - STOPPED ManagedSelector@472b777f{STOPPED} id=0 keys=-1 selected=-1 updates=0
13:18:52.308 [Test worker] DEBUG org.eclipse.jetty.util.component.AbstractLifeCycle - STOPPED SelectorManager@NetworkTrafficServerConnector@71b0284a{HTTP/1.1, (http/1.1)}{0.0.0.0:8080}
13:18:52.308 [Test worker] DEBUG org.eclipse.jetty.util.component.AbstractLifeCycle - stopping HttpConnectionFactory@1a1b53b8[HTTP/1.1]
13:18:52.308 [Test worker] DEBUG org.eclipse.jetty.util.component.AbstractLifeCycle - STOPPED HttpConnectionFactory@1a1b53b8[HTTP/1.1]
13:18:52.308 [Test worker] DEBUG org.eclipse.jetty.util.component.AbstractLifeCycle - stopping ScheduledExecutorScheduler@5710c372{STARTED}
13:18:52.308 [Test worker] DEBUG org.eclipse.jetty.util.component.AbstractLifeCycle - STOPPED ScheduledExecutorScheduler@5710c372{STOPPED}
13:18:52.308 [Test worker] INFO org.eclipse.jetty.server.AbstractConnector - Stopped NetworkTrafficServerConnector@71b0284a{HTTP/1.1, (http/1.1)}{0.0.0.0:8080}
13:18:52.308 [Test worker] DEBUG org.eclipse.jetty.util.component.AbstractLifeCycle - STOPPED NetworkTrafficServerConnector@71b0284a{HTTP/1.1, (http/1.1)}{0.0.0.0:8080}
13:18:52.308 [Test worker] DEBUG org.eclipse.jetty.server.handler.AbstractHandler - stopping Server@4a5d9b7d{STOPPING}[9.4.28.v20200408]
13:18:52.308 [Test worker] DEBUG org.eclipse.jetty.util.component.AbstractLifeCycle - stopping ErrorHandler@520eedf5{STARTED}
13:18:52.308 [Test worker] DEBUG org.eclipse.jetty.server.handler.AbstractHandler - stopping ErrorHandler@520eedf5{STOPPING}
13:18:52.308 [Test worker] DEBUG org.eclipse.jetty.util.component.AbstractLifeCycle - STOPPED ErrorHandler@520eedf5{STOPPED}
13:18:52.308 [Test worker] DEBUG org.eclipse.jetty.util.component.AbstractLifeCycle - stopping HandlerCollection@23bd82ac{STARTED}
13:18:52.308 [Test worker] DEBUG org.eclipse.jetty.server.handler.AbstractHandler - stopping HandlerCollection@23bd82ac{STOPPING}
13:18:52.308 [Test worker] DEBUG org.eclipse.jetty.util.component.AbstractLifeCycle - stopping GzipHandler@27e005aa{STARTED,min=32,inflate=-1}
13:18:52.308 [Test worker] DEBUG org.eclipse.jetty.server.handler.AbstractHandler - stopping GzipHandler@27e005aa{STOPPING,min=32,inflate=-1}
13:18:52.308 [Test worker] DEBUG org.eclipse.jetty.util.component.AbstractLifeCycle - stopping o.e.j.s.ServletContextHandler@6693b5e0{/,null,SHUTDOWN}
13:18:52.308 [Test worker] DEBUG org.eclipse.jetty.server.handler.AbstractHandler - stopping o.e.j.s.ServletContextHandler@6693b5e0{/,null,UNAVAILABLE}
13:18:52.308 [Test worker] DEBUG org.eclipse.jetty.util.component.AbstractLifeCycle - stopping NotFoundHandler@7daf20c9{STARTED}
13:18:52.308 [Test worker] DEBUG org.eclipse.jetty.server.handler.AbstractHandler - stopping NotFoundHandler@7daf20c9{STOPPING}
13:18:52.308 [Test worker] DEBUG org.eclipse.jetty.util.component.AbstractLifeCycle - STOPPED NotFoundHandler@7daf20c9{STOPPED}
13:18:52.308 [Test worker] DEBUG org.eclipse.jetty.util.component.AbstractLifeCycle - stopping ServletHandler@1011a8dc{STARTED}
13:18:52.308 [Test worker] DEBUG org.eclipse.jetty.server.handler.AbstractHandler - stopping ServletHandler@1011a8dc{STOPPING}
13:18:52.308 [Test worker] DEBUG org.eclipse.jetty.util.component.AbstractLifeCycle - stopping org.eclipse.jetty.servlets.CrossOriginFilter-271047ef@271047ef==org.eclipse.jetty.servlets.CrossOriginFilter,inst=true,async=true
13:18:52.308 [Test worker] DEBUG org.eclipse.jetty.util.component.AbstractLifeCycle - STOPPED org.eclipse.jetty.servlets.CrossOriginFilter-271047ef@271047ef==org.eclipse.jetty.servlets.CrossOriginFilter,inst=false,async=true
13:18:52.308 [Test worker] DEBUG org.eclipse.jetty.util.component.AbstractLifeCycle - stopping com.github.tomakehurst.wiremock.servlet.TrailingSlashFilter-7b20c517@7b20c517==com.github.tomakehurst.wiremock.servlet.TrailingSlashFilter,inst=true,async=true
13:18:52.308 [Test worker] DEBUG org.eclipse.jetty.util.component.AbstractLifeCycle - STOPPED com.github.tomakehurst.wiremock.servlet.TrailingSlashFilter-7b20c517@7b20c517==com.github.tomakehurst.wiremock.servlet.TrailingSlashFilter,inst=false,async=true
13:18:52.308 [Test worker] DEBUG org.eclipse.jetty.util.component.AbstractLifeCycle - stopping com.github.tomakehurst.wiremock.servlet.ContentTypeSettingFilter-606530e8@606530e8==com.github.tomakehurst.wiremock.servlet.ContentTypeSettingFilter,inst=true,async=true
13:18:52.308 [Test worker] DEBUG org.eclipse.jetty.util.component.AbstractLifeCycle - STOPPED com.github.tomakehurst.wiremock.servlet.ContentTypeSettingFilter-606530e8@606530e8==com.github.tomakehurst.wiremock.servlet.ContentTypeSettingFilter,inst=false,async=true
13:18:52.308 [Test worker] DEBUG org.eclipse.jetty.util.component.AbstractLifeCycle - stopping com.github.tomakehurst.wiremock.servlet.WireMockHandlerDispatchingServlet-442319ed@8f2342d6==com.github.tomakehurst.wiremock.servlet.WireMockHandlerDispatchingServlet,jsp=null,order=-1,inst=true,async=true
13:18:52.308 [Test worker] DEBUG org.eclipse.jetty.util.component.AbstractLifeCycle - STOPPED com.github.tomakehurst.wiremock.servlet.WireMockHandlerDispatchingServlet-442319ed@8f2342d6==com.github.tomakehurst.wiremock.servlet.WireMockHandlerDispatchingServlet,jsp=null,order=-1,inst=false,async=true
13:18:52.308 [Test worker] DEBUG org.eclipse.jetty.util.component.AbstractLifeCycle - stopping org.eclipse.jetty.servlet.DefaultServlet-3fe49744@75a3d67f==org.eclipse.jetty.servlet.DefaultServlet,jsp=null,order=-1,inst=false,async=true
13:18:52.308 [Test worker] DEBUG org.eclipse.jetty.util.component.AbstractLifeCycle - STOPPED org.eclipse.jetty.servlet.DefaultServlet-3fe49744@75a3d67f==org.eclipse.jetty.servlet.DefaultServlet,jsp=null,order=-1,inst=false,async=true
13:18:52.308 [Test worker] DEBUG org.eclipse.jetty.util.component.AbstractLifeCycle - STOPPED ServletHandler@1011a8dc{STOPPED}
13:18:52.309 [Test worker] INFO org.eclipse.jetty.server.handler.ContextHandler - Stopped o.e.j.s.ServletContextHandler@6693b5e0{/,null,UNAVAILABLE}
13:18:52.309 [Test worker] DEBUG org.eclipse.jetty.util.component.AbstractLifeCycle - STOPPED o.e.j.s.ServletContextHandler@6693b5e0{/,null,UNAVAILABLE}
13:18:52.309 [Test worker] DEBUG org.eclipse.jetty.util.component.AbstractLifeCycle - STOPPED GzipHandler@27e005aa{STOPPED,min=32,inflate=-1}
13:18:52.309 [Test worker] DEBUG org.eclipse.jetty.util.component.AbstractLifeCycle - stopping o.e.j.s.ServletContextHandler@365484f9{/__admin,null,SHUTDOWN}
13:18:52.309 [Test worker] DEBUG org.eclipse.jetty.server.handler.AbstractHandler - stopping o.e.j.s.ServletContextHandler@365484f9{/__admin,null,UNAVAILABLE}
13:18:52.309 [Test worker] DEBUG org.eclipse.jetty.util.component.AbstractLifeCycle - stopping ServletHandler@178c58fa{STARTED}
13:18:52.309 [Test worker] DEBUG org.eclipse.jetty.server.handler.AbstractHandler - stopping ServletHandler@178c58fa{STOPPING}
13:18:52.309 [Test worker] DEBUG org.eclipse.jetty.util.component.AbstractLifeCycle - stopping org.eclipse.jetty.servlets.CrossOriginFilter-27a10f7d@27a10f7d==org.eclipse.jetty.servlets.CrossOriginFilter,inst=true,async=true
13:18:52.309 [Test worker] DEBUG org.eclipse.jetty.util.component.AbstractLifeCycle - STOPPED org.eclipse.jetty.servlets.CrossOriginFilter-27a10f7d@27a10f7d==org.eclipse.jetty.servlets.CrossOriginFilter,inst=false,async=true
13:18:52.309 [Test worker] DEBUG org.eclipse.jetty.util.component.AbstractLifeCycle - stopping com.github.tomakehurst.wiremock.servlet.WireMockHandlerDispatchingServlet-521fd64c@8e68ed01==com.github.tomakehurst.wiremock.servlet.WireMockHandlerDispatchingServlet,jsp=null,order=-1,inst=true,async=true
13:18:52.309 [Test worker] DEBUG org.eclipse.jetty.util.component.AbstractLifeCycle - STOPPED com.github.tomakehurst.wiremock.servlet.WireMockHandlerDispatchingServlet-521fd64c@8e68ed01==com.github.tomakehurst.wiremock.servlet.WireMockHandlerDispatchingServlet,jsp=null,order=-1,inst=false,async=true
13:18:52.309 [Test worker] DEBUG org.eclipse.jetty.util.component.AbstractLifeCycle - stopping org.eclipse.jetty.servlet.DefaultServlet-247fc4d2@6d1fd3af==org.eclipse.jetty.servlet.DefaultServlet,jsp=null,order=-1,inst=false,async=true
13:18:52.309 [Test worker] DEBUG org.eclipse.jetty.util.component.AbstractLifeCycle - STOPPED org.eclipse.jetty.servlet.DefaultServlet-247fc4d2@6d1fd3af==org.eclipse.jetty.servlet.DefaultServlet,jsp=null,order=-1,inst=false,async=true
13:18:52.309 [Test worker] DEBUG org.eclipse.jetty.util.component.AbstractLifeCycle - stopping org.eclipse.jetty.servlet.DefaultServlet-361eeda4@3483e868==org.eclipse.jetty.servlet.DefaultServlet,jsp=null,order=-1,inst=false,async=true
13:18:52.309 [Test worker] DEBUG org.eclipse.jetty.util.component.AbstractLifeCycle - STOPPED org.eclipse.jetty.servlet.DefaultServlet-361eeda4@3483e868==org.eclipse.jetty.servlet.DefaultServlet,jsp=null,order=-1,inst=false,async=true
13:18:52.309 [Test worker] DEBUG org.eclipse.jetty.util.component.AbstractLifeCycle - STOPPED ServletHandler@178c58fa{STOPPED}
13:18:52.309 [Test worker] INFO org.eclipse.jetty.server.handler.ContextHandler - Stopped o.e.j.s.ServletContextHandler@365484f9{/__admin,null,UNAVAILABLE}
13:18:52.309 [Test worker] DEBUG org.eclipse.jetty.util.component.AbstractLifeCycle - STOPPED o.e.j.s.ServletContextHandler@365484f9{/__admin,null,UNAVAILABLE}
13:18:52.309 [Test worker] DEBUG org.eclipse.jetty.util.component.AbstractLifeCycle - STOPPED HandlerCollection@23bd82ac{STOPPED}
13:18:52.309 [Test worker] DEBUG org.eclipse.jetty.util.component.AbstractLifeCycle - stopping QueuedThreadPool[qtp781595164]@2e96321c{STARTED,8<=8<=14,i=5,r=1,q=0}[ReservedThreadExecutor@5e1e7972{s=1/1,p=0}]
13:18:52.309 [Test worker] DEBUG org.eclipse.jetty.util.thread.QueuedThreadPool - Stopping QueuedThreadPool[qtp781595164]@2e96321c{STOPPING,8<=8<=14,i=5,r=-1,q=0}[ReservedThreadExecutor@5e1e7972{s=1/1,p=0}]
13:18:52.309 [Test worker] DEBUG org.eclipse.jetty.util.component.AbstractLifeCycle - stopping ReservedThreadExecutor@5e1e7972{s=1/1,p=0}
13:18:52.309 [Test worker] DEBUG org.eclipse.jetty.util.thread.ReservedThreadExecutor - ReservedThreadExecutor@5e1e7972{s=0/1,p=0}@8b04115 offer STOP!
13:18:52.309 [Test worker] DEBUG org.eclipse.jetty.util.component.AbstractLifeCycle - STOPPED ReservedThreadExecutor@5e1e7972{s=-1/1,p=0}
13:18:52.309 [qtp781595164-97] DEBUG org.eclipse.jetty.util.thread.ReservedThreadExecutor - ReservedThreadExecutor@5e1e7972{s=-1/1,p=0}@8b04115 task=STOP!
13:18:52.309 [qtp781595164-97] DEBUG org.eclipse.jetty.util.thread.ReservedThreadExecutor - ReservedThreadExecutor@5e1e7972{s=-1/1,p=0}@8b04115 Exited
13:18:52.309 [Test worker] DEBUG org.eclipse.jetty.util.component.AbstractLifeCycle - STOPPED QueuedThreadPool[qtp781595164]@2e96321c{STOPPED,8<=0<=14,i=5,r=-1,q=0}[NO_TRY]
13:18:52.309 [qtp781595164-97] DEBUG org.eclipse.jetty.util.thread.QueuedThreadPool - ran ReservedThreadExecutor@5e1e7972{s=-1/1,p=0}@8b04115 in QueuedThreadPool[qtp781595164]@2e96321c{STOPPED,8<=0<=14,i=5,r=-1,q=0}[NO_TRY]
13:18:52.309 [Test worker] DEBUG org.eclipse.jetty.util.component.AbstractLifeCycle - STOPPED Server@4a5d9b7d{STOPPED}[9.4.28.v20200408]
13:18:52.309 [qtp781595164-97] DEBUG org.eclipse.jetty.util.thread.QueuedThreadPool - Thread[qtp781595164-97,5,main] exited for QueuedThreadPool[qtp781595164]@2e96321c{STOPPED,8<=0<=14,i=5,r=-1,q=0}[NO_TRY]
]]></system-out>
  <system-err><![CDATA[]]></system-err>
</testsuite>
