<?xml version="1.0" encoding="UTF-8"?>
<testsuite name="com.bi.edp.configuration_stack.adapter.client.forwarder.ForwarderClientTest" tests="5" skipped="0" failures="0" errors="0" timestamp="2020-09-25T11:18:52" hostname="WKS0000621516" time="24.857">
  <properties/>
  <testcase name="EDPP214 Build component does login and retry after receiving unauthorized" classname="com.bi.edp.configuration_stack.adapter.client.forwarder.ForwarderClientTest" time="1.823"/>
  <testcase name="EDPP214 Get build status does login and retry after receiving unauthorized" classname="com.bi.edp.configuration_stack.adapter.client.forwarder.ForwarderClientTest" time="2.252"/>
  <testcase name="EDPP210 When getBuildStatus returns a timeout, the client retries the call" classname="com.bi.edp.configuration_stack.adapter.client.forwarder.ForwarderClientTest" time="10.927"/>
  <testcase name="EDPP210 When Build component returns a timeout, the client retries the call" classname="com.bi.edp.configuration_stack.adapter.client.forwarder.ForwarderClientTest" time="9.265"/>
  <testcase name="EDPP229 EDPP240 EDPP287 should delete component" classname="com.bi.edp.configuration_stack.adapter.client.forwarder.ForwarderClientTest" time="0.589"/>
  <system-out><![CDATA[13:18:52.354 [qtp781595164-96] DEBUG org.eclipse.jetty.util.thread.QueuedThreadPool - ran qtp781595164-96-acceptor-2@1c4b627c-NetworkTrafficServerConnector@71b0284a{HTTP/1.1, (http/1.1)}{0.0.0.0:8080} in QueuedThreadPool[qtp781595164]@2e96321c{STOPPED,8<=0<=14,i=5,r=-1,q=0}[NO_TRY]
13:18:52.354 [qtp781595164-96] DEBUG org.eclipse.jetty.util.thread.QueuedThreadPool - Thread[qtp781595164-96,5,main] exited for QueuedThreadPool[qtp781595164]@2e96321c{STOPPED,8<=0<=14,i=5,r=-1,q=0}[NO_TRY]
13:18:52.355 [qtp781595164-94] DEBUG org.eclipse.jetty.util.thread.QueuedThreadPool - ran qtp781595164-94-acceptor-0@18c19611-NetworkTrafficServerConnector@71b0284a{HTTP/1.1, (http/1.1)}{0.0.0.0:8080} in QueuedThreadPool[qtp781595164]@2e96321c{STOPPED,8<=0<=14,i=5,r=-1,q=0}[NO_TRY]
13:18:52.355 [qtp781595164-94] DEBUG org.eclipse.jetty.util.thread.QueuedThreadPool - Thread[qtp781595164-94,5,main] exited for QueuedThreadPool[qtp781595164]@2e96321c{STOPPED,8<=0<=14,i=5,r=-1,q=0}[NO_TRY]
13:18:52.368 [Test worker] DEBUG org.eclipse.jetty.util.component.ContainerLifeCycle - Server@1f5c4676{STOPPED}[9.4.28.v20200408] added {QueuedThreadPool[qtp1044854934]@3e473896{STOPPED,8<=0<=14,i=0,r=-1,q=0}[NO_TRY],AUTO}
13:18:52.368 [Test worker] DEBUG org.eclipse.jetty.util.component.ContainerLifeCycle - HttpConnectionFactory@54aceb1b[HTTP/1.1] added {HttpConfiguration@3f22644b{32768/8192,8192/8192,https://:0,[]},POJO}
13:18:52.368 [Test worker] DEBUG org.eclipse.jetty.util.component.ContainerLifeCycle - NetworkTrafficServerConnector@382678b1{null, ()}{0.0.0.0:0} added {Server@1f5c4676{STOPPED}[9.4.28.v20200408],UNMANAGED}
13:18:52.368 [Test worker] DEBUG org.eclipse.jetty.util.component.ContainerLifeCycle - NetworkTrafficServerConnector@382678b1{null, ()}{0.0.0.0:0} added {QueuedThreadPool[qtp1044854934]@3e473896{STOPPED,8<=0<=14,i=0,r=-1,q=0}[NO_TRY],AUTO}
13:18:52.368 [Test worker] DEBUG org.eclipse.jetty.util.component.ContainerLifeCycle - NetworkTrafficServerConnector@382678b1{null, ()}{0.0.0.0:0} added {ScheduledExecutorScheduler@45b4e635{STOPPED},AUTO}
13:18:52.369 [Test worker] DEBUG org.eclipse.jetty.util.component.ContainerLifeCycle - NetworkTrafficServerConnector@382678b1{null, ()}{0.0.0.0:0} added {org.eclipse.jetty.io.ArrayByteBufferPool@767339ab,POJO}
13:18:52.369 [Test worker] DEBUG org.eclipse.jetty.util.component.ContainerLifeCycle - NetworkTrafficServerConnector@382678b1{null, (http/1.1)}{0.0.0.0:0} added {HttpConnectionFactory@54aceb1b[HTTP/1.1],AUTO}
13:18:52.369 [Test worker] DEBUG org.eclipse.jetty.server.AbstractConnector - NetworkTrafficServerConnector@382678b1{HTTP/1.1, (http/1.1)}{0.0.0.0:0} added HttpConnectionFactory@54aceb1b[HTTP/1.1]
13:18:52.369 [Test worker] DEBUG org.eclipse.jetty.util.component.ContainerLifeCycle - NetworkTrafficServerConnector@382678b1{HTTP/1.1, (http/1.1)}{0.0.0.0:0} added {SelectorManager@NetworkTrafficServerConnector@382678b1{HTTP/1.1, (http/1.1)}{0.0.0.0:0},MANAGED}
13:18:52.369 [Test worker] DEBUG org.eclipse.jetty.util.component.ContainerLifeCycle - Server@1f5c4676{STOPPED}[9.4.28.v20200408] added {NetworkTrafficServerConnector@382678b1{HTTP/1.1, (http/1.1)}{0.0.0.0:8080},AUTO}
13:18:52.370 [Test worker] DEBUG org.eclipse.jetty.util.component.ContainerLifeCycle - Server@1f5c4676{STOPPED}[9.4.28.v20200408] added {o.e.j.s.ServletContextHandler@5adf1b12{/__admin,null,UNAVAILABLE},MANAGED}
13:18:52.370 [Test worker] DEBUG org.eclipse.jetty.util.DecoratedObjectFactory - Adding Decorator: org.eclipse.jetty.util.DeprecationWarning@51370308
13:18:52.370 [Test worker] DEBUG org.eclipse.jetty.util.component.ContainerLifeCycle - o.e.j.s.ServletContextHandler@5adf1b12{/__admin,null,UNAVAILABLE} added {ServletHandler@33d0c255{STOPPED},MANAGED}
13:18:52.371 [Test worker] DEBUG org.eclipse.jetty.util.component.ContainerLifeCycle - Server@1f5c4676{STOPPED}[9.4.28.v20200408] added {o.e.j.s.ServletContextHandler@769fbc24{/,null,UNAVAILABLE},MANAGED}
13:18:52.371 [Test worker] DEBUG org.eclipse.jetty.util.DecoratedObjectFactory - Adding Decorator: org.eclipse.jetty.util.DeprecationWarning@2c069d77
13:18:52.371 [Test worker] DEBUG org.eclipse.jetty.util.component.ContainerLifeCycle - o.e.j.s.ServletContextHandler@769fbc24{/,null,UNAVAILABLE} added {ServletHandler@2c1f7663{STOPPED},MANAGED}
13:18:52.371 [Test worker] DEBUG org.eclipse.jetty.util.component.ContainerLifeCycle - o.e.j.s.ServletContextHandler@769fbc24{/,null,UNAVAILABLE} added {NotFoundHandler@37afa511{STOPPED},MANAGED}
13:18:52.371 [Test worker] DEBUG org.eclipse.jetty.util.component.ContainerLifeCycle - HandlerCollection@ef98260{STOPPED} added {o.e.j.s.ServletContextHandler@5adf1b12{/__admin,null,UNAVAILABLE},AUTO}
13:18:52.372 [Test worker] DEBUG org.eclipse.jetty.http.pathmap.PathMappings - Added MappedResource[pathSpec=ServletPathSpec["*.svgz",pathDepth=0,group=SUFFIX_GLOB],resource=true] to PathMappings[size=1]
13:18:52.372 [Test worker] DEBUG org.eclipse.jetty.server.handler.gzip.GzipHandler - GzipHandler@4d61717f{STOPPED,min=32,inflate=-1} mime types IncludeExclude@4db4ad93{i=[],ip=CONTAINS,e=[image/ief, image/vnd.wap.wbmp, image/jpeg, application/bzip2, image/x-portable-graymap, application/brotli, image/bmp, image/gif, image/x-icon, audio/midi, video/x-msvideo, image/x-xbitmap, application/x-rar-compressed, image/x-portable-bitmap, image/x-rgb, image/x-cmu-raster, application/gzip, audio/x-wav, audio/x-pn-realaudio, audio/basic, application/compress, audio/x-aiff, video/x.ms.asx, video/x.ms.asf, image/png, video/vnd.rn-realvideo, image/x-xwindowdump, image/jpeg2000, video/x-sgi-movie, audio/mpeg, image/xcf, video/mpeg, image/x-portable-pixmap, image/tiff, image/x-portable-anymap, image/x-xpixmap, application/zip, video/quicktime, application/x-xz, video/mp4],ep=CONTAINS}
13:18:52.373 [Test worker] DEBUG org.eclipse.jetty.util.component.ContainerLifeCycle - GzipHandler@4d61717f{STOPPED,min=32,inflate=-1} added {o.e.j.s.ServletContextHandler@769fbc24{/,null,UNAVAILABLE},MANAGED}
13:18:52.373 [Test worker] DEBUG org.eclipse.jetty.util.component.ContainerLifeCycle - HandlerCollection@ef98260{STOPPED} added {GzipHandler@4d61717f{STOPPED,min=32,inflate=-1},AUTO}
13:18:52.373 [Test worker] DEBUG org.eclipse.jetty.util.component.ContainerLifeCycle - Server@1f5c4676{STOPPED}[9.4.28.v20200408] added {HandlerCollection@ef98260{STOPPED},MANAGED}
13:18:52.373 [Test worker] DEBUG org.eclipse.jetty.util.component.AbstractLifeCycle - starting Server@1f5c4676{STOPPED}[9.4.28.v20200408]
13:18:52.373 [Test worker] DEBUG org.eclipse.jetty.util.component.ContainerLifeCycle - Server@1f5c4676{STARTING}[9.4.28.v20200408] added {ErrorHandler@2863660f{STOPPED},AUTO}
13:18:52.373 [Test worker] INFO org.eclipse.jetty.server.Server - jetty-9.4.28.v20200408; built: 2020-04-08T17:49:39.557Z; git: ab228fde9e55e9164c738d7fa121f8ac5acd51c9; jvm 11.0.2+9
13:18:52.373 [Test worker] DEBUG org.eclipse.jetty.server.handler.AbstractHandler - starting Server@1f5c4676{STARTING}[9.4.28.v20200408]
13:18:52.373 [Test worker] DEBUG org.eclipse.jetty.util.component.AbstractLifeCycle - starting QueuedThreadPool[qtp1044854934]@3e473896{STOPPED,8<=0<=14,i=0,r=-1,q=0}[NO_TRY]
13:18:52.373 [Test worker] DEBUG org.eclipse.jetty.util.thread.ReservedThreadExecutor - ReservedThreadExecutor@6a4b1be1{s=0/1,p=0}
13:18:52.373 [Test worker] DEBUG org.eclipse.jetty.util.component.ContainerLifeCycle - QueuedThreadPool[qtp1044854934]@3e473896{STARTING,8<=0<=14,i=0,r=-1,q=0}[ReservedThreadExecutor@6a4b1be1{s=0/1,p=0}] added {ReservedThreadExecutor@6a4b1be1{s=0/1,p=0},AUTO}
13:18:52.373 [Test worker] DEBUG org.eclipse.jetty.util.component.AbstractLifeCycle - starting ReservedThreadExecutor@6a4b1be1{s=0/1,p=0}
13:18:52.373 [Test worker] DEBUG org.eclipse.jetty.util.component.AbstractLifeCycle - STARTED @83935ms ReservedThreadExecutor@6a4b1be1{s=0/1,p=0}
13:18:52.374 [Test worker] DEBUG org.eclipse.jetty.util.thread.QueuedThreadPool - Starting Thread[qtp1044854934-101,5,main]
13:18:52.374 [Test worker] DEBUG org.eclipse.jetty.util.thread.QueuedThreadPool - Starting Thread[qtp1044854934-102,5,main]
13:18:52.374 [Test worker] DEBUG org.eclipse.jetty.util.thread.QueuedThreadPool - Starting Thread[qtp1044854934-103,5,main]
13:18:52.375 [Test worker] DEBUG org.eclipse.jetty.util.thread.QueuedThreadPool - Starting Thread[qtp1044854934-104,5,main]
13:18:52.375 [Test worker] DEBUG org.eclipse.jetty.util.thread.QueuedThreadPool - Starting Thread[qtp1044854934-105,5,main]
13:18:52.375 [Test worker] DEBUG org.eclipse.jetty.util.thread.QueuedThreadPool - Starting Thread[qtp1044854934-106,5,main]
13:18:52.375 [Test worker] DEBUG org.eclipse.jetty.util.thread.QueuedThreadPool - Starting Thread[qtp1044854934-107,5,main]
13:18:52.376 [Test worker] DEBUG org.eclipse.jetty.util.thread.QueuedThreadPool - Starting Thread[qtp1044854934-108,5,main]
13:18:52.376 [Test worker] DEBUG org.eclipse.jetty.util.component.AbstractLifeCycle - STARTED @83938ms QueuedThreadPool[qtp1044854934]@3e473896{STARTED,8<=8<=14,i=8,r=1,q=0}[ReservedThreadExecutor@6a4b1be1{s=0/1,p=0}]
13:18:52.376 [Test worker] DEBUG org.eclipse.jetty.util.component.AbstractLifeCycle - starting HandlerCollection@ef98260{STOPPED}
13:18:52.376 [Test worker] DEBUG org.eclipse.jetty.server.handler.AbstractHandler - starting HandlerCollection@ef98260{STARTING}
13:18:52.376 [Test worker] DEBUG org.eclipse.jetty.util.component.AbstractLifeCycle - starting o.e.j.s.ServletContextHandler@5adf1b12{/__admin,null,UNAVAILABLE}
13:18:52.376 [Test worker] DEBUG org.eclipse.jetty.server.handler.AbstractHandler - starting o.e.j.s.ServletContextHandler@5adf1b12{/__admin,null,STARTING}
13:18:52.376 [Test worker] DEBUG org.eclipse.jetty.util.component.AbstractLifeCycle - starting ServletHandler@33d0c255{STOPPED}
13:18:52.376 [Test worker] DEBUG org.eclipse.jetty.servlet.ServletHandler - Path=/recorder/*[EMBEDDED:null] mapped to servlet=org.eclipse.jetty.servlet.DefaultServlet-7ea49cfc[EMBEDDED:null]
13:18:52.376 [Test worker] DEBUG org.eclipse.jetty.http.pathmap.PathMappings - Added MappedResource[pathSpec=ServletPathSpec["/recorder/*",pathDepth=2,group=PREFIX_GLOB],resource=org.eclipse.jetty.servlet.DefaultServlet-7ea49cfc@d96f97a7==org.eclipse.jetty.servlet.DefaultServlet,jsp=null,order=-1,inst=false,async=true] to PathMappings[size=1]
13:18:52.376 [Test worker] DEBUG org.eclipse.jetty.servlet.ServletHandler - Path=/swagger-ui/*[EMBEDDED:null] mapped to servlet=org.eclipse.jetty.servlet.DefaultServlet-5c011be5[EMBEDDED:null]
13:18:52.376 [Test worker] DEBUG org.eclipse.jetty.http.pathmap.PathMappings - Added MappedResource[pathSpec=ServletPathSpec["/swagger-ui/*",pathDepth=2,group=PREFIX_GLOB],resource=org.eclipse.jetty.servlet.DefaultServlet-5c011be5@4c15636f==org.eclipse.jetty.servlet.DefaultServlet,jsp=null,order=-1,inst=false,async=true] to PathMappings[size=2]
13:18:52.376 [Test worker] DEBUG org.eclipse.jetty.servlet.ServletHandler - Path=/[EMBEDDED:null] mapped to servlet=com.github.tomakehurst.wiremock.servlet.WireMockHandlerDispatchingServlet-1762ef63[EMBEDDED:null]
13:18:52.376 [Test worker] DEBUG org.eclipse.jetty.http.pathmap.PathMappings - Added MappedResource[pathSpec=ServletPathSpec["/",pathDepth=-1,group=DEFAULT],resource=com.github.tomakehurst.wiremock.servlet.WireMockHandlerDispatchingServlet-1762ef63@fd0fff4e==com.github.tomakehurst.wiremock.servlet.WireMockHandlerDispatchingServlet,jsp=null,order=-1,inst=false,async=true] to PathMappings[size=3]
13:18:52.376 [Test worker] DEBUG org.eclipse.jetty.servlet.ServletHandler - filterNameMap={org.eclipse.jetty.servlets.CrossOriginFilter-221545b0=org.eclipse.jetty.servlets.CrossOriginFilter-221545b0@221545b0==org.eclipse.jetty.servlets.CrossOriginFilter,inst=false,async=true}
13:18:52.377 [Test worker] DEBUG org.eclipse.jetty.servlet.ServletHandler - pathFilters=[[/*]/[]/[REQUEST]=>org.eclipse.jetty.servlets.CrossOriginFilter-221545b0]
13:18:52.377 [Test worker] DEBUG org.eclipse.jetty.servlet.ServletHandler - servletFilterMap={}
13:18:52.377 [Test worker] DEBUG org.eclipse.jetty.servlet.ServletHandler - servletPathMap=PathMappings[size=3]
13:18:52.377 [Test worker] DEBUG org.eclipse.jetty.servlet.ServletHandler - servletNameMap={com.github.tomakehurst.wiremock.servlet.WireMockHandlerDispatchingServlet-1762ef63=com.github.tomakehurst.wiremock.servlet.WireMockHandlerDispatchingServlet-1762ef63@fd0fff4e==com.github.tomakehurst.wiremock.servlet.WireMockHandlerDispatchingServlet,jsp=null,order=-1,inst=false,async=true, org.eclipse.jetty.servlet.DefaultServlet-7ea49cfc=org.eclipse.jetty.servlet.DefaultServlet-7ea49cfc@d96f97a7==org.eclipse.jetty.servlet.DefaultServlet,jsp=null,order=-1,inst=false,async=true, org.eclipse.jetty.servlet.DefaultServlet-5c011be5=org.eclipse.jetty.servlet.DefaultServlet-5c011be5@4c15636f==org.eclipse.jetty.servlet.DefaultServlet,jsp=null,order=-1,inst=false,async=true}
13:18:52.377 [Test worker] DEBUG org.eclipse.jetty.server.handler.AbstractHandler - starting ServletHandler@33d0c255{STARTING}
13:18:52.377 [Test worker] DEBUG org.eclipse.jetty.util.component.AbstractLifeCycle - STARTED @83938ms ServletHandler@33d0c255{STARTED}
13:18:52.377 [Test worker] DEBUG org.eclipse.jetty.util.component.AbstractLifeCycle - starting org.eclipse.jetty.servlets.CrossOriginFilter-221545b0@221545b0==org.eclipse.jetty.servlets.CrossOriginFilter,inst=false,async=true
13:18:52.377 [Test worker] DEBUG org.eclipse.jetty.util.component.AbstractLifeCycle - STARTED @83939ms org.eclipse.jetty.servlets.CrossOriginFilter-221545b0@221545b0==org.eclipse.jetty.servlets.CrossOriginFilter,inst=false,async=true
13:18:52.377 [Test worker] DEBUG org.eclipse.jetty.servlet.FilterHolder - Filter.init org.eclipse.jetty.servlets.CrossOriginFilter@22ae0717
13:18:52.377 [Test worker] DEBUG org.eclipse.jetty.servlets.CrossOriginFilter - Cross-origin filter configuration: allowedOrigins = *, allowedTimingOrigins = null, allowedMethods = OPTIONS,GET,POST,PUT,PATCH,DELETE, allowedHeaders = *, preflightMaxAge = 1800, allowCredentials = true,exposedHeaders = ,chainPreflight = false
13:18:52.377 [Test worker] DEBUG org.eclipse.jetty.util.component.AbstractLifeCycle - starting com.github.tomakehurst.wiremock.servlet.WireMockHandlerDispatchingServlet-1762ef63@fd0fff4e==com.github.tomakehurst.wiremock.servlet.WireMockHandlerDispatchingServlet,jsp=null,order=-1,inst=false,async=true
13:18:52.377 [Test worker] DEBUG org.eclipse.jetty.util.component.AbstractLifeCycle - STARTED @83939ms com.github.tomakehurst.wiremock.servlet.WireMockHandlerDispatchingServlet-1762ef63@fd0fff4e==com.github.tomakehurst.wiremock.servlet.WireMockHandlerDispatchingServlet,jsp=null,order=-1,inst=false,async=true
13:18:52.377 [Test worker] DEBUG org.eclipse.jetty.util.component.AbstractLifeCycle - starting org.eclipse.jetty.servlet.DefaultServlet-5c011be5@4c15636f==org.eclipse.jetty.servlet.DefaultServlet,jsp=null,order=-1,inst=false,async=true
13:18:52.377 [Test worker] DEBUG org.eclipse.jetty.util.component.AbstractLifeCycle - STARTED @83939ms org.eclipse.jetty.servlet.DefaultServlet-5c011be5@4c15636f==org.eclipse.jetty.servlet.DefaultServlet,jsp=null,order=-1,inst=false,async=true
13:18:52.377 [Test worker] DEBUG org.eclipse.jetty.util.component.AbstractLifeCycle - starting org.eclipse.jetty.servlet.DefaultServlet-7ea49cfc@d96f97a7==org.eclipse.jetty.servlet.DefaultServlet,jsp=null,order=-1,inst=false,async=true
13:18:52.377 [Test worker] DEBUG org.eclipse.jetty.util.component.AbstractLifeCycle - STARTED @83939ms org.eclipse.jetty.servlet.DefaultServlet-7ea49cfc@d96f97a7==org.eclipse.jetty.servlet.DefaultServlet,jsp=null,order=-1,inst=false,async=true
13:18:52.377 [Test worker] INFO org.eclipse.jetty.server.handler.ContextHandler - Started o.e.j.s.ServletContextHandler@5adf1b12{/__admin,null,AVAILABLE}
13:18:52.377 [Test worker] DEBUG org.eclipse.jetty.util.component.AbstractLifeCycle - STARTED @83939ms o.e.j.s.ServletContextHandler@5adf1b12{/__admin,null,AVAILABLE}
13:18:52.377 [Test worker] DEBUG org.eclipse.jetty.util.component.AbstractLifeCycle - starting GzipHandler@4d61717f{STOPPED,min=32,inflate=-1}
13:18:52.377 [Test worker] DEBUG org.eclipse.jetty.server.handler.AbstractHandler - starting GzipHandler@4d61717f{STARTING,min=32,inflate=-1}
13:18:52.377 [Test worker] DEBUG org.eclipse.jetty.util.component.AbstractLifeCycle - starting o.e.j.s.ServletContextHandler@769fbc24{/,null,UNAVAILABLE}
13:18:52.377 [Test worker] DEBUG org.eclipse.jetty.server.handler.AbstractHandler - starting o.e.j.s.ServletContextHandler@769fbc24{/,null,STARTING}
13:18:52.378 [Test worker] DEBUG org.eclipse.jetty.util.component.AbstractLifeCycle - starting ServletHandler@2c1f7663{STOPPED}
13:18:52.378 [Test worker] DEBUG org.eclipse.jetty.servlet.ServletHandler - Path=/__files/*[EMBEDDED:null] mapped to servlet=org.eclipse.jetty.servlet.DefaultServlet-242f8e95[EMBEDDED:null]
13:18:52.378 [Test worker] DEBUG org.eclipse.jetty.http.pathmap.PathMappings - Added MappedResource[pathSpec=ServletPathSpec["/__files/*",pathDepth=2,group=PREFIX_GLOB],resource=org.eclipse.jetty.servlet.DefaultServlet-242f8e95@6484bf5e==org.eclipse.jetty.servlet.DefaultServlet,jsp=null,order=-1,inst=false,async=true] to PathMappings[size=1]
13:18:52.378 [Test worker] DEBUG org.eclipse.jetty.servlet.ServletHandler - Path=/[EMBEDDED:null] mapped to servlet=com.github.tomakehurst.wiremock.servlet.WireMockHandlerDispatchingServlet-2f5a68a8[EMBEDDED:null]
13:18:52.378 [Test worker] DEBUG org.eclipse.jetty.http.pathmap.PathMappings - Added MappedResource[pathSpec=ServletPathSpec["/",pathDepth=-1,group=DEFAULT],resource=com.github.tomakehurst.wiremock.servlet.WireMockHandlerDispatchingServlet-2f5a68a8@1c018047==com.github.tomakehurst.wiremock.servlet.WireMockHandlerDispatchingServlet,jsp=null,order=-1,inst=false,async=true] to PathMappings[size=2]
13:18:52.378 [Test worker] DEBUG org.eclipse.jetty.servlet.ServletHandler - filterNameMap={com.github.tomakehurst.wiremock.servlet.ContentTypeSettingFilter-60d461e9=com.github.tomakehurst.wiremock.servlet.ContentTypeSettingFilter-60d461e9@60d461e9==com.github.tomakehurst.wiremock.servlet.ContentTypeSettingFilter,inst=false,async=true, org.eclipse.jetty.servlets.CrossOriginFilter-443420da=org.eclipse.jetty.servlets.CrossOriginFilter-443420da@443420da==org.eclipse.jetty.servlets.CrossOriginFilter,inst=false,async=true, com.github.tomakehurst.wiremock.servlet.TrailingSlashFilter-38d70040=com.github.tomakehurst.wiremock.servlet.TrailingSlashFilter-38d70040@38d70040==com.github.tomakehurst.wiremock.servlet.TrailingSlashFilter,inst=false,async=true}
13:18:52.378 [Test worker] DEBUG org.eclipse.jetty.servlet.ServletHandler - pathFilters=[[/__files/*]/[]/[FORWARD]=>com.github.tomakehurst.wiremock.servlet.ContentTypeSettingFilter-60d461e9, [/__files/*]/[]/[FORWARD, ERROR, INCLUDE, REQUEST, ASYNC]=>com.github.tomakehurst.wiremock.servlet.TrailingSlashFilter-38d70040, [/*]/[]/[REQUEST]=>org.eclipse.jetty.servlets.CrossOriginFilter-443420da]
13:18:52.378 [Test worker] DEBUG org.eclipse.jetty.servlet.ServletHandler - servletFilterMap={}
13:18:52.378 [Test worker] DEBUG org.eclipse.jetty.servlet.ServletHandler - servletPathMap=PathMappings[size=2]
13:18:52.378 [Test worker] DEBUG org.eclipse.jetty.servlet.ServletHandler - servletNameMap={com.github.tomakehurst.wiremock.servlet.WireMockHandlerDispatchingServlet-2f5a68a8=com.github.tomakehurst.wiremock.servlet.WireMockHandlerDispatchingServlet-2f5a68a8@1c018047==com.github.tomakehurst.wiremock.servlet.WireMockHandlerDispatchingServlet,jsp=null,order=-1,inst=false,async=true, org.eclipse.jetty.servlet.DefaultServlet-242f8e95=org.eclipse.jetty.servlet.DefaultServlet-242f8e95@6484bf5e==org.eclipse.jetty.servlet.DefaultServlet,jsp=null,order=-1,inst=false,async=true}
13:18:52.378 [Test worker] DEBUG org.eclipse.jetty.server.handler.AbstractHandler - starting ServletHandler@2c1f7663{STARTING}
13:18:52.378 [Test worker] DEBUG org.eclipse.jetty.util.component.AbstractLifeCycle - STARTED @83940ms ServletHandler@2c1f7663{STARTED}
13:18:52.378 [Test worker] DEBUG org.eclipse.jetty.util.component.AbstractLifeCycle - starting NotFoundHandler@37afa511{STOPPED}
13:18:52.378 [Test worker] DEBUG org.eclipse.jetty.server.handler.AbstractHandler - starting NotFoundHandler@37afa511{STARTING}
13:18:52.378 [Test worker] DEBUG org.eclipse.jetty.util.component.AbstractLifeCycle - STARTED @83940ms NotFoundHandler@37afa511{STARTED}
13:18:52.378 [Test worker] DEBUG org.eclipse.jetty.util.component.AbstractLifeCycle - starting com.github.tomakehurst.wiremock.servlet.ContentTypeSettingFilter-60d461e9@60d461e9==com.github.tomakehurst.wiremock.servlet.ContentTypeSettingFilter,inst=false,async=true
13:18:52.378 [Test worker] DEBUG org.eclipse.jetty.util.component.AbstractLifeCycle - STARTED @83940ms com.github.tomakehurst.wiremock.servlet.ContentTypeSettingFilter-60d461e9@60d461e9==com.github.tomakehurst.wiremock.servlet.ContentTypeSettingFilter,inst=false,async=true
13:18:52.378 [Test worker] DEBUG org.eclipse.jetty.servlet.FilterHolder - Filter.init com.github.tomakehurst.wiremock.servlet.ContentTypeSettingFilter@702346ca
13:18:52.378 [Test worker] DEBUG org.eclipse.jetty.util.component.AbstractLifeCycle - starting com.github.tomakehurst.wiremock.servlet.TrailingSlashFilter-38d70040@38d70040==com.github.tomakehurst.wiremock.servlet.TrailingSlashFilter,inst=false,async=true
13:18:52.378 [Test worker] DEBUG org.eclipse.jetty.util.component.AbstractLifeCycle - STARTED @83940ms com.github.tomakehurst.wiremock.servlet.TrailingSlashFilter-38d70040@38d70040==com.github.tomakehurst.wiremock.servlet.TrailingSlashFilter,inst=false,async=true
13:18:52.378 [Test worker] DEBUG org.eclipse.jetty.servlet.FilterHolder - Filter.init com.github.tomakehurst.wiremock.servlet.TrailingSlashFilter@253829fd
13:18:52.378 [Test worker] DEBUG org.eclipse.jetty.util.component.AbstractLifeCycle - starting org.eclipse.jetty.servlets.CrossOriginFilter-443420da@443420da==org.eclipse.jetty.servlets.CrossOriginFilter,inst=false,async=true
13:18:52.379 [Test worker] DEBUG org.eclipse.jetty.util.component.AbstractLifeCycle - STARTED @83940ms org.eclipse.jetty.servlets.CrossOriginFilter-443420da@443420da==org.eclipse.jetty.servlets.CrossOriginFilter,inst=false,async=true
13:18:52.379 [Test worker] DEBUG org.eclipse.jetty.servlet.FilterHolder - Filter.init org.eclipse.jetty.servlets.CrossOriginFilter@37edfe56
13:18:52.379 [Test worker] DEBUG org.eclipse.jetty.servlets.CrossOriginFilter - Cross-origin filter configuration: allowedOrigins = *, allowedTimingOrigins = null, allowedMethods = OPTIONS,GET,POST,PUT,PATCH,DELETE, allowedHeaders = *, preflightMaxAge = 1800, allowCredentials = true,exposedHeaders = ,chainPreflight = false
13:18:52.379 [Test worker] DEBUG org.eclipse.jetty.util.component.AbstractLifeCycle - starting com.github.tomakehurst.wiremock.servlet.WireMockHandlerDispatchingServlet-2f5a68a8@1c018047==com.github.tomakehurst.wiremock.servlet.WireMockHandlerDispatchingServlet,jsp=null,order=-1,inst=false,async=true
13:18:52.379 [Test worker] DEBUG org.eclipse.jetty.util.component.AbstractLifeCycle - STARTED @83940ms com.github.tomakehurst.wiremock.servlet.WireMockHandlerDispatchingServlet-2f5a68a8@1c018047==com.github.tomakehurst.wiremock.servlet.WireMockHandlerDispatchingServlet,jsp=null,order=-1,inst=false,async=true
13:18:52.379 [Test worker] DEBUG org.eclipse.jetty.util.component.AbstractLifeCycle - starting org.eclipse.jetty.servlet.DefaultServlet-242f8e95@6484bf5e==org.eclipse.jetty.servlet.DefaultServlet,jsp=null,order=-1,inst=false,async=true
13:18:52.379 [Test worker] DEBUG org.eclipse.jetty.util.component.AbstractLifeCycle - STARTED @83941ms org.eclipse.jetty.servlet.DefaultServlet-242f8e95@6484bf5e==org.eclipse.jetty.servlet.DefaultServlet,jsp=null,order=-1,inst=false,async=true
13:18:52.379 [Test worker] INFO org.eclipse.jetty.server.handler.ContextHandler - Started o.e.j.s.ServletContextHandler@769fbc24{/,null,AVAILABLE}
13:18:52.379 [Test worker] DEBUG org.eclipse.jetty.util.component.AbstractLifeCycle - STARTED @83941ms o.e.j.s.ServletContextHandler@769fbc24{/,null,AVAILABLE}
13:18:52.379 [Test worker] DEBUG org.eclipse.jetty.util.component.AbstractLifeCycle - STARTED @83941ms GzipHandler@4d61717f{STARTED,min=32,inflate=-1}
13:18:52.379 [Test worker] DEBUG org.eclipse.jetty.util.component.AbstractLifeCycle - STARTED @83941ms HandlerCollection@ef98260{STARTED}
13:18:52.379 [Test worker] DEBUG org.eclipse.jetty.util.component.AbstractLifeCycle - starting ErrorHandler@2863660f{STOPPED}
13:18:52.379 [Test worker] DEBUG org.eclipse.jetty.server.handler.AbstractHandler - starting ErrorHandler@2863660f{STARTING}
13:18:52.379 [Test worker] DEBUG org.eclipse.jetty.util.component.AbstractLifeCycle - STARTED @83941ms ErrorHandler@2863660f{STARTED}
13:18:52.379 [Test worker] DEBUG org.eclipse.jetty.util.component.AbstractLifeCycle - starting NetworkTrafficServerConnector@382678b1{HTTP/1.1, (http/1.1)}{0.0.0.0:8080}
13:18:52.380 [Test worker] DEBUG org.eclipse.jetty.util.component.ContainerLifeCycle - NetworkTrafficServerConnector@382678b1{HTTP/1.1, (http/1.1)}{0.0.0.0:8080} added {sun.nio.ch.ServerSocketChannelImpl[/0:0:0:0:0:0:0:0:8080],POJO}
13:18:52.380 [Test worker] DEBUG org.eclipse.jetty.util.component.AbstractLifeCycle - starting ScheduledExecutorScheduler@45b4e635{STOPPED}
13:18:52.380 [Test worker] DEBUG org.eclipse.jetty.util.component.AbstractLifeCycle - STARTED @83942ms ScheduledExecutorScheduler@45b4e635{STARTED}
13:18:52.380 [Test worker] DEBUG org.eclipse.jetty.util.component.AbstractLifeCycle - starting HttpConnectionFactory@54aceb1b[HTTP/1.1]
13:18:52.380 [Test worker] DEBUG org.eclipse.jetty.util.component.AbstractLifeCycle - STARTED @83942ms HttpConnectionFactory@54aceb1b[HTTP/1.1]
13:18:52.380 [Test worker] DEBUG org.eclipse.jetty.util.component.AbstractLifeCycle - starting SelectorManager@NetworkTrafficServerConnector@382678b1{HTTP/1.1, (http/1.1)}{0.0.0.0:8080}
13:18:52.380 [Test worker] DEBUG org.eclipse.jetty.util.component.ContainerLifeCycle - EatWhatYouKill@6529d103/SelectorProducer@f56de7a/IDLE/p=false/QueuedThreadPool[qtp1044854934]@3e473896{STARTED,8<=8<=14,i=8,r=1,q=0}[ReservedThreadExecutor@6a4b1be1{s=0/1,p=0}][pc=0,pic=0,pec=0,epc=0]@2020-09-25T13:18:52.3804151+02:00 added {SelectorProducer@f56de7a,POJO}
13:18:52.381 [Test worker] DEBUG org.eclipse.jetty.util.component.ContainerLifeCycle - EatWhatYouKill@6529d103/SelectorProducer@f56de7a/IDLE/p=false/QueuedThreadPool[qtp1044854934]@3e473896{STARTED,8<=8<=14,i=8,r=1,q=0}[ReservedThreadExecutor@6a4b1be1{s=0/1,p=0}][pc=0,pic=0,pec=0,epc=0]@2020-09-25T13:18:52.3804151+02:00 added {QueuedThreadPool[qtp1044854934]@3e473896{STARTED,8<=8<=14,i=8,r=1,q=0}[ReservedThreadExecutor@6a4b1be1{s=0/1,p=0}],UNMANAGED}
13:18:52.381 [Test worker] DEBUG org.eclipse.jetty.util.thread.strategy.EatWhatYouKill - EatWhatYouKill@6529d103/SelectorProducer@f56de7a/IDLE/p=false/QueuedThreadPool[qtp1044854934]@3e473896{STARTED,8<=8<=14,i=8,r=1,q=0}[ReservedThreadExecutor@6a4b1be1{s=0/1,p=0}][pc=0,pic=0,pec=0,epc=0]@2020-09-25T13:18:52.3814095+02:00 created
13:18:52.381 [Test worker] DEBUG org.eclipse.jetty.util.component.ContainerLifeCycle - ManagedSelector@6bc569ac{STOPPED} id=0 keys=-1 selected=-1 updates=0 added {EatWhatYouKill@6529d103/SelectorProducer@f56de7a/IDLE/p=false/QueuedThreadPool[qtp1044854934]@3e473896{STARTED,8<=8<=14,i=8,r=1,q=0}[ReservedThreadExecutor@6a4b1be1{s=0/1,p=0}][pc=0,pic=0,pec=0,epc=0]@2020-09-25T13:18:52.3814095+02:00,MANAGED}
13:18:52.381 [Test worker] DEBUG org.eclipse.jetty.util.component.ContainerLifeCycle - SelectorManager@NetworkTrafficServerConnector@382678b1{HTTP/1.1, (http/1.1)}{0.0.0.0:8080} added {ManagedSelector@6bc569ac{STOPPED} id=0 keys=-1 selected=-1 updates=0,AUTO}
13:18:52.383 [Test worker] DEBUG org.eclipse.jetty.util.component.ContainerLifeCycle - EatWhatYouKill@338225cc/SelectorProducer@18085b76/IDLE/p=false/QueuedThreadPool[qtp1044854934]@3e473896{STARTED,8<=8<=14,i=8,r=1,q=0}[ReservedThreadExecutor@6a4b1be1{s=0/1,p=0}][pc=0,pic=0,pec=0,epc=0]@2020-09-25T13:18:52.3833983+02:00 added {SelectorProducer@18085b76,POJO}
13:18:52.383 [Test worker] DEBUG org.eclipse.jetty.util.component.ContainerLifeCycle - EatWhatYouKill@338225cc/SelectorProducer@18085b76/IDLE/p=false/QueuedThreadPool[qtp1044854934]@3e473896{STARTED,8<=8<=14,i=8,r=1,q=0}[ReservedThreadExecutor@6a4b1be1{s=0/1,p=0}][pc=0,pic=0,pec=0,epc=0]@2020-09-25T13:18:52.3833983+02:00 added {QueuedThreadPool[qtp1044854934]@3e473896{STARTED,8<=8<=14,i=8,r=1,q=0}[ReservedThreadExecutor@6a4b1be1{s=0/1,p=0}],UNMANAGED}
13:18:52.383 [Test worker] DEBUG org.eclipse.jetty.util.thread.strategy.EatWhatYouKill - EatWhatYouKill@338225cc/SelectorProducer@18085b76/IDLE/p=false/QueuedThreadPool[qtp1044854934]@3e473896{STARTED,8<=8<=14,i=8,r=1,q=0}[ReservedThreadExecutor@6a4b1be1{s=0/1,p=0}][pc=0,pic=0,pec=0,epc=0]@2020-09-25T13:18:52.3833983+02:00 created
13:18:52.383 [Test worker] DEBUG org.eclipse.jetty.util.component.ContainerLifeCycle - ManagedSelector@2114e303{STOPPED} id=1 keys=-1 selected=-1 updates=0 added {EatWhatYouKill@338225cc/SelectorProducer@18085b76/IDLE/p=false/QueuedThreadPool[qtp1044854934]@3e473896{STARTED,8<=8<=14,i=8,r=1,q=0}[ReservedThreadExecutor@6a4b1be1{s=0/1,p=0}][pc=0,pic=0,pec=0,epc=0]@2020-09-25T13:18:52.3833983+02:00,MANAGED}
13:18:52.383 [Test worker] DEBUG org.eclipse.jetty.util.component.ContainerLifeCycle - SelectorManager@NetworkTrafficServerConnector@382678b1{HTTP/1.1, (http/1.1)}{0.0.0.0:8080} added {ManagedSelector@2114e303{STOPPED} id=1 keys=-1 selected=-1 updates=0,AUTO}
13:18:52.383 [Test worker] DEBUG org.eclipse.jetty.util.component.AbstractLifeCycle - starting ManagedSelector@6bc569ac{STOPPED} id=0 keys=-1 selected=-1 updates=0
13:18:52.384 [Test worker] DEBUG org.eclipse.jetty.util.component.AbstractLifeCycle - starting EatWhatYouKill@6529d103/SelectorProducer@f56de7a/IDLE/p=false/QueuedThreadPool[qtp1044854934]@3e473896{STARTED,8<=8<=14,i=8,r=1,q=0}[ReservedThreadExecutor@6a4b1be1{s=0/1,p=0}][pc=0,pic=0,pec=0,epc=0]@2020-09-25T13:18:52.3833983+02:00
13:18:52.384 [Test worker] DEBUG org.eclipse.jetty.util.component.AbstractLifeCycle - STARTED @83945ms EatWhatYouKill@6529d103/SelectorProducer@f56de7a/IDLE/p=false/QueuedThreadPool[qtp1044854934]@3e473896{STARTED,8<=8<=14,i=8,r=1,q=0}[ReservedThreadExecutor@6a4b1be1{s=0/1,p=0}][pc=0,pic=0,pec=0,epc=0]@2020-09-25T13:18:52.3843998+02:00
13:18:52.385 [Test worker] DEBUG org.eclipse.jetty.util.thread.QueuedThreadPool - queue org.eclipse.jetty.io.ManagedSelector$$Lambda$425/0x00000001005fc040@615c6684 startThread=0
13:18:52.385 [Test worker] DEBUG org.eclipse.jetty.io.ManagedSelector - Queued change org.eclipse.jetty.io.ManagedSelector$Start@43529326 on ManagedSelector@6bc569ac{STARTING} id=0 keys=0 selected=0 updates=0
13:18:52.424 [qtp1044854934-101] DEBUG org.eclipse.jetty.util.thread.QueuedThreadPool - Runner started for QueuedThreadPool[qtp1044854934]@3e473896{STARTED,8<=8<=14,i=7,r=1,q=0}[ReservedThreadExecutor@6a4b1be1{s=0/1,p=0}]
13:18:52.424 [qtp1044854934-101] DEBUG org.eclipse.jetty.util.thread.QueuedThreadPool - run org.eclipse.jetty.io.ManagedSelector$$Lambda$425/0x00000001005fc040@615c6684 in QueuedThreadPool[qtp1044854934]@3e473896{STARTED,8<=8<=14,i=7,r=1,q=0}[ReservedThreadExecutor@6a4b1be1{s=0/1,p=0}]
13:18:52.425 [qtp1044854934-101] DEBUG org.eclipse.jetty.util.thread.strategy.EatWhatYouKill - EatWhatYouKill@6529d103/SelectorProducer@f56de7a/IDLE/p=false/QueuedThreadPool[qtp1044854934]@3e473896{STARTED,8<=8<=14,i=7,r=1,q=0}[ReservedThreadExecutor@6a4b1be1{s=0/1,p=0}][pc=0,pic=0,pec=0,epc=0]@2020-09-25T13:18:52.4253954+02:00 tryProduce false
13:18:52.425 [qtp1044854934-101] DEBUG org.eclipse.jetty.io.ManagedSelector - updateable 1
13:18:52.425 [qtp1044854934-101] DEBUG org.eclipse.jetty.io.ManagedSelector - update org.eclipse.jetty.io.ManagedSelector$Start@43529326
13:18:52.425 [qtp1044854934-101] DEBUG org.eclipse.jetty.io.ManagedSelector - updates 0
13:18:52.425 [qtp1044854934-101] DEBUG org.eclipse.jetty.io.ManagedSelector - Selector sun.nio.ch.WindowsSelectorImpl@1fe41c74 waiting with 0 keys
13:18:52.425 [Test worker] DEBUG org.eclipse.jetty.util.component.AbstractLifeCycle - STARTED @83987ms ManagedSelector@6bc569ac{STARTED} id=0 keys=0 selected=0 updates=0
13:18:52.425 [Test worker] DEBUG org.eclipse.jetty.util.component.AbstractLifeCycle - starting ManagedSelector@2114e303{STOPPED} id=1 keys=-1 selected=-1 updates=0
13:18:52.425 [Test worker] DEBUG org.eclipse.jetty.util.component.AbstractLifeCycle - starting EatWhatYouKill@338225cc/SelectorProducer@18085b76/IDLE/p=false/QueuedThreadPool[qtp1044854934]@3e473896{STARTED,8<=8<=14,i=7,r=1,q=0}[ReservedThreadExecutor@6a4b1be1{s=0/1,p=0}][pc=0,pic=0,pec=0,epc=0]@2020-09-25T13:18:52.4253954+02:00
13:18:52.425 [Test worker] DEBUG org.eclipse.jetty.util.component.AbstractLifeCycle - STARTED @83987ms EatWhatYouKill@338225cc/SelectorProducer@18085b76/IDLE/p=false/QueuedThreadPool[qtp1044854934]@3e473896{STARTED,8<=8<=14,i=7,r=1,q=0}[ReservedThreadExecutor@6a4b1be1{s=0/1,p=0}][pc=0,pic=0,pec=0,epc=0]@2020-09-25T13:18:52.4253954+02:00
13:18:52.427 [Test worker] DEBUG org.eclipse.jetty.util.thread.QueuedThreadPool - queue org.eclipse.jetty.io.ManagedSelector$$Lambda$425/0x00000001005fc040@195ba3d1 startThread=0
13:18:52.427 [Test worker] DEBUG org.eclipse.jetty.io.ManagedSelector - Queued change org.eclipse.jetty.io.ManagedSelector$Start@1fd14702 on ManagedSelector@2114e303{STARTING} id=1 keys=0 selected=0 updates=0
13:18:52.476 [qtp1044854934-102] DEBUG org.eclipse.jetty.util.thread.QueuedThreadPool - Runner started for QueuedThreadPool[qtp1044854934]@3e473896{STARTED,8<=8<=14,i=6,r=1,q=0}[ReservedThreadExecutor@6a4b1be1{s=0/1,p=0}]
13:18:52.476 [qtp1044854934-102] DEBUG org.eclipse.jetty.util.thread.QueuedThreadPool - run org.eclipse.jetty.io.ManagedSelector$$Lambda$425/0x00000001005fc040@195ba3d1 in QueuedThreadPool[qtp1044854934]@3e473896{STARTED,8<=8<=14,i=6,r=1,q=0}[ReservedThreadExecutor@6a4b1be1{s=0/1,p=0}]
13:18:52.477 [qtp1044854934-102] DEBUG org.eclipse.jetty.util.thread.strategy.EatWhatYouKill - EatWhatYouKill@338225cc/SelectorProducer@18085b76/IDLE/p=false/QueuedThreadPool[qtp1044854934]@3e473896{STARTED,8<=8<=14,i=6,r=1,q=0}[ReservedThreadExecutor@6a4b1be1{s=0/1,p=0}][pc=0,pic=0,pec=0,epc=0]@2020-09-25T13:18:52.477383+02:00 tryProduce false
13:18:52.477 [qtp1044854934-102] DEBUG org.eclipse.jetty.io.ManagedSelector - updateable 1
13:18:52.477 [qtp1044854934-102] DEBUG org.eclipse.jetty.io.ManagedSelector - update org.eclipse.jetty.io.ManagedSelector$Start@1fd14702
13:18:52.478 [Test worker] DEBUG org.eclipse.jetty.util.component.AbstractLifeCycle - STARTED @84039ms ManagedSelector@2114e303{STARTED} id=1 keys=0 selected=0 updates=0
13:18:52.478 [Test worker] DEBUG org.eclipse.jetty.util.component.AbstractLifeCycle - STARTED @84039ms SelectorManager@NetworkTrafficServerConnector@382678b1{HTTP/1.1, (http/1.1)}{0.0.0.0:8080}
13:18:52.478 [Test worker] DEBUG org.eclipse.jetty.util.component.ContainerLifeCycle - NetworkTrafficServerConnector@382678b1{HTTP/1.1, (http/1.1)}{0.0.0.0:8080} added {acceptor-0@1dbb6a3a,POJO}
13:18:52.478 [Test worker] DEBUG org.eclipse.jetty.util.thread.QueuedThreadPool - queue acceptor-0@1dbb6a3a startThread=0
13:18:52.478 [Test worker] DEBUG org.eclipse.jetty.util.component.ContainerLifeCycle - NetworkTrafficServerConnector@382678b1{HTTP/1.1, (http/1.1)}{0.0.0.0:8080} added {acceptor-1@4aa70108,POJO}
13:18:52.478 [Test worker] DEBUG org.eclipse.jetty.util.thread.QueuedThreadPool - queue acceptor-1@4aa70108 startThread=0
13:18:52.478 [Test worker] DEBUG org.eclipse.jetty.util.component.ContainerLifeCycle - NetworkTrafficServerConnector@382678b1{HTTP/1.1, (http/1.1)}{0.0.0.0:8080} added {acceptor-2@ea676a6,POJO}
13:18:52.478 [Test worker] DEBUG org.eclipse.jetty.util.thread.QueuedThreadPool - queue acceptor-2@ea676a6 startThread=0
13:18:52.478 [Test worker] INFO org.eclipse.jetty.server.AbstractConnector - Started NetworkTrafficServerConnector@382678b1{HTTP/1.1, (http/1.1)}{0.0.0.0:8080}
13:18:52.478 [Test worker] DEBUG org.eclipse.jetty.util.component.AbstractLifeCycle - STARTED @84040ms NetworkTrafficServerConnector@382678b1{HTTP/1.1, (http/1.1)}{0.0.0.0:8080}
13:18:52.478 [Test worker] INFO org.eclipse.jetty.server.Server - Started @84040ms
13:18:52.478 [Test worker] DEBUG org.eclipse.jetty.util.component.AbstractLifeCycle - STARTED @84040ms Server@1f5c4676{STARTED}[9.4.28.v20200408]
13:18:52.479 [qtp1044854934-102] DEBUG org.eclipse.jetty.io.ManagedSelector - updates 0
13:18:52.480 [qtp1044854934-102] DEBUG org.eclipse.jetty.io.ManagedSelector - Selector sun.nio.ch.WindowsSelectorImpl@7436f8a6 waiting with 0 keys
13:18:52.571 [Test worker] DEBUG org.apache.http.impl.conn.PoolingHttpClientConnectionManager - Connection request: [route: {}->http://localhost:8080][total available: 1; route allocated: 1 of 5; total allocated: 1 of 50]
13:18:52.572 [Test worker] DEBUG org.apache.http.impl.conn.PoolingHttpClientConnectionManager - Connection leased: [id: 5][route: {}->http://localhost:8080][total available: 0; route allocated: 1 of 5; total allocated: 1 of 50]
13:18:52.572 [Test worker] DEBUG org.apache.http.impl.conn.DefaultManagedHttpClientConnection - http-outgoing-5: set socket timeout to 30000
13:18:52.572 [Test worker] DEBUG org.apache.http.impl.execchain.MainClientExec - Stale connection check
13:18:52.572 [Test worker] DEBUG org.apache.http.wire - http-outgoing-5 << "end of stream"
13:18:52.572 [Test worker] DEBUG org.apache.http.impl.execchain.MainClientExec - Stale connection detected
13:18:52.572 [Test worker] DEBUG org.apache.http.impl.conn.DefaultManagedHttpClientConnection - http-outgoing-5: Close connection
13:18:52.573 [Test worker] DEBUG org.apache.http.impl.execchain.MainClientExec - Opening connection {}->http://localhost:8080
13:18:52.573 [Test worker] DEBUG org.apache.http.impl.conn.DefaultHttpClientConnectionOperator - Connecting to localhost/127.0.0.1:8080
13:18:52.574 [Test worker] DEBUG org.apache.http.impl.conn.DefaultHttpClientConnectionOperator - Connection established 127.0.0.1:65029<->127.0.0.1:8080
13:18:52.574 [Test worker] DEBUG org.apache.http.impl.execchain.MainClientExec - Executing request POST /__admin/mappings HTTP/1.1
13:18:52.574 [Test worker] DEBUG org.apache.http.impl.execchain.MainClientExec - Target auth state: UNCHALLENGED
13:18:52.575 [Test worker] DEBUG org.apache.http.impl.execchain.MainClientExec - Proxy auth state: UNCHALLENGED
13:18:52.575 [Test worker] DEBUG org.apache.http.headers - http-outgoing-5 >> POST /__admin/mappings HTTP/1.1
13:18:52.575 [Test worker] DEBUG org.apache.http.headers - http-outgoing-5 >> Content-Length: 665
13:18:52.575 [Test worker] DEBUG org.apache.http.headers - http-outgoing-5 >> Content-Type: text/plain; charset=UTF-8
13:18:52.575 [Test worker] DEBUG org.apache.http.headers - http-outgoing-5 >> Host: localhost:8080
13:18:52.575 [Test worker] DEBUG org.apache.http.headers - http-outgoing-5 >> Connection: Keep-Alive
13:18:52.575 [Test worker] DEBUG org.apache.http.headers - http-outgoing-5 >> User-Agent: Apache-HttpClient/4.5.12 (Java/11.0.2)
13:18:52.575 [qtp1044854934-104] DEBUG org.eclipse.jetty.util.thread.QueuedThreadPool - Runner started for QueuedThreadPool[qtp1044854934]@3e473896{STARTED,8<=8<=14,i=3,r=1,q=0}[ReservedThreadExecutor@6a4b1be1{s=0/1,p=0}]
13:18:52.575 [qtp1044854934-104] DEBUG org.eclipse.jetty.util.thread.QueuedThreadPool - run acceptor-0@1dbb6a3a in QueuedThreadPool[qtp1044854934]@3e473896{STARTED,8<=8<=14,i=3,r=1,q=0}[ReservedThreadExecutor@6a4b1be1{s=0/1,p=0}]
13:18:52.575 [Test worker] DEBUG org.apache.http.wire - http-outgoing-5 >> "POST /__admin/mappings HTTP/1.1[\r][\n]"
13:18:52.575 [Test worker] DEBUG org.apache.http.wire - http-outgoing-5 >> "Content-Length: 665[\r][\n]"
13:18:52.575 [Test worker] DEBUG org.apache.http.wire - http-outgoing-5 >> "Content-Type: text/plain; charset=UTF-8[\r][\n]"
13:18:52.575 [Test worker] DEBUG org.apache.http.wire - http-outgoing-5 >> "Host: localhost:8080[\r][\n]"
13:18:52.575 [Test worker] DEBUG org.apache.http.wire - http-outgoing-5 >> "Connection: Keep-Alive[\r][\n]"
13:18:52.575 [Test worker] DEBUG org.apache.http.wire - http-outgoing-5 >> "User-Agent: Apache-HttpClient/4.5.12 (Java/11.0.2)[\r][\n]"
13:18:52.575 [Test worker] DEBUG org.apache.http.wire - http-outgoing-5 >> "[\r][\n]"
13:18:52.575 [Test worker] DEBUG org.apache.http.wire - http-outgoing-5 >> "{[\r][\n]"
13:18:52.575 [Test worker] DEBUG org.apache.http.wire - http-outgoing-5 >> "  "id" : "add91af6-cec2-498d-be2a-9ef483f16aae",[\r][\n]"
13:18:52.575 [Test worker] DEBUG org.apache.http.wire - http-outgoing-5 >> "  "request" : {[\r][\n]"
13:18:52.575 [Test worker] DEBUG org.apache.http.wire - http-outgoing-5 >> "    "url" : "/api/v0/components/provision-adapters/jobs",[\r][\n]"
13:18:52.575 [Test worker] DEBUG org.apache.http.wire - http-outgoing-5 >> "    "method" : "POST",[\r][\n]"
13:18:52.575 [Test worker] DEBUG org.apache.http.wire - http-outgoing-5 >> "    "headers" : {[\r][\n]"
13:18:52.575 [Test worker] DEBUG org.apache.http.wire - http-outgoing-5 >> "      "Content-Type" : {[\r][\n]"
13:18:52.575 [Test worker] DEBUG org.apache.http.wire - http-outgoing-5 >> "        "equalTo" : "application/json"[\r][\n]"
13:18:52.575 [Test worker] DEBUG org.apache.http.wire - http-outgoing-5 >> "      }[\r][\n]"
13:18:52.575 [Test worker] DEBUG org.apache.http.wire - http-outgoing-5 >> "    },[\r][\n]"
13:18:52.575 [Test worker] DEBUG org.apache.http.wire - http-outgoing-5 >> "    "bodyPatterns" : [ {[\r][\n]"
13:18:52.575 [Test worker] DEBUG org.apache.http.wire - http-outgoing-5 >> "      "equalTo" : "{\"id\":\"2ec10139-2dfd-465c-8b35-b176fd9db069\",\"product\":\"08e3492b-1227-4699-8aae-29423c1d56c8\",\"configurationSubset\":\"ue-dev-build\",\"answers\":{\"var1\":\"TEST\"}}"[\r][\n]"
13:18:52.575 [Test worker] DEBUG org.apache.http.wire - http-outgoing-5 >> "    } ][\r][\n]"
13:18:52.575 [Test worker] DEBUG org.apache.http.wire - http-outgoing-5 >> "  },[\r][\n]"
13:18:52.575 [Test worker] DEBUG org.apache.http.wire - http-outgoing-5 >> "  "response" : {[\r][\n]"
13:18:52.575 [Test worker] DEBUG org.apache.http.wire - http-outgoing-5 >> "    "status" : 401[\r][\n]"
13:18:52.575 [Test worker] DEBUG org.apache.http.wire - http-outgoing-5 >> "  },[\r][\n]"
13:18:52.575 [Test worker] DEBUG org.apache.http.wire - http-outgoing-5 >> "  "uuid" : "add91af6-cec2-498d-be2a-9ef483f16aae",[\r][\n]"
13:18:52.575 [Test worker] DEBUG org.apache.http.wire - http-outgoing-5 >> "  "scenarioName" : "unAuthorized",[\r][\n]"
13:18:52.575 [Test worker] DEBUG org.apache.http.wire - http-outgoing-5 >> "  "requiredScenarioState" : "Started"[\r][\n]"
13:18:52.575 [Test worker] DEBUG org.apache.http.wire - http-outgoing-5 >> "}"
13:18:52.597 [qtp1044854934-103] DEBUG org.eclipse.jetty.util.thread.QueuedThreadPool - Runner started for QueuedThreadPool[qtp1044854934]@3e473896{STARTED,8<=8<=14,i=3,r=1,q=0}[ReservedThreadExecutor@6a4b1be1{s=0/1,p=0}]
13:18:52.597 [qtp1044854934-103] DEBUG org.eclipse.jetty.util.thread.QueuedThreadPool - run acceptor-1@4aa70108 in QueuedThreadPool[qtp1044854934]@3e473896{STARTED,8<=8<=14,i=3,r=1,q=0}[ReservedThreadExecutor@6a4b1be1{s=0/1,p=0}]
13:18:52.598 [qtp1044854934-103-acceptor-1@4aa70108-NetworkTrafficServerConnector@382678b1{HTTP/1.1, (http/1.1)}{0.0.0.0:8080}] DEBUG org.eclipse.jetty.io.ManagedSelector - Queued change org.eclipse.jetty.io.ManagedSelector$Accept@3c14f40f on ManagedSelector@2114e303{STARTED} id=1 keys=0 selected=0 updates=0
13:18:52.598 [qtp1044854934-103-acceptor-1@4aa70108-NetworkTrafficServerConnector@382678b1{HTTP/1.1, (http/1.1)}{0.0.0.0:8080}] DEBUG org.eclipse.jetty.io.ManagedSelector - Wakeup on submit ManagedSelector@2114e303{STARTED} id=1 keys=0 selected=0 updates=1
13:18:52.598 [qtp1044854934-102] DEBUG org.eclipse.jetty.io.ManagedSelector - Selector sun.nio.ch.WindowsSelectorImpl@7436f8a6 woken with none selected
13:18:52.598 [qtp1044854934-102] DEBUG org.eclipse.jetty.io.ManagedSelector - Selector sun.nio.ch.WindowsSelectorImpl@7436f8a6 woken up from select, 0/0/0 selected
13:18:52.599 [qtp1044854934-102] DEBUG org.eclipse.jetty.io.ManagedSelector - Selector sun.nio.ch.WindowsSelectorImpl@7436f8a6 processing 0 keys, 1 updates
13:18:52.599 [qtp1044854934-102] DEBUG org.eclipse.jetty.io.ManagedSelector - updateable 1
13:18:52.599 [qtp1044854934-102] DEBUG org.eclipse.jetty.io.ManagedSelector - update org.eclipse.jetty.io.ManagedSelector$Accept@3c14f40f
13:18:52.599 [qtp1044854934-102] DEBUG org.eclipse.jetty.util.thread.QueuedThreadPool - queue org.eclipse.jetty.io.ManagedSelector$Accept@3c14f40f startThread=0
13:18:52.599 [qtp1044854934-102] DEBUG org.eclipse.jetty.io.ManagedSelector - updates 0
13:18:52.599 [qtp1044854934-102] DEBUG org.eclipse.jetty.io.ManagedSelector - Selector sun.nio.ch.WindowsSelectorImpl@7436f8a6 waiting with 1 keys
13:18:52.600 [qtp1044854934-105] DEBUG org.eclipse.jetty.util.thread.QueuedThreadPool - Runner started for QueuedThreadPool[qtp1044854934]@3e473896{STARTED,8<=8<=14,i=2,r=1,q=0}[ReservedThreadExecutor@6a4b1be1{s=0/1,p=0}]
13:18:52.600 [qtp1044854934-105] DEBUG org.eclipse.jetty.util.thread.QueuedThreadPool - run acceptor-2@ea676a6 in QueuedThreadPool[qtp1044854934]@3e473896{STARTED,8<=8<=14,i=2,r=1,q=0}[ReservedThreadExecutor@6a4b1be1{s=0/1,p=0}]
13:18:52.600 [qtp1044854934-106] DEBUG org.eclipse.jetty.util.thread.QueuedThreadPool - Runner started for QueuedThreadPool[qtp1044854934]@3e473896{STARTED,8<=8<=14,i=2,r=1,q=0}[ReservedThreadExecutor@6a4b1be1{s=0/1,p=0}]
13:18:52.600 [qtp1044854934-106] DEBUG org.eclipse.jetty.util.thread.QueuedThreadPool - run org.eclipse.jetty.io.ManagedSelector$Accept@3c14f40f in QueuedThreadPool[qtp1044854934]@3e473896{STARTED,8<=8<=14,i=2,r=1,q=0}[ReservedThreadExecutor@6a4b1be1{s=0/1,p=0}]
13:18:52.600 [qtp1044854934-106] DEBUG org.eclipse.jetty.io.IdleTimeout - NetworkTrafficSocketChannelEndPoint@7aa4ec50{/127.0.0.1:65029<->/127.0.0.1:8080,OPEN,fill=-,flush=-,to=0/30000}{io=0/0,kio=0,kro=0}-><null> idle timeout check, elapsed: 0 ms, remaining: 30000 ms
13:18:52.601 [qtp1044854934-106] DEBUG org.eclipse.jetty.server.HttpChannel - new HttpChannelOverHttp@705c8720{s=HttpChannelState@355e074f{s=IDLE rs=BLOCKING os=OPEN is=IDLE awp=false se=false i=true al=0},r=0,c=false/false,a=IDLE,uri=null,age=0} -> NetworkTrafficSocketChannelEndPoint@7aa4ec50{/127.0.0.1:65029<->/127.0.0.1:8080,OPEN,fill=-,flush=-,to=0/30000}{io=0/0,kio=0,kro=0}-><null>,null,HttpChannelState@355e074f{s=IDLE rs=BLOCKING os=OPEN is=IDLE awp=false se=false i=true al=0}
13:18:52.601 [qtp1044854934-106] DEBUG org.eclipse.jetty.server.HttpConnection - New HTTP Connection HttpConnection@6845abd8::NetworkTrafficSocketChannelEndPoint@7aa4ec50{/127.0.0.1:65029<->/127.0.0.1:8080,OPEN,fill=-,flush=-,to=0/30000}{io=0/0,kio=0,kro=0}-><null>
13:18:52.601 [qtp1044854934-106] DEBUG org.eclipse.jetty.io.AbstractEndPoint - onOpen NetworkTrafficSocketChannelEndPoint@7aa4ec50{/127.0.0.1:65029<->/127.0.0.1:8080,OPEN,fill=-,flush=-,to=1/30000}{io=0/0,kio=0,kro=0}->HttpConnection@6845abd8[p=HttpParser{s=START,0 of -1},g=HttpGenerator@4211309{s=START}]=>HttpChannelOverHttp@705c8720{s=HttpChannelState@355e074f{s=IDLE rs=BLOCKING os=OPEN is=IDLE awp=false se=false i=true al=0},r=0,c=false/false,a=IDLE,uri=null,age=0}
13:18:52.602 [qtp1044854934-106] DEBUG org.eclipse.jetty.io.AbstractConnection - onOpen HttpConnection@6845abd8::NetworkTrafficSocketChannelEndPoint@7aa4ec50{/127.0.0.1:65029<->/127.0.0.1:8080,OPEN,fill=-,flush=-,to=1/30000}{io=0/0,kio=0,kro=0}->HttpConnection@6845abd8[p=HttpParser{s=START,0 of -1},g=HttpGenerator@4211309{s=START}]=>HttpChannelOverHttp@705c8720{s=HttpChannelState@355e074f{s=IDLE rs=BLOCKING os=OPEN is=IDLE awp=false se=false i=true al=0},r=0,c=false/false,a=IDLE,uri=null,age=0}
13:18:52.602 [qtp1044854934-106] DEBUG org.eclipse.jetty.io.AbstractConnection - fillInterested HttpConnection@6845abd8::NetworkTrafficSocketChannelEndPoint@7aa4ec50{/127.0.0.1:65029<->/127.0.0.1:8080,OPEN,fill=-,flush=-,to=1/30000}{io=0/0,kio=0,kro=0}->HttpConnection@6845abd8[p=HttpParser{s=START,0 of -1},g=HttpGenerator@4211309{s=START}]=>HttpChannelOverHttp@705c8720{s=HttpChannelState@355e074f{s=IDLE rs=BLOCKING os=OPEN is=IDLE awp=false se=false i=true al=0},r=0,c=false/false,a=IDLE,uri=null,age=0}
13:18:52.602 [qtp1044854934-106] DEBUG org.eclipse.jetty.io.FillInterest - interested FillInterest@10d0e12a{AC.ReadCB@6845abd8{HttpConnection@6845abd8::NetworkTrafficSocketChannelEndPoint@7aa4ec50{/127.0.0.1:65029<->/127.0.0.1:8080,OPEN,fill=FI,flush=-,to=0/30000}{io=0/0,kio=0,kro=0}->HttpConnection@6845abd8[p=HttpParser{s=START,0 of -1},g=HttpGenerator@4211309{s=START}]=>HttpChannelOverHttp@705c8720{s=HttpChannelState@355e074f{s=IDLE rs=BLOCKING os=OPEN is=IDLE awp=false se=false i=true al=0},r=0,c=false/false,a=IDLE,uri=null,age=0}}}
13:18:52.602 [qtp1044854934-106] DEBUG org.eclipse.jetty.io.ChannelEndPoint - changeInterests p=false 0->1 for NetworkTrafficSocketChannelEndPoint@7aa4ec50{/127.0.0.1:65029<->/127.0.0.1:8080,OPEN,fill=FI,flush=-,to=0/30000}{io=0/1,kio=0,kro=0}->HttpConnection@6845abd8[p=HttpParser{s=START,0 of -1},g=HttpGenerator@4211309{s=START}]=>HttpChannelOverHttp@705c8720{s=HttpChannelState@355e074f{s=IDLE rs=BLOCKING os=OPEN is=IDLE awp=false se=false i=true al=0},r=0,c=false/false,a=IDLE,uri=null,age=0}
13:18:52.602 [qtp1044854934-106] DEBUG org.eclipse.jetty.io.ManagedSelector - Queued change org.eclipse.jetty.io.ChannelEndPoint$1@5571f800 on ManagedSelector@2114e303{STARTED} id=1 keys=1 selected=0 updates=0
13:18:52.602 [qtp1044854934-106] DEBUG org.eclipse.jetty.io.ManagedSelector - Wakeup on submit ManagedSelector@2114e303{STARTED} id=1 keys=1 selected=0 updates=1
13:18:52.602 [qtp1044854934-102] DEBUG org.eclipse.jetty.io.ManagedSelector - Selector sun.nio.ch.WindowsSelectorImpl@7436f8a6 woken with none selected
13:18:52.602 [qtp1044854934-102] DEBUG org.eclipse.jetty.io.ManagedSelector - Selector sun.nio.ch.WindowsSelectorImpl@7436f8a6 woken up from select, 0/0/1 selected
13:18:52.602 [qtp1044854934-106] DEBUG org.eclipse.jetty.io.ManagedSelector - Created NetworkTrafficSocketChannelEndPoint@7aa4ec50{/127.0.0.1:65029<->/127.0.0.1:8080,OPEN,fill=FI,flush=-,to=0/30000}{io=0/1,kio=0,kro=0}->HttpConnection@6845abd8[p=HttpParser{s=START,0 of -1},g=HttpGenerator@4211309{s=START}]=>HttpChannelOverHttp@705c8720{s=HttpChannelState@355e074f{s=IDLE rs=BLOCKING os=OPEN is=IDLE awp=false se=false i=true al=0},r=0,c=false/false,a=IDLE,uri=null,age=0}
13:18:52.602 [qtp1044854934-102] DEBUG org.eclipse.jetty.io.ManagedSelector - Selector sun.nio.ch.WindowsSelectorImpl@7436f8a6 processing 0 keys, 1 updates
13:18:52.602 [qtp1044854934-102] DEBUG org.eclipse.jetty.io.ManagedSelector - updateable 1
13:18:52.602 [qtp1044854934-102] DEBUG org.eclipse.jetty.io.ManagedSelector - update org.eclipse.jetty.io.ChannelEndPoint$1@5571f800
13:18:52.602 [qtp1044854934-106] DEBUG org.eclipse.jetty.util.thread.QueuedThreadPool - ran org.eclipse.jetty.io.ManagedSelector$Accept@3c14f40f in QueuedThreadPool[qtp1044854934]@3e473896{STARTED,8<=8<=14,i=2,r=1,q=0}[ReservedThreadExecutor@6a4b1be1{s=0/1,p=0}]
13:18:52.602 [qtp1044854934-102] DEBUG org.eclipse.jetty.io.ChannelEndPoint - Key interests updated 0 -> 1 on NetworkTrafficSocketChannelEndPoint@7aa4ec50{/127.0.0.1:65029<->/127.0.0.1:8080,OPEN,fill=FI,flush=-,to=0/30000}{io=1/1,kio=1,kro=0}->HttpConnection@6845abd8[p=HttpParser{s=START,0 of -1},g=HttpGenerator@4211309{s=START}]=>HttpChannelOverHttp@705c8720{s=HttpChannelState@355e074f{s=IDLE rs=BLOCKING os=OPEN is=IDLE awp=false se=false i=true al=0},r=0,c=false/false,a=IDLE,uri=null,age=0}
13:18:52.602 [qtp1044854934-102] DEBUG org.eclipse.jetty.io.ManagedSelector - updates 0
13:18:52.602 [qtp1044854934-102] DEBUG org.eclipse.jetty.io.ManagedSelector - Selector sun.nio.ch.WindowsSelectorImpl@7436f8a6 waiting with 1 keys
13:18:52.602 [qtp1044854934-102] DEBUG org.eclipse.jetty.io.ManagedSelector - Selector sun.nio.ch.WindowsSelectorImpl@7436f8a6 woken up from select, 1/1/1 selected
13:18:52.602 [qtp1044854934-102] DEBUG org.eclipse.jetty.io.ManagedSelector - Selector sun.nio.ch.WindowsSelectorImpl@7436f8a6 processing 1 keys, 0 updates
13:18:52.603 [qtp1044854934-102] DEBUG org.eclipse.jetty.io.ManagedSelector - selected 1 channel=java.nio.channels.SocketChannel[connected local=/127.0.0.1:8080 remote=/127.0.0.1:65029], selector=sun.nio.ch.WindowsSelectorImpl@7436f8a6, interestOps=1, readyOps=1 NetworkTrafficSocketChannelEndPoint@7aa4ec50{/127.0.0.1:65029<->/127.0.0.1:8080,OPEN,fill=FI,flush=-,to=0/30000}{io=1/1,kio=1,kro=1}->HttpConnection@6845abd8[p=HttpParser{s=START,0 of -1},g=HttpGenerator@4211309{s=START}]=>HttpChannelOverHttp@705c8720{s=HttpChannelState@355e074f{s=IDLE rs=BLOCKING os=OPEN is=IDLE awp=false se=false i=true al=0},r=0,c=false/false,a=IDLE,uri=null,age=0} 
13:18:52.603 [qtp1044854934-102] DEBUG org.eclipse.jetty.io.ChannelEndPoint - onSelected 1->0 r=true w=false for NetworkTrafficSocketChannelEndPoint@7aa4ec50{/127.0.0.1:65029<->/127.0.0.1:8080,OPEN,fill=FI,flush=-,to=0/30000}{io=1/0,kio=1,kro=1}->HttpConnection@6845abd8[p=HttpParser{s=START,0 of -1},g=HttpGenerator@4211309{s=START}]=>HttpChannelOverHttp@705c8720{s=HttpChannelState@355e074f{s=IDLE rs=BLOCKING os=OPEN is=IDLE awp=false se=false i=true al=0},r=0,c=false/false,a=IDLE,uri=null,age=0}
13:18:52.603 [qtp1044854934-102] DEBUG org.eclipse.jetty.io.ChannelEndPoint - task CEP:NetworkTrafficSocketChannelEndPoint@7aa4ec50{/127.0.0.1:65029<->/127.0.0.1:8080,OPEN,fill=FI,flush=-,to=1/30000}{io=1/0,kio=1,kro=1}->HttpConnection@6845abd8[p=HttpParser{s=START,0 of -1},g=HttpGenerator@4211309{s=START}]=>HttpChannelOverHttp@705c8720{s=HttpChannelState@355e074f{s=IDLE rs=BLOCKING os=OPEN is=IDLE awp=false se=false i=true al=0},r=0,c=false/false,a=IDLE,uri=null,age=0}:runFillable:BLOCKING
13:18:52.603 [qtp1044854934-102] DEBUG org.eclipse.jetty.util.thread.ReservedThreadExecutor - ReservedThreadExecutor@6a4b1be1{s=0/1,p=0} tryExecute EatWhatYouKill@338225cc/SelectorProducer@18085b76/PRODUCING/p=false/QueuedThreadPool[qtp1044854934]@3e473896{STARTED,8<=8<=14,i=3,r=1,q=0}[ReservedThreadExecutor@6a4b1be1{s=0/1,p=0}][pc=0,pic=0,pec=0,epc=0]@2020-09-25T13:18:52.6033811+02:00
13:18:52.603 [qtp1044854934-102] DEBUG org.eclipse.jetty.util.thread.ReservedThreadExecutor - ReservedThreadExecutor@6a4b1be1{s=0/1,p=1} startReservedThread p=1
13:18:52.603 [qtp1044854934-102] DEBUG org.eclipse.jetty.util.thread.QueuedThreadPool - queue ReservedThreadExecutor@6a4b1be1{s=0/1,p=1}@7ece93d6 startThread=0
13:18:52.603 [qtp1044854934-106] DEBUG org.eclipse.jetty.util.thread.QueuedThreadPool - run ReservedThreadExecutor@6a4b1be1{s=0/1,p=1}@7ece93d6 in QueuedThreadPool[qtp1044854934]@3e473896{STARTED,8<=8<=14,i=2,r=1,q=0}[ReservedThreadExecutor@6a4b1be1{s=0/1,p=1}]
13:18:52.603 [qtp1044854934-106] DEBUG org.eclipse.jetty.util.thread.ReservedThreadExecutor - ReservedThreadExecutor@6a4b1be1{s=1/1,p=1}@7ece93d6 started
13:18:52.603 [qtp1044854934-106] DEBUG org.eclipse.jetty.util.thread.ReservedThreadExecutor - ReservedThreadExecutor@6a4b1be1{s=1/1,p=0}@7ece93d6 waiting
13:18:52.603 [qtp1044854934-102] DEBUG org.eclipse.jetty.util.thread.strategy.EatWhatYouKill - EatWhatYouKill@338225cc/SelectorProducer@18085b76/PRODUCING/p=false/QueuedThreadPool[qtp1044854934]@3e473896{STARTED,8<=8<=14,i=2,r=1,q=0}[ReservedThreadExecutor@6a4b1be1{s=0/1,p=1}][pc=0,pic=0,pec=0,epc=0]@2020-09-25T13:18:52.6033811+02:00 m=PRODUCE_EXECUTE_CONSUME t=CEP:NetworkTrafficSocketChannelEndPoint@7aa4ec50{/127.0.0.1:65029<->/127.0.0.1:8080,OPEN,fill=FI,flush=-,to=1/30000}{io=1/0,kio=1,kro=1}->HttpConnection@6845abd8[p=HttpParser{s=START,0 of -1},g=HttpGenerator@4211309{s=START}]=>HttpChannelOverHttp@705c8720{s=HttpChannelState@355e074f{s=IDLE rs=BLOCKING os=OPEN is=IDLE awp=false se=false i=true al=0},r=0,c=false/false,a=IDLE,uri=null,age=0}:runFillable:BLOCKING/BLOCKING
13:18:52.603 [qtp1044854934-102] DEBUG org.eclipse.jetty.util.thread.QueuedThreadPool - queue CEP:NetworkTrafficSocketChannelEndPoint@7aa4ec50{/127.0.0.1:65029<->/127.0.0.1:8080,OPEN,fill=FI,flush=-,to=1/30000}{io=1/0,kio=1,kro=1}->HttpConnection@6845abd8[p=HttpParser{s=START,0 of -1},g=HttpGenerator@4211309{s=START}]=>HttpChannelOverHttp@705c8720{s=HttpChannelState@355e074f{s=IDLE rs=BLOCKING os=OPEN is=IDLE awp=false se=false i=true al=0},r=0,c=false/false,a=IDLE,uri=null,age=0}:runFillable:BLOCKING startThread=0
13:18:52.603 [qtp1044854934-102] DEBUG org.eclipse.jetty.io.ManagedSelector - updateable 0
13:18:52.604 [qtp1044854934-102] DEBUG org.eclipse.jetty.io.ManagedSelector - updates 0
13:18:52.604 [qtp1044854934-102] DEBUG org.eclipse.jetty.io.ChannelEndPoint - Key interests updated 1 -> 0 on NetworkTrafficSocketChannelEndPoint@7aa4ec50{/127.0.0.1:65029<->/127.0.0.1:8080,OPEN,fill=FI,flush=-,to=1/30000}{io=0/0,kio=0,kro=1}->HttpConnection@6845abd8[p=HttpParser{s=START,0 of -1},g=HttpGenerator@4211309{s=START}]=>HttpChannelOverHttp@705c8720{s=HttpChannelState@355e074f{s=IDLE rs=BLOCKING os=OPEN is=IDLE awp=false se=false i=true al=0},r=0,c=false/false,a=IDLE,uri=null,age=0}
13:18:52.604 [qtp1044854934-102] DEBUG org.eclipse.jetty.io.ManagedSelector - Selector sun.nio.ch.WindowsSelectorImpl@7436f8a6 waiting with 1 keys
13:18:52.611 [qtp1044854934-107] DEBUG org.eclipse.jetty.util.thread.QueuedThreadPool - Runner started for QueuedThreadPool[qtp1044854934]@3e473896{STARTED,8<=8<=14,i=1,r=1,q=0}[ReservedThreadExecutor@6a4b1be1{s=1/1,p=0}]
13:18:52.611 [qtp1044854934-107] DEBUG org.eclipse.jetty.util.thread.QueuedThreadPool - run CEP:NetworkTrafficSocketChannelEndPoint@7aa4ec50{/127.0.0.1:65029<->/127.0.0.1:8080,OPEN,fill=FI,flush=-,to=9/30000}{io=0/0,kio=0,kro=1}->HttpConnection@6845abd8[p=HttpParser{s=START,0 of -1},g=HttpGenerator@4211309{s=START}]=>HttpChannelOverHttp@705c8720{s=HttpChannelState@355e074f{s=IDLE rs=BLOCKING os=OPEN is=IDLE awp=false se=false i=true al=0},r=0,c=false/false,a=IDLE,uri=null,age=0}:runFillable:BLOCKING in QueuedThreadPool[qtp1044854934]@3e473896{STARTED,8<=8<=14,i=1,r=1,q=0}[ReservedThreadExecutor@6a4b1be1{s=1/1,p=0}]
13:18:52.611 [qtp1044854934-107] DEBUG org.eclipse.jetty.io.FillInterest - fillable FillInterest@10d0e12a{AC.ReadCB@6845abd8{HttpConnection@6845abd8::NetworkTrafficSocketChannelEndPoint@7aa4ec50{/127.0.0.1:65029<->/127.0.0.1:8080,OPEN,fill=FI,flush=-,to=9/30000}{io=0/0,kio=0,kro=1}->HttpConnection@6845abd8[p=HttpParser{s=START,0 of -1},g=HttpGenerator@4211309{s=START}]=>HttpChannelOverHttp@705c8720{s=HttpChannelState@355e074f{s=IDLE rs=BLOCKING os=OPEN is=IDLE awp=false se=false i=true al=0},r=0,c=false/false,a=IDLE,uri=null,age=0}}}
13:18:52.612 [qtp1044854934-107] DEBUG org.eclipse.jetty.server.HttpConnection - HttpConnection@6845abd8::NetworkTrafficSocketChannelEndPoint@7aa4ec50{/127.0.0.1:65029<->/127.0.0.1:8080,OPEN,fill=-,flush=-,to=9/30000}{io=0/0,kio=0,kro=1}->HttpConnection@6845abd8[p=HttpParser{s=START,0 of -1},g=HttpGenerator@4211309{s=START}]=>HttpChannelOverHttp@705c8720{s=HttpChannelState@355e074f{s=IDLE rs=BLOCKING os=OPEN is=IDLE awp=false se=false i=true al=0},r=0,c=false/false,a=IDLE,uri=null,age=0} onFillable enter HttpChannelState@355e074f{s=IDLE rs=BLOCKING os=OPEN is=IDLE awp=false se=false i=true al=0} null
13:18:52.612 [qtp1044854934-107] DEBUG org.eclipse.jetty.io.ChannelEndPoint - filled 860 HeapByteBuffer@756f77d8[p=0,l=860,c=8192,r=860]={<<<POST /__admin/mappings HT...ioState" : "Started"\r\n}>>>\x00\x00\x00\x00\x00\x00\x00\x00\x00...\x00\x00\x00\x00\x00\x00\x00}
13:18:52.612 [qtp1044854934-107] DEBUG org.eclipse.jetty.server.HttpConnection - HttpConnection@6845abd8::NetworkTrafficSocketChannelEndPoint@7aa4ec50{/127.0.0.1:65029<->/127.0.0.1:8080,OPEN,fill=-,flush=-,to=0/30000}{io=0/0,kio=0,kro=1}->HttpConnection@6845abd8[p=HttpParser{s=START,0 of -1},g=HttpGenerator@4211309{s=START}]=>HttpChannelOverHttp@705c8720{s=HttpChannelState@355e074f{s=IDLE rs=BLOCKING os=OPEN is=IDLE awp=false se=false i=true al=0},r=0,c=false/false,a=IDLE,uri=null,age=0} filled 860 HeapByteBuffer@756f77d8[p=0,l=860,c=8192,r=860]={<<<POST /__admin/mappings HT...ioState" : "Started"\r\n}>>>\x00\x00\x00\x00\x00\x00\x00\x00\x00...\x00\x00\x00\x00\x00\x00\x00}
13:18:52.612 [qtp1044854934-107] DEBUG org.eclipse.jetty.server.HttpConnection - HttpConnection@6845abd8::NetworkTrafficSocketChannelEndPoint@7aa4ec50{/127.0.0.1:65029<->/127.0.0.1:8080,OPEN,fill=-,flush=-,to=0/30000}{io=0/0,kio=0,kro=1}->HttpConnection@6845abd8[p=HttpParser{s=START,0 of -1},g=HttpGenerator@4211309{s=START}]=>HttpChannelOverHttp@705c8720{s=HttpChannelState@355e074f{s=IDLE rs=BLOCKING os=OPEN is=IDLE awp=false se=false i=true al=0},r=0,c=false/false,a=IDLE,uri=null,age=0} parse HeapByteBuffer@756f77d8[p=0,l=860,c=8192,r=860]={<<<POST /__admin/mappings HT...ioState" : "Started"\r\n}>>>\x00\x00\x00\x00\x00\x00\x00\x00\x00...\x00\x00\x00\x00\x00\x00\x00} {}
13:18:52.612 [qtp1044854934-107] DEBUG org.eclipse.jetty.http.HttpParser - parseNext s=START HeapByteBuffer@756f77d8[p=0,l=860,c=8192,r=860]={<<<POST /__admin/mappings HT...ioState" : "Started"\r\n}>>>\x00\x00\x00\x00\x00\x00\x00\x00\x00...\x00\x00\x00\x00\x00\x00\x00}
13:18:52.612 [qtp1044854934-107] DEBUG org.eclipse.jetty.http.HttpParser - START --> SPACE1
13:18:52.612 [qtp1044854934-107] DEBUG org.eclipse.jetty.http.HttpParser - SPACE1 --> URI
13:18:52.612 [qtp1044854934-107] DEBUG org.eclipse.jetty.http.HttpParser - URI --> SPACE2
13:18:52.612 [qtp1044854934-107] DEBUG org.eclipse.jetty.http.HttpParser - SPACE2 --> REQUEST_VERSION
13:18:52.612 [qtp1044854934-107] DEBUG org.eclipse.jetty.http.HttpParser - REQUEST_VERSION --> HEADER
13:18:52.612 [qtp1044854934-107] DEBUG org.eclipse.jetty.http.HttpParser - HEADER:Content-Length --> VALUE
13:18:52.612 [qtp1044854934-107] DEBUG org.eclipse.jetty.http.HttpParser - HEADER:Content-Length --> IN_VALUE
13:18:52.612 [qtp1044854934-107] DEBUG org.eclipse.jetty.http.HttpParser - HEADER:Content-Length --> FIELD
13:18:52.612 [qtp1044854934-107] DEBUG org.eclipse.jetty.http.HttpParser - HEADER:Content-Type: text/plain; charset=UTF-8 --> IN_VALUE
13:18:52.612 [qtp1044854934-107] DEBUG org.eclipse.jetty.http.HttpParser - HEADER:Content-Type: text/plain; charset=UTF-8 --> FIELD
13:18:52.612 [qtp1044854934-107] DEBUG org.eclipse.jetty.http.HttpParser - HEADER:Host --> VALUE
13:18:52.612 [qtp1044854934-107] DEBUG org.eclipse.jetty.http.HttpParser - HEADER:Host --> IN_VALUE
13:18:52.612 [qtp1044854934-107] DEBUG org.eclipse.jetty.http.HttpParser - HEADER:Host --> FIELD
13:18:52.612 [qtp1044854934-107] DEBUG org.eclipse.jetty.http.HttpParser - HEADER:Connection: keep-alive --> IN_VALUE
13:18:52.612 [qtp1044854934-107] DEBUG org.eclipse.jetty.http.HttpParser - HEADER:Connection: keep-alive --> FIELD
13:18:52.612 [qtp1044854934-107] DEBUG org.eclipse.jetty.http.HttpParser - HEADER:User-Agent --> VALUE
13:18:52.612 [qtp1044854934-107] DEBUG org.eclipse.jetty.http.HttpParser - HEADER:User-Agent --> IN_VALUE
13:18:52.613 [qtp1044854934-107] DEBUG org.eclipse.jetty.http.HttpParser - HEADER:User-Agent --> FIELD
13:18:52.613 [qtp1044854934-107] DEBUG org.eclipse.jetty.http.HttpParser - HEADER --> CONTENT
13:18:52.613 [qtp1044854934-107] DEBUG org.eclipse.jetty.server.HttpChannel - REQUEST for //localhost:8080/__admin/mappings on HttpChannelOverHttp@705c8720{s=HttpChannelState@355e074f{s=IDLE rs=BLOCKING os=OPEN is=IDLE awp=false se=false i=true al=0},r=1,c=false/false,a=IDLE,uri=//localhost:8080/__admin/mappings,age=0}
POST //localhost:8080/__admin/mappings HTTP/1.1
Content-Length: 665
Content-Type: text/plain; charset=UTF-8
Host: localhost:8080
Connection: keep-alive
User-Agent: Apache-HttpClient/4.5.12 (Java/11.0.2)


13:18:52.613 [qtp1044854934-107] DEBUG org.eclipse.jetty.server.HttpConnection - HttpConnection@6845abd8::NetworkTrafficSocketChannelEndPoint@7aa4ec50{/127.0.0.1:65029<->/127.0.0.1:8080,OPEN,fill=-,flush=-,to=1/30000}{io=0/0,kio=0,kro=1}->HttpConnection@6845abd8[p=HttpParser{s=CONTENT,0 of 665},g=HttpGenerator@4211309{s=START}]=>HttpChannelOverHttp@705c8720{s=HttpChannelState@355e074f{s=IDLE rs=BLOCKING os=OPEN is=IDLE awp=false se=false i=true al=0},r=1,c=false/false,a=IDLE,uri=//localhost:8080/__admin/mappings,age=0} parsed true HttpParser{s=CONTENT,0 of 665}
13:18:52.613 [qtp1044854934-107] DEBUG org.eclipse.jetty.server.HttpChannel - handle //localhost:8080/__admin/mappings HttpChannelOverHttp@705c8720{s=HttpChannelState@355e074f{s=IDLE rs=BLOCKING os=OPEN is=IDLE awp=false se=false i=true al=0},r=1,c=false/false,a=IDLE,uri=//localhost:8080/__admin/mappings,age=0} 
13:18:52.613 [qtp1044854934-107] DEBUG org.eclipse.jetty.server.HttpChannelState - handling HttpChannelState@355e074f{s=IDLE rs=BLOCKING os=OPEN is=IDLE awp=false se=false i=true al=0}
13:18:52.613 [qtp1044854934-107] DEBUG org.eclipse.jetty.server.HttpChannel - action DISPATCH HttpChannelOverHttp@705c8720{s=HttpChannelState@355e074f{s=HANDLING rs=BLOCKING os=OPEN is=IDLE awp=false se=false i=true al=0},r=1,c=false/false,a=HANDLING,uri=//localhost:8080/__admin/mappings,age=0}
13:18:52.613 [qtp1044854934-107] DEBUG org.eclipse.jetty.server.Server - REQUEST POST /__admin/mappings on HttpChannelOverHttp@705c8720{s=HttpChannelState@355e074f{s=HANDLING rs=BLOCKING os=OPEN is=IDLE awp=false se=false i=true al=0},r=1,c=false/false,a=HANDLING,uri=//localhost:8080/__admin/mappings,age=0}
13:18:52.613 [qtp1044854934-107] DEBUG org.eclipse.jetty.server.handler.ContextHandler - scope null||/__admin/mappings @ o.e.j.s.ServletContextHandler@5adf1b12{/__admin,null,AVAILABLE}
13:18:52.613 [qtp1044854934-107] DEBUG org.eclipse.jetty.server.handler.ContextHandler - context=/__admin||/mappings @ o.e.j.s.ServletContextHandler@5adf1b12{/__admin,null,AVAILABLE}
13:18:52.613 [qtp1044854934-107] DEBUG org.eclipse.jetty.servlet.ServletHandler - servlet /__admin|/mappings|null -> com.github.tomakehurst.wiremock.servlet.WireMockHandlerDispatchingServlet-1762ef63@fd0fff4e==com.github.tomakehurst.wiremock.servlet.WireMockHandlerDispatchingServlet,jsp=null,order=-1,inst=false,async=true
13:18:52.613 [qtp1044854934-107] DEBUG org.eclipse.jetty.servlet.ServletHandler - chain=org.eclipse.jetty.servlets.CrossOriginFilter-221545b0@221545b0==org.eclipse.jetty.servlets.CrossOriginFilter,inst=true,async=true->com.github.tomakehurst.wiremock.servlet.WireMockHandlerDispatchingServlet-1762ef63@fd0fff4e==com.github.tomakehurst.wiremock.servlet.WireMockHandlerDispatchingServlet,jsp=null,order=-1,inst=false,async=true
13:18:52.613 [qtp1044854934-107] DEBUG org.eclipse.jetty.servlet.ServletHolder - Servlet.init com.github.tomakehurst.wiremock.servlet.WireMockHandlerDispatchingServlet@7ba88705 for com.github.tomakehurst.wiremock.servlet.WireMockHandlerDispatchingServlet-1762ef63
13:18:52.802 [qtp1044854934-107] INFO org.eclipse.jetty.server.handler.ContextHandler.__admin - RequestHandlerClass from context returned com.github.tomakehurst.wiremock.http.AdminRequestHandler. Normalized mapped under returned 'null'
13:18:52.802 [qtp1044854934-107] DEBUG org.eclipse.jetty.servlet.ServletHandler - call filter org.eclipse.jetty.servlets.CrossOriginFilter-221545b0@221545b0==org.eclipse.jetty.servlets.CrossOriginFilter,inst=true,async=true
13:18:52.802 [qtp1044854934-108] DEBUG org.eclipse.jetty.util.thread.QueuedThreadPool - Runner started for QueuedThreadPool[qtp1044854934]@3e473896{STARTED,8<=8<=14,i=1,r=1,q=0}[ReservedThreadExecutor@6a4b1be1{s=1/1,p=0}]
13:18:52.802 [qtp1044854934-107] DEBUG org.eclipse.jetty.servlet.ServletHandler - call servlet com.github.tomakehurst.wiremock.servlet.WireMockHandlerDispatchingServlet-1762ef63@fd0fff4e==com.github.tomakehurst.wiremock.servlet.WireMockHandlerDispatchingServlet,jsp=null,order=-1,inst=true,async=true
13:18:52.803 [qtp1044854934-107] DEBUG org.eclipse.jetty.server.HttpConnection - HttpConnection@6845abd8::NetworkTrafficSocketChannelEndPoint@7aa4ec50{/127.0.0.1:65029<->/127.0.0.1:8080,OPEN,fill=-,flush=-,to=191/30000}{io=0/0,kio=0,kro=1}->HttpConnection@6845abd8[p=HttpParser{s=CONTENT,0 of 665},g=HttpGenerator@4211309{s=START}]=>HttpChannelOverHttp@705c8720{s=HttpChannelState@355e074f{s=HANDLING rs=BLOCKING os=OPEN is=IDLE awp=false se=false i=true al=0},r=1,c=false/false,a=HANDLING,uri=//localhost:8080/__admin/mappings,age=190} parse HeapByteBuffer@756f77d8[p=195,l=860,c=8192,r=665]={POST /__a....2)\r\n\r\n<<<{\r\n  "id" : "add91af6-cec...ioState" : "Started"\r\n}>>>\x00\x00\x00\x00\x00\x00\x00\x00\x00...\x00\x00\x00\x00\x00\x00\x00} {}
13:18:52.803 [qtp1044854934-107] DEBUG org.eclipse.jetty.http.HttpParser - parseNext s=CONTENT HeapByteBuffer@756f77d8[p=195,l=860,c=8192,r=665]={POST /__a....2)\r\n\r\n<<<{\r\n  "id" : "add91af6-cec...ioState" : "Started"\r\n}>>>\x00\x00\x00\x00\x00\x00\x00\x00\x00...\x00\x00\x00\x00\x00\x00\x00}
13:18:52.803 [qtp1044854934-107] DEBUG org.eclipse.jetty.server.HttpChannel - onContent HttpChannelOverHttp@705c8720{s=HttpChannelState@355e074f{s=HANDLING rs=BLOCKING os=OPEN is=IDLE awp=false se=false i=true al=0},r=1,c=false/false,a=HANDLING,uri=//localhost:8080/__admin/mappings,age=190} Content@7f971ca8{HeapByteBufferR@3a958d3e[p=195,l=860,c=8192,r=665]={POST /__a....2)\r\n\r\n<<<{\r\n  "id" : "add91af6-cec...ioState" : "Started"\r\n}>>>\x00\x00\x00\x00\x00\x00\x00\x00\x00...\x00\x00\x00\x00\x00\x00\x00}}
13:18:52.803 [qtp1044854934-107] DEBUG org.eclipse.jetty.server.HttpInput - HttpInputOverHTTP@344afc03[c=0,q=0,[0]=null,s=STREAM] addContent Content@7f971ca8{HeapByteBufferR@3a958d3e[p=195,l=860,c=8192,r=665]={POST /__a....2)\r\n\r\n<<<{\r\n  "id" : "add91af6-cec...ioState" : "Started"\r\n}>>>\x00\x00\x00\x00\x00\x00\x00\x00\x00...\x00\x00\x00\x00\x00\x00\x00}}
13:18:52.803 [qtp1044854934-107] DEBUG org.eclipse.jetty.http.HttpParser - CONTENT --> CONTENT_END
13:18:52.803 [qtp1044854934-107] DEBUG org.eclipse.jetty.server.HttpChannel - onContentComplete HttpChannelOverHttp@705c8720{s=HttpChannelState@355e074f{s=HANDLING rs=BLOCKING os=OPEN is=IDLE awp=false se=false i=true al=0},r=1,c=false/false,a=HANDLING,uri=//localhost:8080/__admin/mappings,age=190}
13:18:52.804 [qtp1044854934-107] DEBUG org.eclipse.jetty.http.HttpParser - CONTENT_END --> END
13:18:52.804 [qtp1044854934-107] DEBUG org.eclipse.jetty.server.HttpChannel - onRequestComplete HttpChannelOverHttp@705c8720{s=HttpChannelState@355e074f{s=HANDLING rs=BLOCKING os=OPEN is=IDLE awp=false se=false i=true al=0},r=1,c=false/false,a=HANDLING,uri=//localhost:8080/__admin/mappings,age=191}
13:18:52.804 [qtp1044854934-107] DEBUG org.eclipse.jetty.server.HttpInput - HttpInputOverHTTP@344afc03[c=0,q=1,[0]=EOF,s=STREAM] addContent EOF
13:18:52.804 [qtp1044854934-107] DEBUG org.eclipse.jetty.server.HttpConnection - HttpConnection@6845abd8::NetworkTrafficSocketChannelEndPoint@7aa4ec50{/127.0.0.1:65029<->/127.0.0.1:8080,OPEN,fill=-,flush=-,to=192/30000}{io=0/0,kio=0,kro=1}->HttpConnection@6845abd8[p=HttpParser{s=END,665 of 665},g=HttpGenerator@4211309{s=START}]=>HttpChannelOverHttp@705c8720{s=HttpChannelState@355e074f{s=HANDLING rs=BLOCKING os=OPEN is=IDLE awp=false se=false i=true al=0},r=1,c=false/false,a=HANDLING,uri=//localhost:8080/__admin/mappings,age=191} parsed false HttpParser{s=END,665 of 665}
13:18:52.804 [qtp1044854934-107] DEBUG org.eclipse.jetty.server.HttpInput - HttpInputOverHTTP@344afc03[c=665,q=1,[0]=EOF,s=STREAM] read 665 from Content@7f971ca8{HeapByteBufferR@3a958d3e[p=860,l=860,c=8192,r=0]={POST /__a...ted"\r\n}<<<>>>\x00\x00\x00\x00\x00\x00\x00\x00\x00...\x00\x00\x00\x00\x00\x00\x00}}
13:18:52.804 [qtp1044854934-107] DEBUG org.eclipse.jetty.server.HttpConnection - releaseRequestBuffer HttpConnection@6845abd8::NetworkTrafficSocketChannelEndPoint@7aa4ec50{/127.0.0.1:65029<->/127.0.0.1:8080,OPEN,fill=-,flush=-,to=192/30000}{io=0/0,kio=0,kro=1}->HttpConnection@6845abd8[p=HttpParser{s=END,665 of 665},g=HttpGenerator@4211309{s=START}]=>HttpChannelOverHttp@705c8720{s=HttpChannelState@355e074f{s=HANDLING rs=BLOCKING os=OPEN is=IDLE awp=false se=false i=true al=0},r=1,c=false/false,a=HANDLING,uri=//localhost:8080/__admin/mappings,age=191}
13:18:52.804 [qtp1044854934-107] DEBUG org.eclipse.jetty.server.HttpChannelState - onEof HttpChannelState@355e074f{s=HANDLING rs=BLOCKING os=OPEN is=IDLE awp=false se=false i=true al=0}
13:18:52.831 [qtp1044854934-107] DEBUG org.eclipse.jetty.server.HttpOutput - write(array HeapByteBuffer@5aba7271[p=0,l=665,c=8192,r=665]={<<<{\r\n  "id" : "add91af6-cec...ioState" : "Started"\r\n}>>>\x00\x00\x00\x00\x00\x00\x00\x00\x00...\x00\x00\x00\x00\x00\x00\x00})
13:18:52.831 [qtp1044854934-107] DEBUG org.eclipse.jetty.server.HttpOutput - write(array) s=OPEN,api=BLOCKING,sc=false,e=null aggregated !flush DirectByteBuffer@39f337c1[p=0,l=665,c=32768,r=665]={<<<{\r\n  "id" : "add91af6-cec...ioState" : "Started"\r\n}>>>\x00\x00\x00\x00\x00\x00\x00\x00\x00...\x00\x00\x00\x00\x00\x00\x00}
13:18:52.831 [qtp1044854934-107] DEBUG org.eclipse.jetty.server.HttpChannel - sendResponse info=null content=DirectByteBuffer@39f337c1[p=0,l=665,c=32768,r=665]={<<<{\r\n  "id" : "add91af6-cec...ioState" : "Started"\r\n}>>>\x00\x00\x00\x00\x00\x00\x00\x00\x00...\x00\x00\x00\x00\x00\x00\x00} complete=false committing=true callback=Blocker@1c1a390a{null}
13:18:52.831 [qtp1044854934-107] DEBUG org.eclipse.jetty.server.HttpChannel - COMMIT for /__admin/mappings on HttpChannelOverHttp@705c8720{s=HttpChannelState@355e074f{s=HANDLING rs=BLOCKING os=COMMITTED is=READY awp=false se=false i=true al=0},r=1,c=false/false,a=HANDLING,uri=//localhost:8080/__admin/mappings,age=218}
201 null HTTP/1.1
Content-Type: application/json


13:18:52.831 [qtp1044854934-107] DEBUG org.eclipse.jetty.server.HttpConnection - generate: NEED_HEADER for org.eclipse.jetty.server.HttpConnection$SendCallback@5754950b[PROCESSING][i=HTTP/1.1{s=201,h=1,cl=-1},cb=org.eclipse.jetty.server.HttpChannel$SendCallback@5ef44c6a] (null,[p=0,l=665,c=32768,r=665],false)@START
13:18:52.831 [qtp1044854934-107] DEBUG org.eclipse.jetty.http.HttpGenerator - generateHeaders HTTP/1.1{s=201,h=1,cl=-1} last=false content=DirectByteBuffer@39f337c1[p=0,l=665,c=32768,r=665]={<<<{\r\n  "id" : "add91af6-cec...ioState" : "Started"\r\n}>>>\x00\x00\x00\x00\x00\x00\x00\x00\x00...\x00\x00\x00\x00\x00\x00\x00}
13:18:52.831 [qtp1044854934-107] DEBUG org.eclipse.jetty.http.HttpGenerator - Content-Type: application/json


13:18:52.831 [qtp1044854934-107] DEBUG org.eclipse.jetty.http.HttpGenerator - CHUNKED_CONTENT
13:18:52.831 [qtp1044854934-107] DEBUG org.eclipse.jetty.server.HttpConnection - generate: FLUSH for org.eclipse.jetty.server.HttpConnection$SendCallback@5754950b[PROCESSING][i=HTTP/1.1{s=201,h=1,cl=-1},cb=org.eclipse.jetty.server.HttpChannel$SendCallback@5ef44c6a] ([p=0,l=122,c=8192,r=122],[p=0,l=665,c=32768,r=665],false)@COMMITTED
13:18:52.831 [qtp1044854934-107] DEBUG org.eclipse.jetty.io.WriteFlusher - write: WriteFlusher@7e99254a{IDLE}->null [HeapByteBuffer@756f77d8[p=0,l=122,c=8192,r=122]={<<<HTTP/1.1 201 Created\r\nCon....28.v20200408)\r\n\r\n299\r\n>>>ction: Ke...\x00\x00\x00\x00\x00\x00\x00},DirectByteBuffer@39f337c1[p=0,l=665,c=32768,r=665]={<<<{\r\n  "id" : "add91af6-cec...ioState" : "Started"\r\n}>>>\x00\x00\x00\x00\x00\x00\x00\x00\x00...\x00\x00\x00\x00\x00\x00\x00}]
13:18:52.832 [qtp1044854934-107] DEBUG org.eclipse.jetty.io.WriteFlusher - update WriteFlusher@7e99254a{WRITING}->null:IDLE-->WRITING
13:18:52.832 [Test worker] DEBUG org.apache.http.wire - http-outgoing-5 << "HTTP/1.1 201 Created[\r][\n]"
13:18:52.832 [Test worker] DEBUG org.apache.http.wire - http-outgoing-5 << "Content-Type: application/json[\r][\n]"
13:18:52.832 [Test worker] DEBUG org.apache.http.wire - http-outgoing-5 << "Transfer-Encoding: chunked[\r][\n]"
13:18:52.832 [Test worker] DEBUG org.apache.http.wire - http-outgoing-5 << "Server: Jetty(9.4.28.v20200408)[\r][\n]"
13:18:52.832 [Test worker] DEBUG org.apache.http.wire - http-outgoing-5 << "[\r][\n]"
13:18:52.832 [Test worker] DEBUG org.apache.http.wire - http-outgoing-5 << "299[\r][\n]"
13:18:52.832 [qtp1044854934-107] DEBUG org.eclipse.jetty.io.ChannelEndPoint - flushed 122 NetworkTrafficSocketChannelEndPoint@7aa4ec50{/127.0.0.1:65029<->/127.0.0.1:8080,OPEN,fill=-,flush=W,to=220/30000}{io=0/0,kio=0,kro=1}->HttpConnection@6845abd8[p=HttpParser{s=END,665 of 665},g=HttpGenerator@4211309{s=COMMITTED}]=>HttpChannelOverHttp@705c8720{s=HttpChannelState@355e074f{s=HANDLING rs=BLOCKING os=COMMITTED is=READY awp=false se=false i=true al=0},r=1,c=false/false,a=HANDLING,uri=//localhost:8080/__admin/mappings,age=219}
13:18:52.832 [Test worker] DEBUG org.apache.http.headers - http-outgoing-5 << HTTP/1.1 201 Created
13:18:52.832 [Test worker] DEBUG org.apache.http.headers - http-outgoing-5 << Content-Type: application/json
13:18:52.832 [Test worker] DEBUG org.apache.http.headers - http-outgoing-5 << Transfer-Encoding: chunked
13:18:52.832 [Test worker] DEBUG org.apache.http.headers - http-outgoing-5 << Server: Jetty(9.4.28.v20200408)
13:18:52.832 [qtp1044854934-107] DEBUG org.eclipse.jetty.io.ChannelEndPoint - flushed 665 NetworkTrafficSocketChannelEndPoint@7aa4ec50{/127.0.0.1:65029<->/127.0.0.1:8080,OPEN,fill=-,flush=W,to=0/30000}{io=0/0,kio=0,kro=1}->HttpConnection@6845abd8[p=HttpParser{s=END,665 of 665},g=HttpGenerator@4211309{s=COMMITTED}]=>HttpChannelOverHttp@705c8720{s=HttpChannelState@355e074f{s=HANDLING rs=BLOCKING os=COMMITTED is=READY awp=false se=false i=true al=0},r=1,c=false/false,a=HANDLING,uri=//localhost:8080/__admin/mappings,age=219}
13:18:52.832 [qtp1044854934-107] DEBUG org.eclipse.jetty.io.WriteFlusher - Flushed=true written=787 remaining=0 WriteFlusher@7e99254a{WRITING}->null
13:18:52.832 [Test worker] DEBUG org.apache.http.impl.execchain.MainClientExec - Connection can be kept alive indefinitely
13:18:52.833 [Test worker] DEBUG org.apache.http.wire - http-outgoing-5 << "{[\r][\n]"
13:18:52.833 [Test worker] DEBUG org.apache.http.wire - http-outgoing-5 << "  "id" : "add91af6-cec2-498d-be2a-9ef483f16aae",[\r][\n]"
13:18:52.833 [Test worker] DEBUG org.apache.http.wire - http-outgoing-5 << "  "request" : {[\r][\n]"
13:18:52.833 [Test worker] DEBUG org.apache.http.wire - http-outgoing-5 << "    "url" : "/api/v0/components/provision-adapters/jobs",[\r][\n]"
13:18:52.833 [Test worker] DEBUG org.apache.http.wire - http-outgoing-5 << "    "method" : "POST",[\r][\n]"
13:18:52.833 [Test worker] DEBUG org.apache.http.wire - http-outgoing-5 << "    "headers" : {[\r][\n]"
13:18:52.833 [Test worker] DEBUG org.apache.http.wire - http-outgoing-5 << "      "Content-Type" : {[\r][\n]"
13:18:52.833 [Test worker] DEBUG org.apache.http.wire - http-outgoing-5 << "        "equalTo" : "application/json"[\r][\n]"
13:18:52.833 [Test worker] DEBUG org.apache.http.wire - http-outgoing-5 << "      }[\r][\n]"
13:18:52.833 [Test worker] DEBUG org.apache.http.wire - http-outgoing-5 << "    },[\r][\n]"
13:18:52.833 [Test worker] DEBUG org.apache.http.wire - http-outgoing-5 << "    "bodyPatterns" : [ {[\r][\n]"
13:18:52.833 [Test worker] DEBUG org.apache.http.wire - http-outgoing-5 << "      "equalTo" : "{\"id\":\"2ec10139-2dfd-465c-8b35-b176fd9db069\",\"product\":\"08e3492b-1227-4699-8aae-29423c1d56c8\",\"configurationSubset\":\"ue-dev-build\",\"answers\":{\"var1\":\"TEST\"}}"[\r][\n]"
13:18:52.833 [Test worker] DEBUG org.apache.http.wire - http-outgoing-5 << "    } ][\r][\n]"
13:18:52.833 [Test worker] DEBUG org.apache.http.wire - http-outgoing-5 << "  },[\r][\n]"
13:18:52.833 [Test worker] DEBUG org.apache.http.wire - http-outgoing-5 << "  "response" : {[\r][\n]"
13:18:52.833 [Test worker] DEBUG org.apache.http.wire - http-outgoing-5 << "    "status" : 401[\r][\n]"
13:18:52.833 [Test worker] DEBUG org.apache.http.wire - http-outgoing-5 << "  },[\r][\n]"
13:18:52.833 [Test worker] DEBUG org.apache.http.wire - http-outgoing-5 << "  "uuid" : "add91af6-cec2-498d-be2a-9ef483f16aae",[\r][\n]"
13:18:52.833 [Test worker] DEBUG org.apache.http.wire - http-outgoing-5 << "  "scenarioName" : "unAuthorized",[\r][\n]"
13:18:52.833 [Test worker] DEBUG org.apache.http.wire - http-outgoing-5 << "  "requiredScenarioState" : "Started"[\r][\n]"
13:18:52.833 [Test worker] DEBUG org.apache.http.wire - http-outgoing-5 << "}"
13:18:52.834 [qtp1044854934-107] DEBUG org.eclipse.jetty.io.WriteFlusher - update WriteFlusher@7e99254a{IDLE}->null:WRITING-->IDLE
13:18:52.834 [qtp1044854934-107] DEBUG org.eclipse.jetty.server.HttpConnection - generate: DONE for org.eclipse.jetty.server.HttpConnection$SendCallback@5754950b[PROCESSING][i=HTTP/1.1{s=201,h=1,cl=-1},cb=org.eclipse.jetty.server.HttpChannel$SendCallback@5ef44c6a] ([p=122,l=122,c=8192,r=0],[p=665,l=665,c=32768,r=0],false)@COMMITTED
13:18:52.834 [qtp1044854934-107] DEBUG org.eclipse.jetty.server.HttpOutput - onWriteComplete(false,null) s=OPEN,api=BLOCKED,sc=false,e=null->s=OPEN,api=BLOCKING,sc=false,e=null c=null cb=null w=false
13:18:52.834 [qtp1044854934-107] DEBUG org.eclipse.jetty.server.HttpOutput - close() s=CLOSING,api=BLOCKED,sc=false,e=null c=HeapByteBuffer@137d328[p=0,l=0,c=0,r=0]={<<<>>>} b=Blocker@1c1a390a{null}
13:18:52.834 [qtp1044854934-107] DEBUG org.eclipse.jetty.server.HttpChannel - sendResponse info=null content=HeapByteBuffer@137d328[p=0,l=0,c=0,r=0]={<<<>>>} complete=true committing=false callback=Blocker@1c1a390a{null}
13:18:52.834 [qtp1044854934-107] DEBUG org.eclipse.jetty.server.HttpConnection - generate: CONTINUE for org.eclipse.jetty.server.HttpConnection$SendCallback@5754950b[PROCESSING][i=null,cb=org.eclipse.jetty.server.HttpChannel$SendCallback@330681fa] (null,[p=0,l=0,c=0,r=0],true)@COMPLETING
13:18:52.834 [qtp1044854934-107] DEBUG org.eclipse.jetty.server.HttpConnection - generate: NEED_CHUNK for org.eclipse.jetty.server.HttpConnection$SendCallback@5754950b[PROCESSING][i=null,cb=org.eclipse.jetty.server.HttpChannel$SendCallback@330681fa] (null,[p=0,l=0,c=0,r=0],true)@COMPLETING
13:18:52.834 [qtp1044854934-107] DEBUG org.eclipse.jetty.server.HttpConnection - generate: FLUSH for org.eclipse.jetty.server.HttpConnection$SendCallback@5754950b[PROCESSING][i=null,cb=org.eclipse.jetty.server.HttpChannel$SendCallback@330681fa] (null,[p=0,l=0,c=0,r=0],true)@COMPLETING
13:18:52.834 [qtp1044854934-107] DEBUG org.eclipse.jetty.io.WriteFlusher - write: WriteFlusher@7e99254a{IDLE}->null [HeapByteBuffer@4009a65c[p=0,l=7,c=1024,r=7]={<<<\r\n0\r\n\r\n>>>\x00\x00\x00\x00\x00\x00\x00\x00\x00...\x00\x00\x00\x00\x00\x00\x00}]
13:18:52.834 [qtp1044854934-107] DEBUG org.eclipse.jetty.io.WriteFlusher - update WriteFlusher@7e99254a{WRITING}->null:IDLE-->WRITING
13:18:52.834 [Test worker] DEBUG org.apache.http.wire - http-outgoing-5 << "[\r][\n]"
13:18:52.834 [Test worker] DEBUG org.apache.http.wire - http-outgoing-5 << "0[\r][\n]"
13:18:52.834 [Test worker] DEBUG org.apache.http.wire - http-outgoing-5 << "[\r][\n]"
13:18:52.834 [Test worker] DEBUG org.apache.http.impl.conn.PoolingHttpClientConnectionManager - Connection [id: 5][route: {}->http://localhost:8080] can be kept alive indefinitely
13:18:52.834 [Test worker] DEBUG org.apache.http.impl.conn.DefaultManagedHttpClientConnection - http-outgoing-5: set socket timeout to 0
13:18:52.835 [Test worker] DEBUG org.apache.http.impl.conn.PoolingHttpClientConnectionManager - Connection released: [id: 5][route: {}->http://localhost:8080][total available: 1; route allocated: 1 of 5; total allocated: 1 of 50]
13:18:52.835 [qtp1044854934-107] DEBUG org.eclipse.jetty.io.ChannelEndPoint - flushed 7 NetworkTrafficSocketChannelEndPoint@7aa4ec50{/127.0.0.1:65029<->/127.0.0.1:8080,OPEN,fill=-,flush=W,to=2/30000}{io=0/0,kio=0,kro=1}->HttpConnection@6845abd8[p=HttpParser{s=END,665 of 665},g=HttpGenerator@4211309{s=COMPLETING}]=>HttpChannelOverHttp@705c8720{s=HttpChannelState@355e074f{s=HANDLING rs=BLOCKING os=COMMITTED is=READY awp=false se=false i=true al=0},r=1,c=false/false,a=HANDLING,uri=//localhost:8080/__admin/mappings,age=222}
13:18:52.835 [qtp1044854934-107] DEBUG org.eclipse.jetty.io.WriteFlusher - Flushed=true written=7 remaining=0 WriteFlusher@7e99254a{WRITING}->null
13:18:52.835 [qtp1044854934-107] DEBUG org.eclipse.jetty.io.WriteFlusher - update WriteFlusher@7e99254a{IDLE}->null:WRITING-->IDLE
13:18:52.835 [qtp1044854934-107] DEBUG org.eclipse.jetty.server.HttpConnection - generate: DONE for org.eclipse.jetty.server.HttpConnection$SendCallback@5754950b[PROCESSING][i=null,cb=org.eclipse.jetty.server.HttpChannel$SendCallback@330681fa] (null,[p=0,l=0,c=0,r=0],true)@END
13:18:52.835 [qtp1044854934-107] DEBUG org.eclipse.jetty.server.HttpOutput - onWriteComplete(true,null) s=CLOSING,api=BLOCKED,sc=false,e=null->s=CLOSED,api=BLOCKING,sc=false,e=null c=null cb=null w=false
13:18:52.835 [qtp1044854934-107] DEBUG org.eclipse.jetty.server.handler.gzip.GzipHandler - GzipHandler@4d61717f{STARTED,min=32,inflate=-1} handle Request[POST //localhost:8080/__admin/mappings]@3ce2252b in null
13:18:52.835 [qtp1044854934-107] DEBUG org.eclipse.jetty.server.handler.ContextHandler - scope null||/__admin/mappings @ o.e.j.s.ServletContextHandler@769fbc24{/,null,AVAILABLE}
13:18:52.835 [qtp1044854934-107] DEBUG org.eclipse.jetty.server.Server - handled=true async=false committed=true on HttpChannelOverHttp@705c8720{s=HttpChannelState@355e074f{s=HANDLING rs=BLOCKING os=COMPLETED is=READY awp=false se=false i=true al=0},r=1,c=false/true,a=HANDLING,uri=//localhost:8080/__admin/mappings,age=222}
13:18:52.835 [qtp1044854934-107] DEBUG org.eclipse.jetty.server.HttpChannelState - unhandle HttpChannelState@355e074f{s=HANDLING rs=BLOCKING os=COMPLETED is=READY awp=false se=false i=true al=0}
13:18:52.835 [qtp1044854934-107] DEBUG org.eclipse.jetty.server.HttpChannelState - nextAction(false) COMPLETE HttpChannelState@355e074f{s=HANDLING rs=COMPLETING os=COMPLETED is=READY awp=false se=false i=false al=0}
13:18:52.835 [qtp1044854934-107] DEBUG org.eclipse.jetty.server.HttpChannel - action COMPLETE HttpChannelOverHttp@705c8720{s=HttpChannelState@355e074f{s=HANDLING rs=COMPLETING os=COMPLETED is=READY awp=false se=false i=false al=0},r=1,c=false/true,a=HANDLING,uri=//localhost:8080/__admin/mappings,age=222}
13:18:52.835 [qtp1044854934-107] DEBUG org.eclipse.jetty.server.HttpOutput - complete(org.eclipse.jetty.util.Callback$4@b66e488) s=CLOSED,api=BLOCKING,sc=false,e=null s=true e=null, c=null
13:18:52.836 [qtp1044854934-107] DEBUG org.eclipse.jetty.server.HttpChannelState - completed HttpChannelState@355e074f{s=HANDLING rs=COMPLETING os=COMPLETED is=READY awp=false se=false i=false al=0}
13:18:52.836 [qtp1044854934-107] DEBUG org.eclipse.jetty.server.HttpChannelState - unhandle HttpChannelState@355e074f{s=HANDLING rs=COMPLETED os=COMPLETED is=READY awp=false se=false i=false al=0}
13:18:52.836 [qtp1044854934-107] DEBUG org.eclipse.jetty.server.HttpChannelState - nextAction(false) TERMINATED HttpChannelState@355e074f{s=IDLE rs=COMPLETED os=COMPLETED is=READY awp=false se=false i=false al=0}
13:18:52.836 [qtp1044854934-107] DEBUG org.eclipse.jetty.server.HttpChannel - action TERMINATED HttpChannelOverHttp@705c8720{s=HttpChannelState@355e074f{s=IDLE rs=COMPLETED os=COMPLETED is=READY awp=false se=false i=false al=0},r=1,c=true/true,a=IDLE,uri=//localhost:8080/__admin/mappings,age=223}
13:18:52.836 [qtp1044854934-107] DEBUG org.eclipse.jetty.server.HttpChannel - onCompleted for /__admin/mappings written=665
13:18:52.836 [qtp1044854934-107] DEBUG org.eclipse.jetty.server.HttpChannelState - recycle HttpChannelState@355e074f{s=IDLE rs=COMPLETED os=COMPLETED is=READY awp=false se=false i=false al=0}
13:18:52.836 [qtp1044854934-107] DEBUG org.eclipse.jetty.http.HttpParser - reset HttpParser{s=END,665 of 665}
13:18:52.836 [qtp1044854934-107] DEBUG org.eclipse.jetty.http.HttpParser - END --> START
13:18:52.836 [qtp1044854934-107] DEBUG org.eclipse.jetty.server.HttpChannel - !handle TERMINATED HttpChannelOverHttp@705c8720{s=HttpChannelState@355e074f{s=IDLE rs=BLOCKING os=OPEN is=IDLE awp=false se=false i=true al=0},r=1,c=false/false,a=IDLE,uri=null,age=0}
13:18:52.836 [qtp1044854934-107] DEBUG org.eclipse.jetty.io.ChannelEndPoint - filled 0 HeapByteBuffer@756f77d8[p=0,l=0,c=8192,r=0]={<<<>>>HTTP/1.1 ...\x00\x00\x00\x00\x00\x00\x00}
13:18:52.836 [qtp1044854934-107] DEBUG org.eclipse.jetty.io.ChannelEndPoint - filled 0 HeapByteBuffer@756f77d8[p=0,l=0,c=8192,r=0]={<<<>>>HTTP/1.1 ...\x00\x00\x00\x00\x00\x00\x00}
13:18:52.836 [qtp1044854934-107] DEBUG org.eclipse.jetty.server.HttpConnection - HttpConnection@6845abd8::NetworkTrafficSocketChannelEndPoint@7aa4ec50{/127.0.0.1:65029<->/127.0.0.1:8080,OPEN,fill=-,flush=-,to=1/30000}{io=0/0,kio=0,kro=1}->HttpConnection@6845abd8[p=HttpParser{s=START,0 of -1},g=HttpGenerator@4211309{s=START}]=>HttpChannelOverHttp@705c8720{s=HttpChannelState@355e074f{s=IDLE rs=BLOCKING os=OPEN is=IDLE awp=false se=false i=true al=0},r=1,c=false/false,a=IDLE,uri=null,age=0} filled 0 HeapByteBuffer@756f77d8[p=0,l=0,c=8192,r=0]={<<<>>>HTTP/1.1 ...\x00\x00\x00\x00\x00\x00\x00}
13:18:52.836 [qtp1044854934-107] DEBUG org.eclipse.jetty.server.HttpConnection - HttpConnection@6845abd8::NetworkTrafficSocketChannelEndPoint@7aa4ec50{/127.0.0.1:65029<->/127.0.0.1:8080,OPEN,fill=-,flush=-,to=1/30000}{io=0/0,kio=0,kro=1}->HttpConnection@6845abd8[p=HttpParser{s=START,0 of -1},g=HttpGenerator@4211309{s=START}]=>HttpChannelOverHttp@705c8720{s=HttpChannelState@355e074f{s=IDLE rs=BLOCKING os=OPEN is=IDLE awp=false se=false i=true al=0},r=1,c=false/false,a=IDLE,uri=null,age=0} parse HeapByteBuffer@756f77d8[p=0,l=0,c=8192,r=0]={<<<>>>HTTP/1.1 ...\x00\x00\x00\x00\x00\x00\x00} {}
13:18:52.836 [qtp1044854934-107] DEBUG org.eclipse.jetty.http.HttpParser - parseNext s=START HeapByteBuffer@756f77d8[p=0,l=0,c=8192,r=0]={<<<>>>HTTP/1.1 ...\x00\x00\x00\x00\x00\x00\x00}
13:18:52.836 [qtp1044854934-107] DEBUG org.eclipse.jetty.server.HttpConnection - HttpConnection@6845abd8::NetworkTrafficSocketChannelEndPoint@7aa4ec50{/127.0.0.1:65029<->/127.0.0.1:8080,OPEN,fill=-,flush=-,to=1/30000}{io=0/0,kio=0,kro=1}->HttpConnection@6845abd8[p=HttpParser{s=START,0 of -1},g=HttpGenerator@4211309{s=START}]=>HttpChannelOverHttp@705c8720{s=HttpChannelState@355e074f{s=IDLE rs=BLOCKING os=OPEN is=IDLE awp=false se=false i=true al=0},r=1,c=false/false,a=IDLE,uri=null,age=0} parsed false HttpParser{s=START,0 of -1}
13:18:52.836 [qtp1044854934-107] DEBUG org.eclipse.jetty.server.HttpConnection - releaseRequestBuffer HttpConnection@6845abd8::NetworkTrafficSocketChannelEndPoint@7aa4ec50{/127.0.0.1:65029<->/127.0.0.1:8080,OPEN,fill=-,flush=-,to=1/30000}{io=0/0,kio=0,kro=1}->HttpConnection@6845abd8[p=HttpParser{s=START,0 of -1},g=HttpGenerator@4211309{s=START}]=>HttpChannelOverHttp@705c8720{s=HttpChannelState@355e074f{s=IDLE rs=BLOCKING os=OPEN is=IDLE awp=false se=false i=true al=0},r=1,c=false/false,a=IDLE,uri=null,age=0}
13:18:52.836 [qtp1044854934-107] DEBUG org.eclipse.jetty.io.AbstractConnection - fillInterested HttpConnection@6845abd8::NetworkTrafficSocketChannelEndPoint@7aa4ec50{/127.0.0.1:65029<->/127.0.0.1:8080,OPEN,fill=-,flush=-,to=1/30000}{io=0/0,kio=0,kro=1}->HttpConnection@6845abd8[p=HttpParser{s=START,0 of -1},g=HttpGenerator@4211309{s=START}]=>HttpChannelOverHttp@705c8720{s=HttpChannelState@355e074f{s=IDLE rs=BLOCKING os=OPEN is=IDLE awp=false se=false i=true al=0},r=1,c=false/false,a=IDLE,uri=null,age=0}
13:18:52.837 [qtp1044854934-107] DEBUG org.eclipse.jetty.io.FillInterest - interested FillInterest@10d0e12a{AC.ReadCB@6845abd8{HttpConnection@6845abd8::NetworkTrafficSocketChannelEndPoint@7aa4ec50{/127.0.0.1:65029<->/127.0.0.1:8080,OPEN,fill=FI,flush=-,to=0/30000}{io=0/0,kio=0,kro=1}->HttpConnection@6845abd8[p=HttpParser{s=START,0 of -1},g=HttpGenerator@4211309{s=START}]=>HttpChannelOverHttp@705c8720{s=HttpChannelState@355e074f{s=IDLE rs=BLOCKING os=OPEN is=IDLE awp=false se=false i=true al=0},r=1,c=false/false,a=IDLE,uri=null,age=0}}}
13:18:52.837 [qtp1044854934-107] DEBUG org.eclipse.jetty.io.ChannelEndPoint - changeInterests p=false 0->1 for NetworkTrafficSocketChannelEndPoint@7aa4ec50{/127.0.0.1:65029<->/127.0.0.1:8080,OPEN,fill=FI,flush=-,to=0/30000}{io=0/1,kio=0,kro=1}->HttpConnection@6845abd8[p=HttpParser{s=START,0 of -1},g=HttpGenerator@4211309{s=START}]=>HttpChannelOverHttp@705c8720{s=HttpChannelState@355e074f{s=IDLE rs=BLOCKING os=OPEN is=IDLE awp=false se=false i=true al=0},r=1,c=false/false,a=IDLE,uri=null,age=0}
13:18:52.837 [qtp1044854934-107] DEBUG org.eclipse.jetty.io.ManagedSelector - Queued change org.eclipse.jetty.io.ChannelEndPoint$1@5571f800 on ManagedSelector@2114e303{STARTED} id=1 keys=1 selected=0 updates=0
13:18:52.837 [qtp1044854934-107] DEBUG org.eclipse.jetty.io.ManagedSelector - Wakeup on submit ManagedSelector@2114e303{STARTED} id=1 keys=1 selected=0 updates=1
13:18:52.837 [qtp1044854934-102] DEBUG org.eclipse.jetty.io.ManagedSelector - Selector sun.nio.ch.WindowsSelectorImpl@7436f8a6 woken with none selected
13:18:52.837 [qtp1044854934-102] DEBUG org.eclipse.jetty.io.ManagedSelector - Selector sun.nio.ch.WindowsSelectorImpl@7436f8a6 woken up from select, 0/0/1 selected
13:18:52.837 [qtp1044854934-102] DEBUG org.eclipse.jetty.io.ManagedSelector - Selector sun.nio.ch.WindowsSelectorImpl@7436f8a6 processing 0 keys, 1 updates
13:18:52.837 [Test worker] DEBUG org.apache.http.impl.conn.PoolingHttpClientConnectionManager - Connection request: [route: {}->http://localhost:8080][total available: 1; route allocated: 1 of 5; total allocated: 1 of 50]
13:18:52.837 [qtp1044854934-102] DEBUG org.eclipse.jetty.io.ManagedSelector - updateable 1
13:18:52.837 [qtp1044854934-102] DEBUG org.eclipse.jetty.io.ManagedSelector - update org.eclipse.jetty.io.ChannelEndPoint$1@5571f800
13:18:52.837 [Test worker] DEBUG org.apache.http.impl.conn.PoolingHttpClientConnectionManager - Connection leased: [id: 5][route: {}->http://localhost:8080][total available: 0; route allocated: 1 of 5; total allocated: 1 of 50]
13:18:52.837 [Test worker] DEBUG org.apache.http.impl.conn.DefaultManagedHttpClientConnection - http-outgoing-5: set socket timeout to 30000
13:18:52.837 [Test worker] DEBUG org.apache.http.impl.execchain.MainClientExec - Stale connection check
13:18:52.837 [qtp1044854934-102] DEBUG org.eclipse.jetty.io.ChannelEndPoint - Key interests updated 0 -> 1 on NetworkTrafficSocketChannelEndPoint@7aa4ec50{/127.0.0.1:65029<->/127.0.0.1:8080,OPEN,fill=FI,flush=-,to=0/30000}{io=1/1,kio=1,kro=1}->HttpConnection@6845abd8[p=HttpParser{s=START,0 of -1},g=HttpGenerator@4211309{s=START}]=>HttpChannelOverHttp@705c8720{s=HttpChannelState@355e074f{s=IDLE rs=BLOCKING os=OPEN is=IDLE awp=false se=false i=true al=0},r=1,c=false/false,a=IDLE,uri=null,age=0}
13:18:52.837 [qtp1044854934-102] DEBUG org.eclipse.jetty.io.ManagedSelector - updates 0
13:18:52.837 [qtp1044854934-102] DEBUG org.eclipse.jetty.io.ManagedSelector - Selector sun.nio.ch.WindowsSelectorImpl@7436f8a6 waiting with 1 keys
13:18:52.837 [qtp1044854934-107] DEBUG org.eclipse.jetty.server.HttpConnection - HttpConnection@6845abd8::NetworkTrafficSocketChannelEndPoint@7aa4ec50{/127.0.0.1:65029<->/127.0.0.1:8080,OPEN,fill=FI,flush=-,to=0/30000}{io=1/1,kio=1,kro=1}->HttpConnection@6845abd8[p=HttpParser{s=START,0 of -1},g=HttpGenerator@4211309{s=START}]=>HttpChannelOverHttp@705c8720{s=HttpChannelState@355e074f{s=IDLE rs=BLOCKING os=OPEN is=IDLE awp=false se=false i=true al=0},r=1,c=false/false,a=IDLE,uri=null,age=0} onFillable exit HttpChannelState@355e074f{s=IDLE rs=BLOCKING os=OPEN is=IDLE awp=false se=false i=true al=0} null
13:18:52.837 [qtp1044854934-107] DEBUG org.eclipse.jetty.util.thread.QueuedThreadPool - ran CEP:NetworkTrafficSocketChannelEndPoint@7aa4ec50{/127.0.0.1:65029<->/127.0.0.1:8080,OPEN,fill=FI,flush=-,to=0/30000}{io=1/1,kio=1,kro=1}->HttpConnection@6845abd8[p=HttpParser{s=START,0 of -1},g=HttpGenerator@4211309{s=START}]=>HttpChannelOverHttp@705c8720{s=HttpChannelState@355e074f{s=IDLE rs=BLOCKING os=OPEN is=IDLE awp=false se=false i=true al=0},r=1,c=false/false,a=IDLE,uri=null,age=0}:runFillable:BLOCKING in QueuedThreadPool[qtp1044854934]@3e473896{STARTED,8<=8<=14,i=1,r=1,q=0}[ReservedThreadExecutor@6a4b1be1{s=1/1,p=0}]
13:18:52.839 [Test worker] DEBUG org.apache.http.wire - http-outgoing-5 << "[read] I/O error: Read timed out"
13:18:52.839 [Test worker] DEBUG org.apache.http.impl.execchain.MainClientExec - Executing request POST /__admin/mappings HTTP/1.1
13:18:52.839 [Test worker] DEBUG org.apache.http.impl.execchain.MainClientExec - Target auth state: UNCHALLENGED
13:18:52.839 [Test worker] DEBUG org.apache.http.impl.execchain.MainClientExec - Proxy auth state: UNCHALLENGED
13:18:52.839 [Test worker] DEBUG org.apache.http.headers - http-outgoing-5 >> POST /__admin/mappings HTTP/1.1
13:18:52.839 [Test worker] DEBUG org.apache.http.headers - http-outgoing-5 >> Content-Length: 678
13:18:52.839 [Test worker] DEBUG org.apache.http.headers - http-outgoing-5 >> Content-Type: text/plain; charset=UTF-8
13:18:52.839 [Test worker] DEBUG org.apache.http.headers - http-outgoing-5 >> Host: localhost:8080
13:18:52.839 [Test worker] DEBUG org.apache.http.headers - http-outgoing-5 >> Connection: Keep-Alive
13:18:52.839 [Test worker] DEBUG org.apache.http.headers - http-outgoing-5 >> User-Agent: Apache-HttpClient/4.5.12 (Java/11.0.2)
13:18:52.839 [Test worker] DEBUG org.apache.http.wire - http-outgoing-5 >> "POST /__admin/mappings HTTP/1.1[\r][\n]"
13:18:52.839 [Test worker] DEBUG org.apache.http.wire - http-outgoing-5 >> "Content-Length: 678[\r][\n]"
13:18:52.839 [Test worker] DEBUG org.apache.http.wire - http-outgoing-5 >> "Content-Type: text/plain; charset=UTF-8[\r][\n]"
13:18:52.839 [Test worker] DEBUG org.apache.http.wire - http-outgoing-5 >> "Host: localhost:8080[\r][\n]"
13:18:52.839 [Test worker] DEBUG org.apache.http.wire - http-outgoing-5 >> "Connection: Keep-Alive[\r][\n]"
13:18:52.839 [Test worker] DEBUG org.apache.http.wire - http-outgoing-5 >> "User-Agent: Apache-HttpClient/4.5.12 (Java/11.0.2)[\r][\n]"
13:18:52.839 [Test worker] DEBUG org.apache.http.wire - http-outgoing-5 >> "[\r][\n]"
13:18:52.839 [Test worker] DEBUG org.apache.http.wire - http-outgoing-5 >> "{[\r][\n]"
13:18:52.839 [Test worker] DEBUG org.apache.http.wire - http-outgoing-5 >> "  "id" : "0a8b0d32-ca44-4aca-bfdf-6bdc622197a5",[\r][\n]"
13:18:52.839 [Test worker] DEBUG org.apache.http.wire - http-outgoing-5 >> "  "request" : {[\r][\n]"
13:18:52.839 [Test worker] DEBUG org.apache.http.wire - http-outgoing-5 >> "    "url" : "/api/v0/components/login",[\r][\n]"
13:18:52.839 [Test worker] DEBUG org.apache.http.wire - http-outgoing-5 >> "    "method" : "POST",[\r][\n]"
13:18:52.839 [Test worker] DEBUG org.apache.http.wire - http-outgoing-5 >> "    "headers" : {[\r][\n]"
13:18:52.839 [Test worker] DEBUG org.apache.http.wire - http-outgoing-5 >> "      "Content-Type" : {[\r][\n]"
13:18:52.839 [Test worker] DEBUG org.apache.http.wire - http-outgoing-5 >> "        "equalTo" : "application/json"[\r][\n]"
13:18:52.839 [Test worker] DEBUG org.apache.http.wire - http-outgoing-5 >> "      }[\r][\n]"
13:18:52.839 [Test worker] DEBUG org.apache.http.wire - http-outgoing-5 >> "    },[\r][\n]"
13:18:52.839 [Test worker] DEBUG org.apache.http.wire - http-outgoing-5 >> "    "bodyPatterns" : [ {[\r][\n]"
13:18:52.839 [Test worker] DEBUG org.apache.http.wire - http-outgoing-5 >> "      "equalTo" : "{\"password\":\"123456\",\"username\":\"catalogClientApi\"}"[\r][\n]"
13:18:52.839 [Test worker] DEBUG org.apache.http.wire - http-outgoing-5 >> "    } ][\r][\n]"
13:18:52.839 [Test worker] DEBUG org.apache.http.wire - http-outgoing-5 >> "  },[\r][\n]"
13:18:52.839 [Test worker] DEBUG org.apache.http.wire - http-outgoing-5 >> "  "response" : {[\r][\n]"
13:18:52.839 [Test worker] DEBUG org.apache.http.wire - http-outgoing-5 >> "    "status" : 200,[\r][\n]"
13:18:52.839 [Test worker] DEBUG org.apache.http.wire - http-outgoing-5 >> "    "body" : "{\"token\":\"someToken\"}",[\r][\n]"
13:18:52.839 [Test worker] DEBUG org.apache.http.wire - http-outgoing-5 >> "    "headers" : {[\r][\n]"
13:18:52.839 [Test worker] DEBUG org.apache.http.wire - http-outgoing-5 >> "      "Content-Type" : "application/json"[\r][\n]"
13:18:52.839 [Test worker] DEBUG org.apache.http.wire - http-outgoing-5 >> "    }[\r][\n]"
13:18:52.839 [Test worker] DEBUG org.apache.http.wire - http-outgoing-5 >> "  },[\r][\n]"
13:18:52.839 [Test worker] DEBUG org.apache.http.wire - http-outgoing-5 >> "  "uuid" : "0a8b0d32-ca44-4aca-bfdf-6bdc622197a5",[\r][\n]"
13:18:52.839 [Test worker] DEBUG org.apache.http.wire - http-outgoing-5 >> "  "scenarioName" : "unAuthorized",[\r][\n]"
13:18:52.839 [Test worker] DEBUG org.apache.http.wire - http-outgoing-5 >> "  "requiredScenarioState" : "Started",[\r][\n]"
13:18:52.839 [Test worker] DEBUG org.apache.http.wire - http-outgoing-5 >> "  "newScenarioState" : "logged"[\r][\n]"
13:18:52.839 [Test worker] DEBUG org.apache.http.wire - http-outgoing-5 >> "}"
13:18:52.839 [qtp1044854934-102] DEBUG org.eclipse.jetty.io.ManagedSelector - Selector sun.nio.ch.WindowsSelectorImpl@7436f8a6 woken up from select, 1/1/1 selected
13:18:52.839 [qtp1044854934-102] DEBUG org.eclipse.jetty.io.ManagedSelector - Selector sun.nio.ch.WindowsSelectorImpl@7436f8a6 processing 1 keys, 0 updates
13:18:52.840 [qtp1044854934-102] DEBUG org.eclipse.jetty.io.ManagedSelector - selected 1 channel=java.nio.channels.SocketChannel[connected local=/127.0.0.1:8080 remote=/127.0.0.1:65029], selector=sun.nio.ch.WindowsSelectorImpl@7436f8a6, interestOps=1, readyOps=1 NetworkTrafficSocketChannelEndPoint@7aa4ec50{/127.0.0.1:65029<->/127.0.0.1:8080,OPEN,fill=FI,flush=-,to=3/30000}{io=1/1,kio=1,kro=1}->HttpConnection@6845abd8[p=HttpParser{s=START,0 of -1},g=HttpGenerator@4211309{s=START}]=>HttpChannelOverHttp@705c8720{s=HttpChannelState@355e074f{s=IDLE rs=BLOCKING os=OPEN is=IDLE awp=false se=false i=true al=0},r=1,c=false/false,a=IDLE,uri=null,age=0} 
13:18:52.840 [qtp1044854934-102] DEBUG org.eclipse.jetty.io.ChannelEndPoint - onSelected 1->0 r=true w=false for NetworkTrafficSocketChannelEndPoint@7aa4ec50{/127.0.0.1:65029<->/127.0.0.1:8080,OPEN,fill=FI,flush=-,to=3/30000}{io=1/0,kio=1,kro=1}->HttpConnection@6845abd8[p=HttpParser{s=START,0 of -1},g=HttpGenerator@4211309{s=START}]=>HttpChannelOverHttp@705c8720{s=HttpChannelState@355e074f{s=IDLE rs=BLOCKING os=OPEN is=IDLE awp=false se=false i=true al=0},r=1,c=false/false,a=IDLE,uri=null,age=0}
13:18:52.840 [qtp1044854934-102] DEBUG org.eclipse.jetty.io.ChannelEndPoint - task CEP:NetworkTrafficSocketChannelEndPoint@7aa4ec50{/127.0.0.1:65029<->/127.0.0.1:8080,OPEN,fill=FI,flush=-,to=3/30000}{io=1/0,kio=1,kro=1}->HttpConnection@6845abd8[p=HttpParser{s=START,0 of -1},g=HttpGenerator@4211309{s=START}]=>HttpChannelOverHttp@705c8720{s=HttpChannelState@355e074f{s=IDLE rs=BLOCKING os=OPEN is=IDLE awp=false se=false i=true al=0},r=1,c=false/false,a=IDLE,uri=null,age=0}:runFillable:BLOCKING
13:18:52.840 [qtp1044854934-102] DEBUG org.eclipse.jetty.util.thread.ReservedThreadExecutor - ReservedThreadExecutor@6a4b1be1{s=1/1,p=0} tryExecute EatWhatYouKill@338225cc/SelectorProducer@18085b76/PRODUCING/p=false/QueuedThreadPool[qtp1044854934]@3e473896{STARTED,8<=8<=14,i=2,r=1,q=0}[ReservedThreadExecutor@6a4b1be1{s=1/1,p=0}][pc=0,pic=0,pec=1,epc=0]@2020-09-25T13:18:52.840334+02:00
13:18:52.840 [qtp1044854934-102] DEBUG org.eclipse.jetty.util.thread.ReservedThreadExecutor - ReservedThreadExecutor@6a4b1be1{s=0/1,p=0}@7ece93d6 offer EatWhatYouKill@338225cc/SelectorProducer@18085b76/PRODUCING/p=false/QueuedThreadPool[qtp1044854934]@3e473896{STARTED,8<=8<=14,i=2,r=1,q=0}[ReservedThreadExecutor@6a4b1be1{s=0/1,p=0}][pc=0,pic=0,pec=1,epc=0]@2020-09-25T13:18:52.840334+02:00
13:18:52.840 [qtp1044854934-102] DEBUG org.eclipse.jetty.util.thread.ReservedThreadExecutor - ReservedThreadExecutor@6a4b1be1{s=0/1,p=1} startReservedThread p=1
13:18:52.840 [qtp1044854934-102] DEBUG org.eclipse.jetty.util.thread.QueuedThreadPool - queue ReservedThreadExecutor@6a4b1be1{s=0/1,p=1}@3bcc026b startThread=0
13:18:52.840 [qtp1044854934-102] DEBUG org.eclipse.jetty.util.thread.strategy.EatWhatYouKill - EatWhatYouKill@338225cc/SelectorProducer@18085b76/IDLE/p=true/QueuedThreadPool[qtp1044854934]@3e473896{STARTED,8<=8<=14,i=1,r=1,q=0}[ReservedThreadExecutor@6a4b1be1{s=0/1,p=1}][pc=0,pic=0,pec=1,epc=0]@2020-09-25T13:18:52.840334+02:00 m=EXECUTE_PRODUCE_CONSUME t=CEP:NetworkTrafficSocketChannelEndPoint@7aa4ec50{/127.0.0.1:65029<->/127.0.0.1:8080,OPEN,fill=FI,flush=-,to=3/30000}{io=1/0,kio=1,kro=1}->HttpConnection@6845abd8[p=HttpParser{s=START,0 of -1},g=HttpGenerator@4211309{s=START}]=>HttpChannelOverHttp@705c8720{s=HttpChannelState@355e074f{s=IDLE rs=BLOCKING os=OPEN is=IDLE awp=false se=false i=true al=0},r=1,c=false/false,a=IDLE,uri=null,age=0}:runFillable:BLOCKING/BLOCKING
13:18:52.840 [qtp1044854934-102] DEBUG org.eclipse.jetty.io.FillInterest - fillable FillInterest@10d0e12a{AC.ReadCB@6845abd8{HttpConnection@6845abd8::NetworkTrafficSocketChannelEndPoint@7aa4ec50{/127.0.0.1:65029<->/127.0.0.1:8080,OPEN,fill=FI,flush=-,to=3/30000}{io=1/0,kio=1,kro=1}->HttpConnection@6845abd8[p=HttpParser{s=START,0 of -1},g=HttpGenerator@4211309{s=START}]=>HttpChannelOverHttp@705c8720{s=HttpChannelState@355e074f{s=IDLE rs=BLOCKING os=OPEN is=IDLE awp=false se=false i=true al=0},r=1,c=false/false,a=IDLE,uri=null,age=0}}}
13:18:52.840 [qtp1044854934-102] DEBUG org.eclipse.jetty.server.HttpConnection - HttpConnection@6845abd8::NetworkTrafficSocketChannelEndPoint@7aa4ec50{/127.0.0.1:65029<->/127.0.0.1:8080,OPEN,fill=-,flush=-,to=3/30000}{io=1/0,kio=1,kro=1}->HttpConnection@6845abd8[p=HttpParser{s=START,0 of -1},g=HttpGenerator@4211309{s=START}]=>HttpChannelOverHttp@705c8720{s=HttpChannelState@355e074f{s=IDLE rs=BLOCKING os=OPEN is=IDLE awp=false se=false i=true al=0},r=1,c=false/false,a=IDLE,uri=null,age=0} onFillable enter HttpChannelState@355e074f{s=IDLE rs=BLOCKING os=OPEN is=IDLE awp=false se=false i=true al=0} null
13:18:52.841 [qtp1044854934-102] DEBUG org.eclipse.jetty.io.ChannelEndPoint - filled 873 HeapByteBuffer@756f77d8[p=0,l=873,c=8192,r=873]={<<<POST /__admin/mappings HT...rioState" : "logged"\r\n}>>>\x00\x00\x00\x00\x00\x00\x00\x00\x00...\x00\x00\x00\x00\x00\x00\x00}
13:18:52.841 [qtp1044854934-102] DEBUG org.eclipse.jetty.server.HttpConnection - HttpConnection@6845abd8::NetworkTrafficSocketChannelEndPoint@7aa4ec50{/127.0.0.1:65029<->/127.0.0.1:8080,OPEN,fill=-,flush=-,to=0/30000}{io=1/0,kio=1,kro=1}->HttpConnection@6845abd8[p=HttpParser{s=START,0 of -1},g=HttpGenerator@4211309{s=START}]=>HttpChannelOverHttp@705c8720{s=HttpChannelState@355e074f{s=IDLE rs=BLOCKING os=OPEN is=IDLE awp=false se=false i=true al=0},r=1,c=false/false,a=IDLE,uri=null,age=0} filled 873 HeapByteBuffer@756f77d8[p=0,l=873,c=8192,r=873]={<<<POST /__admin/mappings HT...rioState" : "logged"\r\n}>>>\x00\x00\x00\x00\x00\x00\x00\x00\x00...\x00\x00\x00\x00\x00\x00\x00}
13:18:52.841 [qtp1044854934-102] DEBUG org.eclipse.jetty.server.HttpConnection - HttpConnection@6845abd8::NetworkTrafficSocketChannelEndPoint@7aa4ec50{/127.0.0.1:65029<->/127.0.0.1:8080,OPEN,fill=-,flush=-,to=0/30000}{io=1/0,kio=1,kro=1}->HttpConnection@6845abd8[p=HttpParser{s=START,0 of -1},g=HttpGenerator@4211309{s=START}]=>HttpChannelOverHttp@705c8720{s=HttpChannelState@355e074f{s=IDLE rs=BLOCKING os=OPEN is=IDLE awp=false se=false i=true al=0},r=1,c=false/false,a=IDLE,uri=null,age=0} parse HeapByteBuffer@756f77d8[p=0,l=873,c=8192,r=873]={<<<POST /__admin/mappings HT...rioState" : "logged"\r\n}>>>\x00\x00\x00\x00\x00\x00\x00\x00\x00...\x00\x00\x00\x00\x00\x00\x00} {}
13:18:52.841 [qtp1044854934-102] DEBUG org.eclipse.jetty.http.HttpParser - parseNext s=START HeapByteBuffer@756f77d8[p=0,l=873,c=8192,r=873]={<<<POST /__admin/mappings HT...rioState" : "logged"\r\n}>>>\x00\x00\x00\x00\x00\x00\x00\x00\x00...\x00\x00\x00\x00\x00\x00\x00}
13:18:52.841 [qtp1044854934-102] DEBUG org.eclipse.jetty.http.HttpParser - START --> SPACE1
13:18:52.841 [qtp1044854934-102] DEBUG org.eclipse.jetty.http.HttpParser - SPACE1 --> URI
13:18:52.841 [qtp1044854934-102] DEBUG org.eclipse.jetty.http.HttpParser - URI --> SPACE2
13:18:52.841 [qtp1044854934-102] DEBUG org.eclipse.jetty.http.HttpParser - SPACE2 --> REQUEST_VERSION
13:18:52.841 [qtp1044854934-102] DEBUG org.eclipse.jetty.http.HttpParser - REQUEST_VERSION --> HEADER
13:18:52.841 [qtp1044854934-102] DEBUG org.eclipse.jetty.http.HttpParser - HEADER:Content-Length --> VALUE
13:18:52.841 [qtp1044854934-102] DEBUG org.eclipse.jetty.http.HttpParser - HEADER:Content-Length --> IN_VALUE
13:18:52.841 [qtp1044854934-102] DEBUG org.eclipse.jetty.http.HttpParser - HEADER:Content-Length --> FIELD
13:18:52.841 [qtp1044854934-102] DEBUG org.eclipse.jetty.http.HttpParser - HEADER:Content-Type: text/plain; charset=UTF-8 --> IN_VALUE
13:18:52.841 [qtp1044854934-102] DEBUG org.eclipse.jetty.http.HttpParser - HEADER:Content-Type: text/plain; charset=UTF-8 --> FIELD
13:18:52.841 [qtp1044854934-102] DEBUG org.eclipse.jetty.http.HttpParser - HEADER:Host: localhost:8080 --> IN_VALUE
13:18:52.841 [qtp1044854934-102] DEBUG org.eclipse.jetty.http.HttpParser - HEADER:Host: localhost:8080 --> FIELD
13:18:52.841 [qtp1044854934-102] DEBUG org.eclipse.jetty.http.HttpParser - HEADER:Connection: keep-alive --> IN_VALUE
13:18:52.841 [qtp1044854934-102] DEBUG org.eclipse.jetty.http.HttpParser - HEADER:Connection: keep-alive --> FIELD
13:18:52.841 [qtp1044854934-102] DEBUG org.eclipse.jetty.http.HttpParser - HEADER:User-Agent: Apache-HttpClient/4.5.12 (Java/11.0.2) --> IN_VALUE
13:18:52.841 [qtp1044854934-102] DEBUG org.eclipse.jetty.http.HttpParser - HEADER:User-Agent: Apache-HttpClient/4.5.12 (Java/11.0.2) --> FIELD
13:18:52.841 [qtp1044854934-102] DEBUG org.eclipse.jetty.http.HttpParser - HEADER --> CONTENT
13:18:52.841 [qtp1044854934-102] DEBUG org.eclipse.jetty.server.HttpChannel - REQUEST for //localhost:8080/__admin/mappings on HttpChannelOverHttp@705c8720{s=HttpChannelState@355e074f{s=IDLE rs=BLOCKING os=OPEN is=IDLE awp=false se=false i=true al=0},r=2,c=false/false,a=IDLE,uri=//localhost:8080/__admin/mappings,age=0}
POST //localhost:8080/__admin/mappings HTTP/1.1
Content-Length: 678
Content-Type: text/plain; charset=UTF-8
Host: localhost:8080
Connection: keep-alive
User-Agent: Apache-HttpClient/4.5.12 (Java/11.0.2)


13:18:52.841 [qtp1044854934-102] DEBUG org.eclipse.jetty.server.HttpConnection - HttpConnection@6845abd8::NetworkTrafficSocketChannelEndPoint@7aa4ec50{/127.0.0.1:65029<->/127.0.0.1:8080,OPEN,fill=-,flush=-,to=0/30000}{io=1/0,kio=1,kro=1}->HttpConnection@6845abd8[p=HttpParser{s=CONTENT,0 of 678},g=HttpGenerator@4211309{s=START}]=>HttpChannelOverHttp@705c8720{s=HttpChannelState@355e074f{s=IDLE rs=BLOCKING os=OPEN is=IDLE awp=false se=false i=true al=0},r=2,c=false/false,a=IDLE,uri=//localhost:8080/__admin/mappings,age=0} parsed true HttpParser{s=CONTENT,0 of 678}
13:18:52.841 [qtp1044854934-102] DEBUG org.eclipse.jetty.server.HttpChannel - handle //localhost:8080/__admin/mappings HttpChannelOverHttp@705c8720{s=HttpChannelState@355e074f{s=IDLE rs=BLOCKING os=OPEN is=IDLE awp=false se=false i=true al=0},r=2,c=false/false,a=IDLE,uri=//localhost:8080/__admin/mappings,age=0} 
13:18:52.841 [qtp1044854934-102] DEBUG org.eclipse.jetty.server.HttpChannelState - handling HttpChannelState@355e074f{s=IDLE rs=BLOCKING os=OPEN is=IDLE awp=false se=false i=true al=0}
13:18:52.841 [qtp1044854934-102] DEBUG org.eclipse.jetty.server.HttpChannel - action DISPATCH HttpChannelOverHttp@705c8720{s=HttpChannelState@355e074f{s=HANDLING rs=BLOCKING os=OPEN is=IDLE awp=false se=false i=true al=0},r=2,c=false/false,a=HANDLING,uri=//localhost:8080/__admin/mappings,age=0}
13:18:52.842 [qtp1044854934-102] DEBUG org.eclipse.jetty.server.Server - REQUEST POST /__admin/mappings on HttpChannelOverHttp@705c8720{s=HttpChannelState@355e074f{s=HANDLING rs=BLOCKING os=OPEN is=IDLE awp=false se=false i=true al=0},r=2,c=false/false,a=HANDLING,uri=//localhost:8080/__admin/mappings,age=1}
13:18:52.842 [qtp1044854934-102] DEBUG org.eclipse.jetty.server.handler.ContextHandler - scope null||/__admin/mappings @ o.e.j.s.ServletContextHandler@5adf1b12{/__admin,null,AVAILABLE}
13:18:52.842 [qtp1044854934-102] DEBUG org.eclipse.jetty.server.handler.ContextHandler - context=/__admin||/mappings @ o.e.j.s.ServletContextHandler@5adf1b12{/__admin,null,AVAILABLE}
13:18:52.842 [qtp1044854934-102] DEBUG org.eclipse.jetty.servlet.ServletHandler - servlet /__admin|/mappings|null -> com.github.tomakehurst.wiremock.servlet.WireMockHandlerDispatchingServlet-1762ef63@fd0fff4e==com.github.tomakehurst.wiremock.servlet.WireMockHandlerDispatchingServlet,jsp=null,order=-1,inst=true,async=true
13:18:52.842 [qtp1044854934-102] DEBUG org.eclipse.jetty.servlet.ServletHandler - chain=org.eclipse.jetty.servlets.CrossOriginFilter-221545b0@221545b0==org.eclipse.jetty.servlets.CrossOriginFilter,inst=true,async=true->com.github.tomakehurst.wiremock.servlet.WireMockHandlerDispatchingServlet-1762ef63@fd0fff4e==com.github.tomakehurst.wiremock.servlet.WireMockHandlerDispatchingServlet,jsp=null,order=-1,inst=true,async=true
13:18:52.842 [qtp1044854934-102] DEBUG org.eclipse.jetty.servlet.ServletHandler - call filter org.eclipse.jetty.servlets.CrossOriginFilter-221545b0@221545b0==org.eclipse.jetty.servlets.CrossOriginFilter,inst=true,async=true
13:18:52.842 [qtp1044854934-102] DEBUG org.eclipse.jetty.servlet.ServletHandler - call servlet com.github.tomakehurst.wiremock.servlet.WireMockHandlerDispatchingServlet-1762ef63@fd0fff4e==com.github.tomakehurst.wiremock.servlet.WireMockHandlerDispatchingServlet,jsp=null,order=-1,inst=true,async=true
13:18:52.842 [qtp1044854934-102] DEBUG org.eclipse.jetty.server.HttpConnection - HttpConnection@6845abd8::NetworkTrafficSocketChannelEndPoint@7aa4ec50{/127.0.0.1:65029<->/127.0.0.1:8080,OPEN,fill=-,flush=-,to=1/30000}{io=1/0,kio=1,kro=1}->HttpConnection@6845abd8[p=HttpParser{s=CONTENT,0 of 678},g=HttpGenerator@4211309{s=START}]=>HttpChannelOverHttp@705c8720{s=HttpChannelState@355e074f{s=HANDLING rs=BLOCKING os=OPEN is=IDLE awp=false se=false i=true al=0},r=2,c=false/false,a=HANDLING,uri=//localhost:8080/__admin/mappings,age=1} parse HeapByteBuffer@756f77d8[p=195,l=873,c=8192,r=678]={POST /__a....2)\r\n\r\n<<<{\r\n  "id" : "0a8b0d32-ca4...rioState" : "logged"\r\n}>>>\x00\x00\x00\x00\x00\x00\x00\x00\x00...\x00\x00\x00\x00\x00\x00\x00} {}
13:18:52.842 [qtp1044854934-102] DEBUG org.eclipse.jetty.http.HttpParser - parseNext s=CONTENT HeapByteBuffer@756f77d8[p=195,l=873,c=8192,r=678]={POST /__a....2)\r\n\r\n<<<{\r\n  "id" : "0a8b0d32-ca4...rioState" : "logged"\r\n}>>>\x00\x00\x00\x00\x00\x00\x00\x00\x00...\x00\x00\x00\x00\x00\x00\x00}
13:18:52.842 [qtp1044854934-102] DEBUG org.eclipse.jetty.server.HttpChannel - onContent HttpChannelOverHttp@705c8720{s=HttpChannelState@355e074f{s=HANDLING rs=BLOCKING os=OPEN is=IDLE awp=false se=false i=true al=0},r=2,c=false/false,a=HANDLING,uri=//localhost:8080/__admin/mappings,age=1} Content@78fc2e7c{HeapByteBufferR@a3d1abb[p=195,l=873,c=8192,r=678]={POST /__a....2)\r\n\r\n<<<{\r\n  "id" : "0a8b0d32-ca4...rioState" : "logged"\r\n}>>>\x00\x00\x00\x00\x00\x00\x00\x00\x00...\x00\x00\x00\x00\x00\x00\x00}}
13:18:52.842 [qtp1044854934-102] DEBUG org.eclipse.jetty.server.HttpInput - HttpInputOverHTTP@344afc03[c=0,q=0,[0]=null,s=STREAM] addContent Content@78fc2e7c{HeapByteBufferR@a3d1abb[p=195,l=873,c=8192,r=678]={POST /__a....2)\r\n\r\n<<<{\r\n  "id" : "0a8b0d32-ca4...rioState" : "logged"\r\n}>>>\x00\x00\x00\x00\x00\x00\x00\x00\x00...\x00\x00\x00\x00\x00\x00\x00}}
13:18:52.842 [qtp1044854934-102] DEBUG org.eclipse.jetty.http.HttpParser - CONTENT --> CONTENT_END
13:18:52.842 [qtp1044854934-102] DEBUG org.eclipse.jetty.server.HttpChannel - onContentComplete HttpChannelOverHttp@705c8720{s=HttpChannelState@355e074f{s=HANDLING rs=BLOCKING os=OPEN is=IDLE awp=false se=false i=true al=0},r=2,c=false/false,a=HANDLING,uri=//localhost:8080/__admin/mappings,age=1}
13:18:52.842 [qtp1044854934-102] DEBUG org.eclipse.jetty.http.HttpParser - CONTENT_END --> END
13:18:52.842 [qtp1044854934-102] DEBUG org.eclipse.jetty.server.HttpChannel - onRequestComplete HttpChannelOverHttp@705c8720{s=HttpChannelState@355e074f{s=HANDLING rs=BLOCKING os=OPEN is=IDLE awp=false se=false i=true al=0},r=2,c=false/false,a=HANDLING,uri=//localhost:8080/__admin/mappings,age=1}
13:18:52.842 [qtp1044854934-102] DEBUG org.eclipse.jetty.server.HttpInput - HttpInputOverHTTP@344afc03[c=0,q=1,[0]=EOF,s=STREAM] addContent EOF
13:18:52.843 [qtp1044854934-102] DEBUG org.eclipse.jetty.server.HttpConnection - HttpConnection@6845abd8::NetworkTrafficSocketChannelEndPoint@7aa4ec50{/127.0.0.1:65029<->/127.0.0.1:8080,OPEN,fill=-,flush=-,to=1/30000}{io=1/0,kio=1,kro=1}->HttpConnection@6845abd8[p=HttpParser{s=END,678 of 678},g=HttpGenerator@4211309{s=START}]=>HttpChannelOverHttp@705c8720{s=HttpChannelState@355e074f{s=HANDLING rs=BLOCKING os=OPEN is=IDLE awp=false se=false i=true al=0},r=2,c=false/false,a=HANDLING,uri=//localhost:8080/__admin/mappings,age=2} parsed false HttpParser{s=END,678 of 678}
13:18:52.843 [qtp1044854934-102] DEBUG org.eclipse.jetty.server.HttpInput - HttpInputOverHTTP@344afc03[c=678,q=1,[0]=EOF,s=STREAM] read 678 from Content@78fc2e7c{HeapByteBufferR@a3d1abb[p=873,l=873,c=8192,r=0]={POST /__a...ged"\r\n}<<<>>>\x00\x00\x00\x00\x00\x00\x00\x00\x00...\x00\x00\x00\x00\x00\x00\x00}}
13:18:52.843 [qtp1044854934-102] DEBUG org.eclipse.jetty.server.HttpConnection - releaseRequestBuffer HttpConnection@6845abd8::NetworkTrafficSocketChannelEndPoint@7aa4ec50{/127.0.0.1:65029<->/127.0.0.1:8080,OPEN,fill=-,flush=-,to=2/30000}{io=1/0,kio=1,kro=1}->HttpConnection@6845abd8[p=HttpParser{s=END,678 of 678},g=HttpGenerator@4211309{s=START}]=>HttpChannelOverHttp@705c8720{s=HttpChannelState@355e074f{s=HANDLING rs=BLOCKING os=OPEN is=IDLE awp=false se=false i=true al=0},r=2,c=false/false,a=HANDLING,uri=//localhost:8080/__admin/mappings,age=2}
13:18:52.843 [qtp1044854934-102] DEBUG org.eclipse.jetty.server.HttpChannelState - onEof HttpChannelState@355e074f{s=HANDLING rs=BLOCKING os=OPEN is=IDLE awp=false se=false i=true al=0}
13:18:52.843 [qtp1044854934-106] DEBUG org.eclipse.jetty.util.thread.ReservedThreadExecutor - ReservedThreadExecutor@6a4b1be1{s=0/1,p=1}@7ece93d6 task=EatWhatYouKill@338225cc/SelectorProducer@18085b76/IDLE/p=true/QueuedThreadPool[qtp1044854934]@3e473896{STARTED,8<=8<=14,i=1,r=1,q=0}[ReservedThreadExecutor@6a4b1be1{s=0/1,p=1}][pc=0,pic=0,pec=1,epc=1]@2020-09-25T13:18:52.8433356+02:00
13:18:52.844 [qtp1044854934-106] DEBUG org.eclipse.jetty.util.thread.strategy.EatWhatYouKill - EatWhatYouKill@338225cc/SelectorProducer@18085b76/IDLE/p=true/QueuedThreadPool[qtp1044854934]@3e473896{STARTED,8<=8<=14,i=1,r=1,q=0}[ReservedThreadExecutor@6a4b1be1{s=0/1,p=1}][pc=0,pic=0,pec=1,epc=1]@2020-09-25T13:18:52.844338+02:00 tryProduce true
13:18:52.844 [qtp1044854934-106] DEBUG org.eclipse.jetty.io.ManagedSelector - updateable 0
13:18:52.844 [qtp1044854934-106] DEBUG org.eclipse.jetty.io.ManagedSelector - updates 0
13:18:52.844 [qtp1044854934-106] DEBUG org.eclipse.jetty.io.ChannelEndPoint - Key interests updated 1 -> 0 on NetworkTrafficSocketChannelEndPoint@7aa4ec50{/127.0.0.1:65029<->/127.0.0.1:8080,OPEN,fill=-,flush=-,to=3/30000}{io=0/0,kio=0,kro=1}->HttpConnection@6845abd8[p=HttpParser{s=END,678 of 678},g=HttpGenerator@4211309{s=START}]=>HttpChannelOverHttp@705c8720{s=HttpChannelState@355e074f{s=HANDLING rs=BLOCKING os=OPEN is=READY awp=false se=false i=true al=0},r=2,c=false/false,a=HANDLING,uri=//localhost:8080/__admin/mappings,age=3}
13:18:52.844 [qtp1044854934-106] DEBUG org.eclipse.jetty.io.ManagedSelector - Selector sun.nio.ch.WindowsSelectorImpl@7436f8a6 waiting with 1 keys
13:18:52.845 [qtp1044854934-108] DEBUG org.eclipse.jetty.util.thread.QueuedThreadPool - run ReservedThreadExecutor@6a4b1be1{s=0/1,p=1}@3bcc026b in QueuedThreadPool[qtp1044854934]@3e473896{STARTED,8<=8<=14,i=1,r=1,q=0}[ReservedThreadExecutor@6a4b1be1{s=0/1,p=1}]
13:18:52.845 [qtp1044854934-108] DEBUG org.eclipse.jetty.util.thread.ReservedThreadExecutor - ReservedThreadExecutor@6a4b1be1{s=1/1,p=1}@3bcc026b started
13:18:52.846 [qtp1044854934-108] DEBUG org.eclipse.jetty.util.thread.ReservedThreadExecutor - ReservedThreadExecutor@6a4b1be1{s=1/1,p=0}@3bcc026b waiting
13:18:52.865 [qtp1044854934-102] DEBUG org.eclipse.jetty.server.HttpOutput - write(array HeapByteBuffer@20ff85cd[p=0,l=678,c=8192,r=678]={<<<{\r\n  "id" : "0a8b0d32-ca4...rioState" : "logged"\r\n}>>>\x00\x00\x00\x00\x00\x00\x00\x00\x00...\x00\x00\x00\x00\x00\x00\x00})
13:18:52.865 [qtp1044854934-102] DEBUG org.eclipse.jetty.server.HttpOutput - write(array) s=OPEN,api=BLOCKING,sc=false,e=null aggregated !flush DirectByteBuffer@39f337c1[p=0,l=678,c=32768,r=678]={<<<{\r\n  "id" : "0a8b0d32-ca4...rioState" : "logged"\r\n}>>>\x00\x00\x00\x00\x00\x00\x00\x00\x00...\x00\x00\x00\x00\x00\x00\x00}
13:18:52.865 [qtp1044854934-102] DEBUG org.eclipse.jetty.server.HttpChannel - sendResponse info=null content=DirectByteBuffer@39f337c1[p=0,l=678,c=32768,r=678]={<<<{\r\n  "id" : "0a8b0d32-ca4...rioState" : "logged"\r\n}>>>\x00\x00\x00\x00\x00\x00\x00\x00\x00...\x00\x00\x00\x00\x00\x00\x00} complete=false committing=true callback=Blocker@1c1a390a{null}
13:18:52.865 [qtp1044854934-102] DEBUG org.eclipse.jetty.server.HttpChannel - COMMIT for /__admin/mappings on HttpChannelOverHttp@705c8720{s=HttpChannelState@355e074f{s=HANDLING rs=BLOCKING os=COMMITTED is=READY awp=false se=false i=true al=0},r=2,c=false/false,a=HANDLING,uri=//localhost:8080/__admin/mappings,age=24}
201 null HTTP/1.1
Content-Type: application/json


13:18:52.865 [qtp1044854934-102] DEBUG org.eclipse.jetty.server.HttpConnection - generate: NEED_HEADER for org.eclipse.jetty.server.HttpConnection$SendCallback@5754950b[PROCESSING][i=HTTP/1.1{s=201,h=1,cl=-1},cb=org.eclipse.jetty.server.HttpChannel$SendCallback@1be306fb] (null,[p=0,l=678,c=32768,r=678],false)@START
13:18:52.866 [qtp1044854934-102] DEBUG org.eclipse.jetty.http.HttpGenerator - generateHeaders HTTP/1.1{s=201,h=1,cl=-1} last=false content=DirectByteBuffer@39f337c1[p=0,l=678,c=32768,r=678]={<<<{\r\n  "id" : "0a8b0d32-ca4...rioState" : "logged"\r\n}>>>\x00\x00\x00\x00\x00\x00\x00\x00\x00...\x00\x00\x00\x00\x00\x00\x00}
13:18:52.866 [qtp1044854934-102] DEBUG org.eclipse.jetty.http.HttpGenerator - Content-Type: application/json


13:18:52.866 [qtp1044854934-102] DEBUG org.eclipse.jetty.http.HttpGenerator - CHUNKED_CONTENT
13:18:52.866 [qtp1044854934-102] DEBUG org.eclipse.jetty.server.HttpConnection - generate: FLUSH for org.eclipse.jetty.server.HttpConnection$SendCallback@5754950b[PROCESSING][i=HTTP/1.1{s=201,h=1,cl=-1},cb=org.eclipse.jetty.server.HttpChannel$SendCallback@1be306fb] ([p=0,l=122,c=8192,r=122],[p=0,l=678,c=32768,r=678],false)@COMMITTED
13:18:52.866 [qtp1044854934-102] DEBUG org.eclipse.jetty.io.WriteFlusher - write: WriteFlusher@7e99254a{IDLE}->null [HeapByteBuffer@756f77d8[p=0,l=122,c=8192,r=122]={<<<HTTP/1.1 201 Created\r\nCon....28.v20200408)\r\n\r\n2A6\r\n>>>ction: Ke...\x00\x00\x00\x00\x00\x00\x00},DirectByteBuffer@39f337c1[p=0,l=678,c=32768,r=678]={<<<{\r\n  "id" : "0a8b0d32-ca4...rioState" : "logged"\r\n}>>>\x00\x00\x00\x00\x00\x00\x00\x00\x00...\x00\x00\x00\x00\x00\x00\x00}]
13:18:52.866 [qtp1044854934-102] DEBUG org.eclipse.jetty.io.WriteFlusher - update WriteFlusher@7e99254a{WRITING}->null:IDLE-->WRITING
13:18:52.866 [Test worker] DEBUG org.apache.http.wire - http-outgoing-5 << "HTTP/1.1 201 Created[\r][\n]"
13:18:52.866 [Test worker] DEBUG org.apache.http.wire - http-outgoing-5 << "Content-Type: application/json[\r][\n]"
13:18:52.866 [Test worker] DEBUG org.apache.http.wire - http-outgoing-5 << "Transfer-Encoding: chunked[\r][\n]"
13:18:52.866 [Test worker] DEBUG org.apache.http.wire - http-outgoing-5 << "Server: Jetty(9.4.28.v20200408)[\r][\n]"
13:18:52.866 [Test worker] DEBUG org.apache.http.wire - http-outgoing-5 << "[\r][\n]"
13:18:52.866 [Test worker] DEBUG org.apache.http.wire - http-outgoing-5 << "2A6[\r][\n]"
13:18:52.866 [qtp1044854934-102] DEBUG org.eclipse.jetty.io.ChannelEndPoint - flushed 122 NetworkTrafficSocketChannelEndPoint@7aa4ec50{/127.0.0.1:65029<->/127.0.0.1:8080,OPEN,fill=-,flush=W,to=25/30000}{io=0/0,kio=0,kro=1}->HttpConnection@6845abd8[p=HttpParser{s=END,678 of 678},g=HttpGenerator@4211309{s=COMMITTED}]=>HttpChannelOverHttp@705c8720{s=HttpChannelState@355e074f{s=HANDLING rs=BLOCKING os=COMMITTED is=READY awp=false se=false i=true al=0},r=2,c=false/false,a=HANDLING,uri=//localhost:8080/__admin/mappings,age=25}
13:18:52.866 [Test worker] DEBUG org.apache.http.headers - http-outgoing-5 << HTTP/1.1 201 Created
13:18:52.866 [Test worker] DEBUG org.apache.http.headers - http-outgoing-5 << Content-Type: application/json
13:18:52.866 [Test worker] DEBUG org.apache.http.headers - http-outgoing-5 << Transfer-Encoding: chunked
13:18:52.866 [Test worker] DEBUG org.apache.http.headers - http-outgoing-5 << Server: Jetty(9.4.28.v20200408)
13:18:52.866 [qtp1044854934-102] DEBUG org.eclipse.jetty.io.ChannelEndPoint - flushed 678 NetworkTrafficSocketChannelEndPoint@7aa4ec50{/127.0.0.1:65029<->/127.0.0.1:8080,OPEN,fill=-,flush=W,to=0/30000}{io=0/0,kio=0,kro=1}->HttpConnection@6845abd8[p=HttpParser{s=END,678 of 678},g=HttpGenerator@4211309{s=COMMITTED}]=>HttpChannelOverHttp@705c8720{s=HttpChannelState@355e074f{s=HANDLING rs=BLOCKING os=COMMITTED is=READY awp=false se=false i=true al=0},r=2,c=false/false,a=HANDLING,uri=//localhost:8080/__admin/mappings,age=25}
13:18:52.866 [qtp1044854934-102] DEBUG org.eclipse.jetty.io.WriteFlusher - Flushed=true written=800 remaining=0 WriteFlusher@7e99254a{WRITING}->null
13:18:52.866 [qtp1044854934-102] DEBUG org.eclipse.jetty.io.WriteFlusher - update WriteFlusher@7e99254a{IDLE}->null:WRITING-->IDLE
13:18:52.866 [qtp1044854934-102] DEBUG org.eclipse.jetty.server.HttpConnection - generate: DONE for org.eclipse.jetty.server.HttpConnection$SendCallback@5754950b[PROCESSING][i=HTTP/1.1{s=201,h=1,cl=-1},cb=org.eclipse.jetty.server.HttpChannel$SendCallback@1be306fb] ([p=122,l=122,c=8192,r=0],[p=678,l=678,c=32768,r=0],false)@COMMITTED
13:18:52.866 [Test worker] DEBUG org.apache.http.impl.execchain.MainClientExec - Connection can be kept alive indefinitely
13:18:52.867 [qtp1044854934-102] DEBUG org.eclipse.jetty.server.HttpOutput - onWriteComplete(false,null) s=OPEN,api=BLOCKED,sc=false,e=null->s=OPEN,api=BLOCKING,sc=false,e=null c=null cb=null w=false
13:18:52.867 [qtp1044854934-102] DEBUG org.eclipse.jetty.server.HttpOutput - close() s=CLOSING,api=BLOCKED,sc=false,e=null c=HeapByteBuffer@137d328[p=0,l=0,c=0,r=0]={<<<>>>} b=Blocker@1c1a390a{null}
13:18:52.867 [qtp1044854934-102] DEBUG org.eclipse.jetty.server.HttpChannel - sendResponse info=null content=HeapByteBuffer@137d328[p=0,l=0,c=0,r=0]={<<<>>>} complete=true committing=false callback=Blocker@1c1a390a{null}
13:18:52.867 [qtp1044854934-102] DEBUG org.eclipse.jetty.server.HttpConnection - generate: CONTINUE for org.eclipse.jetty.server.HttpConnection$SendCallback@5754950b[PROCESSING][i=null,cb=org.eclipse.jetty.server.HttpChannel$SendCallback@5fadc27e] (null,[p=0,l=0,c=0,r=0],true)@COMPLETING
13:18:52.867 [Test worker] DEBUG org.apache.http.wire - http-outgoing-5 << "{[\r][\n]"
13:18:52.867 [qtp1044854934-102] DEBUG org.eclipse.jetty.server.HttpConnection - generate: NEED_CHUNK for org.eclipse.jetty.server.HttpConnection$SendCallback@5754950b[PROCESSING][i=null,cb=org.eclipse.jetty.server.HttpChannel$SendCallback@5fadc27e] (null,[p=0,l=0,c=0,r=0],true)@COMPLETING
13:18:52.867 [Test worker] DEBUG org.apache.http.wire - http-outgoing-5 << "  "id" : "0a8b0d32-ca44-4aca-bfdf-6bdc622197a5",[\r][\n]"
13:18:52.867 [Test worker] DEBUG org.apache.http.wire - http-outgoing-5 << "  "request" : {[\r][\n]"
13:18:52.867 [Test worker] DEBUG org.apache.http.wire - http-outgoing-5 << "    "url" : "/api/v0/components/login",[\r][\n]"
13:18:52.867 [Test worker] DEBUG org.apache.http.wire - http-outgoing-5 << "    "method" : "POST",[\r][\n]"
13:18:52.867 [Test worker] DEBUG org.apache.http.wire - http-outgoing-5 << "    "headers" : {[\r][\n]"
13:18:52.867 [Test worker] DEBUG org.apache.http.wire - http-outgoing-5 << "      "Content-Type" : {[\r][\n]"
13:18:52.867 [Test worker] DEBUG org.apache.http.wire - http-outgoing-5 << "        "equalTo" : "application/json"[\r][\n]"
13:18:52.867 [Test worker] DEBUG org.apache.http.wire - http-outgoing-5 << "      }[\r][\n]"
13:18:52.867 [Test worker] DEBUG org.apache.http.wire - http-outgoing-5 << "    },[\r][\n]"
13:18:52.867 [Test worker] DEBUG org.apache.http.wire - http-outgoing-5 << "    "bodyPatterns" : [ {[\r][\n]"
13:18:52.867 [qtp1044854934-102] DEBUG org.eclipse.jetty.server.HttpConnection - generate: FLUSH for org.eclipse.jetty.server.HttpConnection$SendCallback@5754950b[PROCESSING][i=null,cb=org.eclipse.jetty.server.HttpChannel$SendCallback@5fadc27e] (null,[p=0,l=0,c=0,r=0],true)@COMPLETING
13:18:52.867 [Test worker] DEBUG org.apache.http.wire - http-outgoing-5 << "      "equalTo" : "{\"password\":\"123456\",\"username\":\"catalogClientApi\"}"[\r][\n]"
13:18:52.867 [Test worker] DEBUG org.apache.http.wire - http-outgoing-5 << "    } ][\r][\n]"
13:18:52.867 [Test worker] DEBUG org.apache.http.wire - http-outgoing-5 << "  },[\r][\n]"
13:18:52.867 [Test worker] DEBUG org.apache.http.wire - http-outgoing-5 << "  "response" : {[\r][\n]"
13:18:52.867 [Test worker] DEBUG org.apache.http.wire - http-outgoing-5 << "    "status" : 200,[\r][\n]"
13:18:52.867 [Test worker] DEBUG org.apache.http.wire - http-outgoing-5 << "    "body" : "{\"token\":\"someToken\"}",[\r][\n]"
13:18:52.867 [Test worker] DEBUG org.apache.http.wire - http-outgoing-5 << "    "headers" : {[\r][\n]"
13:18:52.867 [Test worker] DEBUG org.apache.http.wire - http-outgoing-5 << "      "Content-Type" : "application/json"[\r][\n]"
13:18:52.867 [Test worker] DEBUG org.apache.http.wire - http-outgoing-5 << "    }[\r][\n]"
13:18:52.867 [Test worker] DEBUG org.apache.http.wire - http-outgoing-5 << "  },[\r][\n]"
13:18:52.867 [qtp1044854934-102] DEBUG org.eclipse.jetty.io.WriteFlusher - write: WriteFlusher@7e99254a{IDLE}->null [HeapByteBuffer@4009a65c[p=0,l=7,c=1024,r=7]={<<<\r\n0\r\n\r\n>>>\x00\x00\x00\x00\x00\x00\x00\x00\x00...\x00\x00\x00\x00\x00\x00\x00}]
13:18:52.867 [Test worker] DEBUG org.apache.http.wire - http-outgoing-5 << "  "uuid" : "0a8b0d32-ca44-4aca-bfdf-6bdc622197a5",[\r][\n]"
13:18:52.867 [qtp1044854934-102] DEBUG org.eclipse.jetty.io.WriteFlusher - update WriteFlusher@7e99254a{WRITING}->null:IDLE-->WRITING
13:18:52.867 [Test worker] DEBUG org.apache.http.wire - http-outgoing-5 << "  "scenarioName" : "unAuthorized",[\r][\n]"
13:18:52.867 [Test worker] DEBUG org.apache.http.wire - http-outgoing-5 << "  "requiredScenarioState" : "Started",[\r][\n]"
13:18:52.867 [Test worker] DEBUG org.apache.http.wire - http-outgoing-5 << "  "newScenarioState" : "logged"[\r][\n]"
13:18:52.867 [Test worker] DEBUG org.apache.http.wire - http-outgoing-5 << "}"
13:18:52.867 [Test worker] DEBUG org.apache.http.wire - http-outgoing-5 << "[\r][\n]"
13:18:52.867 [Test worker] DEBUG org.apache.http.wire - http-outgoing-5 << "0[\r][\n]"
13:18:52.867 [Test worker] DEBUG org.apache.http.wire - http-outgoing-5 << "[\r][\n]"
13:18:52.867 [qtp1044854934-102] DEBUG org.eclipse.jetty.io.ChannelEndPoint - flushed 7 NetworkTrafficSocketChannelEndPoint@7aa4ec50{/127.0.0.1:65029<->/127.0.0.1:8080,OPEN,fill=-,flush=W,to=0/30000}{io=0/0,kio=0,kro=1}->HttpConnection@6845abd8[p=HttpParser{s=END,678 of 678},g=HttpGenerator@4211309{s=COMPLETING}]=>HttpChannelOverHttp@705c8720{s=HttpChannelState@355e074f{s=HANDLING rs=BLOCKING os=COMMITTED is=READY awp=false se=false i=true al=0},r=2,c=false/false,a=HANDLING,uri=//localhost:8080/__admin/mappings,age=26}
13:18:52.867 [Test worker] DEBUG org.apache.http.impl.conn.PoolingHttpClientConnectionManager - Connection [id: 5][route: {}->http://localhost:8080] can be kept alive indefinitely
13:18:52.867 [qtp1044854934-102] DEBUG org.eclipse.jetty.io.WriteFlusher - Flushed=true written=7 remaining=0 WriteFlusher@7e99254a{WRITING}->null
13:18:52.867 [Test worker] DEBUG org.apache.http.impl.conn.DefaultManagedHttpClientConnection - http-outgoing-5: set socket timeout to 0
13:18:52.867 [qtp1044854934-102] DEBUG org.eclipse.jetty.io.WriteFlusher - update WriteFlusher@7e99254a{IDLE}->null:WRITING-->IDLE
13:18:52.867 [qtp1044854934-102] DEBUG org.eclipse.jetty.server.HttpConnection - generate: DONE for org.eclipse.jetty.server.HttpConnection$SendCallback@5754950b[PROCESSING][i=null,cb=org.eclipse.jetty.server.HttpChannel$SendCallback@5fadc27e] (null,[p=0,l=0,c=0,r=0],true)@END
13:18:52.867 [Test worker] DEBUG org.apache.http.impl.conn.PoolingHttpClientConnectionManager - Connection released: [id: 5][route: {}->http://localhost:8080][total available: 1; route allocated: 1 of 5; total allocated: 1 of 50]
13:18:52.867 [qtp1044854934-102] DEBUG org.eclipse.jetty.server.HttpOutput - onWriteComplete(true,null) s=CLOSING,api=BLOCKED,sc=false,e=null->s=CLOSED,api=BLOCKING,sc=false,e=null c=null cb=null w=false
13:18:52.867 [qtp1044854934-102] DEBUG org.eclipse.jetty.server.handler.gzip.GzipHandler - GzipHandler@4d61717f{STARTED,min=32,inflate=-1} handle Request[POST //localhost:8080/__admin/mappings]@3ce2252b in null
13:18:52.867 [qtp1044854934-102] DEBUG org.eclipse.jetty.server.handler.ContextHandler - scope null||/__admin/mappings @ o.e.j.s.ServletContextHandler@769fbc24{/,null,AVAILABLE}
13:18:52.868 [qtp1044854934-102] DEBUG org.eclipse.jetty.server.Server - handled=true async=false committed=true on HttpChannelOverHttp@705c8720{s=HttpChannelState@355e074f{s=HANDLING rs=BLOCKING os=COMPLETED is=READY awp=false se=false i=true al=0},r=2,c=false/true,a=HANDLING,uri=//localhost:8080/__admin/mappings,age=26}
13:18:52.868 [qtp1044854934-102] DEBUG org.eclipse.jetty.server.HttpChannelState - unhandle HttpChannelState@355e074f{s=HANDLING rs=BLOCKING os=COMPLETED is=READY awp=false se=false i=true al=0}
13:18:52.868 [qtp1044854934-102] DEBUG org.eclipse.jetty.server.HttpChannelState - nextAction(false) COMPLETE HttpChannelState@355e074f{s=HANDLING rs=COMPLETING os=COMPLETED is=READY awp=false se=false i=false al=0}
13:18:52.868 [qtp1044854934-102] DEBUG org.eclipse.jetty.server.HttpChannel - action COMPLETE HttpChannelOverHttp@705c8720{s=HttpChannelState@355e074f{s=HANDLING rs=COMPLETING os=COMPLETED is=READY awp=false se=false i=false al=0},r=2,c=false/true,a=HANDLING,uri=//localhost:8080/__admin/mappings,age=27}
13:18:52.868 [qtp1044854934-102] DEBUG org.eclipse.jetty.server.HttpOutput - complete(org.eclipse.jetty.util.Callback$4@30887486) s=CLOSED,api=BLOCKING,sc=false,e=null s=true e=null, c=null
13:18:52.868 [qtp1044854934-102] DEBUG org.eclipse.jetty.server.HttpChannelState - completed HttpChannelState@355e074f{s=HANDLING rs=COMPLETING os=COMPLETED is=READY awp=false se=false i=false al=0}
13:18:52.868 [qtp1044854934-102] DEBUG org.eclipse.jetty.server.HttpChannelState - unhandle HttpChannelState@355e074f{s=HANDLING rs=COMPLETED os=COMPLETED is=READY awp=false se=false i=false al=0}
13:18:52.868 [qtp1044854934-102] DEBUG org.eclipse.jetty.server.HttpChannelState - nextAction(false) TERMINATED HttpChannelState@355e074f{s=IDLE rs=COMPLETED os=COMPLETED is=READY awp=false se=false i=false al=0}
13:18:52.868 [qtp1044854934-102] DEBUG org.eclipse.jetty.server.HttpChannel - action TERMINATED HttpChannelOverHttp@705c8720{s=HttpChannelState@355e074f{s=IDLE rs=COMPLETED os=COMPLETED is=READY awp=false se=false i=false al=0},r=2,c=true/true,a=IDLE,uri=//localhost:8080/__admin/mappings,age=27}
13:18:52.868 [qtp1044854934-102] DEBUG org.eclipse.jetty.server.HttpChannel - onCompleted for /__admin/mappings written=678
13:18:52.868 [qtp1044854934-102] DEBUG org.eclipse.jetty.server.HttpChannelState - recycle HttpChannelState@355e074f{s=IDLE rs=COMPLETED os=COMPLETED is=READY awp=false se=false i=false al=0}
13:18:52.868 [qtp1044854934-102] DEBUG org.eclipse.jetty.http.HttpParser - reset HttpParser{s=END,678 of 678}
13:18:52.868 [qtp1044854934-102] DEBUG org.eclipse.jetty.http.HttpParser - END --> START
13:18:52.868 [qtp1044854934-102] DEBUG org.eclipse.jetty.server.HttpChannel - !handle TERMINATED HttpChannelOverHttp@705c8720{s=HttpChannelState@355e074f{s=IDLE rs=BLOCKING os=OPEN is=IDLE awp=false se=false i=true al=0},r=2,c=false/false,a=IDLE,uri=null,age=0}
13:18:52.868 [qtp1044854934-102] DEBUG org.eclipse.jetty.io.ChannelEndPoint - filled 0 HeapByteBuffer@756f77d8[p=0,l=0,c=8192,r=0]={<<<>>>HTTP/1.1 ...\x00\x00\x00\x00\x00\x00\x00}
13:18:52.868 [qtp1044854934-102] DEBUG org.eclipse.jetty.io.ChannelEndPoint - filled 0 HeapByteBuffer@756f77d8[p=0,l=0,c=8192,r=0]={<<<>>>HTTP/1.1 ...\x00\x00\x00\x00\x00\x00\x00}
13:18:52.868 [qtp1044854934-102] DEBUG org.eclipse.jetty.server.HttpConnection - HttpConnection@6845abd8::NetworkTrafficSocketChannelEndPoint@7aa4ec50{/127.0.0.1:65029<->/127.0.0.1:8080,OPEN,fill=-,flush=-,to=1/30000}{io=0/0,kio=0,kro=1}->HttpConnection@6845abd8[p=HttpParser{s=START,0 of -1},g=HttpGenerator@4211309{s=START}]=>HttpChannelOverHttp@705c8720{s=HttpChannelState@355e074f{s=IDLE rs=BLOCKING os=OPEN is=IDLE awp=false se=false i=true al=0},r=2,c=false/false,a=IDLE,uri=null,age=0} filled 0 HeapByteBuffer@756f77d8[p=0,l=0,c=8192,r=0]={<<<>>>HTTP/1.1 ...\x00\x00\x00\x00\x00\x00\x00}
13:18:52.868 [qtp1044854934-102] DEBUG org.eclipse.jetty.server.HttpConnection - HttpConnection@6845abd8::NetworkTrafficSocketChannelEndPoint@7aa4ec50{/127.0.0.1:65029<->/127.0.0.1:8080,OPEN,fill=-,flush=-,to=1/30000}{io=0/0,kio=0,kro=1}->HttpConnection@6845abd8[p=HttpParser{s=START,0 of -1},g=HttpGenerator@4211309{s=START}]=>HttpChannelOverHttp@705c8720{s=HttpChannelState@355e074f{s=IDLE rs=BLOCKING os=OPEN is=IDLE awp=false se=false i=true al=0},r=2,c=false/false,a=IDLE,uri=null,age=0} parse HeapByteBuffer@756f77d8[p=0,l=0,c=8192,r=0]={<<<>>>HTTP/1.1 ...\x00\x00\x00\x00\x00\x00\x00} {}
13:18:52.868 [qtp1044854934-102] DEBUG org.eclipse.jetty.http.HttpParser - parseNext s=START HeapByteBuffer@756f77d8[p=0,l=0,c=8192,r=0]={<<<>>>HTTP/1.1 ...\x00\x00\x00\x00\x00\x00\x00}
13:18:52.868 [qtp1044854934-102] DEBUG org.eclipse.jetty.server.HttpConnection - HttpConnection@6845abd8::NetworkTrafficSocketChannelEndPoint@7aa4ec50{/127.0.0.1:65029<->/127.0.0.1:8080,OPEN,fill=-,flush=-,to=1/30000}{io=0/0,kio=0,kro=1}->HttpConnection@6845abd8[p=HttpParser{s=START,0 of -1},g=HttpGenerator@4211309{s=START}]=>HttpChannelOverHttp@705c8720{s=HttpChannelState@355e074f{s=IDLE rs=BLOCKING os=OPEN is=IDLE awp=false se=false i=true al=0},r=2,c=false/false,a=IDLE,uri=null,age=0} parsed false HttpParser{s=START,0 of -1}
13:18:52.868 [qtp1044854934-102] DEBUG org.eclipse.jetty.server.HttpConnection - releaseRequestBuffer HttpConnection@6845abd8::NetworkTrafficSocketChannelEndPoint@7aa4ec50{/127.0.0.1:65029<->/127.0.0.1:8080,OPEN,fill=-,flush=-,to=1/30000}{io=0/0,kio=0,kro=1}->HttpConnection@6845abd8[p=HttpParser{s=START,0 of -1},g=HttpGenerator@4211309{s=START}]=>HttpChannelOverHttp@705c8720{s=HttpChannelState@355e074f{s=IDLE rs=BLOCKING os=OPEN is=IDLE awp=false se=false i=true al=0},r=2,c=false/false,a=IDLE,uri=null,age=0}
13:18:52.869 [qtp1044854934-102] DEBUG org.eclipse.jetty.io.AbstractConnection - fillInterested HttpConnection@6845abd8::NetworkTrafficSocketChannelEndPoint@7aa4ec50{/127.0.0.1:65029<->/127.0.0.1:8080,OPEN,fill=-,flush=-,to=1/30000}{io=0/0,kio=0,kro=1}->HttpConnection@6845abd8[p=HttpParser{s=START,0 of -1},g=HttpGenerator@4211309{s=START}]=>HttpChannelOverHttp@705c8720{s=HttpChannelState@355e074f{s=IDLE rs=BLOCKING os=OPEN is=IDLE awp=false se=false i=true al=0},r=2,c=false/false,a=IDLE,uri=null,age=0}
13:18:52.869 [qtp1044854934-102] DEBUG org.eclipse.jetty.io.FillInterest - interested FillInterest@10d0e12a{AC.ReadCB@6845abd8{HttpConnection@6845abd8::NetworkTrafficSocketChannelEndPoint@7aa4ec50{/127.0.0.1:65029<->/127.0.0.1:8080,OPEN,fill=FI,flush=-,to=0/30000}{io=0/0,kio=0,kro=1}->HttpConnection@6845abd8[p=HttpParser{s=START,0 of -1},g=HttpGenerator@4211309{s=START}]=>HttpChannelOverHttp@705c8720{s=HttpChannelState@355e074f{s=IDLE rs=BLOCKING os=OPEN is=IDLE awp=false se=false i=true al=0},r=2,c=false/false,a=IDLE,uri=null,age=0}}}
13:18:52.869 [qtp1044854934-102] DEBUG org.eclipse.jetty.io.ChannelEndPoint - changeInterests p=false 0->1 for NetworkTrafficSocketChannelEndPoint@7aa4ec50{/127.0.0.1:65029<->/127.0.0.1:8080,OPEN,fill=FI,flush=-,to=0/30000}{io=0/1,kio=0,kro=1}->HttpConnection@6845abd8[p=HttpParser{s=START,0 of -1},g=HttpGenerator@4211309{s=START}]=>HttpChannelOverHttp@705c8720{s=HttpChannelState@355e074f{s=IDLE rs=BLOCKING os=OPEN is=IDLE awp=false se=false i=true al=0},r=2,c=false/false,a=IDLE,uri=null,age=0}
13:18:52.869 [qtp1044854934-102] DEBUG org.eclipse.jetty.io.ManagedSelector - Queued change org.eclipse.jetty.io.ChannelEndPoint$1@5571f800 on ManagedSelector@2114e303{STARTED} id=1 keys=1 selected=0 updates=0
13:18:52.869 [qtp1044854934-102] DEBUG org.eclipse.jetty.io.ManagedSelector - Wakeup on submit ManagedSelector@2114e303{STARTED} id=1 keys=1 selected=0 updates=1
13:18:52.869 [qtp1044854934-102] DEBUG org.eclipse.jetty.server.HttpConnection - HttpConnection@6845abd8::NetworkTrafficSocketChannelEndPoint@7aa4ec50{/127.0.0.1:65029<->/127.0.0.1:8080,OPEN,fill=FI,flush=-,to=0/30000}{io=0/1,kio=0,kro=1}->HttpConnection@6845abd8[p=HttpParser{s=START,0 of -1},g=HttpGenerator@4211309{s=START}]=>HttpChannelOverHttp@705c8720{s=HttpChannelState@355e074f{s=IDLE rs=BLOCKING os=OPEN is=IDLE awp=false se=false i=true al=0},r=2,c=false/false,a=IDLE,uri=null,age=0} onFillable exit HttpChannelState@355e074f{s=IDLE rs=BLOCKING os=OPEN is=IDLE awp=false se=false i=true al=0} null
13:18:52.869 [qtp1044854934-106] DEBUG org.eclipse.jetty.io.ManagedSelector - Selector sun.nio.ch.WindowsSelectorImpl@7436f8a6 woken with none selected
13:18:52.869 [qtp1044854934-102] DEBUG org.eclipse.jetty.util.thread.QueuedThreadPool - ran org.eclipse.jetty.io.ManagedSelector$$Lambda$425/0x00000001005fc040@195ba3d1 in QueuedThreadPool[qtp1044854934]@3e473896{STARTED,8<=8<=14,i=1,r=1,q=0}[ReservedThreadExecutor@6a4b1be1{s=1/1,p=0}]
13:18:52.869 [qtp1044854934-106] DEBUG org.eclipse.jetty.io.ManagedSelector - Selector sun.nio.ch.WindowsSelectorImpl@7436f8a6 woken up from select, 0/0/1 selected
13:18:52.869 [qtp1044854934-106] DEBUG org.eclipse.jetty.io.ManagedSelector - Selector sun.nio.ch.WindowsSelectorImpl@7436f8a6 processing 0 keys, 1 updates
13:18:52.869 [qtp1044854934-106] DEBUG org.eclipse.jetty.io.ManagedSelector - updateable 1
13:18:52.869 [qtp1044854934-106] DEBUG org.eclipse.jetty.io.ManagedSelector - update org.eclipse.jetty.io.ChannelEndPoint$1@5571f800
13:18:52.869 [qtp1044854934-106] DEBUG org.eclipse.jetty.io.ChannelEndPoint - Key interests updated 0 -> 1 on NetworkTrafficSocketChannelEndPoint@7aa4ec50{/127.0.0.1:65029<->/127.0.0.1:8080,OPEN,fill=FI,flush=-,to=0/30000}{io=1/1,kio=1,kro=1}->HttpConnection@6845abd8[p=HttpParser{s=START,0 of -1},g=HttpGenerator@4211309{s=START}]=>HttpChannelOverHttp@705c8720{s=HttpChannelState@355e074f{s=IDLE rs=BLOCKING os=OPEN is=IDLE awp=false se=false i=true al=0},r=2,c=false/false,a=IDLE,uri=null,age=0}
13:18:52.869 [qtp1044854934-106] DEBUG org.eclipse.jetty.io.ManagedSelector - updates 0
13:18:52.869 [qtp1044854934-106] DEBUG org.eclipse.jetty.io.ManagedSelector - Selector sun.nio.ch.WindowsSelectorImpl@7436f8a6 waiting with 1 keys
13:18:52.879 [Test worker] DEBUG org.apache.http.impl.conn.PoolingHttpClientConnectionManager - Connection request: [route: {}->http://localhost:8080][total available: 1; route allocated: 1 of 5; total allocated: 1 of 50]
13:18:52.879 [Test worker] DEBUG org.apache.http.impl.conn.PoolingHttpClientConnectionManager - Connection leased: [id: 5][route: {}->http://localhost:8080][total available: 0; route allocated: 1 of 5; total allocated: 1 of 50]
13:18:52.879 [Test worker] DEBUG org.apache.http.impl.conn.DefaultManagedHttpClientConnection - http-outgoing-5: set socket timeout to 30000
13:18:52.879 [Test worker] DEBUG org.apache.http.impl.execchain.MainClientExec - Stale connection check
13:18:52.881 [Test worker] DEBUG org.apache.http.wire - http-outgoing-5 << "[read] I/O error: Read timed out"
13:18:52.881 [Test worker] DEBUG org.apache.http.impl.execchain.MainClientExec - Executing request POST /__admin/mappings HTTP/1.1
13:18:52.881 [Test worker] DEBUG org.apache.http.impl.execchain.MainClientExec - Target auth state: UNCHALLENGED
13:18:52.881 [Test worker] DEBUG org.apache.http.impl.execchain.MainClientExec - Proxy auth state: UNCHALLENGED
13:18:52.881 [Test worker] DEBUG org.apache.http.headers - http-outgoing-5 >> POST /__admin/mappings HTTP/1.1
13:18:52.881 [Test worker] DEBUG org.apache.http.headers - http-outgoing-5 >> Content-Length: 863
13:18:52.881 [Test worker] DEBUG org.apache.http.headers - http-outgoing-5 >> Content-Type: text/plain; charset=UTF-8
13:18:52.881 [Test worker] DEBUG org.apache.http.headers - http-outgoing-5 >> Host: localhost:8080
13:18:52.881 [Test worker] DEBUG org.apache.http.headers - http-outgoing-5 >> Connection: Keep-Alive
13:18:52.881 [Test worker] DEBUG org.apache.http.headers - http-outgoing-5 >> User-Agent: Apache-HttpClient/4.5.12 (Java/11.0.2)
13:18:52.881 [Test worker] DEBUG org.apache.http.wire - http-outgoing-5 >> "POST /__admin/mappings HTTP/1.1[\r][\n]"
13:18:52.881 [Test worker] DEBUG org.apache.http.wire - http-outgoing-5 >> "Content-Length: 863[\r][\n]"
13:18:52.881 [Test worker] DEBUG org.apache.http.wire - http-outgoing-5 >> "Content-Type: text/plain; charset=UTF-8[\r][\n]"
13:18:52.881 [Test worker] DEBUG org.apache.http.wire - http-outgoing-5 >> "Host: localhost:8080[\r][\n]"
13:18:52.881 [Test worker] DEBUG org.apache.http.wire - http-outgoing-5 >> "Connection: Keep-Alive[\r][\n]"
13:18:52.881 [Test worker] DEBUG org.apache.http.wire - http-outgoing-5 >> "User-Agent: Apache-HttpClient/4.5.12 (Java/11.0.2)[\r][\n]"
13:18:52.881 [Test worker] DEBUG org.apache.http.wire - http-outgoing-5 >> "[\r][\n]"
13:18:52.881 [Test worker] DEBUG org.apache.http.wire - http-outgoing-5 >> "{[\r][\n]"
13:18:52.881 [Test worker] DEBUG org.apache.http.wire - http-outgoing-5 >> "  "id" : "8ca86b10-267d-4d32-8557-fe561df02a41",[\r][\n]"
13:18:52.881 [Test worker] DEBUG org.apache.http.wire - http-outgoing-5 >> "  "request" : {[\r][\n]"
13:18:52.881 [Test worker] DEBUG org.apache.http.wire - http-outgoing-5 >> "    "url" : "/api/v0/components/provision-adapters/jobs",[\r][\n]"
13:18:52.881 [Test worker] DEBUG org.apache.http.wire - http-outgoing-5 >> "    "method" : "POST",[\r][\n]"
13:18:52.881 [Test worker] DEBUG org.apache.http.wire - http-outgoing-5 >> "    "headers" : {[\r][\n]"
13:18:52.881 [Test worker] DEBUG org.apache.http.wire - http-outgoing-5 >> "      "Authorization" : {[\r][\n]"
13:18:52.881 [Test worker] DEBUG org.apache.http.wire - http-outgoing-5 >> "        "equalTo" : "Bearer someToken"[\r][\n]"
13:18:52.881 [Test worker] DEBUG org.apache.http.wire - http-outgoing-5 >> "      }[\r][\n]"
13:18:52.881 [Test worker] DEBUG org.apache.http.wire - http-outgoing-5 >> "    },[\r][\n]"
13:18:52.881 [Test worker] DEBUG org.apache.http.wire - http-outgoing-5 >> "    "bodyPatterns" : [ {[\r][\n]"
13:18:52.881 [Test worker] DEBUG org.apache.http.wire - http-outgoing-5 >> "      "equalTo" : "{\"id\":\"2ec10139-2dfd-465c-8b35-b176fd9db069\",\"product\":\"08e3492b-1227-4699-8aae-29423c1d56c8\",\"configurationSubset\":\"ue-dev-build\",\"answers\":{\"var1\":\"TEST\"}}"[\r][\n]"
13:18:52.881 [Test worker] DEBUG org.apache.http.wire - http-outgoing-5 >> "    } ][\r][\n]"
13:18:52.881 [Test worker] DEBUG org.apache.http.wire - http-outgoing-5 >> "  },[\r][\n]"
13:18:52.881 [Test worker] DEBUG org.apache.http.wire - http-outgoing-5 >> "  "response" : {[\r][\n]"
13:18:52.881 [Test worker] DEBUG org.apache.http.wire - http-outgoing-5 >> "    "status" : 200,[\r][\n]"
13:18:52.881 [Test worker] DEBUG org.apache.http.wire - http-outgoing-5 >> "    "body" : "{\"id\":\"f9b4d64a-8dad-4aa0-93b1-7efb8f6c52c2\",\"componentInstance\":null,\"status\":null,\"metadata\":null}",[\r][\n]"
13:18:52.881 [Test worker] DEBUG org.apache.http.wire - http-outgoing-5 >> "    "headers" : {[\r][\n]"
13:18:52.881 [Test worker] DEBUG org.apache.http.wire - http-outgoing-5 >> "      "Content-Type" : "application/json"[\r][\n]"
13:18:52.881 [Test worker] DEBUG org.apache.http.wire - http-outgoing-5 >> "    }[\r][\n]"
13:18:52.881 [Test worker] DEBUG org.apache.http.wire - http-outgoing-5 >> "  },[\r][\n]"
13:18:52.881 [Test worker] DEBUG org.apache.http.wire - http-outgoing-5 >> "  "uuid" : "8ca86b10-267d-4d32-8557-fe561df02a41",[\r][\n]"
13:18:52.881 [Test worker] DEBUG org.apache.http.wire - http-outgoing-5 >> "  "scenarioName" : "unAuthorized",[\r][\n]"
13:18:52.881 [Test worker] DEBUG org.apache.http.wire - http-outgoing-5 >> "  "requiredScenarioState" : "logged"[\r][\n]"
13:18:52.881 [Test worker] DEBUG org.apache.http.wire - http-outgoing-5 >> "}"
13:18:52.882 [qtp1044854934-106] DEBUG org.eclipse.jetty.io.ManagedSelector - Selector sun.nio.ch.WindowsSelectorImpl@7436f8a6 woken up from select, 1/1/1 selected
13:18:52.882 [qtp1044854934-106] DEBUG org.eclipse.jetty.io.ManagedSelector - Selector sun.nio.ch.WindowsSelectorImpl@7436f8a6 processing 1 keys, 0 updates
13:18:52.882 [qtp1044854934-106] DEBUG org.eclipse.jetty.io.ManagedSelector - selected 1 channel=java.nio.channels.SocketChannel[connected local=/127.0.0.1:8080 remote=/127.0.0.1:65029], selector=sun.nio.ch.WindowsSelectorImpl@7436f8a6, interestOps=1, readyOps=1 NetworkTrafficSocketChannelEndPoint@7aa4ec50{/127.0.0.1:65029<->/127.0.0.1:8080,OPEN,fill=FI,flush=-,to=13/30000}{io=1/1,kio=1,kro=1}->HttpConnection@6845abd8[p=HttpParser{s=START,0 of -1},g=HttpGenerator@4211309{s=START}]=>HttpChannelOverHttp@705c8720{s=HttpChannelState@355e074f{s=IDLE rs=BLOCKING os=OPEN is=IDLE awp=false se=false i=true al=0},r=2,c=false/false,a=IDLE,uri=null,age=0} 
13:18:52.882 [qtp1044854934-106] DEBUG org.eclipse.jetty.io.ChannelEndPoint - onSelected 1->0 r=true w=false for NetworkTrafficSocketChannelEndPoint@7aa4ec50{/127.0.0.1:65029<->/127.0.0.1:8080,OPEN,fill=FI,flush=-,to=13/30000}{io=1/0,kio=1,kro=1}->HttpConnection@6845abd8[p=HttpParser{s=START,0 of -1},g=HttpGenerator@4211309{s=START}]=>HttpChannelOverHttp@705c8720{s=HttpChannelState@355e074f{s=IDLE rs=BLOCKING os=OPEN is=IDLE awp=false se=false i=true al=0},r=2,c=false/false,a=IDLE,uri=null,age=0}
13:18:52.882 [qtp1044854934-106] DEBUG org.eclipse.jetty.io.ChannelEndPoint - task CEP:NetworkTrafficSocketChannelEndPoint@7aa4ec50{/127.0.0.1:65029<->/127.0.0.1:8080,OPEN,fill=FI,flush=-,to=13/30000}{io=1/0,kio=1,kro=1}->HttpConnection@6845abd8[p=HttpParser{s=START,0 of -1},g=HttpGenerator@4211309{s=START}]=>HttpChannelOverHttp@705c8720{s=HttpChannelState@355e074f{s=IDLE rs=BLOCKING os=OPEN is=IDLE awp=false se=false i=true al=0},r=2,c=false/false,a=IDLE,uri=null,age=0}:runFillable:BLOCKING
13:18:52.883 [qtp1044854934-106] DEBUG org.eclipse.jetty.util.thread.ReservedThreadExecutor - ReservedThreadExecutor@6a4b1be1{s=1/1,p=0} tryExecute EatWhatYouKill@338225cc/SelectorProducer@18085b76/PRODUCING/p=false/QueuedThreadPool[qtp1044854934]@3e473896{STARTED,8<=8<=14,i=2,r=1,q=0}[ReservedThreadExecutor@6a4b1be1{s=1/1,p=0}][pc=0,pic=0,pec=1,epc=1]@2020-09-25T13:18:52.8823342+02:00
13:18:52.883 [qtp1044854934-106] DEBUG org.eclipse.jetty.util.thread.ReservedThreadExecutor - ReservedThreadExecutor@6a4b1be1{s=0/1,p=0}@3bcc026b offer EatWhatYouKill@338225cc/SelectorProducer@18085b76/PRODUCING/p=false/QueuedThreadPool[qtp1044854934]@3e473896{STARTED,8<=8<=14,i=2,r=1,q=0}[ReservedThreadExecutor@6a4b1be1{s=0/1,p=0}][pc=0,pic=0,pec=1,epc=1]@2020-09-25T13:18:52.8833322+02:00
13:18:52.884 [qtp1044854934-106] DEBUG org.eclipse.jetty.util.thread.ReservedThreadExecutor - ReservedThreadExecutor@6a4b1be1{s=0/1,p=1} startReservedThread p=1
13:18:52.884 [qtp1044854934-106] DEBUG org.eclipse.jetty.util.thread.QueuedThreadPool - queue ReservedThreadExecutor@6a4b1be1{s=0/1,p=1}@10af921d startThread=0
13:18:52.884 [qtp1044854934-106] DEBUG org.eclipse.jetty.util.thread.strategy.EatWhatYouKill - EatWhatYouKill@338225cc/SelectorProducer@18085b76/IDLE/p=true/QueuedThreadPool[qtp1044854934]@3e473896{STARTED,8<=8<=14,i=1,r=1,q=0}[ReservedThreadExecutor@6a4b1be1{s=0/1,p=1}][pc=0,pic=0,pec=1,epc=1]@2020-09-25T13:18:52.8843305+02:00 m=EXECUTE_PRODUCE_CONSUME t=CEP:NetworkTrafficSocketChannelEndPoint@7aa4ec50{/127.0.0.1:65029<->/127.0.0.1:8080,OPEN,fill=FI,flush=-,to=15/30000}{io=1/0,kio=1,kro=1}->HttpConnection@6845abd8[p=HttpParser{s=START,0 of -1},g=HttpGenerator@4211309{s=START}]=>HttpChannelOverHttp@705c8720{s=HttpChannelState@355e074f{s=IDLE rs=BLOCKING os=OPEN is=IDLE awp=false se=false i=true al=0},r=2,c=false/false,a=IDLE,uri=null,age=0}:runFillable:BLOCKING/BLOCKING
13:18:52.884 [qtp1044854934-106] DEBUG org.eclipse.jetty.io.FillInterest - fillable FillInterest@10d0e12a{AC.ReadCB@6845abd8{HttpConnection@6845abd8::NetworkTrafficSocketChannelEndPoint@7aa4ec50{/127.0.0.1:65029<->/127.0.0.1:8080,OPEN,fill=FI,flush=-,to=15/30000}{io=1/0,kio=1,kro=1}->HttpConnection@6845abd8[p=HttpParser{s=START,0 of -1},g=HttpGenerator@4211309{s=START}]=>HttpChannelOverHttp@705c8720{s=HttpChannelState@355e074f{s=IDLE rs=BLOCKING os=OPEN is=IDLE awp=false se=false i=true al=0},r=2,c=false/false,a=IDLE,uri=null,age=0}}}
13:18:52.884 [qtp1044854934-106] DEBUG org.eclipse.jetty.server.HttpConnection - HttpConnection@6845abd8::NetworkTrafficSocketChannelEndPoint@7aa4ec50{/127.0.0.1:65029<->/127.0.0.1:8080,OPEN,fill=-,flush=-,to=15/30000}{io=1/0,kio=1,kro=1}->HttpConnection@6845abd8[p=HttpParser{s=START,0 of -1},g=HttpGenerator@4211309{s=START}]=>HttpChannelOverHttp@705c8720{s=HttpChannelState@355e074f{s=IDLE rs=BLOCKING os=OPEN is=IDLE awp=false se=false i=true al=0},r=2,c=false/false,a=IDLE,uri=null,age=0} onFillable enter HttpChannelState@355e074f{s=IDLE rs=BLOCKING os=OPEN is=IDLE awp=false se=false i=true al=0} null
13:18:52.884 [qtp1044854934-108] DEBUG org.eclipse.jetty.util.thread.ReservedThreadExecutor - ReservedThreadExecutor@6a4b1be1{s=0/1,p=1}@3bcc026b task=EatWhatYouKill@338225cc/SelectorProducer@18085b76/IDLE/p=true/QueuedThreadPool[qtp1044854934]@3e473896{STARTED,8<=8<=14,i=1,r=1,q=0}[ReservedThreadExecutor@6a4b1be1{s=0/1,p=1}][pc=0,pic=0,pec=1,epc=2]@2020-09-25T13:18:52.8843305+02:00
13:18:52.884 [qtp1044854934-107] DEBUG org.eclipse.jetty.util.thread.QueuedThreadPool - run ReservedThreadExecutor@6a4b1be1{s=0/1,p=1}@10af921d in QueuedThreadPool[qtp1044854934]@3e473896{STARTED,8<=8<=14,i=1,r=1,q=0}[ReservedThreadExecutor@6a4b1be1{s=0/1,p=1}]
13:18:52.884 [qtp1044854934-107] DEBUG org.eclipse.jetty.util.thread.ReservedThreadExecutor - ReservedThreadExecutor@6a4b1be1{s=1/1,p=1}@10af921d started
13:18:52.884 [qtp1044854934-108] DEBUG org.eclipse.jetty.util.thread.strategy.EatWhatYouKill - EatWhatYouKill@338225cc/SelectorProducer@18085b76/IDLE/p=true/QueuedThreadPool[qtp1044854934]@3e473896{STARTED,8<=8<=14,i=1,r=1,q=0}[ReservedThreadExecutor@6a4b1be1{s=0/1,p=1}][pc=0,pic=0,pec=1,epc=2]@2020-09-25T13:18:52.8843305+02:00 tryProduce true
13:18:52.885 [qtp1044854934-108] DEBUG org.eclipse.jetty.io.ManagedSelector - updateable 0
13:18:52.885 [qtp1044854934-108] DEBUG org.eclipse.jetty.io.ManagedSelector - updates 0
13:18:52.885 [qtp1044854934-106] DEBUG org.eclipse.jetty.io.ChannelEndPoint - filled 1058 HeapByteBuffer@756f77d8[p=0,l=1058,c=8192,r=1058]={<<<POST /__admin/mappings HT...rioState" : "logged"\r\n}>>>\x00\x00\x00\x00\x00\x00\x00\x00\x00...\x00\x00\x00\x00\x00\x00\x00}
13:18:52.885 [qtp1044854934-107] DEBUG org.eclipse.jetty.util.thread.ReservedThreadExecutor - ReservedThreadExecutor@6a4b1be1{s=1/1,p=0}@10af921d waiting
13:18:52.885 [qtp1044854934-108] DEBUG org.eclipse.jetty.io.ChannelEndPoint - Key interests updated 1 -> 0 on NetworkTrafficSocketChannelEndPoint@7aa4ec50{/127.0.0.1:65029<->/127.0.0.1:8080,OPEN,fill=-,flush=-,to=0/30000}{io=0/0,kio=0,kro=1}->HttpConnection@6845abd8[p=HttpParser{s=START,0 of -1},g=HttpGenerator@4211309{s=START}]=>HttpChannelOverHttp@705c8720{s=HttpChannelState@355e074f{s=IDLE rs=BLOCKING os=OPEN is=IDLE awp=false se=false i=true al=0},r=2,c=false/false,a=IDLE,uri=null,age=0}
13:18:52.885 [qtp1044854934-108] DEBUG org.eclipse.jetty.io.ManagedSelector - Selector sun.nio.ch.WindowsSelectorImpl@7436f8a6 waiting with 1 keys
13:18:52.885 [qtp1044854934-106] DEBUG org.eclipse.jetty.server.HttpConnection - HttpConnection@6845abd8::NetworkTrafficSocketChannelEndPoint@7aa4ec50{/127.0.0.1:65029<->/127.0.0.1:8080,OPEN,fill=-,flush=-,to=0/30000}{io=0/0,kio=0,kro=1}->HttpConnection@6845abd8[p=HttpParser{s=START,0 of -1},g=HttpGenerator@4211309{s=START}]=>HttpChannelOverHttp@705c8720{s=HttpChannelState@355e074f{s=IDLE rs=BLOCKING os=OPEN is=IDLE awp=false se=false i=true al=0},r=2,c=false/false,a=IDLE,uri=null,age=0} filled 1058 HeapByteBuffer@756f77d8[p=0,l=1058,c=8192,r=1058]={<<<POST /__admin/mappings HT...rioState" : "logged"\r\n}>>>\x00\x00\x00\x00\x00\x00\x00\x00\x00...\x00\x00\x00\x00\x00\x00\x00}
13:18:52.885 [qtp1044854934-106] DEBUG org.eclipse.jetty.server.HttpConnection - HttpConnection@6845abd8::NetworkTrafficSocketChannelEndPoint@7aa4ec50{/127.0.0.1:65029<->/127.0.0.1:8080,OPEN,fill=-,flush=-,to=0/30000}{io=0/0,kio=0,kro=1}->HttpConnection@6845abd8[p=HttpParser{s=START,0 of -1},g=HttpGenerator@4211309{s=START}]=>HttpChannelOverHttp@705c8720{s=HttpChannelState@355e074f{s=IDLE rs=BLOCKING os=OPEN is=IDLE awp=false se=false i=true al=0},r=2,c=false/false,a=IDLE,uri=null,age=0} parse HeapByteBuffer@756f77d8[p=0,l=1058,c=8192,r=1058]={<<<POST /__admin/mappings HT...rioState" : "logged"\r\n}>>>\x00\x00\x00\x00\x00\x00\x00\x00\x00...\x00\x00\x00\x00\x00\x00\x00} {}
13:18:52.885 [qtp1044854934-106] DEBUG org.eclipse.jetty.http.HttpParser - parseNext s=START HeapByteBuffer@756f77d8[p=0,l=1058,c=8192,r=1058]={<<<POST /__admin/mappings HT...rioState" : "logged"\r\n}>>>\x00\x00\x00\x00\x00\x00\x00\x00\x00...\x00\x00\x00\x00\x00\x00\x00}
13:18:52.885 [qtp1044854934-106] DEBUG org.eclipse.jetty.http.HttpParser - START --> SPACE1
13:18:52.885 [qtp1044854934-106] DEBUG org.eclipse.jetty.http.HttpParser - SPACE1 --> URI
13:18:52.885 [qtp1044854934-106] DEBUG org.eclipse.jetty.http.HttpParser - URI --> SPACE2
13:18:52.885 [qtp1044854934-106] DEBUG org.eclipse.jetty.http.HttpParser - SPACE2 --> REQUEST_VERSION
13:18:52.885 [qtp1044854934-106] DEBUG org.eclipse.jetty.http.HttpParser - REQUEST_VERSION --> HEADER
13:18:52.885 [qtp1044854934-106] DEBUG org.eclipse.jetty.http.HttpParser - HEADER:Content-Length --> VALUE
13:18:52.885 [qtp1044854934-106] DEBUG org.eclipse.jetty.http.HttpParser - HEADER:Content-Length --> IN_VALUE
13:18:52.885 [qtp1044854934-106] DEBUG org.eclipse.jetty.http.HttpParser - HEADER:Content-Length --> FIELD
13:18:52.885 [qtp1044854934-106] DEBUG org.eclipse.jetty.http.HttpParser - HEADER:Content-Type: text/plain; charset=UTF-8 --> IN_VALUE
13:18:52.885 [qtp1044854934-106] DEBUG org.eclipse.jetty.http.HttpParser - HEADER:Content-Type: text/plain; charset=UTF-8 --> FIELD
13:18:52.885 [qtp1044854934-106] DEBUG org.eclipse.jetty.http.HttpParser - HEADER:Host: localhost:8080 --> IN_VALUE
13:18:52.885 [qtp1044854934-106] DEBUG org.eclipse.jetty.http.HttpParser - HEADER:Host: localhost:8080 --> FIELD
13:18:52.885 [qtp1044854934-106] DEBUG org.eclipse.jetty.http.HttpParser - HEADER:Connection: keep-alive --> IN_VALUE
13:18:52.885 [qtp1044854934-106] DEBUG org.eclipse.jetty.http.HttpParser - HEADER:Connection: keep-alive --> FIELD
13:18:52.885 [qtp1044854934-106] DEBUG org.eclipse.jetty.http.HttpParser - HEADER:User-Agent: Apache-HttpClient/4.5.12 (Java/11.0.2) --> IN_VALUE
13:18:52.885 [qtp1044854934-106] DEBUG org.eclipse.jetty.http.HttpParser - HEADER:User-Agent: Apache-HttpClient/4.5.12 (Java/11.0.2) --> FIELD
13:18:52.885 [qtp1044854934-106] DEBUG org.eclipse.jetty.http.HttpParser - HEADER --> CONTENT
13:18:52.885 [qtp1044854934-106] DEBUG org.eclipse.jetty.server.HttpChannel - REQUEST for //localhost:8080/__admin/mappings on HttpChannelOverHttp@705c8720{s=HttpChannelState@355e074f{s=IDLE rs=BLOCKING os=OPEN is=IDLE awp=false se=false i=true al=0},r=3,c=false/false,a=IDLE,uri=//localhost:8080/__admin/mappings,age=0}
POST //localhost:8080/__admin/mappings HTTP/1.1
Content-Length: 863
Content-Type: text/plain; charset=UTF-8
Host: localhost:8080
Connection: keep-alive
User-Agent: Apache-HttpClient/4.5.12 (Java/11.0.2)


13:18:52.886 [qtp1044854934-106] DEBUG org.eclipse.jetty.server.HttpConnection - HttpConnection@6845abd8::NetworkTrafficSocketChannelEndPoint@7aa4ec50{/127.0.0.1:65029<->/127.0.0.1:8080,OPEN,fill=-,flush=-,to=0/30000}{io=0/0,kio=0,kro=1}->HttpConnection@6845abd8[p=HttpParser{s=CONTENT,0 of 863},g=HttpGenerator@4211309{s=START}]=>HttpChannelOverHttp@705c8720{s=HttpChannelState@355e074f{s=IDLE rs=BLOCKING os=OPEN is=IDLE awp=false se=false i=true al=0},r=3,c=false/false,a=IDLE,uri=//localhost:8080/__admin/mappings,age=1} parsed true HttpParser{s=CONTENT,0 of 863}
13:18:52.886 [qtp1044854934-106] DEBUG org.eclipse.jetty.server.HttpChannel - handle //localhost:8080/__admin/mappings HttpChannelOverHttp@705c8720{s=HttpChannelState@355e074f{s=IDLE rs=BLOCKING os=OPEN is=IDLE awp=false se=false i=true al=0},r=3,c=false/false,a=IDLE,uri=//localhost:8080/__admin/mappings,age=1} 
13:18:52.886 [qtp1044854934-106] DEBUG org.eclipse.jetty.server.HttpChannelState - handling HttpChannelState@355e074f{s=IDLE rs=BLOCKING os=OPEN is=IDLE awp=false se=false i=true al=0}
13:18:52.886 [qtp1044854934-106] DEBUG org.eclipse.jetty.server.HttpChannel - action DISPATCH HttpChannelOverHttp@705c8720{s=HttpChannelState@355e074f{s=HANDLING rs=BLOCKING os=OPEN is=IDLE awp=false se=false i=true al=0},r=3,c=false/false,a=HANDLING,uri=//localhost:8080/__admin/mappings,age=1}
13:18:52.886 [qtp1044854934-106] DEBUG org.eclipse.jetty.server.Server - REQUEST POST /__admin/mappings on HttpChannelOverHttp@705c8720{s=HttpChannelState@355e074f{s=HANDLING rs=BLOCKING os=OPEN is=IDLE awp=false se=false i=true al=0},r=3,c=false/false,a=HANDLING,uri=//localhost:8080/__admin/mappings,age=1}
13:18:52.886 [qtp1044854934-106] DEBUG org.eclipse.jetty.server.handler.ContextHandler - scope null||/__admin/mappings @ o.e.j.s.ServletContextHandler@5adf1b12{/__admin,null,AVAILABLE}
13:18:52.886 [qtp1044854934-106] DEBUG org.eclipse.jetty.server.handler.ContextHandler - context=/__admin||/mappings @ o.e.j.s.ServletContextHandler@5adf1b12{/__admin,null,AVAILABLE}
13:18:52.886 [qtp1044854934-106] DEBUG org.eclipse.jetty.servlet.ServletHandler - servlet /__admin|/mappings|null -> com.github.tomakehurst.wiremock.servlet.WireMockHandlerDispatchingServlet-1762ef63@fd0fff4e==com.github.tomakehurst.wiremock.servlet.WireMockHandlerDispatchingServlet,jsp=null,order=-1,inst=true,async=true
13:18:52.886 [qtp1044854934-106] DEBUG org.eclipse.jetty.servlet.ServletHandler - chain=org.eclipse.jetty.servlets.CrossOriginFilter-221545b0@221545b0==org.eclipse.jetty.servlets.CrossOriginFilter,inst=true,async=true->com.github.tomakehurst.wiremock.servlet.WireMockHandlerDispatchingServlet-1762ef63@fd0fff4e==com.github.tomakehurst.wiremock.servlet.WireMockHandlerDispatchingServlet,jsp=null,order=-1,inst=true,async=true
13:18:52.886 [qtp1044854934-106] DEBUG org.eclipse.jetty.servlet.ServletHandler - call filter org.eclipse.jetty.servlets.CrossOriginFilter-221545b0@221545b0==org.eclipse.jetty.servlets.CrossOriginFilter,inst=true,async=true
13:18:52.886 [qtp1044854934-106] DEBUG org.eclipse.jetty.servlet.ServletHandler - call servlet com.github.tomakehurst.wiremock.servlet.WireMockHandlerDispatchingServlet-1762ef63@fd0fff4e==com.github.tomakehurst.wiremock.servlet.WireMockHandlerDispatchingServlet,jsp=null,order=-1,inst=true,async=true
13:18:52.887 [qtp1044854934-106] DEBUG org.eclipse.jetty.server.HttpConnection - HttpConnection@6845abd8::NetworkTrafficSocketChannelEndPoint@7aa4ec50{/127.0.0.1:65029<->/127.0.0.1:8080,OPEN,fill=-,flush=-,to=1/30000}{io=0/0,kio=0,kro=1}->HttpConnection@6845abd8[p=HttpParser{s=CONTENT,0 of 863},g=HttpGenerator@4211309{s=START}]=>HttpChannelOverHttp@705c8720{s=HttpChannelState@355e074f{s=HANDLING rs=BLOCKING os=OPEN is=IDLE awp=false se=false i=true al=0},r=3,c=false/false,a=HANDLING,uri=//localhost:8080/__admin/mappings,age=1} parse HeapByteBuffer@756f77d8[p=195,l=1058,c=8192,r=863]={POST /__a....2)\r\n\r\n<<<{\r\n  "id" : "8ca86b10-267...rioState" : "logged"\r\n}>>>\x00\x00\x00\x00\x00\x00\x00\x00\x00...\x00\x00\x00\x00\x00\x00\x00} {}
13:18:52.887 [qtp1044854934-106] DEBUG org.eclipse.jetty.http.HttpParser - parseNext s=CONTENT HeapByteBuffer@756f77d8[p=195,l=1058,c=8192,r=863]={POST /__a....2)\r\n\r\n<<<{\r\n  "id" : "8ca86b10-267...rioState" : "logged"\r\n}>>>\x00\x00\x00\x00\x00\x00\x00\x00\x00...\x00\x00\x00\x00\x00\x00\x00}
13:18:52.887 [qtp1044854934-106] DEBUG org.eclipse.jetty.server.HttpChannel - onContent HttpChannelOverHttp@705c8720{s=HttpChannelState@355e074f{s=HANDLING rs=BLOCKING os=OPEN is=IDLE awp=false se=false i=true al=0},r=3,c=false/false,a=HANDLING,uri=//localhost:8080/__admin/mappings,age=2} Content@1c9a725a{HeapByteBufferR@bd40952[p=195,l=1058,c=8192,r=863]={POST /__a....2)\r\n\r\n<<<{\r\n  "id" : "8ca86b10-267...rioState" : "logged"\r\n}>>>\x00\x00\x00\x00\x00\x00\x00\x00\x00...\x00\x00\x00\x00\x00\x00\x00}}
13:18:52.887 [qtp1044854934-106] DEBUG org.eclipse.jetty.server.HttpInput - HttpInputOverHTTP@344afc03[c=0,q=0,[0]=null,s=STREAM] addContent Content@1c9a725a{HeapByteBufferR@bd40952[p=195,l=1058,c=8192,r=863]={POST /__a....2)\r\n\r\n<<<{\r\n  "id" : "8ca86b10-267...rioState" : "logged"\r\n}>>>\x00\x00\x00\x00\x00\x00\x00\x00\x00...\x00\x00\x00\x00\x00\x00\x00}}
13:18:52.887 [qtp1044854934-106] DEBUG org.eclipse.jetty.http.HttpParser - CONTENT --> CONTENT_END
13:18:52.887 [qtp1044854934-106] DEBUG org.eclipse.jetty.server.HttpChannel - onContentComplete HttpChannelOverHttp@705c8720{s=HttpChannelState@355e074f{s=HANDLING rs=BLOCKING os=OPEN is=IDLE awp=false se=false i=true al=0},r=3,c=false/false,a=HANDLING,uri=//localhost:8080/__admin/mappings,age=2}
13:18:52.887 [qtp1044854934-106] DEBUG org.eclipse.jetty.http.HttpParser - CONTENT_END --> END
13:18:52.887 [qtp1044854934-106] DEBUG org.eclipse.jetty.server.HttpChannel - onRequestComplete HttpChannelOverHttp@705c8720{s=HttpChannelState@355e074f{s=HANDLING rs=BLOCKING os=OPEN is=IDLE awp=false se=false i=true al=0},r=3,c=false/false,a=HANDLING,uri=//localhost:8080/__admin/mappings,age=2}
13:18:52.887 [qtp1044854934-106] DEBUG org.eclipse.jetty.server.HttpInput - HttpInputOverHTTP@344afc03[c=0,q=1,[0]=EOF,s=STREAM] addContent EOF
13:18:52.887 [qtp1044854934-106] DEBUG org.eclipse.jetty.server.HttpConnection - HttpConnection@6845abd8::NetworkTrafficSocketChannelEndPoint@7aa4ec50{/127.0.0.1:65029<->/127.0.0.1:8080,OPEN,fill=-,flush=-,to=2/30000}{io=0/0,kio=0,kro=1}->HttpConnection@6845abd8[p=HttpParser{s=END,863 of 863},g=HttpGenerator@4211309{s=START}]=>HttpChannelOverHttp@705c8720{s=HttpChannelState@355e074f{s=HANDLING rs=BLOCKING os=OPEN is=IDLE awp=false se=false i=true al=0},r=3,c=false/false,a=HANDLING,uri=//localhost:8080/__admin/mappings,age=2} parsed false HttpParser{s=END,863 of 863}
13:18:52.887 [qtp1044854934-106] DEBUG org.eclipse.jetty.server.HttpInput - HttpInputOverHTTP@344afc03[c=863,q=1,[0]=EOF,s=STREAM] read 863 from Content@1c9a725a{HeapByteBufferR@bd40952[p=1058,l=1058,c=8192,r=0]={POST /__a...ged"\r\n}<<<>>>\x00\x00\x00\x00\x00\x00\x00\x00\x00...\x00\x00\x00\x00\x00\x00\x00}}
13:18:52.887 [qtp1044854934-106] DEBUG org.eclipse.jetty.server.HttpConnection - releaseRequestBuffer HttpConnection@6845abd8::NetworkTrafficSocketChannelEndPoint@7aa4ec50{/127.0.0.1:65029<->/127.0.0.1:8080,OPEN,fill=-,flush=-,to=2/30000}{io=0/0,kio=0,kro=1}->HttpConnection@6845abd8[p=HttpParser{s=END,863 of 863},g=HttpGenerator@4211309{s=START}]=>HttpChannelOverHttp@705c8720{s=HttpChannelState@355e074f{s=HANDLING rs=BLOCKING os=OPEN is=IDLE awp=false se=false i=true al=0},r=3,c=false/false,a=HANDLING,uri=//localhost:8080/__admin/mappings,age=2}
13:18:52.887 [qtp1044854934-106] DEBUG org.eclipse.jetty.server.HttpChannelState - onEof HttpChannelState@355e074f{s=HANDLING rs=BLOCKING os=OPEN is=IDLE awp=false se=false i=true al=0}
13:18:52.910 [qtp1044854934-106] DEBUG org.eclipse.jetty.server.HttpOutput - write(array HeapByteBuffer@591eaa4b[p=0,l=863,c=8192,r=863]={<<<{\r\n  "id" : "8ca86b10-267...rioState" : "logged"\r\n}>>>\x00\x00\x00\x00\x00\x00\x00\x00\x00...\x00\x00\x00\x00\x00\x00\x00})
13:18:52.911 [qtp1044854934-106] DEBUG org.eclipse.jetty.server.HttpOutput - write(array) s=OPEN,api=BLOCKING,sc=false,e=null aggregated !flush DirectByteBuffer@39f337c1[p=0,l=863,c=32768,r=863]={<<<{\r\n  "id" : "8ca86b10-267...rioState" : "logged"\r\n}>>>\x00\x00\x00\x00\x00\x00\x00\x00\x00...\x00\x00\x00\x00\x00\x00\x00}
13:18:52.911 [qtp1044854934-106] DEBUG org.eclipse.jetty.server.HttpChannel - sendResponse info=null content=DirectByteBuffer@39f337c1[p=0,l=863,c=32768,r=863]={<<<{\r\n  "id" : "8ca86b10-267...rioState" : "logged"\r\n}>>>\x00\x00\x00\x00\x00\x00\x00\x00\x00...\x00\x00\x00\x00\x00\x00\x00} complete=false committing=true callback=Blocker@1c1a390a{null}
13:18:52.911 [qtp1044854934-106] DEBUG org.eclipse.jetty.server.HttpChannel - COMMIT for /__admin/mappings on HttpChannelOverHttp@705c8720{s=HttpChannelState@355e074f{s=HANDLING rs=BLOCKING os=COMMITTED is=READY awp=false se=false i=true al=0},r=3,c=false/false,a=HANDLING,uri=//localhost:8080/__admin/mappings,age=26}
201 null HTTP/1.1
Content-Type: application/json


13:18:52.911 [qtp1044854934-106] DEBUG org.eclipse.jetty.server.HttpConnection - generate: NEED_HEADER for org.eclipse.jetty.server.HttpConnection$SendCallback@5754950b[PROCESSING][i=HTTP/1.1{s=201,h=1,cl=-1},cb=org.eclipse.jetty.server.HttpChannel$SendCallback@72844179] (null,[p=0,l=863,c=32768,r=863],false)@START
13:18:52.911 [qtp1044854934-106] DEBUG org.eclipse.jetty.http.HttpGenerator - generateHeaders HTTP/1.1{s=201,h=1,cl=-1} last=false content=DirectByteBuffer@39f337c1[p=0,l=863,c=32768,r=863]={<<<{\r\n  "id" : "8ca86b10-267...rioState" : "logged"\r\n}>>>\x00\x00\x00\x00\x00\x00\x00\x00\x00...\x00\x00\x00\x00\x00\x00\x00}
13:18:52.911 [qtp1044854934-106] DEBUG org.eclipse.jetty.http.HttpGenerator - Content-Type: application/json


13:18:52.911 [qtp1044854934-106] DEBUG org.eclipse.jetty.http.HttpGenerator - CHUNKED_CONTENT
13:18:52.911 [qtp1044854934-106] DEBUG org.eclipse.jetty.server.HttpConnection - generate: FLUSH for org.eclipse.jetty.server.HttpConnection$SendCallback@5754950b[PROCESSING][i=HTTP/1.1{s=201,h=1,cl=-1},cb=org.eclipse.jetty.server.HttpChannel$SendCallback@72844179] ([p=0,l=122,c=8192,r=122],[p=0,l=863,c=32768,r=863],false)@COMMITTED
13:18:52.911 [qtp1044854934-106] DEBUG org.eclipse.jetty.io.WriteFlusher - write: WriteFlusher@7e99254a{IDLE}->null [HeapByteBuffer@756f77d8[p=0,l=122,c=8192,r=122]={<<<HTTP/1.1 201 Created\r\nCon....28.v20200408)\r\n\r\n35F\r\n>>>ction: Ke...\x00\x00\x00\x00\x00\x00\x00},DirectByteBuffer@39f337c1[p=0,l=863,c=32768,r=863]={<<<{\r\n  "id" : "8ca86b10-267...rioState" : "logged"\r\n}>>>\x00\x00\x00\x00\x00\x00\x00\x00\x00...\x00\x00\x00\x00\x00\x00\x00}]
13:18:52.911 [qtp1044854934-106] DEBUG org.eclipse.jetty.io.WriteFlusher - update WriteFlusher@7e99254a{WRITING}->null:IDLE-->WRITING
13:18:52.911 [qtp1044854934-106] DEBUG org.eclipse.jetty.io.ChannelEndPoint - flushed 122 NetworkTrafficSocketChannelEndPoint@7aa4ec50{/127.0.0.1:65029<->/127.0.0.1:8080,OPEN,fill=-,flush=W,to=26/30000}{io=0/0,kio=0,kro=1}->HttpConnection@6845abd8[p=HttpParser{s=END,863 of 863},g=HttpGenerator@4211309{s=COMMITTED}]=>HttpChannelOverHttp@705c8720{s=HttpChannelState@355e074f{s=HANDLING rs=BLOCKING os=COMMITTED is=READY awp=false se=false i=true al=0},r=3,c=false/false,a=HANDLING,uri=//localhost:8080/__admin/mappings,age=26}
13:18:52.911 [qtp1044854934-106] DEBUG org.eclipse.jetty.io.ChannelEndPoint - flushed 863 NetworkTrafficSocketChannelEndPoint@7aa4ec50{/127.0.0.1:65029<->/127.0.0.1:8080,OPEN,fill=-,flush=W,to=0/30000}{io=0/0,kio=0,kro=1}->HttpConnection@6845abd8[p=HttpParser{s=END,863 of 863},g=HttpGenerator@4211309{s=COMMITTED}]=>HttpChannelOverHttp@705c8720{s=HttpChannelState@355e074f{s=HANDLING rs=BLOCKING os=COMMITTED is=READY awp=false se=false i=true al=0},r=3,c=false/false,a=HANDLING,uri=//localhost:8080/__admin/mappings,age=26}
13:18:52.912 [qtp1044854934-106] DEBUG org.eclipse.jetty.io.WriteFlusher - Flushed=true written=985 remaining=0 WriteFlusher@7e99254a{WRITING}->null
13:18:52.912 [Test worker] DEBUG org.apache.http.wire - http-outgoing-5 << "HTTP/1.1 201 Created[\r][\n]"
13:18:52.912 [Test worker] DEBUG org.apache.http.wire - http-outgoing-5 << "Content-Type: application/json[\r][\n]"
13:18:52.912 [Test worker] DEBUG org.apache.http.wire - http-outgoing-5 << "Transfer-Encoding: chunked[\r][\n]"
13:18:52.912 [Test worker] DEBUG org.apache.http.wire - http-outgoing-5 << "Server: Jetty(9.4.28.v20200408)[\r][\n]"
13:18:52.912 [Test worker] DEBUG org.apache.http.wire - http-outgoing-5 << "[\r][\n]"
13:18:52.912 [qtp1044854934-106] DEBUG org.eclipse.jetty.io.WriteFlusher - update WriteFlusher@7e99254a{IDLE}->null:WRITING-->IDLE
13:18:52.912 [Test worker] DEBUG org.apache.http.wire - http-outgoing-5 << "35F[\r][\n]"
13:18:52.912 [Test worker] DEBUG org.apache.http.wire - http-outgoing-5 << "{[\r][\n]"
13:18:52.912 [Test worker] DEBUG org.apache.http.wire - http-outgoing-5 << "  "id" : "8ca86b10-267d-4d32-8557-fe561df02a41",[\r][\n]"
13:18:52.912 [Test worker] DEBUG org.apache.http.wire - http-outgoing-5 << "  "request" : {[\r][\n]"
13:18:52.912 [Test worker] DEBUG org.apache.http.wire - http-outgoing-5 << "    "url" : "/api/v0/components/provision-adapters/jobs",[\r][\n]"
13:18:52.912 [Test worker] DEBUG org.apache.http.wire - http-outgoing-5 << "    "method" : "POST",[\r][\n]"
13:18:52.912 [Test worker] DEBUG org.apache.http.wire - http-outgoing-5 << "    "headers" : {[\r][\n]"
13:18:52.912 [Test worker] DEBUG org.apache.http.wire - http-outgoing-5 << "      "Authorization" : {[\r][\n]"
13:18:52.912 [Test worker] DEBUG org.apache.http.wire - http-outgoing-5 << "        "equalTo" : "Bearer someToken"[\r][\n]"
13:18:52.912 [Test worker] DEBUG org.apache.http.wire - http-outgoing-5 << "      }[\r][\n]"
13:18:52.912 [Test worker] DEBUG org.apache.http.wire - http-outgoing-5 << "    },[\r][\n]"
13:18:52.912 [qtp1044854934-106] DEBUG org.eclipse.jetty.server.HttpConnection - generate: DONE for org.eclipse.jetty.server.HttpConnection$SendCallback@5754950b[PROCESSING][i=HTTP/1.1{s=201,h=1,cl=-1},cb=org.eclipse.jetty.server.HttpChannel$SendCallback@72844179] ([p=122,l=122,c=8192,r=0],[p=863,l=863,c=32768,r=0],false)@COMMITTED
13:18:52.912 [Test worker] DEBUG org.apache.http.wire - http-outgoing-5 << "    "bodyPatterns" : [ {[\r][\n]"
13:18:52.912 [Test worker] DEBUG org.apache.http.wire - http-outgoing-5 << "      "equalTo" : "{\"id\":\"2ec10139-2dfd-465c-8b35-b176fd9db069\",\"product\":\"08e3492b-1227-4699-8aae-29423c1d56c8\",\"configurationSubset\":\"ue-dev-build\",\"answers\":{\"var1\":\"TEST\"}}"[\r][\n]"
13:18:52.912 [Test worker] DEBUG org.apache.http.wire - http-outgoing-5 << "    } ][\r][\n]"
13:18:52.912 [Test worker] DEBUG org.apache.http.wire - http-outgoing-5 << "  },[\r][\n]"
13:18:52.912 [Test worker] DEBUG org.apache.http.wire - http-outgoing-5 << "  "response" : {[\r][\n]"
13:18:52.912 [Test worker] DEBUG org.apache.http.wire - http-outgoing-5 << "    "status" : 200,[\r][\n]"
13:18:52.912 [Test worker] DEBUG org.apache.http.wire - http-outgoing-5 << "    "body" : "{\"id\":\"f9b4d64a-8dad-4aa0-93b1-7efb8f6c52c2\",\"componentInstance\":null,\"status\":null,\"metadata\":null}",[\r][\n]"
13:18:52.912 [Test worker] DEBUG org.apache.http.wire - http-outgoing-5 << "    "headers" : {[\r][\n]"
13:18:52.912 [qtp1044854934-106] DEBUG org.eclipse.jetty.server.HttpOutput - onWriteComplete(false,null) s=OPEN,api=BLOCKED,sc=false,e=null->s=OPEN,api=BLOCKING,sc=false,e=null c=null cb=null w=false
13:18:52.912 [Test worker] DEBUG org.apache.http.wire - http-outgoing-5 << "      "Content-Type" : "application/json"[\r][\n]"
13:18:52.912 [Test worker] DEBUG org.apache.http.wire - http-outgoing-5 << "    }[\r][\n]"
13:18:52.912 [Test worker] DEBUG org.apache.http.wire - http-outgoing-5 << "  },[\r][\n]"
13:18:52.912 [Test worker] DEBUG org.apache.http.wire - http-outgoing-5 << "  "uuid" : "8ca86b10-267d-4d32-8557-fe561df02a41",[\r][\n]"
13:18:52.912 [Test worker] DEBUG org.apache.http.wire - http-outgoing-5 << "  "scenarioName" : "unAuthorized",[\r][\n]"
13:18:52.912 [Test worker] DEBUG org.apache.http.wire - http-outgoing-5 << "  "requiredScenarioState" : "logged"[\r][\n]"
13:18:52.912 [qtp1044854934-106] DEBUG org.eclipse.jetty.server.HttpOutput - close() s=CLOSING,api=BLOCKED,sc=false,e=null c=HeapByteBuffer@137d328[p=0,l=0,c=0,r=0]={<<<>>>} b=Blocker@1c1a390a{null}
13:18:52.912 [Test worker] DEBUG org.apache.http.wire - http-outgoing-5 << "}"
13:18:52.912 [qtp1044854934-106] DEBUG org.eclipse.jetty.server.HttpChannel - sendResponse info=null content=HeapByteBuffer@137d328[p=0,l=0,c=0,r=0]={<<<>>>} complete=true committing=false callback=Blocker@1c1a390a{null}
13:18:52.912 [qtp1044854934-106] DEBUG org.eclipse.jetty.server.HttpConnection - generate: CONTINUE for org.eclipse.jetty.server.HttpConnection$SendCallback@5754950b[PROCESSING][i=null,cb=org.eclipse.jetty.server.HttpChannel$SendCallback@2fc1d937] (null,[p=0,l=0,c=0,r=0],true)@COMPLETING
13:18:52.912 [qtp1044854934-106] DEBUG org.eclipse.jetty.server.HttpConnection - generate: NEED_CHUNK for org.eclipse.jetty.server.HttpConnection$SendCallback@5754950b[PROCESSING][i=null,cb=org.eclipse.jetty.server.HttpChannel$SendCallback@2fc1d937] (null,[p=0,l=0,c=0,r=0],true)@COMPLETING
13:18:52.912 [qtp1044854934-106] DEBUG org.eclipse.jetty.server.HttpConnection - generate: FLUSH for org.eclipse.jetty.server.HttpConnection$SendCallback@5754950b[PROCESSING][i=null,cb=org.eclipse.jetty.server.HttpChannel$SendCallback@2fc1d937] (null,[p=0,l=0,c=0,r=0],true)@COMPLETING
13:18:52.912 [qtp1044854934-106] DEBUG org.eclipse.jetty.io.WriteFlusher - write: WriteFlusher@7e99254a{IDLE}->null [HeapByteBuffer@4009a65c[p=0,l=7,c=1024,r=7]={<<<\r\n0\r\n\r\n>>>\x00\x00\x00\x00\x00\x00\x00\x00\x00...\x00\x00\x00\x00\x00\x00\x00}]
13:18:52.912 [qtp1044854934-106] DEBUG org.eclipse.jetty.io.WriteFlusher - update WriteFlusher@7e99254a{WRITING}->null:IDLE-->WRITING
13:18:52.912 [qtp1044854934-106] DEBUG org.eclipse.jetty.io.ChannelEndPoint - flushed 7 NetworkTrafficSocketChannelEndPoint@7aa4ec50{/127.0.0.1:65029<->/127.0.0.1:8080,OPEN,fill=-,flush=W,to=0/30000}{io=0/0,kio=0,kro=1}->HttpConnection@6845abd8[p=HttpParser{s=END,863 of 863},g=HttpGenerator@4211309{s=COMPLETING}]=>HttpChannelOverHttp@705c8720{s=HttpChannelState@355e074f{s=HANDLING rs=BLOCKING os=COMMITTED is=READY awp=false se=false i=true al=0},r=3,c=false/false,a=HANDLING,uri=//localhost:8080/__admin/mappings,age=27}
13:18:52.912 [qtp1044854934-106] DEBUG org.eclipse.jetty.io.WriteFlusher - Flushed=true written=7 remaining=0 WriteFlusher@7e99254a{WRITING}->null
13:18:52.912 [qtp1044854934-106] DEBUG org.eclipse.jetty.io.WriteFlusher - update WriteFlusher@7e99254a{IDLE}->null:WRITING-->IDLE
13:18:52.912 [qtp1044854934-106] DEBUG org.eclipse.jetty.server.HttpConnection - generate: DONE for org.eclipse.jetty.server.HttpConnection$SendCallback@5754950b[PROCESSING][i=null,cb=org.eclipse.jetty.server.HttpChannel$SendCallback@2fc1d937] (null,[p=0,l=0,c=0,r=0],true)@END
13:18:52.912 [Test worker] DEBUG org.apache.http.headers - http-outgoing-5 << HTTP/1.1 201 Created
13:18:52.912 [Test worker] DEBUG org.apache.http.headers - http-outgoing-5 << Content-Type: application/json
13:18:52.912 [Test worker] DEBUG org.apache.http.headers - http-outgoing-5 << Transfer-Encoding: chunked
13:18:52.912 [Test worker] DEBUG org.apache.http.headers - http-outgoing-5 << Server: Jetty(9.4.28.v20200408)
13:18:52.912 [qtp1044854934-106] DEBUG org.eclipse.jetty.server.HttpOutput - onWriteComplete(true,null) s=CLOSING,api=BLOCKED,sc=false,e=null->s=CLOSED,api=BLOCKING,sc=false,e=null c=null cb=null w=false
13:18:52.912 [qtp1044854934-106] DEBUG org.eclipse.jetty.server.handler.gzip.GzipHandler - GzipHandler@4d61717f{STARTED,min=32,inflate=-1} handle Request[POST //localhost:8080/__admin/mappings]@3ce2252b in null
13:18:52.913 [qtp1044854934-106] DEBUG org.eclipse.jetty.server.handler.ContextHandler - scope null||/__admin/mappings @ o.e.j.s.ServletContextHandler@769fbc24{/,null,AVAILABLE}
13:18:52.913 [qtp1044854934-106] DEBUG org.eclipse.jetty.server.Server - handled=true async=false committed=true on HttpChannelOverHttp@705c8720{s=HttpChannelState@355e074f{s=HANDLING rs=BLOCKING os=COMPLETED is=READY awp=false se=false i=true al=0},r=3,c=false/true,a=HANDLING,uri=//localhost:8080/__admin/mappings,age=28}
13:18:52.913 [qtp1044854934-106] DEBUG org.eclipse.jetty.server.HttpChannelState - unhandle HttpChannelState@355e074f{s=HANDLING rs=BLOCKING os=COMPLETED is=READY awp=false se=false i=true al=0}
13:18:52.913 [qtp1044854934-106] DEBUG org.eclipse.jetty.server.HttpChannelState - nextAction(false) COMPLETE HttpChannelState@355e074f{s=HANDLING rs=COMPLETING os=COMPLETED is=READY awp=false se=false i=false al=0}
13:18:52.913 [qtp1044854934-106] DEBUG org.eclipse.jetty.server.HttpChannel - action COMPLETE HttpChannelOverHttp@705c8720{s=HttpChannelState@355e074f{s=HANDLING rs=COMPLETING os=COMPLETED is=READY awp=false se=false i=false al=0},r=3,c=false/true,a=HANDLING,uri=//localhost:8080/__admin/mappings,age=28}
13:18:52.913 [qtp1044854934-106] DEBUG org.eclipse.jetty.server.HttpOutput - complete(org.eclipse.jetty.util.Callback$4@db6281) s=CLOSED,api=BLOCKING,sc=false,e=null s=true e=null, c=null
13:18:52.913 [qtp1044854934-106] DEBUG org.eclipse.jetty.server.HttpChannelState - completed HttpChannelState@355e074f{s=HANDLING rs=COMPLETING os=COMPLETED is=READY awp=false se=false i=false al=0}
13:18:52.913 [qtp1044854934-106] DEBUG org.eclipse.jetty.server.HttpChannelState - unhandle HttpChannelState@355e074f{s=HANDLING rs=COMPLETED os=COMPLETED is=READY awp=false se=false i=false al=0}
13:18:52.913 [qtp1044854934-106] DEBUG org.eclipse.jetty.server.HttpChannelState - nextAction(false) TERMINATED HttpChannelState@355e074f{s=IDLE rs=COMPLETED os=COMPLETED is=READY awp=false se=false i=false al=0}
13:18:52.913 [qtp1044854934-106] DEBUG org.eclipse.jetty.server.HttpChannel - action TERMINATED HttpChannelOverHttp@705c8720{s=HttpChannelState@355e074f{s=IDLE rs=COMPLETED os=COMPLETED is=READY awp=false se=false i=false al=0},r=3,c=true/true,a=IDLE,uri=//localhost:8080/__admin/mappings,age=28}
13:18:52.913 [qtp1044854934-106] DEBUG org.eclipse.jetty.server.HttpChannel - onCompleted for /__admin/mappings written=863
13:18:52.913 [qtp1044854934-106] DEBUG org.eclipse.jetty.server.HttpChannelState - recycle HttpChannelState@355e074f{s=IDLE rs=COMPLETED os=COMPLETED is=READY awp=false se=false i=false al=0}
13:18:52.913 [qtp1044854934-106] DEBUG org.eclipse.jetty.http.HttpParser - reset HttpParser{s=END,863 of 863}
13:18:52.913 [qtp1044854934-106] DEBUG org.eclipse.jetty.http.HttpParser - END --> START
13:18:52.913 [qtp1044854934-106] DEBUG org.eclipse.jetty.server.HttpChannel - !handle TERMINATED HttpChannelOverHttp@705c8720{s=HttpChannelState@355e074f{s=IDLE rs=BLOCKING os=OPEN is=IDLE awp=false se=false i=true al=0},r=3,c=false/false,a=IDLE,uri=null,age=0}
13:18:52.913 [qtp1044854934-106] DEBUG org.eclipse.jetty.io.ChannelEndPoint - filled 0 HeapByteBuffer@756f77d8[p=0,l=0,c=8192,r=0]={<<<>>>HTTP/1.1 ...\x00\x00\x00\x00\x00\x00\x00}
13:18:52.913 [qtp1044854934-106] DEBUG org.eclipse.jetty.io.ChannelEndPoint - filled 0 HeapByteBuffer@756f77d8[p=0,l=0,c=8192,r=0]={<<<>>>HTTP/1.1 ...\x00\x00\x00\x00\x00\x00\x00}
13:18:52.913 [qtp1044854934-106] DEBUG org.eclipse.jetty.server.HttpConnection - HttpConnection@6845abd8::NetworkTrafficSocketChannelEndPoint@7aa4ec50{/127.0.0.1:65029<->/127.0.0.1:8080,OPEN,fill=-,flush=-,to=0/30000}{io=0/0,kio=0,kro=1}->HttpConnection@6845abd8[p=HttpParser{s=START,0 of -1},g=HttpGenerator@4211309{s=START}]=>HttpChannelOverHttp@705c8720{s=HttpChannelState@355e074f{s=IDLE rs=BLOCKING os=OPEN is=IDLE awp=false se=false i=true al=0},r=3,c=false/false,a=IDLE,uri=null,age=0} filled 0 HeapByteBuffer@756f77d8[p=0,l=0,c=8192,r=0]={<<<>>>HTTP/1.1 ...\x00\x00\x00\x00\x00\x00\x00}
13:18:52.913 [qtp1044854934-106] DEBUG org.eclipse.jetty.server.HttpConnection - HttpConnection@6845abd8::NetworkTrafficSocketChannelEndPoint@7aa4ec50{/127.0.0.1:65029<->/127.0.0.1:8080,OPEN,fill=-,flush=-,to=0/30000}{io=0/0,kio=0,kro=1}->HttpConnection@6845abd8[p=HttpParser{s=START,0 of -1},g=HttpGenerator@4211309{s=START}]=>HttpChannelOverHttp@705c8720{s=HttpChannelState@355e074f{s=IDLE rs=BLOCKING os=OPEN is=IDLE awp=false se=false i=true al=0},r=3,c=false/false,a=IDLE,uri=null,age=0} parse HeapByteBuffer@756f77d8[p=0,l=0,c=8192,r=0]={<<<>>>HTTP/1.1 ...\x00\x00\x00\x00\x00\x00\x00} {}
13:18:52.913 [qtp1044854934-106] DEBUG org.eclipse.jetty.http.HttpParser - parseNext s=START HeapByteBuffer@756f77d8[p=0,l=0,c=8192,r=0]={<<<>>>HTTP/1.1 ...\x00\x00\x00\x00\x00\x00\x00}
13:18:52.913 [qtp1044854934-106] DEBUG org.eclipse.jetty.server.HttpConnection - HttpConnection@6845abd8::NetworkTrafficSocketChannelEndPoint@7aa4ec50{/127.0.0.1:65029<->/127.0.0.1:8080,OPEN,fill=-,flush=-,to=1/30000}{io=0/0,kio=0,kro=1}->HttpConnection@6845abd8[p=HttpParser{s=START,0 of -1},g=HttpGenerator@4211309{s=START}]=>HttpChannelOverHttp@705c8720{s=HttpChannelState@355e074f{s=IDLE rs=BLOCKING os=OPEN is=IDLE awp=false se=false i=true al=0},r=3,c=false/false,a=IDLE,uri=null,age=0} parsed false HttpParser{s=START,0 of -1}
13:18:52.913 [qtp1044854934-106] DEBUG org.eclipse.jetty.server.HttpConnection - releaseRequestBuffer HttpConnection@6845abd8::NetworkTrafficSocketChannelEndPoint@7aa4ec50{/127.0.0.1:65029<->/127.0.0.1:8080,OPEN,fill=-,flush=-,to=1/30000}{io=0/0,kio=0,kro=1}->HttpConnection@6845abd8[p=HttpParser{s=START,0 of -1},g=HttpGenerator@4211309{s=START}]=>HttpChannelOverHttp@705c8720{s=HttpChannelState@355e074f{s=IDLE rs=BLOCKING os=OPEN is=IDLE awp=false se=false i=true al=0},r=3,c=false/false,a=IDLE,uri=null,age=0}
13:18:52.914 [qtp1044854934-106] DEBUG org.eclipse.jetty.io.AbstractConnection - fillInterested HttpConnection@6845abd8::NetworkTrafficSocketChannelEndPoint@7aa4ec50{/127.0.0.1:65029<->/127.0.0.1:8080,OPEN,fill=-,flush=-,to=1/30000}{io=0/0,kio=0,kro=1}->HttpConnection@6845abd8[p=HttpParser{s=START,0 of -1},g=HttpGenerator@4211309{s=START}]=>HttpChannelOverHttp@705c8720{s=HttpChannelState@355e074f{s=IDLE rs=BLOCKING os=OPEN is=IDLE awp=false se=false i=true al=0},r=3,c=false/false,a=IDLE,uri=null,age=0}
13:18:52.914 [Test worker] DEBUG org.apache.http.impl.execchain.MainClientExec - Connection can be kept alive indefinitely
13:18:52.914 [qtp1044854934-106] DEBUG org.eclipse.jetty.io.FillInterest - interested FillInterest@10d0e12a{AC.ReadCB@6845abd8{HttpConnection@6845abd8::NetworkTrafficSocketChannelEndPoint@7aa4ec50{/127.0.0.1:65029<->/127.0.0.1:8080,OPEN,fill=FI,flush=-,to=0/30000}{io=0/0,kio=0,kro=1}->HttpConnection@6845abd8[p=HttpParser{s=START,0 of -1},g=HttpGenerator@4211309{s=START}]=>HttpChannelOverHttp@705c8720{s=HttpChannelState@355e074f{s=IDLE rs=BLOCKING os=OPEN is=IDLE awp=false se=false i=true al=0},r=3,c=false/false,a=IDLE,uri=null,age=0}}}
13:18:52.914 [qtp1044854934-106] DEBUG org.eclipse.jetty.io.ChannelEndPoint - changeInterests p=false 0->1 for NetworkTrafficSocketChannelEndPoint@7aa4ec50{/127.0.0.1:65029<->/127.0.0.1:8080,OPEN,fill=FI,flush=-,to=0/30000}{io=0/1,kio=0,kro=1}->HttpConnection@6845abd8[p=HttpParser{s=START,0 of -1},g=HttpGenerator@4211309{s=START}]=>HttpChannelOverHttp@705c8720{s=HttpChannelState@355e074f{s=IDLE rs=BLOCKING os=OPEN is=IDLE awp=false se=false i=true al=0},r=3,c=false/false,a=IDLE,uri=null,age=0}
13:18:52.914 [qtp1044854934-106] DEBUG org.eclipse.jetty.io.ManagedSelector - Queued change org.eclipse.jetty.io.ChannelEndPoint$1@5571f800 on ManagedSelector@2114e303{STARTED} id=1 keys=1 selected=0 updates=0
13:18:52.914 [qtp1044854934-106] DEBUG org.eclipse.jetty.io.ManagedSelector - Wakeup on submit ManagedSelector@2114e303{STARTED} id=1 keys=1 selected=0 updates=1
13:18:52.914 [qtp1044854934-106] DEBUG org.eclipse.jetty.server.HttpConnection - HttpConnection@6845abd8::NetworkTrafficSocketChannelEndPoint@7aa4ec50{/127.0.0.1:65029<->/127.0.0.1:8080,OPEN,fill=FI,flush=-,to=0/30000}{io=0/1,kio=0,kro=1}->HttpConnection@6845abd8[p=HttpParser{s=START,0 of -1},g=HttpGenerator@4211309{s=START}]=>HttpChannelOverHttp@705c8720{s=HttpChannelState@355e074f{s=IDLE rs=BLOCKING os=OPEN is=IDLE awp=false se=false i=true al=0},r=3,c=false/false,a=IDLE,uri=null,age=0} onFillable exit HttpChannelState@355e074f{s=IDLE rs=BLOCKING os=OPEN is=IDLE awp=false se=false i=true al=0} null
13:18:52.914 [qtp1044854934-106] DEBUG org.eclipse.jetty.util.thread.ReservedThreadExecutor - ReservedThreadExecutor@6a4b1be1{s=1/1,p=0}@7ece93d6 size 1 > capacity
13:18:52.914 [qtp1044854934-106] DEBUG org.eclipse.jetty.util.thread.QueuedThreadPool - ran ReservedThreadExecutor@6a4b1be1{s=1/1,p=0}@7ece93d6 in QueuedThreadPool[qtp1044854934]@3e473896{STARTED,8<=8<=14,i=1,r=1,q=0}[ReservedThreadExecutor@6a4b1be1{s=1/1,p=0}]
13:18:52.914 [Test worker] DEBUG org.apache.http.wire - http-outgoing-5 << "[\r][\n]"
13:18:52.914 [Test worker] DEBUG org.apache.http.wire - http-outgoing-5 << "0[\r][\n]"
13:18:52.914 [Test worker] DEBUG org.apache.http.wire - http-outgoing-5 << "[\r][\n]"
13:18:52.914 [Test worker] DEBUG org.apache.http.impl.conn.PoolingHttpClientConnectionManager - Connection [id: 5][route: {}->http://localhost:8080] can be kept alive indefinitely
13:18:52.914 [Test worker] DEBUG org.apache.http.impl.conn.DefaultManagedHttpClientConnection - http-outgoing-5: set socket timeout to 0
13:18:52.914 [qtp1044854934-108] DEBUG org.eclipse.jetty.io.ManagedSelector - Selector sun.nio.ch.WindowsSelectorImpl@7436f8a6 woken with none selected
13:18:52.914 [Test worker] DEBUG org.apache.http.impl.conn.PoolingHttpClientConnectionManager - Connection released: [id: 5][route: {}->http://localhost:8080][total available: 1; route allocated: 1 of 5; total allocated: 1 of 50]
13:18:52.915 [qtp1044854934-108] DEBUG org.eclipse.jetty.io.ManagedSelector - Selector sun.nio.ch.WindowsSelectorImpl@7436f8a6 woken up from select, 0/0/1 selected
13:18:52.915 [qtp1044854934-108] DEBUG org.eclipse.jetty.io.ManagedSelector - Selector sun.nio.ch.WindowsSelectorImpl@7436f8a6 processing 0 keys, 1 updates
13:18:52.915 [qtp1044854934-108] DEBUG org.eclipse.jetty.io.ManagedSelector - updateable 1
13:18:52.915 [qtp1044854934-108] DEBUG org.eclipse.jetty.io.ManagedSelector - update org.eclipse.jetty.io.ChannelEndPoint$1@5571f800
13:18:52.915 [qtp1044854934-108] DEBUG org.eclipse.jetty.io.ChannelEndPoint - Key interests updated 0 -> 1 on NetworkTrafficSocketChannelEndPoint@7aa4ec50{/127.0.0.1:65029<->/127.0.0.1:8080,OPEN,fill=FI,flush=-,to=1/30000}{io=1/1,kio=1,kro=1}->HttpConnection@6845abd8[p=HttpParser{s=START,0 of -1},g=HttpGenerator@4211309{s=START}]=>HttpChannelOverHttp@705c8720{s=HttpChannelState@355e074f{s=IDLE rs=BLOCKING os=OPEN is=IDLE awp=false se=false i=true al=0},r=3,c=false/false,a=IDLE,uri=null,age=0}
13:18:52.915 [qtp1044854934-108] DEBUG org.eclipse.jetty.io.ManagedSelector - updates 0
13:18:52.915 [qtp1044854934-108] DEBUG org.eclipse.jetty.io.ManagedSelector - Selector sun.nio.ch.WindowsSelectorImpl@7436f8a6 waiting with 1 keys
13:18:52.926 [Test worker] DEBUG org.springframework.web.reactive.function.client.ExchangeFunctions - [61fb7cb4] HTTP POST http://localhost:8080/api/v0/components/provision-adapters/jobs
13:18:52.930 [reactor-http-nio-3] DEBUG reactor.netty.resources.PooledConnectionProvider - [id: 0x808d49cd] Created a new pooled channel, now 1 active connections and 0 inactive connections
13:18:52.930 [reactor-http-nio-3] DEBUG reactor.netty.channel.BootstrapHandlers - [id: 0x808d49cd] Initialized pipeline DefaultChannelPipeline{(BootstrapHandlers$BootstrapInitializerHandler#0 = reactor.netty.channel.BootstrapHandlers$BootstrapInitializerHandler), (PooledConnectionProvider$PooledConnectionAllocator$PooledConnectionInitializer#0 = reactor.netty.resources.PooledConnectionProvider$PooledConnectionAllocator$PooledConnectionInitializer), (reactor.left.httpCodec = io.netty.handler.codec.http.HttpClientCodec), (reactor.right.reactiveBridge = reactor.netty.channel.ChannelOperationsHandler)}
13:18:52.932 [reactor-http-nio-3] DEBUG reactor.netty.resources.PooledConnectionProvider - [id: 0x808d49cd, L:/127.0.0.1:65030 - R:localhost/127.0.0.1:8080] Registering pool release on close event for channel
13:18:52.932 [reactor-http-nio-3] DEBUG reactor.netty.resources.PooledConnectionProvider - [id: 0x808d49cd, L:/127.0.0.1:65030 - R:localhost/127.0.0.1:8080] Channel connected, now 1 active connections and 0 inactive connections
13:18:52.932 [reactor-http-nio-3] DEBUG reactor.netty.resources.PooledConnectionProvider - [id: 0x808d49cd, L:/127.0.0.1:65030 - R:localhost/127.0.0.1:8080] onStateChange(PooledConnection{channel=[id: 0x808d49cd, L:/127.0.0.1:65030 - R:localhost/127.0.0.1:8080]}, [connected])
13:18:52.932 [reactor-http-nio-3] DEBUG reactor.netty.resources.PooledConnectionProvider - [id: 0x808d49cd, L:/127.0.0.1:65030 - R:localhost/127.0.0.1:8080] onStateChange(GET{uri=/, connection=PooledConnection{channel=[id: 0x808d49cd, L:/127.0.0.1:65030 - R:localhost/127.0.0.1:8080]}}, [configured])
13:18:52.933 [reactor-http-nio-3] DEBUG reactor.netty.ReactorNetty - [id: 0x808d49cd, L:/127.0.0.1:65030 - R:localhost/127.0.0.1:8080] Added decoder [ReadTimeoutHandler] at the end of the user pipeline, full pipeline: [reactor.left.httpCodec, ReadTimeoutHandler, reactor.right.reactiveBridge, DefaultChannelPipeline$TailContext#0]
13:18:52.933 [reactor-http-nio-3] DEBUG reactor.netty.ReactorNetty - [id: 0x808d49cd, L:/127.0.0.1:65030 - R:localhost/127.0.0.1:8080] Added decoder [WriteTimeoutHandler] at the end of the user pipeline, full pipeline: [reactor.left.httpCodec, ReadTimeoutHandler, WriteTimeoutHandler, reactor.right.reactiveBridge, DefaultChannelPipeline$TailContext#0]
13:18:52.933 [reactor-http-nio-3] DEBUG reactor.netty.http.client.HttpClientConnect - [id: 0x808d49cd, L:/127.0.0.1:65030 - R:localhost/127.0.0.1:8080] Handler is being applied: {uri=http://localhost:8080/api/v0/components/provision-adapters/jobs, method=POST}
13:18:52.933 [reactor-http-nio-3] DEBUG reactor.netty.resources.PooledConnectionProvider - [id: 0x808d49cd, L:/127.0.0.1:65030 - R:localhost/127.0.0.1:8080] onStateChange(POST{uri=/api/v0/components/provision-adapters/jobs, connection=PooledConnection{channel=[id: 0x808d49cd, L:/127.0.0.1:65030 - R:localhost/127.0.0.1:8080]}}, [request_prepared])
13:18:52.952 [qtp1044854934-103-acceptor-1@4aa70108-NetworkTrafficServerConnector@382678b1{HTTP/1.1, (http/1.1)}{0.0.0.0:8080}] DEBUG org.eclipse.jetty.io.ManagedSelector - Queued change org.eclipse.jetty.io.ManagedSelector$Accept@32d31dfd on ManagedSelector@6bc569ac{STARTED} id=0 keys=0 selected=0 updates=0
13:18:52.952 [qtp1044854934-103-acceptor-1@4aa70108-NetworkTrafficServerConnector@382678b1{HTTP/1.1, (http/1.1)}{0.0.0.0:8080}] DEBUG org.eclipse.jetty.io.ManagedSelector - Wakeup on submit ManagedSelector@6bc569ac{STARTED} id=0 keys=0 selected=0 updates=1
13:18:52.953 [qtp1044854934-101] DEBUG org.eclipse.jetty.io.ManagedSelector - Selector sun.nio.ch.WindowsSelectorImpl@1fe41c74 woken with none selected
13:18:52.953 [qtp1044854934-101] DEBUG org.eclipse.jetty.io.ManagedSelector - Selector sun.nio.ch.WindowsSelectorImpl@1fe41c74 woken up from select, 0/0/0 selected
13:18:52.953 [qtp1044854934-101] DEBUG org.eclipse.jetty.io.ManagedSelector - Selector sun.nio.ch.WindowsSelectorImpl@1fe41c74 processing 0 keys, 1 updates
13:18:52.953 [qtp1044854934-101] DEBUG org.eclipse.jetty.io.ManagedSelector - updateable 1
13:18:52.953 [qtp1044854934-101] DEBUG org.eclipse.jetty.io.ManagedSelector - update org.eclipse.jetty.io.ManagedSelector$Accept@32d31dfd
13:18:52.953 [qtp1044854934-101] DEBUG org.eclipse.jetty.util.thread.QueuedThreadPool - queue org.eclipse.jetty.io.ManagedSelector$Accept@32d31dfd startThread=0
13:18:52.953 [qtp1044854934-101] DEBUG org.eclipse.jetty.io.ManagedSelector - updates 0
13:18:52.953 [qtp1044854934-101] DEBUG org.eclipse.jetty.io.ManagedSelector - Selector sun.nio.ch.WindowsSelectorImpl@1fe41c74 waiting with 1 keys
13:18:52.957 [reactor-http-nio-3] DEBUG org.springframework.http.codec.json.Jackson2JsonEncoder - [61fb7cb4] Encoding [ComponentInstanceRequest(id=2ec10139-2dfd-465c-8b35-b176fd9db069, productId=08e3492b-1227-4699-8aae- (truncated)...]
13:18:52.967 [reactor-http-nio-3] DEBUG reactor.netty.resources.PooledConnectionProvider - [id: 0x808d49cd, L:/127.0.0.1:65030 - R:localhost/127.0.0.1:8080] onStateChange(POST{uri=/api/v0/components/provision-adapters/jobs, connection=PooledConnection{channel=[id: 0x808d49cd, L:/127.0.0.1:65030 - R:localhost/127.0.0.1:8080]}}, [request_sent])
13:18:52.968 [qtp1044854934-102] DEBUG org.eclipse.jetty.util.thread.QueuedThreadPool - run org.eclipse.jetty.io.ManagedSelector$Accept@32d31dfd in QueuedThreadPool[qtp1044854934]@3e473896{STARTED,8<=8<=14,i=1,r=1,q=0}[ReservedThreadExecutor@6a4b1be1{s=1/1,p=0}]
13:18:52.968 [qtp1044854934-102] DEBUG org.eclipse.jetty.io.IdleTimeout - NetworkTrafficSocketChannelEndPoint@6c855eb7{/127.0.0.1:65030<->/127.0.0.1:8080,OPEN,fill=-,flush=-,to=0/30000}{io=0/0,kio=0,kro=0}-><null> idle timeout check, elapsed: 0 ms, remaining: 30000 ms
13:18:52.969 [qtp1044854934-102] DEBUG org.eclipse.jetty.server.HttpChannel - new HttpChannelOverHttp@6fd25902{s=HttpChannelState@5eddc8b4{s=IDLE rs=BLOCKING os=OPEN is=IDLE awp=false se=false i=true al=0},r=0,c=false/false,a=IDLE,uri=null,age=0} -> NetworkTrafficSocketChannelEndPoint@6c855eb7{/127.0.0.1:65030<->/127.0.0.1:8080,OPEN,fill=-,flush=-,to=0/30000}{io=0/0,kio=0,kro=0}-><null>,null,HttpChannelState@5eddc8b4{s=IDLE rs=BLOCKING os=OPEN is=IDLE awp=false se=false i=true al=0}
13:18:52.969 [qtp1044854934-102] DEBUG org.eclipse.jetty.server.HttpConnection - New HTTP Connection HttpConnection@2d02abad::NetworkTrafficSocketChannelEndPoint@6c855eb7{/127.0.0.1:65030<->/127.0.0.1:8080,OPEN,fill=-,flush=-,to=0/30000}{io=0/0,kio=0,kro=0}-><null>
13:18:52.969 [qtp1044854934-102] DEBUG org.eclipse.jetty.io.AbstractEndPoint - onOpen NetworkTrafficSocketChannelEndPoint@6c855eb7{/127.0.0.1:65030<->/127.0.0.1:8080,OPEN,fill=-,flush=-,to=0/30000}{io=0/0,kio=0,kro=0}->HttpConnection@2d02abad[p=HttpParser{s=START,0 of -1},g=HttpGenerator@6b34285c{s=START}]=>HttpChannelOverHttp@6fd25902{s=HttpChannelState@5eddc8b4{s=IDLE rs=BLOCKING os=OPEN is=IDLE awp=false se=false i=true al=0},r=0,c=false/false,a=IDLE,uri=null,age=0}
13:18:52.969 [qtp1044854934-102] DEBUG org.eclipse.jetty.io.AbstractConnection - onOpen HttpConnection@2d02abad::NetworkTrafficSocketChannelEndPoint@6c855eb7{/127.0.0.1:65030<->/127.0.0.1:8080,OPEN,fill=-,flush=-,to=0/30000}{io=0/0,kio=0,kro=0}->HttpConnection@2d02abad[p=HttpParser{s=START,0 of -1},g=HttpGenerator@6b34285c{s=START}]=>HttpChannelOverHttp@6fd25902{s=HttpChannelState@5eddc8b4{s=IDLE rs=BLOCKING os=OPEN is=IDLE awp=false se=false i=true al=0},r=0,c=false/false,a=IDLE,uri=null,age=0}
13:18:52.969 [qtp1044854934-102] DEBUG org.eclipse.jetty.io.AbstractConnection - fillInterested HttpConnection@2d02abad::NetworkTrafficSocketChannelEndPoint@6c855eb7{/127.0.0.1:65030<->/127.0.0.1:8080,OPEN,fill=-,flush=-,to=0/30000}{io=0/0,kio=0,kro=0}->HttpConnection@2d02abad[p=HttpParser{s=START,0 of -1},g=HttpGenerator@6b34285c{s=START}]=>HttpChannelOverHttp@6fd25902{s=HttpChannelState@5eddc8b4{s=IDLE rs=BLOCKING os=OPEN is=IDLE awp=false se=false i=true al=0},r=0,c=false/false,a=IDLE,uri=null,age=0}
13:18:52.969 [qtp1044854934-102] DEBUG org.eclipse.jetty.io.FillInterest - interested FillInterest@16536671{AC.ReadCB@2d02abad{HttpConnection@2d02abad::NetworkTrafficSocketChannelEndPoint@6c855eb7{/127.0.0.1:65030<->/127.0.0.1:8080,OPEN,fill=FI,flush=-,to=0/30000}{io=0/0,kio=0,kro=0}->HttpConnection@2d02abad[p=HttpParser{s=START,0 of -1},g=HttpGenerator@6b34285c{s=START}]=>HttpChannelOverHttp@6fd25902{s=HttpChannelState@5eddc8b4{s=IDLE rs=BLOCKING os=OPEN is=IDLE awp=false se=false i=true al=0},r=0,c=false/false,a=IDLE,uri=null,age=0}}}
13:18:52.969 [qtp1044854934-102] DEBUG org.eclipse.jetty.io.ChannelEndPoint - changeInterests p=false 0->1 for NetworkTrafficSocketChannelEndPoint@6c855eb7{/127.0.0.1:65030<->/127.0.0.1:8080,OPEN,fill=FI,flush=-,to=0/30000}{io=0/1,kio=0,kro=0}->HttpConnection@2d02abad[p=HttpParser{s=START,0 of -1},g=HttpGenerator@6b34285c{s=START}]=>HttpChannelOverHttp@6fd25902{s=HttpChannelState@5eddc8b4{s=IDLE rs=BLOCKING os=OPEN is=IDLE awp=false se=false i=true al=0},r=0,c=false/false,a=IDLE,uri=null,age=0}
13:18:52.969 [qtp1044854934-102] DEBUG org.eclipse.jetty.io.ManagedSelector - Queued change org.eclipse.jetty.io.ChannelEndPoint$1@267b8467 on ManagedSelector@6bc569ac{STARTED} id=0 keys=1 selected=0 updates=0
13:18:52.969 [qtp1044854934-102] DEBUG org.eclipse.jetty.io.ManagedSelector - Wakeup on submit ManagedSelector@6bc569ac{STARTED} id=0 keys=1 selected=0 updates=1
13:18:52.969 [qtp1044854934-101] DEBUG org.eclipse.jetty.io.ManagedSelector - Selector sun.nio.ch.WindowsSelectorImpl@1fe41c74 woken with none selected
13:18:52.970 [qtp1044854934-101] DEBUG org.eclipse.jetty.io.ManagedSelector - Selector sun.nio.ch.WindowsSelectorImpl@1fe41c74 woken up from select, 0/0/1 selected
13:18:52.970 [qtp1044854934-101] DEBUG org.eclipse.jetty.io.ManagedSelector - Selector sun.nio.ch.WindowsSelectorImpl@1fe41c74 processing 0 keys, 1 updates
13:18:52.970 [qtp1044854934-101] DEBUG org.eclipse.jetty.io.ManagedSelector - updateable 1
13:18:52.970 [qtp1044854934-101] DEBUG org.eclipse.jetty.io.ManagedSelector - update org.eclipse.jetty.io.ChannelEndPoint$1@267b8467
13:18:52.970 [qtp1044854934-101] DEBUG org.eclipse.jetty.io.ChannelEndPoint - Key interests updated 0 -> 1 on NetworkTrafficSocketChannelEndPoint@6c855eb7{/127.0.0.1:65030<->/127.0.0.1:8080,OPEN,fill=FI,flush=-,to=0/30000}{io=1/1,kio=1,kro=0}->HttpConnection@2d02abad[p=HttpParser{s=START,0 of -1},g=HttpGenerator@6b34285c{s=START}]=>HttpChannelOverHttp@6fd25902{s=HttpChannelState@5eddc8b4{s=IDLE rs=BLOCKING os=OPEN is=IDLE awp=false se=false i=true al=0},r=0,c=false/false,a=IDLE,uri=null,age=0}
13:18:52.970 [qtp1044854934-101] DEBUG org.eclipse.jetty.io.ManagedSelector - updates 0
13:18:52.970 [qtp1044854934-101] DEBUG org.eclipse.jetty.io.ManagedSelector - Selector sun.nio.ch.WindowsSelectorImpl@1fe41c74 waiting with 1 keys
13:18:52.970 [qtp1044854934-101] DEBUG org.eclipse.jetty.io.ManagedSelector - Selector sun.nio.ch.WindowsSelectorImpl@1fe41c74 woken up from select, 1/1/1 selected
13:18:52.970 [qtp1044854934-101] DEBUG org.eclipse.jetty.io.ManagedSelector - Selector sun.nio.ch.WindowsSelectorImpl@1fe41c74 processing 1 keys, 0 updates
13:18:52.970 [qtp1044854934-101] DEBUG org.eclipse.jetty.io.ManagedSelector - selected 1 channel=java.nio.channels.SocketChannel[connected local=/127.0.0.1:8080 remote=/127.0.0.1:65030], selector=sun.nio.ch.WindowsSelectorImpl@1fe41c74, interestOps=1, readyOps=1 NetworkTrafficSocketChannelEndPoint@6c855eb7{/127.0.0.1:65030<->/127.0.0.1:8080,OPEN,fill=FI,flush=-,to=0/30000}{io=1/1,kio=1,kro=1}->HttpConnection@2d02abad[p=HttpParser{s=START,0 of -1},g=HttpGenerator@6b34285c{s=START}]=>HttpChannelOverHttp@6fd25902{s=HttpChannelState@5eddc8b4{s=IDLE rs=BLOCKING os=OPEN is=IDLE awp=false se=false i=true al=0},r=0,c=false/false,a=IDLE,uri=null,age=0} 
13:18:52.970 [qtp1044854934-101] DEBUG org.eclipse.jetty.io.ChannelEndPoint - onSelected 1->0 r=true w=false for NetworkTrafficSocketChannelEndPoint@6c855eb7{/127.0.0.1:65030<->/127.0.0.1:8080,OPEN,fill=FI,flush=-,to=0/30000}{io=1/0,kio=1,kro=1}->HttpConnection@2d02abad[p=HttpParser{s=START,0 of -1},g=HttpGenerator@6b34285c{s=START}]=>HttpChannelOverHttp@6fd25902{s=HttpChannelState@5eddc8b4{s=IDLE rs=BLOCKING os=OPEN is=IDLE awp=false se=false i=true al=0},r=0,c=false/false,a=IDLE,uri=null,age=0}
13:18:52.970 [qtp1044854934-101] DEBUG org.eclipse.jetty.io.ChannelEndPoint - task CEP:NetworkTrafficSocketChannelEndPoint@6c855eb7{/127.0.0.1:65030<->/127.0.0.1:8080,OPEN,fill=FI,flush=-,to=0/30000}{io=1/0,kio=1,kro=1}->HttpConnection@2d02abad[p=HttpParser{s=START,0 of -1},g=HttpGenerator@6b34285c{s=START}]=>HttpChannelOverHttp@6fd25902{s=HttpChannelState@5eddc8b4{s=IDLE rs=BLOCKING os=OPEN is=IDLE awp=false se=false i=true al=0},r=0,c=false/false,a=IDLE,uri=null,age=0}:runFillable:BLOCKING
13:18:52.970 [qtp1044854934-101] DEBUG org.eclipse.jetty.util.thread.ReservedThreadExecutor - ReservedThreadExecutor@6a4b1be1{s=1/1,p=0} tryExecute EatWhatYouKill@6529d103/SelectorProducer@f56de7a/PRODUCING/p=false/QueuedThreadPool[qtp1044854934]@3e473896{STARTED,8<=8<=14,i=1,r=1,q=0}[ReservedThreadExecutor@6a4b1be1{s=1/1,p=0}][pc=0,pic=0,pec=0,epc=0]@2020-09-25T13:18:52.9703158+02:00
13:18:52.970 [qtp1044854934-101] DEBUG org.eclipse.jetty.util.thread.ReservedThreadExecutor - ReservedThreadExecutor@6a4b1be1{s=0/1,p=0}@10af921d offer EatWhatYouKill@6529d103/SelectorProducer@f56de7a/PRODUCING/p=false/QueuedThreadPool[qtp1044854934]@3e473896{STARTED,8<=8<=14,i=1,r=1,q=0}[ReservedThreadExecutor@6a4b1be1{s=0/1,p=0}][pc=0,pic=0,pec=0,epc=0]@2020-09-25T13:18:52.9703158+02:00
13:18:52.970 [qtp1044854934-101] DEBUG org.eclipse.jetty.util.thread.ReservedThreadExecutor - ReservedThreadExecutor@6a4b1be1{s=0/1,p=1} startReservedThread p=1
13:18:52.970 [qtp1044854934-101] DEBUG org.eclipse.jetty.util.thread.QueuedThreadPool - queue ReservedThreadExecutor@6a4b1be1{s=0/1,p=1}@151c7704 startThread=0
13:18:52.970 [qtp1044854934-101] DEBUG org.eclipse.jetty.util.thread.strategy.EatWhatYouKill - EatWhatYouKill@6529d103/SelectorProducer@f56de7a/IDLE/p=true/QueuedThreadPool[qtp1044854934]@3e473896{STARTED,8<=8<=14,i=0,r=1,q=0}[ReservedThreadExecutor@6a4b1be1{s=0/1,p=1}][pc=0,pic=0,pec=0,epc=0]@2020-09-25T13:18:52.9703158+02:00 m=EXECUTE_PRODUCE_CONSUME t=CEP:NetworkTrafficSocketChannelEndPoint@6c855eb7{/127.0.0.1:65030<->/127.0.0.1:8080,OPEN,fill=FI,flush=-,to=1/30000}{io=1/0,kio=1,kro=1}->HttpConnection@2d02abad[p=HttpParser{s=START,0 of -1},g=HttpGenerator@6b34285c{s=START}]=>HttpChannelOverHttp@6fd25902{s=HttpChannelState@5eddc8b4{s=IDLE rs=BLOCKING os=OPEN is=IDLE awp=false se=false i=true al=0},r=0,c=false/false,a=IDLE,uri=null,age=0}:runFillable:BLOCKING/BLOCKING
13:18:52.971 [qtp1044854934-101] DEBUG org.eclipse.jetty.io.FillInterest - fillable FillInterest@16536671{AC.ReadCB@2d02abad{HttpConnection@2d02abad::NetworkTrafficSocketChannelEndPoint@6c855eb7{/127.0.0.1:65030<->/127.0.0.1:8080,OPEN,fill=FI,flush=-,to=1/30000}{io=1/0,kio=1,kro=1}->HttpConnection@2d02abad[p=HttpParser{s=START,0 of -1},g=HttpGenerator@6b34285c{s=START}]=>HttpChannelOverHttp@6fd25902{s=HttpChannelState@5eddc8b4{s=IDLE rs=BLOCKING os=OPEN is=IDLE awp=false se=false i=true al=0},r=0,c=false/false,a=IDLE,uri=null,age=0}}}
13:18:52.971 [qtp1044854934-101] DEBUG org.eclipse.jetty.server.HttpConnection - HttpConnection@2d02abad::NetworkTrafficSocketChannelEndPoint@6c855eb7{/127.0.0.1:65030<->/127.0.0.1:8080,OPEN,fill=-,flush=-,to=1/30000}{io=1/0,kio=1,kro=1}->HttpConnection@2d02abad[p=HttpParser{s=START,0 of -1},g=HttpGenerator@6b34285c{s=START}]=>HttpChannelOverHttp@6fd25902{s=HttpChannelState@5eddc8b4{s=IDLE rs=BLOCKING os=OPEN is=IDLE awp=false se=false i=true al=0},r=0,c=false/false,a=IDLE,uri=null,age=0} onFillable enter HttpChannelState@5eddc8b4{s=IDLE rs=BLOCKING os=OPEN is=IDLE awp=false se=false i=true al=0} null
13:18:52.971 [qtp1044854934-101] DEBUG org.eclipse.jetty.io.ChannelEndPoint - filled 369 HeapByteBuffer@756f77d8[p=0,l=369,c=8192,r=369]={<<<POST /api/v0/components/p...swers":{"var1":"TEST"}}>>>    "Auth...\x00\x00\x00\x00\x00\x00\x00}
13:18:52.971 [qtp1044854934-101] DEBUG org.eclipse.jetty.server.HttpConnection - HttpConnection@2d02abad::NetworkTrafficSocketChannelEndPoint@6c855eb7{/127.0.0.1:65030<->/127.0.0.1:8080,OPEN,fill=-,flush=-,to=0/30000}{io=1/0,kio=1,kro=1}->HttpConnection@2d02abad[p=HttpParser{s=START,0 of -1},g=HttpGenerator@6b34285c{s=START}]=>HttpChannelOverHttp@6fd25902{s=HttpChannelState@5eddc8b4{s=IDLE rs=BLOCKING os=OPEN is=IDLE awp=false se=false i=true al=0},r=0,c=false/false,a=IDLE,uri=null,age=0} filled 369 HeapByteBuffer@756f77d8[p=0,l=369,c=8192,r=369]={<<<POST /api/v0/components/p...swers":{"var1":"TEST"}}>>>    "Auth...\x00\x00\x00\x00\x00\x00\x00}
13:18:52.971 [qtp1044854934-101] DEBUG org.eclipse.jetty.server.HttpConnection - HttpConnection@2d02abad::NetworkTrafficSocketChannelEndPoint@6c855eb7{/127.0.0.1:65030<->/127.0.0.1:8080,OPEN,fill=-,flush=-,to=0/30000}{io=1/0,kio=1,kro=1}->HttpConnection@2d02abad[p=HttpParser{s=START,0 of -1},g=HttpGenerator@6b34285c{s=START}]=>HttpChannelOverHttp@6fd25902{s=HttpChannelState@5eddc8b4{s=IDLE rs=BLOCKING os=OPEN is=IDLE awp=false se=false i=true al=0},r=0,c=false/false,a=IDLE,uri=null,age=0} parse HeapByteBuffer@756f77d8[p=0,l=369,c=8192,r=369]={<<<POST /api/v0/components/p...swers":{"var1":"TEST"}}>>>    "Auth...\x00\x00\x00\x00\x00\x00\x00} {}
13:18:52.971 [qtp1044854934-101] DEBUG org.eclipse.jetty.http.HttpParser - parseNext s=START HeapByteBuffer@756f77d8[p=0,l=369,c=8192,r=369]={<<<POST /api/v0/components/p...swers":{"var1":"TEST"}}>>>    "Auth...\x00\x00\x00\x00\x00\x00\x00}
13:18:52.971 [qtp1044854934-101] DEBUG org.eclipse.jetty.http.HttpParser - START --> SPACE1
13:18:52.971 [qtp1044854934-101] DEBUG org.eclipse.jetty.http.HttpParser - SPACE1 --> URI
13:18:52.971 [qtp1044854934-101] DEBUG org.eclipse.jetty.http.HttpParser - URI --> SPACE2
13:18:52.971 [qtp1044854934-101] DEBUG org.eclipse.jetty.http.HttpParser - SPACE2 --> REQUEST_VERSION
13:18:52.971 [qtp1044854934-101] DEBUG org.eclipse.jetty.http.HttpParser - REQUEST_VERSION --> HEADER
13:18:52.971 [qtp1044854934-101] DEBUG org.eclipse.jetty.http.HttpParser - HEADER:User-Agent --> VALUE
13:18:52.971 [qtp1044854934-101] DEBUG org.eclipse.jetty.http.HttpParser - HEADER:User-Agent --> IN_VALUE
13:18:52.971 [qtp1044854934-101] DEBUG org.eclipse.jetty.http.HttpParser - HEADER:User-Agent --> FIELD
13:18:52.971 [qtp1044854934-101] DEBUG org.eclipse.jetty.http.HttpParser - HEADER:Host --> VALUE
13:18:52.971 [qtp1044854934-101] DEBUG org.eclipse.jetty.http.HttpParser - HEADER:Host --> IN_VALUE
13:18:52.971 [qtp1044854934-101] DEBUG org.eclipse.jetty.http.HttpParser - HEADER:Host --> FIELD
13:18:52.971 [qtp1044854934-101] DEBUG org.eclipse.jetty.http.HttpParser - HEADER:Accept: */* --> IN_VALUE
13:18:52.971 [qtp1044854934-101] DEBUG org.eclipse.jetty.http.HttpParser - HEADER:Accept: */* --> FIELD
13:18:52.971 [qtp1044854934-101] DEBUG org.eclipse.jetty.http.HttpParser - HEADER:Content-Type: application/json --> IN_VALUE
13:18:52.971 [qtp1044854934-101] DEBUG org.eclipse.jetty.http.HttpParser - HEADER:Content-Type: application/json --> FIELD
13:18:52.971 [qtp1044854934-101] DEBUG org.eclipse.jetty.http.HttpParser - HEADER:Authorization --> VALUE
13:18:52.971 [qtp1044854934-101] DEBUG org.eclipse.jetty.http.HttpParser - HEADER:Authorization --> IN_VALUE
13:18:52.971 [qtp1044854934-101] DEBUG org.eclipse.jetty.http.HttpParser - HEADER:Authorization --> FIELD
13:18:52.971 [qtp1044854934-101] DEBUG org.eclipse.jetty.http.HttpParser - HEADER:Content-Length --> VALUE
13:18:52.971 [qtp1044854934-101] DEBUG org.eclipse.jetty.http.HttpParser - HEADER:Content-Length --> IN_VALUE
13:18:52.971 [qtp1044854934-101] DEBUG org.eclipse.jetty.http.HttpParser - HEADER:Content-Length --> FIELD
13:18:52.971 [qtp1044854934-101] DEBUG org.eclipse.jetty.http.HttpParser - HEADER --> CONTENT
13:18:52.971 [qtp1044854934-101] DEBUG org.eclipse.jetty.server.HttpChannel - REQUEST for //localhost:8080/api/v0/components/provision-adapters/jobs on HttpChannelOverHttp@6fd25902{s=HttpChannelState@5eddc8b4{s=IDLE rs=BLOCKING os=OPEN is=IDLE awp=false se=false i=true al=0},r=1,c=false/false,a=IDLE,uri=//localhost:8080/api/v0/components/provision-adapters/jobs,age=0}
POST //localhost:8080/api/v0/components/provision-adapters/jobs HTTP/1.1
User-Agent: ReactorNetty/0.9.7.RELEASE
Host: localhost:8080
Accept: */*
Content-Type: application/json
Authorization: Bearer
Content-Length: 157


13:18:52.972 [qtp1044854934-101] DEBUG org.eclipse.jetty.server.HttpConnection - HttpConnection@2d02abad::NetworkTrafficSocketChannelEndPoint@6c855eb7{/127.0.0.1:65030<->/127.0.0.1:8080,OPEN,fill=-,flush=-,to=0/30000}{io=1/0,kio=1,kro=1}->HttpConnection@2d02abad[p=HttpParser{s=CONTENT,0 of 157},g=HttpGenerator@6b34285c{s=START}]=>HttpChannelOverHttp@6fd25902{s=HttpChannelState@5eddc8b4{s=IDLE rs=BLOCKING os=OPEN is=IDLE awp=false se=false i=true al=0},r=1,c=false/false,a=IDLE,uri=//localhost:8080/api/v0/components/provision-adapters/jobs,age=1} parsed true HttpParser{s=CONTENT,0 of 157}
13:18:52.972 [qtp1044854934-101] DEBUG org.eclipse.jetty.server.HttpChannel - handle //localhost:8080/api/v0/components/provision-adapters/jobs HttpChannelOverHttp@6fd25902{s=HttpChannelState@5eddc8b4{s=IDLE rs=BLOCKING os=OPEN is=IDLE awp=false se=false i=true al=0},r=1,c=false/false,a=IDLE,uri=//localhost:8080/api/v0/components/provision-adapters/jobs,age=1} 
13:18:52.972 [qtp1044854934-101] DEBUG org.eclipse.jetty.server.HttpChannelState - handling HttpChannelState@5eddc8b4{s=IDLE rs=BLOCKING os=OPEN is=IDLE awp=false se=false i=true al=0}
13:18:52.972 [qtp1044854934-101] DEBUG org.eclipse.jetty.server.HttpChannel - action DISPATCH HttpChannelOverHttp@6fd25902{s=HttpChannelState@5eddc8b4{s=HANDLING rs=BLOCKING os=OPEN is=IDLE awp=false se=false i=true al=0},r=1,c=false/false,a=HANDLING,uri=//localhost:8080/api/v0/components/provision-adapters/jobs,age=1}
13:18:52.972 [qtp1044854934-101] DEBUG org.eclipse.jetty.server.Server - REQUEST POST /api/v0/components/provision-adapters/jobs on HttpChannelOverHttp@6fd25902{s=HttpChannelState@5eddc8b4{s=HANDLING rs=BLOCKING os=OPEN is=IDLE awp=false se=false i=true al=0},r=1,c=false/false,a=HANDLING,uri=//localhost:8080/api/v0/components/provision-adapters/jobs,age=1}
13:18:52.972 [qtp1044854934-101] DEBUG org.eclipse.jetty.server.handler.ContextHandler - scope null||/api/v0/components/provision-adapters/jobs @ o.e.j.s.ServletContextHandler@5adf1b12{/__admin,null,AVAILABLE}
13:18:52.972 [qtp1044854934-101] DEBUG org.eclipse.jetty.server.handler.gzip.GzipHandler - GzipHandler@4d61717f{STARTED,min=32,inflate=-1} handle Request(POST //localhost:8080/api/v0/components/provision-adapters/jobs)@501efbc3 in null
13:18:52.972 [qtp1044854934-101] DEBUG org.eclipse.jetty.server.handler.ContextHandler - scope null||/api/v0/components/provision-adapters/jobs @ o.e.j.s.ServletContextHandler@769fbc24{/,null,AVAILABLE}
13:18:52.972 [qtp1044854934-101] DEBUG org.eclipse.jetty.server.handler.ContextHandler - context=||/api/v0/components/provision-adapters/jobs @ o.e.j.s.ServletContextHandler@769fbc24{/,null,AVAILABLE}
13:18:52.972 [qtp1044854934-101] DEBUG org.eclipse.jetty.servlet.ServletHandler - servlet |/api/v0/components/provision-adapters/jobs|null -> com.github.tomakehurst.wiremock.servlet.WireMockHandlerDispatchingServlet-2f5a68a8@1c018047==com.github.tomakehurst.wiremock.servlet.WireMockHandlerDispatchingServlet,jsp=null,order=-1,inst=false,async=true
13:18:52.972 [qtp1044854934-101] DEBUG org.eclipse.jetty.servlet.ServletHandler - chain=org.eclipse.jetty.servlets.CrossOriginFilter-443420da@443420da==org.eclipse.jetty.servlets.CrossOriginFilter,inst=true,async=true->com.github.tomakehurst.wiremock.servlet.WireMockHandlerDispatchingServlet-2f5a68a8@1c018047==com.github.tomakehurst.wiremock.servlet.WireMockHandlerDispatchingServlet,jsp=null,order=-1,inst=false,async=true
13:18:52.972 [qtp1044854934-101] DEBUG org.eclipse.jetty.servlet.ServletHolder - Servlet.init com.github.tomakehurst.wiremock.servlet.WireMockHandlerDispatchingServlet@6fa64a08 for com.github.tomakehurst.wiremock.servlet.WireMockHandlerDispatchingServlet-2f5a68a8
13:18:52.973 [qtp1044854934-101] INFO org.eclipse.jetty.server.handler.ContextHandler.ROOT - RequestHandlerClass from context returned com.github.tomakehurst.wiremock.http.StubRequestHandler. Normalized mapped under returned 'null'
13:18:52.973 [qtp1044854934-101] DEBUG org.eclipse.jetty.servlet.ServletHandler - call filter org.eclipse.jetty.servlets.CrossOriginFilter-443420da@443420da==org.eclipse.jetty.servlets.CrossOriginFilter,inst=true,async=true
13:18:52.973 [qtp1044854934-101] DEBUG org.eclipse.jetty.servlet.ServletHandler - call servlet com.github.tomakehurst.wiremock.servlet.WireMockHandlerDispatchingServlet-2f5a68a8@1c018047==com.github.tomakehurst.wiremock.servlet.WireMockHandlerDispatchingServlet,jsp=null,order=-1,inst=true,async=true
13:18:52.974 [qtp1044854934-101] DEBUG org.eclipse.jetty.server.HttpConnection - HttpConnection@2d02abad::NetworkTrafficSocketChannelEndPoint@6c855eb7{/127.0.0.1:65030<->/127.0.0.1:8080,OPEN,fill=-,flush=-,to=2/30000}{io=1/0,kio=1,kro=1}->HttpConnection@2d02abad[p=HttpParser{s=CONTENT,0 of 157},g=HttpGenerator@6b34285c{s=START}]=>HttpChannelOverHttp@6fd25902{s=HttpChannelState@5eddc8b4{s=HANDLING rs=BLOCKING os=OPEN is=IDLE awp=false se=false i=true al=0},r=1,c=false/false,a=HANDLING,uri=//localhost:8080/api/v0/components/provision-adapters/jobs,age=3} parse HeapByteBuffer@756f77d8[p=212,l=369,c=8192,r=157]={POST /api...157\r\n\r\n<<<{"id":"2ec10139-2dfd-465c...swers":{"var1":"TEST"}}>>>    "Auth...\x00\x00\x00\x00\x00\x00\x00} {}
13:18:52.974 [qtp1044854934-101] DEBUG org.eclipse.jetty.http.HttpParser - parseNext s=CONTENT HeapByteBuffer@756f77d8[p=212,l=369,c=8192,r=157]={POST /api...157\r\n\r\n<<<{"id":"2ec10139-2dfd-465c...swers":{"var1":"TEST"}}>>>    "Auth...\x00\x00\x00\x00\x00\x00\x00}
13:18:52.974 [qtp1044854934-101] DEBUG org.eclipse.jetty.server.HttpChannel - onContent HttpChannelOverHttp@6fd25902{s=HttpChannelState@5eddc8b4{s=HANDLING rs=BLOCKING os=OPEN is=IDLE awp=false se=false i=true al=0},r=1,c=false/false,a=HANDLING,uri=//localhost:8080/api/v0/components/provision-adapters/jobs,age=3} Content@6104ca35{HeapByteBufferR@17562546[p=212,l=369,c=8192,r=157]={POST /api...157\r\n\r\n<<<{"id":"2ec10139-2dfd-465c...swers":{"var1":"TEST"}}>>>    "Auth...\x00\x00\x00\x00\x00\x00\x00}}
13:18:52.974 [qtp1044854934-101] DEBUG org.eclipse.jetty.server.HttpInput - HttpInputOverHTTP@3031048c[c=0,q=0,[0]=null,s=STREAM] addContent Content@6104ca35{HeapByteBufferR@17562546[p=212,l=369,c=8192,r=157]={POST /api...157\r\n\r\n<<<{"id":"2ec10139-2dfd-465c...swers":{"var1":"TEST"}}>>>    "Auth...\x00\x00\x00\x00\x00\x00\x00}}
13:18:52.974 [qtp1044854934-101] DEBUG org.eclipse.jetty.http.HttpParser - CONTENT --> CONTENT_END
13:18:52.974 [qtp1044854934-101] DEBUG org.eclipse.jetty.server.HttpChannel - onContentComplete HttpChannelOverHttp@6fd25902{s=HttpChannelState@5eddc8b4{s=HANDLING rs=BLOCKING os=OPEN is=IDLE awp=false se=false i=true al=0},r=1,c=false/false,a=HANDLING,uri=//localhost:8080/api/v0/components/provision-adapters/jobs,age=3}
13:18:52.974 [qtp1044854934-101] DEBUG org.eclipse.jetty.http.HttpParser - CONTENT_END --> END
13:18:52.974 [qtp1044854934-101] DEBUG org.eclipse.jetty.server.HttpChannel - onRequestComplete HttpChannelOverHttp@6fd25902{s=HttpChannelState@5eddc8b4{s=HANDLING rs=BLOCKING os=OPEN is=IDLE awp=false se=false i=true al=0},r=1,c=false/false,a=HANDLING,uri=//localhost:8080/api/v0/components/provision-adapters/jobs,age=3}
13:18:52.974 [qtp1044854934-101] DEBUG org.eclipse.jetty.server.HttpInput - HttpInputOverHTTP@3031048c[c=0,q=1,[0]=EOF,s=STREAM] addContent EOF
13:18:52.974 [qtp1044854934-101] DEBUG org.eclipse.jetty.server.HttpConnection - HttpConnection@2d02abad::NetworkTrafficSocketChannelEndPoint@6c855eb7{/127.0.0.1:65030<->/127.0.0.1:8080,OPEN,fill=-,flush=-,to=3/30000}{io=1/0,kio=1,kro=1}->HttpConnection@2d02abad[p=HttpParser{s=END,157 of 157},g=HttpGenerator@6b34285c{s=START}]=>HttpChannelOverHttp@6fd25902{s=HttpChannelState@5eddc8b4{s=HANDLING rs=BLOCKING os=OPEN is=IDLE awp=false se=false i=true al=0},r=1,c=false/false,a=HANDLING,uri=//localhost:8080/api/v0/components/provision-adapters/jobs,age=3} parsed false HttpParser{s=END,157 of 157}
13:18:52.974 [qtp1044854934-101] DEBUG org.eclipse.jetty.server.HttpInput - HttpInputOverHTTP@3031048c[c=157,q=1,[0]=EOF,s=STREAM] read 157 from Content@6104ca35{HeapByteBufferR@17562546[p=369,l=369,c=8192,r=0]={POST /api...TEST"}}<<<>>>    "Auth...\x00\x00\x00\x00\x00\x00\x00}}
13:18:52.974 [qtp1044854934-101] DEBUG org.eclipse.jetty.server.HttpConnection - releaseRequestBuffer HttpConnection@2d02abad::NetworkTrafficSocketChannelEndPoint@6c855eb7{/127.0.0.1:65030<->/127.0.0.1:8080,OPEN,fill=-,flush=-,to=3/30000}{io=1/0,kio=1,kro=1}->HttpConnection@2d02abad[p=HttpParser{s=END,157 of 157},g=HttpGenerator@6b34285c{s=START}]=>HttpChannelOverHttp@6fd25902{s=HttpChannelState@5eddc8b4{s=HANDLING rs=BLOCKING os=OPEN is=IDLE awp=false se=false i=true al=0},r=1,c=false/false,a=HANDLING,uri=//localhost:8080/api/v0/components/provision-adapters/jobs,age=3}
13:18:52.974 [qtp1044854934-101] DEBUG org.eclipse.jetty.server.HttpChannelState - onEof HttpChannelState@5eddc8b4{s=HANDLING rs=BLOCKING os=OPEN is=IDLE awp=false se=false i=true al=0}
13:18:52.978 [qtp1044854934-101] DEBUG org.eclipse.jetty.server.handler.gzip.GzipHttpOutputInterceptor - org.eclipse.jetty.server.handler.gzip.GzipHttpOutputInterceptor@6d1aee88 exclude by status 401
13:18:52.979 [qtp1044854934-101] DEBUG org.eclipse.jetty.server.HttpChannel - sendResponse info=null content=HeapByteBuffer@137d328[p=0,l=0,c=0,r=0]={<<<>>>} complete=false committing=true callback=Blocker@2a88d47c{null}
13:18:52.979 [qtp1044854934-101] DEBUG org.eclipse.jetty.server.HttpChannel - COMMIT for /api/v0/components/provision-adapters/jobs on HttpChannelOverHttp@6fd25902{s=HttpChannelState@5eddc8b4{s=HANDLING rs=BLOCKING os=COMMITTED is=READY awp=false se=false i=true al=0},r=1,c=false/false,a=HANDLING,uri=//localhost:8080/api/v0/components/provision-adapters/jobs,age=8}
401 null HTTP/1.1
Matched-Stub-Id: add91af6-cec2-498d-be2a-9ef483f16aae


13:18:52.979 [qtp1044854934-101] DEBUG org.eclipse.jetty.server.HttpConnection - generate: NEED_HEADER for org.eclipse.jetty.server.HttpConnection$SendCallback@c52a87e[PROCESSING][i=HTTP/1.1{s=401,h=1,cl=-1},cb=org.eclipse.jetty.server.HttpChannel$SendCallback@347fd81c] (null,[p=0,l=0,c=0,r=0],false)@START
13:18:52.979 [qtp1044854934-101] DEBUG org.eclipse.jetty.http.HttpGenerator - generateHeaders HTTP/1.1{s=401,h=1,cl=-1} last=false content=HeapByteBuffer@137d328[p=0,l=0,c=0,r=0]={<<<>>>}
13:18:52.979 [qtp1044854934-101] DEBUG org.eclipse.jetty.http.HttpGenerator - Matched-Stub-Id: add91af6-cec2-498d-be2a-9ef483f16aae


13:18:52.979 [qtp1044854934-101] DEBUG org.eclipse.jetty.http.HttpGenerator - CHUNKED_CONTENT
13:18:52.979 [qtp1044854934-101] DEBUG org.eclipse.jetty.server.HttpConnection - generate: FLUSH for org.eclipse.jetty.server.HttpConnection$SendCallback@c52a87e[PROCESSING][i=HTTP/1.1{s=401,h=1,cl=-1},cb=org.eclipse.jetty.server.HttpChannel$SendCallback@347fd81c] ([p=0,l=145,c=8192,r=145],[p=0,l=0,c=0,r=0],false)@COMMITTED
13:18:52.979 [qtp1044854934-101] DEBUG org.eclipse.jetty.io.WriteFlusher - write: WriteFlusher@eab1eb5{IDLE}->null [HeapByteBuffer@756f77d8[p=0,l=145,c=8192,r=145]={<<<HTTP/1.1 401 Unauthorized...y(9.4.28.v20200408)\r\n\r\n>>>: applica...\x00\x00\x00\x00\x00\x00\x00}]
13:18:52.979 [qtp1044854934-101] DEBUG org.eclipse.jetty.io.WriteFlusher - update WriteFlusher@eab1eb5{WRITING}->null:IDLE-->WRITING
13:18:52.979 [qtp1044854934-101] DEBUG org.eclipse.jetty.io.ChannelEndPoint - flushed 145 NetworkTrafficSocketChannelEndPoint@6c855eb7{/127.0.0.1:65030<->/127.0.0.1:8080,OPEN,fill=-,flush=W,to=8/30000}{io=1/0,kio=1,kro=1}->HttpConnection@2d02abad[p=HttpParser{s=END,157 of 157},g=HttpGenerator@6b34285c{s=COMMITTED}]=>HttpChannelOverHttp@6fd25902{s=HttpChannelState@5eddc8b4{s=HANDLING rs=BLOCKING os=COMMITTED is=READY awp=false se=false i=true al=0},r=1,c=false/false,a=HANDLING,uri=//localhost:8080/api/v0/components/provision-adapters/jobs,age=8}
13:18:52.979 [qtp1044854934-101] DEBUG org.eclipse.jetty.io.WriteFlusher - Flushed=true written=145 remaining=0 WriteFlusher@eab1eb5{WRITING}->null
13:18:52.979 [qtp1044854934-101] DEBUG org.eclipse.jetty.io.WriteFlusher - update WriteFlusher@eab1eb5{IDLE}->null:WRITING-->IDLE
13:18:52.979 [qtp1044854934-101] DEBUG org.eclipse.jetty.server.HttpConnection - generate: DONE for org.eclipse.jetty.server.HttpConnection$SendCallback@c52a87e[PROCESSING][i=HTTP/1.1{s=401,h=1,cl=-1},cb=org.eclipse.jetty.server.HttpChannel$SendCallback@347fd81c] ([p=145,l=145,c=8192,r=0],[p=0,l=0,c=0,r=0],false)@COMMITTED
13:18:52.979 [qtp1044854934-101] DEBUG org.eclipse.jetty.server.HttpOutput - onWriteComplete(false,null) s=OPEN,api=BLOCKED,sc=false,e=null->s=OPEN,api=BLOCKING,sc=false,e=null c=null cb=null w=false
13:18:52.979 [qtp1044854934-101] DEBUG org.eclipse.jetty.server.HttpOutput - close() s=CLOSING,api=BLOCKED,sc=false,e=null c=HeapByteBuffer@137d328[p=0,l=0,c=0,r=0]={<<<>>>} b=Blocker@2a88d47c{null}
13:18:52.979 [qtp1044854934-101] DEBUG org.eclipse.jetty.server.HttpChannel - sendResponse info=null content=HeapByteBuffer@137d328[p=0,l=0,c=0,r=0]={<<<>>>} complete=true committing=false callback=Blocker@2a88d47c{null}
13:18:52.979 [qtp1044854934-101] DEBUG org.eclipse.jetty.server.HttpConnection - generate: CONTINUE for org.eclipse.jetty.server.HttpConnection$SendCallback@c52a87e[PROCESSING][i=null,cb=org.eclipse.jetty.server.HttpChannel$SendCallback@626c1028] (null,[p=0,l=0,c=0,r=0],true)@COMPLETING
13:18:52.979 [qtp1044854934-101] DEBUG org.eclipse.jetty.server.HttpConnection - generate: NEED_CHUNK for org.eclipse.jetty.server.HttpConnection$SendCallback@c52a87e[PROCESSING][i=null,cb=org.eclipse.jetty.server.HttpChannel$SendCallback@626c1028] (null,[p=0,l=0,c=0,r=0],true)@COMPLETING
13:18:52.979 [qtp1044854934-101] DEBUG org.eclipse.jetty.server.HttpConnection - generate: FLUSH for org.eclipse.jetty.server.HttpConnection$SendCallback@c52a87e[PROCESSING][i=null,cb=org.eclipse.jetty.server.HttpChannel$SendCallback@626c1028] (null,[p=0,l=0,c=0,r=0],true)@COMPLETING
13:18:52.980 [qtp1044854934-101] DEBUG org.eclipse.jetty.io.WriteFlusher - write: WriteFlusher@eab1eb5{IDLE}->null [HeapByteBuffer@4009a65c[p=0,l=5,c=1024,r=5]={<<<0\r\n\r\n>>>\r\n\x00\x00\x00\x00\x00\x00\x00...\x00\x00\x00\x00\x00\x00\x00}]
13:18:52.980 [qtp1044854934-101] DEBUG org.eclipse.jetty.io.WriteFlusher - update WriteFlusher@eab1eb5{WRITING}->null:IDLE-->WRITING
13:18:52.980 [qtp1044854934-101] DEBUG org.eclipse.jetty.io.ChannelEndPoint - flushed 5 NetworkTrafficSocketChannelEndPoint@6c855eb7{/127.0.0.1:65030<->/127.0.0.1:8080,OPEN,fill=-,flush=W,to=0/30000}{io=1/0,kio=1,kro=1}->HttpConnection@2d02abad[p=HttpParser{s=END,157 of 157},g=HttpGenerator@6b34285c{s=COMPLETING}]=>HttpChannelOverHttp@6fd25902{s=HttpChannelState@5eddc8b4{s=HANDLING rs=BLOCKING os=COMMITTED is=READY awp=false se=false i=true al=0},r=1,c=false/false,a=HANDLING,uri=//localhost:8080/api/v0/components/provision-adapters/jobs,age=9}
13:18:52.980 [qtp1044854934-101] DEBUG org.eclipse.jetty.io.WriteFlusher - Flushed=true written=5 remaining=0 WriteFlusher@eab1eb5{WRITING}->null
13:18:52.980 [qtp1044854934-101] DEBUG org.eclipse.jetty.io.WriteFlusher - update WriteFlusher@eab1eb5{IDLE}->null:WRITING-->IDLE
13:18:52.980 [qtp1044854934-101] DEBUG org.eclipse.jetty.server.HttpConnection - generate: DONE for org.eclipse.jetty.server.HttpConnection$SendCallback@c52a87e[PROCESSING][i=null,cb=org.eclipse.jetty.server.HttpChannel$SendCallback@626c1028] (null,[p=0,l=0,c=0,r=0],true)@END
13:18:52.980 [qtp1044854934-101] DEBUG org.eclipse.jetty.server.HttpOutput - onWriteComplete(true,null) s=CLOSING,api=BLOCKED,sc=false,e=null->s=CLOSED,api=BLOCKING,sc=false,e=null c=null cb=null w=false
13:18:52.980 [qtp1044854934-101] DEBUG org.eclipse.jetty.server.Server - handled=true async=false committed=true on HttpChannelOverHttp@6fd25902{s=HttpChannelState@5eddc8b4{s=HANDLING rs=BLOCKING os=COMPLETED is=READY awp=false se=false i=true al=0},r=1,c=false/true,a=HANDLING,uri=//localhost:8080/api/v0/components/provision-adapters/jobs,age=9}
13:18:52.980 [qtp1044854934-101] DEBUG org.eclipse.jetty.server.HttpChannelState - unhandle HttpChannelState@5eddc8b4{s=HANDLING rs=BLOCKING os=COMPLETED is=READY awp=false se=false i=true al=0}
13:18:52.980 [qtp1044854934-101] DEBUG org.eclipse.jetty.server.HttpChannelState - nextAction(false) COMPLETE HttpChannelState@5eddc8b4{s=HANDLING rs=COMPLETING os=COMPLETED is=READY awp=false se=false i=false al=0}
13:18:52.980 [qtp1044854934-101] DEBUG org.eclipse.jetty.server.HttpChannel - action COMPLETE HttpChannelOverHttp@6fd25902{s=HttpChannelState@5eddc8b4{s=HANDLING rs=COMPLETING os=COMPLETED is=READY awp=false se=false i=false al=0},r=1,c=false/true,a=HANDLING,uri=//localhost:8080/api/v0/components/provision-adapters/jobs,age=9}
13:18:52.980 [qtp1044854934-101] DEBUG org.eclipse.jetty.server.HttpOutput - complete(org.eclipse.jetty.util.Callback$4@7be45543) s=CLOSED,api=BLOCKING,sc=false,e=null s=true e=null, c=null
13:18:52.980 [qtp1044854934-101] DEBUG org.eclipse.jetty.server.HttpChannelState - completed HttpChannelState@5eddc8b4{s=HANDLING rs=COMPLETING os=COMPLETED is=READY awp=false se=false i=false al=0}
13:18:52.980 [qtp1044854934-101] DEBUG org.eclipse.jetty.server.HttpChannelState - unhandle HttpChannelState@5eddc8b4{s=HANDLING rs=COMPLETED os=COMPLETED is=READY awp=false se=false i=false al=0}
13:18:52.980 [qtp1044854934-101] DEBUG org.eclipse.jetty.server.HttpChannelState - nextAction(false) TERMINATED HttpChannelState@5eddc8b4{s=IDLE rs=COMPLETED os=COMPLETED is=READY awp=false se=false i=false al=0}
13:18:52.980 [qtp1044854934-101] DEBUG org.eclipse.jetty.server.HttpChannel - action TERMINATED HttpChannelOverHttp@6fd25902{s=HttpChannelState@5eddc8b4{s=IDLE rs=COMPLETED os=COMPLETED is=READY awp=false se=false i=false al=0},r=1,c=true/true,a=IDLE,uri=//localhost:8080/api/v0/components/provision-adapters/jobs,age=9}
13:18:52.980 [qtp1044854934-101] DEBUG org.eclipse.jetty.server.HttpChannel - onCompleted for /api/v0/components/provision-adapters/jobs written=0
13:18:52.980 [qtp1044854934-101] DEBUG org.eclipse.jetty.server.HttpChannelState - recycle HttpChannelState@5eddc8b4{s=IDLE rs=COMPLETED os=COMPLETED is=READY awp=false se=false i=false al=0}
13:18:52.980 [qtp1044854934-101] DEBUG org.eclipse.jetty.http.HttpParser - reset HttpParser{s=END,157 of 157}
13:18:52.980 [qtp1044854934-101] DEBUG org.eclipse.jetty.http.HttpParser - END --> START
13:18:52.980 [qtp1044854934-101] DEBUG org.eclipse.jetty.server.HttpChannel - !handle TERMINATED HttpChannelOverHttp@6fd25902{s=HttpChannelState@5eddc8b4{s=IDLE rs=BLOCKING os=OPEN is=IDLE awp=false se=false i=true al=0},r=1,c=false/false,a=IDLE,uri=null,age=0}
13:18:52.980 [qtp1044854934-101] DEBUG org.eclipse.jetty.io.ChannelEndPoint - filled 0 HeapByteBuffer@756f77d8[p=0,l=0,c=8192,r=0]={<<<>>>HTTP/1.1 ...\x00\x00\x00\x00\x00\x00\x00}
13:18:52.980 [qtp1044854934-101] DEBUG org.eclipse.jetty.io.ChannelEndPoint - filled 0 HeapByteBuffer@756f77d8[p=0,l=0,c=8192,r=0]={<<<>>>HTTP/1.1 ...\x00\x00\x00\x00\x00\x00\x00}
13:18:52.981 [qtp1044854934-101] DEBUG org.eclipse.jetty.server.HttpConnection - HttpConnection@2d02abad::NetworkTrafficSocketChannelEndPoint@6c855eb7{/127.0.0.1:65030<->/127.0.0.1:8080,OPEN,fill=-,flush=-,to=0/30000}{io=1/0,kio=1,kro=1}->HttpConnection@2d02abad[p=HttpParser{s=START,0 of -1},g=HttpGenerator@6b34285c{s=START}]=>HttpChannelOverHttp@6fd25902{s=HttpChannelState@5eddc8b4{s=IDLE rs=BLOCKING os=OPEN is=IDLE awp=false se=false i=true al=0},r=1,c=false/false,a=IDLE,uri=null,age=0} filled 0 HeapByteBuffer@756f77d8[p=0,l=0,c=8192,r=0]={<<<>>>HTTP/1.1 ...\x00\x00\x00\x00\x00\x00\x00}
13:18:52.981 [qtp1044854934-101] DEBUG org.eclipse.jetty.server.HttpConnection - HttpConnection@2d02abad::NetworkTrafficSocketChannelEndPoint@6c855eb7{/127.0.0.1:65030<->/127.0.0.1:8080,OPEN,fill=-,flush=-,to=0/30000}{io=1/0,kio=1,kro=1}->HttpConnection@2d02abad[p=HttpParser{s=START,0 of -1},g=HttpGenerator@6b34285c{s=START}]=>HttpChannelOverHttp@6fd25902{s=HttpChannelState@5eddc8b4{s=IDLE rs=BLOCKING os=OPEN is=IDLE awp=false se=false i=true al=0},r=1,c=false/false,a=IDLE,uri=null,age=0} parse HeapByteBuffer@756f77d8[p=0,l=0,c=8192,r=0]={<<<>>>HTTP/1.1 ...\x00\x00\x00\x00\x00\x00\x00} {}
13:18:52.981 [qtp1044854934-101] DEBUG org.eclipse.jetty.http.HttpParser - parseNext s=START HeapByteBuffer@756f77d8[p=0,l=0,c=8192,r=0]={<<<>>>HTTP/1.1 ...\x00\x00\x00\x00\x00\x00\x00}
13:18:52.981 [qtp1044854934-101] DEBUG org.eclipse.jetty.server.HttpConnection - HttpConnection@2d02abad::NetworkTrafficSocketChannelEndPoint@6c855eb7{/127.0.0.1:65030<->/127.0.0.1:8080,OPEN,fill=-,flush=-,to=0/30000}{io=1/0,kio=1,kro=1}->HttpConnection@2d02abad[p=HttpParser{s=START,0 of -1},g=HttpGenerator@6b34285c{s=START}]=>HttpChannelOverHttp@6fd25902{s=HttpChannelState@5eddc8b4{s=IDLE rs=BLOCKING os=OPEN is=IDLE awp=false se=false i=true al=0},r=1,c=false/false,a=IDLE,uri=null,age=0} parsed false HttpParser{s=START,0 of -1}
13:18:52.981 [qtp1044854934-101] DEBUG org.eclipse.jetty.server.HttpConnection - releaseRequestBuffer HttpConnection@2d02abad::NetworkTrafficSocketChannelEndPoint@6c855eb7{/127.0.0.1:65030<->/127.0.0.1:8080,OPEN,fill=-,flush=-,to=1/30000}{io=1/0,kio=1,kro=1}->HttpConnection@2d02abad[p=HttpParser{s=START,0 of -1},g=HttpGenerator@6b34285c{s=START}]=>HttpChannelOverHttp@6fd25902{s=HttpChannelState@5eddc8b4{s=IDLE rs=BLOCKING os=OPEN is=IDLE awp=false se=false i=true al=0},r=1,c=false/false,a=IDLE,uri=null,age=0}
13:18:52.981 [qtp1044854934-101] DEBUG org.eclipse.jetty.io.AbstractConnection - fillInterested HttpConnection@2d02abad::NetworkTrafficSocketChannelEndPoint@6c855eb7{/127.0.0.1:65030<->/127.0.0.1:8080,OPEN,fill=-,flush=-,to=1/30000}{io=1/0,kio=1,kro=1}->HttpConnection@2d02abad[p=HttpParser{s=START,0 of -1},g=HttpGenerator@6b34285c{s=START}]=>HttpChannelOverHttp@6fd25902{s=HttpChannelState@5eddc8b4{s=IDLE rs=BLOCKING os=OPEN is=IDLE awp=false se=false i=true al=0},r=1,c=false/false,a=IDLE,uri=null,age=0}
13:18:52.981 [qtp1044854934-101] DEBUG org.eclipse.jetty.io.FillInterest - interested FillInterest@16536671{AC.ReadCB@2d02abad{HttpConnection@2d02abad::NetworkTrafficSocketChannelEndPoint@6c855eb7{/127.0.0.1:65030<->/127.0.0.1:8080,OPEN,fill=FI,flush=-,to=0/30000}{io=1/0,kio=1,kro=1}->HttpConnection@2d02abad[p=HttpParser{s=START,0 of -1},g=HttpGenerator@6b34285c{s=START}]=>HttpChannelOverHttp@6fd25902{s=HttpChannelState@5eddc8b4{s=IDLE rs=BLOCKING os=OPEN is=IDLE awp=false se=false i=true al=0},r=1,c=false/false,a=IDLE,uri=null,age=0}}}
13:18:52.981 [qtp1044854934-101] DEBUG org.eclipse.jetty.io.ChannelEndPoint - changeInterests p=true 0->1 for NetworkTrafficSocketChannelEndPoint@6c855eb7{/127.0.0.1:65030<->/127.0.0.1:8080,OPEN,fill=FI,flush=-,to=0/30000}{io=1/1,kio=1,kro=1}->HttpConnection@2d02abad[p=HttpParser{s=START,0 of -1},g=HttpGenerator@6b34285c{s=START}]=>HttpChannelOverHttp@6fd25902{s=HttpChannelState@5eddc8b4{s=IDLE rs=BLOCKING os=OPEN is=IDLE awp=false se=false i=true al=0},r=1,c=false/false,a=IDLE,uri=null,age=0}
13:18:52.981 [qtp1044854934-101] DEBUG org.eclipse.jetty.server.HttpConnection - HttpConnection@2d02abad::NetworkTrafficSocketChannelEndPoint@6c855eb7{/127.0.0.1:65030<->/127.0.0.1:8080,OPEN,fill=FI,flush=-,to=0/30000}{io=1/1,kio=1,kro=1}->HttpConnection@2d02abad[p=HttpParser{s=START,0 of -1},g=HttpGenerator@6b34285c{s=START}]=>HttpChannelOverHttp@6fd25902{s=HttpChannelState@5eddc8b4{s=IDLE rs=BLOCKING os=OPEN is=IDLE awp=false se=false i=true al=0},r=1,c=false/false,a=IDLE,uri=null,age=0} onFillable exit HttpChannelState@5eddc8b4{s=IDLE rs=BLOCKING os=OPEN is=IDLE awp=false se=false i=true al=0} null
13:18:52.981 [qtp1044854934-101] DEBUG org.eclipse.jetty.io.ManagedSelector - updateable 0
13:18:52.981 [qtp1044854934-101] DEBUG org.eclipse.jetty.io.ManagedSelector - updates 0
13:18:52.981 [qtp1044854934-101] DEBUG org.eclipse.jetty.io.ChannelEndPoint - Key interests updated 1 -> 1 on NetworkTrafficSocketChannelEndPoint@6c855eb7{/127.0.0.1:65030<->/127.0.0.1:8080,OPEN,fill=FI,flush=-,to=0/30000}{io=1/1,kio=1,kro=1}->HttpConnection@2d02abad[p=HttpParser{s=START,0 of -1},g=HttpGenerator@6b34285c{s=START}]=>HttpChannelOverHttp@6fd25902{s=HttpChannelState@5eddc8b4{s=IDLE rs=BLOCKING os=OPEN is=IDLE awp=false se=false i=true al=0},r=1,c=false/false,a=IDLE,uri=null,age=0}
13:18:52.981 [qtp1044854934-101] DEBUG org.eclipse.jetty.io.ManagedSelector - Selector sun.nio.ch.WindowsSelectorImpl@1fe41c74 waiting with 1 keys
13:18:52.982 [reactor-http-nio-3] DEBUG reactor.netty.http.client.HttpClientOperations - [id: 0x808d49cd, L:/127.0.0.1:65030 - R:localhost/127.0.0.1:8080] Received response (auto-read:false) : [Matched-Stub-Id=add91af6-cec2-498d-be2a-9ef483f16aae, Transfer-Encoding=chunked, Server=Jetty(9.4.28.v20200408)]
13:18:52.982 [reactor-http-nio-3] DEBUG reactor.netty.resources.PooledConnectionProvider - [id: 0x808d49cd, L:/127.0.0.1:65030 - R:localhost/127.0.0.1:8080] onStateChange(POST{uri=/api/v0/components/provision-adapters/jobs, connection=PooledConnection{channel=[id: 0x808d49cd, L:/127.0.0.1:65030 - R:localhost/127.0.0.1:8080]}}, [response_received])
13:18:52.982 [reactor-http-nio-3] DEBUG org.springframework.web.reactive.function.client.ExchangeFunctions - [61fb7cb4] Response 401 UNAUTHORIZED
13:18:53.015 [qtp1044854934-106] DEBUG org.eclipse.jetty.util.thread.QueuedThreadPool - run ReservedThreadExecutor@6a4b1be1{s=0/1,p=1}@151c7704 in QueuedThreadPool[qtp1044854934]@3e473896{STARTED,8<=8<=14,i=0,r=1,q=0}[ReservedThreadExecutor@6a4b1be1{s=0/1,p=1}]
13:18:53.015 [qtp1044854934-106] DEBUG org.eclipse.jetty.util.thread.ReservedThreadExecutor - ReservedThreadExecutor@6a4b1be1{s=1/1,p=1}@151c7704 started
13:18:53.015 [qtp1044854934-106] DEBUG org.eclipse.jetty.util.thread.ReservedThreadExecutor - ReservedThreadExecutor@6a4b1be1{s=1/1,p=0}@151c7704 waiting
13:18:53.048 [qtp1044854934-107] DEBUG org.eclipse.jetty.util.thread.ReservedThreadExecutor - ReservedThreadExecutor@6a4b1be1{s=1/1,p=0}@10af921d task=EatWhatYouKill@6529d103/SelectorProducer@f56de7a/PRODUCING/p=true/QueuedThreadPool[qtp1044854934]@3e473896{STARTED,8<=8<=14,i=0,r=1,q=0}[ReservedThreadExecutor@6a4b1be1{s=1/1,p=0}][pc=0,pic=0,pec=0,epc=1]@2020-09-25T13:18:53.0483045+02:00
13:18:53.048 [qtp1044854934-107] DEBUG org.eclipse.jetty.util.thread.strategy.EatWhatYouKill - EatWhatYouKill@6529d103/SelectorProducer@f56de7a/PRODUCING/p=true/QueuedThreadPool[qtp1044854934]@3e473896{STARTED,8<=8<=14,i=0,r=1,q=0}[ReservedThreadExecutor@6a4b1be1{s=1/1,p=0}][pc=0,pic=0,pec=0,epc=1]@2020-09-25T13:18:53.0483045+02:00 tryProduce true
13:18:53.048 [qtp1044854934-107] DEBUG org.eclipse.jetty.util.thread.ReservedThreadExecutor - ReservedThreadExecutor@6a4b1be1{s=1/1,p=0}@10af921d size 1 > capacity
13:18:53.048 [qtp1044854934-107] DEBUG org.eclipse.jetty.util.thread.QueuedThreadPool - ran ReservedThreadExecutor@6a4b1be1{s=1/1,p=0}@10af921d in QueuedThreadPool[qtp1044854934]@3e473896{STARTED,8<=8<=14,i=0,r=1,q=0}[ReservedThreadExecutor@6a4b1be1{s=1/1,p=0}]
13:18:53.051 [qtp1044854934-102] DEBUG org.eclipse.jetty.io.ManagedSelector - Created NetworkTrafficSocketChannelEndPoint@6c855eb7{/127.0.0.1:65030<->/127.0.0.1:8080,OPEN,fill=FI,flush=-,to=70/30000}{io=1/1,kio=1,kro=1}->HttpConnection@2d02abad[p=HttpParser{s=START,0 of -1},g=HttpGenerator@6b34285c{s=START}]=>HttpChannelOverHttp@6fd25902{s=HttpChannelState@5eddc8b4{s=IDLE rs=BLOCKING os=OPEN is=IDLE awp=false se=false i=true al=0},r=1,c=false/false,a=IDLE,uri=null,age=0}
13:18:53.052 [qtp1044854934-102] DEBUG org.eclipse.jetty.util.thread.QueuedThreadPool - ran org.eclipse.jetty.io.ManagedSelector$Accept@32d31dfd in QueuedThreadPool[qtp1044854934]@3e473896{STARTED,8<=8<=14,i=1,r=1,q=0}[ReservedThreadExecutor@6a4b1be1{s=1/1,p=0}]
13:18:53.053 [Finalizer] DEBUG org.apache.http.impl.conn.PoolingHttpClientConnectionManager - Connection manager is shutting down
13:18:53.053 [Finalizer] DEBUG org.apache.http.impl.conn.PoolingHttpClientConnectionManager - Connection manager shut down
13:18:53.054 [reactor-http-nio-3] DEBUG reactor.netty.channel.FluxReceive - [id: 0x808d49cd, L:/127.0.0.1:65030 - R:localhost/127.0.0.1:8080] Subscribing inbound receiver [pending: 0, cancelled:false, inboundDone: false]
13:18:53.054 [reactor-http-nio-3] DEBUG reactor.netty.http.client.HttpClientOperations - [id: 0x808d49cd, L:/127.0.0.1:65030 - R:localhost/127.0.0.1:8080] Received last HTTP packet
13:18:53.056 [reactor-http-nio-3] INFO com.bi.edp.configuration_stack.adapter.client.forwarder.ForwarderClient - ForwarderClient unauthorized, trying to log in
13:18:53.060 [reactor-http-nio-3] DEBUG org.springframework.web.reactive.function.client.ExchangeFunctions - [548ec03c] HTTP POST http://localhost:8080/api/v0/components/login
13:18:53.061 [reactor-http-nio-3] DEBUG reactor.netty.resources.PooledConnectionProvider - [id: 0x1582dd5e] Created a new pooled channel, now 2 active connections and 0 inactive connections
13:18:53.061 [reactor-http-nio-3] DEBUG reactor.netty.channel.BootstrapHandlers - [id: 0x1582dd5e] Initialized pipeline DefaultChannelPipeline{(BootstrapHandlers$BootstrapInitializerHandler#0 = reactor.netty.channel.BootstrapHandlers$BootstrapInitializerHandler), (PooledConnectionProvider$PooledConnectionAllocator$PooledConnectionInitializer#0 = reactor.netty.resources.PooledConnectionProvider$PooledConnectionAllocator$PooledConnectionInitializer), (reactor.left.httpCodec = io.netty.handler.codec.http.HttpClientCodec), (reactor.right.reactiveBridge = reactor.netty.channel.ChannelOperationsHandler)}
13:18:53.062 [reactor-http-nio-3] DEBUG reactor.netty.resources.PooledConnectionProvider - [id: 0x808d49cd, L:/127.0.0.1:65030 - R:localhost/127.0.0.1:8080] onStateChange(POST{uri=/api/v0/components/provision-adapters/jobs, connection=PooledConnection{channel=[id: 0x808d49cd, L:/127.0.0.1:65030 - R:localhost/127.0.0.1:8080]}}, [response_completed])
13:18:53.062 [reactor-http-nio-3] DEBUG reactor.netty.ReactorNetty - [id: 0x808d49cd, L:/127.0.0.1:65030 - R:localhost/127.0.0.1:8080] Removed handler: ReadTimeoutHandler, pipeline: DefaultChannelPipeline{(reactor.left.httpCodec = io.netty.handler.codec.http.HttpClientCodec), (WriteTimeoutHandler = io.netty.handler.timeout.WriteTimeoutHandler), (reactor.right.reactiveBridge = reactor.netty.channel.ChannelOperationsHandler)}
13:18:53.062 [reactor-http-nio-3] DEBUG reactor.netty.ReactorNetty - [id: 0x808d49cd, L:/127.0.0.1:65030 - R:localhost/127.0.0.1:8080] Removed handler: WriteTimeoutHandler, pipeline: DefaultChannelPipeline{(reactor.left.httpCodec = io.netty.handler.codec.http.HttpClientCodec), (reactor.right.reactiveBridge = reactor.netty.channel.ChannelOperationsHandler)}
13:18:53.062 [reactor-http-nio-3] DEBUG reactor.netty.resources.PooledConnectionProvider - [id: 0x808d49cd, L:/127.0.0.1:65030 - R:localhost/127.0.0.1:8080] onStateChange(POST{uri=/api/v0/components/provision-adapters/jobs, connection=PooledConnection{channel=[id: 0x808d49cd, L:/127.0.0.1:65030 - R:localhost/127.0.0.1:8080]}}, [disconnecting])
13:18:53.062 [reactor-http-nio-3] DEBUG reactor.netty.resources.PooledConnectionProvider - [id: 0x808d49cd, L:/127.0.0.1:65030 - R:localhost/127.0.0.1:8080] Releasing channel
13:18:53.062 [reactor-http-nio-3] DEBUG reactor.netty.resources.PooledConnectionProvider - [id: 0x808d49cd, L:/127.0.0.1:65030 - R:localhost/127.0.0.1:8080] Channel cleaned, now 1 active connections and 1 inactive connections
13:18:53.063 [reactor-http-nio-3] DEBUG reactor.netty.resources.PooledConnectionProvider - [id: 0x1582dd5e, L:/127.0.0.1:65031 - R:localhost/127.0.0.1:8080] Registering pool release on close event for channel
13:18:53.063 [reactor-http-nio-3] DEBUG reactor.netty.resources.PooledConnectionProvider - [id: 0x1582dd5e, L:/127.0.0.1:65031 - R:localhost/127.0.0.1:8080] Channel connected, now 1 active connections and 1 inactive connections
13:18:53.064 [reactor-http-nio-3] DEBUG reactor.netty.resources.PooledConnectionProvider - [id: 0x1582dd5e, L:/127.0.0.1:65031 - R:localhost/127.0.0.1:8080] onStateChange(PooledConnection{channel=[id: 0x1582dd5e, L:/127.0.0.1:65031 - R:localhost/127.0.0.1:8080]}, [connected])
13:18:53.064 [reactor-http-nio-3] DEBUG reactor.netty.resources.PooledConnectionProvider - [id: 0x1582dd5e, L:/127.0.0.1:65031 - R:localhost/127.0.0.1:8080] onStateChange(GET{uri=/, connection=PooledConnection{channel=[id: 0x1582dd5e, L:/127.0.0.1:65031 - R:localhost/127.0.0.1:8080]}}, [configured])
13:18:53.064 [reactor-http-nio-3] DEBUG reactor.netty.ReactorNetty - [id: 0x1582dd5e, L:/127.0.0.1:65031 - R:localhost/127.0.0.1:8080] Added decoder [ReadTimeoutHandler] at the end of the user pipeline, full pipeline: [reactor.left.httpCodec, ReadTimeoutHandler, reactor.right.reactiveBridge, DefaultChannelPipeline$TailContext#0]
13:18:53.064 [reactor-http-nio-3] DEBUG reactor.netty.ReactorNetty - [id: 0x1582dd5e, L:/127.0.0.1:65031 - R:localhost/127.0.0.1:8080] Added decoder [WriteTimeoutHandler] at the end of the user pipeline, full pipeline: [reactor.left.httpCodec, ReadTimeoutHandler, WriteTimeoutHandler, reactor.right.reactiveBridge, DefaultChannelPipeline$TailContext#0]
13:18:53.064 [reactor-http-nio-3] DEBUG reactor.netty.http.client.HttpClientConnect - [id: 0x1582dd5e, L:/127.0.0.1:65031 - R:localhost/127.0.0.1:8080] Handler is being applied: {uri=http://localhost:8080/api/v0/components/login, method=POST}
13:18:53.064 [reactor-http-nio-3] DEBUG reactor.netty.resources.PooledConnectionProvider - [id: 0x1582dd5e, L:/127.0.0.1:65031 - R:localhost/127.0.0.1:8080] onStateChange(POST{uri=/api/v0/components/login, connection=PooledConnection{channel=[id: 0x1582dd5e, L:/127.0.0.1:65031 - R:localhost/127.0.0.1:8080]}}, [request_prepared])
13:18:53.065 [reactor-http-nio-3] DEBUG org.springframework.core.codec.CharSequenceEncoder - [548ec03c] Writing "{"password":"123456","username":"catalogClientApi"}"
13:18:53.068 [reactor-http-nio-3] DEBUG reactor.netty.resources.PooledConnectionProvider - [id: 0x1582dd5e, L:/127.0.0.1:65031 - R:localhost/127.0.0.1:8080] onStateChange(POST{uri=/api/v0/components/login, connection=PooledConnection{channel=[id: 0x1582dd5e, L:/127.0.0.1:65031 - R:localhost/127.0.0.1:8080]}}, [request_sent])
13:18:53.068 [qtp1044854934-103-acceptor-1@4aa70108-NetworkTrafficServerConnector@382678b1{HTTP/1.1, (http/1.1)}{0.0.0.0:8080}] DEBUG org.eclipse.jetty.io.ManagedSelector - Queued change org.eclipse.jetty.io.ManagedSelector$Accept@36ec9f7f on ManagedSelector@2114e303{STARTED} id=1 keys=1 selected=0 updates=0
13:18:53.069 [qtp1044854934-103-acceptor-1@4aa70108-NetworkTrafficServerConnector@382678b1{HTTP/1.1, (http/1.1)}{0.0.0.0:8080}] DEBUG org.eclipse.jetty.io.ManagedSelector - Wakeup on submit ManagedSelector@2114e303{STARTED} id=1 keys=1 selected=0 updates=1
13:18:53.069 [qtp1044854934-108] DEBUG org.eclipse.jetty.io.ManagedSelector - Selector sun.nio.ch.WindowsSelectorImpl@7436f8a6 woken with none selected
13:18:53.069 [qtp1044854934-108] DEBUG org.eclipse.jetty.io.ManagedSelector - Selector sun.nio.ch.WindowsSelectorImpl@7436f8a6 woken up from select, 0/0/1 selected
13:18:53.069 [qtp1044854934-108] DEBUG org.eclipse.jetty.io.ManagedSelector - Selector sun.nio.ch.WindowsSelectorImpl@7436f8a6 processing 0 keys, 1 updates
13:18:53.069 [qtp1044854934-108] DEBUG org.eclipse.jetty.io.ManagedSelector - updateable 1
13:18:53.069 [qtp1044854934-108] DEBUG org.eclipse.jetty.io.ManagedSelector - update org.eclipse.jetty.io.ManagedSelector$Accept@36ec9f7f
13:18:53.069 [qtp1044854934-108] DEBUG org.eclipse.jetty.util.thread.QueuedThreadPool - queue org.eclipse.jetty.io.ManagedSelector$Accept@36ec9f7f startThread=0
13:18:53.069 [qtp1044854934-108] DEBUG org.eclipse.jetty.io.ManagedSelector - updates 0
13:18:53.069 [qtp1044854934-108] DEBUG org.eclipse.jetty.io.ManagedSelector - Selector sun.nio.ch.WindowsSelectorImpl@7436f8a6 waiting with 2 keys
13:18:53.070 [qtp1044854934-107] DEBUG org.eclipse.jetty.util.thread.QueuedThreadPool - run org.eclipse.jetty.io.ManagedSelector$Accept@36ec9f7f in QueuedThreadPool[qtp1044854934]@3e473896{STARTED,8<=8<=14,i=1,r=1,q=0}[ReservedThreadExecutor@6a4b1be1{s=1/1,p=0}]
13:18:53.070 [qtp1044854934-107] DEBUG org.eclipse.jetty.io.IdleTimeout - NetworkTrafficSocketChannelEndPoint@ce8bd4f{/127.0.0.1:65031<->/127.0.0.1:8080,OPEN,fill=-,flush=-,to=0/30000}{io=0/0,kio=0,kro=0}-><null> idle timeout check, elapsed: 0 ms, remaining: 30000 ms
13:18:53.070 [qtp1044854934-107] DEBUG org.eclipse.jetty.server.HttpChannel - new HttpChannelOverHttp@1ded1c8{s=HttpChannelState@2c3877a5{s=IDLE rs=BLOCKING os=OPEN is=IDLE awp=false se=false i=true al=0},r=0,c=false/false,a=IDLE,uri=null,age=0} -> NetworkTrafficSocketChannelEndPoint@ce8bd4f{/127.0.0.1:65031<->/127.0.0.1:8080,OPEN,fill=-,flush=-,to=0/30000}{io=0/0,kio=0,kro=0}-><null>,null,HttpChannelState@2c3877a5{s=IDLE rs=BLOCKING os=OPEN is=IDLE awp=false se=false i=true al=0}
13:18:53.070 [qtp1044854934-107] DEBUG org.eclipse.jetty.server.HttpConnection - New HTTP Connection HttpConnection@1046840e::NetworkTrafficSocketChannelEndPoint@ce8bd4f{/127.0.0.1:65031<->/127.0.0.1:8080,OPEN,fill=-,flush=-,to=0/30000}{io=0/0,kio=0,kro=0}-><null>
13:18:53.070 [qtp1044854934-107] DEBUG org.eclipse.jetty.io.AbstractEndPoint - onOpen NetworkTrafficSocketChannelEndPoint@ce8bd4f{/127.0.0.1:65031<->/127.0.0.1:8080,OPEN,fill=-,flush=-,to=0/30000}{io=0/0,kio=0,kro=0}->HttpConnection@1046840e[p=HttpParser{s=START,0 of -1},g=HttpGenerator@598d518c{s=START}]=>HttpChannelOverHttp@1ded1c8{s=HttpChannelState@2c3877a5{s=IDLE rs=BLOCKING os=OPEN is=IDLE awp=false se=false i=true al=0},r=0,c=false/false,a=IDLE,uri=null,age=0}
13:18:53.070 [qtp1044854934-107] DEBUG org.eclipse.jetty.io.AbstractConnection - onOpen HttpConnection@1046840e::NetworkTrafficSocketChannelEndPoint@ce8bd4f{/127.0.0.1:65031<->/127.0.0.1:8080,OPEN,fill=-,flush=-,to=0/30000}{io=0/0,kio=0,kro=0}->HttpConnection@1046840e[p=HttpParser{s=START,0 of -1},g=HttpGenerator@598d518c{s=START}]=>HttpChannelOverHttp@1ded1c8{s=HttpChannelState@2c3877a5{s=IDLE rs=BLOCKING os=OPEN is=IDLE awp=false se=false i=true al=0},r=0,c=false/false,a=IDLE,uri=null,age=0}
13:18:53.070 [qtp1044854934-107] DEBUG org.eclipse.jetty.io.AbstractConnection - fillInterested HttpConnection@1046840e::NetworkTrafficSocketChannelEndPoint@ce8bd4f{/127.0.0.1:65031<->/127.0.0.1:8080,OPEN,fill=-,flush=-,to=0/30000}{io=0/0,kio=0,kro=0}->HttpConnection@1046840e[p=HttpParser{s=START,0 of -1},g=HttpGenerator@598d518c{s=START}]=>HttpChannelOverHttp@1ded1c8{s=HttpChannelState@2c3877a5{s=IDLE rs=BLOCKING os=OPEN is=IDLE awp=false se=false i=true al=0},r=0,c=false/false,a=IDLE,uri=null,age=0}
13:18:53.070 [qtp1044854934-107] DEBUG org.eclipse.jetty.io.FillInterest - interested FillInterest@2eaa9be4{AC.ReadCB@1046840e{HttpConnection@1046840e::NetworkTrafficSocketChannelEndPoint@ce8bd4f{/127.0.0.1:65031<->/127.0.0.1:8080,OPEN,fill=FI,flush=-,to=0/30000}{io=0/0,kio=0,kro=0}->HttpConnection@1046840e[p=HttpParser{s=START,0 of -1},g=HttpGenerator@598d518c{s=START}]=>HttpChannelOverHttp@1ded1c8{s=HttpChannelState@2c3877a5{s=IDLE rs=BLOCKING os=OPEN is=IDLE awp=false se=false i=true al=0},r=0,c=false/false,a=IDLE,uri=null,age=0}}}
13:18:53.070 [qtp1044854934-107] DEBUG org.eclipse.jetty.io.ChannelEndPoint - changeInterests p=false 0->1 for NetworkTrafficSocketChannelEndPoint@ce8bd4f{/127.0.0.1:65031<->/127.0.0.1:8080,OPEN,fill=FI,flush=-,to=0/30000}{io=0/1,kio=0,kro=0}->HttpConnection@1046840e[p=HttpParser{s=START,0 of -1},g=HttpGenerator@598d518c{s=START}]=>HttpChannelOverHttp@1ded1c8{s=HttpChannelState@2c3877a5{s=IDLE rs=BLOCKING os=OPEN is=IDLE awp=false se=false i=true al=0},r=0,c=false/false,a=IDLE,uri=null,age=0}
13:18:53.070 [qtp1044854934-107] DEBUG org.eclipse.jetty.io.ManagedSelector - Queued change org.eclipse.jetty.io.ChannelEndPoint$1@414044cb on ManagedSelector@2114e303{STARTED} id=1 keys=2 selected=0 updates=0
13:18:53.071 [qtp1044854934-107] DEBUG org.eclipse.jetty.io.ManagedSelector - Wakeup on submit ManagedSelector@2114e303{STARTED} id=1 keys=2 selected=0 updates=1
13:18:53.071 [qtp1044854934-108] DEBUG org.eclipse.jetty.io.ManagedSelector - Selector sun.nio.ch.WindowsSelectorImpl@7436f8a6 woken with none selected
13:18:53.071 [qtp1044854934-108] DEBUG org.eclipse.jetty.io.ManagedSelector - Selector sun.nio.ch.WindowsSelectorImpl@7436f8a6 woken up from select, 0/0/2 selected
13:18:53.071 [qtp1044854934-107] DEBUG org.eclipse.jetty.io.ManagedSelector - Created NetworkTrafficSocketChannelEndPoint@ce8bd4f{/127.0.0.1:65031<->/127.0.0.1:8080,OPEN,fill=FI,flush=-,to=0/30000}{io=0/1,kio=0,kro=0}->HttpConnection@1046840e[p=HttpParser{s=START,0 of -1},g=HttpGenerator@598d518c{s=START}]=>HttpChannelOverHttp@1ded1c8{s=HttpChannelState@2c3877a5{s=IDLE rs=BLOCKING os=OPEN is=IDLE awp=false se=false i=true al=0},r=0,c=false/false,a=IDLE,uri=null,age=0}
13:18:53.071 [qtp1044854934-108] DEBUG org.eclipse.jetty.io.ManagedSelector - Selector sun.nio.ch.WindowsSelectorImpl@7436f8a6 processing 0 keys, 1 updates
13:18:53.071 [qtp1044854934-108] DEBUG org.eclipse.jetty.io.ManagedSelector - updateable 1
13:18:53.071 [qtp1044854934-107] DEBUG org.eclipse.jetty.util.thread.QueuedThreadPool - ran org.eclipse.jetty.io.ManagedSelector$Accept@36ec9f7f in QueuedThreadPool[qtp1044854934]@3e473896{STARTED,8<=8<=14,i=1,r=1,q=0}[ReservedThreadExecutor@6a4b1be1{s=1/1,p=0}]
13:18:53.071 [qtp1044854934-108] DEBUG org.eclipse.jetty.io.ManagedSelector - update org.eclipse.jetty.io.ChannelEndPoint$1@414044cb
13:18:53.071 [qtp1044854934-108] DEBUG org.eclipse.jetty.io.ChannelEndPoint - Key interests updated 0 -> 1 on NetworkTrafficSocketChannelEndPoint@ce8bd4f{/127.0.0.1:65031<->/127.0.0.1:8080,OPEN,fill=FI,flush=-,to=0/30000}{io=1/1,kio=1,kro=0}->HttpConnection@1046840e[p=HttpParser{s=START,0 of -1},g=HttpGenerator@598d518c{s=START}]=>HttpChannelOverHttp@1ded1c8{s=HttpChannelState@2c3877a5{s=IDLE rs=BLOCKING os=OPEN is=IDLE awp=false se=false i=true al=0},r=0,c=false/false,a=IDLE,uri=null,age=0}
13:18:53.071 [qtp1044854934-108] DEBUG org.eclipse.jetty.io.ManagedSelector - updates 0
13:18:53.071 [qtp1044854934-108] DEBUG org.eclipse.jetty.io.ManagedSelector - Selector sun.nio.ch.WindowsSelectorImpl@7436f8a6 waiting with 2 keys
13:18:53.071 [qtp1044854934-108] DEBUG org.eclipse.jetty.io.ManagedSelector - Selector sun.nio.ch.WindowsSelectorImpl@7436f8a6 woken up from select, 1/1/2 selected
13:18:53.071 [qtp1044854934-108] DEBUG org.eclipse.jetty.io.ManagedSelector - Selector sun.nio.ch.WindowsSelectorImpl@7436f8a6 processing 1 keys, 0 updates
13:18:53.071 [qtp1044854934-108] DEBUG org.eclipse.jetty.io.ManagedSelector - selected 1 channel=java.nio.channels.SocketChannel[connected local=/127.0.0.1:8080 remote=/127.0.0.1:65031], selector=sun.nio.ch.WindowsSelectorImpl@7436f8a6, interestOps=1, readyOps=1 NetworkTrafficSocketChannelEndPoint@ce8bd4f{/127.0.0.1:65031<->/127.0.0.1:8080,OPEN,fill=FI,flush=-,to=0/30000}{io=1/1,kio=1,kro=1}->HttpConnection@1046840e[p=HttpParser{s=START,0 of -1},g=HttpGenerator@598d518c{s=START}]=>HttpChannelOverHttp@1ded1c8{s=HttpChannelState@2c3877a5{s=IDLE rs=BLOCKING os=OPEN is=IDLE awp=false se=false i=true al=0},r=0,c=false/false,a=IDLE,uri=null,age=0} 
13:18:53.071 [qtp1044854934-108] DEBUG org.eclipse.jetty.io.ChannelEndPoint - onSelected 1->0 r=true w=false for NetworkTrafficSocketChannelEndPoint@ce8bd4f{/127.0.0.1:65031<->/127.0.0.1:8080,OPEN,fill=FI,flush=-,to=0/30000}{io=1/0,kio=1,kro=1}->HttpConnection@1046840e[p=HttpParser{s=START,0 of -1},g=HttpGenerator@598d518c{s=START}]=>HttpChannelOverHttp@1ded1c8{s=HttpChannelState@2c3877a5{s=IDLE rs=BLOCKING os=OPEN is=IDLE awp=false se=false i=true al=0},r=0,c=false/false,a=IDLE,uri=null,age=0}
13:18:53.071 [qtp1044854934-108] DEBUG org.eclipse.jetty.io.ChannelEndPoint - task CEP:NetworkTrafficSocketChannelEndPoint@ce8bd4f{/127.0.0.1:65031<->/127.0.0.1:8080,OPEN,fill=FI,flush=-,to=0/30000}{io=1/0,kio=1,kro=1}->HttpConnection@1046840e[p=HttpParser{s=START,0 of -1},g=HttpGenerator@598d518c{s=START}]=>HttpChannelOverHttp@1ded1c8{s=HttpChannelState@2c3877a5{s=IDLE rs=BLOCKING os=OPEN is=IDLE awp=false se=false i=true al=0},r=0,c=false/false,a=IDLE,uri=null,age=0}:runFillable:BLOCKING
13:18:53.072 [qtp1044854934-108] DEBUG org.eclipse.jetty.util.thread.ReservedThreadExecutor - ReservedThreadExecutor@6a4b1be1{s=1/1,p=0} tryExecute EatWhatYouKill@338225cc/SelectorProducer@18085b76/PRODUCING/p=false/QueuedThreadPool[qtp1044854934]@3e473896{STARTED,8<=8<=14,i=2,r=1,q=0}[ReservedThreadExecutor@6a4b1be1{s=1/1,p=0}][pc=0,pic=0,pec=1,epc=2]@2020-09-25T13:18:53.0713119+02:00
13:18:53.072 [qtp1044854934-108] DEBUG org.eclipse.jetty.util.thread.ReservedThreadExecutor - ReservedThreadExecutor@6a4b1be1{s=0/1,p=0}@151c7704 offer EatWhatYouKill@338225cc/SelectorProducer@18085b76/PRODUCING/p=false/QueuedThreadPool[qtp1044854934]@3e473896{STARTED,8<=8<=14,i=2,r=1,q=0}[ReservedThreadExecutor@6a4b1be1{s=0/1,p=0}][pc=0,pic=0,pec=1,epc=2]@2020-09-25T13:18:53.0723063+02:00
13:18:53.072 [qtp1044854934-108] DEBUG org.eclipse.jetty.util.thread.ReservedThreadExecutor - ReservedThreadExecutor@6a4b1be1{s=0/1,p=1} startReservedThread p=1
13:18:53.072 [qtp1044854934-108] DEBUG org.eclipse.jetty.util.thread.QueuedThreadPool - queue ReservedThreadExecutor@6a4b1be1{s=0/1,p=1}@1812e457 startThread=0
13:18:53.072 [qtp1044854934-108] DEBUG org.eclipse.jetty.util.thread.strategy.EatWhatYouKill - EatWhatYouKill@338225cc/SelectorProducer@18085b76/IDLE/p=true/QueuedThreadPool[qtp1044854934]@3e473896{STARTED,8<=8<=14,i=1,r=1,q=0}[ReservedThreadExecutor@6a4b1be1{s=0/1,p=1}][pc=0,pic=0,pec=1,epc=2]@2020-09-25T13:18:53.0723063+02:00 m=EXECUTE_PRODUCE_CONSUME t=CEP:NetworkTrafficSocketChannelEndPoint@ce8bd4f{/127.0.0.1:65031<->/127.0.0.1:8080,OPEN,fill=FI,flush=-,to=1/30000}{io=1/0,kio=1,kro=1}->HttpConnection@1046840e[p=HttpParser{s=START,0 of -1},g=HttpGenerator@598d518c{s=START}]=>HttpChannelOverHttp@1ded1c8{s=HttpChannelState@2c3877a5{s=IDLE rs=BLOCKING os=OPEN is=IDLE awp=false se=false i=true al=0},r=0,c=false/false,a=IDLE,uri=null,age=0}:runFillable:BLOCKING/BLOCKING
13:18:53.072 [qtp1044854934-108] DEBUG org.eclipse.jetty.io.FillInterest - fillable FillInterest@2eaa9be4{AC.ReadCB@1046840e{HttpConnection@1046840e::NetworkTrafficSocketChannelEndPoint@ce8bd4f{/127.0.0.1:65031<->/127.0.0.1:8080,OPEN,fill=FI,flush=-,to=1/30000}{io=1/0,kio=1,kro=1}->HttpConnection@1046840e[p=HttpParser{s=START,0 of -1},g=HttpGenerator@598d518c{s=START}]=>HttpChannelOverHttp@1ded1c8{s=HttpChannelState@2c3877a5{s=IDLE rs=BLOCKING os=OPEN is=IDLE awp=false se=false i=true al=0},r=0,c=false/false,a=IDLE,uri=null,age=0}}}
13:18:53.072 [qtp1044854934-108] DEBUG org.eclipse.jetty.server.HttpConnection - HttpConnection@1046840e::NetworkTrafficSocketChannelEndPoint@ce8bd4f{/127.0.0.1:65031<->/127.0.0.1:8080,OPEN,fill=-,flush=-,to=1/30000}{io=1/0,kio=1,kro=1}->HttpConnection@1046840e[p=HttpParser{s=START,0 of -1},g=HttpGenerator@598d518c{s=START}]=>HttpChannelOverHttp@1ded1c8{s=HttpChannelState@2c3877a5{s=IDLE rs=BLOCKING os=OPEN is=IDLE awp=false se=false i=true al=0},r=0,c=false/false,a=IDLE,uri=null,age=0} onFillable enter HttpChannelState@2c3877a5{s=IDLE rs=BLOCKING os=OPEN is=IDLE awp=false se=false i=true al=0} null
13:18:53.072 [qtp1044854934-108] DEBUG org.eclipse.jetty.io.ChannelEndPoint - filled 220 HeapByteBuffer@756f77d8[p=0,l=220,c=8192,r=220]={<<<POST /api/v0/components/l...me":"catalogClientApi"}>>>ec10139-2...\x00\x00\x00\x00\x00\x00\x00}
13:18:53.072 [qtp1044854934-108] DEBUG org.eclipse.jetty.server.HttpConnection - HttpConnection@1046840e::NetworkTrafficSocketChannelEndPoint@ce8bd4f{/127.0.0.1:65031<->/127.0.0.1:8080,OPEN,fill=-,flush=-,to=0/30000}{io=1/0,kio=1,kro=1}->HttpConnection@1046840e[p=HttpParser{s=START,0 of -1},g=HttpGenerator@598d518c{s=START}]=>HttpChannelOverHttp@1ded1c8{s=HttpChannelState@2c3877a5{s=IDLE rs=BLOCKING os=OPEN is=IDLE awp=false se=false i=true al=0},r=0,c=false/false,a=IDLE,uri=null,age=0} filled 220 HeapByteBuffer@756f77d8[p=0,l=220,c=8192,r=220]={<<<POST /api/v0/components/l...me":"catalogClientApi"}>>>ec10139-2...\x00\x00\x00\x00\x00\x00\x00}
13:18:53.072 [qtp1044854934-108] DEBUG org.eclipse.jetty.server.HttpConnection - HttpConnection@1046840e::NetworkTrafficSocketChannelEndPoint@ce8bd4f{/127.0.0.1:65031<->/127.0.0.1:8080,OPEN,fill=-,flush=-,to=0/30000}{io=1/0,kio=1,kro=1}->HttpConnection@1046840e[p=HttpParser{s=START,0 of -1},g=HttpGenerator@598d518c{s=START}]=>HttpChannelOverHttp@1ded1c8{s=HttpChannelState@2c3877a5{s=IDLE rs=BLOCKING os=OPEN is=IDLE awp=false se=false i=true al=0},r=0,c=false/false,a=IDLE,uri=null,age=0} parse HeapByteBuffer@756f77d8[p=0,l=220,c=8192,r=220]={<<<POST /api/v0/components/l...me":"catalogClientApi"}>>>ec10139-2...\x00\x00\x00\x00\x00\x00\x00} {}
13:18:53.072 [qtp1044854934-108] DEBUG org.eclipse.jetty.http.HttpParser - parseNext s=START HeapByteBuffer@756f77d8[p=0,l=220,c=8192,r=220]={<<<POST /api/v0/components/l...me":"catalogClientApi"}>>>ec10139-2...\x00\x00\x00\x00\x00\x00\x00}
13:18:53.072 [qtp1044854934-108] DEBUG org.eclipse.jetty.http.HttpParser - START --> SPACE1
13:18:53.072 [qtp1044854934-108] DEBUG org.eclipse.jetty.http.HttpParser - SPACE1 --> URI
13:18:53.072 [qtp1044854934-108] DEBUG org.eclipse.jetty.http.HttpParser - URI --> SPACE2
13:18:53.072 [qtp1044854934-108] DEBUG org.eclipse.jetty.http.HttpParser - SPACE2 --> REQUEST_VERSION
13:18:53.073 [qtp1044854934-108] DEBUG org.eclipse.jetty.http.HttpParser - REQUEST_VERSION --> HEADER
13:18:53.073 [qtp1044854934-108] DEBUG org.eclipse.jetty.http.HttpParser - HEADER:User-Agent --> VALUE
13:18:53.073 [qtp1044854934-108] DEBUG org.eclipse.jetty.http.HttpParser - HEADER:User-Agent --> IN_VALUE
13:18:53.073 [qtp1044854934-108] DEBUG org.eclipse.jetty.http.HttpParser - HEADER:User-Agent --> FIELD
13:18:53.073 [qtp1044854934-108] DEBUG org.eclipse.jetty.http.HttpParser - HEADER:Host --> VALUE
13:18:53.073 [qtp1044854934-108] DEBUG org.eclipse.jetty.http.HttpParser - HEADER:Host --> IN_VALUE
13:18:53.073 [qtp1044854934-108] DEBUG org.eclipse.jetty.http.HttpParser - HEADER:Host --> FIELD
13:18:53.073 [qtp1044854934-108] DEBUG org.eclipse.jetty.http.HttpParser - HEADER:Accept: */* --> IN_VALUE
13:18:53.073 [qtp1044854934-108] DEBUG org.eclipse.jetty.http.HttpParser - HEADER:Accept: */* --> FIELD
13:18:53.073 [qtp1044854934-108] DEBUG org.eclipse.jetty.http.HttpParser - HEADER:Content-Type: application/json --> IN_VALUE
13:18:53.073 [qtp1044854934-108] DEBUG org.eclipse.jetty.http.HttpParser - HEADER:Content-Type: application/json --> FIELD
13:18:53.073 [qtp1044854934-108] DEBUG org.eclipse.jetty.http.HttpParser - HEADER:Content-Length --> VALUE
13:18:53.073 [qtp1044854934-108] DEBUG org.eclipse.jetty.http.HttpParser - HEADER:Content-Length --> IN_VALUE
13:18:53.073 [qtp1044854934-108] DEBUG org.eclipse.jetty.http.HttpParser - HEADER:Content-Length --> FIELD
13:18:53.073 [qtp1044854934-108] DEBUG org.eclipse.jetty.http.HttpParser - HEADER --> CONTENT
13:18:53.073 [qtp1044854934-108] DEBUG org.eclipse.jetty.server.HttpChannel - REQUEST for //localhost:8080/api/v0/components/login on HttpChannelOverHttp@1ded1c8{s=HttpChannelState@2c3877a5{s=IDLE rs=BLOCKING os=OPEN is=IDLE awp=false se=false i=true al=0},r=1,c=false/false,a=IDLE,uri=//localhost:8080/api/v0/components/login,age=0}
POST //localhost:8080/api/v0/components/login HTTP/1.1
User-Agent: ReactorNetty/0.9.7.RELEASE
Host: localhost:8080
Accept: */*
Content-Type: application/json
Content-Length: 51


13:18:53.073 [qtp1044854934-108] DEBUG org.eclipse.jetty.server.HttpConnection - HttpConnection@1046840e::NetworkTrafficSocketChannelEndPoint@ce8bd4f{/127.0.0.1:65031<->/127.0.0.1:8080,OPEN,fill=-,flush=-,to=0/30000}{io=1/0,kio=1,kro=1}->HttpConnection@1046840e[p=HttpParser{s=CONTENT,0 of 51},g=HttpGenerator@598d518c{s=START}]=>HttpChannelOverHttp@1ded1c8{s=HttpChannelState@2c3877a5{s=IDLE rs=BLOCKING os=OPEN is=IDLE awp=false se=false i=true al=0},r=1,c=false/false,a=IDLE,uri=//localhost:8080/api/v0/components/login,age=0} parsed true HttpParser{s=CONTENT,0 of 51}
13:18:53.073 [qtp1044854934-108] DEBUG org.eclipse.jetty.server.HttpChannel - handle //localhost:8080/api/v0/components/login HttpChannelOverHttp@1ded1c8{s=HttpChannelState@2c3877a5{s=IDLE rs=BLOCKING os=OPEN is=IDLE awp=false se=false i=true al=0},r=1,c=false/false,a=IDLE,uri=//localhost:8080/api/v0/components/login,age=0} 
13:18:53.073 [qtp1044854934-108] DEBUG org.eclipse.jetty.server.HttpChannelState - handling HttpChannelState@2c3877a5{s=IDLE rs=BLOCKING os=OPEN is=IDLE awp=false se=false i=true al=0}
13:18:53.073 [qtp1044854934-108] DEBUG org.eclipse.jetty.server.HttpChannel - action DISPATCH HttpChannelOverHttp@1ded1c8{s=HttpChannelState@2c3877a5{s=HANDLING rs=BLOCKING os=OPEN is=IDLE awp=false se=false i=true al=0},r=1,c=false/false,a=HANDLING,uri=//localhost:8080/api/v0/components/login,age=0}
13:18:53.073 [qtp1044854934-108] DEBUG org.eclipse.jetty.server.Server - REQUEST POST /api/v0/components/login on HttpChannelOverHttp@1ded1c8{s=HttpChannelState@2c3877a5{s=HANDLING rs=BLOCKING os=OPEN is=IDLE awp=false se=false i=true al=0},r=1,c=false/false,a=HANDLING,uri=//localhost:8080/api/v0/components/login,age=0}
13:18:53.073 [qtp1044854934-108] DEBUG org.eclipse.jetty.server.handler.ContextHandler - scope null||/api/v0/components/login @ o.e.j.s.ServletContextHandler@5adf1b12{/__admin,null,AVAILABLE}
13:18:53.073 [qtp1044854934-108] DEBUG org.eclipse.jetty.server.handler.gzip.GzipHandler - GzipHandler@4d61717f{STARTED,min=32,inflate=-1} handle Request(POST //localhost:8080/api/v0/components/login)@1c2d738d in null
13:18:53.074 [qtp1044854934-108] DEBUG org.eclipse.jetty.server.handler.ContextHandler - scope null||/api/v0/components/login @ o.e.j.s.ServletContextHandler@769fbc24{/,null,AVAILABLE}
13:18:53.074 [qtp1044854934-108] DEBUG org.eclipse.jetty.server.handler.ContextHandler - context=||/api/v0/components/login @ o.e.j.s.ServletContextHandler@769fbc24{/,null,AVAILABLE}
13:18:53.074 [qtp1044854934-108] DEBUG org.eclipse.jetty.servlet.ServletHandler - servlet |/api/v0/components/login|null -> com.github.tomakehurst.wiremock.servlet.WireMockHandlerDispatchingServlet-2f5a68a8@1c018047==com.github.tomakehurst.wiremock.servlet.WireMockHandlerDispatchingServlet,jsp=null,order=-1,inst=true,async=true
13:18:53.074 [qtp1044854934-108] DEBUG org.eclipse.jetty.servlet.ServletHandler - chain=org.eclipse.jetty.servlets.CrossOriginFilter-443420da@443420da==org.eclipse.jetty.servlets.CrossOriginFilter,inst=true,async=true->com.github.tomakehurst.wiremock.servlet.WireMockHandlerDispatchingServlet-2f5a68a8@1c018047==com.github.tomakehurst.wiremock.servlet.WireMockHandlerDispatchingServlet,jsp=null,order=-1,inst=true,async=true
13:18:53.074 [qtp1044854934-108] DEBUG org.eclipse.jetty.servlet.ServletHandler - call filter org.eclipse.jetty.servlets.CrossOriginFilter-443420da@443420da==org.eclipse.jetty.servlets.CrossOriginFilter,inst=true,async=true
13:18:53.074 [qtp1044854934-108] DEBUG org.eclipse.jetty.servlet.ServletHandler - call servlet com.github.tomakehurst.wiremock.servlet.WireMockHandlerDispatchingServlet-2f5a68a8@1c018047==com.github.tomakehurst.wiremock.servlet.WireMockHandlerDispatchingServlet,jsp=null,order=-1,inst=true,async=true
13:18:53.075 [qtp1044854934-108] DEBUG org.eclipse.jetty.server.HttpConnection - HttpConnection@1046840e::NetworkTrafficSocketChannelEndPoint@ce8bd4f{/127.0.0.1:65031<->/127.0.0.1:8080,OPEN,fill=-,flush=-,to=2/30000}{io=1/0,kio=1,kro=1}->HttpConnection@1046840e[p=HttpParser{s=CONTENT,0 of 51},g=HttpGenerator@598d518c{s=START}]=>HttpChannelOverHttp@1ded1c8{s=HttpChannelState@2c3877a5{s=HANDLING rs=BLOCKING os=OPEN is=IDLE awp=false se=false i=true al=0},r=1,c=false/false,a=HANDLING,uri=//localhost:8080/api/v0/components/login,age=2} parse HeapByteBuffer@756f77d8[p=169,l=220,c=8192,r=51]={POST /api... 51\r\n\r\n<<<{"password":"123456","use...me":"catalogClientApi"}>>>ec10139-2...\x00\x00\x00\x00\x00\x00\x00} {}
13:18:53.075 [qtp1044854934-108] DEBUG org.eclipse.jetty.http.HttpParser - parseNext s=CONTENT HeapByteBuffer@756f77d8[p=169,l=220,c=8192,r=51]={POST /api... 51\r\n\r\n<<<{"password":"123456","use...me":"catalogClientApi"}>>>ec10139-2...\x00\x00\x00\x00\x00\x00\x00}
13:18:53.075 [qtp1044854934-108] DEBUG org.eclipse.jetty.server.HttpChannel - onContent HttpChannelOverHttp@1ded1c8{s=HttpChannelState@2c3877a5{s=HANDLING rs=BLOCKING os=OPEN is=IDLE awp=false se=false i=true al=0},r=1,c=false/false,a=HANDLING,uri=//localhost:8080/api/v0/components/login,age=2} Content@592fee6c{HeapByteBufferR@67831744[p=169,l=220,c=8192,r=51]={POST /api... 51\r\n\r\n<<<{"password":"123456","use...me":"catalogClientApi"}>>>ec10139-2...\x00\x00\x00\x00\x00\x00\x00}}
13:18:53.075 [qtp1044854934-108] DEBUG org.eclipse.jetty.server.HttpInput - HttpInputOverHTTP@68bc77bf[c=0,q=0,[0]=null,s=STREAM] addContent Content@592fee6c{HeapByteBufferR@67831744[p=169,l=220,c=8192,r=51]={POST /api... 51\r\n\r\n<<<{"password":"123456","use...me":"catalogClientApi"}>>>ec10139-2...\x00\x00\x00\x00\x00\x00\x00}}
13:18:53.075 [qtp1044854934-108] DEBUG org.eclipse.jetty.http.HttpParser - CONTENT --> CONTENT_END
13:18:53.075 [qtp1044854934-108] DEBUG org.eclipse.jetty.server.HttpChannel - onContentComplete HttpChannelOverHttp@1ded1c8{s=HttpChannelState@2c3877a5{s=HANDLING rs=BLOCKING os=OPEN is=IDLE awp=false se=false i=true al=0},r=1,c=false/false,a=HANDLING,uri=//localhost:8080/api/v0/components/login,age=2}
13:18:53.075 [qtp1044854934-108] DEBUG org.eclipse.jetty.http.HttpParser - CONTENT_END --> END
13:18:53.075 [qtp1044854934-108] DEBUG org.eclipse.jetty.server.HttpChannel - onRequestComplete HttpChannelOverHttp@1ded1c8{s=HttpChannelState@2c3877a5{s=HANDLING rs=BLOCKING os=OPEN is=IDLE awp=false se=false i=true al=0},r=1,c=false/false,a=HANDLING,uri=//localhost:8080/api/v0/components/login,age=2}
13:18:53.075 [qtp1044854934-108] DEBUG org.eclipse.jetty.server.HttpInput - HttpInputOverHTTP@68bc77bf[c=0,q=1,[0]=EOF,s=STREAM] addContent EOF
13:18:53.075 [qtp1044854934-108] DEBUG org.eclipse.jetty.server.HttpConnection - HttpConnection@1046840e::NetworkTrafficSocketChannelEndPoint@ce8bd4f{/127.0.0.1:65031<->/127.0.0.1:8080,OPEN,fill=-,flush=-,to=3/30000}{io=1/0,kio=1,kro=1}->HttpConnection@1046840e[p=HttpParser{s=END,51 of 51},g=HttpGenerator@598d518c{s=START}]=>HttpChannelOverHttp@1ded1c8{s=HttpChannelState@2c3877a5{s=HANDLING rs=BLOCKING os=OPEN is=IDLE awp=false se=false i=true al=0},r=1,c=false/false,a=HANDLING,uri=//localhost:8080/api/v0/components/login,age=2} parsed false HttpParser{s=END,51 of 51}
13:18:53.075 [qtp1044854934-108] DEBUG org.eclipse.jetty.server.HttpInput - HttpInputOverHTTP@68bc77bf[c=51,q=1,[0]=EOF,s=STREAM] read 51 from Content@592fee6c{HeapByteBufferR@67831744[p=220,l=220,c=8192,r=0]={POST /api...ntApi"}<<<>>>ec10139-2...\x00\x00\x00\x00\x00\x00\x00}}
13:18:53.075 [qtp1044854934-108] DEBUG org.eclipse.jetty.server.HttpConnection - releaseRequestBuffer HttpConnection@1046840e::NetworkTrafficSocketChannelEndPoint@ce8bd4f{/127.0.0.1:65031<->/127.0.0.1:8080,OPEN,fill=-,flush=-,to=3/30000}{io=1/0,kio=1,kro=1}->HttpConnection@1046840e[p=HttpParser{s=END,51 of 51},g=HttpGenerator@598d518c{s=START}]=>HttpChannelOverHttp@1ded1c8{s=HttpChannelState@2c3877a5{s=HANDLING rs=BLOCKING os=OPEN is=IDLE awp=false se=false i=true al=0},r=1,c=false/false,a=HANDLING,uri=//localhost:8080/api/v0/components/login,age=2}
13:18:53.076 [qtp1044854934-108] DEBUG org.eclipse.jetty.server.HttpChannelState - onEof HttpChannelState@2c3877a5{s=HANDLING rs=BLOCKING os=OPEN is=IDLE awp=false se=false i=true al=0}
13:18:53.079 [qtp1044854934-108] DEBUG org.eclipse.jetty.server.HttpOutput - write(array HeapByteBuffer@1ffad03e[p=0,l=21,c=8192,r=21]={<<<{"token":"someToken"}>>>\x00\x00\x00\x00\x00\x00\x00\x00\x00...\x00\x00\x00\x00\x00\x00\x00})
13:18:53.079 [qtp1044854934-108] DEBUG org.eclipse.jetty.server.HttpOutput - write(array) s=OPEN,api=BLOCKING,sc=false,e=null aggregated !flush HeapByteBuffer@39001123[p=0,l=21,c=32768,r=21]={<<<{"token":"someToken"}>>>\x00\x00\x00\x00\x00\x00\x00\x00\x00...\x00\x00\x00\x00\x00\x00\x00}
13:18:53.079 [qtp1044854934-108] DEBUG org.eclipse.jetty.server.handler.gzip.GzipHandler - GzipHandler@4d61717f{STARTED,min=32,inflate=-1} excluded not gzip accept Request(POST //localhost:8080/api/v0/components/login)@1c2d738d
13:18:53.079 [qtp1044854934-108] DEBUG org.eclipse.jetty.server.handler.gzip.GzipHttpOutputInterceptor - org.eclipse.jetty.server.handler.gzip.GzipHttpOutputInterceptor@46461870 exclude no deflater
13:18:53.079 [qtp1044854934-108] DEBUG org.eclipse.jetty.server.HttpChannel - sendResponse info=null content=HeapByteBuffer@39001123[p=0,l=21,c=32768,r=21]={<<<{"token":"someToken"}>>>\x00\x00\x00\x00\x00\x00\x00\x00\x00...\x00\x00\x00\x00\x00\x00\x00} complete=false committing=true callback=Blocker@4dcc9e88{null}
13:18:53.079 [qtp1044854934-108] DEBUG org.eclipse.jetty.server.HttpChannel - COMMIT for /api/v0/components/login on HttpChannelOverHttp@1ded1c8{s=HttpChannelState@2c3877a5{s=HANDLING rs=BLOCKING os=COMMITTED is=READY awp=false se=false i=true al=0},r=1,c=false/false,a=HANDLING,uri=//localhost:8080/api/v0/components/login,age=6}
200 null HTTP/1.1
Content-Type: application/json
Matched-Stub-Id: 0a8b0d32-ca44-4aca-bfdf-6bdc622197a5
Vary: Accept-Encoding, User-Agent


13:18:53.079 [qtp1044854934-108] DEBUG org.eclipse.jetty.server.HttpConnection - generate: NEED_HEADER for org.eclipse.jetty.server.HttpConnection$SendCallback@4fedc2f[PROCESSING][i=HTTP/1.1{s=200,h=3,cl=-1},cb=org.eclipse.jetty.server.HttpChannel$SendCallback@3d4e4c9a] (null,[p=0,l=21,c=32768,r=21],false)@START
13:18:53.079 [qtp1044854934-108] DEBUG org.eclipse.jetty.http.HttpGenerator - generateHeaders HTTP/1.1{s=200,h=3,cl=-1} last=false content=HeapByteBuffer@39001123[p=0,l=21,c=32768,r=21]={<<<{"token":"someToken"}>>>\x00\x00\x00\x00\x00\x00\x00\x00\x00...\x00\x00\x00\x00\x00\x00\x00}
13:18:53.079 [qtp1044854934-108] DEBUG org.eclipse.jetty.http.HttpGenerator - Content-Type: application/json
Matched-Stub-Id: 0a8b0d32-ca44-4aca-bfdf-6bdc622197a5
Vary: Accept-Encoding, User-Agent


13:18:53.080 [qtp1044854934-108] DEBUG org.eclipse.jetty.http.HttpGenerator - CHUNKED_CONTENT
13:18:53.080 [qtp1044854934-108] DEBUG org.eclipse.jetty.server.HttpConnection - generate: FLUSH for org.eclipse.jetty.server.HttpConnection$SendCallback@4fedc2f[PROCESSING][i=HTTP/1.1{s=200,h=3,cl=-1},cb=org.eclipse.jetty.server.HttpChannel$SendCallback@3d4e4c9a] ([p=0,l=206,c=8192,r=206],[p=0,l=21,c=32768,r=21],false)@COMMITTED
13:18:53.080 [qtp1044854934-108] DEBUG org.eclipse.jetty.io.WriteFlusher - write: WriteFlusher@4bbd46db{IDLE}->null [HeapByteBuffer@756f77d8[p=0,l=206,c=8192,r=206]={<<<HTTP/1.1 200 OK\r\nContent-...4.28.v20200408)\r\n\r\n15\r\n>>>logClient...\x00\x00\x00\x00\x00\x00\x00},HeapByteBuffer@39001123[p=0,l=21,c=32768,r=21]={<<<{"token":"someToken"}>>>\x00\x00\x00\x00\x00\x00\x00\x00\x00...\x00\x00\x00\x00\x00\x00\x00}]
13:18:53.080 [qtp1044854934-108] DEBUG org.eclipse.jetty.io.WriteFlusher - update WriteFlusher@4bbd46db{WRITING}->null:IDLE-->WRITING
13:18:53.080 [qtp1044854934-108] DEBUG org.eclipse.jetty.io.ChannelEndPoint - flushed 206 NetworkTrafficSocketChannelEndPoint@ce8bd4f{/127.0.0.1:65031<->/127.0.0.1:8080,OPEN,fill=-,flush=W,to=7/30000}{io=1/0,kio=1,kro=1}->HttpConnection@1046840e[p=HttpParser{s=END,51 of 51},g=HttpGenerator@598d518c{s=COMMITTED}]=>HttpChannelOverHttp@1ded1c8{s=HttpChannelState@2c3877a5{s=HANDLING rs=BLOCKING os=COMMITTED is=READY awp=false se=false i=true al=0},r=1,c=false/false,a=HANDLING,uri=//localhost:8080/api/v0/components/login,age=7}
13:18:53.080 [qtp1044854934-108] DEBUG org.eclipse.jetty.io.ChannelEndPoint - flushed 21 NetworkTrafficSocketChannelEndPoint@ce8bd4f{/127.0.0.1:65031<->/127.0.0.1:8080,OPEN,fill=-,flush=W,to=0/30000}{io=1/0,kio=1,kro=1}->HttpConnection@1046840e[p=HttpParser{s=END,51 of 51},g=HttpGenerator@598d518c{s=COMMITTED}]=>HttpChannelOverHttp@1ded1c8{s=HttpChannelState@2c3877a5{s=HANDLING rs=BLOCKING os=COMMITTED is=READY awp=false se=false i=true al=0},r=1,c=false/false,a=HANDLING,uri=//localhost:8080/api/v0/components/login,age=7}
13:18:53.080 [qtp1044854934-108] DEBUG org.eclipse.jetty.io.WriteFlusher - Flushed=true written=227 remaining=0 WriteFlusher@4bbd46db{WRITING}->null
13:18:53.080 [qtp1044854934-108] DEBUG org.eclipse.jetty.io.WriteFlusher - update WriteFlusher@4bbd46db{IDLE}->null:WRITING-->IDLE
13:18:53.081 [qtp1044854934-108] DEBUG org.eclipse.jetty.server.HttpConnection - generate: DONE for org.eclipse.jetty.server.HttpConnection$SendCallback@4fedc2f[PROCESSING][i=HTTP/1.1{s=200,h=3,cl=-1},cb=org.eclipse.jetty.server.HttpChannel$SendCallback@3d4e4c9a] ([p=206,l=206,c=8192,r=0],[p=21,l=21,c=32768,r=0],false)@COMMITTED
13:18:53.081 [qtp1044854934-108] DEBUG org.eclipse.jetty.server.HttpOutput - onWriteComplete(false,null) s=OPEN,api=BLOCKED,sc=false,e=null->s=OPEN,api=BLOCKING,sc=false,e=null c=null cb=null w=false
13:18:53.081 [qtp1044854934-108] DEBUG org.eclipse.jetty.server.HttpOutput - close() s=CLOSING,api=BLOCKED,sc=false,e=null c=HeapByteBuffer@137d328[p=0,l=0,c=0,r=0]={<<<>>>} b=Blocker@4dcc9e88{null}
13:18:53.081 [qtp1044854934-108] DEBUG org.eclipse.jetty.server.HttpChannel - sendResponse info=null content=HeapByteBuffer@137d328[p=0,l=0,c=0,r=0]={<<<>>>} complete=true committing=false callback=Blocker@4dcc9e88{null}
13:18:53.081 [qtp1044854934-108] DEBUG org.eclipse.jetty.server.HttpConnection - generate: CONTINUE for org.eclipse.jetty.server.HttpConnection$SendCallback@4fedc2f[PROCESSING][i=null,cb=org.eclipse.jetty.server.HttpChannel$SendCallback@622cb9fa] (null,[p=0,l=0,c=0,r=0],true)@COMPLETING
13:18:53.081 [qtp1044854934-108] DEBUG org.eclipse.jetty.server.HttpConnection - generate: NEED_CHUNK for org.eclipse.jetty.server.HttpConnection$SendCallback@4fedc2f[PROCESSING][i=null,cb=org.eclipse.jetty.server.HttpChannel$SendCallback@622cb9fa] (null,[p=0,l=0,c=0,r=0],true)@COMPLETING
13:18:53.081 [qtp1044854934-108] DEBUG org.eclipse.jetty.server.HttpConnection - generate: FLUSH for org.eclipse.jetty.server.HttpConnection$SendCallback@4fedc2f[PROCESSING][i=null,cb=org.eclipse.jetty.server.HttpChannel$SendCallback@622cb9fa] (null,[p=0,l=0,c=0,r=0],true)@COMPLETING
13:18:53.081 [qtp1044854934-108] DEBUG org.eclipse.jetty.io.WriteFlusher - write: WriteFlusher@4bbd46db{IDLE}->null [HeapByteBuffer@4009a65c[p=0,l=7,c=1024,r=7]={<<<\r\n0\r\n\r\n>>>\x00\x00\x00\x00\x00\x00\x00\x00\x00...\x00\x00\x00\x00\x00\x00\x00}]
13:18:53.081 [qtp1044854934-108] DEBUG org.eclipse.jetty.io.WriteFlusher - update WriteFlusher@4bbd46db{WRITING}->null:IDLE-->WRITING
13:18:53.081 [qtp1044854934-108] DEBUG org.eclipse.jetty.io.ChannelEndPoint - flushed 7 NetworkTrafficSocketChannelEndPoint@ce8bd4f{/127.0.0.1:65031<->/127.0.0.1:8080,OPEN,fill=-,flush=W,to=0/30000}{io=1/0,kio=1,kro=1}->HttpConnection@1046840e[p=HttpParser{s=END,51 of 51},g=HttpGenerator@598d518c{s=COMPLETING}]=>HttpChannelOverHttp@1ded1c8{s=HttpChannelState@2c3877a5{s=HANDLING rs=BLOCKING os=COMMITTED is=READY awp=false se=false i=true al=0},r=1,c=false/false,a=HANDLING,uri=//localhost:8080/api/v0/components/login,age=8}
13:18:53.081 [qtp1044854934-108] DEBUG org.eclipse.jetty.io.WriteFlusher - Flushed=true written=7 remaining=0 WriteFlusher@4bbd46db{WRITING}->null
13:18:53.081 [qtp1044854934-108] DEBUG org.eclipse.jetty.io.WriteFlusher - update WriteFlusher@4bbd46db{IDLE}->null:WRITING-->IDLE
13:18:53.081 [qtp1044854934-108] DEBUG org.eclipse.jetty.server.HttpConnection - generate: DONE for org.eclipse.jetty.server.HttpConnection$SendCallback@4fedc2f[PROCESSING][i=null,cb=org.eclipse.jetty.server.HttpChannel$SendCallback@622cb9fa] (null,[p=0,l=0,c=0,r=0],true)@END
13:18:53.081 [qtp1044854934-108] DEBUG org.eclipse.jetty.server.HttpOutput - onWriteComplete(true,null) s=CLOSING,api=BLOCKED,sc=false,e=null->s=CLOSED,api=BLOCKING,sc=false,e=null c=null cb=null w=false
13:18:53.081 [reactor-http-nio-3] DEBUG reactor.netty.http.client.HttpClientOperations - [id: 0x1582dd5e, L:/127.0.0.1:65031 - R:localhost/127.0.0.1:8080] Received response (auto-read:false) : [Content-Type=application/json, Matched-Stub-Id=0a8b0d32-ca44-4aca-bfdf-6bdc622197a5, Vary=Accept-Encoding, User-Agent, Transfer-Encoding=chunked, Server=Jetty(9.4.28.v20200408)]
13:18:53.081 [reactor-http-nio-3] DEBUG reactor.netty.resources.PooledConnectionProvider - [id: 0x1582dd5e, L:/127.0.0.1:65031 - R:localhost/127.0.0.1:8080] onStateChange(POST{uri=/api/v0/components/login, connection=PooledConnection{channel=[id: 0x1582dd5e, L:/127.0.0.1:65031 - R:localhost/127.0.0.1:8080]}}, [response_received])
13:18:53.081 [qtp1044854934-108] DEBUG org.eclipse.jetty.server.Server - handled=true async=false committed=true on HttpChannelOverHttp@1ded1c8{s=HttpChannelState@2c3877a5{s=HANDLING rs=BLOCKING os=COMPLETED is=READY awp=false se=false i=true al=0},r=1,c=false/true,a=HANDLING,uri=//localhost:8080/api/v0/components/login,age=8}
13:18:53.081 [qtp1044854934-108] DEBUG org.eclipse.jetty.server.HttpChannelState - unhandle HttpChannelState@2c3877a5{s=HANDLING rs=BLOCKING os=COMPLETED is=READY awp=false se=false i=true al=0}
13:18:53.081 [qtp1044854934-108] DEBUG org.eclipse.jetty.server.HttpChannelState - nextAction(false) COMPLETE HttpChannelState@2c3877a5{s=HANDLING rs=COMPLETING os=COMPLETED is=READY awp=false se=false i=false al=0}
13:18:53.081 [qtp1044854934-108] DEBUG org.eclipse.jetty.server.HttpChannel - action COMPLETE HttpChannelOverHttp@1ded1c8{s=HttpChannelState@2c3877a5{s=HANDLING rs=COMPLETING os=COMPLETED is=READY awp=false se=false i=false al=0},r=1,c=false/true,a=HANDLING,uri=//localhost:8080/api/v0/components/login,age=8}
13:18:53.082 [qtp1044854934-108] DEBUG org.eclipse.jetty.server.HttpOutput - complete(org.eclipse.jetty.util.Callback$4@10410e34) s=CLOSED,api=BLOCKING,sc=false,e=null s=true e=null, c=null
13:18:53.082 [reactor-http-nio-3] DEBUG org.springframework.web.reactive.function.client.ExchangeFunctions - [548ec03c] Response 200 OK
13:18:53.082 [qtp1044854934-108] DEBUG org.eclipse.jetty.server.HttpChannelState - completed HttpChannelState@2c3877a5{s=HANDLING rs=COMPLETING os=COMPLETED is=READY awp=false se=false i=false al=0}
13:18:53.082 [qtp1044854934-108] DEBUG org.eclipse.jetty.server.HttpChannelState - unhandle HttpChannelState@2c3877a5{s=HANDLING rs=COMPLETED os=COMPLETED is=READY awp=false se=false i=false al=0}
13:18:53.082 [qtp1044854934-108] DEBUG org.eclipse.jetty.server.HttpChannelState - nextAction(false) TERMINATED HttpChannelState@2c3877a5{s=IDLE rs=COMPLETED os=COMPLETED is=READY awp=false se=false i=false al=0}
13:18:53.082 [qtp1044854934-108] DEBUG org.eclipse.jetty.server.HttpChannel - action TERMINATED HttpChannelOverHttp@1ded1c8{s=HttpChannelState@2c3877a5{s=IDLE rs=COMPLETED os=COMPLETED is=READY awp=false se=false i=false al=0},r=1,c=true/true,a=IDLE,uri=//localhost:8080/api/v0/components/login,age=9}
13:18:53.082 [qtp1044854934-108] DEBUG org.eclipse.jetty.server.HttpChannel - onCompleted for /api/v0/components/login written=21
13:18:53.082 [qtp1044854934-108] DEBUG org.eclipse.jetty.server.HttpChannelState - recycle HttpChannelState@2c3877a5{s=IDLE rs=COMPLETED os=COMPLETED is=READY awp=false se=false i=false al=0}
13:18:53.082 [qtp1044854934-108] DEBUG org.eclipse.jetty.http.HttpParser - reset HttpParser{s=END,51 of 51}
13:18:53.082 [qtp1044854934-108] DEBUG org.eclipse.jetty.http.HttpParser - END --> START
13:18:53.082 [qtp1044854934-108] DEBUG org.eclipse.jetty.server.HttpChannel - !handle TERMINATED HttpChannelOverHttp@1ded1c8{s=HttpChannelState@2c3877a5{s=IDLE rs=BLOCKING os=OPEN is=IDLE awp=false se=false i=true al=0},r=1,c=false/false,a=IDLE,uri=null,age=0}
13:18:53.082 [qtp1044854934-108] DEBUG org.eclipse.jetty.io.ChannelEndPoint - filled 0 HeapByteBuffer@756f77d8[p=0,l=0,c=8192,r=0]={<<<>>>HTTP/1.1 ...\x00\x00\x00\x00\x00\x00\x00}
13:18:53.082 [qtp1044854934-108] DEBUG org.eclipse.jetty.io.ChannelEndPoint - filled 0 HeapByteBuffer@756f77d8[p=0,l=0,c=8192,r=0]={<<<>>>HTTP/1.1 ...\x00\x00\x00\x00\x00\x00\x00}
13:18:53.082 [qtp1044854934-108] DEBUG org.eclipse.jetty.server.HttpConnection - HttpConnection@1046840e::NetworkTrafficSocketChannelEndPoint@ce8bd4f{/127.0.0.1:65031<->/127.0.0.1:8080,OPEN,fill=-,flush=-,to=0/30000}{io=1/0,kio=1,kro=1}->HttpConnection@1046840e[p=HttpParser{s=START,0 of -1},g=HttpGenerator@598d518c{s=START}]=>HttpChannelOverHttp@1ded1c8{s=HttpChannelState@2c3877a5{s=IDLE rs=BLOCKING os=OPEN is=IDLE awp=false se=false i=true al=0},r=1,c=false/false,a=IDLE,uri=null,age=0} filled 0 HeapByteBuffer@756f77d8[p=0,l=0,c=8192,r=0]={<<<>>>HTTP/1.1 ...\x00\x00\x00\x00\x00\x00\x00}
13:18:53.082 [qtp1044854934-108] DEBUG org.eclipse.jetty.server.HttpConnection - HttpConnection@1046840e::NetworkTrafficSocketChannelEndPoint@ce8bd4f{/127.0.0.1:65031<->/127.0.0.1:8080,OPEN,fill=-,flush=-,to=0/30000}{io=1/0,kio=1,kro=1}->HttpConnection@1046840e[p=HttpParser{s=START,0 of -1},g=HttpGenerator@598d518c{s=START}]=>HttpChannelOverHttp@1ded1c8{s=HttpChannelState@2c3877a5{s=IDLE rs=BLOCKING os=OPEN is=IDLE awp=false se=false i=true al=0},r=1,c=false/false,a=IDLE,uri=null,age=0} parse HeapByteBuffer@756f77d8[p=0,l=0,c=8192,r=0]={<<<>>>HTTP/1.1 ...\x00\x00\x00\x00\x00\x00\x00} {}
13:18:53.082 [qtp1044854934-108] DEBUG org.eclipse.jetty.http.HttpParser - parseNext s=START HeapByteBuffer@756f77d8[p=0,l=0,c=8192,r=0]={<<<>>>HTTP/1.1 ...\x00\x00\x00\x00\x00\x00\x00}
13:18:53.082 [reactor-http-nio-3] DEBUG reactor.netty.channel.FluxReceive - [id: 0x1582dd5e, L:/127.0.0.1:65031 - R:localhost/127.0.0.1:8080] Subscribing inbound receiver [pending: 0, cancelled:false, inboundDone: false]
13:18:53.082 [qtp1044854934-108] DEBUG org.eclipse.jetty.server.HttpConnection - HttpConnection@1046840e::NetworkTrafficSocketChannelEndPoint@ce8bd4f{/127.0.0.1:65031<->/127.0.0.1:8080,OPEN,fill=-,flush=-,to=1/30000}{io=1/0,kio=1,kro=1}->HttpConnection@1046840e[p=HttpParser{s=START,0 of -1},g=HttpGenerator@598d518c{s=START}]=>HttpChannelOverHttp@1ded1c8{s=HttpChannelState@2c3877a5{s=IDLE rs=BLOCKING os=OPEN is=IDLE awp=false se=false i=true al=0},r=1,c=false/false,a=IDLE,uri=null,age=0} parsed false HttpParser{s=START,0 of -1}
13:18:53.082 [qtp1044854934-108] DEBUG org.eclipse.jetty.server.HttpConnection - releaseRequestBuffer HttpConnection@1046840e::NetworkTrafficSocketChannelEndPoint@ce8bd4f{/127.0.0.1:65031<->/127.0.0.1:8080,OPEN,fill=-,flush=-,to=1/30000}{io=1/0,kio=1,kro=1}->HttpConnection@1046840e[p=HttpParser{s=START,0 of -1},g=HttpGenerator@598d518c{s=START}]=>HttpChannelOverHttp@1ded1c8{s=HttpChannelState@2c3877a5{s=IDLE rs=BLOCKING os=OPEN is=IDLE awp=false se=false i=true al=0},r=1,c=false/false,a=IDLE,uri=null,age=0}
13:18:53.083 [qtp1044854934-108] DEBUG org.eclipse.jetty.io.AbstractConnection - fillInterested HttpConnection@1046840e::NetworkTrafficSocketChannelEndPoint@ce8bd4f{/127.0.0.1:65031<->/127.0.0.1:8080,OPEN,fill=-,flush=-,to=1/30000}{io=1/0,kio=1,kro=1}->HttpConnection@1046840e[p=HttpParser{s=START,0 of -1},g=HttpGenerator@598d518c{s=START}]=>HttpChannelOverHttp@1ded1c8{s=HttpChannelState@2c3877a5{s=IDLE rs=BLOCKING os=OPEN is=IDLE awp=false se=false i=true al=0},r=1,c=false/false,a=IDLE,uri=null,age=0}
13:18:53.083 [qtp1044854934-108] DEBUG org.eclipse.jetty.io.FillInterest - interested FillInterest@2eaa9be4{AC.ReadCB@1046840e{HttpConnection@1046840e::NetworkTrafficSocketChannelEndPoint@ce8bd4f{/127.0.0.1:65031<->/127.0.0.1:8080,OPEN,fill=FI,flush=-,to=0/30000}{io=1/0,kio=1,kro=1}->HttpConnection@1046840e[p=HttpParser{s=START,0 of -1},g=HttpGenerator@598d518c{s=START}]=>HttpChannelOverHttp@1ded1c8{s=HttpChannelState@2c3877a5{s=IDLE rs=BLOCKING os=OPEN is=IDLE awp=false se=false i=true al=0},r=1,c=false/false,a=IDLE,uri=null,age=0}}}
13:18:53.083 [qtp1044854934-108] DEBUG org.eclipse.jetty.io.ChannelEndPoint - changeInterests p=true 0->1 for NetworkTrafficSocketChannelEndPoint@ce8bd4f{/127.0.0.1:65031<->/127.0.0.1:8080,OPEN,fill=FI,flush=-,to=0/30000}{io=1/1,kio=1,kro=1}->HttpConnection@1046840e[p=HttpParser{s=START,0 of -1},g=HttpGenerator@598d518c{s=START}]=>HttpChannelOverHttp@1ded1c8{s=HttpChannelState@2c3877a5{s=IDLE rs=BLOCKING os=OPEN is=IDLE awp=false se=false i=true al=0},r=1,c=false/false,a=IDLE,uri=null,age=0}
13:18:53.083 [qtp1044854934-108] DEBUG org.eclipse.jetty.server.HttpConnection - HttpConnection@1046840e::NetworkTrafficSocketChannelEndPoint@ce8bd4f{/127.0.0.1:65031<->/127.0.0.1:8080,OPEN,fill=FI,flush=-,to=0/30000}{io=1/1,kio=1,kro=1}->HttpConnection@1046840e[p=HttpParser{s=START,0 of -1},g=HttpGenerator@598d518c{s=START}]=>HttpChannelOverHttp@1ded1c8{s=HttpChannelState@2c3877a5{s=IDLE rs=BLOCKING os=OPEN is=IDLE awp=false se=false i=true al=0},r=1,c=false/false,a=IDLE,uri=null,age=0} onFillable exit HttpChannelState@2c3877a5{s=IDLE rs=BLOCKING os=OPEN is=IDLE awp=false se=false i=true al=0} null
13:18:53.083 [qtp1044854934-108] DEBUG org.eclipse.jetty.io.ManagedSelector - updateable 0
13:18:53.083 [qtp1044854934-108] DEBUG org.eclipse.jetty.io.ManagedSelector - updates 0
13:18:53.083 [qtp1044854934-108] DEBUG org.eclipse.jetty.io.ChannelEndPoint - Key interests updated 1 -> 1 on NetworkTrafficSocketChannelEndPoint@ce8bd4f{/127.0.0.1:65031<->/127.0.0.1:8080,OPEN,fill=FI,flush=-,to=0/30000}{io=1/1,kio=1,kro=1}->HttpConnection@1046840e[p=HttpParser{s=START,0 of -1},g=HttpGenerator@598d518c{s=START}]=>HttpChannelOverHttp@1ded1c8{s=HttpChannelState@2c3877a5{s=IDLE rs=BLOCKING os=OPEN is=IDLE awp=false se=false i=true al=0},r=1,c=false/false,a=IDLE,uri=null,age=0}
13:18:53.083 [qtp1044854934-108] DEBUG org.eclipse.jetty.io.ManagedSelector - Selector sun.nio.ch.WindowsSelectorImpl@7436f8a6 waiting with 2 keys
13:18:53.083 [reactor-http-nio-3] DEBUG reactor.netty.http.client.HttpClientOperations - [id: 0x1582dd5e, L:/127.0.0.1:65031 - R:localhost/127.0.0.1:8080] Received last HTTP packet
13:18:53.083 [reactor-http-nio-3] DEBUG org.springframework.core.codec.StringDecoder - [548ec03c] Decoded "{"token":"someToken"}"
13:18:53.085 [reactor-http-nio-3] INFO com.bi.edp.configuration_stack.adapter.client.forwarder.ForwarderClient - Forwarder client logged successfully
13:18:53.085 [reactor-http-nio-3] DEBUG reactor.netty.resources.PooledConnectionProvider - [id: 0x1582dd5e, L:/127.0.0.1:65031 - R:localhost/127.0.0.1:8080] onStateChange(POST{uri=/api/v0/components/login, connection=PooledConnection{channel=[id: 0x1582dd5e, L:/127.0.0.1:65031 - R:localhost/127.0.0.1:8080]}}, [response_completed])
13:18:53.085 [reactor-http-nio-3] DEBUG reactor.netty.ReactorNetty - [id: 0x1582dd5e, L:/127.0.0.1:65031 - R:localhost/127.0.0.1:8080] Removed handler: ReadTimeoutHandler, pipeline: DefaultChannelPipeline{(reactor.left.httpCodec = io.netty.handler.codec.http.HttpClientCodec), (WriteTimeoutHandler = io.netty.handler.timeout.WriteTimeoutHandler), (reactor.right.reactiveBridge = reactor.netty.channel.ChannelOperationsHandler)}
13:18:53.085 [reactor-http-nio-3] DEBUG reactor.netty.ReactorNetty - [id: 0x1582dd5e, L:/127.0.0.1:65031 - R:localhost/127.0.0.1:8080] Removed handler: WriteTimeoutHandler, pipeline: DefaultChannelPipeline{(reactor.left.httpCodec = io.netty.handler.codec.http.HttpClientCodec), (reactor.right.reactiveBridge = reactor.netty.channel.ChannelOperationsHandler)}
13:18:53.085 [reactor-http-nio-3] DEBUG reactor.netty.resources.PooledConnectionProvider - [id: 0x1582dd5e, L:/127.0.0.1:65031 - R:localhost/127.0.0.1:8080] onStateChange(POST{uri=/api/v0/components/login, connection=PooledConnection{channel=[id: 0x1582dd5e, L:/127.0.0.1:65031 - R:localhost/127.0.0.1:8080]}}, [disconnecting])
13:18:53.085 [reactor-http-nio-3] DEBUG reactor.netty.resources.PooledConnectionProvider - [id: 0x1582dd5e, L:/127.0.0.1:65031 - R:localhost/127.0.0.1:8080] Releasing channel
13:18:53.085 [qtp1044854934-106] DEBUG org.eclipse.jetty.util.thread.ReservedThreadExecutor - ReservedThreadExecutor@6a4b1be1{s=0/1,p=1}@151c7704 task=EatWhatYouKill@338225cc/SelectorProducer@18085b76/PRODUCING/p=true/QueuedThreadPool[qtp1044854934]@3e473896{STARTED,8<=8<=14,i=1,r=1,q=0}[ReservedThreadExecutor@6a4b1be1{s=0/1,p=1}][pc=0,pic=0,pec=1,epc=3]@2020-09-25T13:18:53.0853008+02:00
13:18:53.085 [reactor-http-nio-3] DEBUG reactor.netty.resources.PooledConnectionProvider - [id: 0x1582dd5e, L:/127.0.0.1:65031 - R:localhost/127.0.0.1:8080] Channel cleaned, now 0 active connections and 2 inactive connections
13:18:53.085 [qtp1044854934-102] DEBUG org.eclipse.jetty.util.thread.QueuedThreadPool - run ReservedThreadExecutor@6a4b1be1{s=0/1,p=1}@1812e457 in QueuedThreadPool[qtp1044854934]@3e473896{STARTED,8<=8<=14,i=1,r=1,q=0}[ReservedThreadExecutor@6a4b1be1{s=0/1,p=1}]
13:18:53.085 [qtp1044854934-102] DEBUG org.eclipse.jetty.util.thread.ReservedThreadExecutor - ReservedThreadExecutor@6a4b1be1{s=1/1,p=1}@1812e457 started
13:18:53.085 [qtp1044854934-102] DEBUG org.eclipse.jetty.util.thread.ReservedThreadExecutor - ReservedThreadExecutor@6a4b1be1{s=1/1,p=0}@1812e457 waiting
13:18:53.086 [qtp1044854934-106] DEBUG org.eclipse.jetty.util.thread.strategy.EatWhatYouKill - EatWhatYouKill@338225cc/SelectorProducer@18085b76/PRODUCING/p=true/QueuedThreadPool[qtp1044854934]@3e473896{STARTED,8<=8<=14,i=1,r=1,q=0}[ReservedThreadExecutor@6a4b1be1{s=1/1,p=0}][pc=0,pic=0,pec=1,epc=3]@2020-09-25T13:18:53.0853008+02:00 tryProduce true
13:18:53.086 [qtp1044854934-106] DEBUG org.eclipse.jetty.util.thread.ReservedThreadExecutor - ReservedThreadExecutor@6a4b1be1{s=1/1,p=0}@151c7704 size 1 > capacity
13:18:53.086 [qtp1044854934-106] DEBUG org.eclipse.jetty.util.thread.QueuedThreadPool - ran ReservedThreadExecutor@6a4b1be1{s=1/1,p=0}@151c7704 in QueuedThreadPool[qtp1044854934]@3e473896{STARTED,8<=8<=14,i=1,r=1,q=0}[ReservedThreadExecutor@6a4b1be1{s=1/1,p=0}]
13:18:54.073 [parallel-4] DEBUG org.springframework.web.reactive.function.client.ExchangeFunctions - [61fb7cb4] HTTP POST http://localhost:8080/api/v0/components/provision-adapters/jobs
13:18:54.075 [reactor-http-nio-3] DEBUG reactor.netty.resources.PooledConnectionProvider - [id: 0x808d49cd, L:/127.0.0.1:65030 - R:localhost/127.0.0.1:8080] Channel acquired, now 1 active connections and 1 inactive connections
13:18:54.076 [reactor-http-nio-3] DEBUG reactor.netty.ReactorNetty - [id: 0x808d49cd, L:/127.0.0.1:65030 - R:localhost/127.0.0.1:8080] Added decoder [ReadTimeoutHandler] at the end of the user pipeline, full pipeline: [reactor.left.httpCodec, ReadTimeoutHandler, reactor.right.reactiveBridge, DefaultChannelPipeline$TailContext#0]
13:18:54.076 [reactor-http-nio-3] DEBUG reactor.netty.ReactorNetty - [id: 0x808d49cd, L:/127.0.0.1:65030 - R:localhost/127.0.0.1:8080] Added decoder [WriteTimeoutHandler] at the end of the user pipeline, full pipeline: [reactor.left.httpCodec, ReadTimeoutHandler, WriteTimeoutHandler, reactor.right.reactiveBridge, DefaultChannelPipeline$TailContext#0]
13:18:54.076 [reactor-http-nio-3] DEBUG reactor.netty.http.client.HttpClientConnect - [id: 0x808d49cd, L:/127.0.0.1:65030 - R:localhost/127.0.0.1:8080] Handler is being applied: {uri=http://localhost:8080/api/v0/components/provision-adapters/jobs, method=POST}
13:18:54.076 [reactor-http-nio-3] DEBUG reactor.netty.resources.PooledConnectionProvider - [id: 0x808d49cd, L:/127.0.0.1:65030 - R:localhost/127.0.0.1:8080] onStateChange(POST{uri=/api/v0/components/provision-adapters/jobs, connection=PooledConnection{channel=[id: 0x808d49cd, L:/127.0.0.1:65030 - R:localhost/127.0.0.1:8080]}}, [request_prepared])
13:18:54.077 [reactor-http-nio-3] DEBUG org.springframework.http.codec.json.Jackson2JsonEncoder - [61fb7cb4] Encoding [ComponentInstanceRequest(id=2ec10139-2dfd-465c-8b35-b176fd9db069, productId=08e3492b-1227-4699-8aae- (truncated)...]
13:18:54.079 [qtp1044854934-101] DEBUG org.eclipse.jetty.io.ManagedSelector - Selector sun.nio.ch.WindowsSelectorImpl@1fe41c74 woken up from select, 1/1/1 selected
13:18:54.079 [qtp1044854934-101] DEBUG org.eclipse.jetty.io.ManagedSelector - Selector sun.nio.ch.WindowsSelectorImpl@1fe41c74 processing 1 keys, 0 updates
13:18:54.079 [qtp1044854934-101] DEBUG org.eclipse.jetty.io.ManagedSelector - selected 1 channel=java.nio.channels.SocketChannel[connected local=/127.0.0.1:8080 remote=/127.0.0.1:65030], selector=sun.nio.ch.WindowsSelectorImpl@1fe41c74, interestOps=1, readyOps=1 NetworkTrafficSocketChannelEndPoint@6c855eb7{/127.0.0.1:65030<->/127.0.0.1:8080,OPEN,fill=FI,flush=-,to=1098/30000}{io=1/1,kio=1,kro=1}->HttpConnection@2d02abad[p=HttpParser{s=START,0 of -1},g=HttpGenerator@6b34285c{s=START}]=>HttpChannelOverHttp@6fd25902{s=HttpChannelState@5eddc8b4{s=IDLE rs=BLOCKING os=OPEN is=IDLE awp=false se=false i=true al=0},r=1,c=false/false,a=IDLE,uri=null,age=0} 
13:18:54.079 [reactor-http-nio-3] DEBUG reactor.netty.resources.PooledConnectionProvider - [id: 0x808d49cd, L:/127.0.0.1:65030 - R:localhost/127.0.0.1:8080] onStateChange(POST{uri=/api/v0/components/provision-adapters/jobs, connection=PooledConnection{channel=[id: 0x808d49cd, L:/127.0.0.1:65030 - R:localhost/127.0.0.1:8080]}}, [request_sent])
13:18:54.079 [qtp1044854934-101] DEBUG org.eclipse.jetty.io.ChannelEndPoint - onSelected 1->0 r=true w=false for NetworkTrafficSocketChannelEndPoint@6c855eb7{/127.0.0.1:65030<->/127.0.0.1:8080,OPEN,fill=FI,flush=-,to=1098/30000}{io=1/0,kio=1,kro=1}->HttpConnection@2d02abad[p=HttpParser{s=START,0 of -1},g=HttpGenerator@6b34285c{s=START}]=>HttpChannelOverHttp@6fd25902{s=HttpChannelState@5eddc8b4{s=IDLE rs=BLOCKING os=OPEN is=IDLE awp=false se=false i=true al=0},r=1,c=false/false,a=IDLE,uri=null,age=0}
13:18:54.079 [qtp1044854934-101] DEBUG org.eclipse.jetty.io.ChannelEndPoint - task CEP:NetworkTrafficSocketChannelEndPoint@6c855eb7{/127.0.0.1:65030<->/127.0.0.1:8080,OPEN,fill=FI,flush=-,to=1098/30000}{io=1/0,kio=1,kro=1}->HttpConnection@2d02abad[p=HttpParser{s=START,0 of -1},g=HttpGenerator@6b34285c{s=START}]=>HttpChannelOverHttp@6fd25902{s=HttpChannelState@5eddc8b4{s=IDLE rs=BLOCKING os=OPEN is=IDLE awp=false se=false i=true al=0},r=1,c=false/false,a=IDLE,uri=null,age=0}:runFillable:BLOCKING
13:18:54.080 [qtp1044854934-101] DEBUG org.eclipse.jetty.util.thread.ReservedThreadExecutor - ReservedThreadExecutor@6a4b1be1{s=1/1,p=0} tryExecute EatWhatYouKill@6529d103/SelectorProducer@f56de7a/REPRODUCING/p=false/QueuedThreadPool[qtp1044854934]@3e473896{STARTED,8<=8<=14,i=2,r=1,q=0}[ReservedThreadExecutor@6a4b1be1{s=1/1,p=0}][pc=0,pic=0,pec=0,epc=1]@2020-09-25T13:18:54.0803997+02:00
13:18:54.080 [qtp1044854934-101] DEBUG org.eclipse.jetty.util.thread.ReservedThreadExecutor - ReservedThreadExecutor@6a4b1be1{s=0/1,p=0}@1812e457 offer EatWhatYouKill@6529d103/SelectorProducer@f56de7a/REPRODUCING/p=false/QueuedThreadPool[qtp1044854934]@3e473896{STARTED,8<=8<=14,i=2,r=1,q=0}[ReservedThreadExecutor@6a4b1be1{s=0/1,p=0}][pc=0,pic=0,pec=0,epc=1]@2020-09-25T13:18:54.0803997+02:00
13:18:54.080 [qtp1044854934-101] DEBUG org.eclipse.jetty.util.thread.ReservedThreadExecutor - ReservedThreadExecutor@6a4b1be1{s=0/1,p=1} startReservedThread p=1
13:18:54.080 [qtp1044854934-101] DEBUG org.eclipse.jetty.util.thread.QueuedThreadPool - queue ReservedThreadExecutor@6a4b1be1{s=0/1,p=1}@3191cd1b startThread=0
13:18:54.080 [qtp1044854934-107] DEBUG org.eclipse.jetty.util.thread.QueuedThreadPool - run ReservedThreadExecutor@6a4b1be1{s=0/1,p=1}@3191cd1b in QueuedThreadPool[qtp1044854934]@3e473896{STARTED,8<=8<=14,i=1,r=1,q=0}[ReservedThreadExecutor@6a4b1be1{s=0/1,p=1}]
13:18:54.080 [qtp1044854934-102] DEBUG org.eclipse.jetty.util.thread.ReservedThreadExecutor - ReservedThreadExecutor@6a4b1be1{s=0/1,p=1}@1812e457 task=EatWhatYouKill@6529d103/SelectorProducer@f56de7a/IDLE/p=true/QueuedThreadPool[qtp1044854934]@3e473896{STARTED,8<=8<=14,i=1,r=1,q=0}[ReservedThreadExecutor@6a4b1be1{s=0/1,p=1}][pc=0,pic=0,pec=0,epc=1]@2020-09-25T13:18:54.0803997+02:00
13:18:54.080 [qtp1044854934-101] DEBUG org.eclipse.jetty.util.thread.strategy.EatWhatYouKill - EatWhatYouKill@6529d103/SelectorProducer@f56de7a/IDLE/p=true/QueuedThreadPool[qtp1044854934]@3e473896{STARTED,8<=8<=14,i=1,r=1,q=0}[ReservedThreadExecutor@6a4b1be1{s=0/1,p=1}][pc=0,pic=0,pec=0,epc=1]@2020-09-25T13:18:54.0803997+02:00 m=EXECUTE_PRODUCE_CONSUME t=CEP:NetworkTrafficSocketChannelEndPoint@6c855eb7{/127.0.0.1:65030<->/127.0.0.1:8080,OPEN,fill=FI,flush=-,to=1099/30000}{io=1/0,kio=1,kro=1}->HttpConnection@2d02abad[p=HttpParser{s=START,0 of -1},g=HttpGenerator@6b34285c{s=START}]=>HttpChannelOverHttp@6fd25902{s=HttpChannelState@5eddc8b4{s=IDLE rs=BLOCKING os=OPEN is=IDLE awp=false se=false i=true al=0},r=1,c=false/false,a=IDLE,uri=null,age=0}:runFillable:BLOCKING/BLOCKING
13:18:54.080 [qtp1044854934-102] DEBUG org.eclipse.jetty.util.thread.strategy.EatWhatYouKill - EatWhatYouKill@6529d103/SelectorProducer@f56de7a/IDLE/p=true/QueuedThreadPool[qtp1044854934]@3e473896{STARTED,8<=8<=14,i=1,r=1,q=0}[ReservedThreadExecutor@6a4b1be1{s=1/1,p=1}][pc=0,pic=0,pec=0,epc=1]@2020-09-25T13:18:54.0803997+02:00 tryProduce true
13:18:54.080 [qtp1044854934-107] DEBUG org.eclipse.jetty.util.thread.ReservedThreadExecutor - ReservedThreadExecutor@6a4b1be1{s=1/1,p=1}@3191cd1b started
13:18:54.080 [qtp1044854934-102] DEBUG org.eclipse.jetty.io.ManagedSelector - updateable 0
13:18:54.080 [qtp1044854934-101] DEBUG org.eclipse.jetty.io.FillInterest - fillable FillInterest@16536671{AC.ReadCB@2d02abad{HttpConnection@2d02abad::NetworkTrafficSocketChannelEndPoint@6c855eb7{/127.0.0.1:65030<->/127.0.0.1:8080,OPEN,fill=FI,flush=-,to=1099/30000}{io=1/0,kio=1,kro=1}->HttpConnection@2d02abad[p=HttpParser{s=START,0 of -1},g=HttpGenerator@6b34285c{s=START}]=>HttpChannelOverHttp@6fd25902{s=HttpChannelState@5eddc8b4{s=IDLE rs=BLOCKING os=OPEN is=IDLE awp=false se=false i=true al=0},r=1,c=false/false,a=IDLE,uri=null,age=0}}}
13:18:54.080 [qtp1044854934-107] DEBUG org.eclipse.jetty.util.thread.ReservedThreadExecutor - ReservedThreadExecutor@6a4b1be1{s=1/1,p=0}@3191cd1b waiting
13:18:54.080 [qtp1044854934-102] DEBUG org.eclipse.jetty.io.ManagedSelector - updates 0
13:18:54.080 [qtp1044854934-101] DEBUG org.eclipse.jetty.server.HttpConnection - HttpConnection@2d02abad::NetworkTrafficSocketChannelEndPoint@6c855eb7{/127.0.0.1:65030<->/127.0.0.1:8080,OPEN,fill=-,flush=-,to=1099/30000}{io=1/0,kio=1,kro=1}->HttpConnection@2d02abad[p=HttpParser{s=START,0 of -1},g=HttpGenerator@6b34285c{s=START}]=>HttpChannelOverHttp@6fd25902{s=HttpChannelState@5eddc8b4{s=IDLE rs=BLOCKING os=OPEN is=IDLE awp=false se=false i=true al=0},r=1,c=false/false,a=IDLE,uri=null,age=0} onFillable enter HttpChannelState@5eddc8b4{s=IDLE rs=BLOCKING os=OPEN is=IDLE awp=false se=false i=true al=0} null
13:18:54.081 [qtp1044854934-101] DEBUG org.eclipse.jetty.io.ChannelEndPoint - filled 378 HeapByteBuffer@756f77d8[p=0,l=378,c=8192,r=378]={<<<POST /api/v0/components/p...swers":{"var1":"TEST"}}>>>orization...\x00\x00\x00\x00\x00\x00\x00}
13:18:54.081 [qtp1044854934-102] DEBUG org.eclipse.jetty.io.ChannelEndPoint - Key interests updated 1 -> 0 on NetworkTrafficSocketChannelEndPoint@6c855eb7{/127.0.0.1:65030<->/127.0.0.1:8080,OPEN,fill=-,flush=-,to=1099/30000}{io=0/0,kio=0,kro=1}->HttpConnection@2d02abad[p=HttpParser{s=START,0 of -1},g=HttpGenerator@6b34285c{s=START}]=>HttpChannelOverHttp@6fd25902{s=HttpChannelState@5eddc8b4{s=IDLE rs=BLOCKING os=OPEN is=IDLE awp=false se=false i=true al=0},r=1,c=false/false,a=IDLE,uri=null,age=0}
13:18:54.081 [qtp1044854934-102] DEBUG org.eclipse.jetty.io.ManagedSelector - Selector sun.nio.ch.WindowsSelectorImpl@1fe41c74 waiting with 1 keys
13:18:54.084 [qtp1044854934-101] DEBUG org.eclipse.jetty.server.HttpConnection - HttpConnection@2d02abad::NetworkTrafficSocketChannelEndPoint@6c855eb7{/127.0.0.1:65030<->/127.0.0.1:8080,OPEN,fill=-,flush=-,to=0/30000}{io=0/0,kio=0,kro=1}->HttpConnection@2d02abad[p=HttpParser{s=START,0 of -1},g=HttpGenerator@6b34285c{s=START}]=>HttpChannelOverHttp@6fd25902{s=HttpChannelState@5eddc8b4{s=IDLE rs=BLOCKING os=OPEN is=IDLE awp=false se=false i=true al=0},r=1,c=false/false,a=IDLE,uri=null,age=0} filled 378 HeapByteBuffer@756f77d8[p=0,l=378,c=8192,r=378]={<<<POST /api/v0/components/p...swers":{"var1":"TEST"}}>>>orization...\x00\x00\x00\x00\x00\x00\x00}
13:18:54.085 [qtp1044854934-101] DEBUG org.eclipse.jetty.server.HttpConnection - HttpConnection@2d02abad::NetworkTrafficSocketChannelEndPoint@6c855eb7{/127.0.0.1:65030<->/127.0.0.1:8080,OPEN,fill=-,flush=-,to=4/30000}{io=0/0,kio=0,kro=1}->HttpConnection@2d02abad[p=HttpParser{s=START,0 of -1},g=HttpGenerator@6b34285c{s=START}]=>HttpChannelOverHttp@6fd25902{s=HttpChannelState@5eddc8b4{s=IDLE rs=BLOCKING os=OPEN is=IDLE awp=false se=false i=true al=0},r=1,c=false/false,a=IDLE,uri=null,age=0} parse HeapByteBuffer@756f77d8[p=0,l=378,c=8192,r=378]={<<<POST /api/v0/components/p...swers":{"var1":"TEST"}}>>>orization...\x00\x00\x00\x00\x00\x00\x00} {}
13:18:54.085 [qtp1044854934-101] DEBUG org.eclipse.jetty.http.HttpParser - parseNext s=START HeapByteBuffer@756f77d8[p=0,l=378,c=8192,r=378]={<<<POST /api/v0/components/p...swers":{"var1":"TEST"}}>>>orization...\x00\x00\x00\x00\x00\x00\x00}
13:18:54.085 [qtp1044854934-101] DEBUG org.eclipse.jetty.http.HttpParser - START --> SPACE1
13:18:54.085 [qtp1044854934-101] DEBUG org.eclipse.jetty.http.HttpParser - SPACE1 --> URI
13:18:54.085 [qtp1044854934-101] DEBUG org.eclipse.jetty.http.HttpParser - URI --> SPACE2
13:18:54.085 [qtp1044854934-101] DEBUG org.eclipse.jetty.http.HttpParser - SPACE2 --> REQUEST_VERSION
13:18:54.085 [qtp1044854934-101] DEBUG org.eclipse.jetty.http.HttpParser - REQUEST_VERSION --> HEADER
13:18:54.085 [qtp1044854934-101] DEBUG org.eclipse.jetty.http.HttpParser - HEADER:User-Agent: ReactorNetty/0.9.7.RELEASE --> IN_VALUE
13:18:54.085 [qtp1044854934-101] DEBUG org.eclipse.jetty.http.HttpParser - HEADER:User-Agent: ReactorNetty/0.9.7.RELEASE --> FIELD
13:18:54.085 [qtp1044854934-101] DEBUG org.eclipse.jetty.http.HttpParser - HEADER:Host: localhost:8080 --> IN_VALUE
13:18:54.085 [qtp1044854934-101] DEBUG org.eclipse.jetty.http.HttpParser - HEADER:Host: localhost:8080 --> FIELD
13:18:54.085 [qtp1044854934-101] DEBUG org.eclipse.jetty.http.HttpParser - HEADER:Accept: */* --> IN_VALUE
13:18:54.085 [qtp1044854934-101] DEBUG org.eclipse.jetty.http.HttpParser - HEADER:Accept: */* --> FIELD
13:18:54.085 [qtp1044854934-101] DEBUG org.eclipse.jetty.http.HttpParser - HEADER:Content-Type: application/json --> IN_VALUE
13:18:54.085 [qtp1044854934-101] DEBUG org.eclipse.jetty.http.HttpParser - HEADER:Content-Type: application/json --> FIELD
13:18:54.085 [qtp1044854934-101] DEBUG org.eclipse.jetty.http.HttpParser - HEADER:Authorization --> IN_VALUE
13:18:54.085 [qtp1044854934-101] DEBUG org.eclipse.jetty.http.HttpParser - HEADER:Authorization --> FIELD
13:18:54.085 [qtp1044854934-101] DEBUG org.eclipse.jetty.http.HttpParser - HEADER:Content-Length --> VALUE
13:18:54.085 [qtp1044854934-101] DEBUG org.eclipse.jetty.http.HttpParser - HEADER:Content-Length --> IN_VALUE
13:18:54.085 [qtp1044854934-101] DEBUG org.eclipse.jetty.http.HttpParser - HEADER:Content-Length --> FIELD
13:18:54.085 [qtp1044854934-101] DEBUG org.eclipse.jetty.http.HttpParser - HEADER --> CONTENT
13:18:54.086 [qtp1044854934-101] DEBUG org.eclipse.jetty.server.HttpChannel - REQUEST for //localhost:8080/api/v0/components/provision-adapters/jobs on HttpChannelOverHttp@6fd25902{s=HttpChannelState@5eddc8b4{s=IDLE rs=BLOCKING os=OPEN is=IDLE awp=false se=false i=true al=0},r=2,c=false/false,a=IDLE,uri=//localhost:8080/api/v0/components/provision-adapters/jobs,age=0}
POST //localhost:8080/api/v0/components/provision-adapters/jobs HTTP/1.1
User-Agent: ReactorNetty/0.9.7.RELEASE
Host: localhost:8080
Accept: */*
Content-Type: application/json
Authorization: Bearer someToken
Content-Length: 157


13:18:54.086 [qtp1044854934-101] DEBUG org.eclipse.jetty.server.HttpConnection - HttpConnection@2d02abad::NetworkTrafficSocketChannelEndPoint@6c855eb7{/127.0.0.1:65030<->/127.0.0.1:8080,OPEN,fill=-,flush=-,to=5/30000}{io=0/0,kio=0,kro=1}->HttpConnection@2d02abad[p=HttpParser{s=CONTENT,0 of 157},g=HttpGenerator@6b34285c{s=START}]=>HttpChannelOverHttp@6fd25902{s=HttpChannelState@5eddc8b4{s=IDLE rs=BLOCKING os=OPEN is=IDLE awp=false se=false i=true al=0},r=2,c=false/false,a=IDLE,uri=//localhost:8080/api/v0/components/provision-adapters/jobs,age=1} parsed true HttpParser{s=CONTENT,0 of 157}
13:18:54.086 [qtp1044854934-101] DEBUG org.eclipse.jetty.server.HttpChannel - handle //localhost:8080/api/v0/components/provision-adapters/jobs HttpChannelOverHttp@6fd25902{s=HttpChannelState@5eddc8b4{s=IDLE rs=BLOCKING os=OPEN is=IDLE awp=false se=false i=true al=0},r=2,c=false/false,a=IDLE,uri=//localhost:8080/api/v0/components/provision-adapters/jobs,age=1} 
13:18:54.086 [qtp1044854934-101] DEBUG org.eclipse.jetty.server.HttpChannelState - handling HttpChannelState@5eddc8b4{s=IDLE rs=BLOCKING os=OPEN is=IDLE awp=false se=false i=true al=0}
13:18:54.086 [qtp1044854934-101] DEBUG org.eclipse.jetty.server.HttpChannel - action DISPATCH HttpChannelOverHttp@6fd25902{s=HttpChannelState@5eddc8b4{s=HANDLING rs=BLOCKING os=OPEN is=IDLE awp=false se=false i=true al=0},r=2,c=false/false,a=HANDLING,uri=//localhost:8080/api/v0/components/provision-adapters/jobs,age=1}
13:18:54.086 [qtp1044854934-101] DEBUG org.eclipse.jetty.server.Server - REQUEST POST /api/v0/components/provision-adapters/jobs on HttpChannelOverHttp@6fd25902{s=HttpChannelState@5eddc8b4{s=HANDLING rs=BLOCKING os=OPEN is=IDLE awp=false se=false i=true al=0},r=2,c=false/false,a=HANDLING,uri=//localhost:8080/api/v0/components/provision-adapters/jobs,age=1}
13:18:54.086 [qtp1044854934-101] DEBUG org.eclipse.jetty.server.handler.ContextHandler - scope null||/api/v0/components/provision-adapters/jobs @ o.e.j.s.ServletContextHandler@5adf1b12{/__admin,null,AVAILABLE}
13:18:54.086 [qtp1044854934-101] DEBUG org.eclipse.jetty.server.handler.gzip.GzipHandler - GzipHandler@4d61717f{STARTED,min=32,inflate=-1} handle Request(POST //localhost:8080/api/v0/components/provision-adapters/jobs)@501efbc3 in null
13:18:54.086 [qtp1044854934-101] DEBUG org.eclipse.jetty.server.handler.ContextHandler - scope null||/api/v0/components/provision-adapters/jobs @ o.e.j.s.ServletContextHandler@769fbc24{/,null,AVAILABLE}
13:18:54.086 [qtp1044854934-101] DEBUG org.eclipse.jetty.server.handler.ContextHandler - context=||/api/v0/components/provision-adapters/jobs @ o.e.j.s.ServletContextHandler@769fbc24{/,null,AVAILABLE}
13:18:54.086 [qtp1044854934-101] DEBUG org.eclipse.jetty.servlet.ServletHandler - servlet |/api/v0/components/provision-adapters/jobs|null -> com.github.tomakehurst.wiremock.servlet.WireMockHandlerDispatchingServlet-2f5a68a8@1c018047==com.github.tomakehurst.wiremock.servlet.WireMockHandlerDispatchingServlet,jsp=null,order=-1,inst=true,async=true
13:18:54.086 [qtp1044854934-101] DEBUG org.eclipse.jetty.servlet.ServletHandler - chain=org.eclipse.jetty.servlets.CrossOriginFilter-443420da@443420da==org.eclipse.jetty.servlets.CrossOriginFilter,inst=true,async=true->com.github.tomakehurst.wiremock.servlet.WireMockHandlerDispatchingServlet-2f5a68a8@1c018047==com.github.tomakehurst.wiremock.servlet.WireMockHandlerDispatchingServlet,jsp=null,order=-1,inst=true,async=true
13:18:54.086 [qtp1044854934-101] DEBUG org.eclipse.jetty.servlet.ServletHandler - call filter org.eclipse.jetty.servlets.CrossOriginFilter-443420da@443420da==org.eclipse.jetty.servlets.CrossOriginFilter,inst=true,async=true
13:18:54.086 [qtp1044854934-101] DEBUG org.eclipse.jetty.servlet.ServletHandler - call servlet com.github.tomakehurst.wiremock.servlet.WireMockHandlerDispatchingServlet-2f5a68a8@1c018047==com.github.tomakehurst.wiremock.servlet.WireMockHandlerDispatchingServlet,jsp=null,order=-1,inst=true,async=true
13:18:54.087 [qtp1044854934-101] DEBUG org.eclipse.jetty.server.HttpConnection - HttpConnection@2d02abad::NetworkTrafficSocketChannelEndPoint@6c855eb7{/127.0.0.1:65030<->/127.0.0.1:8080,OPEN,fill=-,flush=-,to=6/30000}{io=0/0,kio=0,kro=1}->HttpConnection@2d02abad[p=HttpParser{s=CONTENT,0 of 157},g=HttpGenerator@6b34285c{s=START}]=>HttpChannelOverHttp@6fd25902{s=HttpChannelState@5eddc8b4{s=HANDLING rs=BLOCKING os=OPEN is=IDLE awp=false se=false i=true al=0},r=2,c=false/false,a=HANDLING,uri=//localhost:8080/api/v0/components/provision-adapters/jobs,age=2} parse HeapByteBuffer@756f77d8[p=221,l=378,c=8192,r=157]={POST /api...157\r\n\r\n<<<{"id":"2ec10139-2dfd-465c...swers":{"var1":"TEST"}}>>>orization...\x00\x00\x00\x00\x00\x00\x00} {}
13:18:54.087 [qtp1044854934-101] DEBUG org.eclipse.jetty.http.HttpParser - parseNext s=CONTENT HeapByteBuffer@756f77d8[p=221,l=378,c=8192,r=157]={POST /api...157\r\n\r\n<<<{"id":"2ec10139-2dfd-465c...swers":{"var1":"TEST"}}>>>orization...\x00\x00\x00\x00\x00\x00\x00}
13:18:54.087 [qtp1044854934-101] DEBUG org.eclipse.jetty.server.HttpChannel - onContent HttpChannelOverHttp@6fd25902{s=HttpChannelState@5eddc8b4{s=HANDLING rs=BLOCKING os=OPEN is=IDLE awp=false se=false i=true al=0},r=2,c=false/false,a=HANDLING,uri=//localhost:8080/api/v0/components/provision-adapters/jobs,age=2} Content@6719232a{HeapByteBufferR@65f682b1[p=221,l=378,c=8192,r=157]={POST /api...157\r\n\r\n<<<{"id":"2ec10139-2dfd-465c...swers":{"var1":"TEST"}}>>>orization...\x00\x00\x00\x00\x00\x00\x00}}
13:18:54.087 [qtp1044854934-101] DEBUG org.eclipse.jetty.server.HttpInput - HttpInputOverHTTP@3031048c[c=0,q=0,[0]=null,s=STREAM] addContent Content@6719232a{HeapByteBufferR@65f682b1[p=221,l=378,c=8192,r=157]={POST /api...157\r\n\r\n<<<{"id":"2ec10139-2dfd-465c...swers":{"var1":"TEST"}}>>>orization...\x00\x00\x00\x00\x00\x00\x00}}
13:18:54.087 [qtp1044854934-101] DEBUG org.eclipse.jetty.http.HttpParser - CONTENT --> CONTENT_END
13:18:54.087 [qtp1044854934-101] DEBUG org.eclipse.jetty.server.HttpChannel - onContentComplete HttpChannelOverHttp@6fd25902{s=HttpChannelState@5eddc8b4{s=HANDLING rs=BLOCKING os=OPEN is=IDLE awp=false se=false i=true al=0},r=2,c=false/false,a=HANDLING,uri=//localhost:8080/api/v0/components/provision-adapters/jobs,age=2}
13:18:54.087 [qtp1044854934-101] DEBUG org.eclipse.jetty.http.HttpParser - CONTENT_END --> END
13:18:54.087 [qtp1044854934-101] DEBUG org.eclipse.jetty.server.HttpChannel - onRequestComplete HttpChannelOverHttp@6fd25902{s=HttpChannelState@5eddc8b4{s=HANDLING rs=BLOCKING os=OPEN is=IDLE awp=false se=false i=true al=0},r=2,c=false/false,a=HANDLING,uri=//localhost:8080/api/v0/components/provision-adapters/jobs,age=2}
13:18:54.087 [qtp1044854934-101] DEBUG org.eclipse.jetty.server.HttpInput - HttpInputOverHTTP@3031048c[c=0,q=1,[0]=EOF,s=STREAM] addContent EOF
13:18:54.087 [qtp1044854934-101] DEBUG org.eclipse.jetty.server.HttpConnection - HttpConnection@2d02abad::NetworkTrafficSocketChannelEndPoint@6c855eb7{/127.0.0.1:65030<->/127.0.0.1:8080,OPEN,fill=-,flush=-,to=6/30000}{io=0/0,kio=0,kro=1}->HttpConnection@2d02abad[p=HttpParser{s=END,157 of 157},g=HttpGenerator@6b34285c{s=START}]=>HttpChannelOverHttp@6fd25902{s=HttpChannelState@5eddc8b4{s=HANDLING rs=BLOCKING os=OPEN is=IDLE awp=false se=false i=true al=0},r=2,c=false/false,a=HANDLING,uri=//localhost:8080/api/v0/components/provision-adapters/jobs,age=2} parsed false HttpParser{s=END,157 of 157}
13:18:54.087 [qtp1044854934-101] DEBUG org.eclipse.jetty.server.HttpInput - HttpInputOverHTTP@3031048c[c=157,q=1,[0]=EOF,s=STREAM] read 157 from Content@6719232a{HeapByteBufferR@65f682b1[p=378,l=378,c=8192,r=0]={POST /api...TEST"}}<<<>>>orization...\x00\x00\x00\x00\x00\x00\x00}}
13:18:54.087 [qtp1044854934-101] DEBUG org.eclipse.jetty.server.HttpConnection - releaseRequestBuffer HttpConnection@2d02abad::NetworkTrafficSocketChannelEndPoint@6c855eb7{/127.0.0.1:65030<->/127.0.0.1:8080,OPEN,fill=-,flush=-,to=6/30000}{io=0/0,kio=0,kro=1}->HttpConnection@2d02abad[p=HttpParser{s=END,157 of 157},g=HttpGenerator@6b34285c{s=START}]=>HttpChannelOverHttp@6fd25902{s=HttpChannelState@5eddc8b4{s=HANDLING rs=BLOCKING os=OPEN is=IDLE awp=false se=false i=true al=0},r=2,c=false/false,a=HANDLING,uri=//localhost:8080/api/v0/components/provision-adapters/jobs,age=2}
13:18:54.087 [qtp1044854934-101] DEBUG org.eclipse.jetty.server.HttpChannelState - onEof HttpChannelState@5eddc8b4{s=HANDLING rs=BLOCKING os=OPEN is=IDLE awp=false se=false i=true al=0}
13:18:54.090 [qtp1044854934-101] DEBUG org.eclipse.jetty.server.HttpOutput - write(array HeapByteBuffer@3c619d01[p=0,l=100,c=8192,r=100]={<<<{"id":"f9b4d64a-8dad-4aa0...":null,"metadata":null}>>>\x00\x00\x00\x00\x00\x00\x00\x00\x00...\x00\x00\x00\x00\x00\x00\x00})
13:18:54.090 [qtp1044854934-101] DEBUG org.eclipse.jetty.server.HttpOutput - write(array) s=OPEN,api=BLOCKING,sc=false,e=null aggregated !flush HeapByteBuffer@39001123[p=0,l=100,c=32768,r=100]={<<<{"id":"f9b4d64a-8dad-4aa0...":null,"metadata":null}>>>\x00\x00\x00\x00\x00\x00\x00\x00\x00...\x00\x00\x00\x00\x00\x00\x00}
13:18:54.090 [qtp1044854934-101] DEBUG org.eclipse.jetty.server.handler.gzip.GzipHandler - GzipHandler@4d61717f{STARTED,min=32,inflate=-1} excluded not gzip accept Request(POST //localhost:8080/api/v0/components/provision-adapters/jobs)@501efbc3
13:18:54.090 [qtp1044854934-101] DEBUG org.eclipse.jetty.server.handler.gzip.GzipHttpOutputInterceptor - org.eclipse.jetty.server.handler.gzip.GzipHttpOutputInterceptor@3277683 exclude no deflater
13:18:54.090 [qtp1044854934-101] DEBUG org.eclipse.jetty.server.HttpChannel - sendResponse info=null content=HeapByteBuffer@39001123[p=0,l=100,c=32768,r=100]={<<<{"id":"f9b4d64a-8dad-4aa0...":null,"metadata":null}>>>\x00\x00\x00\x00\x00\x00\x00\x00\x00...\x00\x00\x00\x00\x00\x00\x00} complete=false committing=true callback=Blocker@2a88d47c{null}
13:18:54.090 [qtp1044854934-101] DEBUG org.eclipse.jetty.server.HttpChannel - COMMIT for /api/v0/components/provision-adapters/jobs on HttpChannelOverHttp@6fd25902{s=HttpChannelState@5eddc8b4{s=HANDLING rs=BLOCKING os=COMMITTED is=READY awp=false se=false i=true al=0},r=2,c=false/false,a=HANDLING,uri=//localhost:8080/api/v0/components/provision-adapters/jobs,age=5}
200 null HTTP/1.1
Content-Type: application/json
Matched-Stub-Id: 8ca86b10-267d-4d32-8557-fe561df02a41
Vary: Accept-Encoding, User-Agent


13:18:54.090 [qtp1044854934-101] DEBUG org.eclipse.jetty.server.HttpConnection - generate: NEED_HEADER for org.eclipse.jetty.server.HttpConnection$SendCallback@c52a87e[PROCESSING][i=HTTP/1.1{s=200,h=3,cl=-1},cb=org.eclipse.jetty.server.HttpChannel$SendCallback@2d0915be] (null,[p=0,l=100,c=32768,r=100],false)@START
13:18:54.090 [qtp1044854934-101] DEBUG org.eclipse.jetty.http.HttpGenerator - generateHeaders HTTP/1.1{s=200,h=3,cl=-1} last=false content=HeapByteBuffer@39001123[p=0,l=100,c=32768,r=100]={<<<{"id":"f9b4d64a-8dad-4aa0...":null,"metadata":null}>>>\x00\x00\x00\x00\x00\x00\x00\x00\x00...\x00\x00\x00\x00\x00\x00\x00}
13:18:54.090 [qtp1044854934-101] DEBUG org.eclipse.jetty.http.HttpGenerator - Content-Type: application/json
Matched-Stub-Id: 8ca86b10-267d-4d32-8557-fe561df02a41
Vary: Accept-Encoding, User-Agent


13:18:54.090 [qtp1044854934-101] DEBUG org.eclipse.jetty.http.HttpGenerator - CHUNKED_CONTENT
13:18:54.090 [qtp1044854934-101] DEBUG org.eclipse.jetty.server.HttpConnection - generate: FLUSH for org.eclipse.jetty.server.HttpConnection$SendCallback@c52a87e[PROCESSING][i=HTTP/1.1{s=200,h=3,cl=-1},cb=org.eclipse.jetty.server.HttpChannel$SendCallback@2d0915be] ([p=0,l=206,c=8192,r=206],[p=0,l=100,c=32768,r=100],false)@COMMITTED
13:18:54.090 [qtp1044854934-101] DEBUG org.eclipse.jetty.io.WriteFlusher - write: WriteFlusher@eab1eb5{IDLE}->null [HeapByteBuffer@756f77d8[p=0,l=206,c=8192,r=206]={<<<HTTP/1.1 200 OK\r\nContent-...4.28.v20200408)\r\n\r\n64\r\n>>>length: 1...\x00\x00\x00\x00\x00\x00\x00},HeapByteBuffer@39001123[p=0,l=100,c=32768,r=100]={<<<{"id":"f9b4d64a-8dad-4aa0...":null,"metadata":null}>>>\x00\x00\x00\x00\x00\x00\x00\x00\x00...\x00\x00\x00\x00\x00\x00\x00}]
13:18:54.090 [qtp1044854934-101] DEBUG org.eclipse.jetty.io.WriteFlusher - update WriteFlusher@eab1eb5{WRITING}->null:IDLE-->WRITING
13:18:54.090 [qtp1044854934-101] DEBUG org.eclipse.jetty.io.ChannelEndPoint - flushed 206 NetworkTrafficSocketChannelEndPoint@6c855eb7{/127.0.0.1:65030<->/127.0.0.1:8080,OPEN,fill=-,flush=W,to=9/30000}{io=0/0,kio=0,kro=1}->HttpConnection@2d02abad[p=HttpParser{s=END,157 of 157},g=HttpGenerator@6b34285c{s=COMMITTED}]=>HttpChannelOverHttp@6fd25902{s=HttpChannelState@5eddc8b4{s=HANDLING rs=BLOCKING os=COMMITTED is=READY awp=false se=false i=true al=0},r=2,c=false/false,a=HANDLING,uri=//localhost:8080/api/v0/components/provision-adapters/jobs,age=5}
13:18:54.091 [qtp1044854934-101] DEBUG org.eclipse.jetty.io.ChannelEndPoint - flushed 100 NetworkTrafficSocketChannelEndPoint@6c855eb7{/127.0.0.1:65030<->/127.0.0.1:8080,OPEN,fill=-,flush=W,to=0/30000}{io=0/0,kio=0,kro=1}->HttpConnection@2d02abad[p=HttpParser{s=END,157 of 157},g=HttpGenerator@6b34285c{s=COMMITTED}]=>HttpChannelOverHttp@6fd25902{s=HttpChannelState@5eddc8b4{s=HANDLING rs=BLOCKING os=COMMITTED is=READY awp=false se=false i=true al=0},r=2,c=false/false,a=HANDLING,uri=//localhost:8080/api/v0/components/provision-adapters/jobs,age=6}
13:18:54.091 [qtp1044854934-101] DEBUG org.eclipse.jetty.io.WriteFlusher - Flushed=true written=306 remaining=0 WriteFlusher@eab1eb5{WRITING}->null
13:18:54.091 [qtp1044854934-101] DEBUG org.eclipse.jetty.io.WriteFlusher - update WriteFlusher@eab1eb5{IDLE}->null:WRITING-->IDLE
13:18:54.091 [qtp1044854934-101] DEBUG org.eclipse.jetty.server.HttpConnection - generate: DONE for org.eclipse.jetty.server.HttpConnection$SendCallback@c52a87e[PROCESSING][i=HTTP/1.1{s=200,h=3,cl=-1},cb=org.eclipse.jetty.server.HttpChannel$SendCallback@2d0915be] ([p=206,l=206,c=8192,r=0],[p=100,l=100,c=32768,r=0],false)@COMMITTED
13:18:54.091 [qtp1044854934-101] DEBUG org.eclipse.jetty.server.HttpOutput - onWriteComplete(false,null) s=OPEN,api=BLOCKED,sc=false,e=null->s=OPEN,api=BLOCKING,sc=false,e=null c=null cb=null w=false
13:18:54.091 [qtp1044854934-101] DEBUG org.eclipse.jetty.server.HttpOutput - close() s=CLOSING,api=BLOCKED,sc=false,e=null c=HeapByteBuffer@137d328[p=0,l=0,c=0,r=0]={<<<>>>} b=Blocker@2a88d47c{null}
13:18:54.091 [qtp1044854934-101] DEBUG org.eclipse.jetty.server.HttpChannel - sendResponse info=null content=HeapByteBuffer@137d328[p=0,l=0,c=0,r=0]={<<<>>>} complete=true committing=false callback=Blocker@2a88d47c{null}
13:18:54.091 [qtp1044854934-101] DEBUG org.eclipse.jetty.server.HttpConnection - generate: CONTINUE for org.eclipse.jetty.server.HttpConnection$SendCallback@c52a87e[PROCESSING][i=null,cb=org.eclipse.jetty.server.HttpChannel$SendCallback@7cbbe9a4] (null,[p=0,l=0,c=0,r=0],true)@COMPLETING
13:18:54.091 [qtp1044854934-101] DEBUG org.eclipse.jetty.server.HttpConnection - generate: NEED_CHUNK for org.eclipse.jetty.server.HttpConnection$SendCallback@c52a87e[PROCESSING][i=null,cb=org.eclipse.jetty.server.HttpChannel$SendCallback@7cbbe9a4] (null,[p=0,l=0,c=0,r=0],true)@COMPLETING
13:18:54.091 [reactor-http-nio-3] DEBUG reactor.netty.http.client.HttpClientOperations - [id: 0x808d49cd, L:/127.0.0.1:65030 - R:localhost/127.0.0.1:8080] Received response (auto-read:false) : [Content-Type=application/json, Matched-Stub-Id=8ca86b10-267d-4d32-8557-fe561df02a41, Vary=Accept-Encoding, User-Agent, Transfer-Encoding=chunked, Server=Jetty(9.4.28.v20200408)]
13:18:54.091 [qtp1044854934-101] DEBUG org.eclipse.jetty.server.HttpConnection - generate: FLUSH for org.eclipse.jetty.server.HttpConnection$SendCallback@c52a87e[PROCESSING][i=null,cb=org.eclipse.jetty.server.HttpChannel$SendCallback@7cbbe9a4] (null,[p=0,l=0,c=0,r=0],true)@COMPLETING
13:18:54.091 [qtp1044854934-101] DEBUG org.eclipse.jetty.io.WriteFlusher - write: WriteFlusher@eab1eb5{IDLE}->null [HeapByteBuffer@4009a65c[p=0,l=7,c=1024,r=7]={<<<\r\n0\r\n\r\n>>>\x00\x00\x00\x00\x00\x00\x00\x00\x00...\x00\x00\x00\x00\x00\x00\x00}]
13:18:54.091 [reactor-http-nio-3] DEBUG reactor.netty.resources.PooledConnectionProvider - [id: 0x808d49cd, L:/127.0.0.1:65030 - R:localhost/127.0.0.1:8080] onStateChange(POST{uri=/api/v0/components/provision-adapters/jobs, connection=PooledConnection{channel=[id: 0x808d49cd, L:/127.0.0.1:65030 - R:localhost/127.0.0.1:8080]}}, [response_received])
13:18:54.091 [qtp1044854934-101] DEBUG org.eclipse.jetty.io.WriteFlusher - update WriteFlusher@eab1eb5{WRITING}->null:IDLE-->WRITING
13:18:54.092 [reactor-http-nio-3] DEBUG org.springframework.web.reactive.function.client.ExchangeFunctions - [61fb7cb4] Response 200 OK
13:18:54.092 [qtp1044854934-101] DEBUG org.eclipse.jetty.io.ChannelEndPoint - flushed 7 NetworkTrafficSocketChannelEndPoint@6c855eb7{/127.0.0.1:65030<->/127.0.0.1:8080,OPEN,fill=-,flush=W,to=0/30000}{io=0/0,kio=0,kro=1}->HttpConnection@2d02abad[p=HttpParser{s=END,157 of 157},g=HttpGenerator@6b34285c{s=COMPLETING}]=>HttpChannelOverHttp@6fd25902{s=HttpChannelState@5eddc8b4{s=HANDLING rs=BLOCKING os=COMMITTED is=READY awp=false se=false i=true al=0},r=2,c=false/false,a=HANDLING,uri=//localhost:8080/api/v0/components/provision-adapters/jobs,age=7}
13:18:54.092 [qtp1044854934-101] DEBUG org.eclipse.jetty.io.WriteFlusher - Flushed=true written=7 remaining=0 WriteFlusher@eab1eb5{WRITING}->null
13:18:54.092 [qtp1044854934-101] DEBUG org.eclipse.jetty.io.WriteFlusher - update WriteFlusher@eab1eb5{IDLE}->null:WRITING-->IDLE
13:18:54.092 [qtp1044854934-101] DEBUG org.eclipse.jetty.server.HttpConnection - generate: DONE for org.eclipse.jetty.server.HttpConnection$SendCallback@c52a87e[PROCESSING][i=null,cb=org.eclipse.jetty.server.HttpChannel$SendCallback@7cbbe9a4] (null,[p=0,l=0,c=0,r=0],true)@END
13:18:54.092 [qtp1044854934-101] DEBUG org.eclipse.jetty.server.HttpOutput - onWriteComplete(true,null) s=CLOSING,api=BLOCKED,sc=false,e=null->s=CLOSED,api=BLOCKING,sc=false,e=null c=null cb=null w=false
13:18:54.092 [qtp1044854934-101] DEBUG org.eclipse.jetty.server.Server - handled=true async=false committed=true on HttpChannelOverHttp@6fd25902{s=HttpChannelState@5eddc8b4{s=HANDLING rs=BLOCKING os=COMPLETED is=READY awp=false se=false i=true al=0},r=2,c=false/true,a=HANDLING,uri=//localhost:8080/api/v0/components/provision-adapters/jobs,age=7}
13:18:54.092 [qtp1044854934-101] DEBUG org.eclipse.jetty.server.HttpChannelState - unhandle HttpChannelState@5eddc8b4{s=HANDLING rs=BLOCKING os=COMPLETED is=READY awp=false se=false i=true al=0}
13:18:54.092 [qtp1044854934-101] DEBUG org.eclipse.jetty.server.HttpChannelState - nextAction(false) COMPLETE HttpChannelState@5eddc8b4{s=HANDLING rs=COMPLETING os=COMPLETED is=READY awp=false se=false i=false al=0}
13:18:54.092 [qtp1044854934-101] DEBUG org.eclipse.jetty.server.HttpChannel - action COMPLETE HttpChannelOverHttp@6fd25902{s=HttpChannelState@5eddc8b4{s=HANDLING rs=COMPLETING os=COMPLETED is=READY awp=false se=false i=false al=0},r=2,c=false/true,a=HANDLING,uri=//localhost:8080/api/v0/components/provision-adapters/jobs,age=7}
13:18:54.092 [qtp1044854934-101] DEBUG org.eclipse.jetty.server.HttpOutput - complete(org.eclipse.jetty.util.Callback$4@4c02eaa7) s=CLOSED,api=BLOCKING,sc=false,e=null s=true e=null, c=null
13:18:54.092 [qtp1044854934-101] DEBUG org.eclipse.jetty.server.HttpChannelState - completed HttpChannelState@5eddc8b4{s=HANDLING rs=COMPLETING os=COMPLETED is=READY awp=false se=false i=false al=0}
13:18:54.092 [reactor-http-nio-3] DEBUG reactor.netty.channel.FluxReceive - [id: 0x808d49cd, L:/127.0.0.1:65030 - R:localhost/127.0.0.1:8080] Subscribing inbound receiver [pending: 0, cancelled:false, inboundDone: false]
13:18:54.092 [qtp1044854934-101] DEBUG org.eclipse.jetty.server.HttpChannelState - unhandle HttpChannelState@5eddc8b4{s=HANDLING rs=COMPLETED os=COMPLETED is=READY awp=false se=false i=false al=0}
13:18:54.093 [qtp1044854934-101] DEBUG org.eclipse.jetty.server.HttpChannelState - nextAction(false) TERMINATED HttpChannelState@5eddc8b4{s=IDLE rs=COMPLETED os=COMPLETED is=READY awp=false se=false i=false al=0}
13:18:54.093 [qtp1044854934-101] DEBUG org.eclipse.jetty.server.HttpChannel - action TERMINATED HttpChannelOverHttp@6fd25902{s=HttpChannelState@5eddc8b4{s=IDLE rs=COMPLETED os=COMPLETED is=READY awp=false se=false i=false al=0},r=2,c=true/true,a=IDLE,uri=//localhost:8080/api/v0/components/provision-adapters/jobs,age=8}
13:18:54.093 [qtp1044854934-101] DEBUG org.eclipse.jetty.server.HttpChannel - onCompleted for /api/v0/components/provision-adapters/jobs written=100
13:18:54.093 [qtp1044854934-101] DEBUG org.eclipse.jetty.server.HttpChannelState - recycle HttpChannelState@5eddc8b4{s=IDLE rs=COMPLETED os=COMPLETED is=READY awp=false se=false i=false al=0}
13:18:54.093 [qtp1044854934-101] DEBUG org.eclipse.jetty.http.HttpParser - reset HttpParser{s=END,157 of 157}
13:18:54.093 [qtp1044854934-101] DEBUG org.eclipse.jetty.http.HttpParser - END --> START
13:18:54.093 [qtp1044854934-101] DEBUG org.eclipse.jetty.server.HttpChannel - !handle TERMINATED HttpChannelOverHttp@6fd25902{s=HttpChannelState@5eddc8b4{s=IDLE rs=BLOCKING os=OPEN is=IDLE awp=false se=false i=true al=0},r=2,c=false/false,a=IDLE,uri=null,age=0}
13:18:54.093 [reactor-http-nio-3] DEBUG reactor.netty.http.client.HttpClientOperations - [id: 0x808d49cd, L:/127.0.0.1:65030 - R:localhost/127.0.0.1:8080] Received last HTTP packet
13:18:54.093 [qtp1044854934-101] DEBUG org.eclipse.jetty.io.ChannelEndPoint - filled 0 HeapByteBuffer@756f77d8[p=0,l=0,c=8192,r=0]={<<<>>>HTTP/1.1 ...\x00\x00\x00\x00\x00\x00\x00}
13:18:54.093 [qtp1044854934-101] DEBUG org.eclipse.jetty.io.ChannelEndPoint - filled 0 HeapByteBuffer@756f77d8[p=0,l=0,c=8192,r=0]={<<<>>>HTTP/1.1 ...\x00\x00\x00\x00\x00\x00\x00}
13:18:54.093 [qtp1044854934-101] DEBUG org.eclipse.jetty.server.HttpConnection - HttpConnection@2d02abad::NetworkTrafficSocketChannelEndPoint@6c855eb7{/127.0.0.1:65030<->/127.0.0.1:8080,OPEN,fill=-,flush=-,to=1/30000}{io=0/0,kio=0,kro=1}->HttpConnection@2d02abad[p=HttpParser{s=START,0 of -1},g=HttpGenerator@6b34285c{s=START}]=>HttpChannelOverHttp@6fd25902{s=HttpChannelState@5eddc8b4{s=IDLE rs=BLOCKING os=OPEN is=IDLE awp=false se=false i=true al=0},r=2,c=false/false,a=IDLE,uri=null,age=0} filled 0 HeapByteBuffer@756f77d8[p=0,l=0,c=8192,r=0]={<<<>>>HTTP/1.1 ...\x00\x00\x00\x00\x00\x00\x00}
13:18:54.093 [qtp1044854934-101] DEBUG org.eclipse.jetty.server.HttpConnection - HttpConnection@2d02abad::NetworkTrafficSocketChannelEndPoint@6c855eb7{/127.0.0.1:65030<->/127.0.0.1:8080,OPEN,fill=-,flush=-,to=1/30000}{io=0/0,kio=0,kro=1}->HttpConnection@2d02abad[p=HttpParser{s=START,0 of -1},g=HttpGenerator@6b34285c{s=START}]=>HttpChannelOverHttp@6fd25902{s=HttpChannelState@5eddc8b4{s=IDLE rs=BLOCKING os=OPEN is=IDLE awp=false se=false i=true al=0},r=2,c=false/false,a=IDLE,uri=null,age=0} parse HeapByteBuffer@756f77d8[p=0,l=0,c=8192,r=0]={<<<>>>HTTP/1.1 ...\x00\x00\x00\x00\x00\x00\x00} {}
13:18:54.093 [qtp1044854934-101] DEBUG org.eclipse.jetty.http.HttpParser - parseNext s=START HeapByteBuffer@756f77d8[p=0,l=0,c=8192,r=0]={<<<>>>HTTP/1.1 ...\x00\x00\x00\x00\x00\x00\x00}
13:18:54.093 [qtp1044854934-101] DEBUG org.eclipse.jetty.server.HttpConnection - HttpConnection@2d02abad::NetworkTrafficSocketChannelEndPoint@6c855eb7{/127.0.0.1:65030<->/127.0.0.1:8080,OPEN,fill=-,flush=-,to=1/30000}{io=0/0,kio=0,kro=1}->HttpConnection@2d02abad[p=HttpParser{s=START,0 of -1},g=HttpGenerator@6b34285c{s=START}]=>HttpChannelOverHttp@6fd25902{s=HttpChannelState@5eddc8b4{s=IDLE rs=BLOCKING os=OPEN is=IDLE awp=false se=false i=true al=0},r=2,c=false/false,a=IDLE,uri=null,age=0} parsed false HttpParser{s=START,0 of -1}
13:18:54.094 [qtp1044854934-101] DEBUG org.eclipse.jetty.server.HttpConnection - releaseRequestBuffer HttpConnection@2d02abad::NetworkTrafficSocketChannelEndPoint@6c855eb7{/127.0.0.1:65030<->/127.0.0.1:8080,OPEN,fill=-,flush=-,to=1/30000}{io=0/0,kio=0,kro=1}->HttpConnection@2d02abad[p=HttpParser{s=START,0 of -1},g=HttpGenerator@6b34285c{s=START}]=>HttpChannelOverHttp@6fd25902{s=HttpChannelState@5eddc8b4{s=IDLE rs=BLOCKING os=OPEN is=IDLE awp=false se=false i=true al=0},r=2,c=false/false,a=IDLE,uri=null,age=0}
13:18:54.094 [qtp1044854934-101] DEBUG org.eclipse.jetty.io.AbstractConnection - fillInterested HttpConnection@2d02abad::NetworkTrafficSocketChannelEndPoint@6c855eb7{/127.0.0.1:65030<->/127.0.0.1:8080,OPEN,fill=-,flush=-,to=1/30000}{io=0/0,kio=0,kro=1}->HttpConnection@2d02abad[p=HttpParser{s=START,0 of -1},g=HttpGenerator@6b34285c{s=START}]=>HttpChannelOverHttp@6fd25902{s=HttpChannelState@5eddc8b4{s=IDLE rs=BLOCKING os=OPEN is=IDLE awp=false se=false i=true al=0},r=2,c=false/false,a=IDLE,uri=null,age=0}
13:18:54.094 [qtp1044854934-101] DEBUG org.eclipse.jetty.io.FillInterest - interested FillInterest@16536671{AC.ReadCB@2d02abad{HttpConnection@2d02abad::NetworkTrafficSocketChannelEndPoint@6c855eb7{/127.0.0.1:65030<->/127.0.0.1:8080,OPEN,fill=FI,flush=-,to=0/30000}{io=0/0,kio=0,kro=1}->HttpConnection@2d02abad[p=HttpParser{s=START,0 of -1},g=HttpGenerator@6b34285c{s=START}]=>HttpChannelOverHttp@6fd25902{s=HttpChannelState@5eddc8b4{s=IDLE rs=BLOCKING os=OPEN is=IDLE awp=false se=false i=true al=0},r=2,c=false/false,a=IDLE,uri=null,age=0}}}
13:18:54.094 [qtp1044854934-101] DEBUG org.eclipse.jetty.io.ChannelEndPoint - changeInterests p=false 0->1 for NetworkTrafficSocketChannelEndPoint@6c855eb7{/127.0.0.1:65030<->/127.0.0.1:8080,OPEN,fill=FI,flush=-,to=0/30000}{io=0/1,kio=0,kro=1}->HttpConnection@2d02abad[p=HttpParser{s=START,0 of -1},g=HttpGenerator@6b34285c{s=START}]=>HttpChannelOverHttp@6fd25902{s=HttpChannelState@5eddc8b4{s=IDLE rs=BLOCKING os=OPEN is=IDLE awp=false se=false i=true al=0},r=2,c=false/false,a=IDLE,uri=null,age=0}
13:18:54.094 [qtp1044854934-101] DEBUG org.eclipse.jetty.io.ManagedSelector - Queued change org.eclipse.jetty.io.ChannelEndPoint$1@267b8467 on ManagedSelector@6bc569ac{STARTED} id=0 keys=1 selected=0 updates=0
13:18:54.094 [qtp1044854934-101] DEBUG org.eclipse.jetty.io.ManagedSelector - Wakeup on submit ManagedSelector@6bc569ac{STARTED} id=0 keys=1 selected=0 updates=1
13:18:54.094 [qtp1044854934-102] DEBUG org.eclipse.jetty.io.ManagedSelector - Selector sun.nio.ch.WindowsSelectorImpl@1fe41c74 woken with none selected
13:18:54.094 [qtp1044854934-102] DEBUG org.eclipse.jetty.io.ManagedSelector - Selector sun.nio.ch.WindowsSelectorImpl@1fe41c74 woken up from select, 0/0/1 selected
13:18:54.094 [qtp1044854934-102] DEBUG org.eclipse.jetty.io.ManagedSelector - Selector sun.nio.ch.WindowsSelectorImpl@1fe41c74 processing 0 keys, 1 updates
13:18:54.094 [qtp1044854934-102] DEBUG org.eclipse.jetty.io.ManagedSelector - updateable 1
13:18:54.094 [qtp1044854934-102] DEBUG org.eclipse.jetty.io.ManagedSelector - update org.eclipse.jetty.io.ChannelEndPoint$1@267b8467
13:18:54.094 [qtp1044854934-102] DEBUG org.eclipse.jetty.io.ChannelEndPoint - Key interests updated 0 -> 1 on NetworkTrafficSocketChannelEndPoint@6c855eb7{/127.0.0.1:65030<->/127.0.0.1:8080,OPEN,fill=FI,flush=-,to=0/30000}{io=1/1,kio=1,kro=1}->HttpConnection@2d02abad[p=HttpParser{s=START,0 of -1},g=HttpGenerator@6b34285c{s=START}]=>HttpChannelOverHttp@6fd25902{s=HttpChannelState@5eddc8b4{s=IDLE rs=BLOCKING os=OPEN is=IDLE awp=false se=false i=true al=0},r=2,c=false/false,a=IDLE,uri=null,age=0}
13:18:54.094 [qtp1044854934-102] DEBUG org.eclipse.jetty.io.ManagedSelector - updates 0
13:18:54.094 [qtp1044854934-102] DEBUG org.eclipse.jetty.io.ManagedSelector - Selector sun.nio.ch.WindowsSelectorImpl@1fe41c74 waiting with 1 keys
13:18:54.094 [qtp1044854934-101] DEBUG org.eclipse.jetty.server.HttpConnection - HttpConnection@2d02abad::NetworkTrafficSocketChannelEndPoint@6c855eb7{/127.0.0.1:65030<->/127.0.0.1:8080,OPEN,fill=FI,flush=-,to=0/30000}{io=0/1,kio=0,kro=1}->HttpConnection@2d02abad[p=HttpParser{s=START,0 of -1},g=HttpGenerator@6b34285c{s=START}]=>HttpChannelOverHttp@6fd25902{s=HttpChannelState@5eddc8b4{s=IDLE rs=BLOCKING os=OPEN is=IDLE awp=false se=false i=true al=0},r=2,c=false/false,a=IDLE,uri=null,age=0} onFillable exit HttpChannelState@5eddc8b4{s=IDLE rs=BLOCKING os=OPEN is=IDLE awp=false se=false i=true al=0} null
13:18:54.095 [qtp1044854934-101] DEBUG org.eclipse.jetty.util.thread.QueuedThreadPool - ran org.eclipse.jetty.io.ManagedSelector$$Lambda$425/0x00000001005fc040@615c6684 in QueuedThreadPool[qtp1044854934]@3e473896{STARTED,8<=8<=14,i=1,r=1,q=0}[ReservedThreadExecutor@6a4b1be1{s=1/1,p=0}]
13:18:54.095 [reactor-http-nio-3] DEBUG org.springframework.http.codec.json.Jackson2JsonDecoder - [61fb7cb4] Decoded [ProvisioningJobResponse(id=f9b4d64a-8dad-4aa0-93b1-7efb8f6c52c2, componentInstanceId=null, status=nu (truncated)...]
13:18:54.099 [reactor-http-nio-3] DEBUG reactor.netty.resources.PooledConnectionProvider - [id: 0x808d49cd, L:/127.0.0.1:65030 - R:localhost/127.0.0.1:8080] onStateChange(POST{uri=/api/v0/components/provision-adapters/jobs, connection=PooledConnection{channel=[id: 0x808d49cd, L:/127.0.0.1:65030 - R:localhost/127.0.0.1:8080]}}, [response_completed])
13:18:54.099 [reactor-http-nio-3] DEBUG reactor.netty.ReactorNetty - [id: 0x808d49cd, L:/127.0.0.1:65030 - R:localhost/127.0.0.1:8080] Removed handler: ReadTimeoutHandler, pipeline: DefaultChannelPipeline{(reactor.left.httpCodec = io.netty.handler.codec.http.HttpClientCodec), (WriteTimeoutHandler = io.netty.handler.timeout.WriteTimeoutHandler), (reactor.right.reactiveBridge = reactor.netty.channel.ChannelOperationsHandler)}
13:18:54.099 [reactor-http-nio-3] DEBUG reactor.netty.ReactorNetty - [id: 0x808d49cd, L:/127.0.0.1:65030 - R:localhost/127.0.0.1:8080] Removed handler: WriteTimeoutHandler, pipeline: DefaultChannelPipeline{(reactor.left.httpCodec = io.netty.handler.codec.http.HttpClientCodec), (reactor.right.reactiveBridge = reactor.netty.channel.ChannelOperationsHandler)}
13:18:54.099 [reactor-http-nio-3] DEBUG reactor.netty.resources.PooledConnectionProvider - [id: 0x808d49cd, L:/127.0.0.1:65030 - R:localhost/127.0.0.1:8080] onStateChange(POST{uri=/api/v0/components/provision-adapters/jobs, connection=PooledConnection{channel=[id: 0x808d49cd, L:/127.0.0.1:65030 - R:localhost/127.0.0.1:8080]}}, [disconnecting])
13:18:54.099 [reactor-http-nio-3] DEBUG reactor.netty.resources.PooledConnectionProvider - [id: 0x808d49cd, L:/127.0.0.1:65030 - R:localhost/127.0.0.1:8080] Releasing channel
13:18:54.099 [reactor-http-nio-3] DEBUG reactor.netty.resources.PooledConnectionProvider - [id: 0x808d49cd, L:/127.0.0.1:65030 - R:localhost/127.0.0.1:8080] Channel cleaned, now 0 active connections and 2 inactive connections
13:18:54.104 [Test worker] DEBUG org.apache.http.impl.conn.PoolingHttpClientConnectionManager - Connection request: [route: {}->http://localhost:8080][total available: 1; route allocated: 1 of 5; total allocated: 1 of 50]
13:18:54.104 [Test worker] DEBUG org.apache.http.impl.conn.PoolingHttpClientConnectionManager - Connection leased: [id: 5][route: {}->http://localhost:8080][total available: 0; route allocated: 1 of 5; total allocated: 1 of 50]
13:18:54.104 [Test worker] DEBUG org.apache.http.impl.conn.DefaultManagedHttpClientConnection - http-outgoing-5: set socket timeout to 30000
13:18:54.104 [Test worker] DEBUG org.apache.http.impl.execchain.MainClientExec - Stale connection check
13:18:54.106 [Test worker] DEBUG org.apache.http.wire - http-outgoing-5 << "[read] I/O error: Read timed out"
13:18:54.106 [Test worker] DEBUG org.apache.http.impl.execchain.MainClientExec - Executing request POST /__admin/requests/count HTTP/1.1
13:18:54.106 [Test worker] DEBUG org.apache.http.impl.execchain.MainClientExec - Target auth state: UNCHALLENGED
13:18:54.106 [Test worker] DEBUG org.apache.http.impl.execchain.MainClientExec - Proxy auth state: UNCHALLENGED
13:18:54.106 [Test worker] DEBUG org.apache.http.headers - http-outgoing-5 >> POST /__admin/requests/count HTTP/1.1
13:18:54.106 [Test worker] DEBUG org.apache.http.headers - http-outgoing-5 >> Content-Length: 89
13:18:54.106 [Test worker] DEBUG org.apache.http.headers - http-outgoing-5 >> Content-Type: text/plain; charset=UTF-8
13:18:54.106 [Test worker] DEBUG org.apache.http.headers - http-outgoing-5 >> Host: localhost:8080
13:18:54.106 [Test worker] DEBUG org.apache.http.headers - http-outgoing-5 >> Connection: Keep-Alive
13:18:54.106 [Test worker] DEBUG org.apache.http.headers - http-outgoing-5 >> User-Agent: Apache-HttpClient/4.5.12 (Java/11.0.2)
13:18:54.106 [Test worker] DEBUG org.apache.http.wire - http-outgoing-5 >> "POST /__admin/requests/count HTTP/1.1[\r][\n]"
13:18:54.106 [Test worker] DEBUG org.apache.http.wire - http-outgoing-5 >> "Content-Length: 89[\r][\n]"
13:18:54.106 [Test worker] DEBUG org.apache.http.wire - http-outgoing-5 >> "Content-Type: text/plain; charset=UTF-8[\r][\n]"
13:18:54.106 [Test worker] DEBUG org.apache.http.wire - http-outgoing-5 >> "Host: localhost:8080[\r][\n]"
13:18:54.106 [Test worker] DEBUG org.apache.http.wire - http-outgoing-5 >> "Connection: Keep-Alive[\r][\n]"
13:18:54.106 [Test worker] DEBUG org.apache.http.wire - http-outgoing-5 >> "User-Agent: Apache-HttpClient/4.5.12 (Java/11.0.2)[\r][\n]"
13:18:54.106 [Test worker] DEBUG org.apache.http.wire - http-outgoing-5 >> "[\r][\n]"
13:18:54.106 [Test worker] DEBUG org.apache.http.wire - http-outgoing-5 >> "{[\r][\n]"
13:18:54.106 [Test worker] DEBUG org.apache.http.wire - http-outgoing-5 >> "  "url" : "/api/v0/components/provision-adapters/jobs/{jobId}",[\r][\n]"
13:18:54.106 [Test worker] DEBUG org.apache.http.wire - http-outgoing-5 >> "  "method" : "GET"[\r][\n]"
13:18:54.106 [Test worker] DEBUG org.apache.http.wire - http-outgoing-5 >> "}"
13:18:54.106 [qtp1044854934-108] DEBUG org.eclipse.jetty.io.ManagedSelector - Selector sun.nio.ch.WindowsSelectorImpl@7436f8a6 woken up from select, 1/1/2 selected
13:18:54.106 [qtp1044854934-108] DEBUG org.eclipse.jetty.io.ManagedSelector - Selector sun.nio.ch.WindowsSelectorImpl@7436f8a6 processing 1 keys, 0 updates
13:18:54.107 [qtp1044854934-108] DEBUG org.eclipse.jetty.io.ManagedSelector - selected 1 channel=java.nio.channels.SocketChannel[connected local=/127.0.0.1:8080 remote=/127.0.0.1:65029], selector=sun.nio.ch.WindowsSelectorImpl@7436f8a6, interestOps=1, readyOps=1 NetworkTrafficSocketChannelEndPoint@7aa4ec50{/127.0.0.1:65029<->/127.0.0.1:8080,OPEN,fill=FI,flush=-,to=1193/30000}{io=1/1,kio=1,kro=1}->HttpConnection@6845abd8[p=HttpParser{s=START,0 of -1},g=HttpGenerator@4211309{s=START}]=>HttpChannelOverHttp@705c8720{s=HttpChannelState@355e074f{s=IDLE rs=BLOCKING os=OPEN is=IDLE awp=false se=false i=true al=0},r=3,c=false/false,a=IDLE,uri=null,age=0} 
13:18:54.107 [qtp1044854934-108] DEBUG org.eclipse.jetty.io.ChannelEndPoint - onSelected 1->0 r=true w=false for NetworkTrafficSocketChannelEndPoint@7aa4ec50{/127.0.0.1:65029<->/127.0.0.1:8080,OPEN,fill=FI,flush=-,to=1193/30000}{io=1/0,kio=1,kro=1}->HttpConnection@6845abd8[p=HttpParser{s=START,0 of -1},g=HttpGenerator@4211309{s=START}]=>HttpChannelOverHttp@705c8720{s=HttpChannelState@355e074f{s=IDLE rs=BLOCKING os=OPEN is=IDLE awp=false se=false i=true al=0},r=3,c=false/false,a=IDLE,uri=null,age=0}
13:18:54.107 [qtp1044854934-108] DEBUG org.eclipse.jetty.io.ChannelEndPoint - task CEP:NetworkTrafficSocketChannelEndPoint@7aa4ec50{/127.0.0.1:65029<->/127.0.0.1:8080,OPEN,fill=FI,flush=-,to=1193/30000}{io=1/0,kio=1,kro=1}->HttpConnection@6845abd8[p=HttpParser{s=START,0 of -1},g=HttpGenerator@4211309{s=START}]=>HttpChannelOverHttp@705c8720{s=HttpChannelState@355e074f{s=IDLE rs=BLOCKING os=OPEN is=IDLE awp=false se=false i=true al=0},r=3,c=false/false,a=IDLE,uri=null,age=0}:runFillable:BLOCKING
13:18:54.107 [qtp1044854934-108] DEBUG org.eclipse.jetty.util.thread.ReservedThreadExecutor - ReservedThreadExecutor@6a4b1be1{s=1/1,p=0} tryExecute EatWhatYouKill@338225cc/SelectorProducer@18085b76/REPRODUCING/p=false/QueuedThreadPool[qtp1044854934]@3e473896{STARTED,8<=8<=14,i=2,r=1,q=0}[ReservedThreadExecutor@6a4b1be1{s=1/1,p=0}][pc=0,pic=0,pec=1,epc=3]@2020-09-25T13:18:54.1074017+02:00
13:18:54.107 [qtp1044854934-108] DEBUG org.eclipse.jetty.util.thread.ReservedThreadExecutor - ReservedThreadExecutor@6a4b1be1{s=0/1,p=0}@3191cd1b offer EatWhatYouKill@338225cc/SelectorProducer@18085b76/REPRODUCING/p=false/QueuedThreadPool[qtp1044854934]@3e473896{STARTED,8<=8<=14,i=2,r=1,q=0}[ReservedThreadExecutor@6a4b1be1{s=0/1,p=0}][pc=0,pic=0,pec=1,epc=3]@2020-09-25T13:18:54.1074017+02:00
13:18:54.107 [qtp1044854934-108] DEBUG org.eclipse.jetty.util.thread.ReservedThreadExecutor - ReservedThreadExecutor@6a4b1be1{s=0/1,p=1} startReservedThread p=1
13:18:54.107 [qtp1044854934-108] DEBUG org.eclipse.jetty.util.thread.QueuedThreadPool - queue ReservedThreadExecutor@6a4b1be1{s=0/1,p=1}@5fa4ba3a startThread=0
13:18:54.107 [qtp1044854934-108] DEBUG org.eclipse.jetty.util.thread.strategy.EatWhatYouKill - EatWhatYouKill@338225cc/SelectorProducer@18085b76/IDLE/p=true/QueuedThreadPool[qtp1044854934]@3e473896{STARTED,8<=8<=14,i=1,r=1,q=0}[ReservedThreadExecutor@6a4b1be1{s=0/1,p=1}][pc=0,pic=0,pec=1,epc=3]@2020-09-25T13:18:54.1074017+02:00 m=EXECUTE_PRODUCE_CONSUME t=CEP:NetworkTrafficSocketChannelEndPoint@7aa4ec50{/127.0.0.1:65029<->/127.0.0.1:8080,OPEN,fill=FI,flush=-,to=1193/30000}{io=1/0,kio=1,kro=1}->HttpConnection@6845abd8[p=HttpParser{s=START,0 of -1},g=HttpGenerator@4211309{s=START}]=>HttpChannelOverHttp@705c8720{s=HttpChannelState@355e074f{s=IDLE rs=BLOCKING os=OPEN is=IDLE awp=false se=false i=true al=0},r=3,c=false/false,a=IDLE,uri=null,age=0}:runFillable:BLOCKING/BLOCKING
13:18:54.107 [qtp1044854934-107] DEBUG org.eclipse.jetty.util.thread.ReservedThreadExecutor - ReservedThreadExecutor@6a4b1be1{s=0/1,p=1}@3191cd1b task=EatWhatYouKill@338225cc/SelectorProducer@18085b76/IDLE/p=true/QueuedThreadPool[qtp1044854934]@3e473896{STARTED,8<=8<=14,i=1,r=1,q=0}[ReservedThreadExecutor@6a4b1be1{s=0/1,p=1}][pc=0,pic=0,pec=1,epc=3]@2020-09-25T13:18:54.1074017+02:00
13:18:54.108 [qtp1044854934-108] DEBUG org.eclipse.jetty.io.FillInterest - fillable FillInterest@10d0e12a{AC.ReadCB@6845abd8{HttpConnection@6845abd8::NetworkTrafficSocketChannelEndPoint@7aa4ec50{/127.0.0.1:65029<->/127.0.0.1:8080,OPEN,fill=FI,flush=-,to=1194/30000}{io=1/0,kio=1,kro=1}->HttpConnection@6845abd8[p=HttpParser{s=START,0 of -1},g=HttpGenerator@4211309{s=START}]=>HttpChannelOverHttp@705c8720{s=HttpChannelState@355e074f{s=IDLE rs=BLOCKING os=OPEN is=IDLE awp=false se=false i=true al=0},r=3,c=false/false,a=IDLE,uri=null,age=0}}}
13:18:54.108 [qtp1044854934-106] DEBUG org.eclipse.jetty.util.thread.QueuedThreadPool - run ReservedThreadExecutor@6a4b1be1{s=0/1,p=1}@5fa4ba3a in QueuedThreadPool[qtp1044854934]@3e473896{STARTED,8<=8<=14,i=1,r=1,q=0}[ReservedThreadExecutor@6a4b1be1{s=0/1,p=1}]
13:18:54.108 [qtp1044854934-106] DEBUG org.eclipse.jetty.util.thread.ReservedThreadExecutor - ReservedThreadExecutor@6a4b1be1{s=1/1,p=1}@5fa4ba3a started
13:18:54.108 [qtp1044854934-106] DEBUG org.eclipse.jetty.util.thread.ReservedThreadExecutor - ReservedThreadExecutor@6a4b1be1{s=1/1,p=0}@5fa4ba3a waiting
13:18:54.108 [qtp1044854934-108] DEBUG org.eclipse.jetty.server.HttpConnection - HttpConnection@6845abd8::NetworkTrafficSocketChannelEndPoint@7aa4ec50{/127.0.0.1:65029<->/127.0.0.1:8080,OPEN,fill=-,flush=-,to=1194/30000}{io=1/0,kio=1,kro=1}->HttpConnection@6845abd8[p=HttpParser{s=START,0 of -1},g=HttpGenerator@4211309{s=START}]=>HttpChannelOverHttp@705c8720{s=HttpChannelState@355e074f{s=IDLE rs=BLOCKING os=OPEN is=IDLE awp=false se=false i=true al=0},r=3,c=false/false,a=IDLE,uri=null,age=0} onFillable enter HttpChannelState@355e074f{s=IDLE rs=BLOCKING os=OPEN is=IDLE awp=false se=false i=true al=0} null
13:18:54.108 [qtp1044854934-108] DEBUG org.eclipse.jetty.io.ChannelEndPoint - filled 289 HeapByteBuffer@756f77d8[p=0,l=289,c=8192,r=289]={<<<POST /__admin/requests/co...\r\n  "method" : "GET"\r\n}>>>7-4699-8a...\x00\x00\x00\x00\x00\x00\x00}
13:18:54.108 [qtp1044854934-108] DEBUG org.eclipse.jetty.server.HttpConnection - HttpConnection@6845abd8::NetworkTrafficSocketChannelEndPoint@7aa4ec50{/127.0.0.1:65029<->/127.0.0.1:8080,OPEN,fill=-,flush=-,to=0/30000}{io=1/0,kio=1,kro=1}->HttpConnection@6845abd8[p=HttpParser{s=START,0 of -1},g=HttpGenerator@4211309{s=START}]=>HttpChannelOverHttp@705c8720{s=HttpChannelState@355e074f{s=IDLE rs=BLOCKING os=OPEN is=IDLE awp=false se=false i=true al=0},r=3,c=false/false,a=IDLE,uri=null,age=0} filled 289 HeapByteBuffer@756f77d8[p=0,l=289,c=8192,r=289]={<<<POST /__admin/requests/co...\r\n  "method" : "GET"\r\n}>>>7-4699-8a...\x00\x00\x00\x00\x00\x00\x00}
13:18:54.108 [qtp1044854934-108] DEBUG org.eclipse.jetty.server.HttpConnection - HttpConnection@6845abd8::NetworkTrafficSocketChannelEndPoint@7aa4ec50{/127.0.0.1:65029<->/127.0.0.1:8080,OPEN,fill=-,flush=-,to=0/30000}{io=1/0,kio=1,kro=1}->HttpConnection@6845abd8[p=HttpParser{s=START,0 of -1},g=HttpGenerator@4211309{s=START}]=>HttpChannelOverHttp@705c8720{s=HttpChannelState@355e074f{s=IDLE rs=BLOCKING os=OPEN is=IDLE awp=false se=false i=true al=0},r=3,c=false/false,a=IDLE,uri=null,age=0} parse HeapByteBuffer@756f77d8[p=0,l=289,c=8192,r=289]={<<<POST /__admin/requests/co...\r\n  "method" : "GET"\r\n}>>>7-4699-8a...\x00\x00\x00\x00\x00\x00\x00} {}
13:18:54.108 [qtp1044854934-108] DEBUG org.eclipse.jetty.http.HttpParser - parseNext s=START HeapByteBuffer@756f77d8[p=0,l=289,c=8192,r=289]={<<<POST /__admin/requests/co...\r\n  "method" : "GET"\r\n}>>>7-4699-8a...\x00\x00\x00\x00\x00\x00\x00}
13:18:54.108 [qtp1044854934-108] DEBUG org.eclipse.jetty.http.HttpParser - START --> SPACE1
13:18:54.108 [qtp1044854934-108] DEBUG org.eclipse.jetty.http.HttpParser - SPACE1 --> URI
13:18:54.108 [qtp1044854934-108] DEBUG org.eclipse.jetty.http.HttpParser - URI --> SPACE2
13:18:54.108 [qtp1044854934-108] DEBUG org.eclipse.jetty.http.HttpParser - SPACE2 --> REQUEST_VERSION
13:18:54.108 [qtp1044854934-108] DEBUG org.eclipse.jetty.http.HttpParser - REQUEST_VERSION --> HEADER
13:18:54.108 [qtp1044854934-108] DEBUG org.eclipse.jetty.http.HttpParser - HEADER:Content-Length --> VALUE
13:18:54.108 [qtp1044854934-108] DEBUG org.eclipse.jetty.http.HttpParser - HEADER:Content-Length --> IN_VALUE
13:18:54.108 [qtp1044854934-108] DEBUG org.eclipse.jetty.http.HttpParser - HEADER:Content-Length --> FIELD
13:18:54.108 [qtp1044854934-108] DEBUG org.eclipse.jetty.http.HttpParser - HEADER:Content-Type: text/plain; charset=UTF-8 --> IN_VALUE
13:18:54.108 [qtp1044854934-108] DEBUG org.eclipse.jetty.http.HttpParser - HEADER:Content-Type: text/plain; charset=UTF-8 --> FIELD
13:18:54.108 [qtp1044854934-108] DEBUG org.eclipse.jetty.http.HttpParser - HEADER:Host: localhost:8080 --> IN_VALUE
13:18:54.108 [qtp1044854934-108] DEBUG org.eclipse.jetty.http.HttpParser - HEADER:Host: localhost:8080 --> FIELD
13:18:54.108 [qtp1044854934-108] DEBUG org.eclipse.jetty.http.HttpParser - HEADER:Connection: keep-alive --> IN_VALUE
13:18:54.108 [qtp1044854934-108] DEBUG org.eclipse.jetty.http.HttpParser - HEADER:Connection: keep-alive --> FIELD
13:18:54.108 [qtp1044854934-108] DEBUG org.eclipse.jetty.http.HttpParser - HEADER:User-Agent: Apache-HttpClient/4.5.12 (Java/11.0.2) --> IN_VALUE
13:18:54.108 [qtp1044854934-108] DEBUG org.eclipse.jetty.http.HttpParser - HEADER:User-Agent: Apache-HttpClient/4.5.12 (Java/11.0.2) --> FIELD
13:18:54.108 [qtp1044854934-108] DEBUG org.eclipse.jetty.http.HttpParser - HEADER --> CONTENT
13:18:54.108 [qtp1044854934-107] DEBUG org.eclipse.jetty.util.thread.strategy.EatWhatYouKill - EatWhatYouKill@338225cc/SelectorProducer@18085b76/IDLE/p=true/QueuedThreadPool[qtp1044854934]@3e473896{STARTED,8<=8<=14,i=1,r=1,q=0}[ReservedThreadExecutor@6a4b1be1{s=0/1,p=1}][pc=0,pic=0,pec=1,epc=4]@2020-09-25T13:18:54.1084054+02:00 tryProduce true
13:18:54.108 [qtp1044854934-108] DEBUG org.eclipse.jetty.server.HttpChannel - REQUEST for //localhost:8080/__admin/requests/count on HttpChannelOverHttp@705c8720{s=HttpChannelState@355e074f{s=IDLE rs=BLOCKING os=OPEN is=IDLE awp=false se=false i=true al=0},r=4,c=false/false,a=IDLE,uri=//localhost:8080/__admin/requests/count,age=0}
POST //localhost:8080/__admin/requests/count HTTP/1.1
Content-Length: 89
Content-Type: text/plain; charset=UTF-8
Host: localhost:8080
Connection: keep-alive
User-Agent: Apache-HttpClient/4.5.12 (Java/11.0.2)


13:18:54.109 [qtp1044854934-107] DEBUG org.eclipse.jetty.io.ManagedSelector - updateable 0
13:18:54.109 [qtp1044854934-107] DEBUG org.eclipse.jetty.io.ManagedSelector - updates 0
13:18:54.109 [qtp1044854934-108] DEBUG org.eclipse.jetty.server.HttpConnection - HttpConnection@6845abd8::NetworkTrafficSocketChannelEndPoint@7aa4ec50{/127.0.0.1:65029<->/127.0.0.1:8080,OPEN,fill=-,flush=-,to=0/30000}{io=1/0,kio=1,kro=1}->HttpConnection@6845abd8[p=HttpParser{s=CONTENT,0 of 89},g=HttpGenerator@4211309{s=START}]=>HttpChannelOverHttp@705c8720{s=HttpChannelState@355e074f{s=IDLE rs=BLOCKING os=OPEN is=IDLE awp=false se=false i=true al=0},r=4,c=false/false,a=IDLE,uri=//localhost:8080/__admin/requests/count,age=1} parsed true HttpParser{s=CONTENT,0 of 89}
13:18:54.109 [qtp1044854934-107] DEBUG org.eclipse.jetty.io.ChannelEndPoint - Key interests updated 1 -> 0 on NetworkTrafficSocketChannelEndPoint@7aa4ec50{/127.0.0.1:65029<->/127.0.0.1:8080,OPEN,fill=-,flush=-,to=0/30000}{io=0/0,kio=0,kro=1}->HttpConnection@6845abd8[p=HttpParser{s=CONTENT,0 of 89},g=HttpGenerator@4211309{s=START}]=>HttpChannelOverHttp@705c8720{s=HttpChannelState@355e074f{s=IDLE rs=BLOCKING os=OPEN is=IDLE awp=false se=false i=true al=0},r=4,c=false/false,a=IDLE,uri=//localhost:8080/__admin/requests/count,age=1}
13:18:54.109 [qtp1044854934-108] DEBUG org.eclipse.jetty.server.HttpChannel - handle //localhost:8080/__admin/requests/count HttpChannelOverHttp@705c8720{s=HttpChannelState@355e074f{s=IDLE rs=BLOCKING os=OPEN is=IDLE awp=false se=false i=true al=0},r=4,c=false/false,a=IDLE,uri=//localhost:8080/__admin/requests/count,age=1} 
13:18:54.109 [qtp1044854934-108] DEBUG org.eclipse.jetty.server.HttpChannelState - handling HttpChannelState@355e074f{s=IDLE rs=BLOCKING os=OPEN is=IDLE awp=false se=false i=true al=0}
13:18:54.109 [qtp1044854934-107] DEBUG org.eclipse.jetty.io.ManagedSelector - Selector sun.nio.ch.WindowsSelectorImpl@7436f8a6 waiting with 2 keys
13:18:54.109 [qtp1044854934-108] DEBUG org.eclipse.jetty.server.HttpChannel - action DISPATCH HttpChannelOverHttp@705c8720{s=HttpChannelState@355e074f{s=HANDLING rs=BLOCKING os=OPEN is=IDLE awp=false se=false i=true al=0},r=4,c=false/false,a=HANDLING,uri=//localhost:8080/__admin/requests/count,age=1}
13:18:54.109 [qtp1044854934-108] DEBUG org.eclipse.jetty.server.Server - REQUEST POST /__admin/requests/count on HttpChannelOverHttp@705c8720{s=HttpChannelState@355e074f{s=HANDLING rs=BLOCKING os=OPEN is=IDLE awp=false se=false i=true al=0},r=4,c=false/false,a=HANDLING,uri=//localhost:8080/__admin/requests/count,age=1}
13:18:54.109 [qtp1044854934-108] DEBUG org.eclipse.jetty.server.handler.ContextHandler - scope null||/__admin/requests/count @ o.e.j.s.ServletContextHandler@5adf1b12{/__admin,null,AVAILABLE}
13:18:54.109 [qtp1044854934-108] DEBUG org.eclipse.jetty.server.handler.ContextHandler - context=/__admin||/requests/count @ o.e.j.s.ServletContextHandler@5adf1b12{/__admin,null,AVAILABLE}
13:18:54.109 [qtp1044854934-108] DEBUG org.eclipse.jetty.servlet.ServletHandler - servlet /__admin|/requests/count|null -> com.github.tomakehurst.wiremock.servlet.WireMockHandlerDispatchingServlet-1762ef63@fd0fff4e==com.github.tomakehurst.wiremock.servlet.WireMockHandlerDispatchingServlet,jsp=null,order=-1,inst=true,async=true
13:18:54.109 [qtp1044854934-108] DEBUG org.eclipse.jetty.servlet.ServletHandler - chain=org.eclipse.jetty.servlets.CrossOriginFilter-221545b0@221545b0==org.eclipse.jetty.servlets.CrossOriginFilter,inst=true,async=true->com.github.tomakehurst.wiremock.servlet.WireMockHandlerDispatchingServlet-1762ef63@fd0fff4e==com.github.tomakehurst.wiremock.servlet.WireMockHandlerDispatchingServlet,jsp=null,order=-1,inst=true,async=true
13:18:54.109 [qtp1044854934-108] DEBUG org.eclipse.jetty.servlet.ServletHandler - call filter org.eclipse.jetty.servlets.CrossOriginFilter-221545b0@221545b0==org.eclipse.jetty.servlets.CrossOriginFilter,inst=true,async=true
13:18:54.109 [qtp1044854934-108] DEBUG org.eclipse.jetty.servlet.ServletHandler - call servlet com.github.tomakehurst.wiremock.servlet.WireMockHandlerDispatchingServlet-1762ef63@fd0fff4e==com.github.tomakehurst.wiremock.servlet.WireMockHandlerDispatchingServlet,jsp=null,order=-1,inst=true,async=true
13:18:54.110 [qtp1044854934-108] DEBUG org.eclipse.jetty.server.HttpConnection - HttpConnection@6845abd8::NetworkTrafficSocketChannelEndPoint@7aa4ec50{/127.0.0.1:65029<->/127.0.0.1:8080,OPEN,fill=-,flush=-,to=1/30000}{io=0/0,kio=0,kro=1}->HttpConnection@6845abd8[p=HttpParser{s=CONTENT,0 of 89},g=HttpGenerator@4211309{s=START}]=>HttpChannelOverHttp@705c8720{s=HttpChannelState@355e074f{s=HANDLING rs=BLOCKING os=OPEN is=IDLE awp=false se=false i=true al=0},r=4,c=false/false,a=HANDLING,uri=//localhost:8080/__admin/requests/count,age=2} parse HeapByteBuffer@756f77d8[p=200,l=289,c=8192,r=89]={POST /__a....2)\r\n\r\n<<<{\r\n  "url" : "/api/v0/com...\r\n  "method" : "GET"\r\n}>>>7-4699-8a...\x00\x00\x00\x00\x00\x00\x00} {}
13:18:54.110 [qtp1044854934-108] DEBUG org.eclipse.jetty.http.HttpParser - parseNext s=CONTENT HeapByteBuffer@756f77d8[p=200,l=289,c=8192,r=89]={POST /__a....2)\r\n\r\n<<<{\r\n  "url" : "/api/v0/com...\r\n  "method" : "GET"\r\n}>>>7-4699-8a...\x00\x00\x00\x00\x00\x00\x00}
13:18:54.110 [qtp1044854934-108] DEBUG org.eclipse.jetty.server.HttpChannel - onContent HttpChannelOverHttp@705c8720{s=HttpChannelState@355e074f{s=HANDLING rs=BLOCKING os=OPEN is=IDLE awp=false se=false i=true al=0},r=4,c=false/false,a=HANDLING,uri=//localhost:8080/__admin/requests/count,age=2} Content@7e0eb48b{HeapByteBufferR@79ea21d9[p=200,l=289,c=8192,r=89]={POST /__a....2)\r\n\r\n<<<{\r\n  "url" : "/api/v0/com...\r\n  "method" : "GET"\r\n}>>>7-4699-8a...\x00\x00\x00\x00\x00\x00\x00}}
13:18:54.110 [qtp1044854934-108] DEBUG org.eclipse.jetty.server.HttpInput - HttpInputOverHTTP@344afc03[c=0,q=0,[0]=null,s=STREAM] addContent Content@7e0eb48b{HeapByteBufferR@79ea21d9[p=200,l=289,c=8192,r=89]={POST /__a....2)\r\n\r\n<<<{\r\n  "url" : "/api/v0/com...\r\n  "method" : "GET"\r\n}>>>7-4699-8a...\x00\x00\x00\x00\x00\x00\x00}}
13:18:54.110 [qtp1044854934-108] DEBUG org.eclipse.jetty.http.HttpParser - CONTENT --> CONTENT_END
13:18:54.110 [qtp1044854934-108] DEBUG org.eclipse.jetty.server.HttpChannel - onContentComplete HttpChannelOverHttp@705c8720{s=HttpChannelState@355e074f{s=HANDLING rs=BLOCKING os=OPEN is=IDLE awp=false se=false i=true al=0},r=4,c=false/false,a=HANDLING,uri=//localhost:8080/__admin/requests/count,age=2}
13:18:54.110 [qtp1044854934-108] DEBUG org.eclipse.jetty.http.HttpParser - CONTENT_END --> END
13:18:54.110 [qtp1044854934-108] DEBUG org.eclipse.jetty.server.HttpChannel - onRequestComplete HttpChannelOverHttp@705c8720{s=HttpChannelState@355e074f{s=HANDLING rs=BLOCKING os=OPEN is=IDLE awp=false se=false i=true al=0},r=4,c=false/false,a=HANDLING,uri=//localhost:8080/__admin/requests/count,age=2}
13:18:54.110 [qtp1044854934-108] DEBUG org.eclipse.jetty.server.HttpInput - HttpInputOverHTTP@344afc03[c=0,q=1,[0]=EOF,s=STREAM] addContent EOF
13:18:54.110 [qtp1044854934-108] DEBUG org.eclipse.jetty.server.HttpConnection - HttpConnection@6845abd8::NetworkTrafficSocketChannelEndPoint@7aa4ec50{/127.0.0.1:65029<->/127.0.0.1:8080,OPEN,fill=-,flush=-,to=2/30000}{io=0/0,kio=0,kro=1}->HttpConnection@6845abd8[p=HttpParser{s=END,89 of 89},g=HttpGenerator@4211309{s=START}]=>HttpChannelOverHttp@705c8720{s=HttpChannelState@355e074f{s=HANDLING rs=BLOCKING os=OPEN is=IDLE awp=false se=false i=true al=0},r=4,c=false/false,a=HANDLING,uri=//localhost:8080/__admin/requests/count,age=2} parsed false HttpParser{s=END,89 of 89}
13:18:54.110 [qtp1044854934-108] DEBUG org.eclipse.jetty.server.HttpInput - HttpInputOverHTTP@344afc03[c=89,q=1,[0]=EOF,s=STREAM] read 89 from Content@7e0eb48b{HeapByteBufferR@79ea21d9[p=289,l=289,c=8192,r=0]={POST /__a...GET"\r\n}<<<>>>7-4699-8a...\x00\x00\x00\x00\x00\x00\x00}}
13:18:54.111 [qtp1044854934-108] DEBUG org.eclipse.jetty.server.HttpConnection - releaseRequestBuffer HttpConnection@6845abd8::NetworkTrafficSocketChannelEndPoint@7aa4ec50{/127.0.0.1:65029<->/127.0.0.1:8080,OPEN,fill=-,flush=-,to=2/30000}{io=0/0,kio=0,kro=1}->HttpConnection@6845abd8[p=HttpParser{s=END,89 of 89},g=HttpGenerator@4211309{s=START}]=>HttpChannelOverHttp@705c8720{s=HttpChannelState@355e074f{s=HANDLING rs=BLOCKING os=OPEN is=IDLE awp=false se=false i=true al=0},r=4,c=false/false,a=HANDLING,uri=//localhost:8080/__admin/requests/count,age=3}
13:18:54.111 [qtp1044854934-108] DEBUG org.eclipse.jetty.server.HttpChannelState - onEof HttpChannelState@355e074f{s=HANDLING rs=BLOCKING os=OPEN is=IDLE awp=false se=false i=true al=0}
13:18:54.123 [qtp1044854934-108] DEBUG org.eclipse.jetty.server.HttpOutput - write(array HeapByteBuffer@61c2a07e[p=0,l=56,c=8192,r=56]={<<<{\r\n  "count" : 0,\r\n  "req...nalDisabled" : false\r\n}>>>\x00\x00\x00\x00\x00\x00\x00\x00\x00...\x00\x00\x00\x00\x00\x00\x00})
13:18:54.123 [qtp1044854934-108] DEBUG org.eclipse.jetty.server.HttpOutput - write(array) s=OPEN,api=BLOCKING,sc=false,e=null aggregated !flush DirectByteBuffer@39f337c1[p=0,l=56,c=32768,r=56]={<<<{\r\n  "count" : 0,\r\n  "req...nalDisabled" : false\r\n}>>>request" ...\x00\x00\x00\x00\x00\x00\x00}
13:18:54.123 [qtp1044854934-108] DEBUG org.eclipse.jetty.server.HttpChannel - sendResponse info=null content=DirectByteBuffer@39f337c1[p=0,l=56,c=32768,r=56]={<<<{\r\n  "count" : 0,\r\n  "req...nalDisabled" : false\r\n}>>>request" ...\x00\x00\x00\x00\x00\x00\x00} complete=false committing=true callback=Blocker@1c1a390a{null}
13:18:54.123 [qtp1044854934-108] DEBUG org.eclipse.jetty.server.HttpChannel - COMMIT for /__admin/requests/count on HttpChannelOverHttp@705c8720{s=HttpChannelState@355e074f{s=HANDLING rs=BLOCKING os=COMMITTED is=READY awp=false se=false i=true al=0},r=4,c=false/false,a=HANDLING,uri=//localhost:8080/__admin/requests/count,age=15}
200 null HTTP/1.1
Content-Type: application/json


13:18:54.123 [qtp1044854934-108] DEBUG org.eclipse.jetty.server.HttpConnection - generate: NEED_HEADER for org.eclipse.jetty.server.HttpConnection$SendCallback@5754950b[PROCESSING][i=HTTP/1.1{s=200,h=1,cl=-1},cb=org.eclipse.jetty.server.HttpChannel$SendCallback@1b4da316] (null,[p=0,l=56,c=32768,r=56],false)@START
13:18:54.123 [qtp1044854934-108] DEBUG org.eclipse.jetty.http.HttpGenerator - generateHeaders HTTP/1.1{s=200,h=1,cl=-1} last=false content=DirectByteBuffer@39f337c1[p=0,l=56,c=32768,r=56]={<<<{\r\n  "count" : 0,\r\n  "req...nalDisabled" : false\r\n}>>>request" ...\x00\x00\x00\x00\x00\x00\x00}
13:18:54.123 [qtp1044854934-108] DEBUG org.eclipse.jetty.http.HttpGenerator - Content-Type: application/json


13:18:54.123 [qtp1044854934-108] DEBUG org.eclipse.jetty.http.HttpGenerator - CHUNKED_CONTENT
13:18:54.123 [qtp1044854934-108] DEBUG org.eclipse.jetty.server.HttpConnection - generate: FLUSH for org.eclipse.jetty.server.HttpConnection$SendCallback@5754950b[PROCESSING][i=HTTP/1.1{s=200,h=1,cl=-1},cb=org.eclipse.jetty.server.HttpChannel$SendCallback@1b4da316] ([p=0,l=116,c=8192,r=116],[p=0,l=56,c=32768,r=56],false)@COMMITTED
13:18:54.123 [qtp1044854934-108] DEBUG org.eclipse.jetty.io.WriteFlusher - write: WriteFlusher@7e99254a{IDLE}->null [HeapByteBuffer@756f77d8[p=0,l=116,c=8192,r=116]={<<<HTTP/1.1 200 OK\r\nContent-...4.28.v20200408)\r\n\r\n38\r\n>>>8080\r\nCon...\x00\x00\x00\x00\x00\x00\x00},DirectByteBuffer@39f337c1[p=0,l=56,c=32768,r=56]={<<<{\r\n  "count" : 0,\r\n  "req...nalDisabled" : false\r\n}>>>request" ...\x00\x00\x00\x00\x00\x00\x00}]
13:18:54.123 [qtp1044854934-108] DEBUG org.eclipse.jetty.io.WriteFlusher - update WriteFlusher@7e99254a{WRITING}->null:IDLE-->WRITING
13:18:54.124 [Test worker] DEBUG org.apache.http.wire - http-outgoing-5 << "HTTP/1.1 200 OK[\r][\n]"
13:18:54.124 [Test worker] DEBUG org.apache.http.wire - http-outgoing-5 << "Content-Type: application/json[\r][\n]"
13:18:54.124 [Test worker] DEBUG org.apache.http.wire - http-outgoing-5 << "Transfer-Encoding: chunked[\r][\n]"
13:18:54.124 [Test worker] DEBUG org.apache.http.wire - http-outgoing-5 << "Server: Jetty(9.4.28.v20200408)[\r][\n]"
13:18:54.124 [Test worker] DEBUG org.apache.http.wire - http-outgoing-5 << "[\r][\n]"
13:18:54.124 [Test worker] DEBUG org.apache.http.wire - http-outgoing-5 << "38[\r][\n]"
13:18:54.124 [qtp1044854934-108] DEBUG org.eclipse.jetty.io.ChannelEndPoint - flushed 116 NetworkTrafficSocketChannelEndPoint@7aa4ec50{/127.0.0.1:65029<->/127.0.0.1:8080,OPEN,fill=-,flush=W,to=15/30000}{io=0/0,kio=0,kro=1}->HttpConnection@6845abd8[p=HttpParser{s=END,89 of 89},g=HttpGenerator@4211309{s=COMMITTED}]=>HttpChannelOverHttp@705c8720{s=HttpChannelState@355e074f{s=HANDLING rs=BLOCKING os=COMMITTED is=READY awp=false se=false i=true al=0},r=4,c=false/false,a=HANDLING,uri=//localhost:8080/__admin/requests/count,age=16}
13:18:54.124 [Test worker] DEBUG org.apache.http.headers - http-outgoing-5 << HTTP/1.1 200 OK
13:18:54.124 [Test worker] DEBUG org.apache.http.headers - http-outgoing-5 << Content-Type: application/json
13:18:54.124 [Test worker] DEBUG org.apache.http.headers - http-outgoing-5 << Transfer-Encoding: chunked
13:18:54.124 [Test worker] DEBUG org.apache.http.headers - http-outgoing-5 << Server: Jetty(9.4.28.v20200408)
13:18:54.124 [qtp1044854934-108] DEBUG org.eclipse.jetty.io.ChannelEndPoint - flushed 56 NetworkTrafficSocketChannelEndPoint@7aa4ec50{/127.0.0.1:65029<->/127.0.0.1:8080,OPEN,fill=-,flush=W,to=0/30000}{io=0/0,kio=0,kro=1}->HttpConnection@6845abd8[p=HttpParser{s=END,89 of 89},g=HttpGenerator@4211309{s=COMMITTED}]=>HttpChannelOverHttp@705c8720{s=HttpChannelState@355e074f{s=HANDLING rs=BLOCKING os=COMMITTED is=READY awp=false se=false i=true al=0},r=4,c=false/false,a=HANDLING,uri=//localhost:8080/__admin/requests/count,age=16}
13:18:54.124 [qtp1044854934-108] DEBUG org.eclipse.jetty.io.WriteFlusher - Flushed=true written=172 remaining=0 WriteFlusher@7e99254a{WRITING}->null
13:18:54.124 [qtp1044854934-108] DEBUG org.eclipse.jetty.io.WriteFlusher - update WriteFlusher@7e99254a{IDLE}->null:WRITING-->IDLE
13:18:54.124 [qtp1044854934-108] DEBUG org.eclipse.jetty.server.HttpConnection - generate: DONE for org.eclipse.jetty.server.HttpConnection$SendCallback@5754950b[PROCESSING][i=HTTP/1.1{s=200,h=1,cl=-1},cb=org.eclipse.jetty.server.HttpChannel$SendCallback@1b4da316] ([p=116,l=116,c=8192,r=0],[p=56,l=56,c=32768,r=0],false)@COMMITTED
13:18:54.124 [Test worker] DEBUG org.apache.http.impl.execchain.MainClientExec - Connection can be kept alive indefinitely
13:18:54.124 [qtp1044854934-108] DEBUG org.eclipse.jetty.server.HttpOutput - onWriteComplete(false,null) s=OPEN,api=BLOCKED,sc=false,e=null->s=OPEN,api=BLOCKING,sc=false,e=null c=null cb=null w=false
13:18:54.124 [qtp1044854934-108] DEBUG org.eclipse.jetty.server.HttpOutput - close() s=CLOSING,api=BLOCKED,sc=false,e=null c=HeapByteBuffer@137d328[p=0,l=0,c=0,r=0]={<<<>>>} b=Blocker@1c1a390a{null}
13:18:54.124 [qtp1044854934-108] DEBUG org.eclipse.jetty.server.HttpChannel - sendResponse info=null content=HeapByteBuffer@137d328[p=0,l=0,c=0,r=0]={<<<>>>} complete=true committing=false callback=Blocker@1c1a390a{null}
13:18:54.124 [qtp1044854934-108] DEBUG org.eclipse.jetty.server.HttpConnection - generate: CONTINUE for org.eclipse.jetty.server.HttpConnection$SendCallback@5754950b[PROCESSING][i=null,cb=org.eclipse.jetty.server.HttpChannel$SendCallback@106ce618] (null,[p=0,l=0,c=0,r=0],true)@COMPLETING
13:18:54.124 [qtp1044854934-108] DEBUG org.eclipse.jetty.server.HttpConnection - generate: NEED_CHUNK for org.eclipse.jetty.server.HttpConnection$SendCallback@5754950b[PROCESSING][i=null,cb=org.eclipse.jetty.server.HttpChannel$SendCallback@106ce618] (null,[p=0,l=0,c=0,r=0],true)@COMPLETING
13:18:54.124 [Test worker] DEBUG org.apache.http.wire - http-outgoing-5 << "{[\r][\n]"
13:18:54.124 [Test worker] DEBUG org.apache.http.wire - http-outgoing-5 << "  "count" : 0,[\r][\n]"
13:18:54.124 [Test worker] DEBUG org.apache.http.wire - http-outgoing-5 << "  "requestJournalDisabled" : false[\r][\n]"
13:18:54.124 [qtp1044854934-108] DEBUG org.eclipse.jetty.server.HttpConnection - generate: FLUSH for org.eclipse.jetty.server.HttpConnection$SendCallback@5754950b[PROCESSING][i=null,cb=org.eclipse.jetty.server.HttpChannel$SendCallback@106ce618] (null,[p=0,l=0,c=0,r=0],true)@COMPLETING
13:18:54.124 [Test worker] DEBUG org.apache.http.wire - http-outgoing-5 << "}"
13:18:54.124 [qtp1044854934-108] DEBUG org.eclipse.jetty.io.WriteFlusher - write: WriteFlusher@7e99254a{IDLE}->null [HeapByteBuffer@4009a65c[p=0,l=7,c=1024,r=7]={<<<\r\n0\r\n\r\n>>>\x00\x00\x00\x00\x00\x00\x00\x00\x00...\x00\x00\x00\x00\x00\x00\x00}]
13:18:54.124 [qtp1044854934-108] DEBUG org.eclipse.jetty.io.WriteFlusher - update WriteFlusher@7e99254a{WRITING}->null:IDLE-->WRITING
13:18:54.124 [Test worker] DEBUG org.apache.http.wire - http-outgoing-5 << "[\r][\n]"
13:18:54.124 [Test worker] DEBUG org.apache.http.wire - http-outgoing-5 << "0[\r][\n]"
13:18:54.124 [Test worker] DEBUG org.apache.http.wire - http-outgoing-5 << "[\r][\n]"
13:18:54.124 [Test worker] DEBUG org.apache.http.impl.conn.PoolingHttpClientConnectionManager - Connection [id: 5][route: {}->http://localhost:8080] can be kept alive indefinitely
13:18:54.124 [qtp1044854934-108] DEBUG org.eclipse.jetty.io.ChannelEndPoint - flushed 7 NetworkTrafficSocketChannelEndPoint@7aa4ec50{/127.0.0.1:65029<->/127.0.0.1:8080,OPEN,fill=-,flush=W,to=0/30000}{io=0/0,kio=0,kro=1}->HttpConnection@6845abd8[p=HttpParser{s=END,89 of 89},g=HttpGenerator@4211309{s=COMPLETING}]=>HttpChannelOverHttp@705c8720{s=HttpChannelState@355e074f{s=HANDLING rs=BLOCKING os=COMMITTED is=READY awp=false se=false i=true al=0},r=4,c=false/false,a=HANDLING,uri=//localhost:8080/__admin/requests/count,age=16}
13:18:54.124 [Test worker] DEBUG org.apache.http.impl.conn.DefaultManagedHttpClientConnection - http-outgoing-5: set socket timeout to 0
13:18:54.125 [Test worker] DEBUG org.apache.http.impl.conn.PoolingHttpClientConnectionManager - Connection released: [id: 5][route: {}->http://localhost:8080][total available: 1; route allocated: 1 of 5; total allocated: 1 of 50]
13:18:54.125 [qtp1044854934-108] DEBUG org.eclipse.jetty.io.WriteFlusher - Flushed=true written=7 remaining=0 WriteFlusher@7e99254a{WRITING}->null
13:18:54.125 [qtp1044854934-108] DEBUG org.eclipse.jetty.io.WriteFlusher - update WriteFlusher@7e99254a{IDLE}->null:WRITING-->IDLE
13:18:54.125 [qtp1044854934-108] DEBUG org.eclipse.jetty.server.HttpConnection - generate: DONE for org.eclipse.jetty.server.HttpConnection$SendCallback@5754950b[PROCESSING][i=null,cb=org.eclipse.jetty.server.HttpChannel$SendCallback@106ce618] (null,[p=0,l=0,c=0,r=0],true)@END
13:18:54.125 [qtp1044854934-108] DEBUG org.eclipse.jetty.server.HttpOutput - onWriteComplete(true,null) s=CLOSING,api=BLOCKED,sc=false,e=null->s=CLOSED,api=BLOCKING,sc=false,e=null c=null cb=null w=false
13:18:54.125 [qtp1044854934-108] DEBUG org.eclipse.jetty.server.handler.gzip.GzipHandler - GzipHandler@4d61717f{STARTED,min=32,inflate=-1} handle Request[POST //localhost:8080/__admin/requests/count]@3ce2252b in null
13:18:54.126 [qtp1044854934-108] DEBUG org.eclipse.jetty.server.handler.ContextHandler - scope null||/__admin/requests/count @ o.e.j.s.ServletContextHandler@769fbc24{/,null,AVAILABLE}
13:18:54.126 [qtp1044854934-108] DEBUG org.eclipse.jetty.server.Server - handled=true async=false committed=true on HttpChannelOverHttp@705c8720{s=HttpChannelState@355e074f{s=HANDLING rs=BLOCKING os=COMPLETED is=READY awp=false se=false i=true al=0},r=4,c=false/true,a=HANDLING,uri=//localhost:8080/__admin/requests/count,age=18}
13:18:54.126 [qtp1044854934-108] DEBUG org.eclipse.jetty.server.HttpChannelState - unhandle HttpChannelState@355e074f{s=HANDLING rs=BLOCKING os=COMPLETED is=READY awp=false se=false i=true al=0}
13:18:54.126 [qtp1044854934-108] DEBUG org.eclipse.jetty.server.HttpChannelState - nextAction(false) COMPLETE HttpChannelState@355e074f{s=HANDLING rs=COMPLETING os=COMPLETED is=READY awp=false se=false i=false al=0}
13:18:54.126 [qtp1044854934-108] DEBUG org.eclipse.jetty.server.HttpChannel - action COMPLETE HttpChannelOverHttp@705c8720{s=HttpChannelState@355e074f{s=HANDLING rs=COMPLETING os=COMPLETED is=READY awp=false se=false i=false al=0},r=4,c=false/true,a=HANDLING,uri=//localhost:8080/__admin/requests/count,age=18}
13:18:54.126 [qtp1044854934-108] DEBUG org.eclipse.jetty.server.HttpOutput - complete(org.eclipse.jetty.util.Callback$4@3820f925) s=CLOSED,api=BLOCKING,sc=false,e=null s=true e=null, c=null
13:18:54.126 [qtp1044854934-108] DEBUG org.eclipse.jetty.server.HttpChannelState - completed HttpChannelState@355e074f{s=HANDLING rs=COMPLETING os=COMPLETED is=READY awp=false se=false i=false al=0}
13:18:54.126 [qtp1044854934-108] DEBUG org.eclipse.jetty.server.HttpChannelState - unhandle HttpChannelState@355e074f{s=HANDLING rs=COMPLETED os=COMPLETED is=READY awp=false se=false i=false al=0}
13:18:54.126 [qtp1044854934-108] DEBUG org.eclipse.jetty.server.HttpChannelState - nextAction(false) TERMINATED HttpChannelState@355e074f{s=IDLE rs=COMPLETED os=COMPLETED is=READY awp=false se=false i=false al=0}
13:18:54.126 [qtp1044854934-108] DEBUG org.eclipse.jetty.server.HttpChannel - action TERMINATED HttpChannelOverHttp@705c8720{s=HttpChannelState@355e074f{s=IDLE rs=COMPLETED os=COMPLETED is=READY awp=false se=false i=false al=0},r=4,c=true/true,a=IDLE,uri=//localhost:8080/__admin/requests/count,age=18}
13:18:54.126 [qtp1044854934-108] DEBUG org.eclipse.jetty.server.HttpChannel - onCompleted for /__admin/requests/count written=56
13:18:54.126 [qtp1044854934-108] DEBUG org.eclipse.jetty.server.HttpChannelState - recycle HttpChannelState@355e074f{s=IDLE rs=COMPLETED os=COMPLETED is=READY awp=false se=false i=false al=0}
13:18:54.126 [Test worker] DEBUG org.apache.http.impl.conn.PoolingHttpClientConnectionManager - Connection request: [route: {}->http://localhost:8080][total available: 1; route allocated: 1 of 5; total allocated: 1 of 50]
13:18:54.126 [qtp1044854934-108] DEBUG org.eclipse.jetty.http.HttpParser - reset HttpParser{s=END,89 of 89}
13:18:54.126 [qtp1044854934-108] DEBUG org.eclipse.jetty.http.HttpParser - END --> START
13:18:54.126 [Test worker] DEBUG org.apache.http.impl.conn.PoolingHttpClientConnectionManager - Connection leased: [id: 5][route: {}->http://localhost:8080][total available: 0; route allocated: 1 of 5; total allocated: 1 of 50]
13:18:54.126 [qtp1044854934-108] DEBUG org.eclipse.jetty.server.HttpChannel - !handle TERMINATED HttpChannelOverHttp@705c8720{s=HttpChannelState@355e074f{s=IDLE rs=BLOCKING os=OPEN is=IDLE awp=false se=false i=true al=0},r=4,c=false/false,a=IDLE,uri=null,age=0}
13:18:54.126 [Test worker] DEBUG org.apache.http.impl.conn.DefaultManagedHttpClientConnection - http-outgoing-5: set socket timeout to 30000
13:18:54.126 [Test worker] DEBUG org.apache.http.impl.execchain.MainClientExec - Stale connection check
13:18:54.126 [qtp1044854934-108] DEBUG org.eclipse.jetty.io.ChannelEndPoint - filled 0 HeapByteBuffer@756f77d8[p=0,l=0,c=8192,r=0]={<<<>>>HTTP/1.1 ...\x00\x00\x00\x00\x00\x00\x00}
13:18:54.126 [qtp1044854934-108] DEBUG org.eclipse.jetty.io.ChannelEndPoint - filled 0 HeapByteBuffer@756f77d8[p=0,l=0,c=8192,r=0]={<<<>>>HTTP/1.1 ...\x00\x00\x00\x00\x00\x00\x00}
13:18:54.127 [qtp1044854934-108] DEBUG org.eclipse.jetty.server.HttpConnection - HttpConnection@6845abd8::NetworkTrafficSocketChannelEndPoint@7aa4ec50{/127.0.0.1:65029<->/127.0.0.1:8080,OPEN,fill=-,flush=-,to=2/30000}{io=0/0,kio=0,kro=1}->HttpConnection@6845abd8[p=HttpParser{s=START,0 of -1},g=HttpGenerator@4211309{s=START}]=>HttpChannelOverHttp@705c8720{s=HttpChannelState@355e074f{s=IDLE rs=BLOCKING os=OPEN is=IDLE awp=false se=false i=true al=0},r=4,c=false/false,a=IDLE,uri=null,age=0} filled 0 HeapByteBuffer@756f77d8[p=0,l=0,c=8192,r=0]={<<<>>>HTTP/1.1 ...\x00\x00\x00\x00\x00\x00\x00}
13:18:54.127 [qtp1044854934-108] DEBUG org.eclipse.jetty.server.HttpConnection - HttpConnection@6845abd8::NetworkTrafficSocketChannelEndPoint@7aa4ec50{/127.0.0.1:65029<->/127.0.0.1:8080,OPEN,fill=-,flush=-,to=2/30000}{io=0/0,kio=0,kro=1}->HttpConnection@6845abd8[p=HttpParser{s=START,0 of -1},g=HttpGenerator@4211309{s=START}]=>HttpChannelOverHttp@705c8720{s=HttpChannelState@355e074f{s=IDLE rs=BLOCKING os=OPEN is=IDLE awp=false se=false i=true al=0},r=4,c=false/false,a=IDLE,uri=null,age=0} parse HeapByteBuffer@756f77d8[p=0,l=0,c=8192,r=0]={<<<>>>HTTP/1.1 ...\x00\x00\x00\x00\x00\x00\x00} {}
13:18:54.127 [qtp1044854934-108] DEBUG org.eclipse.jetty.http.HttpParser - parseNext s=START HeapByteBuffer@756f77d8[p=0,l=0,c=8192,r=0]={<<<>>>HTTP/1.1 ...\x00\x00\x00\x00\x00\x00\x00}
13:18:54.127 [qtp1044854934-108] DEBUG org.eclipse.jetty.server.HttpConnection - HttpConnection@6845abd8::NetworkTrafficSocketChannelEndPoint@7aa4ec50{/127.0.0.1:65029<->/127.0.0.1:8080,OPEN,fill=-,flush=-,to=2/30000}{io=0/0,kio=0,kro=1}->HttpConnection@6845abd8[p=HttpParser{s=START,0 of -1},g=HttpGenerator@4211309{s=START}]=>HttpChannelOverHttp@705c8720{s=HttpChannelState@355e074f{s=IDLE rs=BLOCKING os=OPEN is=IDLE awp=false se=false i=true al=0},r=4,c=false/false,a=IDLE,uri=null,age=0} parsed false HttpParser{s=START,0 of -1}
13:18:54.127 [qtp1044854934-108] DEBUG org.eclipse.jetty.server.HttpConnection - releaseRequestBuffer HttpConnection@6845abd8::NetworkTrafficSocketChannelEndPoint@7aa4ec50{/127.0.0.1:65029<->/127.0.0.1:8080,OPEN,fill=-,flush=-,to=2/30000}{io=0/0,kio=0,kro=1}->HttpConnection@6845abd8[p=HttpParser{s=START,0 of -1},g=HttpGenerator@4211309{s=START}]=>HttpChannelOverHttp@705c8720{s=HttpChannelState@355e074f{s=IDLE rs=BLOCKING os=OPEN is=IDLE awp=false se=false i=true al=0},r=4,c=false/false,a=IDLE,uri=null,age=0}
13:18:54.127 [qtp1044854934-108] DEBUG org.eclipse.jetty.io.AbstractConnection - fillInterested HttpConnection@6845abd8::NetworkTrafficSocketChannelEndPoint@7aa4ec50{/127.0.0.1:65029<->/127.0.0.1:8080,OPEN,fill=-,flush=-,to=2/30000}{io=0/0,kio=0,kro=1}->HttpConnection@6845abd8[p=HttpParser{s=START,0 of -1},g=HttpGenerator@4211309{s=START}]=>HttpChannelOverHttp@705c8720{s=HttpChannelState@355e074f{s=IDLE rs=BLOCKING os=OPEN is=IDLE awp=false se=false i=true al=0},r=4,c=false/false,a=IDLE,uri=null,age=0}
13:18:54.127 [qtp1044854934-108] DEBUG org.eclipse.jetty.io.FillInterest - interested FillInterest@10d0e12a{AC.ReadCB@6845abd8{HttpConnection@6845abd8::NetworkTrafficSocketChannelEndPoint@7aa4ec50{/127.0.0.1:65029<->/127.0.0.1:8080,OPEN,fill=FI,flush=-,to=0/30000}{io=0/0,kio=0,kro=1}->HttpConnection@6845abd8[p=HttpParser{s=START,0 of -1},g=HttpGenerator@4211309{s=START}]=>HttpChannelOverHttp@705c8720{s=HttpChannelState@355e074f{s=IDLE rs=BLOCKING os=OPEN is=IDLE awp=false se=false i=true al=0},r=4,c=false/false,a=IDLE,uri=null,age=0}}}
13:18:54.127 [qtp1044854934-108] DEBUG org.eclipse.jetty.io.ChannelEndPoint - changeInterests p=false 0->1 for NetworkTrafficSocketChannelEndPoint@7aa4ec50{/127.0.0.1:65029<->/127.0.0.1:8080,OPEN,fill=FI,flush=-,to=0/30000}{io=0/1,kio=0,kro=1}->HttpConnection@6845abd8[p=HttpParser{s=START,0 of -1},g=HttpGenerator@4211309{s=START}]=>HttpChannelOverHttp@705c8720{s=HttpChannelState@355e074f{s=IDLE rs=BLOCKING os=OPEN is=IDLE awp=false se=false i=true al=0},r=4,c=false/false,a=IDLE,uri=null,age=0}
13:18:54.127 [qtp1044854934-108] DEBUG org.eclipse.jetty.io.ManagedSelector - Queued change org.eclipse.jetty.io.ChannelEndPoint$1@5571f800 on ManagedSelector@2114e303{STARTED} id=1 keys=2 selected=0 updates=0
13:18:54.127 [qtp1044854934-108] DEBUG org.eclipse.jetty.io.ManagedSelector - Wakeup on submit ManagedSelector@2114e303{STARTED} id=1 keys=2 selected=0 updates=1
13:18:54.128 [qtp1044854934-107] DEBUG org.eclipse.jetty.io.ManagedSelector - Selector sun.nio.ch.WindowsSelectorImpl@7436f8a6 woken with none selected
13:18:54.128 [qtp1044854934-107] DEBUG org.eclipse.jetty.io.ManagedSelector - Selector sun.nio.ch.WindowsSelectorImpl@7436f8a6 woken up from select, 0/0/2 selected
13:18:54.128 [qtp1044854934-107] DEBUG org.eclipse.jetty.io.ManagedSelector - Selector sun.nio.ch.WindowsSelectorImpl@7436f8a6 processing 0 keys, 1 updates
13:18:54.128 [qtp1044854934-107] DEBUG org.eclipse.jetty.io.ManagedSelector - updateable 1
13:18:54.128 [qtp1044854934-107] DEBUG org.eclipse.jetty.io.ManagedSelector - update org.eclipse.jetty.io.ChannelEndPoint$1@5571f800
13:18:54.128 [Test worker] DEBUG org.apache.http.wire - http-outgoing-5 << "[read] I/O error: Read timed out"
13:18:54.128 [qtp1044854934-107] DEBUG org.eclipse.jetty.io.ChannelEndPoint - Key interests updated 0 -> 1 on NetworkTrafficSocketChannelEndPoint@7aa4ec50{/127.0.0.1:65029<->/127.0.0.1:8080,OPEN,fill=FI,flush=-,to=0/30000}{io=1/1,kio=1,kro=1}->HttpConnection@6845abd8[p=HttpParser{s=START,0 of -1},g=HttpGenerator@4211309{s=START}]=>HttpChannelOverHttp@705c8720{s=HttpChannelState@355e074f{s=IDLE rs=BLOCKING os=OPEN is=IDLE awp=false se=false i=true al=0},r=4,c=false/false,a=IDLE,uri=null,age=0}
13:18:54.128 [qtp1044854934-107] DEBUG org.eclipse.jetty.io.ManagedSelector - updates 0
13:18:54.128 [qtp1044854934-107] DEBUG org.eclipse.jetty.io.ManagedSelector - Selector sun.nio.ch.WindowsSelectorImpl@7436f8a6 waiting with 2 keys
13:18:54.128 [Test worker] DEBUG org.apache.http.impl.execchain.MainClientExec - Executing request POST /__admin/requests/count HTTP/1.1
13:18:54.128 [Test worker] DEBUG org.apache.http.impl.execchain.MainClientExec - Target auth state: UNCHALLENGED
13:18:54.128 [qtp1044854934-108] DEBUG org.eclipse.jetty.server.HttpConnection - HttpConnection@6845abd8::NetworkTrafficSocketChannelEndPoint@7aa4ec50{/127.0.0.1:65029<->/127.0.0.1:8080,OPEN,fill=FI,flush=-,to=0/30000}{io=0/1,kio=0,kro=1}->HttpConnection@6845abd8[p=HttpParser{s=START,0 of -1},g=HttpGenerator@4211309{s=START}]=>HttpChannelOverHttp@705c8720{s=HttpChannelState@355e074f{s=IDLE rs=BLOCKING os=OPEN is=IDLE awp=false se=false i=true al=0},r=4,c=false/false,a=IDLE,uri=null,age=0} onFillable exit HttpChannelState@355e074f{s=IDLE rs=BLOCKING os=OPEN is=IDLE awp=false se=false i=true al=0} null
13:18:54.128 [Test worker] DEBUG org.apache.http.impl.execchain.MainClientExec - Proxy auth state: UNCHALLENGED
13:18:54.128 [qtp1044854934-108] DEBUG org.eclipse.jetty.util.thread.ReservedThreadExecutor - ReservedThreadExecutor@6a4b1be1{s=1/1,p=0}@3bcc026b size 1 > capacity
13:18:54.128 [qtp1044854934-108] DEBUG org.eclipse.jetty.util.thread.QueuedThreadPool - ran ReservedThreadExecutor@6a4b1be1{s=1/1,p=0}@3bcc026b in QueuedThreadPool[qtp1044854934]@3e473896{STARTED,8<=8<=14,i=1,r=1,q=0}[ReservedThreadExecutor@6a4b1be1{s=1/1,p=0}]
13:18:54.128 [Test worker] DEBUG org.apache.http.headers - http-outgoing-5 >> POST /__admin/requests/count HTTP/1.1
13:18:54.128 [Test worker] DEBUG org.apache.http.headers - http-outgoing-5 >> Content-Length: 63
13:18:54.128 [Test worker] DEBUG org.apache.http.headers - http-outgoing-5 >> Content-Type: text/plain; charset=UTF-8
13:18:54.128 [Test worker] DEBUG org.apache.http.headers - http-outgoing-5 >> Host: localhost:8080
13:18:54.128 [Test worker] DEBUG org.apache.http.headers - http-outgoing-5 >> Connection: Keep-Alive
13:18:54.128 [Test worker] DEBUG org.apache.http.headers - http-outgoing-5 >> User-Agent: Apache-HttpClient/4.5.12 (Java/11.0.2)
13:18:54.128 [Test worker] DEBUG org.apache.http.wire - http-outgoing-5 >> "POST /__admin/requests/count HTTP/1.1[\r][\n]"
13:18:54.128 [Test worker] DEBUG org.apache.http.wire - http-outgoing-5 >> "Content-Length: 63[\r][\n]"
13:18:54.128 [Test worker] DEBUG org.apache.http.wire - http-outgoing-5 >> "Content-Type: text/plain; charset=UTF-8[\r][\n]"
13:18:54.128 [Test worker] DEBUG org.apache.http.wire - http-outgoing-5 >> "Host: localhost:8080[\r][\n]"
13:18:54.128 [Test worker] DEBUG org.apache.http.wire - http-outgoing-5 >> "Connection: Keep-Alive[\r][\n]"
13:18:54.128 [Test worker] DEBUG org.apache.http.wire - http-outgoing-5 >> "User-Agent: Apache-HttpClient/4.5.12 (Java/11.0.2)[\r][\n]"
13:18:54.128 [Test worker] DEBUG org.apache.http.wire - http-outgoing-5 >> "[\r][\n]"
13:18:54.128 [Test worker] DEBUG org.apache.http.wire - http-outgoing-5 >> "{[\r][\n]"
13:18:54.128 [Test worker] DEBUG org.apache.http.wire - http-outgoing-5 >> "  "url" : "/api/v0/components/login",[\r][\n]"
13:18:54.128 [Test worker] DEBUG org.apache.http.wire - http-outgoing-5 >> "  "method" : "GET"[\r][\n]"
13:18:54.128 [Test worker] DEBUG org.apache.http.wire - http-outgoing-5 >> "}"
13:18:54.128 [qtp1044854934-107] DEBUG org.eclipse.jetty.io.ManagedSelector - Selector sun.nio.ch.WindowsSelectorImpl@7436f8a6 woken up from select, 1/1/2 selected
13:18:54.128 [qtp1044854934-107] DEBUG org.eclipse.jetty.io.ManagedSelector - Selector sun.nio.ch.WindowsSelectorImpl@7436f8a6 processing 1 keys, 0 updates
13:18:54.128 [qtp1044854934-107] DEBUG org.eclipse.jetty.io.ManagedSelector - selected 1 channel=java.nio.channels.SocketChannel[connected local=/127.0.0.1:8080 remote=/127.0.0.1:65029], selector=sun.nio.ch.WindowsSelectorImpl@7436f8a6, interestOps=1, readyOps=1 NetworkTrafficSocketChannelEndPoint@7aa4ec50{/127.0.0.1:65029<->/127.0.0.1:8080,OPEN,fill=FI,flush=-,to=1/30000}{io=1/1,kio=1,kro=1}->HttpConnection@6845abd8[p=HttpParser{s=START,0 of -1},g=HttpGenerator@4211309{s=START}]=>HttpChannelOverHttp@705c8720{s=HttpChannelState@355e074f{s=IDLE rs=BLOCKING os=OPEN is=IDLE awp=false se=false i=true al=0},r=4,c=false/false,a=IDLE,uri=null,age=0} 
13:18:54.128 [qtp1044854934-107] DEBUG org.eclipse.jetty.io.ChannelEndPoint - onSelected 1->0 r=true w=false for NetworkTrafficSocketChannelEndPoint@7aa4ec50{/127.0.0.1:65029<->/127.0.0.1:8080,OPEN,fill=FI,flush=-,to=1/30000}{io=1/0,kio=1,kro=1}->HttpConnection@6845abd8[p=HttpParser{s=START,0 of -1},g=HttpGenerator@4211309{s=START}]=>HttpChannelOverHttp@705c8720{s=HttpChannelState@355e074f{s=IDLE rs=BLOCKING os=OPEN is=IDLE awp=false se=false i=true al=0},r=4,c=false/false,a=IDLE,uri=null,age=0}
13:18:54.129 [qtp1044854934-107] DEBUG org.eclipse.jetty.io.ChannelEndPoint - task CEP:NetworkTrafficSocketChannelEndPoint@7aa4ec50{/127.0.0.1:65029<->/127.0.0.1:8080,OPEN,fill=FI,flush=-,to=1/30000}{io=1/0,kio=1,kro=1}->HttpConnection@6845abd8[p=HttpParser{s=START,0 of -1},g=HttpGenerator@4211309{s=START}]=>HttpChannelOverHttp@705c8720{s=HttpChannelState@355e074f{s=IDLE rs=BLOCKING os=OPEN is=IDLE awp=false se=false i=true al=0},r=4,c=false/false,a=IDLE,uri=null,age=0}:runFillable:BLOCKING
13:18:54.129 [qtp1044854934-107] DEBUG org.eclipse.jetty.util.thread.ReservedThreadExecutor - ReservedThreadExecutor@6a4b1be1{s=1/1,p=0} tryExecute EatWhatYouKill@338225cc/SelectorProducer@18085b76/PRODUCING/p=false/QueuedThreadPool[qtp1044854934]@3e473896{STARTED,8<=8<=14,i=2,r=1,q=0}[ReservedThreadExecutor@6a4b1be1{s=1/1,p=0}][pc=0,pic=0,pec=1,epc=4]@2020-09-25T13:18:54.1293985+02:00
13:18:54.129 [qtp1044854934-107] DEBUG org.eclipse.jetty.util.thread.ReservedThreadExecutor - ReservedThreadExecutor@6a4b1be1{s=0/1,p=0}@5fa4ba3a offer EatWhatYouKill@338225cc/SelectorProducer@18085b76/PRODUCING/p=false/QueuedThreadPool[qtp1044854934]@3e473896{STARTED,8<=8<=14,i=2,r=1,q=0}[ReservedThreadExecutor@6a4b1be1{s=0/1,p=0}][pc=0,pic=0,pec=1,epc=4]@2020-09-25T13:18:54.1293985+02:00
13:18:54.129 [qtp1044854934-107] DEBUG org.eclipse.jetty.util.thread.ReservedThreadExecutor - ReservedThreadExecutor@6a4b1be1{s=0/1,p=1} startReservedThread p=1
13:18:54.129 [qtp1044854934-107] DEBUG org.eclipse.jetty.util.thread.QueuedThreadPool - queue ReservedThreadExecutor@6a4b1be1{s=0/1,p=1}@6582de19 startThread=0
13:18:54.129 [qtp1044854934-107] DEBUG org.eclipse.jetty.util.thread.strategy.EatWhatYouKill - EatWhatYouKill@338225cc/SelectorProducer@18085b76/IDLE/p=true/QueuedThreadPool[qtp1044854934]@3e473896{STARTED,8<=8<=14,i=1,r=1,q=0}[ReservedThreadExecutor@6a4b1be1{s=0/1,p=1}][pc=0,pic=0,pec=1,epc=4]@2020-09-25T13:18:54.1293985+02:00 m=EXECUTE_PRODUCE_CONSUME t=CEP:NetworkTrafficSocketChannelEndPoint@7aa4ec50{/127.0.0.1:65029<->/127.0.0.1:8080,OPEN,fill=FI,flush=-,to=1/30000}{io=1/0,kio=1,kro=1}->HttpConnection@6845abd8[p=HttpParser{s=START,0 of -1},g=HttpGenerator@4211309{s=START}]=>HttpChannelOverHttp@705c8720{s=HttpChannelState@355e074f{s=IDLE rs=BLOCKING os=OPEN is=IDLE awp=false se=false i=true al=0},r=4,c=false/false,a=IDLE,uri=null,age=0}:runFillable:BLOCKING/BLOCKING
13:18:54.129 [qtp1044854934-107] DEBUG org.eclipse.jetty.io.FillInterest - fillable FillInterest@10d0e12a{AC.ReadCB@6845abd8{HttpConnection@6845abd8::NetworkTrafficSocketChannelEndPoint@7aa4ec50{/127.0.0.1:65029<->/127.0.0.1:8080,OPEN,fill=FI,flush=-,to=2/30000}{io=1/0,kio=1,kro=1}->HttpConnection@6845abd8[p=HttpParser{s=START,0 of -1},g=HttpGenerator@4211309{s=START}]=>HttpChannelOverHttp@705c8720{s=HttpChannelState@355e074f{s=IDLE rs=BLOCKING os=OPEN is=IDLE awp=false se=false i=true al=0},r=4,c=false/false,a=IDLE,uri=null,age=0}}}
13:18:54.129 [qtp1044854934-107] DEBUG org.eclipse.jetty.server.HttpConnection - HttpConnection@6845abd8::NetworkTrafficSocketChannelEndPoint@7aa4ec50{/127.0.0.1:65029<->/127.0.0.1:8080,OPEN,fill=-,flush=-,to=2/30000}{io=1/0,kio=1,kro=1}->HttpConnection@6845abd8[p=HttpParser{s=START,0 of -1},g=HttpGenerator@4211309{s=START}]=>HttpChannelOverHttp@705c8720{s=HttpChannelState@355e074f{s=IDLE rs=BLOCKING os=OPEN is=IDLE awp=false se=false i=true al=0},r=4,c=false/false,a=IDLE,uri=null,age=0} onFillable enter HttpChannelState@355e074f{s=IDLE rs=BLOCKING os=OPEN is=IDLE awp=false se=false i=true al=0} null
13:18:54.129 [qtp1044854934-107] DEBUG org.eclipse.jetty.io.ChannelEndPoint - filled 263 HeapByteBuffer@756f77d8[p=0,l=263,c=8192,r=263]={<<<POST /__admin/requests/co...\r\n  "method" : "GET"\r\n}>>>}",\r\n  "m...\x00\x00\x00\x00\x00\x00\x00}
13:18:54.130 [qtp1044854934-107] DEBUG org.eclipse.jetty.server.HttpConnection - HttpConnection@6845abd8::NetworkTrafficSocketChannelEndPoint@7aa4ec50{/127.0.0.1:65029<->/127.0.0.1:8080,OPEN,fill=-,flush=-,to=0/30000}{io=1/0,kio=1,kro=1}->HttpConnection@6845abd8[p=HttpParser{s=START,0 of -1},g=HttpGenerator@4211309{s=START}]=>HttpChannelOverHttp@705c8720{s=HttpChannelState@355e074f{s=IDLE rs=BLOCKING os=OPEN is=IDLE awp=false se=false i=true al=0},r=4,c=false/false,a=IDLE,uri=null,age=0} filled 263 HeapByteBuffer@756f77d8[p=0,l=263,c=8192,r=263]={<<<POST /__admin/requests/co...\r\n  "method" : "GET"\r\n}>>>}",\r\n  "m...\x00\x00\x00\x00\x00\x00\x00}
13:18:54.130 [qtp1044854934-107] DEBUG org.eclipse.jetty.server.HttpConnection - HttpConnection@6845abd8::NetworkTrafficSocketChannelEndPoint@7aa4ec50{/127.0.0.1:65029<->/127.0.0.1:8080,OPEN,fill=-,flush=-,to=0/30000}{io=1/0,kio=1,kro=1}->HttpConnection@6845abd8[p=HttpParser{s=START,0 of -1},g=HttpGenerator@4211309{s=START}]=>HttpChannelOverHttp@705c8720{s=HttpChannelState@355e074f{s=IDLE rs=BLOCKING os=OPEN is=IDLE awp=false se=false i=true al=0},r=4,c=false/false,a=IDLE,uri=null,age=0} parse HeapByteBuffer@756f77d8[p=0,l=263,c=8192,r=263]={<<<POST /__admin/requests/co...\r\n  "method" : "GET"\r\n}>>>}",\r\n  "m...\x00\x00\x00\x00\x00\x00\x00} {}
13:18:54.130 [qtp1044854934-107] DEBUG org.eclipse.jetty.http.HttpParser - parseNext s=START HeapByteBuffer@756f77d8[p=0,l=263,c=8192,r=263]={<<<POST /__admin/requests/co...\r\n  "method" : "GET"\r\n}>>>}",\r\n  "m...\x00\x00\x00\x00\x00\x00\x00}
13:18:54.130 [qtp1044854934-107] DEBUG org.eclipse.jetty.http.HttpParser - START --> SPACE1
13:18:54.130 [qtp1044854934-107] DEBUG org.eclipse.jetty.http.HttpParser - SPACE1 --> URI
13:18:54.130 [qtp1044854934-107] DEBUG org.eclipse.jetty.http.HttpParser - URI --> SPACE2
13:18:54.130 [qtp1044854934-107] DEBUG org.eclipse.jetty.http.HttpParser - SPACE2 --> REQUEST_VERSION
13:18:54.130 [qtp1044854934-107] DEBUG org.eclipse.jetty.http.HttpParser - REQUEST_VERSION --> HEADER
13:18:54.130 [qtp1044854934-107] DEBUG org.eclipse.jetty.http.HttpParser - HEADER:Content-Length --> VALUE
13:18:54.130 [qtp1044854934-107] DEBUG org.eclipse.jetty.http.HttpParser - HEADER:Content-Length --> IN_VALUE
13:18:54.130 [qtp1044854934-107] DEBUG org.eclipse.jetty.http.HttpParser - HEADER:Content-Length --> FIELD
13:18:54.130 [qtp1044854934-107] DEBUG org.eclipse.jetty.http.HttpParser - HEADER:Content-Type: text/plain; charset=UTF-8 --> IN_VALUE
13:18:54.130 [qtp1044854934-107] DEBUG org.eclipse.jetty.http.HttpParser - HEADER:Content-Type: text/plain; charset=UTF-8 --> FIELD
13:18:54.130 [qtp1044854934-107] DEBUG org.eclipse.jetty.http.HttpParser - HEADER:Host: localhost:8080 --> IN_VALUE
13:18:54.130 [qtp1044854934-107] DEBUG org.eclipse.jetty.http.HttpParser - HEADER:Host: localhost:8080 --> FIELD
13:18:54.130 [qtp1044854934-107] DEBUG org.eclipse.jetty.http.HttpParser - HEADER:Connection: keep-alive --> IN_VALUE
13:18:54.130 [qtp1044854934-107] DEBUG org.eclipse.jetty.http.HttpParser - HEADER:Connection: keep-alive --> FIELD
13:18:54.130 [qtp1044854934-107] DEBUG org.eclipse.jetty.http.HttpParser - HEADER:User-Agent: Apache-HttpClient/4.5.12 (Java/11.0.2) --> IN_VALUE
13:18:54.130 [qtp1044854934-107] DEBUG org.eclipse.jetty.http.HttpParser - HEADER:User-Agent: Apache-HttpClient/4.5.12 (Java/11.0.2) --> FIELD
13:18:54.130 [qtp1044854934-107] DEBUG org.eclipse.jetty.http.HttpParser - HEADER --> CONTENT
13:18:54.130 [qtp1044854934-107] DEBUG org.eclipse.jetty.server.HttpChannel - REQUEST for //localhost:8080/__admin/requests/count on HttpChannelOverHttp@705c8720{s=HttpChannelState@355e074f{s=IDLE rs=BLOCKING os=OPEN is=IDLE awp=false se=false i=true al=0},r=5,c=false/false,a=IDLE,uri=//localhost:8080/__admin/requests/count,age=0}
POST //localhost:8080/__admin/requests/count HTTP/1.1
Content-Length: 63
Content-Type: text/plain; charset=UTF-8
Host: localhost:8080
Connection: keep-alive
User-Agent: Apache-HttpClient/4.5.12 (Java/11.0.2)


13:18:54.130 [qtp1044854934-107] DEBUG org.eclipse.jetty.server.HttpConnection - HttpConnection@6845abd8::NetworkTrafficSocketChannelEndPoint@7aa4ec50{/127.0.0.1:65029<->/127.0.0.1:8080,OPEN,fill=-,flush=-,to=0/30000}{io=1/0,kio=1,kro=1}->HttpConnection@6845abd8[p=HttpParser{s=CONTENT,0 of 63},g=HttpGenerator@4211309{s=START}]=>HttpChannelOverHttp@705c8720{s=HttpChannelState@355e074f{s=IDLE rs=BLOCKING os=OPEN is=IDLE awp=false se=false i=true al=0},r=5,c=false/false,a=IDLE,uri=//localhost:8080/__admin/requests/count,age=0} parsed true HttpParser{s=CONTENT,0 of 63}
13:18:54.130 [qtp1044854934-107] DEBUG org.eclipse.jetty.server.HttpChannel - handle //localhost:8080/__admin/requests/count HttpChannelOverHttp@705c8720{s=HttpChannelState@355e074f{s=IDLE rs=BLOCKING os=OPEN is=IDLE awp=false se=false i=true al=0},r=5,c=false/false,a=IDLE,uri=//localhost:8080/__admin/requests/count,age=0} 
13:18:54.130 [qtp1044854934-107] DEBUG org.eclipse.jetty.server.HttpChannelState - handling HttpChannelState@355e074f{s=IDLE rs=BLOCKING os=OPEN is=IDLE awp=false se=false i=true al=0}
13:18:54.130 [qtp1044854934-107] DEBUG org.eclipse.jetty.server.HttpChannel - action DISPATCH HttpChannelOverHttp@705c8720{s=HttpChannelState@355e074f{s=HANDLING rs=BLOCKING os=OPEN is=IDLE awp=false se=false i=true al=0},r=5,c=false/false,a=HANDLING,uri=//localhost:8080/__admin/requests/count,age=0}
13:18:54.130 [qtp1044854934-107] DEBUG org.eclipse.jetty.server.Server - REQUEST POST /__admin/requests/count on HttpChannelOverHttp@705c8720{s=HttpChannelState@355e074f{s=HANDLING rs=BLOCKING os=OPEN is=IDLE awp=false se=false i=true al=0},r=5,c=false/false,a=HANDLING,uri=//localhost:8080/__admin/requests/count,age=0}
13:18:54.130 [qtp1044854934-107] DEBUG org.eclipse.jetty.server.handler.ContextHandler - scope null||/__admin/requests/count @ o.e.j.s.ServletContextHandler@5adf1b12{/__admin,null,AVAILABLE}
13:18:54.131 [qtp1044854934-107] DEBUG org.eclipse.jetty.server.handler.ContextHandler - context=/__admin||/requests/count @ o.e.j.s.ServletContextHandler@5adf1b12{/__admin,null,AVAILABLE}
13:18:54.131 [qtp1044854934-107] DEBUG org.eclipse.jetty.servlet.ServletHandler - servlet /__admin|/requests/count|null -> com.github.tomakehurst.wiremock.servlet.WireMockHandlerDispatchingServlet-1762ef63@fd0fff4e==com.github.tomakehurst.wiremock.servlet.WireMockHandlerDispatchingServlet,jsp=null,order=-1,inst=true,async=true
13:18:54.131 [qtp1044854934-107] DEBUG org.eclipse.jetty.servlet.ServletHandler - chain=org.eclipse.jetty.servlets.CrossOriginFilter-221545b0@221545b0==org.eclipse.jetty.servlets.CrossOriginFilter,inst=true,async=true->com.github.tomakehurst.wiremock.servlet.WireMockHandlerDispatchingServlet-1762ef63@fd0fff4e==com.github.tomakehurst.wiremock.servlet.WireMockHandlerDispatchingServlet,jsp=null,order=-1,inst=true,async=true
13:18:54.131 [qtp1044854934-107] DEBUG org.eclipse.jetty.servlet.ServletHandler - call filter org.eclipse.jetty.servlets.CrossOriginFilter-221545b0@221545b0==org.eclipse.jetty.servlets.CrossOriginFilter,inst=true,async=true
13:18:54.131 [qtp1044854934-107] DEBUG org.eclipse.jetty.servlet.ServletHandler - call servlet com.github.tomakehurst.wiremock.servlet.WireMockHandlerDispatchingServlet-1762ef63@fd0fff4e==com.github.tomakehurst.wiremock.servlet.WireMockHandlerDispatchingServlet,jsp=null,order=-1,inst=true,async=true
13:18:54.131 [qtp1044854934-106] DEBUG org.eclipse.jetty.util.thread.ReservedThreadExecutor - ReservedThreadExecutor@6a4b1be1{s=0/1,p=1}@5fa4ba3a task=EatWhatYouKill@338225cc/SelectorProducer@18085b76/IDLE/p=true/QueuedThreadPool[qtp1044854934]@3e473896{STARTED,8<=8<=14,i=1,r=1,q=0}[ReservedThreadExecutor@6a4b1be1{s=0/1,p=1}][pc=0,pic=0,pec=1,epc=5]@2020-09-25T13:18:54.1313911+02:00
13:18:54.131 [qtp1044854934-106] DEBUG org.eclipse.jetty.util.thread.strategy.EatWhatYouKill - EatWhatYouKill@338225cc/SelectorProducer@18085b76/IDLE/p=true/QueuedThreadPool[qtp1044854934]@3e473896{STARTED,8<=8<=14,i=1,r=1,q=0}[ReservedThreadExecutor@6a4b1be1{s=0/1,p=1}][pc=0,pic=0,pec=1,epc=5]@2020-09-25T13:18:54.1313911+02:00 tryProduce true
13:18:54.131 [qtp1044854934-107] DEBUG org.eclipse.jetty.server.HttpConnection - HttpConnection@6845abd8::NetworkTrafficSocketChannelEndPoint@7aa4ec50{/127.0.0.1:65029<->/127.0.0.1:8080,OPEN,fill=-,flush=-,to=1/30000}{io=1/0,kio=1,kro=1}->HttpConnection@6845abd8[p=HttpParser{s=CONTENT,0 of 63},g=HttpGenerator@4211309{s=START}]=>HttpChannelOverHttp@705c8720{s=HttpChannelState@355e074f{s=HANDLING rs=BLOCKING os=OPEN is=IDLE awp=false se=false i=true al=0},r=5,c=false/false,a=HANDLING,uri=//localhost:8080/__admin/requests/count,age=1} parse HeapByteBuffer@756f77d8[p=200,l=263,c=8192,r=63]={POST /__a....2)\r\n\r\n<<<{\r\n  "url" : "/api/v0/com...\r\n  "method" : "GET"\r\n}>>>}",\r\n  "m...\x00\x00\x00\x00\x00\x00\x00} {}
13:18:54.131 [qtp1044854934-107] DEBUG org.eclipse.jetty.http.HttpParser - parseNext s=CONTENT HeapByteBuffer@756f77d8[p=200,l=263,c=8192,r=63]={POST /__a....2)\r\n\r\n<<<{\r\n  "url" : "/api/v0/com...\r\n  "method" : "GET"\r\n}>>>}",\r\n  "m...\x00\x00\x00\x00\x00\x00\x00}
13:18:54.131 [qtp1044854934-101] DEBUG org.eclipse.jetty.util.thread.QueuedThreadPool - run ReservedThreadExecutor@6a4b1be1{s=0/1,p=1}@6582de19 in QueuedThreadPool[qtp1044854934]@3e473896{STARTED,8<=8<=14,i=1,r=1,q=0}[ReservedThreadExecutor@6a4b1be1{s=0/1,p=1}]
13:18:54.131 [qtp1044854934-101] DEBUG org.eclipse.jetty.util.thread.ReservedThreadExecutor - ReservedThreadExecutor@6a4b1be1{s=1/1,p=1}@6582de19 started
13:18:54.131 [qtp1044854934-101] DEBUG org.eclipse.jetty.util.thread.ReservedThreadExecutor - ReservedThreadExecutor@6a4b1be1{s=1/1,p=0}@6582de19 waiting
13:18:54.131 [qtp1044854934-107] DEBUG org.eclipse.jetty.server.HttpChannel - onContent HttpChannelOverHttp@705c8720{s=HttpChannelState@355e074f{s=HANDLING rs=BLOCKING os=OPEN is=IDLE awp=false se=false i=true al=0},r=5,c=false/false,a=HANDLING,uri=//localhost:8080/__admin/requests/count,age=1} Content@56b0f214{HeapByteBufferR@2cbf269d[p=200,l=263,c=8192,r=63]={POST /__a....2)\r\n\r\n<<<{\r\n  "url" : "/api/v0/com...\r\n  "method" : "GET"\r\n}>>>}",\r\n  "m...\x00\x00\x00\x00\x00\x00\x00}}
13:18:54.131 [qtp1044854934-107] DEBUG org.eclipse.jetty.server.HttpInput - HttpInputOverHTTP@344afc03[c=0,q=0,[0]=null,s=STREAM] addContent Content@56b0f214{HeapByteBufferR@2cbf269d[p=200,l=263,c=8192,r=63]={POST /__a....2)\r\n\r\n<<<{\r\n  "url" : "/api/v0/com...\r\n  "method" : "GET"\r\n}>>>}",\r\n  "m...\x00\x00\x00\x00\x00\x00\x00}}
13:18:54.131 [qtp1044854934-107] DEBUG org.eclipse.jetty.http.HttpParser - CONTENT --> CONTENT_END
13:18:54.131 [qtp1044854934-107] DEBUG org.eclipse.jetty.server.HttpChannel - onContentComplete HttpChannelOverHttp@705c8720{s=HttpChannelState@355e074f{s=HANDLING rs=BLOCKING os=OPEN is=IDLE awp=false se=false i=true al=0},r=5,c=false/false,a=HANDLING,uri=//localhost:8080/__admin/requests/count,age=1}
13:18:54.131 [qtp1044854934-107] DEBUG org.eclipse.jetty.http.HttpParser - CONTENT_END --> END
13:18:54.131 [qtp1044854934-107] DEBUG org.eclipse.jetty.server.HttpChannel - onRequestComplete HttpChannelOverHttp@705c8720{s=HttpChannelState@355e074f{s=HANDLING rs=BLOCKING os=OPEN is=IDLE awp=false se=false i=true al=0},r=5,c=false/false,a=HANDLING,uri=//localhost:8080/__admin/requests/count,age=1}
13:18:54.131 [qtp1044854934-107] DEBUG org.eclipse.jetty.server.HttpInput - HttpInputOverHTTP@344afc03[c=0,q=1,[0]=EOF,s=STREAM] addContent EOF
13:18:54.131 [qtp1044854934-107] DEBUG org.eclipse.jetty.server.HttpConnection - HttpConnection@6845abd8::NetworkTrafficSocketChannelEndPoint@7aa4ec50{/127.0.0.1:65029<->/127.0.0.1:8080,OPEN,fill=-,flush=-,to=1/30000}{io=1/0,kio=1,kro=1}->HttpConnection@6845abd8[p=HttpParser{s=END,63 of 63},g=HttpGenerator@4211309{s=START}]=>HttpChannelOverHttp@705c8720{s=HttpChannelState@355e074f{s=HANDLING rs=BLOCKING os=OPEN is=IDLE awp=false se=false i=true al=0},r=5,c=false/false,a=HANDLING,uri=//localhost:8080/__admin/requests/count,age=1} parsed false HttpParser{s=END,63 of 63}
13:18:54.131 [qtp1044854934-107] DEBUG org.eclipse.jetty.server.HttpInput - HttpInputOverHTTP@344afc03[c=63,q=1,[0]=EOF,s=STREAM] read 63 from Content@56b0f214{HeapByteBufferR@2cbf269d[p=263,l=263,c=8192,r=0]={POST /__a...GET"\r\n}<<<>>>}",\r\n  "m...\x00\x00\x00\x00\x00\x00\x00}}
13:18:54.132 [qtp1044854934-107] DEBUG org.eclipse.jetty.server.HttpConnection - releaseRequestBuffer HttpConnection@6845abd8::NetworkTrafficSocketChannelEndPoint@7aa4ec50{/127.0.0.1:65029<->/127.0.0.1:8080,OPEN,fill=-,flush=-,to=2/30000}{io=1/0,kio=1,kro=1}->HttpConnection@6845abd8[p=HttpParser{s=END,63 of 63},g=HttpGenerator@4211309{s=START}]=>HttpChannelOverHttp@705c8720{s=HttpChannelState@355e074f{s=HANDLING rs=BLOCKING os=OPEN is=IDLE awp=false se=false i=true al=0},r=5,c=false/false,a=HANDLING,uri=//localhost:8080/__admin/requests/count,age=2}
13:18:54.132 [qtp1044854934-107] DEBUG org.eclipse.jetty.server.HttpChannelState - onEof HttpChannelState@355e074f{s=HANDLING rs=BLOCKING os=OPEN is=IDLE awp=false se=false i=true al=0}
13:18:54.131 [qtp1044854934-106] DEBUG org.eclipse.jetty.io.ManagedSelector - updateable 0
13:18:54.132 [qtp1044854934-106] DEBUG org.eclipse.jetty.io.ManagedSelector - updates 0
13:18:54.132 [qtp1044854934-106] DEBUG org.eclipse.jetty.io.ChannelEndPoint - Key interests updated 1 -> 0 on NetworkTrafficSocketChannelEndPoint@7aa4ec50{/127.0.0.1:65029<->/127.0.0.1:8080,OPEN,fill=-,flush=-,to=2/30000}{io=0/0,kio=0,kro=1}->HttpConnection@6845abd8[p=HttpParser{s=END,63 of 63},g=HttpGenerator@4211309{s=START}]=>HttpChannelOverHttp@705c8720{s=HttpChannelState@355e074f{s=HANDLING rs=BLOCKING os=OPEN is=READY awp=false se=false i=true al=0},r=5,c=false/false,a=HANDLING,uri=//localhost:8080/__admin/requests/count,age=2}
13:18:54.132 [qtp1044854934-106] DEBUG org.eclipse.jetty.io.ManagedSelector - Selector sun.nio.ch.WindowsSelectorImpl@7436f8a6 waiting with 2 keys
13:18:54.135 [qtp1044854934-107] DEBUG org.eclipse.jetty.server.HttpOutput - write(array HeapByteBuffer@6f9a49dd[p=0,l=56,c=8192,r=56]={<<<{\r\n  "count" : 0,\r\n  "req...nalDisabled" : false\r\n}>>>\x00\x00\x00\x00\x00\x00\x00\x00\x00...\x00\x00\x00\x00\x00\x00\x00})
13:18:54.135 [qtp1044854934-107] DEBUG org.eclipse.jetty.server.HttpOutput - write(array) s=OPEN,api=BLOCKING,sc=false,e=null aggregated !flush DirectByteBuffer@39f337c1[p=0,l=56,c=32768,r=56]={<<<{\r\n  "count" : 0,\r\n  "req...nalDisabled" : false\r\n}>>>request" ...\x00\x00\x00\x00\x00\x00\x00}
13:18:54.135 [qtp1044854934-107] DEBUG org.eclipse.jetty.server.HttpChannel - sendResponse info=null content=DirectByteBuffer@39f337c1[p=0,l=56,c=32768,r=56]={<<<{\r\n  "count" : 0,\r\n  "req...nalDisabled" : false\r\n}>>>request" ...\x00\x00\x00\x00\x00\x00\x00} complete=false committing=true callback=Blocker@1c1a390a{null}
13:18:54.136 [qtp1044854934-107] DEBUG org.eclipse.jetty.server.HttpChannel - COMMIT for /__admin/requests/count on HttpChannelOverHttp@705c8720{s=HttpChannelState@355e074f{s=HANDLING rs=BLOCKING os=COMMITTED is=READY awp=false se=false i=true al=0},r=5,c=false/false,a=HANDLING,uri=//localhost:8080/__admin/requests/count,age=5}
200 null HTTP/1.1
Content-Type: application/json


13:18:54.136 [qtp1044854934-107] DEBUG org.eclipse.jetty.server.HttpConnection - generate: NEED_HEADER for org.eclipse.jetty.server.HttpConnection$SendCallback@5754950b[PROCESSING][i=HTTP/1.1{s=200,h=1,cl=-1},cb=org.eclipse.jetty.server.HttpChannel$SendCallback@1c1b3021] (null,[p=0,l=56,c=32768,r=56],false)@START
13:18:54.136 [qtp1044854934-107] DEBUG org.eclipse.jetty.http.HttpGenerator - generateHeaders HTTP/1.1{s=200,h=1,cl=-1} last=false content=DirectByteBuffer@39f337c1[p=0,l=56,c=32768,r=56]={<<<{\r\n  "count" : 0,\r\n  "req...nalDisabled" : false\r\n}>>>request" ...\x00\x00\x00\x00\x00\x00\x00}
13:18:54.136 [qtp1044854934-107] DEBUG org.eclipse.jetty.http.HttpGenerator - Content-Type: application/json


13:18:54.136 [qtp1044854934-107] DEBUG org.eclipse.jetty.http.HttpGenerator - CHUNKED_CONTENT
13:18:54.136 [qtp1044854934-107] DEBUG org.eclipse.jetty.server.HttpConnection - generate: FLUSH for org.eclipse.jetty.server.HttpConnection$SendCallback@5754950b[PROCESSING][i=HTTP/1.1{s=200,h=1,cl=-1},cb=org.eclipse.jetty.server.HttpChannel$SendCallback@1c1b3021] ([p=0,l=116,c=8192,r=116],[p=0,l=56,c=32768,r=56],false)@COMMITTED
13:18:54.136 [qtp1044854934-107] DEBUG org.eclipse.jetty.io.WriteFlusher - write: WriteFlusher@7e99254a{IDLE}->null [HeapByteBuffer@756f77d8[p=0,l=116,c=8192,r=116]={<<<HTTP/1.1 200 OK\r\nContent-...4.28.v20200408)\r\n\r\n38\r\n>>>8080\r\nCon...\x00\x00\x00\x00\x00\x00\x00},DirectByteBuffer@39f337c1[p=0,l=56,c=32768,r=56]={<<<{\r\n  "count" : 0,\r\n  "req...nalDisabled" : false\r\n}>>>request" ...\x00\x00\x00\x00\x00\x00\x00}]
13:18:54.136 [qtp1044854934-107] DEBUG org.eclipse.jetty.io.WriteFlusher - update WriteFlusher@7e99254a{WRITING}->null:IDLE-->WRITING
13:18:54.136 [Test worker] DEBUG org.apache.http.wire - http-outgoing-5 << "HTTP/1.1 200 OK[\r][\n]"
13:18:54.136 [Test worker] DEBUG org.apache.http.wire - http-outgoing-5 << "Content-Type: application/json[\r][\n]"
13:18:54.136 [Test worker] DEBUG org.apache.http.wire - http-outgoing-5 << "Transfer-Encoding: chunked[\r][\n]"
13:18:54.136 [Test worker] DEBUG org.apache.http.wire - http-outgoing-5 << "Server: Jetty(9.4.28.v20200408)[\r][\n]"
13:18:54.136 [Test worker] DEBUG org.apache.http.wire - http-outgoing-5 << "[\r][\n]"
13:18:54.136 [Test worker] DEBUG org.apache.http.wire - http-outgoing-5 << "38[\r][\n]"
13:18:54.136 [qtp1044854934-107] DEBUG org.eclipse.jetty.io.ChannelEndPoint - flushed 116 NetworkTrafficSocketChannelEndPoint@7aa4ec50{/127.0.0.1:65029<->/127.0.0.1:8080,OPEN,fill=-,flush=W,to=6/30000}{io=0/0,kio=0,kro=1}->HttpConnection@6845abd8[p=HttpParser{s=END,63 of 63},g=HttpGenerator@4211309{s=COMMITTED}]=>HttpChannelOverHttp@705c8720{s=HttpChannelState@355e074f{s=HANDLING rs=BLOCKING os=COMMITTED is=READY awp=false se=false i=true al=0},r=5,c=false/false,a=HANDLING,uri=//localhost:8080/__admin/requests/count,age=6}
13:18:54.136 [Test worker] DEBUG org.apache.http.headers - http-outgoing-5 << HTTP/1.1 200 OK
13:18:54.136 [Test worker] DEBUG org.apache.http.headers - http-outgoing-5 << Content-Type: application/json
13:18:54.136 [Test worker] DEBUG org.apache.http.headers - http-outgoing-5 << Transfer-Encoding: chunked
13:18:54.136 [Test worker] DEBUG org.apache.http.headers - http-outgoing-5 << Server: Jetty(9.4.28.v20200408)
13:18:54.136 [qtp1044854934-107] DEBUG org.eclipse.jetty.io.ChannelEndPoint - flushed 56 NetworkTrafficSocketChannelEndPoint@7aa4ec50{/127.0.0.1:65029<->/127.0.0.1:8080,OPEN,fill=-,flush=W,to=0/30000}{io=0/0,kio=0,kro=1}->HttpConnection@6845abd8[p=HttpParser{s=END,63 of 63},g=HttpGenerator@4211309{s=COMMITTED}]=>HttpChannelOverHttp@705c8720{s=HttpChannelState@355e074f{s=HANDLING rs=BLOCKING os=COMMITTED is=READY awp=false se=false i=true al=0},r=5,c=false/false,a=HANDLING,uri=//localhost:8080/__admin/requests/count,age=6}
13:18:54.136 [qtp1044854934-107] DEBUG org.eclipse.jetty.io.WriteFlusher - Flushed=true written=172 remaining=0 WriteFlusher@7e99254a{WRITING}->null
13:18:54.136 [qtp1044854934-107] DEBUG org.eclipse.jetty.io.WriteFlusher - update WriteFlusher@7e99254a{IDLE}->null:WRITING-->IDLE
13:18:54.136 [Test worker] DEBUG org.apache.http.impl.execchain.MainClientExec - Connection can be kept alive indefinitely
13:18:54.136 [qtp1044854934-107] DEBUG org.eclipse.jetty.server.HttpConnection - generate: DONE for org.eclipse.jetty.server.HttpConnection$SendCallback@5754950b[PROCESSING][i=HTTP/1.1{s=200,h=1,cl=-1},cb=org.eclipse.jetty.server.HttpChannel$SendCallback@1c1b3021] ([p=116,l=116,c=8192,r=0],[p=56,l=56,c=32768,r=0],false)@COMMITTED
13:18:54.136 [qtp1044854934-107] DEBUG org.eclipse.jetty.server.HttpOutput - onWriteComplete(false,null) s=OPEN,api=BLOCKED,sc=false,e=null->s=OPEN,api=BLOCKING,sc=false,e=null c=null cb=null w=false
13:18:54.137 [qtp1044854934-107] DEBUG org.eclipse.jetty.server.HttpOutput - close() s=CLOSING,api=BLOCKED,sc=false,e=null c=HeapByteBuffer@137d328[p=0,l=0,c=0,r=0]={<<<>>>} b=Blocker@1c1a390a{null}
13:18:54.137 [Test worker] DEBUG org.apache.http.wire - http-outgoing-5 << "{[\r][\n]"
13:18:54.137 [Test worker] DEBUG org.apache.http.wire - http-outgoing-5 << "  "count" : 0,[\r][\n]"
13:18:54.137 [Test worker] DEBUG org.apache.http.wire - http-outgoing-5 << "  "requestJournalDisabled" : false[\r][\n]"
13:18:54.137 [Test worker] DEBUG org.apache.http.wire - http-outgoing-5 << "}"
13:18:54.137 [qtp1044854934-107] DEBUG org.eclipse.jetty.server.HttpChannel - sendResponse info=null content=HeapByteBuffer@137d328[p=0,l=0,c=0,r=0]={<<<>>>} complete=true committing=false callback=Blocker@1c1a390a{null}
13:18:54.137 [qtp1044854934-107] DEBUG org.eclipse.jetty.server.HttpConnection - generate: CONTINUE for org.eclipse.jetty.server.HttpConnection$SendCallback@5754950b[PROCESSING][i=null,cb=org.eclipse.jetty.server.HttpChannel$SendCallback@4d6a41e4] (null,[p=0,l=0,c=0,r=0],true)@COMPLETING
13:18:54.137 [qtp1044854934-107] DEBUG org.eclipse.jetty.server.HttpConnection - generate: NEED_CHUNK for org.eclipse.jetty.server.HttpConnection$SendCallback@5754950b[PROCESSING][i=null,cb=org.eclipse.jetty.server.HttpChannel$SendCallback@4d6a41e4] (null,[p=0,l=0,c=0,r=0],true)@COMPLETING
13:18:54.137 [qtp1044854934-107] DEBUG org.eclipse.jetty.server.HttpConnection - generate: FLUSH for org.eclipse.jetty.server.HttpConnection$SendCallback@5754950b[PROCESSING][i=null,cb=org.eclipse.jetty.server.HttpChannel$SendCallback@4d6a41e4] (null,[p=0,l=0,c=0,r=0],true)@COMPLETING
13:18:54.137 [qtp1044854934-107] DEBUG org.eclipse.jetty.io.WriteFlusher - write: WriteFlusher@7e99254a{IDLE}->null [HeapByteBuffer@4009a65c[p=0,l=7,c=1024,r=7]={<<<\r\n0\r\n\r\n>>>\x00\x00\x00\x00\x00\x00\x00\x00\x00...\x00\x00\x00\x00\x00\x00\x00}]
13:18:54.137 [qtp1044854934-107] DEBUG org.eclipse.jetty.io.WriteFlusher - update WriteFlusher@7e99254a{WRITING}->null:IDLE-->WRITING
13:18:54.137 [Test worker] DEBUG org.apache.http.wire - http-outgoing-5 << "[\r][\n]"
13:18:54.137 [Test worker] DEBUG org.apache.http.wire - http-outgoing-5 << "0[\r][\n]"
13:18:54.137 [Test worker] DEBUG org.apache.http.wire - http-outgoing-5 << "[\r][\n]"
13:18:54.137 [qtp1044854934-107] DEBUG org.eclipse.jetty.io.ChannelEndPoint - flushed 7 NetworkTrafficSocketChannelEndPoint@7aa4ec50{/127.0.0.1:65029<->/127.0.0.1:8080,OPEN,fill=-,flush=W,to=0/30000}{io=0/0,kio=0,kro=1}->HttpConnection@6845abd8[p=HttpParser{s=END,63 of 63},g=HttpGenerator@4211309{s=COMPLETING}]=>HttpChannelOverHttp@705c8720{s=HttpChannelState@355e074f{s=HANDLING rs=BLOCKING os=COMMITTED is=READY awp=false se=false i=true al=0},r=5,c=false/false,a=HANDLING,uri=//localhost:8080/__admin/requests/count,age=7}
13:18:54.137 [Test worker] DEBUG org.apache.http.impl.conn.PoolingHttpClientConnectionManager - Connection [id: 5][route: {}->http://localhost:8080] can be kept alive indefinitely
13:18:54.137 [Test worker] DEBUG org.apache.http.impl.conn.DefaultManagedHttpClientConnection - http-outgoing-5: set socket timeout to 0
13:18:54.137 [qtp1044854934-107] DEBUG org.eclipse.jetty.io.WriteFlusher - Flushed=true written=7 remaining=0 WriteFlusher@7e99254a{WRITING}->null
13:18:54.137 [qtp1044854934-107] DEBUG org.eclipse.jetty.io.WriteFlusher - update WriteFlusher@7e99254a{IDLE}->null:WRITING-->IDLE
13:18:54.137 [Test worker] DEBUG org.apache.http.impl.conn.PoolingHttpClientConnectionManager - Connection released: [id: 5][route: {}->http://localhost:8080][total available: 1; route allocated: 1 of 5; total allocated: 1 of 50]
13:18:54.137 [qtp1044854934-107] DEBUG org.eclipse.jetty.server.HttpConnection - generate: DONE for org.eclipse.jetty.server.HttpConnection$SendCallback@5754950b[PROCESSING][i=null,cb=org.eclipse.jetty.server.HttpChannel$SendCallback@4d6a41e4] (null,[p=0,l=0,c=0,r=0],true)@END
13:18:54.137 [qtp1044854934-107] DEBUG org.eclipse.jetty.server.HttpOutput - onWriteComplete(true,null) s=CLOSING,api=BLOCKED,sc=false,e=null->s=CLOSED,api=BLOCKING,sc=false,e=null c=null cb=null w=false
13:18:54.137 [qtp1044854934-107] DEBUG org.eclipse.jetty.server.handler.gzip.GzipHandler - GzipHandler@4d61717f{STARTED,min=32,inflate=-1} handle Request[POST //localhost:8080/__admin/requests/count]@3ce2252b in null
13:18:54.137 [qtp1044854934-107] DEBUG org.eclipse.jetty.server.handler.ContextHandler - scope null||/__admin/requests/count @ o.e.j.s.ServletContextHandler@769fbc24{/,null,AVAILABLE}
13:18:54.137 [qtp1044854934-107] DEBUG org.eclipse.jetty.server.Server - handled=true async=false committed=true on HttpChannelOverHttp@705c8720{s=HttpChannelState@355e074f{s=HANDLING rs=BLOCKING os=COMPLETED is=READY awp=false se=false i=true al=0},r=5,c=false/true,a=HANDLING,uri=//localhost:8080/__admin/requests/count,age=7}
13:18:54.137 [qtp1044854934-107] DEBUG org.eclipse.jetty.server.HttpChannelState - unhandle HttpChannelState@355e074f{s=HANDLING rs=BLOCKING os=COMPLETED is=READY awp=false se=false i=true al=0}
13:18:54.138 [qtp1044854934-107] DEBUG org.eclipse.jetty.server.HttpChannelState - nextAction(false) COMPLETE HttpChannelState@355e074f{s=HANDLING rs=COMPLETING os=COMPLETED is=READY awp=false se=false i=false al=0}
13:18:54.138 [Test worker] DEBUG org.eclipse.jetty.util.component.AbstractLifeCycle - stopping Server@1f5c4676{STARTED}[9.4.28.v20200408]
13:18:54.138 [qtp1044854934-107] DEBUG org.eclipse.jetty.server.HttpChannel - action COMPLETE HttpChannelOverHttp@705c8720{s=HttpChannelState@355e074f{s=HANDLING rs=COMPLETING os=COMPLETED is=READY awp=false se=false i=false al=0},r=5,c=false/true,a=HANDLING,uri=//localhost:8080/__admin/requests/count,age=8}
13:18:54.138 [Test worker] DEBUG org.eclipse.jetty.server.Server - doStop Server@1f5c4676{STOPPING}[9.4.28.v20200408]
13:18:54.138 [qtp1044854934-107] DEBUG org.eclipse.jetty.server.HttpOutput - complete(org.eclipse.jetty.util.Callback$4@18b40d1a) s=CLOSED,api=BLOCKING,sc=false,e=null s=true e=null, c=null
13:18:54.138 [qtp1044854934-107] DEBUG org.eclipse.jetty.server.HttpChannelState - completed HttpChannelState@355e074f{s=HANDLING rs=COMPLETING os=COMPLETED is=READY awp=false se=false i=false al=0}
13:18:54.138 [qtp1044854934-107] DEBUG org.eclipse.jetty.server.HttpChannelState - unhandle HttpChannelState@355e074f{s=HANDLING rs=COMPLETED os=COMPLETED is=READY awp=false se=false i=false al=0}
13:18:54.138 [qtp1044854934-107] DEBUG org.eclipse.jetty.server.HttpChannelState - nextAction(false) TERMINATED HttpChannelState@355e074f{s=IDLE rs=COMPLETED os=COMPLETED is=READY awp=false se=false i=false al=0}
13:18:54.138 [qtp1044854934-107] DEBUG org.eclipse.jetty.server.HttpChannel - action TERMINATED HttpChannelOverHttp@705c8720{s=HttpChannelState@355e074f{s=IDLE rs=COMPLETED os=COMPLETED is=READY awp=false se=false i=false al=0},r=5,c=true/true,a=IDLE,uri=//localhost:8080/__admin/requests/count,age=8}
13:18:54.138 [qtp1044854934-107] DEBUG org.eclipse.jetty.server.HttpChannel - onCompleted for /__admin/requests/count written=56
13:18:54.138 [Test worker] DEBUG org.eclipse.jetty.util.component.AbstractLifeCycle - stopping NetworkTrafficServerConnector@382678b1{HTTP/1.1, (http/1.1)}{0.0.0.0:8080}
13:18:54.138 [qtp1044854934-107] DEBUG org.eclipse.jetty.server.HttpChannelState - recycle HttpChannelState@355e074f{s=IDLE rs=COMPLETED os=COMPLETED is=READY awp=false se=false i=false al=0}
13:18:54.138 [qtp1044854934-107] DEBUG org.eclipse.jetty.http.HttpParser - reset HttpParser{s=END,63 of 63}
13:18:54.138 [Test worker] DEBUG org.eclipse.jetty.util.component.AbstractLifeCycle - stopping SelectorManager@NetworkTrafficServerConnector@382678b1{HTTP/1.1, (http/1.1)}{0.0.0.0:8080}
13:18:54.138 [qtp1044854934-107] DEBUG org.eclipse.jetty.http.HttpParser - END --> START
13:18:54.138 [Test worker] DEBUG org.eclipse.jetty.util.component.AbstractLifeCycle - stopping ManagedSelector@2114e303{STARTED} id=1 keys=2 selected=0 updates=0
13:18:54.138 [qtp1044854934-107] DEBUG org.eclipse.jetty.server.HttpChannel - !handle TERMINATED HttpChannelOverHttp@705c8720{s=HttpChannelState@355e074f{s=IDLE rs=BLOCKING os=OPEN is=IDLE awp=false se=false i=true al=0},r=5,c=false/false,a=IDLE,uri=null,age=0}
13:18:54.138 [Test worker] DEBUG org.eclipse.jetty.io.ManagedSelector - Queued change org.eclipse.jetty.io.ManagedSelector$CloseConnections@3196f624 on ManagedSelector@2114e303{STOPPING} id=1 keys=2 selected=0 updates=0
13:18:54.138 [Test worker] DEBUG org.eclipse.jetty.io.ManagedSelector - Wakeup on submit ManagedSelector@2114e303{STOPPING} id=1 keys=2 selected=0 updates=1
13:18:54.138 [qtp1044854934-107] DEBUG org.eclipse.jetty.io.ChannelEndPoint - filled 0 HeapByteBuffer@756f77d8[p=0,l=0,c=8192,r=0]={<<<>>>HTTP/1.1 ...\x00\x00\x00\x00\x00\x00\x00}
13:18:54.138 [qtp1044854934-107] DEBUG org.eclipse.jetty.io.ChannelEndPoint - filled 0 HeapByteBuffer@756f77d8[p=0,l=0,c=8192,r=0]={<<<>>>HTTP/1.1 ...\x00\x00\x00\x00\x00\x00\x00}
13:18:54.138 [qtp1044854934-106] DEBUG org.eclipse.jetty.io.ManagedSelector - Selector sun.nio.ch.WindowsSelectorImpl@7436f8a6 woken with none selected
13:18:54.138 [qtp1044854934-107] DEBUG org.eclipse.jetty.server.HttpConnection - HttpConnection@6845abd8::NetworkTrafficSocketChannelEndPoint@7aa4ec50{/127.0.0.1:65029<->/127.0.0.1:8080,OPEN,fill=-,flush=-,to=1/30000}{io=0/0,kio=0,kro=1}->HttpConnection@6845abd8[p=HttpParser{s=START,0 of -1},g=HttpGenerator@4211309{s=START}]=>HttpChannelOverHttp@705c8720{s=HttpChannelState@355e074f{s=IDLE rs=BLOCKING os=OPEN is=IDLE awp=false se=false i=true al=0},r=5,c=false/false,a=IDLE,uri=null,age=0} filled 0 HeapByteBuffer@756f77d8[p=0,l=0,c=8192,r=0]={<<<>>>HTTP/1.1 ...\x00\x00\x00\x00\x00\x00\x00}
13:18:54.138 [qtp1044854934-106] DEBUG org.eclipse.jetty.io.ManagedSelector - Selector sun.nio.ch.WindowsSelectorImpl@7436f8a6 woken up from select, 0/0/2 selected
13:18:54.138 [qtp1044854934-106] DEBUG org.eclipse.jetty.io.ManagedSelector - Selector sun.nio.ch.WindowsSelectorImpl@7436f8a6 processing 0 keys, 1 updates
13:18:54.138 [qtp1044854934-106] DEBUG org.eclipse.jetty.io.ManagedSelector - updateable 1
13:18:54.138 [qtp1044854934-106] DEBUG org.eclipse.jetty.io.ManagedSelector - update org.eclipse.jetty.io.ManagedSelector$CloseConnections@3196f624
13:18:54.138 [qtp1044854934-106] DEBUG org.eclipse.jetty.io.ManagedSelector - Closing 2 connections on ManagedSelector@2114e303{STOPPING} id=1 keys=2 selected=0 updates=0
13:18:54.138 [qtp1044854934-107] DEBUG org.eclipse.jetty.server.HttpConnection - HttpConnection@6845abd8::NetworkTrafficSocketChannelEndPoint@7aa4ec50{/127.0.0.1:65029<->/127.0.0.1:8080,OPEN,fill=-,flush=-,to=1/30000}{io=0/0,kio=0,kro=1}->HttpConnection@6845abd8[p=HttpParser{s=START,0 of -1},g=HttpGenerator@4211309{s=START}]=>HttpChannelOverHttp@705c8720{s=HttpChannelState@355e074f{s=IDLE rs=BLOCKING os=OPEN is=IDLE awp=false se=false i=true al=0},r=5,c=false/false,a=IDLE,uri=null,age=0} parse HeapByteBuffer@756f77d8[p=0,l=0,c=8192,r=0]={<<<>>>HTTP/1.1 ...\x00\x00\x00\x00\x00\x00\x00} {}
13:18:54.138 [qtp1044854934-107] DEBUG org.eclipse.jetty.http.HttpParser - parseNext s=START HeapByteBuffer@756f77d8[p=0,l=0,c=8192,r=0]={<<<>>>HTTP/1.1 ...\x00\x00\x00\x00\x00\x00\x00}
13:18:54.138 [qtp1044854934-106] DEBUG org.eclipse.jetty.io.AbstractEndPoint - close NetworkTrafficSocketChannelEndPoint@7aa4ec50{/127.0.0.1:65029<->/127.0.0.1:8080,OPEN,fill=-,flush=-,to=1/30000}{io=0/0,kio=0,kro=1}->HttpConnection@6845abd8[p=HttpParser{s=START,0 of -1},g=HttpGenerator@4211309{s=START}]=>HttpChannelOverHttp@705c8720{s=HttpChannelState@355e074f{s=IDLE rs=BLOCKING os=OPEN is=IDLE awp=false se=false i=true al=0},r=5,c=false/false,a=IDLE,uri=null,age=0}
13:18:54.138 [qtp1044854934-107] DEBUG org.eclipse.jetty.server.HttpConnection - HttpConnection@6845abd8::NetworkTrafficSocketChannelEndPoint@7aa4ec50{/127.0.0.1:65029<->/127.0.0.1:8080,OPEN,fill=-,flush=-,to=1/30000}{io=0/0,kio=0,kro=1}->HttpConnection@6845abd8[p=HttpParser{s=START,0 of -1},g=HttpGenerator@4211309{s=START}]=>HttpChannelOverHttp@705c8720{s=HttpChannelState@355e074f{s=IDLE rs=BLOCKING os=OPEN is=IDLE awp=false se=false i=true al=0},r=5,c=false/false,a=IDLE,uri=null,age=0} parsed false HttpParser{s=START,0 of -1}
13:18:54.139 [qtp1044854934-106] DEBUG org.eclipse.jetty.io.AbstractEndPoint - close(null) NetworkTrafficSocketChannelEndPoint@7aa4ec50{/127.0.0.1:65029<->/127.0.0.1:8080,OPEN,fill=-,flush=-,to=1/30000}{io=0/0,kio=0,kro=1}->HttpConnection@6845abd8[p=HttpParser{s=START,0 of -1},g=HttpGenerator@4211309{s=START}]=>HttpChannelOverHttp@705c8720{s=HttpChannelState@355e074f{s=IDLE rs=BLOCKING os=OPEN is=IDLE awp=false se=false i=true al=0},r=5,c=false/false,a=IDLE,uri=null,age=0}
13:18:54.139 [qtp1044854934-107] DEBUG org.eclipse.jetty.server.HttpConnection - releaseRequestBuffer HttpConnection@6845abd8::NetworkTrafficSocketChannelEndPoint@7aa4ec50{/127.0.0.1:65029<->/127.0.0.1:8080,OPEN,fill=-,flush=-,to=1/30000}{io=0/0,kio=0,kro=1}->HttpConnection@6845abd8[p=HttpParser{s=START,0 of -1},g=HttpGenerator@4211309{s=START}]=>HttpChannelOverHttp@705c8720{s=HttpChannelState@355e074f{s=IDLE rs=BLOCKING os=OPEN is=IDLE awp=false se=false i=true al=0},r=5,c=false/false,a=IDLE,uri=null,age=0}
13:18:54.139 [qtp1044854934-106] DEBUG org.eclipse.jetty.io.ChannelEndPoint - doClose NetworkTrafficSocketChannelEndPoint@7aa4ec50{/127.0.0.1:65029<->/127.0.0.1:8080,CLOSED,fill=-,flush=-,to=1/30000}{io=0/0,kio=0,kro=1}->HttpConnection@6845abd8[p=HttpParser{s=START,0 of -1},g=HttpGenerator@4211309{s=START}]=>HttpChannelOverHttp@705c8720{s=HttpChannelState@355e074f{s=IDLE rs=BLOCKING os=OPEN is=IDLE awp=false se=false i=true al=0},r=5,c=false/false,a=IDLE,uri=null,age=0}
13:18:54.139 [qtp1044854934-107] DEBUG org.eclipse.jetty.io.AbstractConnection - fillInterested HttpConnection@6845abd8::NetworkTrafficSocketChannelEndPoint@7aa4ec50{/127.0.0.1:65029<->/127.0.0.1:8080,CLOSED,fill=-,flush=-,to=1/30000}{io=0/0,kio=0,kro=1}->HttpConnection@6845abd8[p=HttpParser{s=START,0 of -1},g=HttpGenerator@4211309{s=START}]=>HttpChannelOverHttp@705c8720{s=HttpChannelState@355e074f{s=IDLE rs=BLOCKING os=OPEN is=IDLE awp=false se=false i=true al=0},r=5,c=false/false,a=IDLE,uri=null,age=0}
13:18:54.139 [qtp1044854934-107] DEBUG org.eclipse.jetty.io.FillInterest - interested FillInterest@10d0e12a{AC.ReadCB@6845abd8{HttpConnection@6845abd8::NetworkTrafficSocketChannelEndPoint@7aa4ec50{/127.0.0.1:65029<->/127.0.0.1:8080,CLOSED,fill=FI,flush=-,to=0/30000}{io=0/0,kio=0,kro=1}->HttpConnection@6845abd8[p=HttpParser{s=START,0 of -1},g=HttpGenerator@4211309{s=START}]=>HttpChannelOverHttp@705c8720{s=HttpChannelState@355e074f{s=IDLE rs=BLOCKING os=OPEN is=IDLE awp=false se=false i=true al=0},r=5,c=false/false,a=IDLE,uri=null,age=0}}}
13:18:54.139 [qtp1044854934-107] DEBUG org.eclipse.jetty.io.ChannelEndPoint - changeInterests p=false 0->1 for NetworkTrafficSocketChannelEndPoint@7aa4ec50{/127.0.0.1:65029<->/127.0.0.1:8080,CLOSED,fill=FI,flush=-,to=0/30000}{io=0/1,kio=-1,kro=-1}->HttpConnection@6845abd8[p=HttpParser{s=START,0 of -1},g=HttpGenerator@4211309{s=START}]=>HttpChannelOverHttp@705c8720{s=HttpChannelState@355e074f{s=IDLE rs=BLOCKING os=OPEN is=IDLE awp=false se=false i=true al=0},r=5,c=false/false,a=IDLE,uri=null,age=0}
13:18:54.139 [qtp1044854934-106] DEBUG org.eclipse.jetty.io.FillInterest - onClose FillInterest@10d0e12a{AC.ReadCB@6845abd8{HttpConnection@6845abd8::NetworkTrafficSocketChannelEndPoint@7aa4ec50{/127.0.0.1:65029<->/127.0.0.1:8080,CLOSED,fill=FI,flush=-,to=0/30000}{io=0/1,kio=-1,kro=-1}->HttpConnection@6845abd8[p=HttpParser{s=START,0 of -1},g=HttpGenerator@4211309{s=START}]=>HttpChannelOverHttp@705c8720{s=HttpChannelState@355e074f{s=IDLE rs=BLOCKING os=OPEN is=IDLE awp=false se=false i=true al=0},r=5,c=false/false,a=IDLE,uri=null,age=0}}}
13:18:54.139 [qtp1044854934-107] DEBUG org.eclipse.jetty.io.ManagedSelector - Queued change org.eclipse.jetty.io.ChannelEndPoint$1@5571f800 on ManagedSelector@2114e303{STOPPING} id=1 keys=2 selected=0 updates=0
13:18:54.139 [qtp1044854934-106] DEBUG org.eclipse.jetty.http.HttpParser - close HttpParser{s=START,0 of -1}
13:18:54.139 [qtp1044854934-106] DEBUG org.eclipse.jetty.http.HttpParser - START --> CLOSE
13:18:54.139 [qtp1044854934-106] DEBUG org.eclipse.jetty.io.AbstractConnection - HttpConnection@6845abd8::NetworkTrafficSocketChannelEndPoint@7aa4ec50{/127.0.0.1:65029<->/127.0.0.1:8080,CLOSED,fill=-,flush=-,to=0/30000}{io=0/1,kio=-1,kro=-1}->HttpConnection@6845abd8[p=HttpParser{s=CLOSE,0 of -1},g=HttpGenerator@4211309{s=START}]=>HttpChannelOverHttp@705c8720{s=HttpChannelState@355e074f{s=IDLE rs=BLOCKING os=OPEN is=IDLE awp=false se=false i=true al=0},r=5,c=false/false,a=IDLE,uri=null,age=0} onFillInterestedFailed {}
13:18:54.139 [qtp1044854934-107] DEBUG org.eclipse.jetty.server.HttpConnection - HttpConnection@6845abd8::NetworkTrafficSocketChannelEndPoint@7aa4ec50{/127.0.0.1:65029<->/127.0.0.1:8080,CLOSED,fill=-,flush=-,to=0/30000}{io=0/1,kio=-1,kro=-1}->HttpConnection@6845abd8[p=HttpParser{s=CLOSE,0 of -1},g=HttpGenerator@4211309{s=START}]=>HttpChannelOverHttp@705c8720{s=HttpChannelState@355e074f{s=IDLE rs=BLOCKING os=OPEN is=IDLE awp=false se=false i=true al=0},r=5,c=false/false,a=IDLE,uri=null,age=0} onFillable exit HttpChannelState@355e074f{s=IDLE rs=BLOCKING os=OPEN is=IDLE awp=false se=false i=true al=0} null
13:18:54.139 [qtp1044854934-106] DEBUG org.eclipse.jetty.io.ManagedSelector - Wakeup ManagedSelector@2114e303{STOPPING} id=1 keys=2 selected=0 updates=1
13:18:54.139 [qtp1044854934-107] DEBUG org.eclipse.jetty.util.thread.ReservedThreadExecutor - ReservedThreadExecutor@6a4b1be1{s=1/1,p=0}@3191cd1b size 1 > capacity
13:18:54.139 [qtp1044854934-106] DEBUG org.eclipse.jetty.util.thread.QueuedThreadPool - queue org.eclipse.jetty.io.ManagedSelector$DestroyEndPoint@2cbbdc23 startThread=0
13:18:54.139 [qtp1044854934-107] DEBUG org.eclipse.jetty.util.thread.QueuedThreadPool - ran ReservedThreadExecutor@6a4b1be1{s=1/1,p=0}@3191cd1b in QueuedThreadPool[qtp1044854934]@3e473896{STARTED,8<=8<=14,i=0,r=1,q=0}[ReservedThreadExecutor@6a4b1be1{s=1/1,p=0}]
13:18:54.139 [qtp1044854934-107] DEBUG org.eclipse.jetty.util.thread.QueuedThreadPool - run org.eclipse.jetty.io.ManagedSelector$DestroyEndPoint@2cbbdc23 in QueuedThreadPool[qtp1044854934]@3e473896{STARTED,8<=8<=14,i=1,r=1,q=0}[ReservedThreadExecutor@6a4b1be1{s=1/1,p=0}]
13:18:54.139 [qtp1044854934-106] DEBUG org.eclipse.jetty.io.AbstractEndPoint - close NetworkTrafficSocketChannelEndPoint@ce8bd4f{/127.0.0.1:65031<->/127.0.0.1:8080,OPEN,fill=FI,flush=-,to=1056/30000}{io=1/1,kio=1,kro=1}->HttpConnection@1046840e[p=HttpParser{s=START,0 of -1},g=HttpGenerator@598d518c{s=START}]=>HttpChannelOverHttp@1ded1c8{s=HttpChannelState@2c3877a5{s=IDLE rs=BLOCKING os=OPEN is=IDLE awp=false se=false i=true al=0},r=1,c=false/false,a=IDLE,uri=null,age=0}
13:18:54.139 [qtp1044854934-107] DEBUG org.eclipse.jetty.io.ManagedSelector - Destroyed NetworkTrafficSocketChannelEndPoint@7aa4ec50{/127.0.0.1:65029<->/127.0.0.1:8080,CLOSED,fill=-,flush=-,to=0/30000}{io=0/1,kio=-1,kro=-1}->HttpConnection@6845abd8[p=HttpParser{s=CLOSE,0 of -1},g=HttpGenerator@4211309{s=START}]=>HttpChannelOverHttp@705c8720{s=HttpChannelState@355e074f{s=IDLE rs=BLOCKING os=OPEN is=IDLE awp=false se=false i=true al=0},r=5,c=false/false,a=IDLE,uri=null,age=0}
13:18:54.139 [qtp1044854934-106] DEBUG org.eclipse.jetty.io.AbstractEndPoint - close(null) NetworkTrafficSocketChannelEndPoint@ce8bd4f{/127.0.0.1:65031<->/127.0.0.1:8080,OPEN,fill=FI,flush=-,to=1056/30000}{io=1/1,kio=1,kro=1}->HttpConnection@1046840e[p=HttpParser{s=START,0 of -1},g=HttpGenerator@598d518c{s=START}]=>HttpChannelOverHttp@1ded1c8{s=HttpChannelState@2c3877a5{s=IDLE rs=BLOCKING os=OPEN is=IDLE awp=false se=false i=true al=0},r=1,c=false/false,a=IDLE,uri=null,age=0}
13:18:54.139 [qtp1044854934-106] DEBUG org.eclipse.jetty.io.ChannelEndPoint - doClose NetworkTrafficSocketChannelEndPoint@ce8bd4f{/127.0.0.1:65031<->/127.0.0.1:8080,CLOSED,fill=FI,flush=-,to=1056/30000}{io=1/1,kio=1,kro=1}->HttpConnection@1046840e[p=HttpParser{s=START,0 of -1},g=HttpGenerator@598d518c{s=START}]=>HttpChannelOverHttp@1ded1c8{s=HttpChannelState@2c3877a5{s=IDLE rs=BLOCKING os=OPEN is=IDLE awp=false se=false i=true al=0},r=1,c=false/false,a=IDLE,uri=null,age=0}
13:18:54.140 [qtp1044854934-106] DEBUG org.eclipse.jetty.io.FillInterest - onClose FillInterest@2eaa9be4{AC.ReadCB@1046840e{HttpConnection@1046840e::NetworkTrafficSocketChannelEndPoint@ce8bd4f{/127.0.0.1:65031<->/127.0.0.1:8080,CLOSED,fill=FI,flush=-,to=1057/30000}{io=1/1,kio=-1,kro=-1}->HttpConnection@1046840e[p=HttpParser{s=START,0 of -1},g=HttpGenerator@598d518c{s=START}]=>HttpChannelOverHttp@1ded1c8{s=HttpChannelState@2c3877a5{s=IDLE rs=BLOCKING os=OPEN is=IDLE awp=false se=false i=true al=0},r=1,c=false/false,a=IDLE,uri=null,age=0}}}
13:18:54.140 [qtp1044854934-106] DEBUG org.eclipse.jetty.http.HttpParser - close HttpParser{s=START,0 of -1}
13:18:54.140 [qtp1044854934-106] DEBUG org.eclipse.jetty.http.HttpParser - START --> CLOSE
13:18:54.140 [qtp1044854934-106] DEBUG org.eclipse.jetty.io.AbstractConnection - HttpConnection@1046840e::NetworkTrafficSocketChannelEndPoint@ce8bd4f{/127.0.0.1:65031<->/127.0.0.1:8080,CLOSED,fill=-,flush=-,to=1057/30000}{io=1/1,kio=-1,kro=-1}->HttpConnection@1046840e[p=HttpParser{s=CLOSE,0 of -1},g=HttpGenerator@598d518c{s=START}]=>HttpChannelOverHttp@1ded1c8{s=HttpChannelState@2c3877a5{s=IDLE rs=BLOCKING os=OPEN is=IDLE awp=false se=false i=true al=0},r=1,c=false/false,a=IDLE,uri=null,age=0} onFillInterestedFailed {}
13:18:54.140 [qtp1044854934-106] DEBUG org.eclipse.jetty.io.ManagedSelector - Wakeup ManagedSelector@2114e303{STOPPING} id=1 keys=2 selected=0 updates=1
13:18:54.140 [qtp1044854934-106] DEBUG org.eclipse.jetty.util.thread.QueuedThreadPool - queue org.eclipse.jetty.io.ManagedSelector$DestroyEndPoint@7c64df44 startThread=0
13:18:54.140 [qtp1044854934-106] DEBUG org.eclipse.jetty.io.ManagedSelector - updates 1
13:18:54.140 [qtp1044854934-106] DEBUG org.eclipse.jetty.io.ManagedSelector - wakeup on updates SelectorProducer@18085b76
13:18:54.140 [qtp1044854934-106] DEBUG org.eclipse.jetty.io.ManagedSelector - Selector sun.nio.ch.WindowsSelectorImpl@7436f8a6 waiting with 2 keys
13:18:54.140 [reactor-http-nio-3] DEBUG reactor.netty.resources.PooledConnectionProvider - [id: 0x1582dd5e, L:/127.0.0.1:65031 ! R:localhost/127.0.0.1:8080] onStateChange(PooledConnection{channel=[id: 0x1582dd5e, L:/127.0.0.1:65031 ! R:localhost/127.0.0.1:8080]}, [disconnecting])
13:18:54.140 [qtp1044854934-106] DEBUG org.eclipse.jetty.io.ManagedSelector - Selector sun.nio.ch.WindowsSelectorImpl@7436f8a6 woken with none selected
13:18:54.140 [qtp1044854934-106] DEBUG org.eclipse.jetty.io.ManagedSelector - Selector sun.nio.ch.WindowsSelectorImpl@7436f8a6 woken up from select, 0/0/0 selected
13:18:54.140 [qtp1044854934-106] DEBUG org.eclipse.jetty.io.ManagedSelector - Selector sun.nio.ch.WindowsSelectorImpl@7436f8a6 processing 0 keys, 1 updates
13:18:54.140 [qtp1044854934-106] DEBUG org.eclipse.jetty.io.ManagedSelector - updateable 1
13:18:54.140 [qtp1044854934-106] DEBUG org.eclipse.jetty.io.ManagedSelector - update org.eclipse.jetty.io.ChannelEndPoint$1@5571f800
13:18:54.140 [qtp1044854934-107] DEBUG org.eclipse.jetty.io.AbstractConnection - onClose HttpConnection@6845abd8::NetworkTrafficSocketChannelEndPoint@7aa4ec50{/127.0.0.1:65029<->/127.0.0.1:8080,CLOSED,fill=-,flush=-,to=0/30000}{io=0/1,kio=-1,kro=-1}->HttpConnection@6845abd8[p=HttpParser{s=CLOSE,0 of -1},g=HttpGenerator@4211309{s=START}]=>HttpChannelOverHttp@705c8720{s=HttpChannelState@355e074f{s=IDLE rs=BLOCKING os=OPEN is=IDLE awp=false se=false i=true al=0},r=5,c=false/false,a=IDLE,uri=null,age=0}
13:18:54.140 [qtp1044854934-107] DEBUG org.eclipse.jetty.util.thread.QueuedThreadPool - ran org.eclipse.jetty.io.ManagedSelector$DestroyEndPoint@2cbbdc23 in QueuedThreadPool[qtp1044854934]@3e473896{STARTED,8<=8<=14,i=0,r=1,q=0}[ReservedThreadExecutor@6a4b1be1{s=1/1,p=0}]
13:18:54.140 [qtp1044854934-107] DEBUG org.eclipse.jetty.util.thread.QueuedThreadPool - run org.eclipse.jetty.io.ManagedSelector$DestroyEndPoint@7c64df44 in QueuedThreadPool[qtp1044854934]@3e473896{STARTED,8<=8<=14,i=1,r=1,q=0}[ReservedThreadExecutor@6a4b1be1{s=1/1,p=0}]
13:18:54.141 [qtp1044854934-106] DEBUG org.eclipse.jetty.io.ChannelEndPoint - Ignoring key update for concurrently closed channel NetworkTrafficSocketChannelEndPoint@7aa4ec50{/127.0.0.1:65029<->/127.0.0.1:8080,CLOSED,fill=-,flush=-,to=1/30000}{io=1/1,kio=-1,kro=-1}->HttpConnection@6845abd8[p=HttpParser{s=CLOSE,0 of -1},g=HttpGenerator@4211309{s=START}]=>HttpChannelOverHttp@705c8720{s=HttpChannelState@355e074f{s=IDLE rs=BLOCKING os=OPEN is=IDLE awp=false se=false i=true al=0},r=5,c=false/false,a=IDLE,uri=null,age=0}
13:18:54.141 [Test worker] DEBUG org.eclipse.jetty.io.ManagedSelector - Queued change org.eclipse.jetty.io.ManagedSelector$StopSelector@209643ec on ManagedSelector@2114e303{STOPPING} id=1 keys=0 selected=0 updates=0
13:18:54.141 [qtp1044854934-107] DEBUG org.eclipse.jetty.io.ManagedSelector - Destroyed NetworkTrafficSocketChannelEndPoint@ce8bd4f{/127.0.0.1:65031<->/127.0.0.1:8080,CLOSED,fill=-,flush=-,to=1058/30000}{io=1/1,kio=-1,kro=-1}->HttpConnection@1046840e[p=HttpParser{s=CLOSE,0 of -1},g=HttpGenerator@598d518c{s=START}]=>HttpChannelOverHttp@1ded1c8{s=HttpChannelState@2c3877a5{s=IDLE rs=BLOCKING os=OPEN is=IDLE awp=false se=false i=true al=0},r=1,c=false/false,a=IDLE,uri=null,age=0}
13:18:54.141 [qtp1044854934-106] DEBUG org.eclipse.jetty.io.AbstractEndPoint - close NetworkTrafficSocketChannelEndPoint@7aa4ec50{/127.0.0.1:65029<->/127.0.0.1:8080,CLOSED,fill=-,flush=-,to=1/30000}{io=1/1,kio=-1,kro=-1}->HttpConnection@6845abd8[p=HttpParser{s=CLOSE,0 of -1},g=HttpGenerator@4211309{s=START}]=>HttpChannelOverHttp@705c8720{s=HttpChannelState@355e074f{s=IDLE rs=BLOCKING os=OPEN is=IDLE awp=false se=false i=true al=0},r=5,c=false/false,a=IDLE,uri=null,age=0}
13:18:54.141 [qtp1044854934-107] DEBUG org.eclipse.jetty.io.AbstractConnection - onClose HttpConnection@1046840e::NetworkTrafficSocketChannelEndPoint@ce8bd4f{/127.0.0.1:65031<->/127.0.0.1:8080,CLOSED,fill=-,flush=-,to=1058/30000}{io=1/1,kio=-1,kro=-1}->HttpConnection@1046840e[p=HttpParser{s=CLOSE,0 of -1},g=HttpGenerator@598d518c{s=START}]=>HttpChannelOverHttp@1ded1c8{s=HttpChannelState@2c3877a5{s=IDLE rs=BLOCKING os=OPEN is=IDLE awp=false se=false i=true al=0},r=1,c=false/false,a=IDLE,uri=null,age=0}
13:18:54.141 [qtp1044854934-106] DEBUG org.eclipse.jetty.io.AbstractEndPoint - close(null) NetworkTrafficSocketChannelEndPoint@7aa4ec50{/127.0.0.1:65029<->/127.0.0.1:8080,CLOSED,fill=-,flush=-,to=2/30000}{io=1/1,kio=-1,kro=-1}->HttpConnection@6845abd8[p=HttpParser{s=CLOSE,0 of -1},g=HttpGenerator@4211309{s=START}]=>HttpChannelOverHttp@705c8720{s=HttpChannelState@355e074f{s=IDLE rs=BLOCKING os=OPEN is=IDLE awp=false se=false i=true al=0},r=5,c=false/false,a=IDLE,uri=null,age=0}
13:18:54.141 [qtp1044854934-107] DEBUG org.eclipse.jetty.util.thread.QueuedThreadPool - ran org.eclipse.jetty.io.ManagedSelector$DestroyEndPoint@7c64df44 in QueuedThreadPool[qtp1044854934]@3e473896{STARTED,8<=8<=14,i=1,r=1,q=0}[ReservedThreadExecutor@6a4b1be1{s=1/1,p=0}]
13:18:54.141 [qtp1044854934-106] DEBUG org.eclipse.jetty.io.ManagedSelector - updates 1
13:18:54.141 [qtp1044854934-106] DEBUG org.eclipse.jetty.io.ManagedSelector - wakeup on updates SelectorProducer@18085b76
13:18:54.141 [qtp1044854934-106] DEBUG org.eclipse.jetty.io.ManagedSelector - Selector sun.nio.ch.WindowsSelectorImpl@7436f8a6 waiting with 0 keys
13:18:54.141 [qtp1044854934-106] DEBUG org.eclipse.jetty.io.ManagedSelector - Selector sun.nio.ch.WindowsSelectorImpl@7436f8a6 woken with none selected
13:18:54.141 [qtp1044854934-106] DEBUG org.eclipse.jetty.io.ManagedSelector - Selector sun.nio.ch.WindowsSelectorImpl@7436f8a6 woken up from select, 0/0/0 selected
13:18:54.141 [qtp1044854934-106] DEBUG org.eclipse.jetty.io.ManagedSelector - Selector sun.nio.ch.WindowsSelectorImpl@7436f8a6 processing 0 keys, 1 updates
13:18:54.141 [qtp1044854934-106] DEBUG org.eclipse.jetty.io.ManagedSelector - updateable 1
13:18:54.141 [qtp1044854934-106] DEBUG org.eclipse.jetty.io.ManagedSelector - update org.eclipse.jetty.io.ManagedSelector$StopSelector@209643ec
13:18:54.141 [qtp1044854934-106] DEBUG org.eclipse.jetty.io.ManagedSelector - updates 0
13:18:54.141 [qtp1044854934-106] DEBUG org.eclipse.jetty.util.thread.ReservedThreadExecutor - ReservedThreadExecutor@6a4b1be1{s=1/1,p=0}@5fa4ba3a size 1 > capacity
13:18:54.141 [qtp1044854934-106] DEBUG org.eclipse.jetty.util.thread.QueuedThreadPool - ran ReservedThreadExecutor@6a4b1be1{s=1/1,p=0}@5fa4ba3a in QueuedThreadPool[qtp1044854934]@3e473896{STARTED,8<=8<=14,i=2,r=1,q=0}[ReservedThreadExecutor@6a4b1be1{s=1/1,p=0}]
13:18:54.141 [Test worker] DEBUG org.eclipse.jetty.util.component.AbstractLifeCycle - stopping EatWhatYouKill@338225cc/SelectorProducer@18085b76/IDLE/p=false/QueuedThreadPool[qtp1044854934]@3e473896{STARTED,8<=8<=14,i=2,r=1,q=0}[ReservedThreadExecutor@6a4b1be1{s=1/1,p=0}][pc=0,pic=0,pec=1,epc=5]@2020-09-25T13:18:54.141392+02:00
13:18:54.142 [Test worker] DEBUG org.eclipse.jetty.util.component.AbstractLifeCycle - STOPPED EatWhatYouKill@338225cc/SelectorProducer@18085b76/IDLE/p=false/QueuedThreadPool[qtp1044854934]@3e473896{STARTED,8<=8<=14,i=3,r=1,q=0}[ReservedThreadExecutor@6a4b1be1{s=1/1,p=0}][pc=0,pic=0,pec=1,epc=5]@2020-09-25T13:18:54.141392+02:00
13:18:54.142 [Test worker] DEBUG org.eclipse.jetty.util.component.AbstractLifeCycle - STOPPED ManagedSelector@2114e303{STOPPED} id=1 keys=-1 selected=-1 updates=0
13:18:54.142 [Test worker] DEBUG org.eclipse.jetty.util.component.AbstractLifeCycle - stopping ManagedSelector@6bc569ac{STARTED} id=0 keys=1 selected=0 updates=0
13:18:54.142 [Test worker] DEBUG org.eclipse.jetty.io.ManagedSelector - Queued change org.eclipse.jetty.io.ManagedSelector$CloseConnections@3f70c5b on ManagedSelector@6bc569ac{STOPPING} id=0 keys=1 selected=0 updates=0
13:18:54.142 [Test worker] DEBUG org.eclipse.jetty.io.ManagedSelector - Wakeup on submit ManagedSelector@6bc569ac{STOPPING} id=0 keys=1 selected=0 updates=1
13:18:54.142 [qtp1044854934-102] DEBUG org.eclipse.jetty.io.ManagedSelector - Selector sun.nio.ch.WindowsSelectorImpl@1fe41c74 woken with none selected
13:18:54.142 [qtp1044854934-102] DEBUG org.eclipse.jetty.io.ManagedSelector - Selector sun.nio.ch.WindowsSelectorImpl@1fe41c74 woken up from select, 0/0/1 selected
13:18:54.142 [qtp1044854934-102] DEBUG org.eclipse.jetty.io.ManagedSelector - Selector sun.nio.ch.WindowsSelectorImpl@1fe41c74 processing 0 keys, 1 updates
13:18:54.142 [qtp1044854934-102] DEBUG org.eclipse.jetty.io.ManagedSelector - updateable 1
13:18:54.142 [qtp1044854934-102] DEBUG org.eclipse.jetty.io.ManagedSelector - update org.eclipse.jetty.io.ManagedSelector$CloseConnections@3f70c5b
13:18:54.142 [qtp1044854934-102] DEBUG org.eclipse.jetty.io.ManagedSelector - Closing 1 connections on ManagedSelector@6bc569ac{STOPPING} id=0 keys=1 selected=0 updates=0
13:18:54.142 [qtp1044854934-102] DEBUG org.eclipse.jetty.io.AbstractEndPoint - close NetworkTrafficSocketChannelEndPoint@6c855eb7{/127.0.0.1:65030<->/127.0.0.1:8080,OPEN,fill=FI,flush=-,to=48/30000}{io=1/1,kio=1,kro=1}->HttpConnection@2d02abad[p=HttpParser{s=START,0 of -1},g=HttpGenerator@6b34285c{s=START}]=>HttpChannelOverHttp@6fd25902{s=HttpChannelState@5eddc8b4{s=IDLE rs=BLOCKING os=OPEN is=IDLE awp=false se=false i=true al=0},r=2,c=false/false,a=IDLE,uri=null,age=0}
13:18:54.142 [qtp1044854934-102] DEBUG org.eclipse.jetty.io.AbstractEndPoint - close(null) NetworkTrafficSocketChannelEndPoint@6c855eb7{/127.0.0.1:65030<->/127.0.0.1:8080,OPEN,fill=FI,flush=-,to=48/30000}{io=1/1,kio=1,kro=1}->HttpConnection@2d02abad[p=HttpParser{s=START,0 of -1},g=HttpGenerator@6b34285c{s=START}]=>HttpChannelOverHttp@6fd25902{s=HttpChannelState@5eddc8b4{s=IDLE rs=BLOCKING os=OPEN is=IDLE awp=false se=false i=true al=0},r=2,c=false/false,a=IDLE,uri=null,age=0}
13:18:54.142 [qtp1044854934-102] DEBUG org.eclipse.jetty.io.ChannelEndPoint - doClose NetworkTrafficSocketChannelEndPoint@6c855eb7{/127.0.0.1:65030<->/127.0.0.1:8080,CLOSED,fill=FI,flush=-,to=48/30000}{io=1/1,kio=1,kro=1}->HttpConnection@2d02abad[p=HttpParser{s=START,0 of -1},g=HttpGenerator@6b34285c{s=START}]=>HttpChannelOverHttp@6fd25902{s=HttpChannelState@5eddc8b4{s=IDLE rs=BLOCKING os=OPEN is=IDLE awp=false se=false i=true al=0},r=2,c=false/false,a=IDLE,uri=null,age=0}
13:18:54.142 [qtp1044854934-103] DEBUG org.eclipse.jetty.util.thread.QueuedThreadPool - ran qtp1044854934-103-acceptor-1@4aa70108-NetworkTrafficServerConnector@382678b1{HTTP/1.1, (http/1.1)}{0.0.0.0:8080} in QueuedThreadPool[qtp1044854934]@3e473896{STARTED,8<=8<=14,i=3,r=1,q=0}[ReservedThreadExecutor@6a4b1be1{s=1/1,p=0}]
13:18:54.142 [qtp1044854934-102] DEBUG org.eclipse.jetty.io.FillInterest - onClose FillInterest@16536671{AC.ReadCB@2d02abad{HttpConnection@2d02abad::NetworkTrafficSocketChannelEndPoint@6c855eb7{/127.0.0.1:65030<->/127.0.0.1:8080,CLOSED,fill=FI,flush=-,to=48/30000}{io=1/1,kio=-1,kro=-1}->HttpConnection@2d02abad[p=HttpParser{s=START,0 of -1},g=HttpGenerator@6b34285c{s=START}]=>HttpChannelOverHttp@6fd25902{s=HttpChannelState@5eddc8b4{s=IDLE rs=BLOCKING os=OPEN is=IDLE awp=false se=false i=true al=0},r=2,c=false/false,a=IDLE,uri=null,age=0}}}
13:18:54.143 [qtp1044854934-102] DEBUG org.eclipse.jetty.http.HttpParser - close HttpParser{s=START,0 of -1}
13:18:54.143 [reactor-http-nio-3] DEBUG reactor.netty.resources.PooledConnectionProvider - [id: 0x808d49cd, L:/127.0.0.1:65030 ! R:localhost/127.0.0.1:8080] onStateChange(PooledConnection{channel=[id: 0x808d49cd, L:/127.0.0.1:65030 ! R:localhost/127.0.0.1:8080]}, [disconnecting])
13:18:54.143 [qtp1044854934-102] DEBUG org.eclipse.jetty.http.HttpParser - START --> CLOSE
13:18:54.143 [qtp1044854934-102] DEBUG org.eclipse.jetty.io.AbstractConnection - HttpConnection@2d02abad::NetworkTrafficSocketChannelEndPoint@6c855eb7{/127.0.0.1:65030<->/127.0.0.1:8080,CLOSED,fill=-,flush=-,to=49/30000}{io=1/1,kio=-1,kro=-1}->HttpConnection@2d02abad[p=HttpParser{s=CLOSE,0 of -1},g=HttpGenerator@6b34285c{s=START}]=>HttpChannelOverHttp@6fd25902{s=HttpChannelState@5eddc8b4{s=IDLE rs=BLOCKING os=OPEN is=IDLE awp=false se=false i=true al=0},r=2,c=false/false,a=IDLE,uri=null,age=0} onFillInterestedFailed {}
13:18:54.143 [qtp1044854934-102] DEBUG org.eclipse.jetty.io.ManagedSelector - Wakeup ManagedSelector@6bc569ac{STOPPING} id=0 keys=1 selected=0 updates=0
13:18:54.143 [qtp1044854934-102] DEBUG org.eclipse.jetty.util.thread.QueuedThreadPool - queue org.eclipse.jetty.io.ManagedSelector$DestroyEndPoint@1e9c1cc6 startThread=0
13:18:54.144 [qtp1044854934-102] DEBUG org.eclipse.jetty.io.ManagedSelector - updates 0
13:18:54.144 [qtp1044854934-108] DEBUG org.eclipse.jetty.util.thread.QueuedThreadPool - run org.eclipse.jetty.io.ManagedSelector$DestroyEndPoint@1e9c1cc6 in QueuedThreadPool[qtp1044854934]@3e473896{STARTED,8<=8<=14,i=3,r=1,q=0}[ReservedThreadExecutor@6a4b1be1{s=1/1,p=0}]
13:18:54.144 [qtp1044854934-102] DEBUG org.eclipse.jetty.io.ManagedSelector - Selector sun.nio.ch.WindowsSelectorImpl@1fe41c74 waiting with 1 keys
13:18:54.144 [Test worker] DEBUG org.eclipse.jetty.io.ManagedSelector - Queued change org.eclipse.jetty.io.ManagedSelector$StopSelector@1976f2fa on ManagedSelector@6bc569ac{STOPPING} id=0 keys=0 selected=0 updates=0
13:18:54.144 [Test worker] DEBUG org.eclipse.jetty.io.ManagedSelector - Wakeup on submit ManagedSelector@6bc569ac{STOPPING} id=0 keys=0 selected=0 updates=1
13:18:54.144 [qtp1044854934-108] DEBUG org.eclipse.jetty.io.ManagedSelector - Destroyed NetworkTrafficSocketChannelEndPoint@6c855eb7{/127.0.0.1:65030<->/127.0.0.1:8080,CLOSED,fill=-,flush=-,to=49/30000}{io=1/1,kio=-1,kro=-1}->HttpConnection@2d02abad[p=HttpParser{s=CLOSE,0 of -1},g=HttpGenerator@6b34285c{s=START}]=>HttpChannelOverHttp@6fd25902{s=HttpChannelState@5eddc8b4{s=IDLE rs=BLOCKING os=OPEN is=IDLE awp=false se=false i=true al=0},r=2,c=false/false,a=IDLE,uri=null,age=0}
13:18:54.144 [qtp1044854934-102] DEBUG org.eclipse.jetty.io.ManagedSelector - Selector sun.nio.ch.WindowsSelectorImpl@1fe41c74 woken with none selected
13:18:54.144 [qtp1044854934-108] DEBUG org.eclipse.jetty.io.AbstractConnection - onClose HttpConnection@2d02abad::NetworkTrafficSocketChannelEndPoint@6c855eb7{/127.0.0.1:65030<->/127.0.0.1:8080,CLOSED,fill=-,flush=-,to=49/30000}{io=1/1,kio=-1,kro=-1}->HttpConnection@2d02abad[p=HttpParser{s=CLOSE,0 of -1},g=HttpGenerator@6b34285c{s=START}]=>HttpChannelOverHttp@6fd25902{s=HttpChannelState@5eddc8b4{s=IDLE rs=BLOCKING os=OPEN is=IDLE awp=false se=false i=true al=0},r=2,c=false/false,a=IDLE,uri=null,age=0}
13:18:54.144 [qtp1044854934-102] DEBUG org.eclipse.jetty.io.ManagedSelector - Selector sun.nio.ch.WindowsSelectorImpl@1fe41c74 woken up from select, 0/0/0 selected
13:18:54.144 [qtp1044854934-102] DEBUG org.eclipse.jetty.io.ManagedSelector - Selector sun.nio.ch.WindowsSelectorImpl@1fe41c74 processing 0 keys, 1 updates
13:18:54.144 [qtp1044854934-102] DEBUG org.eclipse.jetty.io.ManagedSelector - updateable 1
13:18:54.144 [qtp1044854934-108] DEBUG org.eclipse.jetty.util.thread.QueuedThreadPool - ran org.eclipse.jetty.io.ManagedSelector$DestroyEndPoint@1e9c1cc6 in QueuedThreadPool[qtp1044854934]@3e473896{STARTED,8<=8<=14,i=3,r=1,q=0}[ReservedThreadExecutor@6a4b1be1{s=1/1,p=0}]
13:18:54.144 [qtp1044854934-102] DEBUG org.eclipse.jetty.io.ManagedSelector - update org.eclipse.jetty.io.ManagedSelector$StopSelector@1976f2fa
13:18:54.144 [qtp1044854934-102] DEBUG org.eclipse.jetty.io.ManagedSelector - updates 0
13:18:54.144 [qtp1044854934-102] DEBUG org.eclipse.jetty.util.thread.ReservedThreadExecutor - ReservedThreadExecutor@6a4b1be1{s=1/1,p=0}@1812e457 size 1 > capacity
13:18:54.144 [qtp1044854934-102] DEBUG org.eclipse.jetty.util.thread.QueuedThreadPool - ran ReservedThreadExecutor@6a4b1be1{s=1/1,p=0}@1812e457 in QueuedThreadPool[qtp1044854934]@3e473896{STARTED,8<=8<=14,i=4,r=1,q=0}[ReservedThreadExecutor@6a4b1be1{s=1/1,p=0}]
13:18:54.144 [Test worker] DEBUG org.eclipse.jetty.util.component.AbstractLifeCycle - stopping EatWhatYouKill@6529d103/SelectorProducer@f56de7a/IDLE/p=false/QueuedThreadPool[qtp1044854934]@3e473896{STARTED,8<=8<=14,i=4,r=1,q=0}[ReservedThreadExecutor@6a4b1be1{s=1/1,p=0}][pc=0,pic=0,pec=0,epc=2]@2020-09-25T13:18:54.1443889+02:00
13:18:54.144 [Test worker] DEBUG org.eclipse.jetty.util.component.AbstractLifeCycle - STOPPED EatWhatYouKill@6529d103/SelectorProducer@f56de7a/IDLE/p=false/QueuedThreadPool[qtp1044854934]@3e473896{STARTED,8<=8<=14,i=5,r=1,q=0}[ReservedThreadExecutor@6a4b1be1{s=1/1,p=0}][pc=0,pic=0,pec=0,epc=2]@2020-09-25T13:18:54.1443889+02:00
13:18:54.144 [Test worker] DEBUG org.eclipse.jetty.util.component.AbstractLifeCycle - STOPPED ManagedSelector@6bc569ac{STOPPED} id=0 keys=-1 selected=-1 updates=0
13:18:54.144 [Test worker] DEBUG org.eclipse.jetty.util.component.AbstractLifeCycle - STOPPED SelectorManager@NetworkTrafficServerConnector@382678b1{HTTP/1.1, (http/1.1)}{0.0.0.0:8080}
13:18:54.145 [Test worker] DEBUG org.eclipse.jetty.util.component.AbstractLifeCycle - stopping HttpConnectionFactory@54aceb1b[HTTP/1.1]
13:18:54.145 [Test worker] DEBUG org.eclipse.jetty.util.component.AbstractLifeCycle - STOPPED HttpConnectionFactory@54aceb1b[HTTP/1.1]
13:18:54.145 [Test worker] DEBUG org.eclipse.jetty.util.component.AbstractLifeCycle - stopping ScheduledExecutorScheduler@45b4e635{STARTED}
13:18:54.145 [Test worker] DEBUG org.eclipse.jetty.util.component.AbstractLifeCycle - STOPPED ScheduledExecutorScheduler@45b4e635{STOPPED}
13:18:54.145 [Test worker] INFO org.eclipse.jetty.server.AbstractConnector - Stopped NetworkTrafficServerConnector@382678b1{HTTP/1.1, (http/1.1)}{0.0.0.0:8080}
13:18:54.145 [Test worker] DEBUG org.eclipse.jetty.util.component.AbstractLifeCycle - STOPPED NetworkTrafficServerConnector@382678b1{HTTP/1.1, (http/1.1)}{0.0.0.0:8080}
13:18:54.145 [Test worker] DEBUG org.eclipse.jetty.server.handler.AbstractHandler - stopping Server@1f5c4676{STOPPING}[9.4.28.v20200408]
13:18:54.145 [Test worker] DEBUG org.eclipse.jetty.util.component.AbstractLifeCycle - stopping ErrorHandler@2863660f{STARTED}
13:18:54.145 [Test worker] DEBUG org.eclipse.jetty.server.handler.AbstractHandler - stopping ErrorHandler@2863660f{STOPPING}
13:18:54.145 [Test worker] DEBUG org.eclipse.jetty.util.component.AbstractLifeCycle - STOPPED ErrorHandler@2863660f{STOPPED}
13:18:54.145 [Test worker] DEBUG org.eclipse.jetty.util.component.AbstractLifeCycle - stopping HandlerCollection@ef98260{STARTED}
13:18:54.145 [Test worker] DEBUG org.eclipse.jetty.server.handler.AbstractHandler - stopping HandlerCollection@ef98260{STOPPING}
13:18:54.145 [Test worker] DEBUG org.eclipse.jetty.util.component.AbstractLifeCycle - stopping GzipHandler@4d61717f{STARTED,min=32,inflate=-1}
13:18:54.145 [Test worker] DEBUG org.eclipse.jetty.server.handler.AbstractHandler - stopping GzipHandler@4d61717f{STOPPING,min=32,inflate=-1}
13:18:54.145 [Test worker] DEBUG org.eclipse.jetty.util.component.AbstractLifeCycle - stopping o.e.j.s.ServletContextHandler@769fbc24{/,null,SHUTDOWN}
13:18:54.145 [Test worker] DEBUG org.eclipse.jetty.server.handler.AbstractHandler - stopping o.e.j.s.ServletContextHandler@769fbc24{/,null,UNAVAILABLE}
13:18:54.145 [Test worker] DEBUG org.eclipse.jetty.util.component.AbstractLifeCycle - stopping NotFoundHandler@37afa511{STARTED}
13:18:54.145 [Test worker] DEBUG org.eclipse.jetty.server.handler.AbstractHandler - stopping NotFoundHandler@37afa511{STOPPING}
13:18:54.145 [Test worker] DEBUG org.eclipse.jetty.util.component.AbstractLifeCycle - STOPPED NotFoundHandler@37afa511{STOPPED}
13:18:54.145 [Test worker] DEBUG org.eclipse.jetty.util.component.AbstractLifeCycle - stopping ServletHandler@2c1f7663{STARTED}
13:18:54.145 [Test worker] DEBUG org.eclipse.jetty.server.handler.AbstractHandler - stopping ServletHandler@2c1f7663{STOPPING}
13:18:54.145 [Test worker] DEBUG org.eclipse.jetty.util.component.AbstractLifeCycle - stopping org.eclipse.jetty.servlets.CrossOriginFilter-443420da@443420da==org.eclipse.jetty.servlets.CrossOriginFilter,inst=true,async=true
13:18:54.145 [Test worker] DEBUG org.eclipse.jetty.util.component.AbstractLifeCycle - STOPPED org.eclipse.jetty.servlets.CrossOriginFilter-443420da@443420da==org.eclipse.jetty.servlets.CrossOriginFilter,inst=false,async=true
13:18:54.145 [Test worker] DEBUG org.eclipse.jetty.util.component.AbstractLifeCycle - stopping com.github.tomakehurst.wiremock.servlet.TrailingSlashFilter-38d70040@38d70040==com.github.tomakehurst.wiremock.servlet.TrailingSlashFilter,inst=true,async=true
13:18:54.145 [Test worker] DEBUG org.eclipse.jetty.util.component.AbstractLifeCycle - STOPPED com.github.tomakehurst.wiremock.servlet.TrailingSlashFilter-38d70040@38d70040==com.github.tomakehurst.wiremock.servlet.TrailingSlashFilter,inst=false,async=true
13:18:54.145 [Test worker] DEBUG org.eclipse.jetty.util.component.AbstractLifeCycle - stopping com.github.tomakehurst.wiremock.servlet.ContentTypeSettingFilter-60d461e9@60d461e9==com.github.tomakehurst.wiremock.servlet.ContentTypeSettingFilter,inst=true,async=true
13:18:54.145 [Test worker] DEBUG org.eclipse.jetty.util.component.AbstractLifeCycle - STOPPED com.github.tomakehurst.wiremock.servlet.ContentTypeSettingFilter-60d461e9@60d461e9==com.github.tomakehurst.wiremock.servlet.ContentTypeSettingFilter,inst=false,async=true
13:18:54.145 [Test worker] DEBUG org.eclipse.jetty.util.component.AbstractLifeCycle - stopping com.github.tomakehurst.wiremock.servlet.WireMockHandlerDispatchingServlet-2f5a68a8@1c018047==com.github.tomakehurst.wiremock.servlet.WireMockHandlerDispatchingServlet,jsp=null,order=-1,inst=true,async=true
13:18:54.145 [Test worker] DEBUG org.eclipse.jetty.util.component.AbstractLifeCycle - STOPPED com.github.tomakehurst.wiremock.servlet.WireMockHandlerDispatchingServlet-2f5a68a8@1c018047==com.github.tomakehurst.wiremock.servlet.WireMockHandlerDispatchingServlet,jsp=null,order=-1,inst=false,async=true
13:18:54.145 [Test worker] DEBUG org.eclipse.jetty.util.component.AbstractLifeCycle - stopping org.eclipse.jetty.servlet.DefaultServlet-242f8e95@6484bf5e==org.eclipse.jetty.servlet.DefaultServlet,jsp=null,order=-1,inst=false,async=true
13:18:54.145 [Test worker] DEBUG org.eclipse.jetty.util.component.AbstractLifeCycle - STOPPED org.eclipse.jetty.servlet.DefaultServlet-242f8e95@6484bf5e==org.eclipse.jetty.servlet.DefaultServlet,jsp=null,order=-1,inst=false,async=true
13:18:54.145 [Test worker] DEBUG org.eclipse.jetty.util.component.AbstractLifeCycle - STOPPED ServletHandler@2c1f7663{STOPPED}
13:18:54.145 [Test worker] INFO org.eclipse.jetty.server.handler.ContextHandler - Stopped o.e.j.s.ServletContextHandler@769fbc24{/,null,UNAVAILABLE}
13:18:54.145 [Test worker] DEBUG org.eclipse.jetty.util.component.AbstractLifeCycle - STOPPED o.e.j.s.ServletContextHandler@769fbc24{/,null,UNAVAILABLE}
13:18:54.145 [Test worker] DEBUG org.eclipse.jetty.util.component.AbstractLifeCycle - STOPPED GzipHandler@4d61717f{STOPPED,min=32,inflate=-1}
13:18:54.145 [Test worker] DEBUG org.eclipse.jetty.util.component.AbstractLifeCycle - stopping o.e.j.s.ServletContextHandler@5adf1b12{/__admin,null,SHUTDOWN}
13:18:54.145 [Test worker] DEBUG org.eclipse.jetty.server.handler.AbstractHandler - stopping o.e.j.s.ServletContextHandler@5adf1b12{/__admin,null,UNAVAILABLE}
13:18:54.146 [Test worker] DEBUG org.eclipse.jetty.util.component.AbstractLifeCycle - stopping ServletHandler@33d0c255{STARTED}
13:18:54.146 [Test worker] DEBUG org.eclipse.jetty.server.handler.AbstractHandler - stopping ServletHandler@33d0c255{STOPPING}
13:18:54.146 [Test worker] DEBUG org.eclipse.jetty.util.component.AbstractLifeCycle - stopping org.eclipse.jetty.servlets.CrossOriginFilter-221545b0@221545b0==org.eclipse.jetty.servlets.CrossOriginFilter,inst=true,async=true
13:18:54.146 [Test worker] DEBUG org.eclipse.jetty.util.component.AbstractLifeCycle - STOPPED org.eclipse.jetty.servlets.CrossOriginFilter-221545b0@221545b0==org.eclipse.jetty.servlets.CrossOriginFilter,inst=false,async=true
13:18:54.146 [Test worker] DEBUG org.eclipse.jetty.util.component.AbstractLifeCycle - stopping com.github.tomakehurst.wiremock.servlet.WireMockHandlerDispatchingServlet-1762ef63@fd0fff4e==com.github.tomakehurst.wiremock.servlet.WireMockHandlerDispatchingServlet,jsp=null,order=-1,inst=true,async=true
13:18:54.146 [Test worker] DEBUG org.eclipse.jetty.util.component.AbstractLifeCycle - STOPPED com.github.tomakehurst.wiremock.servlet.WireMockHandlerDispatchingServlet-1762ef63@fd0fff4e==com.github.tomakehurst.wiremock.servlet.WireMockHandlerDispatchingServlet,jsp=null,order=-1,inst=false,async=true
13:18:54.146 [Test worker] DEBUG org.eclipse.jetty.util.component.AbstractLifeCycle - stopping org.eclipse.jetty.servlet.DefaultServlet-7ea49cfc@d96f97a7==org.eclipse.jetty.servlet.DefaultServlet,jsp=null,order=-1,inst=false,async=true
13:18:54.146 [Test worker] DEBUG org.eclipse.jetty.util.component.AbstractLifeCycle - STOPPED org.eclipse.jetty.servlet.DefaultServlet-7ea49cfc@d96f97a7==org.eclipse.jetty.servlet.DefaultServlet,jsp=null,order=-1,inst=false,async=true
13:18:54.146 [Test worker] DEBUG org.eclipse.jetty.util.component.AbstractLifeCycle - stopping org.eclipse.jetty.servlet.DefaultServlet-5c011be5@4c15636f==org.eclipse.jetty.servlet.DefaultServlet,jsp=null,order=-1,inst=false,async=true
13:18:54.146 [Test worker] DEBUG org.eclipse.jetty.util.component.AbstractLifeCycle - STOPPED org.eclipse.jetty.servlet.DefaultServlet-5c011be5@4c15636f==org.eclipse.jetty.servlet.DefaultServlet,jsp=null,order=-1,inst=false,async=true
13:18:54.146 [Test worker] DEBUG org.eclipse.jetty.util.component.AbstractLifeCycle - STOPPED ServletHandler@33d0c255{STOPPED}
13:18:54.146 [Test worker] INFO org.eclipse.jetty.server.handler.ContextHandler - Stopped o.e.j.s.ServletContextHandler@5adf1b12{/__admin,null,UNAVAILABLE}
13:18:54.146 [Test worker] DEBUG org.eclipse.jetty.util.component.AbstractLifeCycle - STOPPED o.e.j.s.ServletContextHandler@5adf1b12{/__admin,null,UNAVAILABLE}
13:18:54.146 [Test worker] DEBUG org.eclipse.jetty.util.component.AbstractLifeCycle - STOPPED HandlerCollection@ef98260{STOPPED}
13:18:54.146 [Test worker] DEBUG org.eclipse.jetty.util.component.AbstractLifeCycle - stopping QueuedThreadPool[qtp1044854934]@3e473896{STARTED,8<=8<=14,i=5,r=1,q=0}[ReservedThreadExecutor@6a4b1be1{s=1/1,p=0}]
13:18:54.146 [Test worker] DEBUG org.eclipse.jetty.util.thread.QueuedThreadPool - Stopping QueuedThreadPool[qtp1044854934]@3e473896{STOPPING,8<=8<=14,i=5,r=-1,q=0}[ReservedThreadExecutor@6a4b1be1{s=1/1,p=0}]
13:18:54.146 [Test worker] DEBUG org.eclipse.jetty.util.component.AbstractLifeCycle - stopping ReservedThreadExecutor@6a4b1be1{s=1/1,p=0}
13:18:54.146 [Test worker] DEBUG org.eclipse.jetty.util.thread.ReservedThreadExecutor - ReservedThreadExecutor@6a4b1be1{s=0/1,p=0}@6582de19 offer STOP!
13:18:54.146 [Test worker] DEBUG org.eclipse.jetty.util.component.AbstractLifeCycle - STOPPED ReservedThreadExecutor@6a4b1be1{s=-1/1,p=0}
13:18:54.146 [Test worker] DEBUG org.eclipse.jetty.util.component.AbstractLifeCycle - STOPPED QueuedThreadPool[qtp1044854934]@3e473896{STOPPED,8<=0<=14,i=5,r=-1,q=0}[NO_TRY]
13:18:54.146 [Test worker] DEBUG org.eclipse.jetty.util.component.AbstractLifeCycle - STOPPED Server@1f5c4676{STOPPED}[9.4.28.v20200408]
13:18:54.147 [qtp1044854934-101] DEBUG org.eclipse.jetty.util.thread.ReservedThreadExecutor - ReservedThreadExecutor@6a4b1be1{s=-1/1,p=0}@6582de19 task=STOP!
13:18:54.147 [qtp1044854934-101] DEBUG org.eclipse.jetty.util.thread.ReservedThreadExecutor - ReservedThreadExecutor@6a4b1be1{s=-1/1,p=0}@6582de19 Exited
13:18:54.147 [qtp1044854934-101] DEBUG org.eclipse.jetty.util.thread.QueuedThreadPool - ran ReservedThreadExecutor@6a4b1be1{s=-1/1,p=0}@6582de19 in QueuedThreadPool[qtp1044854934]@3e473896{STOPPED,8<=0<=14,i=5,r=-1,q=0}[NO_TRY]
13:18:54.147 [qtp1044854934-101] DEBUG org.eclipse.jetty.util.thread.QueuedThreadPool - Thread[qtp1044854934-101,5,main] exited for QueuedThreadPool[qtp1044854934]@3e473896{STOPPED,8<=0<=14,i=5,r=-1,q=0}[NO_TRY]
13:18:54.151 [Test worker] DEBUG org.eclipse.jetty.util.component.ContainerLifeCycle - Server@338febd{STOPPED}[9.4.28.v20200408] added {QueuedThreadPool[qtp853429147]@32de4b9b{STOPPED,8<=0<=14,i=0,r=-1,q=0}[NO_TRY],AUTO}
13:18:54.151 [Test worker] DEBUG org.eclipse.jetty.util.component.ContainerLifeCycle - HttpConnectionFactory@52548ac1[HTTP/1.1] added {HttpConfiguration@35958f8c{32768/8192,8192/8192,https://:0,[]},POJO}
13:18:54.151 [Test worker] DEBUG org.eclipse.jetty.util.component.ContainerLifeCycle - NetworkTrafficServerConnector@75579836{null, ()}{0.0.0.0:0} added {Server@338febd{STOPPED}[9.4.28.v20200408],UNMANAGED}
13:18:54.151 [Test worker] DEBUG org.eclipse.jetty.util.component.ContainerLifeCycle - NetworkTrafficServerConnector@75579836{null, ()}{0.0.0.0:0} added {QueuedThreadPool[qtp853429147]@32de4b9b{STOPPED,8<=0<=14,i=0,r=-1,q=0}[NO_TRY],AUTO}
13:18:54.151 [Test worker] DEBUG org.eclipse.jetty.util.component.ContainerLifeCycle - NetworkTrafficServerConnector@75579836{null, ()}{0.0.0.0:0} added {ScheduledExecutorScheduler@315e4d37{STOPPED},AUTO}
13:18:54.151 [Test worker] DEBUG org.eclipse.jetty.util.component.ContainerLifeCycle - NetworkTrafficServerConnector@75579836{null, ()}{0.0.0.0:0} added {org.eclipse.jetty.io.ArrayByteBufferPool@472adb5f,POJO}
13:18:54.152 [Test worker] DEBUG org.eclipse.jetty.util.component.ContainerLifeCycle - NetworkTrafficServerConnector@75579836{null, (http/1.1)}{0.0.0.0:0} added {HttpConnectionFactory@52548ac1[HTTP/1.1],AUTO}
13:18:54.152 [Test worker] DEBUG org.eclipse.jetty.server.AbstractConnector - NetworkTrafficServerConnector@75579836{HTTP/1.1, (http/1.1)}{0.0.0.0:0} added HttpConnectionFactory@52548ac1[HTTP/1.1]
13:18:54.152 [Test worker] DEBUG org.eclipse.jetty.util.component.ContainerLifeCycle - NetworkTrafficServerConnector@75579836{HTTP/1.1, (http/1.1)}{0.0.0.0:0} added {SelectorManager@NetworkTrafficServerConnector@75579836{HTTP/1.1, (http/1.1)}{0.0.0.0:0},MANAGED}
13:18:54.152 [Test worker] DEBUG org.eclipse.jetty.util.component.ContainerLifeCycle - Server@338febd{STOPPED}[9.4.28.v20200408] added {NetworkTrafficServerConnector@75579836{HTTP/1.1, (http/1.1)}{0.0.0.0:8080},AUTO}
13:18:54.152 [Test worker] DEBUG org.eclipse.jetty.util.component.ContainerLifeCycle - Server@338febd{STOPPED}[9.4.28.v20200408] added {o.e.j.s.ServletContextHandler@5e5ac5d9{/__admin,null,UNAVAILABLE},MANAGED}
13:18:54.152 [Test worker] DEBUG org.eclipse.jetty.util.DecoratedObjectFactory - Adding Decorator: org.eclipse.jetty.util.DeprecationWarning@1705700c
13:18:54.152 [Test worker] DEBUG org.eclipse.jetty.util.component.ContainerLifeCycle - o.e.j.s.ServletContextHandler@5e5ac5d9{/__admin,null,UNAVAILABLE} added {ServletHandler@5471a02e{STOPPED},MANAGED}
13:18:54.153 [Test worker] DEBUG org.eclipse.jetty.util.component.ContainerLifeCycle - Server@338febd{STOPPED}[9.4.28.v20200408] added {o.e.j.s.ServletContextHandler@6e64e885{/,null,UNAVAILABLE},MANAGED}
13:18:54.153 [Test worker] DEBUG org.eclipse.jetty.util.DecoratedObjectFactory - Adding Decorator: org.eclipse.jetty.util.DeprecationWarning@43e094ab
13:18:54.153 [Test worker] DEBUG org.eclipse.jetty.util.component.ContainerLifeCycle - o.e.j.s.ServletContextHandler@6e64e885{/,null,UNAVAILABLE} added {ServletHandler@1e482510{STOPPED},MANAGED}
13:18:54.153 [Test worker] DEBUG org.eclipse.jetty.util.component.ContainerLifeCycle - o.e.j.s.ServletContextHandler@6e64e885{/,null,UNAVAILABLE} added {NotFoundHandler@59402e4b{STOPPED},MANAGED}
13:18:54.153 [Test worker] DEBUG org.eclipse.jetty.util.component.ContainerLifeCycle - HandlerCollection@582f7383{STOPPED} added {o.e.j.s.ServletContextHandler@5e5ac5d9{/__admin,null,UNAVAILABLE},AUTO}
13:18:54.154 [Test worker] DEBUG org.eclipse.jetty.http.pathmap.PathMappings - Added MappedResource[pathSpec=ServletPathSpec["*.svgz",pathDepth=0,group=SUFFIX_GLOB],resource=true] to PathMappings[size=1]
13:18:54.154 [Test worker] DEBUG org.eclipse.jetty.server.handler.gzip.GzipHandler - GzipHandler@21af4110{STOPPED,min=32,inflate=-1} mime types IncludeExclude@70e80cc9{i=[],ip=CONTAINS,e=[image/ief, image/vnd.wap.wbmp, image/jpeg, application/bzip2, image/x-portable-graymap, application/brotli, image/bmp, image/gif, image/x-icon, audio/midi, video/x-msvideo, image/x-xbitmap, application/x-rar-compressed, image/x-portable-bitmap, image/x-rgb, image/x-cmu-raster, application/gzip, audio/x-wav, audio/x-pn-realaudio, audio/basic, application/compress, audio/x-aiff, video/x.ms.asx, video/x.ms.asf, image/png, video/vnd.rn-realvideo, image/x-xwindowdump, image/jpeg2000, video/x-sgi-movie, audio/mpeg, image/xcf, video/mpeg, image/x-portable-pixmap, image/tiff, image/x-portable-anymap, image/x-xpixmap, application/zip, video/quicktime, application/x-xz, video/mp4],ep=CONTAINS}
13:18:54.155 [Test worker] DEBUG org.eclipse.jetty.util.component.ContainerLifeCycle - GzipHandler@21af4110{STOPPED,min=32,inflate=-1} added {o.e.j.s.ServletContextHandler@6e64e885{/,null,UNAVAILABLE},MANAGED}
13:18:54.155 [Test worker] DEBUG org.eclipse.jetty.util.component.ContainerLifeCycle - HandlerCollection@582f7383{STOPPED} added {GzipHandler@21af4110{STOPPED,min=32,inflate=-1},AUTO}
13:18:54.155 [Test worker] DEBUG org.eclipse.jetty.util.component.ContainerLifeCycle - Server@338febd{STOPPED}[9.4.28.v20200408] added {HandlerCollection@582f7383{STOPPED},MANAGED}
13:18:54.155 [Test worker] DEBUG org.eclipse.jetty.util.component.AbstractLifeCycle - starting Server@338febd{STOPPED}[9.4.28.v20200408]
13:18:54.155 [Test worker] DEBUG org.eclipse.jetty.util.component.ContainerLifeCycle - Server@338febd{STARTING}[9.4.28.v20200408] added {ErrorHandler@59b9fd65{STOPPED},AUTO}
13:18:54.155 [Test worker] INFO org.eclipse.jetty.server.Server - jetty-9.4.28.v20200408; built: 2020-04-08T17:49:39.557Z; git: ab228fde9e55e9164c738d7fa121f8ac5acd51c9; jvm 11.0.2+9
13:18:54.155 [Test worker] DEBUG org.eclipse.jetty.server.handler.AbstractHandler - starting Server@338febd{STARTING}[9.4.28.v20200408]
13:18:54.155 [Test worker] DEBUG org.eclipse.jetty.util.component.AbstractLifeCycle - starting QueuedThreadPool[qtp853429147]@32de4b9b{STOPPED,8<=0<=14,i=0,r=-1,q=0}[NO_TRY]
13:18:54.155 [Test worker] DEBUG org.eclipse.jetty.util.thread.ReservedThreadExecutor - ReservedThreadExecutor@7a292eba{s=0/1,p=0}
13:18:54.155 [Test worker] DEBUG org.eclipse.jetty.util.component.ContainerLifeCycle - QueuedThreadPool[qtp853429147]@32de4b9b{STARTING,8<=0<=14,i=0,r=-1,q=0}[ReservedThreadExecutor@7a292eba{s=0/1,p=0}] added {ReservedThreadExecutor@7a292eba{s=0/1,p=0},AUTO}
13:18:54.155 [Test worker] DEBUG org.eclipse.jetty.util.component.AbstractLifeCycle - starting ReservedThreadExecutor@7a292eba{s=0/1,p=0}
13:18:54.155 [Test worker] DEBUG org.eclipse.jetty.util.component.AbstractLifeCycle - STARTED @85717ms ReservedThreadExecutor@7a292eba{s=0/1,p=0}
13:18:54.155 [Test worker] DEBUG org.eclipse.jetty.util.thread.QueuedThreadPool - Starting Thread[qtp853429147-110,5,main]
13:18:54.156 [Test worker] DEBUG org.eclipse.jetty.util.thread.QueuedThreadPool - Starting Thread[qtp853429147-111,5,main]
13:18:54.156 [Test worker] DEBUG org.eclipse.jetty.util.thread.QueuedThreadPool - Starting Thread[qtp853429147-112,5,main]
13:18:54.156 [Test worker] DEBUG org.eclipse.jetty.util.thread.QueuedThreadPool - Starting Thread[qtp853429147-113,5,main]
13:18:54.156 [Test worker] DEBUG org.eclipse.jetty.util.thread.QueuedThreadPool - Starting Thread[qtp853429147-114,5,main]
13:18:54.156 [Test worker] DEBUG org.eclipse.jetty.util.thread.QueuedThreadPool - Starting Thread[qtp853429147-115,5,main]
13:18:54.157 [Test worker] DEBUG org.eclipse.jetty.util.thread.QueuedThreadPool - Starting Thread[qtp853429147-116,5,main]
13:18:54.157 [Test worker] DEBUG org.eclipse.jetty.util.thread.QueuedThreadPool - Starting Thread[qtp853429147-117,5,main]
13:18:54.157 [Test worker] DEBUG org.eclipse.jetty.util.component.AbstractLifeCycle - STARTED @85719ms QueuedThreadPool[qtp853429147]@32de4b9b{STARTED,8<=8<=14,i=8,r=1,q=0}[ReservedThreadExecutor@7a292eba{s=0/1,p=0}]
13:18:54.157 [Test worker] DEBUG org.eclipse.jetty.util.component.AbstractLifeCycle - starting HandlerCollection@582f7383{STOPPED}
13:18:54.157 [Test worker] DEBUG org.eclipse.jetty.server.handler.AbstractHandler - starting HandlerCollection@582f7383{STARTING}
13:18:54.157 [Test worker] DEBUG org.eclipse.jetty.util.component.AbstractLifeCycle - starting o.e.j.s.ServletContextHandler@5e5ac5d9{/__admin,null,UNAVAILABLE}
13:18:54.158 [Test worker] DEBUG org.eclipse.jetty.server.handler.AbstractHandler - starting o.e.j.s.ServletContextHandler@5e5ac5d9{/__admin,null,STARTING}
13:18:54.158 [Test worker] DEBUG org.eclipse.jetty.util.component.AbstractLifeCycle - starting ServletHandler@5471a02e{STOPPED}
13:18:54.158 [Test worker] DEBUG org.eclipse.jetty.servlet.ServletHandler - Path=/recorder/*[EMBEDDED:null] mapped to servlet=org.eclipse.jetty.servlet.DefaultServlet-4dec18aa[EMBEDDED:null]
13:18:54.158 [Test worker] DEBUG org.eclipse.jetty.http.pathmap.PathMappings - Added MappedResource[pathSpec=ServletPathSpec["/recorder/*",pathDepth=2,group=PREFIX_GLOB],resource=org.eclipse.jetty.servlet.DefaultServlet-4dec18aa@764b43f4==org.eclipse.jetty.servlet.DefaultServlet,jsp=null,order=-1,inst=false,async=true] to PathMappings[size=1]
13:18:54.158 [Test worker] DEBUG org.eclipse.jetty.servlet.ServletHandler - Path=/swagger-ui/*[EMBEDDED:null] mapped to servlet=org.eclipse.jetty.servlet.DefaultServlet-451069dc[EMBEDDED:null]
13:18:54.158 [Test worker] DEBUG org.eclipse.jetty.http.pathmap.PathMappings - Added MappedResource[pathSpec=ServletPathSpec["/swagger-ui/*",pathDepth=2,group=PREFIX_GLOB],resource=org.eclipse.jetty.servlet.DefaultServlet-451069dc@647dfe01==org.eclipse.jetty.servlet.DefaultServlet,jsp=null,order=-1,inst=false,async=true] to PathMappings[size=2]
13:18:54.158 [Test worker] DEBUG org.eclipse.jetty.servlet.ServletHandler - Path=/[EMBEDDED:null] mapped to servlet=com.github.tomakehurst.wiremock.servlet.WireMockHandlerDispatchingServlet-71d5940b[EMBEDDED:null]
13:18:54.158 [Test worker] DEBUG org.eclipse.jetty.http.pathmap.PathMappings - Added MappedResource[pathSpec=ServletPathSpec["/",pathDepth=-1,group=DEFAULT],resource=com.github.tomakehurst.wiremock.servlet.WireMockHandlerDispatchingServlet-71d5940b@7d861f86==com.github.tomakehurst.wiremock.servlet.WireMockHandlerDispatchingServlet,jsp=null,order=-1,inst=false,async=true] to PathMappings[size=3]
13:18:54.158 [Test worker] DEBUG org.eclipse.jetty.servlet.ServletHandler - filterNameMap={org.eclipse.jetty.servlets.CrossOriginFilter-28fc3acf=org.eclipse.jetty.servlets.CrossOriginFilter-28fc3acf@28fc3acf==org.eclipse.jetty.servlets.CrossOriginFilter,inst=false,async=true}
13:18:54.158 [Test worker] DEBUG org.eclipse.jetty.servlet.ServletHandler - pathFilters=[[/*]/[]/[REQUEST]=>org.eclipse.jetty.servlets.CrossOriginFilter-28fc3acf]
13:18:54.158 [Test worker] DEBUG org.eclipse.jetty.servlet.ServletHandler - servletFilterMap={}
13:18:54.158 [Test worker] DEBUG org.eclipse.jetty.servlet.ServletHandler - servletPathMap=PathMappings[size=3]
13:18:54.158 [Test worker] DEBUG org.eclipse.jetty.servlet.ServletHandler - servletNameMap={com.github.tomakehurst.wiremock.servlet.WireMockHandlerDispatchingServlet-71d5940b=com.github.tomakehurst.wiremock.servlet.WireMockHandlerDispatchingServlet-71d5940b@7d861f86==com.github.tomakehurst.wiremock.servlet.WireMockHandlerDispatchingServlet,jsp=null,order=-1,inst=false,async=true, org.eclipse.jetty.servlet.DefaultServlet-451069dc=org.eclipse.jetty.servlet.DefaultServlet-451069dc@647dfe01==org.eclipse.jetty.servlet.DefaultServlet,jsp=null,order=-1,inst=false,async=true, org.eclipse.jetty.servlet.DefaultServlet-4dec18aa=org.eclipse.jetty.servlet.DefaultServlet-4dec18aa@764b43f4==org.eclipse.jetty.servlet.DefaultServlet,jsp=null,order=-1,inst=false,async=true}
13:18:54.158 [Test worker] DEBUG org.eclipse.jetty.server.handler.AbstractHandler - starting ServletHandler@5471a02e{STARTING}
13:18:54.158 [Test worker] DEBUG org.eclipse.jetty.util.component.AbstractLifeCycle - STARTED @85720ms ServletHandler@5471a02e{STARTED}
13:18:54.158 [Test worker] DEBUG org.eclipse.jetty.util.component.AbstractLifeCycle - starting org.eclipse.jetty.servlets.CrossOriginFilter-28fc3acf@28fc3acf==org.eclipse.jetty.servlets.CrossOriginFilter,inst=false,async=true
13:18:54.158 [Test worker] DEBUG org.eclipse.jetty.util.component.AbstractLifeCycle - STARTED @85720ms org.eclipse.jetty.servlets.CrossOriginFilter-28fc3acf@28fc3acf==org.eclipse.jetty.servlets.CrossOriginFilter,inst=false,async=true
13:18:54.158 [Test worker] DEBUG org.eclipse.jetty.servlet.FilterHolder - Filter.init org.eclipse.jetty.servlets.CrossOriginFilter@3cc7378d
13:18:54.158 [Test worker] DEBUG org.eclipse.jetty.servlets.CrossOriginFilter - Cross-origin filter configuration: allowedOrigins = *, allowedTimingOrigins = null, allowedMethods = OPTIONS,GET,POST,PUT,PATCH,DELETE, allowedHeaders = *, preflightMaxAge = 1800, allowCredentials = true,exposedHeaders = ,chainPreflight = false
13:18:54.159 [Test worker] DEBUG org.eclipse.jetty.util.component.AbstractLifeCycle - starting com.github.tomakehurst.wiremock.servlet.WireMockHandlerDispatchingServlet-71d5940b@7d861f86==com.github.tomakehurst.wiremock.servlet.WireMockHandlerDispatchingServlet,jsp=null,order=-1,inst=false,async=true
13:18:54.159 [Test worker] DEBUG org.eclipse.jetty.util.component.AbstractLifeCycle - STARTED @85721ms com.github.tomakehurst.wiremock.servlet.WireMockHandlerDispatchingServlet-71d5940b@7d861f86==com.github.tomakehurst.wiremock.servlet.WireMockHandlerDispatchingServlet,jsp=null,order=-1,inst=false,async=true
13:18:54.159 [Test worker] DEBUG org.eclipse.jetty.util.component.AbstractLifeCycle - starting org.eclipse.jetty.servlet.DefaultServlet-451069dc@647dfe01==org.eclipse.jetty.servlet.DefaultServlet,jsp=null,order=-1,inst=false,async=true
13:18:54.159 [Test worker] DEBUG org.eclipse.jetty.util.component.AbstractLifeCycle - STARTED @85721ms org.eclipse.jetty.servlet.DefaultServlet-451069dc@647dfe01==org.eclipse.jetty.servlet.DefaultServlet,jsp=null,order=-1,inst=false,async=true
13:18:54.159 [Test worker] DEBUG org.eclipse.jetty.util.component.AbstractLifeCycle - starting org.eclipse.jetty.servlet.DefaultServlet-4dec18aa@764b43f4==org.eclipse.jetty.servlet.DefaultServlet,jsp=null,order=-1,inst=false,async=true
13:18:54.159 [Test worker] DEBUG org.eclipse.jetty.util.component.AbstractLifeCycle - STARTED @85721ms org.eclipse.jetty.servlet.DefaultServlet-4dec18aa@764b43f4==org.eclipse.jetty.servlet.DefaultServlet,jsp=null,order=-1,inst=false,async=true
13:18:54.159 [Test worker] INFO org.eclipse.jetty.server.handler.ContextHandler - Started o.e.j.s.ServletContextHandler@5e5ac5d9{/__admin,null,AVAILABLE}
13:18:54.159 [Test worker] DEBUG org.eclipse.jetty.util.component.AbstractLifeCycle - STARTED @85721ms o.e.j.s.ServletContextHandler@5e5ac5d9{/__admin,null,AVAILABLE}
13:18:54.159 [Test worker] DEBUG org.eclipse.jetty.util.component.AbstractLifeCycle - starting GzipHandler@21af4110{STOPPED,min=32,inflate=-1}
13:18:54.159 [Test worker] DEBUG org.eclipse.jetty.server.handler.AbstractHandler - starting GzipHandler@21af4110{STARTING,min=32,inflate=-1}
13:18:54.159 [Test worker] DEBUG org.eclipse.jetty.util.component.AbstractLifeCycle - starting o.e.j.s.ServletContextHandler@6e64e885{/,null,UNAVAILABLE}
13:18:54.159 [Test worker] DEBUG org.eclipse.jetty.server.handler.AbstractHandler - starting o.e.j.s.ServletContextHandler@6e64e885{/,null,STARTING}
13:18:54.159 [Test worker] DEBUG org.eclipse.jetty.util.component.AbstractLifeCycle - starting ServletHandler@1e482510{STOPPED}
13:18:54.159 [Test worker] DEBUG org.eclipse.jetty.servlet.ServletHandler - Path=/__files/*[EMBEDDED:null] mapped to servlet=org.eclipse.jetty.servlet.DefaultServlet-57ab5e54[EMBEDDED:null]
13:18:54.159 [Test worker] DEBUG org.eclipse.jetty.http.pathmap.PathMappings - Added MappedResource[pathSpec=ServletPathSpec["/__files/*",pathDepth=2,group=PREFIX_GLOB],resource=org.eclipse.jetty.servlet.DefaultServlet-57ab5e54@8ad50151==org.eclipse.jetty.servlet.DefaultServlet,jsp=null,order=-1,inst=false,async=true] to PathMappings[size=1]
13:18:54.159 [Test worker] DEBUG org.eclipse.jetty.servlet.ServletHandler - Path=/[EMBEDDED:null] mapped to servlet=com.github.tomakehurst.wiremock.servlet.WireMockHandlerDispatchingServlet-1e42b4e4[EMBEDDED:null]
13:18:54.159 [Test worker] DEBUG org.eclipse.jetty.http.pathmap.PathMappings - Added MappedResource[pathSpec=ServletPathSpec["/",pathDepth=-1,group=DEFAULT],resource=com.github.tomakehurst.wiremock.servlet.WireMockHandlerDispatchingServlet-1e42b4e4@7b02e0a1==com.github.tomakehurst.wiremock.servlet.WireMockHandlerDispatchingServlet,jsp=null,order=-1,inst=false,async=true] to PathMappings[size=2]
13:18:54.159 [Test worker] DEBUG org.eclipse.jetty.servlet.ServletHandler - filterNameMap={com.github.tomakehurst.wiremock.servlet.TrailingSlashFilter-bab57a3=com.github.tomakehurst.wiremock.servlet.TrailingSlashFilter-bab57a3@bab57a3==com.github.tomakehurst.wiremock.servlet.TrailingSlashFilter,inst=false,async=true, org.eclipse.jetty.servlets.CrossOriginFilter-c527a6=org.eclipse.jetty.servlets.CrossOriginFilter-c527a6@c527a6==org.eclipse.jetty.servlets.CrossOriginFilter,inst=false,async=true, com.github.tomakehurst.wiremock.servlet.ContentTypeSettingFilter-6fff0d6=com.github.tomakehurst.wiremock.servlet.ContentTypeSettingFilter-6fff0d6@6fff0d6==com.github.tomakehurst.wiremock.servlet.ContentTypeSettingFilter,inst=false,async=true}
13:18:54.160 [Test worker] DEBUG org.eclipse.jetty.servlet.ServletHandler - pathFilters=[[/__files/*]/[]/[FORWARD]=>com.github.tomakehurst.wiremock.servlet.ContentTypeSettingFilter-6fff0d6, [/__files/*]/[]/[FORWARD, ERROR, INCLUDE, REQUEST, ASYNC]=>com.github.tomakehurst.wiremock.servlet.TrailingSlashFilter-bab57a3, [/*]/[]/[REQUEST]=>org.eclipse.jetty.servlets.CrossOriginFilter-c527a6]
13:18:54.160 [Test worker] DEBUG org.eclipse.jetty.servlet.ServletHandler - servletFilterMap={}
13:18:54.160 [Test worker] DEBUG org.eclipse.jetty.servlet.ServletHandler - servletPathMap=PathMappings[size=2]
13:18:54.160 [Test worker] DEBUG org.eclipse.jetty.servlet.ServletHandler - servletNameMap={com.github.tomakehurst.wiremock.servlet.WireMockHandlerDispatchingServlet-1e42b4e4=com.github.tomakehurst.wiremock.servlet.WireMockHandlerDispatchingServlet-1e42b4e4@7b02e0a1==com.github.tomakehurst.wiremock.servlet.WireMockHandlerDispatchingServlet,jsp=null,order=-1,inst=false,async=true, org.eclipse.jetty.servlet.DefaultServlet-57ab5e54=org.eclipse.jetty.servlet.DefaultServlet-57ab5e54@8ad50151==org.eclipse.jetty.servlet.DefaultServlet,jsp=null,order=-1,inst=false,async=true}
13:18:54.160 [Test worker] DEBUG org.eclipse.jetty.server.handler.AbstractHandler - starting ServletHandler@1e482510{STARTING}
13:18:54.160 [Test worker] DEBUG org.eclipse.jetty.util.component.AbstractLifeCycle - STARTED @85722ms ServletHandler@1e482510{STARTED}
13:18:54.160 [Test worker] DEBUG org.eclipse.jetty.util.component.AbstractLifeCycle - starting NotFoundHandler@59402e4b{STOPPED}
13:18:54.160 [Test worker] DEBUG org.eclipse.jetty.server.handler.AbstractHandler - starting NotFoundHandler@59402e4b{STARTING}
13:18:54.160 [Test worker] DEBUG org.eclipse.jetty.util.component.AbstractLifeCycle - STARTED @85722ms NotFoundHandler@59402e4b{STARTED}
13:18:54.160 [Test worker] DEBUG org.eclipse.jetty.util.component.AbstractLifeCycle - starting com.github.tomakehurst.wiremock.servlet.ContentTypeSettingFilter-6fff0d6@6fff0d6==com.github.tomakehurst.wiremock.servlet.ContentTypeSettingFilter,inst=false,async=true
13:18:54.160 [Test worker] DEBUG org.eclipse.jetty.util.component.AbstractLifeCycle - STARTED @85722ms com.github.tomakehurst.wiremock.servlet.ContentTypeSettingFilter-6fff0d6@6fff0d6==com.github.tomakehurst.wiremock.servlet.ContentTypeSettingFilter,inst=false,async=true
13:18:54.160 [Test worker] DEBUG org.eclipse.jetty.servlet.FilterHolder - Filter.init com.github.tomakehurst.wiremock.servlet.ContentTypeSettingFilter@2200ab5f
13:18:54.160 [Test worker] DEBUG org.eclipse.jetty.util.component.AbstractLifeCycle - starting com.github.tomakehurst.wiremock.servlet.TrailingSlashFilter-bab57a3@bab57a3==com.github.tomakehurst.wiremock.servlet.TrailingSlashFilter,inst=false,async=true
13:18:54.160 [Test worker] DEBUG org.eclipse.jetty.util.component.AbstractLifeCycle - STARTED @85722ms com.github.tomakehurst.wiremock.servlet.TrailingSlashFilter-bab57a3@bab57a3==com.github.tomakehurst.wiremock.servlet.TrailingSlashFilter,inst=false,async=true
13:18:54.160 [Test worker] DEBUG org.eclipse.jetty.servlet.FilterHolder - Filter.init com.github.tomakehurst.wiremock.servlet.TrailingSlashFilter@44601e51
13:18:54.160 [Test worker] DEBUG org.eclipse.jetty.util.component.AbstractLifeCycle - starting org.eclipse.jetty.servlets.CrossOriginFilter-c527a6@c527a6==org.eclipse.jetty.servlets.CrossOriginFilter,inst=false,async=true
13:18:54.161 [Test worker] DEBUG org.eclipse.jetty.util.component.AbstractLifeCycle - STARTED @85723ms org.eclipse.jetty.servlets.CrossOriginFilter-c527a6@c527a6==org.eclipse.jetty.servlets.CrossOriginFilter,inst=false,async=true
13:18:54.161 [Test worker] DEBUG org.eclipse.jetty.servlet.FilterHolder - Filter.init org.eclipse.jetty.servlets.CrossOriginFilter@3200f5dd
13:18:54.161 [Test worker] DEBUG org.eclipse.jetty.servlets.CrossOriginFilter - Cross-origin filter configuration: allowedOrigins = *, allowedTimingOrigins = null, allowedMethods = OPTIONS,GET,POST,PUT,PATCH,DELETE, allowedHeaders = *, preflightMaxAge = 1800, allowCredentials = true,exposedHeaders = ,chainPreflight = false
13:18:54.161 [Test worker] DEBUG org.eclipse.jetty.util.component.AbstractLifeCycle - starting com.github.tomakehurst.wiremock.servlet.WireMockHandlerDispatchingServlet-1e42b4e4@7b02e0a1==com.github.tomakehurst.wiremock.servlet.WireMockHandlerDispatchingServlet,jsp=null,order=-1,inst=false,async=true
13:18:54.161 [Test worker] DEBUG org.eclipse.jetty.util.component.AbstractLifeCycle - STARTED @85723ms com.github.tomakehurst.wiremock.servlet.WireMockHandlerDispatchingServlet-1e42b4e4@7b02e0a1==com.github.tomakehurst.wiremock.servlet.WireMockHandlerDispatchingServlet,jsp=null,order=-1,inst=false,async=true
13:18:54.161 [Test worker] DEBUG org.eclipse.jetty.util.component.AbstractLifeCycle - starting org.eclipse.jetty.servlet.DefaultServlet-57ab5e54@8ad50151==org.eclipse.jetty.servlet.DefaultServlet,jsp=null,order=-1,inst=false,async=true
13:18:54.161 [Test worker] DEBUG org.eclipse.jetty.util.component.AbstractLifeCycle - STARTED @85723ms org.eclipse.jetty.servlet.DefaultServlet-57ab5e54@8ad50151==org.eclipse.jetty.servlet.DefaultServlet,jsp=null,order=-1,inst=false,async=true
13:18:54.161 [Test worker] INFO org.eclipse.jetty.server.handler.ContextHandler - Started o.e.j.s.ServletContextHandler@6e64e885{/,null,AVAILABLE}
13:18:54.161 [Test worker] DEBUG org.eclipse.jetty.util.component.AbstractLifeCycle - STARTED @85723ms o.e.j.s.ServletContextHandler@6e64e885{/,null,AVAILABLE}
13:18:54.161 [Test worker] DEBUG org.eclipse.jetty.util.component.AbstractLifeCycle - STARTED @85723ms GzipHandler@21af4110{STARTED,min=32,inflate=-1}
13:18:54.161 [Test worker] DEBUG org.eclipse.jetty.util.component.AbstractLifeCycle - STARTED @85723ms HandlerCollection@582f7383{STARTED}
13:18:54.161 [Test worker] DEBUG org.eclipse.jetty.util.component.AbstractLifeCycle - starting ErrorHandler@59b9fd65{STOPPED}
13:18:54.161 [Test worker] DEBUG org.eclipse.jetty.server.handler.AbstractHandler - starting ErrorHandler@59b9fd65{STARTING}
13:18:54.161 [Test worker] DEBUG org.eclipse.jetty.util.component.AbstractLifeCycle - STARTED @85723ms ErrorHandler@59b9fd65{STARTED}
13:18:54.161 [Test worker] DEBUG org.eclipse.jetty.util.component.AbstractLifeCycle - starting NetworkTrafficServerConnector@75579836{HTTP/1.1, (http/1.1)}{0.0.0.0:8080}
13:18:54.162 [Test worker] DEBUG org.eclipse.jetty.util.component.ContainerLifeCycle - NetworkTrafficServerConnector@75579836{HTTP/1.1, (http/1.1)}{0.0.0.0:8080} added {sun.nio.ch.ServerSocketChannelImpl[/0:0:0:0:0:0:0:0:8080],POJO}
13:18:54.162 [Test worker] DEBUG org.eclipse.jetty.util.component.AbstractLifeCycle - starting ScheduledExecutorScheduler@315e4d37{STOPPED}
13:18:54.162 [Test worker] DEBUG org.eclipse.jetty.util.component.AbstractLifeCycle - STARTED @85724ms ScheduledExecutorScheduler@315e4d37{STARTED}
13:18:54.162 [Test worker] DEBUG org.eclipse.jetty.util.component.AbstractLifeCycle - starting HttpConnectionFactory@52548ac1[HTTP/1.1]
13:18:54.162 [Test worker] DEBUG org.eclipse.jetty.util.component.AbstractLifeCycle - STARTED @85724ms HttpConnectionFactory@52548ac1[HTTP/1.1]
13:18:54.162 [Test worker] DEBUG org.eclipse.jetty.util.component.AbstractLifeCycle - starting SelectorManager@NetworkTrafficServerConnector@75579836{HTTP/1.1, (http/1.1)}{0.0.0.0:8080}
13:18:54.162 [Test worker] DEBUG org.eclipse.jetty.util.component.ContainerLifeCycle - EatWhatYouKill@377ed74f/SelectorProducer@1083d8ac/IDLE/p=false/QueuedThreadPool[qtp853429147]@32de4b9b{STARTED,8<=8<=14,i=8,r=1,q=0}[ReservedThreadExecutor@7a292eba{s=0/1,p=0}][pc=0,pic=0,pec=0,epc=0]@2020-09-25T13:18:54.1623897+02:00 added {SelectorProducer@1083d8ac,POJO}
13:18:54.163 [Test worker] DEBUG org.eclipse.jetty.util.component.ContainerLifeCycle - EatWhatYouKill@377ed74f/SelectorProducer@1083d8ac/IDLE/p=false/QueuedThreadPool[qtp853429147]@32de4b9b{STARTED,8<=8<=14,i=8,r=1,q=0}[ReservedThreadExecutor@7a292eba{s=0/1,p=0}][pc=0,pic=0,pec=0,epc=0]@2020-09-25T13:18:54.1633915+02:00 added {QueuedThreadPool[qtp853429147]@32de4b9b{STARTED,8<=8<=14,i=8,r=1,q=0}[ReservedThreadExecutor@7a292eba{s=0/1,p=0}],UNMANAGED}
13:18:54.163 [Test worker] DEBUG org.eclipse.jetty.util.thread.strategy.EatWhatYouKill - EatWhatYouKill@377ed74f/SelectorProducer@1083d8ac/IDLE/p=false/QueuedThreadPool[qtp853429147]@32de4b9b{STARTED,8<=8<=14,i=8,r=1,q=0}[ReservedThreadExecutor@7a292eba{s=0/1,p=0}][pc=0,pic=0,pec=0,epc=0]@2020-09-25T13:18:54.1633915+02:00 created
13:18:54.163 [Test worker] DEBUG org.eclipse.jetty.util.component.ContainerLifeCycle - ManagedSelector@5455ce7b{STOPPED} id=0 keys=-1 selected=-1 updates=0 added {EatWhatYouKill@377ed74f/SelectorProducer@1083d8ac/IDLE/p=false/QueuedThreadPool[qtp853429147]@32de4b9b{STARTED,8<=8<=14,i=8,r=1,q=0}[ReservedThreadExecutor@7a292eba{s=0/1,p=0}][pc=0,pic=0,pec=0,epc=0]@2020-09-25T13:18:54.1633915+02:00,MANAGED}
13:18:54.163 [Test worker] DEBUG org.eclipse.jetty.util.component.ContainerLifeCycle - SelectorManager@NetworkTrafficServerConnector@75579836{HTTP/1.1, (http/1.1)}{0.0.0.0:8080} added {ManagedSelector@5455ce7b{STOPPED} id=0 keys=-1 selected=-1 updates=0,AUTO}
13:18:54.387 [qtp853429147-117] DEBUG org.eclipse.jetty.util.thread.QueuedThreadPool - Runner started for QueuedThreadPool[qtp853429147]@32de4b9b{STARTED,8<=8<=14,i=8,r=1,q=0}[ReservedThreadExecutor@7a292eba{s=0/1,p=0}]
13:18:54.387 [qtp853429147-116] DEBUG org.eclipse.jetty.util.thread.QueuedThreadPool - Runner started for QueuedThreadPool[qtp853429147]@32de4b9b{STARTED,8<=8<=14,i=8,r=1,q=0}[ReservedThreadExecutor@7a292eba{s=0/1,p=0}]
13:18:54.387 [Test worker] DEBUG org.eclipse.jetty.util.component.ContainerLifeCycle - EatWhatYouKill@61ce6731/SelectorProducer@20cb10e8/IDLE/p=false/QueuedThreadPool[qtp853429147]@32de4b9b{STARTED,8<=8<=14,i=8,r=1,q=0}[ReservedThreadExecutor@7a292eba{s=0/1,p=0}][pc=0,pic=0,pec=0,epc=0]@2020-09-25T13:18:54.3873555+02:00 added {SelectorProducer@20cb10e8,POJO}
13:18:54.387 [qtp853429147-114] DEBUG org.eclipse.jetty.util.thread.QueuedThreadPool - Runner started for QueuedThreadPool[qtp853429147]@32de4b9b{STARTED,8<=8<=14,i=8,r=1,q=0}[ReservedThreadExecutor@7a292eba{s=0/1,p=0}]
13:18:54.388 [qtp853429147-113] DEBUG org.eclipse.jetty.util.thread.QueuedThreadPool - Runner started for QueuedThreadPool[qtp853429147]@32de4b9b{STARTED,8<=8<=14,i=8,r=1,q=0}[ReservedThreadExecutor@7a292eba{s=0/1,p=0}]
13:18:54.387 [qtp853429147-115] DEBUG org.eclipse.jetty.util.thread.QueuedThreadPool - Runner started for QueuedThreadPool[qtp853429147]@32de4b9b{STARTED,8<=8<=14,i=8,r=1,q=0}[ReservedThreadExecutor@7a292eba{s=0/1,p=0}]
13:18:54.388 [Test worker] DEBUG org.eclipse.jetty.util.component.ContainerLifeCycle - EatWhatYouKill@61ce6731/SelectorProducer@20cb10e8/IDLE/p=false/QueuedThreadPool[qtp853429147]@32de4b9b{STARTED,8<=8<=14,i=8,r=1,q=0}[ReservedThreadExecutor@7a292eba{s=0/1,p=0}][pc=0,pic=0,pec=0,epc=0]@2020-09-25T13:18:54.3873555+02:00 added {QueuedThreadPool[qtp853429147]@32de4b9b{STARTED,8<=8<=14,i=8,r=1,q=0}[ReservedThreadExecutor@7a292eba{s=0/1,p=0}],UNMANAGED}
13:18:54.388 [qtp853429147-111] DEBUG org.eclipse.jetty.util.thread.QueuedThreadPool - Runner started for QueuedThreadPool[qtp853429147]@32de4b9b{STARTED,8<=8<=14,i=8,r=1,q=0}[ReservedThreadExecutor@7a292eba{s=0/1,p=0}]
13:18:54.388 [Test worker] DEBUG org.eclipse.jetty.util.thread.strategy.EatWhatYouKill - EatWhatYouKill@61ce6731/SelectorProducer@20cb10e8/IDLE/p=false/QueuedThreadPool[qtp853429147]@32de4b9b{STARTED,8<=8<=14,i=8,r=1,q=0}[ReservedThreadExecutor@7a292eba{s=0/1,p=0}][pc=0,pic=0,pec=0,epc=0]@2020-09-25T13:18:54.3883579+02:00 created
13:18:54.388 [Test worker] DEBUG org.eclipse.jetty.util.component.ContainerLifeCycle - ManagedSelector@2e03eae5{STOPPED} id=1 keys=-1 selected=-1 updates=0 added {EatWhatYouKill@61ce6731/SelectorProducer@20cb10e8/IDLE/p=false/QueuedThreadPool[qtp853429147]@32de4b9b{STARTED,8<=8<=14,i=8,r=1,q=0}[ReservedThreadExecutor@7a292eba{s=0/1,p=0}][pc=0,pic=0,pec=0,epc=0]@2020-09-25T13:18:54.3883579+02:00,MANAGED}
13:18:54.388 [qtp853429147-110] DEBUG org.eclipse.jetty.util.thread.QueuedThreadPool - Runner started for QueuedThreadPool[qtp853429147]@32de4b9b{STARTED,8<=8<=14,i=8,r=1,q=0}[ReservedThreadExecutor@7a292eba{s=0/1,p=0}]
13:18:54.388 [qtp853429147-112] DEBUG org.eclipse.jetty.util.thread.QueuedThreadPool - Runner started for QueuedThreadPool[qtp853429147]@32de4b9b{STARTED,8<=8<=14,i=8,r=1,q=0}[ReservedThreadExecutor@7a292eba{s=0/1,p=0}]
13:18:54.388 [Test worker] DEBUG org.eclipse.jetty.util.component.ContainerLifeCycle - SelectorManager@NetworkTrafficServerConnector@75579836{HTTP/1.1, (http/1.1)}{0.0.0.0:8080} added {ManagedSelector@2e03eae5{STOPPED} id=1 keys=-1 selected=-1 updates=0,AUTO}
13:18:54.388 [Test worker] DEBUG org.eclipse.jetty.util.component.AbstractLifeCycle - starting ManagedSelector@5455ce7b{STOPPED} id=0 keys=-1 selected=-1 updates=0
13:18:54.388 [Test worker] DEBUG org.eclipse.jetty.util.component.AbstractLifeCycle - starting EatWhatYouKill@377ed74f/SelectorProducer@1083d8ac/IDLE/p=false/QueuedThreadPool[qtp853429147]@32de4b9b{STARTED,8<=8<=14,i=8,r=1,q=0}[ReservedThreadExecutor@7a292eba{s=0/1,p=0}][pc=0,pic=0,pec=0,epc=0]@2020-09-25T13:18:54.3883579+02:00
13:18:54.388 [Test worker] DEBUG org.eclipse.jetty.util.component.AbstractLifeCycle - STARTED @85950ms EatWhatYouKill@377ed74f/SelectorProducer@1083d8ac/IDLE/p=false/QueuedThreadPool[qtp853429147]@32de4b9b{STARTED,8<=8<=14,i=8,r=1,q=0}[ReservedThreadExecutor@7a292eba{s=0/1,p=0}][pc=0,pic=0,pec=0,epc=0]@2020-09-25T13:18:54.3883579+02:00
13:18:54.389 [Test worker] DEBUG org.eclipse.jetty.util.thread.QueuedThreadPool - queue org.eclipse.jetty.io.ManagedSelector$$Lambda$425/0x00000001005fc040@545fcf48 startThread=0
13:18:54.390 [Test worker] DEBUG org.eclipse.jetty.io.ManagedSelector - Queued change org.eclipse.jetty.io.ManagedSelector$Start@463acd1d on ManagedSelector@5455ce7b{STARTING} id=0 keys=0 selected=0 updates=0
13:18:54.390 [qtp853429147-117] DEBUG org.eclipse.jetty.util.thread.QueuedThreadPool - run org.eclipse.jetty.io.ManagedSelector$$Lambda$425/0x00000001005fc040@545fcf48 in QueuedThreadPool[qtp853429147]@32de4b9b{STARTED,8<=8<=14,i=7,r=1,q=0}[ReservedThreadExecutor@7a292eba{s=0/1,p=0}]
13:18:54.390 [qtp853429147-117] DEBUG org.eclipse.jetty.util.thread.strategy.EatWhatYouKill - EatWhatYouKill@377ed74f/SelectorProducer@1083d8ac/IDLE/p=false/QueuedThreadPool[qtp853429147]@32de4b9b{STARTED,8<=8<=14,i=7,r=1,q=0}[ReservedThreadExecutor@7a292eba{s=0/1,p=0}][pc=0,pic=0,pec=0,epc=0]@2020-09-25T13:18:54.3903578+02:00 tryProduce false
13:18:54.390 [qtp853429147-117] DEBUG org.eclipse.jetty.io.ManagedSelector - updateable 1
13:18:54.390 [qtp853429147-117] DEBUG org.eclipse.jetty.io.ManagedSelector - update org.eclipse.jetty.io.ManagedSelector$Start@463acd1d
13:18:54.390 [qtp853429147-117] DEBUG org.eclipse.jetty.io.ManagedSelector - updates 0
13:18:54.390 [qtp853429147-117] DEBUG org.eclipse.jetty.io.ManagedSelector - Selector sun.nio.ch.WindowsSelectorImpl@69ec93f7 waiting with 0 keys
13:18:54.390 [Test worker] DEBUG org.eclipse.jetty.util.component.AbstractLifeCycle - STARTED @85952ms ManagedSelector@5455ce7b{STARTED} id=0 keys=0 selected=0 updates=0
13:18:54.390 [Test worker] DEBUG org.eclipse.jetty.util.component.AbstractLifeCycle - starting ManagedSelector@2e03eae5{STOPPED} id=1 keys=-1 selected=-1 updates=0
13:18:54.390 [Test worker] DEBUG org.eclipse.jetty.util.component.AbstractLifeCycle - starting EatWhatYouKill@61ce6731/SelectorProducer@20cb10e8/IDLE/p=false/QueuedThreadPool[qtp853429147]@32de4b9b{STARTED,8<=8<=14,i=7,r=1,q=0}[ReservedThreadExecutor@7a292eba{s=0/1,p=0}][pc=0,pic=0,pec=0,epc=0]@2020-09-25T13:18:54.3903578+02:00
13:18:54.390 [Test worker] DEBUG org.eclipse.jetty.util.component.AbstractLifeCycle - STARTED @85952ms EatWhatYouKill@61ce6731/SelectorProducer@20cb10e8/IDLE/p=false/QueuedThreadPool[qtp853429147]@32de4b9b{STARTED,8<=8<=14,i=7,r=1,q=0}[ReservedThreadExecutor@7a292eba{s=0/1,p=0}][pc=0,pic=0,pec=0,epc=0]@2020-09-25T13:18:54.3903578+02:00
13:18:54.392 [Test worker] DEBUG org.eclipse.jetty.util.thread.QueuedThreadPool - queue org.eclipse.jetty.io.ManagedSelector$$Lambda$425/0x00000001005fc040@3e0ed962 startThread=0
13:18:54.392 [Test worker] DEBUG org.eclipse.jetty.io.ManagedSelector - Queued change org.eclipse.jetty.io.ManagedSelector$Start@feb4884 on ManagedSelector@2e03eae5{STARTING} id=1 keys=0 selected=0 updates=0
13:18:54.393 [qtp853429147-116] DEBUG org.eclipse.jetty.util.thread.QueuedThreadPool - run org.eclipse.jetty.io.ManagedSelector$$Lambda$425/0x00000001005fc040@3e0ed962 in QueuedThreadPool[qtp853429147]@32de4b9b{STARTED,8<=8<=14,i=6,r=1,q=0}[ReservedThreadExecutor@7a292eba{s=0/1,p=0}]
13:18:54.393 [qtp853429147-116] DEBUG org.eclipse.jetty.util.thread.strategy.EatWhatYouKill - EatWhatYouKill@61ce6731/SelectorProducer@20cb10e8/IDLE/p=false/QueuedThreadPool[qtp853429147]@32de4b9b{STARTED,8<=8<=14,i=6,r=1,q=0}[ReservedThreadExecutor@7a292eba{s=0/1,p=0}][pc=0,pic=0,pec=0,epc=0]@2020-09-25T13:18:54.3933634+02:00 tryProduce false
13:18:54.393 [qtp853429147-116] DEBUG org.eclipse.jetty.io.ManagedSelector - updateable 1
13:18:54.393 [qtp853429147-116] DEBUG org.eclipse.jetty.io.ManagedSelector - update org.eclipse.jetty.io.ManagedSelector$Start@feb4884
13:18:54.393 [qtp853429147-116] DEBUG org.eclipse.jetty.io.ManagedSelector - updates 0
13:18:54.393 [qtp853429147-116] DEBUG org.eclipse.jetty.io.ManagedSelector - Selector sun.nio.ch.WindowsSelectorImpl@1d61dea3 waiting with 0 keys
13:18:54.393 [Test worker] DEBUG org.eclipse.jetty.util.component.AbstractLifeCycle - STARTED @85955ms ManagedSelector@2e03eae5{STARTED} id=1 keys=0 selected=0 updates=0
13:18:54.393 [Test worker] DEBUG org.eclipse.jetty.util.component.AbstractLifeCycle - STARTED @85955ms SelectorManager@NetworkTrafficServerConnector@75579836{HTTP/1.1, (http/1.1)}{0.0.0.0:8080}
13:18:54.393 [Test worker] DEBUG org.eclipse.jetty.util.component.ContainerLifeCycle - NetworkTrafficServerConnector@75579836{HTTP/1.1, (http/1.1)}{0.0.0.0:8080} added {acceptor-0@25e4f3be,POJO}
13:18:54.393 [Test worker] DEBUG org.eclipse.jetty.util.thread.QueuedThreadPool - queue acceptor-0@25e4f3be startThread=0
13:18:54.393 [Test worker] DEBUG org.eclipse.jetty.util.component.ContainerLifeCycle - NetworkTrafficServerConnector@75579836{HTTP/1.1, (http/1.1)}{0.0.0.0:8080} added {acceptor-1@3526903a,POJO}
13:18:54.393 [Test worker] DEBUG org.eclipse.jetty.util.thread.QueuedThreadPool - queue acceptor-1@3526903a startThread=0
13:18:54.393 [Test worker] DEBUG org.eclipse.jetty.util.component.ContainerLifeCycle - NetworkTrafficServerConnector@75579836{HTTP/1.1, (http/1.1)}{0.0.0.0:8080} added {acceptor-2@7dab9a35,POJO}
13:18:54.393 [Test worker] DEBUG org.eclipse.jetty.util.thread.QueuedThreadPool - queue acceptor-2@7dab9a35 startThread=0
13:18:54.393 [Test worker] INFO org.eclipse.jetty.server.AbstractConnector - Started NetworkTrafficServerConnector@75579836{HTTP/1.1, (http/1.1)}{0.0.0.0:8080}
13:18:54.393 [Test worker] DEBUG org.eclipse.jetty.util.component.AbstractLifeCycle - STARTED @85955ms NetworkTrafficServerConnector@75579836{HTTP/1.1, (http/1.1)}{0.0.0.0:8080}
13:18:54.393 [Test worker] INFO org.eclipse.jetty.server.Server - Started @85955ms
13:18:54.393 [Test worker] DEBUG org.eclipse.jetty.util.component.AbstractLifeCycle - STARTED @85955ms Server@338febd{STARTED}[9.4.28.v20200408]
13:18:54.397 [Test worker] DEBUG org.apache.http.impl.conn.PoolingHttpClientConnectionManager - Connection request: [route: {}->http://localhost:8080][total available: 1; route allocated: 1 of 5; total allocated: 1 of 50]
13:18:54.397 [Test worker] DEBUG org.apache.http.impl.conn.PoolingHttpClientConnectionManager - Connection leased: [id: 5][route: {}->http://localhost:8080][total available: 0; route allocated: 1 of 5; total allocated: 1 of 50]
13:18:54.398 [Test worker] DEBUG org.apache.http.impl.conn.DefaultManagedHttpClientConnection - http-outgoing-5: set socket timeout to 30000
13:18:54.398 [Test worker] DEBUG org.apache.http.impl.execchain.MainClientExec - Stale connection check
13:18:54.398 [Test worker] DEBUG org.apache.http.wire - http-outgoing-5 << "end of stream"
13:18:54.398 [Test worker] DEBUG org.apache.http.impl.execchain.MainClientExec - Stale connection detected
13:18:54.398 [Test worker] DEBUG org.apache.http.impl.conn.DefaultManagedHttpClientConnection - http-outgoing-5: Close connection
13:18:54.399 [Test worker] DEBUG org.apache.http.impl.execchain.MainClientExec - Opening connection {}->http://localhost:8080
13:18:54.400 [Test worker] DEBUG org.apache.http.impl.conn.DefaultHttpClientConnectionOperator - Connecting to localhost/127.0.0.1:8080
13:18:54.400 [Test worker] DEBUG org.apache.http.impl.conn.DefaultHttpClientConnectionOperator - Connection established 127.0.0.1:65036<->127.0.0.1:8080
13:18:54.400 [Test worker] DEBUG org.apache.http.impl.execchain.MainClientExec - Executing request POST /__admin/mappings HTTP/1.1
13:18:54.400 [Test worker] DEBUG org.apache.http.impl.execchain.MainClientExec - Target auth state: UNCHALLENGED
13:18:54.400 [Test worker] DEBUG org.apache.http.impl.execchain.MainClientExec - Proxy auth state: UNCHALLENGED
13:18:54.401 [Test worker] DEBUG org.apache.http.headers - http-outgoing-5 >> POST /__admin/mappings HTTP/1.1
13:18:54.401 [Test worker] DEBUG org.apache.http.headers - http-outgoing-5 >> Content-Length: 366
13:18:54.401 [Test worker] DEBUG org.apache.http.headers - http-outgoing-5 >> Content-Type: text/plain; charset=UTF-8
13:18:54.401 [Test worker] DEBUG org.apache.http.headers - http-outgoing-5 >> Host: localhost:8080
13:18:54.401 [Test worker] DEBUG org.apache.http.headers - http-outgoing-5 >> Connection: Keep-Alive
13:18:54.401 [Test worker] DEBUG org.apache.http.headers - http-outgoing-5 >> User-Agent: Apache-HttpClient/4.5.12 (Java/11.0.2)
13:18:54.401 [Test worker] DEBUG org.apache.http.wire - http-outgoing-5 >> "POST /__admin/mappings HTTP/1.1[\r][\n]"
13:18:54.401 [Test worker] DEBUG org.apache.http.wire - http-outgoing-5 >> "Content-Length: 366[\r][\n]"
13:18:54.401 [Test worker] DEBUG org.apache.http.wire - http-outgoing-5 >> "Content-Type: text/plain; charset=UTF-8[\r][\n]"
13:18:54.401 [Test worker] DEBUG org.apache.http.wire - http-outgoing-5 >> "Host: localhost:8080[\r][\n]"
13:18:54.401 [Test worker] DEBUG org.apache.http.wire - http-outgoing-5 >> "Connection: Keep-Alive[\r][\n]"
13:18:54.401 [Test worker] DEBUG org.apache.http.wire - http-outgoing-5 >> "User-Agent: Apache-HttpClient/4.5.12 (Java/11.0.2)[\r][\n]"
13:18:54.401 [Test worker] DEBUG org.apache.http.wire - http-outgoing-5 >> "[\r][\n]"
13:18:54.401 [Test worker] DEBUG org.apache.http.wire - http-outgoing-5 >> "{[\r][\n]"
13:18:54.401 [Test worker] DEBUG org.apache.http.wire - http-outgoing-5 >> "  "id" : "8182e000-de79-4133-9739-53ffeddc63f0",[\r][\n]"
13:18:54.401 [Test worker] DEBUG org.apache.http.wire - http-outgoing-5 >> "  "request" : {[\r][\n]"
13:18:54.401 [Test worker] DEBUG org.apache.http.wire - http-outgoing-5 >> "    "url" : "/api/v0/components/provision-adapters/jobs/4886639d-5d96-440b-b467-0b386be7969c",[\r][\n]"
13:18:54.401 [Test worker] DEBUG org.apache.http.wire - http-outgoing-5 >> "    "method" : "GET"[\r][\n]"
13:18:54.401 [Test worker] DEBUG org.apache.http.wire - http-outgoing-5 >> "  },[\r][\n]"
13:18:54.401 [Test worker] DEBUG org.apache.http.wire - http-outgoing-5 >> "  "response" : {[\r][\n]"
13:18:54.401 [Test worker] DEBUG org.apache.http.wire - http-outgoing-5 >> "    "status" : 401[\r][\n]"
13:18:54.401 [Test worker] DEBUG org.apache.http.wire - http-outgoing-5 >> "  },[\r][\n]"
13:18:54.401 [Test worker] DEBUG org.apache.http.wire - http-outgoing-5 >> "  "uuid" : "8182e000-de79-4133-9739-53ffeddc63f0",[\r][\n]"
13:18:54.401 [Test worker] DEBUG org.apache.http.wire - http-outgoing-5 >> "  "scenarioName" : "unAuthorized",[\r][\n]"
13:18:54.401 [Test worker] DEBUG org.apache.http.wire - http-outgoing-5 >> "  "requiredScenarioState" : "Started"[\r][\n]"
13:18:54.401 [Test worker] DEBUG org.apache.http.wire - http-outgoing-5 >> "}"
13:18:54.401 [qtp853429147-114] DEBUG org.eclipse.jetty.util.thread.QueuedThreadPool - run acceptor-0@25e4f3be in QueuedThreadPool[qtp853429147]@32de4b9b{STARTED,8<=8<=14,i=3,r=1,q=0}[ReservedThreadExecutor@7a292eba{s=0/1,p=0}]
13:18:54.402 [qtp853429147-113] DEBUG org.eclipse.jetty.util.thread.QueuedThreadPool - run acceptor-1@3526903a in QueuedThreadPool[qtp853429147]@32de4b9b{STARTED,8<=8<=14,i=3,r=1,q=0}[ReservedThreadExecutor@7a292eba{s=0/1,p=0}]
13:18:54.402 [qtp853429147-115] DEBUG org.eclipse.jetty.util.thread.QueuedThreadPool - run acceptor-2@7dab9a35 in QueuedThreadPool[qtp853429147]@32de4b9b{STARTED,8<=8<=14,i=3,r=1,q=0}[ReservedThreadExecutor@7a292eba{s=0/1,p=0}]
13:18:54.403 [qtp853429147-113-acceptor-1@3526903a-NetworkTrafficServerConnector@75579836{HTTP/1.1, (http/1.1)}{0.0.0.0:8080}] DEBUG org.eclipse.jetty.io.ManagedSelector - Queued change org.eclipse.jetty.io.ManagedSelector$Accept@52a3290e on ManagedSelector@2e03eae5{STARTED} id=1 keys=0 selected=0 updates=0
13:18:54.403 [qtp853429147-113-acceptor-1@3526903a-NetworkTrafficServerConnector@75579836{HTTP/1.1, (http/1.1)}{0.0.0.0:8080}] DEBUG org.eclipse.jetty.io.ManagedSelector - Wakeup on submit ManagedSelector@2e03eae5{STARTED} id=1 keys=0 selected=0 updates=1
13:18:54.403 [qtp853429147-116] DEBUG org.eclipse.jetty.io.ManagedSelector - Selector sun.nio.ch.WindowsSelectorImpl@1d61dea3 woken with none selected
13:18:54.403 [qtp853429147-116] DEBUG org.eclipse.jetty.io.ManagedSelector - Selector sun.nio.ch.WindowsSelectorImpl@1d61dea3 woken up from select, 0/0/0 selected
13:18:54.403 [qtp853429147-116] DEBUG org.eclipse.jetty.io.ManagedSelector - Selector sun.nio.ch.WindowsSelectorImpl@1d61dea3 processing 0 keys, 1 updates
13:18:54.403 [qtp853429147-116] DEBUG org.eclipse.jetty.io.ManagedSelector - updateable 1
13:18:54.403 [qtp853429147-116] DEBUG org.eclipse.jetty.io.ManagedSelector - update org.eclipse.jetty.io.ManagedSelector$Accept@52a3290e
13:18:54.403 [qtp853429147-116] DEBUG org.eclipse.jetty.util.thread.QueuedThreadPool - queue org.eclipse.jetty.io.ManagedSelector$Accept@52a3290e startThread=0
13:18:54.403 [qtp853429147-116] DEBUG org.eclipse.jetty.io.ManagedSelector - updates 0
13:18:54.403 [qtp853429147-116] DEBUG org.eclipse.jetty.io.ManagedSelector - Selector sun.nio.ch.WindowsSelectorImpl@1d61dea3 waiting with 1 keys
13:18:54.403 [qtp853429147-111] DEBUG org.eclipse.jetty.util.thread.QueuedThreadPool - run org.eclipse.jetty.io.ManagedSelector$Accept@52a3290e in QueuedThreadPool[qtp853429147]@32de4b9b{STARTED,8<=8<=14,i=2,r=1,q=0}[ReservedThreadExecutor@7a292eba{s=0/1,p=0}]
13:18:54.403 [qtp853429147-111] DEBUG org.eclipse.jetty.io.IdleTimeout - NetworkTrafficSocketChannelEndPoint@64307ead{/127.0.0.1:65036<->/127.0.0.1:8080,OPEN,fill=-,flush=-,to=0/30000}{io=0/0,kio=0,kro=0}-><null> idle timeout check, elapsed: 0 ms, remaining: 30000 ms
13:18:54.404 [qtp853429147-111] DEBUG org.eclipse.jetty.server.HttpChannel - new HttpChannelOverHttp@6ec815dd{s=HttpChannelState@2bca9660{s=IDLE rs=BLOCKING os=OPEN is=IDLE awp=false se=false i=true al=0},r=0,c=false/false,a=IDLE,uri=null,age=0} -> NetworkTrafficSocketChannelEndPoint@64307ead{/127.0.0.1:65036<->/127.0.0.1:8080,OPEN,fill=-,flush=-,to=0/30000}{io=0/0,kio=0,kro=0}-><null>,null,HttpChannelState@2bca9660{s=IDLE rs=BLOCKING os=OPEN is=IDLE awp=false se=false i=true al=0}
13:18:54.404 [qtp853429147-111] DEBUG org.eclipse.jetty.server.HttpConnection - New HTTP Connection HttpConnection@4c6840a2::NetworkTrafficSocketChannelEndPoint@64307ead{/127.0.0.1:65036<->/127.0.0.1:8080,OPEN,fill=-,flush=-,to=0/30000}{io=0/0,kio=0,kro=0}-><null>
13:18:54.404 [qtp853429147-111] DEBUG org.eclipse.jetty.io.AbstractEndPoint - onOpen NetworkTrafficSocketChannelEndPoint@64307ead{/127.0.0.1:65036<->/127.0.0.1:8080,OPEN,fill=-,flush=-,to=0/30000}{io=0/0,kio=0,kro=0}->HttpConnection@4c6840a2[p=HttpParser{s=START,0 of -1},g=HttpGenerator@1aab1830{s=START}]=>HttpChannelOverHttp@6ec815dd{s=HttpChannelState@2bca9660{s=IDLE rs=BLOCKING os=OPEN is=IDLE awp=false se=false i=true al=0},r=0,c=false/false,a=IDLE,uri=null,age=0}
13:18:54.404 [qtp853429147-111] DEBUG org.eclipse.jetty.io.AbstractConnection - onOpen HttpConnection@4c6840a2::NetworkTrafficSocketChannelEndPoint@64307ead{/127.0.0.1:65036<->/127.0.0.1:8080,OPEN,fill=-,flush=-,to=0/30000}{io=0/0,kio=0,kro=0}->HttpConnection@4c6840a2[p=HttpParser{s=START,0 of -1},g=HttpGenerator@1aab1830{s=START}]=>HttpChannelOverHttp@6ec815dd{s=HttpChannelState@2bca9660{s=IDLE rs=BLOCKING os=OPEN is=IDLE awp=false se=false i=true al=0},r=0,c=false/false,a=IDLE,uri=null,age=0}
13:18:54.404 [qtp853429147-111] DEBUG org.eclipse.jetty.io.AbstractConnection - fillInterested HttpConnection@4c6840a2::NetworkTrafficSocketChannelEndPoint@64307ead{/127.0.0.1:65036<->/127.0.0.1:8080,OPEN,fill=-,flush=-,to=0/30000}{io=0/0,kio=0,kro=0}->HttpConnection@4c6840a2[p=HttpParser{s=START,0 of -1},g=HttpGenerator@1aab1830{s=START}]=>HttpChannelOverHttp@6ec815dd{s=HttpChannelState@2bca9660{s=IDLE rs=BLOCKING os=OPEN is=IDLE awp=false se=false i=true al=0},r=0,c=false/false,a=IDLE,uri=null,age=0}
13:18:54.404 [qtp853429147-111] DEBUG org.eclipse.jetty.io.FillInterest - interested FillInterest@34e39045{AC.ReadCB@4c6840a2{HttpConnection@4c6840a2::NetworkTrafficSocketChannelEndPoint@64307ead{/127.0.0.1:65036<->/127.0.0.1:8080,OPEN,fill=FI,flush=-,to=0/30000}{io=0/0,kio=0,kro=0}->HttpConnection@4c6840a2[p=HttpParser{s=START,0 of -1},g=HttpGenerator@1aab1830{s=START}]=>HttpChannelOverHttp@6ec815dd{s=HttpChannelState@2bca9660{s=IDLE rs=BLOCKING os=OPEN is=IDLE awp=false se=false i=true al=0},r=0,c=false/false,a=IDLE,uri=null,age=0}}}
13:18:54.404 [qtp853429147-111] DEBUG org.eclipse.jetty.io.ChannelEndPoint - changeInterests p=false 0->1 for NetworkTrafficSocketChannelEndPoint@64307ead{/127.0.0.1:65036<->/127.0.0.1:8080,OPEN,fill=FI,flush=-,to=0/30000}{io=0/1,kio=0,kro=0}->HttpConnection@4c6840a2[p=HttpParser{s=START,0 of -1},g=HttpGenerator@1aab1830{s=START}]=>HttpChannelOverHttp@6ec815dd{s=HttpChannelState@2bca9660{s=IDLE rs=BLOCKING os=OPEN is=IDLE awp=false se=false i=true al=0},r=0,c=false/false,a=IDLE,uri=null,age=0}
13:18:54.404 [qtp853429147-111] DEBUG org.eclipse.jetty.io.ManagedSelector - Queued change org.eclipse.jetty.io.ChannelEndPoint$1@4be5692f on ManagedSelector@2e03eae5{STARTED} id=1 keys=1 selected=0 updates=0
13:18:54.404 [qtp853429147-111] DEBUG org.eclipse.jetty.io.ManagedSelector - Wakeup on submit ManagedSelector@2e03eae5{STARTED} id=1 keys=1 selected=0 updates=1
13:18:54.404 [qtp853429147-116] DEBUG org.eclipse.jetty.io.ManagedSelector - Selector sun.nio.ch.WindowsSelectorImpl@1d61dea3 woken with none selected
13:18:54.404 [qtp853429147-116] DEBUG org.eclipse.jetty.io.ManagedSelector - Selector sun.nio.ch.WindowsSelectorImpl@1d61dea3 woken up from select, 0/0/1 selected
13:18:54.404 [qtp853429147-116] DEBUG org.eclipse.jetty.io.ManagedSelector - Selector sun.nio.ch.WindowsSelectorImpl@1d61dea3 processing 0 keys, 1 updates
13:18:54.404 [qtp853429147-111] DEBUG org.eclipse.jetty.io.ManagedSelector - Created NetworkTrafficSocketChannelEndPoint@64307ead{/127.0.0.1:65036<->/127.0.0.1:8080,OPEN,fill=FI,flush=-,to=0/30000}{io=0/1,kio=0,kro=0}->HttpConnection@4c6840a2[p=HttpParser{s=START,0 of -1},g=HttpGenerator@1aab1830{s=START}]=>HttpChannelOverHttp@6ec815dd{s=HttpChannelState@2bca9660{s=IDLE rs=BLOCKING os=OPEN is=IDLE awp=false se=false i=true al=0},r=0,c=false/false,a=IDLE,uri=null,age=0}
13:18:54.404 [qtp853429147-116] DEBUG org.eclipse.jetty.io.ManagedSelector - updateable 1
13:18:54.404 [qtp853429147-116] DEBUG org.eclipse.jetty.io.ManagedSelector - update org.eclipse.jetty.io.ChannelEndPoint$1@4be5692f
13:18:54.404 [qtp853429147-111] DEBUG org.eclipse.jetty.util.thread.QueuedThreadPool - ran org.eclipse.jetty.io.ManagedSelector$Accept@52a3290e in QueuedThreadPool[qtp853429147]@32de4b9b{STARTED,8<=8<=14,i=2,r=1,q=0}[ReservedThreadExecutor@7a292eba{s=0/1,p=0}]
13:18:54.405 [qtp853429147-116] DEBUG org.eclipse.jetty.io.ChannelEndPoint - Key interests updated 0 -> 1 on NetworkTrafficSocketChannelEndPoint@64307ead{/127.0.0.1:65036<->/127.0.0.1:8080,OPEN,fill=FI,flush=-,to=0/30000}{io=1/1,kio=1,kro=0}->HttpConnection@4c6840a2[p=HttpParser{s=START,0 of -1},g=HttpGenerator@1aab1830{s=START}]=>HttpChannelOverHttp@6ec815dd{s=HttpChannelState@2bca9660{s=IDLE rs=BLOCKING os=OPEN is=IDLE awp=false se=false i=true al=0},r=0,c=false/false,a=IDLE,uri=null,age=0}
13:18:54.405 [qtp853429147-116] DEBUG org.eclipse.jetty.io.ManagedSelector - updates 0
13:18:54.405 [qtp853429147-116] DEBUG org.eclipse.jetty.io.ManagedSelector - Selector sun.nio.ch.WindowsSelectorImpl@1d61dea3 waiting with 1 keys
13:18:54.405 [qtp853429147-116] DEBUG org.eclipse.jetty.io.ManagedSelector - Selector sun.nio.ch.WindowsSelectorImpl@1d61dea3 woken up from select, 1/1/1 selected
13:18:54.405 [qtp853429147-116] DEBUG org.eclipse.jetty.io.ManagedSelector - Selector sun.nio.ch.WindowsSelectorImpl@1d61dea3 processing 1 keys, 0 updates
13:18:54.405 [qtp853429147-116] DEBUG org.eclipse.jetty.io.ManagedSelector - selected 1 channel=java.nio.channels.SocketChannel[connected local=/127.0.0.1:8080 remote=/127.0.0.1:65036], selector=sun.nio.ch.WindowsSelectorImpl@1d61dea3, interestOps=1, readyOps=1 NetworkTrafficSocketChannelEndPoint@64307ead{/127.0.0.1:65036<->/127.0.0.1:8080,OPEN,fill=FI,flush=-,to=0/30000}{io=1/1,kio=1,kro=1}->HttpConnection@4c6840a2[p=HttpParser{s=START,0 of -1},g=HttpGenerator@1aab1830{s=START}]=>HttpChannelOverHttp@6ec815dd{s=HttpChannelState@2bca9660{s=IDLE rs=BLOCKING os=OPEN is=IDLE awp=false se=false i=true al=0},r=0,c=false/false,a=IDLE,uri=null,age=0} 
13:18:54.405 [qtp853429147-116] DEBUG org.eclipse.jetty.io.ChannelEndPoint - onSelected 1->0 r=true w=false for NetworkTrafficSocketChannelEndPoint@64307ead{/127.0.0.1:65036<->/127.0.0.1:8080,OPEN,fill=FI,flush=-,to=0/30000}{io=1/0,kio=1,kro=1}->HttpConnection@4c6840a2[p=HttpParser{s=START,0 of -1},g=HttpGenerator@1aab1830{s=START}]=>HttpChannelOverHttp@6ec815dd{s=HttpChannelState@2bca9660{s=IDLE rs=BLOCKING os=OPEN is=IDLE awp=false se=false i=true al=0},r=0,c=false/false,a=IDLE,uri=null,age=0}
13:18:54.405 [qtp853429147-116] DEBUG org.eclipse.jetty.io.ChannelEndPoint - task CEP:NetworkTrafficSocketChannelEndPoint@64307ead{/127.0.0.1:65036<->/127.0.0.1:8080,OPEN,fill=FI,flush=-,to=0/30000}{io=1/0,kio=1,kro=1}->HttpConnection@4c6840a2[p=HttpParser{s=START,0 of -1},g=HttpGenerator@1aab1830{s=START}]=>HttpChannelOverHttp@6ec815dd{s=HttpChannelState@2bca9660{s=IDLE rs=BLOCKING os=OPEN is=IDLE awp=false se=false i=true al=0},r=0,c=false/false,a=IDLE,uri=null,age=0}:runFillable:BLOCKING
13:18:54.405 [qtp853429147-116] DEBUG org.eclipse.jetty.util.thread.ReservedThreadExecutor - ReservedThreadExecutor@7a292eba{s=0/1,p=0} tryExecute EatWhatYouKill@61ce6731/SelectorProducer@20cb10e8/PRODUCING/p=false/QueuedThreadPool[qtp853429147]@32de4b9b{STARTED,8<=8<=14,i=3,r=1,q=0}[ReservedThreadExecutor@7a292eba{s=0/1,p=0}][pc=0,pic=0,pec=0,epc=0]@2020-09-25T13:18:54.4053534+02:00
13:18:54.405 [qtp853429147-116] DEBUG org.eclipse.jetty.util.thread.ReservedThreadExecutor - ReservedThreadExecutor@7a292eba{s=0/1,p=1} startReservedThread p=1
13:18:54.405 [qtp853429147-116] DEBUG org.eclipse.jetty.util.thread.QueuedThreadPool - queue ReservedThreadExecutor@7a292eba{s=0/1,p=1}@1799b5d3 startThread=0
13:18:54.405 [qtp853429147-110] DEBUG org.eclipse.jetty.util.thread.QueuedThreadPool - run ReservedThreadExecutor@7a292eba{s=0/1,p=1}@1799b5d3 in QueuedThreadPool[qtp853429147]@32de4b9b{STARTED,8<=8<=14,i=2,r=1,q=0}[ReservedThreadExecutor@7a292eba{s=0/1,p=1}]
13:18:54.405 [qtp853429147-110] DEBUG org.eclipse.jetty.util.thread.ReservedThreadExecutor - ReservedThreadExecutor@7a292eba{s=1/1,p=1}@1799b5d3 started
13:18:54.405 [qtp853429147-110] DEBUG org.eclipse.jetty.util.thread.ReservedThreadExecutor - ReservedThreadExecutor@7a292eba{s=1/1,p=0}@1799b5d3 waiting
13:18:54.405 [qtp853429147-116] DEBUG org.eclipse.jetty.util.thread.strategy.EatWhatYouKill - EatWhatYouKill@61ce6731/SelectorProducer@20cb10e8/PRODUCING/p=false/QueuedThreadPool[qtp853429147]@32de4b9b{STARTED,8<=8<=14,i=2,r=1,q=0}[ReservedThreadExecutor@7a292eba{s=0/1,p=1}][pc=0,pic=0,pec=0,epc=0]@2020-09-25T13:18:54.4053534+02:00 m=PRODUCE_EXECUTE_CONSUME t=CEP:NetworkTrafficSocketChannelEndPoint@64307ead{/127.0.0.1:65036<->/127.0.0.1:8080,OPEN,fill=FI,flush=-,to=1/30000}{io=1/0,kio=1,kro=1}->HttpConnection@4c6840a2[p=HttpParser{s=START,0 of -1},g=HttpGenerator@1aab1830{s=START}]=>HttpChannelOverHttp@6ec815dd{s=HttpChannelState@2bca9660{s=IDLE rs=BLOCKING os=OPEN is=IDLE awp=false se=false i=true al=0},r=0,c=false/false,a=IDLE,uri=null,age=0}:runFillable:BLOCKING/BLOCKING
13:18:54.405 [qtp853429147-116] DEBUG org.eclipse.jetty.util.thread.QueuedThreadPool - queue CEP:NetworkTrafficSocketChannelEndPoint@64307ead{/127.0.0.1:65036<->/127.0.0.1:8080,OPEN,fill=FI,flush=-,to=1/30000}{io=1/0,kio=1,kro=1}->HttpConnection@4c6840a2[p=HttpParser{s=START,0 of -1},g=HttpGenerator@1aab1830{s=START}]=>HttpChannelOverHttp@6ec815dd{s=HttpChannelState@2bca9660{s=IDLE rs=BLOCKING os=OPEN is=IDLE awp=false se=false i=true al=0},r=0,c=false/false,a=IDLE,uri=null,age=0}:runFillable:BLOCKING startThread=0
13:18:54.405 [qtp853429147-116] DEBUG org.eclipse.jetty.io.ManagedSelector - updateable 0
13:18:54.405 [qtp853429147-116] DEBUG org.eclipse.jetty.io.ManagedSelector - updates 0
13:18:54.405 [qtp853429147-112] DEBUG org.eclipse.jetty.util.thread.QueuedThreadPool - run CEP:NetworkTrafficSocketChannelEndPoint@64307ead{/127.0.0.1:65036<->/127.0.0.1:8080,OPEN,fill=FI,flush=-,to=1/30000}{io=1/0,kio=1,kro=1}->HttpConnection@4c6840a2[p=HttpParser{s=START,0 of -1},g=HttpGenerator@1aab1830{s=START}]=>HttpChannelOverHttp@6ec815dd{s=HttpChannelState@2bca9660{s=IDLE rs=BLOCKING os=OPEN is=IDLE awp=false se=false i=true al=0},r=0,c=false/false,a=IDLE,uri=null,age=0}:runFillable:BLOCKING in QueuedThreadPool[qtp853429147]@32de4b9b{STARTED,8<=8<=14,i=1,r=1,q=0}[ReservedThreadExecutor@7a292eba{s=1/1,p=0}]
13:18:54.405 [qtp853429147-116] DEBUG org.eclipse.jetty.io.ChannelEndPoint - Key interests updated 1 -> 0 on NetworkTrafficSocketChannelEndPoint@64307ead{/127.0.0.1:65036<->/127.0.0.1:8080,OPEN,fill=FI,flush=-,to=1/30000}{io=0/0,kio=0,kro=1}->HttpConnection@4c6840a2[p=HttpParser{s=START,0 of -1},g=HttpGenerator@1aab1830{s=START}]=>HttpChannelOverHttp@6ec815dd{s=HttpChannelState@2bca9660{s=IDLE rs=BLOCKING os=OPEN is=IDLE awp=false se=false i=true al=0},r=0,c=false/false,a=IDLE,uri=null,age=0}
13:18:54.406 [qtp853429147-116] DEBUG org.eclipse.jetty.io.ManagedSelector - Selector sun.nio.ch.WindowsSelectorImpl@1d61dea3 waiting with 1 keys
13:18:54.406 [qtp853429147-112] DEBUG org.eclipse.jetty.io.FillInterest - fillable FillInterest@34e39045{AC.ReadCB@4c6840a2{HttpConnection@4c6840a2::NetworkTrafficSocketChannelEndPoint@64307ead{/127.0.0.1:65036<->/127.0.0.1:8080,OPEN,fill=FI,flush=-,to=1/30000}{io=0/0,kio=0,kro=1}->HttpConnection@4c6840a2[p=HttpParser{s=START,0 of -1},g=HttpGenerator@1aab1830{s=START}]=>HttpChannelOverHttp@6ec815dd{s=HttpChannelState@2bca9660{s=IDLE rs=BLOCKING os=OPEN is=IDLE awp=false se=false i=true al=0},r=0,c=false/false,a=IDLE,uri=null,age=0}}}
13:18:54.406 [qtp853429147-112] DEBUG org.eclipse.jetty.server.HttpConnection - HttpConnection@4c6840a2::NetworkTrafficSocketChannelEndPoint@64307ead{/127.0.0.1:65036<->/127.0.0.1:8080,OPEN,fill=-,flush=-,to=1/30000}{io=0/0,kio=0,kro=1}->HttpConnection@4c6840a2[p=HttpParser{s=START,0 of -1},g=HttpGenerator@1aab1830{s=START}]=>HttpChannelOverHttp@6ec815dd{s=HttpChannelState@2bca9660{s=IDLE rs=BLOCKING os=OPEN is=IDLE awp=false se=false i=true al=0},r=0,c=false/false,a=IDLE,uri=null,age=0} onFillable enter HttpChannelState@2bca9660{s=IDLE rs=BLOCKING os=OPEN is=IDLE awp=false se=false i=true al=0} null
13:18:54.406 [qtp853429147-112] DEBUG org.eclipse.jetty.io.ChannelEndPoint - filled 561 HeapByteBuffer@b72e34d[p=0,l=561,c=8192,r=561]={<<<POST /__admin/mappings HT...ioState" : "Started"\r\n}>>>\x00\x00\x00\x00\x00\x00\x00\x00\x00...\x00\x00\x00\x00\x00\x00\x00}
13:18:54.406 [qtp853429147-112] DEBUG org.eclipse.jetty.server.HttpConnection - HttpConnection@4c6840a2::NetworkTrafficSocketChannelEndPoint@64307ead{/127.0.0.1:65036<->/127.0.0.1:8080,OPEN,fill=-,flush=-,to=0/30000}{io=0/0,kio=0,kro=1}->HttpConnection@4c6840a2[p=HttpParser{s=START,0 of -1},g=HttpGenerator@1aab1830{s=START}]=>HttpChannelOverHttp@6ec815dd{s=HttpChannelState@2bca9660{s=IDLE rs=BLOCKING os=OPEN is=IDLE awp=false se=false i=true al=0},r=0,c=false/false,a=IDLE,uri=null,age=0} filled 561 HeapByteBuffer@b72e34d[p=0,l=561,c=8192,r=561]={<<<POST /__admin/mappings HT...ioState" : "Started"\r\n}>>>\x00\x00\x00\x00\x00\x00\x00\x00\x00...\x00\x00\x00\x00\x00\x00\x00}
13:18:54.406 [qtp853429147-112] DEBUG org.eclipse.jetty.server.HttpConnection - HttpConnection@4c6840a2::NetworkTrafficSocketChannelEndPoint@64307ead{/127.0.0.1:65036<->/127.0.0.1:8080,OPEN,fill=-,flush=-,to=0/30000}{io=0/0,kio=0,kro=1}->HttpConnection@4c6840a2[p=HttpParser{s=START,0 of -1},g=HttpGenerator@1aab1830{s=START}]=>HttpChannelOverHttp@6ec815dd{s=HttpChannelState@2bca9660{s=IDLE rs=BLOCKING os=OPEN is=IDLE awp=false se=false i=true al=0},r=0,c=false/false,a=IDLE,uri=null,age=0} parse HeapByteBuffer@b72e34d[p=0,l=561,c=8192,r=561]={<<<POST /__admin/mappings HT...ioState" : "Started"\r\n}>>>\x00\x00\x00\x00\x00\x00\x00\x00\x00...\x00\x00\x00\x00\x00\x00\x00} {}
13:18:54.406 [qtp853429147-112] DEBUG org.eclipse.jetty.http.HttpParser - parseNext s=START HeapByteBuffer@b72e34d[p=0,l=561,c=8192,r=561]={<<<POST /__admin/mappings HT...ioState" : "Started"\r\n}>>>\x00\x00\x00\x00\x00\x00\x00\x00\x00...\x00\x00\x00\x00\x00\x00\x00}
13:18:54.406 [qtp853429147-112] DEBUG org.eclipse.jetty.http.HttpParser - START --> SPACE1
13:18:54.406 [qtp853429147-112] DEBUG org.eclipse.jetty.http.HttpParser - SPACE1 --> URI
13:18:54.406 [qtp853429147-112] DEBUG org.eclipse.jetty.http.HttpParser - URI --> SPACE2
13:18:54.406 [qtp853429147-112] DEBUG org.eclipse.jetty.http.HttpParser - SPACE2 --> REQUEST_VERSION
13:18:54.406 [qtp853429147-112] DEBUG org.eclipse.jetty.http.HttpParser - REQUEST_VERSION --> HEADER
13:18:54.406 [qtp853429147-112] DEBUG org.eclipse.jetty.http.HttpParser - HEADER:Content-Length --> VALUE
13:18:54.406 [qtp853429147-112] DEBUG org.eclipse.jetty.http.HttpParser - HEADER:Content-Length --> IN_VALUE
13:18:54.406 [qtp853429147-112] DEBUG org.eclipse.jetty.http.HttpParser - HEADER:Content-Length --> FIELD
13:18:54.406 [qtp853429147-112] DEBUG org.eclipse.jetty.http.HttpParser - HEADER:Content-Type: text/plain; charset=UTF-8 --> IN_VALUE
13:18:54.406 [qtp853429147-112] DEBUG org.eclipse.jetty.http.HttpParser - HEADER:Content-Type: text/plain; charset=UTF-8 --> FIELD
13:18:54.406 [qtp853429147-112] DEBUG org.eclipse.jetty.http.HttpParser - HEADER:Host --> VALUE
13:18:54.406 [qtp853429147-112] DEBUG org.eclipse.jetty.http.HttpParser - HEADER:Host --> IN_VALUE
13:18:54.406 [qtp853429147-112] DEBUG org.eclipse.jetty.http.HttpParser - HEADER:Host --> FIELD
13:18:54.406 [qtp853429147-112] DEBUG org.eclipse.jetty.http.HttpParser - HEADER:Connection: keep-alive --> IN_VALUE
13:18:54.406 [qtp853429147-112] DEBUG org.eclipse.jetty.http.HttpParser - HEADER:Connection: keep-alive --> FIELD
13:18:54.406 [qtp853429147-112] DEBUG org.eclipse.jetty.http.HttpParser - HEADER:User-Agent --> VALUE
13:18:54.406 [qtp853429147-112] DEBUG org.eclipse.jetty.http.HttpParser - HEADER:User-Agent --> IN_VALUE
13:18:54.407 [qtp853429147-112] DEBUG org.eclipse.jetty.http.HttpParser - HEADER:User-Agent --> FIELD
13:18:54.407 [qtp853429147-112] DEBUG org.eclipse.jetty.http.HttpParser - HEADER --> CONTENT
13:18:54.407 [qtp853429147-112] DEBUG org.eclipse.jetty.server.HttpChannel - REQUEST for //localhost:8080/__admin/mappings on HttpChannelOverHttp@6ec815dd{s=HttpChannelState@2bca9660{s=IDLE rs=BLOCKING os=OPEN is=IDLE awp=false se=false i=true al=0},r=1,c=false/false,a=IDLE,uri=//localhost:8080/__admin/mappings,age=0}
POST //localhost:8080/__admin/mappings HTTP/1.1
Content-Length: 366
Content-Type: text/plain; charset=UTF-8
Host: localhost:8080
Connection: keep-alive
User-Agent: Apache-HttpClient/4.5.12 (Java/11.0.2)


13:18:54.407 [qtp853429147-112] DEBUG org.eclipse.jetty.server.HttpConnection - HttpConnection@4c6840a2::NetworkTrafficSocketChannelEndPoint@64307ead{/127.0.0.1:65036<->/127.0.0.1:8080,OPEN,fill=-,flush=-,to=0/30000}{io=0/0,kio=0,kro=1}->HttpConnection@4c6840a2[p=HttpParser{s=CONTENT,0 of 366},g=HttpGenerator@1aab1830{s=START}]=>HttpChannelOverHttp@6ec815dd{s=HttpChannelState@2bca9660{s=IDLE rs=BLOCKING os=OPEN is=IDLE awp=false se=false i=true al=0},r=1,c=false/false,a=IDLE,uri=//localhost:8080/__admin/mappings,age=0} parsed true HttpParser{s=CONTENT,0 of 366}
13:18:54.407 [qtp853429147-112] DEBUG org.eclipse.jetty.server.HttpChannel - handle //localhost:8080/__admin/mappings HttpChannelOverHttp@6ec815dd{s=HttpChannelState@2bca9660{s=IDLE rs=BLOCKING os=OPEN is=IDLE awp=false se=false i=true al=0},r=1,c=false/false,a=IDLE,uri=//localhost:8080/__admin/mappings,age=0} 
13:18:54.407 [qtp853429147-112] DEBUG org.eclipse.jetty.server.HttpChannelState - handling HttpChannelState@2bca9660{s=IDLE rs=BLOCKING os=OPEN is=IDLE awp=false se=false i=true al=0}
13:18:54.407 [qtp853429147-112] DEBUG org.eclipse.jetty.server.HttpChannel - action DISPATCH HttpChannelOverHttp@6ec815dd{s=HttpChannelState@2bca9660{s=HANDLING rs=BLOCKING os=OPEN is=IDLE awp=false se=false i=true al=0},r=1,c=false/false,a=HANDLING,uri=//localhost:8080/__admin/mappings,age=0}
13:18:54.407 [qtp853429147-112] DEBUG org.eclipse.jetty.server.Server - REQUEST POST /__admin/mappings on HttpChannelOverHttp@6ec815dd{s=HttpChannelState@2bca9660{s=HANDLING rs=BLOCKING os=OPEN is=IDLE awp=false se=false i=true al=0},r=1,c=false/false,a=HANDLING,uri=//localhost:8080/__admin/mappings,age=0}
13:18:54.407 [qtp853429147-112] DEBUG org.eclipse.jetty.server.handler.ContextHandler - scope null||/__admin/mappings @ o.e.j.s.ServletContextHandler@5e5ac5d9{/__admin,null,AVAILABLE}
13:18:54.407 [qtp853429147-112] DEBUG org.eclipse.jetty.server.handler.ContextHandler - context=/__admin||/mappings @ o.e.j.s.ServletContextHandler@5e5ac5d9{/__admin,null,AVAILABLE}
13:18:54.407 [qtp853429147-112] DEBUG org.eclipse.jetty.servlet.ServletHandler - servlet /__admin|/mappings|null -> com.github.tomakehurst.wiremock.servlet.WireMockHandlerDispatchingServlet-71d5940b@7d861f86==com.github.tomakehurst.wiremock.servlet.WireMockHandlerDispatchingServlet,jsp=null,order=-1,inst=false,async=true
13:18:54.407 [qtp853429147-112] DEBUG org.eclipse.jetty.servlet.ServletHandler - chain=org.eclipse.jetty.servlets.CrossOriginFilter-28fc3acf@28fc3acf==org.eclipse.jetty.servlets.CrossOriginFilter,inst=true,async=true->com.github.tomakehurst.wiremock.servlet.WireMockHandlerDispatchingServlet-71d5940b@7d861f86==com.github.tomakehurst.wiremock.servlet.WireMockHandlerDispatchingServlet,jsp=null,order=-1,inst=false,async=true
13:18:54.407 [qtp853429147-112] DEBUG org.eclipse.jetty.servlet.ServletHolder - Servlet.init com.github.tomakehurst.wiremock.servlet.WireMockHandlerDispatchingServlet@5b50c53 for com.github.tomakehurst.wiremock.servlet.WireMockHandlerDispatchingServlet-71d5940b
13:18:54.513 [qtp853429147-112] INFO org.eclipse.jetty.server.handler.ContextHandler.__admin - RequestHandlerClass from context returned com.github.tomakehurst.wiremock.http.AdminRequestHandler. Normalized mapped under returned 'null'
13:18:54.513 [qtp853429147-112] DEBUG org.eclipse.jetty.servlet.ServletHandler - call filter org.eclipse.jetty.servlets.CrossOriginFilter-28fc3acf@28fc3acf==org.eclipse.jetty.servlets.CrossOriginFilter,inst=true,async=true
13:18:54.513 [qtp853429147-112] DEBUG org.eclipse.jetty.servlet.ServletHandler - call servlet com.github.tomakehurst.wiremock.servlet.WireMockHandlerDispatchingServlet-71d5940b@7d861f86==com.github.tomakehurst.wiremock.servlet.WireMockHandlerDispatchingServlet,jsp=null,order=-1,inst=true,async=true
13:18:54.514 [qtp853429147-112] DEBUG org.eclipse.jetty.server.HttpConnection - HttpConnection@4c6840a2::NetworkTrafficSocketChannelEndPoint@64307ead{/127.0.0.1:65036<->/127.0.0.1:8080,OPEN,fill=-,flush=-,to=107/30000}{io=0/0,kio=0,kro=1}->HttpConnection@4c6840a2[p=HttpParser{s=CONTENT,0 of 366},g=HttpGenerator@1aab1830{s=START}]=>HttpChannelOverHttp@6ec815dd{s=HttpChannelState@2bca9660{s=HANDLING rs=BLOCKING os=OPEN is=IDLE awp=false se=false i=true al=0},r=1,c=false/false,a=HANDLING,uri=//localhost:8080/__admin/mappings,age=107} parse HeapByteBuffer@b72e34d[p=195,l=561,c=8192,r=366]={POST /__a....2)\r\n\r\n<<<{\r\n  "id" : "8182e000-de7...ioState" : "Started"\r\n}>>>\x00\x00\x00\x00\x00\x00\x00\x00\x00...\x00\x00\x00\x00\x00\x00\x00} {}
13:18:54.514 [qtp853429147-112] DEBUG org.eclipse.jetty.http.HttpParser - parseNext s=CONTENT HeapByteBuffer@b72e34d[p=195,l=561,c=8192,r=366]={POST /__a....2)\r\n\r\n<<<{\r\n  "id" : "8182e000-de7...ioState" : "Started"\r\n}>>>\x00\x00\x00\x00\x00\x00\x00\x00\x00...\x00\x00\x00\x00\x00\x00\x00}
13:18:54.514 [qtp853429147-112] DEBUG org.eclipse.jetty.server.HttpChannel - onContent HttpChannelOverHttp@6ec815dd{s=HttpChannelState@2bca9660{s=HANDLING rs=BLOCKING os=OPEN is=IDLE awp=false se=false i=true al=0},r=1,c=false/false,a=HANDLING,uri=//localhost:8080/__admin/mappings,age=107} Content@18a883d{HeapByteBufferR@44880668[p=195,l=561,c=8192,r=366]={POST /__a....2)\r\n\r\n<<<{\r\n  "id" : "8182e000-de7...ioState" : "Started"\r\n}>>>\x00\x00\x00\x00\x00\x00\x00\x00\x00...\x00\x00\x00\x00\x00\x00\x00}}
13:18:54.514 [qtp853429147-112] DEBUG org.eclipse.jetty.server.HttpInput - HttpInputOverHTTP@58fced3f[c=0,q=0,[0]=null,s=STREAM] addContent Content@18a883d{HeapByteBufferR@44880668[p=195,l=561,c=8192,r=366]={POST /__a....2)\r\n\r\n<<<{\r\n  "id" : "8182e000-de7...ioState" : "Started"\r\n}>>>\x00\x00\x00\x00\x00\x00\x00\x00\x00...\x00\x00\x00\x00\x00\x00\x00}}
13:18:54.514 [qtp853429147-112] DEBUG org.eclipse.jetty.http.HttpParser - CONTENT --> CONTENT_END
13:18:54.514 [qtp853429147-112] DEBUG org.eclipse.jetty.server.HttpChannel - onContentComplete HttpChannelOverHttp@6ec815dd{s=HttpChannelState@2bca9660{s=HANDLING rs=BLOCKING os=OPEN is=IDLE awp=false se=false i=true al=0},r=1,c=false/false,a=HANDLING,uri=//localhost:8080/__admin/mappings,age=107}
13:18:54.514 [qtp853429147-112] DEBUG org.eclipse.jetty.http.HttpParser - CONTENT_END --> END
13:18:54.514 [qtp853429147-112] DEBUG org.eclipse.jetty.server.HttpChannel - onRequestComplete HttpChannelOverHttp@6ec815dd{s=HttpChannelState@2bca9660{s=HANDLING rs=BLOCKING os=OPEN is=IDLE awp=false se=false i=true al=0},r=1,c=false/false,a=HANDLING,uri=//localhost:8080/__admin/mappings,age=107}
13:18:54.514 [qtp853429147-112] DEBUG org.eclipse.jetty.server.HttpInput - HttpInputOverHTTP@58fced3f[c=0,q=1,[0]=EOF,s=STREAM] addContent EOF
13:18:54.514 [qtp853429147-112] DEBUG org.eclipse.jetty.server.HttpConnection - HttpConnection@4c6840a2::NetworkTrafficSocketChannelEndPoint@64307ead{/127.0.0.1:65036<->/127.0.0.1:8080,OPEN,fill=-,flush=-,to=108/30000}{io=0/0,kio=0,kro=1}->HttpConnection@4c6840a2[p=HttpParser{s=END,366 of 366},g=HttpGenerator@1aab1830{s=START}]=>HttpChannelOverHttp@6ec815dd{s=HttpChannelState@2bca9660{s=HANDLING rs=BLOCKING os=OPEN is=IDLE awp=false se=false i=true al=0},r=1,c=false/false,a=HANDLING,uri=//localhost:8080/__admin/mappings,age=107} parsed false HttpParser{s=END,366 of 366}
13:18:54.514 [qtp853429147-112] DEBUG org.eclipse.jetty.server.HttpInput - HttpInputOverHTTP@58fced3f[c=366,q=1,[0]=EOF,s=STREAM] read 366 from Content@18a883d{HeapByteBufferR@44880668[p=561,l=561,c=8192,r=0]={POST /__a...ted"\r\n}<<<>>>\x00\x00\x00\x00\x00\x00\x00\x00\x00...\x00\x00\x00\x00\x00\x00\x00}}
13:18:54.514 [qtp853429147-112] DEBUG org.eclipse.jetty.server.HttpConnection - releaseRequestBuffer HttpConnection@4c6840a2::NetworkTrafficSocketChannelEndPoint@64307ead{/127.0.0.1:65036<->/127.0.0.1:8080,OPEN,fill=-,flush=-,to=108/30000}{io=0/0,kio=0,kro=1}->HttpConnection@4c6840a2[p=HttpParser{s=END,366 of 366},g=HttpGenerator@1aab1830{s=START}]=>HttpChannelOverHttp@6ec815dd{s=HttpChannelState@2bca9660{s=HANDLING rs=BLOCKING os=OPEN is=IDLE awp=false se=false i=true al=0},r=1,c=false/false,a=HANDLING,uri=//localhost:8080/__admin/mappings,age=107}
13:18:54.514 [qtp853429147-112] DEBUG org.eclipse.jetty.server.HttpChannelState - onEof HttpChannelState@2bca9660{s=HANDLING rs=BLOCKING os=OPEN is=IDLE awp=false se=false i=true al=0}
13:18:54.541 [qtp853429147-112] DEBUG org.eclipse.jetty.server.HttpOutput - write(array HeapByteBuffer@7586a5e7[p=0,l=366,c=8192,r=366]={<<<{\r\n  "id" : "8182e000-de7...ioState" : "Started"\r\n}>>>\x00\x00\x00\x00\x00\x00\x00\x00\x00...\x00\x00\x00\x00\x00\x00\x00})
13:18:54.541 [qtp853429147-112] DEBUG org.eclipse.jetty.server.HttpOutput - write(array) s=OPEN,api=BLOCKING,sc=false,e=null aggregated !flush DirectByteBuffer@2018100a[p=0,l=366,c=32768,r=366]={<<<{\r\n  "id" : "8182e000-de7...ioState" : "Started"\r\n}>>>\x00\x00\x00\x00\x00\x00\x00\x00\x00...\x00\x00\x00\x00\x00\x00\x00}
13:18:54.541 [qtp853429147-112] DEBUG org.eclipse.jetty.server.HttpChannel - sendResponse info=null content=DirectByteBuffer@2018100a[p=0,l=366,c=32768,r=366]={<<<{\r\n  "id" : "8182e000-de7...ioState" : "Started"\r\n}>>>\x00\x00\x00\x00\x00\x00\x00\x00\x00...\x00\x00\x00\x00\x00\x00\x00} complete=false committing=true callback=Blocker@24a7f927{null}
13:18:54.541 [qtp853429147-112] DEBUG org.eclipse.jetty.server.HttpChannel - COMMIT for /__admin/mappings on HttpChannelOverHttp@6ec815dd{s=HttpChannelState@2bca9660{s=HANDLING rs=BLOCKING os=COMMITTED is=READY awp=false se=false i=true al=0},r=1,c=false/false,a=HANDLING,uri=//localhost:8080/__admin/mappings,age=134}
201 null HTTP/1.1
Content-Type: application/json


13:18:54.541 [qtp853429147-112] DEBUG org.eclipse.jetty.server.HttpConnection - generate: NEED_HEADER for org.eclipse.jetty.server.HttpConnection$SendCallback@1b8d6d99[PROCESSING][i=HTTP/1.1{s=201,h=1,cl=-1},cb=org.eclipse.jetty.server.HttpChannel$SendCallback@5be45a92] (null,[p=0,l=366,c=32768,r=366],false)@START
13:18:54.541 [qtp853429147-112] DEBUG org.eclipse.jetty.http.HttpGenerator - generateHeaders HTTP/1.1{s=201,h=1,cl=-1} last=false content=DirectByteBuffer@2018100a[p=0,l=366,c=32768,r=366]={<<<{\r\n  "id" : "8182e000-de7...ioState" : "Started"\r\n}>>>\x00\x00\x00\x00\x00\x00\x00\x00\x00...\x00\x00\x00\x00\x00\x00\x00}
13:18:54.541 [qtp853429147-112] DEBUG org.eclipse.jetty.http.HttpGenerator - Content-Type: application/json


13:18:54.541 [qtp853429147-112] DEBUG org.eclipse.jetty.http.HttpGenerator - CHUNKED_CONTENT
13:18:54.541 [qtp853429147-112] DEBUG org.eclipse.jetty.server.HttpConnection - generate: FLUSH for org.eclipse.jetty.server.HttpConnection$SendCallback@1b8d6d99[PROCESSING][i=HTTP/1.1{s=201,h=1,cl=-1},cb=org.eclipse.jetty.server.HttpChannel$SendCallback@5be45a92] ([p=0,l=122,c=8192,r=122],[p=0,l=366,c=32768,r=366],false)@COMMITTED
13:18:54.541 [qtp853429147-112] DEBUG org.eclipse.jetty.io.WriteFlusher - write: WriteFlusher@3b1c99a4{IDLE}->null [HeapByteBuffer@b72e34d[p=0,l=122,c=8192,r=122]={<<<HTTP/1.1 201 Created\r\nCon....28.v20200408)\r\n\r\n16E\r\n>>>ction: Ke...\x00\x00\x00\x00\x00\x00\x00},DirectByteBuffer@2018100a[p=0,l=366,c=32768,r=366]={<<<{\r\n  "id" : "8182e000-de7...ioState" : "Started"\r\n}>>>\x00\x00\x00\x00\x00\x00\x00\x00\x00...\x00\x00\x00\x00\x00\x00\x00}]
13:18:54.541 [qtp853429147-112] DEBUG org.eclipse.jetty.io.WriteFlusher - update WriteFlusher@3b1c99a4{WRITING}->null:IDLE-->WRITING
13:18:54.542 [Test worker] DEBUG org.apache.http.wire - http-outgoing-5 << "HTTP/1.1 201 Created[\r][\n]"
13:18:54.542 [Test worker] DEBUG org.apache.http.wire - http-outgoing-5 << "Content-Type: application/json[\r][\n]"
13:18:54.542 [Test worker] DEBUG org.apache.http.wire - http-outgoing-5 << "Transfer-Encoding: chunked[\r][\n]"
13:18:54.542 [Test worker] DEBUG org.apache.http.wire - http-outgoing-5 << "Server: Jetty(9.4.28.v20200408)[\r][\n]"
13:18:54.542 [Test worker] DEBUG org.apache.http.wire - http-outgoing-5 << "[\r][\n]"
13:18:54.542 [Test worker] DEBUG org.apache.http.wire - http-outgoing-5 << "16E[\r][\n]"
13:18:54.542 [qtp853429147-112] DEBUG org.eclipse.jetty.io.ChannelEndPoint - flushed 122 NetworkTrafficSocketChannelEndPoint@64307ead{/127.0.0.1:65036<->/127.0.0.1:8080,OPEN,fill=-,flush=W,to=135/30000}{io=0/0,kio=0,kro=1}->HttpConnection@4c6840a2[p=HttpParser{s=END,366 of 366},g=HttpGenerator@1aab1830{s=COMMITTED}]=>HttpChannelOverHttp@6ec815dd{s=HttpChannelState@2bca9660{s=HANDLING rs=BLOCKING os=COMMITTED is=READY awp=false se=false i=true al=0},r=1,c=false/false,a=HANDLING,uri=//localhost:8080/__admin/mappings,age=135}
13:18:54.542 [Test worker] DEBUG org.apache.http.headers - http-outgoing-5 << HTTP/1.1 201 Created
13:18:54.542 [Test worker] DEBUG org.apache.http.headers - http-outgoing-5 << Content-Type: application/json
13:18:54.542 [Test worker] DEBUG org.apache.http.headers - http-outgoing-5 << Transfer-Encoding: chunked
13:18:54.542 [Test worker] DEBUG org.apache.http.headers - http-outgoing-5 << Server: Jetty(9.4.28.v20200408)
13:18:54.542 [qtp853429147-112] DEBUG org.eclipse.jetty.io.ChannelEndPoint - flushed 366 NetworkTrafficSocketChannelEndPoint@64307ead{/127.0.0.1:65036<->/127.0.0.1:8080,OPEN,fill=-,flush=W,to=0/30000}{io=0/0,kio=0,kro=1}->HttpConnection@4c6840a2[p=HttpParser{s=END,366 of 366},g=HttpGenerator@1aab1830{s=COMMITTED}]=>HttpChannelOverHttp@6ec815dd{s=HttpChannelState@2bca9660{s=HANDLING rs=BLOCKING os=COMMITTED is=READY awp=false se=false i=true al=0},r=1,c=false/false,a=HANDLING,uri=//localhost:8080/__admin/mappings,age=135}
13:18:54.542 [qtp853429147-112] DEBUG org.eclipse.jetty.io.WriteFlusher - Flushed=true written=488 remaining=0 WriteFlusher@3b1c99a4{WRITING}->null
13:18:54.542 [qtp853429147-112] DEBUG org.eclipse.jetty.io.WriteFlusher - update WriteFlusher@3b1c99a4{IDLE}->null:WRITING-->IDLE
13:18:54.542 [qtp853429147-112] DEBUG org.eclipse.jetty.server.HttpConnection - generate: DONE for org.eclipse.jetty.server.HttpConnection$SendCallback@1b8d6d99[PROCESSING][i=HTTP/1.1{s=201,h=1,cl=-1},cb=org.eclipse.jetty.server.HttpChannel$SendCallback@5be45a92] ([p=122,l=122,c=8192,r=0],[p=366,l=366,c=32768,r=0],false)@COMMITTED
13:18:54.542 [Test worker] DEBUG org.apache.http.impl.execchain.MainClientExec - Connection can be kept alive indefinitely
13:18:54.542 [qtp853429147-112] DEBUG org.eclipse.jetty.server.HttpOutput - onWriteComplete(false,null) s=OPEN,api=BLOCKED,sc=false,e=null->s=OPEN,api=BLOCKING,sc=false,e=null c=null cb=null w=false
13:18:54.542 [qtp853429147-112] DEBUG org.eclipse.jetty.server.HttpOutput - close() s=CLOSING,api=BLOCKED,sc=false,e=null c=HeapByteBuffer@137d328[p=0,l=0,c=0,r=0]={<<<>>>} b=Blocker@24a7f927{null}
13:18:54.542 [qtp853429147-112] DEBUG org.eclipse.jetty.server.HttpChannel - sendResponse info=null content=HeapByteBuffer@137d328[p=0,l=0,c=0,r=0]={<<<>>>} complete=true committing=false callback=Blocker@24a7f927{null}
13:18:54.542 [qtp853429147-112] DEBUG org.eclipse.jetty.server.HttpConnection - generate: CONTINUE for org.eclipse.jetty.server.HttpConnection$SendCallback@1b8d6d99[PROCESSING][i=null,cb=org.eclipse.jetty.server.HttpChannel$SendCallback@20e92121] (null,[p=0,l=0,c=0,r=0],true)@COMPLETING
13:18:54.542 [qtp853429147-112] DEBUG org.eclipse.jetty.server.HttpConnection - generate: NEED_CHUNK for org.eclipse.jetty.server.HttpConnection$SendCallback@1b8d6d99[PROCESSING][i=null,cb=org.eclipse.jetty.server.HttpChannel$SendCallback@20e92121] (null,[p=0,l=0,c=0,r=0],true)@COMPLETING
13:18:54.542 [Test worker] DEBUG org.apache.http.wire - http-outgoing-5 << "{[\r][\n]"
13:18:54.542 [Test worker] DEBUG org.apache.http.wire - http-outgoing-5 << "  "id" : "8182e000-de79-4133-9739-53ffeddc63f0",[\r][\n]"
13:18:54.542 [Test worker] DEBUG org.apache.http.wire - http-outgoing-5 << "  "request" : {[\r][\n]"
13:18:54.542 [Test worker] DEBUG org.apache.http.wire - http-outgoing-5 << "    "url" : "/api/v0/components/provision-adapters/jobs/4886639d-5d96-440b-b467-0b386be7969c",[\r][\n]"
13:18:54.542 [Test worker] DEBUG org.apache.http.wire - http-outgoing-5 << "    "method" : "GET"[\r][\n]"
13:18:54.542 [Test worker] DEBUG org.apache.http.wire - http-outgoing-5 << "  },[\r][\n]"
13:18:54.542 [Test worker] DEBUG org.apache.http.wire - http-outgoing-5 << "  "response" : {[\r][\n]"
13:18:54.542 [Test worker] DEBUG org.apache.http.wire - http-outgoing-5 << "    "status" : 401[\r][\n]"
13:18:54.542 [Test worker] DEBUG org.apache.http.wire - http-outgoing-5 << "  },[\r][\n]"
13:18:54.542 [Test worker] DEBUG org.apache.http.wire - http-outgoing-5 << "  "uuid" : "8182e000-de79-4133-9739-53ffeddc63f0",[\r][\n]"
13:18:54.542 [Test worker] DEBUG org.apache.http.wire - http-outgoing-5 << "  "scenarioName" : "unAuthorized",[\r][\n]"
13:18:54.542 [Test worker] DEBUG org.apache.http.wire - http-outgoing-5 << "  "requiredScenarioState" : "Started"[\r][\n]"
13:18:54.542 [Test worker] DEBUG org.apache.http.wire - http-outgoing-5 << "}"
13:18:54.543 [qtp853429147-112] DEBUG org.eclipse.jetty.server.HttpConnection - generate: FLUSH for org.eclipse.jetty.server.HttpConnection$SendCallback@1b8d6d99[PROCESSING][i=null,cb=org.eclipse.jetty.server.HttpChannel$SendCallback@20e92121] (null,[p=0,l=0,c=0,r=0],true)@COMPLETING
13:18:54.543 [qtp853429147-112] DEBUG org.eclipse.jetty.io.WriteFlusher - write: WriteFlusher@3b1c99a4{IDLE}->null [HeapByteBuffer@50786100[p=0,l=7,c=1024,r=7]={<<<\r\n0\r\n\r\n>>>\x00\x00\x00\x00\x00\x00\x00\x00\x00...\x00\x00\x00\x00\x00\x00\x00}]
13:18:54.543 [qtp853429147-112] DEBUG org.eclipse.jetty.io.WriteFlusher - update WriteFlusher@3b1c99a4{WRITING}->null:IDLE-->WRITING
13:18:54.543 [Test worker] DEBUG org.apache.http.wire - http-outgoing-5 << "[\r][\n]"
13:18:54.543 [Test worker] DEBUG org.apache.http.wire - http-outgoing-5 << "0[\r][\n]"
13:18:54.543 [Test worker] DEBUG org.apache.http.wire - http-outgoing-5 << "[\r][\n]"
13:18:54.543 [Test worker] DEBUG org.apache.http.impl.conn.PoolingHttpClientConnectionManager - Connection [id: 5][route: {}->http://localhost:8080] can be kept alive indefinitely
13:18:54.543 [qtp853429147-112] DEBUG org.eclipse.jetty.io.ChannelEndPoint - flushed 7 NetworkTrafficSocketChannelEndPoint@64307ead{/127.0.0.1:65036<->/127.0.0.1:8080,OPEN,fill=-,flush=W,to=0/30000}{io=0/0,kio=0,kro=1}->HttpConnection@4c6840a2[p=HttpParser{s=END,366 of 366},g=HttpGenerator@1aab1830{s=COMPLETING}]=>HttpChannelOverHttp@6ec815dd{s=HttpChannelState@2bca9660{s=HANDLING rs=BLOCKING os=COMMITTED is=READY awp=false se=false i=true al=0},r=1,c=false/false,a=HANDLING,uri=//localhost:8080/__admin/mappings,age=136}
13:18:54.543 [Test worker] DEBUG org.apache.http.impl.conn.DefaultManagedHttpClientConnection - http-outgoing-5: set socket timeout to 0
13:18:54.543 [qtp853429147-112] DEBUG org.eclipse.jetty.io.WriteFlusher - Flushed=true written=7 remaining=0 WriteFlusher@3b1c99a4{WRITING}->null
13:18:54.543 [qtp853429147-112] DEBUG org.eclipse.jetty.io.WriteFlusher - update WriteFlusher@3b1c99a4{IDLE}->null:WRITING-->IDLE
13:18:54.543 [Test worker] DEBUG org.apache.http.impl.conn.PoolingHttpClientConnectionManager - Connection released: [id: 5][route: {}->http://localhost:8080][total available: 1; route allocated: 1 of 5; total allocated: 1 of 50]
13:18:54.543 [qtp853429147-112] DEBUG org.eclipse.jetty.server.HttpConnection - generate: DONE for org.eclipse.jetty.server.HttpConnection$SendCallback@1b8d6d99[PROCESSING][i=null,cb=org.eclipse.jetty.server.HttpChannel$SendCallback@20e92121] (null,[p=0,l=0,c=0,r=0],true)@END
13:18:54.543 [qtp853429147-112] DEBUG org.eclipse.jetty.server.HttpOutput - onWriteComplete(true,null) s=CLOSING,api=BLOCKED,sc=false,e=null->s=CLOSED,api=BLOCKING,sc=false,e=null c=null cb=null w=false
13:18:54.543 [qtp853429147-112] DEBUG org.eclipse.jetty.server.handler.gzip.GzipHandler - GzipHandler@21af4110{STARTED,min=32,inflate=-1} handle Request[POST //localhost:8080/__admin/mappings]@29b19157 in null
13:18:54.543 [qtp853429147-112] DEBUG org.eclipse.jetty.server.handler.ContextHandler - scope null||/__admin/mappings @ o.e.j.s.ServletContextHandler@6e64e885{/,null,AVAILABLE}
13:18:54.543 [qtp853429147-112] DEBUG org.eclipse.jetty.server.Server - handled=true async=false committed=true on HttpChannelOverHttp@6ec815dd{s=HttpChannelState@2bca9660{s=HANDLING rs=BLOCKING os=COMPLETED is=READY awp=false se=false i=true al=0},r=1,c=false/true,a=HANDLING,uri=//localhost:8080/__admin/mappings,age=136}
13:18:54.543 [qtp853429147-112] DEBUG org.eclipse.jetty.server.HttpChannelState - unhandle HttpChannelState@2bca9660{s=HANDLING rs=BLOCKING os=COMPLETED is=READY awp=false se=false i=true al=0}
13:18:54.543 [qtp853429147-112] DEBUG org.eclipse.jetty.server.HttpChannelState - nextAction(false) COMPLETE HttpChannelState@2bca9660{s=HANDLING rs=COMPLETING os=COMPLETED is=READY awp=false se=false i=false al=0}
13:18:54.543 [qtp853429147-112] DEBUG org.eclipse.jetty.server.HttpChannel - action COMPLETE HttpChannelOverHttp@6ec815dd{s=HttpChannelState@2bca9660{s=HANDLING rs=COMPLETING os=COMPLETED is=READY awp=false se=false i=false al=0},r=1,c=false/true,a=HANDLING,uri=//localhost:8080/__admin/mappings,age=136}
13:18:54.543 [qtp853429147-112] DEBUG org.eclipse.jetty.server.HttpOutput - complete(org.eclipse.jetty.util.Callback$4@763fec7c) s=CLOSED,api=BLOCKING,sc=false,e=null s=true e=null, c=null
13:18:54.543 [qtp853429147-112] DEBUG org.eclipse.jetty.server.HttpChannelState - completed HttpChannelState@2bca9660{s=HANDLING rs=COMPLETING os=COMPLETED is=READY awp=false se=false i=false al=0}
13:18:54.544 [qtp853429147-112] DEBUG org.eclipse.jetty.server.HttpChannelState - unhandle HttpChannelState@2bca9660{s=HANDLING rs=COMPLETED os=COMPLETED is=READY awp=false se=false i=false al=0}
13:18:54.544 [qtp853429147-112] DEBUG org.eclipse.jetty.server.HttpChannelState - nextAction(false) TERMINATED HttpChannelState@2bca9660{s=IDLE rs=COMPLETED os=COMPLETED is=READY awp=false se=false i=false al=0}
13:18:54.544 [qtp853429147-112] DEBUG org.eclipse.jetty.server.HttpChannel - action TERMINATED HttpChannelOverHttp@6ec815dd{s=HttpChannelState@2bca9660{s=IDLE rs=COMPLETED os=COMPLETED is=READY awp=false se=false i=false al=0},r=1,c=true/true,a=IDLE,uri=//localhost:8080/__admin/mappings,age=137}
13:18:54.544 [qtp853429147-112] DEBUG org.eclipse.jetty.server.HttpChannel - onCompleted for /__admin/mappings written=366
13:18:54.544 [qtp853429147-112] DEBUG org.eclipse.jetty.server.HttpChannelState - recycle HttpChannelState@2bca9660{s=IDLE rs=COMPLETED os=COMPLETED is=READY awp=false se=false i=false al=0}
13:18:54.544 [qtp853429147-112] DEBUG org.eclipse.jetty.http.HttpParser - reset HttpParser{s=END,366 of 366}
13:18:54.544 [qtp853429147-112] DEBUG org.eclipse.jetty.http.HttpParser - END --> START
13:18:54.544 [qtp853429147-112] DEBUG org.eclipse.jetty.server.HttpChannel - !handle TERMINATED HttpChannelOverHttp@6ec815dd{s=HttpChannelState@2bca9660{s=IDLE rs=BLOCKING os=OPEN is=IDLE awp=false se=false i=true al=0},r=1,c=false/false,a=IDLE,uri=null,age=0}
13:18:54.544 [qtp853429147-112] DEBUG org.eclipse.jetty.io.ChannelEndPoint - filled 0 HeapByteBuffer@b72e34d[p=0,l=0,c=8192,r=0]={<<<>>>HTTP/1.1 ...\x00\x00\x00\x00\x00\x00\x00}
13:18:54.544 [qtp853429147-112] DEBUG org.eclipse.jetty.io.ChannelEndPoint - filled 0 HeapByteBuffer@b72e34d[p=0,l=0,c=8192,r=0]={<<<>>>HTTP/1.1 ...\x00\x00\x00\x00\x00\x00\x00}
13:18:54.544 [qtp853429147-112] DEBUG org.eclipse.jetty.server.HttpConnection - HttpConnection@4c6840a2::NetworkTrafficSocketChannelEndPoint@64307ead{/127.0.0.1:65036<->/127.0.0.1:8080,OPEN,fill=-,flush=-,to=1/30000}{io=0/0,kio=0,kro=1}->HttpConnection@4c6840a2[p=HttpParser{s=START,0 of -1},g=HttpGenerator@1aab1830{s=START}]=>HttpChannelOverHttp@6ec815dd{s=HttpChannelState@2bca9660{s=IDLE rs=BLOCKING os=OPEN is=IDLE awp=false se=false i=true al=0},r=1,c=false/false,a=IDLE,uri=null,age=0} filled 0 HeapByteBuffer@b72e34d[p=0,l=0,c=8192,r=0]={<<<>>>HTTP/1.1 ...\x00\x00\x00\x00\x00\x00\x00}
13:18:54.544 [qtp853429147-112] DEBUG org.eclipse.jetty.server.HttpConnection - HttpConnection@4c6840a2::NetworkTrafficSocketChannelEndPoint@64307ead{/127.0.0.1:65036<->/127.0.0.1:8080,OPEN,fill=-,flush=-,to=1/30000}{io=0/0,kio=0,kro=1}->HttpConnection@4c6840a2[p=HttpParser{s=START,0 of -1},g=HttpGenerator@1aab1830{s=START}]=>HttpChannelOverHttp@6ec815dd{s=HttpChannelState@2bca9660{s=IDLE rs=BLOCKING os=OPEN is=IDLE awp=false se=false i=true al=0},r=1,c=false/false,a=IDLE,uri=null,age=0} parse HeapByteBuffer@b72e34d[p=0,l=0,c=8192,r=0]={<<<>>>HTTP/1.1 ...\x00\x00\x00\x00\x00\x00\x00} {}
13:18:54.544 [qtp853429147-112] DEBUG org.eclipse.jetty.http.HttpParser - parseNext s=START HeapByteBuffer@b72e34d[p=0,l=0,c=8192,r=0]={<<<>>>HTTP/1.1 ...\x00\x00\x00\x00\x00\x00\x00}
13:18:54.544 [qtp853429147-112] DEBUG org.eclipse.jetty.server.HttpConnection - HttpConnection@4c6840a2::NetworkTrafficSocketChannelEndPoint@64307ead{/127.0.0.1:65036<->/127.0.0.1:8080,OPEN,fill=-,flush=-,to=1/30000}{io=0/0,kio=0,kro=1}->HttpConnection@4c6840a2[p=HttpParser{s=START,0 of -1},g=HttpGenerator@1aab1830{s=START}]=>HttpChannelOverHttp@6ec815dd{s=HttpChannelState@2bca9660{s=IDLE rs=BLOCKING os=OPEN is=IDLE awp=false se=false i=true al=0},r=1,c=false/false,a=IDLE,uri=null,age=0} parsed false HttpParser{s=START,0 of -1}
13:18:54.544 [qtp853429147-112] DEBUG org.eclipse.jetty.server.HttpConnection - releaseRequestBuffer HttpConnection@4c6840a2::NetworkTrafficSocketChannelEndPoint@64307ead{/127.0.0.1:65036<->/127.0.0.1:8080,OPEN,fill=-,flush=-,to=1/30000}{io=0/0,kio=0,kro=1}->HttpConnection@4c6840a2[p=HttpParser{s=START,0 of -1},g=HttpGenerator@1aab1830{s=START}]=>HttpChannelOverHttp@6ec815dd{s=HttpChannelState@2bca9660{s=IDLE rs=BLOCKING os=OPEN is=IDLE awp=false se=false i=true al=0},r=1,c=false/false,a=IDLE,uri=null,age=0}
13:18:54.544 [qtp853429147-112] DEBUG org.eclipse.jetty.io.AbstractConnection - fillInterested HttpConnection@4c6840a2::NetworkTrafficSocketChannelEndPoint@64307ead{/127.0.0.1:65036<->/127.0.0.1:8080,OPEN,fill=-,flush=-,to=1/30000}{io=0/0,kio=0,kro=1}->HttpConnection@4c6840a2[p=HttpParser{s=START,0 of -1},g=HttpGenerator@1aab1830{s=START}]=>HttpChannelOverHttp@6ec815dd{s=HttpChannelState@2bca9660{s=IDLE rs=BLOCKING os=OPEN is=IDLE awp=false se=false i=true al=0},r=1,c=false/false,a=IDLE,uri=null,age=0}
13:18:54.544 [qtp853429147-112] DEBUG org.eclipse.jetty.io.FillInterest - interested FillInterest@34e39045{AC.ReadCB@4c6840a2{HttpConnection@4c6840a2::NetworkTrafficSocketChannelEndPoint@64307ead{/127.0.0.1:65036<->/127.0.0.1:8080,OPEN,fill=FI,flush=-,to=0/30000}{io=0/0,kio=0,kro=1}->HttpConnection@4c6840a2[p=HttpParser{s=START,0 of -1},g=HttpGenerator@1aab1830{s=START}]=>HttpChannelOverHttp@6ec815dd{s=HttpChannelState@2bca9660{s=IDLE rs=BLOCKING os=OPEN is=IDLE awp=false se=false i=true al=0},r=1,c=false/false,a=IDLE,uri=null,age=0}}}
13:18:54.545 [qtp853429147-112] DEBUG org.eclipse.jetty.io.ChannelEndPoint - changeInterests p=false 0->1 for NetworkTrafficSocketChannelEndPoint@64307ead{/127.0.0.1:65036<->/127.0.0.1:8080,OPEN,fill=FI,flush=-,to=0/30000}{io=0/1,kio=0,kro=1}->HttpConnection@4c6840a2[p=HttpParser{s=START,0 of -1},g=HttpGenerator@1aab1830{s=START}]=>HttpChannelOverHttp@6ec815dd{s=HttpChannelState@2bca9660{s=IDLE rs=BLOCKING os=OPEN is=IDLE awp=false se=false i=true al=0},r=1,c=false/false,a=IDLE,uri=null,age=0}
13:18:54.545 [qtp853429147-112] DEBUG org.eclipse.jetty.io.ManagedSelector - Queued change org.eclipse.jetty.io.ChannelEndPoint$1@4be5692f on ManagedSelector@2e03eae5{STARTED} id=1 keys=1 selected=0 updates=0
13:18:54.545 [qtp853429147-112] DEBUG org.eclipse.jetty.io.ManagedSelector - Wakeup on submit ManagedSelector@2e03eae5{STARTED} id=1 keys=1 selected=0 updates=1
13:18:54.545 [qtp853429147-116] DEBUG org.eclipse.jetty.io.ManagedSelector - Selector sun.nio.ch.WindowsSelectorImpl@1d61dea3 woken with none selected
13:18:54.545 [qtp853429147-116] DEBUG org.eclipse.jetty.io.ManagedSelector - Selector sun.nio.ch.WindowsSelectorImpl@1d61dea3 woken up from select, 0/0/1 selected
13:18:54.545 [qtp853429147-116] DEBUG org.eclipse.jetty.io.ManagedSelector - Selector sun.nio.ch.WindowsSelectorImpl@1d61dea3 processing 0 keys, 1 updates
13:18:54.545 [qtp853429147-116] DEBUG org.eclipse.jetty.io.ManagedSelector - updateable 1
13:18:54.545 [qtp853429147-116] DEBUG org.eclipse.jetty.io.ManagedSelector - update org.eclipse.jetty.io.ChannelEndPoint$1@4be5692f
13:18:54.545 [qtp853429147-116] DEBUG org.eclipse.jetty.io.ChannelEndPoint - Key interests updated 0 -> 1 on NetworkTrafficSocketChannelEndPoint@64307ead{/127.0.0.1:65036<->/127.0.0.1:8080,OPEN,fill=FI,flush=-,to=0/30000}{io=1/1,kio=1,kro=1}->HttpConnection@4c6840a2[p=HttpParser{s=START,0 of -1},g=HttpGenerator@1aab1830{s=START}]=>HttpChannelOverHttp@6ec815dd{s=HttpChannelState@2bca9660{s=IDLE rs=BLOCKING os=OPEN is=IDLE awp=false se=false i=true al=0},r=1,c=false/false,a=IDLE,uri=null,age=0}
13:18:54.545 [qtp853429147-116] DEBUG org.eclipse.jetty.io.ManagedSelector - updates 0
13:18:54.545 [qtp853429147-116] DEBUG org.eclipse.jetty.io.ManagedSelector - Selector sun.nio.ch.WindowsSelectorImpl@1d61dea3 waiting with 1 keys
13:18:54.545 [qtp853429147-112] DEBUG org.eclipse.jetty.server.HttpConnection - HttpConnection@4c6840a2::NetworkTrafficSocketChannelEndPoint@64307ead{/127.0.0.1:65036<->/127.0.0.1:8080,OPEN,fill=FI,flush=-,to=0/30000}{io=1/1,kio=1,kro=1}->HttpConnection@4c6840a2[p=HttpParser{s=START,0 of -1},g=HttpGenerator@1aab1830{s=START}]=>HttpChannelOverHttp@6ec815dd{s=HttpChannelState@2bca9660{s=IDLE rs=BLOCKING os=OPEN is=IDLE awp=false se=false i=true al=0},r=1,c=false/false,a=IDLE,uri=null,age=0} onFillable exit HttpChannelState@2bca9660{s=IDLE rs=BLOCKING os=OPEN is=IDLE awp=false se=false i=true al=0} null
13:18:54.545 [qtp853429147-112] DEBUG org.eclipse.jetty.util.thread.QueuedThreadPool - ran CEP:NetworkTrafficSocketChannelEndPoint@64307ead{/127.0.0.1:65036<->/127.0.0.1:8080,OPEN,fill=FI,flush=-,to=0/30000}{io=1/1,kio=1,kro=1}->HttpConnection@4c6840a2[p=HttpParser{s=START,0 of -1},g=HttpGenerator@1aab1830{s=START}]=>HttpChannelOverHttp@6ec815dd{s=HttpChannelState@2bca9660{s=IDLE rs=BLOCKING os=OPEN is=IDLE awp=false se=false i=true al=0},r=1,c=false/false,a=IDLE,uri=null,age=0}:runFillable:BLOCKING in QueuedThreadPool[qtp853429147]@32de4b9b{STARTED,8<=8<=14,i=1,r=1,q=0}[ReservedThreadExecutor@7a292eba{s=1/1,p=0}]
13:18:54.547 [Test worker] DEBUG org.apache.http.impl.conn.PoolingHttpClientConnectionManager - Connection request: [route: {}->http://localhost:8080][total available: 1; route allocated: 1 of 5; total allocated: 1 of 50]
13:18:54.547 [Test worker] DEBUG org.apache.http.impl.conn.PoolingHttpClientConnectionManager - Connection leased: [id: 5][route: {}->http://localhost:8080][total available: 0; route allocated: 1 of 5; total allocated: 1 of 50]
13:18:54.547 [Test worker] DEBUG org.apache.http.impl.conn.DefaultManagedHttpClientConnection - http-outgoing-5: set socket timeout to 30000
13:18:54.547 [Test worker] DEBUG org.apache.http.impl.execchain.MainClientExec - Stale connection check
13:18:54.549 [Test worker] DEBUG org.apache.http.wire - http-outgoing-5 << "[read] I/O error: Read timed out"
13:18:54.549 [Test worker] DEBUG org.apache.http.impl.execchain.MainClientExec - Executing request POST /__admin/mappings HTTP/1.1
13:18:54.549 [Test worker] DEBUG org.apache.http.impl.execchain.MainClientExec - Target auth state: UNCHALLENGED
13:18:54.549 [Test worker] DEBUG org.apache.http.impl.execchain.MainClientExec - Proxy auth state: UNCHALLENGED
13:18:54.549 [Test worker] DEBUG org.apache.http.headers - http-outgoing-5 >> POST /__admin/mappings HTTP/1.1
13:18:54.549 [Test worker] DEBUG org.apache.http.headers - http-outgoing-5 >> Content-Length: 678
13:18:54.549 [Test worker] DEBUG org.apache.http.headers - http-outgoing-5 >> Content-Type: text/plain; charset=UTF-8
13:18:54.549 [Test worker] DEBUG org.apache.http.headers - http-outgoing-5 >> Host: localhost:8080
13:18:54.549 [Test worker] DEBUG org.apache.http.headers - http-outgoing-5 >> Connection: Keep-Alive
13:18:54.549 [Test worker] DEBUG org.apache.http.headers - http-outgoing-5 >> User-Agent: Apache-HttpClient/4.5.12 (Java/11.0.2)
13:18:54.549 [Test worker] DEBUG org.apache.http.wire - http-outgoing-5 >> "POST /__admin/mappings HTTP/1.1[\r][\n]"
13:18:54.549 [Test worker] DEBUG org.apache.http.wire - http-outgoing-5 >> "Content-Length: 678[\r][\n]"
13:18:54.549 [Test worker] DEBUG org.apache.http.wire - http-outgoing-5 >> "Content-Type: text/plain; charset=UTF-8[\r][\n]"
13:18:54.549 [Test worker] DEBUG org.apache.http.wire - http-outgoing-5 >> "Host: localhost:8080[\r][\n]"
13:18:54.549 [Test worker] DEBUG org.apache.http.wire - http-outgoing-5 >> "Connection: Keep-Alive[\r][\n]"
13:18:54.549 [Test worker] DEBUG org.apache.http.wire - http-outgoing-5 >> "User-Agent: Apache-HttpClient/4.5.12 (Java/11.0.2)[\r][\n]"
13:18:54.549 [Test worker] DEBUG org.apache.http.wire - http-outgoing-5 >> "[\r][\n]"
13:18:54.549 [Test worker] DEBUG org.apache.http.wire - http-outgoing-5 >> "{[\r][\n]"
13:18:54.549 [Test worker] DEBUG org.apache.http.wire - http-outgoing-5 >> "  "id" : "7dc3e678-e7ee-4d90-b520-ac4e94a1e9c9",[\r][\n]"
13:18:54.549 [Test worker] DEBUG org.apache.http.wire - http-outgoing-5 >> "  "request" : {[\r][\n]"
13:18:54.549 [Test worker] DEBUG org.apache.http.wire - http-outgoing-5 >> "    "url" : "/api/v0/components/login",[\r][\n]"
13:18:54.549 [Test worker] DEBUG org.apache.http.wire - http-outgoing-5 >> "    "method" : "POST",[\r][\n]"
13:18:54.549 [Test worker] DEBUG org.apache.http.wire - http-outgoing-5 >> "    "headers" : {[\r][\n]"
13:18:54.549 [Test worker] DEBUG org.apache.http.wire - http-outgoing-5 >> "      "Content-Type" : {[\r][\n]"
13:18:54.549 [Test worker] DEBUG org.apache.http.wire - http-outgoing-5 >> "        "equalTo" : "application/json"[\r][\n]"
13:18:54.549 [Test worker] DEBUG org.apache.http.wire - http-outgoing-5 >> "      }[\r][\n]"
13:18:54.549 [Test worker] DEBUG org.apache.http.wire - http-outgoing-5 >> "    },[\r][\n]"
13:18:54.549 [Test worker] DEBUG org.apache.http.wire - http-outgoing-5 >> "    "bodyPatterns" : [ {[\r][\n]"
13:18:54.549 [Test worker] DEBUG org.apache.http.wire - http-outgoing-5 >> "      "equalTo" : "{\"password\":\"123456\",\"username\":\"catalogClientApi\"}"[\r][\n]"
13:18:54.549 [Test worker] DEBUG org.apache.http.wire - http-outgoing-5 >> "    } ][\r][\n]"
13:18:54.549 [Test worker] DEBUG org.apache.http.wire - http-outgoing-5 >> "  },[\r][\n]"
13:18:54.549 [Test worker] DEBUG org.apache.http.wire - http-outgoing-5 >> "  "response" : {[\r][\n]"
13:18:54.549 [Test worker] DEBUG org.apache.http.wire - http-outgoing-5 >> "    "status" : 200,[\r][\n]"
13:18:54.549 [Test worker] DEBUG org.apache.http.wire - http-outgoing-5 >> "    "body" : "{\"token\":\"someToken\"}",[\r][\n]"
13:18:54.549 [Test worker] DEBUG org.apache.http.wire - http-outgoing-5 >> "    "headers" : {[\r][\n]"
13:18:54.549 [Test worker] DEBUG org.apache.http.wire - http-outgoing-5 >> "      "Content-Type" : "application/json"[\r][\n]"
13:18:54.549 [Test worker] DEBUG org.apache.http.wire - http-outgoing-5 >> "    }[\r][\n]"
13:18:54.549 [Test worker] DEBUG org.apache.http.wire - http-outgoing-5 >> "  },[\r][\n]"
13:18:54.549 [Test worker] DEBUG org.apache.http.wire - http-outgoing-5 >> "  "uuid" : "7dc3e678-e7ee-4d90-b520-ac4e94a1e9c9",[\r][\n]"
13:18:54.549 [Test worker] DEBUG org.apache.http.wire - http-outgoing-5 >> "  "scenarioName" : "unAuthorized",[\r][\n]"
13:18:54.549 [Test worker] DEBUG org.apache.http.wire - http-outgoing-5 >> "  "requiredScenarioState" : "Started",[\r][\n]"
13:18:54.549 [Test worker] DEBUG org.apache.http.wire - http-outgoing-5 >> "  "newScenarioState" : "logged"[\r][\n]"
13:18:54.549 [Test worker] DEBUG org.apache.http.wire - http-outgoing-5 >> "}"
13:18:54.550 [qtp853429147-116] DEBUG org.eclipse.jetty.io.ManagedSelector - Selector sun.nio.ch.WindowsSelectorImpl@1d61dea3 woken up from select, 1/1/1 selected
13:18:54.550 [qtp853429147-116] DEBUG org.eclipse.jetty.io.ManagedSelector - Selector sun.nio.ch.WindowsSelectorImpl@1d61dea3 processing 1 keys, 0 updates
13:18:54.550 [qtp853429147-116] DEBUG org.eclipse.jetty.io.ManagedSelector - selected 1 channel=java.nio.channels.SocketChannel[connected local=/127.0.0.1:8080 remote=/127.0.0.1:65036], selector=sun.nio.ch.WindowsSelectorImpl@1d61dea3, interestOps=1, readyOps=1 NetworkTrafficSocketChannelEndPoint@64307ead{/127.0.0.1:65036<->/127.0.0.1:8080,OPEN,fill=FI,flush=-,to=5/30000}{io=1/1,kio=1,kro=1}->HttpConnection@4c6840a2[p=HttpParser{s=START,0 of -1},g=HttpGenerator@1aab1830{s=START}]=>HttpChannelOverHttp@6ec815dd{s=HttpChannelState@2bca9660{s=IDLE rs=BLOCKING os=OPEN is=IDLE awp=false se=false i=true al=0},r=1,c=false/false,a=IDLE,uri=null,age=0} 
13:18:54.550 [qtp853429147-116] DEBUG org.eclipse.jetty.io.ChannelEndPoint - onSelected 1->0 r=true w=false for NetworkTrafficSocketChannelEndPoint@64307ead{/127.0.0.1:65036<->/127.0.0.1:8080,OPEN,fill=FI,flush=-,to=5/30000}{io=1/0,kio=1,kro=1}->HttpConnection@4c6840a2[p=HttpParser{s=START,0 of -1},g=HttpGenerator@1aab1830{s=START}]=>HttpChannelOverHttp@6ec815dd{s=HttpChannelState@2bca9660{s=IDLE rs=BLOCKING os=OPEN is=IDLE awp=false se=false i=true al=0},r=1,c=false/false,a=IDLE,uri=null,age=0}
13:18:54.550 [qtp853429147-116] DEBUG org.eclipse.jetty.io.ChannelEndPoint - task CEP:NetworkTrafficSocketChannelEndPoint@64307ead{/127.0.0.1:65036<->/127.0.0.1:8080,OPEN,fill=FI,flush=-,to=5/30000}{io=1/0,kio=1,kro=1}->HttpConnection@4c6840a2[p=HttpParser{s=START,0 of -1},g=HttpGenerator@1aab1830{s=START}]=>HttpChannelOverHttp@6ec815dd{s=HttpChannelState@2bca9660{s=IDLE rs=BLOCKING os=OPEN is=IDLE awp=false se=false i=true al=0},r=1,c=false/false,a=IDLE,uri=null,age=0}:runFillable:BLOCKING
13:18:54.551 [qtp853429147-116] DEBUG org.eclipse.jetty.util.thread.ReservedThreadExecutor - ReservedThreadExecutor@7a292eba{s=1/1,p=0} tryExecute EatWhatYouKill@61ce6731/SelectorProducer@20cb10e8/PRODUCING/p=false/QueuedThreadPool[qtp853429147]@32de4b9b{STARTED,8<=8<=14,i=2,r=1,q=0}[ReservedThreadExecutor@7a292eba{s=1/1,p=0}][pc=0,pic=0,pec=1,epc=0]@2020-09-25T13:18:54.5513344+02:00
13:18:54.551 [qtp853429147-116] DEBUG org.eclipse.jetty.util.thread.ReservedThreadExecutor - ReservedThreadExecutor@7a292eba{s=0/1,p=0}@1799b5d3 offer EatWhatYouKill@61ce6731/SelectorProducer@20cb10e8/PRODUCING/p=false/QueuedThreadPool[qtp853429147]@32de4b9b{STARTED,8<=8<=14,i=2,r=1,q=0}[ReservedThreadExecutor@7a292eba{s=0/1,p=0}][pc=0,pic=0,pec=1,epc=0]@2020-09-25T13:18:54.5513344+02:00
13:18:54.552 [qtp853429147-116] DEBUG org.eclipse.jetty.util.thread.ReservedThreadExecutor - ReservedThreadExecutor@7a292eba{s=0/1,p=1} startReservedThread p=1
13:18:54.552 [qtp853429147-116] DEBUG org.eclipse.jetty.util.thread.QueuedThreadPool - queue ReservedThreadExecutor@7a292eba{s=0/1,p=1}@529b3944 startThread=0
13:18:54.553 [qtp853429147-111] DEBUG org.eclipse.jetty.util.thread.QueuedThreadPool - run ReservedThreadExecutor@7a292eba{s=0/1,p=1}@529b3944 in QueuedThreadPool[qtp853429147]@32de4b9b{STARTED,8<=8<=14,i=1,r=1,q=0}[ReservedThreadExecutor@7a292eba{s=0/1,p=1}]
13:18:54.553 [qtp853429147-110] DEBUG org.eclipse.jetty.util.thread.ReservedThreadExecutor - ReservedThreadExecutor@7a292eba{s=0/1,p=1}@1799b5d3 task=EatWhatYouKill@61ce6731/SelectorProducer@20cb10e8/IDLE/p=true/QueuedThreadPool[qtp853429147]@32de4b9b{STARTED,8<=8<=14,i=1,r=1,q=0}[ReservedThreadExecutor@7a292eba{s=0/1,p=1}][pc=0,pic=0,pec=1,epc=0]@2020-09-25T13:18:54.553361+02:00
13:18:54.553 [qtp853429147-111] DEBUG org.eclipse.jetty.util.thread.ReservedThreadExecutor - ReservedThreadExecutor@7a292eba{s=1/1,p=1}@529b3944 started
13:18:54.553 [qtp853429147-116] DEBUG org.eclipse.jetty.util.thread.strategy.EatWhatYouKill - EatWhatYouKill@61ce6731/SelectorProducer@20cb10e8/IDLE/p=true/QueuedThreadPool[qtp853429147]@32de4b9b{STARTED,8<=8<=14,i=1,r=1,q=0}[ReservedThreadExecutor@7a292eba{s=0/1,p=1}][pc=0,pic=0,pec=1,epc=0]@2020-09-25T13:18:54.5523691+02:00 m=EXECUTE_PRODUCE_CONSUME t=CEP:NetworkTrafficSocketChannelEndPoint@64307ead{/127.0.0.1:65036<->/127.0.0.1:8080,OPEN,fill=FI,flush=-,to=8/30000}{io=1/0,kio=1,kro=1}->HttpConnection@4c6840a2[p=HttpParser{s=START,0 of -1},g=HttpGenerator@1aab1830{s=START}]=>HttpChannelOverHttp@6ec815dd{s=HttpChannelState@2bca9660{s=IDLE rs=BLOCKING os=OPEN is=IDLE awp=false se=false i=true al=0},r=1,c=false/false,a=IDLE,uri=null,age=0}:runFillable:BLOCKING/BLOCKING
13:18:54.553 [qtp853429147-111] DEBUG org.eclipse.jetty.util.thread.ReservedThreadExecutor - ReservedThreadExecutor@7a292eba{s=1/1,p=0}@529b3944 waiting
13:18:54.553 [qtp853429147-110] DEBUG org.eclipse.jetty.util.thread.strategy.EatWhatYouKill - EatWhatYouKill@61ce6731/SelectorProducer@20cb10e8/IDLE/p=true/QueuedThreadPool[qtp853429147]@32de4b9b{STARTED,8<=8<=14,i=1,r=1,q=0}[ReservedThreadExecutor@7a292eba{s=1/1,p=0}][pc=0,pic=0,pec=1,epc=0]@2020-09-25T13:18:54.553361+02:00 tryProduce true
13:18:54.553 [qtp853429147-110] DEBUG org.eclipse.jetty.io.ManagedSelector - updateable 0
13:18:54.553 [qtp853429147-110] DEBUG org.eclipse.jetty.io.ManagedSelector - updates 0
13:18:54.553 [qtp853429147-116] DEBUG org.eclipse.jetty.io.FillInterest - fillable FillInterest@34e39045{AC.ReadCB@4c6840a2{HttpConnection@4c6840a2::NetworkTrafficSocketChannelEndPoint@64307ead{/127.0.0.1:65036<->/127.0.0.1:8080,OPEN,fill=FI,flush=-,to=8/30000}{io=1/0,kio=1,kro=1}->HttpConnection@4c6840a2[p=HttpParser{s=START,0 of -1},g=HttpGenerator@1aab1830{s=START}]=>HttpChannelOverHttp@6ec815dd{s=HttpChannelState@2bca9660{s=IDLE rs=BLOCKING os=OPEN is=IDLE awp=false se=false i=true al=0},r=1,c=false/false,a=IDLE,uri=null,age=0}}}
13:18:54.553 [qtp853429147-110] DEBUG org.eclipse.jetty.io.ChannelEndPoint - Key interests updated 1 -> 0 on NetworkTrafficSocketChannelEndPoint@64307ead{/127.0.0.1:65036<->/127.0.0.1:8080,OPEN,fill=FI,flush=-,to=8/30000}{io=0/0,kio=0,kro=1}->HttpConnection@4c6840a2[p=HttpParser{s=START,0 of -1},g=HttpGenerator@1aab1830{s=START}]=>HttpChannelOverHttp@6ec815dd{s=HttpChannelState@2bca9660{s=IDLE rs=BLOCKING os=OPEN is=IDLE awp=false se=false i=true al=0},r=1,c=false/false,a=IDLE,uri=null,age=0}
13:18:54.553 [qtp853429147-110] DEBUG org.eclipse.jetty.io.ManagedSelector - Selector sun.nio.ch.WindowsSelectorImpl@1d61dea3 waiting with 1 keys
13:18:54.553 [qtp853429147-116] DEBUG org.eclipse.jetty.server.HttpConnection - HttpConnection@4c6840a2::NetworkTrafficSocketChannelEndPoint@64307ead{/127.0.0.1:65036<->/127.0.0.1:8080,OPEN,fill=-,flush=-,to=8/30000}{io=0/0,kio=0,kro=1}->HttpConnection@4c6840a2[p=HttpParser{s=START,0 of -1},g=HttpGenerator@1aab1830{s=START}]=>HttpChannelOverHttp@6ec815dd{s=HttpChannelState@2bca9660{s=IDLE rs=BLOCKING os=OPEN is=IDLE awp=false se=false i=true al=0},r=1,c=false/false,a=IDLE,uri=null,age=0} onFillable enter HttpChannelState@2bca9660{s=IDLE rs=BLOCKING os=OPEN is=IDLE awp=false se=false i=true al=0} null
13:18:54.563 [qtp1044854934-105] DEBUG org.eclipse.jetty.util.thread.QueuedThreadPool - ran qtp1044854934-105-acceptor-2@ea676a6-NetworkTrafficServerConnector@382678b1{HTTP/1.1, (http/1.1)}{0.0.0.0:8080} in QueuedThreadPool[qtp1044854934]@3e473896{STOPPED,8<=0<=14,i=5,r=-1,q=0}[NO_TRY]
13:18:54.564 [qtp1044854934-105] DEBUG org.eclipse.jetty.util.thread.QueuedThreadPool - Thread[qtp1044854934-105,5,main] exited for QueuedThreadPool[qtp1044854934]@3e473896{STOPPED,8<=0<=14,i=5,r=-1,q=0}[NO_TRY]
13:18:54.574 [qtp853429147-116] DEBUG org.eclipse.jetty.io.ChannelEndPoint - filled 873 HeapByteBuffer@b72e34d[p=0,l=873,c=8192,r=873]={<<<POST /__admin/mappings HT...rioState" : "logged"\r\n}>>>\x00\x00\x00\x00\x00\x00\x00\x00\x00...\x00\x00\x00\x00\x00\x00\x00}
13:18:54.574 [qtp853429147-116] DEBUG org.eclipse.jetty.server.HttpConnection - HttpConnection@4c6840a2::NetworkTrafficSocketChannelEndPoint@64307ead{/127.0.0.1:65036<->/127.0.0.1:8080,OPEN,fill=-,flush=-,to=0/30000}{io=0/0,kio=0,kro=1}->HttpConnection@4c6840a2[p=HttpParser{s=START,0 of -1},g=HttpGenerator@1aab1830{s=START}]=>HttpChannelOverHttp@6ec815dd{s=HttpChannelState@2bca9660{s=IDLE rs=BLOCKING os=OPEN is=IDLE awp=false se=false i=true al=0},r=1,c=false/false,a=IDLE,uri=null,age=0} filled 873 HeapByteBuffer@b72e34d[p=0,l=873,c=8192,r=873]={<<<POST /__admin/mappings HT...rioState" : "logged"\r\n}>>>\x00\x00\x00\x00\x00\x00\x00\x00\x00...\x00\x00\x00\x00\x00\x00\x00}
13:18:54.574 [qtp853429147-116] DEBUG org.eclipse.jetty.server.HttpConnection - HttpConnection@4c6840a2::NetworkTrafficSocketChannelEndPoint@64307ead{/127.0.0.1:65036<->/127.0.0.1:8080,OPEN,fill=-,flush=-,to=0/30000}{io=0/0,kio=0,kro=1}->HttpConnection@4c6840a2[p=HttpParser{s=START,0 of -1},g=HttpGenerator@1aab1830{s=START}]=>HttpChannelOverHttp@6ec815dd{s=HttpChannelState@2bca9660{s=IDLE rs=BLOCKING os=OPEN is=IDLE awp=false se=false i=true al=0},r=1,c=false/false,a=IDLE,uri=null,age=0} parse HeapByteBuffer@b72e34d[p=0,l=873,c=8192,r=873]={<<<POST /__admin/mappings HT...rioState" : "logged"\r\n}>>>\x00\x00\x00\x00\x00\x00\x00\x00\x00...\x00\x00\x00\x00\x00\x00\x00} {}
13:18:54.574 [qtp853429147-116] DEBUG org.eclipse.jetty.http.HttpParser - parseNext s=START HeapByteBuffer@b72e34d[p=0,l=873,c=8192,r=873]={<<<POST /__admin/mappings HT...rioState" : "logged"\r\n}>>>\x00\x00\x00\x00\x00\x00\x00\x00\x00...\x00\x00\x00\x00\x00\x00\x00}
13:18:54.574 [qtp853429147-116] DEBUG org.eclipse.jetty.http.HttpParser - START --> SPACE1
13:18:54.574 [qtp853429147-116] DEBUG org.eclipse.jetty.http.HttpParser - SPACE1 --> URI
13:18:54.574 [qtp853429147-116] DEBUG org.eclipse.jetty.http.HttpParser - URI --> SPACE2
13:18:54.574 [qtp853429147-116] DEBUG org.eclipse.jetty.http.HttpParser - SPACE2 --> REQUEST_VERSION
13:18:54.574 [qtp853429147-116] DEBUG org.eclipse.jetty.http.HttpParser - REQUEST_VERSION --> HEADER
13:18:54.574 [qtp853429147-116] DEBUG org.eclipse.jetty.http.HttpParser - HEADER:Content-Length --> VALUE
13:18:54.574 [qtp853429147-116] DEBUG org.eclipse.jetty.http.HttpParser - HEADER:Content-Length --> IN_VALUE
13:18:54.574 [qtp853429147-116] DEBUG org.eclipse.jetty.http.HttpParser - HEADER:Content-Length --> FIELD
13:18:54.575 [qtp853429147-116] DEBUG org.eclipse.jetty.http.HttpParser - HEADER:Content-Type: text/plain; charset=UTF-8 --> IN_VALUE
13:18:54.575 [qtp853429147-116] DEBUG org.eclipse.jetty.http.HttpParser - HEADER:Content-Type: text/plain; charset=UTF-8 --> FIELD
13:18:54.575 [qtp853429147-116] DEBUG org.eclipse.jetty.http.HttpParser - HEADER:Host: localhost:8080 --> IN_VALUE
13:18:54.575 [qtp853429147-116] DEBUG org.eclipse.jetty.http.HttpParser - HEADER:Host: localhost:8080 --> FIELD
13:18:54.575 [qtp853429147-116] DEBUG org.eclipse.jetty.http.HttpParser - HEADER:Connection: keep-alive --> IN_VALUE
13:18:54.575 [qtp853429147-116] DEBUG org.eclipse.jetty.http.HttpParser - HEADER:Connection: keep-alive --> FIELD
13:18:54.575 [qtp853429147-116] DEBUG org.eclipse.jetty.http.HttpParser - HEADER:User-Agent: Apache-HttpClient/4.5.12 (Java/11.0.2) --> IN_VALUE
13:18:54.575 [qtp853429147-116] DEBUG org.eclipse.jetty.http.HttpParser - HEADER:User-Agent: Apache-HttpClient/4.5.12 (Java/11.0.2) --> FIELD
13:18:54.575 [qtp853429147-116] DEBUG org.eclipse.jetty.http.HttpParser - HEADER --> CONTENT
13:18:54.576 [qtp853429147-116] DEBUG org.eclipse.jetty.server.HttpChannel - REQUEST for //localhost:8080/__admin/mappings on HttpChannelOverHttp@6ec815dd{s=HttpChannelState@2bca9660{s=IDLE rs=BLOCKING os=OPEN is=IDLE awp=false se=false i=true al=0},r=2,c=false/false,a=IDLE,uri=//localhost:8080/__admin/mappings,age=0}
POST //localhost:8080/__admin/mappings HTTP/1.1
Content-Length: 678
Content-Type: text/plain; charset=UTF-8
Host: localhost:8080
Connection: keep-alive
User-Agent: Apache-HttpClient/4.5.12 (Java/11.0.2)


13:18:54.576 [qtp853429147-116] DEBUG org.eclipse.jetty.server.HttpConnection - HttpConnection@4c6840a2::NetworkTrafficSocketChannelEndPoint@64307ead{/127.0.0.1:65036<->/127.0.0.1:8080,OPEN,fill=-,flush=-,to=1/30000}{io=0/0,kio=0,kro=1}->HttpConnection@4c6840a2[p=HttpParser{s=CONTENT,0 of 678},g=HttpGenerator@1aab1830{s=START}]=>HttpChannelOverHttp@6ec815dd{s=HttpChannelState@2bca9660{s=IDLE rs=BLOCKING os=OPEN is=IDLE awp=false se=false i=true al=0},r=2,c=false/false,a=IDLE,uri=//localhost:8080/__admin/mappings,age=0} parsed true HttpParser{s=CONTENT,0 of 678}
13:18:54.576 [qtp853429147-116] DEBUG org.eclipse.jetty.server.HttpChannel - handle //localhost:8080/__admin/mappings HttpChannelOverHttp@6ec815dd{s=HttpChannelState@2bca9660{s=IDLE rs=BLOCKING os=OPEN is=IDLE awp=false se=false i=true al=0},r=2,c=false/false,a=IDLE,uri=//localhost:8080/__admin/mappings,age=0} 
13:18:54.576 [qtp853429147-116] DEBUG org.eclipse.jetty.server.HttpChannelState - handling HttpChannelState@2bca9660{s=IDLE rs=BLOCKING os=OPEN is=IDLE awp=false se=false i=true al=0}
13:18:54.576 [qtp853429147-116] DEBUG org.eclipse.jetty.server.HttpChannel - action DISPATCH HttpChannelOverHttp@6ec815dd{s=HttpChannelState@2bca9660{s=HANDLING rs=BLOCKING os=OPEN is=IDLE awp=false se=false i=true al=0},r=2,c=false/false,a=HANDLING,uri=//localhost:8080/__admin/mappings,age=0}
13:18:54.576 [qtp853429147-116] DEBUG org.eclipse.jetty.server.Server - REQUEST POST /__admin/mappings on HttpChannelOverHttp@6ec815dd{s=HttpChannelState@2bca9660{s=HANDLING rs=BLOCKING os=OPEN is=IDLE awp=false se=false i=true al=0},r=2,c=false/false,a=HANDLING,uri=//localhost:8080/__admin/mappings,age=0}
13:18:54.576 [qtp853429147-116] DEBUG org.eclipse.jetty.server.handler.ContextHandler - scope null||/__admin/mappings @ o.e.j.s.ServletContextHandler@5e5ac5d9{/__admin,null,AVAILABLE}
13:18:54.576 [qtp853429147-116] DEBUG org.eclipse.jetty.server.handler.ContextHandler - context=/__admin||/mappings @ o.e.j.s.ServletContextHandler@5e5ac5d9{/__admin,null,AVAILABLE}
13:18:54.576 [qtp853429147-116] DEBUG org.eclipse.jetty.servlet.ServletHandler - servlet /__admin|/mappings|null -> com.github.tomakehurst.wiremock.servlet.WireMockHandlerDispatchingServlet-71d5940b@7d861f86==com.github.tomakehurst.wiremock.servlet.WireMockHandlerDispatchingServlet,jsp=null,order=-1,inst=true,async=true
13:18:54.576 [qtp853429147-116] DEBUG org.eclipse.jetty.servlet.ServletHandler - chain=org.eclipse.jetty.servlets.CrossOriginFilter-28fc3acf@28fc3acf==org.eclipse.jetty.servlets.CrossOriginFilter,inst=true,async=true->com.github.tomakehurst.wiremock.servlet.WireMockHandlerDispatchingServlet-71d5940b@7d861f86==com.github.tomakehurst.wiremock.servlet.WireMockHandlerDispatchingServlet,jsp=null,order=-1,inst=true,async=true
13:18:54.576 [qtp853429147-116] DEBUG org.eclipse.jetty.servlet.ServletHandler - call filter org.eclipse.jetty.servlets.CrossOriginFilter-28fc3acf@28fc3acf==org.eclipse.jetty.servlets.CrossOriginFilter,inst=true,async=true
13:18:54.576 [qtp853429147-116] DEBUG org.eclipse.jetty.servlet.ServletHandler - call servlet com.github.tomakehurst.wiremock.servlet.WireMockHandlerDispatchingServlet-71d5940b@7d861f86==com.github.tomakehurst.wiremock.servlet.WireMockHandlerDispatchingServlet,jsp=null,order=-1,inst=true,async=true
13:18:54.577 [qtp853429147-116] DEBUG org.eclipse.jetty.server.HttpConnection - HttpConnection@4c6840a2::NetworkTrafficSocketChannelEndPoint@64307ead{/127.0.0.1:65036<->/127.0.0.1:8080,OPEN,fill=-,flush=-,to=2/30000}{io=0/0,kio=0,kro=1}->HttpConnection@4c6840a2[p=HttpParser{s=CONTENT,0 of 678},g=HttpGenerator@1aab1830{s=START}]=>HttpChannelOverHttp@6ec815dd{s=HttpChannelState@2bca9660{s=HANDLING rs=BLOCKING os=OPEN is=IDLE awp=false se=false i=true al=0},r=2,c=false/false,a=HANDLING,uri=//localhost:8080/__admin/mappings,age=1} parse HeapByteBuffer@b72e34d[p=195,l=873,c=8192,r=678]={POST /__a....2)\r\n\r\n<<<{\r\n  "id" : "7dc3e678-e7e...rioState" : "logged"\r\n}>>>\x00\x00\x00\x00\x00\x00\x00\x00\x00...\x00\x00\x00\x00\x00\x00\x00} {}
13:18:54.577 [qtp853429147-116] DEBUG org.eclipse.jetty.http.HttpParser - parseNext s=CONTENT HeapByteBuffer@b72e34d[p=195,l=873,c=8192,r=678]={POST /__a....2)\r\n\r\n<<<{\r\n  "id" : "7dc3e678-e7e...rioState" : "logged"\r\n}>>>\x00\x00\x00\x00\x00\x00\x00\x00\x00...\x00\x00\x00\x00\x00\x00\x00}
13:18:54.577 [qtp853429147-116] DEBUG org.eclipse.jetty.server.HttpChannel - onContent HttpChannelOverHttp@6ec815dd{s=HttpChannelState@2bca9660{s=HANDLING rs=BLOCKING os=OPEN is=IDLE awp=false se=false i=true al=0},r=2,c=false/false,a=HANDLING,uri=//localhost:8080/__admin/mappings,age=1} Content@419c6172{HeapByteBufferR@63838ff5[p=195,l=873,c=8192,r=678]={POST /__a....2)\r\n\r\n<<<{\r\n  "id" : "7dc3e678-e7e...rioState" : "logged"\r\n}>>>\x00\x00\x00\x00\x00\x00\x00\x00\x00...\x00\x00\x00\x00\x00\x00\x00}}
13:18:54.577 [qtp853429147-116] DEBUG org.eclipse.jetty.server.HttpInput - HttpInputOverHTTP@58fced3f[c=0,q=0,[0]=null,s=STREAM] addContent Content@419c6172{HeapByteBufferR@63838ff5[p=195,l=873,c=8192,r=678]={POST /__a....2)\r\n\r\n<<<{\r\n  "id" : "7dc3e678-e7e...rioState" : "logged"\r\n}>>>\x00\x00\x00\x00\x00\x00\x00\x00\x00...\x00\x00\x00\x00\x00\x00\x00}}
13:18:54.577 [qtp853429147-116] DEBUG org.eclipse.jetty.http.HttpParser - CONTENT --> CONTENT_END
13:18:54.577 [qtp853429147-116] DEBUG org.eclipse.jetty.server.HttpChannel - onContentComplete HttpChannelOverHttp@6ec815dd{s=HttpChannelState@2bca9660{s=HANDLING rs=BLOCKING os=OPEN is=IDLE awp=false se=false i=true al=0},r=2,c=false/false,a=HANDLING,uri=//localhost:8080/__admin/mappings,age=1}
13:18:54.577 [qtp853429147-116] DEBUG org.eclipse.jetty.http.HttpParser - CONTENT_END --> END
13:18:54.577 [qtp853429147-116] DEBUG org.eclipse.jetty.server.HttpChannel - onRequestComplete HttpChannelOverHttp@6ec815dd{s=HttpChannelState@2bca9660{s=HANDLING rs=BLOCKING os=OPEN is=IDLE awp=false se=false i=true al=0},r=2,c=false/false,a=HANDLING,uri=//localhost:8080/__admin/mappings,age=1}
13:18:54.577 [qtp853429147-116] DEBUG org.eclipse.jetty.server.HttpInput - HttpInputOverHTTP@58fced3f[c=0,q=1,[0]=EOF,s=STREAM] addContent EOF
13:18:54.577 [qtp853429147-116] DEBUG org.eclipse.jetty.server.HttpConnection - HttpConnection@4c6840a2::NetworkTrafficSocketChannelEndPoint@64307ead{/127.0.0.1:65036<->/127.0.0.1:8080,OPEN,fill=-,flush=-,to=3/30000}{io=0/0,kio=0,kro=1}->HttpConnection@4c6840a2[p=HttpParser{s=END,678 of 678},g=HttpGenerator@1aab1830{s=START}]=>HttpChannelOverHttp@6ec815dd{s=HttpChannelState@2bca9660{s=HANDLING rs=BLOCKING os=OPEN is=IDLE awp=false se=false i=true al=0},r=2,c=false/false,a=HANDLING,uri=//localhost:8080/__admin/mappings,age=1} parsed false HttpParser{s=END,678 of 678}
13:18:54.577 [qtp853429147-116] DEBUG org.eclipse.jetty.server.HttpInput - HttpInputOverHTTP@58fced3f[c=678,q=1,[0]=EOF,s=STREAM] read 678 from Content@419c6172{HeapByteBufferR@63838ff5[p=873,l=873,c=8192,r=0]={POST /__a...ged"\r\n}<<<>>>\x00\x00\x00\x00\x00\x00\x00\x00\x00...\x00\x00\x00\x00\x00\x00\x00}}
13:18:54.577 [qtp853429147-116] DEBUG org.eclipse.jetty.server.HttpConnection - releaseRequestBuffer HttpConnection@4c6840a2::NetworkTrafficSocketChannelEndPoint@64307ead{/127.0.0.1:65036<->/127.0.0.1:8080,OPEN,fill=-,flush=-,to=3/30000}{io=0/0,kio=0,kro=1}->HttpConnection@4c6840a2[p=HttpParser{s=END,678 of 678},g=HttpGenerator@1aab1830{s=START}]=>HttpChannelOverHttp@6ec815dd{s=HttpChannelState@2bca9660{s=HANDLING rs=BLOCKING os=OPEN is=IDLE awp=false se=false i=true al=0},r=2,c=false/false,a=HANDLING,uri=//localhost:8080/__admin/mappings,age=1}
13:18:54.577 [qtp853429147-116] DEBUG org.eclipse.jetty.server.HttpChannelState - onEof HttpChannelState@2bca9660{s=HANDLING rs=BLOCKING os=OPEN is=IDLE awp=false se=false i=true al=0}
13:18:54.605 [qtp853429147-116] DEBUG org.eclipse.jetty.server.HttpOutput - write(array HeapByteBuffer@36fa181e[p=0,l=678,c=8192,r=678]={<<<{\r\n  "id" : "7dc3e678-e7e...rioState" : "logged"\r\n}>>>\x00\x00\x00\x00\x00\x00\x00\x00\x00...\x00\x00\x00\x00\x00\x00\x00})
13:18:54.605 [qtp853429147-116] DEBUG org.eclipse.jetty.server.HttpOutput - write(array) s=OPEN,api=BLOCKING,sc=false,e=null aggregated !flush DirectByteBuffer@2018100a[p=0,l=678,c=32768,r=678]={<<<{\r\n  "id" : "7dc3e678-e7e...rioState" : "logged"\r\n}>>>\x00\x00\x00\x00\x00\x00\x00\x00\x00...\x00\x00\x00\x00\x00\x00\x00}
13:18:54.605 [qtp853429147-116] DEBUG org.eclipse.jetty.server.HttpChannel - sendResponse info=null content=DirectByteBuffer@2018100a[p=0,l=678,c=32768,r=678]={<<<{\r\n  "id" : "7dc3e678-e7e...rioState" : "logged"\r\n}>>>\x00\x00\x00\x00\x00\x00\x00\x00\x00...\x00\x00\x00\x00\x00\x00\x00} complete=false committing=true callback=Blocker@24a7f927{null}
13:18:54.606 [qtp853429147-116] DEBUG org.eclipse.jetty.server.HttpChannel - COMMIT for /__admin/mappings on HttpChannelOverHttp@6ec815dd{s=HttpChannelState@2bca9660{s=HANDLING rs=BLOCKING os=COMMITTED is=READY awp=false se=false i=true al=0},r=2,c=false/false,a=HANDLING,uri=//localhost:8080/__admin/mappings,age=30}
201 null HTTP/1.1
Content-Type: application/json


13:18:54.606 [qtp853429147-116] DEBUG org.eclipse.jetty.server.HttpConnection - generate: NEED_HEADER for org.eclipse.jetty.server.HttpConnection$SendCallback@1b8d6d99[PROCESSING][i=HTTP/1.1{s=201,h=1,cl=-1},cb=org.eclipse.jetty.server.HttpChannel$SendCallback@2bd0ef59] (null,[p=0,l=678,c=32768,r=678],false)@START
13:18:54.606 [qtp853429147-116] DEBUG org.eclipse.jetty.http.HttpGenerator - generateHeaders HTTP/1.1{s=201,h=1,cl=-1} last=false content=DirectByteBuffer@2018100a[p=0,l=678,c=32768,r=678]={<<<{\r\n  "id" : "7dc3e678-e7e...rioState" : "logged"\r\n}>>>\x00\x00\x00\x00\x00\x00\x00\x00\x00...\x00\x00\x00\x00\x00\x00\x00}
13:18:54.606 [qtp853429147-116] DEBUG org.eclipse.jetty.http.HttpGenerator - Content-Type: application/json


13:18:54.606 [qtp853429147-116] DEBUG org.eclipse.jetty.http.HttpGenerator - CHUNKED_CONTENT
13:18:54.606 [qtp853429147-116] DEBUG org.eclipse.jetty.server.HttpConnection - generate: FLUSH for org.eclipse.jetty.server.HttpConnection$SendCallback@1b8d6d99[PROCESSING][i=HTTP/1.1{s=201,h=1,cl=-1},cb=org.eclipse.jetty.server.HttpChannel$SendCallback@2bd0ef59] ([p=0,l=122,c=8192,r=122],[p=0,l=678,c=32768,r=678],false)@COMMITTED
13:18:54.606 [qtp853429147-116] DEBUG org.eclipse.jetty.io.WriteFlusher - write: WriteFlusher@3b1c99a4{IDLE}->null [HeapByteBuffer@b72e34d[p=0,l=122,c=8192,r=122]={<<<HTTP/1.1 201 Created\r\nCon....28.v20200408)\r\n\r\n2A6\r\n>>>ction: Ke...\x00\x00\x00\x00\x00\x00\x00},DirectByteBuffer@2018100a[p=0,l=678,c=32768,r=678]={<<<{\r\n  "id" : "7dc3e678-e7e...rioState" : "logged"\r\n}>>>\x00\x00\x00\x00\x00\x00\x00\x00\x00...\x00\x00\x00\x00\x00\x00\x00}]
13:18:54.606 [qtp853429147-116] DEBUG org.eclipse.jetty.io.WriteFlusher - update WriteFlusher@3b1c99a4{WRITING}->null:IDLE-->WRITING
13:18:54.606 [Test worker] DEBUG org.apache.http.wire - http-outgoing-5 << "HTTP/1.1 201 Created[\r][\n]"
13:18:54.606 [Test worker] DEBUG org.apache.http.wire - http-outgoing-5 << "Content-Type: application/json[\r][\n]"
13:18:54.606 [Test worker] DEBUG org.apache.http.wire - http-outgoing-5 << "Transfer-Encoding: chunked[\r][\n]"
13:18:54.606 [Test worker] DEBUG org.apache.http.wire - http-outgoing-5 << "Server: Jetty(9.4.28.v20200408)[\r][\n]"
13:18:54.606 [Test worker] DEBUG org.apache.http.wire - http-outgoing-5 << "[\r][\n]"
13:18:54.606 [Test worker] DEBUG org.apache.http.wire - http-outgoing-5 << "2A6[\r][\n]"
13:18:54.606 [qtp853429147-116] DEBUG org.eclipse.jetty.io.ChannelEndPoint - flushed 122 NetworkTrafficSocketChannelEndPoint@64307ead{/127.0.0.1:65036<->/127.0.0.1:8080,OPEN,fill=-,flush=W,to=32/30000}{io=0/0,kio=0,kro=1}->HttpConnection@4c6840a2[p=HttpParser{s=END,678 of 678},g=HttpGenerator@1aab1830{s=COMMITTED}]=>HttpChannelOverHttp@6ec815dd{s=HttpChannelState@2bca9660{s=HANDLING rs=BLOCKING os=COMMITTED is=READY awp=false se=false i=true al=0},r=2,c=false/false,a=HANDLING,uri=//localhost:8080/__admin/mappings,age=30}
13:18:54.606 [Test worker] DEBUG org.apache.http.headers - http-outgoing-5 << HTTP/1.1 201 Created
13:18:54.606 [Test worker] DEBUG org.apache.http.headers - http-outgoing-5 << Content-Type: application/json
13:18:54.606 [Test worker] DEBUG org.apache.http.headers - http-outgoing-5 << Transfer-Encoding: chunked
13:18:54.606 [Test worker] DEBUG org.apache.http.headers - http-outgoing-5 << Server: Jetty(9.4.28.v20200408)
13:18:54.606 [Test worker] DEBUG org.apache.http.impl.execchain.MainClientExec - Connection can be kept alive indefinitely
13:18:54.607 [Test worker] DEBUG org.apache.http.wire - http-outgoing-5 << "{[\r][\n]"
13:18:54.607 [Test worker] DEBUG org.apache.http.wire - http-outgoing-5 << "  "id" : "7dc3e678-e7ee-4d90-b520-ac4e94a1e9c9",[\r][\n]"
13:18:54.607 [Test worker] DEBUG org.apache.http.wire - http-outgoing-5 << "  "request" : {[\r][\n]"
13:18:54.607 [Test worker] DEBUG org.apache.http.wire - http-outgoing-5 << "    "url" : "/api/v0/components/login",[\r][\n]"
13:18:54.607 [Test worker] DEBUG org.apache.http.wire - http-outgoing-5 << "    "method" : "POST",[\r][\n]"
13:18:54.607 [Test worker] DEBUG org.apache.http.wire - http-outgoing-5 << "    "headers" : {[\r][\n]"
13:18:54.607 [Test worker] DEBUG org.apache.http.wire - http-outgoing-5 << "      "Content-Type" : {[\r][\n]"
13:18:54.607 [Test worker] DEBUG org.apache.http.wire - http-outgoing-5 << "        "equalTo" : "application/json"[\r][\n]"
13:18:54.607 [Test worker] DEBUG org.apache.http.wire - http-outgoing-5 << "      }[\r][\n]"
13:18:54.607 [Test worker] DEBUG org.apache.http.wire - http-outgoing-5 << "    },[\r][\n]"
13:18:54.607 [Test worker] DEBUG org.apache.http.wire - http-outgoing-5 << "    "bodyPatterns" : [ {[\r][\n]"
13:18:54.607 [Test worker] DEBUG org.apache.http.wire - http-outgoing-5 << "      "equalTo" : "{\"password\":\"123456\",\"username\":\"catalogClientApi\"}"[\r][\n]"
13:18:54.607 [Test worker] DEBUG org.apache.http.wire - http-outgoing-5 << "    } ][\r][\n]"
13:18:54.607 [Test worker] DEBUG org.apache.http.wire - http-outgoing-5 << "  },[\r][\n]"
13:18:54.607 [Test worker] DEBUG org.apache.http.wire - http-outgoing-5 << "  "response" : {[\r][\n]"
13:18:54.607 [Test worker] DEBUG org.apache.http.wire - http-outgoing-5 << "    "status" : 200,[\r][\n]"
13:18:54.607 [Test worker] DEBUG org.apache.http.wire - http-outgoing-5 << "    "body" : "{\"token\":\"someToken\"}",[\r][\n]"
13:18:54.607 [Test worker] DEBUG org.apache.http.wire - http-outgoing-5 << "    "headers" : {[\r][\n]"
13:18:54.607 [Test worker] DEBUG org.apache.http.wire - http-outgoing-5 << "      "Content-Type" : "application/json"[\r][\n]"
13:18:54.607 [Test worker] DEBUG org.apache.http.wire - http-outgoing-5 << "    }[\r][\n]"
13:18:54.607 [Test worker] DEBUG org.apache.http.wire - http-outgoing-5 << "  },[\r][\n]"
13:18:54.607 [Test worker] DEBUG org.apache.http.wire - http-outgoing-5 << "  "uuid" : "7dc3e678-e7ee-4d90-b520-ac4e94a1e9c9",[\r][\n]"
13:18:54.607 [Test worker] DEBUG org.apache.http.wire - http-outgoing-5 << "  "scenarioName" : "unAuthorized",[\r][\n]"
13:18:54.607 [Test worker] DEBUG org.apache.http.wire - http-outgoing-5 << "  "requiredScenarioState" : "Started",[\r][\n]"
13:18:54.607 [Test worker] DEBUG org.apache.http.wire - http-outgoing-5 << "  "newScenarioState" : "logged"[\r][\n]"
13:18:54.607 [Test worker] DEBUG org.apache.http.wire - http-outgoing-5 << "}"
13:18:54.607 [qtp853429147-116] DEBUG org.eclipse.jetty.io.ChannelEndPoint - flushed 678 NetworkTrafficSocketChannelEndPoint@64307ead{/127.0.0.1:65036<->/127.0.0.1:8080,OPEN,fill=-,flush=W,to=0/30000}{io=0/0,kio=0,kro=1}->HttpConnection@4c6840a2[p=HttpParser{s=END,678 of 678},g=HttpGenerator@1aab1830{s=COMMITTED}]=>HttpChannelOverHttp@6ec815dd{s=HttpChannelState@2bca9660{s=HANDLING rs=BLOCKING os=COMMITTED is=READY awp=false se=false i=true al=0},r=2,c=false/false,a=HANDLING,uri=//localhost:8080/__admin/mappings,age=31}
13:18:54.607 [qtp853429147-116] DEBUG org.eclipse.jetty.io.WriteFlusher - Flushed=true written=800 remaining=0 WriteFlusher@3b1c99a4{WRITING}->null
13:18:54.607 [qtp853429147-116] DEBUG org.eclipse.jetty.io.WriteFlusher - update WriteFlusher@3b1c99a4{IDLE}->null:WRITING-->IDLE
13:18:54.607 [qtp853429147-116] DEBUG org.eclipse.jetty.server.HttpConnection - generate: DONE for org.eclipse.jetty.server.HttpConnection$SendCallback@1b8d6d99[PROCESSING][i=HTTP/1.1{s=201,h=1,cl=-1},cb=org.eclipse.jetty.server.HttpChannel$SendCallback@2bd0ef59] ([p=122,l=122,c=8192,r=0],[p=678,l=678,c=32768,r=0],false)@COMMITTED
13:18:54.607 [qtp853429147-116] DEBUG org.eclipse.jetty.server.HttpOutput - onWriteComplete(false,null) s=OPEN,api=BLOCKED,sc=false,e=null->s=OPEN,api=BLOCKING,sc=false,e=null c=null cb=null w=false
13:18:54.607 [qtp853429147-116] DEBUG org.eclipse.jetty.server.HttpOutput - close() s=CLOSING,api=BLOCKED,sc=false,e=null c=HeapByteBuffer@137d328[p=0,l=0,c=0,r=0]={<<<>>>} b=Blocker@24a7f927{null}
13:18:54.608 [qtp853429147-116] DEBUG org.eclipse.jetty.server.HttpChannel - sendResponse info=null content=HeapByteBuffer@137d328[p=0,l=0,c=0,r=0]={<<<>>>} complete=true committing=false callback=Blocker@24a7f927{null}
13:18:54.608 [qtp853429147-116] DEBUG org.eclipse.jetty.server.HttpConnection - generate: CONTINUE for org.eclipse.jetty.server.HttpConnection$SendCallback@1b8d6d99[PROCESSING][i=null,cb=org.eclipse.jetty.server.HttpChannel$SendCallback@57561f30] (null,[p=0,l=0,c=0,r=0],true)@COMPLETING
13:18:54.608 [qtp853429147-116] DEBUG org.eclipse.jetty.server.HttpConnection - generate: NEED_CHUNK for org.eclipse.jetty.server.HttpConnection$SendCallback@1b8d6d99[PROCESSING][i=null,cb=org.eclipse.jetty.server.HttpChannel$SendCallback@57561f30] (null,[p=0,l=0,c=0,r=0],true)@COMPLETING
13:18:54.608 [qtp853429147-116] DEBUG org.eclipse.jetty.server.HttpConnection - generate: FLUSH for org.eclipse.jetty.server.HttpConnection$SendCallback@1b8d6d99[PROCESSING][i=null,cb=org.eclipse.jetty.server.HttpChannel$SendCallback@57561f30] (null,[p=0,l=0,c=0,r=0],true)@COMPLETING
13:18:54.608 [qtp853429147-116] DEBUG org.eclipse.jetty.io.WriteFlusher - write: WriteFlusher@3b1c99a4{IDLE}->null [HeapByteBuffer@50786100[p=0,l=7,c=1024,r=7]={<<<\r\n0\r\n\r\n>>>\x00\x00\x00\x00\x00\x00\x00\x00\x00...\x00\x00\x00\x00\x00\x00\x00}]
13:18:54.608 [qtp853429147-116] DEBUG org.eclipse.jetty.io.WriteFlusher - update WriteFlusher@3b1c99a4{WRITING}->null:IDLE-->WRITING
13:18:54.608 [Test worker] DEBUG org.apache.http.wire - http-outgoing-5 << "[\r][\n]"
13:18:54.608 [Test worker] DEBUG org.apache.http.wire - http-outgoing-5 << "0[\r][\n]"
13:18:54.608 [Test worker] DEBUG org.apache.http.wire - http-outgoing-5 << "[\r][\n]"
13:18:54.608 [qtp853429147-116] DEBUG org.eclipse.jetty.io.ChannelEndPoint - flushed 7 NetworkTrafficSocketChannelEndPoint@64307ead{/127.0.0.1:65036<->/127.0.0.1:8080,OPEN,fill=-,flush=W,to=0/30000}{io=0/0,kio=0,kro=1}->HttpConnection@4c6840a2[p=HttpParser{s=END,678 of 678},g=HttpGenerator@1aab1830{s=COMPLETING}]=>HttpChannelOverHttp@6ec815dd{s=HttpChannelState@2bca9660{s=HANDLING rs=BLOCKING os=COMMITTED is=READY awp=false se=false i=true al=0},r=2,c=false/false,a=HANDLING,uri=//localhost:8080/__admin/mappings,age=32}
13:18:54.608 [Test worker] DEBUG org.apache.http.impl.conn.PoolingHttpClientConnectionManager - Connection [id: 5][route: {}->http://localhost:8080] can be kept alive indefinitely
13:18:54.608 [qtp853429147-116] DEBUG org.eclipse.jetty.io.WriteFlusher - Flushed=true written=7 remaining=0 WriteFlusher@3b1c99a4{WRITING}->null
13:18:54.608 [Test worker] DEBUG org.apache.http.impl.conn.DefaultManagedHttpClientConnection - http-outgoing-5: set socket timeout to 0
13:18:54.608 [qtp853429147-116] DEBUG org.eclipse.jetty.io.WriteFlusher - update WriteFlusher@3b1c99a4{IDLE}->null:WRITING-->IDLE
13:18:54.608 [qtp853429147-116] DEBUG org.eclipse.jetty.server.HttpConnection - generate: DONE for org.eclipse.jetty.server.HttpConnection$SendCallback@1b8d6d99[PROCESSING][i=null,cb=org.eclipse.jetty.server.HttpChannel$SendCallback@57561f30] (null,[p=0,l=0,c=0,r=0],true)@END
13:18:54.608 [Test worker] DEBUG org.apache.http.impl.conn.PoolingHttpClientConnectionManager - Connection released: [id: 5][route: {}->http://localhost:8080][total available: 1; route allocated: 1 of 5; total allocated: 1 of 50]
13:18:54.609 [qtp853429147-116] DEBUG org.eclipse.jetty.server.HttpOutput - onWriteComplete(true,null) s=CLOSING,api=BLOCKED,sc=false,e=null->s=CLOSED,api=BLOCKING,sc=false,e=null c=null cb=null w=false
13:18:54.609 [qtp853429147-116] DEBUG org.eclipse.jetty.server.handler.gzip.GzipHandler - GzipHandler@21af4110{STARTED,min=32,inflate=-1} handle Request[POST //localhost:8080/__admin/mappings]@29b19157 in null
13:18:54.609 [qtp853429147-116] DEBUG org.eclipse.jetty.server.handler.ContextHandler - scope null||/__admin/mappings @ o.e.j.s.ServletContextHandler@6e64e885{/,null,AVAILABLE}
13:18:54.609 [qtp853429147-116] DEBUG org.eclipse.jetty.server.Server - handled=true async=false committed=true on HttpChannelOverHttp@6ec815dd{s=HttpChannelState@2bca9660{s=HANDLING rs=BLOCKING os=COMPLETED is=READY awp=false se=false i=true al=0},r=2,c=false/true,a=HANDLING,uri=//localhost:8080/__admin/mappings,age=33}
13:18:54.609 [qtp853429147-116] DEBUG org.eclipse.jetty.server.HttpChannelState - unhandle HttpChannelState@2bca9660{s=HANDLING rs=BLOCKING os=COMPLETED is=READY awp=false se=false i=true al=0}
13:18:54.609 [qtp853429147-116] DEBUG org.eclipse.jetty.server.HttpChannelState - nextAction(false) COMPLETE HttpChannelState@2bca9660{s=HANDLING rs=COMPLETING os=COMPLETED is=READY awp=false se=false i=false al=0}
13:18:54.609 [qtp853429147-116] DEBUG org.eclipse.jetty.server.HttpChannel - action COMPLETE HttpChannelOverHttp@6ec815dd{s=HttpChannelState@2bca9660{s=HANDLING rs=COMPLETING os=COMPLETED is=READY awp=false se=false i=false al=0},r=2,c=false/true,a=HANDLING,uri=//localhost:8080/__admin/mappings,age=33}
13:18:54.609 [qtp853429147-116] DEBUG org.eclipse.jetty.server.HttpOutput - complete(org.eclipse.jetty.util.Callback$4@25786f2a) s=CLOSED,api=BLOCKING,sc=false,e=null s=true e=null, c=null
13:18:54.609 [qtp853429147-116] DEBUG org.eclipse.jetty.server.HttpChannelState - completed HttpChannelState@2bca9660{s=HANDLING rs=COMPLETING os=COMPLETED is=READY awp=false se=false i=false al=0}
13:18:54.609 [qtp853429147-116] DEBUG org.eclipse.jetty.server.HttpChannelState - unhandle HttpChannelState@2bca9660{s=HANDLING rs=COMPLETED os=COMPLETED is=READY awp=false se=false i=false al=0}
13:18:54.609 [qtp853429147-116] DEBUG org.eclipse.jetty.server.HttpChannelState - nextAction(false) TERMINATED HttpChannelState@2bca9660{s=IDLE rs=COMPLETED os=COMPLETED is=READY awp=false se=false i=false al=0}
13:18:54.609 [qtp853429147-116] DEBUG org.eclipse.jetty.server.HttpChannel - action TERMINATED HttpChannelOverHttp@6ec815dd{s=HttpChannelState@2bca9660{s=IDLE rs=COMPLETED os=COMPLETED is=READY awp=false se=false i=false al=0},r=2,c=true/true,a=IDLE,uri=//localhost:8080/__admin/mappings,age=33}
13:18:54.609 [qtp853429147-116] DEBUG org.eclipse.jetty.server.HttpChannel - onCompleted for /__admin/mappings written=678
13:18:54.609 [qtp853429147-116] DEBUG org.eclipse.jetty.server.HttpChannelState - recycle HttpChannelState@2bca9660{s=IDLE rs=COMPLETED os=COMPLETED is=READY awp=false se=false i=false al=0}
13:18:54.609 [qtp853429147-116] DEBUG org.eclipse.jetty.http.HttpParser - reset HttpParser{s=END,678 of 678}
13:18:54.609 [qtp853429147-116] DEBUG org.eclipse.jetty.http.HttpParser - END --> START
13:18:54.609 [qtp853429147-116] DEBUG org.eclipse.jetty.server.HttpChannel - !handle TERMINATED HttpChannelOverHttp@6ec815dd{s=HttpChannelState@2bca9660{s=IDLE rs=BLOCKING os=OPEN is=IDLE awp=false se=false i=true al=0},r=2,c=false/false,a=IDLE,uri=null,age=0}
13:18:54.609 [qtp853429147-116] DEBUG org.eclipse.jetty.io.ChannelEndPoint - filled 0 HeapByteBuffer@b72e34d[p=0,l=0,c=8192,r=0]={<<<>>>HTTP/1.1 ...\x00\x00\x00\x00\x00\x00\x00}
13:18:54.609 [qtp853429147-116] DEBUG org.eclipse.jetty.io.ChannelEndPoint - filled 0 HeapByteBuffer@b72e34d[p=0,l=0,c=8192,r=0]={<<<>>>HTTP/1.1 ...\x00\x00\x00\x00\x00\x00\x00}
13:18:54.609 [qtp853429147-116] DEBUG org.eclipse.jetty.server.HttpConnection - HttpConnection@4c6840a2::NetworkTrafficSocketChannelEndPoint@64307ead{/127.0.0.1:65036<->/127.0.0.1:8080,OPEN,fill=-,flush=-,to=1/30000}{io=0/0,kio=0,kro=1}->HttpConnection@4c6840a2[p=HttpParser{s=START,0 of -1},g=HttpGenerator@1aab1830{s=START}]=>HttpChannelOverHttp@6ec815dd{s=HttpChannelState@2bca9660{s=IDLE rs=BLOCKING os=OPEN is=IDLE awp=false se=false i=true al=0},r=2,c=false/false,a=IDLE,uri=null,age=0} filled 0 HeapByteBuffer@b72e34d[p=0,l=0,c=8192,r=0]={<<<>>>HTTP/1.1 ...\x00\x00\x00\x00\x00\x00\x00}
13:18:54.610 [qtp853429147-116] DEBUG org.eclipse.jetty.server.HttpConnection - HttpConnection@4c6840a2::NetworkTrafficSocketChannelEndPoint@64307ead{/127.0.0.1:65036<->/127.0.0.1:8080,OPEN,fill=-,flush=-,to=1/30000}{io=0/0,kio=0,kro=1}->HttpConnection@4c6840a2[p=HttpParser{s=START,0 of -1},g=HttpGenerator@1aab1830{s=START}]=>HttpChannelOverHttp@6ec815dd{s=HttpChannelState@2bca9660{s=IDLE rs=BLOCKING os=OPEN is=IDLE awp=false se=false i=true al=0},r=2,c=false/false,a=IDLE,uri=null,age=0} parse HeapByteBuffer@b72e34d[p=0,l=0,c=8192,r=0]={<<<>>>HTTP/1.1 ...\x00\x00\x00\x00\x00\x00\x00} {}
13:18:54.610 [qtp853429147-116] DEBUG org.eclipse.jetty.http.HttpParser - parseNext s=START HeapByteBuffer@b72e34d[p=0,l=0,c=8192,r=0]={<<<>>>HTTP/1.1 ...\x00\x00\x00\x00\x00\x00\x00}
13:18:54.610 [qtp853429147-116] DEBUG org.eclipse.jetty.server.HttpConnection - HttpConnection@4c6840a2::NetworkTrafficSocketChannelEndPoint@64307ead{/127.0.0.1:65036<->/127.0.0.1:8080,OPEN,fill=-,flush=-,to=1/30000}{io=0/0,kio=0,kro=1}->HttpConnection@4c6840a2[p=HttpParser{s=START,0 of -1},g=HttpGenerator@1aab1830{s=START}]=>HttpChannelOverHttp@6ec815dd{s=HttpChannelState@2bca9660{s=IDLE rs=BLOCKING os=OPEN is=IDLE awp=false se=false i=true al=0},r=2,c=false/false,a=IDLE,uri=null,age=0} parsed false HttpParser{s=START,0 of -1}
13:18:54.610 [qtp853429147-116] DEBUG org.eclipse.jetty.server.HttpConnection - releaseRequestBuffer HttpConnection@4c6840a2::NetworkTrafficSocketChannelEndPoint@64307ead{/127.0.0.1:65036<->/127.0.0.1:8080,OPEN,fill=-,flush=-,to=1/30000}{io=0/0,kio=0,kro=1}->HttpConnection@4c6840a2[p=HttpParser{s=START,0 of -1},g=HttpGenerator@1aab1830{s=START}]=>HttpChannelOverHttp@6ec815dd{s=HttpChannelState@2bca9660{s=IDLE rs=BLOCKING os=OPEN is=IDLE awp=false se=false i=true al=0},r=2,c=false/false,a=IDLE,uri=null,age=0}
13:18:54.610 [qtp853429147-116] DEBUG org.eclipse.jetty.io.AbstractConnection - fillInterested HttpConnection@4c6840a2::NetworkTrafficSocketChannelEndPoint@64307ead{/127.0.0.1:65036<->/127.0.0.1:8080,OPEN,fill=-,flush=-,to=1/30000}{io=0/0,kio=0,kro=1}->HttpConnection@4c6840a2[p=HttpParser{s=START,0 of -1},g=HttpGenerator@1aab1830{s=START}]=>HttpChannelOverHttp@6ec815dd{s=HttpChannelState@2bca9660{s=IDLE rs=BLOCKING os=OPEN is=IDLE awp=false se=false i=true al=0},r=2,c=false/false,a=IDLE,uri=null,age=0}
13:18:54.610 [qtp853429147-116] DEBUG org.eclipse.jetty.io.FillInterest - interested FillInterest@34e39045{AC.ReadCB@4c6840a2{HttpConnection@4c6840a2::NetworkTrafficSocketChannelEndPoint@64307ead{/127.0.0.1:65036<->/127.0.0.1:8080,OPEN,fill=FI,flush=-,to=0/30000}{io=0/0,kio=0,kro=1}->HttpConnection@4c6840a2[p=HttpParser{s=START,0 of -1},g=HttpGenerator@1aab1830{s=START}]=>HttpChannelOverHttp@6ec815dd{s=HttpChannelState@2bca9660{s=IDLE rs=BLOCKING os=OPEN is=IDLE awp=false se=false i=true al=0},r=2,c=false/false,a=IDLE,uri=null,age=0}}}
13:18:54.610 [qtp853429147-116] DEBUG org.eclipse.jetty.io.ChannelEndPoint - changeInterests p=false 0->1 for NetworkTrafficSocketChannelEndPoint@64307ead{/127.0.0.1:65036<->/127.0.0.1:8080,OPEN,fill=FI,flush=-,to=0/30000}{io=0/1,kio=0,kro=1}->HttpConnection@4c6840a2[p=HttpParser{s=START,0 of -1},g=HttpGenerator@1aab1830{s=START}]=>HttpChannelOverHttp@6ec815dd{s=HttpChannelState@2bca9660{s=IDLE rs=BLOCKING os=OPEN is=IDLE awp=false se=false i=true al=0},r=2,c=false/false,a=IDLE,uri=null,age=0}
13:18:54.610 [qtp853429147-116] DEBUG org.eclipse.jetty.io.ManagedSelector - Queued change org.eclipse.jetty.io.ChannelEndPoint$1@4be5692f on ManagedSelector@2e03eae5{STARTED} id=1 keys=1 selected=0 updates=0
13:18:54.610 [qtp853429147-116] DEBUG org.eclipse.jetty.io.ManagedSelector - Wakeup on submit ManagedSelector@2e03eae5{STARTED} id=1 keys=1 selected=0 updates=1
13:18:54.610 [qtp853429147-110] DEBUG org.eclipse.jetty.io.ManagedSelector - Selector sun.nio.ch.WindowsSelectorImpl@1d61dea3 woken with none selected
13:18:54.610 [qtp853429147-116] DEBUG org.eclipse.jetty.server.HttpConnection - HttpConnection@4c6840a2::NetworkTrafficSocketChannelEndPoint@64307ead{/127.0.0.1:65036<->/127.0.0.1:8080,OPEN,fill=FI,flush=-,to=0/30000}{io=0/1,kio=0,kro=1}->HttpConnection@4c6840a2[p=HttpParser{s=START,0 of -1},g=HttpGenerator@1aab1830{s=START}]=>HttpChannelOverHttp@6ec815dd{s=HttpChannelState@2bca9660{s=IDLE rs=BLOCKING os=OPEN is=IDLE awp=false se=false i=true al=0},r=2,c=false/false,a=IDLE,uri=null,age=0} onFillable exit HttpChannelState@2bca9660{s=IDLE rs=BLOCKING os=OPEN is=IDLE awp=false se=false i=true al=0} null
13:18:54.610 [qtp853429147-110] DEBUG org.eclipse.jetty.io.ManagedSelector - Selector sun.nio.ch.WindowsSelectorImpl@1d61dea3 woken up from select, 0/0/1 selected
13:18:54.610 [qtp853429147-116] DEBUG org.eclipse.jetty.util.thread.QueuedThreadPool - ran org.eclipse.jetty.io.ManagedSelector$$Lambda$425/0x00000001005fc040@3e0ed962 in QueuedThreadPool[qtp853429147]@32de4b9b{STARTED,8<=8<=14,i=1,r=1,q=0}[ReservedThreadExecutor@7a292eba{s=1/1,p=0}]
13:18:54.610 [qtp853429147-110] DEBUG org.eclipse.jetty.io.ManagedSelector - Selector sun.nio.ch.WindowsSelectorImpl@1d61dea3 processing 0 keys, 1 updates
13:18:54.610 [qtp853429147-110] DEBUG org.eclipse.jetty.io.ManagedSelector - updateable 1
13:18:54.610 [qtp853429147-110] DEBUG org.eclipse.jetty.io.ManagedSelector - update org.eclipse.jetty.io.ChannelEndPoint$1@4be5692f
13:18:54.611 [qtp853429147-110] DEBUG org.eclipse.jetty.io.ChannelEndPoint - Key interests updated 0 -> 1 on NetworkTrafficSocketChannelEndPoint@64307ead{/127.0.0.1:65036<->/127.0.0.1:8080,OPEN,fill=FI,flush=-,to=0/30000}{io=1/1,kio=1,kro=1}->HttpConnection@4c6840a2[p=HttpParser{s=START,0 of -1},g=HttpGenerator@1aab1830{s=START}]=>HttpChannelOverHttp@6ec815dd{s=HttpChannelState@2bca9660{s=IDLE rs=BLOCKING os=OPEN is=IDLE awp=false se=false i=true al=0},r=2,c=false/false,a=IDLE,uri=null,age=0}
13:18:54.611 [qtp853429147-110] DEBUG org.eclipse.jetty.io.ManagedSelector - updates 0
13:18:54.611 [qtp853429147-110] DEBUG org.eclipse.jetty.io.ManagedSelector - Selector sun.nio.ch.WindowsSelectorImpl@1d61dea3 waiting with 1 keys
13:18:54.619 [Test worker] DEBUG org.apache.http.impl.conn.PoolingHttpClientConnectionManager - Connection request: [route: {}->http://localhost:8080][total available: 1; route allocated: 1 of 5; total allocated: 1 of 50]
13:18:54.620 [Test worker] DEBUG org.apache.http.impl.conn.PoolingHttpClientConnectionManager - Connection leased: [id: 5][route: {}->http://localhost:8080][total available: 0; route allocated: 1 of 5; total allocated: 1 of 50]
13:18:54.620 [Test worker] DEBUG org.apache.http.impl.conn.DefaultManagedHttpClientConnection - http-outgoing-5: set socket timeout to 30000
13:18:54.620 [Test worker] DEBUG org.apache.http.impl.execchain.MainClientExec - Stale connection check
13:18:54.621 [Test worker] DEBUG org.apache.http.wire - http-outgoing-5 << "[read] I/O error: Read timed out"
13:18:54.621 [Test worker] DEBUG org.apache.http.impl.execchain.MainClientExec - Executing request POST /__admin/mappings HTTP/1.1
13:18:54.621 [Test worker] DEBUG org.apache.http.impl.execchain.MainClientExec - Target auth state: UNCHALLENGED
13:18:54.621 [Test worker] DEBUG org.apache.http.impl.execchain.MainClientExec - Proxy auth state: UNCHALLENGED
13:18:54.621 [Test worker] DEBUG org.apache.http.headers - http-outgoing-5 >> POST /__admin/mappings HTTP/1.1
13:18:54.621 [Test worker] DEBUG org.apache.http.headers - http-outgoing-5 >> Content-Length: 705
13:18:54.621 [Test worker] DEBUG org.apache.http.headers - http-outgoing-5 >> Content-Type: text/plain; charset=UTF-8
13:18:54.621 [Test worker] DEBUG org.apache.http.headers - http-outgoing-5 >> Host: localhost:8080
13:18:54.621 [Test worker] DEBUG org.apache.http.headers - http-outgoing-5 >> Connection: Keep-Alive
13:18:54.621 [Test worker] DEBUG org.apache.http.headers - http-outgoing-5 >> User-Agent: Apache-HttpClient/4.5.12 (Java/11.0.2)
13:18:54.621 [Test worker] DEBUG org.apache.http.wire - http-outgoing-5 >> "POST /__admin/mappings HTTP/1.1[\r][\n]"
13:18:54.621 [Test worker] DEBUG org.apache.http.wire - http-outgoing-5 >> "Content-Length: 705[\r][\n]"
13:18:54.621 [Test worker] DEBUG org.apache.http.wire - http-outgoing-5 >> "Content-Type: text/plain; charset=UTF-8[\r][\n]"
13:18:54.621 [Test worker] DEBUG org.apache.http.wire - http-outgoing-5 >> "Host: localhost:8080[\r][\n]"
13:18:54.621 [Test worker] DEBUG org.apache.http.wire - http-outgoing-5 >> "Connection: Keep-Alive[\r][\n]"
13:18:54.621 [Test worker] DEBUG org.apache.http.wire - http-outgoing-5 >> "User-Agent: Apache-HttpClient/4.5.12 (Java/11.0.2)[\r][\n]"
13:18:54.621 [Test worker] DEBUG org.apache.http.wire - http-outgoing-5 >> "[\r][\n]"
13:18:54.621 [Test worker] DEBUG org.apache.http.wire - http-outgoing-5 >> "{[\r][\n]"
13:18:54.621 [Test worker] DEBUG org.apache.http.wire - http-outgoing-5 >> "  "id" : "07ecc0d2-7af8-40fc-bc53-65f8f8a1c55f",[\r][\n]"
13:18:54.621 [Test worker] DEBUG org.apache.http.wire - http-outgoing-5 >> "  "request" : {[\r][\n]"
13:18:54.621 [Test worker] DEBUG org.apache.http.wire - http-outgoing-5 >> "    "url" : "/api/v0/components/provision-adapters/jobs/4886639d-5d96-440b-b467-0b386be7969c",[\r][\n]"
13:18:54.621 [Test worker] DEBUG org.apache.http.wire - http-outgoing-5 >> "    "method" : "GET",[\r][\n]"
13:18:54.621 [Test worker] DEBUG org.apache.http.wire - http-outgoing-5 >> "    "headers" : {[\r][\n]"
13:18:54.621 [Test worker] DEBUG org.apache.http.wire - http-outgoing-5 >> "      "Authorization" : {[\r][\n]"
13:18:54.621 [Test worker] DEBUG org.apache.http.wire - http-outgoing-5 >> "        "equalTo" : "Bearer someToken"[\r][\n]"
13:18:54.621 [Test worker] DEBUG org.apache.http.wire - http-outgoing-5 >> "      }[\r][\n]"
13:18:54.621 [Test worker] DEBUG org.apache.http.wire - http-outgoing-5 >> "    }[\r][\n]"
13:18:54.621 [Test worker] DEBUG org.apache.http.wire - http-outgoing-5 >> "  },[\r][\n]"
13:18:54.621 [Test worker] DEBUG org.apache.http.wire - http-outgoing-5 >> "  "response" : {[\r][\n]"
13:18:54.621 [Test worker] DEBUG org.apache.http.wire - http-outgoing-5 >> "    "status" : 200,[\r][\n]"
13:18:54.621 [Test worker] DEBUG org.apache.http.wire - http-outgoing-5 >> "    "body" : "{\"id\":\"4886639d-5d96-440b-b467-0b386be7969c\",\"componentInstance\":\"97feb42f-5368-48b6-9399-705a0ab1a7ab\",\"status\":\"NEW\",\"metadata\":null}",[\r][\n]"
13:18:54.621 [Test worker] DEBUG org.apache.http.wire - http-outgoing-5 >> "    "headers" : {[\r][\n]"
13:18:54.621 [Test worker] DEBUG org.apache.http.wire - http-outgoing-5 >> "      "Content-Type" : "application/json"[\r][\n]"
13:18:54.621 [Test worker] DEBUG org.apache.http.wire - http-outgoing-5 >> "    }[\r][\n]"
13:18:54.621 [Test worker] DEBUG org.apache.http.wire - http-outgoing-5 >> "  },[\r][\n]"
13:18:54.621 [Test worker] DEBUG org.apache.http.wire - http-outgoing-5 >> "  "uuid" : "07ecc0d2-7af8-40fc-bc53-65f8f8a1c55f",[\r][\n]"
13:18:54.621 [Test worker] DEBUG org.apache.http.wire - http-outgoing-5 >> "  "scenarioName" : "unAuthorized",[\r][\n]"
13:18:54.621 [Test worker] DEBUG org.apache.http.wire - http-outgoing-5 >> "  "requiredScenarioState" : "logged"[\r][\n]"
13:18:54.621 [Test worker] DEBUG org.apache.http.wire - http-outgoing-5 >> "}"
13:18:54.621 [qtp853429147-110] DEBUG org.eclipse.jetty.io.ManagedSelector - Selector sun.nio.ch.WindowsSelectorImpl@1d61dea3 woken up from select, 1/1/1 selected
13:18:54.621 [qtp853429147-110] DEBUG org.eclipse.jetty.io.ManagedSelector - Selector sun.nio.ch.WindowsSelectorImpl@1d61dea3 processing 1 keys, 0 updates
13:18:54.622 [qtp853429147-110] DEBUG org.eclipse.jetty.io.ManagedSelector - selected 1 channel=java.nio.channels.SocketChannel[connected local=/127.0.0.1:8080 remote=/127.0.0.1:65036], selector=sun.nio.ch.WindowsSelectorImpl@1d61dea3, interestOps=1, readyOps=1 NetworkTrafficSocketChannelEndPoint@64307ead{/127.0.0.1:65036<->/127.0.0.1:8080,OPEN,fill=FI,flush=-,to=11/30000}{io=1/1,kio=1,kro=1}->HttpConnection@4c6840a2[p=HttpParser{s=START,0 of -1},g=HttpGenerator@1aab1830{s=START}]=>HttpChannelOverHttp@6ec815dd{s=HttpChannelState@2bca9660{s=IDLE rs=BLOCKING os=OPEN is=IDLE awp=false se=false i=true al=0},r=2,c=false/false,a=IDLE,uri=null,age=0} 
13:18:54.622 [qtp853429147-110] DEBUG org.eclipse.jetty.io.ChannelEndPoint - onSelected 1->0 r=true w=false for NetworkTrafficSocketChannelEndPoint@64307ead{/127.0.0.1:65036<->/127.0.0.1:8080,OPEN,fill=FI,flush=-,to=11/30000}{io=1/0,kio=1,kro=1}->HttpConnection@4c6840a2[p=HttpParser{s=START,0 of -1},g=HttpGenerator@1aab1830{s=START}]=>HttpChannelOverHttp@6ec815dd{s=HttpChannelState@2bca9660{s=IDLE rs=BLOCKING os=OPEN is=IDLE awp=false se=false i=true al=0},r=2,c=false/false,a=IDLE,uri=null,age=0}
13:18:54.622 [qtp853429147-110] DEBUG org.eclipse.jetty.io.ChannelEndPoint - task CEP:NetworkTrafficSocketChannelEndPoint@64307ead{/127.0.0.1:65036<->/127.0.0.1:8080,OPEN,fill=FI,flush=-,to=11/30000}{io=1/0,kio=1,kro=1}->HttpConnection@4c6840a2[p=HttpParser{s=START,0 of -1},g=HttpGenerator@1aab1830{s=START}]=>HttpChannelOverHttp@6ec815dd{s=HttpChannelState@2bca9660{s=IDLE rs=BLOCKING os=OPEN is=IDLE awp=false se=false i=true al=0},r=2,c=false/false,a=IDLE,uri=null,age=0}:runFillable:BLOCKING
13:18:54.622 [qtp853429147-110] DEBUG org.eclipse.jetty.util.thread.ReservedThreadExecutor - ReservedThreadExecutor@7a292eba{s=1/1,p=0} tryExecute EatWhatYouKill@61ce6731/SelectorProducer@20cb10e8/PRODUCING/p=false/QueuedThreadPool[qtp853429147]@32de4b9b{STARTED,8<=8<=14,i=2,r=1,q=0}[ReservedThreadExecutor@7a292eba{s=1/1,p=0}][pc=0,pic=0,pec=1,epc=1]@2020-09-25T13:18:54.6223235+02:00
13:18:54.622 [qtp853429147-110] DEBUG org.eclipse.jetty.util.thread.ReservedThreadExecutor - ReservedThreadExecutor@7a292eba{s=0/1,p=0}@529b3944 offer EatWhatYouKill@61ce6731/SelectorProducer@20cb10e8/PRODUCING/p=false/QueuedThreadPool[qtp853429147]@32de4b9b{STARTED,8<=8<=14,i=2,r=1,q=0}[ReservedThreadExecutor@7a292eba{s=0/1,p=0}][pc=0,pic=0,pec=1,epc=1]@2020-09-25T13:18:54.6223235+02:00
13:18:54.622 [qtp853429147-110] DEBUG org.eclipse.jetty.util.thread.ReservedThreadExecutor - ReservedThreadExecutor@7a292eba{s=0/1,p=1} startReservedThread p=1
13:18:54.622 [qtp853429147-110] DEBUG org.eclipse.jetty.util.thread.QueuedThreadPool - queue ReservedThreadExecutor@7a292eba{s=0/1,p=1}@7d5f4549 startThread=0
13:18:54.622 [qtp853429147-112] DEBUG org.eclipse.jetty.util.thread.QueuedThreadPool - run ReservedThreadExecutor@7a292eba{s=0/1,p=1}@7d5f4549 in QueuedThreadPool[qtp853429147]@32de4b9b{STARTED,8<=8<=14,i=1,r=1,q=0}[ReservedThreadExecutor@7a292eba{s=0/1,p=1}]
13:18:54.622 [qtp853429147-112] DEBUG org.eclipse.jetty.util.thread.ReservedThreadExecutor - ReservedThreadExecutor@7a292eba{s=1/1,p=1}@7d5f4549 started
13:18:54.622 [qtp853429147-112] DEBUG org.eclipse.jetty.util.thread.ReservedThreadExecutor - ReservedThreadExecutor@7a292eba{s=1/1,p=0}@7d5f4549 waiting
13:18:54.622 [qtp853429147-110] DEBUG org.eclipse.jetty.util.thread.strategy.EatWhatYouKill - EatWhatYouKill@61ce6731/SelectorProducer@20cb10e8/IDLE/p=true/QueuedThreadPool[qtp853429147]@32de4b9b{STARTED,8<=8<=14,i=1,r=1,q=0}[ReservedThreadExecutor@7a292eba{s=0/1,p=1}][pc=0,pic=0,pec=1,epc=1]@2020-09-25T13:18:54.6223235+02:00 m=EXECUTE_PRODUCE_CONSUME t=CEP:NetworkTrafficSocketChannelEndPoint@64307ead{/127.0.0.1:65036<->/127.0.0.1:8080,OPEN,fill=FI,flush=-,to=12/30000}{io=1/0,kio=1,kro=1}->HttpConnection@4c6840a2[p=HttpParser{s=START,0 of -1},g=HttpGenerator@1aab1830{s=START}]=>HttpChannelOverHttp@6ec815dd{s=HttpChannelState@2bca9660{s=IDLE rs=BLOCKING os=OPEN is=IDLE awp=false se=false i=true al=0},r=2,c=false/false,a=IDLE,uri=null,age=0}:runFillable:BLOCKING/BLOCKING
13:18:54.622 [qtp853429147-111] DEBUG org.eclipse.jetty.util.thread.ReservedThreadExecutor - ReservedThreadExecutor@7a292eba{s=0/1,p=1}@529b3944 task=EatWhatYouKill@61ce6731/SelectorProducer@20cb10e8/IDLE/p=true/QueuedThreadPool[qtp853429147]@32de4b9b{STARTED,8<=8<=14,i=1,r=1,q=0}[ReservedThreadExecutor@7a292eba{s=0/1,p=1}][pc=0,pic=0,pec=1,epc=1]@2020-09-25T13:18:54.6223235+02:00
13:18:54.622 [qtp853429147-110] DEBUG org.eclipse.jetty.io.FillInterest - fillable FillInterest@34e39045{AC.ReadCB@4c6840a2{HttpConnection@4c6840a2::NetworkTrafficSocketChannelEndPoint@64307ead{/127.0.0.1:65036<->/127.0.0.1:8080,OPEN,fill=FI,flush=-,to=12/30000}{io=1/0,kio=1,kro=1}->HttpConnection@4c6840a2[p=HttpParser{s=START,0 of -1},g=HttpGenerator@1aab1830{s=START}]=>HttpChannelOverHttp@6ec815dd{s=HttpChannelState@2bca9660{s=IDLE rs=BLOCKING os=OPEN is=IDLE awp=false se=false i=true al=0},r=2,c=false/false,a=IDLE,uri=null,age=0}}}
13:18:54.622 [qtp853429147-111] DEBUG org.eclipse.jetty.util.thread.strategy.EatWhatYouKill - EatWhatYouKill@61ce6731/SelectorProducer@20cb10e8/IDLE/p=true/QueuedThreadPool[qtp853429147]@32de4b9b{STARTED,8<=8<=14,i=1,r=1,q=0}[ReservedThreadExecutor@7a292eba{s=1/1,p=0}][pc=0,pic=0,pec=1,epc=2]@2020-09-25T13:18:54.6223235+02:00 tryProduce true
13:18:54.623 [qtp853429147-110] DEBUG org.eclipse.jetty.server.HttpConnection - HttpConnection@4c6840a2::NetworkTrafficSocketChannelEndPoint@64307ead{/127.0.0.1:65036<->/127.0.0.1:8080,OPEN,fill=-,flush=-,to=12/30000}{io=1/0,kio=1,kro=1}->HttpConnection@4c6840a2[p=HttpParser{s=START,0 of -1},g=HttpGenerator@1aab1830{s=START}]=>HttpChannelOverHttp@6ec815dd{s=HttpChannelState@2bca9660{s=IDLE rs=BLOCKING os=OPEN is=IDLE awp=false se=false i=true al=0},r=2,c=false/false,a=IDLE,uri=null,age=0} onFillable enter HttpChannelState@2bca9660{s=IDLE rs=BLOCKING os=OPEN is=IDLE awp=false se=false i=true al=0} null
13:18:54.623 [qtp853429147-111] DEBUG org.eclipse.jetty.io.ManagedSelector - updateable 0
13:18:54.623 [qtp853429147-111] DEBUG org.eclipse.jetty.io.ManagedSelector - updates 0
13:18:54.623 [qtp853429147-110] DEBUG org.eclipse.jetty.io.ChannelEndPoint - filled 900 HeapByteBuffer@b72e34d[p=0,l=900,c=8192,r=900]={<<<POST /__admin/mappings HT...rioState" : "logged"\r\n}>>>\x00\x00\x00\x00\x00\x00\x00\x00\x00...\x00\x00\x00\x00\x00\x00\x00}
13:18:54.623 [qtp853429147-110] DEBUG org.eclipse.jetty.server.HttpConnection - HttpConnection@4c6840a2::NetworkTrafficSocketChannelEndPoint@64307ead{/127.0.0.1:65036<->/127.0.0.1:8080,OPEN,fill=-,flush=-,to=0/30000}{io=0/0,kio=0,kro=1}->HttpConnection@4c6840a2[p=HttpParser{s=START,0 of -1},g=HttpGenerator@1aab1830{s=START}]=>HttpChannelOverHttp@6ec815dd{s=HttpChannelState@2bca9660{s=IDLE rs=BLOCKING os=OPEN is=IDLE awp=false se=false i=true al=0},r=2,c=false/false,a=IDLE,uri=null,age=0} filled 900 HeapByteBuffer@b72e34d[p=0,l=900,c=8192,r=900]={<<<POST /__admin/mappings HT...rioState" : "logged"\r\n}>>>\x00\x00\x00\x00\x00\x00\x00\x00\x00...\x00\x00\x00\x00\x00\x00\x00}
13:18:54.623 [qtp853429147-111] DEBUG org.eclipse.jetty.io.ChannelEndPoint - Key interests updated 1 -> 0 on NetworkTrafficSocketChannelEndPoint@64307ead{/127.0.0.1:65036<->/127.0.0.1:8080,OPEN,fill=-,flush=-,to=0/30000}{io=0/0,kio=0,kro=1}->HttpConnection@4c6840a2[p=HttpParser{s=START,0 of -1},g=HttpGenerator@1aab1830{s=START}]=>HttpChannelOverHttp@6ec815dd{s=HttpChannelState@2bca9660{s=IDLE rs=BLOCKING os=OPEN is=IDLE awp=false se=false i=true al=0},r=2,c=false/false,a=IDLE,uri=null,age=0}
13:18:54.623 [qtp853429147-111] DEBUG org.eclipse.jetty.io.ManagedSelector - Selector sun.nio.ch.WindowsSelectorImpl@1d61dea3 waiting with 1 keys
13:18:54.623 [qtp853429147-110] DEBUG org.eclipse.jetty.server.HttpConnection - HttpConnection@4c6840a2::NetworkTrafficSocketChannelEndPoint@64307ead{/127.0.0.1:65036<->/127.0.0.1:8080,OPEN,fill=-,flush=-,to=0/30000}{io=0/0,kio=0,kro=1}->HttpConnection@4c6840a2[p=HttpParser{s=START,0 of -1},g=HttpGenerator@1aab1830{s=START}]=>HttpChannelOverHttp@6ec815dd{s=HttpChannelState@2bca9660{s=IDLE rs=BLOCKING os=OPEN is=IDLE awp=false se=false i=true al=0},r=2,c=false/false,a=IDLE,uri=null,age=0} parse HeapByteBuffer@b72e34d[p=0,l=900,c=8192,r=900]={<<<POST /__admin/mappings HT...rioState" : "logged"\r\n}>>>\x00\x00\x00\x00\x00\x00\x00\x00\x00...\x00\x00\x00\x00\x00\x00\x00} {}
13:18:54.623 [qtp853429147-110] DEBUG org.eclipse.jetty.http.HttpParser - parseNext s=START HeapByteBuffer@b72e34d[p=0,l=900,c=8192,r=900]={<<<POST /__admin/mappings HT...rioState" : "logged"\r\n}>>>\x00\x00\x00\x00\x00\x00\x00\x00\x00...\x00\x00\x00\x00\x00\x00\x00}
13:18:54.623 [qtp853429147-110] DEBUG org.eclipse.jetty.http.HttpParser - START --> SPACE1
13:18:54.623 [qtp853429147-110] DEBUG org.eclipse.jetty.http.HttpParser - SPACE1 --> URI
13:18:54.623 [qtp853429147-110] DEBUG org.eclipse.jetty.http.HttpParser - URI --> SPACE2
13:18:54.623 [qtp853429147-110] DEBUG org.eclipse.jetty.http.HttpParser - SPACE2 --> REQUEST_VERSION
13:18:54.623 [qtp853429147-110] DEBUG org.eclipse.jetty.http.HttpParser - REQUEST_VERSION --> HEADER
13:18:54.623 [qtp853429147-110] DEBUG org.eclipse.jetty.http.HttpParser - HEADER:Content-Length --> VALUE
13:18:54.623 [qtp853429147-110] DEBUG org.eclipse.jetty.http.HttpParser - HEADER:Content-Length --> IN_VALUE
13:18:54.623 [qtp853429147-110] DEBUG org.eclipse.jetty.http.HttpParser - HEADER:Content-Length --> FIELD
13:18:54.623 [qtp853429147-110] DEBUG org.eclipse.jetty.http.HttpParser - HEADER:Content-Type: text/plain; charset=UTF-8 --> IN_VALUE
13:18:54.623 [qtp853429147-110] DEBUG org.eclipse.jetty.http.HttpParser - HEADER:Content-Type: text/plain; charset=UTF-8 --> FIELD
13:18:54.623 [qtp853429147-110] DEBUG org.eclipse.jetty.http.HttpParser - HEADER:Host: localhost:8080 --> IN_VALUE
13:18:54.623 [qtp853429147-110] DEBUG org.eclipse.jetty.http.HttpParser - HEADER:Host: localhost:8080 --> FIELD
13:18:54.623 [qtp853429147-110] DEBUG org.eclipse.jetty.http.HttpParser - HEADER:Connection: keep-alive --> IN_VALUE
13:18:54.623 [qtp853429147-110] DEBUG org.eclipse.jetty.http.HttpParser - HEADER:Connection: keep-alive --> FIELD
13:18:54.624 [qtp853429147-110] DEBUG org.eclipse.jetty.http.HttpParser - HEADER:User-Agent: Apache-HttpClient/4.5.12 (Java/11.0.2) --> IN_VALUE
13:18:54.624 [qtp853429147-110] DEBUG org.eclipse.jetty.http.HttpParser - HEADER:User-Agent: Apache-HttpClient/4.5.12 (Java/11.0.2) --> FIELD
13:18:54.624 [qtp853429147-110] DEBUG org.eclipse.jetty.http.HttpParser - HEADER --> CONTENT
13:18:54.624 [qtp853429147-110] DEBUG org.eclipse.jetty.server.HttpChannel - REQUEST for //localhost:8080/__admin/mappings on HttpChannelOverHttp@6ec815dd{s=HttpChannelState@2bca9660{s=IDLE rs=BLOCKING os=OPEN is=IDLE awp=false se=false i=true al=0},r=3,c=false/false,a=IDLE,uri=//localhost:8080/__admin/mappings,age=0}
POST //localhost:8080/__admin/mappings HTTP/1.1
Content-Length: 705
Content-Type: text/plain; charset=UTF-8
Host: localhost:8080
Connection: keep-alive
User-Agent: Apache-HttpClient/4.5.12 (Java/11.0.2)


13:18:54.624 [qtp853429147-110] DEBUG org.eclipse.jetty.server.HttpConnection - HttpConnection@4c6840a2::NetworkTrafficSocketChannelEndPoint@64307ead{/127.0.0.1:65036<->/127.0.0.1:8080,OPEN,fill=-,flush=-,to=1/30000}{io=0/0,kio=0,kro=1}->HttpConnection@4c6840a2[p=HttpParser{s=CONTENT,0 of 705},g=HttpGenerator@1aab1830{s=START}]=>HttpChannelOverHttp@6ec815dd{s=HttpChannelState@2bca9660{s=IDLE rs=BLOCKING os=OPEN is=IDLE awp=false se=false i=true al=0},r=3,c=false/false,a=IDLE,uri=//localhost:8080/__admin/mappings,age=0} parsed true HttpParser{s=CONTENT,0 of 705}
13:18:54.624 [qtp853429147-110] DEBUG org.eclipse.jetty.server.HttpChannel - handle //localhost:8080/__admin/mappings HttpChannelOverHttp@6ec815dd{s=HttpChannelState@2bca9660{s=IDLE rs=BLOCKING os=OPEN is=IDLE awp=false se=false i=true al=0},r=3,c=false/false,a=IDLE,uri=//localhost:8080/__admin/mappings,age=0} 
13:18:54.624 [qtp853429147-110] DEBUG org.eclipse.jetty.server.HttpChannelState - handling HttpChannelState@2bca9660{s=IDLE rs=BLOCKING os=OPEN is=IDLE awp=false se=false i=true al=0}
13:18:54.624 [qtp853429147-110] DEBUG org.eclipse.jetty.server.HttpChannel - action DISPATCH HttpChannelOverHttp@6ec815dd{s=HttpChannelState@2bca9660{s=HANDLING rs=BLOCKING os=OPEN is=IDLE awp=false se=false i=true al=0},r=3,c=false/false,a=HANDLING,uri=//localhost:8080/__admin/mappings,age=0}
13:18:54.624 [qtp853429147-110] DEBUG org.eclipse.jetty.server.Server - REQUEST POST /__admin/mappings on HttpChannelOverHttp@6ec815dd{s=HttpChannelState@2bca9660{s=HANDLING rs=BLOCKING os=OPEN is=IDLE awp=false se=false i=true al=0},r=3,c=false/false,a=HANDLING,uri=//localhost:8080/__admin/mappings,age=0}
13:18:54.624 [qtp853429147-110] DEBUG org.eclipse.jetty.server.handler.ContextHandler - scope null||/__admin/mappings @ o.e.j.s.ServletContextHandler@5e5ac5d9{/__admin,null,AVAILABLE}
13:18:54.624 [qtp853429147-110] DEBUG org.eclipse.jetty.server.handler.ContextHandler - context=/__admin||/mappings @ o.e.j.s.ServletContextHandler@5e5ac5d9{/__admin,null,AVAILABLE}
13:18:54.624 [qtp853429147-110] DEBUG org.eclipse.jetty.servlet.ServletHandler - servlet /__admin|/mappings|null -> com.github.tomakehurst.wiremock.servlet.WireMockHandlerDispatchingServlet-71d5940b@7d861f86==com.github.tomakehurst.wiremock.servlet.WireMockHandlerDispatchingServlet,jsp=null,order=-1,inst=true,async=true
13:18:54.624 [qtp853429147-110] DEBUG org.eclipse.jetty.servlet.ServletHandler - chain=org.eclipse.jetty.servlets.CrossOriginFilter-28fc3acf@28fc3acf==org.eclipse.jetty.servlets.CrossOriginFilter,inst=true,async=true->com.github.tomakehurst.wiremock.servlet.WireMockHandlerDispatchingServlet-71d5940b@7d861f86==com.github.tomakehurst.wiremock.servlet.WireMockHandlerDispatchingServlet,jsp=null,order=-1,inst=true,async=true
13:18:54.624 [qtp853429147-110] DEBUG org.eclipse.jetty.servlet.ServletHandler - call filter org.eclipse.jetty.servlets.CrossOriginFilter-28fc3acf@28fc3acf==org.eclipse.jetty.servlets.CrossOriginFilter,inst=true,async=true
13:18:54.624 [qtp853429147-110] DEBUG org.eclipse.jetty.servlet.ServletHandler - call servlet com.github.tomakehurst.wiremock.servlet.WireMockHandlerDispatchingServlet-71d5940b@7d861f86==com.github.tomakehurst.wiremock.servlet.WireMockHandlerDispatchingServlet,jsp=null,order=-1,inst=true,async=true
13:18:54.625 [qtp853429147-110] DEBUG org.eclipse.jetty.server.HttpConnection - HttpConnection@4c6840a2::NetworkTrafficSocketChannelEndPoint@64307ead{/127.0.0.1:65036<->/127.0.0.1:8080,OPEN,fill=-,flush=-,to=1/30000}{io=0/0,kio=0,kro=1}->HttpConnection@4c6840a2[p=HttpParser{s=CONTENT,0 of 705},g=HttpGenerator@1aab1830{s=START}]=>HttpChannelOverHttp@6ec815dd{s=HttpChannelState@2bca9660{s=HANDLING rs=BLOCKING os=OPEN is=IDLE awp=false se=false i=true al=0},r=3,c=false/false,a=HANDLING,uri=//localhost:8080/__admin/mappings,age=1} parse HeapByteBuffer@b72e34d[p=195,l=900,c=8192,r=705]={POST /__a....2)\r\n\r\n<<<{\r\n  "id" : "07ecc0d2-7af...rioState" : "logged"\r\n}>>>\x00\x00\x00\x00\x00\x00\x00\x00\x00...\x00\x00\x00\x00\x00\x00\x00} {}
13:18:54.625 [qtp853429147-110] DEBUG org.eclipse.jetty.http.HttpParser - parseNext s=CONTENT HeapByteBuffer@b72e34d[p=195,l=900,c=8192,r=705]={POST /__a....2)\r\n\r\n<<<{\r\n  "id" : "07ecc0d2-7af...rioState" : "logged"\r\n}>>>\x00\x00\x00\x00\x00\x00\x00\x00\x00...\x00\x00\x00\x00\x00\x00\x00}
13:18:54.625 [qtp853429147-110] DEBUG org.eclipse.jetty.server.HttpChannel - onContent HttpChannelOverHttp@6ec815dd{s=HttpChannelState@2bca9660{s=HANDLING rs=BLOCKING os=OPEN is=IDLE awp=false se=false i=true al=0},r=3,c=false/false,a=HANDLING,uri=//localhost:8080/__admin/mappings,age=1} Content@7398b492{HeapByteBufferR@77a72e39[p=195,l=900,c=8192,r=705]={POST /__a....2)\r\n\r\n<<<{\r\n  "id" : "07ecc0d2-7af...rioState" : "logged"\r\n}>>>\x00\x00\x00\x00\x00\x00\x00\x00\x00...\x00\x00\x00\x00\x00\x00\x00}}
13:18:54.625 [qtp853429147-110] DEBUG org.eclipse.jetty.server.HttpInput - HttpInputOverHTTP@58fced3f[c=0,q=0,[0]=null,s=STREAM] addContent Content@7398b492{HeapByteBufferR@77a72e39[p=195,l=900,c=8192,r=705]={POST /__a....2)\r\n\r\n<<<{\r\n  "id" : "07ecc0d2-7af...rioState" : "logged"\r\n}>>>\x00\x00\x00\x00\x00\x00\x00\x00\x00...\x00\x00\x00\x00\x00\x00\x00}}
13:18:54.625 [qtp853429147-110] DEBUG org.eclipse.jetty.http.HttpParser - CONTENT --> CONTENT_END
13:18:54.625 [qtp853429147-110] DEBUG org.eclipse.jetty.server.HttpChannel - onContentComplete HttpChannelOverHttp@6ec815dd{s=HttpChannelState@2bca9660{s=HANDLING rs=BLOCKING os=OPEN is=IDLE awp=false se=false i=true al=0},r=3,c=false/false,a=HANDLING,uri=//localhost:8080/__admin/mappings,age=1}
13:18:54.625 [qtp853429147-110] DEBUG org.eclipse.jetty.http.HttpParser - CONTENT_END --> END
13:18:54.625 [qtp853429147-110] DEBUG org.eclipse.jetty.server.HttpChannel - onRequestComplete HttpChannelOverHttp@6ec815dd{s=HttpChannelState@2bca9660{s=HANDLING rs=BLOCKING os=OPEN is=IDLE awp=false se=false i=true al=0},r=3,c=false/false,a=HANDLING,uri=//localhost:8080/__admin/mappings,age=1}
13:18:54.625 [qtp853429147-110] DEBUG org.eclipse.jetty.server.HttpInput - HttpInputOverHTTP@58fced3f[c=0,q=1,[0]=EOF,s=STREAM] addContent EOF
13:18:54.625 [qtp853429147-110] DEBUG org.eclipse.jetty.server.HttpConnection - HttpConnection@4c6840a2::NetworkTrafficSocketChannelEndPoint@64307ead{/127.0.0.1:65036<->/127.0.0.1:8080,OPEN,fill=-,flush=-,to=2/30000}{io=0/0,kio=0,kro=1}->HttpConnection@4c6840a2[p=HttpParser{s=END,705 of 705},g=HttpGenerator@1aab1830{s=START}]=>HttpChannelOverHttp@6ec815dd{s=HttpChannelState@2bca9660{s=HANDLING rs=BLOCKING os=OPEN is=IDLE awp=false se=false i=true al=0},r=3,c=false/false,a=HANDLING,uri=//localhost:8080/__admin/mappings,age=1} parsed false HttpParser{s=END,705 of 705}
13:18:54.625 [qtp853429147-110] DEBUG org.eclipse.jetty.server.HttpInput - HttpInputOverHTTP@58fced3f[c=705,q=1,[0]=EOF,s=STREAM] read 705 from Content@7398b492{HeapByteBufferR@77a72e39[p=900,l=900,c=8192,r=0]={POST /__a...ged"\r\n}<<<>>>\x00\x00\x00\x00\x00\x00\x00\x00\x00...\x00\x00\x00\x00\x00\x00\x00}}
13:18:54.625 [qtp853429147-110] DEBUG org.eclipse.jetty.server.HttpConnection - releaseRequestBuffer HttpConnection@4c6840a2::NetworkTrafficSocketChannelEndPoint@64307ead{/127.0.0.1:65036<->/127.0.0.1:8080,OPEN,fill=-,flush=-,to=2/30000}{io=0/0,kio=0,kro=1}->HttpConnection@4c6840a2[p=HttpParser{s=END,705 of 705},g=HttpGenerator@1aab1830{s=START}]=>HttpChannelOverHttp@6ec815dd{s=HttpChannelState@2bca9660{s=HANDLING rs=BLOCKING os=OPEN is=IDLE awp=false se=false i=true al=0},r=3,c=false/false,a=HANDLING,uri=//localhost:8080/__admin/mappings,age=1}
13:18:54.625 [qtp853429147-110] DEBUG org.eclipse.jetty.server.HttpChannelState - onEof HttpChannelState@2bca9660{s=HANDLING rs=BLOCKING os=OPEN is=IDLE awp=false se=false i=true al=0}
13:18:54.648 [qtp853429147-110] DEBUG org.eclipse.jetty.server.HttpOutput - write(array HeapByteBuffer@35dcea5[p=0,l=705,c=8192,r=705]={<<<{\r\n  "id" : "07ecc0d2-7af...rioState" : "logged"\r\n}>>>\x00\x00\x00\x00\x00\x00\x00\x00\x00...\x00\x00\x00\x00\x00\x00\x00})
13:18:54.648 [qtp853429147-110] DEBUG org.eclipse.jetty.server.HttpOutput - write(array) s=OPEN,api=BLOCKING,sc=false,e=null aggregated !flush DirectByteBuffer@2018100a[p=0,l=705,c=32768,r=705]={<<<{\r\n  "id" : "07ecc0d2-7af...rioState" : "logged"\r\n}>>>\x00\x00\x00\x00\x00\x00\x00\x00\x00...\x00\x00\x00\x00\x00\x00\x00}
13:18:54.648 [qtp853429147-110] DEBUG org.eclipse.jetty.server.HttpChannel - sendResponse info=null content=DirectByteBuffer@2018100a[p=0,l=705,c=32768,r=705]={<<<{\r\n  "id" : "07ecc0d2-7af...rioState" : "logged"\r\n}>>>\x00\x00\x00\x00\x00\x00\x00\x00\x00...\x00\x00\x00\x00\x00\x00\x00} complete=false committing=true callback=Blocker@24a7f927{null}
13:18:54.649 [qtp853429147-110] DEBUG org.eclipse.jetty.server.HttpChannel - COMMIT for /__admin/mappings on HttpChannelOverHttp@6ec815dd{s=HttpChannelState@2bca9660{s=HANDLING rs=BLOCKING os=COMMITTED is=READY awp=false se=false i=true al=0},r=3,c=false/false,a=HANDLING,uri=//localhost:8080/__admin/mappings,age=25}
201 null HTTP/1.1
Content-Type: application/json


13:18:54.649 [qtp853429147-110] DEBUG org.eclipse.jetty.server.HttpConnection - generate: NEED_HEADER for org.eclipse.jetty.server.HttpConnection$SendCallback@1b8d6d99[PROCESSING][i=HTTP/1.1{s=201,h=1,cl=-1},cb=org.eclipse.jetty.server.HttpChannel$SendCallback@4d45fe11] (null,[p=0,l=705,c=32768,r=705],false)@START
13:18:54.649 [qtp853429147-110] DEBUG org.eclipse.jetty.http.HttpGenerator - generateHeaders HTTP/1.1{s=201,h=1,cl=-1} last=false content=DirectByteBuffer@2018100a[p=0,l=705,c=32768,r=705]={<<<{\r\n  "id" : "07ecc0d2-7af...rioState" : "logged"\r\n}>>>\x00\x00\x00\x00\x00\x00\x00\x00\x00...\x00\x00\x00\x00\x00\x00\x00}
13:18:54.649 [qtp853429147-110] DEBUG org.eclipse.jetty.http.HttpGenerator - Content-Type: application/json


13:18:54.649 [qtp853429147-110] DEBUG org.eclipse.jetty.http.HttpGenerator - CHUNKED_CONTENT
13:18:54.649 [qtp853429147-110] DEBUG org.eclipse.jetty.server.HttpConnection - generate: FLUSH for org.eclipse.jetty.server.HttpConnection$SendCallback@1b8d6d99[PROCESSING][i=HTTP/1.1{s=201,h=1,cl=-1},cb=org.eclipse.jetty.server.HttpChannel$SendCallback@4d45fe11] ([p=0,l=122,c=8192,r=122],[p=0,l=705,c=32768,r=705],false)@COMMITTED
13:18:54.649 [qtp853429147-110] DEBUG org.eclipse.jetty.io.WriteFlusher - write: WriteFlusher@3b1c99a4{IDLE}->null [HeapByteBuffer@b72e34d[p=0,l=122,c=8192,r=122]={<<<HTTP/1.1 201 Created\r\nCon....28.v20200408)\r\n\r\n2C1\r\n>>>ction: Ke...\x00\x00\x00\x00\x00\x00\x00},DirectByteBuffer@2018100a[p=0,l=705,c=32768,r=705]={<<<{\r\n  "id" : "07ecc0d2-7af...rioState" : "logged"\r\n}>>>\x00\x00\x00\x00\x00\x00\x00\x00\x00...\x00\x00\x00\x00\x00\x00\x00}]
13:18:54.649 [qtp853429147-110] DEBUG org.eclipse.jetty.io.WriteFlusher - update WriteFlusher@3b1c99a4{WRITING}->null:IDLE-->WRITING
13:18:54.649 [qtp853429147-110] DEBUG org.eclipse.jetty.io.ChannelEndPoint - flushed 122 NetworkTrafficSocketChannelEndPoint@64307ead{/127.0.0.1:65036<->/127.0.0.1:8080,OPEN,fill=-,flush=W,to=26/30000}{io=0/0,kio=0,kro=1}->HttpConnection@4c6840a2[p=HttpParser{s=END,705 of 705},g=HttpGenerator@1aab1830{s=COMMITTED}]=>HttpChannelOverHttp@6ec815dd{s=HttpChannelState@2bca9660{s=HANDLING rs=BLOCKING os=COMMITTED is=READY awp=false se=false i=true al=0},r=3,c=false/false,a=HANDLING,uri=//localhost:8080/__admin/mappings,age=25}
13:18:54.649 [qtp853429147-110] DEBUG org.eclipse.jetty.io.ChannelEndPoint - flushed 705 NetworkTrafficSocketChannelEndPoint@64307ead{/127.0.0.1:65036<->/127.0.0.1:8080,OPEN,fill=-,flush=W,to=0/30000}{io=0/0,kio=0,kro=1}->HttpConnection@4c6840a2[p=HttpParser{s=END,705 of 705},g=HttpGenerator@1aab1830{s=COMMITTED}]=>HttpChannelOverHttp@6ec815dd{s=HttpChannelState@2bca9660{s=HANDLING rs=BLOCKING os=COMMITTED is=READY awp=false se=false i=true al=0},r=3,c=false/false,a=HANDLING,uri=//localhost:8080/__admin/mappings,age=25}
13:18:54.649 [qtp853429147-110] DEBUG org.eclipse.jetty.io.WriteFlusher - Flushed=true written=827 remaining=0 WriteFlusher@3b1c99a4{WRITING}->null
13:18:54.649 [qtp853429147-110] DEBUG org.eclipse.jetty.io.WriteFlusher - update WriteFlusher@3b1c99a4{IDLE}->null:WRITING-->IDLE
13:18:54.649 [qtp853429147-110] DEBUG org.eclipse.jetty.server.HttpConnection - generate: DONE for org.eclipse.jetty.server.HttpConnection$SendCallback@1b8d6d99[PROCESSING][i=HTTP/1.1{s=201,h=1,cl=-1},cb=org.eclipse.jetty.server.HttpChannel$SendCallback@4d45fe11] ([p=122,l=122,c=8192,r=0],[p=705,l=705,c=32768,r=0],false)@COMMITTED
13:18:54.650 [qtp853429147-110] DEBUG org.eclipse.jetty.server.HttpOutput - onWriteComplete(false,null) s=OPEN,api=BLOCKED,sc=false,e=null->s=OPEN,api=BLOCKING,sc=false,e=null c=null cb=null w=false
13:18:54.650 [Test worker] DEBUG org.apache.http.wire - http-outgoing-5 << "HTTP/1.1 201 Created[\r][\n]"
13:18:54.650 [Test worker] DEBUG org.apache.http.wire - http-outgoing-5 << "Content-Type: application/json[\r][\n]"
13:18:54.650 [qtp853429147-110] DEBUG org.eclipse.jetty.server.HttpOutput - close() s=CLOSING,api=BLOCKED,sc=false,e=null c=HeapByteBuffer@137d328[p=0,l=0,c=0,r=0]={<<<>>>} b=Blocker@24a7f927{null}
13:18:54.650 [Test worker] DEBUG org.apache.http.wire - http-outgoing-5 << "Transfer-Encoding: chunked[\r][\n]"
13:18:54.650 [qtp853429147-110] DEBUG org.eclipse.jetty.server.HttpChannel - sendResponse info=null content=HeapByteBuffer@137d328[p=0,l=0,c=0,r=0]={<<<>>>} complete=true committing=false callback=Blocker@24a7f927{null}
13:18:54.650 [Test worker] DEBUG org.apache.http.wire - http-outgoing-5 << "Server: Jetty(9.4.28.v20200408)[\r][\n]"
13:18:54.650 [Test worker] DEBUG org.apache.http.wire - http-outgoing-5 << "[\r][\n]"
13:18:54.650 [Test worker] DEBUG org.apache.http.wire - http-outgoing-5 << "2C1[\r][\n]"
13:18:54.650 [Test worker] DEBUG org.apache.http.wire - http-outgoing-5 << "{[\r][\n]"
13:18:54.650 [Test worker] DEBUG org.apache.http.wire - http-outgoing-5 << "  "id" : "07ecc0d2-7af8-40fc-bc53-65f8f8a1c55f",[\r][\n]"
13:18:54.650 [Test worker] DEBUG org.apache.http.wire - http-outgoing-5 << "  "request" : {[\r][\n]"
13:18:54.650 [Test worker] DEBUG org.apache.http.wire - http-outgoing-5 << "    "url" : "/api/v0/components/provision-adapters/jobs/4886639d-5d96-440b-b467-0b386be7969c",[\r][\n]"
13:18:54.650 [Test worker] DEBUG org.apache.http.wire - http-outgoing-5 << "    "method" : "GET",[\r][\n]"
13:18:54.650 [qtp853429147-110] DEBUG org.eclipse.jetty.server.HttpConnection - generate: CONTINUE for org.eclipse.jetty.server.HttpConnection$SendCallback@1b8d6d99[PROCESSING][i=null,cb=org.eclipse.jetty.server.HttpChannel$SendCallback@528a41e6] (null,[p=0,l=0,c=0,r=0],true)@COMPLETING
13:18:54.650 [Test worker] DEBUG org.apache.http.wire - http-outgoing-5 << "    "headers" : {[\r][\n]"
13:18:54.650 [qtp853429147-110] DEBUG org.eclipse.jetty.server.HttpConnection - generate: NEED_CHUNK for org.eclipse.jetty.server.HttpConnection$SendCallback@1b8d6d99[PROCESSING][i=null,cb=org.eclipse.jetty.server.HttpChannel$SendCallback@528a41e6] (null,[p=0,l=0,c=0,r=0],true)@COMPLETING
13:18:54.650 [Test worker] DEBUG org.apache.http.wire - http-outgoing-5 << "      "Authorization" : {[\r][\n]"
13:18:54.650 [qtp853429147-110] DEBUG org.eclipse.jetty.server.HttpConnection - generate: FLUSH for org.eclipse.jetty.server.HttpConnection$SendCallback@1b8d6d99[PROCESSING][i=null,cb=org.eclipse.jetty.server.HttpChannel$SendCallback@528a41e6] (null,[p=0,l=0,c=0,r=0],true)@COMPLETING
13:18:54.650 [Test worker] DEBUG org.apache.http.wire - http-outgoing-5 << "        "equalTo" : "Bearer someToken"[\r][\n]"
13:18:54.650 [Test worker] DEBUG org.apache.http.wire - http-outgoing-5 << "      }[\r][\n]"
13:18:54.650 [Test worker] DEBUG org.apache.http.wire - http-outgoing-5 << "    }[\r][\n]"
13:18:54.650 [Test worker] DEBUG org.apache.http.wire - http-outgoing-5 << "  },[\r][\n]"
13:18:54.650 [qtp853429147-110] DEBUG org.eclipse.jetty.io.WriteFlusher - write: WriteFlusher@3b1c99a4{IDLE}->null [HeapByteBuffer@50786100[p=0,l=7,c=1024,r=7]={<<<\r\n0\r\n\r\n>>>\x00\x00\x00\x00\x00\x00\x00\x00\x00...\x00\x00\x00\x00\x00\x00\x00}]
13:18:54.650 [Test worker] DEBUG org.apache.http.wire - http-outgoing-5 << "  "response" : {[\r][\n]"
13:18:54.650 [Test worker] DEBUG org.apache.http.wire - http-outgoing-5 << "    "status" : 200,[\r][\n]"
13:18:54.650 [qtp853429147-110] DEBUG org.eclipse.jetty.io.WriteFlusher - update WriteFlusher@3b1c99a4{WRITING}->null:IDLE-->WRITING
13:18:54.650 [Test worker] DEBUG org.apache.http.wire - http-outgoing-5 << "    "body" : "{\"id\":\"4886639d-5d96-440b-b467-0b386be7969c\",\"componentInstance\":\"97feb42f-5368-48b6-9399-705a0ab1a7ab\",\"status\":\"NEW\",\"metadata\":null}",[\r][\n]"
13:18:54.650 [Test worker] DEBUG org.apache.http.wire - http-outgoing-5 << "    "headers" : {[\r][\n]"
13:18:54.650 [Test worker] DEBUG org.apache.http.wire - http-outgoing-5 << "      "Content-Type" : "application/json"[\r][\n]"
13:18:54.650 [Test worker] DEBUG org.apache.http.wire - http-outgoing-5 << "    }[\r][\n]"
13:18:54.650 [Test worker] DEBUG org.apache.http.wire - http-outgoing-5 << "  },[\r][\n]"
13:18:54.650 [Test worker] DEBUG org.apache.http.wire - http-outgoing-5 << "  "uuid" : "07ecc0d2-7af8-40fc-bc53-65f8f8a1c55f",[\r][\n]"
13:18:54.650 [Test worker] DEBUG org.apache.http.wire - http-outgoing-5 << "  "scenarioName" : "unAuthorized",[\r][\n]"
13:18:54.650 [Test worker] DEBUG org.apache.http.wire - http-outgoing-5 << "  "requiredScenarioState" : "logged"[\r][\n]"
13:18:54.650 [Test worker] DEBUG org.apache.http.wire - http-outgoing-5 << "}"
13:18:54.650 [qtp853429147-110] DEBUG org.eclipse.jetty.io.ChannelEndPoint - flushed 7 NetworkTrafficSocketChannelEndPoint@64307ead{/127.0.0.1:65036<->/127.0.0.1:8080,OPEN,fill=-,flush=W,to=0/30000}{io=0/0,kio=0,kro=1}->HttpConnection@4c6840a2[p=HttpParser{s=END,705 of 705},g=HttpGenerator@1aab1830{s=COMPLETING}]=>HttpChannelOverHttp@6ec815dd{s=HttpChannelState@2bca9660{s=HANDLING rs=BLOCKING os=COMMITTED is=READY awp=false se=false i=true al=0},r=3,c=false/false,a=HANDLING,uri=//localhost:8080/__admin/mappings,age=26}
13:18:54.650 [Test worker] DEBUG org.apache.http.headers - http-outgoing-5 << HTTP/1.1 201 Created
13:18:54.650 [qtp853429147-110] DEBUG org.eclipse.jetty.io.WriteFlusher - Flushed=true written=7 remaining=0 WriteFlusher@3b1c99a4{WRITING}->null
13:18:54.650 [Test worker] DEBUG org.apache.http.headers - http-outgoing-5 << Content-Type: application/json
13:18:54.650 [Test worker] DEBUG org.apache.http.headers - http-outgoing-5 << Transfer-Encoding: chunked
13:18:54.650 [Test worker] DEBUG org.apache.http.headers - http-outgoing-5 << Server: Jetty(9.4.28.v20200408)
13:18:54.650 [qtp853429147-110] DEBUG org.eclipse.jetty.io.WriteFlusher - update WriteFlusher@3b1c99a4{IDLE}->null:WRITING-->IDLE
13:18:54.650 [qtp853429147-110] DEBUG org.eclipse.jetty.server.HttpConnection - generate: DONE for org.eclipse.jetty.server.HttpConnection$SendCallback@1b8d6d99[PROCESSING][i=null,cb=org.eclipse.jetty.server.HttpChannel$SendCallback@528a41e6] (null,[p=0,l=0,c=0,r=0],true)@END
13:18:54.650 [qtp853429147-110] DEBUG org.eclipse.jetty.server.HttpOutput - onWriteComplete(true,null) s=CLOSING,api=BLOCKED,sc=false,e=null->s=CLOSED,api=BLOCKING,sc=false,e=null c=null cb=null w=false
13:18:54.651 [qtp853429147-110] DEBUG org.eclipse.jetty.server.handler.gzip.GzipHandler - GzipHandler@21af4110{STARTED,min=32,inflate=-1} handle Request[POST //localhost:8080/__admin/mappings]@29b19157 in null
13:18:54.651 [qtp853429147-110] DEBUG org.eclipse.jetty.server.handler.ContextHandler - scope null||/__admin/mappings @ o.e.j.s.ServletContextHandler@6e64e885{/,null,AVAILABLE}
13:18:54.651 [qtp853429147-110] DEBUG org.eclipse.jetty.server.Server - handled=true async=false committed=true on HttpChannelOverHttp@6ec815dd{s=HttpChannelState@2bca9660{s=HANDLING rs=BLOCKING os=COMPLETED is=READY awp=false se=false i=true al=0},r=3,c=false/true,a=HANDLING,uri=//localhost:8080/__admin/mappings,age=27}
13:18:54.651 [qtp853429147-110] DEBUG org.eclipse.jetty.server.HttpChannelState - unhandle HttpChannelState@2bca9660{s=HANDLING rs=BLOCKING os=COMPLETED is=READY awp=false se=false i=true al=0}
13:18:54.651 [qtp853429147-110] DEBUG org.eclipse.jetty.server.HttpChannelState - nextAction(false) COMPLETE HttpChannelState@2bca9660{s=HANDLING rs=COMPLETING os=COMPLETED is=READY awp=false se=false i=false al=0}
13:18:54.651 [qtp853429147-110] DEBUG org.eclipse.jetty.server.HttpChannel - action COMPLETE HttpChannelOverHttp@6ec815dd{s=HttpChannelState@2bca9660{s=HANDLING rs=COMPLETING os=COMPLETED is=READY awp=false se=false i=false al=0},r=3,c=false/true,a=HANDLING,uri=//localhost:8080/__admin/mappings,age=27}
13:18:54.651 [qtp853429147-110] DEBUG org.eclipse.jetty.server.HttpOutput - complete(org.eclipse.jetty.util.Callback$4@59d38116) s=CLOSED,api=BLOCKING,sc=false,e=null s=true e=null, c=null
13:18:54.651 [qtp853429147-110] DEBUG org.eclipse.jetty.server.HttpChannelState - completed HttpChannelState@2bca9660{s=HANDLING rs=COMPLETING os=COMPLETED is=READY awp=false se=false i=false al=0}
13:18:54.651 [qtp853429147-110] DEBUG org.eclipse.jetty.server.HttpChannelState - unhandle HttpChannelState@2bca9660{s=HANDLING rs=COMPLETED os=COMPLETED is=READY awp=false se=false i=false al=0}
13:18:54.651 [qtp853429147-110] DEBUG org.eclipse.jetty.server.HttpChannelState - nextAction(false) TERMINATED HttpChannelState@2bca9660{s=IDLE rs=COMPLETED os=COMPLETED is=READY awp=false se=false i=false al=0}
13:18:54.651 [qtp853429147-110] DEBUG org.eclipse.jetty.server.HttpChannel - action TERMINATED HttpChannelOverHttp@6ec815dd{s=HttpChannelState@2bca9660{s=IDLE rs=COMPLETED os=COMPLETED is=READY awp=false se=false i=false al=0},r=3,c=true/true,a=IDLE,uri=//localhost:8080/__admin/mappings,age=27}
13:18:54.651 [qtp853429147-110] DEBUG org.eclipse.jetty.server.HttpChannel - onCompleted for /__admin/mappings written=705
13:18:54.651 [qtp853429147-110] DEBUG org.eclipse.jetty.server.HttpChannelState - recycle HttpChannelState@2bca9660{s=IDLE rs=COMPLETED os=COMPLETED is=READY awp=false se=false i=false al=0}
13:18:54.651 [Test worker] DEBUG org.apache.http.impl.execchain.MainClientExec - Connection can be kept alive indefinitely
13:18:54.651 [qtp853429147-110] DEBUG org.eclipse.jetty.http.HttpParser - reset HttpParser{s=END,705 of 705}
13:18:54.651 [qtp853429147-110] DEBUG org.eclipse.jetty.http.HttpParser - END --> START
13:18:54.651 [qtp853429147-110] DEBUG org.eclipse.jetty.server.HttpChannel - !handle TERMINATED HttpChannelOverHttp@6ec815dd{s=HttpChannelState@2bca9660{s=IDLE rs=BLOCKING os=OPEN is=IDLE awp=false se=false i=true al=0},r=3,c=false/false,a=IDLE,uri=null,age=0}
13:18:54.652 [qtp853429147-110] DEBUG org.eclipse.jetty.io.ChannelEndPoint - filled 0 HeapByteBuffer@b72e34d[p=0,l=0,c=8192,r=0]={<<<>>>HTTP/1.1 ...\x00\x00\x00\x00\x00\x00\x00}
13:18:54.652 [qtp853429147-110] DEBUG org.eclipse.jetty.io.ChannelEndPoint - filled 0 HeapByteBuffer@b72e34d[p=0,l=0,c=8192,r=0]={<<<>>>HTTP/1.1 ...\x00\x00\x00\x00\x00\x00\x00}
13:18:54.652 [Test worker] DEBUG org.apache.http.wire - http-outgoing-5 << "[\r][\n]"
13:18:54.652 [Test worker] DEBUG org.apache.http.wire - http-outgoing-5 << "0[\r][\n]"
13:18:54.652 [Test worker] DEBUG org.apache.http.wire - http-outgoing-5 << "[\r][\n]"
13:18:54.652 [Test worker] DEBUG org.apache.http.impl.conn.PoolingHttpClientConnectionManager - Connection [id: 5][route: {}->http://localhost:8080] can be kept alive indefinitely
13:18:54.652 [Test worker] DEBUG org.apache.http.impl.conn.DefaultManagedHttpClientConnection - http-outgoing-5: set socket timeout to 0
13:18:54.652 [qtp853429147-110] DEBUG org.eclipse.jetty.server.HttpConnection - HttpConnection@4c6840a2::NetworkTrafficSocketChannelEndPoint@64307ead{/127.0.0.1:65036<->/127.0.0.1:8080,OPEN,fill=-,flush=-,to=1/30000}{io=0/0,kio=0,kro=1}->HttpConnection@4c6840a2[p=HttpParser{s=START,0 of -1},g=HttpGenerator@1aab1830{s=START}]=>HttpChannelOverHttp@6ec815dd{s=HttpChannelState@2bca9660{s=IDLE rs=BLOCKING os=OPEN is=IDLE awp=false se=false i=true al=0},r=3,c=false/false,a=IDLE,uri=null,age=0} filled 0 HeapByteBuffer@b72e34d[p=0,l=0,c=8192,r=0]={<<<>>>HTTP/1.1 ...\x00\x00\x00\x00\x00\x00\x00}
13:18:54.652 [Test worker] DEBUG org.apache.http.impl.conn.PoolingHttpClientConnectionManager - Connection released: [id: 5][route: {}->http://localhost:8080][total available: 1; route allocated: 1 of 5; total allocated: 1 of 50]
13:18:54.653 [qtp853429147-110] DEBUG org.eclipse.jetty.server.HttpConnection - HttpConnection@4c6840a2::NetworkTrafficSocketChannelEndPoint@64307ead{/127.0.0.1:65036<->/127.0.0.1:8080,OPEN,fill=-,flush=-,to=2/30000}{io=0/0,kio=0,kro=1}->HttpConnection@4c6840a2[p=HttpParser{s=START,0 of -1},g=HttpGenerator@1aab1830{s=START}]=>HttpChannelOverHttp@6ec815dd{s=HttpChannelState@2bca9660{s=IDLE rs=BLOCKING os=OPEN is=IDLE awp=false se=false i=true al=0},r=3,c=false/false,a=IDLE,uri=null,age=0} parse HeapByteBuffer@b72e34d[p=0,l=0,c=8192,r=0]={<<<>>>HTTP/1.1 ...\x00\x00\x00\x00\x00\x00\x00} {}
13:18:54.653 [qtp853429147-110] DEBUG org.eclipse.jetty.http.HttpParser - parseNext s=START HeapByteBuffer@b72e34d[p=0,l=0,c=8192,r=0]={<<<>>>HTTP/1.1 ...\x00\x00\x00\x00\x00\x00\x00}
13:18:54.653 [qtp853429147-110] DEBUG org.eclipse.jetty.server.HttpConnection - HttpConnection@4c6840a2::NetworkTrafficSocketChannelEndPoint@64307ead{/127.0.0.1:65036<->/127.0.0.1:8080,OPEN,fill=-,flush=-,to=2/30000}{io=0/0,kio=0,kro=1}->HttpConnection@4c6840a2[p=HttpParser{s=START,0 of -1},g=HttpGenerator@1aab1830{s=START}]=>HttpChannelOverHttp@6ec815dd{s=HttpChannelState@2bca9660{s=IDLE rs=BLOCKING os=OPEN is=IDLE awp=false se=false i=true al=0},r=3,c=false/false,a=IDLE,uri=null,age=0} parsed false HttpParser{s=START,0 of -1}
13:18:54.653 [qtp853429147-110] DEBUG org.eclipse.jetty.server.HttpConnection - releaseRequestBuffer HttpConnection@4c6840a2::NetworkTrafficSocketChannelEndPoint@64307ead{/127.0.0.1:65036<->/127.0.0.1:8080,OPEN,fill=-,flush=-,to=2/30000}{io=0/0,kio=0,kro=1}->HttpConnection@4c6840a2[p=HttpParser{s=START,0 of -1},g=HttpGenerator@1aab1830{s=START}]=>HttpChannelOverHttp@6ec815dd{s=HttpChannelState@2bca9660{s=IDLE rs=BLOCKING os=OPEN is=IDLE awp=false se=false i=true al=0},r=3,c=false/false,a=IDLE,uri=null,age=0}
13:18:54.653 [qtp853429147-110] DEBUG org.eclipse.jetty.io.AbstractConnection - fillInterested HttpConnection@4c6840a2::NetworkTrafficSocketChannelEndPoint@64307ead{/127.0.0.1:65036<->/127.0.0.1:8080,OPEN,fill=-,flush=-,to=3/30000}{io=0/0,kio=0,kro=1}->HttpConnection@4c6840a2[p=HttpParser{s=START,0 of -1},g=HttpGenerator@1aab1830{s=START}]=>HttpChannelOverHttp@6ec815dd{s=HttpChannelState@2bca9660{s=IDLE rs=BLOCKING os=OPEN is=IDLE awp=false se=false i=true al=0},r=3,c=false/false,a=IDLE,uri=null,age=0}
13:18:54.653 [qtp853429147-110] DEBUG org.eclipse.jetty.io.FillInterest - interested FillInterest@34e39045{AC.ReadCB@4c6840a2{HttpConnection@4c6840a2::NetworkTrafficSocketChannelEndPoint@64307ead{/127.0.0.1:65036<->/127.0.0.1:8080,OPEN,fill=FI,flush=-,to=0/30000}{io=0/0,kio=0,kro=1}->HttpConnection@4c6840a2[p=HttpParser{s=START,0 of -1},g=HttpGenerator@1aab1830{s=START}]=>HttpChannelOverHttp@6ec815dd{s=HttpChannelState@2bca9660{s=IDLE rs=BLOCKING os=OPEN is=IDLE awp=false se=false i=true al=0},r=3,c=false/false,a=IDLE,uri=null,age=0}}}
13:18:54.653 [qtp853429147-110] DEBUG org.eclipse.jetty.io.ChannelEndPoint - changeInterests p=false 0->1 for NetworkTrafficSocketChannelEndPoint@64307ead{/127.0.0.1:65036<->/127.0.0.1:8080,OPEN,fill=FI,flush=-,to=0/30000}{io=0/1,kio=0,kro=1}->HttpConnection@4c6840a2[p=HttpParser{s=START,0 of -1},g=HttpGenerator@1aab1830{s=START}]=>HttpChannelOverHttp@6ec815dd{s=HttpChannelState@2bca9660{s=IDLE rs=BLOCKING os=OPEN is=IDLE awp=false se=false i=true al=0},r=3,c=false/false,a=IDLE,uri=null,age=0}
13:18:54.653 [qtp853429147-110] DEBUG org.eclipse.jetty.io.ManagedSelector - Queued change org.eclipse.jetty.io.ChannelEndPoint$1@4be5692f on ManagedSelector@2e03eae5{STARTED} id=1 keys=1 selected=0 updates=0
13:18:54.653 [qtp853429147-110] DEBUG org.eclipse.jetty.io.ManagedSelector - Wakeup on submit ManagedSelector@2e03eae5{STARTED} id=1 keys=1 selected=0 updates=1
13:18:54.653 [qtp853429147-111] DEBUG org.eclipse.jetty.io.ManagedSelector - Selector sun.nio.ch.WindowsSelectorImpl@1d61dea3 woken with none selected
13:18:54.654 [qtp853429147-111] DEBUG org.eclipse.jetty.io.ManagedSelector - Selector sun.nio.ch.WindowsSelectorImpl@1d61dea3 woken up from select, 0/0/1 selected
13:18:54.654 [qtp853429147-111] DEBUG org.eclipse.jetty.io.ManagedSelector - Selector sun.nio.ch.WindowsSelectorImpl@1d61dea3 processing 0 keys, 1 updates
13:18:54.654 [qtp853429147-111] DEBUG org.eclipse.jetty.io.ManagedSelector - updateable 1
13:18:54.654 [qtp853429147-111] DEBUG org.eclipse.jetty.io.ManagedSelector - update org.eclipse.jetty.io.ChannelEndPoint$1@4be5692f
13:18:54.654 [qtp853429147-111] DEBUG org.eclipse.jetty.io.ChannelEndPoint - Key interests updated 0 -> 1 on NetworkTrafficSocketChannelEndPoint@64307ead{/127.0.0.1:65036<->/127.0.0.1:8080,OPEN,fill=FI,flush=-,to=0/30000}{io=1/1,kio=1,kro=1}->HttpConnection@4c6840a2[p=HttpParser{s=START,0 of -1},g=HttpGenerator@1aab1830{s=START}]=>HttpChannelOverHttp@6ec815dd{s=HttpChannelState@2bca9660{s=IDLE rs=BLOCKING os=OPEN is=IDLE awp=false se=false i=true al=0},r=3,c=false/false,a=IDLE,uri=null,age=0}
13:18:54.654 [qtp853429147-111] DEBUG org.eclipse.jetty.io.ManagedSelector - updates 0
13:18:54.654 [qtp853429147-111] DEBUG org.eclipse.jetty.io.ManagedSelector - Selector sun.nio.ch.WindowsSelectorImpl@1d61dea3 waiting with 1 keys
13:18:54.655 [qtp853429147-110] DEBUG org.eclipse.jetty.server.HttpConnection - HttpConnection@4c6840a2::NetworkTrafficSocketChannelEndPoint@64307ead{/127.0.0.1:65036<->/127.0.0.1:8080,OPEN,fill=FI,flush=-,to=0/30000}{io=0/1,kio=1,kro=1}->HttpConnection@4c6840a2[p=HttpParser{s=START,0 of -1},g=HttpGenerator@1aab1830{s=START}]=>HttpChannelOverHttp@6ec815dd{s=HttpChannelState@2bca9660{s=IDLE rs=BLOCKING os=OPEN is=IDLE awp=false se=false i=true al=0},r=3,c=false/false,a=IDLE,uri=null,age=0} onFillable exit HttpChannelState@2bca9660{s=IDLE rs=BLOCKING os=OPEN is=IDLE awp=false se=false i=true al=0} null
13:18:54.655 [qtp853429147-110] DEBUG org.eclipse.jetty.util.thread.ReservedThreadExecutor - ReservedThreadExecutor@7a292eba{s=1/1,p=0}@1799b5d3 size 1 > capacity
13:18:54.656 [qtp853429147-110] DEBUG org.eclipse.jetty.util.thread.QueuedThreadPool - ran ReservedThreadExecutor@7a292eba{s=1/1,p=0}@1799b5d3 in QueuedThreadPool[qtp853429147]@32de4b9b{STARTED,8<=8<=14,i=1,r=1,q=0}[ReservedThreadExecutor@7a292eba{s=1/1,p=0}]
13:18:54.664 [Test worker] DEBUG org.springframework.web.reactive.function.client.ExchangeFunctions - [38be82] HTTP GET http://localhost:8080/api/v0/components/provision-adapters/jobs/4886639d-5d96-440b-b467-0b386be7969c
13:18:54.763 [reactor-http-nio-4] DEBUG reactor.netty.resources.PooledConnectionProvider - [id: 0xec8c3365] Created a new pooled channel, now 1 active connections and 0 inactive connections
13:18:54.763 [reactor-http-nio-4] DEBUG reactor.netty.channel.BootstrapHandlers - [id: 0xec8c3365] Initialized pipeline DefaultChannelPipeline{(BootstrapHandlers$BootstrapInitializerHandler#0 = reactor.netty.channel.BootstrapHandlers$BootstrapInitializerHandler), (PooledConnectionProvider$PooledConnectionAllocator$PooledConnectionInitializer#0 = reactor.netty.resources.PooledConnectionProvider$PooledConnectionAllocator$PooledConnectionInitializer), (reactor.left.httpCodec = io.netty.handler.codec.http.HttpClientCodec), (reactor.right.reactiveBridge = reactor.netty.channel.ChannelOperationsHandler)}
13:18:54.815 [qtp1044854934-104] DEBUG org.eclipse.jetty.util.thread.QueuedThreadPool - ran qtp1044854934-104-acceptor-0@1dbb6a3a-NetworkTrafficServerConnector@382678b1{HTTP/1.1, (http/1.1)}{0.0.0.0:8080} in QueuedThreadPool[qtp1044854934]@3e473896{STOPPED,8<=0<=14,i=5,r=-1,q=0}[NO_TRY]
13:18:54.815 [qtp1044854934-104] DEBUG org.eclipse.jetty.util.thread.QueuedThreadPool - Thread[qtp1044854934-104,5,main] exited for QueuedThreadPool[qtp1044854934]@3e473896{STOPPED,8<=0<=14,i=5,r=-1,q=0}[NO_TRY]
13:18:54.863 [reactor-http-nio-4] DEBUG reactor.netty.resources.PooledConnectionProvider - [id: 0xec8c3365, L:/127.0.0.1:65037 - R:localhost/127.0.0.1:8080] Registering pool release on close event for channel
13:18:54.863 [reactor-http-nio-4] DEBUG reactor.netty.resources.PooledConnectionProvider - [id: 0xec8c3365, L:/127.0.0.1:65037 - R:localhost/127.0.0.1:8080] Channel connected, now 1 active connections and 0 inactive connections
13:18:54.863 [reactor-http-nio-4] DEBUG reactor.netty.resources.PooledConnectionProvider - [id: 0xec8c3365, L:/127.0.0.1:65037 - R:localhost/127.0.0.1:8080] onStateChange(PooledConnection{channel=[id: 0xec8c3365, L:/127.0.0.1:65037 - R:localhost/127.0.0.1:8080]}, [connected])
13:18:54.863 [reactor-http-nio-4] DEBUG reactor.netty.resources.PooledConnectionProvider - [id: 0xec8c3365, L:/127.0.0.1:65037 - R:localhost/127.0.0.1:8080] onStateChange(GET{uri=/, connection=PooledConnection{channel=[id: 0xec8c3365, L:/127.0.0.1:65037 - R:localhost/127.0.0.1:8080]}}, [configured])
13:18:54.863 [reactor-http-nio-4] DEBUG reactor.netty.ReactorNetty - [id: 0xec8c3365, L:/127.0.0.1:65037 - R:localhost/127.0.0.1:8080] Added decoder [ReadTimeoutHandler] at the end of the user pipeline, full pipeline: [reactor.left.httpCodec, ReadTimeoutHandler, reactor.right.reactiveBridge, DefaultChannelPipeline$TailContext#0]
13:18:54.864 [reactor-http-nio-4] DEBUG reactor.netty.ReactorNetty - [id: 0xec8c3365, L:/127.0.0.1:65037 - R:localhost/127.0.0.1:8080] Added decoder [WriteTimeoutHandler] at the end of the user pipeline, full pipeline: [reactor.left.httpCodec, ReadTimeoutHandler, WriteTimeoutHandler, reactor.right.reactiveBridge, DefaultChannelPipeline$TailContext#0]
13:18:54.864 [reactor-http-nio-4] DEBUG reactor.netty.http.client.HttpClientConnect - [id: 0xec8c3365, L:/127.0.0.1:65037 - R:localhost/127.0.0.1:8080] Handler is being applied: {uri=http://localhost:8080/api/v0/components/provision-adapters/jobs/4886639d-5d96-440b-b467-0b386be7969c, method=GET}
13:18:54.864 [reactor-http-nio-4] DEBUG reactor.netty.resources.PooledConnectionProvider - [id: 0xec8c3365, L:/127.0.0.1:65037 - R:localhost/127.0.0.1:8080] onStateChange(GET{uri=/api/v0/components/provision-adapters/jobs/4886639d-5d96-440b-b467-0b386be7969c, connection=PooledConnection{channel=[id: 0xec8c3365, L:/127.0.0.1:65037 - R:localhost/127.0.0.1:8080]}}, [request_prepared])
13:18:54.865 [reactor-http-nio-4] DEBUG reactor.netty.resources.PooledConnectionProvider - [id: 0xec8c3365, L:/127.0.0.1:65037 - R:localhost/127.0.0.1:8080] onStateChange(GET{uri=/api/v0/components/provision-adapters/jobs/4886639d-5d96-440b-b467-0b386be7969c, connection=PooledConnection{channel=[id: 0xec8c3365, L:/127.0.0.1:65037 - R:localhost/127.0.0.1:8080]}}, [request_sent])
13:18:54.867 [qtp853429147-113-acceptor-1@3526903a-NetworkTrafficServerConnector@75579836{HTTP/1.1, (http/1.1)}{0.0.0.0:8080}] DEBUG org.eclipse.jetty.io.ManagedSelector - Queued change org.eclipse.jetty.io.ManagedSelector$Accept@5c64dd2a on ManagedSelector@5455ce7b{STARTED} id=0 keys=0 selected=0 updates=0
13:18:54.867 [qtp853429147-113-acceptor-1@3526903a-NetworkTrafficServerConnector@75579836{HTTP/1.1, (http/1.1)}{0.0.0.0:8080}] DEBUG org.eclipse.jetty.io.ManagedSelector - Wakeup on submit ManagedSelector@5455ce7b{STARTED} id=0 keys=0 selected=0 updates=1
13:18:54.868 [qtp853429147-117] DEBUG org.eclipse.jetty.io.ManagedSelector - Selector sun.nio.ch.WindowsSelectorImpl@69ec93f7 woken with none selected
13:18:54.868 [qtp853429147-117] DEBUG org.eclipse.jetty.io.ManagedSelector - Selector sun.nio.ch.WindowsSelectorImpl@69ec93f7 woken up from select, 0/0/0 selected
13:18:54.868 [qtp853429147-117] DEBUG org.eclipse.jetty.io.ManagedSelector - Selector sun.nio.ch.WindowsSelectorImpl@69ec93f7 processing 0 keys, 1 updates
13:18:54.868 [qtp853429147-117] DEBUG org.eclipse.jetty.io.ManagedSelector - updateable 1
13:18:54.868 [qtp853429147-117] DEBUG org.eclipse.jetty.io.ManagedSelector - update org.eclipse.jetty.io.ManagedSelector$Accept@5c64dd2a
13:18:54.868 [qtp853429147-117] DEBUG org.eclipse.jetty.util.thread.QueuedThreadPool - queue org.eclipse.jetty.io.ManagedSelector$Accept@5c64dd2a startThread=0
13:18:54.868 [qtp853429147-117] DEBUG org.eclipse.jetty.io.ManagedSelector - updates 0
13:18:54.868 [qtp853429147-117] DEBUG org.eclipse.jetty.io.ManagedSelector - Selector sun.nio.ch.WindowsSelectorImpl@69ec93f7 waiting with 1 keys
13:18:54.868 [qtp853429147-116] DEBUG org.eclipse.jetty.util.thread.QueuedThreadPool - run org.eclipse.jetty.io.ManagedSelector$Accept@5c64dd2a in QueuedThreadPool[qtp853429147]@32de4b9b{STARTED,8<=8<=14,i=1,r=1,q=0}[ReservedThreadExecutor@7a292eba{s=1/1,p=0}]
13:18:54.868 [qtp853429147-116] DEBUG org.eclipse.jetty.io.IdleTimeout - NetworkTrafficSocketChannelEndPoint@43a4a973{/127.0.0.1:65037<->/127.0.0.1:8080,OPEN,fill=-,flush=-,to=0/30000}{io=0/0,kio=0,kro=0}-><null> idle timeout check, elapsed: 0 ms, remaining: 30000 ms
13:18:54.868 [qtp853429147-116] DEBUG org.eclipse.jetty.server.HttpChannel - new HttpChannelOverHttp@6f222c79{s=HttpChannelState@8ea1132{s=IDLE rs=BLOCKING os=OPEN is=IDLE awp=false se=false i=true al=0},r=0,c=false/false,a=IDLE,uri=null,age=0} -> NetworkTrafficSocketChannelEndPoint@43a4a973{/127.0.0.1:65037<->/127.0.0.1:8080,OPEN,fill=-,flush=-,to=0/30000}{io=0/0,kio=0,kro=0}-><null>,null,HttpChannelState@8ea1132{s=IDLE rs=BLOCKING os=OPEN is=IDLE awp=false se=false i=true al=0}
13:18:54.869 [qtp853429147-116] DEBUG org.eclipse.jetty.server.HttpConnection - New HTTP Connection HttpConnection@6e8d2e3a::NetworkTrafficSocketChannelEndPoint@43a4a973{/127.0.0.1:65037<->/127.0.0.1:8080,OPEN,fill=-,flush=-,to=0/30000}{io=0/0,kio=0,kro=0}-><null>
13:18:54.869 [qtp853429147-116] DEBUG org.eclipse.jetty.io.AbstractEndPoint - onOpen NetworkTrafficSocketChannelEndPoint@43a4a973{/127.0.0.1:65037<->/127.0.0.1:8080,OPEN,fill=-,flush=-,to=0/30000}{io=0/0,kio=0,kro=0}->HttpConnection@6e8d2e3a[p=HttpParser{s=START,0 of -1},g=HttpGenerator@804fda9{s=START}]=>HttpChannelOverHttp@6f222c79{s=HttpChannelState@8ea1132{s=IDLE rs=BLOCKING os=OPEN is=IDLE awp=false se=false i=true al=0},r=0,c=false/false,a=IDLE,uri=null,age=0}
13:18:54.869 [qtp853429147-116] DEBUG org.eclipse.jetty.io.AbstractConnection - onOpen HttpConnection@6e8d2e3a::NetworkTrafficSocketChannelEndPoint@43a4a973{/127.0.0.1:65037<->/127.0.0.1:8080,OPEN,fill=-,flush=-,to=0/30000}{io=0/0,kio=0,kro=0}->HttpConnection@6e8d2e3a[p=HttpParser{s=START,0 of -1},g=HttpGenerator@804fda9{s=START}]=>HttpChannelOverHttp@6f222c79{s=HttpChannelState@8ea1132{s=IDLE rs=BLOCKING os=OPEN is=IDLE awp=false se=false i=true al=0},r=0,c=false/false,a=IDLE,uri=null,age=0}
13:18:54.869 [qtp853429147-116] DEBUG org.eclipse.jetty.io.AbstractConnection - fillInterested HttpConnection@6e8d2e3a::NetworkTrafficSocketChannelEndPoint@43a4a973{/127.0.0.1:65037<->/127.0.0.1:8080,OPEN,fill=-,flush=-,to=0/30000}{io=0/0,kio=0,kro=0}->HttpConnection@6e8d2e3a[p=HttpParser{s=START,0 of -1},g=HttpGenerator@804fda9{s=START}]=>HttpChannelOverHttp@6f222c79{s=HttpChannelState@8ea1132{s=IDLE rs=BLOCKING os=OPEN is=IDLE awp=false se=false i=true al=0},r=0,c=false/false,a=IDLE,uri=null,age=0}
13:18:54.869 [qtp853429147-116] DEBUG org.eclipse.jetty.io.FillInterest - interested FillInterest@763b5934{AC.ReadCB@6e8d2e3a{HttpConnection@6e8d2e3a::NetworkTrafficSocketChannelEndPoint@43a4a973{/127.0.0.1:65037<->/127.0.0.1:8080,OPEN,fill=FI,flush=-,to=0/30000}{io=0/0,kio=0,kro=0}->HttpConnection@6e8d2e3a[p=HttpParser{s=START,0 of -1},g=HttpGenerator@804fda9{s=START}]=>HttpChannelOverHttp@6f222c79{s=HttpChannelState@8ea1132{s=IDLE rs=BLOCKING os=OPEN is=IDLE awp=false se=false i=true al=0},r=0,c=false/false,a=IDLE,uri=null,age=0}}}
13:18:54.869 [qtp853429147-116] DEBUG org.eclipse.jetty.io.ChannelEndPoint - changeInterests p=false 0->1 for NetworkTrafficSocketChannelEndPoint@43a4a973{/127.0.0.1:65037<->/127.0.0.1:8080,OPEN,fill=FI,flush=-,to=0/30000}{io=0/1,kio=0,kro=0}->HttpConnection@6e8d2e3a[p=HttpParser{s=START,0 of -1},g=HttpGenerator@804fda9{s=START}]=>HttpChannelOverHttp@6f222c79{s=HttpChannelState@8ea1132{s=IDLE rs=BLOCKING os=OPEN is=IDLE awp=false se=false i=true al=0},r=0,c=false/false,a=IDLE,uri=null,age=0}
13:18:54.869 [qtp853429147-116] DEBUG org.eclipse.jetty.io.ManagedSelector - Queued change org.eclipse.jetty.io.ChannelEndPoint$1@2e00b540 on ManagedSelector@5455ce7b{STARTED} id=0 keys=1 selected=0 updates=0
13:18:54.869 [qtp853429147-116] DEBUG org.eclipse.jetty.io.ManagedSelector - Wakeup on submit ManagedSelector@5455ce7b{STARTED} id=0 keys=1 selected=0 updates=1
13:18:54.870 [qtp853429147-117] DEBUG org.eclipse.jetty.io.ManagedSelector - Selector sun.nio.ch.WindowsSelectorImpl@69ec93f7 woken with none selected
13:18:54.870 [qtp853429147-117] DEBUG org.eclipse.jetty.io.ManagedSelector - Selector sun.nio.ch.WindowsSelectorImpl@69ec93f7 woken up from select, 0/0/1 selected
13:18:54.870 [qtp853429147-117] DEBUG org.eclipse.jetty.io.ManagedSelector - Selector sun.nio.ch.WindowsSelectorImpl@69ec93f7 processing 0 keys, 1 updates
13:18:54.870 [qtp853429147-116] DEBUG org.eclipse.jetty.io.ManagedSelector - Created NetworkTrafficSocketChannelEndPoint@43a4a973{/127.0.0.1:65037<->/127.0.0.1:8080,OPEN,fill=FI,flush=-,to=0/30000}{io=0/1,kio=0,kro=0}->HttpConnection@6e8d2e3a[p=HttpParser{s=START,0 of -1},g=HttpGenerator@804fda9{s=START}]=>HttpChannelOverHttp@6f222c79{s=HttpChannelState@8ea1132{s=IDLE rs=BLOCKING os=OPEN is=IDLE awp=false se=false i=true al=0},r=0,c=false/false,a=IDLE,uri=null,age=0}
13:18:54.870 [qtp853429147-117] DEBUG org.eclipse.jetty.io.ManagedSelector - updateable 1
13:18:54.870 [qtp853429147-117] DEBUG org.eclipse.jetty.io.ManagedSelector - update org.eclipse.jetty.io.ChannelEndPoint$1@2e00b540
13:18:54.870 [qtp853429147-117] DEBUG org.eclipse.jetty.io.ChannelEndPoint - Key interests updated 0 -> 1 on NetworkTrafficSocketChannelEndPoint@43a4a973{/127.0.0.1:65037<->/127.0.0.1:8080,OPEN,fill=FI,flush=-,to=0/30000}{io=1/1,kio=1,kro=0}->HttpConnection@6e8d2e3a[p=HttpParser{s=START,0 of -1},g=HttpGenerator@804fda9{s=START}]=>HttpChannelOverHttp@6f222c79{s=HttpChannelState@8ea1132{s=IDLE rs=BLOCKING os=OPEN is=IDLE awp=false se=false i=true al=0},r=0,c=false/false,a=IDLE,uri=null,age=0}
13:18:54.870 [qtp853429147-117] DEBUG org.eclipse.jetty.io.ManagedSelector - updates 0
13:18:54.870 [qtp853429147-116] DEBUG org.eclipse.jetty.util.thread.QueuedThreadPool - ran org.eclipse.jetty.io.ManagedSelector$Accept@5c64dd2a in QueuedThreadPool[qtp853429147]@32de4b9b{STARTED,8<=8<=14,i=1,r=1,q=0}[ReservedThreadExecutor@7a292eba{s=1/1,p=0}]
13:18:54.870 [qtp853429147-117] DEBUG org.eclipse.jetty.io.ManagedSelector - Selector sun.nio.ch.WindowsSelectorImpl@69ec93f7 waiting with 1 keys
13:18:54.870 [qtp853429147-117] DEBUG org.eclipse.jetty.io.ManagedSelector - Selector sun.nio.ch.WindowsSelectorImpl@69ec93f7 woken up from select, 1/1/1 selected
13:18:54.870 [qtp853429147-117] DEBUG org.eclipse.jetty.io.ManagedSelector - Selector sun.nio.ch.WindowsSelectorImpl@69ec93f7 processing 1 keys, 0 updates
13:18:54.870 [qtp853429147-117] DEBUG org.eclipse.jetty.io.ManagedSelector - selected 1 channel=java.nio.channels.SocketChannel[connected local=/127.0.0.1:8080 remote=/127.0.0.1:65037], selector=sun.nio.ch.WindowsSelectorImpl@69ec93f7, interestOps=1, readyOps=1 NetworkTrafficSocketChannelEndPoint@43a4a973{/127.0.0.1:65037<->/127.0.0.1:8080,OPEN,fill=FI,flush=-,to=0/30000}{io=1/1,kio=1,kro=1}->HttpConnection@6e8d2e3a[p=HttpParser{s=START,0 of -1},g=HttpGenerator@804fda9{s=START}]=>HttpChannelOverHttp@6f222c79{s=HttpChannelState@8ea1132{s=IDLE rs=BLOCKING os=OPEN is=IDLE awp=false se=false i=true al=0},r=0,c=false/false,a=IDLE,uri=null,age=0} 
13:18:54.870 [qtp853429147-117] DEBUG org.eclipse.jetty.io.ChannelEndPoint - onSelected 1->0 r=true w=false for NetworkTrafficSocketChannelEndPoint@43a4a973{/127.0.0.1:65037<->/127.0.0.1:8080,OPEN,fill=FI,flush=-,to=0/30000}{io=1/0,kio=1,kro=1}->HttpConnection@6e8d2e3a[p=HttpParser{s=START,0 of -1},g=HttpGenerator@804fda9{s=START}]=>HttpChannelOverHttp@6f222c79{s=HttpChannelState@8ea1132{s=IDLE rs=BLOCKING os=OPEN is=IDLE awp=false se=false i=true al=0},r=0,c=false/false,a=IDLE,uri=null,age=0}
13:18:54.870 [qtp853429147-117] DEBUG org.eclipse.jetty.io.ChannelEndPoint - task CEP:NetworkTrafficSocketChannelEndPoint@43a4a973{/127.0.0.1:65037<->/127.0.0.1:8080,OPEN,fill=FI,flush=-,to=1/30000}{io=1/0,kio=1,kro=1}->HttpConnection@6e8d2e3a[p=HttpParser{s=START,0 of -1},g=HttpGenerator@804fda9{s=START}]=>HttpChannelOverHttp@6f222c79{s=HttpChannelState@8ea1132{s=IDLE rs=BLOCKING os=OPEN is=IDLE awp=false se=false i=true al=0},r=0,c=false/false,a=IDLE,uri=null,age=0}:runFillable:BLOCKING
13:18:54.870 [qtp853429147-117] DEBUG org.eclipse.jetty.util.thread.ReservedThreadExecutor - ReservedThreadExecutor@7a292eba{s=1/1,p=0} tryExecute EatWhatYouKill@377ed74f/SelectorProducer@1083d8ac/PRODUCING/p=false/QueuedThreadPool[qtp853429147]@32de4b9b{STARTED,8<=8<=14,i=2,r=1,q=0}[ReservedThreadExecutor@7a292eba{s=1/1,p=0}][pc=0,pic=0,pec=0,epc=0]@2020-09-25T13:18:54.8702867+02:00
13:18:54.871 [qtp853429147-117] DEBUG org.eclipse.jetty.util.thread.ReservedThreadExecutor - ReservedThreadExecutor@7a292eba{s=0/1,p=0}@7d5f4549 offer EatWhatYouKill@377ed74f/SelectorProducer@1083d8ac/PRODUCING/p=false/QueuedThreadPool[qtp853429147]@32de4b9b{STARTED,8<=8<=14,i=2,r=1,q=0}[ReservedThreadExecutor@7a292eba{s=0/1,p=0}][pc=0,pic=0,pec=0,epc=0]@2020-09-25T13:18:54.8702867+02:00
13:18:54.871 [qtp853429147-117] DEBUG org.eclipse.jetty.util.thread.ReservedThreadExecutor - ReservedThreadExecutor@7a292eba{s=0/1,p=1} startReservedThread p=1
13:18:54.871 [qtp853429147-117] DEBUG org.eclipse.jetty.util.thread.QueuedThreadPool - queue ReservedThreadExecutor@7a292eba{s=0/1,p=1}@6314f887 startThread=0
13:18:54.871 [qtp853429147-117] DEBUG org.eclipse.jetty.util.thread.strategy.EatWhatYouKill - EatWhatYouKill@377ed74f/SelectorProducer@1083d8ac/IDLE/p=true/QueuedThreadPool[qtp853429147]@32de4b9b{STARTED,8<=8<=14,i=1,r=1,q=0}[ReservedThreadExecutor@7a292eba{s=0/1,p=1}][pc=0,pic=0,pec=0,epc=0]@2020-09-25T13:18:54.8712867+02:00 m=EXECUTE_PRODUCE_CONSUME t=CEP:NetworkTrafficSocketChannelEndPoint@43a4a973{/127.0.0.1:65037<->/127.0.0.1:8080,OPEN,fill=FI,flush=-,to=1/30000}{io=1/0,kio=1,kro=1}->HttpConnection@6e8d2e3a[p=HttpParser{s=START,0 of -1},g=HttpGenerator@804fda9{s=START}]=>HttpChannelOverHttp@6f222c79{s=HttpChannelState@8ea1132{s=IDLE rs=BLOCKING os=OPEN is=IDLE awp=false se=false i=true al=0},r=0,c=false/false,a=IDLE,uri=null,age=0}:runFillable:BLOCKING/BLOCKING
13:18:54.871 [qtp853429147-117] DEBUG org.eclipse.jetty.io.FillInterest - fillable FillInterest@763b5934{AC.ReadCB@6e8d2e3a{HttpConnection@6e8d2e3a::NetworkTrafficSocketChannelEndPoint@43a4a973{/127.0.0.1:65037<->/127.0.0.1:8080,OPEN,fill=FI,flush=-,to=1/30000}{io=1/0,kio=1,kro=1}->HttpConnection@6e8d2e3a[p=HttpParser{s=START,0 of -1},g=HttpGenerator@804fda9{s=START}]=>HttpChannelOverHttp@6f222c79{s=HttpChannelState@8ea1132{s=IDLE rs=BLOCKING os=OPEN is=IDLE awp=false se=false i=true al=0},r=0,c=false/false,a=IDLE,uri=null,age=0}}}
13:18:54.871 [qtp853429147-117] DEBUG org.eclipse.jetty.server.HttpConnection - HttpConnection@6e8d2e3a::NetworkTrafficSocketChannelEndPoint@43a4a973{/127.0.0.1:65037<->/127.0.0.1:8080,OPEN,fill=-,flush=-,to=1/30000}{io=1/0,kio=1,kro=1}->HttpConnection@6e8d2e3a[p=HttpParser{s=START,0 of -1},g=HttpGenerator@804fda9{s=START}]=>HttpChannelOverHttp@6f222c79{s=HttpChannelState@8ea1132{s=IDLE rs=BLOCKING os=OPEN is=IDLE awp=false se=false i=true al=0},r=0,c=false/false,a=IDLE,uri=null,age=0} onFillable enter HttpChannelState@8ea1132{s=IDLE rs=BLOCKING os=OPEN is=IDLE awp=false se=false i=true al=0} null
13:18:54.871 [qtp853429147-117] DEBUG org.eclipse.jetty.io.ChannelEndPoint - filled 195 HeapByteBuffer@b72e34d[p=0,l=195,c=8192,r=195]={<<<GET /api/v0/components/pr...horization: Bearer \r\n\r\n>>>{\r\n  "id"...\x00\x00\x00\x00\x00\x00\x00}
13:18:54.872 [qtp853429147-117] DEBUG org.eclipse.jetty.server.HttpConnection - HttpConnection@6e8d2e3a::NetworkTrafficSocketChannelEndPoint@43a4a973{/127.0.0.1:65037<->/127.0.0.1:8080,OPEN,fill=-,flush=-,to=0/30000}{io=1/0,kio=1,kro=1}->HttpConnection@6e8d2e3a[p=HttpParser{s=START,0 of -1},g=HttpGenerator@804fda9{s=START}]=>HttpChannelOverHttp@6f222c79{s=HttpChannelState@8ea1132{s=IDLE rs=BLOCKING os=OPEN is=IDLE awp=false se=false i=true al=0},r=0,c=false/false,a=IDLE,uri=null,age=0} filled 195 HeapByteBuffer@b72e34d[p=0,l=195,c=8192,r=195]={<<<GET /api/v0/components/pr...horization: Bearer \r\n\r\n>>>{\r\n  "id"...\x00\x00\x00\x00\x00\x00\x00}
13:18:54.872 [qtp853429147-117] DEBUG org.eclipse.jetty.server.HttpConnection - HttpConnection@6e8d2e3a::NetworkTrafficSocketChannelEndPoint@43a4a973{/127.0.0.1:65037<->/127.0.0.1:8080,OPEN,fill=-,flush=-,to=0/30000}{io=1/0,kio=1,kro=1}->HttpConnection@6e8d2e3a[p=HttpParser{s=START,0 of -1},g=HttpGenerator@804fda9{s=START}]=>HttpChannelOverHttp@6f222c79{s=HttpChannelState@8ea1132{s=IDLE rs=BLOCKING os=OPEN is=IDLE awp=false se=false i=true al=0},r=0,c=false/false,a=IDLE,uri=null,age=0} parse HeapByteBuffer@b72e34d[p=0,l=195,c=8192,r=195]={<<<GET /api/v0/components/pr...horization: Bearer \r\n\r\n>>>{\r\n  "id"...\x00\x00\x00\x00\x00\x00\x00} {}
13:18:54.872 [qtp853429147-117] DEBUG org.eclipse.jetty.http.HttpParser - parseNext s=START HeapByteBuffer@b72e34d[p=0,l=195,c=8192,r=195]={<<<GET /api/v0/components/pr...horization: Bearer \r\n\r\n>>>{\r\n  "id"...\x00\x00\x00\x00\x00\x00\x00}
13:18:54.872 [qtp853429147-117] DEBUG org.eclipse.jetty.http.HttpParser - START --> SPACE1
13:18:54.872 [qtp853429147-117] DEBUG org.eclipse.jetty.http.HttpParser - SPACE1 --> URI
13:18:54.872 [qtp853429147-117] DEBUG org.eclipse.jetty.http.HttpParser - URI --> SPACE2
13:18:54.872 [qtp853429147-117] DEBUG org.eclipse.jetty.http.HttpParser - SPACE2 --> REQUEST_VERSION
13:18:54.872 [qtp853429147-117] DEBUG org.eclipse.jetty.http.HttpParser - REQUEST_VERSION --> HEADER
13:18:54.872 [qtp853429147-117] DEBUG org.eclipse.jetty.http.HttpParser - HEADER:User-Agent --> VALUE
13:18:54.872 [qtp853429147-117] DEBUG org.eclipse.jetty.http.HttpParser - HEADER:User-Agent --> IN_VALUE
13:18:54.872 [qtp853429147-117] DEBUG org.eclipse.jetty.http.HttpParser - HEADER:User-Agent --> FIELD
13:18:54.872 [qtp853429147-117] DEBUG org.eclipse.jetty.http.HttpParser - HEADER:Host --> VALUE
13:18:54.872 [qtp853429147-117] DEBUG org.eclipse.jetty.http.HttpParser - HEADER:Host --> IN_VALUE
13:18:54.872 [qtp853429147-117] DEBUG org.eclipse.jetty.http.HttpParser - HEADER:Host --> FIELD
13:18:54.872 [qtp853429147-117] DEBUG org.eclipse.jetty.http.HttpParser - HEADER:Accept: */* --> IN_VALUE
13:18:54.872 [qtp853429147-117] DEBUG org.eclipse.jetty.http.HttpParser - HEADER:Accept: */* --> FIELD
13:18:54.872 [qtp853429147-117] DEBUG org.eclipse.jetty.http.HttpParser - HEADER:Authorization --> VALUE
13:18:54.872 [qtp853429147-117] DEBUG org.eclipse.jetty.http.HttpParser - HEADER:Authorization --> IN_VALUE
13:18:54.872 [qtp853429147-117] DEBUG org.eclipse.jetty.http.HttpParser - HEADER:Authorization --> FIELD
13:18:54.872 [qtp853429147-117] DEBUG org.eclipse.jetty.http.HttpParser - HEADER --> CONTENT
13:18:54.872 [qtp853429147-117] DEBUG org.eclipse.jetty.server.HttpChannel - REQUEST for //localhost:8080/api/v0/components/provision-adapters/jobs/4886639d-5d96-440b-b467-0b386be7969c on HttpChannelOverHttp@6f222c79{s=HttpChannelState@8ea1132{s=IDLE rs=BLOCKING os=OPEN is=IDLE awp=false se=false i=true al=0},r=1,c=false/false,a=IDLE,uri=//localhost:8080/api/v0/components/provision-adapters/jobs/4886639d-5d96-440b-b467-0b386be7969c,age=0}
GET //localhost:8080/api/v0/components/provision-adapters/jobs/4886639d-5d96-440b-b467-0b386be7969c HTTP/1.1
User-Agent: ReactorNetty/0.9.7.RELEASE
Host: localhost:8080
Accept: */*
Authorization: Bearer


13:18:54.873 [qtp853429147-117] DEBUG org.eclipse.jetty.server.HttpConnection - HttpConnection@6e8d2e3a::NetworkTrafficSocketChannelEndPoint@43a4a973{/127.0.0.1:65037<->/127.0.0.1:8080,OPEN,fill=-,flush=-,to=1/30000}{io=1/0,kio=1,kro=1}->HttpConnection@6e8d2e3a[p=HttpParser{s=CONTENT,0 of -1},g=HttpGenerator@804fda9{s=START}]=>HttpChannelOverHttp@6f222c79{s=HttpChannelState@8ea1132{s=IDLE rs=BLOCKING os=OPEN is=IDLE awp=false se=false i=true al=0},r=1,c=false/false,a=IDLE,uri=//localhost:8080/api/v0/components/provision-adapters/jobs/4886639d-5d96-440b-b467-0b386be7969c,age=1} parsed true HttpParser{s=CONTENT,0 of -1}
13:18:54.873 [qtp853429147-117] DEBUG org.eclipse.jetty.server.HttpConnection - releaseRequestBuffer HttpConnection@6e8d2e3a::NetworkTrafficSocketChannelEndPoint@43a4a973{/127.0.0.1:65037<->/127.0.0.1:8080,OPEN,fill=-,flush=-,to=1/30000}{io=1/0,kio=1,kro=1}->HttpConnection@6e8d2e3a[p=HttpParser{s=CONTENT,0 of -1},g=HttpGenerator@804fda9{s=START}]=>HttpChannelOverHttp@6f222c79{s=HttpChannelState@8ea1132{s=IDLE rs=BLOCKING os=OPEN is=IDLE awp=false se=false i=true al=0},r=1,c=false/false,a=IDLE,uri=//localhost:8080/api/v0/components/provision-adapters/jobs/4886639d-5d96-440b-b467-0b386be7969c,age=1}
13:18:54.873 [qtp853429147-117] DEBUG org.eclipse.jetty.server.HttpChannel - handle //localhost:8080/api/v0/components/provision-adapters/jobs/4886639d-5d96-440b-b467-0b386be7969c HttpChannelOverHttp@6f222c79{s=HttpChannelState@8ea1132{s=IDLE rs=BLOCKING os=OPEN is=IDLE awp=false se=false i=true al=0},r=1,c=false/false,a=IDLE,uri=//localhost:8080/api/v0/components/provision-adapters/jobs/4886639d-5d96-440b-b467-0b386be7969c,age=1} 
13:18:54.873 [qtp853429147-117] DEBUG org.eclipse.jetty.server.HttpChannelState - handling HttpChannelState@8ea1132{s=IDLE rs=BLOCKING os=OPEN is=IDLE awp=false se=false i=true al=0}
13:18:54.873 [qtp853429147-117] DEBUG org.eclipse.jetty.server.HttpChannel - action DISPATCH HttpChannelOverHttp@6f222c79{s=HttpChannelState@8ea1132{s=HANDLING rs=BLOCKING os=OPEN is=IDLE awp=false se=false i=true al=0},r=1,c=false/false,a=HANDLING,uri=//localhost:8080/api/v0/components/provision-adapters/jobs/4886639d-5d96-440b-b467-0b386be7969c,age=1}
13:18:54.873 [qtp853429147-112] DEBUG org.eclipse.jetty.util.thread.ReservedThreadExecutor - ReservedThreadExecutor@7a292eba{s=0/1,p=1}@7d5f4549 task=EatWhatYouKill@377ed74f/SelectorProducer@1083d8ac/IDLE/p=true/QueuedThreadPool[qtp853429147]@32de4b9b{STARTED,8<=8<=14,i=1,r=1,q=0}[ReservedThreadExecutor@7a292eba{s=0/1,p=1}][pc=0,pic=0,pec=0,epc=1]@2020-09-25T13:18:54.8732905+02:00
13:18:54.873 [qtp853429147-117] DEBUG org.eclipse.jetty.server.Server - REQUEST GET /api/v0/components/provision-adapters/jobs/4886639d-5d96-440b-b467-0b386be7969c on HttpChannelOverHttp@6f222c79{s=HttpChannelState@8ea1132{s=HANDLING rs=BLOCKING os=OPEN is=IDLE awp=false se=false i=true al=0},r=1,c=false/false,a=HANDLING,uri=//localhost:8080/api/v0/components/provision-adapters/jobs/4886639d-5d96-440b-b467-0b386be7969c,age=1}
13:18:54.873 [qtp853429147-117] DEBUG org.eclipse.jetty.server.handler.ContextHandler - scope null||/api/v0/components/provision-adapters/jobs/4886639d-5d96-440b-b467-0b386be7969c @ o.e.j.s.ServletContextHandler@5e5ac5d9{/__admin,null,AVAILABLE}
13:18:54.873 [qtp853429147-112] DEBUG org.eclipse.jetty.util.thread.strategy.EatWhatYouKill - EatWhatYouKill@377ed74f/SelectorProducer@1083d8ac/IDLE/p=true/QueuedThreadPool[qtp853429147]@32de4b9b{STARTED,8<=8<=14,i=1,r=1,q=0}[ReservedThreadExecutor@7a292eba{s=0/1,p=1}][pc=0,pic=0,pec=0,epc=1]@2020-09-25T13:18:54.8732905+02:00 tryProduce true
13:18:54.873 [qtp853429147-117] DEBUG org.eclipse.jetty.server.handler.gzip.GzipHandler - GzipHandler@21af4110{STARTED,min=32,inflate=-1} handle Request(GET //localhost:8080/api/v0/components/provision-adapters/jobs/4886639d-5d96-440b-b467-0b386be7969c)@26166a81 in null
13:18:54.873 [qtp853429147-110] DEBUG org.eclipse.jetty.util.thread.QueuedThreadPool - run ReservedThreadExecutor@7a292eba{s=0/1,p=1}@6314f887 in QueuedThreadPool[qtp853429147]@32de4b9b{STARTED,8<=8<=14,i=1,r=1,q=0}[ReservedThreadExecutor@7a292eba{s=0/1,p=1}]
13:18:54.873 [qtp853429147-117] DEBUG org.eclipse.jetty.server.handler.ContextHandler - scope null||/api/v0/components/provision-adapters/jobs/4886639d-5d96-440b-b467-0b386be7969c @ o.e.j.s.ServletContextHandler@6e64e885{/,null,AVAILABLE}
13:18:54.873 [qtp853429147-117] DEBUG org.eclipse.jetty.server.handler.ContextHandler - context=||/api/v0/components/provision-adapters/jobs/4886639d-5d96-440b-b467-0b386be7969c @ o.e.j.s.ServletContextHandler@6e64e885{/,null,AVAILABLE}
13:18:54.873 [qtp853429147-117] DEBUG org.eclipse.jetty.servlet.ServletHandler - servlet |/api/v0/components/provision-adapters/jobs/4886639d-5d96-440b-b467-0b386be7969c|null -> com.github.tomakehurst.wiremock.servlet.WireMockHandlerDispatchingServlet-1e42b4e4@7b02e0a1==com.github.tomakehurst.wiremock.servlet.WireMockHandlerDispatchingServlet,jsp=null,order=-1,inst=false,async=true
13:18:54.873 [qtp853429147-117] DEBUG org.eclipse.jetty.servlet.ServletHandler - chain=org.eclipse.jetty.servlets.CrossOriginFilter-c527a6@c527a6==org.eclipse.jetty.servlets.CrossOriginFilter,inst=true,async=true->com.github.tomakehurst.wiremock.servlet.WireMockHandlerDispatchingServlet-1e42b4e4@7b02e0a1==com.github.tomakehurst.wiremock.servlet.WireMockHandlerDispatchingServlet,jsp=null,order=-1,inst=false,async=true
13:18:54.873 [qtp853429147-117] DEBUG org.eclipse.jetty.servlet.ServletHolder - Servlet.init com.github.tomakehurst.wiremock.servlet.WireMockHandlerDispatchingServlet@2b68269f for com.github.tomakehurst.wiremock.servlet.WireMockHandlerDispatchingServlet-1e42b4e4
13:18:54.908 [qtp853429147-117] INFO org.eclipse.jetty.server.handler.ContextHandler.ROOT - RequestHandlerClass from context returned com.github.tomakehurst.wiremock.http.StubRequestHandler. Normalized mapped under returned 'null'
13:18:54.908 [qtp853429147-117] DEBUG org.eclipse.jetty.servlet.ServletHandler - call filter org.eclipse.jetty.servlets.CrossOriginFilter-c527a6@c527a6==org.eclipse.jetty.servlets.CrossOriginFilter,inst=true,async=true
13:18:54.909 [qtp853429147-117] DEBUG org.eclipse.jetty.servlet.ServletHandler - call servlet com.github.tomakehurst.wiremock.servlet.WireMockHandlerDispatchingServlet-1e42b4e4@7b02e0a1==com.github.tomakehurst.wiremock.servlet.WireMockHandlerDispatchingServlet,jsp=null,order=-1,inst=true,async=true
13:18:54.909 [qtp853429147-117] DEBUG org.eclipse.jetty.io.ChannelEndPoint - filled 0 HeapByteBuffer@b72e34d[p=0,l=0,c=8192,r=0]={<<<>>>GET /api/...\x00\x00\x00\x00\x00\x00\x00}
13:18:54.909 [qtp853429147-117] DEBUG org.eclipse.jetty.io.ChannelEndPoint - filled 0 HeapByteBuffer@b72e34d[p=0,l=0,c=8192,r=0]={<<<>>>GET /api/...\x00\x00\x00\x00\x00\x00\x00}
13:18:54.909 [qtp853429147-117] DEBUG org.eclipse.jetty.server.HttpConnection - HttpConnection@6e8d2e3a::NetworkTrafficSocketChannelEndPoint@43a4a973{/127.0.0.1:65037<->/127.0.0.1:8080,OPEN,fill=-,flush=-,to=37/30000}{io=1/0,kio=1,kro=1}->HttpConnection@6e8d2e3a[p=HttpParser{s=CONTENT,0 of -1},g=HttpGenerator@804fda9{s=START}]=>HttpChannelOverHttp@6f222c79{s=HttpChannelState@8ea1132{s=HANDLING rs=BLOCKING os=OPEN is=IDLE awp=false se=false i=true al=0},r=1,c=false/false,a=HANDLING,uri=//localhost:8080/api/v0/components/provision-adapters/jobs/4886639d-5d96-440b-b467-0b386be7969c,age=37} filled 0 HeapByteBuffer@b72e34d[p=0,l=0,c=8192,r=0]={<<<>>>GET /api/...\x00\x00\x00\x00\x00\x00\x00}
13:18:54.909 [qtp853429147-117] DEBUG org.eclipse.jetty.server.HttpConnection - HttpConnection@6e8d2e3a::NetworkTrafficSocketChannelEndPoint@43a4a973{/127.0.0.1:65037<->/127.0.0.1:8080,OPEN,fill=-,flush=-,to=37/30000}{io=1/0,kio=1,kro=1}->HttpConnection@6e8d2e3a[p=HttpParser{s=CONTENT,0 of -1},g=HttpGenerator@804fda9{s=START}]=>HttpChannelOverHttp@6f222c79{s=HttpChannelState@8ea1132{s=HANDLING rs=BLOCKING os=OPEN is=IDLE awp=false se=false i=true al=0},r=1,c=false/false,a=HANDLING,uri=//localhost:8080/api/v0/components/provision-adapters/jobs/4886639d-5d96-440b-b467-0b386be7969c,age=37} parse HeapByteBuffer@b72e34d[p=0,l=0,c=8192,r=0]={<<<>>>GET /api/...\x00\x00\x00\x00\x00\x00\x00} {}
13:18:54.909 [qtp853429147-117] DEBUG org.eclipse.jetty.http.HttpParser - parseNext s=CONTENT HeapByteBuffer@b72e34d[p=0,l=0,c=8192,r=0]={<<<>>>GET /api/...\x00\x00\x00\x00\x00\x00\x00}
13:18:54.909 [qtp853429147-117] DEBUG org.eclipse.jetty.http.HttpParser - CONTENT --> CONTENT_END
13:18:54.909 [qtp853429147-117] DEBUG org.eclipse.jetty.server.HttpChannel - onContentComplete HttpChannelOverHttp@6f222c79{s=HttpChannelState@8ea1132{s=HANDLING rs=BLOCKING os=OPEN is=IDLE awp=false se=false i=true al=0},r=1,c=false/false,a=HANDLING,uri=//localhost:8080/api/v0/components/provision-adapters/jobs/4886639d-5d96-440b-b467-0b386be7969c,age=37}
13:18:54.909 [qtp853429147-117] DEBUG org.eclipse.jetty.http.HttpParser - CONTENT_END --> END
13:18:54.909 [qtp853429147-117] DEBUG org.eclipse.jetty.server.HttpChannel - onRequestComplete HttpChannelOverHttp@6f222c79{s=HttpChannelState@8ea1132{s=HANDLING rs=BLOCKING os=OPEN is=IDLE awp=false se=false i=true al=0},r=1,c=false/false,a=HANDLING,uri=//localhost:8080/api/v0/components/provision-adapters/jobs/4886639d-5d96-440b-b467-0b386be7969c,age=37}
13:18:54.909 [qtp853429147-117] DEBUG org.eclipse.jetty.server.HttpInput - HttpInputOverHTTP@17faadf8[c=0,q=0,[0]=null,s=STREAM] addContent EOF
13:18:54.873 [qtp853429147-112] DEBUG org.eclipse.jetty.io.ManagedSelector - updateable 0
13:18:54.914 [qtp853429147-112] DEBUG org.eclipse.jetty.io.ManagedSelector - updates 0
13:18:54.914 [qtp853429147-112] DEBUG org.eclipse.jetty.io.ChannelEndPoint - Key interests updated 1 -> 0 on NetworkTrafficSocketChannelEndPoint@43a4a973{/127.0.0.1:65037<->/127.0.0.1:8080,OPEN,fill=-,flush=-,to=42/30000}{io=0/0,kio=0,kro=1}->HttpConnection@6e8d2e3a[p=HttpParser{s=END,0 of -1},g=HttpGenerator@804fda9{s=START}]=>HttpChannelOverHttp@6f222c79{s=HttpChannelState@8ea1132{s=HANDLING rs=BLOCKING os=OPEN is=IDLE awp=false se=false i=true al=0},r=1,c=false/false,a=HANDLING,uri=//localhost:8080/api/v0/components/provision-adapters/jobs/4886639d-5d96-440b-b467-0b386be7969c,age=42}
13:18:54.914 [qtp853429147-112] DEBUG org.eclipse.jetty.io.ManagedSelector - Selector sun.nio.ch.WindowsSelectorImpl@69ec93f7 waiting with 1 keys
13:18:54.873 [qtp853429147-110] DEBUG org.eclipse.jetty.util.thread.ReservedThreadExecutor - ReservedThreadExecutor@7a292eba{s=1/1,p=1}@6314f887 started
13:18:54.919 [qtp853429147-117] DEBUG org.eclipse.jetty.server.HttpConnection - HttpConnection@6e8d2e3a::NetworkTrafficSocketChannelEndPoint@43a4a973{/127.0.0.1:65037<->/127.0.0.1:8080,OPEN,fill=-,flush=-,to=47/30000}{io=0/0,kio=0,kro=1}->HttpConnection@6e8d2e3a[p=HttpParser{s=END,0 of -1},g=HttpGenerator@804fda9{s=START}]=>HttpChannelOverHttp@6f222c79{s=HttpChannelState@8ea1132{s=HANDLING rs=BLOCKING os=OPEN is=IDLE awp=false se=false i=true al=0},r=1,c=false/false,a=HANDLING,uri=//localhost:8080/api/v0/components/provision-adapters/jobs/4886639d-5d96-440b-b467-0b386be7969c,age=47} parsed false HttpParser{s=END,0 of -1}
13:18:54.919 [qtp853429147-117] DEBUG org.eclipse.jetty.server.HttpConnection - releaseRequestBuffer HttpConnection@6e8d2e3a::NetworkTrafficSocketChannelEndPoint@43a4a973{/127.0.0.1:65037<->/127.0.0.1:8080,OPEN,fill=-,flush=-,to=47/30000}{io=0/0,kio=0,kro=1}->HttpConnection@6e8d2e3a[p=HttpParser{s=END,0 of -1},g=HttpGenerator@804fda9{s=START}]=>HttpChannelOverHttp@6f222c79{s=HttpChannelState@8ea1132{s=HANDLING rs=BLOCKING os=OPEN is=IDLE awp=false se=false i=true al=0},r=1,c=false/false,a=HANDLING,uri=//localhost:8080/api/v0/components/provision-adapters/jobs/4886639d-5d96-440b-b467-0b386be7969c,age=47}
13:18:54.919 [qtp853429147-110] DEBUG org.eclipse.jetty.util.thread.ReservedThreadExecutor - ReservedThreadExecutor@7a292eba{s=1/1,p=0}@6314f887 waiting
13:18:54.919 [qtp853429147-117] DEBUG org.eclipse.jetty.server.HttpChannelState - onEof HttpChannelState@8ea1132{s=HANDLING rs=BLOCKING os=OPEN is=IDLE awp=false se=false i=true al=0}
13:18:54.924 [qtp853429147-117] DEBUG org.eclipse.jetty.server.handler.gzip.GzipHttpOutputInterceptor - org.eclipse.jetty.server.handler.gzip.GzipHttpOutputInterceptor@536ebf40 exclude by status 401
13:18:54.924 [qtp853429147-117] DEBUG org.eclipse.jetty.server.HttpChannel - sendResponse info=null content=HeapByteBuffer@137d328[p=0,l=0,c=0,r=0]={<<<>>>} complete=false committing=true callback=Blocker@463995ce{null}
13:18:54.925 [qtp853429147-117] DEBUG org.eclipse.jetty.server.HttpChannel - COMMIT for /api/v0/components/provision-adapters/jobs/4886639d-5d96-440b-b467-0b386be7969c on HttpChannelOverHttp@6f222c79{s=HttpChannelState@8ea1132{s=HANDLING rs=BLOCKING os=COMMITTED is=READY awp=false se=false i=true al=0},r=1,c=false/false,a=HANDLING,uri=//localhost:8080/api/v0/components/provision-adapters/jobs/4886639d-5d96-440b-b467-0b386be7969c,age=52}
401 null HTTP/1.1
Matched-Stub-Id: 8182e000-de79-4133-9739-53ffeddc63f0


13:18:54.925 [qtp853429147-117] DEBUG org.eclipse.jetty.server.HttpConnection - generate: NEED_HEADER for org.eclipse.jetty.server.HttpConnection$SendCallback@2c8f1f48[PROCESSING][i=HTTP/1.1{s=401,h=1,cl=-1},cb=org.eclipse.jetty.server.HttpChannel$SendCallback@6ed8f24c] (null,[p=0,l=0,c=0,r=0],false)@START
13:18:54.925 [qtp853429147-117] DEBUG org.eclipse.jetty.http.HttpGenerator - generateHeaders HTTP/1.1{s=401,h=1,cl=-1} last=false content=HeapByteBuffer@137d328[p=0,l=0,c=0,r=0]={<<<>>>}
13:18:54.925 [qtp853429147-117] DEBUG org.eclipse.jetty.http.HttpGenerator - Matched-Stub-Id: 8182e000-de79-4133-9739-53ffeddc63f0


13:18:54.925 [qtp853429147-117] DEBUG org.eclipse.jetty.http.HttpGenerator - CHUNKED_CONTENT
13:18:54.925 [qtp853429147-117] DEBUG org.eclipse.jetty.server.HttpConnection - generate: FLUSH for org.eclipse.jetty.server.HttpConnection$SendCallback@2c8f1f48[PROCESSING][i=HTTP/1.1{s=401,h=1,cl=-1},cb=org.eclipse.jetty.server.HttpChannel$SendCallback@6ed8f24c] ([p=0,l=145,c=8192,r=145],[p=0,l=0,c=0,r=0],false)@COMMITTED
13:18:54.925 [qtp853429147-117] DEBUG org.eclipse.jetty.io.WriteFlusher - write: WriteFlusher@486ad468{IDLE}->null [HeapByteBuffer@b72e34d[p=0,l=145,c=8192,r=145]={<<<HTTP/1.1 401 Unauthorized...y(9.4.28.v20200408)\r\n\r\n>>>host:8080...\x00\x00\x00\x00\x00\x00\x00}]
13:18:54.925 [qtp853429147-117] DEBUG org.eclipse.jetty.io.WriteFlusher - update WriteFlusher@486ad468{WRITING}->null:IDLE-->WRITING
13:18:54.925 [qtp853429147-117] DEBUG org.eclipse.jetty.io.ChannelEndPoint - flushed 145 NetworkTrafficSocketChannelEndPoint@43a4a973{/127.0.0.1:65037<->/127.0.0.1:8080,OPEN,fill=-,flush=W,to=54/30000}{io=0/0,kio=0,kro=1}->HttpConnection@6e8d2e3a[p=HttpParser{s=END,0 of -1},g=HttpGenerator@804fda9{s=COMMITTED}]=>HttpChannelOverHttp@6f222c79{s=HttpChannelState@8ea1132{s=HANDLING rs=BLOCKING os=COMMITTED is=READY awp=false se=false i=true al=0},r=1,c=false/false,a=HANDLING,uri=//localhost:8080/api/v0/components/provision-adapters/jobs/4886639d-5d96-440b-b467-0b386be7969c,age=53}
13:18:54.926 [reactor-http-nio-4] DEBUG reactor.netty.http.client.HttpClientOperations - [id: 0xec8c3365, L:/127.0.0.1:65037 - R:localhost/127.0.0.1:8080] Received response (auto-read:false) : [Matched-Stub-Id=8182e000-de79-4133-9739-53ffeddc63f0, Transfer-Encoding=chunked, Server=Jetty(9.4.28.v20200408)]
13:18:54.926 [reactor-http-nio-4] DEBUG reactor.netty.resources.PooledConnectionProvider - [id: 0xec8c3365, L:/127.0.0.1:65037 - R:localhost/127.0.0.1:8080] onStateChange(GET{uri=/api/v0/components/provision-adapters/jobs/4886639d-5d96-440b-b467-0b386be7969c, connection=PooledConnection{channel=[id: 0xec8c3365, L:/127.0.0.1:65037 - R:localhost/127.0.0.1:8080]}}, [response_received])
13:18:54.926 [reactor-http-nio-4] DEBUG org.springframework.web.reactive.function.client.ExchangeFunctions - [38be82] Response 401 UNAUTHORIZED
13:18:54.926 [qtp853429147-117] DEBUG org.eclipse.jetty.io.WriteFlusher - Flushed=true written=145 remaining=0 WriteFlusher@486ad468{WRITING}->null
13:18:54.926 [qtp853429147-117] DEBUG org.eclipse.jetty.io.WriteFlusher - update WriteFlusher@486ad468{IDLE}->null:WRITING-->IDLE
13:18:54.926 [qtp853429147-117] DEBUG org.eclipse.jetty.server.HttpConnection - generate: DONE for org.eclipse.jetty.server.HttpConnection$SendCallback@2c8f1f48[PROCESSING][i=HTTP/1.1{s=401,h=1,cl=-1},cb=org.eclipse.jetty.server.HttpChannel$SendCallback@6ed8f24c] ([p=145,l=145,c=8192,r=0],[p=0,l=0,c=0,r=0],false)@COMMITTED
13:18:54.926 [qtp853429147-117] DEBUG org.eclipse.jetty.server.HttpOutput - onWriteComplete(false,null) s=OPEN,api=BLOCKED,sc=false,e=null->s=OPEN,api=BLOCKING,sc=false,e=null c=null cb=null w=false
13:18:54.926 [qtp853429147-117] DEBUG org.eclipse.jetty.server.HttpOutput - close() s=CLOSING,api=BLOCKED,sc=false,e=null c=HeapByteBuffer@137d328[p=0,l=0,c=0,r=0]={<<<>>>} b=Blocker@463995ce{null}
13:18:54.927 [qtp853429147-117] DEBUG org.eclipse.jetty.server.HttpChannel - sendResponse info=null content=HeapByteBuffer@137d328[p=0,l=0,c=0,r=0]={<<<>>>} complete=true committing=false callback=Blocker@463995ce{null}
13:18:54.927 [qtp853429147-117] DEBUG org.eclipse.jetty.server.HttpConnection - generate: CONTINUE for org.eclipse.jetty.server.HttpConnection$SendCallback@2c8f1f48[PROCESSING][i=null,cb=org.eclipse.jetty.server.HttpChannel$SendCallback@4277af4e] (null,[p=0,l=0,c=0,r=0],true)@COMPLETING
13:18:54.927 [qtp853429147-117] DEBUG org.eclipse.jetty.server.HttpConnection - generate: NEED_CHUNK for org.eclipse.jetty.server.HttpConnection$SendCallback@2c8f1f48[PROCESSING][i=null,cb=org.eclipse.jetty.server.HttpChannel$SendCallback@4277af4e] (null,[p=0,l=0,c=0,r=0],true)@COMPLETING
13:18:54.927 [qtp853429147-117] DEBUG org.eclipse.jetty.server.HttpConnection - generate: FLUSH for org.eclipse.jetty.server.HttpConnection$SendCallback@2c8f1f48[PROCESSING][i=null,cb=org.eclipse.jetty.server.HttpChannel$SendCallback@4277af4e] (null,[p=0,l=0,c=0,r=0],true)@COMPLETING
13:18:54.927 [qtp853429147-117] DEBUG org.eclipse.jetty.io.WriteFlusher - write: WriteFlusher@486ad468{IDLE}->null [HeapByteBuffer@50786100[p=0,l=5,c=1024,r=5]={<<<0\r\n\r\n>>>\r\n\x00\x00\x00\x00\x00\x00\x00...\x00\x00\x00\x00\x00\x00\x00}]
13:18:54.927 [qtp853429147-117] DEBUG org.eclipse.jetty.io.WriteFlusher - update WriteFlusher@486ad468{WRITING}->null:IDLE-->WRITING
13:18:54.927 [reactor-http-nio-4] DEBUG reactor.netty.channel.FluxReceive - [id: 0xec8c3365, L:/127.0.0.1:65037 - R:localhost/127.0.0.1:8080] Subscribing inbound receiver [pending: 0, cancelled:false, inboundDone: false]
13:18:54.927 [qtp853429147-117] DEBUG org.eclipse.jetty.io.ChannelEndPoint - flushed 5 NetworkTrafficSocketChannelEndPoint@43a4a973{/127.0.0.1:65037<->/127.0.0.1:8080,OPEN,fill=-,flush=W,to=1/30000}{io=0/0,kio=0,kro=1}->HttpConnection@6e8d2e3a[p=HttpParser{s=END,0 of -1},g=HttpGenerator@804fda9{s=COMPLETING}]=>HttpChannelOverHttp@6f222c79{s=HttpChannelState@8ea1132{s=HANDLING rs=BLOCKING os=COMMITTED is=READY awp=false se=false i=true al=0},r=1,c=false/false,a=HANDLING,uri=//localhost:8080/api/v0/components/provision-adapters/jobs/4886639d-5d96-440b-b467-0b386be7969c,age=55}
13:18:54.927 [qtp853429147-117] DEBUG org.eclipse.jetty.io.WriteFlusher - Flushed=true written=5 remaining=0 WriteFlusher@486ad468{WRITING}->null
13:18:54.927 [qtp853429147-117] DEBUG org.eclipse.jetty.io.WriteFlusher - update WriteFlusher@486ad468{IDLE}->null:WRITING-->IDLE
13:18:54.927 [qtp853429147-117] DEBUG org.eclipse.jetty.server.HttpConnection - generate: DONE for org.eclipse.jetty.server.HttpConnection$SendCallback@2c8f1f48[PROCESSING][i=null,cb=org.eclipse.jetty.server.HttpChannel$SendCallback@4277af4e] (null,[p=0,l=0,c=0,r=0],true)@END
13:18:54.927 [qtp853429147-117] DEBUG org.eclipse.jetty.server.HttpOutput - onWriteComplete(true,null) s=CLOSING,api=BLOCKED,sc=false,e=null->s=CLOSED,api=BLOCKING,sc=false,e=null c=null cb=null w=false
13:18:54.927 [qtp853429147-117] DEBUG org.eclipse.jetty.server.Server - handled=true async=false committed=true on HttpChannelOverHttp@6f222c79{s=HttpChannelState@8ea1132{s=HANDLING rs=BLOCKING os=COMPLETED is=READY awp=false se=false i=true al=0},r=1,c=false/true,a=HANDLING,uri=//localhost:8080/api/v0/components/provision-adapters/jobs/4886639d-5d96-440b-b467-0b386be7969c,age=55}
13:18:54.927 [qtp853429147-117] DEBUG org.eclipse.jetty.server.HttpChannelState - unhandle HttpChannelState@8ea1132{s=HANDLING rs=BLOCKING os=COMPLETED is=READY awp=false se=false i=true al=0}
13:18:54.927 [qtp853429147-117] DEBUG org.eclipse.jetty.server.HttpChannelState - nextAction(false) COMPLETE HttpChannelState@8ea1132{s=HANDLING rs=COMPLETING os=COMPLETED is=READY awp=false se=false i=false al=0}
13:18:54.927 [qtp853429147-117] DEBUG org.eclipse.jetty.server.HttpChannel - action COMPLETE HttpChannelOverHttp@6f222c79{s=HttpChannelState@8ea1132{s=HANDLING rs=COMPLETING os=COMPLETED is=READY awp=false se=false i=false al=0},r=1,c=false/true,a=HANDLING,uri=//localhost:8080/api/v0/components/provision-adapters/jobs/4886639d-5d96-440b-b467-0b386be7969c,age=55}
13:18:54.927 [qtp853429147-117] DEBUG org.eclipse.jetty.server.HttpOutput - complete(org.eclipse.jetty.util.Callback$4@16d69d17) s=CLOSED,api=BLOCKING,sc=false,e=null s=true e=null, c=null
13:18:54.928 [qtp853429147-117] DEBUG org.eclipse.jetty.server.HttpChannelState - completed HttpChannelState@8ea1132{s=HANDLING rs=COMPLETING os=COMPLETED is=READY awp=false se=false i=false al=0}
13:18:54.928 [qtp853429147-117] DEBUG org.eclipse.jetty.server.HttpChannelState - unhandle HttpChannelState@8ea1132{s=HANDLING rs=COMPLETED os=COMPLETED is=READY awp=false se=false i=false al=0}
13:18:54.928 [qtp853429147-117] DEBUG org.eclipse.jetty.server.HttpChannelState - nextAction(false) TERMINATED HttpChannelState@8ea1132{s=IDLE rs=COMPLETED os=COMPLETED is=READY awp=false se=false i=false al=0}
13:18:54.928 [qtp853429147-117] DEBUG org.eclipse.jetty.server.HttpChannel - action TERMINATED HttpChannelOverHttp@6f222c79{s=HttpChannelState@8ea1132{s=IDLE rs=COMPLETED os=COMPLETED is=READY awp=false se=false i=false al=0},r=1,c=true/true,a=IDLE,uri=//localhost:8080/api/v0/components/provision-adapters/jobs/4886639d-5d96-440b-b467-0b386be7969c,age=56}
13:18:54.928 [qtp853429147-117] DEBUG org.eclipse.jetty.server.HttpChannel - onCompleted for /api/v0/components/provision-adapters/jobs/4886639d-5d96-440b-b467-0b386be7969c written=0
13:18:54.928 [qtp853429147-117] DEBUG org.eclipse.jetty.server.HttpChannelState - recycle HttpChannelState@8ea1132{s=IDLE rs=COMPLETED os=COMPLETED is=READY awp=false se=false i=false al=0}
13:18:54.928 [reactor-http-nio-4] DEBUG reactor.netty.http.client.HttpClientOperations - [id: 0xec8c3365, L:/127.0.0.1:65037 - R:localhost/127.0.0.1:8080] Received last HTTP packet
13:18:54.928 [qtp853429147-117] DEBUG org.eclipse.jetty.http.HttpParser - reset HttpParser{s=END,0 of -1}
13:18:54.928 [qtp853429147-117] DEBUG org.eclipse.jetty.http.HttpParser - END --> START
13:18:54.928 [qtp853429147-117] DEBUG org.eclipse.jetty.server.HttpChannel - !handle TERMINATED HttpChannelOverHttp@6f222c79{s=HttpChannelState@8ea1132{s=IDLE rs=BLOCKING os=OPEN is=IDLE awp=false se=false i=true al=0},r=1,c=false/false,a=IDLE,uri=null,age=0}
13:18:54.928 [qtp853429147-117] DEBUG org.eclipse.jetty.io.ChannelEndPoint - filled 0 HeapByteBuffer@b72e34d[p=0,l=0,c=8192,r=0]={<<<>>>HTTP/1.1 ...\x00\x00\x00\x00\x00\x00\x00}
13:18:54.928 [qtp853429147-117] DEBUG org.eclipse.jetty.io.ChannelEndPoint - filled 0 HeapByteBuffer@b72e34d[p=0,l=0,c=8192,r=0]={<<<>>>HTTP/1.1 ...\x00\x00\x00\x00\x00\x00\x00}
13:18:54.928 [qtp853429147-117] DEBUG org.eclipse.jetty.server.HttpConnection - HttpConnection@6e8d2e3a::NetworkTrafficSocketChannelEndPoint@43a4a973{/127.0.0.1:65037<->/127.0.0.1:8080,OPEN,fill=-,flush=-,to=0/30000}{io=0/0,kio=0,kro=1}->HttpConnection@6e8d2e3a[p=HttpParser{s=START,0 of -1},g=HttpGenerator@804fda9{s=START}]=>HttpChannelOverHttp@6f222c79{s=HttpChannelState@8ea1132{s=IDLE rs=BLOCKING os=OPEN is=IDLE awp=false se=false i=true al=0},r=1,c=false/false,a=IDLE,uri=null,age=0} filled 0 HeapByteBuffer@b72e34d[p=0,l=0,c=8192,r=0]={<<<>>>HTTP/1.1 ...\x00\x00\x00\x00\x00\x00\x00}
13:18:54.929 [qtp853429147-117] DEBUG org.eclipse.jetty.server.HttpConnection - HttpConnection@6e8d2e3a::NetworkTrafficSocketChannelEndPoint@43a4a973{/127.0.0.1:65037<->/127.0.0.1:8080,OPEN,fill=-,flush=-,to=1/30000}{io=0/0,kio=0,kro=1}->HttpConnection@6e8d2e3a[p=HttpParser{s=START,0 of -1},g=HttpGenerator@804fda9{s=START}]=>HttpChannelOverHttp@6f222c79{s=HttpChannelState@8ea1132{s=IDLE rs=BLOCKING os=OPEN is=IDLE awp=false se=false i=true al=0},r=1,c=false/false,a=IDLE,uri=null,age=0} parse HeapByteBuffer@b72e34d[p=0,l=0,c=8192,r=0]={<<<>>>HTTP/1.1 ...\x00\x00\x00\x00\x00\x00\x00} {}
13:18:54.929 [qtp853429147-117] DEBUG org.eclipse.jetty.http.HttpParser - parseNext s=START HeapByteBuffer@b72e34d[p=0,l=0,c=8192,r=0]={<<<>>>HTTP/1.1 ...\x00\x00\x00\x00\x00\x00\x00}
13:18:54.929 [qtp853429147-117] DEBUG org.eclipse.jetty.server.HttpConnection - HttpConnection@6e8d2e3a::NetworkTrafficSocketChannelEndPoint@43a4a973{/127.0.0.1:65037<->/127.0.0.1:8080,OPEN,fill=-,flush=-,to=1/30000}{io=0/0,kio=0,kro=1}->HttpConnection@6e8d2e3a[p=HttpParser{s=START,0 of -1},g=HttpGenerator@804fda9{s=START}]=>HttpChannelOverHttp@6f222c79{s=HttpChannelState@8ea1132{s=IDLE rs=BLOCKING os=OPEN is=IDLE awp=false se=false i=true al=0},r=1,c=false/false,a=IDLE,uri=null,age=0} parsed false HttpParser{s=START,0 of -1}
13:18:54.929 [qtp853429147-117] DEBUG org.eclipse.jetty.server.HttpConnection - releaseRequestBuffer HttpConnection@6e8d2e3a::NetworkTrafficSocketChannelEndPoint@43a4a973{/127.0.0.1:65037<->/127.0.0.1:8080,OPEN,fill=-,flush=-,to=1/30000}{io=0/0,kio=0,kro=1}->HttpConnection@6e8d2e3a[p=HttpParser{s=START,0 of -1},g=HttpGenerator@804fda9{s=START}]=>HttpChannelOverHttp@6f222c79{s=HttpChannelState@8ea1132{s=IDLE rs=BLOCKING os=OPEN is=IDLE awp=false se=false i=true al=0},r=1,c=false/false,a=IDLE,uri=null,age=0}
13:18:54.929 [qtp853429147-117] DEBUG org.eclipse.jetty.io.AbstractConnection - fillInterested HttpConnection@6e8d2e3a::NetworkTrafficSocketChannelEndPoint@43a4a973{/127.0.0.1:65037<->/127.0.0.1:8080,OPEN,fill=-,flush=-,to=1/30000}{io=0/0,kio=0,kro=1}->HttpConnection@6e8d2e3a[p=HttpParser{s=START,0 of -1},g=HttpGenerator@804fda9{s=START}]=>HttpChannelOverHttp@6f222c79{s=HttpChannelState@8ea1132{s=IDLE rs=BLOCKING os=OPEN is=IDLE awp=false se=false i=true al=0},r=1,c=false/false,a=IDLE,uri=null,age=0}
13:18:54.929 [qtp853429147-117] DEBUG org.eclipse.jetty.io.FillInterest - interested FillInterest@763b5934{AC.ReadCB@6e8d2e3a{HttpConnection@6e8d2e3a::NetworkTrafficSocketChannelEndPoint@43a4a973{/127.0.0.1:65037<->/127.0.0.1:8080,OPEN,fill=FI,flush=-,to=0/30000}{io=0/0,kio=0,kro=1}->HttpConnection@6e8d2e3a[p=HttpParser{s=START,0 of -1},g=HttpGenerator@804fda9{s=START}]=>HttpChannelOverHttp@6f222c79{s=HttpChannelState@8ea1132{s=IDLE rs=BLOCKING os=OPEN is=IDLE awp=false se=false i=true al=0},r=1,c=false/false,a=IDLE,uri=null,age=0}}}
13:18:54.929 [reactor-http-nio-4] INFO com.bi.edp.configuration_stack.adapter.client.forwarder.ForwarderClient - ForwarderClient unauthorized, trying to log in
13:18:54.929 [qtp853429147-117] DEBUG org.eclipse.jetty.io.ChannelEndPoint - changeInterests p=false 0->1 for NetworkTrafficSocketChannelEndPoint@43a4a973{/127.0.0.1:65037<->/127.0.0.1:8080,OPEN,fill=FI,flush=-,to=0/30000}{io=0/1,kio=0,kro=1}->HttpConnection@6e8d2e3a[p=HttpParser{s=START,0 of -1},g=HttpGenerator@804fda9{s=START}]=>HttpChannelOverHttp@6f222c79{s=HttpChannelState@8ea1132{s=IDLE rs=BLOCKING os=OPEN is=IDLE awp=false se=false i=true al=0},r=1,c=false/false,a=IDLE,uri=null,age=0}
13:18:54.929 [qtp853429147-117] DEBUG org.eclipse.jetty.io.ManagedSelector - Queued change org.eclipse.jetty.io.ChannelEndPoint$1@2e00b540 on ManagedSelector@5455ce7b{STARTED} id=0 keys=1 selected=0 updates=0
13:18:54.929 [qtp853429147-117] DEBUG org.eclipse.jetty.io.ManagedSelector - Wakeup on submit ManagedSelector@5455ce7b{STARTED} id=0 keys=1 selected=0 updates=1
13:18:54.929 [qtp853429147-117] DEBUG org.eclipse.jetty.server.HttpConnection - HttpConnection@6e8d2e3a::NetworkTrafficSocketChannelEndPoint@43a4a973{/127.0.0.1:65037<->/127.0.0.1:8080,OPEN,fill=FI,flush=-,to=0/30000}{io=0/1,kio=0,kro=1}->HttpConnection@6e8d2e3a[p=HttpParser{s=START,0 of -1},g=HttpGenerator@804fda9{s=START}]=>HttpChannelOverHttp@6f222c79{s=HttpChannelState@8ea1132{s=IDLE rs=BLOCKING os=OPEN is=IDLE awp=false se=false i=true al=0},r=1,c=false/false,a=IDLE,uri=null,age=0} onFillable exit HttpChannelState@8ea1132{s=IDLE rs=BLOCKING os=OPEN is=IDLE awp=false se=false i=true al=0} null
13:18:54.929 [qtp853429147-117] DEBUG org.eclipse.jetty.util.thread.QueuedThreadPool - ran org.eclipse.jetty.io.ManagedSelector$$Lambda$425/0x00000001005fc040@545fcf48 in QueuedThreadPool[qtp853429147]@32de4b9b{STARTED,8<=8<=14,i=1,r=1,q=0}[ReservedThreadExecutor@7a292eba{s=1/1,p=0}]
13:18:54.931 [reactor-http-nio-4] DEBUG org.springframework.web.reactive.function.client.ExchangeFunctions - [247993a3] HTTP POST http://localhost:8080/api/v0/components/login
13:18:54.932 [reactor-http-nio-4] DEBUG reactor.netty.resources.PooledConnectionProvider - [id: 0xe2094bb2] Created a new pooled channel, now 2 active connections and 0 inactive connections
13:18:54.932 [reactor-http-nio-4] DEBUG reactor.netty.channel.BootstrapHandlers - [id: 0xe2094bb2] Initialized pipeline DefaultChannelPipeline{(BootstrapHandlers$BootstrapInitializerHandler#0 = reactor.netty.channel.BootstrapHandlers$BootstrapInitializerHandler), (PooledConnectionProvider$PooledConnectionAllocator$PooledConnectionInitializer#0 = reactor.netty.resources.PooledConnectionProvider$PooledConnectionAllocator$PooledConnectionInitializer), (reactor.left.httpCodec = io.netty.handler.codec.http.HttpClientCodec), (reactor.right.reactiveBridge = reactor.netty.channel.ChannelOperationsHandler)}
13:18:54.932 [reactor-http-nio-4] DEBUG reactor.netty.resources.PooledConnectionProvider - [id: 0xec8c3365, L:/127.0.0.1:65037 - R:localhost/127.0.0.1:8080] onStateChange(GET{uri=/api/v0/components/provision-adapters/jobs/4886639d-5d96-440b-b467-0b386be7969c, connection=PooledConnection{channel=[id: 0xec8c3365, L:/127.0.0.1:65037 - R:localhost/127.0.0.1:8080]}}, [response_completed])
13:18:54.932 [reactor-http-nio-4] DEBUG reactor.netty.ReactorNetty - [id: 0xec8c3365, L:/127.0.0.1:65037 - R:localhost/127.0.0.1:8080] Removed handler: ReadTimeoutHandler, pipeline: DefaultChannelPipeline{(reactor.left.httpCodec = io.netty.handler.codec.http.HttpClientCodec), (WriteTimeoutHandler = io.netty.handler.timeout.WriteTimeoutHandler), (reactor.right.reactiveBridge = reactor.netty.channel.ChannelOperationsHandler)}
13:18:54.933 [reactor-http-nio-4] DEBUG reactor.netty.ReactorNetty - [id: 0xec8c3365, L:/127.0.0.1:65037 - R:localhost/127.0.0.1:8080] Removed handler: WriteTimeoutHandler, pipeline: DefaultChannelPipeline{(reactor.left.httpCodec = io.netty.handler.codec.http.HttpClientCodec), (reactor.right.reactiveBridge = reactor.netty.channel.ChannelOperationsHandler)}
13:18:54.933 [reactor-http-nio-4] DEBUG reactor.netty.resources.PooledConnectionProvider - [id: 0xec8c3365, L:/127.0.0.1:65037 - R:localhost/127.0.0.1:8080] onStateChange(GET{uri=/api/v0/components/provision-adapters/jobs/4886639d-5d96-440b-b467-0b386be7969c, connection=PooledConnection{channel=[id: 0xec8c3365, L:/127.0.0.1:65037 - R:localhost/127.0.0.1:8080]}}, [disconnecting])
13:18:54.933 [reactor-http-nio-4] DEBUG reactor.netty.resources.PooledConnectionProvider - [id: 0xec8c3365, L:/127.0.0.1:65037 - R:localhost/127.0.0.1:8080] Releasing channel
13:18:54.933 [reactor-http-nio-4] DEBUG reactor.netty.resources.PooledConnectionProvider - [id: 0xec8c3365, L:/127.0.0.1:65037 - R:localhost/127.0.0.1:8080] Channel cleaned, now 1 active connections and 1 inactive connections
13:18:54.934 [reactor-http-nio-4] DEBUG reactor.netty.resources.PooledConnectionProvider - [id: 0xe2094bb2, L:/127.0.0.1:65038 - R:localhost/127.0.0.1:8080] Registering pool release on close event for channel
13:18:54.934 [reactor-http-nio-4] DEBUG reactor.netty.resources.PooledConnectionProvider - [id: 0xe2094bb2, L:/127.0.0.1:65038 - R:localhost/127.0.0.1:8080] Channel connected, now 1 active connections and 1 inactive connections
13:18:54.934 [reactor-http-nio-4] DEBUG reactor.netty.resources.PooledConnectionProvider - [id: 0xe2094bb2, L:/127.0.0.1:65038 - R:localhost/127.0.0.1:8080] onStateChange(PooledConnection{channel=[id: 0xe2094bb2, L:/127.0.0.1:65038 - R:localhost/127.0.0.1:8080]}, [connected])
13:18:54.935 [reactor-http-nio-4] DEBUG reactor.netty.resources.PooledConnectionProvider - [id: 0xe2094bb2, L:/127.0.0.1:65038 - R:localhost/127.0.0.1:8080] onStateChange(GET{uri=/, connection=PooledConnection{channel=[id: 0xe2094bb2, L:/127.0.0.1:65038 - R:localhost/127.0.0.1:8080]}}, [configured])
13:18:54.935 [reactor-http-nio-4] DEBUG reactor.netty.ReactorNetty - [id: 0xe2094bb2, L:/127.0.0.1:65038 - R:localhost/127.0.0.1:8080] Added decoder [ReadTimeoutHandler] at the end of the user pipeline, full pipeline: [reactor.left.httpCodec, ReadTimeoutHandler, reactor.right.reactiveBridge, DefaultChannelPipeline$TailContext#0]
13:18:54.935 [reactor-http-nio-4] DEBUG reactor.netty.ReactorNetty - [id: 0xe2094bb2, L:/127.0.0.1:65038 - R:localhost/127.0.0.1:8080] Added decoder [WriteTimeoutHandler] at the end of the user pipeline, full pipeline: [reactor.left.httpCodec, ReadTimeoutHandler, WriteTimeoutHandler, reactor.right.reactiveBridge, DefaultChannelPipeline$TailContext#0]
13:18:54.935 [reactor-http-nio-4] DEBUG reactor.netty.http.client.HttpClientConnect - [id: 0xe2094bb2, L:/127.0.0.1:65038 - R:localhost/127.0.0.1:8080] Handler is being applied: {uri=http://localhost:8080/api/v0/components/login, method=POST}
13:18:54.936 [reactor-http-nio-4] DEBUG reactor.netty.resources.PooledConnectionProvider - [id: 0xe2094bb2, L:/127.0.0.1:65038 - R:localhost/127.0.0.1:8080] onStateChange(POST{uri=/api/v0/components/login, connection=PooledConnection{channel=[id: 0xe2094bb2, L:/127.0.0.1:65038 - R:localhost/127.0.0.1:8080]}}, [request_prepared])
13:18:54.936 [reactor-http-nio-4] DEBUG org.springframework.core.codec.CharSequenceEncoder - [247993a3] Writing "{"password":"123456","username":"catalogClientApi"}"
13:18:54.938 [qtp853429147-113-acceptor-1@3526903a-NetworkTrafficServerConnector@75579836{HTTP/1.1, (http/1.1)}{0.0.0.0:8080}] DEBUG org.eclipse.jetty.io.ManagedSelector - Queued change org.eclipse.jetty.io.ManagedSelector$Accept@585b427e on ManagedSelector@2e03eae5{STARTED} id=1 keys=1 selected=0 updates=0
13:18:54.938 [reactor-http-nio-4] DEBUG reactor.netty.resources.PooledConnectionProvider - [id: 0xe2094bb2, L:/127.0.0.1:65038 - R:localhost/127.0.0.1:8080] onStateChange(POST{uri=/api/v0/components/login, connection=PooledConnection{channel=[id: 0xe2094bb2, L:/127.0.0.1:65038 - R:localhost/127.0.0.1:8080]}}, [request_sent])
13:18:54.938 [qtp853429147-113-acceptor-1@3526903a-NetworkTrafficServerConnector@75579836{HTTP/1.1, (http/1.1)}{0.0.0.0:8080}] DEBUG org.eclipse.jetty.io.ManagedSelector - Wakeup on submit ManagedSelector@2e03eae5{STARTED} id=1 keys=1 selected=0 updates=1
13:18:54.938 [qtp853429147-111] DEBUG org.eclipse.jetty.io.ManagedSelector - Selector sun.nio.ch.WindowsSelectorImpl@1d61dea3 woken with none selected
13:18:54.938 [qtp853429147-111] DEBUG org.eclipse.jetty.io.ManagedSelector - Selector sun.nio.ch.WindowsSelectorImpl@1d61dea3 woken up from select, 0/0/1 selected
13:18:54.938 [qtp853429147-111] DEBUG org.eclipse.jetty.io.ManagedSelector - Selector sun.nio.ch.WindowsSelectorImpl@1d61dea3 processing 0 keys, 1 updates
13:18:54.938 [qtp853429147-111] DEBUG org.eclipse.jetty.io.ManagedSelector - updateable 1
13:18:54.938 [qtp853429147-111] DEBUG org.eclipse.jetty.io.ManagedSelector - update org.eclipse.jetty.io.ManagedSelector$Accept@585b427e
13:18:54.938 [qtp853429147-111] DEBUG org.eclipse.jetty.util.thread.QueuedThreadPool - queue org.eclipse.jetty.io.ManagedSelector$Accept@585b427e startThread=0
13:18:54.938 [qtp853429147-111] DEBUG org.eclipse.jetty.io.ManagedSelector - updates 0
13:18:54.938 [qtp853429147-111] DEBUG org.eclipse.jetty.io.ManagedSelector - Selector sun.nio.ch.WindowsSelectorImpl@1d61dea3 waiting with 2 keys
13:18:54.938 [qtp853429147-116] DEBUG org.eclipse.jetty.util.thread.QueuedThreadPool - run org.eclipse.jetty.io.ManagedSelector$Accept@585b427e in QueuedThreadPool[qtp853429147]@32de4b9b{STARTED,8<=8<=14,i=1,r=1,q=0}[ReservedThreadExecutor@7a292eba{s=1/1,p=0}]
13:18:54.939 [qtp853429147-116] DEBUG org.eclipse.jetty.io.IdleTimeout - NetworkTrafficSocketChannelEndPoint@29fbb244{/127.0.0.1:65038<->/127.0.0.1:8080,OPEN,fill=-,flush=-,to=0/30000}{io=0/0,kio=0,kro=0}-><null> idle timeout check, elapsed: 0 ms, remaining: 30000 ms
13:18:54.940 [qtp853429147-116] DEBUG org.eclipse.jetty.server.HttpChannel - new HttpChannelOverHttp@63deb67{s=HttpChannelState@2a63e06d{s=IDLE rs=BLOCKING os=OPEN is=IDLE awp=false se=false i=true al=0},r=0,c=false/false,a=IDLE,uri=null,age=0} -> NetworkTrafficSocketChannelEndPoint@29fbb244{/127.0.0.1:65038<->/127.0.0.1:8080,OPEN,fill=-,flush=-,to=1/30000}{io=0/0,kio=0,kro=0}-><null>,null,HttpChannelState@2a63e06d{s=IDLE rs=BLOCKING os=OPEN is=IDLE awp=false se=false i=true al=0}
13:18:54.940 [qtp853429147-116] DEBUG org.eclipse.jetty.server.HttpConnection - New HTTP Connection HttpConnection@1e2ead4::NetworkTrafficSocketChannelEndPoint@29fbb244{/127.0.0.1:65038<->/127.0.0.1:8080,OPEN,fill=-,flush=-,to=1/30000}{io=0/0,kio=0,kro=0}-><null>
13:18:54.940 [qtp853429147-116] DEBUG org.eclipse.jetty.io.AbstractEndPoint - onOpen NetworkTrafficSocketChannelEndPoint@29fbb244{/127.0.0.1:65038<->/127.0.0.1:8080,OPEN,fill=-,flush=-,to=1/30000}{io=0/0,kio=0,kro=0}->HttpConnection@1e2ead4[p=HttpParser{s=START,0 of -1},g=HttpGenerator@757f013e{s=START}]=>HttpChannelOverHttp@63deb67{s=HttpChannelState@2a63e06d{s=IDLE rs=BLOCKING os=OPEN is=IDLE awp=false se=false i=true al=0},r=0,c=false/false,a=IDLE,uri=null,age=0}
13:18:54.940 [qtp853429147-116] DEBUG org.eclipse.jetty.io.AbstractConnection - onOpen HttpConnection@1e2ead4::NetworkTrafficSocketChannelEndPoint@29fbb244{/127.0.0.1:65038<->/127.0.0.1:8080,OPEN,fill=-,flush=-,to=1/30000}{io=0/0,kio=0,kro=0}->HttpConnection@1e2ead4[p=HttpParser{s=START,0 of -1},g=HttpGenerator@757f013e{s=START}]=>HttpChannelOverHttp@63deb67{s=HttpChannelState@2a63e06d{s=IDLE rs=BLOCKING os=OPEN is=IDLE awp=false se=false i=true al=0},r=0,c=false/false,a=IDLE,uri=null,age=0}
13:18:54.940 [qtp853429147-116] DEBUG org.eclipse.jetty.io.AbstractConnection - fillInterested HttpConnection@1e2ead4::NetworkTrafficSocketChannelEndPoint@29fbb244{/127.0.0.1:65038<->/127.0.0.1:8080,OPEN,fill=-,flush=-,to=1/30000}{io=0/0,kio=0,kro=0}->HttpConnection@1e2ead4[p=HttpParser{s=START,0 of -1},g=HttpGenerator@757f013e{s=START}]=>HttpChannelOverHttp@63deb67{s=HttpChannelState@2a63e06d{s=IDLE rs=BLOCKING os=OPEN is=IDLE awp=false se=false i=true al=0},r=0,c=false/false,a=IDLE,uri=null,age=0}
13:18:54.940 [qtp853429147-116] DEBUG org.eclipse.jetty.io.FillInterest - interested FillInterest@1cf0ba25{AC.ReadCB@1e2ead4{HttpConnection@1e2ead4::NetworkTrafficSocketChannelEndPoint@29fbb244{/127.0.0.1:65038<->/127.0.0.1:8080,OPEN,fill=FI,flush=-,to=0/30000}{io=0/0,kio=0,kro=0}->HttpConnection@1e2ead4[p=HttpParser{s=START,0 of -1},g=HttpGenerator@757f013e{s=START}]=>HttpChannelOverHttp@63deb67{s=HttpChannelState@2a63e06d{s=IDLE rs=BLOCKING os=OPEN is=IDLE awp=false se=false i=true al=0},r=0,c=false/false,a=IDLE,uri=null,age=0}}}
13:18:54.940 [qtp853429147-116] DEBUG org.eclipse.jetty.io.ChannelEndPoint - changeInterests p=false 0->1 for NetworkTrafficSocketChannelEndPoint@29fbb244{/127.0.0.1:65038<->/127.0.0.1:8080,OPEN,fill=FI,flush=-,to=0/30000}{io=0/1,kio=0,kro=0}->HttpConnection@1e2ead4[p=HttpParser{s=START,0 of -1},g=HttpGenerator@757f013e{s=START}]=>HttpChannelOverHttp@63deb67{s=HttpChannelState@2a63e06d{s=IDLE rs=BLOCKING os=OPEN is=IDLE awp=false se=false i=true al=0},r=0,c=false/false,a=IDLE,uri=null,age=0}
13:18:54.941 [qtp853429147-116] DEBUG org.eclipse.jetty.io.ManagedSelector - Queued change org.eclipse.jetty.io.ChannelEndPoint$1@2925415e on ManagedSelector@2e03eae5{STARTED} id=1 keys=2 selected=0 updates=0
13:18:54.941 [qtp853429147-116] DEBUG org.eclipse.jetty.io.ManagedSelector - Wakeup on submit ManagedSelector@2e03eae5{STARTED} id=1 keys=2 selected=0 updates=1
13:18:54.941 [qtp853429147-111] DEBUG org.eclipse.jetty.io.ManagedSelector - Selector sun.nio.ch.WindowsSelectorImpl@1d61dea3 woken with none selected
13:18:54.941 [qtp853429147-111] DEBUG org.eclipse.jetty.io.ManagedSelector - Selector sun.nio.ch.WindowsSelectorImpl@1d61dea3 woken up from select, 0/0/2 selected
13:18:54.941 [qtp853429147-111] DEBUG org.eclipse.jetty.io.ManagedSelector - Selector sun.nio.ch.WindowsSelectorImpl@1d61dea3 processing 0 keys, 1 updates
13:18:54.941 [qtp853429147-111] DEBUG org.eclipse.jetty.io.ManagedSelector - updateable 1
13:18:54.941 [qtp853429147-111] DEBUG org.eclipse.jetty.io.ManagedSelector - update org.eclipse.jetty.io.ChannelEndPoint$1@2925415e
13:18:54.941 [qtp853429147-111] DEBUG org.eclipse.jetty.io.ChannelEndPoint - Key interests updated 0 -> 1 on NetworkTrafficSocketChannelEndPoint@29fbb244{/127.0.0.1:65038<->/127.0.0.1:8080,OPEN,fill=FI,flush=-,to=0/30000}{io=1/1,kio=1,kro=0}->HttpConnection@1e2ead4[p=HttpParser{s=START,0 of -1},g=HttpGenerator@757f013e{s=START}]=>HttpChannelOverHttp@63deb67{s=HttpChannelState@2a63e06d{s=IDLE rs=BLOCKING os=OPEN is=IDLE awp=false se=false i=true al=0},r=0,c=false/false,a=IDLE,uri=null,age=0}
13:18:54.941 [qtp853429147-111] DEBUG org.eclipse.jetty.io.ManagedSelector - updates 0
13:18:54.941 [qtp853429147-111] DEBUG org.eclipse.jetty.io.ManagedSelector - Selector sun.nio.ch.WindowsSelectorImpl@1d61dea3 waiting with 2 keys
13:18:54.941 [qtp853429147-111] DEBUG org.eclipse.jetty.io.ManagedSelector - Selector sun.nio.ch.WindowsSelectorImpl@1d61dea3 woken up from select, 1/1/2 selected
13:18:54.941 [qtp853429147-111] DEBUG org.eclipse.jetty.io.ManagedSelector - Selector sun.nio.ch.WindowsSelectorImpl@1d61dea3 processing 1 keys, 0 updates
13:18:54.941 [qtp853429147-111] DEBUG org.eclipse.jetty.io.ManagedSelector - selected 1 channel=java.nio.channels.SocketChannel[connected local=/127.0.0.1:8080 remote=/127.0.0.1:65038], selector=sun.nio.ch.WindowsSelectorImpl@1d61dea3, interestOps=1, readyOps=1 NetworkTrafficSocketChannelEndPoint@29fbb244{/127.0.0.1:65038<->/127.0.0.1:8080,OPEN,fill=FI,flush=-,to=0/30000}{io=1/1,kio=1,kro=1}->HttpConnection@1e2ead4[p=HttpParser{s=START,0 of -1},g=HttpGenerator@757f013e{s=START}]=>HttpChannelOverHttp@63deb67{s=HttpChannelState@2a63e06d{s=IDLE rs=BLOCKING os=OPEN is=IDLE awp=false se=false i=true al=0},r=0,c=false/false,a=IDLE,uri=null,age=0} 
13:18:54.941 [qtp853429147-116] DEBUG org.eclipse.jetty.io.ManagedSelector - Created NetworkTrafficSocketChannelEndPoint@29fbb244{/127.0.0.1:65038<->/127.0.0.1:8080,OPEN,fill=FI,flush=-,to=0/30000}{io=1/1,kio=1,kro=1}->HttpConnection@1e2ead4[p=HttpParser{s=START,0 of -1},g=HttpGenerator@757f013e{s=START}]=>HttpChannelOverHttp@63deb67{s=HttpChannelState@2a63e06d{s=IDLE rs=BLOCKING os=OPEN is=IDLE awp=false se=false i=true al=0},r=0,c=false/false,a=IDLE,uri=null,age=0}
13:18:54.941 [qtp853429147-116] DEBUG org.eclipse.jetty.util.thread.QueuedThreadPool - ran org.eclipse.jetty.io.ManagedSelector$Accept@585b427e in QueuedThreadPool[qtp853429147]@32de4b9b{STARTED,8<=8<=14,i=1,r=1,q=0}[ReservedThreadExecutor@7a292eba{s=1/1,p=0}]
13:18:54.941 [qtp853429147-111] DEBUG org.eclipse.jetty.io.ChannelEndPoint - onSelected 1->0 r=true w=false for NetworkTrafficSocketChannelEndPoint@29fbb244{/127.0.0.1:65038<->/127.0.0.1:8080,OPEN,fill=FI,flush=-,to=0/30000}{io=1/0,kio=1,kro=1}->HttpConnection@1e2ead4[p=HttpParser{s=START,0 of -1},g=HttpGenerator@757f013e{s=START}]=>HttpChannelOverHttp@63deb67{s=HttpChannelState@2a63e06d{s=IDLE rs=BLOCKING os=OPEN is=IDLE awp=false se=false i=true al=0},r=0,c=false/false,a=IDLE,uri=null,age=0}
13:18:54.941 [qtp853429147-111] DEBUG org.eclipse.jetty.io.ChannelEndPoint - task CEP:NetworkTrafficSocketChannelEndPoint@29fbb244{/127.0.0.1:65038<->/127.0.0.1:8080,OPEN,fill=FI,flush=-,to=0/30000}{io=1/0,kio=1,kro=1}->HttpConnection@1e2ead4[p=HttpParser{s=START,0 of -1},g=HttpGenerator@757f013e{s=START}]=>HttpChannelOverHttp@63deb67{s=HttpChannelState@2a63e06d{s=IDLE rs=BLOCKING os=OPEN is=IDLE awp=false se=false i=true al=0},r=0,c=false/false,a=IDLE,uri=null,age=0}:runFillable:BLOCKING
13:18:54.941 [qtp853429147-111] DEBUG org.eclipse.jetty.util.thread.ReservedThreadExecutor - ReservedThreadExecutor@7a292eba{s=1/1,p=0} tryExecute EatWhatYouKill@61ce6731/SelectorProducer@20cb10e8/PRODUCING/p=false/QueuedThreadPool[qtp853429147]@32de4b9b{STARTED,8<=8<=14,i=2,r=1,q=0}[ReservedThreadExecutor@7a292eba{s=1/1,p=0}][pc=0,pic=0,pec=1,epc=2]@2020-09-25T13:18:54.9412809+02:00
13:18:54.942 [qtp853429147-111] DEBUG org.eclipse.jetty.util.thread.ReservedThreadExecutor - ReservedThreadExecutor@7a292eba{s=0/1,p=0}@6314f887 offer EatWhatYouKill@61ce6731/SelectorProducer@20cb10e8/PRODUCING/p=false/QueuedThreadPool[qtp853429147]@32de4b9b{STARTED,8<=8<=14,i=2,r=1,q=0}[ReservedThreadExecutor@7a292eba{s=0/1,p=0}][pc=0,pic=0,pec=1,epc=2]@2020-09-25T13:18:54.9422864+02:00
13:18:54.942 [qtp853429147-111] DEBUG org.eclipse.jetty.util.thread.ReservedThreadExecutor - ReservedThreadExecutor@7a292eba{s=0/1,p=1} startReservedThread p=1
13:18:54.942 [qtp853429147-111] DEBUG org.eclipse.jetty.util.thread.QueuedThreadPool - queue ReservedThreadExecutor@7a292eba{s=0/1,p=1}@72ea7b9 startThread=0
13:18:54.942 [qtp853429147-111] DEBUG org.eclipse.jetty.util.thread.strategy.EatWhatYouKill - EatWhatYouKill@61ce6731/SelectorProducer@20cb10e8/IDLE/p=true/QueuedThreadPool[qtp853429147]@32de4b9b{STARTED,8<=8<=14,i=1,r=1,q=0}[ReservedThreadExecutor@7a292eba{s=0/1,p=1}][pc=0,pic=0,pec=1,epc=2]@2020-09-25T13:18:54.9422864+02:00 m=EXECUTE_PRODUCE_CONSUME t=CEP:NetworkTrafficSocketChannelEndPoint@29fbb244{/127.0.0.1:65038<->/127.0.0.1:8080,OPEN,fill=FI,flush=-,to=1/30000}{io=1/0,kio=1,kro=1}->HttpConnection@1e2ead4[p=HttpParser{s=START,0 of -1},g=HttpGenerator@757f013e{s=START}]=>HttpChannelOverHttp@63deb67{s=HttpChannelState@2a63e06d{s=IDLE rs=BLOCKING os=OPEN is=IDLE awp=false se=false i=true al=0},r=0,c=false/false,a=IDLE,uri=null,age=0}:runFillable:BLOCKING/BLOCKING
13:18:54.942 [qtp853429147-111] DEBUG org.eclipse.jetty.io.FillInterest - fillable FillInterest@1cf0ba25{AC.ReadCB@1e2ead4{HttpConnection@1e2ead4::NetworkTrafficSocketChannelEndPoint@29fbb244{/127.0.0.1:65038<->/127.0.0.1:8080,OPEN,fill=FI,flush=-,to=1/30000}{io=1/0,kio=1,kro=1}->HttpConnection@1e2ead4[p=HttpParser{s=START,0 of -1},g=HttpGenerator@757f013e{s=START}]=>HttpChannelOverHttp@63deb67{s=HttpChannelState@2a63e06d{s=IDLE rs=BLOCKING os=OPEN is=IDLE awp=false se=false i=true al=0},r=0,c=false/false,a=IDLE,uri=null,age=0}}}
13:18:54.942 [qtp853429147-117] DEBUG org.eclipse.jetty.util.thread.QueuedThreadPool - run ReservedThreadExecutor@7a292eba{s=0/1,p=1}@72ea7b9 in QueuedThreadPool[qtp853429147]@32de4b9b{STARTED,8<=8<=14,i=1,r=1,q=0}[ReservedThreadExecutor@7a292eba{s=0/1,p=1}]
13:18:54.942 [qtp853429147-117] DEBUG org.eclipse.jetty.util.thread.ReservedThreadExecutor - ReservedThreadExecutor@7a292eba{s=1/1,p=1}@72ea7b9 started
13:18:54.942 [qtp853429147-117] DEBUG org.eclipse.jetty.util.thread.ReservedThreadExecutor - ReservedThreadExecutor@7a292eba{s=1/1,p=0}@72ea7b9 waiting
13:18:54.942 [qtp853429147-110] DEBUG org.eclipse.jetty.util.thread.ReservedThreadExecutor - ReservedThreadExecutor@7a292eba{s=0/1,p=1}@6314f887 task=EatWhatYouKill@61ce6731/SelectorProducer@20cb10e8/IDLE/p=true/QueuedThreadPool[qtp853429147]@32de4b9b{STARTED,8<=8<=14,i=1,r=1,q=0}[ReservedThreadExecutor@7a292eba{s=0/1,p=1}][pc=0,pic=0,pec=1,epc=3]@2020-09-25T13:18:54.9422864+02:00
13:18:54.942 [qtp853429147-111] DEBUG org.eclipse.jetty.server.HttpConnection - HttpConnection@1e2ead4::NetworkTrafficSocketChannelEndPoint@29fbb244{/127.0.0.1:65038<->/127.0.0.1:8080,OPEN,fill=-,flush=-,to=1/30000}{io=1/0,kio=1,kro=1}->HttpConnection@1e2ead4[p=HttpParser{s=START,0 of -1},g=HttpGenerator@757f013e{s=START}]=>HttpChannelOverHttp@63deb67{s=HttpChannelState@2a63e06d{s=IDLE rs=BLOCKING os=OPEN is=IDLE awp=false se=false i=true al=0},r=0,c=false/false,a=IDLE,uri=null,age=0} onFillable enter HttpChannelState@2a63e06d{s=IDLE rs=BLOCKING os=OPEN is=IDLE awp=false se=false i=true al=0} null
13:18:54.942 [qtp853429147-110] DEBUG org.eclipse.jetty.util.thread.strategy.EatWhatYouKill - EatWhatYouKill@61ce6731/SelectorProducer@20cb10e8/IDLE/p=true/QueuedThreadPool[qtp853429147]@32de4b9b{STARTED,8<=8<=14,i=1,r=1,q=0}[ReservedThreadExecutor@7a292eba{s=1/1,p=0}][pc=0,pic=0,pec=1,epc=3]@2020-09-25T13:18:54.9422864+02:00 tryProduce true
13:18:54.942 [qtp853429147-110] DEBUG org.eclipse.jetty.io.ManagedSelector - updateable 0
13:18:54.942 [qtp853429147-110] DEBUG org.eclipse.jetty.io.ManagedSelector - updates 0
13:18:54.942 [qtp853429147-111] DEBUG org.eclipse.jetty.io.ChannelEndPoint - filled 220 HeapByteBuffer@b72e34d[p=0,l=220,c=8192,r=220]={<<<POST /api/v0/components/l...me":"catalogClientApi"}>>>8-40fc-bc...\x00\x00\x00\x00\x00\x00\x00}
13:18:54.942 [qtp853429147-110] DEBUG org.eclipse.jetty.io.ChannelEndPoint - Key interests updated 1 -> 0 on NetworkTrafficSocketChannelEndPoint@29fbb244{/127.0.0.1:65038<->/127.0.0.1:8080,OPEN,fill=-,flush=-,to=1/30000}{io=0/0,kio=0,kro=1}->HttpConnection@1e2ead4[p=HttpParser{s=START,0 of -1},g=HttpGenerator@757f013e{s=START}]=>HttpChannelOverHttp@63deb67{s=HttpChannelState@2a63e06d{s=IDLE rs=BLOCKING os=OPEN is=IDLE awp=false se=false i=true al=0},r=0,c=false/false,a=IDLE,uri=null,age=0}
13:18:54.942 [qtp853429147-110] DEBUG org.eclipse.jetty.io.ManagedSelector - Selector sun.nio.ch.WindowsSelectorImpl@1d61dea3 waiting with 2 keys
13:18:54.942 [qtp853429147-111] DEBUG org.eclipse.jetty.server.HttpConnection - HttpConnection@1e2ead4::NetworkTrafficSocketChannelEndPoint@29fbb244{/127.0.0.1:65038<->/127.0.0.1:8080,OPEN,fill=-,flush=-,to=0/30000}{io=0/0,kio=0,kro=1}->HttpConnection@1e2ead4[p=HttpParser{s=START,0 of -1},g=HttpGenerator@757f013e{s=START}]=>HttpChannelOverHttp@63deb67{s=HttpChannelState@2a63e06d{s=IDLE rs=BLOCKING os=OPEN is=IDLE awp=false se=false i=true al=0},r=0,c=false/false,a=IDLE,uri=null,age=0} filled 220 HeapByteBuffer@b72e34d[p=0,l=220,c=8192,r=220]={<<<POST /api/v0/components/l...me":"catalogClientApi"}>>>8-40fc-bc...\x00\x00\x00\x00\x00\x00\x00}
13:18:54.943 [qtp853429147-111] DEBUG org.eclipse.jetty.server.HttpConnection - HttpConnection@1e2ead4::NetworkTrafficSocketChannelEndPoint@29fbb244{/127.0.0.1:65038<->/127.0.0.1:8080,OPEN,fill=-,flush=-,to=0/30000}{io=0/0,kio=0,kro=1}->HttpConnection@1e2ead4[p=HttpParser{s=START,0 of -1},g=HttpGenerator@757f013e{s=START}]=>HttpChannelOverHttp@63deb67{s=HttpChannelState@2a63e06d{s=IDLE rs=BLOCKING os=OPEN is=IDLE awp=false se=false i=true al=0},r=0,c=false/false,a=IDLE,uri=null,age=0} parse HeapByteBuffer@b72e34d[p=0,l=220,c=8192,r=220]={<<<POST /api/v0/components/l...me":"catalogClientApi"}>>>8-40fc-bc...\x00\x00\x00\x00\x00\x00\x00} {}
13:18:54.943 [qtp853429147-111] DEBUG org.eclipse.jetty.http.HttpParser - parseNext s=START HeapByteBuffer@b72e34d[p=0,l=220,c=8192,r=220]={<<<POST /api/v0/components/l...me":"catalogClientApi"}>>>8-40fc-bc...\x00\x00\x00\x00\x00\x00\x00}
13:18:54.943 [qtp853429147-111] DEBUG org.eclipse.jetty.http.HttpParser - START --> SPACE1
13:18:54.943 [qtp853429147-111] DEBUG org.eclipse.jetty.http.HttpParser - SPACE1 --> URI
13:18:54.943 [qtp853429147-111] DEBUG org.eclipse.jetty.http.HttpParser - URI --> SPACE2
13:18:54.943 [qtp853429147-111] DEBUG org.eclipse.jetty.http.HttpParser - SPACE2 --> REQUEST_VERSION
13:18:54.943 [qtp853429147-111] DEBUG org.eclipse.jetty.http.HttpParser - REQUEST_VERSION --> HEADER
13:18:54.943 [qtp853429147-111] DEBUG org.eclipse.jetty.http.HttpParser - HEADER:User-Agent --> VALUE
13:18:54.943 [qtp853429147-111] DEBUG org.eclipse.jetty.http.HttpParser - HEADER:User-Agent --> IN_VALUE
13:18:54.943 [qtp853429147-111] DEBUG org.eclipse.jetty.http.HttpParser - HEADER:User-Agent --> FIELD
13:18:54.943 [qtp853429147-111] DEBUG org.eclipse.jetty.http.HttpParser - HEADER:Host --> VALUE
13:18:54.943 [qtp853429147-111] DEBUG org.eclipse.jetty.http.HttpParser - HEADER:Host --> IN_VALUE
13:18:54.943 [qtp853429147-111] DEBUG org.eclipse.jetty.http.HttpParser - HEADER:Host --> FIELD
13:18:54.943 [qtp853429147-111] DEBUG org.eclipse.jetty.http.HttpParser - HEADER:Accept: */* --> IN_VALUE
13:18:54.943 [qtp853429147-111] DEBUG org.eclipse.jetty.http.HttpParser - HEADER:Accept: */* --> FIELD
13:18:54.943 [qtp853429147-111] DEBUG org.eclipse.jetty.http.HttpParser - HEADER:Content-Type: application/json --> IN_VALUE
13:18:54.943 [qtp853429147-111] DEBUG org.eclipse.jetty.http.HttpParser - HEADER:Content-Type: application/json --> FIELD
13:18:54.943 [qtp853429147-111] DEBUG org.eclipse.jetty.http.HttpParser - HEADER:Content-Length --> VALUE
13:18:54.943 [qtp853429147-111] DEBUG org.eclipse.jetty.http.HttpParser - HEADER:Content-Length --> IN_VALUE
13:18:54.943 [qtp853429147-111] DEBUG org.eclipse.jetty.http.HttpParser - HEADER:Content-Length --> FIELD
13:18:54.943 [qtp853429147-111] DEBUG org.eclipse.jetty.http.HttpParser - HEADER --> CONTENT
13:18:54.943 [qtp853429147-111] DEBUG org.eclipse.jetty.server.HttpChannel - REQUEST for //localhost:8080/api/v0/components/login on HttpChannelOverHttp@63deb67{s=HttpChannelState@2a63e06d{s=IDLE rs=BLOCKING os=OPEN is=IDLE awp=false se=false i=true al=0},r=1,c=false/false,a=IDLE,uri=//localhost:8080/api/v0/components/login,age=0}
POST //localhost:8080/api/v0/components/login HTTP/1.1
User-Agent: ReactorNetty/0.9.7.RELEASE
Host: localhost:8080
Accept: */*
Content-Type: application/json
Content-Length: 51


13:18:54.943 [qtp853429147-111] DEBUG org.eclipse.jetty.server.HttpConnection - HttpConnection@1e2ead4::NetworkTrafficSocketChannelEndPoint@29fbb244{/127.0.0.1:65038<->/127.0.0.1:8080,OPEN,fill=-,flush=-,to=0/30000}{io=0/0,kio=0,kro=1}->HttpConnection@1e2ead4[p=HttpParser{s=CONTENT,0 of 51},g=HttpGenerator@757f013e{s=START}]=>HttpChannelOverHttp@63deb67{s=HttpChannelState@2a63e06d{s=IDLE rs=BLOCKING os=OPEN is=IDLE awp=false se=false i=true al=0},r=1,c=false/false,a=IDLE,uri=//localhost:8080/api/v0/components/login,age=0} parsed true HttpParser{s=CONTENT,0 of 51}
13:18:54.943 [qtp853429147-111] DEBUG org.eclipse.jetty.server.HttpChannel - handle //localhost:8080/api/v0/components/login HttpChannelOverHttp@63deb67{s=HttpChannelState@2a63e06d{s=IDLE rs=BLOCKING os=OPEN is=IDLE awp=false se=false i=true al=0},r=1,c=false/false,a=IDLE,uri=//localhost:8080/api/v0/components/login,age=0} 
13:18:54.943 [qtp853429147-111] DEBUG org.eclipse.jetty.server.HttpChannelState - handling HttpChannelState@2a63e06d{s=IDLE rs=BLOCKING os=OPEN is=IDLE awp=false se=false i=true al=0}
13:18:54.943 [qtp853429147-111] DEBUG org.eclipse.jetty.server.HttpChannel - action DISPATCH HttpChannelOverHttp@63deb67{s=HttpChannelState@2a63e06d{s=HANDLING rs=BLOCKING os=OPEN is=IDLE awp=false se=false i=true al=0},r=1,c=false/false,a=HANDLING,uri=//localhost:8080/api/v0/components/login,age=0}
13:18:54.943 [qtp853429147-111] DEBUG org.eclipse.jetty.server.Server - REQUEST POST /api/v0/components/login on HttpChannelOverHttp@63deb67{s=HttpChannelState@2a63e06d{s=HANDLING rs=BLOCKING os=OPEN is=IDLE awp=false se=false i=true al=0},r=1,c=false/false,a=HANDLING,uri=//localhost:8080/api/v0/components/login,age=0}
13:18:54.944 [qtp853429147-111] DEBUG org.eclipse.jetty.server.handler.ContextHandler - scope null||/api/v0/components/login @ o.e.j.s.ServletContextHandler@5e5ac5d9{/__admin,null,AVAILABLE}
13:18:54.944 [qtp853429147-111] DEBUG org.eclipse.jetty.server.handler.gzip.GzipHandler - GzipHandler@21af4110{STARTED,min=32,inflate=-1} handle Request(POST //localhost:8080/api/v0/components/login)@2fe77ea1 in null
13:18:54.944 [qtp853429147-111] DEBUG org.eclipse.jetty.server.handler.ContextHandler - scope null||/api/v0/components/login @ o.e.j.s.ServletContextHandler@6e64e885{/,null,AVAILABLE}
13:18:54.944 [qtp853429147-111] DEBUG org.eclipse.jetty.server.handler.ContextHandler - context=||/api/v0/components/login @ o.e.j.s.ServletContextHandler@6e64e885{/,null,AVAILABLE}
13:18:54.944 [qtp853429147-111] DEBUG org.eclipse.jetty.servlet.ServletHandler - servlet |/api/v0/components/login|null -> com.github.tomakehurst.wiremock.servlet.WireMockHandlerDispatchingServlet-1e42b4e4@7b02e0a1==com.github.tomakehurst.wiremock.servlet.WireMockHandlerDispatchingServlet,jsp=null,order=-1,inst=true,async=true
13:18:54.944 [qtp853429147-111] DEBUG org.eclipse.jetty.servlet.ServletHandler - chain=org.eclipse.jetty.servlets.CrossOriginFilter-c527a6@c527a6==org.eclipse.jetty.servlets.CrossOriginFilter,inst=true,async=true->com.github.tomakehurst.wiremock.servlet.WireMockHandlerDispatchingServlet-1e42b4e4@7b02e0a1==com.github.tomakehurst.wiremock.servlet.WireMockHandlerDispatchingServlet,jsp=null,order=-1,inst=true,async=true
13:18:54.944 [qtp853429147-111] DEBUG org.eclipse.jetty.servlet.ServletHandler - call filter org.eclipse.jetty.servlets.CrossOriginFilter-c527a6@c527a6==org.eclipse.jetty.servlets.CrossOriginFilter,inst=true,async=true
13:18:54.944 [qtp853429147-111] DEBUG org.eclipse.jetty.servlet.ServletHandler - call servlet com.github.tomakehurst.wiremock.servlet.WireMockHandlerDispatchingServlet-1e42b4e4@7b02e0a1==com.github.tomakehurst.wiremock.servlet.WireMockHandlerDispatchingServlet,jsp=null,order=-1,inst=true,async=true
13:18:54.944 [qtp853429147-111] DEBUG org.eclipse.jetty.server.HttpConnection - HttpConnection@1e2ead4::NetworkTrafficSocketChannelEndPoint@29fbb244{/127.0.0.1:65038<->/127.0.0.1:8080,OPEN,fill=-,flush=-,to=2/30000}{io=0/0,kio=0,kro=1}->HttpConnection@1e2ead4[p=HttpParser{s=CONTENT,0 of 51},g=HttpGenerator@757f013e{s=START}]=>HttpChannelOverHttp@63deb67{s=HttpChannelState@2a63e06d{s=HANDLING rs=BLOCKING os=OPEN is=IDLE awp=false se=false i=true al=0},r=1,c=false/false,a=HANDLING,uri=//localhost:8080/api/v0/components/login,age=1} parse HeapByteBuffer@b72e34d[p=169,l=220,c=8192,r=51]={POST /api... 51\r\n\r\n<<<{"password":"123456","use...me":"catalogClientApi"}>>>8-40fc-bc...\x00\x00\x00\x00\x00\x00\x00} {}
13:18:54.944 [qtp853429147-111] DEBUG org.eclipse.jetty.http.HttpParser - parseNext s=CONTENT HeapByteBuffer@b72e34d[p=169,l=220,c=8192,r=51]={POST /api... 51\r\n\r\n<<<{"password":"123456","use...me":"catalogClientApi"}>>>8-40fc-bc...\x00\x00\x00\x00\x00\x00\x00}
13:18:54.945 [qtp853429147-111] DEBUG org.eclipse.jetty.server.HttpChannel - onContent HttpChannelOverHttp@63deb67{s=HttpChannelState@2a63e06d{s=HANDLING rs=BLOCKING os=OPEN is=IDLE awp=false se=false i=true al=0},r=1,c=false/false,a=HANDLING,uri=//localhost:8080/api/v0/components/login,age=2} Content@4fabd663{HeapByteBufferR@38b77172[p=169,l=220,c=8192,r=51]={POST /api... 51\r\n\r\n<<<{"password":"123456","use...me":"catalogClientApi"}>>>8-40fc-bc...\x00\x00\x00\x00\x00\x00\x00}}
13:18:54.945 [qtp853429147-111] DEBUG org.eclipse.jetty.server.HttpInput - HttpInputOverHTTP@4ad61ab2[c=0,q=0,[0]=null,s=STREAM] addContent Content@4fabd663{HeapByteBufferR@38b77172[p=169,l=220,c=8192,r=51]={POST /api... 51\r\n\r\n<<<{"password":"123456","use...me":"catalogClientApi"}>>>8-40fc-bc...\x00\x00\x00\x00\x00\x00\x00}}
13:18:54.945 [qtp853429147-111] DEBUG org.eclipse.jetty.http.HttpParser - CONTENT --> CONTENT_END
13:18:54.945 [qtp853429147-111] DEBUG org.eclipse.jetty.server.HttpChannel - onContentComplete HttpChannelOverHttp@63deb67{s=HttpChannelState@2a63e06d{s=HANDLING rs=BLOCKING os=OPEN is=IDLE awp=false se=false i=true al=0},r=1,c=false/false,a=HANDLING,uri=//localhost:8080/api/v0/components/login,age=2}
13:18:54.945 [qtp853429147-111] DEBUG org.eclipse.jetty.http.HttpParser - CONTENT_END --> END
13:18:54.945 [qtp853429147-111] DEBUG org.eclipse.jetty.server.HttpChannel - onRequestComplete HttpChannelOverHttp@63deb67{s=HttpChannelState@2a63e06d{s=HANDLING rs=BLOCKING os=OPEN is=IDLE awp=false se=false i=true al=0},r=1,c=false/false,a=HANDLING,uri=//localhost:8080/api/v0/components/login,age=2}
13:18:54.945 [qtp853429147-111] DEBUG org.eclipse.jetty.server.HttpInput - HttpInputOverHTTP@4ad61ab2[c=0,q=1,[0]=EOF,s=STREAM] addContent EOF
13:18:54.945 [qtp853429147-111] DEBUG org.eclipse.jetty.server.HttpConnection - HttpConnection@1e2ead4::NetworkTrafficSocketChannelEndPoint@29fbb244{/127.0.0.1:65038<->/127.0.0.1:8080,OPEN,fill=-,flush=-,to=2/30000}{io=0/0,kio=0,kro=1}->HttpConnection@1e2ead4[p=HttpParser{s=END,51 of 51},g=HttpGenerator@757f013e{s=START}]=>HttpChannelOverHttp@63deb67{s=HttpChannelState@2a63e06d{s=HANDLING rs=BLOCKING os=OPEN is=IDLE awp=false se=false i=true al=0},r=1,c=false/false,a=HANDLING,uri=//localhost:8080/api/v0/components/login,age=2} parsed false HttpParser{s=END,51 of 51}
13:18:54.945 [qtp853429147-111] DEBUG org.eclipse.jetty.server.HttpInput - HttpInputOverHTTP@4ad61ab2[c=51,q=1,[0]=EOF,s=STREAM] read 51 from Content@4fabd663{HeapByteBufferR@38b77172[p=220,l=220,c=8192,r=0]={POST /api...ntApi"}<<<>>>8-40fc-bc...\x00\x00\x00\x00\x00\x00\x00}}
13:18:54.945 [qtp853429147-111] DEBUG org.eclipse.jetty.server.HttpConnection - releaseRequestBuffer HttpConnection@1e2ead4::NetworkTrafficSocketChannelEndPoint@29fbb244{/127.0.0.1:65038<->/127.0.0.1:8080,OPEN,fill=-,flush=-,to=2/30000}{io=0/0,kio=0,kro=1}->HttpConnection@1e2ead4[p=HttpParser{s=END,51 of 51},g=HttpGenerator@757f013e{s=START}]=>HttpChannelOverHttp@63deb67{s=HttpChannelState@2a63e06d{s=HANDLING rs=BLOCKING os=OPEN is=IDLE awp=false se=false i=true al=0},r=1,c=false/false,a=HANDLING,uri=//localhost:8080/api/v0/components/login,age=2}
13:18:54.945 [qtp853429147-111] DEBUG org.eclipse.jetty.server.HttpChannelState - onEof HttpChannelState@2a63e06d{s=HANDLING rs=BLOCKING os=OPEN is=IDLE awp=false se=false i=true al=0}
13:18:54.949 [qtp853429147-111] DEBUG org.eclipse.jetty.server.HttpOutput - write(array HeapByteBuffer@5e50673f[p=0,l=21,c=8192,r=21]={<<<{"token":"someToken"}>>>\x00\x00\x00\x00\x00\x00\x00\x00\x00...\x00\x00\x00\x00\x00\x00\x00})
13:18:54.949 [qtp853429147-111] DEBUG org.eclipse.jetty.server.HttpOutput - write(array) s=OPEN,api=BLOCKING,sc=false,e=null aggregated !flush HeapByteBuffer@4f59ba58[p=0,l=21,c=32768,r=21]={<<<{"token":"someToken"}>>>\x00\x00\x00\x00\x00\x00\x00\x00\x00...\x00\x00\x00\x00\x00\x00\x00}
13:18:54.949 [qtp853429147-111] DEBUG org.eclipse.jetty.server.handler.gzip.GzipHandler - GzipHandler@21af4110{STARTED,min=32,inflate=-1} excluded not gzip accept Request(POST //localhost:8080/api/v0/components/login)@2fe77ea1
13:18:54.949 [qtp853429147-111] DEBUG org.eclipse.jetty.server.handler.gzip.GzipHttpOutputInterceptor - org.eclipse.jetty.server.handler.gzip.GzipHttpOutputInterceptor@4c666e20 exclude no deflater
13:18:54.949 [qtp853429147-111] DEBUG org.eclipse.jetty.server.HttpChannel - sendResponse info=null content=HeapByteBuffer@4f59ba58[p=0,l=21,c=32768,r=21]={<<<{"token":"someToken"}>>>\x00\x00\x00\x00\x00\x00\x00\x00\x00...\x00\x00\x00\x00\x00\x00\x00} complete=false committing=true callback=Blocker@361fee94{null}
13:18:54.949 [qtp853429147-111] DEBUG org.eclipse.jetty.server.HttpChannel - COMMIT for /api/v0/components/login on HttpChannelOverHttp@63deb67{s=HttpChannelState@2a63e06d{s=HANDLING rs=BLOCKING os=COMMITTED is=READY awp=false se=false i=true al=0},r=1,c=false/false,a=HANDLING,uri=//localhost:8080/api/v0/components/login,age=6}
200 null HTTP/1.1
Content-Type: application/json
Matched-Stub-Id: 7dc3e678-e7ee-4d90-b520-ac4e94a1e9c9
Vary: Accept-Encoding, User-Agent


13:18:54.950 [qtp853429147-111] DEBUG org.eclipse.jetty.server.HttpConnection - generate: NEED_HEADER for org.eclipse.jetty.server.HttpConnection$SendCallback@6bab1ef7[PROCESSING][i=HTTP/1.1{s=200,h=3,cl=-1},cb=org.eclipse.jetty.server.HttpChannel$SendCallback@69a2f2a0] (null,[p=0,l=21,c=32768,r=21],false)@START
13:18:54.950 [qtp853429147-111] DEBUG org.eclipse.jetty.http.HttpGenerator - generateHeaders HTTP/1.1{s=200,h=3,cl=-1} last=false content=HeapByteBuffer@4f59ba58[p=0,l=21,c=32768,r=21]={<<<{"token":"someToken"}>>>\x00\x00\x00\x00\x00\x00\x00\x00\x00...\x00\x00\x00\x00\x00\x00\x00}
13:18:54.950 [qtp853429147-111] DEBUG org.eclipse.jetty.http.HttpGenerator - Content-Type: application/json
Matched-Stub-Id: 7dc3e678-e7ee-4d90-b520-ac4e94a1e9c9
Vary: Accept-Encoding, User-Agent


13:18:54.950 [qtp853429147-111] DEBUG org.eclipse.jetty.http.HttpGenerator - CHUNKED_CONTENT
13:18:54.950 [qtp853429147-111] DEBUG org.eclipse.jetty.server.HttpConnection - generate: FLUSH for org.eclipse.jetty.server.HttpConnection$SendCallback@6bab1ef7[PROCESSING][i=HTTP/1.1{s=200,h=3,cl=-1},cb=org.eclipse.jetty.server.HttpChannel$SendCallback@69a2f2a0] ([p=0,l=206,c=8192,r=206],[p=0,l=21,c=32768,r=21],false)@COMMITTED
13:18:54.950 [qtp853429147-111] DEBUG org.eclipse.jetty.io.WriteFlusher - write: WriteFlusher@16ca86da{IDLE}->null [HeapByteBuffer@b72e34d[p=0,l=206,c=8192,r=206]={<<<HTTP/1.1 200 OK\r\nContent-...4.28.v20200408)\r\n\r\n15\r\n>>>logClient...\x00\x00\x00\x00\x00\x00\x00},HeapByteBuffer@4f59ba58[p=0,l=21,c=32768,r=21]={<<<{"token":"someToken"}>>>\x00\x00\x00\x00\x00\x00\x00\x00\x00...\x00\x00\x00\x00\x00\x00\x00}]
13:18:54.950 [qtp853429147-111] DEBUG org.eclipse.jetty.io.WriteFlusher - update WriteFlusher@16ca86da{WRITING}->null:IDLE-->WRITING
13:18:54.950 [qtp853429147-111] DEBUG org.eclipse.jetty.io.ChannelEndPoint - flushed 206 NetworkTrafficSocketChannelEndPoint@29fbb244{/127.0.0.1:65038<->/127.0.0.1:8080,OPEN,fill=-,flush=W,to=7/30000}{io=0/0,kio=0,kro=1}->HttpConnection@1e2ead4[p=HttpParser{s=END,51 of 51},g=HttpGenerator@757f013e{s=COMMITTED}]=>HttpChannelOverHttp@63deb67{s=HttpChannelState@2a63e06d{s=HANDLING rs=BLOCKING os=COMMITTED is=READY awp=false se=false i=true al=0},r=1,c=false/false,a=HANDLING,uri=//localhost:8080/api/v0/components/login,age=7}
13:18:54.951 [reactor-http-nio-4] DEBUG reactor.netty.http.client.HttpClientOperations - [id: 0xe2094bb2, L:/127.0.0.1:65038 - R:localhost/127.0.0.1:8080] Received response (auto-read:false) : [Content-Type=application/json, Matched-Stub-Id=7dc3e678-e7ee-4d90-b520-ac4e94a1e9c9, Vary=Accept-Encoding, User-Agent, Transfer-Encoding=chunked, Server=Jetty(9.4.28.v20200408)]
13:18:54.951 [reactor-http-nio-4] DEBUG reactor.netty.resources.PooledConnectionProvider - [id: 0xe2094bb2, L:/127.0.0.1:65038 - R:localhost/127.0.0.1:8080] onStateChange(POST{uri=/api/v0/components/login, connection=PooledConnection{channel=[id: 0xe2094bb2, L:/127.0.0.1:65038 - R:localhost/127.0.0.1:8080]}}, [response_received])
13:18:54.952 [reactor-http-nio-4] DEBUG org.springframework.web.reactive.function.client.ExchangeFunctions - [247993a3] Response 200 OK
13:18:54.952 [qtp853429147-111] DEBUG org.eclipse.jetty.io.ChannelEndPoint - flushed 21 NetworkTrafficSocketChannelEndPoint@29fbb244{/127.0.0.1:65038<->/127.0.0.1:8080,OPEN,fill=-,flush=W,to=0/30000}{io=0/0,kio=0,kro=1}->HttpConnection@1e2ead4[p=HttpParser{s=END,51 of 51},g=HttpGenerator@757f013e{s=COMMITTED}]=>HttpChannelOverHttp@63deb67{s=HttpChannelState@2a63e06d{s=HANDLING rs=BLOCKING os=COMMITTED is=READY awp=false se=false i=true al=0},r=1,c=false/false,a=HANDLING,uri=//localhost:8080/api/v0/components/login,age=9}
13:18:54.952 [qtp853429147-111] DEBUG org.eclipse.jetty.io.WriteFlusher - Flushed=true written=227 remaining=0 WriteFlusher@16ca86da{WRITING}->null
13:18:54.952 [qtp853429147-111] DEBUG org.eclipse.jetty.io.WriteFlusher - update WriteFlusher@16ca86da{IDLE}->null:WRITING-->IDLE
13:18:54.952 [qtp853429147-111] DEBUG org.eclipse.jetty.server.HttpConnection - generate: DONE for org.eclipse.jetty.server.HttpConnection$SendCallback@6bab1ef7[PROCESSING][i=HTTP/1.1{s=200,h=3,cl=-1},cb=org.eclipse.jetty.server.HttpChannel$SendCallback@69a2f2a0] ([p=206,l=206,c=8192,r=0],[p=21,l=21,c=32768,r=0],false)@COMMITTED
13:18:54.952 [qtp853429147-111] DEBUG org.eclipse.jetty.server.HttpOutput - onWriteComplete(false,null) s=OPEN,api=BLOCKED,sc=false,e=null->s=OPEN,api=BLOCKING,sc=false,e=null c=null cb=null w=false
13:18:54.952 [qtp853429147-111] DEBUG org.eclipse.jetty.server.HttpOutput - close() s=CLOSING,api=BLOCKED,sc=false,e=null c=HeapByteBuffer@137d328[p=0,l=0,c=0,r=0]={<<<>>>} b=Blocker@361fee94{null}
13:18:54.952 [qtp853429147-111] DEBUG org.eclipse.jetty.server.HttpChannel - sendResponse info=null content=HeapByteBuffer@137d328[p=0,l=0,c=0,r=0]={<<<>>>} complete=true committing=false callback=Blocker@361fee94{null}
13:18:54.952 [reactor-http-nio-4] DEBUG reactor.netty.channel.FluxReceive - [id: 0xe2094bb2, L:/127.0.0.1:65038 - R:localhost/127.0.0.1:8080] Subscribing inbound receiver [pending: 0, cancelled:false, inboundDone: false]
13:18:54.952 [qtp853429147-111] DEBUG org.eclipse.jetty.server.HttpConnection - generate: CONTINUE for org.eclipse.jetty.server.HttpConnection$SendCallback@6bab1ef7[PROCESSING][i=null,cb=org.eclipse.jetty.server.HttpChannel$SendCallback@5f68a1d9] (null,[p=0,l=0,c=0,r=0],true)@COMPLETING
13:18:54.953 [qtp853429147-111] DEBUG org.eclipse.jetty.server.HttpConnection - generate: NEED_CHUNK for org.eclipse.jetty.server.HttpConnection$SendCallback@6bab1ef7[PROCESSING][i=null,cb=org.eclipse.jetty.server.HttpChannel$SendCallback@5f68a1d9] (null,[p=0,l=0,c=0,r=0],true)@COMPLETING
13:18:54.953 [qtp853429147-111] DEBUG org.eclipse.jetty.server.HttpConnection - generate: FLUSH for org.eclipse.jetty.server.HttpConnection$SendCallback@6bab1ef7[PROCESSING][i=null,cb=org.eclipse.jetty.server.HttpChannel$SendCallback@5f68a1d9] (null,[p=0,l=0,c=0,r=0],true)@COMPLETING
13:18:54.953 [qtp853429147-111] DEBUG org.eclipse.jetty.io.WriteFlusher - write: WriteFlusher@16ca86da{IDLE}->null [HeapByteBuffer@50786100[p=0,l=7,c=1024,r=7]={<<<\r\n0\r\n\r\n>>>\x00\x00\x00\x00\x00\x00\x00\x00\x00...\x00\x00\x00\x00\x00\x00\x00}]
13:18:54.953 [qtp853429147-111] DEBUG org.eclipse.jetty.io.WriteFlusher - update WriteFlusher@16ca86da{WRITING}->null:IDLE-->WRITING
13:18:54.953 [qtp853429147-111] DEBUG org.eclipse.jetty.io.ChannelEndPoint - flushed 7 NetworkTrafficSocketChannelEndPoint@29fbb244{/127.0.0.1:65038<->/127.0.0.1:8080,OPEN,fill=-,flush=W,to=1/30000}{io=0/0,kio=0,kro=1}->HttpConnection@1e2ead4[p=HttpParser{s=END,51 of 51},g=HttpGenerator@757f013e{s=COMPLETING}]=>HttpChannelOverHttp@63deb67{s=HttpChannelState@2a63e06d{s=HANDLING rs=BLOCKING os=COMMITTED is=READY awp=false se=false i=true al=0},r=1,c=false/false,a=HANDLING,uri=//localhost:8080/api/v0/components/login,age=10}
13:18:54.953 [qtp853429147-111] DEBUG org.eclipse.jetty.io.WriteFlusher - Flushed=true written=7 remaining=0 WriteFlusher@16ca86da{WRITING}->null
13:18:54.953 [qtp853429147-111] DEBUG org.eclipse.jetty.io.WriteFlusher - update WriteFlusher@16ca86da{IDLE}->null:WRITING-->IDLE
13:18:54.953 [qtp853429147-111] DEBUG org.eclipse.jetty.server.HttpConnection - generate: DONE for org.eclipse.jetty.server.HttpConnection$SendCallback@6bab1ef7[PROCESSING][i=null,cb=org.eclipse.jetty.server.HttpChannel$SendCallback@5f68a1d9] (null,[p=0,l=0,c=0,r=0],true)@END
13:18:54.953 [qtp853429147-111] DEBUG org.eclipse.jetty.server.HttpOutput - onWriteComplete(true,null) s=CLOSING,api=BLOCKED,sc=false,e=null->s=CLOSED,api=BLOCKING,sc=false,e=null c=null cb=null w=false
13:18:54.954 [qtp853429147-111] DEBUG org.eclipse.jetty.server.Server - handled=true async=false committed=true on HttpChannelOverHttp@63deb67{s=HttpChannelState@2a63e06d{s=HANDLING rs=BLOCKING os=COMPLETED is=READY awp=false se=false i=true al=0},r=1,c=false/true,a=HANDLING,uri=//localhost:8080/api/v0/components/login,age=11}
13:18:54.954 [qtp853429147-111] DEBUG org.eclipse.jetty.server.HttpChannelState - unhandle HttpChannelState@2a63e06d{s=HANDLING rs=BLOCKING os=COMPLETED is=READY awp=false se=false i=true al=0}
13:18:54.954 [qtp853429147-111] DEBUG org.eclipse.jetty.server.HttpChannelState - nextAction(false) COMPLETE HttpChannelState@2a63e06d{s=HANDLING rs=COMPLETING os=COMPLETED is=READY awp=false se=false i=false al=0}
13:18:54.954 [qtp853429147-111] DEBUG org.eclipse.jetty.server.HttpChannel - action COMPLETE HttpChannelOverHttp@63deb67{s=HttpChannelState@2a63e06d{s=HANDLING rs=COMPLETING os=COMPLETED is=READY awp=false se=false i=false al=0},r=1,c=false/true,a=HANDLING,uri=//localhost:8080/api/v0/components/login,age=11}
13:18:54.954 [reactor-http-nio-4] DEBUG reactor.netty.http.client.HttpClientOperations - [id: 0xe2094bb2, L:/127.0.0.1:65038 - R:localhost/127.0.0.1:8080] Received last HTTP packet
13:18:54.954 [qtp853429147-111] DEBUG org.eclipse.jetty.server.HttpOutput - complete(org.eclipse.jetty.util.Callback$4@6c874065) s=CLOSED,api=BLOCKING,sc=false,e=null s=true e=null, c=null
13:18:54.954 [qtp853429147-111] DEBUG org.eclipse.jetty.server.HttpChannelState - completed HttpChannelState@2a63e06d{s=HANDLING rs=COMPLETING os=COMPLETED is=READY awp=false se=false i=false al=0}
13:18:54.954 [qtp853429147-111] DEBUG org.eclipse.jetty.server.HttpChannelState - unhandle HttpChannelState@2a63e06d{s=HANDLING rs=COMPLETED os=COMPLETED is=READY awp=false se=false i=false al=0}
13:18:54.954 [qtp853429147-111] DEBUG org.eclipse.jetty.server.HttpChannelState - nextAction(false) TERMINATED HttpChannelState@2a63e06d{s=IDLE rs=COMPLETED os=COMPLETED is=READY awp=false se=false i=false al=0}
13:18:54.954 [qtp853429147-111] DEBUG org.eclipse.jetty.server.HttpChannel - action TERMINATED HttpChannelOverHttp@63deb67{s=HttpChannelState@2a63e06d{s=IDLE rs=COMPLETED os=COMPLETED is=READY awp=false se=false i=false al=0},r=1,c=true/true,a=IDLE,uri=//localhost:8080/api/v0/components/login,age=11}
13:18:54.954 [qtp853429147-111] DEBUG org.eclipse.jetty.server.HttpChannel - onCompleted for /api/v0/components/login written=21
13:18:54.954 [qtp853429147-111] DEBUG org.eclipse.jetty.server.HttpChannelState - recycle HttpChannelState@2a63e06d{s=IDLE rs=COMPLETED os=COMPLETED is=READY awp=false se=false i=false al=0}
13:18:54.954 [reactor-http-nio-4] DEBUG org.springframework.core.codec.StringDecoder - [247993a3] Decoded "{"token":"someToken"}"
13:18:54.954 [qtp853429147-111] DEBUG org.eclipse.jetty.http.HttpParser - reset HttpParser{s=END,51 of 51}
13:18:54.954 [qtp853429147-111] DEBUG org.eclipse.jetty.http.HttpParser - END --> START
13:18:54.954 [qtp853429147-111] DEBUG org.eclipse.jetty.server.HttpChannel - !handle TERMINATED HttpChannelOverHttp@63deb67{s=HttpChannelState@2a63e06d{s=IDLE rs=BLOCKING os=OPEN is=IDLE awp=false se=false i=true al=0},r=1,c=false/false,a=IDLE,uri=null,age=0}
13:18:54.954 [qtp853429147-111] DEBUG org.eclipse.jetty.io.ChannelEndPoint - filled 0 HeapByteBuffer@b72e34d[p=0,l=0,c=8192,r=0]={<<<>>>HTTP/1.1 ...\x00\x00\x00\x00\x00\x00\x00}
13:18:54.954 [qtp853429147-111] DEBUG org.eclipse.jetty.io.ChannelEndPoint - filled 0 HeapByteBuffer@b72e34d[p=0,l=0,c=8192,r=0]={<<<>>>HTTP/1.1 ...\x00\x00\x00\x00\x00\x00\x00}
13:18:54.954 [qtp853429147-111] DEBUG org.eclipse.jetty.server.HttpConnection - HttpConnection@1e2ead4::NetworkTrafficSocketChannelEndPoint@29fbb244{/127.0.0.1:65038<->/127.0.0.1:8080,OPEN,fill=-,flush=-,to=0/30000}{io=0/0,kio=0,kro=1}->HttpConnection@1e2ead4[p=HttpParser{s=START,0 of -1},g=HttpGenerator@757f013e{s=START}]=>HttpChannelOverHttp@63deb67{s=HttpChannelState@2a63e06d{s=IDLE rs=BLOCKING os=OPEN is=IDLE awp=false se=false i=true al=0},r=1,c=false/false,a=IDLE,uri=null,age=0} filled 0 HeapByteBuffer@b72e34d[p=0,l=0,c=8192,r=0]={<<<>>>HTTP/1.1 ...\x00\x00\x00\x00\x00\x00\x00}
13:18:54.954 [qtp853429147-111] DEBUG org.eclipse.jetty.server.HttpConnection - HttpConnection@1e2ead4::NetworkTrafficSocketChannelEndPoint@29fbb244{/127.0.0.1:65038<->/127.0.0.1:8080,OPEN,fill=-,flush=-,to=0/30000}{io=0/0,kio=0,kro=1}->HttpConnection@1e2ead4[p=HttpParser{s=START,0 of -1},g=HttpGenerator@757f013e{s=START}]=>HttpChannelOverHttp@63deb67{s=HttpChannelState@2a63e06d{s=IDLE rs=BLOCKING os=OPEN is=IDLE awp=false se=false i=true al=0},r=1,c=false/false,a=IDLE,uri=null,age=0} parse HeapByteBuffer@b72e34d[p=0,l=0,c=8192,r=0]={<<<>>>HTTP/1.1 ...\x00\x00\x00\x00\x00\x00\x00} {}
13:18:54.954 [qtp853429147-111] DEBUG org.eclipse.jetty.http.HttpParser - parseNext s=START HeapByteBuffer@b72e34d[p=0,l=0,c=8192,r=0]={<<<>>>HTTP/1.1 ...\x00\x00\x00\x00\x00\x00\x00}
13:18:54.954 [qtp853429147-111] DEBUG org.eclipse.jetty.server.HttpConnection - HttpConnection@1e2ead4::NetworkTrafficSocketChannelEndPoint@29fbb244{/127.0.0.1:65038<->/127.0.0.1:8080,OPEN,fill=-,flush=-,to=1/30000}{io=0/0,kio=0,kro=1}->HttpConnection@1e2ead4[p=HttpParser{s=START,0 of -1},g=HttpGenerator@757f013e{s=START}]=>HttpChannelOverHttp@63deb67{s=HttpChannelState@2a63e06d{s=IDLE rs=BLOCKING os=OPEN is=IDLE awp=false se=false i=true al=0},r=1,c=false/false,a=IDLE,uri=null,age=0} parsed false HttpParser{s=START,0 of -1}
13:18:54.954 [qtp853429147-111] DEBUG org.eclipse.jetty.server.HttpConnection - releaseRequestBuffer HttpConnection@1e2ead4::NetworkTrafficSocketChannelEndPoint@29fbb244{/127.0.0.1:65038<->/127.0.0.1:8080,OPEN,fill=-,flush=-,to=1/30000}{io=0/0,kio=0,kro=1}->HttpConnection@1e2ead4[p=HttpParser{s=START,0 of -1},g=HttpGenerator@757f013e{s=START}]=>HttpChannelOverHttp@63deb67{s=HttpChannelState@2a63e06d{s=IDLE rs=BLOCKING os=OPEN is=IDLE awp=false se=false i=true al=0},r=1,c=false/false,a=IDLE,uri=null,age=0}
13:18:54.955 [qtp853429147-111] DEBUG org.eclipse.jetty.io.AbstractConnection - fillInterested HttpConnection@1e2ead4::NetworkTrafficSocketChannelEndPoint@29fbb244{/127.0.0.1:65038<->/127.0.0.1:8080,OPEN,fill=-,flush=-,to=1/30000}{io=0/0,kio=0,kro=1}->HttpConnection@1e2ead4[p=HttpParser{s=START,0 of -1},g=HttpGenerator@757f013e{s=START}]=>HttpChannelOverHttp@63deb67{s=HttpChannelState@2a63e06d{s=IDLE rs=BLOCKING os=OPEN is=IDLE awp=false se=false i=true al=0},r=1,c=false/false,a=IDLE,uri=null,age=0}
13:18:54.955 [qtp853429147-111] DEBUG org.eclipse.jetty.io.FillInterest - interested FillInterest@1cf0ba25{AC.ReadCB@1e2ead4{HttpConnection@1e2ead4::NetworkTrafficSocketChannelEndPoint@29fbb244{/127.0.0.1:65038<->/127.0.0.1:8080,OPEN,fill=FI,flush=-,to=0/30000}{io=0/0,kio=0,kro=1}->HttpConnection@1e2ead4[p=HttpParser{s=START,0 of -1},g=HttpGenerator@757f013e{s=START}]=>HttpChannelOverHttp@63deb67{s=HttpChannelState@2a63e06d{s=IDLE rs=BLOCKING os=OPEN is=IDLE awp=false se=false i=true al=0},r=1,c=false/false,a=IDLE,uri=null,age=0}}}
13:18:54.955 [reactor-http-nio-4] INFO com.bi.edp.configuration_stack.adapter.client.forwarder.ForwarderClient - Forwarder client logged successfully
13:18:54.955 [qtp853429147-111] DEBUG org.eclipse.jetty.io.ChannelEndPoint - changeInterests p=false 0->1 for NetworkTrafficSocketChannelEndPoint@29fbb244{/127.0.0.1:65038<->/127.0.0.1:8080,OPEN,fill=FI,flush=-,to=0/30000}{io=0/1,kio=0,kro=1}->HttpConnection@1e2ead4[p=HttpParser{s=START,0 of -1},g=HttpGenerator@757f013e{s=START}]=>HttpChannelOverHttp@63deb67{s=HttpChannelState@2a63e06d{s=IDLE rs=BLOCKING os=OPEN is=IDLE awp=false se=false i=true al=0},r=1,c=false/false,a=IDLE,uri=null,age=0}
13:18:54.955 [qtp853429147-111] DEBUG org.eclipse.jetty.io.ManagedSelector - Queued change org.eclipse.jetty.io.ChannelEndPoint$1@2925415e on ManagedSelector@2e03eae5{STARTED} id=1 keys=2 selected=0 updates=0
13:18:54.955 [qtp853429147-111] DEBUG org.eclipse.jetty.io.ManagedSelector - Wakeup on submit ManagedSelector@2e03eae5{STARTED} id=1 keys=2 selected=0 updates=1
13:18:54.955 [reactor-http-nio-4] DEBUG reactor.netty.resources.PooledConnectionProvider - [id: 0xe2094bb2, L:/127.0.0.1:65038 - R:localhost/127.0.0.1:8080] onStateChange(POST{uri=/api/v0/components/login, connection=PooledConnection{channel=[id: 0xe2094bb2, L:/127.0.0.1:65038 - R:localhost/127.0.0.1:8080]}}, [response_completed])
13:18:54.955 [qtp853429147-110] DEBUG org.eclipse.jetty.io.ManagedSelector - Selector sun.nio.ch.WindowsSelectorImpl@1d61dea3 woken with none selected
13:18:54.955 [qtp853429147-111] DEBUG org.eclipse.jetty.server.HttpConnection - HttpConnection@1e2ead4::NetworkTrafficSocketChannelEndPoint@29fbb244{/127.0.0.1:65038<->/127.0.0.1:8080,OPEN,fill=FI,flush=-,to=0/30000}{io=0/1,kio=0,kro=1}->HttpConnection@1e2ead4[p=HttpParser{s=START,0 of -1},g=HttpGenerator@757f013e{s=START}]=>HttpChannelOverHttp@63deb67{s=HttpChannelState@2a63e06d{s=IDLE rs=BLOCKING os=OPEN is=IDLE awp=false se=false i=true al=0},r=1,c=false/false,a=IDLE,uri=null,age=0} onFillable exit HttpChannelState@2a63e06d{s=IDLE rs=BLOCKING os=OPEN is=IDLE awp=false se=false i=true al=0} null
13:18:54.955 [reactor-http-nio-4] DEBUG reactor.netty.ReactorNetty - [id: 0xe2094bb2, L:/127.0.0.1:65038 - R:localhost/127.0.0.1:8080] Removed handler: ReadTimeoutHandler, pipeline: DefaultChannelPipeline{(reactor.left.httpCodec = io.netty.handler.codec.http.HttpClientCodec), (WriteTimeoutHandler = io.netty.handler.timeout.WriteTimeoutHandler), (reactor.right.reactiveBridge = reactor.netty.channel.ChannelOperationsHandler)}
13:18:54.955 [qtp853429147-111] DEBUG org.eclipse.jetty.util.thread.ReservedThreadExecutor - ReservedThreadExecutor@7a292eba{s=1/1,p=0}@529b3944 size 1 > capacity
13:18:54.955 [qtp853429147-110] DEBUG org.eclipse.jetty.io.ManagedSelector - Selector sun.nio.ch.WindowsSelectorImpl@1d61dea3 woken up from select, 0/0/2 selected
13:18:54.955 [qtp853429147-111] DEBUG org.eclipse.jetty.util.thread.QueuedThreadPool - ran ReservedThreadExecutor@7a292eba{s=1/1,p=0}@529b3944 in QueuedThreadPool[qtp853429147]@32de4b9b{STARTED,8<=8<=14,i=1,r=1,q=0}[ReservedThreadExecutor@7a292eba{s=1/1,p=0}]
13:18:54.955 [qtp853429147-110] DEBUG org.eclipse.jetty.io.ManagedSelector - Selector sun.nio.ch.WindowsSelectorImpl@1d61dea3 processing 0 keys, 1 updates
13:18:54.955 [reactor-http-nio-4] DEBUG reactor.netty.ReactorNetty - [id: 0xe2094bb2, L:/127.0.0.1:65038 - R:localhost/127.0.0.1:8080] Removed handler: WriteTimeoutHandler, pipeline: DefaultChannelPipeline{(reactor.left.httpCodec = io.netty.handler.codec.http.HttpClientCodec), (reactor.right.reactiveBridge = reactor.netty.channel.ChannelOperationsHandler)}
13:18:54.955 [qtp853429147-110] DEBUG org.eclipse.jetty.io.ManagedSelector - updateable 1
13:18:54.955 [qtp853429147-110] DEBUG org.eclipse.jetty.io.ManagedSelector - update org.eclipse.jetty.io.ChannelEndPoint$1@2925415e
13:18:54.955 [reactor-http-nio-4] DEBUG reactor.netty.resources.PooledConnectionProvider - [id: 0xe2094bb2, L:/127.0.0.1:65038 - R:localhost/127.0.0.1:8080] onStateChange(POST{uri=/api/v0/components/login, connection=PooledConnection{channel=[id: 0xe2094bb2, L:/127.0.0.1:65038 - R:localhost/127.0.0.1:8080]}}, [disconnecting])
13:18:54.955 [reactor-http-nio-4] DEBUG reactor.netty.resources.PooledConnectionProvider - [id: 0xe2094bb2, L:/127.0.0.1:65038 - R:localhost/127.0.0.1:8080] Releasing channel
13:18:54.955 [qtp853429147-110] DEBUG org.eclipse.jetty.io.ChannelEndPoint - Key interests updated 0 -> 1 on NetworkTrafficSocketChannelEndPoint@29fbb244{/127.0.0.1:65038<->/127.0.0.1:8080,OPEN,fill=FI,flush=-,to=0/30000}{io=1/1,kio=1,kro=1}->HttpConnection@1e2ead4[p=HttpParser{s=START,0 of -1},g=HttpGenerator@757f013e{s=START}]=>HttpChannelOverHttp@63deb67{s=HttpChannelState@2a63e06d{s=IDLE rs=BLOCKING os=OPEN is=IDLE awp=false se=false i=true al=0},r=1,c=false/false,a=IDLE,uri=null,age=0}
13:18:54.955 [qtp853429147-110] DEBUG org.eclipse.jetty.io.ManagedSelector - updates 0
13:18:54.955 [qtp853429147-110] DEBUG org.eclipse.jetty.io.ManagedSelector - Selector sun.nio.ch.WindowsSelectorImpl@1d61dea3 waiting with 2 keys
13:18:54.955 [reactor-http-nio-4] DEBUG reactor.netty.resources.PooledConnectionProvider - [id: 0xe2094bb2, L:/127.0.0.1:65038 - R:localhost/127.0.0.1:8080] Channel cleaned, now 0 active connections and 2 inactive connections
13:18:54.991 [qtp853429147-112] DEBUG org.eclipse.jetty.io.ManagedSelector - Selector sun.nio.ch.WindowsSelectorImpl@69ec93f7 woken with none selected
13:18:54.991 [qtp853429147-112] DEBUG org.eclipse.jetty.io.ManagedSelector - Selector sun.nio.ch.WindowsSelectorImpl@69ec93f7 woken up from select, 0/0/1 selected
13:18:54.991 [qtp853429147-112] DEBUG org.eclipse.jetty.io.ManagedSelector - Selector sun.nio.ch.WindowsSelectorImpl@69ec93f7 processing 0 keys, 1 updates
13:18:54.991 [qtp853429147-112] DEBUG org.eclipse.jetty.io.ManagedSelector - updateable 1
13:18:54.991 [qtp853429147-112] DEBUG org.eclipse.jetty.io.ManagedSelector - update org.eclipse.jetty.io.ChannelEndPoint$1@2e00b540
13:18:54.991 [qtp853429147-112] DEBUG org.eclipse.jetty.io.ChannelEndPoint - Key interests updated 0 -> 1 on NetworkTrafficSocketChannelEndPoint@43a4a973{/127.0.0.1:65037<->/127.0.0.1:8080,OPEN,fill=FI,flush=-,to=62/30000}{io=1/1,kio=1,kro=1}->HttpConnection@6e8d2e3a[p=HttpParser{s=START,0 of -1},g=HttpGenerator@804fda9{s=START}]=>HttpChannelOverHttp@6f222c79{s=HttpChannelState@8ea1132{s=IDLE rs=BLOCKING os=OPEN is=IDLE awp=false se=false i=true al=0},r=1,c=false/false,a=IDLE,uri=null,age=0}
13:18:54.992 [qtp853429147-112] DEBUG org.eclipse.jetty.io.ManagedSelector - updates 0
13:18:54.992 [qtp853429147-112] DEBUG org.eclipse.jetty.io.ManagedSelector - Selector sun.nio.ch.WindowsSelectorImpl@69ec93f7 waiting with 1 keys
13:18:55.174 [Finalizer] DEBUG org.apache.http.impl.conn.PoolingHttpClientConnectionManager - Connection manager is shutting down
13:18:55.174 [Finalizer] DEBUG org.apache.http.impl.conn.PoolingHttpClientConnectionManager - Connection manager shut down
13:18:56.215 [parallel-1] DEBUG org.springframework.web.reactive.function.client.ExchangeFunctions - [38be82] HTTP GET http://localhost:8080/api/v0/components/provision-adapters/jobs/4886639d-5d96-440b-b467-0b386be7969c
13:18:56.217 [reactor-http-nio-4] DEBUG reactor.netty.resources.PooledConnectionProvider - [id: 0xec8c3365, L:/127.0.0.1:65037 - R:localhost/127.0.0.1:8080] Channel acquired, now 1 active connections and 1 inactive connections
13:18:56.217 [reactor-http-nio-4] DEBUG reactor.netty.ReactorNetty - [id: 0xec8c3365, L:/127.0.0.1:65037 - R:localhost/127.0.0.1:8080] Added decoder [ReadTimeoutHandler] at the end of the user pipeline, full pipeline: [reactor.left.httpCodec, ReadTimeoutHandler, reactor.right.reactiveBridge, DefaultChannelPipeline$TailContext#0]
13:18:56.217 [reactor-http-nio-4] DEBUG reactor.netty.ReactorNetty - [id: 0xec8c3365, L:/127.0.0.1:65037 - R:localhost/127.0.0.1:8080] Added decoder [WriteTimeoutHandler] at the end of the user pipeline, full pipeline: [reactor.left.httpCodec, ReadTimeoutHandler, WriteTimeoutHandler, reactor.right.reactiveBridge, DefaultChannelPipeline$TailContext#0]
13:18:56.217 [reactor-http-nio-4] DEBUG reactor.netty.http.client.HttpClientConnect - [id: 0xec8c3365, L:/127.0.0.1:65037 - R:localhost/127.0.0.1:8080] Handler is being applied: {uri=http://localhost:8080/api/v0/components/provision-adapters/jobs/4886639d-5d96-440b-b467-0b386be7969c, method=GET}
13:18:56.217 [reactor-http-nio-4] DEBUG reactor.netty.resources.PooledConnectionProvider - [id: 0xec8c3365, L:/127.0.0.1:65037 - R:localhost/127.0.0.1:8080] onStateChange(GET{uri=/api/v0/components/provision-adapters/jobs/4886639d-5d96-440b-b467-0b386be7969c, connection=PooledConnection{channel=[id: 0xec8c3365, L:/127.0.0.1:65037 - R:localhost/127.0.0.1:8080]}}, [request_prepared])
13:18:56.218 [qtp853429147-112] DEBUG org.eclipse.jetty.io.ManagedSelector - Selector sun.nio.ch.WindowsSelectorImpl@69ec93f7 woken up from select, 1/1/1 selected
13:18:56.219 [qtp853429147-112] DEBUG org.eclipse.jetty.io.ManagedSelector - Selector sun.nio.ch.WindowsSelectorImpl@69ec93f7 processing 1 keys, 0 updates
13:18:56.219 [qtp853429147-112] DEBUG org.eclipse.jetty.io.ManagedSelector - selected 1 channel=java.nio.channels.SocketChannel[connected local=/127.0.0.1:8080 remote=/127.0.0.1:65037], selector=sun.nio.ch.WindowsSelectorImpl@69ec93f7, interestOps=1, readyOps=1 NetworkTrafficSocketChannelEndPoint@43a4a973{/127.0.0.1:65037<->/127.0.0.1:8080,OPEN,fill=FI,flush=-,to=1289/30000}{io=1/1,kio=1,kro=1}->HttpConnection@6e8d2e3a[p=HttpParser{s=START,0 of -1},g=HttpGenerator@804fda9{s=START}]=>HttpChannelOverHttp@6f222c79{s=HttpChannelState@8ea1132{s=IDLE rs=BLOCKING os=OPEN is=IDLE awp=false se=false i=true al=0},r=1,c=false/false,a=IDLE,uri=null,age=0} 
13:18:56.219 [qtp853429147-112] DEBUG org.eclipse.jetty.io.ChannelEndPoint - onSelected 1->0 r=true w=false for NetworkTrafficSocketChannelEndPoint@43a4a973{/127.0.0.1:65037<->/127.0.0.1:8080,OPEN,fill=FI,flush=-,to=1290/30000}{io=1/0,kio=1,kro=1}->HttpConnection@6e8d2e3a[p=HttpParser{s=START,0 of -1},g=HttpGenerator@804fda9{s=START}]=>HttpChannelOverHttp@6f222c79{s=HttpChannelState@8ea1132{s=IDLE rs=BLOCKING os=OPEN is=IDLE awp=false se=false i=true al=0},r=1,c=false/false,a=IDLE,uri=null,age=0}
13:18:56.219 [qtp853429147-112] DEBUG org.eclipse.jetty.io.ChannelEndPoint - task CEP:NetworkTrafficSocketChannelEndPoint@43a4a973{/127.0.0.1:65037<->/127.0.0.1:8080,OPEN,fill=FI,flush=-,to=1290/30000}{io=1/0,kio=1,kro=1}->HttpConnection@6e8d2e3a[p=HttpParser{s=START,0 of -1},g=HttpGenerator@804fda9{s=START}]=>HttpChannelOverHttp@6f222c79{s=HttpChannelState@8ea1132{s=IDLE rs=BLOCKING os=OPEN is=IDLE awp=false se=false i=true al=0},r=1,c=false/false,a=IDLE,uri=null,age=0}:runFillable:BLOCKING
13:18:56.219 [qtp853429147-112] DEBUG org.eclipse.jetty.util.thread.ReservedThreadExecutor - ReservedThreadExecutor@7a292eba{s=1/1,p=0} tryExecute EatWhatYouKill@377ed74f/SelectorProducer@1083d8ac/PRODUCING/p=false/QueuedThreadPool[qtp853429147]@32de4b9b{STARTED,8<=8<=14,i=2,r=1,q=0}[ReservedThreadExecutor@7a292eba{s=1/1,p=0}][pc=0,pic=0,pec=0,epc=1]@2020-09-25T13:18:56.2190992+02:00
13:18:56.219 [qtp853429147-112] DEBUG org.eclipse.jetty.util.thread.ReservedThreadExecutor - ReservedThreadExecutor@7a292eba{s=0/1,p=0}@72ea7b9 offer EatWhatYouKill@377ed74f/SelectorProducer@1083d8ac/PRODUCING/p=false/QueuedThreadPool[qtp853429147]@32de4b9b{STARTED,8<=8<=14,i=2,r=1,q=0}[ReservedThreadExecutor@7a292eba{s=0/1,p=0}][pc=0,pic=0,pec=0,epc=1]@2020-09-25T13:18:56.2190992+02:00
13:18:56.220 [qtp853429147-112] DEBUG org.eclipse.jetty.util.thread.ReservedThreadExecutor - ReservedThreadExecutor@7a292eba{s=0/1,p=1} startReservedThread p=1
13:18:56.220 [qtp853429147-112] DEBUG org.eclipse.jetty.util.thread.QueuedThreadPool - queue ReservedThreadExecutor@7a292eba{s=0/1,p=1}@1fb63bb3 startThread=0
13:18:56.220 [qtp853429147-112] DEBUG org.eclipse.jetty.util.thread.strategy.EatWhatYouKill - EatWhatYouKill@377ed74f/SelectorProducer@1083d8ac/IDLE/p=true/QueuedThreadPool[qtp853429147]@32de4b9b{STARTED,8<=8<=14,i=1,r=1,q=0}[ReservedThreadExecutor@7a292eba{s=0/1,p=1}][pc=0,pic=0,pec=0,epc=1]@2020-09-25T13:18:56.2201048+02:00 m=EXECUTE_PRODUCE_CONSUME t=CEP:NetworkTrafficSocketChannelEndPoint@43a4a973{/127.0.0.1:65037<->/127.0.0.1:8080,OPEN,fill=FI,flush=-,to=1290/30000}{io=1/0,kio=1,kro=1}->HttpConnection@6e8d2e3a[p=HttpParser{s=START,0 of -1},g=HttpGenerator@804fda9{s=START}]=>HttpChannelOverHttp@6f222c79{s=HttpChannelState@8ea1132{s=IDLE rs=BLOCKING os=OPEN is=IDLE awp=false se=false i=true al=0},r=1,c=false/false,a=IDLE,uri=null,age=0}:runFillable:BLOCKING/BLOCKING
13:18:56.220 [reactor-http-nio-4] DEBUG reactor.netty.resources.PooledConnectionProvider - [id: 0xec8c3365, L:/127.0.0.1:65037 - R:localhost/127.0.0.1:8080] onStateChange(GET{uri=/api/v0/components/provision-adapters/jobs/4886639d-5d96-440b-b467-0b386be7969c, connection=PooledConnection{channel=[id: 0xec8c3365, L:/127.0.0.1:65037 - R:localhost/127.0.0.1:8080]}}, [request_sent])
13:18:56.220 [qtp853429147-112] DEBUG org.eclipse.jetty.io.FillInterest - fillable FillInterest@763b5934{AC.ReadCB@6e8d2e3a{HttpConnection@6e8d2e3a::NetworkTrafficSocketChannelEndPoint@43a4a973{/127.0.0.1:65037<->/127.0.0.1:8080,OPEN,fill=FI,flush=-,to=1291/30000}{io=1/0,kio=1,kro=1}->HttpConnection@6e8d2e3a[p=HttpParser{s=START,0 of -1},g=HttpGenerator@804fda9{s=START}]=>HttpChannelOverHttp@6f222c79{s=HttpChannelState@8ea1132{s=IDLE rs=BLOCKING os=OPEN is=IDLE awp=false se=false i=true al=0},r=1,c=false/false,a=IDLE,uri=null,age=0}}}
13:18:56.220 [qtp853429147-112] DEBUG org.eclipse.jetty.server.HttpConnection - HttpConnection@6e8d2e3a::NetworkTrafficSocketChannelEndPoint@43a4a973{/127.0.0.1:65037<->/127.0.0.1:8080,OPEN,fill=-,flush=-,to=1291/30000}{io=1/0,kio=1,kro=1}->HttpConnection@6e8d2e3a[p=HttpParser{s=START,0 of -1},g=HttpGenerator@804fda9{s=START}]=>HttpChannelOverHttp@6f222c79{s=HttpChannelState@8ea1132{s=IDLE rs=BLOCKING os=OPEN is=IDLE awp=false se=false i=true al=0},r=1,c=false/false,a=IDLE,uri=null,age=0} onFillable enter HttpChannelState@8ea1132{s=IDLE rs=BLOCKING os=OPEN is=IDLE awp=false se=false i=true al=0} null
13:18:56.220 [qtp853429147-112] DEBUG org.eclipse.jetty.io.ChannelEndPoint - filled 204 HeapByteBuffer@b72e34d[p=0,l=204,c=8192,r=204]={<<<GET /api/v0/components/pr...n: Bearer someToken\r\n\r\n>>>\r\nlogClie...\x00\x00\x00\x00\x00\x00\x00}
13:18:56.220 [qtp853429147-112] DEBUG org.eclipse.jetty.server.HttpConnection - HttpConnection@6e8d2e3a::NetworkTrafficSocketChannelEndPoint@43a4a973{/127.0.0.1:65037<->/127.0.0.1:8080,OPEN,fill=-,flush=-,to=0/30000}{io=1/0,kio=1,kro=1}->HttpConnection@6e8d2e3a[p=HttpParser{s=START,0 of -1},g=HttpGenerator@804fda9{s=START}]=>HttpChannelOverHttp@6f222c79{s=HttpChannelState@8ea1132{s=IDLE rs=BLOCKING os=OPEN is=IDLE awp=false se=false i=true al=0},r=1,c=false/false,a=IDLE,uri=null,age=0} filled 204 HeapByteBuffer@b72e34d[p=0,l=204,c=8192,r=204]={<<<GET /api/v0/components/pr...n: Bearer someToken\r\n\r\n>>>\r\nlogClie...\x00\x00\x00\x00\x00\x00\x00}
13:18:56.221 [qtp853429147-112] DEBUG org.eclipse.jetty.server.HttpConnection - HttpConnection@6e8d2e3a::NetworkTrafficSocketChannelEndPoint@43a4a973{/127.0.0.1:65037<->/127.0.0.1:8080,OPEN,fill=-,flush=-,to=0/30000}{io=1/0,kio=1,kro=1}->HttpConnection@6e8d2e3a[p=HttpParser{s=START,0 of -1},g=HttpGenerator@804fda9{s=START}]=>HttpChannelOverHttp@6f222c79{s=HttpChannelState@8ea1132{s=IDLE rs=BLOCKING os=OPEN is=IDLE awp=false se=false i=true al=0},r=1,c=false/false,a=IDLE,uri=null,age=0} parse HeapByteBuffer@b72e34d[p=0,l=204,c=8192,r=204]={<<<GET /api/v0/components/pr...n: Bearer someToken\r\n\r\n>>>\r\nlogClie...\x00\x00\x00\x00\x00\x00\x00} {}
13:18:56.221 [qtp853429147-112] DEBUG org.eclipse.jetty.http.HttpParser - parseNext s=START HeapByteBuffer@b72e34d[p=0,l=204,c=8192,r=204]={<<<GET /api/v0/components/pr...n: Bearer someToken\r\n\r\n>>>\r\nlogClie...\x00\x00\x00\x00\x00\x00\x00}
13:18:56.221 [qtp853429147-112] DEBUG org.eclipse.jetty.http.HttpParser - START --> SPACE1
13:18:56.221 [qtp853429147-112] DEBUG org.eclipse.jetty.http.HttpParser - SPACE1 --> URI
13:18:56.221 [qtp853429147-112] DEBUG org.eclipse.jetty.http.HttpParser - URI --> SPACE2
13:18:56.221 [qtp853429147-112] DEBUG org.eclipse.jetty.http.HttpParser - SPACE2 --> REQUEST_VERSION
13:18:56.221 [qtp853429147-112] DEBUG org.eclipse.jetty.http.HttpParser - REQUEST_VERSION --> HEADER
13:18:56.221 [qtp853429147-117] DEBUG org.eclipse.jetty.util.thread.ReservedThreadExecutor - ReservedThreadExecutor@7a292eba{s=0/1,p=1}@72ea7b9 task=EatWhatYouKill@377ed74f/SelectorProducer@1083d8ac/IDLE/p=true/QueuedThreadPool[qtp853429147]@32de4b9b{STARTED,8<=8<=14,i=1,r=1,q=0}[ReservedThreadExecutor@7a292eba{s=0/1,p=1}][pc=0,pic=0,pec=0,epc=2]@2020-09-25T13:18:56.2211026+02:00
13:18:56.221 [qtp853429147-112] DEBUG org.eclipse.jetty.http.HttpParser - HEADER:User-Agent: ReactorNetty/0.9.7.RELEASE --> IN_VALUE
13:18:56.221 [qtp853429147-112] DEBUG org.eclipse.jetty.http.HttpParser - HEADER:User-Agent: ReactorNetty/0.9.7.RELEASE --> FIELD
13:18:56.221 [qtp853429147-112] DEBUG org.eclipse.jetty.http.HttpParser - HEADER:Host: localhost:8080 --> IN_VALUE
13:18:56.221 [qtp853429147-112] DEBUG org.eclipse.jetty.http.HttpParser - HEADER:Host: localhost:8080 --> FIELD
13:18:56.221 [qtp853429147-117] DEBUG org.eclipse.jetty.util.thread.strategy.EatWhatYouKill - EatWhatYouKill@377ed74f/SelectorProducer@1083d8ac/IDLE/p=true/QueuedThreadPool[qtp853429147]@32de4b9b{STARTED,8<=8<=14,i=1,r=1,q=0}[ReservedThreadExecutor@7a292eba{s=0/1,p=1}][pc=0,pic=0,pec=0,epc=2]@2020-09-25T13:18:56.2211026+02:00 tryProduce true
13:18:56.221 [qtp853429147-112] DEBUG org.eclipse.jetty.http.HttpParser - HEADER:Accept: */* --> IN_VALUE
13:18:56.221 [qtp853429147-112] DEBUG org.eclipse.jetty.http.HttpParser - HEADER:Accept: */* --> FIELD
13:18:56.221 [qtp853429147-112] DEBUG org.eclipse.jetty.http.HttpParser - HEADER:Authorization --> IN_VALUE
13:18:56.221 [qtp853429147-112] DEBUG org.eclipse.jetty.http.HttpParser - HEADER:Authorization --> FIELD
13:18:56.221 [qtp853429147-116] DEBUG org.eclipse.jetty.util.thread.QueuedThreadPool - run ReservedThreadExecutor@7a292eba{s=0/1,p=1}@1fb63bb3 in QueuedThreadPool[qtp853429147]@32de4b9b{STARTED,8<=8<=14,i=1,r=1,q=0}[ReservedThreadExecutor@7a292eba{s=0/1,p=1}]
13:18:56.221 [qtp853429147-112] DEBUG org.eclipse.jetty.http.HttpParser - HEADER --> CONTENT
13:18:56.221 [qtp853429147-116] DEBUG org.eclipse.jetty.util.thread.ReservedThreadExecutor - ReservedThreadExecutor@7a292eba{s=1/1,p=1}@1fb63bb3 started
13:18:56.221 [qtp853429147-116] DEBUG org.eclipse.jetty.util.thread.ReservedThreadExecutor - ReservedThreadExecutor@7a292eba{s=1/1,p=0}@1fb63bb3 waiting
13:18:56.221 [qtp853429147-117] DEBUG org.eclipse.jetty.io.ManagedSelector - updateable 0
13:18:56.221 [qtp853429147-112] DEBUG org.eclipse.jetty.server.HttpChannel - REQUEST for //localhost:8080/api/v0/components/provision-adapters/jobs/4886639d-5d96-440b-b467-0b386be7969c on HttpChannelOverHttp@6f222c79{s=HttpChannelState@8ea1132{s=IDLE rs=BLOCKING os=OPEN is=IDLE awp=false se=false i=true al=0},r=2,c=false/false,a=IDLE,uri=//localhost:8080/api/v0/components/provision-adapters/jobs/4886639d-5d96-440b-b467-0b386be7969c,age=0}
GET //localhost:8080/api/v0/components/provision-adapters/jobs/4886639d-5d96-440b-b467-0b386be7969c HTTP/1.1
User-Agent: ReactorNetty/0.9.7.RELEASE
Host: localhost:8080
Accept: */*
Authorization: Bearer someToken


13:18:56.221 [qtp853429147-112] DEBUG org.eclipse.jetty.server.HttpConnection - HttpConnection@6e8d2e3a::NetworkTrafficSocketChannelEndPoint@43a4a973{/127.0.0.1:65037<->/127.0.0.1:8080,OPEN,fill=-,flush=-,to=0/30000}{io=1/0,kio=1,kro=1}->HttpConnection@6e8d2e3a[p=HttpParser{s=CONTENT,0 of -1},g=HttpGenerator@804fda9{s=START}]=>HttpChannelOverHttp@6f222c79{s=HttpChannelState@8ea1132{s=IDLE rs=BLOCKING os=OPEN is=IDLE awp=false se=false i=true al=0},r=2,c=false/false,a=IDLE,uri=//localhost:8080/api/v0/components/provision-adapters/jobs/4886639d-5d96-440b-b467-0b386be7969c,age=0} parsed true HttpParser{s=CONTENT,0 of -1}
13:18:56.221 [qtp853429147-112] DEBUG org.eclipse.jetty.server.HttpConnection - releaseRequestBuffer HttpConnection@6e8d2e3a::NetworkTrafficSocketChannelEndPoint@43a4a973{/127.0.0.1:65037<->/127.0.0.1:8080,OPEN,fill=-,flush=-,to=0/30000}{io=1/0,kio=1,kro=1}->HttpConnection@6e8d2e3a[p=HttpParser{s=CONTENT,0 of -1},g=HttpGenerator@804fda9{s=START}]=>HttpChannelOverHttp@6f222c79{s=HttpChannelState@8ea1132{s=IDLE rs=BLOCKING os=OPEN is=IDLE awp=false se=false i=true al=0},r=2,c=false/false,a=IDLE,uri=//localhost:8080/api/v0/components/provision-adapters/jobs/4886639d-5d96-440b-b467-0b386be7969c,age=0}
13:18:56.221 [qtp853429147-112] DEBUG org.eclipse.jetty.server.HttpChannel - handle //localhost:8080/api/v0/components/provision-adapters/jobs/4886639d-5d96-440b-b467-0b386be7969c HttpChannelOverHttp@6f222c79{s=HttpChannelState@8ea1132{s=IDLE rs=BLOCKING os=OPEN is=IDLE awp=false se=false i=true al=0},r=2,c=false/false,a=IDLE,uri=//localhost:8080/api/v0/components/provision-adapters/jobs/4886639d-5d96-440b-b467-0b386be7969c,age=0} 
13:18:56.221 [qtp853429147-112] DEBUG org.eclipse.jetty.server.HttpChannelState - handling HttpChannelState@8ea1132{s=IDLE rs=BLOCKING os=OPEN is=IDLE awp=false se=false i=true al=0}
13:18:56.221 [qtp853429147-112] DEBUG org.eclipse.jetty.server.HttpChannel - action DISPATCH HttpChannelOverHttp@6f222c79{s=HttpChannelState@8ea1132{s=HANDLING rs=BLOCKING os=OPEN is=IDLE awp=false se=false i=true al=0},r=2,c=false/false,a=HANDLING,uri=//localhost:8080/api/v0/components/provision-adapters/jobs/4886639d-5d96-440b-b467-0b386be7969c,age=0}
13:18:56.221 [qtp853429147-112] DEBUG org.eclipse.jetty.server.Server - REQUEST GET /api/v0/components/provision-adapters/jobs/4886639d-5d96-440b-b467-0b386be7969c on HttpChannelOverHttp@6f222c79{s=HttpChannelState@8ea1132{s=HANDLING rs=BLOCKING os=OPEN is=IDLE awp=false se=false i=true al=0},r=2,c=false/false,a=HANDLING,uri=//localhost:8080/api/v0/components/provision-adapters/jobs/4886639d-5d96-440b-b467-0b386be7969c,age=0}
13:18:56.222 [qtp853429147-112] DEBUG org.eclipse.jetty.server.handler.ContextHandler - scope null||/api/v0/components/provision-adapters/jobs/4886639d-5d96-440b-b467-0b386be7969c @ o.e.j.s.ServletContextHandler@5e5ac5d9{/__admin,null,AVAILABLE}
13:18:56.222 [qtp853429147-112] DEBUG org.eclipse.jetty.server.handler.gzip.GzipHandler - GzipHandler@21af4110{STARTED,min=32,inflate=-1} handle Request(GET //localhost:8080/api/v0/components/provision-adapters/jobs/4886639d-5d96-440b-b467-0b386be7969c)@26166a81 in null
13:18:56.222 [qtp853429147-112] DEBUG org.eclipse.jetty.server.handler.ContextHandler - scope null||/api/v0/components/provision-adapters/jobs/4886639d-5d96-440b-b467-0b386be7969c @ o.e.j.s.ServletContextHandler@6e64e885{/,null,AVAILABLE}
13:18:56.222 [qtp853429147-112] DEBUG org.eclipse.jetty.server.handler.ContextHandler - context=||/api/v0/components/provision-adapters/jobs/4886639d-5d96-440b-b467-0b386be7969c @ o.e.j.s.ServletContextHandler@6e64e885{/,null,AVAILABLE}
13:18:56.222 [qtp853429147-112] DEBUG org.eclipse.jetty.servlet.ServletHandler - servlet |/api/v0/components/provision-adapters/jobs/4886639d-5d96-440b-b467-0b386be7969c|null -> com.github.tomakehurst.wiremock.servlet.WireMockHandlerDispatchingServlet-1e42b4e4@7b02e0a1==com.github.tomakehurst.wiremock.servlet.WireMockHandlerDispatchingServlet,jsp=null,order=-1,inst=true,async=true
13:18:56.222 [qtp853429147-112] DEBUG org.eclipse.jetty.servlet.ServletHandler - chain=org.eclipse.jetty.servlets.CrossOriginFilter-c527a6@c527a6==org.eclipse.jetty.servlets.CrossOriginFilter,inst=true,async=true->com.github.tomakehurst.wiremock.servlet.WireMockHandlerDispatchingServlet-1e42b4e4@7b02e0a1==com.github.tomakehurst.wiremock.servlet.WireMockHandlerDispatchingServlet,jsp=null,order=-1,inst=true,async=true
13:18:56.222 [qtp853429147-112] DEBUG org.eclipse.jetty.servlet.ServletHandler - call filter org.eclipse.jetty.servlets.CrossOriginFilter-c527a6@c527a6==org.eclipse.jetty.servlets.CrossOriginFilter,inst=true,async=true
13:18:56.222 [qtp853429147-112] DEBUG org.eclipse.jetty.servlet.ServletHandler - call servlet com.github.tomakehurst.wiremock.servlet.WireMockHandlerDispatchingServlet-1e42b4e4@7b02e0a1==com.github.tomakehurst.wiremock.servlet.WireMockHandlerDispatchingServlet,jsp=null,order=-1,inst=true,async=true
13:18:56.223 [qtp853429147-112] DEBUG org.eclipse.jetty.io.ChannelEndPoint - filled 0 HeapByteBuffer@b72e34d[p=0,l=0,c=8192,r=0]={<<<>>>GET /api/...\x00\x00\x00\x00\x00\x00\x00}
13:18:56.223 [qtp853429147-112] DEBUG org.eclipse.jetty.io.ChannelEndPoint - filled 0 HeapByteBuffer@b72e34d[p=0,l=0,c=8192,r=0]={<<<>>>GET /api/...\x00\x00\x00\x00\x00\x00\x00}
13:18:56.223 [qtp853429147-112] DEBUG org.eclipse.jetty.server.HttpConnection - HttpConnection@6e8d2e3a::NetworkTrafficSocketChannelEndPoint@43a4a973{/127.0.0.1:65037<->/127.0.0.1:8080,OPEN,fill=-,flush=-,to=2/30000}{io=1/0,kio=1,kro=1}->HttpConnection@6e8d2e3a[p=HttpParser{s=CONTENT,0 of -1},g=HttpGenerator@804fda9{s=START}]=>HttpChannelOverHttp@6f222c79{s=HttpChannelState@8ea1132{s=HANDLING rs=BLOCKING os=OPEN is=IDLE awp=false se=false i=true al=0},r=2,c=false/false,a=HANDLING,uri=//localhost:8080/api/v0/components/provision-adapters/jobs/4886639d-5d96-440b-b467-0b386be7969c,age=2} filled 0 HeapByteBuffer@b72e34d[p=0,l=0,c=8192,r=0]={<<<>>>GET /api/...\x00\x00\x00\x00\x00\x00\x00}
13:18:56.223 [qtp853429147-112] DEBUG org.eclipse.jetty.server.HttpConnection - HttpConnection@6e8d2e3a::NetworkTrafficSocketChannelEndPoint@43a4a973{/127.0.0.1:65037<->/127.0.0.1:8080,OPEN,fill=-,flush=-,to=2/30000}{io=1/0,kio=1,kro=1}->HttpConnection@6e8d2e3a[p=HttpParser{s=CONTENT,0 of -1},g=HttpGenerator@804fda9{s=START}]=>HttpChannelOverHttp@6f222c79{s=HttpChannelState@8ea1132{s=HANDLING rs=BLOCKING os=OPEN is=IDLE awp=false se=false i=true al=0},r=2,c=false/false,a=HANDLING,uri=//localhost:8080/api/v0/components/provision-adapters/jobs/4886639d-5d96-440b-b467-0b386be7969c,age=2} parse HeapByteBuffer@b72e34d[p=0,l=0,c=8192,r=0]={<<<>>>GET /api/...\x00\x00\x00\x00\x00\x00\x00} {}
13:18:56.221 [qtp853429147-117] DEBUG org.eclipse.jetty.io.ManagedSelector - updates 0
13:18:56.223 [qtp853429147-112] DEBUG org.eclipse.jetty.http.HttpParser - parseNext s=CONTENT HeapByteBuffer@b72e34d[p=0,l=0,c=8192,r=0]={<<<>>>GET /api/...\x00\x00\x00\x00\x00\x00\x00}
13:18:56.223 [qtp853429147-112] DEBUG org.eclipse.jetty.http.HttpParser - CONTENT --> CONTENT_END
13:18:56.223 [qtp853429147-112] DEBUG org.eclipse.jetty.server.HttpChannel - onContentComplete HttpChannelOverHttp@6f222c79{s=HttpChannelState@8ea1132{s=HANDLING rs=BLOCKING os=OPEN is=IDLE awp=false se=false i=true al=0},r=2,c=false/false,a=HANDLING,uri=//localhost:8080/api/v0/components/provision-adapters/jobs/4886639d-5d96-440b-b467-0b386be7969c,age=2}
13:18:56.223 [qtp853429147-112] DEBUG org.eclipse.jetty.http.HttpParser - CONTENT_END --> END
13:18:56.223 [qtp853429147-117] DEBUG org.eclipse.jetty.io.ChannelEndPoint - Key interests updated 1 -> 0 on NetworkTrafficSocketChannelEndPoint@43a4a973{/127.0.0.1:65037<->/127.0.0.1:8080,OPEN,fill=-,flush=-,to=2/30000}{io=0/0,kio=0,kro=1}->HttpConnection@6e8d2e3a[p=HttpParser{s=CONTENT_END,0 of -1},g=HttpGenerator@804fda9{s=START}]=>HttpChannelOverHttp@6f222c79{s=HttpChannelState@8ea1132{s=HANDLING rs=BLOCKING os=OPEN is=IDLE awp=false se=false i=true al=0},r=2,c=false/false,a=HANDLING,uri=//localhost:8080/api/v0/components/provision-adapters/jobs/4886639d-5d96-440b-b467-0b386be7969c,age=2}
13:18:56.223 [qtp853429147-112] DEBUG org.eclipse.jetty.server.HttpChannel - onRequestComplete HttpChannelOverHttp@6f222c79{s=HttpChannelState@8ea1132{s=HANDLING rs=BLOCKING os=OPEN is=IDLE awp=false se=false i=true al=0},r=2,c=false/false,a=HANDLING,uri=//localhost:8080/api/v0/components/provision-adapters/jobs/4886639d-5d96-440b-b467-0b386be7969c,age=2}
13:18:56.223 [qtp853429147-117] DEBUG org.eclipse.jetty.io.ManagedSelector - Selector sun.nio.ch.WindowsSelectorImpl@69ec93f7 waiting with 1 keys
13:18:56.223 [qtp853429147-112] DEBUG org.eclipse.jetty.server.HttpInput - HttpInputOverHTTP@17faadf8[c=0,q=0,[0]=null,s=STREAM] addContent EOF
13:18:56.224 [qtp853429147-112] DEBUG org.eclipse.jetty.server.HttpConnection - HttpConnection@6e8d2e3a::NetworkTrafficSocketChannelEndPoint@43a4a973{/127.0.0.1:65037<->/127.0.0.1:8080,OPEN,fill=-,flush=-,to=3/30000}{io=0/0,kio=0,kro=1}->HttpConnection@6e8d2e3a[p=HttpParser{s=END,0 of -1},g=HttpGenerator@804fda9{s=START}]=>HttpChannelOverHttp@6f222c79{s=HttpChannelState@8ea1132{s=HANDLING rs=BLOCKING os=OPEN is=IDLE awp=false se=false i=true al=0},r=2,c=false/false,a=HANDLING,uri=//localhost:8080/api/v0/components/provision-adapters/jobs/4886639d-5d96-440b-b467-0b386be7969c,age=3} parsed false HttpParser{s=END,0 of -1}
13:18:56.224 [qtp853429147-112] DEBUG org.eclipse.jetty.server.HttpConnection - releaseRequestBuffer HttpConnection@6e8d2e3a::NetworkTrafficSocketChannelEndPoint@43a4a973{/127.0.0.1:65037<->/127.0.0.1:8080,OPEN,fill=-,flush=-,to=4/30000}{io=0/0,kio=0,kro=1}->HttpConnection@6e8d2e3a[p=HttpParser{s=END,0 of -1},g=HttpGenerator@804fda9{s=START}]=>HttpChannelOverHttp@6f222c79{s=HttpChannelState@8ea1132{s=HANDLING rs=BLOCKING os=OPEN is=IDLE awp=false se=false i=true al=0},r=2,c=false/false,a=HANDLING,uri=//localhost:8080/api/v0/components/provision-adapters/jobs/4886639d-5d96-440b-b467-0b386be7969c,age=3}
13:18:56.224 [qtp853429147-112] DEBUG org.eclipse.jetty.server.HttpChannelState - onEof HttpChannelState@8ea1132{s=HANDLING rs=BLOCKING os=OPEN is=IDLE awp=false se=false i=true al=0}
13:18:56.225 [qtp853429147-112] DEBUG org.eclipse.jetty.server.HttpOutput - write(array HeapByteBuffer@c553924[p=0,l=135,c=8192,r=135]={<<<{"id":"4886639d-5d96-440b...:"NEW","metadata":null}>>>\x00\x00\x00\x00\x00\x00\x00\x00\x00...\x00\x00\x00\x00\x00\x00\x00})
13:18:56.226 [qtp853429147-112] DEBUG org.eclipse.jetty.server.HttpOutput - write(array) s=OPEN,api=BLOCKING,sc=false,e=null aggregated !flush HeapByteBuffer@4f59ba58[p=0,l=135,c=32768,r=135]={<<<{"id":"4886639d-5d96-440b...:"NEW","metadata":null}>>>\x00\x00\x00\x00\x00\x00\x00\x00\x00...\x00\x00\x00\x00\x00\x00\x00}
13:18:56.226 [qtp853429147-112] DEBUG org.eclipse.jetty.server.handler.gzip.GzipHandler - GzipHandler@21af4110{STARTED,min=32,inflate=-1} excluded not gzip accept Request(GET //localhost:8080/api/v0/components/provision-adapters/jobs/4886639d-5d96-440b-b467-0b386be7969c)@26166a81
13:18:56.226 [qtp853429147-112] DEBUG org.eclipse.jetty.server.handler.gzip.GzipHttpOutputInterceptor - org.eclipse.jetty.server.handler.gzip.GzipHttpOutputInterceptor@294b2ad0 exclude no deflater
13:18:56.226 [qtp853429147-112] DEBUG org.eclipse.jetty.server.HttpChannel - sendResponse info=null content=HeapByteBuffer@4f59ba58[p=0,l=135,c=32768,r=135]={<<<{"id":"4886639d-5d96-440b...:"NEW","metadata":null}>>>\x00\x00\x00\x00\x00\x00\x00\x00\x00...\x00\x00\x00\x00\x00\x00\x00} complete=false committing=true callback=Blocker@463995ce{null}
13:18:56.226 [qtp853429147-112] DEBUG org.eclipse.jetty.server.HttpChannel - COMMIT for /api/v0/components/provision-adapters/jobs/4886639d-5d96-440b-b467-0b386be7969c on HttpChannelOverHttp@6f222c79{s=HttpChannelState@8ea1132{s=HANDLING rs=BLOCKING os=COMMITTED is=READY awp=false se=false i=true al=0},r=2,c=false/false,a=HANDLING,uri=//localhost:8080/api/v0/components/provision-adapters/jobs/4886639d-5d96-440b-b467-0b386be7969c,age=5}
200 null HTTP/1.1
Content-Type: application/json
Matched-Stub-Id: 07ecc0d2-7af8-40fc-bc53-65f8f8a1c55f
Vary: Accept-Encoding, User-Agent


13:18:56.254 [qtp853429147-112] DEBUG org.eclipse.jetty.server.HttpConnection - generate: NEED_HEADER for org.eclipse.jetty.server.HttpConnection$SendCallback@2c8f1f48[PROCESSING][i=HTTP/1.1{s=200,h=3,cl=-1},cb=org.eclipse.jetty.server.HttpChannel$SendCallback@201e7f89] (null,[p=0,l=135,c=32768,r=135],false)@START
13:18:56.254 [qtp853429147-112] DEBUG org.eclipse.jetty.http.HttpGenerator - generateHeaders HTTP/1.1{s=200,h=3,cl=-1} last=false content=HeapByteBuffer@4f59ba58[p=0,l=135,c=32768,r=135]={<<<{"id":"4886639d-5d96-440b...:"NEW","metadata":null}>>>\x00\x00\x00\x00\x00\x00\x00\x00\x00...\x00\x00\x00\x00\x00\x00\x00}
13:18:56.254 [qtp853429147-112] DEBUG org.eclipse.jetty.http.HttpGenerator - Content-Type: application/json
Matched-Stub-Id: 07ecc0d2-7af8-40fc-bc53-65f8f8a1c55f
Vary: Accept-Encoding, User-Agent


13:18:56.254 [qtp853429147-112] DEBUG org.eclipse.jetty.http.HttpGenerator - CHUNKED_CONTENT
13:18:56.254 [qtp853429147-112] DEBUG org.eclipse.jetty.server.HttpConnection - generate: FLUSH for org.eclipse.jetty.server.HttpConnection$SendCallback@2c8f1f48[PROCESSING][i=HTTP/1.1{s=200,h=3,cl=-1},cb=org.eclipse.jetty.server.HttpChannel$SendCallback@201e7f89] ([p=0,l=206,c=8192,r=206],[p=0,l=135,c=32768,r=135],false)@COMMITTED
13:18:56.254 [qtp853429147-112] DEBUG org.eclipse.jetty.io.WriteFlusher - write: WriteFlusher@486ad468{IDLE}->null [HeapByteBuffer@b72e34d[p=0,l=206,c=8192,r=206]={<<<HTTP/1.1 200 OK\r\nContent-...4.28.v20200408)\r\n\r\n87\r\n>>>logClient...\x00\x00\x00\x00\x00\x00\x00},HeapByteBuffer@4f59ba58[p=0,l=135,c=32768,r=135]={<<<{"id":"4886639d-5d96-440b...:"NEW","metadata":null}>>>\x00\x00\x00\x00\x00\x00\x00\x00\x00...\x00\x00\x00\x00\x00\x00\x00}]
13:18:56.254 [qtp853429147-112] DEBUG org.eclipse.jetty.io.WriteFlusher - update WriteFlusher@486ad468{WRITING}->null:IDLE-->WRITING
13:18:56.255 [qtp853429147-112] DEBUG org.eclipse.jetty.io.ChannelEndPoint - flushed 206 NetworkTrafficSocketChannelEndPoint@43a4a973{/127.0.0.1:65037<->/127.0.0.1:8080,OPEN,fill=-,flush=W,to=34/30000}{io=0/0,kio=0,kro=1}->HttpConnection@6e8d2e3a[p=HttpParser{s=END,0 of -1},g=HttpGenerator@804fda9{s=COMMITTED}]=>HttpChannelOverHttp@6f222c79{s=HttpChannelState@8ea1132{s=HANDLING rs=BLOCKING os=COMMITTED is=READY awp=false se=false i=true al=0},r=2,c=false/false,a=HANDLING,uri=//localhost:8080/api/v0/components/provision-adapters/jobs/4886639d-5d96-440b-b467-0b386be7969c,age=34}
13:18:56.255 [qtp853429147-112] DEBUG org.eclipse.jetty.io.ChannelEndPoint - flushed 135 NetworkTrafficSocketChannelEndPoint@43a4a973{/127.0.0.1:65037<->/127.0.0.1:8080,OPEN,fill=-,flush=W,to=0/30000}{io=0/0,kio=0,kro=1}->HttpConnection@6e8d2e3a[p=HttpParser{s=END,0 of -1},g=HttpGenerator@804fda9{s=COMMITTED}]=>HttpChannelOverHttp@6f222c79{s=HttpChannelState@8ea1132{s=HANDLING rs=BLOCKING os=COMMITTED is=READY awp=false se=false i=true al=0},r=2,c=false/false,a=HANDLING,uri=//localhost:8080/api/v0/components/provision-adapters/jobs/4886639d-5d96-440b-b467-0b386be7969c,age=34}
13:18:56.255 [qtp853429147-112] DEBUG org.eclipse.jetty.io.WriteFlusher - Flushed=true written=341 remaining=0 WriteFlusher@486ad468{WRITING}->null
13:18:56.255 [qtp853429147-112] DEBUG org.eclipse.jetty.io.WriteFlusher - update WriteFlusher@486ad468{IDLE}->null:WRITING-->IDLE
13:18:56.255 [qtp853429147-112] DEBUG org.eclipse.jetty.server.HttpConnection - generate: DONE for org.eclipse.jetty.server.HttpConnection$SendCallback@2c8f1f48[PROCESSING][i=HTTP/1.1{s=200,h=3,cl=-1},cb=org.eclipse.jetty.server.HttpChannel$SendCallback@201e7f89] ([p=206,l=206,c=8192,r=0],[p=135,l=135,c=32768,r=0],false)@COMMITTED
13:18:56.255 [qtp853429147-112] DEBUG org.eclipse.jetty.server.HttpOutput - onWriteComplete(false,null) s=OPEN,api=BLOCKED,sc=false,e=null->s=OPEN,api=BLOCKING,sc=false,e=null c=null cb=null w=false
13:18:56.255 [reactor-http-nio-4] DEBUG reactor.netty.http.client.HttpClientOperations - [id: 0xec8c3365, L:/127.0.0.1:65037 - R:localhost/127.0.0.1:8080] Received response (auto-read:false) : [Content-Type=application/json, Matched-Stub-Id=07ecc0d2-7af8-40fc-bc53-65f8f8a1c55f, Vary=Accept-Encoding, User-Agent, Transfer-Encoding=chunked, Server=Jetty(9.4.28.v20200408)]
13:18:56.255 [reactor-http-nio-4] DEBUG reactor.netty.resources.PooledConnectionProvider - [id: 0xec8c3365, L:/127.0.0.1:65037 - R:localhost/127.0.0.1:8080] onStateChange(GET{uri=/api/v0/components/provision-adapters/jobs/4886639d-5d96-440b-b467-0b386be7969c, connection=PooledConnection{channel=[id: 0xec8c3365, L:/127.0.0.1:65037 - R:localhost/127.0.0.1:8080]}}, [response_received])
13:18:56.255 [reactor-http-nio-4] DEBUG org.springframework.web.reactive.function.client.ExchangeFunctions - [38be82] Response 200 OK
13:18:56.255 [qtp853429147-112] DEBUG org.eclipse.jetty.server.HttpOutput - close() s=CLOSING,api=BLOCKED,sc=false,e=null c=HeapByteBuffer@137d328[p=0,l=0,c=0,r=0]={<<<>>>} b=Blocker@463995ce{null}
13:18:56.255 [qtp853429147-112] DEBUG org.eclipse.jetty.server.HttpChannel - sendResponse info=null content=HeapByteBuffer@137d328[p=0,l=0,c=0,r=0]={<<<>>>} complete=true committing=false callback=Blocker@463995ce{null}
13:18:56.255 [qtp853429147-112] DEBUG org.eclipse.jetty.server.HttpConnection - generate: CONTINUE for org.eclipse.jetty.server.HttpConnection$SendCallback@2c8f1f48[PROCESSING][i=null,cb=org.eclipse.jetty.server.HttpChannel$SendCallback@e5bb39a] (null,[p=0,l=0,c=0,r=0],true)@COMPLETING
13:18:56.255 [qtp853429147-112] DEBUG org.eclipse.jetty.server.HttpConnection - generate: NEED_CHUNK for org.eclipse.jetty.server.HttpConnection$SendCallback@2c8f1f48[PROCESSING][i=null,cb=org.eclipse.jetty.server.HttpChannel$SendCallback@e5bb39a] (null,[p=0,l=0,c=0,r=0],true)@COMPLETING
13:18:56.256 [qtp853429147-112] DEBUG org.eclipse.jetty.server.HttpConnection - generate: FLUSH for org.eclipse.jetty.server.HttpConnection$SendCallback@2c8f1f48[PROCESSING][i=null,cb=org.eclipse.jetty.server.HttpChannel$SendCallback@e5bb39a] (null,[p=0,l=0,c=0,r=0],true)@COMPLETING
13:18:56.256 [qtp853429147-112] DEBUG org.eclipse.jetty.io.WriteFlusher - write: WriteFlusher@486ad468{IDLE}->null [HeapByteBuffer@50786100[p=0,l=7,c=1024,r=7]={<<<\r\n0\r\n\r\n>>>\x00\x00\x00\x00\x00\x00\x00\x00\x00...\x00\x00\x00\x00\x00\x00\x00}]
13:18:56.256 [qtp853429147-112] DEBUG org.eclipse.jetty.io.WriteFlusher - update WriteFlusher@486ad468{WRITING}->null:IDLE-->WRITING
13:18:56.256 [qtp853429147-112] DEBUG org.eclipse.jetty.io.ChannelEndPoint - flushed 7 NetworkTrafficSocketChannelEndPoint@43a4a973{/127.0.0.1:65037<->/127.0.0.1:8080,OPEN,fill=-,flush=W,to=0/30000}{io=0/0,kio=0,kro=1}->HttpConnection@6e8d2e3a[p=HttpParser{s=END,0 of -1},g=HttpGenerator@804fda9{s=COMPLETING}]=>HttpChannelOverHttp@6f222c79{s=HttpChannelState@8ea1132{s=HANDLING rs=BLOCKING os=COMMITTED is=READY awp=false se=false i=true al=0},r=2,c=false/false,a=HANDLING,uri=//localhost:8080/api/v0/components/provision-adapters/jobs/4886639d-5d96-440b-b467-0b386be7969c,age=35}
13:18:56.256 [reactor-http-nio-4] DEBUG reactor.netty.channel.FluxReceive - [id: 0xec8c3365, L:/127.0.0.1:65037 - R:localhost/127.0.0.1:8080] Subscribing inbound receiver [pending: 0, cancelled:false, inboundDone: false]
13:18:56.256 [qtp853429147-112] DEBUG org.eclipse.jetty.io.WriteFlusher - Flushed=true written=7 remaining=0 WriteFlusher@486ad468{WRITING}->null
13:18:56.256 [qtp853429147-112] DEBUG org.eclipse.jetty.io.WriteFlusher - update WriteFlusher@486ad468{IDLE}->null:WRITING-->IDLE
13:18:56.256 [qtp853429147-112] DEBUG org.eclipse.jetty.server.HttpConnection - generate: DONE for org.eclipse.jetty.server.HttpConnection$SendCallback@2c8f1f48[PROCESSING][i=null,cb=org.eclipse.jetty.server.HttpChannel$SendCallback@e5bb39a] (null,[p=0,l=0,c=0,r=0],true)@END
13:18:56.257 [reactor-http-nio-4] DEBUG reactor.netty.http.client.HttpClientOperations - [id: 0xec8c3365, L:/127.0.0.1:65037 - R:localhost/127.0.0.1:8080] Received last HTTP packet
13:18:56.257 [reactor-http-nio-4] DEBUG org.springframework.http.codec.json.Jackson2JsonDecoder - [38be82] Decoded [ProvisioningJobResponse(id=4886639d-5d96-440b-b467-0b386be7969c, componentInstanceId=97feb42f-5368-4 (truncated)...]
13:18:56.257 [qtp853429147-112] DEBUG org.eclipse.jetty.server.HttpOutput - onWriteComplete(true,null) s=CLOSING,api=BLOCKED,sc=false,e=null->s=CLOSED,api=BLOCKING,sc=false,e=null c=null cb=null w=false
13:18:56.257 [qtp853429147-112] DEBUG org.eclipse.jetty.server.Server - handled=true async=false committed=true on HttpChannelOverHttp@6f222c79{s=HttpChannelState@8ea1132{s=HANDLING rs=BLOCKING os=COMPLETED is=READY awp=false se=false i=true al=0},r=2,c=false/true,a=HANDLING,uri=//localhost:8080/api/v0/components/provision-adapters/jobs/4886639d-5d96-440b-b467-0b386be7969c,age=36}
13:18:56.258 [qtp853429147-112] DEBUG org.eclipse.jetty.server.HttpChannelState - unhandle HttpChannelState@8ea1132{s=HANDLING rs=BLOCKING os=COMPLETED is=READY awp=false se=false i=true al=0}
13:18:56.258 [qtp853429147-112] DEBUG org.eclipse.jetty.server.HttpChannelState - nextAction(false) COMPLETE HttpChannelState@8ea1132{s=HANDLING rs=COMPLETING os=COMPLETED is=READY awp=false se=false i=false al=0}
13:18:56.258 [qtp853429147-112] DEBUG org.eclipse.jetty.server.HttpChannel - action COMPLETE HttpChannelOverHttp@6f222c79{s=HttpChannelState@8ea1132{s=HANDLING rs=COMPLETING os=COMPLETED is=READY awp=false se=false i=false al=0},r=2,c=false/true,a=HANDLING,uri=//localhost:8080/api/v0/components/provision-adapters/jobs/4886639d-5d96-440b-b467-0b386be7969c,age=37}
13:18:56.258 [qtp853429147-112] DEBUG org.eclipse.jetty.server.HttpOutput - complete(org.eclipse.jetty.util.Callback$4@2b62376c) s=CLOSED,api=BLOCKING,sc=false,e=null s=true e=null, c=null
13:18:56.258 [qtp853429147-112] DEBUG org.eclipse.jetty.server.HttpChannelState - completed HttpChannelState@8ea1132{s=HANDLING rs=COMPLETING os=COMPLETED is=READY awp=false se=false i=false al=0}
13:18:56.258 [qtp853429147-112] DEBUG org.eclipse.jetty.server.HttpChannelState - unhandle HttpChannelState@8ea1132{s=HANDLING rs=COMPLETED os=COMPLETED is=READY awp=false se=false i=false al=0}
13:18:56.258 [qtp853429147-112] DEBUG org.eclipse.jetty.server.HttpChannelState - nextAction(false) TERMINATED HttpChannelState@8ea1132{s=IDLE rs=COMPLETED os=COMPLETED is=READY awp=false se=false i=false al=0}
13:18:56.258 [qtp853429147-112] DEBUG org.eclipse.jetty.server.HttpChannel - action TERMINATED HttpChannelOverHttp@6f222c79{s=HttpChannelState@8ea1132{s=IDLE rs=COMPLETED os=COMPLETED is=READY awp=false se=false i=false al=0},r=2,c=true/true,a=IDLE,uri=//localhost:8080/api/v0/components/provision-adapters/jobs/4886639d-5d96-440b-b467-0b386be7969c,age=37}
13:18:56.258 [qtp853429147-112] DEBUG org.eclipse.jetty.server.HttpChannel - onCompleted for /api/v0/components/provision-adapters/jobs/4886639d-5d96-440b-b467-0b386be7969c written=135
13:18:56.258 [qtp853429147-112] DEBUG org.eclipse.jetty.server.HttpChannelState - recycle HttpChannelState@8ea1132{s=IDLE rs=COMPLETED os=COMPLETED is=READY awp=false se=false i=false al=0}
13:18:56.258 [qtp853429147-112] DEBUG org.eclipse.jetty.http.HttpParser - reset HttpParser{s=END,0 of -1}
13:18:56.258 [qtp853429147-112] DEBUG org.eclipse.jetty.http.HttpParser - END --> START
13:18:56.258 [qtp853429147-112] DEBUG org.eclipse.jetty.server.HttpChannel - !handle TERMINATED HttpChannelOverHttp@6f222c79{s=HttpChannelState@8ea1132{s=IDLE rs=BLOCKING os=OPEN is=IDLE awp=false se=false i=true al=0},r=2,c=false/false,a=IDLE,uri=null,age=0}
13:18:56.258 [qtp853429147-112] DEBUG org.eclipse.jetty.io.ChannelEndPoint - filled 0 HeapByteBuffer@b72e34d[p=0,l=0,c=8192,r=0]={<<<>>>HTTP/1.1 ...\x00\x00\x00\x00\x00\x00\x00}
13:18:56.258 [qtp853429147-112] DEBUG org.eclipse.jetty.io.ChannelEndPoint - filled 0 HeapByteBuffer@b72e34d[p=0,l=0,c=8192,r=0]={<<<>>>HTTP/1.1 ...\x00\x00\x00\x00\x00\x00\x00}
13:18:56.259 [qtp853429147-112] DEBUG org.eclipse.jetty.server.HttpConnection - HttpConnection@6e8d2e3a::NetworkTrafficSocketChannelEndPoint@43a4a973{/127.0.0.1:65037<->/127.0.0.1:8080,OPEN,fill=-,flush=-,to=2/30000}{io=0/0,kio=0,kro=1}->HttpConnection@6e8d2e3a[p=HttpParser{s=START,0 of -1},g=HttpGenerator@804fda9{s=START}]=>HttpChannelOverHttp@6f222c79{s=HttpChannelState@8ea1132{s=IDLE rs=BLOCKING os=OPEN is=IDLE awp=false se=false i=true al=0},r=2,c=false/false,a=IDLE,uri=null,age=0} filled 0 HeapByteBuffer@b72e34d[p=0,l=0,c=8192,r=0]={<<<>>>HTTP/1.1 ...\x00\x00\x00\x00\x00\x00\x00}
13:18:56.259 [qtp853429147-112] DEBUG org.eclipse.jetty.server.HttpConnection - HttpConnection@6e8d2e3a::NetworkTrafficSocketChannelEndPoint@43a4a973{/127.0.0.1:65037<->/127.0.0.1:8080,OPEN,fill=-,flush=-,to=2/30000}{io=0/0,kio=0,kro=1}->HttpConnection@6e8d2e3a[p=HttpParser{s=START,0 of -1},g=HttpGenerator@804fda9{s=START}]=>HttpChannelOverHttp@6f222c79{s=HttpChannelState@8ea1132{s=IDLE rs=BLOCKING os=OPEN is=IDLE awp=false se=false i=true al=0},r=2,c=false/false,a=IDLE,uri=null,age=0} parse HeapByteBuffer@b72e34d[p=0,l=0,c=8192,r=0]={<<<>>>HTTP/1.1 ...\x00\x00\x00\x00\x00\x00\x00} {}
13:18:56.259 [qtp853429147-112] DEBUG org.eclipse.jetty.http.HttpParser - parseNext s=START HeapByteBuffer@b72e34d[p=0,l=0,c=8192,r=0]={<<<>>>HTTP/1.1 ...\x00\x00\x00\x00\x00\x00\x00}
13:18:56.259 [qtp853429147-112] DEBUG org.eclipse.jetty.server.HttpConnection - HttpConnection@6e8d2e3a::NetworkTrafficSocketChannelEndPoint@43a4a973{/127.0.0.1:65037<->/127.0.0.1:8080,OPEN,fill=-,flush=-,to=2/30000}{io=0/0,kio=0,kro=1}->HttpConnection@6e8d2e3a[p=HttpParser{s=START,0 of -1},g=HttpGenerator@804fda9{s=START}]=>HttpChannelOverHttp@6f222c79{s=HttpChannelState@8ea1132{s=IDLE rs=BLOCKING os=OPEN is=IDLE awp=false se=false i=true al=0},r=2,c=false/false,a=IDLE,uri=null,age=0} parsed false HttpParser{s=START,0 of -1}
13:18:56.259 [qtp853429147-112] DEBUG org.eclipse.jetty.server.HttpConnection - releaseRequestBuffer HttpConnection@6e8d2e3a::NetworkTrafficSocketChannelEndPoint@43a4a973{/127.0.0.1:65037<->/127.0.0.1:8080,OPEN,fill=-,flush=-,to=2/30000}{io=0/0,kio=0,kro=1}->HttpConnection@6e8d2e3a[p=HttpParser{s=START,0 of -1},g=HttpGenerator@804fda9{s=START}]=>HttpChannelOverHttp@6f222c79{s=HttpChannelState@8ea1132{s=IDLE rs=BLOCKING os=OPEN is=IDLE awp=false se=false i=true al=0},r=2,c=false/false,a=IDLE,uri=null,age=0}
13:18:56.259 [qtp853429147-112] DEBUG org.eclipse.jetty.io.AbstractConnection - fillInterested HttpConnection@6e8d2e3a::NetworkTrafficSocketChannelEndPoint@43a4a973{/127.0.0.1:65037<->/127.0.0.1:8080,OPEN,fill=-,flush=-,to=2/30000}{io=0/0,kio=0,kro=1}->HttpConnection@6e8d2e3a[p=HttpParser{s=START,0 of -1},g=HttpGenerator@804fda9{s=START}]=>HttpChannelOverHttp@6f222c79{s=HttpChannelState@8ea1132{s=IDLE rs=BLOCKING os=OPEN is=IDLE awp=false se=false i=true al=0},r=2,c=false/false,a=IDLE,uri=null,age=0}
13:18:56.259 [qtp853429147-112] DEBUG org.eclipse.jetty.io.FillInterest - interested FillInterest@763b5934{AC.ReadCB@6e8d2e3a{HttpConnection@6e8d2e3a::NetworkTrafficSocketChannelEndPoint@43a4a973{/127.0.0.1:65037<->/127.0.0.1:8080,OPEN,fill=FI,flush=-,to=0/30000}{io=0/0,kio=0,kro=1}->HttpConnection@6e8d2e3a[p=HttpParser{s=START,0 of -1},g=HttpGenerator@804fda9{s=START}]=>HttpChannelOverHttp@6f222c79{s=HttpChannelState@8ea1132{s=IDLE rs=BLOCKING os=OPEN is=IDLE awp=false se=false i=true al=0},r=2,c=false/false,a=IDLE,uri=null,age=0}}}
13:18:56.259 [qtp853429147-112] DEBUG org.eclipse.jetty.io.ChannelEndPoint - changeInterests p=false 0->1 for NetworkTrafficSocketChannelEndPoint@43a4a973{/127.0.0.1:65037<->/127.0.0.1:8080,OPEN,fill=FI,flush=-,to=0/30000}{io=0/1,kio=0,kro=1}->HttpConnection@6e8d2e3a[p=HttpParser{s=START,0 of -1},g=HttpGenerator@804fda9{s=START}]=>HttpChannelOverHttp@6f222c79{s=HttpChannelState@8ea1132{s=IDLE rs=BLOCKING os=OPEN is=IDLE awp=false se=false i=true al=0},r=2,c=false/false,a=IDLE,uri=null,age=0}
13:18:56.259 [qtp853429147-112] DEBUG org.eclipse.jetty.io.ManagedSelector - Queued change org.eclipse.jetty.io.ChannelEndPoint$1@2e00b540 on ManagedSelector@5455ce7b{STARTED} id=0 keys=1 selected=0 updates=0
13:18:56.259 [qtp853429147-112] DEBUG org.eclipse.jetty.io.ManagedSelector - Wakeup on submit ManagedSelector@5455ce7b{STARTED} id=0 keys=1 selected=0 updates=1
13:18:56.259 [qtp853429147-117] DEBUG org.eclipse.jetty.io.ManagedSelector - Selector sun.nio.ch.WindowsSelectorImpl@69ec93f7 woken with none selected
13:18:56.259 [qtp853429147-117] DEBUG org.eclipse.jetty.io.ManagedSelector - Selector sun.nio.ch.WindowsSelectorImpl@69ec93f7 woken up from select, 0/0/1 selected
13:18:56.259 [qtp853429147-112] DEBUG org.eclipse.jetty.server.HttpConnection - HttpConnection@6e8d2e3a::NetworkTrafficSocketChannelEndPoint@43a4a973{/127.0.0.1:65037<->/127.0.0.1:8080,OPEN,fill=FI,flush=-,to=0/30000}{io=0/1,kio=0,kro=1}->HttpConnection@6e8d2e3a[p=HttpParser{s=START,0 of -1},g=HttpGenerator@804fda9{s=START}]=>HttpChannelOverHttp@6f222c79{s=HttpChannelState@8ea1132{s=IDLE rs=BLOCKING os=OPEN is=IDLE awp=false se=false i=true al=0},r=2,c=false/false,a=IDLE,uri=null,age=0} onFillable exit HttpChannelState@8ea1132{s=IDLE rs=BLOCKING os=OPEN is=IDLE awp=false se=false i=true al=0} null
13:18:56.259 [qtp853429147-117] DEBUG org.eclipse.jetty.io.ManagedSelector - Selector sun.nio.ch.WindowsSelectorImpl@69ec93f7 processing 0 keys, 1 updates
13:18:56.259 [qtp853429147-112] DEBUG org.eclipse.jetty.util.thread.ReservedThreadExecutor - ReservedThreadExecutor@7a292eba{s=1/1,p=0}@7d5f4549 size 1 > capacity
13:18:56.259 [qtp853429147-117] DEBUG org.eclipse.jetty.io.ManagedSelector - updateable 1
13:18:56.259 [qtp853429147-117] DEBUG org.eclipse.jetty.io.ManagedSelector - update org.eclipse.jetty.io.ChannelEndPoint$1@2e00b540
13:18:56.259 [qtp853429147-117] DEBUG org.eclipse.jetty.io.ChannelEndPoint - Key interests updated 0 -> 1 on NetworkTrafficSocketChannelEndPoint@43a4a973{/127.0.0.1:65037<->/127.0.0.1:8080,OPEN,fill=FI,flush=-,to=0/30000}{io=1/1,kio=1,kro=1}->HttpConnection@6e8d2e3a[p=HttpParser{s=START,0 of -1},g=HttpGenerator@804fda9{s=START}]=>HttpChannelOverHttp@6f222c79{s=HttpChannelState@8ea1132{s=IDLE rs=BLOCKING os=OPEN is=IDLE awp=false se=false i=true al=0},r=2,c=false/false,a=IDLE,uri=null,age=0}
13:18:56.259 [qtp853429147-117] DEBUG org.eclipse.jetty.io.ManagedSelector - updates 0
13:18:56.259 [qtp853429147-117] DEBUG org.eclipse.jetty.io.ManagedSelector - Selector sun.nio.ch.WindowsSelectorImpl@69ec93f7 waiting with 1 keys
13:18:56.259 [qtp853429147-112] DEBUG org.eclipse.jetty.util.thread.QueuedThreadPool - ran ReservedThreadExecutor@7a292eba{s=1/1,p=0}@7d5f4549 in QueuedThreadPool[qtp853429147]@32de4b9b{STARTED,8<=8<=14,i=1,r=1,q=0}[ReservedThreadExecutor@7a292eba{s=1/1,p=0}]
13:18:56.307 [reactor-http-nio-4] DEBUG reactor.netty.resources.PooledConnectionProvider - [id: 0xec8c3365, L:/127.0.0.1:65037 - R:localhost/127.0.0.1:8080] onStateChange(GET{uri=/api/v0/components/provision-adapters/jobs/4886639d-5d96-440b-b467-0b386be7969c, connection=PooledConnection{channel=[id: 0xec8c3365, L:/127.0.0.1:65037 - R:localhost/127.0.0.1:8080]}}, [response_completed])
13:18:56.308 [reactor-http-nio-4] DEBUG reactor.netty.ReactorNetty - [id: 0xec8c3365, L:/127.0.0.1:65037 - R:localhost/127.0.0.1:8080] Removed handler: ReadTimeoutHandler, pipeline: DefaultChannelPipeline{(reactor.left.httpCodec = io.netty.handler.codec.http.HttpClientCodec), (WriteTimeoutHandler = io.netty.handler.timeout.WriteTimeoutHandler), (reactor.right.reactiveBridge = reactor.netty.channel.ChannelOperationsHandler)}
13:18:56.308 [reactor-http-nio-4] DEBUG reactor.netty.ReactorNetty - [id: 0xec8c3365, L:/127.0.0.1:65037 - R:localhost/127.0.0.1:8080] Removed handler: WriteTimeoutHandler, pipeline: DefaultChannelPipeline{(reactor.left.httpCodec = io.netty.handler.codec.http.HttpClientCodec), (reactor.right.reactiveBridge = reactor.netty.channel.ChannelOperationsHandler)}
13:18:56.308 [reactor-http-nio-4] DEBUG reactor.netty.resources.PooledConnectionProvider - [id: 0xec8c3365, L:/127.0.0.1:65037 - R:localhost/127.0.0.1:8080] onStateChange(GET{uri=/api/v0/components/provision-adapters/jobs/4886639d-5d96-440b-b467-0b386be7969c, connection=PooledConnection{channel=[id: 0xec8c3365, L:/127.0.0.1:65037 - R:localhost/127.0.0.1:8080]}}, [disconnecting])
13:18:56.308 [reactor-http-nio-4] DEBUG reactor.netty.resources.PooledConnectionProvider - [id: 0xec8c3365, L:/127.0.0.1:65037 - R:localhost/127.0.0.1:8080] Releasing channel
13:18:56.308 [reactor-http-nio-4] DEBUG reactor.netty.resources.PooledConnectionProvider - [id: 0xec8c3365, L:/127.0.0.1:65037 - R:localhost/127.0.0.1:8080] Channel cleaned, now 0 active connections and 2 inactive connections
13:18:56.309 [Test worker] DEBUG org.apache.http.impl.conn.PoolingHttpClientConnectionManager - Connection request: [route: {}->http://localhost:8080][total available: 1; route allocated: 1 of 5; total allocated: 1 of 50]
13:18:56.309 [Test worker] DEBUG org.apache.http.impl.conn.PoolingHttpClientConnectionManager - Connection leased: [id: 5][route: {}->http://localhost:8080][total available: 0; route allocated: 1 of 5; total allocated: 1 of 50]
13:18:56.309 [Test worker] DEBUG org.apache.http.impl.conn.DefaultManagedHttpClientConnection - http-outgoing-5: set socket timeout to 30000
13:18:56.309 [Test worker] DEBUG org.apache.http.impl.execchain.MainClientExec - Stale connection check
13:18:56.311 [Test worker] DEBUG org.apache.http.wire - http-outgoing-5 << "[read] I/O error: Read timed out"
13:18:56.311 [Test worker] DEBUG org.apache.http.impl.execchain.MainClientExec - Executing request POST /__admin/requests/count HTTP/1.1
13:18:56.311 [Test worker] DEBUG org.apache.http.impl.execchain.MainClientExec - Target auth state: UNCHALLENGED
13:18:56.311 [Test worker] DEBUG org.apache.http.impl.execchain.MainClientExec - Proxy auth state: UNCHALLENGED
13:18:56.311 [Test worker] DEBUG org.apache.http.headers - http-outgoing-5 >> POST /__admin/requests/count HTTP/1.1
13:18:56.311 [Test worker] DEBUG org.apache.http.headers - http-outgoing-5 >> Content-Length: 89
13:18:56.311 [Test worker] DEBUG org.apache.http.headers - http-outgoing-5 >> Content-Type: text/plain; charset=UTF-8
13:18:56.311 [Test worker] DEBUG org.apache.http.headers - http-outgoing-5 >> Host: localhost:8080
13:18:56.311 [Test worker] DEBUG org.apache.http.headers - http-outgoing-5 >> Connection: Keep-Alive
13:18:56.311 [Test worker] DEBUG org.apache.http.headers - http-outgoing-5 >> User-Agent: Apache-HttpClient/4.5.12 (Java/11.0.2)
13:18:56.311 [Test worker] DEBUG org.apache.http.wire - http-outgoing-5 >> "POST /__admin/requests/count HTTP/1.1[\r][\n]"
13:18:56.311 [Test worker] DEBUG org.apache.http.wire - http-outgoing-5 >> "Content-Length: 89[\r][\n]"
13:18:56.311 [Test worker] DEBUG org.apache.http.wire - http-outgoing-5 >> "Content-Type: text/plain; charset=UTF-8[\r][\n]"
13:18:56.311 [Test worker] DEBUG org.apache.http.wire - http-outgoing-5 >> "Host: localhost:8080[\r][\n]"
13:18:56.311 [Test worker] DEBUG org.apache.http.wire - http-outgoing-5 >> "Connection: Keep-Alive[\r][\n]"
13:18:56.311 [Test worker] DEBUG org.apache.http.wire - http-outgoing-5 >> "User-Agent: Apache-HttpClient/4.5.12 (Java/11.0.2)[\r][\n]"
13:18:56.311 [Test worker] DEBUG org.apache.http.wire - http-outgoing-5 >> "[\r][\n]"
13:18:56.311 [Test worker] DEBUG org.apache.http.wire - http-outgoing-5 >> "{[\r][\n]"
13:18:56.311 [Test worker] DEBUG org.apache.http.wire - http-outgoing-5 >> "  "url" : "/api/v0/components/provision-adapters/jobs/{jobId}",[\r][\n]"
13:18:56.311 [Test worker] DEBUG org.apache.http.wire - http-outgoing-5 >> "  "method" : "GET"[\r][\n]"
13:18:56.311 [Test worker] DEBUG org.apache.http.wire - http-outgoing-5 >> "}"
13:18:56.311 [qtp853429147-110] DEBUG org.eclipse.jetty.io.ManagedSelector - Selector sun.nio.ch.WindowsSelectorImpl@1d61dea3 woken up from select, 1/1/2 selected
13:18:56.311 [qtp853429147-110] DEBUG org.eclipse.jetty.io.ManagedSelector - Selector sun.nio.ch.WindowsSelectorImpl@1d61dea3 processing 1 keys, 0 updates
13:18:56.311 [qtp853429147-110] DEBUG org.eclipse.jetty.io.ManagedSelector - selected 1 channel=java.nio.channels.SocketChannel[connected local=/127.0.0.1:8080 remote=/127.0.0.1:65036], selector=sun.nio.ch.WindowsSelectorImpl@1d61dea3, interestOps=1, readyOps=1 NetworkTrafficSocketChannelEndPoint@64307ead{/127.0.0.1:65036<->/127.0.0.1:8080,OPEN,fill=FI,flush=-,to=1658/30000}{io=1/1,kio=1,kro=1}->HttpConnection@4c6840a2[p=HttpParser{s=START,0 of -1},g=HttpGenerator@1aab1830{s=START}]=>HttpChannelOverHttp@6ec815dd{s=HttpChannelState@2bca9660{s=IDLE rs=BLOCKING os=OPEN is=IDLE awp=false se=false i=true al=0},r=3,c=false/false,a=IDLE,uri=null,age=0} 
13:18:56.312 [qtp853429147-110] DEBUG org.eclipse.jetty.io.ChannelEndPoint - onSelected 1->0 r=true w=false for NetworkTrafficSocketChannelEndPoint@64307ead{/127.0.0.1:65036<->/127.0.0.1:8080,OPEN,fill=FI,flush=-,to=1658/30000}{io=1/0,kio=1,kro=1}->HttpConnection@4c6840a2[p=HttpParser{s=START,0 of -1},g=HttpGenerator@1aab1830{s=START}]=>HttpChannelOverHttp@6ec815dd{s=HttpChannelState@2bca9660{s=IDLE rs=BLOCKING os=OPEN is=IDLE awp=false se=false i=true al=0},r=3,c=false/false,a=IDLE,uri=null,age=0}
13:18:56.312 [qtp853429147-110] DEBUG org.eclipse.jetty.io.ChannelEndPoint - task CEP:NetworkTrafficSocketChannelEndPoint@64307ead{/127.0.0.1:65036<->/127.0.0.1:8080,OPEN,fill=FI,flush=-,to=1658/30000}{io=1/0,kio=1,kro=1}->HttpConnection@4c6840a2[p=HttpParser{s=START,0 of -1},g=HttpGenerator@1aab1830{s=START}]=>HttpChannelOverHttp@6ec815dd{s=HttpChannelState@2bca9660{s=IDLE rs=BLOCKING os=OPEN is=IDLE awp=false se=false i=true al=0},r=3,c=false/false,a=IDLE,uri=null,age=0}:runFillable:BLOCKING
13:18:56.312 [qtp853429147-110] DEBUG org.eclipse.jetty.util.thread.ReservedThreadExecutor - ReservedThreadExecutor@7a292eba{s=1/1,p=0} tryExecute EatWhatYouKill@61ce6731/SelectorProducer@20cb10e8/PRODUCING/p=false/QueuedThreadPool[qtp853429147]@32de4b9b{STARTED,8<=8<=14,i=2,r=1,q=0}[ReservedThreadExecutor@7a292eba{s=1/1,p=0}][pc=0,pic=0,pec=1,epc=3]@2020-09-25T13:18:56.312089+02:00
13:18:56.312 [qtp853429147-110] DEBUG org.eclipse.jetty.util.thread.ReservedThreadExecutor - ReservedThreadExecutor@7a292eba{s=0/1,p=0}@1fb63bb3 offer EatWhatYouKill@61ce6731/SelectorProducer@20cb10e8/PRODUCING/p=false/QueuedThreadPool[qtp853429147]@32de4b9b{STARTED,8<=8<=14,i=2,r=1,q=0}[ReservedThreadExecutor@7a292eba{s=0/1,p=0}][pc=0,pic=0,pec=1,epc=3]@2020-09-25T13:18:56.312089+02:00
13:18:56.312 [qtp853429147-110] DEBUG org.eclipse.jetty.util.thread.ReservedThreadExecutor - ReservedThreadExecutor@7a292eba{s=0/1,p=1} startReservedThread p=1
13:18:56.312 [qtp853429147-110] DEBUG org.eclipse.jetty.util.thread.QueuedThreadPool - queue ReservedThreadExecutor@7a292eba{s=0/1,p=1}@3416546f startThread=0
13:18:56.312 [qtp853429147-110] DEBUG org.eclipse.jetty.util.thread.strategy.EatWhatYouKill - EatWhatYouKill@61ce6731/SelectorProducer@20cb10e8/IDLE/p=true/QueuedThreadPool[qtp853429147]@32de4b9b{STARTED,8<=8<=14,i=1,r=1,q=0}[ReservedThreadExecutor@7a292eba{s=0/1,p=1}][pc=0,pic=0,pec=1,epc=3]@2020-09-25T13:18:56.312089+02:00 m=EXECUTE_PRODUCE_CONSUME t=CEP:NetworkTrafficSocketChannelEndPoint@64307ead{/127.0.0.1:65036<->/127.0.0.1:8080,OPEN,fill=FI,flush=-,to=1659/30000}{io=1/0,kio=1,kro=1}->HttpConnection@4c6840a2[p=HttpParser{s=START,0 of -1},g=HttpGenerator@1aab1830{s=START}]=>HttpChannelOverHttp@6ec815dd{s=HttpChannelState@2bca9660{s=IDLE rs=BLOCKING os=OPEN is=IDLE awp=false se=false i=true al=0},r=3,c=false/false,a=IDLE,uri=null,age=0}:runFillable:BLOCKING/BLOCKING
13:18:56.312 [qtp853429147-110] DEBUG org.eclipse.jetty.io.FillInterest - fillable FillInterest@34e39045{AC.ReadCB@4c6840a2{HttpConnection@4c6840a2::NetworkTrafficSocketChannelEndPoint@64307ead{/127.0.0.1:65036<->/127.0.0.1:8080,OPEN,fill=FI,flush=-,to=1659/30000}{io=1/0,kio=1,kro=1}->HttpConnection@4c6840a2[p=HttpParser{s=START,0 of -1},g=HttpGenerator@1aab1830{s=START}]=>HttpChannelOverHttp@6ec815dd{s=HttpChannelState@2bca9660{s=IDLE rs=BLOCKING os=OPEN is=IDLE awp=false se=false i=true al=0},r=3,c=false/false,a=IDLE,uri=null,age=0}}}
13:18:56.312 [qtp853429147-111] DEBUG org.eclipse.jetty.util.thread.QueuedThreadPool - run ReservedThreadExecutor@7a292eba{s=0/1,p=1}@3416546f in QueuedThreadPool[qtp853429147]@32de4b9b{STARTED,8<=8<=14,i=1,r=1,q=0}[ReservedThreadExecutor@7a292eba{s=0/1,p=1}]
13:18:56.312 [qtp853429147-111] DEBUG org.eclipse.jetty.util.thread.ReservedThreadExecutor - ReservedThreadExecutor@7a292eba{s=1/1,p=1}@3416546f started
13:18:56.313 [qtp853429147-111] DEBUG org.eclipse.jetty.util.thread.ReservedThreadExecutor - ReservedThreadExecutor@7a292eba{s=1/1,p=0}@3416546f waiting
13:18:56.312 [qtp853429147-116] DEBUG org.eclipse.jetty.util.thread.ReservedThreadExecutor - ReservedThreadExecutor@7a292eba{s=0/1,p=1}@1fb63bb3 task=EatWhatYouKill@61ce6731/SelectorProducer@20cb10e8/IDLE/p=true/QueuedThreadPool[qtp853429147]@32de4b9b{STARTED,8<=8<=14,i=1,r=1,q=0}[ReservedThreadExecutor@7a292eba{s=0/1,p=1}][pc=0,pic=0,pec=1,epc=4]@2020-09-25T13:18:56.312089+02:00
13:18:56.312 [qtp853429147-110] DEBUG org.eclipse.jetty.server.HttpConnection - HttpConnection@4c6840a2::NetworkTrafficSocketChannelEndPoint@64307ead{/127.0.0.1:65036<->/127.0.0.1:8080,OPEN,fill=-,flush=-,to=1659/30000}{io=1/0,kio=1,kro=1}->HttpConnection@4c6840a2[p=HttpParser{s=START,0 of -1},g=HttpGenerator@1aab1830{s=START}]=>HttpChannelOverHttp@6ec815dd{s=HttpChannelState@2bca9660{s=IDLE rs=BLOCKING os=OPEN is=IDLE awp=false se=false i=true al=0},r=3,c=false/false,a=IDLE,uri=null,age=0} onFillable enter HttpChannelState@2bca9660{s=IDLE rs=BLOCKING os=OPEN is=IDLE awp=false se=false i=true al=0} null
13:18:56.313 [qtp853429147-110] DEBUG org.eclipse.jetty.io.ChannelEndPoint - filled 289 HeapByteBuffer@b72e34d[p=0,l=289,c=8192,r=289]={<<<POST /__admin/requests/co...\r\n  "method" : "GET"\r\n}>>>ponents/p...\x00\x00\x00\x00\x00\x00\x00}
13:18:56.313 [qtp853429147-116] DEBUG org.eclipse.jetty.util.thread.strategy.EatWhatYouKill - EatWhatYouKill@61ce6731/SelectorProducer@20cb10e8/IDLE/p=true/QueuedThreadPool[qtp853429147]@32de4b9b{STARTED,8<=8<=14,i=1,r=1,q=0}[ReservedThreadExecutor@7a292eba{s=1/1,p=0}][pc=0,pic=0,pec=1,epc=4]@2020-09-25T13:18:56.3130978+02:00 tryProduce true
13:18:56.313 [qtp853429147-116] DEBUG org.eclipse.jetty.io.ManagedSelector - updateable 0
13:18:56.313 [qtp853429147-110] DEBUG org.eclipse.jetty.server.HttpConnection - HttpConnection@4c6840a2::NetworkTrafficSocketChannelEndPoint@64307ead{/127.0.0.1:65036<->/127.0.0.1:8080,OPEN,fill=-,flush=-,to=0/30000}{io=1/0,kio=1,kro=1}->HttpConnection@4c6840a2[p=HttpParser{s=START,0 of -1},g=HttpGenerator@1aab1830{s=START}]=>HttpChannelOverHttp@6ec815dd{s=HttpChannelState@2bca9660{s=IDLE rs=BLOCKING os=OPEN is=IDLE awp=false se=false i=true al=0},r=3,c=false/false,a=IDLE,uri=null,age=0} filled 289 HeapByteBuffer@b72e34d[p=0,l=289,c=8192,r=289]={<<<POST /__admin/requests/co...\r\n  "method" : "GET"\r\n}>>>ponents/p...\x00\x00\x00\x00\x00\x00\x00}
13:18:56.313 [qtp853429147-110] DEBUG org.eclipse.jetty.server.HttpConnection - HttpConnection@4c6840a2::NetworkTrafficSocketChannelEndPoint@64307ead{/127.0.0.1:65036<->/127.0.0.1:8080,OPEN,fill=-,flush=-,to=0/30000}{io=1/0,kio=1,kro=1}->HttpConnection@4c6840a2[p=HttpParser{s=START,0 of -1},g=HttpGenerator@1aab1830{s=START}]=>HttpChannelOverHttp@6ec815dd{s=HttpChannelState@2bca9660{s=IDLE rs=BLOCKING os=OPEN is=IDLE awp=false se=false i=true al=0},r=3,c=false/false,a=IDLE,uri=null,age=0} parse HeapByteBuffer@b72e34d[p=0,l=289,c=8192,r=289]={<<<POST /__admin/requests/co...\r\n  "method" : "GET"\r\n}>>>ponents/p...\x00\x00\x00\x00\x00\x00\x00} {}
13:18:56.313 [qtp853429147-110] DEBUG org.eclipse.jetty.http.HttpParser - parseNext s=START HeapByteBuffer@b72e34d[p=0,l=289,c=8192,r=289]={<<<POST /__admin/requests/co...\r\n  "method" : "GET"\r\n}>>>ponents/p...\x00\x00\x00\x00\x00\x00\x00}
13:18:56.313 [qtp853429147-110] DEBUG org.eclipse.jetty.http.HttpParser - START --> SPACE1
13:18:56.313 [qtp853429147-110] DEBUG org.eclipse.jetty.http.HttpParser - SPACE1 --> URI
13:18:56.313 [qtp853429147-110] DEBUG org.eclipse.jetty.http.HttpParser - URI --> SPACE2
13:18:56.313 [qtp853429147-110] DEBUG org.eclipse.jetty.http.HttpParser - SPACE2 --> REQUEST_VERSION
13:18:56.313 [qtp853429147-110] DEBUG org.eclipse.jetty.http.HttpParser - REQUEST_VERSION --> HEADER
13:18:56.313 [qtp853429147-110] DEBUG org.eclipse.jetty.http.HttpParser - HEADER:Content-Length --> VALUE
13:18:56.313 [qtp853429147-110] DEBUG org.eclipse.jetty.http.HttpParser - HEADER:Content-Length --> IN_VALUE
13:18:56.313 [qtp853429147-110] DEBUG org.eclipse.jetty.http.HttpParser - HEADER:Content-Length --> FIELD
13:18:56.313 [qtp853429147-110] DEBUG org.eclipse.jetty.http.HttpParser - HEADER:Content-Type: text/plain; charset=UTF-8 --> IN_VALUE
13:18:56.313 [qtp853429147-110] DEBUG org.eclipse.jetty.http.HttpParser - HEADER:Content-Type: text/plain; charset=UTF-8 --> FIELD
13:18:56.313 [qtp853429147-110] DEBUG org.eclipse.jetty.http.HttpParser - HEADER:Host: localhost:8080 --> IN_VALUE
13:18:56.313 [qtp853429147-110] DEBUG org.eclipse.jetty.http.HttpParser - HEADER:Host: localhost:8080 --> FIELD
13:18:56.313 [qtp853429147-110] DEBUG org.eclipse.jetty.http.HttpParser - HEADER:Connection: keep-alive --> IN_VALUE
13:18:56.313 [qtp853429147-110] DEBUG org.eclipse.jetty.http.HttpParser - HEADER:Connection: keep-alive --> FIELD
13:18:56.313 [qtp853429147-116] DEBUG org.eclipse.jetty.io.ManagedSelector - updates 0
13:18:56.313 [qtp853429147-110] DEBUG org.eclipse.jetty.http.HttpParser - HEADER:User-Agent: Apache-HttpClient/4.5.12 (Java/11.0.2) --> IN_VALUE
13:18:56.313 [qtp853429147-110] DEBUG org.eclipse.jetty.http.HttpParser - HEADER:User-Agent: Apache-HttpClient/4.5.12 (Java/11.0.2) --> FIELD
13:18:56.313 [qtp853429147-110] DEBUG org.eclipse.jetty.http.HttpParser - HEADER --> CONTENT
13:18:56.313 [qtp853429147-116] DEBUG org.eclipse.jetty.io.ChannelEndPoint - Key interests updated 1 -> 0 on NetworkTrafficSocketChannelEndPoint@64307ead{/127.0.0.1:65036<->/127.0.0.1:8080,OPEN,fill=-,flush=-,to=0/30000}{io=0/0,kio=0,kro=1}->HttpConnection@4c6840a2[p=HttpParser{s=CONTENT,0 of 89},g=HttpGenerator@1aab1830{s=START}]=>HttpChannelOverHttp@6ec815dd{s=HttpChannelState@2bca9660{s=IDLE rs=BLOCKING os=OPEN is=IDLE awp=false se=false i=true al=0},r=4,c=false/false,a=IDLE,uri=//localhost:8080/__admin/requests/count,age=0}
13:18:56.314 [qtp853429147-116] DEBUG org.eclipse.jetty.io.ManagedSelector - Selector sun.nio.ch.WindowsSelectorImpl@1d61dea3 waiting with 2 keys
13:18:56.314 [qtp853429147-110] DEBUG org.eclipse.jetty.server.HttpChannel - REQUEST for //localhost:8080/__admin/requests/count on HttpChannelOverHttp@6ec815dd{s=HttpChannelState@2bca9660{s=IDLE rs=BLOCKING os=OPEN is=IDLE awp=false se=false i=true al=0},r=4,c=false/false,a=IDLE,uri=//localhost:8080/__admin/requests/count,age=0}
POST //localhost:8080/__admin/requests/count HTTP/1.1
Content-Length: 89
Content-Type: text/plain; charset=UTF-8
Host: localhost:8080
Connection: keep-alive
User-Agent: Apache-HttpClient/4.5.12 (Java/11.0.2)


13:18:56.314 [qtp853429147-110] DEBUG org.eclipse.jetty.server.HttpConnection - HttpConnection@4c6840a2::NetworkTrafficSocketChannelEndPoint@64307ead{/127.0.0.1:65036<->/127.0.0.1:8080,OPEN,fill=-,flush=-,to=0/30000}{io=0/0,kio=0,kro=1}->HttpConnection@4c6840a2[p=HttpParser{s=CONTENT,0 of 89},g=HttpGenerator@1aab1830{s=START}]=>HttpChannelOverHttp@6ec815dd{s=HttpChannelState@2bca9660{s=IDLE rs=BLOCKING os=OPEN is=IDLE awp=false se=false i=true al=0},r=4,c=false/false,a=IDLE,uri=//localhost:8080/__admin/requests/count,age=1} parsed true HttpParser{s=CONTENT,0 of 89}
13:18:56.314 [qtp853429147-110] DEBUG org.eclipse.jetty.server.HttpChannel - handle //localhost:8080/__admin/requests/count HttpChannelOverHttp@6ec815dd{s=HttpChannelState@2bca9660{s=IDLE rs=BLOCKING os=OPEN is=IDLE awp=false se=false i=true al=0},r=4,c=false/false,a=IDLE,uri=//localhost:8080/__admin/requests/count,age=1} 
13:18:56.314 [qtp853429147-110] DEBUG org.eclipse.jetty.server.HttpChannelState - handling HttpChannelState@2bca9660{s=IDLE rs=BLOCKING os=OPEN is=IDLE awp=false se=false i=true al=0}
13:18:56.314 [qtp853429147-110] DEBUG org.eclipse.jetty.server.HttpChannel - action DISPATCH HttpChannelOverHttp@6ec815dd{s=HttpChannelState@2bca9660{s=HANDLING rs=BLOCKING os=OPEN is=IDLE awp=false se=false i=true al=0},r=4,c=false/false,a=HANDLING,uri=//localhost:8080/__admin/requests/count,age=1}
13:18:56.314 [qtp853429147-110] DEBUG org.eclipse.jetty.server.Server - REQUEST POST /__admin/requests/count on HttpChannelOverHttp@6ec815dd{s=HttpChannelState@2bca9660{s=HANDLING rs=BLOCKING os=OPEN is=IDLE awp=false se=false i=true al=0},r=4,c=false/false,a=HANDLING,uri=//localhost:8080/__admin/requests/count,age=1}
13:18:56.314 [qtp853429147-110] DEBUG org.eclipse.jetty.server.handler.ContextHandler - scope null||/__admin/requests/count @ o.e.j.s.ServletContextHandler@5e5ac5d9{/__admin,null,AVAILABLE}
13:18:56.314 [qtp853429147-110] DEBUG org.eclipse.jetty.server.handler.ContextHandler - context=/__admin||/requests/count @ o.e.j.s.ServletContextHandler@5e5ac5d9{/__admin,null,AVAILABLE}
13:18:56.314 [qtp853429147-110] DEBUG org.eclipse.jetty.servlet.ServletHandler - servlet /__admin|/requests/count|null -> com.github.tomakehurst.wiremock.servlet.WireMockHandlerDispatchingServlet-71d5940b@7d861f86==com.github.tomakehurst.wiremock.servlet.WireMockHandlerDispatchingServlet,jsp=null,order=-1,inst=true,async=true
13:18:56.314 [qtp853429147-110] DEBUG org.eclipse.jetty.servlet.ServletHandler - chain=org.eclipse.jetty.servlets.CrossOriginFilter-28fc3acf@28fc3acf==org.eclipse.jetty.servlets.CrossOriginFilter,inst=true,async=true->com.github.tomakehurst.wiremock.servlet.WireMockHandlerDispatchingServlet-71d5940b@7d861f86==com.github.tomakehurst.wiremock.servlet.WireMockHandlerDispatchingServlet,jsp=null,order=-1,inst=true,async=true
13:18:56.314 [qtp853429147-110] DEBUG org.eclipse.jetty.servlet.ServletHandler - call filter org.eclipse.jetty.servlets.CrossOriginFilter-28fc3acf@28fc3acf==org.eclipse.jetty.servlets.CrossOriginFilter,inst=true,async=true
13:18:56.314 [qtp853429147-110] DEBUG org.eclipse.jetty.servlet.ServletHandler - call servlet com.github.tomakehurst.wiremock.servlet.WireMockHandlerDispatchingServlet-71d5940b@7d861f86==com.github.tomakehurst.wiremock.servlet.WireMockHandlerDispatchingServlet,jsp=null,order=-1,inst=true,async=true
13:18:56.314 [qtp853429147-110] DEBUG org.eclipse.jetty.server.HttpConnection - HttpConnection@4c6840a2::NetworkTrafficSocketChannelEndPoint@64307ead{/127.0.0.1:65036<->/127.0.0.1:8080,OPEN,fill=-,flush=-,to=1/30000}{io=0/0,kio=0,kro=1}->HttpConnection@4c6840a2[p=HttpParser{s=CONTENT,0 of 89},g=HttpGenerator@1aab1830{s=START}]=>HttpChannelOverHttp@6ec815dd{s=HttpChannelState@2bca9660{s=HANDLING rs=BLOCKING os=OPEN is=IDLE awp=false se=false i=true al=0},r=4,c=false/false,a=HANDLING,uri=//localhost:8080/__admin/requests/count,age=1} parse HeapByteBuffer@b72e34d[p=200,l=289,c=8192,r=89]={POST /__a....2)\r\n\r\n<<<{\r\n  "url" : "/api/v0/com...\r\n  "method" : "GET"\r\n}>>>ponents/p...\x00\x00\x00\x00\x00\x00\x00} {}
13:18:56.314 [qtp853429147-110] DEBUG org.eclipse.jetty.http.HttpParser - parseNext s=CONTENT HeapByteBuffer@b72e34d[p=200,l=289,c=8192,r=89]={POST /__a....2)\r\n\r\n<<<{\r\n  "url" : "/api/v0/com...\r\n  "method" : "GET"\r\n}>>>ponents/p...\x00\x00\x00\x00\x00\x00\x00}
13:18:56.315 [qtp853429147-110] DEBUG org.eclipse.jetty.server.HttpChannel - onContent HttpChannelOverHttp@6ec815dd{s=HttpChannelState@2bca9660{s=HANDLING rs=BLOCKING os=OPEN is=IDLE awp=false se=false i=true al=0},r=4,c=false/false,a=HANDLING,uri=//localhost:8080/__admin/requests/count,age=2} Content@5641918a{HeapByteBufferR@56c47fd5[p=200,l=289,c=8192,r=89]={POST /__a....2)\r\n\r\n<<<{\r\n  "url" : "/api/v0/com...\r\n  "method" : "GET"\r\n}>>>ponents/p...\x00\x00\x00\x00\x00\x00\x00}}
13:18:56.315 [qtp853429147-110] DEBUG org.eclipse.jetty.server.HttpInput - HttpInputOverHTTP@58fced3f[c=0,q=0,[0]=null,s=STREAM] addContent Content@5641918a{HeapByteBufferR@56c47fd5[p=200,l=289,c=8192,r=89]={POST /__a....2)\r\n\r\n<<<{\r\n  "url" : "/api/v0/com...\r\n  "method" : "GET"\r\n}>>>ponents/p...\x00\x00\x00\x00\x00\x00\x00}}
13:18:56.315 [qtp853429147-110] DEBUG org.eclipse.jetty.http.HttpParser - CONTENT --> CONTENT_END
13:18:56.315 [qtp853429147-110] DEBUG org.eclipse.jetty.server.HttpChannel - onContentComplete HttpChannelOverHttp@6ec815dd{s=HttpChannelState@2bca9660{s=HANDLING rs=BLOCKING os=OPEN is=IDLE awp=false se=false i=true al=0},r=4,c=false/false,a=HANDLING,uri=//localhost:8080/__admin/requests/count,age=2}
13:18:56.315 [qtp853429147-110] DEBUG org.eclipse.jetty.http.HttpParser - CONTENT_END --> END
13:18:56.315 [qtp853429147-110] DEBUG org.eclipse.jetty.server.HttpChannel - onRequestComplete HttpChannelOverHttp@6ec815dd{s=HttpChannelState@2bca9660{s=HANDLING rs=BLOCKING os=OPEN is=IDLE awp=false se=false i=true al=0},r=4,c=false/false,a=HANDLING,uri=//localhost:8080/__admin/requests/count,age=2}
13:18:56.315 [qtp853429147-110] DEBUG org.eclipse.jetty.server.HttpInput - HttpInputOverHTTP@58fced3f[c=0,q=1,[0]=EOF,s=STREAM] addContent EOF
13:18:56.315 [qtp853429147-110] DEBUG org.eclipse.jetty.server.HttpConnection - HttpConnection@4c6840a2::NetworkTrafficSocketChannelEndPoint@64307ead{/127.0.0.1:65036<->/127.0.0.1:8080,OPEN,fill=-,flush=-,to=2/30000}{io=0/0,kio=0,kro=1}->HttpConnection@4c6840a2[p=HttpParser{s=END,89 of 89},g=HttpGenerator@1aab1830{s=START}]=>HttpChannelOverHttp@6ec815dd{s=HttpChannelState@2bca9660{s=HANDLING rs=BLOCKING os=OPEN is=IDLE awp=false se=false i=true al=0},r=4,c=false/false,a=HANDLING,uri=//localhost:8080/__admin/requests/count,age=2} parsed false HttpParser{s=END,89 of 89}
13:18:56.315 [qtp853429147-110] DEBUG org.eclipse.jetty.server.HttpInput - HttpInputOverHTTP@58fced3f[c=89,q=1,[0]=EOF,s=STREAM] read 89 from Content@5641918a{HeapByteBufferR@56c47fd5[p=289,l=289,c=8192,r=0]={POST /__a...GET"\r\n}<<<>>>ponents/p...\x00\x00\x00\x00\x00\x00\x00}}
13:18:56.315 [qtp853429147-110] DEBUG org.eclipse.jetty.server.HttpConnection - releaseRequestBuffer HttpConnection@4c6840a2::NetworkTrafficSocketChannelEndPoint@64307ead{/127.0.0.1:65036<->/127.0.0.1:8080,OPEN,fill=-,flush=-,to=2/30000}{io=0/0,kio=0,kro=1}->HttpConnection@4c6840a2[p=HttpParser{s=END,89 of 89},g=HttpGenerator@1aab1830{s=START}]=>HttpChannelOverHttp@6ec815dd{s=HttpChannelState@2bca9660{s=HANDLING rs=BLOCKING os=OPEN is=IDLE awp=false se=false i=true al=0},r=4,c=false/false,a=HANDLING,uri=//localhost:8080/__admin/requests/count,age=2}
13:18:56.315 [qtp853429147-110] DEBUG org.eclipse.jetty.server.HttpChannelState - onEof HttpChannelState@2bca9660{s=HANDLING rs=BLOCKING os=OPEN is=IDLE awp=false se=false i=true al=0}
13:18:56.318 [qtp853429147-110] DEBUG org.eclipse.jetty.server.HttpOutput - write(array HeapByteBuffer@135a8f2a[p=0,l=56,c=8192,r=56]={<<<{\r\n  "count" : 0,\r\n  "req...nalDisabled" : false\r\n}>>>\x00\x00\x00\x00\x00\x00\x00\x00\x00...\x00\x00\x00\x00\x00\x00\x00})
13:18:56.318 [qtp853429147-110] DEBUG org.eclipse.jetty.server.HttpOutput - write(array) s=OPEN,api=BLOCKING,sc=false,e=null aggregated !flush DirectByteBuffer@2018100a[p=0,l=56,c=32768,r=56]={<<<{\r\n  "count" : 0,\r\n  "req...nalDisabled" : false\r\n}>>>request" ...\x00\x00\x00\x00\x00\x00\x00}
13:18:56.318 [qtp853429147-110] DEBUG org.eclipse.jetty.server.HttpChannel - sendResponse info=null content=DirectByteBuffer@2018100a[p=0,l=56,c=32768,r=56]={<<<{\r\n  "count" : 0,\r\n  "req...nalDisabled" : false\r\n}>>>request" ...\x00\x00\x00\x00\x00\x00\x00} complete=false committing=true callback=Blocker@24a7f927{null}
13:18:56.318 [qtp853429147-110] DEBUG org.eclipse.jetty.server.HttpChannel - COMMIT for /__admin/requests/count on HttpChannelOverHttp@6ec815dd{s=HttpChannelState@2bca9660{s=HANDLING rs=BLOCKING os=COMMITTED is=READY awp=false se=false i=true al=0},r=4,c=false/false,a=HANDLING,uri=//localhost:8080/__admin/requests/count,age=5}
200 null HTTP/1.1
Content-Type: application/json


13:18:56.318 [qtp853429147-110] DEBUG org.eclipse.jetty.server.HttpConnection - generate: NEED_HEADER for org.eclipse.jetty.server.HttpConnection$SendCallback@1b8d6d99[PROCESSING][i=HTTP/1.1{s=200,h=1,cl=-1},cb=org.eclipse.jetty.server.HttpChannel$SendCallback@15690402] (null,[p=0,l=56,c=32768,r=56],false)@START
13:18:56.318 [qtp853429147-110] DEBUG org.eclipse.jetty.http.HttpGenerator - generateHeaders HTTP/1.1{s=200,h=1,cl=-1} last=false content=DirectByteBuffer@2018100a[p=0,l=56,c=32768,r=56]={<<<{\r\n  "count" : 0,\r\n  "req...nalDisabled" : false\r\n}>>>request" ...\x00\x00\x00\x00\x00\x00\x00}
13:18:56.318 [qtp853429147-110] DEBUG org.eclipse.jetty.http.HttpGenerator - Content-Type: application/json


13:18:56.318 [qtp853429147-110] DEBUG org.eclipse.jetty.http.HttpGenerator - CHUNKED_CONTENT
13:18:56.318 [qtp853429147-110] DEBUG org.eclipse.jetty.server.HttpConnection - generate: FLUSH for org.eclipse.jetty.server.HttpConnection$SendCallback@1b8d6d99[PROCESSING][i=HTTP/1.1{s=200,h=1,cl=-1},cb=org.eclipse.jetty.server.HttpChannel$SendCallback@15690402] ([p=0,l=116,c=8192,r=116],[p=0,l=56,c=32768,r=56],false)@COMMITTED
13:18:56.318 [qtp853429147-110] DEBUG org.eclipse.jetty.io.WriteFlusher - write: WriteFlusher@3b1c99a4{IDLE}->null [HeapByteBuffer@b72e34d[p=0,l=116,c=8192,r=116]={<<<HTTP/1.1 200 OK\r\nContent-...4.28.v20200408)\r\n\r\n38\r\n>>>8080\r\nCon...\x00\x00\x00\x00\x00\x00\x00},DirectByteBuffer@2018100a[p=0,l=56,c=32768,r=56]={<<<{\r\n  "count" : 0,\r\n  "req...nalDisabled" : false\r\n}>>>request" ...\x00\x00\x00\x00\x00\x00\x00}]
13:18:56.318 [qtp853429147-110] DEBUG org.eclipse.jetty.io.WriteFlusher - update WriteFlusher@3b1c99a4{WRITING}->null:IDLE-->WRITING
13:18:56.319 [Test worker] DEBUG org.apache.http.wire - http-outgoing-5 << "HTTP/1.1 200 OK[\r][\n]"
13:18:56.319 [Test worker] DEBUG org.apache.http.wire - http-outgoing-5 << "Content-Type: application/json[\r][\n]"
13:18:56.319 [Test worker] DEBUG org.apache.http.wire - http-outgoing-5 << "Transfer-Encoding: chunked[\r][\n]"
13:18:56.319 [Test worker] DEBUG org.apache.http.wire - http-outgoing-5 << "Server: Jetty(9.4.28.v20200408)[\r][\n]"
13:18:56.319 [Test worker] DEBUG org.apache.http.wire - http-outgoing-5 << "[\r][\n]"
13:18:56.319 [Test worker] DEBUG org.apache.http.wire - http-outgoing-5 << "38[\r][\n]"
13:18:56.319 [Test worker] DEBUG org.apache.http.headers - http-outgoing-5 << HTTP/1.1 200 OK
13:18:56.319 [Test worker] DEBUG org.apache.http.headers - http-outgoing-5 << Content-Type: application/json
13:18:56.319 [Test worker] DEBUG org.apache.http.headers - http-outgoing-5 << Transfer-Encoding: chunked
13:18:56.319 [Test worker] DEBUG org.apache.http.headers - http-outgoing-5 << Server: Jetty(9.4.28.v20200408)
13:18:56.319 [Test worker] DEBUG org.apache.http.impl.execchain.MainClientExec - Connection can be kept alive indefinitely
13:18:56.319 [qtp853429147-110] DEBUG org.eclipse.jetty.io.ChannelEndPoint - flushed 116 NetworkTrafficSocketChannelEndPoint@64307ead{/127.0.0.1:65036<->/127.0.0.1:8080,OPEN,fill=-,flush=W,to=5/30000}{io=0/0,kio=0,kro=1}->HttpConnection@4c6840a2[p=HttpParser{s=END,89 of 89},g=HttpGenerator@1aab1830{s=COMMITTED}]=>HttpChannelOverHttp@6ec815dd{s=HttpChannelState@2bca9660{s=HANDLING rs=BLOCKING os=COMMITTED is=READY awp=false se=false i=true al=0},r=4,c=false/false,a=HANDLING,uri=//localhost:8080/__admin/requests/count,age=6}
13:18:56.320 [Test worker] DEBUG org.apache.http.wire - http-outgoing-5 << "{[\r][\n]"
13:18:56.320 [Test worker] DEBUG org.apache.http.wire - http-outgoing-5 << "  "count" : 0,[\r][\n]"
13:18:56.320 [Test worker] DEBUG org.apache.http.wire - http-outgoing-5 << "  "requestJournalDisabled" : false[\r][\n]"
13:18:56.320 [Test worker] DEBUG org.apache.http.wire - http-outgoing-5 << "}"
13:18:56.320 [qtp853429147-110] DEBUG org.eclipse.jetty.io.ChannelEndPoint - flushed 56 NetworkTrafficSocketChannelEndPoint@64307ead{/127.0.0.1:65036<->/127.0.0.1:8080,OPEN,fill=-,flush=W,to=0/30000}{io=0/0,kio=0,kro=1}->HttpConnection@4c6840a2[p=HttpParser{s=END,89 of 89},g=HttpGenerator@1aab1830{s=COMMITTED}]=>HttpChannelOverHttp@6ec815dd{s=HttpChannelState@2bca9660{s=HANDLING rs=BLOCKING os=COMMITTED is=READY awp=false se=false i=true al=0},r=4,c=false/false,a=HANDLING,uri=//localhost:8080/__admin/requests/count,age=7}
13:18:56.320 [qtp853429147-110] DEBUG org.eclipse.jetty.io.WriteFlusher - Flushed=true written=172 remaining=0 WriteFlusher@3b1c99a4{WRITING}->null
13:18:56.320 [qtp853429147-110] DEBUG org.eclipse.jetty.io.WriteFlusher - update WriteFlusher@3b1c99a4{IDLE}->null:WRITING-->IDLE
13:18:56.320 [qtp853429147-110] DEBUG org.eclipse.jetty.server.HttpConnection - generate: DONE for org.eclipse.jetty.server.HttpConnection$SendCallback@1b8d6d99[PROCESSING][i=HTTP/1.1{s=200,h=1,cl=-1},cb=org.eclipse.jetty.server.HttpChannel$SendCallback@15690402] ([p=116,l=116,c=8192,r=0],[p=56,l=56,c=32768,r=0],false)@COMMITTED
13:18:56.320 [qtp853429147-110] DEBUG org.eclipse.jetty.server.HttpOutput - onWriteComplete(false,null) s=OPEN,api=BLOCKED,sc=false,e=null->s=OPEN,api=BLOCKING,sc=false,e=null c=null cb=null w=false
13:18:56.320 [qtp853429147-110] DEBUG org.eclipse.jetty.server.HttpOutput - close() s=CLOSING,api=BLOCKED,sc=false,e=null c=HeapByteBuffer@137d328[p=0,l=0,c=0,r=0]={<<<>>>} b=Blocker@24a7f927{null}
13:18:56.320 [qtp853429147-110] DEBUG org.eclipse.jetty.server.HttpChannel - sendResponse info=null content=HeapByteBuffer@137d328[p=0,l=0,c=0,r=0]={<<<>>>} complete=true committing=false callback=Blocker@24a7f927{null}
13:18:56.320 [qtp853429147-110] DEBUG org.eclipse.jetty.server.HttpConnection - generate: CONTINUE for org.eclipse.jetty.server.HttpConnection$SendCallback@1b8d6d99[PROCESSING][i=null,cb=org.eclipse.jetty.server.HttpChannel$SendCallback@4f7e0ae4] (null,[p=0,l=0,c=0,r=0],true)@COMPLETING
13:18:56.320 [qtp853429147-110] DEBUG org.eclipse.jetty.server.HttpConnection - generate: NEED_CHUNK for org.eclipse.jetty.server.HttpConnection$SendCallback@1b8d6d99[PROCESSING][i=null,cb=org.eclipse.jetty.server.HttpChannel$SendCallback@4f7e0ae4] (null,[p=0,l=0,c=0,r=0],true)@COMPLETING
13:18:56.320 [qtp853429147-110] DEBUG org.eclipse.jetty.server.HttpConnection - generate: FLUSH for org.eclipse.jetty.server.HttpConnection$SendCallback@1b8d6d99[PROCESSING][i=null,cb=org.eclipse.jetty.server.HttpChannel$SendCallback@4f7e0ae4] (null,[p=0,l=0,c=0,r=0],true)@COMPLETING
13:18:56.320 [qtp853429147-110] DEBUG org.eclipse.jetty.io.WriteFlusher - write: WriteFlusher@3b1c99a4{IDLE}->null [HeapByteBuffer@50786100[p=0,l=7,c=1024,r=7]={<<<\r\n0\r\n\r\n>>>\x00\x00\x00\x00\x00\x00\x00\x00\x00...\x00\x00\x00\x00\x00\x00\x00}]
13:18:56.320 [qtp853429147-110] DEBUG org.eclipse.jetty.io.WriteFlusher - update WriteFlusher@3b1c99a4{WRITING}->null:IDLE-->WRITING
13:18:56.321 [Test worker] DEBUG org.apache.http.wire - http-outgoing-5 << "[\r][\n]"
13:18:56.321 [Test worker] DEBUG org.apache.http.wire - http-outgoing-5 << "0[\r][\n]"
13:18:56.321 [Test worker] DEBUG org.apache.http.wire - http-outgoing-5 << "[\r][\n]"
13:18:56.321 [qtp853429147-110] DEBUG org.eclipse.jetty.io.ChannelEndPoint - flushed 7 NetworkTrafficSocketChannelEndPoint@64307ead{/127.0.0.1:65036<->/127.0.0.1:8080,OPEN,fill=-,flush=W,to=0/30000}{io=0/0,kio=0,kro=1}->HttpConnection@4c6840a2[p=HttpParser{s=END,89 of 89},g=HttpGenerator@1aab1830{s=COMPLETING}]=>HttpChannelOverHttp@6ec815dd{s=HttpChannelState@2bca9660{s=HANDLING rs=BLOCKING os=COMMITTED is=READY awp=false se=false i=true al=0},r=4,c=false/false,a=HANDLING,uri=//localhost:8080/__admin/requests/count,age=8}
13:18:56.321 [Test worker] DEBUG org.apache.http.impl.conn.PoolingHttpClientConnectionManager - Connection [id: 5][route: {}->http://localhost:8080] can be kept alive indefinitely
13:18:56.321 [Test worker] DEBUG org.apache.http.impl.conn.DefaultManagedHttpClientConnection - http-outgoing-5: set socket timeout to 0
13:18:56.321 [qtp853429147-110] DEBUG org.eclipse.jetty.io.WriteFlusher - Flushed=true written=7 remaining=0 WriteFlusher@3b1c99a4{WRITING}->null
13:18:56.321 [qtp853429147-110] DEBUG org.eclipse.jetty.io.WriteFlusher - update WriteFlusher@3b1c99a4{IDLE}->null:WRITING-->IDLE
13:18:56.321 [qtp853429147-110] DEBUG org.eclipse.jetty.server.HttpConnection - generate: DONE for org.eclipse.jetty.server.HttpConnection$SendCallback@1b8d6d99[PROCESSING][i=null,cb=org.eclipse.jetty.server.HttpChannel$SendCallback@4f7e0ae4] (null,[p=0,l=0,c=0,r=0],true)@END
13:18:56.321 [Test worker] DEBUG org.apache.http.impl.conn.PoolingHttpClientConnectionManager - Connection released: [id: 5][route: {}->http://localhost:8080][total available: 1; route allocated: 1 of 5; total allocated: 1 of 50]
13:18:56.321 [qtp853429147-110] DEBUG org.eclipse.jetty.server.HttpOutput - onWriteComplete(true,null) s=CLOSING,api=BLOCKED,sc=false,e=null->s=CLOSED,api=BLOCKING,sc=false,e=null c=null cb=null w=false
13:18:56.321 [qtp853429147-110] DEBUG org.eclipse.jetty.server.handler.gzip.GzipHandler - GzipHandler@21af4110{STARTED,min=32,inflate=-1} handle Request[POST //localhost:8080/__admin/requests/count]@29b19157 in null
13:18:56.321 [qtp853429147-110] DEBUG org.eclipse.jetty.server.handler.ContextHandler - scope null||/__admin/requests/count @ o.e.j.s.ServletContextHandler@6e64e885{/,null,AVAILABLE}
13:18:56.321 [qtp853429147-110] DEBUG org.eclipse.jetty.server.Server - handled=true async=false committed=true on HttpChannelOverHttp@6ec815dd{s=HttpChannelState@2bca9660{s=HANDLING rs=BLOCKING os=COMPLETED is=READY awp=false se=false i=true al=0},r=4,c=false/true,a=HANDLING,uri=//localhost:8080/__admin/requests/count,age=8}
13:18:56.321 [qtp853429147-110] DEBUG org.eclipse.jetty.server.HttpChannelState - unhandle HttpChannelState@2bca9660{s=HANDLING rs=BLOCKING os=COMPLETED is=READY awp=false se=false i=true al=0}
13:18:56.321 [qtp853429147-110] DEBUG org.eclipse.jetty.server.HttpChannelState - nextAction(false) COMPLETE HttpChannelState@2bca9660{s=HANDLING rs=COMPLETING os=COMPLETED is=READY awp=false se=false i=false al=0}
13:18:56.321 [qtp853429147-110] DEBUG org.eclipse.jetty.server.HttpChannel - action COMPLETE HttpChannelOverHttp@6ec815dd{s=HttpChannelState@2bca9660{s=HANDLING rs=COMPLETING os=COMPLETED is=READY awp=false se=false i=false al=0},r=4,c=false/true,a=HANDLING,uri=//localhost:8080/__admin/requests/count,age=8}
13:18:56.321 [qtp853429147-110] DEBUG org.eclipse.jetty.server.HttpOutput - complete(org.eclipse.jetty.util.Callback$4@3ab1fe09) s=CLOSED,api=BLOCKING,sc=false,e=null s=true e=null, c=null
13:18:56.321 [qtp853429147-110] DEBUG org.eclipse.jetty.server.HttpChannelState - completed HttpChannelState@2bca9660{s=HANDLING rs=COMPLETING os=COMPLETED is=READY awp=false se=false i=false al=0}
13:18:56.321 [qtp853429147-110] DEBUG org.eclipse.jetty.server.HttpChannelState - unhandle HttpChannelState@2bca9660{s=HANDLING rs=COMPLETED os=COMPLETED is=READY awp=false se=false i=false al=0}
13:18:56.321 [qtp853429147-110] DEBUG org.eclipse.jetty.server.HttpChannelState - nextAction(false) TERMINATED HttpChannelState@2bca9660{s=IDLE rs=COMPLETED os=COMPLETED is=READY awp=false se=false i=false al=0}
13:18:56.321 [qtp853429147-110] DEBUG org.eclipse.jetty.server.HttpChannel - action TERMINATED HttpChannelOverHttp@6ec815dd{s=HttpChannelState@2bca9660{s=IDLE rs=COMPLETED os=COMPLETED is=READY awp=false se=false i=false al=0},r=4,c=true/true,a=IDLE,uri=//localhost:8080/__admin/requests/count,age=8}
13:18:56.321 [qtp853429147-110] DEBUG org.eclipse.jetty.server.HttpChannel - onCompleted for /__admin/requests/count written=56
13:18:56.321 [qtp853429147-110] DEBUG org.eclipse.jetty.server.HttpChannelState - recycle HttpChannelState@2bca9660{s=IDLE rs=COMPLETED os=COMPLETED is=READY awp=false se=false i=false al=0}
13:18:56.321 [qtp853429147-110] DEBUG org.eclipse.jetty.http.HttpParser - reset HttpParser{s=END,89 of 89}
13:18:56.321 [qtp853429147-110] DEBUG org.eclipse.jetty.http.HttpParser - END --> START
13:18:56.321 [qtp853429147-110] DEBUG org.eclipse.jetty.server.HttpChannel - !handle TERMINATED HttpChannelOverHttp@6ec815dd{s=HttpChannelState@2bca9660{s=IDLE rs=BLOCKING os=OPEN is=IDLE awp=false se=false i=true al=0},r=4,c=false/false,a=IDLE,uri=null,age=0}
13:18:56.321 [qtp853429147-110] DEBUG org.eclipse.jetty.io.ChannelEndPoint - filled 0 HeapByteBuffer@b72e34d[p=0,l=0,c=8192,r=0]={<<<>>>HTTP/1.1 ...\x00\x00\x00\x00\x00\x00\x00}
13:18:56.321 [qtp853429147-110] DEBUG org.eclipse.jetty.io.ChannelEndPoint - filled 0 HeapByteBuffer@b72e34d[p=0,l=0,c=8192,r=0]={<<<>>>HTTP/1.1 ...\x00\x00\x00\x00\x00\x00\x00}
13:18:56.322 [qtp853429147-110] DEBUG org.eclipse.jetty.server.HttpConnection - HttpConnection@4c6840a2::NetworkTrafficSocketChannelEndPoint@64307ead{/127.0.0.1:65036<->/127.0.0.1:8080,OPEN,fill=-,flush=-,to=0/30000}{io=0/0,kio=0,kro=1}->HttpConnection@4c6840a2[p=HttpParser{s=START,0 of -1},g=HttpGenerator@1aab1830{s=START}]=>HttpChannelOverHttp@6ec815dd{s=HttpChannelState@2bca9660{s=IDLE rs=BLOCKING os=OPEN is=IDLE awp=false se=false i=true al=0},r=4,c=false/false,a=IDLE,uri=null,age=0} filled 0 HeapByteBuffer@b72e34d[p=0,l=0,c=8192,r=0]={<<<>>>HTTP/1.1 ...\x00\x00\x00\x00\x00\x00\x00}
13:18:56.322 [qtp853429147-110] DEBUG org.eclipse.jetty.server.HttpConnection - HttpConnection@4c6840a2::NetworkTrafficSocketChannelEndPoint@64307ead{/127.0.0.1:65036<->/127.0.0.1:8080,OPEN,fill=-,flush=-,to=1/30000}{io=0/0,kio=0,kro=1}->HttpConnection@4c6840a2[p=HttpParser{s=START,0 of -1},g=HttpGenerator@1aab1830{s=START}]=>HttpChannelOverHttp@6ec815dd{s=HttpChannelState@2bca9660{s=IDLE rs=BLOCKING os=OPEN is=IDLE awp=false se=false i=true al=0},r=4,c=false/false,a=IDLE,uri=null,age=0} parse HeapByteBuffer@b72e34d[p=0,l=0,c=8192,r=0]={<<<>>>HTTP/1.1 ...\x00\x00\x00\x00\x00\x00\x00} {}
13:18:56.322 [qtp853429147-110] DEBUG org.eclipse.jetty.http.HttpParser - parseNext s=START HeapByteBuffer@b72e34d[p=0,l=0,c=8192,r=0]={<<<>>>HTTP/1.1 ...\x00\x00\x00\x00\x00\x00\x00}
13:18:56.322 [qtp853429147-110] DEBUG org.eclipse.jetty.server.HttpConnection - HttpConnection@4c6840a2::NetworkTrafficSocketChannelEndPoint@64307ead{/127.0.0.1:65036<->/127.0.0.1:8080,OPEN,fill=-,flush=-,to=1/30000}{io=0/0,kio=0,kro=1}->HttpConnection@4c6840a2[p=HttpParser{s=START,0 of -1},g=HttpGenerator@1aab1830{s=START}]=>HttpChannelOverHttp@6ec815dd{s=HttpChannelState@2bca9660{s=IDLE rs=BLOCKING os=OPEN is=IDLE awp=false se=false i=true al=0},r=4,c=false/false,a=IDLE,uri=null,age=0} parsed false HttpParser{s=START,0 of -1}
13:18:56.322 [qtp853429147-110] DEBUG org.eclipse.jetty.server.HttpConnection - releaseRequestBuffer HttpConnection@4c6840a2::NetworkTrafficSocketChannelEndPoint@64307ead{/127.0.0.1:65036<->/127.0.0.1:8080,OPEN,fill=-,flush=-,to=1/30000}{io=0/0,kio=0,kro=1}->HttpConnection@4c6840a2[p=HttpParser{s=START,0 of -1},g=HttpGenerator@1aab1830{s=START}]=>HttpChannelOverHttp@6ec815dd{s=HttpChannelState@2bca9660{s=IDLE rs=BLOCKING os=OPEN is=IDLE awp=false se=false i=true al=0},r=4,c=false/false,a=IDLE,uri=null,age=0}
13:18:56.322 [qtp853429147-110] DEBUG org.eclipse.jetty.io.AbstractConnection - fillInterested HttpConnection@4c6840a2::NetworkTrafficSocketChannelEndPoint@64307ead{/127.0.0.1:65036<->/127.0.0.1:8080,OPEN,fill=-,flush=-,to=1/30000}{io=0/0,kio=0,kro=1}->HttpConnection@4c6840a2[p=HttpParser{s=START,0 of -1},g=HttpGenerator@1aab1830{s=START}]=>HttpChannelOverHttp@6ec815dd{s=HttpChannelState@2bca9660{s=IDLE rs=BLOCKING os=OPEN is=IDLE awp=false se=false i=true al=0},r=4,c=false/false,a=IDLE,uri=null,age=0}
13:18:56.322 [qtp853429147-110] DEBUG org.eclipse.jetty.io.FillInterest - interested FillInterest@34e39045{AC.ReadCB@4c6840a2{HttpConnection@4c6840a2::NetworkTrafficSocketChannelEndPoint@64307ead{/127.0.0.1:65036<->/127.0.0.1:8080,OPEN,fill=FI,flush=-,to=0/30000}{io=0/0,kio=0,kro=1}->HttpConnection@4c6840a2[p=HttpParser{s=START,0 of -1},g=HttpGenerator@1aab1830{s=START}]=>HttpChannelOverHttp@6ec815dd{s=HttpChannelState@2bca9660{s=IDLE rs=BLOCKING os=OPEN is=IDLE awp=false se=false i=true al=0},r=4,c=false/false,a=IDLE,uri=null,age=0}}}
13:18:56.322 [Test worker] DEBUG org.apache.http.impl.conn.PoolingHttpClientConnectionManager - Connection request: [route: {}->http://localhost:8080][total available: 1; route allocated: 1 of 5; total allocated: 1 of 50]
13:18:56.322 [qtp853429147-110] DEBUG org.eclipse.jetty.io.ChannelEndPoint - changeInterests p=false 0->1 for NetworkTrafficSocketChannelEndPoint@64307ead{/127.0.0.1:65036<->/127.0.0.1:8080,OPEN,fill=FI,flush=-,to=0/30000}{io=0/1,kio=0,kro=1}->HttpConnection@4c6840a2[p=HttpParser{s=START,0 of -1},g=HttpGenerator@1aab1830{s=START}]=>HttpChannelOverHttp@6ec815dd{s=HttpChannelState@2bca9660{s=IDLE rs=BLOCKING os=OPEN is=IDLE awp=false se=false i=true al=0},r=4,c=false/false,a=IDLE,uri=null,age=0}
13:18:56.322 [qtp853429147-110] DEBUG org.eclipse.jetty.io.ManagedSelector - Queued change org.eclipse.jetty.io.ChannelEndPoint$1@4be5692f on ManagedSelector@2e03eae5{STARTED} id=1 keys=2 selected=0 updates=0
13:18:56.322 [qtp853429147-110] DEBUG org.eclipse.jetty.io.ManagedSelector - Wakeup on submit ManagedSelector@2e03eae5{STARTED} id=1 keys=2 selected=0 updates=1
13:18:56.322 [qtp853429147-110] DEBUG org.eclipse.jetty.server.HttpConnection - HttpConnection@4c6840a2::NetworkTrafficSocketChannelEndPoint@64307ead{/127.0.0.1:65036<->/127.0.0.1:8080,OPEN,fill=FI,flush=-,to=0/30000}{io=0/1,kio=0,kro=1}->HttpConnection@4c6840a2[p=HttpParser{s=START,0 of -1},g=HttpGenerator@1aab1830{s=START}]=>HttpChannelOverHttp@6ec815dd{s=HttpChannelState@2bca9660{s=IDLE rs=BLOCKING os=OPEN is=IDLE awp=false se=false i=true al=0},r=4,c=false/false,a=IDLE,uri=null,age=0} onFillable exit HttpChannelState@2bca9660{s=IDLE rs=BLOCKING os=OPEN is=IDLE awp=false se=false i=true al=0} null
13:18:56.322 [qtp853429147-110] DEBUG org.eclipse.jetty.util.thread.ReservedThreadExecutor - ReservedThreadExecutor@7a292eba{s=1/1,p=0}@6314f887 size 1 > capacity
13:18:56.322 [qtp853429147-110] DEBUG org.eclipse.jetty.util.thread.QueuedThreadPool - ran ReservedThreadExecutor@7a292eba{s=1/1,p=0}@6314f887 in QueuedThreadPool[qtp853429147]@32de4b9b{STARTED,8<=8<=14,i=1,r=1,q=0}[ReservedThreadExecutor@7a292eba{s=1/1,p=0}]
13:18:56.322 [Test worker] DEBUG org.apache.http.impl.conn.PoolingHttpClientConnectionManager - Connection leased: [id: 5][route: {}->http://localhost:8080][total available: 0; route allocated: 1 of 5; total allocated: 1 of 50]
13:18:56.323 [Test worker] DEBUG org.apache.http.impl.conn.DefaultManagedHttpClientConnection - http-outgoing-5: set socket timeout to 30000
13:18:56.323 [Test worker] DEBUG org.apache.http.impl.execchain.MainClientExec - Stale connection check
13:18:56.323 [qtp853429147-116] DEBUG org.eclipse.jetty.io.ManagedSelector - Selector sun.nio.ch.WindowsSelectorImpl@1d61dea3 woken with none selected
13:18:56.323 [qtp853429147-116] DEBUG org.eclipse.jetty.io.ManagedSelector - Selector sun.nio.ch.WindowsSelectorImpl@1d61dea3 woken up from select, 0/0/2 selected
13:18:56.323 [qtp853429147-116] DEBUG org.eclipse.jetty.io.ManagedSelector - Selector sun.nio.ch.WindowsSelectorImpl@1d61dea3 processing 0 keys, 1 updates
13:18:56.323 [qtp853429147-116] DEBUG org.eclipse.jetty.io.ManagedSelector - updateable 1
13:18:56.323 [qtp853429147-116] DEBUG org.eclipse.jetty.io.ManagedSelector - update org.eclipse.jetty.io.ChannelEndPoint$1@4be5692f
13:18:56.323 [qtp853429147-116] DEBUG org.eclipse.jetty.io.ChannelEndPoint - Key interests updated 0 -> 1 on NetworkTrafficSocketChannelEndPoint@64307ead{/127.0.0.1:65036<->/127.0.0.1:8080,OPEN,fill=FI,flush=-,to=0/30000}{io=1/1,kio=1,kro=1}->HttpConnection@4c6840a2[p=HttpParser{s=START,0 of -1},g=HttpGenerator@1aab1830{s=START}]=>HttpChannelOverHttp@6ec815dd{s=HttpChannelState@2bca9660{s=IDLE rs=BLOCKING os=OPEN is=IDLE awp=false se=false i=true al=0},r=4,c=false/false,a=IDLE,uri=null,age=0}
13:18:56.323 [qtp853429147-116] DEBUG org.eclipse.jetty.io.ManagedSelector - updates 0
13:18:56.323 [qtp853429147-116] DEBUG org.eclipse.jetty.io.ManagedSelector - Selector sun.nio.ch.WindowsSelectorImpl@1d61dea3 waiting with 2 keys
13:18:56.324 [Test worker] DEBUG org.apache.http.wire - http-outgoing-5 << "[read] I/O error: Read timed out"
13:18:56.324 [Test worker] DEBUG org.apache.http.impl.execchain.MainClientExec - Executing request POST /__admin/requests/count HTTP/1.1
13:18:56.324 [Test worker] DEBUG org.apache.http.impl.execchain.MainClientExec - Target auth state: UNCHALLENGED
13:18:56.324 [Test worker] DEBUG org.apache.http.impl.execchain.MainClientExec - Proxy auth state: UNCHALLENGED
13:18:56.324 [Test worker] DEBUG org.apache.http.headers - http-outgoing-5 >> POST /__admin/requests/count HTTP/1.1
13:18:56.324 [Test worker] DEBUG org.apache.http.headers - http-outgoing-5 >> Content-Length: 63
13:18:56.324 [Test worker] DEBUG org.apache.http.headers - http-outgoing-5 >> Content-Type: text/plain; charset=UTF-8
13:18:56.324 [Test worker] DEBUG org.apache.http.headers - http-outgoing-5 >> Host: localhost:8080
13:18:56.324 [Test worker] DEBUG org.apache.http.headers - http-outgoing-5 >> Connection: Keep-Alive
13:18:56.324 [Test worker] DEBUG org.apache.http.headers - http-outgoing-5 >> User-Agent: Apache-HttpClient/4.5.12 (Java/11.0.2)
13:18:56.324 [Test worker] DEBUG org.apache.http.wire - http-outgoing-5 >> "POST /__admin/requests/count HTTP/1.1[\r][\n]"
13:18:56.324 [Test worker] DEBUG org.apache.http.wire - http-outgoing-5 >> "Content-Length: 63[\r][\n]"
13:18:56.324 [Test worker] DEBUG org.apache.http.wire - http-outgoing-5 >> "Content-Type: text/plain; charset=UTF-8[\r][\n]"
13:18:56.324 [Test worker] DEBUG org.apache.http.wire - http-outgoing-5 >> "Host: localhost:8080[\r][\n]"
13:18:56.324 [Test worker] DEBUG org.apache.http.wire - http-outgoing-5 >> "Connection: Keep-Alive[\r][\n]"
13:18:56.324 [Test worker] DEBUG org.apache.http.wire - http-outgoing-5 >> "User-Agent: Apache-HttpClient/4.5.12 (Java/11.0.2)[\r][\n]"
13:18:56.324 [Test worker] DEBUG org.apache.http.wire - http-outgoing-5 >> "[\r][\n]"
13:18:56.324 [Test worker] DEBUG org.apache.http.wire - http-outgoing-5 >> "{[\r][\n]"
13:18:56.324 [Test worker] DEBUG org.apache.http.wire - http-outgoing-5 >> "  "url" : "/api/v0/components/login",[\r][\n]"
13:18:56.324 [Test worker] DEBUG org.apache.http.wire - http-outgoing-5 >> "  "method" : "GET"[\r][\n]"
13:18:56.324 [Test worker] DEBUG org.apache.http.wire - http-outgoing-5 >> "}"
13:18:56.324 [qtp853429147-116] DEBUG org.eclipse.jetty.io.ManagedSelector - Selector sun.nio.ch.WindowsSelectorImpl@1d61dea3 woken up from select, 1/1/2 selected
13:18:56.324 [qtp853429147-116] DEBUG org.eclipse.jetty.io.ManagedSelector - Selector sun.nio.ch.WindowsSelectorImpl@1d61dea3 processing 1 keys, 0 updates
13:18:56.325 [qtp853429147-116] DEBUG org.eclipse.jetty.io.ManagedSelector - selected 1 channel=java.nio.channels.SocketChannel[connected local=/127.0.0.1:8080 remote=/127.0.0.1:65036], selector=sun.nio.ch.WindowsSelectorImpl@1d61dea3, interestOps=1, readyOps=1 NetworkTrafficSocketChannelEndPoint@64307ead{/127.0.0.1:65036<->/127.0.0.1:8080,OPEN,fill=FI,flush=-,to=2/30000}{io=1/1,kio=1,kro=1}->HttpConnection@4c6840a2[p=HttpParser{s=START,0 of -1},g=HttpGenerator@1aab1830{s=START}]=>HttpChannelOverHttp@6ec815dd{s=HttpChannelState@2bca9660{s=IDLE rs=BLOCKING os=OPEN is=IDLE awp=false se=false i=true al=0},r=4,c=false/false,a=IDLE,uri=null,age=0} 
13:18:56.325 [qtp853429147-116] DEBUG org.eclipse.jetty.io.ChannelEndPoint - onSelected 1->0 r=true w=false for NetworkTrafficSocketChannelEndPoint@64307ead{/127.0.0.1:65036<->/127.0.0.1:8080,OPEN,fill=FI,flush=-,to=2/30000}{io=1/0,kio=1,kro=1}->HttpConnection@4c6840a2[p=HttpParser{s=START,0 of -1},g=HttpGenerator@1aab1830{s=START}]=>HttpChannelOverHttp@6ec815dd{s=HttpChannelState@2bca9660{s=IDLE rs=BLOCKING os=OPEN is=IDLE awp=false se=false i=true al=0},r=4,c=false/false,a=IDLE,uri=null,age=0}
13:18:56.325 [qtp853429147-116] DEBUG org.eclipse.jetty.io.ChannelEndPoint - task CEP:NetworkTrafficSocketChannelEndPoint@64307ead{/127.0.0.1:65036<->/127.0.0.1:8080,OPEN,fill=FI,flush=-,to=2/30000}{io=1/0,kio=1,kro=1}->HttpConnection@4c6840a2[p=HttpParser{s=START,0 of -1},g=HttpGenerator@1aab1830{s=START}]=>HttpChannelOverHttp@6ec815dd{s=HttpChannelState@2bca9660{s=IDLE rs=BLOCKING os=OPEN is=IDLE awp=false se=false i=true al=0},r=4,c=false/false,a=IDLE,uri=null,age=0}:runFillable:BLOCKING
13:18:56.325 [qtp853429147-116] DEBUG org.eclipse.jetty.util.thread.ReservedThreadExecutor - ReservedThreadExecutor@7a292eba{s=1/1,p=0} tryExecute EatWhatYouKill@61ce6731/SelectorProducer@20cb10e8/PRODUCING/p=false/QueuedThreadPool[qtp853429147]@32de4b9b{STARTED,8<=8<=14,i=2,r=1,q=0}[ReservedThreadExecutor@7a292eba{s=1/1,p=0}][pc=0,pic=0,pec=1,epc=4]@2020-09-25T13:18:56.3250919+02:00
13:18:56.325 [qtp853429147-116] DEBUG org.eclipse.jetty.util.thread.ReservedThreadExecutor - ReservedThreadExecutor@7a292eba{s=0/1,p=0}@3416546f offer EatWhatYouKill@61ce6731/SelectorProducer@20cb10e8/PRODUCING/p=false/QueuedThreadPool[qtp853429147]@32de4b9b{STARTED,8<=8<=14,i=2,r=1,q=0}[ReservedThreadExecutor@7a292eba{s=0/1,p=0}][pc=0,pic=0,pec=1,epc=4]@2020-09-25T13:18:56.3250919+02:00
13:18:56.325 [qtp853429147-116] DEBUG org.eclipse.jetty.util.thread.ReservedThreadExecutor - ReservedThreadExecutor@7a292eba{s=0/1,p=1} startReservedThread p=1
13:18:56.325 [qtp853429147-116] DEBUG org.eclipse.jetty.util.thread.QueuedThreadPool - queue ReservedThreadExecutor@7a292eba{s=0/1,p=1}@3f07bae4 startThread=0
13:18:56.325 [qtp853429147-116] DEBUG org.eclipse.jetty.util.thread.strategy.EatWhatYouKill - EatWhatYouKill@61ce6731/SelectorProducer@20cb10e8/IDLE/p=true/QueuedThreadPool[qtp853429147]@32de4b9b{STARTED,8<=8<=14,i=1,r=1,q=0}[ReservedThreadExecutor@7a292eba{s=0/1,p=1}][pc=0,pic=0,pec=1,epc=4]@2020-09-25T13:18:56.3250919+02:00 m=EXECUTE_PRODUCE_CONSUME t=CEP:NetworkTrafficSocketChannelEndPoint@64307ead{/127.0.0.1:65036<->/127.0.0.1:8080,OPEN,fill=FI,flush=-,to=3/30000}{io=1/0,kio=1,kro=1}->HttpConnection@4c6840a2[p=HttpParser{s=START,0 of -1},g=HttpGenerator@1aab1830{s=START}]=>HttpChannelOverHttp@6ec815dd{s=HttpChannelState@2bca9660{s=IDLE rs=BLOCKING os=OPEN is=IDLE awp=false se=false i=true al=0},r=4,c=false/false,a=IDLE,uri=null,age=0}:runFillable:BLOCKING/BLOCKING
13:18:56.325 [qtp853429147-116] DEBUG org.eclipse.jetty.io.FillInterest - fillable FillInterest@34e39045{AC.ReadCB@4c6840a2{HttpConnection@4c6840a2::NetworkTrafficSocketChannelEndPoint@64307ead{/127.0.0.1:65036<->/127.0.0.1:8080,OPEN,fill=FI,flush=-,to=3/30000}{io=1/0,kio=1,kro=1}->HttpConnection@4c6840a2[p=HttpParser{s=START,0 of -1},g=HttpGenerator@1aab1830{s=START}]=>HttpChannelOverHttp@6ec815dd{s=HttpChannelState@2bca9660{s=IDLE rs=BLOCKING os=OPEN is=IDLE awp=false se=false i=true al=0},r=4,c=false/false,a=IDLE,uri=null,age=0}}}
13:18:56.325 [qtp853429147-116] DEBUG org.eclipse.jetty.server.HttpConnection - HttpConnection@4c6840a2::NetworkTrafficSocketChannelEndPoint@64307ead{/127.0.0.1:65036<->/127.0.0.1:8080,OPEN,fill=-,flush=-,to=3/30000}{io=1/0,kio=1,kro=1}->HttpConnection@4c6840a2[p=HttpParser{s=START,0 of -1},g=HttpGenerator@1aab1830{s=START}]=>HttpChannelOverHttp@6ec815dd{s=HttpChannelState@2bca9660{s=IDLE rs=BLOCKING os=OPEN is=IDLE awp=false se=false i=true al=0},r=4,c=false/false,a=IDLE,uri=null,age=0} onFillable enter HttpChannelState@2bca9660{s=IDLE rs=BLOCKING os=OPEN is=IDLE awp=false se=false i=true al=0} null
13:18:56.326 [qtp853429147-116] DEBUG org.eclipse.jetty.io.ChannelEndPoint - filled 263 HeapByteBuffer@b72e34d[p=0,l=263,c=8192,r=263]={<<<POST /__admin/requests/co...\r\n  "method" : "GET"\r\n}>>>}",\r\n  "m...\x00\x00\x00\x00\x00\x00\x00}
13:18:56.326 [qtp853429147-116] DEBUG org.eclipse.jetty.server.HttpConnection - HttpConnection@4c6840a2::NetworkTrafficSocketChannelEndPoint@64307ead{/127.0.0.1:65036<->/127.0.0.1:8080,OPEN,fill=-,flush=-,to=0/30000}{io=1/0,kio=1,kro=1}->HttpConnection@4c6840a2[p=HttpParser{s=START,0 of -1},g=HttpGenerator@1aab1830{s=START}]=>HttpChannelOverHttp@6ec815dd{s=HttpChannelState@2bca9660{s=IDLE rs=BLOCKING os=OPEN is=IDLE awp=false se=false i=true al=0},r=4,c=false/false,a=IDLE,uri=null,age=0} filled 263 HeapByteBuffer@b72e34d[p=0,l=263,c=8192,r=263]={<<<POST /__admin/requests/co...\r\n  "method" : "GET"\r\n}>>>}",\r\n  "m...\x00\x00\x00\x00\x00\x00\x00}
13:18:56.326 [qtp853429147-116] DEBUG org.eclipse.jetty.server.HttpConnection - HttpConnection@4c6840a2::NetworkTrafficSocketChannelEndPoint@64307ead{/127.0.0.1:65036<->/127.0.0.1:8080,OPEN,fill=-,flush=-,to=0/30000}{io=1/0,kio=1,kro=1}->HttpConnection@4c6840a2[p=HttpParser{s=START,0 of -1},g=HttpGenerator@1aab1830{s=START}]=>HttpChannelOverHttp@6ec815dd{s=HttpChannelState@2bca9660{s=IDLE rs=BLOCKING os=OPEN is=IDLE awp=false se=false i=true al=0},r=4,c=false/false,a=IDLE,uri=null,age=0} parse HeapByteBuffer@b72e34d[p=0,l=263,c=8192,r=263]={<<<POST /__admin/requests/co...\r\n  "method" : "GET"\r\n}>>>}",\r\n  "m...\x00\x00\x00\x00\x00\x00\x00} {}
13:18:56.326 [qtp853429147-116] DEBUG org.eclipse.jetty.http.HttpParser - parseNext s=START HeapByteBuffer@b72e34d[p=0,l=263,c=8192,r=263]={<<<POST /__admin/requests/co...\r\n  "method" : "GET"\r\n}>>>}",\r\n  "m...\x00\x00\x00\x00\x00\x00\x00}
13:18:56.326 [qtp853429147-116] DEBUG org.eclipse.jetty.http.HttpParser - START --> SPACE1
13:18:56.326 [qtp853429147-116] DEBUG org.eclipse.jetty.http.HttpParser - SPACE1 --> URI
13:18:56.326 [qtp853429147-116] DEBUG org.eclipse.jetty.http.HttpParser - URI --> SPACE2
13:18:56.326 [qtp853429147-116] DEBUG org.eclipse.jetty.http.HttpParser - SPACE2 --> REQUEST_VERSION
13:18:56.326 [qtp853429147-116] DEBUG org.eclipse.jetty.http.HttpParser - REQUEST_VERSION --> HEADER
13:18:56.326 [qtp853429147-116] DEBUG org.eclipse.jetty.http.HttpParser - HEADER:Content-Length --> VALUE
13:18:56.326 [qtp853429147-116] DEBUG org.eclipse.jetty.http.HttpParser - HEADER:Content-Length --> IN_VALUE
13:18:56.326 [qtp853429147-116] DEBUG org.eclipse.jetty.http.HttpParser - HEADER:Content-Length --> FIELD
13:18:56.326 [qtp853429147-116] DEBUG org.eclipse.jetty.http.HttpParser - HEADER:Content-Type: text/plain; charset=UTF-8 --> IN_VALUE
13:18:56.326 [qtp853429147-116] DEBUG org.eclipse.jetty.http.HttpParser - HEADER:Content-Type: text/plain; charset=UTF-8 --> FIELD
13:18:56.326 [qtp853429147-116] DEBUG org.eclipse.jetty.http.HttpParser - HEADER:Host: localhost:8080 --> IN_VALUE
13:18:56.326 [qtp853429147-116] DEBUG org.eclipse.jetty.http.HttpParser - HEADER:Host: localhost:8080 --> FIELD
13:18:56.326 [qtp853429147-116] DEBUG org.eclipse.jetty.http.HttpParser - HEADER:Connection: keep-alive --> IN_VALUE
13:18:56.326 [qtp853429147-116] DEBUG org.eclipse.jetty.http.HttpParser - HEADER:Connection: keep-alive --> FIELD
13:18:56.326 [qtp853429147-116] DEBUG org.eclipse.jetty.http.HttpParser - HEADER:User-Agent: Apache-HttpClient/4.5.12 (Java/11.0.2) --> IN_VALUE
13:18:56.326 [qtp853429147-116] DEBUG org.eclipse.jetty.http.HttpParser - HEADER:User-Agent: Apache-HttpClient/4.5.12 (Java/11.0.2) --> FIELD
13:18:56.326 [qtp853429147-116] DEBUG org.eclipse.jetty.http.HttpParser - HEADER --> CONTENT
13:18:56.326 [qtp853429147-116] DEBUG org.eclipse.jetty.server.HttpChannel - REQUEST for //localhost:8080/__admin/requests/count on HttpChannelOverHttp@6ec815dd{s=HttpChannelState@2bca9660{s=IDLE rs=BLOCKING os=OPEN is=IDLE awp=false se=false i=true al=0},r=5,c=false/false,a=IDLE,uri=//localhost:8080/__admin/requests/count,age=0}
POST //localhost:8080/__admin/requests/count HTTP/1.1
Content-Length: 63
Content-Type: text/plain; charset=UTF-8
Host: localhost:8080
Connection: keep-alive
User-Agent: Apache-HttpClient/4.5.12 (Java/11.0.2)


13:18:56.326 [qtp853429147-116] DEBUG org.eclipse.jetty.server.HttpConnection - HttpConnection@4c6840a2::NetworkTrafficSocketChannelEndPoint@64307ead{/127.0.0.1:65036<->/127.0.0.1:8080,OPEN,fill=-,flush=-,to=0/30000}{io=1/0,kio=1,kro=1}->HttpConnection@4c6840a2[p=HttpParser{s=CONTENT,0 of 63},g=HttpGenerator@1aab1830{s=START}]=>HttpChannelOverHttp@6ec815dd{s=HttpChannelState@2bca9660{s=IDLE rs=BLOCKING os=OPEN is=IDLE awp=false se=false i=true al=0},r=5,c=false/false,a=IDLE,uri=//localhost:8080/__admin/requests/count,age=0} parsed true HttpParser{s=CONTENT,0 of 63}
13:18:56.326 [qtp853429147-116] DEBUG org.eclipse.jetty.server.HttpChannel - handle //localhost:8080/__admin/requests/count HttpChannelOverHttp@6ec815dd{s=HttpChannelState@2bca9660{s=IDLE rs=BLOCKING os=OPEN is=IDLE awp=false se=false i=true al=0},r=5,c=false/false,a=IDLE,uri=//localhost:8080/__admin/requests/count,age=0} 
13:18:56.326 [qtp853429147-116] DEBUG org.eclipse.jetty.server.HttpChannelState - handling HttpChannelState@2bca9660{s=IDLE rs=BLOCKING os=OPEN is=IDLE awp=false se=false i=true al=0}
13:18:56.326 [qtp853429147-116] DEBUG org.eclipse.jetty.server.HttpChannel - action DISPATCH HttpChannelOverHttp@6ec815dd{s=HttpChannelState@2bca9660{s=HANDLING rs=BLOCKING os=OPEN is=IDLE awp=false se=false i=true al=0},r=5,c=false/false,a=HANDLING,uri=//localhost:8080/__admin/requests/count,age=0}
13:18:56.327 [qtp853429147-116] DEBUG org.eclipse.jetty.server.Server - REQUEST POST /__admin/requests/count on HttpChannelOverHttp@6ec815dd{s=HttpChannelState@2bca9660{s=HANDLING rs=BLOCKING os=OPEN is=IDLE awp=false se=false i=true al=0},r=5,c=false/false,a=HANDLING,uri=//localhost:8080/__admin/requests/count,age=1}
13:18:56.327 [qtp853429147-116] DEBUG org.eclipse.jetty.server.handler.ContextHandler - scope null||/__admin/requests/count @ o.e.j.s.ServletContextHandler@5e5ac5d9{/__admin,null,AVAILABLE}
13:18:56.327 [qtp853429147-116] DEBUG org.eclipse.jetty.server.handler.ContextHandler - context=/__admin||/requests/count @ o.e.j.s.ServletContextHandler@5e5ac5d9{/__admin,null,AVAILABLE}
13:18:56.327 [qtp853429147-116] DEBUG org.eclipse.jetty.servlet.ServletHandler - servlet /__admin|/requests/count|null -> com.github.tomakehurst.wiremock.servlet.WireMockHandlerDispatchingServlet-71d5940b@7d861f86==com.github.tomakehurst.wiremock.servlet.WireMockHandlerDispatchingServlet,jsp=null,order=-1,inst=true,async=true
13:18:56.327 [qtp853429147-116] DEBUG org.eclipse.jetty.servlet.ServletHandler - chain=org.eclipse.jetty.servlets.CrossOriginFilter-28fc3acf@28fc3acf==org.eclipse.jetty.servlets.CrossOriginFilter,inst=true,async=true->com.github.tomakehurst.wiremock.servlet.WireMockHandlerDispatchingServlet-71d5940b@7d861f86==com.github.tomakehurst.wiremock.servlet.WireMockHandlerDispatchingServlet,jsp=null,order=-1,inst=true,async=true
13:18:56.327 [qtp853429147-116] DEBUG org.eclipse.jetty.servlet.ServletHandler - call filter org.eclipse.jetty.servlets.CrossOriginFilter-28fc3acf@28fc3acf==org.eclipse.jetty.servlets.CrossOriginFilter,inst=true,async=true
13:18:56.327 [qtp853429147-116] DEBUG org.eclipse.jetty.servlet.ServletHandler - call servlet com.github.tomakehurst.wiremock.servlet.WireMockHandlerDispatchingServlet-71d5940b@7d861f86==com.github.tomakehurst.wiremock.servlet.WireMockHandlerDispatchingServlet,jsp=null,order=-1,inst=true,async=true
13:18:56.327 [qtp853429147-116] DEBUG org.eclipse.jetty.server.HttpConnection - HttpConnection@4c6840a2::NetworkTrafficSocketChannelEndPoint@64307ead{/127.0.0.1:65036<->/127.0.0.1:8080,OPEN,fill=-,flush=-,to=1/30000}{io=1/0,kio=1,kro=1}->HttpConnection@4c6840a2[p=HttpParser{s=CONTENT,0 of 63},g=HttpGenerator@1aab1830{s=START}]=>HttpChannelOverHttp@6ec815dd{s=HttpChannelState@2bca9660{s=HANDLING rs=BLOCKING os=OPEN is=IDLE awp=false se=false i=true al=0},r=5,c=false/false,a=HANDLING,uri=//localhost:8080/__admin/requests/count,age=1} parse HeapByteBuffer@b72e34d[p=200,l=263,c=8192,r=63]={POST /__a....2)\r\n\r\n<<<{\r\n  "url" : "/api/v0/com...\r\n  "method" : "GET"\r\n}>>>}",\r\n  "m...\x00\x00\x00\x00\x00\x00\x00} {}
13:18:56.327 [qtp853429147-116] DEBUG org.eclipse.jetty.http.HttpParser - parseNext s=CONTENT HeapByteBuffer@b72e34d[p=200,l=263,c=8192,r=63]={POST /__a....2)\r\n\r\n<<<{\r\n  "url" : "/api/v0/com...\r\n  "method" : "GET"\r\n}>>>}",\r\n  "m...\x00\x00\x00\x00\x00\x00\x00}
13:18:56.327 [qtp853429147-116] DEBUG org.eclipse.jetty.server.HttpChannel - onContent HttpChannelOverHttp@6ec815dd{s=HttpChannelState@2bca9660{s=HANDLING rs=BLOCKING os=OPEN is=IDLE awp=false se=false i=true al=0},r=5,c=false/false,a=HANDLING,uri=//localhost:8080/__admin/requests/count,age=1} Content@32fc2acb{HeapByteBufferR@2bc49f23[p=200,l=263,c=8192,r=63]={POST /__a....2)\r\n\r\n<<<{\r\n  "url" : "/api/v0/com...\r\n  "method" : "GET"\r\n}>>>}",\r\n  "m...\x00\x00\x00\x00\x00\x00\x00}}
13:18:56.327 [qtp853429147-116] DEBUG org.eclipse.jetty.server.HttpInput - HttpInputOverHTTP@58fced3f[c=0,q=0,[0]=null,s=STREAM] addContent Content@32fc2acb{HeapByteBufferR@2bc49f23[p=200,l=263,c=8192,r=63]={POST /__a....2)\r\n\r\n<<<{\r\n  "url" : "/api/v0/com...\r\n  "method" : "GET"\r\n}>>>}",\r\n  "m...\x00\x00\x00\x00\x00\x00\x00}}
13:18:56.328 [qtp853429147-116] DEBUG org.eclipse.jetty.http.HttpParser - CONTENT --> CONTENT_END
13:18:56.328 [qtp853429147-116] DEBUG org.eclipse.jetty.server.HttpChannel - onContentComplete HttpChannelOverHttp@6ec815dd{s=HttpChannelState@2bca9660{s=HANDLING rs=BLOCKING os=OPEN is=IDLE awp=false se=false i=true al=0},r=5,c=false/false,a=HANDLING,uri=//localhost:8080/__admin/requests/count,age=2}
13:18:56.328 [qtp853429147-116] DEBUG org.eclipse.jetty.http.HttpParser - CONTENT_END --> END
13:18:56.328 [qtp853429147-116] DEBUG org.eclipse.jetty.server.HttpChannel - onRequestComplete HttpChannelOverHttp@6ec815dd{s=HttpChannelState@2bca9660{s=HANDLING rs=BLOCKING os=OPEN is=IDLE awp=false se=false i=true al=0},r=5,c=false/false,a=HANDLING,uri=//localhost:8080/__admin/requests/count,age=2}
13:18:56.328 [qtp853429147-116] DEBUG org.eclipse.jetty.server.HttpInput - HttpInputOverHTTP@58fced3f[c=0,q=1,[0]=EOF,s=STREAM] addContent EOF
13:18:56.328 [qtp853429147-116] DEBUG org.eclipse.jetty.server.HttpConnection - HttpConnection@4c6840a2::NetworkTrafficSocketChannelEndPoint@64307ead{/127.0.0.1:65036<->/127.0.0.1:8080,OPEN,fill=-,flush=-,to=2/30000}{io=1/0,kio=1,kro=1}->HttpConnection@4c6840a2[p=HttpParser{s=END,63 of 63},g=HttpGenerator@1aab1830{s=START}]=>HttpChannelOverHttp@6ec815dd{s=HttpChannelState@2bca9660{s=HANDLING rs=BLOCKING os=OPEN is=IDLE awp=false se=false i=true al=0},r=5,c=false/false,a=HANDLING,uri=//localhost:8080/__admin/requests/count,age=2} parsed false HttpParser{s=END,63 of 63}
13:18:56.328 [qtp853429147-116] DEBUG org.eclipse.jetty.server.HttpInput - HttpInputOverHTTP@58fced3f[c=63,q=1,[0]=EOF,s=STREAM] read 63 from Content@32fc2acb{HeapByteBufferR@2bc49f23[p=263,l=263,c=8192,r=0]={POST /__a...GET"\r\n}<<<>>>}",\r\n  "m...\x00\x00\x00\x00\x00\x00\x00}}
13:18:56.328 [qtp853429147-116] DEBUG org.eclipse.jetty.server.HttpConnection - releaseRequestBuffer HttpConnection@4c6840a2::NetworkTrafficSocketChannelEndPoint@64307ead{/127.0.0.1:65036<->/127.0.0.1:8080,OPEN,fill=-,flush=-,to=2/30000}{io=1/0,kio=1,kro=1}->HttpConnection@4c6840a2[p=HttpParser{s=END,63 of 63},g=HttpGenerator@1aab1830{s=START}]=>HttpChannelOverHttp@6ec815dd{s=HttpChannelState@2bca9660{s=HANDLING rs=BLOCKING os=OPEN is=IDLE awp=false se=false i=true al=0},r=5,c=false/false,a=HANDLING,uri=//localhost:8080/__admin/requests/count,age=2}
13:18:56.328 [qtp853429147-116] DEBUG org.eclipse.jetty.server.HttpChannelState - onEof HttpChannelState@2bca9660{s=HANDLING rs=BLOCKING os=OPEN is=IDLE awp=false se=false i=true al=0}
13:18:56.331 [qtp853429147-116] DEBUG org.eclipse.jetty.server.HttpOutput - write(array HeapByteBuffer@28e804b4[p=0,l=56,c=8192,r=56]={<<<{\r\n  "count" : 0,\r\n  "req...nalDisabled" : false\r\n}>>>\x00\x00\x00\x00\x00\x00\x00\x00\x00...\x00\x00\x00\x00\x00\x00\x00})
13:18:56.331 [qtp853429147-116] DEBUG org.eclipse.jetty.server.HttpOutput - write(array) s=OPEN,api=BLOCKING,sc=false,e=null aggregated !flush DirectByteBuffer@2018100a[p=0,l=56,c=32768,r=56]={<<<{\r\n  "count" : 0,\r\n  "req...nalDisabled" : false\r\n}>>>request" ...\x00\x00\x00\x00\x00\x00\x00}
13:18:56.331 [qtp853429147-116] DEBUG org.eclipse.jetty.server.HttpChannel - sendResponse info=null content=DirectByteBuffer@2018100a[p=0,l=56,c=32768,r=56]={<<<{\r\n  "count" : 0,\r\n  "req...nalDisabled" : false\r\n}>>>request" ...\x00\x00\x00\x00\x00\x00\x00} complete=false committing=true callback=Blocker@24a7f927{null}
13:18:56.331 [qtp853429147-116] DEBUG org.eclipse.jetty.server.HttpChannel - COMMIT for /__admin/requests/count on HttpChannelOverHttp@6ec815dd{s=HttpChannelState@2bca9660{s=HANDLING rs=BLOCKING os=COMMITTED is=READY awp=false se=false i=true al=0},r=5,c=false/false,a=HANDLING,uri=//localhost:8080/__admin/requests/count,age=5}
200 null HTTP/1.1
Content-Type: application/json


13:18:56.331 [qtp853429147-116] DEBUG org.eclipse.jetty.server.HttpConnection - generate: NEED_HEADER for org.eclipse.jetty.server.HttpConnection$SendCallback@1b8d6d99[PROCESSING][i=HTTP/1.1{s=200,h=1,cl=-1},cb=org.eclipse.jetty.server.HttpChannel$SendCallback@2aba4bd7] (null,[p=0,l=56,c=32768,r=56],false)@START
13:18:56.331 [qtp853429147-116] DEBUG org.eclipse.jetty.http.HttpGenerator - generateHeaders HTTP/1.1{s=200,h=1,cl=-1} last=false content=DirectByteBuffer@2018100a[p=0,l=56,c=32768,r=56]={<<<{\r\n  "count" : 0,\r\n  "req...nalDisabled" : false\r\n}>>>request" ...\x00\x00\x00\x00\x00\x00\x00}
13:18:56.331 [qtp853429147-116] DEBUG org.eclipse.jetty.http.HttpGenerator - Content-Type: application/json


13:18:56.331 [qtp853429147-116] DEBUG org.eclipse.jetty.http.HttpGenerator - CHUNKED_CONTENT
13:18:56.331 [qtp853429147-116] DEBUG org.eclipse.jetty.server.HttpConnection - generate: FLUSH for org.eclipse.jetty.server.HttpConnection$SendCallback@1b8d6d99[PROCESSING][i=HTTP/1.1{s=200,h=1,cl=-1},cb=org.eclipse.jetty.server.HttpChannel$SendCallback@2aba4bd7] ([p=0,l=116,c=8192,r=116],[p=0,l=56,c=32768,r=56],false)@COMMITTED
13:18:56.331 [qtp853429147-116] DEBUG org.eclipse.jetty.io.WriteFlusher - write: WriteFlusher@3b1c99a4{IDLE}->null [HeapByteBuffer@b72e34d[p=0,l=116,c=8192,r=116]={<<<HTTP/1.1 200 OK\r\nContent-...4.28.v20200408)\r\n\r\n38\r\n>>>8080\r\nCon...\x00\x00\x00\x00\x00\x00\x00},DirectByteBuffer@2018100a[p=0,l=56,c=32768,r=56]={<<<{\r\n  "count" : 0,\r\n  "req...nalDisabled" : false\r\n}>>>request" ...\x00\x00\x00\x00\x00\x00\x00}]
13:18:56.331 [qtp853429147-116] DEBUG org.eclipse.jetty.io.WriteFlusher - update WriteFlusher@3b1c99a4{WRITING}->null:IDLE-->WRITING
13:18:56.331 [qtp853429147-116] DEBUG org.eclipse.jetty.io.ChannelEndPoint - flushed 116 NetworkTrafficSocketChannelEndPoint@64307ead{/127.0.0.1:65036<->/127.0.0.1:8080,OPEN,fill=-,flush=W,to=5/30000}{io=1/0,kio=1,kro=1}->HttpConnection@4c6840a2[p=HttpParser{s=END,63 of 63},g=HttpGenerator@1aab1830{s=COMMITTED}]=>HttpChannelOverHttp@6ec815dd{s=HttpChannelState@2bca9660{s=HANDLING rs=BLOCKING os=COMMITTED is=READY awp=false se=false i=true al=0},r=5,c=false/false,a=HANDLING,uri=//localhost:8080/__admin/requests/count,age=5}
13:18:56.332 [qtp853429147-116] DEBUG org.eclipse.jetty.io.ChannelEndPoint - flushed 56 NetworkTrafficSocketChannelEndPoint@64307ead{/127.0.0.1:65036<->/127.0.0.1:8080,OPEN,fill=-,flush=W,to=0/30000}{io=1/0,kio=1,kro=1}->HttpConnection@4c6840a2[p=HttpParser{s=END,63 of 63},g=HttpGenerator@1aab1830{s=COMMITTED}]=>HttpChannelOverHttp@6ec815dd{s=HttpChannelState@2bca9660{s=HANDLING rs=BLOCKING os=COMMITTED is=READY awp=false se=false i=true al=0},r=5,c=false/false,a=HANDLING,uri=//localhost:8080/__admin/requests/count,age=6}
13:18:56.332 [qtp853429147-116] DEBUG org.eclipse.jetty.io.WriteFlusher - Flushed=true written=172 remaining=0 WriteFlusher@3b1c99a4{WRITING}->null
13:18:56.332 [qtp853429147-116] DEBUG org.eclipse.jetty.io.WriteFlusher - update WriteFlusher@3b1c99a4{IDLE}->null:WRITING-->IDLE
13:18:56.332 [qtp853429147-116] DEBUG org.eclipse.jetty.server.HttpConnection - generate: DONE for org.eclipse.jetty.server.HttpConnection$SendCallback@1b8d6d99[PROCESSING][i=HTTP/1.1{s=200,h=1,cl=-1},cb=org.eclipse.jetty.server.HttpChannel$SendCallback@2aba4bd7] ([p=116,l=116,c=8192,r=0],[p=56,l=56,c=32768,r=0],false)@COMMITTED
13:18:56.332 [qtp853429147-116] DEBUG org.eclipse.jetty.server.HttpOutput - onWriteComplete(false,null) s=OPEN,api=BLOCKED,sc=false,e=null->s=OPEN,api=BLOCKING,sc=false,e=null c=null cb=null w=false
13:18:56.332 [qtp853429147-116] DEBUG org.eclipse.jetty.server.HttpOutput - close() s=CLOSING,api=BLOCKED,sc=false,e=null c=HeapByteBuffer@137d328[p=0,l=0,c=0,r=0]={<<<>>>} b=Blocker@24a7f927{null}
13:18:56.332 [qtp853429147-116] DEBUG org.eclipse.jetty.server.HttpChannel - sendResponse info=null content=HeapByteBuffer@137d328[p=0,l=0,c=0,r=0]={<<<>>>} complete=true committing=false callback=Blocker@24a7f927{null}
13:18:56.332 [qtp853429147-116] DEBUG org.eclipse.jetty.server.HttpConnection - generate: CONTINUE for org.eclipse.jetty.server.HttpConnection$SendCallback@1b8d6d99[PROCESSING][i=null,cb=org.eclipse.jetty.server.HttpChannel$SendCallback@79c38639] (null,[p=0,l=0,c=0,r=0],true)@COMPLETING
13:18:56.332 [qtp853429147-116] DEBUG org.eclipse.jetty.server.HttpConnection - generate: NEED_CHUNK for org.eclipse.jetty.server.HttpConnection$SendCallback@1b8d6d99[PROCESSING][i=null,cb=org.eclipse.jetty.server.HttpChannel$SendCallback@79c38639] (null,[p=0,l=0,c=0,r=0],true)@COMPLETING
13:18:56.332 [qtp853429147-116] DEBUG org.eclipse.jetty.server.HttpConnection - generate: FLUSH for org.eclipse.jetty.server.HttpConnection$SendCallback@1b8d6d99[PROCESSING][i=null,cb=org.eclipse.jetty.server.HttpChannel$SendCallback@79c38639] (null,[p=0,l=0,c=0,r=0],true)@COMPLETING
13:18:56.332 [qtp853429147-116] DEBUG org.eclipse.jetty.io.WriteFlusher - write: WriteFlusher@3b1c99a4{IDLE}->null [HeapByteBuffer@50786100[p=0,l=7,c=1024,r=7]={<<<\r\n0\r\n\r\n>>>\x00\x00\x00\x00\x00\x00\x00\x00\x00...\x00\x00\x00\x00\x00\x00\x00}]
13:18:56.332 [qtp853429147-116] DEBUG org.eclipse.jetty.io.WriteFlusher - update WriteFlusher@3b1c99a4{WRITING}->null:IDLE-->WRITING
13:18:56.332 [qtp853429147-116] DEBUG org.eclipse.jetty.io.ChannelEndPoint - flushed 7 NetworkTrafficSocketChannelEndPoint@64307ead{/127.0.0.1:65036<->/127.0.0.1:8080,OPEN,fill=-,flush=W,to=0/30000}{io=1/0,kio=1,kro=1}->HttpConnection@4c6840a2[p=HttpParser{s=END,63 of 63},g=HttpGenerator@1aab1830{s=COMPLETING}]=>HttpChannelOverHttp@6ec815dd{s=HttpChannelState@2bca9660{s=HANDLING rs=BLOCKING os=COMMITTED is=READY awp=false se=false i=true al=0},r=5,c=false/false,a=HANDLING,uri=//localhost:8080/__admin/requests/count,age=6}
13:18:56.332 [qtp853429147-116] DEBUG org.eclipse.jetty.io.WriteFlusher - Flushed=true written=7 remaining=0 WriteFlusher@3b1c99a4{WRITING}->null
13:18:56.332 [qtp853429147-116] DEBUG org.eclipse.jetty.io.WriteFlusher - update WriteFlusher@3b1c99a4{IDLE}->null:WRITING-->IDLE
13:18:56.332 [qtp853429147-116] DEBUG org.eclipse.jetty.server.HttpConnection - generate: DONE for org.eclipse.jetty.server.HttpConnection$SendCallback@1b8d6d99[PROCESSING][i=null,cb=org.eclipse.jetty.server.HttpChannel$SendCallback@79c38639] (null,[p=0,l=0,c=0,r=0],true)@END
13:18:56.332 [qtp853429147-116] DEBUG org.eclipse.jetty.server.HttpOutput - onWriteComplete(true,null) s=CLOSING,api=BLOCKED,sc=false,e=null->s=CLOSED,api=BLOCKING,sc=false,e=null c=null cb=null w=false
13:18:56.333 [qtp853429147-116] DEBUG org.eclipse.jetty.server.handler.gzip.GzipHandler - GzipHandler@21af4110{STARTED,min=32,inflate=-1} handle Request[POST //localhost:8080/__admin/requests/count]@29b19157 in null
13:18:56.333 [qtp853429147-116] DEBUG org.eclipse.jetty.server.handler.ContextHandler - scope null||/__admin/requests/count @ o.e.j.s.ServletContextHandler@6e64e885{/,null,AVAILABLE}
13:18:56.333 [qtp853429147-116] DEBUG org.eclipse.jetty.server.Server - handled=true async=false committed=true on HttpChannelOverHttp@6ec815dd{s=HttpChannelState@2bca9660{s=HANDLING rs=BLOCKING os=COMPLETED is=READY awp=false se=false i=true al=0},r=5,c=false/true,a=HANDLING,uri=//localhost:8080/__admin/requests/count,age=7}
13:18:56.333 [qtp853429147-116] DEBUG org.eclipse.jetty.server.HttpChannelState - unhandle HttpChannelState@2bca9660{s=HANDLING rs=BLOCKING os=COMPLETED is=READY awp=false se=false i=true al=0}
13:18:56.333 [qtp853429147-116] DEBUG org.eclipse.jetty.server.HttpChannelState - nextAction(false) COMPLETE HttpChannelState@2bca9660{s=HANDLING rs=COMPLETING os=COMPLETED is=READY awp=false se=false i=false al=0}
13:18:56.333 [qtp853429147-116] DEBUG org.eclipse.jetty.server.HttpChannel - action COMPLETE HttpChannelOverHttp@6ec815dd{s=HttpChannelState@2bca9660{s=HANDLING rs=COMPLETING os=COMPLETED is=READY awp=false se=false i=false al=0},r=5,c=false/true,a=HANDLING,uri=//localhost:8080/__admin/requests/count,age=7}
13:18:56.333 [qtp853429147-116] DEBUG org.eclipse.jetty.server.HttpOutput - complete(org.eclipse.jetty.util.Callback$4@76f133a5) s=CLOSED,api=BLOCKING,sc=false,e=null s=true e=null, c=null
13:18:56.333 [qtp853429147-116] DEBUG org.eclipse.jetty.server.HttpChannelState - completed HttpChannelState@2bca9660{s=HANDLING rs=COMPLETING os=COMPLETED is=READY awp=false se=false i=false al=0}
13:18:56.333 [qtp853429147-116] DEBUG org.eclipse.jetty.server.HttpChannelState - unhandle HttpChannelState@2bca9660{s=HANDLING rs=COMPLETED os=COMPLETED is=READY awp=false se=false i=false al=0}
13:18:56.333 [qtp853429147-116] DEBUG org.eclipse.jetty.server.HttpChannelState - nextAction(false) TERMINATED HttpChannelState@2bca9660{s=IDLE rs=COMPLETED os=COMPLETED is=READY awp=false se=false i=false al=0}
13:18:56.333 [qtp853429147-116] DEBUG org.eclipse.jetty.server.HttpChannel - action TERMINATED HttpChannelOverHttp@6ec815dd{s=HttpChannelState@2bca9660{s=IDLE rs=COMPLETED os=COMPLETED is=READY awp=false se=false i=false al=0},r=5,c=true/true,a=IDLE,uri=//localhost:8080/__admin/requests/count,age=7}
13:18:56.333 [qtp853429147-116] DEBUG org.eclipse.jetty.server.HttpChannel - onCompleted for /__admin/requests/count written=56
13:18:56.333 [qtp853429147-116] DEBUG org.eclipse.jetty.server.HttpChannelState - recycle HttpChannelState@2bca9660{s=IDLE rs=COMPLETED os=COMPLETED is=READY awp=false se=false i=false al=0}
13:18:56.333 [qtp853429147-116] DEBUG org.eclipse.jetty.http.HttpParser - reset HttpParser{s=END,63 of 63}
13:18:56.333 [qtp853429147-116] DEBUG org.eclipse.jetty.http.HttpParser - END --> START
13:18:56.333 [qtp853429147-116] DEBUG org.eclipse.jetty.server.HttpChannel - !handle TERMINATED HttpChannelOverHttp@6ec815dd{s=HttpChannelState@2bca9660{s=IDLE rs=BLOCKING os=OPEN is=IDLE awp=false se=false i=true al=0},r=5,c=false/false,a=IDLE,uri=null,age=0}
13:18:56.333 [qtp853429147-116] DEBUG org.eclipse.jetty.io.ChannelEndPoint - filled 0 HeapByteBuffer@b72e34d[p=0,l=0,c=8192,r=0]={<<<>>>HTTP/1.1 ...\x00\x00\x00\x00\x00\x00\x00}
13:18:56.333 [qtp853429147-116] DEBUG org.eclipse.jetty.io.ChannelEndPoint - filled 0 HeapByteBuffer@b72e34d[p=0,l=0,c=8192,r=0]={<<<>>>HTTP/1.1 ...\x00\x00\x00\x00\x00\x00\x00}
13:18:56.333 [qtp853429147-116] DEBUG org.eclipse.jetty.server.HttpConnection - HttpConnection@4c6840a2::NetworkTrafficSocketChannelEndPoint@64307ead{/127.0.0.1:65036<->/127.0.0.1:8080,OPEN,fill=-,flush=-,to=0/30000}{io=1/0,kio=1,kro=1}->HttpConnection@4c6840a2[p=HttpParser{s=START,0 of -1},g=HttpGenerator@1aab1830{s=START}]=>HttpChannelOverHttp@6ec815dd{s=HttpChannelState@2bca9660{s=IDLE rs=BLOCKING os=OPEN is=IDLE awp=false se=false i=true al=0},r=5,c=false/false,a=IDLE,uri=null,age=0} filled 0 HeapByteBuffer@b72e34d[p=0,l=0,c=8192,r=0]={<<<>>>HTTP/1.1 ...\x00\x00\x00\x00\x00\x00\x00}
13:18:56.333 [qtp853429147-116] DEBUG org.eclipse.jetty.server.HttpConnection - HttpConnection@4c6840a2::NetworkTrafficSocketChannelEndPoint@64307ead{/127.0.0.1:65036<->/127.0.0.1:8080,OPEN,fill=-,flush=-,to=1/30000}{io=1/0,kio=1,kro=1}->HttpConnection@4c6840a2[p=HttpParser{s=START,0 of -1},g=HttpGenerator@1aab1830{s=START}]=>HttpChannelOverHttp@6ec815dd{s=HttpChannelState@2bca9660{s=IDLE rs=BLOCKING os=OPEN is=IDLE awp=false se=false i=true al=0},r=5,c=false/false,a=IDLE,uri=null,age=0} parse HeapByteBuffer@b72e34d[p=0,l=0,c=8192,r=0]={<<<>>>HTTP/1.1 ...\x00\x00\x00\x00\x00\x00\x00} {}
13:18:56.333 [qtp853429147-116] DEBUG org.eclipse.jetty.http.HttpParser - parseNext s=START HeapByteBuffer@b72e34d[p=0,l=0,c=8192,r=0]={<<<>>>HTTP/1.1 ...\x00\x00\x00\x00\x00\x00\x00}
13:18:56.334 [qtp853429147-116] DEBUG org.eclipse.jetty.server.HttpConnection - HttpConnection@4c6840a2::NetworkTrafficSocketChannelEndPoint@64307ead{/127.0.0.1:65036<->/127.0.0.1:8080,OPEN,fill=-,flush=-,to=1/30000}{io=1/0,kio=1,kro=1}->HttpConnection@4c6840a2[p=HttpParser{s=START,0 of -1},g=HttpGenerator@1aab1830{s=START}]=>HttpChannelOverHttp@6ec815dd{s=HttpChannelState@2bca9660{s=IDLE rs=BLOCKING os=OPEN is=IDLE awp=false se=false i=true al=0},r=5,c=false/false,a=IDLE,uri=null,age=0} parsed false HttpParser{s=START,0 of -1}
13:18:56.334 [qtp853429147-116] DEBUG org.eclipse.jetty.server.HttpConnection - releaseRequestBuffer HttpConnection@4c6840a2::NetworkTrafficSocketChannelEndPoint@64307ead{/127.0.0.1:65036<->/127.0.0.1:8080,OPEN,fill=-,flush=-,to=1/30000}{io=1/0,kio=1,kro=1}->HttpConnection@4c6840a2[p=HttpParser{s=START,0 of -1},g=HttpGenerator@1aab1830{s=START}]=>HttpChannelOverHttp@6ec815dd{s=HttpChannelState@2bca9660{s=IDLE rs=BLOCKING os=OPEN is=IDLE awp=false se=false i=true al=0},r=5,c=false/false,a=IDLE,uri=null,age=0}
13:18:56.334 [qtp853429147-116] DEBUG org.eclipse.jetty.io.AbstractConnection - fillInterested HttpConnection@4c6840a2::NetworkTrafficSocketChannelEndPoint@64307ead{/127.0.0.1:65036<->/127.0.0.1:8080,OPEN,fill=-,flush=-,to=1/30000}{io=1/0,kio=1,kro=1}->HttpConnection@4c6840a2[p=HttpParser{s=START,0 of -1},g=HttpGenerator@1aab1830{s=START}]=>HttpChannelOverHttp@6ec815dd{s=HttpChannelState@2bca9660{s=IDLE rs=BLOCKING os=OPEN is=IDLE awp=false se=false i=true al=0},r=5,c=false/false,a=IDLE,uri=null,age=0}
13:18:56.334 [qtp853429147-116] DEBUG org.eclipse.jetty.io.FillInterest - interested FillInterest@34e39045{AC.ReadCB@4c6840a2{HttpConnection@4c6840a2::NetworkTrafficSocketChannelEndPoint@64307ead{/127.0.0.1:65036<->/127.0.0.1:8080,OPEN,fill=FI,flush=-,to=0/30000}{io=1/0,kio=1,kro=1}->HttpConnection@4c6840a2[p=HttpParser{s=START,0 of -1},g=HttpGenerator@1aab1830{s=START}]=>HttpChannelOverHttp@6ec815dd{s=HttpChannelState@2bca9660{s=IDLE rs=BLOCKING os=OPEN is=IDLE awp=false se=false i=true al=0},r=5,c=false/false,a=IDLE,uri=null,age=0}}}
13:18:56.334 [qtp853429147-116] DEBUG org.eclipse.jetty.io.ChannelEndPoint - changeInterests p=true 0->1 for NetworkTrafficSocketChannelEndPoint@64307ead{/127.0.0.1:65036<->/127.0.0.1:8080,OPEN,fill=FI,flush=-,to=0/30000}{io=1/1,kio=1,kro=1}->HttpConnection@4c6840a2[p=HttpParser{s=START,0 of -1},g=HttpGenerator@1aab1830{s=START}]=>HttpChannelOverHttp@6ec815dd{s=HttpChannelState@2bca9660{s=IDLE rs=BLOCKING os=OPEN is=IDLE awp=false se=false i=true al=0},r=5,c=false/false,a=IDLE,uri=null,age=0}
13:18:56.334 [qtp853429147-116] DEBUG org.eclipse.jetty.server.HttpConnection - HttpConnection@4c6840a2::NetworkTrafficSocketChannelEndPoint@64307ead{/127.0.0.1:65036<->/127.0.0.1:8080,OPEN,fill=FI,flush=-,to=0/30000}{io=1/1,kio=1,kro=1}->HttpConnection@4c6840a2[p=HttpParser{s=START,0 of -1},g=HttpGenerator@1aab1830{s=START}]=>HttpChannelOverHttp@6ec815dd{s=HttpChannelState@2bca9660{s=IDLE rs=BLOCKING os=OPEN is=IDLE awp=false se=false i=true al=0},r=5,c=false/false,a=IDLE,uri=null,age=0} onFillable exit HttpChannelState@2bca9660{s=IDLE rs=BLOCKING os=OPEN is=IDLE awp=false se=false i=true al=0} null
13:18:56.334 [qtp853429147-116] DEBUG org.eclipse.jetty.io.ManagedSelector - updateable 0
13:18:56.334 [qtp853429147-116] DEBUG org.eclipse.jetty.io.ManagedSelector - updates 0
13:18:56.334 [qtp853429147-116] DEBUG org.eclipse.jetty.io.ChannelEndPoint - Key interests updated 1 -> 1 on NetworkTrafficSocketChannelEndPoint@64307ead{/127.0.0.1:65036<->/127.0.0.1:8080,OPEN,fill=FI,flush=-,to=0/30000}{io=1/1,kio=1,kro=1}->HttpConnection@4c6840a2[p=HttpParser{s=START,0 of -1},g=HttpGenerator@1aab1830{s=START}]=>HttpChannelOverHttp@6ec815dd{s=HttpChannelState@2bca9660{s=IDLE rs=BLOCKING os=OPEN is=IDLE awp=false se=false i=true al=0},r=5,c=false/false,a=IDLE,uri=null,age=0}
13:18:56.334 [qtp853429147-116] DEBUG org.eclipse.jetty.io.ManagedSelector - Selector sun.nio.ch.WindowsSelectorImpl@1d61dea3 waiting with 2 keys
13:18:56.334 [Test worker] DEBUG org.apache.http.wire - http-outgoing-5 << "HTTP/1.1 200 OK[\r][\n]"
13:18:56.334 [Test worker] DEBUG org.apache.http.wire - http-outgoing-5 << "Content-Type: application/json[\r][\n]"
13:18:56.334 [Test worker] DEBUG org.apache.http.wire - http-outgoing-5 << "Transfer-Encoding: chunked[\r][\n]"
13:18:56.334 [Test worker] DEBUG org.apache.http.wire - http-outgoing-5 << "Server: Jetty(9.4.28.v20200408)[\r][\n]"
13:18:56.334 [Test worker] DEBUG org.apache.http.wire - http-outgoing-5 << "[\r][\n]"
13:18:56.334 [Test worker] DEBUG org.apache.http.wire - http-outgoing-5 << "38[\r][\n]"
13:18:56.334 [Test worker] DEBUG org.apache.http.wire - http-outgoing-5 << "{[\r][\n]"
13:18:56.334 [Test worker] DEBUG org.apache.http.wire - http-outgoing-5 << "  "count" : 0,[\r][\n]"
13:18:56.334 [Test worker] DEBUG org.apache.http.wire - http-outgoing-5 << "  "requestJournalDisabled" : false[\r][\n]"
13:18:56.334 [Test worker] DEBUG org.apache.http.wire - http-outgoing-5 << "}[\r][\n]"
13:18:56.334 [Test worker] DEBUG org.apache.http.wire - http-outgoing-5 << "0[\r][\n]"
13:18:56.334 [Test worker] DEBUG org.apache.http.wire - http-outgoing-5 << "[\r][\n]"
13:18:56.335 [Test worker] DEBUG org.apache.http.headers - http-outgoing-5 << HTTP/1.1 200 OK
13:18:56.335 [Test worker] DEBUG org.apache.http.headers - http-outgoing-5 << Content-Type: application/json
13:18:56.335 [Test worker] DEBUG org.apache.http.headers - http-outgoing-5 << Transfer-Encoding: chunked
13:18:56.335 [Test worker] DEBUG org.apache.http.headers - http-outgoing-5 << Server: Jetty(9.4.28.v20200408)
13:18:56.335 [Test worker] DEBUG org.apache.http.impl.execchain.MainClientExec - Connection can be kept alive indefinitely
13:18:56.335 [Test worker] DEBUG org.apache.http.impl.conn.PoolingHttpClientConnectionManager - Connection [id: 5][route: {}->http://localhost:8080] can be kept alive indefinitely
13:18:56.335 [Test worker] DEBUG org.apache.http.impl.conn.DefaultManagedHttpClientConnection - http-outgoing-5: set socket timeout to 0
13:18:56.335 [Test worker] DEBUG org.apache.http.impl.conn.PoolingHttpClientConnectionManager - Connection released: [id: 5][route: {}->http://localhost:8080][total available: 1; route allocated: 1 of 5; total allocated: 1 of 50]
13:18:56.336 [Test worker] DEBUG org.eclipse.jetty.util.component.AbstractLifeCycle - stopping Server@338febd{STARTED}[9.4.28.v20200408]
13:18:56.336 [Test worker] DEBUG org.eclipse.jetty.server.Server - doStop Server@338febd{STOPPING}[9.4.28.v20200408]
13:18:56.336 [Test worker] DEBUG org.eclipse.jetty.util.component.AbstractLifeCycle - stopping NetworkTrafficServerConnector@75579836{HTTP/1.1, (http/1.1)}{0.0.0.0:8080}
13:18:56.336 [Test worker] DEBUG org.eclipse.jetty.util.component.AbstractLifeCycle - stopping SelectorManager@NetworkTrafficServerConnector@75579836{HTTP/1.1, (http/1.1)}{0.0.0.0:8080}
13:18:56.336 [Test worker] DEBUG org.eclipse.jetty.util.component.AbstractLifeCycle - stopping ManagedSelector@2e03eae5{STARTED} id=1 keys=2 selected=0 updates=0
13:18:56.336 [Test worker] DEBUG org.eclipse.jetty.io.ManagedSelector - Queued change org.eclipse.jetty.io.ManagedSelector$CloseConnections@534421c2 on ManagedSelector@2e03eae5{STOPPING} id=1 keys=2 selected=0 updates=0
13:18:56.337 [Test worker] DEBUG org.eclipse.jetty.io.ManagedSelector - Wakeup on submit ManagedSelector@2e03eae5{STOPPING} id=1 keys=2 selected=0 updates=1
13:18:56.338 [qtp853429147-116] DEBUG org.eclipse.jetty.io.ManagedSelector - Selector sun.nio.ch.WindowsSelectorImpl@1d61dea3 woken with none selected
13:18:56.338 [qtp853429147-116] DEBUG org.eclipse.jetty.io.ManagedSelector - Selector sun.nio.ch.WindowsSelectorImpl@1d61dea3 woken up from select, 0/0/2 selected
13:18:56.338 [qtp853429147-116] DEBUG org.eclipse.jetty.io.ManagedSelector - Selector sun.nio.ch.WindowsSelectorImpl@1d61dea3 processing 0 keys, 1 updates
13:18:56.338 [qtp853429147-116] DEBUG org.eclipse.jetty.io.ManagedSelector - updateable 1
13:18:56.338 [qtp853429147-116] DEBUG org.eclipse.jetty.io.ManagedSelector - update org.eclipse.jetty.io.ManagedSelector$CloseConnections@534421c2
13:18:56.338 [qtp853429147-116] DEBUG org.eclipse.jetty.io.ManagedSelector - Closing 2 connections on ManagedSelector@2e03eae5{STOPPING} id=1 keys=2 selected=0 updates=0
13:18:56.338 [qtp853429147-116] DEBUG org.eclipse.jetty.io.AbstractEndPoint - close NetworkTrafficSocketChannelEndPoint@29fbb244{/127.0.0.1:65038<->/127.0.0.1:8080,OPEN,fill=FI,flush=-,to=1383/30000}{io=1/1,kio=1,kro=1}->HttpConnection@1e2ead4[p=HttpParser{s=START,0 of -1},g=HttpGenerator@757f013e{s=START}]=>HttpChannelOverHttp@63deb67{s=HttpChannelState@2a63e06d{s=IDLE rs=BLOCKING os=OPEN is=IDLE awp=false se=false i=true al=0},r=1,c=false/false,a=IDLE,uri=null,age=0}
13:18:56.338 [qtp853429147-116] DEBUG org.eclipse.jetty.io.AbstractEndPoint - close(null) NetworkTrafficSocketChannelEndPoint@29fbb244{/127.0.0.1:65038<->/127.0.0.1:8080,OPEN,fill=FI,flush=-,to=1383/30000}{io=1/1,kio=1,kro=1}->HttpConnection@1e2ead4[p=HttpParser{s=START,0 of -1},g=HttpGenerator@757f013e{s=START}]=>HttpChannelOverHttp@63deb67{s=HttpChannelState@2a63e06d{s=IDLE rs=BLOCKING os=OPEN is=IDLE awp=false se=false i=true al=0},r=1,c=false/false,a=IDLE,uri=null,age=0}
13:18:56.339 [qtp853429147-116] DEBUG org.eclipse.jetty.io.ChannelEndPoint - doClose NetworkTrafficSocketChannelEndPoint@29fbb244{/127.0.0.1:65038<->/127.0.0.1:8080,CLOSED,fill=FI,flush=-,to=1383/30000}{io=1/1,kio=1,kro=1}->HttpConnection@1e2ead4[p=HttpParser{s=START,0 of -1},g=HttpGenerator@757f013e{s=START}]=>HttpChannelOverHttp@63deb67{s=HttpChannelState@2a63e06d{s=IDLE rs=BLOCKING os=OPEN is=IDLE awp=false se=false i=true al=0},r=1,c=false/false,a=IDLE,uri=null,age=0}
13:18:56.339 [qtp853429147-116] DEBUG org.eclipse.jetty.io.FillInterest - onClose FillInterest@1cf0ba25{AC.ReadCB@1e2ead4{HttpConnection@1e2ead4::NetworkTrafficSocketChannelEndPoint@29fbb244{/127.0.0.1:65038<->/127.0.0.1:8080,CLOSED,fill=FI,flush=-,to=1384/30000}{io=1/1,kio=-1,kro=-1}->HttpConnection@1e2ead4[p=HttpParser{s=START,0 of -1},g=HttpGenerator@757f013e{s=START}]=>HttpChannelOverHttp@63deb67{s=HttpChannelState@2a63e06d{s=IDLE rs=BLOCKING os=OPEN is=IDLE awp=false se=false i=true al=0},r=1,c=false/false,a=IDLE,uri=null,age=0}}}
13:18:56.339 [qtp853429147-116] DEBUG org.eclipse.jetty.http.HttpParser - close HttpParser{s=START,0 of -1}
13:18:56.339 [qtp853429147-116] DEBUG org.eclipse.jetty.http.HttpParser - START --> CLOSE
13:18:56.339 [qtp853429147-116] DEBUG org.eclipse.jetty.io.AbstractConnection - HttpConnection@1e2ead4::NetworkTrafficSocketChannelEndPoint@29fbb244{/127.0.0.1:65038<->/127.0.0.1:8080,CLOSED,fill=-,flush=-,to=1384/30000}{io=1/1,kio=-1,kro=-1}->HttpConnection@1e2ead4[p=HttpParser{s=CLOSE,0 of -1},g=HttpGenerator@757f013e{s=START}]=>HttpChannelOverHttp@63deb67{s=HttpChannelState@2a63e06d{s=IDLE rs=BLOCKING os=OPEN is=IDLE awp=false se=false i=true al=0},r=1,c=false/false,a=IDLE,uri=null,age=0} onFillInterestedFailed {}
13:18:56.339 [qtp853429147-116] DEBUG org.eclipse.jetty.io.ManagedSelector - Wakeup ManagedSelector@2e03eae5{STOPPING} id=1 keys=2 selected=0 updates=0
13:18:56.339 [qtp853429147-116] DEBUG org.eclipse.jetty.util.thread.QueuedThreadPool - queue org.eclipse.jetty.io.ManagedSelector$DestroyEndPoint@1e54546b startThread=0
13:18:56.339 [qtp853429147-116] DEBUG org.eclipse.jetty.io.AbstractEndPoint - close NetworkTrafficSocketChannelEndPoint@64307ead{/127.0.0.1:65036<->/127.0.0.1:8080,OPEN,fill=FI,flush=-,to=5/30000}{io=1/1,kio=1,kro=1}->HttpConnection@4c6840a2[p=HttpParser{s=START,0 of -1},g=HttpGenerator@1aab1830{s=START}]=>HttpChannelOverHttp@6ec815dd{s=HttpChannelState@2bca9660{s=IDLE rs=BLOCKING os=OPEN is=IDLE awp=false se=false i=true al=0},r=5,c=false/false,a=IDLE,uri=null,age=0}
13:18:56.339 [qtp853429147-116] DEBUG org.eclipse.jetty.io.AbstractEndPoint - close(null) NetworkTrafficSocketChannelEndPoint@64307ead{/127.0.0.1:65036<->/127.0.0.1:8080,OPEN,fill=FI,flush=-,to=5/30000}{io=1/1,kio=1,kro=1}->HttpConnection@4c6840a2[p=HttpParser{s=START,0 of -1},g=HttpGenerator@1aab1830{s=START}]=>HttpChannelOverHttp@6ec815dd{s=HttpChannelState@2bca9660{s=IDLE rs=BLOCKING os=OPEN is=IDLE awp=false se=false i=true al=0},r=5,c=false/false,a=IDLE,uri=null,age=0}
13:18:56.339 [qtp853429147-116] DEBUG org.eclipse.jetty.io.ChannelEndPoint - doClose NetworkTrafficSocketChannelEndPoint@64307ead{/127.0.0.1:65036<->/127.0.0.1:8080,CLOSED,fill=FI,flush=-,to=5/30000}{io=1/1,kio=1,kro=1}->HttpConnection@4c6840a2[p=HttpParser{s=START,0 of -1},g=HttpGenerator@1aab1830{s=START}]=>HttpChannelOverHttp@6ec815dd{s=HttpChannelState@2bca9660{s=IDLE rs=BLOCKING os=OPEN is=IDLE awp=false se=false i=true al=0},r=5,c=false/false,a=IDLE,uri=null,age=0}
13:18:56.340 [qtp853429147-116] DEBUG org.eclipse.jetty.io.FillInterest - onClose FillInterest@34e39045{AC.ReadCB@4c6840a2{HttpConnection@4c6840a2::NetworkTrafficSocketChannelEndPoint@64307ead{/127.0.0.1:65036<->/127.0.0.1:8080,CLOSED,fill=FI,flush=-,to=5/30000}{io=1/1,kio=-1,kro=-1}->HttpConnection@4c6840a2[p=HttpParser{s=START,0 of -1},g=HttpGenerator@1aab1830{s=START}]=>HttpChannelOverHttp@6ec815dd{s=HttpChannelState@2bca9660{s=IDLE rs=BLOCKING os=OPEN is=IDLE awp=false se=false i=true al=0},r=5,c=false/false,a=IDLE,uri=null,age=0}}}
13:18:56.340 [qtp853429147-116] DEBUG org.eclipse.jetty.http.HttpParser - close HttpParser{s=START,0 of -1}
13:18:56.340 [qtp853429147-116] DEBUG org.eclipse.jetty.http.HttpParser - START --> CLOSE
13:18:56.340 [qtp853429147-116] DEBUG org.eclipse.jetty.io.AbstractConnection - HttpConnection@4c6840a2::NetworkTrafficSocketChannelEndPoint@64307ead{/127.0.0.1:65036<->/127.0.0.1:8080,CLOSED,fill=-,flush=-,to=5/30000}{io=1/1,kio=-1,kro=-1}->HttpConnection@4c6840a2[p=HttpParser{s=CLOSE,0 of -1},g=HttpGenerator@1aab1830{s=START}]=>HttpChannelOverHttp@6ec815dd{s=HttpChannelState@2bca9660{s=IDLE rs=BLOCKING os=OPEN is=IDLE awp=false se=false i=true al=0},r=5,c=false/false,a=IDLE,uri=null,age=0} onFillInterestedFailed {}
13:18:56.340 [qtp853429147-116] DEBUG org.eclipse.jetty.io.ManagedSelector - Wakeup ManagedSelector@2e03eae5{STOPPING} id=1 keys=2 selected=0 updates=0
13:18:56.340 [qtp853429147-116] DEBUG org.eclipse.jetty.util.thread.QueuedThreadPool - queue org.eclipse.jetty.io.ManagedSelector$DestroyEndPoint@66c84085 startThread=1
13:18:56.340 [qtp853429147-116] DEBUG org.eclipse.jetty.util.thread.QueuedThreadPool - Starting Thread[qtp853429147-119,5,main]
13:18:56.340 [qtp853429147-116] DEBUG org.eclipse.jetty.io.ManagedSelector - updates 0
13:18:56.340 [reactor-http-nio-4] DEBUG reactor.netty.resources.PooledConnectionProvider - [id: 0xe2094bb2, L:/127.0.0.1:65038 ! R:localhost/127.0.0.1:8080] onStateChange(PooledConnection{channel=[id: 0xe2094bb2, L:/127.0.0.1:65038 ! R:localhost/127.0.0.1:8080]}, [disconnecting])
13:18:56.340 [qtp853429147-116] DEBUG org.eclipse.jetty.io.ManagedSelector - Selector sun.nio.ch.WindowsSelectorImpl@1d61dea3 waiting with 2 keys
13:18:56.340 [Test worker] DEBUG org.eclipse.jetty.io.ManagedSelector - Queued change org.eclipse.jetty.io.ManagedSelector$StopSelector@24733d8 on ManagedSelector@2e03eae5{STOPPING} id=1 keys=0 selected=0 updates=0
13:18:56.340 [Test worker] DEBUG org.eclipse.jetty.io.ManagedSelector - Wakeup on submit ManagedSelector@2e03eae5{STOPPING} id=1 keys=0 selected=0 updates=1
13:18:56.341 [qtp853429147-116] DEBUG org.eclipse.jetty.io.ManagedSelector - Selector sun.nio.ch.WindowsSelectorImpl@1d61dea3 woken with none selected
13:18:56.341 [qtp853429147-116] DEBUG org.eclipse.jetty.io.ManagedSelector - Selector sun.nio.ch.WindowsSelectorImpl@1d61dea3 woken up from select, 0/0/0 selected
13:18:56.341 [qtp853429147-116] DEBUG org.eclipse.jetty.io.ManagedSelector - Selector sun.nio.ch.WindowsSelectorImpl@1d61dea3 processing 0 keys, 1 updates
13:18:56.341 [qtp853429147-116] DEBUG org.eclipse.jetty.io.ManagedSelector - updateable 1
13:18:56.341 [qtp853429147-116] DEBUG org.eclipse.jetty.io.ManagedSelector - update org.eclipse.jetty.io.ManagedSelector$StopSelector@24733d8
13:18:56.341 [qtp853429147-116] DEBUG org.eclipse.jetty.io.ManagedSelector - updates 0
13:18:56.341 [qtp853429147-116] DEBUG org.eclipse.jetty.util.thread.ReservedThreadExecutor - ReservedThreadExecutor@7a292eba{s=1/1,p=1}@1fb63bb3 waiting
13:18:56.341 [Test worker] DEBUG org.eclipse.jetty.util.component.AbstractLifeCycle - stopping EatWhatYouKill@61ce6731/SelectorProducer@20cb10e8/IDLE/p=true/QueuedThreadPool[qtp853429147]@32de4b9b{STARTED,8<=9<=14,i=0,r=1,q=0}[ReservedThreadExecutor@7a292eba{s=1/1,p=1}][pc=0,pic=0,pec=1,epc=5]@2020-09-25T13:18:56.3410809+02:00
13:18:56.341 [Test worker] DEBUG org.eclipse.jetty.util.component.AbstractLifeCycle - STOPPED EatWhatYouKill@61ce6731/SelectorProducer@20cb10e8/IDLE/p=true/QueuedThreadPool[qtp853429147]@32de4b9b{STARTED,8<=9<=14,i=0,r=1,q=0}[ReservedThreadExecutor@7a292eba{s=1/1,p=1}][pc=0,pic=0,pec=1,epc=5]@2020-09-25T13:18:56.3410809+02:00
13:18:56.341 [Test worker] DEBUG org.eclipse.jetty.util.component.AbstractLifeCycle - STOPPED ManagedSelector@2e03eae5{STOPPED} id=1 keys=-1 selected=-1 updates=0
13:18:56.341 [Test worker] DEBUG org.eclipse.jetty.util.component.AbstractLifeCycle - stopping ManagedSelector@5455ce7b{STARTED} id=0 keys=1 selected=0 updates=0
13:18:56.341 [Test worker] DEBUG org.eclipse.jetty.io.ManagedSelector - Queued change org.eclipse.jetty.io.ManagedSelector$CloseConnections@6f2ec19a on ManagedSelector@5455ce7b{STOPPING} id=0 keys=1 selected=0 updates=0
13:18:56.341 [Test worker] DEBUG org.eclipse.jetty.io.ManagedSelector - Wakeup on submit ManagedSelector@5455ce7b{STOPPING} id=0 keys=1 selected=0 updates=1
13:18:56.341 [qtp853429147-117] DEBUG org.eclipse.jetty.io.ManagedSelector - Selector sun.nio.ch.WindowsSelectorImpl@69ec93f7 woken with none selected
13:18:56.341 [qtp853429147-117] DEBUG org.eclipse.jetty.io.ManagedSelector - Selector sun.nio.ch.WindowsSelectorImpl@69ec93f7 woken up from select, 0/0/1 selected
13:18:56.341 [qtp853429147-117] DEBUG org.eclipse.jetty.io.ManagedSelector - Selector sun.nio.ch.WindowsSelectorImpl@69ec93f7 processing 0 keys, 1 updates
13:18:56.341 [qtp853429147-117] DEBUG org.eclipse.jetty.io.ManagedSelector - updateable 1
13:18:56.341 [qtp853429147-117] DEBUG org.eclipse.jetty.io.ManagedSelector - update org.eclipse.jetty.io.ManagedSelector$CloseConnections@6f2ec19a
13:18:56.342 [qtp853429147-117] DEBUG org.eclipse.jetty.io.ManagedSelector - Closing 1 connections on ManagedSelector@5455ce7b{STOPPING} id=0 keys=1 selected=0 updates=0
13:18:56.342 [qtp853429147-117] DEBUG org.eclipse.jetty.io.AbstractEndPoint - close NetworkTrafficSocketChannelEndPoint@43a4a973{/127.0.0.1:65037<->/127.0.0.1:8080,OPEN,fill=FI,flush=-,to=82/30000}{io=1/1,kio=1,kro=1}->HttpConnection@6e8d2e3a[p=HttpParser{s=START,0 of -1},g=HttpGenerator@804fda9{s=START}]=>HttpChannelOverHttp@6f222c79{s=HttpChannelState@8ea1132{s=IDLE rs=BLOCKING os=OPEN is=IDLE awp=false se=false i=true al=0},r=2,c=false/false,a=IDLE,uri=null,age=0}
13:18:56.342 [qtp853429147-117] DEBUG org.eclipse.jetty.io.AbstractEndPoint - close(null) NetworkTrafficSocketChannelEndPoint@43a4a973{/127.0.0.1:65037<->/127.0.0.1:8080,OPEN,fill=FI,flush=-,to=82/30000}{io=1/1,kio=1,kro=1}->HttpConnection@6e8d2e3a[p=HttpParser{s=START,0 of -1},g=HttpGenerator@804fda9{s=START}]=>HttpChannelOverHttp@6f222c79{s=HttpChannelState@8ea1132{s=IDLE rs=BLOCKING os=OPEN is=IDLE awp=false se=false i=true al=0},r=2,c=false/false,a=IDLE,uri=null,age=0}
13:18:56.342 [qtp853429147-117] DEBUG org.eclipse.jetty.io.ChannelEndPoint - doClose NetworkTrafficSocketChannelEndPoint@43a4a973{/127.0.0.1:65037<->/127.0.0.1:8080,CLOSED,fill=FI,flush=-,to=82/30000}{io=1/1,kio=1,kro=1}->HttpConnection@6e8d2e3a[p=HttpParser{s=START,0 of -1},g=HttpGenerator@804fda9{s=START}]=>HttpChannelOverHttp@6f222c79{s=HttpChannelState@8ea1132{s=IDLE rs=BLOCKING os=OPEN is=IDLE awp=false se=false i=true al=0},r=2,c=false/false,a=IDLE,uri=null,age=0}
13:18:56.342 [qtp853429147-117] DEBUG org.eclipse.jetty.io.FillInterest - onClose FillInterest@763b5934{AC.ReadCB@6e8d2e3a{HttpConnection@6e8d2e3a::NetworkTrafficSocketChannelEndPoint@43a4a973{/127.0.0.1:65037<->/127.0.0.1:8080,CLOSED,fill=FI,flush=-,to=83/30000}{io=1/1,kio=-1,kro=-1}->HttpConnection@6e8d2e3a[p=HttpParser{s=START,0 of -1},g=HttpGenerator@804fda9{s=START}]=>HttpChannelOverHttp@6f222c79{s=HttpChannelState@8ea1132{s=IDLE rs=BLOCKING os=OPEN is=IDLE awp=false se=false i=true al=0},r=2,c=false/false,a=IDLE,uri=null,age=0}}}
13:18:56.342 [qtp853429147-117] DEBUG org.eclipse.jetty.http.HttpParser - close HttpParser{s=START,0 of -1}
13:18:56.342 [qtp853429147-117] DEBUG org.eclipse.jetty.http.HttpParser - START --> CLOSE
13:18:56.342 [qtp853429147-117] DEBUG org.eclipse.jetty.io.AbstractConnection - HttpConnection@6e8d2e3a::NetworkTrafficSocketChannelEndPoint@43a4a973{/127.0.0.1:65037<->/127.0.0.1:8080,CLOSED,fill=-,flush=-,to=83/30000}{io=1/1,kio=-1,kro=-1}->HttpConnection@6e8d2e3a[p=HttpParser{s=CLOSE,0 of -1},g=HttpGenerator@804fda9{s=START}]=>HttpChannelOverHttp@6f222c79{s=HttpChannelState@8ea1132{s=IDLE rs=BLOCKING os=OPEN is=IDLE awp=false se=false i=true al=0},r=2,c=false/false,a=IDLE,uri=null,age=0} onFillInterestedFailed {}
13:18:56.342 [qtp853429147-117] DEBUG org.eclipse.jetty.io.ManagedSelector - Wakeup ManagedSelector@5455ce7b{STOPPING} id=0 keys=1 selected=0 updates=0
13:18:56.342 [qtp853429147-117] DEBUG org.eclipse.jetty.util.thread.QueuedThreadPool - queue org.eclipse.jetty.io.ManagedSelector$DestroyEndPoint@3f354713 startThread=1
13:18:56.342 [qtp853429147-117] DEBUG org.eclipse.jetty.util.thread.QueuedThreadPool - Starting Thread[qtp853429147-120,5,main]
13:18:56.343 [qtp853429147-117] DEBUG org.eclipse.jetty.io.ManagedSelector - updates 0
13:18:56.343 [qtp853429147-117] DEBUG org.eclipse.jetty.io.ManagedSelector - Selector sun.nio.ch.WindowsSelectorImpl@69ec93f7 waiting with 1 keys
13:18:56.344 [reactor-http-nio-4] DEBUG reactor.netty.resources.PooledConnectionProvider - [id: 0xec8c3365, L:/127.0.0.1:65037 ! R:localhost/127.0.0.1:8080] onStateChange(PooledConnection{channel=[id: 0xec8c3365, L:/127.0.0.1:65037 ! R:localhost/127.0.0.1:8080]}, [disconnecting])
13:18:56.344 [Test worker] DEBUG org.eclipse.jetty.io.ManagedSelector - Queued change org.eclipse.jetty.io.ManagedSelector$StopSelector@1316f121 on ManagedSelector@5455ce7b{STOPPING} id=0 keys=0 selected=0 updates=0
13:18:56.344 [Test worker] DEBUG org.eclipse.jetty.io.ManagedSelector - Wakeup on submit ManagedSelector@5455ce7b{STOPPING} id=0 keys=0 selected=0 updates=1
13:18:56.344 [qtp853429147-117] DEBUG org.eclipse.jetty.io.ManagedSelector - Selector sun.nio.ch.WindowsSelectorImpl@69ec93f7 woken with none selected
13:18:56.344 [qtp853429147-117] DEBUG org.eclipse.jetty.io.ManagedSelector - Selector sun.nio.ch.WindowsSelectorImpl@69ec93f7 woken up from select, 0/0/0 selected
13:18:56.344 [qtp853429147-117] DEBUG org.eclipse.jetty.io.ManagedSelector - Selector sun.nio.ch.WindowsSelectorImpl@69ec93f7 processing 0 keys, 1 updates
13:18:56.344 [qtp853429147-117] DEBUG org.eclipse.jetty.io.ManagedSelector - updateable 1
13:18:56.344 [qtp853429147-117] DEBUG org.eclipse.jetty.io.ManagedSelector - update org.eclipse.jetty.io.ManagedSelector$StopSelector@1316f121
13:18:56.345 [qtp853429147-117] DEBUG org.eclipse.jetty.io.ManagedSelector - updates 0
13:18:56.345 [qtp853429147-117] DEBUG org.eclipse.jetty.util.thread.ReservedThreadExecutor - ReservedThreadExecutor@7a292eba{s=1/1,p=1}@72ea7b9 size 1 > capacity
13:18:56.345 [qtp853429147-117] DEBUG org.eclipse.jetty.util.thread.QueuedThreadPool - ran ReservedThreadExecutor@7a292eba{s=1/1,p=1}@72ea7b9 in QueuedThreadPool[qtp853429147]@32de4b9b{STARTED,8<=10<=14,i=0,r=1,q=0}[ReservedThreadExecutor@7a292eba{s=1/1,p=1}]
13:18:56.345 [qtp853429147-117] DEBUG org.eclipse.jetty.util.thread.QueuedThreadPool - run ReservedThreadExecutor@7a292eba{s=1/1,p=1}@3f07bae4 in QueuedThreadPool[qtp853429147]@32de4b9b{STARTED,8<=10<=14,i=1,r=1,q=0}[ReservedThreadExecutor@7a292eba{s=1/1,p=1}]
13:18:56.345 [qtp853429147-117] DEBUG org.eclipse.jetty.util.thread.ReservedThreadExecutor - ReservedThreadExecutor@7a292eba{s=1/1,p=1}@3f07bae4 size 1 > capacity
13:18:56.345 [qtp853429147-117] DEBUG org.eclipse.jetty.util.thread.QueuedThreadPool - ran ReservedThreadExecutor@7a292eba{s=1/1,p=0}@3f07bae4 in QueuedThreadPool[qtp853429147]@32de4b9b{STARTED,8<=10<=14,i=1,r=1,q=0}[ReservedThreadExecutor@7a292eba{s=1/1,p=0}]
13:18:56.345 [qtp853429147-117] DEBUG org.eclipse.jetty.util.thread.QueuedThreadPool - run org.eclipse.jetty.io.ManagedSelector$DestroyEndPoint@1e54546b in QueuedThreadPool[qtp853429147]@32de4b9b{STARTED,8<=10<=14,i=2,r=1,q=0}[ReservedThreadExecutor@7a292eba{s=1/1,p=0}]
13:18:56.345 [qtp853429147-117] DEBUG org.eclipse.jetty.io.ManagedSelector - Destroyed NetworkTrafficSocketChannelEndPoint@29fbb244{/127.0.0.1:65038<->/127.0.0.1:8080,CLOSED,fill=-,flush=-,to=1390/30000}{io=1/1,kio=-1,kro=-1}->HttpConnection@1e2ead4[p=HttpParser{s=CLOSE,0 of -1},g=HttpGenerator@757f013e{s=START}]=>HttpChannelOverHttp@63deb67{s=HttpChannelState@2a63e06d{s=IDLE rs=BLOCKING os=OPEN is=IDLE awp=false se=false i=true al=0},r=1,c=false/false,a=IDLE,uri=null,age=0}
13:18:56.345 [qtp853429147-117] DEBUG org.eclipse.jetty.io.AbstractConnection - onClose HttpConnection@1e2ead4::NetworkTrafficSocketChannelEndPoint@29fbb244{/127.0.0.1:65038<->/127.0.0.1:8080,CLOSED,fill=-,flush=-,to=1390/30000}{io=1/1,kio=-1,kro=-1}->HttpConnection@1e2ead4[p=HttpParser{s=CLOSE,0 of -1},g=HttpGenerator@757f013e{s=START}]=>HttpChannelOverHttp@63deb67{s=HttpChannelState@2a63e06d{s=IDLE rs=BLOCKING os=OPEN is=IDLE awp=false se=false i=true al=0},r=1,c=false/false,a=IDLE,uri=null,age=0}
13:18:56.345 [qtp853429147-117] DEBUG org.eclipse.jetty.util.thread.QueuedThreadPool - ran org.eclipse.jetty.io.ManagedSelector$DestroyEndPoint@1e54546b in QueuedThreadPool[qtp853429147]@32de4b9b{STARTED,8<=10<=14,i=2,r=1,q=0}[ReservedThreadExecutor@7a292eba{s=1/1,p=0}]
13:18:56.345 [qtp853429147-117] DEBUG org.eclipse.jetty.util.thread.QueuedThreadPool - run org.eclipse.jetty.io.ManagedSelector$DestroyEndPoint@66c84085 in QueuedThreadPool[qtp853429147]@32de4b9b{STARTED,8<=10<=14,i=3,r=1,q=0}[ReservedThreadExecutor@7a292eba{s=1/1,p=0}]
13:18:56.345 [qtp853429147-117] DEBUG org.eclipse.jetty.io.ManagedSelector - Destroyed NetworkTrafficSocketChannelEndPoint@64307ead{/127.0.0.1:65036<->/127.0.0.1:8080,CLOSED,fill=-,flush=-,to=11/30000}{io=1/1,kio=-1,kro=-1}->HttpConnection@4c6840a2[p=HttpParser{s=CLOSE,0 of -1},g=HttpGenerator@1aab1830{s=START}]=>HttpChannelOverHttp@6ec815dd{s=HttpChannelState@2bca9660{s=IDLE rs=BLOCKING os=OPEN is=IDLE awp=false se=false i=true al=0},r=5,c=false/false,a=IDLE,uri=null,age=0}
13:18:56.345 [qtp853429147-117] DEBUG org.eclipse.jetty.io.AbstractConnection - onClose HttpConnection@4c6840a2::NetworkTrafficSocketChannelEndPoint@64307ead{/127.0.0.1:65036<->/127.0.0.1:8080,CLOSED,fill=-,flush=-,to=11/30000}{io=1/1,kio=-1,kro=-1}->HttpConnection@4c6840a2[p=HttpParser{s=CLOSE,0 of -1},g=HttpGenerator@1aab1830{s=START}]=>HttpChannelOverHttp@6ec815dd{s=HttpChannelState@2bca9660{s=IDLE rs=BLOCKING os=OPEN is=IDLE awp=false se=false i=true al=0},r=5,c=false/false,a=IDLE,uri=null,age=0}
13:18:56.345 [qtp853429147-117] DEBUG org.eclipse.jetty.util.thread.QueuedThreadPool - ran org.eclipse.jetty.io.ManagedSelector$DestroyEndPoint@66c84085 in QueuedThreadPool[qtp853429147]@32de4b9b{STARTED,8<=10<=14,i=3,r=1,q=0}[ReservedThreadExecutor@7a292eba{s=1/1,p=0}]
13:18:56.345 [qtp853429147-117] DEBUG org.eclipse.jetty.util.thread.QueuedThreadPool - run org.eclipse.jetty.io.ManagedSelector$DestroyEndPoint@3f354713 in QueuedThreadPool[qtp853429147]@32de4b9b{STARTED,8<=10<=14,i=4,r=1,q=0}[ReservedThreadExecutor@7a292eba{s=1/1,p=0}]
13:18:56.346 [qtp853429147-117] DEBUG org.eclipse.jetty.io.ManagedSelector - Destroyed NetworkTrafficSocketChannelEndPoint@43a4a973{/127.0.0.1:65037<->/127.0.0.1:8080,CLOSED,fill=-,flush=-,to=86/30000}{io=1/1,kio=-1,kro=-1}->HttpConnection@6e8d2e3a[p=HttpParser{s=CLOSE,0 of -1},g=HttpGenerator@804fda9{s=START}]=>HttpChannelOverHttp@6f222c79{s=HttpChannelState@8ea1132{s=IDLE rs=BLOCKING os=OPEN is=IDLE awp=false se=false i=true al=0},r=2,c=false/false,a=IDLE,uri=null,age=0}
13:18:56.346 [qtp853429147-117] DEBUG org.eclipse.jetty.io.AbstractConnection - onClose HttpConnection@6e8d2e3a::NetworkTrafficSocketChannelEndPoint@43a4a973{/127.0.0.1:65037<->/127.0.0.1:8080,CLOSED,fill=-,flush=-,to=86/30000}{io=1/1,kio=-1,kro=-1}->HttpConnection@6e8d2e3a[p=HttpParser{s=CLOSE,0 of -1},g=HttpGenerator@804fda9{s=START}]=>HttpChannelOverHttp@6f222c79{s=HttpChannelState@8ea1132{s=IDLE rs=BLOCKING os=OPEN is=IDLE awp=false se=false i=true al=0},r=2,c=false/false,a=IDLE,uri=null,age=0}
13:18:56.346 [qtp853429147-117] DEBUG org.eclipse.jetty.util.thread.QueuedThreadPool - ran org.eclipse.jetty.io.ManagedSelector$DestroyEndPoint@3f354713 in QueuedThreadPool[qtp853429147]@32de4b9b{STARTED,8<=10<=14,i=4,r=1,q=0}[ReservedThreadExecutor@7a292eba{s=1/1,p=0}]
13:18:56.346 [Test worker] DEBUG org.eclipse.jetty.util.component.AbstractLifeCycle - stopping EatWhatYouKill@377ed74f/SelectorProducer@1083d8ac/IDLE/p=false/QueuedThreadPool[qtp853429147]@32de4b9b{STARTED,8<=10<=14,i=5,r=1,q=0}[ReservedThreadExecutor@7a292eba{s=1/1,p=0}][pc=0,pic=0,pec=0,epc=2]@2020-09-25T13:18:56.3460838+02:00
13:18:56.346 [Test worker] DEBUG org.eclipse.jetty.util.component.AbstractLifeCycle - STOPPED EatWhatYouKill@377ed74f/SelectorProducer@1083d8ac/IDLE/p=false/QueuedThreadPool[qtp853429147]@32de4b9b{STARTED,8<=10<=14,i=5,r=1,q=0}[ReservedThreadExecutor@7a292eba{s=1/1,p=0}][pc=0,pic=0,pec=0,epc=2]@2020-09-25T13:18:56.3460838+02:00
13:18:56.346 [Test worker] DEBUG org.eclipse.jetty.util.component.AbstractLifeCycle - STOPPED ManagedSelector@5455ce7b{STOPPED} id=0 keys=-1 selected=-1 updates=0
13:18:56.346 [Test worker] DEBUG org.eclipse.jetty.util.component.AbstractLifeCycle - STOPPED SelectorManager@NetworkTrafficServerConnector@75579836{HTTP/1.1, (http/1.1)}{0.0.0.0:8080}
13:18:56.346 [Test worker] DEBUG org.eclipse.jetty.util.component.AbstractLifeCycle - stopping HttpConnectionFactory@52548ac1[HTTP/1.1]
13:18:56.346 [Test worker] DEBUG org.eclipse.jetty.util.component.AbstractLifeCycle - STOPPED HttpConnectionFactory@52548ac1[HTTP/1.1]
13:18:56.346 [Test worker] DEBUG org.eclipse.jetty.util.component.AbstractLifeCycle - stopping ScheduledExecutorScheduler@315e4d37{STARTED}
13:18:56.346 [Test worker] DEBUG org.eclipse.jetty.util.component.AbstractLifeCycle - STOPPED ScheduledExecutorScheduler@315e4d37{STOPPED}
13:18:56.346 [Test worker] INFO org.eclipse.jetty.server.AbstractConnector - Stopped NetworkTrafficServerConnector@75579836{HTTP/1.1, (http/1.1)}{0.0.0.0:8080}
13:18:56.346 [Test worker] DEBUG org.eclipse.jetty.util.component.AbstractLifeCycle - STOPPED NetworkTrafficServerConnector@75579836{HTTP/1.1, (http/1.1)}{0.0.0.0:8080}
13:18:56.346 [Test worker] DEBUG org.eclipse.jetty.server.handler.AbstractHandler - stopping Server@338febd{STOPPING}[9.4.28.v20200408]
13:18:56.346 [Test worker] DEBUG org.eclipse.jetty.util.component.AbstractLifeCycle - stopping ErrorHandler@59b9fd65{STARTED}
13:18:56.346 [Test worker] DEBUG org.eclipse.jetty.server.handler.AbstractHandler - stopping ErrorHandler@59b9fd65{STOPPING}
13:18:56.346 [Test worker] DEBUG org.eclipse.jetty.util.component.AbstractLifeCycle - STOPPED ErrorHandler@59b9fd65{STOPPED}
13:18:56.346 [Test worker] DEBUG org.eclipse.jetty.util.component.AbstractLifeCycle - stopping HandlerCollection@582f7383{STARTED}
13:18:56.346 [Test worker] DEBUG org.eclipse.jetty.server.handler.AbstractHandler - stopping HandlerCollection@582f7383{STOPPING}
13:18:56.346 [Test worker] DEBUG org.eclipse.jetty.util.component.AbstractLifeCycle - stopping GzipHandler@21af4110{STARTED,min=32,inflate=-1}
13:18:56.346 [Test worker] DEBUG org.eclipse.jetty.server.handler.AbstractHandler - stopping GzipHandler@21af4110{STOPPING,min=32,inflate=-1}
13:18:56.346 [Test worker] DEBUG org.eclipse.jetty.util.component.AbstractLifeCycle - stopping o.e.j.s.ServletContextHandler@6e64e885{/,null,SHUTDOWN}
13:18:56.346 [Test worker] DEBUG org.eclipse.jetty.server.handler.AbstractHandler - stopping o.e.j.s.ServletContextHandler@6e64e885{/,null,UNAVAILABLE}
13:18:56.346 [Test worker] DEBUG org.eclipse.jetty.util.component.AbstractLifeCycle - stopping NotFoundHandler@59402e4b{STARTED}
13:18:56.346 [Test worker] DEBUG org.eclipse.jetty.server.handler.AbstractHandler - stopping NotFoundHandler@59402e4b{STOPPING}
13:18:56.346 [Test worker] DEBUG org.eclipse.jetty.util.component.AbstractLifeCycle - STOPPED NotFoundHandler@59402e4b{STOPPED}
13:18:56.346 [Test worker] DEBUG org.eclipse.jetty.util.component.AbstractLifeCycle - stopping ServletHandler@1e482510{STARTED}
13:18:56.346 [Test worker] DEBUG org.eclipse.jetty.server.handler.AbstractHandler - stopping ServletHandler@1e482510{STOPPING}
13:18:56.347 [Test worker] DEBUG org.eclipse.jetty.util.component.AbstractLifeCycle - stopping org.eclipse.jetty.servlets.CrossOriginFilter-c527a6@c527a6==org.eclipse.jetty.servlets.CrossOriginFilter,inst=true,async=true
13:18:56.347 [Test worker] DEBUG org.eclipse.jetty.util.component.AbstractLifeCycle - STOPPED org.eclipse.jetty.servlets.CrossOriginFilter-c527a6@c527a6==org.eclipse.jetty.servlets.CrossOriginFilter,inst=false,async=true
13:18:56.347 [Test worker] DEBUG org.eclipse.jetty.util.component.AbstractLifeCycle - stopping com.github.tomakehurst.wiremock.servlet.TrailingSlashFilter-bab57a3@bab57a3==com.github.tomakehurst.wiremock.servlet.TrailingSlashFilter,inst=true,async=true
13:18:56.347 [Test worker] DEBUG org.eclipse.jetty.util.component.AbstractLifeCycle - STOPPED com.github.tomakehurst.wiremock.servlet.TrailingSlashFilter-bab57a3@bab57a3==com.github.tomakehurst.wiremock.servlet.TrailingSlashFilter,inst=false,async=true
13:18:56.347 [Test worker] DEBUG org.eclipse.jetty.util.component.AbstractLifeCycle - stopping com.github.tomakehurst.wiremock.servlet.ContentTypeSettingFilter-6fff0d6@6fff0d6==com.github.tomakehurst.wiremock.servlet.ContentTypeSettingFilter,inst=true,async=true
13:18:56.347 [Test worker] DEBUG org.eclipse.jetty.util.component.AbstractLifeCycle - STOPPED com.github.tomakehurst.wiremock.servlet.ContentTypeSettingFilter-6fff0d6@6fff0d6==com.github.tomakehurst.wiremock.servlet.ContentTypeSettingFilter,inst=false,async=true
13:18:56.347 [Test worker] DEBUG org.eclipse.jetty.util.component.AbstractLifeCycle - stopping com.github.tomakehurst.wiremock.servlet.WireMockHandlerDispatchingServlet-1e42b4e4@7b02e0a1==com.github.tomakehurst.wiremock.servlet.WireMockHandlerDispatchingServlet,jsp=null,order=-1,inst=true,async=true
13:18:56.347 [Test worker] DEBUG org.eclipse.jetty.util.component.AbstractLifeCycle - STOPPED com.github.tomakehurst.wiremock.servlet.WireMockHandlerDispatchingServlet-1e42b4e4@7b02e0a1==com.github.tomakehurst.wiremock.servlet.WireMockHandlerDispatchingServlet,jsp=null,order=-1,inst=false,async=true
13:18:56.347 [Test worker] DEBUG org.eclipse.jetty.util.component.AbstractLifeCycle - stopping org.eclipse.jetty.servlet.DefaultServlet-57ab5e54@8ad50151==org.eclipse.jetty.servlet.DefaultServlet,jsp=null,order=-1,inst=false,async=true
13:18:56.347 [Test worker] DEBUG org.eclipse.jetty.util.component.AbstractLifeCycle - STOPPED org.eclipse.jetty.servlet.DefaultServlet-57ab5e54@8ad50151==org.eclipse.jetty.servlet.DefaultServlet,jsp=null,order=-1,inst=false,async=true
13:18:56.347 [Test worker] DEBUG org.eclipse.jetty.util.component.AbstractLifeCycle - STOPPED ServletHandler@1e482510{STOPPED}
13:18:56.347 [Test worker] INFO org.eclipse.jetty.server.handler.ContextHandler - Stopped o.e.j.s.ServletContextHandler@6e64e885{/,null,UNAVAILABLE}
13:18:56.398 [Test worker] DEBUG org.eclipse.jetty.util.component.AbstractLifeCycle - STOPPED o.e.j.s.ServletContextHandler@6e64e885{/,null,UNAVAILABLE}
13:18:56.398 [Test worker] DEBUG org.eclipse.jetty.util.component.AbstractLifeCycle - STOPPED GzipHandler@21af4110{STOPPED,min=32,inflate=-1}
13:18:56.398 [Test worker] DEBUG org.eclipse.jetty.util.component.AbstractLifeCycle - stopping o.e.j.s.ServletContextHandler@5e5ac5d9{/__admin,null,SHUTDOWN}
13:18:56.398 [qtp853429147-120] DEBUG org.eclipse.jetty.util.thread.QueuedThreadPool - Runner started for QueuedThreadPool[qtp853429147]@32de4b9b{STARTED,8<=10<=14,i=5,r=1,q=0}[ReservedThreadExecutor@7a292eba{s=1/1,p=0}]
13:18:56.398 [qtp853429147-119] DEBUG org.eclipse.jetty.util.thread.QueuedThreadPool - Runner started for QueuedThreadPool[qtp853429147]@32de4b9b{STARTED,8<=10<=14,i=5,r=1,q=0}[ReservedThreadExecutor@7a292eba{s=1/1,p=0}]
13:18:56.398 [Test worker] DEBUG org.eclipse.jetty.server.handler.AbstractHandler - stopping o.e.j.s.ServletContextHandler@5e5ac5d9{/__admin,null,UNAVAILABLE}
13:18:56.399 [Test worker] DEBUG org.eclipse.jetty.util.component.AbstractLifeCycle - stopping ServletHandler@5471a02e{STARTED}
13:18:56.399 [Test worker] DEBUG org.eclipse.jetty.server.handler.AbstractHandler - stopping ServletHandler@5471a02e{STOPPING}
13:18:56.399 [Test worker] DEBUG org.eclipse.jetty.util.component.AbstractLifeCycle - stopping org.eclipse.jetty.servlets.CrossOriginFilter-28fc3acf@28fc3acf==org.eclipse.jetty.servlets.CrossOriginFilter,inst=true,async=true
13:18:56.399 [Test worker] DEBUG org.eclipse.jetty.util.component.AbstractLifeCycle - STOPPED org.eclipse.jetty.servlets.CrossOriginFilter-28fc3acf@28fc3acf==org.eclipse.jetty.servlets.CrossOriginFilter,inst=false,async=true
13:18:56.399 [Test worker] DEBUG org.eclipse.jetty.util.component.AbstractLifeCycle - stopping com.github.tomakehurst.wiremock.servlet.WireMockHandlerDispatchingServlet-71d5940b@7d861f86==com.github.tomakehurst.wiremock.servlet.WireMockHandlerDispatchingServlet,jsp=null,order=-1,inst=true,async=true
13:18:56.399 [Test worker] DEBUG org.eclipse.jetty.util.component.AbstractLifeCycle - STOPPED com.github.tomakehurst.wiremock.servlet.WireMockHandlerDispatchingServlet-71d5940b@7d861f86==com.github.tomakehurst.wiremock.servlet.WireMockHandlerDispatchingServlet,jsp=null,order=-1,inst=false,async=true
13:18:56.399 [Test worker] DEBUG org.eclipse.jetty.util.component.AbstractLifeCycle - stopping org.eclipse.jetty.servlet.DefaultServlet-4dec18aa@764b43f4==org.eclipse.jetty.servlet.DefaultServlet,jsp=null,order=-1,inst=false,async=true
13:18:56.399 [Test worker] DEBUG org.eclipse.jetty.util.component.AbstractLifeCycle - STOPPED org.eclipse.jetty.servlet.DefaultServlet-4dec18aa@764b43f4==org.eclipse.jetty.servlet.DefaultServlet,jsp=null,order=-1,inst=false,async=true
13:18:56.399 [Test worker] DEBUG org.eclipse.jetty.util.component.AbstractLifeCycle - stopping org.eclipse.jetty.servlet.DefaultServlet-451069dc@647dfe01==org.eclipse.jetty.servlet.DefaultServlet,jsp=null,order=-1,inst=false,async=true
13:18:56.399 [Test worker] DEBUG org.eclipse.jetty.util.component.AbstractLifeCycle - STOPPED org.eclipse.jetty.servlet.DefaultServlet-451069dc@647dfe01==org.eclipse.jetty.servlet.DefaultServlet,jsp=null,order=-1,inst=false,async=true
13:18:56.399 [Test worker] DEBUG org.eclipse.jetty.util.component.AbstractLifeCycle - STOPPED ServletHandler@5471a02e{STOPPED}
13:18:56.399 [Test worker] INFO org.eclipse.jetty.server.handler.ContextHandler - Stopped o.e.j.s.ServletContextHandler@5e5ac5d9{/__admin,null,UNAVAILABLE}
13:18:56.399 [Test worker] DEBUG org.eclipse.jetty.util.component.AbstractLifeCycle - STOPPED o.e.j.s.ServletContextHandler@5e5ac5d9{/__admin,null,UNAVAILABLE}
13:18:56.399 [Test worker] DEBUG org.eclipse.jetty.util.component.AbstractLifeCycle - STOPPED HandlerCollection@582f7383{STOPPED}
13:18:56.399 [Test worker] DEBUG org.eclipse.jetty.util.component.AbstractLifeCycle - stopping QueuedThreadPool[qtp853429147]@32de4b9b{STARTED,8<=10<=14,i=5,r=1,q=0}[ReservedThreadExecutor@7a292eba{s=1/1,p=0}]
13:18:56.399 [Test worker] DEBUG org.eclipse.jetty.util.thread.QueuedThreadPool - Stopping QueuedThreadPool[qtp853429147]@32de4b9b{STOPPING,8<=10<=14,i=5,r=-1,q=0}[ReservedThreadExecutor@7a292eba{s=1/1,p=0}]
13:18:56.399 [Test worker] DEBUG org.eclipse.jetty.util.component.AbstractLifeCycle - stopping ReservedThreadExecutor@7a292eba{s=1/1,p=0}
13:18:56.399 [Test worker] DEBUG org.eclipse.jetty.util.thread.ReservedThreadExecutor - ReservedThreadExecutor@7a292eba{s=0/1,p=0}@1fb63bb3 offer STOP!
13:18:56.399 [Test worker] DEBUG org.eclipse.jetty.util.component.AbstractLifeCycle - STOPPED ReservedThreadExecutor@7a292eba{s=-1/1,p=0}
13:18:56.399 [qtp853429147-116] DEBUG org.eclipse.jetty.util.thread.ReservedThreadExecutor - ReservedThreadExecutor@7a292eba{s=-1/1,p=0}@1fb63bb3 task=STOP!
13:18:56.399 [Test worker] DEBUG org.eclipse.jetty.util.component.AbstractLifeCycle - STOPPED QueuedThreadPool[qtp853429147]@32de4b9b{STOPPED,8<=0<=14,i=5,r=-1,q=0}[NO_TRY]
13:18:56.399 [qtp853429147-116] DEBUG org.eclipse.jetty.util.thread.ReservedThreadExecutor - ReservedThreadExecutor@7a292eba{s=-1/1,p=0}@1fb63bb3 Exited
13:18:56.399 [Test worker] DEBUG org.eclipse.jetty.util.component.AbstractLifeCycle - STOPPED Server@338febd{STOPPED}[9.4.28.v20200408]
13:18:56.399 [qtp853429147-116] DEBUG org.eclipse.jetty.util.thread.QueuedThreadPool - ran ReservedThreadExecutor@7a292eba{s=-1/1,p=0}@1fb63bb3 in QueuedThreadPool[qtp853429147]@32de4b9b{STOPPED,8<=0<=14,i=5,r=-1,q=0}[NO_TRY]
13:18:56.399 [qtp853429147-116] DEBUG org.eclipse.jetty.util.thread.QueuedThreadPool - Thread[qtp853429147-116,5,main] exited for QueuedThreadPool[qtp853429147]@32de4b9b{STOPPED,8<=0<=14,i=5,r=-1,q=0}[NO_TRY]
13:18:56.403 [Test worker] DEBUG org.eclipse.jetty.util.component.ContainerLifeCycle - Server@2823e022{STOPPED}[9.4.28.v20200408] added {QueuedThreadPool[qtp1834758074]@6d5c2fba{STOPPED,8<=0<=14,i=0,r=-1,q=0}[NO_TRY],AUTO}
13:18:56.403 [Test worker] DEBUG org.eclipse.jetty.util.component.ContainerLifeCycle - HttpConnectionFactory@2aa43901[HTTP/1.1] added {HttpConfiguration@3c322614{32768/8192,8192/8192,https://:0,[]},POJO}
13:18:56.404 [Test worker] DEBUG org.eclipse.jetty.util.component.ContainerLifeCycle - NetworkTrafficServerConnector@301fffd7{null, ()}{0.0.0.0:0} added {Server@2823e022{STOPPED}[9.4.28.v20200408],UNMANAGED}
13:18:56.404 [Test worker] DEBUG org.eclipse.jetty.util.component.ContainerLifeCycle - NetworkTrafficServerConnector@301fffd7{null, ()}{0.0.0.0:0} added {QueuedThreadPool[qtp1834758074]@6d5c2fba{STOPPED,8<=0<=14,i=0,r=-1,q=0}[NO_TRY],AUTO}
13:18:56.404 [Test worker] DEBUG org.eclipse.jetty.util.component.ContainerLifeCycle - NetworkTrafficServerConnector@301fffd7{null, ()}{0.0.0.0:0} added {ScheduledExecutorScheduler@70a2b06{STOPPED},AUTO}
13:18:56.404 [Test worker] DEBUG org.eclipse.jetty.util.component.ContainerLifeCycle - NetworkTrafficServerConnector@301fffd7{null, ()}{0.0.0.0:0} added {org.eclipse.jetty.io.ArrayByteBufferPool@c6d76d7,POJO}
13:18:56.404 [Test worker] DEBUG org.eclipse.jetty.util.component.ContainerLifeCycle - NetworkTrafficServerConnector@301fffd7{null, (http/1.1)}{0.0.0.0:0} added {HttpConnectionFactory@2aa43901[HTTP/1.1],AUTO}
13:18:56.404 [Test worker] DEBUG org.eclipse.jetty.server.AbstractConnector - NetworkTrafficServerConnector@301fffd7{HTTP/1.1, (http/1.1)}{0.0.0.0:0} added HttpConnectionFactory@2aa43901[HTTP/1.1]
13:18:56.404 [Test worker] DEBUG org.eclipse.jetty.util.component.ContainerLifeCycle - NetworkTrafficServerConnector@301fffd7{HTTP/1.1, (http/1.1)}{0.0.0.0:0} added {SelectorManager@NetworkTrafficServerConnector@301fffd7{HTTP/1.1, (http/1.1)}{0.0.0.0:0},MANAGED}
13:18:56.404 [Test worker] DEBUG org.eclipse.jetty.util.component.ContainerLifeCycle - Server@2823e022{STOPPED}[9.4.28.v20200408] added {NetworkTrafficServerConnector@301fffd7{HTTP/1.1, (http/1.1)}{0.0.0.0:8080},AUTO}
13:18:56.404 [Test worker] DEBUG org.eclipse.jetty.util.component.ContainerLifeCycle - Server@2823e022{STOPPED}[9.4.28.v20200408] added {o.e.j.s.ServletContextHandler@21c2f3c8{/__admin,null,UNAVAILABLE},MANAGED}
13:18:56.404 [Test worker] DEBUG org.eclipse.jetty.util.DecoratedObjectFactory - Adding Decorator: org.eclipse.jetty.util.DeprecationWarning@6eec4160
13:18:56.404 [Test worker] DEBUG org.eclipse.jetty.util.component.ContainerLifeCycle - o.e.j.s.ServletContextHandler@21c2f3c8{/__admin,null,UNAVAILABLE} added {ServletHandler@38e805a0{STOPPED},MANAGED}
13:18:56.405 [Test worker] DEBUG org.eclipse.jetty.util.component.ContainerLifeCycle - Server@2823e022{STOPPED}[9.4.28.v20200408] added {o.e.j.s.ServletContextHandler@62fe5902{/,null,UNAVAILABLE},MANAGED}
13:18:56.405 [Test worker] DEBUG org.eclipse.jetty.util.DecoratedObjectFactory - Adding Decorator: org.eclipse.jetty.util.DeprecationWarning@7cc72933
13:18:56.405 [Test worker] DEBUG org.eclipse.jetty.util.component.ContainerLifeCycle - o.e.j.s.ServletContextHandler@62fe5902{/,null,UNAVAILABLE} added {ServletHandler@339c62d8{STOPPED},MANAGED}
13:18:56.405 [Test worker] DEBUG org.eclipse.jetty.util.component.ContainerLifeCycle - o.e.j.s.ServletContextHandler@62fe5902{/,null,UNAVAILABLE} added {NotFoundHandler@3f618bae{STOPPED},MANAGED}
13:18:56.405 [Test worker] DEBUG org.eclipse.jetty.util.component.ContainerLifeCycle - HandlerCollection@7f21ff59{STOPPED} added {o.e.j.s.ServletContextHandler@21c2f3c8{/__admin,null,UNAVAILABLE},AUTO}
13:18:56.406 [Test worker] DEBUG org.eclipse.jetty.http.pathmap.PathMappings - Added MappedResource[pathSpec=ServletPathSpec["*.svgz",pathDepth=0,group=SUFFIX_GLOB],resource=true] to PathMappings[size=1]
13:18:56.407 [Test worker] DEBUG org.eclipse.jetty.server.handler.gzip.GzipHandler - GzipHandler@4d098ee1{STOPPED,min=32,inflate=-1} mime types IncludeExclude@2f645ffa{i=[],ip=CONTAINS,e=[image/ief, image/vnd.wap.wbmp, image/jpeg, application/bzip2, image/x-portable-graymap, application/brotli, image/bmp, image/gif, image/x-icon, audio/midi, video/x-msvideo, image/x-xbitmap, application/x-rar-compressed, image/x-portable-bitmap, image/x-rgb, image/x-cmu-raster, application/gzip, audio/x-wav, audio/x-pn-realaudio, audio/basic, application/compress, audio/x-aiff, video/x.ms.asx, video/x.ms.asf, image/png, video/vnd.rn-realvideo, image/x-xwindowdump, image/jpeg2000, video/x-sgi-movie, audio/mpeg, image/xcf, video/mpeg, image/x-portable-pixmap, image/tiff, image/x-portable-anymap, image/x-xpixmap, application/zip, video/quicktime, application/x-xz, video/mp4],ep=CONTAINS}
13:18:56.407 [Test worker] DEBUG org.eclipse.jetty.util.component.ContainerLifeCycle - GzipHandler@4d098ee1{STOPPED,min=32,inflate=-1} added {o.e.j.s.ServletContextHandler@62fe5902{/,null,UNAVAILABLE},MANAGED}
13:18:56.407 [Test worker] DEBUG org.eclipse.jetty.util.component.ContainerLifeCycle - HandlerCollection@7f21ff59{STOPPED} added {GzipHandler@4d098ee1{STOPPED,min=32,inflate=-1},AUTO}
13:18:56.407 [Test worker] DEBUG org.eclipse.jetty.util.component.ContainerLifeCycle - Server@2823e022{STOPPED}[9.4.28.v20200408] added {HandlerCollection@7f21ff59{STOPPED},MANAGED}
13:18:56.407 [Test worker] DEBUG org.eclipse.jetty.util.component.AbstractLifeCycle - starting Server@2823e022{STOPPED}[9.4.28.v20200408]
13:18:56.407 [Test worker] DEBUG org.eclipse.jetty.util.component.ContainerLifeCycle - Server@2823e022{STARTING}[9.4.28.v20200408] added {ErrorHandler@12fb91e6{STOPPED},AUTO}
13:18:56.407 [Test worker] INFO org.eclipse.jetty.server.Server - jetty-9.4.28.v20200408; built: 2020-04-08T17:49:39.557Z; git: ab228fde9e55e9164c738d7fa121f8ac5acd51c9; jvm 11.0.2+9
13:18:56.407 [Test worker] DEBUG org.eclipse.jetty.server.handler.AbstractHandler - starting Server@2823e022{STARTING}[9.4.28.v20200408]
13:18:56.407 [Test worker] DEBUG org.eclipse.jetty.util.component.AbstractLifeCycle - starting QueuedThreadPool[qtp1834758074]@6d5c2fba{STOPPED,8<=0<=14,i=0,r=-1,q=0}[NO_TRY]
13:18:56.407 [Test worker] DEBUG org.eclipse.jetty.util.thread.ReservedThreadExecutor - ReservedThreadExecutor@62506fd7{s=0/1,p=0}
13:18:56.407 [Test worker] DEBUG org.eclipse.jetty.util.component.ContainerLifeCycle - QueuedThreadPool[qtp1834758074]@6d5c2fba{STARTING,8<=0<=14,i=0,r=-1,q=0}[ReservedThreadExecutor@62506fd7{s=0/1,p=0}] added {ReservedThreadExecutor@62506fd7{s=0/1,p=0},AUTO}
13:18:56.407 [Test worker] DEBUG org.eclipse.jetty.util.component.AbstractLifeCycle - starting ReservedThreadExecutor@62506fd7{s=0/1,p=0}
13:18:56.407 [Test worker] DEBUG org.eclipse.jetty.util.component.AbstractLifeCycle - STARTED @87969ms ReservedThreadExecutor@62506fd7{s=0/1,p=0}
13:18:56.407 [Test worker] DEBUG org.eclipse.jetty.util.thread.QueuedThreadPool - Starting Thread[qtp1834758074-121,5,main]
13:18:56.408 [Test worker] DEBUG org.eclipse.jetty.util.thread.QueuedThreadPool - Starting Thread[qtp1834758074-122,5,main]
13:18:56.408 [Test worker] DEBUG org.eclipse.jetty.util.thread.QueuedThreadPool - Starting Thread[qtp1834758074-123,5,main]
13:18:56.408 [Test worker] DEBUG org.eclipse.jetty.util.thread.QueuedThreadPool - Starting Thread[qtp1834758074-124,5,main]
13:18:56.408 [Test worker] DEBUG org.eclipse.jetty.util.thread.QueuedThreadPool - Starting Thread[qtp1834758074-125,5,main]
13:18:56.409 [Test worker] DEBUG org.eclipse.jetty.util.thread.QueuedThreadPool - Starting Thread[qtp1834758074-126,5,main]
13:18:56.409 [Test worker] DEBUG org.eclipse.jetty.util.thread.QueuedThreadPool - Starting Thread[qtp1834758074-127,5,main]
13:18:56.409 [Test worker] DEBUG org.eclipse.jetty.util.thread.QueuedThreadPool - Starting Thread[qtp1834758074-128,5,main]
13:18:56.409 [Test worker] DEBUG org.eclipse.jetty.util.component.AbstractLifeCycle - STARTED @87971ms QueuedThreadPool[qtp1834758074]@6d5c2fba{STARTED,8<=8<=14,i=8,r=1,q=0}[ReservedThreadExecutor@62506fd7{s=0/1,p=0}]
13:18:56.409 [Test worker] DEBUG org.eclipse.jetty.util.component.AbstractLifeCycle - starting HandlerCollection@7f21ff59{STOPPED}
13:18:56.409 [Test worker] DEBUG org.eclipse.jetty.server.handler.AbstractHandler - starting HandlerCollection@7f21ff59{STARTING}
13:18:56.409 [Test worker] DEBUG org.eclipse.jetty.util.component.AbstractLifeCycle - starting o.e.j.s.ServletContextHandler@21c2f3c8{/__admin,null,UNAVAILABLE}
13:18:56.409 [Test worker] DEBUG org.eclipse.jetty.server.handler.AbstractHandler - starting o.e.j.s.ServletContextHandler@21c2f3c8{/__admin,null,STARTING}
13:18:56.410 [Test worker] DEBUG org.eclipse.jetty.util.component.AbstractLifeCycle - starting ServletHandler@38e805a0{STOPPED}
13:18:56.410 [Test worker] DEBUG org.eclipse.jetty.servlet.ServletHandler - Path=/recorder/*[EMBEDDED:null] mapped to servlet=org.eclipse.jetty.servlet.DefaultServlet-69bef335[EMBEDDED:null]
13:18:56.410 [Test worker] DEBUG org.eclipse.jetty.http.pathmap.PathMappings - Added MappedResource[pathSpec=ServletPathSpec["/recorder/*",pathDepth=2,group=PREFIX_GLOB],resource=org.eclipse.jetty.servlet.DefaultServlet-69bef335@5e774e14==org.eclipse.jetty.servlet.DefaultServlet,jsp=null,order=-1,inst=false,async=true] to PathMappings[size=1]
13:18:56.410 [Test worker] DEBUG org.eclipse.jetty.servlet.ServletHandler - Path=/swagger-ui/*[EMBEDDED:null] mapped to servlet=org.eclipse.jetty.servlet.DefaultServlet-5f5417a4[EMBEDDED:null]
13:18:56.410 [Test worker] DEBUG org.eclipse.jetty.http.pathmap.PathMappings - Added MappedResource[pathSpec=ServletPathSpec["/swagger-ui/*",pathDepth=2,group=PREFIX_GLOB],resource=org.eclipse.jetty.servlet.DefaultServlet-5f5417a4@f379f4e8==org.eclipse.jetty.servlet.DefaultServlet,jsp=null,order=-1,inst=false,async=true] to PathMappings[size=2]
13:18:56.410 [Test worker] DEBUG org.eclipse.jetty.servlet.ServletHandler - Path=/[EMBEDDED:null] mapped to servlet=com.github.tomakehurst.wiremock.servlet.WireMockHandlerDispatchingServlet-65554823[EMBEDDED:null]
13:18:56.410 [Test worker] DEBUG org.eclipse.jetty.http.pathmap.PathMappings - Added MappedResource[pathSpec=ServletPathSpec["/",pathDepth=-1,group=DEFAULT],resource=com.github.tomakehurst.wiremock.servlet.WireMockHandlerDispatchingServlet-65554823@9907e3b2==com.github.tomakehurst.wiremock.servlet.WireMockHandlerDispatchingServlet,jsp=null,order=-1,inst=false,async=true] to PathMappings[size=3]
13:18:56.410 [Test worker] DEBUG org.eclipse.jetty.servlet.ServletHandler - filterNameMap={org.eclipse.jetty.servlets.CrossOriginFilter-1de8942c=org.eclipse.jetty.servlets.CrossOriginFilter-1de8942c@1de8942c==org.eclipse.jetty.servlets.CrossOriginFilter,inst=false,async=true}
13:18:56.410 [Test worker] DEBUG org.eclipse.jetty.servlet.ServletHandler - pathFilters=[[/*]/[]/[REQUEST]=>org.eclipse.jetty.servlets.CrossOriginFilter-1de8942c]
13:18:56.410 [Test worker] DEBUG org.eclipse.jetty.servlet.ServletHandler - servletFilterMap={}
13:18:56.410 [Test worker] DEBUG org.eclipse.jetty.servlet.ServletHandler - servletPathMap=PathMappings[size=3]
13:18:56.410 [Test worker] DEBUG org.eclipse.jetty.servlet.ServletHandler - servletNameMap={org.eclipse.jetty.servlet.DefaultServlet-5f5417a4=org.eclipse.jetty.servlet.DefaultServlet-5f5417a4@f379f4e8==org.eclipse.jetty.servlet.DefaultServlet,jsp=null,order=-1,inst=false,async=true, org.eclipse.jetty.servlet.DefaultServlet-69bef335=org.eclipse.jetty.servlet.DefaultServlet-69bef335@5e774e14==org.eclipse.jetty.servlet.DefaultServlet,jsp=null,order=-1,inst=false,async=true, com.github.tomakehurst.wiremock.servlet.WireMockHandlerDispatchingServlet-65554823=com.github.tomakehurst.wiremock.servlet.WireMockHandlerDispatchingServlet-65554823@9907e3b2==com.github.tomakehurst.wiremock.servlet.WireMockHandlerDispatchingServlet,jsp=null,order=-1,inst=false,async=true}
13:18:56.410 [Test worker] DEBUG org.eclipse.jetty.server.handler.AbstractHandler - starting ServletHandler@38e805a0{STARTING}
13:18:56.410 [Test worker] DEBUG org.eclipse.jetty.util.component.AbstractLifeCycle - STARTED @87972ms ServletHandler@38e805a0{STARTED}
13:18:56.410 [Test worker] DEBUG org.eclipse.jetty.util.component.AbstractLifeCycle - starting org.eclipse.jetty.servlets.CrossOriginFilter-1de8942c@1de8942c==org.eclipse.jetty.servlets.CrossOriginFilter,inst=false,async=true
13:18:56.410 [Test worker] DEBUG org.eclipse.jetty.util.component.AbstractLifeCycle - STARTED @87972ms org.eclipse.jetty.servlets.CrossOriginFilter-1de8942c@1de8942c==org.eclipse.jetty.servlets.CrossOriginFilter,inst=false,async=true
13:18:56.410 [Test worker] DEBUG org.eclipse.jetty.servlet.FilterHolder - Filter.init org.eclipse.jetty.servlets.CrossOriginFilter@20d0238a
13:18:56.410 [Test worker] DEBUG org.eclipse.jetty.servlets.CrossOriginFilter - Cross-origin filter configuration: allowedOrigins = *, allowedTimingOrigins = null, allowedMethods = OPTIONS,GET,POST,PUT,PATCH,DELETE, allowedHeaders = *, preflightMaxAge = 1800, allowCredentials = true,exposedHeaders = ,chainPreflight = false
13:18:56.410 [Test worker] DEBUG org.eclipse.jetty.util.component.AbstractLifeCycle - starting com.github.tomakehurst.wiremock.servlet.WireMockHandlerDispatchingServlet-65554823@9907e3b2==com.github.tomakehurst.wiremock.servlet.WireMockHandlerDispatchingServlet,jsp=null,order=-1,inst=false,async=true
13:18:56.410 [Test worker] DEBUG org.eclipse.jetty.util.component.AbstractLifeCycle - STARTED @87972ms com.github.tomakehurst.wiremock.servlet.WireMockHandlerDispatchingServlet-65554823@9907e3b2==com.github.tomakehurst.wiremock.servlet.WireMockHandlerDispatchingServlet,jsp=null,order=-1,inst=false,async=true
13:18:56.410 [Test worker] DEBUG org.eclipse.jetty.util.component.AbstractLifeCycle - starting org.eclipse.jetty.servlet.DefaultServlet-5f5417a4@f379f4e8==org.eclipse.jetty.servlet.DefaultServlet,jsp=null,order=-1,inst=false,async=true
13:18:56.410 [Test worker] DEBUG org.eclipse.jetty.util.component.AbstractLifeCycle - STARTED @87972ms org.eclipse.jetty.servlet.DefaultServlet-5f5417a4@f379f4e8==org.eclipse.jetty.servlet.DefaultServlet,jsp=null,order=-1,inst=false,async=true
13:18:56.410 [Test worker] DEBUG org.eclipse.jetty.util.component.AbstractLifeCycle - starting org.eclipse.jetty.servlet.DefaultServlet-69bef335@5e774e14==org.eclipse.jetty.servlet.DefaultServlet,jsp=null,order=-1,inst=false,async=true
13:18:56.410 [Test worker] DEBUG org.eclipse.jetty.util.component.AbstractLifeCycle - STARTED @87972ms org.eclipse.jetty.servlet.DefaultServlet-69bef335@5e774e14==org.eclipse.jetty.servlet.DefaultServlet,jsp=null,order=-1,inst=false,async=true
13:18:56.410 [Test worker] INFO org.eclipse.jetty.server.handler.ContextHandler - Started o.e.j.s.ServletContextHandler@21c2f3c8{/__admin,null,AVAILABLE}
13:18:56.411 [Test worker] DEBUG org.eclipse.jetty.util.component.AbstractLifeCycle - STARTED @87973ms o.e.j.s.ServletContextHandler@21c2f3c8{/__admin,null,AVAILABLE}
13:18:56.411 [Test worker] DEBUG org.eclipse.jetty.util.component.AbstractLifeCycle - starting GzipHandler@4d098ee1{STOPPED,min=32,inflate=-1}
13:18:56.411 [Test worker] DEBUG org.eclipse.jetty.server.handler.AbstractHandler - starting GzipHandler@4d098ee1{STARTING,min=32,inflate=-1}
13:18:56.411 [Test worker] DEBUG org.eclipse.jetty.util.component.AbstractLifeCycle - starting o.e.j.s.ServletContextHandler@62fe5902{/,null,UNAVAILABLE}
13:18:56.411 [Test worker] DEBUG org.eclipse.jetty.server.handler.AbstractHandler - starting o.e.j.s.ServletContextHandler@62fe5902{/,null,STARTING}
13:18:56.411 [Test worker] DEBUG org.eclipse.jetty.util.component.AbstractLifeCycle - starting ServletHandler@339c62d8{STOPPED}
13:18:56.411 [Test worker] DEBUG org.eclipse.jetty.servlet.ServletHandler - Path=/__files/*[EMBEDDED:null] mapped to servlet=org.eclipse.jetty.servlet.DefaultServlet-6a0cd973[EMBEDDED:null]
13:18:56.411 [Test worker] DEBUG org.eclipse.jetty.http.pathmap.PathMappings - Added MappedResource[pathSpec=ServletPathSpec["/__files/*",pathDepth=2,group=PREFIX_GLOB],resource=org.eclipse.jetty.servlet.DefaultServlet-6a0cd973@4d01406e==org.eclipse.jetty.servlet.DefaultServlet,jsp=null,order=-1,inst=false,async=true] to PathMappings[size=1]
13:18:56.411 [Test worker] DEBUG org.eclipse.jetty.servlet.ServletHandler - Path=/[EMBEDDED:null] mapped to servlet=com.github.tomakehurst.wiremock.servlet.WireMockHandlerDispatchingServlet-7aaabb79[EMBEDDED:null]
13:18:56.411 [Test worker] DEBUG org.eclipse.jetty.http.pathmap.PathMappings - Added MappedResource[pathSpec=ServletPathSpec["/",pathDepth=-1,group=DEFAULT],resource=com.github.tomakehurst.wiremock.servlet.WireMockHandlerDispatchingServlet-7aaabb79@66120c9a==com.github.tomakehurst.wiremock.servlet.WireMockHandlerDispatchingServlet,jsp=null,order=-1,inst=false,async=true] to PathMappings[size=2]
13:18:56.411 [Test worker] DEBUG org.eclipse.jetty.servlet.ServletHandler - filterNameMap={com.github.tomakehurst.wiremock.servlet.TrailingSlashFilter-63703fed=com.github.tomakehurst.wiremock.servlet.TrailingSlashFilter-63703fed@63703fed==com.github.tomakehurst.wiremock.servlet.TrailingSlashFilter,inst=false,async=true, com.github.tomakehurst.wiremock.servlet.ContentTypeSettingFilter-6f3ba438=com.github.tomakehurst.wiremock.servlet.ContentTypeSettingFilter-6f3ba438@6f3ba438==com.github.tomakehurst.wiremock.servlet.ContentTypeSettingFilter,inst=false,async=true, org.eclipse.jetty.servlets.CrossOriginFilter-4c2e3189=org.eclipse.jetty.servlets.CrossOriginFilter-4c2e3189@4c2e3189==org.eclipse.jetty.servlets.CrossOriginFilter,inst=false,async=true}
13:18:56.411 [Test worker] DEBUG org.eclipse.jetty.servlet.ServletHandler - pathFilters=[[/__files/*]/[]/[FORWARD]=>com.github.tomakehurst.wiremock.servlet.ContentTypeSettingFilter-6f3ba438, [/__files/*]/[]/[FORWARD, ERROR, INCLUDE, REQUEST, ASYNC]=>com.github.tomakehurst.wiremock.servlet.TrailingSlashFilter-63703fed, [/*]/[]/[REQUEST]=>org.eclipse.jetty.servlets.CrossOriginFilter-4c2e3189]
13:18:56.411 [Test worker] DEBUG org.eclipse.jetty.servlet.ServletHandler - servletFilterMap={}
13:18:56.411 [Test worker] DEBUG org.eclipse.jetty.servlet.ServletHandler - servletPathMap=PathMappings[size=2]
13:18:56.411 [Test worker] DEBUG org.eclipse.jetty.servlet.ServletHandler - servletNameMap={com.github.tomakehurst.wiremock.servlet.WireMockHandlerDispatchingServlet-7aaabb79=com.github.tomakehurst.wiremock.servlet.WireMockHandlerDispatchingServlet-7aaabb79@66120c9a==com.github.tomakehurst.wiremock.servlet.WireMockHandlerDispatchingServlet,jsp=null,order=-1,inst=false,async=true, org.eclipse.jetty.servlet.DefaultServlet-6a0cd973=org.eclipse.jetty.servlet.DefaultServlet-6a0cd973@4d01406e==org.eclipse.jetty.servlet.DefaultServlet,jsp=null,order=-1,inst=false,async=true}
13:18:56.411 [Test worker] DEBUG org.eclipse.jetty.server.handler.AbstractHandler - starting ServletHandler@339c62d8{STARTING}
13:18:56.411 [Test worker] DEBUG org.eclipse.jetty.util.component.AbstractLifeCycle - STARTED @87973ms ServletHandler@339c62d8{STARTED}
13:18:56.411 [Test worker] DEBUG org.eclipse.jetty.util.component.AbstractLifeCycle - starting NotFoundHandler@3f618bae{STOPPED}
13:18:56.411 [Test worker] DEBUG org.eclipse.jetty.server.handler.AbstractHandler - starting NotFoundHandler@3f618bae{STARTING}
13:18:56.411 [Test worker] DEBUG org.eclipse.jetty.util.component.AbstractLifeCycle - STARTED @87973ms NotFoundHandler@3f618bae{STARTED}
13:18:56.411 [Test worker] DEBUG org.eclipse.jetty.util.component.AbstractLifeCycle - starting com.github.tomakehurst.wiremock.servlet.ContentTypeSettingFilter-6f3ba438@6f3ba438==com.github.tomakehurst.wiremock.servlet.ContentTypeSettingFilter,inst=false,async=true
13:18:56.411 [Test worker] DEBUG org.eclipse.jetty.util.component.AbstractLifeCycle - STARTED @87973ms com.github.tomakehurst.wiremock.servlet.ContentTypeSettingFilter-6f3ba438@6f3ba438==com.github.tomakehurst.wiremock.servlet.ContentTypeSettingFilter,inst=false,async=true
13:18:56.411 [Test worker] DEBUG org.eclipse.jetty.servlet.FilterHolder - Filter.init com.github.tomakehurst.wiremock.servlet.ContentTypeSettingFilter@67e85b8c
13:18:56.411 [Test worker] DEBUG org.eclipse.jetty.util.component.AbstractLifeCycle - starting com.github.tomakehurst.wiremock.servlet.TrailingSlashFilter-63703fed@63703fed==com.github.tomakehurst.wiremock.servlet.TrailingSlashFilter,inst=false,async=true
13:18:56.411 [Test worker] DEBUG org.eclipse.jetty.util.component.AbstractLifeCycle - STARTED @87973ms com.github.tomakehurst.wiremock.servlet.TrailingSlashFilter-63703fed@63703fed==com.github.tomakehurst.wiremock.servlet.TrailingSlashFilter,inst=false,async=true
13:18:56.411 [Test worker] DEBUG org.eclipse.jetty.servlet.FilterHolder - Filter.init com.github.tomakehurst.wiremock.servlet.TrailingSlashFilter@cf9da7c
13:18:56.411 [Test worker] DEBUG org.eclipse.jetty.util.component.AbstractLifeCycle - starting org.eclipse.jetty.servlets.CrossOriginFilter-4c2e3189@4c2e3189==org.eclipse.jetty.servlets.CrossOriginFilter,inst=false,async=true
13:18:56.411 [Test worker] DEBUG org.eclipse.jetty.util.component.AbstractLifeCycle - STARTED @87973ms org.eclipse.jetty.servlets.CrossOriginFilter-4c2e3189@4c2e3189==org.eclipse.jetty.servlets.CrossOriginFilter,inst=false,async=true
13:18:56.411 [Test worker] DEBUG org.eclipse.jetty.servlet.FilterHolder - Filter.init org.eclipse.jetty.servlets.CrossOriginFilter@1f41a60b
13:18:56.412 [Test worker] DEBUG org.eclipse.jetty.servlets.CrossOriginFilter - Cross-origin filter configuration: allowedOrigins = *, allowedTimingOrigins = null, allowedMethods = OPTIONS,GET,POST,PUT,PATCH,DELETE, allowedHeaders = *, preflightMaxAge = 1800, allowCredentials = true,exposedHeaders = ,chainPreflight = false
13:18:56.412 [Test worker] DEBUG org.eclipse.jetty.util.component.AbstractLifeCycle - starting com.github.tomakehurst.wiremock.servlet.WireMockHandlerDispatchingServlet-7aaabb79@66120c9a==com.github.tomakehurst.wiremock.servlet.WireMockHandlerDispatchingServlet,jsp=null,order=-1,inst=false,async=true
13:18:56.412 [Test worker] DEBUG org.eclipse.jetty.util.component.AbstractLifeCycle - STARTED @87974ms com.github.tomakehurst.wiremock.servlet.WireMockHandlerDispatchingServlet-7aaabb79@66120c9a==com.github.tomakehurst.wiremock.servlet.WireMockHandlerDispatchingServlet,jsp=null,order=-1,inst=false,async=true
13:18:56.412 [Test worker] DEBUG org.eclipse.jetty.util.component.AbstractLifeCycle - starting org.eclipse.jetty.servlet.DefaultServlet-6a0cd973@4d01406e==org.eclipse.jetty.servlet.DefaultServlet,jsp=null,order=-1,inst=false,async=true
13:18:56.412 [Test worker] DEBUG org.eclipse.jetty.util.component.AbstractLifeCycle - STARTED @87974ms org.eclipse.jetty.servlet.DefaultServlet-6a0cd973@4d01406e==org.eclipse.jetty.servlet.DefaultServlet,jsp=null,order=-1,inst=false,async=true
13:18:56.412 [Test worker] INFO org.eclipse.jetty.server.handler.ContextHandler - Started o.e.j.s.ServletContextHandler@62fe5902{/,null,AVAILABLE}
13:18:56.412 [Test worker] DEBUG org.eclipse.jetty.util.component.AbstractLifeCycle - STARTED @87974ms o.e.j.s.ServletContextHandler@62fe5902{/,null,AVAILABLE}
13:18:56.412 [Test worker] DEBUG org.eclipse.jetty.util.component.AbstractLifeCycle - STARTED @87974ms GzipHandler@4d098ee1{STARTED,min=32,inflate=-1}
13:18:56.412 [Test worker] DEBUG org.eclipse.jetty.util.component.AbstractLifeCycle - STARTED @87974ms HandlerCollection@7f21ff59{STARTED}
13:18:56.412 [Test worker] DEBUG org.eclipse.jetty.util.component.AbstractLifeCycle - starting ErrorHandler@12fb91e6{STOPPED}
13:18:56.412 [Test worker] DEBUG org.eclipse.jetty.server.handler.AbstractHandler - starting ErrorHandler@12fb91e6{STARTING}
13:18:56.412 [Test worker] DEBUG org.eclipse.jetty.util.component.AbstractLifeCycle - STARTED @87974ms ErrorHandler@12fb91e6{STARTED}
13:18:56.412 [Test worker] DEBUG org.eclipse.jetty.util.component.AbstractLifeCycle - starting NetworkTrafficServerConnector@301fffd7{HTTP/1.1, (http/1.1)}{0.0.0.0:8080}
13:18:56.412 [Test worker] DEBUG org.eclipse.jetty.util.component.ContainerLifeCycle - NetworkTrafficServerConnector@301fffd7{HTTP/1.1, (http/1.1)}{0.0.0.0:8080} added {sun.nio.ch.ServerSocketChannelImpl[/0:0:0:0:0:0:0:0:8080],POJO}
13:18:56.412 [Test worker] DEBUG org.eclipse.jetty.util.component.AbstractLifeCycle - starting ScheduledExecutorScheduler@70a2b06{STOPPED}
13:18:56.413 [Test worker] DEBUG org.eclipse.jetty.util.component.AbstractLifeCycle - STARTED @87975ms ScheduledExecutorScheduler@70a2b06{STARTED}
13:18:56.413 [Test worker] DEBUG org.eclipse.jetty.util.component.AbstractLifeCycle - starting HttpConnectionFactory@2aa43901[HTTP/1.1]
13:18:56.413 [Test worker] DEBUG org.eclipse.jetty.util.component.AbstractLifeCycle - STARTED @87975ms HttpConnectionFactory@2aa43901[HTTP/1.1]
13:18:56.413 [Test worker] DEBUG org.eclipse.jetty.util.component.AbstractLifeCycle - starting SelectorManager@NetworkTrafficServerConnector@301fffd7{HTTP/1.1, (http/1.1)}{0.0.0.0:8080}
13:18:56.413 [Test worker] DEBUG org.eclipse.jetty.util.component.ContainerLifeCycle - EatWhatYouKill@3eac1a1a/SelectorProducer@1b3d1278/IDLE/p=false/QueuedThreadPool[qtp1834758074]@6d5c2fba{STARTED,8<=8<=14,i=8,r=1,q=0}[ReservedThreadExecutor@62506fd7{s=0/1,p=0}][pc=0,pic=0,pec=0,epc=0]@2020-09-25T13:18:56.4130749+02:00 added {SelectorProducer@1b3d1278,POJO}
13:18:56.413 [Test worker] DEBUG org.eclipse.jetty.util.component.ContainerLifeCycle - EatWhatYouKill@3eac1a1a/SelectorProducer@1b3d1278/IDLE/p=false/QueuedThreadPool[qtp1834758074]@6d5c2fba{STARTED,8<=8<=14,i=8,r=1,q=0}[ReservedThreadExecutor@62506fd7{s=0/1,p=0}][pc=0,pic=0,pec=0,epc=0]@2020-09-25T13:18:56.4130749+02:00 added {QueuedThreadPool[qtp1834758074]@6d5c2fba{STARTED,8<=8<=14,i=8,r=1,q=0}[ReservedThreadExecutor@62506fd7{s=0/1,p=0}],UNMANAGED}
13:18:56.413 [Test worker] DEBUG org.eclipse.jetty.util.thread.strategy.EatWhatYouKill - EatWhatYouKill@3eac1a1a/SelectorProducer@1b3d1278/IDLE/p=false/QueuedThreadPool[qtp1834758074]@6d5c2fba{STARTED,8<=8<=14,i=8,r=1,q=0}[ReservedThreadExecutor@62506fd7{s=0/1,p=0}][pc=0,pic=0,pec=0,epc=0]@2020-09-25T13:18:56.4130749+02:00 created
13:18:56.413 [Test worker] DEBUG org.eclipse.jetty.util.component.ContainerLifeCycle - ManagedSelector@59551159{STOPPED} id=0 keys=-1 selected=-1 updates=0 added {EatWhatYouKill@3eac1a1a/SelectorProducer@1b3d1278/IDLE/p=false/QueuedThreadPool[qtp1834758074]@6d5c2fba{STARTED,8<=8<=14,i=8,r=1,q=0}[ReservedThreadExecutor@62506fd7{s=0/1,p=0}][pc=0,pic=0,pec=0,epc=0]@2020-09-25T13:18:56.4130749+02:00,MANAGED}
13:18:56.414 [Test worker] DEBUG org.eclipse.jetty.util.component.ContainerLifeCycle - SelectorManager@NetworkTrafficServerConnector@301fffd7{HTTP/1.1, (http/1.1)}{0.0.0.0:8080} added {ManagedSelector@59551159{STOPPED} id=0 keys=-1 selected=-1 updates=0,AUTO}
13:18:56.414 [Test worker] DEBUG org.eclipse.jetty.util.component.ContainerLifeCycle - EatWhatYouKill@4b368586/SelectorProducer@15142a30/IDLE/p=false/QueuedThreadPool[qtp1834758074]@6d5c2fba{STARTED,8<=8<=14,i=8,r=1,q=0}[ReservedThreadExecutor@62506fd7{s=0/1,p=0}][pc=0,pic=0,pec=0,epc=0]@2020-09-25T13:18:56.4140758+02:00 added {SelectorProducer@15142a30,POJO}
13:18:56.414 [Test worker] DEBUG org.eclipse.jetty.util.component.ContainerLifeCycle - EatWhatYouKill@4b368586/SelectorProducer@15142a30/IDLE/p=false/QueuedThreadPool[qtp1834758074]@6d5c2fba{STARTED,8<=8<=14,i=8,r=1,q=0}[ReservedThreadExecutor@62506fd7{s=0/1,p=0}][pc=0,pic=0,pec=0,epc=0]@2020-09-25T13:18:56.4140758+02:00 added {QueuedThreadPool[qtp1834758074]@6d5c2fba{STARTED,8<=8<=14,i=8,r=1,q=0}[ReservedThreadExecutor@62506fd7{s=0/1,p=0}],UNMANAGED}
13:18:56.414 [Test worker] DEBUG org.eclipse.jetty.util.thread.strategy.EatWhatYouKill - EatWhatYouKill@4b368586/SelectorProducer@15142a30/IDLE/p=false/QueuedThreadPool[qtp1834758074]@6d5c2fba{STARTED,8<=8<=14,i=8,r=1,q=0}[ReservedThreadExecutor@62506fd7{s=0/1,p=0}][pc=0,pic=0,pec=0,epc=0]@2020-09-25T13:18:56.4140758+02:00 created
13:18:56.414 [Test worker] DEBUG org.eclipse.jetty.util.component.ContainerLifeCycle - ManagedSelector@66c94438{STOPPED} id=1 keys=-1 selected=-1 updates=0 added {EatWhatYouKill@4b368586/SelectorProducer@15142a30/IDLE/p=false/QueuedThreadPool[qtp1834758074]@6d5c2fba{STARTED,8<=8<=14,i=8,r=1,q=0}[ReservedThreadExecutor@62506fd7{s=0/1,p=0}][pc=0,pic=0,pec=0,epc=0]@2020-09-25T13:18:56.4140758+02:00,MANAGED}
13:18:56.414 [Test worker] DEBUG org.eclipse.jetty.util.component.ContainerLifeCycle - SelectorManager@NetworkTrafficServerConnector@301fffd7{HTTP/1.1, (http/1.1)}{0.0.0.0:8080} added {ManagedSelector@66c94438{STOPPED} id=1 keys=-1 selected=-1 updates=0,AUTO}
13:18:56.414 [Test worker] DEBUG org.eclipse.jetty.util.component.AbstractLifeCycle - starting ManagedSelector@59551159{STOPPED} id=0 keys=-1 selected=-1 updates=0
13:18:56.414 [Test worker] DEBUG org.eclipse.jetty.util.component.AbstractLifeCycle - starting EatWhatYouKill@3eac1a1a/SelectorProducer@1b3d1278/IDLE/p=false/QueuedThreadPool[qtp1834758074]@6d5c2fba{STARTED,8<=8<=14,i=8,r=1,q=0}[ReservedThreadExecutor@62506fd7{s=0/1,p=0}][pc=0,pic=0,pec=0,epc=0]@2020-09-25T13:18:56.4140758+02:00
13:18:56.414 [Test worker] DEBUG org.eclipse.jetty.util.component.AbstractLifeCycle - STARTED @87976ms EatWhatYouKill@3eac1a1a/SelectorProducer@1b3d1278/IDLE/p=false/QueuedThreadPool[qtp1834758074]@6d5c2fba{STARTED,8<=8<=14,i=8,r=1,q=0}[ReservedThreadExecutor@62506fd7{s=0/1,p=0}][pc=0,pic=0,pec=0,epc=0]@2020-09-25T13:18:56.4140758+02:00
13:18:56.416 [Test worker] DEBUG org.eclipse.jetty.util.thread.QueuedThreadPool - queue org.eclipse.jetty.io.ManagedSelector$$Lambda$425/0x00000001005fc040@17675e61 startThread=0
13:18:56.416 [Test worker] DEBUG org.eclipse.jetty.io.ManagedSelector - Queued change org.eclipse.jetty.io.ManagedSelector$Start@6802e3be on ManagedSelector@59551159{STARTING} id=0 keys=0 selected=0 updates=0
13:18:56.470 [qtp853429147-111] DEBUG org.eclipse.jetty.util.thread.ReservedThreadExecutor - ReservedThreadExecutor@7a292eba{s=-1/1,p=0}@3416546f task=EatWhatYouKill@61ce6731/SelectorProducer@20cb10e8/IDLE/p=true/QueuedThreadPool[qtp853429147]@32de4b9b{STOPPED,8<=0<=14,i=5,r=-1,q=0}[NO_TRY][pc=0,pic=0,pec=1,epc=5]@2020-09-25T13:18:56.4690625+02:00
13:18:56.470 [qtp853429147-111] DEBUG org.eclipse.jetty.util.thread.strategy.EatWhatYouKill - EatWhatYouKill@61ce6731/SelectorProducer@20cb10e8/IDLE/p=true/QueuedThreadPool[qtp853429147]@32de4b9b{STOPPED,8<=0<=14,i=5,r=-1,q=0}[NO_TRY][pc=0,pic=0,pec=1,epc=5]@2020-09-25T13:18:56.4700684+02:00 tryProduce true
13:18:56.470 [qtp853429147-111] DEBUG org.eclipse.jetty.util.thread.ReservedThreadExecutor - ReservedThreadExecutor@7a292eba{s=-1/1,p=0}@3416546f Exited
13:18:56.470 [qtp853429147-111] DEBUG org.eclipse.jetty.util.thread.QueuedThreadPool - ran ReservedThreadExecutor@7a292eba{s=-1/1,p=0}@3416546f in QueuedThreadPool[qtp853429147]@32de4b9b{STOPPED,8<=0<=14,i=5,r=-1,q=0}[NO_TRY]
13:18:56.470 [qtp853429147-111] DEBUG org.eclipse.jetty.util.thread.QueuedThreadPool - Thread[qtp853429147-111,5,main] exited for QueuedThreadPool[qtp853429147]@32de4b9b{STOPPED,8<=0<=14,i=5,r=-1,q=0}[NO_TRY]
13:18:56.506 [qtp853429147-113] DEBUG org.eclipse.jetty.util.thread.QueuedThreadPool - ran qtp853429147-113-acceptor-1@3526903a-NetworkTrafficServerConnector@75579836{HTTP/1.1, (http/1.1)}{0.0.0.0:8080} in QueuedThreadPool[qtp853429147]@32de4b9b{STOPPED,8<=0<=14,i=5,r=-1,q=0}[NO_TRY]
13:18:56.506 [qtp853429147-113] DEBUG org.eclipse.jetty.util.thread.QueuedThreadPool - Thread[qtp853429147-113,5,main] exited for QueuedThreadPool[qtp853429147]@32de4b9b{STOPPED,8<=0<=14,i=5,r=-1,q=0}[NO_TRY]
13:18:56.506 [qtp1834758074-121] DEBUG org.eclipse.jetty.util.thread.QueuedThreadPool - Runner started for QueuedThreadPool[qtp1834758074]@6d5c2fba{STARTED,8<=8<=14,i=7,r=1,q=0}[ReservedThreadExecutor@62506fd7{s=0/1,p=0}]
13:18:56.506 [qtp1834758074-121] DEBUG org.eclipse.jetty.util.thread.QueuedThreadPool - run org.eclipse.jetty.io.ManagedSelector$$Lambda$425/0x00000001005fc040@17675e61 in QueuedThreadPool[qtp1834758074]@6d5c2fba{STARTED,8<=8<=14,i=7,r=1,q=0}[ReservedThreadExecutor@62506fd7{s=0/1,p=0}]
13:18:56.506 [qtp1834758074-121] DEBUG org.eclipse.jetty.util.thread.strategy.EatWhatYouKill - EatWhatYouKill@3eac1a1a/SelectorProducer@1b3d1278/IDLE/p=false/QueuedThreadPool[qtp1834758074]@6d5c2fba{STARTED,8<=8<=14,i=7,r=1,q=0}[ReservedThreadExecutor@62506fd7{s=0/1,p=0}][pc=0,pic=0,pec=0,epc=0]@2020-09-25T13:18:56.5066072+02:00 tryProduce false
13:18:56.506 [qtp1834758074-121] DEBUG org.eclipse.jetty.io.ManagedSelector - updateable 1
13:18:56.506 [qtp1834758074-121] DEBUG org.eclipse.jetty.io.ManagedSelector - update org.eclipse.jetty.io.ManagedSelector$Start@6802e3be
13:18:56.506 [qtp1834758074-121] DEBUG org.eclipse.jetty.io.ManagedSelector - updates 0
13:18:56.506 [qtp1834758074-121] DEBUG org.eclipse.jetty.io.ManagedSelector - Selector sun.nio.ch.WindowsSelectorImpl@40883a69 waiting with 0 keys
13:18:56.506 [Test worker] DEBUG org.eclipse.jetty.util.component.AbstractLifeCycle - STARTED @88069ms ManagedSelector@59551159{STARTED} id=0 keys=0 selected=0 updates=0
13:18:56.506 [Test worker] DEBUG org.eclipse.jetty.util.component.AbstractLifeCycle - starting ManagedSelector@66c94438{STOPPED} id=1 keys=-1 selected=-1 updates=0
13:18:56.506 [Test worker] DEBUG org.eclipse.jetty.util.component.AbstractLifeCycle - starting EatWhatYouKill@4b368586/SelectorProducer@15142a30/IDLE/p=false/QueuedThreadPool[qtp1834758074]@6d5c2fba{STARTED,8<=8<=14,i=7,r=1,q=0}[ReservedThreadExecutor@62506fd7{s=0/1,p=0}][pc=0,pic=0,pec=0,epc=0]@2020-09-25T13:18:56.5066072+02:00
13:18:56.507 [Test worker] DEBUG org.eclipse.jetty.util.component.AbstractLifeCycle - STARTED @88069ms EatWhatYouKill@4b368586/SelectorProducer@15142a30/IDLE/p=false/QueuedThreadPool[qtp1834758074]@6d5c2fba{STARTED,8<=8<=14,i=7,r=1,q=0}[ReservedThreadExecutor@62506fd7{s=0/1,p=0}][pc=0,pic=0,pec=0,epc=0]@2020-09-25T13:18:56.5076116+02:00
13:18:56.508 [Test worker] DEBUG org.eclipse.jetty.util.thread.QueuedThreadPool - queue org.eclipse.jetty.io.ManagedSelector$$Lambda$425/0x00000001005fc040@5c731124 startThread=0
13:18:56.508 [Test worker] DEBUG org.eclipse.jetty.io.ManagedSelector - Queued change org.eclipse.jetty.io.ManagedSelector$Start@70376616 on ManagedSelector@66c94438{STARTING} id=1 keys=0 selected=0 updates=0
13:18:56.517 [qtp853429147-115] DEBUG org.eclipse.jetty.util.thread.QueuedThreadPool - ran qtp853429147-115-acceptor-2@7dab9a35-NetworkTrafficServerConnector@75579836{HTTP/1.1, (http/1.1)}{0.0.0.0:8080} in QueuedThreadPool[qtp853429147]@32de4b9b{STOPPED,8<=0<=14,i=5,r=-1,q=0}[NO_TRY]
13:18:56.517 [qtp853429147-115] DEBUG org.eclipse.jetty.util.thread.QueuedThreadPool - Thread[qtp853429147-115,5,main] exited for QueuedThreadPool[qtp853429147]@32de4b9b{STOPPED,8<=0<=14,i=5,r=-1,q=0}[NO_TRY]
13:18:56.517 [qtp1834758074-122] DEBUG org.eclipse.jetty.util.thread.QueuedThreadPool - Runner started for QueuedThreadPool[qtp1834758074]@6d5c2fba{STARTED,8<=8<=14,i=6,r=1,q=0}[ReservedThreadExecutor@62506fd7{s=0/1,p=0}]
13:18:56.518 [qtp1834758074-122] DEBUG org.eclipse.jetty.util.thread.QueuedThreadPool - run org.eclipse.jetty.io.ManagedSelector$$Lambda$425/0x00000001005fc040@5c731124 in QueuedThreadPool[qtp1834758074]@6d5c2fba{STARTED,8<=8<=14,i=6,r=1,q=0}[ReservedThreadExecutor@62506fd7{s=0/1,p=0}]
13:18:56.518 [qtp1834758074-122] DEBUG org.eclipse.jetty.util.thread.strategy.EatWhatYouKill - EatWhatYouKill@4b368586/SelectorProducer@15142a30/IDLE/p=false/QueuedThreadPool[qtp1834758074]@6d5c2fba{STARTED,8<=8<=14,i=6,r=1,q=0}[ReservedThreadExecutor@62506fd7{s=0/1,p=0}][pc=0,pic=0,pec=0,epc=0]@2020-09-25T13:18:56.5186109+02:00 tryProduce false
13:18:56.518 [qtp1834758074-122] DEBUG org.eclipse.jetty.io.ManagedSelector - updateable 1
13:18:56.518 [qtp1834758074-122] DEBUG org.eclipse.jetty.io.ManagedSelector - update org.eclipse.jetty.io.ManagedSelector$Start@70376616
13:18:56.518 [Test worker] DEBUG org.eclipse.jetty.util.component.AbstractLifeCycle - STARTED @88080ms ManagedSelector@66c94438{STARTED} id=1 keys=0 selected=0 updates=0
13:18:56.518 [qtp1834758074-122] DEBUG org.eclipse.jetty.io.ManagedSelector - updates 0
13:18:56.518 [qtp1834758074-122] DEBUG org.eclipse.jetty.io.ManagedSelector - Selector sun.nio.ch.WindowsSelectorImpl@51086512 waiting with 0 keys
13:18:56.518 [Test worker] DEBUG org.eclipse.jetty.util.component.AbstractLifeCycle - STARTED @88081ms SelectorManager@NetworkTrafficServerConnector@301fffd7{HTTP/1.1, (http/1.1)}{0.0.0.0:8080}
13:18:56.518 [Test worker] DEBUG org.eclipse.jetty.util.component.ContainerLifeCycle - NetworkTrafficServerConnector@301fffd7{HTTP/1.1, (http/1.1)}{0.0.0.0:8080} added {acceptor-0@5d0eaa27,POJO}
13:18:56.518 [Test worker] DEBUG org.eclipse.jetty.util.thread.QueuedThreadPool - queue acceptor-0@5d0eaa27 startThread=0
13:18:56.518 [Test worker] DEBUG org.eclipse.jetty.util.component.ContainerLifeCycle - NetworkTrafficServerConnector@301fffd7{HTTP/1.1, (http/1.1)}{0.0.0.0:8080} added {acceptor-1@22eebd2b,POJO}
13:18:56.518 [Test worker] DEBUG org.eclipse.jetty.util.thread.QueuedThreadPool - queue acceptor-1@22eebd2b startThread=0
13:18:56.518 [Test worker] DEBUG org.eclipse.jetty.util.component.ContainerLifeCycle - NetworkTrafficServerConnector@301fffd7{HTTP/1.1, (http/1.1)}{0.0.0.0:8080} added {acceptor-2@66507263,POJO}
13:18:56.519 [Test worker] DEBUG org.eclipse.jetty.util.thread.QueuedThreadPool - queue acceptor-2@66507263 startThread=0
13:18:56.519 [Test worker] INFO org.eclipse.jetty.server.AbstractConnector - Started NetworkTrafficServerConnector@301fffd7{HTTP/1.1, (http/1.1)}{0.0.0.0:8080}
13:18:56.519 [Test worker] DEBUG org.eclipse.jetty.util.component.AbstractLifeCycle - STARTED @88081ms NetworkTrafficServerConnector@301fffd7{HTTP/1.1, (http/1.1)}{0.0.0.0:8080}
13:18:56.519 [Test worker] INFO org.eclipse.jetty.server.Server - Started @88081ms
13:18:56.519 [Test worker] DEBUG org.eclipse.jetty.util.component.AbstractLifeCycle - STARTED @88081ms Server@2823e022{STARTED}[9.4.28.v20200408]
13:18:56.521 [Test worker] DEBUG org.apache.http.impl.conn.PoolingHttpClientConnectionManager - Connection request: [route: {}->http://localhost:8080][total available: 1; route allocated: 1 of 5; total allocated: 1 of 50]
13:18:56.521 [Test worker] DEBUG org.apache.http.impl.conn.PoolingHttpClientConnectionManager - Connection leased: [id: 5][route: {}->http://localhost:8080][total available: 0; route allocated: 1 of 5; total allocated: 1 of 50]
13:18:56.521 [Test worker] DEBUG org.apache.http.impl.conn.DefaultManagedHttpClientConnection - http-outgoing-5: set socket timeout to 30000
13:18:56.521 [Test worker] DEBUG org.apache.http.impl.execchain.MainClientExec - Stale connection check
13:18:56.521 [Test worker] DEBUG org.apache.http.wire - http-outgoing-5 << "end of stream"
13:18:56.521 [Test worker] DEBUG org.apache.http.impl.execchain.MainClientExec - Stale connection detected
13:18:56.521 [Test worker] DEBUG org.apache.http.impl.conn.DefaultManagedHttpClientConnection - http-outgoing-5: Close connection
13:18:56.521 [Test worker] DEBUG org.apache.http.impl.execchain.MainClientExec - Opening connection {}->http://localhost:8080
13:18:56.522 [Test worker] DEBUG org.apache.http.impl.conn.DefaultHttpClientConnectionOperator - Connecting to localhost/127.0.0.1:8080
13:18:56.522 [Test worker] DEBUG org.apache.http.impl.conn.DefaultHttpClientConnectionOperator - Connection established 127.0.0.1:65043<->127.0.0.1:8080
13:18:56.522 [Test worker] DEBUG org.apache.http.impl.execchain.MainClientExec - Executing request POST /__admin/mappings HTTP/1.1
13:18:56.522 [Test worker] DEBUG org.apache.http.impl.execchain.MainClientExec - Target auth state: UNCHALLENGED
13:18:56.522 [Test worker] DEBUG org.apache.http.impl.execchain.MainClientExec - Proxy auth state: UNCHALLENGED
13:18:56.523 [Test worker] DEBUG org.apache.http.headers - http-outgoing-5 >> POST /__admin/mappings HTTP/1.1
13:18:56.523 [Test worker] DEBUG org.apache.http.headers - http-outgoing-5 >> Content-Length: 328
13:18:56.523 [Test worker] DEBUG org.apache.http.headers - http-outgoing-5 >> Content-Type: text/plain; charset=UTF-8
13:18:56.523 [Test worker] DEBUG org.apache.http.headers - http-outgoing-5 >> Host: localhost:8080
13:18:56.523 [Test worker] DEBUG org.apache.http.headers - http-outgoing-5 >> Connection: Keep-Alive
13:18:56.523 [Test worker] DEBUG org.apache.http.headers - http-outgoing-5 >> User-Agent: Apache-HttpClient/4.5.12 (Java/11.0.2)
13:18:56.523 [Test worker] DEBUG org.apache.http.wire - http-outgoing-5 >> "POST /__admin/mappings HTTP/1.1[\r][\n]"
13:18:56.523 [Test worker] DEBUG org.apache.http.wire - http-outgoing-5 >> "Content-Length: 328[\r][\n]"
13:18:56.523 [Test worker] DEBUG org.apache.http.wire - http-outgoing-5 >> "Content-Type: text/plain; charset=UTF-8[\r][\n]"
13:18:56.523 [Test worker] DEBUG org.apache.http.wire - http-outgoing-5 >> "Host: localhost:8080[\r][\n]"
13:18:56.523 [Test worker] DEBUG org.apache.http.wire - http-outgoing-5 >> "Connection: Keep-Alive[\r][\n]"
13:18:56.523 [Test worker] DEBUG org.apache.http.wire - http-outgoing-5 >> "User-Agent: Apache-HttpClient/4.5.12 (Java/11.0.2)[\r][\n]"
13:18:56.523 [Test worker] DEBUG org.apache.http.wire - http-outgoing-5 >> "[\r][\n]"
13:18:56.523 [Test worker] DEBUG org.apache.http.wire - http-outgoing-5 >> "{[\r][\n]"
13:18:56.523 [Test worker] DEBUG org.apache.http.wire - http-outgoing-5 >> "  "id" : "946928c0-4aeb-417b-83ff-08c138e23c1a",[\r][\n]"
13:18:56.523 [Test worker] DEBUG org.apache.http.wire - http-outgoing-5 >> "  "request" : {[\r][\n]"
13:18:56.523 [Test worker] DEBUG org.apache.http.wire - http-outgoing-5 >> "    "url" : "/api/v0/components/provision-adapters/jobs/01bd8171-c219-47a1-b831-c1aa538629c9",[\r][\n]"
13:18:56.523 [Test worker] DEBUG org.apache.http.wire - http-outgoing-5 >> "    "method" : "GET"[\r][\n]"
13:18:56.523 [Test worker] DEBUG org.apache.http.wire - http-outgoing-5 >> "  },[\r][\n]"
13:18:56.523 [Test worker] DEBUG org.apache.http.wire - http-outgoing-5 >> "  "response" : {[\r][\n]"
13:18:56.523 [Test worker] DEBUG org.apache.http.wire - http-outgoing-5 >> "    "status" : 200,[\r][\n]"
13:18:56.523 [Test worker] DEBUG org.apache.http.wire - http-outgoing-5 >> "    "fixedDelayMilliseconds" : 2100[\r][\n]"
13:18:56.523 [Test worker] DEBUG org.apache.http.wire - http-outgoing-5 >> "  },[\r][\n]"
13:18:56.523 [Test worker] DEBUG org.apache.http.wire - http-outgoing-5 >> "  "uuid" : "946928c0-4aeb-417b-83ff-08c138e23c1a"[\r][\n]"
13:18:56.523 [Test worker] DEBUG org.apache.http.wire - http-outgoing-5 >> "}"
13:18:56.552 [qtp853429147-114] DEBUG org.eclipse.jetty.util.thread.QueuedThreadPool - ran qtp853429147-114-acceptor-0@25e4f3be-NetworkTrafficServerConnector@75579836{HTTP/1.1, (http/1.1)}{0.0.0.0:8080} in QueuedThreadPool[qtp853429147]@32de4b9b{STOPPED,8<=0<=14,i=5,r=-1,q=0}[NO_TRY]
13:18:56.552 [qtp853429147-114] DEBUG org.eclipse.jetty.util.thread.QueuedThreadPool - Thread[qtp853429147-114,5,main] exited for QueuedThreadPool[qtp853429147]@32de4b9b{STOPPED,8<=0<=14,i=5,r=-1,q=0}[NO_TRY]
13:18:56.564 [qtp1834758074-123] DEBUG org.eclipse.jetty.util.thread.QueuedThreadPool - Runner started for QueuedThreadPool[qtp1834758074]@6d5c2fba{STARTED,8<=8<=14,i=3,r=1,q=0}[ReservedThreadExecutor@62506fd7{s=0/1,p=0}]
13:18:56.564 [qtp1834758074-123] DEBUG org.eclipse.jetty.util.thread.QueuedThreadPool - run acceptor-0@5d0eaa27 in QueuedThreadPool[qtp1834758074]@6d5c2fba{STARTED,8<=8<=14,i=3,r=1,q=0}[ReservedThreadExecutor@62506fd7{s=0/1,p=0}]
13:18:56.600 [qtp1834758074-124] DEBUG org.eclipse.jetty.util.thread.QueuedThreadPool - Runner started for QueuedThreadPool[qtp1834758074]@6d5c2fba{STARTED,8<=8<=14,i=3,r=1,q=0}[ReservedThreadExecutor@62506fd7{s=0/1,p=0}]
13:18:56.600 [qtp1834758074-124] DEBUG org.eclipse.jetty.util.thread.QueuedThreadPool - run acceptor-1@22eebd2b in QueuedThreadPool[qtp1834758074]@6d5c2fba{STARTED,8<=8<=14,i=3,r=1,q=0}[ReservedThreadExecutor@62506fd7{s=0/1,p=0}]
13:18:56.603 [qtp1834758074-125] DEBUG org.eclipse.jetty.util.thread.QueuedThreadPool - Runner started for QueuedThreadPool[qtp1834758074]@6d5c2fba{STARTED,8<=8<=14,i=3,r=1,q=0}[ReservedThreadExecutor@62506fd7{s=0/1,p=0}]
13:18:56.603 [qtp1834758074-125] DEBUG org.eclipse.jetty.util.thread.QueuedThreadPool - run acceptor-2@66507263 in QueuedThreadPool[qtp1834758074]@6d5c2fba{STARTED,8<=8<=14,i=3,r=1,q=0}[ReservedThreadExecutor@62506fd7{s=0/1,p=0}]
13:18:56.604 [qtp1834758074-125-acceptor-2@66507263-NetworkTrafficServerConnector@301fffd7{HTTP/1.1, (http/1.1)}{0.0.0.0:8080}] DEBUG org.eclipse.jetty.io.ManagedSelector - Queued change org.eclipse.jetty.io.ManagedSelector$Accept@4579e9d on ManagedSelector@66c94438{STARTED} id=1 keys=0 selected=0 updates=0
13:18:56.604 [qtp1834758074-125-acceptor-2@66507263-NetworkTrafficServerConnector@301fffd7{HTTP/1.1, (http/1.1)}{0.0.0.0:8080}] DEBUG org.eclipse.jetty.io.ManagedSelector - Wakeup on submit ManagedSelector@66c94438{STARTED} id=1 keys=0 selected=0 updates=1
13:18:56.604 [qtp1834758074-122] DEBUG org.eclipse.jetty.io.ManagedSelector - Selector sun.nio.ch.WindowsSelectorImpl@51086512 woken with none selected
13:18:56.604 [qtp1834758074-122] DEBUG org.eclipse.jetty.io.ManagedSelector - Selector sun.nio.ch.WindowsSelectorImpl@51086512 woken up from select, 0/0/0 selected
13:18:56.604 [qtp1834758074-122] DEBUG org.eclipse.jetty.io.ManagedSelector - Selector sun.nio.ch.WindowsSelectorImpl@51086512 processing 0 keys, 1 updates
13:18:56.604 [qtp1834758074-122] DEBUG org.eclipse.jetty.io.ManagedSelector - updateable 1
13:18:56.604 [qtp1834758074-122] DEBUG org.eclipse.jetty.io.ManagedSelector - update org.eclipse.jetty.io.ManagedSelector$Accept@4579e9d
13:18:56.604 [qtp1834758074-122] DEBUG org.eclipse.jetty.util.thread.QueuedThreadPool - queue org.eclipse.jetty.io.ManagedSelector$Accept@4579e9d startThread=0
13:18:56.604 [qtp1834758074-122] DEBUG org.eclipse.jetty.io.ManagedSelector - updates 0
13:18:56.604 [qtp1834758074-122] DEBUG org.eclipse.jetty.io.ManagedSelector - Selector sun.nio.ch.WindowsSelectorImpl@51086512 waiting with 1 keys
13:18:56.637 [qtp1834758074-126] DEBUG org.eclipse.jetty.util.thread.QueuedThreadPool - Runner started for QueuedThreadPool[qtp1834758074]@6d5c2fba{STARTED,8<=8<=14,i=2,r=1,q=0}[ReservedThreadExecutor@62506fd7{s=0/1,p=0}]
13:18:56.637 [qtp1834758074-126] DEBUG org.eclipse.jetty.util.thread.QueuedThreadPool - run org.eclipse.jetty.io.ManagedSelector$Accept@4579e9d in QueuedThreadPool[qtp1834758074]@6d5c2fba{STARTED,8<=8<=14,i=2,r=1,q=0}[ReservedThreadExecutor@62506fd7{s=0/1,p=0}]
13:18:56.637 [qtp1834758074-126] DEBUG org.eclipse.jetty.io.IdleTimeout - NetworkTrafficSocketChannelEndPoint@6e7faa4f{/127.0.0.1:65043<->/127.0.0.1:8080,OPEN,fill=-,flush=-,to=0/30000}{io=0/0,kio=0,kro=0}-><null> idle timeout check, elapsed: 0 ms, remaining: 30000 ms
13:18:56.638 [qtp1834758074-126] DEBUG org.eclipse.jetty.server.HttpChannel - new HttpChannelOverHttp@6487c13f{s=HttpChannelState@218543cb{s=IDLE rs=BLOCKING os=OPEN is=IDLE awp=false se=false i=true al=0},r=0,c=false/false,a=IDLE,uri=null,age=0} -> NetworkTrafficSocketChannelEndPoint@6e7faa4f{/127.0.0.1:65043<->/127.0.0.1:8080,OPEN,fill=-,flush=-,to=0/30000}{io=0/0,kio=0,kro=0}-><null>,null,HttpChannelState@218543cb{s=IDLE rs=BLOCKING os=OPEN is=IDLE awp=false se=false i=true al=0}
13:18:56.638 [qtp1834758074-126] DEBUG org.eclipse.jetty.server.HttpConnection - New HTTP Connection HttpConnection@32bbb866::NetworkTrafficSocketChannelEndPoint@6e7faa4f{/127.0.0.1:65043<->/127.0.0.1:8080,OPEN,fill=-,flush=-,to=0/30000}{io=0/0,kio=0,kro=0}-><null>
13:18:56.638 [qtp1834758074-126] DEBUG org.eclipse.jetty.io.AbstractEndPoint - onOpen NetworkTrafficSocketChannelEndPoint@6e7faa4f{/127.0.0.1:65043<->/127.0.0.1:8080,OPEN,fill=-,flush=-,to=0/30000}{io=0/0,kio=0,kro=0}->HttpConnection@32bbb866[p=HttpParser{s=START,0 of -1},g=HttpGenerator@10ee8008{s=START}]=>HttpChannelOverHttp@6487c13f{s=HttpChannelState@218543cb{s=IDLE rs=BLOCKING os=OPEN is=IDLE awp=false se=false i=true al=0},r=0,c=false/false,a=IDLE,uri=null,age=0}
13:18:56.638 [qtp1834758074-126] DEBUG org.eclipse.jetty.io.AbstractConnection - onOpen HttpConnection@32bbb866::NetworkTrafficSocketChannelEndPoint@6e7faa4f{/127.0.0.1:65043<->/127.0.0.1:8080,OPEN,fill=-,flush=-,to=1/30000}{io=0/0,kio=0,kro=0}->HttpConnection@32bbb866[p=HttpParser{s=START,0 of -1},g=HttpGenerator@10ee8008{s=START}]=>HttpChannelOverHttp@6487c13f{s=HttpChannelState@218543cb{s=IDLE rs=BLOCKING os=OPEN is=IDLE awp=false se=false i=true al=0},r=0,c=false/false,a=IDLE,uri=null,age=0}
13:18:56.638 [qtp1834758074-126] DEBUG org.eclipse.jetty.io.AbstractConnection - fillInterested HttpConnection@32bbb866::NetworkTrafficSocketChannelEndPoint@6e7faa4f{/127.0.0.1:65043<->/127.0.0.1:8080,OPEN,fill=-,flush=-,to=1/30000}{io=0/0,kio=0,kro=0}->HttpConnection@32bbb866[p=HttpParser{s=START,0 of -1},g=HttpGenerator@10ee8008{s=START}]=>HttpChannelOverHttp@6487c13f{s=HttpChannelState@218543cb{s=IDLE rs=BLOCKING os=OPEN is=IDLE awp=false se=false i=true al=0},r=0,c=false/false,a=IDLE,uri=null,age=0}
13:18:56.639 [qtp1834758074-126] DEBUG org.eclipse.jetty.io.FillInterest - interested FillInterest@4a3a2513{AC.ReadCB@32bbb866{HttpConnection@32bbb866::NetworkTrafficSocketChannelEndPoint@6e7faa4f{/127.0.0.1:65043<->/127.0.0.1:8080,OPEN,fill=FI,flush=-,to=0/30000}{io=0/0,kio=0,kro=0}->HttpConnection@32bbb866[p=HttpParser{s=START,0 of -1},g=HttpGenerator@10ee8008{s=START}]=>HttpChannelOverHttp@6487c13f{s=HttpChannelState@218543cb{s=IDLE rs=BLOCKING os=OPEN is=IDLE awp=false se=false i=true al=0},r=0,c=false/false,a=IDLE,uri=null,age=0}}}
13:18:56.639 [qtp1834758074-126] DEBUG org.eclipse.jetty.io.ChannelEndPoint - changeInterests p=false 0->1 for NetworkTrafficSocketChannelEndPoint@6e7faa4f{/127.0.0.1:65043<->/127.0.0.1:8080,OPEN,fill=FI,flush=-,to=0/30000}{io=0/1,kio=0,kro=0}->HttpConnection@32bbb866[p=HttpParser{s=START,0 of -1},g=HttpGenerator@10ee8008{s=START}]=>HttpChannelOverHttp@6487c13f{s=HttpChannelState@218543cb{s=IDLE rs=BLOCKING os=OPEN is=IDLE awp=false se=false i=true al=0},r=0,c=false/false,a=IDLE,uri=null,age=0}
13:18:56.639 [qtp1834758074-126] DEBUG org.eclipse.jetty.io.ManagedSelector - Queued change org.eclipse.jetty.io.ChannelEndPoint$1@41aabc84 on ManagedSelector@66c94438{STARTED} id=1 keys=1 selected=0 updates=0
13:18:56.639 [qtp1834758074-126] DEBUG org.eclipse.jetty.io.ManagedSelector - Wakeup on submit ManagedSelector@66c94438{STARTED} id=1 keys=1 selected=0 updates=1
13:18:56.639 [qtp1834758074-122] DEBUG org.eclipse.jetty.io.ManagedSelector - Selector sun.nio.ch.WindowsSelectorImpl@51086512 woken with none selected
13:18:56.639 [qtp1834758074-122] DEBUG org.eclipse.jetty.io.ManagedSelector - Selector sun.nio.ch.WindowsSelectorImpl@51086512 woken up from select, 0/0/1 selected
13:18:56.639 [qtp1834758074-122] DEBUG org.eclipse.jetty.io.ManagedSelector - Selector sun.nio.ch.WindowsSelectorImpl@51086512 processing 0 keys, 1 updates
13:18:56.639 [qtp1834758074-122] DEBUG org.eclipse.jetty.io.ManagedSelector - updateable 1
13:18:56.639 [qtp1834758074-122] DEBUG org.eclipse.jetty.io.ManagedSelector - update org.eclipse.jetty.io.ChannelEndPoint$1@41aabc84
13:18:56.639 [qtp1834758074-122] DEBUG org.eclipse.jetty.io.ChannelEndPoint - Key interests updated 0 -> 1 on NetworkTrafficSocketChannelEndPoint@6e7faa4f{/127.0.0.1:65043<->/127.0.0.1:8080,OPEN,fill=FI,flush=-,to=0/30000}{io=1/1,kio=1,kro=0}->HttpConnection@32bbb866[p=HttpParser{s=START,0 of -1},g=HttpGenerator@10ee8008{s=START}]=>HttpChannelOverHttp@6487c13f{s=HttpChannelState@218543cb{s=IDLE rs=BLOCKING os=OPEN is=IDLE awp=false se=false i=true al=0},r=0,c=false/false,a=IDLE,uri=null,age=0}
13:18:56.639 [qtp1834758074-122] DEBUG org.eclipse.jetty.io.ManagedSelector - updates 0
13:18:56.639 [qtp1834758074-126] DEBUG org.eclipse.jetty.io.ManagedSelector - Created NetworkTrafficSocketChannelEndPoint@6e7faa4f{/127.0.0.1:65043<->/127.0.0.1:8080,OPEN,fill=FI,flush=-,to=0/30000}{io=0/1,kio=0,kro=0}->HttpConnection@32bbb866[p=HttpParser{s=START,0 of -1},g=HttpGenerator@10ee8008{s=START}]=>HttpChannelOverHttp@6487c13f{s=HttpChannelState@218543cb{s=IDLE rs=BLOCKING os=OPEN is=IDLE awp=false se=false i=true al=0},r=0,c=false/false,a=IDLE,uri=null,age=0}
13:18:56.639 [qtp1834758074-122] DEBUG org.eclipse.jetty.io.ManagedSelector - Selector sun.nio.ch.WindowsSelectorImpl@51086512 waiting with 1 keys
13:18:56.639 [qtp1834758074-122] DEBUG org.eclipse.jetty.io.ManagedSelector - Selector sun.nio.ch.WindowsSelectorImpl@51086512 woken up from select, 1/1/1 selected
13:18:56.640 [qtp1834758074-122] DEBUG org.eclipse.jetty.io.ManagedSelector - Selector sun.nio.ch.WindowsSelectorImpl@51086512 processing 1 keys, 0 updates
13:18:56.640 [qtp1834758074-126] DEBUG org.eclipse.jetty.util.thread.QueuedThreadPool - ran org.eclipse.jetty.io.ManagedSelector$Accept@4579e9d in QueuedThreadPool[qtp1834758074]@6d5c2fba{STARTED,8<=8<=14,i=2,r=1,q=0}[ReservedThreadExecutor@62506fd7{s=0/1,p=0}]
13:18:56.640 [qtp1834758074-122] DEBUG org.eclipse.jetty.io.ManagedSelector - selected 1 channel=java.nio.channels.SocketChannel[connected local=/127.0.0.1:8080 remote=/127.0.0.1:65043], selector=sun.nio.ch.WindowsSelectorImpl@51086512, interestOps=1, readyOps=1 NetworkTrafficSocketChannelEndPoint@6e7faa4f{/127.0.0.1:65043<->/127.0.0.1:8080,OPEN,fill=FI,flush=-,to=0/30000}{io=1/1,kio=1,kro=1}->HttpConnection@32bbb866[p=HttpParser{s=START,0 of -1},g=HttpGenerator@10ee8008{s=START}]=>HttpChannelOverHttp@6487c13f{s=HttpChannelState@218543cb{s=IDLE rs=BLOCKING os=OPEN is=IDLE awp=false se=false i=true al=0},r=0,c=false/false,a=IDLE,uri=null,age=0} 
13:18:56.640 [qtp1834758074-122] DEBUG org.eclipse.jetty.io.ChannelEndPoint - onSelected 1->0 r=true w=false for NetworkTrafficSocketChannelEndPoint@6e7faa4f{/127.0.0.1:65043<->/127.0.0.1:8080,OPEN,fill=FI,flush=-,to=1/30000}{io=1/0,kio=1,kro=1}->HttpConnection@32bbb866[p=HttpParser{s=START,0 of -1},g=HttpGenerator@10ee8008{s=START}]=>HttpChannelOverHttp@6487c13f{s=HttpChannelState@218543cb{s=IDLE rs=BLOCKING os=OPEN is=IDLE awp=false se=false i=true al=0},r=0,c=false/false,a=IDLE,uri=null,age=0}
13:18:56.640 [qtp1834758074-122] DEBUG org.eclipse.jetty.io.ChannelEndPoint - task CEP:NetworkTrafficSocketChannelEndPoint@6e7faa4f{/127.0.0.1:65043<->/127.0.0.1:8080,OPEN,fill=FI,flush=-,to=1/30000}{io=1/0,kio=1,kro=1}->HttpConnection@32bbb866[p=HttpParser{s=START,0 of -1},g=HttpGenerator@10ee8008{s=START}]=>HttpChannelOverHttp@6487c13f{s=HttpChannelState@218543cb{s=IDLE rs=BLOCKING os=OPEN is=IDLE awp=false se=false i=true al=0},r=0,c=false/false,a=IDLE,uri=null,age=0}:runFillable:BLOCKING
13:18:56.640 [qtp1834758074-122] DEBUG org.eclipse.jetty.util.thread.ReservedThreadExecutor - ReservedThreadExecutor@62506fd7{s=0/1,p=0} tryExecute EatWhatYouKill@4b368586/SelectorProducer@15142a30/PRODUCING/p=false/QueuedThreadPool[qtp1834758074]@6d5c2fba{STARTED,8<=8<=14,i=3,r=1,q=0}[ReservedThreadExecutor@62506fd7{s=0/1,p=0}][pc=0,pic=0,pec=0,epc=0]@2020-09-25T13:18:56.6405912+02:00
13:18:56.640 [qtp1834758074-122] DEBUG org.eclipse.jetty.util.thread.ReservedThreadExecutor - ReservedThreadExecutor@62506fd7{s=0/1,p=1} startReservedThread p=1
13:18:56.640 [qtp1834758074-122] DEBUG org.eclipse.jetty.util.thread.QueuedThreadPool - queue ReservedThreadExecutor@62506fd7{s=0/1,p=1}@5bf00e62 startThread=0
13:18:56.640 [qtp1834758074-126] DEBUG org.eclipse.jetty.util.thread.QueuedThreadPool - run ReservedThreadExecutor@62506fd7{s=0/1,p=1}@5bf00e62 in QueuedThreadPool[qtp1834758074]@6d5c2fba{STARTED,8<=8<=14,i=2,r=1,q=0}[ReservedThreadExecutor@62506fd7{s=0/1,p=1}]
13:18:56.640 [qtp1834758074-126] DEBUG org.eclipse.jetty.util.thread.ReservedThreadExecutor - ReservedThreadExecutor@62506fd7{s=1/1,p=1}@5bf00e62 started
13:18:56.640 [qtp1834758074-126] DEBUG org.eclipse.jetty.util.thread.ReservedThreadExecutor - ReservedThreadExecutor@62506fd7{s=1/1,p=0}@5bf00e62 waiting
13:18:57.420 [Finalizer] DEBUG org.apache.http.impl.conn.PoolingHttpClientConnectionManager - Connection manager is shutting down
13:18:57.420 [Finalizer] DEBUG org.apache.http.impl.conn.PoolingHttpClientConnectionManager - Connection manager shut down
13:18:57.421 [qtp1834758074-122] DEBUG org.eclipse.jetty.util.thread.strategy.EatWhatYouKill - EatWhatYouKill@4b368586/SelectorProducer@15142a30/PRODUCING/p=false/QueuedThreadPool[qtp1834758074]@6d5c2fba{STARTED,8<=8<=14,i=2,r=1,q=0}[ReservedThreadExecutor@62506fd7{s=0/1,p=1}][pc=0,pic=0,pec=0,epc=0]@2020-09-25T13:18:56.6405912+02:00 m=PRODUCE_EXECUTE_CONSUME t=CEP:NetworkTrafficSocketChannelEndPoint@6e7faa4f{/127.0.0.1:65043<->/127.0.0.1:8080,OPEN,fill=FI,flush=-,to=1/30000}{io=1/0,kio=1,kro=1}->HttpConnection@32bbb866[p=HttpParser{s=START,0 of -1},g=HttpGenerator@10ee8008{s=START}]=>HttpChannelOverHttp@6487c13f{s=HttpChannelState@218543cb{s=IDLE rs=BLOCKING os=OPEN is=IDLE awp=false se=false i=true al=0},r=0,c=false/false,a=IDLE,uri=null,age=0}:runFillable:BLOCKING/BLOCKING
13:18:57.421 [qtp1834758074-128] DEBUG org.eclipse.jetty.util.thread.QueuedThreadPool - Runner started for QueuedThreadPool[qtp1834758074]@6d5c2fba{STARTED,8<=8<=14,i=1,r=1,q=0}[ReservedThreadExecutor@62506fd7{s=1/1,p=0}]
13:18:57.421 [qtp1834758074-122] DEBUG org.eclipse.jetty.util.thread.QueuedThreadPool - queue CEP:NetworkTrafficSocketChannelEndPoint@6e7faa4f{/127.0.0.1:65043<->/127.0.0.1:8080,OPEN,fill=FI,flush=-,to=782/30000}{io=1/0,kio=1,kro=1}->HttpConnection@32bbb866[p=HttpParser{s=START,0 of -1},g=HttpGenerator@10ee8008{s=START}]=>HttpChannelOverHttp@6487c13f{s=HttpChannelState@218543cb{s=IDLE rs=BLOCKING os=OPEN is=IDLE awp=false se=false i=true al=0},r=0,c=false/false,a=IDLE,uri=null,age=0}:runFillable:BLOCKING startThread=0
13:18:57.421 [qtp1834758074-122] DEBUG org.eclipse.jetty.io.ManagedSelector - updateable 0
13:18:57.421 [qtp1834758074-122] DEBUG org.eclipse.jetty.io.ManagedSelector - updates 0
13:18:57.421 [qtp1834758074-122] DEBUG org.eclipse.jetty.io.ChannelEndPoint - Key interests updated 1 -> 0 on NetworkTrafficSocketChannelEndPoint@6e7faa4f{/127.0.0.1:65043<->/127.0.0.1:8080,OPEN,fill=FI,flush=-,to=782/30000}{io=0/0,kio=0,kro=1}->HttpConnection@32bbb866[p=HttpParser{s=START,0 of -1},g=HttpGenerator@10ee8008{s=START}]=>HttpChannelOverHttp@6487c13f{s=HttpChannelState@218543cb{s=IDLE rs=BLOCKING os=OPEN is=IDLE awp=false se=false i=true al=0},r=0,c=false/false,a=IDLE,uri=null,age=0}
13:18:57.422 [qtp1834758074-122] DEBUG org.eclipse.jetty.io.ManagedSelector - Selector sun.nio.ch.WindowsSelectorImpl@51086512 waiting with 1 keys
13:18:57.422 [qtp1834758074-127] DEBUG org.eclipse.jetty.util.thread.QueuedThreadPool - Runner started for QueuedThreadPool[qtp1834758074]@6d5c2fba{STARTED,8<=8<=14,i=1,r=1,q=0}[ReservedThreadExecutor@62506fd7{s=1/1,p=0}]
13:18:57.422 [qtp1834758074-128] DEBUG org.eclipse.jetty.util.thread.QueuedThreadPool - run CEP:NetworkTrafficSocketChannelEndPoint@6e7faa4f{/127.0.0.1:65043<->/127.0.0.1:8080,OPEN,fill=FI,flush=-,to=782/30000}{io=1/0,kio=1,kro=1}->HttpConnection@32bbb866[p=HttpParser{s=START,0 of -1},g=HttpGenerator@10ee8008{s=START}]=>HttpChannelOverHttp@6487c13f{s=HttpChannelState@218543cb{s=IDLE rs=BLOCKING os=OPEN is=IDLE awp=false se=false i=true al=0},r=0,c=false/false,a=IDLE,uri=null,age=0}:runFillable:BLOCKING in QueuedThreadPool[qtp1834758074]@6d5c2fba{STARTED,8<=8<=14,i=1,r=1,q=0}[ReservedThreadExecutor@62506fd7{s=1/1,p=0}]
13:18:57.422 [qtp1834758074-128] DEBUG org.eclipse.jetty.io.FillInterest - fillable FillInterest@4a3a2513{AC.ReadCB@32bbb866{HttpConnection@32bbb866::NetworkTrafficSocketChannelEndPoint@6e7faa4f{/127.0.0.1:65043<->/127.0.0.1:8080,OPEN,fill=FI,flush=-,to=783/30000}{io=0/0,kio=0,kro=1}->HttpConnection@32bbb866[p=HttpParser{s=START,0 of -1},g=HttpGenerator@10ee8008{s=START}]=>HttpChannelOverHttp@6487c13f{s=HttpChannelState@218543cb{s=IDLE rs=BLOCKING os=OPEN is=IDLE awp=false se=false i=true al=0},r=0,c=false/false,a=IDLE,uri=null,age=0}}}
13:18:57.422 [qtp1834758074-128] DEBUG org.eclipse.jetty.server.HttpConnection - HttpConnection@32bbb866::NetworkTrafficSocketChannelEndPoint@6e7faa4f{/127.0.0.1:65043<->/127.0.0.1:8080,OPEN,fill=-,flush=-,to=783/30000}{io=0/0,kio=0,kro=1}->HttpConnection@32bbb866[p=HttpParser{s=START,0 of -1},g=HttpGenerator@10ee8008{s=START}]=>HttpChannelOverHttp@6487c13f{s=HttpChannelState@218543cb{s=IDLE rs=BLOCKING os=OPEN is=IDLE awp=false se=false i=true al=0},r=0,c=false/false,a=IDLE,uri=null,age=0} onFillable enter HttpChannelState@218543cb{s=IDLE rs=BLOCKING os=OPEN is=IDLE awp=false se=false i=true al=0} null
13:18:57.422 [qtp1834758074-128] DEBUG org.eclipse.jetty.io.ChannelEndPoint - filled 523 HeapByteBuffer@6d50e55e[p=0,l=523,c=8192,r=523]={<<<POST /__admin/mappings HT...b-83ff-08c138e23c1a"\r\n}>>>\x00\x00\x00\x00\x00\x00\x00\x00\x00...\x00\x00\x00\x00\x00\x00\x00}
13:18:57.422 [qtp1834758074-128] DEBUG org.eclipse.jetty.server.HttpConnection - HttpConnection@32bbb866::NetworkTrafficSocketChannelEndPoint@6e7faa4f{/127.0.0.1:65043<->/127.0.0.1:8080,OPEN,fill=-,flush=-,to=0/30000}{io=0/0,kio=0,kro=1}->HttpConnection@32bbb866[p=HttpParser{s=START,0 of -1},g=HttpGenerator@10ee8008{s=START}]=>HttpChannelOverHttp@6487c13f{s=HttpChannelState@218543cb{s=IDLE rs=BLOCKING os=OPEN is=IDLE awp=false se=false i=true al=0},r=0,c=false/false,a=IDLE,uri=null,age=0} filled 523 HeapByteBuffer@6d50e55e[p=0,l=523,c=8192,r=523]={<<<POST /__admin/mappings HT...b-83ff-08c138e23c1a"\r\n}>>>\x00\x00\x00\x00\x00\x00\x00\x00\x00...\x00\x00\x00\x00\x00\x00\x00}
13:18:57.422 [qtp1834758074-128] DEBUG org.eclipse.jetty.server.HttpConnection - HttpConnection@32bbb866::NetworkTrafficSocketChannelEndPoint@6e7faa4f{/127.0.0.1:65043<->/127.0.0.1:8080,OPEN,fill=-,flush=-,to=0/30000}{io=0/0,kio=0,kro=1}->HttpConnection@32bbb866[p=HttpParser{s=START,0 of -1},g=HttpGenerator@10ee8008{s=START}]=>HttpChannelOverHttp@6487c13f{s=HttpChannelState@218543cb{s=IDLE rs=BLOCKING os=OPEN is=IDLE awp=false se=false i=true al=0},r=0,c=false/false,a=IDLE,uri=null,age=0} parse HeapByteBuffer@6d50e55e[p=0,l=523,c=8192,r=523]={<<<POST /__admin/mappings HT...b-83ff-08c138e23c1a"\r\n}>>>\x00\x00\x00\x00\x00\x00\x00\x00\x00...\x00\x00\x00\x00\x00\x00\x00} {}
13:18:57.422 [qtp1834758074-128] DEBUG org.eclipse.jetty.http.HttpParser - parseNext s=START HeapByteBuffer@6d50e55e[p=0,l=523,c=8192,r=523]={<<<POST /__admin/mappings HT...b-83ff-08c138e23c1a"\r\n}>>>\x00\x00\x00\x00\x00\x00\x00\x00\x00...\x00\x00\x00\x00\x00\x00\x00}
13:18:57.422 [qtp1834758074-128] DEBUG org.eclipse.jetty.http.HttpParser - START --> SPACE1
13:18:57.423 [qtp1834758074-128] DEBUG org.eclipse.jetty.http.HttpParser - SPACE1 --> URI
13:18:57.423 [qtp1834758074-128] DEBUG org.eclipse.jetty.http.HttpParser - URI --> SPACE2
13:18:57.423 [qtp1834758074-128] DEBUG org.eclipse.jetty.http.HttpParser - SPACE2 --> REQUEST_VERSION
13:18:57.423 [qtp1834758074-128] DEBUG org.eclipse.jetty.http.HttpParser - REQUEST_VERSION --> HEADER
13:18:57.423 [qtp1834758074-128] DEBUG org.eclipse.jetty.http.HttpParser - HEADER:Content-Length --> VALUE
13:18:57.423 [qtp1834758074-128] DEBUG org.eclipse.jetty.http.HttpParser - HEADER:Content-Length --> IN_VALUE
13:18:57.423 [qtp1834758074-128] DEBUG org.eclipse.jetty.http.HttpParser - HEADER:Content-Length --> FIELD
13:18:57.423 [qtp1834758074-128] DEBUG org.eclipse.jetty.http.HttpParser - HEADER:Content-Type: text/plain; charset=UTF-8 --> IN_VALUE
13:18:57.423 [qtp1834758074-128] DEBUG org.eclipse.jetty.http.HttpParser - HEADER:Content-Type: text/plain; charset=UTF-8 --> FIELD
13:18:57.423 [qtp1834758074-128] DEBUG org.eclipse.jetty.http.HttpParser - HEADER:Host --> VALUE
13:18:57.423 [qtp1834758074-128] DEBUG org.eclipse.jetty.http.HttpParser - HEADER:Host --> IN_VALUE
13:18:57.423 [qtp1834758074-128] DEBUG org.eclipse.jetty.http.HttpParser - HEADER:Host --> FIELD
13:18:57.423 [qtp1834758074-128] DEBUG org.eclipse.jetty.http.HttpParser - HEADER:Connection: keep-alive --> IN_VALUE
13:18:57.423 [qtp1834758074-128] DEBUG org.eclipse.jetty.http.HttpParser - HEADER:Connection: keep-alive --> FIELD
13:18:57.423 [qtp1834758074-128] DEBUG org.eclipse.jetty.http.HttpParser - HEADER:User-Agent --> VALUE
13:18:57.423 [qtp1834758074-128] DEBUG org.eclipse.jetty.http.HttpParser - HEADER:User-Agent --> IN_VALUE
13:18:57.423 [qtp1834758074-128] DEBUG org.eclipse.jetty.http.HttpParser - HEADER:User-Agent --> FIELD
13:18:57.423 [qtp1834758074-128] DEBUG org.eclipse.jetty.http.HttpParser - HEADER --> CONTENT
13:18:57.423 [qtp1834758074-128] DEBUG org.eclipse.jetty.server.HttpChannel - REQUEST for //localhost:8080/__admin/mappings on HttpChannelOverHttp@6487c13f{s=HttpChannelState@218543cb{s=IDLE rs=BLOCKING os=OPEN is=IDLE awp=false se=false i=true al=0},r=1,c=false/false,a=IDLE,uri=//localhost:8080/__admin/mappings,age=0}
POST //localhost:8080/__admin/mappings HTTP/1.1
Content-Length: 328
Content-Type: text/plain; charset=UTF-8
Host: localhost:8080
Connection: keep-alive
User-Agent: Apache-HttpClient/4.5.12 (Java/11.0.2)


13:18:57.424 [qtp1834758074-128] DEBUG org.eclipse.jetty.server.HttpConnection - HttpConnection@32bbb866::NetworkTrafficSocketChannelEndPoint@6e7faa4f{/127.0.0.1:65043<->/127.0.0.1:8080,OPEN,fill=-,flush=-,to=1/30000}{io=0/0,kio=0,kro=1}->HttpConnection@32bbb866[p=HttpParser{s=CONTENT,0 of 328},g=HttpGenerator@10ee8008{s=START}]=>HttpChannelOverHttp@6487c13f{s=HttpChannelState@218543cb{s=IDLE rs=BLOCKING os=OPEN is=IDLE awp=false se=false i=true al=0},r=1,c=false/false,a=IDLE,uri=//localhost:8080/__admin/mappings,age=1} parsed true HttpParser{s=CONTENT,0 of 328}
13:18:57.424 [qtp1834758074-128] DEBUG org.eclipse.jetty.server.HttpChannel - handle //localhost:8080/__admin/mappings HttpChannelOverHttp@6487c13f{s=HttpChannelState@218543cb{s=IDLE rs=BLOCKING os=OPEN is=IDLE awp=false se=false i=true al=0},r=1,c=false/false,a=IDLE,uri=//localhost:8080/__admin/mappings,age=1} 
13:18:57.424 [qtp1834758074-128] DEBUG org.eclipse.jetty.server.HttpChannelState - handling HttpChannelState@218543cb{s=IDLE rs=BLOCKING os=OPEN is=IDLE awp=false se=false i=true al=0}
13:18:57.424 [qtp1834758074-128] DEBUG org.eclipse.jetty.server.HttpChannel - action DISPATCH HttpChannelOverHttp@6487c13f{s=HttpChannelState@218543cb{s=HANDLING rs=BLOCKING os=OPEN is=IDLE awp=false se=false i=true al=0},r=1,c=false/false,a=HANDLING,uri=//localhost:8080/__admin/mappings,age=1}
13:18:57.424 [qtp1834758074-128] DEBUG org.eclipse.jetty.server.Server - REQUEST POST /__admin/mappings on HttpChannelOverHttp@6487c13f{s=HttpChannelState@218543cb{s=HANDLING rs=BLOCKING os=OPEN is=IDLE awp=false se=false i=true al=0},r=1,c=false/false,a=HANDLING,uri=//localhost:8080/__admin/mappings,age=1}
13:18:57.424 [qtp1834758074-128] DEBUG org.eclipse.jetty.server.handler.ContextHandler - scope null||/__admin/mappings @ o.e.j.s.ServletContextHandler@21c2f3c8{/__admin,null,AVAILABLE}
13:18:57.424 [qtp1834758074-128] DEBUG org.eclipse.jetty.server.handler.ContextHandler - context=/__admin||/mappings @ o.e.j.s.ServletContextHandler@21c2f3c8{/__admin,null,AVAILABLE}
13:18:57.424 [qtp1834758074-128] DEBUG org.eclipse.jetty.servlet.ServletHandler - servlet /__admin|/mappings|null -> com.github.tomakehurst.wiremock.servlet.WireMockHandlerDispatchingServlet-65554823@9907e3b2==com.github.tomakehurst.wiremock.servlet.WireMockHandlerDispatchingServlet,jsp=null,order=-1,inst=false,async=true
13:18:57.424 [qtp1834758074-128] DEBUG org.eclipse.jetty.servlet.ServletHandler - chain=org.eclipse.jetty.servlets.CrossOriginFilter-1de8942c@1de8942c==org.eclipse.jetty.servlets.CrossOriginFilter,inst=true,async=true->com.github.tomakehurst.wiremock.servlet.WireMockHandlerDispatchingServlet-65554823@9907e3b2==com.github.tomakehurst.wiremock.servlet.WireMockHandlerDispatchingServlet,jsp=null,order=-1,inst=false,async=true
13:18:57.424 [qtp1834758074-128] DEBUG org.eclipse.jetty.servlet.ServletHolder - Servlet.init com.github.tomakehurst.wiremock.servlet.WireMockHandlerDispatchingServlet@63971684 for com.github.tomakehurst.wiremock.servlet.WireMockHandlerDispatchingServlet-65554823
13:18:57.427 [qtp1834758074-128] INFO org.eclipse.jetty.server.handler.ContextHandler.__admin - RequestHandlerClass from context returned com.github.tomakehurst.wiremock.http.AdminRequestHandler. Normalized mapped under returned 'null'
13:18:57.427 [qtp1834758074-128] DEBUG org.eclipse.jetty.servlet.ServletHandler - call filter org.eclipse.jetty.servlets.CrossOriginFilter-1de8942c@1de8942c==org.eclipse.jetty.servlets.CrossOriginFilter,inst=true,async=true
13:18:57.427 [qtp1834758074-128] DEBUG org.eclipse.jetty.servlet.ServletHandler - call servlet com.github.tomakehurst.wiremock.servlet.WireMockHandlerDispatchingServlet-65554823@9907e3b2==com.github.tomakehurst.wiremock.servlet.WireMockHandlerDispatchingServlet,jsp=null,order=-1,inst=true,async=true
13:18:57.428 [qtp1834758074-128] DEBUG org.eclipse.jetty.server.HttpConnection - HttpConnection@32bbb866::NetworkTrafficSocketChannelEndPoint@6e7faa4f{/127.0.0.1:65043<->/127.0.0.1:8080,OPEN,fill=-,flush=-,to=5/30000}{io=0/0,kio=0,kro=1}->HttpConnection@32bbb866[p=HttpParser{s=CONTENT,0 of 328},g=HttpGenerator@10ee8008{s=START}]=>HttpChannelOverHttp@6487c13f{s=HttpChannelState@218543cb{s=HANDLING rs=BLOCKING os=OPEN is=IDLE awp=false se=false i=true al=0},r=1,c=false/false,a=HANDLING,uri=//localhost:8080/__admin/mappings,age=5} parse HeapByteBuffer@6d50e55e[p=195,l=523,c=8192,r=328]={POST /__a....2)\r\n\r\n<<<{\r\n  "id" : "946928c0-4ae...b-83ff-08c138e23c1a"\r\n}>>>\x00\x00\x00\x00\x00\x00\x00\x00\x00...\x00\x00\x00\x00\x00\x00\x00} {}
13:18:57.428 [qtp1834758074-128] DEBUG org.eclipse.jetty.http.HttpParser - parseNext s=CONTENT HeapByteBuffer@6d50e55e[p=195,l=523,c=8192,r=328]={POST /__a....2)\r\n\r\n<<<{\r\n  "id" : "946928c0-4ae...b-83ff-08c138e23c1a"\r\n}>>>\x00\x00\x00\x00\x00\x00\x00\x00\x00...\x00\x00\x00\x00\x00\x00\x00}
13:18:57.428 [qtp1834758074-128] DEBUG org.eclipse.jetty.server.HttpChannel - onContent HttpChannelOverHttp@6487c13f{s=HttpChannelState@218543cb{s=HANDLING rs=BLOCKING os=OPEN is=IDLE awp=false se=false i=true al=0},r=1,c=false/false,a=HANDLING,uri=//localhost:8080/__admin/mappings,age=5} Content@67a88e2e{HeapByteBufferR@22aa1cbf[p=195,l=523,c=8192,r=328]={POST /__a....2)\r\n\r\n<<<{\r\n  "id" : "946928c0-4ae...b-83ff-08c138e23c1a"\r\n}>>>\x00\x00\x00\x00\x00\x00\x00\x00\x00...\x00\x00\x00\x00\x00\x00\x00}}
13:18:57.428 [qtp1834758074-128] DEBUG org.eclipse.jetty.server.HttpInput - HttpInputOverHTTP@483a67a1[c=0,q=0,[0]=null,s=STREAM] addContent Content@67a88e2e{HeapByteBufferR@22aa1cbf[p=195,l=523,c=8192,r=328]={POST /__a....2)\r\n\r\n<<<{\r\n  "id" : "946928c0-4ae...b-83ff-08c138e23c1a"\r\n}>>>\x00\x00\x00\x00\x00\x00\x00\x00\x00...\x00\x00\x00\x00\x00\x00\x00}}
13:18:57.428 [qtp1834758074-128] DEBUG org.eclipse.jetty.http.HttpParser - CONTENT --> CONTENT_END
13:18:57.428 [qtp1834758074-128] DEBUG org.eclipse.jetty.server.HttpChannel - onContentComplete HttpChannelOverHttp@6487c13f{s=HttpChannelState@218543cb{s=HANDLING rs=BLOCKING os=OPEN is=IDLE awp=false se=false i=true al=0},r=1,c=false/false,a=HANDLING,uri=//localhost:8080/__admin/mappings,age=5}
13:18:57.428 [qtp1834758074-128] DEBUG org.eclipse.jetty.http.HttpParser - CONTENT_END --> END
13:18:57.428 [qtp1834758074-128] DEBUG org.eclipse.jetty.server.HttpChannel - onRequestComplete HttpChannelOverHttp@6487c13f{s=HttpChannelState@218543cb{s=HANDLING rs=BLOCKING os=OPEN is=IDLE awp=false se=false i=true al=0},r=1,c=false/false,a=HANDLING,uri=//localhost:8080/__admin/mappings,age=5}
13:18:57.428 [qtp1834758074-128] DEBUG org.eclipse.jetty.server.HttpInput - HttpInputOverHTTP@483a67a1[c=0,q=1,[0]=EOF,s=STREAM] addContent EOF
13:18:57.429 [qtp1834758074-128] DEBUG org.eclipse.jetty.server.HttpConnection - HttpConnection@32bbb866::NetworkTrafficSocketChannelEndPoint@6e7faa4f{/127.0.0.1:65043<->/127.0.0.1:8080,OPEN,fill=-,flush=-,to=6/30000}{io=0/0,kio=0,kro=1}->HttpConnection@32bbb866[p=HttpParser{s=END,328 of 328},g=HttpGenerator@10ee8008{s=START}]=>HttpChannelOverHttp@6487c13f{s=HttpChannelState@218543cb{s=HANDLING rs=BLOCKING os=OPEN is=IDLE awp=false se=false i=true al=0},r=1,c=false/false,a=HANDLING,uri=//localhost:8080/__admin/mappings,age=6} parsed false HttpParser{s=END,328 of 328}
13:18:57.429 [qtp1834758074-128] DEBUG org.eclipse.jetty.server.HttpInput - HttpInputOverHTTP@483a67a1[c=328,q=1,[0]=EOF,s=STREAM] read 328 from Content@67a88e2e{HeapByteBufferR@22aa1cbf[p=523,l=523,c=8192,r=0]={POST /__a...c1a"\r\n}<<<>>>\x00\x00\x00\x00\x00\x00\x00\x00\x00...\x00\x00\x00\x00\x00\x00\x00}}
13:18:57.429 [qtp1834758074-128] DEBUG org.eclipse.jetty.server.HttpConnection - releaseRequestBuffer HttpConnection@32bbb866::NetworkTrafficSocketChannelEndPoint@6e7faa4f{/127.0.0.1:65043<->/127.0.0.1:8080,OPEN,fill=-,flush=-,to=6/30000}{io=0/0,kio=0,kro=1}->HttpConnection@32bbb866[p=HttpParser{s=END,328 of 328},g=HttpGenerator@10ee8008{s=START}]=>HttpChannelOverHttp@6487c13f{s=HttpChannelState@218543cb{s=HANDLING rs=BLOCKING os=OPEN is=IDLE awp=false se=false i=true al=0},r=1,c=false/false,a=HANDLING,uri=//localhost:8080/__admin/mappings,age=6}
13:18:57.429 [qtp1834758074-128] DEBUG org.eclipse.jetty.server.HttpChannelState - onEof HttpChannelState@218543cb{s=HANDLING rs=BLOCKING os=OPEN is=IDLE awp=false se=false i=true al=0}
13:18:57.452 [qtp1834758074-128] DEBUG org.eclipse.jetty.server.HttpOutput - write(array HeapByteBuffer@13427b14[p=0,l=328,c=8192,r=328]={<<<{\r\n  "id" : "946928c0-4ae...b-83ff-08c138e23c1a"\r\n}>>>\x00\x00\x00\x00\x00\x00\x00\x00\x00...\x00\x00\x00\x00\x00\x00\x00})
13:18:57.452 [qtp1834758074-128] DEBUG org.eclipse.jetty.server.HttpOutput - write(array) s=OPEN,api=BLOCKING,sc=false,e=null aggregated !flush DirectByteBuffer@30385eac[p=0,l=328,c=32768,r=328]={<<<{\r\n  "id" : "946928c0-4ae...b-83ff-08c138e23c1a"\r\n}>>>\x00\x00\x00\x00\x00\x00\x00\x00\x00...\x00\x00\x00\x00\x00\x00\x00}
13:18:57.452 [qtp1834758074-128] DEBUG org.eclipse.jetty.server.HttpChannel - sendResponse info=null content=DirectByteBuffer@30385eac[p=0,l=328,c=32768,r=328]={<<<{\r\n  "id" : "946928c0-4ae...b-83ff-08c138e23c1a"\r\n}>>>\x00\x00\x00\x00\x00\x00\x00\x00\x00...\x00\x00\x00\x00\x00\x00\x00} complete=false committing=true callback=Blocker@4285e3f0{null}
13:18:57.452 [qtp1834758074-128] DEBUG org.eclipse.jetty.server.HttpChannel - COMMIT for /__admin/mappings on HttpChannelOverHttp@6487c13f{s=HttpChannelState@218543cb{s=HANDLING rs=BLOCKING os=COMMITTED is=READY awp=false se=false i=true al=0},r=1,c=false/false,a=HANDLING,uri=//localhost:8080/__admin/mappings,age=29}
201 null HTTP/1.1
Content-Type: application/json


13:18:57.452 [qtp1834758074-128] DEBUG org.eclipse.jetty.server.HttpConnection - generate: NEED_HEADER for org.eclipse.jetty.server.HttpConnection$SendCallback@5919836e[PROCESSING][i=HTTP/1.1{s=201,h=1,cl=-1},cb=org.eclipse.jetty.server.HttpChannel$SendCallback@5983d982] (null,[p=0,l=328,c=32768,r=328],false)@START
13:18:57.452 [qtp1834758074-128] DEBUG org.eclipse.jetty.http.HttpGenerator - generateHeaders HTTP/1.1{s=201,h=1,cl=-1} last=false content=DirectByteBuffer@30385eac[p=0,l=328,c=32768,r=328]={<<<{\r\n  "id" : "946928c0-4ae...b-83ff-08c138e23c1a"\r\n}>>>\x00\x00\x00\x00\x00\x00\x00\x00\x00...\x00\x00\x00\x00\x00\x00\x00}
13:18:57.452 [qtp1834758074-128] DEBUG org.eclipse.jetty.http.HttpGenerator - Content-Type: application/json


13:18:57.452 [qtp1834758074-128] DEBUG org.eclipse.jetty.http.HttpGenerator - CHUNKED_CONTENT
13:18:57.452 [qtp1834758074-128] DEBUG org.eclipse.jetty.server.HttpConnection - generate: FLUSH for org.eclipse.jetty.server.HttpConnection$SendCallback@5919836e[PROCESSING][i=HTTP/1.1{s=201,h=1,cl=-1},cb=org.eclipse.jetty.server.HttpChannel$SendCallback@5983d982] ([p=0,l=122,c=8192,r=122],[p=0,l=328,c=32768,r=328],false)@COMMITTED
13:18:57.452 [qtp1834758074-128] DEBUG org.eclipse.jetty.io.WriteFlusher - write: WriteFlusher@2b3c3120{IDLE}->null [HeapByteBuffer@6d50e55e[p=0,l=122,c=8192,r=122]={<<<HTTP/1.1 201 Created\r\nCon....28.v20200408)\r\n\r\n148\r\n>>>ction: Ke...\x00\x00\x00\x00\x00\x00\x00},DirectByteBuffer@30385eac[p=0,l=328,c=32768,r=328]={<<<{\r\n  "id" : "946928c0-4ae...b-83ff-08c138e23c1a"\r\n}>>>\x00\x00\x00\x00\x00\x00\x00\x00\x00...\x00\x00\x00\x00\x00\x00\x00}]
13:18:57.452 [qtp1834758074-128] DEBUG org.eclipse.jetty.io.WriteFlusher - update WriteFlusher@2b3c3120{WRITING}->null:IDLE-->WRITING
13:18:57.454 [Test worker] DEBUG org.apache.http.wire - http-outgoing-5 << "HTTP/1.1 201 Created[\r][\n]"
13:18:57.454 [Test worker] DEBUG org.apache.http.wire - http-outgoing-5 << "Content-Type: application/json[\r][\n]"
13:18:57.454 [Test worker] DEBUG org.apache.http.wire - http-outgoing-5 << "Transfer-Encoding: chunked[\r][\n]"
13:18:57.454 [Test worker] DEBUG org.apache.http.wire - http-outgoing-5 << "Server: Jetty(9.4.28.v20200408)[\r][\n]"
13:18:57.454 [Test worker] DEBUG org.apache.http.wire - http-outgoing-5 << "[\r][\n]"
13:18:57.454 [Test worker] DEBUG org.apache.http.wire - http-outgoing-5 << "148[\r][\n]"
13:18:57.454 [qtp1834758074-128] DEBUG org.eclipse.jetty.io.ChannelEndPoint - flushed 122 NetworkTrafficSocketChannelEndPoint@6e7faa4f{/127.0.0.1:65043<->/127.0.0.1:8080,OPEN,fill=-,flush=W,to=31/30000}{io=0/0,kio=0,kro=1}->HttpConnection@32bbb866[p=HttpParser{s=END,328 of 328},g=HttpGenerator@10ee8008{s=COMMITTED}]=>HttpChannelOverHttp@6487c13f{s=HttpChannelState@218543cb{s=HANDLING rs=BLOCKING os=COMMITTED is=READY awp=false se=false i=true al=0},r=1,c=false/false,a=HANDLING,uri=//localhost:8080/__admin/mappings,age=31}
13:18:57.454 [Test worker] DEBUG org.apache.http.headers - http-outgoing-5 << HTTP/1.1 201 Created
13:18:57.454 [Test worker] DEBUG org.apache.http.headers - http-outgoing-5 << Content-Type: application/json
13:18:57.454 [Test worker] DEBUG org.apache.http.headers - http-outgoing-5 << Transfer-Encoding: chunked
13:18:57.454 [Test worker] DEBUG org.apache.http.headers - http-outgoing-5 << Server: Jetty(9.4.28.v20200408)
13:18:57.454 [Test worker] DEBUG org.apache.http.impl.execchain.MainClientExec - Connection can be kept alive indefinitely
13:18:57.454 [Test worker] DEBUG org.apache.http.wire - http-outgoing-5 << "{[\r][\n]"
13:18:57.454 [Test worker] DEBUG org.apache.http.wire - http-outgoing-5 << "  "id" : "946928c0-4aeb-417b-83ff-08c138e23c1a",[\r][\n]"
13:18:57.454 [Test worker] DEBUG org.apache.http.wire - http-outgoing-5 << "  "request" : {[\r][\n]"
13:18:57.454 [Test worker] DEBUG org.apache.http.wire - http-outgoing-5 << "    "url" : "/api/v0/components/provision-adapters/jobs/01bd8171-c219-47a1-b831-c1aa538629c9",[\r][\n]"
13:18:57.455 [Test worker] DEBUG org.apache.http.wire - http-outgoing-5 << "    "method" : "GET"[\r][\n]"
13:18:57.455 [Test worker] DEBUG org.apache.http.wire - http-outgoing-5 << "  },[\r][\n]"
13:18:57.455 [Test worker] DEBUG org.apache.http.wire - http-outgoing-5 << "  "response" : {[\r][\n]"
13:18:57.455 [Test worker] DEBUG org.apache.http.wire - http-outgoing-5 << "    "status" : 200,[\r][\n]"
13:18:57.455 [Test worker] DEBUG org.apache.http.wire - http-outgoing-5 << "    "fixedDelayMilliseconds" : 2100[\r][\n]"
13:18:57.455 [Test worker] DEBUG org.apache.http.wire - http-outgoing-5 << "  },[\r][\n]"
13:18:57.455 [Test worker] DEBUG org.apache.http.wire - http-outgoing-5 << "  "uuid" : "946928c0-4aeb-417b-83ff-08c138e23c1a"[\r][\n]"
13:18:57.455 [Test worker] DEBUG org.apache.http.wire - http-outgoing-5 << "}"
13:18:57.455 [qtp1834758074-128] DEBUG org.eclipse.jetty.io.ChannelEndPoint - flushed 328 NetworkTrafficSocketChannelEndPoint@6e7faa4f{/127.0.0.1:65043<->/127.0.0.1:8080,OPEN,fill=-,flush=W,to=0/30000}{io=0/0,kio=0,kro=1}->HttpConnection@32bbb866[p=HttpParser{s=END,328 of 328},g=HttpGenerator@10ee8008{s=COMMITTED}]=>HttpChannelOverHttp@6487c13f{s=HttpChannelState@218543cb{s=HANDLING rs=BLOCKING os=COMMITTED is=READY awp=false se=false i=true al=0},r=1,c=false/false,a=HANDLING,uri=//localhost:8080/__admin/mappings,age=32}
13:18:57.455 [qtp1834758074-128] DEBUG org.eclipse.jetty.io.WriteFlusher - Flushed=true written=450 remaining=0 WriteFlusher@2b3c3120{WRITING}->null
13:18:57.455 [qtp1834758074-128] DEBUG org.eclipse.jetty.io.WriteFlusher - update WriteFlusher@2b3c3120{IDLE}->null:WRITING-->IDLE
13:18:57.455 [qtp1834758074-128] DEBUG org.eclipse.jetty.server.HttpConnection - generate: DONE for org.eclipse.jetty.server.HttpConnection$SendCallback@5919836e[PROCESSING][i=HTTP/1.1{s=201,h=1,cl=-1},cb=org.eclipse.jetty.server.HttpChannel$SendCallback@5983d982] ([p=122,l=122,c=8192,r=0],[p=328,l=328,c=32768,r=0],false)@COMMITTED
13:18:57.455 [qtp1834758074-128] DEBUG org.eclipse.jetty.server.HttpOutput - onWriteComplete(false,null) s=OPEN,api=BLOCKED,sc=false,e=null->s=OPEN,api=BLOCKING,sc=false,e=null c=null cb=null w=false
13:18:57.455 [qtp1834758074-128] DEBUG org.eclipse.jetty.server.HttpOutput - close() s=CLOSING,api=BLOCKED,sc=false,e=null c=HeapByteBuffer@137d328[p=0,l=0,c=0,r=0]={<<<>>>} b=Blocker@4285e3f0{null}
13:18:57.455 [qtp1834758074-128] DEBUG org.eclipse.jetty.server.HttpChannel - sendResponse info=null content=HeapByteBuffer@137d328[p=0,l=0,c=0,r=0]={<<<>>>} complete=true committing=false callback=Blocker@4285e3f0{null}
13:18:57.455 [qtp1834758074-128] DEBUG org.eclipse.jetty.server.HttpConnection - generate: CONTINUE for org.eclipse.jetty.server.HttpConnection$SendCallback@5919836e[PROCESSING][i=null,cb=org.eclipse.jetty.server.HttpChannel$SendCallback@46cbddd4] (null,[p=0,l=0,c=0,r=0],true)@COMPLETING
13:18:57.455 [qtp1834758074-128] DEBUG org.eclipse.jetty.server.HttpConnection - generate: NEED_CHUNK for org.eclipse.jetty.server.HttpConnection$SendCallback@5919836e[PROCESSING][i=null,cb=org.eclipse.jetty.server.HttpChannel$SendCallback@46cbddd4] (null,[p=0,l=0,c=0,r=0],true)@COMPLETING
13:18:57.455 [qtp1834758074-128] DEBUG org.eclipse.jetty.server.HttpConnection - generate: FLUSH for org.eclipse.jetty.server.HttpConnection$SendCallback@5919836e[PROCESSING][i=null,cb=org.eclipse.jetty.server.HttpChannel$SendCallback@46cbddd4] (null,[p=0,l=0,c=0,r=0],true)@COMPLETING
13:18:57.455 [qtp1834758074-128] DEBUG org.eclipse.jetty.io.WriteFlusher - write: WriteFlusher@2b3c3120{IDLE}->null [HeapByteBuffer@53dc3490[p=0,l=7,c=1024,r=7]={<<<\r\n0\r\n\r\n>>>\x00\x00\x00\x00\x00\x00\x00\x00\x00...\x00\x00\x00\x00\x00\x00\x00}]
13:18:57.455 [qtp1834758074-128] DEBUG org.eclipse.jetty.io.WriteFlusher - update WriteFlusher@2b3c3120{WRITING}->null:IDLE-->WRITING
13:18:57.455 [Test worker] DEBUG org.apache.http.wire - http-outgoing-5 << "[\r][\n]"
13:18:57.455 [Test worker] DEBUG org.apache.http.wire - http-outgoing-5 << "0[\r][\n]"
13:18:57.455 [Test worker] DEBUG org.apache.http.wire - http-outgoing-5 << "[\r][\n]"
13:18:57.456 [Test worker] DEBUG org.apache.http.impl.conn.PoolingHttpClientConnectionManager - Connection [id: 5][route: {}->http://localhost:8080] can be kept alive indefinitely
13:18:57.456 [Test worker] DEBUG org.apache.http.impl.conn.DefaultManagedHttpClientConnection - http-outgoing-5: set socket timeout to 0
13:18:57.456 [Test worker] DEBUG org.apache.http.impl.conn.PoolingHttpClientConnectionManager - Connection released: [id: 5][route: {}->http://localhost:8080][total available: 1; route allocated: 1 of 5; total allocated: 1 of 50]
13:18:57.457 [qtp1834758074-128] DEBUG org.eclipse.jetty.io.ChannelEndPoint - flushed 7 NetworkTrafficSocketChannelEndPoint@6e7faa4f{/127.0.0.1:65043<->/127.0.0.1:8080,OPEN,fill=-,flush=W,to=1/30000}{io=0/0,kio=0,kro=1}->HttpConnection@32bbb866[p=HttpParser{s=END,328 of 328},g=HttpGenerator@10ee8008{s=COMPLETING}]=>HttpChannelOverHttp@6487c13f{s=HttpChannelState@218543cb{s=HANDLING rs=BLOCKING os=COMMITTED is=READY awp=false se=false i=true al=0},r=1,c=false/false,a=HANDLING,uri=//localhost:8080/__admin/mappings,age=33}
13:18:57.457 [qtp1834758074-128] DEBUG org.eclipse.jetty.io.WriteFlusher - Flushed=true written=7 remaining=0 WriteFlusher@2b3c3120{WRITING}->null
13:18:57.457 [qtp1834758074-128] DEBUG org.eclipse.jetty.io.WriteFlusher - update WriteFlusher@2b3c3120{IDLE}->null:WRITING-->IDLE
13:18:57.458 [qtp1834758074-128] DEBUG org.eclipse.jetty.server.HttpConnection - generate: DONE for org.eclipse.jetty.server.HttpConnection$SendCallback@5919836e[PROCESSING][i=null,cb=org.eclipse.jetty.server.HttpChannel$SendCallback@46cbddd4] (null,[p=0,l=0,c=0,r=0],true)@END
13:18:57.458 [qtp1834758074-128] DEBUG org.eclipse.jetty.server.HttpOutput - onWriteComplete(true,null) s=CLOSING,api=BLOCKED,sc=false,e=null->s=CLOSED,api=BLOCKING,sc=false,e=null c=null cb=null w=false
13:18:57.458 [qtp1834758074-128] DEBUG org.eclipse.jetty.server.handler.gzip.GzipHandler - GzipHandler@4d098ee1{STARTED,min=32,inflate=-1} handle Request[POST //localhost:8080/__admin/mappings]@1454a8a0 in null
13:18:57.458 [qtp1834758074-128] DEBUG org.eclipse.jetty.server.handler.ContextHandler - scope null||/__admin/mappings @ o.e.j.s.ServletContextHandler@62fe5902{/,null,AVAILABLE}
13:18:57.458 [qtp1834758074-128] DEBUG org.eclipse.jetty.server.Server - handled=true async=false committed=true on HttpChannelOverHttp@6487c13f{s=HttpChannelState@218543cb{s=HANDLING rs=BLOCKING os=COMPLETED is=READY awp=false se=false i=true al=0},r=1,c=false/true,a=HANDLING,uri=//localhost:8080/__admin/mappings,age=35}
13:18:57.458 [qtp1834758074-128] DEBUG org.eclipse.jetty.server.HttpChannelState - unhandle HttpChannelState@218543cb{s=HANDLING rs=BLOCKING os=COMPLETED is=READY awp=false se=false i=true al=0}
13:18:57.458 [qtp1834758074-128] DEBUG org.eclipse.jetty.server.HttpChannelState - nextAction(false) COMPLETE HttpChannelState@218543cb{s=HANDLING rs=COMPLETING os=COMPLETED is=READY awp=false se=false i=false al=0}
13:18:57.458 [qtp1834758074-128] DEBUG org.eclipse.jetty.server.HttpChannel - action COMPLETE HttpChannelOverHttp@6487c13f{s=HttpChannelState@218543cb{s=HANDLING rs=COMPLETING os=COMPLETED is=READY awp=false se=false i=false al=0},r=1,c=false/true,a=HANDLING,uri=//localhost:8080/__admin/mappings,age=35}
13:18:57.458 [qtp1834758074-128] DEBUG org.eclipse.jetty.server.HttpOutput - complete(org.eclipse.jetty.util.Callback$4@5eab2e3b) s=CLOSED,api=BLOCKING,sc=false,e=null s=true e=null, c=null
13:18:57.458 [qtp1834758074-128] DEBUG org.eclipse.jetty.server.HttpChannelState - completed HttpChannelState@218543cb{s=HANDLING rs=COMPLETING os=COMPLETED is=READY awp=false se=false i=false al=0}
13:18:57.458 [qtp1834758074-128] DEBUG org.eclipse.jetty.server.HttpChannelState - unhandle HttpChannelState@218543cb{s=HANDLING rs=COMPLETED os=COMPLETED is=READY awp=false se=false i=false al=0}
13:18:57.458 [qtp1834758074-128] DEBUG org.eclipse.jetty.server.HttpChannelState - nextAction(false) TERMINATED HttpChannelState@218543cb{s=IDLE rs=COMPLETED os=COMPLETED is=READY awp=false se=false i=false al=0}
13:18:57.459 [qtp1834758074-128] DEBUG org.eclipse.jetty.server.HttpChannel - action TERMINATED HttpChannelOverHttp@6487c13f{s=HttpChannelState@218543cb{s=IDLE rs=COMPLETED os=COMPLETED is=READY awp=false se=false i=false al=0},r=1,c=true/true,a=IDLE,uri=//localhost:8080/__admin/mappings,age=36}
13:18:57.459 [qtp1834758074-128] DEBUG org.eclipse.jetty.server.HttpChannel - onCompleted for /__admin/mappings written=328
13:18:57.459 [qtp1834758074-128] DEBUG org.eclipse.jetty.server.HttpChannelState - recycle HttpChannelState@218543cb{s=IDLE rs=COMPLETED os=COMPLETED is=READY awp=false se=false i=false al=0}
13:18:57.459 [qtp1834758074-128] DEBUG org.eclipse.jetty.http.HttpParser - reset HttpParser{s=END,328 of 328}
13:18:57.459 [qtp1834758074-128] DEBUG org.eclipse.jetty.http.HttpParser - END --> START
13:18:57.459 [Test worker] DEBUG org.springframework.web.reactive.function.client.ExchangeFunctions - [2d9caf69] HTTP GET http://localhost:8080/api/v0/components/provision-adapters/jobs/01bd8171-c219-47a1-b831-c1aa538629c9
13:18:57.460 [qtp1834758074-128] DEBUG org.eclipse.jetty.server.HttpChannel - !handle TERMINATED HttpChannelOverHttp@6487c13f{s=HttpChannelState@218543cb{s=IDLE rs=BLOCKING os=OPEN is=IDLE awp=false se=false i=true al=0},r=1,c=false/false,a=IDLE,uri=null,age=0}
13:18:57.462 [qtp1834758074-128] DEBUG org.eclipse.jetty.io.ChannelEndPoint - filled 0 HeapByteBuffer@6d50e55e[p=0,l=0,c=8192,r=0]={<<<>>>HTTP/1.1 ...\x00\x00\x00\x00\x00\x00\x00}
13:18:57.462 [reactor-http-nio-1] DEBUG reactor.netty.resources.PooledConnectionProvider - [id: 0xf8814f06] Created a new pooled channel, now 1 active connections and 0 inactive connections
13:18:57.462 [qtp1834758074-128] DEBUG org.eclipse.jetty.io.ChannelEndPoint - filled 0 HeapByteBuffer@6d50e55e[p=0,l=0,c=8192,r=0]={<<<>>>HTTP/1.1 ...\x00\x00\x00\x00\x00\x00\x00}
13:18:57.462 [qtp1834758074-128] DEBUG org.eclipse.jetty.server.HttpConnection - HttpConnection@32bbb866::NetworkTrafficSocketChannelEndPoint@6e7faa4f{/127.0.0.1:65043<->/127.0.0.1:8080,OPEN,fill=-,flush=-,to=4/30000}{io=0/0,kio=0,kro=1}->HttpConnection@32bbb866[p=HttpParser{s=START,0 of -1},g=HttpGenerator@10ee8008{s=START}]=>HttpChannelOverHttp@6487c13f{s=HttpChannelState@218543cb{s=IDLE rs=BLOCKING os=OPEN is=IDLE awp=false se=false i=true al=0},r=1,c=false/false,a=IDLE,uri=null,age=0} filled 0 HeapByteBuffer@6d50e55e[p=0,l=0,c=8192,r=0]={<<<>>>HTTP/1.1 ...\x00\x00\x00\x00\x00\x00\x00}
13:18:57.462 [qtp1834758074-128] DEBUG org.eclipse.jetty.server.HttpConnection - HttpConnection@32bbb866::NetworkTrafficSocketChannelEndPoint@6e7faa4f{/127.0.0.1:65043<->/127.0.0.1:8080,OPEN,fill=-,flush=-,to=4/30000}{io=0/0,kio=0,kro=1}->HttpConnection@32bbb866[p=HttpParser{s=START,0 of -1},g=HttpGenerator@10ee8008{s=START}]=>HttpChannelOverHttp@6487c13f{s=HttpChannelState@218543cb{s=IDLE rs=BLOCKING os=OPEN is=IDLE awp=false se=false i=true al=0},r=1,c=false/false,a=IDLE,uri=null,age=0} parse HeapByteBuffer@6d50e55e[p=0,l=0,c=8192,r=0]={<<<>>>HTTP/1.1 ...\x00\x00\x00\x00\x00\x00\x00} {}
13:18:57.462 [reactor-http-nio-1] DEBUG reactor.netty.channel.BootstrapHandlers - [id: 0xf8814f06] Initialized pipeline DefaultChannelPipeline{(BootstrapHandlers$BootstrapInitializerHandler#0 = reactor.netty.channel.BootstrapHandlers$BootstrapInitializerHandler), (PooledConnectionProvider$PooledConnectionAllocator$PooledConnectionInitializer#0 = reactor.netty.resources.PooledConnectionProvider$PooledConnectionAllocator$PooledConnectionInitializer), (reactor.left.httpCodec = io.netty.handler.codec.http.HttpClientCodec), (reactor.right.reactiveBridge = reactor.netty.channel.ChannelOperationsHandler)}
13:18:57.465 [qtp1834758074-128] DEBUG org.eclipse.jetty.http.HttpParser - parseNext s=START HeapByteBuffer@6d50e55e[p=0,l=0,c=8192,r=0]={<<<>>>HTTP/1.1 ...\x00\x00\x00\x00\x00\x00\x00}
13:18:57.465 [qtp1834758074-128] DEBUG org.eclipse.jetty.server.HttpConnection - HttpConnection@32bbb866::NetworkTrafficSocketChannelEndPoint@6e7faa4f{/127.0.0.1:65043<->/127.0.0.1:8080,OPEN,fill=-,flush=-,to=7/30000}{io=0/0,kio=0,kro=1}->HttpConnection@32bbb866[p=HttpParser{s=START,0 of -1},g=HttpGenerator@10ee8008{s=START}]=>HttpChannelOverHttp@6487c13f{s=HttpChannelState@218543cb{s=IDLE rs=BLOCKING os=OPEN is=IDLE awp=false se=false i=true al=0},r=1,c=false/false,a=IDLE,uri=null,age=0} parsed false HttpParser{s=START,0 of -1}
13:18:57.466 [qtp1834758074-128] DEBUG org.eclipse.jetty.server.HttpConnection - releaseRequestBuffer HttpConnection@32bbb866::NetworkTrafficSocketChannelEndPoint@6e7faa4f{/127.0.0.1:65043<->/127.0.0.1:8080,OPEN,fill=-,flush=-,to=8/30000}{io=0/0,kio=0,kro=1}->HttpConnection@32bbb866[p=HttpParser{s=START,0 of -1},g=HttpGenerator@10ee8008{s=START}]=>HttpChannelOverHttp@6487c13f{s=HttpChannelState@218543cb{s=IDLE rs=BLOCKING os=OPEN is=IDLE awp=false se=false i=true al=0},r=1,c=false/false,a=IDLE,uri=null,age=0}
13:18:57.466 [qtp1834758074-128] DEBUG org.eclipse.jetty.io.AbstractConnection - fillInterested HttpConnection@32bbb866::NetworkTrafficSocketChannelEndPoint@6e7faa4f{/127.0.0.1:65043<->/127.0.0.1:8080,OPEN,fill=-,flush=-,to=8/30000}{io=0/0,kio=0,kro=1}->HttpConnection@32bbb866[p=HttpParser{s=START,0 of -1},g=HttpGenerator@10ee8008{s=START}]=>HttpChannelOverHttp@6487c13f{s=HttpChannelState@218543cb{s=IDLE rs=BLOCKING os=OPEN is=IDLE awp=false se=false i=true al=0},r=1,c=false/false,a=IDLE,uri=null,age=0}
13:18:57.466 [qtp1834758074-128] DEBUG org.eclipse.jetty.io.FillInterest - interested FillInterest@4a3a2513{AC.ReadCB@32bbb866{HttpConnection@32bbb866::NetworkTrafficSocketChannelEndPoint@6e7faa4f{/127.0.0.1:65043<->/127.0.0.1:8080,OPEN,fill=FI,flush=-,to=0/30000}{io=0/0,kio=0,kro=1}->HttpConnection@32bbb866[p=HttpParser{s=START,0 of -1},g=HttpGenerator@10ee8008{s=START}]=>HttpChannelOverHttp@6487c13f{s=HttpChannelState@218543cb{s=IDLE rs=BLOCKING os=OPEN is=IDLE awp=false se=false i=true al=0},r=1,c=false/false,a=IDLE,uri=null,age=0}}}
13:18:57.466 [qtp1834758074-128] DEBUG org.eclipse.jetty.io.ChannelEndPoint - changeInterests p=false 0->1 for NetworkTrafficSocketChannelEndPoint@6e7faa4f{/127.0.0.1:65043<->/127.0.0.1:8080,OPEN,fill=FI,flush=-,to=0/30000}{io=0/1,kio=0,kro=1}->HttpConnection@32bbb866[p=HttpParser{s=START,0 of -1},g=HttpGenerator@10ee8008{s=START}]=>HttpChannelOverHttp@6487c13f{s=HttpChannelState@218543cb{s=IDLE rs=BLOCKING os=OPEN is=IDLE awp=false se=false i=true al=0},r=1,c=false/false,a=IDLE,uri=null,age=0}
13:18:57.466 [qtp1834758074-128] DEBUG org.eclipse.jetty.io.ManagedSelector - Queued change org.eclipse.jetty.io.ChannelEndPoint$1@41aabc84 on ManagedSelector@66c94438{STARTED} id=1 keys=1 selected=0 updates=0
13:18:57.466 [qtp1834758074-128] DEBUG org.eclipse.jetty.io.ManagedSelector - Wakeup on submit ManagedSelector@66c94438{STARTED} id=1 keys=1 selected=0 updates=1
13:18:57.466 [qtp1834758074-122] DEBUG org.eclipse.jetty.io.ManagedSelector - Selector sun.nio.ch.WindowsSelectorImpl@51086512 woken with none selected
13:18:57.466 [qtp1834758074-122] DEBUG org.eclipse.jetty.io.ManagedSelector - Selector sun.nio.ch.WindowsSelectorImpl@51086512 woken up from select, 0/0/1 selected
13:18:57.466 [qtp1834758074-122] DEBUG org.eclipse.jetty.io.ManagedSelector - Selector sun.nio.ch.WindowsSelectorImpl@51086512 processing 0 keys, 1 updates
13:18:57.466 [qtp1834758074-122] DEBUG org.eclipse.jetty.io.ManagedSelector - updateable 1
13:18:57.466 [qtp1834758074-122] DEBUG org.eclipse.jetty.io.ManagedSelector - update org.eclipse.jetty.io.ChannelEndPoint$1@41aabc84
13:18:57.466 [qtp1834758074-122] DEBUG org.eclipse.jetty.io.ChannelEndPoint - Key interests updated 0 -> 1 on NetworkTrafficSocketChannelEndPoint@6e7faa4f{/127.0.0.1:65043<->/127.0.0.1:8080,OPEN,fill=FI,flush=-,to=0/30000}{io=1/1,kio=1,kro=1}->HttpConnection@32bbb866[p=HttpParser{s=START,0 of -1},g=HttpGenerator@10ee8008{s=START}]=>HttpChannelOverHttp@6487c13f{s=HttpChannelState@218543cb{s=IDLE rs=BLOCKING os=OPEN is=IDLE awp=false se=false i=true al=0},r=1,c=false/false,a=IDLE,uri=null,age=0}
13:18:57.466 [qtp1834758074-122] DEBUG org.eclipse.jetty.io.ManagedSelector - updates 0
13:18:57.466 [qtp1834758074-122] DEBUG org.eclipse.jetty.io.ManagedSelector - Selector sun.nio.ch.WindowsSelectorImpl@51086512 waiting with 1 keys
13:18:57.466 [qtp1834758074-128] DEBUG org.eclipse.jetty.server.HttpConnection - HttpConnection@32bbb866::NetworkTrafficSocketChannelEndPoint@6e7faa4f{/127.0.0.1:65043<->/127.0.0.1:8080,OPEN,fill=FI,flush=-,to=0/30000}{io=1/1,kio=1,kro=1}->HttpConnection@32bbb866[p=HttpParser{s=START,0 of -1},g=HttpGenerator@10ee8008{s=START}]=>HttpChannelOverHttp@6487c13f{s=HttpChannelState@218543cb{s=IDLE rs=BLOCKING os=OPEN is=IDLE awp=false se=false i=true al=0},r=1,c=false/false,a=IDLE,uri=null,age=0} onFillable exit HttpChannelState@218543cb{s=IDLE rs=BLOCKING os=OPEN is=IDLE awp=false se=false i=true al=0} null
13:18:57.467 [qtp1834758074-128] DEBUG org.eclipse.jetty.util.thread.QueuedThreadPool - ran CEP:NetworkTrafficSocketChannelEndPoint@6e7faa4f{/127.0.0.1:65043<->/127.0.0.1:8080,OPEN,fill=FI,flush=-,to=0/30000}{io=1/1,kio=1,kro=1}->HttpConnection@32bbb866[p=HttpParser{s=START,0 of -1},g=HttpGenerator@10ee8008{s=START}]=>HttpChannelOverHttp@6487c13f{s=HttpChannelState@218543cb{s=IDLE rs=BLOCKING os=OPEN is=IDLE awp=false se=false i=true al=0},r=1,c=false/false,a=IDLE,uri=null,age=0}:runFillable:BLOCKING in QueuedThreadPool[qtp1834758074]@6d5c2fba{STARTED,8<=8<=14,i=1,r=1,q=0}[ReservedThreadExecutor@62506fd7{s=1/1,p=0}]
13:18:57.492 [reactor-http-nio-1] DEBUG reactor.netty.resources.PooledConnectionProvider - [id: 0xf8814f06, L:/127.0.0.1:65044 - R:localhost/127.0.0.1:8080] Registering pool release on close event for channel
13:18:57.493 [reactor-http-nio-1] DEBUG reactor.netty.resources.PooledConnectionProvider - [id: 0xf8814f06, L:/127.0.0.1:65044 - R:localhost/127.0.0.1:8080] Channel connected, now 1 active connections and 0 inactive connections
13:18:57.493 [reactor-http-nio-1] DEBUG reactor.netty.resources.PooledConnectionProvider - [id: 0xf8814f06, L:/127.0.0.1:65044 - R:localhost/127.0.0.1:8080] onStateChange(PooledConnection{channel=[id: 0xf8814f06, L:/127.0.0.1:65044 - R:localhost/127.0.0.1:8080]}, [connected])
13:18:57.493 [reactor-http-nio-1] DEBUG reactor.netty.resources.PooledConnectionProvider - [id: 0xf8814f06, L:/127.0.0.1:65044 - R:localhost/127.0.0.1:8080] onStateChange(GET{uri=/, connection=PooledConnection{channel=[id: 0xf8814f06, L:/127.0.0.1:65044 - R:localhost/127.0.0.1:8080]}}, [configured])
13:18:57.494 [reactor-http-nio-1] DEBUG reactor.netty.ReactorNetty - [id: 0xf8814f06, L:/127.0.0.1:65044 - R:localhost/127.0.0.1:8080] Added decoder [ReadTimeoutHandler] at the end of the user pipeline, full pipeline: [reactor.left.httpCodec, ReadTimeoutHandler, reactor.right.reactiveBridge, DefaultChannelPipeline$TailContext#0]
13:18:57.494 [reactor-http-nio-1] DEBUG reactor.netty.ReactorNetty - [id: 0xf8814f06, L:/127.0.0.1:65044 - R:localhost/127.0.0.1:8080] Added decoder [WriteTimeoutHandler] at the end of the user pipeline, full pipeline: [reactor.left.httpCodec, ReadTimeoutHandler, WriteTimeoutHandler, reactor.right.reactiveBridge, DefaultChannelPipeline$TailContext#0]
13:18:57.494 [reactor-http-nio-1] DEBUG reactor.netty.http.client.HttpClientConnect - [id: 0xf8814f06, L:/127.0.0.1:65044 - R:localhost/127.0.0.1:8080] Handler is being applied: {uri=http://localhost:8080/api/v0/components/provision-adapters/jobs/01bd8171-c219-47a1-b831-c1aa538629c9, method=GET}
13:18:57.495 [reactor-http-nio-1] DEBUG reactor.netty.resources.PooledConnectionProvider - [id: 0xf8814f06, L:/127.0.0.1:65044 - R:localhost/127.0.0.1:8080] onStateChange(GET{uri=/api/v0/components/provision-adapters/jobs/01bd8171-c219-47a1-b831-c1aa538629c9, connection=PooledConnection{channel=[id: 0xf8814f06, L:/127.0.0.1:65044 - R:localhost/127.0.0.1:8080]}}, [request_prepared])
13:18:57.499 [reactor-http-nio-1] DEBUG reactor.netty.resources.PooledConnectionProvider - [id: 0xf8814f06, L:/127.0.0.1:65044 - R:localhost/127.0.0.1:8080] onStateChange(GET{uri=/api/v0/components/provision-adapters/jobs/01bd8171-c219-47a1-b831-c1aa538629c9, connection=PooledConnection{channel=[id: 0xf8814f06, L:/127.0.0.1:65044 - R:localhost/127.0.0.1:8080]}}, [request_sent])
13:18:57.500 [qtp1834758074-125-acceptor-2@66507263-NetworkTrafficServerConnector@301fffd7{HTTP/1.1, (http/1.1)}{0.0.0.0:8080}] DEBUG org.eclipse.jetty.io.ManagedSelector - Queued change org.eclipse.jetty.io.ManagedSelector$Accept@a906067 on ManagedSelector@59551159{STARTED} id=0 keys=0 selected=0 updates=0
13:18:57.500 [qtp1834758074-125-acceptor-2@66507263-NetworkTrafficServerConnector@301fffd7{HTTP/1.1, (http/1.1)}{0.0.0.0:8080}] DEBUG org.eclipse.jetty.io.ManagedSelector - Wakeup on submit ManagedSelector@59551159{STARTED} id=0 keys=0 selected=0 updates=1
13:18:57.500 [qtp1834758074-121] DEBUG org.eclipse.jetty.io.ManagedSelector - Selector sun.nio.ch.WindowsSelectorImpl@40883a69 woken with none selected
13:18:57.500 [qtp1834758074-121] DEBUG org.eclipse.jetty.io.ManagedSelector - Selector sun.nio.ch.WindowsSelectorImpl@40883a69 woken up from select, 0/0/0 selected
13:18:57.500 [qtp1834758074-121] DEBUG org.eclipse.jetty.io.ManagedSelector - Selector sun.nio.ch.WindowsSelectorImpl@40883a69 processing 0 keys, 1 updates
13:18:57.501 [qtp1834758074-121] DEBUG org.eclipse.jetty.io.ManagedSelector - updateable 1
13:18:57.501 [qtp1834758074-121] DEBUG org.eclipse.jetty.io.ManagedSelector - update org.eclipse.jetty.io.ManagedSelector$Accept@a906067
13:18:57.501 [qtp1834758074-121] DEBUG org.eclipse.jetty.util.thread.QueuedThreadPool - queue org.eclipse.jetty.io.ManagedSelector$Accept@a906067 startThread=0
13:18:57.501 [qtp1834758074-121] DEBUG org.eclipse.jetty.io.ManagedSelector - updates 0
13:18:57.501 [qtp1834758074-121] DEBUG org.eclipse.jetty.io.ManagedSelector - Selector sun.nio.ch.WindowsSelectorImpl@40883a69 waiting with 1 keys
13:18:57.526 [qtp1834758074-127] DEBUG org.eclipse.jetty.util.thread.QueuedThreadPool - run org.eclipse.jetty.io.ManagedSelector$Accept@a906067 in QueuedThreadPool[qtp1834758074]@6d5c2fba{STARTED,8<=8<=14,i=1,r=1,q=0}[ReservedThreadExecutor@62506fd7{s=1/1,p=0}]
13:18:57.527 [qtp1834758074-127] DEBUG org.eclipse.jetty.io.IdleTimeout - NetworkTrafficSocketChannelEndPoint@3371ec6a{/127.0.0.1:65044<->/127.0.0.1:8080,OPEN,fill=-,flush=-,to=0/30000}{io=0/0,kio=0,kro=0}-><null> idle timeout check, elapsed: 0 ms, remaining: 30000 ms
13:18:57.527 [qtp1834758074-127] DEBUG org.eclipse.jetty.server.HttpChannel - new HttpChannelOverHttp@3db61474{s=HttpChannelState@3989871a{s=IDLE rs=BLOCKING os=OPEN is=IDLE awp=false se=false i=true al=0},r=0,c=false/false,a=IDLE,uri=null,age=0} -> NetworkTrafficSocketChannelEndPoint@3371ec6a{/127.0.0.1:65044<->/127.0.0.1:8080,OPEN,fill=-,flush=-,to=0/30000}{io=0/0,kio=0,kro=0}-><null>,null,HttpChannelState@3989871a{s=IDLE rs=BLOCKING os=OPEN is=IDLE awp=false se=false i=true al=0}
13:18:57.527 [qtp1834758074-127] DEBUG org.eclipse.jetty.server.HttpConnection - New HTTP Connection HttpConnection@7c8b1e4f::NetworkTrafficSocketChannelEndPoint@3371ec6a{/127.0.0.1:65044<->/127.0.0.1:8080,OPEN,fill=-,flush=-,to=0/30000}{io=0/0,kio=0,kro=0}-><null>
13:18:57.528 [qtp1834758074-127] DEBUG org.eclipse.jetty.io.AbstractEndPoint - onOpen NetworkTrafficSocketChannelEndPoint@3371ec6a{/127.0.0.1:65044<->/127.0.0.1:8080,OPEN,fill=-,flush=-,to=0/30000}{io=0/0,kio=0,kro=0}->HttpConnection@7c8b1e4f[p=HttpParser{s=START,0 of -1},g=HttpGenerator@4025af08{s=START}]=>HttpChannelOverHttp@3db61474{s=HttpChannelState@3989871a{s=IDLE rs=BLOCKING os=OPEN is=IDLE awp=false se=false i=true al=0},r=0,c=false/false,a=IDLE,uri=null,age=0}
13:18:57.528 [qtp1834758074-127] DEBUG org.eclipse.jetty.io.AbstractConnection - onOpen HttpConnection@7c8b1e4f::NetworkTrafficSocketChannelEndPoint@3371ec6a{/127.0.0.1:65044<->/127.0.0.1:8080,OPEN,fill=-,flush=-,to=0/30000}{io=0/0,kio=0,kro=0}->HttpConnection@7c8b1e4f[p=HttpParser{s=START,0 of -1},g=HttpGenerator@4025af08{s=START}]=>HttpChannelOverHttp@3db61474{s=HttpChannelState@3989871a{s=IDLE rs=BLOCKING os=OPEN is=IDLE awp=false se=false i=true al=0},r=0,c=false/false,a=IDLE,uri=null,age=0}
13:18:57.528 [qtp1834758074-127] DEBUG org.eclipse.jetty.io.AbstractConnection - fillInterested HttpConnection@7c8b1e4f::NetworkTrafficSocketChannelEndPoint@3371ec6a{/127.0.0.1:65044<->/127.0.0.1:8080,OPEN,fill=-,flush=-,to=0/30000}{io=0/0,kio=0,kro=0}->HttpConnection@7c8b1e4f[p=HttpParser{s=START,0 of -1},g=HttpGenerator@4025af08{s=START}]=>HttpChannelOverHttp@3db61474{s=HttpChannelState@3989871a{s=IDLE rs=BLOCKING os=OPEN is=IDLE awp=false se=false i=true al=0},r=0,c=false/false,a=IDLE,uri=null,age=0}
13:18:57.528 [qtp1834758074-127] DEBUG org.eclipse.jetty.io.FillInterest - interested FillInterest@4d3d06cc{AC.ReadCB@7c8b1e4f{HttpConnection@7c8b1e4f::NetworkTrafficSocketChannelEndPoint@3371ec6a{/127.0.0.1:65044<->/127.0.0.1:8080,OPEN,fill=FI,flush=-,to=0/30000}{io=0/0,kio=0,kro=0}->HttpConnection@7c8b1e4f[p=HttpParser{s=START,0 of -1},g=HttpGenerator@4025af08{s=START}]=>HttpChannelOverHttp@3db61474{s=HttpChannelState@3989871a{s=IDLE rs=BLOCKING os=OPEN is=IDLE awp=false se=false i=true al=0},r=0,c=false/false,a=IDLE,uri=null,age=0}}}
13:18:57.528 [qtp1834758074-127] DEBUG org.eclipse.jetty.io.ChannelEndPoint - changeInterests p=false 0->1 for NetworkTrafficSocketChannelEndPoint@3371ec6a{/127.0.0.1:65044<->/127.0.0.1:8080,OPEN,fill=FI,flush=-,to=0/30000}{io=0/1,kio=0,kro=0}->HttpConnection@7c8b1e4f[p=HttpParser{s=START,0 of -1},g=HttpGenerator@4025af08{s=START}]=>HttpChannelOverHttp@3db61474{s=HttpChannelState@3989871a{s=IDLE rs=BLOCKING os=OPEN is=IDLE awp=false se=false i=true al=0},r=0,c=false/false,a=IDLE,uri=null,age=0}
13:18:57.528 [qtp1834758074-127] DEBUG org.eclipse.jetty.io.ManagedSelector - Queued change org.eclipse.jetty.io.ChannelEndPoint$1@3879e926 on ManagedSelector@59551159{STARTED} id=0 keys=1 selected=0 updates=0
13:18:57.528 [qtp1834758074-127] DEBUG org.eclipse.jetty.io.ManagedSelector - Wakeup on submit ManagedSelector@59551159{STARTED} id=0 keys=1 selected=0 updates=1
13:18:57.528 [qtp1834758074-121] DEBUG org.eclipse.jetty.io.ManagedSelector - Selector sun.nio.ch.WindowsSelectorImpl@40883a69 woken with none selected
13:18:57.528 [qtp1834758074-121] DEBUG org.eclipse.jetty.io.ManagedSelector - Selector sun.nio.ch.WindowsSelectorImpl@40883a69 woken up from select, 0/0/1 selected
13:18:57.528 [qtp1834758074-121] DEBUG org.eclipse.jetty.io.ManagedSelector - Selector sun.nio.ch.WindowsSelectorImpl@40883a69 processing 0 keys, 1 updates
13:18:57.528 [qtp1834758074-121] DEBUG org.eclipse.jetty.io.ManagedSelector - updateable 1
13:18:57.529 [qtp1834758074-121] DEBUG org.eclipse.jetty.io.ManagedSelector - update org.eclipse.jetty.io.ChannelEndPoint$1@3879e926
13:18:57.529 [qtp1834758074-121] DEBUG org.eclipse.jetty.io.ChannelEndPoint - Key interests updated 0 -> 1 on NetworkTrafficSocketChannelEndPoint@3371ec6a{/127.0.0.1:65044<->/127.0.0.1:8080,OPEN,fill=FI,flush=-,to=0/30000}{io=1/1,kio=1,kro=0}->HttpConnection@7c8b1e4f[p=HttpParser{s=START,0 of -1},g=HttpGenerator@4025af08{s=START}]=>HttpChannelOverHttp@3db61474{s=HttpChannelState@3989871a{s=IDLE rs=BLOCKING os=OPEN is=IDLE awp=false se=false i=true al=0},r=0,c=false/false,a=IDLE,uri=null,age=0}
13:18:57.529 [qtp1834758074-121] DEBUG org.eclipse.jetty.io.ManagedSelector - updates 0
13:18:57.529 [qtp1834758074-121] DEBUG org.eclipse.jetty.io.ManagedSelector - Selector sun.nio.ch.WindowsSelectorImpl@40883a69 waiting with 1 keys
13:18:57.529 [qtp1834758074-121] DEBUG org.eclipse.jetty.io.ManagedSelector - Selector sun.nio.ch.WindowsSelectorImpl@40883a69 woken up from select, 1/1/1 selected
13:18:57.529 [qtp1834758074-121] DEBUG org.eclipse.jetty.io.ManagedSelector - Selector sun.nio.ch.WindowsSelectorImpl@40883a69 processing 1 keys, 0 updates
13:18:57.529 [qtp1834758074-121] DEBUG org.eclipse.jetty.io.ManagedSelector - selected 1 channel=java.nio.channels.SocketChannel[connected local=/127.0.0.1:8080 remote=/127.0.0.1:65044], selector=sun.nio.ch.WindowsSelectorImpl@40883a69, interestOps=1, readyOps=1 NetworkTrafficSocketChannelEndPoint@3371ec6a{/127.0.0.1:65044<->/127.0.0.1:8080,OPEN,fill=FI,flush=-,to=0/30000}{io=1/1,kio=1,kro=1}->HttpConnection@7c8b1e4f[p=HttpParser{s=START,0 of -1},g=HttpGenerator@4025af08{s=START}]=>HttpChannelOverHttp@3db61474{s=HttpChannelState@3989871a{s=IDLE rs=BLOCKING os=OPEN is=IDLE awp=false se=false i=true al=0},r=0,c=false/false,a=IDLE,uri=null,age=0} 
13:18:57.529 [qtp1834758074-121] DEBUG org.eclipse.jetty.io.ChannelEndPoint - onSelected 1->0 r=true w=false for NetworkTrafficSocketChannelEndPoint@3371ec6a{/127.0.0.1:65044<->/127.0.0.1:8080,OPEN,fill=FI,flush=-,to=1/30000}{io=1/0,kio=1,kro=1}->HttpConnection@7c8b1e4f[p=HttpParser{s=START,0 of -1},g=HttpGenerator@4025af08{s=START}]=>HttpChannelOverHttp@3db61474{s=HttpChannelState@3989871a{s=IDLE rs=BLOCKING os=OPEN is=IDLE awp=false se=false i=true al=0},r=0,c=false/false,a=IDLE,uri=null,age=0}
13:18:57.529 [qtp1834758074-121] DEBUG org.eclipse.jetty.io.ChannelEndPoint - task CEP:NetworkTrafficSocketChannelEndPoint@3371ec6a{/127.0.0.1:65044<->/127.0.0.1:8080,OPEN,fill=FI,flush=-,to=1/30000}{io=1/0,kio=1,kro=1}->HttpConnection@7c8b1e4f[p=HttpParser{s=START,0 of -1},g=HttpGenerator@4025af08{s=START}]=>HttpChannelOverHttp@3db61474{s=HttpChannelState@3989871a{s=IDLE rs=BLOCKING os=OPEN is=IDLE awp=false se=false i=true al=0},r=0,c=false/false,a=IDLE,uri=null,age=0}:runFillable:BLOCKING
13:18:57.529 [qtp1834758074-121] DEBUG org.eclipse.jetty.util.thread.ReservedThreadExecutor - ReservedThreadExecutor@62506fd7{s=1/1,p=0} tryExecute EatWhatYouKill@3eac1a1a/SelectorProducer@1b3d1278/PRODUCING/p=false/QueuedThreadPool[qtp1834758074]@6d5c2fba{STARTED,8<=8<=14,i=1,r=1,q=0}[ReservedThreadExecutor@62506fd7{s=1/1,p=0}][pc=0,pic=0,pec=0,epc=0]@2020-09-25T13:18:57.5294655+02:00
13:18:57.529 [qtp1834758074-121] DEBUG org.eclipse.jetty.util.thread.ReservedThreadExecutor - ReservedThreadExecutor@62506fd7{s=0/1,p=0}@5bf00e62 offer EatWhatYouKill@3eac1a1a/SelectorProducer@1b3d1278/PRODUCING/p=false/QueuedThreadPool[qtp1834758074]@6d5c2fba{STARTED,8<=8<=14,i=1,r=1,q=0}[ReservedThreadExecutor@62506fd7{s=0/1,p=0}][pc=0,pic=0,pec=0,epc=0]@2020-09-25T13:18:57.5294655+02:00
13:18:57.529 [qtp1834758074-121] DEBUG org.eclipse.jetty.util.thread.ReservedThreadExecutor - ReservedThreadExecutor@62506fd7{s=0/1,p=1} startReservedThread p=1
13:18:57.529 [qtp1834758074-121] DEBUG org.eclipse.jetty.util.thread.QueuedThreadPool - queue ReservedThreadExecutor@62506fd7{s=0/1,p=1}@4a705119 startThread=0
13:18:57.530 [qtp1834758074-121] DEBUG org.eclipse.jetty.util.thread.strategy.EatWhatYouKill - EatWhatYouKill@3eac1a1a/SelectorProducer@1b3d1278/IDLE/p=true/QueuedThreadPool[qtp1834758074]@6d5c2fba{STARTED,8<=8<=14,i=0,r=1,q=0}[ReservedThreadExecutor@62506fd7{s=0/1,p=1}][pc=0,pic=0,pec=0,epc=0]@2020-09-25T13:18:57.5294655+02:00 m=EXECUTE_PRODUCE_CONSUME t=CEP:NetworkTrafficSocketChannelEndPoint@3371ec6a{/127.0.0.1:65044<->/127.0.0.1:8080,OPEN,fill=FI,flush=-,to=1/30000}{io=1/0,kio=1,kro=1}->HttpConnection@7c8b1e4f[p=HttpParser{s=START,0 of -1},g=HttpGenerator@4025af08{s=START}]=>HttpChannelOverHttp@3db61474{s=HttpChannelState@3989871a{s=IDLE rs=BLOCKING os=OPEN is=IDLE awp=false se=false i=true al=0},r=0,c=false/false,a=IDLE,uri=null,age=0}:runFillable:BLOCKING/BLOCKING
13:18:57.530 [qtp1834758074-121] DEBUG org.eclipse.jetty.io.FillInterest - fillable FillInterest@4d3d06cc{AC.ReadCB@7c8b1e4f{HttpConnection@7c8b1e4f::NetworkTrafficSocketChannelEndPoint@3371ec6a{/127.0.0.1:65044<->/127.0.0.1:8080,OPEN,fill=FI,flush=-,to=1/30000}{io=1/0,kio=1,kro=1}->HttpConnection@7c8b1e4f[p=HttpParser{s=START,0 of -1},g=HttpGenerator@4025af08{s=START}]=>HttpChannelOverHttp@3db61474{s=HttpChannelState@3989871a{s=IDLE rs=BLOCKING os=OPEN is=IDLE awp=false se=false i=true al=0},r=0,c=false/false,a=IDLE,uri=null,age=0}}}
13:18:57.530 [qtp1834758074-121] DEBUG org.eclipse.jetty.server.HttpConnection - HttpConnection@7c8b1e4f::NetworkTrafficSocketChannelEndPoint@3371ec6a{/127.0.0.1:65044<->/127.0.0.1:8080,OPEN,fill=-,flush=-,to=1/30000}{io=1/0,kio=1,kro=1}->HttpConnection@7c8b1e4f[p=HttpParser{s=START,0 of -1},g=HttpGenerator@4025af08{s=START}]=>HttpChannelOverHttp@3db61474{s=HttpChannelState@3989871a{s=IDLE rs=BLOCKING os=OPEN is=IDLE awp=false se=false i=true al=0},r=0,c=false/false,a=IDLE,uri=null,age=0} onFillable enter HttpChannelState@3989871a{s=IDLE rs=BLOCKING os=OPEN is=IDLE awp=false se=false i=true al=0} null
13:18:57.530 [qtp1834758074-121] DEBUG org.eclipse.jetty.io.ChannelEndPoint - filled 195 HeapByteBuffer@6d50e55e[p=0,l=195,c=8192,r=195]={<<<GET /api/v0/components/pr...horization: Bearer \r\n\r\n>>>{\r\n  "id"...\x00\x00\x00\x00\x00\x00\x00}
13:18:57.530 [qtp1834758074-121] DEBUG org.eclipse.jetty.server.HttpConnection - HttpConnection@7c8b1e4f::NetworkTrafficSocketChannelEndPoint@3371ec6a{/127.0.0.1:65044<->/127.0.0.1:8080,OPEN,fill=-,flush=-,to=0/30000}{io=1/0,kio=1,kro=1}->HttpConnection@7c8b1e4f[p=HttpParser{s=START,0 of -1},g=HttpGenerator@4025af08{s=START}]=>HttpChannelOverHttp@3db61474{s=HttpChannelState@3989871a{s=IDLE rs=BLOCKING os=OPEN is=IDLE awp=false se=false i=true al=0},r=0,c=false/false,a=IDLE,uri=null,age=0} filled 195 HeapByteBuffer@6d50e55e[p=0,l=195,c=8192,r=195]={<<<GET /api/v0/components/pr...horization: Bearer \r\n\r\n>>>{\r\n  "id"...\x00\x00\x00\x00\x00\x00\x00}
13:18:57.530 [qtp1834758074-121] DEBUG org.eclipse.jetty.server.HttpConnection - HttpConnection@7c8b1e4f::NetworkTrafficSocketChannelEndPoint@3371ec6a{/127.0.0.1:65044<->/127.0.0.1:8080,OPEN,fill=-,flush=-,to=0/30000}{io=1/0,kio=1,kro=1}->HttpConnection@7c8b1e4f[p=HttpParser{s=START,0 of -1},g=HttpGenerator@4025af08{s=START}]=>HttpChannelOverHttp@3db61474{s=HttpChannelState@3989871a{s=IDLE rs=BLOCKING os=OPEN is=IDLE awp=false se=false i=true al=0},r=0,c=false/false,a=IDLE,uri=null,age=0} parse HeapByteBuffer@6d50e55e[p=0,l=195,c=8192,r=195]={<<<GET /api/v0/components/pr...horization: Bearer \r\n\r\n>>>{\r\n  "id"...\x00\x00\x00\x00\x00\x00\x00} {}
13:18:57.530 [qtp1834758074-121] DEBUG org.eclipse.jetty.http.HttpParser - parseNext s=START HeapByteBuffer@6d50e55e[p=0,l=195,c=8192,r=195]={<<<GET /api/v0/components/pr...horization: Bearer \r\n\r\n>>>{\r\n  "id"...\x00\x00\x00\x00\x00\x00\x00}
13:18:57.530 [qtp1834758074-121] DEBUG org.eclipse.jetty.http.HttpParser - START --> SPACE1
13:18:57.530 [qtp1834758074-121] DEBUG org.eclipse.jetty.http.HttpParser - SPACE1 --> URI
13:18:57.530 [qtp1834758074-121] DEBUG org.eclipse.jetty.http.HttpParser - URI --> SPACE2
13:18:57.530 [qtp1834758074-121] DEBUG org.eclipse.jetty.http.HttpParser - SPACE2 --> REQUEST_VERSION
13:18:57.530 [qtp1834758074-121] DEBUG org.eclipse.jetty.http.HttpParser - REQUEST_VERSION --> HEADER
13:18:57.530 [qtp1834758074-121] DEBUG org.eclipse.jetty.http.HttpParser - HEADER:User-Agent --> VALUE
13:18:57.530 [qtp1834758074-121] DEBUG org.eclipse.jetty.http.HttpParser - HEADER:User-Agent --> IN_VALUE
13:18:57.530 [qtp1834758074-121] DEBUG org.eclipse.jetty.http.HttpParser - HEADER:User-Agent --> FIELD
13:18:57.530 [qtp1834758074-121] DEBUG org.eclipse.jetty.http.HttpParser - HEADER:Host --> VALUE
13:18:57.530 [qtp1834758074-121] DEBUG org.eclipse.jetty.http.HttpParser - HEADER:Host --> IN_VALUE
13:18:57.530 [qtp1834758074-121] DEBUG org.eclipse.jetty.http.HttpParser - HEADER:Host --> FIELD
13:18:57.530 [qtp1834758074-121] DEBUG org.eclipse.jetty.http.HttpParser - HEADER:Accept: */* --> IN_VALUE
13:18:57.530 [qtp1834758074-121] DEBUG org.eclipse.jetty.http.HttpParser - HEADER:Accept: */* --> FIELD
13:18:57.530 [qtp1834758074-121] DEBUG org.eclipse.jetty.http.HttpParser - HEADER:Authorization --> VALUE
13:18:57.530 [qtp1834758074-121] DEBUG org.eclipse.jetty.http.HttpParser - HEADER:Authorization --> IN_VALUE
13:18:57.530 [qtp1834758074-121] DEBUG org.eclipse.jetty.http.HttpParser - HEADER:Authorization --> FIELD
13:18:57.530 [qtp1834758074-121] DEBUG org.eclipse.jetty.http.HttpParser - HEADER --> CONTENT
13:18:57.531 [qtp1834758074-121] DEBUG org.eclipse.jetty.server.HttpChannel - REQUEST for //localhost:8080/api/v0/components/provision-adapters/jobs/01bd8171-c219-47a1-b831-c1aa538629c9 on HttpChannelOverHttp@3db61474{s=HttpChannelState@3989871a{s=IDLE rs=BLOCKING os=OPEN is=IDLE awp=false se=false i=true al=0},r=1,c=false/false,a=IDLE,uri=//localhost:8080/api/v0/components/provision-adapters/jobs/01bd8171-c219-47a1-b831-c1aa538629c9,age=0}
GET //localhost:8080/api/v0/components/provision-adapters/jobs/01bd8171-c219-47a1-b831-c1aa538629c9 HTTP/1.1
User-Agent: ReactorNetty/0.9.7.RELEASE
Host: localhost:8080
Accept: */*
Authorization: Bearer


13:18:57.531 [qtp1834758074-121] DEBUG org.eclipse.jetty.server.HttpConnection - HttpConnection@7c8b1e4f::NetworkTrafficSocketChannelEndPoint@3371ec6a{/127.0.0.1:65044<->/127.0.0.1:8080,OPEN,fill=-,flush=-,to=0/30000}{io=1/0,kio=1,kro=1}->HttpConnection@7c8b1e4f[p=HttpParser{s=CONTENT,0 of -1},g=HttpGenerator@4025af08{s=START}]=>HttpChannelOverHttp@3db61474{s=HttpChannelState@3989871a{s=IDLE rs=BLOCKING os=OPEN is=IDLE awp=false se=false i=true al=0},r=1,c=false/false,a=IDLE,uri=//localhost:8080/api/v0/components/provision-adapters/jobs/01bd8171-c219-47a1-b831-c1aa538629c9,age=0} parsed true HttpParser{s=CONTENT,0 of -1}
13:18:57.531 [qtp1834758074-121] DEBUG org.eclipse.jetty.server.HttpConnection - releaseRequestBuffer HttpConnection@7c8b1e4f::NetworkTrafficSocketChannelEndPoint@3371ec6a{/127.0.0.1:65044<->/127.0.0.1:8080,OPEN,fill=-,flush=-,to=0/30000}{io=1/0,kio=1,kro=1}->HttpConnection@7c8b1e4f[p=HttpParser{s=CONTENT,0 of -1},g=HttpGenerator@4025af08{s=START}]=>HttpChannelOverHttp@3db61474{s=HttpChannelState@3989871a{s=IDLE rs=BLOCKING os=OPEN is=IDLE awp=false se=false i=true al=0},r=1,c=false/false,a=IDLE,uri=//localhost:8080/api/v0/components/provision-adapters/jobs/01bd8171-c219-47a1-b831-c1aa538629c9,age=0}
13:18:57.531 [qtp1834758074-121] DEBUG org.eclipse.jetty.server.HttpChannel - handle //localhost:8080/api/v0/components/provision-adapters/jobs/01bd8171-c219-47a1-b831-c1aa538629c9 HttpChannelOverHttp@3db61474{s=HttpChannelState@3989871a{s=IDLE rs=BLOCKING os=OPEN is=IDLE awp=false se=false i=true al=0},r=1,c=false/false,a=IDLE,uri=//localhost:8080/api/v0/components/provision-adapters/jobs/01bd8171-c219-47a1-b831-c1aa538629c9,age=0} 
13:18:57.531 [qtp1834758074-121] DEBUG org.eclipse.jetty.server.HttpChannelState - handling HttpChannelState@3989871a{s=IDLE rs=BLOCKING os=OPEN is=IDLE awp=false se=false i=true al=0}
13:18:57.531 [qtp1834758074-121] DEBUG org.eclipse.jetty.server.HttpChannel - action DISPATCH HttpChannelOverHttp@3db61474{s=HttpChannelState@3989871a{s=HANDLING rs=BLOCKING os=OPEN is=IDLE awp=false se=false i=true al=0},r=1,c=false/false,a=HANDLING,uri=//localhost:8080/api/v0/components/provision-adapters/jobs/01bd8171-c219-47a1-b831-c1aa538629c9,age=0}
13:18:57.531 [qtp1834758074-121] DEBUG org.eclipse.jetty.server.Server - REQUEST GET /api/v0/components/provision-adapters/jobs/01bd8171-c219-47a1-b831-c1aa538629c9 on HttpChannelOverHttp@3db61474{s=HttpChannelState@3989871a{s=HANDLING rs=BLOCKING os=OPEN is=IDLE awp=false se=false i=true al=0},r=1,c=false/false,a=HANDLING,uri=//localhost:8080/api/v0/components/provision-adapters/jobs/01bd8171-c219-47a1-b831-c1aa538629c9,age=0}
13:18:57.531 [qtp1834758074-121] DEBUG org.eclipse.jetty.server.handler.ContextHandler - scope null||/api/v0/components/provision-adapters/jobs/01bd8171-c219-47a1-b831-c1aa538629c9 @ o.e.j.s.ServletContextHandler@21c2f3c8{/__admin,null,AVAILABLE}
13:18:57.531 [qtp1834758074-121] DEBUG org.eclipse.jetty.server.handler.gzip.GzipHandler - GzipHandler@4d098ee1{STARTED,min=32,inflate=-1} handle Request(GET //localhost:8080/api/v0/components/provision-adapters/jobs/01bd8171-c219-47a1-b831-c1aa538629c9)@f72c633 in null
13:18:57.531 [qtp1834758074-121] DEBUG org.eclipse.jetty.server.handler.ContextHandler - scope null||/api/v0/components/provision-adapters/jobs/01bd8171-c219-47a1-b831-c1aa538629c9 @ o.e.j.s.ServletContextHandler@62fe5902{/,null,AVAILABLE}
13:18:57.531 [qtp1834758074-121] DEBUG org.eclipse.jetty.server.handler.ContextHandler - context=||/api/v0/components/provision-adapters/jobs/01bd8171-c219-47a1-b831-c1aa538629c9 @ o.e.j.s.ServletContextHandler@62fe5902{/,null,AVAILABLE}
13:18:57.531 [qtp1834758074-121] DEBUG org.eclipse.jetty.servlet.ServletHandler - servlet |/api/v0/components/provision-adapters/jobs/01bd8171-c219-47a1-b831-c1aa538629c9|null -> com.github.tomakehurst.wiremock.servlet.WireMockHandlerDispatchingServlet-7aaabb79@66120c9a==com.github.tomakehurst.wiremock.servlet.WireMockHandlerDispatchingServlet,jsp=null,order=-1,inst=false,async=true
13:18:57.531 [qtp1834758074-121] DEBUG org.eclipse.jetty.servlet.ServletHandler - chain=org.eclipse.jetty.servlets.CrossOriginFilter-4c2e3189@4c2e3189==org.eclipse.jetty.servlets.CrossOriginFilter,inst=true,async=true->com.github.tomakehurst.wiremock.servlet.WireMockHandlerDispatchingServlet-7aaabb79@66120c9a==com.github.tomakehurst.wiremock.servlet.WireMockHandlerDispatchingServlet,jsp=null,order=-1,inst=false,async=true
13:18:57.531 [qtp1834758074-121] DEBUG org.eclipse.jetty.servlet.ServletHolder - Servlet.init com.github.tomakehurst.wiremock.servlet.WireMockHandlerDispatchingServlet@e28fec6 for com.github.tomakehurst.wiremock.servlet.WireMockHandlerDispatchingServlet-7aaabb79
13:18:57.532 [qtp1834758074-121] INFO org.eclipse.jetty.server.handler.ContextHandler.ROOT - RequestHandlerClass from context returned com.github.tomakehurst.wiremock.http.StubRequestHandler. Normalized mapped under returned 'null'
13:18:57.532 [qtp1834758074-127] DEBUG org.eclipse.jetty.io.ManagedSelector - Created NetworkTrafficSocketChannelEndPoint@3371ec6a{/127.0.0.1:65044<->/127.0.0.1:8080,OPEN,fill=-,flush=-,to=1/30000}{io=1/0,kio=1,kro=1}->HttpConnection@7c8b1e4f[p=HttpParser{s=CONTENT,0 of -1},g=HttpGenerator@4025af08{s=START}]=>HttpChannelOverHttp@3db61474{s=HttpChannelState@3989871a{s=HANDLING rs=BLOCKING os=OPEN is=IDLE awp=false se=false i=true al=0},r=1,c=false/false,a=HANDLING,uri=//localhost:8080/api/v0/components/provision-adapters/jobs/01bd8171-c219-47a1-b831-c1aa538629c9,age=1}
13:18:57.532 [qtp1834758074-121] DEBUG org.eclipse.jetty.servlet.ServletHandler - call filter org.eclipse.jetty.servlets.CrossOriginFilter-4c2e3189@4c2e3189==org.eclipse.jetty.servlets.CrossOriginFilter,inst=true,async=true
13:18:57.532 [qtp1834758074-127] DEBUG org.eclipse.jetty.util.thread.QueuedThreadPool - ran org.eclipse.jetty.io.ManagedSelector$Accept@a906067 in QueuedThreadPool[qtp1834758074]@6d5c2fba{STARTED,8<=8<=14,i=0,r=1,q=0}[ReservedThreadExecutor@62506fd7{s=0/1,p=1}]
13:18:57.532 [qtp1834758074-121] DEBUG org.eclipse.jetty.servlet.ServletHandler - call servlet com.github.tomakehurst.wiremock.servlet.WireMockHandlerDispatchingServlet-7aaabb79@66120c9a==com.github.tomakehurst.wiremock.servlet.WireMockHandlerDispatchingServlet,jsp=null,order=-1,inst=true,async=true
13:18:57.532 [qtp1834758074-127] DEBUG org.eclipse.jetty.util.thread.QueuedThreadPool - run ReservedThreadExecutor@62506fd7{s=0/1,p=1}@4a705119 in QueuedThreadPool[qtp1834758074]@6d5c2fba{STARTED,8<=8<=14,i=1,r=1,q=0}[ReservedThreadExecutor@62506fd7{s=0/1,p=1}]
13:18:57.532 [qtp1834758074-127] DEBUG org.eclipse.jetty.util.thread.ReservedThreadExecutor - ReservedThreadExecutor@62506fd7{s=1/1,p=1}@4a705119 started
13:18:57.532 [qtp1834758074-127] DEBUG org.eclipse.jetty.util.thread.ReservedThreadExecutor - ReservedThreadExecutor@62506fd7{s=1/1,p=0}@4a705119 waiting
13:18:57.533 [qtp1834758074-121] DEBUG org.eclipse.jetty.io.ChannelEndPoint - filled 0 HeapByteBuffer@6d50e55e[p=0,l=0,c=8192,r=0]={<<<>>>GET /api/...\x00\x00\x00\x00\x00\x00\x00}
13:18:57.533 [qtp1834758074-121] DEBUG org.eclipse.jetty.io.ChannelEndPoint - filled 0 HeapByteBuffer@6d50e55e[p=0,l=0,c=8192,r=0]={<<<>>>GET /api/...\x00\x00\x00\x00\x00\x00\x00}
13:18:57.533 [qtp1834758074-121] DEBUG org.eclipse.jetty.server.HttpConnection - HttpConnection@7c8b1e4f::NetworkTrafficSocketChannelEndPoint@3371ec6a{/127.0.0.1:65044<->/127.0.0.1:8080,OPEN,fill=-,flush=-,to=3/30000}{io=1/0,kio=1,kro=1}->HttpConnection@7c8b1e4f[p=HttpParser{s=CONTENT,0 of -1},g=HttpGenerator@4025af08{s=START}]=>HttpChannelOverHttp@3db61474{s=HttpChannelState@3989871a{s=HANDLING rs=BLOCKING os=OPEN is=IDLE awp=false se=false i=true al=0},r=1,c=false/false,a=HANDLING,uri=//localhost:8080/api/v0/components/provision-adapters/jobs/01bd8171-c219-47a1-b831-c1aa538629c9,age=2} filled 0 HeapByteBuffer@6d50e55e[p=0,l=0,c=8192,r=0]={<<<>>>GET /api/...\x00\x00\x00\x00\x00\x00\x00}
13:18:57.533 [qtp1834758074-121] DEBUG org.eclipse.jetty.server.HttpConnection - HttpConnection@7c8b1e4f::NetworkTrafficSocketChannelEndPoint@3371ec6a{/127.0.0.1:65044<->/127.0.0.1:8080,OPEN,fill=-,flush=-,to=3/30000}{io=1/0,kio=1,kro=1}->HttpConnection@7c8b1e4f[p=HttpParser{s=CONTENT,0 of -1},g=HttpGenerator@4025af08{s=START}]=>HttpChannelOverHttp@3db61474{s=HttpChannelState@3989871a{s=HANDLING rs=BLOCKING os=OPEN is=IDLE awp=false se=false i=true al=0},r=1,c=false/false,a=HANDLING,uri=//localhost:8080/api/v0/components/provision-adapters/jobs/01bd8171-c219-47a1-b831-c1aa538629c9,age=2} parse HeapByteBuffer@6d50e55e[p=0,l=0,c=8192,r=0]={<<<>>>GET /api/...\x00\x00\x00\x00\x00\x00\x00} {}
13:18:57.533 [qtp1834758074-121] DEBUG org.eclipse.jetty.http.HttpParser - parseNext s=CONTENT HeapByteBuffer@6d50e55e[p=0,l=0,c=8192,r=0]={<<<>>>GET /api/...\x00\x00\x00\x00\x00\x00\x00}
13:18:57.533 [qtp1834758074-121] DEBUG org.eclipse.jetty.http.HttpParser - CONTENT --> CONTENT_END
13:18:57.533 [qtp1834758074-121] DEBUG org.eclipse.jetty.server.HttpChannel - onContentComplete HttpChannelOverHttp@3db61474{s=HttpChannelState@3989871a{s=HANDLING rs=BLOCKING os=OPEN is=IDLE awp=false se=false i=true al=0},r=1,c=false/false,a=HANDLING,uri=//localhost:8080/api/v0/components/provision-adapters/jobs/01bd8171-c219-47a1-b831-c1aa538629c9,age=2}
13:18:57.533 [qtp1834758074-121] DEBUG org.eclipse.jetty.http.HttpParser - CONTENT_END --> END
13:18:57.533 [qtp1834758074-121] DEBUG org.eclipse.jetty.server.HttpChannel - onRequestComplete HttpChannelOverHttp@3db61474{s=HttpChannelState@3989871a{s=HANDLING rs=BLOCKING os=OPEN is=IDLE awp=false se=false i=true al=0},r=1,c=false/false,a=HANDLING,uri=//localhost:8080/api/v0/components/provision-adapters/jobs/01bd8171-c219-47a1-b831-c1aa538629c9,age=2}
13:18:57.533 [qtp1834758074-121] DEBUG org.eclipse.jetty.server.HttpInput - HttpInputOverHTTP@3eb74c87[c=0,q=0,[0]=null,s=STREAM] addContent EOF
13:18:57.533 [qtp1834758074-121] DEBUG org.eclipse.jetty.server.HttpConnection - HttpConnection@7c8b1e4f::NetworkTrafficSocketChannelEndPoint@3371ec6a{/127.0.0.1:65044<->/127.0.0.1:8080,OPEN,fill=-,flush=-,to=3/30000}{io=1/0,kio=1,kro=1}->HttpConnection@7c8b1e4f[p=HttpParser{s=END,0 of -1},g=HttpGenerator@4025af08{s=START}]=>HttpChannelOverHttp@3db61474{s=HttpChannelState@3989871a{s=HANDLING rs=BLOCKING os=OPEN is=IDLE awp=false se=false i=true al=0},r=1,c=false/false,a=HANDLING,uri=//localhost:8080/api/v0/components/provision-adapters/jobs/01bd8171-c219-47a1-b831-c1aa538629c9,age=2} parsed false HttpParser{s=END,0 of -1}
13:18:57.533 [qtp1834758074-121] DEBUG org.eclipse.jetty.server.HttpConnection - releaseRequestBuffer HttpConnection@7c8b1e4f::NetworkTrafficSocketChannelEndPoint@3371ec6a{/127.0.0.1:65044<->/127.0.0.1:8080,OPEN,fill=-,flush=-,to=3/30000}{io=1/0,kio=1,kro=1}->HttpConnection@7c8b1e4f[p=HttpParser{s=END,0 of -1},g=HttpGenerator@4025af08{s=START}]=>HttpChannelOverHttp@3db61474{s=HttpChannelState@3989871a{s=HANDLING rs=BLOCKING os=OPEN is=IDLE awp=false se=false i=true al=0},r=1,c=false/false,a=HANDLING,uri=//localhost:8080/api/v0/components/provision-adapters/jobs/01bd8171-c219-47a1-b831-c1aa538629c9,age=2}
13:18:57.534 [qtp1834758074-121] DEBUG org.eclipse.jetty.server.HttpChannelState - onEof HttpChannelState@3989871a{s=HANDLING rs=BLOCKING os=OPEN is=IDLE awp=false se=false i=true al=0}
13:18:57.539 [qtp1834758074-126] DEBUG org.eclipse.jetty.util.thread.ReservedThreadExecutor - ReservedThreadExecutor@62506fd7{s=1/1,p=0}@5bf00e62 task=EatWhatYouKill@3eac1a1a/SelectorProducer@1b3d1278/IDLE/p=true/QueuedThreadPool[qtp1834758074]@6d5c2fba{STARTED,8<=8<=14,i=1,r=1,q=0}[ReservedThreadExecutor@62506fd7{s=1/1,p=0}][pc=0,pic=0,pec=0,epc=1]@2020-09-25T13:18:57.5394661+02:00
13:18:57.540 [qtp1834758074-126] DEBUG org.eclipse.jetty.util.thread.strategy.EatWhatYouKill - EatWhatYouKill@3eac1a1a/SelectorProducer@1b3d1278/IDLE/p=true/QueuedThreadPool[qtp1834758074]@6d5c2fba{STARTED,8<=8<=14,i=1,r=1,q=0}[ReservedThreadExecutor@62506fd7{s=1/1,p=0}][pc=0,pic=0,pec=0,epc=1]@2020-09-25T13:18:57.5394661+02:00 tryProduce true
13:18:57.540 [qtp1834758074-126] DEBUG org.eclipse.jetty.io.ManagedSelector - updateable 0
13:18:57.540 [qtp1834758074-126] DEBUG org.eclipse.jetty.io.ManagedSelector - updates 0
13:18:57.541 [qtp1834758074-126] DEBUG org.eclipse.jetty.io.ChannelEndPoint - Key interests updated 1 -> 0 on NetworkTrafficSocketChannelEndPoint@3371ec6a{/127.0.0.1:65044<->/127.0.0.1:8080,OPEN,fill=-,flush=-,to=10/30000}{io=0/0,kio=0,kro=1}->HttpConnection@7c8b1e4f[p=HttpParser{s=END,0 of -1},g=HttpGenerator@4025af08{s=START}]=>HttpChannelOverHttp@3db61474{s=HttpChannelState@3989871a{s=HANDLING rs=BLOCKING os=OPEN is=READY awp=false se=false i=true al=0},r=1,c=false/false,a=HANDLING,uri=//localhost:8080/api/v0/components/provision-adapters/jobs/01bd8171-c219-47a1-b831-c1aa538629c9,age=10}
13:18:57.541 [qtp1834758074-126] DEBUG org.eclipse.jetty.io.ManagedSelector - Selector sun.nio.ch.WindowsSelectorImpl@40883a69 waiting with 1 keys
13:18:59.494 [reactor-http-nio-1] WARN reactor.netty.http.client.HttpClientConnect - [id: 0xf8814f06, L:/127.0.0.1:65044 - R:localhost/127.0.0.1:8080] The connection observed an error
io.netty.handler.timeout.ReadTimeoutException: null
13:18:59.495 [reactor-http-nio-1] DEBUG org.springframework.web.reactive.function.client.ExchangeFunctions - [2d9caf69] Cancel signal (to close connection)
13:18:59.496 [reactor-http-nio-1] DEBUG reactor.netty.resources.PooledConnectionProvider - [id: 0xf8814f06, L:/127.0.0.1:65044 ! R:localhost/127.0.0.1:8080] Channel closed, now 0 active connections and 0 inactive connections
13:18:59.497 [reactor-http-nio-1] DEBUG reactor.netty.ReactorNetty - [id: 0xf8814f06, L:/127.0.0.1:65044 ! R:localhost/127.0.0.1:8080] Non Removed handler: ReadTimeoutHandler, context: ChannelHandlerContext(ReadTimeoutHandler, [id: 0xf8814f06, L:/127.0.0.1:65044 ! R:localhost/127.0.0.1:8080]), pipeline: DefaultChannelPipeline{(reactor.left.httpCodec = io.netty.handler.codec.http.HttpClientCodec), (ReadTimeoutHandler = io.netty.handler.timeout.ReadTimeoutHandler), (WriteTimeoutHandler = io.netty.handler.timeout.WriteTimeoutHandler), (reactor.right.reactiveBridge = reactor.netty.channel.ChannelOperationsHandler)}
13:18:59.497 [reactor-http-nio-1] DEBUG reactor.netty.ReactorNetty - [id: 0xf8814f06, L:/127.0.0.1:65044 ! R:localhost/127.0.0.1:8080] Non Removed handler: WriteTimeoutHandler, context: ChannelHandlerContext(WriteTimeoutHandler, [id: 0xf8814f06, L:/127.0.0.1:65044 ! R:localhost/127.0.0.1:8080]), pipeline: DefaultChannelPipeline{(reactor.left.httpCodec = io.netty.handler.codec.http.HttpClientCodec), (ReadTimeoutHandler = io.netty.handler.timeout.ReadTimeoutHandler), (WriteTimeoutHandler = io.netty.handler.timeout.WriteTimeoutHandler), (reactor.right.reactiveBridge = reactor.netty.channel.ChannelOperationsHandler)}
13:18:59.497 [reactor-http-nio-1] DEBUG reactor.netty.resources.PooledConnectionProvider - [id: 0xf8814f06, L:/127.0.0.1:65044 ! R:localhost/127.0.0.1:8080] onStateChange(GET{uri=/api/v0/components/provision-adapters/jobs/01bd8171-c219-47a1-b831-c1aa538629c9, connection=PooledConnection{channel=[id: 0xf8814f06, L:/127.0.0.1:65044 ! R:localhost/127.0.0.1:8080]}}, [disconnecting])
13:18:59.639 [qtp1834758074-121] DEBUG org.eclipse.jetty.server.handler.gzip.GzipHandler - GzipHandler@4d098ee1{STARTED,min=32,inflate=-1} excluded not gzip accept Request(GET //localhost:8080/api/v0/components/provision-adapters/jobs/01bd8171-c219-47a1-b831-c1aa538629c9)@f72c633
13:18:59.639 [qtp1834758074-121] DEBUG org.eclipse.jetty.server.handler.gzip.GzipHttpOutputInterceptor - org.eclipse.jetty.server.handler.gzip.GzipHttpOutputInterceptor@76072ad1 exclude no deflater
13:18:59.639 [qtp1834758074-121] DEBUG org.eclipse.jetty.server.HttpChannel - sendResponse info=null content=HeapByteBuffer@137d328[p=0,l=0,c=0,r=0]={<<<>>>} complete=false committing=true callback=Blocker@6f5d397c{null}
13:18:59.640 [qtp1834758074-121] DEBUG org.eclipse.jetty.server.HttpChannel - COMMIT for /api/v0/components/provision-adapters/jobs/01bd8171-c219-47a1-b831-c1aa538629c9 on HttpChannelOverHttp@3db61474{s=HttpChannelState@3989871a{s=HANDLING rs=BLOCKING os=COMMITTED is=READY awp=false se=false i=true al=0},r=1,c=false/false,a=HANDLING,uri=//localhost:8080/api/v0/components/provision-adapters/jobs/01bd8171-c219-47a1-b831-c1aa538629c9,age=2108}
200 null HTTP/1.1
Matched-Stub-Id: 946928c0-4aeb-417b-83ff-08c138e23c1a
Vary: Accept-Encoding, User-Agent


13:18:59.640 [qtp1834758074-121] DEBUG org.eclipse.jetty.server.HttpConnection - generate: NEED_HEADER for org.eclipse.jetty.server.HttpConnection$SendCallback@264a249f[PROCESSING][i=HTTP/1.1{s=200,h=2,cl=-1},cb=org.eclipse.jetty.server.HttpChannel$SendCallback@221d97a5] (null,[p=0,l=0,c=0,r=0],false)@START
13:18:59.640 [qtp1834758074-121] DEBUG org.eclipse.jetty.http.HttpGenerator - generateHeaders HTTP/1.1{s=200,h=2,cl=-1} last=false content=HeapByteBuffer@137d328[p=0,l=0,c=0,r=0]={<<<>>>}
13:18:59.640 [qtp1834758074-121] DEBUG org.eclipse.jetty.http.HttpGenerator - Matched-Stub-Id: 946928c0-4aeb-417b-83ff-08c138e23c1a
Vary: Accept-Encoding, User-Agent


13:18:59.640 [qtp1834758074-121] DEBUG org.eclipse.jetty.http.HttpGenerator - CHUNKED_CONTENT
13:18:59.640 [qtp1834758074-121] DEBUG org.eclipse.jetty.server.HttpConnection - generate: FLUSH for org.eclipse.jetty.server.HttpConnection$SendCallback@264a249f[PROCESSING][i=HTTP/1.1{s=200,h=2,cl=-1},cb=org.eclipse.jetty.server.HttpChannel$SendCallback@221d97a5] ([p=0,l=170,c=8192,r=170],[p=0,l=0,c=0,r=0],false)@COMMITTED
13:18:59.640 [qtp1834758074-121] DEBUG org.eclipse.jetty.io.WriteFlusher - write: WriteFlusher@6d036095{IDLE}->null [HeapByteBuffer@6d50e55e[p=0,l=170,c=8192,r=170]={<<<HTTP/1.1 200 OK\r\nMatched-...y(9.4.28.v20200408)\r\n\r\n>>>uthorizat...\x00\x00\x00\x00\x00\x00\x00}]
13:18:59.640 [qtp1834758074-121] DEBUG org.eclipse.jetty.io.WriteFlusher - update WriteFlusher@6d036095{WRITING}->null:IDLE-->WRITING
13:18:59.641 [qtp1834758074-121] DEBUG org.eclipse.jetty.io.ChannelEndPoint - flushed 170 NetworkTrafficSocketChannelEndPoint@3371ec6a{/127.0.0.1:65044<->/127.0.0.1:8080,OPEN,fill=-,flush=W,to=2111/30000}{io=0/0,kio=0,kro=1}->HttpConnection@7c8b1e4f[p=HttpParser{s=END,0 of -1},g=HttpGenerator@4025af08{s=COMMITTED}]=>HttpChannelOverHttp@3db61474{s=HttpChannelState@3989871a{s=HANDLING rs=BLOCKING os=COMMITTED is=READY awp=false se=false i=true al=0},r=1,c=false/false,a=HANDLING,uri=//localhost:8080/api/v0/components/provision-adapters/jobs/01bd8171-c219-47a1-b831-c1aa538629c9,age=2110}
13:18:59.641 [qtp1834758074-121] DEBUG org.eclipse.jetty.io.WriteFlusher - Flushed=true written=170 remaining=0 WriteFlusher@6d036095{WRITING}->null
13:18:59.641 [qtp1834758074-121] DEBUG org.eclipse.jetty.io.WriteFlusher - update WriteFlusher@6d036095{IDLE}->null:WRITING-->IDLE
13:18:59.641 [qtp1834758074-121] DEBUG org.eclipse.jetty.server.HttpConnection - generate: DONE for org.eclipse.jetty.server.HttpConnection$SendCallback@264a249f[PROCESSING][i=HTTP/1.1{s=200,h=2,cl=-1},cb=org.eclipse.jetty.server.HttpChannel$SendCallback@221d97a5] ([p=170,l=170,c=8192,r=0],[p=0,l=0,c=0,r=0],false)@COMMITTED
13:18:59.641 [qtp1834758074-121] DEBUG org.eclipse.jetty.server.HttpOutput - onWriteComplete(false,null) s=OPEN,api=BLOCKED,sc=false,e=null->s=OPEN,api=BLOCKING,sc=false,e=null c=null cb=null w=false
13:18:59.641 [qtp1834758074-121] DEBUG org.eclipse.jetty.server.HttpOutput - close() s=CLOSING,api=BLOCKED,sc=false,e=null c=HeapByteBuffer@137d328[p=0,l=0,c=0,r=0]={<<<>>>} b=Blocker@6f5d397c{null}
13:18:59.641 [qtp1834758074-121] DEBUG org.eclipse.jetty.server.HttpChannel - sendResponse info=null content=HeapByteBuffer@137d328[p=0,l=0,c=0,r=0]={<<<>>>} complete=true committing=false callback=Blocker@6f5d397c{null}
13:18:59.641 [qtp1834758074-121] DEBUG org.eclipse.jetty.server.HttpConnection - generate: CONTINUE for org.eclipse.jetty.server.HttpConnection$SendCallback@264a249f[PROCESSING][i=null,cb=org.eclipse.jetty.server.HttpChannel$SendCallback@6b132290] (null,[p=0,l=0,c=0,r=0],true)@COMPLETING
13:18:59.641 [qtp1834758074-121] DEBUG org.eclipse.jetty.server.HttpConnection - generate: NEED_CHUNK for org.eclipse.jetty.server.HttpConnection$SendCallback@264a249f[PROCESSING][i=null,cb=org.eclipse.jetty.server.HttpChannel$SendCallback@6b132290] (null,[p=0,l=0,c=0,r=0],true)@COMPLETING
13:18:59.641 [qtp1834758074-121] DEBUG org.eclipse.jetty.server.HttpConnection - generate: FLUSH for org.eclipse.jetty.server.HttpConnection$SendCallback@264a249f[PROCESSING][i=null,cb=org.eclipse.jetty.server.HttpChannel$SendCallback@6b132290] (null,[p=0,l=0,c=0,r=0],true)@COMPLETING
13:18:59.641 [qtp1834758074-121] DEBUG org.eclipse.jetty.io.WriteFlusher - write: WriteFlusher@6d036095{IDLE}->null [HeapByteBuffer@53dc3490[p=0,l=5,c=1024,r=5]={<<<0\r\n\r\n>>>\r\n\x00\x00\x00\x00\x00\x00\x00...\x00\x00\x00\x00\x00\x00\x00}]
13:18:59.641 [qtp1834758074-121] DEBUG org.eclipse.jetty.io.WriteFlusher - update WriteFlusher@6d036095{WRITING}->null:IDLE-->WRITING
13:18:59.643 [qtp1834758074-121] DEBUG org.eclipse.jetty.io.WriteFlusher - write exception
org.eclipse.jetty.io.EofException: null
	at org.eclipse.jetty.io.ChannelEndPoint.flush(ChannelEndPoint.java:283)
	at org.eclipse.jetty.io.NetworkTrafficSocketChannelEndPoint.flush(NetworkTrafficSocketChannelEndPoint.java:66)
	at org.eclipse.jetty.io.WriteFlusher.flush(WriteFlusher.java:422)
	at org.eclipse.jetty.io.WriteFlusher.write(WriteFlusher.java:277)
	at org.eclipse.jetty.io.AbstractEndPoint.write(AbstractEndPoint.java:381)
	at org.eclipse.jetty.server.HttpConnection$SendCallback.process(HttpConnection.java:830)
	at org.eclipse.jetty.util.IteratingCallback.processing(IteratingCallback.java:241)
	at org.eclipse.jetty.util.IteratingCallback.iterate(IteratingCallback.java:223)
	at org.eclipse.jetty.server.HttpConnection.send(HttpConnection.java:549)
	at org.eclipse.jetty.server.HttpChannel.sendResponse(HttpChannel.java:829)
	at org.eclipse.jetty.server.HttpChannel.write(HttpChannel.java:901)
	at org.eclipse.jetty.server.handler.gzip.GzipHttpOutputInterceptor.write(GzipHttpOutputInterceptor.java:112)
	at org.eclipse.jetty.server.HttpOutput.channelWrite(HttpOutput.java:283)
	at org.eclipse.jetty.server.HttpOutput.close(HttpOutput.java:602)
	at com.github.tomakehurst.wiremock.servlet.WireMockHandlerDispatchingServlet.writeAndTranslateExceptions(WireMockHandlerDispatchingServlet.java:235)
	at com.github.tomakehurst.wiremock.servlet.WireMockHandlerDispatchingServlet.applyResponse(WireMockHandlerDispatchingServlet.java:223)
	at com.github.tomakehurst.wiremock.servlet.WireMockHandlerDispatchingServlet$ServletHttpResponder.respondTo(WireMockHandlerDispatchingServlet.java:183)
	at com.github.tomakehurst.wiremock.servlet.WireMockHandlerDispatchingServlet$ServletHttpResponder.respondSync(WireMockHandlerDispatchingServlet.java:150)
	at com.github.tomakehurst.wiremock.servlet.WireMockHandlerDispatchingServlet$ServletHttpResponder.respond(WireMockHandlerDispatchingServlet.java:144)
	at com.github.tomakehurst.wiremock.http.AbstractRequestHandler.handle(AbstractRequestHandler.java:90)
	at com.github.tomakehurst.wiremock.servlet.WireMockHandlerDispatchingServlet.service(WireMockHandlerDispatchingServlet.java:120)
	at javax.servlet.http.HttpServlet.service(HttpServlet.java:750)
	at org.eclipse.jetty.servlet.ServletHolder.handle(ServletHolder.java:763)
	at org.eclipse.jetty.servlet.ServletHandler$CachedChain.doFilter(ServletHandler.java:1631)
	at org.eclipse.jetty.servlets.CrossOriginFilter.handle(CrossOriginFilter.java:319)
	at org.eclipse.jetty.servlets.CrossOriginFilter.doFilter(CrossOriginFilter.java:273)
	at org.eclipse.jetty.servlet.ServletHandler$CachedChain.doFilter(ServletHandler.java:1618)
	at org.eclipse.jetty.servlet.ServletHandler.doHandle(ServletHandler.java:549)
	at org.eclipse.jetty.server.handler.ScopedHandler.nextHandle(ScopedHandler.java:233)
	at org.eclipse.jetty.server.handler.ContextHandler.doHandle(ContextHandler.java:1363)
	at org.eclipse.jetty.server.handler.ScopedHandler.nextScope(ScopedHandler.java:188)
	at org.eclipse.jetty.servlet.ServletHandler.doScope(ServletHandler.java:489)
	at org.eclipse.jetty.server.handler.ScopedHandler.nextScope(ScopedHandler.java:186)
	at org.eclipse.jetty.server.handler.ContextHandler.doScope(ContextHandler.java:1278)
	at org.eclipse.jetty.server.handler.ScopedHandler.handle(ScopedHandler.java:141)
	at org.eclipse.jetty.server.handler.gzip.GzipHandler.handle(GzipHandler.java:767)
	at org.eclipse.jetty.server.handler.HandlerCollection.handle(HandlerCollection.java:146)
	at org.eclipse.jetty.server.handler.HandlerWrapper.handle(HandlerWrapper.java:127)
	at org.eclipse.jetty.server.Server.handle(Server.java:500)
	at org.eclipse.jetty.server.HttpChannel.lambda$handle$1(HttpChannel.java:383)
	at org.eclipse.jetty.server.HttpChannel.dispatch(HttpChannel.java:547)
	at org.eclipse.jetty.server.HttpChannel.handle(HttpChannel.java:375)
	at org.eclipse.jetty.server.HttpConnection.onFillable(HttpConnection.java:273)
	at org.eclipse.jetty.io.AbstractConnection$ReadCallback.succeeded(AbstractConnection.java:311)
	at org.eclipse.jetty.io.FillInterest.fillable(FillInterest.java:103)
	at org.eclipse.jetty.io.ChannelEndPoint$2.run(ChannelEndPoint.java:117)
	at org.eclipse.jetty.util.thread.strategy.EatWhatYouKill.runTask(EatWhatYouKill.java:336)
	at org.eclipse.jetty.util.thread.strategy.EatWhatYouKill.doProduce(EatWhatYouKill.java:313)
	at org.eclipse.jetty.util.thread.strategy.EatWhatYouKill.tryProduce(EatWhatYouKill.java:171)
	at org.eclipse.jetty.util.thread.strategy.EatWhatYouKill.produce(EatWhatYouKill.java:135)
	at org.eclipse.jetty.util.thread.QueuedThreadPool.runJob(QueuedThreadPool.java:806)
	at org.eclipse.jetty.util.thread.QueuedThreadPool$Runner.run(QueuedThreadPool.java:938)
	at java.base/java.lang.Thread.run(Thread.java:834)
Caused by: java.io.IOException: Se ha anulado una conexión establecida por el software en su equipo host.
	at java.base/sun.nio.ch.SocketDispatcher.write0(Native Method)
	at java.base/sun.nio.ch.SocketDispatcher.write(SocketDispatcher.java:51)
	at java.base/sun.nio.ch.IOUtil.writeFromNativeBuffer(IOUtil.java:113)
	at java.base/sun.nio.ch.IOUtil.write(IOUtil.java:79)
	at java.base/sun.nio.ch.IOUtil.write(IOUtil.java:50)
	at java.base/sun.nio.ch.SocketChannelImpl.write(SocketChannelImpl.java:466)
	at org.eclipse.jetty.io.ChannelEndPoint.flush(ChannelEndPoint.java:261)
	... 52 common frames omitted
13:18:59.643 [qtp1834758074-121] DEBUG org.eclipse.jetty.io.WriteFlusher - update WriteFlusher@6d036095{FAILED}->null:WRITING-->FAILED
13:18:59.643 [qtp1834758074-121] DEBUG org.eclipse.jetty.server.HttpChannel - Commit failed
org.eclipse.jetty.io.EofException: null
	at org.eclipse.jetty.io.ChannelEndPoint.flush(ChannelEndPoint.java:283)
	at org.eclipse.jetty.io.NetworkTrafficSocketChannelEndPoint.flush(NetworkTrafficSocketChannelEndPoint.java:66)
	at org.eclipse.jetty.io.WriteFlusher.flush(WriteFlusher.java:422)
	at org.eclipse.jetty.io.WriteFlusher.write(WriteFlusher.java:277)
	at org.eclipse.jetty.io.AbstractEndPoint.write(AbstractEndPoint.java:381)
	at org.eclipse.jetty.server.HttpConnection$SendCallback.process(HttpConnection.java:830)
	at org.eclipse.jetty.util.IteratingCallback.processing(IteratingCallback.java:241)
	at org.eclipse.jetty.util.IteratingCallback.iterate(IteratingCallback.java:223)
	at org.eclipse.jetty.server.HttpConnection.send(HttpConnection.java:549)
	at org.eclipse.jetty.server.HttpChannel.sendResponse(HttpChannel.java:829)
	at org.eclipse.jetty.server.HttpChannel.write(HttpChannel.java:901)
	at org.eclipse.jetty.server.handler.gzip.GzipHttpOutputInterceptor.write(GzipHttpOutputInterceptor.java:112)
	at org.eclipse.jetty.server.HttpOutput.channelWrite(HttpOutput.java:283)
	at org.eclipse.jetty.server.HttpOutput.close(HttpOutput.java:602)
	at com.github.tomakehurst.wiremock.servlet.WireMockHandlerDispatchingServlet.writeAndTranslateExceptions(WireMockHandlerDispatchingServlet.java:235)
	at com.github.tomakehurst.wiremock.servlet.WireMockHandlerDispatchingServlet.applyResponse(WireMockHandlerDispatchingServlet.java:223)
	at com.github.tomakehurst.wiremock.servlet.WireMockHandlerDispatchingServlet$ServletHttpResponder.respondTo(WireMockHandlerDispatchingServlet.java:183)
	at com.github.tomakehurst.wiremock.servlet.WireMockHandlerDispatchingServlet$ServletHttpResponder.respondSync(WireMockHandlerDispatchingServlet.java:150)
	at com.github.tomakehurst.wiremock.servlet.WireMockHandlerDispatchingServlet$ServletHttpResponder.respond(WireMockHandlerDispatchingServlet.java:144)
	at com.github.tomakehurst.wiremock.http.AbstractRequestHandler.handle(AbstractRequestHandler.java:90)
	at com.github.tomakehurst.wiremock.servlet.WireMockHandlerDispatchingServlet.service(WireMockHandlerDispatchingServlet.java:120)
	at javax.servlet.http.HttpServlet.service(HttpServlet.java:750)
	at org.eclipse.jetty.servlet.ServletHolder.handle(ServletHolder.java:763)
	at org.eclipse.jetty.servlet.ServletHandler$CachedChain.doFilter(ServletHandler.java:1631)
	at org.eclipse.jetty.servlets.CrossOriginFilter.handle(CrossOriginFilter.java:319)
	at org.eclipse.jetty.servlets.CrossOriginFilter.doFilter(CrossOriginFilter.java:273)
	at org.eclipse.jetty.servlet.ServletHandler$CachedChain.doFilter(ServletHandler.java:1618)
	at org.eclipse.jetty.servlet.ServletHandler.doHandle(ServletHandler.java:549)
	at org.eclipse.jetty.server.handler.ScopedHandler.nextHandle(ScopedHandler.java:233)
	at org.eclipse.jetty.server.handler.ContextHandler.doHandle(ContextHandler.java:1363)
	at org.eclipse.jetty.server.handler.ScopedHandler.nextScope(ScopedHandler.java:188)
	at org.eclipse.jetty.servlet.ServletHandler.doScope(ServletHandler.java:489)
	at org.eclipse.jetty.server.handler.ScopedHandler.nextScope(ScopedHandler.java:186)
	at org.eclipse.jetty.server.handler.ContextHandler.doScope(ContextHandler.java:1278)
	at org.eclipse.jetty.server.handler.ScopedHandler.handle(ScopedHandler.java:141)
	at org.eclipse.jetty.server.handler.gzip.GzipHandler.handle(GzipHandler.java:767)
	at org.eclipse.jetty.server.handler.HandlerCollection.handle(HandlerCollection.java:146)
	at org.eclipse.jetty.server.handler.HandlerWrapper.handle(HandlerWrapper.java:127)
	at org.eclipse.jetty.server.Server.handle(Server.java:500)
	at org.eclipse.jetty.server.HttpChannel.lambda$handle$1(HttpChannel.java:383)
	at org.eclipse.jetty.server.HttpChannel.dispatch(HttpChannel.java:547)
	at org.eclipse.jetty.server.HttpChannel.handle(HttpChannel.java:375)
	at org.eclipse.jetty.server.HttpConnection.onFillable(HttpConnection.java:273)
	at org.eclipse.jetty.io.AbstractConnection$ReadCallback.succeeded(AbstractConnection.java:311)
	at org.eclipse.jetty.io.FillInterest.fillable(FillInterest.java:103)
	at org.eclipse.jetty.io.ChannelEndPoint$2.run(ChannelEndPoint.java:117)
	at org.eclipse.jetty.util.thread.strategy.EatWhatYouKill.runTask(EatWhatYouKill.java:336)
	at org.eclipse.jetty.util.thread.strategy.EatWhatYouKill.doProduce(EatWhatYouKill.java:313)
	at org.eclipse.jetty.util.thread.strategy.EatWhatYouKill.tryProduce(EatWhatYouKill.java:171)
	at org.eclipse.jetty.util.thread.strategy.EatWhatYouKill.produce(EatWhatYouKill.java:135)
	at org.eclipse.jetty.util.thread.QueuedThreadPool.runJob(QueuedThreadPool.java:806)
	at org.eclipse.jetty.util.thread.QueuedThreadPool$Runner.run(QueuedThreadPool.java:938)
	at java.base/java.lang.Thread.run(Thread.java:834)
Caused by: java.io.IOException: Se ha anulado una conexión establecida por el software en su equipo host.
	at java.base/sun.nio.ch.SocketDispatcher.write0(Native Method)
	at java.base/sun.nio.ch.SocketDispatcher.write(SocketDispatcher.java:51)
	at java.base/sun.nio.ch.IOUtil.writeFromNativeBuffer(IOUtil.java:113)
	at java.base/sun.nio.ch.IOUtil.write(IOUtil.java:79)
	at java.base/sun.nio.ch.IOUtil.write(IOUtil.java:50)
	at java.base/sun.nio.ch.SocketChannelImpl.write(SocketChannelImpl.java:466)
	at org.eclipse.jetty.io.ChannelEndPoint.flush(ChannelEndPoint.java:261)
	... 52 common frames omitted
13:18:59.644 [qtp1834758074-121] DEBUG org.eclipse.jetty.server.HttpConnection - abort HttpConnection@7c8b1e4f::NetworkTrafficSocketChannelEndPoint@3371ec6a{/127.0.0.1:65044<->/127.0.0.1:8080,OPEN,fill=-,flush=F,to=3/30000}{io=0/0,kio=0,kro=1}->HttpConnection@7c8b1e4f[p=HttpParser{s=END,0 of -1},g=HttpGenerator@4025af08{s=COMPLETING}]=>HttpChannelOverHttp@3db61474{s=HttpChannelState@3989871a{s=HANDLING rs=BLOCKING os=ABORTED is=READY awp=false se=false i=true al=0},r=1,c=false/false,a=HANDLING,uri=//localhost:8080/api/v0/components/provision-adapters/jobs/01bd8171-c219-47a1-b831-c1aa538629c9,age=2113} {}
13:18:59.644 [qtp1834758074-121] DEBUG org.eclipse.jetty.io.AbstractEndPoint - close NetworkTrafficSocketChannelEndPoint@3371ec6a{/127.0.0.1:65044<->/127.0.0.1:8080,OPEN,fill=-,flush=F,to=3/30000}{io=0/0,kio=0,kro=1}->HttpConnection@7c8b1e4f[p=HttpParser{s=END,0 of -1},g=HttpGenerator@4025af08{s=COMPLETING}]=>HttpChannelOverHttp@3db61474{s=HttpChannelState@3989871a{s=HANDLING rs=BLOCKING os=ABORTED is=READY awp=false se=false i=true al=0},r=1,c=false/false,a=HANDLING,uri=//localhost:8080/api/v0/components/provision-adapters/jobs/01bd8171-c219-47a1-b831-c1aa538629c9,age=2113}
13:18:59.644 [qtp1834758074-121] DEBUG org.eclipse.jetty.io.AbstractEndPoint - close(null) NetworkTrafficSocketChannelEndPoint@3371ec6a{/127.0.0.1:65044<->/127.0.0.1:8080,OPEN,fill=-,flush=F,to=3/30000}{io=0/0,kio=0,kro=1}->HttpConnection@7c8b1e4f[p=HttpParser{s=END,0 of -1},g=HttpGenerator@4025af08{s=COMPLETING}]=>HttpChannelOverHttp@3db61474{s=HttpChannelState@3989871a{s=HANDLING rs=BLOCKING os=ABORTED is=READY awp=false se=false i=true al=0},r=1,c=false/false,a=HANDLING,uri=//localhost:8080/api/v0/components/provision-adapters/jobs/01bd8171-c219-47a1-b831-c1aa538629c9,age=2113}
13:18:59.644 [qtp1834758074-121] DEBUG org.eclipse.jetty.io.ChannelEndPoint - doClose NetworkTrafficSocketChannelEndPoint@3371ec6a{/127.0.0.1:65044<->/127.0.0.1:8080,CLOSED,fill=-,flush=F,to=3/30000}{io=0/0,kio=0,kro=1}->HttpConnection@7c8b1e4f[p=HttpParser{s=END,0 of -1},g=HttpGenerator@4025af08{s=COMPLETING}]=>HttpChannelOverHttp@3db61474{s=HttpChannelState@3989871a{s=HANDLING rs=BLOCKING os=ABORTED is=READY awp=false se=false i=true al=0},r=1,c=false/false,a=HANDLING,uri=//localhost:8080/api/v0/components/provision-adapters/jobs/01bd8171-c219-47a1-b831-c1aa538629c9,age=2113}
13:18:59.645 [qtp1834758074-121] DEBUG org.eclipse.jetty.io.FillInterest - onClose FillInterest@4d3d06cc{null}
13:18:59.645 [qtp1834758074-121] DEBUG org.eclipse.jetty.io.ManagedSelector - Wakeup ManagedSelector@59551159{STARTED} id=0 keys=1 selected=0 updates=0
13:18:59.645 [qtp1834758074-121] DEBUG org.eclipse.jetty.util.thread.QueuedThreadPool - queue org.eclipse.jetty.io.ManagedSelector$DestroyEndPoint@1c8a8db1 startThread=0
13:18:59.645 [qtp1834758074-126] DEBUG org.eclipse.jetty.io.ManagedSelector - Selector sun.nio.ch.WindowsSelectorImpl@40883a69 woken with none selected
13:18:59.645 [qtp1834758074-126] DEBUG org.eclipse.jetty.io.ManagedSelector - Selector sun.nio.ch.WindowsSelectorImpl@40883a69 woken up from select, 0/0/0 selected
13:18:59.645 [qtp1834758074-121] DEBUG org.eclipse.jetty.server.HttpOutput - onWriteComplete(true,org.eclipse.jetty.io.EofException) s=CLOSING,api=BLOCKED,sc=false,e=null->s=CLOSED,api=BLOCKING,sc=false,e=null c=null cb=null w=false
13:18:59.645 [qtp1834758074-126] DEBUG org.eclipse.jetty.io.ManagedSelector - Selector sun.nio.ch.WindowsSelectorImpl@40883a69 processing 0 keys, 0 updates
13:18:59.645 [qtp1834758074-126] DEBUG org.eclipse.jetty.io.ManagedSelector - updateable 0
13:18:59.645 [qtp1834758074-126] DEBUG org.eclipse.jetty.io.ManagedSelector - updates 0
13:18:59.645 [qtp1834758074-126] DEBUG org.eclipse.jetty.io.ManagedSelector - Selector sun.nio.ch.WindowsSelectorImpl@40883a69 waiting with 0 keys
13:18:59.645 [qtp1834758074-121] DEBUG org.eclipse.jetty.server.Server - handled=true async=false committed=true on HttpChannelOverHttp@3db61474{s=HttpChannelState@3989871a{s=HANDLING rs=BLOCKING os=ABORTED is=READY awp=false se=false i=true al=0},r=1,c=false/false,a=HANDLING,uri=//localhost:8080/api/v0/components/provision-adapters/jobs/01bd8171-c219-47a1-b831-c1aa538629c9,age=2114}
13:18:59.645 [qtp1834758074-121] DEBUG org.eclipse.jetty.server.HttpChannelState - unhandle HttpChannelState@3989871a{s=HANDLING rs=BLOCKING os=ABORTED is=READY awp=false se=false i=true al=0}
13:18:59.645 [qtp1834758074-121] DEBUG org.eclipse.jetty.server.HttpChannelState - nextAction(false) COMPLETE HttpChannelState@3989871a{s=HANDLING rs=COMPLETING os=ABORTED is=READY awp=false se=false i=false al=0}
13:18:59.645 [qtp1834758074-121] DEBUG org.eclipse.jetty.server.HttpChannel - action COMPLETE HttpChannelOverHttp@3db61474{s=HttpChannelState@3989871a{s=HANDLING rs=COMPLETING os=ABORTED is=READY awp=false se=false i=false al=0},r=1,c=false/false,a=HANDLING,uri=//localhost:8080/api/v0/components/provision-adapters/jobs/01bd8171-c219-47a1-b831-c1aa538629c9,age=2114}
13:18:59.645 [qtp1834758074-121] DEBUG org.eclipse.jetty.server.HttpOutput - complete(org.eclipse.jetty.util.Callback$4@52e4913a) s=CLOSED,api=BLOCKING,sc=false,e=null s=true e=null, c=null
13:18:59.645 [qtp1834758074-121] DEBUG org.eclipse.jetty.server.HttpChannelState - completed HttpChannelState@3989871a{s=HANDLING rs=COMPLETING os=ABORTED is=READY awp=false se=false i=false al=0}
13:18:59.646 [qtp1834758074-121] DEBUG org.eclipse.jetty.server.HttpChannelState - unhandle HttpChannelState@3989871a{s=HANDLING rs=COMPLETED os=ABORTED is=READY awp=false se=false i=false al=0}
13:18:59.646 [qtp1834758074-121] DEBUG org.eclipse.jetty.server.HttpChannelState - nextAction(false) TERMINATED HttpChannelState@3989871a{s=IDLE rs=COMPLETED os=ABORTED is=READY awp=false se=false i=false al=0}
13:18:59.646 [qtp1834758074-121] DEBUG org.eclipse.jetty.server.HttpChannel - action TERMINATED HttpChannelOverHttp@3db61474{s=HttpChannelState@3989871a{s=IDLE rs=COMPLETED os=ABORTED is=READY awp=false se=false i=false al=0},r=1,c=true/false,a=IDLE,uri=//localhost:8080/api/v0/components/provision-adapters/jobs/01bd8171-c219-47a1-b831-c1aa538629c9,age=2115}
13:18:59.646 [qtp1834758074-121] DEBUG org.eclipse.jetty.server.HttpChannel - onCompleted for /api/v0/components/provision-adapters/jobs/01bd8171-c219-47a1-b831-c1aa538629c9 written=0
13:18:59.646 [qtp1834758074-121] DEBUG org.eclipse.jetty.server.HttpChannelState - recycle HttpChannelState@3989871a{s=IDLE rs=COMPLETED os=ABORTED is=READY awp=false se=false i=false al=0}
13:18:59.646 [qtp1834758074-121] DEBUG org.eclipse.jetty.http.HttpParser - close HttpParser{s=END,0 of -1}
13:18:59.646 [qtp1834758074-121] DEBUG org.eclipse.jetty.http.HttpParser - END --> CLOSE
13:18:59.646 [qtp1834758074-121] DEBUG org.eclipse.jetty.server.HttpChannel - !handle TERMINATED HttpChannelOverHttp@3db61474{s=HttpChannelState@3989871a{s=IDLE rs=BLOCKING os=OPEN is=IDLE awp=false se=false i=true al=0},r=1,c=false/false,a=IDLE,uri=null,age=0}
13:18:59.646 [qtp1834758074-121] DEBUG org.eclipse.jetty.server.HttpConnection - HttpConnection@7c8b1e4f::NetworkTrafficSocketChannelEndPoint@3371ec6a{/127.0.0.1:65044<->/127.0.0.1:8080,CLOSED,fill=-,flush=F,to=5/30000}{io=0/0,kio=-1,kro=-1}->HttpConnection@7c8b1e4f[p=HttpParser{s=CLOSE,0 of -1},g=HttpGenerator@4025af08{s=START}]=>HttpChannelOverHttp@3db61474{s=HttpChannelState@3989871a{s=IDLE rs=BLOCKING os=OPEN is=IDLE awp=false se=false i=true al=0},r=1,c=false/false,a=IDLE,uri=null,age=0} onFillable exit HttpChannelState@3989871a{s=IDLE rs=BLOCKING os=OPEN is=IDLE awp=false se=false i=true al=0} null
13:18:59.646 [qtp1834758074-121] DEBUG org.eclipse.jetty.util.thread.QueuedThreadPool - ran org.eclipse.jetty.io.ManagedSelector$$Lambda$425/0x00000001005fc040@17675e61 in QueuedThreadPool[qtp1834758074]@6d5c2fba{STARTED,8<=8<=14,i=0,r=1,q=0}[ReservedThreadExecutor@62506fd7{s=1/1,p=0}]
13:18:59.646 [qtp1834758074-121] DEBUG org.eclipse.jetty.util.thread.QueuedThreadPool - run org.eclipse.jetty.io.ManagedSelector$DestroyEndPoint@1c8a8db1 in QueuedThreadPool[qtp1834758074]@6d5c2fba{STARTED,8<=8<=14,i=1,r=1,q=0}[ReservedThreadExecutor@62506fd7{s=1/1,p=0}]
13:18:59.646 [qtp1834758074-121] DEBUG org.eclipse.jetty.io.ManagedSelector - Destroyed NetworkTrafficSocketChannelEndPoint@3371ec6a{/127.0.0.1:65044<->/127.0.0.1:8080,CLOSED,fill=-,flush=F,to=5/30000}{io=0/0,kio=-1,kro=-1}->HttpConnection@7c8b1e4f[p=HttpParser{s=CLOSE,0 of -1},g=HttpGenerator@4025af08{s=START}]=>HttpChannelOverHttp@3db61474{s=HttpChannelState@3989871a{s=IDLE rs=BLOCKING os=OPEN is=IDLE awp=false se=false i=true al=0},r=1,c=false/false,a=IDLE,uri=null,age=0}
13:18:59.647 [qtp1834758074-121] DEBUG org.eclipse.jetty.io.AbstractConnection - onClose HttpConnection@7c8b1e4f::NetworkTrafficSocketChannelEndPoint@3371ec6a{/127.0.0.1:65044<->/127.0.0.1:8080,CLOSED,fill=-,flush=F,to=5/30000}{io=0/0,kio=-1,kro=-1}->HttpConnection@7c8b1e4f[p=HttpParser{s=CLOSE,0 of -1},g=HttpGenerator@4025af08{s=START}]=>HttpChannelOverHttp@3db61474{s=HttpChannelState@3989871a{s=IDLE rs=BLOCKING os=OPEN is=IDLE awp=false se=false i=true al=0},r=1,c=false/false,a=IDLE,uri=null,age=0}
13:18:59.647 [qtp1834758074-121] DEBUG org.eclipse.jetty.util.thread.QueuedThreadPool - ran org.eclipse.jetty.io.ManagedSelector$DestroyEndPoint@1c8a8db1 in QueuedThreadPool[qtp1834758074]@6d5c2fba{STARTED,8<=8<=14,i=1,r=1,q=0}[ReservedThreadExecutor@62506fd7{s=1/1,p=0}]
13:18:59.719 [parallel-2] DEBUG org.springframework.web.reactive.function.client.ExchangeFunctions - [2d9caf69] HTTP GET http://localhost:8080/api/v0/components/provision-adapters/jobs/01bd8171-c219-47a1-b831-c1aa538629c9
13:18:59.722 [reactor-http-nio-2] DEBUG reactor.netty.resources.PooledConnectionProvider - [id: 0x2456f7d8] Created a new pooled channel, now 1 active connections and 0 inactive connections
13:18:59.723 [reactor-http-nio-2] DEBUG reactor.netty.channel.BootstrapHandlers - [id: 0x2456f7d8] Initialized pipeline DefaultChannelPipeline{(BootstrapHandlers$BootstrapInitializerHandler#0 = reactor.netty.channel.BootstrapHandlers$BootstrapInitializerHandler), (PooledConnectionProvider$PooledConnectionAllocator$PooledConnectionInitializer#0 = reactor.netty.resources.PooledConnectionProvider$PooledConnectionAllocator$PooledConnectionInitializer), (reactor.left.httpCodec = io.netty.handler.codec.http.HttpClientCodec), (reactor.right.reactiveBridge = reactor.netty.channel.ChannelOperationsHandler)}
13:18:59.724 [qtp1834758074-125-acceptor-2@66507263-NetworkTrafficServerConnector@301fffd7{HTTP/1.1, (http/1.1)}{0.0.0.0:8080}] DEBUG org.eclipse.jetty.io.ManagedSelector - Queued change org.eclipse.jetty.io.ManagedSelector$Accept@eaff5ed on ManagedSelector@66c94438{STARTED} id=1 keys=1 selected=0 updates=0
13:18:59.724 [reactor-http-nio-2] DEBUG reactor.netty.resources.PooledConnectionProvider - [id: 0x2456f7d8, L:/127.0.0.1:65045 - R:localhost/127.0.0.1:8080] Registering pool release on close event for channel
13:18:59.724 [qtp1834758074-125-acceptor-2@66507263-NetworkTrafficServerConnector@301fffd7{HTTP/1.1, (http/1.1)}{0.0.0.0:8080}] DEBUG org.eclipse.jetty.io.ManagedSelector - Wakeup on submit ManagedSelector@66c94438{STARTED} id=1 keys=1 selected=0 updates=1
13:18:59.724 [reactor-http-nio-2] DEBUG reactor.netty.resources.PooledConnectionProvider - [id: 0x2456f7d8, L:/127.0.0.1:65045 - R:localhost/127.0.0.1:8080] Channel connected, now 1 active connections and 0 inactive connections
13:18:59.724 [reactor-http-nio-2] DEBUG reactor.netty.resources.PooledConnectionProvider - [id: 0x2456f7d8, L:/127.0.0.1:65045 - R:localhost/127.0.0.1:8080] onStateChange(PooledConnection{channel=[id: 0x2456f7d8, L:/127.0.0.1:65045 - R:localhost/127.0.0.1:8080]}, [connected])
13:18:59.724 [qtp1834758074-122] DEBUG org.eclipse.jetty.io.ManagedSelector - Selector sun.nio.ch.WindowsSelectorImpl@51086512 woken with none selected
13:18:59.724 [qtp1834758074-122] DEBUG org.eclipse.jetty.io.ManagedSelector - Selector sun.nio.ch.WindowsSelectorImpl@51086512 woken up from select, 0/0/1 selected
13:18:59.724 [qtp1834758074-122] DEBUG org.eclipse.jetty.io.ManagedSelector - Selector sun.nio.ch.WindowsSelectorImpl@51086512 processing 0 keys, 1 updates
13:18:59.724 [qtp1834758074-122] DEBUG org.eclipse.jetty.io.ManagedSelector - updateable 1
13:18:59.724 [qtp1834758074-122] DEBUG org.eclipse.jetty.io.ManagedSelector - update org.eclipse.jetty.io.ManagedSelector$Accept@eaff5ed
13:18:59.724 [reactor-http-nio-2] DEBUG reactor.netty.resources.PooledConnectionProvider - [id: 0x2456f7d8, L:/127.0.0.1:65045 - R:localhost/127.0.0.1:8080] onStateChange(GET{uri=/, connection=PooledConnection{channel=[id: 0x2456f7d8, L:/127.0.0.1:65045 - R:localhost/127.0.0.1:8080]}}, [configured])
13:18:59.725 [qtp1834758074-122] DEBUG org.eclipse.jetty.util.thread.QueuedThreadPool - queue org.eclipse.jetty.io.ManagedSelector$Accept@eaff5ed startThread=0
13:18:59.725 [qtp1834758074-122] DEBUG org.eclipse.jetty.io.ManagedSelector - updates 0
13:18:59.725 [qtp1834758074-122] DEBUG org.eclipse.jetty.io.ManagedSelector - Selector sun.nio.ch.WindowsSelectorImpl@51086512 waiting with 2 keys
13:18:59.725 [reactor-http-nio-2] DEBUG reactor.netty.ReactorNetty - [id: 0x2456f7d8, L:/127.0.0.1:65045 - R:localhost/127.0.0.1:8080] Added decoder [ReadTimeoutHandler] at the end of the user pipeline, full pipeline: [reactor.left.httpCodec, ReadTimeoutHandler, reactor.right.reactiveBridge, DefaultChannelPipeline$TailContext#0]
13:18:59.725 [reactor-http-nio-2] DEBUG reactor.netty.ReactorNetty - [id: 0x2456f7d8, L:/127.0.0.1:65045 - R:localhost/127.0.0.1:8080] Added decoder [WriteTimeoutHandler] at the end of the user pipeline, full pipeline: [reactor.left.httpCodec, ReadTimeoutHandler, WriteTimeoutHandler, reactor.right.reactiveBridge, DefaultChannelPipeline$TailContext#0]
13:18:59.725 [reactor-http-nio-2] DEBUG reactor.netty.http.client.HttpClientConnect - [id: 0x2456f7d8, L:/127.0.0.1:65045 - R:localhost/127.0.0.1:8080] Handler is being applied: {uri=http://localhost:8080/api/v0/components/provision-adapters/jobs/01bd8171-c219-47a1-b831-c1aa538629c9, method=GET}
13:18:59.725 [reactor-http-nio-2] DEBUG reactor.netty.resources.PooledConnectionProvider - [id: 0x2456f7d8, L:/127.0.0.1:65045 - R:localhost/127.0.0.1:8080] onStateChange(GET{uri=/api/v0/components/provision-adapters/jobs/01bd8171-c219-47a1-b831-c1aa538629c9, connection=PooledConnection{channel=[id: 0x2456f7d8, L:/127.0.0.1:65045 - R:localhost/127.0.0.1:8080]}}, [request_prepared])
13:18:59.726 [reactor-http-nio-2] DEBUG reactor.netty.resources.PooledConnectionProvider - [id: 0x2456f7d8, L:/127.0.0.1:65045 - R:localhost/127.0.0.1:8080] onStateChange(GET{uri=/api/v0/components/provision-adapters/jobs/01bd8171-c219-47a1-b831-c1aa538629c9, connection=PooledConnection{channel=[id: 0x2456f7d8, L:/127.0.0.1:65045 - R:localhost/127.0.0.1:8080]}}, [request_sent])
13:18:59.728 [qtp1834758074-121] DEBUG org.eclipse.jetty.util.thread.QueuedThreadPool - run org.eclipse.jetty.io.ManagedSelector$Accept@eaff5ed in QueuedThreadPool[qtp1834758074]@6d5c2fba{STARTED,8<=8<=14,i=1,r=1,q=0}[ReservedThreadExecutor@62506fd7{s=1/1,p=0}]
13:18:59.728 [qtp1834758074-121] DEBUG org.eclipse.jetty.io.IdleTimeout - NetworkTrafficSocketChannelEndPoint@2495443b{/127.0.0.1:65045<->/127.0.0.1:8080,OPEN,fill=-,flush=-,to=0/30000}{io=0/0,kio=0,kro=0}-><null> idle timeout check, elapsed: 0 ms, remaining: 30000 ms
13:18:59.728 [qtp1834758074-121] DEBUG org.eclipse.jetty.server.HttpChannel - new HttpChannelOverHttp@56e0f59b{s=HttpChannelState@1e4f0df3{s=IDLE rs=BLOCKING os=OPEN is=IDLE awp=false se=false i=true al=0},r=0,c=false/false,a=IDLE,uri=null,age=0} -> NetworkTrafficSocketChannelEndPoint@2495443b{/127.0.0.1:65045<->/127.0.0.1:8080,OPEN,fill=-,flush=-,to=0/30000}{io=0/0,kio=0,kro=0}-><null>,null,HttpChannelState@1e4f0df3{s=IDLE rs=BLOCKING os=OPEN is=IDLE awp=false se=false i=true al=0}
13:18:59.728 [qtp1834758074-121] DEBUG org.eclipse.jetty.server.HttpConnection - New HTTP Connection HttpConnection@68d43241::NetworkTrafficSocketChannelEndPoint@2495443b{/127.0.0.1:65045<->/127.0.0.1:8080,OPEN,fill=-,flush=-,to=0/30000}{io=0/0,kio=0,kro=0}-><null>
13:18:59.728 [qtp1834758074-121] DEBUG org.eclipse.jetty.io.AbstractEndPoint - onOpen NetworkTrafficSocketChannelEndPoint@2495443b{/127.0.0.1:65045<->/127.0.0.1:8080,OPEN,fill=-,flush=-,to=0/30000}{io=0/0,kio=0,kro=0}->HttpConnection@68d43241[p=HttpParser{s=START,0 of -1},g=HttpGenerator@666e17fc{s=START}]=>HttpChannelOverHttp@56e0f59b{s=HttpChannelState@1e4f0df3{s=IDLE rs=BLOCKING os=OPEN is=IDLE awp=false se=false i=true al=0},r=0,c=false/false,a=IDLE,uri=null,age=0}
13:18:59.729 [qtp1834758074-121] DEBUG org.eclipse.jetty.io.AbstractConnection - onOpen HttpConnection@68d43241::NetworkTrafficSocketChannelEndPoint@2495443b{/127.0.0.1:65045<->/127.0.0.1:8080,OPEN,fill=-,flush=-,to=0/30000}{io=0/0,kio=0,kro=0}->HttpConnection@68d43241[p=HttpParser{s=START,0 of -1},g=HttpGenerator@666e17fc{s=START}]=>HttpChannelOverHttp@56e0f59b{s=HttpChannelState@1e4f0df3{s=IDLE rs=BLOCKING os=OPEN is=IDLE awp=false se=false i=true al=0},r=0,c=false/false,a=IDLE,uri=null,age=0}
13:18:59.729 [qtp1834758074-121] DEBUG org.eclipse.jetty.io.AbstractConnection - fillInterested HttpConnection@68d43241::NetworkTrafficSocketChannelEndPoint@2495443b{/127.0.0.1:65045<->/127.0.0.1:8080,OPEN,fill=-,flush=-,to=0/30000}{io=0/0,kio=0,kro=0}->HttpConnection@68d43241[p=HttpParser{s=START,0 of -1},g=HttpGenerator@666e17fc{s=START}]=>HttpChannelOverHttp@56e0f59b{s=HttpChannelState@1e4f0df3{s=IDLE rs=BLOCKING os=OPEN is=IDLE awp=false se=false i=true al=0},r=0,c=false/false,a=IDLE,uri=null,age=0}
13:18:59.729 [qtp1834758074-121] DEBUG org.eclipse.jetty.io.FillInterest - interested FillInterest@37f37a87{AC.ReadCB@68d43241{HttpConnection@68d43241::NetworkTrafficSocketChannelEndPoint@2495443b{/127.0.0.1:65045<->/127.0.0.1:8080,OPEN,fill=FI,flush=-,to=0/30000}{io=0/0,kio=0,kro=0}->HttpConnection@68d43241[p=HttpParser{s=START,0 of -1},g=HttpGenerator@666e17fc{s=START}]=>HttpChannelOverHttp@56e0f59b{s=HttpChannelState@1e4f0df3{s=IDLE rs=BLOCKING os=OPEN is=IDLE awp=false se=false i=true al=0},r=0,c=false/false,a=IDLE,uri=null,age=0}}}
13:18:59.729 [qtp1834758074-121] DEBUG org.eclipse.jetty.io.ChannelEndPoint - changeInterests p=false 0->1 for NetworkTrafficSocketChannelEndPoint@2495443b{/127.0.0.1:65045<->/127.0.0.1:8080,OPEN,fill=FI,flush=-,to=0/30000}{io=0/1,kio=0,kro=0}->HttpConnection@68d43241[p=HttpParser{s=START,0 of -1},g=HttpGenerator@666e17fc{s=START}]=>HttpChannelOverHttp@56e0f59b{s=HttpChannelState@1e4f0df3{s=IDLE rs=BLOCKING os=OPEN is=IDLE awp=false se=false i=true al=0},r=0,c=false/false,a=IDLE,uri=null,age=0}
13:18:59.729 [qtp1834758074-121] DEBUG org.eclipse.jetty.io.ManagedSelector - Queued change org.eclipse.jetty.io.ChannelEndPoint$1@5135d91f on ManagedSelector@66c94438{STARTED} id=1 keys=2 selected=0 updates=0
13:18:59.729 [qtp1834758074-121] DEBUG org.eclipse.jetty.io.ManagedSelector - Wakeup on submit ManagedSelector@66c94438{STARTED} id=1 keys=2 selected=0 updates=1
13:18:59.729 [qtp1834758074-122] DEBUG org.eclipse.jetty.io.ManagedSelector - Selector sun.nio.ch.WindowsSelectorImpl@51086512 woken with none selected
13:18:59.729 [qtp1834758074-122] DEBUG org.eclipse.jetty.io.ManagedSelector - Selector sun.nio.ch.WindowsSelectorImpl@51086512 woken up from select, 0/0/2 selected
13:18:59.729 [qtp1834758074-122] DEBUG org.eclipse.jetty.io.ManagedSelector - Selector sun.nio.ch.WindowsSelectorImpl@51086512 processing 0 keys, 1 updates
13:18:59.729 [qtp1834758074-121] DEBUG org.eclipse.jetty.io.ManagedSelector - Created NetworkTrafficSocketChannelEndPoint@2495443b{/127.0.0.1:65045<->/127.0.0.1:8080,OPEN,fill=FI,flush=-,to=0/30000}{io=0/1,kio=0,kro=0}->HttpConnection@68d43241[p=HttpParser{s=START,0 of -1},g=HttpGenerator@666e17fc{s=START}]=>HttpChannelOverHttp@56e0f59b{s=HttpChannelState@1e4f0df3{s=IDLE rs=BLOCKING os=OPEN is=IDLE awp=false se=false i=true al=0},r=0,c=false/false,a=IDLE,uri=null,age=0}
13:18:59.729 [qtp1834758074-122] DEBUG org.eclipse.jetty.io.ManagedSelector - updateable 1
13:18:59.729 [qtp1834758074-122] DEBUG org.eclipse.jetty.io.ManagedSelector - update org.eclipse.jetty.io.ChannelEndPoint$1@5135d91f
13:18:59.729 [qtp1834758074-121] DEBUG org.eclipse.jetty.util.thread.QueuedThreadPool - ran org.eclipse.jetty.io.ManagedSelector$Accept@eaff5ed in QueuedThreadPool[qtp1834758074]@6d5c2fba{STARTED,8<=8<=14,i=1,r=1,q=0}[ReservedThreadExecutor@62506fd7{s=1/1,p=0}]
13:18:59.729 [qtp1834758074-122] DEBUG org.eclipse.jetty.io.ChannelEndPoint - Key interests updated 0 -> 1 on NetworkTrafficSocketChannelEndPoint@2495443b{/127.0.0.1:65045<->/127.0.0.1:8080,OPEN,fill=FI,flush=-,to=0/30000}{io=1/1,kio=1,kro=0}->HttpConnection@68d43241[p=HttpParser{s=START,0 of -1},g=HttpGenerator@666e17fc{s=START}]=>HttpChannelOverHttp@56e0f59b{s=HttpChannelState@1e4f0df3{s=IDLE rs=BLOCKING os=OPEN is=IDLE awp=false se=false i=true al=0},r=0,c=false/false,a=IDLE,uri=null,age=0}
13:18:59.729 [qtp1834758074-122] DEBUG org.eclipse.jetty.io.ManagedSelector - updates 0
13:18:59.729 [qtp1834758074-122] DEBUG org.eclipse.jetty.io.ManagedSelector - Selector sun.nio.ch.WindowsSelectorImpl@51086512 waiting with 2 keys
13:18:59.729 [qtp1834758074-122] DEBUG org.eclipse.jetty.io.ManagedSelector - Selector sun.nio.ch.WindowsSelectorImpl@51086512 woken up from select, 1/1/2 selected
13:18:59.730 [qtp1834758074-122] DEBUG org.eclipse.jetty.io.ManagedSelector - Selector sun.nio.ch.WindowsSelectorImpl@51086512 processing 1 keys, 0 updates
13:18:59.730 [qtp1834758074-122] DEBUG org.eclipse.jetty.io.ManagedSelector - selected 1 channel=java.nio.channels.SocketChannel[connected local=/127.0.0.1:8080 remote=/127.0.0.1:65045], selector=sun.nio.ch.WindowsSelectorImpl@51086512, interestOps=1, readyOps=1 NetworkTrafficSocketChannelEndPoint@2495443b{/127.0.0.1:65045<->/127.0.0.1:8080,OPEN,fill=FI,flush=-,to=0/30000}{io=1/1,kio=1,kro=1}->HttpConnection@68d43241[p=HttpParser{s=START,0 of -1},g=HttpGenerator@666e17fc{s=START}]=>HttpChannelOverHttp@56e0f59b{s=HttpChannelState@1e4f0df3{s=IDLE rs=BLOCKING os=OPEN is=IDLE awp=false se=false i=true al=0},r=0,c=false/false,a=IDLE,uri=null,age=0} 
13:18:59.730 [qtp1834758074-122] DEBUG org.eclipse.jetty.io.ChannelEndPoint - onSelected 1->0 r=true w=false for NetworkTrafficSocketChannelEndPoint@2495443b{/127.0.0.1:65045<->/127.0.0.1:8080,OPEN,fill=FI,flush=-,to=0/30000}{io=1/0,kio=1,kro=1}->HttpConnection@68d43241[p=HttpParser{s=START,0 of -1},g=HttpGenerator@666e17fc{s=START}]=>HttpChannelOverHttp@56e0f59b{s=HttpChannelState@1e4f0df3{s=IDLE rs=BLOCKING os=OPEN is=IDLE awp=false se=false i=true al=0},r=0,c=false/false,a=IDLE,uri=null,age=0}
13:18:59.730 [qtp1834758074-122] DEBUG org.eclipse.jetty.io.ChannelEndPoint - task CEP:NetworkTrafficSocketChannelEndPoint@2495443b{/127.0.0.1:65045<->/127.0.0.1:8080,OPEN,fill=FI,flush=-,to=1/30000}{io=1/0,kio=1,kro=1}->HttpConnection@68d43241[p=HttpParser{s=START,0 of -1},g=HttpGenerator@666e17fc{s=START}]=>HttpChannelOverHttp@56e0f59b{s=HttpChannelState@1e4f0df3{s=IDLE rs=BLOCKING os=OPEN is=IDLE awp=false se=false i=true al=0},r=0,c=false/false,a=IDLE,uri=null,age=0}:runFillable:BLOCKING
13:18:59.730 [qtp1834758074-122] DEBUG org.eclipse.jetty.util.thread.ReservedThreadExecutor - ReservedThreadExecutor@62506fd7{s=1/1,p=0} tryExecute EatWhatYouKill@4b368586/SelectorProducer@15142a30/PRODUCING/p=false/QueuedThreadPool[qtp1834758074]@6d5c2fba{STARTED,8<=8<=14,i=2,r=1,q=0}[ReservedThreadExecutor@62506fd7{s=1/1,p=0}][pc=0,pic=0,pec=1,epc=0]@2020-09-25T13:18:59.7307131+02:00
13:18:59.730 [qtp1834758074-122] DEBUG org.eclipse.jetty.util.thread.ReservedThreadExecutor - ReservedThreadExecutor@62506fd7{s=0/1,p=0}@4a705119 offer EatWhatYouKill@4b368586/SelectorProducer@15142a30/PRODUCING/p=false/QueuedThreadPool[qtp1834758074]@6d5c2fba{STARTED,8<=8<=14,i=2,r=1,q=0}[ReservedThreadExecutor@62506fd7{s=0/1,p=0}][pc=0,pic=0,pec=1,epc=0]@2020-09-25T13:18:59.7307131+02:00
13:18:59.731 [qtp1834758074-122] DEBUG org.eclipse.jetty.util.thread.ReservedThreadExecutor - ReservedThreadExecutor@62506fd7{s=0/1,p=1} startReservedThread p=1
13:18:59.731 [qtp1834758074-122] DEBUG org.eclipse.jetty.util.thread.QueuedThreadPool - queue ReservedThreadExecutor@62506fd7{s=0/1,p=1}@cc05d41 startThread=0
13:18:59.731 [qtp1834758074-122] DEBUG org.eclipse.jetty.util.thread.strategy.EatWhatYouKill - EatWhatYouKill@4b368586/SelectorProducer@15142a30/IDLE/p=true/QueuedThreadPool[qtp1834758074]@6d5c2fba{STARTED,8<=8<=14,i=1,r=1,q=0}[ReservedThreadExecutor@62506fd7{s=0/1,p=1}][pc=0,pic=0,pec=1,epc=0]@2020-09-25T13:18:59.7317037+02:00 m=EXECUTE_PRODUCE_CONSUME t=CEP:NetworkTrafficSocketChannelEndPoint@2495443b{/127.0.0.1:65045<->/127.0.0.1:8080,OPEN,fill=FI,flush=-,to=1/30000}{io=1/0,kio=1,kro=1}->HttpConnection@68d43241[p=HttpParser{s=START,0 of -1},g=HttpGenerator@666e17fc{s=START}]=>HttpChannelOverHttp@56e0f59b{s=HttpChannelState@1e4f0df3{s=IDLE rs=BLOCKING os=OPEN is=IDLE awp=false se=false i=true al=0},r=0,c=false/false,a=IDLE,uri=null,age=0}:runFillable:BLOCKING/BLOCKING
13:18:59.731 [qtp1834758074-122] DEBUG org.eclipse.jetty.io.FillInterest - fillable FillInterest@37f37a87{AC.ReadCB@68d43241{HttpConnection@68d43241::NetworkTrafficSocketChannelEndPoint@2495443b{/127.0.0.1:65045<->/127.0.0.1:8080,OPEN,fill=FI,flush=-,to=2/30000}{io=1/0,kio=1,kro=1}->HttpConnection@68d43241[p=HttpParser{s=START,0 of -1},g=HttpGenerator@666e17fc{s=START}]=>HttpChannelOverHttp@56e0f59b{s=HttpChannelState@1e4f0df3{s=IDLE rs=BLOCKING os=OPEN is=IDLE awp=false se=false i=true al=0},r=0,c=false/false,a=IDLE,uri=null,age=0}}}
13:18:59.731 [qtp1834758074-122] DEBUG org.eclipse.jetty.server.HttpConnection - HttpConnection@68d43241::NetworkTrafficSocketChannelEndPoint@2495443b{/127.0.0.1:65045<->/127.0.0.1:8080,OPEN,fill=-,flush=-,to=2/30000}{io=1/0,kio=1,kro=1}->HttpConnection@68d43241[p=HttpParser{s=START,0 of -1},g=HttpGenerator@666e17fc{s=START}]=>HttpChannelOverHttp@56e0f59b{s=HttpChannelState@1e4f0df3{s=IDLE rs=BLOCKING os=OPEN is=IDLE awp=false se=false i=true al=0},r=0,c=false/false,a=IDLE,uri=null,age=0} onFillable enter HttpChannelState@1e4f0df3{s=IDLE rs=BLOCKING os=OPEN is=IDLE awp=false se=false i=true al=0} null
13:18:59.731 [qtp1834758074-122] DEBUG org.eclipse.jetty.io.ChannelEndPoint - filled 195 HeapByteBuffer@6d50e55e[p=0,l=195,c=8192,r=195]={<<<GET /api/v0/components/pr...horization: Bearer \r\n\r\n>>>{\r\n  "id"...\x00\x00\x00\x00\x00\x00\x00}
13:18:59.731 [qtp1834758074-122] DEBUG org.eclipse.jetty.server.HttpConnection - HttpConnection@68d43241::NetworkTrafficSocketChannelEndPoint@2495443b{/127.0.0.1:65045<->/127.0.0.1:8080,OPEN,fill=-,flush=-,to=0/30000}{io=1/0,kio=1,kro=1}->HttpConnection@68d43241[p=HttpParser{s=START,0 of -1},g=HttpGenerator@666e17fc{s=START}]=>HttpChannelOverHttp@56e0f59b{s=HttpChannelState@1e4f0df3{s=IDLE rs=BLOCKING os=OPEN is=IDLE awp=false se=false i=true al=0},r=0,c=false/false,a=IDLE,uri=null,age=0} filled 195 HeapByteBuffer@6d50e55e[p=0,l=195,c=8192,r=195]={<<<GET /api/v0/components/pr...horization: Bearer \r\n\r\n>>>{\r\n  "id"...\x00\x00\x00\x00\x00\x00\x00}
13:18:59.732 [qtp1834758074-122] DEBUG org.eclipse.jetty.server.HttpConnection - HttpConnection@68d43241::NetworkTrafficSocketChannelEndPoint@2495443b{/127.0.0.1:65045<->/127.0.0.1:8080,OPEN,fill=-,flush=-,to=0/30000}{io=1/0,kio=1,kro=1}->HttpConnection@68d43241[p=HttpParser{s=START,0 of -1},g=HttpGenerator@666e17fc{s=START}]=>HttpChannelOverHttp@56e0f59b{s=HttpChannelState@1e4f0df3{s=IDLE rs=BLOCKING os=OPEN is=IDLE awp=false se=false i=true al=0},r=0,c=false/false,a=IDLE,uri=null,age=0} parse HeapByteBuffer@6d50e55e[p=0,l=195,c=8192,r=195]={<<<GET /api/v0/components/pr...horization: Bearer \r\n\r\n>>>{\r\n  "id"...\x00\x00\x00\x00\x00\x00\x00} {}
13:18:59.732 [qtp1834758074-122] DEBUG org.eclipse.jetty.http.HttpParser - parseNext s=START HeapByteBuffer@6d50e55e[p=0,l=195,c=8192,r=195]={<<<GET /api/v0/components/pr...horization: Bearer \r\n\r\n>>>{\r\n  "id"...\x00\x00\x00\x00\x00\x00\x00}
13:18:59.732 [qtp1834758074-122] DEBUG org.eclipse.jetty.http.HttpParser - START --> SPACE1
13:18:59.732 [qtp1834758074-122] DEBUG org.eclipse.jetty.http.HttpParser - SPACE1 --> URI
13:18:59.732 [qtp1834758074-122] DEBUG org.eclipse.jetty.http.HttpParser - URI --> SPACE2
13:18:59.732 [qtp1834758074-122] DEBUG org.eclipse.jetty.http.HttpParser - SPACE2 --> REQUEST_VERSION
13:18:59.732 [qtp1834758074-122] DEBUG org.eclipse.jetty.http.HttpParser - REQUEST_VERSION --> HEADER
13:18:59.732 [qtp1834758074-122] DEBUG org.eclipse.jetty.http.HttpParser - HEADER:User-Agent --> VALUE
13:18:59.732 [qtp1834758074-122] DEBUG org.eclipse.jetty.http.HttpParser - HEADER:User-Agent --> IN_VALUE
13:18:59.732 [qtp1834758074-122] DEBUG org.eclipse.jetty.http.HttpParser - HEADER:User-Agent --> FIELD
13:18:59.732 [qtp1834758074-122] DEBUG org.eclipse.jetty.http.HttpParser - HEADER:Host --> VALUE
13:18:59.732 [qtp1834758074-122] DEBUG org.eclipse.jetty.http.HttpParser - HEADER:Host --> IN_VALUE
13:18:59.732 [qtp1834758074-127] DEBUG org.eclipse.jetty.util.thread.ReservedThreadExecutor - ReservedThreadExecutor@62506fd7{s=0/1,p=1}@4a705119 task=EatWhatYouKill@4b368586/SelectorProducer@15142a30/IDLE/p=true/QueuedThreadPool[qtp1834758074]@6d5c2fba{STARTED,8<=8<=14,i=1,r=1,q=0}[ReservedThreadExecutor@62506fd7{s=0/1,p=1}][pc=0,pic=0,pec=1,epc=1]@2020-09-25T13:18:59.73271+02:00
13:18:59.732 [qtp1834758074-122] DEBUG org.eclipse.jetty.http.HttpParser - HEADER:Host --> FIELD
13:18:59.732 [qtp1834758074-122] DEBUG org.eclipse.jetty.http.HttpParser - HEADER:Accept: */* --> IN_VALUE
13:18:59.732 [qtp1834758074-127] DEBUG org.eclipse.jetty.util.thread.strategy.EatWhatYouKill - EatWhatYouKill@4b368586/SelectorProducer@15142a30/IDLE/p=true/QueuedThreadPool[qtp1834758074]@6d5c2fba{STARTED,8<=8<=14,i=1,r=1,q=0}[ReservedThreadExecutor@62506fd7{s=0/1,p=1}][pc=0,pic=0,pec=1,epc=1]@2020-09-25T13:18:59.73271+02:00 tryProduce true
13:18:59.732 [qtp1834758074-122] DEBUG org.eclipse.jetty.http.HttpParser - HEADER:Accept: */* --> FIELD
13:18:59.732 [qtp1834758074-122] DEBUG org.eclipse.jetty.http.HttpParser - HEADER:Authorization --> VALUE
13:18:59.732 [qtp1834758074-122] DEBUG org.eclipse.jetty.http.HttpParser - HEADER:Authorization --> IN_VALUE
13:18:59.732 [qtp1834758074-122] DEBUG org.eclipse.jetty.http.HttpParser - HEADER:Authorization --> FIELD
13:18:59.732 [qtp1834758074-122] DEBUG org.eclipse.jetty.http.HttpParser - HEADER --> CONTENT
13:18:59.732 [qtp1834758074-122] DEBUG org.eclipse.jetty.server.HttpChannel - REQUEST for //localhost:8080/api/v0/components/provision-adapters/jobs/01bd8171-c219-47a1-b831-c1aa538629c9 on HttpChannelOverHttp@56e0f59b{s=HttpChannelState@1e4f0df3{s=IDLE rs=BLOCKING os=OPEN is=IDLE awp=false se=false i=true al=0},r=1,c=false/false,a=IDLE,uri=//localhost:8080/api/v0/components/provision-adapters/jobs/01bd8171-c219-47a1-b831-c1aa538629c9,age=0}
GET //localhost:8080/api/v0/components/provision-adapters/jobs/01bd8171-c219-47a1-b831-c1aa538629c9 HTTP/1.1
User-Agent: ReactorNetty/0.9.7.RELEASE
Host: localhost:8080
Accept: */*
Authorization: Bearer


13:18:59.732 [qtp1834758074-122] DEBUG org.eclipse.jetty.server.HttpConnection - HttpConnection@68d43241::NetworkTrafficSocketChannelEndPoint@2495443b{/127.0.0.1:65045<->/127.0.0.1:8080,OPEN,fill=-,flush=-,to=0/30000}{io=1/0,kio=1,kro=1}->HttpConnection@68d43241[p=HttpParser{s=CONTENT,0 of -1},g=HttpGenerator@666e17fc{s=START}]=>HttpChannelOverHttp@56e0f59b{s=HttpChannelState@1e4f0df3{s=IDLE rs=BLOCKING os=OPEN is=IDLE awp=false se=false i=true al=0},r=1,c=false/false,a=IDLE,uri=//localhost:8080/api/v0/components/provision-adapters/jobs/01bd8171-c219-47a1-b831-c1aa538629c9,age=0} parsed true HttpParser{s=CONTENT,0 of -1}
13:18:59.733 [qtp1834758074-122] DEBUG org.eclipse.jetty.server.HttpConnection - releaseRequestBuffer HttpConnection@68d43241::NetworkTrafficSocketChannelEndPoint@2495443b{/127.0.0.1:65045<->/127.0.0.1:8080,OPEN,fill=-,flush=-,to=1/30000}{io=1/0,kio=1,kro=1}->HttpConnection@68d43241[p=HttpParser{s=CONTENT,0 of -1},g=HttpGenerator@666e17fc{s=START}]=>HttpChannelOverHttp@56e0f59b{s=HttpChannelState@1e4f0df3{s=IDLE rs=BLOCKING os=OPEN is=IDLE awp=false se=false i=true al=0},r=1,c=false/false,a=IDLE,uri=//localhost:8080/api/v0/components/provision-adapters/jobs/01bd8171-c219-47a1-b831-c1aa538629c9,age=0}
13:18:59.733 [qtp1834758074-128] DEBUG org.eclipse.jetty.util.thread.QueuedThreadPool - run ReservedThreadExecutor@62506fd7{s=0/1,p=1}@cc05d41 in QueuedThreadPool[qtp1834758074]@6d5c2fba{STARTED,8<=8<=14,i=1,r=1,q=0}[ReservedThreadExecutor@62506fd7{s=0/1,p=1}]
13:18:59.733 [qtp1834758074-128] DEBUG org.eclipse.jetty.util.thread.ReservedThreadExecutor - ReservedThreadExecutor@62506fd7{s=1/1,p=1}@cc05d41 started
13:18:59.733 [qtp1834758074-122] DEBUG org.eclipse.jetty.server.HttpChannel - handle //localhost:8080/api/v0/components/provision-adapters/jobs/01bd8171-c219-47a1-b831-c1aa538629c9 HttpChannelOverHttp@56e0f59b{s=HttpChannelState@1e4f0df3{s=IDLE rs=BLOCKING os=OPEN is=IDLE awp=false se=false i=true al=0},r=1,c=false/false,a=IDLE,uri=//localhost:8080/api/v0/components/provision-adapters/jobs/01bd8171-c219-47a1-b831-c1aa538629c9,age=1} 
13:18:59.733 [qtp1834758074-122] DEBUG org.eclipse.jetty.server.HttpChannelState - handling HttpChannelState@1e4f0df3{s=IDLE rs=BLOCKING os=OPEN is=IDLE awp=false se=false i=true al=0}
13:18:59.733 [qtp1834758074-122] DEBUG org.eclipse.jetty.server.HttpChannel - action DISPATCH HttpChannelOverHttp@56e0f59b{s=HttpChannelState@1e4f0df3{s=HANDLING rs=BLOCKING os=OPEN is=IDLE awp=false se=false i=true al=0},r=1,c=false/false,a=HANDLING,uri=//localhost:8080/api/v0/components/provision-adapters/jobs/01bd8171-c219-47a1-b831-c1aa538629c9,age=1}
13:18:59.733 [qtp1834758074-122] DEBUG org.eclipse.jetty.server.Server - REQUEST GET /api/v0/components/provision-adapters/jobs/01bd8171-c219-47a1-b831-c1aa538629c9 on HttpChannelOverHttp@56e0f59b{s=HttpChannelState@1e4f0df3{s=HANDLING rs=BLOCKING os=OPEN is=IDLE awp=false se=false i=true al=0},r=1,c=false/false,a=HANDLING,uri=//localhost:8080/api/v0/components/provision-adapters/jobs/01bd8171-c219-47a1-b831-c1aa538629c9,age=1}
13:18:59.733 [qtp1834758074-122] DEBUG org.eclipse.jetty.server.handler.ContextHandler - scope null||/api/v0/components/provision-adapters/jobs/01bd8171-c219-47a1-b831-c1aa538629c9 @ o.e.j.s.ServletContextHandler@21c2f3c8{/__admin,null,AVAILABLE}
13:18:59.733 [qtp1834758074-122] DEBUG org.eclipse.jetty.server.handler.gzip.GzipHandler - GzipHandler@4d098ee1{STARTED,min=32,inflate=-1} handle Request(GET //localhost:8080/api/v0/components/provision-adapters/jobs/01bd8171-c219-47a1-b831-c1aa538629c9)@2f268013 in null
13:18:59.733 [qtp1834758074-122] DEBUG org.eclipse.jetty.server.handler.ContextHandler - scope null||/api/v0/components/provision-adapters/jobs/01bd8171-c219-47a1-b831-c1aa538629c9 @ o.e.j.s.ServletContextHandler@62fe5902{/,null,AVAILABLE}
13:18:59.733 [qtp1834758074-122] DEBUG org.eclipse.jetty.server.handler.ContextHandler - context=||/api/v0/components/provision-adapters/jobs/01bd8171-c219-47a1-b831-c1aa538629c9 @ o.e.j.s.ServletContextHandler@62fe5902{/,null,AVAILABLE}
13:18:59.733 [qtp1834758074-122] DEBUG org.eclipse.jetty.servlet.ServletHandler - servlet |/api/v0/components/provision-adapters/jobs/01bd8171-c219-47a1-b831-c1aa538629c9|null -> com.github.tomakehurst.wiremock.servlet.WireMockHandlerDispatchingServlet-7aaabb79@66120c9a==com.github.tomakehurst.wiremock.servlet.WireMockHandlerDispatchingServlet,jsp=null,order=-1,inst=true,async=true
13:18:59.733 [qtp1834758074-122] DEBUG org.eclipse.jetty.servlet.ServletHandler - chain=org.eclipse.jetty.servlets.CrossOriginFilter-4c2e3189@4c2e3189==org.eclipse.jetty.servlets.CrossOriginFilter,inst=true,async=true->com.github.tomakehurst.wiremock.servlet.WireMockHandlerDispatchingServlet-7aaabb79@66120c9a==com.github.tomakehurst.wiremock.servlet.WireMockHandlerDispatchingServlet,jsp=null,order=-1,inst=true,async=true
13:18:59.733 [qtp1834758074-122] DEBUG org.eclipse.jetty.servlet.ServletHandler - call filter org.eclipse.jetty.servlets.CrossOriginFilter-4c2e3189@4c2e3189==org.eclipse.jetty.servlets.CrossOriginFilter,inst=true,async=true
13:18:59.733 [qtp1834758074-122] DEBUG org.eclipse.jetty.servlet.ServletHandler - call servlet com.github.tomakehurst.wiremock.servlet.WireMockHandlerDispatchingServlet-7aaabb79@66120c9a==com.github.tomakehurst.wiremock.servlet.WireMockHandlerDispatchingServlet,jsp=null,order=-1,inst=true,async=true
13:18:59.734 [qtp1834758074-122] DEBUG org.eclipse.jetty.io.ChannelEndPoint - filled 0 HeapByteBuffer@6d50e55e[p=0,l=0,c=8192,r=0]={<<<>>>GET /api/...\x00\x00\x00\x00\x00\x00\x00}
13:18:59.734 [qtp1834758074-122] DEBUG org.eclipse.jetty.io.ChannelEndPoint - filled 0 HeapByteBuffer@6d50e55e[p=0,l=0,c=8192,r=0]={<<<>>>GET /api/...\x00\x00\x00\x00\x00\x00\x00}
13:18:59.734 [qtp1834758074-122] DEBUG org.eclipse.jetty.server.HttpConnection - HttpConnection@68d43241::NetworkTrafficSocketChannelEndPoint@2495443b{/127.0.0.1:65045<->/127.0.0.1:8080,OPEN,fill=-,flush=-,to=2/30000}{io=1/0,kio=1,kro=1}->HttpConnection@68d43241[p=HttpParser{s=CONTENT,0 of -1},g=HttpGenerator@666e17fc{s=START}]=>HttpChannelOverHttp@56e0f59b{s=HttpChannelState@1e4f0df3{s=HANDLING rs=BLOCKING os=OPEN is=IDLE awp=false se=false i=true al=0},r=1,c=false/false,a=HANDLING,uri=//localhost:8080/api/v0/components/provision-adapters/jobs/01bd8171-c219-47a1-b831-c1aa538629c9,age=2} filled 0 HeapByteBuffer@6d50e55e[p=0,l=0,c=8192,r=0]={<<<>>>GET /api/...\x00\x00\x00\x00\x00\x00\x00}
13:18:59.734 [qtp1834758074-122] DEBUG org.eclipse.jetty.server.HttpConnection - HttpConnection@68d43241::NetworkTrafficSocketChannelEndPoint@2495443b{/127.0.0.1:65045<->/127.0.0.1:8080,OPEN,fill=-,flush=-,to=2/30000}{io=1/0,kio=1,kro=1}->HttpConnection@68d43241[p=HttpParser{s=CONTENT,0 of -1},g=HttpGenerator@666e17fc{s=START}]=>HttpChannelOverHttp@56e0f59b{s=HttpChannelState@1e4f0df3{s=HANDLING rs=BLOCKING os=OPEN is=IDLE awp=false se=false i=true al=0},r=1,c=false/false,a=HANDLING,uri=//localhost:8080/api/v0/components/provision-adapters/jobs/01bd8171-c219-47a1-b831-c1aa538629c9,age=2} parse HeapByteBuffer@6d50e55e[p=0,l=0,c=8192,r=0]={<<<>>>GET /api/...\x00\x00\x00\x00\x00\x00\x00} {}
13:18:59.734 [qtp1834758074-122] DEBUG org.eclipse.jetty.http.HttpParser - parseNext s=CONTENT HeapByteBuffer@6d50e55e[p=0,l=0,c=8192,r=0]={<<<>>>GET /api/...\x00\x00\x00\x00\x00\x00\x00}
13:18:59.734 [qtp1834758074-122] DEBUG org.eclipse.jetty.http.HttpParser - CONTENT --> CONTENT_END
13:18:59.734 [qtp1834758074-122] DEBUG org.eclipse.jetty.server.HttpChannel - onContentComplete HttpChannelOverHttp@56e0f59b{s=HttpChannelState@1e4f0df3{s=HANDLING rs=BLOCKING os=OPEN is=IDLE awp=false se=false i=true al=0},r=1,c=false/false,a=HANDLING,uri=//localhost:8080/api/v0/components/provision-adapters/jobs/01bd8171-c219-47a1-b831-c1aa538629c9,age=2}
13:18:59.734 [qtp1834758074-122] DEBUG org.eclipse.jetty.http.HttpParser - CONTENT_END --> END
13:18:59.735 [qtp1834758074-122] DEBUG org.eclipse.jetty.server.HttpChannel - onRequestComplete HttpChannelOverHttp@56e0f59b{s=HttpChannelState@1e4f0df3{s=HANDLING rs=BLOCKING os=OPEN is=IDLE awp=false se=false i=true al=0},r=1,c=false/false,a=HANDLING,uri=//localhost:8080/api/v0/components/provision-adapters/jobs/01bd8171-c219-47a1-b831-c1aa538629c9,age=2}
13:18:59.735 [qtp1834758074-122] DEBUG org.eclipse.jetty.server.HttpInput - HttpInputOverHTTP@74fe188b[c=0,q=0,[0]=null,s=STREAM] addContent EOF
13:18:59.733 [qtp1834758074-128] DEBUG org.eclipse.jetty.util.thread.ReservedThreadExecutor - ReservedThreadExecutor@62506fd7{s=1/1,p=0}@cc05d41 waiting
13:18:59.739 [qtp1834758074-122] DEBUG org.eclipse.jetty.server.HttpConnection - HttpConnection@68d43241::NetworkTrafficSocketChannelEndPoint@2495443b{/127.0.0.1:65045<->/127.0.0.1:8080,OPEN,fill=-,flush=-,to=7/30000}{io=1/0,kio=1,kro=1}->HttpConnection@68d43241[p=HttpParser{s=END,0 of -1},g=HttpGenerator@666e17fc{s=START}]=>HttpChannelOverHttp@56e0f59b{s=HttpChannelState@1e4f0df3{s=HANDLING rs=BLOCKING os=OPEN is=IDLE awp=false se=false i=true al=0},r=1,c=false/false,a=HANDLING,uri=//localhost:8080/api/v0/components/provision-adapters/jobs/01bd8171-c219-47a1-b831-c1aa538629c9,age=7} parsed false HttpParser{s=END,0 of -1}
13:18:59.746 [qtp1834758074-122] DEBUG org.eclipse.jetty.server.HttpConnection - releaseRequestBuffer HttpConnection@68d43241::NetworkTrafficSocketChannelEndPoint@2495443b{/127.0.0.1:65045<->/127.0.0.1:8080,OPEN,fill=-,flush=-,to=14/30000}{io=1/0,kio=1,kro=1}->HttpConnection@68d43241[p=HttpParser{s=END,0 of -1},g=HttpGenerator@666e17fc{s=START}]=>HttpChannelOverHttp@56e0f59b{s=HttpChannelState@1e4f0df3{s=HANDLING rs=BLOCKING os=OPEN is=IDLE awp=false se=false i=true al=0},r=1,c=false/false,a=HANDLING,uri=//localhost:8080/api/v0/components/provision-adapters/jobs/01bd8171-c219-47a1-b831-c1aa538629c9,age=13}
13:18:59.746 [qtp1834758074-122] DEBUG org.eclipse.jetty.server.HttpChannelState - onEof HttpChannelState@1e4f0df3{s=HANDLING rs=BLOCKING os=OPEN is=IDLE awp=false se=false i=true al=0}
13:18:59.733 [qtp1834758074-127] DEBUG org.eclipse.jetty.io.ManagedSelector - updateable 0
13:18:59.751 [qtp1834758074-127] DEBUG org.eclipse.jetty.io.ManagedSelector - updates 0
13:18:59.751 [qtp1834758074-127] DEBUG org.eclipse.jetty.io.ChannelEndPoint - Key interests updated 1 -> 0 on NetworkTrafficSocketChannelEndPoint@2495443b{/127.0.0.1:65045<->/127.0.0.1:8080,OPEN,fill=-,flush=-,to=19/30000}{io=0/0,kio=0,kro=1}->HttpConnection@68d43241[p=HttpParser{s=END,0 of -1},g=HttpGenerator@666e17fc{s=START}]=>HttpChannelOverHttp@56e0f59b{s=HttpChannelState@1e4f0df3{s=HANDLING rs=BLOCKING os=OPEN is=READY awp=false se=false i=true al=0},r=1,c=false/false,a=HANDLING,uri=//localhost:8080/api/v0/components/provision-adapters/jobs/01bd8171-c219-47a1-b831-c1aa538629c9,age=19}
13:18:59.751 [qtp1834758074-127] DEBUG org.eclipse.jetty.io.ManagedSelector - Selector sun.nio.ch.WindowsSelectorImpl@51086512 waiting with 2 keys
13:19:01.727 [reactor-http-nio-2] WARN reactor.netty.http.client.HttpClientConnect - [id: 0x2456f7d8, L:/127.0.0.1:65045 - R:localhost/127.0.0.1:8080] The connection observed an error
io.netty.handler.timeout.ReadTimeoutException: null
13:19:01.727 [reactor-http-nio-2] DEBUG org.springframework.web.reactive.function.client.ExchangeFunctions - [2d9caf69] Cancel signal (to close connection)
13:19:01.728 [reactor-http-nio-2] DEBUG reactor.netty.resources.PooledConnectionProvider - [id: 0x2456f7d8, L:/127.0.0.1:65045 ! R:localhost/127.0.0.1:8080] Channel closed, now 0 active connections and 0 inactive connections
13:19:01.728 [reactor-http-nio-2] DEBUG reactor.netty.ReactorNetty - [id: 0x2456f7d8, L:/127.0.0.1:65045 ! R:localhost/127.0.0.1:8080] Non Removed handler: ReadTimeoutHandler, context: ChannelHandlerContext(ReadTimeoutHandler, [id: 0x2456f7d8, L:/127.0.0.1:65045 ! R:localhost/127.0.0.1:8080]), pipeline: DefaultChannelPipeline{(reactor.left.httpCodec = io.netty.handler.codec.http.HttpClientCodec), (ReadTimeoutHandler = io.netty.handler.timeout.ReadTimeoutHandler), (WriteTimeoutHandler = io.netty.handler.timeout.WriteTimeoutHandler), (reactor.right.reactiveBridge = reactor.netty.channel.ChannelOperationsHandler)}
13:19:01.728 [reactor-http-nio-2] DEBUG reactor.netty.ReactorNetty - [id: 0x2456f7d8, L:/127.0.0.1:65045 ! R:localhost/127.0.0.1:8080] Non Removed handler: WriteTimeoutHandler, context: ChannelHandlerContext(WriteTimeoutHandler, [id: 0x2456f7d8, L:/127.0.0.1:65045 ! R:localhost/127.0.0.1:8080]), pipeline: DefaultChannelPipeline{(reactor.left.httpCodec = io.netty.handler.codec.http.HttpClientCodec), (ReadTimeoutHandler = io.netty.handler.timeout.ReadTimeoutHandler), (WriteTimeoutHandler = io.netty.handler.timeout.WriteTimeoutHandler), (reactor.right.reactiveBridge = reactor.netty.channel.ChannelOperationsHandler)}
13:19:01.729 [reactor-http-nio-2] DEBUG reactor.netty.resources.PooledConnectionProvider - [id: 0x2456f7d8, L:/127.0.0.1:65045 ! R:localhost/127.0.0.1:8080] onStateChange(GET{uri=/api/v0/components/provision-adapters/jobs/01bd8171-c219-47a1-b831-c1aa538629c9, connection=PooledConnection{channel=[id: 0x2456f7d8, L:/127.0.0.1:65045 ! R:localhost/127.0.0.1:8080]}}, [disconnecting])
13:19:01.851 [qtp1834758074-122] DEBUG org.eclipse.jetty.server.handler.gzip.GzipHandler - GzipHandler@4d098ee1{STARTED,min=32,inflate=-1} excluded not gzip accept Request(GET //localhost:8080/api/v0/components/provision-adapters/jobs/01bd8171-c219-47a1-b831-c1aa538629c9)@2f268013
13:19:01.851 [qtp1834758074-122] DEBUG org.eclipse.jetty.server.handler.gzip.GzipHttpOutputInterceptor - org.eclipse.jetty.server.handler.gzip.GzipHttpOutputInterceptor@7edd6437 exclude no deflater
13:19:01.851 [qtp1834758074-122] DEBUG org.eclipse.jetty.server.HttpChannel - sendResponse info=null content=HeapByteBuffer@137d328[p=0,l=0,c=0,r=0]={<<<>>>} complete=false committing=true callback=Blocker@707914f8{null}
13:19:01.851 [qtp1834758074-122] DEBUG org.eclipse.jetty.server.HttpChannel - COMMIT for /api/v0/components/provision-adapters/jobs/01bd8171-c219-47a1-b831-c1aa538629c9 on HttpChannelOverHttp@56e0f59b{s=HttpChannelState@1e4f0df3{s=HANDLING rs=BLOCKING os=COMMITTED is=READY awp=false se=false i=true al=0},r=1,c=false/false,a=HANDLING,uri=//localhost:8080/api/v0/components/provision-adapters/jobs/01bd8171-c219-47a1-b831-c1aa538629c9,age=2119}
200 null HTTP/1.1
Matched-Stub-Id: 946928c0-4aeb-417b-83ff-08c138e23c1a
Vary: Accept-Encoding, User-Agent


13:19:01.851 [qtp1834758074-122] DEBUG org.eclipse.jetty.server.HttpConnection - generate: NEED_HEADER for org.eclipse.jetty.server.HttpConnection$SendCallback@6b4434fc[PROCESSING][i=HTTP/1.1{s=200,h=2,cl=-1},cb=org.eclipse.jetty.server.HttpChannel$SendCallback@6ffa535f] (null,[p=0,l=0,c=0,r=0],false)@START
13:19:01.851 [qtp1834758074-122] DEBUG org.eclipse.jetty.http.HttpGenerator - generateHeaders HTTP/1.1{s=200,h=2,cl=-1} last=false content=HeapByteBuffer@137d328[p=0,l=0,c=0,r=0]={<<<>>>}
13:19:01.851 [qtp1834758074-122] DEBUG org.eclipse.jetty.http.HttpGenerator - Matched-Stub-Id: 946928c0-4aeb-417b-83ff-08c138e23c1a
Vary: Accept-Encoding, User-Agent


13:19:01.851 [qtp1834758074-122] DEBUG org.eclipse.jetty.http.HttpGenerator - CHUNKED_CONTENT
13:19:01.851 [qtp1834758074-122] DEBUG org.eclipse.jetty.server.HttpConnection - generate: FLUSH for org.eclipse.jetty.server.HttpConnection$SendCallback@6b4434fc[PROCESSING][i=HTTP/1.1{s=200,h=2,cl=-1},cb=org.eclipse.jetty.server.HttpChannel$SendCallback@6ffa535f] ([p=0,l=170,c=8192,r=170],[p=0,l=0,c=0,r=0],false)@COMMITTED
13:19:01.851 [qtp1834758074-122] DEBUG org.eclipse.jetty.io.WriteFlusher - write: WriteFlusher@7a937e4b{IDLE}->null [HeapByteBuffer@6d50e55e[p=0,l=170,c=8192,r=170]={<<<HTTP/1.1 200 OK\r\nMatched-...y(9.4.28.v20200408)\r\n\r\n>>>uthorizat...\x00\x00\x00\x00\x00\x00\x00}]
13:19:01.851 [qtp1834758074-122] DEBUG org.eclipse.jetty.io.WriteFlusher - update WriteFlusher@7a937e4b{WRITING}->null:IDLE-->WRITING
13:19:01.852 [qtp1834758074-122] DEBUG org.eclipse.jetty.io.ChannelEndPoint - flushed 170 NetworkTrafficSocketChannelEndPoint@2495443b{/127.0.0.1:65045<->/127.0.0.1:8080,OPEN,fill=-,flush=W,to=2120/30000}{io=0/0,kio=0,kro=1}->HttpConnection@68d43241[p=HttpParser{s=END,0 of -1},g=HttpGenerator@666e17fc{s=COMMITTED}]=>HttpChannelOverHttp@56e0f59b{s=HttpChannelState@1e4f0df3{s=HANDLING rs=BLOCKING os=COMMITTED is=READY awp=false se=false i=true al=0},r=1,c=false/false,a=HANDLING,uri=//localhost:8080/api/v0/components/provision-adapters/jobs/01bd8171-c219-47a1-b831-c1aa538629c9,age=2120}
13:19:01.852 [qtp1834758074-122] DEBUG org.eclipse.jetty.io.WriteFlusher - Flushed=true written=170 remaining=0 WriteFlusher@7a937e4b{WRITING}->null
13:19:01.852 [qtp1834758074-122] DEBUG org.eclipse.jetty.io.WriteFlusher - update WriteFlusher@7a937e4b{IDLE}->null:WRITING-->IDLE
13:19:01.852 [qtp1834758074-122] DEBUG org.eclipse.jetty.server.HttpConnection - generate: DONE for org.eclipse.jetty.server.HttpConnection$SendCallback@6b4434fc[PROCESSING][i=HTTP/1.1{s=200,h=2,cl=-1},cb=org.eclipse.jetty.server.HttpChannel$SendCallback@6ffa535f] ([p=170,l=170,c=8192,r=0],[p=0,l=0,c=0,r=0],false)@COMMITTED
13:19:01.852 [qtp1834758074-122] DEBUG org.eclipse.jetty.server.HttpOutput - onWriteComplete(false,null) s=OPEN,api=BLOCKED,sc=false,e=null->s=OPEN,api=BLOCKING,sc=false,e=null c=null cb=null w=false
13:19:01.852 [qtp1834758074-122] DEBUG org.eclipse.jetty.server.HttpOutput - close() s=CLOSING,api=BLOCKED,sc=false,e=null c=HeapByteBuffer@137d328[p=0,l=0,c=0,r=0]={<<<>>>} b=Blocker@707914f8{null}
13:19:01.852 [qtp1834758074-122] DEBUG org.eclipse.jetty.server.HttpChannel - sendResponse info=null content=HeapByteBuffer@137d328[p=0,l=0,c=0,r=0]={<<<>>>} complete=true committing=false callback=Blocker@707914f8{null}
13:19:01.852 [qtp1834758074-122] DEBUG org.eclipse.jetty.server.HttpConnection - generate: CONTINUE for org.eclipse.jetty.server.HttpConnection$SendCallback@6b4434fc[PROCESSING][i=null,cb=org.eclipse.jetty.server.HttpChannel$SendCallback@42756b35] (null,[p=0,l=0,c=0,r=0],true)@COMPLETING
13:19:01.852 [qtp1834758074-122] DEBUG org.eclipse.jetty.server.HttpConnection - generate: NEED_CHUNK for org.eclipse.jetty.server.HttpConnection$SendCallback@6b4434fc[PROCESSING][i=null,cb=org.eclipse.jetty.server.HttpChannel$SendCallback@42756b35] (null,[p=0,l=0,c=0,r=0],true)@COMPLETING
13:19:01.852 [qtp1834758074-122] DEBUG org.eclipse.jetty.server.HttpConnection - generate: FLUSH for org.eclipse.jetty.server.HttpConnection$SendCallback@6b4434fc[PROCESSING][i=null,cb=org.eclipse.jetty.server.HttpChannel$SendCallback@42756b35] (null,[p=0,l=0,c=0,r=0],true)@COMPLETING
13:19:01.852 [qtp1834758074-122] DEBUG org.eclipse.jetty.io.WriteFlusher - write: WriteFlusher@7a937e4b{IDLE}->null [HeapByteBuffer@53dc3490[p=0,l=5,c=1024,r=5]={<<<0\r\n\r\n>>>\r\n\x00\x00\x00\x00\x00\x00\x00...\x00\x00\x00\x00\x00\x00\x00}]
13:19:01.852 [qtp1834758074-122] DEBUG org.eclipse.jetty.io.WriteFlusher - update WriteFlusher@7a937e4b{WRITING}->null:IDLE-->WRITING
13:19:01.853 [qtp1834758074-122] DEBUG org.eclipse.jetty.io.WriteFlusher - write exception
org.eclipse.jetty.io.EofException: null
	at org.eclipse.jetty.io.ChannelEndPoint.flush(ChannelEndPoint.java:283)
	at org.eclipse.jetty.io.NetworkTrafficSocketChannelEndPoint.flush(NetworkTrafficSocketChannelEndPoint.java:66)
	at org.eclipse.jetty.io.WriteFlusher.flush(WriteFlusher.java:422)
	at org.eclipse.jetty.io.WriteFlusher.write(WriteFlusher.java:277)
	at org.eclipse.jetty.io.AbstractEndPoint.write(AbstractEndPoint.java:381)
	at org.eclipse.jetty.server.HttpConnection$SendCallback.process(HttpConnection.java:830)
	at org.eclipse.jetty.util.IteratingCallback.processing(IteratingCallback.java:241)
	at org.eclipse.jetty.util.IteratingCallback.iterate(IteratingCallback.java:223)
	at org.eclipse.jetty.server.HttpConnection.send(HttpConnection.java:549)
	at org.eclipse.jetty.server.HttpChannel.sendResponse(HttpChannel.java:829)
	at org.eclipse.jetty.server.HttpChannel.write(HttpChannel.java:901)
	at org.eclipse.jetty.server.handler.gzip.GzipHttpOutputInterceptor.write(GzipHttpOutputInterceptor.java:112)
	at org.eclipse.jetty.server.HttpOutput.channelWrite(HttpOutput.java:283)
	at org.eclipse.jetty.server.HttpOutput.close(HttpOutput.java:602)
	at com.github.tomakehurst.wiremock.servlet.WireMockHandlerDispatchingServlet.writeAndTranslateExceptions(WireMockHandlerDispatchingServlet.java:235)
	at com.github.tomakehurst.wiremock.servlet.WireMockHandlerDispatchingServlet.applyResponse(WireMockHandlerDispatchingServlet.java:223)
	at com.github.tomakehurst.wiremock.servlet.WireMockHandlerDispatchingServlet$ServletHttpResponder.respondTo(WireMockHandlerDispatchingServlet.java:183)
	at com.github.tomakehurst.wiremock.servlet.WireMockHandlerDispatchingServlet$ServletHttpResponder.respondSync(WireMockHandlerDispatchingServlet.java:150)
	at com.github.tomakehurst.wiremock.servlet.WireMockHandlerDispatchingServlet$ServletHttpResponder.respond(WireMockHandlerDispatchingServlet.java:144)
	at com.github.tomakehurst.wiremock.http.AbstractRequestHandler.handle(AbstractRequestHandler.java:90)
	at com.github.tomakehurst.wiremock.servlet.WireMockHandlerDispatchingServlet.service(WireMockHandlerDispatchingServlet.java:120)
	at javax.servlet.http.HttpServlet.service(HttpServlet.java:750)
	at org.eclipse.jetty.servlet.ServletHolder.handle(ServletHolder.java:763)
	at org.eclipse.jetty.servlet.ServletHandler$CachedChain.doFilter(ServletHandler.java:1631)
	at org.eclipse.jetty.servlets.CrossOriginFilter.handle(CrossOriginFilter.java:319)
	at org.eclipse.jetty.servlets.CrossOriginFilter.doFilter(CrossOriginFilter.java:273)
	at org.eclipse.jetty.servlet.ServletHandler$CachedChain.doFilter(ServletHandler.java:1618)
	at org.eclipse.jetty.servlet.ServletHandler.doHandle(ServletHandler.java:549)
	at org.eclipse.jetty.server.handler.ScopedHandler.nextHandle(ScopedHandler.java:233)
	at org.eclipse.jetty.server.handler.ContextHandler.doHandle(ContextHandler.java:1363)
	at org.eclipse.jetty.server.handler.ScopedHandler.nextScope(ScopedHandler.java:188)
	at org.eclipse.jetty.servlet.ServletHandler.doScope(ServletHandler.java:489)
	at org.eclipse.jetty.server.handler.ScopedHandler.nextScope(ScopedHandler.java:186)
	at org.eclipse.jetty.server.handler.ContextHandler.doScope(ContextHandler.java:1278)
	at org.eclipse.jetty.server.handler.ScopedHandler.handle(ScopedHandler.java:141)
	at org.eclipse.jetty.server.handler.gzip.GzipHandler.handle(GzipHandler.java:767)
	at org.eclipse.jetty.server.handler.HandlerCollection.handle(HandlerCollection.java:146)
	at org.eclipse.jetty.server.handler.HandlerWrapper.handle(HandlerWrapper.java:127)
	at org.eclipse.jetty.server.Server.handle(Server.java:500)
	at org.eclipse.jetty.server.HttpChannel.lambda$handle$1(HttpChannel.java:383)
	at org.eclipse.jetty.server.HttpChannel.dispatch(HttpChannel.java:547)
	at org.eclipse.jetty.server.HttpChannel.handle(HttpChannel.java:375)
	at org.eclipse.jetty.server.HttpConnection.onFillable(HttpConnection.java:273)
	at org.eclipse.jetty.io.AbstractConnection$ReadCallback.succeeded(AbstractConnection.java:311)
	at org.eclipse.jetty.io.FillInterest.fillable(FillInterest.java:103)
	at org.eclipse.jetty.io.ChannelEndPoint$2.run(ChannelEndPoint.java:117)
	at org.eclipse.jetty.util.thread.strategy.EatWhatYouKill.runTask(EatWhatYouKill.java:336)
	at org.eclipse.jetty.util.thread.strategy.EatWhatYouKill.doProduce(EatWhatYouKill.java:313)
	at org.eclipse.jetty.util.thread.strategy.EatWhatYouKill.tryProduce(EatWhatYouKill.java:171)
	at org.eclipse.jetty.util.thread.strategy.EatWhatYouKill.produce(EatWhatYouKill.java:135)
	at org.eclipse.jetty.util.thread.QueuedThreadPool.runJob(QueuedThreadPool.java:806)
	at org.eclipse.jetty.util.thread.QueuedThreadPool$Runner.run(QueuedThreadPool.java:938)
	at java.base/java.lang.Thread.run(Thread.java:834)
Caused by: java.io.IOException: Se ha anulado una conexión establecida por el software en su equipo host.
	at java.base/sun.nio.ch.SocketDispatcher.write0(Native Method)
	at java.base/sun.nio.ch.SocketDispatcher.write(SocketDispatcher.java:51)
	at java.base/sun.nio.ch.IOUtil.writeFromNativeBuffer(IOUtil.java:113)
	at java.base/sun.nio.ch.IOUtil.write(IOUtil.java:79)
	at java.base/sun.nio.ch.IOUtil.write(IOUtil.java:50)
	at java.base/sun.nio.ch.SocketChannelImpl.write(SocketChannelImpl.java:466)
	at org.eclipse.jetty.io.ChannelEndPoint.flush(ChannelEndPoint.java:261)
	... 52 common frames omitted
13:19:01.854 [qtp1834758074-122] DEBUG org.eclipse.jetty.io.WriteFlusher - update WriteFlusher@7a937e4b{FAILED}->null:WRITING-->FAILED
13:19:01.854 [qtp1834758074-122] DEBUG org.eclipse.jetty.server.HttpChannel - Commit failed
org.eclipse.jetty.io.EofException: null
	at org.eclipse.jetty.io.ChannelEndPoint.flush(ChannelEndPoint.java:283)
	at org.eclipse.jetty.io.NetworkTrafficSocketChannelEndPoint.flush(NetworkTrafficSocketChannelEndPoint.java:66)
	at org.eclipse.jetty.io.WriteFlusher.flush(WriteFlusher.java:422)
	at org.eclipse.jetty.io.WriteFlusher.write(WriteFlusher.java:277)
	at org.eclipse.jetty.io.AbstractEndPoint.write(AbstractEndPoint.java:381)
	at org.eclipse.jetty.server.HttpConnection$SendCallback.process(HttpConnection.java:830)
	at org.eclipse.jetty.util.IteratingCallback.processing(IteratingCallback.java:241)
	at org.eclipse.jetty.util.IteratingCallback.iterate(IteratingCallback.java:223)
	at org.eclipse.jetty.server.HttpConnection.send(HttpConnection.java:549)
	at org.eclipse.jetty.server.HttpChannel.sendResponse(HttpChannel.java:829)
	at org.eclipse.jetty.server.HttpChannel.write(HttpChannel.java:901)
	at org.eclipse.jetty.server.handler.gzip.GzipHttpOutputInterceptor.write(GzipHttpOutputInterceptor.java:112)
	at org.eclipse.jetty.server.HttpOutput.channelWrite(HttpOutput.java:283)
	at org.eclipse.jetty.server.HttpOutput.close(HttpOutput.java:602)
	at com.github.tomakehurst.wiremock.servlet.WireMockHandlerDispatchingServlet.writeAndTranslateExceptions(WireMockHandlerDispatchingServlet.java:235)
	at com.github.tomakehurst.wiremock.servlet.WireMockHandlerDispatchingServlet.applyResponse(WireMockHandlerDispatchingServlet.java:223)
	at com.github.tomakehurst.wiremock.servlet.WireMockHandlerDispatchingServlet$ServletHttpResponder.respondTo(WireMockHandlerDispatchingServlet.java:183)
	at com.github.tomakehurst.wiremock.servlet.WireMockHandlerDispatchingServlet$ServletHttpResponder.respondSync(WireMockHandlerDispatchingServlet.java:150)
	at com.github.tomakehurst.wiremock.servlet.WireMockHandlerDispatchingServlet$ServletHttpResponder.respond(WireMockHandlerDispatchingServlet.java:144)
	at com.github.tomakehurst.wiremock.http.AbstractRequestHandler.handle(AbstractRequestHandler.java:90)
	at com.github.tomakehurst.wiremock.servlet.WireMockHandlerDispatchingServlet.service(WireMockHandlerDispatchingServlet.java:120)
	at javax.servlet.http.HttpServlet.service(HttpServlet.java:750)
	at org.eclipse.jetty.servlet.ServletHolder.handle(ServletHolder.java:763)
	at org.eclipse.jetty.servlet.ServletHandler$CachedChain.doFilter(ServletHandler.java:1631)
	at org.eclipse.jetty.servlets.CrossOriginFilter.handle(CrossOriginFilter.java:319)
	at org.eclipse.jetty.servlets.CrossOriginFilter.doFilter(CrossOriginFilter.java:273)
	at org.eclipse.jetty.servlet.ServletHandler$CachedChain.doFilter(ServletHandler.java:1618)
	at org.eclipse.jetty.servlet.ServletHandler.doHandle(ServletHandler.java:549)
	at org.eclipse.jetty.server.handler.ScopedHandler.nextHandle(ScopedHandler.java:233)
	at org.eclipse.jetty.server.handler.ContextHandler.doHandle(ContextHandler.java:1363)
	at org.eclipse.jetty.server.handler.ScopedHandler.nextScope(ScopedHandler.java:188)
	at org.eclipse.jetty.servlet.ServletHandler.doScope(ServletHandler.java:489)
	at org.eclipse.jetty.server.handler.ScopedHandler.nextScope(ScopedHandler.java:186)
	at org.eclipse.jetty.server.handler.ContextHandler.doScope(ContextHandler.java:1278)
	at org.eclipse.jetty.server.handler.ScopedHandler.handle(ScopedHandler.java:141)
	at org.eclipse.jetty.server.handler.gzip.GzipHandler.handle(GzipHandler.java:767)
	at org.eclipse.jetty.server.handler.HandlerCollection.handle(HandlerCollection.java:146)
	at org.eclipse.jetty.server.handler.HandlerWrapper.handle(HandlerWrapper.java:127)
	at org.eclipse.jetty.server.Server.handle(Server.java:500)
	at org.eclipse.jetty.server.HttpChannel.lambda$handle$1(HttpChannel.java:383)
	at org.eclipse.jetty.server.HttpChannel.dispatch(HttpChannel.java:547)
	at org.eclipse.jetty.server.HttpChannel.handle(HttpChannel.java:375)
	at org.eclipse.jetty.server.HttpConnection.onFillable(HttpConnection.java:273)
	at org.eclipse.jetty.io.AbstractConnection$ReadCallback.succeeded(AbstractConnection.java:311)
	at org.eclipse.jetty.io.FillInterest.fillable(FillInterest.java:103)
	at org.eclipse.jetty.io.ChannelEndPoint$2.run(ChannelEndPoint.java:117)
	at org.eclipse.jetty.util.thread.strategy.EatWhatYouKill.runTask(EatWhatYouKill.java:336)
	at org.eclipse.jetty.util.thread.strategy.EatWhatYouKill.doProduce(EatWhatYouKill.java:313)
	at org.eclipse.jetty.util.thread.strategy.EatWhatYouKill.tryProduce(EatWhatYouKill.java:171)
	at org.eclipse.jetty.util.thread.strategy.EatWhatYouKill.produce(EatWhatYouKill.java:135)
	at org.eclipse.jetty.util.thread.QueuedThreadPool.runJob(QueuedThreadPool.java:806)
	at org.eclipse.jetty.util.thread.QueuedThreadPool$Runner.run(QueuedThreadPool.java:938)
	at java.base/java.lang.Thread.run(Thread.java:834)
Caused by: java.io.IOException: Se ha anulado una conexión establecida por el software en su equipo host.
	at java.base/sun.nio.ch.SocketDispatcher.write0(Native Method)
	at java.base/sun.nio.ch.SocketDispatcher.write(SocketDispatcher.java:51)
	at java.base/sun.nio.ch.IOUtil.writeFromNativeBuffer(IOUtil.java:113)
	at java.base/sun.nio.ch.IOUtil.write(IOUtil.java:79)
	at java.base/sun.nio.ch.IOUtil.write(IOUtil.java:50)
	at java.base/sun.nio.ch.SocketChannelImpl.write(SocketChannelImpl.java:466)
	at org.eclipse.jetty.io.ChannelEndPoint.flush(ChannelEndPoint.java:261)
	... 52 common frames omitted
13:19:01.855 [qtp1834758074-122] DEBUG org.eclipse.jetty.server.HttpConnection - abort HttpConnection@68d43241::NetworkTrafficSocketChannelEndPoint@2495443b{/127.0.0.1:65045<->/127.0.0.1:8080,OPEN,fill=-,flush=F,to=2/30000}{io=0/0,kio=0,kro=1}->HttpConnection@68d43241[p=HttpParser{s=END,0 of -1},g=HttpGenerator@666e17fc{s=COMPLETING}]=>HttpChannelOverHttp@56e0f59b{s=HttpChannelState@1e4f0df3{s=HANDLING rs=BLOCKING os=ABORTED is=READY awp=false se=false i=true al=0},r=1,c=false/false,a=HANDLING,uri=//localhost:8080/api/v0/components/provision-adapters/jobs/01bd8171-c219-47a1-b831-c1aa538629c9,age=2123} {}
13:19:01.855 [qtp1834758074-122] DEBUG org.eclipse.jetty.io.AbstractEndPoint - close NetworkTrafficSocketChannelEndPoint@2495443b{/127.0.0.1:65045<->/127.0.0.1:8080,OPEN,fill=-,flush=F,to=2/30000}{io=0/0,kio=0,kro=1}->HttpConnection@68d43241[p=HttpParser{s=END,0 of -1},g=HttpGenerator@666e17fc{s=COMPLETING}]=>HttpChannelOverHttp@56e0f59b{s=HttpChannelState@1e4f0df3{s=HANDLING rs=BLOCKING os=ABORTED is=READY awp=false se=false i=true al=0},r=1,c=false/false,a=HANDLING,uri=//localhost:8080/api/v0/components/provision-adapters/jobs/01bd8171-c219-47a1-b831-c1aa538629c9,age=2123}
13:19:01.855 [qtp1834758074-122] DEBUG org.eclipse.jetty.io.AbstractEndPoint - close(null) NetworkTrafficSocketChannelEndPoint@2495443b{/127.0.0.1:65045<->/127.0.0.1:8080,OPEN,fill=-,flush=F,to=2/30000}{io=0/0,kio=0,kro=1}->HttpConnection@68d43241[p=HttpParser{s=END,0 of -1},g=HttpGenerator@666e17fc{s=COMPLETING}]=>HttpChannelOverHttp@56e0f59b{s=HttpChannelState@1e4f0df3{s=HANDLING rs=BLOCKING os=ABORTED is=READY awp=false se=false i=true al=0},r=1,c=false/false,a=HANDLING,uri=//localhost:8080/api/v0/components/provision-adapters/jobs/01bd8171-c219-47a1-b831-c1aa538629c9,age=2123}
13:19:01.855 [qtp1834758074-122] DEBUG org.eclipse.jetty.io.ChannelEndPoint - doClose NetworkTrafficSocketChannelEndPoint@2495443b{/127.0.0.1:65045<->/127.0.0.1:8080,CLOSED,fill=-,flush=F,to=3/30000}{io=0/0,kio=0,kro=1}->HttpConnection@68d43241[p=HttpParser{s=END,0 of -1},g=HttpGenerator@666e17fc{s=COMPLETING}]=>HttpChannelOverHttp@56e0f59b{s=HttpChannelState@1e4f0df3{s=HANDLING rs=BLOCKING os=ABORTED is=READY awp=false se=false i=true al=0},r=1,c=false/false,a=HANDLING,uri=//localhost:8080/api/v0/components/provision-adapters/jobs/01bd8171-c219-47a1-b831-c1aa538629c9,age=2123}
13:19:01.855 [qtp1834758074-122] DEBUG org.eclipse.jetty.io.FillInterest - onClose FillInterest@37f37a87{null}
13:19:01.855 [qtp1834758074-122] DEBUG org.eclipse.jetty.io.ManagedSelector - Wakeup ManagedSelector@66c94438{STARTED} id=1 keys=2 selected=0 updates=0
13:19:01.855 [qtp1834758074-122] DEBUG org.eclipse.jetty.util.thread.QueuedThreadPool - queue org.eclipse.jetty.io.ManagedSelector$DestroyEndPoint@85c4453 startThread=0
13:19:01.855 [qtp1834758074-122] DEBUG org.eclipse.jetty.server.HttpOutput - onWriteComplete(true,org.eclipse.jetty.io.EofException) s=CLOSING,api=BLOCKED,sc=false,e=null->s=CLOSED,api=BLOCKING,sc=false,e=null c=null cb=null w=false
13:19:01.855 [qtp1834758074-127] DEBUG org.eclipse.jetty.io.ManagedSelector - Selector sun.nio.ch.WindowsSelectorImpl@51086512 woken with none selected
13:19:01.855 [qtp1834758074-127] DEBUG org.eclipse.jetty.io.ManagedSelector - Selector sun.nio.ch.WindowsSelectorImpl@51086512 woken up from select, 0/0/1 selected
13:19:01.855 [qtp1834758074-127] DEBUG org.eclipse.jetty.io.ManagedSelector - Selector sun.nio.ch.WindowsSelectorImpl@51086512 processing 0 keys, 0 updates
13:19:01.855 [qtp1834758074-127] DEBUG org.eclipse.jetty.io.ManagedSelector - updateable 0
13:19:01.855 [qtp1834758074-127] DEBUG org.eclipse.jetty.io.ManagedSelector - updates 0
13:19:01.855 [qtp1834758074-127] DEBUG org.eclipse.jetty.io.ManagedSelector - Selector sun.nio.ch.WindowsSelectorImpl@51086512 waiting with 1 keys
13:19:01.855 [qtp1834758074-122] DEBUG org.eclipse.jetty.server.Server - handled=true async=false committed=true on HttpChannelOverHttp@56e0f59b{s=HttpChannelState@1e4f0df3{s=HANDLING rs=BLOCKING os=ABORTED is=READY awp=false se=false i=true al=0},r=1,c=false/false,a=HANDLING,uri=//localhost:8080/api/v0/components/provision-adapters/jobs/01bd8171-c219-47a1-b831-c1aa538629c9,age=2123}
13:19:01.855 [qtp1834758074-122] DEBUG org.eclipse.jetty.server.HttpChannelState - unhandle HttpChannelState@1e4f0df3{s=HANDLING rs=BLOCKING os=ABORTED is=READY awp=false se=false i=true al=0}
13:19:01.855 [qtp1834758074-122] DEBUG org.eclipse.jetty.server.HttpChannelState - nextAction(false) COMPLETE HttpChannelState@1e4f0df3{s=HANDLING rs=COMPLETING os=ABORTED is=READY awp=false se=false i=false al=0}
13:19:01.855 [qtp1834758074-121] DEBUG org.eclipse.jetty.util.thread.QueuedThreadPool - run org.eclipse.jetty.io.ManagedSelector$DestroyEndPoint@85c4453 in QueuedThreadPool[qtp1834758074]@6d5c2fba{STARTED,8<=8<=14,i=0,r=1,q=0}[ReservedThreadExecutor@62506fd7{s=1/1,p=0}]
13:19:01.855 [qtp1834758074-122] DEBUG org.eclipse.jetty.server.HttpChannel - action COMPLETE HttpChannelOverHttp@56e0f59b{s=HttpChannelState@1e4f0df3{s=HANDLING rs=COMPLETING os=ABORTED is=READY awp=false se=false i=false al=0},r=1,c=false/false,a=HANDLING,uri=//localhost:8080/api/v0/components/provision-adapters/jobs/01bd8171-c219-47a1-b831-c1aa538629c9,age=2123}
13:19:01.856 [qtp1834758074-122] DEBUG org.eclipse.jetty.server.HttpOutput - complete(org.eclipse.jetty.util.Callback$4@35818eac) s=CLOSED,api=BLOCKING,sc=false,e=null s=true e=null, c=null
13:19:01.856 [qtp1834758074-122] DEBUG org.eclipse.jetty.server.HttpChannelState - completed HttpChannelState@1e4f0df3{s=HANDLING rs=COMPLETING os=ABORTED is=READY awp=false se=false i=false al=0}
13:19:01.856 [qtp1834758074-122] DEBUG org.eclipse.jetty.server.HttpChannelState - unhandle HttpChannelState@1e4f0df3{s=HANDLING rs=COMPLETED os=ABORTED is=READY awp=false se=false i=false al=0}
13:19:01.856 [qtp1834758074-122] DEBUG org.eclipse.jetty.server.HttpChannelState - nextAction(false) TERMINATED HttpChannelState@1e4f0df3{s=IDLE rs=COMPLETED os=ABORTED is=READY awp=false se=false i=false al=0}
13:19:01.856 [qtp1834758074-122] DEBUG org.eclipse.jetty.server.HttpChannel - action TERMINATED HttpChannelOverHttp@56e0f59b{s=HttpChannelState@1e4f0df3{s=IDLE rs=COMPLETED os=ABORTED is=READY awp=false se=false i=false al=0},r=1,c=true/false,a=IDLE,uri=//localhost:8080/api/v0/components/provision-adapters/jobs/01bd8171-c219-47a1-b831-c1aa538629c9,age=2124}
13:19:01.856 [qtp1834758074-122] DEBUG org.eclipse.jetty.server.HttpChannel - onCompleted for /api/v0/components/provision-adapters/jobs/01bd8171-c219-47a1-b831-c1aa538629c9 written=0
13:19:01.856 [qtp1834758074-121] DEBUG org.eclipse.jetty.io.ManagedSelector - Destroyed NetworkTrafficSocketChannelEndPoint@2495443b{/127.0.0.1:65045<->/127.0.0.1:8080,CLOSED,fill=-,flush=F,to=3/30000}{io=0/0,kio=-1,kro=-1}->HttpConnection@68d43241[p=HttpParser{s=END,0 of -1},g=HttpGenerator@666e17fc{s=COMPLETING}]=>HttpChannelOverHttp@56e0f59b{s=HttpChannelState@1e4f0df3{s=IDLE rs=COMPLETED os=ABORTED is=READY awp=false se=false i=false al=0},r=1,c=true/false,a=IDLE,uri=//localhost:8080/api/v0/components/provision-adapters/jobs/01bd8171-c219-47a1-b831-c1aa538629c9,age=2124}
13:19:01.856 [qtp1834758074-122] DEBUG org.eclipse.jetty.server.HttpChannelState - recycle HttpChannelState@1e4f0df3{s=IDLE rs=COMPLETED os=ABORTED is=READY awp=false se=false i=false al=0}
13:19:01.856 [qtp1834758074-122] DEBUG org.eclipse.jetty.http.HttpParser - close HttpParser{s=END,0 of -1}
13:19:01.856 [qtp1834758074-122] DEBUG org.eclipse.jetty.http.HttpParser - END --> CLOSE
13:19:01.856 [qtp1834758074-122] DEBUG org.eclipse.jetty.server.HttpChannel - !handle TERMINATED HttpChannelOverHttp@56e0f59b{s=HttpChannelState@1e4f0df3{s=IDLE rs=BLOCKING os=OPEN is=IDLE awp=false se=false i=true al=0},r=1,c=false/false,a=IDLE,uri=null,age=0}
13:19:01.856 [qtp1834758074-121] DEBUG org.eclipse.jetty.io.AbstractConnection - onClose HttpConnection@68d43241::NetworkTrafficSocketChannelEndPoint@2495443b{/127.0.0.1:65045<->/127.0.0.1:8080,CLOSED,fill=-,flush=F,to=4/30000}{io=0/0,kio=-1,kro=-1}->HttpConnection@68d43241[p=HttpParser{s=CLOSE,0 of -1},g=HttpGenerator@666e17fc{s=START}]=>HttpChannelOverHttp@56e0f59b{s=HttpChannelState@1e4f0df3{s=IDLE rs=BLOCKING os=OPEN is=IDLE awp=false se=false i=true al=0},r=1,c=false/false,a=IDLE,uri=null,age=0}
13:19:01.856 [qtp1834758074-121] DEBUG org.eclipse.jetty.util.thread.QueuedThreadPool - ran org.eclipse.jetty.io.ManagedSelector$DestroyEndPoint@85c4453 in QueuedThreadPool[qtp1834758074]@6d5c2fba{STARTED,8<=8<=14,i=0,r=1,q=0}[ReservedThreadExecutor@62506fd7{s=1/1,p=0}]
13:19:01.856 [qtp1834758074-122] DEBUG org.eclipse.jetty.server.HttpConnection - HttpConnection@68d43241::NetworkTrafficSocketChannelEndPoint@2495443b{/127.0.0.1:65045<->/127.0.0.1:8080,CLOSED,fill=-,flush=F,to=4/30000}{io=0/0,kio=-1,kro=-1}->HttpConnection@68d43241[p=HttpParser{s=CLOSE,0 of -1},g=HttpGenerator@666e17fc{s=START}]=>HttpChannelOverHttp@56e0f59b{s=HttpChannelState@1e4f0df3{s=IDLE rs=BLOCKING os=OPEN is=IDLE awp=false se=false i=true al=0},r=1,c=false/false,a=IDLE,uri=null,age=0} onFillable exit HttpChannelState@1e4f0df3{s=IDLE rs=BLOCKING os=OPEN is=IDLE awp=false se=false i=true al=0} null
13:19:01.856 [qtp1834758074-122] DEBUG org.eclipse.jetty.util.thread.QueuedThreadPool - ran org.eclipse.jetty.io.ManagedSelector$$Lambda$425/0x00000001005fc040@5c731124 in QueuedThreadPool[qtp1834758074]@6d5c2fba{STARTED,8<=8<=14,i=1,r=1,q=0}[ReservedThreadExecutor@62506fd7{s=1/1,p=0}]
13:19:02.151 [parallel-3] DEBUG org.springframework.web.reactive.function.client.ExchangeFunctions - [2d9caf69] HTTP GET http://localhost:8080/api/v0/components/provision-adapters/jobs/01bd8171-c219-47a1-b831-c1aa538629c9
13:19:02.152 [reactor-http-nio-3] DEBUG reactor.netty.resources.PooledConnectionProvider - [id: 0x2298e163] Created a new pooled channel, now 1 active connections and 0 inactive connections
13:19:02.153 [reactor-http-nio-3] DEBUG reactor.netty.channel.BootstrapHandlers - [id: 0x2298e163] Initialized pipeline DefaultChannelPipeline{(BootstrapHandlers$BootstrapInitializerHandler#0 = reactor.netty.channel.BootstrapHandlers$BootstrapInitializerHandler), (PooledConnectionProvider$PooledConnectionAllocator$PooledConnectionInitializer#0 = reactor.netty.resources.PooledConnectionProvider$PooledConnectionAllocator$PooledConnectionInitializer), (reactor.left.httpCodec = io.netty.handler.codec.http.HttpClientCodec), (reactor.right.reactiveBridge = reactor.netty.channel.ChannelOperationsHandler)}
13:19:02.154 [reactor-http-nio-3] DEBUG reactor.netty.resources.PooledConnectionProvider - [id: 0x2298e163, L:/127.0.0.1:65046 - R:localhost/127.0.0.1:8080] Registering pool release on close event for channel
13:19:02.154 [reactor-http-nio-3] DEBUG reactor.netty.resources.PooledConnectionProvider - [id: 0x2298e163, L:/127.0.0.1:65046 - R:localhost/127.0.0.1:8080] Channel connected, now 1 active connections and 0 inactive connections
13:19:02.154 [reactor-http-nio-3] DEBUG reactor.netty.resources.PooledConnectionProvider - [id: 0x2298e163, L:/127.0.0.1:65046 - R:localhost/127.0.0.1:8080] onStateChange(PooledConnection{channel=[id: 0x2298e163, L:/127.0.0.1:65046 - R:localhost/127.0.0.1:8080]}, [connected])
13:19:02.155 [reactor-http-nio-3] DEBUG reactor.netty.resources.PooledConnectionProvider - [id: 0x2298e163, L:/127.0.0.1:65046 - R:localhost/127.0.0.1:8080] onStateChange(GET{uri=/, connection=PooledConnection{channel=[id: 0x2298e163, L:/127.0.0.1:65046 - R:localhost/127.0.0.1:8080]}}, [configured])
13:19:02.155 [reactor-http-nio-3] DEBUG reactor.netty.ReactorNetty - [id: 0x2298e163, L:/127.0.0.1:65046 - R:localhost/127.0.0.1:8080] Added decoder [ReadTimeoutHandler] at the end of the user pipeline, full pipeline: [reactor.left.httpCodec, ReadTimeoutHandler, reactor.right.reactiveBridge, DefaultChannelPipeline$TailContext#0]
13:19:02.155 [reactor-http-nio-3] DEBUG reactor.netty.ReactorNetty - [id: 0x2298e163, L:/127.0.0.1:65046 - R:localhost/127.0.0.1:8080] Added decoder [WriteTimeoutHandler] at the end of the user pipeline, full pipeline: [reactor.left.httpCodec, ReadTimeoutHandler, WriteTimeoutHandler, reactor.right.reactiveBridge, DefaultChannelPipeline$TailContext#0]
13:19:02.155 [reactor-http-nio-3] DEBUG reactor.netty.http.client.HttpClientConnect - [id: 0x2298e163, L:/127.0.0.1:65046 - R:localhost/127.0.0.1:8080] Handler is being applied: {uri=http://localhost:8080/api/v0/components/provision-adapters/jobs/01bd8171-c219-47a1-b831-c1aa538629c9, method=GET}
13:19:02.155 [reactor-http-nio-3] DEBUG reactor.netty.resources.PooledConnectionProvider - [id: 0x2298e163, L:/127.0.0.1:65046 - R:localhost/127.0.0.1:8080] onStateChange(GET{uri=/api/v0/components/provision-adapters/jobs/01bd8171-c219-47a1-b831-c1aa538629c9, connection=PooledConnection{channel=[id: 0x2298e163, L:/127.0.0.1:65046 - R:localhost/127.0.0.1:8080]}}, [request_prepared])
13:19:02.156 [reactor-http-nio-3] DEBUG reactor.netty.resources.PooledConnectionProvider - [id: 0x2298e163, L:/127.0.0.1:65046 - R:localhost/127.0.0.1:8080] onStateChange(GET{uri=/api/v0/components/provision-adapters/jobs/01bd8171-c219-47a1-b831-c1aa538629c9, connection=PooledConnection{channel=[id: 0x2298e163, L:/127.0.0.1:65046 - R:localhost/127.0.0.1:8080]}}, [request_sent])
13:19:02.157 [qtp1834758074-125-acceptor-2@66507263-NetworkTrafficServerConnector@301fffd7{HTTP/1.1, (http/1.1)}{0.0.0.0:8080}] DEBUG org.eclipse.jetty.io.ManagedSelector - Queued change org.eclipse.jetty.io.ManagedSelector$Accept@4bad6a5c on ManagedSelector@59551159{STARTED} id=0 keys=0 selected=0 updates=0
13:19:02.158 [qtp1834758074-125-acceptor-2@66507263-NetworkTrafficServerConnector@301fffd7{HTTP/1.1, (http/1.1)}{0.0.0.0:8080}] DEBUG org.eclipse.jetty.io.ManagedSelector - Wakeup on submit ManagedSelector@59551159{STARTED} id=0 keys=0 selected=0 updates=1
13:19:02.158 [qtp1834758074-126] DEBUG org.eclipse.jetty.io.ManagedSelector - Selector sun.nio.ch.WindowsSelectorImpl@40883a69 woken with none selected
13:19:02.158 [qtp1834758074-126] DEBUG org.eclipse.jetty.io.ManagedSelector - Selector sun.nio.ch.WindowsSelectorImpl@40883a69 woken up from select, 0/0/0 selected
13:19:02.158 [qtp1834758074-126] DEBUG org.eclipse.jetty.io.ManagedSelector - Selector sun.nio.ch.WindowsSelectorImpl@40883a69 processing 0 keys, 1 updates
13:19:02.158 [qtp1834758074-126] DEBUG org.eclipse.jetty.io.ManagedSelector - updateable 1
13:19:02.158 [qtp1834758074-126] DEBUG org.eclipse.jetty.io.ManagedSelector - update org.eclipse.jetty.io.ManagedSelector$Accept@4bad6a5c
13:19:02.158 [qtp1834758074-126] DEBUG org.eclipse.jetty.util.thread.QueuedThreadPool - queue org.eclipse.jetty.io.ManagedSelector$Accept@4bad6a5c startThread=0
13:19:02.158 [qtp1834758074-126] DEBUG org.eclipse.jetty.io.ManagedSelector - updates 0
13:19:02.158 [qtp1834758074-126] DEBUG org.eclipse.jetty.io.ManagedSelector - Selector sun.nio.ch.WindowsSelectorImpl@40883a69 waiting with 1 keys
13:19:02.158 [qtp1834758074-121] DEBUG org.eclipse.jetty.util.thread.QueuedThreadPool - run org.eclipse.jetty.io.ManagedSelector$Accept@4bad6a5c in QueuedThreadPool[qtp1834758074]@6d5c2fba{STARTED,8<=8<=14,i=1,r=1,q=0}[ReservedThreadExecutor@62506fd7{s=1/1,p=0}]
13:19:02.158 [qtp1834758074-121] DEBUG org.eclipse.jetty.io.IdleTimeout - NetworkTrafficSocketChannelEndPoint@18baaf42{/127.0.0.1:65046<->/127.0.0.1:8080,OPEN,fill=-,flush=-,to=0/30000}{io=0/0,kio=0,kro=0}-><null> idle timeout check, elapsed: 0 ms, remaining: 30000 ms
13:19:02.159 [qtp1834758074-121] DEBUG org.eclipse.jetty.server.HttpChannel - new HttpChannelOverHttp@e7d9a5e{s=HttpChannelState@2276ee54{s=IDLE rs=BLOCKING os=OPEN is=IDLE awp=false se=false i=true al=0},r=0,c=false/false,a=IDLE,uri=null,age=0} -> NetworkTrafficSocketChannelEndPoint@18baaf42{/127.0.0.1:65046<->/127.0.0.1:8080,OPEN,fill=-,flush=-,to=0/30000}{io=0/0,kio=0,kro=0}-><null>,null,HttpChannelState@2276ee54{s=IDLE rs=BLOCKING os=OPEN is=IDLE awp=false se=false i=true al=0}
13:19:02.159 [qtp1834758074-121] DEBUG org.eclipse.jetty.server.HttpConnection - New HTTP Connection HttpConnection@5d742624::NetworkTrafficSocketChannelEndPoint@18baaf42{/127.0.0.1:65046<->/127.0.0.1:8080,OPEN,fill=-,flush=-,to=0/30000}{io=0/0,kio=0,kro=0}-><null>
13:19:02.160 [qtp1834758074-121] DEBUG org.eclipse.jetty.io.AbstractEndPoint - onOpen NetworkTrafficSocketChannelEndPoint@18baaf42{/127.0.0.1:65046<->/127.0.0.1:8080,OPEN,fill=-,flush=-,to=1/30000}{io=0/0,kio=0,kro=0}->HttpConnection@5d742624[p=HttpParser{s=START,0 of -1},g=HttpGenerator@10f95277{s=START}]=>HttpChannelOverHttp@e7d9a5e{s=HttpChannelState@2276ee54{s=IDLE rs=BLOCKING os=OPEN is=IDLE awp=false se=false i=true al=0},r=0,c=false/false,a=IDLE,uri=null,age=0}
13:19:02.160 [qtp1834758074-121] DEBUG org.eclipse.jetty.io.AbstractConnection - onOpen HttpConnection@5d742624::NetworkTrafficSocketChannelEndPoint@18baaf42{/127.0.0.1:65046<->/127.0.0.1:8080,OPEN,fill=-,flush=-,to=1/30000}{io=0/0,kio=0,kro=0}->HttpConnection@5d742624[p=HttpParser{s=START,0 of -1},g=HttpGenerator@10f95277{s=START}]=>HttpChannelOverHttp@e7d9a5e{s=HttpChannelState@2276ee54{s=IDLE rs=BLOCKING os=OPEN is=IDLE awp=false se=false i=true al=0},r=0,c=false/false,a=IDLE,uri=null,age=0}
13:19:02.160 [qtp1834758074-121] DEBUG org.eclipse.jetty.io.AbstractConnection - fillInterested HttpConnection@5d742624::NetworkTrafficSocketChannelEndPoint@18baaf42{/127.0.0.1:65046<->/127.0.0.1:8080,OPEN,fill=-,flush=-,to=1/30000}{io=0/0,kio=0,kro=0}->HttpConnection@5d742624[p=HttpParser{s=START,0 of -1},g=HttpGenerator@10f95277{s=START}]=>HttpChannelOverHttp@e7d9a5e{s=HttpChannelState@2276ee54{s=IDLE rs=BLOCKING os=OPEN is=IDLE awp=false se=false i=true al=0},r=0,c=false/false,a=IDLE,uri=null,age=0}
13:19:02.160 [qtp1834758074-121] DEBUG org.eclipse.jetty.io.FillInterest - interested FillInterest@7234955c{AC.ReadCB@5d742624{HttpConnection@5d742624::NetworkTrafficSocketChannelEndPoint@18baaf42{/127.0.0.1:65046<->/127.0.0.1:8080,OPEN,fill=FI,flush=-,to=0/30000}{io=0/0,kio=0,kro=0}->HttpConnection@5d742624[p=HttpParser{s=START,0 of -1},g=HttpGenerator@10f95277{s=START}]=>HttpChannelOverHttp@e7d9a5e{s=HttpChannelState@2276ee54{s=IDLE rs=BLOCKING os=OPEN is=IDLE awp=false se=false i=true al=0},r=0,c=false/false,a=IDLE,uri=null,age=0}}}
13:19:02.160 [qtp1834758074-121] DEBUG org.eclipse.jetty.io.ChannelEndPoint - changeInterests p=false 0->1 for NetworkTrafficSocketChannelEndPoint@18baaf42{/127.0.0.1:65046<->/127.0.0.1:8080,OPEN,fill=FI,flush=-,to=0/30000}{io=0/1,kio=0,kro=0}->HttpConnection@5d742624[p=HttpParser{s=START,0 of -1},g=HttpGenerator@10f95277{s=START}]=>HttpChannelOverHttp@e7d9a5e{s=HttpChannelState@2276ee54{s=IDLE rs=BLOCKING os=OPEN is=IDLE awp=false se=false i=true al=0},r=0,c=false/false,a=IDLE,uri=null,age=0}
13:19:02.160 [qtp1834758074-121] DEBUG org.eclipse.jetty.io.ManagedSelector - Queued change org.eclipse.jetty.io.ChannelEndPoint$1@6725d100 on ManagedSelector@59551159{STARTED} id=0 keys=1 selected=0 updates=0
13:19:02.160 [qtp1834758074-121] DEBUG org.eclipse.jetty.io.ManagedSelector - Wakeup on submit ManagedSelector@59551159{STARTED} id=0 keys=1 selected=0 updates=1
13:19:02.160 [qtp1834758074-126] DEBUG org.eclipse.jetty.io.ManagedSelector - Selector sun.nio.ch.WindowsSelectorImpl@40883a69 woken with none selected
13:19:02.160 [qtp1834758074-126] DEBUG org.eclipse.jetty.io.ManagedSelector - Selector sun.nio.ch.WindowsSelectorImpl@40883a69 woken up from select, 0/0/1 selected
13:19:02.160 [qtp1834758074-126] DEBUG org.eclipse.jetty.io.ManagedSelector - Selector sun.nio.ch.WindowsSelectorImpl@40883a69 processing 0 keys, 1 updates
13:19:02.160 [qtp1834758074-126] DEBUG org.eclipse.jetty.io.ManagedSelector - updateable 1
13:19:02.160 [qtp1834758074-126] DEBUG org.eclipse.jetty.io.ManagedSelector - update org.eclipse.jetty.io.ChannelEndPoint$1@6725d100
13:19:02.161 [qtp1834758074-126] DEBUG org.eclipse.jetty.io.ChannelEndPoint - Key interests updated 0 -> 1 on NetworkTrafficSocketChannelEndPoint@18baaf42{/127.0.0.1:65046<->/127.0.0.1:8080,OPEN,fill=FI,flush=-,to=0/30000}{io=1/1,kio=1,kro=0}->HttpConnection@5d742624[p=HttpParser{s=START,0 of -1},g=HttpGenerator@10f95277{s=START}]=>HttpChannelOverHttp@e7d9a5e{s=HttpChannelState@2276ee54{s=IDLE rs=BLOCKING os=OPEN is=IDLE awp=false se=false i=true al=0},r=0,c=false/false,a=IDLE,uri=null,age=0}
13:19:02.161 [qtp1834758074-126] DEBUG org.eclipse.jetty.io.ManagedSelector - updates 0
13:19:02.161 [qtp1834758074-126] DEBUG org.eclipse.jetty.io.ManagedSelector - Selector sun.nio.ch.WindowsSelectorImpl@40883a69 waiting with 1 keys
13:19:02.161 [qtp1834758074-126] DEBUG org.eclipse.jetty.io.ManagedSelector - Selector sun.nio.ch.WindowsSelectorImpl@40883a69 woken up from select, 1/1/1 selected
13:19:02.161 [qtp1834758074-126] DEBUG org.eclipse.jetty.io.ManagedSelector - Selector sun.nio.ch.WindowsSelectorImpl@40883a69 processing 1 keys, 0 updates
13:19:02.161 [qtp1834758074-126] DEBUG org.eclipse.jetty.io.ManagedSelector - selected 1 channel=java.nio.channels.SocketChannel[connected local=/127.0.0.1:8080 remote=/127.0.0.1:65046], selector=sun.nio.ch.WindowsSelectorImpl@40883a69, interestOps=1, readyOps=1 NetworkTrafficSocketChannelEndPoint@18baaf42{/127.0.0.1:65046<->/127.0.0.1:8080,OPEN,fill=FI,flush=-,to=0/30000}{io=1/1,kio=1,kro=1}->HttpConnection@5d742624[p=HttpParser{s=START,0 of -1},g=HttpGenerator@10f95277{s=START}]=>HttpChannelOverHttp@e7d9a5e{s=HttpChannelState@2276ee54{s=IDLE rs=BLOCKING os=OPEN is=IDLE awp=false se=false i=true al=0},r=0,c=false/false,a=IDLE,uri=null,age=0} 
13:19:02.161 [qtp1834758074-126] DEBUG org.eclipse.jetty.io.ChannelEndPoint - onSelected 1->0 r=true w=false for NetworkTrafficSocketChannelEndPoint@18baaf42{/127.0.0.1:65046<->/127.0.0.1:8080,OPEN,fill=FI,flush=-,to=0/30000}{io=1/0,kio=1,kro=1}->HttpConnection@5d742624[p=HttpParser{s=START,0 of -1},g=HttpGenerator@10f95277{s=START}]=>HttpChannelOverHttp@e7d9a5e{s=HttpChannelState@2276ee54{s=IDLE rs=BLOCKING os=OPEN is=IDLE awp=false se=false i=true al=0},r=0,c=false/false,a=IDLE,uri=null,age=0}
13:19:02.161 [qtp1834758074-126] DEBUG org.eclipse.jetty.io.ChannelEndPoint - task CEP:NetworkTrafficSocketChannelEndPoint@18baaf42{/127.0.0.1:65046<->/127.0.0.1:8080,OPEN,fill=FI,flush=-,to=0/30000}{io=1/0,kio=1,kro=1}->HttpConnection@5d742624[p=HttpParser{s=START,0 of -1},g=HttpGenerator@10f95277{s=START}]=>HttpChannelOverHttp@e7d9a5e{s=HttpChannelState@2276ee54{s=IDLE rs=BLOCKING os=OPEN is=IDLE awp=false se=false i=true al=0},r=0,c=false/false,a=IDLE,uri=null,age=0}:runFillable:BLOCKING
13:19:02.161 [qtp1834758074-126] DEBUG org.eclipse.jetty.util.thread.ReservedThreadExecutor - ReservedThreadExecutor@62506fd7{s=1/1,p=0} tryExecute EatWhatYouKill@3eac1a1a/SelectorProducer@1b3d1278/PRODUCING/p=false/QueuedThreadPool[qtp1834758074]@6d5c2fba{STARTED,8<=8<=14,i=1,r=1,q=0}[ReservedThreadExecutor@62506fd7{s=1/1,p=0}][pc=0,pic=0,pec=0,epc=1]@2020-09-25T13:19:02.1613624+02:00
13:19:02.161 [qtp1834758074-126] DEBUG org.eclipse.jetty.util.thread.ReservedThreadExecutor - ReservedThreadExecutor@62506fd7{s=0/1,p=0}@cc05d41 offer EatWhatYouKill@3eac1a1a/SelectorProducer@1b3d1278/PRODUCING/p=false/QueuedThreadPool[qtp1834758074]@6d5c2fba{STARTED,8<=8<=14,i=1,r=1,q=0}[ReservedThreadExecutor@62506fd7{s=0/1,p=0}][pc=0,pic=0,pec=0,epc=1]@2020-09-25T13:19:02.1613624+02:00
13:19:02.161 [qtp1834758074-126] DEBUG org.eclipse.jetty.util.thread.ReservedThreadExecutor - ReservedThreadExecutor@62506fd7{s=0/1,p=1} startReservedThread p=1
13:19:02.161 [qtp1834758074-126] DEBUG org.eclipse.jetty.util.thread.QueuedThreadPool - queue ReservedThreadExecutor@62506fd7{s=0/1,p=1}@4a377f50 startThread=0
13:19:02.161 [qtp1834758074-126] DEBUG org.eclipse.jetty.util.thread.strategy.EatWhatYouKill - EatWhatYouKill@3eac1a1a/SelectorProducer@1b3d1278/IDLE/p=true/QueuedThreadPool[qtp1834758074]@6d5c2fba{STARTED,8<=8<=14,i=0,r=1,q=0}[ReservedThreadExecutor@62506fd7{s=0/1,p=1}][pc=0,pic=0,pec=0,epc=1]@2020-09-25T13:19:02.1613624+02:00 m=EXECUTE_PRODUCE_CONSUME t=CEP:NetworkTrafficSocketChannelEndPoint@18baaf42{/127.0.0.1:65046<->/127.0.0.1:8080,OPEN,fill=FI,flush=-,to=1/30000}{io=1/0,kio=1,kro=1}->HttpConnection@5d742624[p=HttpParser{s=START,0 of -1},g=HttpGenerator@10f95277{s=START}]=>HttpChannelOverHttp@e7d9a5e{s=HttpChannelState@2276ee54{s=IDLE rs=BLOCKING os=OPEN is=IDLE awp=false se=false i=true al=0},r=0,c=false/false,a=IDLE,uri=null,age=0}:runFillable:BLOCKING/BLOCKING
13:19:02.162 [qtp1834758074-126] DEBUG org.eclipse.jetty.io.FillInterest - fillable FillInterest@7234955c{AC.ReadCB@5d742624{HttpConnection@5d742624::NetworkTrafficSocketChannelEndPoint@18baaf42{/127.0.0.1:65046<->/127.0.0.1:8080,OPEN,fill=FI,flush=-,to=1/30000}{io=1/0,kio=1,kro=1}->HttpConnection@5d742624[p=HttpParser{s=START,0 of -1},g=HttpGenerator@10f95277{s=START}]=>HttpChannelOverHttp@e7d9a5e{s=HttpChannelState@2276ee54{s=IDLE rs=BLOCKING os=OPEN is=IDLE awp=false se=false i=true al=0},r=0,c=false/false,a=IDLE,uri=null,age=0}}}
13:19:02.162 [qtp1834758074-126] DEBUG org.eclipse.jetty.server.HttpConnection - HttpConnection@5d742624::NetworkTrafficSocketChannelEndPoint@18baaf42{/127.0.0.1:65046<->/127.0.0.1:8080,OPEN,fill=-,flush=-,to=1/30000}{io=1/0,kio=1,kro=1}->HttpConnection@5d742624[p=HttpParser{s=START,0 of -1},g=HttpGenerator@10f95277{s=START}]=>HttpChannelOverHttp@e7d9a5e{s=HttpChannelState@2276ee54{s=IDLE rs=BLOCKING os=OPEN is=IDLE awp=false se=false i=true al=0},r=0,c=false/false,a=IDLE,uri=null,age=0} onFillable enter HttpChannelState@2276ee54{s=IDLE rs=BLOCKING os=OPEN is=IDLE awp=false se=false i=true al=0} null
13:19:02.162 [qtp1834758074-126] DEBUG org.eclipse.jetty.io.ChannelEndPoint - filled 195 HeapByteBuffer@6d50e55e[p=0,l=195,c=8192,r=195]={<<<GET /api/v0/components/pr...horization: Bearer \r\n\r\n>>>{\r\n  "id"...\x00\x00\x00\x00\x00\x00\x00}
13:19:02.162 [qtp1834758074-126] DEBUG org.eclipse.jetty.server.HttpConnection - HttpConnection@5d742624::NetworkTrafficSocketChannelEndPoint@18baaf42{/127.0.0.1:65046<->/127.0.0.1:8080,OPEN,fill=-,flush=-,to=0/30000}{io=1/0,kio=1,kro=1}->HttpConnection@5d742624[p=HttpParser{s=START,0 of -1},g=HttpGenerator@10f95277{s=START}]=>HttpChannelOverHttp@e7d9a5e{s=HttpChannelState@2276ee54{s=IDLE rs=BLOCKING os=OPEN is=IDLE awp=false se=false i=true al=0},r=0,c=false/false,a=IDLE,uri=null,age=0} filled 195 HeapByteBuffer@6d50e55e[p=0,l=195,c=8192,r=195]={<<<GET /api/v0/components/pr...horization: Bearer \r\n\r\n>>>{\r\n  "id"...\x00\x00\x00\x00\x00\x00\x00}
13:19:02.162 [qtp1834758074-126] DEBUG org.eclipse.jetty.server.HttpConnection - HttpConnection@5d742624::NetworkTrafficSocketChannelEndPoint@18baaf42{/127.0.0.1:65046<->/127.0.0.1:8080,OPEN,fill=-,flush=-,to=0/30000}{io=1/0,kio=1,kro=1}->HttpConnection@5d742624[p=HttpParser{s=START,0 of -1},g=HttpGenerator@10f95277{s=START}]=>HttpChannelOverHttp@e7d9a5e{s=HttpChannelState@2276ee54{s=IDLE rs=BLOCKING os=OPEN is=IDLE awp=false se=false i=true al=0},r=0,c=false/false,a=IDLE,uri=null,age=0} parse HeapByteBuffer@6d50e55e[p=0,l=195,c=8192,r=195]={<<<GET /api/v0/components/pr...horization: Bearer \r\n\r\n>>>{\r\n  "id"...\x00\x00\x00\x00\x00\x00\x00} {}
13:19:02.162 [qtp1834758074-126] DEBUG org.eclipse.jetty.http.HttpParser - parseNext s=START HeapByteBuffer@6d50e55e[p=0,l=195,c=8192,r=195]={<<<GET /api/v0/components/pr...horization: Bearer \r\n\r\n>>>{\r\n  "id"...\x00\x00\x00\x00\x00\x00\x00}
13:19:02.162 [qtp1834758074-126] DEBUG org.eclipse.jetty.http.HttpParser - START --> SPACE1
13:19:02.162 [qtp1834758074-126] DEBUG org.eclipse.jetty.http.HttpParser - SPACE1 --> URI
13:19:02.162 [qtp1834758074-126] DEBUG org.eclipse.jetty.http.HttpParser - URI --> SPACE2
13:19:02.162 [qtp1834758074-126] DEBUG org.eclipse.jetty.http.HttpParser - SPACE2 --> REQUEST_VERSION
13:19:02.162 [qtp1834758074-126] DEBUG org.eclipse.jetty.http.HttpParser - REQUEST_VERSION --> HEADER
13:19:02.162 [qtp1834758074-126] DEBUG org.eclipse.jetty.http.HttpParser - HEADER:User-Agent --> VALUE
13:19:02.162 [qtp1834758074-126] DEBUG org.eclipse.jetty.http.HttpParser - HEADER:User-Agent --> IN_VALUE
13:19:02.162 [qtp1834758074-126] DEBUG org.eclipse.jetty.http.HttpParser - HEADER:User-Agent --> FIELD
13:19:02.162 [qtp1834758074-126] DEBUG org.eclipse.jetty.http.HttpParser - HEADER:Host --> VALUE
13:19:02.162 [qtp1834758074-126] DEBUG org.eclipse.jetty.http.HttpParser - HEADER:Host --> IN_VALUE
13:19:02.162 [qtp1834758074-126] DEBUG org.eclipse.jetty.http.HttpParser - HEADER:Host --> FIELD
13:19:02.162 [qtp1834758074-126] DEBUG org.eclipse.jetty.http.HttpParser - HEADER:Accept: */* --> IN_VALUE
13:19:02.162 [qtp1834758074-126] DEBUG org.eclipse.jetty.http.HttpParser - HEADER:Accept: */* --> FIELD
13:19:02.162 [qtp1834758074-126] DEBUG org.eclipse.jetty.http.HttpParser - HEADER:Authorization --> VALUE
13:19:02.162 [qtp1834758074-126] DEBUG org.eclipse.jetty.http.HttpParser - HEADER:Authorization --> IN_VALUE
13:19:02.162 [qtp1834758074-126] DEBUG org.eclipse.jetty.http.HttpParser - HEADER:Authorization --> FIELD
13:19:02.162 [qtp1834758074-126] DEBUG org.eclipse.jetty.http.HttpParser - HEADER --> CONTENT
13:19:02.162 [qtp1834758074-126] DEBUG org.eclipse.jetty.server.HttpChannel - REQUEST for //localhost:8080/api/v0/components/provision-adapters/jobs/01bd8171-c219-47a1-b831-c1aa538629c9 on HttpChannelOverHttp@e7d9a5e{s=HttpChannelState@2276ee54{s=IDLE rs=BLOCKING os=OPEN is=IDLE awp=false se=false i=true al=0},r=1,c=false/false,a=IDLE,uri=//localhost:8080/api/v0/components/provision-adapters/jobs/01bd8171-c219-47a1-b831-c1aa538629c9,age=0}
GET //localhost:8080/api/v0/components/provision-adapters/jobs/01bd8171-c219-47a1-b831-c1aa538629c9 HTTP/1.1
User-Agent: ReactorNetty/0.9.7.RELEASE
Host: localhost:8080
Accept: */*
Authorization: Bearer


13:19:02.163 [qtp1834758074-126] DEBUG org.eclipse.jetty.server.HttpConnection - HttpConnection@5d742624::NetworkTrafficSocketChannelEndPoint@18baaf42{/127.0.0.1:65046<->/127.0.0.1:8080,OPEN,fill=-,flush=-,to=0/30000}{io=1/0,kio=1,kro=1}->HttpConnection@5d742624[p=HttpParser{s=CONTENT,0 of -1},g=HttpGenerator@10f95277{s=START}]=>HttpChannelOverHttp@e7d9a5e{s=HttpChannelState@2276ee54{s=IDLE rs=BLOCKING os=OPEN is=IDLE awp=false se=false i=true al=0},r=1,c=false/false,a=IDLE,uri=//localhost:8080/api/v0/components/provision-adapters/jobs/01bd8171-c219-47a1-b831-c1aa538629c9,age=1} parsed true HttpParser{s=CONTENT,0 of -1}
13:19:02.163 [qtp1834758074-126] DEBUG org.eclipse.jetty.server.HttpConnection - releaseRequestBuffer HttpConnection@5d742624::NetworkTrafficSocketChannelEndPoint@18baaf42{/127.0.0.1:65046<->/127.0.0.1:8080,OPEN,fill=-,flush=-,to=0/30000}{io=1/0,kio=1,kro=1}->HttpConnection@5d742624[p=HttpParser{s=CONTENT,0 of -1},g=HttpGenerator@10f95277{s=START}]=>HttpChannelOverHttp@e7d9a5e{s=HttpChannelState@2276ee54{s=IDLE rs=BLOCKING os=OPEN is=IDLE awp=false se=false i=true al=0},r=1,c=false/false,a=IDLE,uri=//localhost:8080/api/v0/components/provision-adapters/jobs/01bd8171-c219-47a1-b831-c1aa538629c9,age=1}
13:19:02.163 [qtp1834758074-126] DEBUG org.eclipse.jetty.server.HttpChannel - handle //localhost:8080/api/v0/components/provision-adapters/jobs/01bd8171-c219-47a1-b831-c1aa538629c9 HttpChannelOverHttp@e7d9a5e{s=HttpChannelState@2276ee54{s=IDLE rs=BLOCKING os=OPEN is=IDLE awp=false se=false i=true al=0},r=1,c=false/false,a=IDLE,uri=//localhost:8080/api/v0/components/provision-adapters/jobs/01bd8171-c219-47a1-b831-c1aa538629c9,age=1} 
13:19:02.163 [qtp1834758074-126] DEBUG org.eclipse.jetty.server.HttpChannelState - handling HttpChannelState@2276ee54{s=IDLE rs=BLOCKING os=OPEN is=IDLE awp=false se=false i=true al=0}
13:19:02.163 [qtp1834758074-126] DEBUG org.eclipse.jetty.server.HttpChannel - action DISPATCH HttpChannelOverHttp@e7d9a5e{s=HttpChannelState@2276ee54{s=HANDLING rs=BLOCKING os=OPEN is=IDLE awp=false se=false i=true al=0},r=1,c=false/false,a=HANDLING,uri=//localhost:8080/api/v0/components/provision-adapters/jobs/01bd8171-c219-47a1-b831-c1aa538629c9,age=1}
13:19:02.163 [qtp1834758074-126] DEBUG org.eclipse.jetty.server.Server - REQUEST GET /api/v0/components/provision-adapters/jobs/01bd8171-c219-47a1-b831-c1aa538629c9 on HttpChannelOverHttp@e7d9a5e{s=HttpChannelState@2276ee54{s=HANDLING rs=BLOCKING os=OPEN is=IDLE awp=false se=false i=true al=0},r=1,c=false/false,a=HANDLING,uri=//localhost:8080/api/v0/components/provision-adapters/jobs/01bd8171-c219-47a1-b831-c1aa538629c9,age=1}
13:19:02.163 [qtp1834758074-126] DEBUG org.eclipse.jetty.server.handler.ContextHandler - scope null||/api/v0/components/provision-adapters/jobs/01bd8171-c219-47a1-b831-c1aa538629c9 @ o.e.j.s.ServletContextHandler@21c2f3c8{/__admin,null,AVAILABLE}
13:19:02.163 [qtp1834758074-126] DEBUG org.eclipse.jetty.server.handler.gzip.GzipHandler - GzipHandler@4d098ee1{STARTED,min=32,inflate=-1} handle Request(GET //localhost:8080/api/v0/components/provision-adapters/jobs/01bd8171-c219-47a1-b831-c1aa538629c9)@513ec9b8 in null
13:19:02.163 [qtp1834758074-126] DEBUG org.eclipse.jetty.server.handler.ContextHandler - scope null||/api/v0/components/provision-adapters/jobs/01bd8171-c219-47a1-b831-c1aa538629c9 @ o.e.j.s.ServletContextHandler@62fe5902{/,null,AVAILABLE}
13:19:02.163 [qtp1834758074-126] DEBUG org.eclipse.jetty.server.handler.ContextHandler - context=||/api/v0/components/provision-adapters/jobs/01bd8171-c219-47a1-b831-c1aa538629c9 @ o.e.j.s.ServletContextHandler@62fe5902{/,null,AVAILABLE}
13:19:02.163 [qtp1834758074-126] DEBUG org.eclipse.jetty.servlet.ServletHandler - servlet |/api/v0/components/provision-adapters/jobs/01bd8171-c219-47a1-b831-c1aa538629c9|null -> com.github.tomakehurst.wiremock.servlet.WireMockHandlerDispatchingServlet-7aaabb79@66120c9a==com.github.tomakehurst.wiremock.servlet.WireMockHandlerDispatchingServlet,jsp=null,order=-1,inst=true,async=true
13:19:02.163 [qtp1834758074-126] DEBUG org.eclipse.jetty.servlet.ServletHandler - chain=org.eclipse.jetty.servlets.CrossOriginFilter-4c2e3189@4c2e3189==org.eclipse.jetty.servlets.CrossOriginFilter,inst=true,async=true->com.github.tomakehurst.wiremock.servlet.WireMockHandlerDispatchingServlet-7aaabb79@66120c9a==com.github.tomakehurst.wiremock.servlet.WireMockHandlerDispatchingServlet,jsp=null,order=-1,inst=true,async=true
13:19:02.163 [qtp1834758074-126] DEBUG org.eclipse.jetty.servlet.ServletHandler - call filter org.eclipse.jetty.servlets.CrossOriginFilter-4c2e3189@4c2e3189==org.eclipse.jetty.servlets.CrossOriginFilter,inst=true,async=true
13:19:02.163 [qtp1834758074-126] DEBUG org.eclipse.jetty.servlet.ServletHandler - call servlet com.github.tomakehurst.wiremock.servlet.WireMockHandlerDispatchingServlet-7aaabb79@66120c9a==com.github.tomakehurst.wiremock.servlet.WireMockHandlerDispatchingServlet,jsp=null,order=-1,inst=true,async=true
13:19:02.164 [qtp1834758074-126] DEBUG org.eclipse.jetty.io.ChannelEndPoint - filled 0 HeapByteBuffer@6d50e55e[p=0,l=0,c=8192,r=0]={<<<>>>GET /api/...\x00\x00\x00\x00\x00\x00\x00}
13:19:02.164 [qtp1834758074-126] DEBUG org.eclipse.jetty.io.ChannelEndPoint - filled 0 HeapByteBuffer@6d50e55e[p=0,l=0,c=8192,r=0]={<<<>>>GET /api/...\x00\x00\x00\x00\x00\x00\x00}
13:19:02.164 [qtp1834758074-126] DEBUG org.eclipse.jetty.server.HttpConnection - HttpConnection@5d742624::NetworkTrafficSocketChannelEndPoint@18baaf42{/127.0.0.1:65046<->/127.0.0.1:8080,OPEN,fill=-,flush=-,to=2/30000}{io=1/0,kio=1,kro=1}->HttpConnection@5d742624[p=HttpParser{s=CONTENT,0 of -1},g=HttpGenerator@10f95277{s=START}]=>HttpChannelOverHttp@e7d9a5e{s=HttpChannelState@2276ee54{s=HANDLING rs=BLOCKING os=OPEN is=IDLE awp=false se=false i=true al=0},r=1,c=false/false,a=HANDLING,uri=//localhost:8080/api/v0/components/provision-adapters/jobs/01bd8171-c219-47a1-b831-c1aa538629c9,age=2} filled 0 HeapByteBuffer@6d50e55e[p=0,l=0,c=8192,r=0]={<<<>>>GET /api/...\x00\x00\x00\x00\x00\x00\x00}
13:19:02.164 [qtp1834758074-126] DEBUG org.eclipse.jetty.server.HttpConnection - HttpConnection@5d742624::NetworkTrafficSocketChannelEndPoint@18baaf42{/127.0.0.1:65046<->/127.0.0.1:8080,OPEN,fill=-,flush=-,to=2/30000}{io=1/0,kio=1,kro=1}->HttpConnection@5d742624[p=HttpParser{s=CONTENT,0 of -1},g=HttpGenerator@10f95277{s=START}]=>HttpChannelOverHttp@e7d9a5e{s=HttpChannelState@2276ee54{s=HANDLING rs=BLOCKING os=OPEN is=IDLE awp=false se=false i=true al=0},r=1,c=false/false,a=HANDLING,uri=//localhost:8080/api/v0/components/provision-adapters/jobs/01bd8171-c219-47a1-b831-c1aa538629c9,age=2} parse HeapByteBuffer@6d50e55e[p=0,l=0,c=8192,r=0]={<<<>>>GET /api/...\x00\x00\x00\x00\x00\x00\x00} {}
13:19:02.164 [qtp1834758074-126] DEBUG org.eclipse.jetty.http.HttpParser - parseNext s=CONTENT HeapByteBuffer@6d50e55e[p=0,l=0,c=8192,r=0]={<<<>>>GET /api/...\x00\x00\x00\x00\x00\x00\x00}
13:19:02.164 [qtp1834758074-126] DEBUG org.eclipse.jetty.http.HttpParser - CONTENT --> CONTENT_END
13:19:02.164 [qtp1834758074-126] DEBUG org.eclipse.jetty.server.HttpChannel - onContentComplete HttpChannelOverHttp@e7d9a5e{s=HttpChannelState@2276ee54{s=HANDLING rs=BLOCKING os=OPEN is=IDLE awp=false se=false i=true al=0},r=1,c=false/false,a=HANDLING,uri=//localhost:8080/api/v0/components/provision-adapters/jobs/01bd8171-c219-47a1-b831-c1aa538629c9,age=2}
13:19:02.164 [qtp1834758074-126] DEBUG org.eclipse.jetty.http.HttpParser - CONTENT_END --> END
13:19:02.164 [qtp1834758074-126] DEBUG org.eclipse.jetty.server.HttpChannel - onRequestComplete HttpChannelOverHttp@e7d9a5e{s=HttpChannelState@2276ee54{s=HANDLING rs=BLOCKING os=OPEN is=IDLE awp=false se=false i=true al=0},r=1,c=false/false,a=HANDLING,uri=//localhost:8080/api/v0/components/provision-adapters/jobs/01bd8171-c219-47a1-b831-c1aa538629c9,age=2}
13:19:02.164 [qtp1834758074-126] DEBUG org.eclipse.jetty.server.HttpInput - HttpInputOverHTTP@45e40187[c=0,q=0,[0]=null,s=STREAM] addContent EOF
13:19:02.164 [qtp1834758074-126] DEBUG org.eclipse.jetty.server.HttpConnection - HttpConnection@5d742624::NetworkTrafficSocketChannelEndPoint@18baaf42{/127.0.0.1:65046<->/127.0.0.1:8080,OPEN,fill=-,flush=-,to=2/30000}{io=1/0,kio=1,kro=1}->HttpConnection@5d742624[p=HttpParser{s=END,0 of -1},g=HttpGenerator@10f95277{s=START}]=>HttpChannelOverHttp@e7d9a5e{s=HttpChannelState@2276ee54{s=HANDLING rs=BLOCKING os=OPEN is=IDLE awp=false se=false i=true al=0},r=1,c=false/false,a=HANDLING,uri=//localhost:8080/api/v0/components/provision-adapters/jobs/01bd8171-c219-47a1-b831-c1aa538629c9,age=2} parsed false HttpParser{s=END,0 of -1}
13:19:02.165 [qtp1834758074-126] DEBUG org.eclipse.jetty.server.HttpConnection - releaseRequestBuffer HttpConnection@5d742624::NetworkTrafficSocketChannelEndPoint@18baaf42{/127.0.0.1:65046<->/127.0.0.1:8080,OPEN,fill=-,flush=-,to=2/30000}{io=1/0,kio=1,kro=1}->HttpConnection@5d742624[p=HttpParser{s=END,0 of -1},g=HttpGenerator@10f95277{s=START}]=>HttpChannelOverHttp@e7d9a5e{s=HttpChannelState@2276ee54{s=HANDLING rs=BLOCKING os=OPEN is=IDLE awp=false se=false i=true al=0},r=1,c=false/false,a=HANDLING,uri=//localhost:8080/api/v0/components/provision-adapters/jobs/01bd8171-c219-47a1-b831-c1aa538629c9,age=2}
13:19:02.165 [qtp1834758074-126] DEBUG org.eclipse.jetty.server.HttpChannelState - onEof HttpChannelState@2276ee54{s=HANDLING rs=BLOCKING os=OPEN is=IDLE awp=false se=false i=true al=0}
13:19:02.169 [qtp1834758074-121] DEBUG org.eclipse.jetty.io.ManagedSelector - Created NetworkTrafficSocketChannelEndPoint@18baaf42{/127.0.0.1:65046<->/127.0.0.1:8080,OPEN,fill=-,flush=-,to=7/30000}{io=1/0,kio=1,kro=1}->HttpConnection@5d742624[p=HttpParser{s=END,0 of -1},g=HttpGenerator@10f95277{s=START}]=>HttpChannelOverHttp@e7d9a5e{s=HttpChannelState@2276ee54{s=HANDLING rs=BLOCKING os=OPEN is=READY awp=false se=false i=true al=0},r=1,c=false/false,a=HANDLING,uri=//localhost:8080/api/v0/components/provision-adapters/jobs/01bd8171-c219-47a1-b831-c1aa538629c9,age=7}
13:19:02.169 [qtp1834758074-121] DEBUG org.eclipse.jetty.util.thread.QueuedThreadPool - ran org.eclipse.jetty.io.ManagedSelector$Accept@4bad6a5c in QueuedThreadPool[qtp1834758074]@6d5c2fba{STARTED,8<=8<=14,i=0,r=1,q=0}[ReservedThreadExecutor@62506fd7{s=0/1,p=1}]
13:19:02.169 [qtp1834758074-121] DEBUG org.eclipse.jetty.util.thread.QueuedThreadPool - run ReservedThreadExecutor@62506fd7{s=0/1,p=1}@4a377f50 in QueuedThreadPool[qtp1834758074]@6d5c2fba{STARTED,8<=8<=14,i=1,r=1,q=0}[ReservedThreadExecutor@62506fd7{s=0/1,p=1}]
13:19:02.169 [qtp1834758074-121] DEBUG org.eclipse.jetty.util.thread.ReservedThreadExecutor - ReservedThreadExecutor@62506fd7{s=1/1,p=1}@4a377f50 started
13:19:02.169 [qtp1834758074-121] DEBUG org.eclipse.jetty.util.thread.ReservedThreadExecutor - ReservedThreadExecutor@62506fd7{s=1/1,p=0}@4a377f50 waiting
13:19:02.170 [qtp1834758074-128] DEBUG org.eclipse.jetty.util.thread.ReservedThreadExecutor - ReservedThreadExecutor@62506fd7{s=1/1,p=0}@cc05d41 task=EatWhatYouKill@3eac1a1a/SelectorProducer@1b3d1278/IDLE/p=true/QueuedThreadPool[qtp1834758074]@6d5c2fba{STARTED,8<=8<=14,i=1,r=1,q=0}[ReservedThreadExecutor@62506fd7{s=1/1,p=0}][pc=0,pic=0,pec=0,epc=2]@2020-09-25T13:19:02.1703712+02:00
13:19:02.170 [qtp1834758074-128] DEBUG org.eclipse.jetty.util.thread.strategy.EatWhatYouKill - EatWhatYouKill@3eac1a1a/SelectorProducer@1b3d1278/IDLE/p=true/QueuedThreadPool[qtp1834758074]@6d5c2fba{STARTED,8<=8<=14,i=1,r=1,q=0}[ReservedThreadExecutor@62506fd7{s=1/1,p=0}][pc=0,pic=0,pec=0,epc=2]@2020-09-25T13:19:02.1703712+02:00 tryProduce true
13:19:02.170 [qtp1834758074-128] DEBUG org.eclipse.jetty.io.ManagedSelector - updateable 0
13:19:02.170 [qtp1834758074-128] DEBUG org.eclipse.jetty.io.ManagedSelector - updates 0
13:19:02.171 [qtp1834758074-128] DEBUG org.eclipse.jetty.io.ChannelEndPoint - Key interests updated 1 -> 0 on NetworkTrafficSocketChannelEndPoint@18baaf42{/127.0.0.1:65046<->/127.0.0.1:8080,OPEN,fill=-,flush=-,to=8/30000}{io=0/0,kio=0,kro=1}->HttpConnection@5d742624[p=HttpParser{s=END,0 of -1},g=HttpGenerator@10f95277{s=START}]=>HttpChannelOverHttp@e7d9a5e{s=HttpChannelState@2276ee54{s=HANDLING rs=BLOCKING os=OPEN is=READY awp=false se=false i=true al=0},r=1,c=false/false,a=HANDLING,uri=//localhost:8080/api/v0/components/provision-adapters/jobs/01bd8171-c219-47a1-b831-c1aa538629c9,age=9}
13:19:02.171 [qtp1834758074-128] DEBUG org.eclipse.jetty.io.ManagedSelector - Selector sun.nio.ch.WindowsSelectorImpl@40883a69 waiting with 1 keys
13:19:04.156 [reactor-http-nio-3] WARN reactor.netty.http.client.HttpClientConnect - [id: 0x2298e163, L:/127.0.0.1:65046 - R:localhost/127.0.0.1:8080] The connection observed an error
io.netty.handler.timeout.ReadTimeoutException: null
13:19:04.157 [reactor-http-nio-3] DEBUG org.springframework.web.reactive.function.client.ExchangeFunctions - [2d9caf69] Cancel signal (to close connection)
13:19:04.158 [reactor-http-nio-3] DEBUG reactor.netty.resources.PooledConnectionProvider - [id: 0x2298e163, L:/127.0.0.1:65046 ! R:localhost/127.0.0.1:8080] Channel closed, now 0 active connections and 0 inactive connections
13:19:04.158 [reactor-http-nio-3] DEBUG reactor.netty.ReactorNetty - [id: 0x2298e163, L:/127.0.0.1:65046 ! R:localhost/127.0.0.1:8080] Non Removed handler: ReadTimeoutHandler, context: ChannelHandlerContext(ReadTimeoutHandler, [id: 0x2298e163, L:/127.0.0.1:65046 ! R:localhost/127.0.0.1:8080]), pipeline: DefaultChannelPipeline{(reactor.left.httpCodec = io.netty.handler.codec.http.HttpClientCodec), (ReadTimeoutHandler = io.netty.handler.timeout.ReadTimeoutHandler), (WriteTimeoutHandler = io.netty.handler.timeout.WriteTimeoutHandler), (reactor.right.reactiveBridge = reactor.netty.channel.ChannelOperationsHandler)}
13:19:04.158 [reactor-http-nio-3] DEBUG reactor.netty.ReactorNetty - [id: 0x2298e163, L:/127.0.0.1:65046 ! R:localhost/127.0.0.1:8080] Non Removed handler: WriteTimeoutHandler, context: ChannelHandlerContext(WriteTimeoutHandler, [id: 0x2298e163, L:/127.0.0.1:65046 ! R:localhost/127.0.0.1:8080]), pipeline: DefaultChannelPipeline{(reactor.left.httpCodec = io.netty.handler.codec.http.HttpClientCodec), (ReadTimeoutHandler = io.netty.handler.timeout.ReadTimeoutHandler), (WriteTimeoutHandler = io.netty.handler.timeout.WriteTimeoutHandler), (reactor.right.reactiveBridge = reactor.netty.channel.ChannelOperationsHandler)}
13:19:04.158 [reactor-http-nio-3] DEBUG reactor.netty.resources.PooledConnectionProvider - [id: 0x2298e163, L:/127.0.0.1:65046 ! R:localhost/127.0.0.1:8080] onStateChange(GET{uri=/api/v0/components/provision-adapters/jobs/01bd8171-c219-47a1-b831-c1aa538629c9, connection=PooledConnection{channel=[id: 0x2298e163, L:/127.0.0.1:65046 ! R:localhost/127.0.0.1:8080]}}, [disconnecting])
13:19:04.270 [qtp1834758074-126] DEBUG org.eclipse.jetty.server.handler.gzip.GzipHandler - GzipHandler@4d098ee1{STARTED,min=32,inflate=-1} excluded not gzip accept Request(GET //localhost:8080/api/v0/components/provision-adapters/jobs/01bd8171-c219-47a1-b831-c1aa538629c9)@513ec9b8
13:19:04.270 [qtp1834758074-126] DEBUG org.eclipse.jetty.server.handler.gzip.GzipHttpOutputInterceptor - org.eclipse.jetty.server.handler.gzip.GzipHttpOutputInterceptor@1bf3ac8 exclude no deflater
13:19:04.270 [qtp1834758074-126] DEBUG org.eclipse.jetty.server.HttpChannel - sendResponse info=null content=HeapByteBuffer@137d328[p=0,l=0,c=0,r=0]={<<<>>>} complete=false committing=true callback=Blocker@70031850{null}
13:19:04.270 [qtp1834758074-126] DEBUG org.eclipse.jetty.server.HttpChannel - COMMIT for /api/v0/components/provision-adapters/jobs/01bd8171-c219-47a1-b831-c1aa538629c9 on HttpChannelOverHttp@e7d9a5e{s=HttpChannelState@2276ee54{s=HANDLING rs=BLOCKING os=COMMITTED is=READY awp=false se=false i=true al=0},r=1,c=false/false,a=HANDLING,uri=//localhost:8080/api/v0/components/provision-adapters/jobs/01bd8171-c219-47a1-b831-c1aa538629c9,age=2108}
200 null HTTP/1.1
Matched-Stub-Id: 946928c0-4aeb-417b-83ff-08c138e23c1a
Vary: Accept-Encoding, User-Agent


13:19:04.270 [qtp1834758074-126] DEBUG org.eclipse.jetty.server.HttpConnection - generate: NEED_HEADER for org.eclipse.jetty.server.HttpConnection$SendCallback@57577ce1[PROCESSING][i=HTTP/1.1{s=200,h=2,cl=-1},cb=org.eclipse.jetty.server.HttpChannel$SendCallback@32dab7b5] (null,[p=0,l=0,c=0,r=0],false)@START
13:19:04.270 [qtp1834758074-126] DEBUG org.eclipse.jetty.http.HttpGenerator - generateHeaders HTTP/1.1{s=200,h=2,cl=-1} last=false content=HeapByteBuffer@137d328[p=0,l=0,c=0,r=0]={<<<>>>}
13:19:04.270 [qtp1834758074-126] DEBUG org.eclipse.jetty.http.HttpGenerator - Matched-Stub-Id: 946928c0-4aeb-417b-83ff-08c138e23c1a
Vary: Accept-Encoding, User-Agent


13:19:04.270 [qtp1834758074-126] DEBUG org.eclipse.jetty.http.HttpGenerator - CHUNKED_CONTENT
13:19:04.270 [qtp1834758074-126] DEBUG org.eclipse.jetty.server.HttpConnection - generate: FLUSH for org.eclipse.jetty.server.HttpConnection$SendCallback@57577ce1[PROCESSING][i=HTTP/1.1{s=200,h=2,cl=-1},cb=org.eclipse.jetty.server.HttpChannel$SendCallback@32dab7b5] ([p=0,l=170,c=8192,r=170],[p=0,l=0,c=0,r=0],false)@COMMITTED
13:19:04.270 [qtp1834758074-126] DEBUG org.eclipse.jetty.io.WriteFlusher - write: WriteFlusher@4acbb25c{IDLE}->null [HeapByteBuffer@6d50e55e[p=0,l=170,c=8192,r=170]={<<<HTTP/1.1 200 OK\r\nMatched-...y(9.4.28.v20200408)\r\n\r\n>>>uthorizat...\x00\x00\x00\x00\x00\x00\x00}]
13:19:04.270 [qtp1834758074-126] DEBUG org.eclipse.jetty.io.WriteFlusher - update WriteFlusher@4acbb25c{WRITING}->null:IDLE-->WRITING
13:19:04.271 [qtp1834758074-126] DEBUG org.eclipse.jetty.io.ChannelEndPoint - flushed 170 NetworkTrafficSocketChannelEndPoint@18baaf42{/127.0.0.1:65046<->/127.0.0.1:8080,OPEN,fill=-,flush=W,to=2108/30000}{io=0/0,kio=0,kro=1}->HttpConnection@5d742624[p=HttpParser{s=END,0 of -1},g=HttpGenerator@10f95277{s=COMMITTED}]=>HttpChannelOverHttp@e7d9a5e{s=HttpChannelState@2276ee54{s=HANDLING rs=BLOCKING os=COMMITTED is=READY awp=false se=false i=true al=0},r=1,c=false/false,a=HANDLING,uri=//localhost:8080/api/v0/components/provision-adapters/jobs/01bd8171-c219-47a1-b831-c1aa538629c9,age=2109}
13:19:04.271 [qtp1834758074-126] DEBUG org.eclipse.jetty.io.WriteFlusher - Flushed=true written=170 remaining=0 WriteFlusher@4acbb25c{WRITING}->null
13:19:04.271 [qtp1834758074-126] DEBUG org.eclipse.jetty.io.WriteFlusher - update WriteFlusher@4acbb25c{IDLE}->null:WRITING-->IDLE
13:19:04.271 [qtp1834758074-126] DEBUG org.eclipse.jetty.server.HttpConnection - generate: DONE for org.eclipse.jetty.server.HttpConnection$SendCallback@57577ce1[PROCESSING][i=HTTP/1.1{s=200,h=2,cl=-1},cb=org.eclipse.jetty.server.HttpChannel$SendCallback@32dab7b5] ([p=170,l=170,c=8192,r=0],[p=0,l=0,c=0,r=0],false)@COMMITTED
13:19:04.271 [qtp1834758074-126] DEBUG org.eclipse.jetty.server.HttpOutput - onWriteComplete(false,null) s=OPEN,api=BLOCKED,sc=false,e=null->s=OPEN,api=BLOCKING,sc=false,e=null c=null cb=null w=false
13:19:04.271 [qtp1834758074-126] DEBUG org.eclipse.jetty.server.HttpOutput - close() s=CLOSING,api=BLOCKED,sc=false,e=null c=HeapByteBuffer@137d328[p=0,l=0,c=0,r=0]={<<<>>>} b=Blocker@70031850{null}
13:19:04.271 [qtp1834758074-126] DEBUG org.eclipse.jetty.server.HttpChannel - sendResponse info=null content=HeapByteBuffer@137d328[p=0,l=0,c=0,r=0]={<<<>>>} complete=true committing=false callback=Blocker@70031850{null}
13:19:04.271 [qtp1834758074-126] DEBUG org.eclipse.jetty.server.HttpConnection - generate: CONTINUE for org.eclipse.jetty.server.HttpConnection$SendCallback@57577ce1[PROCESSING][i=null,cb=org.eclipse.jetty.server.HttpChannel$SendCallback@22e2f2cd] (null,[p=0,l=0,c=0,r=0],true)@COMPLETING
13:19:04.271 [qtp1834758074-126] DEBUG org.eclipse.jetty.server.HttpConnection - generate: NEED_CHUNK for org.eclipse.jetty.server.HttpConnection$SendCallback@57577ce1[PROCESSING][i=null,cb=org.eclipse.jetty.server.HttpChannel$SendCallback@22e2f2cd] (null,[p=0,l=0,c=0,r=0],true)@COMPLETING
13:19:04.271 [qtp1834758074-126] DEBUG org.eclipse.jetty.server.HttpConnection - generate: FLUSH for org.eclipse.jetty.server.HttpConnection$SendCallback@57577ce1[PROCESSING][i=null,cb=org.eclipse.jetty.server.HttpChannel$SendCallback@22e2f2cd] (null,[p=0,l=0,c=0,r=0],true)@COMPLETING
13:19:04.272 [qtp1834758074-126] DEBUG org.eclipse.jetty.io.WriteFlusher - write: WriteFlusher@4acbb25c{IDLE}->null [HeapByteBuffer@53dc3490[p=0,l=5,c=1024,r=5]={<<<0\r\n\r\n>>>\r\n\x00\x00\x00\x00\x00\x00\x00...\x00\x00\x00\x00\x00\x00\x00}]
13:19:04.273 [qtp1834758074-126] DEBUG org.eclipse.jetty.io.WriteFlusher - update WriteFlusher@4acbb25c{WRITING}->null:IDLE-->WRITING
13:19:04.279 [qtp1834758074-126] DEBUG org.eclipse.jetty.io.WriteFlusher - write exception
org.eclipse.jetty.io.EofException: null
	at org.eclipse.jetty.io.ChannelEndPoint.flush(ChannelEndPoint.java:283)
	at org.eclipse.jetty.io.NetworkTrafficSocketChannelEndPoint.flush(NetworkTrafficSocketChannelEndPoint.java:66)
	at org.eclipse.jetty.io.WriteFlusher.flush(WriteFlusher.java:422)
	at org.eclipse.jetty.io.WriteFlusher.write(WriteFlusher.java:277)
	at org.eclipse.jetty.io.AbstractEndPoint.write(AbstractEndPoint.java:381)
	at org.eclipse.jetty.server.HttpConnection$SendCallback.process(HttpConnection.java:830)
	at org.eclipse.jetty.util.IteratingCallback.processing(IteratingCallback.java:241)
	at org.eclipse.jetty.util.IteratingCallback.iterate(IteratingCallback.java:223)
	at org.eclipse.jetty.server.HttpConnection.send(HttpConnection.java:549)
	at org.eclipse.jetty.server.HttpChannel.sendResponse(HttpChannel.java:829)
	at org.eclipse.jetty.server.HttpChannel.write(HttpChannel.java:901)
	at org.eclipse.jetty.server.handler.gzip.GzipHttpOutputInterceptor.write(GzipHttpOutputInterceptor.java:112)
	at org.eclipse.jetty.server.HttpOutput.channelWrite(HttpOutput.java:283)
	at org.eclipse.jetty.server.HttpOutput.close(HttpOutput.java:602)
	at com.github.tomakehurst.wiremock.servlet.WireMockHandlerDispatchingServlet.writeAndTranslateExceptions(WireMockHandlerDispatchingServlet.java:235)
	at com.github.tomakehurst.wiremock.servlet.WireMockHandlerDispatchingServlet.applyResponse(WireMockHandlerDispatchingServlet.java:223)
	at com.github.tomakehurst.wiremock.servlet.WireMockHandlerDispatchingServlet$ServletHttpResponder.respondTo(WireMockHandlerDispatchingServlet.java:183)
	at com.github.tomakehurst.wiremock.servlet.WireMockHandlerDispatchingServlet$ServletHttpResponder.respondSync(WireMockHandlerDispatchingServlet.java:150)
	at com.github.tomakehurst.wiremock.servlet.WireMockHandlerDispatchingServlet$ServletHttpResponder.respond(WireMockHandlerDispatchingServlet.java:144)
	at com.github.tomakehurst.wiremock.http.AbstractRequestHandler.handle(AbstractRequestHandler.java:90)
	at com.github.tomakehurst.wiremock.servlet.WireMockHandlerDispatchingServlet.service(WireMockHandlerDispatchingServlet.java:120)
	at javax.servlet.http.HttpServlet.service(HttpServlet.java:750)
	at org.eclipse.jetty.servlet.ServletHolder.handle(ServletHolder.java:763)
	at org.eclipse.jetty.servlet.ServletHandler$CachedChain.doFilter(ServletHandler.java:1631)
	at org.eclipse.jetty.servlets.CrossOriginFilter.handle(CrossOriginFilter.java:319)
	at org.eclipse.jetty.servlets.CrossOriginFilter.doFilter(CrossOriginFilter.java:273)
	at org.eclipse.jetty.servlet.ServletHandler$CachedChain.doFilter(ServletHandler.java:1618)
	at org.eclipse.jetty.servlet.ServletHandler.doHandle(ServletHandler.java:549)
	at org.eclipse.jetty.server.handler.ScopedHandler.nextHandle(ScopedHandler.java:233)
	at org.eclipse.jetty.server.handler.ContextHandler.doHandle(ContextHandler.java:1363)
	at org.eclipse.jetty.server.handler.ScopedHandler.nextScope(ScopedHandler.java:188)
	at org.eclipse.jetty.servlet.ServletHandler.doScope(ServletHandler.java:489)
	at org.eclipse.jetty.server.handler.ScopedHandler.nextScope(ScopedHandler.java:186)
	at org.eclipse.jetty.server.handler.ContextHandler.doScope(ContextHandler.java:1278)
	at org.eclipse.jetty.server.handler.ScopedHandler.handle(ScopedHandler.java:141)
	at org.eclipse.jetty.server.handler.gzip.GzipHandler.handle(GzipHandler.java:767)
	at org.eclipse.jetty.server.handler.HandlerCollection.handle(HandlerCollection.java:146)
	at org.eclipse.jetty.server.handler.HandlerWrapper.handle(HandlerWrapper.java:127)
	at org.eclipse.jetty.server.Server.handle(Server.java:500)
	at org.eclipse.jetty.server.HttpChannel.lambda$handle$1(HttpChannel.java:383)
	at org.eclipse.jetty.server.HttpChannel.dispatch(HttpChannel.java:547)
	at org.eclipse.jetty.server.HttpChannel.handle(HttpChannel.java:375)
	at org.eclipse.jetty.server.HttpConnection.onFillable(HttpConnection.java:273)
	at org.eclipse.jetty.io.AbstractConnection$ReadCallback.succeeded(AbstractConnection.java:311)
	at org.eclipse.jetty.io.FillInterest.fillable(FillInterest.java:103)
	at org.eclipse.jetty.io.ChannelEndPoint$2.run(ChannelEndPoint.java:117)
	at org.eclipse.jetty.util.thread.strategy.EatWhatYouKill.runTask(EatWhatYouKill.java:336)
	at org.eclipse.jetty.util.thread.strategy.EatWhatYouKill.doProduce(EatWhatYouKill.java:313)
	at org.eclipse.jetty.util.thread.strategy.EatWhatYouKill.tryProduce(EatWhatYouKill.java:171)
	at org.eclipse.jetty.util.thread.strategy.EatWhatYouKill.run(EatWhatYouKill.java:129)
	at org.eclipse.jetty.util.thread.ReservedThreadExecutor$ReservedThread.run(ReservedThreadExecutor.java:375)
	at org.eclipse.jetty.util.thread.QueuedThreadPool.runJob(QueuedThreadPool.java:806)
	at org.eclipse.jetty.util.thread.QueuedThreadPool$Runner.run(QueuedThreadPool.java:938)
	at java.base/java.lang.Thread.run(Thread.java:834)
Caused by: java.io.IOException: Se ha anulado una conexión establecida por el software en su equipo host.
	at java.base/sun.nio.ch.SocketDispatcher.write0(Native Method)
	at java.base/sun.nio.ch.SocketDispatcher.write(SocketDispatcher.java:51)
	at java.base/sun.nio.ch.IOUtil.writeFromNativeBuffer(IOUtil.java:113)
	at java.base/sun.nio.ch.IOUtil.write(IOUtil.java:79)
	at java.base/sun.nio.ch.IOUtil.write(IOUtil.java:50)
	at java.base/sun.nio.ch.SocketChannelImpl.write(SocketChannelImpl.java:466)
	at org.eclipse.jetty.io.ChannelEndPoint.flush(ChannelEndPoint.java:261)
	... 53 common frames omitted
13:19:04.281 [qtp1834758074-126] DEBUG org.eclipse.jetty.io.WriteFlusher - update WriteFlusher@4acbb25c{FAILED}->null:WRITING-->FAILED
13:19:04.282 [qtp1834758074-126] DEBUG org.eclipse.jetty.server.HttpChannel - Commit failed
org.eclipse.jetty.io.EofException: null
	at org.eclipse.jetty.io.ChannelEndPoint.flush(ChannelEndPoint.java:283)
	at org.eclipse.jetty.io.NetworkTrafficSocketChannelEndPoint.flush(NetworkTrafficSocketChannelEndPoint.java:66)
	at org.eclipse.jetty.io.WriteFlusher.flush(WriteFlusher.java:422)
	at org.eclipse.jetty.io.WriteFlusher.write(WriteFlusher.java:277)
	at org.eclipse.jetty.io.AbstractEndPoint.write(AbstractEndPoint.java:381)
	at org.eclipse.jetty.server.HttpConnection$SendCallback.process(HttpConnection.java:830)
	at org.eclipse.jetty.util.IteratingCallback.processing(IteratingCallback.java:241)
	at org.eclipse.jetty.util.IteratingCallback.iterate(IteratingCallback.java:223)
	at org.eclipse.jetty.server.HttpConnection.send(HttpConnection.java:549)
	at org.eclipse.jetty.server.HttpChannel.sendResponse(HttpChannel.java:829)
	at org.eclipse.jetty.server.HttpChannel.write(HttpChannel.java:901)
	at org.eclipse.jetty.server.handler.gzip.GzipHttpOutputInterceptor.write(GzipHttpOutputInterceptor.java:112)
	at org.eclipse.jetty.server.HttpOutput.channelWrite(HttpOutput.java:283)
	at org.eclipse.jetty.server.HttpOutput.close(HttpOutput.java:602)
	at com.github.tomakehurst.wiremock.servlet.WireMockHandlerDispatchingServlet.writeAndTranslateExceptions(WireMockHandlerDispatchingServlet.java:235)
	at com.github.tomakehurst.wiremock.servlet.WireMockHandlerDispatchingServlet.applyResponse(WireMockHandlerDispatchingServlet.java:223)
	at com.github.tomakehurst.wiremock.servlet.WireMockHandlerDispatchingServlet$ServletHttpResponder.respondTo(WireMockHandlerDispatchingServlet.java:183)
	at com.github.tomakehurst.wiremock.servlet.WireMockHandlerDispatchingServlet$ServletHttpResponder.respondSync(WireMockHandlerDispatchingServlet.java:150)
	at com.github.tomakehurst.wiremock.servlet.WireMockHandlerDispatchingServlet$ServletHttpResponder.respond(WireMockHandlerDispatchingServlet.java:144)
	at com.github.tomakehurst.wiremock.http.AbstractRequestHandler.handle(AbstractRequestHandler.java:90)
	at com.github.tomakehurst.wiremock.servlet.WireMockHandlerDispatchingServlet.service(WireMockHandlerDispatchingServlet.java:120)
	at javax.servlet.http.HttpServlet.service(HttpServlet.java:750)
	at org.eclipse.jetty.servlet.ServletHolder.handle(ServletHolder.java:763)
	at org.eclipse.jetty.servlet.ServletHandler$CachedChain.doFilter(ServletHandler.java:1631)
	at org.eclipse.jetty.servlets.CrossOriginFilter.handle(CrossOriginFilter.java:319)
	at org.eclipse.jetty.servlets.CrossOriginFilter.doFilter(CrossOriginFilter.java:273)
	at org.eclipse.jetty.servlet.ServletHandler$CachedChain.doFilter(ServletHandler.java:1618)
	at org.eclipse.jetty.servlet.ServletHandler.doHandle(ServletHandler.java:549)
	at org.eclipse.jetty.server.handler.ScopedHandler.nextHandle(ScopedHandler.java:233)
	at org.eclipse.jetty.server.handler.ContextHandler.doHandle(ContextHandler.java:1363)
	at org.eclipse.jetty.server.handler.ScopedHandler.nextScope(ScopedHandler.java:188)
	at org.eclipse.jetty.servlet.ServletHandler.doScope(ServletHandler.java:489)
	at org.eclipse.jetty.server.handler.ScopedHandler.nextScope(ScopedHandler.java:186)
	at org.eclipse.jetty.server.handler.ContextHandler.doScope(ContextHandler.java:1278)
	at org.eclipse.jetty.server.handler.ScopedHandler.handle(ScopedHandler.java:141)
	at org.eclipse.jetty.server.handler.gzip.GzipHandler.handle(GzipHandler.java:767)
	at org.eclipse.jetty.server.handler.HandlerCollection.handle(HandlerCollection.java:146)
	at org.eclipse.jetty.server.handler.HandlerWrapper.handle(HandlerWrapper.java:127)
	at org.eclipse.jetty.server.Server.handle(Server.java:500)
	at org.eclipse.jetty.server.HttpChannel.lambda$handle$1(HttpChannel.java:383)
	at org.eclipse.jetty.server.HttpChannel.dispatch(HttpChannel.java:547)
	at org.eclipse.jetty.server.HttpChannel.handle(HttpChannel.java:375)
	at org.eclipse.jetty.server.HttpConnection.onFillable(HttpConnection.java:273)
	at org.eclipse.jetty.io.AbstractConnection$ReadCallback.succeeded(AbstractConnection.java:311)
	at org.eclipse.jetty.io.FillInterest.fillable(FillInterest.java:103)
	at org.eclipse.jetty.io.ChannelEndPoint$2.run(ChannelEndPoint.java:117)
	at org.eclipse.jetty.util.thread.strategy.EatWhatYouKill.runTask(EatWhatYouKill.java:336)
	at org.eclipse.jetty.util.thread.strategy.EatWhatYouKill.doProduce(EatWhatYouKill.java:313)
	at org.eclipse.jetty.util.thread.strategy.EatWhatYouKill.tryProduce(EatWhatYouKill.java:171)
	at org.eclipse.jetty.util.thread.strategy.EatWhatYouKill.run(EatWhatYouKill.java:129)
	at org.eclipse.jetty.util.thread.ReservedThreadExecutor$ReservedThread.run(ReservedThreadExecutor.java:375)
	at org.eclipse.jetty.util.thread.QueuedThreadPool.runJob(QueuedThreadPool.java:806)
	at org.eclipse.jetty.util.thread.QueuedThreadPool$Runner.run(QueuedThreadPool.java:938)
	at java.base/java.lang.Thread.run(Thread.java:834)
Caused by: java.io.IOException: Se ha anulado una conexión establecida por el software en su equipo host.
	at java.base/sun.nio.ch.SocketDispatcher.write0(Native Method)
	at java.base/sun.nio.ch.SocketDispatcher.write(SocketDispatcher.java:51)
	at java.base/sun.nio.ch.IOUtil.writeFromNativeBuffer(IOUtil.java:113)
	at java.base/sun.nio.ch.IOUtil.write(IOUtil.java:79)
	at java.base/sun.nio.ch.IOUtil.write(IOUtil.java:50)
	at java.base/sun.nio.ch.SocketChannelImpl.write(SocketChannelImpl.java:466)
	at org.eclipse.jetty.io.ChannelEndPoint.flush(ChannelEndPoint.java:261)
	... 53 common frames omitted
13:19:04.285 [qtp1834758074-126] DEBUG org.eclipse.jetty.server.HttpConnection - abort HttpConnection@5d742624::NetworkTrafficSocketChannelEndPoint@18baaf42{/127.0.0.1:65046<->/127.0.0.1:8080,OPEN,fill=-,flush=F,to=13/30000}{io=0/0,kio=0,kro=1}->HttpConnection@5d742624[p=HttpParser{s=END,0 of -1},g=HttpGenerator@10f95277{s=COMPLETING}]=>HttpChannelOverHttp@e7d9a5e{s=HttpChannelState@2276ee54{s=HANDLING rs=BLOCKING os=ABORTED is=READY awp=false se=false i=true al=0},r=1,c=false/false,a=HANDLING,uri=//localhost:8080/api/v0/components/provision-adapters/jobs/01bd8171-c219-47a1-b831-c1aa538629c9,age=2123} {}
13:19:04.287 [qtp1834758074-126] DEBUG org.eclipse.jetty.io.AbstractEndPoint - close NetworkTrafficSocketChannelEndPoint@18baaf42{/127.0.0.1:65046<->/127.0.0.1:8080,OPEN,fill=-,flush=F,to=15/30000}{io=0/0,kio=0,kro=1}->HttpConnection@5d742624[p=HttpParser{s=END,0 of -1},g=HttpGenerator@10f95277{s=COMPLETING}]=>HttpChannelOverHttp@e7d9a5e{s=HttpChannelState@2276ee54{s=HANDLING rs=BLOCKING os=ABORTED is=READY awp=false se=false i=true al=0},r=1,c=false/false,a=HANDLING,uri=//localhost:8080/api/v0/components/provision-adapters/jobs/01bd8171-c219-47a1-b831-c1aa538629c9,age=2124}
13:19:04.287 [qtp1834758074-126] DEBUG org.eclipse.jetty.io.AbstractEndPoint - close(null) NetworkTrafficSocketChannelEndPoint@18baaf42{/127.0.0.1:65046<->/127.0.0.1:8080,OPEN,fill=-,flush=F,to=16/30000}{io=0/0,kio=0,kro=1}->HttpConnection@5d742624[p=HttpParser{s=END,0 of -1},g=HttpGenerator@10f95277{s=COMPLETING}]=>HttpChannelOverHttp@e7d9a5e{s=HttpChannelState@2276ee54{s=HANDLING rs=BLOCKING os=ABORTED is=READY awp=false se=false i=true al=0},r=1,c=false/false,a=HANDLING,uri=//localhost:8080/api/v0/components/provision-adapters/jobs/01bd8171-c219-47a1-b831-c1aa538629c9,age=2125}
13:19:04.288 [qtp1834758074-126] DEBUG org.eclipse.jetty.io.ChannelEndPoint - doClose NetworkTrafficSocketChannelEndPoint@18baaf42{/127.0.0.1:65046<->/127.0.0.1:8080,CLOSED,fill=-,flush=F,to=16/30000}{io=0/0,kio=0,kro=1}->HttpConnection@5d742624[p=HttpParser{s=END,0 of -1},g=HttpGenerator@10f95277{s=COMPLETING}]=>HttpChannelOverHttp@e7d9a5e{s=HttpChannelState@2276ee54{s=HANDLING rs=BLOCKING os=ABORTED is=READY awp=false se=false i=true al=0},r=1,c=false/false,a=HANDLING,uri=//localhost:8080/api/v0/components/provision-adapters/jobs/01bd8171-c219-47a1-b831-c1aa538629c9,age=2126}
13:19:04.289 [qtp1834758074-126] DEBUG org.eclipse.jetty.io.FillInterest - onClose FillInterest@7234955c{null}
13:19:04.289 [qtp1834758074-126] DEBUG org.eclipse.jetty.io.ManagedSelector - Wakeup ManagedSelector@59551159{STARTED} id=0 keys=1 selected=0 updates=0
13:19:04.289 [qtp1834758074-128] DEBUG org.eclipse.jetty.io.ManagedSelector - Selector sun.nio.ch.WindowsSelectorImpl@40883a69 woken with none selected
13:19:04.289 [qtp1834758074-128] DEBUG org.eclipse.jetty.io.ManagedSelector - Selector sun.nio.ch.WindowsSelectorImpl@40883a69 woken up from select, 0/0/0 selected
13:19:04.289 [qtp1834758074-128] DEBUG org.eclipse.jetty.io.ManagedSelector - Selector sun.nio.ch.WindowsSelectorImpl@40883a69 processing 0 keys, 0 updates
13:19:04.289 [qtp1834758074-128] DEBUG org.eclipse.jetty.io.ManagedSelector - updateable 0
13:19:04.289 [qtp1834758074-128] DEBUG org.eclipse.jetty.io.ManagedSelector - updates 0
13:19:04.289 [qtp1834758074-128] DEBUG org.eclipse.jetty.io.ManagedSelector - Selector sun.nio.ch.WindowsSelectorImpl@40883a69 waiting with 0 keys
13:19:04.290 [qtp1834758074-126] DEBUG org.eclipse.jetty.util.thread.QueuedThreadPool - queue org.eclipse.jetty.io.ManagedSelector$DestroyEndPoint@4e3e3204 startThread=0
13:19:04.292 [qtp1834758074-126] DEBUG org.eclipse.jetty.server.HttpOutput - onWriteComplete(true,org.eclipse.jetty.io.EofException) s=CLOSING,api=BLOCKED,sc=false,e=null->s=CLOSED,api=BLOCKING,sc=false,e=null c=null cb=null w=false
13:19:04.299 [qtp1834758074-126] DEBUG org.eclipse.jetty.server.Server - handled=true async=false committed=true on HttpChannelOverHttp@e7d9a5e{s=HttpChannelState@2276ee54{s=HANDLING rs=BLOCKING os=ABORTED is=READY awp=false se=false i=true al=0},r=1,c=false/false,a=HANDLING,uri=//localhost:8080/api/v0/components/provision-adapters/jobs/01bd8171-c219-47a1-b831-c1aa538629c9,age=2136}
13:19:04.299 [qtp1834758074-126] DEBUG org.eclipse.jetty.server.HttpChannelState - unhandle HttpChannelState@2276ee54{s=HANDLING rs=BLOCKING os=ABORTED is=READY awp=false se=false i=true al=0}
13:19:04.299 [qtp1834758074-126] DEBUG org.eclipse.jetty.server.HttpChannelState - nextAction(false) COMPLETE HttpChannelState@2276ee54{s=HANDLING rs=COMPLETING os=ABORTED is=READY awp=false se=false i=false al=0}
13:19:04.300 [qtp1834758074-126] DEBUG org.eclipse.jetty.server.HttpChannel - action COMPLETE HttpChannelOverHttp@e7d9a5e{s=HttpChannelState@2276ee54{s=HANDLING rs=COMPLETING os=ABORTED is=READY awp=false se=false i=false al=0},r=1,c=false/false,a=HANDLING,uri=//localhost:8080/api/v0/components/provision-adapters/jobs/01bd8171-c219-47a1-b831-c1aa538629c9,age=2137}
13:19:04.300 [qtp1834758074-126] DEBUG org.eclipse.jetty.server.HttpOutput - complete(org.eclipse.jetty.util.Callback$4@293e4369) s=CLOSED,api=BLOCKING,sc=false,e=null s=true e=null, c=null
13:19:04.300 [qtp1834758074-126] DEBUG org.eclipse.jetty.server.HttpChannelState - completed HttpChannelState@2276ee54{s=HANDLING rs=COMPLETING os=ABORTED is=READY awp=false se=false i=false al=0}
13:19:04.300 [qtp1834758074-126] DEBUG org.eclipse.jetty.server.HttpChannelState - unhandle HttpChannelState@2276ee54{s=HANDLING rs=COMPLETED os=ABORTED is=READY awp=false se=false i=false al=0}
13:19:04.300 [qtp1834758074-126] DEBUG org.eclipse.jetty.server.HttpChannelState - nextAction(false) TERMINATED HttpChannelState@2276ee54{s=IDLE rs=COMPLETED os=ABORTED is=READY awp=false se=false i=false al=0}
13:19:04.300 [qtp1834758074-126] DEBUG org.eclipse.jetty.server.HttpChannel - action TERMINATED HttpChannelOverHttp@e7d9a5e{s=HttpChannelState@2276ee54{s=IDLE rs=COMPLETED os=ABORTED is=READY awp=false se=false i=false al=0},r=1,c=true/false,a=IDLE,uri=//localhost:8080/api/v0/components/provision-adapters/jobs/01bd8171-c219-47a1-b831-c1aa538629c9,age=2138}
13:19:04.300 [qtp1834758074-126] DEBUG org.eclipse.jetty.server.HttpChannel - onCompleted for /api/v0/components/provision-adapters/jobs/01bd8171-c219-47a1-b831-c1aa538629c9 written=0
13:19:04.300 [qtp1834758074-126] DEBUG org.eclipse.jetty.server.HttpChannelState - recycle HttpChannelState@2276ee54{s=IDLE rs=COMPLETED os=ABORTED is=READY awp=false se=false i=false al=0}
13:19:04.301 [qtp1834758074-126] DEBUG org.eclipse.jetty.http.HttpParser - close HttpParser{s=END,0 of -1}
13:19:04.301 [qtp1834758074-126] DEBUG org.eclipse.jetty.http.HttpParser - END --> CLOSE
13:19:04.301 [qtp1834758074-126] DEBUG org.eclipse.jetty.server.HttpChannel - !handle TERMINATED HttpChannelOverHttp@e7d9a5e{s=HttpChannelState@2276ee54{s=IDLE rs=BLOCKING os=OPEN is=IDLE awp=false se=false i=true al=0},r=1,c=false/false,a=IDLE,uri=null,age=0}
13:19:04.301 [qtp1834758074-126] DEBUG org.eclipse.jetty.server.HttpConnection - HttpConnection@5d742624::NetworkTrafficSocketChannelEndPoint@18baaf42{/127.0.0.1:65046<->/127.0.0.1:8080,CLOSED,fill=-,flush=F,to=30/30000}{io=0/0,kio=-1,kro=-1}->HttpConnection@5d742624[p=HttpParser{s=CLOSE,0 of -1},g=HttpGenerator@10f95277{s=START}]=>HttpChannelOverHttp@e7d9a5e{s=HttpChannelState@2276ee54{s=IDLE rs=BLOCKING os=OPEN is=IDLE awp=false se=false i=true al=0},r=1,c=false/false,a=IDLE,uri=null,age=0} onFillable exit HttpChannelState@2276ee54{s=IDLE rs=BLOCKING os=OPEN is=IDLE awp=false se=false i=true al=0} null
13:19:04.301 [qtp1834758074-126] DEBUG org.eclipse.jetty.util.thread.ReservedThreadExecutor - ReservedThreadExecutor@62506fd7{s=1/1,p=0}@5bf00e62 size 1 > capacity
13:19:04.301 [qtp1834758074-126] DEBUG org.eclipse.jetty.util.thread.QueuedThreadPool - ran ReservedThreadExecutor@62506fd7{s=1/1,p=0}@5bf00e62 in QueuedThreadPool[qtp1834758074]@6d5c2fba{STARTED,8<=8<=14,i=0,r=1,q=0}[ReservedThreadExecutor@62506fd7{s=1/1,p=0}]
13:19:04.301 [qtp1834758074-126] DEBUG org.eclipse.jetty.util.thread.QueuedThreadPool - run org.eclipse.jetty.io.ManagedSelector$DestroyEndPoint@4e3e3204 in QueuedThreadPool[qtp1834758074]@6d5c2fba{STARTED,8<=8<=14,i=1,r=1,q=0}[ReservedThreadExecutor@62506fd7{s=1/1,p=0}]
13:19:04.301 [qtp1834758074-126] DEBUG org.eclipse.jetty.io.ManagedSelector - Destroyed NetworkTrafficSocketChannelEndPoint@18baaf42{/127.0.0.1:65046<->/127.0.0.1:8080,CLOSED,fill=-,flush=F,to=30/30000}{io=0/0,kio=-1,kro=-1}->HttpConnection@5d742624[p=HttpParser{s=CLOSE,0 of -1},g=HttpGenerator@10f95277{s=START}]=>HttpChannelOverHttp@e7d9a5e{s=HttpChannelState@2276ee54{s=IDLE rs=BLOCKING os=OPEN is=IDLE awp=false se=false i=true al=0},r=1,c=false/false,a=IDLE,uri=null,age=0}
13:19:04.301 [qtp1834758074-126] DEBUG org.eclipse.jetty.io.AbstractConnection - onClose HttpConnection@5d742624::NetworkTrafficSocketChannelEndPoint@18baaf42{/127.0.0.1:65046<->/127.0.0.1:8080,CLOSED,fill=-,flush=F,to=30/30000}{io=0/0,kio=-1,kro=-1}->HttpConnection@5d742624[p=HttpParser{s=CLOSE,0 of -1},g=HttpGenerator@10f95277{s=START}]=>HttpChannelOverHttp@e7d9a5e{s=HttpChannelState@2276ee54{s=IDLE rs=BLOCKING os=OPEN is=IDLE awp=false se=false i=true al=0},r=1,c=false/false,a=IDLE,uri=null,age=0}
13:19:04.301 [qtp1834758074-126] DEBUG org.eclipse.jetty.util.thread.QueuedThreadPool - ran org.eclipse.jetty.io.ManagedSelector$DestroyEndPoint@4e3e3204 in QueuedThreadPool[qtp1834758074]@6d5c2fba{STARTED,8<=8<=14,i=1,r=1,q=0}[ReservedThreadExecutor@62506fd7{s=1/1,p=0}]
13:19:05.298 [parallel-4] DEBUG org.springframework.web.reactive.function.client.ExchangeFunctions - [2d9caf69] HTTP GET http://localhost:8080/api/v0/components/provision-adapters/jobs/01bd8171-c219-47a1-b831-c1aa538629c9
13:19:05.301 [reactor-http-nio-4] DEBUG reactor.netty.resources.PooledConnectionProvider - [id: 0x019b22ad] Created a new pooled channel, now 1 active connections and 0 inactive connections
13:19:05.302 [reactor-http-nio-4] DEBUG reactor.netty.channel.BootstrapHandlers - [id: 0x019b22ad] Initialized pipeline DefaultChannelPipeline{(BootstrapHandlers$BootstrapInitializerHandler#0 = reactor.netty.channel.BootstrapHandlers$BootstrapInitializerHandler), (PooledConnectionProvider$PooledConnectionAllocator$PooledConnectionInitializer#0 = reactor.netty.resources.PooledConnectionProvider$PooledConnectionAllocator$PooledConnectionInitializer), (reactor.left.httpCodec = io.netty.handler.codec.http.HttpClientCodec), (reactor.right.reactiveBridge = reactor.netty.channel.ChannelOperationsHandler)}
13:19:05.304 [reactor-http-nio-4] DEBUG reactor.netty.resources.PooledConnectionProvider - [id: 0x019b22ad, L:/127.0.0.1:65047 - R:localhost/127.0.0.1:8080] onStateChange(PooledConnection{channel=[id: 0x019b22ad, L:/127.0.0.1:65047 - R:localhost/127.0.0.1:8080]}, [connected])
13:19:05.306 [qtp1834758074-125-acceptor-2@66507263-NetworkTrafficServerConnector@301fffd7{HTTP/1.1, (http/1.1)}{0.0.0.0:8080}] DEBUG org.eclipse.jetty.io.ManagedSelector - Queued change org.eclipse.jetty.io.ManagedSelector$Accept@73b6a6c2 on ManagedSelector@66c94438{STARTED} id=1 keys=1 selected=0 updates=0
13:19:05.306 [qtp1834758074-125-acceptor-2@66507263-NetworkTrafficServerConnector@301fffd7{HTTP/1.1, (http/1.1)}{0.0.0.0:8080}] DEBUG org.eclipse.jetty.io.ManagedSelector - Wakeup on submit ManagedSelector@66c94438{STARTED} id=1 keys=1 selected=0 updates=1
13:19:05.306 [qtp1834758074-127] DEBUG org.eclipse.jetty.io.ManagedSelector - Selector sun.nio.ch.WindowsSelectorImpl@51086512 woken with none selected
13:19:05.306 [qtp1834758074-127] DEBUG org.eclipse.jetty.io.ManagedSelector - Selector sun.nio.ch.WindowsSelectorImpl@51086512 woken up from select, 0/0/1 selected
13:19:05.306 [qtp1834758074-127] DEBUG org.eclipse.jetty.io.ManagedSelector - Selector sun.nio.ch.WindowsSelectorImpl@51086512 processing 0 keys, 1 updates
13:19:05.306 [qtp1834758074-127] DEBUG org.eclipse.jetty.io.ManagedSelector - updateable 1
13:19:05.306 [qtp1834758074-127] DEBUG org.eclipse.jetty.io.ManagedSelector - update org.eclipse.jetty.io.ManagedSelector$Accept@73b6a6c2
13:19:05.306 [qtp1834758074-127] DEBUG org.eclipse.jetty.util.thread.QueuedThreadPool - queue org.eclipse.jetty.io.ManagedSelector$Accept@73b6a6c2 startThread=0
13:19:05.306 [qtp1834758074-127] DEBUG org.eclipse.jetty.io.ManagedSelector - updates 0
13:19:05.306 [qtp1834758074-127] DEBUG org.eclipse.jetty.io.ManagedSelector - Selector sun.nio.ch.WindowsSelectorImpl@51086512 waiting with 2 keys
13:19:05.307 [qtp1834758074-126] DEBUG org.eclipse.jetty.util.thread.QueuedThreadPool - run org.eclipse.jetty.io.ManagedSelector$Accept@73b6a6c2 in QueuedThreadPool[qtp1834758074]@6d5c2fba{STARTED,8<=8<=14,i=1,r=1,q=0}[ReservedThreadExecutor@62506fd7{s=1/1,p=0}]
13:19:05.308 [qtp1834758074-126] DEBUG org.eclipse.jetty.io.IdleTimeout - NetworkTrafficSocketChannelEndPoint@3ef04d40{/127.0.0.1:65047<->/127.0.0.1:8080,OPEN,fill=-,flush=-,to=0/30000}{io=0/0,kio=0,kro=0}-><null> idle timeout check, elapsed: 0 ms, remaining: 30000 ms
13:19:05.308 [qtp1834758074-126] DEBUG org.eclipse.jetty.server.HttpChannel - new HttpChannelOverHttp@bb1b4c9{s=HttpChannelState@34a019a9{s=IDLE rs=BLOCKING os=OPEN is=IDLE awp=false se=false i=true al=0},r=0,c=false/false,a=IDLE,uri=null,age=0} -> NetworkTrafficSocketChannelEndPoint@3ef04d40{/127.0.0.1:65047<->/127.0.0.1:8080,OPEN,fill=-,flush=-,to=0/30000}{io=0/0,kio=0,kro=0}-><null>,null,HttpChannelState@34a019a9{s=IDLE rs=BLOCKING os=OPEN is=IDLE awp=false se=false i=true al=0}
13:19:05.308 [qtp1834758074-126] DEBUG org.eclipse.jetty.server.HttpConnection - New HTTP Connection HttpConnection@6f5e315f::NetworkTrafficSocketChannelEndPoint@3ef04d40{/127.0.0.1:65047<->/127.0.0.1:8080,OPEN,fill=-,flush=-,to=0/30000}{io=0/0,kio=0,kro=0}-><null>
13:19:05.308 [qtp1834758074-126] DEBUG org.eclipse.jetty.io.AbstractEndPoint - onOpen NetworkTrafficSocketChannelEndPoint@3ef04d40{/127.0.0.1:65047<->/127.0.0.1:8080,OPEN,fill=-,flush=-,to=0/30000}{io=0/0,kio=0,kro=0}->HttpConnection@6f5e315f[p=HttpParser{s=START,0 of -1},g=HttpGenerator@53f8fbb9{s=START}]=>HttpChannelOverHttp@bb1b4c9{s=HttpChannelState@34a019a9{s=IDLE rs=BLOCKING os=OPEN is=IDLE awp=false se=false i=true al=0},r=0,c=false/false,a=IDLE,uri=null,age=0}
13:19:05.308 [qtp1834758074-126] DEBUG org.eclipse.jetty.io.AbstractConnection - onOpen HttpConnection@6f5e315f::NetworkTrafficSocketChannelEndPoint@3ef04d40{/127.0.0.1:65047<->/127.0.0.1:8080,OPEN,fill=-,flush=-,to=0/30000}{io=0/0,kio=0,kro=0}->HttpConnection@6f5e315f[p=HttpParser{s=START,0 of -1},g=HttpGenerator@53f8fbb9{s=START}]=>HttpChannelOverHttp@bb1b4c9{s=HttpChannelState@34a019a9{s=IDLE rs=BLOCKING os=OPEN is=IDLE awp=false se=false i=true al=0},r=0,c=false/false,a=IDLE,uri=null,age=0}
13:19:05.308 [qtp1834758074-126] DEBUG org.eclipse.jetty.io.AbstractConnection - fillInterested HttpConnection@6f5e315f::NetworkTrafficSocketChannelEndPoint@3ef04d40{/127.0.0.1:65047<->/127.0.0.1:8080,OPEN,fill=-,flush=-,to=0/30000}{io=0/0,kio=0,kro=0}->HttpConnection@6f5e315f[p=HttpParser{s=START,0 of -1},g=HttpGenerator@53f8fbb9{s=START}]=>HttpChannelOverHttp@bb1b4c9{s=HttpChannelState@34a019a9{s=IDLE rs=BLOCKING os=OPEN is=IDLE awp=false se=false i=true al=0},r=0,c=false/false,a=IDLE,uri=null,age=0}
13:19:05.308 [reactor-http-nio-4] DEBUG reactor.netty.resources.PooledConnectionProvider - [id: 0x019b22ad, L:/127.0.0.1:65047 - R:localhost/127.0.0.1:8080] onStateChange(GET{uri=/, connection=PooledConnection{channel=[id: 0x019b22ad, L:/127.0.0.1:65047 - R:localhost/127.0.0.1:8080]}}, [configured])
13:19:05.309 [qtp1834758074-126] DEBUG org.eclipse.jetty.io.FillInterest - interested FillInterest@55e90af3{AC.ReadCB@6f5e315f{HttpConnection@6f5e315f::NetworkTrafficSocketChannelEndPoint@3ef04d40{/127.0.0.1:65047<->/127.0.0.1:8080,OPEN,fill=FI,flush=-,to=0/30000}{io=0/0,kio=0,kro=0}->HttpConnection@6f5e315f[p=HttpParser{s=START,0 of -1},g=HttpGenerator@53f8fbb9{s=START}]=>HttpChannelOverHttp@bb1b4c9{s=HttpChannelState@34a019a9{s=IDLE rs=BLOCKING os=OPEN is=IDLE awp=false se=false i=true al=0},r=0,c=false/false,a=IDLE,uri=null,age=0}}}
13:19:05.309 [reactor-http-nio-4] DEBUG reactor.netty.resources.PooledConnectionProvider - [id: 0x019b22ad, L:/127.0.0.1:65047 - R:localhost/127.0.0.1:8080] Registering pool release on close event for channel
13:19:05.309 [qtp1834758074-126] DEBUG org.eclipse.jetty.io.ChannelEndPoint - changeInterests p=false 0->1 for NetworkTrafficSocketChannelEndPoint@3ef04d40{/127.0.0.1:65047<->/127.0.0.1:8080,OPEN,fill=FI,flush=-,to=0/30000}{io=0/1,kio=0,kro=0}->HttpConnection@6f5e315f[p=HttpParser{s=START,0 of -1},g=HttpGenerator@53f8fbb9{s=START}]=>HttpChannelOverHttp@bb1b4c9{s=HttpChannelState@34a019a9{s=IDLE rs=BLOCKING os=OPEN is=IDLE awp=false se=false i=true al=0},r=0,c=false/false,a=IDLE,uri=null,age=0}
13:19:05.309 [qtp1834758074-126] DEBUG org.eclipse.jetty.io.ManagedSelector - Queued change org.eclipse.jetty.io.ChannelEndPoint$1@61b02cb6 on ManagedSelector@66c94438{STARTED} id=1 keys=2 selected=0 updates=0
13:19:05.309 [qtp1834758074-126] DEBUG org.eclipse.jetty.io.ManagedSelector - Wakeup on submit ManagedSelector@66c94438{STARTED} id=1 keys=2 selected=0 updates=1
13:19:05.309 [reactor-http-nio-4] DEBUG reactor.netty.ReactorNetty - [id: 0x019b22ad, L:/127.0.0.1:65047 - R:localhost/127.0.0.1:8080] Added decoder [ReadTimeoutHandler] at the end of the user pipeline, full pipeline: [reactor.left.httpCodec, ReadTimeoutHandler, reactor.right.reactiveBridge, DefaultChannelPipeline$TailContext#0]
13:19:05.309 [reactor-http-nio-4] DEBUG reactor.netty.ReactorNetty - [id: 0x019b22ad, L:/127.0.0.1:65047 - R:localhost/127.0.0.1:8080] Added decoder [WriteTimeoutHandler] at the end of the user pipeline, full pipeline: [reactor.left.httpCodec, ReadTimeoutHandler, WriteTimeoutHandler, reactor.right.reactiveBridge, DefaultChannelPipeline$TailContext#0]
13:19:05.309 [reactor-http-nio-4] DEBUG reactor.netty.http.client.HttpClientConnect - [id: 0x019b22ad, L:/127.0.0.1:65047 - R:localhost/127.0.0.1:8080] Handler is being applied: {uri=http://localhost:8080/api/v0/components/provision-adapters/jobs/01bd8171-c219-47a1-b831-c1aa538629c9, method=GET}
13:19:05.310 [qtp1834758074-127] DEBUG org.eclipse.jetty.io.ManagedSelector - Selector sun.nio.ch.WindowsSelectorImpl@51086512 woken with none selected
13:19:05.310 [reactor-http-nio-4] DEBUG reactor.netty.resources.PooledConnectionProvider - [id: 0x019b22ad, L:/127.0.0.1:65047 - R:localhost/127.0.0.1:8080] onStateChange(GET{uri=/api/v0/components/provision-adapters/jobs/01bd8171-c219-47a1-b831-c1aa538629c9, connection=PooledConnection{channel=[id: 0x019b22ad, L:/127.0.0.1:65047 - R:localhost/127.0.0.1:8080]}}, [request_prepared])
13:19:05.310 [qtp1834758074-127] DEBUG org.eclipse.jetty.io.ManagedSelector - Selector sun.nio.ch.WindowsSelectorImpl@51086512 woken up from select, 0/0/2 selected
13:19:05.310 [qtp1834758074-127] DEBUG org.eclipse.jetty.io.ManagedSelector - Selector sun.nio.ch.WindowsSelectorImpl@51086512 processing 0 keys, 1 updates
13:19:05.310 [qtp1834758074-127] DEBUG org.eclipse.jetty.io.ManagedSelector - updateable 1
13:19:05.310 [qtp1834758074-127] DEBUG org.eclipse.jetty.io.ManagedSelector - update org.eclipse.jetty.io.ChannelEndPoint$1@61b02cb6
13:19:05.310 [qtp1834758074-127] DEBUG org.eclipse.jetty.io.ChannelEndPoint - Key interests updated 0 -> 1 on NetworkTrafficSocketChannelEndPoint@3ef04d40{/127.0.0.1:65047<->/127.0.0.1:8080,OPEN,fill=FI,flush=-,to=1/30000}{io=1/1,kio=1,kro=0}->HttpConnection@6f5e315f[p=HttpParser{s=START,0 of -1},g=HttpGenerator@53f8fbb9{s=START}]=>HttpChannelOverHttp@bb1b4c9{s=HttpChannelState@34a019a9{s=IDLE rs=BLOCKING os=OPEN is=IDLE awp=false se=false i=true al=0},r=0,c=false/false,a=IDLE,uri=null,age=0}
13:19:05.310 [qtp1834758074-126] DEBUG org.eclipse.jetty.io.ManagedSelector - Created NetworkTrafficSocketChannelEndPoint@3ef04d40{/127.0.0.1:65047<->/127.0.0.1:8080,OPEN,fill=FI,flush=-,to=1/30000}{io=0/1,kio=0,kro=0}->HttpConnection@6f5e315f[p=HttpParser{s=START,0 of -1},g=HttpGenerator@53f8fbb9{s=START}]=>HttpChannelOverHttp@bb1b4c9{s=HttpChannelState@34a019a9{s=IDLE rs=BLOCKING os=OPEN is=IDLE awp=false se=false i=true al=0},r=0,c=false/false,a=IDLE,uri=null,age=0}
13:19:05.310 [qtp1834758074-127] DEBUG org.eclipse.jetty.io.ManagedSelector - updates 0
13:19:05.310 [qtp1834758074-127] DEBUG org.eclipse.jetty.io.ManagedSelector - Selector sun.nio.ch.WindowsSelectorImpl@51086512 waiting with 2 keys
13:19:05.310 [qtp1834758074-126] DEBUG org.eclipse.jetty.util.thread.QueuedThreadPool - ran org.eclipse.jetty.io.ManagedSelector$Accept@73b6a6c2 in QueuedThreadPool[qtp1834758074]@6d5c2fba{STARTED,8<=8<=14,i=1,r=1,q=0}[ReservedThreadExecutor@62506fd7{s=1/1,p=0}]
13:19:05.311 [qtp1834758074-127] DEBUG org.eclipse.jetty.io.ManagedSelector - Selector sun.nio.ch.WindowsSelectorImpl@51086512 woken up from select, 1/1/2 selected
13:19:05.311 [qtp1834758074-127] DEBUG org.eclipse.jetty.io.ManagedSelector - Selector sun.nio.ch.WindowsSelectorImpl@51086512 processing 1 keys, 0 updates
13:19:05.311 [qtp1834758074-127] DEBUG org.eclipse.jetty.io.ManagedSelector - selected 1 channel=java.nio.channels.SocketChannel[connected local=/127.0.0.1:8080 remote=/127.0.0.1:65047], selector=sun.nio.ch.WindowsSelectorImpl@51086512, interestOps=1, readyOps=1 NetworkTrafficSocketChannelEndPoint@3ef04d40{/127.0.0.1:65047<->/127.0.0.1:8080,OPEN,fill=FI,flush=-,to=2/30000}{io=1/1,kio=1,kro=1}->HttpConnection@6f5e315f[p=HttpParser{s=START,0 of -1},g=HttpGenerator@53f8fbb9{s=START}]=>HttpChannelOverHttp@bb1b4c9{s=HttpChannelState@34a019a9{s=IDLE rs=BLOCKING os=OPEN is=IDLE awp=false se=false i=true al=0},r=0,c=false/false,a=IDLE,uri=null,age=0} 
13:19:05.311 [qtp1834758074-127] DEBUG org.eclipse.jetty.io.ChannelEndPoint - onSelected 1->0 r=true w=false for NetworkTrafficSocketChannelEndPoint@3ef04d40{/127.0.0.1:65047<->/127.0.0.1:8080,OPEN,fill=FI,flush=-,to=2/30000}{io=1/0,kio=1,kro=1}->HttpConnection@6f5e315f[p=HttpParser{s=START,0 of -1},g=HttpGenerator@53f8fbb9{s=START}]=>HttpChannelOverHttp@bb1b4c9{s=HttpChannelState@34a019a9{s=IDLE rs=BLOCKING os=OPEN is=IDLE awp=false se=false i=true al=0},r=0,c=false/false,a=IDLE,uri=null,age=0}
13:19:05.311 [reactor-http-nio-4] DEBUG reactor.netty.resources.PooledConnectionProvider - [id: 0x019b22ad, L:/127.0.0.1:65047 - R:localhost/127.0.0.1:8080] onStateChange(GET{uri=/api/v0/components/provision-adapters/jobs/01bd8171-c219-47a1-b831-c1aa538629c9, connection=PooledConnection{channel=[id: 0x019b22ad, L:/127.0.0.1:65047 - R:localhost/127.0.0.1:8080]}}, [request_sent])
13:19:05.311 [qtp1834758074-127] DEBUG org.eclipse.jetty.io.ChannelEndPoint - task CEP:NetworkTrafficSocketChannelEndPoint@3ef04d40{/127.0.0.1:65047<->/127.0.0.1:8080,OPEN,fill=FI,flush=-,to=2/30000}{io=1/0,kio=1,kro=1}->HttpConnection@6f5e315f[p=HttpParser{s=START,0 of -1},g=HttpGenerator@53f8fbb9{s=START}]=>HttpChannelOverHttp@bb1b4c9{s=HttpChannelState@34a019a9{s=IDLE rs=BLOCKING os=OPEN is=IDLE awp=false se=false i=true al=0},r=0,c=false/false,a=IDLE,uri=null,age=0}:runFillable:BLOCKING
13:19:05.311 [reactor-http-nio-4] DEBUG reactor.netty.resources.PooledConnectionProvider - [id: 0x019b22ad, L:/127.0.0.1:65047 - R:localhost/127.0.0.1:8080] Channel connected, now 1 active connections and 0 inactive connections
13:19:05.311 [qtp1834758074-127] DEBUG org.eclipse.jetty.util.thread.ReservedThreadExecutor - ReservedThreadExecutor@62506fd7{s=1/1,p=0} tryExecute EatWhatYouKill@4b368586/SelectorProducer@15142a30/PRODUCING/p=false/QueuedThreadPool[qtp1834758074]@6d5c2fba{STARTED,8<=8<=14,i=2,r=1,q=0}[ReservedThreadExecutor@62506fd7{s=1/1,p=0}][pc=0,pic=0,pec=1,epc=1]@2020-09-25T13:19:05.3119464+02:00
13:19:05.311 [qtp1834758074-127] DEBUG org.eclipse.jetty.util.thread.ReservedThreadExecutor - ReservedThreadExecutor@62506fd7{s=0/1,p=0}@4a377f50 offer EatWhatYouKill@4b368586/SelectorProducer@15142a30/PRODUCING/p=false/QueuedThreadPool[qtp1834758074]@6d5c2fba{STARTED,8<=8<=14,i=2,r=1,q=0}[ReservedThreadExecutor@62506fd7{s=0/1,p=0}][pc=0,pic=0,pec=1,epc=1]@2020-09-25T13:19:05.3119464+02:00
13:19:05.311 [qtp1834758074-127] DEBUG org.eclipse.jetty.util.thread.ReservedThreadExecutor - ReservedThreadExecutor@62506fd7{s=0/1,p=1} startReservedThread p=1
13:19:05.311 [qtp1834758074-127] DEBUG org.eclipse.jetty.util.thread.QueuedThreadPool - queue ReservedThreadExecutor@62506fd7{s=0/1,p=1}@71945073 startThread=0
13:19:05.312 [qtp1834758074-127] DEBUG org.eclipse.jetty.util.thread.strategy.EatWhatYouKill - EatWhatYouKill@4b368586/SelectorProducer@15142a30/IDLE/p=true/QueuedThreadPool[qtp1834758074]@6d5c2fba{STARTED,8<=8<=14,i=1,r=1,q=0}[ReservedThreadExecutor@62506fd7{s=0/1,p=1}][pc=0,pic=0,pec=1,epc=1]@2020-09-25T13:19:05.3129245+02:00 m=EXECUTE_PRODUCE_CONSUME t=CEP:NetworkTrafficSocketChannelEndPoint@3ef04d40{/127.0.0.1:65047<->/127.0.0.1:8080,OPEN,fill=FI,flush=-,to=3/30000}{io=1/0,kio=1,kro=1}->HttpConnection@6f5e315f[p=HttpParser{s=START,0 of -1},g=HttpGenerator@53f8fbb9{s=START}]=>HttpChannelOverHttp@bb1b4c9{s=HttpChannelState@34a019a9{s=IDLE rs=BLOCKING os=OPEN is=IDLE awp=false se=false i=true al=0},r=0,c=false/false,a=IDLE,uri=null,age=0}:runFillable:BLOCKING/BLOCKING
13:19:05.312 [qtp1834758074-127] DEBUG org.eclipse.jetty.io.FillInterest - fillable FillInterest@55e90af3{AC.ReadCB@6f5e315f{HttpConnection@6f5e315f::NetworkTrafficSocketChannelEndPoint@3ef04d40{/127.0.0.1:65047<->/127.0.0.1:8080,OPEN,fill=FI,flush=-,to=3/30000}{io=1/0,kio=1,kro=1}->HttpConnection@6f5e315f[p=HttpParser{s=START,0 of -1},g=HttpGenerator@53f8fbb9{s=START}]=>HttpChannelOverHttp@bb1b4c9{s=HttpChannelState@34a019a9{s=IDLE rs=BLOCKING os=OPEN is=IDLE awp=false se=false i=true al=0},r=0,c=false/false,a=IDLE,uri=null,age=0}}}
13:19:05.312 [qtp1834758074-127] DEBUG org.eclipse.jetty.server.HttpConnection - HttpConnection@6f5e315f::NetworkTrafficSocketChannelEndPoint@3ef04d40{/127.0.0.1:65047<->/127.0.0.1:8080,OPEN,fill=-,flush=-,to=3/30000}{io=1/0,kio=1,kro=1}->HttpConnection@6f5e315f[p=HttpParser{s=START,0 of -1},g=HttpGenerator@53f8fbb9{s=START}]=>HttpChannelOverHttp@bb1b4c9{s=HttpChannelState@34a019a9{s=IDLE rs=BLOCKING os=OPEN is=IDLE awp=false se=false i=true al=0},r=0,c=false/false,a=IDLE,uri=null,age=0} onFillable enter HttpChannelState@34a019a9{s=IDLE rs=BLOCKING os=OPEN is=IDLE awp=false se=false i=true al=0} null
13:19:05.312 [qtp1834758074-127] DEBUG org.eclipse.jetty.io.ChannelEndPoint - filled 195 HeapByteBuffer@6d50e55e[p=0,l=195,c=8192,r=195]={<<<GET /api/v0/components/pr...horization: Bearer \r\n\r\n>>>{\r\n  "id"...\x00\x00\x00\x00\x00\x00\x00}
13:19:05.312 [qtp1834758074-127] DEBUG org.eclipse.jetty.server.HttpConnection - HttpConnection@6f5e315f::NetworkTrafficSocketChannelEndPoint@3ef04d40{/127.0.0.1:65047<->/127.0.0.1:8080,OPEN,fill=-,flush=-,to=0/30000}{io=1/0,kio=1,kro=1}->HttpConnection@6f5e315f[p=HttpParser{s=START,0 of -1},g=HttpGenerator@53f8fbb9{s=START}]=>HttpChannelOverHttp@bb1b4c9{s=HttpChannelState@34a019a9{s=IDLE rs=BLOCKING os=OPEN is=IDLE awp=false se=false i=true al=0},r=0,c=false/false,a=IDLE,uri=null,age=0} filled 195 HeapByteBuffer@6d50e55e[p=0,l=195,c=8192,r=195]={<<<GET /api/v0/components/pr...horization: Bearer \r\n\r\n>>>{\r\n  "id"...\x00\x00\x00\x00\x00\x00\x00}
13:19:05.312 [qtp1834758074-127] DEBUG org.eclipse.jetty.server.HttpConnection - HttpConnection@6f5e315f::NetworkTrafficSocketChannelEndPoint@3ef04d40{/127.0.0.1:65047<->/127.0.0.1:8080,OPEN,fill=-,flush=-,to=0/30000}{io=1/0,kio=1,kro=1}->HttpConnection@6f5e315f[p=HttpParser{s=START,0 of -1},g=HttpGenerator@53f8fbb9{s=START}]=>HttpChannelOverHttp@bb1b4c9{s=HttpChannelState@34a019a9{s=IDLE rs=BLOCKING os=OPEN is=IDLE awp=false se=false i=true al=0},r=0,c=false/false,a=IDLE,uri=null,age=0} parse HeapByteBuffer@6d50e55e[p=0,l=195,c=8192,r=195]={<<<GET /api/v0/components/pr...horization: Bearer \r\n\r\n>>>{\r\n  "id"...\x00\x00\x00\x00\x00\x00\x00} {}
13:19:05.312 [qtp1834758074-127] DEBUG org.eclipse.jetty.http.HttpParser - parseNext s=START HeapByteBuffer@6d50e55e[p=0,l=195,c=8192,r=195]={<<<GET /api/v0/components/pr...horization: Bearer \r\n\r\n>>>{\r\n  "id"...\x00\x00\x00\x00\x00\x00\x00}
13:19:05.312 [qtp1834758074-127] DEBUG org.eclipse.jetty.http.HttpParser - START --> SPACE1
13:19:05.312 [qtp1834758074-127] DEBUG org.eclipse.jetty.http.HttpParser - SPACE1 --> URI
13:19:05.312 [qtp1834758074-127] DEBUG org.eclipse.jetty.http.HttpParser - URI --> SPACE2
13:19:05.312 [qtp1834758074-127] DEBUG org.eclipse.jetty.http.HttpParser - SPACE2 --> REQUEST_VERSION
13:19:05.312 [qtp1834758074-127] DEBUG org.eclipse.jetty.http.HttpParser - REQUEST_VERSION --> HEADER
13:19:05.312 [qtp1834758074-127] DEBUG org.eclipse.jetty.http.HttpParser - HEADER:User-Agent --> VALUE
13:19:05.312 [qtp1834758074-127] DEBUG org.eclipse.jetty.http.HttpParser - HEADER:User-Agent --> IN_VALUE
13:19:05.312 [qtp1834758074-127] DEBUG org.eclipse.jetty.http.HttpParser - HEADER:User-Agent --> FIELD
13:19:05.312 [qtp1834758074-127] DEBUG org.eclipse.jetty.http.HttpParser - HEADER:Host --> VALUE
13:19:05.312 [qtp1834758074-127] DEBUG org.eclipse.jetty.http.HttpParser - HEADER:Host --> IN_VALUE
13:19:05.312 [qtp1834758074-127] DEBUG org.eclipse.jetty.http.HttpParser - HEADER:Host --> FIELD
13:19:05.312 [qtp1834758074-127] DEBUG org.eclipse.jetty.http.HttpParser - HEADER:Accept: */* --> IN_VALUE
13:19:05.312 [qtp1834758074-127] DEBUG org.eclipse.jetty.http.HttpParser - HEADER:Accept: */* --> FIELD
13:19:05.312 [qtp1834758074-127] DEBUG org.eclipse.jetty.http.HttpParser - HEADER:Authorization --> VALUE
13:19:05.312 [qtp1834758074-127] DEBUG org.eclipse.jetty.http.HttpParser - HEADER:Authorization --> IN_VALUE
13:19:05.312 [qtp1834758074-127] DEBUG org.eclipse.jetty.http.HttpParser - HEADER:Authorization --> FIELD
13:19:05.312 [qtp1834758074-127] DEBUG org.eclipse.jetty.http.HttpParser - HEADER --> CONTENT
13:19:05.313 [qtp1834758074-127] DEBUG org.eclipse.jetty.server.HttpChannel - REQUEST for //localhost:8080/api/v0/components/provision-adapters/jobs/01bd8171-c219-47a1-b831-c1aa538629c9 on HttpChannelOverHttp@bb1b4c9{s=HttpChannelState@34a019a9{s=IDLE rs=BLOCKING os=OPEN is=IDLE awp=false se=false i=true al=0},r=1,c=false/false,a=IDLE,uri=//localhost:8080/api/v0/components/provision-adapters/jobs/01bd8171-c219-47a1-b831-c1aa538629c9,age=1}
GET //localhost:8080/api/v0/components/provision-adapters/jobs/01bd8171-c219-47a1-b831-c1aa538629c9 HTTP/1.1
User-Agent: ReactorNetty/0.9.7.RELEASE
Host: localhost:8080
Accept: */*
Authorization: Bearer


13:19:05.313 [qtp1834758074-127] DEBUG org.eclipse.jetty.server.HttpConnection - HttpConnection@6f5e315f::NetworkTrafficSocketChannelEndPoint@3ef04d40{/127.0.0.1:65047<->/127.0.0.1:8080,OPEN,fill=-,flush=-,to=0/30000}{io=1/0,kio=1,kro=1}->HttpConnection@6f5e315f[p=HttpParser{s=CONTENT,0 of -1},g=HttpGenerator@53f8fbb9{s=START}]=>HttpChannelOverHttp@bb1b4c9{s=HttpChannelState@34a019a9{s=IDLE rs=BLOCKING os=OPEN is=IDLE awp=false se=false i=true al=0},r=1,c=false/false,a=IDLE,uri=//localhost:8080/api/v0/components/provision-adapters/jobs/01bd8171-c219-47a1-b831-c1aa538629c9,age=1} parsed true HttpParser{s=CONTENT,0 of -1}
13:19:05.313 [qtp1834758074-127] DEBUG org.eclipse.jetty.server.HttpConnection - releaseRequestBuffer HttpConnection@6f5e315f::NetworkTrafficSocketChannelEndPoint@3ef04d40{/127.0.0.1:65047<->/127.0.0.1:8080,OPEN,fill=-,flush=-,to=0/30000}{io=1/0,kio=1,kro=1}->HttpConnection@6f5e315f[p=HttpParser{s=CONTENT,0 of -1},g=HttpGenerator@53f8fbb9{s=START}]=>HttpChannelOverHttp@bb1b4c9{s=HttpChannelState@34a019a9{s=IDLE rs=BLOCKING os=OPEN is=IDLE awp=false se=false i=true al=0},r=1,c=false/false,a=IDLE,uri=//localhost:8080/api/v0/components/provision-adapters/jobs/01bd8171-c219-47a1-b831-c1aa538629c9,age=1}
13:19:05.313 [qtp1834758074-127] DEBUG org.eclipse.jetty.server.HttpChannel - handle //localhost:8080/api/v0/components/provision-adapters/jobs/01bd8171-c219-47a1-b831-c1aa538629c9 HttpChannelOverHttp@bb1b4c9{s=HttpChannelState@34a019a9{s=IDLE rs=BLOCKING os=OPEN is=IDLE awp=false se=false i=true al=0},r=1,c=false/false,a=IDLE,uri=//localhost:8080/api/v0/components/provision-adapters/jobs/01bd8171-c219-47a1-b831-c1aa538629c9,age=1} 
13:19:05.313 [qtp1834758074-127] DEBUG org.eclipse.jetty.server.HttpChannelState - handling HttpChannelState@34a019a9{s=IDLE rs=BLOCKING os=OPEN is=IDLE awp=false se=false i=true al=0}
13:19:05.313 [qtp1834758074-127] DEBUG org.eclipse.jetty.server.HttpChannel - action DISPATCH HttpChannelOverHttp@bb1b4c9{s=HttpChannelState@34a019a9{s=HANDLING rs=BLOCKING os=OPEN is=IDLE awp=false se=false i=true al=0},r=1,c=false/false,a=HANDLING,uri=//localhost:8080/api/v0/components/provision-adapters/jobs/01bd8171-c219-47a1-b831-c1aa538629c9,age=1}
13:19:05.313 [qtp1834758074-127] DEBUG org.eclipse.jetty.server.Server - REQUEST GET /api/v0/components/provision-adapters/jobs/01bd8171-c219-47a1-b831-c1aa538629c9 on HttpChannelOverHttp@bb1b4c9{s=HttpChannelState@34a019a9{s=HANDLING rs=BLOCKING os=OPEN is=IDLE awp=false se=false i=true al=0},r=1,c=false/false,a=HANDLING,uri=//localhost:8080/api/v0/components/provision-adapters/jobs/01bd8171-c219-47a1-b831-c1aa538629c9,age=1}
13:19:05.313 [qtp1834758074-127] DEBUG org.eclipse.jetty.server.handler.ContextHandler - scope null||/api/v0/components/provision-adapters/jobs/01bd8171-c219-47a1-b831-c1aa538629c9 @ o.e.j.s.ServletContextHandler@21c2f3c8{/__admin,null,AVAILABLE}
13:19:05.313 [qtp1834758074-127] DEBUG org.eclipse.jetty.server.handler.gzip.GzipHandler - GzipHandler@4d098ee1{STARTED,min=32,inflate=-1} handle Request(GET //localhost:8080/api/v0/components/provision-adapters/jobs/01bd8171-c219-47a1-b831-c1aa538629c9)@543a33eb in null
13:19:05.313 [qtp1834758074-127] DEBUG org.eclipse.jetty.server.handler.ContextHandler - scope null||/api/v0/components/provision-adapters/jobs/01bd8171-c219-47a1-b831-c1aa538629c9 @ o.e.j.s.ServletContextHandler@62fe5902{/,null,AVAILABLE}
13:19:05.313 [qtp1834758074-127] DEBUG org.eclipse.jetty.server.handler.ContextHandler - context=||/api/v0/components/provision-adapters/jobs/01bd8171-c219-47a1-b831-c1aa538629c9 @ o.e.j.s.ServletContextHandler@62fe5902{/,null,AVAILABLE}
13:19:05.313 [qtp1834758074-127] DEBUG org.eclipse.jetty.servlet.ServletHandler - servlet |/api/v0/components/provision-adapters/jobs/01bd8171-c219-47a1-b831-c1aa538629c9|null -> com.github.tomakehurst.wiremock.servlet.WireMockHandlerDispatchingServlet-7aaabb79@66120c9a==com.github.tomakehurst.wiremock.servlet.WireMockHandlerDispatchingServlet,jsp=null,order=-1,inst=true,async=true
13:19:05.313 [qtp1834758074-127] DEBUG org.eclipse.jetty.servlet.ServletHandler - chain=org.eclipse.jetty.servlets.CrossOriginFilter-4c2e3189@4c2e3189==org.eclipse.jetty.servlets.CrossOriginFilter,inst=true,async=true->com.github.tomakehurst.wiremock.servlet.WireMockHandlerDispatchingServlet-7aaabb79@66120c9a==com.github.tomakehurst.wiremock.servlet.WireMockHandlerDispatchingServlet,jsp=null,order=-1,inst=true,async=true
13:19:05.313 [qtp1834758074-127] DEBUG org.eclipse.jetty.servlet.ServletHandler - call filter org.eclipse.jetty.servlets.CrossOriginFilter-4c2e3189@4c2e3189==org.eclipse.jetty.servlets.CrossOriginFilter,inst=true,async=true
13:19:05.313 [qtp1834758074-127] DEBUG org.eclipse.jetty.servlet.ServletHandler - call servlet com.github.tomakehurst.wiremock.servlet.WireMockHandlerDispatchingServlet-7aaabb79@66120c9a==com.github.tomakehurst.wiremock.servlet.WireMockHandlerDispatchingServlet,jsp=null,order=-1,inst=true,async=true
13:19:05.314 [qtp1834758074-127] DEBUG org.eclipse.jetty.io.ChannelEndPoint - filled 0 HeapByteBuffer@6d50e55e[p=0,l=0,c=8192,r=0]={<<<>>>GET /api/...\x00\x00\x00\x00\x00\x00\x00}
13:19:05.314 [qtp1834758074-127] DEBUG org.eclipse.jetty.io.ChannelEndPoint - filled 0 HeapByteBuffer@6d50e55e[p=0,l=0,c=8192,r=0]={<<<>>>GET /api/...\x00\x00\x00\x00\x00\x00\x00}
13:19:05.314 [qtp1834758074-127] DEBUG org.eclipse.jetty.server.HttpConnection - HttpConnection@6f5e315f::NetworkTrafficSocketChannelEndPoint@3ef04d40{/127.0.0.1:65047<->/127.0.0.1:8080,OPEN,fill=-,flush=-,to=2/30000}{io=1/0,kio=1,kro=1}->HttpConnection@6f5e315f[p=HttpParser{s=CONTENT,0 of -1},g=HttpGenerator@53f8fbb9{s=START}]=>HttpChannelOverHttp@bb1b4c9{s=HttpChannelState@34a019a9{s=HANDLING rs=BLOCKING os=OPEN is=IDLE awp=false se=false i=true al=0},r=1,c=false/false,a=HANDLING,uri=//localhost:8080/api/v0/components/provision-adapters/jobs/01bd8171-c219-47a1-b831-c1aa538629c9,age=2} filled 0 HeapByteBuffer@6d50e55e[p=0,l=0,c=8192,r=0]={<<<>>>GET /api/...\x00\x00\x00\x00\x00\x00\x00}
13:19:05.314 [qtp1834758074-127] DEBUG org.eclipse.jetty.server.HttpConnection - HttpConnection@6f5e315f::NetworkTrafficSocketChannelEndPoint@3ef04d40{/127.0.0.1:65047<->/127.0.0.1:8080,OPEN,fill=-,flush=-,to=2/30000}{io=1/0,kio=1,kro=1}->HttpConnection@6f5e315f[p=HttpParser{s=CONTENT,0 of -1},g=HttpGenerator@53f8fbb9{s=START}]=>HttpChannelOverHttp@bb1b4c9{s=HttpChannelState@34a019a9{s=HANDLING rs=BLOCKING os=OPEN is=IDLE awp=false se=false i=true al=0},r=1,c=false/false,a=HANDLING,uri=//localhost:8080/api/v0/components/provision-adapters/jobs/01bd8171-c219-47a1-b831-c1aa538629c9,age=2} parse HeapByteBuffer@6d50e55e[p=0,l=0,c=8192,r=0]={<<<>>>GET /api/...\x00\x00\x00\x00\x00\x00\x00} {}
13:19:05.314 [qtp1834758074-127] DEBUG org.eclipse.jetty.http.HttpParser - parseNext s=CONTENT HeapByteBuffer@6d50e55e[p=0,l=0,c=8192,r=0]={<<<>>>GET /api/...\x00\x00\x00\x00\x00\x00\x00}
13:19:05.314 [qtp1834758074-127] DEBUG org.eclipse.jetty.http.HttpParser - CONTENT --> CONTENT_END
13:19:05.314 [qtp1834758074-127] DEBUG org.eclipse.jetty.server.HttpChannel - onContentComplete HttpChannelOverHttp@bb1b4c9{s=HttpChannelState@34a019a9{s=HANDLING rs=BLOCKING os=OPEN is=IDLE awp=false se=false i=true al=0},r=1,c=false/false,a=HANDLING,uri=//localhost:8080/api/v0/components/provision-adapters/jobs/01bd8171-c219-47a1-b831-c1aa538629c9,age=2}
13:19:05.314 [qtp1834758074-127] DEBUG org.eclipse.jetty.http.HttpParser - CONTENT_END --> END
13:19:05.314 [qtp1834758074-127] DEBUG org.eclipse.jetty.server.HttpChannel - onRequestComplete HttpChannelOverHttp@bb1b4c9{s=HttpChannelState@34a019a9{s=HANDLING rs=BLOCKING os=OPEN is=IDLE awp=false se=false i=true al=0},r=1,c=false/false,a=HANDLING,uri=//localhost:8080/api/v0/components/provision-adapters/jobs/01bd8171-c219-47a1-b831-c1aa538629c9,age=2}
13:19:05.314 [qtp1834758074-127] DEBUG org.eclipse.jetty.server.HttpInput - HttpInputOverHTTP@237dc093[c=0,q=0,[0]=null,s=STREAM] addContent EOF
13:19:05.315 [qtp1834758074-127] DEBUG org.eclipse.jetty.server.HttpConnection - HttpConnection@6f5e315f::NetworkTrafficSocketChannelEndPoint@3ef04d40{/127.0.0.1:65047<->/127.0.0.1:8080,OPEN,fill=-,flush=-,to=2/30000}{io=1/0,kio=1,kro=1}->HttpConnection@6f5e315f[p=HttpParser{s=END,0 of -1},g=HttpGenerator@53f8fbb9{s=START}]=>HttpChannelOverHttp@bb1b4c9{s=HttpChannelState@34a019a9{s=HANDLING rs=BLOCKING os=OPEN is=IDLE awp=false se=false i=true al=0},r=1,c=false/false,a=HANDLING,uri=//localhost:8080/api/v0/components/provision-adapters/jobs/01bd8171-c219-47a1-b831-c1aa538629c9,age=3} parsed false HttpParser{s=END,0 of -1}
13:19:05.315 [qtp1834758074-127] DEBUG org.eclipse.jetty.server.HttpConnection - releaseRequestBuffer HttpConnection@6f5e315f::NetworkTrafficSocketChannelEndPoint@3ef04d40{/127.0.0.1:65047<->/127.0.0.1:8080,OPEN,fill=-,flush=-,to=2/30000}{io=1/0,kio=1,kro=1}->HttpConnection@6f5e315f[p=HttpParser{s=END,0 of -1},g=HttpGenerator@53f8fbb9{s=START}]=>HttpChannelOverHttp@bb1b4c9{s=HttpChannelState@34a019a9{s=HANDLING rs=BLOCKING os=OPEN is=IDLE awp=false se=false i=true al=0},r=1,c=false/false,a=HANDLING,uri=//localhost:8080/api/v0/components/provision-adapters/jobs/01bd8171-c219-47a1-b831-c1aa538629c9,age=3}
13:19:05.315 [qtp1834758074-127] DEBUG org.eclipse.jetty.server.HttpChannelState - onEof HttpChannelState@34a019a9{s=HANDLING rs=BLOCKING os=OPEN is=IDLE awp=false se=false i=true al=0}
13:19:05.320 [qtp1834758074-121] DEBUG org.eclipse.jetty.util.thread.ReservedThreadExecutor - ReservedThreadExecutor@62506fd7{s=0/1,p=1}@4a377f50 task=EatWhatYouKill@4b368586/SelectorProducer@15142a30/IDLE/p=true/QueuedThreadPool[qtp1834758074]@6d5c2fba{STARTED,8<=8<=14,i=1,r=1,q=0}[ReservedThreadExecutor@62506fd7{s=0/1,p=1}][pc=0,pic=0,pec=1,epc=2]@2020-09-25T13:19:05.3209205+02:00
13:19:05.320 [qtp1834758074-121] DEBUG org.eclipse.jetty.util.thread.strategy.EatWhatYouKill - EatWhatYouKill@4b368586/SelectorProducer@15142a30/IDLE/p=true/QueuedThreadPool[qtp1834758074]@6d5c2fba{STARTED,8<=8<=14,i=1,r=1,q=0}[ReservedThreadExecutor@62506fd7{s=0/1,p=1}][pc=0,pic=0,pec=1,epc=2]@2020-09-25T13:19:05.3209205+02:00 tryProduce true
13:19:05.320 [qtp1834758074-121] DEBUG org.eclipse.jetty.io.ManagedSelector - updateable 0
13:19:05.320 [qtp1834758074-121] DEBUG org.eclipse.jetty.io.ManagedSelector - updates 0
13:19:05.320 [qtp1834758074-121] DEBUG org.eclipse.jetty.io.ChannelEndPoint - Key interests updated 1 -> 0 on NetworkTrafficSocketChannelEndPoint@3ef04d40{/127.0.0.1:65047<->/127.0.0.1:8080,OPEN,fill=-,flush=-,to=7/30000}{io=0/0,kio=0,kro=1}->HttpConnection@6f5e315f[p=HttpParser{s=END,0 of -1},g=HttpGenerator@53f8fbb9{s=START}]=>HttpChannelOverHttp@bb1b4c9{s=HttpChannelState@34a019a9{s=HANDLING rs=BLOCKING os=OPEN is=READY awp=false se=false i=true al=0},r=1,c=false/false,a=HANDLING,uri=//localhost:8080/api/v0/components/provision-adapters/jobs/01bd8171-c219-47a1-b831-c1aa538629c9,age=8}
13:19:05.320 [qtp1834758074-121] DEBUG org.eclipse.jetty.io.ManagedSelector - Selector sun.nio.ch.WindowsSelectorImpl@51086512 waiting with 2 keys
13:19:05.320 [qtp1834758074-122] DEBUG org.eclipse.jetty.util.thread.QueuedThreadPool - run ReservedThreadExecutor@62506fd7{s=0/1,p=1}@71945073 in QueuedThreadPool[qtp1834758074]@6d5c2fba{STARTED,8<=8<=14,i=1,r=1,q=0}[ReservedThreadExecutor@62506fd7{s=0/1,p=1}]
13:19:05.320 [qtp1834758074-122] DEBUG org.eclipse.jetty.util.thread.ReservedThreadExecutor - ReservedThreadExecutor@62506fd7{s=1/1,p=1}@71945073 started
13:19:05.320 [qtp1834758074-122] DEBUG org.eclipse.jetty.util.thread.ReservedThreadExecutor - ReservedThreadExecutor@62506fd7{s=1/1,p=0}@71945073 waiting
13:19:07.310 [reactor-http-nio-4] WARN reactor.netty.http.client.HttpClientConnect - [id: 0x019b22ad, L:/127.0.0.1:65047 - R:localhost/127.0.0.1:8080] The connection observed an error
io.netty.handler.timeout.ReadTimeoutException: null
13:19:07.311 [reactor-http-nio-4] DEBUG org.springframework.web.reactive.function.client.ExchangeFunctions - [2d9caf69] Cancel signal (to close connection)
13:19:07.318 [reactor-http-nio-4] DEBUG reactor.netty.resources.PooledConnectionProvider - [id: 0x019b22ad, L:/127.0.0.1:65047 ! R:localhost/127.0.0.1:8080] Channel closed, now 0 active connections and 0 inactive connections
13:19:07.318 [Test worker] DEBUG org.eclipse.jetty.util.component.AbstractLifeCycle - stopping Server@2823e022{STARTED}[9.4.28.v20200408]
13:19:07.318 [Test worker] DEBUG org.eclipse.jetty.server.Server - doStop Server@2823e022{STOPPING}[9.4.28.v20200408]
13:19:07.318 [reactor-http-nio-4] DEBUG reactor.netty.ReactorNetty - [id: 0x019b22ad, L:/127.0.0.1:65047 ! R:localhost/127.0.0.1:8080] Non Removed handler: ReadTimeoutHandler, context: ChannelHandlerContext(ReadTimeoutHandler, [id: 0x019b22ad, L:/127.0.0.1:65047 ! R:localhost/127.0.0.1:8080]), pipeline: DefaultChannelPipeline{(reactor.left.httpCodec = io.netty.handler.codec.http.HttpClientCodec), (ReadTimeoutHandler = io.netty.handler.timeout.ReadTimeoutHandler), (WriteTimeoutHandler = io.netty.handler.timeout.WriteTimeoutHandler), (reactor.right.reactiveBridge = reactor.netty.channel.ChannelOperationsHandler)}
13:19:07.318 [reactor-http-nio-4] DEBUG reactor.netty.ReactorNetty - [id: 0x019b22ad, L:/127.0.0.1:65047 ! R:localhost/127.0.0.1:8080] Non Removed handler: WriteTimeoutHandler, context: ChannelHandlerContext(WriteTimeoutHandler, [id: 0x019b22ad, L:/127.0.0.1:65047 ! R:localhost/127.0.0.1:8080]), pipeline: DefaultChannelPipeline{(reactor.left.httpCodec = io.netty.handler.codec.http.HttpClientCodec), (ReadTimeoutHandler = io.netty.handler.timeout.ReadTimeoutHandler), (WriteTimeoutHandler = io.netty.handler.timeout.WriteTimeoutHandler), (reactor.right.reactiveBridge = reactor.netty.channel.ChannelOperationsHandler)}
13:19:07.319 [Test worker] DEBUG org.eclipse.jetty.util.component.AbstractLifeCycle - stopping NetworkTrafficServerConnector@301fffd7{HTTP/1.1, (http/1.1)}{0.0.0.0:8080}
13:19:07.319 [reactor-http-nio-4] DEBUG reactor.netty.resources.PooledConnectionProvider - [id: 0x019b22ad, L:/127.0.0.1:65047 ! R:localhost/127.0.0.1:8080] onStateChange(GET{uri=/api/v0/components/provision-adapters/jobs/01bd8171-c219-47a1-b831-c1aa538629c9, connection=PooledConnection{channel=[id: 0x019b22ad, L:/127.0.0.1:65047 ! R:localhost/127.0.0.1:8080]}}, [disconnecting])
13:19:07.319 [Test worker] DEBUG org.eclipse.jetty.util.component.AbstractLifeCycle - stopping SelectorManager@NetworkTrafficServerConnector@301fffd7{HTTP/1.1, (http/1.1)}{0.0.0.0:8080}
13:19:07.319 [Test worker] DEBUG org.eclipse.jetty.util.component.AbstractLifeCycle - stopping ManagedSelector@66c94438{STARTED} id=1 keys=2 selected=0 updates=0
13:19:07.319 [Test worker] DEBUG org.eclipse.jetty.io.ManagedSelector - Queued change org.eclipse.jetty.io.ManagedSelector$CloseConnections@523b950c on ManagedSelector@66c94438{STOPPING} id=1 keys=2 selected=0 updates=0
13:19:07.319 [Test worker] DEBUG org.eclipse.jetty.io.ManagedSelector - Wakeup on submit ManagedSelector@66c94438{STOPPING} id=1 keys=2 selected=0 updates=1
13:19:07.319 [qtp1834758074-125] DEBUG org.eclipse.jetty.util.thread.QueuedThreadPool - ran qtp1834758074-125-acceptor-2@66507263-NetworkTrafficServerConnector@301fffd7{HTTP/1.1, (http/1.1)}{0.0.0.0:8080} in QueuedThreadPool[qtp1834758074]@6d5c2fba{STARTED,8<=8<=14,i=1,r=1,q=0}[ReservedThreadExecutor@62506fd7{s=1/1,p=0}]
13:19:07.319 [qtp1834758074-121] DEBUG org.eclipse.jetty.io.ManagedSelector - Selector sun.nio.ch.WindowsSelectorImpl@51086512 woken with none selected
13:19:07.319 [qtp1834758074-121] DEBUG org.eclipse.jetty.io.ManagedSelector - Selector sun.nio.ch.WindowsSelectorImpl@51086512 woken up from select, 0/0/2 selected
13:19:07.319 [qtp1834758074-121] DEBUG org.eclipse.jetty.io.ManagedSelector - Selector sun.nio.ch.WindowsSelectorImpl@51086512 processing 0 keys, 1 updates
13:19:07.319 [qtp1834758074-121] DEBUG org.eclipse.jetty.io.ManagedSelector - updateable 1
13:19:07.319 [qtp1834758074-121] DEBUG org.eclipse.jetty.io.ManagedSelector - update org.eclipse.jetty.io.ManagedSelector$CloseConnections@523b950c
13:19:07.319 [qtp1834758074-121] DEBUG org.eclipse.jetty.io.ManagedSelector - Closing 2 connections on ManagedSelector@66c94438{STOPPING} id=1 keys=2 selected=0 updates=0
13:19:07.319 [qtp1834758074-121] DEBUG org.eclipse.jetty.io.AbstractEndPoint - close NetworkTrafficSocketChannelEndPoint@3ef04d40{/127.0.0.1:65047<->/127.0.0.1:8080,OPEN,fill=-,flush=-,to=2006/30000}{io=0/0,kio=0,kro=1}->HttpConnection@6f5e315f[p=HttpParser{s=END,0 of -1},g=HttpGenerator@53f8fbb9{s=START}]=>HttpChannelOverHttp@bb1b4c9{s=HttpChannelState@34a019a9{s=HANDLING rs=BLOCKING os=OPEN is=READY awp=false se=false i=true al=0},r=1,c=false/false,a=HANDLING,uri=//localhost:8080/api/v0/components/provision-adapters/jobs/01bd8171-c219-47a1-b831-c1aa538629c9,age=2007}
13:19:07.320 [qtp1834758074-121] DEBUG org.eclipse.jetty.io.AbstractEndPoint - close(null) NetworkTrafficSocketChannelEndPoint@3ef04d40{/127.0.0.1:65047<->/127.0.0.1:8080,OPEN,fill=-,flush=-,to=2007/30000}{io=0/0,kio=0,kro=1}->HttpConnection@6f5e315f[p=HttpParser{s=END,0 of -1},g=HttpGenerator@53f8fbb9{s=START}]=>HttpChannelOverHttp@bb1b4c9{s=HttpChannelState@34a019a9{s=HANDLING rs=BLOCKING os=OPEN is=READY awp=false se=false i=true al=0},r=1,c=false/false,a=HANDLING,uri=//localhost:8080/api/v0/components/provision-adapters/jobs/01bd8171-c219-47a1-b831-c1aa538629c9,age=2008}
13:19:07.320 [qtp1834758074-121] DEBUG org.eclipse.jetty.io.ChannelEndPoint - doClose NetworkTrafficSocketChannelEndPoint@3ef04d40{/127.0.0.1:65047<->/127.0.0.1:8080,CLOSED,fill=-,flush=-,to=2007/30000}{io=0/0,kio=0,kro=1}->HttpConnection@6f5e315f[p=HttpParser{s=END,0 of -1},g=HttpGenerator@53f8fbb9{s=START}]=>HttpChannelOverHttp@bb1b4c9{s=HttpChannelState@34a019a9{s=HANDLING rs=BLOCKING os=OPEN is=READY awp=false se=false i=true al=0},r=1,c=false/false,a=HANDLING,uri=//localhost:8080/api/v0/components/provision-adapters/jobs/01bd8171-c219-47a1-b831-c1aa538629c9,age=2008}
13:19:07.320 [qtp1834758074-121] DEBUG org.eclipse.jetty.io.FillInterest - onClose FillInterest@55e90af3{null}
13:19:07.320 [qtp1834758074-121] DEBUG org.eclipse.jetty.io.ManagedSelector - Wakeup ManagedSelector@66c94438{STOPPING} id=1 keys=2 selected=0 updates=0
13:19:07.320 [qtp1834758074-121] DEBUG org.eclipse.jetty.util.thread.QueuedThreadPool - queue org.eclipse.jetty.io.ManagedSelector$DestroyEndPoint@1b9c9ec6 startThread=0
13:19:07.320 [qtp1834758074-126] DEBUG org.eclipse.jetty.util.thread.QueuedThreadPool - run org.eclipse.jetty.io.ManagedSelector$DestroyEndPoint@1b9c9ec6 in QueuedThreadPool[qtp1834758074]@6d5c2fba{STARTED,8<=8<=14,i=1,r=1,q=0}[ReservedThreadExecutor@62506fd7{s=1/1,p=0}]
13:19:07.320 [qtp1834758074-121] DEBUG org.eclipse.jetty.io.AbstractEndPoint - close NetworkTrafficSocketChannelEndPoint@6e7faa4f{/127.0.0.1:65043<->/127.0.0.1:8080,OPEN,fill=FI,flush=-,to=9855/30000}{io=1/1,kio=1,kro=1}->HttpConnection@32bbb866[p=HttpParser{s=START,0 of -1},g=HttpGenerator@10ee8008{s=START}]=>HttpChannelOverHttp@6487c13f{s=HttpChannelState@218543cb{s=IDLE rs=BLOCKING os=OPEN is=IDLE awp=false se=false i=true al=0},r=1,c=false/false,a=IDLE,uri=null,age=0}
13:19:07.320 [qtp1834758074-121] DEBUG org.eclipse.jetty.io.AbstractEndPoint - close(null) NetworkTrafficSocketChannelEndPoint@6e7faa4f{/127.0.0.1:65043<->/127.0.0.1:8080,OPEN,fill=FI,flush=-,to=9855/30000}{io=1/1,kio=1,kro=1}->HttpConnection@32bbb866[p=HttpParser{s=START,0 of -1},g=HttpGenerator@10ee8008{s=START}]=>HttpChannelOverHttp@6487c13f{s=HttpChannelState@218543cb{s=IDLE rs=BLOCKING os=OPEN is=IDLE awp=false se=false i=true al=0},r=1,c=false/false,a=IDLE,uri=null,age=0}
13:19:07.320 [qtp1834758074-121] DEBUG org.eclipse.jetty.io.ChannelEndPoint - doClose NetworkTrafficSocketChannelEndPoint@6e7faa4f{/127.0.0.1:65043<->/127.0.0.1:8080,CLOSED,fill=FI,flush=-,to=9855/30000}{io=1/1,kio=1,kro=1}->HttpConnection@32bbb866[p=HttpParser{s=START,0 of -1},g=HttpGenerator@10ee8008{s=START}]=>HttpChannelOverHttp@6487c13f{s=HttpChannelState@218543cb{s=IDLE rs=BLOCKING os=OPEN is=IDLE awp=false se=false i=true al=0},r=1,c=false/false,a=IDLE,uri=null,age=0}
13:19:07.320 [qtp1834758074-126] DEBUG org.eclipse.jetty.io.ManagedSelector - Destroyed NetworkTrafficSocketChannelEndPoint@3ef04d40{/127.0.0.1:65047<->/127.0.0.1:8080,CLOSED,fill=-,flush=-,to=2007/30000}{io=0/0,kio=-1,kro=-1}->HttpConnection@6f5e315f[p=HttpParser{s=END,0 of -1},g=HttpGenerator@53f8fbb9{s=START}]=>HttpChannelOverHttp@bb1b4c9{s=HttpChannelState@34a019a9{s=HANDLING rs=BLOCKING os=OPEN is=READY awp=false se=false i=true al=0},r=1,c=false/false,a=HANDLING,uri=//localhost:8080/api/v0/components/provision-adapters/jobs/01bd8171-c219-47a1-b831-c1aa538629c9,age=2008}
13:19:07.321 [qtp1834758074-121] DEBUG org.eclipse.jetty.io.FillInterest - onClose FillInterest@4a3a2513{AC.ReadCB@32bbb866{HttpConnection@32bbb866::NetworkTrafficSocketChannelEndPoint@6e7faa4f{/127.0.0.1:65043<->/127.0.0.1:8080,CLOSED,fill=FI,flush=-,to=9855/30000}{io=1/1,kio=-1,kro=-1}->HttpConnection@32bbb866[p=HttpParser{s=START,0 of -1},g=HttpGenerator@10ee8008{s=START}]=>HttpChannelOverHttp@6487c13f{s=HttpChannelState@218543cb{s=IDLE rs=BLOCKING os=OPEN is=IDLE awp=false se=false i=true al=0},r=1,c=false/false,a=IDLE,uri=null,age=0}}}
13:19:07.321 [qtp1834758074-121] DEBUG org.eclipse.jetty.http.HttpParser - close HttpParser{s=START,0 of -1}
13:19:07.321 [qtp1834758074-121] DEBUG org.eclipse.jetty.http.HttpParser - START --> CLOSE
13:19:07.321 [qtp1834758074-121] DEBUG org.eclipse.jetty.io.AbstractConnection - HttpConnection@32bbb866::NetworkTrafficSocketChannelEndPoint@6e7faa4f{/127.0.0.1:65043<->/127.0.0.1:8080,CLOSED,fill=-,flush=-,to=9856/30000}{io=1/1,kio=-1,kro=-1}->HttpConnection@32bbb866[p=HttpParser{s=CLOSE,0 of -1},g=HttpGenerator@10ee8008{s=START}]=>HttpChannelOverHttp@6487c13f{s=HttpChannelState@218543cb{s=IDLE rs=BLOCKING os=OPEN is=IDLE awp=false se=false i=true al=0},r=1,c=false/false,a=IDLE,uri=null,age=0} onFillInterestedFailed {}
13:19:07.321 [qtp1834758074-121] DEBUG org.eclipse.jetty.io.ManagedSelector - Wakeup ManagedSelector@66c94438{STOPPING} id=1 keys=2 selected=0 updates=0
13:19:07.321 [qtp1834758074-121] DEBUG org.eclipse.jetty.util.thread.QueuedThreadPool - queue org.eclipse.jetty.io.ManagedSelector$DestroyEndPoint@412c0d28 startThread=0
13:19:07.321 [qtp1834758074-121] DEBUG org.eclipse.jetty.io.ManagedSelector - updates 0
13:19:07.321 [qtp1834758074-121] DEBUG org.eclipse.jetty.io.ManagedSelector - Selector sun.nio.ch.WindowsSelectorImpl@51086512 waiting with 2 keys
13:19:07.321 [qtp1834758074-125] DEBUG org.eclipse.jetty.util.thread.QueuedThreadPool - run org.eclipse.jetty.io.ManagedSelector$DestroyEndPoint@412c0d28 in QueuedThreadPool[qtp1834758074]@6d5c2fba{STARTED,8<=8<=14,i=0,r=1,q=0}[ReservedThreadExecutor@62506fd7{s=1/1,p=0}]
13:19:07.321 [qtp1834758074-125] DEBUG org.eclipse.jetty.io.ManagedSelector - Destroyed NetworkTrafficSocketChannelEndPoint@6e7faa4f{/127.0.0.1:65043<->/127.0.0.1:8080,CLOSED,fill=-,flush=-,to=9856/30000}{io=1/1,kio=-1,kro=-1}->HttpConnection@32bbb866[p=HttpParser{s=CLOSE,0 of -1},g=HttpGenerator@10ee8008{s=START}]=>HttpChannelOverHttp@6487c13f{s=HttpChannelState@218543cb{s=IDLE rs=BLOCKING os=OPEN is=IDLE awp=false se=false i=true al=0},r=1,c=false/false,a=IDLE,uri=null,age=0}
13:19:07.321 [qtp1834758074-125] DEBUG org.eclipse.jetty.io.AbstractConnection - onClose HttpConnection@32bbb866::NetworkTrafficSocketChannelEndPoint@6e7faa4f{/127.0.0.1:65043<->/127.0.0.1:8080,CLOSED,fill=-,flush=-,to=9856/30000}{io=1/1,kio=-1,kro=-1}->HttpConnection@32bbb866[p=HttpParser{s=CLOSE,0 of -1},g=HttpGenerator@10ee8008{s=START}]=>HttpChannelOverHttp@6487c13f{s=HttpChannelState@218543cb{s=IDLE rs=BLOCKING os=OPEN is=IDLE awp=false se=false i=true al=0},r=1,c=false/false,a=IDLE,uri=null,age=0}
13:19:07.321 [qtp1834758074-125] DEBUG org.eclipse.jetty.util.thread.QueuedThreadPool - ran org.eclipse.jetty.io.ManagedSelector$DestroyEndPoint@412c0d28 in QueuedThreadPool[qtp1834758074]@6d5c2fba{STARTED,8<=8<=14,i=0,r=1,q=0}[ReservedThreadExecutor@62506fd7{s=1/1,p=0}]
13:19:07.321 [qtp1834758074-126] DEBUG org.eclipse.jetty.io.AbstractConnection - onClose HttpConnection@6f5e315f::NetworkTrafficSocketChannelEndPoint@3ef04d40{/127.0.0.1:65047<->/127.0.0.1:8080,CLOSED,fill=-,flush=-,to=2008/30000}{io=0/0,kio=-1,kro=-1}->HttpConnection@6f5e315f[p=HttpParser{s=END,0 of -1},g=HttpGenerator@53f8fbb9{s=START}]=>HttpChannelOverHttp@bb1b4c9{s=HttpChannelState@34a019a9{s=HANDLING rs=BLOCKING os=OPEN is=READY awp=false se=false i=true al=0},r=1,c=false/false,a=HANDLING,uri=//localhost:8080/api/v0/components/provision-adapters/jobs/01bd8171-c219-47a1-b831-c1aa538629c9,age=2009}
13:19:07.321 [qtp1834758074-126] DEBUG org.eclipse.jetty.util.thread.QueuedThreadPool - ran org.eclipse.jetty.io.ManagedSelector$DestroyEndPoint@1b9c9ec6 in QueuedThreadPool[qtp1834758074]@6d5c2fba{STARTED,8<=8<=14,i=1,r=1,q=0}[ReservedThreadExecutor@62506fd7{s=1/1,p=0}]
13:19:07.322 [Test worker] DEBUG org.eclipse.jetty.io.ManagedSelector - Queued change org.eclipse.jetty.io.ManagedSelector$StopSelector@371d3642 on ManagedSelector@66c94438{STOPPING} id=1 keys=0 selected=0 updates=0
13:19:07.322 [Test worker] DEBUG org.eclipse.jetty.io.ManagedSelector - Wakeup on submit ManagedSelector@66c94438{STOPPING} id=1 keys=0 selected=0 updates=1
13:19:07.322 [qtp1834758074-121] DEBUG org.eclipse.jetty.io.ManagedSelector - Selector sun.nio.ch.WindowsSelectorImpl@51086512 woken with none selected
13:19:07.322 [qtp1834758074-121] DEBUG org.eclipse.jetty.io.ManagedSelector - Selector sun.nio.ch.WindowsSelectorImpl@51086512 woken up from select, 0/0/0 selected
13:19:07.322 [qtp1834758074-121] DEBUG org.eclipse.jetty.io.ManagedSelector - Selector sun.nio.ch.WindowsSelectorImpl@51086512 processing 0 keys, 1 updates
13:19:07.322 [qtp1834758074-121] DEBUG org.eclipse.jetty.io.ManagedSelector - updateable 1
13:19:07.322 [qtp1834758074-121] DEBUG org.eclipse.jetty.io.ManagedSelector - update org.eclipse.jetty.io.ManagedSelector$StopSelector@371d3642
13:19:07.322 [qtp1834758074-121] DEBUG org.eclipse.jetty.io.ManagedSelector - updates 0
13:19:07.322 [qtp1834758074-121] DEBUG org.eclipse.jetty.util.thread.ReservedThreadExecutor - ReservedThreadExecutor@62506fd7{s=1/1,p=0}@4a377f50 size 1 > capacity
13:19:07.322 [qtp1834758074-121] DEBUG org.eclipse.jetty.util.thread.QueuedThreadPool - ran ReservedThreadExecutor@62506fd7{s=1/1,p=0}@4a377f50 in QueuedThreadPool[qtp1834758074]@6d5c2fba{STARTED,8<=8<=14,i=2,r=1,q=0}[ReservedThreadExecutor@62506fd7{s=1/1,p=0}]
13:19:07.322 [Test worker] DEBUG org.eclipse.jetty.util.component.AbstractLifeCycle - stopping EatWhatYouKill@4b368586/SelectorProducer@15142a30/IDLE/p=false/QueuedThreadPool[qtp1834758074]@6d5c2fba{STARTED,8<=8<=14,i=3,r=1,q=0}[ReservedThreadExecutor@62506fd7{s=1/1,p=0}][pc=0,pic=0,pec=1,epc=2]@2020-09-25T13:19:07.3222395+02:00
13:19:07.322 [Test worker] DEBUG org.eclipse.jetty.util.component.AbstractLifeCycle - STOPPED EatWhatYouKill@4b368586/SelectorProducer@15142a30/IDLE/p=false/QueuedThreadPool[qtp1834758074]@6d5c2fba{STARTED,8<=8<=14,i=3,r=1,q=0}[ReservedThreadExecutor@62506fd7{s=1/1,p=0}][pc=0,pic=0,pec=1,epc=2]@2020-09-25T13:19:07.3222395+02:00
13:19:07.322 [Test worker] DEBUG org.eclipse.jetty.util.component.AbstractLifeCycle - STOPPED ManagedSelector@66c94438{STOPPED} id=1 keys=-1 selected=-1 updates=0
13:19:07.322 [Test worker] DEBUG org.eclipse.jetty.util.component.AbstractLifeCycle - stopping ManagedSelector@59551159{STARTED} id=0 keys=0 selected=0 updates=0
13:19:07.322 [Test worker] DEBUG org.eclipse.jetty.io.ManagedSelector - Queued change org.eclipse.jetty.io.ManagedSelector$CloseConnections@7fb2202f on ManagedSelector@59551159{STOPPING} id=0 keys=0 selected=0 updates=0
13:19:07.322 [Test worker] DEBUG org.eclipse.jetty.io.ManagedSelector - Wakeup on submit ManagedSelector@59551159{STOPPING} id=0 keys=0 selected=0 updates=1
13:19:07.323 [qtp1834758074-128] DEBUG org.eclipse.jetty.io.ManagedSelector - Selector sun.nio.ch.WindowsSelectorImpl@40883a69 woken with none selected
13:19:07.323 [qtp1834758074-128] DEBUG org.eclipse.jetty.io.ManagedSelector - Selector sun.nio.ch.WindowsSelectorImpl@40883a69 woken up from select, 0/0/0 selected
13:19:07.323 [qtp1834758074-128] DEBUG org.eclipse.jetty.io.ManagedSelector - Selector sun.nio.ch.WindowsSelectorImpl@40883a69 processing 0 keys, 1 updates
13:19:07.323 [qtp1834758074-128] DEBUG org.eclipse.jetty.io.ManagedSelector - updateable 1
13:19:07.323 [qtp1834758074-128] DEBUG org.eclipse.jetty.io.ManagedSelector - update org.eclipse.jetty.io.ManagedSelector$CloseConnections@7fb2202f
13:19:07.323 [qtp1834758074-128] DEBUG org.eclipse.jetty.io.ManagedSelector - Closing 0 connections on ManagedSelector@59551159{STOPPING} id=0 keys=0 selected=0 updates=0
13:19:07.323 [qtp1834758074-128] DEBUG org.eclipse.jetty.io.ManagedSelector - updates 0
13:19:07.323 [qtp1834758074-128] DEBUG org.eclipse.jetty.io.ManagedSelector - Selector sun.nio.ch.WindowsSelectorImpl@40883a69 waiting with 0 keys
13:19:07.323 [Test worker] DEBUG org.eclipse.jetty.io.ManagedSelector - Queued change org.eclipse.jetty.io.ManagedSelector$StopSelector@213ce0b9 on ManagedSelector@59551159{STOPPING} id=0 keys=0 selected=0 updates=0
13:19:07.323 [Test worker] DEBUG org.eclipse.jetty.io.ManagedSelector - Wakeup on submit ManagedSelector@59551159{STOPPING} id=0 keys=0 selected=0 updates=1
13:19:07.323 [qtp1834758074-128] DEBUG org.eclipse.jetty.io.ManagedSelector - Selector sun.nio.ch.WindowsSelectorImpl@40883a69 woken with none selected
13:19:07.323 [qtp1834758074-128] DEBUG org.eclipse.jetty.io.ManagedSelector - Selector sun.nio.ch.WindowsSelectorImpl@40883a69 woken up from select, 0/0/0 selected
13:19:07.323 [qtp1834758074-128] DEBUG org.eclipse.jetty.io.ManagedSelector - Selector sun.nio.ch.WindowsSelectorImpl@40883a69 processing 0 keys, 1 updates
13:19:07.323 [qtp1834758074-128] DEBUG org.eclipse.jetty.io.ManagedSelector - updateable 1
13:19:07.323 [qtp1834758074-128] DEBUG org.eclipse.jetty.io.ManagedSelector - update org.eclipse.jetty.io.ManagedSelector$StopSelector@213ce0b9
13:19:07.323 [qtp1834758074-128] DEBUG org.eclipse.jetty.io.ManagedSelector - updates 0
13:19:07.323 [qtp1834758074-128] DEBUG org.eclipse.jetty.util.thread.ReservedThreadExecutor - ReservedThreadExecutor@62506fd7{s=1/1,p=0}@cc05d41 size 1 > capacity
13:19:07.323 [qtp1834758074-128] DEBUG org.eclipse.jetty.util.thread.QueuedThreadPool - ran ReservedThreadExecutor@62506fd7{s=1/1,p=0}@cc05d41 in QueuedThreadPool[qtp1834758074]@6d5c2fba{STARTED,8<=8<=14,i=3,r=1,q=0}[ReservedThreadExecutor@62506fd7{s=1/1,p=0}]
13:19:07.323 [Test worker] DEBUG org.eclipse.jetty.util.component.AbstractLifeCycle - stopping EatWhatYouKill@3eac1a1a/SelectorProducer@1b3d1278/IDLE/p=false/QueuedThreadPool[qtp1834758074]@6d5c2fba{STARTED,8<=8<=14,i=4,r=1,q=0}[ReservedThreadExecutor@62506fd7{s=1/1,p=0}][pc=0,pic=0,pec=0,epc=2]@2020-09-25T13:19:07.3232421+02:00
13:19:07.324 [Test worker] DEBUG org.eclipse.jetty.util.component.AbstractLifeCycle - STOPPED EatWhatYouKill@3eac1a1a/SelectorProducer@1b3d1278/IDLE/p=false/QueuedThreadPool[qtp1834758074]@6d5c2fba{STARTED,8<=8<=14,i=4,r=1,q=0}[ReservedThreadExecutor@62506fd7{s=1/1,p=0}][pc=0,pic=0,pec=0,epc=2]@2020-09-25T13:19:07.3242418+02:00
13:19:07.324 [Test worker] DEBUG org.eclipse.jetty.util.component.AbstractLifeCycle - STOPPED ManagedSelector@59551159{STOPPED} id=0 keys=-1 selected=-1 updates=0
13:19:07.324 [Test worker] DEBUG org.eclipse.jetty.util.component.AbstractLifeCycle - STOPPED SelectorManager@NetworkTrafficServerConnector@301fffd7{HTTP/1.1, (http/1.1)}{0.0.0.0:8080}
13:19:07.324 [Test worker] DEBUG org.eclipse.jetty.util.component.AbstractLifeCycle - stopping HttpConnectionFactory@2aa43901[HTTP/1.1]
13:19:07.324 [Test worker] DEBUG org.eclipse.jetty.util.component.AbstractLifeCycle - STOPPED HttpConnectionFactory@2aa43901[HTTP/1.1]
13:19:07.324 [Test worker] DEBUG org.eclipse.jetty.util.component.AbstractLifeCycle - stopping ScheduledExecutorScheduler@70a2b06{STARTED}
13:19:07.324 [Test worker] DEBUG org.eclipse.jetty.util.component.AbstractLifeCycle - STOPPED ScheduledExecutorScheduler@70a2b06{STOPPED}
13:19:07.324 [Test worker] INFO org.eclipse.jetty.server.AbstractConnector - Stopped NetworkTrafficServerConnector@301fffd7{HTTP/1.1, (http/1.1)}{0.0.0.0:8080}
13:19:07.324 [Test worker] DEBUG org.eclipse.jetty.util.component.AbstractLifeCycle - STOPPED NetworkTrafficServerConnector@301fffd7{HTTP/1.1, (http/1.1)}{0.0.0.0:8080}
13:19:07.324 [Test worker] DEBUG org.eclipse.jetty.server.handler.AbstractHandler - stopping Server@2823e022{STOPPING}[9.4.28.v20200408]
13:19:07.324 [Test worker] DEBUG org.eclipse.jetty.util.component.AbstractLifeCycle - stopping ErrorHandler@12fb91e6{STARTED}
13:19:07.324 [Test worker] DEBUG org.eclipse.jetty.server.handler.AbstractHandler - stopping ErrorHandler@12fb91e6{STOPPING}
13:19:07.324 [Test worker] DEBUG org.eclipse.jetty.util.component.AbstractLifeCycle - STOPPED ErrorHandler@12fb91e6{STOPPED}
13:19:07.324 [Test worker] DEBUG org.eclipse.jetty.util.component.AbstractLifeCycle - stopping HandlerCollection@7f21ff59{STARTED}
13:19:07.324 [Test worker] DEBUG org.eclipse.jetty.server.handler.AbstractHandler - stopping HandlerCollection@7f21ff59{STOPPING}
13:19:07.324 [Test worker] DEBUG org.eclipse.jetty.util.component.AbstractLifeCycle - stopping GzipHandler@4d098ee1{STARTED,min=32,inflate=-1}
13:19:07.324 [Test worker] DEBUG org.eclipse.jetty.server.handler.AbstractHandler - stopping GzipHandler@4d098ee1{STOPPING,min=32,inflate=-1}
13:19:07.324 [Test worker] DEBUG org.eclipse.jetty.util.component.AbstractLifeCycle - stopping o.e.j.s.ServletContextHandler@62fe5902{/,null,SHUTDOWN}
13:19:07.324 [Test worker] DEBUG org.eclipse.jetty.server.handler.AbstractHandler - stopping o.e.j.s.ServletContextHandler@62fe5902{/,null,UNAVAILABLE}
13:19:07.324 [Test worker] DEBUG org.eclipse.jetty.util.component.AbstractLifeCycle - stopping NotFoundHandler@3f618bae{STARTED}
13:19:07.324 [Test worker] DEBUG org.eclipse.jetty.server.handler.AbstractHandler - stopping NotFoundHandler@3f618bae{STOPPING}
13:19:07.324 [Test worker] DEBUG org.eclipse.jetty.util.component.AbstractLifeCycle - STOPPED NotFoundHandler@3f618bae{STOPPED}
13:19:07.324 [Test worker] DEBUG org.eclipse.jetty.util.component.AbstractLifeCycle - stopping ServletHandler@339c62d8{STARTED}
13:19:07.324 [Test worker] DEBUG org.eclipse.jetty.server.handler.AbstractHandler - stopping ServletHandler@339c62d8{STOPPING}
13:19:07.324 [Test worker] DEBUG org.eclipse.jetty.util.component.AbstractLifeCycle - stopping org.eclipse.jetty.servlets.CrossOriginFilter-4c2e3189@4c2e3189==org.eclipse.jetty.servlets.CrossOriginFilter,inst=true,async=true
13:19:07.324 [Test worker] DEBUG org.eclipse.jetty.util.component.AbstractLifeCycle - STOPPED org.eclipse.jetty.servlets.CrossOriginFilter-4c2e3189@4c2e3189==org.eclipse.jetty.servlets.CrossOriginFilter,inst=false,async=true
13:19:07.324 [Test worker] DEBUG org.eclipse.jetty.util.component.AbstractLifeCycle - stopping com.github.tomakehurst.wiremock.servlet.TrailingSlashFilter-63703fed@63703fed==com.github.tomakehurst.wiremock.servlet.TrailingSlashFilter,inst=true,async=true
13:19:07.324 [Test worker] DEBUG org.eclipse.jetty.util.component.AbstractLifeCycle - STOPPED com.github.tomakehurst.wiremock.servlet.TrailingSlashFilter-63703fed@63703fed==com.github.tomakehurst.wiremock.servlet.TrailingSlashFilter,inst=false,async=true
13:19:07.324 [Test worker] DEBUG org.eclipse.jetty.util.component.AbstractLifeCycle - stopping com.github.tomakehurst.wiremock.servlet.ContentTypeSettingFilter-6f3ba438@6f3ba438==com.github.tomakehurst.wiremock.servlet.ContentTypeSettingFilter,inst=true,async=true
13:19:07.324 [Test worker] DEBUG org.eclipse.jetty.util.component.AbstractLifeCycle - STOPPED com.github.tomakehurst.wiremock.servlet.ContentTypeSettingFilter-6f3ba438@6f3ba438==com.github.tomakehurst.wiremock.servlet.ContentTypeSettingFilter,inst=false,async=true
13:19:07.324 [Test worker] DEBUG org.eclipse.jetty.util.component.AbstractLifeCycle - stopping com.github.tomakehurst.wiremock.servlet.WireMockHandlerDispatchingServlet-7aaabb79@66120c9a==com.github.tomakehurst.wiremock.servlet.WireMockHandlerDispatchingServlet,jsp=null,order=-1,inst=true,async=true
13:19:07.324 [Test worker] DEBUG org.eclipse.jetty.util.component.AbstractLifeCycle - STOPPED com.github.tomakehurst.wiremock.servlet.WireMockHandlerDispatchingServlet-7aaabb79@66120c9a==com.github.tomakehurst.wiremock.servlet.WireMockHandlerDispatchingServlet,jsp=null,order=-1,inst=false,async=true
13:19:07.324 [Test worker] DEBUG org.eclipse.jetty.util.component.AbstractLifeCycle - stopping org.eclipse.jetty.servlet.DefaultServlet-6a0cd973@4d01406e==org.eclipse.jetty.servlet.DefaultServlet,jsp=null,order=-1,inst=false,async=true
13:19:07.324 [Test worker] DEBUG org.eclipse.jetty.util.component.AbstractLifeCycle - STOPPED org.eclipse.jetty.servlet.DefaultServlet-6a0cd973@4d01406e==org.eclipse.jetty.servlet.DefaultServlet,jsp=null,order=-1,inst=false,async=true
13:19:07.324 [Test worker] DEBUG org.eclipse.jetty.util.component.AbstractLifeCycle - STOPPED ServletHandler@339c62d8{STOPPED}
13:19:07.324 [Test worker] INFO org.eclipse.jetty.server.handler.ContextHandler - Stopped o.e.j.s.ServletContextHandler@62fe5902{/,null,UNAVAILABLE}
13:19:07.325 [Test worker] DEBUG org.eclipse.jetty.util.component.AbstractLifeCycle - STOPPED o.e.j.s.ServletContextHandler@62fe5902{/,null,UNAVAILABLE}
13:19:07.325 [Test worker] DEBUG org.eclipse.jetty.util.component.AbstractLifeCycle - STOPPED GzipHandler@4d098ee1{STOPPED,min=32,inflate=-1}
13:19:07.325 [Test worker] DEBUG org.eclipse.jetty.util.component.AbstractLifeCycle - stopping o.e.j.s.ServletContextHandler@21c2f3c8{/__admin,null,SHUTDOWN}
13:19:07.325 [Test worker] DEBUG org.eclipse.jetty.server.handler.AbstractHandler - stopping o.e.j.s.ServletContextHandler@21c2f3c8{/__admin,null,UNAVAILABLE}
13:19:07.325 [Test worker] DEBUG org.eclipse.jetty.util.component.AbstractLifeCycle - stopping ServletHandler@38e805a0{STARTED}
13:19:07.325 [Test worker] DEBUG org.eclipse.jetty.server.handler.AbstractHandler - stopping ServletHandler@38e805a0{STOPPING}
13:19:07.325 [Test worker] DEBUG org.eclipse.jetty.util.component.AbstractLifeCycle - stopping org.eclipse.jetty.servlets.CrossOriginFilter-1de8942c@1de8942c==org.eclipse.jetty.servlets.CrossOriginFilter,inst=true,async=true
13:19:07.325 [Test worker] DEBUG org.eclipse.jetty.util.component.AbstractLifeCycle - STOPPED org.eclipse.jetty.servlets.CrossOriginFilter-1de8942c@1de8942c==org.eclipse.jetty.servlets.CrossOriginFilter,inst=false,async=true
13:19:07.326 [Test worker] DEBUG org.eclipse.jetty.util.component.AbstractLifeCycle - stopping com.github.tomakehurst.wiremock.servlet.WireMockHandlerDispatchingServlet-65554823@9907e3b2==com.github.tomakehurst.wiremock.servlet.WireMockHandlerDispatchingServlet,jsp=null,order=-1,inst=true,async=true
13:19:07.326 [Test worker] DEBUG org.eclipse.jetty.util.component.AbstractLifeCycle - STOPPED com.github.tomakehurst.wiremock.servlet.WireMockHandlerDispatchingServlet-65554823@9907e3b2==com.github.tomakehurst.wiremock.servlet.WireMockHandlerDispatchingServlet,jsp=null,order=-1,inst=false,async=true
13:19:07.326 [Test worker] DEBUG org.eclipse.jetty.util.component.AbstractLifeCycle - stopping org.eclipse.jetty.servlet.DefaultServlet-69bef335@5e774e14==org.eclipse.jetty.servlet.DefaultServlet,jsp=null,order=-1,inst=false,async=true
13:19:07.326 [Test worker] DEBUG org.eclipse.jetty.util.component.AbstractLifeCycle - STOPPED org.eclipse.jetty.servlet.DefaultServlet-69bef335@5e774e14==org.eclipse.jetty.servlet.DefaultServlet,jsp=null,order=-1,inst=false,async=true
13:19:07.326 [Test worker] DEBUG org.eclipse.jetty.util.component.AbstractLifeCycle - stopping org.eclipse.jetty.servlet.DefaultServlet-5f5417a4@f379f4e8==org.eclipse.jetty.servlet.DefaultServlet,jsp=null,order=-1,inst=false,async=true
13:19:07.326 [Test worker] DEBUG org.eclipse.jetty.util.component.AbstractLifeCycle - STOPPED org.eclipse.jetty.servlet.DefaultServlet-5f5417a4@f379f4e8==org.eclipse.jetty.servlet.DefaultServlet,jsp=null,order=-1,inst=false,async=true
13:19:07.326 [Test worker] DEBUG org.eclipse.jetty.util.component.AbstractLifeCycle - STOPPED ServletHandler@38e805a0{STOPPED}
13:19:07.326 [Test worker] INFO org.eclipse.jetty.server.handler.ContextHandler - Stopped o.e.j.s.ServletContextHandler@21c2f3c8{/__admin,null,UNAVAILABLE}
13:19:07.326 [Test worker] DEBUG org.eclipse.jetty.util.component.AbstractLifeCycle - STOPPED o.e.j.s.ServletContextHandler@21c2f3c8{/__admin,null,UNAVAILABLE}
13:19:07.326 [Test worker] DEBUG org.eclipse.jetty.util.component.AbstractLifeCycle - STOPPED HandlerCollection@7f21ff59{STOPPED}
13:19:07.326 [Test worker] DEBUG org.eclipse.jetty.util.component.AbstractLifeCycle - stopping QueuedThreadPool[qtp1834758074]@6d5c2fba{STARTED,8<=8<=14,i=4,r=1,q=0}[ReservedThreadExecutor@62506fd7{s=1/1,p=0}]
13:19:07.326 [Test worker] DEBUG org.eclipse.jetty.util.thread.QueuedThreadPool - Stopping QueuedThreadPool[qtp1834758074]@6d5c2fba{STOPPING,8<=8<=14,i=4,r=-1,q=0}[ReservedThreadExecutor@62506fd7{s=1/1,p=0}]
13:19:07.326 [Test worker] DEBUG org.eclipse.jetty.util.component.AbstractLifeCycle - stopping ReservedThreadExecutor@62506fd7{s=1/1,p=0}
13:19:07.326 [Test worker] DEBUG org.eclipse.jetty.util.thread.ReservedThreadExecutor - ReservedThreadExecutor@62506fd7{s=0/1,p=0}@71945073 offer STOP!
13:19:07.326 [Test worker] DEBUG org.eclipse.jetty.util.component.AbstractLifeCycle - STOPPED ReservedThreadExecutor@62506fd7{s=-1/1,p=0}
13:19:07.326 [Test worker] DEBUG org.eclipse.jetty.util.component.AbstractLifeCycle - STOPPED QueuedThreadPool[qtp1834758074]@6d5c2fba{STOPPED,8<=0<=14,i=4,r=-1,q=0}[NO_TRY]
13:19:07.326 [Test worker] DEBUG org.eclipse.jetty.util.component.AbstractLifeCycle - STOPPED Server@2823e022{STOPPED}[9.4.28.v20200408]
13:19:07.333 [qtp1834758074-122] DEBUG org.eclipse.jetty.util.thread.ReservedThreadExecutor - ReservedThreadExecutor@62506fd7{s=-1/1,p=0}@71945073 task=STOP!
13:19:07.333 [qtp1834758074-122] DEBUG org.eclipse.jetty.util.thread.ReservedThreadExecutor - ReservedThreadExecutor@62506fd7{s=-1/1,p=0}@71945073 Exited
13:19:07.333 [qtp1834758074-122] DEBUG org.eclipse.jetty.util.thread.QueuedThreadPool - ran ReservedThreadExecutor@62506fd7{s=-1/1,p=0}@71945073 in QueuedThreadPool[qtp1834758074]@6d5c2fba{STOPPED,8<=0<=14,i=4,r=-1,q=0}[NO_TRY]
13:19:07.333 [qtp1834758074-122] DEBUG org.eclipse.jetty.util.thread.QueuedThreadPool - Thread[qtp1834758074-122,5,main] exited for QueuedThreadPool[qtp1834758074]@6d5c2fba{STOPPED,8<=0<=14,i=4,r=-1,q=0}[NO_TRY]
13:19:07.358 [qtp1834758074-123] DEBUG org.eclipse.jetty.util.thread.QueuedThreadPool - ran qtp1834758074-123-acceptor-0@5d0eaa27-NetworkTrafficServerConnector@301fffd7{HTTP/1.1, (http/1.1)}{0.0.0.0:8080} in QueuedThreadPool[qtp1834758074]@6d5c2fba{STOPPED,8<=0<=14,i=4,r=-1,q=0}[NO_TRY]
13:19:07.358 [qtp1834758074-123] DEBUG org.eclipse.jetty.util.thread.QueuedThreadPool - Thread[qtp1834758074-123,5,main] exited for QueuedThreadPool[qtp1834758074]@6d5c2fba{STOPPED,8<=0<=14,i=4,r=-1,q=0}[NO_TRY]
13:19:07.360 [qtp1834758074-124] DEBUG org.eclipse.jetty.util.thread.QueuedThreadPool - ran qtp1834758074-124-acceptor-1@22eebd2b-NetworkTrafficServerConnector@301fffd7{HTTP/1.1, (http/1.1)}{0.0.0.0:8080} in QueuedThreadPool[qtp1834758074]@6d5c2fba{STOPPED,8<=0<=14,i=4,r=-1,q=0}[NO_TRY]
13:19:07.361 [qtp1834758074-124] DEBUG org.eclipse.jetty.util.thread.QueuedThreadPool - Thread[qtp1834758074-124,5,main] exited for QueuedThreadPool[qtp1834758074]@6d5c2fba{STOPPED,8<=0<=14,i=4,r=-1,q=0}[NO_TRY]
13:19:07.363 [Test worker] DEBUG org.eclipse.jetty.util.component.ContainerLifeCycle - Server@5cad5bc8{STOPPED}[9.4.28.v20200408] added {QueuedThreadPool[qtp1209070290]@4810f2d2{STOPPED,8<=0<=14,i=0,r=-1,q=0}[NO_TRY],AUTO}
13:19:07.364 [Test worker] DEBUG org.eclipse.jetty.util.component.ContainerLifeCycle - HttpConnectionFactory@16a0b7ee[HTTP/1.1] added {HttpConfiguration@235c0ad0{32768/8192,8192/8192,https://:0,[]},POJO}
13:19:07.364 [Test worker] DEBUG org.eclipse.jetty.util.component.ContainerLifeCycle - NetworkTrafficServerConnector@6c15ea0b{null, ()}{0.0.0.0:0} added {Server@5cad5bc8{STOPPED}[9.4.28.v20200408],UNMANAGED}
13:19:07.364 [Test worker] DEBUG org.eclipse.jetty.util.component.ContainerLifeCycle - NetworkTrafficServerConnector@6c15ea0b{null, ()}{0.0.0.0:0} added {QueuedThreadPool[qtp1209070290]@4810f2d2{STOPPED,8<=0<=14,i=0,r=-1,q=0}[NO_TRY],AUTO}
13:19:07.364 [Test worker] DEBUG org.eclipse.jetty.util.component.ContainerLifeCycle - NetworkTrafficServerConnector@6c15ea0b{null, ()}{0.0.0.0:0} added {ScheduledExecutorScheduler@5ad09f5a{STOPPED},AUTO}
13:19:07.364 [Test worker] DEBUG org.eclipse.jetty.util.component.ContainerLifeCycle - NetworkTrafficServerConnector@6c15ea0b{null, ()}{0.0.0.0:0} added {org.eclipse.jetty.io.ArrayByteBufferPool@49dc4c29,POJO}
13:19:07.364 [Test worker] DEBUG org.eclipse.jetty.util.component.ContainerLifeCycle - NetworkTrafficServerConnector@6c15ea0b{null, (http/1.1)}{0.0.0.0:0} added {HttpConnectionFactory@16a0b7ee[HTTP/1.1],AUTO}
13:19:07.364 [Test worker] DEBUG org.eclipse.jetty.server.AbstractConnector - NetworkTrafficServerConnector@6c15ea0b{HTTP/1.1, (http/1.1)}{0.0.0.0:0} added HttpConnectionFactory@16a0b7ee[HTTP/1.1]
13:19:07.364 [Test worker] DEBUG org.eclipse.jetty.util.component.ContainerLifeCycle - NetworkTrafficServerConnector@6c15ea0b{HTTP/1.1, (http/1.1)}{0.0.0.0:0} added {SelectorManager@NetworkTrafficServerConnector@6c15ea0b{HTTP/1.1, (http/1.1)}{0.0.0.0:0},MANAGED}
13:19:07.364 [Test worker] DEBUG org.eclipse.jetty.util.component.ContainerLifeCycle - Server@5cad5bc8{STOPPED}[9.4.28.v20200408] added {NetworkTrafficServerConnector@6c15ea0b{HTTP/1.1, (http/1.1)}{0.0.0.0:8080},AUTO}
13:19:07.364 [Test worker] DEBUG org.eclipse.jetty.util.component.ContainerLifeCycle - Server@5cad5bc8{STOPPED}[9.4.28.v20200408] added {o.e.j.s.ServletContextHandler@a15c548{/__admin,null,UNAVAILABLE},MANAGED}
13:19:07.365 [Test worker] DEBUG org.eclipse.jetty.util.DecoratedObjectFactory - Adding Decorator: org.eclipse.jetty.util.DeprecationWarning@491323b3
13:19:07.365 [Test worker] DEBUG org.eclipse.jetty.util.component.ContainerLifeCycle - o.e.j.s.ServletContextHandler@a15c548{/__admin,null,UNAVAILABLE} added {ServletHandler@17e75f84{STOPPED},MANAGED}
13:19:07.366 [Test worker] DEBUG org.eclipse.jetty.util.component.ContainerLifeCycle - Server@5cad5bc8{STOPPED}[9.4.28.v20200408] added {o.e.j.s.ServletContextHandler@56621157{/,null,UNAVAILABLE},MANAGED}
13:19:07.366 [Test worker] DEBUG org.eclipse.jetty.util.DecoratedObjectFactory - Adding Decorator: org.eclipse.jetty.util.DeprecationWarning@1c0ad0e4
13:19:07.366 [Test worker] DEBUG org.eclipse.jetty.util.component.ContainerLifeCycle - o.e.j.s.ServletContextHandler@56621157{/,null,UNAVAILABLE} added {ServletHandler@73a96801{STOPPED},MANAGED}
13:19:07.366 [Test worker] DEBUG org.eclipse.jetty.util.component.ContainerLifeCycle - o.e.j.s.ServletContextHandler@56621157{/,null,UNAVAILABLE} added {NotFoundHandler@ea435c7{STOPPED},MANAGED}
13:19:07.367 [Test worker] DEBUG org.eclipse.jetty.util.component.ContainerLifeCycle - HandlerCollection@2d47fdef{STOPPED} added {o.e.j.s.ServletContextHandler@a15c548{/__admin,null,UNAVAILABLE},AUTO}
13:19:07.368 [Test worker] DEBUG org.eclipse.jetty.http.pathmap.PathMappings - Added MappedResource[pathSpec=ServletPathSpec["*.svgz",pathDepth=0,group=SUFFIX_GLOB],resource=true] to PathMappings[size=1]
13:19:07.368 [Test worker] DEBUG org.eclipse.jetty.server.handler.gzip.GzipHandler - GzipHandler@36425b18{STOPPED,min=32,inflate=-1} mime types IncludeExclude@36a40d5{i=[],ip=CONTAINS,e=[image/ief, image/vnd.wap.wbmp, image/jpeg, application/bzip2, image/x-portable-graymap, application/brotli, image/bmp, image/gif, image/x-icon, audio/midi, video/x-msvideo, image/x-xbitmap, application/x-rar-compressed, image/x-portable-bitmap, image/x-rgb, image/x-cmu-raster, application/gzip, audio/x-wav, audio/x-pn-realaudio, audio/basic, application/compress, audio/x-aiff, video/x.ms.asx, video/x.ms.asf, image/png, video/vnd.rn-realvideo, image/x-xwindowdump, image/jpeg2000, video/x-sgi-movie, audio/mpeg, image/xcf, video/mpeg, image/x-portable-pixmap, image/tiff, image/x-portable-anymap, image/x-xpixmap, application/zip, video/quicktime, application/x-xz, video/mp4],ep=CONTAINS}
13:19:07.368 [Test worker] DEBUG org.eclipse.jetty.util.component.ContainerLifeCycle - GzipHandler@36425b18{STOPPED,min=32,inflate=-1} added {o.e.j.s.ServletContextHandler@56621157{/,null,UNAVAILABLE},MANAGED}
13:19:07.368 [Test worker] DEBUG org.eclipse.jetty.util.component.ContainerLifeCycle - HandlerCollection@2d47fdef{STOPPED} added {GzipHandler@36425b18{STOPPED,min=32,inflate=-1},AUTO}
13:19:07.368 [Test worker] DEBUG org.eclipse.jetty.util.component.ContainerLifeCycle - Server@5cad5bc8{STOPPED}[9.4.28.v20200408] added {HandlerCollection@2d47fdef{STOPPED},MANAGED}
13:19:07.368 [Test worker] DEBUG org.eclipse.jetty.util.component.AbstractLifeCycle - starting Server@5cad5bc8{STOPPED}[9.4.28.v20200408]
13:19:07.368 [Test worker] DEBUG org.eclipse.jetty.util.component.ContainerLifeCycle - Server@5cad5bc8{STARTING}[9.4.28.v20200408] added {ErrorHandler@16ced373{STOPPED},AUTO}
13:19:07.368 [Test worker] INFO org.eclipse.jetty.server.Server - jetty-9.4.28.v20200408; built: 2020-04-08T17:49:39.557Z; git: ab228fde9e55e9164c738d7fa121f8ac5acd51c9; jvm 11.0.2+9
13:19:07.368 [Test worker] DEBUG org.eclipse.jetty.server.handler.AbstractHandler - starting Server@5cad5bc8{STARTING}[9.4.28.v20200408]
13:19:07.368 [Test worker] DEBUG org.eclipse.jetty.util.component.AbstractLifeCycle - starting QueuedThreadPool[qtp1209070290]@4810f2d2{STOPPED,8<=0<=14,i=0,r=-1,q=0}[NO_TRY]
13:19:07.368 [Test worker] DEBUG org.eclipse.jetty.util.thread.ReservedThreadExecutor - ReservedThreadExecutor@4f4ecc0{s=0/1,p=0}
13:19:07.369 [Test worker] DEBUG org.eclipse.jetty.util.component.ContainerLifeCycle - QueuedThreadPool[qtp1209070290]@4810f2d2{STARTING,8<=0<=14,i=0,r=-1,q=0}[ReservedThreadExecutor@4f4ecc0{s=0/1,p=0}] added {ReservedThreadExecutor@4f4ecc0{s=0/1,p=0},AUTO}
13:19:07.369 [Test worker] DEBUG org.eclipse.jetty.util.component.AbstractLifeCycle - starting ReservedThreadExecutor@4f4ecc0{s=0/1,p=0}
13:19:07.369 [Test worker] DEBUG org.eclipse.jetty.util.component.AbstractLifeCycle - STARTED @98932ms ReservedThreadExecutor@4f4ecc0{s=0/1,p=0}
13:19:07.369 [Test worker] DEBUG org.eclipse.jetty.util.thread.QueuedThreadPool - Starting Thread[qtp1209070290-130,5,main]
13:19:07.369 [Test worker] DEBUG org.eclipse.jetty.util.thread.QueuedThreadPool - Starting Thread[qtp1209070290-131,5,main]
13:19:07.369 [Test worker] DEBUG org.eclipse.jetty.util.thread.QueuedThreadPool - Starting Thread[qtp1209070290-132,5,main]
13:19:07.369 [Test worker] DEBUG org.eclipse.jetty.util.thread.QueuedThreadPool - Starting Thread[qtp1209070290-133,5,main]
13:19:07.370 [Test worker] DEBUG org.eclipse.jetty.util.thread.QueuedThreadPool - Starting Thread[qtp1209070290-134,5,main]
13:19:07.370 [Test worker] DEBUG org.eclipse.jetty.util.thread.QueuedThreadPool - Starting Thread[qtp1209070290-135,5,main]
13:19:07.370 [Test worker] DEBUG org.eclipse.jetty.util.thread.QueuedThreadPool - Starting Thread[qtp1209070290-136,5,main]
13:19:07.371 [Test worker] DEBUG org.eclipse.jetty.util.thread.QueuedThreadPool - Starting Thread[qtp1209070290-137,5,main]
13:19:07.371 [Test worker] DEBUG org.eclipse.jetty.util.component.AbstractLifeCycle - STARTED @98935ms QueuedThreadPool[qtp1209070290]@4810f2d2{STARTED,8<=8<=14,i=8,r=1,q=0}[ReservedThreadExecutor@4f4ecc0{s=0/1,p=0}]
13:19:07.371 [Test worker] DEBUG org.eclipse.jetty.util.component.AbstractLifeCycle - starting HandlerCollection@2d47fdef{STOPPED}
13:19:07.371 [Test worker] DEBUG org.eclipse.jetty.server.handler.AbstractHandler - starting HandlerCollection@2d47fdef{STARTING}
13:19:07.371 [Test worker] DEBUG org.eclipse.jetty.util.component.AbstractLifeCycle - starting o.e.j.s.ServletContextHandler@a15c548{/__admin,null,UNAVAILABLE}
13:19:07.371 [Test worker] DEBUG org.eclipse.jetty.server.handler.AbstractHandler - starting o.e.j.s.ServletContextHandler@a15c548{/__admin,null,STARTING}
13:19:07.371 [Test worker] DEBUG org.eclipse.jetty.util.component.AbstractLifeCycle - starting ServletHandler@17e75f84{STOPPED}
13:19:07.371 [Test worker] DEBUG org.eclipse.jetty.servlet.ServletHandler - Path=/recorder/*[EMBEDDED:null] mapped to servlet=org.eclipse.jetty.servlet.DefaultServlet-18ea4906[EMBEDDED:null]
13:19:07.372 [Test worker] DEBUG org.eclipse.jetty.http.pathmap.PathMappings - Added MappedResource[pathSpec=ServletPathSpec["/recorder/*",pathDepth=2,group=PREFIX_GLOB],resource=org.eclipse.jetty.servlet.DefaultServlet-18ea4906@26fab9ed==org.eclipse.jetty.servlet.DefaultServlet,jsp=null,order=-1,inst=false,async=true] to PathMappings[size=1]
13:19:07.372 [Test worker] DEBUG org.eclipse.jetty.servlet.ServletHandler - Path=/swagger-ui/*[EMBEDDED:null] mapped to servlet=org.eclipse.jetty.servlet.DefaultServlet-3cf1e455[EMBEDDED:null]
13:19:07.372 [Test worker] DEBUG org.eclipse.jetty.http.pathmap.PathMappings - Added MappedResource[pathSpec=ServletPathSpec["/swagger-ui/*",pathDepth=2,group=PREFIX_GLOB],resource=org.eclipse.jetty.servlet.DefaultServlet-3cf1e455@d88fac09==org.eclipse.jetty.servlet.DefaultServlet,jsp=null,order=-1,inst=false,async=true] to PathMappings[size=2]
13:19:07.372 [Test worker] DEBUG org.eclipse.jetty.servlet.ServletHandler - Path=/[EMBEDDED:null] mapped to servlet=com.github.tomakehurst.wiremock.servlet.WireMockHandlerDispatchingServlet-48b4ef13[EMBEDDED:null]
13:19:07.372 [Test worker] DEBUG org.eclipse.jetty.http.pathmap.PathMappings - Added MappedResource[pathSpec=ServletPathSpec["/",pathDepth=-1,group=DEFAULT],resource=com.github.tomakehurst.wiremock.servlet.WireMockHandlerDispatchingServlet-48b4ef13@b4cb2ae7==com.github.tomakehurst.wiremock.servlet.WireMockHandlerDispatchingServlet,jsp=null,order=-1,inst=false,async=true] to PathMappings[size=3]
13:19:07.372 [Test worker] DEBUG org.eclipse.jetty.servlet.ServletHandler - filterNameMap={org.eclipse.jetty.servlets.CrossOriginFilter-658292fe=org.eclipse.jetty.servlets.CrossOriginFilter-658292fe@658292fe==org.eclipse.jetty.servlets.CrossOriginFilter,inst=false,async=true}
13:19:07.372 [Test worker] DEBUG org.eclipse.jetty.servlet.ServletHandler - pathFilters=[[/*]/[]/[REQUEST]=>org.eclipse.jetty.servlets.CrossOriginFilter-658292fe]
13:19:07.372 [Test worker] DEBUG org.eclipse.jetty.servlet.ServletHandler - servletFilterMap={}
13:19:07.372 [Test worker] DEBUG org.eclipse.jetty.servlet.ServletHandler - servletPathMap=PathMappings[size=3]
13:19:07.372 [Test worker] DEBUG org.eclipse.jetty.servlet.ServletHandler - servletNameMap={org.eclipse.jetty.servlet.DefaultServlet-3cf1e455=org.eclipse.jetty.servlet.DefaultServlet-3cf1e455@d88fac09==org.eclipse.jetty.servlet.DefaultServlet,jsp=null,order=-1,inst=false,async=true, org.eclipse.jetty.servlet.DefaultServlet-18ea4906=org.eclipse.jetty.servlet.DefaultServlet-18ea4906@26fab9ed==org.eclipse.jetty.servlet.DefaultServlet,jsp=null,order=-1,inst=false,async=true, com.github.tomakehurst.wiremock.servlet.WireMockHandlerDispatchingServlet-48b4ef13=com.github.tomakehurst.wiremock.servlet.WireMockHandlerDispatchingServlet-48b4ef13@b4cb2ae7==com.github.tomakehurst.wiremock.servlet.WireMockHandlerDispatchingServlet,jsp=null,order=-1,inst=false,async=true}
13:19:07.372 [Test worker] DEBUG org.eclipse.jetty.server.handler.AbstractHandler - starting ServletHandler@17e75f84{STARTING}
13:19:07.373 [Test worker] DEBUG org.eclipse.jetty.util.component.AbstractLifeCycle - STARTED @98936ms ServletHandler@17e75f84{STARTED}
13:19:07.373 [Test worker] DEBUG org.eclipse.jetty.util.component.AbstractLifeCycle - starting org.eclipse.jetty.servlets.CrossOriginFilter-658292fe@658292fe==org.eclipse.jetty.servlets.CrossOriginFilter,inst=false,async=true
13:19:07.373 [Test worker] DEBUG org.eclipse.jetty.util.component.AbstractLifeCycle - STARTED @98936ms org.eclipse.jetty.servlets.CrossOriginFilter-658292fe@658292fe==org.eclipse.jetty.servlets.CrossOriginFilter,inst=false,async=true
13:19:07.373 [Test worker] DEBUG org.eclipse.jetty.servlet.FilterHolder - Filter.init org.eclipse.jetty.servlets.CrossOriginFilter@635cd74a
13:19:07.373 [Test worker] DEBUG org.eclipse.jetty.servlets.CrossOriginFilter - Cross-origin filter configuration: allowedOrigins = *, allowedTimingOrigins = null, allowedMethods = OPTIONS,GET,POST,PUT,PATCH,DELETE, allowedHeaders = *, preflightMaxAge = 1800, allowCredentials = true,exposedHeaders = ,chainPreflight = false
13:19:07.373 [Test worker] DEBUG org.eclipse.jetty.util.component.AbstractLifeCycle - starting com.github.tomakehurst.wiremock.servlet.WireMockHandlerDispatchingServlet-48b4ef13@b4cb2ae7==com.github.tomakehurst.wiremock.servlet.WireMockHandlerDispatchingServlet,jsp=null,order=-1,inst=false,async=true
13:19:07.373 [Test worker] DEBUG org.eclipse.jetty.util.component.AbstractLifeCycle - STARTED @98937ms com.github.tomakehurst.wiremock.servlet.WireMockHandlerDispatchingServlet-48b4ef13@b4cb2ae7==com.github.tomakehurst.wiremock.servlet.WireMockHandlerDispatchingServlet,jsp=null,order=-1,inst=false,async=true
13:19:07.373 [Test worker] DEBUG org.eclipse.jetty.util.component.AbstractLifeCycle - starting org.eclipse.jetty.servlet.DefaultServlet-18ea4906@26fab9ed==org.eclipse.jetty.servlet.DefaultServlet,jsp=null,order=-1,inst=false,async=true
13:19:07.373 [Test worker] DEBUG org.eclipse.jetty.util.component.AbstractLifeCycle - STARTED @98937ms org.eclipse.jetty.servlet.DefaultServlet-18ea4906@26fab9ed==org.eclipse.jetty.servlet.DefaultServlet,jsp=null,order=-1,inst=false,async=true
13:19:07.373 [Test worker] DEBUG org.eclipse.jetty.util.component.AbstractLifeCycle - starting org.eclipse.jetty.servlet.DefaultServlet-3cf1e455@d88fac09==org.eclipse.jetty.servlet.DefaultServlet,jsp=null,order=-1,inst=false,async=true
13:19:07.373 [Test worker] DEBUG org.eclipse.jetty.util.component.AbstractLifeCycle - STARTED @98937ms org.eclipse.jetty.servlet.DefaultServlet-3cf1e455@d88fac09==org.eclipse.jetty.servlet.DefaultServlet,jsp=null,order=-1,inst=false,async=true
13:19:07.373 [Test worker] INFO org.eclipse.jetty.server.handler.ContextHandler - Started o.e.j.s.ServletContextHandler@a15c548{/__admin,null,AVAILABLE}
13:19:07.373 [Test worker] DEBUG org.eclipse.jetty.util.component.AbstractLifeCycle - STARTED @98937ms o.e.j.s.ServletContextHandler@a15c548{/__admin,null,AVAILABLE}
13:19:07.373 [Test worker] DEBUG org.eclipse.jetty.util.component.AbstractLifeCycle - starting GzipHandler@36425b18{STOPPED,min=32,inflate=-1}
13:19:07.373 [Test worker] DEBUG org.eclipse.jetty.server.handler.AbstractHandler - starting GzipHandler@36425b18{STARTING,min=32,inflate=-1}
13:19:07.373 [Test worker] DEBUG org.eclipse.jetty.util.component.AbstractLifeCycle - starting o.e.j.s.ServletContextHandler@56621157{/,null,UNAVAILABLE}
13:19:07.373 [Test worker] DEBUG org.eclipse.jetty.server.handler.AbstractHandler - starting o.e.j.s.ServletContextHandler@56621157{/,null,STARTING}
13:19:07.373 [Test worker] DEBUG org.eclipse.jetty.util.component.AbstractLifeCycle - starting ServletHandler@73a96801{STOPPED}
13:19:07.373 [Test worker] DEBUG org.eclipse.jetty.servlet.ServletHandler - Path=/__files/*[EMBEDDED:null] mapped to servlet=org.eclipse.jetty.servlet.DefaultServlet-24d11e8[EMBEDDED:null]
13:19:07.374 [Test worker] DEBUG org.eclipse.jetty.http.pathmap.PathMappings - Added MappedResource[pathSpec=ServletPathSpec["/__files/*",pathDepth=2,group=PREFIX_GLOB],resource=org.eclipse.jetty.servlet.DefaultServlet-24d11e8@166a9cf6==org.eclipse.jetty.servlet.DefaultServlet,jsp=null,order=-1,inst=false,async=true] to PathMappings[size=1]
13:19:07.374 [Test worker] DEBUG org.eclipse.jetty.servlet.ServletHandler - Path=/[EMBEDDED:null] mapped to servlet=com.github.tomakehurst.wiremock.servlet.WireMockHandlerDispatchingServlet-4463405f[EMBEDDED:null]
13:19:07.374 [Test worker] DEBUG org.eclipse.jetty.http.pathmap.PathMappings - Added MappedResource[pathSpec=ServletPathSpec["/",pathDepth=-1,group=DEFAULT],resource=com.github.tomakehurst.wiremock.servlet.WireMockHandlerDispatchingServlet-4463405f@95f7dad8==com.github.tomakehurst.wiremock.servlet.WireMockHandlerDispatchingServlet,jsp=null,order=-1,inst=false,async=true] to PathMappings[size=2]
13:19:07.374 [Test worker] DEBUG org.eclipse.jetty.servlet.ServletHandler - filterNameMap={com.github.tomakehurst.wiremock.servlet.TrailingSlashFilter-5c5d2805=com.github.tomakehurst.wiremock.servlet.TrailingSlashFilter-5c5d2805@5c5d2805==com.github.tomakehurst.wiremock.servlet.TrailingSlashFilter,inst=false,async=true, com.github.tomakehurst.wiremock.servlet.ContentTypeSettingFilter-3675bd72=com.github.tomakehurst.wiremock.servlet.ContentTypeSettingFilter-3675bd72@3675bd72==com.github.tomakehurst.wiremock.servlet.ContentTypeSettingFilter,inst=false,async=true, org.eclipse.jetty.servlets.CrossOriginFilter-262ea69=org.eclipse.jetty.servlets.CrossOriginFilter-262ea69@262ea69==org.eclipse.jetty.servlets.CrossOriginFilter,inst=false,async=true}
13:19:07.374 [Test worker] DEBUG org.eclipse.jetty.servlet.ServletHandler - pathFilters=[[/__files/*]/[]/[FORWARD]=>com.github.tomakehurst.wiremock.servlet.ContentTypeSettingFilter-3675bd72, [/__files/*]/[]/[FORWARD, ERROR, INCLUDE, REQUEST, ASYNC]=>com.github.tomakehurst.wiremock.servlet.TrailingSlashFilter-5c5d2805, [/*]/[]/[REQUEST]=>org.eclipse.jetty.servlets.CrossOriginFilter-262ea69]
13:19:07.374 [Test worker] DEBUG org.eclipse.jetty.servlet.ServletHandler - servletFilterMap={}
13:19:07.374 [Test worker] DEBUG org.eclipse.jetty.servlet.ServletHandler - servletPathMap=PathMappings[size=2]
13:19:07.374 [Test worker] DEBUG org.eclipse.jetty.servlet.ServletHandler - servletNameMap={org.eclipse.jetty.servlet.DefaultServlet-24d11e8=org.eclipse.jetty.servlet.DefaultServlet-24d11e8@166a9cf6==org.eclipse.jetty.servlet.DefaultServlet,jsp=null,order=-1,inst=false,async=true, com.github.tomakehurst.wiremock.servlet.WireMockHandlerDispatchingServlet-4463405f=com.github.tomakehurst.wiremock.servlet.WireMockHandlerDispatchingServlet-4463405f@95f7dad8==com.github.tomakehurst.wiremock.servlet.WireMockHandlerDispatchingServlet,jsp=null,order=-1,inst=false,async=true}
13:19:07.374 [Test worker] DEBUG org.eclipse.jetty.server.handler.AbstractHandler - starting ServletHandler@73a96801{STARTING}
13:19:07.374 [Test worker] DEBUG org.eclipse.jetty.util.component.AbstractLifeCycle - STARTED @98938ms ServletHandler@73a96801{STARTED}
13:19:07.374 [Test worker] DEBUG org.eclipse.jetty.util.component.AbstractLifeCycle - starting NotFoundHandler@ea435c7{STOPPED}
13:19:07.374 [Test worker] DEBUG org.eclipse.jetty.server.handler.AbstractHandler - starting NotFoundHandler@ea435c7{STARTING}
13:19:07.374 [Test worker] DEBUG org.eclipse.jetty.util.component.AbstractLifeCycle - STARTED @98938ms NotFoundHandler@ea435c7{STARTED}
13:19:07.374 [Test worker] DEBUG org.eclipse.jetty.util.component.AbstractLifeCycle - starting com.github.tomakehurst.wiremock.servlet.ContentTypeSettingFilter-3675bd72@3675bd72==com.github.tomakehurst.wiremock.servlet.ContentTypeSettingFilter,inst=false,async=true
13:19:07.374 [Test worker] DEBUG org.eclipse.jetty.util.component.AbstractLifeCycle - STARTED @98938ms com.github.tomakehurst.wiremock.servlet.ContentTypeSettingFilter-3675bd72@3675bd72==com.github.tomakehurst.wiremock.servlet.ContentTypeSettingFilter,inst=false,async=true
13:19:07.374 [Test worker] DEBUG org.eclipse.jetty.servlet.FilterHolder - Filter.init com.github.tomakehurst.wiremock.servlet.ContentTypeSettingFilter@7c290a9f
13:19:07.374 [Test worker] DEBUG org.eclipse.jetty.util.component.AbstractLifeCycle - starting com.github.tomakehurst.wiremock.servlet.TrailingSlashFilter-5c5d2805@5c5d2805==com.github.tomakehurst.wiremock.servlet.TrailingSlashFilter,inst=false,async=true
13:19:07.374 [Test worker] DEBUG org.eclipse.jetty.util.component.AbstractLifeCycle - STARTED @98938ms com.github.tomakehurst.wiremock.servlet.TrailingSlashFilter-5c5d2805@5c5d2805==com.github.tomakehurst.wiremock.servlet.TrailingSlashFilter,inst=false,async=true
13:19:07.374 [Test worker] DEBUG org.eclipse.jetty.servlet.FilterHolder - Filter.init com.github.tomakehurst.wiremock.servlet.TrailingSlashFilter@1cc0ae29
13:19:07.374 [Test worker] DEBUG org.eclipse.jetty.util.component.AbstractLifeCycle - starting org.eclipse.jetty.servlets.CrossOriginFilter-262ea69@262ea69==org.eclipse.jetty.servlets.CrossOriginFilter,inst=false,async=true
13:19:07.374 [Test worker] DEBUG org.eclipse.jetty.util.component.AbstractLifeCycle - STARTED @98938ms org.eclipse.jetty.servlets.CrossOriginFilter-262ea69@262ea69==org.eclipse.jetty.servlets.CrossOriginFilter,inst=false,async=true
13:19:07.374 [Test worker] DEBUG org.eclipse.jetty.servlet.FilterHolder - Filter.init org.eclipse.jetty.servlets.CrossOriginFilter@67449c67
13:19:07.374 [Test worker] DEBUG org.eclipse.jetty.servlets.CrossOriginFilter - Cross-origin filter configuration: allowedOrigins = *, allowedTimingOrigins = null, allowedMethods = OPTIONS,GET,POST,PUT,PATCH,DELETE, allowedHeaders = *, preflightMaxAge = 1800, allowCredentials = true,exposedHeaders = ,chainPreflight = false
13:19:07.374 [Test worker] DEBUG org.eclipse.jetty.util.component.AbstractLifeCycle - starting com.github.tomakehurst.wiremock.servlet.WireMockHandlerDispatchingServlet-4463405f@95f7dad8==com.github.tomakehurst.wiremock.servlet.WireMockHandlerDispatchingServlet,jsp=null,order=-1,inst=false,async=true
13:19:07.375 [Test worker] DEBUG org.eclipse.jetty.util.component.AbstractLifeCycle - STARTED @98938ms com.github.tomakehurst.wiremock.servlet.WireMockHandlerDispatchingServlet-4463405f@95f7dad8==com.github.tomakehurst.wiremock.servlet.WireMockHandlerDispatchingServlet,jsp=null,order=-1,inst=false,async=true
13:19:07.375 [Test worker] DEBUG org.eclipse.jetty.util.component.AbstractLifeCycle - starting org.eclipse.jetty.servlet.DefaultServlet-24d11e8@166a9cf6==org.eclipse.jetty.servlet.DefaultServlet,jsp=null,order=-1,inst=false,async=true
13:19:07.375 [Test worker] DEBUG org.eclipse.jetty.util.component.AbstractLifeCycle - STARTED @98938ms org.eclipse.jetty.servlet.DefaultServlet-24d11e8@166a9cf6==org.eclipse.jetty.servlet.DefaultServlet,jsp=null,order=-1,inst=false,async=true
13:19:07.375 [Test worker] INFO org.eclipse.jetty.server.handler.ContextHandler - Started o.e.j.s.ServletContextHandler@56621157{/,null,AVAILABLE}
13:19:07.375 [Test worker] DEBUG org.eclipse.jetty.util.component.AbstractLifeCycle - STARTED @98938ms o.e.j.s.ServletContextHandler@56621157{/,null,AVAILABLE}
13:19:07.375 [Test worker] DEBUG org.eclipse.jetty.util.component.AbstractLifeCycle - STARTED @98938ms GzipHandler@36425b18{STARTED,min=32,inflate=-1}
13:19:07.375 [Test worker] DEBUG org.eclipse.jetty.util.component.AbstractLifeCycle - STARTED @98938ms HandlerCollection@2d47fdef{STARTED}
13:19:07.375 [Test worker] DEBUG org.eclipse.jetty.util.component.AbstractLifeCycle - starting ErrorHandler@16ced373{STOPPED}
13:19:07.375 [Test worker] DEBUG org.eclipse.jetty.server.handler.AbstractHandler - starting ErrorHandler@16ced373{STARTING}
13:19:07.375 [Test worker] DEBUG org.eclipse.jetty.util.component.AbstractLifeCycle - STARTED @98938ms ErrorHandler@16ced373{STARTED}
13:19:07.375 [Test worker] DEBUG org.eclipse.jetty.util.component.AbstractLifeCycle - starting NetworkTrafficServerConnector@6c15ea0b{HTTP/1.1, (http/1.1)}{0.0.0.0:8080}
13:19:07.375 [Test worker] DEBUG org.eclipse.jetty.util.component.ContainerLifeCycle - NetworkTrafficServerConnector@6c15ea0b{HTTP/1.1, (http/1.1)}{0.0.0.0:8080} added {sun.nio.ch.ServerSocketChannelImpl[/0:0:0:0:0:0:0:0:8080],POJO}
13:19:07.376 [Test worker] DEBUG org.eclipse.jetty.util.component.AbstractLifeCycle - starting ScheduledExecutorScheduler@5ad09f5a{STOPPED}
13:19:07.376 [Test worker] DEBUG org.eclipse.jetty.util.component.AbstractLifeCycle - STARTED @98939ms ScheduledExecutorScheduler@5ad09f5a{STARTED}
13:19:07.376 [Test worker] DEBUG org.eclipse.jetty.util.component.AbstractLifeCycle - starting HttpConnectionFactory@16a0b7ee[HTTP/1.1]
13:19:07.376 [Test worker] DEBUG org.eclipse.jetty.util.component.AbstractLifeCycle - STARTED @98939ms HttpConnectionFactory@16a0b7ee[HTTP/1.1]
13:19:07.376 [Test worker] DEBUG org.eclipse.jetty.util.component.AbstractLifeCycle - starting SelectorManager@NetworkTrafficServerConnector@6c15ea0b{HTTP/1.1, (http/1.1)}{0.0.0.0:8080}
13:19:07.376 [Test worker] DEBUG org.eclipse.jetty.util.component.ContainerLifeCycle - EatWhatYouKill@62a7e142/SelectorProducer@566e727b/IDLE/p=false/QueuedThreadPool[qtp1209070290]@4810f2d2{STARTED,8<=8<=14,i=8,r=1,q=0}[ReservedThreadExecutor@4f4ecc0{s=0/1,p=0}][pc=0,pic=0,pec=0,epc=0]@2020-09-25T13:19:07.3762287+02:00 added {SelectorProducer@566e727b,POJO}
13:19:07.376 [Test worker] DEBUG org.eclipse.jetty.util.component.ContainerLifeCycle - EatWhatYouKill@62a7e142/SelectorProducer@566e727b/IDLE/p=false/QueuedThreadPool[qtp1209070290]@4810f2d2{STARTED,8<=8<=14,i=8,r=1,q=0}[ReservedThreadExecutor@4f4ecc0{s=0/1,p=0}][pc=0,pic=0,pec=0,epc=0]@2020-09-25T13:19:07.3762287+02:00 added {QueuedThreadPool[qtp1209070290]@4810f2d2{STARTED,8<=8<=14,i=8,r=1,q=0}[ReservedThreadExecutor@4f4ecc0{s=0/1,p=0}],UNMANAGED}
13:19:07.376 [Test worker] DEBUG org.eclipse.jetty.util.thread.strategy.EatWhatYouKill - EatWhatYouKill@62a7e142/SelectorProducer@566e727b/IDLE/p=false/QueuedThreadPool[qtp1209070290]@4810f2d2{STARTED,8<=8<=14,i=8,r=1,q=0}[ReservedThreadExecutor@4f4ecc0{s=0/1,p=0}][pc=0,pic=0,pec=0,epc=0]@2020-09-25T13:19:07.3762287+02:00 created
13:19:07.377 [Test worker] DEBUG org.eclipse.jetty.util.component.ContainerLifeCycle - ManagedSelector@4fc62f79{STOPPED} id=0 keys=-1 selected=-1 updates=0 added {EatWhatYouKill@62a7e142/SelectorProducer@566e727b/IDLE/p=false/QueuedThreadPool[qtp1209070290]@4810f2d2{STARTED,8<=8<=14,i=8,r=1,q=0}[ReservedThreadExecutor@4f4ecc0{s=0/1,p=0}][pc=0,pic=0,pec=0,epc=0]@2020-09-25T13:19:07.3772325+02:00,MANAGED}
13:19:07.377 [Test worker] DEBUG org.eclipse.jetty.util.component.ContainerLifeCycle - SelectorManager@NetworkTrafficServerConnector@6c15ea0b{HTTP/1.1, (http/1.1)}{0.0.0.0:8080} added {ManagedSelector@4fc62f79{STOPPED} id=0 keys=-1 selected=-1 updates=0,AUTO}
13:19:07.377 [Test worker] DEBUG org.eclipse.jetty.util.component.ContainerLifeCycle - EatWhatYouKill@ca22542/SelectorProducer@51d26865/IDLE/p=false/QueuedThreadPool[qtp1209070290]@4810f2d2{STARTED,8<=8<=14,i=8,r=1,q=0}[ReservedThreadExecutor@4f4ecc0{s=0/1,p=0}][pc=0,pic=0,pec=0,epc=0]@2020-09-25T13:19:07.3772325+02:00 added {SelectorProducer@51d26865,POJO}
13:19:07.377 [Test worker] DEBUG org.eclipse.jetty.util.component.ContainerLifeCycle - EatWhatYouKill@ca22542/SelectorProducer@51d26865/IDLE/p=false/QueuedThreadPool[qtp1209070290]@4810f2d2{STARTED,8<=8<=14,i=8,r=1,q=0}[ReservedThreadExecutor@4f4ecc0{s=0/1,p=0}][pc=0,pic=0,pec=0,epc=0]@2020-09-25T13:19:07.3772325+02:00 added {QueuedThreadPool[qtp1209070290]@4810f2d2{STARTED,8<=8<=14,i=8,r=1,q=0}[ReservedThreadExecutor@4f4ecc0{s=0/1,p=0}],UNMANAGED}
13:19:07.377 [Test worker] DEBUG org.eclipse.jetty.util.thread.strategy.EatWhatYouKill - EatWhatYouKill@ca22542/SelectorProducer@51d26865/IDLE/p=false/QueuedThreadPool[qtp1209070290]@4810f2d2{STARTED,8<=8<=14,i=8,r=1,q=0}[ReservedThreadExecutor@4f4ecc0{s=0/1,p=0}][pc=0,pic=0,pec=0,epc=0]@2020-09-25T13:19:07.3772325+02:00 created
13:19:07.377 [Test worker] DEBUG org.eclipse.jetty.util.component.ContainerLifeCycle - ManagedSelector@740a358e{STOPPED} id=1 keys=-1 selected=-1 updates=0 added {EatWhatYouKill@ca22542/SelectorProducer@51d26865/IDLE/p=false/QueuedThreadPool[qtp1209070290]@4810f2d2{STARTED,8<=8<=14,i=8,r=1,q=0}[ReservedThreadExecutor@4f4ecc0{s=0/1,p=0}][pc=0,pic=0,pec=0,epc=0]@2020-09-25T13:19:07.3772325+02:00,MANAGED}
13:19:07.377 [Test worker] DEBUG org.eclipse.jetty.util.component.ContainerLifeCycle - SelectorManager@NetworkTrafficServerConnector@6c15ea0b{HTTP/1.1, (http/1.1)}{0.0.0.0:8080} added {ManagedSelector@740a358e{STOPPED} id=1 keys=-1 selected=-1 updates=0,AUTO}
13:19:07.377 [Test worker] DEBUG org.eclipse.jetty.util.component.AbstractLifeCycle - starting ManagedSelector@4fc62f79{STOPPED} id=0 keys=-1 selected=-1 updates=0
13:19:07.378 [Test worker] DEBUG org.eclipse.jetty.util.component.AbstractLifeCycle - starting EatWhatYouKill@62a7e142/SelectorProducer@566e727b/IDLE/p=false/QueuedThreadPool[qtp1209070290]@4810f2d2{STARTED,8<=8<=14,i=8,r=1,q=0}[ReservedThreadExecutor@4f4ecc0{s=0/1,p=0}][pc=0,pic=0,pec=0,epc=0]@2020-09-25T13:19:07.378228+02:00
13:19:07.378 [Test worker] DEBUG org.eclipse.jetty.util.component.AbstractLifeCycle - STARTED @98941ms EatWhatYouKill@62a7e142/SelectorProducer@566e727b/IDLE/p=false/QueuedThreadPool[qtp1209070290]@4810f2d2{STARTED,8<=8<=14,i=8,r=1,q=0}[ReservedThreadExecutor@4f4ecc0{s=0/1,p=0}][pc=0,pic=0,pec=0,epc=0]@2020-09-25T13:19:07.378228+02:00
13:19:07.380 [Test worker] DEBUG org.eclipse.jetty.util.thread.QueuedThreadPool - queue org.eclipse.jetty.io.ManagedSelector$$Lambda$425/0x00000001005fc040@ac96191 startThread=0
13:19:07.380 [Test worker] DEBUG org.eclipse.jetty.io.ManagedSelector - Queued change org.eclipse.jetty.io.ManagedSelector$Start@17dcddbf on ManagedSelector@4fc62f79{STARTING} id=0 keys=0 selected=0 updates=0
13:19:07.419 [qtp1834758074-127] DEBUG org.eclipse.jetty.server.handler.gzip.GzipHandler - GzipHandler@4d098ee1{STOPPED,min=32,inflate=-1} excluded not gzip accept Request(GET //localhost:8080/api/v0/components/provision-adapters/jobs/01bd8171-c219-47a1-b831-c1aa538629c9)@543a33eb
13:19:07.419 [qtp1834758074-127] DEBUG org.eclipse.jetty.server.handler.gzip.GzipHttpOutputInterceptor - org.eclipse.jetty.server.handler.gzip.GzipHttpOutputInterceptor@18ea991d exclude no deflater
13:19:07.419 [qtp1834758074-127] DEBUG org.eclipse.jetty.server.HttpChannel - sendResponse info=null content=HeapByteBuffer@137d328[p=0,l=0,c=0,r=0]={<<<>>>} complete=false committing=true callback=Blocker@4b2e55bb{null}
13:19:07.419 [qtp1834758074-127] DEBUG org.eclipse.jetty.server.HttpChannel - COMMIT for /api/v0/components/provision-adapters/jobs/01bd8171-c219-47a1-b831-c1aa538629c9 on HttpChannelOverHttp@bb1b4c9{s=HttpChannelState@34a019a9{s=HANDLING rs=BLOCKING os=COMMITTED is=READY awp=false se=false i=true al=0},r=1,c=false/false,a=HANDLING,uri=//localhost:8080/api/v0/components/provision-adapters/jobs/01bd8171-c219-47a1-b831-c1aa538629c9,age=2107}
200 null HTTP/1.1
Matched-Stub-Id: 946928c0-4aeb-417b-83ff-08c138e23c1a
Vary: Accept-Encoding, User-Agent


13:19:07.419 [qtp1834758074-127] DEBUG org.eclipse.jetty.server.HttpChannel - Commit failed
org.eclipse.jetty.io.EofException: null
	at org.eclipse.jetty.server.HttpConnection$SendCallback.reset(HttpConnection.java:728)
	at org.eclipse.jetty.server.HttpConnection$SendCallback.access$300(HttpConnection.java:688)
	at org.eclipse.jetty.server.HttpConnection.send(HttpConnection.java:547)
	at org.eclipse.jetty.server.HttpChannel.sendResponse(HttpChannel.java:824)
	at org.eclipse.jetty.server.HttpChannel.write(HttpChannel.java:901)
	at org.eclipse.jetty.server.handler.gzip.GzipHttpOutputInterceptor.commit(GzipHttpOutputInterceptor.java:216)
	at org.eclipse.jetty.server.handler.gzip.GzipHttpOutputInterceptor.write(GzipHttpOutputInterceptor.java:108)
	at org.eclipse.jetty.server.HttpOutput.channelWrite(HttpOutput.java:283)
	at org.eclipse.jetty.server.HttpOutput.channelWrite(HttpOutput.java:267)
	at org.eclipse.jetty.server.HttpOutput.flush(HttpOutput.java:705)
	at com.github.tomakehurst.wiremock.servlet.WireMockHandlerDispatchingServlet.writeAndTranslateExceptions(WireMockHandlerDispatchingServlet.java:234)
	at com.github.tomakehurst.wiremock.servlet.WireMockHandlerDispatchingServlet.applyResponse(WireMockHandlerDispatchingServlet.java:223)
	at com.github.tomakehurst.wiremock.servlet.WireMockHandlerDispatchingServlet$ServletHttpResponder.respondTo(WireMockHandlerDispatchingServlet.java:183)
	at com.github.tomakehurst.wiremock.servlet.WireMockHandlerDispatchingServlet$ServletHttpResponder.respondSync(WireMockHandlerDispatchingServlet.java:150)
	at com.github.tomakehurst.wiremock.servlet.WireMockHandlerDispatchingServlet$ServletHttpResponder.respond(WireMockHandlerDispatchingServlet.java:144)
	at com.github.tomakehurst.wiremock.http.AbstractRequestHandler.handle(AbstractRequestHandler.java:90)
	at com.github.tomakehurst.wiremock.servlet.WireMockHandlerDispatchingServlet.service(WireMockHandlerDispatchingServlet.java:120)
	at javax.servlet.http.HttpServlet.service(HttpServlet.java:750)
	at org.eclipse.jetty.servlet.ServletHolder.handle(ServletHolder.java:763)
	at org.eclipse.jetty.servlet.ServletHandler$CachedChain.doFilter(ServletHandler.java:1631)
	at org.eclipse.jetty.servlets.CrossOriginFilter.handle(CrossOriginFilter.java:319)
	at org.eclipse.jetty.servlets.CrossOriginFilter.doFilter(CrossOriginFilter.java:273)
	at org.eclipse.jetty.servlet.ServletHandler$CachedChain.doFilter(ServletHandler.java:1618)
	at org.eclipse.jetty.servlet.ServletHandler.doHandle(ServletHandler.java:549)
	at org.eclipse.jetty.server.handler.ScopedHandler.nextHandle(ScopedHandler.java:233)
	at org.eclipse.jetty.server.handler.ContextHandler.doHandle(ContextHandler.java:1363)
	at org.eclipse.jetty.server.handler.ScopedHandler.nextScope(ScopedHandler.java:188)
	at org.eclipse.jetty.servlet.ServletHandler.doScope(ServletHandler.java:489)
	at org.eclipse.jetty.server.handler.ScopedHandler.nextScope(ScopedHandler.java:186)
	at org.eclipse.jetty.server.handler.ContextHandler.doScope(ContextHandler.java:1278)
	at org.eclipse.jetty.server.handler.ScopedHandler.handle(ScopedHandler.java:141)
	at org.eclipse.jetty.server.handler.gzip.GzipHandler.handle(GzipHandler.java:767)
	at org.eclipse.jetty.server.handler.HandlerCollection.handle(HandlerCollection.java:146)
	at org.eclipse.jetty.server.handler.HandlerWrapper.handle(HandlerWrapper.java:127)
	at org.eclipse.jetty.server.Server.handle(Server.java:500)
	at org.eclipse.jetty.server.HttpChannel.lambda$handle$1(HttpChannel.java:383)
	at org.eclipse.jetty.server.HttpChannel.dispatch(HttpChannel.java:547)
	at org.eclipse.jetty.server.HttpChannel.handle(HttpChannel.java:375)
	at org.eclipse.jetty.server.HttpConnection.onFillable(HttpConnection.java:273)
	at org.eclipse.jetty.io.AbstractConnection$ReadCallback.succeeded(AbstractConnection.java:311)
	at org.eclipse.jetty.io.FillInterest.fillable(FillInterest.java:103)
	at org.eclipse.jetty.io.ChannelEndPoint$2.run(ChannelEndPoint.java:117)
	at org.eclipse.jetty.util.thread.strategy.EatWhatYouKill.runTask(EatWhatYouKill.java:336)
	at org.eclipse.jetty.util.thread.strategy.EatWhatYouKill.doProduce(EatWhatYouKill.java:313)
	at org.eclipse.jetty.util.thread.strategy.EatWhatYouKill.tryProduce(EatWhatYouKill.java:171)
	at org.eclipse.jetty.util.thread.strategy.EatWhatYouKill.run(EatWhatYouKill.java:129)
	at org.eclipse.jetty.util.thread.ReservedThreadExecutor$ReservedThread.run(ReservedThreadExecutor.java:375)
	at org.eclipse.jetty.util.thread.QueuedThreadPool.runJob(QueuedThreadPool.java:806)
	at org.eclipse.jetty.util.thread.QueuedThreadPool$Runner.run(QueuedThreadPool.java:938)
	at java.base/java.lang.Thread.run(Thread.java:834)
13:19:07.420 [qtp1834758074-127] DEBUG org.eclipse.jetty.server.HttpConnection - abort HttpConnection@6f5e315f::NetworkTrafficSocketChannelEndPoint@3ef04d40{/127.0.0.1:65047<->/127.0.0.1:8080,CLOSED,fill=-,flush=-,to=2107/30000}{io=0/0,kio=-1,kro=-1}->HttpConnection@6f5e315f[p=HttpParser{s=END,0 of -1},g=HttpGenerator@53f8fbb9{s=START}]=>HttpChannelOverHttp@bb1b4c9{s=HttpChannelState@34a019a9{s=HANDLING rs=BLOCKING os=ABORTED is=READY awp=false se=false i=true al=0},r=1,c=false/false,a=HANDLING,uri=//localhost:8080/api/v0/components/provision-adapters/jobs/01bd8171-c219-47a1-b831-c1aa538629c9,age=2108} {}
13:19:07.420 [qtp1834758074-127] DEBUG org.eclipse.jetty.io.AbstractEndPoint - close NetworkTrafficSocketChannelEndPoint@3ef04d40{/127.0.0.1:65047<->/127.0.0.1:8080,CLOSED,fill=-,flush=-,to=2107/30000}{io=0/0,kio=-1,kro=-1}->HttpConnection@6f5e315f[p=HttpParser{s=END,0 of -1},g=HttpGenerator@53f8fbb9{s=START}]=>HttpChannelOverHttp@bb1b4c9{s=HttpChannelState@34a019a9{s=HANDLING rs=BLOCKING os=ABORTED is=READY awp=false se=false i=true al=0},r=1,c=false/false,a=HANDLING,uri=//localhost:8080/api/v0/components/provision-adapters/jobs/01bd8171-c219-47a1-b831-c1aa538629c9,age=2108}
13:19:07.420 [qtp1834758074-127] DEBUG org.eclipse.jetty.io.AbstractEndPoint - close(null) NetworkTrafficSocketChannelEndPoint@3ef04d40{/127.0.0.1:65047<->/127.0.0.1:8080,CLOSED,fill=-,flush=-,to=2107/30000}{io=0/0,kio=-1,kro=-1}->HttpConnection@6f5e315f[p=HttpParser{s=END,0 of -1},g=HttpGenerator@53f8fbb9{s=START}]=>HttpChannelOverHttp@bb1b4c9{s=HttpChannelState@34a019a9{s=HANDLING rs=BLOCKING os=ABORTED is=READY awp=false se=false i=true al=0},r=1,c=false/false,a=HANDLING,uri=//localhost:8080/api/v0/components/provision-adapters/jobs/01bd8171-c219-47a1-b831-c1aa538629c9,age=2108}
13:19:07.420 [qtp1834758074-127] DEBUG org.eclipse.jetty.server.HttpOutput - onWriteComplete(false,org.eclipse.jetty.io.EofException) s=OPEN,api=BLOCKED,sc=false,e=null->s=CLOSED,api=BLOCKING,sc=false,e=null c=null cb=null w=false
13:19:07.420 [qtp1834758074-127] DEBUG org.eclipse.jetty.server.HttpOutput - close() s=CLOSED,api=BLOCKING,sc=false,e=null c=null b=null
13:19:07.420 [qtp1834758074-127] DEBUG org.eclipse.jetty.server.HttpChannel - /api/v0/components/provision-adapters/jobs/01bd8171-c219-47a1-b831-c1aa538629c9
org.eclipse.jetty.io.EofException: null
	at org.eclipse.jetty.server.HttpConnection$SendCallback.reset(HttpConnection.java:728)
	at org.eclipse.jetty.server.HttpConnection$SendCallback.access$300(HttpConnection.java:688)
	at org.eclipse.jetty.server.HttpConnection.send(HttpConnection.java:547)
	at org.eclipse.jetty.server.HttpChannel.sendResponse(HttpChannel.java:824)
	at org.eclipse.jetty.server.HttpChannel.write(HttpChannel.java:901)
	at org.eclipse.jetty.server.handler.gzip.GzipHttpOutputInterceptor.commit(GzipHttpOutputInterceptor.java:216)
	at org.eclipse.jetty.server.handler.gzip.GzipHttpOutputInterceptor.write(GzipHttpOutputInterceptor.java:108)
	at org.eclipse.jetty.server.HttpOutput.channelWrite(HttpOutput.java:283)
	at org.eclipse.jetty.server.HttpOutput.channelWrite(HttpOutput.java:267)
	at org.eclipse.jetty.server.HttpOutput.flush(HttpOutput.java:705)
	at com.github.tomakehurst.wiremock.servlet.WireMockHandlerDispatchingServlet.writeAndTranslateExceptions(WireMockHandlerDispatchingServlet.java:234)
	at com.github.tomakehurst.wiremock.servlet.WireMockHandlerDispatchingServlet.applyResponse(WireMockHandlerDispatchingServlet.java:223)
	at com.github.tomakehurst.wiremock.servlet.WireMockHandlerDispatchingServlet$ServletHttpResponder.respondTo(WireMockHandlerDispatchingServlet.java:183)
	at com.github.tomakehurst.wiremock.servlet.WireMockHandlerDispatchingServlet$ServletHttpResponder.respondSync(WireMockHandlerDispatchingServlet.java:150)
	at com.github.tomakehurst.wiremock.servlet.WireMockHandlerDispatchingServlet$ServletHttpResponder.respond(WireMockHandlerDispatchingServlet.java:144)
	at com.github.tomakehurst.wiremock.http.AbstractRequestHandler.handle(AbstractRequestHandler.java:90)
	at com.github.tomakehurst.wiremock.servlet.WireMockHandlerDispatchingServlet.service(WireMockHandlerDispatchingServlet.java:120)
	at javax.servlet.http.HttpServlet.service(HttpServlet.java:750)
	at org.eclipse.jetty.servlet.ServletHolder.handle(ServletHolder.java:763)
	at org.eclipse.jetty.servlet.ServletHandler$CachedChain.doFilter(ServletHandler.java:1631)
	at org.eclipse.jetty.servlets.CrossOriginFilter.handle(CrossOriginFilter.java:319)
	at org.eclipse.jetty.servlets.CrossOriginFilter.doFilter(CrossOriginFilter.java:273)
	at org.eclipse.jetty.servlet.ServletHandler$CachedChain.doFilter(ServletHandler.java:1618)
	at org.eclipse.jetty.servlet.ServletHandler.doHandle(ServletHandler.java:549)
	at org.eclipse.jetty.server.handler.ScopedHandler.nextHandle(ScopedHandler.java:233)
	at org.eclipse.jetty.server.handler.ContextHandler.doHandle(ContextHandler.java:1363)
	at org.eclipse.jetty.server.handler.ScopedHandler.nextScope(ScopedHandler.java:188)
	at org.eclipse.jetty.servlet.ServletHandler.doScope(ServletHandler.java:489)
	at org.eclipse.jetty.server.handler.ScopedHandler.nextScope(ScopedHandler.java:186)
	at org.eclipse.jetty.server.handler.ContextHandler.doScope(ContextHandler.java:1278)
	at org.eclipse.jetty.server.handler.ScopedHandler.handle(ScopedHandler.java:141)
	at org.eclipse.jetty.server.handler.gzip.GzipHandler.handle(GzipHandler.java:767)
	at org.eclipse.jetty.server.handler.HandlerCollection.handle(HandlerCollection.java:146)
	at org.eclipse.jetty.server.handler.HandlerWrapper.handle(HandlerWrapper.java:127)
	at org.eclipse.jetty.server.Server.handle(Server.java:500)
	at org.eclipse.jetty.server.HttpChannel.lambda$handle$1(HttpChannel.java:383)
	at org.eclipse.jetty.server.HttpChannel.dispatch(HttpChannel.java:547)
	at org.eclipse.jetty.server.HttpChannel.handle(HttpChannel.java:375)
	at org.eclipse.jetty.server.HttpConnection.onFillable(HttpConnection.java:273)
	at org.eclipse.jetty.io.AbstractConnection$ReadCallback.succeeded(AbstractConnection.java:311)
	at org.eclipse.jetty.io.FillInterest.fillable(FillInterest.java:103)
	at org.eclipse.jetty.io.ChannelEndPoint$2.run(ChannelEndPoint.java:117)
	at org.eclipse.jetty.util.thread.strategy.EatWhatYouKill.runTask(EatWhatYouKill.java:336)
	at org.eclipse.jetty.util.thread.strategy.EatWhatYouKill.doProduce(EatWhatYouKill.java:313)
	at org.eclipse.jetty.util.thread.strategy.EatWhatYouKill.tryProduce(EatWhatYouKill.java:171)
	at org.eclipse.jetty.util.thread.strategy.EatWhatYouKill.run(EatWhatYouKill.java:129)
	at org.eclipse.jetty.util.thread.ReservedThreadExecutor$ReservedThread.run(ReservedThreadExecutor.java:375)
	at org.eclipse.jetty.util.thread.QueuedThreadPool.runJob(QueuedThreadPool.java:806)
	at org.eclipse.jetty.util.thread.QueuedThreadPool$Runner.run(QueuedThreadPool.java:938)
	at java.base/java.lang.Thread.run(Thread.java:834)
13:19:07.421 [qtp1834758074-127] DEBUG org.eclipse.jetty.server.HttpChannelState - unhandle HttpChannelState@34a019a9{s=HANDLING rs=BLOCKING os=ABORTED is=READY awp=false se=false i=true al=0}
13:19:07.421 [qtp1834758074-127] DEBUG org.eclipse.jetty.server.HttpChannelState - nextAction(false) COMPLETE HttpChannelState@34a019a9{s=HANDLING rs=COMPLETING os=ABORTED is=READY awp=false se=false i=false al=0}
13:19:07.421 [qtp1834758074-127] DEBUG org.eclipse.jetty.server.HttpChannel - !handle COMPLETE HttpChannelOverHttp@bb1b4c9{s=HttpChannelState@34a019a9{s=HANDLING rs=COMPLETING os=ABORTED is=READY awp=false se=false i=false al=0},r=1,c=false/false,a=HANDLING,uri=//localhost:8080/api/v0/components/provision-adapters/jobs/01bd8171-c219-47a1-b831-c1aa538629c9,age=2109}
13:19:07.421 [qtp1834758074-127] DEBUG org.eclipse.jetty.server.HttpConnection - HttpConnection@6f5e315f::NetworkTrafficSocketChannelEndPoint@3ef04d40{/127.0.0.1:65047<->/127.0.0.1:8080,CLOSED,fill=-,flush=-,to=2108/30000}{io=0/0,kio=-1,kro=-1}->HttpConnection@6f5e315f[p=HttpParser{s=END,0 of -1},g=HttpGenerator@53f8fbb9{s=START}]=>HttpChannelOverHttp@bb1b4c9{s=HttpChannelState@34a019a9{s=HANDLING rs=COMPLETING os=ABORTED is=READY awp=false se=false i=false al=0},r=1,c=false/false,a=HANDLING,uri=//localhost:8080/api/v0/components/provision-adapters/jobs/01bd8171-c219-47a1-b831-c1aa538629c9,age=2109} onFillable exit HttpChannelState@34a019a9{s=HANDLING rs=COMPLETING os=ABORTED is=READY awp=false se=false i=false al=0} null
13:19:07.421 [qtp1834758074-127] DEBUG org.eclipse.jetty.util.thread.ReservedThreadExecutor - ReservedThreadExecutor@62506fd7{s=-1/1,p=0}@4a705119 Exited
13:19:07.421 [qtp1834758074-127] DEBUG org.eclipse.jetty.util.thread.QueuedThreadPool - ran ReservedThreadExecutor@62506fd7{s=-1/1,p=0}@4a705119 in QueuedThreadPool[qtp1834758074]@6d5c2fba{STOPPED,8<=0<=14,i=4,r=-1,q=0}[NO_TRY]
13:19:07.421 [qtp1834758074-127] DEBUG org.eclipse.jetty.util.thread.QueuedThreadPool - Thread[qtp1834758074-127,5,main] exited for QueuedThreadPool[qtp1834758074]@6d5c2fba{STOPPED,8<=0<=14,i=4,r=-1,q=0}[NO_TRY]
13:19:07.473 [qtp1209070290-130] DEBUG org.eclipse.jetty.util.thread.QueuedThreadPool - Runner started for QueuedThreadPool[qtp1209070290]@4810f2d2{STARTED,8<=8<=14,i=7,r=1,q=0}[ReservedThreadExecutor@4f4ecc0{s=0/1,p=0}]
13:19:07.473 [qtp1209070290-130] DEBUG org.eclipse.jetty.util.thread.QueuedThreadPool - run org.eclipse.jetty.io.ManagedSelector$$Lambda$425/0x00000001005fc040@ac96191 in QueuedThreadPool[qtp1209070290]@4810f2d2{STARTED,8<=8<=14,i=7,r=1,q=0}[ReservedThreadExecutor@4f4ecc0{s=0/1,p=0}]
13:19:07.473 [qtp1209070290-130] DEBUG org.eclipse.jetty.util.thread.strategy.EatWhatYouKill - EatWhatYouKill@62a7e142/SelectorProducer@566e727b/IDLE/p=false/QueuedThreadPool[qtp1209070290]@4810f2d2{STARTED,8<=8<=14,i=7,r=1,q=0}[ReservedThreadExecutor@4f4ecc0{s=0/1,p=0}][pc=0,pic=0,pec=0,epc=0]@2020-09-25T13:19:07.4732185+02:00 tryProduce false
13:19:07.473 [qtp1209070290-130] DEBUG org.eclipse.jetty.io.ManagedSelector - updateable 1
13:19:07.474 [qtp1209070290-130] DEBUG org.eclipse.jetty.io.ManagedSelector - update org.eclipse.jetty.io.ManagedSelector$Start@17dcddbf
13:19:07.474 [Test worker] DEBUG org.eclipse.jetty.util.component.AbstractLifeCycle - STARTED @99038ms ManagedSelector@4fc62f79{STARTED} id=0 keys=0 selected=0 updates=0
13:19:07.474 [Test worker] DEBUG org.eclipse.jetty.util.component.AbstractLifeCycle - starting ManagedSelector@740a358e{STOPPED} id=1 keys=-1 selected=-1 updates=0
13:19:07.474 [Test worker] DEBUG org.eclipse.jetty.util.component.AbstractLifeCycle - starting EatWhatYouKill@ca22542/SelectorProducer@51d26865/IDLE/p=false/QueuedThreadPool[qtp1209070290]@4810f2d2{STARTED,8<=8<=14,i=7,r=1,q=0}[ReservedThreadExecutor@4f4ecc0{s=0/1,p=0}][pc=0,pic=0,pec=0,epc=0]@2020-09-25T13:19:07.4742432+02:00
13:19:07.474 [Test worker] DEBUG org.eclipse.jetty.util.component.AbstractLifeCycle - STARTED @99038ms EatWhatYouKill@ca22542/SelectorProducer@51d26865/IDLE/p=false/QueuedThreadPool[qtp1209070290]@4810f2d2{STARTED,8<=8<=14,i=7,r=1,q=0}[ReservedThreadExecutor@4f4ecc0{s=0/1,p=0}][pc=0,pic=0,pec=0,epc=0]@2020-09-25T13:19:07.4742432+02:00
13:19:07.475 [qtp1209070290-130] DEBUG org.eclipse.jetty.io.ManagedSelector - updates 0
13:19:07.475 [qtp1209070290-130] DEBUG org.eclipse.jetty.io.ManagedSelector - Selector sun.nio.ch.WindowsSelectorImpl@665861d waiting with 0 keys
13:19:07.476 [Test worker] DEBUG org.eclipse.jetty.util.thread.QueuedThreadPool - queue org.eclipse.jetty.io.ManagedSelector$$Lambda$425/0x00000001005fc040@558f1e61 startThread=0
13:19:07.476 [Test worker] DEBUG org.eclipse.jetty.io.ManagedSelector - Queued change org.eclipse.jetty.io.ManagedSelector$Start@700cf71b on ManagedSelector@740a358e{STARTING} id=1 keys=0 selected=0 updates=0
13:19:07.482 [qtp1209070290-131] DEBUG org.eclipse.jetty.util.thread.QueuedThreadPool - Runner started for QueuedThreadPool[qtp1209070290]@4810f2d2{STARTED,8<=8<=14,i=6,r=1,q=0}[ReservedThreadExecutor@4f4ecc0{s=0/1,p=0}]
13:19:07.482 [qtp1209070290-131] DEBUG org.eclipse.jetty.util.thread.QueuedThreadPool - run org.eclipse.jetty.io.ManagedSelector$$Lambda$425/0x00000001005fc040@558f1e61 in QueuedThreadPool[qtp1209070290]@4810f2d2{STARTED,8<=8<=14,i=6,r=1,q=0}[ReservedThreadExecutor@4f4ecc0{s=0/1,p=0}]
13:19:07.482 [qtp1209070290-131] DEBUG org.eclipse.jetty.util.thread.strategy.EatWhatYouKill - EatWhatYouKill@ca22542/SelectorProducer@51d26865/IDLE/p=false/QueuedThreadPool[qtp1209070290]@4810f2d2{STARTED,8<=8<=14,i=6,r=1,q=0}[ReservedThreadExecutor@4f4ecc0{s=0/1,p=0}][pc=0,pic=0,pec=0,epc=0]@2020-09-25T13:19:07.4822193+02:00 tryProduce false
13:19:07.482 [qtp1209070290-131] DEBUG org.eclipse.jetty.io.ManagedSelector - updateable 1
13:19:07.482 [qtp1209070290-131] DEBUG org.eclipse.jetty.io.ManagedSelector - update org.eclipse.jetty.io.ManagedSelector$Start@700cf71b
13:19:07.482 [qtp1209070290-131] DEBUG org.eclipse.jetty.io.ManagedSelector - updates 0
13:19:07.482 [Test worker] DEBUG org.eclipse.jetty.util.component.AbstractLifeCycle - STARTED @99046ms ManagedSelector@740a358e{STARTED} id=1 keys=0 selected=0 updates=0
13:19:07.482 [qtp1209070290-131] DEBUG org.eclipse.jetty.io.ManagedSelector - Selector sun.nio.ch.WindowsSelectorImpl@32adfd7e waiting with 0 keys
13:19:07.482 [Test worker] DEBUG org.eclipse.jetty.util.component.AbstractLifeCycle - STARTED @99046ms SelectorManager@NetworkTrafficServerConnector@6c15ea0b{HTTP/1.1, (http/1.1)}{0.0.0.0:8080}
13:19:07.482 [Test worker] DEBUG org.eclipse.jetty.util.component.ContainerLifeCycle - NetworkTrafficServerConnector@6c15ea0b{HTTP/1.1, (http/1.1)}{0.0.0.0:8080} added {acceptor-0@3188d562,POJO}
13:19:07.482 [Test worker] DEBUG org.eclipse.jetty.util.thread.QueuedThreadPool - queue acceptor-0@3188d562 startThread=0
13:19:07.482 [Test worker] DEBUG org.eclipse.jetty.util.component.ContainerLifeCycle - NetworkTrafficServerConnector@6c15ea0b{HTTP/1.1, (http/1.1)}{0.0.0.0:8080} added {acceptor-1@40c8c7c9,POJO}
13:19:07.482 [Test worker] DEBUG org.eclipse.jetty.util.thread.QueuedThreadPool - queue acceptor-1@40c8c7c9 startThread=0
13:19:07.482 [Test worker] DEBUG org.eclipse.jetty.util.component.ContainerLifeCycle - NetworkTrafficServerConnector@6c15ea0b{HTTP/1.1, (http/1.1)}{0.0.0.0:8080} added {acceptor-2@6d99a5a7,POJO}
13:19:07.482 [Test worker] DEBUG org.eclipse.jetty.util.thread.QueuedThreadPool - queue acceptor-2@6d99a5a7 startThread=0
13:19:07.483 [Test worker] INFO org.eclipse.jetty.server.AbstractConnector - Started NetworkTrafficServerConnector@6c15ea0b{HTTP/1.1, (http/1.1)}{0.0.0.0:8080}
13:19:07.483 [Test worker] DEBUG org.eclipse.jetty.util.component.AbstractLifeCycle - STARTED @99046ms NetworkTrafficServerConnector@6c15ea0b{HTTP/1.1, (http/1.1)}{0.0.0.0:8080}
13:19:07.483 [Test worker] INFO org.eclipse.jetty.server.Server - Started @99046ms
13:19:07.483 [Test worker] DEBUG org.eclipse.jetty.util.component.AbstractLifeCycle - STARTED @99046ms Server@5cad5bc8{STARTED}[9.4.28.v20200408]
13:19:07.485 [Test worker] DEBUG org.apache.http.impl.conn.PoolingHttpClientConnectionManager - Connection request: [route: {}->http://localhost:8080][total available: 1; route allocated: 1 of 5; total allocated: 1 of 50]
13:19:07.485 [Test worker] DEBUG org.apache.http.wire - http-outgoing-5 << "end of stream"
13:19:07.485 [Test worker] DEBUG org.apache.http.impl.conn.DefaultManagedHttpClientConnection - http-outgoing-5: Close connection
13:19:07.485 [Test worker] DEBUG org.apache.http.impl.conn.PoolingHttpClientConnectionManager - Connection leased: [id: 6][route: {}->http://localhost:8080][total available: 0; route allocated: 1 of 5; total allocated: 1 of 50]
13:19:07.485 [Test worker] DEBUG org.apache.http.impl.execchain.MainClientExec - Opening connection {}->http://localhost:8080
13:19:07.485 [Test worker] DEBUG org.apache.http.impl.conn.DefaultHttpClientConnectionOperator - Connecting to localhost/127.0.0.1:8080
13:19:07.486 [Test worker] DEBUG org.apache.http.impl.conn.DefaultHttpClientConnectionOperator - Connection established 127.0.0.1:65052<->127.0.0.1:8080
13:19:07.486 [Test worker] DEBUG org.apache.http.impl.execchain.MainClientExec - Executing request POST /__admin/mappings HTTP/1.1
13:19:07.486 [Test worker] DEBUG org.apache.http.impl.execchain.MainClientExec - Target auth state: UNCHALLENGED
13:19:07.486 [Test worker] DEBUG org.apache.http.impl.execchain.MainClientExec - Proxy auth state: UNCHALLENGED
13:19:07.486 [Test worker] DEBUG org.apache.http.headers - http-outgoing-6 >> POST /__admin/mappings HTTP/1.1
13:19:07.486 [Test worker] DEBUG org.apache.http.headers - http-outgoing-6 >> Content-Length: 292
13:19:07.486 [Test worker] DEBUG org.apache.http.headers - http-outgoing-6 >> Content-Type: text/plain; charset=UTF-8
13:19:07.486 [Test worker] DEBUG org.apache.http.headers - http-outgoing-6 >> Host: localhost:8080
13:19:07.486 [Test worker] DEBUG org.apache.http.headers - http-outgoing-6 >> Connection: Keep-Alive
13:19:07.486 [Test worker] DEBUG org.apache.http.headers - http-outgoing-6 >> User-Agent: Apache-HttpClient/4.5.12 (Java/11.0.2)
13:19:07.486 [Test worker] DEBUG org.apache.http.wire - http-outgoing-6 >> "POST /__admin/mappings HTTP/1.1[\r][\n]"
13:19:07.486 [Test worker] DEBUG org.apache.http.wire - http-outgoing-6 >> "Content-Length: 292[\r][\n]"
13:19:07.486 [Test worker] DEBUG org.apache.http.wire - http-outgoing-6 >> "Content-Type: text/plain; charset=UTF-8[\r][\n]"
13:19:07.486 [Test worker] DEBUG org.apache.http.wire - http-outgoing-6 >> "Host: localhost:8080[\r][\n]"
13:19:07.486 [Test worker] DEBUG org.apache.http.wire - http-outgoing-6 >> "Connection: Keep-Alive[\r][\n]"
13:19:07.486 [Test worker] DEBUG org.apache.http.wire - http-outgoing-6 >> "User-Agent: Apache-HttpClient/4.5.12 (Java/11.0.2)[\r][\n]"
13:19:07.486 [Test worker] DEBUG org.apache.http.wire - http-outgoing-6 >> "[\r][\n]"
13:19:07.486 [Test worker] DEBUG org.apache.http.wire - http-outgoing-6 >> "{[\r][\n]"
13:19:07.486 [Test worker] DEBUG org.apache.http.wire - http-outgoing-6 >> "  "id" : "6accf1bf-961a-400a-b265-4af915844f6a",[\r][\n]"
13:19:07.487 [Test worker] DEBUG org.apache.http.wire - http-outgoing-6 >> "  "request" : {[\r][\n]"
13:19:07.487 [Test worker] DEBUG org.apache.http.wire - http-outgoing-6 >> "    "url" : "/api/v0/components/provision-adapters/jobs",[\r][\n]"
13:19:07.487 [Test worker] DEBUG org.apache.http.wire - http-outgoing-6 >> "    "method" : "POST"[\r][\n]"
13:19:07.487 [Test worker] DEBUG org.apache.http.wire - http-outgoing-6 >> "  },[\r][\n]"
13:19:07.487 [Test worker] DEBUG org.apache.http.wire - http-outgoing-6 >> "  "response" : {[\r][\n]"
13:19:07.487 [Test worker] DEBUG org.apache.http.wire - http-outgoing-6 >> "    "status" : 200,[\r][\n]"
13:19:07.487 [Test worker] DEBUG org.apache.http.wire - http-outgoing-6 >> "    "fixedDelayMilliseconds" : 2100[\r][\n]"
13:19:07.487 [Test worker] DEBUG org.apache.http.wire - http-outgoing-6 >> "  },[\r][\n]"
13:19:07.487 [Test worker] DEBUG org.apache.http.wire - http-outgoing-6 >> "  "uuid" : "6accf1bf-961a-400a-b265-4af915844f6a"[\r][\n]"
13:19:07.487 [Test worker] DEBUG org.apache.http.wire - http-outgoing-6 >> "}"
13:19:07.493 [qtp1209070290-132] DEBUG org.eclipse.jetty.util.thread.QueuedThreadPool - Runner started for QueuedThreadPool[qtp1209070290]@4810f2d2{STARTED,8<=8<=14,i=3,r=1,q=0}[ReservedThreadExecutor@4f4ecc0{s=0/1,p=0}]
13:19:07.494 [qtp1209070290-132] DEBUG org.eclipse.jetty.util.thread.QueuedThreadPool - run acceptor-0@3188d562 in QueuedThreadPool[qtp1209070290]@4810f2d2{STARTED,8<=8<=14,i=3,r=1,q=0}[ReservedThreadExecutor@4f4ecc0{s=0/1,p=0}]
13:19:07.498 [qtp1209070290-133] DEBUG org.eclipse.jetty.util.thread.QueuedThreadPool - Runner started for QueuedThreadPool[qtp1209070290]@4810f2d2{STARTED,8<=8<=14,i=3,r=1,q=0}[ReservedThreadExecutor@4f4ecc0{s=0/1,p=0}]
13:19:07.498 [qtp1209070290-133] DEBUG org.eclipse.jetty.util.thread.QueuedThreadPool - run acceptor-1@40c8c7c9 in QueuedThreadPool[qtp1209070290]@4810f2d2{STARTED,8<=8<=14,i=3,r=1,q=0}[ReservedThreadExecutor@4f4ecc0{s=0/1,p=0}]
13:19:07.498 [qtp1209070290-133-acceptor-1@40c8c7c9-NetworkTrafficServerConnector@6c15ea0b{HTTP/1.1, (http/1.1)}{0.0.0.0:8080}] DEBUG org.eclipse.jetty.io.ManagedSelector - Queued change org.eclipse.jetty.io.ManagedSelector$Accept@4c0061f0 on ManagedSelector@740a358e{STARTED} id=1 keys=0 selected=0 updates=0
13:19:07.498 [qtp1209070290-133-acceptor-1@40c8c7c9-NetworkTrafficServerConnector@6c15ea0b{HTTP/1.1, (http/1.1)}{0.0.0.0:8080}] DEBUG org.eclipse.jetty.io.ManagedSelector - Wakeup on submit ManagedSelector@740a358e{STARTED} id=1 keys=0 selected=0 updates=1
13:19:07.499 [qtp1209070290-131] DEBUG org.eclipse.jetty.io.ManagedSelector - Selector sun.nio.ch.WindowsSelectorImpl@32adfd7e woken with none selected
13:19:07.499 [qtp1209070290-131] DEBUG org.eclipse.jetty.io.ManagedSelector - Selector sun.nio.ch.WindowsSelectorImpl@32adfd7e woken up from select, 0/0/0 selected
13:19:07.499 [qtp1209070290-131] DEBUG org.eclipse.jetty.io.ManagedSelector - Selector sun.nio.ch.WindowsSelectorImpl@32adfd7e processing 0 keys, 1 updates
13:19:07.499 [qtp1209070290-131] DEBUG org.eclipse.jetty.io.ManagedSelector - updateable 1
13:19:07.499 [qtp1209070290-131] DEBUG org.eclipse.jetty.io.ManagedSelector - update org.eclipse.jetty.io.ManagedSelector$Accept@4c0061f0
13:19:07.499 [qtp1209070290-131] DEBUG org.eclipse.jetty.util.thread.QueuedThreadPool - queue org.eclipse.jetty.io.ManagedSelector$Accept@4c0061f0 startThread=0
13:19:07.499 [qtp1209070290-131] DEBUG org.eclipse.jetty.io.ManagedSelector - updates 0
13:19:07.499 [qtp1209070290-131] DEBUG org.eclipse.jetty.io.ManagedSelector - Selector sun.nio.ch.WindowsSelectorImpl@32adfd7e waiting with 1 keys
13:19:07.499 [qtp1209070290-134] DEBUG org.eclipse.jetty.util.thread.QueuedThreadPool - Runner started for QueuedThreadPool[qtp1209070290]@4810f2d2{STARTED,8<=8<=14,i=2,r=1,q=0}[ReservedThreadExecutor@4f4ecc0{s=0/1,p=0}]
13:19:07.499 [qtp1209070290-134] DEBUG org.eclipse.jetty.util.thread.QueuedThreadPool - run acceptor-2@6d99a5a7 in QueuedThreadPool[qtp1209070290]@4810f2d2{STARTED,8<=8<=14,i=2,r=1,q=0}[ReservedThreadExecutor@4f4ecc0{s=0/1,p=0}]
13:19:07.502 [qtp1209070290-135] DEBUG org.eclipse.jetty.util.thread.QueuedThreadPool - Runner started for QueuedThreadPool[qtp1209070290]@4810f2d2{STARTED,8<=8<=14,i=2,r=1,q=0}[ReservedThreadExecutor@4f4ecc0{s=0/1,p=0}]
13:19:07.502 [qtp1209070290-135] DEBUG org.eclipse.jetty.util.thread.QueuedThreadPool - run org.eclipse.jetty.io.ManagedSelector$Accept@4c0061f0 in QueuedThreadPool[qtp1209070290]@4810f2d2{STARTED,8<=8<=14,i=2,r=1,q=0}[ReservedThreadExecutor@4f4ecc0{s=0/1,p=0}]
13:19:07.502 [qtp1209070290-135] DEBUG org.eclipse.jetty.io.IdleTimeout - NetworkTrafficSocketChannelEndPoint@24725b44{/127.0.0.1:65052<->/127.0.0.1:8080,OPEN,fill=-,flush=-,to=0/30000}{io=0/0,kio=0,kro=0}-><null> idle timeout check, elapsed: 0 ms, remaining: 30000 ms
13:19:07.502 [qtp1209070290-135] DEBUG org.eclipse.jetty.server.HttpChannel - new HttpChannelOverHttp@2e8a3034{s=HttpChannelState@6b88ab81{s=IDLE rs=BLOCKING os=OPEN is=IDLE awp=false se=false i=true al=0},r=0,c=false/false,a=IDLE,uri=null,age=0} -> NetworkTrafficSocketChannelEndPoint@24725b44{/127.0.0.1:65052<->/127.0.0.1:8080,OPEN,fill=-,flush=-,to=0/30000}{io=0/0,kio=0,kro=0}-><null>,null,HttpChannelState@6b88ab81{s=IDLE rs=BLOCKING os=OPEN is=IDLE awp=false se=false i=true al=0}
13:19:07.503 [qtp1209070290-135] DEBUG org.eclipse.jetty.server.HttpConnection - New HTTP Connection HttpConnection@5d9665cf::NetworkTrafficSocketChannelEndPoint@24725b44{/127.0.0.1:65052<->/127.0.0.1:8080,OPEN,fill=-,flush=-,to=0/30000}{io=0/0,kio=0,kro=0}-><null>
13:19:07.503 [qtp1209070290-135] DEBUG org.eclipse.jetty.io.AbstractEndPoint - onOpen NetworkTrafficSocketChannelEndPoint@24725b44{/127.0.0.1:65052<->/127.0.0.1:8080,OPEN,fill=-,flush=-,to=0/30000}{io=0/0,kio=0,kro=0}->HttpConnection@5d9665cf[p=HttpParser{s=START,0 of -1},g=HttpGenerator@5a29a7b6{s=START}]=>HttpChannelOverHttp@2e8a3034{s=HttpChannelState@6b88ab81{s=IDLE rs=BLOCKING os=OPEN is=IDLE awp=false se=false i=true al=0},r=0,c=false/false,a=IDLE,uri=null,age=0}
13:19:07.503 [qtp1209070290-135] DEBUG org.eclipse.jetty.io.AbstractConnection - onOpen HttpConnection@5d9665cf::NetworkTrafficSocketChannelEndPoint@24725b44{/127.0.0.1:65052<->/127.0.0.1:8080,OPEN,fill=-,flush=-,to=0/30000}{io=0/0,kio=0,kro=0}->HttpConnection@5d9665cf[p=HttpParser{s=START,0 of -1},g=HttpGenerator@5a29a7b6{s=START}]=>HttpChannelOverHttp@2e8a3034{s=HttpChannelState@6b88ab81{s=IDLE rs=BLOCKING os=OPEN is=IDLE awp=false se=false i=true al=0},r=0,c=false/false,a=IDLE,uri=null,age=0}
13:19:07.503 [qtp1209070290-135] DEBUG org.eclipse.jetty.io.AbstractConnection - fillInterested HttpConnection@5d9665cf::NetworkTrafficSocketChannelEndPoint@24725b44{/127.0.0.1:65052<->/127.0.0.1:8080,OPEN,fill=-,flush=-,to=1/30000}{io=0/0,kio=0,kro=0}->HttpConnection@5d9665cf[p=HttpParser{s=START,0 of -1},g=HttpGenerator@5a29a7b6{s=START}]=>HttpChannelOverHttp@2e8a3034{s=HttpChannelState@6b88ab81{s=IDLE rs=BLOCKING os=OPEN is=IDLE awp=false se=false i=true al=0},r=0,c=false/false,a=IDLE,uri=null,age=0}
13:19:07.503 [qtp1209070290-135] DEBUG org.eclipse.jetty.io.FillInterest - interested FillInterest@25dd3757{AC.ReadCB@5d9665cf{HttpConnection@5d9665cf::NetworkTrafficSocketChannelEndPoint@24725b44{/127.0.0.1:65052<->/127.0.0.1:8080,OPEN,fill=FI,flush=-,to=0/30000}{io=0/0,kio=0,kro=0}->HttpConnection@5d9665cf[p=HttpParser{s=START,0 of -1},g=HttpGenerator@5a29a7b6{s=START}]=>HttpChannelOverHttp@2e8a3034{s=HttpChannelState@6b88ab81{s=IDLE rs=BLOCKING os=OPEN is=IDLE awp=false se=false i=true al=0},r=0,c=false/false,a=IDLE,uri=null,age=0}}}
13:19:07.503 [qtp1209070290-135] DEBUG org.eclipse.jetty.io.ChannelEndPoint - changeInterests p=false 0->1 for NetworkTrafficSocketChannelEndPoint@24725b44{/127.0.0.1:65052<->/127.0.0.1:8080,OPEN,fill=FI,flush=-,to=0/30000}{io=0/1,kio=0,kro=0}->HttpConnection@5d9665cf[p=HttpParser{s=START,0 of -1},g=HttpGenerator@5a29a7b6{s=START}]=>HttpChannelOverHttp@2e8a3034{s=HttpChannelState@6b88ab81{s=IDLE rs=BLOCKING os=OPEN is=IDLE awp=false se=false i=true al=0},r=0,c=false/false,a=IDLE,uri=null,age=0}
13:19:07.503 [qtp1209070290-135] DEBUG org.eclipse.jetty.io.ManagedSelector - Queued change org.eclipse.jetty.io.ChannelEndPoint$1@ba754ce on ManagedSelector@740a358e{STARTED} id=1 keys=1 selected=0 updates=0
13:19:07.503 [qtp1209070290-135] DEBUG org.eclipse.jetty.io.ManagedSelector - Wakeup on submit ManagedSelector@740a358e{STARTED} id=1 keys=1 selected=0 updates=1
13:19:07.503 [qtp1209070290-131] DEBUG org.eclipse.jetty.io.ManagedSelector - Selector sun.nio.ch.WindowsSelectorImpl@32adfd7e woken with none selected
13:19:07.503 [qtp1209070290-131] DEBUG org.eclipse.jetty.io.ManagedSelector - Selector sun.nio.ch.WindowsSelectorImpl@32adfd7e woken up from select, 0/0/1 selected
13:19:07.503 [qtp1209070290-131] DEBUG org.eclipse.jetty.io.ManagedSelector - Selector sun.nio.ch.WindowsSelectorImpl@32adfd7e processing 0 keys, 1 updates
13:19:07.503 [qtp1209070290-131] DEBUG org.eclipse.jetty.io.ManagedSelector - updateable 1
13:19:07.503 [qtp1209070290-131] DEBUG org.eclipse.jetty.io.ManagedSelector - update org.eclipse.jetty.io.ChannelEndPoint$1@ba754ce
13:19:07.503 [qtp1209070290-135] DEBUG org.eclipse.jetty.io.ManagedSelector - Created NetworkTrafficSocketChannelEndPoint@24725b44{/127.0.0.1:65052<->/127.0.0.1:8080,OPEN,fill=FI,flush=-,to=0/30000}{io=0/1,kio=0,kro=0}->HttpConnection@5d9665cf[p=HttpParser{s=START,0 of -1},g=HttpGenerator@5a29a7b6{s=START}]=>HttpChannelOverHttp@2e8a3034{s=HttpChannelState@6b88ab81{s=IDLE rs=BLOCKING os=OPEN is=IDLE awp=false se=false i=true al=0},r=0,c=false/false,a=IDLE,uri=null,age=0}
13:19:07.503 [qtp1209070290-131] DEBUG org.eclipse.jetty.io.ChannelEndPoint - Key interests updated 0 -> 1 on NetworkTrafficSocketChannelEndPoint@24725b44{/127.0.0.1:65052<->/127.0.0.1:8080,OPEN,fill=FI,flush=-,to=0/30000}{io=1/1,kio=1,kro=0}->HttpConnection@5d9665cf[p=HttpParser{s=START,0 of -1},g=HttpGenerator@5a29a7b6{s=START}]=>HttpChannelOverHttp@2e8a3034{s=HttpChannelState@6b88ab81{s=IDLE rs=BLOCKING os=OPEN is=IDLE awp=false se=false i=true al=0},r=0,c=false/false,a=IDLE,uri=null,age=0}
13:19:07.504 [qtp1209070290-135] DEBUG org.eclipse.jetty.util.thread.QueuedThreadPool - ran org.eclipse.jetty.io.ManagedSelector$Accept@4c0061f0 in QueuedThreadPool[qtp1209070290]@4810f2d2{STARTED,8<=8<=14,i=2,r=1,q=0}[ReservedThreadExecutor@4f4ecc0{s=0/1,p=0}]
13:19:07.504 [qtp1209070290-131] DEBUG org.eclipse.jetty.io.ManagedSelector - updates 0
13:19:07.504 [qtp1209070290-131] DEBUG org.eclipse.jetty.io.ManagedSelector - Selector sun.nio.ch.WindowsSelectorImpl@32adfd7e waiting with 1 keys
13:19:07.504 [qtp1209070290-131] DEBUG org.eclipse.jetty.io.ManagedSelector - Selector sun.nio.ch.WindowsSelectorImpl@32adfd7e woken up from select, 1/1/1 selected
13:19:07.504 [qtp1209070290-131] DEBUG org.eclipse.jetty.io.ManagedSelector - Selector sun.nio.ch.WindowsSelectorImpl@32adfd7e processing 1 keys, 0 updates
13:19:07.504 [qtp1209070290-131] DEBUG org.eclipse.jetty.io.ManagedSelector - selected 1 channel=java.nio.channels.SocketChannel[connected local=/127.0.0.1:8080 remote=/127.0.0.1:65052], selector=sun.nio.ch.WindowsSelectorImpl@32adfd7e, interestOps=1, readyOps=1 NetworkTrafficSocketChannelEndPoint@24725b44{/127.0.0.1:65052<->/127.0.0.1:8080,OPEN,fill=FI,flush=-,to=0/30000}{io=1/1,kio=1,kro=1}->HttpConnection@5d9665cf[p=HttpParser{s=START,0 of -1},g=HttpGenerator@5a29a7b6{s=START}]=>HttpChannelOverHttp@2e8a3034{s=HttpChannelState@6b88ab81{s=IDLE rs=BLOCKING os=OPEN is=IDLE awp=false se=false i=true al=0},r=0,c=false/false,a=IDLE,uri=null,age=0} 
13:19:07.504 [qtp1209070290-131] DEBUG org.eclipse.jetty.io.ChannelEndPoint - onSelected 1->0 r=true w=false for NetworkTrafficSocketChannelEndPoint@24725b44{/127.0.0.1:65052<->/127.0.0.1:8080,OPEN,fill=FI,flush=-,to=0/30000}{io=1/0,kio=1,kro=1}->HttpConnection@5d9665cf[p=HttpParser{s=START,0 of -1},g=HttpGenerator@5a29a7b6{s=START}]=>HttpChannelOverHttp@2e8a3034{s=HttpChannelState@6b88ab81{s=IDLE rs=BLOCKING os=OPEN is=IDLE awp=false se=false i=true al=0},r=0,c=false/false,a=IDLE,uri=null,age=0}
13:19:07.504 [qtp1209070290-131] DEBUG org.eclipse.jetty.io.ChannelEndPoint - task CEP:NetworkTrafficSocketChannelEndPoint@24725b44{/127.0.0.1:65052<->/127.0.0.1:8080,OPEN,fill=FI,flush=-,to=0/30000}{io=1/0,kio=1,kro=1}->HttpConnection@5d9665cf[p=HttpParser{s=START,0 of -1},g=HttpGenerator@5a29a7b6{s=START}]=>HttpChannelOverHttp@2e8a3034{s=HttpChannelState@6b88ab81{s=IDLE rs=BLOCKING os=OPEN is=IDLE awp=false se=false i=true al=0},r=0,c=false/false,a=IDLE,uri=null,age=0}:runFillable:BLOCKING
13:19:07.504 [qtp1209070290-131] DEBUG org.eclipse.jetty.util.thread.ReservedThreadExecutor - ReservedThreadExecutor@4f4ecc0{s=0/1,p=0} tryExecute EatWhatYouKill@ca22542/SelectorProducer@51d26865/PRODUCING/p=false/QueuedThreadPool[qtp1209070290]@4810f2d2{STARTED,8<=8<=14,i=3,r=1,q=0}[ReservedThreadExecutor@4f4ecc0{s=0/1,p=0}][pc=0,pic=0,pec=0,epc=0]@2020-09-25T13:19:07.5042142+02:00
13:19:07.504 [qtp1209070290-131] DEBUG org.eclipse.jetty.util.thread.ReservedThreadExecutor - ReservedThreadExecutor@4f4ecc0{s=0/1,p=1} startReservedThread p=1
13:19:07.504 [qtp1209070290-131] DEBUG org.eclipse.jetty.util.thread.QueuedThreadPool - queue ReservedThreadExecutor@4f4ecc0{s=0/1,p=1}@3855960e startThread=0
13:19:07.504 [qtp1209070290-135] DEBUG org.eclipse.jetty.util.thread.QueuedThreadPool - run ReservedThreadExecutor@4f4ecc0{s=0/1,p=1}@3855960e in QueuedThreadPool[qtp1209070290]@4810f2d2{STARTED,8<=8<=14,i=2,r=1,q=0}[ReservedThreadExecutor@4f4ecc0{s=0/1,p=1}]
13:19:07.504 [qtp1209070290-135] DEBUG org.eclipse.jetty.util.thread.ReservedThreadExecutor - ReservedThreadExecutor@4f4ecc0{s=1/1,p=1}@3855960e started
13:19:07.504 [qtp1209070290-135] DEBUG org.eclipse.jetty.util.thread.ReservedThreadExecutor - ReservedThreadExecutor@4f4ecc0{s=1/1,p=0}@3855960e waiting
13:19:07.504 [qtp1209070290-131] DEBUG org.eclipse.jetty.util.thread.strategy.EatWhatYouKill - EatWhatYouKill@ca22542/SelectorProducer@51d26865/PRODUCING/p=false/QueuedThreadPool[qtp1209070290]@4810f2d2{STARTED,8<=8<=14,i=2,r=1,q=0}[ReservedThreadExecutor@4f4ecc0{s=0/1,p=1}][pc=0,pic=0,pec=0,epc=0]@2020-09-25T13:19:07.5042142+02:00 m=PRODUCE_EXECUTE_CONSUME t=CEP:NetworkTrafficSocketChannelEndPoint@24725b44{/127.0.0.1:65052<->/127.0.0.1:8080,OPEN,fill=FI,flush=-,to=1/30000}{io=1/0,kio=1,kro=1}->HttpConnection@5d9665cf[p=HttpParser{s=START,0 of -1},g=HttpGenerator@5a29a7b6{s=START}]=>HttpChannelOverHttp@2e8a3034{s=HttpChannelState@6b88ab81{s=IDLE rs=BLOCKING os=OPEN is=IDLE awp=false se=false i=true al=0},r=0,c=false/false,a=IDLE,uri=null,age=0}:runFillable:BLOCKING/BLOCKING
13:19:07.504 [qtp1209070290-131] DEBUG org.eclipse.jetty.util.thread.QueuedThreadPool - queue CEP:NetworkTrafficSocketChannelEndPoint@24725b44{/127.0.0.1:65052<->/127.0.0.1:8080,OPEN,fill=FI,flush=-,to=1/30000}{io=1/0,kio=1,kro=1}->HttpConnection@5d9665cf[p=HttpParser{s=START,0 of -1},g=HttpGenerator@5a29a7b6{s=START}]=>HttpChannelOverHttp@2e8a3034{s=HttpChannelState@6b88ab81{s=IDLE rs=BLOCKING os=OPEN is=IDLE awp=false se=false i=true al=0},r=0,c=false/false,a=IDLE,uri=null,age=0}:runFillable:BLOCKING startThread=0
13:19:07.504 [qtp1209070290-131] DEBUG org.eclipse.jetty.io.ManagedSelector - updateable 0
13:19:07.504 [qtp1209070290-131] DEBUG org.eclipse.jetty.io.ManagedSelector - updates 0
13:19:07.505 [qtp1209070290-131] DEBUG org.eclipse.jetty.io.ChannelEndPoint - Key interests updated 1 -> 0 on NetworkTrafficSocketChannelEndPoint@24725b44{/127.0.0.1:65052<->/127.0.0.1:8080,OPEN,fill=FI,flush=-,to=1/30000}{io=0/0,kio=0,kro=1}->HttpConnection@5d9665cf[p=HttpParser{s=START,0 of -1},g=HttpGenerator@5a29a7b6{s=START}]=>HttpChannelOverHttp@2e8a3034{s=HttpChannelState@6b88ab81{s=IDLE rs=BLOCKING os=OPEN is=IDLE awp=false se=false i=true al=0},r=0,c=false/false,a=IDLE,uri=null,age=0}
13:19:07.505 [qtp1209070290-131] DEBUG org.eclipse.jetty.io.ManagedSelector - Selector sun.nio.ch.WindowsSelectorImpl@32adfd7e waiting with 1 keys
13:19:07.505 [qtp1209070290-136] DEBUG org.eclipse.jetty.util.thread.QueuedThreadPool - Runner started for QueuedThreadPool[qtp1209070290]@4810f2d2{STARTED,8<=8<=14,i=1,r=1,q=0}[ReservedThreadExecutor@4f4ecc0{s=1/1,p=0}]
13:19:07.505 [qtp1209070290-136] DEBUG org.eclipse.jetty.util.thread.QueuedThreadPool - run CEP:NetworkTrafficSocketChannelEndPoint@24725b44{/127.0.0.1:65052<->/127.0.0.1:8080,OPEN,fill=FI,flush=-,to=2/30000}{io=0/0,kio=0,kro=1}->HttpConnection@5d9665cf[p=HttpParser{s=START,0 of -1},g=HttpGenerator@5a29a7b6{s=START}]=>HttpChannelOverHttp@2e8a3034{s=HttpChannelState@6b88ab81{s=IDLE rs=BLOCKING os=OPEN is=IDLE awp=false se=false i=true al=0},r=0,c=false/false,a=IDLE,uri=null,age=0}:runFillable:BLOCKING in QueuedThreadPool[qtp1209070290]@4810f2d2{STARTED,8<=8<=14,i=1,r=1,q=0}[ReservedThreadExecutor@4f4ecc0{s=1/1,p=0}]
13:19:07.505 [qtp1209070290-136] DEBUG org.eclipse.jetty.io.FillInterest - fillable FillInterest@25dd3757{AC.ReadCB@5d9665cf{HttpConnection@5d9665cf::NetworkTrafficSocketChannelEndPoint@24725b44{/127.0.0.1:65052<->/127.0.0.1:8080,OPEN,fill=FI,flush=-,to=2/30000}{io=0/0,kio=0,kro=1}->HttpConnection@5d9665cf[p=HttpParser{s=START,0 of -1},g=HttpGenerator@5a29a7b6{s=START}]=>HttpChannelOverHttp@2e8a3034{s=HttpChannelState@6b88ab81{s=IDLE rs=BLOCKING os=OPEN is=IDLE awp=false se=false i=true al=0},r=0,c=false/false,a=IDLE,uri=null,age=0}}}
13:19:07.506 [qtp1209070290-136] DEBUG org.eclipse.jetty.server.HttpConnection - HttpConnection@5d9665cf::NetworkTrafficSocketChannelEndPoint@24725b44{/127.0.0.1:65052<->/127.0.0.1:8080,OPEN,fill=-,flush=-,to=2/30000}{io=0/0,kio=0,kro=1}->HttpConnection@5d9665cf[p=HttpParser{s=START,0 of -1},g=HttpGenerator@5a29a7b6{s=START}]=>HttpChannelOverHttp@2e8a3034{s=HttpChannelState@6b88ab81{s=IDLE rs=BLOCKING os=OPEN is=IDLE awp=false se=false i=true al=0},r=0,c=false/false,a=IDLE,uri=null,age=0} onFillable enter HttpChannelState@6b88ab81{s=IDLE rs=BLOCKING os=OPEN is=IDLE awp=false se=false i=true al=0} null
13:19:07.506 [qtp1209070290-136] DEBUG org.eclipse.jetty.io.ChannelEndPoint - filled 487 HeapByteBuffer@7b29b23d[p=0,l=487,c=8192,r=487]={<<<POST /__admin/mappings HT...a-b265-4af915844f6a"\r\n}>>>\x00\x00\x00\x00\x00\x00\x00\x00\x00...\x00\x00\x00\x00\x00\x00\x00}
13:19:07.506 [qtp1209070290-136] DEBUG org.eclipse.jetty.server.HttpConnection - HttpConnection@5d9665cf::NetworkTrafficSocketChannelEndPoint@24725b44{/127.0.0.1:65052<->/127.0.0.1:8080,OPEN,fill=-,flush=-,to=0/30000}{io=0/0,kio=0,kro=1}->HttpConnection@5d9665cf[p=HttpParser{s=START,0 of -1},g=HttpGenerator@5a29a7b6{s=START}]=>HttpChannelOverHttp@2e8a3034{s=HttpChannelState@6b88ab81{s=IDLE rs=BLOCKING os=OPEN is=IDLE awp=false se=false i=true al=0},r=0,c=false/false,a=IDLE,uri=null,age=0} filled 487 HeapByteBuffer@7b29b23d[p=0,l=487,c=8192,r=487]={<<<POST /__admin/mappings HT...a-b265-4af915844f6a"\r\n}>>>\x00\x00\x00\x00\x00\x00\x00\x00\x00...\x00\x00\x00\x00\x00\x00\x00}
13:19:07.506 [qtp1209070290-136] DEBUG org.eclipse.jetty.server.HttpConnection - HttpConnection@5d9665cf::NetworkTrafficSocketChannelEndPoint@24725b44{/127.0.0.1:65052<->/127.0.0.1:8080,OPEN,fill=-,flush=-,to=0/30000}{io=0/0,kio=0,kro=1}->HttpConnection@5d9665cf[p=HttpParser{s=START,0 of -1},g=HttpGenerator@5a29a7b6{s=START}]=>HttpChannelOverHttp@2e8a3034{s=HttpChannelState@6b88ab81{s=IDLE rs=BLOCKING os=OPEN is=IDLE awp=false se=false i=true al=0},r=0,c=false/false,a=IDLE,uri=null,age=0} parse HeapByteBuffer@7b29b23d[p=0,l=487,c=8192,r=487]={<<<POST /__admin/mappings HT...a-b265-4af915844f6a"\r\n}>>>\x00\x00\x00\x00\x00\x00\x00\x00\x00...\x00\x00\x00\x00\x00\x00\x00} {}
13:19:07.506 [qtp1209070290-136] DEBUG org.eclipse.jetty.http.HttpParser - parseNext s=START HeapByteBuffer@7b29b23d[p=0,l=487,c=8192,r=487]={<<<POST /__admin/mappings HT...a-b265-4af915844f6a"\r\n}>>>\x00\x00\x00\x00\x00\x00\x00\x00\x00...\x00\x00\x00\x00\x00\x00\x00}
13:19:07.506 [qtp1209070290-136] DEBUG org.eclipse.jetty.http.HttpParser - START --> SPACE1
13:19:07.506 [qtp1209070290-136] DEBUG org.eclipse.jetty.http.HttpParser - SPACE1 --> URI
13:19:07.506 [qtp1209070290-136] DEBUG org.eclipse.jetty.http.HttpParser - URI --> SPACE2
13:19:07.506 [qtp1209070290-136] DEBUG org.eclipse.jetty.http.HttpParser - SPACE2 --> REQUEST_VERSION
13:19:07.506 [qtp1209070290-136] DEBUG org.eclipse.jetty.http.HttpParser - REQUEST_VERSION --> HEADER
13:19:07.506 [qtp1209070290-136] DEBUG org.eclipse.jetty.http.HttpParser - HEADER:Content-Length --> VALUE
13:19:07.506 [qtp1209070290-136] DEBUG org.eclipse.jetty.http.HttpParser - HEADER:Content-Length --> IN_VALUE
13:19:07.506 [qtp1209070290-136] DEBUG org.eclipse.jetty.http.HttpParser - HEADER:Content-Length --> FIELD
13:19:07.506 [qtp1209070290-136] DEBUG org.eclipse.jetty.http.HttpParser - HEADER:Content-Type: text/plain; charset=UTF-8 --> IN_VALUE
13:19:07.506 [qtp1209070290-136] DEBUG org.eclipse.jetty.http.HttpParser - HEADER:Content-Type: text/plain; charset=UTF-8 --> FIELD
13:19:07.506 [qtp1209070290-136] DEBUG org.eclipse.jetty.http.HttpParser - HEADER:Host --> VALUE
13:19:07.506 [qtp1209070290-136] DEBUG org.eclipse.jetty.http.HttpParser - HEADER:Host --> IN_VALUE
13:19:07.506 [qtp1209070290-136] DEBUG org.eclipse.jetty.http.HttpParser - HEADER:Host --> FIELD
13:19:07.506 [qtp1209070290-136] DEBUG org.eclipse.jetty.http.HttpParser - HEADER:Connection: keep-alive --> IN_VALUE
13:19:07.506 [qtp1209070290-136] DEBUG org.eclipse.jetty.http.HttpParser - HEADER:Connection: keep-alive --> FIELD
13:19:07.506 [qtp1209070290-136] DEBUG org.eclipse.jetty.http.HttpParser - HEADER:User-Agent --> VALUE
13:19:07.506 [qtp1209070290-136] DEBUG org.eclipse.jetty.http.HttpParser - HEADER:User-Agent --> IN_VALUE
13:19:07.506 [qtp1209070290-136] DEBUG org.eclipse.jetty.http.HttpParser - HEADER:User-Agent --> FIELD
13:19:07.506 [qtp1209070290-136] DEBUG org.eclipse.jetty.http.HttpParser - HEADER --> CONTENT
13:19:07.507 [qtp1209070290-136] DEBUG org.eclipse.jetty.server.HttpChannel - REQUEST for //localhost:8080/__admin/mappings on HttpChannelOverHttp@2e8a3034{s=HttpChannelState@6b88ab81{s=IDLE rs=BLOCKING os=OPEN is=IDLE awp=false se=false i=true al=0},r=1,c=false/false,a=IDLE,uri=//localhost:8080/__admin/mappings,age=1}
POST //localhost:8080/__admin/mappings HTTP/1.1
Content-Length: 292
Content-Type: text/plain; charset=UTF-8
Host: localhost:8080
Connection: keep-alive
User-Agent: Apache-HttpClient/4.5.12 (Java/11.0.2)


13:19:07.507 [qtp1209070290-136] DEBUG org.eclipse.jetty.server.HttpConnection - HttpConnection@5d9665cf::NetworkTrafficSocketChannelEndPoint@24725b44{/127.0.0.1:65052<->/127.0.0.1:8080,OPEN,fill=-,flush=-,to=0/30000}{io=0/0,kio=0,kro=1}->HttpConnection@5d9665cf[p=HttpParser{s=CONTENT,0 of 292},g=HttpGenerator@5a29a7b6{s=START}]=>HttpChannelOverHttp@2e8a3034{s=HttpChannelState@6b88ab81{s=IDLE rs=BLOCKING os=OPEN is=IDLE awp=false se=false i=true al=0},r=1,c=false/false,a=IDLE,uri=//localhost:8080/__admin/mappings,age=1} parsed true HttpParser{s=CONTENT,0 of 292}
13:19:07.507 [qtp1209070290-136] DEBUG org.eclipse.jetty.server.HttpChannel - handle //localhost:8080/__admin/mappings HttpChannelOverHttp@2e8a3034{s=HttpChannelState@6b88ab81{s=IDLE rs=BLOCKING os=OPEN is=IDLE awp=false se=false i=true al=0},r=1,c=false/false,a=IDLE,uri=//localhost:8080/__admin/mappings,age=1} 
13:19:07.507 [qtp1209070290-136] DEBUG org.eclipse.jetty.server.HttpChannelState - handling HttpChannelState@6b88ab81{s=IDLE rs=BLOCKING os=OPEN is=IDLE awp=false se=false i=true al=0}
13:19:07.507 [qtp1209070290-136] DEBUG org.eclipse.jetty.server.HttpChannel - action DISPATCH HttpChannelOverHttp@2e8a3034{s=HttpChannelState@6b88ab81{s=HANDLING rs=BLOCKING os=OPEN is=IDLE awp=false se=false i=true al=0},r=1,c=false/false,a=HANDLING,uri=//localhost:8080/__admin/mappings,age=1}
13:19:07.507 [qtp1209070290-136] DEBUG org.eclipse.jetty.server.Server - REQUEST POST /__admin/mappings on HttpChannelOverHttp@2e8a3034{s=HttpChannelState@6b88ab81{s=HANDLING rs=BLOCKING os=OPEN is=IDLE awp=false se=false i=true al=0},r=1,c=false/false,a=HANDLING,uri=//localhost:8080/__admin/mappings,age=1}
13:19:07.507 [qtp1209070290-136] DEBUG org.eclipse.jetty.server.handler.ContextHandler - scope null||/__admin/mappings @ o.e.j.s.ServletContextHandler@a15c548{/__admin,null,AVAILABLE}
13:19:07.507 [qtp1209070290-136] DEBUG org.eclipse.jetty.server.handler.ContextHandler - context=/__admin||/mappings @ o.e.j.s.ServletContextHandler@a15c548{/__admin,null,AVAILABLE}
13:19:07.507 [qtp1209070290-136] DEBUG org.eclipse.jetty.servlet.ServletHandler - servlet /__admin|/mappings|null -> com.github.tomakehurst.wiremock.servlet.WireMockHandlerDispatchingServlet-48b4ef13@b4cb2ae7==com.github.tomakehurst.wiremock.servlet.WireMockHandlerDispatchingServlet,jsp=null,order=-1,inst=false,async=true
13:19:07.507 [qtp1209070290-136] DEBUG org.eclipse.jetty.servlet.ServletHandler - chain=org.eclipse.jetty.servlets.CrossOriginFilter-658292fe@658292fe==org.eclipse.jetty.servlets.CrossOriginFilter,inst=true,async=true->com.github.tomakehurst.wiremock.servlet.WireMockHandlerDispatchingServlet-48b4ef13@b4cb2ae7==com.github.tomakehurst.wiremock.servlet.WireMockHandlerDispatchingServlet,jsp=null,order=-1,inst=false,async=true
13:19:07.507 [qtp1209070290-136] DEBUG org.eclipse.jetty.servlet.ServletHolder - Servlet.init com.github.tomakehurst.wiremock.servlet.WireMockHandlerDispatchingServlet@75ee4328 for com.github.tomakehurst.wiremock.servlet.WireMockHandlerDispatchingServlet-48b4ef13
13:19:07.517 [qtp1209070290-136] INFO org.eclipse.jetty.server.handler.ContextHandler.__admin - RequestHandlerClass from context returned com.github.tomakehurst.wiremock.http.AdminRequestHandler. Normalized mapped under returned 'null'
13:19:07.517 [qtp1209070290-136] DEBUG org.eclipse.jetty.servlet.ServletHandler - call filter org.eclipse.jetty.servlets.CrossOriginFilter-658292fe@658292fe==org.eclipse.jetty.servlets.CrossOriginFilter,inst=true,async=true
13:19:07.517 [qtp1209070290-136] DEBUG org.eclipse.jetty.servlet.ServletHandler - call servlet com.github.tomakehurst.wiremock.servlet.WireMockHandlerDispatchingServlet-48b4ef13@b4cb2ae7==com.github.tomakehurst.wiremock.servlet.WireMockHandlerDispatchingServlet,jsp=null,order=-1,inst=true,async=true
13:19:07.517 [qtp1209070290-137] DEBUG org.eclipse.jetty.util.thread.QueuedThreadPool - Runner started for QueuedThreadPool[qtp1209070290]@4810f2d2{STARTED,8<=8<=14,i=1,r=1,q=0}[ReservedThreadExecutor@4f4ecc0{s=1/1,p=0}]
13:19:07.518 [qtp1209070290-136] DEBUG org.eclipse.jetty.server.HttpConnection - HttpConnection@5d9665cf::NetworkTrafficSocketChannelEndPoint@24725b44{/127.0.0.1:65052<->/127.0.0.1:8080,OPEN,fill=-,flush=-,to=12/30000}{io=0/0,kio=0,kro=1}->HttpConnection@5d9665cf[p=HttpParser{s=CONTENT,0 of 292},g=HttpGenerator@5a29a7b6{s=START}]=>HttpChannelOverHttp@2e8a3034{s=HttpChannelState@6b88ab81{s=HANDLING rs=BLOCKING os=OPEN is=IDLE awp=false se=false i=true al=0},r=1,c=false/false,a=HANDLING,uri=//localhost:8080/__admin/mappings,age=12} parse HeapByteBuffer@7b29b23d[p=195,l=487,c=8192,r=292]={POST /__a....2)\r\n\r\n<<<{\r\n  "id" : "6accf1bf-961...a-b265-4af915844f6a"\r\n}>>>\x00\x00\x00\x00\x00\x00\x00\x00\x00...\x00\x00\x00\x00\x00\x00\x00} {}
13:19:07.518 [qtp1209070290-136] DEBUG org.eclipse.jetty.http.HttpParser - parseNext s=CONTENT HeapByteBuffer@7b29b23d[p=195,l=487,c=8192,r=292]={POST /__a....2)\r\n\r\n<<<{\r\n  "id" : "6accf1bf-961...a-b265-4af915844f6a"\r\n}>>>\x00\x00\x00\x00\x00\x00\x00\x00\x00...\x00\x00\x00\x00\x00\x00\x00}
13:19:07.518 [qtp1209070290-136] DEBUG org.eclipse.jetty.server.HttpChannel - onContent HttpChannelOverHttp@2e8a3034{s=HttpChannelState@6b88ab81{s=HANDLING rs=BLOCKING os=OPEN is=IDLE awp=false se=false i=true al=0},r=1,c=false/false,a=HANDLING,uri=//localhost:8080/__admin/mappings,age=12} Content@71d1d94d{HeapByteBufferR@34d34913[p=195,l=487,c=8192,r=292]={POST /__a....2)\r\n\r\n<<<{\r\n  "id" : "6accf1bf-961...a-b265-4af915844f6a"\r\n}>>>\x00\x00\x00\x00\x00\x00\x00\x00\x00...\x00\x00\x00\x00\x00\x00\x00}}
13:19:07.518 [qtp1209070290-136] DEBUG org.eclipse.jetty.server.HttpInput - HttpInputOverHTTP@25dbdee[c=0,q=0,[0]=null,s=STREAM] addContent Content@71d1d94d{HeapByteBufferR@34d34913[p=195,l=487,c=8192,r=292]={POST /__a....2)\r\n\r\n<<<{\r\n  "id" : "6accf1bf-961...a-b265-4af915844f6a"\r\n}>>>\x00\x00\x00\x00\x00\x00\x00\x00\x00...\x00\x00\x00\x00\x00\x00\x00}}
13:19:07.518 [qtp1209070290-136] DEBUG org.eclipse.jetty.http.HttpParser - CONTENT --> CONTENT_END
13:19:07.518 [qtp1209070290-136] DEBUG org.eclipse.jetty.server.HttpChannel - onContentComplete HttpChannelOverHttp@2e8a3034{s=HttpChannelState@6b88ab81{s=HANDLING rs=BLOCKING os=OPEN is=IDLE awp=false se=false i=true al=0},r=1,c=false/false,a=HANDLING,uri=//localhost:8080/__admin/mappings,age=12}
13:19:07.518 [qtp1209070290-136] DEBUG org.eclipse.jetty.http.HttpParser - CONTENT_END --> END
13:19:07.518 [qtp1209070290-136] DEBUG org.eclipse.jetty.server.HttpChannel - onRequestComplete HttpChannelOverHttp@2e8a3034{s=HttpChannelState@6b88ab81{s=HANDLING rs=BLOCKING os=OPEN is=IDLE awp=false se=false i=true al=0},r=1,c=false/false,a=HANDLING,uri=//localhost:8080/__admin/mappings,age=12}
13:19:07.518 [qtp1209070290-136] DEBUG org.eclipse.jetty.server.HttpInput - HttpInputOverHTTP@25dbdee[c=0,q=1,[0]=EOF,s=STREAM] addContent EOF
13:19:07.518 [qtp1209070290-136] DEBUG org.eclipse.jetty.server.HttpConnection - HttpConnection@5d9665cf::NetworkTrafficSocketChannelEndPoint@24725b44{/127.0.0.1:65052<->/127.0.0.1:8080,OPEN,fill=-,flush=-,to=12/30000}{io=0/0,kio=0,kro=1}->HttpConnection@5d9665cf[p=HttpParser{s=END,292 of 292},g=HttpGenerator@5a29a7b6{s=START}]=>HttpChannelOverHttp@2e8a3034{s=HttpChannelState@6b88ab81{s=HANDLING rs=BLOCKING os=OPEN is=IDLE awp=false se=false i=true al=0},r=1,c=false/false,a=HANDLING,uri=//localhost:8080/__admin/mappings,age=12} parsed false HttpParser{s=END,292 of 292}
13:19:07.519 [qtp1209070290-136] DEBUG org.eclipse.jetty.server.HttpInput - HttpInputOverHTTP@25dbdee[c=292,q=1,[0]=EOF,s=STREAM] read 292 from Content@71d1d94d{HeapByteBufferR@34d34913[p=487,l=487,c=8192,r=0]={POST /__a...f6a"\r\n}<<<>>>\x00\x00\x00\x00\x00\x00\x00\x00\x00...\x00\x00\x00\x00\x00\x00\x00}}
13:19:07.519 [qtp1209070290-136] DEBUG org.eclipse.jetty.server.HttpConnection - releaseRequestBuffer HttpConnection@5d9665cf::NetworkTrafficSocketChannelEndPoint@24725b44{/127.0.0.1:65052<->/127.0.0.1:8080,OPEN,fill=-,flush=-,to=12/30000}{io=0/0,kio=0,kro=1}->HttpConnection@5d9665cf[p=HttpParser{s=END,292 of 292},g=HttpGenerator@5a29a7b6{s=START}]=>HttpChannelOverHttp@2e8a3034{s=HttpChannelState@6b88ab81{s=HANDLING rs=BLOCKING os=OPEN is=IDLE awp=false se=false i=true al=0},r=1,c=false/false,a=HANDLING,uri=//localhost:8080/__admin/mappings,age=13}
13:19:07.519 [qtp1209070290-136] DEBUG org.eclipse.jetty.server.HttpChannelState - onEof HttpChannelState@6b88ab81{s=HANDLING rs=BLOCKING os=OPEN is=IDLE awp=false se=false i=true al=0}
13:19:07.539 [qtp1209070290-136] DEBUG org.eclipse.jetty.server.HttpOutput - write(array HeapByteBuffer@52d598e[p=0,l=292,c=8192,r=292]={<<<{\r\n  "id" : "6accf1bf-961...a-b265-4af915844f6a"\r\n}>>>\x00\x00\x00\x00\x00\x00\x00\x00\x00...\x00\x00\x00\x00\x00\x00\x00})
13:19:07.539 [qtp1209070290-136] DEBUG org.eclipse.jetty.server.HttpOutput - write(array) s=OPEN,api=BLOCKING,sc=false,e=null aggregated !flush DirectByteBuffer@7a49f3d7[p=0,l=292,c=32768,r=292]={<<<{\r\n  "id" : "6accf1bf-961...a-b265-4af915844f6a"\r\n}>>>\x00\x00\x00\x00\x00\x00\x00\x00\x00...\x00\x00\x00\x00\x00\x00\x00}
13:19:07.539 [qtp1209070290-136] DEBUG org.eclipse.jetty.server.HttpChannel - sendResponse info=null content=DirectByteBuffer@7a49f3d7[p=0,l=292,c=32768,r=292]={<<<{\r\n  "id" : "6accf1bf-961...a-b265-4af915844f6a"\r\n}>>>\x00\x00\x00\x00\x00\x00\x00\x00\x00...\x00\x00\x00\x00\x00\x00\x00} complete=false committing=true callback=Blocker@54fcb65c{null}
13:19:07.539 [qtp1209070290-136] DEBUG org.eclipse.jetty.server.HttpChannel - COMMIT for /__admin/mappings on HttpChannelOverHttp@2e8a3034{s=HttpChannelState@6b88ab81{s=HANDLING rs=BLOCKING os=COMMITTED is=READY awp=false se=false i=true al=0},r=1,c=false/false,a=HANDLING,uri=//localhost:8080/__admin/mappings,age=33}
201 null HTTP/1.1
Content-Type: application/json


13:19:07.539 [qtp1209070290-136] DEBUG org.eclipse.jetty.server.HttpConnection - generate: NEED_HEADER for org.eclipse.jetty.server.HttpConnection$SendCallback@3b21c3e0[PROCESSING][i=HTTP/1.1{s=201,h=1,cl=-1},cb=org.eclipse.jetty.server.HttpChannel$SendCallback@54af0c23] (null,[p=0,l=292,c=32768,r=292],false)@START
13:19:07.539 [qtp1209070290-136] DEBUG org.eclipse.jetty.http.HttpGenerator - generateHeaders HTTP/1.1{s=201,h=1,cl=-1} last=false content=DirectByteBuffer@7a49f3d7[p=0,l=292,c=32768,r=292]={<<<{\r\n  "id" : "6accf1bf-961...a-b265-4af915844f6a"\r\n}>>>\x00\x00\x00\x00\x00\x00\x00\x00\x00...\x00\x00\x00\x00\x00\x00\x00}
13:19:07.539 [qtp1209070290-136] DEBUG org.eclipse.jetty.http.HttpGenerator - Content-Type: application/json


13:19:07.539 [qtp1209070290-136] DEBUG org.eclipse.jetty.http.HttpGenerator - CHUNKED_CONTENT
13:19:07.539 [qtp1209070290-136] DEBUG org.eclipse.jetty.server.HttpConnection - generate: FLUSH for org.eclipse.jetty.server.HttpConnection$SendCallback@3b21c3e0[PROCESSING][i=HTTP/1.1{s=201,h=1,cl=-1},cb=org.eclipse.jetty.server.HttpChannel$SendCallback@54af0c23] ([p=0,l=122,c=8192,r=122],[p=0,l=292,c=32768,r=292],false)@COMMITTED
13:19:07.539 [qtp1209070290-136] DEBUG org.eclipse.jetty.io.WriteFlusher - write: WriteFlusher@614d9a2a{IDLE}->null [HeapByteBuffer@7b29b23d[p=0,l=122,c=8192,r=122]={<<<HTTP/1.1 201 Created\r\nCon....28.v20200408)\r\n\r\n124\r\n>>>ction: Ke...\x00\x00\x00\x00\x00\x00\x00},DirectByteBuffer@7a49f3d7[p=0,l=292,c=32768,r=292]={<<<{\r\n  "id" : "6accf1bf-961...a-b265-4af915844f6a"\r\n}>>>\x00\x00\x00\x00\x00\x00\x00\x00\x00...\x00\x00\x00\x00\x00\x00\x00}]
13:19:07.539 [qtp1209070290-136] DEBUG org.eclipse.jetty.io.WriteFlusher - update WriteFlusher@614d9a2a{WRITING}->null:IDLE-->WRITING
13:19:07.539 [Test worker] DEBUG org.apache.http.wire - http-outgoing-6 << "HTTP/1.1 201 Created[\r][\n]"
13:19:07.539 [Test worker] DEBUG org.apache.http.wire - http-outgoing-6 << "Content-Type: application/json[\r][\n]"
13:19:07.539 [Test worker] DEBUG org.apache.http.wire - http-outgoing-6 << "Transfer-Encoding: chunked[\r][\n]"
13:19:07.539 [Test worker] DEBUG org.apache.http.wire - http-outgoing-6 << "Server: Jetty(9.4.28.v20200408)[\r][\n]"
13:19:07.539 [Test worker] DEBUG org.apache.http.wire - http-outgoing-6 << "[\r][\n]"
13:19:07.539 [Test worker] DEBUG org.apache.http.wire - http-outgoing-6 << "124[\r][\n]"
13:19:07.540 [qtp1209070290-136] DEBUG org.eclipse.jetty.io.ChannelEndPoint - flushed 122 NetworkTrafficSocketChannelEndPoint@24725b44{/127.0.0.1:65052<->/127.0.0.1:8080,OPEN,fill=-,flush=W,to=33/30000}{io=0/0,kio=0,kro=1}->HttpConnection@5d9665cf[p=HttpParser{s=END,292 of 292},g=HttpGenerator@5a29a7b6{s=COMMITTED}]=>HttpChannelOverHttp@2e8a3034{s=HttpChannelState@6b88ab81{s=HANDLING rs=BLOCKING os=COMMITTED is=READY awp=false se=false i=true al=0},r=1,c=false/false,a=HANDLING,uri=//localhost:8080/__admin/mappings,age=34}
13:19:07.540 [Test worker] DEBUG org.apache.http.headers - http-outgoing-6 << HTTP/1.1 201 Created
13:19:07.540 [Test worker] DEBUG org.apache.http.headers - http-outgoing-6 << Content-Type: application/json
13:19:07.540 [Test worker] DEBUG org.apache.http.headers - http-outgoing-6 << Transfer-Encoding: chunked
13:19:07.540 [Test worker] DEBUG org.apache.http.headers - http-outgoing-6 << Server: Jetty(9.4.28.v20200408)
13:19:07.540 [qtp1209070290-136] DEBUG org.eclipse.jetty.io.ChannelEndPoint - flushed 292 NetworkTrafficSocketChannelEndPoint@24725b44{/127.0.0.1:65052<->/127.0.0.1:8080,OPEN,fill=-,flush=W,to=0/30000}{io=0/0,kio=0,kro=1}->HttpConnection@5d9665cf[p=HttpParser{s=END,292 of 292},g=HttpGenerator@5a29a7b6{s=COMMITTED}]=>HttpChannelOverHttp@2e8a3034{s=HttpChannelState@6b88ab81{s=HANDLING rs=BLOCKING os=COMMITTED is=READY awp=false se=false i=true al=0},r=1,c=false/false,a=HANDLING,uri=//localhost:8080/__admin/mappings,age=34}
13:19:07.540 [qtp1209070290-136] DEBUG org.eclipse.jetty.io.WriteFlusher - Flushed=true written=414 remaining=0 WriteFlusher@614d9a2a{WRITING}->null
13:19:07.540 [qtp1209070290-136] DEBUG org.eclipse.jetty.io.WriteFlusher - update WriteFlusher@614d9a2a{IDLE}->null:WRITING-->IDLE
13:19:07.540 [Test worker] DEBUG org.apache.http.impl.execchain.MainClientExec - Connection can be kept alive indefinitely
13:19:07.540 [qtp1209070290-136] DEBUG org.eclipse.jetty.server.HttpConnection - generate: DONE for org.eclipse.jetty.server.HttpConnection$SendCallback@3b21c3e0[PROCESSING][i=HTTP/1.1{s=201,h=1,cl=-1},cb=org.eclipse.jetty.server.HttpChannel$SendCallback@54af0c23] ([p=122,l=122,c=8192,r=0],[p=292,l=292,c=32768,r=0],false)@COMMITTED
13:19:07.540 [qtp1209070290-136] DEBUG org.eclipse.jetty.server.HttpOutput - onWriteComplete(false,null) s=OPEN,api=BLOCKED,sc=false,e=null->s=OPEN,api=BLOCKING,sc=false,e=null c=null cb=null w=false
13:19:07.540 [qtp1209070290-136] DEBUG org.eclipse.jetty.server.HttpOutput - close() s=CLOSING,api=BLOCKED,sc=false,e=null c=HeapByteBuffer@137d328[p=0,l=0,c=0,r=0]={<<<>>>} b=Blocker@54fcb65c{null}
13:19:07.540 [qtp1209070290-136] DEBUG org.eclipse.jetty.server.HttpChannel - sendResponse info=null content=HeapByteBuffer@137d328[p=0,l=0,c=0,r=0]={<<<>>>} complete=true committing=false callback=Blocker@54fcb65c{null}
13:19:07.540 [qtp1209070290-136] DEBUG org.eclipse.jetty.server.HttpConnection - generate: CONTINUE for org.eclipse.jetty.server.HttpConnection$SendCallback@3b21c3e0[PROCESSING][i=null,cb=org.eclipse.jetty.server.HttpChannel$SendCallback@50b28e09] (null,[p=0,l=0,c=0,r=0],true)@COMPLETING
13:19:07.540 [qtp1209070290-136] DEBUG org.eclipse.jetty.server.HttpConnection - generate: NEED_CHUNK for org.eclipse.jetty.server.HttpConnection$SendCallback@3b21c3e0[PROCESSING][i=null,cb=org.eclipse.jetty.server.HttpChannel$SendCallback@50b28e09] (null,[p=0,l=0,c=0,r=0],true)@COMPLETING
13:19:07.540 [Test worker] DEBUG org.apache.http.wire - http-outgoing-6 << "{[\r][\n]"
13:19:07.540 [Test worker] DEBUG org.apache.http.wire - http-outgoing-6 << "  "id" : "6accf1bf-961a-400a-b265-4af915844f6a",[\r][\n]"
13:19:07.540 [qtp1209070290-136] DEBUG org.eclipse.jetty.server.HttpConnection - generate: FLUSH for org.eclipse.jetty.server.HttpConnection$SendCallback@3b21c3e0[PROCESSING][i=null,cb=org.eclipse.jetty.server.HttpChannel$SendCallback@50b28e09] (null,[p=0,l=0,c=0,r=0],true)@COMPLETING
13:19:07.540 [Test worker] DEBUG org.apache.http.wire - http-outgoing-6 << "  "request" : {[\r][\n]"
13:19:07.540 [Test worker] DEBUG org.apache.http.wire - http-outgoing-6 << "    "url" : "/api/v0/components/provision-adapters/jobs",[\r][\n]"
13:19:07.540 [Test worker] DEBUG org.apache.http.wire - http-outgoing-6 << "    "method" : "POST"[\r][\n]"
13:19:07.540 [Test worker] DEBUG org.apache.http.wire - http-outgoing-6 << "  },[\r][\n]"
13:19:07.540 [qtp1209070290-136] DEBUG org.eclipse.jetty.io.WriteFlusher - write: WriteFlusher@614d9a2a{IDLE}->null [HeapByteBuffer@65b9693c[p=0,l=7,c=1024,r=7]={<<<\r\n0\r\n\r\n>>>\x00\x00\x00\x00\x00\x00\x00\x00\x00...\x00\x00\x00\x00\x00\x00\x00}]
13:19:07.540 [Test worker] DEBUG org.apache.http.wire - http-outgoing-6 << "  "response" : {[\r][\n]"
13:19:07.540 [Test worker] DEBUG org.apache.http.wire - http-outgoing-6 << "    "status" : 200,[\r][\n]"
13:19:07.540 [Test worker] DEBUG org.apache.http.wire - http-outgoing-6 << "    "fixedDelayMilliseconds" : 2100[\r][\n]"
13:19:07.540 [Test worker] DEBUG org.apache.http.wire - http-outgoing-6 << "  },[\r][\n]"
13:19:07.540 [Test worker] DEBUG org.apache.http.wire - http-outgoing-6 << "  "uuid" : "6accf1bf-961a-400a-b265-4af915844f6a"[\r][\n]"
13:19:07.540 [Test worker] DEBUG org.apache.http.wire - http-outgoing-6 << "}"
13:19:07.540 [qtp1209070290-136] DEBUG org.eclipse.jetty.io.WriteFlusher - update WriteFlusher@614d9a2a{WRITING}->null:IDLE-->WRITING
13:19:07.540 [Test worker] DEBUG org.apache.http.wire - http-outgoing-6 << "[\r][\n]"
13:19:07.540 [Test worker] DEBUG org.apache.http.wire - http-outgoing-6 << "0[\r][\n]"
13:19:07.540 [Test worker] DEBUG org.apache.http.wire - http-outgoing-6 << "[\r][\n]"
13:19:07.540 [Test worker] DEBUG org.apache.http.impl.conn.PoolingHttpClientConnectionManager - Connection [id: 6][route: {}->http://localhost:8080] can be kept alive indefinitely
13:19:07.540 [Test worker] DEBUG org.apache.http.impl.conn.DefaultManagedHttpClientConnection - http-outgoing-6: set socket timeout to 0
13:19:07.541 [Test worker] DEBUG org.apache.http.impl.conn.PoolingHttpClientConnectionManager - Connection released: [id: 6][route: {}->http://localhost:8080][total available: 1; route allocated: 1 of 5; total allocated: 1 of 50]
13:19:07.543 [qtp1209070290-136] DEBUG org.eclipse.jetty.io.ChannelEndPoint - flushed 7 NetworkTrafficSocketChannelEndPoint@24725b44{/127.0.0.1:65052<->/127.0.0.1:8080,OPEN,fill=-,flush=W,to=0/30000}{io=0/0,kio=0,kro=1}->HttpConnection@5d9665cf[p=HttpParser{s=END,292 of 292},g=HttpGenerator@5a29a7b6{s=COMPLETING}]=>HttpChannelOverHttp@2e8a3034{s=HttpChannelState@6b88ab81{s=HANDLING rs=BLOCKING os=COMMITTED is=READY awp=false se=false i=true al=0},r=1,c=false/false,a=HANDLING,uri=//localhost:8080/__admin/mappings,age=35}
13:19:07.543 [qtp1209070290-136] DEBUG org.eclipse.jetty.io.WriteFlusher - Flushed=true written=7 remaining=0 WriteFlusher@614d9a2a{WRITING}->null
13:19:07.543 [qtp1209070290-136] DEBUG org.eclipse.jetty.io.WriteFlusher - update WriteFlusher@614d9a2a{IDLE}->null:WRITING-->IDLE
13:19:07.543 [qtp1209070290-136] DEBUG org.eclipse.jetty.server.HttpConnection - generate: DONE for org.eclipse.jetty.server.HttpConnection$SendCallback@3b21c3e0[PROCESSING][i=null,cb=org.eclipse.jetty.server.HttpChannel$SendCallback@50b28e09] (null,[p=0,l=0,c=0,r=0],true)@END
13:19:07.544 [Test worker] DEBUG org.springframework.web.reactive.function.client.ExchangeFunctions - [d6edac0] HTTP POST http://localhost:8080/api/v0/components/provision-adapters/jobs
13:19:07.545 [qtp1209070290-136] DEBUG org.eclipse.jetty.server.HttpOutput - onWriteComplete(true,null) s=CLOSING,api=BLOCKED,sc=false,e=null->s=CLOSED,api=BLOCKING,sc=false,e=null c=null cb=null w=false
13:19:07.547 [reactor-http-nio-1] DEBUG reactor.netty.resources.PooledConnectionProvider - [id: 0x4e5eef0f] Created a new pooled channel, now 1 active connections and 0 inactive connections
13:19:07.547 [reactor-http-nio-1] DEBUG reactor.netty.channel.BootstrapHandlers - [id: 0x4e5eef0f] Initialized pipeline DefaultChannelPipeline{(BootstrapHandlers$BootstrapInitializerHandler#0 = reactor.netty.channel.BootstrapHandlers$BootstrapInitializerHandler), (PooledConnectionProvider$PooledConnectionAllocator$PooledConnectionInitializer#0 = reactor.netty.resources.PooledConnectionProvider$PooledConnectionAllocator$PooledConnectionInitializer), (reactor.left.httpCodec = io.netty.handler.codec.http.HttpClientCodec), (reactor.right.reactiveBridge = reactor.netty.channel.ChannelOperationsHandler)}
13:19:07.550 [qtp1209070290-133-acceptor-1@40c8c7c9-NetworkTrafficServerConnector@6c15ea0b{HTTP/1.1, (http/1.1)}{0.0.0.0:8080}] DEBUG org.eclipse.jetty.io.ManagedSelector - Queued change org.eclipse.jetty.io.ManagedSelector$Accept@42c78600 on ManagedSelector@4fc62f79{STARTED} id=0 keys=0 selected=0 updates=0
13:19:07.550 [qtp1209070290-133-acceptor-1@40c8c7c9-NetworkTrafficServerConnector@6c15ea0b{HTTP/1.1, (http/1.1)}{0.0.0.0:8080}] DEBUG org.eclipse.jetty.io.ManagedSelector - Wakeup on submit ManagedSelector@4fc62f79{STARTED} id=0 keys=0 selected=0 updates=1
13:19:07.550 [reactor-http-nio-1] DEBUG reactor.netty.resources.PooledConnectionProvider - [id: 0x4e5eef0f, L:/127.0.0.1:65053 - R:localhost/127.0.0.1:8080] Registering pool release on close event for channel
13:19:07.550 [reactor-http-nio-1] DEBUG reactor.netty.resources.PooledConnectionProvider - [id: 0x4e5eef0f, L:/127.0.0.1:65053 - R:localhost/127.0.0.1:8080] Channel connected, now 1 active connections and 0 inactive connections
13:19:07.550 [reactor-http-nio-1] DEBUG reactor.netty.resources.PooledConnectionProvider - [id: 0x4e5eef0f, L:/127.0.0.1:65053 - R:localhost/127.0.0.1:8080] onStateChange(PooledConnection{channel=[id: 0x4e5eef0f, L:/127.0.0.1:65053 - R:localhost/127.0.0.1:8080]}, [connected])
13:19:07.550 [qtp1209070290-130] DEBUG org.eclipse.jetty.io.ManagedSelector - Selector sun.nio.ch.WindowsSelectorImpl@665861d woken with none selected
13:19:07.550 [qtp1209070290-130] DEBUG org.eclipse.jetty.io.ManagedSelector - Selector sun.nio.ch.WindowsSelectorImpl@665861d woken up from select, 0/0/0 selected
13:19:07.550 [qtp1209070290-130] DEBUG org.eclipse.jetty.io.ManagedSelector - Selector sun.nio.ch.WindowsSelectorImpl@665861d processing 0 keys, 1 updates
13:19:07.551 [qtp1209070290-130] DEBUG org.eclipse.jetty.io.ManagedSelector - updateable 1
13:19:07.550 [reactor-http-nio-1] DEBUG reactor.netty.resources.PooledConnectionProvider - [id: 0x4e5eef0f, L:/127.0.0.1:65053 - R:localhost/127.0.0.1:8080] onStateChange(GET{uri=/, connection=PooledConnection{channel=[id: 0x4e5eef0f, L:/127.0.0.1:65053 - R:localhost/127.0.0.1:8080]}}, [configured])
13:19:07.551 [qtp1209070290-130] DEBUG org.eclipse.jetty.io.ManagedSelector - update org.eclipse.jetty.io.ManagedSelector$Accept@42c78600
13:19:07.551 [qtp1209070290-130] DEBUG org.eclipse.jetty.util.thread.QueuedThreadPool - queue org.eclipse.jetty.io.ManagedSelector$Accept@42c78600 startThread=0
13:19:07.551 [qtp1209070290-130] DEBUG org.eclipse.jetty.io.ManagedSelector - updates 0
13:19:07.551 [qtp1209070290-130] DEBUG org.eclipse.jetty.io.ManagedSelector - Selector sun.nio.ch.WindowsSelectorImpl@665861d waiting with 1 keys
13:19:07.551 [reactor-http-nio-1] DEBUG reactor.netty.ReactorNetty - [id: 0x4e5eef0f, L:/127.0.0.1:65053 - R:localhost/127.0.0.1:8080] Added decoder [ReadTimeoutHandler] at the end of the user pipeline, full pipeline: [reactor.left.httpCodec, ReadTimeoutHandler, reactor.right.reactiveBridge, DefaultChannelPipeline$TailContext#0]
13:19:07.551 [reactor-http-nio-1] DEBUG reactor.netty.ReactorNetty - [id: 0x4e5eef0f, L:/127.0.0.1:65053 - R:localhost/127.0.0.1:8080] Added decoder [WriteTimeoutHandler] at the end of the user pipeline, full pipeline: [reactor.left.httpCodec, ReadTimeoutHandler, WriteTimeoutHandler, reactor.right.reactiveBridge, DefaultChannelPipeline$TailContext#0]
13:19:07.551 [reactor-http-nio-1] DEBUG reactor.netty.http.client.HttpClientConnect - [id: 0x4e5eef0f, L:/127.0.0.1:65053 - R:localhost/127.0.0.1:8080] Handler is being applied: {uri=http://localhost:8080/api/v0/components/provision-adapters/jobs, method=POST}
13:19:07.551 [reactor-http-nio-1] DEBUG reactor.netty.resources.PooledConnectionProvider - [id: 0x4e5eef0f, L:/127.0.0.1:65053 - R:localhost/127.0.0.1:8080] onStateChange(POST{uri=/api/v0/components/provision-adapters/jobs, connection=PooledConnection{channel=[id: 0x4e5eef0f, L:/127.0.0.1:65053 - R:localhost/127.0.0.1:8080]}}, [request_prepared])
13:19:07.552 [reactor-http-nio-1] DEBUG org.springframework.http.codec.json.Jackson2JsonEncoder - [d6edac0] Encoding [ComponentInstanceRequest(id=0d60571b-63fa-4e26-81e4-b719a1199105, productId=00f65044-3acc-4629-803e- (truncated)...]
13:19:07.553 [reactor-http-nio-1] DEBUG reactor.netty.resources.PooledConnectionProvider - [id: 0x4e5eef0f, L:/127.0.0.1:65053 - R:localhost/127.0.0.1:8080] onStateChange(POST{uri=/api/v0/components/provision-adapters/jobs, connection=PooledConnection{channel=[id: 0x4e5eef0f, L:/127.0.0.1:65053 - R:localhost/127.0.0.1:8080]}}, [request_sent])
13:19:07.553 [qtp1209070290-137] DEBUG org.eclipse.jetty.util.thread.QueuedThreadPool - run org.eclipse.jetty.io.ManagedSelector$Accept@42c78600 in QueuedThreadPool[qtp1209070290]@4810f2d2{STARTED,8<=8<=14,i=0,r=1,q=0}[ReservedThreadExecutor@4f4ecc0{s=1/1,p=0}]
13:19:07.554 [qtp1209070290-137] DEBUG org.eclipse.jetty.io.IdleTimeout - NetworkTrafficSocketChannelEndPoint@15632651{/127.0.0.1:65053<->/127.0.0.1:8080,OPEN,fill=-,flush=-,to=0/30000}{io=0/0,kio=0,kro=0}-><null> idle timeout check, elapsed: 0 ms, remaining: 30000 ms
13:19:07.555 [qtp1209070290-136] DEBUG org.eclipse.jetty.server.handler.gzip.GzipHandler - GzipHandler@36425b18{STARTED,min=32,inflate=-1} handle Request[POST //localhost:8080/__admin/mappings]@495bafbc in null
13:19:07.555 [qtp1209070290-136] DEBUG org.eclipse.jetty.server.handler.ContextHandler - scope null||/__admin/mappings @ o.e.j.s.ServletContextHandler@56621157{/,null,AVAILABLE}
13:19:07.555 [qtp1209070290-136] DEBUG org.eclipse.jetty.server.Server - handled=true async=false committed=true on HttpChannelOverHttp@2e8a3034{s=HttpChannelState@6b88ab81{s=HANDLING rs=BLOCKING os=COMPLETED is=READY awp=false se=false i=true al=0},r=1,c=false/true,a=HANDLING,uri=//localhost:8080/__admin/mappings,age=49}
13:19:07.556 [qtp1209070290-136] DEBUG org.eclipse.jetty.server.HttpChannelState - unhandle HttpChannelState@6b88ab81{s=HANDLING rs=BLOCKING os=COMPLETED is=READY awp=false se=false i=true al=0}
13:19:07.556 [qtp1209070290-136] DEBUG org.eclipse.jetty.server.HttpChannelState - nextAction(false) COMPLETE HttpChannelState@6b88ab81{s=HANDLING rs=COMPLETING os=COMPLETED is=READY awp=false se=false i=false al=0}
13:19:07.556 [qtp1209070290-136] DEBUG org.eclipse.jetty.server.HttpChannel - action COMPLETE HttpChannelOverHttp@2e8a3034{s=HttpChannelState@6b88ab81{s=HANDLING rs=COMPLETING os=COMPLETED is=READY awp=false se=false i=false al=0},r=1,c=false/true,a=HANDLING,uri=//localhost:8080/__admin/mappings,age=50}
13:19:07.556 [qtp1209070290-136] DEBUG org.eclipse.jetty.server.HttpOutput - complete(org.eclipse.jetty.util.Callback$4@44cae077) s=CLOSED,api=BLOCKING,sc=false,e=null s=true e=null, c=null
13:19:07.556 [qtp1209070290-136] DEBUG org.eclipse.jetty.server.HttpChannelState - completed HttpChannelState@6b88ab81{s=HANDLING rs=COMPLETING os=COMPLETED is=READY awp=false se=false i=false al=0}
13:19:07.556 [qtp1209070290-136] DEBUG org.eclipse.jetty.server.HttpChannelState - unhandle HttpChannelState@6b88ab81{s=HANDLING rs=COMPLETED os=COMPLETED is=READY awp=false se=false i=false al=0}
13:19:07.556 [qtp1209070290-136] DEBUG org.eclipse.jetty.server.HttpChannelState - nextAction(false) TERMINATED HttpChannelState@6b88ab81{s=IDLE rs=COMPLETED os=COMPLETED is=READY awp=false se=false i=false al=0}
13:19:07.556 [qtp1209070290-136] DEBUG org.eclipse.jetty.server.HttpChannel - action TERMINATED HttpChannelOverHttp@2e8a3034{s=HttpChannelState@6b88ab81{s=IDLE rs=COMPLETED os=COMPLETED is=READY awp=false se=false i=false al=0},r=1,c=true/true,a=IDLE,uri=//localhost:8080/__admin/mappings,age=50}
13:19:07.556 [qtp1209070290-136] DEBUG org.eclipse.jetty.server.HttpChannel - onCompleted for /__admin/mappings written=292
13:19:07.556 [qtp1209070290-136] DEBUG org.eclipse.jetty.server.HttpChannelState - recycle HttpChannelState@6b88ab81{s=IDLE rs=COMPLETED os=COMPLETED is=READY awp=false se=false i=false al=0}
13:19:07.556 [qtp1209070290-136] DEBUG org.eclipse.jetty.http.HttpParser - reset HttpParser{s=END,292 of 292}
13:19:07.556 [qtp1209070290-136] DEBUG org.eclipse.jetty.http.HttpParser - END --> START
13:19:07.556 [qtp1209070290-136] DEBUG org.eclipse.jetty.server.HttpChannel - !handle TERMINATED HttpChannelOverHttp@2e8a3034{s=HttpChannelState@6b88ab81{s=IDLE rs=BLOCKING os=OPEN is=IDLE awp=false se=false i=true al=0},r=1,c=false/false,a=IDLE,uri=null,age=0}
13:19:07.556 [qtp1209070290-136] DEBUG org.eclipse.jetty.io.ChannelEndPoint - filled 0 HeapByteBuffer@7b29b23d[p=0,l=0,c=8192,r=0]={<<<>>>HTTP/1.1 ...\x00\x00\x00\x00\x00\x00\x00}
13:19:07.556 [qtp1209070290-136] DEBUG org.eclipse.jetty.io.ChannelEndPoint - filled 0 HeapByteBuffer@7b29b23d[p=0,l=0,c=8192,r=0]={<<<>>>HTTP/1.1 ...\x00\x00\x00\x00\x00\x00\x00}
13:19:07.556 [qtp1209070290-136] DEBUG org.eclipse.jetty.server.HttpConnection - HttpConnection@5d9665cf::NetworkTrafficSocketChannelEndPoint@24725b44{/127.0.0.1:65052<->/127.0.0.1:8080,OPEN,fill=-,flush=-,to=13/30000}{io=0/0,kio=0,kro=1}->HttpConnection@5d9665cf[p=HttpParser{s=START,0 of -1},g=HttpGenerator@5a29a7b6{s=START}]=>HttpChannelOverHttp@2e8a3034{s=HttpChannelState@6b88ab81{s=IDLE rs=BLOCKING os=OPEN is=IDLE awp=false se=false i=true al=0},r=1,c=false/false,a=IDLE,uri=null,age=0} filled 0 HeapByteBuffer@7b29b23d[p=0,l=0,c=8192,r=0]={<<<>>>HTTP/1.1 ...\x00\x00\x00\x00\x00\x00\x00}
13:19:07.556 [qtp1209070290-136] DEBUG org.eclipse.jetty.server.HttpConnection - HttpConnection@5d9665cf::NetworkTrafficSocketChannelEndPoint@24725b44{/127.0.0.1:65052<->/127.0.0.1:8080,OPEN,fill=-,flush=-,to=13/30000}{io=0/0,kio=0,kro=1}->HttpConnection@5d9665cf[p=HttpParser{s=START,0 of -1},g=HttpGenerator@5a29a7b6{s=START}]=>HttpChannelOverHttp@2e8a3034{s=HttpChannelState@6b88ab81{s=IDLE rs=BLOCKING os=OPEN is=IDLE awp=false se=false i=true al=0},r=1,c=false/false,a=IDLE,uri=null,age=0} parse HeapByteBuffer@7b29b23d[p=0,l=0,c=8192,r=0]={<<<>>>HTTP/1.1 ...\x00\x00\x00\x00\x00\x00\x00} {}
13:19:07.556 [qtp1209070290-136] DEBUG org.eclipse.jetty.http.HttpParser - parseNext s=START HeapByteBuffer@7b29b23d[p=0,l=0,c=8192,r=0]={<<<>>>HTTP/1.1 ...\x00\x00\x00\x00\x00\x00\x00}
13:19:07.556 [qtp1209070290-136] DEBUG org.eclipse.jetty.server.HttpConnection - HttpConnection@5d9665cf::NetworkTrafficSocketChannelEndPoint@24725b44{/127.0.0.1:65052<->/127.0.0.1:8080,OPEN,fill=-,flush=-,to=13/30000}{io=0/0,kio=0,kro=1}->HttpConnection@5d9665cf[p=HttpParser{s=START,0 of -1},g=HttpGenerator@5a29a7b6{s=START}]=>HttpChannelOverHttp@2e8a3034{s=HttpChannelState@6b88ab81{s=IDLE rs=BLOCKING os=OPEN is=IDLE awp=false se=false i=true al=0},r=1,c=false/false,a=IDLE,uri=null,age=0} parsed false HttpParser{s=START,0 of -1}
13:19:07.556 [qtp1209070290-136] DEBUG org.eclipse.jetty.server.HttpConnection - releaseRequestBuffer HttpConnection@5d9665cf::NetworkTrafficSocketChannelEndPoint@24725b44{/127.0.0.1:65052<->/127.0.0.1:8080,OPEN,fill=-,flush=-,to=13/30000}{io=0/0,kio=0,kro=1}->HttpConnection@5d9665cf[p=HttpParser{s=START,0 of -1},g=HttpGenerator@5a29a7b6{s=START}]=>HttpChannelOverHttp@2e8a3034{s=HttpChannelState@6b88ab81{s=IDLE rs=BLOCKING os=OPEN is=IDLE awp=false se=false i=true al=0},r=1,c=false/false,a=IDLE,uri=null,age=0}
13:19:07.557 [qtp1209070290-136] DEBUG org.eclipse.jetty.io.AbstractConnection - fillInterested HttpConnection@5d9665cf::NetworkTrafficSocketChannelEndPoint@24725b44{/127.0.0.1:65052<->/127.0.0.1:8080,OPEN,fill=-,flush=-,to=13/30000}{io=0/0,kio=0,kro=1}->HttpConnection@5d9665cf[p=HttpParser{s=START,0 of -1},g=HttpGenerator@5a29a7b6{s=START}]=>HttpChannelOverHttp@2e8a3034{s=HttpChannelState@6b88ab81{s=IDLE rs=BLOCKING os=OPEN is=IDLE awp=false se=false i=true al=0},r=1,c=false/false,a=IDLE,uri=null,age=0}
13:19:07.557 [qtp1209070290-136] DEBUG org.eclipse.jetty.io.FillInterest - interested FillInterest@25dd3757{AC.ReadCB@5d9665cf{HttpConnection@5d9665cf::NetworkTrafficSocketChannelEndPoint@24725b44{/127.0.0.1:65052<->/127.0.0.1:8080,OPEN,fill=FI,flush=-,to=0/30000}{io=0/0,kio=0,kro=1}->HttpConnection@5d9665cf[p=HttpParser{s=START,0 of -1},g=HttpGenerator@5a29a7b6{s=START}]=>HttpChannelOverHttp@2e8a3034{s=HttpChannelState@6b88ab81{s=IDLE rs=BLOCKING os=OPEN is=IDLE awp=false se=false i=true al=0},r=1,c=false/false,a=IDLE,uri=null,age=0}}}
13:19:07.557 [qtp1209070290-136] DEBUG org.eclipse.jetty.io.ChannelEndPoint - changeInterests p=false 0->1 for NetworkTrafficSocketChannelEndPoint@24725b44{/127.0.0.1:65052<->/127.0.0.1:8080,OPEN,fill=FI,flush=-,to=0/30000}{io=0/1,kio=0,kro=1}->HttpConnection@5d9665cf[p=HttpParser{s=START,0 of -1},g=HttpGenerator@5a29a7b6{s=START}]=>HttpChannelOverHttp@2e8a3034{s=HttpChannelState@6b88ab81{s=IDLE rs=BLOCKING os=OPEN is=IDLE awp=false se=false i=true al=0},r=1,c=false/false,a=IDLE,uri=null,age=0}
13:19:07.557 [qtp1209070290-136] DEBUG org.eclipse.jetty.io.ManagedSelector - Queued change org.eclipse.jetty.io.ChannelEndPoint$1@ba754ce on ManagedSelector@740a358e{STARTED} id=1 keys=1 selected=0 updates=0
13:19:07.557 [qtp1209070290-136] DEBUG org.eclipse.jetty.io.ManagedSelector - Wakeup on submit ManagedSelector@740a358e{STARTED} id=1 keys=1 selected=0 updates=1
13:19:07.557 [qtp1209070290-131] DEBUG org.eclipse.jetty.io.ManagedSelector - Selector sun.nio.ch.WindowsSelectorImpl@32adfd7e woken with none selected
13:19:07.557 [qtp1209070290-131] DEBUG org.eclipse.jetty.io.ManagedSelector - Selector sun.nio.ch.WindowsSelectorImpl@32adfd7e woken up from select, 0/0/1 selected
13:19:07.557 [qtp1209070290-131] DEBUG org.eclipse.jetty.io.ManagedSelector - Selector sun.nio.ch.WindowsSelectorImpl@32adfd7e processing 0 keys, 1 updates
13:19:07.557 [qtp1209070290-131] DEBUG org.eclipse.jetty.io.ManagedSelector - updateable 1
13:19:07.557 [qtp1209070290-131] DEBUG org.eclipse.jetty.io.ManagedSelector - update org.eclipse.jetty.io.ChannelEndPoint$1@ba754ce
13:19:07.557 [qtp1209070290-131] DEBUG org.eclipse.jetty.io.ChannelEndPoint - Key interests updated 0 -> 1 on NetworkTrafficSocketChannelEndPoint@24725b44{/127.0.0.1:65052<->/127.0.0.1:8080,OPEN,fill=FI,flush=-,to=0/30000}{io=1/1,kio=1,kro=1}->HttpConnection@5d9665cf[p=HttpParser{s=START,0 of -1},g=HttpGenerator@5a29a7b6{s=START}]=>HttpChannelOverHttp@2e8a3034{s=HttpChannelState@6b88ab81{s=IDLE rs=BLOCKING os=OPEN is=IDLE awp=false se=false i=true al=0},r=1,c=false/false,a=IDLE,uri=null,age=0}
13:19:07.557 [qtp1209070290-131] DEBUG org.eclipse.jetty.io.ManagedSelector - updates 0
13:19:07.557 [qtp1209070290-131] DEBUG org.eclipse.jetty.io.ManagedSelector - Selector sun.nio.ch.WindowsSelectorImpl@32adfd7e waiting with 1 keys
13:19:07.557 [qtp1209070290-136] DEBUG org.eclipse.jetty.server.HttpConnection - HttpConnection@5d9665cf::NetworkTrafficSocketChannelEndPoint@24725b44{/127.0.0.1:65052<->/127.0.0.1:8080,OPEN,fill=FI,flush=-,to=0/30000}{io=1/1,kio=1,kro=1}->HttpConnection@5d9665cf[p=HttpParser{s=START,0 of -1},g=HttpGenerator@5a29a7b6{s=START}]=>HttpChannelOverHttp@2e8a3034{s=HttpChannelState@6b88ab81{s=IDLE rs=BLOCKING os=OPEN is=IDLE awp=false se=false i=true al=0},r=1,c=false/false,a=IDLE,uri=null,age=0} onFillable exit HttpChannelState@6b88ab81{s=IDLE rs=BLOCKING os=OPEN is=IDLE awp=false se=false i=true al=0} null
13:19:07.557 [qtp1209070290-136] DEBUG org.eclipse.jetty.util.thread.QueuedThreadPool - ran CEP:NetworkTrafficSocketChannelEndPoint@24725b44{/127.0.0.1:65052<->/127.0.0.1:8080,OPEN,fill=FI,flush=-,to=0/30000}{io=1/1,kio=1,kro=1}->HttpConnection@5d9665cf[p=HttpParser{s=START,0 of -1},g=HttpGenerator@5a29a7b6{s=START}]=>HttpChannelOverHttp@2e8a3034{s=HttpChannelState@6b88ab81{s=IDLE rs=BLOCKING os=OPEN is=IDLE awp=false se=false i=true al=0},r=1,c=false/false,a=IDLE,uri=null,age=0}:runFillable:BLOCKING in QueuedThreadPool[qtp1209070290]@4810f2d2{STARTED,8<=8<=14,i=0,r=1,q=0}[ReservedThreadExecutor@4f4ecc0{s=1/1,p=0}]
13:19:07.561 [qtp1209070290-137] DEBUG org.eclipse.jetty.server.HttpChannel - new HttpChannelOverHttp@1ba4da8d{s=HttpChannelState@1f9b4d21{s=IDLE rs=BLOCKING os=OPEN is=IDLE awp=false se=false i=true al=0},r=0,c=false/false,a=IDLE,uri=null,age=0} -> NetworkTrafficSocketChannelEndPoint@15632651{/127.0.0.1:65053<->/127.0.0.1:8080,OPEN,fill=-,flush=-,to=7/30000}{io=0/0,kio=0,kro=0}-><null>,null,HttpChannelState@1f9b4d21{s=IDLE rs=BLOCKING os=OPEN is=IDLE awp=false se=false i=true al=0}
13:19:07.561 [qtp1209070290-137] DEBUG org.eclipse.jetty.server.HttpConnection - New HTTP Connection HttpConnection@5a99d0b6::NetworkTrafficSocketChannelEndPoint@15632651{/127.0.0.1:65053<->/127.0.0.1:8080,OPEN,fill=-,flush=-,to=7/30000}{io=0/0,kio=0,kro=0}-><null>
13:19:07.561 [qtp1209070290-137] DEBUG org.eclipse.jetty.io.AbstractEndPoint - onOpen NetworkTrafficSocketChannelEndPoint@15632651{/127.0.0.1:65053<->/127.0.0.1:8080,OPEN,fill=-,flush=-,to=7/30000}{io=0/0,kio=0,kro=0}->HttpConnection@5a99d0b6[p=HttpParser{s=START,0 of -1},g=HttpGenerator@56c4341a{s=START}]=>HttpChannelOverHttp@1ba4da8d{s=HttpChannelState@1f9b4d21{s=IDLE rs=BLOCKING os=OPEN is=IDLE awp=false se=false i=true al=0},r=0,c=false/false,a=IDLE,uri=null,age=0}
13:19:07.562 [qtp1209070290-137] DEBUG org.eclipse.jetty.io.AbstractConnection - onOpen HttpConnection@5a99d0b6::NetworkTrafficSocketChannelEndPoint@15632651{/127.0.0.1:65053<->/127.0.0.1:8080,OPEN,fill=-,flush=-,to=7/30000}{io=0/0,kio=0,kro=0}->HttpConnection@5a99d0b6[p=HttpParser{s=START,0 of -1},g=HttpGenerator@56c4341a{s=START}]=>HttpChannelOverHttp@1ba4da8d{s=HttpChannelState@1f9b4d21{s=IDLE rs=BLOCKING os=OPEN is=IDLE awp=false se=false i=true al=0},r=0,c=false/false,a=IDLE,uri=null,age=0}
13:19:07.562 [qtp1209070290-137] DEBUG org.eclipse.jetty.io.AbstractConnection - fillInterested HttpConnection@5a99d0b6::NetworkTrafficSocketChannelEndPoint@15632651{/127.0.0.1:65053<->/127.0.0.1:8080,OPEN,fill=-,flush=-,to=8/30000}{io=0/0,kio=0,kro=0}->HttpConnection@5a99d0b6[p=HttpParser{s=START,0 of -1},g=HttpGenerator@56c4341a{s=START}]=>HttpChannelOverHttp@1ba4da8d{s=HttpChannelState@1f9b4d21{s=IDLE rs=BLOCKING os=OPEN is=IDLE awp=false se=false i=true al=0},r=0,c=false/false,a=IDLE,uri=null,age=0}
13:19:07.562 [qtp1209070290-137] DEBUG org.eclipse.jetty.io.FillInterest - interested FillInterest@6b09ecfd{AC.ReadCB@5a99d0b6{HttpConnection@5a99d0b6::NetworkTrafficSocketChannelEndPoint@15632651{/127.0.0.1:65053<->/127.0.0.1:8080,OPEN,fill=FI,flush=-,to=0/30000}{io=0/0,kio=0,kro=0}->HttpConnection@5a99d0b6[p=HttpParser{s=START,0 of -1},g=HttpGenerator@56c4341a{s=START}]=>HttpChannelOverHttp@1ba4da8d{s=HttpChannelState@1f9b4d21{s=IDLE rs=BLOCKING os=OPEN is=IDLE awp=false se=false i=true al=0},r=0,c=false/false,a=IDLE,uri=null,age=0}}}
13:19:07.563 [qtp1209070290-137] DEBUG org.eclipse.jetty.io.ChannelEndPoint - changeInterests p=false 0->1 for NetworkTrafficSocketChannelEndPoint@15632651{/127.0.0.1:65053<->/127.0.0.1:8080,OPEN,fill=FI,flush=-,to=0/30000}{io=0/1,kio=0,kro=0}->HttpConnection@5a99d0b6[p=HttpParser{s=START,0 of -1},g=HttpGenerator@56c4341a{s=START}]=>HttpChannelOverHttp@1ba4da8d{s=HttpChannelState@1f9b4d21{s=IDLE rs=BLOCKING os=OPEN is=IDLE awp=false se=false i=true al=0},r=0,c=false/false,a=IDLE,uri=null,age=0}
13:19:07.563 [qtp1209070290-137] DEBUG org.eclipse.jetty.io.ManagedSelector - Queued change org.eclipse.jetty.io.ChannelEndPoint$1@2ebe56f8 on ManagedSelector@4fc62f79{STARTED} id=0 keys=1 selected=0 updates=0
13:19:07.563 [qtp1209070290-137] DEBUG org.eclipse.jetty.io.ManagedSelector - Wakeup on submit ManagedSelector@4fc62f79{STARTED} id=0 keys=1 selected=0 updates=1
13:19:07.563 [qtp1209070290-130] DEBUG org.eclipse.jetty.io.ManagedSelector - Selector sun.nio.ch.WindowsSelectorImpl@665861d woken with none selected
13:19:07.563 [qtp1209070290-130] DEBUG org.eclipse.jetty.io.ManagedSelector - Selector sun.nio.ch.WindowsSelectorImpl@665861d woken up from select, 0/0/1 selected
13:19:07.563 [qtp1209070290-130] DEBUG org.eclipse.jetty.io.ManagedSelector - Selector sun.nio.ch.WindowsSelectorImpl@665861d processing 0 keys, 1 updates
13:19:07.563 [qtp1209070290-130] DEBUG org.eclipse.jetty.io.ManagedSelector - updateable 1
13:19:07.563 [qtp1209070290-130] DEBUG org.eclipse.jetty.io.ManagedSelector - update org.eclipse.jetty.io.ChannelEndPoint$1@2ebe56f8
13:19:07.563 [qtp1209070290-130] DEBUG org.eclipse.jetty.io.ChannelEndPoint - Key interests updated 0 -> 1 on NetworkTrafficSocketChannelEndPoint@15632651{/127.0.0.1:65053<->/127.0.0.1:8080,OPEN,fill=FI,flush=-,to=0/30000}{io=1/1,kio=1,kro=0}->HttpConnection@5a99d0b6[p=HttpParser{s=START,0 of -1},g=HttpGenerator@56c4341a{s=START}]=>HttpChannelOverHttp@1ba4da8d{s=HttpChannelState@1f9b4d21{s=IDLE rs=BLOCKING os=OPEN is=IDLE awp=false se=false i=true al=0},r=0,c=false/false,a=IDLE,uri=null,age=0}
13:19:07.563 [qtp1209070290-130] DEBUG org.eclipse.jetty.io.ManagedSelector - updates 0
13:19:07.563 [qtp1209070290-130] DEBUG org.eclipse.jetty.io.ManagedSelector - Selector sun.nio.ch.WindowsSelectorImpl@665861d waiting with 1 keys
13:19:07.563 [qtp1209070290-130] DEBUG org.eclipse.jetty.io.ManagedSelector - Selector sun.nio.ch.WindowsSelectorImpl@665861d woken up from select, 1/1/1 selected
13:19:07.563 [qtp1209070290-130] DEBUG org.eclipse.jetty.io.ManagedSelector - Selector sun.nio.ch.WindowsSelectorImpl@665861d processing 1 keys, 0 updates
13:19:07.563 [qtp1209070290-130] DEBUG org.eclipse.jetty.io.ManagedSelector - selected 1 channel=java.nio.channels.SocketChannel[connected local=/127.0.0.1:8080 remote=/127.0.0.1:65053], selector=sun.nio.ch.WindowsSelectorImpl@665861d, interestOps=1, readyOps=1 NetworkTrafficSocketChannelEndPoint@15632651{/127.0.0.1:65053<->/127.0.0.1:8080,OPEN,fill=FI,flush=-,to=0/30000}{io=1/1,kio=1,kro=1}->HttpConnection@5a99d0b6[p=HttpParser{s=START,0 of -1},g=HttpGenerator@56c4341a{s=START}]=>HttpChannelOverHttp@1ba4da8d{s=HttpChannelState@1f9b4d21{s=IDLE rs=BLOCKING os=OPEN is=IDLE awp=false se=false i=true al=0},r=0,c=false/false,a=IDLE,uri=null,age=0} 
13:19:07.563 [qtp1209070290-130] DEBUG org.eclipse.jetty.io.ChannelEndPoint - onSelected 1->0 r=true w=false for NetworkTrafficSocketChannelEndPoint@15632651{/127.0.0.1:65053<->/127.0.0.1:8080,OPEN,fill=FI,flush=-,to=0/30000}{io=1/0,kio=1,kro=1}->HttpConnection@5a99d0b6[p=HttpParser{s=START,0 of -1},g=HttpGenerator@56c4341a{s=START}]=>HttpChannelOverHttp@1ba4da8d{s=HttpChannelState@1f9b4d21{s=IDLE rs=BLOCKING os=OPEN is=IDLE awp=false se=false i=true al=0},r=0,c=false/false,a=IDLE,uri=null,age=0}
13:19:07.563 [qtp1209070290-130] DEBUG org.eclipse.jetty.io.ChannelEndPoint - task CEP:NetworkTrafficSocketChannelEndPoint@15632651{/127.0.0.1:65053<->/127.0.0.1:8080,OPEN,fill=FI,flush=-,to=0/30000}{io=1/0,kio=1,kro=1}->HttpConnection@5a99d0b6[p=HttpParser{s=START,0 of -1},g=HttpGenerator@56c4341a{s=START}]=>HttpChannelOverHttp@1ba4da8d{s=HttpChannelState@1f9b4d21{s=IDLE rs=BLOCKING os=OPEN is=IDLE awp=false se=false i=true al=0},r=0,c=false/false,a=IDLE,uri=null,age=0}:runFillable:BLOCKING
13:19:07.563 [qtp1209070290-130] DEBUG org.eclipse.jetty.util.thread.ReservedThreadExecutor - ReservedThreadExecutor@4f4ecc0{s=1/1,p=0} tryExecute EatWhatYouKill@62a7e142/SelectorProducer@566e727b/PRODUCING/p=false/QueuedThreadPool[qtp1209070290]@4810f2d2{STARTED,8<=8<=14,i=1,r=1,q=0}[ReservedThreadExecutor@4f4ecc0{s=1/1,p=0}][pc=0,pic=0,pec=0,epc=0]@2020-09-25T13:19:07.5632081+02:00
13:19:07.563 [qtp1209070290-130] DEBUG org.eclipse.jetty.util.thread.ReservedThreadExecutor - ReservedThreadExecutor@4f4ecc0{s=0/1,p=0}@3855960e offer EatWhatYouKill@62a7e142/SelectorProducer@566e727b/PRODUCING/p=false/QueuedThreadPool[qtp1209070290]@4810f2d2{STARTED,8<=8<=14,i=1,r=1,q=0}[ReservedThreadExecutor@4f4ecc0{s=0/1,p=0}][pc=0,pic=0,pec=0,epc=0]@2020-09-25T13:19:07.5632081+02:00
13:19:07.563 [qtp1209070290-130] DEBUG org.eclipse.jetty.util.thread.ReservedThreadExecutor - ReservedThreadExecutor@4f4ecc0{s=0/1,p=1} startReservedThread p=1
13:19:07.563 [qtp1209070290-130] DEBUG org.eclipse.jetty.util.thread.QueuedThreadPool - queue ReservedThreadExecutor@4f4ecc0{s=0/1,p=1}@c9ded6d startThread=0
13:19:07.564 [qtp1209070290-130] DEBUG org.eclipse.jetty.util.thread.strategy.EatWhatYouKill - EatWhatYouKill@62a7e142/SelectorProducer@566e727b/IDLE/p=true/QueuedThreadPool[qtp1209070290]@4810f2d2{STARTED,8<=8<=14,i=0,r=1,q=0}[ReservedThreadExecutor@4f4ecc0{s=0/1,p=1}][pc=0,pic=0,pec=0,epc=0]@2020-09-25T13:19:07.5642059+02:00 m=EXECUTE_PRODUCE_CONSUME t=CEP:NetworkTrafficSocketChannelEndPoint@15632651{/127.0.0.1:65053<->/127.0.0.1:8080,OPEN,fill=FI,flush=-,to=1/30000}{io=1/0,kio=1,kro=1}->HttpConnection@5a99d0b6[p=HttpParser{s=START,0 of -1},g=HttpGenerator@56c4341a{s=START}]=>HttpChannelOverHttp@1ba4da8d{s=HttpChannelState@1f9b4d21{s=IDLE rs=BLOCKING os=OPEN is=IDLE awp=false se=false i=true al=0},r=0,c=false/false,a=IDLE,uri=null,age=0}:runFillable:BLOCKING/BLOCKING
13:19:07.564 [qtp1209070290-130] DEBUG org.eclipse.jetty.io.FillInterest - fillable FillInterest@6b09ecfd{AC.ReadCB@5a99d0b6{HttpConnection@5a99d0b6::NetworkTrafficSocketChannelEndPoint@15632651{/127.0.0.1:65053<->/127.0.0.1:8080,OPEN,fill=FI,flush=-,to=1/30000}{io=1/0,kio=1,kro=1}->HttpConnection@5a99d0b6[p=HttpParser{s=START,0 of -1},g=HttpGenerator@56c4341a{s=START}]=>HttpChannelOverHttp@1ba4da8d{s=HttpChannelState@1f9b4d21{s=IDLE rs=BLOCKING os=OPEN is=IDLE awp=false se=false i=true al=0},r=0,c=false/false,a=IDLE,uri=null,age=0}}}
13:19:07.564 [qtp1209070290-130] DEBUG org.eclipse.jetty.server.HttpConnection - HttpConnection@5a99d0b6::NetworkTrafficSocketChannelEndPoint@15632651{/127.0.0.1:65053<->/127.0.0.1:8080,OPEN,fill=-,flush=-,to=1/30000}{io=1/0,kio=1,kro=1}->HttpConnection@5a99d0b6[p=HttpParser{s=START,0 of -1},g=HttpGenerator@56c4341a{s=START}]=>HttpChannelOverHttp@1ba4da8d{s=HttpChannelState@1f9b4d21{s=IDLE rs=BLOCKING os=OPEN is=IDLE awp=false se=false i=true al=0},r=0,c=false/false,a=IDLE,uri=null,age=0} onFillable enter HttpChannelState@1f9b4d21{s=IDLE rs=BLOCKING os=OPEN is=IDLE awp=false se=false i=true al=0} null
13:19:07.564 [qtp1209070290-130] DEBUG org.eclipse.jetty.io.ChannelEndPoint - filled 356 HeapByteBuffer@7b29b23d[p=0,l=356,c=8192,r=356]={<<<POST /api/v0/components/p...ev-build","answers":{}}>>>response"...\x00\x00\x00\x00\x00\x00\x00}
13:19:07.564 [qtp1209070290-130] DEBUG org.eclipse.jetty.server.HttpConnection - HttpConnection@5a99d0b6::NetworkTrafficSocketChannelEndPoint@15632651{/127.0.0.1:65053<->/127.0.0.1:8080,OPEN,fill=-,flush=-,to=0/30000}{io=1/0,kio=1,kro=1}->HttpConnection@5a99d0b6[p=HttpParser{s=START,0 of -1},g=HttpGenerator@56c4341a{s=START}]=>HttpChannelOverHttp@1ba4da8d{s=HttpChannelState@1f9b4d21{s=IDLE rs=BLOCKING os=OPEN is=IDLE awp=false se=false i=true al=0},r=0,c=false/false,a=IDLE,uri=null,age=0} filled 356 HeapByteBuffer@7b29b23d[p=0,l=356,c=8192,r=356]={<<<POST /api/v0/components/p...ev-build","answers":{}}>>>response"...\x00\x00\x00\x00\x00\x00\x00}
13:19:07.564 [qtp1209070290-130] DEBUG org.eclipse.jetty.server.HttpConnection - HttpConnection@5a99d0b6::NetworkTrafficSocketChannelEndPoint@15632651{/127.0.0.1:65053<->/127.0.0.1:8080,OPEN,fill=-,flush=-,to=0/30000}{io=1/0,kio=1,kro=1}->HttpConnection@5a99d0b6[p=HttpParser{s=START,0 of -1},g=HttpGenerator@56c4341a{s=START}]=>HttpChannelOverHttp@1ba4da8d{s=HttpChannelState@1f9b4d21{s=IDLE rs=BLOCKING os=OPEN is=IDLE awp=false se=false i=true al=0},r=0,c=false/false,a=IDLE,uri=null,age=0} parse HeapByteBuffer@7b29b23d[p=0,l=356,c=8192,r=356]={<<<POST /api/v0/components/p...ev-build","answers":{}}>>>response"...\x00\x00\x00\x00\x00\x00\x00} {}
13:19:07.564 [qtp1209070290-130] DEBUG org.eclipse.jetty.http.HttpParser - parseNext s=START HeapByteBuffer@7b29b23d[p=0,l=356,c=8192,r=356]={<<<POST /api/v0/components/p...ev-build","answers":{}}>>>response"...\x00\x00\x00\x00\x00\x00\x00}
13:19:07.564 [qtp1209070290-130] DEBUG org.eclipse.jetty.http.HttpParser - START --> SPACE1
13:19:07.564 [qtp1209070290-130] DEBUG org.eclipse.jetty.http.HttpParser - SPACE1 --> URI
13:19:07.564 [qtp1209070290-130] DEBUG org.eclipse.jetty.http.HttpParser - URI --> SPACE2
13:19:07.564 [qtp1209070290-130] DEBUG org.eclipse.jetty.http.HttpParser - SPACE2 --> REQUEST_VERSION
13:19:07.564 [qtp1209070290-130] DEBUG org.eclipse.jetty.http.HttpParser - REQUEST_VERSION --> HEADER
13:19:07.564 [qtp1209070290-130] DEBUG org.eclipse.jetty.http.HttpParser - HEADER:User-Agent --> VALUE
13:19:07.564 [qtp1209070290-130] DEBUG org.eclipse.jetty.http.HttpParser - HEADER:User-Agent --> IN_VALUE
13:19:07.564 [qtp1209070290-130] DEBUG org.eclipse.jetty.http.HttpParser - HEADER:User-Agent --> FIELD
13:19:07.564 [qtp1209070290-130] DEBUG org.eclipse.jetty.http.HttpParser - HEADER:Host --> VALUE
13:19:07.564 [qtp1209070290-130] DEBUG org.eclipse.jetty.http.HttpParser - HEADER:Host --> IN_VALUE
13:19:07.564 [qtp1209070290-130] DEBUG org.eclipse.jetty.http.HttpParser - HEADER:Host --> FIELD
13:19:07.564 [qtp1209070290-130] DEBUG org.eclipse.jetty.http.HttpParser - HEADER:Accept: */* --> IN_VALUE
13:19:07.564 [qtp1209070290-130] DEBUG org.eclipse.jetty.http.HttpParser - HEADER:Accept: */* --> FIELD
13:19:07.564 [qtp1209070290-130] DEBUG org.eclipse.jetty.http.HttpParser - HEADER:Content-Type: application/json --> IN_VALUE
13:19:07.564 [qtp1209070290-130] DEBUG org.eclipse.jetty.http.HttpParser - HEADER:Content-Type: application/json --> FIELD
13:19:07.564 [qtp1209070290-130] DEBUG org.eclipse.jetty.http.HttpParser - HEADER:Authorization --> VALUE
13:19:07.564 [qtp1209070290-130] DEBUG org.eclipse.jetty.http.HttpParser - HEADER:Authorization --> IN_VALUE
13:19:07.564 [qtp1209070290-130] DEBUG org.eclipse.jetty.http.HttpParser - HEADER:Authorization --> FIELD
13:19:07.564 [qtp1209070290-130] DEBUG org.eclipse.jetty.http.HttpParser - HEADER:Content-Length --> VALUE
13:19:07.564 [qtp1209070290-130] DEBUG org.eclipse.jetty.http.HttpParser - HEADER:Content-Length --> IN_VALUE
13:19:07.564 [qtp1209070290-130] DEBUG org.eclipse.jetty.http.HttpParser - HEADER:Content-Length --> FIELD
13:19:07.564 [qtp1209070290-130] DEBUG org.eclipse.jetty.http.HttpParser - HEADER --> CONTENT
13:19:07.564 [qtp1209070290-130] DEBUG org.eclipse.jetty.server.HttpChannel - REQUEST for //localhost:8080/api/v0/components/provision-adapters/jobs on HttpChannelOverHttp@1ba4da8d{s=HttpChannelState@1f9b4d21{s=IDLE rs=BLOCKING os=OPEN is=IDLE awp=false se=false i=true al=0},r=1,c=false/false,a=IDLE,uri=//localhost:8080/api/v0/components/provision-adapters/jobs,age=0}
POST //localhost:8080/api/v0/components/provision-adapters/jobs HTTP/1.1
User-Agent: ReactorNetty/0.9.7.RELEASE
Host: localhost:8080
Accept: */*
Content-Type: application/json
Authorization: Bearer
Content-Length: 144


13:19:07.565 [qtp1209070290-130] DEBUG org.eclipse.jetty.server.HttpConnection - HttpConnection@5a99d0b6::NetworkTrafficSocketChannelEndPoint@15632651{/127.0.0.1:65053<->/127.0.0.1:8080,OPEN,fill=-,flush=-,to=0/30000}{io=1/0,kio=1,kro=1}->HttpConnection@5a99d0b6[p=HttpParser{s=CONTENT,0 of 144},g=HttpGenerator@56c4341a{s=START}]=>HttpChannelOverHttp@1ba4da8d{s=HttpChannelState@1f9b4d21{s=IDLE rs=BLOCKING os=OPEN is=IDLE awp=false se=false i=true al=0},r=1,c=false/false,a=IDLE,uri=//localhost:8080/api/v0/components/provision-adapters/jobs,age=1} parsed true HttpParser{s=CONTENT,0 of 144}
13:19:07.565 [qtp1209070290-130] DEBUG org.eclipse.jetty.server.HttpChannel - handle //localhost:8080/api/v0/components/provision-adapters/jobs HttpChannelOverHttp@1ba4da8d{s=HttpChannelState@1f9b4d21{s=IDLE rs=BLOCKING os=OPEN is=IDLE awp=false se=false i=true al=0},r=1,c=false/false,a=IDLE,uri=//localhost:8080/api/v0/components/provision-adapters/jobs,age=1} 
13:19:07.565 [qtp1209070290-130] DEBUG org.eclipse.jetty.server.HttpChannelState - handling HttpChannelState@1f9b4d21{s=IDLE rs=BLOCKING os=OPEN is=IDLE awp=false se=false i=true al=0}
13:19:07.565 [qtp1209070290-130] DEBUG org.eclipse.jetty.server.HttpChannel - action DISPATCH HttpChannelOverHttp@1ba4da8d{s=HttpChannelState@1f9b4d21{s=HANDLING rs=BLOCKING os=OPEN is=IDLE awp=false se=false i=true al=0},r=1,c=false/false,a=HANDLING,uri=//localhost:8080/api/v0/components/provision-adapters/jobs,age=1}
13:19:07.565 [qtp1209070290-130] DEBUG org.eclipse.jetty.server.Server - REQUEST POST /api/v0/components/provision-adapters/jobs on HttpChannelOverHttp@1ba4da8d{s=HttpChannelState@1f9b4d21{s=HANDLING rs=BLOCKING os=OPEN is=IDLE awp=false se=false i=true al=0},r=1,c=false/false,a=HANDLING,uri=//localhost:8080/api/v0/components/provision-adapters/jobs,age=1}
13:19:07.565 [qtp1209070290-130] DEBUG org.eclipse.jetty.server.handler.ContextHandler - scope null||/api/v0/components/provision-adapters/jobs @ o.e.j.s.ServletContextHandler@a15c548{/__admin,null,AVAILABLE}
13:19:07.565 [qtp1209070290-130] DEBUG org.eclipse.jetty.server.handler.gzip.GzipHandler - GzipHandler@36425b18{STARTED,min=32,inflate=-1} handle Request(POST //localhost:8080/api/v0/components/provision-adapters/jobs)@499f629a in null
13:19:07.565 [qtp1209070290-130] DEBUG org.eclipse.jetty.server.handler.ContextHandler - scope null||/api/v0/components/provision-adapters/jobs @ o.e.j.s.ServletContextHandler@56621157{/,null,AVAILABLE}
13:19:07.565 [qtp1209070290-130] DEBUG org.eclipse.jetty.server.handler.ContextHandler - context=||/api/v0/components/provision-adapters/jobs @ o.e.j.s.ServletContextHandler@56621157{/,null,AVAILABLE}
13:19:07.565 [qtp1209070290-130] DEBUG org.eclipse.jetty.servlet.ServletHandler - servlet |/api/v0/components/provision-adapters/jobs|null -> com.github.tomakehurst.wiremock.servlet.WireMockHandlerDispatchingServlet-4463405f@95f7dad8==com.github.tomakehurst.wiremock.servlet.WireMockHandlerDispatchingServlet,jsp=null,order=-1,inst=false,async=true
13:19:07.565 [qtp1209070290-130] DEBUG org.eclipse.jetty.servlet.ServletHandler - chain=org.eclipse.jetty.servlets.CrossOriginFilter-262ea69@262ea69==org.eclipse.jetty.servlets.CrossOriginFilter,inst=true,async=true->com.github.tomakehurst.wiremock.servlet.WireMockHandlerDispatchingServlet-4463405f@95f7dad8==com.github.tomakehurst.wiremock.servlet.WireMockHandlerDispatchingServlet,jsp=null,order=-1,inst=false,async=true
13:19:07.565 [qtp1209070290-130] DEBUG org.eclipse.jetty.servlet.ServletHolder - Servlet.init com.github.tomakehurst.wiremock.servlet.WireMockHandlerDispatchingServlet@636050da for com.github.tomakehurst.wiremock.servlet.WireMockHandlerDispatchingServlet-4463405f
13:19:07.566 [qtp1209070290-130] INFO org.eclipse.jetty.server.handler.ContextHandler.ROOT - RequestHandlerClass from context returned com.github.tomakehurst.wiremock.http.StubRequestHandler. Normalized mapped under returned 'null'
13:19:07.566 [qtp1209070290-136] DEBUG org.eclipse.jetty.util.thread.QueuedThreadPool - run ReservedThreadExecutor@4f4ecc0{s=0/1,p=1}@c9ded6d in QueuedThreadPool[qtp1209070290]@4810f2d2{STARTED,8<=8<=14,i=0,r=1,q=0}[ReservedThreadExecutor@4f4ecc0{s=0/1,p=1}]
13:19:07.566 [qtp1209070290-136] DEBUG org.eclipse.jetty.util.thread.ReservedThreadExecutor - ReservedThreadExecutor@4f4ecc0{s=1/1,p=1}@c9ded6d started
13:19:07.566 [qtp1209070290-130] DEBUG org.eclipse.jetty.servlet.ServletHandler - call filter org.eclipse.jetty.servlets.CrossOriginFilter-262ea69@262ea69==org.eclipse.jetty.servlets.CrossOriginFilter,inst=true,async=true
13:19:07.566 [qtp1209070290-136] DEBUG org.eclipse.jetty.util.thread.ReservedThreadExecutor - ReservedThreadExecutor@4f4ecc0{s=1/1,p=0}@c9ded6d waiting
13:19:07.566 [qtp1209070290-130] DEBUG org.eclipse.jetty.servlet.ServletHandler - call servlet com.github.tomakehurst.wiremock.servlet.WireMockHandlerDispatchingServlet-4463405f@95f7dad8==com.github.tomakehurst.wiremock.servlet.WireMockHandlerDispatchingServlet,jsp=null,order=-1,inst=true,async=true
13:19:07.566 [qtp1209070290-135] DEBUG org.eclipse.jetty.util.thread.ReservedThreadExecutor - ReservedThreadExecutor@4f4ecc0{s=1/1,p=0}@3855960e task=EatWhatYouKill@62a7e142/SelectorProducer@566e727b/IDLE/p=true/QueuedThreadPool[qtp1209070290]@4810f2d2{STARTED,8<=8<=14,i=0,r=1,q=0}[ReservedThreadExecutor@4f4ecc0{s=1/1,p=0}][pc=0,pic=0,pec=0,epc=1]@2020-09-25T13:19:07.5662039+02:00
13:19:07.566 [qtp1209070290-135] DEBUG org.eclipse.jetty.util.thread.strategy.EatWhatYouKill - EatWhatYouKill@62a7e142/SelectorProducer@566e727b/IDLE/p=true/QueuedThreadPool[qtp1209070290]@4810f2d2{STARTED,8<=8<=14,i=0,r=1,q=0}[ReservedThreadExecutor@4f4ecc0{s=1/1,p=0}][pc=0,pic=0,pec=0,epc=1]@2020-09-25T13:19:07.5662039+02:00 tryProduce true
13:19:07.566 [qtp1209070290-135] DEBUG org.eclipse.jetty.io.ManagedSelector - updateable 0
13:19:07.566 [qtp1209070290-135] DEBUG org.eclipse.jetty.io.ManagedSelector - updates 0
13:19:07.566 [qtp1209070290-135] DEBUG org.eclipse.jetty.io.ChannelEndPoint - Key interests updated 1 -> 0 on NetworkTrafficSocketChannelEndPoint@15632651{/127.0.0.1:65053<->/127.0.0.1:8080,OPEN,fill=-,flush=-,to=2/30000}{io=0/0,kio=0,kro=1}->HttpConnection@5a99d0b6[p=HttpParser{s=CONTENT,0 of 144},g=HttpGenerator@56c4341a{s=START}]=>HttpChannelOverHttp@1ba4da8d{s=HttpChannelState@1f9b4d21{s=HANDLING rs=BLOCKING os=OPEN is=IDLE awp=false se=false i=true al=0},r=1,c=false/false,a=HANDLING,uri=//localhost:8080/api/v0/components/provision-adapters/jobs,age=2}
13:19:07.566 [qtp1209070290-135] DEBUG org.eclipse.jetty.io.ManagedSelector - Selector sun.nio.ch.WindowsSelectorImpl@665861d waiting with 1 keys
13:19:07.567 [qtp1209070290-130] DEBUG org.eclipse.jetty.server.HttpConnection - HttpConnection@5a99d0b6::NetworkTrafficSocketChannelEndPoint@15632651{/127.0.0.1:65053<->/127.0.0.1:8080,OPEN,fill=-,flush=-,to=2/30000}{io=0/0,kio=0,kro=1}->HttpConnection@5a99d0b6[p=HttpParser{s=CONTENT,0 of 144},g=HttpGenerator@56c4341a{s=START}]=>HttpChannelOverHttp@1ba4da8d{s=HttpChannelState@1f9b4d21{s=HANDLING rs=BLOCKING os=OPEN is=IDLE awp=false se=false i=true al=0},r=1,c=false/false,a=HANDLING,uri=//localhost:8080/api/v0/components/provision-adapters/jobs,age=3} parse HeapByteBuffer@7b29b23d[p=212,l=356,c=8192,r=144]={POST /api...144\r\n\r\n<<<{"id":"0d60571b-63fa-4e26...ev-build","answers":{}}>>>response"...\x00\x00\x00\x00\x00\x00\x00} {}
13:19:07.569 [qtp1209070290-130] DEBUG org.eclipse.jetty.http.HttpParser - parseNext s=CONTENT HeapByteBuffer@7b29b23d[p=212,l=356,c=8192,r=144]={POST /api...144\r\n\r\n<<<{"id":"0d60571b-63fa-4e26...ev-build","answers":{}}>>>response"...\x00\x00\x00\x00\x00\x00\x00}
13:19:07.569 [qtp1209070290-130] DEBUG org.eclipse.jetty.server.HttpChannel - onContent HttpChannelOverHttp@1ba4da8d{s=HttpChannelState@1f9b4d21{s=HANDLING rs=BLOCKING os=OPEN is=IDLE awp=false se=false i=true al=0},r=1,c=false/false,a=HANDLING,uri=//localhost:8080/api/v0/components/provision-adapters/jobs,age=5} Content@789ccb77{HeapByteBufferR@1b89a78c[p=212,l=356,c=8192,r=144]={POST /api...144\r\n\r\n<<<{"id":"0d60571b-63fa-4e26...ev-build","answers":{}}>>>response"...\x00\x00\x00\x00\x00\x00\x00}}
13:19:07.569 [qtp1209070290-130] DEBUG org.eclipse.jetty.server.HttpInput - HttpInputOverHTTP@29b09dd5[c=0,q=0,[0]=null,s=STREAM] addContent Content@789ccb77{HeapByteBufferR@1b89a78c[p=212,l=356,c=8192,r=144]={POST /api...144\r\n\r\n<<<{"id":"0d60571b-63fa-4e26...ev-build","answers":{}}>>>response"...\x00\x00\x00\x00\x00\x00\x00}}
13:19:07.570 [qtp1209070290-130] DEBUG org.eclipse.jetty.http.HttpParser - CONTENT --> CONTENT_END
13:19:07.570 [qtp1209070290-130] DEBUG org.eclipse.jetty.server.HttpChannel - onContentComplete HttpChannelOverHttp@1ba4da8d{s=HttpChannelState@1f9b4d21{s=HANDLING rs=BLOCKING os=OPEN is=IDLE awp=false se=false i=true al=0},r=1,c=false/false,a=HANDLING,uri=//localhost:8080/api/v0/components/provision-adapters/jobs,age=6}
13:19:07.570 [qtp1209070290-130] DEBUG org.eclipse.jetty.http.HttpParser - CONTENT_END --> END
13:19:07.570 [qtp1209070290-130] DEBUG org.eclipse.jetty.server.HttpChannel - onRequestComplete HttpChannelOverHttp@1ba4da8d{s=HttpChannelState@1f9b4d21{s=HANDLING rs=BLOCKING os=OPEN is=IDLE awp=false se=false i=true al=0},r=1,c=false/false,a=HANDLING,uri=//localhost:8080/api/v0/components/provision-adapters/jobs,age=6}
13:19:07.570 [qtp1209070290-130] DEBUG org.eclipse.jetty.server.HttpInput - HttpInputOverHTTP@29b09dd5[c=0,q=1,[0]=EOF,s=STREAM] addContent EOF
13:19:07.570 [qtp1209070290-130] DEBUG org.eclipse.jetty.server.HttpConnection - HttpConnection@5a99d0b6::NetworkTrafficSocketChannelEndPoint@15632651{/127.0.0.1:65053<->/127.0.0.1:8080,OPEN,fill=-,flush=-,to=5/30000}{io=0/0,kio=0,kro=1}->HttpConnection@5a99d0b6[p=HttpParser{s=END,144 of 144},g=HttpGenerator@56c4341a{s=START}]=>HttpChannelOverHttp@1ba4da8d{s=HttpChannelState@1f9b4d21{s=HANDLING rs=BLOCKING os=OPEN is=IDLE awp=false se=false i=true al=0},r=1,c=false/false,a=HANDLING,uri=//localhost:8080/api/v0/components/provision-adapters/jobs,age=6} parsed false HttpParser{s=END,144 of 144}
13:19:07.570 [qtp1209070290-130] DEBUG org.eclipse.jetty.server.HttpInput - HttpInputOverHTTP@29b09dd5[c=144,q=1,[0]=EOF,s=STREAM] read 144 from Content@789ccb77{HeapByteBufferR@1b89a78c[p=356,l=356,c=8192,r=0]={POST /api...rs":{}}<<<>>>response"...\x00\x00\x00\x00\x00\x00\x00}}
13:19:07.570 [qtp1209070290-130] DEBUG org.eclipse.jetty.server.HttpConnection - releaseRequestBuffer HttpConnection@5a99d0b6::NetworkTrafficSocketChannelEndPoint@15632651{/127.0.0.1:65053<->/127.0.0.1:8080,OPEN,fill=-,flush=-,to=6/30000}{io=0/0,kio=0,kro=1}->HttpConnection@5a99d0b6[p=HttpParser{s=END,144 of 144},g=HttpGenerator@56c4341a{s=START}]=>HttpChannelOverHttp@1ba4da8d{s=HttpChannelState@1f9b4d21{s=HANDLING rs=BLOCKING os=OPEN is=IDLE awp=false se=false i=true al=0},r=1,c=false/false,a=HANDLING,uri=//localhost:8080/api/v0/components/provision-adapters/jobs,age=6}
13:19:07.570 [qtp1209070290-130] DEBUG org.eclipse.jetty.server.HttpChannelState - onEof HttpChannelState@1f9b4d21{s=HANDLING rs=BLOCKING os=OPEN is=IDLE awp=false se=false i=true al=0}
13:19:07.566 [qtp1209070290-137] DEBUG org.eclipse.jetty.io.ManagedSelector - Created NetworkTrafficSocketChannelEndPoint@15632651{/127.0.0.1:65053<->/127.0.0.1:8080,OPEN,fill=-,flush=-,to=1/30000}{io=1/0,kio=1,kro=1}->HttpConnection@5a99d0b6[p=HttpParser{s=CONTENT,0 of 144},g=HttpGenerator@56c4341a{s=START}]=>HttpChannelOverHttp@1ba4da8d{s=HttpChannelState@1f9b4d21{s=HANDLING rs=BLOCKING os=OPEN is=IDLE awp=false se=false i=true al=0},r=1,c=false/false,a=HANDLING,uri=//localhost:8080/api/v0/components/provision-adapters/jobs,age=2}
13:19:07.574 [qtp1209070290-137] DEBUG org.eclipse.jetty.util.thread.QueuedThreadPool - ran org.eclipse.jetty.io.ManagedSelector$Accept@42c78600 in QueuedThreadPool[qtp1209070290]@4810f2d2{STARTED,8<=8<=14,i=0,r=1,q=0}[ReservedThreadExecutor@4f4ecc0{s=1/1,p=0}]
13:19:09.551 [reactor-http-nio-1] WARN reactor.netty.http.client.HttpClientConnect - [id: 0x4e5eef0f, L:/127.0.0.1:65053 - R:localhost/127.0.0.1:8080] The connection observed an error
io.netty.handler.timeout.ReadTimeoutException: null
13:19:09.552 [reactor-http-nio-1] DEBUG org.springframework.web.reactive.function.client.ExchangeFunctions - [d6edac0] Cancel signal (to close connection)
13:19:09.553 [reactor-http-nio-1] DEBUG reactor.netty.resources.PooledConnectionProvider - [id: 0x4e5eef0f, L:/127.0.0.1:65053 ! R:localhost/127.0.0.1:8080] Channel closed, now 0 active connections and 0 inactive connections
13:19:09.553 [reactor-http-nio-1] DEBUG reactor.netty.ReactorNetty - [id: 0x4e5eef0f, L:/127.0.0.1:65053 ! R:localhost/127.0.0.1:8080] Non Removed handler: ReadTimeoutHandler, context: ChannelHandlerContext(ReadTimeoutHandler, [id: 0x4e5eef0f, L:/127.0.0.1:65053 ! R:localhost/127.0.0.1:8080]), pipeline: DefaultChannelPipeline{(reactor.left.httpCodec = io.netty.handler.codec.http.HttpClientCodec), (ReadTimeoutHandler = io.netty.handler.timeout.ReadTimeoutHandler), (WriteTimeoutHandler = io.netty.handler.timeout.WriteTimeoutHandler), (reactor.right.reactiveBridge = reactor.netty.channel.ChannelOperationsHandler)}
13:19:09.553 [reactor-http-nio-1] DEBUG reactor.netty.ReactorNetty - [id: 0x4e5eef0f, L:/127.0.0.1:65053 ! R:localhost/127.0.0.1:8080] Non Removed handler: WriteTimeoutHandler, context: ChannelHandlerContext(WriteTimeoutHandler, [id: 0x4e5eef0f, L:/127.0.0.1:65053 ! R:localhost/127.0.0.1:8080]), pipeline: DefaultChannelPipeline{(reactor.left.httpCodec = io.netty.handler.codec.http.HttpClientCodec), (ReadTimeoutHandler = io.netty.handler.timeout.ReadTimeoutHandler), (WriteTimeoutHandler = io.netty.handler.timeout.WriteTimeoutHandler), (reactor.right.reactiveBridge = reactor.netty.channel.ChannelOperationsHandler)}
13:19:09.553 [reactor-http-nio-1] DEBUG reactor.netty.resources.PooledConnectionProvider - [id: 0x4e5eef0f, L:/127.0.0.1:65053 ! R:localhost/127.0.0.1:8080] onStateChange(POST{uri=/api/v0/components/provision-adapters/jobs, connection=PooledConnection{channel=[id: 0x4e5eef0f, L:/127.0.0.1:65053 ! R:localhost/127.0.0.1:8080]}}, [disconnecting])
13:19:09.673 [qtp1209070290-130] DEBUG org.eclipse.jetty.server.handler.gzip.GzipHandler - GzipHandler@36425b18{STARTED,min=32,inflate=-1} excluded not gzip accept Request(POST //localhost:8080/api/v0/components/provision-adapters/jobs)@499f629a
13:19:09.673 [qtp1209070290-130] DEBUG org.eclipse.jetty.server.handler.gzip.GzipHttpOutputInterceptor - org.eclipse.jetty.server.handler.gzip.GzipHttpOutputInterceptor@48b7eeb9 exclude no deflater
13:19:09.673 [qtp1209070290-130] DEBUG org.eclipse.jetty.server.HttpChannel - sendResponse info=null content=HeapByteBuffer@137d328[p=0,l=0,c=0,r=0]={<<<>>>} complete=false committing=true callback=Blocker@566e53ab{null}
13:19:09.673 [qtp1209070290-130] DEBUG org.eclipse.jetty.server.HttpChannel - COMMIT for /api/v0/components/provision-adapters/jobs on HttpChannelOverHttp@1ba4da8d{s=HttpChannelState@1f9b4d21{s=HANDLING rs=BLOCKING os=COMMITTED is=READY awp=false se=false i=true al=0},r=1,c=false/false,a=HANDLING,uri=//localhost:8080/api/v0/components/provision-adapters/jobs,age=2109}
200 null HTTP/1.1
Matched-Stub-Id: 6accf1bf-961a-400a-b265-4af915844f6a
Vary: Accept-Encoding, User-Agent


13:19:09.673 [qtp1209070290-130] DEBUG org.eclipse.jetty.server.HttpConnection - generate: NEED_HEADER for org.eclipse.jetty.server.HttpConnection$SendCallback@8d2b2d[PROCESSING][i=HTTP/1.1{s=200,h=2,cl=-1},cb=org.eclipse.jetty.server.HttpChannel$SendCallback@2dfe40dc] (null,[p=0,l=0,c=0,r=0],false)@START
13:19:09.673 [qtp1209070290-130] DEBUG org.eclipse.jetty.http.HttpGenerator - generateHeaders HTTP/1.1{s=200,h=2,cl=-1} last=false content=HeapByteBuffer@137d328[p=0,l=0,c=0,r=0]={<<<>>>}
13:19:09.673 [qtp1209070290-130] DEBUG org.eclipse.jetty.http.HttpGenerator - Matched-Stub-Id: 6accf1bf-961a-400a-b265-4af915844f6a
Vary: Accept-Encoding, User-Agent


13:19:09.673 [qtp1209070290-130] DEBUG org.eclipse.jetty.http.HttpGenerator - CHUNKED_CONTENT
13:19:09.673 [qtp1209070290-130] DEBUG org.eclipse.jetty.server.HttpConnection - generate: FLUSH for org.eclipse.jetty.server.HttpConnection$SendCallback@8d2b2d[PROCESSING][i=HTTP/1.1{s=200,h=2,cl=-1},cb=org.eclipse.jetty.server.HttpChannel$SendCallback@2dfe40dc] ([p=0,l=170,c=8192,r=170],[p=0,l=0,c=0,r=0],false)@COMMITTED
13:19:09.673 [qtp1209070290-130] DEBUG org.eclipse.jetty.io.WriteFlusher - write: WriteFlusher@5acba1fc{IDLE}->null [HeapByteBuffer@7b29b23d[p=0,l=170,c=8192,r=170]={<<<HTTP/1.1 200 OK\r\nMatched-...y(9.4.28.v20200408)\r\n\r\n>>>rization:...\x00\x00\x00\x00\x00\x00\x00}]
13:19:09.674 [qtp1209070290-130] DEBUG org.eclipse.jetty.io.WriteFlusher - update WriteFlusher@5acba1fc{WRITING}->null:IDLE-->WRITING
13:19:09.674 [qtp1209070290-130] DEBUG org.eclipse.jetty.io.ChannelEndPoint - flushed 170 NetworkTrafficSocketChannelEndPoint@15632651{/127.0.0.1:65053<->/127.0.0.1:8080,OPEN,fill=-,flush=W,to=2110/30000}{io=0/0,kio=0,kro=1}->HttpConnection@5a99d0b6[p=HttpParser{s=END,144 of 144},g=HttpGenerator@56c4341a{s=COMMITTED}]=>HttpChannelOverHttp@1ba4da8d{s=HttpChannelState@1f9b4d21{s=HANDLING rs=BLOCKING os=COMMITTED is=READY awp=false se=false i=true al=0},r=1,c=false/false,a=HANDLING,uri=//localhost:8080/api/v0/components/provision-adapters/jobs,age=2110}
13:19:09.674 [qtp1209070290-130] DEBUG org.eclipse.jetty.io.WriteFlusher - Flushed=true written=170 remaining=0 WriteFlusher@5acba1fc{WRITING}->null
13:19:09.674 [qtp1209070290-130] DEBUG org.eclipse.jetty.io.WriteFlusher - update WriteFlusher@5acba1fc{IDLE}->null:WRITING-->IDLE
13:19:09.674 [qtp1209070290-130] DEBUG org.eclipse.jetty.server.HttpConnection - generate: DONE for org.eclipse.jetty.server.HttpConnection$SendCallback@8d2b2d[PROCESSING][i=HTTP/1.1{s=200,h=2,cl=-1},cb=org.eclipse.jetty.server.HttpChannel$SendCallback@2dfe40dc] ([p=170,l=170,c=8192,r=0],[p=0,l=0,c=0,r=0],false)@COMMITTED
13:19:09.674 [qtp1209070290-130] DEBUG org.eclipse.jetty.server.HttpOutput - onWriteComplete(false,null) s=OPEN,api=BLOCKED,sc=false,e=null->s=OPEN,api=BLOCKING,sc=false,e=null c=null cb=null w=false
13:19:09.674 [qtp1209070290-130] DEBUG org.eclipse.jetty.server.HttpOutput - close() s=CLOSING,api=BLOCKED,sc=false,e=null c=HeapByteBuffer@137d328[p=0,l=0,c=0,r=0]={<<<>>>} b=Blocker@566e53ab{null}
13:19:09.674 [qtp1209070290-130] DEBUG org.eclipse.jetty.server.HttpChannel - sendResponse info=null content=HeapByteBuffer@137d328[p=0,l=0,c=0,r=0]={<<<>>>} complete=true committing=false callback=Blocker@566e53ab{null}
13:19:09.674 [qtp1209070290-130] DEBUG org.eclipse.jetty.server.HttpConnection - generate: CONTINUE for org.eclipse.jetty.server.HttpConnection$SendCallback@8d2b2d[PROCESSING][i=null,cb=org.eclipse.jetty.server.HttpChannel$SendCallback@7e1c4205] (null,[p=0,l=0,c=0,r=0],true)@COMPLETING
13:19:09.674 [qtp1209070290-130] DEBUG org.eclipse.jetty.server.HttpConnection - generate: NEED_CHUNK for org.eclipse.jetty.server.HttpConnection$SendCallback@8d2b2d[PROCESSING][i=null,cb=org.eclipse.jetty.server.HttpChannel$SendCallback@7e1c4205] (null,[p=0,l=0,c=0,r=0],true)@COMPLETING
13:19:09.674 [qtp1209070290-130] DEBUG org.eclipse.jetty.server.HttpConnection - generate: FLUSH for org.eclipse.jetty.server.HttpConnection$SendCallback@8d2b2d[PROCESSING][i=null,cb=org.eclipse.jetty.server.HttpChannel$SendCallback@7e1c4205] (null,[p=0,l=0,c=0,r=0],true)@COMPLETING
13:19:09.674 [qtp1209070290-130] DEBUG org.eclipse.jetty.io.WriteFlusher - write: WriteFlusher@5acba1fc{IDLE}->null [HeapByteBuffer@65b9693c[p=0,l=5,c=1024,r=5]={<<<0\r\n\r\n>>>\r\n\x00\x00\x00\x00\x00\x00\x00...\x00\x00\x00\x00\x00\x00\x00}]
13:19:09.674 [qtp1209070290-130] DEBUG org.eclipse.jetty.io.WriteFlusher - update WriteFlusher@5acba1fc{WRITING}->null:IDLE-->WRITING
13:19:09.676 [qtp1209070290-130] DEBUG org.eclipse.jetty.io.WriteFlusher - write exception
org.eclipse.jetty.io.EofException: null
	at org.eclipse.jetty.io.ChannelEndPoint.flush(ChannelEndPoint.java:283)
	at org.eclipse.jetty.io.NetworkTrafficSocketChannelEndPoint.flush(NetworkTrafficSocketChannelEndPoint.java:66)
	at org.eclipse.jetty.io.WriteFlusher.flush(WriteFlusher.java:422)
	at org.eclipse.jetty.io.WriteFlusher.write(WriteFlusher.java:277)
	at org.eclipse.jetty.io.AbstractEndPoint.write(AbstractEndPoint.java:381)
	at org.eclipse.jetty.server.HttpConnection$SendCallback.process(HttpConnection.java:830)
	at org.eclipse.jetty.util.IteratingCallback.processing(IteratingCallback.java:241)
	at org.eclipse.jetty.util.IteratingCallback.iterate(IteratingCallback.java:223)
	at org.eclipse.jetty.server.HttpConnection.send(HttpConnection.java:549)
	at org.eclipse.jetty.server.HttpChannel.sendResponse(HttpChannel.java:829)
	at org.eclipse.jetty.server.HttpChannel.write(HttpChannel.java:901)
	at org.eclipse.jetty.server.handler.gzip.GzipHttpOutputInterceptor.write(GzipHttpOutputInterceptor.java:112)
	at org.eclipse.jetty.server.HttpOutput.channelWrite(HttpOutput.java:283)
	at org.eclipse.jetty.server.HttpOutput.close(HttpOutput.java:602)
	at com.github.tomakehurst.wiremock.servlet.WireMockHandlerDispatchingServlet.writeAndTranslateExceptions(WireMockHandlerDispatchingServlet.java:235)
	at com.github.tomakehurst.wiremock.servlet.WireMockHandlerDispatchingServlet.applyResponse(WireMockHandlerDispatchingServlet.java:223)
	at com.github.tomakehurst.wiremock.servlet.WireMockHandlerDispatchingServlet$ServletHttpResponder.respondTo(WireMockHandlerDispatchingServlet.java:183)
	at com.github.tomakehurst.wiremock.servlet.WireMockHandlerDispatchingServlet$ServletHttpResponder.respondSync(WireMockHandlerDispatchingServlet.java:150)
	at com.github.tomakehurst.wiremock.servlet.WireMockHandlerDispatchingServlet$ServletHttpResponder.respond(WireMockHandlerDispatchingServlet.java:144)
	at com.github.tomakehurst.wiremock.http.AbstractRequestHandler.handle(AbstractRequestHandler.java:90)
	at com.github.tomakehurst.wiremock.servlet.WireMockHandlerDispatchingServlet.service(WireMockHandlerDispatchingServlet.java:120)
	at javax.servlet.http.HttpServlet.service(HttpServlet.java:750)
	at org.eclipse.jetty.servlet.ServletHolder.handle(ServletHolder.java:763)
	at org.eclipse.jetty.servlet.ServletHandler$CachedChain.doFilter(ServletHandler.java:1631)
	at org.eclipse.jetty.servlets.CrossOriginFilter.handle(CrossOriginFilter.java:319)
	at org.eclipse.jetty.servlets.CrossOriginFilter.doFilter(CrossOriginFilter.java:273)
	at org.eclipse.jetty.servlet.ServletHandler$CachedChain.doFilter(ServletHandler.java:1618)
	at org.eclipse.jetty.servlet.ServletHandler.doHandle(ServletHandler.java:549)
	at org.eclipse.jetty.server.handler.ScopedHandler.nextHandle(ScopedHandler.java:233)
	at org.eclipse.jetty.server.handler.ContextHandler.doHandle(ContextHandler.java:1363)
	at org.eclipse.jetty.server.handler.ScopedHandler.nextScope(ScopedHandler.java:188)
	at org.eclipse.jetty.servlet.ServletHandler.doScope(ServletHandler.java:489)
	at org.eclipse.jetty.server.handler.ScopedHandler.nextScope(ScopedHandler.java:186)
	at org.eclipse.jetty.server.handler.ContextHandler.doScope(ContextHandler.java:1278)
	at org.eclipse.jetty.server.handler.ScopedHandler.handle(ScopedHandler.java:141)
	at org.eclipse.jetty.server.handler.gzip.GzipHandler.handle(GzipHandler.java:767)
	at org.eclipse.jetty.server.handler.HandlerCollection.handle(HandlerCollection.java:146)
	at org.eclipse.jetty.server.handler.HandlerWrapper.handle(HandlerWrapper.java:127)
	at org.eclipse.jetty.server.Server.handle(Server.java:500)
	at org.eclipse.jetty.server.HttpChannel.lambda$handle$1(HttpChannel.java:383)
	at org.eclipse.jetty.server.HttpChannel.dispatch(HttpChannel.java:547)
	at org.eclipse.jetty.server.HttpChannel.handle(HttpChannel.java:375)
	at org.eclipse.jetty.server.HttpConnection.onFillable(HttpConnection.java:273)
	at org.eclipse.jetty.io.AbstractConnection$ReadCallback.succeeded(AbstractConnection.java:311)
	at org.eclipse.jetty.io.FillInterest.fillable(FillInterest.java:103)
	at org.eclipse.jetty.io.ChannelEndPoint$2.run(ChannelEndPoint.java:117)
	at org.eclipse.jetty.util.thread.strategy.EatWhatYouKill.runTask(EatWhatYouKill.java:336)
	at org.eclipse.jetty.util.thread.strategy.EatWhatYouKill.doProduce(EatWhatYouKill.java:313)
	at org.eclipse.jetty.util.thread.strategy.EatWhatYouKill.tryProduce(EatWhatYouKill.java:171)
	at org.eclipse.jetty.util.thread.strategy.EatWhatYouKill.produce(EatWhatYouKill.java:135)
	at org.eclipse.jetty.util.thread.QueuedThreadPool.runJob(QueuedThreadPool.java:806)
	at org.eclipse.jetty.util.thread.QueuedThreadPool$Runner.run(QueuedThreadPool.java:938)
	at java.base/java.lang.Thread.run(Thread.java:834)
Caused by: java.io.IOException: Se ha anulado una conexión establecida por el software en su equipo host.
	at java.base/sun.nio.ch.SocketDispatcher.write0(Native Method)
	at java.base/sun.nio.ch.SocketDispatcher.write(SocketDispatcher.java:51)
	at java.base/sun.nio.ch.IOUtil.writeFromNativeBuffer(IOUtil.java:113)
	at java.base/sun.nio.ch.IOUtil.write(IOUtil.java:79)
	at java.base/sun.nio.ch.IOUtil.write(IOUtil.java:50)
	at java.base/sun.nio.ch.SocketChannelImpl.write(SocketChannelImpl.java:466)
	at org.eclipse.jetty.io.ChannelEndPoint.flush(ChannelEndPoint.java:261)
	... 52 common frames omitted
13:19:09.677 [qtp1209070290-130] DEBUG org.eclipse.jetty.io.WriteFlusher - update WriteFlusher@5acba1fc{FAILED}->null:WRITING-->FAILED
13:19:09.677 [qtp1209070290-130] DEBUG org.eclipse.jetty.server.HttpChannel - Commit failed
org.eclipse.jetty.io.EofException: null
	at org.eclipse.jetty.io.ChannelEndPoint.flush(ChannelEndPoint.java:283)
	at org.eclipse.jetty.io.NetworkTrafficSocketChannelEndPoint.flush(NetworkTrafficSocketChannelEndPoint.java:66)
	at org.eclipse.jetty.io.WriteFlusher.flush(WriteFlusher.java:422)
	at org.eclipse.jetty.io.WriteFlusher.write(WriteFlusher.java:277)
	at org.eclipse.jetty.io.AbstractEndPoint.write(AbstractEndPoint.java:381)
	at org.eclipse.jetty.server.HttpConnection$SendCallback.process(HttpConnection.java:830)
	at org.eclipse.jetty.util.IteratingCallback.processing(IteratingCallback.java:241)
	at org.eclipse.jetty.util.IteratingCallback.iterate(IteratingCallback.java:223)
	at org.eclipse.jetty.server.HttpConnection.send(HttpConnection.java:549)
	at org.eclipse.jetty.server.HttpChannel.sendResponse(HttpChannel.java:829)
	at org.eclipse.jetty.server.HttpChannel.write(HttpChannel.java:901)
	at org.eclipse.jetty.server.handler.gzip.GzipHttpOutputInterceptor.write(GzipHttpOutputInterceptor.java:112)
	at org.eclipse.jetty.server.HttpOutput.channelWrite(HttpOutput.java:283)
	at org.eclipse.jetty.server.HttpOutput.close(HttpOutput.java:602)
	at com.github.tomakehurst.wiremock.servlet.WireMockHandlerDispatchingServlet.writeAndTranslateExceptions(WireMockHandlerDispatchingServlet.java:235)
	at com.github.tomakehurst.wiremock.servlet.WireMockHandlerDispatchingServlet.applyResponse(WireMockHandlerDispatchingServlet.java:223)
	at com.github.tomakehurst.wiremock.servlet.WireMockHandlerDispatchingServlet$ServletHttpResponder.respondTo(WireMockHandlerDispatchingServlet.java:183)
	at com.github.tomakehurst.wiremock.servlet.WireMockHandlerDispatchingServlet$ServletHttpResponder.respondSync(WireMockHandlerDispatchingServlet.java:150)
	at com.github.tomakehurst.wiremock.servlet.WireMockHandlerDispatchingServlet$ServletHttpResponder.respond(WireMockHandlerDispatchingServlet.java:144)
	at com.github.tomakehurst.wiremock.http.AbstractRequestHandler.handle(AbstractRequestHandler.java:90)
	at com.github.tomakehurst.wiremock.servlet.WireMockHandlerDispatchingServlet.service(WireMockHandlerDispatchingServlet.java:120)
	at javax.servlet.http.HttpServlet.service(HttpServlet.java:750)
	at org.eclipse.jetty.servlet.ServletHolder.handle(ServletHolder.java:763)
	at org.eclipse.jetty.servlet.ServletHandler$CachedChain.doFilter(ServletHandler.java:1631)
	at org.eclipse.jetty.servlets.CrossOriginFilter.handle(CrossOriginFilter.java:319)
	at org.eclipse.jetty.servlets.CrossOriginFilter.doFilter(CrossOriginFilter.java:273)
	at org.eclipse.jetty.servlet.ServletHandler$CachedChain.doFilter(ServletHandler.java:1618)
	at org.eclipse.jetty.servlet.ServletHandler.doHandle(ServletHandler.java:549)
	at org.eclipse.jetty.server.handler.ScopedHandler.nextHandle(ScopedHandler.java:233)
	at org.eclipse.jetty.server.handler.ContextHandler.doHandle(ContextHandler.java:1363)
	at org.eclipse.jetty.server.handler.ScopedHandler.nextScope(ScopedHandler.java:188)
	at org.eclipse.jetty.servlet.ServletHandler.doScope(ServletHandler.java:489)
	at org.eclipse.jetty.server.handler.ScopedHandler.nextScope(ScopedHandler.java:186)
	at org.eclipse.jetty.server.handler.ContextHandler.doScope(ContextHandler.java:1278)
	at org.eclipse.jetty.server.handler.ScopedHandler.handle(ScopedHandler.java:141)
	at org.eclipse.jetty.server.handler.gzip.GzipHandler.handle(GzipHandler.java:767)
	at org.eclipse.jetty.server.handler.HandlerCollection.handle(HandlerCollection.java:146)
	at org.eclipse.jetty.server.handler.HandlerWrapper.handle(HandlerWrapper.java:127)
	at org.eclipse.jetty.server.Server.handle(Server.java:500)
	at org.eclipse.jetty.server.HttpChannel.lambda$handle$1(HttpChannel.java:383)
	at org.eclipse.jetty.server.HttpChannel.dispatch(HttpChannel.java:547)
	at org.eclipse.jetty.server.HttpChannel.handle(HttpChannel.java:375)
	at org.eclipse.jetty.server.HttpConnection.onFillable(HttpConnection.java:273)
	at org.eclipse.jetty.io.AbstractConnection$ReadCallback.succeeded(AbstractConnection.java:311)
	at org.eclipse.jetty.io.FillInterest.fillable(FillInterest.java:103)
	at org.eclipse.jetty.io.ChannelEndPoint$2.run(ChannelEndPoint.java:117)
	at org.eclipse.jetty.util.thread.strategy.EatWhatYouKill.runTask(EatWhatYouKill.java:336)
	at org.eclipse.jetty.util.thread.strategy.EatWhatYouKill.doProduce(EatWhatYouKill.java:313)
	at org.eclipse.jetty.util.thread.strategy.EatWhatYouKill.tryProduce(EatWhatYouKill.java:171)
	at org.eclipse.jetty.util.thread.strategy.EatWhatYouKill.produce(EatWhatYouKill.java:135)
	at org.eclipse.jetty.util.thread.QueuedThreadPool.runJob(QueuedThreadPool.java:806)
	at org.eclipse.jetty.util.thread.QueuedThreadPool$Runner.run(QueuedThreadPool.java:938)
	at java.base/java.lang.Thread.run(Thread.java:834)
Caused by: java.io.IOException: Se ha anulado una conexión establecida por el software en su equipo host.
	at java.base/sun.nio.ch.SocketDispatcher.write0(Native Method)
	at java.base/sun.nio.ch.SocketDispatcher.write(SocketDispatcher.java:51)
	at java.base/sun.nio.ch.IOUtil.writeFromNativeBuffer(IOUtil.java:113)
	at java.base/sun.nio.ch.IOUtil.write(IOUtil.java:79)
	at java.base/sun.nio.ch.IOUtil.write(IOUtil.java:50)
	at java.base/sun.nio.ch.SocketChannelImpl.write(SocketChannelImpl.java:466)
	at org.eclipse.jetty.io.ChannelEndPoint.flush(ChannelEndPoint.java:261)
	... 52 common frames omitted
13:19:09.678 [qtp1209070290-130] DEBUG org.eclipse.jetty.server.HttpConnection - abort HttpConnection@5a99d0b6::NetworkTrafficSocketChannelEndPoint@15632651{/127.0.0.1:65053<->/127.0.0.1:8080,OPEN,fill=-,flush=F,to=3/30000}{io=0/0,kio=0,kro=1}->HttpConnection@5a99d0b6[p=HttpParser{s=END,144 of 144},g=HttpGenerator@56c4341a{s=COMPLETING}]=>HttpChannelOverHttp@1ba4da8d{s=HttpChannelState@1f9b4d21{s=HANDLING rs=BLOCKING os=ABORTED is=READY awp=false se=false i=true al=0},r=1,c=false/false,a=HANDLING,uri=//localhost:8080/api/v0/components/provision-adapters/jobs,age=2114} {}
13:19:09.678 [qtp1209070290-130] DEBUG org.eclipse.jetty.io.AbstractEndPoint - close NetworkTrafficSocketChannelEndPoint@15632651{/127.0.0.1:65053<->/127.0.0.1:8080,OPEN,fill=-,flush=F,to=3/30000}{io=0/0,kio=0,kro=1}->HttpConnection@5a99d0b6[p=HttpParser{s=END,144 of 144},g=HttpGenerator@56c4341a{s=COMPLETING}]=>HttpChannelOverHttp@1ba4da8d{s=HttpChannelState@1f9b4d21{s=HANDLING rs=BLOCKING os=ABORTED is=READY awp=false se=false i=true al=0},r=1,c=false/false,a=HANDLING,uri=//localhost:8080/api/v0/components/provision-adapters/jobs,age=2114}
13:19:09.678 [qtp1209070290-130] DEBUG org.eclipse.jetty.io.AbstractEndPoint - close(null) NetworkTrafficSocketChannelEndPoint@15632651{/127.0.0.1:65053<->/127.0.0.1:8080,OPEN,fill=-,flush=F,to=4/30000}{io=0/0,kio=0,kro=1}->HttpConnection@5a99d0b6[p=HttpParser{s=END,144 of 144},g=HttpGenerator@56c4341a{s=COMPLETING}]=>HttpChannelOverHttp@1ba4da8d{s=HttpChannelState@1f9b4d21{s=HANDLING rs=BLOCKING os=ABORTED is=READY awp=false se=false i=true al=0},r=1,c=false/false,a=HANDLING,uri=//localhost:8080/api/v0/components/provision-adapters/jobs,age=2114}
13:19:09.678 [qtp1209070290-130] DEBUG org.eclipse.jetty.io.ChannelEndPoint - doClose NetworkTrafficSocketChannelEndPoint@15632651{/127.0.0.1:65053<->/127.0.0.1:8080,CLOSED,fill=-,flush=F,to=4/30000}{io=0/0,kio=0,kro=1}->HttpConnection@5a99d0b6[p=HttpParser{s=END,144 of 144},g=HttpGenerator@56c4341a{s=COMPLETING}]=>HttpChannelOverHttp@1ba4da8d{s=HttpChannelState@1f9b4d21{s=HANDLING rs=BLOCKING os=ABORTED is=READY awp=false se=false i=true al=0},r=1,c=false/false,a=HANDLING,uri=//localhost:8080/api/v0/components/provision-adapters/jobs,age=2114}
13:19:09.678 [qtp1209070290-130] DEBUG org.eclipse.jetty.io.FillInterest - onClose FillInterest@6b09ecfd{null}
13:19:09.678 [qtp1209070290-130] DEBUG org.eclipse.jetty.io.ManagedSelector - Wakeup ManagedSelector@4fc62f79{STARTED} id=0 keys=1 selected=0 updates=0
13:19:09.678 [qtp1209070290-135] DEBUG org.eclipse.jetty.io.ManagedSelector - Selector sun.nio.ch.WindowsSelectorImpl@665861d woken with none selected
13:19:09.679 [qtp1209070290-135] DEBUG org.eclipse.jetty.io.ManagedSelector - Selector sun.nio.ch.WindowsSelectorImpl@665861d woken up from select, 0/0/0 selected
13:19:09.679 [qtp1209070290-135] DEBUG org.eclipse.jetty.io.ManagedSelector - Selector sun.nio.ch.WindowsSelectorImpl@665861d processing 0 keys, 0 updates
13:19:09.679 [qtp1209070290-135] DEBUG org.eclipse.jetty.io.ManagedSelector - updateable 0
13:19:09.679 [qtp1209070290-135] DEBUG org.eclipse.jetty.io.ManagedSelector - updates 0
13:19:09.679 [qtp1209070290-135] DEBUG org.eclipse.jetty.io.ManagedSelector - Selector sun.nio.ch.WindowsSelectorImpl@665861d waiting with 0 keys
13:19:09.679 [qtp1209070290-130] DEBUG org.eclipse.jetty.util.thread.QueuedThreadPool - queue org.eclipse.jetty.io.ManagedSelector$DestroyEndPoint@17a1caa8 startThread=0
13:19:09.679 [qtp1209070290-130] DEBUG org.eclipse.jetty.server.HttpOutput - onWriteComplete(true,org.eclipse.jetty.io.EofException) s=CLOSING,api=BLOCKED,sc=false,e=null->s=CLOSED,api=BLOCKING,sc=false,e=null c=null cb=null w=false
13:19:09.679 [qtp1209070290-130] DEBUG org.eclipse.jetty.server.Server - handled=true async=false committed=true on HttpChannelOverHttp@1ba4da8d{s=HttpChannelState@1f9b4d21{s=HANDLING rs=BLOCKING os=ABORTED is=READY awp=false se=false i=true al=0},r=1,c=false/false,a=HANDLING,uri=//localhost:8080/api/v0/components/provision-adapters/jobs,age=2115}
13:19:09.679 [qtp1209070290-130] DEBUG org.eclipse.jetty.server.HttpChannelState - unhandle HttpChannelState@1f9b4d21{s=HANDLING rs=BLOCKING os=ABORTED is=READY awp=false se=false i=true al=0}
13:19:09.679 [qtp1209070290-130] DEBUG org.eclipse.jetty.server.HttpChannelState - nextAction(false) COMPLETE HttpChannelState@1f9b4d21{s=HANDLING rs=COMPLETING os=ABORTED is=READY awp=false se=false i=false al=0}
13:19:09.679 [qtp1209070290-130] DEBUG org.eclipse.jetty.server.HttpChannel - action COMPLETE HttpChannelOverHttp@1ba4da8d{s=HttpChannelState@1f9b4d21{s=HANDLING rs=COMPLETING os=ABORTED is=READY awp=false se=false i=false al=0},r=1,c=false/false,a=HANDLING,uri=//localhost:8080/api/v0/components/provision-adapters/jobs,age=2115}
13:19:09.679 [qtp1209070290-130] DEBUG org.eclipse.jetty.server.HttpOutput - complete(org.eclipse.jetty.util.Callback$4@48868020) s=CLOSED,api=BLOCKING,sc=false,e=null s=true e=null, c=null
13:19:09.679 [qtp1209070290-130] DEBUG org.eclipse.jetty.server.HttpChannelState - completed HttpChannelState@1f9b4d21{s=HANDLING rs=COMPLETING os=ABORTED is=READY awp=false se=false i=false al=0}
13:19:09.679 [qtp1209070290-130] DEBUG org.eclipse.jetty.server.HttpChannelState - unhandle HttpChannelState@1f9b4d21{s=HANDLING rs=COMPLETED os=ABORTED is=READY awp=false se=false i=false al=0}
13:19:09.679 [qtp1209070290-130] DEBUG org.eclipse.jetty.server.HttpChannelState - nextAction(false) TERMINATED HttpChannelState@1f9b4d21{s=IDLE rs=COMPLETED os=ABORTED is=READY awp=false se=false i=false al=0}
13:19:09.679 [qtp1209070290-130] DEBUG org.eclipse.jetty.server.HttpChannel - action TERMINATED HttpChannelOverHttp@1ba4da8d{s=HttpChannelState@1f9b4d21{s=IDLE rs=COMPLETED os=ABORTED is=READY awp=false se=false i=false al=0},r=1,c=true/false,a=IDLE,uri=//localhost:8080/api/v0/components/provision-adapters/jobs,age=2115}
13:19:09.679 [qtp1209070290-130] DEBUG org.eclipse.jetty.server.HttpChannel - onCompleted for /api/v0/components/provision-adapters/jobs written=0
13:19:09.679 [qtp1209070290-130] DEBUG org.eclipse.jetty.server.HttpChannelState - recycle HttpChannelState@1f9b4d21{s=IDLE rs=COMPLETED os=ABORTED is=READY awp=false se=false i=false al=0}
13:19:09.680 [qtp1209070290-130] DEBUG org.eclipse.jetty.http.HttpParser - close HttpParser{s=END,144 of 144}
13:19:09.681 [qtp1209070290-130] DEBUG org.eclipse.jetty.http.HttpParser - END --> CLOSE
13:19:09.681 [qtp1209070290-130] DEBUG org.eclipse.jetty.server.HttpChannel - !handle TERMINATED HttpChannelOverHttp@1ba4da8d{s=HttpChannelState@1f9b4d21{s=IDLE rs=BLOCKING os=OPEN is=IDLE awp=false se=false i=true al=0},r=1,c=false/false,a=IDLE,uri=null,age=0}
13:19:09.681 [qtp1209070290-130] DEBUG org.eclipse.jetty.server.HttpConnection - HttpConnection@5a99d0b6::NetworkTrafficSocketChannelEndPoint@15632651{/127.0.0.1:65053<->/127.0.0.1:8080,CLOSED,fill=-,flush=F,to=6/30000}{io=0/0,kio=-1,kro=-1}->HttpConnection@5a99d0b6[p=HttpParser{s=CLOSE,144 of 144},g=HttpGenerator@56c4341a{s=START}]=>HttpChannelOverHttp@1ba4da8d{s=HttpChannelState@1f9b4d21{s=IDLE rs=BLOCKING os=OPEN is=IDLE awp=false se=false i=true al=0},r=1,c=false/false,a=IDLE,uri=null,age=0} onFillable exit HttpChannelState@1f9b4d21{s=IDLE rs=BLOCKING os=OPEN is=IDLE awp=false se=false i=true al=0} null
13:19:09.681 [qtp1209070290-130] DEBUG org.eclipse.jetty.util.thread.QueuedThreadPool - ran org.eclipse.jetty.io.ManagedSelector$$Lambda$425/0x00000001005fc040@ac96191 in QueuedThreadPool[qtp1209070290]@4810f2d2{STARTED,8<=8<=14,i=0,r=1,q=0}[ReservedThreadExecutor@4f4ecc0{s=1/1,p=0}]
13:19:09.681 [qtp1209070290-130] DEBUG org.eclipse.jetty.util.thread.QueuedThreadPool - run org.eclipse.jetty.io.ManagedSelector$DestroyEndPoint@17a1caa8 in QueuedThreadPool[qtp1209070290]@4810f2d2{STARTED,8<=8<=14,i=1,r=1,q=0}[ReservedThreadExecutor@4f4ecc0{s=1/1,p=0}]
13:19:09.681 [qtp1209070290-130] DEBUG org.eclipse.jetty.io.ManagedSelector - Destroyed NetworkTrafficSocketChannelEndPoint@15632651{/127.0.0.1:65053<->/127.0.0.1:8080,CLOSED,fill=-,flush=F,to=7/30000}{io=0/0,kio=-1,kro=-1}->HttpConnection@5a99d0b6[p=HttpParser{s=CLOSE,144 of 144},g=HttpGenerator@56c4341a{s=START}]=>HttpChannelOverHttp@1ba4da8d{s=HttpChannelState@1f9b4d21{s=IDLE rs=BLOCKING os=OPEN is=IDLE awp=false se=false i=true al=0},r=1,c=false/false,a=IDLE,uri=null,age=0}
13:19:09.681 [qtp1209070290-130] DEBUG org.eclipse.jetty.io.AbstractConnection - onClose HttpConnection@5a99d0b6::NetworkTrafficSocketChannelEndPoint@15632651{/127.0.0.1:65053<->/127.0.0.1:8080,CLOSED,fill=-,flush=F,to=7/30000}{io=0/0,kio=-1,kro=-1}->HttpConnection@5a99d0b6[p=HttpParser{s=CLOSE,144 of 144},g=HttpGenerator@56c4341a{s=START}]=>HttpChannelOverHttp@1ba4da8d{s=HttpChannelState@1f9b4d21{s=IDLE rs=BLOCKING os=OPEN is=IDLE awp=false se=false i=true al=0},r=1,c=false/false,a=IDLE,uri=null,age=0}
13:19:09.681 [qtp1209070290-130] DEBUG org.eclipse.jetty.util.thread.QueuedThreadPool - ran org.eclipse.jetty.io.ManagedSelector$DestroyEndPoint@17a1caa8 in QueuedThreadPool[qtp1209070290]@4810f2d2{STARTED,8<=8<=14,i=1,r=1,q=0}[ReservedThreadExecutor@4f4ecc0{s=1/1,p=0}]
13:19:09.838 [parallel-1] DEBUG org.springframework.web.reactive.function.client.ExchangeFunctions - [d6edac0] HTTP POST http://localhost:8080/api/v0/components/provision-adapters/jobs
13:19:09.840 [reactor-http-nio-2] DEBUG reactor.netty.resources.PooledConnectionProvider - [id: 0xf18d531a] Created a new pooled channel, now 1 active connections and 0 inactive connections
13:19:09.841 [reactor-http-nio-2] DEBUG reactor.netty.channel.BootstrapHandlers - [id: 0xf18d531a] Initialized pipeline DefaultChannelPipeline{(BootstrapHandlers$BootstrapInitializerHandler#0 = reactor.netty.channel.BootstrapHandlers$BootstrapInitializerHandler), (PooledConnectionProvider$PooledConnectionAllocator$PooledConnectionInitializer#0 = reactor.netty.resources.PooledConnectionProvider$PooledConnectionAllocator$PooledConnectionInitializer), (reactor.left.httpCodec = io.netty.handler.codec.http.HttpClientCodec), (reactor.right.reactiveBridge = reactor.netty.channel.ChannelOperationsHandler)}
13:19:09.844 [qtp1209070290-133-acceptor-1@40c8c7c9-NetworkTrafficServerConnector@6c15ea0b{HTTP/1.1, (http/1.1)}{0.0.0.0:8080}] DEBUG org.eclipse.jetty.io.ManagedSelector - Queued change org.eclipse.jetty.io.ManagedSelector$Accept@46f80a80 on ManagedSelector@740a358e{STARTED} id=1 keys=1 selected=0 updates=0
13:19:09.845 [qtp1209070290-133-acceptor-1@40c8c7c9-NetworkTrafficServerConnector@6c15ea0b{HTTP/1.1, (http/1.1)}{0.0.0.0:8080}] DEBUG org.eclipse.jetty.io.ManagedSelector - Wakeup on submit ManagedSelector@740a358e{STARTED} id=1 keys=1 selected=0 updates=1
13:19:09.845 [reactor-http-nio-2] DEBUG reactor.netty.resources.PooledConnectionProvider - [id: 0xf18d531a, L:/127.0.0.1:65054 - R:localhost/127.0.0.1:8080] Registering pool release on close event for channel
13:19:09.845 [reactor-http-nio-2] DEBUG reactor.netty.resources.PooledConnectionProvider - [id: 0xf18d531a, L:/127.0.0.1:65054 - R:localhost/127.0.0.1:8080] Channel connected, now 1 active connections and 0 inactive connections
13:19:09.845 [qtp1209070290-131] DEBUG org.eclipse.jetty.io.ManagedSelector - Selector sun.nio.ch.WindowsSelectorImpl@32adfd7e woken with none selected
13:19:09.845 [qtp1209070290-131] DEBUG org.eclipse.jetty.io.ManagedSelector - Selector sun.nio.ch.WindowsSelectorImpl@32adfd7e woken up from select, 0/0/1 selected
13:19:09.845 [qtp1209070290-131] DEBUG org.eclipse.jetty.io.ManagedSelector - Selector sun.nio.ch.WindowsSelectorImpl@32adfd7e processing 0 keys, 1 updates
13:19:09.845 [reactor-http-nio-2] DEBUG reactor.netty.resources.PooledConnectionProvider - [id: 0xf18d531a, L:/127.0.0.1:65054 - R:localhost/127.0.0.1:8080] onStateChange(PooledConnection{channel=[id: 0xf18d531a, L:/127.0.0.1:65054 - R:localhost/127.0.0.1:8080]}, [connected])
13:19:09.845 [qtp1209070290-131] DEBUG org.eclipse.jetty.io.ManagedSelector - updateable 1
13:19:09.845 [qtp1209070290-131] DEBUG org.eclipse.jetty.io.ManagedSelector - update org.eclipse.jetty.io.ManagedSelector$Accept@46f80a80
13:19:09.845 [qtp1209070290-131] DEBUG org.eclipse.jetty.util.thread.QueuedThreadPool - queue org.eclipse.jetty.io.ManagedSelector$Accept@46f80a80 startThread=0
13:19:09.845 [qtp1209070290-131] DEBUG org.eclipse.jetty.io.ManagedSelector - updates 0
13:19:09.845 [qtp1209070290-131] DEBUG org.eclipse.jetty.io.ManagedSelector - Selector sun.nio.ch.WindowsSelectorImpl@32adfd7e waiting with 2 keys
13:19:09.845 [reactor-http-nio-2] DEBUG reactor.netty.resources.PooledConnectionProvider - [id: 0xf18d531a, L:/127.0.0.1:65054 - R:localhost/127.0.0.1:8080] onStateChange(GET{uri=/, connection=PooledConnection{channel=[id: 0xf18d531a, L:/127.0.0.1:65054 - R:localhost/127.0.0.1:8080]}}, [configured])
13:19:09.845 [reactor-http-nio-2] DEBUG reactor.netty.ReactorNetty - [id: 0xf18d531a, L:/127.0.0.1:65054 - R:localhost/127.0.0.1:8080] Added decoder [ReadTimeoutHandler] at the end of the user pipeline, full pipeline: [reactor.left.httpCodec, ReadTimeoutHandler, reactor.right.reactiveBridge, DefaultChannelPipeline$TailContext#0]
13:19:09.846 [reactor-http-nio-2] DEBUG reactor.netty.ReactorNetty - [id: 0xf18d531a, L:/127.0.0.1:65054 - R:localhost/127.0.0.1:8080] Added decoder [WriteTimeoutHandler] at the end of the user pipeline, full pipeline: [reactor.left.httpCodec, ReadTimeoutHandler, WriteTimeoutHandler, reactor.right.reactiveBridge, DefaultChannelPipeline$TailContext#0]
13:19:09.846 [reactor-http-nio-2] DEBUG reactor.netty.http.client.HttpClientConnect - [id: 0xf18d531a, L:/127.0.0.1:65054 - R:localhost/127.0.0.1:8080] Handler is being applied: {uri=http://localhost:8080/api/v0/components/provision-adapters/jobs, method=POST}
13:19:09.846 [reactor-http-nio-2] DEBUG reactor.netty.resources.PooledConnectionProvider - [id: 0xf18d531a, L:/127.0.0.1:65054 - R:localhost/127.0.0.1:8080] onStateChange(POST{uri=/api/v0/components/provision-adapters/jobs, connection=PooledConnection{channel=[id: 0xf18d531a, L:/127.0.0.1:65054 - R:localhost/127.0.0.1:8080]}}, [request_prepared])
13:19:09.847 [reactor-http-nio-2] DEBUG org.springframework.http.codec.json.Jackson2JsonEncoder - [d6edac0] Encoding [ComponentInstanceRequest(id=0d60571b-63fa-4e26-81e4-b719a1199105, productId=00f65044-3acc-4629-803e- (truncated)...]
13:19:09.849 [reactor-http-nio-2] DEBUG reactor.netty.resources.PooledConnectionProvider - [id: 0xf18d531a, L:/127.0.0.1:65054 - R:localhost/127.0.0.1:8080] onStateChange(POST{uri=/api/v0/components/provision-adapters/jobs, connection=PooledConnection{channel=[id: 0xf18d531a, L:/127.0.0.1:65054 - R:localhost/127.0.0.1:8080]}}, [request_sent])
13:19:09.854 [qtp1209070290-130] DEBUG org.eclipse.jetty.util.thread.QueuedThreadPool - run org.eclipse.jetty.io.ManagedSelector$Accept@46f80a80 in QueuedThreadPool[qtp1209070290]@4810f2d2{STARTED,8<=8<=14,i=1,r=1,q=0}[ReservedThreadExecutor@4f4ecc0{s=1/1,p=0}]
13:19:09.854 [qtp1209070290-130] DEBUG org.eclipse.jetty.io.IdleTimeout - NetworkTrafficSocketChannelEndPoint@4fc50c8d{/127.0.0.1:65054<->/127.0.0.1:8080,OPEN,fill=-,flush=-,to=0/30000}{io=0/0,kio=0,kro=0}-><null> idle timeout check, elapsed: 0 ms, remaining: 30000 ms
13:19:09.854 [qtp1209070290-130] DEBUG org.eclipse.jetty.server.HttpChannel - new HttpChannelOverHttp@53d5731a{s=HttpChannelState@4ab81742{s=IDLE rs=BLOCKING os=OPEN is=IDLE awp=false se=false i=true al=0},r=0,c=false/false,a=IDLE,uri=null,age=0} -> NetworkTrafficSocketChannelEndPoint@4fc50c8d{/127.0.0.1:65054<->/127.0.0.1:8080,OPEN,fill=-,flush=-,to=0/30000}{io=0/0,kio=0,kro=0}-><null>,null,HttpChannelState@4ab81742{s=IDLE rs=BLOCKING os=OPEN is=IDLE awp=false se=false i=true al=0}
13:19:09.854 [qtp1209070290-130] DEBUG org.eclipse.jetty.server.HttpConnection - New HTTP Connection HttpConnection@364319b5::NetworkTrafficSocketChannelEndPoint@4fc50c8d{/127.0.0.1:65054<->/127.0.0.1:8080,OPEN,fill=-,flush=-,to=0/30000}{io=0/0,kio=0,kro=0}-><null>
13:19:09.854 [qtp1209070290-130] DEBUG org.eclipse.jetty.io.AbstractEndPoint - onOpen NetworkTrafficSocketChannelEndPoint@4fc50c8d{/127.0.0.1:65054<->/127.0.0.1:8080,OPEN,fill=-,flush=-,to=0/30000}{io=0/0,kio=0,kro=0}->HttpConnection@364319b5[p=HttpParser{s=START,0 of -1},g=HttpGenerator@5105da94{s=START}]=>HttpChannelOverHttp@53d5731a{s=HttpChannelState@4ab81742{s=IDLE rs=BLOCKING os=OPEN is=IDLE awp=false se=false i=true al=0},r=0,c=false/false,a=IDLE,uri=null,age=0}
13:19:09.854 [qtp1209070290-130] DEBUG org.eclipse.jetty.io.AbstractConnection - onOpen HttpConnection@364319b5::NetworkTrafficSocketChannelEndPoint@4fc50c8d{/127.0.0.1:65054<->/127.0.0.1:8080,OPEN,fill=-,flush=-,to=0/30000}{io=0/0,kio=0,kro=0}->HttpConnection@364319b5[p=HttpParser{s=START,0 of -1},g=HttpGenerator@5105da94{s=START}]=>HttpChannelOverHttp@53d5731a{s=HttpChannelState@4ab81742{s=IDLE rs=BLOCKING os=OPEN is=IDLE awp=false se=false i=true al=0},r=0,c=false/false,a=IDLE,uri=null,age=0}
13:19:09.854 [qtp1209070290-130] DEBUG org.eclipse.jetty.io.AbstractConnection - fillInterested HttpConnection@364319b5::NetworkTrafficSocketChannelEndPoint@4fc50c8d{/127.0.0.1:65054<->/127.0.0.1:8080,OPEN,fill=-,flush=-,to=0/30000}{io=0/0,kio=0,kro=0}->HttpConnection@364319b5[p=HttpParser{s=START,0 of -1},g=HttpGenerator@5105da94{s=START}]=>HttpChannelOverHttp@53d5731a{s=HttpChannelState@4ab81742{s=IDLE rs=BLOCKING os=OPEN is=IDLE awp=false se=false i=true al=0},r=0,c=false/false,a=IDLE,uri=null,age=0}
13:19:09.854 [qtp1209070290-130] DEBUG org.eclipse.jetty.io.FillInterest - interested FillInterest@29302e0d{AC.ReadCB@364319b5{HttpConnection@364319b5::NetworkTrafficSocketChannelEndPoint@4fc50c8d{/127.0.0.1:65054<->/127.0.0.1:8080,OPEN,fill=FI,flush=-,to=0/30000}{io=0/0,kio=0,kro=0}->HttpConnection@364319b5[p=HttpParser{s=START,0 of -1},g=HttpGenerator@5105da94{s=START}]=>HttpChannelOverHttp@53d5731a{s=HttpChannelState@4ab81742{s=IDLE rs=BLOCKING os=OPEN is=IDLE awp=false se=false i=true al=0},r=0,c=false/false,a=IDLE,uri=null,age=0}}}
13:19:09.855 [qtp1209070290-130] DEBUG org.eclipse.jetty.io.ChannelEndPoint - changeInterests p=false 0->1 for NetworkTrafficSocketChannelEndPoint@4fc50c8d{/127.0.0.1:65054<->/127.0.0.1:8080,OPEN,fill=FI,flush=-,to=0/30000}{io=0/1,kio=0,kro=0}->HttpConnection@364319b5[p=HttpParser{s=START,0 of -1},g=HttpGenerator@5105da94{s=START}]=>HttpChannelOverHttp@53d5731a{s=HttpChannelState@4ab81742{s=IDLE rs=BLOCKING os=OPEN is=IDLE awp=false se=false i=true al=0},r=0,c=false/false,a=IDLE,uri=null,age=0}
13:19:09.855 [qtp1209070290-130] DEBUG org.eclipse.jetty.io.ManagedSelector - Queued change org.eclipse.jetty.io.ChannelEndPoint$1@23b83e6e on ManagedSelector@740a358e{STARTED} id=1 keys=2 selected=0 updates=0
13:19:09.855 [qtp1209070290-130] DEBUG org.eclipse.jetty.io.ManagedSelector - Wakeup on submit ManagedSelector@740a358e{STARTED} id=1 keys=2 selected=0 updates=1
13:19:09.855 [qtp1209070290-131] DEBUG org.eclipse.jetty.io.ManagedSelector - Selector sun.nio.ch.WindowsSelectorImpl@32adfd7e woken with none selected
13:19:09.855 [qtp1209070290-130] DEBUG org.eclipse.jetty.io.ManagedSelector - Created NetworkTrafficSocketChannelEndPoint@4fc50c8d{/127.0.0.1:65054<->/127.0.0.1:8080,OPEN,fill=FI,flush=-,to=0/30000}{io=0/1,kio=0,kro=0}->HttpConnection@364319b5[p=HttpParser{s=START,0 of -1},g=HttpGenerator@5105da94{s=START}]=>HttpChannelOverHttp@53d5731a{s=HttpChannelState@4ab81742{s=IDLE rs=BLOCKING os=OPEN is=IDLE awp=false se=false i=true al=0},r=0,c=false/false,a=IDLE,uri=null,age=0}
13:19:09.855 [qtp1209070290-131] DEBUG org.eclipse.jetty.io.ManagedSelector - Selector sun.nio.ch.WindowsSelectorImpl@32adfd7e woken up from select, 0/0/2 selected
13:19:09.855 [qtp1209070290-131] DEBUG org.eclipse.jetty.io.ManagedSelector - Selector sun.nio.ch.WindowsSelectorImpl@32adfd7e processing 0 keys, 1 updates
13:19:09.855 [qtp1209070290-130] DEBUG org.eclipse.jetty.util.thread.QueuedThreadPool - ran org.eclipse.jetty.io.ManagedSelector$Accept@46f80a80 in QueuedThreadPool[qtp1209070290]@4810f2d2{STARTED,8<=8<=14,i=1,r=1,q=0}[ReservedThreadExecutor@4f4ecc0{s=1/1,p=0}]
13:19:09.855 [qtp1209070290-131] DEBUG org.eclipse.jetty.io.ManagedSelector - updateable 1
13:19:09.855 [qtp1209070290-131] DEBUG org.eclipse.jetty.io.ManagedSelector - update org.eclipse.jetty.io.ChannelEndPoint$1@23b83e6e
13:19:09.855 [qtp1209070290-131] DEBUG org.eclipse.jetty.io.ChannelEndPoint - Key interests updated 0 -> 1 on NetworkTrafficSocketChannelEndPoint@4fc50c8d{/127.0.0.1:65054<->/127.0.0.1:8080,OPEN,fill=FI,flush=-,to=0/30000}{io=1/1,kio=1,kro=0}->HttpConnection@364319b5[p=HttpParser{s=START,0 of -1},g=HttpGenerator@5105da94{s=START}]=>HttpChannelOverHttp@53d5731a{s=HttpChannelState@4ab81742{s=IDLE rs=BLOCKING os=OPEN is=IDLE awp=false se=false i=true al=0},r=0,c=false/false,a=IDLE,uri=null,age=0}
13:19:09.855 [qtp1209070290-131] DEBUG org.eclipse.jetty.io.ManagedSelector - updates 0
13:19:09.855 [qtp1209070290-131] DEBUG org.eclipse.jetty.io.ManagedSelector - Selector sun.nio.ch.WindowsSelectorImpl@32adfd7e waiting with 2 keys
13:19:09.855 [qtp1209070290-131] DEBUG org.eclipse.jetty.io.ManagedSelector - Selector sun.nio.ch.WindowsSelectorImpl@32adfd7e woken up from select, 1/1/2 selected
13:19:09.855 [qtp1209070290-131] DEBUG org.eclipse.jetty.io.ManagedSelector - Selector sun.nio.ch.WindowsSelectorImpl@32adfd7e processing 1 keys, 0 updates
13:19:09.855 [qtp1209070290-131] DEBUG org.eclipse.jetty.io.ManagedSelector - selected 1 channel=java.nio.channels.SocketChannel[connected local=/127.0.0.1:8080 remote=/127.0.0.1:65054], selector=sun.nio.ch.WindowsSelectorImpl@32adfd7e, interestOps=1, readyOps=1 NetworkTrafficSocketChannelEndPoint@4fc50c8d{/127.0.0.1:65054<->/127.0.0.1:8080,OPEN,fill=FI,flush=-,to=0/30000}{io=1/1,kio=1,kro=1}->HttpConnection@364319b5[p=HttpParser{s=START,0 of -1},g=HttpGenerator@5105da94{s=START}]=>HttpChannelOverHttp@53d5731a{s=HttpChannelState@4ab81742{s=IDLE rs=BLOCKING os=OPEN is=IDLE awp=false se=false i=true al=0},r=0,c=false/false,a=IDLE,uri=null,age=0} 
13:19:09.855 [qtp1209070290-131] DEBUG org.eclipse.jetty.io.ChannelEndPoint - onSelected 1->0 r=true w=false for NetworkTrafficSocketChannelEndPoint@4fc50c8d{/127.0.0.1:65054<->/127.0.0.1:8080,OPEN,fill=FI,flush=-,to=0/30000}{io=1/0,kio=1,kro=1}->HttpConnection@364319b5[p=HttpParser{s=START,0 of -1},g=HttpGenerator@5105da94{s=START}]=>HttpChannelOverHttp@53d5731a{s=HttpChannelState@4ab81742{s=IDLE rs=BLOCKING os=OPEN is=IDLE awp=false se=false i=true al=0},r=0,c=false/false,a=IDLE,uri=null,age=0}
13:19:09.855 [qtp1209070290-131] DEBUG org.eclipse.jetty.io.ChannelEndPoint - task CEP:NetworkTrafficSocketChannelEndPoint@4fc50c8d{/127.0.0.1:65054<->/127.0.0.1:8080,OPEN,fill=FI,flush=-,to=0/30000}{io=1/0,kio=1,kro=1}->HttpConnection@364319b5[p=HttpParser{s=START,0 of -1},g=HttpGenerator@5105da94{s=START}]=>HttpChannelOverHttp@53d5731a{s=HttpChannelState@4ab81742{s=IDLE rs=BLOCKING os=OPEN is=IDLE awp=false se=false i=true al=0},r=0,c=false/false,a=IDLE,uri=null,age=0}:runFillable:BLOCKING
13:19:09.855 [qtp1209070290-131] DEBUG org.eclipse.jetty.util.thread.ReservedThreadExecutor - ReservedThreadExecutor@4f4ecc0{s=1/1,p=0} tryExecute EatWhatYouKill@ca22542/SelectorProducer@51d26865/PRODUCING/p=false/QueuedThreadPool[qtp1209070290]@4810f2d2{STARTED,8<=8<=14,i=2,r=1,q=0}[ReservedThreadExecutor@4f4ecc0{s=1/1,p=0}][pc=0,pic=0,pec=1,epc=0]@2020-09-25T13:19:09.8558844+02:00
13:19:09.855 [qtp1209070290-131] DEBUG org.eclipse.jetty.util.thread.ReservedThreadExecutor - ReservedThreadExecutor@4f4ecc0{s=0/1,p=0}@c9ded6d offer EatWhatYouKill@ca22542/SelectorProducer@51d26865/PRODUCING/p=false/QueuedThreadPool[qtp1209070290]@4810f2d2{STARTED,8<=8<=14,i=2,r=1,q=0}[ReservedThreadExecutor@4f4ecc0{s=0/1,p=0}][pc=0,pic=0,pec=1,epc=0]@2020-09-25T13:19:09.8558844+02:00
13:19:09.856 [qtp1209070290-131] DEBUG org.eclipse.jetty.util.thread.ReservedThreadExecutor - ReservedThreadExecutor@4f4ecc0{s=0/1,p=1} startReservedThread p=1
13:19:09.856 [qtp1209070290-131] DEBUG org.eclipse.jetty.util.thread.QueuedThreadPool - queue ReservedThreadExecutor@4f4ecc0{s=0/1,p=1}@20cc5bb9 startThread=0
13:19:09.856 [qtp1209070290-131] DEBUG org.eclipse.jetty.util.thread.strategy.EatWhatYouKill - EatWhatYouKill@ca22542/SelectorProducer@51d26865/IDLE/p=true/QueuedThreadPool[qtp1209070290]@4810f2d2{STARTED,8<=8<=14,i=1,r=1,q=0}[ReservedThreadExecutor@4f4ecc0{s=0/1,p=1}][pc=0,pic=0,pec=1,epc=0]@2020-09-25T13:19:09.8569127+02:00 m=EXECUTE_PRODUCE_CONSUME t=CEP:NetworkTrafficSocketChannelEndPoint@4fc50c8d{/127.0.0.1:65054<->/127.0.0.1:8080,OPEN,fill=FI,flush=-,to=1/30000}{io=1/0,kio=1,kro=1}->HttpConnection@364319b5[p=HttpParser{s=START,0 of -1},g=HttpGenerator@5105da94{s=START}]=>HttpChannelOverHttp@53d5731a{s=HttpChannelState@4ab81742{s=IDLE rs=BLOCKING os=OPEN is=IDLE awp=false se=false i=true al=0},r=0,c=false/false,a=IDLE,uri=null,age=0}:runFillable:BLOCKING/BLOCKING
13:19:09.856 [qtp1209070290-131] DEBUG org.eclipse.jetty.io.FillInterest - fillable FillInterest@29302e0d{AC.ReadCB@364319b5{HttpConnection@364319b5::NetworkTrafficSocketChannelEndPoint@4fc50c8d{/127.0.0.1:65054<->/127.0.0.1:8080,OPEN,fill=FI,flush=-,to=1/30000}{io=1/0,kio=1,kro=1}->HttpConnection@364319b5[p=HttpParser{s=START,0 of -1},g=HttpGenerator@5105da94{s=START}]=>HttpChannelOverHttp@53d5731a{s=HttpChannelState@4ab81742{s=IDLE rs=BLOCKING os=OPEN is=IDLE awp=false se=false i=true al=0},r=0,c=false/false,a=IDLE,uri=null,age=0}}}
13:19:09.856 [qtp1209070290-131] DEBUG org.eclipse.jetty.server.HttpConnection - HttpConnection@364319b5::NetworkTrafficSocketChannelEndPoint@4fc50c8d{/127.0.0.1:65054<->/127.0.0.1:8080,OPEN,fill=-,flush=-,to=1/30000}{io=1/0,kio=1,kro=1}->HttpConnection@364319b5[p=HttpParser{s=START,0 of -1},g=HttpGenerator@5105da94{s=START}]=>HttpChannelOverHttp@53d5731a{s=HttpChannelState@4ab81742{s=IDLE rs=BLOCKING os=OPEN is=IDLE awp=false se=false i=true al=0},r=0,c=false/false,a=IDLE,uri=null,age=0} onFillable enter HttpChannelState@4ab81742{s=IDLE rs=BLOCKING os=OPEN is=IDLE awp=false se=false i=true al=0} null
13:19:09.856 [qtp1209070290-131] DEBUG org.eclipse.jetty.io.ChannelEndPoint - filled 356 HeapByteBuffer@7b29b23d[p=0,l=356,c=8192,r=356]={<<<POST /api/v0/components/p...ev-build","answers":{}}>>>response"...\x00\x00\x00\x00\x00\x00\x00}
13:19:09.856 [qtp1209070290-131] DEBUG org.eclipse.jetty.server.HttpConnection - HttpConnection@364319b5::NetworkTrafficSocketChannelEndPoint@4fc50c8d{/127.0.0.1:65054<->/127.0.0.1:8080,OPEN,fill=-,flush=-,to=0/30000}{io=1/0,kio=1,kro=1}->HttpConnection@364319b5[p=HttpParser{s=START,0 of -1},g=HttpGenerator@5105da94{s=START}]=>HttpChannelOverHttp@53d5731a{s=HttpChannelState@4ab81742{s=IDLE rs=BLOCKING os=OPEN is=IDLE awp=false se=false i=true al=0},r=0,c=false/false,a=IDLE,uri=null,age=0} filled 356 HeapByteBuffer@7b29b23d[p=0,l=356,c=8192,r=356]={<<<POST /api/v0/components/p...ev-build","answers":{}}>>>response"...\x00\x00\x00\x00\x00\x00\x00}
13:19:09.856 [qtp1209070290-131] DEBUG org.eclipse.jetty.server.HttpConnection - HttpConnection@364319b5::NetworkTrafficSocketChannelEndPoint@4fc50c8d{/127.0.0.1:65054<->/127.0.0.1:8080,OPEN,fill=-,flush=-,to=0/30000}{io=1/0,kio=1,kro=1}->HttpConnection@364319b5[p=HttpParser{s=START,0 of -1},g=HttpGenerator@5105da94{s=START}]=>HttpChannelOverHttp@53d5731a{s=HttpChannelState@4ab81742{s=IDLE rs=BLOCKING os=OPEN is=IDLE awp=false se=false i=true al=0},r=0,c=false/false,a=IDLE,uri=null,age=0} parse HeapByteBuffer@7b29b23d[p=0,l=356,c=8192,r=356]={<<<POST /api/v0/components/p...ev-build","answers":{}}>>>response"...\x00\x00\x00\x00\x00\x00\x00} {}
13:19:09.856 [qtp1209070290-131] DEBUG org.eclipse.jetty.http.HttpParser - parseNext s=START HeapByteBuffer@7b29b23d[p=0,l=356,c=8192,r=356]={<<<POST /api/v0/components/p...ev-build","answers":{}}>>>response"...\x00\x00\x00\x00\x00\x00\x00}
13:19:09.856 [qtp1209070290-131] DEBUG org.eclipse.jetty.http.HttpParser - START --> SPACE1
13:19:09.856 [qtp1209070290-131] DEBUG org.eclipse.jetty.http.HttpParser - SPACE1 --> URI
13:19:09.856 [qtp1209070290-131] DEBUG org.eclipse.jetty.http.HttpParser - URI --> SPACE2
13:19:09.856 [qtp1209070290-131] DEBUG org.eclipse.jetty.http.HttpParser - SPACE2 --> REQUEST_VERSION
13:19:09.857 [qtp1209070290-131] DEBUG org.eclipse.jetty.http.HttpParser - REQUEST_VERSION --> HEADER
13:19:09.857 [qtp1209070290-131] DEBUG org.eclipse.jetty.http.HttpParser - HEADER:User-Agent --> VALUE
13:19:09.857 [qtp1209070290-131] DEBUG org.eclipse.jetty.http.HttpParser - HEADER:User-Agent --> IN_VALUE
13:19:09.857 [qtp1209070290-131] DEBUG org.eclipse.jetty.http.HttpParser - HEADER:User-Agent --> FIELD
13:19:09.857 [qtp1209070290-131] DEBUG org.eclipse.jetty.http.HttpParser - HEADER:Host --> VALUE
13:19:09.857 [qtp1209070290-131] DEBUG org.eclipse.jetty.http.HttpParser - HEADER:Host --> IN_VALUE
13:19:09.857 [qtp1209070290-131] DEBUG org.eclipse.jetty.http.HttpParser - HEADER:Host --> FIELD
13:19:09.857 [qtp1209070290-131] DEBUG org.eclipse.jetty.http.HttpParser - HEADER:Accept: */* --> IN_VALUE
13:19:09.857 [qtp1209070290-131] DEBUG org.eclipse.jetty.http.HttpParser - HEADER:Accept: */* --> FIELD
13:19:09.857 [qtp1209070290-131] DEBUG org.eclipse.jetty.http.HttpParser - HEADER:Content-Type: application/json --> IN_VALUE
13:19:09.857 [qtp1209070290-131] DEBUG org.eclipse.jetty.http.HttpParser - HEADER:Content-Type: application/json --> FIELD
13:19:09.857 [qtp1209070290-131] DEBUG org.eclipse.jetty.http.HttpParser - HEADER:Authorization --> VALUE
13:19:09.857 [qtp1209070290-131] DEBUG org.eclipse.jetty.http.HttpParser - HEADER:Authorization --> IN_VALUE
13:19:09.857 [qtp1209070290-131] DEBUG org.eclipse.jetty.http.HttpParser - HEADER:Authorization --> FIELD
13:19:09.857 [qtp1209070290-131] DEBUG org.eclipse.jetty.http.HttpParser - HEADER:Content-Length --> VALUE
13:19:09.857 [qtp1209070290-131] DEBUG org.eclipse.jetty.http.HttpParser - HEADER:Content-Length --> IN_VALUE
13:19:09.857 [qtp1209070290-131] DEBUG org.eclipse.jetty.http.HttpParser - HEADER:Content-Length --> FIELD
13:19:09.857 [qtp1209070290-131] DEBUG org.eclipse.jetty.http.HttpParser - HEADER --> CONTENT
13:19:09.857 [qtp1209070290-131] DEBUG org.eclipse.jetty.server.HttpChannel - REQUEST for //localhost:8080/api/v0/components/provision-adapters/jobs on HttpChannelOverHttp@53d5731a{s=HttpChannelState@4ab81742{s=IDLE rs=BLOCKING os=OPEN is=IDLE awp=false se=false i=true al=0},r=1,c=false/false,a=IDLE,uri=//localhost:8080/api/v0/components/provision-adapters/jobs,age=0}
POST //localhost:8080/api/v0/components/provision-adapters/jobs HTTP/1.1
User-Agent: ReactorNetty/0.9.7.RELEASE
Host: localhost:8080
Accept: */*
Content-Type: application/json
Authorization: Bearer
Content-Length: 144


13:19:09.857 [qtp1209070290-131] DEBUG org.eclipse.jetty.server.HttpConnection - HttpConnection@364319b5::NetworkTrafficSocketChannelEndPoint@4fc50c8d{/127.0.0.1:65054<->/127.0.0.1:8080,OPEN,fill=-,flush=-,to=0/30000}{io=1/0,kio=1,kro=1}->HttpConnection@364319b5[p=HttpParser{s=CONTENT,0 of 144},g=HttpGenerator@5105da94{s=START}]=>HttpChannelOverHttp@53d5731a{s=HttpChannelState@4ab81742{s=IDLE rs=BLOCKING os=OPEN is=IDLE awp=false se=false i=true al=0},r=1,c=false/false,a=IDLE,uri=//localhost:8080/api/v0/components/provision-adapters/jobs,age=0} parsed true HttpParser{s=CONTENT,0 of 144}
13:19:09.857 [qtp1209070290-131] DEBUG org.eclipse.jetty.server.HttpChannel - handle //localhost:8080/api/v0/components/provision-adapters/jobs HttpChannelOverHttp@53d5731a{s=HttpChannelState@4ab81742{s=IDLE rs=BLOCKING os=OPEN is=IDLE awp=false se=false i=true al=0},r=1,c=false/false,a=IDLE,uri=//localhost:8080/api/v0/components/provision-adapters/jobs,age=0} 
13:19:09.857 [qtp1209070290-131] DEBUG org.eclipse.jetty.server.HttpChannelState - handling HttpChannelState@4ab81742{s=IDLE rs=BLOCKING os=OPEN is=IDLE awp=false se=false i=true al=0}
13:19:09.857 [qtp1209070290-131] DEBUG org.eclipse.jetty.server.HttpChannel - action DISPATCH HttpChannelOverHttp@53d5731a{s=HttpChannelState@4ab81742{s=HANDLING rs=BLOCKING os=OPEN is=IDLE awp=false se=false i=true al=0},r=1,c=false/false,a=HANDLING,uri=//localhost:8080/api/v0/components/provision-adapters/jobs,age=0}
13:19:09.857 [qtp1209070290-131] DEBUG org.eclipse.jetty.server.Server - REQUEST POST /api/v0/components/provision-adapters/jobs on HttpChannelOverHttp@53d5731a{s=HttpChannelState@4ab81742{s=HANDLING rs=BLOCKING os=OPEN is=IDLE awp=false se=false i=true al=0},r=1,c=false/false,a=HANDLING,uri=//localhost:8080/api/v0/components/provision-adapters/jobs,age=0}
13:19:09.857 [qtp1209070290-131] DEBUG org.eclipse.jetty.server.handler.ContextHandler - scope null||/api/v0/components/provision-adapters/jobs @ o.e.j.s.ServletContextHandler@a15c548{/__admin,null,AVAILABLE}
13:19:09.857 [qtp1209070290-131] DEBUG org.eclipse.jetty.server.handler.gzip.GzipHandler - GzipHandler@36425b18{STARTED,min=32,inflate=-1} handle Request(POST //localhost:8080/api/v0/components/provision-adapters/jobs)@4c604236 in null
13:19:09.857 [qtp1209070290-131] DEBUG org.eclipse.jetty.server.handler.ContextHandler - scope null||/api/v0/components/provision-adapters/jobs @ o.e.j.s.ServletContextHandler@56621157{/,null,AVAILABLE}
13:19:09.857 [qtp1209070290-131] DEBUG org.eclipse.jetty.server.handler.ContextHandler - context=||/api/v0/components/provision-adapters/jobs @ o.e.j.s.ServletContextHandler@56621157{/,null,AVAILABLE}
13:19:09.858 [qtp1209070290-131] DEBUG org.eclipse.jetty.servlet.ServletHandler - servlet |/api/v0/components/provision-adapters/jobs|null -> com.github.tomakehurst.wiremock.servlet.WireMockHandlerDispatchingServlet-4463405f@95f7dad8==com.github.tomakehurst.wiremock.servlet.WireMockHandlerDispatchingServlet,jsp=null,order=-1,inst=true,async=true
13:19:09.858 [qtp1209070290-131] DEBUG org.eclipse.jetty.servlet.ServletHandler - chain=org.eclipse.jetty.servlets.CrossOriginFilter-262ea69@262ea69==org.eclipse.jetty.servlets.CrossOriginFilter,inst=true,async=true->com.github.tomakehurst.wiremock.servlet.WireMockHandlerDispatchingServlet-4463405f@95f7dad8==com.github.tomakehurst.wiremock.servlet.WireMockHandlerDispatchingServlet,jsp=null,order=-1,inst=true,async=true
13:19:09.858 [qtp1209070290-131] DEBUG org.eclipse.jetty.servlet.ServletHandler - call filter org.eclipse.jetty.servlets.CrossOriginFilter-262ea69@262ea69==org.eclipse.jetty.servlets.CrossOriginFilter,inst=true,async=true
13:19:09.858 [qtp1209070290-131] DEBUG org.eclipse.jetty.servlet.ServletHandler - call servlet com.github.tomakehurst.wiremock.servlet.WireMockHandlerDispatchingServlet-4463405f@95f7dad8==com.github.tomakehurst.wiremock.servlet.WireMockHandlerDispatchingServlet,jsp=null,order=-1,inst=true,async=true
13:19:09.858 [qtp1209070290-131] DEBUG org.eclipse.jetty.server.HttpConnection - HttpConnection@364319b5::NetworkTrafficSocketChannelEndPoint@4fc50c8d{/127.0.0.1:65054<->/127.0.0.1:8080,OPEN,fill=-,flush=-,to=1/30000}{io=1/0,kio=1,kro=1}->HttpConnection@364319b5[p=HttpParser{s=CONTENT,0 of 144},g=HttpGenerator@5105da94{s=START}]=>HttpChannelOverHttp@53d5731a{s=HttpChannelState@4ab81742{s=HANDLING rs=BLOCKING os=OPEN is=IDLE awp=false se=false i=true al=0},r=1,c=false/false,a=HANDLING,uri=//localhost:8080/api/v0/components/provision-adapters/jobs,age=1} parse HeapByteBuffer@7b29b23d[p=212,l=356,c=8192,r=144]={POST /api...144\r\n\r\n<<<{"id":"0d60571b-63fa-4e26...ev-build","answers":{}}>>>response"...\x00\x00\x00\x00\x00\x00\x00} {}
13:19:09.858 [qtp1209070290-131] DEBUG org.eclipse.jetty.http.HttpParser - parseNext s=CONTENT HeapByteBuffer@7b29b23d[p=212,l=356,c=8192,r=144]={POST /api...144\r\n\r\n<<<{"id":"0d60571b-63fa-4e26...ev-build","answers":{}}>>>response"...\x00\x00\x00\x00\x00\x00\x00}
13:19:09.858 [qtp1209070290-131] DEBUG org.eclipse.jetty.server.HttpChannel - onContent HttpChannelOverHttp@53d5731a{s=HttpChannelState@4ab81742{s=HANDLING rs=BLOCKING os=OPEN is=IDLE awp=false se=false i=true al=0},r=1,c=false/false,a=HANDLING,uri=//localhost:8080/api/v0/components/provision-adapters/jobs,age=1} Content@58115852{HeapByteBufferR@1d78e02f[p=212,l=356,c=8192,r=144]={POST /api...144\r\n\r\n<<<{"id":"0d60571b-63fa-4e26...ev-build","answers":{}}>>>response"...\x00\x00\x00\x00\x00\x00\x00}}
13:19:09.858 [qtp1209070290-131] DEBUG org.eclipse.jetty.server.HttpInput - HttpInputOverHTTP@5fab71aa[c=0,q=0,[0]=null,s=STREAM] addContent Content@58115852{HeapByteBufferR@1d78e02f[p=212,l=356,c=8192,r=144]={POST /api...144\r\n\r\n<<<{"id":"0d60571b-63fa-4e26...ev-build","answers":{}}>>>response"...\x00\x00\x00\x00\x00\x00\x00}}
13:19:09.859 [qtp1209070290-131] DEBUG org.eclipse.jetty.http.HttpParser - CONTENT --> CONTENT_END
13:19:09.859 [qtp1209070290-131] DEBUG org.eclipse.jetty.server.HttpChannel - onContentComplete HttpChannelOverHttp@53d5731a{s=HttpChannelState@4ab81742{s=HANDLING rs=BLOCKING os=OPEN is=IDLE awp=false se=false i=true al=0},r=1,c=false/false,a=HANDLING,uri=//localhost:8080/api/v0/components/provision-adapters/jobs,age=2}
13:19:09.859 [qtp1209070290-131] DEBUG org.eclipse.jetty.http.HttpParser - CONTENT_END --> END
13:19:09.859 [qtp1209070290-131] DEBUG org.eclipse.jetty.server.HttpChannel - onRequestComplete HttpChannelOverHttp@53d5731a{s=HttpChannelState@4ab81742{s=HANDLING rs=BLOCKING os=OPEN is=IDLE awp=false se=false i=true al=0},r=1,c=false/false,a=HANDLING,uri=//localhost:8080/api/v0/components/provision-adapters/jobs,age=2}
13:19:09.859 [qtp1209070290-131] DEBUG org.eclipse.jetty.server.HttpInput - HttpInputOverHTTP@5fab71aa[c=0,q=1,[0]=EOF,s=STREAM] addContent EOF
13:19:09.859 [qtp1209070290-136] DEBUG org.eclipse.jetty.util.thread.ReservedThreadExecutor - ReservedThreadExecutor@4f4ecc0{s=0/1,p=1}@c9ded6d task=EatWhatYouKill@ca22542/SelectorProducer@51d26865/IDLE/p=true/QueuedThreadPool[qtp1209070290]@4810f2d2{STARTED,8<=8<=14,i=1,r=1,q=0}[ReservedThreadExecutor@4f4ecc0{s=0/1,p=1}][pc=0,pic=0,pec=1,epc=1]@2020-09-25T13:19:09.8598913+02:00
13:19:09.859 [qtp1209070290-131] DEBUG org.eclipse.jetty.server.HttpConnection - HttpConnection@364319b5::NetworkTrafficSocketChannelEndPoint@4fc50c8d{/127.0.0.1:65054<->/127.0.0.1:8080,OPEN,fill=-,flush=-,to=2/30000}{io=1/0,kio=1,kro=1}->HttpConnection@364319b5[p=HttpParser{s=END,144 of 144},g=HttpGenerator@5105da94{s=START}]=>HttpChannelOverHttp@53d5731a{s=HttpChannelState@4ab81742{s=HANDLING rs=BLOCKING os=OPEN is=IDLE awp=false se=false i=true al=0},r=1,c=false/false,a=HANDLING,uri=//localhost:8080/api/v0/components/provision-adapters/jobs,age=2} parsed false HttpParser{s=END,144 of 144}
13:19:09.859 [qtp1209070290-136] DEBUG org.eclipse.jetty.util.thread.strategy.EatWhatYouKill - EatWhatYouKill@ca22542/SelectorProducer@51d26865/IDLE/p=true/QueuedThreadPool[qtp1209070290]@4810f2d2{STARTED,8<=8<=14,i=1,r=1,q=0}[ReservedThreadExecutor@4f4ecc0{s=0/1,p=1}][pc=0,pic=0,pec=1,epc=1]@2020-09-25T13:19:09.8598913+02:00 tryProduce true
13:19:09.859 [qtp1209070290-136] DEBUG org.eclipse.jetty.io.ManagedSelector - updateable 0
13:19:09.859 [qtp1209070290-136] DEBUG org.eclipse.jetty.io.ManagedSelector - updates 0
13:19:09.859 [qtp1209070290-131] DEBUG org.eclipse.jetty.server.HttpInput - HttpInputOverHTTP@5fab71aa[c=144,q=1,[0]=EOF,s=STREAM] read 144 from Content@58115852{HeapByteBufferR@1d78e02f[p=356,l=356,c=8192,r=0]={POST /api...rs":{}}<<<>>>response"...\x00\x00\x00\x00\x00\x00\x00}}
13:19:09.859 [qtp1209070290-136] DEBUG org.eclipse.jetty.io.ChannelEndPoint - Key interests updated 1 -> 0 on NetworkTrafficSocketChannelEndPoint@4fc50c8d{/127.0.0.1:65054<->/127.0.0.1:8080,OPEN,fill=-,flush=-,to=2/30000}{io=0/0,kio=0,kro=1}->HttpConnection@364319b5[p=HttpParser{s=END,144 of 144},g=HttpGenerator@5105da94{s=START}]=>HttpChannelOverHttp@53d5731a{s=HttpChannelState@4ab81742{s=HANDLING rs=BLOCKING os=OPEN is=IDLE awp=false se=false i=true al=0},r=1,c=false/false,a=HANDLING,uri=//localhost:8080/api/v0/components/provision-adapters/jobs,age=2}
13:19:09.859 [qtp1209070290-131] DEBUG org.eclipse.jetty.server.HttpConnection - releaseRequestBuffer HttpConnection@364319b5::NetworkTrafficSocketChannelEndPoint@4fc50c8d{/127.0.0.1:65054<->/127.0.0.1:8080,OPEN,fill=-,flush=-,to=2/30000}{io=0/0,kio=0,kro=1}->HttpConnection@364319b5[p=HttpParser{s=END,144 of 144},g=HttpGenerator@5105da94{s=START}]=>HttpChannelOverHttp@53d5731a{s=HttpChannelState@4ab81742{s=HANDLING rs=BLOCKING os=OPEN is=IDLE awp=false se=false i=true al=0},r=1,c=false/false,a=HANDLING,uri=//localhost:8080/api/v0/components/provision-adapters/jobs,age=2}
13:19:09.859 [qtp1209070290-137] DEBUG org.eclipse.jetty.util.thread.QueuedThreadPool - run ReservedThreadExecutor@4f4ecc0{s=0/1,p=1}@20cc5bb9 in QueuedThreadPool[qtp1209070290]@4810f2d2{STARTED,8<=8<=14,i=1,r=1,q=0}[ReservedThreadExecutor@4f4ecc0{s=0/1,p=1}]
13:19:09.859 [qtp1209070290-131] DEBUG org.eclipse.jetty.server.HttpChannelState - onEof HttpChannelState@4ab81742{s=HANDLING rs=BLOCKING os=OPEN is=IDLE awp=false se=false i=true al=0}
13:19:09.859 [qtp1209070290-137] DEBUG org.eclipse.jetty.util.thread.ReservedThreadExecutor - ReservedThreadExecutor@4f4ecc0{s=1/1,p=1}@20cc5bb9 started
13:19:09.859 [qtp1209070290-137] DEBUG org.eclipse.jetty.util.thread.ReservedThreadExecutor - ReservedThreadExecutor@4f4ecc0{s=1/1,p=0}@20cc5bb9 waiting
13:19:09.859 [qtp1209070290-136] DEBUG org.eclipse.jetty.io.ManagedSelector - Selector sun.nio.ch.WindowsSelectorImpl@32adfd7e waiting with 2 keys
13:19:10.657 [qtp824248140-21] DEBUG org.eclipse.jetty.util.thread.QueuedThreadPool - Thread[qtp824248140-21,5,main] exited for QueuedThreadPool[qtp824248140]@3121074c{STOPPED,8<=0<=14,i=4,r=-1,q=0}[NO_TRY]
13:19:11.320 [qtp824248140-23] DEBUG org.eclipse.jetty.util.thread.QueuedThreadPool - Thread[qtp824248140-23,5,main] exited for QueuedThreadPool[qtp824248140]@3121074c{STOPPED,8<=0<=14,i=4,r=-1,q=0}[NO_TRY]
13:19:11.321 [qtp824248140-20] DEBUG org.eclipse.jetty.util.thread.QueuedThreadPool - Thread[qtp824248140-20,5,main] exited for QueuedThreadPool[qtp824248140]@3121074c{STOPPED,8<=0<=14,i=4,r=-1,q=0}[NO_TRY]
13:19:11.847 [reactor-http-nio-2] WARN reactor.netty.http.client.HttpClientConnect - [id: 0xf18d531a, L:/127.0.0.1:65054 - R:localhost/127.0.0.1:8080] The connection observed an error
io.netty.handler.timeout.ReadTimeoutException: null
13:19:11.848 [reactor-http-nio-2] DEBUG org.springframework.web.reactive.function.client.ExchangeFunctions - [d6edac0] Cancel signal (to close connection)
13:19:11.850 [reactor-http-nio-2] DEBUG reactor.netty.resources.PooledConnectionProvider - [id: 0xf18d531a, L:/127.0.0.1:65054 ! R:localhost/127.0.0.1:8080] Channel closed, now 0 active connections and 0 inactive connections
13:19:11.850 [reactor-http-nio-2] DEBUG reactor.netty.ReactorNetty - [id: 0xf18d531a, L:/127.0.0.1:65054 ! R:localhost/127.0.0.1:8080] Non Removed handler: ReadTimeoutHandler, context: ChannelHandlerContext(ReadTimeoutHandler, [id: 0xf18d531a, L:/127.0.0.1:65054 ! R:localhost/127.0.0.1:8080]), pipeline: DefaultChannelPipeline{(reactor.left.httpCodec = io.netty.handler.codec.http.HttpClientCodec), (ReadTimeoutHandler = io.netty.handler.timeout.ReadTimeoutHandler), (WriteTimeoutHandler = io.netty.handler.timeout.WriteTimeoutHandler), (reactor.right.reactiveBridge = reactor.netty.channel.ChannelOperationsHandler)}
13:19:11.851 [reactor-http-nio-2] DEBUG reactor.netty.ReactorNetty - [id: 0xf18d531a, L:/127.0.0.1:65054 ! R:localhost/127.0.0.1:8080] Non Removed handler: WriteTimeoutHandler, context: ChannelHandlerContext(WriteTimeoutHandler, [id: 0xf18d531a, L:/127.0.0.1:65054 ! R:localhost/127.0.0.1:8080]), pipeline: DefaultChannelPipeline{(reactor.left.httpCodec = io.netty.handler.codec.http.HttpClientCodec), (ReadTimeoutHandler = io.netty.handler.timeout.ReadTimeoutHandler), (WriteTimeoutHandler = io.netty.handler.timeout.WriteTimeoutHandler), (reactor.right.reactiveBridge = reactor.netty.channel.ChannelOperationsHandler)}
13:19:11.851 [reactor-http-nio-2] DEBUG reactor.netty.resources.PooledConnectionProvider - [id: 0xf18d531a, L:/127.0.0.1:65054 ! R:localhost/127.0.0.1:8080] onStateChange(POST{uri=/api/v0/components/provision-adapters/jobs, connection=PooledConnection{channel=[id: 0xf18d531a, L:/127.0.0.1:65054 ! R:localhost/127.0.0.1:8080]}}, [disconnecting])
13:19:11.966 [qtp1209070290-131] DEBUG org.eclipse.jetty.server.handler.gzip.GzipHandler - GzipHandler@36425b18{STARTED,min=32,inflate=-1} excluded not gzip accept Request(POST //localhost:8080/api/v0/components/provision-adapters/jobs)@4c604236
13:19:11.966 [qtp1209070290-131] DEBUG org.eclipse.jetty.server.handler.gzip.GzipHttpOutputInterceptor - org.eclipse.jetty.server.handler.gzip.GzipHttpOutputInterceptor@1114f99b exclude no deflater
13:19:11.966 [qtp1209070290-131] DEBUG org.eclipse.jetty.server.HttpChannel - sendResponse info=null content=HeapByteBuffer@137d328[p=0,l=0,c=0,r=0]={<<<>>>} complete=false committing=true callback=Blocker@4315f023{null}
13:19:11.966 [qtp1209070290-131] DEBUG org.eclipse.jetty.server.HttpChannel - COMMIT for /api/v0/components/provision-adapters/jobs on HttpChannelOverHttp@53d5731a{s=HttpChannelState@4ab81742{s=HANDLING rs=BLOCKING os=COMMITTED is=READY awp=false se=false i=true al=0},r=1,c=false/false,a=HANDLING,uri=//localhost:8080/api/v0/components/provision-adapters/jobs,age=2109}
200 null HTTP/1.1
Matched-Stub-Id: 6accf1bf-961a-400a-b265-4af915844f6a
Vary: Accept-Encoding, User-Agent


13:19:11.966 [qtp1209070290-131] DEBUG org.eclipse.jetty.server.HttpConnection - generate: NEED_HEADER for org.eclipse.jetty.server.HttpConnection$SendCallback@193619f6[PROCESSING][i=HTTP/1.1{s=200,h=2,cl=-1},cb=org.eclipse.jetty.server.HttpChannel$SendCallback@1d141d5b] (null,[p=0,l=0,c=0,r=0],false)@START
13:19:11.966 [qtp1209070290-131] DEBUG org.eclipse.jetty.http.HttpGenerator - generateHeaders HTTP/1.1{s=200,h=2,cl=-1} last=false content=HeapByteBuffer@137d328[p=0,l=0,c=0,r=0]={<<<>>>}
13:19:11.966 [qtp1209070290-131] DEBUG org.eclipse.jetty.http.HttpGenerator - Matched-Stub-Id: 6accf1bf-961a-400a-b265-4af915844f6a
Vary: Accept-Encoding, User-Agent


13:19:11.966 [qtp1209070290-131] DEBUG org.eclipse.jetty.http.HttpGenerator - CHUNKED_CONTENT
13:19:11.966 [qtp1209070290-131] DEBUG org.eclipse.jetty.server.HttpConnection - generate: FLUSH for org.eclipse.jetty.server.HttpConnection$SendCallback@193619f6[PROCESSING][i=HTTP/1.1{s=200,h=2,cl=-1},cb=org.eclipse.jetty.server.HttpChannel$SendCallback@1d141d5b] ([p=0,l=170,c=8192,r=170],[p=0,l=0,c=0,r=0],false)@COMMITTED
13:19:11.966 [qtp1209070290-131] DEBUG org.eclipse.jetty.io.WriteFlusher - write: WriteFlusher@2bfae743{IDLE}->null [HeapByteBuffer@7b29b23d[p=0,l=170,c=8192,r=170]={<<<HTTP/1.1 200 OK\r\nMatched-...y(9.4.28.v20200408)\r\n\r\n>>>rization:...\x00\x00\x00\x00\x00\x00\x00}]
13:19:11.966 [qtp1209070290-131] DEBUG org.eclipse.jetty.io.WriteFlusher - update WriteFlusher@2bfae743{WRITING}->null:IDLE-->WRITING
13:19:11.967 [qtp1209070290-131] DEBUG org.eclipse.jetty.io.ChannelEndPoint - flushed 170 NetworkTrafficSocketChannelEndPoint@4fc50c8d{/127.0.0.1:65054<->/127.0.0.1:8080,OPEN,fill=-,flush=W,to=2110/30000}{io=0/0,kio=0,kro=1}->HttpConnection@364319b5[p=HttpParser{s=END,144 of 144},g=HttpGenerator@5105da94{s=COMMITTED}]=>HttpChannelOverHttp@53d5731a{s=HttpChannelState@4ab81742{s=HANDLING rs=BLOCKING os=COMMITTED is=READY awp=false se=false i=true al=0},r=1,c=false/false,a=HANDLING,uri=//localhost:8080/api/v0/components/provision-adapters/jobs,age=2110}
13:19:11.967 [qtp1209070290-131] DEBUG org.eclipse.jetty.io.WriteFlusher - Flushed=true written=170 remaining=0 WriteFlusher@2bfae743{WRITING}->null
13:19:11.967 [qtp1209070290-131] DEBUG org.eclipse.jetty.io.WriteFlusher - update WriteFlusher@2bfae743{IDLE}->null:WRITING-->IDLE
13:19:11.967 [qtp1209070290-131] DEBUG org.eclipse.jetty.server.HttpConnection - generate: DONE for org.eclipse.jetty.server.HttpConnection$SendCallback@193619f6[PROCESSING][i=HTTP/1.1{s=200,h=2,cl=-1},cb=org.eclipse.jetty.server.HttpChannel$SendCallback@1d141d5b] ([p=170,l=170,c=8192,r=0],[p=0,l=0,c=0,r=0],false)@COMMITTED
13:19:11.967 [qtp1209070290-131] DEBUG org.eclipse.jetty.server.HttpOutput - onWriteComplete(false,null) s=OPEN,api=BLOCKED,sc=false,e=null->s=OPEN,api=BLOCKING,sc=false,e=null c=null cb=null w=false
13:19:11.967 [qtp1209070290-131] DEBUG org.eclipse.jetty.server.HttpOutput - close() s=CLOSING,api=BLOCKED,sc=false,e=null c=HeapByteBuffer@137d328[p=0,l=0,c=0,r=0]={<<<>>>} b=Blocker@4315f023{null}
13:19:11.967 [qtp1209070290-131] DEBUG org.eclipse.jetty.server.HttpChannel - sendResponse info=null content=HeapByteBuffer@137d328[p=0,l=0,c=0,r=0]={<<<>>>} complete=true committing=false callback=Blocker@4315f023{null}
13:19:11.967 [qtp1209070290-131] DEBUG org.eclipse.jetty.server.HttpConnection - generate: CONTINUE for org.eclipse.jetty.server.HttpConnection$SendCallback@193619f6[PROCESSING][i=null,cb=org.eclipse.jetty.server.HttpChannel$SendCallback@47829ef7] (null,[p=0,l=0,c=0,r=0],true)@COMPLETING
13:19:11.967 [qtp1209070290-131] DEBUG org.eclipse.jetty.server.HttpConnection - generate: NEED_CHUNK for org.eclipse.jetty.server.HttpConnection$SendCallback@193619f6[PROCESSING][i=null,cb=org.eclipse.jetty.server.HttpChannel$SendCallback@47829ef7] (null,[p=0,l=0,c=0,r=0],true)@COMPLETING
13:19:11.967 [qtp1209070290-131] DEBUG org.eclipse.jetty.server.HttpConnection - generate: FLUSH for org.eclipse.jetty.server.HttpConnection$SendCallback@193619f6[PROCESSING][i=null,cb=org.eclipse.jetty.server.HttpChannel$SendCallback@47829ef7] (null,[p=0,l=0,c=0,r=0],true)@COMPLETING
13:19:11.967 [qtp1209070290-131] DEBUG org.eclipse.jetty.io.WriteFlusher - write: WriteFlusher@2bfae743{IDLE}->null [HeapByteBuffer@65b9693c[p=0,l=5,c=1024,r=5]={<<<0\r\n\r\n>>>\r\n\x00\x00\x00\x00\x00\x00\x00...\x00\x00\x00\x00\x00\x00\x00}]
13:19:11.967 [qtp1209070290-131] DEBUG org.eclipse.jetty.io.WriteFlusher - update WriteFlusher@2bfae743{WRITING}->null:IDLE-->WRITING
13:19:11.969 [qtp1209070290-131] DEBUG org.eclipse.jetty.io.WriteFlusher - write exception
org.eclipse.jetty.io.EofException: null
	at org.eclipse.jetty.io.ChannelEndPoint.flush(ChannelEndPoint.java:283)
	at org.eclipse.jetty.io.NetworkTrafficSocketChannelEndPoint.flush(NetworkTrafficSocketChannelEndPoint.java:66)
	at org.eclipse.jetty.io.WriteFlusher.flush(WriteFlusher.java:422)
	at org.eclipse.jetty.io.WriteFlusher.write(WriteFlusher.java:277)
	at org.eclipse.jetty.io.AbstractEndPoint.write(AbstractEndPoint.java:381)
	at org.eclipse.jetty.server.HttpConnection$SendCallback.process(HttpConnection.java:830)
	at org.eclipse.jetty.util.IteratingCallback.processing(IteratingCallback.java:241)
	at org.eclipse.jetty.util.IteratingCallback.iterate(IteratingCallback.java:223)
	at org.eclipse.jetty.server.HttpConnection.send(HttpConnection.java:549)
	at org.eclipse.jetty.server.HttpChannel.sendResponse(HttpChannel.java:829)
	at org.eclipse.jetty.server.HttpChannel.write(HttpChannel.java:901)
	at org.eclipse.jetty.server.handler.gzip.GzipHttpOutputInterceptor.write(GzipHttpOutputInterceptor.java:112)
	at org.eclipse.jetty.server.HttpOutput.channelWrite(HttpOutput.java:283)
	at org.eclipse.jetty.server.HttpOutput.close(HttpOutput.java:602)
	at com.github.tomakehurst.wiremock.servlet.WireMockHandlerDispatchingServlet.writeAndTranslateExceptions(WireMockHandlerDispatchingServlet.java:235)
	at com.github.tomakehurst.wiremock.servlet.WireMockHandlerDispatchingServlet.applyResponse(WireMockHandlerDispatchingServlet.java:223)
	at com.github.tomakehurst.wiremock.servlet.WireMockHandlerDispatchingServlet$ServletHttpResponder.respondTo(WireMockHandlerDispatchingServlet.java:183)
	at com.github.tomakehurst.wiremock.servlet.WireMockHandlerDispatchingServlet$ServletHttpResponder.respondSync(WireMockHandlerDispatchingServlet.java:150)
	at com.github.tomakehurst.wiremock.servlet.WireMockHandlerDispatchingServlet$ServletHttpResponder.respond(WireMockHandlerDispatchingServlet.java:144)
	at com.github.tomakehurst.wiremock.http.AbstractRequestHandler.handle(AbstractRequestHandler.java:90)
	at com.github.tomakehurst.wiremock.servlet.WireMockHandlerDispatchingServlet.service(WireMockHandlerDispatchingServlet.java:120)
	at javax.servlet.http.HttpServlet.service(HttpServlet.java:750)
	at org.eclipse.jetty.servlet.ServletHolder.handle(ServletHolder.java:763)
	at org.eclipse.jetty.servlet.ServletHandler$CachedChain.doFilter(ServletHandler.java:1631)
	at org.eclipse.jetty.servlets.CrossOriginFilter.handle(CrossOriginFilter.java:319)
	at org.eclipse.jetty.servlets.CrossOriginFilter.doFilter(CrossOriginFilter.java:273)
	at org.eclipse.jetty.servlet.ServletHandler$CachedChain.doFilter(ServletHandler.java:1618)
	at org.eclipse.jetty.servlet.ServletHandler.doHandle(ServletHandler.java:549)
	at org.eclipse.jetty.server.handler.ScopedHandler.nextHandle(ScopedHandler.java:233)
	at org.eclipse.jetty.server.handler.ContextHandler.doHandle(ContextHandler.java:1363)
	at org.eclipse.jetty.server.handler.ScopedHandler.nextScope(ScopedHandler.java:188)
	at org.eclipse.jetty.servlet.ServletHandler.doScope(ServletHandler.java:489)
	at org.eclipse.jetty.server.handler.ScopedHandler.nextScope(ScopedHandler.java:186)
	at org.eclipse.jetty.server.handler.ContextHandler.doScope(ContextHandler.java:1278)
	at org.eclipse.jetty.server.handler.ScopedHandler.handle(ScopedHandler.java:141)
	at org.eclipse.jetty.server.handler.gzip.GzipHandler.handle(GzipHandler.java:767)
	at org.eclipse.jetty.server.handler.HandlerCollection.handle(HandlerCollection.java:146)
	at org.eclipse.jetty.server.handler.HandlerWrapper.handle(HandlerWrapper.java:127)
	at org.eclipse.jetty.server.Server.handle(Server.java:500)
	at org.eclipse.jetty.server.HttpChannel.lambda$handle$1(HttpChannel.java:383)
	at org.eclipse.jetty.server.HttpChannel.dispatch(HttpChannel.java:547)
	at org.eclipse.jetty.server.HttpChannel.handle(HttpChannel.java:375)
	at org.eclipse.jetty.server.HttpConnection.onFillable(HttpConnection.java:273)
	at org.eclipse.jetty.io.AbstractConnection$ReadCallback.succeeded(AbstractConnection.java:311)
	at org.eclipse.jetty.io.FillInterest.fillable(FillInterest.java:103)
	at org.eclipse.jetty.io.ChannelEndPoint$2.run(ChannelEndPoint.java:117)
	at org.eclipse.jetty.util.thread.strategy.EatWhatYouKill.runTask(EatWhatYouKill.java:336)
	at org.eclipse.jetty.util.thread.strategy.EatWhatYouKill.doProduce(EatWhatYouKill.java:313)
	at org.eclipse.jetty.util.thread.strategy.EatWhatYouKill.tryProduce(EatWhatYouKill.java:171)
	at org.eclipse.jetty.util.thread.strategy.EatWhatYouKill.produce(EatWhatYouKill.java:135)
	at org.eclipse.jetty.util.thread.QueuedThreadPool.runJob(QueuedThreadPool.java:806)
	at org.eclipse.jetty.util.thread.QueuedThreadPool$Runner.run(QueuedThreadPool.java:938)
	at java.base/java.lang.Thread.run(Thread.java:834)
Caused by: java.io.IOException: Se ha anulado una conexión establecida por el software en su equipo host.
	at java.base/sun.nio.ch.SocketDispatcher.write0(Native Method)
	at java.base/sun.nio.ch.SocketDispatcher.write(SocketDispatcher.java:51)
	at java.base/sun.nio.ch.IOUtil.writeFromNativeBuffer(IOUtil.java:113)
	at java.base/sun.nio.ch.IOUtil.write(IOUtil.java:79)
	at java.base/sun.nio.ch.IOUtil.write(IOUtil.java:50)
	at java.base/sun.nio.ch.SocketChannelImpl.write(SocketChannelImpl.java:466)
	at org.eclipse.jetty.io.ChannelEndPoint.flush(ChannelEndPoint.java:261)
	... 52 common frames omitted
13:19:11.969 [qtp1209070290-131] DEBUG org.eclipse.jetty.io.WriteFlusher - update WriteFlusher@2bfae743{FAILED}->null:WRITING-->FAILED
13:19:11.969 [qtp1209070290-131] DEBUG org.eclipse.jetty.server.HttpChannel - Commit failed
org.eclipse.jetty.io.EofException: null
	at org.eclipse.jetty.io.ChannelEndPoint.flush(ChannelEndPoint.java:283)
	at org.eclipse.jetty.io.NetworkTrafficSocketChannelEndPoint.flush(NetworkTrafficSocketChannelEndPoint.java:66)
	at org.eclipse.jetty.io.WriteFlusher.flush(WriteFlusher.java:422)
	at org.eclipse.jetty.io.WriteFlusher.write(WriteFlusher.java:277)
	at org.eclipse.jetty.io.AbstractEndPoint.write(AbstractEndPoint.java:381)
	at org.eclipse.jetty.server.HttpConnection$SendCallback.process(HttpConnection.java:830)
	at org.eclipse.jetty.util.IteratingCallback.processing(IteratingCallback.java:241)
	at org.eclipse.jetty.util.IteratingCallback.iterate(IteratingCallback.java:223)
	at org.eclipse.jetty.server.HttpConnection.send(HttpConnection.java:549)
	at org.eclipse.jetty.server.HttpChannel.sendResponse(HttpChannel.java:829)
	at org.eclipse.jetty.server.HttpChannel.write(HttpChannel.java:901)
	at org.eclipse.jetty.server.handler.gzip.GzipHttpOutputInterceptor.write(GzipHttpOutputInterceptor.java:112)
	at org.eclipse.jetty.server.HttpOutput.channelWrite(HttpOutput.java:283)
	at org.eclipse.jetty.server.HttpOutput.close(HttpOutput.java:602)
	at com.github.tomakehurst.wiremock.servlet.WireMockHandlerDispatchingServlet.writeAndTranslateExceptions(WireMockHandlerDispatchingServlet.java:235)
	at com.github.tomakehurst.wiremock.servlet.WireMockHandlerDispatchingServlet.applyResponse(WireMockHandlerDispatchingServlet.java:223)
	at com.github.tomakehurst.wiremock.servlet.WireMockHandlerDispatchingServlet$ServletHttpResponder.respondTo(WireMockHandlerDispatchingServlet.java:183)
	at com.github.tomakehurst.wiremock.servlet.WireMockHandlerDispatchingServlet$ServletHttpResponder.respondSync(WireMockHandlerDispatchingServlet.java:150)
	at com.github.tomakehurst.wiremock.servlet.WireMockHandlerDispatchingServlet$ServletHttpResponder.respond(WireMockHandlerDispatchingServlet.java:144)
	at com.github.tomakehurst.wiremock.http.AbstractRequestHandler.handle(AbstractRequestHandler.java:90)
	at com.github.tomakehurst.wiremock.servlet.WireMockHandlerDispatchingServlet.service(WireMockHandlerDispatchingServlet.java:120)
	at javax.servlet.http.HttpServlet.service(HttpServlet.java:750)
	at org.eclipse.jetty.servlet.ServletHolder.handle(ServletHolder.java:763)
	at org.eclipse.jetty.servlet.ServletHandler$CachedChain.doFilter(ServletHandler.java:1631)
	at org.eclipse.jetty.servlets.CrossOriginFilter.handle(CrossOriginFilter.java:319)
	at org.eclipse.jetty.servlets.CrossOriginFilter.doFilter(CrossOriginFilter.java:273)
	at org.eclipse.jetty.servlet.ServletHandler$CachedChain.doFilter(ServletHandler.java:1618)
	at org.eclipse.jetty.servlet.ServletHandler.doHandle(ServletHandler.java:549)
	at org.eclipse.jetty.server.handler.ScopedHandler.nextHandle(ScopedHandler.java:233)
	at org.eclipse.jetty.server.handler.ContextHandler.doHandle(ContextHandler.java:1363)
	at org.eclipse.jetty.server.handler.ScopedHandler.nextScope(ScopedHandler.java:188)
	at org.eclipse.jetty.servlet.ServletHandler.doScope(ServletHandler.java:489)
	at org.eclipse.jetty.server.handler.ScopedHandler.nextScope(ScopedHandler.java:186)
	at org.eclipse.jetty.server.handler.ContextHandler.doScope(ContextHandler.java:1278)
	at org.eclipse.jetty.server.handler.ScopedHandler.handle(ScopedHandler.java:141)
	at org.eclipse.jetty.server.handler.gzip.GzipHandler.handle(GzipHandler.java:767)
	at org.eclipse.jetty.server.handler.HandlerCollection.handle(HandlerCollection.java:146)
	at org.eclipse.jetty.server.handler.HandlerWrapper.handle(HandlerWrapper.java:127)
	at org.eclipse.jetty.server.Server.handle(Server.java:500)
	at org.eclipse.jetty.server.HttpChannel.lambda$handle$1(HttpChannel.java:383)
	at org.eclipse.jetty.server.HttpChannel.dispatch(HttpChannel.java:547)
	at org.eclipse.jetty.server.HttpChannel.handle(HttpChannel.java:375)
	at org.eclipse.jetty.server.HttpConnection.onFillable(HttpConnection.java:273)
	at org.eclipse.jetty.io.AbstractConnection$ReadCallback.succeeded(AbstractConnection.java:311)
	at org.eclipse.jetty.io.FillInterest.fillable(FillInterest.java:103)
	at org.eclipse.jetty.io.ChannelEndPoint$2.run(ChannelEndPoint.java:117)
	at org.eclipse.jetty.util.thread.strategy.EatWhatYouKill.runTask(EatWhatYouKill.java:336)
	at org.eclipse.jetty.util.thread.strategy.EatWhatYouKill.doProduce(EatWhatYouKill.java:313)
	at org.eclipse.jetty.util.thread.strategy.EatWhatYouKill.tryProduce(EatWhatYouKill.java:171)
	at org.eclipse.jetty.util.thread.strategy.EatWhatYouKill.produce(EatWhatYouKill.java:135)
	at org.eclipse.jetty.util.thread.QueuedThreadPool.runJob(QueuedThreadPool.java:806)
	at org.eclipse.jetty.util.thread.QueuedThreadPool$Runner.run(QueuedThreadPool.java:938)
	at java.base/java.lang.Thread.run(Thread.java:834)
Caused by: java.io.IOException: Se ha anulado una conexión establecida por el software en su equipo host.
	at java.base/sun.nio.ch.SocketDispatcher.write0(Native Method)
	at java.base/sun.nio.ch.SocketDispatcher.write(SocketDispatcher.java:51)
	at java.base/sun.nio.ch.IOUtil.writeFromNativeBuffer(IOUtil.java:113)
	at java.base/sun.nio.ch.IOUtil.write(IOUtil.java:79)
	at java.base/sun.nio.ch.IOUtil.write(IOUtil.java:50)
	at java.base/sun.nio.ch.SocketChannelImpl.write(SocketChannelImpl.java:466)
	at org.eclipse.jetty.io.ChannelEndPoint.flush(ChannelEndPoint.java:261)
	... 52 common frames omitted
13:19:11.970 [qtp1209070290-131] DEBUG org.eclipse.jetty.server.HttpConnection - abort HttpConnection@364319b5::NetworkTrafficSocketChannelEndPoint@4fc50c8d{/127.0.0.1:65054<->/127.0.0.1:8080,OPEN,fill=-,flush=F,to=3/30000}{io=0/0,kio=0,kro=1}->HttpConnection@364319b5[p=HttpParser{s=END,144 of 144},g=HttpGenerator@5105da94{s=COMPLETING}]=>HttpChannelOverHttp@53d5731a{s=HttpChannelState@4ab81742{s=HANDLING rs=BLOCKING os=ABORTED is=READY awp=false se=false i=true al=0},r=1,c=false/false,a=HANDLING,uri=//localhost:8080/api/v0/components/provision-adapters/jobs,age=2113} {}
13:19:11.970 [qtp1209070290-131] DEBUG org.eclipse.jetty.io.AbstractEndPoint - close NetworkTrafficSocketChannelEndPoint@4fc50c8d{/127.0.0.1:65054<->/127.0.0.1:8080,OPEN,fill=-,flush=F,to=3/30000}{io=0/0,kio=0,kro=1}->HttpConnection@364319b5[p=HttpParser{s=END,144 of 144},g=HttpGenerator@5105da94{s=COMPLETING}]=>HttpChannelOverHttp@53d5731a{s=HttpChannelState@4ab81742{s=HANDLING rs=BLOCKING os=ABORTED is=READY awp=false se=false i=true al=0},r=1,c=false/false,a=HANDLING,uri=//localhost:8080/api/v0/components/provision-adapters/jobs,age=2113}
13:19:11.970 [qtp1209070290-131] DEBUG org.eclipse.jetty.io.AbstractEndPoint - close(null) NetworkTrafficSocketChannelEndPoint@4fc50c8d{/127.0.0.1:65054<->/127.0.0.1:8080,OPEN,fill=-,flush=F,to=3/30000}{io=0/0,kio=0,kro=1}->HttpConnection@364319b5[p=HttpParser{s=END,144 of 144},g=HttpGenerator@5105da94{s=COMPLETING}]=>HttpChannelOverHttp@53d5731a{s=HttpChannelState@4ab81742{s=HANDLING rs=BLOCKING os=ABORTED is=READY awp=false se=false i=true al=0},r=1,c=false/false,a=HANDLING,uri=//localhost:8080/api/v0/components/provision-adapters/jobs,age=2113}
13:19:11.970 [qtp1209070290-131] DEBUG org.eclipse.jetty.io.ChannelEndPoint - doClose NetworkTrafficSocketChannelEndPoint@4fc50c8d{/127.0.0.1:65054<->/127.0.0.1:8080,CLOSED,fill=-,flush=F,to=3/30000}{io=0/0,kio=0,kro=1}->HttpConnection@364319b5[p=HttpParser{s=END,144 of 144},g=HttpGenerator@5105da94{s=COMPLETING}]=>HttpChannelOverHttp@53d5731a{s=HttpChannelState@4ab81742{s=HANDLING rs=BLOCKING os=ABORTED is=READY awp=false se=false i=true al=0},r=1,c=false/false,a=HANDLING,uri=//localhost:8080/api/v0/components/provision-adapters/jobs,age=2113}
13:19:11.970 [qtp1209070290-131] DEBUG org.eclipse.jetty.io.FillInterest - onClose FillInterest@29302e0d{null}
13:19:11.970 [qtp1209070290-131] DEBUG org.eclipse.jetty.io.ManagedSelector - Wakeup ManagedSelector@740a358e{STARTED} id=1 keys=2 selected=0 updates=0
13:19:11.971 [qtp1209070290-131] DEBUG org.eclipse.jetty.util.thread.QueuedThreadPool - queue org.eclipse.jetty.io.ManagedSelector$DestroyEndPoint@6ed2d658 startThread=0
13:19:11.971 [qtp1209070290-136] DEBUG org.eclipse.jetty.io.ManagedSelector - Selector sun.nio.ch.WindowsSelectorImpl@32adfd7e woken with none selected
13:19:11.971 [qtp1209070290-131] DEBUG org.eclipse.jetty.server.HttpOutput - onWriteComplete(true,org.eclipse.jetty.io.EofException) s=CLOSING,api=BLOCKED,sc=false,e=null->s=CLOSED,api=BLOCKING,sc=false,e=null c=null cb=null w=false
13:19:11.971 [qtp1209070290-136] DEBUG org.eclipse.jetty.io.ManagedSelector - Selector sun.nio.ch.WindowsSelectorImpl@32adfd7e woken up from select, 0/0/1 selected
13:19:11.971 [qtp1209070290-136] DEBUG org.eclipse.jetty.io.ManagedSelector - Selector sun.nio.ch.WindowsSelectorImpl@32adfd7e processing 0 keys, 0 updates
13:19:11.971 [qtp1209070290-136] DEBUG org.eclipse.jetty.io.ManagedSelector - updateable 0
13:19:11.971 [qtp1209070290-136] DEBUG org.eclipse.jetty.io.ManagedSelector - updates 0
13:19:11.971 [qtp1209070290-136] DEBUG org.eclipse.jetty.io.ManagedSelector - Selector sun.nio.ch.WindowsSelectorImpl@32adfd7e waiting with 1 keys
13:19:11.971 [qtp1209070290-131] DEBUG org.eclipse.jetty.server.Server - handled=true async=false committed=true on HttpChannelOverHttp@53d5731a{s=HttpChannelState@4ab81742{s=HANDLING rs=BLOCKING os=ABORTED is=READY awp=false se=false i=true al=0},r=1,c=false/false,a=HANDLING,uri=//localhost:8080/api/v0/components/provision-adapters/jobs,age=2114}
13:19:11.971 [qtp1209070290-131] DEBUG org.eclipse.jetty.server.HttpChannelState - unhandle HttpChannelState@4ab81742{s=HANDLING rs=BLOCKING os=ABORTED is=READY awp=false se=false i=true al=0}
13:19:11.971 [qtp1209070290-131] DEBUG org.eclipse.jetty.server.HttpChannelState - nextAction(false) COMPLETE HttpChannelState@4ab81742{s=HANDLING rs=COMPLETING os=ABORTED is=READY awp=false se=false i=false al=0}
13:19:11.971 [qtp1209070290-131] DEBUG org.eclipse.jetty.server.HttpChannel - action COMPLETE HttpChannelOverHttp@53d5731a{s=HttpChannelState@4ab81742{s=HANDLING rs=COMPLETING os=ABORTED is=READY awp=false se=false i=false al=0},r=1,c=false/false,a=HANDLING,uri=//localhost:8080/api/v0/components/provision-adapters/jobs,age=2114}
13:19:11.971 [qtp1209070290-131] DEBUG org.eclipse.jetty.server.HttpOutput - complete(org.eclipse.jetty.util.Callback$4@5391e01c) s=CLOSED,api=BLOCKING,sc=false,e=null s=true e=null, c=null
13:19:11.971 [qtp1209070290-131] DEBUG org.eclipse.jetty.server.HttpChannelState - completed HttpChannelState@4ab81742{s=HANDLING rs=COMPLETING os=ABORTED is=READY awp=false se=false i=false al=0}
13:19:11.971 [qtp1209070290-131] DEBUG org.eclipse.jetty.server.HttpChannelState - unhandle HttpChannelState@4ab81742{s=HANDLING rs=COMPLETED os=ABORTED is=READY awp=false se=false i=false al=0}
13:19:11.971 [qtp1209070290-131] DEBUG org.eclipse.jetty.server.HttpChannelState - nextAction(false) TERMINATED HttpChannelState@4ab81742{s=IDLE rs=COMPLETED os=ABORTED is=READY awp=false se=false i=false al=0}
13:19:11.971 [qtp1209070290-131] DEBUG org.eclipse.jetty.server.HttpChannel - action TERMINATED HttpChannelOverHttp@53d5731a{s=HttpChannelState@4ab81742{s=IDLE rs=COMPLETED os=ABORTED is=READY awp=false se=false i=false al=0},r=1,c=true/false,a=IDLE,uri=//localhost:8080/api/v0/components/provision-adapters/jobs,age=2114}
13:19:11.971 [qtp1209070290-131] DEBUG org.eclipse.jetty.server.HttpChannel - onCompleted for /api/v0/components/provision-adapters/jobs written=0
13:19:11.971 [qtp1209070290-131] DEBUG org.eclipse.jetty.server.HttpChannelState - recycle HttpChannelState@4ab81742{s=IDLE rs=COMPLETED os=ABORTED is=READY awp=false se=false i=false al=0}
13:19:11.971 [qtp1209070290-131] DEBUG org.eclipse.jetty.http.HttpParser - close HttpParser{s=END,144 of 144}
13:19:11.971 [qtp1209070290-131] DEBUG org.eclipse.jetty.http.HttpParser - END --> CLOSE
13:19:11.971 [qtp1209070290-131] DEBUG org.eclipse.jetty.server.HttpChannel - !handle TERMINATED HttpChannelOverHttp@53d5731a{s=HttpChannelState@4ab81742{s=IDLE rs=BLOCKING os=OPEN is=IDLE awp=false se=false i=true al=0},r=1,c=false/false,a=IDLE,uri=null,age=0}
13:19:11.971 [qtp1209070290-131] DEBUG org.eclipse.jetty.server.HttpConnection - HttpConnection@364319b5::NetworkTrafficSocketChannelEndPoint@4fc50c8d{/127.0.0.1:65054<->/127.0.0.1:8080,CLOSED,fill=-,flush=F,to=4/30000}{io=0/0,kio=-1,kro=-1}->HttpConnection@364319b5[p=HttpParser{s=CLOSE,144 of 144},g=HttpGenerator@5105da94{s=START}]=>HttpChannelOverHttp@53d5731a{s=HttpChannelState@4ab81742{s=IDLE rs=BLOCKING os=OPEN is=IDLE awp=false se=false i=true al=0},r=1,c=false/false,a=IDLE,uri=null,age=0} onFillable exit HttpChannelState@4ab81742{s=IDLE rs=BLOCKING os=OPEN is=IDLE awp=false se=false i=true al=0} null
13:19:11.972 [qtp1209070290-131] DEBUG org.eclipse.jetty.util.thread.QueuedThreadPool - ran org.eclipse.jetty.io.ManagedSelector$$Lambda$425/0x00000001005fc040@558f1e61 in QueuedThreadPool[qtp1209070290]@4810f2d2{STARTED,8<=8<=14,i=0,r=1,q=0}[ReservedThreadExecutor@4f4ecc0{s=1/1,p=0}]
13:19:11.972 [qtp1209070290-131] DEBUG org.eclipse.jetty.util.thread.QueuedThreadPool - run org.eclipse.jetty.io.ManagedSelector$DestroyEndPoint@6ed2d658 in QueuedThreadPool[qtp1209070290]@4810f2d2{STARTED,8<=8<=14,i=1,r=1,q=0}[ReservedThreadExecutor@4f4ecc0{s=1/1,p=0}]
13:19:11.972 [qtp1209070290-131] DEBUG org.eclipse.jetty.io.ManagedSelector - Destroyed NetworkTrafficSocketChannelEndPoint@4fc50c8d{/127.0.0.1:65054<->/127.0.0.1:8080,CLOSED,fill=-,flush=F,to=4/30000}{io=0/0,kio=-1,kro=-1}->HttpConnection@364319b5[p=HttpParser{s=CLOSE,144 of 144},g=HttpGenerator@5105da94{s=START}]=>HttpChannelOverHttp@53d5731a{s=HttpChannelState@4ab81742{s=IDLE rs=BLOCKING os=OPEN is=IDLE awp=false se=false i=true al=0},r=1,c=false/false,a=IDLE,uri=null,age=0}
13:19:11.972 [qtp1209070290-131] DEBUG org.eclipse.jetty.io.AbstractConnection - onClose HttpConnection@364319b5::NetworkTrafficSocketChannelEndPoint@4fc50c8d{/127.0.0.1:65054<->/127.0.0.1:8080,CLOSED,fill=-,flush=F,to=5/30000}{io=0/0,kio=-1,kro=-1}->HttpConnection@364319b5[p=HttpParser{s=CLOSE,144 of 144},g=HttpGenerator@5105da94{s=START}]=>HttpChannelOverHttp@53d5731a{s=HttpChannelState@4ab81742{s=IDLE rs=BLOCKING os=OPEN is=IDLE awp=false se=false i=true al=0},r=1,c=false/false,a=IDLE,uri=null,age=0}
13:19:11.972 [qtp1209070290-131] DEBUG org.eclipse.jetty.util.thread.QueuedThreadPool - ran org.eclipse.jetty.io.ManagedSelector$DestroyEndPoint@6ed2d658 in QueuedThreadPool[qtp1209070290]@4810f2d2{STARTED,8<=8<=14,i=1,r=1,q=0}[ReservedThreadExecutor@4f4ecc0{s=1/1,p=0}]
13:19:12.092 [parallel-2] DEBUG org.springframework.web.reactive.function.client.ExchangeFunctions - [d6edac0] HTTP POST http://localhost:8080/api/v0/components/provision-adapters/jobs
13:19:12.095 [reactor-http-nio-3] DEBUG reactor.netty.resources.PooledConnectionProvider - [id: 0x9890b2d5] Created a new pooled channel, now 1 active connections and 0 inactive connections
13:19:12.095 [reactor-http-nio-3] DEBUG reactor.netty.channel.BootstrapHandlers - [id: 0x9890b2d5] Initialized pipeline DefaultChannelPipeline{(BootstrapHandlers$BootstrapInitializerHandler#0 = reactor.netty.channel.BootstrapHandlers$BootstrapInitializerHandler), (PooledConnectionProvider$PooledConnectionAllocator$PooledConnectionInitializer#0 = reactor.netty.resources.PooledConnectionProvider$PooledConnectionAllocator$PooledConnectionInitializer), (reactor.left.httpCodec = io.netty.handler.codec.http.HttpClientCodec), (reactor.right.reactiveBridge = reactor.netty.channel.ChannelOperationsHandler)}
13:19:12.097 [reactor-http-nio-3] DEBUG reactor.netty.resources.PooledConnectionProvider - [id: 0x9890b2d5, L:/127.0.0.1:65055 - R:localhost/127.0.0.1:8080] Registering pool release on close event for channel
13:19:12.097 [reactor-http-nio-3] DEBUG reactor.netty.resources.PooledConnectionProvider - [id: 0x9890b2d5, L:/127.0.0.1:65055 - R:localhost/127.0.0.1:8080] Channel connected, now 1 active connections and 0 inactive connections
13:19:12.097 [reactor-http-nio-3] DEBUG reactor.netty.resources.PooledConnectionProvider - [id: 0x9890b2d5, L:/127.0.0.1:65055 - R:localhost/127.0.0.1:8080] onStateChange(PooledConnection{channel=[id: 0x9890b2d5, L:/127.0.0.1:65055 - R:localhost/127.0.0.1:8080]}, [connected])
13:19:12.097 [qtp1209070290-133-acceptor-1@40c8c7c9-NetworkTrafficServerConnector@6c15ea0b{HTTP/1.1, (http/1.1)}{0.0.0.0:8080}] DEBUG org.eclipse.jetty.io.ManagedSelector - Queued change org.eclipse.jetty.io.ManagedSelector$Accept@3fa8c3b on ManagedSelector@4fc62f79{STARTED} id=0 keys=0 selected=0 updates=0
13:19:12.097 [qtp1209070290-133-acceptor-1@40c8c7c9-NetworkTrafficServerConnector@6c15ea0b{HTTP/1.1, (http/1.1)}{0.0.0.0:8080}] DEBUG org.eclipse.jetty.io.ManagedSelector - Wakeup on submit ManagedSelector@4fc62f79{STARTED} id=0 keys=0 selected=0 updates=1
13:19:12.097 [reactor-http-nio-3] DEBUG reactor.netty.resources.PooledConnectionProvider - [id: 0x9890b2d5, L:/127.0.0.1:65055 - R:localhost/127.0.0.1:8080] onStateChange(GET{uri=/, connection=PooledConnection{channel=[id: 0x9890b2d5, L:/127.0.0.1:65055 - R:localhost/127.0.0.1:8080]}}, [configured])
13:19:12.097 [qtp1209070290-135] DEBUG org.eclipse.jetty.io.ManagedSelector - Selector sun.nio.ch.WindowsSelectorImpl@665861d woken with none selected
13:19:12.097 [qtp1209070290-135] DEBUG org.eclipse.jetty.io.ManagedSelector - Selector sun.nio.ch.WindowsSelectorImpl@665861d woken up from select, 0/0/0 selected
13:19:12.097 [qtp1209070290-135] DEBUG org.eclipse.jetty.io.ManagedSelector - Selector sun.nio.ch.WindowsSelectorImpl@665861d processing 0 keys, 1 updates
13:19:12.097 [qtp1209070290-135] DEBUG org.eclipse.jetty.io.ManagedSelector - updateable 1
13:19:12.097 [qtp1209070290-135] DEBUG org.eclipse.jetty.io.ManagedSelector - update org.eclipse.jetty.io.ManagedSelector$Accept@3fa8c3b
13:19:12.097 [qtp1209070290-135] DEBUG org.eclipse.jetty.util.thread.QueuedThreadPool - queue org.eclipse.jetty.io.ManagedSelector$Accept@3fa8c3b startThread=0
13:19:12.097 [qtp1209070290-135] DEBUG org.eclipse.jetty.io.ManagedSelector - updates 0
13:19:12.097 [qtp1209070290-135] DEBUG org.eclipse.jetty.io.ManagedSelector - Selector sun.nio.ch.WindowsSelectorImpl@665861d waiting with 1 keys
13:19:12.097 [reactor-http-nio-3] DEBUG reactor.netty.ReactorNetty - [id: 0x9890b2d5, L:/127.0.0.1:65055 - R:localhost/127.0.0.1:8080] Added decoder [ReadTimeoutHandler] at the end of the user pipeline, full pipeline: [reactor.left.httpCodec, ReadTimeoutHandler, reactor.right.reactiveBridge, DefaultChannelPipeline$TailContext#0]
13:19:12.098 [reactor-http-nio-3] DEBUG reactor.netty.ReactorNetty - [id: 0x9890b2d5, L:/127.0.0.1:65055 - R:localhost/127.0.0.1:8080] Added decoder [WriteTimeoutHandler] at the end of the user pipeline, full pipeline: [reactor.left.httpCodec, ReadTimeoutHandler, WriteTimeoutHandler, reactor.right.reactiveBridge, DefaultChannelPipeline$TailContext#0]
13:19:12.098 [reactor-http-nio-3] DEBUG reactor.netty.http.client.HttpClientConnect - [id: 0x9890b2d5, L:/127.0.0.1:65055 - R:localhost/127.0.0.1:8080] Handler is being applied: {uri=http://localhost:8080/api/v0/components/provision-adapters/jobs, method=POST}
13:19:12.098 [reactor-http-nio-3] DEBUG reactor.netty.resources.PooledConnectionProvider - [id: 0x9890b2d5, L:/127.0.0.1:65055 - R:localhost/127.0.0.1:8080] onStateChange(POST{uri=/api/v0/components/provision-adapters/jobs, connection=PooledConnection{channel=[id: 0x9890b2d5, L:/127.0.0.1:65055 - R:localhost/127.0.0.1:8080]}}, [request_prepared])
13:19:12.099 [reactor-http-nio-3] DEBUG org.springframework.http.codec.json.Jackson2JsonEncoder - [d6edac0] Encoding [ComponentInstanceRequest(id=0d60571b-63fa-4e26-81e4-b719a1199105, productId=00f65044-3acc-4629-803e- (truncated)...]
13:19:12.101 [reactor-http-nio-3] DEBUG reactor.netty.resources.PooledConnectionProvider - [id: 0x9890b2d5, L:/127.0.0.1:65055 - R:localhost/127.0.0.1:8080] onStateChange(POST{uri=/api/v0/components/provision-adapters/jobs, connection=PooledConnection{channel=[id: 0x9890b2d5, L:/127.0.0.1:65055 - R:localhost/127.0.0.1:8080]}}, [request_sent])
13:19:12.102 [qtp1209070290-131] DEBUG org.eclipse.jetty.util.thread.QueuedThreadPool - run org.eclipse.jetty.io.ManagedSelector$Accept@3fa8c3b in QueuedThreadPool[qtp1209070290]@4810f2d2{STARTED,8<=8<=14,i=1,r=1,q=0}[ReservedThreadExecutor@4f4ecc0{s=1/1,p=0}]
13:19:12.102 [qtp1209070290-131] DEBUG org.eclipse.jetty.io.IdleTimeout - NetworkTrafficSocketChannelEndPoint@2fadc5d2{/127.0.0.1:65055<->/127.0.0.1:8080,OPEN,fill=-,flush=-,to=0/30000}{io=0/0,kio=0,kro=0}-><null> idle timeout check, elapsed: 0 ms, remaining: 30000 ms
13:19:12.102 [qtp1209070290-131] DEBUG org.eclipse.jetty.server.HttpChannel - new HttpChannelOverHttp@7c0b93f6{s=HttpChannelState@493fa39{s=IDLE rs=BLOCKING os=OPEN is=IDLE awp=false se=false i=true al=0},r=0,c=false/false,a=IDLE,uri=null,age=0} -> NetworkTrafficSocketChannelEndPoint@2fadc5d2{/127.0.0.1:65055<->/127.0.0.1:8080,OPEN,fill=-,flush=-,to=0/30000}{io=0/0,kio=0,kro=0}-><null>,null,HttpChannelState@493fa39{s=IDLE rs=BLOCKING os=OPEN is=IDLE awp=false se=false i=true al=0}
13:19:12.102 [qtp1209070290-131] DEBUG org.eclipse.jetty.server.HttpConnection - New HTTP Connection HttpConnection@585e6bb7::NetworkTrafficSocketChannelEndPoint@2fadc5d2{/127.0.0.1:65055<->/127.0.0.1:8080,OPEN,fill=-,flush=-,to=0/30000}{io=0/0,kio=0,kro=0}-><null>
13:19:12.102 [qtp1209070290-131] DEBUG org.eclipse.jetty.io.AbstractEndPoint - onOpen NetworkTrafficSocketChannelEndPoint@2fadc5d2{/127.0.0.1:65055<->/127.0.0.1:8080,OPEN,fill=-,flush=-,to=0/30000}{io=0/0,kio=0,kro=0}->HttpConnection@585e6bb7[p=HttpParser{s=START,0 of -1},g=HttpGenerator@199cb63b{s=START}]=>HttpChannelOverHttp@7c0b93f6{s=HttpChannelState@493fa39{s=IDLE rs=BLOCKING os=OPEN is=IDLE awp=false se=false i=true al=0},r=0,c=false/false,a=IDLE,uri=null,age=0}
13:19:12.102 [qtp1209070290-131] DEBUG org.eclipse.jetty.io.AbstractConnection - onOpen HttpConnection@585e6bb7::NetworkTrafficSocketChannelEndPoint@2fadc5d2{/127.0.0.1:65055<->/127.0.0.1:8080,OPEN,fill=-,flush=-,to=0/30000}{io=0/0,kio=0,kro=0}->HttpConnection@585e6bb7[p=HttpParser{s=START,0 of -1},g=HttpGenerator@199cb63b{s=START}]=>HttpChannelOverHttp@7c0b93f6{s=HttpChannelState@493fa39{s=IDLE rs=BLOCKING os=OPEN is=IDLE awp=false se=false i=true al=0},r=0,c=false/false,a=IDLE,uri=null,age=0}
13:19:12.102 [qtp1209070290-131] DEBUG org.eclipse.jetty.io.AbstractConnection - fillInterested HttpConnection@585e6bb7::NetworkTrafficSocketChannelEndPoint@2fadc5d2{/127.0.0.1:65055<->/127.0.0.1:8080,OPEN,fill=-,flush=-,to=0/30000}{io=0/0,kio=0,kro=0}->HttpConnection@585e6bb7[p=HttpParser{s=START,0 of -1},g=HttpGenerator@199cb63b{s=START}]=>HttpChannelOverHttp@7c0b93f6{s=HttpChannelState@493fa39{s=IDLE rs=BLOCKING os=OPEN is=IDLE awp=false se=false i=true al=0},r=0,c=false/false,a=IDLE,uri=null,age=0}
13:19:12.103 [qtp1209070290-131] DEBUG org.eclipse.jetty.io.FillInterest - interested FillInterest@39a802dd{AC.ReadCB@585e6bb7{HttpConnection@585e6bb7::NetworkTrafficSocketChannelEndPoint@2fadc5d2{/127.0.0.1:65055<->/127.0.0.1:8080,OPEN,fill=FI,flush=-,to=0/30000}{io=0/0,kio=0,kro=0}->HttpConnection@585e6bb7[p=HttpParser{s=START,0 of -1},g=HttpGenerator@199cb63b{s=START}]=>HttpChannelOverHttp@7c0b93f6{s=HttpChannelState@493fa39{s=IDLE rs=BLOCKING os=OPEN is=IDLE awp=false se=false i=true al=0},r=0,c=false/false,a=IDLE,uri=null,age=0}}}
13:19:12.103 [qtp1209070290-131] DEBUG org.eclipse.jetty.io.ChannelEndPoint - changeInterests p=false 0->1 for NetworkTrafficSocketChannelEndPoint@2fadc5d2{/127.0.0.1:65055<->/127.0.0.1:8080,OPEN,fill=FI,flush=-,to=0/30000}{io=0/1,kio=0,kro=0}->HttpConnection@585e6bb7[p=HttpParser{s=START,0 of -1},g=HttpGenerator@199cb63b{s=START}]=>HttpChannelOverHttp@7c0b93f6{s=HttpChannelState@493fa39{s=IDLE rs=BLOCKING os=OPEN is=IDLE awp=false se=false i=true al=0},r=0,c=false/false,a=IDLE,uri=null,age=0}
13:19:12.103 [qtp1209070290-131] DEBUG org.eclipse.jetty.io.ManagedSelector - Queued change org.eclipse.jetty.io.ChannelEndPoint$1@227165e3 on ManagedSelector@4fc62f79{STARTED} id=0 keys=1 selected=0 updates=0
13:19:12.103 [qtp1209070290-131] DEBUG org.eclipse.jetty.io.ManagedSelector - Wakeup on submit ManagedSelector@4fc62f79{STARTED} id=0 keys=1 selected=0 updates=1
13:19:12.103 [qtp1209070290-135] DEBUG org.eclipse.jetty.io.ManagedSelector - Selector sun.nio.ch.WindowsSelectorImpl@665861d woken with none selected
13:19:12.103 [qtp1209070290-135] DEBUG org.eclipse.jetty.io.ManagedSelector - Selector sun.nio.ch.WindowsSelectorImpl@665861d woken up from select, 0/0/1 selected
13:19:12.103 [qtp1209070290-135] DEBUG org.eclipse.jetty.io.ManagedSelector - Selector sun.nio.ch.WindowsSelectorImpl@665861d processing 0 keys, 1 updates
13:19:12.103 [qtp1209070290-135] DEBUG org.eclipse.jetty.io.ManagedSelector - updateable 1
13:19:12.103 [qtp1209070290-131] DEBUG org.eclipse.jetty.io.ManagedSelector - Created NetworkTrafficSocketChannelEndPoint@2fadc5d2{/127.0.0.1:65055<->/127.0.0.1:8080,OPEN,fill=FI,flush=-,to=0/30000}{io=0/1,kio=0,kro=0}->HttpConnection@585e6bb7[p=HttpParser{s=START,0 of -1},g=HttpGenerator@199cb63b{s=START}]=>HttpChannelOverHttp@7c0b93f6{s=HttpChannelState@493fa39{s=IDLE rs=BLOCKING os=OPEN is=IDLE awp=false se=false i=true al=0},r=0,c=false/false,a=IDLE,uri=null,age=0}
13:19:12.103 [qtp1209070290-135] DEBUG org.eclipse.jetty.io.ManagedSelector - update org.eclipse.jetty.io.ChannelEndPoint$1@227165e3
13:19:12.103 [qtp1209070290-131] DEBUG org.eclipse.jetty.util.thread.QueuedThreadPool - ran org.eclipse.jetty.io.ManagedSelector$Accept@3fa8c3b in QueuedThreadPool[qtp1209070290]@4810f2d2{STARTED,8<=8<=14,i=1,r=1,q=0}[ReservedThreadExecutor@4f4ecc0{s=1/1,p=0}]
13:19:12.103 [qtp1209070290-135] DEBUG org.eclipse.jetty.io.ChannelEndPoint - Key interests updated 0 -> 1 on NetworkTrafficSocketChannelEndPoint@2fadc5d2{/127.0.0.1:65055<->/127.0.0.1:8080,OPEN,fill=FI,flush=-,to=0/30000}{io=1/1,kio=1,kro=0}->HttpConnection@585e6bb7[p=HttpParser{s=START,0 of -1},g=HttpGenerator@199cb63b{s=START}]=>HttpChannelOverHttp@7c0b93f6{s=HttpChannelState@493fa39{s=IDLE rs=BLOCKING os=OPEN is=IDLE awp=false se=false i=true al=0},r=0,c=false/false,a=IDLE,uri=null,age=0}
13:19:12.103 [qtp1209070290-135] DEBUG org.eclipse.jetty.io.ManagedSelector - updates 0
13:19:12.103 [qtp1209070290-135] DEBUG org.eclipse.jetty.io.ManagedSelector - Selector sun.nio.ch.WindowsSelectorImpl@665861d waiting with 1 keys
13:19:12.103 [qtp1209070290-135] DEBUG org.eclipse.jetty.io.ManagedSelector - Selector sun.nio.ch.WindowsSelectorImpl@665861d woken up from select, 1/1/1 selected
13:19:12.103 [qtp1209070290-135] DEBUG org.eclipse.jetty.io.ManagedSelector - Selector sun.nio.ch.WindowsSelectorImpl@665861d processing 1 keys, 0 updates
13:19:12.103 [qtp1209070290-135] DEBUG org.eclipse.jetty.io.ManagedSelector - selected 1 channel=java.nio.channels.SocketChannel[connected local=/127.0.0.1:8080 remote=/127.0.0.1:65055], selector=sun.nio.ch.WindowsSelectorImpl@665861d, interestOps=1, readyOps=1 NetworkTrafficSocketChannelEndPoint@2fadc5d2{/127.0.0.1:65055<->/127.0.0.1:8080,OPEN,fill=FI,flush=-,to=0/30000}{io=1/1,kio=1,kro=1}->HttpConnection@585e6bb7[p=HttpParser{s=START,0 of -1},g=HttpGenerator@199cb63b{s=START}]=>HttpChannelOverHttp@7c0b93f6{s=HttpChannelState@493fa39{s=IDLE rs=BLOCKING os=OPEN is=IDLE awp=false se=false i=true al=0},r=0,c=false/false,a=IDLE,uri=null,age=0} 
13:19:12.103 [qtp1209070290-135] DEBUG org.eclipse.jetty.io.ChannelEndPoint - onSelected 1->0 r=true w=false for NetworkTrafficSocketChannelEndPoint@2fadc5d2{/127.0.0.1:65055<->/127.0.0.1:8080,OPEN,fill=FI,flush=-,to=0/30000}{io=1/0,kio=1,kro=1}->HttpConnection@585e6bb7[p=HttpParser{s=START,0 of -1},g=HttpGenerator@199cb63b{s=START}]=>HttpChannelOverHttp@7c0b93f6{s=HttpChannelState@493fa39{s=IDLE rs=BLOCKING os=OPEN is=IDLE awp=false se=false i=true al=0},r=0,c=false/false,a=IDLE,uri=null,age=0}
13:19:12.104 [qtp1209070290-135] DEBUG org.eclipse.jetty.io.ChannelEndPoint - task CEP:NetworkTrafficSocketChannelEndPoint@2fadc5d2{/127.0.0.1:65055<->/127.0.0.1:8080,OPEN,fill=FI,flush=-,to=1/30000}{io=1/0,kio=1,kro=1}->HttpConnection@585e6bb7[p=HttpParser{s=START,0 of -1},g=HttpGenerator@199cb63b{s=START}]=>HttpChannelOverHttp@7c0b93f6{s=HttpChannelState@493fa39{s=IDLE rs=BLOCKING os=OPEN is=IDLE awp=false se=false i=true al=0},r=0,c=false/false,a=IDLE,uri=null,age=0}:runFillable:BLOCKING
13:19:12.104 [qtp1209070290-135] DEBUG org.eclipse.jetty.util.thread.ReservedThreadExecutor - ReservedThreadExecutor@4f4ecc0{s=1/1,p=0} tryExecute EatWhatYouKill@62a7e142/SelectorProducer@566e727b/PRODUCING/p=false/QueuedThreadPool[qtp1209070290]@4810f2d2{STARTED,8<=8<=14,i=2,r=1,q=0}[ReservedThreadExecutor@4f4ecc0{s=1/1,p=0}][pc=0,pic=0,pec=0,epc=1]@2020-09-25T13:19:12.1045776+02:00
13:19:12.104 [qtp1209070290-135] DEBUG org.eclipse.jetty.util.thread.ReservedThreadExecutor - ReservedThreadExecutor@4f4ecc0{s=0/1,p=0}@20cc5bb9 offer EatWhatYouKill@62a7e142/SelectorProducer@566e727b/PRODUCING/p=false/QueuedThreadPool[qtp1209070290]@4810f2d2{STARTED,8<=8<=14,i=2,r=1,q=0}[ReservedThreadExecutor@4f4ecc0{s=0/1,p=0}][pc=0,pic=0,pec=0,epc=1]@2020-09-25T13:19:12.1045776+02:00
13:19:12.104 [qtp1209070290-135] DEBUG org.eclipse.jetty.util.thread.ReservedThreadExecutor - ReservedThreadExecutor@4f4ecc0{s=0/1,p=1} startReservedThread p=1
13:19:12.104 [qtp1209070290-135] DEBUG org.eclipse.jetty.util.thread.QueuedThreadPool - queue ReservedThreadExecutor@4f4ecc0{s=0/1,p=1}@72f2ef77 startThread=0
13:19:12.104 [qtp1209070290-135] DEBUG org.eclipse.jetty.util.thread.strategy.EatWhatYouKill - EatWhatYouKill@62a7e142/SelectorProducer@566e727b/IDLE/p=true/QueuedThreadPool[qtp1209070290]@4810f2d2{STARTED,8<=8<=14,i=1,r=1,q=0}[ReservedThreadExecutor@4f4ecc0{s=0/1,p=1}][pc=0,pic=0,pec=0,epc=1]@2020-09-25T13:19:12.1045776+02:00 m=EXECUTE_PRODUCE_CONSUME t=CEP:NetworkTrafficSocketChannelEndPoint@2fadc5d2{/127.0.0.1:65055<->/127.0.0.1:8080,OPEN,fill=FI,flush=-,to=1/30000}{io=1/0,kio=1,kro=1}->HttpConnection@585e6bb7[p=HttpParser{s=START,0 of -1},g=HttpGenerator@199cb63b{s=START}]=>HttpChannelOverHttp@7c0b93f6{s=HttpChannelState@493fa39{s=IDLE rs=BLOCKING os=OPEN is=IDLE awp=false se=false i=true al=0},r=0,c=false/false,a=IDLE,uri=null,age=0}:runFillable:BLOCKING/BLOCKING
13:19:12.104 [qtp1209070290-135] DEBUG org.eclipse.jetty.io.FillInterest - fillable FillInterest@39a802dd{AC.ReadCB@585e6bb7{HttpConnection@585e6bb7::NetworkTrafficSocketChannelEndPoint@2fadc5d2{/127.0.0.1:65055<->/127.0.0.1:8080,OPEN,fill=FI,flush=-,to=1/30000}{io=1/0,kio=1,kro=1}->HttpConnection@585e6bb7[p=HttpParser{s=START,0 of -1},g=HttpGenerator@199cb63b{s=START}]=>HttpChannelOverHttp@7c0b93f6{s=HttpChannelState@493fa39{s=IDLE rs=BLOCKING os=OPEN is=IDLE awp=false se=false i=true al=0},r=0,c=false/false,a=IDLE,uri=null,age=0}}}
13:19:12.104 [qtp1209070290-135] DEBUG org.eclipse.jetty.server.HttpConnection - HttpConnection@585e6bb7::NetworkTrafficSocketChannelEndPoint@2fadc5d2{/127.0.0.1:65055<->/127.0.0.1:8080,OPEN,fill=-,flush=-,to=1/30000}{io=1/0,kio=1,kro=1}->HttpConnection@585e6bb7[p=HttpParser{s=START,0 of -1},g=HttpGenerator@199cb63b{s=START}]=>HttpChannelOverHttp@7c0b93f6{s=HttpChannelState@493fa39{s=IDLE rs=BLOCKING os=OPEN is=IDLE awp=false se=false i=true al=0},r=0,c=false/false,a=IDLE,uri=null,age=0} onFillable enter HttpChannelState@493fa39{s=IDLE rs=BLOCKING os=OPEN is=IDLE awp=false se=false i=true al=0} null
13:19:12.105 [qtp1209070290-135] DEBUG org.eclipse.jetty.io.ChannelEndPoint - filled 356 HeapByteBuffer@7b29b23d[p=0,l=356,c=8192,r=356]={<<<POST /api/v0/components/p...ev-build","answers":{}}>>>response"...\x00\x00\x00\x00\x00\x00\x00}
13:19:12.105 [qtp1209070290-135] DEBUG org.eclipse.jetty.server.HttpConnection - HttpConnection@585e6bb7::NetworkTrafficSocketChannelEndPoint@2fadc5d2{/127.0.0.1:65055<->/127.0.0.1:8080,OPEN,fill=-,flush=-,to=0/30000}{io=1/0,kio=1,kro=1}->HttpConnection@585e6bb7[p=HttpParser{s=START,0 of -1},g=HttpGenerator@199cb63b{s=START}]=>HttpChannelOverHttp@7c0b93f6{s=HttpChannelState@493fa39{s=IDLE rs=BLOCKING os=OPEN is=IDLE awp=false se=false i=true al=0},r=0,c=false/false,a=IDLE,uri=null,age=0} filled 356 HeapByteBuffer@7b29b23d[p=0,l=356,c=8192,r=356]={<<<POST /api/v0/components/p...ev-build","answers":{}}>>>response"...\x00\x00\x00\x00\x00\x00\x00}
13:19:12.105 [qtp1209070290-135] DEBUG org.eclipse.jetty.server.HttpConnection - HttpConnection@585e6bb7::NetworkTrafficSocketChannelEndPoint@2fadc5d2{/127.0.0.1:65055<->/127.0.0.1:8080,OPEN,fill=-,flush=-,to=0/30000}{io=1/0,kio=1,kro=1}->HttpConnection@585e6bb7[p=HttpParser{s=START,0 of -1},g=HttpGenerator@199cb63b{s=START}]=>HttpChannelOverHttp@7c0b93f6{s=HttpChannelState@493fa39{s=IDLE rs=BLOCKING os=OPEN is=IDLE awp=false se=false i=true al=0},r=0,c=false/false,a=IDLE,uri=null,age=0} parse HeapByteBuffer@7b29b23d[p=0,l=356,c=8192,r=356]={<<<POST /api/v0/components/p...ev-build","answers":{}}>>>response"...\x00\x00\x00\x00\x00\x00\x00} {}
13:19:12.105 [qtp1209070290-135] DEBUG org.eclipse.jetty.http.HttpParser - parseNext s=START HeapByteBuffer@7b29b23d[p=0,l=356,c=8192,r=356]={<<<POST /api/v0/components/p...ev-build","answers":{}}>>>response"...\x00\x00\x00\x00\x00\x00\x00}
13:19:12.105 [qtp1209070290-135] DEBUG org.eclipse.jetty.http.HttpParser - START --> SPACE1
13:19:12.105 [qtp1209070290-135] DEBUG org.eclipse.jetty.http.HttpParser - SPACE1 --> URI
13:19:12.105 [qtp1209070290-135] DEBUG org.eclipse.jetty.http.HttpParser - URI --> SPACE2
13:19:12.105 [qtp1209070290-135] DEBUG org.eclipse.jetty.http.HttpParser - SPACE2 --> REQUEST_VERSION
13:19:12.105 [qtp1209070290-135] DEBUG org.eclipse.jetty.http.HttpParser - REQUEST_VERSION --> HEADER
13:19:12.105 [qtp1209070290-135] DEBUG org.eclipse.jetty.http.HttpParser - HEADER:User-Agent --> VALUE
13:19:12.105 [qtp1209070290-135] DEBUG org.eclipse.jetty.http.HttpParser - HEADER:User-Agent --> IN_VALUE
13:19:12.105 [qtp1209070290-135] DEBUG org.eclipse.jetty.http.HttpParser - HEADER:User-Agent --> FIELD
13:19:12.105 [qtp1209070290-135] DEBUG org.eclipse.jetty.http.HttpParser - HEADER:Host --> VALUE
13:19:12.105 [qtp1209070290-135] DEBUG org.eclipse.jetty.http.HttpParser - HEADER:Host --> IN_VALUE
13:19:12.105 [qtp1209070290-135] DEBUG org.eclipse.jetty.http.HttpParser - HEADER:Host --> FIELD
13:19:12.105 [qtp1209070290-135] DEBUG org.eclipse.jetty.http.HttpParser - HEADER:Accept: */* --> IN_VALUE
13:19:12.105 [qtp1209070290-135] DEBUG org.eclipse.jetty.http.HttpParser - HEADER:Accept: */* --> FIELD
13:19:12.105 [qtp1209070290-135] DEBUG org.eclipse.jetty.http.HttpParser - HEADER:Content-Type: application/json --> IN_VALUE
13:19:12.105 [qtp1209070290-135] DEBUG org.eclipse.jetty.http.HttpParser - HEADER:Content-Type: application/json --> FIELD
13:19:12.105 [qtp1209070290-135] DEBUG org.eclipse.jetty.http.HttpParser - HEADER:Authorization --> VALUE
13:19:12.105 [qtp1209070290-135] DEBUG org.eclipse.jetty.http.HttpParser - HEADER:Authorization --> IN_VALUE
13:19:12.105 [qtp1209070290-135] DEBUG org.eclipse.jetty.http.HttpParser - HEADER:Authorization --> FIELD
13:19:12.105 [qtp1209070290-135] DEBUG org.eclipse.jetty.http.HttpParser - HEADER:Content-Length --> VALUE
13:19:12.105 [qtp1209070290-135] DEBUG org.eclipse.jetty.http.HttpParser - HEADER:Content-Length --> IN_VALUE
13:19:12.105 [qtp1209070290-135] DEBUG org.eclipse.jetty.http.HttpParser - HEADER:Content-Length --> FIELD
13:19:12.105 [qtp1209070290-135] DEBUG org.eclipse.jetty.http.HttpParser - HEADER --> CONTENT
13:19:12.105 [qtp1209070290-135] DEBUG org.eclipse.jetty.server.HttpChannel - REQUEST for //localhost:8080/api/v0/components/provision-adapters/jobs on HttpChannelOverHttp@7c0b93f6{s=HttpChannelState@493fa39{s=IDLE rs=BLOCKING os=OPEN is=IDLE awp=false se=false i=true al=0},r=1,c=false/false,a=IDLE,uri=//localhost:8080/api/v0/components/provision-adapters/jobs,age=0}
POST //localhost:8080/api/v0/components/provision-adapters/jobs HTTP/1.1
User-Agent: ReactorNetty/0.9.7.RELEASE
Host: localhost:8080
Accept: */*
Content-Type: application/json
Authorization: Bearer
Content-Length: 144


13:19:12.105 [qtp1209070290-135] DEBUG org.eclipse.jetty.server.HttpConnection - HttpConnection@585e6bb7::NetworkTrafficSocketChannelEndPoint@2fadc5d2{/127.0.0.1:65055<->/127.0.0.1:8080,OPEN,fill=-,flush=-,to=0/30000}{io=1/0,kio=1,kro=1}->HttpConnection@585e6bb7[p=HttpParser{s=CONTENT,0 of 144},g=HttpGenerator@199cb63b{s=START}]=>HttpChannelOverHttp@7c0b93f6{s=HttpChannelState@493fa39{s=IDLE rs=BLOCKING os=OPEN is=IDLE awp=false se=false i=true al=0},r=1,c=false/false,a=IDLE,uri=//localhost:8080/api/v0/components/provision-adapters/jobs,age=0} parsed true HttpParser{s=CONTENT,0 of 144}
13:19:12.105 [qtp1209070290-135] DEBUG org.eclipse.jetty.server.HttpChannel - handle //localhost:8080/api/v0/components/provision-adapters/jobs HttpChannelOverHttp@7c0b93f6{s=HttpChannelState@493fa39{s=IDLE rs=BLOCKING os=OPEN is=IDLE awp=false se=false i=true al=0},r=1,c=false/false,a=IDLE,uri=//localhost:8080/api/v0/components/provision-adapters/jobs,age=0} 
13:19:12.105 [qtp1209070290-135] DEBUG org.eclipse.jetty.server.HttpChannelState - handling HttpChannelState@493fa39{s=IDLE rs=BLOCKING os=OPEN is=IDLE awp=false se=false i=true al=0}
13:19:12.105 [qtp1209070290-135] DEBUG org.eclipse.jetty.server.HttpChannel - action DISPATCH HttpChannelOverHttp@7c0b93f6{s=HttpChannelState@493fa39{s=HANDLING rs=BLOCKING os=OPEN is=IDLE awp=false se=false i=true al=0},r=1,c=false/false,a=HANDLING,uri=//localhost:8080/api/v0/components/provision-adapters/jobs,age=0}
13:19:12.105 [qtp1209070290-135] DEBUG org.eclipse.jetty.server.Server - REQUEST POST /api/v0/components/provision-adapters/jobs on HttpChannelOverHttp@7c0b93f6{s=HttpChannelState@493fa39{s=HANDLING rs=BLOCKING os=OPEN is=IDLE awp=false se=false i=true al=0},r=1,c=false/false,a=HANDLING,uri=//localhost:8080/api/v0/components/provision-adapters/jobs,age=0}
13:19:12.106 [qtp1209070290-135] DEBUG org.eclipse.jetty.server.handler.ContextHandler - scope null||/api/v0/components/provision-adapters/jobs @ o.e.j.s.ServletContextHandler@a15c548{/__admin,null,AVAILABLE}
13:19:12.106 [qtp1209070290-135] DEBUG org.eclipse.jetty.server.handler.gzip.GzipHandler - GzipHandler@36425b18{STARTED,min=32,inflate=-1} handle Request(POST //localhost:8080/api/v0/components/provision-adapters/jobs)@3ed919f1 in null
13:19:12.106 [qtp1209070290-135] DEBUG org.eclipse.jetty.server.handler.ContextHandler - scope null||/api/v0/components/provision-adapters/jobs @ o.e.j.s.ServletContextHandler@56621157{/,null,AVAILABLE}
13:19:12.106 [qtp1209070290-135] DEBUG org.eclipse.jetty.server.handler.ContextHandler - context=||/api/v0/components/provision-adapters/jobs @ o.e.j.s.ServletContextHandler@56621157{/,null,AVAILABLE}
13:19:12.106 [qtp1209070290-135] DEBUG org.eclipse.jetty.servlet.ServletHandler - servlet |/api/v0/components/provision-adapters/jobs|null -> com.github.tomakehurst.wiremock.servlet.WireMockHandlerDispatchingServlet-4463405f@95f7dad8==com.github.tomakehurst.wiremock.servlet.WireMockHandlerDispatchingServlet,jsp=null,order=-1,inst=true,async=true
13:19:12.106 [qtp1209070290-135] DEBUG org.eclipse.jetty.servlet.ServletHandler - chain=org.eclipse.jetty.servlets.CrossOriginFilter-262ea69@262ea69==org.eclipse.jetty.servlets.CrossOriginFilter,inst=true,async=true->com.github.tomakehurst.wiremock.servlet.WireMockHandlerDispatchingServlet-4463405f@95f7dad8==com.github.tomakehurst.wiremock.servlet.WireMockHandlerDispatchingServlet,jsp=null,order=-1,inst=true,async=true
13:19:12.106 [qtp1209070290-135] DEBUG org.eclipse.jetty.servlet.ServletHandler - call filter org.eclipse.jetty.servlets.CrossOriginFilter-262ea69@262ea69==org.eclipse.jetty.servlets.CrossOriginFilter,inst=true,async=true
13:19:12.106 [qtp1209070290-135] DEBUG org.eclipse.jetty.servlet.ServletHandler - call servlet com.github.tomakehurst.wiremock.servlet.WireMockHandlerDispatchingServlet-4463405f@95f7dad8==com.github.tomakehurst.wiremock.servlet.WireMockHandlerDispatchingServlet,jsp=null,order=-1,inst=true,async=true
13:19:12.106 [qtp1209070290-135] DEBUG org.eclipse.jetty.server.HttpConnection - HttpConnection@585e6bb7::NetworkTrafficSocketChannelEndPoint@2fadc5d2{/127.0.0.1:65055<->/127.0.0.1:8080,OPEN,fill=-,flush=-,to=1/30000}{io=1/0,kio=1,kro=1}->HttpConnection@585e6bb7[p=HttpParser{s=CONTENT,0 of 144},g=HttpGenerator@199cb63b{s=START}]=>HttpChannelOverHttp@7c0b93f6{s=HttpChannelState@493fa39{s=HANDLING rs=BLOCKING os=OPEN is=IDLE awp=false se=false i=true al=0},r=1,c=false/false,a=HANDLING,uri=//localhost:8080/api/v0/components/provision-adapters/jobs,age=1} parse HeapByteBuffer@7b29b23d[p=212,l=356,c=8192,r=144]={POST /api...144\r\n\r\n<<<{"id":"0d60571b-63fa-4e26...ev-build","answers":{}}>>>response"...\x00\x00\x00\x00\x00\x00\x00} {}
13:19:12.106 [qtp1209070290-135] DEBUG org.eclipse.jetty.http.HttpParser - parseNext s=CONTENT HeapByteBuffer@7b29b23d[p=212,l=356,c=8192,r=144]={POST /api...144\r\n\r\n<<<{"id":"0d60571b-63fa-4e26...ev-build","answers":{}}>>>response"...\x00\x00\x00\x00\x00\x00\x00}
13:19:12.106 [qtp1209070290-135] DEBUG org.eclipse.jetty.server.HttpChannel - onContent HttpChannelOverHttp@7c0b93f6{s=HttpChannelState@493fa39{s=HANDLING rs=BLOCKING os=OPEN is=IDLE awp=false se=false i=true al=0},r=1,c=false/false,a=HANDLING,uri=//localhost:8080/api/v0/components/provision-adapters/jobs,age=1} Content@fe92bc0{HeapByteBufferR@65f1f8e5[p=212,l=356,c=8192,r=144]={POST /api...144\r\n\r\n<<<{"id":"0d60571b-63fa-4e26...ev-build","answers":{}}>>>response"...\x00\x00\x00\x00\x00\x00\x00}}
13:19:12.107 [qtp1209070290-135] DEBUG org.eclipse.jetty.server.HttpInput - HttpInputOverHTTP@1d3a7b[c=0,q=0,[0]=null,s=STREAM] addContent Content@fe92bc0{HeapByteBufferR@65f1f8e5[p=212,l=356,c=8192,r=144]={POST /api...144\r\n\r\n<<<{"id":"0d60571b-63fa-4e26...ev-build","answers":{}}>>>response"...\x00\x00\x00\x00\x00\x00\x00}}
13:19:12.107 [qtp1209070290-135] DEBUG org.eclipse.jetty.http.HttpParser - CONTENT --> CONTENT_END
13:19:12.107 [qtp1209070290-135] DEBUG org.eclipse.jetty.server.HttpChannel - onContentComplete HttpChannelOverHttp@7c0b93f6{s=HttpChannelState@493fa39{s=HANDLING rs=BLOCKING os=OPEN is=IDLE awp=false se=false i=true al=0},r=1,c=false/false,a=HANDLING,uri=//localhost:8080/api/v0/components/provision-adapters/jobs,age=2}
13:19:12.107 [qtp1209070290-135] DEBUG org.eclipse.jetty.http.HttpParser - CONTENT_END --> END
13:19:12.107 [qtp1209070290-135] DEBUG org.eclipse.jetty.server.HttpChannel - onRequestComplete HttpChannelOverHttp@7c0b93f6{s=HttpChannelState@493fa39{s=HANDLING rs=BLOCKING os=OPEN is=IDLE awp=false se=false i=true al=0},r=1,c=false/false,a=HANDLING,uri=//localhost:8080/api/v0/components/provision-adapters/jobs,age=2}
13:19:12.107 [qtp1209070290-135] DEBUG org.eclipse.jetty.server.HttpInput - HttpInputOverHTTP@1d3a7b[c=0,q=1,[0]=EOF,s=STREAM] addContent EOF
13:19:12.107 [qtp1209070290-135] DEBUG org.eclipse.jetty.server.HttpConnection - HttpConnection@585e6bb7::NetworkTrafficSocketChannelEndPoint@2fadc5d2{/127.0.0.1:65055<->/127.0.0.1:8080,OPEN,fill=-,flush=-,to=2/30000}{io=1/0,kio=1,kro=1}->HttpConnection@585e6bb7[p=HttpParser{s=END,144 of 144},g=HttpGenerator@199cb63b{s=START}]=>HttpChannelOverHttp@7c0b93f6{s=HttpChannelState@493fa39{s=HANDLING rs=BLOCKING os=OPEN is=IDLE awp=false se=false i=true al=0},r=1,c=false/false,a=HANDLING,uri=//localhost:8080/api/v0/components/provision-adapters/jobs,age=2} parsed false HttpParser{s=END,144 of 144}
13:19:12.107 [qtp1209070290-135] DEBUG org.eclipse.jetty.server.HttpInput - HttpInputOverHTTP@1d3a7b[c=144,q=1,[0]=EOF,s=STREAM] read 144 from Content@fe92bc0{HeapByteBufferR@65f1f8e5[p=356,l=356,c=8192,r=0]={POST /api...rs":{}}<<<>>>response"...\x00\x00\x00\x00\x00\x00\x00}}
13:19:12.107 [qtp1209070290-135] DEBUG org.eclipse.jetty.server.HttpConnection - releaseRequestBuffer HttpConnection@585e6bb7::NetworkTrafficSocketChannelEndPoint@2fadc5d2{/127.0.0.1:65055<->/127.0.0.1:8080,OPEN,fill=-,flush=-,to=2/30000}{io=1/0,kio=1,kro=1}->HttpConnection@585e6bb7[p=HttpParser{s=END,144 of 144},g=HttpGenerator@199cb63b{s=START}]=>HttpChannelOverHttp@7c0b93f6{s=HttpChannelState@493fa39{s=HANDLING rs=BLOCKING os=OPEN is=IDLE awp=false se=false i=true al=0},r=1,c=false/false,a=HANDLING,uri=//localhost:8080/api/v0/components/provision-adapters/jobs,age=2}
13:19:12.107 [qtp1209070290-135] DEBUG org.eclipse.jetty.server.HttpChannelState - onEof HttpChannelState@493fa39{s=HANDLING rs=BLOCKING os=OPEN is=IDLE awp=false se=false i=true al=0}
13:19:12.112 [qtp1209070290-137] DEBUG org.eclipse.jetty.util.thread.ReservedThreadExecutor - ReservedThreadExecutor@4f4ecc0{s=0/1,p=1}@20cc5bb9 task=EatWhatYouKill@62a7e142/SelectorProducer@566e727b/IDLE/p=true/QueuedThreadPool[qtp1209070290]@4810f2d2{STARTED,8<=8<=14,i=1,r=1,q=0}[ReservedThreadExecutor@4f4ecc0{s=0/1,p=1}][pc=0,pic=0,pec=0,epc=2]@2020-09-25T13:19:12.1125721+02:00
13:19:12.112 [qtp1209070290-137] DEBUG org.eclipse.jetty.util.thread.strategy.EatWhatYouKill - EatWhatYouKill@62a7e142/SelectorProducer@566e727b/IDLE/p=true/QueuedThreadPool[qtp1209070290]@4810f2d2{STARTED,8<=8<=14,i=1,r=1,q=0}[ReservedThreadExecutor@4f4ecc0{s=0/1,p=1}][pc=0,pic=0,pec=0,epc=2]@2020-09-25T13:19:12.1125721+02:00 tryProduce true
13:19:12.112 [qtp1209070290-137] DEBUG org.eclipse.jetty.io.ManagedSelector - updateable 0
13:19:12.112 [qtp1209070290-137] DEBUG org.eclipse.jetty.io.ManagedSelector - updates 0
13:19:12.112 [qtp1209070290-137] DEBUG org.eclipse.jetty.io.ChannelEndPoint - Key interests updated 1 -> 0 on NetworkTrafficSocketChannelEndPoint@2fadc5d2{/127.0.0.1:65055<->/127.0.0.1:8080,OPEN,fill=-,flush=-,to=7/30000}{io=0/0,kio=0,kro=1}->HttpConnection@585e6bb7[p=HttpParser{s=END,144 of 144},g=HttpGenerator@199cb63b{s=START}]=>HttpChannelOverHttp@7c0b93f6{s=HttpChannelState@493fa39{s=HANDLING rs=BLOCKING os=OPEN is=READY awp=false se=false i=true al=0},r=1,c=false/false,a=HANDLING,uri=//localhost:8080/api/v0/components/provision-adapters/jobs,age=7}
13:19:12.112 [qtp1209070290-137] DEBUG org.eclipse.jetty.io.ManagedSelector - Selector sun.nio.ch.WindowsSelectorImpl@665861d waiting with 1 keys
13:19:12.112 [qtp1209070290-130] DEBUG org.eclipse.jetty.util.thread.QueuedThreadPool - run ReservedThreadExecutor@4f4ecc0{s=0/1,p=1}@72f2ef77 in QueuedThreadPool[qtp1209070290]@4810f2d2{STARTED,8<=8<=14,i=1,r=1,q=0}[ReservedThreadExecutor@4f4ecc0{s=0/1,p=1}]
13:19:12.112 [qtp1209070290-130] DEBUG org.eclipse.jetty.util.thread.ReservedThreadExecutor - ReservedThreadExecutor@4f4ecc0{s=1/1,p=1}@72f2ef77 started
13:19:12.112 [qtp1209070290-130] DEBUG org.eclipse.jetty.util.thread.ReservedThreadExecutor - ReservedThreadExecutor@4f4ecc0{s=1/1,p=0}@72f2ef77 waiting
13:19:14.099 [reactor-http-nio-3] WARN reactor.netty.http.client.HttpClientConnect - [id: 0x9890b2d5, L:/127.0.0.1:65055 - R:localhost/127.0.0.1:8080] The connection observed an error
io.netty.handler.timeout.ReadTimeoutException: null
13:19:14.100 [reactor-http-nio-3] DEBUG org.springframework.web.reactive.function.client.ExchangeFunctions - [d6edac0] Cancel signal (to close connection)
13:19:14.101 [reactor-http-nio-3] DEBUG reactor.netty.resources.PooledConnectionProvider - [id: 0x9890b2d5, L:/127.0.0.1:65055 ! R:localhost/127.0.0.1:8080] Channel closed, now 0 active connections and 0 inactive connections
13:19:14.102 [reactor-http-nio-3] DEBUG reactor.netty.ReactorNetty - [id: 0x9890b2d5, L:/127.0.0.1:65055 ! R:localhost/127.0.0.1:8080] Non Removed handler: ReadTimeoutHandler, context: ChannelHandlerContext(ReadTimeoutHandler, [id: 0x9890b2d5, L:/127.0.0.1:65055 ! R:localhost/127.0.0.1:8080]), pipeline: DefaultChannelPipeline{(reactor.left.httpCodec = io.netty.handler.codec.http.HttpClientCodec), (ReadTimeoutHandler = io.netty.handler.timeout.ReadTimeoutHandler), (WriteTimeoutHandler = io.netty.handler.timeout.WriteTimeoutHandler), (reactor.right.reactiveBridge = reactor.netty.channel.ChannelOperationsHandler)}
13:19:14.102 [reactor-http-nio-3] DEBUG reactor.netty.ReactorNetty - [id: 0x9890b2d5, L:/127.0.0.1:65055 ! R:localhost/127.0.0.1:8080] Non Removed handler: WriteTimeoutHandler, context: ChannelHandlerContext(WriteTimeoutHandler, [id: 0x9890b2d5, L:/127.0.0.1:65055 ! R:localhost/127.0.0.1:8080]), pipeline: DefaultChannelPipeline{(reactor.left.httpCodec = io.netty.handler.codec.http.HttpClientCodec), (ReadTimeoutHandler = io.netty.handler.timeout.ReadTimeoutHandler), (WriteTimeoutHandler = io.netty.handler.timeout.WriteTimeoutHandler), (reactor.right.reactiveBridge = reactor.netty.channel.ChannelOperationsHandler)}
13:19:14.102 [reactor-http-nio-3] DEBUG reactor.netty.resources.PooledConnectionProvider - [id: 0x9890b2d5, L:/127.0.0.1:65055 ! R:localhost/127.0.0.1:8080] onStateChange(POST{uri=/api/v0/components/provision-adapters/jobs, connection=PooledConnection{channel=[id: 0x9890b2d5, L:/127.0.0.1:65055 ! R:localhost/127.0.0.1:8080]}}, [disconnecting])
13:19:14.211 [qtp1209070290-135] DEBUG org.eclipse.jetty.server.handler.gzip.GzipHandler - GzipHandler@36425b18{STARTED,min=32,inflate=-1} excluded not gzip accept Request(POST //localhost:8080/api/v0/components/provision-adapters/jobs)@3ed919f1
13:19:14.211 [qtp1209070290-135] DEBUG org.eclipse.jetty.server.handler.gzip.GzipHttpOutputInterceptor - org.eclipse.jetty.server.handler.gzip.GzipHttpOutputInterceptor@767dad18 exclude no deflater
13:19:14.211 [qtp1209070290-135] DEBUG org.eclipse.jetty.server.HttpChannel - sendResponse info=null content=HeapByteBuffer@137d328[p=0,l=0,c=0,r=0]={<<<>>>} complete=false committing=true callback=Blocker@300c2f3c{null}
13:19:14.211 [qtp1209070290-135] DEBUG org.eclipse.jetty.server.HttpChannel - COMMIT for /api/v0/components/provision-adapters/jobs on HttpChannelOverHttp@7c0b93f6{s=HttpChannelState@493fa39{s=HANDLING rs=BLOCKING os=COMMITTED is=READY awp=false se=false i=true al=0},r=1,c=false/false,a=HANDLING,uri=//localhost:8080/api/v0/components/provision-adapters/jobs,age=2106}
200 null HTTP/1.1
Matched-Stub-Id: 6accf1bf-961a-400a-b265-4af915844f6a
Vary: Accept-Encoding, User-Agent


13:19:14.211 [qtp1209070290-135] DEBUG org.eclipse.jetty.server.HttpConnection - generate: NEED_HEADER for org.eclipse.jetty.server.HttpConnection$SendCallback@5a50cf08[PROCESSING][i=HTTP/1.1{s=200,h=2,cl=-1},cb=org.eclipse.jetty.server.HttpChannel$SendCallback@33f7e8db] (null,[p=0,l=0,c=0,r=0],false)@START
13:19:14.211 [qtp1209070290-135] DEBUG org.eclipse.jetty.http.HttpGenerator - generateHeaders HTTP/1.1{s=200,h=2,cl=-1} last=false content=HeapByteBuffer@137d328[p=0,l=0,c=0,r=0]={<<<>>>}
13:19:14.211 [qtp1209070290-135] DEBUG org.eclipse.jetty.http.HttpGenerator - Matched-Stub-Id: 6accf1bf-961a-400a-b265-4af915844f6a
Vary: Accept-Encoding, User-Agent


13:19:14.211 [qtp1209070290-135] DEBUG org.eclipse.jetty.http.HttpGenerator - CHUNKED_CONTENT
13:19:14.211 [qtp1209070290-135] DEBUG org.eclipse.jetty.server.HttpConnection - generate: FLUSH for org.eclipse.jetty.server.HttpConnection$SendCallback@5a50cf08[PROCESSING][i=HTTP/1.1{s=200,h=2,cl=-1},cb=org.eclipse.jetty.server.HttpChannel$SendCallback@33f7e8db] ([p=0,l=170,c=8192,r=170],[p=0,l=0,c=0,r=0],false)@COMMITTED
13:19:14.211 [qtp1209070290-135] DEBUG org.eclipse.jetty.io.WriteFlusher - write: WriteFlusher@28f996d0{IDLE}->null [HeapByteBuffer@7b29b23d[p=0,l=170,c=8192,r=170]={<<<HTTP/1.1 200 OK\r\nMatched-...y(9.4.28.v20200408)\r\n\r\n>>>rization:...\x00\x00\x00\x00\x00\x00\x00}]
13:19:14.211 [qtp1209070290-135] DEBUG org.eclipse.jetty.io.WriteFlusher - update WriteFlusher@28f996d0{WRITING}->null:IDLE-->WRITING
13:19:14.212 [qtp1209070290-135] DEBUG org.eclipse.jetty.io.ChannelEndPoint - flushed 170 NetworkTrafficSocketChannelEndPoint@2fadc5d2{/127.0.0.1:65055<->/127.0.0.1:8080,OPEN,fill=-,flush=W,to=2107/30000}{io=0/0,kio=0,kro=1}->HttpConnection@585e6bb7[p=HttpParser{s=END,144 of 144},g=HttpGenerator@199cb63b{s=COMMITTED}]=>HttpChannelOverHttp@7c0b93f6{s=HttpChannelState@493fa39{s=HANDLING rs=BLOCKING os=COMMITTED is=READY awp=false se=false i=true al=0},r=1,c=false/false,a=HANDLING,uri=//localhost:8080/api/v0/components/provision-adapters/jobs,age=2107}
13:19:14.212 [qtp1209070290-135] DEBUG org.eclipse.jetty.io.WriteFlusher - Flushed=true written=170 remaining=0 WriteFlusher@28f996d0{WRITING}->null
13:19:14.212 [qtp1209070290-135] DEBUG org.eclipse.jetty.io.WriteFlusher - update WriteFlusher@28f996d0{IDLE}->null:WRITING-->IDLE
13:19:14.212 [qtp1209070290-135] DEBUG org.eclipse.jetty.server.HttpConnection - generate: DONE for org.eclipse.jetty.server.HttpConnection$SendCallback@5a50cf08[PROCESSING][i=HTTP/1.1{s=200,h=2,cl=-1},cb=org.eclipse.jetty.server.HttpChannel$SendCallback@33f7e8db] ([p=170,l=170,c=8192,r=0],[p=0,l=0,c=0,r=0],false)@COMMITTED
13:19:14.212 [qtp1209070290-135] DEBUG org.eclipse.jetty.server.HttpOutput - onWriteComplete(false,null) s=OPEN,api=BLOCKED,sc=false,e=null->s=OPEN,api=BLOCKING,sc=false,e=null c=null cb=null w=false
13:19:14.212 [qtp1209070290-135] DEBUG org.eclipse.jetty.server.HttpOutput - close() s=CLOSING,api=BLOCKED,sc=false,e=null c=HeapByteBuffer@137d328[p=0,l=0,c=0,r=0]={<<<>>>} b=Blocker@300c2f3c{null}
13:19:14.212 [qtp1209070290-135] DEBUG org.eclipse.jetty.server.HttpChannel - sendResponse info=null content=HeapByteBuffer@137d328[p=0,l=0,c=0,r=0]={<<<>>>} complete=true committing=false callback=Blocker@300c2f3c{null}
13:19:14.212 [qtp1209070290-135] DEBUG org.eclipse.jetty.server.HttpConnection - generate: CONTINUE for org.eclipse.jetty.server.HttpConnection$SendCallback@5a50cf08[PROCESSING][i=null,cb=org.eclipse.jetty.server.HttpChannel$SendCallback@79dd293c] (null,[p=0,l=0,c=0,r=0],true)@COMPLETING
13:19:14.212 [qtp1209070290-135] DEBUG org.eclipse.jetty.server.HttpConnection - generate: NEED_CHUNK for org.eclipse.jetty.server.HttpConnection$SendCallback@5a50cf08[PROCESSING][i=null,cb=org.eclipse.jetty.server.HttpChannel$SendCallback@79dd293c] (null,[p=0,l=0,c=0,r=0],true)@COMPLETING
13:19:14.212 [qtp1209070290-135] DEBUG org.eclipse.jetty.server.HttpConnection - generate: FLUSH for org.eclipse.jetty.server.HttpConnection$SendCallback@5a50cf08[PROCESSING][i=null,cb=org.eclipse.jetty.server.HttpChannel$SendCallback@79dd293c] (null,[p=0,l=0,c=0,r=0],true)@COMPLETING
13:19:14.212 [qtp1209070290-135] DEBUG org.eclipse.jetty.io.WriteFlusher - write: WriteFlusher@28f996d0{IDLE}->null [HeapByteBuffer@65b9693c[p=0,l=5,c=1024,r=5]={<<<0\r\n\r\n>>>\r\n\x00\x00\x00\x00\x00\x00\x00...\x00\x00\x00\x00\x00\x00\x00}]
13:19:14.212 [qtp1209070290-135] DEBUG org.eclipse.jetty.io.WriteFlusher - update WriteFlusher@28f996d0{WRITING}->null:IDLE-->WRITING
13:19:14.214 [qtp1209070290-135] DEBUG org.eclipse.jetty.io.WriteFlusher - write exception
org.eclipse.jetty.io.EofException: null
	at org.eclipse.jetty.io.ChannelEndPoint.flush(ChannelEndPoint.java:283)
	at org.eclipse.jetty.io.NetworkTrafficSocketChannelEndPoint.flush(NetworkTrafficSocketChannelEndPoint.java:66)
	at org.eclipse.jetty.io.WriteFlusher.flush(WriteFlusher.java:422)
	at org.eclipse.jetty.io.WriteFlusher.write(WriteFlusher.java:277)
	at org.eclipse.jetty.io.AbstractEndPoint.write(AbstractEndPoint.java:381)
	at org.eclipse.jetty.server.HttpConnection$SendCallback.process(HttpConnection.java:830)
	at org.eclipse.jetty.util.IteratingCallback.processing(IteratingCallback.java:241)
	at org.eclipse.jetty.util.IteratingCallback.iterate(IteratingCallback.java:223)
	at org.eclipse.jetty.server.HttpConnection.send(HttpConnection.java:549)
	at org.eclipse.jetty.server.HttpChannel.sendResponse(HttpChannel.java:829)
	at org.eclipse.jetty.server.HttpChannel.write(HttpChannel.java:901)
	at org.eclipse.jetty.server.handler.gzip.GzipHttpOutputInterceptor.write(GzipHttpOutputInterceptor.java:112)
	at org.eclipse.jetty.server.HttpOutput.channelWrite(HttpOutput.java:283)
	at org.eclipse.jetty.server.HttpOutput.close(HttpOutput.java:602)
	at com.github.tomakehurst.wiremock.servlet.WireMockHandlerDispatchingServlet.writeAndTranslateExceptions(WireMockHandlerDispatchingServlet.java:235)
	at com.github.tomakehurst.wiremock.servlet.WireMockHandlerDispatchingServlet.applyResponse(WireMockHandlerDispatchingServlet.java:223)
	at com.github.tomakehurst.wiremock.servlet.WireMockHandlerDispatchingServlet$ServletHttpResponder.respondTo(WireMockHandlerDispatchingServlet.java:183)
	at com.github.tomakehurst.wiremock.servlet.WireMockHandlerDispatchingServlet$ServletHttpResponder.respondSync(WireMockHandlerDispatchingServlet.java:150)
	at com.github.tomakehurst.wiremock.servlet.WireMockHandlerDispatchingServlet$ServletHttpResponder.respond(WireMockHandlerDispatchingServlet.java:144)
	at com.github.tomakehurst.wiremock.http.AbstractRequestHandler.handle(AbstractRequestHandler.java:90)
	at com.github.tomakehurst.wiremock.servlet.WireMockHandlerDispatchingServlet.service(WireMockHandlerDispatchingServlet.java:120)
	at javax.servlet.http.HttpServlet.service(HttpServlet.java:750)
	at org.eclipse.jetty.servlet.ServletHolder.handle(ServletHolder.java:763)
	at org.eclipse.jetty.servlet.ServletHandler$CachedChain.doFilter(ServletHandler.java:1631)
	at org.eclipse.jetty.servlets.CrossOriginFilter.handle(CrossOriginFilter.java:319)
	at org.eclipse.jetty.servlets.CrossOriginFilter.doFilter(CrossOriginFilter.java:273)
	at org.eclipse.jetty.servlet.ServletHandler$CachedChain.doFilter(ServletHandler.java:1618)
	at org.eclipse.jetty.servlet.ServletHandler.doHandle(ServletHandler.java:549)
	at org.eclipse.jetty.server.handler.ScopedHandler.nextHandle(ScopedHandler.java:233)
	at org.eclipse.jetty.server.handler.ContextHandler.doHandle(ContextHandler.java:1363)
	at org.eclipse.jetty.server.handler.ScopedHandler.nextScope(ScopedHandler.java:188)
	at org.eclipse.jetty.servlet.ServletHandler.doScope(ServletHandler.java:489)
	at org.eclipse.jetty.server.handler.ScopedHandler.nextScope(ScopedHandler.java:186)
	at org.eclipse.jetty.server.handler.ContextHandler.doScope(ContextHandler.java:1278)
	at org.eclipse.jetty.server.handler.ScopedHandler.handle(ScopedHandler.java:141)
	at org.eclipse.jetty.server.handler.gzip.GzipHandler.handle(GzipHandler.java:767)
	at org.eclipse.jetty.server.handler.HandlerCollection.handle(HandlerCollection.java:146)
	at org.eclipse.jetty.server.handler.HandlerWrapper.handle(HandlerWrapper.java:127)
	at org.eclipse.jetty.server.Server.handle(Server.java:500)
	at org.eclipse.jetty.server.HttpChannel.lambda$handle$1(HttpChannel.java:383)
	at org.eclipse.jetty.server.HttpChannel.dispatch(HttpChannel.java:547)
	at org.eclipse.jetty.server.HttpChannel.handle(HttpChannel.java:375)
	at org.eclipse.jetty.server.HttpConnection.onFillable(HttpConnection.java:273)
	at org.eclipse.jetty.io.AbstractConnection$ReadCallback.succeeded(AbstractConnection.java:311)
	at org.eclipse.jetty.io.FillInterest.fillable(FillInterest.java:103)
	at org.eclipse.jetty.io.ChannelEndPoint$2.run(ChannelEndPoint.java:117)
	at org.eclipse.jetty.util.thread.strategy.EatWhatYouKill.runTask(EatWhatYouKill.java:336)
	at org.eclipse.jetty.util.thread.strategy.EatWhatYouKill.doProduce(EatWhatYouKill.java:313)
	at org.eclipse.jetty.util.thread.strategy.EatWhatYouKill.tryProduce(EatWhatYouKill.java:171)
	at org.eclipse.jetty.util.thread.strategy.EatWhatYouKill.run(EatWhatYouKill.java:129)
	at org.eclipse.jetty.util.thread.ReservedThreadExecutor$ReservedThread.run(ReservedThreadExecutor.java:375)
	at org.eclipse.jetty.util.thread.QueuedThreadPool.runJob(QueuedThreadPool.java:806)
	at org.eclipse.jetty.util.thread.QueuedThreadPool$Runner.run(QueuedThreadPool.java:938)
	at java.base/java.lang.Thread.run(Thread.java:834)
Caused by: java.io.IOException: Se ha anulado una conexión establecida por el software en su equipo host.
	at java.base/sun.nio.ch.SocketDispatcher.write0(Native Method)
	at java.base/sun.nio.ch.SocketDispatcher.write(SocketDispatcher.java:51)
	at java.base/sun.nio.ch.IOUtil.writeFromNativeBuffer(IOUtil.java:113)
	at java.base/sun.nio.ch.IOUtil.write(IOUtil.java:79)
	at java.base/sun.nio.ch.IOUtil.write(IOUtil.java:50)
	at java.base/sun.nio.ch.SocketChannelImpl.write(SocketChannelImpl.java:466)
	at org.eclipse.jetty.io.ChannelEndPoint.flush(ChannelEndPoint.java:261)
	... 53 common frames omitted
13:19:14.214 [qtp1209070290-135] DEBUG org.eclipse.jetty.io.WriteFlusher - update WriteFlusher@28f996d0{FAILED}->null:WRITING-->FAILED
13:19:14.214 [qtp1209070290-135] DEBUG org.eclipse.jetty.server.HttpChannel - Commit failed
org.eclipse.jetty.io.EofException: null
	at org.eclipse.jetty.io.ChannelEndPoint.flush(ChannelEndPoint.java:283)
	at org.eclipse.jetty.io.NetworkTrafficSocketChannelEndPoint.flush(NetworkTrafficSocketChannelEndPoint.java:66)
	at org.eclipse.jetty.io.WriteFlusher.flush(WriteFlusher.java:422)
	at org.eclipse.jetty.io.WriteFlusher.write(WriteFlusher.java:277)
	at org.eclipse.jetty.io.AbstractEndPoint.write(AbstractEndPoint.java:381)
	at org.eclipse.jetty.server.HttpConnection$SendCallback.process(HttpConnection.java:830)
	at org.eclipse.jetty.util.IteratingCallback.processing(IteratingCallback.java:241)
	at org.eclipse.jetty.util.IteratingCallback.iterate(IteratingCallback.java:223)
	at org.eclipse.jetty.server.HttpConnection.send(HttpConnection.java:549)
	at org.eclipse.jetty.server.HttpChannel.sendResponse(HttpChannel.java:829)
	at org.eclipse.jetty.server.HttpChannel.write(HttpChannel.java:901)
	at org.eclipse.jetty.server.handler.gzip.GzipHttpOutputInterceptor.write(GzipHttpOutputInterceptor.java:112)
	at org.eclipse.jetty.server.HttpOutput.channelWrite(HttpOutput.java:283)
	at org.eclipse.jetty.server.HttpOutput.close(HttpOutput.java:602)
	at com.github.tomakehurst.wiremock.servlet.WireMockHandlerDispatchingServlet.writeAndTranslateExceptions(WireMockHandlerDispatchingServlet.java:235)
	at com.github.tomakehurst.wiremock.servlet.WireMockHandlerDispatchingServlet.applyResponse(WireMockHandlerDispatchingServlet.java:223)
	at com.github.tomakehurst.wiremock.servlet.WireMockHandlerDispatchingServlet$ServletHttpResponder.respondTo(WireMockHandlerDispatchingServlet.java:183)
	at com.github.tomakehurst.wiremock.servlet.WireMockHandlerDispatchingServlet$ServletHttpResponder.respondSync(WireMockHandlerDispatchingServlet.java:150)
	at com.github.tomakehurst.wiremock.servlet.WireMockHandlerDispatchingServlet$ServletHttpResponder.respond(WireMockHandlerDispatchingServlet.java:144)
	at com.github.tomakehurst.wiremock.http.AbstractRequestHandler.handle(AbstractRequestHandler.java:90)
	at com.github.tomakehurst.wiremock.servlet.WireMockHandlerDispatchingServlet.service(WireMockHandlerDispatchingServlet.java:120)
	at javax.servlet.http.HttpServlet.service(HttpServlet.java:750)
	at org.eclipse.jetty.servlet.ServletHolder.handle(ServletHolder.java:763)
	at org.eclipse.jetty.servlet.ServletHandler$CachedChain.doFilter(ServletHandler.java:1631)
	at org.eclipse.jetty.servlets.CrossOriginFilter.handle(CrossOriginFilter.java:319)
	at org.eclipse.jetty.servlets.CrossOriginFilter.doFilter(CrossOriginFilter.java:273)
	at org.eclipse.jetty.servlet.ServletHandler$CachedChain.doFilter(ServletHandler.java:1618)
	at org.eclipse.jetty.servlet.ServletHandler.doHandle(ServletHandler.java:549)
	at org.eclipse.jetty.server.handler.ScopedHandler.nextHandle(ScopedHandler.java:233)
	at org.eclipse.jetty.server.handler.ContextHandler.doHandle(ContextHandler.java:1363)
	at org.eclipse.jetty.server.handler.ScopedHandler.nextScope(ScopedHandler.java:188)
	at org.eclipse.jetty.servlet.ServletHandler.doScope(ServletHandler.java:489)
	at org.eclipse.jetty.server.handler.ScopedHandler.nextScope(ScopedHandler.java:186)
	at org.eclipse.jetty.server.handler.ContextHandler.doScope(ContextHandler.java:1278)
	at org.eclipse.jetty.server.handler.ScopedHandler.handle(ScopedHandler.java:141)
	at org.eclipse.jetty.server.handler.gzip.GzipHandler.handle(GzipHandler.java:767)
	at org.eclipse.jetty.server.handler.HandlerCollection.handle(HandlerCollection.java:146)
	at org.eclipse.jetty.server.handler.HandlerWrapper.handle(HandlerWrapper.java:127)
	at org.eclipse.jetty.server.Server.handle(Server.java:500)
	at org.eclipse.jetty.server.HttpChannel.lambda$handle$1(HttpChannel.java:383)
	at org.eclipse.jetty.server.HttpChannel.dispatch(HttpChannel.java:547)
	at org.eclipse.jetty.server.HttpChannel.handle(HttpChannel.java:375)
	at org.eclipse.jetty.server.HttpConnection.onFillable(HttpConnection.java:273)
	at org.eclipse.jetty.io.AbstractConnection$ReadCallback.succeeded(AbstractConnection.java:311)
	at org.eclipse.jetty.io.FillInterest.fillable(FillInterest.java:103)
	at org.eclipse.jetty.io.ChannelEndPoint$2.run(ChannelEndPoint.java:117)
	at org.eclipse.jetty.util.thread.strategy.EatWhatYouKill.runTask(EatWhatYouKill.java:336)
	at org.eclipse.jetty.util.thread.strategy.EatWhatYouKill.doProduce(EatWhatYouKill.java:313)
	at org.eclipse.jetty.util.thread.strategy.EatWhatYouKill.tryProduce(EatWhatYouKill.java:171)
	at org.eclipse.jetty.util.thread.strategy.EatWhatYouKill.run(EatWhatYouKill.java:129)
	at org.eclipse.jetty.util.thread.ReservedThreadExecutor$ReservedThread.run(ReservedThreadExecutor.java:375)
	at org.eclipse.jetty.util.thread.QueuedThreadPool.runJob(QueuedThreadPool.java:806)
	at org.eclipse.jetty.util.thread.QueuedThreadPool$Runner.run(QueuedThreadPool.java:938)
	at java.base/java.lang.Thread.run(Thread.java:834)
Caused by: java.io.IOException: Se ha anulado una conexión establecida por el software en su equipo host.
	at java.base/sun.nio.ch.SocketDispatcher.write0(Native Method)
	at java.base/sun.nio.ch.SocketDispatcher.write(SocketDispatcher.java:51)
	at java.base/sun.nio.ch.IOUtil.writeFromNativeBuffer(IOUtil.java:113)
	at java.base/sun.nio.ch.IOUtil.write(IOUtil.java:79)
	at java.base/sun.nio.ch.IOUtil.write(IOUtil.java:50)
	at java.base/sun.nio.ch.SocketChannelImpl.write(SocketChannelImpl.java:466)
	at org.eclipse.jetty.io.ChannelEndPoint.flush(ChannelEndPoint.java:261)
	... 53 common frames omitted
13:19:14.215 [qtp1209070290-135] DEBUG org.eclipse.jetty.server.HttpConnection - abort HttpConnection@585e6bb7::NetworkTrafficSocketChannelEndPoint@2fadc5d2{/127.0.0.1:65055<->/127.0.0.1:8080,OPEN,fill=-,flush=F,to=3/30000}{io=0/0,kio=0,kro=1}->HttpConnection@585e6bb7[p=HttpParser{s=END,144 of 144},g=HttpGenerator@199cb63b{s=COMPLETING}]=>HttpChannelOverHttp@7c0b93f6{s=HttpChannelState@493fa39{s=HANDLING rs=BLOCKING os=ABORTED is=READY awp=false se=false i=true al=0},r=1,c=false/false,a=HANDLING,uri=//localhost:8080/api/v0/components/provision-adapters/jobs,age=2110} {}
13:19:14.215 [qtp1209070290-135] DEBUG org.eclipse.jetty.io.AbstractEndPoint - close NetworkTrafficSocketChannelEndPoint@2fadc5d2{/127.0.0.1:65055<->/127.0.0.1:8080,OPEN,fill=-,flush=F,to=3/30000}{io=0/0,kio=0,kro=1}->HttpConnection@585e6bb7[p=HttpParser{s=END,144 of 144},g=HttpGenerator@199cb63b{s=COMPLETING}]=>HttpChannelOverHttp@7c0b93f6{s=HttpChannelState@493fa39{s=HANDLING rs=BLOCKING os=ABORTED is=READY awp=false se=false i=true al=0},r=1,c=false/false,a=HANDLING,uri=//localhost:8080/api/v0/components/provision-adapters/jobs,age=2110}
13:19:14.215 [qtp1209070290-135] DEBUG org.eclipse.jetty.io.AbstractEndPoint - close(null) NetworkTrafficSocketChannelEndPoint@2fadc5d2{/127.0.0.1:65055<->/127.0.0.1:8080,OPEN,fill=-,flush=F,to=3/30000}{io=0/0,kio=0,kro=1}->HttpConnection@585e6bb7[p=HttpParser{s=END,144 of 144},g=HttpGenerator@199cb63b{s=COMPLETING}]=>HttpChannelOverHttp@7c0b93f6{s=HttpChannelState@493fa39{s=HANDLING rs=BLOCKING os=ABORTED is=READY awp=false se=false i=true al=0},r=1,c=false/false,a=HANDLING,uri=//localhost:8080/api/v0/components/provision-adapters/jobs,age=2110}
13:19:14.215 [qtp1209070290-135] DEBUG org.eclipse.jetty.io.ChannelEndPoint - doClose NetworkTrafficSocketChannelEndPoint@2fadc5d2{/127.0.0.1:65055<->/127.0.0.1:8080,CLOSED,fill=-,flush=F,to=3/30000}{io=0/0,kio=0,kro=1}->HttpConnection@585e6bb7[p=HttpParser{s=END,144 of 144},g=HttpGenerator@199cb63b{s=COMPLETING}]=>HttpChannelOverHttp@7c0b93f6{s=HttpChannelState@493fa39{s=HANDLING rs=BLOCKING os=ABORTED is=READY awp=false se=false i=true al=0},r=1,c=false/false,a=HANDLING,uri=//localhost:8080/api/v0/components/provision-adapters/jobs,age=2110}
13:19:14.215 [qtp1209070290-135] DEBUG org.eclipse.jetty.io.FillInterest - onClose FillInterest@39a802dd{null}
13:19:14.215 [qtp1209070290-135] DEBUG org.eclipse.jetty.io.ManagedSelector - Wakeup ManagedSelector@4fc62f79{STARTED} id=0 keys=1 selected=0 updates=0
13:19:14.216 [qtp1209070290-135] DEBUG org.eclipse.jetty.util.thread.QueuedThreadPool - queue org.eclipse.jetty.io.ManagedSelector$DestroyEndPoint@25298180 startThread=0
13:19:14.216 [qtp1209070290-137] DEBUG org.eclipse.jetty.io.ManagedSelector - Selector sun.nio.ch.WindowsSelectorImpl@665861d woken with none selected
13:19:14.216 [qtp1209070290-137] DEBUG org.eclipse.jetty.io.ManagedSelector - Selector sun.nio.ch.WindowsSelectorImpl@665861d woken up from select, 0/0/0 selected
13:19:14.216 [qtp1209070290-137] DEBUG org.eclipse.jetty.io.ManagedSelector - Selector sun.nio.ch.WindowsSelectorImpl@665861d processing 0 keys, 0 updates
13:19:14.216 [qtp1209070290-137] DEBUG org.eclipse.jetty.io.ManagedSelector - updateable 0
13:19:14.216 [qtp1209070290-137] DEBUG org.eclipse.jetty.io.ManagedSelector - updates 0
13:19:14.216 [qtp1209070290-137] DEBUG org.eclipse.jetty.io.ManagedSelector - Selector sun.nio.ch.WindowsSelectorImpl@665861d waiting with 0 keys
13:19:14.216 [qtp1209070290-135] DEBUG org.eclipse.jetty.server.HttpOutput - onWriteComplete(true,org.eclipse.jetty.io.EofException) s=CLOSING,api=BLOCKED,sc=false,e=null->s=CLOSED,api=BLOCKING,sc=false,e=null c=null cb=null w=false
13:19:14.216 [qtp1209070290-135] DEBUG org.eclipse.jetty.server.Server - handled=true async=false committed=true on HttpChannelOverHttp@7c0b93f6{s=HttpChannelState@493fa39{s=HANDLING rs=BLOCKING os=ABORTED is=READY awp=false se=false i=true al=0},r=1,c=false/false,a=HANDLING,uri=//localhost:8080/api/v0/components/provision-adapters/jobs,age=2111}
13:19:14.216 [qtp1209070290-135] DEBUG org.eclipse.jetty.server.HttpChannelState - unhandle HttpChannelState@493fa39{s=HANDLING rs=BLOCKING os=ABORTED is=READY awp=false se=false i=true al=0}
13:19:14.216 [qtp1209070290-135] DEBUG org.eclipse.jetty.server.HttpChannelState - nextAction(false) COMPLETE HttpChannelState@493fa39{s=HANDLING rs=COMPLETING os=ABORTED is=READY awp=false se=false i=false al=0}
13:19:14.216 [qtp1209070290-135] DEBUG org.eclipse.jetty.server.HttpChannel - action COMPLETE HttpChannelOverHttp@7c0b93f6{s=HttpChannelState@493fa39{s=HANDLING rs=COMPLETING os=ABORTED is=READY awp=false se=false i=false al=0},r=1,c=false/false,a=HANDLING,uri=//localhost:8080/api/v0/components/provision-adapters/jobs,age=2111}
13:19:14.216 [qtp1209070290-135] DEBUG org.eclipse.jetty.server.HttpOutput - complete(org.eclipse.jetty.util.Callback$4@291414ce) s=CLOSED,api=BLOCKING,sc=false,e=null s=true e=null, c=null
13:19:14.216 [qtp1209070290-135] DEBUG org.eclipse.jetty.server.HttpChannelState - completed HttpChannelState@493fa39{s=HANDLING rs=COMPLETING os=ABORTED is=READY awp=false se=false i=false al=0}
13:19:14.216 [qtp1209070290-135] DEBUG org.eclipse.jetty.server.HttpChannelState - unhandle HttpChannelState@493fa39{s=HANDLING rs=COMPLETED os=ABORTED is=READY awp=false se=false i=false al=0}
13:19:14.216 [qtp1209070290-135] DEBUG org.eclipse.jetty.server.HttpChannelState - nextAction(false) TERMINATED HttpChannelState@493fa39{s=IDLE rs=COMPLETED os=ABORTED is=READY awp=false se=false i=false al=0}
13:19:14.216 [qtp1209070290-131] DEBUG org.eclipse.jetty.util.thread.QueuedThreadPool - run org.eclipse.jetty.io.ManagedSelector$DestroyEndPoint@25298180 in QueuedThreadPool[qtp1209070290]@4810f2d2{STARTED,8<=8<=14,i=0,r=1,q=0}[ReservedThreadExecutor@4f4ecc0{s=1/1,p=0}]
13:19:14.216 [qtp1209070290-135] DEBUG org.eclipse.jetty.server.HttpChannel - action TERMINATED HttpChannelOverHttp@7c0b93f6{s=HttpChannelState@493fa39{s=IDLE rs=COMPLETED os=ABORTED is=READY awp=false se=false i=false al=0},r=1,c=true/false,a=IDLE,uri=//localhost:8080/api/v0/components/provision-adapters/jobs,age=2111}
13:19:14.216 [qtp1209070290-135] DEBUG org.eclipse.jetty.server.HttpChannel - onCompleted for /api/v0/components/provision-adapters/jobs written=0
13:19:14.216 [qtp1209070290-135] DEBUG org.eclipse.jetty.server.HttpChannelState - recycle HttpChannelState@493fa39{s=IDLE rs=COMPLETED os=ABORTED is=READY awp=false se=false i=false al=0}
13:19:14.216 [qtp1209070290-135] DEBUG org.eclipse.jetty.http.HttpParser - close HttpParser{s=END,144 of 144}
13:19:14.216 [qtp1209070290-131] DEBUG org.eclipse.jetty.io.ManagedSelector - Destroyed NetworkTrafficSocketChannelEndPoint@2fadc5d2{/127.0.0.1:65055<->/127.0.0.1:8080,CLOSED,fill=-,flush=F,to=4/30000}{io=0/0,kio=-1,kro=-1}->HttpConnection@585e6bb7[p=HttpParser{s=END,144 of 144},g=HttpGenerator@199cb63b{s=COMPLETING}]=>HttpChannelOverHttp@7c0b93f6{s=HttpChannelState@493fa39{s=IDLE rs=BLOCKING os=OPEN is=IDLE awp=false se=false i=true al=0},r=1,c=false/false,a=IDLE,uri=null,age=0}
13:19:14.217 [qtp1209070290-131] DEBUG org.eclipse.jetty.io.AbstractConnection - onClose HttpConnection@585e6bb7::NetworkTrafficSocketChannelEndPoint@2fadc5d2{/127.0.0.1:65055<->/127.0.0.1:8080,CLOSED,fill=-,flush=F,to=4/30000}{io=0/0,kio=-1,kro=-1}->HttpConnection@585e6bb7[p=HttpParser{s=END,144 of 144},g=HttpGenerator@199cb63b{s=COMPLETING}]=>HttpChannelOverHttp@7c0b93f6{s=HttpChannelState@493fa39{s=IDLE rs=BLOCKING os=OPEN is=IDLE awp=false se=false i=true al=0},r=1,c=false/false,a=IDLE,uri=null,age=0}
13:19:14.217 [qtp1209070290-131] DEBUG org.eclipse.jetty.util.thread.QueuedThreadPool - ran org.eclipse.jetty.io.ManagedSelector$DestroyEndPoint@25298180 in QueuedThreadPool[qtp1209070290]@4810f2d2{STARTED,8<=8<=14,i=0,r=1,q=0}[ReservedThreadExecutor@4f4ecc0{s=1/1,p=0}]
13:19:14.216 [qtp1209070290-135] DEBUG org.eclipse.jetty.http.HttpParser - END --> CLOSE
13:19:14.218 [qtp1209070290-135] DEBUG org.eclipse.jetty.server.HttpChannel - !handle TERMINATED HttpChannelOverHttp@7c0b93f6{s=HttpChannelState@493fa39{s=IDLE rs=BLOCKING os=OPEN is=IDLE awp=false se=false i=true al=0},r=1,c=false/false,a=IDLE,uri=null,age=0}
13:19:14.218 [qtp1209070290-135] DEBUG org.eclipse.jetty.server.HttpConnection - HttpConnection@585e6bb7::NetworkTrafficSocketChannelEndPoint@2fadc5d2{/127.0.0.1:65055<->/127.0.0.1:8080,CLOSED,fill=-,flush=F,to=6/30000}{io=0/0,kio=-1,kro=-1}->HttpConnection@585e6bb7[p=HttpParser{s=CLOSE,144 of 144},g=HttpGenerator@199cb63b{s=START}]=>HttpChannelOverHttp@7c0b93f6{s=HttpChannelState@493fa39{s=IDLE rs=BLOCKING os=OPEN is=IDLE awp=false se=false i=true al=0},r=1,c=false/false,a=IDLE,uri=null,age=0} onFillable exit HttpChannelState@493fa39{s=IDLE rs=BLOCKING os=OPEN is=IDLE awp=false se=false i=true al=0} null
13:19:14.218 [qtp1209070290-135] DEBUG org.eclipse.jetty.util.thread.ReservedThreadExecutor - ReservedThreadExecutor@4f4ecc0{s=1/1,p=0}@3855960e size 1 > capacity
13:19:14.218 [qtp1209070290-135] DEBUG org.eclipse.jetty.util.thread.QueuedThreadPool - ran ReservedThreadExecutor@4f4ecc0{s=1/1,p=0}@3855960e in QueuedThreadPool[qtp1209070290]@4810f2d2{STARTED,8<=8<=14,i=1,r=1,q=0}[ReservedThreadExecutor@4f4ecc0{s=1/1,p=0}]
13:19:14.575 [parallel-3] DEBUG org.springframework.web.reactive.function.client.ExchangeFunctions - [d6edac0] HTTP POST http://localhost:8080/api/v0/components/provision-adapters/jobs
13:19:14.578 [reactor-http-nio-4] DEBUG reactor.netty.resources.PooledConnectionProvider - [id: 0x6a7222f7] Created a new pooled channel, now 1 active connections and 0 inactive connections
13:19:14.578 [reactor-http-nio-4] DEBUG reactor.netty.channel.BootstrapHandlers - [id: 0x6a7222f7] Initialized pipeline DefaultChannelPipeline{(BootstrapHandlers$BootstrapInitializerHandler#0 = reactor.netty.channel.BootstrapHandlers$BootstrapInitializerHandler), (PooledConnectionProvider$PooledConnectionAllocator$PooledConnectionInitializer#0 = reactor.netty.resources.PooledConnectionProvider$PooledConnectionAllocator$PooledConnectionInitializer), (reactor.left.httpCodec = io.netty.handler.codec.http.HttpClientCodec), (reactor.right.reactiveBridge = reactor.netty.channel.ChannelOperationsHandler)}
13:19:14.580 [qtp1209070290-133-acceptor-1@40c8c7c9-NetworkTrafficServerConnector@6c15ea0b{HTTP/1.1, (http/1.1)}{0.0.0.0:8080}] DEBUG org.eclipse.jetty.io.ManagedSelector - Queued change org.eclipse.jetty.io.ManagedSelector$Accept@4c3a6255 on ManagedSelector@740a358e{STARTED} id=1 keys=1 selected=0 updates=0
13:19:14.580 [qtp1209070290-133-acceptor-1@40c8c7c9-NetworkTrafficServerConnector@6c15ea0b{HTTP/1.1, (http/1.1)}{0.0.0.0:8080}] DEBUG org.eclipse.jetty.io.ManagedSelector - Wakeup on submit ManagedSelector@740a358e{STARTED} id=1 keys=1 selected=0 updates=1
13:19:14.580 [reactor-http-nio-4] DEBUG reactor.netty.resources.PooledConnectionProvider - [id: 0x6a7222f7, L:/127.0.0.1:65057 - R:localhost/127.0.0.1:8080] Registering pool release on close event for channel
13:19:14.580 [reactor-http-nio-4] DEBUG reactor.netty.resources.PooledConnectionProvider - [id: 0x6a7222f7, L:/127.0.0.1:65057 - R:localhost/127.0.0.1:8080] Channel connected, now 1 active connections and 0 inactive connections
13:19:14.580 [qtp1209070290-136] DEBUG org.eclipse.jetty.io.ManagedSelector - Selector sun.nio.ch.WindowsSelectorImpl@32adfd7e woken with none selected
13:19:14.580 [qtp1209070290-136] DEBUG org.eclipse.jetty.io.ManagedSelector - Selector sun.nio.ch.WindowsSelectorImpl@32adfd7e woken up from select, 0/0/1 selected
13:19:14.580 [reactor-http-nio-4] DEBUG reactor.netty.resources.PooledConnectionProvider - [id: 0x6a7222f7, L:/127.0.0.1:65057 - R:localhost/127.0.0.1:8080] onStateChange(PooledConnection{channel=[id: 0x6a7222f7, L:/127.0.0.1:65057 - R:localhost/127.0.0.1:8080]}, [connected])
13:19:14.580 [qtp1209070290-136] DEBUG org.eclipse.jetty.io.ManagedSelector - Selector sun.nio.ch.WindowsSelectorImpl@32adfd7e processing 0 keys, 1 updates
13:19:14.580 [qtp1209070290-136] DEBUG org.eclipse.jetty.io.ManagedSelector - updateable 1
13:19:14.580 [qtp1209070290-136] DEBUG org.eclipse.jetty.io.ManagedSelector - update org.eclipse.jetty.io.ManagedSelector$Accept@4c3a6255
13:19:14.580 [qtp1209070290-136] DEBUG org.eclipse.jetty.util.thread.QueuedThreadPool - queue org.eclipse.jetty.io.ManagedSelector$Accept@4c3a6255 startThread=0
13:19:14.580 [qtp1209070290-136] DEBUG org.eclipse.jetty.io.ManagedSelector - updates 0
13:19:14.580 [reactor-http-nio-4] DEBUG reactor.netty.resources.PooledConnectionProvider - [id: 0x6a7222f7, L:/127.0.0.1:65057 - R:localhost/127.0.0.1:8080] onStateChange(GET{uri=/, connection=PooledConnection{channel=[id: 0x6a7222f7, L:/127.0.0.1:65057 - R:localhost/127.0.0.1:8080]}}, [configured])
13:19:14.580 [qtp1209070290-136] DEBUG org.eclipse.jetty.io.ManagedSelector - Selector sun.nio.ch.WindowsSelectorImpl@32adfd7e waiting with 2 keys
13:19:14.580 [reactor-http-nio-4] DEBUG reactor.netty.ReactorNetty - [id: 0x6a7222f7, L:/127.0.0.1:65057 - R:localhost/127.0.0.1:8080] Added decoder [ReadTimeoutHandler] at the end of the user pipeline, full pipeline: [reactor.left.httpCodec, ReadTimeoutHandler, reactor.right.reactiveBridge, DefaultChannelPipeline$TailContext#0]
13:19:14.581 [reactor-http-nio-4] DEBUG reactor.netty.ReactorNetty - [id: 0x6a7222f7, L:/127.0.0.1:65057 - R:localhost/127.0.0.1:8080] Added decoder [WriteTimeoutHandler] at the end of the user pipeline, full pipeline: [reactor.left.httpCodec, ReadTimeoutHandler, WriteTimeoutHandler, reactor.right.reactiveBridge, DefaultChannelPipeline$TailContext#0]
13:19:14.581 [reactor-http-nio-4] DEBUG reactor.netty.http.client.HttpClientConnect - [id: 0x6a7222f7, L:/127.0.0.1:65057 - R:localhost/127.0.0.1:8080] Handler is being applied: {uri=http://localhost:8080/api/v0/components/provision-adapters/jobs, method=POST}
13:19:14.581 [reactor-http-nio-4] DEBUG reactor.netty.resources.PooledConnectionProvider - [id: 0x6a7222f7, L:/127.0.0.1:65057 - R:localhost/127.0.0.1:8080] onStateChange(POST{uri=/api/v0/components/provision-adapters/jobs, connection=PooledConnection{channel=[id: 0x6a7222f7, L:/127.0.0.1:65057 - R:localhost/127.0.0.1:8080]}}, [request_prepared])
13:19:14.582 [reactor-http-nio-4] DEBUG org.springframework.http.codec.json.Jackson2JsonEncoder - [d6edac0] Encoding [ComponentInstanceRequest(id=0d60571b-63fa-4e26-81e4-b719a1199105, productId=00f65044-3acc-4629-803e- (truncated)...]
13:19:14.583 [reactor-http-nio-4] DEBUG reactor.netty.resources.PooledConnectionProvider - [id: 0x6a7222f7, L:/127.0.0.1:65057 - R:localhost/127.0.0.1:8080] onStateChange(POST{uri=/api/v0/components/provision-adapters/jobs, connection=PooledConnection{channel=[id: 0x6a7222f7, L:/127.0.0.1:65057 - R:localhost/127.0.0.1:8080]}}, [request_sent])
13:19:14.585 [qtp1209070290-131] DEBUG org.eclipse.jetty.util.thread.QueuedThreadPool - run org.eclipse.jetty.io.ManagedSelector$Accept@4c3a6255 in QueuedThreadPool[qtp1209070290]@4810f2d2{STARTED,8<=8<=14,i=1,r=1,q=0}[ReservedThreadExecutor@4f4ecc0{s=1/1,p=0}]
13:19:14.586 [qtp1209070290-131] DEBUG org.eclipse.jetty.io.IdleTimeout - NetworkTrafficSocketChannelEndPoint@9d9b1c9{/127.0.0.1:65057<->/127.0.0.1:8080,OPEN,fill=-,flush=-,to=0/30000}{io=0/0,kio=0,kro=0}-><null> idle timeout check, elapsed: 0 ms, remaining: 30000 ms
13:19:14.586 [qtp1209070290-131] DEBUG org.eclipse.jetty.server.HttpChannel - new HttpChannelOverHttp@7508e3a7{s=HttpChannelState@c4fb931{s=IDLE rs=BLOCKING os=OPEN is=IDLE awp=false se=false i=true al=0},r=0,c=false/false,a=IDLE,uri=null,age=0} -> NetworkTrafficSocketChannelEndPoint@9d9b1c9{/127.0.0.1:65057<->/127.0.0.1:8080,OPEN,fill=-,flush=-,to=0/30000}{io=0/0,kio=0,kro=0}-><null>,null,HttpChannelState@c4fb931{s=IDLE rs=BLOCKING os=OPEN is=IDLE awp=false se=false i=true al=0}
13:19:14.586 [qtp1209070290-131] DEBUG org.eclipse.jetty.server.HttpConnection - New HTTP Connection HttpConnection@25b88b26::NetworkTrafficSocketChannelEndPoint@9d9b1c9{/127.0.0.1:65057<->/127.0.0.1:8080,OPEN,fill=-,flush=-,to=0/30000}{io=0/0,kio=0,kro=0}-><null>
13:19:14.586 [qtp1209070290-131] DEBUG org.eclipse.jetty.io.AbstractEndPoint - onOpen NetworkTrafficSocketChannelEndPoint@9d9b1c9{/127.0.0.1:65057<->/127.0.0.1:8080,OPEN,fill=-,flush=-,to=0/30000}{io=0/0,kio=0,kro=0}->HttpConnection@25b88b26[p=HttpParser{s=START,0 of -1},g=HttpGenerator@61ab21a1{s=START}]=>HttpChannelOverHttp@7508e3a7{s=HttpChannelState@c4fb931{s=IDLE rs=BLOCKING os=OPEN is=IDLE awp=false se=false i=true al=0},r=0,c=false/false,a=IDLE,uri=null,age=0}
13:19:14.587 [qtp1209070290-131] DEBUG org.eclipse.jetty.io.AbstractConnection - onOpen HttpConnection@25b88b26::NetworkTrafficSocketChannelEndPoint@9d9b1c9{/127.0.0.1:65057<->/127.0.0.1:8080,OPEN,fill=-,flush=-,to=1/30000}{io=0/0,kio=0,kro=0}->HttpConnection@25b88b26[p=HttpParser{s=START,0 of -1},g=HttpGenerator@61ab21a1{s=START}]=>HttpChannelOverHttp@7508e3a7{s=HttpChannelState@c4fb931{s=IDLE rs=BLOCKING os=OPEN is=IDLE awp=false se=false i=true al=0},r=0,c=false/false,a=IDLE,uri=null,age=0}
13:19:14.587 [qtp1209070290-131] DEBUG org.eclipse.jetty.io.AbstractConnection - fillInterested HttpConnection@25b88b26::NetworkTrafficSocketChannelEndPoint@9d9b1c9{/127.0.0.1:65057<->/127.0.0.1:8080,OPEN,fill=-,flush=-,to=1/30000}{io=0/0,kio=0,kro=0}->HttpConnection@25b88b26[p=HttpParser{s=START,0 of -1},g=HttpGenerator@61ab21a1{s=START}]=>HttpChannelOverHttp@7508e3a7{s=HttpChannelState@c4fb931{s=IDLE rs=BLOCKING os=OPEN is=IDLE awp=false se=false i=true al=0},r=0,c=false/false,a=IDLE,uri=null,age=0}
13:19:14.587 [qtp1209070290-131] DEBUG org.eclipse.jetty.io.FillInterest - interested FillInterest@538ce3e8{AC.ReadCB@25b88b26{HttpConnection@25b88b26::NetworkTrafficSocketChannelEndPoint@9d9b1c9{/127.0.0.1:65057<->/127.0.0.1:8080,OPEN,fill=FI,flush=-,to=0/30000}{io=0/0,kio=0,kro=0}->HttpConnection@25b88b26[p=HttpParser{s=START,0 of -1},g=HttpGenerator@61ab21a1{s=START}]=>HttpChannelOverHttp@7508e3a7{s=HttpChannelState@c4fb931{s=IDLE rs=BLOCKING os=OPEN is=IDLE awp=false se=false i=true al=0},r=0,c=false/false,a=IDLE,uri=null,age=0}}}
13:19:14.587 [qtp1209070290-131] DEBUG org.eclipse.jetty.io.ChannelEndPoint - changeInterests p=false 0->1 for NetworkTrafficSocketChannelEndPoint@9d9b1c9{/127.0.0.1:65057<->/127.0.0.1:8080,OPEN,fill=FI,flush=-,to=0/30000}{io=0/1,kio=0,kro=0}->HttpConnection@25b88b26[p=HttpParser{s=START,0 of -1},g=HttpGenerator@61ab21a1{s=START}]=>HttpChannelOverHttp@7508e3a7{s=HttpChannelState@c4fb931{s=IDLE rs=BLOCKING os=OPEN is=IDLE awp=false se=false i=true al=0},r=0,c=false/false,a=IDLE,uri=null,age=0}
13:19:14.587 [qtp1209070290-131] DEBUG org.eclipse.jetty.io.ManagedSelector - Queued change org.eclipse.jetty.io.ChannelEndPoint$1@22fb5e99 on ManagedSelector@740a358e{STARTED} id=1 keys=2 selected=0 updates=0
13:19:14.587 [qtp1209070290-131] DEBUG org.eclipse.jetty.io.ManagedSelector - Wakeup on submit ManagedSelector@740a358e{STARTED} id=1 keys=2 selected=0 updates=1
13:19:14.587 [qtp1209070290-136] DEBUG org.eclipse.jetty.io.ManagedSelector - Selector sun.nio.ch.WindowsSelectorImpl@32adfd7e woken with none selected
13:19:14.587 [qtp1209070290-131] DEBUG org.eclipse.jetty.io.ManagedSelector - Created NetworkTrafficSocketChannelEndPoint@9d9b1c9{/127.0.0.1:65057<->/127.0.0.1:8080,OPEN,fill=FI,flush=-,to=0/30000}{io=0/1,kio=0,kro=0}->HttpConnection@25b88b26[p=HttpParser{s=START,0 of -1},g=HttpGenerator@61ab21a1{s=START}]=>HttpChannelOverHttp@7508e3a7{s=HttpChannelState@c4fb931{s=IDLE rs=BLOCKING os=OPEN is=IDLE awp=false se=false i=true al=0},r=0,c=false/false,a=IDLE,uri=null,age=0}
13:19:14.587 [qtp1209070290-136] DEBUG org.eclipse.jetty.io.ManagedSelector - Selector sun.nio.ch.WindowsSelectorImpl@32adfd7e woken up from select, 0/0/2 selected
13:19:14.587 [qtp1209070290-136] DEBUG org.eclipse.jetty.io.ManagedSelector - Selector sun.nio.ch.WindowsSelectorImpl@32adfd7e processing 0 keys, 1 updates
13:19:14.587 [qtp1209070290-131] DEBUG org.eclipse.jetty.util.thread.QueuedThreadPool - ran org.eclipse.jetty.io.ManagedSelector$Accept@4c3a6255 in QueuedThreadPool[qtp1209070290]@4810f2d2{STARTED,8<=8<=14,i=1,r=1,q=0}[ReservedThreadExecutor@4f4ecc0{s=1/1,p=0}]
13:19:14.587 [qtp1209070290-136] DEBUG org.eclipse.jetty.io.ManagedSelector - updateable 1
13:19:14.587 [qtp1209070290-136] DEBUG org.eclipse.jetty.io.ManagedSelector - update org.eclipse.jetty.io.ChannelEndPoint$1@22fb5e99
13:19:14.587 [qtp1209070290-136] DEBUG org.eclipse.jetty.io.ChannelEndPoint - Key interests updated 0 -> 1 on NetworkTrafficSocketChannelEndPoint@9d9b1c9{/127.0.0.1:65057<->/127.0.0.1:8080,OPEN,fill=FI,flush=-,to=0/30000}{io=1/1,kio=1,kro=0}->HttpConnection@25b88b26[p=HttpParser{s=START,0 of -1},g=HttpGenerator@61ab21a1{s=START}]=>HttpChannelOverHttp@7508e3a7{s=HttpChannelState@c4fb931{s=IDLE rs=BLOCKING os=OPEN is=IDLE awp=false se=false i=true al=0},r=0,c=false/false,a=IDLE,uri=null,age=0}
13:19:14.587 [qtp1209070290-136] DEBUG org.eclipse.jetty.io.ManagedSelector - updates 0
13:19:14.587 [qtp1209070290-136] DEBUG org.eclipse.jetty.io.ManagedSelector - Selector sun.nio.ch.WindowsSelectorImpl@32adfd7e waiting with 2 keys
13:19:14.587 [qtp1209070290-136] DEBUG org.eclipse.jetty.io.ManagedSelector - Selector sun.nio.ch.WindowsSelectorImpl@32adfd7e woken up from select, 1/1/2 selected
13:19:14.587 [qtp1209070290-136] DEBUG org.eclipse.jetty.io.ManagedSelector - Selector sun.nio.ch.WindowsSelectorImpl@32adfd7e processing 1 keys, 0 updates
13:19:14.587 [qtp1209070290-136] DEBUG org.eclipse.jetty.io.ManagedSelector - selected 1 channel=java.nio.channels.SocketChannel[connected local=/127.0.0.1:8080 remote=/127.0.0.1:65057], selector=sun.nio.ch.WindowsSelectorImpl@32adfd7e, interestOps=1, readyOps=1 NetworkTrafficSocketChannelEndPoint@9d9b1c9{/127.0.0.1:65057<->/127.0.0.1:8080,OPEN,fill=FI,flush=-,to=0/30000}{io=1/1,kio=1,kro=1}->HttpConnection@25b88b26[p=HttpParser{s=START,0 of -1},g=HttpGenerator@61ab21a1{s=START}]=>HttpChannelOverHttp@7508e3a7{s=HttpChannelState@c4fb931{s=IDLE rs=BLOCKING os=OPEN is=IDLE awp=false se=false i=true al=0},r=0,c=false/false,a=IDLE,uri=null,age=0} 
13:19:14.588 [qtp1209070290-136] DEBUG org.eclipse.jetty.io.ChannelEndPoint - onSelected 1->0 r=true w=false for NetworkTrafficSocketChannelEndPoint@9d9b1c9{/127.0.0.1:65057<->/127.0.0.1:8080,OPEN,fill=FI,flush=-,to=0/30000}{io=1/0,kio=1,kro=1}->HttpConnection@25b88b26[p=HttpParser{s=START,0 of -1},g=HttpGenerator@61ab21a1{s=START}]=>HttpChannelOverHttp@7508e3a7{s=HttpChannelState@c4fb931{s=IDLE rs=BLOCKING os=OPEN is=IDLE awp=false se=false i=true al=0},r=0,c=false/false,a=IDLE,uri=null,age=0}
13:19:14.588 [qtp1209070290-136] DEBUG org.eclipse.jetty.io.ChannelEndPoint - task CEP:NetworkTrafficSocketChannelEndPoint@9d9b1c9{/127.0.0.1:65057<->/127.0.0.1:8080,OPEN,fill=FI,flush=-,to=0/30000}{io=1/0,kio=1,kro=1}->HttpConnection@25b88b26[p=HttpParser{s=START,0 of -1},g=HttpGenerator@61ab21a1{s=START}]=>HttpChannelOverHttp@7508e3a7{s=HttpChannelState@c4fb931{s=IDLE rs=BLOCKING os=OPEN is=IDLE awp=false se=false i=true al=0},r=0,c=false/false,a=IDLE,uri=null,age=0}:runFillable:BLOCKING
13:19:14.588 [qtp1209070290-136] DEBUG org.eclipse.jetty.util.thread.ReservedThreadExecutor - ReservedThreadExecutor@4f4ecc0{s=1/1,p=0} tryExecute EatWhatYouKill@ca22542/SelectorProducer@51d26865/PRODUCING/p=false/QueuedThreadPool[qtp1209070290]@4810f2d2{STARTED,8<=8<=14,i=2,r=1,q=0}[ReservedThreadExecutor@4f4ecc0{s=1/1,p=0}][pc=0,pic=0,pec=1,epc=1]@2020-09-25T13:19:14.5882384+02:00
13:19:14.588 [qtp1209070290-136] DEBUG org.eclipse.jetty.util.thread.ReservedThreadExecutor - ReservedThreadExecutor@4f4ecc0{s=0/1,p=0}@72f2ef77 offer EatWhatYouKill@ca22542/SelectorProducer@51d26865/PRODUCING/p=false/QueuedThreadPool[qtp1209070290]@4810f2d2{STARTED,8<=8<=14,i=2,r=1,q=0}[ReservedThreadExecutor@4f4ecc0{s=0/1,p=0}][pc=0,pic=0,pec=1,epc=1]@2020-09-25T13:19:14.5882384+02:00
13:19:14.588 [qtp1209070290-136] DEBUG org.eclipse.jetty.util.thread.ReservedThreadExecutor - ReservedThreadExecutor@4f4ecc0{s=0/1,p=1} startReservedThread p=1
13:19:14.588 [qtp1209070290-136] DEBUG org.eclipse.jetty.util.thread.QueuedThreadPool - queue ReservedThreadExecutor@4f4ecc0{s=0/1,p=1}@2e92959d startThread=0
13:19:14.588 [qtp1209070290-136] DEBUG org.eclipse.jetty.util.thread.strategy.EatWhatYouKill - EatWhatYouKill@ca22542/SelectorProducer@51d26865/IDLE/p=true/QueuedThreadPool[qtp1209070290]@4810f2d2{STARTED,8<=8<=14,i=1,r=1,q=0}[ReservedThreadExecutor@4f4ecc0{s=0/1,p=1}][pc=0,pic=0,pec=1,epc=1]@2020-09-25T13:19:14.5882384+02:00 m=EXECUTE_PRODUCE_CONSUME t=CEP:NetworkTrafficSocketChannelEndPoint@9d9b1c9{/127.0.0.1:65057<->/127.0.0.1:8080,OPEN,fill=FI,flush=-,to=1/30000}{io=1/0,kio=1,kro=1}->HttpConnection@25b88b26[p=HttpParser{s=START,0 of -1},g=HttpGenerator@61ab21a1{s=START}]=>HttpChannelOverHttp@7508e3a7{s=HttpChannelState@c4fb931{s=IDLE rs=BLOCKING os=OPEN is=IDLE awp=false se=false i=true al=0},r=0,c=false/false,a=IDLE,uri=null,age=0}:runFillable:BLOCKING/BLOCKING
13:19:14.588 [qtp1209070290-136] DEBUG org.eclipse.jetty.io.FillInterest - fillable FillInterest@538ce3e8{AC.ReadCB@25b88b26{HttpConnection@25b88b26::NetworkTrafficSocketChannelEndPoint@9d9b1c9{/127.0.0.1:65057<->/127.0.0.1:8080,OPEN,fill=FI,flush=-,to=1/30000}{io=1/0,kio=1,kro=1}->HttpConnection@25b88b26[p=HttpParser{s=START,0 of -1},g=HttpGenerator@61ab21a1{s=START}]=>HttpChannelOverHttp@7508e3a7{s=HttpChannelState@c4fb931{s=IDLE rs=BLOCKING os=OPEN is=IDLE awp=false se=false i=true al=0},r=0,c=false/false,a=IDLE,uri=null,age=0}}}
13:19:14.589 [qtp1209070290-136] DEBUG org.eclipse.jetty.server.HttpConnection - HttpConnection@25b88b26::NetworkTrafficSocketChannelEndPoint@9d9b1c9{/127.0.0.1:65057<->/127.0.0.1:8080,OPEN,fill=-,flush=-,to=1/30000}{io=1/0,kio=1,kro=1}->HttpConnection@25b88b26[p=HttpParser{s=START,0 of -1},g=HttpGenerator@61ab21a1{s=START}]=>HttpChannelOverHttp@7508e3a7{s=HttpChannelState@c4fb931{s=IDLE rs=BLOCKING os=OPEN is=IDLE awp=false se=false i=true al=0},r=0,c=false/false,a=IDLE,uri=null,age=0} onFillable enter HttpChannelState@c4fb931{s=IDLE rs=BLOCKING os=OPEN is=IDLE awp=false se=false i=true al=0} null
13:19:14.589 [qtp1209070290-136] DEBUG org.eclipse.jetty.io.ChannelEndPoint - filled 356 HeapByteBuffer@7b29b23d[p=0,l=356,c=8192,r=356]={<<<POST /api/v0/components/p...ev-build","answers":{}}>>>response"...\x00\x00\x00\x00\x00\x00\x00}
13:19:14.589 [qtp1209070290-136] DEBUG org.eclipse.jetty.server.HttpConnection - HttpConnection@25b88b26::NetworkTrafficSocketChannelEndPoint@9d9b1c9{/127.0.0.1:65057<->/127.0.0.1:8080,OPEN,fill=-,flush=-,to=0/30000}{io=1/0,kio=1,kro=1}->HttpConnection@25b88b26[p=HttpParser{s=START,0 of -1},g=HttpGenerator@61ab21a1{s=START}]=>HttpChannelOverHttp@7508e3a7{s=HttpChannelState@c4fb931{s=IDLE rs=BLOCKING os=OPEN is=IDLE awp=false se=false i=true al=0},r=0,c=false/false,a=IDLE,uri=null,age=0} filled 356 HeapByteBuffer@7b29b23d[p=0,l=356,c=8192,r=356]={<<<POST /api/v0/components/p...ev-build","answers":{}}>>>response"...\x00\x00\x00\x00\x00\x00\x00}
13:19:14.589 [qtp1209070290-136] DEBUG org.eclipse.jetty.server.HttpConnection - HttpConnection@25b88b26::NetworkTrafficSocketChannelEndPoint@9d9b1c9{/127.0.0.1:65057<->/127.0.0.1:8080,OPEN,fill=-,flush=-,to=0/30000}{io=1/0,kio=1,kro=1}->HttpConnection@25b88b26[p=HttpParser{s=START,0 of -1},g=HttpGenerator@61ab21a1{s=START}]=>HttpChannelOverHttp@7508e3a7{s=HttpChannelState@c4fb931{s=IDLE rs=BLOCKING os=OPEN is=IDLE awp=false se=false i=true al=0},r=0,c=false/false,a=IDLE,uri=null,age=0} parse HeapByteBuffer@7b29b23d[p=0,l=356,c=8192,r=356]={<<<POST /api/v0/components/p...ev-build","answers":{}}>>>response"...\x00\x00\x00\x00\x00\x00\x00} {}
13:19:14.589 [qtp1209070290-136] DEBUG org.eclipse.jetty.http.HttpParser - parseNext s=START HeapByteBuffer@7b29b23d[p=0,l=356,c=8192,r=356]={<<<POST /api/v0/components/p...ev-build","answers":{}}>>>response"...\x00\x00\x00\x00\x00\x00\x00}
13:19:14.589 [qtp1209070290-136] DEBUG org.eclipse.jetty.http.HttpParser - START --> SPACE1
13:19:14.589 [qtp1209070290-136] DEBUG org.eclipse.jetty.http.HttpParser - SPACE1 --> URI
13:19:14.589 [qtp1209070290-136] DEBUG org.eclipse.jetty.http.HttpParser - URI --> SPACE2
13:19:14.589 [qtp1209070290-136] DEBUG org.eclipse.jetty.http.HttpParser - SPACE2 --> REQUEST_VERSION
13:19:14.589 [qtp1209070290-136] DEBUG org.eclipse.jetty.http.HttpParser - REQUEST_VERSION --> HEADER
13:19:14.589 [qtp1209070290-136] DEBUG org.eclipse.jetty.http.HttpParser - HEADER:User-Agent --> VALUE
13:19:14.589 [qtp1209070290-136] DEBUG org.eclipse.jetty.http.HttpParser - HEADER:User-Agent --> IN_VALUE
13:19:14.589 [qtp1209070290-136] DEBUG org.eclipse.jetty.http.HttpParser - HEADER:User-Agent --> FIELD
13:19:14.589 [qtp1209070290-136] DEBUG org.eclipse.jetty.http.HttpParser - HEADER:Host --> VALUE
13:19:14.589 [qtp1209070290-136] DEBUG org.eclipse.jetty.http.HttpParser - HEADER:Host --> IN_VALUE
13:19:14.589 [qtp1209070290-136] DEBUG org.eclipse.jetty.http.HttpParser - HEADER:Host --> FIELD
13:19:14.589 [qtp1209070290-136] DEBUG org.eclipse.jetty.http.HttpParser - HEADER:Accept: */* --> IN_VALUE
13:19:14.589 [qtp1209070290-136] DEBUG org.eclipse.jetty.http.HttpParser - HEADER:Accept: */* --> FIELD
13:19:14.589 [qtp1209070290-136] DEBUG org.eclipse.jetty.http.HttpParser - HEADER:Content-Type: application/json --> IN_VALUE
13:19:14.589 [qtp1209070290-136] DEBUG org.eclipse.jetty.http.HttpParser - HEADER:Content-Type: application/json --> FIELD
13:19:14.589 [qtp1209070290-136] DEBUG org.eclipse.jetty.http.HttpParser - HEADER:Authorization --> VALUE
13:19:14.589 [qtp1209070290-136] DEBUG org.eclipse.jetty.http.HttpParser - HEADER:Authorization --> IN_VALUE
13:19:14.589 [qtp1209070290-136] DEBUG org.eclipse.jetty.http.HttpParser - HEADER:Authorization --> FIELD
13:19:14.589 [qtp1209070290-136] DEBUG org.eclipse.jetty.http.HttpParser - HEADER:Content-Length --> VALUE
13:19:14.589 [qtp1209070290-136] DEBUG org.eclipse.jetty.http.HttpParser - HEADER:Content-Length --> IN_VALUE
13:19:14.589 [qtp1209070290-136] DEBUG org.eclipse.jetty.http.HttpParser - HEADER:Content-Length --> FIELD
13:19:14.589 [qtp1209070290-136] DEBUG org.eclipse.jetty.http.HttpParser - HEADER --> CONTENT
13:19:14.590 [qtp1209070290-136] DEBUG org.eclipse.jetty.server.HttpChannel - REQUEST for //localhost:8080/api/v0/components/provision-adapters/jobs on HttpChannelOverHttp@7508e3a7{s=HttpChannelState@c4fb931{s=IDLE rs=BLOCKING os=OPEN is=IDLE awp=false se=false i=true al=0},r=1,c=false/false,a=IDLE,uri=//localhost:8080/api/v0/components/provision-adapters/jobs,age=0}
POST //localhost:8080/api/v0/components/provision-adapters/jobs HTTP/1.1
User-Agent: ReactorNetty/0.9.7.RELEASE
Host: localhost:8080
Accept: */*
Content-Type: application/json
Authorization: Bearer
Content-Length: 144


13:19:14.590 [qtp1209070290-136] DEBUG org.eclipse.jetty.server.HttpConnection - HttpConnection@25b88b26::NetworkTrafficSocketChannelEndPoint@9d9b1c9{/127.0.0.1:65057<->/127.0.0.1:8080,OPEN,fill=-,flush=-,to=0/30000}{io=1/0,kio=1,kro=1}->HttpConnection@25b88b26[p=HttpParser{s=CONTENT,0 of 144},g=HttpGenerator@61ab21a1{s=START}]=>HttpChannelOverHttp@7508e3a7{s=HttpChannelState@c4fb931{s=IDLE rs=BLOCKING os=OPEN is=IDLE awp=false se=false i=true al=0},r=1,c=false/false,a=IDLE,uri=//localhost:8080/api/v0/components/provision-adapters/jobs,age=1} parsed true HttpParser{s=CONTENT,0 of 144}
13:19:14.590 [qtp1209070290-136] DEBUG org.eclipse.jetty.server.HttpChannel - handle //localhost:8080/api/v0/components/provision-adapters/jobs HttpChannelOverHttp@7508e3a7{s=HttpChannelState@c4fb931{s=IDLE rs=BLOCKING os=OPEN is=IDLE awp=false se=false i=true al=0},r=1,c=false/false,a=IDLE,uri=//localhost:8080/api/v0/components/provision-adapters/jobs,age=1} 
13:19:14.590 [qtp1209070290-136] DEBUG org.eclipse.jetty.server.HttpChannelState - handling HttpChannelState@c4fb931{s=IDLE rs=BLOCKING os=OPEN is=IDLE awp=false se=false i=true al=0}
13:19:14.590 [qtp1209070290-136] DEBUG org.eclipse.jetty.server.HttpChannel - action DISPATCH HttpChannelOverHttp@7508e3a7{s=HttpChannelState@c4fb931{s=HANDLING rs=BLOCKING os=OPEN is=IDLE awp=false se=false i=true al=0},r=1,c=false/false,a=HANDLING,uri=//localhost:8080/api/v0/components/provision-adapters/jobs,age=1}
13:19:14.590 [qtp1209070290-136] DEBUG org.eclipse.jetty.server.Server - REQUEST POST /api/v0/components/provision-adapters/jobs on HttpChannelOverHttp@7508e3a7{s=HttpChannelState@c4fb931{s=HANDLING rs=BLOCKING os=OPEN is=IDLE awp=false se=false i=true al=0},r=1,c=false/false,a=HANDLING,uri=//localhost:8080/api/v0/components/provision-adapters/jobs,age=1}
13:19:14.590 [qtp1209070290-136] DEBUG org.eclipse.jetty.server.handler.ContextHandler - scope null||/api/v0/components/provision-adapters/jobs @ o.e.j.s.ServletContextHandler@a15c548{/__admin,null,AVAILABLE}
13:19:14.590 [qtp1209070290-136] DEBUG org.eclipse.jetty.server.handler.gzip.GzipHandler - GzipHandler@36425b18{STARTED,min=32,inflate=-1} handle Request(POST //localhost:8080/api/v0/components/provision-adapters/jobs)@3aa0e9bc in null
13:19:14.590 [qtp1209070290-136] DEBUG org.eclipse.jetty.server.handler.ContextHandler - scope null||/api/v0/components/provision-adapters/jobs @ o.e.j.s.ServletContextHandler@56621157{/,null,AVAILABLE}
13:19:14.590 [qtp1209070290-136] DEBUG org.eclipse.jetty.server.handler.ContextHandler - context=||/api/v0/components/provision-adapters/jobs @ o.e.j.s.ServletContextHandler@56621157{/,null,AVAILABLE}
13:19:14.590 [qtp1209070290-136] DEBUG org.eclipse.jetty.servlet.ServletHandler - servlet |/api/v0/components/provision-adapters/jobs|null -> com.github.tomakehurst.wiremock.servlet.WireMockHandlerDispatchingServlet-4463405f@95f7dad8==com.github.tomakehurst.wiremock.servlet.WireMockHandlerDispatchingServlet,jsp=null,order=-1,inst=true,async=true
13:19:14.590 [qtp1209070290-136] DEBUG org.eclipse.jetty.servlet.ServletHandler - chain=org.eclipse.jetty.servlets.CrossOriginFilter-262ea69@262ea69==org.eclipse.jetty.servlets.CrossOriginFilter,inst=true,async=true->com.github.tomakehurst.wiremock.servlet.WireMockHandlerDispatchingServlet-4463405f@95f7dad8==com.github.tomakehurst.wiremock.servlet.WireMockHandlerDispatchingServlet,jsp=null,order=-1,inst=true,async=true
13:19:14.590 [qtp1209070290-136] DEBUG org.eclipse.jetty.servlet.ServletHandler - call filter org.eclipse.jetty.servlets.CrossOriginFilter-262ea69@262ea69==org.eclipse.jetty.servlets.CrossOriginFilter,inst=true,async=true
13:19:14.590 [qtp1209070290-136] DEBUG org.eclipse.jetty.servlet.ServletHandler - call servlet com.github.tomakehurst.wiremock.servlet.WireMockHandlerDispatchingServlet-4463405f@95f7dad8==com.github.tomakehurst.wiremock.servlet.WireMockHandlerDispatchingServlet,jsp=null,order=-1,inst=true,async=true
13:19:14.591 [qtp1209070290-136] DEBUG org.eclipse.jetty.server.HttpConnection - HttpConnection@25b88b26::NetworkTrafficSocketChannelEndPoint@9d9b1c9{/127.0.0.1:65057<->/127.0.0.1:8080,OPEN,fill=-,flush=-,to=2/30000}{io=1/0,kio=1,kro=1}->HttpConnection@25b88b26[p=HttpParser{s=CONTENT,0 of 144},g=HttpGenerator@61ab21a1{s=START}]=>HttpChannelOverHttp@7508e3a7{s=HttpChannelState@c4fb931{s=HANDLING rs=BLOCKING os=OPEN is=IDLE awp=false se=false i=true al=0},r=1,c=false/false,a=HANDLING,uri=//localhost:8080/api/v0/components/provision-adapters/jobs,age=2} parse HeapByteBuffer@7b29b23d[p=212,l=356,c=8192,r=144]={POST /api...144\r\n\r\n<<<{"id":"0d60571b-63fa-4e26...ev-build","answers":{}}>>>response"...\x00\x00\x00\x00\x00\x00\x00} {}
13:19:14.591 [qtp1209070290-136] DEBUG org.eclipse.jetty.http.HttpParser - parseNext s=CONTENT HeapByteBuffer@7b29b23d[p=212,l=356,c=8192,r=144]={POST /api...144\r\n\r\n<<<{"id":"0d60571b-63fa-4e26...ev-build","answers":{}}>>>response"...\x00\x00\x00\x00\x00\x00\x00}
13:19:14.591 [qtp1209070290-136] DEBUG org.eclipse.jetty.server.HttpChannel - onContent HttpChannelOverHttp@7508e3a7{s=HttpChannelState@c4fb931{s=HANDLING rs=BLOCKING os=OPEN is=IDLE awp=false se=false i=true al=0},r=1,c=false/false,a=HANDLING,uri=//localhost:8080/api/v0/components/provision-adapters/jobs,age=2} Content@29fa6fc7{HeapByteBufferR@4eb0332d[p=212,l=356,c=8192,r=144]={POST /api...144\r\n\r\n<<<{"id":"0d60571b-63fa-4e26...ev-build","answers":{}}>>>response"...\x00\x00\x00\x00\x00\x00\x00}}
13:19:14.591 [qtp1209070290-136] DEBUG org.eclipse.jetty.server.HttpInput - HttpInputOverHTTP@74b4691b[c=0,q=0,[0]=null,s=STREAM] addContent Content@29fa6fc7{HeapByteBufferR@4eb0332d[p=212,l=356,c=8192,r=144]={POST /api...144\r\n\r\n<<<{"id":"0d60571b-63fa-4e26...ev-build","answers":{}}>>>response"...\x00\x00\x00\x00\x00\x00\x00}}
13:19:14.591 [qtp1209070290-136] DEBUG org.eclipse.jetty.http.HttpParser - CONTENT --> CONTENT_END
13:19:14.591 [qtp1209070290-136] DEBUG org.eclipse.jetty.server.HttpChannel - onContentComplete HttpChannelOverHttp@7508e3a7{s=HttpChannelState@c4fb931{s=HANDLING rs=BLOCKING os=OPEN is=IDLE awp=false se=false i=true al=0},r=1,c=false/false,a=HANDLING,uri=//localhost:8080/api/v0/components/provision-adapters/jobs,age=2}
13:19:14.591 [qtp1209070290-136] DEBUG org.eclipse.jetty.http.HttpParser - CONTENT_END --> END
13:19:14.591 [qtp1209070290-136] DEBUG org.eclipse.jetty.server.HttpChannel - onRequestComplete HttpChannelOverHttp@7508e3a7{s=HttpChannelState@c4fb931{s=HANDLING rs=BLOCKING os=OPEN is=IDLE awp=false se=false i=true al=0},r=1,c=false/false,a=HANDLING,uri=//localhost:8080/api/v0/components/provision-adapters/jobs,age=2}
13:19:14.591 [qtp1209070290-136] DEBUG org.eclipse.jetty.server.HttpInput - HttpInputOverHTTP@74b4691b[c=0,q=1,[0]=EOF,s=STREAM] addContent EOF
13:19:14.592 [qtp1209070290-136] DEBUG org.eclipse.jetty.server.HttpConnection - HttpConnection@25b88b26::NetworkTrafficSocketChannelEndPoint@9d9b1c9{/127.0.0.1:65057<->/127.0.0.1:8080,OPEN,fill=-,flush=-,to=2/30000}{io=1/0,kio=1,kro=1}->HttpConnection@25b88b26[p=HttpParser{s=END,144 of 144},g=HttpGenerator@61ab21a1{s=START}]=>HttpChannelOverHttp@7508e3a7{s=HttpChannelState@c4fb931{s=HANDLING rs=BLOCKING os=OPEN is=IDLE awp=false se=false i=true al=0},r=1,c=false/false,a=HANDLING,uri=//localhost:8080/api/v0/components/provision-adapters/jobs,age=3} parsed false HttpParser{s=END,144 of 144}
13:19:14.592 [qtp1209070290-136] DEBUG org.eclipse.jetty.server.HttpInput - HttpInputOverHTTP@74b4691b[c=144,q=1,[0]=EOF,s=STREAM] read 144 from Content@29fa6fc7{HeapByteBufferR@4eb0332d[p=356,l=356,c=8192,r=0]={POST /api...rs":{}}<<<>>>response"...\x00\x00\x00\x00\x00\x00\x00}}
13:19:14.592 [qtp1209070290-136] DEBUG org.eclipse.jetty.server.HttpConnection - releaseRequestBuffer HttpConnection@25b88b26::NetworkTrafficSocketChannelEndPoint@9d9b1c9{/127.0.0.1:65057<->/127.0.0.1:8080,OPEN,fill=-,flush=-,to=3/30000}{io=1/0,kio=1,kro=1}->HttpConnection@25b88b26[p=HttpParser{s=END,144 of 144},g=HttpGenerator@61ab21a1{s=START}]=>HttpChannelOverHttp@7508e3a7{s=HttpChannelState@c4fb931{s=HANDLING rs=BLOCKING os=OPEN is=IDLE awp=false se=false i=true al=0},r=1,c=false/false,a=HANDLING,uri=//localhost:8080/api/v0/components/provision-adapters/jobs,age=3}
13:19:14.592 [qtp1209070290-136] DEBUG org.eclipse.jetty.server.HttpChannelState - onEof HttpChannelState@c4fb931{s=HANDLING rs=BLOCKING os=OPEN is=IDLE awp=false se=false i=true al=0}
13:19:14.596 [qtp1209070290-130] DEBUG org.eclipse.jetty.util.thread.ReservedThreadExecutor - ReservedThreadExecutor@4f4ecc0{s=0/1,p=1}@72f2ef77 task=EatWhatYouKill@ca22542/SelectorProducer@51d26865/IDLE/p=true/QueuedThreadPool[qtp1209070290]@4810f2d2{STARTED,8<=8<=14,i=1,r=1,q=0}[ReservedThreadExecutor@4f4ecc0{s=0/1,p=1}][pc=0,pic=0,pec=1,epc=2]@2020-09-25T13:19:14.5962243+02:00
13:19:14.596 [qtp1209070290-130] DEBUG org.eclipse.jetty.util.thread.strategy.EatWhatYouKill - EatWhatYouKill@ca22542/SelectorProducer@51d26865/IDLE/p=true/QueuedThreadPool[qtp1209070290]@4810f2d2{STARTED,8<=8<=14,i=1,r=1,q=0}[ReservedThreadExecutor@4f4ecc0{s=0/1,p=1}][pc=0,pic=0,pec=1,epc=2]@2020-09-25T13:19:14.5962243+02:00 tryProduce true
13:19:14.596 [qtp1209070290-130] DEBUG org.eclipse.jetty.io.ManagedSelector - updateable 0
13:19:14.596 [qtp1209070290-130] DEBUG org.eclipse.jetty.io.ManagedSelector - updates 0
13:19:14.596 [qtp1209070290-130] DEBUG org.eclipse.jetty.io.ChannelEndPoint - Key interests updated 1 -> 0 on NetworkTrafficSocketChannelEndPoint@9d9b1c9{/127.0.0.1:65057<->/127.0.0.1:8080,OPEN,fill=-,flush=-,to=7/30000}{io=0/0,kio=0,kro=1}->HttpConnection@25b88b26[p=HttpParser{s=END,144 of 144},g=HttpGenerator@61ab21a1{s=START}]=>HttpChannelOverHttp@7508e3a7{s=HttpChannelState@c4fb931{s=HANDLING rs=BLOCKING os=OPEN is=READY awp=false se=false i=true al=0},r=1,c=false/false,a=HANDLING,uri=//localhost:8080/api/v0/components/provision-adapters/jobs,age=7}
13:19:14.596 [qtp1209070290-130] DEBUG org.eclipse.jetty.io.ManagedSelector - Selector sun.nio.ch.WindowsSelectorImpl@32adfd7e waiting with 2 keys
13:19:14.596 [qtp1209070290-135] DEBUG org.eclipse.jetty.util.thread.QueuedThreadPool - run ReservedThreadExecutor@4f4ecc0{s=0/1,p=1}@2e92959d in QueuedThreadPool[qtp1209070290]@4810f2d2{STARTED,8<=8<=14,i=1,r=1,q=0}[ReservedThreadExecutor@4f4ecc0{s=0/1,p=1}]
13:19:14.596 [qtp1209070290-135] DEBUG org.eclipse.jetty.util.thread.ReservedThreadExecutor - ReservedThreadExecutor@4f4ecc0{s=1/1,p=1}@2e92959d started
13:19:14.596 [qtp1209070290-135] DEBUG org.eclipse.jetty.util.thread.ReservedThreadExecutor - ReservedThreadExecutor@4f4ecc0{s=1/1,p=0}@2e92959d waiting
13:19:16.580 [reactor-http-nio-4] WARN reactor.netty.http.client.HttpClientConnect - [id: 0x6a7222f7, L:/127.0.0.1:65057 - R:localhost/127.0.0.1:8080] The connection observed an error
io.netty.handler.timeout.ReadTimeoutException: null
13:19:16.581 [reactor-http-nio-4] DEBUG org.springframework.web.reactive.function.client.ExchangeFunctions - [d6edac0] Cancel signal (to close connection)
13:19:16.582 [Test worker] DEBUG org.eclipse.jetty.util.component.AbstractLifeCycle - stopping Server@5cad5bc8{STARTED}[9.4.28.v20200408]
13:19:16.582 [Test worker] DEBUG org.eclipse.jetty.server.Server - doStop Server@5cad5bc8{STOPPING}[9.4.28.v20200408]
13:19:16.582 [reactor-http-nio-4] DEBUG reactor.netty.resources.PooledConnectionProvider - [id: 0x6a7222f7, L:/127.0.0.1:65057 ! R:localhost/127.0.0.1:8080] Channel closed, now 0 active connections and 0 inactive connections
13:19:16.582 [reactor-http-nio-4] DEBUG reactor.netty.ReactorNetty - [id: 0x6a7222f7, L:/127.0.0.1:65057 ! R:localhost/127.0.0.1:8080] Non Removed handler: ReadTimeoutHandler, context: ChannelHandlerContext(ReadTimeoutHandler, [id: 0x6a7222f7, L:/127.0.0.1:65057 ! R:localhost/127.0.0.1:8080]), pipeline: DefaultChannelPipeline{(reactor.left.httpCodec = io.netty.handler.codec.http.HttpClientCodec), (ReadTimeoutHandler = io.netty.handler.timeout.ReadTimeoutHandler), (WriteTimeoutHandler = io.netty.handler.timeout.WriteTimeoutHandler), (reactor.right.reactiveBridge = reactor.netty.channel.ChannelOperationsHandler)}
13:19:16.582 [reactor-http-nio-4] DEBUG reactor.netty.ReactorNetty - [id: 0x6a7222f7, L:/127.0.0.1:65057 ! R:localhost/127.0.0.1:8080] Non Removed handler: WriteTimeoutHandler, context: ChannelHandlerContext(WriteTimeoutHandler, [id: 0x6a7222f7, L:/127.0.0.1:65057 ! R:localhost/127.0.0.1:8080]), pipeline: DefaultChannelPipeline{(reactor.left.httpCodec = io.netty.handler.codec.http.HttpClientCodec), (ReadTimeoutHandler = io.netty.handler.timeout.ReadTimeoutHandler), (WriteTimeoutHandler = io.netty.handler.timeout.WriteTimeoutHandler), (reactor.right.reactiveBridge = reactor.netty.channel.ChannelOperationsHandler)}
13:19:16.583 [reactor-http-nio-4] DEBUG reactor.netty.resources.PooledConnectionProvider - [id: 0x6a7222f7, L:/127.0.0.1:65057 ! R:localhost/127.0.0.1:8080] onStateChange(POST{uri=/api/v0/components/provision-adapters/jobs, connection=PooledConnection{channel=[id: 0x6a7222f7, L:/127.0.0.1:65057 ! R:localhost/127.0.0.1:8080]}}, [disconnecting])
13:19:16.583 [Test worker] DEBUG org.eclipse.jetty.util.component.AbstractLifeCycle - stopping NetworkTrafficServerConnector@6c15ea0b{HTTP/1.1, (http/1.1)}{0.0.0.0:8080}
13:19:16.583 [Test worker] DEBUG org.eclipse.jetty.util.component.AbstractLifeCycle - stopping SelectorManager@NetworkTrafficServerConnector@6c15ea0b{HTTP/1.1, (http/1.1)}{0.0.0.0:8080}
13:19:16.583 [Test worker] DEBUG org.eclipse.jetty.util.component.AbstractLifeCycle - stopping ManagedSelector@740a358e{STARTED} id=1 keys=2 selected=0 updates=0
13:19:16.583 [Test worker] DEBUG org.eclipse.jetty.io.ManagedSelector - Queued change org.eclipse.jetty.io.ManagedSelector$CloseConnections@2b8a8a62 on ManagedSelector@740a358e{STOPPING} id=1 keys=2 selected=0 updates=0
13:19:16.583 [Test worker] DEBUG org.eclipse.jetty.io.ManagedSelector - Wakeup on submit ManagedSelector@740a358e{STOPPING} id=1 keys=2 selected=0 updates=1
13:19:16.583 [qtp1209070290-130] DEBUG org.eclipse.jetty.io.ManagedSelector - Selector sun.nio.ch.WindowsSelectorImpl@32adfd7e woken with none selected
13:19:16.583 [qtp1209070290-130] DEBUG org.eclipse.jetty.io.ManagedSelector - Selector sun.nio.ch.WindowsSelectorImpl@32adfd7e woken up from select, 0/0/2 selected
13:19:16.583 [qtp1209070290-130] DEBUG org.eclipse.jetty.io.ManagedSelector - Selector sun.nio.ch.WindowsSelectorImpl@32adfd7e processing 0 keys, 1 updates
13:19:16.583 [qtp1209070290-130] DEBUG org.eclipse.jetty.io.ManagedSelector - updateable 1
13:19:16.583 [qtp1209070290-130] DEBUG org.eclipse.jetty.io.ManagedSelector - update org.eclipse.jetty.io.ManagedSelector$CloseConnections@2b8a8a62
13:19:16.583 [qtp1209070290-130] DEBUG org.eclipse.jetty.io.ManagedSelector - Closing 2 connections on ManagedSelector@740a358e{STOPPING} id=1 keys=2 selected=0 updates=0
13:19:16.583 [qtp1209070290-130] DEBUG org.eclipse.jetty.io.AbstractEndPoint - close NetworkTrafficSocketChannelEndPoint@24725b44{/127.0.0.1:65052<->/127.0.0.1:8080,OPEN,fill=FI,flush=-,to=9028/30000}{io=1/1,kio=1,kro=1}->HttpConnection@5d9665cf[p=HttpParser{s=START,0 of -1},g=HttpGenerator@5a29a7b6{s=START}]=>HttpChannelOverHttp@2e8a3034{s=HttpChannelState@6b88ab81{s=IDLE rs=BLOCKING os=OPEN is=IDLE awp=false se=false i=true al=0},r=1,c=false/false,a=IDLE,uri=null,age=0}
13:19:16.583 [qtp1209070290-130] DEBUG org.eclipse.jetty.io.AbstractEndPoint - close(null) NetworkTrafficSocketChannelEndPoint@24725b44{/127.0.0.1:65052<->/127.0.0.1:8080,OPEN,fill=FI,flush=-,to=9028/30000}{io=1/1,kio=1,kro=1}->HttpConnection@5d9665cf[p=HttpParser{s=START,0 of -1},g=HttpGenerator@5a29a7b6{s=START}]=>HttpChannelOverHttp@2e8a3034{s=HttpChannelState@6b88ab81{s=IDLE rs=BLOCKING os=OPEN is=IDLE awp=false se=false i=true al=0},r=1,c=false/false,a=IDLE,uri=null,age=0}
13:19:16.583 [qtp1209070290-133] DEBUG org.eclipse.jetty.util.thread.QueuedThreadPool - ran qtp1209070290-133-acceptor-1@40c8c7c9-NetworkTrafficServerConnector@6c15ea0b{HTTP/1.1, (http/1.1)}{0.0.0.0:8080} in QueuedThreadPool[qtp1209070290]@4810f2d2{STARTED,8<=8<=14,i=1,r=1,q=0}[ReservedThreadExecutor@4f4ecc0{s=1/1,p=0}]
13:19:16.584 [qtp1209070290-130] DEBUG org.eclipse.jetty.io.ChannelEndPoint - doClose NetworkTrafficSocketChannelEndPoint@24725b44{/127.0.0.1:65052<->/127.0.0.1:8080,CLOSED,fill=FI,flush=-,to=9028/30000}{io=1/1,kio=1,kro=1}->HttpConnection@5d9665cf[p=HttpParser{s=START,0 of -1},g=HttpGenerator@5a29a7b6{s=START}]=>HttpChannelOverHttp@2e8a3034{s=HttpChannelState@6b88ab81{s=IDLE rs=BLOCKING os=OPEN is=IDLE awp=false se=false i=true al=0},r=1,c=false/false,a=IDLE,uri=null,age=0}
13:19:16.584 [qtp1209070290-130] DEBUG org.eclipse.jetty.io.FillInterest - onClose FillInterest@25dd3757{AC.ReadCB@5d9665cf{HttpConnection@5d9665cf::NetworkTrafficSocketChannelEndPoint@24725b44{/127.0.0.1:65052<->/127.0.0.1:8080,CLOSED,fill=FI,flush=-,to=9029/30000}{io=1/1,kio=-1,kro=-1}->HttpConnection@5d9665cf[p=HttpParser{s=START,0 of -1},g=HttpGenerator@5a29a7b6{s=START}]=>HttpChannelOverHttp@2e8a3034{s=HttpChannelState@6b88ab81{s=IDLE rs=BLOCKING os=OPEN is=IDLE awp=false se=false i=true al=0},r=1,c=false/false,a=IDLE,uri=null,age=0}}}
13:19:16.584 [qtp1209070290-130] DEBUG org.eclipse.jetty.http.HttpParser - close HttpParser{s=START,0 of -1}
13:19:16.584 [qtp1209070290-130] DEBUG org.eclipse.jetty.http.HttpParser - START --> CLOSE
13:19:16.584 [qtp1209070290-130] DEBUG org.eclipse.jetty.io.AbstractConnection - HttpConnection@5d9665cf::NetworkTrafficSocketChannelEndPoint@24725b44{/127.0.0.1:65052<->/127.0.0.1:8080,CLOSED,fill=-,flush=-,to=9029/30000}{io=1/1,kio=-1,kro=-1}->HttpConnection@5d9665cf[p=HttpParser{s=CLOSE,0 of -1},g=HttpGenerator@5a29a7b6{s=START}]=>HttpChannelOverHttp@2e8a3034{s=HttpChannelState@6b88ab81{s=IDLE rs=BLOCKING os=OPEN is=IDLE awp=false se=false i=true al=0},r=1,c=false/false,a=IDLE,uri=null,age=0} onFillInterestedFailed {}
13:19:16.584 [qtp1209070290-130] DEBUG org.eclipse.jetty.io.ManagedSelector - Wakeup ManagedSelector@740a358e{STOPPING} id=1 keys=2 selected=0 updates=0
13:19:16.584 [qtp1209070290-130] DEBUG org.eclipse.jetty.util.thread.QueuedThreadPool - queue org.eclipse.jetty.io.ManagedSelector$DestroyEndPoint@d18051d startThread=0
13:19:16.584 [qtp1209070290-130] DEBUG org.eclipse.jetty.io.AbstractEndPoint - close NetworkTrafficSocketChannelEndPoint@9d9b1c9{/127.0.0.1:65057<->/127.0.0.1:8080,OPEN,fill=-,flush=-,to=1996/30000}{io=0/0,kio=0,kro=1}->HttpConnection@25b88b26[p=HttpParser{s=END,144 of 144},g=HttpGenerator@61ab21a1{s=START}]=>HttpChannelOverHttp@7508e3a7{s=HttpChannelState@c4fb931{s=HANDLING rs=BLOCKING os=OPEN is=READY awp=false se=false i=true al=0},r=1,c=false/false,a=HANDLING,uri=//localhost:8080/api/v0/components/provision-adapters/jobs,age=1995}
13:19:16.584 [qtp1209070290-130] DEBUG org.eclipse.jetty.io.AbstractEndPoint - close(null) NetworkTrafficSocketChannelEndPoint@9d9b1c9{/127.0.0.1:65057<->/127.0.0.1:8080,OPEN,fill=-,flush=-,to=1996/30000}{io=0/0,kio=0,kro=1}->HttpConnection@25b88b26[p=HttpParser{s=END,144 of 144},g=HttpGenerator@61ab21a1{s=START}]=>HttpChannelOverHttp@7508e3a7{s=HttpChannelState@c4fb931{s=HANDLING rs=BLOCKING os=OPEN is=READY awp=false se=false i=true al=0},r=1,c=false/false,a=HANDLING,uri=//localhost:8080/api/v0/components/provision-adapters/jobs,age=1995}
13:19:16.584 [qtp1209070290-130] DEBUG org.eclipse.jetty.io.ChannelEndPoint - doClose NetworkTrafficSocketChannelEndPoint@9d9b1c9{/127.0.0.1:65057<->/127.0.0.1:8080,CLOSED,fill=-,flush=-,to=1996/30000}{io=0/0,kio=0,kro=1}->HttpConnection@25b88b26[p=HttpParser{s=END,144 of 144},g=HttpGenerator@61ab21a1{s=START}]=>HttpChannelOverHttp@7508e3a7{s=HttpChannelState@c4fb931{s=HANDLING rs=BLOCKING os=OPEN is=READY awp=false se=false i=true al=0},r=1,c=false/false,a=HANDLING,uri=//localhost:8080/api/v0/components/provision-adapters/jobs,age=1995}
13:19:16.585 [qtp1209070290-130] DEBUG org.eclipse.jetty.io.FillInterest - onClose FillInterest@538ce3e8{null}
13:19:16.585 [qtp1209070290-130] DEBUG org.eclipse.jetty.io.ManagedSelector - Wakeup ManagedSelector@740a358e{STOPPING} id=1 keys=2 selected=0 updates=0
13:19:16.585 [qtp1209070290-130] DEBUG org.eclipse.jetty.util.thread.QueuedThreadPool - queue org.eclipse.jetty.io.ManagedSelector$DestroyEndPoint@7236af50 startThread=0
13:19:16.585 [qtp1209070290-133] DEBUG org.eclipse.jetty.util.thread.QueuedThreadPool - run org.eclipse.jetty.io.ManagedSelector$DestroyEndPoint@7236af50 in QueuedThreadPool[qtp1209070290]@4810f2d2{STARTED,8<=8<=14,i=0,r=1,q=0}[ReservedThreadExecutor@4f4ecc0{s=1/1,p=0}]
13:19:16.585 [qtp1209070290-130] DEBUG org.eclipse.jetty.io.ManagedSelector - updates 0
13:19:16.585 [qtp1209070290-130] DEBUG org.eclipse.jetty.io.ManagedSelector - Selector sun.nio.ch.WindowsSelectorImpl@32adfd7e waiting with 2 keys
13:19:16.585 [qtp1209070290-131] DEBUG org.eclipse.jetty.util.thread.QueuedThreadPool - run org.eclipse.jetty.io.ManagedSelector$DestroyEndPoint@d18051d in QueuedThreadPool[qtp1209070290]@4810f2d2{STARTED,8<=8<=14,i=1,r=1,q=0}[ReservedThreadExecutor@4f4ecc0{s=1/1,p=0}]
13:19:16.585 [qtp1209070290-133] DEBUG org.eclipse.jetty.io.ManagedSelector - Destroyed NetworkTrafficSocketChannelEndPoint@9d9b1c9{/127.0.0.1:65057<->/127.0.0.1:8080,CLOSED,fill=-,flush=-,to=1997/30000}{io=0/0,kio=-1,kro=-1}->HttpConnection@25b88b26[p=HttpParser{s=END,144 of 144},g=HttpGenerator@61ab21a1{s=START}]=>HttpChannelOverHttp@7508e3a7{s=HttpChannelState@c4fb931{s=HANDLING rs=BLOCKING os=OPEN is=READY awp=false se=false i=true al=0},r=1,c=false/false,a=HANDLING,uri=//localhost:8080/api/v0/components/provision-adapters/jobs,age=1996}
13:19:16.585 [qtp1209070290-131] DEBUG org.eclipse.jetty.io.ManagedSelector - Destroyed NetworkTrafficSocketChannelEndPoint@24725b44{/127.0.0.1:65052<->/127.0.0.1:8080,CLOSED,fill=-,flush=-,to=9030/30000}{io=1/1,kio=-1,kro=-1}->HttpConnection@5d9665cf[p=HttpParser{s=CLOSE,0 of -1},g=HttpGenerator@5a29a7b6{s=START}]=>HttpChannelOverHttp@2e8a3034{s=HttpChannelState@6b88ab81{s=IDLE rs=BLOCKING os=OPEN is=IDLE awp=false se=false i=true al=0},r=1,c=false/false,a=IDLE,uri=null,age=0}
13:19:16.585 [qtp1209070290-133] DEBUG org.eclipse.jetty.io.AbstractConnection - onClose HttpConnection@25b88b26::NetworkTrafficSocketChannelEndPoint@9d9b1c9{/127.0.0.1:65057<->/127.0.0.1:8080,CLOSED,fill=-,flush=-,to=1997/30000}{io=0/0,kio=-1,kro=-1}->HttpConnection@25b88b26[p=HttpParser{s=END,144 of 144},g=HttpGenerator@61ab21a1{s=START}]=>HttpChannelOverHttp@7508e3a7{s=HttpChannelState@c4fb931{s=HANDLING rs=BLOCKING os=OPEN is=READY awp=false se=false i=true al=0},r=1,c=false/false,a=HANDLING,uri=//localhost:8080/api/v0/components/provision-adapters/jobs,age=1996}
13:19:16.586 [qtp1209070290-133] DEBUG org.eclipse.jetty.util.thread.QueuedThreadPool - ran org.eclipse.jetty.io.ManagedSelector$DestroyEndPoint@7236af50 in QueuedThreadPool[qtp1209070290]@4810f2d2{STARTED,8<=8<=14,i=0,r=1,q=0}[ReservedThreadExecutor@4f4ecc0{s=1/1,p=0}]
13:19:16.586 [qtp1209070290-131] DEBUG org.eclipse.jetty.io.AbstractConnection - onClose HttpConnection@5d9665cf::NetworkTrafficSocketChannelEndPoint@24725b44{/127.0.0.1:65052<->/127.0.0.1:8080,CLOSED,fill=-,flush=-,to=9031/30000}{io=1/1,kio=-1,kro=-1}->HttpConnection@5d9665cf[p=HttpParser{s=CLOSE,0 of -1},g=HttpGenerator@5a29a7b6{s=START}]=>HttpChannelOverHttp@2e8a3034{s=HttpChannelState@6b88ab81{s=IDLE rs=BLOCKING os=OPEN is=IDLE awp=false se=false i=true al=0},r=1,c=false/false,a=IDLE,uri=null,age=0}
13:19:16.586 [qtp1209070290-131] DEBUG org.eclipse.jetty.util.thread.QueuedThreadPool - ran org.eclipse.jetty.io.ManagedSelector$DestroyEndPoint@d18051d in QueuedThreadPool[qtp1209070290]@4810f2d2{STARTED,8<=8<=14,i=1,r=1,q=0}[ReservedThreadExecutor@4f4ecc0{s=1/1,p=0}]
13:19:16.586 [Test worker] DEBUG org.eclipse.jetty.io.ManagedSelector - Queued change org.eclipse.jetty.io.ManagedSelector$StopSelector@820f00 on ManagedSelector@740a358e{STOPPING} id=1 keys=0 selected=0 updates=0
13:19:16.586 [Test worker] DEBUG org.eclipse.jetty.io.ManagedSelector - Wakeup on submit ManagedSelector@740a358e{STOPPING} id=1 keys=0 selected=0 updates=1
13:19:16.587 [qtp1209070290-130] DEBUG org.eclipse.jetty.io.ManagedSelector - Selector sun.nio.ch.WindowsSelectorImpl@32adfd7e woken with none selected
13:19:16.587 [qtp1209070290-130] DEBUG org.eclipse.jetty.io.ManagedSelector - Selector sun.nio.ch.WindowsSelectorImpl@32adfd7e woken up from select, 0/0/0 selected
13:19:16.587 [qtp1209070290-130] DEBUG org.eclipse.jetty.io.ManagedSelector - Selector sun.nio.ch.WindowsSelectorImpl@32adfd7e processing 0 keys, 1 updates
13:19:16.587 [qtp1209070290-130] DEBUG org.eclipse.jetty.io.ManagedSelector - updateable 1
13:19:16.587 [qtp1209070290-130] DEBUG org.eclipse.jetty.io.ManagedSelector - update org.eclipse.jetty.io.ManagedSelector$StopSelector@820f00
13:19:16.587 [qtp1209070290-130] DEBUG org.eclipse.jetty.io.ManagedSelector - updates 0
13:19:16.587 [qtp1209070290-130] DEBUG org.eclipse.jetty.util.thread.ReservedThreadExecutor - ReservedThreadExecutor@4f4ecc0{s=1/1,p=0}@72f2ef77 size 1 > capacity
13:19:16.587 [qtp1209070290-130] DEBUG org.eclipse.jetty.util.thread.QueuedThreadPool - ran ReservedThreadExecutor@4f4ecc0{s=1/1,p=0}@72f2ef77 in QueuedThreadPool[qtp1209070290]@4810f2d2{STARTED,8<=8<=14,i=2,r=1,q=0}[ReservedThreadExecutor@4f4ecc0{s=1/1,p=0}]
13:19:16.587 [Test worker] DEBUG org.eclipse.jetty.util.component.AbstractLifeCycle - stopping EatWhatYouKill@ca22542/SelectorProducer@51d26865/IDLE/p=false/QueuedThreadPool[qtp1209070290]@4810f2d2{STARTED,8<=8<=14,i=3,r=1,q=0}[ReservedThreadExecutor@4f4ecc0{s=1/1,p=0}][pc=0,pic=0,pec=1,epc=2]@2020-09-25T13:19:16.58796+02:00
13:19:16.588 [Test worker] DEBUG org.eclipse.jetty.util.component.AbstractLifeCycle - STOPPED EatWhatYouKill@ca22542/SelectorProducer@51d26865/IDLE/p=false/QueuedThreadPool[qtp1209070290]@4810f2d2{STARTED,8<=8<=14,i=3,r=1,q=0}[ReservedThreadExecutor@4f4ecc0{s=1/1,p=0}][pc=0,pic=0,pec=1,epc=2]@2020-09-25T13:19:16.58796+02:00
13:19:16.588 [Test worker] DEBUG org.eclipse.jetty.util.component.AbstractLifeCycle - STOPPED ManagedSelector@740a358e{STOPPED} id=1 keys=-1 selected=-1 updates=0
13:19:16.588 [Test worker] DEBUG org.eclipse.jetty.util.component.AbstractLifeCycle - stopping ManagedSelector@4fc62f79{STARTED} id=0 keys=0 selected=0 updates=0
13:19:16.588 [Test worker] DEBUG org.eclipse.jetty.io.ManagedSelector - Queued change org.eclipse.jetty.io.ManagedSelector$CloseConnections@7b416d0a on ManagedSelector@4fc62f79{STOPPING} id=0 keys=0 selected=0 updates=0
13:19:16.588 [Test worker] DEBUG org.eclipse.jetty.io.ManagedSelector - Wakeup on submit ManagedSelector@4fc62f79{STOPPING} id=0 keys=0 selected=0 updates=1
13:19:16.588 [qtp1209070290-137] DEBUG org.eclipse.jetty.io.ManagedSelector - Selector sun.nio.ch.WindowsSelectorImpl@665861d woken with none selected
13:19:16.588 [qtp1209070290-137] DEBUG org.eclipse.jetty.io.ManagedSelector - Selector sun.nio.ch.WindowsSelectorImpl@665861d woken up from select, 0/0/0 selected
13:19:16.588 [qtp1209070290-137] DEBUG org.eclipse.jetty.io.ManagedSelector - Selector sun.nio.ch.WindowsSelectorImpl@665861d processing 0 keys, 1 updates
13:19:16.588 [qtp1209070290-137] DEBUG org.eclipse.jetty.io.ManagedSelector - updateable 1
13:19:16.588 [qtp1209070290-137] DEBUG org.eclipse.jetty.io.ManagedSelector - update org.eclipse.jetty.io.ManagedSelector$CloseConnections@7b416d0a
13:19:16.588 [qtp1209070290-137] DEBUG org.eclipse.jetty.io.ManagedSelector - Closing 0 connections on ManagedSelector@4fc62f79{STOPPING} id=0 keys=0 selected=0 updates=0
13:19:16.588 [qtp1209070290-137] DEBUG org.eclipse.jetty.io.ManagedSelector - updates 0
13:19:16.588 [qtp1209070290-137] DEBUG org.eclipse.jetty.io.ManagedSelector - Selector sun.nio.ch.WindowsSelectorImpl@665861d waiting with 0 keys
13:19:16.588 [Test worker] DEBUG org.eclipse.jetty.io.ManagedSelector - Queued change org.eclipse.jetty.io.ManagedSelector$StopSelector@53017b3 on ManagedSelector@4fc62f79{STOPPING} id=0 keys=0 selected=0 updates=0
13:19:16.588 [Test worker] DEBUG org.eclipse.jetty.io.ManagedSelector - Wakeup on submit ManagedSelector@4fc62f79{STOPPING} id=0 keys=0 selected=0 updates=1
13:19:16.588 [qtp1209070290-137] DEBUG org.eclipse.jetty.io.ManagedSelector - Selector sun.nio.ch.WindowsSelectorImpl@665861d woken with none selected
13:19:16.588 [qtp1209070290-137] DEBUG org.eclipse.jetty.io.ManagedSelector - Selector sun.nio.ch.WindowsSelectorImpl@665861d woken up from select, 0/0/0 selected
13:19:16.588 [qtp1209070290-137] DEBUG org.eclipse.jetty.io.ManagedSelector - Selector sun.nio.ch.WindowsSelectorImpl@665861d processing 0 keys, 1 updates
13:19:16.588 [qtp1209070290-137] DEBUG org.eclipse.jetty.io.ManagedSelector - updateable 1
13:19:16.588 [qtp1209070290-137] DEBUG org.eclipse.jetty.io.ManagedSelector - update org.eclipse.jetty.io.ManagedSelector$StopSelector@53017b3
13:19:16.589 [qtp1209070290-137] DEBUG org.eclipse.jetty.io.ManagedSelector - updates 0
13:19:16.589 [qtp1209070290-137] DEBUG org.eclipse.jetty.util.thread.ReservedThreadExecutor - ReservedThreadExecutor@4f4ecc0{s=1/1,p=0}@20cc5bb9 size 1 > capacity
13:19:16.589 [qtp1209070290-137] DEBUG org.eclipse.jetty.util.thread.QueuedThreadPool - ran ReservedThreadExecutor@4f4ecc0{s=1/1,p=0}@20cc5bb9 in QueuedThreadPool[qtp1209070290]@4810f2d2{STARTED,8<=8<=14,i=3,r=1,q=0}[ReservedThreadExecutor@4f4ecc0{s=1/1,p=0}]
13:19:16.589 [Test worker] DEBUG org.eclipse.jetty.util.component.AbstractLifeCycle - stopping EatWhatYouKill@62a7e142/SelectorProducer@566e727b/IDLE/p=false/QueuedThreadPool[qtp1209070290]@4810f2d2{STARTED,8<=8<=14,i=4,r=1,q=0}[ReservedThreadExecutor@4f4ecc0{s=1/1,p=0}][pc=0,pic=0,pec=0,epc=2]@2020-09-25T13:19:16.589946+02:00
13:19:16.589 [Test worker] DEBUG org.eclipse.jetty.util.component.AbstractLifeCycle - STOPPED EatWhatYouKill@62a7e142/SelectorProducer@566e727b/IDLE/p=false/QueuedThreadPool[qtp1209070290]@4810f2d2{STARTED,8<=8<=14,i=4,r=1,q=0}[ReservedThreadExecutor@4f4ecc0{s=1/1,p=0}][pc=0,pic=0,pec=0,epc=2]@2020-09-25T13:19:16.589946+02:00
13:19:16.589 [Test worker] DEBUG org.eclipse.jetty.util.component.AbstractLifeCycle - STOPPED ManagedSelector@4fc62f79{STOPPED} id=0 keys=-1 selected=-1 updates=0
13:19:16.590 [Test worker] DEBUG org.eclipse.jetty.util.component.AbstractLifeCycle - STOPPED SelectorManager@NetworkTrafficServerConnector@6c15ea0b{HTTP/1.1, (http/1.1)}{0.0.0.0:8080}
13:19:16.590 [Test worker] DEBUG org.eclipse.jetty.util.component.AbstractLifeCycle - stopping HttpConnectionFactory@16a0b7ee[HTTP/1.1]
13:19:16.590 [Test worker] DEBUG org.eclipse.jetty.util.component.AbstractLifeCycle - STOPPED HttpConnectionFactory@16a0b7ee[HTTP/1.1]
13:19:16.590 [Test worker] DEBUG org.eclipse.jetty.util.component.AbstractLifeCycle - stopping ScheduledExecutorScheduler@5ad09f5a{STARTED}
13:19:16.590 [Test worker] DEBUG org.eclipse.jetty.util.component.AbstractLifeCycle - STOPPED ScheduledExecutorScheduler@5ad09f5a{STOPPED}
13:19:16.590 [Test worker] INFO org.eclipse.jetty.server.AbstractConnector - Stopped NetworkTrafficServerConnector@6c15ea0b{HTTP/1.1, (http/1.1)}{0.0.0.0:8080}
13:19:16.590 [Test worker] DEBUG org.eclipse.jetty.util.component.AbstractLifeCycle - STOPPED NetworkTrafficServerConnector@6c15ea0b{HTTP/1.1, (http/1.1)}{0.0.0.0:8080}
13:19:16.590 [Test worker] DEBUG org.eclipse.jetty.server.handler.AbstractHandler - stopping Server@5cad5bc8{STOPPING}[9.4.28.v20200408]
13:19:16.590 [Test worker] DEBUG org.eclipse.jetty.util.component.AbstractLifeCycle - stopping ErrorHandler@16ced373{STARTED}
13:19:16.590 [Test worker] DEBUG org.eclipse.jetty.server.handler.AbstractHandler - stopping ErrorHandler@16ced373{STOPPING}
13:19:16.590 [Test worker] DEBUG org.eclipse.jetty.util.component.AbstractLifeCycle - STOPPED ErrorHandler@16ced373{STOPPED}
13:19:16.590 [Test worker] DEBUG org.eclipse.jetty.util.component.AbstractLifeCycle - stopping HandlerCollection@2d47fdef{STARTED}
13:19:16.590 [Test worker] DEBUG org.eclipse.jetty.server.handler.AbstractHandler - stopping HandlerCollection@2d47fdef{STOPPING}
13:19:16.590 [Test worker] DEBUG org.eclipse.jetty.util.component.AbstractLifeCycle - stopping GzipHandler@36425b18{STARTED,min=32,inflate=-1}
13:19:16.590 [Test worker] DEBUG org.eclipse.jetty.server.handler.AbstractHandler - stopping GzipHandler@36425b18{STOPPING,min=32,inflate=-1}
13:19:16.590 [Test worker] DEBUG org.eclipse.jetty.util.component.AbstractLifeCycle - stopping o.e.j.s.ServletContextHandler@56621157{/,null,SHUTDOWN}
13:19:16.590 [Test worker] DEBUG org.eclipse.jetty.server.handler.AbstractHandler - stopping o.e.j.s.ServletContextHandler@56621157{/,null,UNAVAILABLE}
13:19:16.590 [Test worker] DEBUG org.eclipse.jetty.util.component.AbstractLifeCycle - stopping NotFoundHandler@ea435c7{STARTED}
13:19:16.590 [Test worker] DEBUG org.eclipse.jetty.server.handler.AbstractHandler - stopping NotFoundHandler@ea435c7{STOPPING}
13:19:16.590 [Test worker] DEBUG org.eclipse.jetty.util.component.AbstractLifeCycle - STOPPED NotFoundHandler@ea435c7{STOPPED}
13:19:16.590 [Test worker] DEBUG org.eclipse.jetty.util.component.AbstractLifeCycle - stopping ServletHandler@73a96801{STARTED}
13:19:16.590 [Test worker] DEBUG org.eclipse.jetty.server.handler.AbstractHandler - stopping ServletHandler@73a96801{STOPPING}
13:19:16.590 [Test worker] DEBUG org.eclipse.jetty.util.component.AbstractLifeCycle - stopping org.eclipse.jetty.servlets.CrossOriginFilter-262ea69@262ea69==org.eclipse.jetty.servlets.CrossOriginFilter,inst=true,async=true
13:19:16.590 [Test worker] DEBUG org.eclipse.jetty.util.component.AbstractLifeCycle - STOPPED org.eclipse.jetty.servlets.CrossOriginFilter-262ea69@262ea69==org.eclipse.jetty.servlets.CrossOriginFilter,inst=false,async=true
13:19:16.590 [Test worker] DEBUG org.eclipse.jetty.util.component.AbstractLifeCycle - stopping com.github.tomakehurst.wiremock.servlet.TrailingSlashFilter-5c5d2805@5c5d2805==com.github.tomakehurst.wiremock.servlet.TrailingSlashFilter,inst=true,async=true
13:19:16.590 [Test worker] DEBUG org.eclipse.jetty.util.component.AbstractLifeCycle - STOPPED com.github.tomakehurst.wiremock.servlet.TrailingSlashFilter-5c5d2805@5c5d2805==com.github.tomakehurst.wiremock.servlet.TrailingSlashFilter,inst=false,async=true
13:19:16.590 [Test worker] DEBUG org.eclipse.jetty.util.component.AbstractLifeCycle - stopping com.github.tomakehurst.wiremock.servlet.ContentTypeSettingFilter-3675bd72@3675bd72==com.github.tomakehurst.wiremock.servlet.ContentTypeSettingFilter,inst=true,async=true
13:19:16.590 [Test worker] DEBUG org.eclipse.jetty.util.component.AbstractLifeCycle - STOPPED com.github.tomakehurst.wiremock.servlet.ContentTypeSettingFilter-3675bd72@3675bd72==com.github.tomakehurst.wiremock.servlet.ContentTypeSettingFilter,inst=false,async=true
13:19:16.590 [Test worker] DEBUG org.eclipse.jetty.util.component.AbstractLifeCycle - stopping com.github.tomakehurst.wiremock.servlet.WireMockHandlerDispatchingServlet-4463405f@95f7dad8==com.github.tomakehurst.wiremock.servlet.WireMockHandlerDispatchingServlet,jsp=null,order=-1,inst=true,async=true
13:19:16.590 [Test worker] DEBUG org.eclipse.jetty.util.component.AbstractLifeCycle - STOPPED com.github.tomakehurst.wiremock.servlet.WireMockHandlerDispatchingServlet-4463405f@95f7dad8==com.github.tomakehurst.wiremock.servlet.WireMockHandlerDispatchingServlet,jsp=null,order=-1,inst=false,async=true
13:19:16.590 [Test worker] DEBUG org.eclipse.jetty.util.component.AbstractLifeCycle - stopping org.eclipse.jetty.servlet.DefaultServlet-24d11e8@166a9cf6==org.eclipse.jetty.servlet.DefaultServlet,jsp=null,order=-1,inst=false,async=true
13:19:16.590 [Test worker] DEBUG org.eclipse.jetty.util.component.AbstractLifeCycle - STOPPED org.eclipse.jetty.servlet.DefaultServlet-24d11e8@166a9cf6==org.eclipse.jetty.servlet.DefaultServlet,jsp=null,order=-1,inst=false,async=true
13:19:16.590 [Test worker] DEBUG org.eclipse.jetty.util.component.AbstractLifeCycle - STOPPED ServletHandler@73a96801{STOPPED}
13:19:16.591 [Test worker] INFO org.eclipse.jetty.server.handler.ContextHandler - Stopped o.e.j.s.ServletContextHandler@56621157{/,null,UNAVAILABLE}
13:19:16.591 [Test worker] DEBUG org.eclipse.jetty.util.component.AbstractLifeCycle - STOPPED o.e.j.s.ServletContextHandler@56621157{/,null,UNAVAILABLE}
13:19:16.591 [Test worker] DEBUG org.eclipse.jetty.util.component.AbstractLifeCycle - STOPPED GzipHandler@36425b18{STOPPED,min=32,inflate=-1}
13:19:16.591 [Test worker] DEBUG org.eclipse.jetty.util.component.AbstractLifeCycle - stopping o.e.j.s.ServletContextHandler@a15c548{/__admin,null,SHUTDOWN}
13:19:16.591 [Test worker] DEBUG org.eclipse.jetty.server.handler.AbstractHandler - stopping o.e.j.s.ServletContextHandler@a15c548{/__admin,null,UNAVAILABLE}
13:19:16.591 [Test worker] DEBUG org.eclipse.jetty.util.component.AbstractLifeCycle - stopping ServletHandler@17e75f84{STARTED}
13:19:16.591 [Test worker] DEBUG org.eclipse.jetty.server.handler.AbstractHandler - stopping ServletHandler@17e75f84{STOPPING}
13:19:16.591 [Test worker] DEBUG org.eclipse.jetty.util.component.AbstractLifeCycle - stopping org.eclipse.jetty.servlets.CrossOriginFilter-658292fe@658292fe==org.eclipse.jetty.servlets.CrossOriginFilter,inst=true,async=true
13:19:16.591 [Test worker] DEBUG org.eclipse.jetty.util.component.AbstractLifeCycle - STOPPED org.eclipse.jetty.servlets.CrossOriginFilter-658292fe@658292fe==org.eclipse.jetty.servlets.CrossOriginFilter,inst=false,async=true
13:19:16.591 [Test worker] DEBUG org.eclipse.jetty.util.component.AbstractLifeCycle - stopping com.github.tomakehurst.wiremock.servlet.WireMockHandlerDispatchingServlet-48b4ef13@b4cb2ae7==com.github.tomakehurst.wiremock.servlet.WireMockHandlerDispatchingServlet,jsp=null,order=-1,inst=true,async=true
13:19:16.591 [Test worker] DEBUG org.eclipse.jetty.util.component.AbstractLifeCycle - STOPPED com.github.tomakehurst.wiremock.servlet.WireMockHandlerDispatchingServlet-48b4ef13@b4cb2ae7==com.github.tomakehurst.wiremock.servlet.WireMockHandlerDispatchingServlet,jsp=null,order=-1,inst=false,async=true
13:19:16.591 [Test worker] DEBUG org.eclipse.jetty.util.component.AbstractLifeCycle - stopping org.eclipse.jetty.servlet.DefaultServlet-18ea4906@26fab9ed==org.eclipse.jetty.servlet.DefaultServlet,jsp=null,order=-1,inst=false,async=true
13:19:16.591 [Test worker] DEBUG org.eclipse.jetty.util.component.AbstractLifeCycle - STOPPED org.eclipse.jetty.servlet.DefaultServlet-18ea4906@26fab9ed==org.eclipse.jetty.servlet.DefaultServlet,jsp=null,order=-1,inst=false,async=true
13:19:16.591 [Test worker] DEBUG org.eclipse.jetty.util.component.AbstractLifeCycle - stopping org.eclipse.jetty.servlet.DefaultServlet-3cf1e455@d88fac09==org.eclipse.jetty.servlet.DefaultServlet,jsp=null,order=-1,inst=false,async=true
13:19:16.591 [Test worker] DEBUG org.eclipse.jetty.util.component.AbstractLifeCycle - STOPPED org.eclipse.jetty.servlet.DefaultServlet-3cf1e455@d88fac09==org.eclipse.jetty.servlet.DefaultServlet,jsp=null,order=-1,inst=false,async=true
13:19:16.591 [Test worker] DEBUG org.eclipse.jetty.util.component.AbstractLifeCycle - STOPPED ServletHandler@17e75f84{STOPPED}
13:19:16.591 [Test worker] INFO org.eclipse.jetty.server.handler.ContextHandler - Stopped o.e.j.s.ServletContextHandler@a15c548{/__admin,null,UNAVAILABLE}
13:19:16.591 [Test worker] DEBUG org.eclipse.jetty.util.component.AbstractLifeCycle - STOPPED o.e.j.s.ServletContextHandler@a15c548{/__admin,null,UNAVAILABLE}
13:19:16.591 [Test worker] DEBUG org.eclipse.jetty.util.component.AbstractLifeCycle - STOPPED HandlerCollection@2d47fdef{STOPPED}
13:19:16.591 [Test worker] DEBUG org.eclipse.jetty.util.component.AbstractLifeCycle - stopping QueuedThreadPool[qtp1209070290]@4810f2d2{STARTED,8<=8<=14,i=4,r=1,q=0}[ReservedThreadExecutor@4f4ecc0{s=1/1,p=0}]
13:19:16.591 [Test worker] DEBUG org.eclipse.jetty.util.thread.QueuedThreadPool - Stopping QueuedThreadPool[qtp1209070290]@4810f2d2{STOPPING,8<=8<=14,i=4,r=-1,q=0}[ReservedThreadExecutor@4f4ecc0{s=1/1,p=0}]
13:19:16.591 [Test worker] DEBUG org.eclipse.jetty.util.component.AbstractLifeCycle - stopping ReservedThreadExecutor@4f4ecc0{s=1/1,p=0}
13:19:16.591 [Test worker] DEBUG org.eclipse.jetty.util.thread.ReservedThreadExecutor - ReservedThreadExecutor@4f4ecc0{s=0/1,p=0}@2e92959d offer STOP!
13:19:16.591 [Test worker] DEBUG org.eclipse.jetty.util.component.AbstractLifeCycle - STOPPED ReservedThreadExecutor@4f4ecc0{s=-1/1,p=0}
13:19:16.591 [Test worker] DEBUG org.eclipse.jetty.util.component.AbstractLifeCycle - STOPPED QueuedThreadPool[qtp1209070290]@4810f2d2{STOPPED,8<=0<=14,i=4,r=-1,q=0}[NO_TRY]
13:19:16.591 [Test worker] DEBUG org.eclipse.jetty.util.component.AbstractLifeCycle - STOPPED Server@5cad5bc8{STOPPED}[9.4.28.v20200408]
13:19:16.599 [Test worker] DEBUG org.eclipse.jetty.util.component.ContainerLifeCycle - Server@114f1853{STOPPED}[9.4.28.v20200408] added {QueuedThreadPool[qtp490162356]@1d3748b4{STOPPED,8<=0<=14,i=0,r=-1,q=0}[NO_TRY],AUTO}
13:19:16.599 [Test worker] DEBUG org.eclipse.jetty.util.component.ContainerLifeCycle - HttpConnectionFactory@61ac64a9[HTTP/1.1] added {HttpConfiguration@6f07dbf9{32768/8192,8192/8192,https://:0,[]},POJO}
13:19:16.599 [Test worker] DEBUG org.eclipse.jetty.util.component.ContainerLifeCycle - NetworkTrafficServerConnector@48524c45{null, ()}{0.0.0.0:0} added {Server@114f1853{STOPPED}[9.4.28.v20200408],UNMANAGED}
13:19:16.600 [Test worker] DEBUG org.eclipse.jetty.util.component.ContainerLifeCycle - NetworkTrafficServerConnector@48524c45{null, ()}{0.0.0.0:0} added {QueuedThreadPool[qtp490162356]@1d3748b4{STOPPED,8<=0<=14,i=0,r=-1,q=0}[NO_TRY],AUTO}
13:19:16.600 [Test worker] DEBUG org.eclipse.jetty.util.component.ContainerLifeCycle - NetworkTrafficServerConnector@48524c45{null, ()}{0.0.0.0:0} added {ScheduledExecutorScheduler@2136489c{STOPPED},AUTO}
13:19:16.600 [Test worker] DEBUG org.eclipse.jetty.util.component.ContainerLifeCycle - NetworkTrafficServerConnector@48524c45{null, ()}{0.0.0.0:0} added {org.eclipse.jetty.io.ArrayByteBufferPool@23bdf93f,POJO}
13:19:16.600 [Test worker] DEBUG org.eclipse.jetty.util.component.ContainerLifeCycle - NetworkTrafficServerConnector@48524c45{null, (http/1.1)}{0.0.0.0:0} added {HttpConnectionFactory@61ac64a9[HTTP/1.1],AUTO}
13:19:16.600 [Test worker] DEBUG org.eclipse.jetty.server.AbstractConnector - NetworkTrafficServerConnector@48524c45{HTTP/1.1, (http/1.1)}{0.0.0.0:0} added HttpConnectionFactory@61ac64a9[HTTP/1.1]
13:19:16.600 [Test worker] DEBUG org.eclipse.jetty.util.component.ContainerLifeCycle - NetworkTrafficServerConnector@48524c45{HTTP/1.1, (http/1.1)}{0.0.0.0:0} added {SelectorManager@NetworkTrafficServerConnector@48524c45{HTTP/1.1, (http/1.1)}{0.0.0.0:0},MANAGED}
13:19:16.600 [Test worker] DEBUG org.eclipse.jetty.util.component.ContainerLifeCycle - Server@114f1853{STOPPED}[9.4.28.v20200408] added {NetworkTrafficServerConnector@48524c45{HTTP/1.1, (http/1.1)}{0.0.0.0:8080},AUTO}
13:19:16.600 [Test worker] DEBUG org.eclipse.jetty.util.component.ContainerLifeCycle - Server@114f1853{STOPPED}[9.4.28.v20200408] added {o.e.j.s.ServletContextHandler@723426a2{/__admin,null,UNAVAILABLE},MANAGED}
13:19:16.600 [Test worker] DEBUG org.eclipse.jetty.util.DecoratedObjectFactory - Adding Decorator: org.eclipse.jetty.util.DeprecationWarning@28de6cc5
13:19:16.601 [Test worker] DEBUG org.eclipse.jetty.util.component.ContainerLifeCycle - o.e.j.s.ServletContextHandler@723426a2{/__admin,null,UNAVAILABLE} added {ServletHandler@3bbfb3ea{STOPPED},MANAGED}
13:19:16.602 [Test worker] DEBUG org.eclipse.jetty.util.component.ContainerLifeCycle - Server@114f1853{STOPPED}[9.4.28.v20200408] added {o.e.j.s.ServletContextHandler@70938873{/,null,UNAVAILABLE},MANAGED}
13:19:16.602 [Test worker] DEBUG org.eclipse.jetty.util.DecoratedObjectFactory - Adding Decorator: org.eclipse.jetty.util.DeprecationWarning@7b0b5566
13:19:16.602 [Test worker] DEBUG org.eclipse.jetty.util.component.ContainerLifeCycle - o.e.j.s.ServletContextHandler@70938873{/,null,UNAVAILABLE} added {ServletHandler@34f41a3b{STOPPED},MANAGED}
13:19:16.603 [Test worker] DEBUG org.eclipse.jetty.util.component.ContainerLifeCycle - o.e.j.s.ServletContextHandler@70938873{/,null,UNAVAILABLE} added {NotFoundHandler@46c761a5{STOPPED},MANAGED}
13:19:16.604 [Test worker] DEBUG org.eclipse.jetty.util.component.ContainerLifeCycle - HandlerCollection@257f0851{STOPPED} added {o.e.j.s.ServletContextHandler@723426a2{/__admin,null,UNAVAILABLE},AUTO}
13:19:16.604 [qtp1209070290-135] DEBUG org.eclipse.jetty.util.thread.ReservedThreadExecutor - ReservedThreadExecutor@4f4ecc0{s=-1/1,p=0}@2e92959d task=STOP!
13:19:16.605 [qtp1209070290-135] DEBUG org.eclipse.jetty.util.thread.ReservedThreadExecutor - ReservedThreadExecutor@4f4ecc0{s=-1/1,p=0}@2e92959d Exited
13:19:16.605 [qtp1209070290-135] DEBUG org.eclipse.jetty.util.thread.QueuedThreadPool - ran ReservedThreadExecutor@4f4ecc0{s=-1/1,p=0}@2e92959d in QueuedThreadPool[qtp1209070290]@4810f2d2{STOPPED,8<=0<=14,i=4,r=-1,q=0}[NO_TRY]
13:19:16.605 [qtp1209070290-135] DEBUG org.eclipse.jetty.util.thread.QueuedThreadPool - Thread[qtp1209070290-135,5,main] exited for QueuedThreadPool[qtp1209070290]@4810f2d2{STOPPED,8<=0<=14,i=4,r=-1,q=0}[NO_TRY]
13:19:16.605 [Test worker] DEBUG org.eclipse.jetty.http.pathmap.PathMappings - Added MappedResource[pathSpec=ServletPathSpec["*.svgz",pathDepth=0,group=SUFFIX_GLOB],resource=true] to PathMappings[size=1]
13:19:16.605 [Test worker] DEBUG org.eclipse.jetty.server.handler.gzip.GzipHandler - GzipHandler@431b20d4{STOPPED,min=32,inflate=-1} mime types IncludeExclude@3f969c13{i=[],ip=CONTAINS,e=[image/ief, image/vnd.wap.wbmp, image/jpeg, application/bzip2, image/x-portable-graymap, application/brotli, image/bmp, image/gif, image/x-icon, audio/midi, video/x-msvideo, image/x-xbitmap, application/x-rar-compressed, image/x-portable-bitmap, image/x-rgb, image/x-cmu-raster, application/gzip, audio/x-wav, audio/x-pn-realaudio, audio/basic, application/compress, audio/x-aiff, video/x.ms.asx, video/x.ms.asf, image/png, video/vnd.rn-realvideo, image/x-xwindowdump, image/jpeg2000, video/x-sgi-movie, audio/mpeg, image/xcf, video/mpeg, image/x-portable-pixmap, image/tiff, image/x-portable-anymap, image/x-xpixmap, application/zip, video/quicktime, application/x-xz, video/mp4],ep=CONTAINS}
13:19:16.605 [Test worker] DEBUG org.eclipse.jetty.util.component.ContainerLifeCycle - GzipHandler@431b20d4{STOPPED,min=32,inflate=-1} added {o.e.j.s.ServletContextHandler@70938873{/,null,UNAVAILABLE},MANAGED}
13:19:16.606 [Test worker] DEBUG org.eclipse.jetty.util.component.ContainerLifeCycle - HandlerCollection@257f0851{STOPPED} added {GzipHandler@431b20d4{STOPPED,min=32,inflate=-1},AUTO}
13:19:16.606 [Test worker] DEBUG org.eclipse.jetty.util.component.ContainerLifeCycle - Server@114f1853{STOPPED}[9.4.28.v20200408] added {HandlerCollection@257f0851{STOPPED},MANAGED}
13:19:16.606 [Test worker] DEBUG org.eclipse.jetty.util.component.AbstractLifeCycle - starting Server@114f1853{STOPPED}[9.4.28.v20200408]
13:19:16.606 [Test worker] DEBUG org.eclipse.jetty.util.component.ContainerLifeCycle - Server@114f1853{STARTING}[9.4.28.v20200408] added {ErrorHandler@2347e6e5{STOPPED},AUTO}
13:19:16.606 [Test worker] INFO org.eclipse.jetty.server.Server - jetty-9.4.28.v20200408; built: 2020-04-08T17:49:39.557Z; git: ab228fde9e55e9164c738d7fa121f8ac5acd51c9; jvm 11.0.2+9
13:19:16.606 [Test worker] DEBUG org.eclipse.jetty.server.handler.AbstractHandler - starting Server@114f1853{STARTING}[9.4.28.v20200408]
13:19:16.606 [Test worker] DEBUG org.eclipse.jetty.util.component.AbstractLifeCycle - starting QueuedThreadPool[qtp490162356]@1d3748b4{STOPPED,8<=0<=14,i=0,r=-1,q=0}[NO_TRY]
13:19:16.606 [Test worker] DEBUG org.eclipse.jetty.util.thread.ReservedThreadExecutor - ReservedThreadExecutor@7ea74f5c{s=0/1,p=0}
13:19:16.606 [Test worker] DEBUG org.eclipse.jetty.util.component.ContainerLifeCycle - QueuedThreadPool[qtp490162356]@1d3748b4{STARTING,8<=0<=14,i=0,r=-1,q=0}[ReservedThreadExecutor@7ea74f5c{s=0/1,p=0}] added {ReservedThreadExecutor@7ea74f5c{s=0/1,p=0},AUTO}
13:19:16.606 [Test worker] DEBUG org.eclipse.jetty.util.component.AbstractLifeCycle - starting ReservedThreadExecutor@7ea74f5c{s=0/1,p=0}
13:19:16.606 [Test worker] DEBUG org.eclipse.jetty.util.component.AbstractLifeCycle - STARTED @108172ms ReservedThreadExecutor@7ea74f5c{s=0/1,p=0}
13:19:16.606 [Test worker] DEBUG org.eclipse.jetty.util.thread.QueuedThreadPool - Starting Thread[qtp490162356-139,5,main]
13:19:16.607 [Test worker] DEBUG org.eclipse.jetty.util.thread.QueuedThreadPool - Starting Thread[qtp490162356-140,5,main]
13:19:16.607 [Test worker] DEBUG org.eclipse.jetty.util.thread.QueuedThreadPool - Starting Thread[qtp490162356-141,5,main]
13:19:16.607 [Test worker] DEBUG org.eclipse.jetty.util.thread.QueuedThreadPool - Starting Thread[qtp490162356-142,5,main]
13:19:16.608 [Test worker] DEBUG org.eclipse.jetty.util.thread.QueuedThreadPool - Starting Thread[qtp490162356-143,5,main]
13:19:16.608 [Test worker] DEBUG org.eclipse.jetty.util.thread.QueuedThreadPool - Starting Thread[qtp490162356-144,5,main]
13:19:16.608 [Test worker] DEBUG org.eclipse.jetty.util.thread.QueuedThreadPool - Starting Thread[qtp490162356-145,5,main]
13:19:16.608 [Test worker] DEBUG org.eclipse.jetty.util.thread.QueuedThreadPool - Starting Thread[qtp490162356-146,5,main]
13:19:16.608 [Test worker] DEBUG org.eclipse.jetty.util.component.AbstractLifeCycle - STARTED @108174ms QueuedThreadPool[qtp490162356]@1d3748b4{STARTED,8<=8<=14,i=8,r=1,q=0}[ReservedThreadExecutor@7ea74f5c{s=0/1,p=0}]
13:19:16.609 [Test worker] DEBUG org.eclipse.jetty.util.component.AbstractLifeCycle - starting HandlerCollection@257f0851{STOPPED}
13:19:16.609 [Test worker] DEBUG org.eclipse.jetty.server.handler.AbstractHandler - starting HandlerCollection@257f0851{STARTING}
13:19:16.609 [Test worker] DEBUG org.eclipse.jetty.util.component.AbstractLifeCycle - starting o.e.j.s.ServletContextHandler@723426a2{/__admin,null,UNAVAILABLE}
13:19:16.609 [Test worker] DEBUG org.eclipse.jetty.server.handler.AbstractHandler - starting o.e.j.s.ServletContextHandler@723426a2{/__admin,null,STARTING}
13:19:16.609 [Test worker] DEBUG org.eclipse.jetty.util.component.AbstractLifeCycle - starting ServletHandler@3bbfb3ea{STOPPED}
13:19:16.609 [Test worker] DEBUG org.eclipse.jetty.servlet.ServletHandler - Path=/recorder/*[EMBEDDED:null] mapped to servlet=org.eclipse.jetty.servlet.DefaultServlet-24d5f8c7[EMBEDDED:null]
13:19:16.609 [Test worker] DEBUG org.eclipse.jetty.http.pathmap.PathMappings - Added MappedResource[pathSpec=ServletPathSpec["/recorder/*",pathDepth=2,group=PREFIX_GLOB],resource=org.eclipse.jetty.servlet.DefaultServlet-24d5f8c7@b738d3f8==org.eclipse.jetty.servlet.DefaultServlet,jsp=null,order=-1,inst=false,async=true] to PathMappings[size=1]
13:19:16.609 [Test worker] DEBUG org.eclipse.jetty.servlet.ServletHandler - Path=/swagger-ui/*[EMBEDDED:null] mapped to servlet=org.eclipse.jetty.servlet.DefaultServlet-7787c1a3[EMBEDDED:null]
13:19:16.609 [Test worker] DEBUG org.eclipse.jetty.http.pathmap.PathMappings - Added MappedResource[pathSpec=ServletPathSpec["/swagger-ui/*",pathDepth=2,group=PREFIX_GLOB],resource=org.eclipse.jetty.servlet.DefaultServlet-7787c1a3@1256e21e==org.eclipse.jetty.servlet.DefaultServlet,jsp=null,order=-1,inst=false,async=true] to PathMappings[size=2]
13:19:16.609 [Test worker] DEBUG org.eclipse.jetty.servlet.ServletHandler - Path=/[EMBEDDED:null] mapped to servlet=com.github.tomakehurst.wiremock.servlet.WireMockHandlerDispatchingServlet-7fb600dc[EMBEDDED:null]
13:19:16.609 [Test worker] DEBUG org.eclipse.jetty.http.pathmap.PathMappings - Added MappedResource[pathSpec=ServletPathSpec["/",pathDepth=-1,group=DEFAULT],resource=com.github.tomakehurst.wiremock.servlet.WireMockHandlerDispatchingServlet-7fb600dc@6dd0aa30==com.github.tomakehurst.wiremock.servlet.WireMockHandlerDispatchingServlet,jsp=null,order=-1,inst=false,async=true] to PathMappings[size=3]
13:19:16.609 [Test worker] DEBUG org.eclipse.jetty.servlet.ServletHandler - filterNameMap={org.eclipse.jetty.servlets.CrossOriginFilter-3950dc23=org.eclipse.jetty.servlets.CrossOriginFilter-3950dc23@3950dc23==org.eclipse.jetty.servlets.CrossOriginFilter,inst=false,async=true}
13:19:16.609 [Test worker] DEBUG org.eclipse.jetty.servlet.ServletHandler - pathFilters=[[/*]/[]/[REQUEST]=>org.eclipse.jetty.servlets.CrossOriginFilter-3950dc23]
13:19:16.609 [Test worker] DEBUG org.eclipse.jetty.servlet.ServletHandler - servletFilterMap={}
13:19:16.609 [Test worker] DEBUG org.eclipse.jetty.servlet.ServletHandler - servletPathMap=PathMappings[size=3]
13:19:16.609 [Test worker] DEBUG org.eclipse.jetty.servlet.ServletHandler - servletNameMap={org.eclipse.jetty.servlet.DefaultServlet-24d5f8c7=org.eclipse.jetty.servlet.DefaultServlet-24d5f8c7@b738d3f8==org.eclipse.jetty.servlet.DefaultServlet,jsp=null,order=-1,inst=false,async=true, com.github.tomakehurst.wiremock.servlet.WireMockHandlerDispatchingServlet-7fb600dc=com.github.tomakehurst.wiremock.servlet.WireMockHandlerDispatchingServlet-7fb600dc@6dd0aa30==com.github.tomakehurst.wiremock.servlet.WireMockHandlerDispatchingServlet,jsp=null,order=-1,inst=false,async=true, org.eclipse.jetty.servlet.DefaultServlet-7787c1a3=org.eclipse.jetty.servlet.DefaultServlet-7787c1a3@1256e21e==org.eclipse.jetty.servlet.DefaultServlet,jsp=null,order=-1,inst=false,async=true}
13:19:16.609 [Test worker] DEBUG org.eclipse.jetty.server.handler.AbstractHandler - starting ServletHandler@3bbfb3ea{STARTING}
13:19:16.609 [Test worker] DEBUG org.eclipse.jetty.util.component.AbstractLifeCycle - STARTED @108175ms ServletHandler@3bbfb3ea{STARTED}
13:19:16.609 [Test worker] DEBUG org.eclipse.jetty.util.component.AbstractLifeCycle - starting org.eclipse.jetty.servlets.CrossOriginFilter-3950dc23@3950dc23==org.eclipse.jetty.servlets.CrossOriginFilter,inst=false,async=true
13:19:16.609 [Test worker] DEBUG org.eclipse.jetty.util.component.AbstractLifeCycle - STARTED @108175ms org.eclipse.jetty.servlets.CrossOriginFilter-3950dc23@3950dc23==org.eclipse.jetty.servlets.CrossOriginFilter,inst=false,async=true
13:19:16.609 [Test worker] DEBUG org.eclipse.jetty.servlet.FilterHolder - Filter.init org.eclipse.jetty.servlets.CrossOriginFilter@2d0a97e3
13:19:16.610 [Test worker] DEBUG org.eclipse.jetty.servlets.CrossOriginFilter - Cross-origin filter configuration: allowedOrigins = *, allowedTimingOrigins = null, allowedMethods = OPTIONS,GET,POST,PUT,PATCH,DELETE, allowedHeaders = *, preflightMaxAge = 1800, allowCredentials = true,exposedHeaders = ,chainPreflight = false
13:19:16.610 [Test worker] DEBUG org.eclipse.jetty.util.component.AbstractLifeCycle - starting com.github.tomakehurst.wiremock.servlet.WireMockHandlerDispatchingServlet-7fb600dc@6dd0aa30==com.github.tomakehurst.wiremock.servlet.WireMockHandlerDispatchingServlet,jsp=null,order=-1,inst=false,async=true
13:19:16.610 [Test worker] DEBUG org.eclipse.jetty.util.component.AbstractLifeCycle - STARTED @108175ms com.github.tomakehurst.wiremock.servlet.WireMockHandlerDispatchingServlet-7fb600dc@6dd0aa30==com.github.tomakehurst.wiremock.servlet.WireMockHandlerDispatchingServlet,jsp=null,order=-1,inst=false,async=true
13:19:16.610 [Test worker] DEBUG org.eclipse.jetty.util.component.AbstractLifeCycle - starting org.eclipse.jetty.servlet.DefaultServlet-24d5f8c7@b738d3f8==org.eclipse.jetty.servlet.DefaultServlet,jsp=null,order=-1,inst=false,async=true
13:19:16.610 [Test worker] DEBUG org.eclipse.jetty.util.component.AbstractLifeCycle - STARTED @108175ms org.eclipse.jetty.servlet.DefaultServlet-24d5f8c7@b738d3f8==org.eclipse.jetty.servlet.DefaultServlet,jsp=null,order=-1,inst=false,async=true
13:19:16.610 [Test worker] DEBUG org.eclipse.jetty.util.component.AbstractLifeCycle - starting org.eclipse.jetty.servlet.DefaultServlet-7787c1a3@1256e21e==org.eclipse.jetty.servlet.DefaultServlet,jsp=null,order=-1,inst=false,async=true
13:19:16.610 [Test worker] DEBUG org.eclipse.jetty.util.component.AbstractLifeCycle - STARTED @108175ms org.eclipse.jetty.servlet.DefaultServlet-7787c1a3@1256e21e==org.eclipse.jetty.servlet.DefaultServlet,jsp=null,order=-1,inst=false,async=true
13:19:16.610 [Test worker] INFO org.eclipse.jetty.server.handler.ContextHandler - Started o.e.j.s.ServletContextHandler@723426a2{/__admin,null,AVAILABLE}
13:19:16.610 [Test worker] DEBUG org.eclipse.jetty.util.component.AbstractLifeCycle - STARTED @108176ms o.e.j.s.ServletContextHandler@723426a2{/__admin,null,AVAILABLE}
13:19:16.610 [Test worker] DEBUG org.eclipse.jetty.util.component.AbstractLifeCycle - starting GzipHandler@431b20d4{STOPPED,min=32,inflate=-1}
13:19:16.610 [Test worker] DEBUG org.eclipse.jetty.server.handler.AbstractHandler - starting GzipHandler@431b20d4{STARTING,min=32,inflate=-1}
13:19:16.610 [Test worker] DEBUG org.eclipse.jetty.util.component.AbstractLifeCycle - starting o.e.j.s.ServletContextHandler@70938873{/,null,UNAVAILABLE}
13:19:16.610 [Test worker] DEBUG org.eclipse.jetty.server.handler.AbstractHandler - starting o.e.j.s.ServletContextHandler@70938873{/,null,STARTING}
13:19:16.610 [Test worker] DEBUG org.eclipse.jetty.util.component.AbstractLifeCycle - starting ServletHandler@34f41a3b{STOPPED}
13:19:16.610 [Test worker] DEBUG org.eclipse.jetty.servlet.ServletHandler - Path=/__files/*[EMBEDDED:null] mapped to servlet=org.eclipse.jetty.servlet.DefaultServlet-bfa7942[EMBEDDED:null]
13:19:16.610 [Test worker] DEBUG org.eclipse.jetty.http.pathmap.PathMappings - Added MappedResource[pathSpec=ServletPathSpec["/__files/*",pathDepth=2,group=PREFIX_GLOB],resource=org.eclipse.jetty.servlet.DefaultServlet-bfa7942@56c093fe==org.eclipse.jetty.servlet.DefaultServlet,jsp=null,order=-1,inst=false,async=true] to PathMappings[size=1]
13:19:16.610 [Test worker] DEBUG org.eclipse.jetty.servlet.ServletHandler - Path=/[EMBEDDED:null] mapped to servlet=com.github.tomakehurst.wiremock.servlet.WireMockHandlerDispatchingServlet-67c6b85e[EMBEDDED:null]
13:19:16.610 [Test worker] DEBUG org.eclipse.jetty.http.pathmap.PathMappings - Added MappedResource[pathSpec=ServletPathSpec["/",pathDepth=-1,group=DEFAULT],resource=com.github.tomakehurst.wiremock.servlet.WireMockHandlerDispatchingServlet-67c6b85e@517647e8==com.github.tomakehurst.wiremock.servlet.WireMockHandlerDispatchingServlet,jsp=null,order=-1,inst=false,async=true] to PathMappings[size=2]
13:19:16.610 [Test worker] DEBUG org.eclipse.jetty.servlet.ServletHandler - filterNameMap={com.github.tomakehurst.wiremock.servlet.TrailingSlashFilter-a1eddf1=com.github.tomakehurst.wiremock.servlet.TrailingSlashFilter-a1eddf1@a1eddf1==com.github.tomakehurst.wiremock.servlet.TrailingSlashFilter,inst=false,async=true, com.github.tomakehurst.wiremock.servlet.ContentTypeSettingFilter-52f68e84=com.github.tomakehurst.wiremock.servlet.ContentTypeSettingFilter-52f68e84@52f68e84==com.github.tomakehurst.wiremock.servlet.ContentTypeSettingFilter,inst=false,async=true, org.eclipse.jetty.servlets.CrossOriginFilter-58c880a4=org.eclipse.jetty.servlets.CrossOriginFilter-58c880a4@58c880a4==org.eclipse.jetty.servlets.CrossOriginFilter,inst=false,async=true}
13:19:16.610 [Test worker] DEBUG org.eclipse.jetty.servlet.ServletHandler - pathFilters=[[/__files/*]/[]/[FORWARD]=>com.github.tomakehurst.wiremock.servlet.ContentTypeSettingFilter-52f68e84, [/__files/*]/[]/[FORWARD, ERROR, INCLUDE, REQUEST, ASYNC]=>com.github.tomakehurst.wiremock.servlet.TrailingSlashFilter-a1eddf1, [/*]/[]/[REQUEST]=>org.eclipse.jetty.servlets.CrossOriginFilter-58c880a4]
13:19:16.610 [Test worker] DEBUG org.eclipse.jetty.servlet.ServletHandler - servletFilterMap={}
13:19:16.610 [Test worker] DEBUG org.eclipse.jetty.servlet.ServletHandler - servletPathMap=PathMappings[size=2]
13:19:16.611 [Test worker] DEBUG org.eclipse.jetty.servlet.ServletHandler - servletNameMap={org.eclipse.jetty.servlet.DefaultServlet-bfa7942=org.eclipse.jetty.servlet.DefaultServlet-bfa7942@56c093fe==org.eclipse.jetty.servlet.DefaultServlet,jsp=null,order=-1,inst=false,async=true, com.github.tomakehurst.wiremock.servlet.WireMockHandlerDispatchingServlet-67c6b85e=com.github.tomakehurst.wiremock.servlet.WireMockHandlerDispatchingServlet-67c6b85e@517647e8==com.github.tomakehurst.wiremock.servlet.WireMockHandlerDispatchingServlet,jsp=null,order=-1,inst=false,async=true}
13:19:16.611 [Test worker] DEBUG org.eclipse.jetty.server.handler.AbstractHandler - starting ServletHandler@34f41a3b{STARTING}
13:19:16.611 [Test worker] DEBUG org.eclipse.jetty.util.component.AbstractLifeCycle - STARTED @108176ms ServletHandler@34f41a3b{STARTED}
13:19:16.611 [Test worker] DEBUG org.eclipse.jetty.util.component.AbstractLifeCycle - starting NotFoundHandler@46c761a5{STOPPED}
13:19:16.611 [Test worker] DEBUG org.eclipse.jetty.server.handler.AbstractHandler - starting NotFoundHandler@46c761a5{STARTING}
13:19:16.611 [Test worker] DEBUG org.eclipse.jetty.util.component.AbstractLifeCycle - STARTED @108176ms NotFoundHandler@46c761a5{STARTED}
13:19:16.611 [Test worker] DEBUG org.eclipse.jetty.util.component.AbstractLifeCycle - starting com.github.tomakehurst.wiremock.servlet.ContentTypeSettingFilter-52f68e84@52f68e84==com.github.tomakehurst.wiremock.servlet.ContentTypeSettingFilter,inst=false,async=true
13:19:16.611 [Test worker] DEBUG org.eclipse.jetty.util.component.AbstractLifeCycle - STARTED @108176ms com.github.tomakehurst.wiremock.servlet.ContentTypeSettingFilter-52f68e84@52f68e84==com.github.tomakehurst.wiremock.servlet.ContentTypeSettingFilter,inst=false,async=true
13:19:16.611 [Test worker] DEBUG org.eclipse.jetty.servlet.FilterHolder - Filter.init com.github.tomakehurst.wiremock.servlet.ContentTypeSettingFilter@766de1b7
13:19:16.611 [Test worker] DEBUG org.eclipse.jetty.util.component.AbstractLifeCycle - starting com.github.tomakehurst.wiremock.servlet.TrailingSlashFilter-a1eddf1@a1eddf1==com.github.tomakehurst.wiremock.servlet.TrailingSlashFilter,inst=false,async=true
13:19:16.611 [Test worker] DEBUG org.eclipse.jetty.util.component.AbstractLifeCycle - STARTED @108177ms com.github.tomakehurst.wiremock.servlet.TrailingSlashFilter-a1eddf1@a1eddf1==com.github.tomakehurst.wiremock.servlet.TrailingSlashFilter,inst=false,async=true
13:19:16.611 [Test worker] DEBUG org.eclipse.jetty.servlet.FilterHolder - Filter.init com.github.tomakehurst.wiremock.servlet.TrailingSlashFilter@2071c5bf
13:19:16.611 [Test worker] DEBUG org.eclipse.jetty.util.component.AbstractLifeCycle - starting org.eclipse.jetty.servlets.CrossOriginFilter-58c880a4@58c880a4==org.eclipse.jetty.servlets.CrossOriginFilter,inst=false,async=true
13:19:16.611 [Test worker] DEBUG org.eclipse.jetty.util.component.AbstractLifeCycle - STARTED @108177ms org.eclipse.jetty.servlets.CrossOriginFilter-58c880a4@58c880a4==org.eclipse.jetty.servlets.CrossOriginFilter,inst=false,async=true
13:19:16.611 [Test worker] DEBUG org.eclipse.jetty.servlet.FilterHolder - Filter.init org.eclipse.jetty.servlets.CrossOriginFilter@65cb071a
13:19:16.611 [Test worker] DEBUG org.eclipse.jetty.servlets.CrossOriginFilter - Cross-origin filter configuration: allowedOrigins = *, allowedTimingOrigins = null, allowedMethods = OPTIONS,GET,POST,PUT,PATCH,DELETE, allowedHeaders = *, preflightMaxAge = 1800, allowCredentials = true,exposedHeaders = ,chainPreflight = false
13:19:16.611 [Test worker] DEBUG org.eclipse.jetty.util.component.AbstractLifeCycle - starting com.github.tomakehurst.wiremock.servlet.WireMockHandlerDispatchingServlet-67c6b85e@517647e8==com.github.tomakehurst.wiremock.servlet.WireMockHandlerDispatchingServlet,jsp=null,order=-1,inst=false,async=true
13:19:16.611 [Test worker] DEBUG org.eclipse.jetty.util.component.AbstractLifeCycle - STARTED @108177ms com.github.tomakehurst.wiremock.servlet.WireMockHandlerDispatchingServlet-67c6b85e@517647e8==com.github.tomakehurst.wiremock.servlet.WireMockHandlerDispatchingServlet,jsp=null,order=-1,inst=false,async=true
13:19:16.611 [Test worker] DEBUG org.eclipse.jetty.util.component.AbstractLifeCycle - starting org.eclipse.jetty.servlet.DefaultServlet-bfa7942@56c093fe==org.eclipse.jetty.servlet.DefaultServlet,jsp=null,order=-1,inst=false,async=true
13:19:16.611 [Test worker] DEBUG org.eclipse.jetty.util.component.AbstractLifeCycle - STARTED @108177ms org.eclipse.jetty.servlet.DefaultServlet-bfa7942@56c093fe==org.eclipse.jetty.servlet.DefaultServlet,jsp=null,order=-1,inst=false,async=true
13:19:16.611 [Test worker] INFO org.eclipse.jetty.server.handler.ContextHandler - Started o.e.j.s.ServletContextHandler@70938873{/,null,AVAILABLE}
13:19:16.611 [Test worker] DEBUG org.eclipse.jetty.util.component.AbstractLifeCycle - STARTED @108177ms o.e.j.s.ServletContextHandler@70938873{/,null,AVAILABLE}
13:19:16.611 [Test worker] DEBUG org.eclipse.jetty.util.component.AbstractLifeCycle - STARTED @108177ms GzipHandler@431b20d4{STARTED,min=32,inflate=-1}
13:19:16.611 [Test worker] DEBUG org.eclipse.jetty.util.component.AbstractLifeCycle - STARTED @108177ms HandlerCollection@257f0851{STARTED}
13:19:16.611 [Test worker] DEBUG org.eclipse.jetty.util.component.AbstractLifeCycle - starting ErrorHandler@2347e6e5{STOPPED}
13:19:16.611 [Test worker] DEBUG org.eclipse.jetty.server.handler.AbstractHandler - starting ErrorHandler@2347e6e5{STARTING}
13:19:16.611 [Test worker] DEBUG org.eclipse.jetty.util.component.AbstractLifeCycle - STARTED @108177ms ErrorHandler@2347e6e5{STARTED}
13:19:16.611 [Test worker] DEBUG org.eclipse.jetty.util.component.AbstractLifeCycle - starting NetworkTrafficServerConnector@48524c45{HTTP/1.1, (http/1.1)}{0.0.0.0:8080}
13:19:16.623 [qtp1209070290-132] DEBUG org.eclipse.jetty.util.thread.QueuedThreadPool - ran qtp1209070290-132-acceptor-0@3188d562-NetworkTrafficServerConnector@6c15ea0b{HTTP/1.1, (http/1.1)}{0.0.0.0:8080} in QueuedThreadPool[qtp1209070290]@4810f2d2{STOPPED,8<=0<=14,i=4,r=-1,q=0}[NO_TRY]
13:19:16.623 [qtp1209070290-132] DEBUG org.eclipse.jetty.util.thread.QueuedThreadPool - Thread[qtp1209070290-132,5,main] exited for QueuedThreadPool[qtp1209070290]@4810f2d2{STOPPED,8<=0<=14,i=4,r=-1,q=0}[NO_TRY]
13:19:16.623 [qtp1209070290-134] DEBUG org.eclipse.jetty.util.thread.QueuedThreadPool - ran qtp1209070290-134-acceptor-2@6d99a5a7-NetworkTrafficServerConnector@6c15ea0b{HTTP/1.1, (http/1.1)}{0.0.0.0:8080} in QueuedThreadPool[qtp1209070290]@4810f2d2{STOPPED,8<=0<=14,i=4,r=-1,q=0}[NO_TRY]
13:19:16.624 [qtp1209070290-134] DEBUG org.eclipse.jetty.util.thread.QueuedThreadPool - Thread[qtp1209070290-134,5,main] exited for QueuedThreadPool[qtp1209070290]@4810f2d2{STOPPED,8<=0<=14,i=4,r=-1,q=0}[NO_TRY]
13:19:16.627 [Test worker] DEBUG org.eclipse.jetty.util.component.ContainerLifeCycle - NetworkTrafficServerConnector@48524c45{HTTP/1.1, (http/1.1)}{0.0.0.0:8080} added {sun.nio.ch.ServerSocketChannelImpl[/0:0:0:0:0:0:0:0:8080],POJO}
13:19:16.627 [Test worker] DEBUG org.eclipse.jetty.util.component.AbstractLifeCycle - starting ScheduledExecutorScheduler@2136489c{STOPPED}
13:19:16.628 [Test worker] DEBUG org.eclipse.jetty.util.component.AbstractLifeCycle - STARTED @108193ms ScheduledExecutorScheduler@2136489c{STARTED}
13:19:16.628 [Test worker] DEBUG org.eclipse.jetty.util.component.AbstractLifeCycle - starting HttpConnectionFactory@61ac64a9[HTTP/1.1]
13:19:16.628 [Test worker] DEBUG org.eclipse.jetty.util.component.AbstractLifeCycle - STARTED @108193ms HttpConnectionFactory@61ac64a9[HTTP/1.1]
13:19:16.628 [Test worker] DEBUG org.eclipse.jetty.util.component.AbstractLifeCycle - starting SelectorManager@NetworkTrafficServerConnector@48524c45{HTTP/1.1, (http/1.1)}{0.0.0.0:8080}
13:19:16.629 [Test worker] DEBUG org.eclipse.jetty.util.component.ContainerLifeCycle - EatWhatYouKill@1c0731cf/SelectorProducer@57e0ba1/IDLE/p=false/QueuedThreadPool[qtp490162356]@1d3748b4{STARTED,8<=8<=14,i=8,r=1,q=0}[ReservedThreadExecutor@7ea74f5c{s=0/1,p=0}][pc=0,pic=0,pec=0,epc=0]@2020-09-25T13:19:16.6299435+02:00 added {SelectorProducer@57e0ba1,POJO}
13:19:16.629 [Test worker] DEBUG org.eclipse.jetty.util.component.ContainerLifeCycle - EatWhatYouKill@1c0731cf/SelectorProducer@57e0ba1/IDLE/p=false/QueuedThreadPool[qtp490162356]@1d3748b4{STARTED,8<=8<=14,i=8,r=1,q=0}[ReservedThreadExecutor@7ea74f5c{s=0/1,p=0}][pc=0,pic=0,pec=0,epc=0]@2020-09-25T13:19:16.6299435+02:00 added {QueuedThreadPool[qtp490162356]@1d3748b4{STARTED,8<=8<=14,i=8,r=1,q=0}[ReservedThreadExecutor@7ea74f5c{s=0/1,p=0}],UNMANAGED}
13:19:16.629 [Test worker] DEBUG org.eclipse.jetty.util.thread.strategy.EatWhatYouKill - EatWhatYouKill@1c0731cf/SelectorProducer@57e0ba1/IDLE/p=false/QueuedThreadPool[qtp490162356]@1d3748b4{STARTED,8<=8<=14,i=8,r=1,q=0}[ReservedThreadExecutor@7ea74f5c{s=0/1,p=0}][pc=0,pic=0,pec=0,epc=0]@2020-09-25T13:19:16.6299435+02:00 created
13:19:16.629 [Test worker] DEBUG org.eclipse.jetty.util.component.ContainerLifeCycle - ManagedSelector@2b8c6a8c{STOPPED} id=0 keys=-1 selected=-1 updates=0 added {EatWhatYouKill@1c0731cf/SelectorProducer@57e0ba1/IDLE/p=false/QueuedThreadPool[qtp490162356]@1d3748b4{STARTED,8<=8<=14,i=8,r=1,q=0}[ReservedThreadExecutor@7ea74f5c{s=0/1,p=0}][pc=0,pic=0,pec=0,epc=0]@2020-09-25T13:19:16.6299435+02:00,MANAGED}
13:19:16.629 [Test worker] DEBUG org.eclipse.jetty.util.component.ContainerLifeCycle - SelectorManager@NetworkTrafficServerConnector@48524c45{HTTP/1.1, (http/1.1)}{0.0.0.0:8080} added {ManagedSelector@2b8c6a8c{STOPPED} id=0 keys=-1 selected=-1 updates=0,AUTO}
13:19:16.630 [Test worker] DEBUG org.eclipse.jetty.util.component.ContainerLifeCycle - EatWhatYouKill@16425b30/SelectorProducer@33ee897e/IDLE/p=false/QueuedThreadPool[qtp490162356]@1d3748b4{STARTED,8<=8<=14,i=8,r=1,q=0}[ReservedThreadExecutor@7ea74f5c{s=0/1,p=0}][pc=0,pic=0,pec=0,epc=0]@2020-09-25T13:19:16.6309523+02:00 added {SelectorProducer@33ee897e,POJO}
13:19:16.630 [Test worker] DEBUG org.eclipse.jetty.util.component.ContainerLifeCycle - EatWhatYouKill@16425b30/SelectorProducer@33ee897e/IDLE/p=false/QueuedThreadPool[qtp490162356]@1d3748b4{STARTED,8<=8<=14,i=8,r=1,q=0}[ReservedThreadExecutor@7ea74f5c{s=0/1,p=0}][pc=0,pic=0,pec=0,epc=0]@2020-09-25T13:19:16.6309523+02:00 added {QueuedThreadPool[qtp490162356]@1d3748b4{STARTED,8<=8<=14,i=8,r=1,q=0}[ReservedThreadExecutor@7ea74f5c{s=0/1,p=0}],UNMANAGED}
13:19:16.631 [Test worker] DEBUG org.eclipse.jetty.util.thread.strategy.EatWhatYouKill - EatWhatYouKill@16425b30/SelectorProducer@33ee897e/IDLE/p=false/QueuedThreadPool[qtp490162356]@1d3748b4{STARTED,8<=8<=14,i=8,r=1,q=0}[ReservedThreadExecutor@7ea74f5c{s=0/1,p=0}][pc=0,pic=0,pec=0,epc=0]@2020-09-25T13:19:16.631942+02:00 created
13:19:16.631 [Test worker] DEBUG org.eclipse.jetty.util.component.ContainerLifeCycle - ManagedSelector@4638bfa1{STOPPED} id=1 keys=-1 selected=-1 updates=0 added {EatWhatYouKill@16425b30/SelectorProducer@33ee897e/IDLE/p=false/QueuedThreadPool[qtp490162356]@1d3748b4{STARTED,8<=8<=14,i=8,r=1,q=0}[ReservedThreadExecutor@7ea74f5c{s=0/1,p=0}][pc=0,pic=0,pec=0,epc=0]@2020-09-25T13:19:16.631942+02:00,MANAGED}
13:19:16.631 [Test worker] DEBUG org.eclipse.jetty.util.component.ContainerLifeCycle - SelectorManager@NetworkTrafficServerConnector@48524c45{HTTP/1.1, (http/1.1)}{0.0.0.0:8080} added {ManagedSelector@4638bfa1{STOPPED} id=1 keys=-1 selected=-1 updates=0,AUTO}
13:19:16.631 [Test worker] DEBUG org.eclipse.jetty.util.component.AbstractLifeCycle - starting ManagedSelector@2b8c6a8c{STOPPED} id=0 keys=-1 selected=-1 updates=0
13:19:16.631 [Test worker] DEBUG org.eclipse.jetty.util.component.AbstractLifeCycle - starting EatWhatYouKill@1c0731cf/SelectorProducer@57e0ba1/IDLE/p=false/QueuedThreadPool[qtp490162356]@1d3748b4{STARTED,8<=8<=14,i=8,r=1,q=0}[ReservedThreadExecutor@7ea74f5c{s=0/1,p=0}][pc=0,pic=0,pec=0,epc=0]@2020-09-25T13:19:16.631942+02:00
13:19:16.631 [Test worker] DEBUG org.eclipse.jetty.util.component.AbstractLifeCycle - STARTED @108197ms EatWhatYouKill@1c0731cf/SelectorProducer@57e0ba1/IDLE/p=false/QueuedThreadPool[qtp490162356]@1d3748b4{STARTED,8<=8<=14,i=8,r=1,q=0}[ReservedThreadExecutor@7ea74f5c{s=0/1,p=0}][pc=0,pic=0,pec=0,epc=0]@2020-09-25T13:19:16.631942+02:00
13:19:16.633 [Test worker] DEBUG org.eclipse.jetty.util.thread.QueuedThreadPool - queue org.eclipse.jetty.io.ManagedSelector$$Lambda$425/0x00000001005fc040@e2865e0 startThread=0
13:19:16.633 [Test worker] DEBUG org.eclipse.jetty.io.ManagedSelector - Queued change org.eclipse.jetty.io.ManagedSelector$Start@a3734ce on ManagedSelector@2b8c6a8c{STARTING} id=0 keys=0 selected=0 updates=0
13:19:16.675 [qtp490162356-139] DEBUG org.eclipse.jetty.util.thread.QueuedThreadPool - Runner started for QueuedThreadPool[qtp490162356]@1d3748b4{STARTED,8<=8<=14,i=7,r=1,q=0}[ReservedThreadExecutor@7ea74f5c{s=0/1,p=0}]
13:19:16.675 [qtp490162356-139] DEBUG org.eclipse.jetty.util.thread.QueuedThreadPool - run org.eclipse.jetty.io.ManagedSelector$$Lambda$425/0x00000001005fc040@e2865e0 in QueuedThreadPool[qtp490162356]@1d3748b4{STARTED,8<=8<=14,i=7,r=1,q=0}[ReservedThreadExecutor@7ea74f5c{s=0/1,p=0}]
13:19:16.676 [qtp490162356-139] DEBUG org.eclipse.jetty.util.thread.strategy.EatWhatYouKill - EatWhatYouKill@1c0731cf/SelectorProducer@57e0ba1/IDLE/p=false/QueuedThreadPool[qtp490162356]@1d3748b4{STARTED,8<=8<=14,i=7,r=1,q=0}[ReservedThreadExecutor@7ea74f5c{s=0/1,p=0}][pc=0,pic=0,pec=0,epc=0]@2020-09-25T13:19:16.6769316+02:00 tryProduce false
13:19:16.676 [qtp490162356-139] DEBUG org.eclipse.jetty.io.ManagedSelector - updateable 1
13:19:16.676 [qtp490162356-139] DEBUG org.eclipse.jetty.io.ManagedSelector - update org.eclipse.jetty.io.ManagedSelector$Start@a3734ce
13:19:16.676 [Test worker] DEBUG org.eclipse.jetty.util.component.AbstractLifeCycle - STARTED @108242ms ManagedSelector@2b8c6a8c{STARTED} id=0 keys=0 selected=0 updates=0
13:19:16.676 [Test worker] DEBUG org.eclipse.jetty.util.component.AbstractLifeCycle - starting ManagedSelector@4638bfa1{STOPPED} id=1 keys=-1 selected=-1 updates=0
13:19:16.676 [Test worker] DEBUG org.eclipse.jetty.util.component.AbstractLifeCycle - starting EatWhatYouKill@16425b30/SelectorProducer@33ee897e/IDLE/p=false/QueuedThreadPool[qtp490162356]@1d3748b4{STARTED,8<=8<=14,i=7,r=1,q=0}[ReservedThreadExecutor@7ea74f5c{s=0/1,p=0}][pc=0,pic=0,pec=0,epc=0]@2020-09-25T13:19:16.6769316+02:00
13:19:16.677 [Test worker] DEBUG org.eclipse.jetty.util.component.AbstractLifeCycle - STARTED @108242ms EatWhatYouKill@16425b30/SelectorProducer@33ee897e/IDLE/p=false/QueuedThreadPool[qtp490162356]@1d3748b4{STARTED,8<=8<=14,i=7,r=1,q=0}[ReservedThreadExecutor@7ea74f5c{s=0/1,p=0}][pc=0,pic=0,pec=0,epc=0]@2020-09-25T13:19:16.6779343+02:00
13:19:16.678 [Test worker] DEBUG org.eclipse.jetty.util.thread.QueuedThreadPool - queue org.eclipse.jetty.io.ManagedSelector$$Lambda$425/0x00000001005fc040@4d55e98f startThread=0
13:19:16.678 [Test worker] DEBUG org.eclipse.jetty.io.ManagedSelector - Queued change org.eclipse.jetty.io.ManagedSelector$Start@4e138233 on ManagedSelector@4638bfa1{STARTING} id=1 keys=0 selected=0 updates=0
13:19:16.678 [qtp490162356-139] DEBUG org.eclipse.jetty.io.ManagedSelector - updates 0
13:19:16.679 [qtp490162356-139] DEBUG org.eclipse.jetty.io.ManagedSelector - Selector sun.nio.ch.WindowsSelectorImpl@4161f170 waiting with 0 keys
13:19:16.693 [qtp1209070290-136] DEBUG org.eclipse.jetty.server.handler.gzip.GzipHandler - GzipHandler@36425b18{STOPPED,min=32,inflate=-1} excluded not gzip accept Request(POST //localhost:8080/api/v0/components/provision-adapters/jobs)@3aa0e9bc
13:19:16.693 [qtp1209070290-136] DEBUG org.eclipse.jetty.server.handler.gzip.GzipHttpOutputInterceptor - org.eclipse.jetty.server.handler.gzip.GzipHttpOutputInterceptor@49e49338 exclude no deflater
13:19:16.693 [qtp1209070290-136] DEBUG org.eclipse.jetty.server.HttpChannel - sendResponse info=null content=HeapByteBuffer@137d328[p=0,l=0,c=0,r=0]={<<<>>>} complete=false committing=true callback=Blocker@339a4994{null}
13:19:16.693 [qtp1209070290-136] DEBUG org.eclipse.jetty.server.HttpChannel - COMMIT for /api/v0/components/provision-adapters/jobs on HttpChannelOverHttp@7508e3a7{s=HttpChannelState@c4fb931{s=HANDLING rs=BLOCKING os=COMMITTED is=READY awp=false se=false i=true al=0},r=1,c=false/false,a=HANDLING,uri=//localhost:8080/api/v0/components/provision-adapters/jobs,age=2104}
200 null HTTP/1.1
Matched-Stub-Id: 6accf1bf-961a-400a-b265-4af915844f6a
Vary: Accept-Encoding, User-Agent


13:19:16.693 [qtp1209070290-136] DEBUG org.eclipse.jetty.server.HttpChannel - Commit failed
org.eclipse.jetty.io.EofException: null
	at org.eclipse.jetty.server.HttpConnection$SendCallback.reset(HttpConnection.java:728)
	at org.eclipse.jetty.server.HttpConnection$SendCallback.access$300(HttpConnection.java:688)
	at org.eclipse.jetty.server.HttpConnection.send(HttpConnection.java:547)
	at org.eclipse.jetty.server.HttpChannel.sendResponse(HttpChannel.java:824)
	at org.eclipse.jetty.server.HttpChannel.write(HttpChannel.java:901)
	at org.eclipse.jetty.server.handler.gzip.GzipHttpOutputInterceptor.commit(GzipHttpOutputInterceptor.java:216)
	at org.eclipse.jetty.server.handler.gzip.GzipHttpOutputInterceptor.write(GzipHttpOutputInterceptor.java:108)
	at org.eclipse.jetty.server.HttpOutput.channelWrite(HttpOutput.java:283)
	at org.eclipse.jetty.server.HttpOutput.channelWrite(HttpOutput.java:267)
	at org.eclipse.jetty.server.HttpOutput.flush(HttpOutput.java:705)
	at com.github.tomakehurst.wiremock.servlet.WireMockHandlerDispatchingServlet.writeAndTranslateExceptions(WireMockHandlerDispatchingServlet.java:234)
	at com.github.tomakehurst.wiremock.servlet.WireMockHandlerDispatchingServlet.applyResponse(WireMockHandlerDispatchingServlet.java:223)
	at com.github.tomakehurst.wiremock.servlet.WireMockHandlerDispatchingServlet$ServletHttpResponder.respondTo(WireMockHandlerDispatchingServlet.java:183)
	at com.github.tomakehurst.wiremock.servlet.WireMockHandlerDispatchingServlet$ServletHttpResponder.respondSync(WireMockHandlerDispatchingServlet.java:150)
	at com.github.tomakehurst.wiremock.servlet.WireMockHandlerDispatchingServlet$ServletHttpResponder.respond(WireMockHandlerDispatchingServlet.java:144)
	at com.github.tomakehurst.wiremock.http.AbstractRequestHandler.handle(AbstractRequestHandler.java:90)
	at com.github.tomakehurst.wiremock.servlet.WireMockHandlerDispatchingServlet.service(WireMockHandlerDispatchingServlet.java:120)
	at javax.servlet.http.HttpServlet.service(HttpServlet.java:750)
	at org.eclipse.jetty.servlet.ServletHolder.handle(ServletHolder.java:763)
	at org.eclipse.jetty.servlet.ServletHandler$CachedChain.doFilter(ServletHandler.java:1631)
	at org.eclipse.jetty.servlets.CrossOriginFilter.handle(CrossOriginFilter.java:319)
	at org.eclipse.jetty.servlets.CrossOriginFilter.doFilter(CrossOriginFilter.java:273)
	at org.eclipse.jetty.servlet.ServletHandler$CachedChain.doFilter(ServletHandler.java:1618)
	at org.eclipse.jetty.servlet.ServletHandler.doHandle(ServletHandler.java:549)
	at org.eclipse.jetty.server.handler.ScopedHandler.nextHandle(ScopedHandler.java:233)
	at org.eclipse.jetty.server.handler.ContextHandler.doHandle(ContextHandler.java:1363)
	at org.eclipse.jetty.server.handler.ScopedHandler.nextScope(ScopedHandler.java:188)
	at org.eclipse.jetty.servlet.ServletHandler.doScope(ServletHandler.java:489)
	at org.eclipse.jetty.server.handler.ScopedHandler.nextScope(ScopedHandler.java:186)
	at org.eclipse.jetty.server.handler.ContextHandler.doScope(ContextHandler.java:1278)
	at org.eclipse.jetty.server.handler.ScopedHandler.handle(ScopedHandler.java:141)
	at org.eclipse.jetty.server.handler.gzip.GzipHandler.handle(GzipHandler.java:767)
	at org.eclipse.jetty.server.handler.HandlerCollection.handle(HandlerCollection.java:146)
	at org.eclipse.jetty.server.handler.HandlerWrapper.handle(HandlerWrapper.java:127)
	at org.eclipse.jetty.server.Server.handle(Server.java:500)
	at org.eclipse.jetty.server.HttpChannel.lambda$handle$1(HttpChannel.java:383)
	at org.eclipse.jetty.server.HttpChannel.dispatch(HttpChannel.java:547)
	at org.eclipse.jetty.server.HttpChannel.handle(HttpChannel.java:375)
	at org.eclipse.jetty.server.HttpConnection.onFillable(HttpConnection.java:273)
	at org.eclipse.jetty.io.AbstractConnection$ReadCallback.succeeded(AbstractConnection.java:311)
	at org.eclipse.jetty.io.FillInterest.fillable(FillInterest.java:103)
	at org.eclipse.jetty.io.ChannelEndPoint$2.run(ChannelEndPoint.java:117)
	at org.eclipse.jetty.util.thread.strategy.EatWhatYouKill.runTask(EatWhatYouKill.java:336)
	at org.eclipse.jetty.util.thread.strategy.EatWhatYouKill.doProduce(EatWhatYouKill.java:313)
	at org.eclipse.jetty.util.thread.strategy.EatWhatYouKill.tryProduce(EatWhatYouKill.java:171)
	at org.eclipse.jetty.util.thread.strategy.EatWhatYouKill.run(EatWhatYouKill.java:129)
	at org.eclipse.jetty.util.thread.ReservedThreadExecutor$ReservedThread.run(ReservedThreadExecutor.java:375)
	at org.eclipse.jetty.util.thread.QueuedThreadPool.runJob(QueuedThreadPool.java:806)
	at org.eclipse.jetty.util.thread.QueuedThreadPool$Runner.run(QueuedThreadPool.java:938)
	at java.base/java.lang.Thread.run(Thread.java:834)
13:19:16.694 [qtp1209070290-136] DEBUG org.eclipse.jetty.server.HttpConnection - abort HttpConnection@25b88b26::NetworkTrafficSocketChannelEndPoint@9d9b1c9{/127.0.0.1:65057<->/127.0.0.1:8080,CLOSED,fill=-,flush=-,to=2106/30000}{io=0/0,kio=-1,kro=-1}->HttpConnection@25b88b26[p=HttpParser{s=END,144 of 144},g=HttpGenerator@61ab21a1{s=START}]=>HttpChannelOverHttp@7508e3a7{s=HttpChannelState@c4fb931{s=HANDLING rs=BLOCKING os=ABORTED is=READY awp=false se=false i=true al=0},r=1,c=false/false,a=HANDLING,uri=//localhost:8080/api/v0/components/provision-adapters/jobs,age=2105} {}
13:19:16.695 [qtp1209070290-136] DEBUG org.eclipse.jetty.io.AbstractEndPoint - close NetworkTrafficSocketChannelEndPoint@9d9b1c9{/127.0.0.1:65057<->/127.0.0.1:8080,CLOSED,fill=-,flush=-,to=2106/30000}{io=0/0,kio=-1,kro=-1}->HttpConnection@25b88b26[p=HttpParser{s=END,144 of 144},g=HttpGenerator@61ab21a1{s=START}]=>HttpChannelOverHttp@7508e3a7{s=HttpChannelState@c4fb931{s=HANDLING rs=BLOCKING os=ABORTED is=READY awp=false se=false i=true al=0},r=1,c=false/false,a=HANDLING,uri=//localhost:8080/api/v0/components/provision-adapters/jobs,age=2106}
13:19:16.695 [qtp1209070290-136] DEBUG org.eclipse.jetty.io.AbstractEndPoint - close(null) NetworkTrafficSocketChannelEndPoint@9d9b1c9{/127.0.0.1:65057<->/127.0.0.1:8080,CLOSED,fill=-,flush=-,to=2107/30000}{io=0/0,kio=-1,kro=-1}->HttpConnection@25b88b26[p=HttpParser{s=END,144 of 144},g=HttpGenerator@61ab21a1{s=START}]=>HttpChannelOverHttp@7508e3a7{s=HttpChannelState@c4fb931{s=HANDLING rs=BLOCKING os=ABORTED is=READY awp=false se=false i=true al=0},r=1,c=false/false,a=HANDLING,uri=//localhost:8080/api/v0/components/provision-adapters/jobs,age=2106}
13:19:16.695 [qtp1209070290-136] DEBUG org.eclipse.jetty.server.HttpOutput - onWriteComplete(false,org.eclipse.jetty.io.EofException) s=OPEN,api=BLOCKED,sc=false,e=null->s=CLOSED,api=BLOCKING,sc=false,e=null c=null cb=null w=false
13:19:16.695 [qtp1209070290-136] DEBUG org.eclipse.jetty.server.HttpOutput - close() s=CLOSED,api=BLOCKING,sc=false,e=null c=null b=null
13:19:16.695 [qtp1209070290-136] DEBUG org.eclipse.jetty.server.HttpChannel - /api/v0/components/provision-adapters/jobs
org.eclipse.jetty.io.EofException: null
	at org.eclipse.jetty.server.HttpConnection$SendCallback.reset(HttpConnection.java:728)
	at org.eclipse.jetty.server.HttpConnection$SendCallback.access$300(HttpConnection.java:688)
	at org.eclipse.jetty.server.HttpConnection.send(HttpConnection.java:547)
	at org.eclipse.jetty.server.HttpChannel.sendResponse(HttpChannel.java:824)
	at org.eclipse.jetty.server.HttpChannel.write(HttpChannel.java:901)
	at org.eclipse.jetty.server.handler.gzip.GzipHttpOutputInterceptor.commit(GzipHttpOutputInterceptor.java:216)
	at org.eclipse.jetty.server.handler.gzip.GzipHttpOutputInterceptor.write(GzipHttpOutputInterceptor.java:108)
	at org.eclipse.jetty.server.HttpOutput.channelWrite(HttpOutput.java:283)
	at org.eclipse.jetty.server.HttpOutput.channelWrite(HttpOutput.java:267)
	at org.eclipse.jetty.server.HttpOutput.flush(HttpOutput.java:705)
	at com.github.tomakehurst.wiremock.servlet.WireMockHandlerDispatchingServlet.writeAndTranslateExceptions(WireMockHandlerDispatchingServlet.java:234)
	at com.github.tomakehurst.wiremock.servlet.WireMockHandlerDispatchingServlet.applyResponse(WireMockHandlerDispatchingServlet.java:223)
	at com.github.tomakehurst.wiremock.servlet.WireMockHandlerDispatchingServlet$ServletHttpResponder.respondTo(WireMockHandlerDispatchingServlet.java:183)
	at com.github.tomakehurst.wiremock.servlet.WireMockHandlerDispatchingServlet$ServletHttpResponder.respondSync(WireMockHandlerDispatchingServlet.java:150)
	at com.github.tomakehurst.wiremock.servlet.WireMockHandlerDispatchingServlet$ServletHttpResponder.respond(WireMockHandlerDispatchingServlet.java:144)
	at com.github.tomakehurst.wiremock.http.AbstractRequestHandler.handle(AbstractRequestHandler.java:90)
	at com.github.tomakehurst.wiremock.servlet.WireMockHandlerDispatchingServlet.service(WireMockHandlerDispatchingServlet.java:120)
	at javax.servlet.http.HttpServlet.service(HttpServlet.java:750)
	at org.eclipse.jetty.servlet.ServletHolder.handle(ServletHolder.java:763)
	at org.eclipse.jetty.servlet.ServletHandler$CachedChain.doFilter(ServletHandler.java:1631)
	at org.eclipse.jetty.servlets.CrossOriginFilter.handle(CrossOriginFilter.java:319)
	at org.eclipse.jetty.servlets.CrossOriginFilter.doFilter(CrossOriginFilter.java:273)
	at org.eclipse.jetty.servlet.ServletHandler$CachedChain.doFilter(ServletHandler.java:1618)
	at org.eclipse.jetty.servlet.ServletHandler.doHandle(ServletHandler.java:549)
	at org.eclipse.jetty.server.handler.ScopedHandler.nextHandle(ScopedHandler.java:233)
	at org.eclipse.jetty.server.handler.ContextHandler.doHandle(ContextHandler.java:1363)
	at org.eclipse.jetty.server.handler.ScopedHandler.nextScope(ScopedHandler.java:188)
	at org.eclipse.jetty.servlet.ServletHandler.doScope(ServletHandler.java:489)
	at org.eclipse.jetty.server.handler.ScopedHandler.nextScope(ScopedHandler.java:186)
	at org.eclipse.jetty.server.handler.ContextHandler.doScope(ContextHandler.java:1278)
	at org.eclipse.jetty.server.handler.ScopedHandler.handle(ScopedHandler.java:141)
	at org.eclipse.jetty.server.handler.gzip.GzipHandler.handle(GzipHandler.java:767)
	at org.eclipse.jetty.server.handler.HandlerCollection.handle(HandlerCollection.java:146)
	at org.eclipse.jetty.server.handler.HandlerWrapper.handle(HandlerWrapper.java:127)
	at org.eclipse.jetty.server.Server.handle(Server.java:500)
	at org.eclipse.jetty.server.HttpChannel.lambda$handle$1(HttpChannel.java:383)
	at org.eclipse.jetty.server.HttpChannel.dispatch(HttpChannel.java:547)
	at org.eclipse.jetty.server.HttpChannel.handle(HttpChannel.java:375)
	at org.eclipse.jetty.server.HttpConnection.onFillable(HttpConnection.java:273)
	at org.eclipse.jetty.io.AbstractConnection$ReadCallback.succeeded(AbstractConnection.java:311)
	at org.eclipse.jetty.io.FillInterest.fillable(FillInterest.java:103)
	at org.eclipse.jetty.io.ChannelEndPoint$2.run(ChannelEndPoint.java:117)
	at org.eclipse.jetty.util.thread.strategy.EatWhatYouKill.runTask(EatWhatYouKill.java:336)
	at org.eclipse.jetty.util.thread.strategy.EatWhatYouKill.doProduce(EatWhatYouKill.java:313)
	at org.eclipse.jetty.util.thread.strategy.EatWhatYouKill.tryProduce(EatWhatYouKill.java:171)
	at org.eclipse.jetty.util.thread.strategy.EatWhatYouKill.run(EatWhatYouKill.java:129)
	at org.eclipse.jetty.util.thread.ReservedThreadExecutor$ReservedThread.run(ReservedThreadExecutor.java:375)
	at org.eclipse.jetty.util.thread.QueuedThreadPool.runJob(QueuedThreadPool.java:806)
	at org.eclipse.jetty.util.thread.QueuedThreadPool$Runner.run(QueuedThreadPool.java:938)
	at java.base/java.lang.Thread.run(Thread.java:834)
13:19:16.696 [qtp1209070290-136] DEBUG org.eclipse.jetty.server.HttpChannelState - unhandle HttpChannelState@c4fb931{s=HANDLING rs=BLOCKING os=ABORTED is=READY awp=false se=false i=true al=0}
13:19:16.696 [qtp1209070290-136] DEBUG org.eclipse.jetty.server.HttpChannelState - nextAction(false) COMPLETE HttpChannelState@c4fb931{s=HANDLING rs=COMPLETING os=ABORTED is=READY awp=false se=false i=false al=0}
13:19:16.696 [qtp1209070290-136] DEBUG org.eclipse.jetty.server.HttpChannel - !handle COMPLETE HttpChannelOverHttp@7508e3a7{s=HttpChannelState@c4fb931{s=HANDLING rs=COMPLETING os=ABORTED is=READY awp=false se=false i=false al=0},r=1,c=false/false,a=HANDLING,uri=//localhost:8080/api/v0/components/provision-adapters/jobs,age=2107}
13:19:16.696 [qtp1209070290-136] DEBUG org.eclipse.jetty.server.HttpConnection - HttpConnection@25b88b26::NetworkTrafficSocketChannelEndPoint@9d9b1c9{/127.0.0.1:65057<->/127.0.0.1:8080,CLOSED,fill=-,flush=-,to=2107/30000}{io=0/0,kio=-1,kro=-1}->HttpConnection@25b88b26[p=HttpParser{s=END,144 of 144},g=HttpGenerator@61ab21a1{s=START}]=>HttpChannelOverHttp@7508e3a7{s=HttpChannelState@c4fb931{s=HANDLING rs=COMPLETING os=ABORTED is=READY awp=false se=false i=false al=0},r=1,c=false/false,a=HANDLING,uri=//localhost:8080/api/v0/components/provision-adapters/jobs,age=2107} onFillable exit HttpChannelState@c4fb931{s=HANDLING rs=COMPLETING os=ABORTED is=READY awp=false se=false i=false al=0} null
13:19:16.696 [qtp1209070290-136] DEBUG org.eclipse.jetty.util.thread.ReservedThreadExecutor - ReservedThreadExecutor@4f4ecc0{s=-1/1,p=0}@c9ded6d Exited
13:19:16.696 [qtp1209070290-136] DEBUG org.eclipse.jetty.util.thread.QueuedThreadPool - ran ReservedThreadExecutor@4f4ecc0{s=-1/1,p=0}@c9ded6d in QueuedThreadPool[qtp1209070290]@4810f2d2{STOPPED,8<=0<=14,i=4,r=-1,q=0}[NO_TRY]
13:19:16.696 [qtp1209070290-136] DEBUG org.eclipse.jetty.util.thread.QueuedThreadPool - Thread[qtp1209070290-136,5,main] exited for QueuedThreadPool[qtp1209070290]@4810f2d2{STOPPED,8<=0<=14,i=4,r=-1,q=0}[NO_TRY]
13:19:16.749 [qtp490162356-140] DEBUG org.eclipse.jetty.util.thread.QueuedThreadPool - Runner started for QueuedThreadPool[qtp490162356]@1d3748b4{STARTED,8<=8<=14,i=6,r=1,q=0}[ReservedThreadExecutor@7ea74f5c{s=0/1,p=0}]
13:19:16.750 [qtp490162356-140] DEBUG org.eclipse.jetty.util.thread.QueuedThreadPool - run org.eclipse.jetty.io.ManagedSelector$$Lambda$425/0x00000001005fc040@4d55e98f in QueuedThreadPool[qtp490162356]@1d3748b4{STARTED,8<=8<=14,i=6,r=1,q=0}[ReservedThreadExecutor@7ea74f5c{s=0/1,p=0}]
13:19:16.750 [qtp490162356-140] DEBUG org.eclipse.jetty.util.thread.strategy.EatWhatYouKill - EatWhatYouKill@16425b30/SelectorProducer@33ee897e/IDLE/p=false/QueuedThreadPool[qtp490162356]@1d3748b4{STARTED,8<=8<=14,i=6,r=1,q=0}[ReservedThreadExecutor@7ea74f5c{s=0/1,p=0}][pc=0,pic=0,pec=0,epc=0]@2020-09-25T13:19:16.750929+02:00 tryProduce false
13:19:16.750 [qtp490162356-140] DEBUG org.eclipse.jetty.io.ManagedSelector - updateable 1
13:19:16.750 [qtp490162356-140] DEBUG org.eclipse.jetty.io.ManagedSelector - update org.eclipse.jetty.io.ManagedSelector$Start@4e138233
13:19:16.751 [Test worker] DEBUG org.eclipse.jetty.util.component.AbstractLifeCycle - STARTED @108316ms ManagedSelector@4638bfa1{STARTED} id=1 keys=0 selected=0 updates=0
13:19:16.751 [Test worker] DEBUG org.eclipse.jetty.util.component.AbstractLifeCycle - STARTED @108316ms SelectorManager@NetworkTrafficServerConnector@48524c45{HTTP/1.1, (http/1.1)}{0.0.0.0:8080}
13:19:16.751 [Test worker] DEBUG org.eclipse.jetty.util.component.ContainerLifeCycle - NetworkTrafficServerConnector@48524c45{HTTP/1.1, (http/1.1)}{0.0.0.0:8080} added {acceptor-0@3d9e974,POJO}
13:19:16.751 [Test worker] DEBUG org.eclipse.jetty.util.thread.QueuedThreadPool - queue acceptor-0@3d9e974 startThread=0
13:19:16.751 [Test worker] DEBUG org.eclipse.jetty.util.component.ContainerLifeCycle - NetworkTrafficServerConnector@48524c45{HTTP/1.1, (http/1.1)}{0.0.0.0:8080} added {acceptor-1@30fb2c85,POJO}
13:19:16.751 [Test worker] DEBUG org.eclipse.jetty.util.thread.QueuedThreadPool - queue acceptor-1@30fb2c85 startThread=0
13:19:16.751 [Test worker] DEBUG org.eclipse.jetty.util.component.ContainerLifeCycle - NetworkTrafficServerConnector@48524c45{HTTP/1.1, (http/1.1)}{0.0.0.0:8080} added {acceptor-2@5280a284,POJO}
13:19:16.751 [Test worker] DEBUG org.eclipse.jetty.util.thread.QueuedThreadPool - queue acceptor-2@5280a284 startThread=0
13:19:16.751 [Test worker] INFO org.eclipse.jetty.server.AbstractConnector - Started NetworkTrafficServerConnector@48524c45{HTTP/1.1, (http/1.1)}{0.0.0.0:8080}
13:19:16.751 [Test worker] DEBUG org.eclipse.jetty.util.component.AbstractLifeCycle - STARTED @108317ms NetworkTrafficServerConnector@48524c45{HTTP/1.1, (http/1.1)}{0.0.0.0:8080}
13:19:16.751 [Test worker] INFO org.eclipse.jetty.server.Server - Started @108317ms
13:19:16.751 [Test worker] DEBUG org.eclipse.jetty.util.component.AbstractLifeCycle - STARTED @108317ms Server@114f1853{STARTED}[9.4.28.v20200408]
13:19:16.759 [Test worker] DEBUG org.apache.http.impl.conn.PoolingHttpClientConnectionManager - Connection request: [route: {}->http://localhost:8080][total available: 1; route allocated: 1 of 5; total allocated: 1 of 50]
13:19:16.762 [Test worker] DEBUG org.apache.http.wire - http-outgoing-6 << "end of stream"
13:19:16.762 [Test worker] DEBUG org.apache.http.impl.conn.DefaultManagedHttpClientConnection - http-outgoing-6: Close connection
13:19:16.763 [Test worker] DEBUG org.apache.http.impl.conn.PoolingHttpClientConnectionManager - Connection leased: [id: 7][route: {}->http://localhost:8080][total available: 0; route allocated: 1 of 5; total allocated: 1 of 50]
13:19:16.763 [Test worker] DEBUG org.apache.http.impl.execchain.MainClientExec - Opening connection {}->http://localhost:8080
13:19:16.763 [Test worker] DEBUG org.apache.http.impl.conn.DefaultHttpClientConnectionOperator - Connecting to localhost/127.0.0.1:8080
13:19:16.764 [Test worker] DEBUG org.apache.http.impl.conn.DefaultHttpClientConnectionOperator - Connection established 127.0.0.1:65065<->127.0.0.1:8080
13:19:16.764 [Test worker] DEBUG org.apache.http.impl.execchain.MainClientExec - Executing request POST /__admin/mappings HTTP/1.1
13:19:16.764 [Test worker] DEBUG org.apache.http.impl.execchain.MainClientExec - Target auth state: UNCHALLENGED
13:19:16.764 [Test worker] DEBUG org.apache.http.impl.execchain.MainClientExec - Proxy auth state: UNCHALLENGED
13:19:16.764 [Test worker] DEBUG org.apache.http.headers - http-outgoing-7 >> POST /__admin/mappings HTTP/1.1
13:19:16.764 [Test worker] DEBUG org.apache.http.headers - http-outgoing-7 >> Content-Length: 678
13:19:16.764 [Test worker] DEBUG org.apache.http.headers - http-outgoing-7 >> Content-Type: text/plain; charset=UTF-8
13:19:16.764 [Test worker] DEBUG org.apache.http.headers - http-outgoing-7 >> Host: localhost:8080
13:19:16.764 [Test worker] DEBUG org.apache.http.headers - http-outgoing-7 >> Connection: Keep-Alive
13:19:16.764 [Test worker] DEBUG org.apache.http.headers - http-outgoing-7 >> User-Agent: Apache-HttpClient/4.5.12 (Java/11.0.2)
13:19:16.764 [Test worker] DEBUG org.apache.http.wire - http-outgoing-7 >> "POST /__admin/mappings HTTP/1.1[\r][\n]"
13:19:16.764 [Test worker] DEBUG org.apache.http.wire - http-outgoing-7 >> "Content-Length: 678[\r][\n]"
13:19:16.764 [Test worker] DEBUG org.apache.http.wire - http-outgoing-7 >> "Content-Type: text/plain; charset=UTF-8[\r][\n]"
13:19:16.764 [Test worker] DEBUG org.apache.http.wire - http-outgoing-7 >> "Host: localhost:8080[\r][\n]"
13:19:16.764 [Test worker] DEBUG org.apache.http.wire - http-outgoing-7 >> "Connection: Keep-Alive[\r][\n]"
13:19:16.764 [Test worker] DEBUG org.apache.http.wire - http-outgoing-7 >> "User-Agent: Apache-HttpClient/4.5.12 (Java/11.0.2)[\r][\n]"
13:19:16.764 [Test worker] DEBUG org.apache.http.wire - http-outgoing-7 >> "[\r][\n]"
13:19:16.764 [Test worker] DEBUG org.apache.http.wire - http-outgoing-7 >> "{[\r][\n]"
13:19:16.764 [Test worker] DEBUG org.apache.http.wire - http-outgoing-7 >> "  "id" : "440b9875-ac3f-47e8-9ed2-847b1ec5c079",[\r][\n]"
13:19:16.764 [Test worker] DEBUG org.apache.http.wire - http-outgoing-7 >> "  "request" : {[\r][\n]"
13:19:16.764 [Test worker] DEBUG org.apache.http.wire - http-outgoing-7 >> "    "url" : "/api/v0/components/login",[\r][\n]"
13:19:16.764 [Test worker] DEBUG org.apache.http.wire - http-outgoing-7 >> "    "method" : "POST",[\r][\n]"
13:19:16.764 [Test worker] DEBUG org.apache.http.wire - http-outgoing-7 >> "    "headers" : {[\r][\n]"
13:19:16.764 [Test worker] DEBUG org.apache.http.wire - http-outgoing-7 >> "      "Content-Type" : {[\r][\n]"
13:19:16.764 [Test worker] DEBUG org.apache.http.wire - http-outgoing-7 >> "        "equalTo" : "application/json"[\r][\n]"
13:19:16.764 [Test worker] DEBUG org.apache.http.wire - http-outgoing-7 >> "      }[\r][\n]"
13:19:16.764 [Test worker] DEBUG org.apache.http.wire - http-outgoing-7 >> "    },[\r][\n]"
13:19:16.764 [Test worker] DEBUG org.apache.http.wire - http-outgoing-7 >> "    "bodyPatterns" : [ {[\r][\n]"
13:19:16.764 [Test worker] DEBUG org.apache.http.wire - http-outgoing-7 >> "      "equalTo" : "{\"password\":\"123456\",\"username\":\"catalogClientApi\"}"[\r][\n]"
13:19:16.764 [Test worker] DEBUG org.apache.http.wire - http-outgoing-7 >> "    } ][\r][\n]"
13:19:16.764 [Test worker] DEBUG org.apache.http.wire - http-outgoing-7 >> "  },[\r][\n]"
13:19:16.764 [Test worker] DEBUG org.apache.http.wire - http-outgoing-7 >> "  "response" : {[\r][\n]"
13:19:16.764 [Test worker] DEBUG org.apache.http.wire - http-outgoing-7 >> "    "status" : 200,[\r][\n]"
13:19:16.764 [Test worker] DEBUG org.apache.http.wire - http-outgoing-7 >> "    "body" : "{\"token\":\"someToken\"}",[\r][\n]"
13:19:16.764 [Test worker] DEBUG org.apache.http.wire - http-outgoing-7 >> "    "headers" : {[\r][\n]"
13:19:16.764 [Test worker] DEBUG org.apache.http.wire - http-outgoing-7 >> "      "Content-Type" : "application/json"[\r][\n]"
13:19:16.764 [Test worker] DEBUG org.apache.http.wire - http-outgoing-7 >> "    }[\r][\n]"
13:19:16.764 [Test worker] DEBUG org.apache.http.wire - http-outgoing-7 >> "  },[\r][\n]"
13:19:16.764 [Test worker] DEBUG org.apache.http.wire - http-outgoing-7 >> "  "uuid" : "440b9875-ac3f-47e8-9ed2-847b1ec5c079",[\r][\n]"
13:19:16.764 [Test worker] DEBUG org.apache.http.wire - http-outgoing-7 >> "  "scenarioName" : "unAuthorized",[\r][\n]"
13:19:16.764 [Test worker] DEBUG org.apache.http.wire - http-outgoing-7 >> "  "requiredScenarioState" : "Started",[\r][\n]"
13:19:16.764 [Test worker] DEBUG org.apache.http.wire - http-outgoing-7 >> "  "newScenarioState" : "logged"[\r][\n]"
13:19:16.764 [Test worker] DEBUG org.apache.http.wire - http-outgoing-7 >> "}"
13:19:16.756 [qtp490162356-140] DEBUG org.eclipse.jetty.io.ManagedSelector - updates 0
13:19:16.765 [qtp490162356-140] DEBUG org.eclipse.jetty.io.ManagedSelector - Selector sun.nio.ch.WindowsSelectorImpl@1f984d8b waiting with 0 keys
13:19:16.797 [qtp490162356-141] DEBUG org.eclipse.jetty.util.thread.QueuedThreadPool - Runner started for QueuedThreadPool[qtp490162356]@1d3748b4{STARTED,8<=8<=14,i=3,r=1,q=0}[ReservedThreadExecutor@7ea74f5c{s=0/1,p=0}]
13:19:16.797 [qtp490162356-141] DEBUG org.eclipse.jetty.util.thread.QueuedThreadPool - run acceptor-0@3d9e974 in QueuedThreadPool[qtp490162356]@1d3748b4{STARTED,8<=8<=14,i=3,r=1,q=0}[ReservedThreadExecutor@7ea74f5c{s=0/1,p=0}]
13:19:16.833 [qtp490162356-142] DEBUG org.eclipse.jetty.util.thread.QueuedThreadPool - Runner started for QueuedThreadPool[qtp490162356]@1d3748b4{STARTED,8<=8<=14,i=3,r=1,q=0}[ReservedThreadExecutor@7ea74f5c{s=0/1,p=0}]
13:19:16.839 [qtp490162356-142] DEBUG org.eclipse.jetty.util.thread.QueuedThreadPool - run acceptor-1@30fb2c85 in QueuedThreadPool[qtp490162356]@1d3748b4{STARTED,8<=8<=14,i=3,r=1,q=0}[ReservedThreadExecutor@7ea74f5c{s=0/1,p=0}]
13:19:16.844 [qtp490162356-143] DEBUG org.eclipse.jetty.util.thread.QueuedThreadPool - Runner started for QueuedThreadPool[qtp490162356]@1d3748b4{STARTED,8<=8<=14,i=3,r=1,q=0}[ReservedThreadExecutor@7ea74f5c{s=0/1,p=0}]
13:19:16.844 [qtp490162356-143] DEBUG org.eclipse.jetty.util.thread.QueuedThreadPool - run acceptor-2@5280a284 in QueuedThreadPool[qtp490162356]@1d3748b4{STARTED,8<=8<=14,i=3,r=1,q=0}[ReservedThreadExecutor@7ea74f5c{s=0/1,p=0}]
13:19:16.844 [qtp490162356-144] DEBUG org.eclipse.jetty.util.thread.QueuedThreadPool - Runner started for QueuedThreadPool[qtp490162356]@1d3748b4{STARTED,8<=8<=14,i=3,r=1,q=0}[ReservedThreadExecutor@7ea74f5c{s=0/1,p=0}]
13:19:16.845 [qtp490162356-145] DEBUG org.eclipse.jetty.util.thread.QueuedThreadPool - Runner started for QueuedThreadPool[qtp490162356]@1d3748b4{STARTED,8<=8<=14,i=3,r=1,q=0}[ReservedThreadExecutor@7ea74f5c{s=0/1,p=0}]
13:19:16.846 [qtp490162356-146] DEBUG org.eclipse.jetty.util.thread.QueuedThreadPool - Runner started for QueuedThreadPool[qtp490162356]@1d3748b4{STARTED,8<=8<=14,i=3,r=1,q=0}[ReservedThreadExecutor@7ea74f5c{s=0/1,p=0}]
13:19:16.852 [qtp490162356-143-acceptor-2@5280a284-NetworkTrafficServerConnector@48524c45{HTTP/1.1, (http/1.1)}{0.0.0.0:8080}] DEBUG org.eclipse.jetty.io.ManagedSelector - Queued change org.eclipse.jetty.io.ManagedSelector$Accept@46cc3430 on ManagedSelector@4638bfa1{STARTED} id=1 keys=0 selected=0 updates=0
13:19:16.853 [qtp490162356-143-acceptor-2@5280a284-NetworkTrafficServerConnector@48524c45{HTTP/1.1, (http/1.1)}{0.0.0.0:8080}] DEBUG org.eclipse.jetty.io.ManagedSelector - Wakeup on submit ManagedSelector@4638bfa1{STARTED} id=1 keys=0 selected=0 updates=1
13:19:16.854 [qtp490162356-140] DEBUG org.eclipse.jetty.io.ManagedSelector - Selector sun.nio.ch.WindowsSelectorImpl@1f984d8b woken with none selected
13:19:16.854 [qtp490162356-140] DEBUG org.eclipse.jetty.io.ManagedSelector - Selector sun.nio.ch.WindowsSelectorImpl@1f984d8b woken up from select, 0/0/0 selected
13:19:16.854 [qtp490162356-140] DEBUG org.eclipse.jetty.io.ManagedSelector - Selector sun.nio.ch.WindowsSelectorImpl@1f984d8b processing 0 keys, 1 updates
13:19:16.854 [qtp490162356-140] DEBUG org.eclipse.jetty.io.ManagedSelector - updateable 1
13:19:16.854 [qtp490162356-140] DEBUG org.eclipse.jetty.io.ManagedSelector - update org.eclipse.jetty.io.ManagedSelector$Accept@46cc3430
13:19:16.855 [qtp490162356-140] DEBUG org.eclipse.jetty.util.thread.QueuedThreadPool - queue org.eclipse.jetty.io.ManagedSelector$Accept@46cc3430 startThread=0
13:19:16.855 [qtp490162356-140] DEBUG org.eclipse.jetty.io.ManagedSelector - updates 0
13:19:16.855 [qtp490162356-140] DEBUG org.eclipse.jetty.io.ManagedSelector - Selector sun.nio.ch.WindowsSelectorImpl@1f984d8b waiting with 1 keys
13:19:16.855 [qtp490162356-144] DEBUG org.eclipse.jetty.util.thread.QueuedThreadPool - run org.eclipse.jetty.io.ManagedSelector$Accept@46cc3430 in QueuedThreadPool[qtp490162356]@1d3748b4{STARTED,8<=8<=14,i=2,r=1,q=0}[ReservedThreadExecutor@7ea74f5c{s=0/1,p=0}]
13:19:16.855 [qtp490162356-144] DEBUG org.eclipse.jetty.io.IdleTimeout - NetworkTrafficSocketChannelEndPoint@30336c14{/127.0.0.1:65065<->/127.0.0.1:8080,OPEN,fill=-,flush=-,to=0/30000}{io=0/0,kio=0,kro=0}-><null> idle timeout check, elapsed: 0 ms, remaining: 30000 ms
13:19:16.856 [qtp490162356-144] DEBUG org.eclipse.jetty.server.HttpChannel - new HttpChannelOverHttp@3acb0764{s=HttpChannelState@7fc99e59{s=IDLE rs=BLOCKING os=OPEN is=IDLE awp=false se=false i=true al=0},r=0,c=false/false,a=IDLE,uri=null,age=0} -> NetworkTrafficSocketChannelEndPoint@30336c14{/127.0.0.1:65065<->/127.0.0.1:8080,OPEN,fill=-,flush=-,to=0/30000}{io=0/0,kio=0,kro=0}-><null>,null,HttpChannelState@7fc99e59{s=IDLE rs=BLOCKING os=OPEN is=IDLE awp=false se=false i=true al=0}
13:19:16.856 [qtp490162356-144] DEBUG org.eclipse.jetty.server.HttpConnection - New HTTP Connection HttpConnection@54311e78::NetworkTrafficSocketChannelEndPoint@30336c14{/127.0.0.1:65065<->/127.0.0.1:8080,OPEN,fill=-,flush=-,to=0/30000}{io=0/0,kio=0,kro=0}-><null>
13:19:16.856 [qtp490162356-144] DEBUG org.eclipse.jetty.io.AbstractEndPoint - onOpen NetworkTrafficSocketChannelEndPoint@30336c14{/127.0.0.1:65065<->/127.0.0.1:8080,OPEN,fill=-,flush=-,to=1/30000}{io=0/0,kio=0,kro=0}->HttpConnection@54311e78[p=HttpParser{s=START,0 of -1},g=HttpGenerator@4e7cc718{s=START}]=>HttpChannelOverHttp@3acb0764{s=HttpChannelState@7fc99e59{s=IDLE rs=BLOCKING os=OPEN is=IDLE awp=false se=false i=true al=0},r=0,c=false/false,a=IDLE,uri=null,age=0}
13:19:16.856 [qtp490162356-144] DEBUG org.eclipse.jetty.io.AbstractConnection - onOpen HttpConnection@54311e78::NetworkTrafficSocketChannelEndPoint@30336c14{/127.0.0.1:65065<->/127.0.0.1:8080,OPEN,fill=-,flush=-,to=1/30000}{io=0/0,kio=0,kro=0}->HttpConnection@54311e78[p=HttpParser{s=START,0 of -1},g=HttpGenerator@4e7cc718{s=START}]=>HttpChannelOverHttp@3acb0764{s=HttpChannelState@7fc99e59{s=IDLE rs=BLOCKING os=OPEN is=IDLE awp=false se=false i=true al=0},r=0,c=false/false,a=IDLE,uri=null,age=0}
13:19:16.856 [qtp490162356-144] DEBUG org.eclipse.jetty.io.AbstractConnection - fillInterested HttpConnection@54311e78::NetworkTrafficSocketChannelEndPoint@30336c14{/127.0.0.1:65065<->/127.0.0.1:8080,OPEN,fill=-,flush=-,to=1/30000}{io=0/0,kio=0,kro=0}->HttpConnection@54311e78[p=HttpParser{s=START,0 of -1},g=HttpGenerator@4e7cc718{s=START}]=>HttpChannelOverHttp@3acb0764{s=HttpChannelState@7fc99e59{s=IDLE rs=BLOCKING os=OPEN is=IDLE awp=false se=false i=true al=0},r=0,c=false/false,a=IDLE,uri=null,age=0}
13:19:16.856 [qtp490162356-144] DEBUG org.eclipse.jetty.io.FillInterest - interested FillInterest@2c6e1994{AC.ReadCB@54311e78{HttpConnection@54311e78::NetworkTrafficSocketChannelEndPoint@30336c14{/127.0.0.1:65065<->/127.0.0.1:8080,OPEN,fill=FI,flush=-,to=0/30000}{io=0/0,kio=0,kro=0}->HttpConnection@54311e78[p=HttpParser{s=START,0 of -1},g=HttpGenerator@4e7cc718{s=START}]=>HttpChannelOverHttp@3acb0764{s=HttpChannelState@7fc99e59{s=IDLE rs=BLOCKING os=OPEN is=IDLE awp=false se=false i=true al=0},r=0,c=false/false,a=IDLE,uri=null,age=0}}}
13:19:16.856 [qtp490162356-144] DEBUG org.eclipse.jetty.io.ChannelEndPoint - changeInterests p=false 0->1 for NetworkTrafficSocketChannelEndPoint@30336c14{/127.0.0.1:65065<->/127.0.0.1:8080,OPEN,fill=FI,flush=-,to=0/30000}{io=0/1,kio=0,kro=0}->HttpConnection@54311e78[p=HttpParser{s=START,0 of -1},g=HttpGenerator@4e7cc718{s=START}]=>HttpChannelOverHttp@3acb0764{s=HttpChannelState@7fc99e59{s=IDLE rs=BLOCKING os=OPEN is=IDLE awp=false se=false i=true al=0},r=0,c=false/false,a=IDLE,uri=null,age=0}
13:19:16.857 [qtp490162356-144] DEBUG org.eclipse.jetty.io.ManagedSelector - Queued change org.eclipse.jetty.io.ChannelEndPoint$1@1fe66116 on ManagedSelector@4638bfa1{STARTED} id=1 keys=1 selected=0 updates=0
13:19:16.857 [qtp490162356-144] DEBUG org.eclipse.jetty.io.ManagedSelector - Wakeup on submit ManagedSelector@4638bfa1{STARTED} id=1 keys=1 selected=0 updates=1
13:19:16.857 [qtp490162356-140] DEBUG org.eclipse.jetty.io.ManagedSelector - Selector sun.nio.ch.WindowsSelectorImpl@1f984d8b woken with none selected
13:19:16.857 [qtp490162356-140] DEBUG org.eclipse.jetty.io.ManagedSelector - Selector sun.nio.ch.WindowsSelectorImpl@1f984d8b woken up from select, 0/0/1 selected
13:19:16.857 [qtp490162356-140] DEBUG org.eclipse.jetty.io.ManagedSelector - Selector sun.nio.ch.WindowsSelectorImpl@1f984d8b processing 0 keys, 1 updates
13:19:16.857 [qtp490162356-140] DEBUG org.eclipse.jetty.io.ManagedSelector - updateable 1
13:19:16.857 [qtp490162356-140] DEBUG org.eclipse.jetty.io.ManagedSelector - update org.eclipse.jetty.io.ChannelEndPoint$1@1fe66116
13:19:16.857 [qtp490162356-144] DEBUG org.eclipse.jetty.io.ManagedSelector - Created NetworkTrafficSocketChannelEndPoint@30336c14{/127.0.0.1:65065<->/127.0.0.1:8080,OPEN,fill=FI,flush=-,to=0/30000}{io=0/1,kio=0,kro=0}->HttpConnection@54311e78[p=HttpParser{s=START,0 of -1},g=HttpGenerator@4e7cc718{s=START}]=>HttpChannelOverHttp@3acb0764{s=HttpChannelState@7fc99e59{s=IDLE rs=BLOCKING os=OPEN is=IDLE awp=false se=false i=true al=0},r=0,c=false/false,a=IDLE,uri=null,age=0}
13:19:16.857 [qtp490162356-140] DEBUG org.eclipse.jetty.io.ChannelEndPoint - Key interests updated 0 -> 1 on NetworkTrafficSocketChannelEndPoint@30336c14{/127.0.0.1:65065<->/127.0.0.1:8080,OPEN,fill=FI,flush=-,to=0/30000}{io=1/1,kio=1,kro=0}->HttpConnection@54311e78[p=HttpParser{s=START,0 of -1},g=HttpGenerator@4e7cc718{s=START}]=>HttpChannelOverHttp@3acb0764{s=HttpChannelState@7fc99e59{s=IDLE rs=BLOCKING os=OPEN is=IDLE awp=false se=false i=true al=0},r=0,c=false/false,a=IDLE,uri=null,age=0}
13:19:16.857 [qtp490162356-140] DEBUG org.eclipse.jetty.io.ManagedSelector - updates 0
13:19:16.857 [qtp490162356-140] DEBUG org.eclipse.jetty.io.ManagedSelector - Selector sun.nio.ch.WindowsSelectorImpl@1f984d8b waiting with 1 keys
13:19:16.857 [qtp490162356-144] DEBUG org.eclipse.jetty.util.thread.QueuedThreadPool - ran org.eclipse.jetty.io.ManagedSelector$Accept@46cc3430 in QueuedThreadPool[qtp490162356]@1d3748b4{STARTED,8<=8<=14,i=2,r=1,q=0}[ReservedThreadExecutor@7ea74f5c{s=0/1,p=0}]
13:19:16.857 [qtp490162356-140] DEBUG org.eclipse.jetty.io.ManagedSelector - Selector sun.nio.ch.WindowsSelectorImpl@1f984d8b woken up from select, 1/1/1 selected
13:19:16.857 [qtp490162356-140] DEBUG org.eclipse.jetty.io.ManagedSelector - Selector sun.nio.ch.WindowsSelectorImpl@1f984d8b processing 1 keys, 0 updates
13:19:16.857 [qtp490162356-140] DEBUG org.eclipse.jetty.io.ManagedSelector - selected 1 channel=java.nio.channels.SocketChannel[connected local=/127.0.0.1:8080 remote=/127.0.0.1:65065], selector=sun.nio.ch.WindowsSelectorImpl@1f984d8b, interestOps=1, readyOps=1 NetworkTrafficSocketChannelEndPoint@30336c14{/127.0.0.1:65065<->/127.0.0.1:8080,OPEN,fill=FI,flush=-,to=0/30000}{io=1/1,kio=1,kro=1}->HttpConnection@54311e78[p=HttpParser{s=START,0 of -1},g=HttpGenerator@4e7cc718{s=START}]=>HttpChannelOverHttp@3acb0764{s=HttpChannelState@7fc99e59{s=IDLE rs=BLOCKING os=OPEN is=IDLE awp=false se=false i=true al=0},r=0,c=false/false,a=IDLE,uri=null,age=0} 
13:19:16.857 [qtp490162356-140] DEBUG org.eclipse.jetty.io.ChannelEndPoint - onSelected 1->0 r=true w=false for NetworkTrafficSocketChannelEndPoint@30336c14{/127.0.0.1:65065<->/127.0.0.1:8080,OPEN,fill=FI,flush=-,to=0/30000}{io=1/0,kio=1,kro=1}->HttpConnection@54311e78[p=HttpParser{s=START,0 of -1},g=HttpGenerator@4e7cc718{s=START}]=>HttpChannelOverHttp@3acb0764{s=HttpChannelState@7fc99e59{s=IDLE rs=BLOCKING os=OPEN is=IDLE awp=false se=false i=true al=0},r=0,c=false/false,a=IDLE,uri=null,age=0}
13:19:16.857 [qtp490162356-140] DEBUG org.eclipse.jetty.io.ChannelEndPoint - task CEP:NetworkTrafficSocketChannelEndPoint@30336c14{/127.0.0.1:65065<->/127.0.0.1:8080,OPEN,fill=FI,flush=-,to=1/30000}{io=1/0,kio=1,kro=1}->HttpConnection@54311e78[p=HttpParser{s=START,0 of -1},g=HttpGenerator@4e7cc718{s=START}]=>HttpChannelOverHttp@3acb0764{s=HttpChannelState@7fc99e59{s=IDLE rs=BLOCKING os=OPEN is=IDLE awp=false se=false i=true al=0},r=0,c=false/false,a=IDLE,uri=null,age=0}:runFillable:BLOCKING
13:19:16.858 [qtp490162356-140] DEBUG org.eclipse.jetty.util.thread.ReservedThreadExecutor - ReservedThreadExecutor@7ea74f5c{s=0/1,p=0} tryExecute EatWhatYouKill@16425b30/SelectorProducer@33ee897e/PRODUCING/p=false/QueuedThreadPool[qtp490162356]@1d3748b4{STARTED,8<=8<=14,i=3,r=1,q=0}[ReservedThreadExecutor@7ea74f5c{s=0/1,p=0}][pc=0,pic=0,pec=0,epc=0]@2020-09-25T13:19:16.8589081+02:00
13:19:16.858 [qtp490162356-140] DEBUG org.eclipse.jetty.util.thread.ReservedThreadExecutor - ReservedThreadExecutor@7ea74f5c{s=0/1,p=1} startReservedThread p=1
13:19:16.858 [qtp490162356-140] DEBUG org.eclipse.jetty.util.thread.QueuedThreadPool - queue ReservedThreadExecutor@7ea74f5c{s=0/1,p=1}@156026fb startThread=0
13:19:16.858 [qtp490162356-140] DEBUG org.eclipse.jetty.util.thread.strategy.EatWhatYouKill - EatWhatYouKill@16425b30/SelectorProducer@33ee897e/PRODUCING/p=false/QueuedThreadPool[qtp490162356]@1d3748b4{STARTED,8<=8<=14,i=2,r=1,q=0}[ReservedThreadExecutor@7ea74f5c{s=0/1,p=1}][pc=0,pic=0,pec=0,epc=0]@2020-09-25T13:19:16.8589081+02:00 m=PRODUCE_EXECUTE_CONSUME t=CEP:NetworkTrafficSocketChannelEndPoint@30336c14{/127.0.0.1:65065<->/127.0.0.1:8080,OPEN,fill=FI,flush=-,to=1/30000}{io=1/0,kio=1,kro=1}->HttpConnection@54311e78[p=HttpParser{s=START,0 of -1},g=HttpGenerator@4e7cc718{s=START}]=>HttpChannelOverHttp@3acb0764{s=HttpChannelState@7fc99e59{s=IDLE rs=BLOCKING os=OPEN is=IDLE awp=false se=false i=true al=0},r=0,c=false/false,a=IDLE,uri=null,age=0}:runFillable:BLOCKING/BLOCKING
13:19:16.858 [qtp490162356-145] DEBUG org.eclipse.jetty.util.thread.QueuedThreadPool - run ReservedThreadExecutor@7ea74f5c{s=0/1,p=1}@156026fb in QueuedThreadPool[qtp490162356]@1d3748b4{STARTED,8<=8<=14,i=2,r=1,q=0}[ReservedThreadExecutor@7ea74f5c{s=0/1,p=1}]
13:19:16.858 [qtp490162356-145] DEBUG org.eclipse.jetty.util.thread.ReservedThreadExecutor - ReservedThreadExecutor@7ea74f5c{s=1/1,p=1}@156026fb started
13:19:16.858 [qtp490162356-145] DEBUG org.eclipse.jetty.util.thread.ReservedThreadExecutor - ReservedThreadExecutor@7ea74f5c{s=1/1,p=0}@156026fb waiting
13:19:16.858 [qtp490162356-140] DEBUG org.eclipse.jetty.util.thread.QueuedThreadPool - queue CEP:NetworkTrafficSocketChannelEndPoint@30336c14{/127.0.0.1:65065<->/127.0.0.1:8080,OPEN,fill=FI,flush=-,to=1/30000}{io=1/0,kio=1,kro=1}->HttpConnection@54311e78[p=HttpParser{s=START,0 of -1},g=HttpGenerator@4e7cc718{s=START}]=>HttpChannelOverHttp@3acb0764{s=HttpChannelState@7fc99e59{s=IDLE rs=BLOCKING os=OPEN is=IDLE awp=false se=false i=true al=0},r=0,c=false/false,a=IDLE,uri=null,age=0}:runFillable:BLOCKING startThread=0
13:19:16.858 [qtp490162356-140] DEBUG org.eclipse.jetty.io.ManagedSelector - updateable 0
13:19:16.858 [qtp490162356-140] DEBUG org.eclipse.jetty.io.ManagedSelector - updates 0
13:19:16.858 [qtp490162356-140] DEBUG org.eclipse.jetty.io.ChannelEndPoint - Key interests updated 1 -> 0 on NetworkTrafficSocketChannelEndPoint@30336c14{/127.0.0.1:65065<->/127.0.0.1:8080,OPEN,fill=FI,flush=-,to=1/30000}{io=0/0,kio=0,kro=1}->HttpConnection@54311e78[p=HttpParser{s=START,0 of -1},g=HttpGenerator@4e7cc718{s=START}]=>HttpChannelOverHttp@3acb0764{s=HttpChannelState@7fc99e59{s=IDLE rs=BLOCKING os=OPEN is=IDLE awp=false se=false i=true al=0},r=0,c=false/false,a=IDLE,uri=null,age=0}
13:19:16.858 [qtp490162356-140] DEBUG org.eclipse.jetty.io.ManagedSelector - Selector sun.nio.ch.WindowsSelectorImpl@1f984d8b waiting with 1 keys
13:19:16.859 [qtp490162356-146] DEBUG org.eclipse.jetty.util.thread.QueuedThreadPool - run CEP:NetworkTrafficSocketChannelEndPoint@30336c14{/127.0.0.1:65065<->/127.0.0.1:8080,OPEN,fill=FI,flush=-,to=2/30000}{io=0/0,kio=0,kro=1}->HttpConnection@54311e78[p=HttpParser{s=START,0 of -1},g=HttpGenerator@4e7cc718{s=START}]=>HttpChannelOverHttp@3acb0764{s=HttpChannelState@7fc99e59{s=IDLE rs=BLOCKING os=OPEN is=IDLE awp=false se=false i=true al=0},r=0,c=false/false,a=IDLE,uri=null,age=0}:runFillable:BLOCKING in QueuedThreadPool[qtp490162356]@1d3748b4{STARTED,8<=8<=14,i=1,r=1,q=0}[ReservedThreadExecutor@7ea74f5c{s=1/1,p=0}]
13:19:16.859 [qtp490162356-146] DEBUG org.eclipse.jetty.io.FillInterest - fillable FillInterest@2c6e1994{AC.ReadCB@54311e78{HttpConnection@54311e78::NetworkTrafficSocketChannelEndPoint@30336c14{/127.0.0.1:65065<->/127.0.0.1:8080,OPEN,fill=FI,flush=-,to=2/30000}{io=0/0,kio=0,kro=1}->HttpConnection@54311e78[p=HttpParser{s=START,0 of -1},g=HttpGenerator@4e7cc718{s=START}]=>HttpChannelOverHttp@3acb0764{s=HttpChannelState@7fc99e59{s=IDLE rs=BLOCKING os=OPEN is=IDLE awp=false se=false i=true al=0},r=0,c=false/false,a=IDLE,uri=null,age=0}}}
13:19:16.859 [qtp490162356-146] DEBUG org.eclipse.jetty.server.HttpConnection - HttpConnection@54311e78::NetworkTrafficSocketChannelEndPoint@30336c14{/127.0.0.1:65065<->/127.0.0.1:8080,OPEN,fill=-,flush=-,to=2/30000}{io=0/0,kio=0,kro=1}->HttpConnection@54311e78[p=HttpParser{s=START,0 of -1},g=HttpGenerator@4e7cc718{s=START}]=>HttpChannelOverHttp@3acb0764{s=HttpChannelState@7fc99e59{s=IDLE rs=BLOCKING os=OPEN is=IDLE awp=false se=false i=true al=0},r=0,c=false/false,a=IDLE,uri=null,age=0} onFillable enter HttpChannelState@7fc99e59{s=IDLE rs=BLOCKING os=OPEN is=IDLE awp=false se=false i=true al=0} null
13:19:16.859 [qtp490162356-146] DEBUG org.eclipse.jetty.io.ChannelEndPoint - filled 873 HeapByteBuffer@70c805d2[p=0,l=873,c=8192,r=873]={<<<POST /__admin/mappings HT...rioState" : "logged"\r\n}>>>\x00\x00\x00\x00\x00\x00\x00\x00\x00...\x00\x00\x00\x00\x00\x00\x00}
13:19:16.860 [qtp490162356-146] DEBUG org.eclipse.jetty.server.HttpConnection - HttpConnection@54311e78::NetworkTrafficSocketChannelEndPoint@30336c14{/127.0.0.1:65065<->/127.0.0.1:8080,OPEN,fill=-,flush=-,to=0/30000}{io=0/0,kio=0,kro=1}->HttpConnection@54311e78[p=HttpParser{s=START,0 of -1},g=HttpGenerator@4e7cc718{s=START}]=>HttpChannelOverHttp@3acb0764{s=HttpChannelState@7fc99e59{s=IDLE rs=BLOCKING os=OPEN is=IDLE awp=false se=false i=true al=0},r=0,c=false/false,a=IDLE,uri=null,age=0} filled 873 HeapByteBuffer@70c805d2[p=0,l=873,c=8192,r=873]={<<<POST /__admin/mappings HT...rioState" : "logged"\r\n}>>>\x00\x00\x00\x00\x00\x00\x00\x00\x00...\x00\x00\x00\x00\x00\x00\x00}
13:19:16.860 [qtp490162356-146] DEBUG org.eclipse.jetty.server.HttpConnection - HttpConnection@54311e78::NetworkTrafficSocketChannelEndPoint@30336c14{/127.0.0.1:65065<->/127.0.0.1:8080,OPEN,fill=-,flush=-,to=0/30000}{io=0/0,kio=0,kro=1}->HttpConnection@54311e78[p=HttpParser{s=START,0 of -1},g=HttpGenerator@4e7cc718{s=START}]=>HttpChannelOverHttp@3acb0764{s=HttpChannelState@7fc99e59{s=IDLE rs=BLOCKING os=OPEN is=IDLE awp=false se=false i=true al=0},r=0,c=false/false,a=IDLE,uri=null,age=0} parse HeapByteBuffer@70c805d2[p=0,l=873,c=8192,r=873]={<<<POST /__admin/mappings HT...rioState" : "logged"\r\n}>>>\x00\x00\x00\x00\x00\x00\x00\x00\x00...\x00\x00\x00\x00\x00\x00\x00} {}
13:19:16.860 [qtp490162356-146] DEBUG org.eclipse.jetty.http.HttpParser - parseNext s=START HeapByteBuffer@70c805d2[p=0,l=873,c=8192,r=873]={<<<POST /__admin/mappings HT...rioState" : "logged"\r\n}>>>\x00\x00\x00\x00\x00\x00\x00\x00\x00...\x00\x00\x00\x00\x00\x00\x00}
13:19:16.860 [qtp490162356-146] DEBUG org.eclipse.jetty.http.HttpParser - START --> SPACE1
13:19:16.860 [qtp490162356-146] DEBUG org.eclipse.jetty.http.HttpParser - SPACE1 --> URI
13:19:16.860 [qtp490162356-146] DEBUG org.eclipse.jetty.http.HttpParser - URI --> SPACE2
13:19:16.860 [qtp490162356-146] DEBUG org.eclipse.jetty.http.HttpParser - SPACE2 --> REQUEST_VERSION
13:19:16.860 [qtp490162356-146] DEBUG org.eclipse.jetty.http.HttpParser - REQUEST_VERSION --> HEADER
13:19:16.860 [qtp490162356-146] DEBUG org.eclipse.jetty.http.HttpParser - HEADER:Content-Length --> VALUE
13:19:16.860 [qtp490162356-146] DEBUG org.eclipse.jetty.http.HttpParser - HEADER:Content-Length --> IN_VALUE
13:19:16.860 [qtp490162356-146] DEBUG org.eclipse.jetty.http.HttpParser - HEADER:Content-Length --> FIELD
13:19:16.860 [qtp490162356-146] DEBUG org.eclipse.jetty.http.HttpParser - HEADER:Content-Type: text/plain; charset=UTF-8 --> IN_VALUE
13:19:16.860 [qtp490162356-146] DEBUG org.eclipse.jetty.http.HttpParser - HEADER:Content-Type: text/plain; charset=UTF-8 --> FIELD
13:19:16.860 [qtp490162356-146] DEBUG org.eclipse.jetty.http.HttpParser - HEADER:Host --> VALUE
13:19:16.860 [qtp490162356-146] DEBUG org.eclipse.jetty.http.HttpParser - HEADER:Host --> IN_VALUE
13:19:16.860 [qtp490162356-146] DEBUG org.eclipse.jetty.http.HttpParser - HEADER:Host --> FIELD
13:19:16.860 [qtp490162356-146] DEBUG org.eclipse.jetty.http.HttpParser - HEADER:Connection: keep-alive --> IN_VALUE
13:19:16.860 [qtp490162356-146] DEBUG org.eclipse.jetty.http.HttpParser - HEADER:Connection: keep-alive --> FIELD
13:19:16.860 [qtp490162356-146] DEBUG org.eclipse.jetty.http.HttpParser - HEADER:User-Agent --> VALUE
13:19:16.861 [qtp490162356-146] DEBUG org.eclipse.jetty.http.HttpParser - HEADER:User-Agent --> IN_VALUE
13:19:16.861 [qtp490162356-146] DEBUG org.eclipse.jetty.http.HttpParser - HEADER:User-Agent --> FIELD
13:19:16.861 [qtp490162356-146] DEBUG org.eclipse.jetty.http.HttpParser - HEADER --> CONTENT
13:19:16.861 [qtp490162356-146] DEBUG org.eclipse.jetty.server.HttpChannel - REQUEST for //localhost:8080/__admin/mappings on HttpChannelOverHttp@3acb0764{s=HttpChannelState@7fc99e59{s=IDLE rs=BLOCKING os=OPEN is=IDLE awp=false se=false i=true al=0},r=1,c=false/false,a=IDLE,uri=//localhost:8080/__admin/mappings,age=0}
POST //localhost:8080/__admin/mappings HTTP/1.1
Content-Length: 678
Content-Type: text/plain; charset=UTF-8
Host: localhost:8080
Connection: keep-alive
User-Agent: Apache-HttpClient/4.5.12 (Java/11.0.2)


13:19:16.861 [qtp490162356-146] DEBUG org.eclipse.jetty.server.HttpConnection - HttpConnection@54311e78::NetworkTrafficSocketChannelEndPoint@30336c14{/127.0.0.1:65065<->/127.0.0.1:8080,OPEN,fill=-,flush=-,to=1/30000}{io=0/0,kio=0,kro=1}->HttpConnection@54311e78[p=HttpParser{s=CONTENT,0 of 678},g=HttpGenerator@4e7cc718{s=START}]=>HttpChannelOverHttp@3acb0764{s=HttpChannelState@7fc99e59{s=IDLE rs=BLOCKING os=OPEN is=IDLE awp=false se=false i=true al=0},r=1,c=false/false,a=IDLE,uri=//localhost:8080/__admin/mappings,age=0} parsed true HttpParser{s=CONTENT,0 of 678}
13:19:16.861 [qtp490162356-146] DEBUG org.eclipse.jetty.server.HttpChannel - handle //localhost:8080/__admin/mappings HttpChannelOverHttp@3acb0764{s=HttpChannelState@7fc99e59{s=IDLE rs=BLOCKING os=OPEN is=IDLE awp=false se=false i=true al=0},r=1,c=false/false,a=IDLE,uri=//localhost:8080/__admin/mappings,age=0} 
13:19:16.861 [qtp490162356-146] DEBUG org.eclipse.jetty.server.HttpChannelState - handling HttpChannelState@7fc99e59{s=IDLE rs=BLOCKING os=OPEN is=IDLE awp=false se=false i=true al=0}
13:19:16.861 [qtp490162356-146] DEBUG org.eclipse.jetty.server.HttpChannel - action DISPATCH HttpChannelOverHttp@3acb0764{s=HttpChannelState@7fc99e59{s=HANDLING rs=BLOCKING os=OPEN is=IDLE awp=false se=false i=true al=0},r=1,c=false/false,a=HANDLING,uri=//localhost:8080/__admin/mappings,age=0}
13:19:16.861 [qtp490162356-146] DEBUG org.eclipse.jetty.server.Server - REQUEST POST /__admin/mappings on HttpChannelOverHttp@3acb0764{s=HttpChannelState@7fc99e59{s=HANDLING rs=BLOCKING os=OPEN is=IDLE awp=false se=false i=true al=0},r=1,c=false/false,a=HANDLING,uri=//localhost:8080/__admin/mappings,age=0}
13:19:16.861 [qtp490162356-146] DEBUG org.eclipse.jetty.server.handler.ContextHandler - scope null||/__admin/mappings @ o.e.j.s.ServletContextHandler@723426a2{/__admin,null,AVAILABLE}
13:19:16.861 [qtp490162356-146] DEBUG org.eclipse.jetty.server.handler.ContextHandler - context=/__admin||/mappings @ o.e.j.s.ServletContextHandler@723426a2{/__admin,null,AVAILABLE}
13:19:16.861 [qtp490162356-146] DEBUG org.eclipse.jetty.servlet.ServletHandler - servlet /__admin|/mappings|null -> com.github.tomakehurst.wiremock.servlet.WireMockHandlerDispatchingServlet-7fb600dc@6dd0aa30==com.github.tomakehurst.wiremock.servlet.WireMockHandlerDispatchingServlet,jsp=null,order=-1,inst=false,async=true
13:19:16.861 [qtp490162356-146] DEBUG org.eclipse.jetty.servlet.ServletHandler - chain=org.eclipse.jetty.servlets.CrossOriginFilter-3950dc23@3950dc23==org.eclipse.jetty.servlets.CrossOriginFilter,inst=true,async=true->com.github.tomakehurst.wiremock.servlet.WireMockHandlerDispatchingServlet-7fb600dc@6dd0aa30==com.github.tomakehurst.wiremock.servlet.WireMockHandlerDispatchingServlet,jsp=null,order=-1,inst=false,async=true
13:19:16.861 [qtp490162356-146] DEBUG org.eclipse.jetty.servlet.ServletHolder - Servlet.init com.github.tomakehurst.wiremock.servlet.WireMockHandlerDispatchingServlet@7e0ff5bb for com.github.tomakehurst.wiremock.servlet.WireMockHandlerDispatchingServlet-7fb600dc
13:19:16.964 [qtp490162356-146] INFO org.eclipse.jetty.server.handler.ContextHandler.__admin - RequestHandlerClass from context returned com.github.tomakehurst.wiremock.http.AdminRequestHandler. Normalized mapped under returned 'null'
13:19:16.964 [qtp490162356-146] DEBUG org.eclipse.jetty.servlet.ServletHandler - call filter org.eclipse.jetty.servlets.CrossOriginFilter-3950dc23@3950dc23==org.eclipse.jetty.servlets.CrossOriginFilter,inst=true,async=true
13:19:16.965 [qtp490162356-146] DEBUG org.eclipse.jetty.servlet.ServletHandler - call servlet com.github.tomakehurst.wiremock.servlet.WireMockHandlerDispatchingServlet-7fb600dc@6dd0aa30==com.github.tomakehurst.wiremock.servlet.WireMockHandlerDispatchingServlet,jsp=null,order=-1,inst=true,async=true
13:19:16.965 [qtp490162356-146] DEBUG org.eclipse.jetty.server.HttpConnection - HttpConnection@54311e78::NetworkTrafficSocketChannelEndPoint@30336c14{/127.0.0.1:65065<->/127.0.0.1:8080,OPEN,fill=-,flush=-,to=105/30000}{io=0/0,kio=0,kro=1}->HttpConnection@54311e78[p=HttpParser{s=CONTENT,0 of 678},g=HttpGenerator@4e7cc718{s=START}]=>HttpChannelOverHttp@3acb0764{s=HttpChannelState@7fc99e59{s=HANDLING rs=BLOCKING os=OPEN is=IDLE awp=false se=false i=true al=0},r=1,c=false/false,a=HANDLING,uri=//localhost:8080/__admin/mappings,age=104} parse HeapByteBuffer@70c805d2[p=195,l=873,c=8192,r=678]={POST /__a....2)\r\n\r\n<<<{\r\n  "id" : "440b9875-ac3...rioState" : "logged"\r\n}>>>\x00\x00\x00\x00\x00\x00\x00\x00\x00...\x00\x00\x00\x00\x00\x00\x00} {}
13:19:16.965 [qtp490162356-146] DEBUG org.eclipse.jetty.http.HttpParser - parseNext s=CONTENT HeapByteBuffer@70c805d2[p=195,l=873,c=8192,r=678]={POST /__a....2)\r\n\r\n<<<{\r\n  "id" : "440b9875-ac3...rioState" : "logged"\r\n}>>>\x00\x00\x00\x00\x00\x00\x00\x00\x00...\x00\x00\x00\x00\x00\x00\x00}
13:19:16.965 [qtp490162356-146] DEBUG org.eclipse.jetty.server.HttpChannel - onContent HttpChannelOverHttp@3acb0764{s=HttpChannelState@7fc99e59{s=HANDLING rs=BLOCKING os=OPEN is=IDLE awp=false se=false i=true al=0},r=1,c=false/false,a=HANDLING,uri=//localhost:8080/__admin/mappings,age=104} Content@7a306ea2{HeapByteBufferR@3f32ff80[p=195,l=873,c=8192,r=678]={POST /__a....2)\r\n\r\n<<<{\r\n  "id" : "440b9875-ac3...rioState" : "logged"\r\n}>>>\x00\x00\x00\x00\x00\x00\x00\x00\x00...\x00\x00\x00\x00\x00\x00\x00}}
13:19:16.965 [qtp490162356-146] DEBUG org.eclipse.jetty.server.HttpInput - HttpInputOverHTTP@fe49b21[c=0,q=0,[0]=null,s=STREAM] addContent Content@7a306ea2{HeapByteBufferR@3f32ff80[p=195,l=873,c=8192,r=678]={POST /__a....2)\r\n\r\n<<<{\r\n  "id" : "440b9875-ac3...rioState" : "logged"\r\n}>>>\x00\x00\x00\x00\x00\x00\x00\x00\x00...\x00\x00\x00\x00\x00\x00\x00}}
13:19:16.965 [qtp490162356-146] DEBUG org.eclipse.jetty.http.HttpParser - CONTENT --> CONTENT_END
13:19:16.965 [qtp490162356-146] DEBUG org.eclipse.jetty.server.HttpChannel - onContentComplete HttpChannelOverHttp@3acb0764{s=HttpChannelState@7fc99e59{s=HANDLING rs=BLOCKING os=OPEN is=IDLE awp=false se=false i=true al=0},r=1,c=false/false,a=HANDLING,uri=//localhost:8080/__admin/mappings,age=104}
13:19:16.965 [qtp490162356-146] DEBUG org.eclipse.jetty.http.HttpParser - CONTENT_END --> END
13:19:16.965 [qtp490162356-146] DEBUG org.eclipse.jetty.server.HttpChannel - onRequestComplete HttpChannelOverHttp@3acb0764{s=HttpChannelState@7fc99e59{s=HANDLING rs=BLOCKING os=OPEN is=IDLE awp=false se=false i=true al=0},r=1,c=false/false,a=HANDLING,uri=//localhost:8080/__admin/mappings,age=104}
13:19:16.965 [qtp490162356-146] DEBUG org.eclipse.jetty.server.HttpInput - HttpInputOverHTTP@fe49b21[c=0,q=1,[0]=EOF,s=STREAM] addContent EOF
13:19:16.965 [qtp490162356-146] DEBUG org.eclipse.jetty.server.HttpConnection - HttpConnection@54311e78::NetworkTrafficSocketChannelEndPoint@30336c14{/127.0.0.1:65065<->/127.0.0.1:8080,OPEN,fill=-,flush=-,to=105/30000}{io=0/0,kio=0,kro=1}->HttpConnection@54311e78[p=HttpParser{s=END,678 of 678},g=HttpGenerator@4e7cc718{s=START}]=>HttpChannelOverHttp@3acb0764{s=HttpChannelState@7fc99e59{s=HANDLING rs=BLOCKING os=OPEN is=IDLE awp=false se=false i=true al=0},r=1,c=false/false,a=HANDLING,uri=//localhost:8080/__admin/mappings,age=104} parsed false HttpParser{s=END,678 of 678}
13:19:16.965 [qtp490162356-146] DEBUG org.eclipse.jetty.server.HttpInput - HttpInputOverHTTP@fe49b21[c=678,q=1,[0]=EOF,s=STREAM] read 678 from Content@7a306ea2{HeapByteBufferR@3f32ff80[p=873,l=873,c=8192,r=0]={POST /__a...ged"\r\n}<<<>>>\x00\x00\x00\x00\x00\x00\x00\x00\x00...\x00\x00\x00\x00\x00\x00\x00}}
13:19:16.966 [qtp490162356-146] DEBUG org.eclipse.jetty.server.HttpConnection - releaseRequestBuffer HttpConnection@54311e78::NetworkTrafficSocketChannelEndPoint@30336c14{/127.0.0.1:65065<->/127.0.0.1:8080,OPEN,fill=-,flush=-,to=106/30000}{io=0/0,kio=0,kro=1}->HttpConnection@54311e78[p=HttpParser{s=END,678 of 678},g=HttpGenerator@4e7cc718{s=START}]=>HttpChannelOverHttp@3acb0764{s=HttpChannelState@7fc99e59{s=HANDLING rs=BLOCKING os=OPEN is=IDLE awp=false se=false i=true al=0},r=1,c=false/false,a=HANDLING,uri=//localhost:8080/__admin/mappings,age=105}
13:19:16.966 [qtp490162356-146] DEBUG org.eclipse.jetty.server.HttpChannelState - onEof HttpChannelState@7fc99e59{s=HANDLING rs=BLOCKING os=OPEN is=IDLE awp=false se=false i=true al=0}
13:19:16.989 [qtp490162356-146] DEBUG org.eclipse.jetty.server.HttpOutput - write(array HeapByteBuffer@748ba59e[p=0,l=678,c=8192,r=678]={<<<{\r\n  "id" : "440b9875-ac3...rioState" : "logged"\r\n}>>>\x00\x00\x00\x00\x00\x00\x00\x00\x00...\x00\x00\x00\x00\x00\x00\x00})
13:19:16.989 [qtp490162356-146] DEBUG org.eclipse.jetty.server.HttpOutput - write(array) s=OPEN,api=BLOCKING,sc=false,e=null aggregated !flush DirectByteBuffer@42500b19[p=0,l=678,c=32768,r=678]={<<<{\r\n  "id" : "440b9875-ac3...rioState" : "logged"\r\n}>>>\x00\x00\x00\x00\x00\x00\x00\x00\x00...\x00\x00\x00\x00\x00\x00\x00}
13:19:16.989 [qtp490162356-146] DEBUG org.eclipse.jetty.server.HttpChannel - sendResponse info=null content=DirectByteBuffer@42500b19[p=0,l=678,c=32768,r=678]={<<<{\r\n  "id" : "440b9875-ac3...rioState" : "logged"\r\n}>>>\x00\x00\x00\x00\x00\x00\x00\x00\x00...\x00\x00\x00\x00\x00\x00\x00} complete=false committing=true callback=Blocker@6cff555b{null}
13:19:16.989 [qtp490162356-146] DEBUG org.eclipse.jetty.server.HttpChannel - COMMIT for /__admin/mappings on HttpChannelOverHttp@3acb0764{s=HttpChannelState@7fc99e59{s=HANDLING rs=BLOCKING os=COMMITTED is=READY awp=false se=false i=true al=0},r=1,c=false/false,a=HANDLING,uri=//localhost:8080/__admin/mappings,age=128}
201 null HTTP/1.1
Content-Type: application/json


13:19:16.989 [qtp490162356-146] DEBUG org.eclipse.jetty.server.HttpConnection - generate: NEED_HEADER for org.eclipse.jetty.server.HttpConnection$SendCallback@5b533b73[PROCESSING][i=HTTP/1.1{s=201,h=1,cl=-1},cb=org.eclipse.jetty.server.HttpChannel$SendCallback@725dd2d2] (null,[p=0,l=678,c=32768,r=678],false)@START
13:19:16.990 [qtp490162356-146] DEBUG org.eclipse.jetty.http.HttpGenerator - generateHeaders HTTP/1.1{s=201,h=1,cl=-1} last=false content=DirectByteBuffer@42500b19[p=0,l=678,c=32768,r=678]={<<<{\r\n  "id" : "440b9875-ac3...rioState" : "logged"\r\n}>>>\x00\x00\x00\x00\x00\x00\x00\x00\x00...\x00\x00\x00\x00\x00\x00\x00}
13:19:16.990 [qtp490162356-146] DEBUG org.eclipse.jetty.http.HttpGenerator - Content-Type: application/json


13:19:16.990 [qtp490162356-146] DEBUG org.eclipse.jetty.http.HttpGenerator - CHUNKED_CONTENT
13:19:16.990 [qtp490162356-146] DEBUG org.eclipse.jetty.server.HttpConnection - generate: FLUSH for org.eclipse.jetty.server.HttpConnection$SendCallback@5b533b73[PROCESSING][i=HTTP/1.1{s=201,h=1,cl=-1},cb=org.eclipse.jetty.server.HttpChannel$SendCallback@725dd2d2] ([p=0,l=122,c=8192,r=122],[p=0,l=678,c=32768,r=678],false)@COMMITTED
13:19:16.990 [qtp490162356-146] DEBUG org.eclipse.jetty.io.WriteFlusher - write: WriteFlusher@30171743{IDLE}->null [HeapByteBuffer@70c805d2[p=0,l=122,c=8192,r=122]={<<<HTTP/1.1 201 Created\r\nCon....28.v20200408)\r\n\r\n2A6\r\n>>>ction: Ke...\x00\x00\x00\x00\x00\x00\x00},DirectByteBuffer@42500b19[p=0,l=678,c=32768,r=678]={<<<{\r\n  "id" : "440b9875-ac3...rioState" : "logged"\r\n}>>>\x00\x00\x00\x00\x00\x00\x00\x00\x00...\x00\x00\x00\x00\x00\x00\x00}]
13:19:16.990 [qtp490162356-146] DEBUG org.eclipse.jetty.io.WriteFlusher - update WriteFlusher@30171743{WRITING}->null:IDLE-->WRITING
13:19:16.990 [Test worker] DEBUG org.apache.http.wire - http-outgoing-7 << "HTTP/1.1 201 Created[\r][\n]"
13:19:16.990 [Test worker] DEBUG org.apache.http.wire - http-outgoing-7 << "Content-Type: application/json[\r][\n]"
13:19:16.990 [Test worker] DEBUG org.apache.http.wire - http-outgoing-7 << "Transfer-Encoding: chunked[\r][\n]"
13:19:16.990 [Test worker] DEBUG org.apache.http.wire - http-outgoing-7 << "Server: Jetty(9.4.28.v20200408)[\r][\n]"
13:19:16.990 [Test worker] DEBUG org.apache.http.wire - http-outgoing-7 << "[\r][\n]"
13:19:16.990 [Test worker] DEBUG org.apache.http.wire - http-outgoing-7 << "2A6[\r][\n]"
13:19:16.990 [qtp490162356-146] DEBUG org.eclipse.jetty.io.ChannelEndPoint - flushed 122 NetworkTrafficSocketChannelEndPoint@30336c14{/127.0.0.1:65065<->/127.0.0.1:8080,OPEN,fill=-,flush=W,to=130/30000}{io=0/0,kio=0,kro=1}->HttpConnection@54311e78[p=HttpParser{s=END,678 of 678},g=HttpGenerator@4e7cc718{s=COMMITTED}]=>HttpChannelOverHttp@3acb0764{s=HttpChannelState@7fc99e59{s=HANDLING rs=BLOCKING os=COMMITTED is=READY awp=false se=false i=true al=0},r=1,c=false/false,a=HANDLING,uri=//localhost:8080/__admin/mappings,age=129}
13:19:16.990 [Test worker] DEBUG org.apache.http.headers - http-outgoing-7 << HTTP/1.1 201 Created
13:19:16.990 [Test worker] DEBUG org.apache.http.headers - http-outgoing-7 << Content-Type: application/json
13:19:16.990 [Test worker] DEBUG org.apache.http.headers - http-outgoing-7 << Transfer-Encoding: chunked
13:19:16.990 [Test worker] DEBUG org.apache.http.headers - http-outgoing-7 << Server: Jetty(9.4.28.v20200408)
13:19:16.990 [qtp490162356-146] DEBUG org.eclipse.jetty.io.ChannelEndPoint - flushed 678 NetworkTrafficSocketChannelEndPoint@30336c14{/127.0.0.1:65065<->/127.0.0.1:8080,OPEN,fill=-,flush=W,to=0/30000}{io=0/0,kio=0,kro=1}->HttpConnection@54311e78[p=HttpParser{s=END,678 of 678},g=HttpGenerator@4e7cc718{s=COMMITTED}]=>HttpChannelOverHttp@3acb0764{s=HttpChannelState@7fc99e59{s=HANDLING rs=BLOCKING os=COMMITTED is=READY awp=false se=false i=true al=0},r=1,c=false/false,a=HANDLING,uri=//localhost:8080/__admin/mappings,age=129}
13:19:16.990 [qtp490162356-146] DEBUG org.eclipse.jetty.io.WriteFlusher - Flushed=true written=800 remaining=0 WriteFlusher@30171743{WRITING}->null
13:19:16.990 [qtp490162356-146] DEBUG org.eclipse.jetty.io.WriteFlusher - update WriteFlusher@30171743{IDLE}->null:WRITING-->IDLE
13:19:16.990 [qtp490162356-146] DEBUG org.eclipse.jetty.server.HttpConnection - generate: DONE for org.eclipse.jetty.server.HttpConnection$SendCallback@5b533b73[PROCESSING][i=HTTP/1.1{s=201,h=1,cl=-1},cb=org.eclipse.jetty.server.HttpChannel$SendCallback@725dd2d2] ([p=122,l=122,c=8192,r=0],[p=678,l=678,c=32768,r=0],false)@COMMITTED
13:19:16.990 [Test worker] DEBUG org.apache.http.impl.execchain.MainClientExec - Connection can be kept alive indefinitely
13:19:16.990 [qtp490162356-146] DEBUG org.eclipse.jetty.server.HttpOutput - onWriteComplete(false,null) s=OPEN,api=BLOCKED,sc=false,e=null->s=OPEN,api=BLOCKING,sc=false,e=null c=null cb=null w=false
13:19:16.990 [qtp490162356-146] DEBUG org.eclipse.jetty.server.HttpOutput - close() s=CLOSING,api=BLOCKED,sc=false,e=null c=HeapByteBuffer@137d328[p=0,l=0,c=0,r=0]={<<<>>>} b=Blocker@6cff555b{null}
13:19:16.990 [qtp490162356-146] DEBUG org.eclipse.jetty.server.HttpChannel - sendResponse info=null content=HeapByteBuffer@137d328[p=0,l=0,c=0,r=0]={<<<>>>} complete=true committing=false callback=Blocker@6cff555b{null}
13:19:16.990 [qtp490162356-146] DEBUG org.eclipse.jetty.server.HttpConnection - generate: CONTINUE for org.eclipse.jetty.server.HttpConnection$SendCallback@5b533b73[PROCESSING][i=null,cb=org.eclipse.jetty.server.HttpChannel$SendCallback@26d4c997] (null,[p=0,l=0,c=0,r=0],true)@COMPLETING
13:19:16.991 [qtp490162356-146] DEBUG org.eclipse.jetty.server.HttpConnection - generate: NEED_CHUNK for org.eclipse.jetty.server.HttpConnection$SendCallback@5b533b73[PROCESSING][i=null,cb=org.eclipse.jetty.server.HttpChannel$SendCallback@26d4c997] (null,[p=0,l=0,c=0,r=0],true)@COMPLETING
13:19:16.991 [qtp490162356-146] DEBUG org.eclipse.jetty.server.HttpConnection - generate: FLUSH for org.eclipse.jetty.server.HttpConnection$SendCallback@5b533b73[PROCESSING][i=null,cb=org.eclipse.jetty.server.HttpChannel$SendCallback@26d4c997] (null,[p=0,l=0,c=0,r=0],true)@COMPLETING
13:19:16.991 [Test worker] DEBUG org.apache.http.wire - http-outgoing-7 << "{[\r][\n]"
13:19:16.991 [Test worker] DEBUG org.apache.http.wire - http-outgoing-7 << "  "id" : "440b9875-ac3f-47e8-9ed2-847b1ec5c079",[\r][\n]"
13:19:16.991 [Test worker] DEBUG org.apache.http.wire - http-outgoing-7 << "  "request" : {[\r][\n]"
13:19:16.991 [qtp490162356-146] DEBUG org.eclipse.jetty.io.WriteFlusher - write: WriteFlusher@30171743{IDLE}->null [HeapByteBuffer@641ef69d[p=0,l=7,c=1024,r=7]={<<<\r\n0\r\n\r\n>>>\x00\x00\x00\x00\x00\x00\x00\x00\x00...\x00\x00\x00\x00\x00\x00\x00}]
13:19:16.991 [qtp490162356-146] DEBUG org.eclipse.jetty.io.WriteFlusher - update WriteFlusher@30171743{WRITING}->null:IDLE-->WRITING
13:19:16.991 [Test worker] DEBUG org.apache.http.wire - http-outgoing-7 << "    "url" : "/api/v0/components/login",[\r][\n]"
13:19:16.991 [Test worker] DEBUG org.apache.http.wire - http-outgoing-7 << "    "method" : "POST",[\r][\n]"
13:19:16.991 [Test worker] DEBUG org.apache.http.wire - http-outgoing-7 << "    "headers" : {[\r][\n]"
13:19:16.991 [Test worker] DEBUG org.apache.http.wire - http-outgoing-7 << "      "Content-Type" : {[\r][\n]"
13:19:16.991 [Test worker] DEBUG org.apache.http.wire - http-outgoing-7 << "        "equalTo" : "application/json"[\r][\n]"
13:19:16.991 [Test worker] DEBUG org.apache.http.wire - http-outgoing-7 << "      }[\r][\n]"
13:19:16.991 [Test worker] DEBUG org.apache.http.wire - http-outgoing-7 << "    },[\r][\n]"
13:19:16.991 [Test worker] DEBUG org.apache.http.wire - http-outgoing-7 << "    "bodyPatterns" : [ {[\r][\n]"
13:19:16.991 [Test worker] DEBUG org.apache.http.wire - http-outgoing-7 << "      "equalTo" : "{\"password\":\"123456\",\"username\":\"catalogClientApi\"}"[\r][\n]"
13:19:16.991 [Test worker] DEBUG org.apache.http.wire - http-outgoing-7 << "    } ][\r][\n]"
13:19:16.991 [Test worker] DEBUG org.apache.http.wire - http-outgoing-7 << "  },[\r][\n]"
13:19:16.991 [Test worker] DEBUG org.apache.http.wire - http-outgoing-7 << "  "response" : {[\r][\n]"
13:19:16.991 [Test worker] DEBUG org.apache.http.wire - http-outgoing-7 << "    "status" : 200,[\r][\n]"
13:19:16.991 [Test worker] DEBUG org.apache.http.wire - http-outgoing-7 << "    "body" : "{\"token\":\"someToken\"}",[\r][\n]"
13:19:16.991 [Test worker] DEBUG org.apache.http.wire - http-outgoing-7 << "    "headers" : {[\r][\n]"
13:19:16.991 [Test worker] DEBUG org.apache.http.wire - http-outgoing-7 << "      "Content-Type" : "application/json"[\r][\n]"
13:19:16.991 [Test worker] DEBUG org.apache.http.wire - http-outgoing-7 << "    }[\r][\n]"
13:19:16.991 [Test worker] DEBUG org.apache.http.wire - http-outgoing-7 << "  },[\r][\n]"
13:19:16.991 [Test worker] DEBUG org.apache.http.wire - http-outgoing-7 << "  "uuid" : "440b9875-ac3f-47e8-9ed2-847b1ec5c079",[\r][\n]"
13:19:16.991 [Test worker] DEBUG org.apache.http.wire - http-outgoing-7 << "  "scenarioName" : "unAuthorized",[\r][\n]"
13:19:16.991 [Test worker] DEBUG org.apache.http.wire - http-outgoing-7 << "  "requiredScenarioState" : "Started",[\r][\n]"
13:19:16.991 [Test worker] DEBUG org.apache.http.wire - http-outgoing-7 << "  "newScenarioState" : "logged"[\r][\n]"
13:19:16.991 [Test worker] DEBUG org.apache.http.wire - http-outgoing-7 << "}"
13:19:16.991 [qtp490162356-146] DEBUG org.eclipse.jetty.io.ChannelEndPoint - flushed 7 NetworkTrafficSocketChannelEndPoint@30336c14{/127.0.0.1:65065<->/127.0.0.1:8080,OPEN,fill=-,flush=W,to=0/30000}{io=0/0,kio=0,kro=1}->HttpConnection@54311e78[p=HttpParser{s=END,678 of 678},g=HttpGenerator@4e7cc718{s=COMPLETING}]=>HttpChannelOverHttp@3acb0764{s=HttpChannelState@7fc99e59{s=HANDLING rs=BLOCKING os=COMMITTED is=READY awp=false se=false i=true al=0},r=1,c=false/false,a=HANDLING,uri=//localhost:8080/__admin/mappings,age=130}
13:19:16.991 [Test worker] DEBUG org.apache.http.wire - http-outgoing-7 << "[\r][\n]"
13:19:16.991 [Test worker] DEBUG org.apache.http.wire - http-outgoing-7 << "0[\r][\n]"
13:19:16.991 [Test worker] DEBUG org.apache.http.wire - http-outgoing-7 << "[\r][\n]"
13:19:16.991 [qtp490162356-146] DEBUG org.eclipse.jetty.io.WriteFlusher - Flushed=true written=7 remaining=0 WriteFlusher@30171743{WRITING}->null
13:19:16.991 [qtp490162356-146] DEBUG org.eclipse.jetty.io.WriteFlusher - update WriteFlusher@30171743{IDLE}->null:WRITING-->IDLE
13:19:16.991 [qtp490162356-146] DEBUG org.eclipse.jetty.server.HttpConnection - generate: DONE for org.eclipse.jetty.server.HttpConnection$SendCallback@5b533b73[PROCESSING][i=null,cb=org.eclipse.jetty.server.HttpChannel$SendCallback@26d4c997] (null,[p=0,l=0,c=0,r=0],true)@END
13:19:16.991 [Test worker] DEBUG org.apache.http.impl.conn.PoolingHttpClientConnectionManager - Connection [id: 7][route: {}->http://localhost:8080] can be kept alive indefinitely
13:19:16.991 [Test worker] DEBUG org.apache.http.impl.conn.DefaultManagedHttpClientConnection - http-outgoing-7: set socket timeout to 0
13:19:16.991 [Test worker] DEBUG org.apache.http.impl.conn.PoolingHttpClientConnectionManager - Connection released: [id: 7][route: {}->http://localhost:8080][total available: 1; route allocated: 1 of 5; total allocated: 1 of 50]
13:19:16.991 [qtp490162356-146] DEBUG org.eclipse.jetty.server.HttpOutput - onWriteComplete(true,null) s=CLOSING,api=BLOCKED,sc=false,e=null->s=CLOSED,api=BLOCKING,sc=false,e=null c=null cb=null w=false
13:19:16.991 [qtp490162356-146] DEBUG org.eclipse.jetty.server.handler.gzip.GzipHandler - GzipHandler@431b20d4{STARTED,min=32,inflate=-1} handle Request[POST //localhost:8080/__admin/mappings]@7849638e in null
13:19:16.991 [qtp490162356-146] DEBUG org.eclipse.jetty.server.handler.ContextHandler - scope null||/__admin/mappings @ o.e.j.s.ServletContextHandler@70938873{/,null,AVAILABLE}
13:19:16.991 [qtp490162356-146] DEBUG org.eclipse.jetty.server.Server - handled=true async=false committed=true on HttpChannelOverHttp@3acb0764{s=HttpChannelState@7fc99e59{s=HANDLING rs=BLOCKING os=COMPLETED is=READY awp=false se=false i=true al=0},r=1,c=false/true,a=HANDLING,uri=//localhost:8080/__admin/mappings,age=130}
13:19:16.991 [qtp490162356-146] DEBUG org.eclipse.jetty.server.HttpChannelState - unhandle HttpChannelState@7fc99e59{s=HANDLING rs=BLOCKING os=COMPLETED is=READY awp=false se=false i=true al=0}
13:19:16.991 [qtp490162356-146] DEBUG org.eclipse.jetty.server.HttpChannelState - nextAction(false) COMPLETE HttpChannelState@7fc99e59{s=HANDLING rs=COMPLETING os=COMPLETED is=READY awp=false se=false i=false al=0}
13:19:16.991 [qtp490162356-146] DEBUG org.eclipse.jetty.server.HttpChannel - action COMPLETE HttpChannelOverHttp@3acb0764{s=HttpChannelState@7fc99e59{s=HANDLING rs=COMPLETING os=COMPLETED is=READY awp=false se=false i=false al=0},r=1,c=false/true,a=HANDLING,uri=//localhost:8080/__admin/mappings,age=130}
13:19:16.991 [qtp490162356-146] DEBUG org.eclipse.jetty.server.HttpOutput - complete(org.eclipse.jetty.util.Callback$4@706ccecb) s=CLOSED,api=BLOCKING,sc=false,e=null s=true e=null, c=null
13:19:16.991 [qtp490162356-146] DEBUG org.eclipse.jetty.server.HttpChannelState - completed HttpChannelState@7fc99e59{s=HANDLING rs=COMPLETING os=COMPLETED is=READY awp=false se=false i=false al=0}
13:19:16.991 [qtp490162356-146] DEBUG org.eclipse.jetty.server.HttpChannelState - unhandle HttpChannelState@7fc99e59{s=HANDLING rs=COMPLETED os=COMPLETED is=READY awp=false se=false i=false al=0}
13:19:16.991 [qtp490162356-146] DEBUG org.eclipse.jetty.server.HttpChannelState - nextAction(false) TERMINATED HttpChannelState@7fc99e59{s=IDLE rs=COMPLETED os=COMPLETED is=READY awp=false se=false i=false al=0}
13:19:16.992 [qtp490162356-146] DEBUG org.eclipse.jetty.server.HttpChannel - action TERMINATED HttpChannelOverHttp@3acb0764{s=HttpChannelState@7fc99e59{s=IDLE rs=COMPLETED os=COMPLETED is=READY awp=false se=false i=false al=0},r=1,c=true/true,a=IDLE,uri=//localhost:8080/__admin/mappings,age=131}
13:19:16.992 [qtp490162356-146] DEBUG org.eclipse.jetty.server.HttpChannel - onCompleted for /__admin/mappings written=678
13:19:16.992 [qtp490162356-146] DEBUG org.eclipse.jetty.server.HttpChannelState - recycle HttpChannelState@7fc99e59{s=IDLE rs=COMPLETED os=COMPLETED is=READY awp=false se=false i=false al=0}
13:19:16.992 [qtp490162356-146] DEBUG org.eclipse.jetty.http.HttpParser - reset HttpParser{s=END,678 of 678}
13:19:16.992 [qtp490162356-146] DEBUG org.eclipse.jetty.http.HttpParser - END --> START
13:19:16.992 [qtp490162356-146] DEBUG org.eclipse.jetty.server.HttpChannel - !handle TERMINATED HttpChannelOverHttp@3acb0764{s=HttpChannelState@7fc99e59{s=IDLE rs=BLOCKING os=OPEN is=IDLE awp=false se=false i=true al=0},r=1,c=false/false,a=IDLE,uri=null,age=0}
13:19:16.992 [qtp490162356-146] DEBUG org.eclipse.jetty.io.ChannelEndPoint - filled 0 HeapByteBuffer@70c805d2[p=0,l=0,c=8192,r=0]={<<<>>>HTTP/1.1 ...\x00\x00\x00\x00\x00\x00\x00}
13:19:16.992 [qtp490162356-146] DEBUG org.eclipse.jetty.io.ChannelEndPoint - filled 0 HeapByteBuffer@70c805d2[p=0,l=0,c=8192,r=0]={<<<>>>HTTP/1.1 ...\x00\x00\x00\x00\x00\x00\x00}
13:19:16.992 [qtp490162356-146] DEBUG org.eclipse.jetty.server.HttpConnection - HttpConnection@54311e78::NetworkTrafficSocketChannelEndPoint@30336c14{/127.0.0.1:65065<->/127.0.0.1:8080,OPEN,fill=-,flush=-,to=1/30000}{io=0/0,kio=0,kro=1}->HttpConnection@54311e78[p=HttpParser{s=START,0 of -1},g=HttpGenerator@4e7cc718{s=START}]=>HttpChannelOverHttp@3acb0764{s=HttpChannelState@7fc99e59{s=IDLE rs=BLOCKING os=OPEN is=IDLE awp=false se=false i=true al=0},r=1,c=false/false,a=IDLE,uri=null,age=0} filled 0 HeapByteBuffer@70c805d2[p=0,l=0,c=8192,r=0]={<<<>>>HTTP/1.1 ...\x00\x00\x00\x00\x00\x00\x00}
13:19:16.992 [qtp490162356-146] DEBUG org.eclipse.jetty.server.HttpConnection - HttpConnection@54311e78::NetworkTrafficSocketChannelEndPoint@30336c14{/127.0.0.1:65065<->/127.0.0.1:8080,OPEN,fill=-,flush=-,to=1/30000}{io=0/0,kio=0,kro=1}->HttpConnection@54311e78[p=HttpParser{s=START,0 of -1},g=HttpGenerator@4e7cc718{s=START}]=>HttpChannelOverHttp@3acb0764{s=HttpChannelState@7fc99e59{s=IDLE rs=BLOCKING os=OPEN is=IDLE awp=false se=false i=true al=0},r=1,c=false/false,a=IDLE,uri=null,age=0} parse HeapByteBuffer@70c805d2[p=0,l=0,c=8192,r=0]={<<<>>>HTTP/1.1 ...\x00\x00\x00\x00\x00\x00\x00} {}
13:19:16.992 [qtp490162356-146] DEBUG org.eclipse.jetty.http.HttpParser - parseNext s=START HeapByteBuffer@70c805d2[p=0,l=0,c=8192,r=0]={<<<>>>HTTP/1.1 ...\x00\x00\x00\x00\x00\x00\x00}
13:19:16.992 [qtp490162356-146] DEBUG org.eclipse.jetty.server.HttpConnection - HttpConnection@54311e78::NetworkTrafficSocketChannelEndPoint@30336c14{/127.0.0.1:65065<->/127.0.0.1:8080,OPEN,fill=-,flush=-,to=1/30000}{io=0/0,kio=0,kro=1}->HttpConnection@54311e78[p=HttpParser{s=START,0 of -1},g=HttpGenerator@4e7cc718{s=START}]=>HttpChannelOverHttp@3acb0764{s=HttpChannelState@7fc99e59{s=IDLE rs=BLOCKING os=OPEN is=IDLE awp=false se=false i=true al=0},r=1,c=false/false,a=IDLE,uri=null,age=0} parsed false HttpParser{s=START,0 of -1}
13:19:16.992 [qtp490162356-146] DEBUG org.eclipse.jetty.server.HttpConnection - releaseRequestBuffer HttpConnection@54311e78::NetworkTrafficSocketChannelEndPoint@30336c14{/127.0.0.1:65065<->/127.0.0.1:8080,OPEN,fill=-,flush=-,to=1/30000}{io=0/0,kio=0,kro=1}->HttpConnection@54311e78[p=HttpParser{s=START,0 of -1},g=HttpGenerator@4e7cc718{s=START}]=>HttpChannelOverHttp@3acb0764{s=HttpChannelState@7fc99e59{s=IDLE rs=BLOCKING os=OPEN is=IDLE awp=false se=false i=true al=0},r=1,c=false/false,a=IDLE,uri=null,age=0}
13:19:16.992 [qtp490162356-146] DEBUG org.eclipse.jetty.io.AbstractConnection - fillInterested HttpConnection@54311e78::NetworkTrafficSocketChannelEndPoint@30336c14{/127.0.0.1:65065<->/127.0.0.1:8080,OPEN,fill=-,flush=-,to=1/30000}{io=0/0,kio=0,kro=1}->HttpConnection@54311e78[p=HttpParser{s=START,0 of -1},g=HttpGenerator@4e7cc718{s=START}]=>HttpChannelOverHttp@3acb0764{s=HttpChannelState@7fc99e59{s=IDLE rs=BLOCKING os=OPEN is=IDLE awp=false se=false i=true al=0},r=1,c=false/false,a=IDLE,uri=null,age=0}
13:19:16.993 [qtp490162356-146] DEBUG org.eclipse.jetty.io.FillInterest - interested FillInterest@2c6e1994{AC.ReadCB@54311e78{HttpConnection@54311e78::NetworkTrafficSocketChannelEndPoint@30336c14{/127.0.0.1:65065<->/127.0.0.1:8080,OPEN,fill=FI,flush=-,to=0/30000}{io=0/0,kio=0,kro=1}->HttpConnection@54311e78[p=HttpParser{s=START,0 of -1},g=HttpGenerator@4e7cc718{s=START}]=>HttpChannelOverHttp@3acb0764{s=HttpChannelState@7fc99e59{s=IDLE rs=BLOCKING os=OPEN is=IDLE awp=false se=false i=true al=0},r=1,c=false/false,a=IDLE,uri=null,age=0}}}
13:19:16.993 [qtp490162356-146] DEBUG org.eclipse.jetty.io.ChannelEndPoint - changeInterests p=false 0->1 for NetworkTrafficSocketChannelEndPoint@30336c14{/127.0.0.1:65065<->/127.0.0.1:8080,OPEN,fill=FI,flush=-,to=0/30000}{io=0/1,kio=0,kro=1}->HttpConnection@54311e78[p=HttpParser{s=START,0 of -1},g=HttpGenerator@4e7cc718{s=START}]=>HttpChannelOverHttp@3acb0764{s=HttpChannelState@7fc99e59{s=IDLE rs=BLOCKING os=OPEN is=IDLE awp=false se=false i=true al=0},r=1,c=false/false,a=IDLE,uri=null,age=0}
13:19:16.993 [qtp490162356-146] DEBUG org.eclipse.jetty.io.ManagedSelector - Queued change org.eclipse.jetty.io.ChannelEndPoint$1@1fe66116 on ManagedSelector@4638bfa1{STARTED} id=1 keys=1 selected=0 updates=0
13:19:16.993 [qtp490162356-146] DEBUG org.eclipse.jetty.io.ManagedSelector - Wakeup on submit ManagedSelector@4638bfa1{STARTED} id=1 keys=1 selected=0 updates=1
13:19:16.993 [qtp490162356-140] DEBUG org.eclipse.jetty.io.ManagedSelector - Selector sun.nio.ch.WindowsSelectorImpl@1f984d8b woken with none selected
13:19:16.993 [qtp490162356-146] DEBUG org.eclipse.jetty.server.HttpConnection - HttpConnection@54311e78::NetworkTrafficSocketChannelEndPoint@30336c14{/127.0.0.1:65065<->/127.0.0.1:8080,OPEN,fill=FI,flush=-,to=0/30000}{io=0/1,kio=0,kro=1}->HttpConnection@54311e78[p=HttpParser{s=START,0 of -1},g=HttpGenerator@4e7cc718{s=START}]=>HttpChannelOverHttp@3acb0764{s=HttpChannelState@7fc99e59{s=IDLE rs=BLOCKING os=OPEN is=IDLE awp=false se=false i=true al=0},r=1,c=false/false,a=IDLE,uri=null,age=0} onFillable exit HttpChannelState@7fc99e59{s=IDLE rs=BLOCKING os=OPEN is=IDLE awp=false se=false i=true al=0} null
13:19:16.993 [qtp490162356-140] DEBUG org.eclipse.jetty.io.ManagedSelector - Selector sun.nio.ch.WindowsSelectorImpl@1f984d8b woken up from select, 0/0/1 selected
13:19:16.993 [qtp490162356-140] DEBUG org.eclipse.jetty.io.ManagedSelector - Selector sun.nio.ch.WindowsSelectorImpl@1f984d8b processing 0 keys, 1 updates
13:19:16.993 [qtp490162356-140] DEBUG org.eclipse.jetty.io.ManagedSelector - updateable 1
13:19:16.993 [qtp490162356-140] DEBUG org.eclipse.jetty.io.ManagedSelector - update org.eclipse.jetty.io.ChannelEndPoint$1@1fe66116
13:19:16.993 [qtp490162356-146] DEBUG org.eclipse.jetty.util.thread.QueuedThreadPool - ran CEP:NetworkTrafficSocketChannelEndPoint@30336c14{/127.0.0.1:65065<->/127.0.0.1:8080,OPEN,fill=FI,flush=-,to=0/30000}{io=0/1,kio=0,kro=1}->HttpConnection@54311e78[p=HttpParser{s=START,0 of -1},g=HttpGenerator@4e7cc718{s=START}]=>HttpChannelOverHttp@3acb0764{s=HttpChannelState@7fc99e59{s=IDLE rs=BLOCKING os=OPEN is=IDLE awp=false se=false i=true al=0},r=1,c=false/false,a=IDLE,uri=null,age=0}:runFillable:BLOCKING in QueuedThreadPool[qtp490162356]@1d3748b4{STARTED,8<=8<=14,i=1,r=1,q=0}[ReservedThreadExecutor@7ea74f5c{s=1/1,p=0}]
13:19:16.993 [qtp490162356-140] DEBUG org.eclipse.jetty.io.ChannelEndPoint - Key interests updated 0 -> 1 on NetworkTrafficSocketChannelEndPoint@30336c14{/127.0.0.1:65065<->/127.0.0.1:8080,OPEN,fill=FI,flush=-,to=0/30000}{io=1/1,kio=1,kro=1}->HttpConnection@54311e78[p=HttpParser{s=START,0 of -1},g=HttpGenerator@4e7cc718{s=START}]=>HttpChannelOverHttp@3acb0764{s=HttpChannelState@7fc99e59{s=IDLE rs=BLOCKING os=OPEN is=IDLE awp=false se=false i=true al=0},r=1,c=false/false,a=IDLE,uri=null,age=0}
13:19:16.993 [qtp490162356-140] DEBUG org.eclipse.jetty.io.ManagedSelector - updates 0
13:19:16.993 [qtp490162356-140] DEBUG org.eclipse.jetty.io.ManagedSelector - Selector sun.nio.ch.WindowsSelectorImpl@1f984d8b waiting with 1 keys
13:19:16.995 [Test worker] DEBUG org.apache.http.impl.conn.PoolingHttpClientConnectionManager - Connection request: [route: {}->http://localhost:8080][total available: 1; route allocated: 1 of 5; total allocated: 1 of 50]
13:19:16.995 [Test worker] DEBUG org.apache.http.impl.conn.PoolingHttpClientConnectionManager - Connection leased: [id: 7][route: {}->http://localhost:8080][total available: 0; route allocated: 1 of 5; total allocated: 1 of 50]
13:19:16.995 [Test worker] DEBUG org.apache.http.impl.conn.DefaultManagedHttpClientConnection - http-outgoing-7: set socket timeout to 30000
13:19:16.995 [Test worker] DEBUG org.apache.http.impl.execchain.MainClientExec - Stale connection check
13:19:16.997 [Test worker] DEBUG org.apache.http.wire - http-outgoing-7 << "[read] I/O error: Read timed out"
13:19:16.997 [Test worker] DEBUG org.apache.http.impl.execchain.MainClientExec - Executing request POST /__admin/mappings HTTP/1.1
13:19:16.997 [Test worker] DEBUG org.apache.http.impl.execchain.MainClientExec - Target auth state: UNCHALLENGED
13:19:16.997 [Test worker] DEBUG org.apache.http.impl.execchain.MainClientExec - Proxy auth state: UNCHALLENGED
13:19:16.997 [Test worker] DEBUG org.apache.http.headers - http-outgoing-7 >> POST /__admin/mappings HTTP/1.1
13:19:16.997 [Test worker] DEBUG org.apache.http.headers - http-outgoing-7 >> Content-Length: 909
13:19:16.997 [Test worker] DEBUG org.apache.http.headers - http-outgoing-7 >> Content-Type: text/plain; charset=UTF-8
13:19:16.997 [Test worker] DEBUG org.apache.http.headers - http-outgoing-7 >> Host: localhost:8080
13:19:16.997 [Test worker] DEBUG org.apache.http.headers - http-outgoing-7 >> Connection: Keep-Alive
13:19:16.997 [Test worker] DEBUG org.apache.http.headers - http-outgoing-7 >> User-Agent: Apache-HttpClient/4.5.12 (Java/11.0.2)
13:19:16.997 [Test worker] DEBUG org.apache.http.wire - http-outgoing-7 >> "POST /__admin/mappings HTTP/1.1[\r][\n]"
13:19:16.997 [Test worker] DEBUG org.apache.http.wire - http-outgoing-7 >> "Content-Length: 909[\r][\n]"
13:19:16.997 [Test worker] DEBUG org.apache.http.wire - http-outgoing-7 >> "Content-Type: text/plain; charset=UTF-8[\r][\n]"
13:19:16.997 [Test worker] DEBUG org.apache.http.wire - http-outgoing-7 >> "Host: localhost:8080[\r][\n]"
13:19:16.997 [Test worker] DEBUG org.apache.http.wire - http-outgoing-7 >> "Connection: Keep-Alive[\r][\n]"
13:19:16.997 [Test worker] DEBUG org.apache.http.wire - http-outgoing-7 >> "User-Agent: Apache-HttpClient/4.5.12 (Java/11.0.2)[\r][\n]"
13:19:16.997 [Test worker] DEBUG org.apache.http.wire - http-outgoing-7 >> "[\r][\n]"
13:19:16.997 [Test worker] DEBUG org.apache.http.wire - http-outgoing-7 >> "{[\r][\n]"
13:19:16.997 [Test worker] DEBUG org.apache.http.wire - http-outgoing-7 >> "  "id" : "b896ba07-57c1-4ab8-8c24-fa1e57ac527e",[\r][\n]"
13:19:16.997 [Test worker] DEBUG org.apache.http.wire - http-outgoing-7 >> "  "request" : {[\r][\n]"
13:19:16.997 [Test worker] DEBUG org.apache.http.wire - http-outgoing-7 >> "    "url" : "/api/v0/components/provision-adapters/jobs",[\r][\n]"
13:19:16.997 [Test worker] DEBUG org.apache.http.wire - http-outgoing-7 >> "    "method" : "POST",[\r][\n]"
13:19:16.997 [Test worker] DEBUG org.apache.http.wire - http-outgoing-7 >> "    "headers" : {[\r][\n]"
13:19:16.997 [Test worker] DEBUG org.apache.http.wire - http-outgoing-7 >> "      "Authorization" : {[\r][\n]"
13:19:16.997 [Test worker] DEBUG org.apache.http.wire - http-outgoing-7 >> "        "equalTo" : "Bearer someToken"[\r][\n]"
13:19:16.997 [Test worker] DEBUG org.apache.http.wire - http-outgoing-7 >> "      }[\r][\n]"
13:19:16.997 [Test worker] DEBUG org.apache.http.wire - http-outgoing-7 >> "    },[\r][\n]"
13:19:16.997 [Test worker] DEBUG org.apache.http.wire - http-outgoing-7 >> "    "bodyPatterns" : [ {[\r][\n]"
13:19:16.997 [Test worker] DEBUG org.apache.http.wire - http-outgoing-7 >> "      "equalTo" : "{\"id\":\"10fb9b9f-0ba6-47e2-b4c2-2e62dc082cc4\",\"product\":\"436e6c68-2c4c-4e2c-aaf1-64adb056c58d\",\"configurationSubset\":\"eudev-delete\",\"answers\":{\"var1\":\"TEST\"}}"[\r][\n]"
13:19:16.997 [Test worker] DEBUG org.apache.http.wire - http-outgoing-7 >> "    } ][\r][\n]"
13:19:16.997 [Test worker] DEBUG org.apache.http.wire - http-outgoing-7 >> "  },[\r][\n]"
13:19:16.997 [Test worker] DEBUG org.apache.http.wire - http-outgoing-7 >> "  "response" : {[\r][\n]"
13:19:16.997 [Test worker] DEBUG org.apache.http.wire - http-outgoing-7 >> "    "status" : 200,[\r][\n]"
13:19:16.997 [Test worker] DEBUG org.apache.http.wire - http-outgoing-7 >> "    "body" : "{\"id\":\"f5dde55d-98c6-4a9d-a77a-f79092220ef0\",\"componentInstance\":\"10fb9b9f-0ba6-47e2-b4c2-2e62dc082cc4\",\"status\":\"PROCESSING\",\"metadata\":null}",[\r][\n]"
13:19:16.997 [Test worker] DEBUG org.apache.http.wire - http-outgoing-7 >> "    "headers" : {[\r][\n]"
13:19:16.997 [Test worker] DEBUG org.apache.http.wire - http-outgoing-7 >> "      "Content-Type" : "application/json"[\r][\n]"
13:19:16.997 [Test worker] DEBUG org.apache.http.wire - http-outgoing-7 >> "    }[\r][\n]"
13:19:16.997 [Test worker] DEBUG org.apache.http.wire - http-outgoing-7 >> "  },[\r][\n]"
13:19:16.997 [Test worker] DEBUG org.apache.http.wire - http-outgoing-7 >> "  "uuid" : "b896ba07-57c1-4ab8-8c24-fa1e57ac527e",[\r][\n]"
13:19:16.997 [Test worker] DEBUG org.apache.http.wire - http-outgoing-7 >> "  "scenarioName" : "unAuthorized",[\r][\n]"
13:19:16.997 [Test worker] DEBUG org.apache.http.wire - http-outgoing-7 >> "  "requiredScenarioState" : "logged"[\r][\n]"
13:19:16.997 [Test worker] DEBUG org.apache.http.wire - http-outgoing-7 >> "}"
13:19:16.997 [qtp490162356-140] DEBUG org.eclipse.jetty.io.ManagedSelector - Selector sun.nio.ch.WindowsSelectorImpl@1f984d8b woken up from select, 1/1/1 selected
13:19:16.997 [qtp490162356-140] DEBUG org.eclipse.jetty.io.ManagedSelector - Selector sun.nio.ch.WindowsSelectorImpl@1f984d8b processing 1 keys, 0 updates
13:19:16.998 [qtp490162356-140] DEBUG org.eclipse.jetty.io.ManagedSelector - selected 1 channel=java.nio.channels.SocketChannel[connected local=/127.0.0.1:8080 remote=/127.0.0.1:65065], selector=sun.nio.ch.WindowsSelectorImpl@1f984d8b, interestOps=1, readyOps=1 NetworkTrafficSocketChannelEndPoint@30336c14{/127.0.0.1:65065<->/127.0.0.1:8080,OPEN,fill=FI,flush=-,to=5/30000}{io=1/1,kio=1,kro=1}->HttpConnection@54311e78[p=HttpParser{s=START,0 of -1},g=HttpGenerator@4e7cc718{s=START}]=>HttpChannelOverHttp@3acb0764{s=HttpChannelState@7fc99e59{s=IDLE rs=BLOCKING os=OPEN is=IDLE awp=false se=false i=true al=0},r=1,c=false/false,a=IDLE,uri=null,age=0} 
13:19:16.998 [qtp490162356-140] DEBUG org.eclipse.jetty.io.ChannelEndPoint - onSelected 1->0 r=true w=false for NetworkTrafficSocketChannelEndPoint@30336c14{/127.0.0.1:65065<->/127.0.0.1:8080,OPEN,fill=FI,flush=-,to=5/30000}{io=1/0,kio=1,kro=1}->HttpConnection@54311e78[p=HttpParser{s=START,0 of -1},g=HttpGenerator@4e7cc718{s=START}]=>HttpChannelOverHttp@3acb0764{s=HttpChannelState@7fc99e59{s=IDLE rs=BLOCKING os=OPEN is=IDLE awp=false se=false i=true al=0},r=1,c=false/false,a=IDLE,uri=null,age=0}
13:19:16.998 [qtp490162356-140] DEBUG org.eclipse.jetty.io.ChannelEndPoint - task CEP:NetworkTrafficSocketChannelEndPoint@30336c14{/127.0.0.1:65065<->/127.0.0.1:8080,OPEN,fill=FI,flush=-,to=5/30000}{io=1/0,kio=1,kro=1}->HttpConnection@54311e78[p=HttpParser{s=START,0 of -1},g=HttpGenerator@4e7cc718{s=START}]=>HttpChannelOverHttp@3acb0764{s=HttpChannelState@7fc99e59{s=IDLE rs=BLOCKING os=OPEN is=IDLE awp=false se=false i=true al=0},r=1,c=false/false,a=IDLE,uri=null,age=0}:runFillable:BLOCKING
13:19:16.998 [qtp490162356-140] DEBUG org.eclipse.jetty.util.thread.ReservedThreadExecutor - ReservedThreadExecutor@7ea74f5c{s=1/1,p=0} tryExecute EatWhatYouKill@16425b30/SelectorProducer@33ee897e/PRODUCING/p=false/QueuedThreadPool[qtp490162356]@1d3748b4{STARTED,8<=8<=14,i=2,r=1,q=0}[ReservedThreadExecutor@7ea74f5c{s=1/1,p=0}][pc=0,pic=0,pec=1,epc=0]@2020-09-25T13:19:16.9988903+02:00
13:19:16.998 [qtp490162356-140] DEBUG org.eclipse.jetty.util.thread.ReservedThreadExecutor - ReservedThreadExecutor@7ea74f5c{s=0/1,p=0}@156026fb offer EatWhatYouKill@16425b30/SelectorProducer@33ee897e/PRODUCING/p=false/QueuedThreadPool[qtp490162356]@1d3748b4{STARTED,8<=8<=14,i=2,r=1,q=0}[ReservedThreadExecutor@7ea74f5c{s=0/1,p=0}][pc=0,pic=0,pec=1,epc=0]@2020-09-25T13:19:16.9988903+02:00
13:19:16.998 [qtp490162356-140] DEBUG org.eclipse.jetty.util.thread.ReservedThreadExecutor - ReservedThreadExecutor@7ea74f5c{s=0/1,p=1} startReservedThread p=1
13:19:16.998 [qtp490162356-140] DEBUG org.eclipse.jetty.util.thread.QueuedThreadPool - queue ReservedThreadExecutor@7ea74f5c{s=0/1,p=1}@5062ba33 startThread=0
13:19:16.998 [qtp490162356-140] DEBUG org.eclipse.jetty.util.thread.strategy.EatWhatYouKill - EatWhatYouKill@16425b30/SelectorProducer@33ee897e/IDLE/p=true/QueuedThreadPool[qtp490162356]@1d3748b4{STARTED,8<=8<=14,i=1,r=1,q=0}[ReservedThreadExecutor@7ea74f5c{s=0/1,p=1}][pc=0,pic=0,pec=1,epc=0]@2020-09-25T13:19:16.9988903+02:00 m=EXECUTE_PRODUCE_CONSUME t=CEP:NetworkTrafficSocketChannelEndPoint@30336c14{/127.0.0.1:65065<->/127.0.0.1:8080,OPEN,fill=FI,flush=-,to=5/30000}{io=1/0,kio=1,kro=1}->HttpConnection@54311e78[p=HttpParser{s=START,0 of -1},g=HttpGenerator@4e7cc718{s=START}]=>HttpChannelOverHttp@3acb0764{s=HttpChannelState@7fc99e59{s=IDLE rs=BLOCKING os=OPEN is=IDLE awp=false se=false i=true al=0},r=1,c=false/false,a=IDLE,uri=null,age=0}:runFillable:BLOCKING/BLOCKING
13:19:16.998 [qtp490162356-140] DEBUG org.eclipse.jetty.io.FillInterest - fillable FillInterest@2c6e1994{AC.ReadCB@54311e78{HttpConnection@54311e78::NetworkTrafficSocketChannelEndPoint@30336c14{/127.0.0.1:65065<->/127.0.0.1:8080,OPEN,fill=FI,flush=-,to=5/30000}{io=1/0,kio=1,kro=1}->HttpConnection@54311e78[p=HttpParser{s=START,0 of -1},g=HttpGenerator@4e7cc718{s=START}]=>HttpChannelOverHttp@3acb0764{s=HttpChannelState@7fc99e59{s=IDLE rs=BLOCKING os=OPEN is=IDLE awp=false se=false i=true al=0},r=1,c=false/false,a=IDLE,uri=null,age=0}}}
13:19:16.999 [qtp490162356-140] DEBUG org.eclipse.jetty.server.HttpConnection - HttpConnection@54311e78::NetworkTrafficSocketChannelEndPoint@30336c14{/127.0.0.1:65065<->/127.0.0.1:8080,OPEN,fill=-,flush=-,to=6/30000}{io=1/0,kio=1,kro=1}->HttpConnection@54311e78[p=HttpParser{s=START,0 of -1},g=HttpGenerator@4e7cc718{s=START}]=>HttpChannelOverHttp@3acb0764{s=HttpChannelState@7fc99e59{s=IDLE rs=BLOCKING os=OPEN is=IDLE awp=false se=false i=true al=0},r=1,c=false/false,a=IDLE,uri=null,age=0} onFillable enter HttpChannelState@7fc99e59{s=IDLE rs=BLOCKING os=OPEN is=IDLE awp=false se=false i=true al=0} null
13:19:16.999 [qtp490162356-140] DEBUG org.eclipse.jetty.io.ChannelEndPoint - filled 1104 HeapByteBuffer@70c805d2[p=0,l=1104,c=8192,r=1104]={<<<POST /__admin/mappings HT...rioState" : "logged"\r\n}>>>\x00\x00\x00\x00\x00\x00\x00\x00\x00...\x00\x00\x00\x00\x00\x00\x00}
13:19:16.999 [qtp490162356-140] DEBUG org.eclipse.jetty.server.HttpConnection - HttpConnection@54311e78::NetworkTrafficSocketChannelEndPoint@30336c14{/127.0.0.1:65065<->/127.0.0.1:8080,OPEN,fill=-,flush=-,to=0/30000}{io=1/0,kio=1,kro=1}->HttpConnection@54311e78[p=HttpParser{s=START,0 of -1},g=HttpGenerator@4e7cc718{s=START}]=>HttpChannelOverHttp@3acb0764{s=HttpChannelState@7fc99e59{s=IDLE rs=BLOCKING os=OPEN is=IDLE awp=false se=false i=true al=0},r=1,c=false/false,a=IDLE,uri=null,age=0} filled 1104 HeapByteBuffer@70c805d2[p=0,l=1104,c=8192,r=1104]={<<<POST /__admin/mappings HT...rioState" : "logged"\r\n}>>>\x00\x00\x00\x00\x00\x00\x00\x00\x00...\x00\x00\x00\x00\x00\x00\x00}
13:19:16.999 [qtp490162356-140] DEBUG org.eclipse.jetty.server.HttpConnection - HttpConnection@54311e78::NetworkTrafficSocketChannelEndPoint@30336c14{/127.0.0.1:65065<->/127.0.0.1:8080,OPEN,fill=-,flush=-,to=0/30000}{io=1/0,kio=1,kro=1}->HttpConnection@54311e78[p=HttpParser{s=START,0 of -1},g=HttpGenerator@4e7cc718{s=START}]=>HttpChannelOverHttp@3acb0764{s=HttpChannelState@7fc99e59{s=IDLE rs=BLOCKING os=OPEN is=IDLE awp=false se=false i=true al=0},r=1,c=false/false,a=IDLE,uri=null,age=0} parse HeapByteBuffer@70c805d2[p=0,l=1104,c=8192,r=1104]={<<<POST /__admin/mappings HT...rioState" : "logged"\r\n}>>>\x00\x00\x00\x00\x00\x00\x00\x00\x00...\x00\x00\x00\x00\x00\x00\x00} {}
13:19:16.999 [qtp490162356-140] DEBUG org.eclipse.jetty.http.HttpParser - parseNext s=START HeapByteBuffer@70c805d2[p=0,l=1104,c=8192,r=1104]={<<<POST /__admin/mappings HT...rioState" : "logged"\r\n}>>>\x00\x00\x00\x00\x00\x00\x00\x00\x00...\x00\x00\x00\x00\x00\x00\x00}
13:19:16.999 [qtp490162356-140] DEBUG org.eclipse.jetty.http.HttpParser - START --> SPACE1
13:19:16.999 [qtp490162356-140] DEBUG org.eclipse.jetty.http.HttpParser - SPACE1 --> URI
13:19:16.999 [qtp490162356-140] DEBUG org.eclipse.jetty.http.HttpParser - URI --> SPACE2
13:19:16.999 [qtp490162356-140] DEBUG org.eclipse.jetty.http.HttpParser - SPACE2 --> REQUEST_VERSION
13:19:16.999 [qtp490162356-140] DEBUG org.eclipse.jetty.http.HttpParser - REQUEST_VERSION --> HEADER
13:19:16.999 [qtp490162356-140] DEBUG org.eclipse.jetty.http.HttpParser - HEADER:Content-Length --> VALUE
13:19:16.999 [qtp490162356-140] DEBUG org.eclipse.jetty.http.HttpParser - HEADER:Content-Length --> IN_VALUE
13:19:16.999 [qtp490162356-140] DEBUG org.eclipse.jetty.http.HttpParser - HEADER:Content-Length --> FIELD
13:19:16.999 [qtp490162356-140] DEBUG org.eclipse.jetty.http.HttpParser - HEADER:Content-Type: text/plain; charset=UTF-8 --> IN_VALUE
13:19:16.999 [qtp490162356-140] DEBUG org.eclipse.jetty.http.HttpParser - HEADER:Content-Type: text/plain; charset=UTF-8 --> FIELD
13:19:16.999 [qtp490162356-140] DEBUG org.eclipse.jetty.http.HttpParser - HEADER:Host: localhost:8080 --> IN_VALUE
13:19:16.999 [qtp490162356-140] DEBUG org.eclipse.jetty.http.HttpParser - HEADER:Host: localhost:8080 --> FIELD
13:19:16.999 [qtp490162356-140] DEBUG org.eclipse.jetty.http.HttpParser - HEADER:Connection: keep-alive --> IN_VALUE
13:19:16.999 [qtp490162356-140] DEBUG org.eclipse.jetty.http.HttpParser - HEADER:Connection: keep-alive --> FIELD
13:19:16.999 [qtp490162356-140] DEBUG org.eclipse.jetty.http.HttpParser - HEADER:User-Agent: Apache-HttpClient/4.5.12 (Java/11.0.2) --> IN_VALUE
13:19:16.999 [qtp490162356-140] DEBUG org.eclipse.jetty.http.HttpParser - HEADER:User-Agent: Apache-HttpClient/4.5.12 (Java/11.0.2) --> FIELD
13:19:16.999 [qtp490162356-140] DEBUG org.eclipse.jetty.http.HttpParser - HEADER --> CONTENT
13:19:16.999 [qtp490162356-140] DEBUG org.eclipse.jetty.server.HttpChannel - REQUEST for //localhost:8080/__admin/mappings on HttpChannelOverHttp@3acb0764{s=HttpChannelState@7fc99e59{s=IDLE rs=BLOCKING os=OPEN is=IDLE awp=false se=false i=true al=0},r=2,c=false/false,a=IDLE,uri=//localhost:8080/__admin/mappings,age=0}
POST //localhost:8080/__admin/mappings HTTP/1.1
Content-Length: 909
Content-Type: text/plain; charset=UTF-8
Host: localhost:8080
Connection: keep-alive
User-Agent: Apache-HttpClient/4.5.12 (Java/11.0.2)


13:19:16.999 [qtp490162356-140] DEBUG org.eclipse.jetty.server.HttpConnection - HttpConnection@54311e78::NetworkTrafficSocketChannelEndPoint@30336c14{/127.0.0.1:65065<->/127.0.0.1:8080,OPEN,fill=-,flush=-,to=0/30000}{io=1/0,kio=1,kro=1}->HttpConnection@54311e78[p=HttpParser{s=CONTENT,0 of 909},g=HttpGenerator@4e7cc718{s=START}]=>HttpChannelOverHttp@3acb0764{s=HttpChannelState@7fc99e59{s=IDLE rs=BLOCKING os=OPEN is=IDLE awp=false se=false i=true al=0},r=2,c=false/false,a=IDLE,uri=//localhost:8080/__admin/mappings,age=0} parsed true HttpParser{s=CONTENT,0 of 909}
13:19:17.000 [qtp490162356-140] DEBUG org.eclipse.jetty.server.HttpChannel - handle //localhost:8080/__admin/mappings HttpChannelOverHttp@3acb0764{s=HttpChannelState@7fc99e59{s=IDLE rs=BLOCKING os=OPEN is=IDLE awp=false se=false i=true al=0},r=2,c=false/false,a=IDLE,uri=//localhost:8080/__admin/mappings,age=1} 
13:19:17.000 [qtp490162356-140] DEBUG org.eclipse.jetty.server.HttpChannelState - handling HttpChannelState@7fc99e59{s=IDLE rs=BLOCKING os=OPEN is=IDLE awp=false se=false i=true al=0}
13:19:17.000 [qtp490162356-140] DEBUG org.eclipse.jetty.server.HttpChannel - action DISPATCH HttpChannelOverHttp@3acb0764{s=HttpChannelState@7fc99e59{s=HANDLING rs=BLOCKING os=OPEN is=IDLE awp=false se=false i=true al=0},r=2,c=false/false,a=HANDLING,uri=//localhost:8080/__admin/mappings,age=1}
13:19:17.000 [qtp490162356-140] DEBUG org.eclipse.jetty.server.Server - REQUEST POST /__admin/mappings on HttpChannelOverHttp@3acb0764{s=HttpChannelState@7fc99e59{s=HANDLING rs=BLOCKING os=OPEN is=IDLE awp=false se=false i=true al=0},r=2,c=false/false,a=HANDLING,uri=//localhost:8080/__admin/mappings,age=1}
13:19:17.000 [qtp490162356-140] DEBUG org.eclipse.jetty.server.handler.ContextHandler - scope null||/__admin/mappings @ o.e.j.s.ServletContextHandler@723426a2{/__admin,null,AVAILABLE}
13:19:17.000 [qtp490162356-140] DEBUG org.eclipse.jetty.server.handler.ContextHandler - context=/__admin||/mappings @ o.e.j.s.ServletContextHandler@723426a2{/__admin,null,AVAILABLE}
13:19:17.000 [qtp490162356-140] DEBUG org.eclipse.jetty.servlet.ServletHandler - servlet /__admin|/mappings|null -> com.github.tomakehurst.wiremock.servlet.WireMockHandlerDispatchingServlet-7fb600dc@6dd0aa30==com.github.tomakehurst.wiremock.servlet.WireMockHandlerDispatchingServlet,jsp=null,order=-1,inst=true,async=true
13:19:17.000 [qtp490162356-140] DEBUG org.eclipse.jetty.servlet.ServletHandler - chain=org.eclipse.jetty.servlets.CrossOriginFilter-3950dc23@3950dc23==org.eclipse.jetty.servlets.CrossOriginFilter,inst=true,async=true->com.github.tomakehurst.wiremock.servlet.WireMockHandlerDispatchingServlet-7fb600dc@6dd0aa30==com.github.tomakehurst.wiremock.servlet.WireMockHandlerDispatchingServlet,jsp=null,order=-1,inst=true,async=true
13:19:17.000 [qtp490162356-140] DEBUG org.eclipse.jetty.servlet.ServletHandler - call filter org.eclipse.jetty.servlets.CrossOriginFilter-3950dc23@3950dc23==org.eclipse.jetty.servlets.CrossOriginFilter,inst=true,async=true
13:19:17.000 [qtp490162356-140] DEBUG org.eclipse.jetty.servlet.ServletHandler - call servlet com.github.tomakehurst.wiremock.servlet.WireMockHandlerDispatchingServlet-7fb600dc@6dd0aa30==com.github.tomakehurst.wiremock.servlet.WireMockHandlerDispatchingServlet,jsp=null,order=-1,inst=true,async=true
13:19:17.001 [qtp490162356-140] DEBUG org.eclipse.jetty.server.HttpConnection - HttpConnection@54311e78::NetworkTrafficSocketChannelEndPoint@30336c14{/127.0.0.1:65065<->/127.0.0.1:8080,OPEN,fill=-,flush=-,to=1/30000}{io=1/0,kio=1,kro=1}->HttpConnection@54311e78[p=HttpParser{s=CONTENT,0 of 909},g=HttpGenerator@4e7cc718{s=START}]=>HttpChannelOverHttp@3acb0764{s=HttpChannelState@7fc99e59{s=HANDLING rs=BLOCKING os=OPEN is=IDLE awp=false se=false i=true al=0},r=2,c=false/false,a=HANDLING,uri=//localhost:8080/__admin/mappings,age=1} parse HeapByteBuffer@70c805d2[p=195,l=1104,c=8192,r=909]={POST /__a....2)\r\n\r\n<<<{\r\n  "id" : "b896ba07-57c...rioState" : "logged"\r\n}>>>\x00\x00\x00\x00\x00\x00\x00\x00\x00...\x00\x00\x00\x00\x00\x00\x00} {}
13:19:17.001 [qtp490162356-140] DEBUG org.eclipse.jetty.http.HttpParser - parseNext s=CONTENT HeapByteBuffer@70c805d2[p=195,l=1104,c=8192,r=909]={POST /__a....2)\r\n\r\n<<<{\r\n  "id" : "b896ba07-57c...rioState" : "logged"\r\n}>>>\x00\x00\x00\x00\x00\x00\x00\x00\x00...\x00\x00\x00\x00\x00\x00\x00}
13:19:17.001 [qtp490162356-140] DEBUG org.eclipse.jetty.server.HttpChannel - onContent HttpChannelOverHttp@3acb0764{s=HttpChannelState@7fc99e59{s=HANDLING rs=BLOCKING os=OPEN is=IDLE awp=false se=false i=true al=0},r=2,c=false/false,a=HANDLING,uri=//localhost:8080/__admin/mappings,age=2} Content@d4b41a1{HeapByteBufferR@61f86ff0[p=195,l=1104,c=8192,r=909]={POST /__a....2)\r\n\r\n<<<{\r\n  "id" : "b896ba07-57c...rioState" : "logged"\r\n}>>>\x00\x00\x00\x00\x00\x00\x00\x00\x00...\x00\x00\x00\x00\x00\x00\x00}}
13:19:17.001 [qtp490162356-140] DEBUG org.eclipse.jetty.server.HttpInput - HttpInputOverHTTP@fe49b21[c=0,q=0,[0]=null,s=STREAM] addContent Content@d4b41a1{HeapByteBufferR@61f86ff0[p=195,l=1104,c=8192,r=909]={POST /__a....2)\r\n\r\n<<<{\r\n  "id" : "b896ba07-57c...rioState" : "logged"\r\n}>>>\x00\x00\x00\x00\x00\x00\x00\x00\x00...\x00\x00\x00\x00\x00\x00\x00}}
13:19:17.001 [qtp490162356-140] DEBUG org.eclipse.jetty.http.HttpParser - CONTENT --> CONTENT_END
13:19:17.001 [qtp490162356-140] DEBUG org.eclipse.jetty.server.HttpChannel - onContentComplete HttpChannelOverHttp@3acb0764{s=HttpChannelState@7fc99e59{s=HANDLING rs=BLOCKING os=OPEN is=IDLE awp=false se=false i=true al=0},r=2,c=false/false,a=HANDLING,uri=//localhost:8080/__admin/mappings,age=2}
13:19:17.001 [qtp490162356-140] DEBUG org.eclipse.jetty.http.HttpParser - CONTENT_END --> END
13:19:17.001 [qtp490162356-140] DEBUG org.eclipse.jetty.server.HttpChannel - onRequestComplete HttpChannelOverHttp@3acb0764{s=HttpChannelState@7fc99e59{s=HANDLING rs=BLOCKING os=OPEN is=IDLE awp=false se=false i=true al=0},r=2,c=false/false,a=HANDLING,uri=//localhost:8080/__admin/mappings,age=2}
13:19:17.001 [qtp490162356-140] DEBUG org.eclipse.jetty.server.HttpInput - HttpInputOverHTTP@fe49b21[c=0,q=1,[0]=EOF,s=STREAM] addContent EOF
13:19:17.001 [qtp490162356-140] DEBUG org.eclipse.jetty.server.HttpConnection - HttpConnection@54311e78::NetworkTrafficSocketChannelEndPoint@30336c14{/127.0.0.1:65065<->/127.0.0.1:8080,OPEN,fill=-,flush=-,to=2/30000}{io=1/0,kio=1,kro=1}->HttpConnection@54311e78[p=HttpParser{s=END,909 of 909},g=HttpGenerator@4e7cc718{s=START}]=>HttpChannelOverHttp@3acb0764{s=HttpChannelState@7fc99e59{s=HANDLING rs=BLOCKING os=OPEN is=IDLE awp=false se=false i=true al=0},r=2,c=false/false,a=HANDLING,uri=//localhost:8080/__admin/mappings,age=2} parsed false HttpParser{s=END,909 of 909}
13:19:17.001 [qtp490162356-140] DEBUG org.eclipse.jetty.server.HttpInput - HttpInputOverHTTP@fe49b21[c=909,q=1,[0]=EOF,s=STREAM] read 909 from Content@d4b41a1{HeapByteBufferR@61f86ff0[p=1104,l=1104,c=8192,r=0]={POST /__a...ged"\r\n}<<<>>>\x00\x00\x00\x00\x00\x00\x00\x00\x00...\x00\x00\x00\x00\x00\x00\x00}}
13:19:17.001 [qtp490162356-140] DEBUG org.eclipse.jetty.server.HttpConnection - releaseRequestBuffer HttpConnection@54311e78::NetworkTrafficSocketChannelEndPoint@30336c14{/127.0.0.1:65065<->/127.0.0.1:8080,OPEN,fill=-,flush=-,to=2/30000}{io=1/0,kio=1,kro=1}->HttpConnection@54311e78[p=HttpParser{s=END,909 of 909},g=HttpGenerator@4e7cc718{s=START}]=>HttpChannelOverHttp@3acb0764{s=HttpChannelState@7fc99e59{s=HANDLING rs=BLOCKING os=OPEN is=IDLE awp=false se=false i=true al=0},r=2,c=false/false,a=HANDLING,uri=//localhost:8080/__admin/mappings,age=2}
13:19:17.001 [qtp490162356-140] DEBUG org.eclipse.jetty.server.HttpChannelState - onEof HttpChannelState@7fc99e59{s=HANDLING rs=BLOCKING os=OPEN is=IDLE awp=false se=false i=true al=0}
13:19:17.012 [qtp490162356-145] DEBUG org.eclipse.jetty.util.thread.ReservedThreadExecutor - ReservedThreadExecutor@7ea74f5c{s=0/1,p=1}@156026fb task=EatWhatYouKill@16425b30/SelectorProducer@33ee897e/IDLE/p=true/QueuedThreadPool[qtp490162356]@1d3748b4{STARTED,8<=8<=14,i=1,r=1,q=0}[ReservedThreadExecutor@7ea74f5c{s=0/1,p=1}][pc=0,pic=0,pec=1,epc=1]@2020-09-25T13:19:17.0129013+02:00
13:19:17.013 [qtp490162356-145] DEBUG org.eclipse.jetty.util.thread.strategy.EatWhatYouKill - EatWhatYouKill@16425b30/SelectorProducer@33ee897e/IDLE/p=true/QueuedThreadPool[qtp490162356]@1d3748b4{STARTED,8<=8<=14,i=1,r=1,q=0}[ReservedThreadExecutor@7ea74f5c{s=0/1,p=1}][pc=0,pic=0,pec=1,epc=1]@2020-09-25T13:19:17.0138887+02:00 tryProduce true
13:19:17.013 [qtp490162356-145] DEBUG org.eclipse.jetty.io.ManagedSelector - updateable 0
13:19:17.013 [qtp490162356-145] DEBUG org.eclipse.jetty.io.ManagedSelector - updates 0
13:19:17.013 [qtp490162356-145] DEBUG org.eclipse.jetty.io.ChannelEndPoint - Key interests updated 1 -> 0 on NetworkTrafficSocketChannelEndPoint@30336c14{/127.0.0.1:65065<->/127.0.0.1:8080,OPEN,fill=-,flush=-,to=13/30000}{io=0/0,kio=0,kro=1}->HttpConnection@54311e78[p=HttpParser{s=END,909 of 909},g=HttpGenerator@4e7cc718{s=START}]=>HttpChannelOverHttp@3acb0764{s=HttpChannelState@7fc99e59{s=HANDLING rs=BLOCKING os=OPEN is=READY awp=false se=false i=true al=0},r=2,c=false/false,a=HANDLING,uri=//localhost:8080/__admin/mappings,age=14}
13:19:17.013 [qtp490162356-145] DEBUG org.eclipse.jetty.io.ManagedSelector - Selector sun.nio.ch.WindowsSelectorImpl@1f984d8b waiting with 1 keys
13:19:17.037 [qtp490162356-140] DEBUG org.eclipse.jetty.server.HttpOutput - write(array HeapByteBuffer@45792869[p=0,l=909,c=8192,r=909]={<<<{\r\n  "id" : "b896ba07-57c...rioState" : "logged"\r\n}>>>\x00\x00\x00\x00\x00\x00\x00\x00\x00...\x00\x00\x00\x00\x00\x00\x00})
13:19:17.037 [qtp490162356-140] DEBUG org.eclipse.jetty.server.HttpOutput - write(array) s=OPEN,api=BLOCKING,sc=false,e=null aggregated !flush DirectByteBuffer@42500b19[p=0,l=909,c=32768,r=909]={<<<{\r\n  "id" : "b896ba07-57c...rioState" : "logged"\r\n}>>>\x00\x00\x00\x00\x00\x00\x00\x00\x00...\x00\x00\x00\x00\x00\x00\x00}
13:19:17.037 [qtp490162356-140] DEBUG org.eclipse.jetty.server.HttpChannel - sendResponse info=null content=DirectByteBuffer@42500b19[p=0,l=909,c=32768,r=909]={<<<{\r\n  "id" : "b896ba07-57c...rioState" : "logged"\r\n}>>>\x00\x00\x00\x00\x00\x00\x00\x00\x00...\x00\x00\x00\x00\x00\x00\x00} complete=false committing=true callback=Blocker@6cff555b{null}
13:19:17.038 [qtp490162356-140] DEBUG org.eclipse.jetty.server.HttpChannel - COMMIT for /__admin/mappings on HttpChannelOverHttp@3acb0764{s=HttpChannelState@7fc99e59{s=HANDLING rs=BLOCKING os=COMMITTED is=READY awp=false se=false i=true al=0},r=2,c=false/false,a=HANDLING,uri=//localhost:8080/__admin/mappings,age=38}
201 null HTTP/1.1
Content-Type: application/json


13:19:17.038 [qtp490162356-140] DEBUG org.eclipse.jetty.server.HttpConnection - generate: NEED_HEADER for org.eclipse.jetty.server.HttpConnection$SendCallback@5b533b73[PROCESSING][i=HTTP/1.1{s=201,h=1,cl=-1},cb=org.eclipse.jetty.server.HttpChannel$SendCallback@6e3fc796] (null,[p=0,l=909,c=32768,r=909],false)@START
13:19:17.038 [qtp490162356-140] DEBUG org.eclipse.jetty.http.HttpGenerator - generateHeaders HTTP/1.1{s=201,h=1,cl=-1} last=false content=DirectByteBuffer@42500b19[p=0,l=909,c=32768,r=909]={<<<{\r\n  "id" : "b896ba07-57c...rioState" : "logged"\r\n}>>>\x00\x00\x00\x00\x00\x00\x00\x00\x00...\x00\x00\x00\x00\x00\x00\x00}
13:19:17.038 [qtp490162356-140] DEBUG org.eclipse.jetty.http.HttpGenerator - Content-Type: application/json


13:19:17.038 [qtp490162356-140] DEBUG org.eclipse.jetty.http.HttpGenerator - CHUNKED_CONTENT
13:19:17.038 [qtp490162356-140] DEBUG org.eclipse.jetty.server.HttpConnection - generate: FLUSH for org.eclipse.jetty.server.HttpConnection$SendCallback@5b533b73[PROCESSING][i=HTTP/1.1{s=201,h=1,cl=-1},cb=org.eclipse.jetty.server.HttpChannel$SendCallback@6e3fc796] ([p=0,l=122,c=8192,r=122],[p=0,l=909,c=32768,r=909],false)@COMMITTED
13:19:17.038 [qtp490162356-140] DEBUG org.eclipse.jetty.io.WriteFlusher - write: WriteFlusher@30171743{IDLE}->null [HeapByteBuffer@70c805d2[p=0,l=122,c=8192,r=122]={<<<HTTP/1.1 201 Created\r\nCon....28.v20200408)\r\n\r\n38D\r\n>>>ction: Ke...\x00\x00\x00\x00\x00\x00\x00},DirectByteBuffer@42500b19[p=0,l=909,c=32768,r=909]={<<<{\r\n  "id" : "b896ba07-57c...rioState" : "logged"\r\n}>>>\x00\x00\x00\x00\x00\x00\x00\x00\x00...\x00\x00\x00\x00\x00\x00\x00}]
13:19:17.038 [qtp490162356-140] DEBUG org.eclipse.jetty.io.WriteFlusher - update WriteFlusher@30171743{WRITING}->null:IDLE-->WRITING
13:19:17.038 [Test worker] DEBUG org.apache.http.wire - http-outgoing-7 << "HTTP/1.1 201 Created[\r][\n]"
13:19:17.038 [Test worker] DEBUG org.apache.http.wire - http-outgoing-7 << "Content-Type: application/json[\r][\n]"
13:19:17.038 [Test worker] DEBUG org.apache.http.wire - http-outgoing-7 << "Transfer-Encoding: chunked[\r][\n]"
13:19:17.038 [Test worker] DEBUG org.apache.http.wire - http-outgoing-7 << "Server: Jetty(9.4.28.v20200408)[\r][\n]"
13:19:17.038 [Test worker] DEBUG org.apache.http.wire - http-outgoing-7 << "[\r][\n]"
13:19:17.038 [Test worker] DEBUG org.apache.http.wire - http-outgoing-7 << "38D[\r][\n]"
13:19:17.038 [qtp490162356-140] DEBUG org.eclipse.jetty.io.ChannelEndPoint - flushed 122 NetworkTrafficSocketChannelEndPoint@30336c14{/127.0.0.1:65065<->/127.0.0.1:8080,OPEN,fill=-,flush=W,to=39/30000}{io=0/0,kio=0,kro=1}->HttpConnection@54311e78[p=HttpParser{s=END,909 of 909},g=HttpGenerator@4e7cc718{s=COMMITTED}]=>HttpChannelOverHttp@3acb0764{s=HttpChannelState@7fc99e59{s=HANDLING rs=BLOCKING os=COMMITTED is=READY awp=false se=false i=true al=0},r=2,c=false/false,a=HANDLING,uri=//localhost:8080/__admin/mappings,age=39}
13:19:17.038 [Test worker] DEBUG org.apache.http.headers - http-outgoing-7 << HTTP/1.1 201 Created
13:19:17.038 [Test worker] DEBUG org.apache.http.headers - http-outgoing-7 << Content-Type: application/json
13:19:17.038 [Test worker] DEBUG org.apache.http.headers - http-outgoing-7 << Transfer-Encoding: chunked
13:19:17.038 [Test worker] DEBUG org.apache.http.headers - http-outgoing-7 << Server: Jetty(9.4.28.v20200408)
13:19:17.038 [qtp490162356-140] DEBUG org.eclipse.jetty.io.ChannelEndPoint - flushed 909 NetworkTrafficSocketChannelEndPoint@30336c14{/127.0.0.1:65065<->/127.0.0.1:8080,OPEN,fill=-,flush=W,to=0/30000}{io=0/0,kio=0,kro=1}->HttpConnection@54311e78[p=HttpParser{s=END,909 of 909},g=HttpGenerator@4e7cc718{s=COMMITTED}]=>HttpChannelOverHttp@3acb0764{s=HttpChannelState@7fc99e59{s=HANDLING rs=BLOCKING os=COMMITTED is=READY awp=false se=false i=true al=0},r=2,c=false/false,a=HANDLING,uri=//localhost:8080/__admin/mappings,age=39}
13:19:17.038 [qtp490162356-140] DEBUG org.eclipse.jetty.io.WriteFlusher - Flushed=true written=1031 remaining=0 WriteFlusher@30171743{WRITING}->null
13:19:17.038 [qtp490162356-140] DEBUG org.eclipse.jetty.io.WriteFlusher - update WriteFlusher@30171743{IDLE}->null:WRITING-->IDLE
13:19:17.038 [Test worker] DEBUG org.apache.http.impl.execchain.MainClientExec - Connection can be kept alive indefinitely
13:19:17.038 [qtp490162356-140] DEBUG org.eclipse.jetty.server.HttpConnection - generate: DONE for org.eclipse.jetty.server.HttpConnection$SendCallback@5b533b73[PROCESSING][i=HTTP/1.1{s=201,h=1,cl=-1},cb=org.eclipse.jetty.server.HttpChannel$SendCallback@6e3fc796] ([p=122,l=122,c=8192,r=0],[p=909,l=909,c=32768,r=0],false)@COMMITTED
13:19:17.039 [qtp490162356-140] DEBUG org.eclipse.jetty.server.HttpOutput - onWriteComplete(false,null) s=OPEN,api=BLOCKED,sc=false,e=null->s=OPEN,api=BLOCKING,sc=false,e=null c=null cb=null w=false
13:19:17.039 [qtp490162356-140] DEBUG org.eclipse.jetty.server.HttpOutput - close() s=CLOSING,api=BLOCKED,sc=false,e=null c=HeapByteBuffer@137d328[p=0,l=0,c=0,r=0]={<<<>>>} b=Blocker@6cff555b{null}
13:19:17.039 [Test worker] DEBUG org.apache.http.wire - http-outgoing-7 << "{[\r][\n]"
13:19:17.039 [Test worker] DEBUG org.apache.http.wire - http-outgoing-7 << "  "id" : "b896ba07-57c1-4ab8-8c24-fa1e57ac527e",[\r][\n]"
13:19:17.039 [Test worker] DEBUG org.apache.http.wire - http-outgoing-7 << "  "request" : {[\r][\n]"
13:19:17.039 [Test worker] DEBUG org.apache.http.wire - http-outgoing-7 << "    "url" : "/api/v0/components/provision-adapters/jobs",[\r][\n]"
13:19:17.039 [Test worker] DEBUG org.apache.http.wire - http-outgoing-7 << "    "method" : "POST",[\r][\n]"
13:19:17.039 [Test worker] DEBUG org.apache.http.wire - http-outgoing-7 << "    "headers" : {[\r][\n]"
13:19:17.039 [Test worker] DEBUG org.apache.http.wire - http-outgoing-7 << "      "Authorization" : {[\r][\n]"
13:19:17.039 [Test worker] DEBUG org.apache.http.wire - http-outgoing-7 << "        "equalTo" : "Bearer someToken"[\r][\n]"
13:19:17.039 [Test worker] DEBUG org.apache.http.wire - http-outgoing-7 << "      }[\r][\n]"
13:19:17.039 [Test worker] DEBUG org.apache.http.wire - http-outgoing-7 << "    },[\r][\n]"
13:19:17.039 [Test worker] DEBUG org.apache.http.wire - http-outgoing-7 << "    "bodyPatterns" : [ {[\r][\n]"
13:19:17.039 [qtp490162356-140] DEBUG org.eclipse.jetty.server.HttpChannel - sendResponse info=null content=HeapByteBuffer@137d328[p=0,l=0,c=0,r=0]={<<<>>>} complete=true committing=false callback=Blocker@6cff555b{null}
13:19:17.039 [Test worker] DEBUG org.apache.http.wire - http-outgoing-7 << "      "equalTo" : "{\"id\":\"10fb9b9f-0ba6-47e2-b4c2-2e62dc082cc4\",\"product\":\"436e6c68-2c4c-4e2c-aaf1-64adb056c58d\",\"configurationSubset\":\"eudev-delete\",\"answers\":{\"var1\":\"TEST\"}}"[\r][\n]"
13:19:17.039 [Test worker] DEBUG org.apache.http.wire - http-outgoing-7 << "    } ][\r][\n]"
13:19:17.039 [Test worker] DEBUG org.apache.http.wire - http-outgoing-7 << "  },[\r][\n]"
13:19:17.039 [Test worker] DEBUG org.apache.http.wire - http-outgoing-7 << "  "response" : {[\r][\n]"
13:19:17.039 [Test worker] DEBUG org.apache.http.wire - http-outgoing-7 << "    "status" : 200,[\r][\n]"
13:19:17.039 [Test worker] DEBUG org.apache.http.wire - http-outgoing-7 << "    "body" : "{\"id\":\"f5dde55d-98c6-4a9d-a77a-f79092220ef0\",\"componentInstance\":\"10fb9b9f-0ba6-47e2-b4c2-2e62dc082cc4\",\"status\":\"PROCESSING\",\"metadata\":null}",[\r][\n]"
13:19:17.039 [Test worker] DEBUG org.apache.http.wire - http-outgoing-7 << "    "headers" : {[\r][\n]"
13:19:17.039 [Test worker] DEBUG org.apache.http.wire - http-outgoing-7 << "      "Content-Type" : "application/json"[\r][\n]"
13:19:17.039 [Test worker] DEBUG org.apache.http.wire - http-outgoing-7 << "    }[\r][\n]"
13:19:17.039 [qtp490162356-140] DEBUG org.eclipse.jetty.server.HttpConnection - generate: CONTINUE for org.eclipse.jetty.server.HttpConnection$SendCallback@5b533b73[PROCESSING][i=null,cb=org.eclipse.jetty.server.HttpChannel$SendCallback@34031988] (null,[p=0,l=0,c=0,r=0],true)@COMPLETING
13:19:17.039 [Test worker] DEBUG org.apache.http.wire - http-outgoing-7 << "  },[\r][\n]"
13:19:17.039 [qtp490162356-140] DEBUG org.eclipse.jetty.server.HttpConnection - generate: NEED_CHUNK for org.eclipse.jetty.server.HttpConnection$SendCallback@5b533b73[PROCESSING][i=null,cb=org.eclipse.jetty.server.HttpChannel$SendCallback@34031988] (null,[p=0,l=0,c=0,r=0],true)@COMPLETING
13:19:17.039 [Test worker] DEBUG org.apache.http.wire - http-outgoing-7 << "  "uuid" : "b896ba07-57c1-4ab8-8c24-fa1e57ac527e",[\r][\n]"
13:19:17.039 [Test worker] DEBUG org.apache.http.wire - http-outgoing-7 << "  "scenarioName" : "unAuthorized",[\r][\n]"
13:19:17.039 [Test worker] DEBUG org.apache.http.wire - http-outgoing-7 << "  "requiredScenarioState" : "logged"[\r][\n]"
13:19:17.039 [qtp490162356-140] DEBUG org.eclipse.jetty.server.HttpConnection - generate: FLUSH for org.eclipse.jetty.server.HttpConnection$SendCallback@5b533b73[PROCESSING][i=null,cb=org.eclipse.jetty.server.HttpChannel$SendCallback@34031988] (null,[p=0,l=0,c=0,r=0],true)@COMPLETING
13:19:17.039 [Test worker] DEBUG org.apache.http.wire - http-outgoing-7 << "}"
13:19:17.039 [qtp490162356-140] DEBUG org.eclipse.jetty.io.WriteFlusher - write: WriteFlusher@30171743{IDLE}->null [HeapByteBuffer@641ef69d[p=0,l=7,c=1024,r=7]={<<<\r\n0\r\n\r\n>>>\x00\x00\x00\x00\x00\x00\x00\x00\x00...\x00\x00\x00\x00\x00\x00\x00}]
13:19:17.039 [qtp490162356-140] DEBUG org.eclipse.jetty.io.WriteFlusher - update WriteFlusher@30171743{WRITING}->null:IDLE-->WRITING
13:19:17.039 [Test worker] DEBUG org.apache.http.wire - http-outgoing-7 << "[\r][\n]"
13:19:17.039 [Test worker] DEBUG org.apache.http.wire - http-outgoing-7 << "0[\r][\n]"
13:19:17.039 [Test worker] DEBUG org.apache.http.wire - http-outgoing-7 << "[\r][\n]"
13:19:17.039 [qtp490162356-140] DEBUG org.eclipse.jetty.io.ChannelEndPoint - flushed 7 NetworkTrafficSocketChannelEndPoint@30336c14{/127.0.0.1:65065<->/127.0.0.1:8080,OPEN,fill=-,flush=W,to=0/30000}{io=0/0,kio=0,kro=1}->HttpConnection@54311e78[p=HttpParser{s=END,909 of 909},g=HttpGenerator@4e7cc718{s=COMPLETING}]=>HttpChannelOverHttp@3acb0764{s=HttpChannelState@7fc99e59{s=HANDLING rs=BLOCKING os=COMMITTED is=READY awp=false se=false i=true al=0},r=2,c=false/false,a=HANDLING,uri=//localhost:8080/__admin/mappings,age=40}
13:19:17.039 [Test worker] DEBUG org.apache.http.impl.conn.PoolingHttpClientConnectionManager - Connection [id: 7][route: {}->http://localhost:8080] can be kept alive indefinitely
13:19:17.039 [Test worker] DEBUG org.apache.http.impl.conn.DefaultManagedHttpClientConnection - http-outgoing-7: set socket timeout to 0
13:19:17.039 [qtp490162356-140] DEBUG org.eclipse.jetty.io.WriteFlusher - Flushed=true written=7 remaining=0 WriteFlusher@30171743{WRITING}->null
13:19:17.039 [qtp490162356-140] DEBUG org.eclipse.jetty.io.WriteFlusher - update WriteFlusher@30171743{IDLE}->null:WRITING-->IDLE
13:19:17.039 [qtp490162356-140] DEBUG org.eclipse.jetty.server.HttpConnection - generate: DONE for org.eclipse.jetty.server.HttpConnection$SendCallback@5b533b73[PROCESSING][i=null,cb=org.eclipse.jetty.server.HttpChannel$SendCallback@34031988] (null,[p=0,l=0,c=0,r=0],true)@END
13:19:17.039 [Test worker] DEBUG org.apache.http.impl.conn.PoolingHttpClientConnectionManager - Connection released: [id: 7][route: {}->http://localhost:8080][total available: 1; route allocated: 1 of 5; total allocated: 1 of 50]
13:19:17.039 [qtp490162356-140] DEBUG org.eclipse.jetty.server.HttpOutput - onWriteComplete(true,null) s=CLOSING,api=BLOCKED,sc=false,e=null->s=CLOSED,api=BLOCKING,sc=false,e=null c=null cb=null w=false
13:19:17.039 [qtp490162356-140] DEBUG org.eclipse.jetty.server.handler.gzip.GzipHandler - GzipHandler@431b20d4{STARTED,min=32,inflate=-1} handle Request[POST //localhost:8080/__admin/mappings]@7849638e in null
13:19:17.040 [qtp490162356-140] DEBUG org.eclipse.jetty.server.handler.ContextHandler - scope null||/__admin/mappings @ o.e.j.s.ServletContextHandler@70938873{/,null,AVAILABLE}
13:19:17.040 [qtp490162356-140] DEBUG org.eclipse.jetty.server.Server - handled=true async=false committed=true on HttpChannelOverHttp@3acb0764{s=HttpChannelState@7fc99e59{s=HANDLING rs=BLOCKING os=COMPLETED is=READY awp=false se=false i=true al=0},r=2,c=false/true,a=HANDLING,uri=//localhost:8080/__admin/mappings,age=41}
13:19:17.040 [qtp490162356-140] DEBUG org.eclipse.jetty.server.HttpChannelState - unhandle HttpChannelState@7fc99e59{s=HANDLING rs=BLOCKING os=COMPLETED is=READY awp=false se=false i=true al=0}
13:19:17.040 [qtp490162356-140] DEBUG org.eclipse.jetty.server.HttpChannelState - nextAction(false) COMPLETE HttpChannelState@7fc99e59{s=HANDLING rs=COMPLETING os=COMPLETED is=READY awp=false se=false i=false al=0}
13:19:17.040 [qtp490162356-140] DEBUG org.eclipse.jetty.server.HttpChannel - action COMPLETE HttpChannelOverHttp@3acb0764{s=HttpChannelState@7fc99e59{s=HANDLING rs=COMPLETING os=COMPLETED is=READY awp=false se=false i=false al=0},r=2,c=false/true,a=HANDLING,uri=//localhost:8080/__admin/mappings,age=41}
13:19:17.040 [qtp490162356-140] DEBUG org.eclipse.jetty.server.HttpOutput - complete(org.eclipse.jetty.util.Callback$4@31be9331) s=CLOSED,api=BLOCKING,sc=false,e=null s=true e=null, c=null
13:19:17.040 [qtp490162356-140] DEBUG org.eclipse.jetty.server.HttpChannelState - completed HttpChannelState@7fc99e59{s=HANDLING rs=COMPLETING os=COMPLETED is=READY awp=false se=false i=false al=0}
13:19:17.040 [qtp490162356-140] DEBUG org.eclipse.jetty.server.HttpChannelState - unhandle HttpChannelState@7fc99e59{s=HANDLING rs=COMPLETED os=COMPLETED is=READY awp=false se=false i=false al=0}
13:19:17.040 [qtp490162356-140] DEBUG org.eclipse.jetty.server.HttpChannelState - nextAction(false) TERMINATED HttpChannelState@7fc99e59{s=IDLE rs=COMPLETED os=COMPLETED is=READY awp=false se=false i=false al=0}
13:19:17.040 [qtp490162356-140] DEBUG org.eclipse.jetty.server.HttpChannel - action TERMINATED HttpChannelOverHttp@3acb0764{s=HttpChannelState@7fc99e59{s=IDLE rs=COMPLETED os=COMPLETED is=READY awp=false se=false i=false al=0},r=2,c=true/true,a=IDLE,uri=//localhost:8080/__admin/mappings,age=41}
13:19:17.040 [qtp490162356-140] DEBUG org.eclipse.jetty.server.HttpChannel - onCompleted for /__admin/mappings written=909
13:19:17.040 [qtp490162356-140] DEBUG org.eclipse.jetty.server.HttpChannelState - recycle HttpChannelState@7fc99e59{s=IDLE rs=COMPLETED os=COMPLETED is=READY awp=false se=false i=false al=0}
13:19:17.040 [qtp490162356-140] DEBUG org.eclipse.jetty.http.HttpParser - reset HttpParser{s=END,909 of 909}
13:19:17.040 [qtp490162356-140] DEBUG org.eclipse.jetty.http.HttpParser - END --> START
13:19:17.040 [qtp490162356-140] DEBUG org.eclipse.jetty.server.HttpChannel - !handle TERMINATED HttpChannelOverHttp@3acb0764{s=HttpChannelState@7fc99e59{s=IDLE rs=BLOCKING os=OPEN is=IDLE awp=false se=false i=true al=0},r=2,c=false/false,a=IDLE,uri=null,age=0}
13:19:17.040 [qtp490162356-140] DEBUG org.eclipse.jetty.io.ChannelEndPoint - filled 0 HeapByteBuffer@70c805d2[p=0,l=0,c=8192,r=0]={<<<>>>HTTP/1.1 ...\x00\x00\x00\x00\x00\x00\x00}
13:19:17.040 [qtp490162356-140] DEBUG org.eclipse.jetty.io.ChannelEndPoint - filled 0 HeapByteBuffer@70c805d2[p=0,l=0,c=8192,r=0]={<<<>>>HTTP/1.1 ...\x00\x00\x00\x00\x00\x00\x00}
13:19:17.040 [qtp490162356-140] DEBUG org.eclipse.jetty.server.HttpConnection - HttpConnection@54311e78::NetworkTrafficSocketChannelEndPoint@30336c14{/127.0.0.1:65065<->/127.0.0.1:8080,OPEN,fill=-,flush=-,to=0/30000}{io=0/0,kio=0,kro=1}->HttpConnection@54311e78[p=HttpParser{s=START,0 of -1},g=HttpGenerator@4e7cc718{s=START}]=>HttpChannelOverHttp@3acb0764{s=HttpChannelState@7fc99e59{s=IDLE rs=BLOCKING os=OPEN is=IDLE awp=false se=false i=true al=0},r=2,c=false/false,a=IDLE,uri=null,age=0} filled 0 HeapByteBuffer@70c805d2[p=0,l=0,c=8192,r=0]={<<<>>>HTTP/1.1 ...\x00\x00\x00\x00\x00\x00\x00}
13:19:17.040 [qtp490162356-140] DEBUG org.eclipse.jetty.server.HttpConnection - HttpConnection@54311e78::NetworkTrafficSocketChannelEndPoint@30336c14{/127.0.0.1:65065<->/127.0.0.1:8080,OPEN,fill=-,flush=-,to=0/30000}{io=0/0,kio=0,kro=1}->HttpConnection@54311e78[p=HttpParser{s=START,0 of -1},g=HttpGenerator@4e7cc718{s=START}]=>HttpChannelOverHttp@3acb0764{s=HttpChannelState@7fc99e59{s=IDLE rs=BLOCKING os=OPEN is=IDLE awp=false se=false i=true al=0},r=2,c=false/false,a=IDLE,uri=null,age=0} parse HeapByteBuffer@70c805d2[p=0,l=0,c=8192,r=0]={<<<>>>HTTP/1.1 ...\x00\x00\x00\x00\x00\x00\x00} {}
13:19:17.040 [qtp490162356-140] DEBUG org.eclipse.jetty.http.HttpParser - parseNext s=START HeapByteBuffer@70c805d2[p=0,l=0,c=8192,r=0]={<<<>>>HTTP/1.1 ...\x00\x00\x00\x00\x00\x00\x00}
13:19:17.040 [qtp490162356-140] DEBUG org.eclipse.jetty.server.HttpConnection - HttpConnection@54311e78::NetworkTrafficSocketChannelEndPoint@30336c14{/127.0.0.1:65065<->/127.0.0.1:8080,OPEN,fill=-,flush=-,to=1/30000}{io=0/0,kio=0,kro=1}->HttpConnection@54311e78[p=HttpParser{s=START,0 of -1},g=HttpGenerator@4e7cc718{s=START}]=>HttpChannelOverHttp@3acb0764{s=HttpChannelState@7fc99e59{s=IDLE rs=BLOCKING os=OPEN is=IDLE awp=false se=false i=true al=0},r=2,c=false/false,a=IDLE,uri=null,age=0} parsed false HttpParser{s=START,0 of -1}
13:19:17.040 [qtp490162356-140] DEBUG org.eclipse.jetty.server.HttpConnection - releaseRequestBuffer HttpConnection@54311e78::NetworkTrafficSocketChannelEndPoint@30336c14{/127.0.0.1:65065<->/127.0.0.1:8080,OPEN,fill=-,flush=-,to=1/30000}{io=0/0,kio=0,kro=1}->HttpConnection@54311e78[p=HttpParser{s=START,0 of -1},g=HttpGenerator@4e7cc718{s=START}]=>HttpChannelOverHttp@3acb0764{s=HttpChannelState@7fc99e59{s=IDLE rs=BLOCKING os=OPEN is=IDLE awp=false se=false i=true al=0},r=2,c=false/false,a=IDLE,uri=null,age=0}
13:19:17.040 [qtp490162356-140] DEBUG org.eclipse.jetty.io.AbstractConnection - fillInterested HttpConnection@54311e78::NetworkTrafficSocketChannelEndPoint@30336c14{/127.0.0.1:65065<->/127.0.0.1:8080,OPEN,fill=-,flush=-,to=1/30000}{io=0/0,kio=0,kro=1}->HttpConnection@54311e78[p=HttpParser{s=START,0 of -1},g=HttpGenerator@4e7cc718{s=START}]=>HttpChannelOverHttp@3acb0764{s=HttpChannelState@7fc99e59{s=IDLE rs=BLOCKING os=OPEN is=IDLE awp=false se=false i=true al=0},r=2,c=false/false,a=IDLE,uri=null,age=0}
13:19:17.041 [qtp490162356-140] DEBUG org.eclipse.jetty.io.FillInterest - interested FillInterest@2c6e1994{AC.ReadCB@54311e78{HttpConnection@54311e78::NetworkTrafficSocketChannelEndPoint@30336c14{/127.0.0.1:65065<->/127.0.0.1:8080,OPEN,fill=FI,flush=-,to=0/30000}{io=0/0,kio=0,kro=1}->HttpConnection@54311e78[p=HttpParser{s=START,0 of -1},g=HttpGenerator@4e7cc718{s=START}]=>HttpChannelOverHttp@3acb0764{s=HttpChannelState@7fc99e59{s=IDLE rs=BLOCKING os=OPEN is=IDLE awp=false se=false i=true al=0},r=2,c=false/false,a=IDLE,uri=null,age=0}}}
13:19:17.041 [qtp490162356-140] DEBUG org.eclipse.jetty.io.ChannelEndPoint - changeInterests p=false 0->1 for NetworkTrafficSocketChannelEndPoint@30336c14{/127.0.0.1:65065<->/127.0.0.1:8080,OPEN,fill=FI,flush=-,to=0/30000}{io=0/1,kio=0,kro=1}->HttpConnection@54311e78[p=HttpParser{s=START,0 of -1},g=HttpGenerator@4e7cc718{s=START}]=>HttpChannelOverHttp@3acb0764{s=HttpChannelState@7fc99e59{s=IDLE rs=BLOCKING os=OPEN is=IDLE awp=false se=false i=true al=0},r=2,c=false/false,a=IDLE,uri=null,age=0}
13:19:17.041 [qtp490162356-140] DEBUG org.eclipse.jetty.io.ManagedSelector - Queued change org.eclipse.jetty.io.ChannelEndPoint$1@1fe66116 on ManagedSelector@4638bfa1{STARTED} id=1 keys=1 selected=0 updates=0
13:19:17.041 [qtp490162356-140] DEBUG org.eclipse.jetty.io.ManagedSelector - Wakeup on submit ManagedSelector@4638bfa1{STARTED} id=1 keys=1 selected=0 updates=1
13:19:17.041 [qtp490162356-140] DEBUG org.eclipse.jetty.server.HttpConnection - HttpConnection@54311e78::NetworkTrafficSocketChannelEndPoint@30336c14{/127.0.0.1:65065<->/127.0.0.1:8080,OPEN,fill=FI,flush=-,to=0/30000}{io=0/1,kio=0,kro=1}->HttpConnection@54311e78[p=HttpParser{s=START,0 of -1},g=HttpGenerator@4e7cc718{s=START}]=>HttpChannelOverHttp@3acb0764{s=HttpChannelState@7fc99e59{s=IDLE rs=BLOCKING os=OPEN is=IDLE awp=false se=false i=true al=0},r=2,c=false/false,a=IDLE,uri=null,age=0} onFillable exit HttpChannelState@7fc99e59{s=IDLE rs=BLOCKING os=OPEN is=IDLE awp=false se=false i=true al=0} null
13:19:17.041 [qtp490162356-140] DEBUG org.eclipse.jetty.util.thread.QueuedThreadPool - ran org.eclipse.jetty.io.ManagedSelector$$Lambda$425/0x00000001005fc040@4d55e98f in QueuedThreadPool[qtp490162356]@1d3748b4{STARTED,8<=8<=14,i=1,r=1,q=0}[ReservedThreadExecutor@7ea74f5c{s=0/1,p=1}]
13:19:17.041 [qtp490162356-140] DEBUG org.eclipse.jetty.util.thread.QueuedThreadPool - run ReservedThreadExecutor@7ea74f5c{s=0/1,p=1}@5062ba33 in QueuedThreadPool[qtp490162356]@1d3748b4{STARTED,8<=8<=14,i=2,r=1,q=0}[ReservedThreadExecutor@7ea74f5c{s=0/1,p=1}]
13:19:17.041 [qtp490162356-140] DEBUG org.eclipse.jetty.util.thread.ReservedThreadExecutor - ReservedThreadExecutor@7ea74f5c{s=1/1,p=1}@5062ba33 started
13:19:17.041 [qtp490162356-140] DEBUG org.eclipse.jetty.util.thread.ReservedThreadExecutor - ReservedThreadExecutor@7ea74f5c{s=1/1,p=0}@5062ba33 waiting
13:19:17.048 [Test worker] DEBUG org.apache.http.impl.conn.PoolingHttpClientConnectionManager - Connection request: [route: {}->http://localhost:8080][total available: 1; route allocated: 1 of 5; total allocated: 1 of 50]
13:19:17.049 [Test worker] DEBUG org.apache.http.impl.conn.PoolingHttpClientConnectionManager - Connection leased: [id: 7][route: {}->http://localhost:8080][total available: 0; route allocated: 1 of 5; total allocated: 1 of 50]
13:19:17.049 [Test worker] DEBUG org.apache.http.impl.conn.DefaultManagedHttpClientConnection - http-outgoing-7: set socket timeout to 30000
13:19:17.049 [Test worker] DEBUG org.apache.http.impl.execchain.MainClientExec - Stale connection check
13:19:17.051 [Test worker] DEBUG org.apache.http.wire - http-outgoing-7 << "[read] I/O error: Read timed out"
13:19:17.051 [Test worker] DEBUG org.apache.http.impl.execchain.MainClientExec - Executing request POST /__admin/requests/count HTTP/1.1
13:19:17.051 [Test worker] DEBUG org.apache.http.impl.execchain.MainClientExec - Target auth state: UNCHALLENGED
13:19:17.051 [Test worker] DEBUG org.apache.http.impl.execchain.MainClientExec - Proxy auth state: UNCHALLENGED
13:19:17.051 [Test worker] DEBUG org.apache.http.headers - http-outgoing-7 >> POST /__admin/requests/count HTTP/1.1
13:19:17.051 [Test worker] DEBUG org.apache.http.headers - http-outgoing-7 >> Content-Length: 81
13:19:17.051 [Test worker] DEBUG org.apache.http.headers - http-outgoing-7 >> Content-Type: text/plain; charset=UTF-8
13:19:17.051 [Test worker] DEBUG org.apache.http.headers - http-outgoing-7 >> Host: localhost:8080
13:19:17.051 [Test worker] DEBUG org.apache.http.headers - http-outgoing-7 >> Connection: Keep-Alive
13:19:17.051 [Test worker] DEBUG org.apache.http.headers - http-outgoing-7 >> User-Agent: Apache-HttpClient/4.5.12 (Java/11.0.2)
13:19:17.051 [Test worker] DEBUG org.apache.http.wire - http-outgoing-7 >> "POST /__admin/requests/count HTTP/1.1[\r][\n]"
13:19:17.051 [Test worker] DEBUG org.apache.http.wire - http-outgoing-7 >> "Content-Length: 81[\r][\n]"
13:19:17.051 [Test worker] DEBUG org.apache.http.wire - http-outgoing-7 >> "Content-Type: text/plain; charset=UTF-8[\r][\n]"
13:19:17.051 [Test worker] DEBUG org.apache.http.wire - http-outgoing-7 >> "Host: localhost:8080[\r][\n]"
13:19:17.051 [Test worker] DEBUG org.apache.http.wire - http-outgoing-7 >> "Connection: Keep-Alive[\r][\n]"
13:19:17.051 [Test worker] DEBUG org.apache.http.wire - http-outgoing-7 >> "User-Agent: Apache-HttpClient/4.5.12 (Java/11.0.2)[\r][\n]"
13:19:17.051 [Test worker] DEBUG org.apache.http.wire - http-outgoing-7 >> "[\r][\n]"
13:19:17.051 [Test worker] DEBUG org.apache.http.wire - http-outgoing-7 >> "{[\r][\n]"
13:19:17.051 [Test worker] DEBUG org.apache.http.wire - http-outgoing-7 >> "  "url" : "/api/v0/components/provision-adapters/jobs",[\r][\n]"
13:19:17.051 [Test worker] DEBUG org.apache.http.wire - http-outgoing-7 >> "  "method" : "GET"[\r][\n]"
13:19:17.051 [Test worker] DEBUG org.apache.http.wire - http-outgoing-7 >> "}"
13:19:17.135 [qtp490162356-145] DEBUG org.eclipse.jetty.io.ManagedSelector - Selector sun.nio.ch.WindowsSelectorImpl@1f984d8b woken with none selected
13:19:17.135 [qtp490162356-145] DEBUG org.eclipse.jetty.io.ManagedSelector - Selector sun.nio.ch.WindowsSelectorImpl@1f984d8b woken up from select, 0/0/1 selected
13:19:17.135 [qtp490162356-145] DEBUG org.eclipse.jetty.io.ManagedSelector - Selector sun.nio.ch.WindowsSelectorImpl@1f984d8b processing 0 keys, 1 updates
13:19:17.135 [qtp490162356-145] DEBUG org.eclipse.jetty.io.ManagedSelector - updateable 1
13:19:17.135 [qtp490162356-145] DEBUG org.eclipse.jetty.io.ManagedSelector - update org.eclipse.jetty.io.ChannelEndPoint$1@1fe66116
13:19:17.135 [qtp490162356-145] DEBUG org.eclipse.jetty.io.ChannelEndPoint - Key interests updated 0 -> 1 on NetworkTrafficSocketChannelEndPoint@30336c14{/127.0.0.1:65065<->/127.0.0.1:8080,OPEN,fill=FI,flush=-,to=94/30000}{io=1/1,kio=1,kro=1}->HttpConnection@54311e78[p=HttpParser{s=START,0 of -1},g=HttpGenerator@4e7cc718{s=START}]=>HttpChannelOverHttp@3acb0764{s=HttpChannelState@7fc99e59{s=IDLE rs=BLOCKING os=OPEN is=IDLE awp=false se=false i=true al=0},r=2,c=false/false,a=IDLE,uri=null,age=0}
13:19:17.135 [qtp490162356-145] DEBUG org.eclipse.jetty.io.ManagedSelector - updates 0
13:19:17.136 [qtp490162356-145] DEBUG org.eclipse.jetty.io.ManagedSelector - Selector sun.nio.ch.WindowsSelectorImpl@1f984d8b waiting with 1 keys
13:19:17.139 [qtp490162356-145] DEBUG org.eclipse.jetty.io.ManagedSelector - Selector sun.nio.ch.WindowsSelectorImpl@1f984d8b woken up from select, 1/1/1 selected
13:19:17.139 [qtp490162356-145] DEBUG org.eclipse.jetty.io.ManagedSelector - Selector sun.nio.ch.WindowsSelectorImpl@1f984d8b processing 1 keys, 0 updates
13:19:17.139 [qtp490162356-145] DEBUG org.eclipse.jetty.io.ManagedSelector - selected 1 channel=java.nio.channels.SocketChannel[connected local=/127.0.0.1:8080 remote=/127.0.0.1:65065], selector=sun.nio.ch.WindowsSelectorImpl@1f984d8b, interestOps=1, readyOps=1 NetworkTrafficSocketChannelEndPoint@30336c14{/127.0.0.1:65065<->/127.0.0.1:8080,OPEN,fill=FI,flush=-,to=98/30000}{io=1/1,kio=1,kro=1}->HttpConnection@54311e78[p=HttpParser{s=START,0 of -1},g=HttpGenerator@4e7cc718{s=START}]=>HttpChannelOverHttp@3acb0764{s=HttpChannelState@7fc99e59{s=IDLE rs=BLOCKING os=OPEN is=IDLE awp=false se=false i=true al=0},r=2,c=false/false,a=IDLE,uri=null,age=0} 
13:19:17.139 [qtp490162356-145] DEBUG org.eclipse.jetty.io.ChannelEndPoint - onSelected 1->0 r=true w=false for NetworkTrafficSocketChannelEndPoint@30336c14{/127.0.0.1:65065<->/127.0.0.1:8080,OPEN,fill=FI,flush=-,to=98/30000}{io=1/0,kio=1,kro=1}->HttpConnection@54311e78[p=HttpParser{s=START,0 of -1},g=HttpGenerator@4e7cc718{s=START}]=>HttpChannelOverHttp@3acb0764{s=HttpChannelState@7fc99e59{s=IDLE rs=BLOCKING os=OPEN is=IDLE awp=false se=false i=true al=0},r=2,c=false/false,a=IDLE,uri=null,age=0}
13:19:17.139 [qtp490162356-145] DEBUG org.eclipse.jetty.io.ChannelEndPoint - task CEP:NetworkTrafficSocketChannelEndPoint@30336c14{/127.0.0.1:65065<->/127.0.0.1:8080,OPEN,fill=FI,flush=-,to=98/30000}{io=1/0,kio=1,kro=1}->HttpConnection@54311e78[p=HttpParser{s=START,0 of -1},g=HttpGenerator@4e7cc718{s=START}]=>HttpChannelOverHttp@3acb0764{s=HttpChannelState@7fc99e59{s=IDLE rs=BLOCKING os=OPEN is=IDLE awp=false se=false i=true al=0},r=2,c=false/false,a=IDLE,uri=null,age=0}:runFillable:BLOCKING
13:19:17.140 [qtp490162356-145] DEBUG org.eclipse.jetty.util.thread.ReservedThreadExecutor - ReservedThreadExecutor@7ea74f5c{s=1/1,p=0} tryExecute EatWhatYouKill@16425b30/SelectorProducer@33ee897e/PRODUCING/p=false/QueuedThreadPool[qtp490162356]@1d3748b4{STARTED,8<=8<=14,i=2,r=1,q=0}[ReservedThreadExecutor@7ea74f5c{s=1/1,p=0}][pc=0,pic=0,pec=1,epc=1]@2020-09-25T13:19:17.1399258+02:00
13:19:17.140 [qtp490162356-145] DEBUG org.eclipse.jetty.util.thread.ReservedThreadExecutor - ReservedThreadExecutor@7ea74f5c{s=0/1,p=0}@5062ba33 offer EatWhatYouKill@16425b30/SelectorProducer@33ee897e/PRODUCING/p=false/QueuedThreadPool[qtp490162356]@1d3748b4{STARTED,8<=8<=14,i=2,r=1,q=0}[ReservedThreadExecutor@7ea74f5c{s=0/1,p=0}][pc=0,pic=0,pec=1,epc=1]@2020-09-25T13:19:17.1408775+02:00
13:19:17.140 [qtp490162356-145] DEBUG org.eclipse.jetty.util.thread.ReservedThreadExecutor - ReservedThreadExecutor@7ea74f5c{s=0/1,p=1} startReservedThread p=1
13:19:17.140 [qtp490162356-145] DEBUG org.eclipse.jetty.util.thread.QueuedThreadPool - queue ReservedThreadExecutor@7ea74f5c{s=0/1,p=1}@840653d startThread=0
13:19:17.140 [qtp490162356-145] DEBUG org.eclipse.jetty.util.thread.strategy.EatWhatYouKill - EatWhatYouKill@16425b30/SelectorProducer@33ee897e/IDLE/p=true/QueuedThreadPool[qtp490162356]@1d3748b4{STARTED,8<=8<=14,i=1,r=1,q=0}[ReservedThreadExecutor@7ea74f5c{s=0/1,p=1}][pc=0,pic=0,pec=1,epc=1]@2020-09-25T13:19:17.1408775+02:00 m=EXECUTE_PRODUCE_CONSUME t=CEP:NetworkTrafficSocketChannelEndPoint@30336c14{/127.0.0.1:65065<->/127.0.0.1:8080,OPEN,fill=FI,flush=-,to=99/30000}{io=1/0,kio=1,kro=1}->HttpConnection@54311e78[p=HttpParser{s=START,0 of -1},g=HttpGenerator@4e7cc718{s=START}]=>HttpChannelOverHttp@3acb0764{s=HttpChannelState@7fc99e59{s=IDLE rs=BLOCKING os=OPEN is=IDLE awp=false se=false i=true al=0},r=2,c=false/false,a=IDLE,uri=null,age=0}:runFillable:BLOCKING/BLOCKING
13:19:17.140 [qtp490162356-145] DEBUG org.eclipse.jetty.io.FillInterest - fillable FillInterest@2c6e1994{AC.ReadCB@54311e78{HttpConnection@54311e78::NetworkTrafficSocketChannelEndPoint@30336c14{/127.0.0.1:65065<->/127.0.0.1:8080,OPEN,fill=FI,flush=-,to=99/30000}{io=1/0,kio=1,kro=1}->HttpConnection@54311e78[p=HttpParser{s=START,0 of -1},g=HttpGenerator@4e7cc718{s=START}]=>HttpChannelOverHttp@3acb0764{s=HttpChannelState@7fc99e59{s=IDLE rs=BLOCKING os=OPEN is=IDLE awp=false se=false i=true al=0},r=2,c=false/false,a=IDLE,uri=null,age=0}}}
13:19:17.140 [qtp490162356-145] DEBUG org.eclipse.jetty.server.HttpConnection - HttpConnection@54311e78::NetworkTrafficSocketChannelEndPoint@30336c14{/127.0.0.1:65065<->/127.0.0.1:8080,OPEN,fill=-,flush=-,to=99/30000}{io=1/0,kio=1,kro=1}->HttpConnection@54311e78[p=HttpParser{s=START,0 of -1},g=HttpGenerator@4e7cc718{s=START}]=>HttpChannelOverHttp@3acb0764{s=HttpChannelState@7fc99e59{s=IDLE rs=BLOCKING os=OPEN is=IDLE awp=false se=false i=true al=0},r=2,c=false/false,a=IDLE,uri=null,age=0} onFillable enter HttpChannelState@7fc99e59{s=IDLE rs=BLOCKING os=OPEN is=IDLE awp=false se=false i=true al=0} null
13:19:17.140 [qtp490162356-145] DEBUG org.eclipse.jetty.io.ChannelEndPoint - filled 281 HeapByteBuffer@70c805d2[p=0,l=281,c=8192,r=281]={<<<POST /__admin/requests/co...\r\n  "method" : "GET"\r\n}>>>i/v0/comp...\x00\x00\x00\x00\x00\x00\x00}
13:19:17.141 [qtp490162356-145] DEBUG org.eclipse.jetty.server.HttpConnection - HttpConnection@54311e78::NetworkTrafficSocketChannelEndPoint@30336c14{/127.0.0.1:65065<->/127.0.0.1:8080,OPEN,fill=-,flush=-,to=0/30000}{io=1/0,kio=1,kro=1}->HttpConnection@54311e78[p=HttpParser{s=START,0 of -1},g=HttpGenerator@4e7cc718{s=START}]=>HttpChannelOverHttp@3acb0764{s=HttpChannelState@7fc99e59{s=IDLE rs=BLOCKING os=OPEN is=IDLE awp=false se=false i=true al=0},r=2,c=false/false,a=IDLE,uri=null,age=0} filled 281 HeapByteBuffer@70c805d2[p=0,l=281,c=8192,r=281]={<<<POST /__admin/requests/co...\r\n  "method" : "GET"\r\n}>>>i/v0/comp...\x00\x00\x00\x00\x00\x00\x00}
13:19:17.141 [qtp490162356-145] DEBUG org.eclipse.jetty.server.HttpConnection - HttpConnection@54311e78::NetworkTrafficSocketChannelEndPoint@30336c14{/127.0.0.1:65065<->/127.0.0.1:8080,OPEN,fill=-,flush=-,to=0/30000}{io=1/0,kio=1,kro=1}->HttpConnection@54311e78[p=HttpParser{s=START,0 of -1},g=HttpGenerator@4e7cc718{s=START}]=>HttpChannelOverHttp@3acb0764{s=HttpChannelState@7fc99e59{s=IDLE rs=BLOCKING os=OPEN is=IDLE awp=false se=false i=true al=0},r=2,c=false/false,a=IDLE,uri=null,age=0} parse HeapByteBuffer@70c805d2[p=0,l=281,c=8192,r=281]={<<<POST /__admin/requests/co...\r\n  "method" : "GET"\r\n}>>>i/v0/comp...\x00\x00\x00\x00\x00\x00\x00} {}
13:19:17.141 [qtp490162356-145] DEBUG org.eclipse.jetty.http.HttpParser - parseNext s=START HeapByteBuffer@70c805d2[p=0,l=281,c=8192,r=281]={<<<POST /__admin/requests/co...\r\n  "method" : "GET"\r\n}>>>i/v0/comp...\x00\x00\x00\x00\x00\x00\x00}
13:19:17.141 [qtp490162356-145] DEBUG org.eclipse.jetty.http.HttpParser - START --> SPACE1
13:19:17.141 [qtp490162356-145] DEBUG org.eclipse.jetty.http.HttpParser - SPACE1 --> URI
13:19:17.141 [qtp490162356-145] DEBUG org.eclipse.jetty.http.HttpParser - URI --> SPACE2
13:19:17.141 [qtp490162356-145] DEBUG org.eclipse.jetty.http.HttpParser - SPACE2 --> REQUEST_VERSION
13:19:17.141 [qtp490162356-145] DEBUG org.eclipse.jetty.http.HttpParser - REQUEST_VERSION --> HEADER
13:19:17.141 [qtp490162356-145] DEBUG org.eclipse.jetty.http.HttpParser - HEADER:Content-Length --> VALUE
13:19:17.141 [qtp490162356-145] DEBUG org.eclipse.jetty.http.HttpParser - HEADER:Content-Length --> IN_VALUE
13:19:17.141 [qtp490162356-145] DEBUG org.eclipse.jetty.http.HttpParser - HEADER:Content-Length --> FIELD
13:19:17.141 [qtp490162356-145] DEBUG org.eclipse.jetty.http.HttpParser - HEADER:Content-Type: text/plain; charset=UTF-8 --> IN_VALUE
13:19:17.141 [qtp490162356-145] DEBUG org.eclipse.jetty.http.HttpParser - HEADER:Content-Type: text/plain; charset=UTF-8 --> FIELD
13:19:17.141 [qtp490162356-145] DEBUG org.eclipse.jetty.http.HttpParser - HEADER:Host: localhost:8080 --> IN_VALUE
13:19:17.141 [qtp490162356-145] DEBUG org.eclipse.jetty.http.HttpParser - HEADER:Host: localhost:8080 --> FIELD
13:19:17.141 [qtp490162356-145] DEBUG org.eclipse.jetty.http.HttpParser - HEADER:Connection: keep-alive --> IN_VALUE
13:19:17.141 [qtp490162356-145] DEBUG org.eclipse.jetty.http.HttpParser - HEADER:Connection: keep-alive --> FIELD
13:19:17.141 [qtp490162356-145] DEBUG org.eclipse.jetty.http.HttpParser - HEADER:User-Agent: Apache-HttpClient/4.5.12 (Java/11.0.2) --> IN_VALUE
13:19:17.141 [qtp490162356-145] DEBUG org.eclipse.jetty.http.HttpParser - HEADER:User-Agent: Apache-HttpClient/4.5.12 (Java/11.0.2) --> FIELD
13:19:17.141 [qtp490162356-145] DEBUG org.eclipse.jetty.http.HttpParser - HEADER --> CONTENT
13:19:17.141 [qtp490162356-145] DEBUG org.eclipse.jetty.server.HttpChannel - REQUEST for //localhost:8080/__admin/requests/count on HttpChannelOverHttp@3acb0764{s=HttpChannelState@7fc99e59{s=IDLE rs=BLOCKING os=OPEN is=IDLE awp=false se=false i=true al=0},r=3,c=false/false,a=IDLE,uri=//localhost:8080/__admin/requests/count,age=0}
POST //localhost:8080/__admin/requests/count HTTP/1.1
Content-Length: 81
Content-Type: text/plain; charset=UTF-8
Host: localhost:8080
Connection: keep-alive
User-Agent: Apache-HttpClient/4.5.12 (Java/11.0.2)


13:19:17.141 [qtp490162356-145] DEBUG org.eclipse.jetty.server.HttpConnection - HttpConnection@54311e78::NetworkTrafficSocketChannelEndPoint@30336c14{/127.0.0.1:65065<->/127.0.0.1:8080,OPEN,fill=-,flush=-,to=0/30000}{io=1/0,kio=1,kro=1}->HttpConnection@54311e78[p=HttpParser{s=CONTENT,0 of 81},g=HttpGenerator@4e7cc718{s=START}]=>HttpChannelOverHttp@3acb0764{s=HttpChannelState@7fc99e59{s=IDLE rs=BLOCKING os=OPEN is=IDLE awp=false se=false i=true al=0},r=3,c=false/false,a=IDLE,uri=//localhost:8080/__admin/requests/count,age=0} parsed true HttpParser{s=CONTENT,0 of 81}
13:19:17.141 [qtp490162356-145] DEBUG org.eclipse.jetty.server.HttpChannel - handle //localhost:8080/__admin/requests/count HttpChannelOverHttp@3acb0764{s=HttpChannelState@7fc99e59{s=IDLE rs=BLOCKING os=OPEN is=IDLE awp=false se=false i=true al=0},r=3,c=false/false,a=IDLE,uri=//localhost:8080/__admin/requests/count,age=0} 
13:19:17.141 [qtp490162356-145] DEBUG org.eclipse.jetty.server.HttpChannelState - handling HttpChannelState@7fc99e59{s=IDLE rs=BLOCKING os=OPEN is=IDLE awp=false se=false i=true al=0}
13:19:17.141 [qtp490162356-145] DEBUG org.eclipse.jetty.server.HttpChannel - action DISPATCH HttpChannelOverHttp@3acb0764{s=HttpChannelState@7fc99e59{s=HANDLING rs=BLOCKING os=OPEN is=IDLE awp=false se=false i=true al=0},r=3,c=false/false,a=HANDLING,uri=//localhost:8080/__admin/requests/count,age=0}
13:19:17.142 [qtp490162356-145] DEBUG org.eclipse.jetty.server.Server - REQUEST POST /__admin/requests/count on HttpChannelOverHttp@3acb0764{s=HttpChannelState@7fc99e59{s=HANDLING rs=BLOCKING os=OPEN is=IDLE awp=false se=false i=true al=0},r=3,c=false/false,a=HANDLING,uri=//localhost:8080/__admin/requests/count,age=0}
13:19:17.142 [qtp490162356-145] DEBUG org.eclipse.jetty.server.handler.ContextHandler - scope null||/__admin/requests/count @ o.e.j.s.ServletContextHandler@723426a2{/__admin,null,AVAILABLE}
13:19:17.142 [qtp490162356-145] DEBUG org.eclipse.jetty.server.handler.ContextHandler - context=/__admin||/requests/count @ o.e.j.s.ServletContextHandler@723426a2{/__admin,null,AVAILABLE}
13:19:17.142 [qtp490162356-145] DEBUG org.eclipse.jetty.servlet.ServletHandler - servlet /__admin|/requests/count|null -> com.github.tomakehurst.wiremock.servlet.WireMockHandlerDispatchingServlet-7fb600dc@6dd0aa30==com.github.tomakehurst.wiremock.servlet.WireMockHandlerDispatchingServlet,jsp=null,order=-1,inst=true,async=true
13:19:17.142 [qtp490162356-145] DEBUG org.eclipse.jetty.servlet.ServletHandler - chain=org.eclipse.jetty.servlets.CrossOriginFilter-3950dc23@3950dc23==org.eclipse.jetty.servlets.CrossOriginFilter,inst=true,async=true->com.github.tomakehurst.wiremock.servlet.WireMockHandlerDispatchingServlet-7fb600dc@6dd0aa30==com.github.tomakehurst.wiremock.servlet.WireMockHandlerDispatchingServlet,jsp=null,order=-1,inst=true,async=true
13:19:17.142 [qtp490162356-145] DEBUG org.eclipse.jetty.servlet.ServletHandler - call filter org.eclipse.jetty.servlets.CrossOriginFilter-3950dc23@3950dc23==org.eclipse.jetty.servlets.CrossOriginFilter,inst=true,async=true
13:19:17.142 [qtp490162356-145] DEBUG org.eclipse.jetty.servlet.ServletHandler - call servlet com.github.tomakehurst.wiremock.servlet.WireMockHandlerDispatchingServlet-7fb600dc@6dd0aa30==com.github.tomakehurst.wiremock.servlet.WireMockHandlerDispatchingServlet,jsp=null,order=-1,inst=true,async=true
13:19:17.144 [qtp490162356-145] DEBUG org.eclipse.jetty.server.HttpConnection - HttpConnection@54311e78::NetworkTrafficSocketChannelEndPoint@30336c14{/127.0.0.1:65065<->/127.0.0.1:8080,OPEN,fill=-,flush=-,to=3/30000}{io=1/0,kio=1,kro=1}->HttpConnection@54311e78[p=HttpParser{s=CONTENT,0 of 81},g=HttpGenerator@4e7cc718{s=START}]=>HttpChannelOverHttp@3acb0764{s=HttpChannelState@7fc99e59{s=HANDLING rs=BLOCKING os=OPEN is=IDLE awp=false se=false i=true al=0},r=3,c=false/false,a=HANDLING,uri=//localhost:8080/__admin/requests/count,age=3} parse HeapByteBuffer@70c805d2[p=200,l=281,c=8192,r=81]={POST /__a....2)\r\n\r\n<<<{\r\n  "url" : "/api/v0/com...\r\n  "method" : "GET"\r\n}>>>i/v0/comp...\x00\x00\x00\x00\x00\x00\x00} {}
13:19:17.144 [qtp490162356-145] DEBUG org.eclipse.jetty.http.HttpParser - parseNext s=CONTENT HeapByteBuffer@70c805d2[p=200,l=281,c=8192,r=81]={POST /__a....2)\r\n\r\n<<<{\r\n  "url" : "/api/v0/com...\r\n  "method" : "GET"\r\n}>>>i/v0/comp...\x00\x00\x00\x00\x00\x00\x00}
13:19:17.144 [qtp490162356-145] DEBUG org.eclipse.jetty.server.HttpChannel - onContent HttpChannelOverHttp@3acb0764{s=HttpChannelState@7fc99e59{s=HANDLING rs=BLOCKING os=OPEN is=IDLE awp=false se=false i=true al=0},r=3,c=false/false,a=HANDLING,uri=//localhost:8080/__admin/requests/count,age=3} Content@6878a45{HeapByteBufferR@2b80e4d[p=200,l=281,c=8192,r=81]={POST /__a....2)\r\n\r\n<<<{\r\n  "url" : "/api/v0/com...\r\n  "method" : "GET"\r\n}>>>i/v0/comp...\x00\x00\x00\x00\x00\x00\x00}}
13:19:17.144 [qtp490162356-145] DEBUG org.eclipse.jetty.server.HttpInput - HttpInputOverHTTP@fe49b21[c=0,q=0,[0]=null,s=STREAM] addContent Content@6878a45{HeapByteBufferR@2b80e4d[p=200,l=281,c=8192,r=81]={POST /__a....2)\r\n\r\n<<<{\r\n  "url" : "/api/v0/com...\r\n  "method" : "GET"\r\n}>>>i/v0/comp...\x00\x00\x00\x00\x00\x00\x00}}
13:19:17.144 [qtp490162356-145] DEBUG org.eclipse.jetty.http.HttpParser - CONTENT --> CONTENT_END
13:19:17.144 [qtp490162356-145] DEBUG org.eclipse.jetty.server.HttpChannel - onContentComplete HttpChannelOverHttp@3acb0764{s=HttpChannelState@7fc99e59{s=HANDLING rs=BLOCKING os=OPEN is=IDLE awp=false se=false i=true al=0},r=3,c=false/false,a=HANDLING,uri=//localhost:8080/__admin/requests/count,age=3}
13:19:17.144 [qtp490162356-145] DEBUG org.eclipse.jetty.http.HttpParser - CONTENT_END --> END
13:19:17.144 [qtp490162356-145] DEBUG org.eclipse.jetty.server.HttpChannel - onRequestComplete HttpChannelOverHttp@3acb0764{s=HttpChannelState@7fc99e59{s=HANDLING rs=BLOCKING os=OPEN is=IDLE awp=false se=false i=true al=0},r=3,c=false/false,a=HANDLING,uri=//localhost:8080/__admin/requests/count,age=3}
13:19:17.144 [qtp490162356-145] DEBUG org.eclipse.jetty.server.HttpInput - HttpInputOverHTTP@fe49b21[c=0,q=1,[0]=EOF,s=STREAM] addContent EOF
13:19:17.144 [qtp490162356-145] DEBUG org.eclipse.jetty.server.HttpConnection - HttpConnection@54311e78::NetworkTrafficSocketChannelEndPoint@30336c14{/127.0.0.1:65065<->/127.0.0.1:8080,OPEN,fill=-,flush=-,to=3/30000}{io=1/0,kio=1,kro=1}->HttpConnection@54311e78[p=HttpParser{s=END,81 of 81},g=HttpGenerator@4e7cc718{s=START}]=>HttpChannelOverHttp@3acb0764{s=HttpChannelState@7fc99e59{s=HANDLING rs=BLOCKING os=OPEN is=IDLE awp=false se=false i=true al=0},r=3,c=false/false,a=HANDLING,uri=//localhost:8080/__admin/requests/count,age=3} parsed false HttpParser{s=END,81 of 81}
13:19:17.145 [qtp490162356-145] DEBUG org.eclipse.jetty.server.HttpInput - HttpInputOverHTTP@fe49b21[c=81,q=1,[0]=EOF,s=STREAM] read 81 from Content@6878a45{HeapByteBufferR@2b80e4d[p=281,l=281,c=8192,r=0]={POST /__a...GET"\r\n}<<<>>>i/v0/comp...\x00\x00\x00\x00\x00\x00\x00}}
13:19:17.145 [qtp490162356-145] DEBUG org.eclipse.jetty.server.HttpConnection - releaseRequestBuffer HttpConnection@54311e78::NetworkTrafficSocketChannelEndPoint@30336c14{/127.0.0.1:65065<->/127.0.0.1:8080,OPEN,fill=-,flush=-,to=4/30000}{io=1/0,kio=1,kro=1}->HttpConnection@54311e78[p=HttpParser{s=END,81 of 81},g=HttpGenerator@4e7cc718{s=START}]=>HttpChannelOverHttp@3acb0764{s=HttpChannelState@7fc99e59{s=HANDLING rs=BLOCKING os=OPEN is=IDLE awp=false se=false i=true al=0},r=3,c=false/false,a=HANDLING,uri=//localhost:8080/__admin/requests/count,age=4}
13:19:17.145 [qtp490162356-145] DEBUG org.eclipse.jetty.server.HttpChannelState - onEof HttpChannelState@7fc99e59{s=HANDLING rs=BLOCKING os=OPEN is=IDLE awp=false se=false i=true al=0}
13:19:17.157 [qtp490162356-145] DEBUG org.eclipse.jetty.server.HttpOutput - write(array HeapByteBuffer@47ba807e[p=0,l=56,c=8192,r=56]={<<<{\r\n  "count" : 0,\r\n  "req...nalDisabled" : false\r\n}>>>\x00\x00\x00\x00\x00\x00\x00\x00\x00...\x00\x00\x00\x00\x00\x00\x00})
13:19:17.157 [qtp490162356-145] DEBUG org.eclipse.jetty.server.HttpOutput - write(array) s=OPEN,api=BLOCKING,sc=false,e=null aggregated !flush DirectByteBuffer@42500b19[p=0,l=56,c=32768,r=56]={<<<{\r\n  "count" : 0,\r\n  "req...nalDisabled" : false\r\n}>>>request" ...\x00\x00\x00\x00\x00\x00\x00}
13:19:17.157 [qtp490162356-145] DEBUG org.eclipse.jetty.server.HttpChannel - sendResponse info=null content=DirectByteBuffer@42500b19[p=0,l=56,c=32768,r=56]={<<<{\r\n  "count" : 0,\r\n  "req...nalDisabled" : false\r\n}>>>request" ...\x00\x00\x00\x00\x00\x00\x00} complete=false committing=true callback=Blocker@6cff555b{null}
13:19:17.157 [qtp490162356-145] DEBUG org.eclipse.jetty.server.HttpChannel - COMMIT for /__admin/requests/count on HttpChannelOverHttp@3acb0764{s=HttpChannelState@7fc99e59{s=HANDLING rs=BLOCKING os=COMMITTED is=READY awp=false se=false i=true al=0},r=3,c=false/false,a=HANDLING,uri=//localhost:8080/__admin/requests/count,age=16}
200 null HTTP/1.1
Content-Type: application/json


13:19:17.157 [qtp490162356-145] DEBUG org.eclipse.jetty.server.HttpConnection - generate: NEED_HEADER for org.eclipse.jetty.server.HttpConnection$SendCallback@5b533b73[PROCESSING][i=HTTP/1.1{s=200,h=1,cl=-1},cb=org.eclipse.jetty.server.HttpChannel$SendCallback@4c586c39] (null,[p=0,l=56,c=32768,r=56],false)@START
13:19:17.157 [qtp490162356-145] DEBUG org.eclipse.jetty.http.HttpGenerator - generateHeaders HTTP/1.1{s=200,h=1,cl=-1} last=false content=DirectByteBuffer@42500b19[p=0,l=56,c=32768,r=56]={<<<{\r\n  "count" : 0,\r\n  "req...nalDisabled" : false\r\n}>>>request" ...\x00\x00\x00\x00\x00\x00\x00}
13:19:17.157 [qtp490162356-145] DEBUG org.eclipse.jetty.http.HttpGenerator - Content-Type: application/json


13:19:17.158 [qtp490162356-145] DEBUG org.eclipse.jetty.http.HttpGenerator - CHUNKED_CONTENT
13:19:17.158 [qtp490162356-145] DEBUG org.eclipse.jetty.server.HttpConnection - generate: FLUSH for org.eclipse.jetty.server.HttpConnection$SendCallback@5b533b73[PROCESSING][i=HTTP/1.1{s=200,h=1,cl=-1},cb=org.eclipse.jetty.server.HttpChannel$SendCallback@4c586c39] ([p=0,l=116,c=8192,r=116],[p=0,l=56,c=32768,r=56],false)@COMMITTED
13:19:17.158 [qtp490162356-145] DEBUG org.eclipse.jetty.io.WriteFlusher - write: WriteFlusher@30171743{IDLE}->null [HeapByteBuffer@70c805d2[p=0,l=116,c=8192,r=116]={<<<HTTP/1.1 200 OK\r\nContent-...4.28.v20200408)\r\n\r\n38\r\n>>>8080\r\nCon...\x00\x00\x00\x00\x00\x00\x00},DirectByteBuffer@42500b19[p=0,l=56,c=32768,r=56]={<<<{\r\n  "count" : 0,\r\n  "req...nalDisabled" : false\r\n}>>>request" ...\x00\x00\x00\x00\x00\x00\x00}]
13:19:17.158 [qtp490162356-145] DEBUG org.eclipse.jetty.io.WriteFlusher - update WriteFlusher@30171743{WRITING}->null:IDLE-->WRITING
13:19:17.158 [Test worker] DEBUG org.apache.http.wire - http-outgoing-7 << "HTTP/1.1 200 OK[\r][\n]"
13:19:17.158 [Test worker] DEBUG org.apache.http.wire - http-outgoing-7 << "Content-Type: application/json[\r][\n]"
13:19:17.158 [Test worker] DEBUG org.apache.http.wire - http-outgoing-7 << "Transfer-Encoding: chunked[\r][\n]"
13:19:17.158 [Test worker] DEBUG org.apache.http.wire - http-outgoing-7 << "Server: Jetty(9.4.28.v20200408)[\r][\n]"
13:19:17.158 [Test worker] DEBUG org.apache.http.wire - http-outgoing-7 << "[\r][\n]"
13:19:17.158 [Test worker] DEBUG org.apache.http.wire - http-outgoing-7 << "38[\r][\n]"
13:19:17.158 [Test worker] DEBUG org.apache.http.headers - http-outgoing-7 << HTTP/1.1 200 OK
13:19:17.158 [Test worker] DEBUG org.apache.http.headers - http-outgoing-7 << Content-Type: application/json
13:19:17.158 [Test worker] DEBUG org.apache.http.headers - http-outgoing-7 << Transfer-Encoding: chunked
13:19:17.158 [Test worker] DEBUG org.apache.http.headers - http-outgoing-7 << Server: Jetty(9.4.28.v20200408)
13:19:17.158 [Test worker] DEBUG org.apache.http.impl.execchain.MainClientExec - Connection can be kept alive indefinitely
13:19:17.158 [qtp490162356-145] DEBUG org.eclipse.jetty.io.ChannelEndPoint - flushed 116 NetworkTrafficSocketChannelEndPoint@30336c14{/127.0.0.1:65065<->/127.0.0.1:8080,OPEN,fill=-,flush=W,to=17/30000}{io=1/0,kio=1,kro=1}->HttpConnection@54311e78[p=HttpParser{s=END,81 of 81},g=HttpGenerator@4e7cc718{s=COMMITTED}]=>HttpChannelOverHttp@3acb0764{s=HttpChannelState@7fc99e59{s=HANDLING rs=BLOCKING os=COMMITTED is=READY awp=false se=false i=true al=0},r=3,c=false/false,a=HANDLING,uri=//localhost:8080/__admin/requests/count,age=17}
13:19:17.159 [Test worker] DEBUG org.apache.http.wire - http-outgoing-7 << "{[\r][\n]"
13:19:17.159 [Test worker] DEBUG org.apache.http.wire - http-outgoing-7 << "  "count" : 0,[\r][\n]"
13:19:17.159 [Test worker] DEBUG org.apache.http.wire - http-outgoing-7 << "  "requestJournalDisabled" : false[\r][\n]"
13:19:17.159 [Test worker] DEBUG org.apache.http.wire - http-outgoing-7 << "}"
13:19:17.159 [qtp490162356-145] DEBUG org.eclipse.jetty.io.ChannelEndPoint - flushed 56 NetworkTrafficSocketChannelEndPoint@30336c14{/127.0.0.1:65065<->/127.0.0.1:8080,OPEN,fill=-,flush=W,to=0/30000}{io=1/0,kio=1,kro=1}->HttpConnection@54311e78[p=HttpParser{s=END,81 of 81},g=HttpGenerator@4e7cc718{s=COMMITTED}]=>HttpChannelOverHttp@3acb0764{s=HttpChannelState@7fc99e59{s=HANDLING rs=BLOCKING os=COMMITTED is=READY awp=false se=false i=true al=0},r=3,c=false/false,a=HANDLING,uri=//localhost:8080/__admin/requests/count,age=18}
13:19:17.159 [qtp490162356-145] DEBUG org.eclipse.jetty.io.WriteFlusher - Flushed=true written=172 remaining=0 WriteFlusher@30171743{WRITING}->null
13:19:17.159 [qtp490162356-145] DEBUG org.eclipse.jetty.io.WriteFlusher - update WriteFlusher@30171743{IDLE}->null:WRITING-->IDLE
13:19:17.159 [qtp490162356-145] DEBUG org.eclipse.jetty.server.HttpConnection - generate: DONE for org.eclipse.jetty.server.HttpConnection$SendCallback@5b533b73[PROCESSING][i=HTTP/1.1{s=200,h=1,cl=-1},cb=org.eclipse.jetty.server.HttpChannel$SendCallback@4c586c39] ([p=116,l=116,c=8192,r=0],[p=56,l=56,c=32768,r=0],false)@COMMITTED
13:19:17.159 [qtp490162356-145] DEBUG org.eclipse.jetty.server.HttpOutput - onWriteComplete(false,null) s=OPEN,api=BLOCKED,sc=false,e=null->s=OPEN,api=BLOCKING,sc=false,e=null c=null cb=null w=false
13:19:17.159 [qtp490162356-145] DEBUG org.eclipse.jetty.server.HttpOutput - close() s=CLOSING,api=BLOCKED,sc=false,e=null c=HeapByteBuffer@137d328[p=0,l=0,c=0,r=0]={<<<>>>} b=Blocker@6cff555b{null}
13:19:17.159 [qtp490162356-145] DEBUG org.eclipse.jetty.server.HttpChannel - sendResponse info=null content=HeapByteBuffer@137d328[p=0,l=0,c=0,r=0]={<<<>>>} complete=true committing=false callback=Blocker@6cff555b{null}
13:19:17.159 [qtp490162356-145] DEBUG org.eclipse.jetty.server.HttpConnection - generate: CONTINUE for org.eclipse.jetty.server.HttpConnection$SendCallback@5b533b73[PROCESSING][i=null,cb=org.eclipse.jetty.server.HttpChannel$SendCallback@76b70255] (null,[p=0,l=0,c=0,r=0],true)@COMPLETING
13:19:17.159 [qtp490162356-145] DEBUG org.eclipse.jetty.server.HttpConnection - generate: NEED_CHUNK for org.eclipse.jetty.server.HttpConnection$SendCallback@5b533b73[PROCESSING][i=null,cb=org.eclipse.jetty.server.HttpChannel$SendCallback@76b70255] (null,[p=0,l=0,c=0,r=0],true)@COMPLETING
13:19:17.159 [qtp490162356-145] DEBUG org.eclipse.jetty.server.HttpConnection - generate: FLUSH for org.eclipse.jetty.server.HttpConnection$SendCallback@5b533b73[PROCESSING][i=null,cb=org.eclipse.jetty.server.HttpChannel$SendCallback@76b70255] (null,[p=0,l=0,c=0,r=0],true)@COMPLETING
13:19:17.159 [qtp490162356-145] DEBUG org.eclipse.jetty.io.WriteFlusher - write: WriteFlusher@30171743{IDLE}->null [HeapByteBuffer@641ef69d[p=0,l=7,c=1024,r=7]={<<<\r\n0\r\n\r\n>>>\x00\x00\x00\x00\x00\x00\x00\x00\x00...\x00\x00\x00\x00\x00\x00\x00}]
13:19:17.159 [qtp490162356-145] DEBUG org.eclipse.jetty.io.WriteFlusher - update WriteFlusher@30171743{WRITING}->null:IDLE-->WRITING
13:19:17.159 [Test worker] DEBUG org.apache.http.wire - http-outgoing-7 << "[\r][\n]"
13:19:17.160 [Test worker] DEBUG org.apache.http.wire - http-outgoing-7 << "0[\r][\n]"
13:19:17.160 [Test worker] DEBUG org.apache.http.wire - http-outgoing-7 << "[\r][\n]"
13:19:17.160 [Test worker] DEBUG org.apache.http.impl.conn.PoolingHttpClientConnectionManager - Connection [id: 7][route: {}->http://localhost:8080] can be kept alive indefinitely
13:19:17.160 [Test worker] DEBUG org.apache.http.impl.conn.DefaultManagedHttpClientConnection - http-outgoing-7: set socket timeout to 0
13:19:17.160 [Test worker] DEBUG org.apache.http.impl.conn.PoolingHttpClientConnectionManager - Connection released: [id: 7][route: {}->http://localhost:8080][total available: 1; route allocated: 1 of 5; total allocated: 1 of 50]
13:19:17.160 [qtp490162356-145] DEBUG org.eclipse.jetty.io.ChannelEndPoint - flushed 7 NetworkTrafficSocketChannelEndPoint@30336c14{/127.0.0.1:65065<->/127.0.0.1:8080,OPEN,fill=-,flush=W,to=0/30000}{io=1/0,kio=1,kro=1}->HttpConnection@54311e78[p=HttpParser{s=END,81 of 81},g=HttpGenerator@4e7cc718{s=COMPLETING}]=>HttpChannelOverHttp@3acb0764{s=HttpChannelState@7fc99e59{s=HANDLING rs=BLOCKING os=COMMITTED is=READY awp=false se=false i=true al=0},r=3,c=false/false,a=HANDLING,uri=//localhost:8080/__admin/requests/count,age=19}
13:19:17.160 [qtp490162356-145] DEBUG org.eclipse.jetty.io.WriteFlusher - Flushed=true written=7 remaining=0 WriteFlusher@30171743{WRITING}->null
13:19:17.160 [qtp490162356-145] DEBUG org.eclipse.jetty.io.WriteFlusher - update WriteFlusher@30171743{IDLE}->null:WRITING-->IDLE
13:19:17.160 [qtp490162356-145] DEBUG org.eclipse.jetty.server.HttpConnection - generate: DONE for org.eclipse.jetty.server.HttpConnection$SendCallback@5b533b73[PROCESSING][i=null,cb=org.eclipse.jetty.server.HttpChannel$SendCallback@76b70255] (null,[p=0,l=0,c=0,r=0],true)@END
13:19:17.160 [qtp490162356-145] DEBUG org.eclipse.jetty.server.HttpOutput - onWriteComplete(true,null) s=CLOSING,api=BLOCKED,sc=false,e=null->s=CLOSED,api=BLOCKING,sc=false,e=null c=null cb=null w=false
13:19:17.160 [qtp490162356-145] DEBUG org.eclipse.jetty.server.handler.gzip.GzipHandler - GzipHandler@431b20d4{STARTED,min=32,inflate=-1} handle Request[POST //localhost:8080/__admin/requests/count]@7849638e in null
13:19:17.160 [qtp490162356-145] DEBUG org.eclipse.jetty.server.handler.ContextHandler - scope null||/__admin/requests/count @ o.e.j.s.ServletContextHandler@70938873{/,null,AVAILABLE}
13:19:17.160 [qtp490162356-145] DEBUG org.eclipse.jetty.server.Server - handled=true async=false committed=true on HttpChannelOverHttp@3acb0764{s=HttpChannelState@7fc99e59{s=HANDLING rs=BLOCKING os=COMPLETED is=READY awp=false se=false i=true al=0},r=3,c=false/true,a=HANDLING,uri=//localhost:8080/__admin/requests/count,age=19}
13:19:17.160 [qtp490162356-145] DEBUG org.eclipse.jetty.server.HttpChannelState - unhandle HttpChannelState@7fc99e59{s=HANDLING rs=BLOCKING os=COMPLETED is=READY awp=false se=false i=true al=0}
13:19:17.161 [Test worker] DEBUG org.apache.http.impl.conn.PoolingHttpClientConnectionManager - Connection request: [route: {}->http://localhost:8080][total available: 1; route allocated: 1 of 5; total allocated: 1 of 50]
13:19:17.161 [Test worker] DEBUG org.apache.http.impl.conn.PoolingHttpClientConnectionManager - Connection leased: [id: 7][route: {}->http://localhost:8080][total available: 0; route allocated: 1 of 5; total allocated: 1 of 50]
13:19:17.161 [Test worker] DEBUG org.apache.http.impl.conn.DefaultManagedHttpClientConnection - http-outgoing-7: set socket timeout to 30000
13:19:17.161 [Test worker] DEBUG org.apache.http.impl.execchain.MainClientExec - Stale connection check
13:19:17.161 [qtp490162356-145] DEBUG org.eclipse.jetty.server.HttpChannelState - nextAction(false) COMPLETE HttpChannelState@7fc99e59{s=HANDLING rs=COMPLETING os=COMPLETED is=READY awp=false se=false i=false al=0}
13:19:17.161 [qtp490162356-145] DEBUG org.eclipse.jetty.server.HttpChannel - action COMPLETE HttpChannelOverHttp@3acb0764{s=HttpChannelState@7fc99e59{s=HANDLING rs=COMPLETING os=COMPLETED is=READY awp=false se=false i=false al=0},r=3,c=false/true,a=HANDLING,uri=//localhost:8080/__admin/requests/count,age=20}
13:19:17.161 [qtp490162356-145] DEBUG org.eclipse.jetty.server.HttpOutput - complete(org.eclipse.jetty.util.Callback$4@34bfb0a8) s=CLOSED,api=BLOCKING,sc=false,e=null s=true e=null, c=null
13:19:17.161 [qtp490162356-145] DEBUG org.eclipse.jetty.server.HttpChannelState - completed HttpChannelState@7fc99e59{s=HANDLING rs=COMPLETING os=COMPLETED is=READY awp=false se=false i=false al=0}
13:19:17.161 [qtp490162356-145] DEBUG org.eclipse.jetty.server.HttpChannelState - unhandle HttpChannelState@7fc99e59{s=HANDLING rs=COMPLETED os=COMPLETED is=READY awp=false se=false i=false al=0}
13:19:17.161 [qtp490162356-145] DEBUG org.eclipse.jetty.server.HttpChannelState - nextAction(false) TERMINATED HttpChannelState@7fc99e59{s=IDLE rs=COMPLETED os=COMPLETED is=READY awp=false se=false i=false al=0}
13:19:17.161 [qtp490162356-145] DEBUG org.eclipse.jetty.server.HttpChannel - action TERMINATED HttpChannelOverHttp@3acb0764{s=HttpChannelState@7fc99e59{s=IDLE rs=COMPLETED os=COMPLETED is=READY awp=false se=false i=false al=0},r=3,c=true/true,a=IDLE,uri=//localhost:8080/__admin/requests/count,age=20}
13:19:17.161 [qtp490162356-145] DEBUG org.eclipse.jetty.server.HttpChannel - onCompleted for /__admin/requests/count written=56
13:19:17.161 [qtp490162356-145] DEBUG org.eclipse.jetty.server.HttpChannelState - recycle HttpChannelState@7fc99e59{s=IDLE rs=COMPLETED os=COMPLETED is=READY awp=false se=false i=false al=0}
13:19:17.162 [qtp490162356-145] DEBUG org.eclipse.jetty.http.HttpParser - reset HttpParser{s=END,81 of 81}
13:19:17.162 [qtp490162356-145] DEBUG org.eclipse.jetty.http.HttpParser - END --> START
13:19:17.162 [qtp490162356-145] DEBUG org.eclipse.jetty.server.HttpChannel - !handle TERMINATED HttpChannelOverHttp@3acb0764{s=HttpChannelState@7fc99e59{s=IDLE rs=BLOCKING os=OPEN is=IDLE awp=false se=false i=true al=0},r=3,c=false/false,a=IDLE,uri=null,age=0}
13:19:17.162 [qtp490162356-145] DEBUG org.eclipse.jetty.io.ChannelEndPoint - filled 0 HeapByteBuffer@70c805d2[p=0,l=0,c=8192,r=0]={<<<>>>HTTP/1.1 ...\x00\x00\x00\x00\x00\x00\x00}
13:19:17.162 [qtp490162356-145] DEBUG org.eclipse.jetty.io.ChannelEndPoint - filled 0 HeapByteBuffer@70c805d2[p=0,l=0,c=8192,r=0]={<<<>>>HTTP/1.1 ...\x00\x00\x00\x00\x00\x00\x00}
13:19:17.162 [qtp490162356-145] DEBUG org.eclipse.jetty.server.HttpConnection - HttpConnection@54311e78::NetworkTrafficSocketChannelEndPoint@30336c14{/127.0.0.1:65065<->/127.0.0.1:8080,OPEN,fill=-,flush=-,to=1/30000}{io=1/0,kio=1,kro=1}->HttpConnection@54311e78[p=HttpParser{s=START,0 of -1},g=HttpGenerator@4e7cc718{s=START}]=>HttpChannelOverHttp@3acb0764{s=HttpChannelState@7fc99e59{s=IDLE rs=BLOCKING os=OPEN is=IDLE awp=false se=false i=true al=0},r=3,c=false/false,a=IDLE,uri=null,age=0} filled 0 HeapByteBuffer@70c805d2[p=0,l=0,c=8192,r=0]={<<<>>>HTTP/1.1 ...\x00\x00\x00\x00\x00\x00\x00}
13:19:17.162 [qtp490162356-145] DEBUG org.eclipse.jetty.server.HttpConnection - HttpConnection@54311e78::NetworkTrafficSocketChannelEndPoint@30336c14{/127.0.0.1:65065<->/127.0.0.1:8080,OPEN,fill=-,flush=-,to=1/30000}{io=1/0,kio=1,kro=1}->HttpConnection@54311e78[p=HttpParser{s=START,0 of -1},g=HttpGenerator@4e7cc718{s=START}]=>HttpChannelOverHttp@3acb0764{s=HttpChannelState@7fc99e59{s=IDLE rs=BLOCKING os=OPEN is=IDLE awp=false se=false i=true al=0},r=3,c=false/false,a=IDLE,uri=null,age=0} parse HeapByteBuffer@70c805d2[p=0,l=0,c=8192,r=0]={<<<>>>HTTP/1.1 ...\x00\x00\x00\x00\x00\x00\x00} {}
13:19:17.162 [qtp490162356-145] DEBUG org.eclipse.jetty.http.HttpParser - parseNext s=START HeapByteBuffer@70c805d2[p=0,l=0,c=8192,r=0]={<<<>>>HTTP/1.1 ...\x00\x00\x00\x00\x00\x00\x00}
13:19:17.162 [qtp490162356-145] DEBUG org.eclipse.jetty.server.HttpConnection - HttpConnection@54311e78::NetworkTrafficSocketChannelEndPoint@30336c14{/127.0.0.1:65065<->/127.0.0.1:8080,OPEN,fill=-,flush=-,to=1/30000}{io=1/0,kio=1,kro=1}->HttpConnection@54311e78[p=HttpParser{s=START,0 of -1},g=HttpGenerator@4e7cc718{s=START}]=>HttpChannelOverHttp@3acb0764{s=HttpChannelState@7fc99e59{s=IDLE rs=BLOCKING os=OPEN is=IDLE awp=false se=false i=true al=0},r=3,c=false/false,a=IDLE,uri=null,age=0} parsed false HttpParser{s=START,0 of -1}
13:19:17.162 [qtp490162356-145] DEBUG org.eclipse.jetty.server.HttpConnection - releaseRequestBuffer HttpConnection@54311e78::NetworkTrafficSocketChannelEndPoint@30336c14{/127.0.0.1:65065<->/127.0.0.1:8080,OPEN,fill=-,flush=-,to=1/30000}{io=1/0,kio=1,kro=1}->HttpConnection@54311e78[p=HttpParser{s=START,0 of -1},g=HttpGenerator@4e7cc718{s=START}]=>HttpChannelOverHttp@3acb0764{s=HttpChannelState@7fc99e59{s=IDLE rs=BLOCKING os=OPEN is=IDLE awp=false se=false i=true al=0},r=3,c=false/false,a=IDLE,uri=null,age=0}
13:19:17.162 [qtp490162356-145] DEBUG org.eclipse.jetty.io.AbstractConnection - fillInterested HttpConnection@54311e78::NetworkTrafficSocketChannelEndPoint@30336c14{/127.0.0.1:65065<->/127.0.0.1:8080,OPEN,fill=-,flush=-,to=2/30000}{io=1/0,kio=1,kro=1}->HttpConnection@54311e78[p=HttpParser{s=START,0 of -1},g=HttpGenerator@4e7cc718{s=START}]=>HttpChannelOverHttp@3acb0764{s=HttpChannelState@7fc99e59{s=IDLE rs=BLOCKING os=OPEN is=IDLE awp=false se=false i=true al=0},r=3,c=false/false,a=IDLE,uri=null,age=0}
13:19:17.162 [qtp490162356-145] DEBUG org.eclipse.jetty.io.FillInterest - interested FillInterest@2c6e1994{AC.ReadCB@54311e78{HttpConnection@54311e78::NetworkTrafficSocketChannelEndPoint@30336c14{/127.0.0.1:65065<->/127.0.0.1:8080,OPEN,fill=FI,flush=-,to=0/30000}{io=1/0,kio=1,kro=1}->HttpConnection@54311e78[p=HttpParser{s=START,0 of -1},g=HttpGenerator@4e7cc718{s=START}]=>HttpChannelOverHttp@3acb0764{s=HttpChannelState@7fc99e59{s=IDLE rs=BLOCKING os=OPEN is=IDLE awp=false se=false i=true al=0},r=3,c=false/false,a=IDLE,uri=null,age=0}}}
13:19:17.162 [qtp490162356-145] DEBUG org.eclipse.jetty.io.ChannelEndPoint - changeInterests p=true 0->1 for NetworkTrafficSocketChannelEndPoint@30336c14{/127.0.0.1:65065<->/127.0.0.1:8080,OPEN,fill=FI,flush=-,to=0/30000}{io=1/1,kio=1,kro=1}->HttpConnection@54311e78[p=HttpParser{s=START,0 of -1},g=HttpGenerator@4e7cc718{s=START}]=>HttpChannelOverHttp@3acb0764{s=HttpChannelState@7fc99e59{s=IDLE rs=BLOCKING os=OPEN is=IDLE awp=false se=false i=true al=0},r=3,c=false/false,a=IDLE,uri=null,age=0}
13:19:17.162 [qtp490162356-145] DEBUG org.eclipse.jetty.server.HttpConnection - HttpConnection@54311e78::NetworkTrafficSocketChannelEndPoint@30336c14{/127.0.0.1:65065<->/127.0.0.1:8080,OPEN,fill=FI,flush=-,to=0/30000}{io=1/1,kio=1,kro=1}->HttpConnection@54311e78[p=HttpParser{s=START,0 of -1},g=HttpGenerator@4e7cc718{s=START}]=>HttpChannelOverHttp@3acb0764{s=HttpChannelState@7fc99e59{s=IDLE rs=BLOCKING os=OPEN is=IDLE awp=false se=false i=true al=0},r=3,c=false/false,a=IDLE,uri=null,age=0} onFillable exit HttpChannelState@7fc99e59{s=IDLE rs=BLOCKING os=OPEN is=IDLE awp=false se=false i=true al=0} null
13:19:17.162 [qtp490162356-145] DEBUG org.eclipse.jetty.io.ManagedSelector - updateable 0
13:19:17.162 [qtp490162356-145] DEBUG org.eclipse.jetty.io.ManagedSelector - updates 0
13:19:17.162 [qtp490162356-145] DEBUG org.eclipse.jetty.io.ChannelEndPoint - Key interests updated 1 -> 1 on NetworkTrafficSocketChannelEndPoint@30336c14{/127.0.0.1:65065<->/127.0.0.1:8080,OPEN,fill=FI,flush=-,to=0/30000}{io=1/1,kio=1,kro=1}->HttpConnection@54311e78[p=HttpParser{s=START,0 of -1},g=HttpGenerator@4e7cc718{s=START}]=>HttpChannelOverHttp@3acb0764{s=HttpChannelState@7fc99e59{s=IDLE rs=BLOCKING os=OPEN is=IDLE awp=false se=false i=true al=0},r=3,c=false/false,a=IDLE,uri=null,age=0}
13:19:17.163 [Test worker] DEBUG org.apache.http.wire - http-outgoing-7 << "[read] I/O error: Read timed out"
13:19:17.163 [Test worker] DEBUG org.apache.http.impl.execchain.MainClientExec - Executing request POST /__admin/requests/count HTTP/1.1
13:19:17.163 [Test worker] DEBUG org.apache.http.impl.execchain.MainClientExec - Target auth state: UNCHALLENGED
13:19:17.163 [Test worker] DEBUG org.apache.http.impl.execchain.MainClientExec - Proxy auth state: UNCHALLENGED
13:19:17.163 [Test worker] DEBUG org.apache.http.headers - http-outgoing-7 >> POST /__admin/requests/count HTTP/1.1
13:19:17.163 [Test worker] DEBUG org.apache.http.headers - http-outgoing-7 >> Content-Length: 63
13:19:17.163 [Test worker] DEBUG org.apache.http.headers - http-outgoing-7 >> Content-Type: text/plain; charset=UTF-8
13:19:17.163 [Test worker] DEBUG org.apache.http.headers - http-outgoing-7 >> Host: localhost:8080
13:19:17.163 [Test worker] DEBUG org.apache.http.headers - http-outgoing-7 >> Connection: Keep-Alive
13:19:17.163 [Test worker] DEBUG org.apache.http.headers - http-outgoing-7 >> User-Agent: Apache-HttpClient/4.5.12 (Java/11.0.2)
13:19:17.163 [Test worker] DEBUG org.apache.http.wire - http-outgoing-7 >> "POST /__admin/requests/count HTTP/1.1[\r][\n]"
13:19:17.163 [Test worker] DEBUG org.apache.http.wire - http-outgoing-7 >> "Content-Length: 63[\r][\n]"
13:19:17.163 [Test worker] DEBUG org.apache.http.wire - http-outgoing-7 >> "Content-Type: text/plain; charset=UTF-8[\r][\n]"
13:19:17.163 [Test worker] DEBUG org.apache.http.wire - http-outgoing-7 >> "Host: localhost:8080[\r][\n]"
13:19:17.163 [Test worker] DEBUG org.apache.http.wire - http-outgoing-7 >> "Connection: Keep-Alive[\r][\n]"
13:19:17.163 [Test worker] DEBUG org.apache.http.wire - http-outgoing-7 >> "User-Agent: Apache-HttpClient/4.5.12 (Java/11.0.2)[\r][\n]"
13:19:17.163 [Test worker] DEBUG org.apache.http.wire - http-outgoing-7 >> "[\r][\n]"
13:19:17.163 [Test worker] DEBUG org.apache.http.wire - http-outgoing-7 >> "{[\r][\n]"
13:19:17.163 [Test worker] DEBUG org.apache.http.wire - http-outgoing-7 >> "  "url" : "/api/v0/components/login",[\r][\n]"
13:19:17.163 [Test worker] DEBUG org.apache.http.wire - http-outgoing-7 >> "  "method" : "GET"[\r][\n]"
13:19:17.163 [Test worker] DEBUG org.apache.http.wire - http-outgoing-7 >> "}"
13:19:17.163 [qtp490162356-145] DEBUG org.eclipse.jetty.io.ManagedSelector - Selector sun.nio.ch.WindowsSelectorImpl@1f984d8b waiting with 1 keys
13:19:17.163 [qtp490162356-145] DEBUG org.eclipse.jetty.io.ManagedSelector - Selector sun.nio.ch.WindowsSelectorImpl@1f984d8b woken up from select, 1/1/1 selected
13:19:17.163 [qtp490162356-145] DEBUG org.eclipse.jetty.io.ManagedSelector - Selector sun.nio.ch.WindowsSelectorImpl@1f984d8b processing 1 keys, 0 updates
13:19:17.164 [qtp490162356-145] DEBUG org.eclipse.jetty.io.ManagedSelector - selected 1 channel=java.nio.channels.SocketChannel[connected local=/127.0.0.1:8080 remote=/127.0.0.1:65065], selector=sun.nio.ch.WindowsSelectorImpl@1f984d8b, interestOps=1, readyOps=1 NetworkTrafficSocketChannelEndPoint@30336c14{/127.0.0.1:65065<->/127.0.0.1:8080,OPEN,fill=FI,flush=-,to=1/30000}{io=1/1,kio=1,kro=1}->HttpConnection@54311e78[p=HttpParser{s=START,0 of -1},g=HttpGenerator@4e7cc718{s=START}]=>HttpChannelOverHttp@3acb0764{s=HttpChannelState@7fc99e59{s=IDLE rs=BLOCKING os=OPEN is=IDLE awp=false se=false i=true al=0},r=3,c=false/false,a=IDLE,uri=null,age=0} 
13:19:17.164 [qtp490162356-145] DEBUG org.eclipse.jetty.io.ChannelEndPoint - onSelected 1->0 r=true w=false for NetworkTrafficSocketChannelEndPoint@30336c14{/127.0.0.1:65065<->/127.0.0.1:8080,OPEN,fill=FI,flush=-,to=1/30000}{io=1/0,kio=1,kro=1}->HttpConnection@54311e78[p=HttpParser{s=START,0 of -1},g=HttpGenerator@4e7cc718{s=START}]=>HttpChannelOverHttp@3acb0764{s=HttpChannelState@7fc99e59{s=IDLE rs=BLOCKING os=OPEN is=IDLE awp=false se=false i=true al=0},r=3,c=false/false,a=IDLE,uri=null,age=0}
13:19:17.164 [qtp490162356-145] DEBUG org.eclipse.jetty.io.ChannelEndPoint - task CEP:NetworkTrafficSocketChannelEndPoint@30336c14{/127.0.0.1:65065<->/127.0.0.1:8080,OPEN,fill=FI,flush=-,to=1/30000}{io=1/0,kio=1,kro=1}->HttpConnection@54311e78[p=HttpParser{s=START,0 of -1},g=HttpGenerator@4e7cc718{s=START}]=>HttpChannelOverHttp@3acb0764{s=HttpChannelState@7fc99e59{s=IDLE rs=BLOCKING os=OPEN is=IDLE awp=false se=false i=true al=0},r=3,c=false/false,a=IDLE,uri=null,age=0}:runFillable:BLOCKING
13:19:17.164 [qtp490162356-145] DEBUG org.eclipse.jetty.util.thread.strategy.EatWhatYouKill - EatWhatYouKill@16425b30/SelectorProducer@33ee897e/IDLE/p=true/QueuedThreadPool[qtp490162356]@1d3748b4{STARTED,8<=8<=14,i=1,r=1,q=0}[ReservedThreadExecutor@7ea74f5c{s=0/1,p=1}][pc=0,pic=0,pec=1,epc=2]@2020-09-25T13:19:17.1648683+02:00 m=EXECUTE_PRODUCE_CONSUME t=CEP:NetworkTrafficSocketChannelEndPoint@30336c14{/127.0.0.1:65065<->/127.0.0.1:8080,OPEN,fill=FI,flush=-,to=1/30000}{io=1/0,kio=1,kro=1}->HttpConnection@54311e78[p=HttpParser{s=START,0 of -1},g=HttpGenerator@4e7cc718{s=START}]=>HttpChannelOverHttp@3acb0764{s=HttpChannelState@7fc99e59{s=IDLE rs=BLOCKING os=OPEN is=IDLE awp=false se=false i=true al=0},r=3,c=false/false,a=IDLE,uri=null,age=0}:runFillable:BLOCKING/BLOCKING
13:19:17.164 [qtp490162356-145] DEBUG org.eclipse.jetty.io.FillInterest - fillable FillInterest@2c6e1994{AC.ReadCB@54311e78{HttpConnection@54311e78::NetworkTrafficSocketChannelEndPoint@30336c14{/127.0.0.1:65065<->/127.0.0.1:8080,OPEN,fill=FI,flush=-,to=1/30000}{io=1/0,kio=1,kro=1}->HttpConnection@54311e78[p=HttpParser{s=START,0 of -1},g=HttpGenerator@4e7cc718{s=START}]=>HttpChannelOverHttp@3acb0764{s=HttpChannelState@7fc99e59{s=IDLE rs=BLOCKING os=OPEN is=IDLE awp=false se=false i=true al=0},r=3,c=false/false,a=IDLE,uri=null,age=0}}}
13:19:17.164 [qtp490162356-145] DEBUG org.eclipse.jetty.server.HttpConnection - HttpConnection@54311e78::NetworkTrafficSocketChannelEndPoint@30336c14{/127.0.0.1:65065<->/127.0.0.1:8080,OPEN,fill=-,flush=-,to=1/30000}{io=1/0,kio=1,kro=1}->HttpConnection@54311e78[p=HttpParser{s=START,0 of -1},g=HttpGenerator@4e7cc718{s=START}]=>HttpChannelOverHttp@3acb0764{s=HttpChannelState@7fc99e59{s=IDLE rs=BLOCKING os=OPEN is=IDLE awp=false se=false i=true al=0},r=3,c=false/false,a=IDLE,uri=null,age=0} onFillable enter HttpChannelState@7fc99e59{s=IDLE rs=BLOCKING os=OPEN is=IDLE awp=false se=false i=true al=0} null
13:19:17.164 [qtp490162356-145] DEBUG org.eclipse.jetty.io.ChannelEndPoint - filled 263 HeapByteBuffer@70c805d2[p=0,l=263,c=8192,r=263]={<<<POST /__admin/requests/co...\r\n  "method" : "GET"\r\n}>>>method" :...\x00\x00\x00\x00\x00\x00\x00}
13:19:17.164 [qtp490162356-145] DEBUG org.eclipse.jetty.server.HttpConnection - HttpConnection@54311e78::NetworkTrafficSocketChannelEndPoint@30336c14{/127.0.0.1:65065<->/127.0.0.1:8080,OPEN,fill=-,flush=-,to=0/30000}{io=1/0,kio=1,kro=1}->HttpConnection@54311e78[p=HttpParser{s=START,0 of -1},g=HttpGenerator@4e7cc718{s=START}]=>HttpChannelOverHttp@3acb0764{s=HttpChannelState@7fc99e59{s=IDLE rs=BLOCKING os=OPEN is=IDLE awp=false se=false i=true al=0},r=3,c=false/false,a=IDLE,uri=null,age=0} filled 263 HeapByteBuffer@70c805d2[p=0,l=263,c=8192,r=263]={<<<POST /__admin/requests/co...\r\n  "method" : "GET"\r\n}>>>method" :...\x00\x00\x00\x00\x00\x00\x00}
13:19:17.164 [qtp490162356-145] DEBUG org.eclipse.jetty.server.HttpConnection - HttpConnection@54311e78::NetworkTrafficSocketChannelEndPoint@30336c14{/127.0.0.1:65065<->/127.0.0.1:8080,OPEN,fill=-,flush=-,to=0/30000}{io=1/0,kio=1,kro=1}->HttpConnection@54311e78[p=HttpParser{s=START,0 of -1},g=HttpGenerator@4e7cc718{s=START}]=>HttpChannelOverHttp@3acb0764{s=HttpChannelState@7fc99e59{s=IDLE rs=BLOCKING os=OPEN is=IDLE awp=false se=false i=true al=0},r=3,c=false/false,a=IDLE,uri=null,age=0} parse HeapByteBuffer@70c805d2[p=0,l=263,c=8192,r=263]={<<<POST /__admin/requests/co...\r\n  "method" : "GET"\r\n}>>>method" :...\x00\x00\x00\x00\x00\x00\x00} {}
13:19:17.165 [qtp490162356-145] DEBUG org.eclipse.jetty.http.HttpParser - parseNext s=START HeapByteBuffer@70c805d2[p=0,l=263,c=8192,r=263]={<<<POST /__admin/requests/co...\r\n  "method" : "GET"\r\n}>>>method" :...\x00\x00\x00\x00\x00\x00\x00}
13:19:17.165 [qtp490162356-145] DEBUG org.eclipse.jetty.http.HttpParser - START --> SPACE1
13:19:17.165 [qtp490162356-145] DEBUG org.eclipse.jetty.http.HttpParser - SPACE1 --> URI
13:19:17.165 [qtp490162356-145] DEBUG org.eclipse.jetty.http.HttpParser - URI --> SPACE2
13:19:17.165 [qtp490162356-145] DEBUG org.eclipse.jetty.http.HttpParser - SPACE2 --> REQUEST_VERSION
13:19:17.165 [qtp490162356-145] DEBUG org.eclipse.jetty.http.HttpParser - REQUEST_VERSION --> HEADER
13:19:17.165 [qtp490162356-145] DEBUG org.eclipse.jetty.http.HttpParser - HEADER:Content-Length --> VALUE
13:19:17.165 [qtp490162356-145] DEBUG org.eclipse.jetty.http.HttpParser - HEADER:Content-Length --> IN_VALUE
13:19:17.165 [qtp490162356-145] DEBUG org.eclipse.jetty.http.HttpParser - HEADER:Content-Length --> FIELD
13:19:17.165 [qtp490162356-145] DEBUG org.eclipse.jetty.http.HttpParser - HEADER:Content-Type: text/plain; charset=UTF-8 --> IN_VALUE
13:19:17.165 [qtp490162356-145] DEBUG org.eclipse.jetty.http.HttpParser - HEADER:Content-Type: text/plain; charset=UTF-8 --> FIELD
13:19:17.165 [qtp490162356-145] DEBUG org.eclipse.jetty.http.HttpParser - HEADER:Host: localhost:8080 --> IN_VALUE
13:19:17.165 [qtp490162356-145] DEBUG org.eclipse.jetty.http.HttpParser - HEADER:Host: localhost:8080 --> FIELD
13:19:17.165 [qtp490162356-145] DEBUG org.eclipse.jetty.http.HttpParser - HEADER:Connection: keep-alive --> IN_VALUE
13:19:17.165 [qtp490162356-145] DEBUG org.eclipse.jetty.http.HttpParser - HEADER:Connection: keep-alive --> FIELD
13:19:17.165 [qtp490162356-145] DEBUG org.eclipse.jetty.http.HttpParser - HEADER:User-Agent: Apache-HttpClient/4.5.12 (Java/11.0.2) --> IN_VALUE
13:19:17.165 [qtp490162356-145] DEBUG org.eclipse.jetty.http.HttpParser - HEADER:User-Agent: Apache-HttpClient/4.5.12 (Java/11.0.2) --> FIELD
13:19:17.165 [qtp490162356-145] DEBUG org.eclipse.jetty.http.HttpParser - HEADER --> CONTENT
13:19:17.165 [qtp490162356-145] DEBUG org.eclipse.jetty.server.HttpChannel - REQUEST for //localhost:8080/__admin/requests/count on HttpChannelOverHttp@3acb0764{s=HttpChannelState@7fc99e59{s=IDLE rs=BLOCKING os=OPEN is=IDLE awp=false se=false i=true al=0},r=4,c=false/false,a=IDLE,uri=//localhost:8080/__admin/requests/count,age=0}
POST //localhost:8080/__admin/requests/count HTTP/1.1
Content-Length: 63
Content-Type: text/plain; charset=UTF-8
Host: localhost:8080
Connection: keep-alive
User-Agent: Apache-HttpClient/4.5.12 (Java/11.0.2)


13:19:17.165 [qtp490162356-145] DEBUG org.eclipse.jetty.server.HttpConnection - HttpConnection@54311e78::NetworkTrafficSocketChannelEndPoint@30336c14{/127.0.0.1:65065<->/127.0.0.1:8080,OPEN,fill=-,flush=-,to=0/30000}{io=1/0,kio=1,kro=1}->HttpConnection@54311e78[p=HttpParser{s=CONTENT,0 of 63},g=HttpGenerator@4e7cc718{s=START}]=>HttpChannelOverHttp@3acb0764{s=HttpChannelState@7fc99e59{s=IDLE rs=BLOCKING os=OPEN is=IDLE awp=false se=false i=true al=0},r=4,c=false/false,a=IDLE,uri=//localhost:8080/__admin/requests/count,age=0} parsed true HttpParser{s=CONTENT,0 of 63}
13:19:17.165 [qtp490162356-145] DEBUG org.eclipse.jetty.server.HttpChannel - handle //localhost:8080/__admin/requests/count HttpChannelOverHttp@3acb0764{s=HttpChannelState@7fc99e59{s=IDLE rs=BLOCKING os=OPEN is=IDLE awp=false se=false i=true al=0},r=4,c=false/false,a=IDLE,uri=//localhost:8080/__admin/requests/count,age=0} 
13:19:17.165 [qtp490162356-145] DEBUG org.eclipse.jetty.server.HttpChannelState - handling HttpChannelState@7fc99e59{s=IDLE rs=BLOCKING os=OPEN is=IDLE awp=false se=false i=true al=0}
13:19:17.165 [qtp490162356-145] DEBUG org.eclipse.jetty.server.HttpChannel - action DISPATCH HttpChannelOverHttp@3acb0764{s=HttpChannelState@7fc99e59{s=HANDLING rs=BLOCKING os=OPEN is=IDLE awp=false se=false i=true al=0},r=4,c=false/false,a=HANDLING,uri=//localhost:8080/__admin/requests/count,age=0}
13:19:17.165 [qtp490162356-145] DEBUG org.eclipse.jetty.server.Server - REQUEST POST /__admin/requests/count on HttpChannelOverHttp@3acb0764{s=HttpChannelState@7fc99e59{s=HANDLING rs=BLOCKING os=OPEN is=IDLE awp=false se=false i=true al=0},r=4,c=false/false,a=HANDLING,uri=//localhost:8080/__admin/requests/count,age=0}
13:19:17.165 [qtp490162356-145] DEBUG org.eclipse.jetty.server.handler.ContextHandler - scope null||/__admin/requests/count @ o.e.j.s.ServletContextHandler@723426a2{/__admin,null,AVAILABLE}
13:19:17.165 [qtp490162356-145] DEBUG org.eclipse.jetty.server.handler.ContextHandler - context=/__admin||/requests/count @ o.e.j.s.ServletContextHandler@723426a2{/__admin,null,AVAILABLE}
13:19:17.166 [qtp490162356-145] DEBUG org.eclipse.jetty.servlet.ServletHandler - servlet /__admin|/requests/count|null -> com.github.tomakehurst.wiremock.servlet.WireMockHandlerDispatchingServlet-7fb600dc@6dd0aa30==com.github.tomakehurst.wiremock.servlet.WireMockHandlerDispatchingServlet,jsp=null,order=-1,inst=true,async=true
13:19:17.166 [qtp490162356-145] DEBUG org.eclipse.jetty.servlet.ServletHandler - chain=org.eclipse.jetty.servlets.CrossOriginFilter-3950dc23@3950dc23==org.eclipse.jetty.servlets.CrossOriginFilter,inst=true,async=true->com.github.tomakehurst.wiremock.servlet.WireMockHandlerDispatchingServlet-7fb600dc@6dd0aa30==com.github.tomakehurst.wiremock.servlet.WireMockHandlerDispatchingServlet,jsp=null,order=-1,inst=true,async=true
13:19:17.166 [qtp490162356-145] DEBUG org.eclipse.jetty.servlet.ServletHandler - call filter org.eclipse.jetty.servlets.CrossOriginFilter-3950dc23@3950dc23==org.eclipse.jetty.servlets.CrossOriginFilter,inst=true,async=true
13:19:17.166 [qtp490162356-145] DEBUG org.eclipse.jetty.servlet.ServletHandler - call servlet com.github.tomakehurst.wiremock.servlet.WireMockHandlerDispatchingServlet-7fb600dc@6dd0aa30==com.github.tomakehurst.wiremock.servlet.WireMockHandlerDispatchingServlet,jsp=null,order=-1,inst=true,async=true
13:19:17.166 [qtp490162356-145] DEBUG org.eclipse.jetty.server.HttpConnection - HttpConnection@54311e78::NetworkTrafficSocketChannelEndPoint@30336c14{/127.0.0.1:65065<->/127.0.0.1:8080,OPEN,fill=-,flush=-,to=1/30000}{io=1/0,kio=1,kro=1}->HttpConnection@54311e78[p=HttpParser{s=CONTENT,0 of 63},g=HttpGenerator@4e7cc718{s=START}]=>HttpChannelOverHttp@3acb0764{s=HttpChannelState@7fc99e59{s=HANDLING rs=BLOCKING os=OPEN is=IDLE awp=false se=false i=true al=0},r=4,c=false/false,a=HANDLING,uri=//localhost:8080/__admin/requests/count,age=1} parse HeapByteBuffer@70c805d2[p=200,l=263,c=8192,r=63]={POST /__a....2)\r\n\r\n<<<{\r\n  "url" : "/api/v0/com...\r\n  "method" : "GET"\r\n}>>>method" :...\x00\x00\x00\x00\x00\x00\x00} {}
13:19:17.166 [qtp490162356-145] DEBUG org.eclipse.jetty.http.HttpParser - parseNext s=CONTENT HeapByteBuffer@70c805d2[p=200,l=263,c=8192,r=63]={POST /__a....2)\r\n\r\n<<<{\r\n  "url" : "/api/v0/com...\r\n  "method" : "GET"\r\n}>>>method" :...\x00\x00\x00\x00\x00\x00\x00}
13:19:17.166 [qtp490162356-145] DEBUG org.eclipse.jetty.server.HttpChannel - onContent HttpChannelOverHttp@3acb0764{s=HttpChannelState@7fc99e59{s=HANDLING rs=BLOCKING os=OPEN is=IDLE awp=false se=false i=true al=0},r=4,c=false/false,a=HANDLING,uri=//localhost:8080/__admin/requests/count,age=1} Content@27957f31{HeapByteBufferR@28a3f65e[p=200,l=263,c=8192,r=63]={POST /__a....2)\r\n\r\n<<<{\r\n  "url" : "/api/v0/com...\r\n  "method" : "GET"\r\n}>>>method" :...\x00\x00\x00\x00\x00\x00\x00}}
13:19:17.166 [qtp490162356-145] DEBUG org.eclipse.jetty.server.HttpInput - HttpInputOverHTTP@fe49b21[c=0,q=0,[0]=null,s=STREAM] addContent Content@27957f31{HeapByteBufferR@28a3f65e[p=200,l=263,c=8192,r=63]={POST /__a....2)\r\n\r\n<<<{\r\n  "url" : "/api/v0/com...\r\n  "method" : "GET"\r\n}>>>method" :...\x00\x00\x00\x00\x00\x00\x00}}
13:19:17.166 [qtp490162356-145] DEBUG org.eclipse.jetty.http.HttpParser - CONTENT --> CONTENT_END
13:19:17.166 [qtp490162356-145] DEBUG org.eclipse.jetty.server.HttpChannel - onContentComplete HttpChannelOverHttp@3acb0764{s=HttpChannelState@7fc99e59{s=HANDLING rs=BLOCKING os=OPEN is=IDLE awp=false se=false i=true al=0},r=4,c=false/false,a=HANDLING,uri=//localhost:8080/__admin/requests/count,age=1}
13:19:17.166 [qtp490162356-145] DEBUG org.eclipse.jetty.http.HttpParser - CONTENT_END --> END
13:19:17.166 [qtp490162356-145] DEBUG org.eclipse.jetty.server.HttpChannel - onRequestComplete HttpChannelOverHttp@3acb0764{s=HttpChannelState@7fc99e59{s=HANDLING rs=BLOCKING os=OPEN is=IDLE awp=false se=false i=true al=0},r=4,c=false/false,a=HANDLING,uri=//localhost:8080/__admin/requests/count,age=1}
13:19:17.166 [qtp490162356-145] DEBUG org.eclipse.jetty.server.HttpInput - HttpInputOverHTTP@fe49b21[c=0,q=1,[0]=EOF,s=STREAM] addContent EOF
13:19:17.166 [qtp490162356-145] DEBUG org.eclipse.jetty.server.HttpConnection - HttpConnection@54311e78::NetworkTrafficSocketChannelEndPoint@30336c14{/127.0.0.1:65065<->/127.0.0.1:8080,OPEN,fill=-,flush=-,to=1/30000}{io=1/0,kio=1,kro=1}->HttpConnection@54311e78[p=HttpParser{s=END,63 of 63},g=HttpGenerator@4e7cc718{s=START}]=>HttpChannelOverHttp@3acb0764{s=HttpChannelState@7fc99e59{s=HANDLING rs=BLOCKING os=OPEN is=IDLE awp=false se=false i=true al=0},r=4,c=false/false,a=HANDLING,uri=//localhost:8080/__admin/requests/count,age=1} parsed false HttpParser{s=END,63 of 63}
13:19:17.166 [qtp490162356-145] DEBUG org.eclipse.jetty.server.HttpInput - HttpInputOverHTTP@fe49b21[c=63,q=1,[0]=EOF,s=STREAM] read 63 from Content@27957f31{HeapByteBufferR@28a3f65e[p=263,l=263,c=8192,r=0]={POST /__a...GET"\r\n}<<<>>>method" :...\x00\x00\x00\x00\x00\x00\x00}}
13:19:17.166 [qtp490162356-145] DEBUG org.eclipse.jetty.server.HttpConnection - releaseRequestBuffer HttpConnection@54311e78::NetworkTrafficSocketChannelEndPoint@30336c14{/127.0.0.1:65065<->/127.0.0.1:8080,OPEN,fill=-,flush=-,to=2/30000}{io=1/0,kio=1,kro=1}->HttpConnection@54311e78[p=HttpParser{s=END,63 of 63},g=HttpGenerator@4e7cc718{s=START}]=>HttpChannelOverHttp@3acb0764{s=HttpChannelState@7fc99e59{s=HANDLING rs=BLOCKING os=OPEN is=IDLE awp=false se=false i=true al=0},r=4,c=false/false,a=HANDLING,uri=//localhost:8080/__admin/requests/count,age=1}
13:19:17.166 [qtp490162356-145] DEBUG org.eclipse.jetty.server.HttpChannelState - onEof HttpChannelState@7fc99e59{s=HANDLING rs=BLOCKING os=OPEN is=IDLE awp=false se=false i=true al=0}
13:19:17.168 [qtp490162356-145] DEBUG org.eclipse.jetty.server.HttpOutput - write(array HeapByteBuffer@6648ecb5[p=0,l=56,c=8192,r=56]={<<<{\r\n  "count" : 0,\r\n  "req...nalDisabled" : false\r\n}>>>\x00\x00\x00\x00\x00\x00\x00\x00\x00...\x00\x00\x00\x00\x00\x00\x00})
13:19:17.168 [qtp490162356-145] DEBUG org.eclipse.jetty.server.HttpOutput - write(array) s=OPEN,api=BLOCKING,sc=false,e=null aggregated !flush DirectByteBuffer@42500b19[p=0,l=56,c=32768,r=56]={<<<{\r\n  "count" : 0,\r\n  "req...nalDisabled" : false\r\n}>>>request" ...\x00\x00\x00\x00\x00\x00\x00}
13:19:17.169 [qtp490162356-145] DEBUG org.eclipse.jetty.server.HttpChannel - sendResponse info=null content=DirectByteBuffer@42500b19[p=0,l=56,c=32768,r=56]={<<<{\r\n  "count" : 0,\r\n  "req...nalDisabled" : false\r\n}>>>request" ...\x00\x00\x00\x00\x00\x00\x00} complete=false committing=true callback=Blocker@6cff555b{null}
13:19:17.169 [qtp490162356-145] DEBUG org.eclipse.jetty.server.HttpChannel - COMMIT for /__admin/requests/count on HttpChannelOverHttp@3acb0764{s=HttpChannelState@7fc99e59{s=HANDLING rs=BLOCKING os=COMMITTED is=READY awp=false se=false i=true al=0},r=4,c=false/false,a=HANDLING,uri=//localhost:8080/__admin/requests/count,age=4}
200 null HTTP/1.1
Content-Type: application/json


13:19:17.169 [qtp490162356-145] DEBUG org.eclipse.jetty.server.HttpConnection - generate: NEED_HEADER for org.eclipse.jetty.server.HttpConnection$SendCallback@5b533b73[PROCESSING][i=HTTP/1.1{s=200,h=1,cl=-1},cb=org.eclipse.jetty.server.HttpChannel$SendCallback@2fbb3a24] (null,[p=0,l=56,c=32768,r=56],false)@START
13:19:17.169 [qtp490162356-145] DEBUG org.eclipse.jetty.http.HttpGenerator - generateHeaders HTTP/1.1{s=200,h=1,cl=-1} last=false content=DirectByteBuffer@42500b19[p=0,l=56,c=32768,r=56]={<<<{\r\n  "count" : 0,\r\n  "req...nalDisabled" : false\r\n}>>>request" ...\x00\x00\x00\x00\x00\x00\x00}
13:19:17.169 [qtp490162356-145] DEBUG org.eclipse.jetty.http.HttpGenerator - Content-Type: application/json


13:19:17.169 [qtp490162356-145] DEBUG org.eclipse.jetty.http.HttpGenerator - CHUNKED_CONTENT
13:19:17.169 [qtp490162356-145] DEBUG org.eclipse.jetty.server.HttpConnection - generate: FLUSH for org.eclipse.jetty.server.HttpConnection$SendCallback@5b533b73[PROCESSING][i=HTTP/1.1{s=200,h=1,cl=-1},cb=org.eclipse.jetty.server.HttpChannel$SendCallback@2fbb3a24] ([p=0,l=116,c=8192,r=116],[p=0,l=56,c=32768,r=56],false)@COMMITTED
13:19:17.169 [qtp490162356-145] DEBUG org.eclipse.jetty.io.WriteFlusher - write: WriteFlusher@30171743{IDLE}->null [HeapByteBuffer@70c805d2[p=0,l=116,c=8192,r=116]={<<<HTTP/1.1 200 OK\r\nContent-...4.28.v20200408)\r\n\r\n38\r\n>>>8080\r\nCon...\x00\x00\x00\x00\x00\x00\x00},DirectByteBuffer@42500b19[p=0,l=56,c=32768,r=56]={<<<{\r\n  "count" : 0,\r\n  "req...nalDisabled" : false\r\n}>>>request" ...\x00\x00\x00\x00\x00\x00\x00}]
13:19:17.169 [qtp490162356-145] DEBUG org.eclipse.jetty.io.WriteFlusher - update WriteFlusher@30171743{WRITING}->null:IDLE-->WRITING
13:19:17.170 [Test worker] DEBUG org.apache.http.wire - http-outgoing-7 << "HTTP/1.1 200 OK[\r][\n]"
13:19:17.170 [Test worker] DEBUG org.apache.http.wire - http-outgoing-7 << "Content-Type: application/json[\r][\n]"
13:19:17.170 [Test worker] DEBUG org.apache.http.wire - http-outgoing-7 << "Transfer-Encoding: chunked[\r][\n]"
13:19:17.170 [Test worker] DEBUG org.apache.http.wire - http-outgoing-7 << "Server: Jetty(9.4.28.v20200408)[\r][\n]"
13:19:17.170 [Test worker] DEBUG org.apache.http.wire - http-outgoing-7 << "[\r][\n]"
13:19:17.170 [Test worker] DEBUG org.apache.http.wire - http-outgoing-7 << "38[\r][\n]"
13:19:17.170 [Test worker] DEBUG org.apache.http.headers - http-outgoing-7 << HTTP/1.1 200 OK
13:19:17.170 [Test worker] DEBUG org.apache.http.headers - http-outgoing-7 << Content-Type: application/json
13:19:17.170 [Test worker] DEBUG org.apache.http.headers - http-outgoing-7 << Transfer-Encoding: chunked
13:19:17.170 [Test worker] DEBUG org.apache.http.headers - http-outgoing-7 << Server: Jetty(9.4.28.v20200408)
13:19:17.170 [Test worker] DEBUG org.apache.http.impl.execchain.MainClientExec - Connection can be kept alive indefinitely
13:19:17.171 [qtp490162356-145] DEBUG org.eclipse.jetty.io.ChannelEndPoint - flushed 116 NetworkTrafficSocketChannelEndPoint@30336c14{/127.0.0.1:65065<->/127.0.0.1:8080,OPEN,fill=-,flush=W,to=6/30000}{io=1/0,kio=1,kro=1}->HttpConnection@54311e78[p=HttpParser{s=END,63 of 63},g=HttpGenerator@4e7cc718{s=COMMITTED}]=>HttpChannelOverHttp@3acb0764{s=HttpChannelState@7fc99e59{s=HANDLING rs=BLOCKING os=COMMITTED is=READY awp=false se=false i=true al=0},r=4,c=false/false,a=HANDLING,uri=//localhost:8080/__admin/requests/count,age=6}
13:19:17.171 [Test worker] DEBUG org.apache.http.wire - http-outgoing-7 << "{[\r][\n]"
13:19:17.171 [Test worker] DEBUG org.apache.http.wire - http-outgoing-7 << "  "count" : 0,[\r][\n]"
13:19:17.171 [Test worker] DEBUG org.apache.http.wire - http-outgoing-7 << "  "requestJournalDisabled" : false[\r][\n]"
13:19:17.171 [Test worker] DEBUG org.apache.http.wire - http-outgoing-7 << "}"
13:19:17.172 [qtp490162356-145] DEBUG org.eclipse.jetty.io.ChannelEndPoint - flushed 56 NetworkTrafficSocketChannelEndPoint@30336c14{/127.0.0.1:65065<->/127.0.0.1:8080,OPEN,fill=-,flush=W,to=0/30000}{io=1/0,kio=1,kro=1}->HttpConnection@54311e78[p=HttpParser{s=END,63 of 63},g=HttpGenerator@4e7cc718{s=COMMITTED}]=>HttpChannelOverHttp@3acb0764{s=HttpChannelState@7fc99e59{s=HANDLING rs=BLOCKING os=COMMITTED is=READY awp=false se=false i=true al=0},r=4,c=false/false,a=HANDLING,uri=//localhost:8080/__admin/requests/count,age=7}
13:19:17.172 [qtp490162356-145] DEBUG org.eclipse.jetty.io.WriteFlusher - Flushed=true written=172 remaining=0 WriteFlusher@30171743{WRITING}->null
13:19:17.172 [qtp490162356-145] DEBUG org.eclipse.jetty.io.WriteFlusher - update WriteFlusher@30171743{IDLE}->null:WRITING-->IDLE
13:19:17.172 [qtp490162356-145] DEBUG org.eclipse.jetty.server.HttpConnection - generate: DONE for org.eclipse.jetty.server.HttpConnection$SendCallback@5b533b73[PROCESSING][i=HTTP/1.1{s=200,h=1,cl=-1},cb=org.eclipse.jetty.server.HttpChannel$SendCallback@2fbb3a24] ([p=116,l=116,c=8192,r=0],[p=56,l=56,c=32768,r=0],false)@COMMITTED
13:19:17.172 [qtp490162356-145] DEBUG org.eclipse.jetty.server.HttpOutput - onWriteComplete(false,null) s=OPEN,api=BLOCKED,sc=false,e=null->s=OPEN,api=BLOCKING,sc=false,e=null c=null cb=null w=false
13:19:17.172 [qtp490162356-145] DEBUG org.eclipse.jetty.server.HttpOutput - close() s=CLOSING,api=BLOCKED,sc=false,e=null c=HeapByteBuffer@137d328[p=0,l=0,c=0,r=0]={<<<>>>} b=Blocker@6cff555b{null}
13:19:17.172 [qtp490162356-145] DEBUG org.eclipse.jetty.server.HttpChannel - sendResponse info=null content=HeapByteBuffer@137d328[p=0,l=0,c=0,r=0]={<<<>>>} complete=true committing=false callback=Blocker@6cff555b{null}
13:19:17.172 [qtp490162356-145] DEBUG org.eclipse.jetty.server.HttpConnection - generate: CONTINUE for org.eclipse.jetty.server.HttpConnection$SendCallback@5b533b73[PROCESSING][i=null,cb=org.eclipse.jetty.server.HttpChannel$SendCallback@23dba415] (null,[p=0,l=0,c=0,r=0],true)@COMPLETING
13:19:17.172 [qtp490162356-145] DEBUG org.eclipse.jetty.server.HttpConnection - generate: NEED_CHUNK for org.eclipse.jetty.server.HttpConnection$SendCallback@5b533b73[PROCESSING][i=null,cb=org.eclipse.jetty.server.HttpChannel$SendCallback@23dba415] (null,[p=0,l=0,c=0,r=0],true)@COMPLETING
13:19:17.172 [qtp490162356-145] DEBUG org.eclipse.jetty.server.HttpConnection - generate: FLUSH for org.eclipse.jetty.server.HttpConnection$SendCallback@5b533b73[PROCESSING][i=null,cb=org.eclipse.jetty.server.HttpChannel$SendCallback@23dba415] (null,[p=0,l=0,c=0,r=0],true)@COMPLETING
13:19:17.172 [qtp490162356-145] DEBUG org.eclipse.jetty.io.WriteFlusher - write: WriteFlusher@30171743{IDLE}->null [HeapByteBuffer@641ef69d[p=0,l=7,c=1024,r=7]={<<<\r\n0\r\n\r\n>>>\x00\x00\x00\x00\x00\x00\x00\x00\x00...\x00\x00\x00\x00\x00\x00\x00}]
13:19:17.172 [qtp490162356-145] DEBUG org.eclipse.jetty.io.WriteFlusher - update WriteFlusher@30171743{WRITING}->null:IDLE-->WRITING
13:19:17.173 [Test worker] DEBUG org.apache.http.wire - http-outgoing-7 << "[\r][\n]"
13:19:17.173 [Test worker] DEBUG org.apache.http.wire - http-outgoing-7 << "0[\r][\n]"
13:19:17.173 [Test worker] DEBUG org.apache.http.wire - http-outgoing-7 << "[\r][\n]"
13:19:17.173 [qtp490162356-145] DEBUG org.eclipse.jetty.io.ChannelEndPoint - flushed 7 NetworkTrafficSocketChannelEndPoint@30336c14{/127.0.0.1:65065<->/127.0.0.1:8080,OPEN,fill=-,flush=W,to=0/30000}{io=1/0,kio=1,kro=1}->HttpConnection@54311e78[p=HttpParser{s=END,63 of 63},g=HttpGenerator@4e7cc718{s=COMPLETING}]=>HttpChannelOverHttp@3acb0764{s=HttpChannelState@7fc99e59{s=HANDLING rs=BLOCKING os=COMMITTED is=READY awp=false se=false i=true al=0},r=4,c=false/false,a=HANDLING,uri=//localhost:8080/__admin/requests/count,age=8}
13:19:17.173 [Test worker] DEBUG org.apache.http.impl.conn.PoolingHttpClientConnectionManager - Connection [id: 7][route: {}->http://localhost:8080] can be kept alive indefinitely
13:19:17.173 [Test worker] DEBUG org.apache.http.impl.conn.DefaultManagedHttpClientConnection - http-outgoing-7: set socket timeout to 0
13:19:17.173 [Test worker] DEBUG org.apache.http.impl.conn.PoolingHttpClientConnectionManager - Connection released: [id: 7][route: {}->http://localhost:8080][total available: 1; route allocated: 1 of 5; total allocated: 1 of 50]
13:19:17.173 [Test worker] DEBUG org.eclipse.jetty.util.component.AbstractLifeCycle - stopping Server@114f1853{STARTED}[9.4.28.v20200408]
13:19:17.173 [qtp490162356-145] DEBUG org.eclipse.jetty.io.WriteFlusher - Flushed=true written=7 remaining=0 WriteFlusher@30171743{WRITING}->null
13:19:17.173 [qtp490162356-145] DEBUG org.eclipse.jetty.io.WriteFlusher - update WriteFlusher@30171743{IDLE}->null:WRITING-->IDLE
13:19:17.173 [Test worker] DEBUG org.eclipse.jetty.server.Server - doStop Server@114f1853{STOPPING}[9.4.28.v20200408]
13:19:17.174 [Test worker] DEBUG org.eclipse.jetty.util.component.AbstractLifeCycle - stopping NetworkTrafficServerConnector@48524c45{HTTP/1.1, (http/1.1)}{0.0.0.0:8080}
13:19:17.174 [Test worker] DEBUG org.eclipse.jetty.util.component.AbstractLifeCycle - stopping SelectorManager@NetworkTrafficServerConnector@48524c45{HTTP/1.1, (http/1.1)}{0.0.0.0:8080}
13:19:17.174 [Test worker] DEBUG org.eclipse.jetty.util.component.AbstractLifeCycle - stopping ManagedSelector@4638bfa1{STARTED} id=1 keys=1 selected=1 updates=0
13:19:17.174 [Test worker] DEBUG org.eclipse.jetty.io.ManagedSelector - Queued change org.eclipse.jetty.io.ManagedSelector$CloseConnections@5f21c38f on ManagedSelector@4638bfa1{STOPPING} id=1 keys=1 selected=1 updates=0
13:19:17.174 [qtp490162356-145] DEBUG org.eclipse.jetty.server.HttpConnection - generate: DONE for org.eclipse.jetty.server.HttpConnection$SendCallback@5b533b73[PROCESSING][i=null,cb=org.eclipse.jetty.server.HttpChannel$SendCallback@23dba415] (null,[p=0,l=0,c=0,r=0],true)@END
13:19:17.174 [qtp490162356-145] DEBUG org.eclipse.jetty.io.AbstractEndPoint - shutdownOutput NetworkTrafficSocketChannelEndPoint@30336c14{/127.0.0.1:65065<->/127.0.0.1:8080,OPEN,fill=-,flush=-,to=1/30000}{io=1/0,kio=1,kro=1}->HttpConnection@54311e78[p=HttpParser{s=END,63 of 63},g=HttpGenerator@4e7cc718{s=END}]=>HttpChannelOverHttp@3acb0764{s=HttpChannelState@7fc99e59{s=HANDLING rs=BLOCKING os=COMPLETED is=READY awp=false se=false i=true al=0},r=4,c=false/true,a=HANDLING,uri=//localhost:8080/__admin/requests/count,age=9}
13:19:17.174 [qtp490162356-145] DEBUG org.eclipse.jetty.server.HttpOutput - onWriteComplete(true,null) s=CLOSING,api=BLOCKED,sc=false,e=null->s=CLOSED,api=BLOCKING,sc=false,e=null c=null cb=null w=false
13:19:17.174 [qtp490162356-145] DEBUG org.eclipse.jetty.server.handler.gzip.GzipHandler - GzipHandler@431b20d4{STARTED,min=32,inflate=-1} handle Request[POST //localhost:8080/__admin/requests/count]@7849638e in null
13:19:17.174 [qtp490162356-145] DEBUG org.eclipse.jetty.server.handler.ContextHandler - scope null||/__admin/requests/count @ o.e.j.s.ServletContextHandler@70938873{/,null,SHUTDOWN}
13:19:17.174 [qtp490162356-145] DEBUG org.eclipse.jetty.server.HttpChannelState - sendError HttpChannelState@7fc99e59{s=HANDLING rs=BLOCKING os=COMPLETED is=READY awp=false se=false i=true al=0}
13:19:17.174 [qtp490162356-145] DEBUG org.eclipse.jetty.server.HttpChannel - /__admin/requests/count
java.lang.IllegalStateException: COMPLETED
	at org.eclipse.jetty.server.HttpChannelState.sendError(HttpChannelState.java:893)
	at org.eclipse.jetty.server.Response.sendError(Response.java:462)
	at org.eclipse.jetty.server.Response.sendError(Response.java:433)
	at org.eclipse.jetty.server.handler.ContextHandler.checkContext(ContextHandler.java:1183)
	at org.eclipse.jetty.server.handler.ContextHandler.doScope(ContextHandler.java:1223)
	at org.eclipse.jetty.server.handler.ScopedHandler.handle(ScopedHandler.java:141)
	at org.eclipse.jetty.server.handler.gzip.GzipHandler.handle(GzipHandler.java:767)
	at org.eclipse.jetty.server.handler.HandlerCollection.handle(HandlerCollection.java:146)
	at org.eclipse.jetty.server.handler.HandlerWrapper.handle(HandlerWrapper.java:127)
	at org.eclipse.jetty.server.Server.handle(Server.java:500)
	at org.eclipse.jetty.server.HttpChannel.lambda$handle$1(HttpChannel.java:383)
	at org.eclipse.jetty.server.HttpChannel.dispatch(HttpChannel.java:547)
	at org.eclipse.jetty.server.HttpChannel.handle(HttpChannel.java:375)
	at org.eclipse.jetty.server.HttpConnection.onFillable(HttpConnection.java:273)
	at org.eclipse.jetty.io.AbstractConnection$ReadCallback.succeeded(AbstractConnection.java:311)
	at org.eclipse.jetty.io.FillInterest.fillable(FillInterest.java:103)
	at org.eclipse.jetty.io.ChannelEndPoint$2.run(ChannelEndPoint.java:117)
	at org.eclipse.jetty.util.thread.strategy.EatWhatYouKill.runTask(EatWhatYouKill.java:336)
	at org.eclipse.jetty.util.thread.strategy.EatWhatYouKill.doProduce(EatWhatYouKill.java:313)
	at org.eclipse.jetty.util.thread.strategy.EatWhatYouKill.tryProduce(EatWhatYouKill.java:171)
	at org.eclipse.jetty.util.thread.strategy.EatWhatYouKill.run(EatWhatYouKill.java:129)
	at org.eclipse.jetty.util.thread.ReservedThreadExecutor$ReservedThread.run(ReservedThreadExecutor.java:375)
	at org.eclipse.jetty.util.thread.QueuedThreadPool.runJob(QueuedThreadPool.java:806)
	at org.eclipse.jetty.util.thread.QueuedThreadPool$Runner.run(QueuedThreadPool.java:938)
	at java.base/java.lang.Thread.run(Thread.java:834)
13:19:17.175 [qtp490162356-145] DEBUG org.eclipse.jetty.server.HttpConnection - abort HttpConnection@54311e78::NetworkTrafficSocketChannelEndPoint@30336c14{/127.0.0.1:65065<->/127.0.0.1:8080,OSHUT,fill=-,flush=-,to=2/30000}{io=1/0,kio=1,kro=1}->HttpConnection@54311e78[p=HttpParser{s=END,63 of 63},g=HttpGenerator@4e7cc718{s=END}]=>HttpChannelOverHttp@3acb0764{s=HttpChannelState@7fc99e59{s=HANDLING rs=BLOCKING os=ABORTED is=READY awp=false se=false i=true al=0},r=4,c=false/false,a=HANDLING,uri=//localhost:8080/__admin/requests/count,age=10} {}
13:19:17.175 [qtp490162356-145] DEBUG org.eclipse.jetty.io.AbstractEndPoint - close NetworkTrafficSocketChannelEndPoint@30336c14{/127.0.0.1:65065<->/127.0.0.1:8080,OSHUT,fill=-,flush=-,to=2/30000}{io=1/0,kio=1,kro=1}->HttpConnection@54311e78[p=HttpParser{s=END,63 of 63},g=HttpGenerator@4e7cc718{s=END}]=>HttpChannelOverHttp@3acb0764{s=HttpChannelState@7fc99e59{s=HANDLING rs=BLOCKING os=ABORTED is=READY awp=false se=false i=true al=0},r=4,c=false/false,a=HANDLING,uri=//localhost:8080/__admin/requests/count,age=10}
13:19:17.175 [qtp490162356-145] DEBUG org.eclipse.jetty.io.AbstractEndPoint - close(null) NetworkTrafficSocketChannelEndPoint@30336c14{/127.0.0.1:65065<->/127.0.0.1:8080,OSHUT,fill=-,flush=-,to=2/30000}{io=1/0,kio=1,kro=1}->HttpConnection@54311e78[p=HttpParser{s=END,63 of 63},g=HttpGenerator@4e7cc718{s=END}]=>HttpChannelOverHttp@3acb0764{s=HttpChannelState@7fc99e59{s=HANDLING rs=BLOCKING os=ABORTED is=READY awp=false se=false i=true al=0},r=4,c=false/false,a=HANDLING,uri=//localhost:8080/__admin/requests/count,age=10}
13:19:17.175 [qtp490162356-145] DEBUG org.eclipse.jetty.io.ChannelEndPoint - doClose NetworkTrafficSocketChannelEndPoint@30336c14{/127.0.0.1:65065<->/127.0.0.1:8080,CLOSED,fill=-,flush=-,to=2/30000}{io=1/0,kio=1,kro=1}->HttpConnection@54311e78[p=HttpParser{s=END,63 of 63},g=HttpGenerator@4e7cc718{s=END}]=>HttpChannelOverHttp@3acb0764{s=HttpChannelState@7fc99e59{s=HANDLING rs=BLOCKING os=ABORTED is=READY awp=false se=false i=true al=0},r=4,c=false/false,a=HANDLING,uri=//localhost:8080/__admin/requests/count,age=10}
13:19:17.175 [qtp490162356-145] DEBUG org.eclipse.jetty.io.FillInterest - onClose FillInterest@2c6e1994{null}
13:19:17.175 [qtp490162356-145] DEBUG org.eclipse.jetty.io.ManagedSelector - Wakeup ManagedSelector@4638bfa1{STOPPING} id=1 keys=1 selected=1 updates=1
13:19:17.175 [qtp490162356-145] DEBUG org.eclipse.jetty.util.thread.QueuedThreadPool - queue org.eclipse.jetty.io.ManagedSelector$DestroyEndPoint@147db736 startThread=0
13:19:17.175 [qtp490162356-145] DEBUG org.eclipse.jetty.server.HttpChannelState - unhandle HttpChannelState@7fc99e59{s=HANDLING rs=BLOCKING os=ABORTED is=READY awp=false se=false i=true al=0}
13:19:17.175 [qtp490162356-145] DEBUG org.eclipse.jetty.server.HttpChannelState - nextAction(false) COMPLETE HttpChannelState@7fc99e59{s=HANDLING rs=COMPLETING os=ABORTED is=READY awp=false se=false i=false al=0}
13:19:17.175 [qtp490162356-145] DEBUG org.eclipse.jetty.server.HttpChannel - action COMPLETE HttpChannelOverHttp@3acb0764{s=HttpChannelState@7fc99e59{s=HANDLING rs=COMPLETING os=ABORTED is=READY awp=false se=false i=false al=0},r=4,c=false/false,a=HANDLING,uri=//localhost:8080/__admin/requests/count,age=10}
13:19:17.175 [qtp490162356-145] DEBUG org.eclipse.jetty.server.HttpOutput - complete(org.eclipse.jetty.util.Callback$4@35f1cc48) s=CLOSED,api=BLOCKING,sc=false,e=null s=true e=null, c=null
13:19:17.175 [qtp490162356-145] DEBUG org.eclipse.jetty.server.HttpChannelState - completed HttpChannelState@7fc99e59{s=HANDLING rs=COMPLETING os=ABORTED is=READY awp=false se=false i=false al=0}
13:19:17.175 [qtp490162356-145] DEBUG org.eclipse.jetty.server.HttpChannelState - unhandle HttpChannelState@7fc99e59{s=HANDLING rs=COMPLETED os=ABORTED is=READY awp=false se=false i=false al=0}
13:19:17.175 [qtp490162356-145] DEBUG org.eclipse.jetty.server.HttpChannelState - nextAction(false) TERMINATED HttpChannelState@7fc99e59{s=IDLE rs=COMPLETED os=ABORTED is=READY awp=false se=false i=false al=0}
13:19:17.175 [qtp490162356-145] DEBUG org.eclipse.jetty.server.HttpChannel - action TERMINATED HttpChannelOverHttp@3acb0764{s=HttpChannelState@7fc99e59{s=IDLE rs=COMPLETED os=ABORTED is=READY awp=false se=false i=false al=0},r=4,c=true/false,a=IDLE,uri=//localhost:8080/__admin/requests/count,age=10}
13:19:17.175 [qtp490162356-145] DEBUG org.eclipse.jetty.server.HttpChannel - onCompleted for /__admin/requests/count written=56
13:19:17.175 [qtp490162356-145] DEBUG org.eclipse.jetty.server.HttpChannelState - recycle HttpChannelState@7fc99e59{s=IDLE rs=COMPLETED os=ABORTED is=READY awp=false se=false i=false al=0}
13:19:17.175 [qtp490162356-145] DEBUG org.eclipse.jetty.http.HttpParser - close HttpParser{s=END,63 of 63}
13:19:17.175 [qtp490162356-145] DEBUG org.eclipse.jetty.http.HttpParser - END --> CLOSE
13:19:17.176 [qtp490162356-145] DEBUG org.eclipse.jetty.server.HttpChannel - !handle TERMINATED HttpChannelOverHttp@3acb0764{s=HttpChannelState@7fc99e59{s=IDLE rs=BLOCKING os=OPEN is=IDLE awp=false se=false i=true al=0},r=4,c=false/false,a=IDLE,uri=null,age=0}
13:19:17.176 [qtp490162356-145] DEBUG org.eclipse.jetty.server.HttpConnection - HttpConnection@54311e78::NetworkTrafficSocketChannelEndPoint@30336c14{/127.0.0.1:65065<->/127.0.0.1:8080,CLOSED,fill=-,flush=-,to=2/30000}{io=1/0,kio=-1,kro=-1}->HttpConnection@54311e78[p=HttpParser{s=CLOSE,63 of 63},g=HttpGenerator@4e7cc718{s=START}]=>HttpChannelOverHttp@3acb0764{s=HttpChannelState@7fc99e59{s=IDLE rs=BLOCKING os=OPEN is=IDLE awp=false se=false i=true al=0},r=4,c=false/false,a=IDLE,uri=null,age=0} onFillable exit HttpChannelState@7fc99e59{s=IDLE rs=BLOCKING os=OPEN is=IDLE awp=false se=false i=true al=0} null
13:19:17.176 [qtp490162356-145] DEBUG org.eclipse.jetty.io.ManagedSelector - updateable 1
13:19:17.176 [qtp490162356-145] DEBUG org.eclipse.jetty.io.ManagedSelector - update org.eclipse.jetty.io.ManagedSelector$CloseConnections@5f21c38f
13:19:17.176 [qtp490162356-145] DEBUG org.eclipse.jetty.io.ManagedSelector - Closing 1 connections on ManagedSelector@4638bfa1{STOPPING} id=1 keys=1 selected=1 updates=0
13:19:17.176 [Test worker] DEBUG org.eclipse.jetty.io.ManagedSelector - Queued change org.eclipse.jetty.io.ManagedSelector$StopSelector@3465c43d on ManagedSelector@4638bfa1{STOPPING} id=1 keys=1 selected=1 updates=0
13:19:17.176 [qtp490162356-145] DEBUG org.eclipse.jetty.io.ManagedSelector - updates 1
13:19:17.176 [qtp490162356-145] DEBUG org.eclipse.jetty.io.ManagedSelector - wakeup on updates SelectorProducer@33ee897e
13:19:17.176 [qtp490162356-145] DEBUG org.eclipse.jetty.io.ChannelEndPoint - Ignoring key update for concurrently closed channel NetworkTrafficSocketChannelEndPoint@30336c14{/127.0.0.1:65065<->/127.0.0.1:8080,CLOSED,fill=-,flush=-,to=3/30000}{io=0/0,kio=-1,kro=-1}->HttpConnection@54311e78[p=HttpParser{s=CLOSE,63 of 63},g=HttpGenerator@4e7cc718{s=START}]=>HttpChannelOverHttp@3acb0764{s=HttpChannelState@7fc99e59{s=IDLE rs=BLOCKING os=OPEN is=IDLE awp=false se=false i=true al=0},r=4,c=false/false,a=IDLE,uri=null,age=0}
13:19:17.176 [qtp490162356-145] DEBUG org.eclipse.jetty.io.AbstractEndPoint - close NetworkTrafficSocketChannelEndPoint@30336c14{/127.0.0.1:65065<->/127.0.0.1:8080,CLOSED,fill=-,flush=-,to=3/30000}{io=0/0,kio=-1,kro=-1}->HttpConnection@54311e78[p=HttpParser{s=CLOSE,63 of 63},g=HttpGenerator@4e7cc718{s=START}]=>HttpChannelOverHttp@3acb0764{s=HttpChannelState@7fc99e59{s=IDLE rs=BLOCKING os=OPEN is=IDLE awp=false se=false i=true al=0},r=4,c=false/false,a=IDLE,uri=null,age=0}
13:19:17.176 [qtp490162356-145] DEBUG org.eclipse.jetty.io.AbstractEndPoint - close(null) NetworkTrafficSocketChannelEndPoint@30336c14{/127.0.0.1:65065<->/127.0.0.1:8080,CLOSED,fill=-,flush=-,to=3/30000}{io=0/0,kio=-1,kro=-1}->HttpConnection@54311e78[p=HttpParser{s=CLOSE,63 of 63},g=HttpGenerator@4e7cc718{s=START}]=>HttpChannelOverHttp@3acb0764{s=HttpChannelState@7fc99e59{s=IDLE rs=BLOCKING os=OPEN is=IDLE awp=false se=false i=true al=0},r=4,c=false/false,a=IDLE,uri=null,age=0}
13:19:17.176 [qtp490162356-145] DEBUG org.eclipse.jetty.io.ManagedSelector - Selector sun.nio.ch.WindowsSelectorImpl@1f984d8b waiting with 1 keys
13:19:17.176 [qtp490162356-145] DEBUG org.eclipse.jetty.io.ManagedSelector - Selector sun.nio.ch.WindowsSelectorImpl@1f984d8b woken with none selected
13:19:17.177 [qtp490162356-145] DEBUG org.eclipse.jetty.io.ManagedSelector - Selector sun.nio.ch.WindowsSelectorImpl@1f984d8b woken up from select, 0/0/0 selected
13:19:17.177 [qtp490162356-145] DEBUG org.eclipse.jetty.io.ManagedSelector - Selector sun.nio.ch.WindowsSelectorImpl@1f984d8b processing 0 keys, 1 updates
13:19:17.177 [qtp490162356-145] DEBUG org.eclipse.jetty.io.ManagedSelector - updateable 1
13:19:17.177 [qtp490162356-145] DEBUG org.eclipse.jetty.io.ManagedSelector - update org.eclipse.jetty.io.ManagedSelector$StopSelector@3465c43d
13:19:17.177 [Test worker] DEBUG org.eclipse.jetty.util.component.AbstractLifeCycle - stopping EatWhatYouKill@16425b30/SelectorProducer@33ee897e/PRODUCING/p=true/QueuedThreadPool[qtp490162356]@1d3748b4{STARTED,8<=8<=14,i=0,r=1,q=0}[ReservedThreadExecutor@7ea74f5c{s=0/1,p=1}][pc=0,pic=0,pec=1,epc=3]@2020-09-25T13:19:17.177864+02:00
13:19:17.177 [Test worker] DEBUG org.eclipse.jetty.util.component.AbstractLifeCycle - STOPPED EatWhatYouKill@16425b30/SelectorProducer@33ee897e/PRODUCING/p=true/QueuedThreadPool[qtp490162356]@1d3748b4{STARTED,8<=8<=14,i=0,r=1,q=0}[ReservedThreadExecutor@7ea74f5c{s=0/1,p=1}][pc=0,pic=0,pec=1,epc=3]@2020-09-25T13:19:17.177864+02:00
13:19:17.177 [Test worker] DEBUG org.eclipse.jetty.util.component.AbstractLifeCycle - STOPPED ManagedSelector@4638bfa1{STOPPED} id=1 keys=-1 selected=-1 updates=0
13:19:17.177 [Test worker] DEBUG org.eclipse.jetty.util.component.AbstractLifeCycle - stopping ManagedSelector@2b8c6a8c{STARTED} id=0 keys=0 selected=0 updates=0
13:19:17.177 [Test worker] DEBUG org.eclipse.jetty.io.ManagedSelector - Queued change org.eclipse.jetty.io.ManagedSelector$CloseConnections@393c5ffc on ManagedSelector@2b8c6a8c{STOPPING} id=0 keys=0 selected=0 updates=0
13:19:17.177 [Test worker] DEBUG org.eclipse.jetty.io.ManagedSelector - Wakeup on submit ManagedSelector@2b8c6a8c{STOPPING} id=0 keys=0 selected=0 updates=1
13:19:17.177 [qtp490162356-139] DEBUG org.eclipse.jetty.io.ManagedSelector - Selector sun.nio.ch.WindowsSelectorImpl@4161f170 woken with none selected
13:19:17.178 [qtp490162356-139] DEBUG org.eclipse.jetty.io.ManagedSelector - Selector sun.nio.ch.WindowsSelectorImpl@4161f170 woken up from select, 0/0/0 selected
13:19:17.178 [qtp490162356-139] DEBUG org.eclipse.jetty.io.ManagedSelector - Selector sun.nio.ch.WindowsSelectorImpl@4161f170 processing 0 keys, 1 updates
13:19:17.178 [qtp490162356-139] DEBUG org.eclipse.jetty.io.ManagedSelector - updateable 1
13:19:17.178 [qtp490162356-139] DEBUG org.eclipse.jetty.io.ManagedSelector - update org.eclipse.jetty.io.ManagedSelector$CloseConnections@393c5ffc
13:19:17.178 [qtp490162356-139] DEBUG org.eclipse.jetty.io.ManagedSelector - Closing 0 connections on ManagedSelector@2b8c6a8c{STOPPING} id=0 keys=0 selected=0 updates=0
13:19:17.178 [qtp490162356-139] DEBUG org.eclipse.jetty.io.ManagedSelector - updates 0
13:19:17.178 [qtp490162356-139] DEBUG org.eclipse.jetty.io.ManagedSelector - Selector sun.nio.ch.WindowsSelectorImpl@4161f170 waiting with 0 keys
13:19:17.178 [Test worker] DEBUG org.eclipse.jetty.io.ManagedSelector - Queued change org.eclipse.jetty.io.ManagedSelector$StopSelector@7e71c538 on ManagedSelector@2b8c6a8c{STOPPING} id=0 keys=0 selected=0 updates=0
13:19:17.178 [Test worker] DEBUG org.eclipse.jetty.io.ManagedSelector - Wakeup on submit ManagedSelector@2b8c6a8c{STOPPING} id=0 keys=0 selected=0 updates=1
13:19:17.178 [qtp490162356-139] DEBUG org.eclipse.jetty.io.ManagedSelector - Selector sun.nio.ch.WindowsSelectorImpl@4161f170 woken with none selected
13:19:17.178 [qtp490162356-139] DEBUG org.eclipse.jetty.io.ManagedSelector - Selector sun.nio.ch.WindowsSelectorImpl@4161f170 woken up from select, 0/0/0 selected
13:19:17.178 [qtp490162356-139] DEBUG org.eclipse.jetty.io.ManagedSelector - Selector sun.nio.ch.WindowsSelectorImpl@4161f170 processing 0 keys, 1 updates
13:19:17.178 [qtp490162356-139] DEBUG org.eclipse.jetty.io.ManagedSelector - updateable 1
13:19:17.178 [qtp490162356-139] DEBUG org.eclipse.jetty.io.ManagedSelector - update org.eclipse.jetty.io.ManagedSelector$StopSelector@7e71c538
13:19:17.178 [qtp490162356-139] DEBUG org.eclipse.jetty.io.ManagedSelector - updates 0
13:19:17.178 [qtp490162356-139] DEBUG org.eclipse.jetty.util.thread.QueuedThreadPool - ran org.eclipse.jetty.io.ManagedSelector$$Lambda$425/0x00000001005fc040@e2865e0 in QueuedThreadPool[qtp490162356]@1d3748b4{STARTED,8<=8<=14,i=0,r=1,q=0}[ReservedThreadExecutor@7ea74f5c{s=0/1,p=1}]
13:19:17.178 [qtp490162356-139] DEBUG org.eclipse.jetty.util.thread.QueuedThreadPool - run ReservedThreadExecutor@7ea74f5c{s=0/1,p=1}@840653d in QueuedThreadPool[qtp490162356]@1d3748b4{STARTED,8<=8<=14,i=1,r=1,q=0}[ReservedThreadExecutor@7ea74f5c{s=0/1,p=1}]
13:19:17.178 [Test worker] DEBUG org.eclipse.jetty.util.component.AbstractLifeCycle - stopping EatWhatYouKill@1c0731cf/SelectorProducer@57e0ba1/IDLE/p=false/QueuedThreadPool[qtp490162356]@1d3748b4{STARTED,8<=8<=14,i=0,r=1,q=0}[ReservedThreadExecutor@7ea74f5c{s=0/1,p=1}][pc=0,pic=0,pec=0,epc=0]@2020-09-25T13:19:17.1788624+02:00
13:19:17.178 [qtp490162356-139] DEBUG org.eclipse.jetty.util.thread.ReservedThreadExecutor - ReservedThreadExecutor@7ea74f5c{s=1/1,p=1}@840653d started
13:19:17.178 [qtp490162356-139] DEBUG org.eclipse.jetty.util.thread.ReservedThreadExecutor - ReservedThreadExecutor@7ea74f5c{s=1/1,p=0}@840653d waiting
13:19:17.178 [Test worker] DEBUG org.eclipse.jetty.util.component.AbstractLifeCycle - STOPPED EatWhatYouKill@1c0731cf/SelectorProducer@57e0ba1/IDLE/p=false/QueuedThreadPool[qtp490162356]@1d3748b4{STARTED,8<=8<=14,i=1,r=1,q=0}[ReservedThreadExecutor@7ea74f5c{s=1/1,p=0}][pc=0,pic=0,pec=0,epc=0]@2020-09-25T13:19:17.1788624+02:00
13:19:17.178 [Test worker] DEBUG org.eclipse.jetty.util.component.AbstractLifeCycle - STOPPED ManagedSelector@2b8c6a8c{STOPPED} id=0 keys=-1 selected=-1 updates=0
13:19:17.178 [Test worker] DEBUG org.eclipse.jetty.util.component.AbstractLifeCycle - STOPPED SelectorManager@NetworkTrafficServerConnector@48524c45{HTTP/1.1, (http/1.1)}{0.0.0.0:8080}
13:19:17.178 [Test worker] DEBUG org.eclipse.jetty.util.component.AbstractLifeCycle - stopping HttpConnectionFactory@61ac64a9[HTTP/1.1]
13:19:17.178 [Test worker] DEBUG org.eclipse.jetty.util.component.AbstractLifeCycle - STOPPED HttpConnectionFactory@61ac64a9[HTTP/1.1]
13:19:17.178 [Test worker] DEBUG org.eclipse.jetty.util.component.AbstractLifeCycle - stopping ScheduledExecutorScheduler@2136489c{STARTED}
13:19:17.179 [Test worker] DEBUG org.eclipse.jetty.util.component.AbstractLifeCycle - STOPPED ScheduledExecutorScheduler@2136489c{STOPPED}
13:19:17.179 [Test worker] INFO org.eclipse.jetty.server.AbstractConnector - Stopped NetworkTrafficServerConnector@48524c45{HTTP/1.1, (http/1.1)}{0.0.0.0:8080}
13:19:17.179 [Test worker] DEBUG org.eclipse.jetty.util.component.AbstractLifeCycle - STOPPED NetworkTrafficServerConnector@48524c45{HTTP/1.1, (http/1.1)}{0.0.0.0:8080}
13:19:17.179 [Test worker] DEBUG org.eclipse.jetty.server.handler.AbstractHandler - stopping Server@114f1853{STOPPING}[9.4.28.v20200408]
13:19:17.179 [Test worker] DEBUG org.eclipse.jetty.util.component.AbstractLifeCycle - stopping ErrorHandler@2347e6e5{STARTED}
13:19:17.179 [Test worker] DEBUG org.eclipse.jetty.server.handler.AbstractHandler - stopping ErrorHandler@2347e6e5{STOPPING}
13:19:17.179 [Test worker] DEBUG org.eclipse.jetty.util.component.AbstractLifeCycle - STOPPED ErrorHandler@2347e6e5{STOPPED}
13:19:17.179 [Test worker] DEBUG org.eclipse.jetty.util.component.AbstractLifeCycle - stopping HandlerCollection@257f0851{STARTED}
13:19:17.179 [Test worker] DEBUG org.eclipse.jetty.server.handler.AbstractHandler - stopping HandlerCollection@257f0851{STOPPING}
13:19:17.179 [Test worker] DEBUG org.eclipse.jetty.util.component.AbstractLifeCycle - stopping GzipHandler@431b20d4{STARTED,min=32,inflate=-1}
13:19:17.179 [Test worker] DEBUG org.eclipse.jetty.server.handler.AbstractHandler - stopping GzipHandler@431b20d4{STOPPING,min=32,inflate=-1}
13:19:17.179 [Test worker] DEBUG org.eclipse.jetty.util.component.AbstractLifeCycle - stopping o.e.j.s.ServletContextHandler@70938873{/,null,SHUTDOWN}
13:19:17.179 [Test worker] DEBUG org.eclipse.jetty.server.handler.AbstractHandler - stopping o.e.j.s.ServletContextHandler@70938873{/,null,UNAVAILABLE}
13:19:17.179 [Test worker] DEBUG org.eclipse.jetty.util.component.AbstractLifeCycle - stopping NotFoundHandler@46c761a5{STARTED}
13:19:17.179 [Test worker] DEBUG org.eclipse.jetty.server.handler.AbstractHandler - stopping NotFoundHandler@46c761a5{STOPPING}
13:19:17.179 [Test worker] DEBUG org.eclipse.jetty.util.component.AbstractLifeCycle - STOPPED NotFoundHandler@46c761a5{STOPPED}
13:19:17.179 [Test worker] DEBUG org.eclipse.jetty.util.component.AbstractLifeCycle - stopping ServletHandler@34f41a3b{STARTED}
13:19:17.179 [Test worker] DEBUG org.eclipse.jetty.server.handler.AbstractHandler - stopping ServletHandler@34f41a3b{STOPPING}
13:19:17.179 [Test worker] DEBUG org.eclipse.jetty.util.component.AbstractLifeCycle - stopping org.eclipse.jetty.servlets.CrossOriginFilter-58c880a4@58c880a4==org.eclipse.jetty.servlets.CrossOriginFilter,inst=true,async=true
13:19:17.179 [Test worker] DEBUG org.eclipse.jetty.util.component.AbstractLifeCycle - STOPPED org.eclipse.jetty.servlets.CrossOriginFilter-58c880a4@58c880a4==org.eclipse.jetty.servlets.CrossOriginFilter,inst=false,async=true
13:19:17.179 [Test worker] DEBUG org.eclipse.jetty.util.component.AbstractLifeCycle - stopping com.github.tomakehurst.wiremock.servlet.TrailingSlashFilter-a1eddf1@a1eddf1==com.github.tomakehurst.wiremock.servlet.TrailingSlashFilter,inst=true,async=true
13:19:17.179 [Test worker] DEBUG org.eclipse.jetty.util.component.AbstractLifeCycle - STOPPED com.github.tomakehurst.wiremock.servlet.TrailingSlashFilter-a1eddf1@a1eddf1==com.github.tomakehurst.wiremock.servlet.TrailingSlashFilter,inst=false,async=true
13:19:17.179 [Test worker] DEBUG org.eclipse.jetty.util.component.AbstractLifeCycle - stopping com.github.tomakehurst.wiremock.servlet.ContentTypeSettingFilter-52f68e84@52f68e84==com.github.tomakehurst.wiremock.servlet.ContentTypeSettingFilter,inst=true,async=true
13:19:17.179 [Test worker] DEBUG org.eclipse.jetty.util.component.AbstractLifeCycle - STOPPED com.github.tomakehurst.wiremock.servlet.ContentTypeSettingFilter-52f68e84@52f68e84==com.github.tomakehurst.wiremock.servlet.ContentTypeSettingFilter,inst=false,async=true
13:19:17.179 [Test worker] DEBUG org.eclipse.jetty.util.component.AbstractLifeCycle - stopping com.github.tomakehurst.wiremock.servlet.WireMockHandlerDispatchingServlet-67c6b85e@517647e8==com.github.tomakehurst.wiremock.servlet.WireMockHandlerDispatchingServlet,jsp=null,order=-1,inst=false,async=true
13:19:17.179 [Test worker] DEBUG org.eclipse.jetty.util.component.AbstractLifeCycle - STOPPED com.github.tomakehurst.wiremock.servlet.WireMockHandlerDispatchingServlet-67c6b85e@517647e8==com.github.tomakehurst.wiremock.servlet.WireMockHandlerDispatchingServlet,jsp=null,order=-1,inst=false,async=true
13:19:17.179 [Test worker] DEBUG org.eclipse.jetty.util.component.AbstractLifeCycle - stopping org.eclipse.jetty.servlet.DefaultServlet-bfa7942@56c093fe==org.eclipse.jetty.servlet.DefaultServlet,jsp=null,order=-1,inst=false,async=true
13:19:17.179 [Test worker] DEBUG org.eclipse.jetty.util.component.AbstractLifeCycle - STOPPED org.eclipse.jetty.servlet.DefaultServlet-bfa7942@56c093fe==org.eclipse.jetty.servlet.DefaultServlet,jsp=null,order=-1,inst=false,async=true
13:19:17.179 [Test worker] DEBUG org.eclipse.jetty.util.component.AbstractLifeCycle - STOPPED ServletHandler@34f41a3b{STOPPED}
13:19:17.179 [Test worker] INFO org.eclipse.jetty.server.handler.ContextHandler - Stopped o.e.j.s.ServletContextHandler@70938873{/,null,UNAVAILABLE}
13:19:17.179 [Test worker] DEBUG org.eclipse.jetty.util.component.AbstractLifeCycle - STOPPED o.e.j.s.ServletContextHandler@70938873{/,null,UNAVAILABLE}
13:19:17.179 [Test worker] DEBUG org.eclipse.jetty.util.component.AbstractLifeCycle - STOPPED GzipHandler@431b20d4{STOPPED,min=32,inflate=-1}
13:19:17.179 [Test worker] DEBUG org.eclipse.jetty.util.component.AbstractLifeCycle - stopping o.e.j.s.ServletContextHandler@723426a2{/__admin,null,SHUTDOWN}
13:19:17.179 [Test worker] DEBUG org.eclipse.jetty.server.handler.AbstractHandler - stopping o.e.j.s.ServletContextHandler@723426a2{/__admin,null,UNAVAILABLE}
13:19:17.179 [Test worker] DEBUG org.eclipse.jetty.util.component.AbstractLifeCycle - stopping ServletHandler@3bbfb3ea{STARTED}
13:19:17.179 [Test worker] DEBUG org.eclipse.jetty.server.handler.AbstractHandler - stopping ServletHandler@3bbfb3ea{STOPPING}
13:19:17.179 [Test worker] DEBUG org.eclipse.jetty.util.component.AbstractLifeCycle - stopping org.eclipse.jetty.servlets.CrossOriginFilter-3950dc23@3950dc23==org.eclipse.jetty.servlets.CrossOriginFilter,inst=true,async=true
13:19:17.179 [Test worker] DEBUG org.eclipse.jetty.util.component.AbstractLifeCycle - STOPPED org.eclipse.jetty.servlets.CrossOriginFilter-3950dc23@3950dc23==org.eclipse.jetty.servlets.CrossOriginFilter,inst=false,async=true
13:19:17.179 [Test worker] DEBUG org.eclipse.jetty.util.component.AbstractLifeCycle - stopping com.github.tomakehurst.wiremock.servlet.WireMockHandlerDispatchingServlet-7fb600dc@6dd0aa30==com.github.tomakehurst.wiremock.servlet.WireMockHandlerDispatchingServlet,jsp=null,order=-1,inst=true,async=true
13:19:17.179 [Test worker] DEBUG org.eclipse.jetty.util.component.AbstractLifeCycle - STOPPED com.github.tomakehurst.wiremock.servlet.WireMockHandlerDispatchingServlet-7fb600dc@6dd0aa30==com.github.tomakehurst.wiremock.servlet.WireMockHandlerDispatchingServlet,jsp=null,order=-1,inst=false,async=true
13:19:17.179 [Test worker] DEBUG org.eclipse.jetty.util.component.AbstractLifeCycle - stopping org.eclipse.jetty.servlet.DefaultServlet-24d5f8c7@b738d3f8==org.eclipse.jetty.servlet.DefaultServlet,jsp=null,order=-1,inst=false,async=true
13:19:17.180 [Test worker] DEBUG org.eclipse.jetty.util.component.AbstractLifeCycle - STOPPED org.eclipse.jetty.servlet.DefaultServlet-24d5f8c7@b738d3f8==org.eclipse.jetty.servlet.DefaultServlet,jsp=null,order=-1,inst=false,async=true
13:19:17.180 [Test worker] DEBUG org.eclipse.jetty.util.component.AbstractLifeCycle - stopping org.eclipse.jetty.servlet.DefaultServlet-7787c1a3@1256e21e==org.eclipse.jetty.servlet.DefaultServlet,jsp=null,order=-1,inst=false,async=true
13:19:17.180 [Test worker] DEBUG org.eclipse.jetty.util.component.AbstractLifeCycle - STOPPED org.eclipse.jetty.servlet.DefaultServlet-7787c1a3@1256e21e==org.eclipse.jetty.servlet.DefaultServlet,jsp=null,order=-1,inst=false,async=true
13:19:17.180 [Test worker] DEBUG org.eclipse.jetty.util.component.AbstractLifeCycle - STOPPED ServletHandler@3bbfb3ea{STOPPED}
13:19:17.180 [Test worker] INFO org.eclipse.jetty.server.handler.ContextHandler - Stopped o.e.j.s.ServletContextHandler@723426a2{/__admin,null,UNAVAILABLE}
13:19:17.180 [Test worker] DEBUG org.eclipse.jetty.util.component.AbstractLifeCycle - STOPPED o.e.j.s.ServletContextHandler@723426a2{/__admin,null,UNAVAILABLE}
13:19:17.180 [Test worker] DEBUG org.eclipse.jetty.util.component.AbstractLifeCycle - STOPPED HandlerCollection@257f0851{STOPPED}
13:19:17.180 [Test worker] DEBUG org.eclipse.jetty.util.component.AbstractLifeCycle - stopping QueuedThreadPool[qtp490162356]@1d3748b4{STARTED,8<=8<=14,i=1,r=1,q=0}[ReservedThreadExecutor@7ea74f5c{s=1/1,p=0}]
13:19:17.180 [Test worker] DEBUG org.eclipse.jetty.util.thread.QueuedThreadPool - Stopping QueuedThreadPool[qtp490162356]@1d3748b4{STOPPING,8<=8<=14,i=1,r=-1,q=0}[ReservedThreadExecutor@7ea74f5c{s=1/1,p=0}]
13:19:17.180 [Test worker] DEBUG org.eclipse.jetty.util.component.AbstractLifeCycle - stopping ReservedThreadExecutor@7ea74f5c{s=1/1,p=0}
13:19:17.180 [Test worker] DEBUG org.eclipse.jetty.util.thread.ReservedThreadExecutor - ReservedThreadExecutor@7ea74f5c{s=0/1,p=0}@840653d offer STOP!
13:19:17.180 [Test worker] DEBUG org.eclipse.jetty.util.component.AbstractLifeCycle - STOPPED ReservedThreadExecutor@7ea74f5c{s=-1/1,p=0}
13:19:17.180 [Test worker] DEBUG org.eclipse.jetty.io.ManagedSelector - Destroyed NetworkTrafficSocketChannelEndPoint@30336c14{/127.0.0.1:65065<->/127.0.0.1:8080,CLOSED,fill=-,flush=-,to=7/30000}{io=0/0,kio=-1,kro=-1}->HttpConnection@54311e78[p=HttpParser{s=CLOSE,63 of 63},g=HttpGenerator@4e7cc718{s=START}]=>HttpChannelOverHttp@3acb0764{s=HttpChannelState@7fc99e59{s=IDLE rs=BLOCKING os=OPEN is=IDLE awp=false se=false i=true al=0},r=4,c=false/false,a=IDLE,uri=null,age=0}
13:19:17.180 [Test worker] DEBUG org.eclipse.jetty.io.AbstractConnection - onClose HttpConnection@54311e78::NetworkTrafficSocketChannelEndPoint@30336c14{/127.0.0.1:65065<->/127.0.0.1:8080,CLOSED,fill=-,flush=-,to=7/30000}{io=0/0,kio=-1,kro=-1}->HttpConnection@54311e78[p=HttpParser{s=CLOSE,63 of 63},g=HttpGenerator@4e7cc718{s=START}]=>HttpChannelOverHttp@3acb0764{s=HttpChannelState@7fc99e59{s=IDLE rs=BLOCKING os=OPEN is=IDLE awp=false se=false i=true al=0},r=4,c=false/false,a=IDLE,uri=null,age=0}
13:19:17.180 [Test worker] DEBUG org.eclipse.jetty.util.component.AbstractLifeCycle - STOPPED QueuedThreadPool[qtp490162356]@1d3748b4{STOPPED,8<=0<=14,i=1,r=-1,q=0}[NO_TRY]
13:19:17.180 [Test worker] DEBUG org.eclipse.jetty.util.component.AbstractLifeCycle - STOPPED Server@114f1853{STOPPED}[9.4.28.v20200408]
13:19:17.181 [qtp490162356-139] DEBUG org.eclipse.jetty.util.thread.ReservedThreadExecutor - ReservedThreadExecutor@7ea74f5c{s=-1/1,p=0}@840653d task=STOP!
13:19:17.181 [qtp490162356-139] DEBUG org.eclipse.jetty.util.thread.ReservedThreadExecutor - ReservedThreadExecutor@7ea74f5c{s=-1/1,p=0}@840653d Exited
13:19:17.181 [qtp490162356-139] DEBUG org.eclipse.jetty.util.thread.QueuedThreadPool - ran ReservedThreadExecutor@7ea74f5c{s=-1/1,p=0}@840653d in QueuedThreadPool[qtp490162356]@1d3748b4{STOPPED,8<=0<=14,i=1,r=-1,q=0}[NO_TRY]
13:19:17.181 [qtp490162356-139] DEBUG org.eclipse.jetty.util.thread.QueuedThreadPool - Thread[qtp490162356-139,5,main] exited for QueuedThreadPool[qtp490162356]@1d3748b4{STOPPED,8<=0<=14,i=1,r=-1,q=0}[NO_TRY]
]]></system-out>
  <system-err><![CDATA[]]></system-err>
</testsuite>
