<?xml version="1.0" encoding="UTF-8"?>
<testsuite name="com.bi.edp.catalog.adapter.provision_adapters.ProvisionAdaptersClientTest" tests="5" skipped="0" failures="0" errors="0" timestamp="2020-09-25T11:17:53" hostname="WKS0000621516" time="41.198">
  <properties/>
  <testcase name="Login and retry after receiving unauthorized" classname="com.bi.edp.catalog.adapter.provision_adapters.ProvisionAdaptersClientTest" time="17.991"/>
  <testcase name="Retry after receiving a timeout" classname="com.bi.edp.catalog.adapter.provision_adapters.ProvisionAdaptersClientTest" time="11.273"/>
  <testcase name="Login failed: Bad token" classname="com.bi.edp.catalog.adapter.provision_adapters.ProvisionAdaptersClientTest" time="3.781"/>
  <testcase name="Login failed: JSON Write Exception" classname="com.bi.edp.catalog.adapter.provision_adapters.ProvisionAdaptersClientTest" time="4.835"/>
  <testcase name="Login failed: JSON Read Exception" classname="com.bi.edp.catalog.adapter.provision_adapters.ProvisionAdaptersClientTest" time="3.314"/>
  <system-out><![CDATA[13:17:53.659 [Test worker] DEBUG io.netty.util.internal.logging.InternalLoggerFactory - Using SLF4J as the default logging framework
13:17:53.747 [Test worker] DEBUG io.netty.util.internal.PlatformDependent - Platform: Windows
13:17:53.760 [Test worker] DEBUG io.netty.util.internal.PlatformDependent0 - -Dio.netty.noUnsafe: false
13:17:53.761 [Test worker] DEBUG io.netty.util.internal.PlatformDependent0 - Java version: 11
13:17:53.769 [Test worker] DEBUG io.netty.util.internal.PlatformDependent0 - sun.misc.Unsafe.theUnsafe: available
13:17:53.771 [Test worker] DEBUG io.netty.util.internal.PlatformDependent0 - sun.misc.Unsafe.copyMemory: available
13:17:53.774 [Test worker] DEBUG io.netty.util.internal.PlatformDependent0 - java.nio.Buffer.address: available
13:17:53.787 [Test worker] DEBUG io.netty.util.internal.PlatformDependent0 - direct buffer constructor: unavailable
java.lang.UnsupportedOperationException: Reflective setAccessible(true) disabled
	at io.netty.util.internal.ReflectionUtil.trySetAccessible(ReflectionUtil.java:31)
	at io.netty.util.internal.PlatformDependent0$4.run(PlatformDependent0.java:233)
	at java.base/java.security.AccessController.doPrivileged(Native Method)
	at io.netty.util.internal.PlatformDependent0.<clinit>(PlatformDependent0.java:227)
	at io.netty.util.internal.PlatformDependent.isAndroid(PlatformDependent.java:289)
	at io.netty.util.internal.PlatformDependent.<clinit>(PlatformDependent.java:92)
	at io.netty.util.ConstantPool.<init>(ConstantPool.java:32)
	at io.netty.channel.ChannelOption$1.<init>(ChannelOption.java:36)
	at io.netty.channel.ChannelOption.<clinit>(ChannelOption.java:36)
	at reactor.netty.tcp.TcpClient.<clinit>(TcpClient.java:661)
	at reactor.netty.http.client.HttpClient.<clinit>(HttpClient.java:1257)
	at com.bi.edp.catalog.adapter.provision_adapters.ProvisionAdaptersClient.<init>(ProvisionAdaptersClient.java:95)
	at java.base/jdk.internal.reflect.NativeConstructorAccessorImpl.newInstance0(Native Method)
	at java.base/jdk.internal.reflect.NativeConstructorAccessorImpl.newInstance(NativeConstructorAccessorImpl.java:62)
	at java.base/jdk.internal.reflect.DelegatingConstructorAccessorImpl.newInstance(DelegatingConstructorAccessorImpl.java:45)
	at java.base/java.lang.reflect.Constructor.newInstance(Constructor.java:490)
	at org.codehaus.groovy.reflection.CachedConstructor.invoke(CachedConstructor.java:80)
	at org.codehaus.groovy.reflection.CachedConstructor.doConstructorInvoke(CachedConstructor.java:74)
	at org.codehaus.groovy.runtime.callsite.ConstructorSite$ConstructorSiteNoUnwrap.callConstructor(ConstructorSite.java:84)
	at org.codehaus.groovy.runtime.callsite.CallSiteArray.defaultCallConstructor(CallSiteArray.java:59)
	at org.codehaus.groovy.runtime.callsite.AbstractCallSite.callConstructor(AbstractCallSite.java:237)
	at com.bi.edp.catalog.adapter.provision_adapters.ProvisionAdaptersClientTest.setup(ProvisionAdaptersClientTest.groovy:57)
	at java.base/jdk.internal.reflect.NativeMethodAccessorImpl.invoke0(Native Method)
	at java.base/jdk.internal.reflect.NativeMethodAccessorImpl.invoke(NativeMethodAccessorImpl.java:62)
	at java.base/jdk.internal.reflect.DelegatingMethodAccessorImpl.invoke(DelegatingMethodAccessorImpl.java:43)
	at java.base/java.lang.reflect.Method.invoke(Method.java:566)
	at org.spockframework.util.ReflectionUtil.invokeMethod(ReflectionUtil.java:200)
	at org.spockframework.runtime.model.MethodInfo.lambda$new$0(MethodInfo.java:40)
	at org.spockframework.runtime.model.MethodInfo.invoke(MethodInfo.java:120)
	at org.spockframework.runtime.PlatformSpecRunner.invokeRaw(PlatformSpecRunner.java:395)
	at org.spockframework.runtime.PlatformSpecRunner.invoke(PlatformSpecRunner.java:378)
	at org.spockframework.runtime.PlatformSpecRunner.doRunSetup(PlatformSpecRunner.java:314)
	at org.spockframework.runtime.PlatformSpecRunner.lambda$createMethodInfoForDoRunSetup$7(PlatformSpecRunner.java:296)
	at org.spockframework.runtime.model.MethodInfo.invoke(MethodInfo.java:120)
	at org.spockframework.runtime.PlatformSpecRunner.invokeRaw(PlatformSpecRunner.java:395)
	at org.spockframework.runtime.PlatformSpecRunner.invoke(PlatformSpecRunner.java:378)
	at org.spockframework.runtime.PlatformSpecRunner.runSetup(PlatformSpecRunner.java:290)
	at org.spockframework.runtime.PlatformSpecRunner.runSetup(PlatformSpecRunner.java:285)
	at org.spockframework.runtime.SimpleFeatureNode.before(SimpleFeatureNode.java:41)
	at org.spockframework.runtime.SimpleFeatureNode.before(SimpleFeatureNode.java:14)
	at org.junit.platform.engine.support.hierarchical.NodeTestTask.lambda$executeRecursively$5(NodeTestTask.java:132)
	at org.junit.platform.engine.support.hierarchical.ThrowableCollector.execute(ThrowableCollector.java:73)
	at org.junit.platform.engine.support.hierarchical.NodeTestTask.lambda$executeRecursively$7(NodeTestTask.java:125)
	at org.spockframework.runtime.SpockNode.sneakyInvoke(SpockNode.java:24)
	at org.spockframework.runtime.IterationNode.lambda$around$0(IterationNode.java:54)
	at org.spockframework.runtime.PlatformSpecRunner.lambda$createMethodInfoForDoRunIteration$5(PlatformSpecRunner.java:237)
	at org.spockframework.runtime.model.MethodInfo.invoke(MethodInfo.java:120)
	at org.spockframework.runtime.PlatformSpecRunner.invokeRaw(PlatformSpecRunner.java:395)
	at org.spockframework.runtime.PlatformSpecRunner.invoke(PlatformSpecRunner.java:378)
	at org.spockframework.runtime.PlatformSpecRunner.runIteration(PlatformSpecRunner.java:218)
	at org.spockframework.runtime.IterationNode.around(IterationNode.java:54)
	at org.spockframework.runtime.SimpleFeatureNode.lambda$around$0(SimpleFeatureNode.java:50)
	at org.spockframework.runtime.SpockNode.sneakyInvoke(SpockNode.java:24)
	at org.spockframework.runtime.FeatureNode.lambda$around$0(FeatureNode.java:29)
	at org.spockframework.runtime.PlatformSpecRunner.lambda$createMethodInfoForDoRunFeature$4(PlatformSpecRunner.java:199)
	at org.spockframework.runtime.model.MethodInfo.invoke(MethodInfo.java:120)
	at org.spockframework.runtime.PlatformSpecRunner.invokeRaw(PlatformSpecRunner.java:395)
	at org.spockframework.runtime.PlatformSpecRunner.invoke(PlatformSpecRunner.java:378)
	at org.spockframework.runtime.PlatformSpecRunner.runFeature(PlatformSpecRunner.java:192)
	at org.spockframework.runtime.FeatureNode.around(FeatureNode.java:29)
	at org.spockframework.runtime.SimpleFeatureNode.around(SimpleFeatureNode.java:50)
	at org.spockframework.runtime.SimpleFeatureNode.around(SimpleFeatureNode.java:14)
	at org.junit.platform.engine.support.hierarchical.NodeTestTask.lambda$executeRecursively$8(NodeTestTask.java:123)
	at org.junit.platform.engine.support.hierarchical.ThrowableCollector.execute(ThrowableCollector.java:73)
	at org.junit.platform.engine.support.hierarchical.NodeTestTask.executeRecursively(NodeTestTask.java:122)
	at org.junit.platform.engine.support.hierarchical.NodeTestTask.execute(NodeTestTask.java:80)
	at java.base/java.util.ArrayList.forEach(ArrayList.java:1540)
	at org.junit.platform.engine.support.hierarchical.SameThreadHierarchicalTestExecutorService.invokeAll(SameThreadHierarchicalTestExecutorService.java:38)
	at org.junit.platform.engine.support.hierarchical.NodeTestTask.lambda$executeRecursively$5(NodeTestTask.java:139)
	at org.junit.platform.engine.support.hierarchical.ThrowableCollector.execute(ThrowableCollector.java:73)
	at org.junit.platform.engine.support.hierarchical.NodeTestTask.lambda$executeRecursively$7(NodeTestTask.java:125)
	at org.spockframework.runtime.SpockNode.sneakyInvoke(SpockNode.java:24)
	at org.spockframework.runtime.SpecNode.lambda$around$0(SpecNode.java:61)
	at org.spockframework.runtime.PlatformSpecRunner.lambda$createMethodInfoForDoRunSpec$0(PlatformSpecRunner.java:59)
	at org.spockframework.runtime.model.MethodInfo.invoke(MethodInfo.java:120)
	at org.spockframework.runtime.PlatformSpecRunner.invokeRaw(PlatformSpecRunner.java:395)
	at org.spockframework.runtime.PlatformSpecRunner.invoke(PlatformSpecRunner.java:378)
	at org.spockframework.runtime.PlatformSpecRunner.runSpec(PlatformSpecRunner.java:53)
	at org.spockframework.runtime.SpecNode.around(SpecNode.java:61)
	at org.spockframework.runtime.SpecNode.around(SpecNode.java:8)
	at org.junit.platform.engine.support.hierarchical.NodeTestTask.lambda$executeRecursively$8(NodeTestTask.java:123)
	at org.junit.platform.engine.support.hierarchical.ThrowableCollector.execute(ThrowableCollector.java:73)
	at org.junit.platform.engine.support.hierarchical.NodeTestTask.executeRecursively(NodeTestTask.java:122)
	at org.junit.platform.engine.support.hierarchical.NodeTestTask.execute(NodeTestTask.java:80)
	at java.base/java.util.ArrayList.forEach(ArrayList.java:1540)
	at org.junit.platform.engine.support.hierarchical.SameThreadHierarchicalTestExecutorService.invokeAll(SameThreadHierarchicalTestExecutorService.java:38)
	at org.junit.platform.engine.support.hierarchical.NodeTestTask.lambda$executeRecursively$5(NodeTestTask.java:139)
	at org.junit.platform.engine.support.hierarchical.ThrowableCollector.execute(ThrowableCollector.java:73)
	at org.junit.platform.engine.support.hierarchical.NodeTestTask.lambda$executeRecursively$7(NodeTestTask.java:125)
	at org.junit.platform.engine.support.hierarchical.Node.around(Node.java:135)
	at org.junit.platform.engine.support.hierarchical.NodeTestTask.lambda$executeRecursively$8(NodeTestTask.java:123)
	at org.junit.platform.engine.support.hierarchical.ThrowableCollector.execute(ThrowableCollector.java:73)
	at org.junit.platform.engine.support.hierarchical.NodeTestTask.executeRecursively(NodeTestTask.java:122)
	at org.junit.platform.engine.support.hierarchical.NodeTestTask.execute(NodeTestTask.java:80)
	at org.junit.platform.engine.support.hierarchical.SameThreadHierarchicalTestExecutorService.submit(SameThreadHierarchicalTestExecutorService.java:32)
	at org.junit.platform.engine.support.hierarchical.HierarchicalTestExecutor.execute(HierarchicalTestExecutor.java:57)
	at org.junit.platform.engine.support.hierarchical.HierarchicalTestEngine.execute(HierarchicalTestEngine.java:51)
	at org.junit.platform.launcher.core.DefaultLauncher.execute(DefaultLauncher.java:229)
	at org.junit.platform.launcher.core.DefaultLauncher.lambda$execute$6(DefaultLauncher.java:197)
	at org.junit.platform.launcher.core.DefaultLauncher.withInterceptedStreams(DefaultLauncher.java:211)
	at org.junit.platform.launcher.core.DefaultLauncher.execute(DefaultLauncher.java:191)
	at org.junit.platform.launcher.core.DefaultLauncher.execute(DefaultLauncher.java:128)
	at org.gradle.api.internal.tasks.testing.junitplatform.JUnitPlatformTestClassProcessor$CollectAllTestClassesExecutor.processAllTestClasses(JUnitPlatformTestClassProcessor.java:99)
	at org.gradle.api.internal.tasks.testing.junitplatform.JUnitPlatformTestClassProcessor$CollectAllTestClassesExecutor.access$000(JUnitPlatformTestClassProcessor.java:79)
	at org.gradle.api.internal.tasks.testing.junitplatform.JUnitPlatformTestClassProcessor.stop(JUnitPlatformTestClassProcessor.java:75)
	at org.gradle.api.internal.tasks.testing.SuiteTestClassProcessor.stop(SuiteTestClassProcessor.java:61)
	at java.base/jdk.internal.reflect.NativeMethodAccessorImpl.invoke0(Native Method)
	at java.base/jdk.internal.reflect.NativeMethodAccessorImpl.invoke(NativeMethodAccessorImpl.java:62)
	at java.base/jdk.internal.reflect.DelegatingMethodAccessorImpl.invoke(DelegatingMethodAccessorImpl.java:43)
	at java.base/java.lang.reflect.Method.invoke(Method.java:566)
	at org.gradle.internal.dispatch.ReflectionDispatch.dispatch(ReflectionDispatch.java:36)
	at org.gradle.internal.dispatch.ReflectionDispatch.dispatch(ReflectionDispatch.java:24)
	at org.gradle.internal.dispatch.ContextClassLoaderDispatch.dispatch(ContextClassLoaderDispatch.java:33)
	at org.gradle.internal.dispatch.ProxyDispatchAdapter$DispatchingInvocationHandler.invoke(ProxyDispatchAdapter.java:94)
	at com.sun.proxy.$Proxy5.stop(Unknown Source)
	at org.gradle.api.internal.tasks.testing.worker.TestWorker.stop(TestWorker.java:132)
	at java.base/jdk.internal.reflect.NativeMethodAccessorImpl.invoke0(Native Method)
	at java.base/jdk.internal.reflect.NativeMethodAccessorImpl.invoke(NativeMethodAccessorImpl.java:62)
	at java.base/jdk.internal.reflect.DelegatingMethodAccessorImpl.invoke(DelegatingMethodAccessorImpl.java:43)
	at java.base/java.lang.reflect.Method.invoke(Method.java:566)
	at org.gradle.internal.dispatch.ReflectionDispatch.dispatch(ReflectionDispatch.java:36)
	at org.gradle.internal.dispatch.ReflectionDispatch.dispatch(ReflectionDispatch.java:24)
	at org.gradle.internal.remote.internal.hub.MessageHubBackedObjectConnection$DispatchWrapper.dispatch(MessageHubBackedObjectConnection.java:182)
	at org.gradle.internal.remote.internal.hub.MessageHubBackedObjectConnection$DispatchWrapper.dispatch(MessageHubBackedObjectConnection.java:164)
	at org.gradle.internal.remote.internal.hub.MessageHub$Handler.run(MessageHub.java:412)
	at org.gradle.internal.concurrent.ExecutorPolicy$CatchAndRecordFailures.onExecute(ExecutorPolicy.java:64)
	at org.gradle.internal.concurrent.ManagedExecutorImpl$1.run(ManagedExecutorImpl.java:48)
	at java.base/java.util.concurrent.ThreadPoolExecutor.runWorker(ThreadPoolExecutor.java:1128)
	at java.base/java.util.concurrent.ThreadPoolExecutor$Worker.run(ThreadPoolExecutor.java:628)
	at org.gradle.internal.concurrent.ThreadFactoryImpl$ManagedThreadRunnable.run(ThreadFactoryImpl.java:56)
	at java.base/java.lang.Thread.run(Thread.java:834)
13:17:53.837 [Test worker] DEBUG io.netty.util.internal.PlatformDependent0 - java.nio.Bits.unaligned: available, true
13:17:53.842 [Test worker] DEBUG io.netty.util.internal.PlatformDependent0 - jdk.internal.misc.Unsafe.allocateUninitializedArray(int): unavailable
java.lang.IllegalAccessException: class io.netty.util.internal.PlatformDependent0$6 cannot access class jdk.internal.misc.Unsafe (in module java.base) because module java.base does not export jdk.internal.misc to unnamed module @553a3d88
	at java.base/jdk.internal.reflect.Reflection.newIllegalAccessException(Reflection.java:361)
	at java.base/java.lang.reflect.AccessibleObject.checkAccess(AccessibleObject.java:591)
	at java.base/java.lang.reflect.Method.invoke(Method.java:558)
	at io.netty.util.internal.PlatformDependent0$6.run(PlatformDependent0.java:347)
	at java.base/java.security.AccessController.doPrivileged(Native Method)
	at io.netty.util.internal.PlatformDependent0.<clinit>(PlatformDependent0.java:338)
	at io.netty.util.internal.PlatformDependent.isAndroid(PlatformDependent.java:289)
	at io.netty.util.internal.PlatformDependent.<clinit>(PlatformDependent.java:92)
	at io.netty.util.ConstantPool.<init>(ConstantPool.java:32)
	at io.netty.channel.ChannelOption$1.<init>(ChannelOption.java:36)
	at io.netty.channel.ChannelOption.<clinit>(ChannelOption.java:36)
	at reactor.netty.tcp.TcpClient.<clinit>(TcpClient.java:661)
	at reactor.netty.http.client.HttpClient.<clinit>(HttpClient.java:1257)
	at com.bi.edp.catalog.adapter.provision_adapters.ProvisionAdaptersClient.<init>(ProvisionAdaptersClient.java:95)
	at java.base/jdk.internal.reflect.NativeConstructorAccessorImpl.newInstance0(Native Method)
	at java.base/jdk.internal.reflect.NativeConstructorAccessorImpl.newInstance(NativeConstructorAccessorImpl.java:62)
	at java.base/jdk.internal.reflect.DelegatingConstructorAccessorImpl.newInstance(DelegatingConstructorAccessorImpl.java:45)
	at java.base/java.lang.reflect.Constructor.newInstance(Constructor.java:490)
	at org.codehaus.groovy.reflection.CachedConstructor.invoke(CachedConstructor.java:80)
	at org.codehaus.groovy.reflection.CachedConstructor.doConstructorInvoke(CachedConstructor.java:74)
	at org.codehaus.groovy.runtime.callsite.ConstructorSite$ConstructorSiteNoUnwrap.callConstructor(ConstructorSite.java:84)
	at org.codehaus.groovy.runtime.callsite.CallSiteArray.defaultCallConstructor(CallSiteArray.java:59)
	at org.codehaus.groovy.runtime.callsite.AbstractCallSite.callConstructor(AbstractCallSite.java:237)
	at com.bi.edp.catalog.adapter.provision_adapters.ProvisionAdaptersClientTest.setup(ProvisionAdaptersClientTest.groovy:57)
	at java.base/jdk.internal.reflect.NativeMethodAccessorImpl.invoke0(Native Method)
	at java.base/jdk.internal.reflect.NativeMethodAccessorImpl.invoke(NativeMethodAccessorImpl.java:62)
	at java.base/jdk.internal.reflect.DelegatingMethodAccessorImpl.invoke(DelegatingMethodAccessorImpl.java:43)
	at java.base/java.lang.reflect.Method.invoke(Method.java:566)
	at org.spockframework.util.ReflectionUtil.invokeMethod(ReflectionUtil.java:200)
	at org.spockframework.runtime.model.MethodInfo.lambda$new$0(MethodInfo.java:40)
	at org.spockframework.runtime.model.MethodInfo.invoke(MethodInfo.java:120)
	at org.spockframework.runtime.PlatformSpecRunner.invokeRaw(PlatformSpecRunner.java:395)
	at org.spockframework.runtime.PlatformSpecRunner.invoke(PlatformSpecRunner.java:378)
	at org.spockframework.runtime.PlatformSpecRunner.doRunSetup(PlatformSpecRunner.java:314)
	at org.spockframework.runtime.PlatformSpecRunner.lambda$createMethodInfoForDoRunSetup$7(PlatformSpecRunner.java:296)
	at org.spockframework.runtime.model.MethodInfo.invoke(MethodInfo.java:120)
	at org.spockframework.runtime.PlatformSpecRunner.invokeRaw(PlatformSpecRunner.java:395)
	at org.spockframework.runtime.PlatformSpecRunner.invoke(PlatformSpecRunner.java:378)
	at org.spockframework.runtime.PlatformSpecRunner.runSetup(PlatformSpecRunner.java:290)
	at org.spockframework.runtime.PlatformSpecRunner.runSetup(PlatformSpecRunner.java:285)
	at org.spockframework.runtime.SimpleFeatureNode.before(SimpleFeatureNode.java:41)
	at org.spockframework.runtime.SimpleFeatureNode.before(SimpleFeatureNode.java:14)
	at org.junit.platform.engine.support.hierarchical.NodeTestTask.lambda$executeRecursively$5(NodeTestTask.java:132)
	at org.junit.platform.engine.support.hierarchical.ThrowableCollector.execute(ThrowableCollector.java:73)
	at org.junit.platform.engine.support.hierarchical.NodeTestTask.lambda$executeRecursively$7(NodeTestTask.java:125)
	at org.spockframework.runtime.SpockNode.sneakyInvoke(SpockNode.java:24)
	at org.spockframework.runtime.IterationNode.lambda$around$0(IterationNode.java:54)
	at org.spockframework.runtime.PlatformSpecRunner.lambda$createMethodInfoForDoRunIteration$5(PlatformSpecRunner.java:237)
	at org.spockframework.runtime.model.MethodInfo.invoke(MethodInfo.java:120)
	at org.spockframework.runtime.PlatformSpecRunner.invokeRaw(PlatformSpecRunner.java:395)
	at org.spockframework.runtime.PlatformSpecRunner.invoke(PlatformSpecRunner.java:378)
	at org.spockframework.runtime.PlatformSpecRunner.runIteration(PlatformSpecRunner.java:218)
	at org.spockframework.runtime.IterationNode.around(IterationNode.java:54)
	at org.spockframework.runtime.SimpleFeatureNode.lambda$around$0(SimpleFeatureNode.java:50)
	at org.spockframework.runtime.SpockNode.sneakyInvoke(SpockNode.java:24)
	at org.spockframework.runtime.FeatureNode.lambda$around$0(FeatureNode.java:29)
	at org.spockframework.runtime.PlatformSpecRunner.lambda$createMethodInfoForDoRunFeature$4(PlatformSpecRunner.java:199)
	at org.spockframework.runtime.model.MethodInfo.invoke(MethodInfo.java:120)
	at org.spockframework.runtime.PlatformSpecRunner.invokeRaw(PlatformSpecRunner.java:395)
	at org.spockframework.runtime.PlatformSpecRunner.invoke(PlatformSpecRunner.java:378)
	at org.spockframework.runtime.PlatformSpecRunner.runFeature(PlatformSpecRunner.java:192)
	at org.spockframework.runtime.FeatureNode.around(FeatureNode.java:29)
	at org.spockframework.runtime.SimpleFeatureNode.around(SimpleFeatureNode.java:50)
	at org.spockframework.runtime.SimpleFeatureNode.around(SimpleFeatureNode.java:14)
	at org.junit.platform.engine.support.hierarchical.NodeTestTask.lambda$executeRecursively$8(NodeTestTask.java:123)
	at org.junit.platform.engine.support.hierarchical.ThrowableCollector.execute(ThrowableCollector.java:73)
	at org.junit.platform.engine.support.hierarchical.NodeTestTask.executeRecursively(NodeTestTask.java:122)
	at org.junit.platform.engine.support.hierarchical.NodeTestTask.execute(NodeTestTask.java:80)
	at java.base/java.util.ArrayList.forEach(ArrayList.java:1540)
	at org.junit.platform.engine.support.hierarchical.SameThreadHierarchicalTestExecutorService.invokeAll(SameThreadHierarchicalTestExecutorService.java:38)
	at org.junit.platform.engine.support.hierarchical.NodeTestTask.lambda$executeRecursively$5(NodeTestTask.java:139)
	at org.junit.platform.engine.support.hierarchical.ThrowableCollector.execute(ThrowableCollector.java:73)
	at org.junit.platform.engine.support.hierarchical.NodeTestTask.lambda$executeRecursively$7(NodeTestTask.java:125)
	at org.spockframework.runtime.SpockNode.sneakyInvoke(SpockNode.java:24)
	at org.spockframework.runtime.SpecNode.lambda$around$0(SpecNode.java:61)
	at org.spockframework.runtime.PlatformSpecRunner.lambda$createMethodInfoForDoRunSpec$0(PlatformSpecRunner.java:59)
	at org.spockframework.runtime.model.MethodInfo.invoke(MethodInfo.java:120)
	at org.spockframework.runtime.PlatformSpecRunner.invokeRaw(PlatformSpecRunner.java:395)
	at org.spockframework.runtime.PlatformSpecRunner.invoke(PlatformSpecRunner.java:378)
	at org.spockframework.runtime.PlatformSpecRunner.runSpec(PlatformSpecRunner.java:53)
	at org.spockframework.runtime.SpecNode.around(SpecNode.java:61)
	at org.spockframework.runtime.SpecNode.around(SpecNode.java:8)
	at org.junit.platform.engine.support.hierarchical.NodeTestTask.lambda$executeRecursively$8(NodeTestTask.java:123)
	at org.junit.platform.engine.support.hierarchical.ThrowableCollector.execute(ThrowableCollector.java:73)
	at org.junit.platform.engine.support.hierarchical.NodeTestTask.executeRecursively(NodeTestTask.java:122)
	at org.junit.platform.engine.support.hierarchical.NodeTestTask.execute(NodeTestTask.java:80)
	at java.base/java.util.ArrayList.forEach(ArrayList.java:1540)
	at org.junit.platform.engine.support.hierarchical.SameThreadHierarchicalTestExecutorService.invokeAll(SameThreadHierarchicalTestExecutorService.java:38)
	at org.junit.platform.engine.support.hierarchical.NodeTestTask.lambda$executeRecursively$5(NodeTestTask.java:139)
	at org.junit.platform.engine.support.hierarchical.ThrowableCollector.execute(ThrowableCollector.java:73)
	at org.junit.platform.engine.support.hierarchical.NodeTestTask.lambda$executeRecursively$7(NodeTestTask.java:125)
	at org.junit.platform.engine.support.hierarchical.Node.around(Node.java:135)
	at org.junit.platform.engine.support.hierarchical.NodeTestTask.lambda$executeRecursively$8(NodeTestTask.java:123)
	at org.junit.platform.engine.support.hierarchical.ThrowableCollector.execute(ThrowableCollector.java:73)
	at org.junit.platform.engine.support.hierarchical.NodeTestTask.executeRecursively(NodeTestTask.java:122)
	at org.junit.platform.engine.support.hierarchical.NodeTestTask.execute(NodeTestTask.java:80)
	at org.junit.platform.engine.support.hierarchical.SameThreadHierarchicalTestExecutorService.submit(SameThreadHierarchicalTestExecutorService.java:32)
	at org.junit.platform.engine.support.hierarchical.HierarchicalTestExecutor.execute(HierarchicalTestExecutor.java:57)
	at org.junit.platform.engine.support.hierarchical.HierarchicalTestEngine.execute(HierarchicalTestEngine.java:51)
	at org.junit.platform.launcher.core.DefaultLauncher.execute(DefaultLauncher.java:229)
	at org.junit.platform.launcher.core.DefaultLauncher.lambda$execute$6(DefaultLauncher.java:197)
	at org.junit.platform.launcher.core.DefaultLauncher.withInterceptedStreams(DefaultLauncher.java:211)
	at org.junit.platform.launcher.core.DefaultLauncher.execute(DefaultLauncher.java:191)
	at org.junit.platform.launcher.core.DefaultLauncher.execute(DefaultLauncher.java:128)
	at org.gradle.api.internal.tasks.testing.junitplatform.JUnitPlatformTestClassProcessor$CollectAllTestClassesExecutor.processAllTestClasses(JUnitPlatformTestClassProcessor.java:99)
	at org.gradle.api.internal.tasks.testing.junitplatform.JUnitPlatformTestClassProcessor$CollectAllTestClassesExecutor.access$000(JUnitPlatformTestClassProcessor.java:79)
	at org.gradle.api.internal.tasks.testing.junitplatform.JUnitPlatformTestClassProcessor.stop(JUnitPlatformTestClassProcessor.java:75)
	at org.gradle.api.internal.tasks.testing.SuiteTestClassProcessor.stop(SuiteTestClassProcessor.java:61)
	at java.base/jdk.internal.reflect.NativeMethodAccessorImpl.invoke0(Native Method)
	at java.base/jdk.internal.reflect.NativeMethodAccessorImpl.invoke(NativeMethodAccessorImpl.java:62)
	at java.base/jdk.internal.reflect.DelegatingMethodAccessorImpl.invoke(DelegatingMethodAccessorImpl.java:43)
	at java.base/java.lang.reflect.Method.invoke(Method.java:566)
	at org.gradle.internal.dispatch.ReflectionDispatch.dispatch(ReflectionDispatch.java:36)
	at org.gradle.internal.dispatch.ReflectionDispatch.dispatch(ReflectionDispatch.java:24)
	at org.gradle.internal.dispatch.ContextClassLoaderDispatch.dispatch(ContextClassLoaderDispatch.java:33)
	at org.gradle.internal.dispatch.ProxyDispatchAdapter$DispatchingInvocationHandler.invoke(ProxyDispatchAdapter.java:94)
	at com.sun.proxy.$Proxy5.stop(Unknown Source)
	at org.gradle.api.internal.tasks.testing.worker.TestWorker.stop(TestWorker.java:132)
	at java.base/jdk.internal.reflect.NativeMethodAccessorImpl.invoke0(Native Method)
	at java.base/jdk.internal.reflect.NativeMethodAccessorImpl.invoke(NativeMethodAccessorImpl.java:62)
	at java.base/jdk.internal.reflect.DelegatingMethodAccessorImpl.invoke(DelegatingMethodAccessorImpl.java:43)
	at java.base/java.lang.reflect.Method.invoke(Method.java:566)
	at org.gradle.internal.dispatch.ReflectionDispatch.dispatch(ReflectionDispatch.java:36)
	at org.gradle.internal.dispatch.ReflectionDispatch.dispatch(ReflectionDispatch.java:24)
	at org.gradle.internal.remote.internal.hub.MessageHubBackedObjectConnection$DispatchWrapper.dispatch(MessageHubBackedObjectConnection.java:182)
	at org.gradle.internal.remote.internal.hub.MessageHubBackedObjectConnection$DispatchWrapper.dispatch(MessageHubBackedObjectConnection.java:164)
	at org.gradle.internal.remote.internal.hub.MessageHub$Handler.run(MessageHub.java:412)
	at org.gradle.internal.concurrent.ExecutorPolicy$CatchAndRecordFailures.onExecute(ExecutorPolicy.java:64)
	at org.gradle.internal.concurrent.ManagedExecutorImpl$1.run(ManagedExecutorImpl.java:48)
	at java.base/java.util.concurrent.ThreadPoolExecutor.runWorker(ThreadPoolExecutor.java:1128)
	at java.base/java.util.concurrent.ThreadPoolExecutor$Worker.run(ThreadPoolExecutor.java:628)
	at org.gradle.internal.concurrent.ThreadFactoryImpl$ManagedThreadRunnable.run(ThreadFactoryImpl.java:56)
	at java.base/java.lang.Thread.run(Thread.java:834)
13:17:53.852 [Test worker] DEBUG io.netty.util.internal.PlatformDependent0 - java.nio.DirectByteBuffer.<init>(long, int): unavailable
13:17:53.852 [Test worker] DEBUG io.netty.util.internal.PlatformDependent - sun.misc.Unsafe: available
13:17:53.987 [Test worker] DEBUG io.netty.util.internal.PlatformDependent - maxDirectMemory: 536870912 bytes (maybe)
13:17:53.987 [Test worker] DEBUG io.netty.util.internal.PlatformDependent - -Dio.netty.tmpdir: C:\Users\rodrjona\AppData\Local\Temp (java.io.tmpdir)
13:17:53.988 [Test worker] DEBUG io.netty.util.internal.PlatformDependent - -Dio.netty.bitMode: 64 (sun.arch.data.model)
13:17:53.992 [Test worker] DEBUG io.netty.util.internal.PlatformDependent - -Dio.netty.maxDirectMemory: -1 bytes
13:17:53.993 [Test worker] DEBUG io.netty.util.internal.PlatformDependent - -Dio.netty.uninitializedArrayAllocationThreshold: -1
13:17:54.086 [Test worker] DEBUG io.netty.util.internal.CleanerJava9 - java.nio.ByteBuffer.cleaner(): available
13:17:54.088 [Test worker] DEBUG io.netty.util.internal.PlatformDependent - -Dio.netty.noPreferDirect: false
13:17:54.164 [Test worker] DEBUG io.netty.util.NetUtil - -Djava.net.preferIPv4Stack: false
13:17:54.164 [Test worker] DEBUG io.netty.util.NetUtil - -Djava.net.preferIPv6Addresses: false
13:17:56.372 [Test worker] DEBUG io.netty.util.NetUtil - Loopback interface: lo (Software Loopback Interface 1, 127.0.0.1)
13:17:56.374 [Test worker] DEBUG io.netty.util.NetUtil - Failed to get SOMAXCONN from sysctl and file \proc\sys\net\core\somaxconn. Default: 200
13:17:56.410 [Test worker] DEBUG reactor.util.Loggers$LoggerFactory - Using Slf4j logging framework
13:17:56.500 [Test worker] DEBUG reactor.netty.tcp.TcpResources - [http] resources will use the default LoopResources: DefaultLoopResources {prefix=reactor-http, daemon=true, selectCount=4, workerCount=4}
13:17:56.501 [Test worker] DEBUG reactor.netty.tcp.TcpResources - [http] resources will use the default ConnectionProvider: reactor.netty.resources.PooledConnectionProvider@a55c95f
13:17:58.994 [Test worker] DEBUG org.eclipse.jetty.util.log - Logging to Logger[org.eclipse.jetty.util.log] via org.eclipse.jetty.util.log.Slf4jLog
13:17:58.999 [Test worker] INFO org.eclipse.jetty.util.log - Logging initialized @30553ms to org.eclipse.jetty.util.log.Slf4jLog
13:17:59.058 [Test worker] DEBUG org.eclipse.jetty.util.component.ContainerLifeCycle - Server@35ed1b9d{STOPPED}[9.4.28.v20200408] added {QueuedThreadPool[qtp824248140]@3121074c{STOPPED,8<=0<=14,i=0,r=-1,q=0}[NO_TRY],AUTO}
13:17:59.167 [Test worker] DEBUG org.eclipse.jetty.util.component.ContainerLifeCycle - HttpConnectionFactory@454ca7aa[HTTP/1.1] added {HttpConfiguration@35aeb0f9{32768/8192,8192/8192,https://:0,[]},POJO}
13:17:59.258 [Test worker] DEBUG org.eclipse.jetty.util.component.ContainerLifeCycle - NetworkTrafficServerConnector@6a7c003b{null, ()}{0.0.0.0:0} added {Server@35ed1b9d{STOPPED}[9.4.28.v20200408],UNMANAGED}
13:17:59.258 [Test worker] DEBUG org.eclipse.jetty.util.component.ContainerLifeCycle - NetworkTrafficServerConnector@6a7c003b{null, ()}{0.0.0.0:0} added {QueuedThreadPool[qtp824248140]@3121074c{STOPPED,8<=0<=14,i=0,r=-1,q=0}[NO_TRY],AUTO}
13:17:59.259 [Test worker] DEBUG org.eclipse.jetty.util.component.ContainerLifeCycle - NetworkTrafficServerConnector@6a7c003b{null, ()}{0.0.0.0:0} added {ScheduledExecutorScheduler@74ee0887{STOPPED},AUTO}
13:17:59.259 [Test worker] DEBUG org.eclipse.jetty.util.component.ContainerLifeCycle - NetworkTrafficServerConnector@6a7c003b{null, ()}{0.0.0.0:0} added {org.eclipse.jetty.io.ArrayByteBufferPool@61eca8ed,POJO}
13:17:59.260 [Test worker] DEBUG org.eclipse.jetty.util.component.ContainerLifeCycle - NetworkTrafficServerConnector@6a7c003b{null, (http/1.1)}{0.0.0.0:0} added {HttpConnectionFactory@454ca7aa[HTTP/1.1],AUTO}
13:17:59.261 [Test worker] DEBUG org.eclipse.jetty.server.AbstractConnector - NetworkTrafficServerConnector@6a7c003b{HTTP/1.1, (http/1.1)}{0.0.0.0:0} added HttpConnectionFactory@454ca7aa[HTTP/1.1]
13:17:59.275 [Test worker] DEBUG org.eclipse.jetty.util.component.ContainerLifeCycle - NetworkTrafficServerConnector@6a7c003b{HTTP/1.1, (http/1.1)}{0.0.0.0:0} added {SelectorManager@NetworkTrafficServerConnector@6a7c003b{HTTP/1.1, (http/1.1)}{0.0.0.0:0},MANAGED}
13:17:59.279 [Test worker] DEBUG org.eclipse.jetty.util.component.ContainerLifeCycle - Server@35ed1b9d{STOPPED}[9.4.28.v20200408] added {NetworkTrafficServerConnector@6a7c003b{HTTP/1.1, (http/1.1)}{0.0.0.0:8080},AUTO}
13:17:59.531 [Test worker] DEBUG org.eclipse.jetty.util.component.ContainerLifeCycle - Server@35ed1b9d{STOPPED}[9.4.28.v20200408] added {o.e.j.s.ServletContextHandler@4bef83b{/__admin,null,UNAVAILABLE},MANAGED}
13:17:59.577 [Test worker] DEBUG org.eclipse.jetty.util.DecoratedObjectFactory - Adding Decorator: org.eclipse.jetty.util.DeprecationWarning@663eb065
13:17:59.619 [Test worker] DEBUG org.eclipse.jetty.util.component.ContainerLifeCycle - o.e.j.s.ServletContextHandler@4bef83b{/__admin,null,UNAVAILABLE} added {ServletHandler@4e968e6a{STOPPED},MANAGED}
13:17:59.758 [Test worker] DEBUG org.eclipse.jetty.util.component.ContainerLifeCycle - Server@35ed1b9d{STOPPED}[9.4.28.v20200408] added {o.e.j.s.ServletContextHandler@62d767f{/,null,UNAVAILABLE},MANAGED}
13:17:59.758 [Test worker] DEBUG org.eclipse.jetty.util.DecoratedObjectFactory - Adding Decorator: org.eclipse.jetty.util.DeprecationWarning@7d8ff7a3
13:17:59.759 [Test worker] DEBUG org.eclipse.jetty.util.component.ContainerLifeCycle - o.e.j.s.ServletContextHandler@62d767f{/,null,UNAVAILABLE} added {ServletHandler@574cac87{STOPPED},MANAGED}
13:17:59.823 [Test worker] DEBUG org.eclipse.jetty.http.PreEncodedHttpField - HttpField encoders loaded: [org.eclipse.jetty.http2.hpack.HpackFieldPreEncoder@4290ac39, org.eclipse.jetty.http.Http1FieldPreEncoder@2cc08c74]
13:17:59.977 [Test worker] DEBUG org.eclipse.jetty.util.component.ContainerLifeCycle - o.e.j.s.ServletContextHandler@62d767f{/,null,UNAVAILABLE} added {NotFoundHandler@523928ab{STOPPED},MANAGED}
13:18:00.062 [Test worker] DEBUG org.eclipse.jetty.util.component.ContainerLifeCycle - HandlerCollection@3bfe8ca3{STOPPED} added {o.e.j.s.ServletContextHandler@4bef83b{/__admin,null,UNAVAILABLE},AUTO}
13:18:00.099 [Test worker] DEBUG org.eclipse.jetty.http.pathmap.PathMappings - Added MappedResource[pathSpec=ServletPathSpec["*.svgz",pathDepth=0,group=SUFFIX_GLOB],resource=true] to PathMappings[size=1]
13:18:00.103 [Test worker] DEBUG org.eclipse.jetty.server.handler.gzip.GzipHandler - GzipHandler@42831d1d{STOPPED,min=32,inflate=-1} mime types IncludeExclude@7767ac1f{i=[],ip=CONTAINS,e=[image/ief, image/vnd.wap.wbmp, image/jpeg, application/bzip2, image/x-portable-graymap, application/brotli, image/bmp, image/gif, image/x-icon, audio/midi, video/x-msvideo, image/x-xbitmap, application/x-rar-compressed, image/x-portable-bitmap, image/x-rgb, image/x-cmu-raster, application/gzip, audio/x-wav, audio/x-pn-realaudio, audio/basic, application/compress, audio/x-aiff, video/x.ms.asx, video/x.ms.asf, image/png, video/vnd.rn-realvideo, image/x-xwindowdump, image/jpeg2000, video/x-sgi-movie, audio/mpeg, image/xcf, video/mpeg, image/x-portable-pixmap, image/tiff, image/x-portable-anymap, image/x-xpixmap, application/zip, video/quicktime, application/x-xz, video/mp4],ep=CONTAINS}
13:18:00.139 [Test worker] DEBUG org.eclipse.jetty.util.component.ContainerLifeCycle - GzipHandler@42831d1d{STOPPED,min=32,inflate=-1} added {o.e.j.s.ServletContextHandler@62d767f{/,null,UNAVAILABLE},MANAGED}
13:18:00.141 [Test worker] DEBUG org.eclipse.jetty.util.component.ContainerLifeCycle - HandlerCollection@3bfe8ca3{STOPPED} added {GzipHandler@42831d1d{STOPPED,min=32,inflate=-1},AUTO}
13:18:00.158 [Test worker] DEBUG org.eclipse.jetty.util.component.ContainerLifeCycle - Server@35ed1b9d{STOPPED}[9.4.28.v20200408] added {HandlerCollection@3bfe8ca3{STOPPED},MANAGED}
13:18:00.212 [Test worker] DEBUG org.eclipse.jetty.util.component.AbstractLifeCycle - starting Server@35ed1b9d{STOPPED}[9.4.28.v20200408]
13:18:00.214 [Test worker] DEBUG org.eclipse.jetty.util.component.ContainerLifeCycle - Server@35ed1b9d{STARTING}[9.4.28.v20200408] added {ErrorHandler@456cfdb7{STOPPED},AUTO}
13:18:00.219 [Test worker] INFO org.eclipse.jetty.server.Server - jetty-9.4.28.v20200408; built: 2020-04-08T17:49:39.557Z; git: ab228fde9e55e9164c738d7fa121f8ac5acd51c9; jvm 11.0.2+9
13:18:00.294 [Test worker] DEBUG org.eclipse.jetty.server.handler.AbstractHandler - starting Server@35ed1b9d{STARTING}[9.4.28.v20200408]
13:18:00.295 [Test worker] DEBUG org.eclipse.jetty.util.component.AbstractLifeCycle - starting QueuedThreadPool[qtp824248140]@3121074c{STOPPED,8<=0<=14,i=0,r=-1,q=0}[NO_TRY]
13:18:00.298 [Test worker] DEBUG org.eclipse.jetty.util.thread.ReservedThreadExecutor - ReservedThreadExecutor@238f6469{s=0/1,p=0}
13:18:00.299 [Test worker] DEBUG org.eclipse.jetty.util.component.ContainerLifeCycle - QueuedThreadPool[qtp824248140]@3121074c{STARTING,8<=0<=14,i=0,r=-1,q=0}[ReservedThreadExecutor@238f6469{s=0/1,p=0}] added {ReservedThreadExecutor@238f6469{s=0/1,p=0},AUTO}
13:18:00.299 [Test worker] DEBUG org.eclipse.jetty.util.component.AbstractLifeCycle - starting ReservedThreadExecutor@238f6469{s=0/1,p=0}
13:18:00.326 [Test worker] DEBUG org.eclipse.jetty.util.component.AbstractLifeCycle - STARTED @31880ms ReservedThreadExecutor@238f6469{s=0/1,p=0}
13:18:00.327 [Test worker] DEBUG org.eclipse.jetty.util.thread.QueuedThreadPool - Starting Thread[qtp824248140-18,5,main]
13:18:00.328 [Test worker] DEBUG org.eclipse.jetty.util.thread.QueuedThreadPool - Starting Thread[qtp824248140-19,5,main]
13:18:00.329 [Test worker] DEBUG org.eclipse.jetty.util.thread.QueuedThreadPool - Starting Thread[qtp824248140-20,5,main]
13:18:00.330 [Test worker] DEBUG org.eclipse.jetty.util.thread.QueuedThreadPool - Starting Thread[qtp824248140-21,5,main]
13:18:00.331 [Test worker] DEBUG org.eclipse.jetty.util.thread.QueuedThreadPool - Starting Thread[qtp824248140-22,5,main]
13:18:00.332 [Test worker] DEBUG org.eclipse.jetty.util.thread.QueuedThreadPool - Starting Thread[qtp824248140-23,5,main]
13:18:00.333 [Test worker] DEBUG org.eclipse.jetty.util.thread.QueuedThreadPool - Starting Thread[qtp824248140-24,5,main]
13:18:00.335 [Test worker] DEBUG org.eclipse.jetty.util.thread.QueuedThreadPool - Starting Thread[qtp824248140-25,5,main]
13:18:00.354 [Test worker] DEBUG org.eclipse.jetty.util.component.AbstractLifeCycle - STARTED @31905ms QueuedThreadPool[qtp824248140]@3121074c{STARTED,8<=8<=14,i=8,r=1,q=0}[ReservedThreadExecutor@238f6469{s=0/1,p=0}]
13:18:00.355 [Test worker] DEBUG org.eclipse.jetty.util.component.AbstractLifeCycle - starting HandlerCollection@3bfe8ca3{STOPPED}
13:18:00.356 [Test worker] DEBUG org.eclipse.jetty.server.handler.AbstractHandler - starting HandlerCollection@3bfe8ca3{STARTING}
13:18:00.356 [Test worker] DEBUG org.eclipse.jetty.util.component.AbstractLifeCycle - starting o.e.j.s.ServletContextHandler@4bef83b{/__admin,null,UNAVAILABLE}
13:18:00.360 [Test worker] DEBUG org.eclipse.jetty.server.handler.AbstractHandler - starting o.e.j.s.ServletContextHandler@4bef83b{/__admin,null,STARTING}
13:18:00.360 [Test worker] DEBUG org.eclipse.jetty.util.component.AbstractLifeCycle - starting ServletHandler@4e968e6a{STOPPED}
13:18:00.366 [Test worker] DEBUG org.eclipse.jetty.servlet.ServletHandler - Path=/recorder/*[EMBEDDED:null] mapped to servlet=org.eclipse.jetty.servlet.DefaultServlet-b85589b[EMBEDDED:null]
13:18:00.372 [Test worker] DEBUG org.eclipse.jetty.http.pathmap.PathMappings - Added MappedResource[pathSpec=ServletPathSpec["/recorder/*",pathDepth=2,group=PREFIX_GLOB],resource=org.eclipse.jetty.servlet.DefaultServlet-b85589b@5d4b18c==org.eclipse.jetty.servlet.DefaultServlet,jsp=null,order=-1,inst=false,async=true] to PathMappings[size=1]
13:18:00.372 [Test worker] DEBUG org.eclipse.jetty.servlet.ServletHandler - Path=/swagger-ui/*[EMBEDDED:null] mapped to servlet=org.eclipse.jetty.servlet.DefaultServlet-58247b16[EMBEDDED:null]
13:18:00.373 [Test worker] DEBUG org.eclipse.jetty.http.pathmap.PathMappings - Added MappedResource[pathSpec=ServletPathSpec["/swagger-ui/*",pathDepth=2,group=PREFIX_GLOB],resource=org.eclipse.jetty.servlet.DefaultServlet-58247b16@6d001b34==org.eclipse.jetty.servlet.DefaultServlet,jsp=null,order=-1,inst=false,async=true] to PathMappings[size=2]
13:18:00.373 [Test worker] DEBUG org.eclipse.jetty.servlet.ServletHandler - Path=/[EMBEDDED:null] mapped to servlet=com.github.tomakehurst.wiremock.servlet.WireMockHandlerDispatchingServlet-5caa16bf[EMBEDDED:null]
13:18:00.373 [Test worker] DEBUG org.eclipse.jetty.http.pathmap.PathMappings - Added MappedResource[pathSpec=ServletPathSpec["/",pathDepth=-1,group=DEFAULT],resource=com.github.tomakehurst.wiremock.servlet.WireMockHandlerDispatchingServlet-5caa16bf@54365==com.github.tomakehurst.wiremock.servlet.WireMockHandlerDispatchingServlet,jsp=null,order=-1,inst=false,async=true] to PathMappings[size=3]
13:18:00.374 [Test worker] DEBUG org.eclipse.jetty.servlet.ServletHandler - filterNameMap={org.eclipse.jetty.servlets.CrossOriginFilter-66fab470=org.eclipse.jetty.servlets.CrossOriginFilter-66fab470@66fab470==org.eclipse.jetty.servlets.CrossOriginFilter,inst=false,async=true}
13:18:00.401 [Test worker] DEBUG org.eclipse.jetty.servlet.ServletHandler - pathFilters=[[/*]/[]/[REQUEST]=>org.eclipse.jetty.servlets.CrossOriginFilter-66fab470]
13:18:00.401 [Test worker] DEBUG org.eclipse.jetty.servlet.ServletHandler - servletFilterMap={}
13:18:00.402 [Test worker] DEBUG org.eclipse.jetty.servlet.ServletHandler - servletPathMap=PathMappings[size=3]
13:18:00.407 [Test worker] DEBUG org.eclipse.jetty.servlet.ServletHandler - servletNameMap={com.github.tomakehurst.wiremock.servlet.WireMockHandlerDispatchingServlet-5caa16bf=com.github.tomakehurst.wiremock.servlet.WireMockHandlerDispatchingServlet-5caa16bf@54365==com.github.tomakehurst.wiremock.servlet.WireMockHandlerDispatchingServlet,jsp=null,order=-1,inst=false,async=true, org.eclipse.jetty.servlet.DefaultServlet-58247b16=org.eclipse.jetty.servlet.DefaultServlet-58247b16@6d001b34==org.eclipse.jetty.servlet.DefaultServlet,jsp=null,order=-1,inst=false,async=true, org.eclipse.jetty.servlet.DefaultServlet-b85589b=org.eclipse.jetty.servlet.DefaultServlet-b85589b@5d4b18c==org.eclipse.jetty.servlet.DefaultServlet,jsp=null,order=-1,inst=false,async=true}
13:18:00.410 [Test worker] DEBUG org.eclipse.jetty.server.handler.AbstractHandler - starting ServletHandler@4e968e6a{STARTING}
13:18:00.411 [Test worker] DEBUG org.eclipse.jetty.util.component.AbstractLifeCycle - STARTED @31965ms ServletHandler@4e968e6a{STARTED}
13:18:00.418 [Test worker] DEBUG org.eclipse.jetty.util.component.AbstractLifeCycle - starting org.eclipse.jetty.servlets.CrossOriginFilter-66fab470@66fab470==org.eclipse.jetty.servlets.CrossOriginFilter,inst=false,async=true
13:18:00.419 [Test worker] DEBUG org.eclipse.jetty.util.component.AbstractLifeCycle - STARTED @31972ms org.eclipse.jetty.servlets.CrossOriginFilter-66fab470@66fab470==org.eclipse.jetty.servlets.CrossOriginFilter,inst=false,async=true
13:18:00.427 [Test worker] DEBUG org.eclipse.jetty.servlet.FilterHolder - Filter.init org.eclipse.jetty.servlets.CrossOriginFilter@304a38f0
13:18:00.464 [Test worker] DEBUG org.eclipse.jetty.servlets.CrossOriginFilter - Cross-origin filter configuration: allowedOrigins = *, allowedTimingOrigins = null, allowedMethods = OPTIONS,GET,POST,PUT,PATCH,DELETE, allowedHeaders = *, preflightMaxAge = 1800, allowCredentials = true,exposedHeaders = ,chainPreflight = false
13:18:00.464 [Test worker] DEBUG org.eclipse.jetty.util.component.AbstractLifeCycle - starting com.github.tomakehurst.wiremock.servlet.WireMockHandlerDispatchingServlet-5caa16bf@54365==com.github.tomakehurst.wiremock.servlet.WireMockHandlerDispatchingServlet,jsp=null,order=-1,inst=false,async=true
13:18:00.468 [Test worker] DEBUG org.eclipse.jetty.util.component.AbstractLifeCycle - STARTED @32022ms com.github.tomakehurst.wiremock.servlet.WireMockHandlerDispatchingServlet-5caa16bf@54365==com.github.tomakehurst.wiremock.servlet.WireMockHandlerDispatchingServlet,jsp=null,order=-1,inst=false,async=true
13:18:00.469 [Test worker] DEBUG org.eclipse.jetty.util.component.AbstractLifeCycle - starting org.eclipse.jetty.servlet.DefaultServlet-58247b16@6d001b34==org.eclipse.jetty.servlet.DefaultServlet,jsp=null,order=-1,inst=false,async=true
13:18:00.469 [Test worker] DEBUG org.eclipse.jetty.util.component.AbstractLifeCycle - STARTED @32023ms org.eclipse.jetty.servlet.DefaultServlet-58247b16@6d001b34==org.eclipse.jetty.servlet.DefaultServlet,jsp=null,order=-1,inst=false,async=true
13:18:00.469 [Test worker] DEBUG org.eclipse.jetty.util.component.AbstractLifeCycle - starting org.eclipse.jetty.servlet.DefaultServlet-b85589b@5d4b18c==org.eclipse.jetty.servlet.DefaultServlet,jsp=null,order=-1,inst=false,async=true
13:18:00.470 [Test worker] DEBUG org.eclipse.jetty.util.component.AbstractLifeCycle - STARTED @32023ms org.eclipse.jetty.servlet.DefaultServlet-b85589b@5d4b18c==org.eclipse.jetty.servlet.DefaultServlet,jsp=null,order=-1,inst=false,async=true
13:18:00.471 [Test worker] INFO org.eclipse.jetty.server.handler.ContextHandler - Started o.e.j.s.ServletContextHandler@4bef83b{/__admin,null,AVAILABLE}
13:18:00.473 [Test worker] DEBUG org.eclipse.jetty.util.component.AbstractLifeCycle - STARTED @32027ms o.e.j.s.ServletContextHandler@4bef83b{/__admin,null,AVAILABLE}
13:18:00.477 [Test worker] DEBUG org.eclipse.jetty.util.component.AbstractLifeCycle - starting GzipHandler@42831d1d{STOPPED,min=32,inflate=-1}
13:18:00.486 [Test worker] DEBUG org.eclipse.jetty.server.handler.AbstractHandler - starting GzipHandler@42831d1d{STARTING,min=32,inflate=-1}
13:18:00.486 [Test worker] DEBUG org.eclipse.jetty.util.component.AbstractLifeCycle - starting o.e.j.s.ServletContextHandler@62d767f{/,null,UNAVAILABLE}
13:18:00.492 [Test worker] DEBUG org.eclipse.jetty.server.handler.AbstractHandler - starting o.e.j.s.ServletContextHandler@62d767f{/,null,STARTING}
13:18:00.494 [Test worker] DEBUG org.eclipse.jetty.util.component.AbstractLifeCycle - starting ServletHandler@574cac87{STOPPED}
13:18:00.494 [Test worker] DEBUG org.eclipse.jetty.servlet.ServletHandler - Path=/__files/*[EMBEDDED:null] mapped to servlet=org.eclipse.jetty.servlet.DefaultServlet-35d8900b[EMBEDDED:null]
13:18:00.494 [Test worker] DEBUG org.eclipse.jetty.http.pathmap.PathMappings - Added MappedResource[pathSpec=ServletPathSpec["/__files/*",pathDepth=2,group=PREFIX_GLOB],resource=org.eclipse.jetty.servlet.DefaultServlet-35d8900b@5415e9de==org.eclipse.jetty.servlet.DefaultServlet,jsp=null,order=-1,inst=false,async=true] to PathMappings[size=1]
13:18:00.494 [Test worker] DEBUG org.eclipse.jetty.servlet.ServletHandler - Path=/[EMBEDDED:null] mapped to servlet=com.github.tomakehurst.wiremock.servlet.WireMockHandlerDispatchingServlet-11017c34[EMBEDDED:null]
13:18:00.495 [Test worker] DEBUG org.eclipse.jetty.http.pathmap.PathMappings - Added MappedResource[pathSpec=ServletPathSpec["/",pathDepth=-1,group=DEFAULT],resource=com.github.tomakehurst.wiremock.servlet.WireMockHandlerDispatchingServlet-11017c34@b54a7bdc==com.github.tomakehurst.wiremock.servlet.WireMockHandlerDispatchingServlet,jsp=null,order=-1,inst=false,async=true] to PathMappings[size=2]
13:18:00.495 [Test worker] DEBUG org.eclipse.jetty.servlet.ServletHandler - filterNameMap={org.eclipse.jetty.servlets.CrossOriginFilter-14940e3c=org.eclipse.jetty.servlets.CrossOriginFilter-14940e3c@14940e3c==org.eclipse.jetty.servlets.CrossOriginFilter,inst=false,async=true, com.github.tomakehurst.wiremock.servlet.ContentTypeSettingFilter-5b8e1134=com.github.tomakehurst.wiremock.servlet.ContentTypeSettingFilter-5b8e1134@5b8e1134==com.github.tomakehurst.wiremock.servlet.ContentTypeSettingFilter,inst=false,async=true, com.github.tomakehurst.wiremock.servlet.TrailingSlashFilter-18db2e65=com.github.tomakehurst.wiremock.servlet.TrailingSlashFilter-18db2e65@18db2e65==com.github.tomakehurst.wiremock.servlet.TrailingSlashFilter,inst=false,async=true}
13:18:00.495 [Test worker] DEBUG org.eclipse.jetty.servlet.ServletHandler - pathFilters=[[/__files/*]/[]/[FORWARD]=>com.github.tomakehurst.wiremock.servlet.ContentTypeSettingFilter-5b8e1134, [/__files/*]/[]/[FORWARD, ERROR, INCLUDE, REQUEST, ASYNC]=>com.github.tomakehurst.wiremock.servlet.TrailingSlashFilter-18db2e65, [/*]/[]/[REQUEST]=>org.eclipse.jetty.servlets.CrossOriginFilter-14940e3c]
13:18:00.495 [Test worker] DEBUG org.eclipse.jetty.servlet.ServletHandler - servletFilterMap={}
13:18:00.495 [Test worker] DEBUG org.eclipse.jetty.servlet.ServletHandler - servletPathMap=PathMappings[size=2]
13:18:00.496 [Test worker] DEBUG org.eclipse.jetty.servlet.ServletHandler - servletNameMap={com.github.tomakehurst.wiremock.servlet.WireMockHandlerDispatchingServlet-11017c34=com.github.tomakehurst.wiremock.servlet.WireMockHandlerDispatchingServlet-11017c34@b54a7bdc==com.github.tomakehurst.wiremock.servlet.WireMockHandlerDispatchingServlet,jsp=null,order=-1,inst=false,async=true, org.eclipse.jetty.servlet.DefaultServlet-35d8900b=org.eclipse.jetty.servlet.DefaultServlet-35d8900b@5415e9de==org.eclipse.jetty.servlet.DefaultServlet,jsp=null,order=-1,inst=false,async=true}
13:18:00.496 [Test worker] DEBUG org.eclipse.jetty.server.handler.AbstractHandler - starting ServletHandler@574cac87{STARTING}
13:18:00.496 [Test worker] DEBUG org.eclipse.jetty.util.component.AbstractLifeCycle - STARTED @32051ms ServletHandler@574cac87{STARTED}
13:18:00.497 [Test worker] DEBUG org.eclipse.jetty.util.component.AbstractLifeCycle - starting NotFoundHandler@523928ab{STOPPED}
13:18:00.497 [Test worker] DEBUG org.eclipse.jetty.server.handler.AbstractHandler - starting NotFoundHandler@523928ab{STARTING}
13:18:00.497 [Test worker] DEBUG org.eclipse.jetty.util.component.AbstractLifeCycle - STARTED @32052ms NotFoundHandler@523928ab{STARTED}
13:18:00.498 [Test worker] DEBUG org.eclipse.jetty.util.component.AbstractLifeCycle - starting com.github.tomakehurst.wiremock.servlet.ContentTypeSettingFilter-5b8e1134@5b8e1134==com.github.tomakehurst.wiremock.servlet.ContentTypeSettingFilter,inst=false,async=true
13:18:00.498 [Test worker] DEBUG org.eclipse.jetty.util.component.AbstractLifeCycle - STARTED @32053ms com.github.tomakehurst.wiremock.servlet.ContentTypeSettingFilter-5b8e1134@5b8e1134==com.github.tomakehurst.wiremock.servlet.ContentTypeSettingFilter,inst=false,async=true
13:18:00.498 [Test worker] DEBUG org.eclipse.jetty.servlet.FilterHolder - Filter.init com.github.tomakehurst.wiremock.servlet.ContentTypeSettingFilter@12640dc
13:18:00.500 [Test worker] DEBUG org.eclipse.jetty.util.component.AbstractLifeCycle - starting com.github.tomakehurst.wiremock.servlet.TrailingSlashFilter-18db2e65@18db2e65==com.github.tomakehurst.wiremock.servlet.TrailingSlashFilter,inst=false,async=true
13:18:00.500 [Test worker] DEBUG org.eclipse.jetty.util.component.AbstractLifeCycle - STARTED @32054ms com.github.tomakehurst.wiremock.servlet.TrailingSlashFilter-18db2e65@18db2e65==com.github.tomakehurst.wiremock.servlet.TrailingSlashFilter,inst=false,async=true
13:18:00.501 [Test worker] DEBUG org.eclipse.jetty.servlet.FilterHolder - Filter.init com.github.tomakehurst.wiremock.servlet.TrailingSlashFilter@3977d55a
13:18:00.501 [Test worker] DEBUG org.eclipse.jetty.util.component.AbstractLifeCycle - starting org.eclipse.jetty.servlets.CrossOriginFilter-14940e3c@14940e3c==org.eclipse.jetty.servlets.CrossOriginFilter,inst=false,async=true
13:18:00.502 [Test worker] DEBUG org.eclipse.jetty.util.component.AbstractLifeCycle - STARTED @32055ms org.eclipse.jetty.servlets.CrossOriginFilter-14940e3c@14940e3c==org.eclipse.jetty.servlets.CrossOriginFilter,inst=false,async=true
13:18:00.502 [Test worker] DEBUG org.eclipse.jetty.servlet.FilterHolder - Filter.init org.eclipse.jetty.servlets.CrossOriginFilter@3f13462b
13:18:00.507 [Test worker] DEBUG org.eclipse.jetty.servlets.CrossOriginFilter - Cross-origin filter configuration: allowedOrigins = *, allowedTimingOrigins = null, allowedMethods = OPTIONS,GET,POST,PUT,PATCH,DELETE, allowedHeaders = *, preflightMaxAge = 1800, allowCredentials = true,exposedHeaders = ,chainPreflight = false
13:18:00.508 [Test worker] DEBUG org.eclipse.jetty.util.component.AbstractLifeCycle - starting com.github.tomakehurst.wiremock.servlet.WireMockHandlerDispatchingServlet-11017c34@b54a7bdc==com.github.tomakehurst.wiremock.servlet.WireMockHandlerDispatchingServlet,jsp=null,order=-1,inst=false,async=true
13:18:00.510 [Test worker] DEBUG org.eclipse.jetty.util.component.AbstractLifeCycle - STARTED @32064ms com.github.tomakehurst.wiremock.servlet.WireMockHandlerDispatchingServlet-11017c34@b54a7bdc==com.github.tomakehurst.wiremock.servlet.WireMockHandlerDispatchingServlet,jsp=null,order=-1,inst=false,async=true
13:18:00.510 [Test worker] DEBUG org.eclipse.jetty.util.component.AbstractLifeCycle - starting org.eclipse.jetty.servlet.DefaultServlet-35d8900b@5415e9de==org.eclipse.jetty.servlet.DefaultServlet,jsp=null,order=-1,inst=false,async=true
13:18:00.512 [Test worker] DEBUG org.eclipse.jetty.util.component.AbstractLifeCycle - STARTED @32067ms org.eclipse.jetty.servlet.DefaultServlet-35d8900b@5415e9de==org.eclipse.jetty.servlet.DefaultServlet,jsp=null,order=-1,inst=false,async=true
13:18:00.512 [Test worker] INFO org.eclipse.jetty.server.handler.ContextHandler - Started o.e.j.s.ServletContextHandler@62d767f{/,null,AVAILABLE}
13:18:00.514 [Test worker] DEBUG org.eclipse.jetty.util.component.AbstractLifeCycle - STARTED @32069ms o.e.j.s.ServletContextHandler@62d767f{/,null,AVAILABLE}
13:18:00.514 [Test worker] DEBUG org.eclipse.jetty.util.component.AbstractLifeCycle - STARTED @32069ms GzipHandler@42831d1d{STARTED,min=32,inflate=-1}
13:18:00.514 [Test worker] DEBUG org.eclipse.jetty.util.component.AbstractLifeCycle - STARTED @32069ms HandlerCollection@3bfe8ca3{STARTED}
13:18:00.515 [Test worker] DEBUG org.eclipse.jetty.util.component.AbstractLifeCycle - starting ErrorHandler@456cfdb7{STOPPED}
13:18:00.515 [Test worker] DEBUG org.eclipse.jetty.server.handler.AbstractHandler - starting ErrorHandler@456cfdb7{STARTING}
13:18:00.515 [Test worker] DEBUG org.eclipse.jetty.util.component.AbstractLifeCycle - STARTED @32070ms ErrorHandler@456cfdb7{STARTED}
13:18:00.515 [Test worker] DEBUG org.eclipse.jetty.util.component.AbstractLifeCycle - starting NetworkTrafficServerConnector@6a7c003b{HTTP/1.1, (http/1.1)}{0.0.0.0:8080}
13:18:00.518 [Test worker] DEBUG org.eclipse.jetty.util.component.ContainerLifeCycle - NetworkTrafficServerConnector@6a7c003b{HTTP/1.1, (http/1.1)}{0.0.0.0:8080} added {sun.nio.ch.ServerSocketChannelImpl[/0:0:0:0:0:0:0:0:8080],POJO}
13:18:00.525 [Test worker] DEBUG org.eclipse.jetty.util.component.AbstractLifeCycle - starting ScheduledExecutorScheduler@74ee0887{STOPPED}
13:18:00.714 [qtp824248140-25] DEBUG org.eclipse.jetty.util.thread.QueuedThreadPool - Runner started for QueuedThreadPool[qtp824248140]@3121074c{STARTED,8<=8<=14,i=8,r=1,q=0}[ReservedThreadExecutor@238f6469{s=0/1,p=0}]
13:18:00.732 [qtp824248140-23] DEBUG org.eclipse.jetty.util.thread.QueuedThreadPool - Runner started for QueuedThreadPool[qtp824248140]@3121074c{STARTED,8<=8<=14,i=8,r=1,q=0}[ReservedThreadExecutor@238f6469{s=0/1,p=0}]
13:18:00.730 [qtp824248140-22] DEBUG org.eclipse.jetty.util.thread.QueuedThreadPool - Runner started for QueuedThreadPool[qtp824248140]@3121074c{STARTED,8<=8<=14,i=8,r=1,q=0}[ReservedThreadExecutor@238f6469{s=0/1,p=0}]
13:18:00.734 [qtp824248140-19] DEBUG org.eclipse.jetty.util.thread.QueuedThreadPool - Runner started for QueuedThreadPool[qtp824248140]@3121074c{STARTED,8<=8<=14,i=8,r=1,q=0}[ReservedThreadExecutor@238f6469{s=0/1,p=0}]
13:18:00.533 [qtp824248140-18] DEBUG org.eclipse.jetty.util.thread.QueuedThreadPool - Runner started for QueuedThreadPool[qtp824248140]@3121074c{STARTED,8<=8<=14,i=8,r=1,q=0}[ReservedThreadExecutor@238f6469{s=0/1,p=0}]
13:18:00.735 [qtp824248140-24] DEBUG org.eclipse.jetty.util.thread.QueuedThreadPool - Runner started for QueuedThreadPool[qtp824248140]@3121074c{STARTED,8<=8<=14,i=8,r=1,q=0}[ReservedThreadExecutor@238f6469{s=0/1,p=0}]
13:18:00.738 [qtp824248140-20] DEBUG org.eclipse.jetty.util.thread.QueuedThreadPool - Runner started for QueuedThreadPool[qtp824248140]@3121074c{STARTED,8<=8<=14,i=8,r=1,q=0}[ReservedThreadExecutor@238f6469{s=0/1,p=0}]
13:18:00.739 [qtp824248140-21] DEBUG org.eclipse.jetty.util.thread.QueuedThreadPool - Runner started for QueuedThreadPool[qtp824248140]@3121074c{STARTED,8<=8<=14,i=8,r=1,q=0}[ReservedThreadExecutor@238f6469{s=0/1,p=0}]
13:18:00.741 [Test worker] DEBUG org.eclipse.jetty.util.component.AbstractLifeCycle - STARTED @32296ms ScheduledExecutorScheduler@74ee0887{STARTED}
13:18:00.742 [Test worker] DEBUG org.eclipse.jetty.util.component.AbstractLifeCycle - starting HttpConnectionFactory@454ca7aa[HTTP/1.1]
13:18:00.742 [Test worker] DEBUG org.eclipse.jetty.util.component.AbstractLifeCycle - STARTED @32297ms HttpConnectionFactory@454ca7aa[HTTP/1.1]
13:18:00.742 [Test worker] DEBUG org.eclipse.jetty.util.component.AbstractLifeCycle - starting SelectorManager@NetworkTrafficServerConnector@6a7c003b{HTTP/1.1, (http/1.1)}{0.0.0.0:8080}
13:18:00.928 [Test worker] DEBUG org.eclipse.jetty.util.component.ContainerLifeCycle - EatWhatYouKill@6fa9da72/SelectorProducer@53886ac6/IDLE/p=false/QueuedThreadPool[qtp824248140]@3121074c{STARTED,8<=8<=14,i=8,r=1,q=0}[ReservedThreadExecutor@238f6469{s=0/1,p=0}][pc=0,pic=0,pec=0,epc=0]@2020-09-25T13:18:00.8119304+02:00 added {SelectorProducer@53886ac6,POJO}
13:18:00.929 [Test worker] DEBUG org.eclipse.jetty.util.component.ContainerLifeCycle - EatWhatYouKill@6fa9da72/SelectorProducer@53886ac6/IDLE/p=false/QueuedThreadPool[qtp824248140]@3121074c{STARTED,8<=8<=14,i=8,r=1,q=0}[ReservedThreadExecutor@238f6469{s=0/1,p=0}][pc=0,pic=0,pec=0,epc=0]@2020-09-25T13:18:00.9289104+02:00 added {QueuedThreadPool[qtp824248140]@3121074c{STARTED,8<=8<=14,i=8,r=1,q=0}[ReservedThreadExecutor@238f6469{s=0/1,p=0}],UNMANAGED}
13:18:00.932 [Test worker] DEBUG org.eclipse.jetty.util.thread.strategy.EatWhatYouKill - EatWhatYouKill@6fa9da72/SelectorProducer@53886ac6/IDLE/p=false/QueuedThreadPool[qtp824248140]@3121074c{STARTED,8<=8<=14,i=8,r=1,q=0}[ReservedThreadExecutor@238f6469{s=0/1,p=0}][pc=0,pic=0,pec=0,epc=0]@2020-09-25T13:18:00.932905+02:00 created
13:18:00.934 [Test worker] DEBUG org.eclipse.jetty.util.component.ContainerLifeCycle - ManagedSelector@19f48377{STOPPED} id=0 keys=-1 selected=-1 updates=0 added {EatWhatYouKill@6fa9da72/SelectorProducer@53886ac6/IDLE/p=false/QueuedThreadPool[qtp824248140]@3121074c{STARTED,8<=8<=14,i=8,r=1,q=0}[ReservedThreadExecutor@238f6469{s=0/1,p=0}][pc=0,pic=0,pec=0,epc=0]@2020-09-25T13:18:00.9349057+02:00,MANAGED}
13:18:00.935 [Test worker] DEBUG org.eclipse.jetty.util.component.ContainerLifeCycle - SelectorManager@NetworkTrafficServerConnector@6a7c003b{HTTP/1.1, (http/1.1)}{0.0.0.0:8080} added {ManagedSelector@19f48377{STOPPED} id=0 keys=-1 selected=-1 updates=0,AUTO}
13:18:00.937 [Test worker] DEBUG org.eclipse.jetty.util.component.ContainerLifeCycle - EatWhatYouKill@36d30a44/SelectorProducer@a77e489/IDLE/p=false/QueuedThreadPool[qtp824248140]@3121074c{STARTED,8<=8<=14,i=8,r=1,q=0}[ReservedThreadExecutor@238f6469{s=0/1,p=0}][pc=0,pic=0,pec=0,epc=0]@2020-09-25T13:18:00.9369132+02:00 added {SelectorProducer@a77e489,POJO}
13:18:00.939 [Test worker] DEBUG org.eclipse.jetty.util.component.ContainerLifeCycle - EatWhatYouKill@36d30a44/SelectorProducer@a77e489/IDLE/p=false/QueuedThreadPool[qtp824248140]@3121074c{STARTED,8<=8<=14,i=8,r=1,q=0}[ReservedThreadExecutor@238f6469{s=0/1,p=0}][pc=0,pic=0,pec=0,epc=0]@2020-09-25T13:18:00.9399163+02:00 added {QueuedThreadPool[qtp824248140]@3121074c{STARTED,8<=8<=14,i=8,r=1,q=0}[ReservedThreadExecutor@238f6469{s=0/1,p=0}],UNMANAGED}
13:18:00.939 [Test worker] DEBUG org.eclipse.jetty.util.thread.strategy.EatWhatYouKill - EatWhatYouKill@36d30a44/SelectorProducer@a77e489/IDLE/p=false/QueuedThreadPool[qtp824248140]@3121074c{STARTED,8<=8<=14,i=8,r=1,q=0}[ReservedThreadExecutor@238f6469{s=0/1,p=0}][pc=0,pic=0,pec=0,epc=0]@2020-09-25T13:18:00.9399163+02:00 created
13:18:00.940 [Test worker] DEBUG org.eclipse.jetty.util.component.ContainerLifeCycle - ManagedSelector@61fc9209{STOPPED} id=1 keys=-1 selected=-1 updates=0 added {EatWhatYouKill@36d30a44/SelectorProducer@a77e489/IDLE/p=false/QueuedThreadPool[qtp824248140]@3121074c{STARTED,8<=8<=14,i=8,r=1,q=0}[ReservedThreadExecutor@238f6469{s=0/1,p=0}][pc=0,pic=0,pec=0,epc=0]@2020-09-25T13:18:00.9409095+02:00,MANAGED}
13:18:00.940 [Test worker] DEBUG org.eclipse.jetty.util.component.ContainerLifeCycle - SelectorManager@NetworkTrafficServerConnector@6a7c003b{HTTP/1.1, (http/1.1)}{0.0.0.0:8080} added {ManagedSelector@61fc9209{STOPPED} id=1 keys=-1 selected=-1 updates=0,AUTO}
13:18:00.947 [Test worker] DEBUG org.eclipse.jetty.util.component.AbstractLifeCycle - starting ManagedSelector@19f48377{STOPPED} id=0 keys=-1 selected=-1 updates=0
13:18:00.947 [Test worker] DEBUG org.eclipse.jetty.util.component.AbstractLifeCycle - starting EatWhatYouKill@6fa9da72/SelectorProducer@53886ac6/IDLE/p=false/QueuedThreadPool[qtp824248140]@3121074c{STARTED,8<=8<=14,i=8,r=1,q=0}[ReservedThreadExecutor@238f6469{s=0/1,p=0}][pc=0,pic=0,pec=0,epc=0]@2020-09-25T13:18:00.947903+02:00
13:18:00.948 [Test worker] DEBUG org.eclipse.jetty.util.component.AbstractLifeCycle - STARTED @32503ms EatWhatYouKill@6fa9da72/SelectorProducer@53886ac6/IDLE/p=false/QueuedThreadPool[qtp824248140]@3121074c{STARTED,8<=8<=14,i=8,r=1,q=0}[ReservedThreadExecutor@238f6469{s=0/1,p=0}][pc=0,pic=0,pec=0,epc=0]@2020-09-25T13:18:00.9489134+02:00
13:18:00.952 [Test worker] DEBUG org.eclipse.jetty.util.thread.QueuedThreadPool - queue org.eclipse.jetty.io.ManagedSelector$$Lambda$425/0x00000001005fc040@7201fa81 startThread=0
13:18:00.953 [Test worker] DEBUG org.eclipse.jetty.io.ManagedSelector - Queued change org.eclipse.jetty.io.ManagedSelector$Start@6c5d4a6a on ManagedSelector@19f48377{STARTING} id=0 keys=0 selected=0 updates=0
13:18:00.953 [qtp824248140-25] DEBUG org.eclipse.jetty.util.thread.QueuedThreadPool - run org.eclipse.jetty.io.ManagedSelector$$Lambda$425/0x00000001005fc040@7201fa81 in QueuedThreadPool[qtp824248140]@3121074c{STARTED,8<=8<=14,i=7,r=1,q=0}[ReservedThreadExecutor@238f6469{s=0/1,p=0}]
13:18:00.957 [qtp824248140-25] DEBUG org.eclipse.jetty.util.thread.strategy.EatWhatYouKill - EatWhatYouKill@6fa9da72/SelectorProducer@53886ac6/IDLE/p=false/QueuedThreadPool[qtp824248140]@3121074c{STARTED,8<=8<=14,i=7,r=1,q=0}[ReservedThreadExecutor@238f6469{s=0/1,p=0}][pc=0,pic=0,pec=0,epc=0]@2020-09-25T13:18:00.9579108+02:00 tryProduce false
13:18:00.968 [qtp824248140-25] DEBUG org.eclipse.jetty.io.ManagedSelector - updateable 1
13:18:00.969 [qtp824248140-25] DEBUG org.eclipse.jetty.io.ManagedSelector - update org.eclipse.jetty.io.ManagedSelector$Start@6c5d4a6a
13:18:00.969 [qtp824248140-25] DEBUG org.eclipse.jetty.io.ManagedSelector - updates 0
13:18:00.969 [qtp824248140-25] DEBUG org.eclipse.jetty.io.ManagedSelector - Selector sun.nio.ch.WindowsSelectorImpl@6fac80d8 waiting with 0 keys
13:18:00.972 [Test worker] DEBUG org.eclipse.jetty.util.component.AbstractLifeCycle - STARTED @32526ms ManagedSelector@19f48377{STARTED} id=0 keys=0 selected=0 updates=0
13:18:00.972 [Test worker] DEBUG org.eclipse.jetty.util.component.AbstractLifeCycle - starting ManagedSelector@61fc9209{STOPPED} id=1 keys=-1 selected=-1 updates=0
13:18:00.973 [Test worker] DEBUG org.eclipse.jetty.util.component.AbstractLifeCycle - starting EatWhatYouKill@36d30a44/SelectorProducer@a77e489/IDLE/p=false/QueuedThreadPool[qtp824248140]@3121074c{STARTED,8<=8<=14,i=7,r=1,q=0}[ReservedThreadExecutor@238f6469{s=0/1,p=0}][pc=0,pic=0,pec=0,epc=0]@2020-09-25T13:18:00.9739019+02:00
13:18:00.973 [Test worker] DEBUG org.eclipse.jetty.util.component.AbstractLifeCycle - STARTED @32528ms EatWhatYouKill@36d30a44/SelectorProducer@a77e489/IDLE/p=false/QueuedThreadPool[qtp824248140]@3121074c{STARTED,8<=8<=14,i=7,r=1,q=0}[ReservedThreadExecutor@238f6469{s=0/1,p=0}][pc=0,pic=0,pec=0,epc=0]@2020-09-25T13:18:00.9739019+02:00
13:18:00.981 [Test worker] DEBUG org.eclipse.jetty.util.thread.QueuedThreadPool - queue org.eclipse.jetty.io.ManagedSelector$$Lambda$425/0x00000001005fc040@11f56092 startThread=0
13:18:00.981 [Test worker] DEBUG org.eclipse.jetty.io.ManagedSelector - Queued change org.eclipse.jetty.io.ManagedSelector$Start@6eb27163 on ManagedSelector@61fc9209{STARTING} id=1 keys=0 selected=0 updates=0
13:18:00.981 [qtp824248140-23] DEBUG org.eclipse.jetty.util.thread.QueuedThreadPool - run org.eclipse.jetty.io.ManagedSelector$$Lambda$425/0x00000001005fc040@11f56092 in QueuedThreadPool[qtp824248140]@3121074c{STARTED,8<=8<=14,i=6,r=1,q=0}[ReservedThreadExecutor@238f6469{s=0/1,p=0}]
13:18:00.982 [qtp824248140-23] DEBUG org.eclipse.jetty.util.thread.strategy.EatWhatYouKill - EatWhatYouKill@36d30a44/SelectorProducer@a77e489/IDLE/p=false/QueuedThreadPool[qtp824248140]@3121074c{STARTED,8<=8<=14,i=6,r=1,q=0}[ReservedThreadExecutor@238f6469{s=0/1,p=0}][pc=0,pic=0,pec=0,epc=0]@2020-09-25T13:18:00.9829012+02:00 tryProduce false
13:18:00.982 [qtp824248140-23] DEBUG org.eclipse.jetty.io.ManagedSelector - updateable 1
13:18:00.982 [qtp824248140-23] DEBUG org.eclipse.jetty.io.ManagedSelector - update org.eclipse.jetty.io.ManagedSelector$Start@6eb27163
13:18:00.982 [qtp824248140-23] DEBUG org.eclipse.jetty.io.ManagedSelector - updates 0
13:18:00.982 [qtp824248140-23] DEBUG org.eclipse.jetty.io.ManagedSelector - Selector sun.nio.ch.WindowsSelectorImpl@79f2d02e waiting with 0 keys
13:18:00.985 [Test worker] DEBUG org.eclipse.jetty.util.component.AbstractLifeCycle - STARTED @32540ms ManagedSelector@61fc9209{STARTED} id=1 keys=0 selected=0 updates=0
13:18:00.986 [Test worker] DEBUG org.eclipse.jetty.util.component.AbstractLifeCycle - STARTED @32541ms SelectorManager@NetworkTrafficServerConnector@6a7c003b{HTTP/1.1, (http/1.1)}{0.0.0.0:8080}
13:18:00.994 [Test worker] DEBUG org.eclipse.jetty.util.component.ContainerLifeCycle - NetworkTrafficServerConnector@6a7c003b{HTTP/1.1, (http/1.1)}{0.0.0.0:8080} added {acceptor-0@7b71cf78,POJO}
13:18:00.995 [Test worker] DEBUG org.eclipse.jetty.util.thread.QueuedThreadPool - queue acceptor-0@7b71cf78 startThread=0
13:18:00.998 [Test worker] DEBUG org.eclipse.jetty.util.component.ContainerLifeCycle - NetworkTrafficServerConnector@6a7c003b{HTTP/1.1, (http/1.1)}{0.0.0.0:8080} added {acceptor-1@144fa239,POJO}
13:18:00.999 [Test worker] DEBUG org.eclipse.jetty.util.thread.QueuedThreadPool - queue acceptor-1@144fa239 startThread=0
13:18:00.999 [Test worker] DEBUG org.eclipse.jetty.util.component.ContainerLifeCycle - NetworkTrafficServerConnector@6a7c003b{HTTP/1.1, (http/1.1)}{0.0.0.0:8080} added {acceptor-2@5168195d,POJO}
13:18:01.000 [Test worker] DEBUG org.eclipse.jetty.util.thread.QueuedThreadPool - queue acceptor-2@5168195d startThread=0
13:18:01.000 [Test worker] INFO org.eclipse.jetty.server.AbstractConnector - Started NetworkTrafficServerConnector@6a7c003b{HTTP/1.1, (http/1.1)}{0.0.0.0:8080}
13:18:01.000 [Test worker] DEBUG org.eclipse.jetty.util.component.AbstractLifeCycle - STARTED @32555ms NetworkTrafficServerConnector@6a7c003b{HTTP/1.1, (http/1.1)}{0.0.0.0:8080}
13:18:01.000 [Test worker] INFO org.eclipse.jetty.server.Server - Started @32555ms
13:18:01.001 [Test worker] DEBUG org.eclipse.jetty.util.component.AbstractLifeCycle - STARTED @32555ms Server@35ed1b9d{STARTED}[9.4.28.v20200408]
13:18:01.002 [qtp824248140-22] DEBUG org.eclipse.jetty.util.thread.QueuedThreadPool - run acceptor-0@7b71cf78 in QueuedThreadPool[qtp824248140]@3121074c{STARTED,8<=8<=14,i=3,r=1,q=0}[ReservedThreadExecutor@238f6469{s=0/1,p=0}]
13:18:01.011 [qtp824248140-19] DEBUG org.eclipse.jetty.util.thread.QueuedThreadPool - run acceptor-1@144fa239 in QueuedThreadPool[qtp824248140]@3121074c{STARTED,8<=8<=14,i=3,r=1,q=0}[ReservedThreadExecutor@238f6469{s=0/1,p=0}]
13:18:01.017 [qtp824248140-18] DEBUG org.eclipse.jetty.util.thread.QueuedThreadPool - run acceptor-2@5168195d in QueuedThreadPool[qtp824248140]@3121074c{STARTED,8<=8<=14,i=3,r=1,q=0}[ReservedThreadExecutor@238f6469{s=0/1,p=0}]
13:18:02.037 [Test worker] DEBUG org.apache.http.impl.conn.PoolingHttpClientConnectionManager - Connection request: [route: {}->http://localhost:8080][total available: 0; route allocated: 0 of 5; total allocated: 0 of 50]
13:18:02.120 [Test worker] DEBUG org.apache.http.impl.conn.PoolingHttpClientConnectionManager - Connection leased: [id: 0][route: {}->http://localhost:8080][total available: 0; route allocated: 1 of 5; total allocated: 1 of 50]
13:18:02.145 [Test worker] DEBUG org.apache.http.impl.execchain.MainClientExec - Opening connection {}->http://localhost:8080
13:18:02.154 [Test worker] DEBUG org.apache.http.impl.conn.DefaultHttpClientConnectionOperator - Connecting to localhost/127.0.0.1:8080
13:18:02.158 [qtp824248140-22-acceptor-0@7b71cf78-NetworkTrafficServerConnector@6a7c003b{HTTP/1.1, (http/1.1)}{0.0.0.0:8080}] DEBUG org.eclipse.jetty.io.ManagedSelector - Queued change org.eclipse.jetty.io.ManagedSelector$Accept@75473384 on ManagedSelector@61fc9209{STARTED} id=1 keys=0 selected=0 updates=0
13:18:02.160 [qtp824248140-22-acceptor-0@7b71cf78-NetworkTrafficServerConnector@6a7c003b{HTTP/1.1, (http/1.1)}{0.0.0.0:8080}] DEBUG org.eclipse.jetty.io.ManagedSelector - Wakeup on submit ManagedSelector@61fc9209{STARTED} id=1 keys=0 selected=0 updates=1
13:18:02.160 [Test worker] DEBUG org.apache.http.impl.conn.DefaultHttpClientConnectionOperator - Connection established 127.0.0.1:64952<->127.0.0.1:8080
13:18:02.162 [Test worker] DEBUG org.apache.http.impl.execchain.MainClientExec - Executing request POST /__admin/mappings HTTP/1.1
13:18:02.162 [Test worker] DEBUG org.apache.http.impl.execchain.MainClientExec - Target auth state: UNCHALLENGED
13:18:02.163 [qtp824248140-23] DEBUG org.eclipse.jetty.io.ManagedSelector - Selector sun.nio.ch.WindowsSelectorImpl@79f2d02e woken with none selected
13:18:02.164 [qtp824248140-23] DEBUG org.eclipse.jetty.io.ManagedSelector - Selector sun.nio.ch.WindowsSelectorImpl@79f2d02e woken up from select, 0/0/0 selected
13:18:02.164 [qtp824248140-23] DEBUG org.eclipse.jetty.io.ManagedSelector - Selector sun.nio.ch.WindowsSelectorImpl@79f2d02e processing 0 keys, 1 updates
13:18:02.164 [qtp824248140-23] DEBUG org.eclipse.jetty.io.ManagedSelector - updateable 1
13:18:02.164 [qtp824248140-23] DEBUG org.eclipse.jetty.io.ManagedSelector - update org.eclipse.jetty.io.ManagedSelector$Accept@75473384
13:18:02.164 [qtp824248140-23] DEBUG org.eclipse.jetty.util.thread.QueuedThreadPool - queue org.eclipse.jetty.io.ManagedSelector$Accept@75473384 startThread=0
13:18:02.165 [qtp824248140-23] DEBUG org.eclipse.jetty.io.ManagedSelector - updates 0
13:18:02.165 [qtp824248140-23] DEBUG org.eclipse.jetty.io.ManagedSelector - Selector sun.nio.ch.WindowsSelectorImpl@79f2d02e waiting with 1 keys
13:18:02.166 [qtp824248140-24] DEBUG org.eclipse.jetty.util.thread.QueuedThreadPool - run org.eclipse.jetty.io.ManagedSelector$Accept@75473384 in QueuedThreadPool[qtp824248140]@3121074c{STARTED,8<=8<=14,i=2,r=1,q=0}[ReservedThreadExecutor@238f6469{s=0/1,p=0}]
13:18:02.163 [Test worker] DEBUG org.apache.http.impl.execchain.MainClientExec - Proxy auth state: UNCHALLENGED
13:18:02.189 [Test worker] DEBUG org.apache.http.headers - http-outgoing-0 >> POST /__admin/mappings HTTP/1.1
13:18:02.189 [Test worker] DEBUG org.apache.http.headers - http-outgoing-0 >> Content-Length: 328
13:18:02.190 [Test worker] DEBUG org.apache.http.headers - http-outgoing-0 >> Content-Type: text/plain; charset=UTF-8
13:18:02.190 [Test worker] DEBUG org.apache.http.headers - http-outgoing-0 >> Host: localhost:8080
13:18:02.191 [Test worker] DEBUG org.apache.http.headers - http-outgoing-0 >> Connection: Keep-Alive
13:18:02.191 [Test worker] DEBUG org.apache.http.headers - http-outgoing-0 >> User-Agent: Apache-HttpClient/4.5.12 (Java/11.0.2)
13:18:02.192 [Test worker] DEBUG org.apache.http.wire - http-outgoing-0 >> "POST /__admin/mappings HTTP/1.1[\r][\n]"
13:18:02.192 [Test worker] DEBUG org.apache.http.wire - http-outgoing-0 >> "Content-Length: 328[\r][\n]"
13:18:02.192 [Test worker] DEBUG org.apache.http.wire - http-outgoing-0 >> "Content-Type: text/plain; charset=UTF-8[\r][\n]"
13:18:02.192 [Test worker] DEBUG org.apache.http.wire - http-outgoing-0 >> "Host: localhost:8080[\r][\n]"
13:18:02.192 [Test worker] DEBUG org.apache.http.wire - http-outgoing-0 >> "Connection: Keep-Alive[\r][\n]"
13:18:02.192 [Test worker] DEBUG org.apache.http.wire - http-outgoing-0 >> "User-Agent: Apache-HttpClient/4.5.12 (Java/11.0.2)[\r][\n]"
13:18:02.192 [Test worker] DEBUG org.apache.http.wire - http-outgoing-0 >> "[\r][\n]"
13:18:02.192 [Test worker] DEBUG org.apache.http.wire - http-outgoing-0 >> "{[\r][\n]"
13:18:02.192 [Test worker] DEBUG org.apache.http.wire - http-outgoing-0 >> "  "id" : "426032fd-5bba-4660-9b00-65bb621aa3c1",[\r][\n]"
13:18:02.192 [Test worker] DEBUG org.apache.http.wire - http-outgoing-0 >> "  "request" : {[\r][\n]"
13:18:02.192 [Test worker] DEBUG org.apache.http.wire - http-outgoing-0 >> "    "url" : "/api/v0/components/provision-adapters/awx",[\r][\n]"
13:18:02.192 [Test worker] DEBUG org.apache.http.wire - http-outgoing-0 >> "    "method" : "GET"[\r][\n]"
13:18:02.192 [Test worker] DEBUG org.apache.http.wire - http-outgoing-0 >> "  },[\r][\n]"
13:18:02.192 [Test worker] DEBUG org.apache.http.wire - http-outgoing-0 >> "  "response" : {[\r][\n]"
13:18:02.193 [Test worker] DEBUG org.apache.http.wire - http-outgoing-0 >> "    "status" : 401[\r][\n]"
13:18:02.193 [Test worker] DEBUG org.apache.http.wire - http-outgoing-0 >> "  },[\r][\n]"
13:18:02.193 [Test worker] DEBUG org.apache.http.wire - http-outgoing-0 >> "  "uuid" : "426032fd-5bba-4660-9b00-65bb621aa3c1",[\r][\n]"
13:18:02.193 [Test worker] DEBUG org.apache.http.wire - http-outgoing-0 >> "  "scenarioName" : "unAuthorized",[\r][\n]"
13:18:02.193 [Test worker] DEBUG org.apache.http.wire - http-outgoing-0 >> "  "requiredScenarioState" : "Started"[\r][\n]"
13:18:02.198 [Test worker] DEBUG org.apache.http.wire - http-outgoing-0 >> "}"
13:18:02.231 [qtp824248140-24] DEBUG org.eclipse.jetty.io.IdleTimeout - NetworkTrafficSocketChannelEndPoint@5c83d21{/127.0.0.1:64952<->/127.0.0.1:8080,OPEN,fill=-,flush=-,to=26/30000}{io=0/0,kio=0,kro=0}-><null> idle timeout check, elapsed: 25 ms, remaining: 29975 ms
13:18:02.544 [qtp824248140-24] DEBUG org.eclipse.jetty.server.HttpChannel - new HttpChannelOverHttp@4adcbb1c{s=HttpChannelState@131607a{s=IDLE rs=BLOCKING os=OPEN is=IDLE awp=false se=false i=true al=0},r=0,c=false/false,a=IDLE,uri=null,age=0} -> NetworkTrafficSocketChannelEndPoint@5c83d21{/127.0.0.1:64952<->/127.0.0.1:8080,OPEN,fill=-,flush=-,to=340/30000}{io=0/0,kio=0,kro=0}-><null>,null,HttpChannelState@131607a{s=IDLE rs=BLOCKING os=OPEN is=IDLE awp=false se=false i=true al=0}
13:18:02.579 [qtp824248140-24] DEBUG org.eclipse.jetty.server.HttpConnection - New HTTP Connection HttpConnection@6d895b6e::NetworkTrafficSocketChannelEndPoint@5c83d21{/127.0.0.1:64952<->/127.0.0.1:8080,OPEN,fill=-,flush=-,to=375/30000}{io=0/0,kio=0,kro=0}-><null>
13:18:02.581 [qtp824248140-24] DEBUG org.eclipse.jetty.io.AbstractEndPoint - onOpen NetworkTrafficSocketChannelEndPoint@5c83d21{/127.0.0.1:64952<->/127.0.0.1:8080,OPEN,fill=-,flush=-,to=376/30000}{io=0/0,kio=0,kro=0}->HttpConnection@6d895b6e[p=HttpParser{s=START,0 of -1},g=HttpGenerator@54c679a9{s=START}]=>HttpChannelOverHttp@4adcbb1c{s=HttpChannelState@131607a{s=IDLE rs=BLOCKING os=OPEN is=IDLE awp=false se=false i=true al=0},r=0,c=false/false,a=IDLE,uri=null,age=0}
13:18:02.599 [qtp824248140-24] DEBUG org.eclipse.jetty.io.AbstractConnection - onOpen HttpConnection@6d895b6e::NetworkTrafficSocketChannelEndPoint@5c83d21{/127.0.0.1:64952<->/127.0.0.1:8080,OPEN,fill=-,flush=-,to=379/30000}{io=0/0,kio=0,kro=0}->HttpConnection@6d895b6e[p=HttpParser{s=START,0 of -1},g=HttpGenerator@54c679a9{s=START}]=>HttpChannelOverHttp@4adcbb1c{s=HttpChannelState@131607a{s=IDLE rs=BLOCKING os=OPEN is=IDLE awp=false se=false i=true al=0},r=0,c=false/false,a=IDLE,uri=null,age=0}
13:18:02.599 [qtp824248140-24] DEBUG org.eclipse.jetty.io.AbstractConnection - fillInterested HttpConnection@6d895b6e::NetworkTrafficSocketChannelEndPoint@5c83d21{/127.0.0.1:64952<->/127.0.0.1:8080,OPEN,fill=-,flush=-,to=395/30000}{io=0/0,kio=0,kro=0}->HttpConnection@6d895b6e[p=HttpParser{s=START,0 of -1},g=HttpGenerator@54c679a9{s=START}]=>HttpChannelOverHttp@4adcbb1c{s=HttpChannelState@131607a{s=IDLE rs=BLOCKING os=OPEN is=IDLE awp=false se=false i=true al=0},r=0,c=false/false,a=IDLE,uri=null,age=0}
13:18:02.600 [qtp824248140-24] DEBUG org.eclipse.jetty.io.FillInterest - interested FillInterest@73330a74{AC.ReadCB@6d895b6e{HttpConnection@6d895b6e::NetworkTrafficSocketChannelEndPoint@5c83d21{/127.0.0.1:64952<->/127.0.0.1:8080,OPEN,fill=FI,flush=-,to=0/30000}{io=0/0,kio=0,kro=0}->HttpConnection@6d895b6e[p=HttpParser{s=START,0 of -1},g=HttpGenerator@54c679a9{s=START}]=>HttpChannelOverHttp@4adcbb1c{s=HttpChannelState@131607a{s=IDLE rs=BLOCKING os=OPEN is=IDLE awp=false se=false i=true al=0},r=0,c=false/false,a=IDLE,uri=null,age=0}}}
13:18:02.607 [qtp824248140-24] DEBUG org.eclipse.jetty.io.ChannelEndPoint - changeInterests p=false 0->1 for NetworkTrafficSocketChannelEndPoint@5c83d21{/127.0.0.1:64952<->/127.0.0.1:8080,OPEN,fill=FI,flush=-,to=0/30000}{io=0/1,kio=0,kro=0}->HttpConnection@6d895b6e[p=HttpParser{s=START,0 of -1},g=HttpGenerator@54c679a9{s=START}]=>HttpChannelOverHttp@4adcbb1c{s=HttpChannelState@131607a{s=IDLE rs=BLOCKING os=OPEN is=IDLE awp=false se=false i=true al=0},r=0,c=false/false,a=IDLE,uri=null,age=0}
13:18:02.608 [qtp824248140-24] DEBUG org.eclipse.jetty.io.ManagedSelector - Queued change org.eclipse.jetty.io.ChannelEndPoint$1@6bae17c5 on ManagedSelector@61fc9209{STARTED} id=1 keys=1 selected=0 updates=0
13:18:02.608 [qtp824248140-24] DEBUG org.eclipse.jetty.io.ManagedSelector - Wakeup on submit ManagedSelector@61fc9209{STARTED} id=1 keys=1 selected=0 updates=1
13:18:02.608 [qtp824248140-23] DEBUG org.eclipse.jetty.io.ManagedSelector - Selector sun.nio.ch.WindowsSelectorImpl@79f2d02e woken with none selected
13:18:02.608 [qtp824248140-23] DEBUG org.eclipse.jetty.io.ManagedSelector - Selector sun.nio.ch.WindowsSelectorImpl@79f2d02e woken up from select, 0/0/1 selected
13:18:02.608 [qtp824248140-23] DEBUG org.eclipse.jetty.io.ManagedSelector - Selector sun.nio.ch.WindowsSelectorImpl@79f2d02e processing 0 keys, 1 updates
13:18:02.608 [qtp824248140-23] DEBUG org.eclipse.jetty.io.ManagedSelector - updateable 1
13:18:02.608 [qtp824248140-24] DEBUG org.eclipse.jetty.io.ManagedSelector - Created NetworkTrafficSocketChannelEndPoint@5c83d21{/127.0.0.1:64952<->/127.0.0.1:8080,OPEN,fill=FI,flush=-,to=8/30000}{io=0/1,kio=0,kro=0}->HttpConnection@6d895b6e[p=HttpParser{s=START,0 of -1},g=HttpGenerator@54c679a9{s=START}]=>HttpChannelOverHttp@4adcbb1c{s=HttpChannelState@131607a{s=IDLE rs=BLOCKING os=OPEN is=IDLE awp=false se=false i=true al=0},r=0,c=false/false,a=IDLE,uri=null,age=0}
13:18:02.609 [qtp824248140-24] DEBUG org.eclipse.jetty.util.thread.QueuedThreadPool - ran org.eclipse.jetty.io.ManagedSelector$Accept@75473384 in QueuedThreadPool[qtp824248140]@3121074c{STARTED,8<=8<=14,i=2,r=1,q=0}[ReservedThreadExecutor@238f6469{s=0/1,p=0}]
13:18:02.609 [qtp824248140-23] DEBUG org.eclipse.jetty.io.ManagedSelector - update org.eclipse.jetty.io.ChannelEndPoint$1@6bae17c5
13:18:02.610 [qtp824248140-23] DEBUG org.eclipse.jetty.io.ChannelEndPoint - Key interests updated 0 -> 1 on NetworkTrafficSocketChannelEndPoint@5c83d21{/127.0.0.1:64952<->/127.0.0.1:8080,OPEN,fill=FI,flush=-,to=9/30000}{io=1/1,kio=1,kro=0}->HttpConnection@6d895b6e[p=HttpParser{s=START,0 of -1},g=HttpGenerator@54c679a9{s=START}]=>HttpChannelOverHttp@4adcbb1c{s=HttpChannelState@131607a{s=IDLE rs=BLOCKING os=OPEN is=IDLE awp=false se=false i=true al=0},r=0,c=false/false,a=IDLE,uri=null,age=0}
13:18:02.610 [qtp824248140-23] DEBUG org.eclipse.jetty.io.ManagedSelector - updates 0
13:18:02.610 [qtp824248140-23] DEBUG org.eclipse.jetty.io.ManagedSelector - Selector sun.nio.ch.WindowsSelectorImpl@79f2d02e waiting with 1 keys
13:18:02.610 [qtp824248140-23] DEBUG org.eclipse.jetty.io.ManagedSelector - Selector sun.nio.ch.WindowsSelectorImpl@79f2d02e woken up from select, 1/1/1 selected
13:18:02.610 [qtp824248140-23] DEBUG org.eclipse.jetty.io.ManagedSelector - Selector sun.nio.ch.WindowsSelectorImpl@79f2d02e processing 1 keys, 0 updates
13:18:02.611 [qtp824248140-23] DEBUG org.eclipse.jetty.io.ManagedSelector - selected 1 channel=java.nio.channels.SocketChannel[connected local=/127.0.0.1:8080 remote=/127.0.0.1:64952], selector=sun.nio.ch.WindowsSelectorImpl@79f2d02e, interestOps=1, readyOps=1 NetworkTrafficSocketChannelEndPoint@5c83d21{/127.0.0.1:64952<->/127.0.0.1:8080,OPEN,fill=FI,flush=-,to=10/30000}{io=1/1,kio=1,kro=1}->HttpConnection@6d895b6e[p=HttpParser{s=START,0 of -1},g=HttpGenerator@54c679a9{s=START}]=>HttpChannelOverHttp@4adcbb1c{s=HttpChannelState@131607a{s=IDLE rs=BLOCKING os=OPEN is=IDLE awp=false se=false i=true al=0},r=0,c=false/false,a=IDLE,uri=null,age=0} 
13:18:02.611 [qtp824248140-23] DEBUG org.eclipse.jetty.io.ChannelEndPoint - onSelected 1->0 r=true w=false for NetworkTrafficSocketChannelEndPoint@5c83d21{/127.0.0.1:64952<->/127.0.0.1:8080,OPEN,fill=FI,flush=-,to=11/30000}{io=1/0,kio=1,kro=1}->HttpConnection@6d895b6e[p=HttpParser{s=START,0 of -1},g=HttpGenerator@54c679a9{s=START}]=>HttpChannelOverHttp@4adcbb1c{s=HttpChannelState@131607a{s=IDLE rs=BLOCKING os=OPEN is=IDLE awp=false se=false i=true al=0},r=0,c=false/false,a=IDLE,uri=null,age=0}
13:18:02.612 [qtp824248140-23] DEBUG org.eclipse.jetty.io.ChannelEndPoint - task CEP:NetworkTrafficSocketChannelEndPoint@5c83d21{/127.0.0.1:64952<->/127.0.0.1:8080,OPEN,fill=FI,flush=-,to=12/30000}{io=1/0,kio=1,kro=1}->HttpConnection@6d895b6e[p=HttpParser{s=START,0 of -1},g=HttpGenerator@54c679a9{s=START}]=>HttpChannelOverHttp@4adcbb1c{s=HttpChannelState@131607a{s=IDLE rs=BLOCKING os=OPEN is=IDLE awp=false se=false i=true al=0},r=0,c=false/false,a=IDLE,uri=null,age=0}:runFillable:BLOCKING
13:18:02.612 [qtp824248140-23] DEBUG org.eclipse.jetty.util.thread.ReservedThreadExecutor - ReservedThreadExecutor@238f6469{s=0/1,p=0} tryExecute EatWhatYouKill@36d30a44/SelectorProducer@a77e489/PRODUCING/p=false/QueuedThreadPool[qtp824248140]@3121074c{STARTED,8<=8<=14,i=3,r=1,q=0}[ReservedThreadExecutor@238f6469{s=0/1,p=0}][pc=0,pic=0,pec=0,epc=0]@2020-09-25T13:18:02.6125734+02:00
13:18:02.613 [qtp824248140-23] DEBUG org.eclipse.jetty.util.thread.ReservedThreadExecutor - ReservedThreadExecutor@238f6469{s=0/1,p=1} startReservedThread p=1
13:18:02.618 [qtp824248140-23] DEBUG org.eclipse.jetty.util.thread.QueuedThreadPool - queue ReservedThreadExecutor@238f6469{s=0/1,p=1}@45cccc31 startThread=0
13:18:02.619 [qtp824248140-23] DEBUG org.eclipse.jetty.util.thread.strategy.EatWhatYouKill - EatWhatYouKill@36d30a44/SelectorProducer@a77e489/PRODUCING/p=false/QueuedThreadPool[qtp824248140]@3121074c{STARTED,8<=8<=14,i=2,r=1,q=0}[ReservedThreadExecutor@238f6469{s=0/1,p=1}][pc=0,pic=0,pec=0,epc=0]@2020-09-25T13:18:02.6195766+02:00 m=PRODUCE_EXECUTE_CONSUME t=CEP:NetworkTrafficSocketChannelEndPoint@5c83d21{/127.0.0.1:64952<->/127.0.0.1:8080,OPEN,fill=FI,flush=-,to=19/30000}{io=1/0,kio=1,kro=1}->HttpConnection@6d895b6e[p=HttpParser{s=START,0 of -1},g=HttpGenerator@54c679a9{s=START}]=>HttpChannelOverHttp@4adcbb1c{s=HttpChannelState@131607a{s=IDLE rs=BLOCKING os=OPEN is=IDLE awp=false se=false i=true al=0},r=0,c=false/false,a=IDLE,uri=null,age=0}:runFillable:BLOCKING/BLOCKING
13:18:02.620 [qtp824248140-23] DEBUG org.eclipse.jetty.util.thread.QueuedThreadPool - queue CEP:NetworkTrafficSocketChannelEndPoint@5c83d21{/127.0.0.1:64952<->/127.0.0.1:8080,OPEN,fill=FI,flush=-,to=20/30000}{io=1/0,kio=1,kro=1}->HttpConnection@6d895b6e[p=HttpParser{s=START,0 of -1},g=HttpGenerator@54c679a9{s=START}]=>HttpChannelOverHttp@4adcbb1c{s=HttpChannelState@131607a{s=IDLE rs=BLOCKING os=OPEN is=IDLE awp=false se=false i=true al=0},r=0,c=false/false,a=IDLE,uri=null,age=0}:runFillable:BLOCKING startThread=0
13:18:02.620 [qtp824248140-23] DEBUG org.eclipse.jetty.io.ManagedSelector - updateable 0
13:18:02.620 [qtp824248140-23] DEBUG org.eclipse.jetty.io.ManagedSelector - updates 0
13:18:02.621 [qtp824248140-23] DEBUG org.eclipse.jetty.io.ChannelEndPoint - Key interests updated 1 -> 0 on NetworkTrafficSocketChannelEndPoint@5c83d21{/127.0.0.1:64952<->/127.0.0.1:8080,OPEN,fill=FI,flush=-,to=20/30000}{io=0/0,kio=0,kro=1}->HttpConnection@6d895b6e[p=HttpParser{s=START,0 of -1},g=HttpGenerator@54c679a9{s=START}]=>HttpChannelOverHttp@4adcbb1c{s=HttpChannelState@131607a{s=IDLE rs=BLOCKING os=OPEN is=IDLE awp=false se=false i=true al=0},r=0,c=false/false,a=IDLE,uri=null,age=0}
13:18:02.621 [qtp824248140-23] DEBUG org.eclipse.jetty.io.ManagedSelector - Selector sun.nio.ch.WindowsSelectorImpl@79f2d02e waiting with 1 keys
13:18:02.625 [qtp824248140-20] DEBUG org.eclipse.jetty.util.thread.QueuedThreadPool - run ReservedThreadExecutor@238f6469{s=0/1,p=1}@45cccc31 in QueuedThreadPool[qtp824248140]@3121074c{STARTED,8<=8<=14,i=1,r=1,q=0}[ReservedThreadExecutor@238f6469{s=0/1,p=1}]
13:18:02.626 [qtp824248140-20] DEBUG org.eclipse.jetty.util.thread.ReservedThreadExecutor - ReservedThreadExecutor@238f6469{s=1/1,p=1}@45cccc31 started
13:18:02.626 [qtp824248140-20] DEBUG org.eclipse.jetty.util.thread.ReservedThreadExecutor - ReservedThreadExecutor@238f6469{s=1/1,p=0}@45cccc31 waiting
13:18:02.627 [qtp824248140-21] DEBUG org.eclipse.jetty.util.thread.QueuedThreadPool - run CEP:NetworkTrafficSocketChannelEndPoint@5c83d21{/127.0.0.1:64952<->/127.0.0.1:8080,OPEN,fill=FI,flush=-,to=27/30000}{io=0/0,kio=0,kro=1}->HttpConnection@6d895b6e[p=HttpParser{s=START,0 of -1},g=HttpGenerator@54c679a9{s=START}]=>HttpChannelOverHttp@4adcbb1c{s=HttpChannelState@131607a{s=IDLE rs=BLOCKING os=OPEN is=IDLE awp=false se=false i=true al=0},r=0,c=false/false,a=IDLE,uri=null,age=0}:runFillable:BLOCKING in QueuedThreadPool[qtp824248140]@3121074c{STARTED,8<=8<=14,i=1,r=1,q=0}[ReservedThreadExecutor@238f6469{s=1/1,p=0}]
13:18:02.628 [qtp824248140-21] DEBUG org.eclipse.jetty.io.FillInterest - fillable FillInterest@73330a74{AC.ReadCB@6d895b6e{HttpConnection@6d895b6e::NetworkTrafficSocketChannelEndPoint@5c83d21{/127.0.0.1:64952<->/127.0.0.1:8080,OPEN,fill=FI,flush=-,to=28/30000}{io=0/0,kio=0,kro=1}->HttpConnection@6d895b6e[p=HttpParser{s=START,0 of -1},g=HttpGenerator@54c679a9{s=START}]=>HttpChannelOverHttp@4adcbb1c{s=HttpChannelState@131607a{s=IDLE rs=BLOCKING os=OPEN is=IDLE awp=false se=false i=true al=0},r=0,c=false/false,a=IDLE,uri=null,age=0}}}
13:18:02.629 [qtp824248140-21] DEBUG org.eclipse.jetty.server.HttpConnection - HttpConnection@6d895b6e::NetworkTrafficSocketChannelEndPoint@5c83d21{/127.0.0.1:64952<->/127.0.0.1:8080,OPEN,fill=-,flush=-,to=28/30000}{io=0/0,kio=0,kro=1}->HttpConnection@6d895b6e[p=HttpParser{s=START,0 of -1},g=HttpGenerator@54c679a9{s=START}]=>HttpChannelOverHttp@4adcbb1c{s=HttpChannelState@131607a{s=IDLE rs=BLOCKING os=OPEN is=IDLE awp=false se=false i=true al=0},r=0,c=false/false,a=IDLE,uri=null,age=0} onFillable enter HttpChannelState@131607a{s=IDLE rs=BLOCKING os=OPEN is=IDLE awp=false se=false i=true al=0} null
13:18:02.633 [qtp824248140-21] DEBUG org.eclipse.jetty.io.ChannelEndPoint - filled 523 HeapByteBuffer@6457bf7d[p=0,l=523,c=8192,r=523]={<<<POST /__admin/mappings HT...ioState" : "Started"\r\n}>>>\x00\x00\x00\x00\x00\x00\x00\x00\x00...\x00\x00\x00\x00\x00\x00\x00}
13:18:02.638 [qtp824248140-21] DEBUG org.eclipse.jetty.server.HttpConnection - HttpConnection@6d895b6e::NetworkTrafficSocketChannelEndPoint@5c83d21{/127.0.0.1:64952<->/127.0.0.1:8080,OPEN,fill=-,flush=-,to=0/30000}{io=0/0,kio=0,kro=1}->HttpConnection@6d895b6e[p=HttpParser{s=START,0 of -1},g=HttpGenerator@54c679a9{s=START}]=>HttpChannelOverHttp@4adcbb1c{s=HttpChannelState@131607a{s=IDLE rs=BLOCKING os=OPEN is=IDLE awp=false se=false i=true al=0},r=0,c=false/false,a=IDLE,uri=null,age=0} filled 523 HeapByteBuffer@6457bf7d[p=0,l=523,c=8192,r=523]={<<<POST /__admin/mappings HT...ioState" : "Started"\r\n}>>>\x00\x00\x00\x00\x00\x00\x00\x00\x00...\x00\x00\x00\x00\x00\x00\x00}
13:18:02.641 [qtp824248140-21] DEBUG org.eclipse.jetty.server.HttpConnection - HttpConnection@6d895b6e::NetworkTrafficSocketChannelEndPoint@5c83d21{/127.0.0.1:64952<->/127.0.0.1:8080,OPEN,fill=-,flush=-,to=7/30000}{io=0/0,kio=0,kro=1}->HttpConnection@6d895b6e[p=HttpParser{s=START,0 of -1},g=HttpGenerator@54c679a9{s=START}]=>HttpChannelOverHttp@4adcbb1c{s=HttpChannelState@131607a{s=IDLE rs=BLOCKING os=OPEN is=IDLE awp=false se=false i=true al=0},r=0,c=false/false,a=IDLE,uri=null,age=0} parse HeapByteBuffer@6457bf7d[p=0,l=523,c=8192,r=523]={<<<POST /__admin/mappings HT...ioState" : "Started"\r\n}>>>\x00\x00\x00\x00\x00\x00\x00\x00\x00...\x00\x00\x00\x00\x00\x00\x00} {}
13:18:02.643 [qtp824248140-21] DEBUG org.eclipse.jetty.http.HttpParser - parseNext s=START HeapByteBuffer@6457bf7d[p=0,l=523,c=8192,r=523]={<<<POST /__admin/mappings HT...ioState" : "Started"\r\n}>>>\x00\x00\x00\x00\x00\x00\x00\x00\x00...\x00\x00\x00\x00\x00\x00\x00}
13:18:02.644 [qtp824248140-21] DEBUG org.eclipse.jetty.http.HttpParser - START --> SPACE1
13:18:02.662 [qtp824248140-21] DEBUG org.eclipse.jetty.http.HttpParser - SPACE1 --> URI
13:18:02.663 [qtp824248140-21] DEBUG org.eclipse.jetty.http.HttpParser - URI --> SPACE2
13:18:02.663 [qtp824248140-21] DEBUG org.eclipse.jetty.http.HttpParser - SPACE2 --> REQUEST_VERSION
13:18:02.663 [qtp824248140-21] DEBUG org.eclipse.jetty.http.HttpParser - REQUEST_VERSION --> HEADER
13:18:02.666 [qtp824248140-21] DEBUG org.eclipse.jetty.http.HttpParser - HEADER:Content-Length --> VALUE
13:18:02.667 [qtp824248140-21] DEBUG org.eclipse.jetty.http.HttpParser - HEADER:Content-Length --> IN_VALUE
13:18:02.667 [qtp824248140-21] DEBUG org.eclipse.jetty.http.HttpParser - HEADER:Content-Length --> FIELD
13:18:02.669 [qtp824248140-21] DEBUG org.eclipse.jetty.http.HttpParser - HEADER:Content-Type: text/plain; charset=UTF-8 --> IN_VALUE
13:18:02.669 [qtp824248140-21] DEBUG org.eclipse.jetty.http.HttpParser - HEADER:Content-Type: text/plain; charset=UTF-8 --> FIELD
13:18:02.670 [qtp824248140-21] DEBUG org.eclipse.jetty.http.HttpParser - HEADER:Host --> VALUE
13:18:02.670 [qtp824248140-21] DEBUG org.eclipse.jetty.http.HttpParser - HEADER:Host --> IN_VALUE
13:18:02.670 [qtp824248140-21] DEBUG org.eclipse.jetty.http.HttpParser - HEADER:Host --> FIELD
13:18:02.674 [qtp824248140-21] DEBUG org.eclipse.jetty.http.HttpParser - HEADER:Connection: keep-alive --> IN_VALUE
13:18:02.674 [qtp824248140-21] DEBUG org.eclipse.jetty.http.HttpParser - HEADER:Connection: keep-alive --> FIELD
13:18:02.699 [qtp824248140-21] DEBUG org.eclipse.jetty.http.HttpParser - HEADER:User-Agent --> VALUE
13:18:02.701 [qtp824248140-21] DEBUG org.eclipse.jetty.http.HttpParser - HEADER:User-Agent --> IN_VALUE
13:18:02.701 [qtp824248140-21] DEBUG org.eclipse.jetty.http.HttpParser - HEADER:User-Agent --> FIELD
13:18:02.701 [qtp824248140-21] DEBUG org.eclipse.jetty.http.HttpParser - HEADER --> CONTENT
13:18:02.704 [qtp824248140-21] DEBUG org.eclipse.jetty.server.HttpChannel - REQUEST for //localhost:8080/__admin/mappings on HttpChannelOverHttp@4adcbb1c{s=HttpChannelState@131607a{s=IDLE rs=BLOCKING os=OPEN is=IDLE awp=false se=false i=true al=0},r=1,c=false/false,a=IDLE,uri=//localhost:8080/__admin/mappings,age=0}
POST //localhost:8080/__admin/mappings HTTP/1.1
Content-Length: 328
Content-Type: text/plain; charset=UTF-8
Host: localhost:8080
Connection: keep-alive
User-Agent: Apache-HttpClient/4.5.12 (Java/11.0.2)


13:18:02.727 [qtp824248140-21] DEBUG org.eclipse.jetty.server.HttpConnection - HttpConnection@6d895b6e::NetworkTrafficSocketChannelEndPoint@5c83d21{/127.0.0.1:64952<->/127.0.0.1:8080,OPEN,fill=-,flush=-,to=94/30000}{io=0/0,kio=0,kro=1}->HttpConnection@6d895b6e[p=HttpParser{s=CONTENT,0 of 328},g=HttpGenerator@54c679a9{s=START}]=>HttpChannelOverHttp@4adcbb1c{s=HttpChannelState@131607a{s=IDLE rs=BLOCKING os=OPEN is=IDLE awp=false se=false i=true al=0},r=1,c=false/false,a=IDLE,uri=//localhost:8080/__admin/mappings,age=25} parsed true HttpParser{s=CONTENT,0 of 328}
13:18:02.728 [qtp824248140-21] DEBUG org.eclipse.jetty.server.HttpChannel - handle //localhost:8080/__admin/mappings HttpChannelOverHttp@4adcbb1c{s=HttpChannelState@131607a{s=IDLE rs=BLOCKING os=OPEN is=IDLE awp=false se=false i=true al=0},r=1,c=false/false,a=IDLE,uri=//localhost:8080/__admin/mappings,age=26} 
13:18:02.728 [qtp824248140-21] DEBUG org.eclipse.jetty.server.HttpChannelState - handling HttpChannelState@131607a{s=IDLE rs=BLOCKING os=OPEN is=IDLE awp=false se=false i=true al=0}
13:18:02.732 [qtp824248140-21] DEBUG org.eclipse.jetty.server.HttpChannel - action DISPATCH HttpChannelOverHttp@4adcbb1c{s=HttpChannelState@131607a{s=HANDLING rs=BLOCKING os=OPEN is=IDLE awp=false se=false i=true al=0},r=1,c=false/false,a=HANDLING,uri=//localhost:8080/__admin/mappings,age=29}
13:18:02.736 [qtp824248140-21] DEBUG org.eclipse.jetty.server.Server - REQUEST POST /__admin/mappings on HttpChannelOverHttp@4adcbb1c{s=HttpChannelState@131607a{s=HANDLING rs=BLOCKING os=OPEN is=IDLE awp=false se=false i=true al=0},r=1,c=false/false,a=HANDLING,uri=//localhost:8080/__admin/mappings,age=33}
13:18:02.737 [qtp824248140-21] DEBUG org.eclipse.jetty.server.handler.ContextHandler - scope null||/__admin/mappings @ o.e.j.s.ServletContextHandler@4bef83b{/__admin,null,AVAILABLE}
13:18:02.737 [qtp824248140-21] DEBUG org.eclipse.jetty.server.handler.ContextHandler - context=/__admin||/mappings @ o.e.j.s.ServletContextHandler@4bef83b{/__admin,null,AVAILABLE}
13:18:02.742 [qtp824248140-21] DEBUG org.eclipse.jetty.servlet.ServletHandler - servlet /__admin|/mappings|null -> com.github.tomakehurst.wiremock.servlet.WireMockHandlerDispatchingServlet-5caa16bf@54365==com.github.tomakehurst.wiremock.servlet.WireMockHandlerDispatchingServlet,jsp=null,order=-1,inst=false,async=true
13:18:02.750 [qtp824248140-21] DEBUG org.eclipse.jetty.servlet.ServletHandler - chain=org.eclipse.jetty.servlets.CrossOriginFilter-66fab470@66fab470==org.eclipse.jetty.servlets.CrossOriginFilter,inst=true,async=true->com.github.tomakehurst.wiremock.servlet.WireMockHandlerDispatchingServlet-5caa16bf@54365==com.github.tomakehurst.wiremock.servlet.WireMockHandlerDispatchingServlet,jsp=null,order=-1,inst=false,async=true
13:18:02.793 [qtp824248140-21] DEBUG org.eclipse.jetty.servlet.ServletHolder - Servlet.init com.github.tomakehurst.wiremock.servlet.WireMockHandlerDispatchingServlet@6fe29760 for com.github.tomakehurst.wiremock.servlet.WireMockHandlerDispatchingServlet-5caa16bf
13:18:02.794 [qtp824248140-21] INFO org.eclipse.jetty.server.handler.ContextHandler.__admin - RequestHandlerClass from context returned com.github.tomakehurst.wiremock.http.AdminRequestHandler. Normalized mapped under returned 'null'
13:18:02.795 [qtp824248140-21] DEBUG org.eclipse.jetty.servlet.ServletHandler - call filter org.eclipse.jetty.servlets.CrossOriginFilter-66fab470@66fab470==org.eclipse.jetty.servlets.CrossOriginFilter,inst=true,async=true
13:18:02.796 [qtp824248140-21] DEBUG org.eclipse.jetty.servlet.ServletHandler - call servlet com.github.tomakehurst.wiremock.servlet.WireMockHandlerDispatchingServlet-5caa16bf@54365==com.github.tomakehurst.wiremock.servlet.WireMockHandlerDispatchingServlet,jsp=null,order=-1,inst=true,async=true
13:18:03.144 [qtp824248140-21] DEBUG org.eclipse.jetty.server.HttpConnection - HttpConnection@6d895b6e::NetworkTrafficSocketChannelEndPoint@5c83d21{/127.0.0.1:64952<->/127.0.0.1:8080,OPEN,fill=-,flush=-,to=511/30000}{io=0/0,kio=0,kro=1}->HttpConnection@6d895b6e[p=HttpParser{s=CONTENT,0 of 328},g=HttpGenerator@54c679a9{s=START}]=>HttpChannelOverHttp@4adcbb1c{s=HttpChannelState@131607a{s=HANDLING rs=BLOCKING os=OPEN is=IDLE awp=false se=false i=true al=0},r=1,c=false/false,a=HANDLING,uri=//localhost:8080/__admin/mappings,age=442} parse HeapByteBuffer@6457bf7d[p=195,l=523,c=8192,r=328]={POST /__a....2)\r\n\r\n<<<{\r\n  "id" : "426032fd-5bb...ioState" : "Started"\r\n}>>>\x00\x00\x00\x00\x00\x00\x00\x00\x00...\x00\x00\x00\x00\x00\x00\x00} {}
13:18:03.144 [qtp824248140-21] DEBUG org.eclipse.jetty.http.HttpParser - parseNext s=CONTENT HeapByteBuffer@6457bf7d[p=195,l=523,c=8192,r=328]={POST /__a....2)\r\n\r\n<<<{\r\n  "id" : "426032fd-5bb...ioState" : "Started"\r\n}>>>\x00\x00\x00\x00\x00\x00\x00\x00\x00...\x00\x00\x00\x00\x00\x00\x00}
13:18:03.147 [qtp824248140-21] DEBUG org.eclipse.jetty.server.HttpChannel - onContent HttpChannelOverHttp@4adcbb1c{s=HttpChannelState@131607a{s=HANDLING rs=BLOCKING os=OPEN is=IDLE awp=false se=false i=true al=0},r=1,c=false/false,a=HANDLING,uri=//localhost:8080/__admin/mappings,age=444} Content@6d50db8c{HeapByteBufferR@2abf5856[p=195,l=523,c=8192,r=328]={POST /__a....2)\r\n\r\n<<<{\r\n  "id" : "426032fd-5bb...ioState" : "Started"\r\n}>>>\x00\x00\x00\x00\x00\x00\x00\x00\x00...\x00\x00\x00\x00\x00\x00\x00}}
13:18:03.148 [qtp824248140-21] DEBUG org.eclipse.jetty.server.HttpInput - HttpInputOverHTTP@f3b1939[c=0,q=0,[0]=null,s=STREAM] addContent Content@6d50db8c{HeapByteBufferR@2abf5856[p=195,l=523,c=8192,r=328]={POST /__a....2)\r\n\r\n<<<{\r\n  "id" : "426032fd-5bb...ioState" : "Started"\r\n}>>>\x00\x00\x00\x00\x00\x00\x00\x00\x00...\x00\x00\x00\x00\x00\x00\x00}}
13:18:03.148 [qtp824248140-21] DEBUG org.eclipse.jetty.http.HttpParser - CONTENT --> CONTENT_END
13:18:03.149 [qtp824248140-21] DEBUG org.eclipse.jetty.server.HttpChannel - onContentComplete HttpChannelOverHttp@4adcbb1c{s=HttpChannelState@131607a{s=HANDLING rs=BLOCKING os=OPEN is=IDLE awp=false se=false i=true al=0},r=1,c=false/false,a=HANDLING,uri=//localhost:8080/__admin/mappings,age=447}
13:18:03.149 [qtp824248140-21] DEBUG org.eclipse.jetty.http.HttpParser - CONTENT_END --> END
13:18:03.150 [qtp824248140-21] DEBUG org.eclipse.jetty.server.HttpChannel - onRequestComplete HttpChannelOverHttp@4adcbb1c{s=HttpChannelState@131607a{s=HANDLING rs=BLOCKING os=OPEN is=IDLE awp=false se=false i=true al=0},r=1,c=false/false,a=HANDLING,uri=//localhost:8080/__admin/mappings,age=447}
13:18:03.150 [qtp824248140-21] DEBUG org.eclipse.jetty.server.HttpInput - HttpInputOverHTTP@f3b1939[c=0,q=1,[0]=EOF,s=STREAM] addContent EOF
13:18:03.151 [qtp824248140-21] DEBUG org.eclipse.jetty.server.HttpConnection - HttpConnection@6d895b6e::NetworkTrafficSocketChannelEndPoint@5c83d21{/127.0.0.1:64952<->/127.0.0.1:8080,OPEN,fill=-,flush=-,to=517/30000}{io=0/0,kio=0,kro=1}->HttpConnection@6d895b6e[p=HttpParser{s=END,328 of 328},g=HttpGenerator@54c679a9{s=START}]=>HttpChannelOverHttp@4adcbb1c{s=HttpChannelState@131607a{s=HANDLING rs=BLOCKING os=OPEN is=IDLE awp=false se=false i=true al=0},r=1,c=false/false,a=HANDLING,uri=//localhost:8080/__admin/mappings,age=449} parsed false HttpParser{s=END,328 of 328}
13:18:03.152 [qtp824248140-21] DEBUG org.eclipse.jetty.server.HttpInput - HttpInputOverHTTP@f3b1939[c=328,q=1,[0]=EOF,s=STREAM] read 328 from Content@6d50db8c{HeapByteBufferR@2abf5856[p=523,l=523,c=8192,r=0]={POST /__a...ted"\r\n}<<<>>>\x00\x00\x00\x00\x00\x00\x00\x00\x00...\x00\x00\x00\x00\x00\x00\x00}}
13:18:03.153 [qtp824248140-21] DEBUG org.eclipse.jetty.server.HttpConnection - releaseRequestBuffer HttpConnection@6d895b6e::NetworkTrafficSocketChannelEndPoint@5c83d21{/127.0.0.1:64952<->/127.0.0.1:8080,OPEN,fill=-,flush=-,to=520/30000}{io=0/0,kio=0,kro=1}->HttpConnection@6d895b6e[p=HttpParser{s=END,328 of 328},g=HttpGenerator@54c679a9{s=START}]=>HttpChannelOverHttp@4adcbb1c{s=HttpChannelState@131607a{s=HANDLING rs=BLOCKING os=OPEN is=IDLE awp=false se=false i=true al=0},r=1,c=false/false,a=HANDLING,uri=//localhost:8080/__admin/mappings,age=451}
13:18:03.156 [qtp824248140-21] DEBUG org.eclipse.jetty.server.HttpChannelState - onEof HttpChannelState@131607a{s=HANDLING rs=BLOCKING os=OPEN is=IDLE awp=false se=false i=true al=0}
13:18:03.884 [qtp824248140-21] DEBUG org.eclipse.jetty.server.HttpOutput - write(array HeapByteBuffer@1ac5ccc[p=0,l=328,c=8192,r=328]={<<<{\r\n  "id" : "426032fd-5bb...ioState" : "Started"\r\n}>>>\x00\x00\x00\x00\x00\x00\x00\x00\x00...\x00\x00\x00\x00\x00\x00\x00})
13:18:03.887 [qtp824248140-21] DEBUG org.eclipse.jetty.server.HttpOutput - write(array) s=OPEN,api=BLOCKING,sc=false,e=null aggregated !flush DirectByteBuffer@5b058719[p=0,l=328,c=32768,r=328]={<<<{\r\n  "id" : "426032fd-5bb...ioState" : "Started"\r\n}>>>\x00\x00\x00\x00\x00\x00\x00\x00\x00...\x00\x00\x00\x00\x00\x00\x00}
13:18:03.888 [qtp824248140-21] DEBUG org.eclipse.jetty.server.HttpChannel - sendResponse info=null content=DirectByteBuffer@5b058719[p=0,l=328,c=32768,r=328]={<<<{\r\n  "id" : "426032fd-5bb...ioState" : "Started"\r\n}>>>\x00\x00\x00\x00\x00\x00\x00\x00\x00...\x00\x00\x00\x00\x00\x00\x00} complete=false committing=true callback=Blocker@788766c6{null}
13:18:03.889 [qtp824248140-21] DEBUG org.eclipse.jetty.server.HttpChannel - COMMIT for /__admin/mappings on HttpChannelOverHttp@4adcbb1c{s=HttpChannelState@131607a{s=HANDLING rs=BLOCKING os=COMMITTED is=READY awp=false se=false i=true al=0},r=1,c=false/false,a=HANDLING,uri=//localhost:8080/__admin/mappings,age=1186}
201 null HTTP/1.1
Content-Type: application/json


13:18:03.906 [qtp824248140-21] DEBUG org.eclipse.jetty.server.HttpConnection - generate: NEED_HEADER for org.eclipse.jetty.server.HttpConnection$SendCallback@4252d2[PROCESSING][i=HTTP/1.1{s=201,h=1,cl=-1},cb=org.eclipse.jetty.server.HttpChannel$SendCallback@1e6aab03] (null,[p=0,l=328,c=32768,r=328],false)@START
13:18:03.911 [qtp824248140-21] DEBUG org.eclipse.jetty.http.HttpGenerator - generateHeaders HTTP/1.1{s=201,h=1,cl=-1} last=false content=DirectByteBuffer@5b058719[p=0,l=328,c=32768,r=328]={<<<{\r\n  "id" : "426032fd-5bb...ioState" : "Started"\r\n}>>>\x00\x00\x00\x00\x00\x00\x00\x00\x00...\x00\x00\x00\x00\x00\x00\x00}
13:18:03.912 [qtp824248140-21] DEBUG org.eclipse.jetty.http.HttpGenerator - Content-Type: application/json


13:18:03.912 [qtp824248140-21] DEBUG org.eclipse.jetty.http.HttpGenerator - CHUNKED_CONTENT
13:18:03.912 [qtp824248140-21] DEBUG org.eclipse.jetty.server.HttpConnection - generate: FLUSH for org.eclipse.jetty.server.HttpConnection$SendCallback@4252d2[PROCESSING][i=HTTP/1.1{s=201,h=1,cl=-1},cb=org.eclipse.jetty.server.HttpChannel$SendCallback@1e6aab03] ([p=0,l=122,c=8192,r=122],[p=0,l=328,c=32768,r=328],false)@COMMITTED
13:18:03.913 [qtp824248140-21] DEBUG org.eclipse.jetty.io.WriteFlusher - write: WriteFlusher@5e80a9d5{IDLE}->null [HeapByteBuffer@6457bf7d[p=0,l=122,c=8192,r=122]={<<<HTTP/1.1 201 Created\r\nCon....28.v20200408)\r\n\r\n148\r\n>>>ction: Ke...\x00\x00\x00\x00\x00\x00\x00},DirectByteBuffer@5b058719[p=0,l=328,c=32768,r=328]={<<<{\r\n  "id" : "426032fd-5bb...ioState" : "Started"\r\n}>>>\x00\x00\x00\x00\x00\x00\x00\x00\x00...\x00\x00\x00\x00\x00\x00\x00}]
13:18:03.913 [qtp824248140-21] DEBUG org.eclipse.jetty.io.WriteFlusher - update WriteFlusher@5e80a9d5{WRITING}->null:IDLE-->WRITING
13:18:03.914 [Test worker] DEBUG org.apache.http.wire - http-outgoing-0 << "HTTP/1.1 201 Created[\r][\n]"
13:18:03.914 [Test worker] DEBUG org.apache.http.wire - http-outgoing-0 << "Content-Type: application/json[\r][\n]"
13:18:03.914 [Test worker] DEBUG org.apache.http.wire - http-outgoing-0 << "Transfer-Encoding: chunked[\r][\n]"
13:18:03.914 [Test worker] DEBUG org.apache.http.wire - http-outgoing-0 << "Server: Jetty(9.4.28.v20200408)[\r][\n]"
13:18:03.914 [Test worker] DEBUG org.apache.http.wire - http-outgoing-0 << "[\r][\n]"
13:18:03.914 [Test worker] DEBUG org.apache.http.wire - http-outgoing-0 << "148[\r][\n]"
13:18:03.914 [qtp824248140-21] DEBUG org.eclipse.jetty.io.ChannelEndPoint - flushed 122 NetworkTrafficSocketChannelEndPoint@5c83d21{/127.0.0.1:64952<->/127.0.0.1:8080,OPEN,fill=-,flush=W,to=1281/30000}{io=0/0,kio=0,kro=1}->HttpConnection@6d895b6e[p=HttpParser{s=END,328 of 328},g=HttpGenerator@54c679a9{s=COMMITTED}]=>HttpChannelOverHttp@4adcbb1c{s=HttpChannelState@131607a{s=HANDLING rs=BLOCKING os=COMMITTED is=READY awp=false se=false i=true al=0},r=1,c=false/false,a=HANDLING,uri=//localhost:8080/__admin/mappings,age=1212}
13:18:03.915 [qtp824248140-21] DEBUG org.eclipse.jetty.io.ChannelEndPoint - flushed 328 NetworkTrafficSocketChannelEndPoint@5c83d21{/127.0.0.1:64952<->/127.0.0.1:8080,OPEN,fill=-,flush=W,to=0/30000}{io=0/0,kio=0,kro=1}->HttpConnection@6d895b6e[p=HttpParser{s=END,328 of 328},g=HttpGenerator@54c679a9{s=COMMITTED}]=>HttpChannelOverHttp@4adcbb1c{s=HttpChannelState@131607a{s=HANDLING rs=BLOCKING os=COMMITTED is=READY awp=false se=false i=true al=0},r=1,c=false/false,a=HANDLING,uri=//localhost:8080/__admin/mappings,age=1213}
13:18:03.916 [qtp824248140-21] DEBUG org.eclipse.jetty.io.WriteFlusher - Flushed=true written=450 remaining=0 WriteFlusher@5e80a9d5{WRITING}->null
13:18:03.916 [qtp824248140-21] DEBUG org.eclipse.jetty.io.WriteFlusher - update WriteFlusher@5e80a9d5{IDLE}->null:WRITING-->IDLE
13:18:03.916 [qtp824248140-21] DEBUG org.eclipse.jetty.server.HttpConnection - generate: DONE for org.eclipse.jetty.server.HttpConnection$SendCallback@4252d2[PROCESSING][i=HTTP/1.1{s=201,h=1,cl=-1},cb=org.eclipse.jetty.server.HttpChannel$SendCallback@1e6aab03] ([p=122,l=122,c=8192,r=0],[p=328,l=328,c=32768,r=0],false)@COMMITTED
13:18:03.917 [qtp824248140-21] DEBUG org.eclipse.jetty.server.HttpOutput - onWriteComplete(false,null) s=OPEN,api=BLOCKED,sc=false,e=null->s=OPEN,api=BLOCKING,sc=false,e=null c=null cb=null w=false
13:18:03.918 [qtp824248140-21] DEBUG org.eclipse.jetty.server.HttpOutput - close() s=CLOSING,api=BLOCKED,sc=false,e=null c=HeapByteBuffer@137d328[p=0,l=0,c=0,r=0]={<<<>>>} b=Blocker@788766c6{null}
13:18:03.918 [qtp824248140-21] DEBUG org.eclipse.jetty.server.HttpChannel - sendResponse info=null content=HeapByteBuffer@137d328[p=0,l=0,c=0,r=0]={<<<>>>} complete=true committing=false callback=Blocker@788766c6{null}
13:18:03.919 [qtp824248140-21] DEBUG org.eclipse.jetty.server.HttpConnection - generate: CONTINUE for org.eclipse.jetty.server.HttpConnection$SendCallback@4252d2[PROCESSING][i=null,cb=org.eclipse.jetty.server.HttpChannel$SendCallback@50626068] (null,[p=0,l=0,c=0,r=0],true)@COMPLETING
13:18:03.919 [qtp824248140-21] DEBUG org.eclipse.jetty.server.HttpConnection - generate: NEED_CHUNK for org.eclipse.jetty.server.HttpConnection$SendCallback@4252d2[PROCESSING][i=null,cb=org.eclipse.jetty.server.HttpChannel$SendCallback@50626068] (null,[p=0,l=0,c=0,r=0],true)@COMPLETING
13:18:03.919 [qtp824248140-21] DEBUG org.eclipse.jetty.server.HttpConnection - generate: FLUSH for org.eclipse.jetty.server.HttpConnection$SendCallback@4252d2[PROCESSING][i=null,cb=org.eclipse.jetty.server.HttpChannel$SendCallback@50626068] (null,[p=0,l=0,c=0,r=0],true)@COMPLETING
13:18:03.919 [qtp824248140-21] DEBUG org.eclipse.jetty.io.WriteFlusher - write: WriteFlusher@5e80a9d5{IDLE}->null [HeapByteBuffer@29acffbb[p=0,l=7,c=1024,r=7]={<<<\r\n0\r\n\r\n>>>\x00\x00\x00\x00\x00\x00\x00\x00\x00...\x00\x00\x00\x00\x00\x00\x00}]
13:18:03.919 [qtp824248140-21] DEBUG org.eclipse.jetty.io.WriteFlusher - update WriteFlusher@5e80a9d5{WRITING}->null:IDLE-->WRITING
13:18:03.920 [qtp824248140-21] DEBUG org.eclipse.jetty.io.ChannelEndPoint - flushed 7 NetworkTrafficSocketChannelEndPoint@5c83d21{/127.0.0.1:64952<->/127.0.0.1:8080,OPEN,fill=-,flush=W,to=3/30000}{io=0/0,kio=0,kro=1}->HttpConnection@6d895b6e[p=HttpParser{s=END,328 of 328},g=HttpGenerator@54c679a9{s=COMPLETING}]=>HttpChannelOverHttp@4adcbb1c{s=HttpChannelState@131607a{s=HANDLING rs=BLOCKING os=COMMITTED is=READY awp=false se=false i=true al=0},r=1,c=false/false,a=HANDLING,uri=//localhost:8080/__admin/mappings,age=1217}
13:18:03.920 [qtp824248140-21] DEBUG org.eclipse.jetty.io.WriteFlusher - Flushed=true written=7 remaining=0 WriteFlusher@5e80a9d5{WRITING}->null
13:18:03.920 [qtp824248140-21] DEBUG org.eclipse.jetty.io.WriteFlusher - update WriteFlusher@5e80a9d5{IDLE}->null:WRITING-->IDLE
13:18:03.920 [qtp824248140-21] DEBUG org.eclipse.jetty.server.HttpConnection - generate: DONE for org.eclipse.jetty.server.HttpConnection$SendCallback@4252d2[PROCESSING][i=null,cb=org.eclipse.jetty.server.HttpChannel$SendCallback@50626068] (null,[p=0,l=0,c=0,r=0],true)@END
13:18:03.920 [qtp824248140-21] DEBUG org.eclipse.jetty.server.HttpOutput - onWriteComplete(true,null) s=CLOSING,api=BLOCKED,sc=false,e=null->s=CLOSED,api=BLOCKING,sc=false,e=null c=null cb=null w=false
13:18:03.921 [qtp824248140-21] DEBUG org.eclipse.jetty.server.handler.gzip.GzipHandler - GzipHandler@42831d1d{STARTED,min=32,inflate=-1} handle Request[POST //localhost:8080/__admin/mappings]@7239355a in null
13:18:03.923 [Test worker] DEBUG org.apache.http.headers - http-outgoing-0 << HTTP/1.1 201 Created
13:18:03.923 [Test worker] DEBUG org.apache.http.headers - http-outgoing-0 << Content-Type: application/json
13:18:03.923 [Test worker] DEBUG org.apache.http.headers - http-outgoing-0 << Transfer-Encoding: chunked
13:18:03.923 [Test worker] DEBUG org.apache.http.headers - http-outgoing-0 << Server: Jetty(9.4.28.v20200408)
13:18:03.923 [qtp824248140-21] DEBUG org.eclipse.jetty.server.handler.ContextHandler - scope null||/__admin/mappings @ o.e.j.s.ServletContextHandler@62d767f{/,null,AVAILABLE}
13:18:03.925 [qtp824248140-21] DEBUG org.eclipse.jetty.server.Server - handled=true async=false committed=true on HttpChannelOverHttp@4adcbb1c{s=HttpChannelState@131607a{s=HANDLING rs=BLOCKING os=COMPLETED is=READY awp=false se=false i=true al=0},r=1,c=false/true,a=HANDLING,uri=//localhost:8080/__admin/mappings,age=1221}
13:18:03.926 [qtp824248140-21] DEBUG org.eclipse.jetty.server.HttpChannelState - unhandle HttpChannelState@131607a{s=HANDLING rs=BLOCKING os=COMPLETED is=READY awp=false se=false i=true al=0}
13:18:03.926 [qtp824248140-21] DEBUG org.eclipse.jetty.server.HttpChannelState - nextAction(false) COMPLETE HttpChannelState@131607a{s=HANDLING rs=COMPLETING os=COMPLETED is=READY awp=false se=false i=false al=0}
13:18:03.926 [qtp824248140-21] DEBUG org.eclipse.jetty.server.HttpChannel - action COMPLETE HttpChannelOverHttp@4adcbb1c{s=HttpChannelState@131607a{s=HANDLING rs=COMPLETING os=COMPLETED is=READY awp=false se=false i=false al=0},r=1,c=false/true,a=HANDLING,uri=//localhost:8080/__admin/mappings,age=1224}
13:18:03.928 [qtp824248140-21] DEBUG org.eclipse.jetty.server.HttpOutput - complete(org.eclipse.jetty.util.Callback$4@7f33d4be) s=CLOSED,api=BLOCKING,sc=false,e=null s=true e=null, c=null
13:18:03.929 [qtp824248140-21] DEBUG org.eclipse.jetty.server.HttpChannelState - completed HttpChannelState@131607a{s=HANDLING rs=COMPLETING os=COMPLETED is=READY awp=false se=false i=false al=0}
13:18:03.929 [qtp824248140-21] DEBUG org.eclipse.jetty.server.HttpChannelState - unhandle HttpChannelState@131607a{s=HANDLING rs=COMPLETED os=COMPLETED is=READY awp=false se=false i=false al=0}
13:18:03.930 [qtp824248140-21] DEBUG org.eclipse.jetty.server.HttpChannelState - nextAction(false) TERMINATED HttpChannelState@131607a{s=IDLE rs=COMPLETED os=COMPLETED is=READY awp=false se=false i=false al=0}
13:18:03.930 [qtp824248140-21] DEBUG org.eclipse.jetty.server.HttpChannel - action TERMINATED HttpChannelOverHttp@4adcbb1c{s=HttpChannelState@131607a{s=IDLE rs=COMPLETED os=COMPLETED is=READY awp=false se=false i=false al=0},r=1,c=true/true,a=IDLE,uri=//localhost:8080/__admin/mappings,age=1228}
13:18:03.930 [qtp824248140-21] DEBUG org.eclipse.jetty.server.HttpChannel - onCompleted for /__admin/mappings written=328
13:18:03.944 [Test worker] DEBUG org.apache.http.impl.execchain.MainClientExec - Connection can be kept alive indefinitely
13:18:03.966 [Test worker] DEBUG org.apache.http.wire - http-outgoing-0 << "{[\r][\n]"
13:18:03.966 [Test worker] DEBUG org.apache.http.wire - http-outgoing-0 << "  "id" : "426032fd-5bba-4660-9b00-65bb621aa3c1",[\r][\n]"
13:18:03.966 [Test worker] DEBUG org.apache.http.wire - http-outgoing-0 << "  "request" : {[\r][\n]"
13:18:03.966 [Test worker] DEBUG org.apache.http.wire - http-outgoing-0 << "    "url" : "/api/v0/components/provision-adapters/awx",[\r][\n]"
13:18:03.966 [Test worker] DEBUG org.apache.http.wire - http-outgoing-0 << "    "method" : "GET"[\r][\n]"
13:18:03.966 [Test worker] DEBUG org.apache.http.wire - http-outgoing-0 << "  },[\r][\n]"
13:18:03.966 [Test worker] DEBUG org.apache.http.wire - http-outgoing-0 << "  "response" : {[\r][\n]"
13:18:03.966 [Test worker] DEBUG org.apache.http.wire - http-outgoing-0 << "    "status" : 401[\r][\n]"
13:18:03.966 [Test worker] DEBUG org.apache.http.wire - http-outgoing-0 << "  },[\r][\n]"
13:18:03.966 [Test worker] DEBUG org.apache.http.wire - http-outgoing-0 << "  "uuid" : "426032fd-5bba-4660-9b00-65bb621aa3c1",[\r][\n]"
13:18:03.966 [Test worker] DEBUG org.apache.http.wire - http-outgoing-0 << "  "scenarioName" : "unAuthorized",[\r][\n]"
13:18:03.966 [Test worker] DEBUG org.apache.http.wire - http-outgoing-0 << "  "requiredScenarioState" : "Started"[\r][\n]"
13:18:03.966 [Test worker] DEBUG org.apache.http.wire - http-outgoing-0 << "}[\r][\n]"
13:18:03.966 [Test worker] DEBUG org.apache.http.wire - http-outgoing-0 << "0[\r][\n]"
13:18:03.966 [Test worker] DEBUG org.apache.http.wire - http-outgoing-0 << "[\r][\n]"
13:18:03.967 [Test worker] DEBUG org.apache.http.impl.conn.PoolingHttpClientConnectionManager - Connection [id: 0][route: {}->http://localhost:8080] can be kept alive indefinitely
13:18:03.967 [Test worker] DEBUG org.apache.http.impl.conn.DefaultManagedHttpClientConnection - http-outgoing-0: set socket timeout to 0
13:18:03.967 [Test worker] DEBUG org.apache.http.impl.conn.PoolingHttpClientConnectionManager - Connection released: [id: 0][route: {}->http://localhost:8080][total available: 1; route allocated: 1 of 5; total allocated: 1 of 50]
13:18:03.969 [qtp824248140-21] DEBUG org.eclipse.jetty.server.HttpChannelState - recycle HttpChannelState@131607a{s=IDLE rs=COMPLETED os=COMPLETED is=READY awp=false se=false i=false al=0}
13:18:03.969 [qtp824248140-21] DEBUG org.eclipse.jetty.http.HttpParser - reset HttpParser{s=END,328 of 328}
13:18:03.969 [qtp824248140-21] DEBUG org.eclipse.jetty.http.HttpParser - END --> START
13:18:03.969 [qtp824248140-21] DEBUG org.eclipse.jetty.server.HttpChannel - !handle TERMINATED HttpChannelOverHttp@4adcbb1c{s=HttpChannelState@131607a{s=IDLE rs=BLOCKING os=OPEN is=IDLE awp=false se=false i=true al=0},r=1,c=false/false,a=IDLE,uri=null,age=0}
13:18:03.970 [qtp824248140-21] DEBUG org.eclipse.jetty.io.ChannelEndPoint - filled 0 HeapByteBuffer@6457bf7d[p=0,l=0,c=8192,r=0]={<<<>>>HTTP/1.1 ...\x00\x00\x00\x00\x00\x00\x00}
13:18:03.970 [qtp824248140-21] DEBUG org.eclipse.jetty.io.ChannelEndPoint - filled 0 HeapByteBuffer@6457bf7d[p=0,l=0,c=8192,r=0]={<<<>>>HTTP/1.1 ...\x00\x00\x00\x00\x00\x00\x00}
13:18:03.971 [qtp824248140-21] DEBUG org.eclipse.jetty.server.HttpConnection - HttpConnection@6d895b6e::NetworkTrafficSocketChannelEndPoint@5c83d21{/127.0.0.1:64952<->/127.0.0.1:8080,OPEN,fill=-,flush=-,to=50/30000}{io=0/0,kio=0,kro=1}->HttpConnection@6d895b6e[p=HttpParser{s=START,0 of -1},g=HttpGenerator@54c679a9{s=START}]=>HttpChannelOverHttp@4adcbb1c{s=HttpChannelState@131607a{s=IDLE rs=BLOCKING os=OPEN is=IDLE awp=false se=false i=true al=0},r=1,c=false/false,a=IDLE,uri=null,age=0} filled 0 HeapByteBuffer@6457bf7d[p=0,l=0,c=8192,r=0]={<<<>>>HTTP/1.1 ...\x00\x00\x00\x00\x00\x00\x00}
13:18:03.971 [qtp824248140-21] DEBUG org.eclipse.jetty.server.HttpConnection - HttpConnection@6d895b6e::NetworkTrafficSocketChannelEndPoint@5c83d21{/127.0.0.1:64952<->/127.0.0.1:8080,OPEN,fill=-,flush=-,to=51/30000}{io=0/0,kio=0,kro=1}->HttpConnection@6d895b6e[p=HttpParser{s=START,0 of -1},g=HttpGenerator@54c679a9{s=START}]=>HttpChannelOverHttp@4adcbb1c{s=HttpChannelState@131607a{s=IDLE rs=BLOCKING os=OPEN is=IDLE awp=false se=false i=true al=0},r=1,c=false/false,a=IDLE,uri=null,age=0} parse HeapByteBuffer@6457bf7d[p=0,l=0,c=8192,r=0]={<<<>>>HTTP/1.1 ...\x00\x00\x00\x00\x00\x00\x00} {}
13:18:03.971 [qtp824248140-21] DEBUG org.eclipse.jetty.http.HttpParser - parseNext s=START HeapByteBuffer@6457bf7d[p=0,l=0,c=8192,r=0]={<<<>>>HTTP/1.1 ...\x00\x00\x00\x00\x00\x00\x00}
13:18:03.971 [qtp824248140-21] DEBUG org.eclipse.jetty.server.HttpConnection - HttpConnection@6d895b6e::NetworkTrafficSocketChannelEndPoint@5c83d21{/127.0.0.1:64952<->/127.0.0.1:8080,OPEN,fill=-,flush=-,to=51/30000}{io=0/0,kio=0,kro=1}->HttpConnection@6d895b6e[p=HttpParser{s=START,0 of -1},g=HttpGenerator@54c679a9{s=START}]=>HttpChannelOverHttp@4adcbb1c{s=HttpChannelState@131607a{s=IDLE rs=BLOCKING os=OPEN is=IDLE awp=false se=false i=true al=0},r=1,c=false/false,a=IDLE,uri=null,age=0} parsed false HttpParser{s=START,0 of -1}
13:18:03.972 [qtp824248140-21] DEBUG org.eclipse.jetty.server.HttpConnection - releaseRequestBuffer HttpConnection@6d895b6e::NetworkTrafficSocketChannelEndPoint@5c83d21{/127.0.0.1:64952<->/127.0.0.1:8080,OPEN,fill=-,flush=-,to=51/30000}{io=0/0,kio=0,kro=1}->HttpConnection@6d895b6e[p=HttpParser{s=START,0 of -1},g=HttpGenerator@54c679a9{s=START}]=>HttpChannelOverHttp@4adcbb1c{s=HttpChannelState@131607a{s=IDLE rs=BLOCKING os=OPEN is=IDLE awp=false se=false i=true al=0},r=1,c=false/false,a=IDLE,uri=null,age=0}
13:18:03.972 [qtp824248140-21] DEBUG org.eclipse.jetty.io.AbstractConnection - fillInterested HttpConnection@6d895b6e::NetworkTrafficSocketChannelEndPoint@5c83d21{/127.0.0.1:64952<->/127.0.0.1:8080,OPEN,fill=-,flush=-,to=52/30000}{io=0/0,kio=0,kro=1}->HttpConnection@6d895b6e[p=HttpParser{s=START,0 of -1},g=HttpGenerator@54c679a9{s=START}]=>HttpChannelOverHttp@4adcbb1c{s=HttpChannelState@131607a{s=IDLE rs=BLOCKING os=OPEN is=IDLE awp=false se=false i=true al=0},r=1,c=false/false,a=IDLE,uri=null,age=0}
13:18:03.972 [qtp824248140-21] DEBUG org.eclipse.jetty.io.FillInterest - interested FillInterest@73330a74{AC.ReadCB@6d895b6e{HttpConnection@6d895b6e::NetworkTrafficSocketChannelEndPoint@5c83d21{/127.0.0.1:64952<->/127.0.0.1:8080,OPEN,fill=FI,flush=-,to=0/30000}{io=0/0,kio=0,kro=1}->HttpConnection@6d895b6e[p=HttpParser{s=START,0 of -1},g=HttpGenerator@54c679a9{s=START}]=>HttpChannelOverHttp@4adcbb1c{s=HttpChannelState@131607a{s=IDLE rs=BLOCKING os=OPEN is=IDLE awp=false se=false i=true al=0},r=1,c=false/false,a=IDLE,uri=null,age=0}}}
13:18:03.972 [qtp824248140-21] DEBUG org.eclipse.jetty.io.ChannelEndPoint - changeInterests p=false 0->1 for NetworkTrafficSocketChannelEndPoint@5c83d21{/127.0.0.1:64952<->/127.0.0.1:8080,OPEN,fill=FI,flush=-,to=0/30000}{io=0/1,kio=0,kro=1}->HttpConnection@6d895b6e[p=HttpParser{s=START,0 of -1},g=HttpGenerator@54c679a9{s=START}]=>HttpChannelOverHttp@4adcbb1c{s=HttpChannelState@131607a{s=IDLE rs=BLOCKING os=OPEN is=IDLE awp=false se=false i=true al=0},r=1,c=false/false,a=IDLE,uri=null,age=0}
13:18:03.975 [qtp824248140-21] DEBUG org.eclipse.jetty.io.ManagedSelector - Queued change org.eclipse.jetty.io.ChannelEndPoint$1@6bae17c5 on ManagedSelector@61fc9209{STARTED} id=1 keys=1 selected=0 updates=0
13:18:03.976 [qtp824248140-21] DEBUG org.eclipse.jetty.io.ManagedSelector - Wakeup on submit ManagedSelector@61fc9209{STARTED} id=1 keys=1 selected=0 updates=1
13:18:03.976 [qtp824248140-23] DEBUG org.eclipse.jetty.io.ManagedSelector - Selector sun.nio.ch.WindowsSelectorImpl@79f2d02e woken with none selected
13:18:03.976 [qtp824248140-23] DEBUG org.eclipse.jetty.io.ManagedSelector - Selector sun.nio.ch.WindowsSelectorImpl@79f2d02e woken up from select, 0/0/1 selected
13:18:03.976 [qtp824248140-23] DEBUG org.eclipse.jetty.io.ManagedSelector - Selector sun.nio.ch.WindowsSelectorImpl@79f2d02e processing 0 keys, 1 updates
13:18:03.976 [qtp824248140-23] DEBUG org.eclipse.jetty.io.ManagedSelector - updateable 1
13:18:03.976 [qtp824248140-23] DEBUG org.eclipse.jetty.io.ManagedSelector - update org.eclipse.jetty.io.ChannelEndPoint$1@6bae17c5
13:18:03.976 [qtp824248140-23] DEBUG org.eclipse.jetty.io.ChannelEndPoint - Key interests updated 0 -> 1 on NetworkTrafficSocketChannelEndPoint@5c83d21{/127.0.0.1:64952<->/127.0.0.1:8080,OPEN,fill=FI,flush=-,to=4/30000}{io=1/1,kio=1,kro=1}->HttpConnection@6d895b6e[p=HttpParser{s=START,0 of -1},g=HttpGenerator@54c679a9{s=START}]=>HttpChannelOverHttp@4adcbb1c{s=HttpChannelState@131607a{s=IDLE rs=BLOCKING os=OPEN is=IDLE awp=false se=false i=true al=0},r=1,c=false/false,a=IDLE,uri=null,age=0}
13:18:03.976 [qtp824248140-23] DEBUG org.eclipse.jetty.io.ManagedSelector - updates 0
13:18:03.976 [qtp824248140-23] DEBUG org.eclipse.jetty.io.ManagedSelector - Selector sun.nio.ch.WindowsSelectorImpl@79f2d02e waiting with 1 keys
13:18:03.977 [qtp824248140-21] DEBUG org.eclipse.jetty.server.HttpConnection - HttpConnection@6d895b6e::NetworkTrafficSocketChannelEndPoint@5c83d21{/127.0.0.1:64952<->/127.0.0.1:8080,OPEN,fill=FI,flush=-,to=3/30000}{io=0/1,kio=0,kro=1}->HttpConnection@6d895b6e[p=HttpParser{s=START,0 of -1},g=HttpGenerator@54c679a9{s=START}]=>HttpChannelOverHttp@4adcbb1c{s=HttpChannelState@131607a{s=IDLE rs=BLOCKING os=OPEN is=IDLE awp=false se=false i=true al=0},r=1,c=false/false,a=IDLE,uri=null,age=0} onFillable exit HttpChannelState@131607a{s=IDLE rs=BLOCKING os=OPEN is=IDLE awp=false se=false i=true al=0} null
13:18:03.977 [qtp824248140-21] DEBUG org.eclipse.jetty.util.thread.QueuedThreadPool - ran CEP:NetworkTrafficSocketChannelEndPoint@5c83d21{/127.0.0.1:64952<->/127.0.0.1:8080,OPEN,fill=FI,flush=-,to=4/30000}{io=1/1,kio=1,kro=1}->HttpConnection@6d895b6e[p=HttpParser{s=START,0 of -1},g=HttpGenerator@54c679a9{s=START}]=>HttpChannelOverHttp@4adcbb1c{s=HttpChannelState@131607a{s=IDLE rs=BLOCKING os=OPEN is=IDLE awp=false se=false i=true al=0},r=1,c=false/false,a=IDLE,uri=null,age=0}:runFillable:BLOCKING in QueuedThreadPool[qtp824248140]@3121074c{STARTED,8<=8<=14,i=1,r=1,q=0}[ReservedThreadExecutor@238f6469{s=1/1,p=0}]
13:18:04.067 [Test worker] DEBUG org.apache.http.impl.conn.PoolingHttpClientConnectionManager - Connection request: [route: {}->http://localhost:8080][total available: 1; route allocated: 1 of 5; total allocated: 1 of 50]
13:18:04.067 [Test worker] DEBUG org.apache.http.impl.conn.PoolingHttpClientConnectionManager - Connection leased: [id: 0][route: {}->http://localhost:8080][total available: 0; route allocated: 1 of 5; total allocated: 1 of 50]
13:18:04.067 [Test worker] DEBUG org.apache.http.impl.conn.DefaultManagedHttpClientConnection - http-outgoing-0: set socket timeout to 30000
13:18:04.067 [Test worker] DEBUG org.apache.http.impl.execchain.MainClientExec - Stale connection check
13:18:04.071 [Test worker] DEBUG org.apache.http.wire - http-outgoing-0 << "[read] I/O error: Read timed out"
13:18:04.071 [Test worker] DEBUG org.apache.http.impl.execchain.MainClientExec - Executing request POST /__admin/mappings HTTP/1.1
13:18:04.071 [Test worker] DEBUG org.apache.http.impl.execchain.MainClientExec - Target auth state: UNCHALLENGED
13:18:04.071 [Test worker] DEBUG org.apache.http.impl.execchain.MainClientExec - Proxy auth state: UNCHALLENGED
13:18:04.071 [Test worker] DEBUG org.apache.http.headers - http-outgoing-0 >> POST /__admin/mappings HTTP/1.1
13:18:04.071 [Test worker] DEBUG org.apache.http.headers - http-outgoing-0 >> Content-Length: 644
13:18:04.071 [Test worker] DEBUG org.apache.http.headers - http-outgoing-0 >> Content-Type: text/plain; charset=UTF-8
13:18:04.072 [Test worker] DEBUG org.apache.http.headers - http-outgoing-0 >> Host: localhost:8080
13:18:04.072 [Test worker] DEBUG org.apache.http.headers - http-outgoing-0 >> Connection: Keep-Alive
13:18:04.072 [Test worker] DEBUG org.apache.http.headers - http-outgoing-0 >> User-Agent: Apache-HttpClient/4.5.12 (Java/11.0.2)
13:18:04.072 [Test worker] DEBUG org.apache.http.wire - http-outgoing-0 >> "POST /__admin/mappings HTTP/1.1[\r][\n]"
13:18:04.072 [Test worker] DEBUG org.apache.http.wire - http-outgoing-0 >> "Content-Length: 644[\r][\n]"
13:18:04.072 [Test worker] DEBUG org.apache.http.wire - http-outgoing-0 >> "Content-Type: text/plain; charset=UTF-8[\r][\n]"
13:18:04.072 [Test worker] DEBUG org.apache.http.wire - http-outgoing-0 >> "Host: localhost:8080[\r][\n]"
13:18:04.072 [Test worker] DEBUG org.apache.http.wire - http-outgoing-0 >> "Connection: Keep-Alive[\r][\n]"
13:18:04.072 [Test worker] DEBUG org.apache.http.wire - http-outgoing-0 >> "User-Agent: Apache-HttpClient/4.5.12 (Java/11.0.2)[\r][\n]"
13:18:04.072 [Test worker] DEBUG org.apache.http.wire - http-outgoing-0 >> "[\r][\n]"
13:18:04.072 [Test worker] DEBUG org.apache.http.wire - http-outgoing-0 >> "{[\r][\n]"
13:18:04.072 [Test worker] DEBUG org.apache.http.wire - http-outgoing-0 >> "  "id" : "119840fa-8e29-44b8-bf4c-6e4b40a3c5e5",[\r][\n]"
13:18:04.072 [Test worker] DEBUG org.apache.http.wire - http-outgoing-0 >> "  "request" : {[\r][\n]"
13:18:04.072 [Test worker] DEBUG org.apache.http.wire - http-outgoing-0 >> "    "url" : "/api/v0/components/login",[\r][\n]"
13:18:04.072 [Test worker] DEBUG org.apache.http.wire - http-outgoing-0 >> "    "method" : "POST",[\r][\n]"
13:18:04.072 [Test worker] DEBUG org.apache.http.wire - http-outgoing-0 >> "    "headers" : {[\r][\n]"
13:18:04.072 [Test worker] DEBUG org.apache.http.wire - http-outgoing-0 >> "      "Content-Type" : {[\r][\n]"
13:18:04.072 [Test worker] DEBUG org.apache.http.wire - http-outgoing-0 >> "        "equalTo" : "application/json"[\r][\n]"
13:18:04.072 [Test worker] DEBUG org.apache.http.wire - http-outgoing-0 >> "      }[\r][\n]"
13:18:04.072 [Test worker] DEBUG org.apache.http.wire - http-outgoing-0 >> "    },[\r][\n]"
13:18:04.072 [Test worker] DEBUG org.apache.http.wire - http-outgoing-0 >> "    "bodyPatterns" : [ {[\r][\n]"
13:18:04.072 [Test worker] DEBUG org.apache.http.wire - http-outgoing-0 >> "      "equalTo" : "{\"password\":\"123456\",\"username\":\"catalogClientApi\"}"[\r][\n]"
13:18:04.072 [Test worker] DEBUG org.apache.http.wire - http-outgoing-0 >> "    } ][\r][\n]"
13:18:04.072 [Test worker] DEBUG org.apache.http.wire - http-outgoing-0 >> "  },[\r][\n]"
13:18:04.072 [Test worker] DEBUG org.apache.http.wire - http-outgoing-0 >> "  "response" : {[\r][\n]"
13:18:04.072 [Test worker] DEBUG org.apache.http.wire - http-outgoing-0 >> "    "status" : 200,[\r][\n]"
13:18:04.072 [Test worker] DEBUG org.apache.http.wire - http-outgoing-0 >> "    "body" : "{\"token\":\"someToken\"}",[\r][\n]"
13:18:04.072 [Test worker] DEBUG org.apache.http.wire - http-outgoing-0 >> "    "headers" : {[\r][\n]"
13:18:04.073 [Test worker] DEBUG org.apache.http.wire - http-outgoing-0 >> "      "Content-Type" : "application/json"[\r][\n]"
13:18:04.073 [Test worker] DEBUG org.apache.http.wire - http-outgoing-0 >> "    }[\r][\n]"
13:18:04.073 [Test worker] DEBUG org.apache.http.wire - http-outgoing-0 >> "  },[\r][\n]"
13:18:04.073 [Test worker] DEBUG org.apache.http.wire - http-outgoing-0 >> "  "uuid" : "119840fa-8e29-44b8-bf4c-6e4b40a3c5e5",[\r][\n]"
13:18:04.073 [Test worker] DEBUG org.apache.http.wire - http-outgoing-0 >> "  "scenarioName" : "unAuthorized",[\r][\n]"
13:18:04.073 [Test worker] DEBUG org.apache.http.wire - http-outgoing-0 >> "  "requiredScenarioState" : "Started"[\r][\n]"
13:18:04.073 [Test worker] DEBUG org.apache.http.wire - http-outgoing-0 >> "}"
13:18:04.073 [qtp824248140-23] DEBUG org.eclipse.jetty.io.ManagedSelector - Selector sun.nio.ch.WindowsSelectorImpl@79f2d02e woken up from select, 1/1/1 selected
13:18:04.073 [qtp824248140-23] DEBUG org.eclipse.jetty.io.ManagedSelector - Selector sun.nio.ch.WindowsSelectorImpl@79f2d02e processing 1 keys, 0 updates
13:18:04.074 [qtp824248140-23] DEBUG org.eclipse.jetty.io.ManagedSelector - selected 1 channel=java.nio.channels.SocketChannel[connected local=/127.0.0.1:8080 remote=/127.0.0.1:64952], selector=sun.nio.ch.WindowsSelectorImpl@79f2d02e, interestOps=1, readyOps=1 NetworkTrafficSocketChannelEndPoint@5c83d21{/127.0.0.1:64952<->/127.0.0.1:8080,OPEN,fill=FI,flush=-,to=101/30000}{io=1/1,kio=1,kro=1}->HttpConnection@6d895b6e[p=HttpParser{s=START,0 of -1},g=HttpGenerator@54c679a9{s=START}]=>HttpChannelOverHttp@4adcbb1c{s=HttpChannelState@131607a{s=IDLE rs=BLOCKING os=OPEN is=IDLE awp=false se=false i=true al=0},r=1,c=false/false,a=IDLE,uri=null,age=0} 
13:18:04.075 [qtp824248140-23] DEBUG org.eclipse.jetty.io.ChannelEndPoint - onSelected 1->0 r=true w=false for NetworkTrafficSocketChannelEndPoint@5c83d21{/127.0.0.1:64952<->/127.0.0.1:8080,OPEN,fill=FI,flush=-,to=102/30000}{io=1/0,kio=1,kro=1}->HttpConnection@6d895b6e[p=HttpParser{s=START,0 of -1},g=HttpGenerator@54c679a9{s=START}]=>HttpChannelOverHttp@4adcbb1c{s=HttpChannelState@131607a{s=IDLE rs=BLOCKING os=OPEN is=IDLE awp=false se=false i=true al=0},r=1,c=false/false,a=IDLE,uri=null,age=0}
13:18:04.075 [qtp824248140-23] DEBUG org.eclipse.jetty.io.ChannelEndPoint - task CEP:NetworkTrafficSocketChannelEndPoint@5c83d21{/127.0.0.1:64952<->/127.0.0.1:8080,OPEN,fill=FI,flush=-,to=102/30000}{io=1/0,kio=1,kro=1}->HttpConnection@6d895b6e[p=HttpParser{s=START,0 of -1},g=HttpGenerator@54c679a9{s=START}]=>HttpChannelOverHttp@4adcbb1c{s=HttpChannelState@131607a{s=IDLE rs=BLOCKING os=OPEN is=IDLE awp=false se=false i=true al=0},r=1,c=false/false,a=IDLE,uri=null,age=0}:runFillable:BLOCKING
13:18:04.075 [qtp824248140-23] DEBUG org.eclipse.jetty.util.thread.ReservedThreadExecutor - ReservedThreadExecutor@238f6469{s=1/1,p=0} tryExecute EatWhatYouKill@36d30a44/SelectorProducer@a77e489/PRODUCING/p=false/QueuedThreadPool[qtp824248140]@3121074c{STARTED,8<=8<=14,i=2,r=1,q=0}[ReservedThreadExecutor@238f6469{s=1/1,p=0}][pc=0,pic=0,pec=1,epc=0]@2020-09-25T13:18:04.0753561+02:00
13:18:04.076 [qtp824248140-23] DEBUG org.eclipse.jetty.util.thread.ReservedThreadExecutor - ReservedThreadExecutor@238f6469{s=0/1,p=0}@45cccc31 offer EatWhatYouKill@36d30a44/SelectorProducer@a77e489/PRODUCING/p=false/QueuedThreadPool[qtp824248140]@3121074c{STARTED,8<=8<=14,i=2,r=1,q=0}[ReservedThreadExecutor@238f6469{s=0/1,p=0}][pc=0,pic=0,pec=1,epc=0]@2020-09-25T13:18:04.0763565+02:00
13:18:04.076 [qtp824248140-23] DEBUG org.eclipse.jetty.util.thread.ReservedThreadExecutor - ReservedThreadExecutor@238f6469{s=0/1,p=1} startReservedThread p=1
13:18:04.076 [qtp824248140-23] DEBUG org.eclipse.jetty.util.thread.QueuedThreadPool - queue ReservedThreadExecutor@238f6469{s=0/1,p=1}@454c973f startThread=0
13:18:04.077 [qtp824248140-23] DEBUG org.eclipse.jetty.util.thread.strategy.EatWhatYouKill - EatWhatYouKill@36d30a44/SelectorProducer@a77e489/IDLE/p=true/QueuedThreadPool[qtp824248140]@3121074c{STARTED,8<=8<=14,i=1,r=1,q=0}[ReservedThreadExecutor@238f6469{s=0/1,p=1}][pc=0,pic=0,pec=1,epc=0]@2020-09-25T13:18:04.0763565+02:00 m=EXECUTE_PRODUCE_CONSUME t=CEP:NetworkTrafficSocketChannelEndPoint@5c83d21{/127.0.0.1:64952<->/127.0.0.1:8080,OPEN,fill=FI,flush=-,to=104/30000}{io=1/0,kio=1,kro=1}->HttpConnection@6d895b6e[p=HttpParser{s=START,0 of -1},g=HttpGenerator@54c679a9{s=START}]=>HttpChannelOverHttp@4adcbb1c{s=HttpChannelState@131607a{s=IDLE rs=BLOCKING os=OPEN is=IDLE awp=false se=false i=true al=0},r=1,c=false/false,a=IDLE,uri=null,age=0}:runFillable:BLOCKING/BLOCKING
13:18:04.077 [qtp824248140-23] DEBUG org.eclipse.jetty.io.FillInterest - fillable FillInterest@73330a74{AC.ReadCB@6d895b6e{HttpConnection@6d895b6e::NetworkTrafficSocketChannelEndPoint@5c83d21{/127.0.0.1:64952<->/127.0.0.1:8080,OPEN,fill=FI,flush=-,to=104/30000}{io=1/0,kio=1,kro=1}->HttpConnection@6d895b6e[p=HttpParser{s=START,0 of -1},g=HttpGenerator@54c679a9{s=START}]=>HttpChannelOverHttp@4adcbb1c{s=HttpChannelState@131607a{s=IDLE rs=BLOCKING os=OPEN is=IDLE awp=false se=false i=true al=0},r=1,c=false/false,a=IDLE,uri=null,age=0}}}
13:18:04.078 [qtp824248140-23] DEBUG org.eclipse.jetty.server.HttpConnection - HttpConnection@6d895b6e::NetworkTrafficSocketChannelEndPoint@5c83d21{/127.0.0.1:64952<->/127.0.0.1:8080,OPEN,fill=-,flush=-,to=105/30000}{io=1/0,kio=1,kro=1}->HttpConnection@6d895b6e[p=HttpParser{s=START,0 of -1},g=HttpGenerator@54c679a9{s=START}]=>HttpChannelOverHttp@4adcbb1c{s=HttpChannelState@131607a{s=IDLE rs=BLOCKING os=OPEN is=IDLE awp=false se=false i=true al=0},r=1,c=false/false,a=IDLE,uri=null,age=0} onFillable enter HttpChannelState@131607a{s=IDLE rs=BLOCKING os=OPEN is=IDLE awp=false se=false i=true al=0} null
13:18:04.078 [qtp824248140-23] DEBUG org.eclipse.jetty.io.ChannelEndPoint - filled 839 HeapByteBuffer@6457bf7d[p=0,l=839,c=8192,r=839]={<<<POST /__admin/mappings HT...ioState" : "Started"\r\n}>>>\x00\x00\x00\x00\x00\x00\x00\x00\x00...\x00\x00\x00\x00\x00\x00\x00}
13:18:04.079 [qtp824248140-23] DEBUG org.eclipse.jetty.server.HttpConnection - HttpConnection@6d895b6e::NetworkTrafficSocketChannelEndPoint@5c83d21{/127.0.0.1:64952<->/127.0.0.1:8080,OPEN,fill=-,flush=-,to=0/30000}{io=1/0,kio=1,kro=1}->HttpConnection@6d895b6e[p=HttpParser{s=START,0 of -1},g=HttpGenerator@54c679a9{s=START}]=>HttpChannelOverHttp@4adcbb1c{s=HttpChannelState@131607a{s=IDLE rs=BLOCKING os=OPEN is=IDLE awp=false se=false i=true al=0},r=1,c=false/false,a=IDLE,uri=null,age=0} filled 839 HeapByteBuffer@6457bf7d[p=0,l=839,c=8192,r=839]={<<<POST /__admin/mappings HT...ioState" : "Started"\r\n}>>>\x00\x00\x00\x00\x00\x00\x00\x00\x00...\x00\x00\x00\x00\x00\x00\x00}
13:18:04.079 [qtp824248140-23] DEBUG org.eclipse.jetty.server.HttpConnection - HttpConnection@6d895b6e::NetworkTrafficSocketChannelEndPoint@5c83d21{/127.0.0.1:64952<->/127.0.0.1:8080,OPEN,fill=-,flush=-,to=0/30000}{io=1/0,kio=1,kro=1}->HttpConnection@6d895b6e[p=HttpParser{s=START,0 of -1},g=HttpGenerator@54c679a9{s=START}]=>HttpChannelOverHttp@4adcbb1c{s=HttpChannelState@131607a{s=IDLE rs=BLOCKING os=OPEN is=IDLE awp=false se=false i=true al=0},r=1,c=false/false,a=IDLE,uri=null,age=0} parse HeapByteBuffer@6457bf7d[p=0,l=839,c=8192,r=839]={<<<POST /__admin/mappings HT...ioState" : "Started"\r\n}>>>\x00\x00\x00\x00\x00\x00\x00\x00\x00...\x00\x00\x00\x00\x00\x00\x00} {}
13:18:04.079 [qtp824248140-23] DEBUG org.eclipse.jetty.http.HttpParser - parseNext s=START HeapByteBuffer@6457bf7d[p=0,l=839,c=8192,r=839]={<<<POST /__admin/mappings HT...ioState" : "Started"\r\n}>>>\x00\x00\x00\x00\x00\x00\x00\x00\x00...\x00\x00\x00\x00\x00\x00\x00}
13:18:04.079 [qtp824248140-23] DEBUG org.eclipse.jetty.http.HttpParser - START --> SPACE1
13:18:04.079 [qtp824248140-23] DEBUG org.eclipse.jetty.http.HttpParser - SPACE1 --> URI
13:18:04.079 [qtp824248140-23] DEBUG org.eclipse.jetty.http.HttpParser - URI --> SPACE2
13:18:04.079 [qtp824248140-23] DEBUG org.eclipse.jetty.http.HttpParser - SPACE2 --> REQUEST_VERSION
13:18:04.080 [qtp824248140-23] DEBUG org.eclipse.jetty.http.HttpParser - REQUEST_VERSION --> HEADER
13:18:04.080 [qtp824248140-23] DEBUG org.eclipse.jetty.http.HttpParser - HEADER:Content-Length --> VALUE
13:18:04.080 [qtp824248140-23] DEBUG org.eclipse.jetty.http.HttpParser - HEADER:Content-Length --> IN_VALUE
13:18:04.080 [qtp824248140-23] DEBUG org.eclipse.jetty.http.HttpParser - HEADER:Content-Length --> FIELD
13:18:04.080 [qtp824248140-23] DEBUG org.eclipse.jetty.http.HttpParser - HEADER:Content-Type: text/plain; charset=UTF-8 --> IN_VALUE
13:18:04.080 [qtp824248140-23] DEBUG org.eclipse.jetty.http.HttpParser - HEADER:Content-Type: text/plain; charset=UTF-8 --> FIELD
13:18:04.080 [qtp824248140-23] DEBUG org.eclipse.jetty.http.HttpParser - HEADER:Host: localhost:8080 --> IN_VALUE
13:18:04.080 [qtp824248140-23] DEBUG org.eclipse.jetty.http.HttpParser - HEADER:Host: localhost:8080 --> FIELD
13:18:04.080 [qtp824248140-23] DEBUG org.eclipse.jetty.http.HttpParser - HEADER:Connection: keep-alive --> IN_VALUE
13:18:04.080 [qtp824248140-23] DEBUG org.eclipse.jetty.http.HttpParser - HEADER:Connection: keep-alive --> FIELD
13:18:04.080 [qtp824248140-23] DEBUG org.eclipse.jetty.http.HttpParser - HEADER:User-Agent: Apache-HttpClient/4.5.12 (Java/11.0.2) --> IN_VALUE
13:18:04.080 [qtp824248140-23] DEBUG org.eclipse.jetty.http.HttpParser - HEADER:User-Agent: Apache-HttpClient/4.5.12 (Java/11.0.2) --> FIELD
13:18:04.080 [qtp824248140-23] DEBUG org.eclipse.jetty.http.HttpParser - HEADER --> CONTENT
13:18:04.080 [qtp824248140-23] DEBUG org.eclipse.jetty.server.HttpChannel - REQUEST for //localhost:8080/__admin/mappings on HttpChannelOverHttp@4adcbb1c{s=HttpChannelState@131607a{s=IDLE rs=BLOCKING os=OPEN is=IDLE awp=false se=false i=true al=0},r=2,c=false/false,a=IDLE,uri=//localhost:8080/__admin/mappings,age=0}
POST //localhost:8080/__admin/mappings HTTP/1.1
Content-Length: 644
Content-Type: text/plain; charset=UTF-8
Host: localhost:8080
Connection: keep-alive
User-Agent: Apache-HttpClient/4.5.12 (Java/11.0.2)


13:18:04.081 [qtp824248140-23] DEBUG org.eclipse.jetty.server.HttpConnection - HttpConnection@6d895b6e::NetworkTrafficSocketChannelEndPoint@5c83d21{/127.0.0.1:64952<->/127.0.0.1:8080,OPEN,fill=-,flush=-,to=2/30000}{io=1/0,kio=1,kro=1}->HttpConnection@6d895b6e[p=HttpParser{s=CONTENT,0 of 644},g=HttpGenerator@54c679a9{s=START}]=>HttpChannelOverHttp@4adcbb1c{s=HttpChannelState@131607a{s=IDLE rs=BLOCKING os=OPEN is=IDLE awp=false se=false i=true al=0},r=2,c=false/false,a=IDLE,uri=//localhost:8080/__admin/mappings,age=1} parsed true HttpParser{s=CONTENT,0 of 644}
13:18:04.081 [qtp824248140-23] DEBUG org.eclipse.jetty.server.HttpChannel - handle //localhost:8080/__admin/mappings HttpChannelOverHttp@4adcbb1c{s=HttpChannelState@131607a{s=IDLE rs=BLOCKING os=OPEN is=IDLE awp=false se=false i=true al=0},r=2,c=false/false,a=IDLE,uri=//localhost:8080/__admin/mappings,age=1} 
13:18:04.081 [qtp824248140-23] DEBUG org.eclipse.jetty.server.HttpChannelState - handling HttpChannelState@131607a{s=IDLE rs=BLOCKING os=OPEN is=IDLE awp=false se=false i=true al=0}
13:18:04.081 [qtp824248140-23] DEBUG org.eclipse.jetty.server.HttpChannel - action DISPATCH HttpChannelOverHttp@4adcbb1c{s=HttpChannelState@131607a{s=HANDLING rs=BLOCKING os=OPEN is=IDLE awp=false se=false i=true al=0},r=2,c=false/false,a=HANDLING,uri=//localhost:8080/__admin/mappings,age=1}
13:18:04.081 [qtp824248140-23] DEBUG org.eclipse.jetty.server.Server - REQUEST POST /__admin/mappings on HttpChannelOverHttp@4adcbb1c{s=HttpChannelState@131607a{s=HANDLING rs=BLOCKING os=OPEN is=IDLE awp=false se=false i=true al=0},r=2,c=false/false,a=HANDLING,uri=//localhost:8080/__admin/mappings,age=1}
13:18:04.081 [qtp824248140-23] DEBUG org.eclipse.jetty.server.handler.ContextHandler - scope null||/__admin/mappings @ o.e.j.s.ServletContextHandler@4bef83b{/__admin,null,AVAILABLE}
13:18:04.081 [qtp824248140-23] DEBUG org.eclipse.jetty.server.handler.ContextHandler - context=/__admin||/mappings @ o.e.j.s.ServletContextHandler@4bef83b{/__admin,null,AVAILABLE}
13:18:04.081 [qtp824248140-23] DEBUG org.eclipse.jetty.servlet.ServletHandler - servlet /__admin|/mappings|null -> com.github.tomakehurst.wiremock.servlet.WireMockHandlerDispatchingServlet-5caa16bf@54365==com.github.tomakehurst.wiremock.servlet.WireMockHandlerDispatchingServlet,jsp=null,order=-1,inst=true,async=true
13:18:04.082 [qtp824248140-23] DEBUG org.eclipse.jetty.servlet.ServletHandler - chain=org.eclipse.jetty.servlets.CrossOriginFilter-66fab470@66fab470==org.eclipse.jetty.servlets.CrossOriginFilter,inst=true,async=true->com.github.tomakehurst.wiremock.servlet.WireMockHandlerDispatchingServlet-5caa16bf@54365==com.github.tomakehurst.wiremock.servlet.WireMockHandlerDispatchingServlet,jsp=null,order=-1,inst=true,async=true
13:18:04.082 [qtp824248140-23] DEBUG org.eclipse.jetty.servlet.ServletHandler - call filter org.eclipse.jetty.servlets.CrossOriginFilter-66fab470@66fab470==org.eclipse.jetty.servlets.CrossOriginFilter,inst=true,async=true
13:18:04.082 [qtp824248140-23] DEBUG org.eclipse.jetty.servlet.ServletHandler - call servlet com.github.tomakehurst.wiremock.servlet.WireMockHandlerDispatchingServlet-5caa16bf@54365==com.github.tomakehurst.wiremock.servlet.WireMockHandlerDispatchingServlet,jsp=null,order=-1,inst=true,async=true
13:18:04.083 [qtp824248140-23] DEBUG org.eclipse.jetty.server.HttpConnection - HttpConnection@6d895b6e::NetworkTrafficSocketChannelEndPoint@5c83d21{/127.0.0.1:64952<->/127.0.0.1:8080,OPEN,fill=-,flush=-,to=4/30000}{io=1/0,kio=1,kro=1}->HttpConnection@6d895b6e[p=HttpParser{s=CONTENT,0 of 644},g=HttpGenerator@54c679a9{s=START}]=>HttpChannelOverHttp@4adcbb1c{s=HttpChannelState@131607a{s=HANDLING rs=BLOCKING os=OPEN is=IDLE awp=false se=false i=true al=0},r=2,c=false/false,a=HANDLING,uri=//localhost:8080/__admin/mappings,age=2} parse HeapByteBuffer@6457bf7d[p=195,l=839,c=8192,r=644]={POST /__a....2)\r\n\r\n<<<{\r\n  "id" : "119840fa-8e2...ioState" : "Started"\r\n}>>>\x00\x00\x00\x00\x00\x00\x00\x00\x00...\x00\x00\x00\x00\x00\x00\x00} {}
13:18:04.083 [qtp824248140-23] DEBUG org.eclipse.jetty.http.HttpParser - parseNext s=CONTENT HeapByteBuffer@6457bf7d[p=195,l=839,c=8192,r=644]={POST /__a....2)\r\n\r\n<<<{\r\n  "id" : "119840fa-8e2...ioState" : "Started"\r\n}>>>\x00\x00\x00\x00\x00\x00\x00\x00\x00...\x00\x00\x00\x00\x00\x00\x00}
13:18:04.083 [qtp824248140-23] DEBUG org.eclipse.jetty.server.HttpChannel - onContent HttpChannelOverHttp@4adcbb1c{s=HttpChannelState@131607a{s=HANDLING rs=BLOCKING os=OPEN is=IDLE awp=false se=false i=true al=0},r=2,c=false/false,a=HANDLING,uri=//localhost:8080/__admin/mappings,age=3} Content@367929e9{HeapByteBufferR@42c42a9b[p=195,l=839,c=8192,r=644]={POST /__a....2)\r\n\r\n<<<{\r\n  "id" : "119840fa-8e2...ioState" : "Started"\r\n}>>>\x00\x00\x00\x00\x00\x00\x00\x00\x00...\x00\x00\x00\x00\x00\x00\x00}}
13:18:04.083 [qtp824248140-23] DEBUG org.eclipse.jetty.server.HttpInput - HttpInputOverHTTP@f3b1939[c=0,q=0,[0]=null,s=STREAM] addContent Content@367929e9{HeapByteBufferR@42c42a9b[p=195,l=839,c=8192,r=644]={POST /__a....2)\r\n\r\n<<<{\r\n  "id" : "119840fa-8e2...ioState" : "Started"\r\n}>>>\x00\x00\x00\x00\x00\x00\x00\x00\x00...\x00\x00\x00\x00\x00\x00\x00}}
13:18:04.083 [qtp824248140-23] DEBUG org.eclipse.jetty.http.HttpParser - CONTENT --> CONTENT_END
13:18:04.083 [qtp824248140-23] DEBUG org.eclipse.jetty.server.HttpChannel - onContentComplete HttpChannelOverHttp@4adcbb1c{s=HttpChannelState@131607a{s=HANDLING rs=BLOCKING os=OPEN is=IDLE awp=false se=false i=true al=0},r=2,c=false/false,a=HANDLING,uri=//localhost:8080/__admin/mappings,age=3}
13:18:04.083 [qtp824248140-23] DEBUG org.eclipse.jetty.http.HttpParser - CONTENT_END --> END
13:18:04.083 [qtp824248140-23] DEBUG org.eclipse.jetty.server.HttpChannel - onRequestComplete HttpChannelOverHttp@4adcbb1c{s=HttpChannelState@131607a{s=HANDLING rs=BLOCKING os=OPEN is=IDLE awp=false se=false i=true al=0},r=2,c=false/false,a=HANDLING,uri=//localhost:8080/__admin/mappings,age=3}
13:18:04.083 [qtp824248140-23] DEBUG org.eclipse.jetty.server.HttpInput - HttpInputOverHTTP@f3b1939[c=0,q=1,[0]=EOF,s=STREAM] addContent EOF
13:18:04.084 [qtp824248140-23] DEBUG org.eclipse.jetty.server.HttpConnection - HttpConnection@6d895b6e::NetworkTrafficSocketChannelEndPoint@5c83d21{/127.0.0.1:64952<->/127.0.0.1:8080,OPEN,fill=-,flush=-,to=5/30000}{io=1/0,kio=1,kro=1}->HttpConnection@6d895b6e[p=HttpParser{s=END,644 of 644},g=HttpGenerator@54c679a9{s=START}]=>HttpChannelOverHttp@4adcbb1c{s=HttpChannelState@131607a{s=HANDLING rs=BLOCKING os=OPEN is=IDLE awp=false se=false i=true al=0},r=2,c=false/false,a=HANDLING,uri=//localhost:8080/__admin/mappings,age=4} parsed false HttpParser{s=END,644 of 644}
13:18:04.084 [qtp824248140-23] DEBUG org.eclipse.jetty.server.HttpInput - HttpInputOverHTTP@f3b1939[c=644,q=1,[0]=EOF,s=STREAM] read 644 from Content@367929e9{HeapByteBufferR@42c42a9b[p=839,l=839,c=8192,r=0]={POST /__a...ted"\r\n}<<<>>>\x00\x00\x00\x00\x00\x00\x00\x00\x00...\x00\x00\x00\x00\x00\x00\x00}}
13:18:04.084 [qtp824248140-23] DEBUG org.eclipse.jetty.server.HttpConnection - releaseRequestBuffer HttpConnection@6d895b6e::NetworkTrafficSocketChannelEndPoint@5c83d21{/127.0.0.1:64952<->/127.0.0.1:8080,OPEN,fill=-,flush=-,to=5/30000}{io=1/0,kio=1,kro=1}->HttpConnection@6d895b6e[p=HttpParser{s=END,644 of 644},g=HttpGenerator@54c679a9{s=START}]=>HttpChannelOverHttp@4adcbb1c{s=HttpChannelState@131607a{s=HANDLING rs=BLOCKING os=OPEN is=IDLE awp=false se=false i=true al=0},r=2,c=false/false,a=HANDLING,uri=//localhost:8080/__admin/mappings,age=4}
13:18:04.084 [qtp824248140-23] DEBUG org.eclipse.jetty.server.HttpChannelState - onEof HttpChannelState@131607a{s=HANDLING rs=BLOCKING os=OPEN is=IDLE awp=false se=false i=true al=0}
13:18:04.088 [qtp824248140-20] DEBUG org.eclipse.jetty.util.thread.ReservedThreadExecutor - ReservedThreadExecutor@238f6469{s=0/1,p=1}@45cccc31 task=EatWhatYouKill@36d30a44/SelectorProducer@a77e489/IDLE/p=true/QueuedThreadPool[qtp824248140]@3121074c{STARTED,8<=8<=14,i=1,r=1,q=0}[ReservedThreadExecutor@238f6469{s=0/1,p=1}][pc=0,pic=0,pec=1,epc=1]@2020-09-25T13:18:04.0873557+02:00
13:18:04.090 [qtp824248140-20] DEBUG org.eclipse.jetty.util.thread.strategy.EatWhatYouKill - EatWhatYouKill@36d30a44/SelectorProducer@a77e489/IDLE/p=true/QueuedThreadPool[qtp824248140]@3121074c{STARTED,8<=8<=14,i=1,r=1,q=0}[ReservedThreadExecutor@238f6469{s=0/1,p=1}][pc=0,pic=0,pec=1,epc=1]@2020-09-25T13:18:04.0903541+02:00 tryProduce true
13:18:04.090 [qtp824248140-20] DEBUG org.eclipse.jetty.io.ManagedSelector - updateable 0
13:18:04.093 [qtp824248140-20] DEBUG org.eclipse.jetty.io.ManagedSelector - updates 0
13:18:04.094 [qtp824248140-24] DEBUG org.eclipse.jetty.util.thread.QueuedThreadPool - run ReservedThreadExecutor@238f6469{s=0/1,p=1}@454c973f in QueuedThreadPool[qtp824248140]@3121074c{STARTED,8<=8<=14,i=1,r=1,q=0}[ReservedThreadExecutor@238f6469{s=0/1,p=1}]
13:18:04.094 [qtp824248140-24] DEBUG org.eclipse.jetty.util.thread.ReservedThreadExecutor - ReservedThreadExecutor@238f6469{s=1/1,p=1}@454c973f started
13:18:04.094 [qtp824248140-24] DEBUG org.eclipse.jetty.util.thread.ReservedThreadExecutor - ReservedThreadExecutor@238f6469{s=1/1,p=0}@454c973f waiting
13:18:04.108 [qtp824248140-20] DEBUG org.eclipse.jetty.io.ChannelEndPoint - Key interests updated 1 -> 0 on NetworkTrafficSocketChannelEndPoint@5c83d21{/127.0.0.1:64952<->/127.0.0.1:8080,OPEN,fill=-,flush=-,to=15/30000}{io=0/0,kio=0,kro=1}->HttpConnection@6d895b6e[p=HttpParser{s=END,644 of 644},g=HttpGenerator@54c679a9{s=START}]=>HttpChannelOverHttp@4adcbb1c{s=HttpChannelState@131607a{s=HANDLING rs=BLOCKING os=OPEN is=READY awp=false se=false i=true al=0},r=2,c=false/false,a=HANDLING,uri=//localhost:8080/__admin/mappings,age=28}
13:18:04.108 [qtp824248140-20] DEBUG org.eclipse.jetty.io.ManagedSelector - Selector sun.nio.ch.WindowsSelectorImpl@79f2d02e waiting with 1 keys
13:18:04.329 [qtp824248140-23] DEBUG org.eclipse.jetty.server.HttpOutput - write(array HeapByteBuffer@31311a45[p=0,l=644,c=8192,r=644]={<<<{\r\n  "id" : "119840fa-8e2...ioState" : "Started"\r\n}>>>\x00\x00\x00\x00\x00\x00\x00\x00\x00...\x00\x00\x00\x00\x00\x00\x00})
13:18:04.330 [qtp824248140-23] DEBUG org.eclipse.jetty.server.HttpOutput - write(array) s=OPEN,api=BLOCKING,sc=false,e=null aggregated !flush DirectByteBuffer@5b058719[p=0,l=644,c=32768,r=644]={<<<{\r\n  "id" : "119840fa-8e2...ioState" : "Started"\r\n}>>>\x00\x00\x00\x00\x00\x00\x00\x00\x00...\x00\x00\x00\x00\x00\x00\x00}
13:18:04.330 [qtp824248140-23] DEBUG org.eclipse.jetty.server.HttpChannel - sendResponse info=null content=DirectByteBuffer@5b058719[p=0,l=644,c=32768,r=644]={<<<{\r\n  "id" : "119840fa-8e2...ioState" : "Started"\r\n}>>>\x00\x00\x00\x00\x00\x00\x00\x00\x00...\x00\x00\x00\x00\x00\x00\x00} complete=false committing=true callback=Blocker@788766c6{null}
13:18:04.330 [qtp824248140-23] DEBUG org.eclipse.jetty.server.HttpChannel - COMMIT for /__admin/mappings on HttpChannelOverHttp@4adcbb1c{s=HttpChannelState@131607a{s=HANDLING rs=BLOCKING os=COMMITTED is=READY awp=false se=false i=true al=0},r=2,c=false/false,a=HANDLING,uri=//localhost:8080/__admin/mappings,age=250}
201 null HTTP/1.1
Content-Type: application/json


13:18:04.330 [qtp824248140-23] DEBUG org.eclipse.jetty.server.HttpConnection - generate: NEED_HEADER for org.eclipse.jetty.server.HttpConnection$SendCallback@4252d2[PROCESSING][i=HTTP/1.1{s=201,h=1,cl=-1},cb=org.eclipse.jetty.server.HttpChannel$SendCallback@5c1d35d5] (null,[p=0,l=644,c=32768,r=644],false)@START
13:18:04.331 [qtp824248140-23] DEBUG org.eclipse.jetty.http.HttpGenerator - generateHeaders HTTP/1.1{s=201,h=1,cl=-1} last=false content=DirectByteBuffer@5b058719[p=0,l=644,c=32768,r=644]={<<<{\r\n  "id" : "119840fa-8e2...ioState" : "Started"\r\n}>>>\x00\x00\x00\x00\x00\x00\x00\x00\x00...\x00\x00\x00\x00\x00\x00\x00}
13:18:04.331 [qtp824248140-23] DEBUG org.eclipse.jetty.http.HttpGenerator - Content-Type: application/json


13:18:04.331 [qtp824248140-23] DEBUG org.eclipse.jetty.http.HttpGenerator - CHUNKED_CONTENT
13:18:04.331 [qtp824248140-23] DEBUG org.eclipse.jetty.server.HttpConnection - generate: FLUSH for org.eclipse.jetty.server.HttpConnection$SendCallback@4252d2[PROCESSING][i=HTTP/1.1{s=201,h=1,cl=-1},cb=org.eclipse.jetty.server.HttpChannel$SendCallback@5c1d35d5] ([p=0,l=122,c=8192,r=122],[p=0,l=644,c=32768,r=644],false)@COMMITTED
13:18:04.331 [qtp824248140-23] DEBUG org.eclipse.jetty.io.WriteFlusher - write: WriteFlusher@5e80a9d5{IDLE}->null [HeapByteBuffer@6457bf7d[p=0,l=122,c=8192,r=122]={<<<HTTP/1.1 201 Created\r\nCon....28.v20200408)\r\n\r\n284\r\n>>>ction: Ke...\x00\x00\x00\x00\x00\x00\x00},DirectByteBuffer@5b058719[p=0,l=644,c=32768,r=644]={<<<{\r\n  "id" : "119840fa-8e2...ioState" : "Started"\r\n}>>>\x00\x00\x00\x00\x00\x00\x00\x00\x00...\x00\x00\x00\x00\x00\x00\x00}]
13:18:04.331 [qtp824248140-23] DEBUG org.eclipse.jetty.io.WriteFlusher - update WriteFlusher@5e80a9d5{WRITING}->null:IDLE-->WRITING
13:18:04.332 [Test worker] DEBUG org.apache.http.wire - http-outgoing-0 << "HTTP/1.1 201 Created[\r][\n]"
13:18:04.332 [Test worker] DEBUG org.apache.http.wire - http-outgoing-0 << "Content-Type: application/json[\r][\n]"
13:18:04.332 [Test worker] DEBUG org.apache.http.wire - http-outgoing-0 << "Transfer-Encoding: chunked[\r][\n]"
13:18:04.332 [Test worker] DEBUG org.apache.http.wire - http-outgoing-0 << "Server: Jetty(9.4.28.v20200408)[\r][\n]"
13:18:04.332 [Test worker] DEBUG org.apache.http.wire - http-outgoing-0 << "[\r][\n]"
13:18:04.332 [Test worker] DEBUG org.apache.http.wire - http-outgoing-0 << "284[\r][\n]"
13:18:04.332 [Test worker] DEBUG org.apache.http.headers - http-outgoing-0 << HTTP/1.1 201 Created
13:18:04.332 [Test worker] DEBUG org.apache.http.headers - http-outgoing-0 << Content-Type: application/json
13:18:04.332 [Test worker] DEBUG org.apache.http.headers - http-outgoing-0 << Transfer-Encoding: chunked
13:18:04.332 [Test worker] DEBUG org.apache.http.headers - http-outgoing-0 << Server: Jetty(9.4.28.v20200408)
13:18:04.332 [Test worker] DEBUG org.apache.http.impl.execchain.MainClientExec - Connection can be kept alive indefinitely
13:18:04.334 [qtp824248140-23] DEBUG org.eclipse.jetty.io.ChannelEndPoint - flushed 122 NetworkTrafficSocketChannelEndPoint@5c83d21{/127.0.0.1:64952<->/127.0.0.1:8080,OPEN,fill=-,flush=W,to=254/30000}{io=0/0,kio=0,kro=1}->HttpConnection@6d895b6e[p=HttpParser{s=END,644 of 644},g=HttpGenerator@54c679a9{s=COMMITTED}]=>HttpChannelOverHttp@4adcbb1c{s=HttpChannelState@131607a{s=HANDLING rs=BLOCKING os=COMMITTED is=READY awp=false se=false i=true al=0},r=2,c=false/false,a=HANDLING,uri=//localhost:8080/__admin/mappings,age=254}
13:18:04.334 [Test worker] DEBUG org.apache.http.wire - http-outgoing-0 << "{[\r][\n]"
13:18:04.334 [Test worker] DEBUG org.apache.http.wire - http-outgoing-0 << "  "id" : "119840fa-8e29-44b8-bf4c-6e4b40a3c5e5",[\r][\n]"
13:18:04.334 [Test worker] DEBUG org.apache.http.wire - http-outgoing-0 << "  "request" : {[\r][\n]"
13:18:04.334 [Test worker] DEBUG org.apache.http.wire - http-outgoing-0 << "    "url" : "/api/v0/components/login",[\r][\n]"
13:18:04.334 [Test worker] DEBUG org.apache.http.wire - http-outgoing-0 << "    "method" : "POST",[\r][\n]"
13:18:04.334 [Test worker] DEBUG org.apache.http.wire - http-outgoing-0 << "    "headers" : {[\r][\n]"
13:18:04.334 [Test worker] DEBUG org.apache.http.wire - http-outgoing-0 << "      "Content-Type" : {[\r][\n]"
13:18:04.334 [Test worker] DEBUG org.apache.http.wire - http-outgoing-0 << "        "equalTo" : "application/json"[\r][\n]"
13:18:04.334 [Test worker] DEBUG org.apache.http.wire - http-outgoing-0 << "      }[\r][\n]"
13:18:04.334 [Test worker] DEBUG org.apache.http.wire - http-outgoing-0 << "    },[\r][\n]"
13:18:04.334 [Test worker] DEBUG org.apache.http.wire - http-outgoing-0 << "    "bodyPatterns" : [ {[\r][\n]"
13:18:04.334 [Test worker] DEBUG org.apache.http.wire - http-outgoing-0 << "      "equalTo" : "{\"password\":\"123456\",\"username\":\"catalogClientApi\"}"[\r][\n]"
13:18:04.334 [Test worker] DEBUG org.apache.http.wire - http-outgoing-0 << "    } ][\r][\n]"
13:18:04.335 [Test worker] DEBUG org.apache.http.wire - http-outgoing-0 << "  },[\r][\n]"
13:18:04.335 [Test worker] DEBUG org.apache.http.wire - http-outgoing-0 << "  "response" : {[\r][\n]"
13:18:04.335 [Test worker] DEBUG org.apache.http.wire - http-outgoing-0 << "    "status" : 200,[\r][\n]"
13:18:04.335 [Test worker] DEBUG org.apache.http.wire - http-outgoing-0 << "    "body" : "{\"token\":\"someToken\"}",[\r][\n]"
13:18:04.335 [Test worker] DEBUG org.apache.http.wire - http-outgoing-0 << "    "headers" : {[\r][\n]"
13:18:04.335 [Test worker] DEBUG org.apache.http.wire - http-outgoing-0 << "      "Content-Type" : "application/json"[\r][\n]"
13:18:04.335 [Test worker] DEBUG org.apache.http.wire - http-outgoing-0 << "    }[\r][\n]"
13:18:04.335 [Test worker] DEBUG org.apache.http.wire - http-outgoing-0 << "  },[\r][\n]"
13:18:04.335 [Test worker] DEBUG org.apache.http.wire - http-outgoing-0 << "  "uuid" : "119840fa-8e29-44b8-bf4c-6e4b40a3c5e5",[\r][\n]"
13:18:04.335 [Test worker] DEBUG org.apache.http.wire - http-outgoing-0 << "  "scenarioName" : "unAuthorized",[\r][\n]"
13:18:04.335 [Test worker] DEBUG org.apache.http.wire - http-outgoing-0 << "  "requiredScenarioState" : "Started"[\r][\n]"
13:18:04.335 [Test worker] DEBUG org.apache.http.wire - http-outgoing-0 << "}"
13:18:04.335 [qtp824248140-23] DEBUG org.eclipse.jetty.io.ChannelEndPoint - flushed 644 NetworkTrafficSocketChannelEndPoint@5c83d21{/127.0.0.1:64952<->/127.0.0.1:8080,OPEN,fill=-,flush=W,to=0/30000}{io=0/0,kio=0,kro=1}->HttpConnection@6d895b6e[p=HttpParser{s=END,644 of 644},g=HttpGenerator@54c679a9{s=COMMITTED}]=>HttpChannelOverHttp@4adcbb1c{s=HttpChannelState@131607a{s=HANDLING rs=BLOCKING os=COMMITTED is=READY awp=false se=false i=true al=0},r=2,c=false/false,a=HANDLING,uri=//localhost:8080/__admin/mappings,age=254}
13:18:04.335 [qtp824248140-23] DEBUG org.eclipse.jetty.io.WriteFlusher - Flushed=true written=766 remaining=0 WriteFlusher@5e80a9d5{WRITING}->null
13:18:04.335 [qtp824248140-23] DEBUG org.eclipse.jetty.io.WriteFlusher - update WriteFlusher@5e80a9d5{IDLE}->null:WRITING-->IDLE
13:18:04.335 [qtp824248140-23] DEBUG org.eclipse.jetty.server.HttpConnection - generate: DONE for org.eclipse.jetty.server.HttpConnection$SendCallback@4252d2[PROCESSING][i=HTTP/1.1{s=201,h=1,cl=-1},cb=org.eclipse.jetty.server.HttpChannel$SendCallback@5c1d35d5] ([p=122,l=122,c=8192,r=0],[p=644,l=644,c=32768,r=0],false)@COMMITTED
13:18:04.335 [qtp824248140-23] DEBUG org.eclipse.jetty.server.HttpOutput - onWriteComplete(false,null) s=OPEN,api=BLOCKED,sc=false,e=null->s=OPEN,api=BLOCKING,sc=false,e=null c=null cb=null w=false
13:18:04.336 [qtp824248140-23] DEBUG org.eclipse.jetty.server.HttpOutput - close() s=CLOSING,api=BLOCKED,sc=false,e=null c=HeapByteBuffer@137d328[p=0,l=0,c=0,r=0]={<<<>>>} b=Blocker@788766c6{null}
13:18:04.336 [qtp824248140-23] DEBUG org.eclipse.jetty.server.HttpChannel - sendResponse info=null content=HeapByteBuffer@137d328[p=0,l=0,c=0,r=0]={<<<>>>} complete=true committing=false callback=Blocker@788766c6{null}
13:18:04.336 [qtp824248140-23] DEBUG org.eclipse.jetty.server.HttpConnection - generate: CONTINUE for org.eclipse.jetty.server.HttpConnection$SendCallback@4252d2[PROCESSING][i=null,cb=org.eclipse.jetty.server.HttpChannel$SendCallback@1f0599a6] (null,[p=0,l=0,c=0,r=0],true)@COMPLETING
13:18:04.336 [qtp824248140-23] DEBUG org.eclipse.jetty.server.HttpConnection - generate: NEED_CHUNK for org.eclipse.jetty.server.HttpConnection$SendCallback@4252d2[PROCESSING][i=null,cb=org.eclipse.jetty.server.HttpChannel$SendCallback@1f0599a6] (null,[p=0,l=0,c=0,r=0],true)@COMPLETING
13:18:04.336 [qtp824248140-23] DEBUG org.eclipse.jetty.server.HttpConnection - generate: FLUSH for org.eclipse.jetty.server.HttpConnection$SendCallback@4252d2[PROCESSING][i=null,cb=org.eclipse.jetty.server.HttpChannel$SendCallback@1f0599a6] (null,[p=0,l=0,c=0,r=0],true)@COMPLETING
13:18:04.336 [qtp824248140-23] DEBUG org.eclipse.jetty.io.WriteFlusher - write: WriteFlusher@5e80a9d5{IDLE}->null [HeapByteBuffer@29acffbb[p=0,l=7,c=1024,r=7]={<<<\r\n0\r\n\r\n>>>\x00\x00\x00\x00\x00\x00\x00\x00\x00...\x00\x00\x00\x00\x00\x00\x00}]
13:18:04.336 [qtp824248140-23] DEBUG org.eclipse.jetty.io.WriteFlusher - update WriteFlusher@5e80a9d5{WRITING}->null:IDLE-->WRITING
13:18:04.336 [Test worker] DEBUG org.apache.http.wire - http-outgoing-0 << "[\r][\n]"
13:18:04.336 [Test worker] DEBUG org.apache.http.wire - http-outgoing-0 << "0[\r][\n]"
13:18:04.336 [Test worker] DEBUG org.apache.http.wire - http-outgoing-0 << "[\r][\n]"
13:18:04.336 [Test worker] DEBUG org.apache.http.impl.conn.PoolingHttpClientConnectionManager - Connection [id: 0][route: {}->http://localhost:8080] can be kept alive indefinitely
13:18:04.336 [Test worker] DEBUG org.apache.http.impl.conn.DefaultManagedHttpClientConnection - http-outgoing-0: set socket timeout to 0
13:18:04.336 [Test worker] DEBUG org.apache.http.impl.conn.PoolingHttpClientConnectionManager - Connection released: [id: 0][route: {}->http://localhost:8080][total available: 1; route allocated: 1 of 5; total allocated: 1 of 50]
13:18:04.354 [qtp824248140-23] DEBUG org.eclipse.jetty.io.ChannelEndPoint - flushed 7 NetworkTrafficSocketChannelEndPoint@5c83d21{/127.0.0.1:64952<->/127.0.0.1:8080,OPEN,fill=-,flush=W,to=2/30000}{io=0/0,kio=0,kro=1}->HttpConnection@6d895b6e[p=HttpParser{s=END,644 of 644},g=HttpGenerator@54c679a9{s=COMPLETING}]=>HttpChannelOverHttp@4adcbb1c{s=HttpChannelState@131607a{s=HANDLING rs=BLOCKING os=COMMITTED is=READY awp=false se=false i=true al=0},r=2,c=false/false,a=HANDLING,uri=//localhost:8080/__admin/mappings,age=274}
13:18:04.355 [qtp824248140-23] DEBUG org.eclipse.jetty.io.WriteFlusher - Flushed=true written=7 remaining=0 WriteFlusher@5e80a9d5{WRITING}->null
13:18:04.355 [qtp824248140-23] DEBUG org.eclipse.jetty.io.WriteFlusher - update WriteFlusher@5e80a9d5{IDLE}->null:WRITING-->IDLE
13:18:04.356 [qtp824248140-23] DEBUG org.eclipse.jetty.server.HttpConnection - generate: DONE for org.eclipse.jetty.server.HttpConnection$SendCallback@4252d2[PROCESSING][i=null,cb=org.eclipse.jetty.server.HttpChannel$SendCallback@1f0599a6] (null,[p=0,l=0,c=0,r=0],true)@END
13:18:04.356 [qtp824248140-23] DEBUG org.eclipse.jetty.server.HttpOutput - onWriteComplete(true,null) s=CLOSING,api=BLOCKED,sc=false,e=null->s=CLOSED,api=BLOCKING,sc=false,e=null c=null cb=null w=false
13:18:04.359 [qtp824248140-23] DEBUG org.eclipse.jetty.server.handler.gzip.GzipHandler - GzipHandler@42831d1d{STARTED,min=32,inflate=-1} handle Request[POST //localhost:8080/__admin/mappings]@7239355a in null
13:18:04.360 [qtp824248140-23] DEBUG org.eclipse.jetty.server.handler.ContextHandler - scope null||/__admin/mappings @ o.e.j.s.ServletContextHandler@62d767f{/,null,AVAILABLE}
13:18:04.360 [qtp824248140-23] DEBUG org.eclipse.jetty.server.Server - handled=true async=false committed=true on HttpChannelOverHttp@4adcbb1c{s=HttpChannelState@131607a{s=HANDLING rs=BLOCKING os=COMPLETED is=READY awp=false se=false i=true al=0},r=2,c=false/true,a=HANDLING,uri=//localhost:8080/__admin/mappings,age=280}
13:18:04.360 [qtp824248140-23] DEBUG org.eclipse.jetty.server.HttpChannelState - unhandle HttpChannelState@131607a{s=HANDLING rs=BLOCKING os=COMPLETED is=READY awp=false se=false i=true al=0}
13:18:04.360 [qtp824248140-23] DEBUG org.eclipse.jetty.server.HttpChannelState - nextAction(false) COMPLETE HttpChannelState@131607a{s=HANDLING rs=COMPLETING os=COMPLETED is=READY awp=false se=false i=false al=0}
13:18:04.360 [qtp824248140-23] DEBUG org.eclipse.jetty.server.HttpChannel - action COMPLETE HttpChannelOverHttp@4adcbb1c{s=HttpChannelState@131607a{s=HANDLING rs=COMPLETING os=COMPLETED is=READY awp=false se=false i=false al=0},r=2,c=false/true,a=HANDLING,uri=//localhost:8080/__admin/mappings,age=280}
13:18:04.360 [qtp824248140-23] DEBUG org.eclipse.jetty.server.HttpOutput - complete(org.eclipse.jetty.util.Callback$4@6dd29221) s=CLOSED,api=BLOCKING,sc=false,e=null s=true e=null, c=null
13:18:04.360 [qtp824248140-23] DEBUG org.eclipse.jetty.server.HttpChannelState - completed HttpChannelState@131607a{s=HANDLING rs=COMPLETING os=COMPLETED is=READY awp=false se=false i=false al=0}
13:18:04.360 [qtp824248140-23] DEBUG org.eclipse.jetty.server.HttpChannelState - unhandle HttpChannelState@131607a{s=HANDLING rs=COMPLETED os=COMPLETED is=READY awp=false se=false i=false al=0}
13:18:04.360 [qtp824248140-23] DEBUG org.eclipse.jetty.server.HttpChannelState - nextAction(false) TERMINATED HttpChannelState@131607a{s=IDLE rs=COMPLETED os=COMPLETED is=READY awp=false se=false i=false al=0}
13:18:04.361 [qtp824248140-23] DEBUG org.eclipse.jetty.server.HttpChannel - action TERMINATED HttpChannelOverHttp@4adcbb1c{s=HttpChannelState@131607a{s=IDLE rs=COMPLETED os=COMPLETED is=READY awp=false se=false i=false al=0},r=2,c=true/true,a=IDLE,uri=//localhost:8080/__admin/mappings,age=280}
13:18:04.363 [qtp824248140-23] DEBUG org.eclipse.jetty.server.HttpChannel - onCompleted for /__admin/mappings written=644
13:18:04.370 [qtp824248140-23] DEBUG org.eclipse.jetty.server.HttpChannelState - recycle HttpChannelState@131607a{s=IDLE rs=COMPLETED os=COMPLETED is=READY awp=false se=false i=false al=0}
13:18:04.370 [qtp824248140-23] DEBUG org.eclipse.jetty.http.HttpParser - reset HttpParser{s=END,644 of 644}
13:18:04.370 [qtp824248140-23] DEBUG org.eclipse.jetty.http.HttpParser - END --> START
13:18:04.370 [qtp824248140-23] DEBUG org.eclipse.jetty.server.HttpChannel - !handle TERMINATED HttpChannelOverHttp@4adcbb1c{s=HttpChannelState@131607a{s=IDLE rs=BLOCKING os=OPEN is=IDLE awp=false se=false i=true al=0},r=2,c=false/false,a=IDLE,uri=null,age=0}
13:18:04.372 [qtp824248140-23] DEBUG org.eclipse.jetty.io.ChannelEndPoint - filled 0 HeapByteBuffer@6457bf7d[p=0,l=0,c=8192,r=0]={<<<>>>HTTP/1.1 ...\x00\x00\x00\x00\x00\x00\x00}
13:18:04.372 [qtp824248140-23] DEBUG org.eclipse.jetty.io.ChannelEndPoint - filled 0 HeapByteBuffer@6457bf7d[p=0,l=0,c=8192,r=0]={<<<>>>HTTP/1.1 ...\x00\x00\x00\x00\x00\x00\x00}
13:18:04.372 [qtp824248140-23] DEBUG org.eclipse.jetty.server.HttpConnection - HttpConnection@6d895b6e::NetworkTrafficSocketChannelEndPoint@5c83d21{/127.0.0.1:64952<->/127.0.0.1:8080,OPEN,fill=-,flush=-,to=17/30000}{io=0/0,kio=0,kro=1}->HttpConnection@6d895b6e[p=HttpParser{s=START,0 of -1},g=HttpGenerator@54c679a9{s=START}]=>HttpChannelOverHttp@4adcbb1c{s=HttpChannelState@131607a{s=IDLE rs=BLOCKING os=OPEN is=IDLE awp=false se=false i=true al=0},r=2,c=false/false,a=IDLE,uri=null,age=0} filled 0 HeapByteBuffer@6457bf7d[p=0,l=0,c=8192,r=0]={<<<>>>HTTP/1.1 ...\x00\x00\x00\x00\x00\x00\x00}
13:18:04.372 [qtp824248140-23] DEBUG org.eclipse.jetty.server.HttpConnection - HttpConnection@6d895b6e::NetworkTrafficSocketChannelEndPoint@5c83d21{/127.0.0.1:64952<->/127.0.0.1:8080,OPEN,fill=-,flush=-,to=17/30000}{io=0/0,kio=0,kro=1}->HttpConnection@6d895b6e[p=HttpParser{s=START,0 of -1},g=HttpGenerator@54c679a9{s=START}]=>HttpChannelOverHttp@4adcbb1c{s=HttpChannelState@131607a{s=IDLE rs=BLOCKING os=OPEN is=IDLE awp=false se=false i=true al=0},r=2,c=false/false,a=IDLE,uri=null,age=0} parse HeapByteBuffer@6457bf7d[p=0,l=0,c=8192,r=0]={<<<>>>HTTP/1.1 ...\x00\x00\x00\x00\x00\x00\x00} {}
13:18:04.372 [qtp824248140-23] DEBUG org.eclipse.jetty.http.HttpParser - parseNext s=START HeapByteBuffer@6457bf7d[p=0,l=0,c=8192,r=0]={<<<>>>HTTP/1.1 ...\x00\x00\x00\x00\x00\x00\x00}
13:18:04.373 [qtp824248140-23] DEBUG org.eclipse.jetty.server.HttpConnection - HttpConnection@6d895b6e::NetworkTrafficSocketChannelEndPoint@5c83d21{/127.0.0.1:64952<->/127.0.0.1:8080,OPEN,fill=-,flush=-,to=17/30000}{io=0/0,kio=0,kro=1}->HttpConnection@6d895b6e[p=HttpParser{s=START,0 of -1},g=HttpGenerator@54c679a9{s=START}]=>HttpChannelOverHttp@4adcbb1c{s=HttpChannelState@131607a{s=IDLE rs=BLOCKING os=OPEN is=IDLE awp=false se=false i=true al=0},r=2,c=false/false,a=IDLE,uri=null,age=0} parsed false HttpParser{s=START,0 of -1}
13:18:04.379 [qtp824248140-23] DEBUG org.eclipse.jetty.server.HttpConnection - releaseRequestBuffer HttpConnection@6d895b6e::NetworkTrafficSocketChannelEndPoint@5c83d21{/127.0.0.1:64952<->/127.0.0.1:8080,OPEN,fill=-,flush=-,to=21/30000}{io=0/0,kio=0,kro=1}->HttpConnection@6d895b6e[p=HttpParser{s=START,0 of -1},g=HttpGenerator@54c679a9{s=START}]=>HttpChannelOverHttp@4adcbb1c{s=HttpChannelState@131607a{s=IDLE rs=BLOCKING os=OPEN is=IDLE awp=false se=false i=true al=0},r=2,c=false/false,a=IDLE,uri=null,age=0}
13:18:04.380 [qtp824248140-23] DEBUG org.eclipse.jetty.io.AbstractConnection - fillInterested HttpConnection@6d895b6e::NetworkTrafficSocketChannelEndPoint@5c83d21{/127.0.0.1:64952<->/127.0.0.1:8080,OPEN,fill=-,flush=-,to=25/30000}{io=0/0,kio=0,kro=1}->HttpConnection@6d895b6e[p=HttpParser{s=START,0 of -1},g=HttpGenerator@54c679a9{s=START}]=>HttpChannelOverHttp@4adcbb1c{s=HttpChannelState@131607a{s=IDLE rs=BLOCKING os=OPEN is=IDLE awp=false se=false i=true al=0},r=2,c=false/false,a=IDLE,uri=null,age=0}
13:18:04.380 [qtp824248140-23] DEBUG org.eclipse.jetty.io.FillInterest - interested FillInterest@73330a74{AC.ReadCB@6d895b6e{HttpConnection@6d895b6e::NetworkTrafficSocketChannelEndPoint@5c83d21{/127.0.0.1:64952<->/127.0.0.1:8080,OPEN,fill=FI,flush=-,to=0/30000}{io=0/0,kio=0,kro=1}->HttpConnection@6d895b6e[p=HttpParser{s=START,0 of -1},g=HttpGenerator@54c679a9{s=START}]=>HttpChannelOverHttp@4adcbb1c{s=HttpChannelState@131607a{s=IDLE rs=BLOCKING os=OPEN is=IDLE awp=false se=false i=true al=0},r=2,c=false/false,a=IDLE,uri=null,age=0}}}
13:18:04.380 [qtp824248140-23] DEBUG org.eclipse.jetty.io.ChannelEndPoint - changeInterests p=false 0->1 for NetworkTrafficSocketChannelEndPoint@5c83d21{/127.0.0.1:64952<->/127.0.0.1:8080,OPEN,fill=FI,flush=-,to=0/30000}{io=0/1,kio=0,kro=1}->HttpConnection@6d895b6e[p=HttpParser{s=START,0 of -1},g=HttpGenerator@54c679a9{s=START}]=>HttpChannelOverHttp@4adcbb1c{s=HttpChannelState@131607a{s=IDLE rs=BLOCKING os=OPEN is=IDLE awp=false se=false i=true al=0},r=2,c=false/false,a=IDLE,uri=null,age=0}
13:18:04.380 [qtp824248140-23] DEBUG org.eclipse.jetty.io.ManagedSelector - Queued change org.eclipse.jetty.io.ChannelEndPoint$1@6bae17c5 on ManagedSelector@61fc9209{STARTED} id=1 keys=1 selected=0 updates=0
13:18:04.380 [qtp824248140-23] DEBUG org.eclipse.jetty.io.ManagedSelector - Wakeup on submit ManagedSelector@61fc9209{STARTED} id=1 keys=1 selected=0 updates=1
13:18:04.380 [qtp824248140-20] DEBUG org.eclipse.jetty.io.ManagedSelector - Selector sun.nio.ch.WindowsSelectorImpl@79f2d02e woken with none selected
13:18:04.381 [qtp824248140-20] DEBUG org.eclipse.jetty.io.ManagedSelector - Selector sun.nio.ch.WindowsSelectorImpl@79f2d02e woken up from select, 0/0/1 selected
13:18:04.381 [qtp824248140-20] DEBUG org.eclipse.jetty.io.ManagedSelector - Selector sun.nio.ch.WindowsSelectorImpl@79f2d02e processing 0 keys, 1 updates
13:18:04.381 [qtp824248140-20] DEBUG org.eclipse.jetty.io.ManagedSelector - updateable 1
13:18:04.381 [qtp824248140-20] DEBUG org.eclipse.jetty.io.ManagedSelector - update org.eclipse.jetty.io.ChannelEndPoint$1@6bae17c5
13:18:04.381 [qtp824248140-20] DEBUG org.eclipse.jetty.io.ChannelEndPoint - Key interests updated 0 -> 1 on NetworkTrafficSocketChannelEndPoint@5c83d21{/127.0.0.1:64952<->/127.0.0.1:8080,OPEN,fill=FI,flush=-,to=1/30000}{io=1/1,kio=1,kro=1}->HttpConnection@6d895b6e[p=HttpParser{s=START,0 of -1},g=HttpGenerator@54c679a9{s=START}]=>HttpChannelOverHttp@4adcbb1c{s=HttpChannelState@131607a{s=IDLE rs=BLOCKING os=OPEN is=IDLE awp=false se=false i=true al=0},r=2,c=false/false,a=IDLE,uri=null,age=0}
13:18:04.381 [qtp824248140-23] DEBUG org.eclipse.jetty.server.HttpConnection - HttpConnection@6d895b6e::NetworkTrafficSocketChannelEndPoint@5c83d21{/127.0.0.1:64952<->/127.0.0.1:8080,OPEN,fill=FI,flush=-,to=0/30000}{io=1/1,kio=1,kro=1}->HttpConnection@6d895b6e[p=HttpParser{s=START,0 of -1},g=HttpGenerator@54c679a9{s=START}]=>HttpChannelOverHttp@4adcbb1c{s=HttpChannelState@131607a{s=IDLE rs=BLOCKING os=OPEN is=IDLE awp=false se=false i=true al=0},r=2,c=false/false,a=IDLE,uri=null,age=0} onFillable exit HttpChannelState@131607a{s=IDLE rs=BLOCKING os=OPEN is=IDLE awp=false se=false i=true al=0} null
13:18:04.381 [qtp824248140-20] DEBUG org.eclipse.jetty.io.ManagedSelector - updates 0
13:18:04.381 [qtp824248140-20] DEBUG org.eclipse.jetty.io.ManagedSelector - Selector sun.nio.ch.WindowsSelectorImpl@79f2d02e waiting with 1 keys
13:18:04.381 [qtp824248140-23] DEBUG org.eclipse.jetty.util.thread.QueuedThreadPool - ran org.eclipse.jetty.io.ManagedSelector$$Lambda$425/0x00000001005fc040@11f56092 in QueuedThreadPool[qtp824248140]@3121074c{STARTED,8<=8<=14,i=1,r=1,q=0}[ReservedThreadExecutor@238f6469{s=1/1,p=0}]
13:18:04.385 [Test worker] DEBUG org.apache.http.impl.conn.PoolingHttpClientConnectionManager - Connection request: [route: {}->http://localhost:8080][total available: 1; route allocated: 1 of 5; total allocated: 1 of 50]
13:18:04.387 [Test worker] DEBUG org.apache.http.impl.conn.PoolingHttpClientConnectionManager - Connection leased: [id: 0][route: {}->http://localhost:8080][total available: 0; route allocated: 1 of 5; total allocated: 1 of 50]
13:18:04.387 [Test worker] DEBUG org.apache.http.impl.conn.DefaultManagedHttpClientConnection - http-outgoing-0: set socket timeout to 30000
13:18:04.387 [Test worker] DEBUG org.apache.http.impl.execchain.MainClientExec - Stale connection check
13:18:04.389 [Test worker] DEBUG org.apache.http.wire - http-outgoing-0 << "[read] I/O error: Read timed out"
13:18:04.389 [Test worker] DEBUG org.apache.http.impl.execchain.MainClientExec - Executing request POST /__admin/mappings HTTP/1.1
13:18:04.389 [Test worker] DEBUG org.apache.http.impl.execchain.MainClientExec - Target auth state: UNCHALLENGED
13:18:04.389 [Test worker] DEBUG org.apache.http.impl.execchain.MainClientExec - Proxy auth state: UNCHALLENGED
13:18:04.389 [Test worker] DEBUG org.apache.http.headers - http-outgoing-0 >> POST /__admin/mappings HTTP/1.1
13:18:04.389 [Test worker] DEBUG org.apache.http.headers - http-outgoing-0 >> Content-Length: 2378
13:18:04.389 [Test worker] DEBUG org.apache.http.headers - http-outgoing-0 >> Content-Type: text/plain; charset=UTF-8
13:18:04.389 [Test worker] DEBUG org.apache.http.headers - http-outgoing-0 >> Host: localhost:8080
13:18:04.389 [Test worker] DEBUG org.apache.http.headers - http-outgoing-0 >> Connection: Keep-Alive
13:18:04.389 [Test worker] DEBUG org.apache.http.headers - http-outgoing-0 >> User-Agent: Apache-HttpClient/4.5.12 (Java/11.0.2)
13:18:04.390 [Test worker] DEBUG org.apache.http.wire - http-outgoing-0 >> "POST /__admin/mappings HTTP/1.1[\r][\n]"
13:18:04.390 [Test worker] DEBUG org.apache.http.wire - http-outgoing-0 >> "Content-Length: 2378[\r][\n]"
13:18:04.390 [Test worker] DEBUG org.apache.http.wire - http-outgoing-0 >> "Content-Type: text/plain; charset=UTF-8[\r][\n]"
13:18:04.390 [Test worker] DEBUG org.apache.http.wire - http-outgoing-0 >> "Host: localhost:8080[\r][\n]"
13:18:04.390 [Test worker] DEBUG org.apache.http.wire - http-outgoing-0 >> "Connection: Keep-Alive[\r][\n]"
13:18:04.390 [Test worker] DEBUG org.apache.http.wire - http-outgoing-0 >> "User-Agent: Apache-HttpClient/4.5.12 (Java/11.0.2)[\r][\n]"
13:18:04.390 [Test worker] DEBUG org.apache.http.wire - http-outgoing-0 >> "[\r][\n]"
13:18:04.390 [Test worker] DEBUG org.apache.http.wire - http-outgoing-0 >> "{[\r][\n]"
13:18:04.390 [Test worker] DEBUG org.apache.http.wire - http-outgoing-0 >> "  "id" : "6e7cff03-5f6c-4a54-a8ee-a7e30bf9466d",[\r][\n]"
13:18:04.390 [Test worker] DEBUG org.apache.http.wire - http-outgoing-0 >> "  "request" : {[\r][\n]"
13:18:04.390 [Test worker] DEBUG org.apache.http.wire - http-outgoing-0 >> "    "url" : "/api/v0/components/provision-adapters/awx",[\r][\n]"
13:18:04.390 [Test worker] DEBUG org.apache.http.wire - http-outgoing-0 >> "    "method" : "GET",[\r][\n]"
13:18:04.390 [Test worker] DEBUG org.apache.http.wire - http-outgoing-0 >> "    "headers" : {[\r][\n]"
13:18:04.390 [Test worker] DEBUG org.apache.http.wire - http-outgoing-0 >> "      "Authorization" : {[\r][\n]"
13:18:04.390 [Test worker] DEBUG org.apache.http.wire - http-outgoing-0 >> "        "equalTo" : "Bearer someToken"[\r][\n]"
13:18:04.390 [Test worker] DEBUG org.apache.http.wire - http-outgoing-0 >> "      }[\r][\n]"
13:18:04.390 [Test worker] DEBUG org.apache.http.wire - http-outgoing-0 >> "    }[\r][\n]"
13:18:04.391 [Test worker] DEBUG org.apache.http.wire - http-outgoing-0 >> "  },[\r][\n]"
13:18:04.392 [Test worker] DEBUG org.apache.http.wire - http-outgoing-0 >> "  "response" : {[\r][\n]"
13:18:04.392 [Test worker] DEBUG org.apache.http.wire - http-outgoing-0 >> "    "status" : 200,[\r][\n]"
13:18:04.392 [Test worker] DEBUG org.apache.http.wire - http-outgoing-0 >> "    "body" : "{\"id\":\"awx\",\"name\":\"AWX\",\"deleted\":false,\"type\":\"REST\",\"parameters\":{\"provisionAdapterUrl\":\"/provision-adapters/awx/jobs\"},\"questions\":[{\"type\":\"survey.question.FreeInput\",\"prompt\":\"AWX instance URL:\",\"description\":\"This is the URL of the AWX installation.\",\"variableName\":\"provisioningBaseUrl\",\"mandatory\":true,\"masked\":false,\"hidden\":false,\"defaultAnswer\":\"https://inhas66974\",\"answerBaseType\":\"STRING\",\"restrictions\":null},{\"type\":\"survey.question.SelectOption\",\"prompt\":\"Select AWX template type\",\"description\":\"Actually only workflow job templates are supported.\",\"variableName\":\"awxTemplateType\",\"mandatory\":true,\"masked\":false,\"hidden\":false,\"minimumNumberSelections\":1,\"maximumNumberSelections\":1,\"options\":[\"workflow\"],\"defaultAnswer\":[\"workflow\"]},{\"type\":\"survey.question.FreeInput\",\"prompt\":\"Specify provisioning job identifier\",\"description\":\"You can find this identifier in AWX.\",\"variableName\":\"awxTemplateId\",\"mandatory\":true,\"masked\":false,\"hidden\":false,\"defaultAnswer\":null,\"answerBaseType\":\"INTEGER\",\"restrictions\":null},{\"type\":\"survey.question.FreeInput\",\"prompt\":\"Provisioning username:\",\"description\":\"Please use environment variable identifier.\",\"variableName\":\"provisioningUsername\",\"mandatory\":true,\"masked\":false,\"hidden\":false,\"defaultAnswer\":\"provisioner.awx.datalabs.username\",\"answerBaseType\":\"CREDENTIAL\",\"restrictions\":null},{\"type\":\"survey.question.FreeInput\",\"prompt\":\"Provisioning password:\",\"description\":\"Please use environment variable identifier.\",\"variableName\":\"provisioningPassword\",\"mandatory\":true,\"masked\":true,\"hidden\":false,\"defaultAnswer\":\"provisioner.awx.datalabs.password\",\"answerBaseType\":\"CREDENTIAL\",\"restrictions\":null}]}",[\r][\n]"
13:18:04.392 [Test worker] DEBUG org.apache.http.wire - http-outgoing-0 >> "    "headers" : {[\r][\n]"
13:18:04.392 [Test worker] DEBUG org.apache.http.wire - http-outgoing-0 >> "      "Content-Type" : "application/json"[\r][\n]"
13:18:04.393 [Test worker] DEBUG org.apache.http.wire - http-outgoing-0 >> "    }[\r][\n]"
13:18:04.393 [Test worker] DEBUG org.apache.http.wire - http-outgoing-0 >> "  },[\r][\n]"
13:18:04.393 [Test worker] DEBUG org.apache.http.wire - http-outgoing-0 >> "  "uuid" : "6e7cff03-5f6c-4a54-a8ee-a7e30bf9466d",[\r][\n]"
13:18:04.393 [Test worker] DEBUG org.apache.http.wire - http-outgoing-0 >> "  "scenarioName" : "unAuthorized",[\r][\n]"
13:18:04.393 [Test worker] DEBUG org.apache.http.wire - http-outgoing-0 >> "  "requiredScenarioState" : "Started"[\r][\n]"
13:18:04.393 [Test worker] DEBUG org.apache.http.wire - http-outgoing-0 >> "}"
13:18:04.393 [qtp824248140-20] DEBUG org.eclipse.jetty.io.ManagedSelector - Selector sun.nio.ch.WindowsSelectorImpl@79f2d02e woken up from select, 1/1/1 selected
13:18:04.393 [qtp824248140-20] DEBUG org.eclipse.jetty.io.ManagedSelector - Selector sun.nio.ch.WindowsSelectorImpl@79f2d02e processing 1 keys, 0 updates
13:18:04.393 [qtp824248140-20] DEBUG org.eclipse.jetty.io.ManagedSelector - selected 1 channel=java.nio.channels.SocketChannel[connected local=/127.0.0.1:8080 remote=/127.0.0.1:64952], selector=sun.nio.ch.WindowsSelectorImpl@79f2d02e, interestOps=1, readyOps=1 NetworkTrafficSocketChannelEndPoint@5c83d21{/127.0.0.1:64952<->/127.0.0.1:8080,OPEN,fill=FI,flush=-,to=13/30000}{io=1/1,kio=1,kro=1}->HttpConnection@6d895b6e[p=HttpParser{s=START,0 of -1},g=HttpGenerator@54c679a9{s=START}]=>HttpChannelOverHttp@4adcbb1c{s=HttpChannelState@131607a{s=IDLE rs=BLOCKING os=OPEN is=IDLE awp=false se=false i=true al=0},r=2,c=false/false,a=IDLE,uri=null,age=0} 
13:18:04.394 [qtp824248140-20] DEBUG org.eclipse.jetty.io.ChannelEndPoint - onSelected 1->0 r=true w=false for NetworkTrafficSocketChannelEndPoint@5c83d21{/127.0.0.1:64952<->/127.0.0.1:8080,OPEN,fill=FI,flush=-,to=13/30000}{io=1/0,kio=1,kro=1}->HttpConnection@6d895b6e[p=HttpParser{s=START,0 of -1},g=HttpGenerator@54c679a9{s=START}]=>HttpChannelOverHttp@4adcbb1c{s=HttpChannelState@131607a{s=IDLE rs=BLOCKING os=OPEN is=IDLE awp=false se=false i=true al=0},r=2,c=false/false,a=IDLE,uri=null,age=0}
13:18:04.394 [qtp824248140-20] DEBUG org.eclipse.jetty.io.ChannelEndPoint - task CEP:NetworkTrafficSocketChannelEndPoint@5c83d21{/127.0.0.1:64952<->/127.0.0.1:8080,OPEN,fill=FI,flush=-,to=14/30000}{io=1/0,kio=1,kro=1}->HttpConnection@6d895b6e[p=HttpParser{s=START,0 of -1},g=HttpGenerator@54c679a9{s=START}]=>HttpChannelOverHttp@4adcbb1c{s=HttpChannelState@131607a{s=IDLE rs=BLOCKING os=OPEN is=IDLE awp=false se=false i=true al=0},r=2,c=false/false,a=IDLE,uri=null,age=0}:runFillable:BLOCKING
13:18:04.395 [qtp824248140-20] DEBUG org.eclipse.jetty.util.thread.ReservedThreadExecutor - ReservedThreadExecutor@238f6469{s=1/1,p=0} tryExecute EatWhatYouKill@36d30a44/SelectorProducer@a77e489/PRODUCING/p=false/QueuedThreadPool[qtp824248140]@3121074c{STARTED,8<=8<=14,i=2,r=1,q=0}[ReservedThreadExecutor@238f6469{s=1/1,p=0}][pc=0,pic=0,pec=1,epc=1]@2020-09-25T13:18:04.395311+02:00
13:18:04.395 [qtp824248140-20] DEBUG org.eclipse.jetty.util.thread.ReservedThreadExecutor - ReservedThreadExecutor@238f6469{s=0/1,p=0}@454c973f offer EatWhatYouKill@36d30a44/SelectorProducer@a77e489/PRODUCING/p=false/QueuedThreadPool[qtp824248140]@3121074c{STARTED,8<=8<=14,i=2,r=1,q=0}[ReservedThreadExecutor@238f6469{s=0/1,p=0}][pc=0,pic=0,pec=1,epc=1]@2020-09-25T13:18:04.395311+02:00
13:18:04.395 [qtp824248140-20] DEBUG org.eclipse.jetty.util.thread.ReservedThreadExecutor - ReservedThreadExecutor@238f6469{s=0/1,p=1} startReservedThread p=1
13:18:04.396 [qtp824248140-20] DEBUG org.eclipse.jetty.util.thread.QueuedThreadPool - queue ReservedThreadExecutor@238f6469{s=0/1,p=1}@a53c6a3 startThread=0
13:18:04.396 [qtp824248140-20] DEBUG org.eclipse.jetty.util.thread.strategy.EatWhatYouKill - EatWhatYouKill@36d30a44/SelectorProducer@a77e489/IDLE/p=true/QueuedThreadPool[qtp824248140]@3121074c{STARTED,8<=8<=14,i=1,r=1,q=0}[ReservedThreadExecutor@238f6469{s=0/1,p=1}][pc=0,pic=0,pec=1,epc=1]@2020-09-25T13:18:04.3963166+02:00 m=EXECUTE_PRODUCE_CONSUME t=CEP:NetworkTrafficSocketChannelEndPoint@5c83d21{/127.0.0.1:64952<->/127.0.0.1:8080,OPEN,fill=FI,flush=-,to=16/30000}{io=1/0,kio=1,kro=1}->HttpConnection@6d895b6e[p=HttpParser{s=START,0 of -1},g=HttpGenerator@54c679a9{s=START}]=>HttpChannelOverHttp@4adcbb1c{s=HttpChannelState@131607a{s=IDLE rs=BLOCKING os=OPEN is=IDLE awp=false se=false i=true al=0},r=2,c=false/false,a=IDLE,uri=null,age=0}:runFillable:BLOCKING/BLOCKING
13:18:04.396 [qtp824248140-20] DEBUG org.eclipse.jetty.io.FillInterest - fillable FillInterest@73330a74{AC.ReadCB@6d895b6e{HttpConnection@6d895b6e::NetworkTrafficSocketChannelEndPoint@5c83d21{/127.0.0.1:64952<->/127.0.0.1:8080,OPEN,fill=FI,flush=-,to=16/30000}{io=1/0,kio=1,kro=1}->HttpConnection@6d895b6e[p=HttpParser{s=START,0 of -1},g=HttpGenerator@54c679a9{s=START}]=>HttpChannelOverHttp@4adcbb1c{s=HttpChannelState@131607a{s=IDLE rs=BLOCKING os=OPEN is=IDLE awp=false se=false i=true al=0},r=2,c=false/false,a=IDLE,uri=null,age=0}}}
13:18:04.397 [qtp824248140-20] DEBUG org.eclipse.jetty.server.HttpConnection - HttpConnection@6d895b6e::NetworkTrafficSocketChannelEndPoint@5c83d21{/127.0.0.1:64952<->/127.0.0.1:8080,OPEN,fill=-,flush=-,to=16/30000}{io=1/0,kio=1,kro=1}->HttpConnection@6d895b6e[p=HttpParser{s=START,0 of -1},g=HttpGenerator@54c679a9{s=START}]=>HttpChannelOverHttp@4adcbb1c{s=HttpChannelState@131607a{s=IDLE rs=BLOCKING os=OPEN is=IDLE awp=false se=false i=true al=0},r=2,c=false/false,a=IDLE,uri=null,age=0} onFillable enter HttpChannelState@131607a{s=IDLE rs=BLOCKING os=OPEN is=IDLE awp=false se=false i=true al=0} null
13:18:04.397 [qtp824248140-20] DEBUG org.eclipse.jetty.io.ChannelEndPoint - filled 2574 HeapByteBuffer@6457bf7d[p=0,l=2574,c=8192,r=2574]={<<<POST /__admin/mappings HT...ioState" : "Started"\r\n}>>>\x00\x00\x00\x00\x00\x00\x00\x00\x00...\x00\x00\x00\x00\x00\x00\x00}
13:18:04.397 [qtp824248140-20] DEBUG org.eclipse.jetty.server.HttpConnection - HttpConnection@6d895b6e::NetworkTrafficSocketChannelEndPoint@5c83d21{/127.0.0.1:64952<->/127.0.0.1:8080,OPEN,fill=-,flush=-,to=0/30000}{io=1/0,kio=1,kro=1}->HttpConnection@6d895b6e[p=HttpParser{s=START,0 of -1},g=HttpGenerator@54c679a9{s=START}]=>HttpChannelOverHttp@4adcbb1c{s=HttpChannelState@131607a{s=IDLE rs=BLOCKING os=OPEN is=IDLE awp=false se=false i=true al=0},r=2,c=false/false,a=IDLE,uri=null,age=0} filled 2574 HeapByteBuffer@6457bf7d[p=0,l=2574,c=8192,r=2574]={<<<POST /__admin/mappings HT...ioState" : "Started"\r\n}>>>\x00\x00\x00\x00\x00\x00\x00\x00\x00...\x00\x00\x00\x00\x00\x00\x00}
13:18:04.397 [qtp824248140-20] DEBUG org.eclipse.jetty.server.HttpConnection - HttpConnection@6d895b6e::NetworkTrafficSocketChannelEndPoint@5c83d21{/127.0.0.1:64952<->/127.0.0.1:8080,OPEN,fill=-,flush=-,to=0/30000}{io=1/0,kio=1,kro=1}->HttpConnection@6d895b6e[p=HttpParser{s=START,0 of -1},g=HttpGenerator@54c679a9{s=START}]=>HttpChannelOverHttp@4adcbb1c{s=HttpChannelState@131607a{s=IDLE rs=BLOCKING os=OPEN is=IDLE awp=false se=false i=true al=0},r=2,c=false/false,a=IDLE,uri=null,age=0} parse HeapByteBuffer@6457bf7d[p=0,l=2574,c=8192,r=2574]={<<<POST /__admin/mappings HT...ioState" : "Started"\r\n}>>>\x00\x00\x00\x00\x00\x00\x00\x00\x00...\x00\x00\x00\x00\x00\x00\x00} {}
13:18:04.398 [qtp824248140-20] DEBUG org.eclipse.jetty.http.HttpParser - parseNext s=START HeapByteBuffer@6457bf7d[p=0,l=2574,c=8192,r=2574]={<<<POST /__admin/mappings HT...ioState" : "Started"\r\n}>>>\x00\x00\x00\x00\x00\x00\x00\x00\x00...\x00\x00\x00\x00\x00\x00\x00}
13:18:04.398 [qtp824248140-20] DEBUG org.eclipse.jetty.http.HttpParser - START --> SPACE1
13:18:04.398 [qtp824248140-20] DEBUG org.eclipse.jetty.http.HttpParser - SPACE1 --> URI
13:18:04.398 [qtp824248140-20] DEBUG org.eclipse.jetty.http.HttpParser - URI --> SPACE2
13:18:04.398 [qtp824248140-20] DEBUG org.eclipse.jetty.http.HttpParser - SPACE2 --> REQUEST_VERSION
13:18:04.398 [qtp824248140-20] DEBUG org.eclipse.jetty.http.HttpParser - REQUEST_VERSION --> HEADER
13:18:04.398 [qtp824248140-20] DEBUG org.eclipse.jetty.http.HttpParser - HEADER:Content-Length --> VALUE
13:18:04.398 [qtp824248140-20] DEBUG org.eclipse.jetty.http.HttpParser - HEADER:Content-Length --> IN_VALUE
13:18:04.398 [qtp824248140-20] DEBUG org.eclipse.jetty.http.HttpParser - HEADER:Content-Length --> FIELD
13:18:04.398 [qtp824248140-20] DEBUG org.eclipse.jetty.http.HttpParser - HEADER:Content-Type: text/plain; charset=UTF-8 --> IN_VALUE
13:18:04.398 [qtp824248140-20] DEBUG org.eclipse.jetty.http.HttpParser - HEADER:Content-Type: text/plain; charset=UTF-8 --> FIELD
13:18:04.398 [qtp824248140-20] DEBUG org.eclipse.jetty.http.HttpParser - HEADER:Host: localhost:8080 --> IN_VALUE
13:18:04.398 [qtp824248140-20] DEBUG org.eclipse.jetty.http.HttpParser - HEADER:Host: localhost:8080 --> FIELD
13:18:04.398 [qtp824248140-20] DEBUG org.eclipse.jetty.http.HttpParser - HEADER:Connection: keep-alive --> IN_VALUE
13:18:04.398 [qtp824248140-20] DEBUG org.eclipse.jetty.http.HttpParser - HEADER:Connection: keep-alive --> FIELD
13:18:04.398 [qtp824248140-20] DEBUG org.eclipse.jetty.http.HttpParser - HEADER:User-Agent: Apache-HttpClient/4.5.12 (Java/11.0.2) --> IN_VALUE
13:18:04.398 [qtp824248140-20] DEBUG org.eclipse.jetty.http.HttpParser - HEADER:User-Agent: Apache-HttpClient/4.5.12 (Java/11.0.2) --> FIELD
13:18:04.398 [qtp824248140-20] DEBUG org.eclipse.jetty.http.HttpParser - HEADER --> CONTENT
13:18:04.398 [qtp824248140-20] DEBUG org.eclipse.jetty.server.HttpChannel - REQUEST for //localhost:8080/__admin/mappings on HttpChannelOverHttp@4adcbb1c{s=HttpChannelState@131607a{s=IDLE rs=BLOCKING os=OPEN is=IDLE awp=false se=false i=true al=0},r=3,c=false/false,a=IDLE,uri=//localhost:8080/__admin/mappings,age=0}
POST //localhost:8080/__admin/mappings HTTP/1.1
Content-Length: 2378
Content-Type: text/plain; charset=UTF-8
Host: localhost:8080
Connection: keep-alive
User-Agent: Apache-HttpClient/4.5.12 (Java/11.0.2)


13:18:04.399 [qtp824248140-20] DEBUG org.eclipse.jetty.server.HttpConnection - HttpConnection@6d895b6e::NetworkTrafficSocketChannelEndPoint@5c83d21{/127.0.0.1:64952<->/127.0.0.1:8080,OPEN,fill=-,flush=-,to=1/30000}{io=1/0,kio=1,kro=1}->HttpConnection@6d895b6e[p=HttpParser{s=CONTENT,0 of 2378},g=HttpGenerator@54c679a9{s=START}]=>HttpChannelOverHttp@4adcbb1c{s=HttpChannelState@131607a{s=IDLE rs=BLOCKING os=OPEN is=IDLE awp=false se=false i=true al=0},r=3,c=false/false,a=IDLE,uri=//localhost:8080/__admin/mappings,age=1} parsed true HttpParser{s=CONTENT,0 of 2378}
13:18:04.399 [qtp824248140-20] DEBUG org.eclipse.jetty.server.HttpChannel - handle //localhost:8080/__admin/mappings HttpChannelOverHttp@4adcbb1c{s=HttpChannelState@131607a{s=IDLE rs=BLOCKING os=OPEN is=IDLE awp=false se=false i=true al=0},r=3,c=false/false,a=IDLE,uri=//localhost:8080/__admin/mappings,age=1} 
13:18:04.399 [qtp824248140-20] DEBUG org.eclipse.jetty.server.HttpChannelState - handling HttpChannelState@131607a{s=IDLE rs=BLOCKING os=OPEN is=IDLE awp=false se=false i=true al=0}
13:18:04.399 [qtp824248140-20] DEBUG org.eclipse.jetty.server.HttpChannel - action DISPATCH HttpChannelOverHttp@4adcbb1c{s=HttpChannelState@131607a{s=HANDLING rs=BLOCKING os=OPEN is=IDLE awp=false se=false i=true al=0},r=3,c=false/false,a=HANDLING,uri=//localhost:8080/__admin/mappings,age=1}
13:18:04.399 [qtp824248140-20] DEBUG org.eclipse.jetty.server.Server - REQUEST POST /__admin/mappings on HttpChannelOverHttp@4adcbb1c{s=HttpChannelState@131607a{s=HANDLING rs=BLOCKING os=OPEN is=IDLE awp=false se=false i=true al=0},r=3,c=false/false,a=HANDLING,uri=//localhost:8080/__admin/mappings,age=1}
13:18:04.399 [qtp824248140-20] DEBUG org.eclipse.jetty.server.handler.ContextHandler - scope null||/__admin/mappings @ o.e.j.s.ServletContextHandler@4bef83b{/__admin,null,AVAILABLE}
13:18:04.399 [qtp824248140-20] DEBUG org.eclipse.jetty.server.handler.ContextHandler - context=/__admin||/mappings @ o.e.j.s.ServletContextHandler@4bef83b{/__admin,null,AVAILABLE}
13:18:04.399 [qtp824248140-20] DEBUG org.eclipse.jetty.servlet.ServletHandler - servlet /__admin|/mappings|null -> com.github.tomakehurst.wiremock.servlet.WireMockHandlerDispatchingServlet-5caa16bf@54365==com.github.tomakehurst.wiremock.servlet.WireMockHandlerDispatchingServlet,jsp=null,order=-1,inst=true,async=true
13:18:04.399 [qtp824248140-20] DEBUG org.eclipse.jetty.servlet.ServletHandler - chain=org.eclipse.jetty.servlets.CrossOriginFilter-66fab470@66fab470==org.eclipse.jetty.servlets.CrossOriginFilter,inst=true,async=true->com.github.tomakehurst.wiremock.servlet.WireMockHandlerDispatchingServlet-5caa16bf@54365==com.github.tomakehurst.wiremock.servlet.WireMockHandlerDispatchingServlet,jsp=null,order=-1,inst=true,async=true
13:18:04.399 [qtp824248140-20] DEBUG org.eclipse.jetty.servlet.ServletHandler - call filter org.eclipse.jetty.servlets.CrossOriginFilter-66fab470@66fab470==org.eclipse.jetty.servlets.CrossOriginFilter,inst=true,async=true
13:18:04.399 [qtp824248140-20] DEBUG org.eclipse.jetty.servlet.ServletHandler - call servlet com.github.tomakehurst.wiremock.servlet.WireMockHandlerDispatchingServlet-5caa16bf@54365==com.github.tomakehurst.wiremock.servlet.WireMockHandlerDispatchingServlet,jsp=null,order=-1,inst=true,async=true
13:18:04.400 [qtp824248140-20] DEBUG org.eclipse.jetty.server.HttpConnection - HttpConnection@6d895b6e::NetworkTrafficSocketChannelEndPoint@5c83d21{/127.0.0.1:64952<->/127.0.0.1:8080,OPEN,fill=-,flush=-,to=3/30000}{io=1/0,kio=1,kro=1}->HttpConnection@6d895b6e[p=HttpParser{s=CONTENT,0 of 2378},g=HttpGenerator@54c679a9{s=START}]=>HttpChannelOverHttp@4adcbb1c{s=HttpChannelState@131607a{s=HANDLING rs=BLOCKING os=OPEN is=IDLE awp=false se=false i=true al=0},r=3,c=false/false,a=HANDLING,uri=//localhost:8080/__admin/mappings,age=2} parse HeapByteBuffer@6457bf7d[p=196,l=2574,c=8192,r=2378]={POST /__a....2)\r\n\r\n<<<{\r\n  "id" : "6e7cff03-5f6...ioState" : "Started"\r\n}>>>\x00\x00\x00\x00\x00\x00\x00\x00\x00...\x00\x00\x00\x00\x00\x00\x00} {}
13:18:04.400 [qtp824248140-20] DEBUG org.eclipse.jetty.http.HttpParser - parseNext s=CONTENT HeapByteBuffer@6457bf7d[p=196,l=2574,c=8192,r=2378]={POST /__a....2)\r\n\r\n<<<{\r\n  "id" : "6e7cff03-5f6...ioState" : "Started"\r\n}>>>\x00\x00\x00\x00\x00\x00\x00\x00\x00...\x00\x00\x00\x00\x00\x00\x00}
13:18:04.401 [qtp824248140-20] DEBUG org.eclipse.jetty.server.HttpChannel - onContent HttpChannelOverHttp@4adcbb1c{s=HttpChannelState@131607a{s=HANDLING rs=BLOCKING os=OPEN is=IDLE awp=false se=false i=true al=0},r=3,c=false/false,a=HANDLING,uri=//localhost:8080/__admin/mappings,age=2} Content@e6c5331{HeapByteBufferR@4b6ecc98[p=196,l=2574,c=8192,r=2378]={POST /__a....2)\r\n\r\n<<<{\r\n  "id" : "6e7cff03-5f6...ioState" : "Started"\r\n}>>>\x00\x00\x00\x00\x00\x00\x00\x00\x00...\x00\x00\x00\x00\x00\x00\x00}}
13:18:04.402 [qtp824248140-20] DEBUG org.eclipse.jetty.server.HttpInput - HttpInputOverHTTP@f3b1939[c=0,q=0,[0]=null,s=STREAM] addContent Content@e6c5331{HeapByteBufferR@4b6ecc98[p=196,l=2574,c=8192,r=2378]={POST /__a....2)\r\n\r\n<<<{\r\n  "id" : "6e7cff03-5f6...ioState" : "Started"\r\n}>>>\x00\x00\x00\x00\x00\x00\x00\x00\x00...\x00\x00\x00\x00\x00\x00\x00}}
13:18:04.402 [qtp824248140-20] DEBUG org.eclipse.jetty.http.HttpParser - CONTENT --> CONTENT_END
13:18:04.402 [qtp824248140-20] DEBUG org.eclipse.jetty.server.HttpChannel - onContentComplete HttpChannelOverHttp@4adcbb1c{s=HttpChannelState@131607a{s=HANDLING rs=BLOCKING os=OPEN is=IDLE awp=false se=false i=true al=0},r=3,c=false/false,a=HANDLING,uri=//localhost:8080/__admin/mappings,age=4}
13:18:04.402 [qtp824248140-20] DEBUG org.eclipse.jetty.http.HttpParser - CONTENT_END --> END
13:18:04.402 [qtp824248140-20] DEBUG org.eclipse.jetty.server.HttpChannel - onRequestComplete HttpChannelOverHttp@4adcbb1c{s=HttpChannelState@131607a{s=HANDLING rs=BLOCKING os=OPEN is=IDLE awp=false se=false i=true al=0},r=3,c=false/false,a=HANDLING,uri=//localhost:8080/__admin/mappings,age=4}
13:18:04.402 [qtp824248140-20] DEBUG org.eclipse.jetty.server.HttpInput - HttpInputOverHTTP@f3b1939[c=0,q=1,[0]=EOF,s=STREAM] addContent EOF
13:18:04.403 [qtp824248140-20] DEBUG org.eclipse.jetty.server.HttpConnection - HttpConnection@6d895b6e::NetworkTrafficSocketChannelEndPoint@5c83d21{/127.0.0.1:64952<->/127.0.0.1:8080,OPEN,fill=-,flush=-,to=5/30000}{io=1/0,kio=1,kro=1}->HttpConnection@6d895b6e[p=HttpParser{s=END,2378 of 2378},g=HttpGenerator@54c679a9{s=START}]=>HttpChannelOverHttp@4adcbb1c{s=HttpChannelState@131607a{s=HANDLING rs=BLOCKING os=OPEN is=IDLE awp=false se=false i=true al=0},r=3,c=false/false,a=HANDLING,uri=//localhost:8080/__admin/mappings,age=5} parsed false HttpParser{s=END,2378 of 2378}
13:18:04.403 [qtp824248140-20] DEBUG org.eclipse.jetty.server.HttpInput - HttpInputOverHTTP@f3b1939[c=2378,q=1,[0]=EOF,s=STREAM] read 2378 from Content@e6c5331{HeapByteBufferR@4b6ecc98[p=2574,l=2574,c=8192,r=0]={POST /__a...ted"\r\n}<<<>>>\x00\x00\x00\x00\x00\x00\x00\x00\x00...\x00\x00\x00\x00\x00\x00\x00}}
13:18:04.403 [qtp824248140-20] DEBUG org.eclipse.jetty.server.HttpConnection - releaseRequestBuffer HttpConnection@6d895b6e::NetworkTrafficSocketChannelEndPoint@5c83d21{/127.0.0.1:64952<->/127.0.0.1:8080,OPEN,fill=-,flush=-,to=6/30000}{io=1/0,kio=1,kro=1}->HttpConnection@6d895b6e[p=HttpParser{s=END,2378 of 2378},g=HttpGenerator@54c679a9{s=START}]=>HttpChannelOverHttp@4adcbb1c{s=HttpChannelState@131607a{s=HANDLING rs=BLOCKING os=OPEN is=IDLE awp=false se=false i=true al=0},r=3,c=false/false,a=HANDLING,uri=//localhost:8080/__admin/mappings,age=5}
13:18:04.403 [qtp824248140-20] DEBUG org.eclipse.jetty.server.HttpChannelState - onEof HttpChannelState@131607a{s=HANDLING rs=BLOCKING os=OPEN is=IDLE awp=false se=false i=true al=0}
13:18:04.429 [qtp824248140-24] DEBUG org.eclipse.jetty.util.thread.ReservedThreadExecutor - ReservedThreadExecutor@238f6469{s=0/1,p=1}@454c973f task=EatWhatYouKill@36d30a44/SelectorProducer@a77e489/IDLE/p=true/QueuedThreadPool[qtp824248140]@3121074c{STARTED,8<=8<=14,i=1,r=1,q=0}[ReservedThreadExecutor@238f6469{s=0/1,p=1}][pc=0,pic=0,pec=1,epc=2]@2020-09-25T13:18:04.4293129+02:00
13:18:04.430 [qtp824248140-24] DEBUG org.eclipse.jetty.util.thread.strategy.EatWhatYouKill - EatWhatYouKill@36d30a44/SelectorProducer@a77e489/IDLE/p=true/QueuedThreadPool[qtp824248140]@3121074c{STARTED,8<=8<=14,i=1,r=1,q=0}[ReservedThreadExecutor@238f6469{s=0/1,p=1}][pc=0,pic=0,pec=1,epc=2]@2020-09-25T13:18:04.4303145+02:00 tryProduce true
13:18:04.430 [qtp824248140-24] DEBUG org.eclipse.jetty.io.ManagedSelector - updateable 0
13:18:04.430 [qtp824248140-24] DEBUG org.eclipse.jetty.io.ManagedSelector - updates 0
13:18:04.430 [qtp824248140-21] DEBUG org.eclipse.jetty.util.thread.QueuedThreadPool - run ReservedThreadExecutor@238f6469{s=0/1,p=1}@a53c6a3 in QueuedThreadPool[qtp824248140]@3121074c{STARTED,8<=8<=14,i=1,r=1,q=0}[ReservedThreadExecutor@238f6469{s=0/1,p=1}]
13:18:04.430 [qtp824248140-21] DEBUG org.eclipse.jetty.util.thread.ReservedThreadExecutor - ReservedThreadExecutor@238f6469{s=1/1,p=1}@a53c6a3 started
13:18:04.430 [qtp824248140-21] DEBUG org.eclipse.jetty.util.thread.ReservedThreadExecutor - ReservedThreadExecutor@238f6469{s=1/1,p=0}@a53c6a3 waiting
13:18:04.432 [qtp824248140-24] DEBUG org.eclipse.jetty.io.ChannelEndPoint - Key interests updated 1 -> 0 on NetworkTrafficSocketChannelEndPoint@5c83d21{/127.0.0.1:64952<->/127.0.0.1:8080,OPEN,fill=-,flush=-,to=34/30000}{io=0/0,kio=0,kro=1}->HttpConnection@6d895b6e[p=HttpParser{s=END,2378 of 2378},g=HttpGenerator@54c679a9{s=START}]=>HttpChannelOverHttp@4adcbb1c{s=HttpChannelState@131607a{s=HANDLING rs=BLOCKING os=OPEN is=READY awp=false se=false i=true al=0},r=3,c=false/false,a=HANDLING,uri=//localhost:8080/__admin/mappings,age=34}
13:18:04.433 [qtp824248140-24] DEBUG org.eclipse.jetty.io.ManagedSelector - Selector sun.nio.ch.WindowsSelectorImpl@79f2d02e waiting with 1 keys
13:18:04.465 [qtp824248140-20] DEBUG org.eclipse.jetty.server.HttpOutput - write(array HeapByteBuffer@16f6279d[p=0,l=2378,c=8192,r=2378]={<<<{\r\n  "id" : "6e7cff03-5f6...ioState" : "Started"\r\n}>>>\x00\x00\x00\x00\x00\x00\x00\x00\x00...\x00\x00\x00\x00\x00\x00\x00})
13:18:04.465 [qtp824248140-20] DEBUG org.eclipse.jetty.server.HttpOutput - write(array) s=OPEN,api=BLOCKING,sc=false,e=null aggregated !flush DirectByteBuffer@5b058719[p=0,l=2378,c=32768,r=2378]={<<<{\r\n  "id" : "6e7cff03-5f6...ioState" : "Started"\r\n}>>>\x00\x00\x00\x00\x00\x00\x00\x00\x00...\x00\x00\x00\x00\x00\x00\x00}
13:18:04.466 [qtp824248140-20] DEBUG org.eclipse.jetty.server.HttpChannel - sendResponse info=null content=DirectByteBuffer@5b058719[p=0,l=2378,c=32768,r=2378]={<<<{\r\n  "id" : "6e7cff03-5f6...ioState" : "Started"\r\n}>>>\x00\x00\x00\x00\x00\x00\x00\x00\x00...\x00\x00\x00\x00\x00\x00\x00} complete=false committing=true callback=Blocker@788766c6{null}
13:18:04.466 [qtp824248140-20] DEBUG org.eclipse.jetty.server.HttpChannel - COMMIT for /__admin/mappings on HttpChannelOverHttp@4adcbb1c{s=HttpChannelState@131607a{s=HANDLING rs=BLOCKING os=COMMITTED is=READY awp=false se=false i=true al=0},r=3,c=false/false,a=HANDLING,uri=//localhost:8080/__admin/mappings,age=68}
201 null HTTP/1.1
Content-Type: application/json


13:18:04.466 [qtp824248140-20] DEBUG org.eclipse.jetty.server.HttpConnection - generate: NEED_HEADER for org.eclipse.jetty.server.HttpConnection$SendCallback@4252d2[PROCESSING][i=HTTP/1.1{s=201,h=1,cl=-1},cb=org.eclipse.jetty.server.HttpChannel$SendCallback@2b4133d7] (null,[p=0,l=2378,c=32768,r=2378],false)@START
13:18:04.466 [qtp824248140-20] DEBUG org.eclipse.jetty.http.HttpGenerator - generateHeaders HTTP/1.1{s=201,h=1,cl=-1} last=false content=DirectByteBuffer@5b058719[p=0,l=2378,c=32768,r=2378]={<<<{\r\n  "id" : "6e7cff03-5f6...ioState" : "Started"\r\n}>>>\x00\x00\x00\x00\x00\x00\x00\x00\x00...\x00\x00\x00\x00\x00\x00\x00}
13:18:04.466 [qtp824248140-20] DEBUG org.eclipse.jetty.http.HttpGenerator - Content-Type: application/json


13:18:04.466 [qtp824248140-20] DEBUG org.eclipse.jetty.http.HttpGenerator - CHUNKED_CONTENT
13:18:04.466 [qtp824248140-20] DEBUG org.eclipse.jetty.server.HttpConnection - generate: FLUSH for org.eclipse.jetty.server.HttpConnection$SendCallback@4252d2[PROCESSING][i=HTTP/1.1{s=201,h=1,cl=-1},cb=org.eclipse.jetty.server.HttpChannel$SendCallback@2b4133d7] ([p=0,l=122,c=8192,r=122],[p=0,l=2378,c=32768,r=2378],false)@COMMITTED
13:18:04.466 [qtp824248140-20] DEBUG org.eclipse.jetty.io.WriteFlusher - write: WriteFlusher@5e80a9d5{IDLE}->null [HeapByteBuffer@6457bf7d[p=0,l=122,c=8192,r=122]={<<<HTTP/1.1 201 Created\r\nCon....28.v20200408)\r\n\r\n94A\r\n>>>ection: K...\x00\x00\x00\x00\x00\x00\x00},DirectByteBuffer@5b058719[p=0,l=2378,c=32768,r=2378]={<<<{\r\n  "id" : "6e7cff03-5f6...ioState" : "Started"\r\n}>>>\x00\x00\x00\x00\x00\x00\x00\x00\x00...\x00\x00\x00\x00\x00\x00\x00}]
13:18:04.466 [qtp824248140-20] DEBUG org.eclipse.jetty.io.WriteFlusher - update WriteFlusher@5e80a9d5{WRITING}->null:IDLE-->WRITING
13:18:04.467 [Test worker] DEBUG org.apache.http.wire - http-outgoing-0 << "HTTP/1.1 201 Created[\r][\n]"
13:18:04.467 [Test worker] DEBUG org.apache.http.wire - http-outgoing-0 << "Content-Type: application/json[\r][\n]"
13:18:04.467 [Test worker] DEBUG org.apache.http.wire - http-outgoing-0 << "Transfer-Encoding: chunked[\r][\n]"
13:18:04.467 [Test worker] DEBUG org.apache.http.wire - http-outgoing-0 << "Server: Jetty(9.4.28.v20200408)[\r][\n]"
13:18:04.467 [Test worker] DEBUG org.apache.http.wire - http-outgoing-0 << "[\r][\n]"
13:18:04.467 [Test worker] DEBUG org.apache.http.wire - http-outgoing-0 << "94A[\r][\n]"
13:18:04.467 [Test worker] DEBUG org.apache.http.headers - http-outgoing-0 << HTTP/1.1 201 Created
13:18:04.467 [Test worker] DEBUG org.apache.http.headers - http-outgoing-0 << Content-Type: application/json
13:18:04.467 [Test worker] DEBUG org.apache.http.headers - http-outgoing-0 << Transfer-Encoding: chunked
13:18:04.467 [Test worker] DEBUG org.apache.http.headers - http-outgoing-0 << Server: Jetty(9.4.28.v20200408)
13:18:04.467 [Test worker] DEBUG org.apache.http.impl.execchain.MainClientExec - Connection can be kept alive indefinitely
13:18:04.468 [qtp824248140-20] DEBUG org.eclipse.jetty.io.ChannelEndPoint - flushed 122 NetworkTrafficSocketChannelEndPoint@5c83d21{/127.0.0.1:64952<->/127.0.0.1:8080,OPEN,fill=-,flush=W,to=70/30000}{io=0/0,kio=0,kro=1}->HttpConnection@6d895b6e[p=HttpParser{s=END,2378 of 2378},g=HttpGenerator@54c679a9{s=COMMITTED}]=>HttpChannelOverHttp@4adcbb1c{s=HttpChannelState@131607a{s=HANDLING rs=BLOCKING os=COMMITTED is=READY awp=false se=false i=true al=0},r=3,c=false/false,a=HANDLING,uri=//localhost:8080/__admin/mappings,age=70}
13:18:04.468 [Test worker] DEBUG org.apache.http.wire - http-outgoing-0 << "{[\r][\n]"
13:18:04.468 [Test worker] DEBUG org.apache.http.wire - http-outgoing-0 << "  "id" : "6e7cff03-5f6c-4a54-a8ee-a7e30bf9466d",[\r][\n]"
13:18:04.468 [Test worker] DEBUG org.apache.http.wire - http-outgoing-0 << "  "request" : {[\r][\n]"
13:18:04.468 [Test worker] DEBUG org.apache.http.wire - http-outgoing-0 << "    "url" : "/api/v0/components/provision-adapters/awx",[\r][\n]"
13:18:04.468 [Test worker] DEBUG org.apache.http.wire - http-outgoing-0 << "    "method" : "GET",[\r][\n]"
13:18:04.468 [Test worker] DEBUG org.apache.http.wire - http-outgoing-0 << "    "headers" : {[\r][\n]"
13:18:04.468 [Test worker] DEBUG org.apache.http.wire - http-outgoing-0 << "      "Authorization" : {[\r][\n]"
13:18:04.468 [Test worker] DEBUG org.apache.http.wire - http-outgoing-0 << "        "equalTo" : "Bearer someToken"[\r][\n]"
13:18:04.468 [Test worker] DEBUG org.apache.http.wire - http-outgoing-0 << "      }[\r][\n]"
13:18:04.468 [Test worker] DEBUG org.apache.http.wire - http-outgoing-0 << "    }[\r][\n]"
13:18:04.468 [Test worker] DEBUG org.apache.http.wire - http-outgoing-0 << "  },[\r][\n]"
13:18:04.468 [Test worker] DEBUG org.apache.http.wire - http-outgoing-0 << "  "response" : {[\r][\n]"
13:18:04.468 [Test worker] DEBUG org.apache.http.wire - http-outgoing-0 << "    "status" : 200,[\r][\n]"
13:18:04.468 [Test worker] DEBUG org.apache.http.wire - http-outgoing-0 << "    "body" : "{\"id\":\"awx\",\"name\":\"AWX\",\"deleted\":false,\"type\":\"REST\",\"parameters\":{\"provisionAdapterUrl\":\"/provision-adapters/awx/jobs\"},\"questions\":[{\"type\":\"survey.question.FreeInput\",\"prompt\":\"AWX instance URL:\",\"description\":\"This is the URL of the AWX installation.\",\"variableName\":\"provisioningBaseUrl\",\"mandatory\":true,\"masked\":false,\"hidden\":false,\"defaultAnswer\":\"https://inhas66974\",\"answerBaseType\":\"STRING\",\"restrictions\":null},{\"type\":\"survey.question.SelectOption\",\"prompt\":\"Select AWX template type\",\"description\":\"Actually only workflow job templates are supported.\",\"variableName\":\"awxTemplateType\",\"mandatory\":true,\"masked\":false,\"hidden\":false,\"minimumNumberSelections\":1,\"maximumNumberSelections\":1,\"options\":[\"workflow\"],\"defaultAnswer\":[\"workflow\"]},{\"type\":\"survey.question.FreeInput\",\"prompt\":\"Specify provisioning job identifier\",\"description\":\"You can find this identifier in AWX.\",\"variableName\":\"awxTemplateId\",\"mandatory\":true,\"masked\":false,\"hidden\":false,\"defaultAnswer\":null,\"answerBaseType\":\"INTEGER\",\"restrictions\":null},{\"type\":\"survey.question.FreeInput\",\"prompt\":\"Provisioning username:\",\"description\":\"Please use environment variable identifier.\",\"variableName\":\"provisioningUsername\",\"mandatory\":true,\"masked\":false,\"hidden\":false,\"defaultAnswer\":\"provisioner.awx.datalabs.username\",\"answerBaseType\":\"CREDENTIAL\",\"restrictions\":null},{\"type\":\"survey.question.FreeInput\",\"prompt\":\"Provisioning password:\",\"description\":\"Please use environment variable identifier.\",\"variableName\":\"provisioningPassword\",\"mandatory\":true,\"masked\":true,\"hidden\":false,\"defaultAnswer\":\"provisioner.awx.datalabs.password\",\"answerBaseType\":\"CREDENTIAL\",\"restrictions\":null}]}",[\r][\n]"
13:18:04.468 [Test worker] DEBUG org.apache.http.wire - http-outgoing-0 << "    "headers" : {[\r][\n]"
13:18:04.468 [Test worker] DEBUG org.apache.http.wire - http-outgoing-0 << "      "Content-Type" : "application/json"[\r][\n]"
13:18:04.468 [Test worker] DEBUG org.apache.http.wire - http-outgoing-0 << "    }[\r][\n]"
13:18:04.468 [Test worker] DEBUG org.apache.http.wire - http-outgoing-0 << "  },[\r][\n]"
13:18:04.468 [Test worker] DEBUG org.apache.http.wire - http-outgoing-0 << "  "uuid" : "6e7cff03-5f6c-4a54-a8ee-a7e30bf9466d",[\r][\n]"
13:18:04.468 [Test worker] DEBUG org.apache.http.wire - http-outgoing-0 << "  "scenarioName" : "unAuthorized",[\r][\n]"
13:18:04.468 [Test worker] DEBUG org.apache.http.wire - http-outgoing-0 << "  "requiredScenarioState" : "Started"[\r][\n]"
13:18:04.468 [Test worker] DEBUG org.apache.http.wire - http-outgoing-0 << "}"
13:18:04.469 [qtp824248140-20] DEBUG org.eclipse.jetty.io.ChannelEndPoint - flushed 2378 NetworkTrafficSocketChannelEndPoint@5c83d21{/127.0.0.1:64952<->/127.0.0.1:8080,OPEN,fill=-,flush=W,to=0/30000}{io=0/0,kio=0,kro=1}->HttpConnection@6d895b6e[p=HttpParser{s=END,2378 of 2378},g=HttpGenerator@54c679a9{s=COMMITTED}]=>HttpChannelOverHttp@4adcbb1c{s=HttpChannelState@131607a{s=HANDLING rs=BLOCKING os=COMMITTED is=READY awp=false se=false i=true al=0},r=3,c=false/false,a=HANDLING,uri=//localhost:8080/__admin/mappings,age=71}
13:18:04.469 [qtp824248140-20] DEBUG org.eclipse.jetty.io.WriteFlusher - Flushed=true written=2500 remaining=0 WriteFlusher@5e80a9d5{WRITING}->null
13:18:04.469 [qtp824248140-20] DEBUG org.eclipse.jetty.io.WriteFlusher - update WriteFlusher@5e80a9d5{IDLE}->null:WRITING-->IDLE
13:18:04.469 [qtp824248140-20] DEBUG org.eclipse.jetty.server.HttpConnection - generate: DONE for org.eclipse.jetty.server.HttpConnection$SendCallback@4252d2[PROCESSING][i=HTTP/1.1{s=201,h=1,cl=-1},cb=org.eclipse.jetty.server.HttpChannel$SendCallback@2b4133d7] ([p=122,l=122,c=8192,r=0],[p=2378,l=2378,c=32768,r=0],false)@COMMITTED
13:18:04.469 [qtp824248140-20] DEBUG org.eclipse.jetty.server.HttpOutput - onWriteComplete(false,null) s=OPEN,api=BLOCKED,sc=false,e=null->s=OPEN,api=BLOCKING,sc=false,e=null c=null cb=null w=false
13:18:04.469 [qtp824248140-20] DEBUG org.eclipse.jetty.server.HttpOutput - close() s=CLOSING,api=BLOCKED,sc=false,e=null c=HeapByteBuffer@137d328[p=0,l=0,c=0,r=0]={<<<>>>} b=Blocker@788766c6{null}
13:18:04.469 [qtp824248140-20] DEBUG org.eclipse.jetty.server.HttpChannel - sendResponse info=null content=HeapByteBuffer@137d328[p=0,l=0,c=0,r=0]={<<<>>>} complete=true committing=false callback=Blocker@788766c6{null}
13:18:04.469 [qtp824248140-20] DEBUG org.eclipse.jetty.server.HttpConnection - generate: CONTINUE for org.eclipse.jetty.server.HttpConnection$SendCallback@4252d2[PROCESSING][i=null,cb=org.eclipse.jetty.server.HttpChannel$SendCallback@28c3a4a8] (null,[p=0,l=0,c=0,r=0],true)@COMPLETING
13:18:04.469 [qtp824248140-20] DEBUG org.eclipse.jetty.server.HttpConnection - generate: NEED_CHUNK for org.eclipse.jetty.server.HttpConnection$SendCallback@4252d2[PROCESSING][i=null,cb=org.eclipse.jetty.server.HttpChannel$SendCallback@28c3a4a8] (null,[p=0,l=0,c=0,r=0],true)@COMPLETING
13:18:04.470 [qtp824248140-20] DEBUG org.eclipse.jetty.server.HttpConnection - generate: FLUSH for org.eclipse.jetty.server.HttpConnection$SendCallback@4252d2[PROCESSING][i=null,cb=org.eclipse.jetty.server.HttpChannel$SendCallback@28c3a4a8] (null,[p=0,l=0,c=0,r=0],true)@COMPLETING
13:18:04.470 [qtp824248140-20] DEBUG org.eclipse.jetty.io.WriteFlusher - write: WriteFlusher@5e80a9d5{IDLE}->null [HeapByteBuffer@29acffbb[p=0,l=7,c=1024,r=7]={<<<\r\n0\r\n\r\n>>>\x00\x00\x00\x00\x00\x00\x00\x00\x00...\x00\x00\x00\x00\x00\x00\x00}]
13:18:04.470 [qtp824248140-20] DEBUG org.eclipse.jetty.io.WriteFlusher - update WriteFlusher@5e80a9d5{WRITING}->null:IDLE-->WRITING
13:18:04.470 [Test worker] DEBUG org.apache.http.wire - http-outgoing-0 << "[\r][\n]"
13:18:04.470 [Test worker] DEBUG org.apache.http.wire - http-outgoing-0 << "0[\r][\n]"
13:18:04.470 [Test worker] DEBUG org.apache.http.wire - http-outgoing-0 << "[\r][\n]"
13:18:04.470 [Test worker] DEBUG org.apache.http.impl.conn.PoolingHttpClientConnectionManager - Connection [id: 0][route: {}->http://localhost:8080] can be kept alive indefinitely
13:18:04.470 [Test worker] DEBUG org.apache.http.impl.conn.DefaultManagedHttpClientConnection - http-outgoing-0: set socket timeout to 0
13:18:04.470 [Test worker] DEBUG org.apache.http.impl.conn.PoolingHttpClientConnectionManager - Connection released: [id: 0][route: {}->http://localhost:8080][total available: 1; route allocated: 1 of 5; total allocated: 1 of 50]
13:18:04.478 [qtp824248140-20] DEBUG org.eclipse.jetty.io.ChannelEndPoint - flushed 7 NetworkTrafficSocketChannelEndPoint@5c83d21{/127.0.0.1:64952<->/127.0.0.1:8080,OPEN,fill=-,flush=W,to=4/30000}{io=0/0,kio=0,kro=1}->HttpConnection@6d895b6e[p=HttpParser{s=END,2378 of 2378},g=HttpGenerator@54c679a9{s=COMPLETING}]=>HttpChannelOverHttp@4adcbb1c{s=HttpChannelState@131607a{s=HANDLING rs=BLOCKING os=COMMITTED is=READY awp=false se=false i=true al=0},r=3,c=false/false,a=HANDLING,uri=//localhost:8080/__admin/mappings,age=80}
13:18:04.478 [qtp824248140-20] DEBUG org.eclipse.jetty.io.WriteFlusher - Flushed=true written=7 remaining=0 WriteFlusher@5e80a9d5{WRITING}->null
13:18:04.478 [qtp824248140-20] DEBUG org.eclipse.jetty.io.WriteFlusher - update WriteFlusher@5e80a9d5{IDLE}->null:WRITING-->IDLE
13:18:04.478 [qtp824248140-20] DEBUG org.eclipse.jetty.server.HttpConnection - generate: DONE for org.eclipse.jetty.server.HttpConnection$SendCallback@4252d2[PROCESSING][i=null,cb=org.eclipse.jetty.server.HttpChannel$SendCallback@28c3a4a8] (null,[p=0,l=0,c=0,r=0],true)@END
13:18:04.478 [qtp824248140-20] DEBUG org.eclipse.jetty.server.HttpOutput - onWriteComplete(true,null) s=CLOSING,api=BLOCKED,sc=false,e=null->s=CLOSED,api=BLOCKING,sc=false,e=null c=null cb=null w=false
13:18:04.478 [qtp824248140-20] DEBUG org.eclipse.jetty.server.handler.gzip.GzipHandler - GzipHandler@42831d1d{STARTED,min=32,inflate=-1} handle Request[POST //localhost:8080/__admin/mappings]@7239355a in null
13:18:04.479 [qtp824248140-20] DEBUG org.eclipse.jetty.server.handler.ContextHandler - scope null||/__admin/mappings @ o.e.j.s.ServletContextHandler@62d767f{/,null,AVAILABLE}
13:18:04.479 [qtp824248140-20] DEBUG org.eclipse.jetty.server.Server - handled=true async=false committed=true on HttpChannelOverHttp@4adcbb1c{s=HttpChannelState@131607a{s=HANDLING rs=BLOCKING os=COMPLETED is=READY awp=false se=false i=true al=0},r=3,c=false/true,a=HANDLING,uri=//localhost:8080/__admin/mappings,age=81}
13:18:04.479 [qtp824248140-20] DEBUG org.eclipse.jetty.server.HttpChannelState - unhandle HttpChannelState@131607a{s=HANDLING rs=BLOCKING os=COMPLETED is=READY awp=false se=false i=true al=0}
13:18:04.479 [qtp824248140-20] DEBUG org.eclipse.jetty.server.HttpChannelState - nextAction(false) COMPLETE HttpChannelState@131607a{s=HANDLING rs=COMPLETING os=COMPLETED is=READY awp=false se=false i=false al=0}
13:18:04.479 [qtp824248140-20] DEBUG org.eclipse.jetty.server.HttpChannel - action COMPLETE HttpChannelOverHttp@4adcbb1c{s=HttpChannelState@131607a{s=HANDLING rs=COMPLETING os=COMPLETED is=READY awp=false se=false i=false al=0},r=3,c=false/true,a=HANDLING,uri=//localhost:8080/__admin/mappings,age=81}
13:18:04.479 [qtp824248140-20] DEBUG org.eclipse.jetty.server.HttpOutput - complete(org.eclipse.jetty.util.Callback$4@2a1f39cc) s=CLOSED,api=BLOCKING,sc=false,e=null s=true e=null, c=null
13:18:04.479 [qtp824248140-20] DEBUG org.eclipse.jetty.server.HttpChannelState - completed HttpChannelState@131607a{s=HANDLING rs=COMPLETING os=COMPLETED is=READY awp=false se=false i=false al=0}
13:18:04.479 [qtp824248140-20] DEBUG org.eclipse.jetty.server.HttpChannelState - unhandle HttpChannelState@131607a{s=HANDLING rs=COMPLETED os=COMPLETED is=READY awp=false se=false i=false al=0}
13:18:04.480 [qtp824248140-20] DEBUG org.eclipse.jetty.server.HttpChannelState - nextAction(false) TERMINATED HttpChannelState@131607a{s=IDLE rs=COMPLETED os=COMPLETED is=READY awp=false se=false i=false al=0}
13:18:04.480 [qtp824248140-20] DEBUG org.eclipse.jetty.server.HttpChannel - action TERMINATED HttpChannelOverHttp@4adcbb1c{s=HttpChannelState@131607a{s=IDLE rs=COMPLETED os=COMPLETED is=READY awp=false se=false i=false al=0},r=3,c=true/true,a=IDLE,uri=//localhost:8080/__admin/mappings,age=82}
13:18:04.480 [qtp824248140-20] DEBUG org.eclipse.jetty.server.HttpChannel - onCompleted for /__admin/mappings written=2378
13:18:04.480 [qtp824248140-20] DEBUG org.eclipse.jetty.server.HttpChannelState - recycle HttpChannelState@131607a{s=IDLE rs=COMPLETED os=COMPLETED is=READY awp=false se=false i=false al=0}
13:18:04.480 [qtp824248140-20] DEBUG org.eclipse.jetty.http.HttpParser - reset HttpParser{s=END,2378 of 2378}
13:18:04.480 [qtp824248140-20] DEBUG org.eclipse.jetty.http.HttpParser - END --> START
13:18:04.480 [qtp824248140-20] DEBUG org.eclipse.jetty.server.HttpChannel - !handle TERMINATED HttpChannelOverHttp@4adcbb1c{s=HttpChannelState@131607a{s=IDLE rs=BLOCKING os=OPEN is=IDLE awp=false se=false i=true al=0},r=3,c=false/false,a=IDLE,uri=null,age=0}
13:18:04.480 [qtp824248140-20] DEBUG org.eclipse.jetty.io.ChannelEndPoint - filled 0 HeapByteBuffer@6457bf7d[p=0,l=0,c=8192,r=0]={<<<>>>HTTP/1.1 ...\x00\x00\x00\x00\x00\x00\x00}
13:18:04.480 [qtp824248140-20] DEBUG org.eclipse.jetty.io.ChannelEndPoint - filled 0 HeapByteBuffer@6457bf7d[p=0,l=0,c=8192,r=0]={<<<>>>HTTP/1.1 ...\x00\x00\x00\x00\x00\x00\x00}
13:18:04.481 [qtp824248140-20] DEBUG org.eclipse.jetty.server.HttpConnection - HttpConnection@6d895b6e::NetworkTrafficSocketChannelEndPoint@5c83d21{/127.0.0.1:64952<->/127.0.0.1:8080,OPEN,fill=-,flush=-,to=2/30000}{io=0/0,kio=0,kro=1}->HttpConnection@6d895b6e[p=HttpParser{s=START,0 of -1},g=HttpGenerator@54c679a9{s=START}]=>HttpChannelOverHttp@4adcbb1c{s=HttpChannelState@131607a{s=IDLE rs=BLOCKING os=OPEN is=IDLE awp=false se=false i=true al=0},r=3,c=false/false,a=IDLE,uri=null,age=0} filled 0 HeapByteBuffer@6457bf7d[p=0,l=0,c=8192,r=0]={<<<>>>HTTP/1.1 ...\x00\x00\x00\x00\x00\x00\x00}
13:18:04.481 [qtp824248140-20] DEBUG org.eclipse.jetty.server.HttpConnection - HttpConnection@6d895b6e::NetworkTrafficSocketChannelEndPoint@5c83d21{/127.0.0.1:64952<->/127.0.0.1:8080,OPEN,fill=-,flush=-,to=3/30000}{io=0/0,kio=0,kro=1}->HttpConnection@6d895b6e[p=HttpParser{s=START,0 of -1},g=HttpGenerator@54c679a9{s=START}]=>HttpChannelOverHttp@4adcbb1c{s=HttpChannelState@131607a{s=IDLE rs=BLOCKING os=OPEN is=IDLE awp=false se=false i=true al=0},r=3,c=false/false,a=IDLE,uri=null,age=0} parse HeapByteBuffer@6457bf7d[p=0,l=0,c=8192,r=0]={<<<>>>HTTP/1.1 ...\x00\x00\x00\x00\x00\x00\x00} {}
13:18:04.481 [qtp824248140-20] DEBUG org.eclipse.jetty.http.HttpParser - parseNext s=START HeapByteBuffer@6457bf7d[p=0,l=0,c=8192,r=0]={<<<>>>HTTP/1.1 ...\x00\x00\x00\x00\x00\x00\x00}
13:18:04.481 [qtp824248140-20] DEBUG org.eclipse.jetty.server.HttpConnection - HttpConnection@6d895b6e::NetworkTrafficSocketChannelEndPoint@5c83d21{/127.0.0.1:64952<->/127.0.0.1:8080,OPEN,fill=-,flush=-,to=3/30000}{io=0/0,kio=0,kro=1}->HttpConnection@6d895b6e[p=HttpParser{s=START,0 of -1},g=HttpGenerator@54c679a9{s=START}]=>HttpChannelOverHttp@4adcbb1c{s=HttpChannelState@131607a{s=IDLE rs=BLOCKING os=OPEN is=IDLE awp=false se=false i=true al=0},r=3,c=false/false,a=IDLE,uri=null,age=0} parsed false HttpParser{s=START,0 of -1}
13:18:04.481 [qtp824248140-20] DEBUG org.eclipse.jetty.server.HttpConnection - releaseRequestBuffer HttpConnection@6d895b6e::NetworkTrafficSocketChannelEndPoint@5c83d21{/127.0.0.1:64952<->/127.0.0.1:8080,OPEN,fill=-,flush=-,to=3/30000}{io=0/0,kio=0,kro=1}->HttpConnection@6d895b6e[p=HttpParser{s=START,0 of -1},g=HttpGenerator@54c679a9{s=START}]=>HttpChannelOverHttp@4adcbb1c{s=HttpChannelState@131607a{s=IDLE rs=BLOCKING os=OPEN is=IDLE awp=false se=false i=true al=0},r=3,c=false/false,a=IDLE,uri=null,age=0}
13:18:04.482 [qtp824248140-20] DEBUG org.eclipse.jetty.io.AbstractConnection - fillInterested HttpConnection@6d895b6e::NetworkTrafficSocketChannelEndPoint@5c83d21{/127.0.0.1:64952<->/127.0.0.1:8080,OPEN,fill=-,flush=-,to=3/30000}{io=0/0,kio=0,kro=1}->HttpConnection@6d895b6e[p=HttpParser{s=START,0 of -1},g=HttpGenerator@54c679a9{s=START}]=>HttpChannelOverHttp@4adcbb1c{s=HttpChannelState@131607a{s=IDLE rs=BLOCKING os=OPEN is=IDLE awp=false se=false i=true al=0},r=3,c=false/false,a=IDLE,uri=null,age=0}
13:18:04.482 [qtp824248140-20] DEBUG org.eclipse.jetty.io.FillInterest - interested FillInterest@73330a74{AC.ReadCB@6d895b6e{HttpConnection@6d895b6e::NetworkTrafficSocketChannelEndPoint@5c83d21{/127.0.0.1:64952<->/127.0.0.1:8080,OPEN,fill=FI,flush=-,to=0/30000}{io=0/0,kio=0,kro=1}->HttpConnection@6d895b6e[p=HttpParser{s=START,0 of -1},g=HttpGenerator@54c679a9{s=START}]=>HttpChannelOverHttp@4adcbb1c{s=HttpChannelState@131607a{s=IDLE rs=BLOCKING os=OPEN is=IDLE awp=false se=false i=true al=0},r=3,c=false/false,a=IDLE,uri=null,age=0}}}
13:18:04.482 [qtp824248140-20] DEBUG org.eclipse.jetty.io.ChannelEndPoint - changeInterests p=false 0->1 for NetworkTrafficSocketChannelEndPoint@5c83d21{/127.0.0.1:64952<->/127.0.0.1:8080,OPEN,fill=FI,flush=-,to=0/30000}{io=0/1,kio=0,kro=1}->HttpConnection@6d895b6e[p=HttpParser{s=START,0 of -1},g=HttpGenerator@54c679a9{s=START}]=>HttpChannelOverHttp@4adcbb1c{s=HttpChannelState@131607a{s=IDLE rs=BLOCKING os=OPEN is=IDLE awp=false se=false i=true al=0},r=3,c=false/false,a=IDLE,uri=null,age=0}
13:18:04.483 [qtp824248140-20] DEBUG org.eclipse.jetty.io.ManagedSelector - Queued change org.eclipse.jetty.io.ChannelEndPoint$1@6bae17c5 on ManagedSelector@61fc9209{STARTED} id=1 keys=1 selected=0 updates=0
13:18:04.483 [qtp824248140-20] DEBUG org.eclipse.jetty.io.ManagedSelector - Wakeup on submit ManagedSelector@61fc9209{STARTED} id=1 keys=1 selected=0 updates=1
13:18:04.483 [qtp824248140-20] DEBUG org.eclipse.jetty.server.HttpConnection - HttpConnection@6d895b6e::NetworkTrafficSocketChannelEndPoint@5c83d21{/127.0.0.1:64952<->/127.0.0.1:8080,OPEN,fill=FI,flush=-,to=1/30000}{io=0/1,kio=0,kro=1}->HttpConnection@6d895b6e[p=HttpParser{s=START,0 of -1},g=HttpGenerator@54c679a9{s=START}]=>HttpChannelOverHttp@4adcbb1c{s=HttpChannelState@131607a{s=IDLE rs=BLOCKING os=OPEN is=IDLE awp=false se=false i=true al=0},r=3,c=false/false,a=IDLE,uri=null,age=0} onFillable exit HttpChannelState@131607a{s=IDLE rs=BLOCKING os=OPEN is=IDLE awp=false se=false i=true al=0} null
13:18:04.483 [qtp824248140-20] DEBUG org.eclipse.jetty.util.thread.ReservedThreadExecutor - ReservedThreadExecutor@238f6469{s=1/1,p=0}@45cccc31 size 1 > capacity
13:18:04.483 [qtp824248140-20] DEBUG org.eclipse.jetty.util.thread.QueuedThreadPool - ran ReservedThreadExecutor@238f6469{s=1/1,p=0}@45cccc31 in QueuedThreadPool[qtp824248140]@3121074c{STARTED,8<=8<=14,i=1,r=1,q=0}[ReservedThreadExecutor@238f6469{s=1/1,p=0}]
13:18:04.484 [qtp824248140-24] DEBUG org.eclipse.jetty.io.ManagedSelector - Selector sun.nio.ch.WindowsSelectorImpl@79f2d02e woken with none selected
13:18:04.484 [qtp824248140-24] DEBUG org.eclipse.jetty.io.ManagedSelector - Selector sun.nio.ch.WindowsSelectorImpl@79f2d02e woken up from select, 0/0/1 selected
13:18:04.484 [qtp824248140-24] DEBUG org.eclipse.jetty.io.ManagedSelector - Selector sun.nio.ch.WindowsSelectorImpl@79f2d02e processing 0 keys, 1 updates
13:18:04.484 [qtp824248140-24] DEBUG org.eclipse.jetty.io.ManagedSelector - updateable 1
13:18:04.484 [qtp824248140-24] DEBUG org.eclipse.jetty.io.ManagedSelector - update org.eclipse.jetty.io.ChannelEndPoint$1@6bae17c5
13:18:04.484 [qtp824248140-24] DEBUG org.eclipse.jetty.io.ChannelEndPoint - Key interests updated 0 -> 1 on NetworkTrafficSocketChannelEndPoint@5c83d21{/127.0.0.1:64952<->/127.0.0.1:8080,OPEN,fill=FI,flush=-,to=2/30000}{io=1/1,kio=1,kro=1}->HttpConnection@6d895b6e[p=HttpParser{s=START,0 of -1},g=HttpGenerator@54c679a9{s=START}]=>HttpChannelOverHttp@4adcbb1c{s=HttpChannelState@131607a{s=IDLE rs=BLOCKING os=OPEN is=IDLE awp=false se=false i=true al=0},r=3,c=false/false,a=IDLE,uri=null,age=0}
13:18:04.484 [qtp824248140-24] DEBUG org.eclipse.jetty.io.ManagedSelector - updates 0
13:18:04.484 [qtp824248140-24] DEBUG org.eclipse.jetty.io.ManagedSelector - Selector sun.nio.ch.WindowsSelectorImpl@79f2d02e waiting with 1 keys
13:18:05.823 [Test worker] DEBUG io.netty.util.ResourceLeakDetector - -Dio.netty.leakDetection.level: simple
13:18:05.823 [Test worker] DEBUG io.netty.util.ResourceLeakDetector - -Dio.netty.leakDetection.targetRecords: 4
13:18:05.882 [Test worker] DEBUG reactor.netty.resources.DefaultLoopEpoll - Default Epoll support : false
13:18:05.884 [Test worker] DEBUG reactor.netty.resources.DefaultLoopKQueue - Default KQueue support : false
13:18:05.905 [Test worker] DEBUG io.netty.channel.MultithreadEventLoopGroup - -Dio.netty.eventLoopThreads: 8
13:18:05.979 [Test worker] DEBUG io.netty.util.internal.InternalThreadLocalMap - -Dio.netty.threadLocalMap.stringBuilder.initialSize: 1024
13:18:05.979 [Test worker] DEBUG io.netty.util.internal.InternalThreadLocalMap - -Dio.netty.threadLocalMap.stringBuilder.maxSize: 4096
13:18:06.005 [Test worker] DEBUG io.netty.channel.nio.NioEventLoop - -Dio.netty.noKeySetOptimization: false
13:18:06.006 [Test worker] DEBUG io.netty.channel.nio.NioEventLoop - -Dio.netty.selectorAutoRebuildThreshold: 512
13:18:06.046 [Test worker] DEBUG io.netty.util.internal.PlatformDependent - org.jctools-core.MpscChunkedArrayQueue: available
13:18:06.208 [Test worker] DEBUG org.springframework.web.reactive.function.client.ExchangeFunctions - [5f1f40fb] HTTP GET http://localhost:8080/api/v0/components/provision-adapters/awx
13:18:06.223 [Test worker] DEBUG reactor.netty.resources.PooledConnectionProvider - Creating a new client pool [PoolFactory {maxConnections=500, pendingAcquireMaxCount=-1, pendingAcquireTimeout=45000, maxIdleTime=-1, maxLifeTime=-1, metricsEnabled=false}] for [localhost:8080]
13:18:06.328 [Test worker] DEBUG io.netty.channel.DefaultChannelId - -Dio.netty.processId: 4312 (auto-detected)
13:18:07.408 [Test worker] DEBUG io.netty.channel.DefaultChannelId - -Dio.netty.machineId: 00:24:32:ff:fe:17:65:c8 (auto-detected)
13:18:07.537 [Test worker] DEBUG io.netty.buffer.PooledByteBufAllocator - -Dio.netty.allocator.numHeapArenas: 5
13:18:07.537 [Test worker] DEBUG io.netty.buffer.PooledByteBufAllocator - -Dio.netty.allocator.numDirectArenas: 5
13:18:07.537 [Test worker] DEBUG io.netty.buffer.PooledByteBufAllocator - -Dio.netty.allocator.pageSize: 8192
13:18:07.537 [Test worker] DEBUG io.netty.buffer.PooledByteBufAllocator - -Dio.netty.allocator.maxOrder: 11
13:18:07.537 [Test worker] DEBUG io.netty.buffer.PooledByteBufAllocator - -Dio.netty.allocator.chunkSize: 16777216
13:18:07.537 [Test worker] DEBUG io.netty.buffer.PooledByteBufAllocator - -Dio.netty.allocator.tinyCacheSize: 512
13:18:07.537 [Test worker] DEBUG io.netty.buffer.PooledByteBufAllocator - -Dio.netty.allocator.smallCacheSize: 256
13:18:07.537 [Test worker] DEBUG io.netty.buffer.PooledByteBufAllocator - -Dio.netty.allocator.normalCacheSize: 64
13:18:07.537 [Test worker] DEBUG io.netty.buffer.PooledByteBufAllocator - -Dio.netty.allocator.maxCachedBufferCapacity: 32768
13:18:07.537 [Test worker] DEBUG io.netty.buffer.PooledByteBufAllocator - -Dio.netty.allocator.cacheTrimInterval: 8192
13:18:07.538 [Test worker] DEBUG io.netty.buffer.PooledByteBufAllocator - -Dio.netty.allocator.cacheTrimIntervalMillis: 0
13:18:07.538 [Test worker] DEBUG io.netty.buffer.PooledByteBufAllocator - -Dio.netty.allocator.useCacheForAllThreads: true
13:18:07.538 [Test worker] DEBUG io.netty.buffer.PooledByteBufAllocator - -Dio.netty.allocator.maxCachedByteBuffersPerChunk: 1023
13:18:07.570 [Test worker] DEBUG io.netty.buffer.ByteBufUtil - -Dio.netty.allocator.type: pooled
13:18:07.570 [Test worker] DEBUG io.netty.buffer.ByteBufUtil - -Dio.netty.threadLocalDirectBufferSize: 0
13:18:07.571 [Test worker] DEBUG io.netty.buffer.ByteBufUtil - -Dio.netty.maxThreadLocalCharBufferSize: 16384
13:18:07.594 [reactor-http-nio-1] DEBUG reactor.netty.resources.PooledConnectionProvider - [id: 0x9c15a5a1] Created a new pooled channel, now 1 active connections and 0 inactive connections
13:18:07.784 [reactor-http-nio-1] DEBUG io.netty.buffer.AbstractByteBuf - -Dio.netty.buffer.checkAccessible: true
13:18:07.785 [reactor-http-nio-1] DEBUG io.netty.buffer.AbstractByteBuf - -Dio.netty.buffer.checkBounds: true
13:18:07.830 [reactor-http-nio-1] DEBUG io.netty.util.ResourceLeakDetectorFactory - Loaded default ResourceLeakDetector: io.netty.util.ResourceLeakDetector@1575e428
13:18:07.852 [reactor-http-nio-1] DEBUG reactor.netty.channel.BootstrapHandlers - [id: 0x9c15a5a1] Initialized pipeline DefaultChannelPipeline{(BootstrapHandlers$BootstrapInitializerHandler#0 = reactor.netty.channel.BootstrapHandlers$BootstrapInitializerHandler), (PooledConnectionProvider$PooledConnectionAllocator$PooledConnectionInitializer#0 = reactor.netty.resources.PooledConnectionProvider$PooledConnectionAllocator$PooledConnectionInitializer), (reactor.left.httpCodec = io.netty.handler.codec.http.HttpClientCodec), (reactor.right.reactiveBridge = reactor.netty.channel.ChannelOperationsHandler)}
13:18:07.884 [qtp824248140-22-acceptor-0@7b71cf78-NetworkTrafficServerConnector@6a7c003b{HTTP/1.1, (http/1.1)}{0.0.0.0:8080}] DEBUG org.eclipse.jetty.io.ManagedSelector - Queued change org.eclipse.jetty.io.ManagedSelector$Accept@7178a9f4 on ManagedSelector@19f48377{STARTED} id=0 keys=0 selected=0 updates=0
13:18:07.884 [qtp824248140-22-acceptor-0@7b71cf78-NetworkTrafficServerConnector@6a7c003b{HTTP/1.1, (http/1.1)}{0.0.0.0:8080}] DEBUG org.eclipse.jetty.io.ManagedSelector - Wakeup on submit ManagedSelector@19f48377{STARTED} id=0 keys=0 selected=0 updates=1
13:18:07.885 [qtp824248140-25] DEBUG org.eclipse.jetty.io.ManagedSelector - Selector sun.nio.ch.WindowsSelectorImpl@6fac80d8 woken with none selected
13:18:07.885 [qtp824248140-25] DEBUG org.eclipse.jetty.io.ManagedSelector - Selector sun.nio.ch.WindowsSelectorImpl@6fac80d8 woken up from select, 0/0/0 selected
13:18:07.885 [qtp824248140-25] DEBUG org.eclipse.jetty.io.ManagedSelector - Selector sun.nio.ch.WindowsSelectorImpl@6fac80d8 processing 0 keys, 1 updates
13:18:07.885 [qtp824248140-25] DEBUG org.eclipse.jetty.io.ManagedSelector - updateable 1
13:18:07.885 [qtp824248140-25] DEBUG org.eclipse.jetty.io.ManagedSelector - update org.eclipse.jetty.io.ManagedSelector$Accept@7178a9f4
13:18:07.885 [qtp824248140-25] DEBUG org.eclipse.jetty.util.thread.QueuedThreadPool - queue org.eclipse.jetty.io.ManagedSelector$Accept@7178a9f4 startThread=0
13:18:07.885 [qtp824248140-25] DEBUG org.eclipse.jetty.io.ManagedSelector - updates 0
13:18:07.885 [qtp824248140-25] DEBUG org.eclipse.jetty.io.ManagedSelector - Selector sun.nio.ch.WindowsSelectorImpl@6fac80d8 waiting with 1 keys
13:18:07.886 [qtp824248140-23] DEBUG org.eclipse.jetty.util.thread.QueuedThreadPool - run org.eclipse.jetty.io.ManagedSelector$Accept@7178a9f4 in QueuedThreadPool[qtp824248140]@3121074c{STARTED,8<=8<=14,i=1,r=1,q=0}[ReservedThreadExecutor@238f6469{s=1/1,p=0}]
13:18:07.887 [qtp824248140-23] DEBUG org.eclipse.jetty.io.IdleTimeout - NetworkTrafficSocketChannelEndPoint@54884eec{/127.0.0.1:64963<->/127.0.0.1:8080,OPEN,fill=-,flush=-,to=0/30000}{io=0/0,kio=0,kro=0}-><null> idle timeout check, elapsed: 0 ms, remaining: 30000 ms
13:18:07.887 [qtp824248140-23] DEBUG org.eclipse.jetty.server.HttpChannel - new HttpChannelOverHttp@610e7a35{s=HttpChannelState@5275071b{s=IDLE rs=BLOCKING os=OPEN is=IDLE awp=false se=false i=true al=0},r=0,c=false/false,a=IDLE,uri=null,age=0} -> NetworkTrafficSocketChannelEndPoint@54884eec{/127.0.0.1:64963<->/127.0.0.1:8080,OPEN,fill=-,flush=-,to=1/30000}{io=0/0,kio=0,kro=0}-><null>,null,HttpChannelState@5275071b{s=IDLE rs=BLOCKING os=OPEN is=IDLE awp=false se=false i=true al=0}
13:18:07.887 [qtp824248140-23] DEBUG org.eclipse.jetty.server.HttpConnection - New HTTP Connection HttpConnection@2bcfd4ee::NetworkTrafficSocketChannelEndPoint@54884eec{/127.0.0.1:64963<->/127.0.0.1:8080,OPEN,fill=-,flush=-,to=1/30000}{io=0/0,kio=0,kro=0}-><null>
13:18:07.888 [qtp824248140-23] DEBUG org.eclipse.jetty.io.AbstractEndPoint - onOpen NetworkTrafficSocketChannelEndPoint@54884eec{/127.0.0.1:64963<->/127.0.0.1:8080,OPEN,fill=-,flush=-,to=1/30000}{io=0/0,kio=0,kro=0}->HttpConnection@2bcfd4ee[p=HttpParser{s=START,0 of -1},g=HttpGenerator@3da61055{s=START}]=>HttpChannelOverHttp@610e7a35{s=HttpChannelState@5275071b{s=IDLE rs=BLOCKING os=OPEN is=IDLE awp=false se=false i=true al=0},r=0,c=false/false,a=IDLE,uri=null,age=0}
13:18:07.888 [qtp824248140-23] DEBUG org.eclipse.jetty.io.AbstractConnection - onOpen HttpConnection@2bcfd4ee::NetworkTrafficSocketChannelEndPoint@54884eec{/127.0.0.1:64963<->/127.0.0.1:8080,OPEN,fill=-,flush=-,to=2/30000}{io=0/0,kio=0,kro=0}->HttpConnection@2bcfd4ee[p=HttpParser{s=START,0 of -1},g=HttpGenerator@3da61055{s=START}]=>HttpChannelOverHttp@610e7a35{s=HttpChannelState@5275071b{s=IDLE rs=BLOCKING os=OPEN is=IDLE awp=false se=false i=true al=0},r=0,c=false/false,a=IDLE,uri=null,age=0}
13:18:07.889 [qtp824248140-23] DEBUG org.eclipse.jetty.io.AbstractConnection - fillInterested HttpConnection@2bcfd4ee::NetworkTrafficSocketChannelEndPoint@54884eec{/127.0.0.1:64963<->/127.0.0.1:8080,OPEN,fill=-,flush=-,to=2/30000}{io=0/0,kio=0,kro=0}->HttpConnection@2bcfd4ee[p=HttpParser{s=START,0 of -1},g=HttpGenerator@3da61055{s=START}]=>HttpChannelOverHttp@610e7a35{s=HttpChannelState@5275071b{s=IDLE rs=BLOCKING os=OPEN is=IDLE awp=false se=false i=true al=0},r=0,c=false/false,a=IDLE,uri=null,age=0}
13:18:07.890 [qtp824248140-23] DEBUG org.eclipse.jetty.io.FillInterest - interested FillInterest@2feb1a06{AC.ReadCB@2bcfd4ee{HttpConnection@2bcfd4ee::NetworkTrafficSocketChannelEndPoint@54884eec{/127.0.0.1:64963<->/127.0.0.1:8080,OPEN,fill=FI,flush=-,to=0/30000}{io=0/0,kio=0,kro=0}->HttpConnection@2bcfd4ee[p=HttpParser{s=START,0 of -1},g=HttpGenerator@3da61055{s=START}]=>HttpChannelOverHttp@610e7a35{s=HttpChannelState@5275071b{s=IDLE rs=BLOCKING os=OPEN is=IDLE awp=false se=false i=true al=0},r=0,c=false/false,a=IDLE,uri=null,age=0}}}
13:18:07.890 [qtp824248140-23] DEBUG org.eclipse.jetty.io.ChannelEndPoint - changeInterests p=false 0->1 for NetworkTrafficSocketChannelEndPoint@54884eec{/127.0.0.1:64963<->/127.0.0.1:8080,OPEN,fill=FI,flush=-,to=0/30000}{io=0/1,kio=0,kro=0}->HttpConnection@2bcfd4ee[p=HttpParser{s=START,0 of -1},g=HttpGenerator@3da61055{s=START}]=>HttpChannelOverHttp@610e7a35{s=HttpChannelState@5275071b{s=IDLE rs=BLOCKING os=OPEN is=IDLE awp=false se=false i=true al=0},r=0,c=false/false,a=IDLE,uri=null,age=0}
13:18:07.891 [qtp824248140-23] DEBUG org.eclipse.jetty.io.ManagedSelector - Queued change org.eclipse.jetty.io.ChannelEndPoint$1@555c9d3f on ManagedSelector@19f48377{STARTED} id=0 keys=1 selected=0 updates=0
13:18:07.891 [qtp824248140-23] DEBUG org.eclipse.jetty.io.ManagedSelector - Wakeup on submit ManagedSelector@19f48377{STARTED} id=0 keys=1 selected=0 updates=1
13:18:07.891 [qtp824248140-25] DEBUG org.eclipse.jetty.io.ManagedSelector - Selector sun.nio.ch.WindowsSelectorImpl@6fac80d8 woken with none selected
13:18:07.891 [qtp824248140-25] DEBUG org.eclipse.jetty.io.ManagedSelector - Selector sun.nio.ch.WindowsSelectorImpl@6fac80d8 woken up from select, 0/0/1 selected
13:18:07.891 [qtp824248140-25] DEBUG org.eclipse.jetty.io.ManagedSelector - Selector sun.nio.ch.WindowsSelectorImpl@6fac80d8 processing 0 keys, 1 updates
13:18:07.891 [qtp824248140-25] DEBUG org.eclipse.jetty.io.ManagedSelector - updateable 1
13:18:07.891 [qtp824248140-25] DEBUG org.eclipse.jetty.io.ManagedSelector - update org.eclipse.jetty.io.ChannelEndPoint$1@555c9d3f
13:18:07.891 [qtp824248140-23] DEBUG org.eclipse.jetty.io.ManagedSelector - Created NetworkTrafficSocketChannelEndPoint@54884eec{/127.0.0.1:64963<->/127.0.0.1:8080,OPEN,fill=FI,flush=-,to=1/30000}{io=0/1,kio=0,kro=0}->HttpConnection@2bcfd4ee[p=HttpParser{s=START,0 of -1},g=HttpGenerator@3da61055{s=START}]=>HttpChannelOverHttp@610e7a35{s=HttpChannelState@5275071b{s=IDLE rs=BLOCKING os=OPEN is=IDLE awp=false se=false i=true al=0},r=0,c=false/false,a=IDLE,uri=null,age=0}
13:18:07.891 [qtp824248140-23] DEBUG org.eclipse.jetty.util.thread.QueuedThreadPool - ran org.eclipse.jetty.io.ManagedSelector$Accept@7178a9f4 in QueuedThreadPool[qtp824248140]@3121074c{STARTED,8<=8<=14,i=1,r=1,q=0}[ReservedThreadExecutor@238f6469{s=1/1,p=0}]
13:18:07.891 [qtp824248140-25] DEBUG org.eclipse.jetty.io.ChannelEndPoint - Key interests updated 0 -> 1 on NetworkTrafficSocketChannelEndPoint@54884eec{/127.0.0.1:64963<->/127.0.0.1:8080,OPEN,fill=FI,flush=-,to=1/30000}{io=1/1,kio=1,kro=0}->HttpConnection@2bcfd4ee[p=HttpParser{s=START,0 of -1},g=HttpGenerator@3da61055{s=START}]=>HttpChannelOverHttp@610e7a35{s=HttpChannelState@5275071b{s=IDLE rs=BLOCKING os=OPEN is=IDLE awp=false se=false i=true al=0},r=0,c=false/false,a=IDLE,uri=null,age=0}
13:18:07.891 [qtp824248140-25] DEBUG org.eclipse.jetty.io.ManagedSelector - updates 0
13:18:07.892 [qtp824248140-25] DEBUG org.eclipse.jetty.io.ManagedSelector - Selector sun.nio.ch.WindowsSelectorImpl@6fac80d8 waiting with 1 keys
13:18:07.906 [reactor-http-nio-1] DEBUG reactor.netty.resources.PooledConnectionProvider - [id: 0x9c15a5a1, L:/127.0.0.1:64963 - R:localhost/127.0.0.1:8080] Registering pool release on close event for channel
13:18:07.907 [reactor-http-nio-1] DEBUG reactor.netty.resources.PooledConnectionProvider - [id: 0x9c15a5a1, L:/127.0.0.1:64963 - R:localhost/127.0.0.1:8080] Channel connected, now 1 active connections and 0 inactive connections
13:18:07.908 [reactor-http-nio-1] DEBUG reactor.netty.resources.PooledConnectionProvider - [id: 0x9c15a5a1, L:/127.0.0.1:64963 - R:localhost/127.0.0.1:8080] onStateChange(PooledConnection{channel=[id: 0x9c15a5a1, L:/127.0.0.1:64963 - R:localhost/127.0.0.1:8080]}, [connected])
13:18:08.086 [reactor-http-nio-1] DEBUG reactor.netty.resources.PooledConnectionProvider - [id: 0x9c15a5a1, L:/127.0.0.1:64963 - R:localhost/127.0.0.1:8080] onStateChange(GET{uri=/, connection=PooledConnection{channel=[id: 0x9c15a5a1, L:/127.0.0.1:64963 - R:localhost/127.0.0.1:8080]}}, [configured])
13:18:08.183 [reactor-http-nio-1] DEBUG reactor.netty.ReactorNetty - [id: 0x9c15a5a1, L:/127.0.0.1:64963 - R:localhost/127.0.0.1:8080] Added decoder [ReadTimeoutHandler] at the end of the user pipeline, full pipeline: [reactor.left.httpCodec, ReadTimeoutHandler, reactor.right.reactiveBridge, DefaultChannelPipeline$TailContext#0]
13:18:08.199 [reactor-http-nio-1] DEBUG reactor.netty.ReactorNetty - [id: 0x9c15a5a1, L:/127.0.0.1:64963 - R:localhost/127.0.0.1:8080] Added decoder [WriteTimeoutHandler] at the end of the user pipeline, full pipeline: [reactor.left.httpCodec, ReadTimeoutHandler, WriteTimeoutHandler, reactor.right.reactiveBridge, DefaultChannelPipeline$TailContext#0]
13:18:08.200 [reactor-http-nio-1] DEBUG reactor.netty.http.client.HttpClientConnect - [id: 0x9c15a5a1, L:/127.0.0.1:64963 - R:localhost/127.0.0.1:8080] Handler is being applied: {uri=http://localhost:8080/api/v0/components/provision-adapters/awx, method=GET}
13:18:08.216 [reactor-http-nio-1] DEBUG reactor.netty.resources.PooledConnectionProvider - [id: 0x9c15a5a1, L:/127.0.0.1:64963 - R:localhost/127.0.0.1:8080] onStateChange(GET{uri=/api/v0/components/provision-adapters/awx, connection=PooledConnection{channel=[id: 0x9c15a5a1, L:/127.0.0.1:64963 - R:localhost/127.0.0.1:8080]}}, [request_prepared])
13:18:08.431 [reactor-http-nio-1] DEBUG io.netty.util.Recycler - -Dio.netty.recycler.maxCapacityPerThread: 4096
13:18:08.431 [reactor-http-nio-1] DEBUG io.netty.util.Recycler - -Dio.netty.recycler.maxSharedCapacityFactor: 2
13:18:08.431 [reactor-http-nio-1] DEBUG io.netty.util.Recycler - -Dio.netty.recycler.linkCapacity: 16
13:18:08.431 [reactor-http-nio-1] DEBUG io.netty.util.Recycler - -Dio.netty.recycler.ratio: 8
13:18:08.495 [qtp824248140-25] DEBUG org.eclipse.jetty.io.ManagedSelector - Selector sun.nio.ch.WindowsSelectorImpl@6fac80d8 woken up from select, 1/1/1 selected
13:18:08.495 [qtp824248140-25] DEBUG org.eclipse.jetty.io.ManagedSelector - Selector sun.nio.ch.WindowsSelectorImpl@6fac80d8 processing 1 keys, 0 updates
13:18:08.496 [qtp824248140-25] DEBUG org.eclipse.jetty.io.ManagedSelector - selected 1 channel=java.nio.channels.SocketChannel[connected local=/127.0.0.1:8080 remote=/127.0.0.1:64963], selector=sun.nio.ch.WindowsSelectorImpl@6fac80d8, interestOps=1, readyOps=1 NetworkTrafficSocketChannelEndPoint@54884eec{/127.0.0.1:64963<->/127.0.0.1:8080,OPEN,fill=FI,flush=-,to=606/30000}{io=1/1,kio=1,kro=1}->HttpConnection@2bcfd4ee[p=HttpParser{s=START,0 of -1},g=HttpGenerator@3da61055{s=START}]=>HttpChannelOverHttp@610e7a35{s=HttpChannelState@5275071b{s=IDLE rs=BLOCKING os=OPEN is=IDLE awp=false se=false i=true al=0},r=0,c=false/false,a=IDLE,uri=null,age=0} 
13:18:08.496 [qtp824248140-25] DEBUG org.eclipse.jetty.io.ChannelEndPoint - onSelected 1->0 r=true w=false for NetworkTrafficSocketChannelEndPoint@54884eec{/127.0.0.1:64963<->/127.0.0.1:8080,OPEN,fill=FI,flush=-,to=606/30000}{io=1/0,kio=1,kro=1}->HttpConnection@2bcfd4ee[p=HttpParser{s=START,0 of -1},g=HttpGenerator@3da61055{s=START}]=>HttpChannelOverHttp@610e7a35{s=HttpChannelState@5275071b{s=IDLE rs=BLOCKING os=OPEN is=IDLE awp=false se=false i=true al=0},r=0,c=false/false,a=IDLE,uri=null,age=0}
13:18:08.497 [qtp824248140-25] DEBUG org.eclipse.jetty.io.ChannelEndPoint - task CEP:NetworkTrafficSocketChannelEndPoint@54884eec{/127.0.0.1:64963<->/127.0.0.1:8080,OPEN,fill=FI,flush=-,to=607/30000}{io=1/0,kio=1,kro=1}->HttpConnection@2bcfd4ee[p=HttpParser{s=START,0 of -1},g=HttpGenerator@3da61055{s=START}]=>HttpChannelOverHttp@610e7a35{s=HttpChannelState@5275071b{s=IDLE rs=BLOCKING os=OPEN is=IDLE awp=false se=false i=true al=0},r=0,c=false/false,a=IDLE,uri=null,age=0}:runFillable:BLOCKING
13:18:08.497 [qtp824248140-25] DEBUG org.eclipse.jetty.util.thread.ReservedThreadExecutor - ReservedThreadExecutor@238f6469{s=1/1,p=0} tryExecute EatWhatYouKill@6fa9da72/SelectorProducer@53886ac6/PRODUCING/p=false/QueuedThreadPool[qtp824248140]@3121074c{STARTED,8<=8<=14,i=2,r=1,q=0}[ReservedThreadExecutor@238f6469{s=1/1,p=0}][pc=0,pic=0,pec=0,epc=0]@2020-09-25T13:18:08.4978581+02:00
13:18:08.498 [qtp824248140-25] DEBUG org.eclipse.jetty.util.thread.ReservedThreadExecutor - ReservedThreadExecutor@238f6469{s=0/1,p=0}@a53c6a3 offer EatWhatYouKill@6fa9da72/SelectorProducer@53886ac6/PRODUCING/p=false/QueuedThreadPool[qtp824248140]@3121074c{STARTED,8<=8<=14,i=2,r=1,q=0}[ReservedThreadExecutor@238f6469{s=0/1,p=0}][pc=0,pic=0,pec=0,epc=0]@2020-09-25T13:18:08.4988716+02:00
13:18:08.498 [qtp824248140-25] DEBUG org.eclipse.jetty.util.thread.ReservedThreadExecutor - ReservedThreadExecutor@238f6469{s=0/1,p=1} startReservedThread p=1
13:18:08.498 [qtp824248140-25] DEBUG org.eclipse.jetty.util.thread.QueuedThreadPool - queue ReservedThreadExecutor@238f6469{s=0/1,p=1}@1e1e1c94 startThread=0
13:18:08.499 [qtp824248140-25] DEBUG org.eclipse.jetty.util.thread.strategy.EatWhatYouKill - EatWhatYouKill@6fa9da72/SelectorProducer@53886ac6/IDLE/p=true/QueuedThreadPool[qtp824248140]@3121074c{STARTED,8<=8<=14,i=1,r=1,q=0}[ReservedThreadExecutor@238f6469{s=0/1,p=1}][pc=0,pic=0,pec=0,epc=0]@2020-09-25T13:18:08.4998588+02:00 m=EXECUTE_PRODUCE_CONSUME t=CEP:NetworkTrafficSocketChannelEndPoint@54884eec{/127.0.0.1:64963<->/127.0.0.1:8080,OPEN,fill=FI,flush=-,to=609/30000}{io=1/0,kio=1,kro=1}->HttpConnection@2bcfd4ee[p=HttpParser{s=START,0 of -1},g=HttpGenerator@3da61055{s=START}]=>HttpChannelOverHttp@610e7a35{s=HttpChannelState@5275071b{s=IDLE rs=BLOCKING os=OPEN is=IDLE awp=false se=false i=true al=0},r=0,c=false/false,a=IDLE,uri=null,age=0}:runFillable:BLOCKING/BLOCKING
13:18:08.499 [qtp824248140-25] DEBUG org.eclipse.jetty.io.FillInterest - fillable FillInterest@2feb1a06{AC.ReadCB@2bcfd4ee{HttpConnection@2bcfd4ee::NetworkTrafficSocketChannelEndPoint@54884eec{/127.0.0.1:64963<->/127.0.0.1:8080,OPEN,fill=FI,flush=-,to=609/30000}{io=1/0,kio=1,kro=1}->HttpConnection@2bcfd4ee[p=HttpParser{s=START,0 of -1},g=HttpGenerator@3da61055{s=START}]=>HttpChannelOverHttp@610e7a35{s=HttpChannelState@5275071b{s=IDLE rs=BLOCKING os=OPEN is=IDLE awp=false se=false i=true al=0},r=0,c=false/false,a=IDLE,uri=null,age=0}}}
13:18:08.499 [qtp824248140-25] DEBUG org.eclipse.jetty.server.HttpConnection - HttpConnection@2bcfd4ee::NetworkTrafficSocketChannelEndPoint@54884eec{/127.0.0.1:64963<->/127.0.0.1:8080,OPEN,fill=-,flush=-,to=609/30000}{io=1/0,kio=1,kro=1}->HttpConnection@2bcfd4ee[p=HttpParser{s=START,0 of -1},g=HttpGenerator@3da61055{s=START}]=>HttpChannelOverHttp@610e7a35{s=HttpChannelState@5275071b{s=IDLE rs=BLOCKING os=OPEN is=IDLE awp=false se=false i=true al=0},r=0,c=false/false,a=IDLE,uri=null,age=0} onFillable enter HttpChannelState@5275071b{s=IDLE rs=BLOCKING os=OPEN is=IDLE awp=false se=false i=true al=0} null
13:18:08.500 [qtp824248140-25] DEBUG org.eclipse.jetty.io.ChannelEndPoint - filled 157 HeapByteBuffer@6457bf7d[p=0,l=157,c=8192,r=157]={<<<GET /api/v0/components/pr...horization: Bearer \r\n\r\n>>>che-HttpC...\x00\x00\x00\x00\x00\x00\x00}
13:18:08.500 [qtp824248140-25] DEBUG org.eclipse.jetty.server.HttpConnection - HttpConnection@2bcfd4ee::NetworkTrafficSocketChannelEndPoint@54884eec{/127.0.0.1:64963<->/127.0.0.1:8080,OPEN,fill=-,flush=-,to=0/30000}{io=1/0,kio=1,kro=1}->HttpConnection@2bcfd4ee[p=HttpParser{s=START,0 of -1},g=HttpGenerator@3da61055{s=START}]=>HttpChannelOverHttp@610e7a35{s=HttpChannelState@5275071b{s=IDLE rs=BLOCKING os=OPEN is=IDLE awp=false se=false i=true al=0},r=0,c=false/false,a=IDLE,uri=null,age=0} filled 157 HeapByteBuffer@6457bf7d[p=0,l=157,c=8192,r=157]={<<<GET /api/v0/components/pr...horization: Bearer \r\n\r\n>>>che-HttpC...\x00\x00\x00\x00\x00\x00\x00}
13:18:08.500 [qtp824248140-25] DEBUG org.eclipse.jetty.server.HttpConnection - HttpConnection@2bcfd4ee::NetworkTrafficSocketChannelEndPoint@54884eec{/127.0.0.1:64963<->/127.0.0.1:8080,OPEN,fill=-,flush=-,to=0/30000}{io=1/0,kio=1,kro=1}->HttpConnection@2bcfd4ee[p=HttpParser{s=START,0 of -1},g=HttpGenerator@3da61055{s=START}]=>HttpChannelOverHttp@610e7a35{s=HttpChannelState@5275071b{s=IDLE rs=BLOCKING os=OPEN is=IDLE awp=false se=false i=true al=0},r=0,c=false/false,a=IDLE,uri=null,age=0} parse HeapByteBuffer@6457bf7d[p=0,l=157,c=8192,r=157]={<<<GET /api/v0/components/pr...horization: Bearer \r\n\r\n>>>che-HttpC...\x00\x00\x00\x00\x00\x00\x00} {}
13:18:08.500 [qtp824248140-25] DEBUG org.eclipse.jetty.http.HttpParser - parseNext s=START HeapByteBuffer@6457bf7d[p=0,l=157,c=8192,r=157]={<<<GET /api/v0/components/pr...horization: Bearer \r\n\r\n>>>che-HttpC...\x00\x00\x00\x00\x00\x00\x00}
13:18:08.500 [qtp824248140-25] DEBUG org.eclipse.jetty.http.HttpParser - START --> SPACE1
13:18:08.500 [qtp824248140-25] DEBUG org.eclipse.jetty.http.HttpParser - SPACE1 --> URI
13:18:08.500 [qtp824248140-25] DEBUG org.eclipse.jetty.http.HttpParser - URI --> SPACE2
13:18:08.500 [qtp824248140-25] DEBUG org.eclipse.jetty.http.HttpParser - SPACE2 --> REQUEST_VERSION
13:18:08.501 [qtp824248140-25] DEBUG org.eclipse.jetty.http.HttpParser - REQUEST_VERSION --> HEADER
13:18:08.501 [qtp824248140-25] DEBUG org.eclipse.jetty.http.HttpParser - HEADER:User-Agent --> VALUE
13:18:08.501 [qtp824248140-25] DEBUG org.eclipse.jetty.http.HttpParser - HEADER:User-Agent --> IN_VALUE
13:18:08.501 [qtp824248140-25] DEBUG org.eclipse.jetty.http.HttpParser - HEADER:User-Agent --> FIELD
13:18:08.501 [qtp824248140-25] DEBUG org.eclipse.jetty.http.HttpParser - HEADER:Host --> VALUE
13:18:08.501 [qtp824248140-25] DEBUG org.eclipse.jetty.http.HttpParser - HEADER:Host --> IN_VALUE
13:18:08.501 [qtp824248140-25] DEBUG org.eclipse.jetty.http.HttpParser - HEADER:Host --> FIELD
13:18:08.501 [qtp824248140-25] DEBUG org.eclipse.jetty.http.HttpParser - HEADER:Accept: */* --> IN_VALUE
13:18:08.501 [qtp824248140-25] DEBUG org.eclipse.jetty.http.HttpParser - HEADER:Accept: */* --> FIELD
13:18:08.501 [qtp824248140-25] DEBUG org.eclipse.jetty.http.HttpParser - HEADER:Authorization --> VALUE
13:18:08.501 [qtp824248140-25] DEBUG org.eclipse.jetty.http.HttpParser - HEADER:Authorization --> IN_VALUE
13:18:08.501 [qtp824248140-25] DEBUG org.eclipse.jetty.http.HttpParser - HEADER:Authorization --> FIELD
13:18:08.501 [qtp824248140-25] DEBUG org.eclipse.jetty.http.HttpParser - HEADER --> CONTENT
13:18:08.501 [qtp824248140-25] DEBUG org.eclipse.jetty.server.HttpChannel - REQUEST for //localhost:8080/api/v0/components/provision-adapters/awx on HttpChannelOverHttp@610e7a35{s=HttpChannelState@5275071b{s=IDLE rs=BLOCKING os=OPEN is=IDLE awp=false se=false i=true al=0},r=1,c=false/false,a=IDLE,uri=//localhost:8080/api/v0/components/provision-adapters/awx,age=0}
GET //localhost:8080/api/v0/components/provision-adapters/awx HTTP/1.1
User-Agent: ReactorNetty/0.9.7.RELEASE
Host: localhost:8080
Accept: */*
Authorization: Bearer


13:18:08.502 [qtp824248140-25] DEBUG org.eclipse.jetty.server.HttpConnection - HttpConnection@2bcfd4ee::NetworkTrafficSocketChannelEndPoint@54884eec{/127.0.0.1:64963<->/127.0.0.1:8080,OPEN,fill=-,flush=-,to=1/30000}{io=1/0,kio=1,kro=1}->HttpConnection@2bcfd4ee[p=HttpParser{s=CONTENT,0 of -1},g=HttpGenerator@3da61055{s=START}]=>HttpChannelOverHttp@610e7a35{s=HttpChannelState@5275071b{s=IDLE rs=BLOCKING os=OPEN is=IDLE awp=false se=false i=true al=0},r=1,c=false/false,a=IDLE,uri=//localhost:8080/api/v0/components/provision-adapters/awx,age=0} parsed true HttpParser{s=CONTENT,0 of -1}
13:18:08.502 [qtp824248140-25] DEBUG org.eclipse.jetty.server.HttpConnection - releaseRequestBuffer HttpConnection@2bcfd4ee::NetworkTrafficSocketChannelEndPoint@54884eec{/127.0.0.1:64963<->/127.0.0.1:8080,OPEN,fill=-,flush=-,to=2/30000}{io=1/0,kio=1,kro=1}->HttpConnection@2bcfd4ee[p=HttpParser{s=CONTENT,0 of -1},g=HttpGenerator@3da61055{s=START}]=>HttpChannelOverHttp@610e7a35{s=HttpChannelState@5275071b{s=IDLE rs=BLOCKING os=OPEN is=IDLE awp=false se=false i=true al=0},r=1,c=false/false,a=IDLE,uri=//localhost:8080/api/v0/components/provision-adapters/awx,age=1}
13:18:08.502 [qtp824248140-25] DEBUG org.eclipse.jetty.server.HttpChannel - handle //localhost:8080/api/v0/components/provision-adapters/awx HttpChannelOverHttp@610e7a35{s=HttpChannelState@5275071b{s=IDLE rs=BLOCKING os=OPEN is=IDLE awp=false se=false i=true al=0},r=1,c=false/false,a=IDLE,uri=//localhost:8080/api/v0/components/provision-adapters/awx,age=1} 
13:18:08.502 [qtp824248140-25] DEBUG org.eclipse.jetty.server.HttpChannelState - handling HttpChannelState@5275071b{s=IDLE rs=BLOCKING os=OPEN is=IDLE awp=false se=false i=true al=0}
13:18:08.502 [qtp824248140-25] DEBUG org.eclipse.jetty.server.HttpChannel - action DISPATCH HttpChannelOverHttp@610e7a35{s=HttpChannelState@5275071b{s=HANDLING rs=BLOCKING os=OPEN is=IDLE awp=false se=false i=true al=0},r=1,c=false/false,a=HANDLING,uri=//localhost:8080/api/v0/components/provision-adapters/awx,age=1}
13:18:08.502 [qtp824248140-25] DEBUG org.eclipse.jetty.server.Server - REQUEST GET /api/v0/components/provision-adapters/awx on HttpChannelOverHttp@610e7a35{s=HttpChannelState@5275071b{s=HANDLING rs=BLOCKING os=OPEN is=IDLE awp=false se=false i=true al=0},r=1,c=false/false,a=HANDLING,uri=//localhost:8080/api/v0/components/provision-adapters/awx,age=1}
13:18:08.502 [qtp824248140-25] DEBUG org.eclipse.jetty.server.handler.ContextHandler - scope null||/api/v0/components/provision-adapters/awx @ o.e.j.s.ServletContextHandler@4bef83b{/__admin,null,AVAILABLE}
13:18:08.502 [qtp824248140-25] DEBUG org.eclipse.jetty.server.handler.gzip.GzipHandler - GzipHandler@42831d1d{STARTED,min=32,inflate=-1} handle Request(GET //localhost:8080/api/v0/components/provision-adapters/awx)@70434a12 in null
13:18:08.503 [qtp824248140-25] DEBUG org.eclipse.jetty.server.handler.ContextHandler - scope null||/api/v0/components/provision-adapters/awx @ o.e.j.s.ServletContextHandler@62d767f{/,null,AVAILABLE}
13:18:08.503 [qtp824248140-25] DEBUG org.eclipse.jetty.server.handler.ContextHandler - context=||/api/v0/components/provision-adapters/awx @ o.e.j.s.ServletContextHandler@62d767f{/,null,AVAILABLE}
13:18:08.503 [qtp824248140-25] DEBUG org.eclipse.jetty.servlet.ServletHandler - servlet |/api/v0/components/provision-adapters/awx|null -> com.github.tomakehurst.wiremock.servlet.WireMockHandlerDispatchingServlet-11017c34@b54a7bdc==com.github.tomakehurst.wiremock.servlet.WireMockHandlerDispatchingServlet,jsp=null,order=-1,inst=false,async=true
13:18:08.503 [qtp824248140-25] DEBUG org.eclipse.jetty.servlet.ServletHandler - chain=org.eclipse.jetty.servlets.CrossOriginFilter-14940e3c@14940e3c==org.eclipse.jetty.servlets.CrossOriginFilter,inst=true,async=true->com.github.tomakehurst.wiremock.servlet.WireMockHandlerDispatchingServlet-11017c34@b54a7bdc==com.github.tomakehurst.wiremock.servlet.WireMockHandlerDispatchingServlet,jsp=null,order=-1,inst=false,async=true
13:18:08.503 [qtp824248140-25] DEBUG org.eclipse.jetty.servlet.ServletHolder - Servlet.init com.github.tomakehurst.wiremock.servlet.WireMockHandlerDispatchingServlet@7be2ae82 for com.github.tomakehurst.wiremock.servlet.WireMockHandlerDispatchingServlet-11017c34
13:18:08.506 [qtp824248140-25] INFO org.eclipse.jetty.server.handler.ContextHandler.ROOT - RequestHandlerClass from context returned com.github.tomakehurst.wiremock.http.StubRequestHandler. Normalized mapped under returned 'null'
13:18:08.506 [qtp824248140-25] DEBUG org.eclipse.jetty.servlet.ServletHandler - call filter org.eclipse.jetty.servlets.CrossOriginFilter-14940e3c@14940e3c==org.eclipse.jetty.servlets.CrossOriginFilter,inst=true,async=true
13:18:08.506 [qtp824248140-25] DEBUG org.eclipse.jetty.servlet.ServletHandler - call servlet com.github.tomakehurst.wiremock.servlet.WireMockHandlerDispatchingServlet-11017c34@b54a7bdc==com.github.tomakehurst.wiremock.servlet.WireMockHandlerDispatchingServlet,jsp=null,order=-1,inst=true,async=true
13:18:08.508 [reactor-http-nio-1] DEBUG reactor.netty.resources.PooledConnectionProvider - [id: 0x9c15a5a1, L:/127.0.0.1:64963 - R:localhost/127.0.0.1:8080] onStateChange(GET{uri=/api/v0/components/provision-adapters/awx, connection=PooledConnection{channel=[id: 0x9c15a5a1, L:/127.0.0.1:64963 - R:localhost/127.0.0.1:8080]}}, [request_sent])
13:18:08.515 [qtp824248140-20] DEBUG org.eclipse.jetty.util.thread.QueuedThreadPool - run ReservedThreadExecutor@238f6469{s=0/1,p=1}@1e1e1c94 in QueuedThreadPool[qtp824248140]@3121074c{STARTED,8<=8<=14,i=1,r=1,q=0}[ReservedThreadExecutor@238f6469{s=0/1,p=1}]
13:18:08.515 [qtp824248140-20] DEBUG org.eclipse.jetty.util.thread.ReservedThreadExecutor - ReservedThreadExecutor@238f6469{s=1/1,p=1}@1e1e1c94 started
13:18:08.515 [qtp824248140-20] DEBUG org.eclipse.jetty.util.thread.ReservedThreadExecutor - ReservedThreadExecutor@238f6469{s=1/1,p=0}@1e1e1c94 waiting
13:18:08.522 [qtp824248140-25] DEBUG org.eclipse.jetty.io.ChannelEndPoint - filled 0 HeapByteBuffer@6457bf7d[p=0,l=0,c=8192,r=0]={<<<>>>GET /api/...\x00\x00\x00\x00\x00\x00\x00}
13:18:08.522 [qtp824248140-25] DEBUG org.eclipse.jetty.io.ChannelEndPoint - filled 0 HeapByteBuffer@6457bf7d[p=0,l=0,c=8192,r=0]={<<<>>>GET /api/...\x00\x00\x00\x00\x00\x00\x00}
13:18:08.522 [qtp824248140-21] DEBUG org.eclipse.jetty.util.thread.ReservedThreadExecutor - ReservedThreadExecutor@238f6469{s=1/1,p=0}@a53c6a3 task=EatWhatYouKill@6fa9da72/SelectorProducer@53886ac6/IDLE/p=true/QueuedThreadPool[qtp824248140]@3121074c{STARTED,8<=8<=14,i=1,r=1,q=0}[ReservedThreadExecutor@238f6469{s=1/1,p=0}][pc=0,pic=0,pec=0,epc=1]@2020-09-25T13:18:08.5228381+02:00
13:18:08.522 [qtp824248140-25] DEBUG org.eclipse.jetty.server.HttpConnection - HttpConnection@2bcfd4ee::NetworkTrafficSocketChannelEndPoint@54884eec{/127.0.0.1:64963<->/127.0.0.1:8080,OPEN,fill=-,flush=-,to=22/30000}{io=1/0,kio=1,kro=1}->HttpConnection@2bcfd4ee[p=HttpParser{s=CONTENT,0 of -1},g=HttpGenerator@3da61055{s=START}]=>HttpChannelOverHttp@610e7a35{s=HttpChannelState@5275071b{s=HANDLING rs=BLOCKING os=OPEN is=IDLE awp=false se=false i=true al=0},r=1,c=false/false,a=HANDLING,uri=//localhost:8080/api/v0/components/provision-adapters/awx,age=21} filled 0 HeapByteBuffer@6457bf7d[p=0,l=0,c=8192,r=0]={<<<>>>GET /api/...\x00\x00\x00\x00\x00\x00\x00}
13:18:08.522 [qtp824248140-21] DEBUG org.eclipse.jetty.util.thread.strategy.EatWhatYouKill - EatWhatYouKill@6fa9da72/SelectorProducer@53886ac6/IDLE/p=true/QueuedThreadPool[qtp824248140]@3121074c{STARTED,8<=8<=14,i=1,r=1,q=0}[ReservedThreadExecutor@238f6469{s=1/1,p=0}][pc=0,pic=0,pec=0,epc=1]@2020-09-25T13:18:08.5228381+02:00 tryProduce true
13:18:08.522 [qtp824248140-21] DEBUG org.eclipse.jetty.io.ManagedSelector - updateable 0
13:18:08.522 [qtp824248140-21] DEBUG org.eclipse.jetty.io.ManagedSelector - updates 0
13:18:08.522 [qtp824248140-25] DEBUG org.eclipse.jetty.server.HttpConnection - HttpConnection@2bcfd4ee::NetworkTrafficSocketChannelEndPoint@54884eec{/127.0.0.1:64963<->/127.0.0.1:8080,OPEN,fill=-,flush=-,to=22/30000}{io=1/0,kio=1,kro=1}->HttpConnection@2bcfd4ee[p=HttpParser{s=CONTENT,0 of -1},g=HttpGenerator@3da61055{s=START}]=>HttpChannelOverHttp@610e7a35{s=HttpChannelState@5275071b{s=HANDLING rs=BLOCKING os=OPEN is=IDLE awp=false se=false i=true al=0},r=1,c=false/false,a=HANDLING,uri=//localhost:8080/api/v0/components/provision-adapters/awx,age=21} parse HeapByteBuffer@6457bf7d[p=0,l=0,c=8192,r=0]={<<<>>>GET /api/...\x00\x00\x00\x00\x00\x00\x00} {}
13:18:08.522 [qtp824248140-25] DEBUG org.eclipse.jetty.http.HttpParser - parseNext s=CONTENT HeapByteBuffer@6457bf7d[p=0,l=0,c=8192,r=0]={<<<>>>GET /api/...\x00\x00\x00\x00\x00\x00\x00}
13:18:08.522 [qtp824248140-21] DEBUG org.eclipse.jetty.io.ChannelEndPoint - Key interests updated 1 -> 0 on NetworkTrafficSocketChannelEndPoint@54884eec{/127.0.0.1:64963<->/127.0.0.1:8080,OPEN,fill=-,flush=-,to=22/30000}{io=0/0,kio=0,kro=1}->HttpConnection@2bcfd4ee[p=HttpParser{s=CONTENT,0 of -1},g=HttpGenerator@3da61055{s=START}]=>HttpChannelOverHttp@610e7a35{s=HttpChannelState@5275071b{s=HANDLING rs=BLOCKING os=OPEN is=IDLE awp=false se=false i=true al=0},r=1,c=false/false,a=HANDLING,uri=//localhost:8080/api/v0/components/provision-adapters/awx,age=21}
13:18:08.522 [qtp824248140-25] DEBUG org.eclipse.jetty.http.HttpParser - CONTENT --> CONTENT_END
13:18:08.522 [qtp824248140-21] DEBUG org.eclipse.jetty.io.ManagedSelector - Selector sun.nio.ch.WindowsSelectorImpl@6fac80d8 waiting with 1 keys
13:18:08.522 [qtp824248140-25] DEBUG org.eclipse.jetty.server.HttpChannel - onContentComplete HttpChannelOverHttp@610e7a35{s=HttpChannelState@5275071b{s=HANDLING rs=BLOCKING os=OPEN is=IDLE awp=false se=false i=true al=0},r=1,c=false/false,a=HANDLING,uri=//localhost:8080/api/v0/components/provision-adapters/awx,age=21}
13:18:08.525 [qtp824248140-25] DEBUG org.eclipse.jetty.http.HttpParser - CONTENT_END --> END
13:18:08.526 [qtp824248140-25] DEBUG org.eclipse.jetty.server.HttpChannel - onRequestComplete HttpChannelOverHttp@610e7a35{s=HttpChannelState@5275071b{s=HANDLING rs=BLOCKING os=OPEN is=IDLE awp=false se=false i=true al=0},r=1,c=false/false,a=HANDLING,uri=//localhost:8080/api/v0/components/provision-adapters/awx,age=24}
13:18:08.526 [qtp824248140-25] DEBUG org.eclipse.jetty.server.HttpInput - HttpInputOverHTTP@bbb4c99[c=0,q=0,[0]=null,s=STREAM] addContent EOF
13:18:08.526 [qtp824248140-25] DEBUG org.eclipse.jetty.server.HttpConnection - HttpConnection@2bcfd4ee::NetworkTrafficSocketChannelEndPoint@54884eec{/127.0.0.1:64963<->/127.0.0.1:8080,OPEN,fill=-,flush=-,to=26/30000}{io=0/0,kio=0,kro=1}->HttpConnection@2bcfd4ee[p=HttpParser{s=END,0 of -1},g=HttpGenerator@3da61055{s=START}]=>HttpChannelOverHttp@610e7a35{s=HttpChannelState@5275071b{s=HANDLING rs=BLOCKING os=OPEN is=IDLE awp=false se=false i=true al=0},r=1,c=false/false,a=HANDLING,uri=//localhost:8080/api/v0/components/provision-adapters/awx,age=25} parsed false HttpParser{s=END,0 of -1}
13:18:08.526 [qtp824248140-25] DEBUG org.eclipse.jetty.server.HttpConnection - releaseRequestBuffer HttpConnection@2bcfd4ee::NetworkTrafficSocketChannelEndPoint@54884eec{/127.0.0.1:64963<->/127.0.0.1:8080,OPEN,fill=-,flush=-,to=26/30000}{io=0/0,kio=0,kro=1}->HttpConnection@2bcfd4ee[p=HttpParser{s=END,0 of -1},g=HttpGenerator@3da61055{s=START}]=>HttpChannelOverHttp@610e7a35{s=HttpChannelState@5275071b{s=HANDLING rs=BLOCKING os=OPEN is=IDLE awp=false se=false i=true al=0},r=1,c=false/false,a=HANDLING,uri=//localhost:8080/api/v0/components/provision-adapters/awx,age=25}
13:18:08.527 [qtp824248140-25] DEBUG org.eclipse.jetty.server.HttpChannelState - onEof HttpChannelState@5275071b{s=HANDLING rs=BLOCKING os=OPEN is=IDLE awp=false se=false i=true al=0}
13:18:08.564 [qtp824248140-25] DEBUG org.eclipse.jetty.server.handler.gzip.GzipHttpOutputInterceptor - org.eclipse.jetty.server.handler.gzip.GzipHttpOutputInterceptor@782da429 exclude by status 401
13:18:08.564 [qtp824248140-25] DEBUG org.eclipse.jetty.server.HttpChannel - sendResponse info=null content=HeapByteBuffer@137d328[p=0,l=0,c=0,r=0]={<<<>>>} complete=false committing=true callback=Blocker@452fe4bf{null}
13:18:08.565 [qtp824248140-25] DEBUG org.eclipse.jetty.server.HttpChannel - COMMIT for /api/v0/components/provision-adapters/awx on HttpChannelOverHttp@610e7a35{s=HttpChannelState@5275071b{s=HANDLING rs=BLOCKING os=COMMITTED is=READY awp=false se=false i=true al=0},r=1,c=false/false,a=HANDLING,uri=//localhost:8080/api/v0/components/provision-adapters/awx,age=64}
401 null HTTP/1.1
Matched-Stub-Id: 426032fd-5bba-4660-9b00-65bb621aa3c1


13:18:08.565 [qtp824248140-25] DEBUG org.eclipse.jetty.server.HttpConnection - generate: NEED_HEADER for org.eclipse.jetty.server.HttpConnection$SendCallback@58ca6aa0[PROCESSING][i=HTTP/1.1{s=401,h=1,cl=-1},cb=org.eclipse.jetty.server.HttpChannel$SendCallback@54d5fa5e] (null,[p=0,l=0,c=0,r=0],false)@START
13:18:08.565 [qtp824248140-25] DEBUG org.eclipse.jetty.http.HttpGenerator - generateHeaders HTTP/1.1{s=401,h=1,cl=-1} last=false content=HeapByteBuffer@137d328[p=0,l=0,c=0,r=0]={<<<>>>}
13:18:08.565 [qtp824248140-25] DEBUG org.eclipse.jetty.http.HttpGenerator - Matched-Stub-Id: 426032fd-5bba-4660-9b00-65bb621aa3c1


13:18:08.565 [qtp824248140-25] DEBUG org.eclipse.jetty.http.HttpGenerator - CHUNKED_CONTENT
13:18:08.565 [qtp824248140-25] DEBUG org.eclipse.jetty.server.HttpConnection - generate: FLUSH for org.eclipse.jetty.server.HttpConnection$SendCallback@58ca6aa0[PROCESSING][i=HTTP/1.1{s=401,h=1,cl=-1},cb=org.eclipse.jetty.server.HttpChannel$SendCallback@54d5fa5e] ([p=0,l=145,c=8192,r=145],[p=0,l=0,c=0,r=0],false)@COMMITTED
13:18:08.565 [qtp824248140-25] DEBUG org.eclipse.jetty.io.WriteFlusher - write: WriteFlusher@41cc0001{IDLE}->null [HeapByteBuffer@6457bf7d[p=0,l=145,c=8192,r=145]={<<<HTTP/1.1 401 Unauthorized...y(9.4.28.v20200408)\r\n\r\n>>> Bearer \r...\x00\x00\x00\x00\x00\x00\x00}]
13:18:08.565 [qtp824248140-25] DEBUG org.eclipse.jetty.io.WriteFlusher - update WriteFlusher@41cc0001{WRITING}->null:IDLE-->WRITING
13:18:08.566 [qtp824248140-25] DEBUG org.eclipse.jetty.io.ChannelEndPoint - flushed 145 NetworkTrafficSocketChannelEndPoint@54884eec{/127.0.0.1:64963<->/127.0.0.1:8080,OPEN,fill=-,flush=W,to=65/30000}{io=0/0,kio=0,kro=1}->HttpConnection@2bcfd4ee[p=HttpParser{s=END,0 of -1},g=HttpGenerator@3da61055{s=COMMITTED}]=>HttpChannelOverHttp@610e7a35{s=HttpChannelState@5275071b{s=HANDLING rs=BLOCKING os=COMMITTED is=READY awp=false se=false i=true al=0},r=1,c=false/false,a=HANDLING,uri=//localhost:8080/api/v0/components/provision-adapters/awx,age=65}
13:18:08.566 [qtp824248140-25] DEBUG org.eclipse.jetty.io.WriteFlusher - Flushed=true written=145 remaining=0 WriteFlusher@41cc0001{WRITING}->null
13:18:08.566 [qtp824248140-25] DEBUG org.eclipse.jetty.io.WriteFlusher - update WriteFlusher@41cc0001{IDLE}->null:WRITING-->IDLE
13:18:08.566 [qtp824248140-25] DEBUG org.eclipse.jetty.server.HttpConnection - generate: DONE for org.eclipse.jetty.server.HttpConnection$SendCallback@58ca6aa0[PROCESSING][i=HTTP/1.1{s=401,h=1,cl=-1},cb=org.eclipse.jetty.server.HttpChannel$SendCallback@54d5fa5e] ([p=145,l=145,c=8192,r=0],[p=0,l=0,c=0,r=0],false)@COMMITTED
13:18:08.566 [qtp824248140-25] DEBUG org.eclipse.jetty.server.HttpOutput - onWriteComplete(false,null) s=OPEN,api=BLOCKED,sc=false,e=null->s=OPEN,api=BLOCKING,sc=false,e=null c=null cb=null w=false
13:18:08.566 [qtp824248140-25] DEBUG org.eclipse.jetty.server.HttpOutput - close() s=CLOSING,api=BLOCKED,sc=false,e=null c=HeapByteBuffer@137d328[p=0,l=0,c=0,r=0]={<<<>>>} b=Blocker@452fe4bf{null}
13:18:08.566 [qtp824248140-25] DEBUG org.eclipse.jetty.server.HttpChannel - sendResponse info=null content=HeapByteBuffer@137d328[p=0,l=0,c=0,r=0]={<<<>>>} complete=true committing=false callback=Blocker@452fe4bf{null}
13:18:08.567 [qtp824248140-25] DEBUG org.eclipse.jetty.server.HttpConnection - generate: CONTINUE for org.eclipse.jetty.server.HttpConnection$SendCallback@58ca6aa0[PROCESSING][i=null,cb=org.eclipse.jetty.server.HttpChannel$SendCallback@7b7c0e9b] (null,[p=0,l=0,c=0,r=0],true)@COMPLETING
13:18:08.568 [qtp824248140-25] DEBUG org.eclipse.jetty.server.HttpConnection - generate: NEED_CHUNK for org.eclipse.jetty.server.HttpConnection$SendCallback@58ca6aa0[PROCESSING][i=null,cb=org.eclipse.jetty.server.HttpChannel$SendCallback@7b7c0e9b] (null,[p=0,l=0,c=0,r=0],true)@COMPLETING
13:18:08.568 [qtp824248140-25] DEBUG org.eclipse.jetty.server.HttpConnection - generate: FLUSH for org.eclipse.jetty.server.HttpConnection$SendCallback@58ca6aa0[PROCESSING][i=null,cb=org.eclipse.jetty.server.HttpChannel$SendCallback@7b7c0e9b] (null,[p=0,l=0,c=0,r=0],true)@COMPLETING
13:18:08.568 [qtp824248140-25] DEBUG org.eclipse.jetty.io.WriteFlusher - write: WriteFlusher@41cc0001{IDLE}->null [HeapByteBuffer@29acffbb[p=0,l=5,c=1024,r=5]={<<<0\r\n\r\n>>>\r\n\x00\x00\x00\x00\x00\x00\x00...\x00\x00\x00\x00\x00\x00\x00}]
13:18:08.568 [qtp824248140-25] DEBUG org.eclipse.jetty.io.WriteFlusher - update WriteFlusher@41cc0001{WRITING}->null:IDLE-->WRITING
13:18:08.568 [qtp824248140-25] DEBUG org.eclipse.jetty.io.ChannelEndPoint - flushed 5 NetworkTrafficSocketChannelEndPoint@54884eec{/127.0.0.1:64963<->/127.0.0.1:8080,OPEN,fill=-,flush=W,to=2/30000}{io=0/0,kio=0,kro=1}->HttpConnection@2bcfd4ee[p=HttpParser{s=END,0 of -1},g=HttpGenerator@3da61055{s=COMPLETING}]=>HttpChannelOverHttp@610e7a35{s=HttpChannelState@5275071b{s=HANDLING rs=BLOCKING os=COMMITTED is=READY awp=false se=false i=true al=0},r=1,c=false/false,a=HANDLING,uri=//localhost:8080/api/v0/components/provision-adapters/awx,age=67}
13:18:08.569 [qtp824248140-25] DEBUG org.eclipse.jetty.io.WriteFlusher - Flushed=true written=5 remaining=0 WriteFlusher@41cc0001{WRITING}->null
13:18:08.569 [qtp824248140-25] DEBUG org.eclipse.jetty.io.WriteFlusher - update WriteFlusher@41cc0001{IDLE}->null:WRITING-->IDLE
13:18:08.569 [qtp824248140-25] DEBUG org.eclipse.jetty.server.HttpConnection - generate: DONE for org.eclipse.jetty.server.HttpConnection$SendCallback@58ca6aa0[PROCESSING][i=null,cb=org.eclipse.jetty.server.HttpChannel$SendCallback@7b7c0e9b] (null,[p=0,l=0,c=0,r=0],true)@END
13:18:08.569 [qtp824248140-25] DEBUG org.eclipse.jetty.server.HttpOutput - onWriteComplete(true,null) s=CLOSING,api=BLOCKED,sc=false,e=null->s=CLOSED,api=BLOCKING,sc=false,e=null c=null cb=null w=false
13:18:08.569 [qtp824248140-25] DEBUG org.eclipse.jetty.server.Server - handled=true async=false committed=true on HttpChannelOverHttp@610e7a35{s=HttpChannelState@5275071b{s=HANDLING rs=BLOCKING os=COMPLETED is=READY awp=false se=false i=true al=0},r=1,c=false/true,a=HANDLING,uri=//localhost:8080/api/v0/components/provision-adapters/awx,age=68}
13:18:08.569 [qtp824248140-25] DEBUG org.eclipse.jetty.server.HttpChannelState - unhandle HttpChannelState@5275071b{s=HANDLING rs=BLOCKING os=COMPLETED is=READY awp=false se=false i=true al=0}
13:18:08.569 [qtp824248140-25] DEBUG org.eclipse.jetty.server.HttpChannelState - nextAction(false) COMPLETE HttpChannelState@5275071b{s=HANDLING rs=COMPLETING os=COMPLETED is=READY awp=false se=false i=false al=0}
13:18:08.569 [qtp824248140-25] DEBUG org.eclipse.jetty.server.HttpChannel - action COMPLETE HttpChannelOverHttp@610e7a35{s=HttpChannelState@5275071b{s=HANDLING rs=COMPLETING os=COMPLETED is=READY awp=false se=false i=false al=0},r=1,c=false/true,a=HANDLING,uri=//localhost:8080/api/v0/components/provision-adapters/awx,age=68}
13:18:08.570 [qtp824248140-25] DEBUG org.eclipse.jetty.server.HttpOutput - complete(org.eclipse.jetty.util.Callback$4@7068f43e) s=CLOSED,api=BLOCKING,sc=false,e=null s=true e=null, c=null
13:18:08.570 [qtp824248140-25] DEBUG org.eclipse.jetty.server.HttpChannelState - completed HttpChannelState@5275071b{s=HANDLING rs=COMPLETING os=COMPLETED is=READY awp=false se=false i=false al=0}
13:18:08.570 [qtp824248140-25] DEBUG org.eclipse.jetty.server.HttpChannelState - unhandle HttpChannelState@5275071b{s=HANDLING rs=COMPLETED os=COMPLETED is=READY awp=false se=false i=false al=0}
13:18:08.570 [qtp824248140-25] DEBUG org.eclipse.jetty.server.HttpChannelState - nextAction(false) TERMINATED HttpChannelState@5275071b{s=IDLE rs=COMPLETED os=COMPLETED is=READY awp=false se=false i=false al=0}
13:18:08.570 [qtp824248140-25] DEBUG org.eclipse.jetty.server.HttpChannel - action TERMINATED HttpChannelOverHttp@610e7a35{s=HttpChannelState@5275071b{s=IDLE rs=COMPLETED os=COMPLETED is=READY awp=false se=false i=false al=0},r=1,c=true/true,a=IDLE,uri=//localhost:8080/api/v0/components/provision-adapters/awx,age=69}
13:18:08.570 [qtp824248140-25] DEBUG org.eclipse.jetty.server.HttpChannel - onCompleted for /api/v0/components/provision-adapters/awx written=0
13:18:08.570 [qtp824248140-25] DEBUG org.eclipse.jetty.server.HttpChannelState - recycle HttpChannelState@5275071b{s=IDLE rs=COMPLETED os=COMPLETED is=READY awp=false se=false i=false al=0}
13:18:08.570 [qtp824248140-25] DEBUG org.eclipse.jetty.http.HttpParser - reset HttpParser{s=END,0 of -1}
13:18:08.570 [qtp824248140-25] DEBUG org.eclipse.jetty.http.HttpParser - END --> START
13:18:08.570 [qtp824248140-25] DEBUG org.eclipse.jetty.server.HttpChannel - !handle TERMINATED HttpChannelOverHttp@610e7a35{s=HttpChannelState@5275071b{s=IDLE rs=BLOCKING os=OPEN is=IDLE awp=false se=false i=true al=0},r=1,c=false/false,a=IDLE,uri=null,age=0}
13:18:08.570 [qtp824248140-25] DEBUG org.eclipse.jetty.io.ChannelEndPoint - filled 0 HeapByteBuffer@6457bf7d[p=0,l=0,c=8192,r=0]={<<<>>>HTTP/1.1 ...\x00\x00\x00\x00\x00\x00\x00}
13:18:08.570 [qtp824248140-25] DEBUG org.eclipse.jetty.io.ChannelEndPoint - filled 0 HeapByteBuffer@6457bf7d[p=0,l=0,c=8192,r=0]={<<<>>>HTTP/1.1 ...\x00\x00\x00\x00\x00\x00\x00}
13:18:08.571 [qtp824248140-25] DEBUG org.eclipse.jetty.server.HttpConnection - HttpConnection@2bcfd4ee::NetworkTrafficSocketChannelEndPoint@54884eec{/127.0.0.1:64963<->/127.0.0.1:8080,OPEN,fill=-,flush=-,to=2/30000}{io=0/0,kio=0,kro=1}->HttpConnection@2bcfd4ee[p=HttpParser{s=START,0 of -1},g=HttpGenerator@3da61055{s=START}]=>HttpChannelOverHttp@610e7a35{s=HttpChannelState@5275071b{s=IDLE rs=BLOCKING os=OPEN is=IDLE awp=false se=false i=true al=0},r=1,c=false/false,a=IDLE,uri=null,age=0} filled 0 HeapByteBuffer@6457bf7d[p=0,l=0,c=8192,r=0]={<<<>>>HTTP/1.1 ...\x00\x00\x00\x00\x00\x00\x00}
13:18:08.571 [qtp824248140-25] DEBUG org.eclipse.jetty.server.HttpConnection - HttpConnection@2bcfd4ee::NetworkTrafficSocketChannelEndPoint@54884eec{/127.0.0.1:64963<->/127.0.0.1:8080,OPEN,fill=-,flush=-,to=2/30000}{io=0/0,kio=0,kro=1}->HttpConnection@2bcfd4ee[p=HttpParser{s=START,0 of -1},g=HttpGenerator@3da61055{s=START}]=>HttpChannelOverHttp@610e7a35{s=HttpChannelState@5275071b{s=IDLE rs=BLOCKING os=OPEN is=IDLE awp=false se=false i=true al=0},r=1,c=false/false,a=IDLE,uri=null,age=0} parse HeapByteBuffer@6457bf7d[p=0,l=0,c=8192,r=0]={<<<>>>HTTP/1.1 ...\x00\x00\x00\x00\x00\x00\x00} {}
13:18:08.571 [qtp824248140-25] DEBUG org.eclipse.jetty.http.HttpParser - parseNext s=START HeapByteBuffer@6457bf7d[p=0,l=0,c=8192,r=0]={<<<>>>HTTP/1.1 ...\x00\x00\x00\x00\x00\x00\x00}
13:18:08.571 [qtp824248140-25] DEBUG org.eclipse.jetty.server.HttpConnection - HttpConnection@2bcfd4ee::NetworkTrafficSocketChannelEndPoint@54884eec{/127.0.0.1:64963<->/127.0.0.1:8080,OPEN,fill=-,flush=-,to=2/30000}{io=0/0,kio=0,kro=1}->HttpConnection@2bcfd4ee[p=HttpParser{s=START,0 of -1},g=HttpGenerator@3da61055{s=START}]=>HttpChannelOverHttp@610e7a35{s=HttpChannelState@5275071b{s=IDLE rs=BLOCKING os=OPEN is=IDLE awp=false se=false i=true al=0},r=1,c=false/false,a=IDLE,uri=null,age=0} parsed false HttpParser{s=START,0 of -1}
13:18:08.571 [qtp824248140-25] DEBUG org.eclipse.jetty.server.HttpConnection - releaseRequestBuffer HttpConnection@2bcfd4ee::NetworkTrafficSocketChannelEndPoint@54884eec{/127.0.0.1:64963<->/127.0.0.1:8080,OPEN,fill=-,flush=-,to=2/30000}{io=0/0,kio=0,kro=1}->HttpConnection@2bcfd4ee[p=HttpParser{s=START,0 of -1},g=HttpGenerator@3da61055{s=START}]=>HttpChannelOverHttp@610e7a35{s=HttpChannelState@5275071b{s=IDLE rs=BLOCKING os=OPEN is=IDLE awp=false se=false i=true al=0},r=1,c=false/false,a=IDLE,uri=null,age=0}
13:18:08.572 [qtp824248140-25] DEBUG org.eclipse.jetty.io.AbstractConnection - fillInterested HttpConnection@2bcfd4ee::NetworkTrafficSocketChannelEndPoint@54884eec{/127.0.0.1:64963<->/127.0.0.1:8080,OPEN,fill=-,flush=-,to=3/30000}{io=0/0,kio=0,kro=1}->HttpConnection@2bcfd4ee[p=HttpParser{s=START,0 of -1},g=HttpGenerator@3da61055{s=START}]=>HttpChannelOverHttp@610e7a35{s=HttpChannelState@5275071b{s=IDLE rs=BLOCKING os=OPEN is=IDLE awp=false se=false i=true al=0},r=1,c=false/false,a=IDLE,uri=null,age=0}
13:18:08.572 [qtp824248140-25] DEBUG org.eclipse.jetty.io.FillInterest - interested FillInterest@2feb1a06{AC.ReadCB@2bcfd4ee{HttpConnection@2bcfd4ee::NetworkTrafficSocketChannelEndPoint@54884eec{/127.0.0.1:64963<->/127.0.0.1:8080,OPEN,fill=FI,flush=-,to=0/30000}{io=0/0,kio=0,kro=1}->HttpConnection@2bcfd4ee[p=HttpParser{s=START,0 of -1},g=HttpGenerator@3da61055{s=START}]=>HttpChannelOverHttp@610e7a35{s=HttpChannelState@5275071b{s=IDLE rs=BLOCKING os=OPEN is=IDLE awp=false se=false i=true al=0},r=1,c=false/false,a=IDLE,uri=null,age=0}}}
13:18:08.572 [qtp824248140-25] DEBUG org.eclipse.jetty.io.ChannelEndPoint - changeInterests p=false 0->1 for NetworkTrafficSocketChannelEndPoint@54884eec{/127.0.0.1:64963<->/127.0.0.1:8080,OPEN,fill=FI,flush=-,to=0/30000}{io=0/1,kio=0,kro=1}->HttpConnection@2bcfd4ee[p=HttpParser{s=START,0 of -1},g=HttpGenerator@3da61055{s=START}]=>HttpChannelOverHttp@610e7a35{s=HttpChannelState@5275071b{s=IDLE rs=BLOCKING os=OPEN is=IDLE awp=false se=false i=true al=0},r=1,c=false/false,a=IDLE,uri=null,age=0}
13:18:08.572 [qtp824248140-25] DEBUG org.eclipse.jetty.io.ManagedSelector - Queued change org.eclipse.jetty.io.ChannelEndPoint$1@555c9d3f on ManagedSelector@19f48377{STARTED} id=0 keys=1 selected=0 updates=0
13:18:08.572 [qtp824248140-25] DEBUG org.eclipse.jetty.io.ManagedSelector - Wakeup on submit ManagedSelector@19f48377{STARTED} id=0 keys=1 selected=0 updates=1
13:18:08.573 [qtp824248140-25] DEBUG org.eclipse.jetty.server.HttpConnection - HttpConnection@2bcfd4ee::NetworkTrafficSocketChannelEndPoint@54884eec{/127.0.0.1:64963<->/127.0.0.1:8080,OPEN,fill=FI,flush=-,to=0/30000}{io=0/1,kio=0,kro=1}->HttpConnection@2bcfd4ee[p=HttpParser{s=START,0 of -1},g=HttpGenerator@3da61055{s=START}]=>HttpChannelOverHttp@610e7a35{s=HttpChannelState@5275071b{s=IDLE rs=BLOCKING os=OPEN is=IDLE awp=false se=false i=true al=0},r=1,c=false/false,a=IDLE,uri=null,age=0} onFillable exit HttpChannelState@5275071b{s=IDLE rs=BLOCKING os=OPEN is=IDLE awp=false se=false i=true al=0} null
13:18:08.573 [qtp824248140-25] DEBUG org.eclipse.jetty.util.thread.QueuedThreadPool - ran org.eclipse.jetty.io.ManagedSelector$$Lambda$425/0x00000001005fc040@7201fa81 in QueuedThreadPool[qtp824248140]@3121074c{STARTED,8<=8<=14,i=1,r=1,q=0}[ReservedThreadExecutor@238f6469{s=1/1,p=0}]
13:18:08.575 [qtp824248140-21] DEBUG org.eclipse.jetty.io.ManagedSelector - Selector sun.nio.ch.WindowsSelectorImpl@6fac80d8 woken with none selected
13:18:08.575 [qtp824248140-21] DEBUG org.eclipse.jetty.io.ManagedSelector - Selector sun.nio.ch.WindowsSelectorImpl@6fac80d8 woken up from select, 0/0/1 selected
13:18:08.575 [qtp824248140-21] DEBUG org.eclipse.jetty.io.ManagedSelector - Selector sun.nio.ch.WindowsSelectorImpl@6fac80d8 processing 0 keys, 1 updates
13:18:08.575 [qtp824248140-21] DEBUG org.eclipse.jetty.io.ManagedSelector - updateable 1
13:18:08.575 [qtp824248140-21] DEBUG org.eclipse.jetty.io.ManagedSelector - update org.eclipse.jetty.io.ChannelEndPoint$1@555c9d3f
13:18:08.577 [qtp824248140-21] DEBUG org.eclipse.jetty.io.ChannelEndPoint - Key interests updated 0 -> 1 on NetworkTrafficSocketChannelEndPoint@54884eec{/127.0.0.1:64963<->/127.0.0.1:8080,OPEN,fill=FI,flush=-,to=3/30000}{io=1/1,kio=1,kro=1}->HttpConnection@2bcfd4ee[p=HttpParser{s=START,0 of -1},g=HttpGenerator@3da61055{s=START}]=>HttpChannelOverHttp@610e7a35{s=HttpChannelState@5275071b{s=IDLE rs=BLOCKING os=OPEN is=IDLE awp=false se=false i=true al=0},r=1,c=false/false,a=IDLE,uri=null,age=0}
13:18:08.577 [qtp824248140-21] DEBUG org.eclipse.jetty.io.ManagedSelector - updates 0
13:18:08.577 [qtp824248140-21] DEBUG org.eclipse.jetty.io.ManagedSelector - Selector sun.nio.ch.WindowsSelectorImpl@6fac80d8 waiting with 1 keys
13:18:08.595 [reactor-http-nio-1] DEBUG reactor.netty.http.client.HttpClientOperations - [id: 0x9c15a5a1, L:/127.0.0.1:64963 - R:localhost/127.0.0.1:8080] Received response (auto-read:false) : [Matched-Stub-Id=426032fd-5bba-4660-9b00-65bb621aa3c1, Transfer-Encoding=chunked, Server=Jetty(9.4.28.v20200408)]
13:18:08.595 [reactor-http-nio-1] DEBUG reactor.netty.resources.PooledConnectionProvider - [id: 0x9c15a5a1, L:/127.0.0.1:64963 - R:localhost/127.0.0.1:8080] onStateChange(GET{uri=/api/v0/components/provision-adapters/awx, connection=PooledConnection{channel=[id: 0x9c15a5a1, L:/127.0.0.1:64963 - R:localhost/127.0.0.1:8080]}}, [response_received])
13:18:08.609 [reactor-http-nio-1] DEBUG org.springframework.web.reactive.function.client.ExchangeFunctions - [5f1f40fb] Response 401 UNAUTHORIZED
13:18:08.871 [reactor-http-nio-1] DEBUG reactor.netty.channel.FluxReceive - [id: 0x9c15a5a1, L:/127.0.0.1:64963 - R:localhost/127.0.0.1:8080] Subscribing inbound receiver [pending: 0, cancelled:false, inboundDone: false]
13:18:09.106 [reactor-http-nio-1] DEBUG reactor.netty.http.client.HttpClientOperations - [id: 0x9c15a5a1, L:/127.0.0.1:64963 - R:localhost/127.0.0.1:8080] Received last HTTP packet
13:18:09.321 [reactor-http-nio-1] INFO com.bi.edp.catalog.adapter.provision_adapters.ProvisionAdaptersClient - ProvisionAdaptersClient unauthorized, trying to log in
13:18:09.393 [reactor-http-nio-1] DEBUG org.springframework.web.reactive.function.client.ExchangeFunctions - [7e840953] HTTP POST http://localhost:8080/api/v0/components/login
13:18:09.396 [reactor-http-nio-1] DEBUG reactor.netty.resources.PooledConnectionProvider - [id: 0x816336b0] Created a new pooled channel, now 2 active connections and 0 inactive connections
13:18:09.397 [reactor-http-nio-1] DEBUG reactor.netty.channel.BootstrapHandlers - [id: 0x816336b0] Initialized pipeline DefaultChannelPipeline{(BootstrapHandlers$BootstrapInitializerHandler#0 = reactor.netty.channel.BootstrapHandlers$BootstrapInitializerHandler), (PooledConnectionProvider$PooledConnectionAllocator$PooledConnectionInitializer#0 = reactor.netty.resources.PooledConnectionProvider$PooledConnectionAllocator$PooledConnectionInitializer), (reactor.left.httpCodec = io.netty.handler.codec.http.HttpClientCodec), (reactor.right.reactiveBridge = reactor.netty.channel.ChannelOperationsHandler)}
13:18:09.426 [reactor-http-nio-1] DEBUG reactor.netty.resources.PooledConnectionProvider - [id: 0x9c15a5a1, L:/127.0.0.1:64963 - R:localhost/127.0.0.1:8080] onStateChange(GET{uri=/api/v0/components/provision-adapters/awx, connection=PooledConnection{channel=[id: 0x9c15a5a1, L:/127.0.0.1:64963 - R:localhost/127.0.0.1:8080]}}, [response_completed])
13:18:09.426 [reactor-http-nio-1] DEBUG reactor.netty.ReactorNetty - [id: 0x9c15a5a1, L:/127.0.0.1:64963 - R:localhost/127.0.0.1:8080] Removed handler: ReadTimeoutHandler, pipeline: DefaultChannelPipeline{(reactor.left.httpCodec = io.netty.handler.codec.http.HttpClientCodec), (WriteTimeoutHandler = io.netty.handler.timeout.WriteTimeoutHandler), (reactor.right.reactiveBridge = reactor.netty.channel.ChannelOperationsHandler)}
13:18:09.427 [reactor-http-nio-1] DEBUG reactor.netty.ReactorNetty - [id: 0x9c15a5a1, L:/127.0.0.1:64963 - R:localhost/127.0.0.1:8080] Removed handler: WriteTimeoutHandler, pipeline: DefaultChannelPipeline{(reactor.left.httpCodec = io.netty.handler.codec.http.HttpClientCodec), (reactor.right.reactiveBridge = reactor.netty.channel.ChannelOperationsHandler)}
13:18:09.427 [reactor-http-nio-1] DEBUG reactor.netty.resources.PooledConnectionProvider - [id: 0x9c15a5a1, L:/127.0.0.1:64963 - R:localhost/127.0.0.1:8080] onStateChange(GET{uri=/api/v0/components/provision-adapters/awx, connection=PooledConnection{channel=[id: 0x9c15a5a1, L:/127.0.0.1:64963 - R:localhost/127.0.0.1:8080]}}, [disconnecting])
13:18:09.427 [reactor-http-nio-1] DEBUG reactor.netty.resources.PooledConnectionProvider - [id: 0x9c15a5a1, L:/127.0.0.1:64963 - R:localhost/127.0.0.1:8080] Releasing channel
13:18:09.442 [reactor-http-nio-1] DEBUG reactor.netty.resources.PooledConnectionProvider - [id: 0x9c15a5a1, L:/127.0.0.1:64963 - R:localhost/127.0.0.1:8080] Channel cleaned, now 1 active connections and 1 inactive connections
13:18:09.446 [qtp824248140-22-acceptor-0@7b71cf78-NetworkTrafficServerConnector@6a7c003b{HTTP/1.1, (http/1.1)}{0.0.0.0:8080}] DEBUG org.eclipse.jetty.io.ManagedSelector - Queued change org.eclipse.jetty.io.ManagedSelector$Accept@347a39bf on ManagedSelector@61fc9209{STARTED} id=1 keys=1 selected=0 updates=0
13:18:09.447 [qtp824248140-22-acceptor-0@7b71cf78-NetworkTrafficServerConnector@6a7c003b{HTTP/1.1, (http/1.1)}{0.0.0.0:8080}] DEBUG org.eclipse.jetty.io.ManagedSelector - Wakeup on submit ManagedSelector@61fc9209{STARTED} id=1 keys=1 selected=0 updates=1
13:18:09.447 [qtp824248140-24] DEBUG org.eclipse.jetty.io.ManagedSelector - Selector sun.nio.ch.WindowsSelectorImpl@79f2d02e woken with none selected
13:18:09.447 [qtp824248140-24] DEBUG org.eclipse.jetty.io.ManagedSelector - Selector sun.nio.ch.WindowsSelectorImpl@79f2d02e woken up from select, 0/0/1 selected
13:18:09.447 [qtp824248140-24] DEBUG org.eclipse.jetty.io.ManagedSelector - Selector sun.nio.ch.WindowsSelectorImpl@79f2d02e processing 0 keys, 1 updates
13:18:09.447 [qtp824248140-24] DEBUG org.eclipse.jetty.io.ManagedSelector - updateable 1
13:18:09.447 [qtp824248140-24] DEBUG org.eclipse.jetty.io.ManagedSelector - update org.eclipse.jetty.io.ManagedSelector$Accept@347a39bf
13:18:09.447 [qtp824248140-24] DEBUG org.eclipse.jetty.util.thread.QueuedThreadPool - queue org.eclipse.jetty.io.ManagedSelector$Accept@347a39bf startThread=0
13:18:09.447 [qtp824248140-24] DEBUG org.eclipse.jetty.io.ManagedSelector - updates 0
13:18:09.447 [qtp824248140-24] DEBUG org.eclipse.jetty.io.ManagedSelector - Selector sun.nio.ch.WindowsSelectorImpl@79f2d02e waiting with 2 keys
13:18:09.449 [qtp824248140-23] DEBUG org.eclipse.jetty.util.thread.QueuedThreadPool - run org.eclipse.jetty.io.ManagedSelector$Accept@347a39bf in QueuedThreadPool[qtp824248140]@3121074c{STARTED,8<=8<=14,i=1,r=1,q=0}[ReservedThreadExecutor@238f6469{s=1/1,p=0}]
13:18:09.450 [qtp824248140-23] DEBUG org.eclipse.jetty.io.IdleTimeout - NetworkTrafficSocketChannelEndPoint@e15bde{/127.0.0.1:64964<->/127.0.0.1:8080,OPEN,fill=-,flush=-,to=0/30000}{io=0/0,kio=0,kro=0}-><null> idle timeout check, elapsed: 0 ms, remaining: 30000 ms
13:18:09.450 [qtp824248140-23] DEBUG org.eclipse.jetty.server.HttpChannel - new HttpChannelOverHttp@dc8d72f{s=HttpChannelState@7a04d7ba{s=IDLE rs=BLOCKING os=OPEN is=IDLE awp=false se=false i=true al=0},r=0,c=false/false,a=IDLE,uri=null,age=0} -> NetworkTrafficSocketChannelEndPoint@e15bde{/127.0.0.1:64964<->/127.0.0.1:8080,OPEN,fill=-,flush=-,to=0/30000}{io=0/0,kio=0,kro=0}-><null>,null,HttpChannelState@7a04d7ba{s=IDLE rs=BLOCKING os=OPEN is=IDLE awp=false se=false i=true al=0}
13:18:09.451 [qtp824248140-23] DEBUG org.eclipse.jetty.server.HttpConnection - New HTTP Connection HttpConnection@4b0008a0::NetworkTrafficSocketChannelEndPoint@e15bde{/127.0.0.1:64964<->/127.0.0.1:8080,OPEN,fill=-,flush=-,to=1/30000}{io=0/0,kio=0,kro=0}-><null>
13:18:09.451 [qtp824248140-23] DEBUG org.eclipse.jetty.io.AbstractEndPoint - onOpen NetworkTrafficSocketChannelEndPoint@e15bde{/127.0.0.1:64964<->/127.0.0.1:8080,OPEN,fill=-,flush=-,to=1/30000}{io=0/0,kio=0,kro=0}->HttpConnection@4b0008a0[p=HttpParser{s=START,0 of -1},g=HttpGenerator@41b585b5{s=START}]=>HttpChannelOverHttp@dc8d72f{s=HttpChannelState@7a04d7ba{s=IDLE rs=BLOCKING os=OPEN is=IDLE awp=false se=false i=true al=0},r=0,c=false/false,a=IDLE,uri=null,age=0}
13:18:09.451 [qtp824248140-23] DEBUG org.eclipse.jetty.io.AbstractConnection - onOpen HttpConnection@4b0008a0::NetworkTrafficSocketChannelEndPoint@e15bde{/127.0.0.1:64964<->/127.0.0.1:8080,OPEN,fill=-,flush=-,to=1/30000}{io=0/0,kio=0,kro=0}->HttpConnection@4b0008a0[p=HttpParser{s=START,0 of -1},g=HttpGenerator@41b585b5{s=START}]=>HttpChannelOverHttp@dc8d72f{s=HttpChannelState@7a04d7ba{s=IDLE rs=BLOCKING os=OPEN is=IDLE awp=false se=false i=true al=0},r=0,c=false/false,a=IDLE,uri=null,age=0}
13:18:09.452 [qtp824248140-23] DEBUG org.eclipse.jetty.io.AbstractConnection - fillInterested HttpConnection@4b0008a0::NetworkTrafficSocketChannelEndPoint@e15bde{/127.0.0.1:64964<->/127.0.0.1:8080,OPEN,fill=-,flush=-,to=2/30000}{io=0/0,kio=0,kro=0}->HttpConnection@4b0008a0[p=HttpParser{s=START,0 of -1},g=HttpGenerator@41b585b5{s=START}]=>HttpChannelOverHttp@dc8d72f{s=HttpChannelState@7a04d7ba{s=IDLE rs=BLOCKING os=OPEN is=IDLE awp=false se=false i=true al=0},r=0,c=false/false,a=IDLE,uri=null,age=0}
13:18:09.452 [qtp824248140-23] DEBUG org.eclipse.jetty.io.FillInterest - interested FillInterest@a0f5303{AC.ReadCB@4b0008a0{HttpConnection@4b0008a0::NetworkTrafficSocketChannelEndPoint@e15bde{/127.0.0.1:64964<->/127.0.0.1:8080,OPEN,fill=FI,flush=-,to=0/30000}{io=0/0,kio=0,kro=0}->HttpConnection@4b0008a0[p=HttpParser{s=START,0 of -1},g=HttpGenerator@41b585b5{s=START}]=>HttpChannelOverHttp@dc8d72f{s=HttpChannelState@7a04d7ba{s=IDLE rs=BLOCKING os=OPEN is=IDLE awp=false se=false i=true al=0},r=0,c=false/false,a=IDLE,uri=null,age=0}}}
13:18:09.452 [qtp824248140-23] DEBUG org.eclipse.jetty.io.ChannelEndPoint - changeInterests p=false 0->1 for NetworkTrafficSocketChannelEndPoint@e15bde{/127.0.0.1:64964<->/127.0.0.1:8080,OPEN,fill=FI,flush=-,to=0/30000}{io=0/1,kio=0,kro=0}->HttpConnection@4b0008a0[p=HttpParser{s=START,0 of -1},g=HttpGenerator@41b585b5{s=START}]=>HttpChannelOverHttp@dc8d72f{s=HttpChannelState@7a04d7ba{s=IDLE rs=BLOCKING os=OPEN is=IDLE awp=false se=false i=true al=0},r=0,c=false/false,a=IDLE,uri=null,age=0}
13:18:09.452 [qtp824248140-23] DEBUG org.eclipse.jetty.io.ManagedSelector - Queued change org.eclipse.jetty.io.ChannelEndPoint$1@56eafcff on ManagedSelector@61fc9209{STARTED} id=1 keys=2 selected=0 updates=0
13:18:09.452 [qtp824248140-23] DEBUG org.eclipse.jetty.io.ManagedSelector - Wakeup on submit ManagedSelector@61fc9209{STARTED} id=1 keys=2 selected=0 updates=1
13:18:09.453 [qtp824248140-24] DEBUG org.eclipse.jetty.io.ManagedSelector - Selector sun.nio.ch.WindowsSelectorImpl@79f2d02e woken with none selected
13:18:09.453 [qtp824248140-24] DEBUG org.eclipse.jetty.io.ManagedSelector - Selector sun.nio.ch.WindowsSelectorImpl@79f2d02e woken up from select, 0/0/2 selected
13:18:09.453 [qtp824248140-24] DEBUG org.eclipse.jetty.io.ManagedSelector - Selector sun.nio.ch.WindowsSelectorImpl@79f2d02e processing 0 keys, 1 updates
13:18:09.453 [qtp824248140-24] DEBUG org.eclipse.jetty.io.ManagedSelector - updateable 1
13:18:09.453 [qtp824248140-24] DEBUG org.eclipse.jetty.io.ManagedSelector - update org.eclipse.jetty.io.ChannelEndPoint$1@56eafcff
13:18:09.453 [qtp824248140-24] DEBUG org.eclipse.jetty.io.ChannelEndPoint - Key interests updated 0 -> 1 on NetworkTrafficSocketChannelEndPoint@e15bde{/127.0.0.1:64964<->/127.0.0.1:8080,OPEN,fill=FI,flush=-,to=1/30000}{io=1/1,kio=1,kro=0}->HttpConnection@4b0008a0[p=HttpParser{s=START,0 of -1},g=HttpGenerator@41b585b5{s=START}]=>HttpChannelOverHttp@dc8d72f{s=HttpChannelState@7a04d7ba{s=IDLE rs=BLOCKING os=OPEN is=IDLE awp=false se=false i=true al=0},r=0,c=false/false,a=IDLE,uri=null,age=0}
13:18:09.453 [qtp824248140-24] DEBUG org.eclipse.jetty.io.ManagedSelector - updates 0
13:18:09.454 [qtp824248140-24] DEBUG org.eclipse.jetty.io.ManagedSelector - Selector sun.nio.ch.WindowsSelectorImpl@79f2d02e waiting with 2 keys
13:18:09.454 [qtp824248140-23] DEBUG org.eclipse.jetty.io.ManagedSelector - Created NetworkTrafficSocketChannelEndPoint@e15bde{/127.0.0.1:64964<->/127.0.0.1:8080,OPEN,fill=FI,flush=-,to=2/30000}{io=1/1,kio=1,kro=0}->HttpConnection@4b0008a0[p=HttpParser{s=START,0 of -1},g=HttpGenerator@41b585b5{s=START}]=>HttpChannelOverHttp@dc8d72f{s=HttpChannelState@7a04d7ba{s=IDLE rs=BLOCKING os=OPEN is=IDLE awp=false se=false i=true al=0},r=0,c=false/false,a=IDLE,uri=null,age=0}
13:18:09.454 [qtp824248140-23] DEBUG org.eclipse.jetty.util.thread.QueuedThreadPool - ran org.eclipse.jetty.io.ManagedSelector$Accept@347a39bf in QueuedThreadPool[qtp824248140]@3121074c{STARTED,8<=8<=14,i=1,r=1,q=0}[ReservedThreadExecutor@238f6469{s=1/1,p=0}]
13:18:09.471 [reactor-http-nio-1] DEBUG reactor.netty.resources.PooledConnectionProvider - [id: 0x816336b0, L:/127.0.0.1:64964 - R:localhost/127.0.0.1:8080] Registering pool release on close event for channel
13:18:09.472 [reactor-http-nio-1] DEBUG reactor.netty.resources.PooledConnectionProvider - [id: 0x816336b0, L:/127.0.0.1:64964 - R:localhost/127.0.0.1:8080] Channel connected, now 1 active connections and 1 inactive connections
13:18:09.474 [reactor-http-nio-1] DEBUG reactor.netty.resources.PooledConnectionProvider - [id: 0x816336b0, L:/127.0.0.1:64964 - R:localhost/127.0.0.1:8080] onStateChange(PooledConnection{channel=[id: 0x816336b0, L:/127.0.0.1:64964 - R:localhost/127.0.0.1:8080]}, [connected])
13:18:09.475 [reactor-http-nio-1] DEBUG reactor.netty.resources.PooledConnectionProvider - [id: 0x816336b0, L:/127.0.0.1:64964 - R:localhost/127.0.0.1:8080] onStateChange(GET{uri=/, connection=PooledConnection{channel=[id: 0x816336b0, L:/127.0.0.1:64964 - R:localhost/127.0.0.1:8080]}}, [configured])
13:18:09.478 [reactor-http-nio-1] DEBUG reactor.netty.ReactorNetty - [id: 0x816336b0, L:/127.0.0.1:64964 - R:localhost/127.0.0.1:8080] Added decoder [ReadTimeoutHandler] at the end of the user pipeline, full pipeline: [reactor.left.httpCodec, ReadTimeoutHandler, reactor.right.reactiveBridge, DefaultChannelPipeline$TailContext#0]
13:18:09.480 [reactor-http-nio-1] DEBUG reactor.netty.ReactorNetty - [id: 0x816336b0, L:/127.0.0.1:64964 - R:localhost/127.0.0.1:8080] Added decoder [WriteTimeoutHandler] at the end of the user pipeline, full pipeline: [reactor.left.httpCodec, ReadTimeoutHandler, WriteTimeoutHandler, reactor.right.reactiveBridge, DefaultChannelPipeline$TailContext#0]
13:18:09.481 [reactor-http-nio-1] DEBUG reactor.netty.http.client.HttpClientConnect - [id: 0x816336b0, L:/127.0.0.1:64964 - R:localhost/127.0.0.1:8080] Handler is being applied: {uri=http://localhost:8080/api/v0/components/login, method=POST}
13:18:09.484 [reactor-http-nio-1] DEBUG reactor.netty.resources.PooledConnectionProvider - [id: 0x816336b0, L:/127.0.0.1:64964 - R:localhost/127.0.0.1:8080] onStateChange(POST{uri=/api/v0/components/login, connection=PooledConnection{channel=[id: 0x816336b0, L:/127.0.0.1:64964 - R:localhost/127.0.0.1:8080]}}, [request_prepared])
13:18:09.629 [reactor-http-nio-1] DEBUG org.springframework.core.codec.CharSequenceEncoder - [7e840953] Writing "{"password":"123456","username":"catalogClientApi"}"
13:18:09.736 [qtp824248140-24] DEBUG org.eclipse.jetty.io.ManagedSelector - Selector sun.nio.ch.WindowsSelectorImpl@79f2d02e woken up from select, 1/1/2 selected
13:18:09.736 [qtp824248140-24] DEBUG org.eclipse.jetty.io.ManagedSelector - Selector sun.nio.ch.WindowsSelectorImpl@79f2d02e processing 1 keys, 0 updates
13:18:09.737 [qtp824248140-24] DEBUG org.eclipse.jetty.io.ManagedSelector - selected 1 channel=java.nio.channels.SocketChannel[connected local=/127.0.0.1:8080 remote=/127.0.0.1:64964], selector=sun.nio.ch.WindowsSelectorImpl@79f2d02e, interestOps=1, readyOps=1 NetworkTrafficSocketChannelEndPoint@e15bde{/127.0.0.1:64964<->/127.0.0.1:8080,OPEN,fill=FI,flush=-,to=284/30000}{io=1/1,kio=1,kro=1}->HttpConnection@4b0008a0[p=HttpParser{s=START,0 of -1},g=HttpGenerator@41b585b5{s=START}]=>HttpChannelOverHttp@dc8d72f{s=HttpChannelState@7a04d7ba{s=IDLE rs=BLOCKING os=OPEN is=IDLE awp=false se=false i=true al=0},r=0,c=false/false,a=IDLE,uri=null,age=0} 
13:18:09.737 [qtp824248140-24] DEBUG org.eclipse.jetty.io.ChannelEndPoint - onSelected 1->0 r=true w=false for NetworkTrafficSocketChannelEndPoint@e15bde{/127.0.0.1:64964<->/127.0.0.1:8080,OPEN,fill=FI,flush=-,to=285/30000}{io=1/0,kio=1,kro=1}->HttpConnection@4b0008a0[p=HttpParser{s=START,0 of -1},g=HttpGenerator@41b585b5{s=START}]=>HttpChannelOverHttp@dc8d72f{s=HttpChannelState@7a04d7ba{s=IDLE rs=BLOCKING os=OPEN is=IDLE awp=false se=false i=true al=0},r=0,c=false/false,a=IDLE,uri=null,age=0}
13:18:09.737 [qtp824248140-24] DEBUG org.eclipse.jetty.io.ChannelEndPoint - task CEP:NetworkTrafficSocketChannelEndPoint@e15bde{/127.0.0.1:64964<->/127.0.0.1:8080,OPEN,fill=FI,flush=-,to=285/30000}{io=1/0,kio=1,kro=1}->HttpConnection@4b0008a0[p=HttpParser{s=START,0 of -1},g=HttpGenerator@41b585b5{s=START}]=>HttpChannelOverHttp@dc8d72f{s=HttpChannelState@7a04d7ba{s=IDLE rs=BLOCKING os=OPEN is=IDLE awp=false se=false i=true al=0},r=0,c=false/false,a=IDLE,uri=null,age=0}:runFillable:BLOCKING
13:18:09.738 [qtp824248140-24] DEBUG org.eclipse.jetty.util.thread.ReservedThreadExecutor - ReservedThreadExecutor@238f6469{s=1/1,p=0} tryExecute EatWhatYouKill@36d30a44/SelectorProducer@a77e489/PRODUCING/p=false/QueuedThreadPool[qtp824248140]@3121074c{STARTED,8<=8<=14,i=2,r=1,q=0}[ReservedThreadExecutor@238f6469{s=1/1,p=0}][pc=0,pic=0,pec=1,epc=2]@2020-09-25T13:18:09.7386653+02:00
13:18:09.739 [qtp824248140-24] DEBUG org.eclipse.jetty.util.thread.ReservedThreadExecutor - ReservedThreadExecutor@238f6469{s=0/1,p=0}@1e1e1c94 offer EatWhatYouKill@36d30a44/SelectorProducer@a77e489/PRODUCING/p=false/QueuedThreadPool[qtp824248140]@3121074c{STARTED,8<=8<=14,i=2,r=1,q=0}[ReservedThreadExecutor@238f6469{s=0/1,p=0}][pc=0,pic=0,pec=1,epc=2]@2020-09-25T13:18:09.7396662+02:00
13:18:09.739 [qtp824248140-24] DEBUG org.eclipse.jetty.util.thread.ReservedThreadExecutor - ReservedThreadExecutor@238f6469{s=0/1,p=1} startReservedThread p=1
13:18:09.739 [qtp824248140-24] DEBUG org.eclipse.jetty.util.thread.QueuedThreadPool - queue ReservedThreadExecutor@238f6469{s=0/1,p=1}@7d50f11a startThread=0
13:18:09.740 [qtp824248140-24] DEBUG org.eclipse.jetty.util.thread.strategy.EatWhatYouKill - EatWhatYouKill@36d30a44/SelectorProducer@a77e489/IDLE/p=true/QueuedThreadPool[qtp824248140]@3121074c{STARTED,8<=8<=14,i=1,r=1,q=0}[ReservedThreadExecutor@238f6469{s=0/1,p=1}][pc=0,pic=0,pec=1,epc=2]@2020-09-25T13:18:09.7396662+02:00 m=EXECUTE_PRODUCE_CONSUME t=CEP:NetworkTrafficSocketChannelEndPoint@e15bde{/127.0.0.1:64964<->/127.0.0.1:8080,OPEN,fill=FI,flush=-,to=287/30000}{io=1/0,kio=1,kro=1}->HttpConnection@4b0008a0[p=HttpParser{s=START,0 of -1},g=HttpGenerator@41b585b5{s=START}]=>HttpChannelOverHttp@dc8d72f{s=HttpChannelState@7a04d7ba{s=IDLE rs=BLOCKING os=OPEN is=IDLE awp=false se=false i=true al=0},r=0,c=false/false,a=IDLE,uri=null,age=0}:runFillable:BLOCKING/BLOCKING
13:18:09.740 [qtp824248140-24] DEBUG org.eclipse.jetty.io.FillInterest - fillable FillInterest@a0f5303{AC.ReadCB@4b0008a0{HttpConnection@4b0008a0::NetworkTrafficSocketChannelEndPoint@e15bde{/127.0.0.1:64964<->/127.0.0.1:8080,OPEN,fill=FI,flush=-,to=288/30000}{io=1/0,kio=1,kro=1}->HttpConnection@4b0008a0[p=HttpParser{s=START,0 of -1},g=HttpGenerator@41b585b5{s=START}]=>HttpChannelOverHttp@dc8d72f{s=HttpChannelState@7a04d7ba{s=IDLE rs=BLOCKING os=OPEN is=IDLE awp=false se=false i=true al=0},r=0,c=false/false,a=IDLE,uri=null,age=0}}}
13:18:09.741 [qtp824248140-24] DEBUG org.eclipse.jetty.server.HttpConnection - HttpConnection@4b0008a0::NetworkTrafficSocketChannelEndPoint@e15bde{/127.0.0.1:64964<->/127.0.0.1:8080,OPEN,fill=-,flush=-,to=288/30000}{io=1/0,kio=1,kro=1}->HttpConnection@4b0008a0[p=HttpParser{s=START,0 of -1},g=HttpGenerator@41b585b5{s=START}]=>HttpChannelOverHttp@dc8d72f{s=HttpChannelState@7a04d7ba{s=IDLE rs=BLOCKING os=OPEN is=IDLE awp=false se=false i=true al=0},r=0,c=false/false,a=IDLE,uri=null,age=0} onFillable enter HttpChannelState@7a04d7ba{s=IDLE rs=BLOCKING os=OPEN is=IDLE awp=false se=false i=true al=0} null
13:18:09.741 [qtp824248140-24] DEBUG org.eclipse.jetty.io.ChannelEndPoint - filled 220 HeapByteBuffer@6457bf7d[p=0,l=220,c=8192,r=220]={<<<POST /api/v0/components/l...me":"catalogClientApi"}>>>6c-4a54-a...\x00\x00\x00\x00\x00\x00\x00}
13:18:09.741 [qtp824248140-24] DEBUG org.eclipse.jetty.server.HttpConnection - HttpConnection@4b0008a0::NetworkTrafficSocketChannelEndPoint@e15bde{/127.0.0.1:64964<->/127.0.0.1:8080,OPEN,fill=-,flush=-,to=0/30000}{io=1/0,kio=1,kro=1}->HttpConnection@4b0008a0[p=HttpParser{s=START,0 of -1},g=HttpGenerator@41b585b5{s=START}]=>HttpChannelOverHttp@dc8d72f{s=HttpChannelState@7a04d7ba{s=IDLE rs=BLOCKING os=OPEN is=IDLE awp=false se=false i=true al=0},r=0,c=false/false,a=IDLE,uri=null,age=0} filled 220 HeapByteBuffer@6457bf7d[p=0,l=220,c=8192,r=220]={<<<POST /api/v0/components/l...me":"catalogClientApi"}>>>6c-4a54-a...\x00\x00\x00\x00\x00\x00\x00}
13:18:09.742 [qtp824248140-24] DEBUG org.eclipse.jetty.server.HttpConnection - HttpConnection@4b0008a0::NetworkTrafficSocketChannelEndPoint@e15bde{/127.0.0.1:64964<->/127.0.0.1:8080,OPEN,fill=-,flush=-,to=0/30000}{io=1/0,kio=1,kro=1}->HttpConnection@4b0008a0[p=HttpParser{s=START,0 of -1},g=HttpGenerator@41b585b5{s=START}]=>HttpChannelOverHttp@dc8d72f{s=HttpChannelState@7a04d7ba{s=IDLE rs=BLOCKING os=OPEN is=IDLE awp=false se=false i=true al=0},r=0,c=false/false,a=IDLE,uri=null,age=0} parse HeapByteBuffer@6457bf7d[p=0,l=220,c=8192,r=220]={<<<POST /api/v0/components/l...me":"catalogClientApi"}>>>6c-4a54-a...\x00\x00\x00\x00\x00\x00\x00} {}
13:18:09.742 [qtp824248140-24] DEBUG org.eclipse.jetty.http.HttpParser - parseNext s=START HeapByteBuffer@6457bf7d[p=0,l=220,c=8192,r=220]={<<<POST /api/v0/components/l...me":"catalogClientApi"}>>>6c-4a54-a...\x00\x00\x00\x00\x00\x00\x00}
13:18:09.742 [qtp824248140-24] DEBUG org.eclipse.jetty.http.HttpParser - START --> SPACE1
13:18:09.742 [qtp824248140-24] DEBUG org.eclipse.jetty.http.HttpParser - SPACE1 --> URI
13:18:09.742 [qtp824248140-24] DEBUG org.eclipse.jetty.http.HttpParser - URI --> SPACE2
13:18:09.742 [qtp824248140-24] DEBUG org.eclipse.jetty.http.HttpParser - SPACE2 --> REQUEST_VERSION
13:18:09.742 [qtp824248140-24] DEBUG org.eclipse.jetty.http.HttpParser - REQUEST_VERSION --> HEADER
13:18:09.742 [qtp824248140-24] DEBUG org.eclipse.jetty.http.HttpParser - HEADER:User-Agent --> VALUE
13:18:09.742 [qtp824248140-24] DEBUG org.eclipse.jetty.http.HttpParser - HEADER:User-Agent --> IN_VALUE
13:18:09.742 [qtp824248140-24] DEBUG org.eclipse.jetty.http.HttpParser - HEADER:User-Agent --> FIELD
13:18:09.743 [qtp824248140-24] DEBUG org.eclipse.jetty.http.HttpParser - HEADER:Host --> VALUE
13:18:09.743 [qtp824248140-24] DEBUG org.eclipse.jetty.http.HttpParser - HEADER:Host --> IN_VALUE
13:18:09.743 [qtp824248140-24] DEBUG org.eclipse.jetty.http.HttpParser - HEADER:Host --> FIELD
13:18:09.743 [qtp824248140-24] DEBUG org.eclipse.jetty.http.HttpParser - HEADER:Accept: */* --> IN_VALUE
13:18:09.743 [qtp824248140-24] DEBUG org.eclipse.jetty.http.HttpParser - HEADER:Accept: */* --> FIELD
13:18:09.743 [qtp824248140-24] DEBUG org.eclipse.jetty.http.HttpParser - HEADER:Content-Type: application/json --> IN_VALUE
13:18:09.743 [qtp824248140-24] DEBUG org.eclipse.jetty.http.HttpParser - HEADER:Content-Type: application/json --> FIELD
13:18:09.743 [qtp824248140-24] DEBUG org.eclipse.jetty.http.HttpParser - HEADER:Content-Length --> VALUE
13:18:09.743 [qtp824248140-24] DEBUG org.eclipse.jetty.http.HttpParser - HEADER:Content-Length --> IN_VALUE
13:18:09.743 [qtp824248140-24] DEBUG org.eclipse.jetty.http.HttpParser - HEADER:Content-Length --> FIELD
13:18:09.743 [qtp824248140-24] DEBUG org.eclipse.jetty.http.HttpParser - HEADER --> CONTENT
13:18:09.743 [qtp824248140-24] DEBUG org.eclipse.jetty.server.HttpChannel - REQUEST for //localhost:8080/api/v0/components/login on HttpChannelOverHttp@dc8d72f{s=HttpChannelState@7a04d7ba{s=IDLE rs=BLOCKING os=OPEN is=IDLE awp=false se=false i=true al=0},r=1,c=false/false,a=IDLE,uri=//localhost:8080/api/v0/components/login,age=0}
POST //localhost:8080/api/v0/components/login HTTP/1.1
User-Agent: ReactorNetty/0.9.7.RELEASE
Host: localhost:8080
Accept: */*
Content-Type: application/json
Content-Length: 51


13:18:09.744 [qtp824248140-24] DEBUG org.eclipse.jetty.server.HttpConnection - HttpConnection@4b0008a0::NetworkTrafficSocketChannelEndPoint@e15bde{/127.0.0.1:64964<->/127.0.0.1:8080,OPEN,fill=-,flush=-,to=2/30000}{io=1/0,kio=1,kro=1}->HttpConnection@4b0008a0[p=HttpParser{s=CONTENT,0 of 51},g=HttpGenerator@41b585b5{s=START}]=>HttpChannelOverHttp@dc8d72f{s=HttpChannelState@7a04d7ba{s=IDLE rs=BLOCKING os=OPEN is=IDLE awp=false se=false i=true al=0},r=1,c=false/false,a=IDLE,uri=//localhost:8080/api/v0/components/login,age=1} parsed true HttpParser{s=CONTENT,0 of 51}
13:18:09.744 [qtp824248140-24] DEBUG org.eclipse.jetty.server.HttpChannel - handle //localhost:8080/api/v0/components/login HttpChannelOverHttp@dc8d72f{s=HttpChannelState@7a04d7ba{s=IDLE rs=BLOCKING os=OPEN is=IDLE awp=false se=false i=true al=0},r=1,c=false/false,a=IDLE,uri=//localhost:8080/api/v0/components/login,age=1} 
13:18:09.744 [qtp824248140-24] DEBUG org.eclipse.jetty.server.HttpChannelState - handling HttpChannelState@7a04d7ba{s=IDLE rs=BLOCKING os=OPEN is=IDLE awp=false se=false i=true al=0}
13:18:09.744 [qtp824248140-24] DEBUG org.eclipse.jetty.server.HttpChannel - action DISPATCH HttpChannelOverHttp@dc8d72f{s=HttpChannelState@7a04d7ba{s=HANDLING rs=BLOCKING os=OPEN is=IDLE awp=false se=false i=true al=0},r=1,c=false/false,a=HANDLING,uri=//localhost:8080/api/v0/components/login,age=1}
13:18:09.744 [qtp824248140-24] DEBUG org.eclipse.jetty.server.Server - REQUEST POST /api/v0/components/login on HttpChannelOverHttp@dc8d72f{s=HttpChannelState@7a04d7ba{s=HANDLING rs=BLOCKING os=OPEN is=IDLE awp=false se=false i=true al=0},r=1,c=false/false,a=HANDLING,uri=//localhost:8080/api/v0/components/login,age=1}
13:18:09.744 [qtp824248140-24] DEBUG org.eclipse.jetty.server.handler.ContextHandler - scope null||/api/v0/components/login @ o.e.j.s.ServletContextHandler@4bef83b{/__admin,null,AVAILABLE}
13:18:09.744 [qtp824248140-24] DEBUG org.eclipse.jetty.server.handler.gzip.GzipHandler - GzipHandler@42831d1d{STARTED,min=32,inflate=-1} handle Request(POST //localhost:8080/api/v0/components/login)@165b346e in null
13:18:09.744 [qtp824248140-24] DEBUG org.eclipse.jetty.server.handler.ContextHandler - scope null||/api/v0/components/login @ o.e.j.s.ServletContextHandler@62d767f{/,null,AVAILABLE}
13:18:09.745 [qtp824248140-24] DEBUG org.eclipse.jetty.server.handler.ContextHandler - context=||/api/v0/components/login @ o.e.j.s.ServletContextHandler@62d767f{/,null,AVAILABLE}
13:18:09.745 [qtp824248140-24] DEBUG org.eclipse.jetty.servlet.ServletHandler - servlet |/api/v0/components/login|null -> com.github.tomakehurst.wiremock.servlet.WireMockHandlerDispatchingServlet-11017c34@b54a7bdc==com.github.tomakehurst.wiremock.servlet.WireMockHandlerDispatchingServlet,jsp=null,order=-1,inst=true,async=true
13:18:09.745 [qtp824248140-24] DEBUG org.eclipse.jetty.servlet.ServletHandler - chain=org.eclipse.jetty.servlets.CrossOriginFilter-14940e3c@14940e3c==org.eclipse.jetty.servlets.CrossOriginFilter,inst=true,async=true->com.github.tomakehurst.wiremock.servlet.WireMockHandlerDispatchingServlet-11017c34@b54a7bdc==com.github.tomakehurst.wiremock.servlet.WireMockHandlerDispatchingServlet,jsp=null,order=-1,inst=true,async=true
13:18:09.745 [qtp824248140-24] DEBUG org.eclipse.jetty.servlet.ServletHandler - call filter org.eclipse.jetty.servlets.CrossOriginFilter-14940e3c@14940e3c==org.eclipse.jetty.servlets.CrossOriginFilter,inst=true,async=true
13:18:09.745 [qtp824248140-24] DEBUG org.eclipse.jetty.servlet.ServletHandler - call servlet com.github.tomakehurst.wiremock.servlet.WireMockHandlerDispatchingServlet-11017c34@b54a7bdc==com.github.tomakehurst.wiremock.servlet.WireMockHandlerDispatchingServlet,jsp=null,order=-1,inst=true,async=true
13:18:09.746 [qtp824248140-24] DEBUG org.eclipse.jetty.server.HttpConnection - HttpConnection@4b0008a0::NetworkTrafficSocketChannelEndPoint@e15bde{/127.0.0.1:64964<->/127.0.0.1:8080,OPEN,fill=-,flush=-,to=5/30000}{io=1/0,kio=1,kro=1}->HttpConnection@4b0008a0[p=HttpParser{s=CONTENT,0 of 51},g=HttpGenerator@41b585b5{s=START}]=>HttpChannelOverHttp@dc8d72f{s=HttpChannelState@7a04d7ba{s=HANDLING rs=BLOCKING os=OPEN is=IDLE awp=false se=false i=true al=0},r=1,c=false/false,a=HANDLING,uri=//localhost:8080/api/v0/components/login,age=3} parse HeapByteBuffer@6457bf7d[p=169,l=220,c=8192,r=51]={POST /api... 51\r\n\r\n<<<{"password":"123456","use...me":"catalogClientApi"}>>>6c-4a54-a...\x00\x00\x00\x00\x00\x00\x00} {}
13:18:09.747 [qtp824248140-24] DEBUG org.eclipse.jetty.http.HttpParser - parseNext s=CONTENT HeapByteBuffer@6457bf7d[p=169,l=220,c=8192,r=51]={POST /api... 51\r\n\r\n<<<{"password":"123456","use...me":"catalogClientApi"}>>>6c-4a54-a...\x00\x00\x00\x00\x00\x00\x00}
13:18:09.747 [qtp824248140-24] DEBUG org.eclipse.jetty.server.HttpChannel - onContent HttpChannelOverHttp@dc8d72f{s=HttpChannelState@7a04d7ba{s=HANDLING rs=BLOCKING os=OPEN is=IDLE awp=false se=false i=true al=0},r=1,c=false/false,a=HANDLING,uri=//localhost:8080/api/v0/components/login,age=4} Content@d50195f{HeapByteBufferR@71d682d0[p=169,l=220,c=8192,r=51]={POST /api... 51\r\n\r\n<<<{"password":"123456","use...me":"catalogClientApi"}>>>6c-4a54-a...\x00\x00\x00\x00\x00\x00\x00}}
13:18:09.747 [qtp824248140-24] DEBUG org.eclipse.jetty.server.HttpInput - HttpInputOverHTTP@bf465d1[c=0,q=0,[0]=null,s=STREAM] addContent Content@d50195f{HeapByteBufferR@71d682d0[p=169,l=220,c=8192,r=51]={POST /api... 51\r\n\r\n<<<{"password":"123456","use...me":"catalogClientApi"}>>>6c-4a54-a...\x00\x00\x00\x00\x00\x00\x00}}
13:18:09.748 [qtp824248140-24] DEBUG org.eclipse.jetty.http.HttpParser - CONTENT --> CONTENT_END
13:18:09.749 [qtp824248140-24] DEBUG org.eclipse.jetty.server.HttpChannel - onContentComplete HttpChannelOverHttp@dc8d72f{s=HttpChannelState@7a04d7ba{s=HANDLING rs=BLOCKING os=OPEN is=IDLE awp=false se=false i=true al=0},r=1,c=false/false,a=HANDLING,uri=//localhost:8080/api/v0/components/login,age=6}
13:18:09.749 [qtp824248140-24] DEBUG org.eclipse.jetty.http.HttpParser - CONTENT_END --> END
13:18:09.749 [qtp824248140-24] DEBUG org.eclipse.jetty.server.HttpChannel - onRequestComplete HttpChannelOverHttp@dc8d72f{s=HttpChannelState@7a04d7ba{s=HANDLING rs=BLOCKING os=OPEN is=IDLE awp=false se=false i=true al=0},r=1,c=false/false,a=HANDLING,uri=//localhost:8080/api/v0/components/login,age=6}
13:18:09.749 [qtp824248140-24] DEBUG org.eclipse.jetty.server.HttpInput - HttpInputOverHTTP@bf465d1[c=0,q=1,[0]=EOF,s=STREAM] addContent EOF
13:18:09.749 [qtp824248140-24] DEBUG org.eclipse.jetty.server.HttpConnection - HttpConnection@4b0008a0::NetworkTrafficSocketChannelEndPoint@e15bde{/127.0.0.1:64964<->/127.0.0.1:8080,OPEN,fill=-,flush=-,to=8/30000}{io=1/0,kio=1,kro=1}->HttpConnection@4b0008a0[p=HttpParser{s=END,51 of 51},g=HttpGenerator@41b585b5{s=START}]=>HttpChannelOverHttp@dc8d72f{s=HttpChannelState@7a04d7ba{s=HANDLING rs=BLOCKING os=OPEN is=IDLE awp=false se=false i=true al=0},r=1,c=false/false,a=HANDLING,uri=//localhost:8080/api/v0/components/login,age=6} parsed false HttpParser{s=END,51 of 51}
13:18:09.750 [qtp824248140-24] DEBUG org.eclipse.jetty.server.HttpInput - HttpInputOverHTTP@bf465d1[c=51,q=1,[0]=EOF,s=STREAM] read 51 from Content@d50195f{HeapByteBufferR@71d682d0[p=220,l=220,c=8192,r=0]={POST /api...ntApi"}<<<>>>6c-4a54-a...\x00\x00\x00\x00\x00\x00\x00}}
13:18:09.750 [qtp824248140-24] DEBUG org.eclipse.jetty.server.HttpConnection - releaseRequestBuffer HttpConnection@4b0008a0::NetworkTrafficSocketChannelEndPoint@e15bde{/127.0.0.1:64964<->/127.0.0.1:8080,OPEN,fill=-,flush=-,to=8/30000}{io=1/0,kio=1,kro=1}->HttpConnection@4b0008a0[p=HttpParser{s=END,51 of 51},g=HttpGenerator@41b585b5{s=START}]=>HttpChannelOverHttp@dc8d72f{s=HttpChannelState@7a04d7ba{s=HANDLING rs=BLOCKING os=OPEN is=IDLE awp=false se=false i=true al=0},r=1,c=false/false,a=HANDLING,uri=//localhost:8080/api/v0/components/login,age=7}
13:18:09.750 [qtp824248140-24] DEBUG org.eclipse.jetty.server.HttpChannelState - onEof HttpChannelState@7a04d7ba{s=HANDLING rs=BLOCKING os=OPEN is=IDLE awp=false se=false i=true al=0}
13:18:09.759 [qtp824248140-24] DEBUG org.eclipse.jetty.server.HttpOutput - write(array HeapByteBuffer@44c3d885[p=0,l=21,c=8192,r=21]={<<<{"token":"someToken"}>>>\x00\x00\x00\x00\x00\x00\x00\x00\x00...\x00\x00\x00\x00\x00\x00\x00})
13:18:09.760 [qtp824248140-24] DEBUG org.eclipse.jetty.server.HttpOutput - write(array) s=OPEN,api=BLOCKING,sc=false,e=null aggregated !flush HeapByteBuffer@49d4bba3[p=0,l=21,c=32768,r=21]={<<<{"token":"someToken"}>>>\x00\x00\x00\x00\x00\x00\x00\x00\x00...\x00\x00\x00\x00\x00\x00\x00}
13:18:09.760 [qtp824248140-24] DEBUG org.eclipse.jetty.server.handler.gzip.GzipHandler - GzipHandler@42831d1d{STARTED,min=32,inflate=-1} excluded not gzip accept Request(POST //localhost:8080/api/v0/components/login)@165b346e
13:18:09.760 [qtp824248140-24] DEBUG org.eclipse.jetty.server.handler.gzip.GzipHttpOutputInterceptor - org.eclipse.jetty.server.handler.gzip.GzipHttpOutputInterceptor@c51704b exclude no deflater
13:18:09.760 [qtp824248140-24] DEBUG org.eclipse.jetty.server.HttpChannel - sendResponse info=null content=HeapByteBuffer@49d4bba3[p=0,l=21,c=32768,r=21]={<<<{"token":"someToken"}>>>\x00\x00\x00\x00\x00\x00\x00\x00\x00...\x00\x00\x00\x00\x00\x00\x00} complete=false committing=true callback=Blocker@242346fd{null}
13:18:09.760 [qtp824248140-24] DEBUG org.eclipse.jetty.server.HttpChannel - COMMIT for /api/v0/components/login on HttpChannelOverHttp@dc8d72f{s=HttpChannelState@7a04d7ba{s=HANDLING rs=BLOCKING os=COMMITTED is=READY awp=false se=false i=true al=0},r=1,c=false/false,a=HANDLING,uri=//localhost:8080/api/v0/components/login,age=17}
200 null HTTP/1.1
Content-Type: application/json
Matched-Stub-Id: 119840fa-8e29-44b8-bf4c-6e4b40a3c5e5
Vary: Accept-Encoding, User-Agent


13:18:09.761 [qtp824248140-24] DEBUG org.eclipse.jetty.server.HttpConnection - generate: NEED_HEADER for org.eclipse.jetty.server.HttpConnection$SendCallback@7efea50c[PROCESSING][i=HTTP/1.1{s=200,h=3,cl=-1},cb=org.eclipse.jetty.server.HttpChannel$SendCallback@121b00d3] (null,[p=0,l=21,c=32768,r=21],false)@START
13:18:09.761 [qtp824248140-24] DEBUG org.eclipse.jetty.http.HttpGenerator - generateHeaders HTTP/1.1{s=200,h=3,cl=-1} last=false content=HeapByteBuffer@49d4bba3[p=0,l=21,c=32768,r=21]={<<<{"token":"someToken"}>>>\x00\x00\x00\x00\x00\x00\x00\x00\x00...\x00\x00\x00\x00\x00\x00\x00}
13:18:09.761 [qtp824248140-24] DEBUG org.eclipse.jetty.http.HttpGenerator - Content-Type: application/json
Matched-Stub-Id: 119840fa-8e29-44b8-bf4c-6e4b40a3c5e5
Vary: Accept-Encoding, User-Agent


13:18:09.761 [qtp824248140-24] DEBUG org.eclipse.jetty.http.HttpGenerator - CHUNKED_CONTENT
13:18:09.761 [qtp824248140-24] DEBUG org.eclipse.jetty.server.HttpConnection - generate: FLUSH for org.eclipse.jetty.server.HttpConnection$SendCallback@7efea50c[PROCESSING][i=HTTP/1.1{s=200,h=3,cl=-1},cb=org.eclipse.jetty.server.HttpChannel$SendCallback@121b00d3] ([p=0,l=206,c=8192,r=206],[p=0,l=21,c=32768,r=21],false)@COMMITTED
13:18:09.762 [qtp824248140-24] DEBUG org.eclipse.jetty.io.WriteFlusher - write: WriteFlusher@154fe9f3{IDLE}->null [HeapByteBuffer@6457bf7d[p=0,l=206,c=8192,r=206]={<<<HTTP/1.1 200 OK\r\nContent-...4.28.v20200408)\r\n\r\n15\r\n>>>logClient...\x00\x00\x00\x00\x00\x00\x00},HeapByteBuffer@49d4bba3[p=0,l=21,c=32768,r=21]={<<<{"token":"someToken"}>>>\x00\x00\x00\x00\x00\x00\x00\x00\x00...\x00\x00\x00\x00\x00\x00\x00}]
13:18:09.762 [qtp824248140-24] DEBUG org.eclipse.jetty.io.WriteFlusher - update WriteFlusher@154fe9f3{WRITING}->null:IDLE-->WRITING
13:18:09.762 [qtp824248140-24] DEBUG org.eclipse.jetty.io.ChannelEndPoint - flushed 206 NetworkTrafficSocketChannelEndPoint@e15bde{/127.0.0.1:64964<->/127.0.0.1:8080,OPEN,fill=-,flush=W,to=21/30000}{io=1/0,kio=1,kro=1}->HttpConnection@4b0008a0[p=HttpParser{s=END,51 of 51},g=HttpGenerator@41b585b5{s=COMMITTED}]=>HttpChannelOverHttp@dc8d72f{s=HttpChannelState@7a04d7ba{s=HANDLING rs=BLOCKING os=COMMITTED is=READY awp=false se=false i=true al=0},r=1,c=false/false,a=HANDLING,uri=//localhost:8080/api/v0/components/login,age=19}
13:18:09.764 [qtp824248140-24] DEBUG org.eclipse.jetty.io.ChannelEndPoint - flushed 21 NetworkTrafficSocketChannelEndPoint@e15bde{/127.0.0.1:64964<->/127.0.0.1:8080,OPEN,fill=-,flush=W,to=1/30000}{io=1/0,kio=1,kro=1}->HttpConnection@4b0008a0[p=HttpParser{s=END,51 of 51},g=HttpGenerator@41b585b5{s=COMMITTED}]=>HttpChannelOverHttp@dc8d72f{s=HttpChannelState@7a04d7ba{s=HANDLING rs=BLOCKING os=COMMITTED is=READY awp=false se=false i=true al=0},r=1,c=false/false,a=HANDLING,uri=//localhost:8080/api/v0/components/login,age=21}
13:18:09.764 [qtp824248140-24] DEBUG org.eclipse.jetty.io.WriteFlusher - Flushed=true written=227 remaining=0 WriteFlusher@154fe9f3{WRITING}->null
13:18:09.764 [qtp824248140-24] DEBUG org.eclipse.jetty.io.WriteFlusher - update WriteFlusher@154fe9f3{IDLE}->null:WRITING-->IDLE
13:18:09.764 [qtp824248140-24] DEBUG org.eclipse.jetty.server.HttpConnection - generate: DONE for org.eclipse.jetty.server.HttpConnection$SendCallback@7efea50c[PROCESSING][i=HTTP/1.1{s=200,h=3,cl=-1},cb=org.eclipse.jetty.server.HttpChannel$SendCallback@121b00d3] ([p=206,l=206,c=8192,r=0],[p=21,l=21,c=32768,r=0],false)@COMMITTED
13:18:09.764 [qtp824248140-24] DEBUG org.eclipse.jetty.server.HttpOutput - onWriteComplete(false,null) s=OPEN,api=BLOCKED,sc=false,e=null->s=OPEN,api=BLOCKING,sc=false,e=null c=null cb=null w=false
13:18:09.765 [qtp824248140-24] DEBUG org.eclipse.jetty.server.HttpOutput - close() s=CLOSING,api=BLOCKED,sc=false,e=null c=HeapByteBuffer@137d328[p=0,l=0,c=0,r=0]={<<<>>>} b=Blocker@242346fd{null}
13:18:09.765 [qtp824248140-24] DEBUG org.eclipse.jetty.server.HttpChannel - sendResponse info=null content=HeapByteBuffer@137d328[p=0,l=0,c=0,r=0]={<<<>>>} complete=true committing=false callback=Blocker@242346fd{null}
13:18:09.765 [qtp824248140-24] DEBUG org.eclipse.jetty.server.HttpConnection - generate: CONTINUE for org.eclipse.jetty.server.HttpConnection$SendCallback@7efea50c[PROCESSING][i=null,cb=org.eclipse.jetty.server.HttpChannel$SendCallback@2be55109] (null,[p=0,l=0,c=0,r=0],true)@COMPLETING
13:18:09.765 [qtp824248140-24] DEBUG org.eclipse.jetty.server.HttpConnection - generate: NEED_CHUNK for org.eclipse.jetty.server.HttpConnection$SendCallback@7efea50c[PROCESSING][i=null,cb=org.eclipse.jetty.server.HttpChannel$SendCallback@2be55109] (null,[p=0,l=0,c=0,r=0],true)@COMPLETING
13:18:09.765 [qtp824248140-24] DEBUG org.eclipse.jetty.server.HttpConnection - generate: FLUSH for org.eclipse.jetty.server.HttpConnection$SendCallback@7efea50c[PROCESSING][i=null,cb=org.eclipse.jetty.server.HttpChannel$SendCallback@2be55109] (null,[p=0,l=0,c=0,r=0],true)@COMPLETING
13:18:09.765 [qtp824248140-24] DEBUG org.eclipse.jetty.io.WriteFlusher - write: WriteFlusher@154fe9f3{IDLE}->null [HeapByteBuffer@29acffbb[p=0,l=7,c=1024,r=7]={<<<\r\n0\r\n\r\n>>>\x00\x00\x00\x00\x00\x00\x00\x00\x00...\x00\x00\x00\x00\x00\x00\x00}]
13:18:09.765 [qtp824248140-24] DEBUG org.eclipse.jetty.io.WriteFlusher - update WriteFlusher@154fe9f3{WRITING}->null:IDLE-->WRITING
13:18:09.766 [qtp824248140-24] DEBUG org.eclipse.jetty.io.ChannelEndPoint - flushed 7 NetworkTrafficSocketChannelEndPoint@e15bde{/127.0.0.1:64964<->/127.0.0.1:8080,OPEN,fill=-,flush=W,to=1/30000}{io=1/0,kio=1,kro=1}->HttpConnection@4b0008a0[p=HttpParser{s=END,51 of 51},g=HttpGenerator@41b585b5{s=COMPLETING}]=>HttpChannelOverHttp@dc8d72f{s=HttpChannelState@7a04d7ba{s=HANDLING rs=BLOCKING os=COMMITTED is=READY awp=false se=false i=true al=0},r=1,c=false/false,a=HANDLING,uri=//localhost:8080/api/v0/components/login,age=22}
13:18:09.766 [qtp824248140-24] DEBUG org.eclipse.jetty.io.WriteFlusher - Flushed=true written=7 remaining=0 WriteFlusher@154fe9f3{WRITING}->null
13:18:09.766 [qtp824248140-24] DEBUG org.eclipse.jetty.io.WriteFlusher - update WriteFlusher@154fe9f3{IDLE}->null:WRITING-->IDLE
13:18:09.766 [qtp824248140-24] DEBUG org.eclipse.jetty.server.HttpConnection - generate: DONE for org.eclipse.jetty.server.HttpConnection$SendCallback@7efea50c[PROCESSING][i=null,cb=org.eclipse.jetty.server.HttpChannel$SendCallback@2be55109] (null,[p=0,l=0,c=0,r=0],true)@END
13:18:09.766 [qtp824248140-24] DEBUG org.eclipse.jetty.server.HttpOutput - onWriteComplete(true,null) s=CLOSING,api=BLOCKED,sc=false,e=null->s=CLOSED,api=BLOCKING,sc=false,e=null c=null cb=null w=false
13:18:09.766 [qtp824248140-24] DEBUG org.eclipse.jetty.server.Server - handled=true async=false committed=true on HttpChannelOverHttp@dc8d72f{s=HttpChannelState@7a04d7ba{s=HANDLING rs=BLOCKING os=COMPLETED is=READY awp=false se=false i=true al=0},r=1,c=false/true,a=HANDLING,uri=//localhost:8080/api/v0/components/login,age=23}
13:18:09.766 [qtp824248140-24] DEBUG org.eclipse.jetty.server.HttpChannelState - unhandle HttpChannelState@7a04d7ba{s=HANDLING rs=BLOCKING os=COMPLETED is=READY awp=false se=false i=true al=0}
13:18:09.766 [qtp824248140-24] DEBUG org.eclipse.jetty.server.HttpChannelState - nextAction(false) COMPLETE HttpChannelState@7a04d7ba{s=HANDLING rs=COMPLETING os=COMPLETED is=READY awp=false se=false i=false al=0}
13:18:09.766 [qtp824248140-24] DEBUG org.eclipse.jetty.server.HttpChannel - action COMPLETE HttpChannelOverHttp@dc8d72f{s=HttpChannelState@7a04d7ba{s=HANDLING rs=COMPLETING os=COMPLETED is=READY awp=false se=false i=false al=0},r=1,c=false/true,a=HANDLING,uri=//localhost:8080/api/v0/components/login,age=23}
13:18:09.766 [qtp824248140-24] DEBUG org.eclipse.jetty.server.HttpOutput - complete(org.eclipse.jetty.util.Callback$4@20b857bc) s=CLOSED,api=BLOCKING,sc=false,e=null s=true e=null, c=null
13:18:09.766 [qtp824248140-24] DEBUG org.eclipse.jetty.server.HttpChannelState - completed HttpChannelState@7a04d7ba{s=HANDLING rs=COMPLETING os=COMPLETED is=READY awp=false se=false i=false al=0}
13:18:09.767 [qtp824248140-24] DEBUG org.eclipse.jetty.server.HttpChannelState - unhandle HttpChannelState@7a04d7ba{s=HANDLING rs=COMPLETED os=COMPLETED is=READY awp=false se=false i=false al=0}
13:18:09.767 [qtp824248140-24] DEBUG org.eclipse.jetty.server.HttpChannelState - nextAction(false) TERMINATED HttpChannelState@7a04d7ba{s=IDLE rs=COMPLETED os=COMPLETED is=READY awp=false se=false i=false al=0}
13:18:09.767 [qtp824248140-24] DEBUG org.eclipse.jetty.server.HttpChannel - action TERMINATED HttpChannelOverHttp@dc8d72f{s=HttpChannelState@7a04d7ba{s=IDLE rs=COMPLETED os=COMPLETED is=READY awp=false se=false i=false al=0},r=1,c=true/true,a=IDLE,uri=//localhost:8080/api/v0/components/login,age=24}
13:18:09.767 [qtp824248140-24] DEBUG org.eclipse.jetty.server.HttpChannel - onCompleted for /api/v0/components/login written=21
13:18:09.767 [qtp824248140-24] DEBUG org.eclipse.jetty.server.HttpChannelState - recycle HttpChannelState@7a04d7ba{s=IDLE rs=COMPLETED os=COMPLETED is=READY awp=false se=false i=false al=0}
13:18:09.767 [qtp824248140-24] DEBUG org.eclipse.jetty.http.HttpParser - reset HttpParser{s=END,51 of 51}
13:18:09.767 [qtp824248140-24] DEBUG org.eclipse.jetty.http.HttpParser - END --> START
13:18:09.767 [qtp824248140-24] DEBUG org.eclipse.jetty.server.HttpChannel - !handle TERMINATED HttpChannelOverHttp@dc8d72f{s=HttpChannelState@7a04d7ba{s=IDLE rs=BLOCKING os=OPEN is=IDLE awp=false se=false i=true al=0},r=1,c=false/false,a=IDLE,uri=null,age=0}
13:18:09.767 [qtp824248140-24] DEBUG org.eclipse.jetty.io.ChannelEndPoint - filled 0 HeapByteBuffer@6457bf7d[p=0,l=0,c=8192,r=0]={<<<>>>HTTP/1.1 ...\x00\x00\x00\x00\x00\x00\x00}
13:18:09.767 [qtp824248140-24] DEBUG org.eclipse.jetty.io.ChannelEndPoint - filled 0 HeapByteBuffer@6457bf7d[p=0,l=0,c=8192,r=0]={<<<>>>HTTP/1.1 ...\x00\x00\x00\x00\x00\x00\x00}
13:18:09.768 [qtp824248140-24] DEBUG org.eclipse.jetty.server.HttpConnection - HttpConnection@4b0008a0::NetworkTrafficSocketChannelEndPoint@e15bde{/127.0.0.1:64964<->/127.0.0.1:8080,OPEN,fill=-,flush=-,to=1/30000}{io=1/0,kio=1,kro=1}->HttpConnection@4b0008a0[p=HttpParser{s=START,0 of -1},g=HttpGenerator@41b585b5{s=START}]=>HttpChannelOverHttp@dc8d72f{s=HttpChannelState@7a04d7ba{s=IDLE rs=BLOCKING os=OPEN is=IDLE awp=false se=false i=true al=0},r=1,c=false/false,a=IDLE,uri=null,age=0} filled 0 HeapByteBuffer@6457bf7d[p=0,l=0,c=8192,r=0]={<<<>>>HTTP/1.1 ...\x00\x00\x00\x00\x00\x00\x00}
13:18:09.768 [qtp824248140-24] DEBUG org.eclipse.jetty.server.HttpConnection - HttpConnection@4b0008a0::NetworkTrafficSocketChannelEndPoint@e15bde{/127.0.0.1:64964<->/127.0.0.1:8080,OPEN,fill=-,flush=-,to=2/30000}{io=1/0,kio=1,kro=1}->HttpConnection@4b0008a0[p=HttpParser{s=START,0 of -1},g=HttpGenerator@41b585b5{s=START}]=>HttpChannelOverHttp@dc8d72f{s=HttpChannelState@7a04d7ba{s=IDLE rs=BLOCKING os=OPEN is=IDLE awp=false se=false i=true al=0},r=1,c=false/false,a=IDLE,uri=null,age=0} parse HeapByteBuffer@6457bf7d[p=0,l=0,c=8192,r=0]={<<<>>>HTTP/1.1 ...\x00\x00\x00\x00\x00\x00\x00} {}
13:18:09.769 [qtp824248140-24] DEBUG org.eclipse.jetty.http.HttpParser - parseNext s=START HeapByteBuffer@6457bf7d[p=0,l=0,c=8192,r=0]={<<<>>>HTTP/1.1 ...\x00\x00\x00\x00\x00\x00\x00}
13:18:09.769 [qtp824248140-24] DEBUG org.eclipse.jetty.server.HttpConnection - HttpConnection@4b0008a0::NetworkTrafficSocketChannelEndPoint@e15bde{/127.0.0.1:64964<->/127.0.0.1:8080,OPEN,fill=-,flush=-,to=3/30000}{io=1/0,kio=1,kro=1}->HttpConnection@4b0008a0[p=HttpParser{s=START,0 of -1},g=HttpGenerator@41b585b5{s=START}]=>HttpChannelOverHttp@dc8d72f{s=HttpChannelState@7a04d7ba{s=IDLE rs=BLOCKING os=OPEN is=IDLE awp=false se=false i=true al=0},r=1,c=false/false,a=IDLE,uri=null,age=0} parsed false HttpParser{s=START,0 of -1}
13:18:09.769 [qtp824248140-24] DEBUG org.eclipse.jetty.server.HttpConnection - releaseRequestBuffer HttpConnection@4b0008a0::NetworkTrafficSocketChannelEndPoint@e15bde{/127.0.0.1:64964<->/127.0.0.1:8080,OPEN,fill=-,flush=-,to=3/30000}{io=1/0,kio=1,kro=1}->HttpConnection@4b0008a0[p=HttpParser{s=START,0 of -1},g=HttpGenerator@41b585b5{s=START}]=>HttpChannelOverHttp@dc8d72f{s=HttpChannelState@7a04d7ba{s=IDLE rs=BLOCKING os=OPEN is=IDLE awp=false se=false i=true al=0},r=1,c=false/false,a=IDLE,uri=null,age=0}
13:18:09.769 [qtp824248140-24] DEBUG org.eclipse.jetty.io.AbstractConnection - fillInterested HttpConnection@4b0008a0::NetworkTrafficSocketChannelEndPoint@e15bde{/127.0.0.1:64964<->/127.0.0.1:8080,OPEN,fill=-,flush=-,to=3/30000}{io=1/0,kio=1,kro=1}->HttpConnection@4b0008a0[p=HttpParser{s=START,0 of -1},g=HttpGenerator@41b585b5{s=START}]=>HttpChannelOverHttp@dc8d72f{s=HttpChannelState@7a04d7ba{s=IDLE rs=BLOCKING os=OPEN is=IDLE awp=false se=false i=true al=0},r=1,c=false/false,a=IDLE,uri=null,age=0}
13:18:09.770 [qtp824248140-24] DEBUG org.eclipse.jetty.io.FillInterest - interested FillInterest@a0f5303{AC.ReadCB@4b0008a0{HttpConnection@4b0008a0::NetworkTrafficSocketChannelEndPoint@e15bde{/127.0.0.1:64964<->/127.0.0.1:8080,OPEN,fill=FI,flush=-,to=0/30000}{io=1/0,kio=1,kro=1}->HttpConnection@4b0008a0[p=HttpParser{s=START,0 of -1},g=HttpGenerator@41b585b5{s=START}]=>HttpChannelOverHttp@dc8d72f{s=HttpChannelState@7a04d7ba{s=IDLE rs=BLOCKING os=OPEN is=IDLE awp=false se=false i=true al=0},r=1,c=false/false,a=IDLE,uri=null,age=0}}}
13:18:09.770 [qtp824248140-24] DEBUG org.eclipse.jetty.io.ChannelEndPoint - changeInterests p=true 0->1 for NetworkTrafficSocketChannelEndPoint@e15bde{/127.0.0.1:64964<->/127.0.0.1:8080,OPEN,fill=FI,flush=-,to=0/30000}{io=1/1,kio=1,kro=1}->HttpConnection@4b0008a0[p=HttpParser{s=START,0 of -1},g=HttpGenerator@41b585b5{s=START}]=>HttpChannelOverHttp@dc8d72f{s=HttpChannelState@7a04d7ba{s=IDLE rs=BLOCKING os=OPEN is=IDLE awp=false se=false i=true al=0},r=1,c=false/false,a=IDLE,uri=null,age=0}
13:18:09.770 [qtp824248140-24] DEBUG org.eclipse.jetty.server.HttpConnection - HttpConnection@4b0008a0::NetworkTrafficSocketChannelEndPoint@e15bde{/127.0.0.1:64964<->/127.0.0.1:8080,OPEN,fill=FI,flush=-,to=0/30000}{io=1/1,kio=1,kro=1}->HttpConnection@4b0008a0[p=HttpParser{s=START,0 of -1},g=HttpGenerator@41b585b5{s=START}]=>HttpChannelOverHttp@dc8d72f{s=HttpChannelState@7a04d7ba{s=IDLE rs=BLOCKING os=OPEN is=IDLE awp=false se=false i=true al=0},r=1,c=false/false,a=IDLE,uri=null,age=0} onFillable exit HttpChannelState@7a04d7ba{s=IDLE rs=BLOCKING os=OPEN is=IDLE awp=false se=false i=true al=0} null
13:18:09.770 [qtp824248140-24] DEBUG org.eclipse.jetty.io.ManagedSelector - updateable 0
13:18:09.770 [qtp824248140-24] DEBUG org.eclipse.jetty.io.ManagedSelector - updates 0
13:18:09.770 [qtp824248140-24] DEBUG org.eclipse.jetty.io.ChannelEndPoint - Key interests updated 1 -> 1 on NetworkTrafficSocketChannelEndPoint@e15bde{/127.0.0.1:64964<->/127.0.0.1:8080,OPEN,fill=FI,flush=-,to=0/30000}{io=1/1,kio=1,kro=1}->HttpConnection@4b0008a0[p=HttpParser{s=START,0 of -1},g=HttpGenerator@41b585b5{s=START}]=>HttpChannelOverHttp@dc8d72f{s=HttpChannelState@7a04d7ba{s=IDLE rs=BLOCKING os=OPEN is=IDLE awp=false se=false i=true al=0},r=1,c=false/false,a=IDLE,uri=null,age=0}
13:18:09.771 [qtp824248140-24] DEBUG org.eclipse.jetty.io.ManagedSelector - Selector sun.nio.ch.WindowsSelectorImpl@79f2d02e waiting with 2 keys
13:18:09.775 [qtp824248140-20] DEBUG org.eclipse.jetty.util.thread.ReservedThreadExecutor - ReservedThreadExecutor@238f6469{s=0/1,p=1}@1e1e1c94 task=EatWhatYouKill@36d30a44/SelectorProducer@a77e489/PRODUCING/p=true/QueuedThreadPool[qtp824248140]@3121074c{STARTED,8<=8<=14,i=1,r=1,q=0}[ReservedThreadExecutor@238f6469{s=0/1,p=1}][pc=0,pic=0,pec=1,epc=3]@2020-09-25T13:18:09.7756714+02:00
13:18:09.775 [qtp824248140-20] DEBUG org.eclipse.jetty.util.thread.strategy.EatWhatYouKill - EatWhatYouKill@36d30a44/SelectorProducer@a77e489/PRODUCING/p=true/QueuedThreadPool[qtp824248140]@3121074c{STARTED,8<=8<=14,i=1,r=1,q=0}[ReservedThreadExecutor@238f6469{s=0/1,p=1}][pc=0,pic=0,pec=1,epc=3]@2020-09-25T13:18:09.7756714+02:00 tryProduce true
13:18:09.775 [qtp824248140-20] DEBUG org.eclipse.jetty.util.thread.ReservedThreadExecutor - ReservedThreadExecutor@238f6469{s=1/1,p=1}@1e1e1c94 waiting
13:18:09.775 [qtp824248140-25] DEBUG org.eclipse.jetty.util.thread.QueuedThreadPool - run ReservedThreadExecutor@238f6469{s=1/1,p=1}@7d50f11a in QueuedThreadPool[qtp824248140]@3121074c{STARTED,8<=8<=14,i=1,r=1,q=0}[ReservedThreadExecutor@238f6469{s=1/1,p=1}]
13:18:09.776 [qtp824248140-25] DEBUG org.eclipse.jetty.util.thread.ReservedThreadExecutor - ReservedThreadExecutor@238f6469{s=1/1,p=1}@7d50f11a size 1 > capacity
13:18:09.776 [qtp824248140-25] DEBUG org.eclipse.jetty.util.thread.QueuedThreadPool - ran ReservedThreadExecutor@238f6469{s=1/1,p=0}@7d50f11a in QueuedThreadPool[qtp824248140]@3121074c{STARTED,8<=8<=14,i=1,r=1,q=0}[ReservedThreadExecutor@238f6469{s=1/1,p=0}]
13:18:09.781 [reactor-http-nio-1] DEBUG reactor.netty.resources.PooledConnectionProvider - [id: 0x816336b0, L:/127.0.0.1:64964 - R:localhost/127.0.0.1:8080] onStateChange(POST{uri=/api/v0/components/login, connection=PooledConnection{channel=[id: 0x816336b0, L:/127.0.0.1:64964 - R:localhost/127.0.0.1:8080]}}, [request_sent])
13:18:09.792 [reactor-http-nio-1] DEBUG reactor.netty.http.client.HttpClientOperations - [id: 0x816336b0, L:/127.0.0.1:64964 - R:localhost/127.0.0.1:8080] Received response (auto-read:false) : [Content-Type=application/json, Matched-Stub-Id=119840fa-8e29-44b8-bf4c-6e4b40a3c5e5, Vary=Accept-Encoding, User-Agent, Transfer-Encoding=chunked, Server=Jetty(9.4.28.v20200408)]
13:18:09.792 [reactor-http-nio-1] DEBUG reactor.netty.resources.PooledConnectionProvider - [id: 0x816336b0, L:/127.0.0.1:64964 - R:localhost/127.0.0.1:8080] onStateChange(POST{uri=/api/v0/components/login, connection=PooledConnection{channel=[id: 0x816336b0, L:/127.0.0.1:64964 - R:localhost/127.0.0.1:8080]}}, [response_received])
13:18:09.793 [reactor-http-nio-1] DEBUG org.springframework.web.reactive.function.client.ExchangeFunctions - [7e840953] Response 200 OK
13:18:09.799 [reactor-http-nio-1] DEBUG reactor.netty.channel.FluxReceive - [id: 0x816336b0, L:/127.0.0.1:64964 - R:localhost/127.0.0.1:8080] Subscribing inbound receiver [pending: 0, cancelled:false, inboundDone: false]
13:18:09.919 [reactor-http-nio-1] DEBUG reactor.netty.http.client.HttpClientOperations - [id: 0x816336b0, L:/127.0.0.1:64964 - R:localhost/127.0.0.1:8080] Received last HTTP packet
13:18:09.920 [reactor-http-nio-1] DEBUG org.springframework.core.codec.StringDecoder - [7e840953] Decoded "{"token":"someToken"}"
13:18:09.922 [reactor-http-nio-1] INFO com.bi.edp.catalog.adapter.provision_adapters.ProvisionAdaptersClient - ProvisionAdaptersClient logged successfully
13:18:09.922 [reactor-http-nio-1] DEBUG reactor.netty.resources.PooledConnectionProvider - [id: 0x816336b0, L:/127.0.0.1:64964 - R:localhost/127.0.0.1:8080] onStateChange(POST{uri=/api/v0/components/login, connection=PooledConnection{channel=[id: 0x816336b0, L:/127.0.0.1:64964 - R:localhost/127.0.0.1:8080]}}, [response_completed])
13:18:09.922 [reactor-http-nio-1] DEBUG reactor.netty.ReactorNetty - [id: 0x816336b0, L:/127.0.0.1:64964 - R:localhost/127.0.0.1:8080] Removed handler: ReadTimeoutHandler, pipeline: DefaultChannelPipeline{(reactor.left.httpCodec = io.netty.handler.codec.http.HttpClientCodec), (WriteTimeoutHandler = io.netty.handler.timeout.WriteTimeoutHandler), (reactor.right.reactiveBridge = reactor.netty.channel.ChannelOperationsHandler)}
13:18:09.922 [reactor-http-nio-1] DEBUG reactor.netty.ReactorNetty - [id: 0x816336b0, L:/127.0.0.1:64964 - R:localhost/127.0.0.1:8080] Removed handler: WriteTimeoutHandler, pipeline: DefaultChannelPipeline{(reactor.left.httpCodec = io.netty.handler.codec.http.HttpClientCodec), (reactor.right.reactiveBridge = reactor.netty.channel.ChannelOperationsHandler)}
13:18:09.923 [reactor-http-nio-1] DEBUG reactor.netty.resources.PooledConnectionProvider - [id: 0x816336b0, L:/127.0.0.1:64964 - R:localhost/127.0.0.1:8080] onStateChange(POST{uri=/api/v0/components/login, connection=PooledConnection{channel=[id: 0x816336b0, L:/127.0.0.1:64964 - R:localhost/127.0.0.1:8080]}}, [disconnecting])
13:18:09.923 [reactor-http-nio-1] DEBUG reactor.netty.resources.PooledConnectionProvider - [id: 0x816336b0, L:/127.0.0.1:64964 - R:localhost/127.0.0.1:8080] Releasing channel
13:18:09.923 [reactor-http-nio-1] DEBUG reactor.netty.resources.PooledConnectionProvider - [id: 0x816336b0, L:/127.0.0.1:64964 - R:localhost/127.0.0.1:8080] Channel cleaned, now 0 active connections and 2 inactive connections
13:18:10.638 [parallel-1] DEBUG org.springframework.web.reactive.function.client.ExchangeFunctions - [5f1f40fb] HTTP GET http://localhost:8080/api/v0/components/provision-adapters/awx
13:18:10.641 [reactor-http-nio-1] DEBUG reactor.netty.resources.PooledConnectionProvider - [id: 0x9c15a5a1, L:/127.0.0.1:64963 - R:localhost/127.0.0.1:8080] Channel acquired, now 1 active connections and 1 inactive connections
13:18:10.642 [reactor-http-nio-1] DEBUG reactor.netty.ReactorNetty - [id: 0x9c15a5a1, L:/127.0.0.1:64963 - R:localhost/127.0.0.1:8080] Added decoder [ReadTimeoutHandler] at the end of the user pipeline, full pipeline: [reactor.left.httpCodec, ReadTimeoutHandler, reactor.right.reactiveBridge, DefaultChannelPipeline$TailContext#0]
13:18:10.642 [reactor-http-nio-1] DEBUG reactor.netty.ReactorNetty - [id: 0x9c15a5a1, L:/127.0.0.1:64963 - R:localhost/127.0.0.1:8080] Added decoder [WriteTimeoutHandler] at the end of the user pipeline, full pipeline: [reactor.left.httpCodec, ReadTimeoutHandler, WriteTimeoutHandler, reactor.right.reactiveBridge, DefaultChannelPipeline$TailContext#0]
13:18:10.642 [reactor-http-nio-1] DEBUG reactor.netty.http.client.HttpClientConnect - [id: 0x9c15a5a1, L:/127.0.0.1:64963 - R:localhost/127.0.0.1:8080] Handler is being applied: {uri=http://localhost:8080/api/v0/components/provision-adapters/awx, method=GET}
13:18:10.642 [reactor-http-nio-1] DEBUG reactor.netty.resources.PooledConnectionProvider - [id: 0x9c15a5a1, L:/127.0.0.1:64963 - R:localhost/127.0.0.1:8080] onStateChange(GET{uri=/api/v0/components/provision-adapters/awx, connection=PooledConnection{channel=[id: 0x9c15a5a1, L:/127.0.0.1:64963 - R:localhost/127.0.0.1:8080]}}, [request_prepared])
13:18:10.644 [qtp824248140-21] DEBUG org.eclipse.jetty.io.ManagedSelector - Selector sun.nio.ch.WindowsSelectorImpl@6fac80d8 woken up from select, 1/1/1 selected
13:18:10.644 [qtp824248140-21] DEBUG org.eclipse.jetty.io.ManagedSelector - Selector sun.nio.ch.WindowsSelectorImpl@6fac80d8 processing 1 keys, 0 updates
13:18:10.645 [reactor-http-nio-1] DEBUG reactor.netty.resources.PooledConnectionProvider - [id: 0x9c15a5a1, L:/127.0.0.1:64963 - R:localhost/127.0.0.1:8080] onStateChange(GET{uri=/api/v0/components/provision-adapters/awx, connection=PooledConnection{channel=[id: 0x9c15a5a1, L:/127.0.0.1:64963 - R:localhost/127.0.0.1:8080]}}, [request_sent])
13:18:10.645 [qtp824248140-21] DEBUG org.eclipse.jetty.io.ManagedSelector - selected 1 channel=java.nio.channels.SocketChannel[connected local=/127.0.0.1:8080 remote=/127.0.0.1:64963], selector=sun.nio.ch.WindowsSelectorImpl@6fac80d8, interestOps=1, readyOps=1 NetworkTrafficSocketChannelEndPoint@54884eec{/127.0.0.1:64963<->/127.0.0.1:8080,OPEN,fill=FI,flush=-,to=2072/30000}{io=1/1,kio=1,kro=1}->HttpConnection@2bcfd4ee[p=HttpParser{s=START,0 of -1},g=HttpGenerator@3da61055{s=START}]=>HttpChannelOverHttp@610e7a35{s=HttpChannelState@5275071b{s=IDLE rs=BLOCKING os=OPEN is=IDLE awp=false se=false i=true al=0},r=1,c=false/false,a=IDLE,uri=null,age=0} 
13:18:10.645 [qtp824248140-21] DEBUG org.eclipse.jetty.io.ChannelEndPoint - onSelected 1->0 r=true w=false for NetworkTrafficSocketChannelEndPoint@54884eec{/127.0.0.1:64963<->/127.0.0.1:8080,OPEN,fill=FI,flush=-,to=2072/30000}{io=1/0,kio=1,kro=1}->HttpConnection@2bcfd4ee[p=HttpParser{s=START,0 of -1},g=HttpGenerator@3da61055{s=START}]=>HttpChannelOverHttp@610e7a35{s=HttpChannelState@5275071b{s=IDLE rs=BLOCKING os=OPEN is=IDLE awp=false se=false i=true al=0},r=1,c=false/false,a=IDLE,uri=null,age=0}
13:18:10.645 [qtp824248140-21] DEBUG org.eclipse.jetty.io.ChannelEndPoint - task CEP:NetworkTrafficSocketChannelEndPoint@54884eec{/127.0.0.1:64963<->/127.0.0.1:8080,OPEN,fill=FI,flush=-,to=2073/30000}{io=1/0,kio=1,kro=1}->HttpConnection@2bcfd4ee[p=HttpParser{s=START,0 of -1},g=HttpGenerator@3da61055{s=START}]=>HttpChannelOverHttp@610e7a35{s=HttpChannelState@5275071b{s=IDLE rs=BLOCKING os=OPEN is=IDLE awp=false se=false i=true al=0},r=1,c=false/false,a=IDLE,uri=null,age=0}:runFillable:BLOCKING
13:18:10.645 [qtp824248140-21] DEBUG org.eclipse.jetty.util.thread.ReservedThreadExecutor - ReservedThreadExecutor@238f6469{s=1/1,p=0} tryExecute EatWhatYouKill@6fa9da72/SelectorProducer@53886ac6/PRODUCING/p=false/QueuedThreadPool[qtp824248140]@3121074c{STARTED,8<=8<=14,i=2,r=1,q=0}[ReservedThreadExecutor@238f6469{s=1/1,p=0}][pc=0,pic=0,pec=0,epc=1]@2020-09-25T13:18:10.6455436+02:00
13:18:10.646 [qtp824248140-21] DEBUG org.eclipse.jetty.util.thread.ReservedThreadExecutor - ReservedThreadExecutor@238f6469{s=0/1,p=0}@1e1e1c94 offer EatWhatYouKill@6fa9da72/SelectorProducer@53886ac6/PRODUCING/p=false/QueuedThreadPool[qtp824248140]@3121074c{STARTED,8<=8<=14,i=2,r=1,q=0}[ReservedThreadExecutor@238f6469{s=0/1,p=0}][pc=0,pic=0,pec=0,epc=1]@2020-09-25T13:18:10.6465469+02:00
13:18:10.646 [qtp824248140-21] DEBUG org.eclipse.jetty.util.thread.ReservedThreadExecutor - ReservedThreadExecutor@238f6469{s=0/1,p=1} startReservedThread p=1
13:18:10.646 [qtp824248140-21] DEBUG org.eclipse.jetty.util.thread.QueuedThreadPool - queue ReservedThreadExecutor@238f6469{s=0/1,p=1}@7058916b startThread=0
13:18:10.647 [qtp824248140-21] DEBUG org.eclipse.jetty.util.thread.strategy.EatWhatYouKill - EatWhatYouKill@6fa9da72/SelectorProducer@53886ac6/IDLE/p=true/QueuedThreadPool[qtp824248140]@3121074c{STARTED,8<=8<=14,i=1,r=1,q=0}[ReservedThreadExecutor@238f6469{s=0/1,p=1}][pc=0,pic=0,pec=0,epc=1]@2020-09-25T13:18:10.6475456+02:00 m=EXECUTE_PRODUCE_CONSUME t=CEP:NetworkTrafficSocketChannelEndPoint@54884eec{/127.0.0.1:64963<->/127.0.0.1:8080,OPEN,fill=FI,flush=-,to=2074/30000}{io=1/0,kio=1,kro=1}->HttpConnection@2bcfd4ee[p=HttpParser{s=START,0 of -1},g=HttpGenerator@3da61055{s=START}]=>HttpChannelOverHttp@610e7a35{s=HttpChannelState@5275071b{s=IDLE rs=BLOCKING os=OPEN is=IDLE awp=false se=false i=true al=0},r=1,c=false/false,a=IDLE,uri=null,age=0}:runFillable:BLOCKING/BLOCKING
13:18:10.647 [qtp824248140-20] DEBUG org.eclipse.jetty.util.thread.ReservedThreadExecutor - ReservedThreadExecutor@238f6469{s=0/1,p=1}@1e1e1c94 task=EatWhatYouKill@6fa9da72/SelectorProducer@53886ac6/IDLE/p=true/QueuedThreadPool[qtp824248140]@3121074c{STARTED,8<=8<=14,i=1,r=1,q=0}[ReservedThreadExecutor@238f6469{s=0/1,p=1}][pc=0,pic=0,pec=0,epc=1]@2020-09-25T13:18:10.6475456+02:00
13:18:10.647 [qtp824248140-21] DEBUG org.eclipse.jetty.io.FillInterest - fillable FillInterest@2feb1a06{AC.ReadCB@2bcfd4ee{HttpConnection@2bcfd4ee::NetworkTrafficSocketChannelEndPoint@54884eec{/127.0.0.1:64963<->/127.0.0.1:8080,OPEN,fill=FI,flush=-,to=2075/30000}{io=1/0,kio=1,kro=1}->HttpConnection@2bcfd4ee[p=HttpParser{s=START,0 of -1},g=HttpGenerator@3da61055{s=START}]=>HttpChannelOverHttp@610e7a35{s=HttpChannelState@5275071b{s=IDLE rs=BLOCKING os=OPEN is=IDLE awp=false se=false i=true al=0},r=1,c=false/false,a=IDLE,uri=null,age=0}}}
13:18:10.647 [qtp824248140-20] DEBUG org.eclipse.jetty.util.thread.strategy.EatWhatYouKill - EatWhatYouKill@6fa9da72/SelectorProducer@53886ac6/IDLE/p=true/QueuedThreadPool[qtp824248140]@3121074c{STARTED,8<=8<=14,i=1,r=1,q=0}[ReservedThreadExecutor@238f6469{s=0/1,p=1}][pc=0,pic=0,pec=0,epc=2]@2020-09-25T13:18:10.6475456+02:00 tryProduce true
13:18:10.647 [qtp824248140-21] DEBUG org.eclipse.jetty.server.HttpConnection - HttpConnection@2bcfd4ee::NetworkTrafficSocketChannelEndPoint@54884eec{/127.0.0.1:64963<->/127.0.0.1:8080,OPEN,fill=-,flush=-,to=2075/30000}{io=1/0,kio=1,kro=1}->HttpConnection@2bcfd4ee[p=HttpParser{s=START,0 of -1},g=HttpGenerator@3da61055{s=START}]=>HttpChannelOverHttp@610e7a35{s=HttpChannelState@5275071b{s=IDLE rs=BLOCKING os=OPEN is=IDLE awp=false se=false i=true al=0},r=1,c=false/false,a=IDLE,uri=null,age=0} onFillable enter HttpChannelState@5275071b{s=IDLE rs=BLOCKING os=OPEN is=IDLE awp=false se=false i=true al=0} null
13:18:10.648 [qtp824248140-21] DEBUG org.eclipse.jetty.io.ChannelEndPoint - filled 166 HeapByteBuffer@6457bf7d[p=0,l=166,c=8192,r=166]={<<<GET /api/v0/components/pr...n: Bearer someToken\r\n\r\n>>>\nServer: ...\x00\x00\x00\x00\x00\x00\x00}
13:18:10.648 [qtp824248140-21] DEBUG org.eclipse.jetty.server.HttpConnection - HttpConnection@2bcfd4ee::NetworkTrafficSocketChannelEndPoint@54884eec{/127.0.0.1:64963<->/127.0.0.1:8080,OPEN,fill=-,flush=-,to=0/30000}{io=1/0,kio=1,kro=1}->HttpConnection@2bcfd4ee[p=HttpParser{s=START,0 of -1},g=HttpGenerator@3da61055{s=START}]=>HttpChannelOverHttp@610e7a35{s=HttpChannelState@5275071b{s=IDLE rs=BLOCKING os=OPEN is=IDLE awp=false se=false i=true al=0},r=1,c=false/false,a=IDLE,uri=null,age=0} filled 166 HeapByteBuffer@6457bf7d[p=0,l=166,c=8192,r=166]={<<<GET /api/v0/components/pr...n: Bearer someToken\r\n\r\n>>>\nServer: ...\x00\x00\x00\x00\x00\x00\x00}
13:18:10.648 [qtp824248140-21] DEBUG org.eclipse.jetty.server.HttpConnection - HttpConnection@2bcfd4ee::NetworkTrafficSocketChannelEndPoint@54884eec{/127.0.0.1:64963<->/127.0.0.1:8080,OPEN,fill=-,flush=-,to=0/30000}{io=1/0,kio=1,kro=1}->HttpConnection@2bcfd4ee[p=HttpParser{s=START,0 of -1},g=HttpGenerator@3da61055{s=START}]=>HttpChannelOverHttp@610e7a35{s=HttpChannelState@5275071b{s=IDLE rs=BLOCKING os=OPEN is=IDLE awp=false se=false i=true al=0},r=1,c=false/false,a=IDLE,uri=null,age=0} parse HeapByteBuffer@6457bf7d[p=0,l=166,c=8192,r=166]={<<<GET /api/v0/components/pr...n: Bearer someToken\r\n\r\n>>>\nServer: ...\x00\x00\x00\x00\x00\x00\x00} {}
13:18:10.648 [qtp824248140-21] DEBUG org.eclipse.jetty.http.HttpParser - parseNext s=START HeapByteBuffer@6457bf7d[p=0,l=166,c=8192,r=166]={<<<GET /api/v0/components/pr...n: Bearer someToken\r\n\r\n>>>\nServer: ...\x00\x00\x00\x00\x00\x00\x00}
13:18:10.648 [qtp824248140-21] DEBUG org.eclipse.jetty.http.HttpParser - START --> SPACE1
13:18:10.648 [qtp824248140-21] DEBUG org.eclipse.jetty.http.HttpParser - SPACE1 --> URI
13:18:10.648 [qtp824248140-21] DEBUG org.eclipse.jetty.http.HttpParser - URI --> SPACE2
13:18:10.648 [qtp824248140-21] DEBUG org.eclipse.jetty.http.HttpParser - SPACE2 --> REQUEST_VERSION
13:18:10.648 [qtp824248140-21] DEBUG org.eclipse.jetty.http.HttpParser - REQUEST_VERSION --> HEADER
13:18:10.649 [qtp824248140-21] DEBUG org.eclipse.jetty.http.HttpParser - HEADER:User-Agent: ReactorNetty/0.9.7.RELEASE --> IN_VALUE
13:18:10.649 [qtp824248140-21] DEBUG org.eclipse.jetty.http.HttpParser - HEADER:User-Agent: ReactorNetty/0.9.7.RELEASE --> FIELD
13:18:10.649 [qtp824248140-21] DEBUG org.eclipse.jetty.http.HttpParser - HEADER:Host: localhost:8080 --> IN_VALUE
13:18:10.649 [qtp824248140-21] DEBUG org.eclipse.jetty.http.HttpParser - HEADER:Host: localhost:8080 --> FIELD
13:18:10.649 [qtp824248140-21] DEBUG org.eclipse.jetty.http.HttpParser - HEADER:Accept: */* --> IN_VALUE
13:18:10.649 [qtp824248140-21] DEBUG org.eclipse.jetty.http.HttpParser - HEADER:Accept: */* --> FIELD
13:18:10.649 [qtp824248140-21] DEBUG org.eclipse.jetty.http.HttpParser - HEADER:Authorization --> IN_VALUE
13:18:10.649 [qtp824248140-21] DEBUG org.eclipse.jetty.http.HttpParser - HEADER:Authorization --> FIELD
13:18:10.649 [qtp824248140-21] DEBUG org.eclipse.jetty.http.HttpParser - HEADER --> CONTENT
13:18:10.649 [qtp824248140-21] DEBUG org.eclipse.jetty.server.HttpChannel - REQUEST for //localhost:8080/api/v0/components/provision-adapters/awx on HttpChannelOverHttp@610e7a35{s=HttpChannelState@5275071b{s=IDLE rs=BLOCKING os=OPEN is=IDLE awp=false se=false i=true al=0},r=2,c=false/false,a=IDLE,uri=//localhost:8080/api/v0/components/provision-adapters/awx,age=0}
GET //localhost:8080/api/v0/components/provision-adapters/awx HTTP/1.1
User-Agent: ReactorNetty/0.9.7.RELEASE
Host: localhost:8080
Accept: */*
Authorization: Bearer someToken


13:18:10.649 [qtp824248140-21] DEBUG org.eclipse.jetty.server.HttpConnection - HttpConnection@2bcfd4ee::NetworkTrafficSocketChannelEndPoint@54884eec{/127.0.0.1:64963<->/127.0.0.1:8080,OPEN,fill=-,flush=-,to=1/30000}{io=1/0,kio=1,kro=1}->HttpConnection@2bcfd4ee[p=HttpParser{s=CONTENT,0 of -1},g=HttpGenerator@3da61055{s=START}]=>HttpChannelOverHttp@610e7a35{s=HttpChannelState@5275071b{s=IDLE rs=BLOCKING os=OPEN is=IDLE awp=false se=false i=true al=0},r=2,c=false/false,a=IDLE,uri=//localhost:8080/api/v0/components/provision-adapters/awx,age=0} parsed true HttpParser{s=CONTENT,0 of -1}
13:18:10.649 [qtp824248140-21] DEBUG org.eclipse.jetty.server.HttpConnection - releaseRequestBuffer HttpConnection@2bcfd4ee::NetworkTrafficSocketChannelEndPoint@54884eec{/127.0.0.1:64963<->/127.0.0.1:8080,OPEN,fill=-,flush=-,to=1/30000}{io=1/0,kio=1,kro=1}->HttpConnection@2bcfd4ee[p=HttpParser{s=CONTENT,0 of -1},g=HttpGenerator@3da61055{s=START}]=>HttpChannelOverHttp@610e7a35{s=HttpChannelState@5275071b{s=IDLE rs=BLOCKING os=OPEN is=IDLE awp=false se=false i=true al=0},r=2,c=false/false,a=IDLE,uri=//localhost:8080/api/v0/components/provision-adapters/awx,age=0}
13:18:10.650 [qtp824248140-21] DEBUG org.eclipse.jetty.server.HttpChannel - handle //localhost:8080/api/v0/components/provision-adapters/awx HttpChannelOverHttp@610e7a35{s=HttpChannelState@5275071b{s=IDLE rs=BLOCKING os=OPEN is=IDLE awp=false se=false i=true al=0},r=2,c=false/false,a=IDLE,uri=//localhost:8080/api/v0/components/provision-adapters/awx,age=1} 
13:18:10.650 [qtp824248140-21] DEBUG org.eclipse.jetty.server.HttpChannelState - handling HttpChannelState@5275071b{s=IDLE rs=BLOCKING os=OPEN is=IDLE awp=false se=false i=true al=0}
13:18:10.650 [qtp824248140-21] DEBUG org.eclipse.jetty.server.HttpChannel - action DISPATCH HttpChannelOverHttp@610e7a35{s=HttpChannelState@5275071b{s=HANDLING rs=BLOCKING os=OPEN is=IDLE awp=false se=false i=true al=0},r=2,c=false/false,a=HANDLING,uri=//localhost:8080/api/v0/components/provision-adapters/awx,age=1}
13:18:10.650 [qtp824248140-21] DEBUG org.eclipse.jetty.server.Server - REQUEST GET /api/v0/components/provision-adapters/awx on HttpChannelOverHttp@610e7a35{s=HttpChannelState@5275071b{s=HANDLING rs=BLOCKING os=OPEN is=IDLE awp=false se=false i=true al=0},r=2,c=false/false,a=HANDLING,uri=//localhost:8080/api/v0/components/provision-adapters/awx,age=1}
13:18:10.650 [qtp824248140-21] DEBUG org.eclipse.jetty.server.handler.ContextHandler - scope null||/api/v0/components/provision-adapters/awx @ o.e.j.s.ServletContextHandler@4bef83b{/__admin,null,AVAILABLE}
13:18:10.650 [qtp824248140-21] DEBUG org.eclipse.jetty.server.handler.gzip.GzipHandler - GzipHandler@42831d1d{STARTED,min=32,inflate=-1} handle Request(GET //localhost:8080/api/v0/components/provision-adapters/awx)@70434a12 in null
13:18:10.650 [qtp824248140-21] DEBUG org.eclipse.jetty.server.handler.ContextHandler - scope null||/api/v0/components/provision-adapters/awx @ o.e.j.s.ServletContextHandler@62d767f{/,null,AVAILABLE}
13:18:10.650 [qtp824248140-21] DEBUG org.eclipse.jetty.server.handler.ContextHandler - context=||/api/v0/components/provision-adapters/awx @ o.e.j.s.ServletContextHandler@62d767f{/,null,AVAILABLE}
13:18:10.650 [qtp824248140-21] DEBUG org.eclipse.jetty.servlet.ServletHandler - servlet |/api/v0/components/provision-adapters/awx|null -> com.github.tomakehurst.wiremock.servlet.WireMockHandlerDispatchingServlet-11017c34@b54a7bdc==com.github.tomakehurst.wiremock.servlet.WireMockHandlerDispatchingServlet,jsp=null,order=-1,inst=true,async=true
13:18:10.650 [qtp824248140-21] DEBUG org.eclipse.jetty.servlet.ServletHandler - chain=org.eclipse.jetty.servlets.CrossOriginFilter-14940e3c@14940e3c==org.eclipse.jetty.servlets.CrossOriginFilter,inst=true,async=true->com.github.tomakehurst.wiremock.servlet.WireMockHandlerDispatchingServlet-11017c34@b54a7bdc==com.github.tomakehurst.wiremock.servlet.WireMockHandlerDispatchingServlet,jsp=null,order=-1,inst=true,async=true
13:18:10.650 [qtp824248140-21] DEBUG org.eclipse.jetty.servlet.ServletHandler - call filter org.eclipse.jetty.servlets.CrossOriginFilter-14940e3c@14940e3c==org.eclipse.jetty.servlets.CrossOriginFilter,inst=true,async=true
13:18:10.650 [qtp824248140-21] DEBUG org.eclipse.jetty.servlet.ServletHandler - call servlet com.github.tomakehurst.wiremock.servlet.WireMockHandlerDispatchingServlet-11017c34@b54a7bdc==com.github.tomakehurst.wiremock.servlet.WireMockHandlerDispatchingServlet,jsp=null,order=-1,inst=true,async=true
13:18:10.652 [qtp824248140-23] DEBUG org.eclipse.jetty.util.thread.QueuedThreadPool - run ReservedThreadExecutor@238f6469{s=0/1,p=1}@7058916b in QueuedThreadPool[qtp824248140]@3121074c{STARTED,8<=8<=14,i=1,r=1,q=0}[ReservedThreadExecutor@238f6469{s=0/1,p=1}]
13:18:10.652 [qtp824248140-23] DEBUG org.eclipse.jetty.util.thread.ReservedThreadExecutor - ReservedThreadExecutor@238f6469{s=1/1,p=1}@7058916b started
13:18:10.652 [qtp824248140-23] DEBUG org.eclipse.jetty.util.thread.ReservedThreadExecutor - ReservedThreadExecutor@238f6469{s=1/1,p=0}@7058916b waiting
13:18:10.647 [qtp824248140-20] DEBUG org.eclipse.jetty.io.ManagedSelector - updateable 0
13:18:10.652 [qtp824248140-21] DEBUG org.eclipse.jetty.io.ChannelEndPoint - filled 0 HeapByteBuffer@6457bf7d[p=0,l=0,c=8192,r=0]={<<<>>>GET /api/...\x00\x00\x00\x00\x00\x00\x00}
13:18:10.652 [qtp824248140-21] DEBUG org.eclipse.jetty.io.ChannelEndPoint - filled 0 HeapByteBuffer@6457bf7d[p=0,l=0,c=8192,r=0]={<<<>>>GET /api/...\x00\x00\x00\x00\x00\x00\x00}
13:18:10.653 [qtp824248140-20] DEBUG org.eclipse.jetty.io.ManagedSelector - updates 0
13:18:10.653 [qtp824248140-21] DEBUG org.eclipse.jetty.server.HttpConnection - HttpConnection@2bcfd4ee::NetworkTrafficSocketChannelEndPoint@54884eec{/127.0.0.1:64963<->/127.0.0.1:8080,OPEN,fill=-,flush=-,to=4/30000}{io=1/0,kio=1,kro=1}->HttpConnection@2bcfd4ee[p=HttpParser{s=CONTENT,0 of -1},g=HttpGenerator@3da61055{s=START}]=>HttpChannelOverHttp@610e7a35{s=HttpChannelState@5275071b{s=HANDLING rs=BLOCKING os=OPEN is=IDLE awp=false se=false i=true al=0},r=2,c=false/false,a=HANDLING,uri=//localhost:8080/api/v0/components/provision-adapters/awx,age=4} filled 0 HeapByteBuffer@6457bf7d[p=0,l=0,c=8192,r=0]={<<<>>>GET /api/...\x00\x00\x00\x00\x00\x00\x00}
13:18:10.653 [qtp824248140-21] DEBUG org.eclipse.jetty.server.HttpConnection - HttpConnection@2bcfd4ee::NetworkTrafficSocketChannelEndPoint@54884eec{/127.0.0.1:64963<->/127.0.0.1:8080,OPEN,fill=-,flush=-,to=5/30000}{io=0/0,kio=0,kro=1}->HttpConnection@2bcfd4ee[p=HttpParser{s=CONTENT,0 of -1},g=HttpGenerator@3da61055{s=START}]=>HttpChannelOverHttp@610e7a35{s=HttpChannelState@5275071b{s=HANDLING rs=BLOCKING os=OPEN is=IDLE awp=false se=false i=true al=0},r=2,c=false/false,a=HANDLING,uri=//localhost:8080/api/v0/components/provision-adapters/awx,age=4} parse HeapByteBuffer@6457bf7d[p=0,l=0,c=8192,r=0]={<<<>>>GET /api/...\x00\x00\x00\x00\x00\x00\x00} {}
13:18:10.653 [qtp824248140-21] DEBUG org.eclipse.jetty.http.HttpParser - parseNext s=CONTENT HeapByteBuffer@6457bf7d[p=0,l=0,c=8192,r=0]={<<<>>>GET /api/...\x00\x00\x00\x00\x00\x00\x00}
13:18:10.653 [qtp824248140-21] DEBUG org.eclipse.jetty.http.HttpParser - CONTENT --> CONTENT_END
13:18:10.653 [qtp824248140-21] DEBUG org.eclipse.jetty.server.HttpChannel - onContentComplete HttpChannelOverHttp@610e7a35{s=HttpChannelState@5275071b{s=HANDLING rs=BLOCKING os=OPEN is=IDLE awp=false se=false i=true al=0},r=2,c=false/false,a=HANDLING,uri=//localhost:8080/api/v0/components/provision-adapters/awx,age=4}
13:18:10.653 [qtp824248140-21] DEBUG org.eclipse.jetty.http.HttpParser - CONTENT_END --> END
13:18:10.653 [qtp824248140-21] DEBUG org.eclipse.jetty.server.HttpChannel - onRequestComplete HttpChannelOverHttp@610e7a35{s=HttpChannelState@5275071b{s=HANDLING rs=BLOCKING os=OPEN is=IDLE awp=false se=false i=true al=0},r=2,c=false/false,a=HANDLING,uri=//localhost:8080/api/v0/components/provision-adapters/awx,age=4}
13:18:10.653 [qtp824248140-21] DEBUG org.eclipse.jetty.server.HttpInput - HttpInputOverHTTP@bbb4c99[c=0,q=0,[0]=null,s=STREAM] addContent EOF
13:18:10.653 [qtp824248140-20] DEBUG org.eclipse.jetty.io.ChannelEndPoint - Key interests updated 1 -> 0 on NetworkTrafficSocketChannelEndPoint@54884eec{/127.0.0.1:64963<->/127.0.0.1:8080,OPEN,fill=-,flush=-,to=5/30000}{io=0/0,kio=0,kro=1}->HttpConnection@2bcfd4ee[p=HttpParser{s=CONTENT,0 of -1},g=HttpGenerator@3da61055{s=START}]=>HttpChannelOverHttp@610e7a35{s=HttpChannelState@5275071b{s=HANDLING rs=BLOCKING os=OPEN is=IDLE awp=false se=false i=true al=0},r=2,c=false/false,a=HANDLING,uri=//localhost:8080/api/v0/components/provision-adapters/awx,age=4}
13:18:10.653 [qtp824248140-20] DEBUG org.eclipse.jetty.io.ManagedSelector - Selector sun.nio.ch.WindowsSelectorImpl@6fac80d8 waiting with 1 keys
13:18:10.653 [qtp824248140-21] DEBUG org.eclipse.jetty.server.HttpConnection - HttpConnection@2bcfd4ee::NetworkTrafficSocketChannelEndPoint@54884eec{/127.0.0.1:64963<->/127.0.0.1:8080,OPEN,fill=-,flush=-,to=5/30000}{io=0/0,kio=0,kro=1}->HttpConnection@2bcfd4ee[p=HttpParser{s=END,0 of -1},g=HttpGenerator@3da61055{s=START}]=>HttpChannelOverHttp@610e7a35{s=HttpChannelState@5275071b{s=HANDLING rs=BLOCKING os=OPEN is=IDLE awp=false se=false i=true al=0},r=2,c=false/false,a=HANDLING,uri=//localhost:8080/api/v0/components/provision-adapters/awx,age=4} parsed false HttpParser{s=END,0 of -1}
13:18:10.654 [qtp824248140-21] DEBUG org.eclipse.jetty.server.HttpConnection - releaseRequestBuffer HttpConnection@2bcfd4ee::NetworkTrafficSocketChannelEndPoint@54884eec{/127.0.0.1:64963<->/127.0.0.1:8080,OPEN,fill=-,flush=-,to=5/30000}{io=0/0,kio=0,kro=1}->HttpConnection@2bcfd4ee[p=HttpParser{s=END,0 of -1},g=HttpGenerator@3da61055{s=START}]=>HttpChannelOverHttp@610e7a35{s=HttpChannelState@5275071b{s=HANDLING rs=BLOCKING os=OPEN is=IDLE awp=false se=false i=true al=0},r=2,c=false/false,a=HANDLING,uri=//localhost:8080/api/v0/components/provision-adapters/awx,age=5}
13:18:10.654 [qtp824248140-21] DEBUG org.eclipse.jetty.server.HttpChannelState - onEof HttpChannelState@5275071b{s=HANDLING rs=BLOCKING os=OPEN is=IDLE awp=false se=false i=true al=0}
13:18:10.657 [qtp824248140-21] DEBUG org.eclipse.jetty.server.HttpOutput - write(array HeapByteBuffer@129fead[p=0,l=1677,c=8192,r=1677]={<<<{"id":"awx","name":"AWX",...,"restrictions":null}]}>>>\x00\x00\x00\x00\x00\x00\x00\x00\x00...\x00\x00\x00\x00\x00\x00\x00})
13:18:10.657 [qtp824248140-21] DEBUG org.eclipse.jetty.server.HttpOutput - write(array) s=OPEN,api=BLOCKING,sc=false,e=null aggregated !flush HeapByteBuffer@49d4bba3[p=0,l=1677,c=32768,r=1677]={<<<{"id":"awx","name":"AWX",...,"restrictions":null}]}>>>\x00\x00\x00\x00\x00\x00\x00\x00\x00...\x00\x00\x00\x00\x00\x00\x00}
13:18:10.657 [qtp824248140-21] DEBUG org.eclipse.jetty.server.handler.gzip.GzipHandler - GzipHandler@42831d1d{STARTED,min=32,inflate=-1} excluded not gzip accept Request(GET //localhost:8080/api/v0/components/provision-adapters/awx)@70434a12
13:18:10.657 [qtp824248140-21] DEBUG org.eclipse.jetty.server.handler.gzip.GzipHttpOutputInterceptor - org.eclipse.jetty.server.handler.gzip.GzipHttpOutputInterceptor@35cef42a exclude no deflater
13:18:10.657 [qtp824248140-21] DEBUG org.eclipse.jetty.server.HttpChannel - sendResponse info=null content=HeapByteBuffer@49d4bba3[p=0,l=1677,c=32768,r=1677]={<<<{"id":"awx","name":"AWX",...,"restrictions":null}]}>>>\x00\x00\x00\x00\x00\x00\x00\x00\x00...\x00\x00\x00\x00\x00\x00\x00} complete=false committing=true callback=Blocker@452fe4bf{null}
13:18:10.658 [qtp824248140-21] DEBUG org.eclipse.jetty.server.HttpChannel - COMMIT for /api/v0/components/provision-adapters/awx on HttpChannelOverHttp@610e7a35{s=HttpChannelState@5275071b{s=HANDLING rs=BLOCKING os=COMMITTED is=READY awp=false se=false i=true al=0},r=2,c=false/false,a=HANDLING,uri=//localhost:8080/api/v0/components/provision-adapters/awx,age=9}
200 null HTTP/1.1
Content-Type: application/json
Matched-Stub-Id: 6e7cff03-5f6c-4a54-a8ee-a7e30bf9466d
Vary: Accept-Encoding, User-Agent


13:18:10.658 [qtp824248140-21] DEBUG org.eclipse.jetty.server.HttpConnection - generate: NEED_HEADER for org.eclipse.jetty.server.HttpConnection$SendCallback@58ca6aa0[PROCESSING][i=HTTP/1.1{s=200,h=3,cl=-1},cb=org.eclipse.jetty.server.HttpChannel$SendCallback@75819c26] (null,[p=0,l=1677,c=32768,r=1677],false)@START
13:18:10.658 [qtp824248140-21] DEBUG org.eclipse.jetty.http.HttpGenerator - generateHeaders HTTP/1.1{s=200,h=3,cl=-1} last=false content=HeapByteBuffer@49d4bba3[p=0,l=1677,c=32768,r=1677]={<<<{"id":"awx","name":"AWX",...,"restrictions":null}]}>>>\x00\x00\x00\x00\x00\x00\x00\x00\x00...\x00\x00\x00\x00\x00\x00\x00}
13:18:10.658 [qtp824248140-21] DEBUG org.eclipse.jetty.http.HttpGenerator - Content-Type: application/json
Matched-Stub-Id: 6e7cff03-5f6c-4a54-a8ee-a7e30bf9466d
Vary: Accept-Encoding, User-Agent


13:18:10.658 [qtp824248140-21] DEBUG org.eclipse.jetty.http.HttpGenerator - CHUNKED_CONTENT
13:18:10.658 [qtp824248140-21] DEBUG org.eclipse.jetty.server.HttpConnection - generate: FLUSH for org.eclipse.jetty.server.HttpConnection$SendCallback@58ca6aa0[PROCESSING][i=HTTP/1.1{s=200,h=3,cl=-1},cb=org.eclipse.jetty.server.HttpChannel$SendCallback@75819c26] ([p=0,l=207,c=8192,r=207],[p=0,l=1677,c=32768,r=1677],false)@COMMITTED
13:18:10.658 [qtp824248140-21] DEBUG org.eclipse.jetty.io.WriteFlusher - write: WriteFlusher@41cc0001{IDLE}->null [HeapByteBuffer@6457bf7d[p=0,l=207,c=8192,r=207]={<<<HTTP/1.1 200 OK\r\nContent-....28.v20200408)\r\n\r\n68D\r\n>>>ogClientA...\x00\x00\x00\x00\x00\x00\x00},HeapByteBuffer@49d4bba3[p=0,l=1677,c=32768,r=1677]={<<<{"id":"awx","name":"AWX",...,"restrictions":null}]}>>>\x00\x00\x00\x00\x00\x00\x00\x00\x00...\x00\x00\x00\x00\x00\x00\x00}]
13:18:10.658 [qtp824248140-21] DEBUG org.eclipse.jetty.io.WriteFlusher - update WriteFlusher@41cc0001{WRITING}->null:IDLE-->WRITING
13:18:10.659 [qtp824248140-21] DEBUG org.eclipse.jetty.io.ChannelEndPoint - flushed 207 NetworkTrafficSocketChannelEndPoint@54884eec{/127.0.0.1:64963<->/127.0.0.1:8080,OPEN,fill=-,flush=W,to=10/30000}{io=0/0,kio=0,kro=1}->HttpConnection@2bcfd4ee[p=HttpParser{s=END,0 of -1},g=HttpGenerator@3da61055{s=COMMITTED}]=>HttpChannelOverHttp@610e7a35{s=HttpChannelState@5275071b{s=HANDLING rs=BLOCKING os=COMMITTED is=READY awp=false se=false i=true al=0},r=2,c=false/false,a=HANDLING,uri=//localhost:8080/api/v0/components/provision-adapters/awx,age=10}
13:18:10.659 [qtp824248140-21] DEBUG org.eclipse.jetty.io.ChannelEndPoint - flushed 1677 NetworkTrafficSocketChannelEndPoint@54884eec{/127.0.0.1:64963<->/127.0.0.1:8080,OPEN,fill=-,flush=W,to=0/30000}{io=0/0,kio=0,kro=1}->HttpConnection@2bcfd4ee[p=HttpParser{s=END,0 of -1},g=HttpGenerator@3da61055{s=COMMITTED}]=>HttpChannelOverHttp@610e7a35{s=HttpChannelState@5275071b{s=HANDLING rs=BLOCKING os=COMMITTED is=READY awp=false se=false i=true al=0},r=2,c=false/false,a=HANDLING,uri=//localhost:8080/api/v0/components/provision-adapters/awx,age=10}
13:18:10.659 [qtp824248140-21] DEBUG org.eclipse.jetty.io.WriteFlusher - Flushed=true written=1884 remaining=0 WriteFlusher@41cc0001{WRITING}->null
13:18:10.659 [qtp824248140-21] DEBUG org.eclipse.jetty.io.WriteFlusher - update WriteFlusher@41cc0001{IDLE}->null:WRITING-->IDLE
13:18:10.659 [qtp824248140-21] DEBUG org.eclipse.jetty.server.HttpConnection - generate: DONE for org.eclipse.jetty.server.HttpConnection$SendCallback@58ca6aa0[PROCESSING][i=HTTP/1.1{s=200,h=3,cl=-1},cb=org.eclipse.jetty.server.HttpChannel$SendCallback@75819c26] ([p=207,l=207,c=8192,r=0],[p=1677,l=1677,c=32768,r=0],false)@COMMITTED
13:18:10.659 [qtp824248140-21] DEBUG org.eclipse.jetty.server.HttpOutput - onWriteComplete(false,null) s=OPEN,api=BLOCKED,sc=false,e=null->s=OPEN,api=BLOCKING,sc=false,e=null c=null cb=null w=false
13:18:10.659 [reactor-http-nio-1] DEBUG reactor.netty.http.client.HttpClientOperations - [id: 0x9c15a5a1, L:/127.0.0.1:64963 - R:localhost/127.0.0.1:8080] Received response (auto-read:false) : [Content-Type=application/json, Matched-Stub-Id=6e7cff03-5f6c-4a54-a8ee-a7e30bf9466d, Vary=Accept-Encoding, User-Agent, Transfer-Encoding=chunked, Server=Jetty(9.4.28.v20200408)]
13:18:10.659 [qtp824248140-21] DEBUG org.eclipse.jetty.server.HttpOutput - close() s=CLOSING,api=BLOCKED,sc=false,e=null c=HeapByteBuffer@137d328[p=0,l=0,c=0,r=0]={<<<>>>} b=Blocker@452fe4bf{null}
13:18:10.660 [qtp824248140-21] DEBUG org.eclipse.jetty.server.HttpChannel - sendResponse info=null content=HeapByteBuffer@137d328[p=0,l=0,c=0,r=0]={<<<>>>} complete=true committing=false callback=Blocker@452fe4bf{null}
13:18:10.660 [reactor-http-nio-1] DEBUG reactor.netty.resources.PooledConnectionProvider - [id: 0x9c15a5a1, L:/127.0.0.1:64963 - R:localhost/127.0.0.1:8080] onStateChange(GET{uri=/api/v0/components/provision-adapters/awx, connection=PooledConnection{channel=[id: 0x9c15a5a1, L:/127.0.0.1:64963 - R:localhost/127.0.0.1:8080]}}, [response_received])
13:18:10.660 [qtp824248140-21] DEBUG org.eclipse.jetty.server.HttpConnection - generate: CONTINUE for org.eclipse.jetty.server.HttpConnection$SendCallback@58ca6aa0[PROCESSING][i=null,cb=org.eclipse.jetty.server.HttpChannel$SendCallback@57584784] (null,[p=0,l=0,c=0,r=0],true)@COMPLETING
13:18:10.660 [qtp824248140-21] DEBUG org.eclipse.jetty.server.HttpConnection - generate: NEED_CHUNK for org.eclipse.jetty.server.HttpConnection$SendCallback@58ca6aa0[PROCESSING][i=null,cb=org.eclipse.jetty.server.HttpChannel$SendCallback@57584784] (null,[p=0,l=0,c=0,r=0],true)@COMPLETING
13:18:10.660 [reactor-http-nio-1] DEBUG org.springframework.web.reactive.function.client.ExchangeFunctions - [5f1f40fb] Response 200 OK
13:18:10.660 [qtp824248140-21] DEBUG org.eclipse.jetty.server.HttpConnection - generate: FLUSH for org.eclipse.jetty.server.HttpConnection$SendCallback@58ca6aa0[PROCESSING][i=null,cb=org.eclipse.jetty.server.HttpChannel$SendCallback@57584784] (null,[p=0,l=0,c=0,r=0],true)@COMPLETING
13:18:10.660 [qtp824248140-21] DEBUG org.eclipse.jetty.io.WriteFlusher - write: WriteFlusher@41cc0001{IDLE}->null [HeapByteBuffer@29acffbb[p=0,l=7,c=1024,r=7]={<<<\r\n0\r\n\r\n>>>\x00\x00\x00\x00\x00\x00\x00\x00\x00...\x00\x00\x00\x00\x00\x00\x00}]
13:18:10.660 [qtp824248140-21] DEBUG org.eclipse.jetty.io.WriteFlusher - update WriteFlusher@41cc0001{WRITING}->null:IDLE-->WRITING
13:18:10.660 [qtp824248140-21] DEBUG org.eclipse.jetty.io.ChannelEndPoint - flushed 7 NetworkTrafficSocketChannelEndPoint@54884eec{/127.0.0.1:64963<->/127.0.0.1:8080,OPEN,fill=-,flush=W,to=0/30000}{io=0/0,kio=0,kro=1}->HttpConnection@2bcfd4ee[p=HttpParser{s=END,0 of -1},g=HttpGenerator@3da61055{s=COMPLETING}]=>HttpChannelOverHttp@610e7a35{s=HttpChannelState@5275071b{s=HANDLING rs=BLOCKING os=COMMITTED is=READY awp=false se=false i=true al=0},r=2,c=false/false,a=HANDLING,uri=//localhost:8080/api/v0/components/provision-adapters/awx,age=11}
13:18:10.660 [qtp824248140-21] DEBUG org.eclipse.jetty.io.WriteFlusher - Flushed=true written=7 remaining=0 WriteFlusher@41cc0001{WRITING}->null
13:18:10.660 [qtp824248140-21] DEBUG org.eclipse.jetty.io.WriteFlusher - update WriteFlusher@41cc0001{IDLE}->null:WRITING-->IDLE
13:18:10.660 [qtp824248140-21] DEBUG org.eclipse.jetty.server.HttpConnection - generate: DONE for org.eclipse.jetty.server.HttpConnection$SendCallback@58ca6aa0[PROCESSING][i=null,cb=org.eclipse.jetty.server.HttpChannel$SendCallback@57584784] (null,[p=0,l=0,c=0,r=0],true)@END
13:18:10.660 [qtp824248140-21] DEBUG org.eclipse.jetty.server.HttpOutput - onWriteComplete(true,null) s=CLOSING,api=BLOCKED,sc=false,e=null->s=CLOSED,api=BLOCKING,sc=false,e=null c=null cb=null w=false
13:18:10.661 [qtp824248140-21] DEBUG org.eclipse.jetty.server.Server - handled=true async=false committed=true on HttpChannelOverHttp@610e7a35{s=HttpChannelState@5275071b{s=HANDLING rs=BLOCKING os=COMPLETED is=READY awp=false se=false i=true al=0},r=2,c=false/true,a=HANDLING,uri=//localhost:8080/api/v0/components/provision-adapters/awx,age=12}
13:18:10.661 [qtp824248140-21] DEBUG org.eclipse.jetty.server.HttpChannelState - unhandle HttpChannelState@5275071b{s=HANDLING rs=BLOCKING os=COMPLETED is=READY awp=false se=false i=true al=0}
13:18:10.661 [qtp824248140-21] DEBUG org.eclipse.jetty.server.HttpChannelState - nextAction(false) COMPLETE HttpChannelState@5275071b{s=HANDLING rs=COMPLETING os=COMPLETED is=READY awp=false se=false i=false al=0}
13:18:10.661 [qtp824248140-21] DEBUG org.eclipse.jetty.server.HttpChannel - action COMPLETE HttpChannelOverHttp@610e7a35{s=HttpChannelState@5275071b{s=HANDLING rs=COMPLETING os=COMPLETED is=READY awp=false se=false i=false al=0},r=2,c=false/true,a=HANDLING,uri=//localhost:8080/api/v0/components/provision-adapters/awx,age=12}
13:18:10.661 [qtp824248140-21] DEBUG org.eclipse.jetty.server.HttpOutput - complete(org.eclipse.jetty.util.Callback$4@194a0754) s=CLOSED,api=BLOCKING,sc=false,e=null s=true e=null, c=null
13:18:10.661 [qtp824248140-21] DEBUG org.eclipse.jetty.server.HttpChannelState - completed HttpChannelState@5275071b{s=HANDLING rs=COMPLETING os=COMPLETED is=READY awp=false se=false i=false al=0}
13:18:10.661 [qtp824248140-21] DEBUG org.eclipse.jetty.server.HttpChannelState - unhandle HttpChannelState@5275071b{s=HANDLING rs=COMPLETED os=COMPLETED is=READY awp=false se=false i=false al=0}
13:18:10.661 [qtp824248140-21] DEBUG org.eclipse.jetty.server.HttpChannelState - nextAction(false) TERMINATED HttpChannelState@5275071b{s=IDLE rs=COMPLETED os=COMPLETED is=READY awp=false se=false i=false al=0}
13:18:10.661 [qtp824248140-21] DEBUG org.eclipse.jetty.server.HttpChannel - action TERMINATED HttpChannelOverHttp@610e7a35{s=HttpChannelState@5275071b{s=IDLE rs=COMPLETED os=COMPLETED is=READY awp=false se=false i=false al=0},r=2,c=true/true,a=IDLE,uri=//localhost:8080/api/v0/components/provision-adapters/awx,age=12}
13:18:10.661 [qtp824248140-21] DEBUG org.eclipse.jetty.server.HttpChannel - onCompleted for /api/v0/components/provision-adapters/awx written=1677
13:18:10.661 [qtp824248140-21] DEBUG org.eclipse.jetty.server.HttpChannelState - recycle HttpChannelState@5275071b{s=IDLE rs=COMPLETED os=COMPLETED is=READY awp=false se=false i=false al=0}
13:18:10.661 [qtp824248140-21] DEBUG org.eclipse.jetty.http.HttpParser - reset HttpParser{s=END,0 of -1}
13:18:10.661 [qtp824248140-21] DEBUG org.eclipse.jetty.http.HttpParser - END --> START
13:18:10.661 [qtp824248140-21] DEBUG org.eclipse.jetty.server.HttpChannel - !handle TERMINATED HttpChannelOverHttp@610e7a35{s=HttpChannelState@5275071b{s=IDLE rs=BLOCKING os=OPEN is=IDLE awp=false se=false i=true al=0},r=2,c=false/false,a=IDLE,uri=null,age=0}
13:18:10.661 [qtp824248140-21] DEBUG org.eclipse.jetty.io.ChannelEndPoint - filled 0 HeapByteBuffer@6457bf7d[p=0,l=0,c=8192,r=0]={<<<>>>HTTP/1.1 ...\x00\x00\x00\x00\x00\x00\x00}
13:18:10.661 [qtp824248140-21] DEBUG org.eclipse.jetty.io.ChannelEndPoint - filled 0 HeapByteBuffer@6457bf7d[p=0,l=0,c=8192,r=0]={<<<>>>HTTP/1.1 ...\x00\x00\x00\x00\x00\x00\x00}
13:18:10.662 [qtp824248140-21] DEBUG org.eclipse.jetty.server.HttpConnection - HttpConnection@2bcfd4ee::NetworkTrafficSocketChannelEndPoint@54884eec{/127.0.0.1:64963<->/127.0.0.1:8080,OPEN,fill=-,flush=-,to=1/30000}{io=0/0,kio=0,kro=1}->HttpConnection@2bcfd4ee[p=HttpParser{s=START,0 of -1},g=HttpGenerator@3da61055{s=START}]=>HttpChannelOverHttp@610e7a35{s=HttpChannelState@5275071b{s=IDLE rs=BLOCKING os=OPEN is=IDLE awp=false se=false i=true al=0},r=2,c=false/false,a=IDLE,uri=null,age=0} filled 0 HeapByteBuffer@6457bf7d[p=0,l=0,c=8192,r=0]={<<<>>>HTTP/1.1 ...\x00\x00\x00\x00\x00\x00\x00}
13:18:10.662 [qtp824248140-21] DEBUG org.eclipse.jetty.server.HttpConnection - HttpConnection@2bcfd4ee::NetworkTrafficSocketChannelEndPoint@54884eec{/127.0.0.1:64963<->/127.0.0.1:8080,OPEN,fill=-,flush=-,to=1/30000}{io=0/0,kio=0,kro=1}->HttpConnection@2bcfd4ee[p=HttpParser{s=START,0 of -1},g=HttpGenerator@3da61055{s=START}]=>HttpChannelOverHttp@610e7a35{s=HttpChannelState@5275071b{s=IDLE rs=BLOCKING os=OPEN is=IDLE awp=false se=false i=true al=0},r=2,c=false/false,a=IDLE,uri=null,age=0} parse HeapByteBuffer@6457bf7d[p=0,l=0,c=8192,r=0]={<<<>>>HTTP/1.1 ...\x00\x00\x00\x00\x00\x00\x00} {}
13:18:10.662 [reactor-http-nio-1] DEBUG reactor.netty.channel.FluxReceive - [id: 0x9c15a5a1, L:/127.0.0.1:64963 - R:localhost/127.0.0.1:8080] Subscribing inbound receiver [pending: 0, cancelled:false, inboundDone: false]
13:18:10.662 [qtp824248140-21] DEBUG org.eclipse.jetty.http.HttpParser - parseNext s=START HeapByteBuffer@6457bf7d[p=0,l=0,c=8192,r=0]={<<<>>>HTTP/1.1 ...\x00\x00\x00\x00\x00\x00\x00}
13:18:10.662 [qtp824248140-21] DEBUG org.eclipse.jetty.server.HttpConnection - HttpConnection@2bcfd4ee::NetworkTrafficSocketChannelEndPoint@54884eec{/127.0.0.1:64963<->/127.0.0.1:8080,OPEN,fill=-,flush=-,to=1/30000}{io=0/0,kio=0,kro=1}->HttpConnection@2bcfd4ee[p=HttpParser{s=START,0 of -1},g=HttpGenerator@3da61055{s=START}]=>HttpChannelOverHttp@610e7a35{s=HttpChannelState@5275071b{s=IDLE rs=BLOCKING os=OPEN is=IDLE awp=false se=false i=true al=0},r=2,c=false/false,a=IDLE,uri=null,age=0} parsed false HttpParser{s=START,0 of -1}
13:18:10.663 [qtp824248140-21] DEBUG org.eclipse.jetty.server.HttpConnection - releaseRequestBuffer HttpConnection@2bcfd4ee::NetworkTrafficSocketChannelEndPoint@54884eec{/127.0.0.1:64963<->/127.0.0.1:8080,OPEN,fill=-,flush=-,to=1/30000}{io=0/0,kio=0,kro=1}->HttpConnection@2bcfd4ee[p=HttpParser{s=START,0 of -1},g=HttpGenerator@3da61055{s=START}]=>HttpChannelOverHttp@610e7a35{s=HttpChannelState@5275071b{s=IDLE rs=BLOCKING os=OPEN is=IDLE awp=false se=false i=true al=0},r=2,c=false/false,a=IDLE,uri=null,age=0}
13:18:10.663 [qtp824248140-21] DEBUG org.eclipse.jetty.io.AbstractConnection - fillInterested HttpConnection@2bcfd4ee::NetworkTrafficSocketChannelEndPoint@54884eec{/127.0.0.1:64963<->/127.0.0.1:8080,OPEN,fill=-,flush=-,to=2/30000}{io=0/0,kio=0,kro=1}->HttpConnection@2bcfd4ee[p=HttpParser{s=START,0 of -1},g=HttpGenerator@3da61055{s=START}]=>HttpChannelOverHttp@610e7a35{s=HttpChannelState@5275071b{s=IDLE rs=BLOCKING os=OPEN is=IDLE awp=false se=false i=true al=0},r=2,c=false/false,a=IDLE,uri=null,age=0}
13:18:10.663 [qtp824248140-21] DEBUG org.eclipse.jetty.io.FillInterest - interested FillInterest@2feb1a06{AC.ReadCB@2bcfd4ee{HttpConnection@2bcfd4ee::NetworkTrafficSocketChannelEndPoint@54884eec{/127.0.0.1:64963<->/127.0.0.1:8080,OPEN,fill=FI,flush=-,to=0/30000}{io=0/0,kio=0,kro=1}->HttpConnection@2bcfd4ee[p=HttpParser{s=START,0 of -1},g=HttpGenerator@3da61055{s=START}]=>HttpChannelOverHttp@610e7a35{s=HttpChannelState@5275071b{s=IDLE rs=BLOCKING os=OPEN is=IDLE awp=false se=false i=true al=0},r=2,c=false/false,a=IDLE,uri=null,age=0}}}
13:18:10.663 [qtp824248140-21] DEBUG org.eclipse.jetty.io.ChannelEndPoint - changeInterests p=false 0->1 for NetworkTrafficSocketChannelEndPoint@54884eec{/127.0.0.1:64963<->/127.0.0.1:8080,OPEN,fill=FI,flush=-,to=0/30000}{io=0/1,kio=0,kro=1}->HttpConnection@2bcfd4ee[p=HttpParser{s=START,0 of -1},g=HttpGenerator@3da61055{s=START}]=>HttpChannelOverHttp@610e7a35{s=HttpChannelState@5275071b{s=IDLE rs=BLOCKING os=OPEN is=IDLE awp=false se=false i=true al=0},r=2,c=false/false,a=IDLE,uri=null,age=0}
13:18:10.664 [qtp824248140-21] DEBUG org.eclipse.jetty.io.ManagedSelector - Queued change org.eclipse.jetty.io.ChannelEndPoint$1@555c9d3f on ManagedSelector@19f48377{STARTED} id=0 keys=1 selected=0 updates=0
13:18:10.664 [qtp824248140-21] DEBUG org.eclipse.jetty.io.ManagedSelector - Wakeup on submit ManagedSelector@19f48377{STARTED} id=0 keys=1 selected=0 updates=1
13:18:10.664 [qtp824248140-21] DEBUG org.eclipse.jetty.server.HttpConnection - HttpConnection@2bcfd4ee::NetworkTrafficSocketChannelEndPoint@54884eec{/127.0.0.1:64963<->/127.0.0.1:8080,OPEN,fill=FI,flush=-,to=0/30000}{io=0/1,kio=0,kro=1}->HttpConnection@2bcfd4ee[p=HttpParser{s=START,0 of -1},g=HttpGenerator@3da61055{s=START}]=>HttpChannelOverHttp@610e7a35{s=HttpChannelState@5275071b{s=IDLE rs=BLOCKING os=OPEN is=IDLE awp=false se=false i=true al=0},r=2,c=false/false,a=IDLE,uri=null,age=0} onFillable exit HttpChannelState@5275071b{s=IDLE rs=BLOCKING os=OPEN is=IDLE awp=false se=false i=true al=0} null
13:18:10.664 [qtp824248140-21] DEBUG org.eclipse.jetty.util.thread.ReservedThreadExecutor - ReservedThreadExecutor@238f6469{s=1/1,p=0}@a53c6a3 size 1 > capacity
13:18:10.664 [qtp824248140-21] DEBUG org.eclipse.jetty.util.thread.QueuedThreadPool - ran ReservedThreadExecutor@238f6469{s=1/1,p=0}@a53c6a3 in QueuedThreadPool[qtp824248140]@3121074c{STARTED,8<=8<=14,i=1,r=1,q=0}[ReservedThreadExecutor@238f6469{s=1/1,p=0}]
13:18:10.664 [qtp824248140-20] DEBUG org.eclipse.jetty.io.ManagedSelector - Selector sun.nio.ch.WindowsSelectorImpl@6fac80d8 woken with none selected
13:18:10.665 [qtp824248140-20] DEBUG org.eclipse.jetty.io.ManagedSelector - Selector sun.nio.ch.WindowsSelectorImpl@6fac80d8 woken up from select, 0/0/1 selected
13:18:10.665 [qtp824248140-20] DEBUG org.eclipse.jetty.io.ManagedSelector - Selector sun.nio.ch.WindowsSelectorImpl@6fac80d8 processing 0 keys, 1 updates
13:18:10.665 [qtp824248140-20] DEBUG org.eclipse.jetty.io.ManagedSelector - updateable 1
13:18:10.665 [qtp824248140-20] DEBUG org.eclipse.jetty.io.ManagedSelector - update org.eclipse.jetty.io.ChannelEndPoint$1@555c9d3f
13:18:10.665 [qtp824248140-20] DEBUG org.eclipse.jetty.io.ChannelEndPoint - Key interests updated 0 -> 1 on NetworkTrafficSocketChannelEndPoint@54884eec{/127.0.0.1:64963<->/127.0.0.1:8080,OPEN,fill=FI,flush=-,to=1/30000}{io=1/1,kio=1,kro=1}->HttpConnection@2bcfd4ee[p=HttpParser{s=START,0 of -1},g=HttpGenerator@3da61055{s=START}]=>HttpChannelOverHttp@610e7a35{s=HttpChannelState@5275071b{s=IDLE rs=BLOCKING os=OPEN is=IDLE awp=false se=false i=true al=0},r=2,c=false/false,a=IDLE,uri=null,age=0}
13:18:10.665 [qtp824248140-20] DEBUG org.eclipse.jetty.io.ManagedSelector - updates 0
13:18:10.665 [qtp824248140-20] DEBUG org.eclipse.jetty.io.ManagedSelector - Selector sun.nio.ch.WindowsSelectorImpl@6fac80d8 waiting with 1 keys
13:18:10.672 [reactor-http-nio-1] DEBUG reactor.netty.http.client.HttpClientOperations - [id: 0x9c15a5a1, L:/127.0.0.1:64963 - R:localhost/127.0.0.1:8080] Received last HTTP packet
13:18:11.061 [reactor-http-nio-1] DEBUG org.springframework.http.codec.json.Jackson2JsonDecoder - [5f1f40fb] Decoded [ProvisionAdapterResponse(id=awx, name=AWX, deleted=false, type=REST, parameters={provisionAdapterUrl (truncated)...]
13:18:11.168 [reactor-http-nio-1] DEBUG reactor.netty.resources.PooledConnectionProvider - [id: 0x9c15a5a1, L:/127.0.0.1:64963 - R:localhost/127.0.0.1:8080] onStateChange(GET{uri=/api/v0/components/provision-adapters/awx, connection=PooledConnection{channel=[id: 0x9c15a5a1, L:/127.0.0.1:64963 - R:localhost/127.0.0.1:8080]}}, [response_completed])
13:18:11.168 [reactor-http-nio-1] DEBUG reactor.netty.ReactorNetty - [id: 0x9c15a5a1, L:/127.0.0.1:64963 - R:localhost/127.0.0.1:8080] Removed handler: ReadTimeoutHandler, pipeline: DefaultChannelPipeline{(reactor.left.httpCodec = io.netty.handler.codec.http.HttpClientCodec), (WriteTimeoutHandler = io.netty.handler.timeout.WriteTimeoutHandler), (reactor.right.reactiveBridge = reactor.netty.channel.ChannelOperationsHandler)}
13:18:11.168 [reactor-http-nio-1] DEBUG reactor.netty.ReactorNetty - [id: 0x9c15a5a1, L:/127.0.0.1:64963 - R:localhost/127.0.0.1:8080] Removed handler: WriteTimeoutHandler, pipeline: DefaultChannelPipeline{(reactor.left.httpCodec = io.netty.handler.codec.http.HttpClientCodec), (reactor.right.reactiveBridge = reactor.netty.channel.ChannelOperationsHandler)}
13:18:11.168 [reactor-http-nio-1] DEBUG reactor.netty.resources.PooledConnectionProvider - [id: 0x9c15a5a1, L:/127.0.0.1:64963 - R:localhost/127.0.0.1:8080] onStateChange(GET{uri=/api/v0/components/provision-adapters/awx, connection=PooledConnection{channel=[id: 0x9c15a5a1, L:/127.0.0.1:64963 - R:localhost/127.0.0.1:8080]}}, [disconnecting])
13:18:11.168 [reactor-http-nio-1] DEBUG reactor.netty.resources.PooledConnectionProvider - [id: 0x9c15a5a1, L:/127.0.0.1:64963 - R:localhost/127.0.0.1:8080] Releasing channel
13:18:11.169 [reactor-http-nio-1] DEBUG reactor.netty.resources.PooledConnectionProvider - [id: 0x9c15a5a1, L:/127.0.0.1:64963 - R:localhost/127.0.0.1:8080] Channel cleaned, now 0 active connections and 2 inactive connections
13:18:11.206 [Test worker] DEBUG org.apache.http.impl.conn.PoolingHttpClientConnectionManager - Connection request: [route: {}->http://localhost:8080][total available: 1; route allocated: 1 of 5; total allocated: 1 of 50]
13:18:11.208 [Test worker] DEBUG org.apache.http.wire - http-outgoing-0 << "[read] I/O error: Read timed out"
13:18:11.208 [Test worker] DEBUG org.apache.http.impl.conn.PoolingHttpClientConnectionManager - Connection leased: [id: 0][route: {}->http://localhost:8080][total available: 0; route allocated: 1 of 5; total allocated: 1 of 50]
13:18:11.208 [Test worker] DEBUG org.apache.http.impl.conn.DefaultManagedHttpClientConnection - http-outgoing-0: set socket timeout to 30000
13:18:11.208 [Test worker] DEBUG org.apache.http.impl.execchain.MainClientExec - Stale connection check
13:18:11.210 [Test worker] DEBUG org.apache.http.wire - http-outgoing-0 << "[read] I/O error: Read timed out"
13:18:11.210 [Test worker] DEBUG org.apache.http.impl.execchain.MainClientExec - Executing request POST /__admin/requests/count HTTP/1.1
13:18:11.210 [Test worker] DEBUG org.apache.http.impl.execchain.MainClientExec - Target auth state: UNCHALLENGED
13:18:11.210 [Test worker] DEBUG org.apache.http.impl.execchain.MainClientExec - Proxy auth state: UNCHALLENGED
13:18:11.211 [Test worker] DEBUG org.apache.http.headers - http-outgoing-0 >> POST /__admin/requests/count HTTP/1.1
13:18:11.211 [Test worker] DEBUG org.apache.http.headers - http-outgoing-0 >> Content-Length: 86
13:18:11.211 [Test worker] DEBUG org.apache.http.headers - http-outgoing-0 >> Content-Type: text/plain; charset=UTF-8
13:18:11.211 [Test worker] DEBUG org.apache.http.headers - http-outgoing-0 >> Host: localhost:8080
13:18:11.211 [Test worker] DEBUG org.apache.http.headers - http-outgoing-0 >> Connection: Keep-Alive
13:18:11.211 [Test worker] DEBUG org.apache.http.headers - http-outgoing-0 >> User-Agent: Apache-HttpClient/4.5.12 (Java/11.0.2)
13:18:11.211 [Test worker] DEBUG org.apache.http.wire - http-outgoing-0 >> "POST /__admin/requests/count HTTP/1.1[\r][\n]"
13:18:11.211 [Test worker] DEBUG org.apache.http.wire - http-outgoing-0 >> "Content-Length: 86[\r][\n]"
13:18:11.211 [Test worker] DEBUG org.apache.http.wire - http-outgoing-0 >> "Content-Type: text/plain; charset=UTF-8[\r][\n]"
13:18:11.211 [Test worker] DEBUG org.apache.http.wire - http-outgoing-0 >> "Host: localhost:8080[\r][\n]"
13:18:11.211 [Test worker] DEBUG org.apache.http.wire - http-outgoing-0 >> "Connection: Keep-Alive[\r][\n]"
13:18:11.211 [Test worker] DEBUG org.apache.http.wire - http-outgoing-0 >> "User-Agent: Apache-HttpClient/4.5.12 (Java/11.0.2)[\r][\n]"
13:18:11.211 [Test worker] DEBUG org.apache.http.wire - http-outgoing-0 >> "[\r][\n]"
13:18:11.211 [Test worker] DEBUG org.apache.http.wire - http-outgoing-0 >> "{[\r][\n]"
13:18:11.211 [Test worker] DEBUG org.apache.http.wire - http-outgoing-0 >> "  "url" : "/api/v0/components/provision-adapters/{adapter}",[\r][\n]"
13:18:11.211 [Test worker] DEBUG org.apache.http.wire - http-outgoing-0 >> "  "method" : "GET"[\r][\n]"
13:18:11.211 [Test worker] DEBUG org.apache.http.wire - http-outgoing-0 >> "}"
13:18:11.211 [qtp824248140-24] DEBUG org.eclipse.jetty.io.ManagedSelector - Selector sun.nio.ch.WindowsSelectorImpl@79f2d02e woken up from select, 1/1/2 selected
13:18:11.211 [qtp824248140-24] DEBUG org.eclipse.jetty.io.ManagedSelector - Selector sun.nio.ch.WindowsSelectorImpl@79f2d02e processing 1 keys, 0 updates
13:18:11.212 [qtp824248140-24] DEBUG org.eclipse.jetty.io.ManagedSelector - selected 1 channel=java.nio.channels.SocketChannel[connected local=/127.0.0.1:8080 remote=/127.0.0.1:64952], selector=sun.nio.ch.WindowsSelectorImpl@79f2d02e, interestOps=1, readyOps=1 NetworkTrafficSocketChannelEndPoint@5c83d21{/127.0.0.1:64952<->/127.0.0.1:8080,OPEN,fill=FI,flush=-,to=6730/30000}{io=1/1,kio=1,kro=1}->HttpConnection@6d895b6e[p=HttpParser{s=START,0 of -1},g=HttpGenerator@54c679a9{s=START}]=>HttpChannelOverHttp@4adcbb1c{s=HttpChannelState@131607a{s=IDLE rs=BLOCKING os=OPEN is=IDLE awp=false se=false i=true al=0},r=3,c=false/false,a=IDLE,uri=null,age=0} 
13:18:11.212 [qtp824248140-24] DEBUG org.eclipse.jetty.io.ChannelEndPoint - onSelected 1->0 r=true w=false for NetworkTrafficSocketChannelEndPoint@5c83d21{/127.0.0.1:64952<->/127.0.0.1:8080,OPEN,fill=FI,flush=-,to=6731/30000}{io=1/0,kio=1,kro=1}->HttpConnection@6d895b6e[p=HttpParser{s=START,0 of -1},g=HttpGenerator@54c679a9{s=START}]=>HttpChannelOverHttp@4adcbb1c{s=HttpChannelState@131607a{s=IDLE rs=BLOCKING os=OPEN is=IDLE awp=false se=false i=true al=0},r=3,c=false/false,a=IDLE,uri=null,age=0}
13:18:11.212 [qtp824248140-24] DEBUG org.eclipse.jetty.io.ChannelEndPoint - task CEP:NetworkTrafficSocketChannelEndPoint@5c83d21{/127.0.0.1:64952<->/127.0.0.1:8080,OPEN,fill=FI,flush=-,to=6731/30000}{io=1/0,kio=1,kro=1}->HttpConnection@6d895b6e[p=HttpParser{s=START,0 of -1},g=HttpGenerator@54c679a9{s=START}]=>HttpChannelOverHttp@4adcbb1c{s=HttpChannelState@131607a{s=IDLE rs=BLOCKING os=OPEN is=IDLE awp=false se=false i=true al=0},r=3,c=false/false,a=IDLE,uri=null,age=0}:runFillable:BLOCKING
13:18:11.212 [qtp824248140-24] DEBUG org.eclipse.jetty.util.thread.ReservedThreadExecutor - ReservedThreadExecutor@238f6469{s=1/1,p=0} tryExecute EatWhatYouKill@36d30a44/SelectorProducer@a77e489/REPRODUCING/p=false/QueuedThreadPool[qtp824248140]@3121074c{STARTED,8<=8<=14,i=2,r=1,q=0}[ReservedThreadExecutor@238f6469{s=1/1,p=0}][pc=0,pic=0,pec=1,epc=3]@2020-09-25T13:18:11.2124622+02:00
13:18:11.213 [qtp824248140-24] DEBUG org.eclipse.jetty.util.thread.ReservedThreadExecutor - ReservedThreadExecutor@238f6469{s=0/1,p=0}@7058916b offer EatWhatYouKill@36d30a44/SelectorProducer@a77e489/REPRODUCING/p=false/QueuedThreadPool[qtp824248140]@3121074c{STARTED,8<=8<=14,i=2,r=1,q=0}[ReservedThreadExecutor@238f6469{s=0/1,p=0}][pc=0,pic=0,pec=1,epc=3]@2020-09-25T13:18:11.2134623+02:00
13:18:11.214 [qtp824248140-24] DEBUG org.eclipse.jetty.util.thread.ReservedThreadExecutor - ReservedThreadExecutor@238f6469{s=0/1,p=1} startReservedThread p=1
13:18:11.214 [qtp824248140-24] DEBUG org.eclipse.jetty.util.thread.QueuedThreadPool - queue ReservedThreadExecutor@238f6469{s=0/1,p=1}@6aefd6e0 startThread=0
13:18:11.215 [qtp824248140-24] DEBUG org.eclipse.jetty.util.thread.strategy.EatWhatYouKill - EatWhatYouKill@36d30a44/SelectorProducer@a77e489/IDLE/p=true/QueuedThreadPool[qtp824248140]@3121074c{STARTED,8<=8<=14,i=1,r=1,q=0}[ReservedThreadExecutor@238f6469{s=0/1,p=1}][pc=0,pic=0,pec=1,epc=3]@2020-09-25T13:18:11.2144608+02:00 m=EXECUTE_PRODUCE_CONSUME t=CEP:NetworkTrafficSocketChannelEndPoint@5c83d21{/127.0.0.1:64952<->/127.0.0.1:8080,OPEN,fill=FI,flush=-,to=6734/30000}{io=1/0,kio=1,kro=1}->HttpConnection@6d895b6e[p=HttpParser{s=START,0 of -1},g=HttpGenerator@54c679a9{s=START}]=>HttpChannelOverHttp@4adcbb1c{s=HttpChannelState@131607a{s=IDLE rs=BLOCKING os=OPEN is=IDLE awp=false se=false i=true al=0},r=3,c=false/false,a=IDLE,uri=null,age=0}:runFillable:BLOCKING/BLOCKING
13:18:11.216 [qtp824248140-24] DEBUG org.eclipse.jetty.io.FillInterest - fillable FillInterest@73330a74{AC.ReadCB@6d895b6e{HttpConnection@6d895b6e::NetworkTrafficSocketChannelEndPoint@5c83d21{/127.0.0.1:64952<->/127.0.0.1:8080,OPEN,fill=FI,flush=-,to=6734/30000}{io=1/0,kio=1,kro=1}->HttpConnection@6d895b6e[p=HttpParser{s=START,0 of -1},g=HttpGenerator@54c679a9{s=START}]=>HttpChannelOverHttp@4adcbb1c{s=HttpChannelState@131607a{s=IDLE rs=BLOCKING os=OPEN is=IDLE awp=false se=false i=true al=0},r=3,c=false/false,a=IDLE,uri=null,age=0}}}
13:18:11.216 [qtp824248140-24] DEBUG org.eclipse.jetty.server.HttpConnection - HttpConnection@6d895b6e::NetworkTrafficSocketChannelEndPoint@5c83d21{/127.0.0.1:64952<->/127.0.0.1:8080,OPEN,fill=-,flush=-,to=6735/30000}{io=1/0,kio=1,kro=1}->HttpConnection@6d895b6e[p=HttpParser{s=START,0 of -1},g=HttpGenerator@54c679a9{s=START}]=>HttpChannelOverHttp@4adcbb1c{s=HttpChannelState@131607a{s=IDLE rs=BLOCKING os=OPEN is=IDLE awp=false se=false i=true al=0},r=3,c=false/false,a=IDLE,uri=null,age=0} onFillable enter HttpChannelState@131607a{s=IDLE rs=BLOCKING os=OPEN is=IDLE awp=false se=false i=true al=0} null
13:18:11.216 [qtp824248140-24] DEBUG org.eclipse.jetty.io.ChannelEndPoint - filled 286 HeapByteBuffer@6457bf7d[p=0,l=286,c=8192,r=286]={<<<POST /__admin/requests/co...\r\n  "method" : "GET"\r\n}>>>/componen...\x00\x00\x00\x00\x00\x00\x00}
13:18:11.216 [qtp824248140-24] DEBUG org.eclipse.jetty.server.HttpConnection - HttpConnection@6d895b6e::NetworkTrafficSocketChannelEndPoint@5c83d21{/127.0.0.1:64952<->/127.0.0.1:8080,OPEN,fill=-,flush=-,to=0/30000}{io=1/0,kio=1,kro=1}->HttpConnection@6d895b6e[p=HttpParser{s=START,0 of -1},g=HttpGenerator@54c679a9{s=START}]=>HttpChannelOverHttp@4adcbb1c{s=HttpChannelState@131607a{s=IDLE rs=BLOCKING os=OPEN is=IDLE awp=false se=false i=true al=0},r=3,c=false/false,a=IDLE,uri=null,age=0} filled 286 HeapByteBuffer@6457bf7d[p=0,l=286,c=8192,r=286]={<<<POST /__admin/requests/co...\r\n  "method" : "GET"\r\n}>>>/componen...\x00\x00\x00\x00\x00\x00\x00}
13:18:11.217 [qtp824248140-24] DEBUG org.eclipse.jetty.server.HttpConnection - HttpConnection@6d895b6e::NetworkTrafficSocketChannelEndPoint@5c83d21{/127.0.0.1:64952<->/127.0.0.1:8080,OPEN,fill=-,flush=-,to=0/30000}{io=1/0,kio=1,kro=1}->HttpConnection@6d895b6e[p=HttpParser{s=START,0 of -1},g=HttpGenerator@54c679a9{s=START}]=>HttpChannelOverHttp@4adcbb1c{s=HttpChannelState@131607a{s=IDLE rs=BLOCKING os=OPEN is=IDLE awp=false se=false i=true al=0},r=3,c=false/false,a=IDLE,uri=null,age=0} parse HeapByteBuffer@6457bf7d[p=0,l=286,c=8192,r=286]={<<<POST /__admin/requests/co...\r\n  "method" : "GET"\r\n}>>>/componen...\x00\x00\x00\x00\x00\x00\x00} {}
13:18:11.217 [qtp824248140-24] DEBUG org.eclipse.jetty.http.HttpParser - parseNext s=START HeapByteBuffer@6457bf7d[p=0,l=286,c=8192,r=286]={<<<POST /__admin/requests/co...\r\n  "method" : "GET"\r\n}>>>/componen...\x00\x00\x00\x00\x00\x00\x00}
13:18:11.217 [qtp824248140-24] DEBUG org.eclipse.jetty.http.HttpParser - START --> SPACE1
13:18:11.217 [qtp824248140-24] DEBUG org.eclipse.jetty.http.HttpParser - SPACE1 --> URI
13:18:11.217 [qtp824248140-24] DEBUG org.eclipse.jetty.http.HttpParser - URI --> SPACE2
13:18:11.217 [qtp824248140-24] DEBUG org.eclipse.jetty.http.HttpParser - SPACE2 --> REQUEST_VERSION
13:18:11.217 [qtp824248140-24] DEBUG org.eclipse.jetty.http.HttpParser - REQUEST_VERSION --> HEADER
13:18:11.217 [qtp824248140-24] DEBUG org.eclipse.jetty.http.HttpParser - HEADER:Content-Length --> VALUE
13:18:11.217 [qtp824248140-24] DEBUG org.eclipse.jetty.http.HttpParser - HEADER:Content-Length --> IN_VALUE
13:18:11.217 [qtp824248140-24] DEBUG org.eclipse.jetty.http.HttpParser - HEADER:Content-Length --> FIELD
13:18:11.217 [qtp824248140-24] DEBUG org.eclipse.jetty.http.HttpParser - HEADER:Content-Type: text/plain; charset=UTF-8 --> IN_VALUE
13:18:11.217 [qtp824248140-24] DEBUG org.eclipse.jetty.http.HttpParser - HEADER:Content-Type: text/plain; charset=UTF-8 --> FIELD
13:18:11.217 [qtp824248140-24] DEBUG org.eclipse.jetty.http.HttpParser - HEADER:Host: localhost:8080 --> IN_VALUE
13:18:11.217 [qtp824248140-24] DEBUG org.eclipse.jetty.http.HttpParser - HEADER:Host: localhost:8080 --> FIELD
13:18:11.217 [qtp824248140-24] DEBUG org.eclipse.jetty.http.HttpParser - HEADER:Connection: keep-alive --> IN_VALUE
13:18:11.217 [qtp824248140-24] DEBUG org.eclipse.jetty.http.HttpParser - HEADER:Connection: keep-alive --> FIELD
13:18:11.217 [qtp824248140-24] DEBUG org.eclipse.jetty.http.HttpParser - HEADER:User-Agent: Apache-HttpClient/4.5.12 (Java/11.0.2) --> IN_VALUE
13:18:11.217 [qtp824248140-24] DEBUG org.eclipse.jetty.http.HttpParser - HEADER:User-Agent: Apache-HttpClient/4.5.12 (Java/11.0.2) --> FIELD
13:18:11.217 [qtp824248140-24] DEBUG org.eclipse.jetty.http.HttpParser - HEADER --> CONTENT
13:18:11.217 [qtp824248140-24] DEBUG org.eclipse.jetty.server.HttpChannel - REQUEST for //localhost:8080/__admin/requests/count on HttpChannelOverHttp@4adcbb1c{s=HttpChannelState@131607a{s=IDLE rs=BLOCKING os=OPEN is=IDLE awp=false se=false i=true al=0},r=4,c=false/false,a=IDLE,uri=//localhost:8080/__admin/requests/count,age=0}
POST //localhost:8080/__admin/requests/count HTTP/1.1
Content-Length: 86
Content-Type: text/plain; charset=UTF-8
Host: localhost:8080
Connection: keep-alive
User-Agent: Apache-HttpClient/4.5.12 (Java/11.0.2)


13:18:11.218 [qtp824248140-24] DEBUG org.eclipse.jetty.server.HttpConnection - HttpConnection@6d895b6e::NetworkTrafficSocketChannelEndPoint@5c83d21{/127.0.0.1:64952<->/127.0.0.1:8080,OPEN,fill=-,flush=-,to=1/30000}{io=1/0,kio=1,kro=1}->HttpConnection@6d895b6e[p=HttpParser{s=CONTENT,0 of 86},g=HttpGenerator@54c679a9{s=START}]=>HttpChannelOverHttp@4adcbb1c{s=HttpChannelState@131607a{s=IDLE rs=BLOCKING os=OPEN is=IDLE awp=false se=false i=true al=0},r=4,c=false/false,a=IDLE,uri=//localhost:8080/__admin/requests/count,age=1} parsed true HttpParser{s=CONTENT,0 of 86}
13:18:11.218 [qtp824248140-24] DEBUG org.eclipse.jetty.server.HttpChannel - handle //localhost:8080/__admin/requests/count HttpChannelOverHttp@4adcbb1c{s=HttpChannelState@131607a{s=IDLE rs=BLOCKING os=OPEN is=IDLE awp=false se=false i=true al=0},r=4,c=false/false,a=IDLE,uri=//localhost:8080/__admin/requests/count,age=1} 
13:18:11.218 [qtp824248140-24] DEBUG org.eclipse.jetty.server.HttpChannelState - handling HttpChannelState@131607a{s=IDLE rs=BLOCKING os=OPEN is=IDLE awp=false se=false i=true al=0}
13:18:11.218 [qtp824248140-24] DEBUG org.eclipse.jetty.server.HttpChannel - action DISPATCH HttpChannelOverHttp@4adcbb1c{s=HttpChannelState@131607a{s=HANDLING rs=BLOCKING os=OPEN is=IDLE awp=false se=false i=true al=0},r=4,c=false/false,a=HANDLING,uri=//localhost:8080/__admin/requests/count,age=1}
13:18:11.218 [qtp824248140-24] DEBUG org.eclipse.jetty.server.Server - REQUEST POST /__admin/requests/count on HttpChannelOverHttp@4adcbb1c{s=HttpChannelState@131607a{s=HANDLING rs=BLOCKING os=OPEN is=IDLE awp=false se=false i=true al=0},r=4,c=false/false,a=HANDLING,uri=//localhost:8080/__admin/requests/count,age=1}
13:18:11.218 [qtp824248140-24] DEBUG org.eclipse.jetty.server.handler.ContextHandler - scope null||/__admin/requests/count @ o.e.j.s.ServletContextHandler@4bef83b{/__admin,null,AVAILABLE}
13:18:11.218 [qtp824248140-24] DEBUG org.eclipse.jetty.server.handler.ContextHandler - context=/__admin||/requests/count @ o.e.j.s.ServletContextHandler@4bef83b{/__admin,null,AVAILABLE}
13:18:11.218 [qtp824248140-24] DEBUG org.eclipse.jetty.servlet.ServletHandler - servlet /__admin|/requests/count|null -> com.github.tomakehurst.wiremock.servlet.WireMockHandlerDispatchingServlet-5caa16bf@54365==com.github.tomakehurst.wiremock.servlet.WireMockHandlerDispatchingServlet,jsp=null,order=-1,inst=true,async=true
13:18:11.218 [qtp824248140-24] DEBUG org.eclipse.jetty.servlet.ServletHandler - chain=org.eclipse.jetty.servlets.CrossOriginFilter-66fab470@66fab470==org.eclipse.jetty.servlets.CrossOriginFilter,inst=true,async=true->com.github.tomakehurst.wiremock.servlet.WireMockHandlerDispatchingServlet-5caa16bf@54365==com.github.tomakehurst.wiremock.servlet.WireMockHandlerDispatchingServlet,jsp=null,order=-1,inst=true,async=true
13:18:11.218 [qtp824248140-24] DEBUG org.eclipse.jetty.servlet.ServletHandler - call filter org.eclipse.jetty.servlets.CrossOriginFilter-66fab470@66fab470==org.eclipse.jetty.servlets.CrossOriginFilter,inst=true,async=true
13:18:11.218 [qtp824248140-24] DEBUG org.eclipse.jetty.servlet.ServletHandler - call servlet com.github.tomakehurst.wiremock.servlet.WireMockHandlerDispatchingServlet-5caa16bf@54365==com.github.tomakehurst.wiremock.servlet.WireMockHandlerDispatchingServlet,jsp=null,order=-1,inst=true,async=true
13:18:11.219 [qtp824248140-24] DEBUG org.eclipse.jetty.server.HttpConnection - HttpConnection@6d895b6e::NetworkTrafficSocketChannelEndPoint@5c83d21{/127.0.0.1:64952<->/127.0.0.1:8080,OPEN,fill=-,flush=-,to=2/30000}{io=1/0,kio=1,kro=1}->HttpConnection@6d895b6e[p=HttpParser{s=CONTENT,0 of 86},g=HttpGenerator@54c679a9{s=START}]=>HttpChannelOverHttp@4adcbb1c{s=HttpChannelState@131607a{s=HANDLING rs=BLOCKING os=OPEN is=IDLE awp=false se=false i=true al=0},r=4,c=false/false,a=HANDLING,uri=//localhost:8080/__admin/requests/count,age=2} parse HeapByteBuffer@6457bf7d[p=200,l=286,c=8192,r=86]={POST /__a....2)\r\n\r\n<<<{\r\n  "url" : "/api/v0/com...\r\n  "method" : "GET"\r\n}>>>/componen...\x00\x00\x00\x00\x00\x00\x00} {}
13:18:11.219 [qtp824248140-24] DEBUG org.eclipse.jetty.http.HttpParser - parseNext s=CONTENT HeapByteBuffer@6457bf7d[p=200,l=286,c=8192,r=86]={POST /__a....2)\r\n\r\n<<<{\r\n  "url" : "/api/v0/com...\r\n  "method" : "GET"\r\n}>>>/componen...\x00\x00\x00\x00\x00\x00\x00}
13:18:11.219 [qtp824248140-24] DEBUG org.eclipse.jetty.server.HttpChannel - onContent HttpChannelOverHttp@4adcbb1c{s=HttpChannelState@131607a{s=HANDLING rs=BLOCKING os=OPEN is=IDLE awp=false se=false i=true al=0},r=4,c=false/false,a=HANDLING,uri=//localhost:8080/__admin/requests/count,age=2} Content@85aa3f{HeapByteBufferR@169de3f[p=200,l=286,c=8192,r=86]={POST /__a....2)\r\n\r\n<<<{\r\n  "url" : "/api/v0/com...\r\n  "method" : "GET"\r\n}>>>/componen...\x00\x00\x00\x00\x00\x00\x00}}
13:18:11.220 [qtp824248140-24] DEBUG org.eclipse.jetty.server.HttpInput - HttpInputOverHTTP@f3b1939[c=0,q=0,[0]=null,s=STREAM] addContent Content@85aa3f{HeapByteBufferR@169de3f[p=200,l=286,c=8192,r=86]={POST /__a....2)\r\n\r\n<<<{\r\n  "url" : "/api/v0/com...\r\n  "method" : "GET"\r\n}>>>/componen...\x00\x00\x00\x00\x00\x00\x00}}
13:18:11.220 [qtp824248140-24] DEBUG org.eclipse.jetty.http.HttpParser - CONTENT --> CONTENT_END
13:18:11.220 [qtp824248140-24] DEBUG org.eclipse.jetty.server.HttpChannel - onContentComplete HttpChannelOverHttp@4adcbb1c{s=HttpChannelState@131607a{s=HANDLING rs=BLOCKING os=OPEN is=IDLE awp=false se=false i=true al=0},r=4,c=false/false,a=HANDLING,uri=//localhost:8080/__admin/requests/count,age=3}
13:18:11.220 [qtp824248140-24] DEBUG org.eclipse.jetty.http.HttpParser - CONTENT_END --> END
13:18:11.220 [qtp824248140-24] DEBUG org.eclipse.jetty.server.HttpChannel - onRequestComplete HttpChannelOverHttp@4adcbb1c{s=HttpChannelState@131607a{s=HANDLING rs=BLOCKING os=OPEN is=IDLE awp=false se=false i=true al=0},r=4,c=false/false,a=HANDLING,uri=//localhost:8080/__admin/requests/count,age=3}
13:18:11.220 [qtp824248140-24] DEBUG org.eclipse.jetty.server.HttpInput - HttpInputOverHTTP@f3b1939[c=0,q=1,[0]=EOF,s=STREAM] addContent EOF
13:18:11.220 [qtp824248140-24] DEBUG org.eclipse.jetty.server.HttpConnection - HttpConnection@6d895b6e::NetworkTrafficSocketChannelEndPoint@5c83d21{/127.0.0.1:64952<->/127.0.0.1:8080,OPEN,fill=-,flush=-,to=4/30000}{io=1/0,kio=1,kro=1}->HttpConnection@6d895b6e[p=HttpParser{s=END,86 of 86},g=HttpGenerator@54c679a9{s=START}]=>HttpChannelOverHttp@4adcbb1c{s=HttpChannelState@131607a{s=HANDLING rs=BLOCKING os=OPEN is=IDLE awp=false se=false i=true al=0},r=4,c=false/false,a=HANDLING,uri=//localhost:8080/__admin/requests/count,age=3} parsed false HttpParser{s=END,86 of 86}
13:18:11.220 [qtp824248140-24] DEBUG org.eclipse.jetty.server.HttpInput - HttpInputOverHTTP@f3b1939[c=86,q=1,[0]=EOF,s=STREAM] read 86 from Content@85aa3f{HeapByteBufferR@169de3f[p=286,l=286,c=8192,r=0]={POST /__a...GET"\r\n}<<<>>>/componen...\x00\x00\x00\x00\x00\x00\x00}}
13:18:11.221 [qtp824248140-24] DEBUG org.eclipse.jetty.server.HttpConnection - releaseRequestBuffer HttpConnection@6d895b6e::NetworkTrafficSocketChannelEndPoint@5c83d21{/127.0.0.1:64952<->/127.0.0.1:8080,OPEN,fill=-,flush=-,to=4/30000}{io=1/0,kio=1,kro=1}->HttpConnection@6d895b6e[p=HttpParser{s=END,86 of 86},g=HttpGenerator@54c679a9{s=START}]=>HttpChannelOverHttp@4adcbb1c{s=HttpChannelState@131607a{s=HANDLING rs=BLOCKING os=OPEN is=IDLE awp=false se=false i=true al=0},r=4,c=false/false,a=HANDLING,uri=//localhost:8080/__admin/requests/count,age=3}
13:18:11.221 [qtp824248140-24] DEBUG org.eclipse.jetty.server.HttpChannelState - onEof HttpChannelState@131607a{s=HANDLING rs=BLOCKING os=OPEN is=IDLE awp=false se=false i=true al=0}
13:18:11.240 [qtp824248140-23] DEBUG org.eclipse.jetty.util.thread.ReservedThreadExecutor - ReservedThreadExecutor@238f6469{s=0/1,p=1}@7058916b task=EatWhatYouKill@36d30a44/SelectorProducer@a77e489/IDLE/p=true/QueuedThreadPool[qtp824248140]@3121074c{STARTED,8<=8<=14,i=1,r=1,q=0}[ReservedThreadExecutor@238f6469{s=0/1,p=1}][pc=0,pic=0,pec=1,epc=4]@2020-09-25T13:18:11.2404595+02:00
13:18:11.241 [qtp824248140-23] DEBUG org.eclipse.jetty.util.thread.strategy.EatWhatYouKill - EatWhatYouKill@36d30a44/SelectorProducer@a77e489/IDLE/p=true/QueuedThreadPool[qtp824248140]@3121074c{STARTED,8<=8<=14,i=1,r=1,q=0}[ReservedThreadExecutor@238f6469{s=0/1,p=1}][pc=0,pic=0,pec=1,epc=4]@2020-09-25T13:18:11.2414676+02:00 tryProduce true
13:18:11.245 [qtp824248140-23] DEBUG org.eclipse.jetty.io.ManagedSelector - updateable 0
13:18:11.245 [qtp824248140-23] DEBUG org.eclipse.jetty.io.ManagedSelector - updates 0
13:18:11.245 [qtp824248140-25] DEBUG org.eclipse.jetty.util.thread.QueuedThreadPool - run ReservedThreadExecutor@238f6469{s=0/1,p=1}@6aefd6e0 in QueuedThreadPool[qtp824248140]@3121074c{STARTED,8<=8<=14,i=1,r=1,q=0}[ReservedThreadExecutor@238f6469{s=0/1,p=1}]
13:18:11.246 [qtp824248140-25] DEBUG org.eclipse.jetty.util.thread.ReservedThreadExecutor - ReservedThreadExecutor@238f6469{s=1/1,p=1}@6aefd6e0 started
13:18:11.246 [qtp824248140-25] DEBUG org.eclipse.jetty.util.thread.ReservedThreadExecutor - ReservedThreadExecutor@238f6469{s=1/1,p=0}@6aefd6e0 waiting
13:18:11.250 [qtp824248140-23] DEBUG org.eclipse.jetty.io.ChannelEndPoint - Key interests updated 1 -> 0 on NetworkTrafficSocketChannelEndPoint@5c83d21{/127.0.0.1:64952<->/127.0.0.1:8080,OPEN,fill=-,flush=-,to=32/30000}{io=0/0,kio=0,kro=1}->HttpConnection@6d895b6e[p=HttpParser{s=END,86 of 86},g=HttpGenerator@54c679a9{s=START}]=>HttpChannelOverHttp@4adcbb1c{s=HttpChannelState@131607a{s=HANDLING rs=BLOCKING os=OPEN is=READY awp=false se=false i=true al=0},r=4,c=false/false,a=HANDLING,uri=//localhost:8080/__admin/requests/count,age=32}
13:18:11.250 [qtp824248140-23] DEBUG org.eclipse.jetty.io.ManagedSelector - Selector sun.nio.ch.WindowsSelectorImpl@79f2d02e waiting with 2 keys
13:18:11.254 [qtp824248140-24] DEBUG org.eclipse.jetty.server.HttpOutput - write(array HeapByteBuffer@20f240c5[p=0,l=56,c=8192,r=56]={<<<{\r\n  "count" : 0,\r\n  "req...nalDisabled" : false\r\n}>>>\x00\x00\x00\x00\x00\x00\x00\x00\x00...\x00\x00\x00\x00\x00\x00\x00})
13:18:11.254 [qtp824248140-24] DEBUG org.eclipse.jetty.server.HttpOutput - write(array) s=OPEN,api=BLOCKING,sc=false,e=null aggregated !flush DirectByteBuffer@5b058719[p=0,l=56,c=32768,r=56]={<<<{\r\n  "count" : 0,\r\n  "req...nalDisabled" : false\r\n}>>>request" ...\x00\x00\x00\x00\x00\x00\x00}
13:18:11.254 [qtp824248140-24] DEBUG org.eclipse.jetty.server.HttpChannel - sendResponse info=null content=DirectByteBuffer@5b058719[p=0,l=56,c=32768,r=56]={<<<{\r\n  "count" : 0,\r\n  "req...nalDisabled" : false\r\n}>>>request" ...\x00\x00\x00\x00\x00\x00\x00} complete=false committing=true callback=Blocker@788766c6{null}
13:18:11.255 [qtp824248140-24] DEBUG org.eclipse.jetty.server.HttpChannel - COMMIT for /__admin/requests/count on HttpChannelOverHttp@4adcbb1c{s=HttpChannelState@131607a{s=HANDLING rs=BLOCKING os=COMMITTED is=READY awp=false se=false i=true al=0},r=4,c=false/false,a=HANDLING,uri=//localhost:8080/__admin/requests/count,age=37}
200 null HTTP/1.1
Content-Type: application/json


13:18:11.255 [qtp824248140-24] DEBUG org.eclipse.jetty.server.HttpConnection - generate: NEED_HEADER for org.eclipse.jetty.server.HttpConnection$SendCallback@4252d2[PROCESSING][i=HTTP/1.1{s=200,h=1,cl=-1},cb=org.eclipse.jetty.server.HttpChannel$SendCallback@5547ceb8] (null,[p=0,l=56,c=32768,r=56],false)@START
13:18:11.255 [qtp824248140-24] DEBUG org.eclipse.jetty.http.HttpGenerator - generateHeaders HTTP/1.1{s=200,h=1,cl=-1} last=false content=DirectByteBuffer@5b058719[p=0,l=56,c=32768,r=56]={<<<{\r\n  "count" : 0,\r\n  "req...nalDisabled" : false\r\n}>>>request" ...\x00\x00\x00\x00\x00\x00\x00}
13:18:11.255 [qtp824248140-24] DEBUG org.eclipse.jetty.http.HttpGenerator - Content-Type: application/json


13:18:11.255 [qtp824248140-24] DEBUG org.eclipse.jetty.http.HttpGenerator - CHUNKED_CONTENT
13:18:11.255 [qtp824248140-24] DEBUG org.eclipse.jetty.server.HttpConnection - generate: FLUSH for org.eclipse.jetty.server.HttpConnection$SendCallback@4252d2[PROCESSING][i=HTTP/1.1{s=200,h=1,cl=-1},cb=org.eclipse.jetty.server.HttpChannel$SendCallback@5547ceb8] ([p=0,l=116,c=8192,r=116],[p=0,l=56,c=32768,r=56],false)@COMMITTED
13:18:11.255 [qtp824248140-24] DEBUG org.eclipse.jetty.io.WriteFlusher - write: WriteFlusher@5e80a9d5{IDLE}->null [HeapByteBuffer@6457bf7d[p=0,l=116,c=8192,r=116]={<<<HTTP/1.1 200 OK\r\nContent-...4.28.v20200408)\r\n\r\n38\r\n>>>8080\r\nCon...\x00\x00\x00\x00\x00\x00\x00},DirectByteBuffer@5b058719[p=0,l=56,c=32768,r=56]={<<<{\r\n  "count" : 0,\r\n  "req...nalDisabled" : false\r\n}>>>request" ...\x00\x00\x00\x00\x00\x00\x00}]
13:18:11.256 [qtp824248140-24] DEBUG org.eclipse.jetty.io.WriteFlusher - update WriteFlusher@5e80a9d5{WRITING}->null:IDLE-->WRITING
13:18:11.256 [Test worker] DEBUG org.apache.http.wire - http-outgoing-0 << "HTTP/1.1 200 OK[\r][\n]"
13:18:11.256 [Test worker] DEBUG org.apache.http.wire - http-outgoing-0 << "Content-Type: application/json[\r][\n]"
13:18:11.256 [Test worker] DEBUG org.apache.http.wire - http-outgoing-0 << "Transfer-Encoding: chunked[\r][\n]"
13:18:11.256 [Test worker] DEBUG org.apache.http.wire - http-outgoing-0 << "Server: Jetty(9.4.28.v20200408)[\r][\n]"
13:18:11.256 [Test worker] DEBUG org.apache.http.wire - http-outgoing-0 << "[\r][\n]"
13:18:11.256 [Test worker] DEBUG org.apache.http.wire - http-outgoing-0 << "38[\r][\n]"
13:18:11.256 [Test worker] DEBUG org.apache.http.headers - http-outgoing-0 << HTTP/1.1 200 OK
13:18:11.256 [Test worker] DEBUG org.apache.http.headers - http-outgoing-0 << Content-Type: application/json
13:18:11.256 [Test worker] DEBUG org.apache.http.headers - http-outgoing-0 << Transfer-Encoding: chunked
13:18:11.256 [Test worker] DEBUG org.apache.http.headers - http-outgoing-0 << Server: Jetty(9.4.28.v20200408)
13:18:11.256 [Test worker] DEBUG org.apache.http.impl.execchain.MainClientExec - Connection can be kept alive indefinitely
13:18:11.257 [qtp824248140-24] DEBUG org.eclipse.jetty.io.ChannelEndPoint - flushed 116 NetworkTrafficSocketChannelEndPoint@5c83d21{/127.0.0.1:64952<->/127.0.0.1:8080,OPEN,fill=-,flush=W,to=40/30000}{io=0/0,kio=0,kro=1}->HttpConnection@6d895b6e[p=HttpParser{s=END,86 of 86},g=HttpGenerator@54c679a9{s=COMMITTED}]=>HttpChannelOverHttp@4adcbb1c{s=HttpChannelState@131607a{s=HANDLING rs=BLOCKING os=COMMITTED is=READY awp=false se=false i=true al=0},r=4,c=false/false,a=HANDLING,uri=//localhost:8080/__admin/requests/count,age=40}
13:18:11.257 [Test worker] DEBUG org.apache.http.wire - http-outgoing-0 << "{[\r][\n]"
13:18:11.257 [Test worker] DEBUG org.apache.http.wire - http-outgoing-0 << "  "count" : 0,[\r][\n]"
13:18:11.257 [Test worker] DEBUG org.apache.http.wire - http-outgoing-0 << "  "requestJournalDisabled" : false[\r][\n]"
13:18:11.257 [Test worker] DEBUG org.apache.http.wire - http-outgoing-0 << "}"
13:18:11.257 [qtp824248140-24] DEBUG org.eclipse.jetty.io.ChannelEndPoint - flushed 56 NetworkTrafficSocketChannelEndPoint@5c83d21{/127.0.0.1:64952<->/127.0.0.1:8080,OPEN,fill=-,flush=W,to=0/30000}{io=0/0,kio=0,kro=1}->HttpConnection@6d895b6e[p=HttpParser{s=END,86 of 86},g=HttpGenerator@54c679a9{s=COMMITTED}]=>HttpChannelOverHttp@4adcbb1c{s=HttpChannelState@131607a{s=HANDLING rs=BLOCKING os=COMMITTED is=READY awp=false se=false i=true al=0},r=4,c=false/false,a=HANDLING,uri=//localhost:8080/__admin/requests/count,age=40}
13:18:11.258 [qtp824248140-24] DEBUG org.eclipse.jetty.io.WriteFlusher - Flushed=true written=172 remaining=0 WriteFlusher@5e80a9d5{WRITING}->null
13:18:11.258 [qtp824248140-24] DEBUG org.eclipse.jetty.io.WriteFlusher - update WriteFlusher@5e80a9d5{IDLE}->null:WRITING-->IDLE
13:18:11.258 [qtp824248140-24] DEBUG org.eclipse.jetty.server.HttpConnection - generate: DONE for org.eclipse.jetty.server.HttpConnection$SendCallback@4252d2[PROCESSING][i=HTTP/1.1{s=200,h=1,cl=-1},cb=org.eclipse.jetty.server.HttpChannel$SendCallback@5547ceb8] ([p=116,l=116,c=8192,r=0],[p=56,l=56,c=32768,r=0],false)@COMMITTED
13:18:11.258 [qtp824248140-24] DEBUG org.eclipse.jetty.server.HttpOutput - onWriteComplete(false,null) s=OPEN,api=BLOCKED,sc=false,e=null->s=OPEN,api=BLOCKING,sc=false,e=null c=null cb=null w=false
13:18:11.258 [qtp824248140-24] DEBUG org.eclipse.jetty.server.HttpOutput - close() s=CLOSING,api=BLOCKED,sc=false,e=null c=HeapByteBuffer@137d328[p=0,l=0,c=0,r=0]={<<<>>>} b=Blocker@788766c6{null}
13:18:11.258 [qtp824248140-24] DEBUG org.eclipse.jetty.server.HttpChannel - sendResponse info=null content=HeapByteBuffer@137d328[p=0,l=0,c=0,r=0]={<<<>>>} complete=true committing=false callback=Blocker@788766c6{null}
13:18:11.258 [qtp824248140-24] DEBUG org.eclipse.jetty.server.HttpConnection - generate: CONTINUE for org.eclipse.jetty.server.HttpConnection$SendCallback@4252d2[PROCESSING][i=null,cb=org.eclipse.jetty.server.HttpChannel$SendCallback@182dff2c] (null,[p=0,l=0,c=0,r=0],true)@COMPLETING
13:18:11.258 [qtp824248140-24] DEBUG org.eclipse.jetty.server.HttpConnection - generate: NEED_CHUNK for org.eclipse.jetty.server.HttpConnection$SendCallback@4252d2[PROCESSING][i=null,cb=org.eclipse.jetty.server.HttpChannel$SendCallback@182dff2c] (null,[p=0,l=0,c=0,r=0],true)@COMPLETING
13:18:11.258 [qtp824248140-24] DEBUG org.eclipse.jetty.server.HttpConnection - generate: FLUSH for org.eclipse.jetty.server.HttpConnection$SendCallback@4252d2[PROCESSING][i=null,cb=org.eclipse.jetty.server.HttpChannel$SendCallback@182dff2c] (null,[p=0,l=0,c=0,r=0],true)@COMPLETING
13:18:11.258 [qtp824248140-24] DEBUG org.eclipse.jetty.io.WriteFlusher - write: WriteFlusher@5e80a9d5{IDLE}->null [HeapByteBuffer@29acffbb[p=0,l=7,c=1024,r=7]={<<<\r\n0\r\n\r\n>>>\x00\x00\x00\x00\x00\x00\x00\x00\x00...\x00\x00\x00\x00\x00\x00\x00}]
13:18:11.258 [qtp824248140-24] DEBUG org.eclipse.jetty.io.WriteFlusher - update WriteFlusher@5e80a9d5{WRITING}->null:IDLE-->WRITING
13:18:11.258 [Test worker] DEBUG org.apache.http.wire - http-outgoing-0 << "[\r][\n]"
13:18:11.258 [Test worker] DEBUG org.apache.http.wire - http-outgoing-0 << "0[\r][\n]"
13:18:11.258 [Test worker] DEBUG org.apache.http.wire - http-outgoing-0 << "[\r][\n]"
13:18:11.259 [Test worker] DEBUG org.apache.http.impl.conn.PoolingHttpClientConnectionManager - Connection [id: 0][route: {}->http://localhost:8080] can be kept alive indefinitely
13:18:11.259 [Test worker] DEBUG org.apache.http.impl.conn.DefaultManagedHttpClientConnection - http-outgoing-0: set socket timeout to 0
13:18:11.259 [Test worker] DEBUG org.apache.http.impl.conn.PoolingHttpClientConnectionManager - Connection released: [id: 0][route: {}->http://localhost:8080][total available: 1; route allocated: 1 of 5; total allocated: 1 of 50]
13:18:11.264 [Test worker] DEBUG org.apache.http.impl.conn.PoolingHttpClientConnectionManager - Connection request: [route: {}->http://localhost:8080][total available: 1; route allocated: 1 of 5; total allocated: 1 of 50]
13:18:11.264 [Test worker] DEBUG org.apache.http.impl.conn.PoolingHttpClientConnectionManager - Connection leased: [id: 0][route: {}->http://localhost:8080][total available: 0; route allocated: 1 of 5; total allocated: 1 of 50]
13:18:11.264 [Test worker] DEBUG org.apache.http.impl.conn.DefaultManagedHttpClientConnection - http-outgoing-0: set socket timeout to 30000
13:18:11.264 [Test worker] DEBUG org.apache.http.impl.execchain.MainClientExec - Stale connection check
13:18:11.269 [Test worker] DEBUG org.apache.http.wire - http-outgoing-0 << "[read] I/O error: Read timed out"
13:18:11.269 [Test worker] DEBUG org.apache.http.impl.execchain.MainClientExec - Executing request POST /__admin/requests/count HTTP/1.1
13:18:11.269 [Test worker] DEBUG org.apache.http.impl.execchain.MainClientExec - Target auth state: UNCHALLENGED
13:18:11.269 [Test worker] DEBUG org.apache.http.impl.execchain.MainClientExec - Proxy auth state: UNCHALLENGED
13:18:11.270 [Test worker] DEBUG org.apache.http.headers - http-outgoing-0 >> POST /__admin/requests/count HTTP/1.1
13:18:11.270 [Test worker] DEBUG org.apache.http.headers - http-outgoing-0 >> Content-Length: 63
13:18:11.270 [Test worker] DEBUG org.apache.http.headers - http-outgoing-0 >> Content-Type: text/plain; charset=UTF-8
13:18:11.270 [Test worker] DEBUG org.apache.http.headers - http-outgoing-0 >> Host: localhost:8080
13:18:11.271 [Test worker] DEBUG org.apache.http.headers - http-outgoing-0 >> Connection: Keep-Alive
13:18:11.271 [Test worker] DEBUG org.apache.http.headers - http-outgoing-0 >> User-Agent: Apache-HttpClient/4.5.12 (Java/11.0.2)
13:18:11.271 [Test worker] DEBUG org.apache.http.wire - http-outgoing-0 >> "POST /__admin/requests/count HTTP/1.1[\r][\n]"
13:18:11.271 [Test worker] DEBUG org.apache.http.wire - http-outgoing-0 >> "Content-Length: 63[\r][\n]"
13:18:11.271 [Test worker] DEBUG org.apache.http.wire - http-outgoing-0 >> "Content-Type: text/plain; charset=UTF-8[\r][\n]"
13:18:11.271 [Test worker] DEBUG org.apache.http.wire - http-outgoing-0 >> "Host: localhost:8080[\r][\n]"
13:18:11.271 [Test worker] DEBUG org.apache.http.wire - http-outgoing-0 >> "Connection: Keep-Alive[\r][\n]"
13:18:11.274 [Test worker] DEBUG org.apache.http.wire - http-outgoing-0 >> "User-Agent: Apache-HttpClient/4.5.12 (Java/11.0.2)[\r][\n]"
13:18:11.275 [Test worker] DEBUG org.apache.http.wire - http-outgoing-0 >> "[\r][\n]"
13:18:11.275 [Test worker] DEBUG org.apache.http.wire - http-outgoing-0 >> "{[\r][\n]"
13:18:11.275 [Test worker] DEBUG org.apache.http.wire - http-outgoing-0 >> "  "url" : "/api/v0/components/login",[\r][\n]"
13:18:11.275 [Test worker] DEBUG org.apache.http.wire - http-outgoing-0 >> "  "method" : "GET"[\r][\n]"
13:18:11.275 [Test worker] DEBUG org.apache.http.wire - http-outgoing-0 >> "}"
13:18:11.275 [qtp824248140-24] DEBUG org.eclipse.jetty.io.ChannelEndPoint - flushed 7 NetworkTrafficSocketChannelEndPoint@5c83d21{/127.0.0.1:64952<->/127.0.0.1:8080,OPEN,fill=-,flush=W,to=17/30000}{io=0/0,kio=0,kro=1}->HttpConnection@6d895b6e[p=HttpParser{s=END,86 of 86},g=HttpGenerator@54c679a9{s=COMPLETING}]=>HttpChannelOverHttp@4adcbb1c{s=HttpChannelState@131607a{s=HANDLING rs=BLOCKING os=COMMITTED is=READY awp=false se=false i=true al=0},r=4,c=false/false,a=HANDLING,uri=//localhost:8080/__admin/requests/count,age=58}
13:18:11.275 [qtp824248140-24] DEBUG org.eclipse.jetty.io.WriteFlusher - Flushed=true written=7 remaining=0 WriteFlusher@5e80a9d5{WRITING}->null
13:18:11.275 [qtp824248140-24] DEBUG org.eclipse.jetty.io.WriteFlusher - update WriteFlusher@5e80a9d5{IDLE}->null:WRITING-->IDLE
13:18:11.275 [qtp824248140-24] DEBUG org.eclipse.jetty.server.HttpConnection - generate: DONE for org.eclipse.jetty.server.HttpConnection$SendCallback@4252d2[PROCESSING][i=null,cb=org.eclipse.jetty.server.HttpChannel$SendCallback@182dff2c] (null,[p=0,l=0,c=0,r=0],true)@END
13:18:11.275 [qtp824248140-24] DEBUG org.eclipse.jetty.server.HttpOutput - onWriteComplete(true,null) s=CLOSING,api=BLOCKED,sc=false,e=null->s=CLOSED,api=BLOCKING,sc=false,e=null c=null cb=null w=false
13:18:11.276 [qtp824248140-24] DEBUG org.eclipse.jetty.server.handler.gzip.GzipHandler - GzipHandler@42831d1d{STARTED,min=32,inflate=-1} handle Request[POST //localhost:8080/__admin/requests/count]@7239355a in null
13:18:11.276 [qtp824248140-24] DEBUG org.eclipse.jetty.server.handler.ContextHandler - scope null||/__admin/requests/count @ o.e.j.s.ServletContextHandler@62d767f{/,null,AVAILABLE}
13:18:11.276 [qtp824248140-24] DEBUG org.eclipse.jetty.server.Server - handled=true async=false committed=true on HttpChannelOverHttp@4adcbb1c{s=HttpChannelState@131607a{s=HANDLING rs=BLOCKING os=COMPLETED is=READY awp=false se=false i=true al=0},r=4,c=false/true,a=HANDLING,uri=//localhost:8080/__admin/requests/count,age=59}
13:18:11.276 [qtp824248140-24] DEBUG org.eclipse.jetty.server.HttpChannelState - unhandle HttpChannelState@131607a{s=HANDLING rs=BLOCKING os=COMPLETED is=READY awp=false se=false i=true al=0}
13:18:11.276 [qtp824248140-24] DEBUG org.eclipse.jetty.server.HttpChannelState - nextAction(false) COMPLETE HttpChannelState@131607a{s=HANDLING rs=COMPLETING os=COMPLETED is=READY awp=false se=false i=false al=0}
13:18:11.276 [qtp824248140-24] DEBUG org.eclipse.jetty.server.HttpChannel - action COMPLETE HttpChannelOverHttp@4adcbb1c{s=HttpChannelState@131607a{s=HANDLING rs=COMPLETING os=COMPLETED is=READY awp=false se=false i=false al=0},r=4,c=false/true,a=HANDLING,uri=//localhost:8080/__admin/requests/count,age=59}
13:18:11.277 [qtp824248140-24] DEBUG org.eclipse.jetty.server.HttpOutput - complete(org.eclipse.jetty.util.Callback$4@7b568dc4) s=CLOSED,api=BLOCKING,sc=false,e=null s=true e=null, c=null
13:18:11.277 [qtp824248140-24] DEBUG org.eclipse.jetty.server.HttpChannelState - completed HttpChannelState@131607a{s=HANDLING rs=COMPLETING os=COMPLETED is=READY awp=false se=false i=false al=0}
13:18:11.277 [qtp824248140-24] DEBUG org.eclipse.jetty.server.HttpChannelState - unhandle HttpChannelState@131607a{s=HANDLING rs=COMPLETED os=COMPLETED is=READY awp=false se=false i=false al=0}
13:18:11.277 [qtp824248140-24] DEBUG org.eclipse.jetty.server.HttpChannelState - nextAction(false) TERMINATED HttpChannelState@131607a{s=IDLE rs=COMPLETED os=COMPLETED is=READY awp=false se=false i=false al=0}
13:18:11.277 [qtp824248140-24] DEBUG org.eclipse.jetty.server.HttpChannel - action TERMINATED HttpChannelOverHttp@4adcbb1c{s=HttpChannelState@131607a{s=IDLE rs=COMPLETED os=COMPLETED is=READY awp=false se=false i=false al=0},r=4,c=true/true,a=IDLE,uri=//localhost:8080/__admin/requests/count,age=60}
13:18:11.277 [qtp824248140-24] DEBUG org.eclipse.jetty.server.HttpChannel - onCompleted for /__admin/requests/count written=56
13:18:11.277 [qtp824248140-24] DEBUG org.eclipse.jetty.server.HttpChannelState - recycle HttpChannelState@131607a{s=IDLE rs=COMPLETED os=COMPLETED is=READY awp=false se=false i=false al=0}
13:18:11.277 [qtp824248140-24] DEBUG org.eclipse.jetty.http.HttpParser - reset HttpParser{s=END,86 of 86}
13:18:11.277 [qtp824248140-24] DEBUG org.eclipse.jetty.http.HttpParser - END --> START
13:18:11.277 [qtp824248140-24] DEBUG org.eclipse.jetty.server.HttpChannel - !handle TERMINATED HttpChannelOverHttp@4adcbb1c{s=HttpChannelState@131607a{s=IDLE rs=BLOCKING os=OPEN is=IDLE awp=false se=false i=true al=0},r=4,c=false/false,a=IDLE,uri=null,age=0}
13:18:11.277 [qtp824248140-24] DEBUG org.eclipse.jetty.io.ChannelEndPoint - filled 263 HeapByteBuffer@6457bf7d[p=0,l=263,c=8192,r=263]={<<<POST /__admin/requests/co...\r\n  "method" : "GET"\r\n}>>>\r\n  "meth...\x00\x00\x00\x00\x00\x00\x00}
13:18:11.277 [qtp824248140-24] DEBUG org.eclipse.jetty.server.HttpConnection - HttpConnection@6d895b6e::NetworkTrafficSocketChannelEndPoint@5c83d21{/127.0.0.1:64952<->/127.0.0.1:8080,OPEN,fill=-,flush=-,to=0/30000}{io=0/0,kio=0,kro=1}->HttpConnection@6d895b6e[p=HttpParser{s=START,0 of -1},g=HttpGenerator@54c679a9{s=START}]=>HttpChannelOverHttp@4adcbb1c{s=HttpChannelState@131607a{s=IDLE rs=BLOCKING os=OPEN is=IDLE awp=false se=false i=true al=0},r=4,c=false/false,a=IDLE,uri=null,age=0} filled 263 HeapByteBuffer@6457bf7d[p=0,l=263,c=8192,r=263]={<<<POST /__admin/requests/co...\r\n  "method" : "GET"\r\n}>>>\r\n  "meth...\x00\x00\x00\x00\x00\x00\x00}
13:18:11.278 [qtp824248140-24] DEBUG org.eclipse.jetty.server.HttpConnection - HttpConnection@6d895b6e::NetworkTrafficSocketChannelEndPoint@5c83d21{/127.0.0.1:64952<->/127.0.0.1:8080,OPEN,fill=-,flush=-,to=0/30000}{io=0/0,kio=0,kro=1}->HttpConnection@6d895b6e[p=HttpParser{s=START,0 of -1},g=HttpGenerator@54c679a9{s=START}]=>HttpChannelOverHttp@4adcbb1c{s=HttpChannelState@131607a{s=IDLE rs=BLOCKING os=OPEN is=IDLE awp=false se=false i=true al=0},r=4,c=false/false,a=IDLE,uri=null,age=0} parse HeapByteBuffer@6457bf7d[p=0,l=263,c=8192,r=263]={<<<POST /__admin/requests/co...\r\n  "method" : "GET"\r\n}>>>\r\n  "meth...\x00\x00\x00\x00\x00\x00\x00} {}
13:18:11.278 [qtp824248140-24] DEBUG org.eclipse.jetty.http.HttpParser - parseNext s=START HeapByteBuffer@6457bf7d[p=0,l=263,c=8192,r=263]={<<<POST /__admin/requests/co...\r\n  "method" : "GET"\r\n}>>>\r\n  "meth...\x00\x00\x00\x00\x00\x00\x00}
13:18:11.278 [qtp824248140-24] DEBUG org.eclipse.jetty.http.HttpParser - START --> SPACE1
13:18:11.278 [qtp824248140-24] DEBUG org.eclipse.jetty.http.HttpParser - SPACE1 --> URI
13:18:11.278 [qtp824248140-24] DEBUG org.eclipse.jetty.http.HttpParser - URI --> SPACE2
13:18:11.278 [qtp824248140-24] DEBUG org.eclipse.jetty.http.HttpParser - SPACE2 --> REQUEST_VERSION
13:18:11.278 [qtp824248140-24] DEBUG org.eclipse.jetty.http.HttpParser - REQUEST_VERSION --> HEADER
13:18:11.278 [qtp824248140-24] DEBUG org.eclipse.jetty.http.HttpParser - HEADER:Content-Length --> VALUE
13:18:11.278 [qtp824248140-24] DEBUG org.eclipse.jetty.http.HttpParser - HEADER:Content-Length --> IN_VALUE
13:18:11.278 [qtp824248140-24] DEBUG org.eclipse.jetty.http.HttpParser - HEADER:Content-Length --> FIELD
13:18:11.278 [qtp824248140-24] DEBUG org.eclipse.jetty.http.HttpParser - HEADER:Content-Type: text/plain; charset=UTF-8 --> IN_VALUE
13:18:11.278 [qtp824248140-24] DEBUG org.eclipse.jetty.http.HttpParser - HEADER:Content-Type: text/plain; charset=UTF-8 --> FIELD
13:18:11.278 [qtp824248140-24] DEBUG org.eclipse.jetty.http.HttpParser - HEADER:Host: localhost:8080 --> IN_VALUE
13:18:11.278 [qtp824248140-24] DEBUG org.eclipse.jetty.http.HttpParser - HEADER:Host: localhost:8080 --> FIELD
13:18:11.278 [qtp824248140-24] DEBUG org.eclipse.jetty.http.HttpParser - HEADER:Connection: keep-alive --> IN_VALUE
13:18:11.278 [qtp824248140-24] DEBUG org.eclipse.jetty.http.HttpParser - HEADER:Connection: keep-alive --> FIELD
13:18:11.278 [qtp824248140-24] DEBUG org.eclipse.jetty.http.HttpParser - HEADER:User-Agent: Apache-HttpClient/4.5.12 (Java/11.0.2) --> IN_VALUE
13:18:11.278 [qtp824248140-24] DEBUG org.eclipse.jetty.http.HttpParser - HEADER:User-Agent: Apache-HttpClient/4.5.12 (Java/11.0.2) --> FIELD
13:18:11.278 [qtp824248140-24] DEBUG org.eclipse.jetty.http.HttpParser - HEADER --> CONTENT
13:18:11.278 [qtp824248140-24] DEBUG org.eclipse.jetty.server.HttpChannel - REQUEST for //localhost:8080/__admin/requests/count on HttpChannelOverHttp@4adcbb1c{s=HttpChannelState@131607a{s=IDLE rs=BLOCKING os=OPEN is=IDLE awp=false se=false i=true al=0},r=5,c=false/false,a=IDLE,uri=//localhost:8080/__admin/requests/count,age=0}
POST //localhost:8080/__admin/requests/count HTTP/1.1
Content-Length: 63
Content-Type: text/plain; charset=UTF-8
Host: localhost:8080
Connection: keep-alive
User-Agent: Apache-HttpClient/4.5.12 (Java/11.0.2)


13:18:11.279 [qtp824248140-24] DEBUG org.eclipse.jetty.server.HttpConnection - HttpConnection@6d895b6e::NetworkTrafficSocketChannelEndPoint@5c83d21{/127.0.0.1:64952<->/127.0.0.1:8080,OPEN,fill=-,flush=-,to=1/30000}{io=0/0,kio=0,kro=1}->HttpConnection@6d895b6e[p=HttpParser{s=CONTENT,0 of 63},g=HttpGenerator@54c679a9{s=START}]=>HttpChannelOverHttp@4adcbb1c{s=HttpChannelState@131607a{s=IDLE rs=BLOCKING os=OPEN is=IDLE awp=false se=false i=true al=0},r=5,c=false/false,a=IDLE,uri=//localhost:8080/__admin/requests/count,age=1} parsed true HttpParser{s=CONTENT,0 of 63}
13:18:11.279 [qtp824248140-24] DEBUG org.eclipse.jetty.server.HttpChannel - handle //localhost:8080/__admin/requests/count HttpChannelOverHttp@4adcbb1c{s=HttpChannelState@131607a{s=IDLE rs=BLOCKING os=OPEN is=IDLE awp=false se=false i=true al=0},r=5,c=false/false,a=IDLE,uri=//localhost:8080/__admin/requests/count,age=1} 
13:18:11.279 [qtp824248140-24] DEBUG org.eclipse.jetty.server.HttpChannelState - handling HttpChannelState@131607a{s=IDLE rs=BLOCKING os=OPEN is=IDLE awp=false se=false i=true al=0}
13:18:11.279 [qtp824248140-24] DEBUG org.eclipse.jetty.server.HttpChannel - action DISPATCH HttpChannelOverHttp@4adcbb1c{s=HttpChannelState@131607a{s=HANDLING rs=BLOCKING os=OPEN is=IDLE awp=false se=false i=true al=0},r=5,c=false/false,a=HANDLING,uri=//localhost:8080/__admin/requests/count,age=1}
13:18:11.279 [qtp824248140-24] DEBUG org.eclipse.jetty.server.Server - REQUEST POST /__admin/requests/count on HttpChannelOverHttp@4adcbb1c{s=HttpChannelState@131607a{s=HANDLING rs=BLOCKING os=OPEN is=IDLE awp=false se=false i=true al=0},r=5,c=false/false,a=HANDLING,uri=//localhost:8080/__admin/requests/count,age=1}
13:18:11.279 [qtp824248140-24] DEBUG org.eclipse.jetty.server.handler.ContextHandler - scope null||/__admin/requests/count @ o.e.j.s.ServletContextHandler@4bef83b{/__admin,null,AVAILABLE}
13:18:11.279 [qtp824248140-24] DEBUG org.eclipse.jetty.server.handler.ContextHandler - context=/__admin||/requests/count @ o.e.j.s.ServletContextHandler@4bef83b{/__admin,null,AVAILABLE}
13:18:11.279 [qtp824248140-24] DEBUG org.eclipse.jetty.servlet.ServletHandler - servlet /__admin|/requests/count|null -> com.github.tomakehurst.wiremock.servlet.WireMockHandlerDispatchingServlet-5caa16bf@54365==com.github.tomakehurst.wiremock.servlet.WireMockHandlerDispatchingServlet,jsp=null,order=-1,inst=true,async=true
13:18:11.279 [qtp824248140-24] DEBUG org.eclipse.jetty.servlet.ServletHandler - chain=org.eclipse.jetty.servlets.CrossOriginFilter-66fab470@66fab470==org.eclipse.jetty.servlets.CrossOriginFilter,inst=true,async=true->com.github.tomakehurst.wiremock.servlet.WireMockHandlerDispatchingServlet-5caa16bf@54365==com.github.tomakehurst.wiremock.servlet.WireMockHandlerDispatchingServlet,jsp=null,order=-1,inst=true,async=true
13:18:11.279 [qtp824248140-24] DEBUG org.eclipse.jetty.servlet.ServletHandler - call filter org.eclipse.jetty.servlets.CrossOriginFilter-66fab470@66fab470==org.eclipse.jetty.servlets.CrossOriginFilter,inst=true,async=true
13:18:11.279 [qtp824248140-24] DEBUG org.eclipse.jetty.servlet.ServletHandler - call servlet com.github.tomakehurst.wiremock.servlet.WireMockHandlerDispatchingServlet-5caa16bf@54365==com.github.tomakehurst.wiremock.servlet.WireMockHandlerDispatchingServlet,jsp=null,order=-1,inst=true,async=true
13:18:11.281 [qtp824248140-24] DEBUG org.eclipse.jetty.server.HttpConnection - HttpConnection@6d895b6e::NetworkTrafficSocketChannelEndPoint@5c83d21{/127.0.0.1:64952<->/127.0.0.1:8080,OPEN,fill=-,flush=-,to=3/30000}{io=0/0,kio=0,kro=1}->HttpConnection@6d895b6e[p=HttpParser{s=CONTENT,0 of 63},g=HttpGenerator@54c679a9{s=START}]=>HttpChannelOverHttp@4adcbb1c{s=HttpChannelState@131607a{s=HANDLING rs=BLOCKING os=OPEN is=IDLE awp=false se=false i=true al=0},r=5,c=false/false,a=HANDLING,uri=//localhost:8080/__admin/requests/count,age=3} parse HeapByteBuffer@6457bf7d[p=200,l=263,c=8192,r=63]={POST /__a....2)\r\n\r\n<<<{\r\n  "url" : "/api/v0/com...\r\n  "method" : "GET"\r\n}>>>\r\n  "meth...\x00\x00\x00\x00\x00\x00\x00} {}
13:18:11.281 [qtp824248140-24] DEBUG org.eclipse.jetty.http.HttpParser - parseNext s=CONTENT HeapByteBuffer@6457bf7d[p=200,l=263,c=8192,r=63]={POST /__a....2)\r\n\r\n<<<{\r\n  "url" : "/api/v0/com...\r\n  "method" : "GET"\r\n}>>>\r\n  "meth...\x00\x00\x00\x00\x00\x00\x00}
13:18:11.281 [qtp824248140-24] DEBUG org.eclipse.jetty.server.HttpChannel - onContent HttpChannelOverHttp@4adcbb1c{s=HttpChannelState@131607a{s=HANDLING rs=BLOCKING os=OPEN is=IDLE awp=false se=false i=true al=0},r=5,c=false/false,a=HANDLING,uri=//localhost:8080/__admin/requests/count,age=3} Content@49100e03{HeapByteBufferR@22493b97[p=200,l=263,c=8192,r=63]={POST /__a....2)\r\n\r\n<<<{\r\n  "url" : "/api/v0/com...\r\n  "method" : "GET"\r\n}>>>\r\n  "meth...\x00\x00\x00\x00\x00\x00\x00}}
13:18:11.281 [qtp824248140-24] DEBUG org.eclipse.jetty.server.HttpInput - HttpInputOverHTTP@f3b1939[c=0,q=0,[0]=null,s=STREAM] addContent Content@49100e03{HeapByteBufferR@22493b97[p=200,l=263,c=8192,r=63]={POST /__a....2)\r\n\r\n<<<{\r\n  "url" : "/api/v0/com...\r\n  "method" : "GET"\r\n}>>>\r\n  "meth...\x00\x00\x00\x00\x00\x00\x00}}
13:18:11.281 [qtp824248140-24] DEBUG org.eclipse.jetty.http.HttpParser - CONTENT --> CONTENT_END
13:18:11.281 [qtp824248140-24] DEBUG org.eclipse.jetty.server.HttpChannel - onContentComplete HttpChannelOverHttp@4adcbb1c{s=HttpChannelState@131607a{s=HANDLING rs=BLOCKING os=OPEN is=IDLE awp=false se=false i=true al=0},r=5,c=false/false,a=HANDLING,uri=//localhost:8080/__admin/requests/count,age=3}
13:18:11.281 [qtp824248140-24] DEBUG org.eclipse.jetty.http.HttpParser - CONTENT_END --> END
13:18:11.281 [qtp824248140-24] DEBUG org.eclipse.jetty.server.HttpChannel - onRequestComplete HttpChannelOverHttp@4adcbb1c{s=HttpChannelState@131607a{s=HANDLING rs=BLOCKING os=OPEN is=IDLE awp=false se=false i=true al=0},r=5,c=false/false,a=HANDLING,uri=//localhost:8080/__admin/requests/count,age=3}
13:18:11.281 [qtp824248140-24] DEBUG org.eclipse.jetty.server.HttpInput - HttpInputOverHTTP@f3b1939[c=0,q=1,[0]=EOF,s=STREAM] addContent EOF
13:18:11.281 [qtp824248140-24] DEBUG org.eclipse.jetty.server.HttpConnection - HttpConnection@6d895b6e::NetworkTrafficSocketChannelEndPoint@5c83d21{/127.0.0.1:64952<->/127.0.0.1:8080,OPEN,fill=-,flush=-,to=4/30000}{io=0/0,kio=0,kro=1}->HttpConnection@6d895b6e[p=HttpParser{s=END,63 of 63},g=HttpGenerator@54c679a9{s=START}]=>HttpChannelOverHttp@4adcbb1c{s=HttpChannelState@131607a{s=HANDLING rs=BLOCKING os=OPEN is=IDLE awp=false se=false i=true al=0},r=5,c=false/false,a=HANDLING,uri=//localhost:8080/__admin/requests/count,age=3} parsed false HttpParser{s=END,63 of 63}
13:18:11.281 [qtp824248140-24] DEBUG org.eclipse.jetty.server.HttpInput - HttpInputOverHTTP@f3b1939[c=63,q=1,[0]=EOF,s=STREAM] read 63 from Content@49100e03{HeapByteBufferR@22493b97[p=263,l=263,c=8192,r=0]={POST /__a...GET"\r\n}<<<>>>\r\n  "meth...\x00\x00\x00\x00\x00\x00\x00}}
13:18:11.282 [qtp824248140-24] DEBUG org.eclipse.jetty.server.HttpConnection - releaseRequestBuffer HttpConnection@6d895b6e::NetworkTrafficSocketChannelEndPoint@5c83d21{/127.0.0.1:64952<->/127.0.0.1:8080,OPEN,fill=-,flush=-,to=5/30000}{io=0/0,kio=0,kro=1}->HttpConnection@6d895b6e[p=HttpParser{s=END,63 of 63},g=HttpGenerator@54c679a9{s=START}]=>HttpChannelOverHttp@4adcbb1c{s=HttpChannelState@131607a{s=HANDLING rs=BLOCKING os=OPEN is=IDLE awp=false se=false i=true al=0},r=5,c=false/false,a=HANDLING,uri=//localhost:8080/__admin/requests/count,age=4}
13:18:11.283 [qtp824248140-24] DEBUG org.eclipse.jetty.server.HttpChannelState - onEof HttpChannelState@131607a{s=HANDLING rs=BLOCKING os=OPEN is=IDLE awp=false se=false i=true al=0}
13:18:11.297 [qtp824248140-24] DEBUG org.eclipse.jetty.server.HttpOutput - write(array HeapByteBuffer@55ea746d[p=0,l=56,c=8192,r=56]={<<<{\r\n  "count" : 0,\r\n  "req...nalDisabled" : false\r\n}>>>\x00\x00\x00\x00\x00\x00\x00\x00\x00...\x00\x00\x00\x00\x00\x00\x00})
13:18:11.298 [qtp824248140-24] DEBUG org.eclipse.jetty.server.HttpOutput - write(array) s=OPEN,api=BLOCKING,sc=false,e=null aggregated !flush DirectByteBuffer@5b058719[p=0,l=56,c=32768,r=56]={<<<{\r\n  "count" : 0,\r\n  "req...nalDisabled" : false\r\n}>>>request" ...\x00\x00\x00\x00\x00\x00\x00}
13:18:11.298 [qtp824248140-24] DEBUG org.eclipse.jetty.server.HttpChannel - sendResponse info=null content=DirectByteBuffer@5b058719[p=0,l=56,c=32768,r=56]={<<<{\r\n  "count" : 0,\r\n  "req...nalDisabled" : false\r\n}>>>request" ...\x00\x00\x00\x00\x00\x00\x00} complete=false committing=true callback=Blocker@788766c6{null}
13:18:11.298 [qtp824248140-24] DEBUG org.eclipse.jetty.server.HttpChannel - COMMIT for /__admin/requests/count on HttpChannelOverHttp@4adcbb1c{s=HttpChannelState@131607a{s=HANDLING rs=BLOCKING os=COMMITTED is=READY awp=false se=false i=true al=0},r=5,c=false/false,a=HANDLING,uri=//localhost:8080/__admin/requests/count,age=20}
200 null HTTP/1.1
Content-Type: application/json


13:18:11.298 [qtp824248140-24] DEBUG org.eclipse.jetty.server.HttpConnection - generate: NEED_HEADER for org.eclipse.jetty.server.HttpConnection$SendCallback@4252d2[PROCESSING][i=HTTP/1.1{s=200,h=1,cl=-1},cb=org.eclipse.jetty.server.HttpChannel$SendCallback@1a9debb9] (null,[p=0,l=56,c=32768,r=56],false)@START
13:18:11.298 [qtp824248140-24] DEBUG org.eclipse.jetty.http.HttpGenerator - generateHeaders HTTP/1.1{s=200,h=1,cl=-1} last=false content=DirectByteBuffer@5b058719[p=0,l=56,c=32768,r=56]={<<<{\r\n  "count" : 0,\r\n  "req...nalDisabled" : false\r\n}>>>request" ...\x00\x00\x00\x00\x00\x00\x00}
13:18:11.298 [qtp824248140-24] DEBUG org.eclipse.jetty.http.HttpGenerator - Content-Type: application/json


13:18:11.298 [qtp824248140-24] DEBUG org.eclipse.jetty.http.HttpGenerator - CHUNKED_CONTENT
13:18:11.298 [qtp824248140-24] DEBUG org.eclipse.jetty.server.HttpConnection - generate: FLUSH for org.eclipse.jetty.server.HttpConnection$SendCallback@4252d2[PROCESSING][i=HTTP/1.1{s=200,h=1,cl=-1},cb=org.eclipse.jetty.server.HttpChannel$SendCallback@1a9debb9] ([p=0,l=116,c=8192,r=116],[p=0,l=56,c=32768,r=56],false)@COMMITTED
13:18:11.298 [qtp824248140-24] DEBUG org.eclipse.jetty.io.WriteFlusher - write: WriteFlusher@5e80a9d5{IDLE}->null [HeapByteBuffer@6457bf7d[p=0,l=116,c=8192,r=116]={<<<HTTP/1.1 200 OK\r\nContent-...4.28.v20200408)\r\n\r\n38\r\n>>>8080\r\nCon...\x00\x00\x00\x00\x00\x00\x00},DirectByteBuffer@5b058719[p=0,l=56,c=32768,r=56]={<<<{\r\n  "count" : 0,\r\n  "req...nalDisabled" : false\r\n}>>>request" ...\x00\x00\x00\x00\x00\x00\x00}]
13:18:11.298 [qtp824248140-24] DEBUG org.eclipse.jetty.io.WriteFlusher - update WriteFlusher@5e80a9d5{WRITING}->null:IDLE-->WRITING
13:18:11.299 [Test worker] DEBUG org.apache.http.wire - http-outgoing-0 << "HTTP/1.1 200 OK[\r][\n]"
13:18:11.299 [Test worker] DEBUG org.apache.http.wire - http-outgoing-0 << "Content-Type: application/json[\r][\n]"
13:18:11.299 [Test worker] DEBUG org.apache.http.wire - http-outgoing-0 << "Transfer-Encoding: chunked[\r][\n]"
13:18:11.299 [Test worker] DEBUG org.apache.http.wire - http-outgoing-0 << "Server: Jetty(9.4.28.v20200408)[\r][\n]"
13:18:11.299 [Test worker] DEBUG org.apache.http.wire - http-outgoing-0 << "[\r][\n]"
13:18:11.299 [Test worker] DEBUG org.apache.http.wire - http-outgoing-0 << "38[\r][\n]"
13:18:11.299 [Test worker] DEBUG org.apache.http.headers - http-outgoing-0 << HTTP/1.1 200 OK
13:18:11.299 [Test worker] DEBUG org.apache.http.headers - http-outgoing-0 << Content-Type: application/json
13:18:11.299 [Test worker] DEBUG org.apache.http.headers - http-outgoing-0 << Transfer-Encoding: chunked
13:18:11.299 [Test worker] DEBUG org.apache.http.headers - http-outgoing-0 << Server: Jetty(9.4.28.v20200408)
13:18:11.300 [Test worker] DEBUG org.apache.http.impl.execchain.MainClientExec - Connection can be kept alive indefinitely
13:18:11.300 [qtp824248140-24] DEBUG org.eclipse.jetty.io.ChannelEndPoint - flushed 116 NetworkTrafficSocketChannelEndPoint@5c83d21{/127.0.0.1:64952<->/127.0.0.1:8080,OPEN,fill=-,flush=W,to=21/30000}{io=0/0,kio=0,kro=1}->HttpConnection@6d895b6e[p=HttpParser{s=END,63 of 63},g=HttpGenerator@54c679a9{s=COMMITTED}]=>HttpChannelOverHttp@4adcbb1c{s=HttpChannelState@131607a{s=HANDLING rs=BLOCKING os=COMMITTED is=READY awp=false se=false i=true al=0},r=5,c=false/false,a=HANDLING,uri=//localhost:8080/__admin/requests/count,age=22}
13:18:11.300 [Test worker] DEBUG org.apache.http.wire - http-outgoing-0 << "{[\r][\n]"
13:18:11.301 [Test worker] DEBUG org.apache.http.wire - http-outgoing-0 << "  "count" : 0,[\r][\n]"
13:18:11.301 [Test worker] DEBUG org.apache.http.wire - http-outgoing-0 << "  "requestJournalDisabled" : false[\r][\n]"
13:18:11.301 [Test worker] DEBUG org.apache.http.wire - http-outgoing-0 << "}"
13:18:11.301 [qtp824248140-24] DEBUG org.eclipse.jetty.io.ChannelEndPoint - flushed 56 NetworkTrafficSocketChannelEndPoint@5c83d21{/127.0.0.1:64952<->/127.0.0.1:8080,OPEN,fill=-,flush=W,to=0/30000}{io=0/0,kio=0,kro=1}->HttpConnection@6d895b6e[p=HttpParser{s=END,63 of 63},g=HttpGenerator@54c679a9{s=COMMITTED}]=>HttpChannelOverHttp@4adcbb1c{s=HttpChannelState@131607a{s=HANDLING rs=BLOCKING os=COMMITTED is=READY awp=false se=false i=true al=0},r=5,c=false/false,a=HANDLING,uri=//localhost:8080/__admin/requests/count,age=23}
13:18:11.301 [qtp824248140-24] DEBUG org.eclipse.jetty.io.WriteFlusher - Flushed=true written=172 remaining=0 WriteFlusher@5e80a9d5{WRITING}->null
13:18:11.301 [qtp824248140-24] DEBUG org.eclipse.jetty.io.WriteFlusher - update WriteFlusher@5e80a9d5{IDLE}->null:WRITING-->IDLE
13:18:11.301 [qtp824248140-24] DEBUG org.eclipse.jetty.server.HttpConnection - generate: DONE for org.eclipse.jetty.server.HttpConnection$SendCallback@4252d2[PROCESSING][i=HTTP/1.1{s=200,h=1,cl=-1},cb=org.eclipse.jetty.server.HttpChannel$SendCallback@1a9debb9] ([p=116,l=116,c=8192,r=0],[p=56,l=56,c=32768,r=0],false)@COMMITTED
13:18:11.301 [qtp824248140-24] DEBUG org.eclipse.jetty.server.HttpOutput - onWriteComplete(false,null) s=OPEN,api=BLOCKED,sc=false,e=null->s=OPEN,api=BLOCKING,sc=false,e=null c=null cb=null w=false
13:18:11.302 [qtp824248140-24] DEBUG org.eclipse.jetty.server.HttpOutput - close() s=CLOSING,api=BLOCKED,sc=false,e=null c=HeapByteBuffer@137d328[p=0,l=0,c=0,r=0]={<<<>>>} b=Blocker@788766c6{null}
13:18:11.302 [qtp824248140-24] DEBUG org.eclipse.jetty.server.HttpChannel - sendResponse info=null content=HeapByteBuffer@137d328[p=0,l=0,c=0,r=0]={<<<>>>} complete=true committing=false callback=Blocker@788766c6{null}
13:18:11.302 [qtp824248140-24] DEBUG org.eclipse.jetty.server.HttpConnection - generate: CONTINUE for org.eclipse.jetty.server.HttpConnection$SendCallback@4252d2[PROCESSING][i=null,cb=org.eclipse.jetty.server.HttpChannel$SendCallback@53349eff] (null,[p=0,l=0,c=0,r=0],true)@COMPLETING
13:18:11.302 [qtp824248140-24] DEBUG org.eclipse.jetty.server.HttpConnection - generate: NEED_CHUNK for org.eclipse.jetty.server.HttpConnection$SendCallback@4252d2[PROCESSING][i=null,cb=org.eclipse.jetty.server.HttpChannel$SendCallback@53349eff] (null,[p=0,l=0,c=0,r=0],true)@COMPLETING
13:18:11.302 [qtp824248140-24] DEBUG org.eclipse.jetty.server.HttpConnection - generate: FLUSH for org.eclipse.jetty.server.HttpConnection$SendCallback@4252d2[PROCESSING][i=null,cb=org.eclipse.jetty.server.HttpChannel$SendCallback@53349eff] (null,[p=0,l=0,c=0,r=0],true)@COMPLETING
13:18:11.302 [qtp824248140-24] DEBUG org.eclipse.jetty.io.WriteFlusher - write: WriteFlusher@5e80a9d5{IDLE}->null [HeapByteBuffer@29acffbb[p=0,l=7,c=1024,r=7]={<<<\r\n0\r\n\r\n>>>\x00\x00\x00\x00\x00\x00\x00\x00\x00...\x00\x00\x00\x00\x00\x00\x00}]
13:18:11.302 [qtp824248140-24] DEBUG org.eclipse.jetty.io.WriteFlusher - update WriteFlusher@5e80a9d5{WRITING}->null:IDLE-->WRITING
13:18:11.302 [Test worker] DEBUG org.apache.http.wire - http-outgoing-0 << "[\r][\n]"
13:18:11.302 [Test worker] DEBUG org.apache.http.wire - http-outgoing-0 << "0[\r][\n]"
13:18:11.302 [Test worker] DEBUG org.apache.http.wire - http-outgoing-0 << "[\r][\n]"
13:18:11.302 [Test worker] DEBUG org.apache.http.impl.conn.PoolingHttpClientConnectionManager - Connection [id: 0][route: {}->http://localhost:8080] can be kept alive indefinitely
13:18:11.302 [Test worker] DEBUG org.apache.http.impl.conn.DefaultManagedHttpClientConnection - http-outgoing-0: set socket timeout to 0
13:18:11.302 [Test worker] DEBUG org.apache.http.impl.conn.PoolingHttpClientConnectionManager - Connection released: [id: 0][route: {}->http://localhost:8080][total available: 1; route allocated: 1 of 5; total allocated: 1 of 50]
13:18:11.304 [Test worker] DEBUG org.eclipse.jetty.util.component.AbstractLifeCycle - stopping Server@35ed1b9d{STARTED}[9.4.28.v20200408]
13:18:11.304 [Test worker] DEBUG org.eclipse.jetty.server.Server - doStop Server@35ed1b9d{STOPPING}[9.4.28.v20200408]
13:18:11.307 [Test worker] DEBUG org.eclipse.jetty.util.component.AbstractLifeCycle - stopping NetworkTrafficServerConnector@6a7c003b{HTTP/1.1, (http/1.1)}{0.0.0.0:8080}
13:18:11.308 [Test worker] DEBUG org.eclipse.jetty.util.component.AbstractLifeCycle - stopping SelectorManager@NetworkTrafficServerConnector@6a7c003b{HTTP/1.1, (http/1.1)}{0.0.0.0:8080}
13:18:11.308 [Test worker] DEBUG org.eclipse.jetty.util.component.AbstractLifeCycle - stopping ManagedSelector@61fc9209{STARTED} id=1 keys=2 selected=0 updates=0
13:18:11.308 [Test worker] DEBUG org.eclipse.jetty.io.ManagedSelector - Queued change org.eclipse.jetty.io.ManagedSelector$CloseConnections@249787e1 on ManagedSelector@61fc9209{STOPPING} id=1 keys=2 selected=0 updates=0
13:18:11.308 [Test worker] DEBUG org.eclipse.jetty.io.ManagedSelector - Wakeup on submit ManagedSelector@61fc9209{STOPPING} id=1 keys=2 selected=0 updates=1
13:18:11.309 [qtp824248140-23] DEBUG org.eclipse.jetty.io.ManagedSelector - Selector sun.nio.ch.WindowsSelectorImpl@79f2d02e woken with none selected
13:18:11.309 [qtp824248140-23] DEBUG org.eclipse.jetty.io.ManagedSelector - Selector sun.nio.ch.WindowsSelectorImpl@79f2d02e woken up from select, 0/0/2 selected
13:18:11.309 [qtp824248140-23] DEBUG org.eclipse.jetty.io.ManagedSelector - Selector sun.nio.ch.WindowsSelectorImpl@79f2d02e processing 0 keys, 1 updates
13:18:11.309 [qtp824248140-23] DEBUG org.eclipse.jetty.io.ManagedSelector - updateable 1
13:18:11.309 [qtp824248140-23] DEBUG org.eclipse.jetty.io.ManagedSelector - update org.eclipse.jetty.io.ManagedSelector$CloseConnections@249787e1
13:18:11.309 [qtp824248140-23] DEBUG org.eclipse.jetty.io.ManagedSelector - Closing 2 connections on ManagedSelector@61fc9209{STOPPING} id=1 keys=2 selected=0 updates=0
13:18:11.316 [qtp824248140-23] DEBUG org.eclipse.jetty.io.AbstractEndPoint - close NetworkTrafficSocketChannelEndPoint@5c83d21{/127.0.0.1:64952<->/127.0.0.1:8080,OPEN,fill=-,flush=W,to=14/30000}{io=0/0,kio=0,kro=1}->HttpConnection@6d895b6e[p=HttpParser{s=END,63 of 63},g=HttpGenerator@54c679a9{s=COMPLETING}]=>HttpChannelOverHttp@4adcbb1c{s=HttpChannelState@131607a{s=HANDLING rs=BLOCKING os=COMMITTED is=READY awp=false se=false i=true al=0},r=5,c=false/false,a=HANDLING,uri=//localhost:8080/__admin/requests/count,age=38}
13:18:11.316 [qtp824248140-23] DEBUG org.eclipse.jetty.io.AbstractEndPoint - close(null) NetworkTrafficSocketChannelEndPoint@5c83d21{/127.0.0.1:64952<->/127.0.0.1:8080,OPEN,fill=-,flush=W,to=14/30000}{io=0/0,kio=0,kro=1}->HttpConnection@6d895b6e[p=HttpParser{s=END,63 of 63},g=HttpGenerator@54c679a9{s=COMPLETING}]=>HttpChannelOverHttp@4adcbb1c{s=HttpChannelState@131607a{s=HANDLING rs=BLOCKING os=COMMITTED is=READY awp=false se=false i=true al=0},r=5,c=false/false,a=HANDLING,uri=//localhost:8080/__admin/requests/count,age=38}
13:18:11.316 [qtp824248140-23] DEBUG org.eclipse.jetty.io.ChannelEndPoint - doClose NetworkTrafficSocketChannelEndPoint@5c83d21{/127.0.0.1:64952<->/127.0.0.1:8080,CLOSED,fill=-,flush=W,to=15/30000}{io=0/0,kio=0,kro=1}->HttpConnection@6d895b6e[p=HttpParser{s=END,63 of 63},g=HttpGenerator@54c679a9{s=COMPLETING}]=>HttpChannelOverHttp@4adcbb1c{s=HttpChannelState@131607a{s=HANDLING rs=BLOCKING os=COMMITTED is=READY awp=false se=false i=true al=0},r=5,c=false/false,a=HANDLING,uri=//localhost:8080/__admin/requests/count,age=38}
13:18:11.317 [qtp824248140-24] DEBUG org.eclipse.jetty.io.ChannelEndPoint - flushed 7 NetworkTrafficSocketChannelEndPoint@5c83d21{/127.0.0.1:64952<->/127.0.0.1:8080,OPEN,fill=-,flush=W,to=9/30000}{io=0/0,kio=0,kro=1}->HttpConnection@6d895b6e[p=HttpParser{s=END,63 of 63},g=HttpGenerator@54c679a9{s=COMPLETING}]=>HttpChannelOverHttp@4adcbb1c{s=HttpChannelState@131607a{s=HANDLING rs=BLOCKING os=COMMITTED is=READY awp=false se=false i=true al=0},r=5,c=false/false,a=HANDLING,uri=//localhost:8080/__admin/requests/count,age=39}
13:18:11.317 [qtp824248140-24] DEBUG org.eclipse.jetty.io.WriteFlusher - Flushed=true written=7 remaining=0 WriteFlusher@5e80a9d5{WRITING}->null
13:18:11.317 [qtp824248140-24] DEBUG org.eclipse.jetty.io.WriteFlusher - update WriteFlusher@5e80a9d5{IDLE}->null:WRITING-->IDLE
13:18:11.317 [qtp824248140-24] DEBUG org.eclipse.jetty.server.HttpConnection - generate: DONE for org.eclipse.jetty.server.HttpConnection$SendCallback@4252d2[PROCESSING][i=null,cb=org.eclipse.jetty.server.HttpChannel$SendCallback@53349eff] (null,[p=0,l=0,c=0,r=0],true)@END
13:18:11.317 [qtp824248140-23] DEBUG org.eclipse.jetty.io.WriteFlusher - failed: WriteFlusher@5e80a9d5{WRITING}->null
java.nio.channels.ClosedChannelException: null
	at org.eclipse.jetty.io.WriteFlusher.onClose(WriteFlusher.java:528)
	at org.eclipse.jetty.io.AbstractEndPoint.onClose(AbstractEndPoint.java:354)
	at org.eclipse.jetty.io.ChannelEndPoint.onClose(ChannelEndPoint.java:214)
	at org.eclipse.jetty.io.NetworkTrafficSocketChannelEndPoint.onClose(NetworkTrafficSocketChannelEndPoint.java:100)
	at org.eclipse.jetty.io.AbstractEndPoint.doOnClose(AbstractEndPoint.java:225)
	at org.eclipse.jetty.io.AbstractEndPoint.close(AbstractEndPoint.java:192)
	at org.eclipse.jetty.io.AbstractEndPoint.close(AbstractEndPoint.java:175)
	at org.eclipse.jetty.io.AbstractConnection.close(AbstractConnection.java:254)
	at org.eclipse.jetty.util.IO.close(IO.java:374)
	at org.eclipse.jetty.io.ManagedSelector$CloseConnections.update(ManagedSelector.java:877)
	at org.eclipse.jetty.io.ManagedSelector$SelectorProducer.processUpdates(ManagedSelector.java:434)
	at org.eclipse.jetty.io.ManagedSelector$SelectorProducer.produce(ManagedSelector.java:405)
	at org.eclipse.jetty.util.thread.strategy.EatWhatYouKill.produceTask(EatWhatYouKill.java:360)
	at org.eclipse.jetty.util.thread.strategy.EatWhatYouKill.doProduce(EatWhatYouKill.java:184)
	at org.eclipse.jetty.util.thread.strategy.EatWhatYouKill.tryProduce(EatWhatYouKill.java:171)
	at org.eclipse.jetty.util.thread.strategy.EatWhatYouKill.run(EatWhatYouKill.java:129)
	at org.eclipse.jetty.util.thread.ReservedThreadExecutor$ReservedThread.run(ReservedThreadExecutor.java:375)
	at org.eclipse.jetty.util.thread.QueuedThreadPool.runJob(QueuedThreadPool.java:806)
	at org.eclipse.jetty.util.thread.QueuedThreadPool$Runner.run(QueuedThreadPool.java:938)
	at java.base/java.lang.Thread.run(Thread.java:834)
13:18:11.317 [qtp824248140-23] DEBUG org.eclipse.jetty.io.WriteFlusher - update WriteFlusher@5e80a9d5{IDLE}->null:WRITING!->FAILED
13:18:11.317 [qtp824248140-24] DEBUG org.eclipse.jetty.io.AbstractEndPoint - shutdownOutput NetworkTrafficSocketChannelEndPoint@5c83d21{/127.0.0.1:64952<->/127.0.0.1:8080,CLOSED,fill=-,flush=-,to=0/30000}{io=0/0,kio=-1,kro=-1}->HttpConnection@6d895b6e[p=HttpParser{s=END,63 of 63},g=HttpGenerator@54c679a9{s=END}]=>HttpChannelOverHttp@4adcbb1c{s=HttpChannelState@131607a{s=HANDLING rs=BLOCKING os=COMPLETED is=READY awp=false se=false i=true al=0},r=5,c=false/true,a=HANDLING,uri=//localhost:8080/__admin/requests/count,age=39}
13:18:11.317 [qtp824248140-23] DEBUG org.eclipse.jetty.io.WriteFlusher - ignored: WriteFlusher@5e80a9d5{IDLE}->null
java.nio.channels.ClosedChannelException: null
	at org.eclipse.jetty.io.WriteFlusher.onClose(WriteFlusher.java:528)
	at org.eclipse.jetty.io.AbstractEndPoint.onClose(AbstractEndPoint.java:354)
	at org.eclipse.jetty.io.ChannelEndPoint.onClose(ChannelEndPoint.java:214)
	at org.eclipse.jetty.io.NetworkTrafficSocketChannelEndPoint.onClose(NetworkTrafficSocketChannelEndPoint.java:100)
	at org.eclipse.jetty.io.AbstractEndPoint.doOnClose(AbstractEndPoint.java:225)
	at org.eclipse.jetty.io.AbstractEndPoint.close(AbstractEndPoint.java:192)
	at org.eclipse.jetty.io.AbstractEndPoint.close(AbstractEndPoint.java:175)
	at org.eclipse.jetty.io.AbstractConnection.close(AbstractConnection.java:254)
	at org.eclipse.jetty.util.IO.close(IO.java:374)
	at org.eclipse.jetty.io.ManagedSelector$CloseConnections.update(ManagedSelector.java:877)
	at org.eclipse.jetty.io.ManagedSelector$SelectorProducer.processUpdates(ManagedSelector.java:434)
	at org.eclipse.jetty.io.ManagedSelector$SelectorProducer.produce(ManagedSelector.java:405)
	at org.eclipse.jetty.util.thread.strategy.EatWhatYouKill.produceTask(EatWhatYouKill.java:360)
	at org.eclipse.jetty.util.thread.strategy.EatWhatYouKill.doProduce(EatWhatYouKill.java:184)
	at org.eclipse.jetty.util.thread.strategy.EatWhatYouKill.tryProduce(EatWhatYouKill.java:171)
	at org.eclipse.jetty.util.thread.strategy.EatWhatYouKill.run(EatWhatYouKill.java:129)
	at org.eclipse.jetty.util.thread.ReservedThreadExecutor$ReservedThread.run(ReservedThreadExecutor.java:375)
	at org.eclipse.jetty.util.thread.QueuedThreadPool.runJob(QueuedThreadPool.java:806)
	at org.eclipse.jetty.util.thread.QueuedThreadPool$Runner.run(QueuedThreadPool.java:938)
	at java.base/java.lang.Thread.run(Thread.java:834)
13:18:11.318 [qtp824248140-23] DEBUG org.eclipse.jetty.io.FillInterest - onClose FillInterest@73330a74{null}
13:18:11.318 [qtp824248140-23] DEBUG org.eclipse.jetty.io.ManagedSelector - Wakeup ManagedSelector@61fc9209{STOPPING} id=1 keys=2 selected=0 updates=0
13:18:11.318 [qtp824248140-23] DEBUG org.eclipse.jetty.util.thread.QueuedThreadPool - queue org.eclipse.jetty.io.ManagedSelector$DestroyEndPoint@d2ee3d startThread=0
13:18:11.318 [qtp824248140-23] DEBUG org.eclipse.jetty.io.AbstractEndPoint - close NetworkTrafficSocketChannelEndPoint@e15bde{/127.0.0.1:64964<->/127.0.0.1:8080,OPEN,fill=FI,flush=-,to=1548/30000}{io=1/1,kio=1,kro=1}->HttpConnection@4b0008a0[p=HttpParser{s=START,0 of -1},g=HttpGenerator@41b585b5{s=START}]=>HttpChannelOverHttp@dc8d72f{s=HttpChannelState@7a04d7ba{s=IDLE rs=BLOCKING os=OPEN is=IDLE awp=false se=false i=true al=0},r=1,c=false/false,a=IDLE,uri=null,age=0}
13:18:11.318 [qtp824248140-23] DEBUG org.eclipse.jetty.io.AbstractEndPoint - close(null) NetworkTrafficSocketChannelEndPoint@e15bde{/127.0.0.1:64964<->/127.0.0.1:8080,OPEN,fill=FI,flush=-,to=1548/30000}{io=1/1,kio=1,kro=1}->HttpConnection@4b0008a0[p=HttpParser{s=START,0 of -1},g=HttpGenerator@41b585b5{s=START}]=>HttpChannelOverHttp@dc8d72f{s=HttpChannelState@7a04d7ba{s=IDLE rs=BLOCKING os=OPEN is=IDLE awp=false se=false i=true al=0},r=1,c=false/false,a=IDLE,uri=null,age=0}
13:18:11.318 [qtp824248140-23] DEBUG org.eclipse.jetty.io.ChannelEndPoint - doClose NetworkTrafficSocketChannelEndPoint@e15bde{/127.0.0.1:64964<->/127.0.0.1:8080,CLOSED,fill=FI,flush=-,to=1548/30000}{io=1/1,kio=1,kro=1}->HttpConnection@4b0008a0[p=HttpParser{s=START,0 of -1},g=HttpGenerator@41b585b5{s=START}]=>HttpChannelOverHttp@dc8d72f{s=HttpChannelState@7a04d7ba{s=IDLE rs=BLOCKING os=OPEN is=IDLE awp=false se=false i=true al=0},r=1,c=false/false,a=IDLE,uri=null,age=0}
13:18:11.319 [qtp824248140-23] DEBUG org.eclipse.jetty.io.FillInterest - onClose FillInterest@a0f5303{AC.ReadCB@4b0008a0{HttpConnection@4b0008a0::NetworkTrafficSocketChannelEndPoint@e15bde{/127.0.0.1:64964<->/127.0.0.1:8080,CLOSED,fill=FI,flush=-,to=1549/30000}{io=1/1,kio=-1,kro=-1}->HttpConnection@4b0008a0[p=HttpParser{s=START,0 of -1},g=HttpGenerator@41b585b5{s=START}]=>HttpChannelOverHttp@dc8d72f{s=HttpChannelState@7a04d7ba{s=IDLE rs=BLOCKING os=OPEN is=IDLE awp=false se=false i=true al=0},r=1,c=false/false,a=IDLE,uri=null,age=0}}}
13:18:11.321 [qtp824248140-23] DEBUG org.eclipse.jetty.http.HttpParser - close HttpParser{s=START,0 of -1}
13:18:11.321 [qtp824248140-23] DEBUG org.eclipse.jetty.http.HttpParser - START --> CLOSE
13:18:11.322 [qtp824248140-23] DEBUG org.eclipse.jetty.io.AbstractConnection - HttpConnection@4b0008a0::NetworkTrafficSocketChannelEndPoint@e15bde{/127.0.0.1:64964<->/127.0.0.1:8080,CLOSED,fill=-,flush=-,to=1552/30000}{io=1/1,kio=-1,kro=-1}->HttpConnection@4b0008a0[p=HttpParser{s=CLOSE,0 of -1},g=HttpGenerator@41b585b5{s=START}]=>HttpChannelOverHttp@dc8d72f{s=HttpChannelState@7a04d7ba{s=IDLE rs=BLOCKING os=OPEN is=IDLE awp=false se=false i=true al=0},r=1,c=false/false,a=IDLE,uri=null,age=0} onFillInterestedFailed {}
13:18:11.322 [qtp824248140-23] DEBUG org.eclipse.jetty.io.ManagedSelector - Wakeup ManagedSelector@61fc9209{STOPPING} id=1 keys=2 selected=0 updates=0
13:18:11.322 [qtp824248140-23] DEBUG org.eclipse.jetty.util.thread.QueuedThreadPool - queue org.eclipse.jetty.io.ManagedSelector$DestroyEndPoint@23a3239e startThread=1
13:18:11.322 [qtp824248140-23] DEBUG org.eclipse.jetty.util.thread.QueuedThreadPool - Starting Thread[qtp824248140-32,5,main]
13:18:11.322 [qtp824248140-23] DEBUG org.eclipse.jetty.io.ManagedSelector - updates 0
13:18:11.322 [qtp824248140-23] DEBUG org.eclipse.jetty.io.ManagedSelector - Selector sun.nio.ch.WindowsSelectorImpl@79f2d02e waiting with 2 keys
13:18:11.323 [Test worker] DEBUG org.eclipse.jetty.io.ManagedSelector - Queued change org.eclipse.jetty.io.ManagedSelector$StopSelector@62864e96 on ManagedSelector@61fc9209{STOPPING} id=1 keys=0 selected=0 updates=0
13:18:11.323 [Test worker] DEBUG org.eclipse.jetty.io.ManagedSelector - Wakeup on submit ManagedSelector@61fc9209{STOPPING} id=1 keys=0 selected=0 updates=1
13:18:11.323 [qtp824248140-23] DEBUG org.eclipse.jetty.io.ManagedSelector - Selector sun.nio.ch.WindowsSelectorImpl@79f2d02e woken with none selected
13:18:11.323 [qtp824248140-23] DEBUG org.eclipse.jetty.io.ManagedSelector - Selector sun.nio.ch.WindowsSelectorImpl@79f2d02e woken up from select, 0/0/0 selected
13:18:11.323 [qtp824248140-23] DEBUG org.eclipse.jetty.io.ManagedSelector - Selector sun.nio.ch.WindowsSelectorImpl@79f2d02e processing 0 keys, 1 updates
13:18:11.323 [qtp824248140-23] DEBUG org.eclipse.jetty.io.ManagedSelector - updateable 1
13:18:11.323 [qtp824248140-23] DEBUG org.eclipse.jetty.io.ManagedSelector - update org.eclipse.jetty.io.ManagedSelector$StopSelector@62864e96
13:18:11.324 [qtp824248140-23] DEBUG org.eclipse.jetty.io.ManagedSelector - updates 0
13:18:11.324 [Test worker] DEBUG org.eclipse.jetty.util.component.AbstractLifeCycle - stopping EatWhatYouKill@36d30a44/SelectorProducer@a77e489/PRODUCING/p=false/QueuedThreadPool[qtp824248140]@3121074c{STARTED,8<=9<=14,i=0,r=1,q=0}[ReservedThreadExecutor@238f6469{s=1/1,p=0}][pc=0,pic=0,pec=1,epc=4]@2020-09-25T13:18:11.3244458+02:00
13:18:11.324 [qtp824248140-23] DEBUG org.eclipse.jetty.util.thread.ReservedThreadExecutor - ReservedThreadExecutor@238f6469{s=1/1,p=0}@7058916b size 1 > capacity
13:18:11.324 [qtp824248140-23] DEBUG org.eclipse.jetty.util.thread.QueuedThreadPool - ran ReservedThreadExecutor@238f6469{s=1/1,p=0}@7058916b in QueuedThreadPool[qtp824248140]@3121074c{STARTED,8<=9<=14,i=0,r=1,q=0}[ReservedThreadExecutor@238f6469{s=1/1,p=0}]
13:18:11.324 [qtp824248140-23] DEBUG org.eclipse.jetty.util.thread.QueuedThreadPool - run org.eclipse.jetty.io.ManagedSelector$DestroyEndPoint@d2ee3d in QueuedThreadPool[qtp824248140]@3121074c{STARTED,8<=9<=14,i=1,r=1,q=0}[ReservedThreadExecutor@238f6469{s=1/1,p=0}]
13:18:11.324 [qtp824248140-23] DEBUG org.eclipse.jetty.io.ManagedSelector - Destroyed NetworkTrafficSocketChannelEndPoint@5c83d21{/127.0.0.1:64952<->/127.0.0.1:8080,CLOSED,fill=-,flush=-,to=7/30000}{io=0/0,kio=-1,kro=-1}->HttpConnection@6d895b6e[p=HttpParser{s=END,63 of 63},g=HttpGenerator@54c679a9{s=END}]=>HttpChannelOverHttp@4adcbb1c{s=HttpChannelState@131607a{s=HANDLING rs=BLOCKING os=COMPLETED is=READY awp=false se=false i=true al=0},r=5,c=false/true,a=HANDLING,uri=//localhost:8080/__admin/requests/count,age=46}
13:18:11.325 [Test worker] DEBUG org.eclipse.jetty.util.component.AbstractLifeCycle - STOPPED EatWhatYouKill@36d30a44/SelectorProducer@a77e489/IDLE/p=false/QueuedThreadPool[qtp824248140]@3121074c{STARTED,8<=9<=14,i=0,r=1,q=0}[ReservedThreadExecutor@238f6469{s=1/1,p=0}][pc=0,pic=0,pec=1,epc=4]@2020-09-25T13:18:11.3244458+02:00
13:18:11.318 [qtp824248140-24] DEBUG org.eclipse.jetty.server.HttpOutput - onWriteComplete(true,null) s=CLOSING,api=BLOCKED,sc=false,e=null->s=CLOSED,api=BLOCKING,sc=false,e=null c=null cb=null w=false
13:18:11.321 [reactor-http-nio-1] DEBUG reactor.netty.resources.PooledConnectionProvider - [id: 0x816336b0, L:/127.0.0.1:64964 ! R:localhost/127.0.0.1:8080] onStateChange(PooledConnection{channel=[id: 0x816336b0, L:/127.0.0.1:64964 ! R:localhost/127.0.0.1:8080]}, [disconnecting])
13:18:11.325 [Test worker] DEBUG org.eclipse.jetty.util.component.AbstractLifeCycle - STOPPED ManagedSelector@61fc9209{STOPPED} id=1 keys=-1 selected=-1 updates=0
13:18:11.325 [Test worker] DEBUG org.eclipse.jetty.util.component.AbstractLifeCycle - stopping ManagedSelector@19f48377{STARTED} id=0 keys=1 selected=0 updates=0
13:18:11.325 [Test worker] DEBUG org.eclipse.jetty.io.ManagedSelector - Queued change org.eclipse.jetty.io.ManagedSelector$CloseConnections@76a0571e on ManagedSelector@19f48377{STOPPING} id=0 keys=1 selected=0 updates=0
13:18:11.325 [Test worker] DEBUG org.eclipse.jetty.io.ManagedSelector - Wakeup on submit ManagedSelector@19f48377{STOPPING} id=0 keys=1 selected=0 updates=1
13:18:11.325 [qtp824248140-23] DEBUG org.eclipse.jetty.io.AbstractConnection - onClose HttpConnection@6d895b6e::NetworkTrafficSocketChannelEndPoint@5c83d21{/127.0.0.1:64952<->/127.0.0.1:8080,CLOSED,fill=-,flush=-,to=7/30000}{io=0/0,kio=-1,kro=-1}->HttpConnection@6d895b6e[p=HttpParser{s=END,63 of 63},g=HttpGenerator@54c679a9{s=END}]=>HttpChannelOverHttp@4adcbb1c{s=HttpChannelState@131607a{s=HANDLING rs=BLOCKING os=COMPLETED is=READY awp=false se=false i=true al=0},r=5,c=false/true,a=HANDLING,uri=//localhost:8080/__admin/requests/count,age=47}
13:18:11.325 [qtp824248140-23] DEBUG org.eclipse.jetty.util.thread.QueuedThreadPool - ran org.eclipse.jetty.io.ManagedSelector$DestroyEndPoint@d2ee3d in QueuedThreadPool[qtp824248140]@3121074c{STARTED,8<=9<=14,i=1,r=1,q=0}[ReservedThreadExecutor@238f6469{s=1/1,p=0}]
13:18:11.325 [qtp824248140-20] DEBUG org.eclipse.jetty.io.ManagedSelector - Selector sun.nio.ch.WindowsSelectorImpl@6fac80d8 woken with none selected
13:18:11.325 [qtp824248140-23] DEBUG org.eclipse.jetty.util.thread.QueuedThreadPool - run org.eclipse.jetty.io.ManagedSelector$DestroyEndPoint@23a3239e in QueuedThreadPool[qtp824248140]@3121074c{STARTED,8<=9<=14,i=2,r=1,q=0}[ReservedThreadExecutor@238f6469{s=1/1,p=0}]
13:18:11.325 [qtp824248140-20] DEBUG org.eclipse.jetty.io.ManagedSelector - Selector sun.nio.ch.WindowsSelectorImpl@6fac80d8 woken up from select, 0/0/1 selected
13:18:11.325 [qtp824248140-20] DEBUG org.eclipse.jetty.io.ManagedSelector - Selector sun.nio.ch.WindowsSelectorImpl@6fac80d8 processing 0 keys, 1 updates
13:18:11.325 [qtp824248140-20] DEBUG org.eclipse.jetty.io.ManagedSelector - updateable 1
13:18:11.325 [qtp824248140-20] DEBUG org.eclipse.jetty.io.ManagedSelector - update org.eclipse.jetty.io.ManagedSelector$CloseConnections@76a0571e
13:18:11.325 [qtp824248140-20] DEBUG org.eclipse.jetty.io.ManagedSelector - Closing 1 connections on ManagedSelector@19f48377{STOPPING} id=0 keys=1 selected=0 updates=0
13:18:11.326 [qtp824248140-23] DEBUG org.eclipse.jetty.io.ManagedSelector - Destroyed NetworkTrafficSocketChannelEndPoint@e15bde{/127.0.0.1:64964<->/127.0.0.1:8080,CLOSED,fill=-,flush=-,to=1556/30000}{io=1/1,kio=-1,kro=-1}->HttpConnection@4b0008a0[p=HttpParser{s=CLOSE,0 of -1},g=HttpGenerator@41b585b5{s=START}]=>HttpChannelOverHttp@dc8d72f{s=HttpChannelState@7a04d7ba{s=IDLE rs=BLOCKING os=OPEN is=IDLE awp=false se=false i=true al=0},r=1,c=false/false,a=IDLE,uri=null,age=0}
13:18:11.326 [qtp824248140-20] DEBUG org.eclipse.jetty.io.AbstractEndPoint - close NetworkTrafficSocketChannelEndPoint@54884eec{/127.0.0.1:64963<->/127.0.0.1:8080,OPEN,fill=FI,flush=-,to=662/30000}{io=1/1,kio=1,kro=1}->HttpConnection@2bcfd4ee[p=HttpParser{s=START,0 of -1},g=HttpGenerator@3da61055{s=START}]=>HttpChannelOverHttp@610e7a35{s=HttpChannelState@5275071b{s=IDLE rs=BLOCKING os=OPEN is=IDLE awp=false se=false i=true al=0},r=2,c=false/false,a=IDLE,uri=null,age=0}
13:18:11.326 [qtp824248140-20] DEBUG org.eclipse.jetty.io.AbstractEndPoint - close(null) NetworkTrafficSocketChannelEndPoint@54884eec{/127.0.0.1:64963<->/127.0.0.1:8080,OPEN,fill=FI,flush=-,to=662/30000}{io=1/1,kio=1,kro=1}->HttpConnection@2bcfd4ee[p=HttpParser{s=START,0 of -1},g=HttpGenerator@3da61055{s=START}]=>HttpChannelOverHttp@610e7a35{s=HttpChannelState@5275071b{s=IDLE rs=BLOCKING os=OPEN is=IDLE awp=false se=false i=true al=0},r=2,c=false/false,a=IDLE,uri=null,age=0}
13:18:11.326 [qtp824248140-23] DEBUG org.eclipse.jetty.io.AbstractConnection - onClose HttpConnection@4b0008a0::NetworkTrafficSocketChannelEndPoint@e15bde{/127.0.0.1:64964<->/127.0.0.1:8080,CLOSED,fill=-,flush=-,to=1556/30000}{io=1/1,kio=-1,kro=-1}->HttpConnection@4b0008a0[p=HttpParser{s=CLOSE,0 of -1},g=HttpGenerator@41b585b5{s=START}]=>HttpChannelOverHttp@dc8d72f{s=HttpChannelState@7a04d7ba{s=IDLE rs=BLOCKING os=OPEN is=IDLE awp=false se=false i=true al=0},r=1,c=false/false,a=IDLE,uri=null,age=0}
13:18:11.326 [qtp824248140-23] DEBUG org.eclipse.jetty.util.thread.QueuedThreadPool - ran org.eclipse.jetty.io.ManagedSelector$DestroyEndPoint@23a3239e in QueuedThreadPool[qtp824248140]@3121074c{STARTED,8<=9<=14,i=2,r=1,q=0}[ReservedThreadExecutor@238f6469{s=1/1,p=0}]
13:18:11.326 [qtp824248140-20] DEBUG org.eclipse.jetty.io.ChannelEndPoint - doClose NetworkTrafficSocketChannelEndPoint@54884eec{/127.0.0.1:64963<->/127.0.0.1:8080,CLOSED,fill=FI,flush=-,to=662/30000}{io=1/1,kio=1,kro=1}->HttpConnection@2bcfd4ee[p=HttpParser{s=START,0 of -1},g=HttpGenerator@3da61055{s=START}]=>HttpChannelOverHttp@610e7a35{s=HttpChannelState@5275071b{s=IDLE rs=BLOCKING os=OPEN is=IDLE awp=false se=false i=true al=0},r=2,c=false/false,a=IDLE,uri=null,age=0}
13:18:11.326 [qtp824248140-20] DEBUG org.eclipse.jetty.io.FillInterest - onClose FillInterest@2feb1a06{AC.ReadCB@2bcfd4ee{HttpConnection@2bcfd4ee::NetworkTrafficSocketChannelEndPoint@54884eec{/127.0.0.1:64963<->/127.0.0.1:8080,CLOSED,fill=FI,flush=-,to=662/30000}{io=1/1,kio=-1,kro=-1}->HttpConnection@2bcfd4ee[p=HttpParser{s=START,0 of -1},g=HttpGenerator@3da61055{s=START}]=>HttpChannelOverHttp@610e7a35{s=HttpChannelState@5275071b{s=IDLE rs=BLOCKING os=OPEN is=IDLE awp=false se=false i=true al=0},r=2,c=false/false,a=IDLE,uri=null,age=0}}}
13:18:11.326 [qtp824248140-20] DEBUG org.eclipse.jetty.http.HttpParser - close HttpParser{s=START,0 of -1}
13:18:11.326 [qtp824248140-20] DEBUG org.eclipse.jetty.http.HttpParser - START --> CLOSE
13:18:11.326 [qtp824248140-20] DEBUG org.eclipse.jetty.io.AbstractConnection - HttpConnection@2bcfd4ee::NetworkTrafficSocketChannelEndPoint@54884eec{/127.0.0.1:64963<->/127.0.0.1:8080,CLOSED,fill=-,flush=-,to=663/30000}{io=1/1,kio=-1,kro=-1}->HttpConnection@2bcfd4ee[p=HttpParser{s=CLOSE,0 of -1},g=HttpGenerator@3da61055{s=START}]=>HttpChannelOverHttp@610e7a35{s=HttpChannelState@5275071b{s=IDLE rs=BLOCKING os=OPEN is=IDLE awp=false se=false i=true al=0},r=2,c=false/false,a=IDLE,uri=null,age=0} onFillInterestedFailed {}
13:18:11.327 [qtp824248140-20] DEBUG org.eclipse.jetty.io.ManagedSelector - Wakeup ManagedSelector@19f48377{STOPPING} id=0 keys=1 selected=0 updates=0
13:18:11.327 [qtp824248140-20] DEBUG org.eclipse.jetty.util.thread.QueuedThreadPool - queue org.eclipse.jetty.io.ManagedSelector$DestroyEndPoint@df229dd startThread=0
13:18:11.327 [qtp824248140-20] DEBUG org.eclipse.jetty.io.ManagedSelector - updates 0
13:18:11.327 [qtp824248140-20] DEBUG org.eclipse.jetty.io.ManagedSelector - Selector sun.nio.ch.WindowsSelectorImpl@6fac80d8 waiting with 1 keys
13:18:11.327 [reactor-http-nio-1] DEBUG reactor.netty.resources.PooledConnectionProvider - [id: 0x9c15a5a1, L:/127.0.0.1:64963 ! R:localhost/127.0.0.1:8080] onStateChange(PooledConnection{channel=[id: 0x9c15a5a1, L:/127.0.0.1:64963 ! R:localhost/127.0.0.1:8080]}, [disconnecting])
13:18:11.327 [Test worker] DEBUG org.eclipse.jetty.io.ManagedSelector - Queued change org.eclipse.jetty.io.ManagedSelector$StopSelector@6e907ea4 on ManagedSelector@19f48377{STOPPING} id=0 keys=0 selected=0 updates=0
13:18:11.327 [Test worker] DEBUG org.eclipse.jetty.io.ManagedSelector - Wakeup on submit ManagedSelector@19f48377{STOPPING} id=0 keys=0 selected=0 updates=1
13:18:11.328 [qtp824248140-20] DEBUG org.eclipse.jetty.io.ManagedSelector - Selector sun.nio.ch.WindowsSelectorImpl@6fac80d8 woken with none selected
13:18:11.328 [qtp824248140-24] DEBUG org.eclipse.jetty.server.handler.gzip.GzipHandler - GzipHandler@42831d1d{STARTED,min=32,inflate=-1} handle Request[POST //localhost:8080/__admin/requests/count]@7239355a in null
13:18:11.328 [qtp824248140-20] DEBUG org.eclipse.jetty.io.ManagedSelector - Selector sun.nio.ch.WindowsSelectorImpl@6fac80d8 woken up from select, 0/0/0 selected
13:18:11.328 [qtp824248140-20] DEBUG org.eclipse.jetty.io.ManagedSelector - Selector sun.nio.ch.WindowsSelectorImpl@6fac80d8 processing 0 keys, 1 updates
13:18:11.328 [qtp824248140-20] DEBUG org.eclipse.jetty.io.ManagedSelector - updateable 1
13:18:11.328 [qtp824248140-20] DEBUG org.eclipse.jetty.io.ManagedSelector - update org.eclipse.jetty.io.ManagedSelector$StopSelector@6e907ea4
13:18:11.328 [qtp824248140-24] DEBUG org.eclipse.jetty.server.handler.ContextHandler - scope null||/__admin/requests/count @ o.e.j.s.ServletContextHandler@62d767f{/,null,SHUTDOWN}
13:18:11.328 [qtp824248140-20] DEBUG org.eclipse.jetty.io.ManagedSelector - updates 0
13:18:11.328 [qtp824248140-24] DEBUG org.eclipse.jetty.server.HttpChannelState - sendError HttpChannelState@131607a{s=HANDLING rs=BLOCKING os=COMPLETED is=READY awp=false se=false i=true al=0}
13:18:11.328 [Test worker] DEBUG org.eclipse.jetty.util.component.AbstractLifeCycle - stopping EatWhatYouKill@6fa9da72/SelectorProducer@53886ac6/PRODUCING/p=false/QueuedThreadPool[qtp824248140]@3121074c{STARTED,8<=9<=14,i=2,r=1,q=0}[ReservedThreadExecutor@238f6469{s=1/1,p=0}][pc=0,pic=0,pec=0,epc=2]@2020-09-25T13:18:11.3284443+02:00
13:18:11.328 [qtp824248140-20] DEBUG org.eclipse.jetty.util.thread.ReservedThreadExecutor - ReservedThreadExecutor@238f6469{s=1/1,p=0}@1e1e1c94 size 1 > capacity
13:18:11.328 [qtp824248140-20] DEBUG org.eclipse.jetty.util.thread.QueuedThreadPool - ran ReservedThreadExecutor@238f6469{s=1/1,p=0}@1e1e1c94 in QueuedThreadPool[qtp824248140]@3121074c{STARTED,8<=9<=14,i=2,r=1,q=0}[ReservedThreadExecutor@238f6469{s=1/1,p=0}]
13:18:11.328 [qtp824248140-20] DEBUG org.eclipse.jetty.util.thread.QueuedThreadPool - run org.eclipse.jetty.io.ManagedSelector$DestroyEndPoint@df229dd in QueuedThreadPool[qtp824248140]@3121074c{STARTED,8<=9<=14,i=3,r=1,q=0}[ReservedThreadExecutor@238f6469{s=1/1,p=0}]
13:18:11.328 [Test worker] DEBUG org.eclipse.jetty.util.component.AbstractLifeCycle - STOPPED EatWhatYouKill@6fa9da72/SelectorProducer@53886ac6/IDLE/p=false/QueuedThreadPool[qtp824248140]@3121074c{STARTED,8<=9<=14,i=2,r=1,q=0}[ReservedThreadExecutor@238f6469{s=1/1,p=0}][pc=0,pic=0,pec=0,epc=2]@2020-09-25T13:18:11.3284443+02:00
13:18:11.329 [Test worker] DEBUG org.eclipse.jetty.util.component.AbstractLifeCycle - STOPPED ManagedSelector@19f48377{STOPPED} id=0 keys=-1 selected=-1 updates=0
13:18:11.329 [qtp824248140-20] DEBUG org.eclipse.jetty.io.ManagedSelector - Destroyed NetworkTrafficSocketChannelEndPoint@54884eec{/127.0.0.1:64963<->/127.0.0.1:8080,CLOSED,fill=-,flush=-,to=665/30000}{io=1/1,kio=-1,kro=-1}->HttpConnection@2bcfd4ee[p=HttpParser{s=CLOSE,0 of -1},g=HttpGenerator@3da61055{s=START}]=>HttpChannelOverHttp@610e7a35{s=HttpChannelState@5275071b{s=IDLE rs=BLOCKING os=OPEN is=IDLE awp=false se=false i=true al=0},r=2,c=false/false,a=IDLE,uri=null,age=0}
13:18:11.329 [Test worker] DEBUG org.eclipse.jetty.util.component.AbstractLifeCycle - STOPPED SelectorManager@NetworkTrafficServerConnector@6a7c003b{HTTP/1.1, (http/1.1)}{0.0.0.0:8080}
13:18:11.329 [Test worker] DEBUG org.eclipse.jetty.util.component.AbstractLifeCycle - stopping HttpConnectionFactory@454ca7aa[HTTP/1.1]
13:18:11.329 [qtp824248140-20] DEBUG org.eclipse.jetty.io.AbstractConnection - onClose HttpConnection@2bcfd4ee::NetworkTrafficSocketChannelEndPoint@54884eec{/127.0.0.1:64963<->/127.0.0.1:8080,CLOSED,fill=-,flush=-,to=665/30000}{io=1/1,kio=-1,kro=-1}->HttpConnection@2bcfd4ee[p=HttpParser{s=CLOSE,0 of -1},g=HttpGenerator@3da61055{s=START}]=>HttpChannelOverHttp@610e7a35{s=HttpChannelState@5275071b{s=IDLE rs=BLOCKING os=OPEN is=IDLE awp=false se=false i=true al=0},r=2,c=false/false,a=IDLE,uri=null,age=0}
13:18:11.329 [Test worker] DEBUG org.eclipse.jetty.util.component.AbstractLifeCycle - STOPPED HttpConnectionFactory@454ca7aa[HTTP/1.1]
13:18:11.329 [Test worker] DEBUG org.eclipse.jetty.util.component.AbstractLifeCycle - stopping ScheduledExecutorScheduler@74ee0887{STARTED}
13:18:11.329 [qtp824248140-20] DEBUG org.eclipse.jetty.util.thread.QueuedThreadPool - ran org.eclipse.jetty.io.ManagedSelector$DestroyEndPoint@df229dd in QueuedThreadPool[qtp824248140]@3121074c{STARTED,8<=9<=14,i=3,r=1,q=0}[ReservedThreadExecutor@238f6469{s=1/1,p=0}]
13:18:11.329 [Test worker] DEBUG org.eclipse.jetty.util.component.AbstractLifeCycle - STOPPED ScheduledExecutorScheduler@74ee0887{STOPPED}
13:18:11.329 [Test worker] INFO org.eclipse.jetty.server.AbstractConnector - Stopped NetworkTrafficServerConnector@6a7c003b{HTTP/1.1, (http/1.1)}{0.0.0.0:8080}
13:18:11.329 [Test worker] DEBUG org.eclipse.jetty.util.component.AbstractLifeCycle - STOPPED NetworkTrafficServerConnector@6a7c003b{HTTP/1.1, (http/1.1)}{0.0.0.0:8080}
13:18:11.329 [Test worker] DEBUG org.eclipse.jetty.server.handler.AbstractHandler - stopping Server@35ed1b9d{STOPPING}[9.4.28.v20200408]
13:18:11.329 [Test worker] DEBUG org.eclipse.jetty.util.component.AbstractLifeCycle - stopping ErrorHandler@456cfdb7{STARTED}
13:18:11.329 [Test worker] DEBUG org.eclipse.jetty.server.handler.AbstractHandler - stopping ErrorHandler@456cfdb7{STOPPING}
13:18:11.329 [Test worker] DEBUG org.eclipse.jetty.util.component.AbstractLifeCycle - STOPPED ErrorHandler@456cfdb7{STOPPED}
13:18:11.329 [Test worker] DEBUG org.eclipse.jetty.util.component.AbstractLifeCycle - stopping HandlerCollection@3bfe8ca3{STARTED}
13:18:11.329 [Test worker] DEBUG org.eclipse.jetty.server.handler.AbstractHandler - stopping HandlerCollection@3bfe8ca3{STOPPING}
13:18:11.330 [Test worker] DEBUG org.eclipse.jetty.util.component.AbstractLifeCycle - stopping GzipHandler@42831d1d{STARTED,min=32,inflate=-1}
13:18:11.330 [Test worker] DEBUG org.eclipse.jetty.server.handler.AbstractHandler - stopping GzipHandler@42831d1d{STOPPING,min=32,inflate=-1}
13:18:11.330 [Test worker] DEBUG org.eclipse.jetty.util.component.AbstractLifeCycle - stopping o.e.j.s.ServletContextHandler@62d767f{/,null,SHUTDOWN}
13:18:11.330 [Test worker] DEBUG org.eclipse.jetty.server.handler.AbstractHandler - stopping o.e.j.s.ServletContextHandler@62d767f{/,null,UNAVAILABLE}
13:18:11.330 [Test worker] DEBUG org.eclipse.jetty.util.component.AbstractLifeCycle - stopping NotFoundHandler@523928ab{STARTED}
13:18:11.330 [Test worker] DEBUG org.eclipse.jetty.server.handler.AbstractHandler - stopping NotFoundHandler@523928ab{STOPPING}
13:18:11.330 [Test worker] DEBUG org.eclipse.jetty.util.component.AbstractLifeCycle - STOPPED NotFoundHandler@523928ab{STOPPED}
13:18:11.330 [Test worker] DEBUG org.eclipse.jetty.util.component.AbstractLifeCycle - stopping ServletHandler@574cac87{STARTED}
13:18:11.330 [Test worker] DEBUG org.eclipse.jetty.server.handler.AbstractHandler - stopping ServletHandler@574cac87{STOPPING}
13:18:11.331 [Test worker] DEBUG org.eclipse.jetty.util.component.AbstractLifeCycle - stopping org.eclipse.jetty.servlets.CrossOriginFilter-14940e3c@14940e3c==org.eclipse.jetty.servlets.CrossOriginFilter,inst=true,async=true
13:18:11.331 [Test worker] DEBUG org.eclipse.jetty.util.component.AbstractLifeCycle - STOPPED org.eclipse.jetty.servlets.CrossOriginFilter-14940e3c@14940e3c==org.eclipse.jetty.servlets.CrossOriginFilter,inst=false,async=true
13:18:11.331 [Test worker] DEBUG org.eclipse.jetty.util.component.AbstractLifeCycle - stopping com.github.tomakehurst.wiremock.servlet.TrailingSlashFilter-18db2e65@18db2e65==com.github.tomakehurst.wiremock.servlet.TrailingSlashFilter,inst=true,async=true
13:18:11.331 [Test worker] DEBUG org.eclipse.jetty.util.component.AbstractLifeCycle - STOPPED com.github.tomakehurst.wiremock.servlet.TrailingSlashFilter-18db2e65@18db2e65==com.github.tomakehurst.wiremock.servlet.TrailingSlashFilter,inst=false,async=true
13:18:11.331 [Test worker] DEBUG org.eclipse.jetty.util.component.AbstractLifeCycle - stopping com.github.tomakehurst.wiremock.servlet.ContentTypeSettingFilter-5b8e1134@5b8e1134==com.github.tomakehurst.wiremock.servlet.ContentTypeSettingFilter,inst=true,async=true
13:18:11.331 [Test worker] DEBUG org.eclipse.jetty.util.component.AbstractLifeCycle - STOPPED com.github.tomakehurst.wiremock.servlet.ContentTypeSettingFilter-5b8e1134@5b8e1134==com.github.tomakehurst.wiremock.servlet.ContentTypeSettingFilter,inst=false,async=true
13:18:11.332 [qtp824248140-24] DEBUG org.eclipse.jetty.server.HttpChannel - /__admin/requests/count
java.lang.IllegalStateException: COMPLETED
	at org.eclipse.jetty.server.HttpChannelState.sendError(HttpChannelState.java:893)
	at org.eclipse.jetty.server.Response.sendError(Response.java:462)
	at org.eclipse.jetty.server.Response.sendError(Response.java:433)
	at org.eclipse.jetty.server.handler.ContextHandler.checkContext(ContextHandler.java:1183)
	at org.eclipse.jetty.server.handler.ContextHandler.doScope(ContextHandler.java:1223)
	at org.eclipse.jetty.server.handler.ScopedHandler.handle(ScopedHandler.java:141)
	at org.eclipse.jetty.server.handler.gzip.GzipHandler.handle(GzipHandler.java:767)
	at org.eclipse.jetty.server.handler.HandlerCollection.handle(HandlerCollection.java:146)
	at org.eclipse.jetty.server.handler.HandlerWrapper.handle(HandlerWrapper.java:127)
	at org.eclipse.jetty.server.Server.handle(Server.java:500)
	at org.eclipse.jetty.server.HttpChannel.lambda$handle$1(HttpChannel.java:383)
	at org.eclipse.jetty.server.HttpChannel.dispatch(HttpChannel.java:547)
	at org.eclipse.jetty.server.HttpChannel.handle(HttpChannel.java:375)
	at org.eclipse.jetty.server.HttpConnection.onFillable(HttpConnection.java:273)
	at org.eclipse.jetty.io.AbstractConnection$ReadCallback.succeeded(AbstractConnection.java:311)
	at org.eclipse.jetty.io.FillInterest.fillable(FillInterest.java:103)
	at org.eclipse.jetty.io.ChannelEndPoint$2.run(ChannelEndPoint.java:117)
	at org.eclipse.jetty.util.thread.strategy.EatWhatYouKill.runTask(EatWhatYouKill.java:336)
	at org.eclipse.jetty.util.thread.strategy.EatWhatYouKill.doProduce(EatWhatYouKill.java:313)
	at org.eclipse.jetty.util.thread.strategy.EatWhatYouKill.tryProduce(EatWhatYouKill.java:171)
	at org.eclipse.jetty.util.thread.strategy.EatWhatYouKill.run(EatWhatYouKill.java:129)
	at org.eclipse.jetty.util.thread.ReservedThreadExecutor$ReservedThread.run(ReservedThreadExecutor.java:375)
	at org.eclipse.jetty.util.thread.QueuedThreadPool.runJob(QueuedThreadPool.java:806)
	at org.eclipse.jetty.util.thread.QueuedThreadPool$Runner.run(QueuedThreadPool.java:938)
	at java.base/java.lang.Thread.run(Thread.java:834)
13:18:11.333 [qtp824248140-24] DEBUG org.eclipse.jetty.server.HttpConnection - abort HttpConnection@6d895b6e::NetworkTrafficSocketChannelEndPoint@5c83d21{/127.0.0.1:64952<->/127.0.0.1:8080,CLOSED,fill=-,flush=-,to=15/30000}{io=0/0,kio=-1,kro=-1}->HttpConnection@6d895b6e[p=HttpParser{s=END,63 of 63},g=HttpGenerator@54c679a9{s=END}]=>HttpChannelOverHttp@4adcbb1c{s=HttpChannelState@131607a{s=HANDLING rs=BLOCKING os=ABORTED is=READY awp=false se=false i=true al=0},r=5,c=false/false,a=HANDLING,uri=//localhost:8080/__admin/requests/count,age=55} {}
13:18:11.334 [Test worker] DEBUG org.eclipse.jetty.util.component.AbstractLifeCycle - stopping com.github.tomakehurst.wiremock.servlet.WireMockHandlerDispatchingServlet-11017c34@b54a7bdc==com.github.tomakehurst.wiremock.servlet.WireMockHandlerDispatchingServlet,jsp=null,order=-1,inst=true,async=true
13:18:11.334 [qtp824248140-24] DEBUG org.eclipse.jetty.io.AbstractEndPoint - close NetworkTrafficSocketChannelEndPoint@5c83d21{/127.0.0.1:64952<->/127.0.0.1:8080,CLOSED,fill=-,flush=-,to=16/30000}{io=0/0,kio=-1,kro=-1}->HttpConnection@6d895b6e[p=HttpParser{s=END,63 of 63},g=HttpGenerator@54c679a9{s=END}]=>HttpChannelOverHttp@4adcbb1c{s=HttpChannelState@131607a{s=HANDLING rs=BLOCKING os=ABORTED is=READY awp=false se=false i=true al=0},r=5,c=false/false,a=HANDLING,uri=//localhost:8080/__admin/requests/count,age=56}
13:18:11.334 [qtp824248140-24] DEBUG org.eclipse.jetty.io.AbstractEndPoint - close(null) NetworkTrafficSocketChannelEndPoint@5c83d21{/127.0.0.1:64952<->/127.0.0.1:8080,CLOSED,fill=-,flush=-,to=16/30000}{io=0/0,kio=-1,kro=-1}->HttpConnection@6d895b6e[p=HttpParser{s=END,63 of 63},g=HttpGenerator@54c679a9{s=END}]=>HttpChannelOverHttp@4adcbb1c{s=HttpChannelState@131607a{s=HANDLING rs=BLOCKING os=ABORTED is=READY awp=false se=false i=true al=0},r=5,c=false/false,a=HANDLING,uri=//localhost:8080/__admin/requests/count,age=56}
13:18:11.334 [qtp824248140-24] DEBUG org.eclipse.jetty.server.HttpChannelState - unhandle HttpChannelState@131607a{s=HANDLING rs=BLOCKING os=ABORTED is=READY awp=false se=false i=true al=0}
13:18:11.334 [qtp824248140-24] DEBUG org.eclipse.jetty.server.HttpChannelState - nextAction(false) COMPLETE HttpChannelState@131607a{s=HANDLING rs=COMPLETING os=ABORTED is=READY awp=false se=false i=false al=0}
13:18:11.334 [qtp824248140-24] DEBUG org.eclipse.jetty.server.HttpChannel - action COMPLETE HttpChannelOverHttp@4adcbb1c{s=HttpChannelState@131607a{s=HANDLING rs=COMPLETING os=ABORTED is=READY awp=false se=false i=false al=0},r=5,c=false/false,a=HANDLING,uri=//localhost:8080/__admin/requests/count,age=56}
13:18:11.334 [qtp824248140-24] DEBUG org.eclipse.jetty.server.HttpOutput - complete(org.eclipse.jetty.util.Callback$4@3e85d0e5) s=CLOSED,api=BLOCKING,sc=false,e=null s=true e=null, c=null
13:18:11.334 [qtp824248140-24] DEBUG org.eclipse.jetty.server.HttpChannelState - completed HttpChannelState@131607a{s=HANDLING rs=COMPLETING os=ABORTED is=READY awp=false se=false i=false al=0}
13:18:11.334 [qtp824248140-24] DEBUG org.eclipse.jetty.server.HttpChannelState - unhandle HttpChannelState@131607a{s=HANDLING rs=COMPLETED os=ABORTED is=READY awp=false se=false i=false al=0}
13:18:11.334 [qtp824248140-24] DEBUG org.eclipse.jetty.server.HttpChannelState - nextAction(false) TERMINATED HttpChannelState@131607a{s=IDLE rs=COMPLETED os=ABORTED is=READY awp=false se=false i=false al=0}
13:18:11.334 [qtp824248140-24] DEBUG org.eclipse.jetty.server.HttpChannel - action TERMINATED HttpChannelOverHttp@4adcbb1c{s=HttpChannelState@131607a{s=IDLE rs=COMPLETED os=ABORTED is=READY awp=false se=false i=false al=0},r=5,c=true/false,a=IDLE,uri=//localhost:8080/__admin/requests/count,age=56}
13:18:11.334 [qtp824248140-24] DEBUG org.eclipse.jetty.server.HttpChannel - onCompleted for /__admin/requests/count written=56
13:18:11.334 [qtp824248140-24] DEBUG org.eclipse.jetty.server.HttpChannelState - recycle HttpChannelState@131607a{s=IDLE rs=COMPLETED os=ABORTED is=READY awp=false se=false i=false al=0}
13:18:11.335 [Test worker] DEBUG org.eclipse.jetty.util.component.AbstractLifeCycle - STOPPED com.github.tomakehurst.wiremock.servlet.WireMockHandlerDispatchingServlet-11017c34@b54a7bdc==com.github.tomakehurst.wiremock.servlet.WireMockHandlerDispatchingServlet,jsp=null,order=-1,inst=false,async=true
13:18:11.335 [Test worker] DEBUG org.eclipse.jetty.util.component.AbstractLifeCycle - stopping org.eclipse.jetty.servlet.DefaultServlet-35d8900b@5415e9de==org.eclipse.jetty.servlet.DefaultServlet,jsp=null,order=-1,inst=false,async=true
13:18:11.335 [Test worker] DEBUG org.eclipse.jetty.util.component.AbstractLifeCycle - STOPPED org.eclipse.jetty.servlet.DefaultServlet-35d8900b@5415e9de==org.eclipse.jetty.servlet.DefaultServlet,jsp=null,order=-1,inst=false,async=true
13:18:11.337 [Test worker] DEBUG org.eclipse.jetty.util.component.AbstractLifeCycle - STOPPED ServletHandler@574cac87{STOPPED}
13:18:11.337 [Test worker] INFO org.eclipse.jetty.server.handler.ContextHandler - Stopped o.e.j.s.ServletContextHandler@62d767f{/,null,UNAVAILABLE}
13:18:11.337 [Test worker] DEBUG org.eclipse.jetty.util.component.AbstractLifeCycle - STOPPED o.e.j.s.ServletContextHandler@62d767f{/,null,UNAVAILABLE}
13:18:11.337 [Test worker] DEBUG org.eclipse.jetty.util.component.AbstractLifeCycle - STOPPED GzipHandler@42831d1d{STOPPED,min=32,inflate=-1}
13:18:11.337 [Test worker] DEBUG org.eclipse.jetty.util.component.AbstractLifeCycle - stopping o.e.j.s.ServletContextHandler@4bef83b{/__admin,null,SHUTDOWN}
13:18:11.337 [Test worker] DEBUG org.eclipse.jetty.server.handler.AbstractHandler - stopping o.e.j.s.ServletContextHandler@4bef83b{/__admin,null,UNAVAILABLE}
13:18:11.337 [Test worker] DEBUG org.eclipse.jetty.util.component.AbstractLifeCycle - stopping ServletHandler@4e968e6a{STARTED}
13:18:11.337 [Test worker] DEBUG org.eclipse.jetty.server.handler.AbstractHandler - stopping ServletHandler@4e968e6a{STOPPING}
13:18:11.337 [Test worker] DEBUG org.eclipse.jetty.util.component.AbstractLifeCycle - stopping org.eclipse.jetty.servlets.CrossOriginFilter-66fab470@66fab470==org.eclipse.jetty.servlets.CrossOriginFilter,inst=true,async=true
13:18:11.337 [Test worker] DEBUG org.eclipse.jetty.util.component.AbstractLifeCycle - STOPPED org.eclipse.jetty.servlets.CrossOriginFilter-66fab470@66fab470==org.eclipse.jetty.servlets.CrossOriginFilter,inst=false,async=true
13:18:11.337 [Test worker] DEBUG org.eclipse.jetty.util.component.AbstractLifeCycle - stopping com.github.tomakehurst.wiremock.servlet.WireMockHandlerDispatchingServlet-5caa16bf@54365==com.github.tomakehurst.wiremock.servlet.WireMockHandlerDispatchingServlet,jsp=null,order=-1,inst=true,async=true
13:18:11.337 [Test worker] DEBUG org.eclipse.jetty.util.component.AbstractLifeCycle - STOPPED com.github.tomakehurst.wiremock.servlet.WireMockHandlerDispatchingServlet-5caa16bf@54365==com.github.tomakehurst.wiremock.servlet.WireMockHandlerDispatchingServlet,jsp=null,order=-1,inst=false,async=true
13:18:11.335 [qtp824248140-24] DEBUG org.eclipse.jetty.http.HttpParser - close HttpParser{s=END,63 of 63}
13:18:11.337 [Test worker] DEBUG org.eclipse.jetty.util.component.AbstractLifeCycle - stopping org.eclipse.jetty.servlet.DefaultServlet-b85589b@5d4b18c==org.eclipse.jetty.servlet.DefaultServlet,jsp=null,order=-1,inst=false,async=true
13:18:11.338 [Test worker] DEBUG org.eclipse.jetty.util.component.AbstractLifeCycle - STOPPED org.eclipse.jetty.servlet.DefaultServlet-b85589b@5d4b18c==org.eclipse.jetty.servlet.DefaultServlet,jsp=null,order=-1,inst=false,async=true
13:18:11.338 [Test worker] DEBUG org.eclipse.jetty.util.component.AbstractLifeCycle - stopping org.eclipse.jetty.servlet.DefaultServlet-58247b16@6d001b34==org.eclipse.jetty.servlet.DefaultServlet,jsp=null,order=-1,inst=false,async=true
13:18:11.338 [qtp824248140-24] DEBUG org.eclipse.jetty.http.HttpParser - END --> CLOSE
13:18:11.338 [Test worker] DEBUG org.eclipse.jetty.util.component.AbstractLifeCycle - STOPPED org.eclipse.jetty.servlet.DefaultServlet-58247b16@6d001b34==org.eclipse.jetty.servlet.DefaultServlet,jsp=null,order=-1,inst=false,async=true
13:18:11.338 [Test worker] DEBUG org.eclipse.jetty.util.component.AbstractLifeCycle - STOPPED ServletHandler@4e968e6a{STOPPED}
13:18:11.338 [Test worker] INFO org.eclipse.jetty.server.handler.ContextHandler - Stopped o.e.j.s.ServletContextHandler@4bef83b{/__admin,null,UNAVAILABLE}
13:18:11.338 [qtp824248140-24] DEBUG org.eclipse.jetty.server.HttpChannel - !handle TERMINATED HttpChannelOverHttp@4adcbb1c{s=HttpChannelState@131607a{s=IDLE rs=BLOCKING os=OPEN is=IDLE awp=false se=false i=true al=0},r=5,c=false/false,a=IDLE,uri=null,age=0}
13:18:11.338 [Test worker] DEBUG org.eclipse.jetty.util.component.AbstractLifeCycle - STOPPED o.e.j.s.ServletContextHandler@4bef83b{/__admin,null,UNAVAILABLE}
13:18:11.338 [Test worker] DEBUG org.eclipse.jetty.util.component.AbstractLifeCycle - STOPPED HandlerCollection@3bfe8ca3{STOPPED}
13:18:11.338 [Test worker] DEBUG org.eclipse.jetty.util.component.AbstractLifeCycle - stopping QueuedThreadPool[qtp824248140]@3121074c{STARTED,8<=9<=14,i=4,r=1,q=0}[ReservedThreadExecutor@238f6469{s=1/1,p=0}]
13:18:11.339 [Test worker] DEBUG org.eclipse.jetty.util.thread.QueuedThreadPool - Stopping QueuedThreadPool[qtp824248140]@3121074c{STOPPING,8<=9<=14,i=4,r=-1,q=0}[ReservedThreadExecutor@238f6469{s=1/1,p=0}]
13:18:11.339 [Test worker] DEBUG org.eclipse.jetty.util.component.AbstractLifeCycle - stopping ReservedThreadExecutor@238f6469{s=1/1,p=0}
13:18:11.339 [Test worker] DEBUG org.eclipse.jetty.util.thread.ReservedThreadExecutor - ReservedThreadExecutor@238f6469{s=0/1,p=0}@6aefd6e0 offer STOP!
13:18:11.339 [Test worker] DEBUG org.eclipse.jetty.util.component.AbstractLifeCycle - STOPPED ReservedThreadExecutor@238f6469{s=-1/1,p=0}
13:18:11.339 [Test worker] DEBUG org.eclipse.jetty.util.component.AbstractLifeCycle - STOPPED QueuedThreadPool[qtp824248140]@3121074c{STOPPED,8<=0<=14,i=4,r=-1,q=0}[NO_TRY]
13:18:11.339 [Test worker] DEBUG org.eclipse.jetty.util.component.AbstractLifeCycle - STOPPED Server@35ed1b9d{STOPPED}[9.4.28.v20200408]
13:18:11.344 [Test worker] DEBUG org.eclipse.jetty.util.component.ContainerLifeCycle - Server@37e679cd{STOPPED}[9.4.28.v20200408] added {QueuedThreadPool[qtp336949043]@14156f33{STOPPED,8<=0<=14,i=0,r=-1,q=0}[NO_TRY],AUTO}
13:18:11.344 [Test worker] DEBUG org.eclipse.jetty.util.component.ContainerLifeCycle - HttpConnectionFactory@55738316[HTTP/1.1] added {HttpConfiguration@13e556a0{32768/8192,8192/8192,https://:0,[]},POJO}
13:18:11.345 [qtp824248140-24] DEBUG org.eclipse.jetty.server.HttpConnection - HttpConnection@6d895b6e::NetworkTrafficSocketChannelEndPoint@5c83d21{/127.0.0.1:64952<->/127.0.0.1:8080,CLOSED,fill=-,flush=-,to=21/30000}{io=0/0,kio=-1,kro=-1}->HttpConnection@6d895b6e[p=HttpParser{s=CLOSE,63 of 63},g=HttpGenerator@54c679a9{s=START}]=>HttpChannelOverHttp@4adcbb1c{s=HttpChannelState@131607a{s=IDLE rs=BLOCKING os=OPEN is=IDLE awp=false se=false i=true al=0},r=5,c=false/false,a=IDLE,uri=null,age=0} onFillable exit HttpChannelState@131607a{s=IDLE rs=BLOCKING os=OPEN is=IDLE awp=false se=false i=true al=0} null
13:18:11.345 [qtp824248140-24] DEBUG org.eclipse.jetty.util.thread.ReservedThreadExecutor - ReservedThreadExecutor@238f6469{s=-1/1,p=0}@454c973f Exited
13:18:11.345 [qtp824248140-24] DEBUG org.eclipse.jetty.util.thread.QueuedThreadPool - ran ReservedThreadExecutor@238f6469{s=-1/1,p=0}@454c973f in QueuedThreadPool[qtp824248140]@3121074c{STOPPED,8<=0<=14,i=4,r=-1,q=0}[NO_TRY]
13:18:11.345 [qtp824248140-24] DEBUG org.eclipse.jetty.util.thread.QueuedThreadPool - Thread[qtp824248140-24,5,main] exited for QueuedThreadPool[qtp824248140]@3121074c{STOPPED,8<=0<=14,i=4,r=-1,q=0}[NO_TRY]
13:18:11.353 [qtp824248140-22] DEBUG org.eclipse.jetty.util.thread.QueuedThreadPool - ran qtp824248140-22-acceptor-0@7b71cf78-NetworkTrafficServerConnector@6a7c003b{HTTP/1.1, (http/1.1)}{0.0.0.0:8080} in QueuedThreadPool[qtp824248140]@3121074c{STOPPED,8<=0<=14,i=4,r=-1,q=0}[NO_TRY]
13:18:11.353 [qtp824248140-22] DEBUG org.eclipse.jetty.util.thread.QueuedThreadPool - Thread[qtp824248140-22,5,main] exited for QueuedThreadPool[qtp824248140]@3121074c{STOPPED,8<=0<=14,i=4,r=-1,q=0}[NO_TRY]
13:18:11.493 [Test worker] DEBUG org.eclipse.jetty.util.component.ContainerLifeCycle - NetworkTrafficServerConnector@2c36df18{null, ()}{0.0.0.0:0} added {Server@37e679cd{STOPPED}[9.4.28.v20200408],UNMANAGED}
13:18:11.493 [Test worker] DEBUG org.eclipse.jetty.util.component.ContainerLifeCycle - NetworkTrafficServerConnector@2c36df18{null, ()}{0.0.0.0:0} added {QueuedThreadPool[qtp336949043]@14156f33{STOPPED,8<=0<=14,i=0,r=-1,q=0}[NO_TRY],AUTO}
13:18:11.493 [Test worker] DEBUG org.eclipse.jetty.util.component.ContainerLifeCycle - NetworkTrafficServerConnector@2c36df18{null, ()}{0.0.0.0:0} added {ScheduledExecutorScheduler@289ae342{STOPPED},AUTO}
13:18:11.494 [Test worker] DEBUG org.eclipse.jetty.util.component.ContainerLifeCycle - NetworkTrafficServerConnector@2c36df18{null, ()}{0.0.0.0:0} added {org.eclipse.jetty.io.ArrayByteBufferPool@6138ae74,POJO}
13:18:11.494 [Test worker] DEBUG org.eclipse.jetty.util.component.ContainerLifeCycle - NetworkTrafficServerConnector@2c36df18{null, (http/1.1)}{0.0.0.0:0} added {HttpConnectionFactory@55738316[HTTP/1.1],AUTO}
13:18:11.494 [Test worker] DEBUG org.eclipse.jetty.server.AbstractConnector - NetworkTrafficServerConnector@2c36df18{HTTP/1.1, (http/1.1)}{0.0.0.0:0} added HttpConnectionFactory@55738316[HTTP/1.1]
13:18:11.494 [Test worker] DEBUG org.eclipse.jetty.util.component.ContainerLifeCycle - NetworkTrafficServerConnector@2c36df18{HTTP/1.1, (http/1.1)}{0.0.0.0:0} added {SelectorManager@NetworkTrafficServerConnector@2c36df18{HTTP/1.1, (http/1.1)}{0.0.0.0:0},MANAGED}
13:18:11.494 [Test worker] DEBUG org.eclipse.jetty.util.component.ContainerLifeCycle - Server@37e679cd{STOPPED}[9.4.28.v20200408] added {NetworkTrafficServerConnector@2c36df18{HTTP/1.1, (http/1.1)}{0.0.0.0:8080},AUTO}
13:18:11.495 [Test worker] DEBUG org.eclipse.jetty.util.component.ContainerLifeCycle - Server@37e679cd{STOPPED}[9.4.28.v20200408] added {o.e.j.s.ServletContextHandler@58d1a4a5{/__admin,null,UNAVAILABLE},MANAGED}
13:18:11.495 [Test worker] DEBUG org.eclipse.jetty.util.DecoratedObjectFactory - Adding Decorator: org.eclipse.jetty.util.DeprecationWarning@42856eb8
13:18:11.495 [Test worker] DEBUG org.eclipse.jetty.util.component.ContainerLifeCycle - o.e.j.s.ServletContextHandler@58d1a4a5{/__admin,null,UNAVAILABLE} added {ServletHandler@3d7a1559{STOPPED},MANAGED}
13:18:11.499 [Test worker] DEBUG org.eclipse.jetty.util.component.ContainerLifeCycle - Server@37e679cd{STOPPED}[9.4.28.v20200408] added {o.e.j.s.ServletContextHandler@7b8a759f{/,null,UNAVAILABLE},MANAGED}
13:18:11.499 [Test worker] DEBUG org.eclipse.jetty.util.DecoratedObjectFactory - Adding Decorator: org.eclipse.jetty.util.DeprecationWarning@16372efd
13:18:11.499 [Test worker] DEBUG org.eclipse.jetty.util.component.ContainerLifeCycle - o.e.j.s.ServletContextHandler@7b8a759f{/,null,UNAVAILABLE} added {ServletHandler@588c1a7f{STOPPED},MANAGED}
13:18:11.499 [Test worker] DEBUG org.eclipse.jetty.util.component.ContainerLifeCycle - o.e.j.s.ServletContextHandler@7b8a759f{/,null,UNAVAILABLE} added {NotFoundHandler@14277aa2{STOPPED},MANAGED}
13:18:11.499 [Test worker] DEBUG org.eclipse.jetty.util.component.ContainerLifeCycle - HandlerCollection@5e85fbf5{STOPPED} added {o.e.j.s.ServletContextHandler@58d1a4a5{/__admin,null,UNAVAILABLE},AUTO}
13:18:11.501 [Test worker] DEBUG org.eclipse.jetty.http.pathmap.PathMappings - Added MappedResource[pathSpec=ServletPathSpec["*.svgz",pathDepth=0,group=SUFFIX_GLOB],resource=true] to PathMappings[size=1]
13:18:11.501 [Test worker] DEBUG org.eclipse.jetty.server.handler.gzip.GzipHandler - GzipHandler@74c28093{STOPPED,min=32,inflate=-1} mime types IncludeExclude@65e5f078{i=[],ip=CONTAINS,e=[image/ief, image/vnd.wap.wbmp, image/jpeg, application/bzip2, image/x-portable-graymap, application/brotli, image/bmp, image/gif, image/x-icon, audio/midi, video/x-msvideo, image/x-xbitmap, application/x-rar-compressed, image/x-portable-bitmap, image/x-rgb, image/x-cmu-raster, application/gzip, audio/x-wav, audio/x-pn-realaudio, audio/basic, application/compress, audio/x-aiff, video/x.ms.asx, video/x.ms.asf, image/png, video/vnd.rn-realvideo, image/x-xwindowdump, image/jpeg2000, video/x-sgi-movie, audio/mpeg, image/xcf, video/mpeg, image/x-portable-pixmap, image/tiff, image/x-portable-anymap, image/x-xpixmap, application/zip, video/quicktime, application/x-xz, video/mp4],ep=CONTAINS}
13:18:11.501 [Test worker] DEBUG org.eclipse.jetty.util.component.ContainerLifeCycle - GzipHandler@74c28093{STOPPED,min=32,inflate=-1} added {o.e.j.s.ServletContextHandler@7b8a759f{/,null,UNAVAILABLE},MANAGED}
13:18:11.501 [qtp824248140-32] DEBUG org.eclipse.jetty.util.thread.QueuedThreadPool - Runner started for QueuedThreadPool[qtp824248140]@3121074c{STOPPED,8<=0<=14,i=4,r=-1,q=0}[NO_TRY]
13:18:11.502 [qtp824248140-32] DEBUG org.eclipse.jetty.util.thread.QueuedThreadPool - Thread[qtp824248140-32,5,main] exited for QueuedThreadPool[qtp824248140]@3121074c{STOPPED,8<=0<=14,i=4,r=-1,q=0}[NO_TRY]
13:18:11.502 [Test worker] DEBUG org.eclipse.jetty.util.component.ContainerLifeCycle - HandlerCollection@5e85fbf5{STOPPED} added {GzipHandler@74c28093{STOPPED,min=32,inflate=-1},AUTO}
13:18:11.503 [Test worker] DEBUG org.eclipse.jetty.util.component.ContainerLifeCycle - Server@37e679cd{STOPPED}[9.4.28.v20200408] added {HandlerCollection@5e85fbf5{STOPPED},MANAGED}
13:18:11.503 [Test worker] DEBUG org.eclipse.jetty.util.component.AbstractLifeCycle - starting Server@37e679cd{STOPPED}[9.4.28.v20200408]
13:18:11.503 [Test worker] DEBUG org.eclipse.jetty.util.component.ContainerLifeCycle - Server@37e679cd{STARTING}[9.4.28.v20200408] added {ErrorHandler@57e7119f{STOPPED},AUTO}
13:18:11.503 [Test worker] INFO org.eclipse.jetty.server.Server - jetty-9.4.28.v20200408; built: 2020-04-08T17:49:39.557Z; git: ab228fde9e55e9164c738d7fa121f8ac5acd51c9; jvm 11.0.2+9
13:18:11.503 [Test worker] DEBUG org.eclipse.jetty.server.handler.AbstractHandler - starting Server@37e679cd{STARTING}[9.4.28.v20200408]
13:18:11.503 [Test worker] DEBUG org.eclipse.jetty.util.component.AbstractLifeCycle - starting QueuedThreadPool[qtp336949043]@14156f33{STOPPED,8<=0<=14,i=0,r=-1,q=0}[NO_TRY]
13:18:11.503 [Test worker] DEBUG org.eclipse.jetty.util.thread.ReservedThreadExecutor - ReservedThreadExecutor@264c02c5{s=0/1,p=0}
13:18:11.503 [Test worker] DEBUG org.eclipse.jetty.util.component.ContainerLifeCycle - QueuedThreadPool[qtp336949043]@14156f33{STARTING,8<=0<=14,i=0,r=-1,q=0}[ReservedThreadExecutor@264c02c5{s=0/1,p=0}] added {ReservedThreadExecutor@264c02c5{s=0/1,p=0},AUTO}
13:18:11.503 [Test worker] DEBUG org.eclipse.jetty.util.component.AbstractLifeCycle - starting ReservedThreadExecutor@264c02c5{s=0/1,p=0}
13:18:11.503 [Test worker] DEBUG org.eclipse.jetty.util.component.AbstractLifeCycle - STARTED @43060ms ReservedThreadExecutor@264c02c5{s=0/1,p=0}
13:18:11.504 [Test worker] DEBUG org.eclipse.jetty.util.thread.QueuedThreadPool - Starting Thread[qtp336949043-33,5,main]
13:18:11.504 [Test worker] DEBUG org.eclipse.jetty.util.thread.QueuedThreadPool - Starting Thread[qtp336949043-34,5,main]
13:18:11.505 [Test worker] DEBUG org.eclipse.jetty.util.thread.QueuedThreadPool - Starting Thread[qtp336949043-35,5,main]
13:18:11.507 [Test worker] DEBUG org.eclipse.jetty.util.thread.QueuedThreadPool - Starting Thread[qtp336949043-36,5,main]
13:18:11.507 [Test worker] DEBUG org.eclipse.jetty.util.thread.QueuedThreadPool - Starting Thread[qtp336949043-37,5,main]
13:18:11.508 [Test worker] DEBUG org.eclipse.jetty.util.thread.QueuedThreadPool - Starting Thread[qtp336949043-38,5,main]
13:18:11.509 [Test worker] DEBUG org.eclipse.jetty.util.thread.QueuedThreadPool - Starting Thread[qtp336949043-39,5,main]
13:18:11.509 [Test worker] DEBUG org.eclipse.jetty.util.thread.QueuedThreadPool - Starting Thread[qtp336949043-40,5,main]
13:18:11.510 [Test worker] DEBUG org.eclipse.jetty.util.component.AbstractLifeCycle - STARTED @43066ms QueuedThreadPool[qtp336949043]@14156f33{STARTED,8<=8<=14,i=8,r=1,q=0}[ReservedThreadExecutor@264c02c5{s=0/1,p=0}]
13:18:11.510 [Test worker] DEBUG org.eclipse.jetty.util.component.AbstractLifeCycle - starting HandlerCollection@5e85fbf5{STOPPED}
13:18:11.510 [Test worker] DEBUG org.eclipse.jetty.server.handler.AbstractHandler - starting HandlerCollection@5e85fbf5{STARTING}
13:18:11.510 [Test worker] DEBUG org.eclipse.jetty.util.component.AbstractLifeCycle - starting o.e.j.s.ServletContextHandler@58d1a4a5{/__admin,null,UNAVAILABLE}
13:18:11.510 [Test worker] DEBUG org.eclipse.jetty.server.handler.AbstractHandler - starting o.e.j.s.ServletContextHandler@58d1a4a5{/__admin,null,STARTING}
13:18:11.510 [Test worker] DEBUG org.eclipse.jetty.util.component.AbstractLifeCycle - starting ServletHandler@3d7a1559{STOPPED}
13:18:11.510 [Test worker] DEBUG org.eclipse.jetty.servlet.ServletHandler - Path=/recorder/*[EMBEDDED:null] mapped to servlet=org.eclipse.jetty.servlet.DefaultServlet-4c343c97[EMBEDDED:null]
13:18:11.510 [Test worker] DEBUG org.eclipse.jetty.http.pathmap.PathMappings - Added MappedResource[pathSpec=ServletPathSpec["/recorder/*",pathDepth=2,group=PREFIX_GLOB],resource=org.eclipse.jetty.servlet.DefaultServlet-4c343c97@e97dee1d==org.eclipse.jetty.servlet.DefaultServlet,jsp=null,order=-1,inst=false,async=true] to PathMappings[size=1]
13:18:11.510 [Test worker] DEBUG org.eclipse.jetty.servlet.ServletHandler - Path=/swagger-ui/*[EMBEDDED:null] mapped to servlet=org.eclipse.jetty.servlet.DefaultServlet-1995578c[EMBEDDED:null]
13:18:11.510 [Test worker] DEBUG org.eclipse.jetty.http.pathmap.PathMappings - Added MappedResource[pathSpec=ServletPathSpec["/swagger-ui/*",pathDepth=2,group=PREFIX_GLOB],resource=org.eclipse.jetty.servlet.DefaultServlet-1995578c@e601db0==org.eclipse.jetty.servlet.DefaultServlet,jsp=null,order=-1,inst=false,async=true] to PathMappings[size=2]
13:18:11.510 [Test worker] DEBUG org.eclipse.jetty.servlet.ServletHandler - Path=/[EMBEDDED:null] mapped to servlet=com.github.tomakehurst.wiremock.servlet.WireMockHandlerDispatchingServlet-25ad7b07[EMBEDDED:null]
13:18:11.511 [Test worker] DEBUG org.eclipse.jetty.http.pathmap.PathMappings - Added MappedResource[pathSpec=ServletPathSpec["/",pathDepth=-1,group=DEFAULT],resource=com.github.tomakehurst.wiremock.servlet.WireMockHandlerDispatchingServlet-25ad7b07@4730b6c6==com.github.tomakehurst.wiremock.servlet.WireMockHandlerDispatchingServlet,jsp=null,order=-1,inst=false,async=true] to PathMappings[size=3]
13:18:11.511 [Test worker] DEBUG org.eclipse.jetty.servlet.ServletHandler - filterNameMap={org.eclipse.jetty.servlets.CrossOriginFilter-48906236=org.eclipse.jetty.servlets.CrossOriginFilter-48906236@48906236==org.eclipse.jetty.servlets.CrossOriginFilter,inst=false,async=true}
13:18:11.511 [Test worker] DEBUG org.eclipse.jetty.servlet.ServletHandler - pathFilters=[[/*]/[]/[REQUEST]=>org.eclipse.jetty.servlets.CrossOriginFilter-48906236]
13:18:11.511 [Test worker] DEBUG org.eclipse.jetty.servlet.ServletHandler - servletFilterMap={}
13:18:11.511 [Test worker] DEBUG org.eclipse.jetty.servlet.ServletHandler - servletPathMap=PathMappings[size=3]
13:18:11.511 [Test worker] DEBUG org.eclipse.jetty.servlet.ServletHandler - servletNameMap={org.eclipse.jetty.servlet.DefaultServlet-1995578c=org.eclipse.jetty.servlet.DefaultServlet-1995578c@e601db0==org.eclipse.jetty.servlet.DefaultServlet,jsp=null,order=-1,inst=false,async=true, org.eclipse.jetty.servlet.DefaultServlet-4c343c97=org.eclipse.jetty.servlet.DefaultServlet-4c343c97@e97dee1d==org.eclipse.jetty.servlet.DefaultServlet,jsp=null,order=-1,inst=false,async=true, com.github.tomakehurst.wiremock.servlet.WireMockHandlerDispatchingServlet-25ad7b07=com.github.tomakehurst.wiremock.servlet.WireMockHandlerDispatchingServlet-25ad7b07@4730b6c6==com.github.tomakehurst.wiremock.servlet.WireMockHandlerDispatchingServlet,jsp=null,order=-1,inst=false,async=true}
13:18:11.511 [Test worker] DEBUG org.eclipse.jetty.server.handler.AbstractHandler - starting ServletHandler@3d7a1559{STARTING}
13:18:11.511 [Test worker] DEBUG org.eclipse.jetty.util.component.AbstractLifeCycle - STARTED @43067ms ServletHandler@3d7a1559{STARTED}
13:18:11.511 [Test worker] DEBUG org.eclipse.jetty.util.component.AbstractLifeCycle - starting org.eclipse.jetty.servlets.CrossOriginFilter-48906236@48906236==org.eclipse.jetty.servlets.CrossOriginFilter,inst=false,async=true
13:18:11.511 [Test worker] DEBUG org.eclipse.jetty.util.component.AbstractLifeCycle - STARTED @43067ms org.eclipse.jetty.servlets.CrossOriginFilter-48906236@48906236==org.eclipse.jetty.servlets.CrossOriginFilter,inst=false,async=true
13:18:11.511 [Test worker] DEBUG org.eclipse.jetty.servlet.FilterHolder - Filter.init org.eclipse.jetty.servlets.CrossOriginFilter@1c3a848d
13:18:11.511 [Test worker] DEBUG org.eclipse.jetty.servlets.CrossOriginFilter - Cross-origin filter configuration: allowedOrigins = *, allowedTimingOrigins = null, allowedMethods = OPTIONS,GET,POST,PUT,PATCH,DELETE, allowedHeaders = *, preflightMaxAge = 1800, allowCredentials = true,exposedHeaders = ,chainPreflight = false
13:18:11.511 [Test worker] DEBUG org.eclipse.jetty.util.component.AbstractLifeCycle - starting com.github.tomakehurst.wiremock.servlet.WireMockHandlerDispatchingServlet-25ad7b07@4730b6c6==com.github.tomakehurst.wiremock.servlet.WireMockHandlerDispatchingServlet,jsp=null,order=-1,inst=false,async=true
13:18:11.511 [Test worker] DEBUG org.eclipse.jetty.util.component.AbstractLifeCycle - STARTED @43067ms com.github.tomakehurst.wiremock.servlet.WireMockHandlerDispatchingServlet-25ad7b07@4730b6c6==com.github.tomakehurst.wiremock.servlet.WireMockHandlerDispatchingServlet,jsp=null,order=-1,inst=false,async=true
13:18:11.511 [Test worker] DEBUG org.eclipse.jetty.util.component.AbstractLifeCycle - starting org.eclipse.jetty.servlet.DefaultServlet-1995578c@e601db0==org.eclipse.jetty.servlet.DefaultServlet,jsp=null,order=-1,inst=false,async=true
13:18:11.511 [Test worker] DEBUG org.eclipse.jetty.util.component.AbstractLifeCycle - STARTED @43067ms org.eclipse.jetty.servlet.DefaultServlet-1995578c@e601db0==org.eclipse.jetty.servlet.DefaultServlet,jsp=null,order=-1,inst=false,async=true
13:18:11.511 [Test worker] DEBUG org.eclipse.jetty.util.component.AbstractLifeCycle - starting org.eclipse.jetty.servlet.DefaultServlet-4c343c97@e97dee1d==org.eclipse.jetty.servlet.DefaultServlet,jsp=null,order=-1,inst=false,async=true
13:18:11.511 [Test worker] DEBUG org.eclipse.jetty.util.component.AbstractLifeCycle - STARTED @43067ms org.eclipse.jetty.servlet.DefaultServlet-4c343c97@e97dee1d==org.eclipse.jetty.servlet.DefaultServlet,jsp=null,order=-1,inst=false,async=true
13:18:11.511 [Test worker] INFO org.eclipse.jetty.server.handler.ContextHandler - Started o.e.j.s.ServletContextHandler@58d1a4a5{/__admin,null,AVAILABLE}
13:18:11.511 [Test worker] DEBUG org.eclipse.jetty.util.component.AbstractLifeCycle - STARTED @43068ms o.e.j.s.ServletContextHandler@58d1a4a5{/__admin,null,AVAILABLE}
13:18:11.512 [Test worker] DEBUG org.eclipse.jetty.util.component.AbstractLifeCycle - starting GzipHandler@74c28093{STOPPED,min=32,inflate=-1}
13:18:11.512 [Test worker] DEBUG org.eclipse.jetty.server.handler.AbstractHandler - starting GzipHandler@74c28093{STARTING,min=32,inflate=-1}
13:18:11.512 [Test worker] DEBUG org.eclipse.jetty.util.component.AbstractLifeCycle - starting o.e.j.s.ServletContextHandler@7b8a759f{/,null,UNAVAILABLE}
13:18:11.512 [Test worker] DEBUG org.eclipse.jetty.server.handler.AbstractHandler - starting o.e.j.s.ServletContextHandler@7b8a759f{/,null,STARTING}
13:18:11.512 [Test worker] DEBUG org.eclipse.jetty.util.component.AbstractLifeCycle - starting ServletHandler@588c1a7f{STOPPED}
13:18:11.512 [Test worker] DEBUG org.eclipse.jetty.servlet.ServletHandler - Path=/__files/*[EMBEDDED:null] mapped to servlet=org.eclipse.jetty.servlet.DefaultServlet-13c6528a[EMBEDDED:null]
13:18:11.512 [Test worker] DEBUG org.eclipse.jetty.http.pathmap.PathMappings - Added MappedResource[pathSpec=ServletPathSpec["/__files/*",pathDepth=2,group=PREFIX_GLOB],resource=org.eclipse.jetty.servlet.DefaultServlet-13c6528a@18b448fa==org.eclipse.jetty.servlet.DefaultServlet,jsp=null,order=-1,inst=false,async=true] to PathMappings[size=1]
13:18:11.512 [Test worker] DEBUG org.eclipse.jetty.servlet.ServletHandler - Path=/[EMBEDDED:null] mapped to servlet=com.github.tomakehurst.wiremock.servlet.WireMockHandlerDispatchingServlet-3bc8fbe0[EMBEDDED:null]
13:18:11.512 [Test worker] DEBUG org.eclipse.jetty.http.pathmap.PathMappings - Added MappedResource[pathSpec=ServletPathSpec["/",pathDepth=-1,group=DEFAULT],resource=com.github.tomakehurst.wiremock.servlet.WireMockHandlerDispatchingServlet-3bc8fbe0@fc9d58f9==com.github.tomakehurst.wiremock.servlet.WireMockHandlerDispatchingServlet,jsp=null,order=-1,inst=false,async=true] to PathMappings[size=2]
13:18:11.512 [Test worker] DEBUG org.eclipse.jetty.servlet.ServletHandler - filterNameMap={com.github.tomakehurst.wiremock.servlet.ContentTypeSettingFilter-2cc0d5bb=com.github.tomakehurst.wiremock.servlet.ContentTypeSettingFilter-2cc0d5bb@2cc0d5bb==com.github.tomakehurst.wiremock.servlet.ContentTypeSettingFilter,inst=false,async=true, com.github.tomakehurst.wiremock.servlet.TrailingSlashFilter-db380ab=com.github.tomakehurst.wiremock.servlet.TrailingSlashFilter-db380ab@db380ab==com.github.tomakehurst.wiremock.servlet.TrailingSlashFilter,inst=false,async=true, org.eclipse.jetty.servlets.CrossOriginFilter-71d86d06=org.eclipse.jetty.servlets.CrossOriginFilter-71d86d06@71d86d06==org.eclipse.jetty.servlets.CrossOriginFilter,inst=false,async=true}
13:18:11.512 [Test worker] DEBUG org.eclipse.jetty.servlet.ServletHandler - pathFilters=[[/__files/*]/[]/[FORWARD]=>com.github.tomakehurst.wiremock.servlet.ContentTypeSettingFilter-2cc0d5bb, [/__files/*]/[]/[FORWARD, ERROR, INCLUDE, REQUEST, ASYNC]=>com.github.tomakehurst.wiremock.servlet.TrailingSlashFilter-db380ab, [/*]/[]/[REQUEST]=>org.eclipse.jetty.servlets.CrossOriginFilter-71d86d06]
13:18:11.512 [Test worker] DEBUG org.eclipse.jetty.servlet.ServletHandler - servletFilterMap={}
13:18:11.512 [Test worker] DEBUG org.eclipse.jetty.servlet.ServletHandler - servletPathMap=PathMappings[size=2]
13:18:11.512 [Test worker] DEBUG org.eclipse.jetty.servlet.ServletHandler - servletNameMap={com.github.tomakehurst.wiremock.servlet.WireMockHandlerDispatchingServlet-3bc8fbe0=com.github.tomakehurst.wiremock.servlet.WireMockHandlerDispatchingServlet-3bc8fbe0@fc9d58f9==com.github.tomakehurst.wiremock.servlet.WireMockHandlerDispatchingServlet,jsp=null,order=-1,inst=false,async=true, org.eclipse.jetty.servlet.DefaultServlet-13c6528a=org.eclipse.jetty.servlet.DefaultServlet-13c6528a@18b448fa==org.eclipse.jetty.servlet.DefaultServlet,jsp=null,order=-1,inst=false,async=true}
13:18:11.512 [Test worker] DEBUG org.eclipse.jetty.server.handler.AbstractHandler - starting ServletHandler@588c1a7f{STARTING}
13:18:11.512 [Test worker] DEBUG org.eclipse.jetty.util.component.AbstractLifeCycle - STARTED @43069ms ServletHandler@588c1a7f{STARTED}
13:18:11.513 [Test worker] DEBUG org.eclipse.jetty.util.component.AbstractLifeCycle - starting NotFoundHandler@14277aa2{STOPPED}
13:18:11.513 [Test worker] DEBUG org.eclipse.jetty.server.handler.AbstractHandler - starting NotFoundHandler@14277aa2{STARTING}
13:18:11.513 [Test worker] DEBUG org.eclipse.jetty.util.component.AbstractLifeCycle - STARTED @43069ms NotFoundHandler@14277aa2{STARTED}
13:18:11.513 [Test worker] DEBUG org.eclipse.jetty.util.component.AbstractLifeCycle - starting com.github.tomakehurst.wiremock.servlet.ContentTypeSettingFilter-2cc0d5bb@2cc0d5bb==com.github.tomakehurst.wiremock.servlet.ContentTypeSettingFilter,inst=false,async=true
13:18:11.513 [Test worker] DEBUG org.eclipse.jetty.util.component.AbstractLifeCycle - STARTED @43069ms com.github.tomakehurst.wiremock.servlet.ContentTypeSettingFilter-2cc0d5bb@2cc0d5bb==com.github.tomakehurst.wiremock.servlet.ContentTypeSettingFilter,inst=false,async=true
13:18:11.513 [Test worker] DEBUG org.eclipse.jetty.servlet.FilterHolder - Filter.init com.github.tomakehurst.wiremock.servlet.ContentTypeSettingFilter@6347a8a8
13:18:11.513 [Test worker] DEBUG org.eclipse.jetty.util.component.AbstractLifeCycle - starting com.github.tomakehurst.wiremock.servlet.TrailingSlashFilter-db380ab@db380ab==com.github.tomakehurst.wiremock.servlet.TrailingSlashFilter,inst=false,async=true
13:18:11.513 [Test worker] DEBUG org.eclipse.jetty.util.component.AbstractLifeCycle - STARTED @43069ms com.github.tomakehurst.wiremock.servlet.TrailingSlashFilter-db380ab@db380ab==com.github.tomakehurst.wiremock.servlet.TrailingSlashFilter,inst=false,async=true
13:18:11.513 [Test worker] DEBUG org.eclipse.jetty.servlet.FilterHolder - Filter.init com.github.tomakehurst.wiremock.servlet.TrailingSlashFilter@1f6a31a7
13:18:11.513 [Test worker] DEBUG org.eclipse.jetty.util.component.AbstractLifeCycle - starting org.eclipse.jetty.servlets.CrossOriginFilter-71d86d06@71d86d06==org.eclipse.jetty.servlets.CrossOriginFilter,inst=false,async=true
13:18:11.513 [Test worker] DEBUG org.eclipse.jetty.util.component.AbstractLifeCycle - STARTED @43069ms org.eclipse.jetty.servlets.CrossOriginFilter-71d86d06@71d86d06==org.eclipse.jetty.servlets.CrossOriginFilter,inst=false,async=true
13:18:11.513 [Test worker] DEBUG org.eclipse.jetty.servlet.FilterHolder - Filter.init org.eclipse.jetty.servlets.CrossOriginFilter@2c97f3fa
13:18:11.513 [Test worker] DEBUG org.eclipse.jetty.servlets.CrossOriginFilter - Cross-origin filter configuration: allowedOrigins = *, allowedTimingOrigins = null, allowedMethods = OPTIONS,GET,POST,PUT,PATCH,DELETE, allowedHeaders = *, preflightMaxAge = 1800, allowCredentials = true,exposedHeaders = ,chainPreflight = false
13:18:11.514 [Test worker] DEBUG org.eclipse.jetty.util.component.AbstractLifeCycle - starting com.github.tomakehurst.wiremock.servlet.WireMockHandlerDispatchingServlet-3bc8fbe0@fc9d58f9==com.github.tomakehurst.wiremock.servlet.WireMockHandlerDispatchingServlet,jsp=null,order=-1,inst=false,async=true
13:18:11.514 [Test worker] DEBUG org.eclipse.jetty.util.component.AbstractLifeCycle - STARTED @43071ms com.github.tomakehurst.wiremock.servlet.WireMockHandlerDispatchingServlet-3bc8fbe0@fc9d58f9==com.github.tomakehurst.wiremock.servlet.WireMockHandlerDispatchingServlet,jsp=null,order=-1,inst=false,async=true
13:18:11.514 [Test worker] DEBUG org.eclipse.jetty.util.component.AbstractLifeCycle - starting org.eclipse.jetty.servlet.DefaultServlet-13c6528a@18b448fa==org.eclipse.jetty.servlet.DefaultServlet,jsp=null,order=-1,inst=false,async=true
13:18:11.515 [Test worker] DEBUG org.eclipse.jetty.util.component.AbstractLifeCycle - STARTED @43071ms org.eclipse.jetty.servlet.DefaultServlet-13c6528a@18b448fa==org.eclipse.jetty.servlet.DefaultServlet,jsp=null,order=-1,inst=false,async=true
13:18:11.515 [Test worker] INFO org.eclipse.jetty.server.handler.ContextHandler - Started o.e.j.s.ServletContextHandler@7b8a759f{/,null,AVAILABLE}
13:18:11.515 [Test worker] DEBUG org.eclipse.jetty.util.component.AbstractLifeCycle - STARTED @43071ms o.e.j.s.ServletContextHandler@7b8a759f{/,null,AVAILABLE}
13:18:11.515 [Test worker] DEBUG org.eclipse.jetty.util.component.AbstractLifeCycle - STARTED @43071ms GzipHandler@74c28093{STARTED,min=32,inflate=-1}
13:18:11.515 [Test worker] DEBUG org.eclipse.jetty.util.component.AbstractLifeCycle - STARTED @43071ms HandlerCollection@5e85fbf5{STARTED}
13:18:11.515 [Test worker] DEBUG org.eclipse.jetty.util.component.AbstractLifeCycle - starting ErrorHandler@57e7119f{STOPPED}
13:18:11.515 [Test worker] DEBUG org.eclipse.jetty.server.handler.AbstractHandler - starting ErrorHandler@57e7119f{STARTING}
13:18:11.515 [Test worker] DEBUG org.eclipse.jetty.util.component.AbstractLifeCycle - STARTED @43072ms ErrorHandler@57e7119f{STARTED}
13:18:11.516 [Test worker] DEBUG org.eclipse.jetty.util.component.AbstractLifeCycle - starting NetworkTrafficServerConnector@2c36df18{HTTP/1.1, (http/1.1)}{0.0.0.0:8080}
13:18:11.516 [Test worker] DEBUG org.eclipse.jetty.util.component.ContainerLifeCycle - NetworkTrafficServerConnector@2c36df18{HTTP/1.1, (http/1.1)}{0.0.0.0:8080} added {sun.nio.ch.ServerSocketChannelImpl[/0:0:0:0:0:0:0:0:8080],POJO}
13:18:11.516 [Test worker] DEBUG org.eclipse.jetty.util.component.AbstractLifeCycle - starting ScheduledExecutorScheduler@289ae342{STOPPED}
13:18:11.516 [Test worker] DEBUG org.eclipse.jetty.util.component.AbstractLifeCycle - STARTED @43072ms ScheduledExecutorScheduler@289ae342{STARTED}
13:18:11.516 [Test worker] DEBUG org.eclipse.jetty.util.component.AbstractLifeCycle - starting HttpConnectionFactory@55738316[HTTP/1.1]
13:18:11.516 [Test worker] DEBUG org.eclipse.jetty.util.component.AbstractLifeCycle - STARTED @43073ms HttpConnectionFactory@55738316[HTTP/1.1]
13:18:11.516 [Test worker] DEBUG org.eclipse.jetty.util.component.AbstractLifeCycle - starting SelectorManager@NetworkTrafficServerConnector@2c36df18{HTTP/1.1, (http/1.1)}{0.0.0.0:8080}
13:18:11.517 [Test worker] DEBUG org.eclipse.jetty.util.component.ContainerLifeCycle - EatWhatYouKill@64411409/SelectorProducer@3a1df2c1/IDLE/p=false/QueuedThreadPool[qtp336949043]@14156f33{STARTED,8<=8<=14,i=8,r=1,q=0}[ReservedThreadExecutor@264c02c5{s=0/1,p=0}][pc=0,pic=0,pec=0,epc=0]@2020-09-25T13:18:11.5174395+02:00 added {SelectorProducer@3a1df2c1,POJO}
13:18:11.517 [Test worker] DEBUG org.eclipse.jetty.util.component.ContainerLifeCycle - EatWhatYouKill@64411409/SelectorProducer@3a1df2c1/IDLE/p=false/QueuedThreadPool[qtp336949043]@14156f33{STARTED,8<=8<=14,i=8,r=1,q=0}[ReservedThreadExecutor@264c02c5{s=0/1,p=0}][pc=0,pic=0,pec=0,epc=0]@2020-09-25T13:18:11.5174395+02:00 added {QueuedThreadPool[qtp336949043]@14156f33{STARTED,8<=8<=14,i=8,r=1,q=0}[ReservedThreadExecutor@264c02c5{s=0/1,p=0}],UNMANAGED}
13:18:11.518 [Test worker] DEBUG org.eclipse.jetty.util.thread.strategy.EatWhatYouKill - EatWhatYouKill@64411409/SelectorProducer@3a1df2c1/IDLE/p=false/QueuedThreadPool[qtp336949043]@14156f33{STARTED,8<=8<=14,i=8,r=1,q=0}[ReservedThreadExecutor@264c02c5{s=0/1,p=0}][pc=0,pic=0,pec=0,epc=0]@2020-09-25T13:18:11.5174395+02:00 created
13:18:11.518 [Test worker] DEBUG org.eclipse.jetty.util.component.ContainerLifeCycle - ManagedSelector@74341b2c{STOPPED} id=0 keys=-1 selected=-1 updates=0 added {EatWhatYouKill@64411409/SelectorProducer@3a1df2c1/IDLE/p=false/QueuedThreadPool[qtp336949043]@14156f33{STARTED,8<=8<=14,i=8,r=1,q=0}[ReservedThreadExecutor@264c02c5{s=0/1,p=0}][pc=0,pic=0,pec=0,epc=0]@2020-09-25T13:18:11.5184239+02:00,MANAGED}
13:18:11.518 [Test worker] DEBUG org.eclipse.jetty.util.component.ContainerLifeCycle - SelectorManager@NetworkTrafficServerConnector@2c36df18{HTTP/1.1, (http/1.1)}{0.0.0.0:8080} added {ManagedSelector@74341b2c{STOPPED} id=0 keys=-1 selected=-1 updates=0,AUTO}
13:18:11.518 [Test worker] DEBUG org.eclipse.jetty.util.component.ContainerLifeCycle - EatWhatYouKill@672f2e73/SelectorProducer@ba28fc3/IDLE/p=false/QueuedThreadPool[qtp336949043]@14156f33{STARTED,8<=8<=14,i=8,r=1,q=0}[ReservedThreadExecutor@264c02c5{s=0/1,p=0}][pc=0,pic=0,pec=0,epc=0]@2020-09-25T13:18:11.5184239+02:00 added {SelectorProducer@ba28fc3,POJO}
13:18:11.519 [Test worker] DEBUG org.eclipse.jetty.util.component.ContainerLifeCycle - EatWhatYouKill@672f2e73/SelectorProducer@ba28fc3/IDLE/p=false/QueuedThreadPool[qtp336949043]@14156f33{STARTED,8<=8<=14,i=8,r=1,q=0}[ReservedThreadExecutor@264c02c5{s=0/1,p=0}][pc=0,pic=0,pec=0,epc=0]@2020-09-25T13:18:11.5194244+02:00 added {QueuedThreadPool[qtp336949043]@14156f33{STARTED,8<=8<=14,i=8,r=1,q=0}[ReservedThreadExecutor@264c02c5{s=0/1,p=0}],UNMANAGED}
13:18:11.519 [Test worker] DEBUG org.eclipse.jetty.util.thread.strategy.EatWhatYouKill - EatWhatYouKill@672f2e73/SelectorProducer@ba28fc3/IDLE/p=false/QueuedThreadPool[qtp336949043]@14156f33{STARTED,8<=8<=14,i=8,r=1,q=0}[ReservedThreadExecutor@264c02c5{s=0/1,p=0}][pc=0,pic=0,pec=0,epc=0]@2020-09-25T13:18:11.5194244+02:00 created
13:18:11.519 [Test worker] DEBUG org.eclipse.jetty.util.component.ContainerLifeCycle - ManagedSelector@5efcef8c{STOPPED} id=1 keys=-1 selected=-1 updates=0 added {EatWhatYouKill@672f2e73/SelectorProducer@ba28fc3/IDLE/p=false/QueuedThreadPool[qtp336949043]@14156f33{STARTED,8<=8<=14,i=8,r=1,q=0}[ReservedThreadExecutor@264c02c5{s=0/1,p=0}][pc=0,pic=0,pec=0,epc=0]@2020-09-25T13:18:11.5194244+02:00,MANAGED}
13:18:11.519 [Test worker] DEBUG org.eclipse.jetty.util.component.ContainerLifeCycle - SelectorManager@NetworkTrafficServerConnector@2c36df18{HTTP/1.1, (http/1.1)}{0.0.0.0:8080} added {ManagedSelector@5efcef8c{STOPPED} id=1 keys=-1 selected=-1 updates=0,AUTO}
13:18:11.519 [Test worker] DEBUG org.eclipse.jetty.util.component.AbstractLifeCycle - starting ManagedSelector@74341b2c{STOPPED} id=0 keys=-1 selected=-1 updates=0
13:18:11.520 [Test worker] DEBUG org.eclipse.jetty.util.component.AbstractLifeCycle - starting EatWhatYouKill@64411409/SelectorProducer@3a1df2c1/IDLE/p=false/QueuedThreadPool[qtp336949043]@14156f33{STARTED,8<=8<=14,i=8,r=1,q=0}[ReservedThreadExecutor@264c02c5{s=0/1,p=0}][pc=0,pic=0,pec=0,epc=0]@2020-09-25T13:18:11.5204245+02:00
13:18:11.520 [Test worker] DEBUG org.eclipse.jetty.util.component.AbstractLifeCycle - STARTED @43076ms EatWhatYouKill@64411409/SelectorProducer@3a1df2c1/IDLE/p=false/QueuedThreadPool[qtp336949043]@14156f33{STARTED,8<=8<=14,i=8,r=1,q=0}[ReservedThreadExecutor@264c02c5{s=0/1,p=0}][pc=0,pic=0,pec=0,epc=0]@2020-09-25T13:18:11.5204245+02:00
13:18:11.521 [Test worker] DEBUG org.eclipse.jetty.util.thread.QueuedThreadPool - queue org.eclipse.jetty.io.ManagedSelector$$Lambda$425/0x00000001005fc040@a457204 startThread=0
13:18:11.521 [Test worker] DEBUG org.eclipse.jetty.io.ManagedSelector - Queued change org.eclipse.jetty.io.ManagedSelector$Start@14879989 on ManagedSelector@74341b2c{STARTING} id=0 keys=0 selected=0 updates=0
13:18:11.634 [qtp824248140-25] DEBUG org.eclipse.jetty.util.thread.ReservedThreadExecutor - ReservedThreadExecutor@238f6469{s=-1/1,p=0}@6aefd6e0 task=STOP!
13:18:11.634 [qtp824248140-25] DEBUG org.eclipse.jetty.util.thread.ReservedThreadExecutor - ReservedThreadExecutor@238f6469{s=-1/1,p=0}@6aefd6e0 Exited
13:18:11.634 [qtp824248140-25] DEBUG org.eclipse.jetty.util.thread.QueuedThreadPool - ran ReservedThreadExecutor@238f6469{s=-1/1,p=0}@6aefd6e0 in QueuedThreadPool[qtp824248140]@3121074c{STOPPED,8<=0<=14,i=4,r=-1,q=0}[NO_TRY]
13:18:11.635 [qtp824248140-25] DEBUG org.eclipse.jetty.util.thread.QueuedThreadPool - Thread[qtp824248140-25,5,main] exited for QueuedThreadPool[qtp824248140]@3121074c{STOPPED,8<=0<=14,i=4,r=-1,q=0}[NO_TRY]
13:18:11.636 [qtp824248140-19] DEBUG org.eclipse.jetty.util.thread.QueuedThreadPool - ran qtp824248140-19-acceptor-1@144fa239-NetworkTrafficServerConnector@6a7c003b{HTTP/1.1, (http/1.1)}{0.0.0.0:8080} in QueuedThreadPool[qtp824248140]@3121074c{STOPPED,8<=0<=14,i=4,r=-1,q=0}[NO_TRY]
13:18:11.636 [qtp824248140-19] DEBUG org.eclipse.jetty.util.thread.QueuedThreadPool - Thread[qtp824248140-19,5,main] exited for QueuedThreadPool[qtp824248140]@3121074c{STOPPED,8<=0<=14,i=4,r=-1,q=0}[NO_TRY]
13:18:11.676 [qtp824248140-18] DEBUG org.eclipse.jetty.util.thread.QueuedThreadPool - ran qtp824248140-18-acceptor-2@5168195d-NetworkTrafficServerConnector@6a7c003b{HTTP/1.1, (http/1.1)}{0.0.0.0:8080} in QueuedThreadPool[qtp824248140]@3121074c{STOPPED,8<=0<=14,i=4,r=-1,q=0}[NO_TRY]
13:18:11.676 [qtp824248140-18] DEBUG org.eclipse.jetty.util.thread.QueuedThreadPool - Thread[qtp824248140-18,5,main] exited for QueuedThreadPool[qtp824248140]@3121074c{STOPPED,8<=0<=14,i=4,r=-1,q=0}[NO_TRY]
13:18:11.677 [qtp336949043-33] DEBUG org.eclipse.jetty.util.thread.QueuedThreadPool - Runner started for QueuedThreadPool[qtp336949043]@14156f33{STARTED,8<=8<=14,i=7,r=1,q=0}[ReservedThreadExecutor@264c02c5{s=0/1,p=0}]
13:18:11.677 [qtp336949043-33] DEBUG org.eclipse.jetty.util.thread.QueuedThreadPool - run org.eclipse.jetty.io.ManagedSelector$$Lambda$425/0x00000001005fc040@a457204 in QueuedThreadPool[qtp336949043]@14156f33{STARTED,8<=8<=14,i=7,r=1,q=0}[ReservedThreadExecutor@264c02c5{s=0/1,p=0}]
13:18:11.678 [qtp336949043-33] DEBUG org.eclipse.jetty.util.thread.strategy.EatWhatYouKill - EatWhatYouKill@64411409/SelectorProducer@3a1df2c1/IDLE/p=false/QueuedThreadPool[qtp336949043]@14156f33{STARTED,8<=8<=14,i=7,r=1,q=0}[ReservedThreadExecutor@264c02c5{s=0/1,p=0}][pc=0,pic=0,pec=0,epc=0]@2020-09-25T13:18:11.6783969+02:00 tryProduce false
13:18:11.678 [qtp336949043-33] DEBUG org.eclipse.jetty.io.ManagedSelector - updateable 1
13:18:11.678 [qtp336949043-33] DEBUG org.eclipse.jetty.io.ManagedSelector - update org.eclipse.jetty.io.ManagedSelector$Start@14879989
13:18:11.679 [Test worker] DEBUG org.eclipse.jetty.util.component.AbstractLifeCycle - STARTED @43235ms ManagedSelector@74341b2c{STARTED} id=0 keys=0 selected=0 updates=0
13:18:11.679 [Test worker] DEBUG org.eclipse.jetty.util.component.AbstractLifeCycle - starting ManagedSelector@5efcef8c{STOPPED} id=1 keys=-1 selected=-1 updates=0
13:18:11.679 [Test worker] DEBUG org.eclipse.jetty.util.component.AbstractLifeCycle - starting EatWhatYouKill@672f2e73/SelectorProducer@ba28fc3/IDLE/p=false/QueuedThreadPool[qtp336949043]@14156f33{STARTED,8<=8<=14,i=7,r=1,q=0}[ReservedThreadExecutor@264c02c5{s=0/1,p=0}][pc=0,pic=0,pec=0,epc=0]@2020-09-25T13:18:11.6794079+02:00
13:18:11.680 [qtp336949043-33] DEBUG org.eclipse.jetty.io.ManagedSelector - updates 0
13:18:11.680 [qtp336949043-33] DEBUG org.eclipse.jetty.io.ManagedSelector - Selector sun.nio.ch.WindowsSelectorImpl@69c35d72 waiting with 0 keys
13:18:11.681 [Test worker] DEBUG org.eclipse.jetty.util.component.AbstractLifeCycle - STARTED @43236ms EatWhatYouKill@672f2e73/SelectorProducer@ba28fc3/IDLE/p=false/QueuedThreadPool[qtp336949043]@14156f33{STARTED,8<=8<=14,i=7,r=1,q=0}[ReservedThreadExecutor@264c02c5{s=0/1,p=0}][pc=0,pic=0,pec=0,epc=0]@2020-09-25T13:18:11.6804009+02:00
13:18:11.684 [Test worker] DEBUG org.eclipse.jetty.util.thread.QueuedThreadPool - queue org.eclipse.jetty.io.ManagedSelector$$Lambda$425/0x00000001005fc040@bc4c04d startThread=0
13:18:11.684 [Test worker] DEBUG org.eclipse.jetty.io.ManagedSelector - Queued change org.eclipse.jetty.io.ManagedSelector$Start@32fdce36 on ManagedSelector@5efcef8c{STARTING} id=1 keys=0 selected=0 updates=0
13:18:11.742 [qtp336949043-34] DEBUG org.eclipse.jetty.util.thread.QueuedThreadPool - Runner started for QueuedThreadPool[qtp336949043]@14156f33{STARTED,8<=8<=14,i=6,r=1,q=0}[ReservedThreadExecutor@264c02c5{s=0/1,p=0}]
13:18:11.743 [qtp336949043-34] DEBUG org.eclipse.jetty.util.thread.QueuedThreadPool - run org.eclipse.jetty.io.ManagedSelector$$Lambda$425/0x00000001005fc040@bc4c04d in QueuedThreadPool[qtp336949043]@14156f33{STARTED,8<=8<=14,i=6,r=1,q=0}[ReservedThreadExecutor@264c02c5{s=0/1,p=0}]
13:18:11.744 [qtp336949043-34] DEBUG org.eclipse.jetty.util.thread.strategy.EatWhatYouKill - EatWhatYouKill@672f2e73/SelectorProducer@ba28fc3/IDLE/p=false/QueuedThreadPool[qtp336949043]@14156f33{STARTED,8<=8<=14,i=6,r=1,q=0}[ReservedThreadExecutor@264c02c5{s=0/1,p=0}][pc=0,pic=0,pec=0,epc=0]@2020-09-25T13:18:11.7433963+02:00 tryProduce false
13:18:11.744 [qtp336949043-34] DEBUG org.eclipse.jetty.io.ManagedSelector - updateable 1
13:18:11.745 [qtp336949043-34] DEBUG org.eclipse.jetty.io.ManagedSelector - update org.eclipse.jetty.io.ManagedSelector$Start@32fdce36
13:18:11.745 [qtp336949043-34] DEBUG org.eclipse.jetty.io.ManagedSelector - updates 0
13:18:11.745 [qtp336949043-34] DEBUG org.eclipse.jetty.io.ManagedSelector - Selector sun.nio.ch.WindowsSelectorImpl@24f6d469 waiting with 0 keys
13:18:11.745 [Test worker] DEBUG org.eclipse.jetty.util.component.AbstractLifeCycle - STARTED @43301ms ManagedSelector@5efcef8c{STARTED} id=1 keys=0 selected=0 updates=0
13:18:11.745 [Test worker] DEBUG org.eclipse.jetty.util.component.AbstractLifeCycle - STARTED @43301ms SelectorManager@NetworkTrafficServerConnector@2c36df18{HTTP/1.1, (http/1.1)}{0.0.0.0:8080}
13:18:11.745 [Test worker] DEBUG org.eclipse.jetty.util.component.ContainerLifeCycle - NetworkTrafficServerConnector@2c36df18{HTTP/1.1, (http/1.1)}{0.0.0.0:8080} added {acceptor-0@13095f3f,POJO}
13:18:11.745 [Test worker] DEBUG org.eclipse.jetty.util.thread.QueuedThreadPool - queue acceptor-0@13095f3f startThread=0
13:18:11.745 [Test worker] DEBUG org.eclipse.jetty.util.component.ContainerLifeCycle - NetworkTrafficServerConnector@2c36df18{HTTP/1.1, (http/1.1)}{0.0.0.0:8080} added {acceptor-1@3bead706,POJO}
13:18:11.745 [Test worker] DEBUG org.eclipse.jetty.util.thread.QueuedThreadPool - queue acceptor-1@3bead706 startThread=0
13:18:11.745 [Test worker] DEBUG org.eclipse.jetty.util.component.ContainerLifeCycle - NetworkTrafficServerConnector@2c36df18{HTTP/1.1, (http/1.1)}{0.0.0.0:8080} added {acceptor-2@1601be9e,POJO}
13:18:11.745 [Test worker] DEBUG org.eclipse.jetty.util.thread.QueuedThreadPool - queue acceptor-2@1601be9e startThread=0
13:18:11.745 [Test worker] INFO org.eclipse.jetty.server.AbstractConnector - Started NetworkTrafficServerConnector@2c36df18{HTTP/1.1, (http/1.1)}{0.0.0.0:8080}
13:18:11.746 [Test worker] DEBUG org.eclipse.jetty.util.component.AbstractLifeCycle - STARTED @43302ms NetworkTrafficServerConnector@2c36df18{HTTP/1.1, (http/1.1)}{0.0.0.0:8080}
13:18:11.746 [Test worker] INFO org.eclipse.jetty.server.Server - Started @43302ms
13:18:11.746 [Test worker] DEBUG org.eclipse.jetty.util.component.AbstractLifeCycle - STARTED @43302ms Server@37e679cd{STARTED}[9.4.28.v20200408]
13:18:11.751 [Test worker] DEBUG org.apache.http.impl.conn.PoolingHttpClientConnectionManager - Connection request: [route: {}->http://localhost:8080][total available: 1; route allocated: 1 of 5; total allocated: 1 of 50]
13:18:11.752 [Test worker] DEBUG org.apache.http.impl.conn.PoolingHttpClientConnectionManager - Connection leased: [id: 0][route: {}->http://localhost:8080][total available: 0; route allocated: 1 of 5; total allocated: 1 of 50]
13:18:11.752 [Test worker] DEBUG org.apache.http.impl.conn.DefaultManagedHttpClientConnection - http-outgoing-0: set socket timeout to 30000
13:18:11.752 [Test worker] DEBUG org.apache.http.impl.execchain.MainClientExec - Stale connection check
13:18:11.752 [Test worker] DEBUG org.apache.http.wire - http-outgoing-0 << "end of stream"
13:18:11.752 [Test worker] DEBUG org.apache.http.impl.execchain.MainClientExec - Stale connection detected
13:18:11.752 [Test worker] DEBUG org.apache.http.impl.conn.DefaultManagedHttpClientConnection - http-outgoing-0: Close connection
13:18:11.752 [Test worker] DEBUG org.apache.http.impl.execchain.MainClientExec - Opening connection {}->http://localhost:8080
13:18:11.753 [Test worker] DEBUG org.apache.http.impl.conn.DefaultHttpClientConnectionOperator - Connecting to localhost/127.0.0.1:8080
13:18:11.754 [Test worker] DEBUG org.apache.http.impl.conn.DefaultHttpClientConnectionOperator - Connection established 127.0.0.1:64969<->127.0.0.1:8080
13:18:11.754 [Test worker] DEBUG org.apache.http.impl.execchain.MainClientExec - Executing request POST /__admin/mappings HTTP/1.1
13:18:11.754 [Test worker] DEBUG org.apache.http.impl.execchain.MainClientExec - Target auth state: UNCHALLENGED
13:18:11.754 [Test worker] DEBUG org.apache.http.impl.execchain.MainClientExec - Proxy auth state: UNCHALLENGED
13:18:11.754 [Test worker] DEBUG org.apache.http.headers - http-outgoing-0 >> POST /__admin/mappings HTTP/1.1
13:18:11.754 [Test worker] DEBUG org.apache.http.headers - http-outgoing-0 >> Content-Length: 290
13:18:11.754 [Test worker] DEBUG org.apache.http.headers - http-outgoing-0 >> Content-Type: text/plain; charset=UTF-8
13:18:11.754 [Test worker] DEBUG org.apache.http.headers - http-outgoing-0 >> Host: localhost:8080
13:18:11.754 [Test worker] DEBUG org.apache.http.headers - http-outgoing-0 >> Connection: Keep-Alive
13:18:11.754 [Test worker] DEBUG org.apache.http.headers - http-outgoing-0 >> User-Agent: Apache-HttpClient/4.5.12 (Java/11.0.2)
13:18:11.754 [Test worker] DEBUG org.apache.http.wire - http-outgoing-0 >> "POST /__admin/mappings HTTP/1.1[\r][\n]"
13:18:11.754 [Test worker] DEBUG org.apache.http.wire - http-outgoing-0 >> "Content-Length: 290[\r][\n]"
13:18:11.754 [Test worker] DEBUG org.apache.http.wire - http-outgoing-0 >> "Content-Type: text/plain; charset=UTF-8[\r][\n]"
13:18:11.754 [Test worker] DEBUG org.apache.http.wire - http-outgoing-0 >> "Host: localhost:8080[\r][\n]"
13:18:11.754 [Test worker] DEBUG org.apache.http.wire - http-outgoing-0 >> "Connection: Keep-Alive[\r][\n]"
13:18:11.754 [Test worker] DEBUG org.apache.http.wire - http-outgoing-0 >> "User-Agent: Apache-HttpClient/4.5.12 (Java/11.0.2)[\r][\n]"
13:18:11.754 [Test worker] DEBUG org.apache.http.wire - http-outgoing-0 >> "[\r][\n]"
13:18:11.754 [Test worker] DEBUG org.apache.http.wire - http-outgoing-0 >> "{[\r][\n]"
13:18:11.754 [Test worker] DEBUG org.apache.http.wire - http-outgoing-0 >> "  "id" : "2f9bf285-9512-41ed-90c0-5d064ab79188",[\r][\n]"
13:18:11.754 [Test worker] DEBUG org.apache.http.wire - http-outgoing-0 >> "  "request" : {[\r][\n]"
13:18:11.754 [Test worker] DEBUG org.apache.http.wire - http-outgoing-0 >> "    "url" : "/api/v0/components/provision-adapters/awx",[\r][\n]"
13:18:11.754 [Test worker] DEBUG org.apache.http.wire - http-outgoing-0 >> "    "method" : "GET"[\r][\n]"
13:18:11.755 [Test worker] DEBUG org.apache.http.wire - http-outgoing-0 >> "  },[\r][\n]"
13:18:11.755 [Test worker] DEBUG org.apache.http.wire - http-outgoing-0 >> "  "response" : {[\r][\n]"
13:18:11.755 [Test worker] DEBUG org.apache.http.wire - http-outgoing-0 >> "    "status" : 200,[\r][\n]"
13:18:11.755 [Test worker] DEBUG org.apache.http.wire - http-outgoing-0 >> "    "fixedDelayMilliseconds" : 2100[\r][\n]"
13:18:11.755 [Test worker] DEBUG org.apache.http.wire - http-outgoing-0 >> "  },[\r][\n]"
13:18:11.755 [Test worker] DEBUG org.apache.http.wire - http-outgoing-0 >> "  "uuid" : "2f9bf285-9512-41ed-90c0-5d064ab79188"[\r][\n]"
13:18:11.755 [Test worker] DEBUG org.apache.http.wire - http-outgoing-0 >> "}"
13:18:11.819 [qtp336949043-35] DEBUG org.eclipse.jetty.util.thread.QueuedThreadPool - Runner started for QueuedThreadPool[qtp336949043]@14156f33{STARTED,8<=8<=14,i=3,r=1,q=0}[ReservedThreadExecutor@264c02c5{s=0/1,p=0}]
13:18:11.819 [qtp336949043-35] DEBUG org.eclipse.jetty.util.thread.QueuedThreadPool - run acceptor-0@13095f3f in QueuedThreadPool[qtp336949043]@14156f33{STARTED,8<=8<=14,i=3,r=1,q=0}[ReservedThreadExecutor@264c02c5{s=0/1,p=0}]
13:18:11.839 [qtp336949043-36] DEBUG org.eclipse.jetty.util.thread.QueuedThreadPool - Runner started for QueuedThreadPool[qtp336949043]@14156f33{STARTED,8<=8<=14,i=3,r=1,q=0}[ReservedThreadExecutor@264c02c5{s=0/1,p=0}]
13:18:11.840 [qtp336949043-36] DEBUG org.eclipse.jetty.util.thread.QueuedThreadPool - run acceptor-1@3bead706 in QueuedThreadPool[qtp336949043]@14156f33{STARTED,8<=8<=14,i=3,r=1,q=0}[ReservedThreadExecutor@264c02c5{s=0/1,p=0}]
13:18:11.883 [qtp336949043-36-acceptor-1@3bead706-NetworkTrafficServerConnector@2c36df18{HTTP/1.1, (http/1.1)}{0.0.0.0:8080}] DEBUG org.eclipse.jetty.io.ManagedSelector - Queued change org.eclipse.jetty.io.ManagedSelector$Accept@697c1280 on ManagedSelector@5efcef8c{STARTED} id=1 keys=0 selected=0 updates=0
13:18:11.883 [qtp336949043-36-acceptor-1@3bead706-NetworkTrafficServerConnector@2c36df18{HTTP/1.1, (http/1.1)}{0.0.0.0:8080}] DEBUG org.eclipse.jetty.io.ManagedSelector - Wakeup on submit ManagedSelector@5efcef8c{STARTED} id=1 keys=0 selected=0 updates=1
13:18:11.883 [qtp336949043-34] DEBUG org.eclipse.jetty.io.ManagedSelector - Selector sun.nio.ch.WindowsSelectorImpl@24f6d469 woken with none selected
13:18:11.883 [qtp336949043-34] DEBUG org.eclipse.jetty.io.ManagedSelector - Selector sun.nio.ch.WindowsSelectorImpl@24f6d469 woken up from select, 0/0/0 selected
13:18:11.883 [qtp336949043-34] DEBUG org.eclipse.jetty.io.ManagedSelector - Selector sun.nio.ch.WindowsSelectorImpl@24f6d469 processing 0 keys, 1 updates
13:18:11.883 [qtp336949043-34] DEBUG org.eclipse.jetty.io.ManagedSelector - updateable 1
13:18:11.883 [qtp336949043-34] DEBUG org.eclipse.jetty.io.ManagedSelector - update org.eclipse.jetty.io.ManagedSelector$Accept@697c1280
13:18:11.883 [qtp336949043-34] DEBUG org.eclipse.jetty.util.thread.QueuedThreadPool - queue org.eclipse.jetty.io.ManagedSelector$Accept@697c1280 startThread=0
13:18:11.883 [qtp336949043-34] DEBUG org.eclipse.jetty.io.ManagedSelector - updates 0
13:18:11.883 [qtp336949043-34] DEBUG org.eclipse.jetty.io.ManagedSelector - Selector sun.nio.ch.WindowsSelectorImpl@24f6d469 waiting with 1 keys
13:18:11.922 [qtp336949043-37] DEBUG org.eclipse.jetty.util.thread.QueuedThreadPool - Runner started for QueuedThreadPool[qtp336949043]@14156f33{STARTED,8<=8<=14,i=2,r=1,q=0}[ReservedThreadExecutor@264c02c5{s=0/1,p=0}]
13:18:11.924 [qtp336949043-37] DEBUG org.eclipse.jetty.util.thread.QueuedThreadPool - run acceptor-2@1601be9e in QueuedThreadPool[qtp336949043]@14156f33{STARTED,8<=8<=14,i=2,r=1,q=0}[ReservedThreadExecutor@264c02c5{s=0/1,p=0}]
13:18:12.167 [qtp336949043-38] DEBUG org.eclipse.jetty.util.thread.QueuedThreadPool - Runner started for QueuedThreadPool[qtp336949043]@14156f33{STARTED,8<=8<=14,i=2,r=1,q=0}[ReservedThreadExecutor@264c02c5{s=0/1,p=0}]
13:18:12.168 [qtp336949043-38] DEBUG org.eclipse.jetty.util.thread.QueuedThreadPool - run org.eclipse.jetty.io.ManagedSelector$Accept@697c1280 in QueuedThreadPool[qtp336949043]@14156f33{STARTED,8<=8<=14,i=2,r=1,q=0}[ReservedThreadExecutor@264c02c5{s=0/1,p=0}]
13:18:12.169 [qtp336949043-38] DEBUG org.eclipse.jetty.io.IdleTimeout - NetworkTrafficSocketChannelEndPoint@4d8946ee{/127.0.0.1:64969<->/127.0.0.1:8080,OPEN,fill=-,flush=-,to=0/30000}{io=0/0,kio=0,kro=0}-><null> idle timeout check, elapsed: 0 ms, remaining: 30000 ms
13:18:12.171 [qtp336949043-38] DEBUG org.eclipse.jetty.server.HttpChannel - new HttpChannelOverHttp@47712d9e{s=HttpChannelState@273bb14{s=IDLE rs=BLOCKING os=OPEN is=IDLE awp=false se=false i=true al=0},r=0,c=false/false,a=IDLE,uri=null,age=0} -> NetworkTrafficSocketChannelEndPoint@4d8946ee{/127.0.0.1:64969<->/127.0.0.1:8080,OPEN,fill=-,flush=-,to=2/30000}{io=0/0,kio=0,kro=0}-><null>,null,HttpChannelState@273bb14{s=IDLE rs=BLOCKING os=OPEN is=IDLE awp=false se=false i=true al=0}
13:18:12.172 [qtp336949043-38] DEBUG org.eclipse.jetty.server.HttpConnection - New HTTP Connection HttpConnection@5ca2382::NetworkTrafficSocketChannelEndPoint@4d8946ee{/127.0.0.1:64969<->/127.0.0.1:8080,OPEN,fill=-,flush=-,to=2/30000}{io=0/0,kio=0,kro=0}-><null>
13:18:12.172 [qtp336949043-38] DEBUG org.eclipse.jetty.io.AbstractEndPoint - onOpen NetworkTrafficSocketChannelEndPoint@4d8946ee{/127.0.0.1:64969<->/127.0.0.1:8080,OPEN,fill=-,flush=-,to=3/30000}{io=0/0,kio=0,kro=0}->HttpConnection@5ca2382[p=HttpParser{s=START,0 of -1},g=HttpGenerator@33bb3ddd{s=START}]=>HttpChannelOverHttp@47712d9e{s=HttpChannelState@273bb14{s=IDLE rs=BLOCKING os=OPEN is=IDLE awp=false se=false i=true al=0},r=0,c=false/false,a=IDLE,uri=null,age=0}
13:18:12.173 [qtp336949043-38] DEBUG org.eclipse.jetty.io.AbstractConnection - onOpen HttpConnection@5ca2382::NetworkTrafficSocketChannelEndPoint@4d8946ee{/127.0.0.1:64969<->/127.0.0.1:8080,OPEN,fill=-,flush=-,to=3/30000}{io=0/0,kio=0,kro=0}->HttpConnection@5ca2382[p=HttpParser{s=START,0 of -1},g=HttpGenerator@33bb3ddd{s=START}]=>HttpChannelOverHttp@47712d9e{s=HttpChannelState@273bb14{s=IDLE rs=BLOCKING os=OPEN is=IDLE awp=false se=false i=true al=0},r=0,c=false/false,a=IDLE,uri=null,age=0}
13:18:12.173 [qtp336949043-38] DEBUG org.eclipse.jetty.io.AbstractConnection - fillInterested HttpConnection@5ca2382::NetworkTrafficSocketChannelEndPoint@4d8946ee{/127.0.0.1:64969<->/127.0.0.1:8080,OPEN,fill=-,flush=-,to=4/30000}{io=0/0,kio=0,kro=0}->HttpConnection@5ca2382[p=HttpParser{s=START,0 of -1},g=HttpGenerator@33bb3ddd{s=START}]=>HttpChannelOverHttp@47712d9e{s=HttpChannelState@273bb14{s=IDLE rs=BLOCKING os=OPEN is=IDLE awp=false se=false i=true al=0},r=0,c=false/false,a=IDLE,uri=null,age=0}
13:18:12.173 [qtp336949043-38] DEBUG org.eclipse.jetty.io.FillInterest - interested FillInterest@7de8fbe9{AC.ReadCB@5ca2382{HttpConnection@5ca2382::NetworkTrafficSocketChannelEndPoint@4d8946ee{/127.0.0.1:64969<->/127.0.0.1:8080,OPEN,fill=FI,flush=-,to=0/30000}{io=0/0,kio=0,kro=0}->HttpConnection@5ca2382[p=HttpParser{s=START,0 of -1},g=HttpGenerator@33bb3ddd{s=START}]=>HttpChannelOverHttp@47712d9e{s=HttpChannelState@273bb14{s=IDLE rs=BLOCKING os=OPEN is=IDLE awp=false se=false i=true al=0},r=0,c=false/false,a=IDLE,uri=null,age=0}}}
13:18:12.174 [qtp336949043-38] DEBUG org.eclipse.jetty.io.ChannelEndPoint - changeInterests p=false 0->1 for NetworkTrafficSocketChannelEndPoint@4d8946ee{/127.0.0.1:64969<->/127.0.0.1:8080,OPEN,fill=FI,flush=-,to=0/30000}{io=0/1,kio=0,kro=0}->HttpConnection@5ca2382[p=HttpParser{s=START,0 of -1},g=HttpGenerator@33bb3ddd{s=START}]=>HttpChannelOverHttp@47712d9e{s=HttpChannelState@273bb14{s=IDLE rs=BLOCKING os=OPEN is=IDLE awp=false se=false i=true al=0},r=0,c=false/false,a=IDLE,uri=null,age=0}
13:18:12.174 [qtp336949043-38] DEBUG org.eclipse.jetty.io.ManagedSelector - Queued change org.eclipse.jetty.io.ChannelEndPoint$1@625c445b on ManagedSelector@5efcef8c{STARTED} id=1 keys=1 selected=0 updates=0
13:18:12.174 [qtp336949043-38] DEBUG org.eclipse.jetty.io.ManagedSelector - Wakeup on submit ManagedSelector@5efcef8c{STARTED} id=1 keys=1 selected=0 updates=1
13:18:12.175 [qtp336949043-34] DEBUG org.eclipse.jetty.io.ManagedSelector - Selector sun.nio.ch.WindowsSelectorImpl@24f6d469 woken with none selected
13:18:12.175 [qtp336949043-34] DEBUG org.eclipse.jetty.io.ManagedSelector - Selector sun.nio.ch.WindowsSelectorImpl@24f6d469 woken up from select, 0/0/1 selected
13:18:12.175 [qtp336949043-34] DEBUG org.eclipse.jetty.io.ManagedSelector - Selector sun.nio.ch.WindowsSelectorImpl@24f6d469 processing 0 keys, 1 updates
13:18:12.175 [qtp336949043-34] DEBUG org.eclipse.jetty.io.ManagedSelector - updateable 1
13:18:12.175 [qtp336949043-34] DEBUG org.eclipse.jetty.io.ManagedSelector - update org.eclipse.jetty.io.ChannelEndPoint$1@625c445b
13:18:12.175 [qtp336949043-34] DEBUG org.eclipse.jetty.io.ChannelEndPoint - Key interests updated 0 -> 1 on NetworkTrafficSocketChannelEndPoint@4d8946ee{/127.0.0.1:64969<->/127.0.0.1:8080,OPEN,fill=FI,flush=-,to=2/30000}{io=1/1,kio=1,kro=0}->HttpConnection@5ca2382[p=HttpParser{s=START,0 of -1},g=HttpGenerator@33bb3ddd{s=START}]=>HttpChannelOverHttp@47712d9e{s=HttpChannelState@273bb14{s=IDLE rs=BLOCKING os=OPEN is=IDLE awp=false se=false i=true al=0},r=0,c=false/false,a=IDLE,uri=null,age=0}
13:18:12.175 [qtp336949043-34] DEBUG org.eclipse.jetty.io.ManagedSelector - updates 0
13:18:12.176 [qtp336949043-34] DEBUG org.eclipse.jetty.io.ManagedSelector - Selector sun.nio.ch.WindowsSelectorImpl@24f6d469 waiting with 1 keys
13:18:12.176 [qtp336949043-34] DEBUG org.eclipse.jetty.io.ManagedSelector - Selector sun.nio.ch.WindowsSelectorImpl@24f6d469 woken up from select, 1/1/1 selected
13:18:12.176 [qtp336949043-34] DEBUG org.eclipse.jetty.io.ManagedSelector - Selector sun.nio.ch.WindowsSelectorImpl@24f6d469 processing 1 keys, 0 updates
13:18:12.176 [qtp336949043-34] DEBUG org.eclipse.jetty.io.ManagedSelector - selected 1 channel=java.nio.channels.SocketChannel[connected local=/127.0.0.1:8080 remote=/127.0.0.1:64969], selector=sun.nio.ch.WindowsSelectorImpl@24f6d469, interestOps=1, readyOps=1 NetworkTrafficSocketChannelEndPoint@4d8946ee{/127.0.0.1:64969<->/127.0.0.1:8080,OPEN,fill=FI,flush=-,to=2/30000}{io=1/1,kio=1,kro=1}->HttpConnection@5ca2382[p=HttpParser{s=START,0 of -1},g=HttpGenerator@33bb3ddd{s=START}]=>HttpChannelOverHttp@47712d9e{s=HttpChannelState@273bb14{s=IDLE rs=BLOCKING os=OPEN is=IDLE awp=false se=false i=true al=0},r=0,c=false/false,a=IDLE,uri=null,age=0} 
13:18:12.176 [qtp336949043-34] DEBUG org.eclipse.jetty.io.ChannelEndPoint - onSelected 1->0 r=true w=false for NetworkTrafficSocketChannelEndPoint@4d8946ee{/127.0.0.1:64969<->/127.0.0.1:8080,OPEN,fill=FI,flush=-,to=2/30000}{io=1/0,kio=1,kro=1}->HttpConnection@5ca2382[p=HttpParser{s=START,0 of -1},g=HttpGenerator@33bb3ddd{s=START}]=>HttpChannelOverHttp@47712d9e{s=HttpChannelState@273bb14{s=IDLE rs=BLOCKING os=OPEN is=IDLE awp=false se=false i=true al=0},r=0,c=false/false,a=IDLE,uri=null,age=0}
13:18:12.176 [qtp336949043-34] DEBUG org.eclipse.jetty.io.ChannelEndPoint - task CEP:NetworkTrafficSocketChannelEndPoint@4d8946ee{/127.0.0.1:64969<->/127.0.0.1:8080,OPEN,fill=FI,flush=-,to=2/30000}{io=1/0,kio=1,kro=1}->HttpConnection@5ca2382[p=HttpParser{s=START,0 of -1},g=HttpGenerator@33bb3ddd{s=START}]=>HttpChannelOverHttp@47712d9e{s=HttpChannelState@273bb14{s=IDLE rs=BLOCKING os=OPEN is=IDLE awp=false se=false i=true al=0},r=0,c=false/false,a=IDLE,uri=null,age=0}:runFillable:BLOCKING
13:18:12.177 [qtp336949043-38] DEBUG org.eclipse.jetty.io.ManagedSelector - Created NetworkTrafficSocketChannelEndPoint@4d8946ee{/127.0.0.1:64969<->/127.0.0.1:8080,OPEN,fill=FI,flush=-,to=3/30000}{io=1/0,kio=1,kro=1}->HttpConnection@5ca2382[p=HttpParser{s=START,0 of -1},g=HttpGenerator@33bb3ddd{s=START}]=>HttpChannelOverHttp@47712d9e{s=HttpChannelState@273bb14{s=IDLE rs=BLOCKING os=OPEN is=IDLE awp=false se=false i=true al=0},r=0,c=false/false,a=IDLE,uri=null,age=0}
13:18:12.177 [qtp336949043-34] DEBUG org.eclipse.jetty.util.thread.ReservedThreadExecutor - ReservedThreadExecutor@264c02c5{s=0/1,p=0} tryExecute EatWhatYouKill@672f2e73/SelectorProducer@ba28fc3/PRODUCING/p=false/QueuedThreadPool[qtp336949043]@14156f33{STARTED,8<=8<=14,i=2,r=1,q=0}[ReservedThreadExecutor@264c02c5{s=0/1,p=0}][pc=0,pic=0,pec=0,epc=0]@2020-09-25T13:18:12.1763335+02:00
13:18:12.177 [qtp336949043-38] DEBUG org.eclipse.jetty.util.thread.QueuedThreadPool - ran org.eclipse.jetty.io.ManagedSelector$Accept@697c1280 in QueuedThreadPool[qtp336949043]@14156f33{STARTED,8<=8<=14,i=2,r=1,q=0}[ReservedThreadExecutor@264c02c5{s=0/1,p=1}]
13:18:12.177 [qtp336949043-34] DEBUG org.eclipse.jetty.util.thread.ReservedThreadExecutor - ReservedThreadExecutor@264c02c5{s=0/1,p=1} startReservedThread p=1
13:18:12.177 [qtp336949043-34] DEBUG org.eclipse.jetty.util.thread.QueuedThreadPool - queue ReservedThreadExecutor@264c02c5{s=0/1,p=1}@2e0ebf19 startThread=0
13:18:12.177 [qtp336949043-38] DEBUG org.eclipse.jetty.util.thread.QueuedThreadPool - run ReservedThreadExecutor@264c02c5{s=0/1,p=1}@2e0ebf19 in QueuedThreadPool[qtp336949043]@14156f33{STARTED,8<=8<=14,i=2,r=1,q=0}[ReservedThreadExecutor@264c02c5{s=0/1,p=1}]
13:18:12.177 [qtp336949043-34] DEBUG org.eclipse.jetty.util.thread.strategy.EatWhatYouKill - EatWhatYouKill@672f2e73/SelectorProducer@ba28fc3/PRODUCING/p=false/QueuedThreadPool[qtp336949043]@14156f33{STARTED,8<=8<=14,i=2,r=1,q=0}[ReservedThreadExecutor@264c02c5{s=0/1,p=1}][pc=0,pic=0,pec=0,epc=0]@2020-09-25T13:18:12.1773262+02:00 m=PRODUCE_EXECUTE_CONSUME t=CEP:NetworkTrafficSocketChannelEndPoint@4d8946ee{/127.0.0.1:64969<->/127.0.0.1:8080,OPEN,fill=FI,flush=-,to=3/30000}{io=1/0,kio=1,kro=1}->HttpConnection@5ca2382[p=HttpParser{s=START,0 of -1},g=HttpGenerator@33bb3ddd{s=START}]=>HttpChannelOverHttp@47712d9e{s=HttpChannelState@273bb14{s=IDLE rs=BLOCKING os=OPEN is=IDLE awp=false se=false i=true al=0},r=0,c=false/false,a=IDLE,uri=null,age=0}:runFillable:BLOCKING/BLOCKING
13:18:12.178 [qtp336949043-34] DEBUG org.eclipse.jetty.util.thread.QueuedThreadPool - queue CEP:NetworkTrafficSocketChannelEndPoint@4d8946ee{/127.0.0.1:64969<->/127.0.0.1:8080,OPEN,fill=FI,flush=-,to=4/30000}{io=1/0,kio=1,kro=1}->HttpConnection@5ca2382[p=HttpParser{s=START,0 of -1},g=HttpGenerator@33bb3ddd{s=START}]=>HttpChannelOverHttp@47712d9e{s=HttpChannelState@273bb14{s=IDLE rs=BLOCKING os=OPEN is=IDLE awp=false se=false i=true al=0},r=0,c=false/false,a=IDLE,uri=null,age=0}:runFillable:BLOCKING startThread=0
13:18:12.178 [qtp336949043-34] DEBUG org.eclipse.jetty.io.ManagedSelector - updateable 0
13:18:12.178 [qtp336949043-34] DEBUG org.eclipse.jetty.io.ManagedSelector - updates 0
13:18:12.177 [qtp336949043-38] DEBUG org.eclipse.jetty.util.thread.ReservedThreadExecutor - ReservedThreadExecutor@264c02c5{s=1/1,p=1}@2e0ebf19 started
13:18:12.178 [qtp336949043-34] DEBUG org.eclipse.jetty.io.ChannelEndPoint - Key interests updated 1 -> 0 on NetworkTrafficSocketChannelEndPoint@4d8946ee{/127.0.0.1:64969<->/127.0.0.1:8080,OPEN,fill=FI,flush=-,to=4/30000}{io=0/0,kio=0,kro=1}->HttpConnection@5ca2382[p=HttpParser{s=START,0 of -1},g=HttpGenerator@33bb3ddd{s=START}]=>HttpChannelOverHttp@47712d9e{s=HttpChannelState@273bb14{s=IDLE rs=BLOCKING os=OPEN is=IDLE awp=false se=false i=true al=0},r=0,c=false/false,a=IDLE,uri=null,age=0}
13:18:12.178 [qtp336949043-34] DEBUG org.eclipse.jetty.io.ManagedSelector - Selector sun.nio.ch.WindowsSelectorImpl@24f6d469 waiting with 1 keys
13:18:12.178 [qtp336949043-38] DEBUG org.eclipse.jetty.util.thread.ReservedThreadExecutor - ReservedThreadExecutor@264c02c5{s=1/1,p=0}@2e0ebf19 waiting
13:18:12.276 [qtp336949043-39] DEBUG org.eclipse.jetty.util.thread.QueuedThreadPool - Runner started for QueuedThreadPool[qtp336949043]@14156f33{STARTED,8<=8<=14,i=1,r=1,q=0}[ReservedThreadExecutor@264c02c5{s=1/1,p=0}]
13:18:12.277 [qtp336949043-39] DEBUG org.eclipse.jetty.util.thread.QueuedThreadPool - run CEP:NetworkTrafficSocketChannelEndPoint@4d8946ee{/127.0.0.1:64969<->/127.0.0.1:8080,OPEN,fill=FI,flush=-,to=103/30000}{io=0/0,kio=0,kro=1}->HttpConnection@5ca2382[p=HttpParser{s=START,0 of -1},g=HttpGenerator@33bb3ddd{s=START}]=>HttpChannelOverHttp@47712d9e{s=HttpChannelState@273bb14{s=IDLE rs=BLOCKING os=OPEN is=IDLE awp=false se=false i=true al=0},r=0,c=false/false,a=IDLE,uri=null,age=0}:runFillable:BLOCKING in QueuedThreadPool[qtp336949043]@14156f33{STARTED,8<=8<=14,i=1,r=1,q=0}[ReservedThreadExecutor@264c02c5{s=1/1,p=0}]
13:18:12.278 [qtp336949043-39] DEBUG org.eclipse.jetty.io.FillInterest - fillable FillInterest@7de8fbe9{AC.ReadCB@5ca2382{HttpConnection@5ca2382::NetworkTrafficSocketChannelEndPoint@4d8946ee{/127.0.0.1:64969<->/127.0.0.1:8080,OPEN,fill=FI,flush=-,to=104/30000}{io=0/0,kio=0,kro=1}->HttpConnection@5ca2382[p=HttpParser{s=START,0 of -1},g=HttpGenerator@33bb3ddd{s=START}]=>HttpChannelOverHttp@47712d9e{s=HttpChannelState@273bb14{s=IDLE rs=BLOCKING os=OPEN is=IDLE awp=false se=false i=true al=0},r=0,c=false/false,a=IDLE,uri=null,age=0}}}
13:18:12.278 [qtp336949043-39] DEBUG org.eclipse.jetty.server.HttpConnection - HttpConnection@5ca2382::NetworkTrafficSocketChannelEndPoint@4d8946ee{/127.0.0.1:64969<->/127.0.0.1:8080,OPEN,fill=-,flush=-,to=105/30000}{io=0/0,kio=0,kro=1}->HttpConnection@5ca2382[p=HttpParser{s=START,0 of -1},g=HttpGenerator@33bb3ddd{s=START}]=>HttpChannelOverHttp@47712d9e{s=HttpChannelState@273bb14{s=IDLE rs=BLOCKING os=OPEN is=IDLE awp=false se=false i=true al=0},r=0,c=false/false,a=IDLE,uri=null,age=0} onFillable enter HttpChannelState@273bb14{s=IDLE rs=BLOCKING os=OPEN is=IDLE awp=false se=false i=true al=0} null
13:18:12.279 [qtp336949043-39] DEBUG org.eclipse.jetty.io.ChannelEndPoint - filled 485 HeapByteBuffer@1de9b522[p=0,l=485,c=8192,r=485]={<<<POST /__admin/mappings HT...d-90c0-5d064ab79188"\r\n}>>>\x00\x00\x00\x00\x00\x00\x00\x00\x00...\x00\x00\x00\x00\x00\x00\x00}
13:18:12.284 [qtp336949043-39] DEBUG org.eclipse.jetty.server.HttpConnection - HttpConnection@5ca2382::NetworkTrafficSocketChannelEndPoint@4d8946ee{/127.0.0.1:64969<->/127.0.0.1:8080,OPEN,fill=-,flush=-,to=4/30000}{io=0/0,kio=0,kro=1}->HttpConnection@5ca2382[p=HttpParser{s=START,0 of -1},g=HttpGenerator@33bb3ddd{s=START}]=>HttpChannelOverHttp@47712d9e{s=HttpChannelState@273bb14{s=IDLE rs=BLOCKING os=OPEN is=IDLE awp=false se=false i=true al=0},r=0,c=false/false,a=IDLE,uri=null,age=0} filled 485 HeapByteBuffer@1de9b522[p=0,l=485,c=8192,r=485]={<<<POST /__admin/mappings HT...d-90c0-5d064ab79188"\r\n}>>>\x00\x00\x00\x00\x00\x00\x00\x00\x00...\x00\x00\x00\x00\x00\x00\x00}
13:18:12.285 [qtp336949043-39] DEBUG org.eclipse.jetty.server.HttpConnection - HttpConnection@5ca2382::NetworkTrafficSocketChannelEndPoint@4d8946ee{/127.0.0.1:64969<->/127.0.0.1:8080,OPEN,fill=-,flush=-,to=5/30000}{io=0/0,kio=0,kro=1}->HttpConnection@5ca2382[p=HttpParser{s=START,0 of -1},g=HttpGenerator@33bb3ddd{s=START}]=>HttpChannelOverHttp@47712d9e{s=HttpChannelState@273bb14{s=IDLE rs=BLOCKING os=OPEN is=IDLE awp=false se=false i=true al=0},r=0,c=false/false,a=IDLE,uri=null,age=0} parse HeapByteBuffer@1de9b522[p=0,l=485,c=8192,r=485]={<<<POST /__admin/mappings HT...d-90c0-5d064ab79188"\r\n}>>>\x00\x00\x00\x00\x00\x00\x00\x00\x00...\x00\x00\x00\x00\x00\x00\x00} {}
13:18:12.286 [qtp336949043-39] DEBUG org.eclipse.jetty.http.HttpParser - parseNext s=START HeapByteBuffer@1de9b522[p=0,l=485,c=8192,r=485]={<<<POST /__admin/mappings HT...d-90c0-5d064ab79188"\r\n}>>>\x00\x00\x00\x00\x00\x00\x00\x00\x00...\x00\x00\x00\x00\x00\x00\x00}
13:18:12.286 [qtp336949043-39] DEBUG org.eclipse.jetty.http.HttpParser - START --> SPACE1
13:18:12.287 [qtp336949043-39] DEBUG org.eclipse.jetty.http.HttpParser - SPACE1 --> URI
13:18:12.288 [qtp336949043-39] DEBUG org.eclipse.jetty.http.HttpParser - URI --> SPACE2
13:18:12.288 [qtp336949043-39] DEBUG org.eclipse.jetty.http.HttpParser - SPACE2 --> REQUEST_VERSION
13:18:12.288 [qtp336949043-39] DEBUG org.eclipse.jetty.http.HttpParser - REQUEST_VERSION --> HEADER
13:18:12.289 [qtp336949043-39] DEBUG org.eclipse.jetty.http.HttpParser - HEADER:Content-Length --> VALUE
13:18:12.289 [qtp336949043-39] DEBUG org.eclipse.jetty.http.HttpParser - HEADER:Content-Length --> IN_VALUE
13:18:12.289 [qtp336949043-39] DEBUG org.eclipse.jetty.http.HttpParser - HEADER:Content-Length --> FIELD
13:18:12.290 [qtp336949043-39] DEBUG org.eclipse.jetty.http.HttpParser - HEADER:Content-Type: text/plain; charset=UTF-8 --> IN_VALUE
13:18:12.291 [qtp336949043-39] DEBUG org.eclipse.jetty.http.HttpParser - HEADER:Content-Type: text/plain; charset=UTF-8 --> FIELD
13:18:12.291 [qtp336949043-39] DEBUG org.eclipse.jetty.http.HttpParser - HEADER:Host --> VALUE
13:18:12.291 [qtp336949043-39] DEBUG org.eclipse.jetty.http.HttpParser - HEADER:Host --> IN_VALUE
13:18:12.291 [qtp336949043-39] DEBUG org.eclipse.jetty.http.HttpParser - HEADER:Host --> FIELD
13:18:12.291 [qtp336949043-39] DEBUG org.eclipse.jetty.http.HttpParser - HEADER:Connection: keep-alive --> IN_VALUE
13:18:12.292 [qtp336949043-39] DEBUG org.eclipse.jetty.http.HttpParser - HEADER:Connection: keep-alive --> FIELD
13:18:12.292 [qtp336949043-39] DEBUG org.eclipse.jetty.http.HttpParser - HEADER:User-Agent --> VALUE
13:18:12.292 [qtp336949043-39] DEBUG org.eclipse.jetty.http.HttpParser - HEADER:User-Agent --> IN_VALUE
13:18:12.292 [qtp336949043-39] DEBUG org.eclipse.jetty.http.HttpParser - HEADER:User-Agent --> FIELD
13:18:12.292 [qtp336949043-39] DEBUG org.eclipse.jetty.http.HttpParser - HEADER --> CONTENT
13:18:12.292 [qtp336949043-39] DEBUG org.eclipse.jetty.server.HttpChannel - REQUEST for //localhost:8080/__admin/mappings on HttpChannelOverHttp@47712d9e{s=HttpChannelState@273bb14{s=IDLE rs=BLOCKING os=OPEN is=IDLE awp=false se=false i=true al=0},r=1,c=false/false,a=IDLE,uri=//localhost:8080/__admin/mappings,age=0}
POST //localhost:8080/__admin/mappings HTTP/1.1
Content-Length: 290
Content-Type: text/plain; charset=UTF-8
Host: localhost:8080
Connection: keep-alive
User-Agent: Apache-HttpClient/4.5.12 (Java/11.0.2)


13:18:12.295 [qtp336949043-39] DEBUG org.eclipse.jetty.server.HttpConnection - HttpConnection@5ca2382::NetworkTrafficSocketChannelEndPoint@4d8946ee{/127.0.0.1:64969<->/127.0.0.1:8080,OPEN,fill=-,flush=-,to=15/30000}{io=0/0,kio=0,kro=1}->HttpConnection@5ca2382[p=HttpParser{s=CONTENT,0 of 290},g=HttpGenerator@33bb3ddd{s=START}]=>HttpChannelOverHttp@47712d9e{s=HttpChannelState@273bb14{s=IDLE rs=BLOCKING os=OPEN is=IDLE awp=false se=false i=true al=0},r=1,c=false/false,a=IDLE,uri=//localhost:8080/__admin/mappings,age=2} parsed true HttpParser{s=CONTENT,0 of 290}
13:18:12.295 [qtp336949043-39] DEBUG org.eclipse.jetty.server.HttpChannel - handle //localhost:8080/__admin/mappings HttpChannelOverHttp@47712d9e{s=HttpChannelState@273bb14{s=IDLE rs=BLOCKING os=OPEN is=IDLE awp=false se=false i=true al=0},r=1,c=false/false,a=IDLE,uri=//localhost:8080/__admin/mappings,age=3} 
13:18:12.295 [qtp336949043-39] DEBUG org.eclipse.jetty.server.HttpChannelState - handling HttpChannelState@273bb14{s=IDLE rs=BLOCKING os=OPEN is=IDLE awp=false se=false i=true al=0}
13:18:12.295 [qtp336949043-39] DEBUG org.eclipse.jetty.server.HttpChannel - action DISPATCH HttpChannelOverHttp@47712d9e{s=HttpChannelState@273bb14{s=HANDLING rs=BLOCKING os=OPEN is=IDLE awp=false se=false i=true al=0},r=1,c=false/false,a=HANDLING,uri=//localhost:8080/__admin/mappings,age=3}
13:18:12.295 [qtp336949043-39] DEBUG org.eclipse.jetty.server.Server - REQUEST POST /__admin/mappings on HttpChannelOverHttp@47712d9e{s=HttpChannelState@273bb14{s=HANDLING rs=BLOCKING os=OPEN is=IDLE awp=false se=false i=true al=0},r=1,c=false/false,a=HANDLING,uri=//localhost:8080/__admin/mappings,age=3}
13:18:12.296 [qtp336949043-39] DEBUG org.eclipse.jetty.server.handler.ContextHandler - scope null||/__admin/mappings @ o.e.j.s.ServletContextHandler@58d1a4a5{/__admin,null,AVAILABLE}
13:18:12.296 [qtp336949043-39] DEBUG org.eclipse.jetty.server.handler.ContextHandler - context=/__admin||/mappings @ o.e.j.s.ServletContextHandler@58d1a4a5{/__admin,null,AVAILABLE}
13:18:12.296 [qtp336949043-39] DEBUG org.eclipse.jetty.servlet.ServletHandler - servlet /__admin|/mappings|null -> com.github.tomakehurst.wiremock.servlet.WireMockHandlerDispatchingServlet-25ad7b07@4730b6c6==com.github.tomakehurst.wiremock.servlet.WireMockHandlerDispatchingServlet,jsp=null,order=-1,inst=false,async=true
13:18:12.296 [qtp336949043-39] DEBUG org.eclipse.jetty.servlet.ServletHandler - chain=org.eclipse.jetty.servlets.CrossOriginFilter-48906236@48906236==org.eclipse.jetty.servlets.CrossOriginFilter,inst=true,async=true->com.github.tomakehurst.wiremock.servlet.WireMockHandlerDispatchingServlet-25ad7b07@4730b6c6==com.github.tomakehurst.wiremock.servlet.WireMockHandlerDispatchingServlet,jsp=null,order=-1,inst=false,async=true
13:18:12.297 [qtp336949043-39] DEBUG org.eclipse.jetty.servlet.ServletHolder - Servlet.init com.github.tomakehurst.wiremock.servlet.WireMockHandlerDispatchingServlet@132e48ef for com.github.tomakehurst.wiremock.servlet.WireMockHandlerDispatchingServlet-25ad7b07
13:18:12.511 [qtp336949043-39] INFO org.eclipse.jetty.server.handler.ContextHandler.__admin - RequestHandlerClass from context returned com.github.tomakehurst.wiremock.http.AdminRequestHandler. Normalized mapped under returned 'null'
13:18:12.511 [qtp336949043-39] DEBUG org.eclipse.jetty.servlet.ServletHandler - call filter org.eclipse.jetty.servlets.CrossOriginFilter-48906236@48906236==org.eclipse.jetty.servlets.CrossOriginFilter,inst=true,async=true
13:18:12.511 [qtp336949043-40] DEBUG org.eclipse.jetty.util.thread.QueuedThreadPool - Runner started for QueuedThreadPool[qtp336949043]@14156f33{STARTED,8<=8<=14,i=1,r=1,q=0}[ReservedThreadExecutor@264c02c5{s=1/1,p=0}]
13:18:12.511 [qtp336949043-39] DEBUG org.eclipse.jetty.servlet.ServletHandler - call servlet com.github.tomakehurst.wiremock.servlet.WireMockHandlerDispatchingServlet-25ad7b07@4730b6c6==com.github.tomakehurst.wiremock.servlet.WireMockHandlerDispatchingServlet,jsp=null,order=-1,inst=true,async=true
13:18:12.512 [qtp336949043-39] DEBUG org.eclipse.jetty.server.HttpConnection - HttpConnection@5ca2382::NetworkTrafficSocketChannelEndPoint@4d8946ee{/127.0.0.1:64969<->/127.0.0.1:8080,OPEN,fill=-,flush=-,to=232/30000}{io=0/0,kio=0,kro=1}->HttpConnection@5ca2382[p=HttpParser{s=CONTENT,0 of 290},g=HttpGenerator@33bb3ddd{s=START}]=>HttpChannelOverHttp@47712d9e{s=HttpChannelState@273bb14{s=HANDLING rs=BLOCKING os=OPEN is=IDLE awp=false se=false i=true al=0},r=1,c=false/false,a=HANDLING,uri=//localhost:8080/__admin/mappings,age=220} parse HeapByteBuffer@1de9b522[p=195,l=485,c=8192,r=290]={POST /__a....2)\r\n\r\n<<<{\r\n  "id" : "2f9bf285-951...d-90c0-5d064ab79188"\r\n}>>>\x00\x00\x00\x00\x00\x00\x00\x00\x00...\x00\x00\x00\x00\x00\x00\x00} {}
13:18:12.512 [qtp336949043-39] DEBUG org.eclipse.jetty.http.HttpParser - parseNext s=CONTENT HeapByteBuffer@1de9b522[p=195,l=485,c=8192,r=290]={POST /__a....2)\r\n\r\n<<<{\r\n  "id" : "2f9bf285-951...d-90c0-5d064ab79188"\r\n}>>>\x00\x00\x00\x00\x00\x00\x00\x00\x00...\x00\x00\x00\x00\x00\x00\x00}
13:18:12.513 [qtp336949043-39] DEBUG org.eclipse.jetty.server.HttpChannel - onContent HttpChannelOverHttp@47712d9e{s=HttpChannelState@273bb14{s=HANDLING rs=BLOCKING os=OPEN is=IDLE awp=false se=false i=true al=0},r=1,c=false/false,a=HANDLING,uri=//localhost:8080/__admin/mappings,age=220} Content@1711de52{HeapByteBufferR@521342d4[p=195,l=485,c=8192,r=290]={POST /__a....2)\r\n\r\n<<<{\r\n  "id" : "2f9bf285-951...d-90c0-5d064ab79188"\r\n}>>>\x00\x00\x00\x00\x00\x00\x00\x00\x00...\x00\x00\x00\x00\x00\x00\x00}}
13:18:12.513 [qtp336949043-39] DEBUG org.eclipse.jetty.server.HttpInput - HttpInputOverHTTP@203bd11[c=0,q=0,[0]=null,s=STREAM] addContent Content@1711de52{HeapByteBufferR@521342d4[p=195,l=485,c=8192,r=290]={POST /__a....2)\r\n\r\n<<<{\r\n  "id" : "2f9bf285-951...d-90c0-5d064ab79188"\r\n}>>>\x00\x00\x00\x00\x00\x00\x00\x00\x00...\x00\x00\x00\x00\x00\x00\x00}}
13:18:12.513 [qtp336949043-39] DEBUG org.eclipse.jetty.http.HttpParser - CONTENT --> CONTENT_END
13:18:12.513 [qtp336949043-39] DEBUG org.eclipse.jetty.server.HttpChannel - onContentComplete HttpChannelOverHttp@47712d9e{s=HttpChannelState@273bb14{s=HANDLING rs=BLOCKING os=OPEN is=IDLE awp=false se=false i=true al=0},r=1,c=false/false,a=HANDLING,uri=//localhost:8080/__admin/mappings,age=221}
13:18:12.513 [qtp336949043-39] DEBUG org.eclipse.jetty.http.HttpParser - CONTENT_END --> END
13:18:12.513 [qtp336949043-39] DEBUG org.eclipse.jetty.server.HttpChannel - onRequestComplete HttpChannelOverHttp@47712d9e{s=HttpChannelState@273bb14{s=HANDLING rs=BLOCKING os=OPEN is=IDLE awp=false se=false i=true al=0},r=1,c=false/false,a=HANDLING,uri=//localhost:8080/__admin/mappings,age=221}
13:18:12.513 [qtp336949043-39] DEBUG org.eclipse.jetty.server.HttpInput - HttpInputOverHTTP@203bd11[c=0,q=1,[0]=EOF,s=STREAM] addContent EOF
13:18:12.513 [qtp336949043-39] DEBUG org.eclipse.jetty.server.HttpConnection - HttpConnection@5ca2382::NetworkTrafficSocketChannelEndPoint@4d8946ee{/127.0.0.1:64969<->/127.0.0.1:8080,OPEN,fill=-,flush=-,to=234/30000}{io=0/0,kio=0,kro=1}->HttpConnection@5ca2382[p=HttpParser{s=END,290 of 290},g=HttpGenerator@33bb3ddd{s=START}]=>HttpChannelOverHttp@47712d9e{s=HttpChannelState@273bb14{s=HANDLING rs=BLOCKING os=OPEN is=IDLE awp=false se=false i=true al=0},r=1,c=false/false,a=HANDLING,uri=//localhost:8080/__admin/mappings,age=221} parsed false HttpParser{s=END,290 of 290}
13:18:12.514 [qtp336949043-39] DEBUG org.eclipse.jetty.server.HttpInput - HttpInputOverHTTP@203bd11[c=290,q=1,[0]=EOF,s=STREAM] read 290 from Content@1711de52{HeapByteBufferR@521342d4[p=485,l=485,c=8192,r=0]={POST /__a...188"\r\n}<<<>>>\x00\x00\x00\x00\x00\x00\x00\x00\x00...\x00\x00\x00\x00\x00\x00\x00}}
13:18:12.514 [qtp336949043-39] DEBUG org.eclipse.jetty.server.HttpConnection - releaseRequestBuffer HttpConnection@5ca2382::NetworkTrafficSocketChannelEndPoint@4d8946ee{/127.0.0.1:64969<->/127.0.0.1:8080,OPEN,fill=-,flush=-,to=234/30000}{io=0/0,kio=0,kro=1}->HttpConnection@5ca2382[p=HttpParser{s=END,290 of 290},g=HttpGenerator@33bb3ddd{s=START}]=>HttpChannelOverHttp@47712d9e{s=HttpChannelState@273bb14{s=HANDLING rs=BLOCKING os=OPEN is=IDLE awp=false se=false i=true al=0},r=1,c=false/false,a=HANDLING,uri=//localhost:8080/__admin/mappings,age=222}
13:18:12.514 [qtp336949043-39] DEBUG org.eclipse.jetty.server.HttpChannelState - onEof HttpChannelState@273bb14{s=HANDLING rs=BLOCKING os=OPEN is=IDLE awp=false se=false i=true al=0}
13:18:12.577 [qtp336949043-39] DEBUG org.eclipse.jetty.server.HttpOutput - write(array HeapByteBuffer@638bf48e[p=0,l=290,c=8192,r=290]={<<<{\r\n  "id" : "2f9bf285-951...d-90c0-5d064ab79188"\r\n}>>>\x00\x00\x00\x00\x00\x00\x00\x00\x00...\x00\x00\x00\x00\x00\x00\x00})
13:18:12.578 [qtp336949043-39] DEBUG org.eclipse.jetty.server.HttpOutput - write(array) s=OPEN,api=BLOCKING,sc=false,e=null aggregated !flush DirectByteBuffer@7a7155e3[p=0,l=290,c=32768,r=290]={<<<{\r\n  "id" : "2f9bf285-951...d-90c0-5d064ab79188"\r\n}>>>\x00\x00\x00\x00\x00\x00\x00\x00\x00...\x00\x00\x00\x00\x00\x00\x00}
13:18:12.579 [qtp336949043-39] DEBUG org.eclipse.jetty.server.HttpChannel - sendResponse info=null content=DirectByteBuffer@7a7155e3[p=0,l=290,c=32768,r=290]={<<<{\r\n  "id" : "2f9bf285-951...d-90c0-5d064ab79188"\r\n}>>>\x00\x00\x00\x00\x00\x00\x00\x00\x00...\x00\x00\x00\x00\x00\x00\x00} complete=false committing=true callback=Blocker@323cbd9b{null}
13:18:12.579 [qtp336949043-39] DEBUG org.eclipse.jetty.server.HttpChannel - COMMIT for /__admin/mappings on HttpChannelOverHttp@47712d9e{s=HttpChannelState@273bb14{s=HANDLING rs=BLOCKING os=COMMITTED is=READY awp=false se=false i=true al=0},r=1,c=false/false,a=HANDLING,uri=//localhost:8080/__admin/mappings,age=287}
201 null HTTP/1.1
Content-Type: application/json


13:18:12.586 [qtp336949043-39] DEBUG org.eclipse.jetty.server.HttpConnection - generate: NEED_HEADER for org.eclipse.jetty.server.HttpConnection$SendCallback@2d4865f8[PROCESSING][i=HTTP/1.1{s=201,h=1,cl=-1},cb=org.eclipse.jetty.server.HttpChannel$SendCallback@115bdb5b] (null,[p=0,l=290,c=32768,r=290],false)@START
13:18:12.586 [qtp336949043-39] DEBUG org.eclipse.jetty.http.HttpGenerator - generateHeaders HTTP/1.1{s=201,h=1,cl=-1} last=false content=DirectByteBuffer@7a7155e3[p=0,l=290,c=32768,r=290]={<<<{\r\n  "id" : "2f9bf285-951...d-90c0-5d064ab79188"\r\n}>>>\x00\x00\x00\x00\x00\x00\x00\x00\x00...\x00\x00\x00\x00\x00\x00\x00}
13:18:12.587 [qtp336949043-39] DEBUG org.eclipse.jetty.http.HttpGenerator - Content-Type: application/json


13:18:12.587 [qtp336949043-39] DEBUG org.eclipse.jetty.http.HttpGenerator - CHUNKED_CONTENT
13:18:12.588 [qtp336949043-39] DEBUG org.eclipse.jetty.server.HttpConnection - generate: FLUSH for org.eclipse.jetty.server.HttpConnection$SendCallback@2d4865f8[PROCESSING][i=HTTP/1.1{s=201,h=1,cl=-1},cb=org.eclipse.jetty.server.HttpChannel$SendCallback@115bdb5b] ([p=0,l=122,c=8192,r=122],[p=0,l=290,c=32768,r=290],false)@COMMITTED
13:18:12.588 [qtp336949043-39] DEBUG org.eclipse.jetty.io.WriteFlusher - write: WriteFlusher@61755ade{IDLE}->null [HeapByteBuffer@1de9b522[p=0,l=122,c=8192,r=122]={<<<HTTP/1.1 201 Created\r\nCon....28.v20200408)\r\n\r\n122\r\n>>>ction: Ke...\x00\x00\x00\x00\x00\x00\x00},DirectByteBuffer@7a7155e3[p=0,l=290,c=32768,r=290]={<<<{\r\n  "id" : "2f9bf285-951...d-90c0-5d064ab79188"\r\n}>>>\x00\x00\x00\x00\x00\x00\x00\x00\x00...\x00\x00\x00\x00\x00\x00\x00}]
13:18:12.589 [qtp336949043-39] DEBUG org.eclipse.jetty.io.WriteFlusher - update WriteFlusher@61755ade{WRITING}->null:IDLE-->WRITING
13:18:12.590 [Test worker] DEBUG org.apache.http.wire - http-outgoing-0 << "HTTP/1.1 201 Created[\r][\n]"
13:18:12.590 [Test worker] DEBUG org.apache.http.wire - http-outgoing-0 << "Content-Type: application/json[\r][\n]"
13:18:12.590 [Test worker] DEBUG org.apache.http.wire - http-outgoing-0 << "Transfer-Encoding: chunked[\r][\n]"
13:18:12.590 [Test worker] DEBUG org.apache.http.wire - http-outgoing-0 << "Server: Jetty(9.4.28.v20200408)[\r][\n]"
13:18:12.590 [Test worker] DEBUG org.apache.http.wire - http-outgoing-0 << "[\r][\n]"
13:18:12.590 [Test worker] DEBUG org.apache.http.wire - http-outgoing-0 << "122[\r][\n]"
13:18:12.590 [Test worker] DEBUG org.apache.http.headers - http-outgoing-0 << HTTP/1.1 201 Created
13:18:12.590 [Test worker] DEBUG org.apache.http.headers - http-outgoing-0 << Content-Type: application/json
13:18:12.590 [Test worker] DEBUG org.apache.http.headers - http-outgoing-0 << Transfer-Encoding: chunked
13:18:12.590 [Test worker] DEBUG org.apache.http.headers - http-outgoing-0 << Server: Jetty(9.4.28.v20200408)
13:18:12.590 [Test worker] DEBUG org.apache.http.impl.execchain.MainClientExec - Connection can be kept alive indefinitely
13:18:12.593 [qtp336949043-39] DEBUG org.eclipse.jetty.io.ChannelEndPoint - flushed 122 NetworkTrafficSocketChannelEndPoint@4d8946ee{/127.0.0.1:64969<->/127.0.0.1:8080,OPEN,fill=-,flush=W,to=313/30000}{io=0/0,kio=0,kro=1}->HttpConnection@5ca2382[p=HttpParser{s=END,290 of 290},g=HttpGenerator@33bb3ddd{s=COMMITTED}]=>HttpChannelOverHttp@47712d9e{s=HttpChannelState@273bb14{s=HANDLING rs=BLOCKING os=COMMITTED is=READY awp=false se=false i=true al=0},r=1,c=false/false,a=HANDLING,uri=//localhost:8080/__admin/mappings,age=300}
13:18:12.593 [Test worker] DEBUG org.apache.http.wire - http-outgoing-0 << "{[\r][\n]"
13:18:12.593 [Test worker] DEBUG org.apache.http.wire - http-outgoing-0 << "  "id" : "2f9bf285-9512-41ed-90c0-5d064ab79188",[\r][\n]"
13:18:12.593 [Test worker] DEBUG org.apache.http.wire - http-outgoing-0 << "  "request" : {[\r][\n]"
13:18:12.593 [Test worker] DEBUG org.apache.http.wire - http-outgoing-0 << "    "url" : "/api/v0/components/provision-adapters/awx",[\r][\n]"
13:18:12.593 [Test worker] DEBUG org.apache.http.wire - http-outgoing-0 << "    "method" : "GET"[\r][\n]"
13:18:12.593 [Test worker] DEBUG org.apache.http.wire - http-outgoing-0 << "  },[\r][\n]"
13:18:12.593 [Test worker] DEBUG org.apache.http.wire - http-outgoing-0 << "  "response" : {[\r][\n]"
13:18:12.593 [Test worker] DEBUG org.apache.http.wire - http-outgoing-0 << "    "status" : 200,[\r][\n]"
13:18:12.593 [Test worker] DEBUG org.apache.http.wire - http-outgoing-0 << "    "fixedDelayMilliseconds" : 2100[\r][\n]"
13:18:12.593 [Test worker] DEBUG org.apache.http.wire - http-outgoing-0 << "  },[\r][\n]"
13:18:12.593 [Test worker] DEBUG org.apache.http.wire - http-outgoing-0 << "  "uuid" : "2f9bf285-9512-41ed-90c0-5d064ab79188"[\r][\n]"
13:18:12.593 [Test worker] DEBUG org.apache.http.wire - http-outgoing-0 << "}"
13:18:12.594 [qtp336949043-39] DEBUG org.eclipse.jetty.io.ChannelEndPoint - flushed 290 NetworkTrafficSocketChannelEndPoint@4d8946ee{/127.0.0.1:64969<->/127.0.0.1:8080,OPEN,fill=-,flush=W,to=1/30000}{io=0/0,kio=0,kro=1}->HttpConnection@5ca2382[p=HttpParser{s=END,290 of 290},g=HttpGenerator@33bb3ddd{s=COMMITTED}]=>HttpChannelOverHttp@47712d9e{s=HttpChannelState@273bb14{s=HANDLING rs=BLOCKING os=COMMITTED is=READY awp=false se=false i=true al=0},r=1,c=false/false,a=HANDLING,uri=//localhost:8080/__admin/mappings,age=302}
13:18:12.595 [qtp336949043-39] DEBUG org.eclipse.jetty.io.WriteFlusher - Flushed=true written=412 remaining=0 WriteFlusher@61755ade{WRITING}->null
13:18:12.595 [qtp336949043-39] DEBUG org.eclipse.jetty.io.WriteFlusher - update WriteFlusher@61755ade{IDLE}->null:WRITING-->IDLE
13:18:12.596 [qtp336949043-39] DEBUG org.eclipse.jetty.server.HttpConnection - generate: DONE for org.eclipse.jetty.server.HttpConnection$SendCallback@2d4865f8[PROCESSING][i=HTTP/1.1{s=201,h=1,cl=-1},cb=org.eclipse.jetty.server.HttpChannel$SendCallback@115bdb5b] ([p=122,l=122,c=8192,r=0],[p=290,l=290,c=32768,r=0],false)@COMMITTED
13:18:12.597 [qtp336949043-39] DEBUG org.eclipse.jetty.server.HttpOutput - onWriteComplete(false,null) s=OPEN,api=BLOCKED,sc=false,e=null->s=OPEN,api=BLOCKING,sc=false,e=null c=null cb=null w=false
13:18:12.600 [qtp336949043-39] DEBUG org.eclipse.jetty.server.HttpOutput - close() s=CLOSING,api=BLOCKED,sc=false,e=null c=HeapByteBuffer@137d328[p=0,l=0,c=0,r=0]={<<<>>>} b=Blocker@323cbd9b{null}
13:18:12.601 [qtp336949043-39] DEBUG org.eclipse.jetty.server.HttpChannel - sendResponse info=null content=HeapByteBuffer@137d328[p=0,l=0,c=0,r=0]={<<<>>>} complete=true committing=false callback=Blocker@323cbd9b{null}
13:18:12.601 [qtp336949043-39] DEBUG org.eclipse.jetty.server.HttpConnection - generate: CONTINUE for org.eclipse.jetty.server.HttpConnection$SendCallback@2d4865f8[PROCESSING][i=null,cb=org.eclipse.jetty.server.HttpChannel$SendCallback@3672e30e] (null,[p=0,l=0,c=0,r=0],true)@COMPLETING
13:18:12.602 [qtp336949043-39] DEBUG org.eclipse.jetty.server.HttpConnection - generate: NEED_CHUNK for org.eclipse.jetty.server.HttpConnection$SendCallback@2d4865f8[PROCESSING][i=null,cb=org.eclipse.jetty.server.HttpChannel$SendCallback@3672e30e] (null,[p=0,l=0,c=0,r=0],true)@COMPLETING
13:18:12.603 [qtp336949043-39] DEBUG org.eclipse.jetty.server.HttpConnection - generate: FLUSH for org.eclipse.jetty.server.HttpConnection$SendCallback@2d4865f8[PROCESSING][i=null,cb=org.eclipse.jetty.server.HttpChannel$SendCallback@3672e30e] (null,[p=0,l=0,c=0,r=0],true)@COMPLETING
13:18:12.603 [qtp336949043-39] DEBUG org.eclipse.jetty.io.WriteFlusher - write: WriteFlusher@61755ade{IDLE}->null [HeapByteBuffer@58fb379d[p=0,l=7,c=1024,r=7]={<<<\r\n0\r\n\r\n>>>\x00\x00\x00\x00\x00\x00\x00\x00\x00...\x00\x00\x00\x00\x00\x00\x00}]
13:18:12.604 [qtp336949043-39] DEBUG org.eclipse.jetty.io.WriteFlusher - update WriteFlusher@61755ade{WRITING}->null:IDLE-->WRITING
13:18:12.605 [Test worker] DEBUG org.apache.http.wire - http-outgoing-0 << "[\r][\n]"
13:18:12.605 [Test worker] DEBUG org.apache.http.wire - http-outgoing-0 << "0[\r][\n]"
13:18:12.605 [Test worker] DEBUG org.apache.http.wire - http-outgoing-0 << "[\r][\n]"
13:18:12.605 [Test worker] DEBUG org.apache.http.impl.conn.PoolingHttpClientConnectionManager - Connection [id: 0][route: {}->http://localhost:8080] can be kept alive indefinitely
13:18:12.605 [Test worker] DEBUG org.apache.http.impl.conn.DefaultManagedHttpClientConnection - http-outgoing-0: set socket timeout to 0
13:18:12.605 [Test worker] DEBUG org.apache.http.impl.conn.PoolingHttpClientConnectionManager - Connection released: [id: 0][route: {}->http://localhost:8080][total available: 1; route allocated: 1 of 5; total allocated: 1 of 50]
13:18:12.607 [Test worker] DEBUG org.springframework.web.reactive.function.client.ExchangeFunctions - [76659ac2] HTTP GET http://localhost:8080/api/v0/components/provision-adapters/awx
13:18:12.609 [qtp336949043-39] DEBUG org.eclipse.jetty.io.ChannelEndPoint - flushed 7 NetworkTrafficSocketChannelEndPoint@4d8946ee{/127.0.0.1:64969<->/127.0.0.1:8080,OPEN,fill=-,flush=W,to=13/30000}{io=0/0,kio=0,kro=1}->HttpConnection@5ca2382[p=HttpParser{s=END,290 of 290},g=HttpGenerator@33bb3ddd{s=COMPLETING}]=>HttpChannelOverHttp@47712d9e{s=HttpChannelState@273bb14{s=HANDLING rs=BLOCKING os=COMMITTED is=READY awp=false se=false i=true al=0},r=1,c=false/false,a=HANDLING,uri=//localhost:8080/__admin/mappings,age=316}
13:18:12.609 [qtp336949043-39] DEBUG org.eclipse.jetty.io.WriteFlusher - Flushed=true written=7 remaining=0 WriteFlusher@61755ade{WRITING}->null
13:18:12.609 [qtp336949043-39] DEBUG org.eclipse.jetty.io.WriteFlusher - update WriteFlusher@61755ade{IDLE}->null:WRITING-->IDLE
13:18:12.609 [qtp336949043-39] DEBUG org.eclipse.jetty.server.HttpConnection - generate: DONE for org.eclipse.jetty.server.HttpConnection$SendCallback@2d4865f8[PROCESSING][i=null,cb=org.eclipse.jetty.server.HttpChannel$SendCallback@3672e30e] (null,[p=0,l=0,c=0,r=0],true)@END
13:18:12.609 [qtp336949043-39] DEBUG org.eclipse.jetty.server.HttpOutput - onWriteComplete(true,null) s=CLOSING,api=BLOCKED,sc=false,e=null->s=CLOSED,api=BLOCKING,sc=false,e=null c=null cb=null w=false
13:18:12.609 [qtp336949043-39] DEBUG org.eclipse.jetty.server.handler.gzip.GzipHandler - GzipHandler@74c28093{STARTED,min=32,inflate=-1} handle Request[POST //localhost:8080/__admin/mappings]@1735beda in null
13:18:12.609 [qtp336949043-39] DEBUG org.eclipse.jetty.server.handler.ContextHandler - scope null||/__admin/mappings @ o.e.j.s.ServletContextHandler@7b8a759f{/,null,AVAILABLE}
13:18:12.609 [qtp336949043-39] DEBUG org.eclipse.jetty.server.Server - handled=true async=false committed=true on HttpChannelOverHttp@47712d9e{s=HttpChannelState@273bb14{s=HANDLING rs=BLOCKING os=COMPLETED is=READY awp=false se=false i=true al=0},r=1,c=false/true,a=HANDLING,uri=//localhost:8080/__admin/mappings,age=317}
13:18:12.609 [qtp336949043-39] DEBUG org.eclipse.jetty.server.HttpChannelState - unhandle HttpChannelState@273bb14{s=HANDLING rs=BLOCKING os=COMPLETED is=READY awp=false se=false i=true al=0}
13:18:12.609 [qtp336949043-39] DEBUG org.eclipse.jetty.server.HttpChannelState - nextAction(false) COMPLETE HttpChannelState@273bb14{s=HANDLING rs=COMPLETING os=COMPLETED is=READY awp=false se=false i=false al=0}
13:18:12.610 [qtp336949043-39] DEBUG org.eclipse.jetty.server.HttpChannel - action COMPLETE HttpChannelOverHttp@47712d9e{s=HttpChannelState@273bb14{s=HANDLING rs=COMPLETING os=COMPLETED is=READY awp=false se=false i=false al=0},r=1,c=false/true,a=HANDLING,uri=//localhost:8080/__admin/mappings,age=318}
13:18:12.610 [qtp336949043-39] DEBUG org.eclipse.jetty.server.HttpOutput - complete(org.eclipse.jetty.util.Callback$4@5c5db548) s=CLOSED,api=BLOCKING,sc=false,e=null s=true e=null, c=null
13:18:12.610 [qtp336949043-39] DEBUG org.eclipse.jetty.server.HttpChannelState - completed HttpChannelState@273bb14{s=HANDLING rs=COMPLETING os=COMPLETED is=READY awp=false se=false i=false al=0}
13:18:12.610 [qtp336949043-39] DEBUG org.eclipse.jetty.server.HttpChannelState - unhandle HttpChannelState@273bb14{s=HANDLING rs=COMPLETED os=COMPLETED is=READY awp=false se=false i=false al=0}
13:18:12.610 [qtp336949043-39] DEBUG org.eclipse.jetty.server.HttpChannelState - nextAction(false) TERMINATED HttpChannelState@273bb14{s=IDLE rs=COMPLETED os=COMPLETED is=READY awp=false se=false i=false al=0}
13:18:12.610 [qtp336949043-39] DEBUG org.eclipse.jetty.server.HttpChannel - action TERMINATED HttpChannelOverHttp@47712d9e{s=HttpChannelState@273bb14{s=IDLE rs=COMPLETED os=COMPLETED is=READY awp=false se=false i=false al=0},r=1,c=true/true,a=IDLE,uri=//localhost:8080/__admin/mappings,age=318}
13:18:12.610 [qtp336949043-39] DEBUG org.eclipse.jetty.server.HttpChannel - onCompleted for /__admin/mappings written=290
13:18:12.610 [qtp336949043-39] DEBUG org.eclipse.jetty.server.HttpChannelState - recycle HttpChannelState@273bb14{s=IDLE rs=COMPLETED os=COMPLETED is=READY awp=false se=false i=false al=0}
13:18:12.610 [qtp336949043-39] DEBUG org.eclipse.jetty.http.HttpParser - reset HttpParser{s=END,290 of 290}
13:18:12.610 [qtp336949043-39] DEBUG org.eclipse.jetty.http.HttpParser - END --> START
13:18:12.614 [qtp336949043-39] DEBUG org.eclipse.jetty.server.HttpChannel - !handle TERMINATED HttpChannelOverHttp@47712d9e{s=HttpChannelState@273bb14{s=IDLE rs=BLOCKING os=OPEN is=IDLE awp=false se=false i=true al=0},r=1,c=false/false,a=IDLE,uri=null,age=0}
13:18:12.619 [reactor-http-nio-2] DEBUG reactor.netty.resources.PooledConnectionProvider - [id: 0xc8d78ff3] Created a new pooled channel, now 1 active connections and 0 inactive connections
13:18:12.620 [reactor-http-nio-2] DEBUG reactor.netty.channel.BootstrapHandlers - [id: 0xc8d78ff3] Initialized pipeline DefaultChannelPipeline{(BootstrapHandlers$BootstrapInitializerHandler#0 = reactor.netty.channel.BootstrapHandlers$BootstrapInitializerHandler), (PooledConnectionProvider$PooledConnectionAllocator$PooledConnectionInitializer#0 = reactor.netty.resources.PooledConnectionProvider$PooledConnectionAllocator$PooledConnectionInitializer), (reactor.left.httpCodec = io.netty.handler.codec.http.HttpClientCodec), (reactor.right.reactiveBridge = reactor.netty.channel.ChannelOperationsHandler)}
13:18:12.620 [qtp336949043-39] DEBUG org.eclipse.jetty.io.ChannelEndPoint - filled 0 HeapByteBuffer@1de9b522[p=0,l=0,c=8192,r=0]={<<<>>>HTTP/1.1 ...\x00\x00\x00\x00\x00\x00\x00}
13:18:12.621 [qtp336949043-39] DEBUG org.eclipse.jetty.io.ChannelEndPoint - filled 0 HeapByteBuffer@1de9b522[p=0,l=0,c=8192,r=0]={<<<>>>HTTP/1.1 ...\x00\x00\x00\x00\x00\x00\x00}
13:18:12.622 [qtp336949043-39] DEBUG org.eclipse.jetty.server.HttpConnection - HttpConnection@5ca2382::NetworkTrafficSocketChannelEndPoint@4d8946ee{/127.0.0.1:64969<->/127.0.0.1:8080,OPEN,fill=-,flush=-,to=12/30000}{io=0/0,kio=0,kro=1}->HttpConnection@5ca2382[p=HttpParser{s=START,0 of -1},g=HttpGenerator@33bb3ddd{s=START}]=>HttpChannelOverHttp@47712d9e{s=HttpChannelState@273bb14{s=IDLE rs=BLOCKING os=OPEN is=IDLE awp=false se=false i=true al=0},r=1,c=false/false,a=IDLE,uri=null,age=0} filled 0 HeapByteBuffer@1de9b522[p=0,l=0,c=8192,r=0]={<<<>>>HTTP/1.1 ...\x00\x00\x00\x00\x00\x00\x00}
13:18:12.622 [qtp336949043-39] DEBUG org.eclipse.jetty.server.HttpConnection - HttpConnection@5ca2382::NetworkTrafficSocketChannelEndPoint@4d8946ee{/127.0.0.1:64969<->/127.0.0.1:8080,OPEN,fill=-,flush=-,to=13/30000}{io=0/0,kio=0,kro=1}->HttpConnection@5ca2382[p=HttpParser{s=START,0 of -1},g=HttpGenerator@33bb3ddd{s=START}]=>HttpChannelOverHttp@47712d9e{s=HttpChannelState@273bb14{s=IDLE rs=BLOCKING os=OPEN is=IDLE awp=false se=false i=true al=0},r=1,c=false/false,a=IDLE,uri=null,age=0} parse HeapByteBuffer@1de9b522[p=0,l=0,c=8192,r=0]={<<<>>>HTTP/1.1 ...\x00\x00\x00\x00\x00\x00\x00} {}
13:18:12.622 [qtp336949043-39] DEBUG org.eclipse.jetty.http.HttpParser - parseNext s=START HeapByteBuffer@1de9b522[p=0,l=0,c=8192,r=0]={<<<>>>HTTP/1.1 ...\x00\x00\x00\x00\x00\x00\x00}
13:18:12.623 [reactor-http-nio-2] DEBUG reactor.netty.resources.PooledConnectionProvider - [id: 0xc8d78ff3, L:/127.0.0.1:64971 - R:localhost/127.0.0.1:8080] Registering pool release on close event for channel
13:18:12.624 [reactor-http-nio-2] DEBUG reactor.netty.resources.PooledConnectionProvider - [id: 0xc8d78ff3, L:/127.0.0.1:64971 - R:localhost/127.0.0.1:8080] Channel connected, now 1 active connections and 0 inactive connections
13:18:12.624 [reactor-http-nio-2] DEBUG reactor.netty.resources.PooledConnectionProvider - [id: 0xc8d78ff3, L:/127.0.0.1:64971 - R:localhost/127.0.0.1:8080] onStateChange(PooledConnection{channel=[id: 0xc8d78ff3, L:/127.0.0.1:64971 - R:localhost/127.0.0.1:8080]}, [connected])
13:18:12.624 [reactor-http-nio-2] DEBUG reactor.netty.resources.PooledConnectionProvider - [id: 0xc8d78ff3, L:/127.0.0.1:64971 - R:localhost/127.0.0.1:8080] onStateChange(GET{uri=/, connection=PooledConnection{channel=[id: 0xc8d78ff3, L:/127.0.0.1:64971 - R:localhost/127.0.0.1:8080]}}, [configured])
13:18:12.625 [reactor-http-nio-2] DEBUG reactor.netty.ReactorNetty - [id: 0xc8d78ff3, L:/127.0.0.1:64971 - R:localhost/127.0.0.1:8080] Added decoder [ReadTimeoutHandler] at the end of the user pipeline, full pipeline: [reactor.left.httpCodec, ReadTimeoutHandler, reactor.right.reactiveBridge, DefaultChannelPipeline$TailContext#0]
13:18:12.625 [reactor-http-nio-2] DEBUG reactor.netty.ReactorNetty - [id: 0xc8d78ff3, L:/127.0.0.1:64971 - R:localhost/127.0.0.1:8080] Added decoder [WriteTimeoutHandler] at the end of the user pipeline, full pipeline: [reactor.left.httpCodec, ReadTimeoutHandler, WriteTimeoutHandler, reactor.right.reactiveBridge, DefaultChannelPipeline$TailContext#0]
13:18:12.625 [reactor-http-nio-2] DEBUG reactor.netty.http.client.HttpClientConnect - [id: 0xc8d78ff3, L:/127.0.0.1:64971 - R:localhost/127.0.0.1:8080] Handler is being applied: {uri=http://localhost:8080/api/v0/components/provision-adapters/awx, method=GET}
13:18:12.625 [reactor-http-nio-2] DEBUG reactor.netty.resources.PooledConnectionProvider - [id: 0xc8d78ff3, L:/127.0.0.1:64971 - R:localhost/127.0.0.1:8080] onStateChange(GET{uri=/api/v0/components/provision-adapters/awx, connection=PooledConnection{channel=[id: 0xc8d78ff3, L:/127.0.0.1:64971 - R:localhost/127.0.0.1:8080]}}, [request_prepared])
13:18:12.626 [qtp336949043-39] DEBUG org.eclipse.jetty.server.HttpConnection - HttpConnection@5ca2382::NetworkTrafficSocketChannelEndPoint@4d8946ee{/127.0.0.1:64969<->/127.0.0.1:8080,OPEN,fill=-,flush=-,to=17/30000}{io=0/0,kio=0,kro=1}->HttpConnection@5ca2382[p=HttpParser{s=START,0 of -1},g=HttpGenerator@33bb3ddd{s=START}]=>HttpChannelOverHttp@47712d9e{s=HttpChannelState@273bb14{s=IDLE rs=BLOCKING os=OPEN is=IDLE awp=false se=false i=true al=0},r=1,c=false/false,a=IDLE,uri=null,age=0} parsed false HttpParser{s=START,0 of -1}
13:18:12.628 [qtp336949043-39] DEBUG org.eclipse.jetty.server.HttpConnection - releaseRequestBuffer HttpConnection@5ca2382::NetworkTrafficSocketChannelEndPoint@4d8946ee{/127.0.0.1:64969<->/127.0.0.1:8080,OPEN,fill=-,flush=-,to=18/30000}{io=0/0,kio=0,kro=1}->HttpConnection@5ca2382[p=HttpParser{s=START,0 of -1},g=HttpGenerator@33bb3ddd{s=START}]=>HttpChannelOverHttp@47712d9e{s=HttpChannelState@273bb14{s=IDLE rs=BLOCKING os=OPEN is=IDLE awp=false se=false i=true al=0},r=1,c=false/false,a=IDLE,uri=null,age=0}
13:18:12.628 [qtp336949043-39] DEBUG org.eclipse.jetty.io.AbstractConnection - fillInterested HttpConnection@5ca2382::NetworkTrafficSocketChannelEndPoint@4d8946ee{/127.0.0.1:64969<->/127.0.0.1:8080,OPEN,fill=-,flush=-,to=18/30000}{io=0/0,kio=0,kro=1}->HttpConnection@5ca2382[p=HttpParser{s=START,0 of -1},g=HttpGenerator@33bb3ddd{s=START}]=>HttpChannelOverHttp@47712d9e{s=HttpChannelState@273bb14{s=IDLE rs=BLOCKING os=OPEN is=IDLE awp=false se=false i=true al=0},r=1,c=false/false,a=IDLE,uri=null,age=0}
13:18:12.630 [qtp336949043-39] DEBUG org.eclipse.jetty.io.FillInterest - interested FillInterest@7de8fbe9{AC.ReadCB@5ca2382{HttpConnection@5ca2382::NetworkTrafficSocketChannelEndPoint@4d8946ee{/127.0.0.1:64969<->/127.0.0.1:8080,OPEN,fill=FI,flush=-,to=0/30000}{io=0/0,kio=0,kro=1}->HttpConnection@5ca2382[p=HttpParser{s=START,0 of -1},g=HttpGenerator@33bb3ddd{s=START}]=>HttpChannelOverHttp@47712d9e{s=HttpChannelState@273bb14{s=IDLE rs=BLOCKING os=OPEN is=IDLE awp=false se=false i=true al=0},r=1,c=false/false,a=IDLE,uri=null,age=0}}}
13:18:12.633 [qtp336949043-39] DEBUG org.eclipse.jetty.io.ChannelEndPoint - changeInterests p=false 0->1 for NetworkTrafficSocketChannelEndPoint@4d8946ee{/127.0.0.1:64969<->/127.0.0.1:8080,OPEN,fill=FI,flush=-,to=2/30000}{io=0/1,kio=0,kro=1}->HttpConnection@5ca2382[p=HttpParser{s=START,0 of -1},g=HttpGenerator@33bb3ddd{s=START}]=>HttpChannelOverHttp@47712d9e{s=HttpChannelState@273bb14{s=IDLE rs=BLOCKING os=OPEN is=IDLE awp=false se=false i=true al=0},r=1,c=false/false,a=IDLE,uri=null,age=0}
13:18:12.633 [qtp336949043-39] DEBUG org.eclipse.jetty.io.ManagedSelector - Queued change org.eclipse.jetty.io.ChannelEndPoint$1@625c445b on ManagedSelector@5efcef8c{STARTED} id=1 keys=1 selected=0 updates=0
13:18:12.633 [qtp336949043-39] DEBUG org.eclipse.jetty.io.ManagedSelector - Wakeup on submit ManagedSelector@5efcef8c{STARTED} id=1 keys=1 selected=0 updates=1
13:18:12.634 [qtp336949043-34] DEBUG org.eclipse.jetty.io.ManagedSelector - Selector sun.nio.ch.WindowsSelectorImpl@24f6d469 woken with none selected
13:18:12.634 [qtp336949043-34] DEBUG org.eclipse.jetty.io.ManagedSelector - Selector sun.nio.ch.WindowsSelectorImpl@24f6d469 woken up from select, 0/0/1 selected
13:18:12.634 [qtp336949043-34] DEBUG org.eclipse.jetty.io.ManagedSelector - Selector sun.nio.ch.WindowsSelectorImpl@24f6d469 processing 0 keys, 1 updates
13:18:12.634 [qtp336949043-34] DEBUG org.eclipse.jetty.io.ManagedSelector - updateable 1
13:18:12.634 [qtp336949043-34] DEBUG org.eclipse.jetty.io.ManagedSelector - update org.eclipse.jetty.io.ChannelEndPoint$1@625c445b
13:18:12.634 [qtp336949043-34] DEBUG org.eclipse.jetty.io.ChannelEndPoint - Key interests updated 0 -> 1 on NetworkTrafficSocketChannelEndPoint@4d8946ee{/127.0.0.1:64969<->/127.0.0.1:8080,OPEN,fill=FI,flush=-,to=5/30000}{io=1/1,kio=1,kro=1}->HttpConnection@5ca2382[p=HttpParser{s=START,0 of -1},g=HttpGenerator@33bb3ddd{s=START}]=>HttpChannelOverHttp@47712d9e{s=HttpChannelState@273bb14{s=IDLE rs=BLOCKING os=OPEN is=IDLE awp=false se=false i=true al=0},r=1,c=false/false,a=IDLE,uri=null,age=0}
13:18:12.634 [qtp336949043-34] DEBUG org.eclipse.jetty.io.ManagedSelector - updates 0
13:18:12.634 [qtp336949043-34] DEBUG org.eclipse.jetty.io.ManagedSelector - Selector sun.nio.ch.WindowsSelectorImpl@24f6d469 waiting with 1 keys
13:18:12.634 [qtp336949043-39] DEBUG org.eclipse.jetty.server.HttpConnection - HttpConnection@5ca2382::NetworkTrafficSocketChannelEndPoint@4d8946ee{/127.0.0.1:64969<->/127.0.0.1:8080,OPEN,fill=FI,flush=-,to=6/30000}{io=1/1,kio=1,kro=1}->HttpConnection@5ca2382[p=HttpParser{s=START,0 of -1},g=HttpGenerator@33bb3ddd{s=START}]=>HttpChannelOverHttp@47712d9e{s=HttpChannelState@273bb14{s=IDLE rs=BLOCKING os=OPEN is=IDLE awp=false se=false i=true al=0},r=1,c=false/false,a=IDLE,uri=null,age=0} onFillable exit HttpChannelState@273bb14{s=IDLE rs=BLOCKING os=OPEN is=IDLE awp=false se=false i=true al=0} null
13:18:12.635 [qtp336949043-39] DEBUG org.eclipse.jetty.util.thread.QueuedThreadPool - ran CEP:NetworkTrafficSocketChannelEndPoint@4d8946ee{/127.0.0.1:64969<->/127.0.0.1:8080,OPEN,fill=FI,flush=-,to=6/30000}{io=1/1,kio=1,kro=1}->HttpConnection@5ca2382[p=HttpParser{s=START,0 of -1},g=HttpGenerator@33bb3ddd{s=START}]=>HttpChannelOverHttp@47712d9e{s=HttpChannelState@273bb14{s=IDLE rs=BLOCKING os=OPEN is=IDLE awp=false se=false i=true al=0},r=1,c=false/false,a=IDLE,uri=null,age=0}:runFillable:BLOCKING in QueuedThreadPool[qtp336949043]@14156f33{STARTED,8<=8<=14,i=1,r=1,q=0}[ReservedThreadExecutor@264c02c5{s=1/1,p=0}]
13:18:12.624 [qtp336949043-36-acceptor-1@3bead706-NetworkTrafficServerConnector@2c36df18{HTTP/1.1, (http/1.1)}{0.0.0.0:8080}] DEBUG org.eclipse.jetty.io.ManagedSelector - Queued change org.eclipse.jetty.io.ManagedSelector$Accept@67bbf1df on ManagedSelector@74341b2c{STARTED} id=0 keys=0 selected=0 updates=0
13:18:12.636 [qtp336949043-36-acceptor-1@3bead706-NetworkTrafficServerConnector@2c36df18{HTTP/1.1, (http/1.1)}{0.0.0.0:8080}] DEBUG org.eclipse.jetty.io.ManagedSelector - Wakeup on submit ManagedSelector@74341b2c{STARTED} id=0 keys=0 selected=0 updates=1
13:18:12.636 [qtp336949043-33] DEBUG org.eclipse.jetty.io.ManagedSelector - Selector sun.nio.ch.WindowsSelectorImpl@69c35d72 woken with none selected
13:18:12.636 [qtp336949043-33] DEBUG org.eclipse.jetty.io.ManagedSelector - Selector sun.nio.ch.WindowsSelectorImpl@69c35d72 woken up from select, 0/0/0 selected
13:18:12.636 [qtp336949043-33] DEBUG org.eclipse.jetty.io.ManagedSelector - Selector sun.nio.ch.WindowsSelectorImpl@69c35d72 processing 0 keys, 1 updates
13:18:12.636 [qtp336949043-33] DEBUG org.eclipse.jetty.io.ManagedSelector - updateable 1
13:18:12.636 [qtp336949043-33] DEBUG org.eclipse.jetty.io.ManagedSelector - update org.eclipse.jetty.io.ManagedSelector$Accept@67bbf1df
13:18:12.636 [qtp336949043-33] DEBUG org.eclipse.jetty.util.thread.QueuedThreadPool - queue org.eclipse.jetty.io.ManagedSelector$Accept@67bbf1df startThread=0
13:18:12.636 [qtp336949043-33] DEBUG org.eclipse.jetty.io.ManagedSelector - updates 0
13:18:12.636 [qtp336949043-33] DEBUG org.eclipse.jetty.io.ManagedSelector - Selector sun.nio.ch.WindowsSelectorImpl@69c35d72 waiting with 1 keys
13:18:12.639 [qtp336949043-40] DEBUG org.eclipse.jetty.util.thread.QueuedThreadPool - run org.eclipse.jetty.io.ManagedSelector$Accept@67bbf1df in QueuedThreadPool[qtp336949043]@14156f33{STARTED,8<=8<=14,i=1,r=1,q=0}[ReservedThreadExecutor@264c02c5{s=1/1,p=0}]
13:18:12.639 [qtp336949043-40] DEBUG org.eclipse.jetty.io.IdleTimeout - NetworkTrafficSocketChannelEndPoint@6e1bbfe2{/127.0.0.1:64971<->/127.0.0.1:8080,OPEN,fill=-,flush=-,to=0/30000}{io=0/0,kio=0,kro=0}-><null> idle timeout check, elapsed: 0 ms, remaining: 30000 ms
13:18:12.639 [qtp336949043-40] DEBUG org.eclipse.jetty.server.HttpChannel - new HttpChannelOverHttp@60dc5c51{s=HttpChannelState@64e3d492{s=IDLE rs=BLOCKING os=OPEN is=IDLE awp=false se=false i=true al=0},r=0,c=false/false,a=IDLE,uri=null,age=0} -> NetworkTrafficSocketChannelEndPoint@6e1bbfe2{/127.0.0.1:64971<->/127.0.0.1:8080,OPEN,fill=-,flush=-,to=0/30000}{io=0/0,kio=0,kro=0}-><null>,null,HttpChannelState@64e3d492{s=IDLE rs=BLOCKING os=OPEN is=IDLE awp=false se=false i=true al=0}
13:18:12.639 [qtp336949043-40] DEBUG org.eclipse.jetty.server.HttpConnection - New HTTP Connection HttpConnection@21e1566a::NetworkTrafficSocketChannelEndPoint@6e1bbfe2{/127.0.0.1:64971<->/127.0.0.1:8080,OPEN,fill=-,flush=-,to=0/30000}{io=0/0,kio=0,kro=0}-><null>
13:18:12.639 [qtp336949043-40] DEBUG org.eclipse.jetty.io.AbstractEndPoint - onOpen NetworkTrafficSocketChannelEndPoint@6e1bbfe2{/127.0.0.1:64971<->/127.0.0.1:8080,OPEN,fill=-,flush=-,to=0/30000}{io=0/0,kio=0,kro=0}->HttpConnection@21e1566a[p=HttpParser{s=START,0 of -1},g=HttpGenerator@1236191b{s=START}]=>HttpChannelOverHttp@60dc5c51{s=HttpChannelState@64e3d492{s=IDLE rs=BLOCKING os=OPEN is=IDLE awp=false se=false i=true al=0},r=0,c=false/false,a=IDLE,uri=null,age=0}
13:18:12.640 [qtp336949043-40] DEBUG org.eclipse.jetty.io.AbstractConnection - onOpen HttpConnection@21e1566a::NetworkTrafficSocketChannelEndPoint@6e1bbfe2{/127.0.0.1:64971<->/127.0.0.1:8080,OPEN,fill=-,flush=-,to=0/30000}{io=0/0,kio=0,kro=0}->HttpConnection@21e1566a[p=HttpParser{s=START,0 of -1},g=HttpGenerator@1236191b{s=START}]=>HttpChannelOverHttp@60dc5c51{s=HttpChannelState@64e3d492{s=IDLE rs=BLOCKING os=OPEN is=IDLE awp=false se=false i=true al=0},r=0,c=false/false,a=IDLE,uri=null,age=0}
13:18:12.640 [qtp336949043-40] DEBUG org.eclipse.jetty.io.AbstractConnection - fillInterested HttpConnection@21e1566a::NetworkTrafficSocketChannelEndPoint@6e1bbfe2{/127.0.0.1:64971<->/127.0.0.1:8080,OPEN,fill=-,flush=-,to=0/30000}{io=0/0,kio=0,kro=0}->HttpConnection@21e1566a[p=HttpParser{s=START,0 of -1},g=HttpGenerator@1236191b{s=START}]=>HttpChannelOverHttp@60dc5c51{s=HttpChannelState@64e3d492{s=IDLE rs=BLOCKING os=OPEN is=IDLE awp=false se=false i=true al=0},r=0,c=false/false,a=IDLE,uri=null,age=0}
13:18:12.640 [qtp336949043-40] DEBUG org.eclipse.jetty.io.FillInterest - interested FillInterest@108af1d8{AC.ReadCB@21e1566a{HttpConnection@21e1566a::NetworkTrafficSocketChannelEndPoint@6e1bbfe2{/127.0.0.1:64971<->/127.0.0.1:8080,OPEN,fill=FI,flush=-,to=0/30000}{io=0/0,kio=0,kro=0}->HttpConnection@21e1566a[p=HttpParser{s=START,0 of -1},g=HttpGenerator@1236191b{s=START}]=>HttpChannelOverHttp@60dc5c51{s=HttpChannelState@64e3d492{s=IDLE rs=BLOCKING os=OPEN is=IDLE awp=false se=false i=true al=0},r=0,c=false/false,a=IDLE,uri=null,age=0}}}
13:18:12.640 [qtp336949043-40] DEBUG org.eclipse.jetty.io.ChannelEndPoint - changeInterests p=false 0->1 for NetworkTrafficSocketChannelEndPoint@6e1bbfe2{/127.0.0.1:64971<->/127.0.0.1:8080,OPEN,fill=FI,flush=-,to=0/30000}{io=0/1,kio=0,kro=0}->HttpConnection@21e1566a[p=HttpParser{s=START,0 of -1},g=HttpGenerator@1236191b{s=START}]=>HttpChannelOverHttp@60dc5c51{s=HttpChannelState@64e3d492{s=IDLE rs=BLOCKING os=OPEN is=IDLE awp=false se=false i=true al=0},r=0,c=false/false,a=IDLE,uri=null,age=0}
13:18:12.640 [qtp336949043-40] DEBUG org.eclipse.jetty.io.ManagedSelector - Queued change org.eclipse.jetty.io.ChannelEndPoint$1@6ab7e01f on ManagedSelector@74341b2c{STARTED} id=0 keys=1 selected=0 updates=0
13:18:12.641 [qtp336949043-40] DEBUG org.eclipse.jetty.io.ManagedSelector - Wakeup on submit ManagedSelector@74341b2c{STARTED} id=0 keys=1 selected=0 updates=1
13:18:12.641 [qtp336949043-33] DEBUG org.eclipse.jetty.io.ManagedSelector - Selector sun.nio.ch.WindowsSelectorImpl@69c35d72 woken with none selected
13:18:12.641 [qtp336949043-33] DEBUG org.eclipse.jetty.io.ManagedSelector - Selector sun.nio.ch.WindowsSelectorImpl@69c35d72 woken up from select, 0/0/1 selected
13:18:12.641 [qtp336949043-33] DEBUG org.eclipse.jetty.io.ManagedSelector - Selector sun.nio.ch.WindowsSelectorImpl@69c35d72 processing 0 keys, 1 updates
13:18:12.641 [qtp336949043-33] DEBUG org.eclipse.jetty.io.ManagedSelector - updateable 1
13:18:12.641 [qtp336949043-33] DEBUG org.eclipse.jetty.io.ManagedSelector - update org.eclipse.jetty.io.ChannelEndPoint$1@6ab7e01f
13:18:12.641 [qtp336949043-33] DEBUG org.eclipse.jetty.io.ChannelEndPoint - Key interests updated 0 -> 1 on NetworkTrafficSocketChannelEndPoint@6e1bbfe2{/127.0.0.1:64971<->/127.0.0.1:8080,OPEN,fill=FI,flush=-,to=1/30000}{io=1/1,kio=1,kro=0}->HttpConnection@21e1566a[p=HttpParser{s=START,0 of -1},g=HttpGenerator@1236191b{s=START}]=>HttpChannelOverHttp@60dc5c51{s=HttpChannelState@64e3d492{s=IDLE rs=BLOCKING os=OPEN is=IDLE awp=false se=false i=true al=0},r=0,c=false/false,a=IDLE,uri=null,age=0}
13:18:12.642 [qtp336949043-33] DEBUG org.eclipse.jetty.io.ManagedSelector - updates 0
13:18:12.642 [qtp336949043-33] DEBUG org.eclipse.jetty.io.ManagedSelector - Selector sun.nio.ch.WindowsSelectorImpl@69c35d72 waiting with 1 keys
13:18:12.642 [qtp336949043-40] DEBUG org.eclipse.jetty.io.ManagedSelector - Created NetworkTrafficSocketChannelEndPoint@6e1bbfe2{/127.0.0.1:64971<->/127.0.0.1:8080,OPEN,fill=FI,flush=-,to=1/30000}{io=1/1,kio=1,kro=0}->HttpConnection@21e1566a[p=HttpParser{s=START,0 of -1},g=HttpGenerator@1236191b{s=START}]=>HttpChannelOverHttp@60dc5c51{s=HttpChannelState@64e3d492{s=IDLE rs=BLOCKING os=OPEN is=IDLE awp=false se=false i=true al=0},r=0,c=false/false,a=IDLE,uri=null,age=0}
13:18:12.642 [qtp336949043-40] DEBUG org.eclipse.jetty.util.thread.QueuedThreadPool - ran org.eclipse.jetty.io.ManagedSelector$Accept@67bbf1df in QueuedThreadPool[qtp336949043]@14156f33{STARTED,8<=8<=14,i=1,r=1,q=0}[ReservedThreadExecutor@264c02c5{s=1/1,p=0}]
13:18:12.644 [reactor-http-nio-2] DEBUG reactor.netty.resources.PooledConnectionProvider - [id: 0xc8d78ff3, L:/127.0.0.1:64971 - R:localhost/127.0.0.1:8080] onStateChange(GET{uri=/api/v0/components/provision-adapters/awx, connection=PooledConnection{channel=[id: 0xc8d78ff3, L:/127.0.0.1:64971 - R:localhost/127.0.0.1:8080]}}, [request_sent])
13:18:12.645 [qtp336949043-33] DEBUG org.eclipse.jetty.io.ManagedSelector - Selector sun.nio.ch.WindowsSelectorImpl@69c35d72 woken up from select, 1/1/1 selected
13:18:12.645 [qtp336949043-33] DEBUG org.eclipse.jetty.io.ManagedSelector - Selector sun.nio.ch.WindowsSelectorImpl@69c35d72 processing 1 keys, 0 updates
13:18:12.645 [qtp336949043-33] DEBUG org.eclipse.jetty.io.ManagedSelector - selected 1 channel=java.nio.channels.SocketChannel[connected local=/127.0.0.1:8080 remote=/127.0.0.1:64971], selector=sun.nio.ch.WindowsSelectorImpl@69c35d72, interestOps=1, readyOps=1 NetworkTrafficSocketChannelEndPoint@6e1bbfe2{/127.0.0.1:64971<->/127.0.0.1:8080,OPEN,fill=FI,flush=-,to=5/30000}{io=1/1,kio=1,kro=1}->HttpConnection@21e1566a[p=HttpParser{s=START,0 of -1},g=HttpGenerator@1236191b{s=START}]=>HttpChannelOverHttp@60dc5c51{s=HttpChannelState@64e3d492{s=IDLE rs=BLOCKING os=OPEN is=IDLE awp=false se=false i=true al=0},r=0,c=false/false,a=IDLE,uri=null,age=0} 
13:18:12.645 [qtp336949043-33] DEBUG org.eclipse.jetty.io.ChannelEndPoint - onSelected 1->0 r=true w=false for NetworkTrafficSocketChannelEndPoint@6e1bbfe2{/127.0.0.1:64971<->/127.0.0.1:8080,OPEN,fill=FI,flush=-,to=5/30000}{io=1/0,kio=1,kro=1}->HttpConnection@21e1566a[p=HttpParser{s=START,0 of -1},g=HttpGenerator@1236191b{s=START}]=>HttpChannelOverHttp@60dc5c51{s=HttpChannelState@64e3d492{s=IDLE rs=BLOCKING os=OPEN is=IDLE awp=false se=false i=true al=0},r=0,c=false/false,a=IDLE,uri=null,age=0}
13:18:12.645 [qtp336949043-33] DEBUG org.eclipse.jetty.io.ChannelEndPoint - task CEP:NetworkTrafficSocketChannelEndPoint@6e1bbfe2{/127.0.0.1:64971<->/127.0.0.1:8080,OPEN,fill=FI,flush=-,to=5/30000}{io=1/0,kio=1,kro=1}->HttpConnection@21e1566a[p=HttpParser{s=START,0 of -1},g=HttpGenerator@1236191b{s=START}]=>HttpChannelOverHttp@60dc5c51{s=HttpChannelState@64e3d492{s=IDLE rs=BLOCKING os=OPEN is=IDLE awp=false se=false i=true al=0},r=0,c=false/false,a=IDLE,uri=null,age=0}:runFillable:BLOCKING
13:18:12.646 [qtp336949043-33] DEBUG org.eclipse.jetty.util.thread.ReservedThreadExecutor - ReservedThreadExecutor@264c02c5{s=1/1,p=0} tryExecute EatWhatYouKill@64411409/SelectorProducer@3a1df2c1/PRODUCING/p=false/QueuedThreadPool[qtp336949043]@14156f33{STARTED,8<=8<=14,i=2,r=1,q=0}[ReservedThreadExecutor@264c02c5{s=1/1,p=0}][pc=0,pic=0,pec=0,epc=0]@2020-09-25T13:18:12.6454854+02:00
13:18:12.646 [qtp336949043-33] DEBUG org.eclipse.jetty.util.thread.ReservedThreadExecutor - ReservedThreadExecutor@264c02c5{s=0/1,p=0}@2e0ebf19 offer EatWhatYouKill@64411409/SelectorProducer@3a1df2c1/PRODUCING/p=false/QueuedThreadPool[qtp336949043]@14156f33{STARTED,8<=8<=14,i=2,r=1,q=0}[ReservedThreadExecutor@264c02c5{s=0/1,p=0}][pc=0,pic=0,pec=0,epc=0]@2020-09-25T13:18:12.6464886+02:00
13:18:12.646 [qtp336949043-33] DEBUG org.eclipse.jetty.util.thread.ReservedThreadExecutor - ReservedThreadExecutor@264c02c5{s=0/1,p=1} startReservedThread p=1
13:18:12.646 [qtp336949043-33] DEBUG org.eclipse.jetty.util.thread.QueuedThreadPool - queue ReservedThreadExecutor@264c02c5{s=0/1,p=1}@633b3602 startThread=0
13:18:12.646 [qtp336949043-33] DEBUG org.eclipse.jetty.util.thread.strategy.EatWhatYouKill - EatWhatYouKill@64411409/SelectorProducer@3a1df2c1/IDLE/p=true/QueuedThreadPool[qtp336949043]@14156f33{STARTED,8<=8<=14,i=1,r=1,q=0}[ReservedThreadExecutor@264c02c5{s=0/1,p=1}][pc=0,pic=0,pec=0,epc=0]@2020-09-25T13:18:12.6464886+02:00 m=EXECUTE_PRODUCE_CONSUME t=CEP:NetworkTrafficSocketChannelEndPoint@6e1bbfe2{/127.0.0.1:64971<->/127.0.0.1:8080,OPEN,fill=FI,flush=-,to=6/30000}{io=1/0,kio=1,kro=1}->HttpConnection@21e1566a[p=HttpParser{s=START,0 of -1},g=HttpGenerator@1236191b{s=START}]=>HttpChannelOverHttp@60dc5c51{s=HttpChannelState@64e3d492{s=IDLE rs=BLOCKING os=OPEN is=IDLE awp=false se=false i=true al=0},r=0,c=false/false,a=IDLE,uri=null,age=0}:runFillable:BLOCKING/BLOCKING
13:18:12.646 [qtp336949043-33] DEBUG org.eclipse.jetty.io.FillInterest - fillable FillInterest@108af1d8{AC.ReadCB@21e1566a{HttpConnection@21e1566a::NetworkTrafficSocketChannelEndPoint@6e1bbfe2{/127.0.0.1:64971<->/127.0.0.1:8080,OPEN,fill=FI,flush=-,to=6/30000}{io=1/0,kio=1,kro=1}->HttpConnection@21e1566a[p=HttpParser{s=START,0 of -1},g=HttpGenerator@1236191b{s=START}]=>HttpChannelOverHttp@60dc5c51{s=HttpChannelState@64e3d492{s=IDLE rs=BLOCKING os=OPEN is=IDLE awp=false se=false i=true al=0},r=0,c=false/false,a=IDLE,uri=null,age=0}}}
13:18:12.647 [qtp336949043-33] DEBUG org.eclipse.jetty.server.HttpConnection - HttpConnection@21e1566a::NetworkTrafficSocketChannelEndPoint@6e1bbfe2{/127.0.0.1:64971<->/127.0.0.1:8080,OPEN,fill=-,flush=-,to=6/30000}{io=1/0,kio=1,kro=1}->HttpConnection@21e1566a[p=HttpParser{s=START,0 of -1},g=HttpGenerator@1236191b{s=START}]=>HttpChannelOverHttp@60dc5c51{s=HttpChannelState@64e3d492{s=IDLE rs=BLOCKING os=OPEN is=IDLE awp=false se=false i=true al=0},r=0,c=false/false,a=IDLE,uri=null,age=0} onFillable enter HttpChannelState@64e3d492{s=IDLE rs=BLOCKING os=OPEN is=IDLE awp=false se=false i=true al=0} null
13:18:12.647 [qtp336949043-33] DEBUG org.eclipse.jetty.io.ChannelEndPoint - filled 157 HeapByteBuffer@1de9b522[p=0,l=157,c=8192,r=157]={<<<GET /api/v0/components/pr...horization: Bearer \r\n\r\n>>>he-HttpCl...\x00\x00\x00\x00\x00\x00\x00}
13:18:12.647 [qtp336949043-33] DEBUG org.eclipse.jetty.server.HttpConnection - HttpConnection@21e1566a::NetworkTrafficSocketChannelEndPoint@6e1bbfe2{/127.0.0.1:64971<->/127.0.0.1:8080,OPEN,fill=-,flush=-,to=0/30000}{io=1/0,kio=1,kro=1}->HttpConnection@21e1566a[p=HttpParser{s=START,0 of -1},g=HttpGenerator@1236191b{s=START}]=>HttpChannelOverHttp@60dc5c51{s=HttpChannelState@64e3d492{s=IDLE rs=BLOCKING os=OPEN is=IDLE awp=false se=false i=true al=0},r=0,c=false/false,a=IDLE,uri=null,age=0} filled 157 HeapByteBuffer@1de9b522[p=0,l=157,c=8192,r=157]={<<<GET /api/v0/components/pr...horization: Bearer \r\n\r\n>>>he-HttpCl...\x00\x00\x00\x00\x00\x00\x00}
13:18:12.647 [qtp336949043-33] DEBUG org.eclipse.jetty.server.HttpConnection - HttpConnection@21e1566a::NetworkTrafficSocketChannelEndPoint@6e1bbfe2{/127.0.0.1:64971<->/127.0.0.1:8080,OPEN,fill=-,flush=-,to=0/30000}{io=1/0,kio=1,kro=1}->HttpConnection@21e1566a[p=HttpParser{s=START,0 of -1},g=HttpGenerator@1236191b{s=START}]=>HttpChannelOverHttp@60dc5c51{s=HttpChannelState@64e3d492{s=IDLE rs=BLOCKING os=OPEN is=IDLE awp=false se=false i=true al=0},r=0,c=false/false,a=IDLE,uri=null,age=0} parse HeapByteBuffer@1de9b522[p=0,l=157,c=8192,r=157]={<<<GET /api/v0/components/pr...horization: Bearer \r\n\r\n>>>he-HttpCl...\x00\x00\x00\x00\x00\x00\x00} {}
13:18:12.647 [qtp336949043-33] DEBUG org.eclipse.jetty.http.HttpParser - parseNext s=START HeapByteBuffer@1de9b522[p=0,l=157,c=8192,r=157]={<<<GET /api/v0/components/pr...horization: Bearer \r\n\r\n>>>he-HttpCl...\x00\x00\x00\x00\x00\x00\x00}
13:18:12.647 [qtp336949043-33] DEBUG org.eclipse.jetty.http.HttpParser - START --> SPACE1
13:18:12.647 [qtp336949043-33] DEBUG org.eclipse.jetty.http.HttpParser - SPACE1 --> URI
13:18:12.647 [qtp336949043-33] DEBUG org.eclipse.jetty.http.HttpParser - URI --> SPACE2
13:18:12.647 [qtp336949043-33] DEBUG org.eclipse.jetty.http.HttpParser - SPACE2 --> REQUEST_VERSION
13:18:12.647 [qtp336949043-33] DEBUG org.eclipse.jetty.http.HttpParser - REQUEST_VERSION --> HEADER
13:18:12.648 [qtp336949043-33] DEBUG org.eclipse.jetty.http.HttpParser - HEADER:User-Agent --> VALUE
13:18:12.648 [qtp336949043-33] DEBUG org.eclipse.jetty.http.HttpParser - HEADER:User-Agent --> IN_VALUE
13:18:12.648 [qtp336949043-33] DEBUG org.eclipse.jetty.http.HttpParser - HEADER:User-Agent --> FIELD
13:18:12.648 [qtp336949043-33] DEBUG org.eclipse.jetty.http.HttpParser - HEADER:Host --> VALUE
13:18:12.648 [qtp336949043-33] DEBUG org.eclipse.jetty.http.HttpParser - HEADER:Host --> IN_VALUE
13:18:12.648 [qtp336949043-33] DEBUG org.eclipse.jetty.http.HttpParser - HEADER:Host --> FIELD
13:18:12.648 [qtp336949043-33] DEBUG org.eclipse.jetty.http.HttpParser - HEADER:Accept: */* --> IN_VALUE
13:18:12.648 [qtp336949043-33] DEBUG org.eclipse.jetty.http.HttpParser - HEADER:Accept: */* --> FIELD
13:18:12.648 [qtp336949043-33] DEBUG org.eclipse.jetty.http.HttpParser - HEADER:Authorization --> VALUE
13:18:12.648 [qtp336949043-33] DEBUG org.eclipse.jetty.http.HttpParser - HEADER:Authorization --> IN_VALUE
13:18:12.648 [qtp336949043-33] DEBUG org.eclipse.jetty.http.HttpParser - HEADER:Authorization --> FIELD
13:18:12.648 [qtp336949043-33] DEBUG org.eclipse.jetty.http.HttpParser - HEADER --> CONTENT
13:18:12.648 [qtp336949043-33] DEBUG org.eclipse.jetty.server.HttpChannel - REQUEST for //localhost:8080/api/v0/components/provision-adapters/awx on HttpChannelOverHttp@60dc5c51{s=HttpChannelState@64e3d492{s=IDLE rs=BLOCKING os=OPEN is=IDLE awp=false se=false i=true al=0},r=1,c=false/false,a=IDLE,uri=//localhost:8080/api/v0/components/provision-adapters/awx,age=0}
GET //localhost:8080/api/v0/components/provision-adapters/awx HTTP/1.1
User-Agent: ReactorNetty/0.9.7.RELEASE
Host: localhost:8080
Accept: */*
Authorization: Bearer


13:18:12.648 [qtp336949043-33] DEBUG org.eclipse.jetty.server.HttpConnection - HttpConnection@21e1566a::NetworkTrafficSocketChannelEndPoint@6e1bbfe2{/127.0.0.1:64971<->/127.0.0.1:8080,OPEN,fill=-,flush=-,to=1/30000}{io=1/0,kio=1,kro=1}->HttpConnection@21e1566a[p=HttpParser{s=CONTENT,0 of -1},g=HttpGenerator@1236191b{s=START}]=>HttpChannelOverHttp@60dc5c51{s=HttpChannelState@64e3d492{s=IDLE rs=BLOCKING os=OPEN is=IDLE awp=false se=false i=true al=0},r=1,c=false/false,a=IDLE,uri=//localhost:8080/api/v0/components/provision-adapters/awx,age=0} parsed true HttpParser{s=CONTENT,0 of -1}
13:18:12.648 [qtp336949043-33] DEBUG org.eclipse.jetty.server.HttpConnection - releaseRequestBuffer HttpConnection@21e1566a::NetworkTrafficSocketChannelEndPoint@6e1bbfe2{/127.0.0.1:64971<->/127.0.0.1:8080,OPEN,fill=-,flush=-,to=1/30000}{io=1/0,kio=1,kro=1}->HttpConnection@21e1566a[p=HttpParser{s=CONTENT,0 of -1},g=HttpGenerator@1236191b{s=START}]=>HttpChannelOverHttp@60dc5c51{s=HttpChannelState@64e3d492{s=IDLE rs=BLOCKING os=OPEN is=IDLE awp=false se=false i=true al=0},r=1,c=false/false,a=IDLE,uri=//localhost:8080/api/v0/components/provision-adapters/awx,age=0}
13:18:12.649 [qtp336949043-33] DEBUG org.eclipse.jetty.server.HttpChannel - handle //localhost:8080/api/v0/components/provision-adapters/awx HttpChannelOverHttp@60dc5c51{s=HttpChannelState@64e3d492{s=IDLE rs=BLOCKING os=OPEN is=IDLE awp=false se=false i=true al=0},r=1,c=false/false,a=IDLE,uri=//localhost:8080/api/v0/components/provision-adapters/awx,age=0} 
13:18:12.649 [qtp336949043-33] DEBUG org.eclipse.jetty.server.HttpChannelState - handling HttpChannelState@64e3d492{s=IDLE rs=BLOCKING os=OPEN is=IDLE awp=false se=false i=true al=0}
13:18:12.649 [qtp336949043-33] DEBUG org.eclipse.jetty.server.HttpChannel - action DISPATCH HttpChannelOverHttp@60dc5c51{s=HttpChannelState@64e3d492{s=HANDLING rs=BLOCKING os=OPEN is=IDLE awp=false se=false i=true al=0},r=1,c=false/false,a=HANDLING,uri=//localhost:8080/api/v0/components/provision-adapters/awx,age=1}
13:18:12.649 [qtp336949043-33] DEBUG org.eclipse.jetty.server.Server - REQUEST GET /api/v0/components/provision-adapters/awx on HttpChannelOverHttp@60dc5c51{s=HttpChannelState@64e3d492{s=HANDLING rs=BLOCKING os=OPEN is=IDLE awp=false se=false i=true al=0},r=1,c=false/false,a=HANDLING,uri=//localhost:8080/api/v0/components/provision-adapters/awx,age=1}
13:18:12.649 [qtp336949043-33] DEBUG org.eclipse.jetty.server.handler.ContextHandler - scope null||/api/v0/components/provision-adapters/awx @ o.e.j.s.ServletContextHandler@58d1a4a5{/__admin,null,AVAILABLE}
13:18:12.649 [qtp336949043-33] DEBUG org.eclipse.jetty.server.handler.gzip.GzipHandler - GzipHandler@74c28093{STARTED,min=32,inflate=-1} handle Request(GET //localhost:8080/api/v0/components/provision-adapters/awx)@2639a401 in null
13:18:12.649 [qtp336949043-33] DEBUG org.eclipse.jetty.server.handler.ContextHandler - scope null||/api/v0/components/provision-adapters/awx @ o.e.j.s.ServletContextHandler@7b8a759f{/,null,AVAILABLE}
13:18:12.649 [qtp336949043-33] DEBUG org.eclipse.jetty.server.handler.ContextHandler - context=||/api/v0/components/provision-adapters/awx @ o.e.j.s.ServletContextHandler@7b8a759f{/,null,AVAILABLE}
13:18:12.649 [qtp336949043-33] DEBUG org.eclipse.jetty.servlet.ServletHandler - servlet |/api/v0/components/provision-adapters/awx|null -> com.github.tomakehurst.wiremock.servlet.WireMockHandlerDispatchingServlet-3bc8fbe0@fc9d58f9==com.github.tomakehurst.wiremock.servlet.WireMockHandlerDispatchingServlet,jsp=null,order=-1,inst=false,async=true
13:18:12.649 [qtp336949043-33] DEBUG org.eclipse.jetty.servlet.ServletHandler - chain=org.eclipse.jetty.servlets.CrossOriginFilter-71d86d06@71d86d06==org.eclipse.jetty.servlets.CrossOriginFilter,inst=true,async=true->com.github.tomakehurst.wiremock.servlet.WireMockHandlerDispatchingServlet-3bc8fbe0@fc9d58f9==com.github.tomakehurst.wiremock.servlet.WireMockHandlerDispatchingServlet,jsp=null,order=-1,inst=false,async=true
13:18:12.649 [qtp336949043-33] DEBUG org.eclipse.jetty.servlet.ServletHolder - Servlet.init com.github.tomakehurst.wiremock.servlet.WireMockHandlerDispatchingServlet@55625579 for com.github.tomakehurst.wiremock.servlet.WireMockHandlerDispatchingServlet-3bc8fbe0
13:18:12.651 [qtp336949043-33] INFO org.eclipse.jetty.server.handler.ContextHandler.ROOT - RequestHandlerClass from context returned com.github.tomakehurst.wiremock.http.StubRequestHandler. Normalized mapped under returned 'null'
13:18:12.651 [qtp336949043-33] DEBUG org.eclipse.jetty.servlet.ServletHandler - call filter org.eclipse.jetty.servlets.CrossOriginFilter-71d86d06@71d86d06==org.eclipse.jetty.servlets.CrossOriginFilter,inst=true,async=true
13:18:12.651 [qtp336949043-33] DEBUG org.eclipse.jetty.servlet.ServletHandler - call servlet com.github.tomakehurst.wiremock.servlet.WireMockHandlerDispatchingServlet-3bc8fbe0@fc9d58f9==com.github.tomakehurst.wiremock.servlet.WireMockHandlerDispatchingServlet,jsp=null,order=-1,inst=true,async=true
13:18:12.652 [qtp336949043-33] DEBUG org.eclipse.jetty.io.ChannelEndPoint - filled 0 HeapByteBuffer@1de9b522[p=0,l=0,c=8192,r=0]={<<<>>>GET /api/...\x00\x00\x00\x00\x00\x00\x00}
13:18:12.652 [qtp336949043-33] DEBUG org.eclipse.jetty.io.ChannelEndPoint - filled 0 HeapByteBuffer@1de9b522[p=0,l=0,c=8192,r=0]={<<<>>>GET /api/...\x00\x00\x00\x00\x00\x00\x00}
13:18:12.652 [qtp336949043-39] DEBUG org.eclipse.jetty.util.thread.QueuedThreadPool - run ReservedThreadExecutor@264c02c5{s=0/1,p=1}@633b3602 in QueuedThreadPool[qtp336949043]@14156f33{STARTED,8<=8<=14,i=1,r=1,q=0}[ReservedThreadExecutor@264c02c5{s=0/1,p=1}]
13:18:12.652 [qtp336949043-39] DEBUG org.eclipse.jetty.util.thread.ReservedThreadExecutor - ReservedThreadExecutor@264c02c5{s=1/1,p=1}@633b3602 started
13:18:12.652 [qtp336949043-39] DEBUG org.eclipse.jetty.util.thread.ReservedThreadExecutor - ReservedThreadExecutor@264c02c5{s=1/1,p=0}@633b3602 waiting
13:18:12.652 [qtp336949043-33] DEBUG org.eclipse.jetty.server.HttpConnection - HttpConnection@21e1566a::NetworkTrafficSocketChannelEndPoint@6e1bbfe2{/127.0.0.1:64971<->/127.0.0.1:8080,OPEN,fill=-,flush=-,to=5/30000}{io=1/0,kio=1,kro=1}->HttpConnection@21e1566a[p=HttpParser{s=CONTENT,0 of -1},g=HttpGenerator@1236191b{s=START}]=>HttpChannelOverHttp@60dc5c51{s=HttpChannelState@64e3d492{s=HANDLING rs=BLOCKING os=OPEN is=IDLE awp=false se=false i=true al=0},r=1,c=false/false,a=HANDLING,uri=//localhost:8080/api/v0/components/provision-adapters/awx,age=4} filled 0 HeapByteBuffer@1de9b522[p=0,l=0,c=8192,r=0]={<<<>>>GET /api/...\x00\x00\x00\x00\x00\x00\x00}
13:18:12.652 [qtp336949043-33] DEBUG org.eclipse.jetty.server.HttpConnection - HttpConnection@21e1566a::NetworkTrafficSocketChannelEndPoint@6e1bbfe2{/127.0.0.1:64971<->/127.0.0.1:8080,OPEN,fill=-,flush=-,to=5/30000}{io=1/0,kio=1,kro=1}->HttpConnection@21e1566a[p=HttpParser{s=CONTENT,0 of -1},g=HttpGenerator@1236191b{s=START}]=>HttpChannelOverHttp@60dc5c51{s=HttpChannelState@64e3d492{s=HANDLING rs=BLOCKING os=OPEN is=IDLE awp=false se=false i=true al=0},r=1,c=false/false,a=HANDLING,uri=//localhost:8080/api/v0/components/provision-adapters/awx,age=4} parse HeapByteBuffer@1de9b522[p=0,l=0,c=8192,r=0]={<<<>>>GET /api/...\x00\x00\x00\x00\x00\x00\x00} {}
13:18:12.652 [qtp336949043-33] DEBUG org.eclipse.jetty.http.HttpParser - parseNext s=CONTENT HeapByteBuffer@1de9b522[p=0,l=0,c=8192,r=0]={<<<>>>GET /api/...\x00\x00\x00\x00\x00\x00\x00}
13:18:12.652 [qtp336949043-33] DEBUG org.eclipse.jetty.http.HttpParser - CONTENT --> CONTENT_END
13:18:12.652 [qtp336949043-33] DEBUG org.eclipse.jetty.server.HttpChannel - onContentComplete HttpChannelOverHttp@60dc5c51{s=HttpChannelState@64e3d492{s=HANDLING rs=BLOCKING os=OPEN is=IDLE awp=false se=false i=true al=0},r=1,c=false/false,a=HANDLING,uri=//localhost:8080/api/v0/components/provision-adapters/awx,age=4}
13:18:12.652 [qtp336949043-33] DEBUG org.eclipse.jetty.http.HttpParser - CONTENT_END --> END
13:18:12.652 [qtp336949043-33] DEBUG org.eclipse.jetty.server.HttpChannel - onRequestComplete HttpChannelOverHttp@60dc5c51{s=HttpChannelState@64e3d492{s=HANDLING rs=BLOCKING os=OPEN is=IDLE awp=false se=false i=true al=0},r=1,c=false/false,a=HANDLING,uri=//localhost:8080/api/v0/components/provision-adapters/awx,age=4}
13:18:12.652 [qtp336949043-33] DEBUG org.eclipse.jetty.server.HttpInput - HttpInputOverHTTP@17d54491[c=0,q=0,[0]=null,s=STREAM] addContent EOF
13:18:12.653 [qtp336949043-33] DEBUG org.eclipse.jetty.server.HttpConnection - HttpConnection@21e1566a::NetworkTrafficSocketChannelEndPoint@6e1bbfe2{/127.0.0.1:64971<->/127.0.0.1:8080,OPEN,fill=-,flush=-,to=5/30000}{io=1/0,kio=1,kro=1}->HttpConnection@21e1566a[p=HttpParser{s=END,0 of -1},g=HttpGenerator@1236191b{s=START}]=>HttpChannelOverHttp@60dc5c51{s=HttpChannelState@64e3d492{s=HANDLING rs=BLOCKING os=OPEN is=IDLE awp=false se=false i=true al=0},r=1,c=false/false,a=HANDLING,uri=//localhost:8080/api/v0/components/provision-adapters/awx,age=5} parsed false HttpParser{s=END,0 of -1}
13:18:12.653 [qtp336949043-33] DEBUG org.eclipse.jetty.server.HttpConnection - releaseRequestBuffer HttpConnection@21e1566a::NetworkTrafficSocketChannelEndPoint@6e1bbfe2{/127.0.0.1:64971<->/127.0.0.1:8080,OPEN,fill=-,flush=-,to=5/30000}{io=1/0,kio=1,kro=1}->HttpConnection@21e1566a[p=HttpParser{s=END,0 of -1},g=HttpGenerator@1236191b{s=START}]=>HttpChannelOverHttp@60dc5c51{s=HttpChannelState@64e3d492{s=HANDLING rs=BLOCKING os=OPEN is=IDLE awp=false se=false i=true al=0},r=1,c=false/false,a=HANDLING,uri=//localhost:8080/api/v0/components/provision-adapters/awx,age=5}
13:18:12.653 [qtp336949043-33] DEBUG org.eclipse.jetty.server.HttpChannelState - onEof HttpChannelState@64e3d492{s=HANDLING rs=BLOCKING os=OPEN is=IDLE awp=false se=false i=true al=0}
13:18:12.659 [qtp336949043-38] DEBUG org.eclipse.jetty.util.thread.ReservedThreadExecutor - ReservedThreadExecutor@264c02c5{s=1/1,p=0}@2e0ebf19 task=EatWhatYouKill@64411409/SelectorProducer@3a1df2c1/IDLE/p=true/QueuedThreadPool[qtp336949043]@14156f33{STARTED,8<=8<=14,i=1,r=1,q=0}[ReservedThreadExecutor@264c02c5{s=1/1,p=0}][pc=0,pic=0,pec=0,epc=1]@2020-09-25T13:18:12.6594858+02:00
13:18:12.659 [qtp336949043-38] DEBUG org.eclipse.jetty.util.thread.strategy.EatWhatYouKill - EatWhatYouKill@64411409/SelectorProducer@3a1df2c1/IDLE/p=true/QueuedThreadPool[qtp336949043]@14156f33{STARTED,8<=8<=14,i=1,r=1,q=0}[ReservedThreadExecutor@264c02c5{s=1/1,p=0}][pc=0,pic=0,pec=0,epc=1]@2020-09-25T13:18:12.6594858+02:00 tryProduce true
13:18:12.659 [qtp336949043-38] DEBUG org.eclipse.jetty.io.ManagedSelector - updateable 0
13:18:12.659 [qtp336949043-38] DEBUG org.eclipse.jetty.io.ManagedSelector - updates 0
13:18:12.660 [qtp336949043-38] DEBUG org.eclipse.jetty.io.ChannelEndPoint - Key interests updated 1 -> 0 on NetworkTrafficSocketChannelEndPoint@6e1bbfe2{/127.0.0.1:64971<->/127.0.0.1:8080,OPEN,fill=-,flush=-,to=12/30000}{io=0/0,kio=0,kro=1}->HttpConnection@21e1566a[p=HttpParser{s=END,0 of -1},g=HttpGenerator@1236191b{s=START}]=>HttpChannelOverHttp@60dc5c51{s=HttpChannelState@64e3d492{s=HANDLING rs=BLOCKING os=OPEN is=READY awp=false se=false i=true al=0},r=1,c=false/false,a=HANDLING,uri=//localhost:8080/api/v0/components/provision-adapters/awx,age=11}
13:18:12.660 [qtp336949043-38] DEBUG org.eclipse.jetty.io.ManagedSelector - Selector sun.nio.ch.WindowsSelectorImpl@69c35d72 waiting with 1 keys
13:18:14.635 [reactor-http-nio-2] WARN reactor.netty.http.client.HttpClientConnect - [id: 0xc8d78ff3, L:/127.0.0.1:64971 - R:localhost/127.0.0.1:8080] The connection observed an error
io.netty.handler.timeout.ReadTimeoutException: null
13:18:14.639 [reactor-http-nio-2] DEBUG org.springframework.web.reactive.function.client.ExchangeFunctions - [76659ac2] Cancel signal (to close connection)
13:18:14.641 [reactor-http-nio-2] DEBUG reactor.netty.resources.PooledConnectionProvider - [id: 0xc8d78ff3, L:/127.0.0.1:64971 ! R:localhost/127.0.0.1:8080] Channel closed, now 0 active connections and 0 inactive connections
13:18:14.641 [reactor-http-nio-2] DEBUG reactor.netty.ReactorNetty - [id: 0xc8d78ff3, L:/127.0.0.1:64971 ! R:localhost/127.0.0.1:8080] Non Removed handler: ReadTimeoutHandler, context: ChannelHandlerContext(ReadTimeoutHandler, [id: 0xc8d78ff3, L:/127.0.0.1:64971 ! R:localhost/127.0.0.1:8080]), pipeline: DefaultChannelPipeline{(reactor.left.httpCodec = io.netty.handler.codec.http.HttpClientCodec), (ReadTimeoutHandler = io.netty.handler.timeout.ReadTimeoutHandler), (WriteTimeoutHandler = io.netty.handler.timeout.WriteTimeoutHandler), (reactor.right.reactiveBridge = reactor.netty.channel.ChannelOperationsHandler)}
13:18:14.642 [reactor-http-nio-2] DEBUG reactor.netty.ReactorNetty - [id: 0xc8d78ff3, L:/127.0.0.1:64971 ! R:localhost/127.0.0.1:8080] Non Removed handler: WriteTimeoutHandler, context: ChannelHandlerContext(WriteTimeoutHandler, [id: 0xc8d78ff3, L:/127.0.0.1:64971 ! R:localhost/127.0.0.1:8080]), pipeline: DefaultChannelPipeline{(reactor.left.httpCodec = io.netty.handler.codec.http.HttpClientCodec), (ReadTimeoutHandler = io.netty.handler.timeout.ReadTimeoutHandler), (WriteTimeoutHandler = io.netty.handler.timeout.WriteTimeoutHandler), (reactor.right.reactiveBridge = reactor.netty.channel.ChannelOperationsHandler)}
13:18:14.642 [reactor-http-nio-2] DEBUG reactor.netty.resources.PooledConnectionProvider - [id: 0xc8d78ff3, L:/127.0.0.1:64971 ! R:localhost/127.0.0.1:8080] onStateChange(GET{uri=/api/v0/components/provision-adapters/awx, connection=PooledConnection{channel=[id: 0xc8d78ff3, L:/127.0.0.1:64971 ! R:localhost/127.0.0.1:8080]}}, [disconnecting])
13:18:14.758 [qtp336949043-33] DEBUG org.eclipse.jetty.server.handler.gzip.GzipHandler - GzipHandler@74c28093{STARTED,min=32,inflate=-1} excluded not gzip accept Request(GET //localhost:8080/api/v0/components/provision-adapters/awx)@2639a401
13:18:14.758 [qtp336949043-33] DEBUG org.eclipse.jetty.server.handler.gzip.GzipHttpOutputInterceptor - org.eclipse.jetty.server.handler.gzip.GzipHttpOutputInterceptor@2d64eb4f exclude no deflater
13:18:14.758 [qtp336949043-33] DEBUG org.eclipse.jetty.server.HttpChannel - sendResponse info=null content=HeapByteBuffer@137d328[p=0,l=0,c=0,r=0]={<<<>>>} complete=false committing=true callback=Blocker@46165b4e{null}
13:18:14.758 [qtp336949043-33] DEBUG org.eclipse.jetty.server.HttpChannel - COMMIT for /api/v0/components/provision-adapters/awx on HttpChannelOverHttp@60dc5c51{s=HttpChannelState@64e3d492{s=HANDLING rs=BLOCKING os=COMMITTED is=READY awp=false se=false i=true al=0},r=1,c=false/false,a=HANDLING,uri=//localhost:8080/api/v0/components/provision-adapters/awx,age=2110}
200 null HTTP/1.1
Matched-Stub-Id: 2f9bf285-9512-41ed-90c0-5d064ab79188
Vary: Accept-Encoding, User-Agent


13:18:14.758 [qtp336949043-33] DEBUG org.eclipse.jetty.server.HttpConnection - generate: NEED_HEADER for org.eclipse.jetty.server.HttpConnection$SendCallback@1180768[PROCESSING][i=HTTP/1.1{s=200,h=2,cl=-1},cb=org.eclipse.jetty.server.HttpChannel$SendCallback@3c542a16] (null,[p=0,l=0,c=0,r=0],false)@START
13:18:14.759 [qtp336949043-33] DEBUG org.eclipse.jetty.http.HttpGenerator - generateHeaders HTTP/1.1{s=200,h=2,cl=-1} last=false content=HeapByteBuffer@137d328[p=0,l=0,c=0,r=0]={<<<>>>}
13:18:14.759 [qtp336949043-33] DEBUG org.eclipse.jetty.http.HttpGenerator - Matched-Stub-Id: 2f9bf285-9512-41ed-90c0-5d064ab79188
Vary: Accept-Encoding, User-Agent


13:18:14.759 [qtp336949043-33] DEBUG org.eclipse.jetty.http.HttpGenerator - CHUNKED_CONTENT
13:18:14.759 [qtp336949043-33] DEBUG org.eclipse.jetty.server.HttpConnection - generate: FLUSH for org.eclipse.jetty.server.HttpConnection$SendCallback@1180768[PROCESSING][i=HTTP/1.1{s=200,h=2,cl=-1},cb=org.eclipse.jetty.server.HttpChannel$SendCallback@3c542a16] ([p=0,l=170,c=8192,r=170],[p=0,l=0,c=0,r=0],false)@COMMITTED
13:18:14.759 [qtp336949043-33] DEBUG org.eclipse.jetty.io.WriteFlusher - write: WriteFlusher@36608040{IDLE}->null [HeapByteBuffer@1de9b522[p=0,l=170,c=8192,r=170]={<<<HTTP/1.1 200 OK\r\nMatched-...y(9.4.28.v20200408)\r\n\r\n>>>/4.5.12 (...\x00\x00\x00\x00\x00\x00\x00}]
13:18:14.759 [qtp336949043-33] DEBUG org.eclipse.jetty.io.WriteFlusher - update WriteFlusher@36608040{WRITING}->null:IDLE-->WRITING
13:18:14.759 [qtp336949043-33] DEBUG org.eclipse.jetty.io.ChannelEndPoint - flushed 170 NetworkTrafficSocketChannelEndPoint@6e1bbfe2{/127.0.0.1:64971<->/127.0.0.1:8080,OPEN,fill=-,flush=W,to=2112/30000}{io=0/0,kio=0,kro=1}->HttpConnection@21e1566a[p=HttpParser{s=END,0 of -1},g=HttpGenerator@1236191b{s=COMMITTED}]=>HttpChannelOverHttp@60dc5c51{s=HttpChannelState@64e3d492{s=HANDLING rs=BLOCKING os=COMMITTED is=READY awp=false se=false i=true al=0},r=1,c=false/false,a=HANDLING,uri=//localhost:8080/api/v0/components/provision-adapters/awx,age=2111}
13:18:14.760 [qtp336949043-33] DEBUG org.eclipse.jetty.io.WriteFlusher - Flushed=true written=170 remaining=0 WriteFlusher@36608040{WRITING}->null
13:18:14.760 [qtp336949043-33] DEBUG org.eclipse.jetty.io.WriteFlusher - update WriteFlusher@36608040{IDLE}->null:WRITING-->IDLE
13:18:14.760 [qtp336949043-33] DEBUG org.eclipse.jetty.server.HttpConnection - generate: DONE for org.eclipse.jetty.server.HttpConnection$SendCallback@1180768[PROCESSING][i=HTTP/1.1{s=200,h=2,cl=-1},cb=org.eclipse.jetty.server.HttpChannel$SendCallback@3c542a16] ([p=170,l=170,c=8192,r=0],[p=0,l=0,c=0,r=0],false)@COMMITTED
13:18:14.760 [qtp336949043-33] DEBUG org.eclipse.jetty.server.HttpOutput - onWriteComplete(false,null) s=OPEN,api=BLOCKED,sc=false,e=null->s=OPEN,api=BLOCKING,sc=false,e=null c=null cb=null w=false
13:18:14.760 [qtp336949043-33] DEBUG org.eclipse.jetty.server.HttpOutput - close() s=CLOSING,api=BLOCKED,sc=false,e=null c=HeapByteBuffer@137d328[p=0,l=0,c=0,r=0]={<<<>>>} b=Blocker@46165b4e{null}
13:18:14.760 [qtp336949043-33] DEBUG org.eclipse.jetty.server.HttpChannel - sendResponse info=null content=HeapByteBuffer@137d328[p=0,l=0,c=0,r=0]={<<<>>>} complete=true committing=false callback=Blocker@46165b4e{null}
13:18:14.760 [qtp336949043-33] DEBUG org.eclipse.jetty.server.HttpConnection - generate: CONTINUE for org.eclipse.jetty.server.HttpConnection$SendCallback@1180768[PROCESSING][i=null,cb=org.eclipse.jetty.server.HttpChannel$SendCallback@425861e9] (null,[p=0,l=0,c=0,r=0],true)@COMPLETING
13:18:14.760 [qtp336949043-33] DEBUG org.eclipse.jetty.server.HttpConnection - generate: NEED_CHUNK for org.eclipse.jetty.server.HttpConnection$SendCallback@1180768[PROCESSING][i=null,cb=org.eclipse.jetty.server.HttpChannel$SendCallback@425861e9] (null,[p=0,l=0,c=0,r=0],true)@COMPLETING
13:18:14.760 [qtp336949043-33] DEBUG org.eclipse.jetty.server.HttpConnection - generate: FLUSH for org.eclipse.jetty.server.HttpConnection$SendCallback@1180768[PROCESSING][i=null,cb=org.eclipse.jetty.server.HttpChannel$SendCallback@425861e9] (null,[p=0,l=0,c=0,r=0],true)@COMPLETING
13:18:14.760 [qtp336949043-33] DEBUG org.eclipse.jetty.io.WriteFlusher - write: WriteFlusher@36608040{IDLE}->null [HeapByteBuffer@58fb379d[p=0,l=5,c=1024,r=5]={<<<0\r\n\r\n>>>\r\n\x00\x00\x00\x00\x00\x00\x00...\x00\x00\x00\x00\x00\x00\x00}]
13:18:14.760 [qtp336949043-33] DEBUG org.eclipse.jetty.io.WriteFlusher - update WriteFlusher@36608040{WRITING}->null:IDLE-->WRITING
13:18:14.762 [qtp336949043-33] DEBUG org.eclipse.jetty.io.WriteFlusher - write exception
org.eclipse.jetty.io.EofException: null
	at org.eclipse.jetty.io.ChannelEndPoint.flush(ChannelEndPoint.java:283)
	at org.eclipse.jetty.io.NetworkTrafficSocketChannelEndPoint.flush(NetworkTrafficSocketChannelEndPoint.java:66)
	at org.eclipse.jetty.io.WriteFlusher.flush(WriteFlusher.java:422)
	at org.eclipse.jetty.io.WriteFlusher.write(WriteFlusher.java:277)
	at org.eclipse.jetty.io.AbstractEndPoint.write(AbstractEndPoint.java:381)
	at org.eclipse.jetty.server.HttpConnection$SendCallback.process(HttpConnection.java:830)
	at org.eclipse.jetty.util.IteratingCallback.processing(IteratingCallback.java:241)
	at org.eclipse.jetty.util.IteratingCallback.iterate(IteratingCallback.java:223)
	at org.eclipse.jetty.server.HttpConnection.send(HttpConnection.java:549)
	at org.eclipse.jetty.server.HttpChannel.sendResponse(HttpChannel.java:829)
	at org.eclipse.jetty.server.HttpChannel.write(HttpChannel.java:901)
	at org.eclipse.jetty.server.handler.gzip.GzipHttpOutputInterceptor.write(GzipHttpOutputInterceptor.java:112)
	at org.eclipse.jetty.server.HttpOutput.channelWrite(HttpOutput.java:283)
	at org.eclipse.jetty.server.HttpOutput.close(HttpOutput.java:602)
	at com.github.tomakehurst.wiremock.servlet.WireMockHandlerDispatchingServlet.writeAndTranslateExceptions(WireMockHandlerDispatchingServlet.java:235)
	at com.github.tomakehurst.wiremock.servlet.WireMockHandlerDispatchingServlet.applyResponse(WireMockHandlerDispatchingServlet.java:223)
	at com.github.tomakehurst.wiremock.servlet.WireMockHandlerDispatchingServlet$ServletHttpResponder.respondTo(WireMockHandlerDispatchingServlet.java:183)
	at com.github.tomakehurst.wiremock.servlet.WireMockHandlerDispatchingServlet$ServletHttpResponder.respondSync(WireMockHandlerDispatchingServlet.java:150)
	at com.github.tomakehurst.wiremock.servlet.WireMockHandlerDispatchingServlet$ServletHttpResponder.respond(WireMockHandlerDispatchingServlet.java:144)
	at com.github.tomakehurst.wiremock.http.AbstractRequestHandler.handle(AbstractRequestHandler.java:90)
	at com.github.tomakehurst.wiremock.servlet.WireMockHandlerDispatchingServlet.service(WireMockHandlerDispatchingServlet.java:120)
	at javax.servlet.http.HttpServlet.service(HttpServlet.java:750)
	at org.eclipse.jetty.servlet.ServletHolder.handle(ServletHolder.java:763)
	at org.eclipse.jetty.servlet.ServletHandler$CachedChain.doFilter(ServletHandler.java:1631)
	at org.eclipse.jetty.servlets.CrossOriginFilter.handle(CrossOriginFilter.java:319)
	at org.eclipse.jetty.servlets.CrossOriginFilter.doFilter(CrossOriginFilter.java:273)
	at org.eclipse.jetty.servlet.ServletHandler$CachedChain.doFilter(ServletHandler.java:1618)
	at org.eclipse.jetty.servlet.ServletHandler.doHandle(ServletHandler.java:549)
	at org.eclipse.jetty.server.handler.ScopedHandler.nextHandle(ScopedHandler.java:233)
	at org.eclipse.jetty.server.handler.ContextHandler.doHandle(ContextHandler.java:1363)
	at org.eclipse.jetty.server.handler.ScopedHandler.nextScope(ScopedHandler.java:188)
	at org.eclipse.jetty.servlet.ServletHandler.doScope(ServletHandler.java:489)
	at org.eclipse.jetty.server.handler.ScopedHandler.nextScope(ScopedHandler.java:186)
	at org.eclipse.jetty.server.handler.ContextHandler.doScope(ContextHandler.java:1278)
	at org.eclipse.jetty.server.handler.ScopedHandler.handle(ScopedHandler.java:141)
	at org.eclipse.jetty.server.handler.gzip.GzipHandler.handle(GzipHandler.java:767)
	at org.eclipse.jetty.server.handler.HandlerCollection.handle(HandlerCollection.java:146)
	at org.eclipse.jetty.server.handler.HandlerWrapper.handle(HandlerWrapper.java:127)
	at org.eclipse.jetty.server.Server.handle(Server.java:500)
	at org.eclipse.jetty.server.HttpChannel.lambda$handle$1(HttpChannel.java:383)
	at org.eclipse.jetty.server.HttpChannel.dispatch(HttpChannel.java:547)
	at org.eclipse.jetty.server.HttpChannel.handle(HttpChannel.java:375)
	at org.eclipse.jetty.server.HttpConnection.onFillable(HttpConnection.java:273)
	at org.eclipse.jetty.io.AbstractConnection$ReadCallback.succeeded(AbstractConnection.java:311)
	at org.eclipse.jetty.io.FillInterest.fillable(FillInterest.java:103)
	at org.eclipse.jetty.io.ChannelEndPoint$2.run(ChannelEndPoint.java:117)
	at org.eclipse.jetty.util.thread.strategy.EatWhatYouKill.runTask(EatWhatYouKill.java:336)
	at org.eclipse.jetty.util.thread.strategy.EatWhatYouKill.doProduce(EatWhatYouKill.java:313)
	at org.eclipse.jetty.util.thread.strategy.EatWhatYouKill.tryProduce(EatWhatYouKill.java:171)
	at org.eclipse.jetty.util.thread.strategy.EatWhatYouKill.produce(EatWhatYouKill.java:135)
	at org.eclipse.jetty.util.thread.QueuedThreadPool.runJob(QueuedThreadPool.java:806)
	at org.eclipse.jetty.util.thread.QueuedThreadPool$Runner.run(QueuedThreadPool.java:938)
	at java.base/java.lang.Thread.run(Thread.java:834)
Caused by: java.io.IOException: Se ha anulado una conexión establecida por el software en su equipo host.
	at java.base/sun.nio.ch.SocketDispatcher.write0(Native Method)
	at java.base/sun.nio.ch.SocketDispatcher.write(SocketDispatcher.java:51)
	at java.base/sun.nio.ch.IOUtil.writeFromNativeBuffer(IOUtil.java:113)
	at java.base/sun.nio.ch.IOUtil.write(IOUtil.java:79)
	at java.base/sun.nio.ch.IOUtil.write(IOUtil.java:50)
	at java.base/sun.nio.ch.SocketChannelImpl.write(SocketChannelImpl.java:466)
	at org.eclipse.jetty.io.ChannelEndPoint.flush(ChannelEndPoint.java:261)
	... 52 common frames omitted
13:18:14.763 [qtp336949043-33] DEBUG org.eclipse.jetty.io.WriteFlusher - update WriteFlusher@36608040{FAILED}->null:WRITING-->FAILED
13:18:14.767 [qtp336949043-33] DEBUG org.eclipse.jetty.server.HttpChannel - Commit failed
org.eclipse.jetty.io.EofException: null
	at org.eclipse.jetty.io.ChannelEndPoint.flush(ChannelEndPoint.java:283)
	at org.eclipse.jetty.io.NetworkTrafficSocketChannelEndPoint.flush(NetworkTrafficSocketChannelEndPoint.java:66)
	at org.eclipse.jetty.io.WriteFlusher.flush(WriteFlusher.java:422)
	at org.eclipse.jetty.io.WriteFlusher.write(WriteFlusher.java:277)
	at org.eclipse.jetty.io.AbstractEndPoint.write(AbstractEndPoint.java:381)
	at org.eclipse.jetty.server.HttpConnection$SendCallback.process(HttpConnection.java:830)
	at org.eclipse.jetty.util.IteratingCallback.processing(IteratingCallback.java:241)
	at org.eclipse.jetty.util.IteratingCallback.iterate(IteratingCallback.java:223)
	at org.eclipse.jetty.server.HttpConnection.send(HttpConnection.java:549)
	at org.eclipse.jetty.server.HttpChannel.sendResponse(HttpChannel.java:829)
	at org.eclipse.jetty.server.HttpChannel.write(HttpChannel.java:901)
	at org.eclipse.jetty.server.handler.gzip.GzipHttpOutputInterceptor.write(GzipHttpOutputInterceptor.java:112)
	at org.eclipse.jetty.server.HttpOutput.channelWrite(HttpOutput.java:283)
	at org.eclipse.jetty.server.HttpOutput.close(HttpOutput.java:602)
	at com.github.tomakehurst.wiremock.servlet.WireMockHandlerDispatchingServlet.writeAndTranslateExceptions(WireMockHandlerDispatchingServlet.java:235)
	at com.github.tomakehurst.wiremock.servlet.WireMockHandlerDispatchingServlet.applyResponse(WireMockHandlerDispatchingServlet.java:223)
	at com.github.tomakehurst.wiremock.servlet.WireMockHandlerDispatchingServlet$ServletHttpResponder.respondTo(WireMockHandlerDispatchingServlet.java:183)
	at com.github.tomakehurst.wiremock.servlet.WireMockHandlerDispatchingServlet$ServletHttpResponder.respondSync(WireMockHandlerDispatchingServlet.java:150)
	at com.github.tomakehurst.wiremock.servlet.WireMockHandlerDispatchingServlet$ServletHttpResponder.respond(WireMockHandlerDispatchingServlet.java:144)
	at com.github.tomakehurst.wiremock.http.AbstractRequestHandler.handle(AbstractRequestHandler.java:90)
	at com.github.tomakehurst.wiremock.servlet.WireMockHandlerDispatchingServlet.service(WireMockHandlerDispatchingServlet.java:120)
	at javax.servlet.http.HttpServlet.service(HttpServlet.java:750)
	at org.eclipse.jetty.servlet.ServletHolder.handle(ServletHolder.java:763)
	at org.eclipse.jetty.servlet.ServletHandler$CachedChain.doFilter(ServletHandler.java:1631)
	at org.eclipse.jetty.servlets.CrossOriginFilter.handle(CrossOriginFilter.java:319)
	at org.eclipse.jetty.servlets.CrossOriginFilter.doFilter(CrossOriginFilter.java:273)
	at org.eclipse.jetty.servlet.ServletHandler$CachedChain.doFilter(ServletHandler.java:1618)
	at org.eclipse.jetty.servlet.ServletHandler.doHandle(ServletHandler.java:549)
	at org.eclipse.jetty.server.handler.ScopedHandler.nextHandle(ScopedHandler.java:233)
	at org.eclipse.jetty.server.handler.ContextHandler.doHandle(ContextHandler.java:1363)
	at org.eclipse.jetty.server.handler.ScopedHandler.nextScope(ScopedHandler.java:188)
	at org.eclipse.jetty.servlet.ServletHandler.doScope(ServletHandler.java:489)
	at org.eclipse.jetty.server.handler.ScopedHandler.nextScope(ScopedHandler.java:186)
	at org.eclipse.jetty.server.handler.ContextHandler.doScope(ContextHandler.java:1278)
	at org.eclipse.jetty.server.handler.ScopedHandler.handle(ScopedHandler.java:141)
	at org.eclipse.jetty.server.handler.gzip.GzipHandler.handle(GzipHandler.java:767)
	at org.eclipse.jetty.server.handler.HandlerCollection.handle(HandlerCollection.java:146)
	at org.eclipse.jetty.server.handler.HandlerWrapper.handle(HandlerWrapper.java:127)
	at org.eclipse.jetty.server.Server.handle(Server.java:500)
	at org.eclipse.jetty.server.HttpChannel.lambda$handle$1(HttpChannel.java:383)
	at org.eclipse.jetty.server.HttpChannel.dispatch(HttpChannel.java:547)
	at org.eclipse.jetty.server.HttpChannel.handle(HttpChannel.java:375)
	at org.eclipse.jetty.server.HttpConnection.onFillable(HttpConnection.java:273)
	at org.eclipse.jetty.io.AbstractConnection$ReadCallback.succeeded(AbstractConnection.java:311)
	at org.eclipse.jetty.io.FillInterest.fillable(FillInterest.java:103)
	at org.eclipse.jetty.io.ChannelEndPoint$2.run(ChannelEndPoint.java:117)
	at org.eclipse.jetty.util.thread.strategy.EatWhatYouKill.runTask(EatWhatYouKill.java:336)
	at org.eclipse.jetty.util.thread.strategy.EatWhatYouKill.doProduce(EatWhatYouKill.java:313)
	at org.eclipse.jetty.util.thread.strategy.EatWhatYouKill.tryProduce(EatWhatYouKill.java:171)
	at org.eclipse.jetty.util.thread.strategy.EatWhatYouKill.produce(EatWhatYouKill.java:135)
	at org.eclipse.jetty.util.thread.QueuedThreadPool.runJob(QueuedThreadPool.java:806)
	at org.eclipse.jetty.util.thread.QueuedThreadPool$Runner.run(QueuedThreadPool.java:938)
	at java.base/java.lang.Thread.run(Thread.java:834)
Caused by: java.io.IOException: Se ha anulado una conexión establecida por el software en su equipo host.
	at java.base/sun.nio.ch.SocketDispatcher.write0(Native Method)
	at java.base/sun.nio.ch.SocketDispatcher.write(SocketDispatcher.java:51)
	at java.base/sun.nio.ch.IOUtil.writeFromNativeBuffer(IOUtil.java:113)
	at java.base/sun.nio.ch.IOUtil.write(IOUtil.java:79)
	at java.base/sun.nio.ch.IOUtil.write(IOUtil.java:50)
	at java.base/sun.nio.ch.SocketChannelImpl.write(SocketChannelImpl.java:466)
	at org.eclipse.jetty.io.ChannelEndPoint.flush(ChannelEndPoint.java:261)
	... 52 common frames omitted
13:18:14.770 [qtp336949043-33] DEBUG org.eclipse.jetty.server.HttpConnection - abort HttpConnection@21e1566a::NetworkTrafficSocketChannelEndPoint@6e1bbfe2{/127.0.0.1:64971<->/127.0.0.1:8080,OPEN,fill=-,flush=F,to=10/30000}{io=0/0,kio=0,kro=1}->HttpConnection@21e1566a[p=HttpParser{s=END,0 of -1},g=HttpGenerator@1236191b{s=COMPLETING}]=>HttpChannelOverHttp@60dc5c51{s=HttpChannelState@64e3d492{s=HANDLING rs=BLOCKING os=ABORTED is=READY awp=false se=false i=true al=0},r=1,c=false/false,a=HANDLING,uri=//localhost:8080/api/v0/components/provision-adapters/awx,age=2122} {}
13:18:14.771 [qtp336949043-33] DEBUG org.eclipse.jetty.io.AbstractEndPoint - close NetworkTrafficSocketChannelEndPoint@6e1bbfe2{/127.0.0.1:64971<->/127.0.0.1:8080,OPEN,fill=-,flush=F,to=11/30000}{io=0/0,kio=0,kro=1}->HttpConnection@21e1566a[p=HttpParser{s=END,0 of -1},g=HttpGenerator@1236191b{s=COMPLETING}]=>HttpChannelOverHttp@60dc5c51{s=HttpChannelState@64e3d492{s=HANDLING rs=BLOCKING os=ABORTED is=READY awp=false se=false i=true al=0},r=1,c=false/false,a=HANDLING,uri=//localhost:8080/api/v0/components/provision-adapters/awx,age=2123}
13:18:14.771 [qtp336949043-33] DEBUG org.eclipse.jetty.io.AbstractEndPoint - close(null) NetworkTrafficSocketChannelEndPoint@6e1bbfe2{/127.0.0.1:64971<->/127.0.0.1:8080,OPEN,fill=-,flush=F,to=11/30000}{io=0/0,kio=0,kro=1}->HttpConnection@21e1566a[p=HttpParser{s=END,0 of -1},g=HttpGenerator@1236191b{s=COMPLETING}]=>HttpChannelOverHttp@60dc5c51{s=HttpChannelState@64e3d492{s=HANDLING rs=BLOCKING os=ABORTED is=READY awp=false se=false i=true al=0},r=1,c=false/false,a=HANDLING,uri=//localhost:8080/api/v0/components/provision-adapters/awx,age=2123}
13:18:14.771 [qtp336949043-33] DEBUG org.eclipse.jetty.io.ChannelEndPoint - doClose NetworkTrafficSocketChannelEndPoint@6e1bbfe2{/127.0.0.1:64971<->/127.0.0.1:8080,CLOSED,fill=-,flush=F,to=11/30000}{io=0/0,kio=0,kro=1}->HttpConnection@21e1566a[p=HttpParser{s=END,0 of -1},g=HttpGenerator@1236191b{s=COMPLETING}]=>HttpChannelOverHttp@60dc5c51{s=HttpChannelState@64e3d492{s=HANDLING rs=BLOCKING os=ABORTED is=READY awp=false se=false i=true al=0},r=1,c=false/false,a=HANDLING,uri=//localhost:8080/api/v0/components/provision-adapters/awx,age=2123}
13:18:14.771 [qtp336949043-33] DEBUG org.eclipse.jetty.io.FillInterest - onClose FillInterest@108af1d8{null}
13:18:14.771 [qtp336949043-33] DEBUG org.eclipse.jetty.io.ManagedSelector - Wakeup ManagedSelector@74341b2c{STARTED} id=0 keys=1 selected=0 updates=0
13:18:14.771 [qtp336949043-33] DEBUG org.eclipse.jetty.util.thread.QueuedThreadPool - queue org.eclipse.jetty.io.ManagedSelector$DestroyEndPoint@26e2024c startThread=0
13:18:14.771 [qtp336949043-38] DEBUG org.eclipse.jetty.io.ManagedSelector - Selector sun.nio.ch.WindowsSelectorImpl@69c35d72 woken with none selected
13:18:14.771 [qtp336949043-38] DEBUG org.eclipse.jetty.io.ManagedSelector - Selector sun.nio.ch.WindowsSelectorImpl@69c35d72 woken up from select, 0/0/0 selected
13:18:14.771 [qtp336949043-33] DEBUG org.eclipse.jetty.server.HttpOutput - onWriteComplete(true,org.eclipse.jetty.io.EofException) s=CLOSING,api=BLOCKED,sc=false,e=null->s=CLOSED,api=BLOCKING,sc=false,e=null c=null cb=null w=false
13:18:14.771 [qtp336949043-38] DEBUG org.eclipse.jetty.io.ManagedSelector - Selector sun.nio.ch.WindowsSelectorImpl@69c35d72 processing 0 keys, 0 updates
13:18:14.772 [qtp336949043-38] DEBUG org.eclipse.jetty.io.ManagedSelector - updateable 0
13:18:14.772 [qtp336949043-38] DEBUG org.eclipse.jetty.io.ManagedSelector - updates 0
13:18:14.772 [qtp336949043-38] DEBUG org.eclipse.jetty.io.ManagedSelector - Selector sun.nio.ch.WindowsSelectorImpl@69c35d72 waiting with 0 keys
13:18:14.772 [qtp336949043-33] DEBUG org.eclipse.jetty.server.Server - handled=true async=false committed=true on HttpChannelOverHttp@60dc5c51{s=HttpChannelState@64e3d492{s=HANDLING rs=BLOCKING os=ABORTED is=READY awp=false se=false i=true al=0},r=1,c=false/false,a=HANDLING,uri=//localhost:8080/api/v0/components/provision-adapters/awx,age=2124}
13:18:14.772 [qtp336949043-33] DEBUG org.eclipse.jetty.server.HttpChannelState - unhandle HttpChannelState@64e3d492{s=HANDLING rs=BLOCKING os=ABORTED is=READY awp=false se=false i=true al=0}
13:18:14.772 [qtp336949043-33] DEBUG org.eclipse.jetty.server.HttpChannelState - nextAction(false) COMPLETE HttpChannelState@64e3d492{s=HANDLING rs=COMPLETING os=ABORTED is=READY awp=false se=false i=false al=0}
13:18:14.772 [qtp336949043-33] DEBUG org.eclipse.jetty.server.HttpChannel - action COMPLETE HttpChannelOverHttp@60dc5c51{s=HttpChannelState@64e3d492{s=HANDLING rs=COMPLETING os=ABORTED is=READY awp=false se=false i=false al=0},r=1,c=false/false,a=HANDLING,uri=//localhost:8080/api/v0/components/provision-adapters/awx,age=2124}
13:18:14.772 [qtp336949043-33] DEBUG org.eclipse.jetty.server.HttpOutput - complete(org.eclipse.jetty.util.Callback$4@3dc9059f) s=CLOSED,api=BLOCKING,sc=false,e=null s=true e=null, c=null
13:18:14.772 [qtp336949043-33] DEBUG org.eclipse.jetty.server.HttpChannelState - completed HttpChannelState@64e3d492{s=HANDLING rs=COMPLETING os=ABORTED is=READY awp=false se=false i=false al=0}
13:18:14.772 [qtp336949043-33] DEBUG org.eclipse.jetty.server.HttpChannelState - unhandle HttpChannelState@64e3d492{s=HANDLING rs=COMPLETED os=ABORTED is=READY awp=false se=false i=false al=0}
13:18:14.772 [qtp336949043-33] DEBUG org.eclipse.jetty.server.HttpChannelState - nextAction(false) TERMINATED HttpChannelState@64e3d492{s=IDLE rs=COMPLETED os=ABORTED is=READY awp=false se=false i=false al=0}
13:18:14.772 [qtp336949043-33] DEBUG org.eclipse.jetty.server.HttpChannel - action TERMINATED HttpChannelOverHttp@60dc5c51{s=HttpChannelState@64e3d492{s=IDLE rs=COMPLETED os=ABORTED is=READY awp=false se=false i=false al=0},r=1,c=true/false,a=IDLE,uri=//localhost:8080/api/v0/components/provision-adapters/awx,age=2124}
13:18:14.772 [qtp336949043-33] DEBUG org.eclipse.jetty.server.HttpChannel - onCompleted for /api/v0/components/provision-adapters/awx written=0
13:18:14.772 [qtp336949043-33] DEBUG org.eclipse.jetty.server.HttpChannelState - recycle HttpChannelState@64e3d492{s=IDLE rs=COMPLETED os=ABORTED is=READY awp=false se=false i=false al=0}
13:18:14.772 [qtp336949043-33] DEBUG org.eclipse.jetty.http.HttpParser - close HttpParser{s=END,0 of -1}
13:18:14.772 [qtp336949043-33] DEBUG org.eclipse.jetty.http.HttpParser - END --> CLOSE
13:18:14.772 [qtp336949043-33] DEBUG org.eclipse.jetty.server.HttpChannel - !handle TERMINATED HttpChannelOverHttp@60dc5c51{s=HttpChannelState@64e3d492{s=IDLE rs=BLOCKING os=OPEN is=IDLE awp=false se=false i=true al=0},r=1,c=false/false,a=IDLE,uri=null,age=0}
13:18:14.773 [qtp336949043-33] DEBUG org.eclipse.jetty.server.HttpConnection - HttpConnection@21e1566a::NetworkTrafficSocketChannelEndPoint@6e1bbfe2{/127.0.0.1:64971<->/127.0.0.1:8080,CLOSED,fill=-,flush=F,to=12/30000}{io=0/0,kio=-1,kro=-1}->HttpConnection@21e1566a[p=HttpParser{s=CLOSE,0 of -1},g=HttpGenerator@1236191b{s=START}]=>HttpChannelOverHttp@60dc5c51{s=HttpChannelState@64e3d492{s=IDLE rs=BLOCKING os=OPEN is=IDLE awp=false se=false i=true al=0},r=1,c=false/false,a=IDLE,uri=null,age=0} onFillable exit HttpChannelState@64e3d492{s=IDLE rs=BLOCKING os=OPEN is=IDLE awp=false se=false i=true al=0} null
13:18:14.773 [qtp336949043-33] DEBUG org.eclipse.jetty.util.thread.QueuedThreadPool - ran org.eclipse.jetty.io.ManagedSelector$$Lambda$425/0x00000001005fc040@a457204 in QueuedThreadPool[qtp336949043]@14156f33{STARTED,8<=8<=14,i=0,r=1,q=0}[ReservedThreadExecutor@264c02c5{s=1/1,p=0}]
13:18:14.773 [qtp336949043-33] DEBUG org.eclipse.jetty.util.thread.QueuedThreadPool - run org.eclipse.jetty.io.ManagedSelector$DestroyEndPoint@26e2024c in QueuedThreadPool[qtp336949043]@14156f33{STARTED,8<=8<=14,i=1,r=1,q=0}[ReservedThreadExecutor@264c02c5{s=1/1,p=0}]
13:18:14.773 [qtp336949043-33] DEBUG org.eclipse.jetty.io.ManagedSelector - Destroyed NetworkTrafficSocketChannelEndPoint@6e1bbfe2{/127.0.0.1:64971<->/127.0.0.1:8080,CLOSED,fill=-,flush=F,to=13/30000}{io=0/0,kio=-1,kro=-1}->HttpConnection@21e1566a[p=HttpParser{s=CLOSE,0 of -1},g=HttpGenerator@1236191b{s=START}]=>HttpChannelOverHttp@60dc5c51{s=HttpChannelState@64e3d492{s=IDLE rs=BLOCKING os=OPEN is=IDLE awp=false se=false i=true al=0},r=1,c=false/false,a=IDLE,uri=null,age=0}
13:18:14.773 [qtp336949043-33] DEBUG org.eclipse.jetty.io.AbstractConnection - onClose HttpConnection@21e1566a::NetworkTrafficSocketChannelEndPoint@6e1bbfe2{/127.0.0.1:64971<->/127.0.0.1:8080,CLOSED,fill=-,flush=F,to=13/30000}{io=0/0,kio=-1,kro=-1}->HttpConnection@21e1566a[p=HttpParser{s=CLOSE,0 of -1},g=HttpGenerator@1236191b{s=START}]=>HttpChannelOverHttp@60dc5c51{s=HttpChannelState@64e3d492{s=IDLE rs=BLOCKING os=OPEN is=IDLE awp=false se=false i=true al=0},r=1,c=false/false,a=IDLE,uri=null,age=0}
13:18:14.773 [qtp336949043-33] DEBUG org.eclipse.jetty.util.thread.QueuedThreadPool - ran org.eclipse.jetty.io.ManagedSelector$DestroyEndPoint@26e2024c in QueuedThreadPool[qtp336949043]@14156f33{STARTED,8<=8<=14,i=1,r=1,q=0}[ReservedThreadExecutor@264c02c5{s=1/1,p=0}]
13:18:14.920 [parallel-2] DEBUG org.springframework.web.reactive.function.client.ExchangeFunctions - [76659ac2] HTTP GET http://localhost:8080/api/v0/components/provision-adapters/awx
13:18:14.925 [reactor-http-nio-3] DEBUG reactor.netty.resources.PooledConnectionProvider - [id: 0xb5b9c51c] Created a new pooled channel, now 1 active connections and 0 inactive connections
13:18:14.925 [reactor-http-nio-3] DEBUG reactor.netty.channel.BootstrapHandlers - [id: 0xb5b9c51c] Initialized pipeline DefaultChannelPipeline{(BootstrapHandlers$BootstrapInitializerHandler#0 = reactor.netty.channel.BootstrapHandlers$BootstrapInitializerHandler), (PooledConnectionProvider$PooledConnectionAllocator$PooledConnectionInitializer#0 = reactor.netty.resources.PooledConnectionProvider$PooledConnectionAllocator$PooledConnectionInitializer), (reactor.left.httpCodec = io.netty.handler.codec.http.HttpClientCodec), (reactor.right.reactiveBridge = reactor.netty.channel.ChannelOperationsHandler)}
13:18:14.927 [qtp336949043-36-acceptor-1@3bead706-NetworkTrafficServerConnector@2c36df18{HTTP/1.1, (http/1.1)}{0.0.0.0:8080}] DEBUG org.eclipse.jetty.io.ManagedSelector - Queued change org.eclipse.jetty.io.ManagedSelector$Accept@638479f0 on ManagedSelector@5efcef8c{STARTED} id=1 keys=1 selected=0 updates=0
13:18:14.927 [reactor-http-nio-3] DEBUG reactor.netty.resources.PooledConnectionProvider - [id: 0xb5b9c51c, L:/127.0.0.1:64972 - R:localhost/127.0.0.1:8080] Registering pool release on close event for channel
13:18:14.927 [qtp336949043-36-acceptor-1@3bead706-NetworkTrafficServerConnector@2c36df18{HTTP/1.1, (http/1.1)}{0.0.0.0:8080}] DEBUG org.eclipse.jetty.io.ManagedSelector - Wakeup on submit ManagedSelector@5efcef8c{STARTED} id=1 keys=1 selected=0 updates=1
13:18:14.928 [reactor-http-nio-3] DEBUG reactor.netty.resources.PooledConnectionProvider - [id: 0xb5b9c51c, L:/127.0.0.1:64972 - R:localhost/127.0.0.1:8080] Channel connected, now 1 active connections and 0 inactive connections
13:18:14.928 [reactor-http-nio-3] DEBUG reactor.netty.resources.PooledConnectionProvider - [id: 0xb5b9c51c, L:/127.0.0.1:64972 - R:localhost/127.0.0.1:8080] onStateChange(PooledConnection{channel=[id: 0xb5b9c51c, L:/127.0.0.1:64972 - R:localhost/127.0.0.1:8080]}, [connected])
13:18:14.928 [qtp336949043-34] DEBUG org.eclipse.jetty.io.ManagedSelector - Selector sun.nio.ch.WindowsSelectorImpl@24f6d469 woken with none selected
13:18:14.928 [qtp336949043-34] DEBUG org.eclipse.jetty.io.ManagedSelector - Selector sun.nio.ch.WindowsSelectorImpl@24f6d469 woken up from select, 0/0/1 selected
13:18:14.928 [qtp336949043-34] DEBUG org.eclipse.jetty.io.ManagedSelector - Selector sun.nio.ch.WindowsSelectorImpl@24f6d469 processing 0 keys, 1 updates
13:18:14.928 [reactor-http-nio-3] DEBUG reactor.netty.resources.PooledConnectionProvider - [id: 0xb5b9c51c, L:/127.0.0.1:64972 - R:localhost/127.0.0.1:8080] onStateChange(GET{uri=/, connection=PooledConnection{channel=[id: 0xb5b9c51c, L:/127.0.0.1:64972 - R:localhost/127.0.0.1:8080]}}, [configured])
13:18:14.928 [qtp336949043-34] DEBUG org.eclipse.jetty.io.ManagedSelector - updateable 1
13:18:14.928 [qtp336949043-34] DEBUG org.eclipse.jetty.io.ManagedSelector - update org.eclipse.jetty.io.ManagedSelector$Accept@638479f0
13:18:14.928 [qtp336949043-34] DEBUG org.eclipse.jetty.util.thread.QueuedThreadPool - queue org.eclipse.jetty.io.ManagedSelector$Accept@638479f0 startThread=0
13:18:14.928 [qtp336949043-34] DEBUG org.eclipse.jetty.io.ManagedSelector - updates 0
13:18:14.928 [qtp336949043-34] DEBUG org.eclipse.jetty.io.ManagedSelector - Selector sun.nio.ch.WindowsSelectorImpl@24f6d469 waiting with 2 keys
13:18:14.928 [reactor-http-nio-3] DEBUG reactor.netty.ReactorNetty - [id: 0xb5b9c51c, L:/127.0.0.1:64972 - R:localhost/127.0.0.1:8080] Added decoder [ReadTimeoutHandler] at the end of the user pipeline, full pipeline: [reactor.left.httpCodec, ReadTimeoutHandler, reactor.right.reactiveBridge, DefaultChannelPipeline$TailContext#0]
13:18:14.928 [reactor-http-nio-3] DEBUG reactor.netty.ReactorNetty - [id: 0xb5b9c51c, L:/127.0.0.1:64972 - R:localhost/127.0.0.1:8080] Added decoder [WriteTimeoutHandler] at the end of the user pipeline, full pipeline: [reactor.left.httpCodec, ReadTimeoutHandler, WriteTimeoutHandler, reactor.right.reactiveBridge, DefaultChannelPipeline$TailContext#0]
13:18:14.928 [reactor-http-nio-3] DEBUG reactor.netty.http.client.HttpClientConnect - [id: 0xb5b9c51c, L:/127.0.0.1:64972 - R:localhost/127.0.0.1:8080] Handler is being applied: {uri=http://localhost:8080/api/v0/components/provision-adapters/awx, method=GET}
13:18:14.929 [reactor-http-nio-3] DEBUG reactor.netty.resources.PooledConnectionProvider - [id: 0xb5b9c51c, L:/127.0.0.1:64972 - R:localhost/127.0.0.1:8080] onStateChange(GET{uri=/api/v0/components/provision-adapters/awx, connection=PooledConnection{channel=[id: 0xb5b9c51c, L:/127.0.0.1:64972 - R:localhost/127.0.0.1:8080]}}, [request_prepared])
13:18:14.934 [qtp336949043-33] DEBUG org.eclipse.jetty.util.thread.QueuedThreadPool - run org.eclipse.jetty.io.ManagedSelector$Accept@638479f0 in QueuedThreadPool[qtp336949043]@14156f33{STARTED,8<=8<=14,i=1,r=1,q=0}[ReservedThreadExecutor@264c02c5{s=1/1,p=0}]
13:18:14.934 [qtp336949043-33] DEBUG org.eclipse.jetty.io.IdleTimeout - NetworkTrafficSocketChannelEndPoint@5b6ed305{/127.0.0.1:64972<->/127.0.0.1:8080,OPEN,fill=-,flush=-,to=0/30000}{io=0/0,kio=0,kro=0}-><null> idle timeout check, elapsed: 0 ms, remaining: 30000 ms
13:18:14.934 [qtp336949043-33] DEBUG org.eclipse.jetty.server.HttpChannel - new HttpChannelOverHttp@3689021{s=HttpChannelState@352e1262{s=IDLE rs=BLOCKING os=OPEN is=IDLE awp=false se=false i=true al=0},r=0,c=false/false,a=IDLE,uri=null,age=0} -> NetworkTrafficSocketChannelEndPoint@5b6ed305{/127.0.0.1:64972<->/127.0.0.1:8080,OPEN,fill=-,flush=-,to=0/30000}{io=0/0,kio=0,kro=0}-><null>,null,HttpChannelState@352e1262{s=IDLE rs=BLOCKING os=OPEN is=IDLE awp=false se=false i=true al=0}
13:18:14.934 [qtp336949043-33] DEBUG org.eclipse.jetty.server.HttpConnection - New HTTP Connection HttpConnection@403e0ca5::NetworkTrafficSocketChannelEndPoint@5b6ed305{/127.0.0.1:64972<->/127.0.0.1:8080,OPEN,fill=-,flush=-,to=0/30000}{io=0/0,kio=0,kro=0}-><null>
13:18:14.938 [qtp336949043-33] DEBUG org.eclipse.jetty.io.AbstractEndPoint - onOpen NetworkTrafficSocketChannelEndPoint@5b6ed305{/127.0.0.1:64972<->/127.0.0.1:8080,OPEN,fill=-,flush=-,to=0/30000}{io=0/0,kio=0,kro=0}->HttpConnection@403e0ca5[p=HttpParser{s=START,0 of -1},g=HttpGenerator@6de5195c{s=START}]=>HttpChannelOverHttp@3689021{s=HttpChannelState@352e1262{s=IDLE rs=BLOCKING os=OPEN is=IDLE awp=false se=false i=true al=0},r=0,c=false/false,a=IDLE,uri=null,age=0}
13:18:14.938 [qtp336949043-33] DEBUG org.eclipse.jetty.io.AbstractConnection - onOpen HttpConnection@403e0ca5::NetworkTrafficSocketChannelEndPoint@5b6ed305{/127.0.0.1:64972<->/127.0.0.1:8080,OPEN,fill=-,flush=-,to=3/30000}{io=0/0,kio=0,kro=0}->HttpConnection@403e0ca5[p=HttpParser{s=START,0 of -1},g=HttpGenerator@6de5195c{s=START}]=>HttpChannelOverHttp@3689021{s=HttpChannelState@352e1262{s=IDLE rs=BLOCKING os=OPEN is=IDLE awp=false se=false i=true al=0},r=0,c=false/false,a=IDLE,uri=null,age=0}
13:18:14.938 [qtp336949043-33] DEBUG org.eclipse.jetty.io.AbstractConnection - fillInterested HttpConnection@403e0ca5::NetworkTrafficSocketChannelEndPoint@5b6ed305{/127.0.0.1:64972<->/127.0.0.1:8080,OPEN,fill=-,flush=-,to=4/30000}{io=0/0,kio=0,kro=0}->HttpConnection@403e0ca5[p=HttpParser{s=START,0 of -1},g=HttpGenerator@6de5195c{s=START}]=>HttpChannelOverHttp@3689021{s=HttpChannelState@352e1262{s=IDLE rs=BLOCKING os=OPEN is=IDLE awp=false se=false i=true al=0},r=0,c=false/false,a=IDLE,uri=null,age=0}
13:18:14.938 [qtp336949043-33] DEBUG org.eclipse.jetty.io.FillInterest - interested FillInterest@2acb7559{AC.ReadCB@403e0ca5{HttpConnection@403e0ca5::NetworkTrafficSocketChannelEndPoint@5b6ed305{/127.0.0.1:64972<->/127.0.0.1:8080,OPEN,fill=FI,flush=-,to=0/30000}{io=0/0,kio=0,kro=0}->HttpConnection@403e0ca5[p=HttpParser{s=START,0 of -1},g=HttpGenerator@6de5195c{s=START}]=>HttpChannelOverHttp@3689021{s=HttpChannelState@352e1262{s=IDLE rs=BLOCKING os=OPEN is=IDLE awp=false se=false i=true al=0},r=0,c=false/false,a=IDLE,uri=null,age=0}}}
13:18:14.938 [qtp336949043-33] DEBUG org.eclipse.jetty.io.ChannelEndPoint - changeInterests p=false 0->1 for NetworkTrafficSocketChannelEndPoint@5b6ed305{/127.0.0.1:64972<->/127.0.0.1:8080,OPEN,fill=FI,flush=-,to=0/30000}{io=0/1,kio=0,kro=0}->HttpConnection@403e0ca5[p=HttpParser{s=START,0 of -1},g=HttpGenerator@6de5195c{s=START}]=>HttpChannelOverHttp@3689021{s=HttpChannelState@352e1262{s=IDLE rs=BLOCKING os=OPEN is=IDLE awp=false se=false i=true al=0},r=0,c=false/false,a=IDLE,uri=null,age=0}
13:18:14.938 [qtp336949043-33] DEBUG org.eclipse.jetty.io.ManagedSelector - Queued change org.eclipse.jetty.io.ChannelEndPoint$1@6f33cf60 on ManagedSelector@5efcef8c{STARTED} id=1 keys=2 selected=0 updates=0
13:18:14.938 [qtp336949043-33] DEBUG org.eclipse.jetty.io.ManagedSelector - Wakeup on submit ManagedSelector@5efcef8c{STARTED} id=1 keys=2 selected=0 updates=1
13:18:14.941 [qtp336949043-34] DEBUG org.eclipse.jetty.io.ManagedSelector - Selector sun.nio.ch.WindowsSelectorImpl@24f6d469 woken with none selected
13:18:14.941 [qtp336949043-34] DEBUG org.eclipse.jetty.io.ManagedSelector - Selector sun.nio.ch.WindowsSelectorImpl@24f6d469 woken up from select, 0/0/2 selected
13:18:14.941 [qtp336949043-34] DEBUG org.eclipse.jetty.io.ManagedSelector - Selector sun.nio.ch.WindowsSelectorImpl@24f6d469 processing 0 keys, 1 updates
13:18:14.941 [qtp336949043-34] DEBUG org.eclipse.jetty.io.ManagedSelector - updateable 1
13:18:14.941 [qtp336949043-34] DEBUG org.eclipse.jetty.io.ManagedSelector - update org.eclipse.jetty.io.ChannelEndPoint$1@6f33cf60
13:18:14.941 [qtp336949043-34] DEBUG org.eclipse.jetty.io.ChannelEndPoint - Key interests updated 0 -> 1 on NetworkTrafficSocketChannelEndPoint@5b6ed305{/127.0.0.1:64972<->/127.0.0.1:8080,OPEN,fill=FI,flush=-,to=3/30000}{io=1/1,kio=1,kro=0}->HttpConnection@403e0ca5[p=HttpParser{s=START,0 of -1},g=HttpGenerator@6de5195c{s=START}]=>HttpChannelOverHttp@3689021{s=HttpChannelState@352e1262{s=IDLE rs=BLOCKING os=OPEN is=IDLE awp=false se=false i=true al=0},r=0,c=false/false,a=IDLE,uri=null,age=0}
13:18:14.941 [qtp336949043-34] DEBUG org.eclipse.jetty.io.ManagedSelector - updates 0
13:18:14.941 [qtp336949043-34] DEBUG org.eclipse.jetty.io.ManagedSelector - Selector sun.nio.ch.WindowsSelectorImpl@24f6d469 waiting with 2 keys
13:18:14.941 [qtp336949043-33] DEBUG org.eclipse.jetty.io.ManagedSelector - Created NetworkTrafficSocketChannelEndPoint@5b6ed305{/127.0.0.1:64972<->/127.0.0.1:8080,OPEN,fill=FI,flush=-,to=3/30000}{io=1/1,kio=1,kro=0}->HttpConnection@403e0ca5[p=HttpParser{s=START,0 of -1},g=HttpGenerator@6de5195c{s=START}]=>HttpChannelOverHttp@3689021{s=HttpChannelState@352e1262{s=IDLE rs=BLOCKING os=OPEN is=IDLE awp=false se=false i=true al=0},r=0,c=false/false,a=IDLE,uri=null,age=0}
13:18:14.942 [qtp336949043-33] DEBUG org.eclipse.jetty.util.thread.QueuedThreadPool - ran org.eclipse.jetty.io.ManagedSelector$Accept@638479f0 in QueuedThreadPool[qtp336949043]@14156f33{STARTED,8<=8<=14,i=1,r=1,q=0}[ReservedThreadExecutor@264c02c5{s=1/1,p=0}]
13:18:14.951 [qtp336949043-34] DEBUG org.eclipse.jetty.io.ManagedSelector - Selector sun.nio.ch.WindowsSelectorImpl@24f6d469 woken up from select, 1/1/2 selected
13:18:14.951 [qtp336949043-34] DEBUG org.eclipse.jetty.io.ManagedSelector - Selector sun.nio.ch.WindowsSelectorImpl@24f6d469 processing 1 keys, 0 updates
13:18:14.951 [reactor-http-nio-3] DEBUG reactor.netty.resources.PooledConnectionProvider - [id: 0xb5b9c51c, L:/127.0.0.1:64972 - R:localhost/127.0.0.1:8080] onStateChange(GET{uri=/api/v0/components/provision-adapters/awx, connection=PooledConnection{channel=[id: 0xb5b9c51c, L:/127.0.0.1:64972 - R:localhost/127.0.0.1:8080]}}, [request_sent])
13:18:14.952 [qtp336949043-34] DEBUG org.eclipse.jetty.io.ManagedSelector - selected 1 channel=java.nio.channels.SocketChannel[connected local=/127.0.0.1:8080 remote=/127.0.0.1:64972], selector=sun.nio.ch.WindowsSelectorImpl@24f6d469, interestOps=1, readyOps=1 NetworkTrafficSocketChannelEndPoint@5b6ed305{/127.0.0.1:64972<->/127.0.0.1:8080,OPEN,fill=FI,flush=-,to=13/30000}{io=1/1,kio=1,kro=1}->HttpConnection@403e0ca5[p=HttpParser{s=START,0 of -1},g=HttpGenerator@6de5195c{s=START}]=>HttpChannelOverHttp@3689021{s=HttpChannelState@352e1262{s=IDLE rs=BLOCKING os=OPEN is=IDLE awp=false se=false i=true al=0},r=0,c=false/false,a=IDLE,uri=null,age=0} 
13:18:14.952 [qtp336949043-34] DEBUG org.eclipse.jetty.io.ChannelEndPoint - onSelected 1->0 r=true w=false for NetworkTrafficSocketChannelEndPoint@5b6ed305{/127.0.0.1:64972<->/127.0.0.1:8080,OPEN,fill=FI,flush=-,to=13/30000}{io=1/0,kio=1,kro=1}->HttpConnection@403e0ca5[p=HttpParser{s=START,0 of -1},g=HttpGenerator@6de5195c{s=START}]=>HttpChannelOverHttp@3689021{s=HttpChannelState@352e1262{s=IDLE rs=BLOCKING os=OPEN is=IDLE awp=false se=false i=true al=0},r=0,c=false/false,a=IDLE,uri=null,age=0}
13:18:14.952 [qtp336949043-34] DEBUG org.eclipse.jetty.io.ChannelEndPoint - task CEP:NetworkTrafficSocketChannelEndPoint@5b6ed305{/127.0.0.1:64972<->/127.0.0.1:8080,OPEN,fill=FI,flush=-,to=14/30000}{io=1/0,kio=1,kro=1}->HttpConnection@403e0ca5[p=HttpParser{s=START,0 of -1},g=HttpGenerator@6de5195c{s=START}]=>HttpChannelOverHttp@3689021{s=HttpChannelState@352e1262{s=IDLE rs=BLOCKING os=OPEN is=IDLE awp=false se=false i=true al=0},r=0,c=false/false,a=IDLE,uri=null,age=0}:runFillable:BLOCKING
13:18:14.952 [qtp336949043-34] DEBUG org.eclipse.jetty.util.thread.ReservedThreadExecutor - ReservedThreadExecutor@264c02c5{s=1/1,p=0} tryExecute EatWhatYouKill@672f2e73/SelectorProducer@ba28fc3/PRODUCING/p=false/QueuedThreadPool[qtp336949043]@14156f33{STARTED,8<=8<=14,i=2,r=1,q=0}[ReservedThreadExecutor@264c02c5{s=1/1,p=0}][pc=0,pic=0,pec=1,epc=0]@2020-09-25T13:18:14.952215+02:00
13:18:14.953 [qtp336949043-34] DEBUG org.eclipse.jetty.util.thread.ReservedThreadExecutor - ReservedThreadExecutor@264c02c5{s=0/1,p=0}@633b3602 offer EatWhatYouKill@672f2e73/SelectorProducer@ba28fc3/PRODUCING/p=false/QueuedThreadPool[qtp336949043]@14156f33{STARTED,8<=8<=14,i=2,r=1,q=0}[ReservedThreadExecutor@264c02c5{s=0/1,p=0}][pc=0,pic=0,pec=1,epc=0]@2020-09-25T13:18:14.9531631+02:00
13:18:14.953 [qtp336949043-34] DEBUG org.eclipse.jetty.util.thread.ReservedThreadExecutor - ReservedThreadExecutor@264c02c5{s=0/1,p=1} startReservedThread p=1
13:18:14.953 [qtp336949043-34] DEBUG org.eclipse.jetty.util.thread.QueuedThreadPool - queue ReservedThreadExecutor@264c02c5{s=0/1,p=1}@794bf028 startThread=0
13:18:14.954 [qtp336949043-34] DEBUG org.eclipse.jetty.util.thread.strategy.EatWhatYouKill - EatWhatYouKill@672f2e73/SelectorProducer@ba28fc3/IDLE/p=true/QueuedThreadPool[qtp336949043]@14156f33{STARTED,8<=8<=14,i=1,r=1,q=0}[ReservedThreadExecutor@264c02c5{s=0/1,p=1}][pc=0,pic=0,pec=1,epc=0]@2020-09-25T13:18:14.9531631+02:00 m=EXECUTE_PRODUCE_CONSUME t=CEP:NetworkTrafficSocketChannelEndPoint@5b6ed305{/127.0.0.1:64972<->/127.0.0.1:8080,OPEN,fill=FI,flush=-,to=15/30000}{io=1/0,kio=1,kro=1}->HttpConnection@403e0ca5[p=HttpParser{s=START,0 of -1},g=HttpGenerator@6de5195c{s=START}]=>HttpChannelOverHttp@3689021{s=HttpChannelState@352e1262{s=IDLE rs=BLOCKING os=OPEN is=IDLE awp=false se=false i=true al=0},r=0,c=false/false,a=IDLE,uri=null,age=0}:runFillable:BLOCKING/BLOCKING
13:18:14.954 [qtp336949043-34] DEBUG org.eclipse.jetty.io.FillInterest - fillable FillInterest@2acb7559{AC.ReadCB@403e0ca5{HttpConnection@403e0ca5::NetworkTrafficSocketChannelEndPoint@5b6ed305{/127.0.0.1:64972<->/127.0.0.1:8080,OPEN,fill=FI,flush=-,to=15/30000}{io=1/0,kio=1,kro=1}->HttpConnection@403e0ca5[p=HttpParser{s=START,0 of -1},g=HttpGenerator@6de5195c{s=START}]=>HttpChannelOverHttp@3689021{s=HttpChannelState@352e1262{s=IDLE rs=BLOCKING os=OPEN is=IDLE awp=false se=false i=true al=0},r=0,c=false/false,a=IDLE,uri=null,age=0}}}
13:18:14.954 [qtp336949043-34] DEBUG org.eclipse.jetty.server.HttpConnection - HttpConnection@403e0ca5::NetworkTrafficSocketChannelEndPoint@5b6ed305{/127.0.0.1:64972<->/127.0.0.1:8080,OPEN,fill=-,flush=-,to=16/30000}{io=1/0,kio=1,kro=1}->HttpConnection@403e0ca5[p=HttpParser{s=START,0 of -1},g=HttpGenerator@6de5195c{s=START}]=>HttpChannelOverHttp@3689021{s=HttpChannelState@352e1262{s=IDLE rs=BLOCKING os=OPEN is=IDLE awp=false se=false i=true al=0},r=0,c=false/false,a=IDLE,uri=null,age=0} onFillable enter HttpChannelState@352e1262{s=IDLE rs=BLOCKING os=OPEN is=IDLE awp=false se=false i=true al=0} null
13:18:14.955 [qtp336949043-34] DEBUG org.eclipse.jetty.io.ChannelEndPoint - filled 157 HeapByteBuffer@1de9b522[p=0,l=157,c=8192,r=157]={<<<GET /api/v0/components/pr...horization: Bearer \r\n\r\n>>>20200408)...\x00\x00\x00\x00\x00\x00\x00}
13:18:14.955 [qtp336949043-34] DEBUG org.eclipse.jetty.server.HttpConnection - HttpConnection@403e0ca5::NetworkTrafficSocketChannelEndPoint@5b6ed305{/127.0.0.1:64972<->/127.0.0.1:8080,OPEN,fill=-,flush=-,to=0/30000}{io=1/0,kio=1,kro=1}->HttpConnection@403e0ca5[p=HttpParser{s=START,0 of -1},g=HttpGenerator@6de5195c{s=START}]=>HttpChannelOverHttp@3689021{s=HttpChannelState@352e1262{s=IDLE rs=BLOCKING os=OPEN is=IDLE awp=false se=false i=true al=0},r=0,c=false/false,a=IDLE,uri=null,age=0} filled 157 HeapByteBuffer@1de9b522[p=0,l=157,c=8192,r=157]={<<<GET /api/v0/components/pr...horization: Bearer \r\n\r\n>>>20200408)...\x00\x00\x00\x00\x00\x00\x00}
13:18:14.955 [qtp336949043-34] DEBUG org.eclipse.jetty.server.HttpConnection - HttpConnection@403e0ca5::NetworkTrafficSocketChannelEndPoint@5b6ed305{/127.0.0.1:64972<->/127.0.0.1:8080,OPEN,fill=-,flush=-,to=0/30000}{io=1/0,kio=1,kro=1}->HttpConnection@403e0ca5[p=HttpParser{s=START,0 of -1},g=HttpGenerator@6de5195c{s=START}]=>HttpChannelOverHttp@3689021{s=HttpChannelState@352e1262{s=IDLE rs=BLOCKING os=OPEN is=IDLE awp=false se=false i=true al=0},r=0,c=false/false,a=IDLE,uri=null,age=0} parse HeapByteBuffer@1de9b522[p=0,l=157,c=8192,r=157]={<<<GET /api/v0/components/pr...horization: Bearer \r\n\r\n>>>20200408)...\x00\x00\x00\x00\x00\x00\x00} {}
13:18:14.955 [qtp336949043-34] DEBUG org.eclipse.jetty.http.HttpParser - parseNext s=START HeapByteBuffer@1de9b522[p=0,l=157,c=8192,r=157]={<<<GET /api/v0/components/pr...horization: Bearer \r\n\r\n>>>20200408)...\x00\x00\x00\x00\x00\x00\x00}
13:18:14.955 [qtp336949043-34] DEBUG org.eclipse.jetty.http.HttpParser - START --> SPACE1
13:18:14.955 [qtp336949043-34] DEBUG org.eclipse.jetty.http.HttpParser - SPACE1 --> URI
13:18:14.955 [qtp336949043-34] DEBUG org.eclipse.jetty.http.HttpParser - URI --> SPACE2
13:18:14.955 [qtp336949043-34] DEBUG org.eclipse.jetty.http.HttpParser - SPACE2 --> REQUEST_VERSION
13:18:14.955 [qtp336949043-34] DEBUG org.eclipse.jetty.http.HttpParser - REQUEST_VERSION --> HEADER
13:18:14.955 [qtp336949043-34] DEBUG org.eclipse.jetty.http.HttpParser - HEADER:User-Agent --> VALUE
13:18:14.955 [qtp336949043-34] DEBUG org.eclipse.jetty.http.HttpParser - HEADER:User-Agent --> IN_VALUE
13:18:14.955 [qtp336949043-34] DEBUG org.eclipse.jetty.http.HttpParser - HEADER:User-Agent --> FIELD
13:18:14.955 [qtp336949043-34] DEBUG org.eclipse.jetty.http.HttpParser - HEADER:Host --> VALUE
13:18:14.955 [qtp336949043-34] DEBUG org.eclipse.jetty.http.HttpParser - HEADER:Host --> IN_VALUE
13:18:14.955 [qtp336949043-34] DEBUG org.eclipse.jetty.http.HttpParser - HEADER:Host --> FIELD
13:18:14.955 [qtp336949043-34] DEBUG org.eclipse.jetty.http.HttpParser - HEADER:Accept: */* --> IN_VALUE
13:18:14.955 [qtp336949043-34] DEBUG org.eclipse.jetty.http.HttpParser - HEADER:Accept: */* --> FIELD
13:18:14.955 [qtp336949043-34] DEBUG org.eclipse.jetty.http.HttpParser - HEADER:Authorization --> VALUE
13:18:14.955 [qtp336949043-34] DEBUG org.eclipse.jetty.http.HttpParser - HEADER:Authorization --> IN_VALUE
13:18:14.955 [qtp336949043-34] DEBUG org.eclipse.jetty.http.HttpParser - HEADER:Authorization --> FIELD
13:18:14.955 [qtp336949043-34] DEBUG org.eclipse.jetty.http.HttpParser - HEADER --> CONTENT
13:18:14.956 [qtp336949043-34] DEBUG org.eclipse.jetty.server.HttpChannel - REQUEST for //localhost:8080/api/v0/components/provision-adapters/awx on HttpChannelOverHttp@3689021{s=HttpChannelState@352e1262{s=IDLE rs=BLOCKING os=OPEN is=IDLE awp=false se=false i=true al=0},r=1,c=false/false,a=IDLE,uri=//localhost:8080/api/v0/components/provision-adapters/awx,age=1}
GET //localhost:8080/api/v0/components/provision-adapters/awx HTTP/1.1
User-Agent: ReactorNetty/0.9.7.RELEASE
Host: localhost:8080
Accept: */*
Authorization: Bearer


13:18:14.956 [qtp336949043-34] DEBUG org.eclipse.jetty.server.HttpConnection - HttpConnection@403e0ca5::NetworkTrafficSocketChannelEndPoint@5b6ed305{/127.0.0.1:64972<->/127.0.0.1:8080,OPEN,fill=-,flush=-,to=1/30000}{io=1/0,kio=1,kro=1}->HttpConnection@403e0ca5[p=HttpParser{s=CONTENT,0 of -1},g=HttpGenerator@6de5195c{s=START}]=>HttpChannelOverHttp@3689021{s=HttpChannelState@352e1262{s=IDLE rs=BLOCKING os=OPEN is=IDLE awp=false se=false i=true al=0},r=1,c=false/false,a=IDLE,uri=//localhost:8080/api/v0/components/provision-adapters/awx,age=1} parsed true HttpParser{s=CONTENT,0 of -1}
13:18:14.956 [qtp336949043-34] DEBUG org.eclipse.jetty.server.HttpConnection - releaseRequestBuffer HttpConnection@403e0ca5::NetworkTrafficSocketChannelEndPoint@5b6ed305{/127.0.0.1:64972<->/127.0.0.1:8080,OPEN,fill=-,flush=-,to=1/30000}{io=1/0,kio=1,kro=1}->HttpConnection@403e0ca5[p=HttpParser{s=CONTENT,0 of -1},g=HttpGenerator@6de5195c{s=START}]=>HttpChannelOverHttp@3689021{s=HttpChannelState@352e1262{s=IDLE rs=BLOCKING os=OPEN is=IDLE awp=false se=false i=true al=0},r=1,c=false/false,a=IDLE,uri=//localhost:8080/api/v0/components/provision-adapters/awx,age=1}
13:18:14.956 [qtp336949043-34] DEBUG org.eclipse.jetty.server.HttpChannel - handle //localhost:8080/api/v0/components/provision-adapters/awx HttpChannelOverHttp@3689021{s=HttpChannelState@352e1262{s=IDLE rs=BLOCKING os=OPEN is=IDLE awp=false se=false i=true al=0},r=1,c=false/false,a=IDLE,uri=//localhost:8080/api/v0/components/provision-adapters/awx,age=1} 
13:18:14.956 [qtp336949043-34] DEBUG org.eclipse.jetty.server.HttpChannelState - handling HttpChannelState@352e1262{s=IDLE rs=BLOCKING os=OPEN is=IDLE awp=false se=false i=true al=0}
13:18:14.956 [qtp336949043-34] DEBUG org.eclipse.jetty.server.HttpChannel - action DISPATCH HttpChannelOverHttp@3689021{s=HttpChannelState@352e1262{s=HANDLING rs=BLOCKING os=OPEN is=IDLE awp=false se=false i=true al=0},r=1,c=false/false,a=HANDLING,uri=//localhost:8080/api/v0/components/provision-adapters/awx,age=1}
13:18:14.956 [qtp336949043-34] DEBUG org.eclipse.jetty.server.Server - REQUEST GET /api/v0/components/provision-adapters/awx on HttpChannelOverHttp@3689021{s=HttpChannelState@352e1262{s=HANDLING rs=BLOCKING os=OPEN is=IDLE awp=false se=false i=true al=0},r=1,c=false/false,a=HANDLING,uri=//localhost:8080/api/v0/components/provision-adapters/awx,age=1}
13:18:14.956 [qtp336949043-34] DEBUG org.eclipse.jetty.server.handler.ContextHandler - scope null||/api/v0/components/provision-adapters/awx @ o.e.j.s.ServletContextHandler@58d1a4a5{/__admin,null,AVAILABLE}
13:18:14.957 [qtp336949043-34] DEBUG org.eclipse.jetty.server.handler.gzip.GzipHandler - GzipHandler@74c28093{STARTED,min=32,inflate=-1} handle Request(GET //localhost:8080/api/v0/components/provision-adapters/awx)@5a2d3c80 in null
13:18:14.957 [qtp336949043-34] DEBUG org.eclipse.jetty.server.handler.ContextHandler - scope null||/api/v0/components/provision-adapters/awx @ o.e.j.s.ServletContextHandler@7b8a759f{/,null,AVAILABLE}
13:18:14.957 [qtp336949043-34] DEBUG org.eclipse.jetty.server.handler.ContextHandler - context=||/api/v0/components/provision-adapters/awx @ o.e.j.s.ServletContextHandler@7b8a759f{/,null,AVAILABLE}
13:18:14.957 [qtp336949043-34] DEBUG org.eclipse.jetty.servlet.ServletHandler - servlet |/api/v0/components/provision-adapters/awx|null -> com.github.tomakehurst.wiremock.servlet.WireMockHandlerDispatchingServlet-3bc8fbe0@fc9d58f9==com.github.tomakehurst.wiremock.servlet.WireMockHandlerDispatchingServlet,jsp=null,order=-1,inst=true,async=true
13:18:14.957 [qtp336949043-34] DEBUG org.eclipse.jetty.servlet.ServletHandler - chain=org.eclipse.jetty.servlets.CrossOriginFilter-71d86d06@71d86d06==org.eclipse.jetty.servlets.CrossOriginFilter,inst=true,async=true->com.github.tomakehurst.wiremock.servlet.WireMockHandlerDispatchingServlet-3bc8fbe0@fc9d58f9==com.github.tomakehurst.wiremock.servlet.WireMockHandlerDispatchingServlet,jsp=null,order=-1,inst=true,async=true
13:18:14.957 [qtp336949043-34] DEBUG org.eclipse.jetty.servlet.ServletHandler - call filter org.eclipse.jetty.servlets.CrossOriginFilter-71d86d06@71d86d06==org.eclipse.jetty.servlets.CrossOriginFilter,inst=true,async=true
13:18:14.957 [qtp336949043-34] DEBUG org.eclipse.jetty.servlet.ServletHandler - call servlet com.github.tomakehurst.wiremock.servlet.WireMockHandlerDispatchingServlet-3bc8fbe0@fc9d58f9==com.github.tomakehurst.wiremock.servlet.WireMockHandlerDispatchingServlet,jsp=null,order=-1,inst=true,async=true
13:18:14.958 [qtp336949043-34] DEBUG org.eclipse.jetty.io.ChannelEndPoint - filled 0 HeapByteBuffer@1de9b522[p=0,l=0,c=8192,r=0]={<<<>>>GET /api/...\x00\x00\x00\x00\x00\x00\x00}
13:18:14.958 [qtp336949043-34] DEBUG org.eclipse.jetty.io.ChannelEndPoint - filled 0 HeapByteBuffer@1de9b522[p=0,l=0,c=8192,r=0]={<<<>>>GET /api/...\x00\x00\x00\x00\x00\x00\x00}
13:18:14.958 [qtp336949043-34] DEBUG org.eclipse.jetty.server.HttpConnection - HttpConnection@403e0ca5::NetworkTrafficSocketChannelEndPoint@5b6ed305{/127.0.0.1:64972<->/127.0.0.1:8080,OPEN,fill=-,flush=-,to=3/30000}{io=1/0,kio=1,kro=1}->HttpConnection@403e0ca5[p=HttpParser{s=CONTENT,0 of -1},g=HttpGenerator@6de5195c{s=START}]=>HttpChannelOverHttp@3689021{s=HttpChannelState@352e1262{s=HANDLING rs=BLOCKING os=OPEN is=IDLE awp=false se=false i=true al=0},r=1,c=false/false,a=HANDLING,uri=//localhost:8080/api/v0/components/provision-adapters/awx,age=3} filled 0 HeapByteBuffer@1de9b522[p=0,l=0,c=8192,r=0]={<<<>>>GET /api/...\x00\x00\x00\x00\x00\x00\x00}
13:18:14.958 [qtp336949043-34] DEBUG org.eclipse.jetty.server.HttpConnection - HttpConnection@403e0ca5::NetworkTrafficSocketChannelEndPoint@5b6ed305{/127.0.0.1:64972<->/127.0.0.1:8080,OPEN,fill=-,flush=-,to=3/30000}{io=1/0,kio=1,kro=1}->HttpConnection@403e0ca5[p=HttpParser{s=CONTENT,0 of -1},g=HttpGenerator@6de5195c{s=START}]=>HttpChannelOverHttp@3689021{s=HttpChannelState@352e1262{s=HANDLING rs=BLOCKING os=OPEN is=IDLE awp=false se=false i=true al=0},r=1,c=false/false,a=HANDLING,uri=//localhost:8080/api/v0/components/provision-adapters/awx,age=3} parse HeapByteBuffer@1de9b522[p=0,l=0,c=8192,r=0]={<<<>>>GET /api/...\x00\x00\x00\x00\x00\x00\x00} {}
13:18:14.958 [qtp336949043-34] DEBUG org.eclipse.jetty.http.HttpParser - parseNext s=CONTENT HeapByteBuffer@1de9b522[p=0,l=0,c=8192,r=0]={<<<>>>GET /api/...\x00\x00\x00\x00\x00\x00\x00}
13:18:14.958 [qtp336949043-34] DEBUG org.eclipse.jetty.http.HttpParser - CONTENT --> CONTENT_END
13:18:14.958 [qtp336949043-34] DEBUG org.eclipse.jetty.server.HttpChannel - onContentComplete HttpChannelOverHttp@3689021{s=HttpChannelState@352e1262{s=HANDLING rs=BLOCKING os=OPEN is=IDLE awp=false se=false i=true al=0},r=1,c=false/false,a=HANDLING,uri=//localhost:8080/api/v0/components/provision-adapters/awx,age=3}
13:18:14.958 [qtp336949043-34] DEBUG org.eclipse.jetty.http.HttpParser - CONTENT_END --> END
13:18:14.958 [qtp336949043-34] DEBUG org.eclipse.jetty.server.HttpChannel - onRequestComplete HttpChannelOverHttp@3689021{s=HttpChannelState@352e1262{s=HANDLING rs=BLOCKING os=OPEN is=IDLE awp=false se=false i=true al=0},r=1,c=false/false,a=HANDLING,uri=//localhost:8080/api/v0/components/provision-adapters/awx,age=3}
13:18:14.958 [qtp336949043-34] DEBUG org.eclipse.jetty.server.HttpInput - HttpInputOverHTTP@180a6ab[c=0,q=0,[0]=null,s=STREAM] addContent EOF
13:18:14.958 [qtp336949043-34] DEBUG org.eclipse.jetty.server.HttpConnection - HttpConnection@403e0ca5::NetworkTrafficSocketChannelEndPoint@5b6ed305{/127.0.0.1:64972<->/127.0.0.1:8080,OPEN,fill=-,flush=-,to=3/30000}{io=1/0,kio=1,kro=1}->HttpConnection@403e0ca5[p=HttpParser{s=END,0 of -1},g=HttpGenerator@6de5195c{s=START}]=>HttpChannelOverHttp@3689021{s=HttpChannelState@352e1262{s=HANDLING rs=BLOCKING os=OPEN is=IDLE awp=false se=false i=true al=0},r=1,c=false/false,a=HANDLING,uri=//localhost:8080/api/v0/components/provision-adapters/awx,age=3} parsed false HttpParser{s=END,0 of -1}
13:18:14.959 [qtp336949043-34] DEBUG org.eclipse.jetty.server.HttpConnection - releaseRequestBuffer HttpConnection@403e0ca5::NetworkTrafficSocketChannelEndPoint@5b6ed305{/127.0.0.1:64972<->/127.0.0.1:8080,OPEN,fill=-,flush=-,to=3/30000}{io=1/0,kio=1,kro=1}->HttpConnection@403e0ca5[p=HttpParser{s=END,0 of -1},g=HttpGenerator@6de5195c{s=START}]=>HttpChannelOverHttp@3689021{s=HttpChannelState@352e1262{s=HANDLING rs=BLOCKING os=OPEN is=IDLE awp=false se=false i=true al=0},r=1,c=false/false,a=HANDLING,uri=//localhost:8080/api/v0/components/provision-adapters/awx,age=4}
13:18:14.959 [qtp336949043-34] DEBUG org.eclipse.jetty.server.HttpChannelState - onEof HttpChannelState@352e1262{s=HANDLING rs=BLOCKING os=OPEN is=IDLE awp=false se=false i=true al=0}
13:18:14.977 [qtp336949043-39] DEBUG org.eclipse.jetty.util.thread.ReservedThreadExecutor - ReservedThreadExecutor@264c02c5{s=0/1,p=1}@633b3602 task=EatWhatYouKill@672f2e73/SelectorProducer@ba28fc3/IDLE/p=true/QueuedThreadPool[qtp336949043]@14156f33{STARTED,8<=8<=14,i=1,r=1,q=0}[ReservedThreadExecutor@264c02c5{s=0/1,p=1}][pc=0,pic=0,pec=1,epc=1]@2020-09-25T13:18:14.9761581+02:00
13:18:14.977 [qtp336949043-39] DEBUG org.eclipse.jetty.util.thread.strategy.EatWhatYouKill - EatWhatYouKill@672f2e73/SelectorProducer@ba28fc3/IDLE/p=true/QueuedThreadPool[qtp336949043]@14156f33{STARTED,8<=8<=14,i=1,r=1,q=0}[ReservedThreadExecutor@264c02c5{s=0/1,p=1}][pc=0,pic=0,pec=1,epc=1]@2020-09-25T13:18:14.9771565+02:00 tryProduce true
13:18:14.978 [qtp336949043-39] DEBUG org.eclipse.jetty.io.ManagedSelector - updateable 0
13:18:14.978 [qtp336949043-39] DEBUG org.eclipse.jetty.io.ManagedSelector - updates 0
13:18:14.978 [qtp336949043-39] DEBUG org.eclipse.jetty.io.ChannelEndPoint - Key interests updated 1 -> 0 on NetworkTrafficSocketChannelEndPoint@5b6ed305{/127.0.0.1:64972<->/127.0.0.1:8080,OPEN,fill=-,flush=-,to=23/30000}{io=0/0,kio=0,kro=1}->HttpConnection@403e0ca5[p=HttpParser{s=END,0 of -1},g=HttpGenerator@6de5195c{s=START}]=>HttpChannelOverHttp@3689021{s=HttpChannelState@352e1262{s=HANDLING rs=BLOCKING os=OPEN is=READY awp=false se=false i=true al=0},r=1,c=false/false,a=HANDLING,uri=//localhost:8080/api/v0/components/provision-adapters/awx,age=23}
13:18:14.978 [qtp336949043-39] DEBUG org.eclipse.jetty.io.ManagedSelector - Selector sun.nio.ch.WindowsSelectorImpl@24f6d469 waiting with 2 keys
13:18:14.982 [qtp336949043-40] DEBUG org.eclipse.jetty.util.thread.QueuedThreadPool - run ReservedThreadExecutor@264c02c5{s=0/1,p=1}@794bf028 in QueuedThreadPool[qtp336949043]@14156f33{STARTED,8<=8<=14,i=1,r=1,q=0}[ReservedThreadExecutor@264c02c5{s=0/1,p=1}]
13:18:14.982 [qtp336949043-40] DEBUG org.eclipse.jetty.util.thread.ReservedThreadExecutor - ReservedThreadExecutor@264c02c5{s=1/1,p=1}@794bf028 started
13:18:14.982 [qtp336949043-40] DEBUG org.eclipse.jetty.util.thread.ReservedThreadExecutor - ReservedThreadExecutor@264c02c5{s=1/1,p=0}@794bf028 waiting
13:18:16.929 [reactor-http-nio-3] WARN reactor.netty.http.client.HttpClientConnect - [id: 0xb5b9c51c, L:/127.0.0.1:64972 - R:localhost/127.0.0.1:8080] The connection observed an error
io.netty.handler.timeout.ReadTimeoutException: null
13:18:16.930 [reactor-http-nio-3] DEBUG org.springframework.web.reactive.function.client.ExchangeFunctions - [76659ac2] Cancel signal (to close connection)
13:18:16.931 [reactor-http-nio-3] DEBUG reactor.netty.resources.PooledConnectionProvider - [id: 0xb5b9c51c, L:/127.0.0.1:64972 ! R:localhost/127.0.0.1:8080] Channel closed, now 0 active connections and 0 inactive connections
13:18:16.931 [reactor-http-nio-3] DEBUG reactor.netty.ReactorNetty - [id: 0xb5b9c51c, L:/127.0.0.1:64972 ! R:localhost/127.0.0.1:8080] Non Removed handler: ReadTimeoutHandler, context: ChannelHandlerContext(ReadTimeoutHandler, [id: 0xb5b9c51c, L:/127.0.0.1:64972 ! R:localhost/127.0.0.1:8080]), pipeline: DefaultChannelPipeline{(reactor.left.httpCodec = io.netty.handler.codec.http.HttpClientCodec), (ReadTimeoutHandler = io.netty.handler.timeout.ReadTimeoutHandler), (WriteTimeoutHandler = io.netty.handler.timeout.WriteTimeoutHandler), (reactor.right.reactiveBridge = reactor.netty.channel.ChannelOperationsHandler)}
13:18:16.931 [reactor-http-nio-3] DEBUG reactor.netty.ReactorNetty - [id: 0xb5b9c51c, L:/127.0.0.1:64972 ! R:localhost/127.0.0.1:8080] Non Removed handler: WriteTimeoutHandler, context: ChannelHandlerContext(WriteTimeoutHandler, [id: 0xb5b9c51c, L:/127.0.0.1:64972 ! R:localhost/127.0.0.1:8080]), pipeline: DefaultChannelPipeline{(reactor.left.httpCodec = io.netty.handler.codec.http.HttpClientCodec), (ReadTimeoutHandler = io.netty.handler.timeout.ReadTimeoutHandler), (WriteTimeoutHandler = io.netty.handler.timeout.WriteTimeoutHandler), (reactor.right.reactiveBridge = reactor.netty.channel.ChannelOperationsHandler)}
13:18:16.932 [reactor-http-nio-3] DEBUG reactor.netty.resources.PooledConnectionProvider - [id: 0xb5b9c51c, L:/127.0.0.1:64972 ! R:localhost/127.0.0.1:8080] onStateChange(GET{uri=/api/v0/components/provision-adapters/awx, connection=PooledConnection{channel=[id: 0xb5b9c51c, L:/127.0.0.1:64972 ! R:localhost/127.0.0.1:8080]}}, [disconnecting])
13:18:17.065 [qtp336949043-34] DEBUG org.eclipse.jetty.server.handler.gzip.GzipHandler - GzipHandler@74c28093{STARTED,min=32,inflate=-1} excluded not gzip accept Request(GET //localhost:8080/api/v0/components/provision-adapters/awx)@5a2d3c80
13:18:17.065 [qtp336949043-34] DEBUG org.eclipse.jetty.server.handler.gzip.GzipHttpOutputInterceptor - org.eclipse.jetty.server.handler.gzip.GzipHttpOutputInterceptor@b23cbf3 exclude no deflater
13:18:17.065 [qtp336949043-34] DEBUG org.eclipse.jetty.server.HttpChannel - sendResponse info=null content=HeapByteBuffer@137d328[p=0,l=0,c=0,r=0]={<<<>>>} complete=false committing=true callback=Blocker@2dcfa00f{null}
13:18:17.065 [qtp336949043-34] DEBUG org.eclipse.jetty.server.HttpChannel - COMMIT for /api/v0/components/provision-adapters/awx on HttpChannelOverHttp@3689021{s=HttpChannelState@352e1262{s=HANDLING rs=BLOCKING os=COMMITTED is=READY awp=false se=false i=true al=0},r=1,c=false/false,a=HANDLING,uri=//localhost:8080/api/v0/components/provision-adapters/awx,age=2110}
200 null HTTP/1.1
Matched-Stub-Id: 2f9bf285-9512-41ed-90c0-5d064ab79188
Vary: Accept-Encoding, User-Agent


13:18:17.065 [qtp336949043-34] DEBUG org.eclipse.jetty.server.HttpConnection - generate: NEED_HEADER for org.eclipse.jetty.server.HttpConnection$SendCallback@1eb5400a[PROCESSING][i=HTTP/1.1{s=200,h=2,cl=-1},cb=org.eclipse.jetty.server.HttpChannel$SendCallback@1a840889] (null,[p=0,l=0,c=0,r=0],false)@START
13:18:17.065 [qtp336949043-34] DEBUG org.eclipse.jetty.http.HttpGenerator - generateHeaders HTTP/1.1{s=200,h=2,cl=-1} last=false content=HeapByteBuffer@137d328[p=0,l=0,c=0,r=0]={<<<>>>}
13:18:17.065 [qtp336949043-34] DEBUG org.eclipse.jetty.http.HttpGenerator - Matched-Stub-Id: 2f9bf285-9512-41ed-90c0-5d064ab79188
Vary: Accept-Encoding, User-Agent


13:18:17.065 [qtp336949043-34] DEBUG org.eclipse.jetty.http.HttpGenerator - CHUNKED_CONTENT
13:18:17.065 [qtp336949043-34] DEBUG org.eclipse.jetty.server.HttpConnection - generate: FLUSH for org.eclipse.jetty.server.HttpConnection$SendCallback@1eb5400a[PROCESSING][i=HTTP/1.1{s=200,h=2,cl=-1},cb=org.eclipse.jetty.server.HttpChannel$SendCallback@1a840889] ([p=0,l=170,c=8192,r=170],[p=0,l=0,c=0,r=0],false)@COMMITTED
13:18:17.066 [qtp336949043-34] DEBUG org.eclipse.jetty.io.WriteFlusher - write: WriteFlusher@f6d3479{IDLE}->null [HeapByteBuffer@1de9b522[p=0,l=170,c=8192,r=170]={<<<HTTP/1.1 200 OK\r\nMatched-...y(9.4.28.v20200408)\r\n\r\n>>>/4.5.12 (...\x00\x00\x00\x00\x00\x00\x00}]
13:18:17.066 [qtp336949043-34] DEBUG org.eclipse.jetty.io.WriteFlusher - update WriteFlusher@f6d3479{WRITING}->null:IDLE-->WRITING
13:18:17.066 [qtp336949043-34] DEBUG org.eclipse.jetty.io.ChannelEndPoint - flushed 170 NetworkTrafficSocketChannelEndPoint@5b6ed305{/127.0.0.1:64972<->/127.0.0.1:8080,OPEN,fill=-,flush=W,to=2112/30000}{io=0/0,kio=0,kro=1}->HttpConnection@403e0ca5[p=HttpParser{s=END,0 of -1},g=HttpGenerator@6de5195c{s=COMMITTED}]=>HttpChannelOverHttp@3689021{s=HttpChannelState@352e1262{s=HANDLING rs=BLOCKING os=COMMITTED is=READY awp=false se=false i=true al=0},r=1,c=false/false,a=HANDLING,uri=//localhost:8080/api/v0/components/provision-adapters/awx,age=2111}
13:18:17.066 [qtp336949043-34] DEBUG org.eclipse.jetty.io.WriteFlusher - Flushed=true written=170 remaining=0 WriteFlusher@f6d3479{WRITING}->null
13:18:17.066 [qtp336949043-34] DEBUG org.eclipse.jetty.io.WriteFlusher - update WriteFlusher@f6d3479{IDLE}->null:WRITING-->IDLE
13:18:17.066 [qtp336949043-34] DEBUG org.eclipse.jetty.server.HttpConnection - generate: DONE for org.eclipse.jetty.server.HttpConnection$SendCallback@1eb5400a[PROCESSING][i=HTTP/1.1{s=200,h=2,cl=-1},cb=org.eclipse.jetty.server.HttpChannel$SendCallback@1a840889] ([p=170,l=170,c=8192,r=0],[p=0,l=0,c=0,r=0],false)@COMMITTED
13:18:17.067 [qtp336949043-34] DEBUG org.eclipse.jetty.server.HttpOutput - onWriteComplete(false,null) s=OPEN,api=BLOCKED,sc=false,e=null->s=OPEN,api=BLOCKING,sc=false,e=null c=null cb=null w=false
13:18:17.067 [qtp336949043-34] DEBUG org.eclipse.jetty.server.HttpOutput - close() s=CLOSING,api=BLOCKED,sc=false,e=null c=HeapByteBuffer@137d328[p=0,l=0,c=0,r=0]={<<<>>>} b=Blocker@2dcfa00f{null}
13:18:17.067 [qtp336949043-34] DEBUG org.eclipse.jetty.server.HttpChannel - sendResponse info=null content=HeapByteBuffer@137d328[p=0,l=0,c=0,r=0]={<<<>>>} complete=true committing=false callback=Blocker@2dcfa00f{null}
13:18:17.067 [qtp336949043-34] DEBUG org.eclipse.jetty.server.HttpConnection - generate: CONTINUE for org.eclipse.jetty.server.HttpConnection$SendCallback@1eb5400a[PROCESSING][i=null,cb=org.eclipse.jetty.server.HttpChannel$SendCallback@5f722243] (null,[p=0,l=0,c=0,r=0],true)@COMPLETING
13:18:17.067 [qtp336949043-34] DEBUG org.eclipse.jetty.server.HttpConnection - generate: NEED_CHUNK for org.eclipse.jetty.server.HttpConnection$SendCallback@1eb5400a[PROCESSING][i=null,cb=org.eclipse.jetty.server.HttpChannel$SendCallback@5f722243] (null,[p=0,l=0,c=0,r=0],true)@COMPLETING
13:18:17.067 [qtp336949043-34] DEBUG org.eclipse.jetty.server.HttpConnection - generate: FLUSH for org.eclipse.jetty.server.HttpConnection$SendCallback@1eb5400a[PROCESSING][i=null,cb=org.eclipse.jetty.server.HttpChannel$SendCallback@5f722243] (null,[p=0,l=0,c=0,r=0],true)@COMPLETING
13:18:17.067 [qtp336949043-34] DEBUG org.eclipse.jetty.io.WriteFlusher - write: WriteFlusher@f6d3479{IDLE}->null [HeapByteBuffer@58fb379d[p=0,l=5,c=1024,r=5]={<<<0\r\n\r\n>>>\r\n\x00\x00\x00\x00\x00\x00\x00...\x00\x00\x00\x00\x00\x00\x00}]
13:18:17.067 [qtp336949043-34] DEBUG org.eclipse.jetty.io.WriteFlusher - update WriteFlusher@f6d3479{WRITING}->null:IDLE-->WRITING
13:18:17.071 [qtp336949043-34] DEBUG org.eclipse.jetty.io.WriteFlusher - write exception
org.eclipse.jetty.io.EofException: null
	at org.eclipse.jetty.io.ChannelEndPoint.flush(ChannelEndPoint.java:283)
	at org.eclipse.jetty.io.NetworkTrafficSocketChannelEndPoint.flush(NetworkTrafficSocketChannelEndPoint.java:66)
	at org.eclipse.jetty.io.WriteFlusher.flush(WriteFlusher.java:422)
	at org.eclipse.jetty.io.WriteFlusher.write(WriteFlusher.java:277)
	at org.eclipse.jetty.io.AbstractEndPoint.write(AbstractEndPoint.java:381)
	at org.eclipse.jetty.server.HttpConnection$SendCallback.process(HttpConnection.java:830)
	at org.eclipse.jetty.util.IteratingCallback.processing(IteratingCallback.java:241)
	at org.eclipse.jetty.util.IteratingCallback.iterate(IteratingCallback.java:223)
	at org.eclipse.jetty.server.HttpConnection.send(HttpConnection.java:549)
	at org.eclipse.jetty.server.HttpChannel.sendResponse(HttpChannel.java:829)
	at org.eclipse.jetty.server.HttpChannel.write(HttpChannel.java:901)
	at org.eclipse.jetty.server.handler.gzip.GzipHttpOutputInterceptor.write(GzipHttpOutputInterceptor.java:112)
	at org.eclipse.jetty.server.HttpOutput.channelWrite(HttpOutput.java:283)
	at org.eclipse.jetty.server.HttpOutput.close(HttpOutput.java:602)
	at com.github.tomakehurst.wiremock.servlet.WireMockHandlerDispatchingServlet.writeAndTranslateExceptions(WireMockHandlerDispatchingServlet.java:235)
	at com.github.tomakehurst.wiremock.servlet.WireMockHandlerDispatchingServlet.applyResponse(WireMockHandlerDispatchingServlet.java:223)
	at com.github.tomakehurst.wiremock.servlet.WireMockHandlerDispatchingServlet$ServletHttpResponder.respondTo(WireMockHandlerDispatchingServlet.java:183)
	at com.github.tomakehurst.wiremock.servlet.WireMockHandlerDispatchingServlet$ServletHttpResponder.respondSync(WireMockHandlerDispatchingServlet.java:150)
	at com.github.tomakehurst.wiremock.servlet.WireMockHandlerDispatchingServlet$ServletHttpResponder.respond(WireMockHandlerDispatchingServlet.java:144)
	at com.github.tomakehurst.wiremock.http.AbstractRequestHandler.handle(AbstractRequestHandler.java:90)
	at com.github.tomakehurst.wiremock.servlet.WireMockHandlerDispatchingServlet.service(WireMockHandlerDispatchingServlet.java:120)
	at javax.servlet.http.HttpServlet.service(HttpServlet.java:750)
	at org.eclipse.jetty.servlet.ServletHolder.handle(ServletHolder.java:763)
	at org.eclipse.jetty.servlet.ServletHandler$CachedChain.doFilter(ServletHandler.java:1631)
	at org.eclipse.jetty.servlets.CrossOriginFilter.handle(CrossOriginFilter.java:319)
	at org.eclipse.jetty.servlets.CrossOriginFilter.doFilter(CrossOriginFilter.java:273)
	at org.eclipse.jetty.servlet.ServletHandler$CachedChain.doFilter(ServletHandler.java:1618)
	at org.eclipse.jetty.servlet.ServletHandler.doHandle(ServletHandler.java:549)
	at org.eclipse.jetty.server.handler.ScopedHandler.nextHandle(ScopedHandler.java:233)
	at org.eclipse.jetty.server.handler.ContextHandler.doHandle(ContextHandler.java:1363)
	at org.eclipse.jetty.server.handler.ScopedHandler.nextScope(ScopedHandler.java:188)
	at org.eclipse.jetty.servlet.ServletHandler.doScope(ServletHandler.java:489)
	at org.eclipse.jetty.server.handler.ScopedHandler.nextScope(ScopedHandler.java:186)
	at org.eclipse.jetty.server.handler.ContextHandler.doScope(ContextHandler.java:1278)
	at org.eclipse.jetty.server.handler.ScopedHandler.handle(ScopedHandler.java:141)
	at org.eclipse.jetty.server.handler.gzip.GzipHandler.handle(GzipHandler.java:767)
	at org.eclipse.jetty.server.handler.HandlerCollection.handle(HandlerCollection.java:146)
	at org.eclipse.jetty.server.handler.HandlerWrapper.handle(HandlerWrapper.java:127)
	at org.eclipse.jetty.server.Server.handle(Server.java:500)
	at org.eclipse.jetty.server.HttpChannel.lambda$handle$1(HttpChannel.java:383)
	at org.eclipse.jetty.server.HttpChannel.dispatch(HttpChannel.java:547)
	at org.eclipse.jetty.server.HttpChannel.handle(HttpChannel.java:375)
	at org.eclipse.jetty.server.HttpConnection.onFillable(HttpConnection.java:273)
	at org.eclipse.jetty.io.AbstractConnection$ReadCallback.succeeded(AbstractConnection.java:311)
	at org.eclipse.jetty.io.FillInterest.fillable(FillInterest.java:103)
	at org.eclipse.jetty.io.ChannelEndPoint$2.run(ChannelEndPoint.java:117)
	at org.eclipse.jetty.util.thread.strategy.EatWhatYouKill.runTask(EatWhatYouKill.java:336)
	at org.eclipse.jetty.util.thread.strategy.EatWhatYouKill.doProduce(EatWhatYouKill.java:313)
	at org.eclipse.jetty.util.thread.strategy.EatWhatYouKill.tryProduce(EatWhatYouKill.java:171)
	at org.eclipse.jetty.util.thread.strategy.EatWhatYouKill.produce(EatWhatYouKill.java:135)
	at org.eclipse.jetty.util.thread.QueuedThreadPool.runJob(QueuedThreadPool.java:806)
	at org.eclipse.jetty.util.thread.QueuedThreadPool$Runner.run(QueuedThreadPool.java:938)
	at java.base/java.lang.Thread.run(Thread.java:834)
Caused by: java.io.IOException: Se ha anulado una conexión establecida por el software en su equipo host.
	at java.base/sun.nio.ch.SocketDispatcher.write0(Native Method)
	at java.base/sun.nio.ch.SocketDispatcher.write(SocketDispatcher.java:51)
	at java.base/sun.nio.ch.IOUtil.writeFromNativeBuffer(IOUtil.java:113)
	at java.base/sun.nio.ch.IOUtil.write(IOUtil.java:79)
	at java.base/sun.nio.ch.IOUtil.write(IOUtil.java:50)
	at java.base/sun.nio.ch.SocketChannelImpl.write(SocketChannelImpl.java:466)
	at org.eclipse.jetty.io.ChannelEndPoint.flush(ChannelEndPoint.java:261)
	... 52 common frames omitted
13:18:17.072 [qtp336949043-34] DEBUG org.eclipse.jetty.io.WriteFlusher - update WriteFlusher@f6d3479{FAILED}->null:WRITING-->FAILED
13:18:17.072 [qtp336949043-34] DEBUG org.eclipse.jetty.server.HttpChannel - Commit failed
org.eclipse.jetty.io.EofException: null
	at org.eclipse.jetty.io.ChannelEndPoint.flush(ChannelEndPoint.java:283)
	at org.eclipse.jetty.io.NetworkTrafficSocketChannelEndPoint.flush(NetworkTrafficSocketChannelEndPoint.java:66)
	at org.eclipse.jetty.io.WriteFlusher.flush(WriteFlusher.java:422)
	at org.eclipse.jetty.io.WriteFlusher.write(WriteFlusher.java:277)
	at org.eclipse.jetty.io.AbstractEndPoint.write(AbstractEndPoint.java:381)
	at org.eclipse.jetty.server.HttpConnection$SendCallback.process(HttpConnection.java:830)
	at org.eclipse.jetty.util.IteratingCallback.processing(IteratingCallback.java:241)
	at org.eclipse.jetty.util.IteratingCallback.iterate(IteratingCallback.java:223)
	at org.eclipse.jetty.server.HttpConnection.send(HttpConnection.java:549)
	at org.eclipse.jetty.server.HttpChannel.sendResponse(HttpChannel.java:829)
	at org.eclipse.jetty.server.HttpChannel.write(HttpChannel.java:901)
	at org.eclipse.jetty.server.handler.gzip.GzipHttpOutputInterceptor.write(GzipHttpOutputInterceptor.java:112)
	at org.eclipse.jetty.server.HttpOutput.channelWrite(HttpOutput.java:283)
	at org.eclipse.jetty.server.HttpOutput.close(HttpOutput.java:602)
	at com.github.tomakehurst.wiremock.servlet.WireMockHandlerDispatchingServlet.writeAndTranslateExceptions(WireMockHandlerDispatchingServlet.java:235)
	at com.github.tomakehurst.wiremock.servlet.WireMockHandlerDispatchingServlet.applyResponse(WireMockHandlerDispatchingServlet.java:223)
	at com.github.tomakehurst.wiremock.servlet.WireMockHandlerDispatchingServlet$ServletHttpResponder.respondTo(WireMockHandlerDispatchingServlet.java:183)
	at com.github.tomakehurst.wiremock.servlet.WireMockHandlerDispatchingServlet$ServletHttpResponder.respondSync(WireMockHandlerDispatchingServlet.java:150)
	at com.github.tomakehurst.wiremock.servlet.WireMockHandlerDispatchingServlet$ServletHttpResponder.respond(WireMockHandlerDispatchingServlet.java:144)
	at com.github.tomakehurst.wiremock.http.AbstractRequestHandler.handle(AbstractRequestHandler.java:90)
	at com.github.tomakehurst.wiremock.servlet.WireMockHandlerDispatchingServlet.service(WireMockHandlerDispatchingServlet.java:120)
	at javax.servlet.http.HttpServlet.service(HttpServlet.java:750)
	at org.eclipse.jetty.servlet.ServletHolder.handle(ServletHolder.java:763)
	at org.eclipse.jetty.servlet.ServletHandler$CachedChain.doFilter(ServletHandler.java:1631)
	at org.eclipse.jetty.servlets.CrossOriginFilter.handle(CrossOriginFilter.java:319)
	at org.eclipse.jetty.servlets.CrossOriginFilter.doFilter(CrossOriginFilter.java:273)
	at org.eclipse.jetty.servlet.ServletHandler$CachedChain.doFilter(ServletHandler.java:1618)
	at org.eclipse.jetty.servlet.ServletHandler.doHandle(ServletHandler.java:549)
	at org.eclipse.jetty.server.handler.ScopedHandler.nextHandle(ScopedHandler.java:233)
	at org.eclipse.jetty.server.handler.ContextHandler.doHandle(ContextHandler.java:1363)
	at org.eclipse.jetty.server.handler.ScopedHandler.nextScope(ScopedHandler.java:188)
	at org.eclipse.jetty.servlet.ServletHandler.doScope(ServletHandler.java:489)
	at org.eclipse.jetty.server.handler.ScopedHandler.nextScope(ScopedHandler.java:186)
	at org.eclipse.jetty.server.handler.ContextHandler.doScope(ContextHandler.java:1278)
	at org.eclipse.jetty.server.handler.ScopedHandler.handle(ScopedHandler.java:141)
	at org.eclipse.jetty.server.handler.gzip.GzipHandler.handle(GzipHandler.java:767)
	at org.eclipse.jetty.server.handler.HandlerCollection.handle(HandlerCollection.java:146)
	at org.eclipse.jetty.server.handler.HandlerWrapper.handle(HandlerWrapper.java:127)
	at org.eclipse.jetty.server.Server.handle(Server.java:500)
	at org.eclipse.jetty.server.HttpChannel.lambda$handle$1(HttpChannel.java:383)
	at org.eclipse.jetty.server.HttpChannel.dispatch(HttpChannel.java:547)
	at org.eclipse.jetty.server.HttpChannel.handle(HttpChannel.java:375)
	at org.eclipse.jetty.server.HttpConnection.onFillable(HttpConnection.java:273)
	at org.eclipse.jetty.io.AbstractConnection$ReadCallback.succeeded(AbstractConnection.java:311)
	at org.eclipse.jetty.io.FillInterest.fillable(FillInterest.java:103)
	at org.eclipse.jetty.io.ChannelEndPoint$2.run(ChannelEndPoint.java:117)
	at org.eclipse.jetty.util.thread.strategy.EatWhatYouKill.runTask(EatWhatYouKill.java:336)
	at org.eclipse.jetty.util.thread.strategy.EatWhatYouKill.doProduce(EatWhatYouKill.java:313)
	at org.eclipse.jetty.util.thread.strategy.EatWhatYouKill.tryProduce(EatWhatYouKill.java:171)
	at org.eclipse.jetty.util.thread.strategy.EatWhatYouKill.produce(EatWhatYouKill.java:135)
	at org.eclipse.jetty.util.thread.QueuedThreadPool.runJob(QueuedThreadPool.java:806)
	at org.eclipse.jetty.util.thread.QueuedThreadPool$Runner.run(QueuedThreadPool.java:938)
	at java.base/java.lang.Thread.run(Thread.java:834)
Caused by: java.io.IOException: Se ha anulado una conexión establecida por el software en su equipo host.
	at java.base/sun.nio.ch.SocketDispatcher.write0(Native Method)
	at java.base/sun.nio.ch.SocketDispatcher.write(SocketDispatcher.java:51)
	at java.base/sun.nio.ch.IOUtil.writeFromNativeBuffer(IOUtil.java:113)
	at java.base/sun.nio.ch.IOUtil.write(IOUtil.java:79)
	at java.base/sun.nio.ch.IOUtil.write(IOUtil.java:50)
	at java.base/sun.nio.ch.SocketChannelImpl.write(SocketChannelImpl.java:466)
	at org.eclipse.jetty.io.ChannelEndPoint.flush(ChannelEndPoint.java:261)
	... 52 common frames omitted
13:18:17.074 [qtp336949043-34] DEBUG org.eclipse.jetty.server.HttpConnection - abort HttpConnection@403e0ca5::NetworkTrafficSocketChannelEndPoint@5b6ed305{/127.0.0.1:64972<->/127.0.0.1:8080,OPEN,fill=-,flush=F,to=7/30000}{io=0/0,kio=0,kro=1}->HttpConnection@403e0ca5[p=HttpParser{s=END,0 of -1},g=HttpGenerator@6de5195c{s=COMPLETING}]=>HttpChannelOverHttp@3689021{s=HttpChannelState@352e1262{s=HANDLING rs=BLOCKING os=ABORTED is=READY awp=false se=false i=true al=0},r=1,c=false/false,a=HANDLING,uri=//localhost:8080/api/v0/components/provision-adapters/awx,age=2118} {}
13:18:17.074 [qtp336949043-34] DEBUG org.eclipse.jetty.io.AbstractEndPoint - close NetworkTrafficSocketChannelEndPoint@5b6ed305{/127.0.0.1:64972<->/127.0.0.1:8080,OPEN,fill=-,flush=F,to=7/30000}{io=0/0,kio=0,kro=1}->HttpConnection@403e0ca5[p=HttpParser{s=END,0 of -1},g=HttpGenerator@6de5195c{s=COMPLETING}]=>HttpChannelOverHttp@3689021{s=HttpChannelState@352e1262{s=HANDLING rs=BLOCKING os=ABORTED is=READY awp=false se=false i=true al=0},r=1,c=false/false,a=HANDLING,uri=//localhost:8080/api/v0/components/provision-adapters/awx,age=2119}
13:18:17.074 [qtp336949043-34] DEBUG org.eclipse.jetty.io.AbstractEndPoint - close(null) NetworkTrafficSocketChannelEndPoint@5b6ed305{/127.0.0.1:64972<->/127.0.0.1:8080,OPEN,fill=-,flush=F,to=7/30000}{io=0/0,kio=0,kro=1}->HttpConnection@403e0ca5[p=HttpParser{s=END,0 of -1},g=HttpGenerator@6de5195c{s=COMPLETING}]=>HttpChannelOverHttp@3689021{s=HttpChannelState@352e1262{s=HANDLING rs=BLOCKING os=ABORTED is=READY awp=false se=false i=true al=0},r=1,c=false/false,a=HANDLING,uri=//localhost:8080/api/v0/components/provision-adapters/awx,age=2119}
13:18:17.074 [qtp336949043-34] DEBUG org.eclipse.jetty.io.ChannelEndPoint - doClose NetworkTrafficSocketChannelEndPoint@5b6ed305{/127.0.0.1:64972<->/127.0.0.1:8080,CLOSED,fill=-,flush=F,to=7/30000}{io=0/0,kio=0,kro=1}->HttpConnection@403e0ca5[p=HttpParser{s=END,0 of -1},g=HttpGenerator@6de5195c{s=COMPLETING}]=>HttpChannelOverHttp@3689021{s=HttpChannelState@352e1262{s=HANDLING rs=BLOCKING os=ABORTED is=READY awp=false se=false i=true al=0},r=1,c=false/false,a=HANDLING,uri=//localhost:8080/api/v0/components/provision-adapters/awx,age=2119}
13:18:17.074 [qtp336949043-34] DEBUG org.eclipse.jetty.io.FillInterest - onClose FillInterest@2acb7559{null}
13:18:17.074 [qtp336949043-34] DEBUG org.eclipse.jetty.io.ManagedSelector - Wakeup ManagedSelector@5efcef8c{STARTED} id=1 keys=2 selected=0 updates=0
13:18:17.074 [qtp336949043-39] DEBUG org.eclipse.jetty.io.ManagedSelector - Selector sun.nio.ch.WindowsSelectorImpl@24f6d469 woken with none selected
13:18:17.075 [qtp336949043-39] DEBUG org.eclipse.jetty.io.ManagedSelector - Selector sun.nio.ch.WindowsSelectorImpl@24f6d469 woken up from select, 0/0/1 selected
13:18:17.075 [qtp336949043-39] DEBUG org.eclipse.jetty.io.ManagedSelector - Selector sun.nio.ch.WindowsSelectorImpl@24f6d469 processing 0 keys, 0 updates
13:18:17.075 [qtp336949043-39] DEBUG org.eclipse.jetty.io.ManagedSelector - updateable 0
13:18:17.075 [qtp336949043-39] DEBUG org.eclipse.jetty.io.ManagedSelector - updates 0
13:18:17.075 [qtp336949043-39] DEBUG org.eclipse.jetty.io.ManagedSelector - Selector sun.nio.ch.WindowsSelectorImpl@24f6d469 waiting with 1 keys
13:18:17.075 [qtp336949043-34] DEBUG org.eclipse.jetty.util.thread.QueuedThreadPool - queue org.eclipse.jetty.io.ManagedSelector$DestroyEndPoint@6b739cb7 startThread=0
13:18:17.075 [qtp336949043-34] DEBUG org.eclipse.jetty.server.HttpOutput - onWriteComplete(true,org.eclipse.jetty.io.EofException) s=CLOSING,api=BLOCKED,sc=false,e=null->s=CLOSED,api=BLOCKING,sc=false,e=null c=null cb=null w=false
13:18:17.075 [qtp336949043-34] DEBUG org.eclipse.jetty.server.Server - handled=true async=false committed=true on HttpChannelOverHttp@3689021{s=HttpChannelState@352e1262{s=HANDLING rs=BLOCKING os=ABORTED is=READY awp=false se=false i=true al=0},r=1,c=false/false,a=HANDLING,uri=//localhost:8080/api/v0/components/provision-adapters/awx,age=2120}
13:18:17.075 [qtp336949043-34] DEBUG org.eclipse.jetty.server.HttpChannelState - unhandle HttpChannelState@352e1262{s=HANDLING rs=BLOCKING os=ABORTED is=READY awp=false se=false i=true al=0}
13:18:17.075 [qtp336949043-34] DEBUG org.eclipse.jetty.server.HttpChannelState - nextAction(false) COMPLETE HttpChannelState@352e1262{s=HANDLING rs=COMPLETING os=ABORTED is=READY awp=false se=false i=false al=0}
13:18:17.075 [qtp336949043-34] DEBUG org.eclipse.jetty.server.HttpChannel - action COMPLETE HttpChannelOverHttp@3689021{s=HttpChannelState@352e1262{s=HANDLING rs=COMPLETING os=ABORTED is=READY awp=false se=false i=false al=0},r=1,c=false/false,a=HANDLING,uri=//localhost:8080/api/v0/components/provision-adapters/awx,age=2120}
13:18:17.075 [qtp336949043-34] DEBUG org.eclipse.jetty.server.HttpOutput - complete(org.eclipse.jetty.util.Callback$4@51091110) s=CLOSED,api=BLOCKING,sc=false,e=null s=true e=null, c=null
13:18:17.075 [qtp336949043-34] DEBUG org.eclipse.jetty.server.HttpChannelState - completed HttpChannelState@352e1262{s=HANDLING rs=COMPLETING os=ABORTED is=READY awp=false se=false i=false al=0}
13:18:17.075 [qtp336949043-34] DEBUG org.eclipse.jetty.server.HttpChannelState - unhandle HttpChannelState@352e1262{s=HANDLING rs=COMPLETED os=ABORTED is=READY awp=false se=false i=false al=0}
13:18:17.075 [qtp336949043-34] DEBUG org.eclipse.jetty.server.HttpChannelState - nextAction(false) TERMINATED HttpChannelState@352e1262{s=IDLE rs=COMPLETED os=ABORTED is=READY awp=false se=false i=false al=0}
13:18:17.075 [qtp336949043-34] DEBUG org.eclipse.jetty.server.HttpChannel - action TERMINATED HttpChannelOverHttp@3689021{s=HttpChannelState@352e1262{s=IDLE rs=COMPLETED os=ABORTED is=READY awp=false se=false i=false al=0},r=1,c=true/false,a=IDLE,uri=//localhost:8080/api/v0/components/provision-adapters/awx,age=2120}
13:18:17.075 [qtp336949043-34] DEBUG org.eclipse.jetty.server.HttpChannel - onCompleted for /api/v0/components/provision-adapters/awx written=0
13:18:17.075 [qtp336949043-34] DEBUG org.eclipse.jetty.server.HttpChannelState - recycle HttpChannelState@352e1262{s=IDLE rs=COMPLETED os=ABORTED is=READY awp=false se=false i=false al=0}
13:18:17.075 [qtp336949043-34] DEBUG org.eclipse.jetty.http.HttpParser - close HttpParser{s=END,0 of -1}
13:18:17.075 [qtp336949043-34] DEBUG org.eclipse.jetty.http.HttpParser - END --> CLOSE
13:18:17.075 [qtp336949043-34] DEBUG org.eclipse.jetty.server.HttpChannel - !handle TERMINATED HttpChannelOverHttp@3689021{s=HttpChannelState@352e1262{s=IDLE rs=BLOCKING os=OPEN is=IDLE awp=false se=false i=true al=0},r=1,c=false/false,a=IDLE,uri=null,age=0}
13:18:17.076 [qtp336949043-34] DEBUG org.eclipse.jetty.server.HttpConnection - HttpConnection@403e0ca5::NetworkTrafficSocketChannelEndPoint@5b6ed305{/127.0.0.1:64972<->/127.0.0.1:8080,CLOSED,fill=-,flush=F,to=9/30000}{io=0/0,kio=-1,kro=-1}->HttpConnection@403e0ca5[p=HttpParser{s=CLOSE,0 of -1},g=HttpGenerator@6de5195c{s=START}]=>HttpChannelOverHttp@3689021{s=HttpChannelState@352e1262{s=IDLE rs=BLOCKING os=OPEN is=IDLE awp=false se=false i=true al=0},r=1,c=false/false,a=IDLE,uri=null,age=0} onFillable exit HttpChannelState@352e1262{s=IDLE rs=BLOCKING os=OPEN is=IDLE awp=false se=false i=true al=0} null
13:18:17.077 [qtp336949043-34] DEBUG org.eclipse.jetty.util.thread.QueuedThreadPool - ran org.eclipse.jetty.io.ManagedSelector$$Lambda$425/0x00000001005fc040@bc4c04d in QueuedThreadPool[qtp336949043]@14156f33{STARTED,8<=8<=14,i=0,r=1,q=0}[ReservedThreadExecutor@264c02c5{s=1/1,p=0}]
13:18:17.077 [qtp336949043-34] DEBUG org.eclipse.jetty.util.thread.QueuedThreadPool - run org.eclipse.jetty.io.ManagedSelector$DestroyEndPoint@6b739cb7 in QueuedThreadPool[qtp336949043]@14156f33{STARTED,8<=8<=14,i=1,r=1,q=0}[ReservedThreadExecutor@264c02c5{s=1/1,p=0}]
13:18:17.078 [qtp336949043-34] DEBUG org.eclipse.jetty.io.ManagedSelector - Destroyed NetworkTrafficSocketChannelEndPoint@5b6ed305{/127.0.0.1:64972<->/127.0.0.1:8080,CLOSED,fill=-,flush=F,to=11/30000}{io=0/0,kio=-1,kro=-1}->HttpConnection@403e0ca5[p=HttpParser{s=CLOSE,0 of -1},g=HttpGenerator@6de5195c{s=START}]=>HttpChannelOverHttp@3689021{s=HttpChannelState@352e1262{s=IDLE rs=BLOCKING os=OPEN is=IDLE awp=false se=false i=true al=0},r=1,c=false/false,a=IDLE,uri=null,age=0}
13:18:17.078 [qtp336949043-34] DEBUG org.eclipse.jetty.io.AbstractConnection - onClose HttpConnection@403e0ca5::NetworkTrafficSocketChannelEndPoint@5b6ed305{/127.0.0.1:64972<->/127.0.0.1:8080,CLOSED,fill=-,flush=F,to=11/30000}{io=0/0,kio=-1,kro=-1}->HttpConnection@403e0ca5[p=HttpParser{s=CLOSE,0 of -1},g=HttpGenerator@6de5195c{s=START}]=>HttpChannelOverHttp@3689021{s=HttpChannelState@352e1262{s=IDLE rs=BLOCKING os=OPEN is=IDLE awp=false se=false i=true al=0},r=1,c=false/false,a=IDLE,uri=null,age=0}
13:18:17.078 [qtp336949043-34] DEBUG org.eclipse.jetty.util.thread.QueuedThreadPool - ran org.eclipse.jetty.io.ManagedSelector$DestroyEndPoint@6b739cb7 in QueuedThreadPool[qtp336949043]@14156f33{STARTED,8<=8<=14,i=1,r=1,q=0}[ReservedThreadExecutor@264c02c5{s=1/1,p=0}]
13:18:17.428 [parallel-3] DEBUG org.springframework.web.reactive.function.client.ExchangeFunctions - [76659ac2] HTTP GET http://localhost:8080/api/v0/components/provision-adapters/awx
13:18:17.431 [reactor-http-nio-4] DEBUG reactor.netty.resources.PooledConnectionProvider - [id: 0x320d7f3f] Created a new pooled channel, now 1 active connections and 0 inactive connections
13:18:17.432 [reactor-http-nio-4] DEBUG reactor.netty.channel.BootstrapHandlers - [id: 0x320d7f3f] Initialized pipeline DefaultChannelPipeline{(BootstrapHandlers$BootstrapInitializerHandler#0 = reactor.netty.channel.BootstrapHandlers$BootstrapInitializerHandler), (PooledConnectionProvider$PooledConnectionAllocator$PooledConnectionInitializer#0 = reactor.netty.resources.PooledConnectionProvider$PooledConnectionAllocator$PooledConnectionInitializer), (reactor.left.httpCodec = io.netty.handler.codec.http.HttpClientCodec), (reactor.right.reactiveBridge = reactor.netty.channel.ChannelOperationsHandler)}
13:18:17.438 [qtp336949043-36-acceptor-1@3bead706-NetworkTrafficServerConnector@2c36df18{HTTP/1.1, (http/1.1)}{0.0.0.0:8080}] DEBUG org.eclipse.jetty.io.ManagedSelector - Queued change org.eclipse.jetty.io.ManagedSelector$Accept@2686fbe4 on ManagedSelector@74341b2c{STARTED} id=0 keys=0 selected=0 updates=0
13:18:17.438 [qtp336949043-36-acceptor-1@3bead706-NetworkTrafficServerConnector@2c36df18{HTTP/1.1, (http/1.1)}{0.0.0.0:8080}] DEBUG org.eclipse.jetty.io.ManagedSelector - Wakeup on submit ManagedSelector@74341b2c{STARTED} id=0 keys=0 selected=0 updates=1
13:18:17.438 [reactor-http-nio-4] DEBUG reactor.netty.resources.PooledConnectionProvider - [id: 0x320d7f3f, L:/127.0.0.1:64973 - R:localhost/127.0.0.1:8080] Registering pool release on close event for channel
13:18:17.438 [reactor-http-nio-4] DEBUG reactor.netty.resources.PooledConnectionProvider - [id: 0x320d7f3f, L:/127.0.0.1:64973 - R:localhost/127.0.0.1:8080] Channel connected, now 1 active connections and 0 inactive connections
13:18:17.438 [reactor-http-nio-4] DEBUG reactor.netty.resources.PooledConnectionProvider - [id: 0x320d7f3f, L:/127.0.0.1:64973 - R:localhost/127.0.0.1:8080] onStateChange(PooledConnection{channel=[id: 0x320d7f3f, L:/127.0.0.1:64973 - R:localhost/127.0.0.1:8080]}, [connected])
13:18:17.439 [reactor-http-nio-4] DEBUG reactor.netty.resources.PooledConnectionProvider - [id: 0x320d7f3f, L:/127.0.0.1:64973 - R:localhost/127.0.0.1:8080] onStateChange(GET{uri=/, connection=PooledConnection{channel=[id: 0x320d7f3f, L:/127.0.0.1:64973 - R:localhost/127.0.0.1:8080]}}, [configured])
13:18:17.439 [qtp336949043-38] DEBUG org.eclipse.jetty.io.ManagedSelector - Selector sun.nio.ch.WindowsSelectorImpl@69c35d72 woken with none selected
13:18:17.439 [reactor-http-nio-4] DEBUG reactor.netty.ReactorNetty - [id: 0x320d7f3f, L:/127.0.0.1:64973 - R:localhost/127.0.0.1:8080] Added decoder [ReadTimeoutHandler] at the end of the user pipeline, full pipeline: [reactor.left.httpCodec, ReadTimeoutHandler, reactor.right.reactiveBridge, DefaultChannelPipeline$TailContext#0]
13:18:17.439 [qtp336949043-38] DEBUG org.eclipse.jetty.io.ManagedSelector - Selector sun.nio.ch.WindowsSelectorImpl@69c35d72 woken up from select, 0/0/0 selected
13:18:17.439 [qtp336949043-38] DEBUG org.eclipse.jetty.io.ManagedSelector - Selector sun.nio.ch.WindowsSelectorImpl@69c35d72 processing 0 keys, 1 updates
13:18:17.439 [qtp336949043-38] DEBUG org.eclipse.jetty.io.ManagedSelector - updateable 1
13:18:17.439 [qtp336949043-38] DEBUG org.eclipse.jetty.io.ManagedSelector - update org.eclipse.jetty.io.ManagedSelector$Accept@2686fbe4
13:18:17.439 [qtp336949043-38] DEBUG org.eclipse.jetty.util.thread.QueuedThreadPool - queue org.eclipse.jetty.io.ManagedSelector$Accept@2686fbe4 startThread=0
13:18:17.439 [qtp336949043-38] DEBUG org.eclipse.jetty.io.ManagedSelector - updates 0
13:18:17.439 [reactor-http-nio-4] DEBUG reactor.netty.ReactorNetty - [id: 0x320d7f3f, L:/127.0.0.1:64973 - R:localhost/127.0.0.1:8080] Added decoder [WriteTimeoutHandler] at the end of the user pipeline, full pipeline: [reactor.left.httpCodec, ReadTimeoutHandler, WriteTimeoutHandler, reactor.right.reactiveBridge, DefaultChannelPipeline$TailContext#0]
13:18:17.439 [reactor-http-nio-4] DEBUG reactor.netty.http.client.HttpClientConnect - [id: 0x320d7f3f, L:/127.0.0.1:64973 - R:localhost/127.0.0.1:8080] Handler is being applied: {uri=http://localhost:8080/api/v0/components/provision-adapters/awx, method=GET}
13:18:17.440 [qtp336949043-38] DEBUG org.eclipse.jetty.io.ManagedSelector - Selector sun.nio.ch.WindowsSelectorImpl@69c35d72 waiting with 1 keys
13:18:17.440 [reactor-http-nio-4] DEBUG reactor.netty.resources.PooledConnectionProvider - [id: 0x320d7f3f, L:/127.0.0.1:64973 - R:localhost/127.0.0.1:8080] onStateChange(GET{uri=/api/v0/components/provision-adapters/awx, connection=PooledConnection{channel=[id: 0x320d7f3f, L:/127.0.0.1:64973 - R:localhost/127.0.0.1:8080]}}, [request_prepared])
13:18:17.455 [qtp336949043-34] DEBUG org.eclipse.jetty.util.thread.QueuedThreadPool - run org.eclipse.jetty.io.ManagedSelector$Accept@2686fbe4 in QueuedThreadPool[qtp336949043]@14156f33{STARTED,8<=8<=14,i=1,r=1,q=0}[ReservedThreadExecutor@264c02c5{s=1/1,p=0}]
13:18:17.455 [qtp336949043-34] DEBUG org.eclipse.jetty.io.IdleTimeout - NetworkTrafficSocketChannelEndPoint@37a139b4{/127.0.0.1:64973<->/127.0.0.1:8080,OPEN,fill=-,flush=-,to=0/30000}{io=0/0,kio=0,kro=0}-><null> idle timeout check, elapsed: 0 ms, remaining: 30000 ms
13:18:17.455 [qtp336949043-34] DEBUG org.eclipse.jetty.server.HttpChannel - new HttpChannelOverHttp@798f7539{s=HttpChannelState@eeed89b{s=IDLE rs=BLOCKING os=OPEN is=IDLE awp=false se=false i=true al=0},r=0,c=false/false,a=IDLE,uri=null,age=0} -> NetworkTrafficSocketChannelEndPoint@37a139b4{/127.0.0.1:64973<->/127.0.0.1:8080,OPEN,fill=-,flush=-,to=0/30000}{io=0/0,kio=0,kro=0}-><null>,null,HttpChannelState@eeed89b{s=IDLE rs=BLOCKING os=OPEN is=IDLE awp=false se=false i=true al=0}
13:18:17.455 [qtp336949043-34] DEBUG org.eclipse.jetty.server.HttpConnection - New HTTP Connection HttpConnection@17f6c9c7::NetworkTrafficSocketChannelEndPoint@37a139b4{/127.0.0.1:64973<->/127.0.0.1:8080,OPEN,fill=-,flush=-,to=0/30000}{io=0/0,kio=0,kro=0}-><null>
13:18:17.456 [qtp336949043-34] DEBUG org.eclipse.jetty.io.AbstractEndPoint - onOpen NetworkTrafficSocketChannelEndPoint@37a139b4{/127.0.0.1:64973<->/127.0.0.1:8080,OPEN,fill=-,flush=-,to=0/30000}{io=0/0,kio=0,kro=0}->HttpConnection@17f6c9c7[p=HttpParser{s=START,0 of -1},g=HttpGenerator@29242e14{s=START}]=>HttpChannelOverHttp@798f7539{s=HttpChannelState@eeed89b{s=IDLE rs=BLOCKING os=OPEN is=IDLE awp=false se=false i=true al=0},r=0,c=false/false,a=IDLE,uri=null,age=0}
13:18:17.456 [qtp336949043-34] DEBUG org.eclipse.jetty.io.AbstractConnection - onOpen HttpConnection@17f6c9c7::NetworkTrafficSocketChannelEndPoint@37a139b4{/127.0.0.1:64973<->/127.0.0.1:8080,OPEN,fill=-,flush=-,to=0/30000}{io=0/0,kio=0,kro=0}->HttpConnection@17f6c9c7[p=HttpParser{s=START,0 of -1},g=HttpGenerator@29242e14{s=START}]=>HttpChannelOverHttp@798f7539{s=HttpChannelState@eeed89b{s=IDLE rs=BLOCKING os=OPEN is=IDLE awp=false se=false i=true al=0},r=0,c=false/false,a=IDLE,uri=null,age=0}
13:18:17.456 [qtp336949043-34] DEBUG org.eclipse.jetty.io.AbstractConnection - fillInterested HttpConnection@17f6c9c7::NetworkTrafficSocketChannelEndPoint@37a139b4{/127.0.0.1:64973<->/127.0.0.1:8080,OPEN,fill=-,flush=-,to=0/30000}{io=0/0,kio=0,kro=0}->HttpConnection@17f6c9c7[p=HttpParser{s=START,0 of -1},g=HttpGenerator@29242e14{s=START}]=>HttpChannelOverHttp@798f7539{s=HttpChannelState@eeed89b{s=IDLE rs=BLOCKING os=OPEN is=IDLE awp=false se=false i=true al=0},r=0,c=false/false,a=IDLE,uri=null,age=0}
13:18:17.456 [qtp336949043-34] DEBUG org.eclipse.jetty.io.FillInterest - interested FillInterest@2b80b0b4{AC.ReadCB@17f6c9c7{HttpConnection@17f6c9c7::NetworkTrafficSocketChannelEndPoint@37a139b4{/127.0.0.1:64973<->/127.0.0.1:8080,OPEN,fill=FI,flush=-,to=0/30000}{io=0/0,kio=0,kro=0}->HttpConnection@17f6c9c7[p=HttpParser{s=START,0 of -1},g=HttpGenerator@29242e14{s=START}]=>HttpChannelOverHttp@798f7539{s=HttpChannelState@eeed89b{s=IDLE rs=BLOCKING os=OPEN is=IDLE awp=false se=false i=true al=0},r=0,c=false/false,a=IDLE,uri=null,age=0}}}
13:18:17.456 [qtp336949043-34] DEBUG org.eclipse.jetty.io.ChannelEndPoint - changeInterests p=false 0->1 for NetworkTrafficSocketChannelEndPoint@37a139b4{/127.0.0.1:64973<->/127.0.0.1:8080,OPEN,fill=FI,flush=-,to=0/30000}{io=0/1,kio=0,kro=0}->HttpConnection@17f6c9c7[p=HttpParser{s=START,0 of -1},g=HttpGenerator@29242e14{s=START}]=>HttpChannelOverHttp@798f7539{s=HttpChannelState@eeed89b{s=IDLE rs=BLOCKING os=OPEN is=IDLE awp=false se=false i=true al=0},r=0,c=false/false,a=IDLE,uri=null,age=0}
13:18:17.456 [qtp336949043-34] DEBUG org.eclipse.jetty.io.ManagedSelector - Queued change org.eclipse.jetty.io.ChannelEndPoint$1@53d28f5f on ManagedSelector@74341b2c{STARTED} id=0 keys=1 selected=0 updates=0
13:18:17.456 [qtp336949043-34] DEBUG org.eclipse.jetty.io.ManagedSelector - Wakeup on submit ManagedSelector@74341b2c{STARTED} id=0 keys=1 selected=0 updates=1
13:18:17.459 [qtp336949043-38] DEBUG org.eclipse.jetty.io.ManagedSelector - Selector sun.nio.ch.WindowsSelectorImpl@69c35d72 woken with none selected
13:18:17.459 [qtp336949043-38] DEBUG org.eclipse.jetty.io.ManagedSelector - Selector sun.nio.ch.WindowsSelectorImpl@69c35d72 woken up from select, 0/0/1 selected
13:18:17.459 [qtp336949043-38] DEBUG org.eclipse.jetty.io.ManagedSelector - Selector sun.nio.ch.WindowsSelectorImpl@69c35d72 processing 0 keys, 1 updates
13:18:17.459 [qtp336949043-38] DEBUG org.eclipse.jetty.io.ManagedSelector - updateable 1
13:18:17.459 [qtp336949043-38] DEBUG org.eclipse.jetty.io.ManagedSelector - update org.eclipse.jetty.io.ChannelEndPoint$1@53d28f5f
13:18:17.459 [qtp336949043-38] DEBUG org.eclipse.jetty.io.ChannelEndPoint - Key interests updated 0 -> 1 on NetworkTrafficSocketChannelEndPoint@37a139b4{/127.0.0.1:64973<->/127.0.0.1:8080,OPEN,fill=FI,flush=-,to=3/30000}{io=1/1,kio=1,kro=0}->HttpConnection@17f6c9c7[p=HttpParser{s=START,0 of -1},g=HttpGenerator@29242e14{s=START}]=>HttpChannelOverHttp@798f7539{s=HttpChannelState@eeed89b{s=IDLE rs=BLOCKING os=OPEN is=IDLE awp=false se=false i=true al=0},r=0,c=false/false,a=IDLE,uri=null,age=0}
13:18:17.459 [qtp336949043-38] DEBUG org.eclipse.jetty.io.ManagedSelector - updates 0
13:18:17.459 [qtp336949043-38] DEBUG org.eclipse.jetty.io.ManagedSelector - Selector sun.nio.ch.WindowsSelectorImpl@69c35d72 waiting with 1 keys
13:18:17.459 [qtp336949043-34] DEBUG org.eclipse.jetty.io.ManagedSelector - Created NetworkTrafficSocketChannelEndPoint@37a139b4{/127.0.0.1:64973<->/127.0.0.1:8080,OPEN,fill=FI,flush=-,to=3/30000}{io=1/1,kio=1,kro=0}->HttpConnection@17f6c9c7[p=HttpParser{s=START,0 of -1},g=HttpGenerator@29242e14{s=START}]=>HttpChannelOverHttp@798f7539{s=HttpChannelState@eeed89b{s=IDLE rs=BLOCKING os=OPEN is=IDLE awp=false se=false i=true al=0},r=0,c=false/false,a=IDLE,uri=null,age=0}
13:18:17.460 [qtp336949043-34] DEBUG org.eclipse.jetty.util.thread.QueuedThreadPool - ran org.eclipse.jetty.io.ManagedSelector$Accept@2686fbe4 in QueuedThreadPool[qtp336949043]@14156f33{STARTED,8<=8<=14,i=1,r=1,q=0}[ReservedThreadExecutor@264c02c5{s=1/1,p=0}]
13:18:17.460 [qtp336949043-38] DEBUG org.eclipse.jetty.io.ManagedSelector - Selector sun.nio.ch.WindowsSelectorImpl@69c35d72 woken up from select, 1/1/1 selected
13:18:17.460 [qtp336949043-38] DEBUG org.eclipse.jetty.io.ManagedSelector - Selector sun.nio.ch.WindowsSelectorImpl@69c35d72 processing 1 keys, 0 updates
13:18:17.460 [qtp336949043-38] DEBUG org.eclipse.jetty.io.ManagedSelector - selected 1 channel=java.nio.channels.SocketChannel[connected local=/127.0.0.1:8080 remote=/127.0.0.1:64973], selector=sun.nio.ch.WindowsSelectorImpl@69c35d72, interestOps=1, readyOps=1 NetworkTrafficSocketChannelEndPoint@37a139b4{/127.0.0.1:64973<->/127.0.0.1:8080,OPEN,fill=FI,flush=-,to=4/30000}{io=1/1,kio=1,kro=1}->HttpConnection@17f6c9c7[p=HttpParser{s=START,0 of -1},g=HttpGenerator@29242e14{s=START}]=>HttpChannelOverHttp@798f7539{s=HttpChannelState@eeed89b{s=IDLE rs=BLOCKING os=OPEN is=IDLE awp=false se=false i=true al=0},r=0,c=false/false,a=IDLE,uri=null,age=0} 
13:18:17.460 [qtp336949043-38] DEBUG org.eclipse.jetty.io.ChannelEndPoint - onSelected 1->0 r=true w=false for NetworkTrafficSocketChannelEndPoint@37a139b4{/127.0.0.1:64973<->/127.0.0.1:8080,OPEN,fill=FI,flush=-,to=4/30000}{io=1/0,kio=1,kro=1}->HttpConnection@17f6c9c7[p=HttpParser{s=START,0 of -1},g=HttpGenerator@29242e14{s=START}]=>HttpChannelOverHttp@798f7539{s=HttpChannelState@eeed89b{s=IDLE rs=BLOCKING os=OPEN is=IDLE awp=false se=false i=true al=0},r=0,c=false/false,a=IDLE,uri=null,age=0}
13:18:17.460 [reactor-http-nio-4] DEBUG reactor.netty.resources.PooledConnectionProvider - [id: 0x320d7f3f, L:/127.0.0.1:64973 - R:localhost/127.0.0.1:8080] onStateChange(GET{uri=/api/v0/components/provision-adapters/awx, connection=PooledConnection{channel=[id: 0x320d7f3f, L:/127.0.0.1:64973 - R:localhost/127.0.0.1:8080]}}, [request_sent])
13:18:17.460 [qtp336949043-38] DEBUG org.eclipse.jetty.io.ChannelEndPoint - task CEP:NetworkTrafficSocketChannelEndPoint@37a139b4{/127.0.0.1:64973<->/127.0.0.1:8080,OPEN,fill=FI,flush=-,to=4/30000}{io=1/0,kio=1,kro=1}->HttpConnection@17f6c9c7[p=HttpParser{s=START,0 of -1},g=HttpGenerator@29242e14{s=START}]=>HttpChannelOverHttp@798f7539{s=HttpChannelState@eeed89b{s=IDLE rs=BLOCKING os=OPEN is=IDLE awp=false se=false i=true al=0},r=0,c=false/false,a=IDLE,uri=null,age=0}:runFillable:BLOCKING
13:18:17.461 [qtp336949043-38] DEBUG org.eclipse.jetty.util.thread.ReservedThreadExecutor - ReservedThreadExecutor@264c02c5{s=1/1,p=0} tryExecute EatWhatYouKill@64411409/SelectorProducer@3a1df2c1/PRODUCING/p=false/QueuedThreadPool[qtp336949043]@14156f33{STARTED,8<=8<=14,i=2,r=1,q=0}[ReservedThreadExecutor@264c02c5{s=1/1,p=0}][pc=0,pic=0,pec=0,epc=1]@2020-09-25T13:18:17.4618392+02:00
13:18:17.461 [qtp336949043-38] DEBUG org.eclipse.jetty.util.thread.ReservedThreadExecutor - ReservedThreadExecutor@264c02c5{s=0/1,p=0}@794bf028 offer EatWhatYouKill@64411409/SelectorProducer@3a1df2c1/PRODUCING/p=false/QueuedThreadPool[qtp336949043]@14156f33{STARTED,8<=8<=14,i=2,r=1,q=0}[ReservedThreadExecutor@264c02c5{s=0/1,p=0}][pc=0,pic=0,pec=0,epc=1]@2020-09-25T13:18:17.4618392+02:00
13:18:17.461 [qtp336949043-38] DEBUG org.eclipse.jetty.util.thread.ReservedThreadExecutor - ReservedThreadExecutor@264c02c5{s=0/1,p=1} startReservedThread p=1
13:18:17.461 [qtp336949043-38] DEBUG org.eclipse.jetty.util.thread.QueuedThreadPool - queue ReservedThreadExecutor@264c02c5{s=0/1,p=1}@5ce13b62 startThread=0
13:18:17.462 [qtp336949043-38] DEBUG org.eclipse.jetty.util.thread.strategy.EatWhatYouKill - EatWhatYouKill@64411409/SelectorProducer@3a1df2c1/IDLE/p=true/QueuedThreadPool[qtp336949043]@14156f33{STARTED,8<=8<=14,i=1,r=1,q=0}[ReservedThreadExecutor@264c02c5{s=0/1,p=1}][pc=0,pic=0,pec=0,epc=1]@2020-09-25T13:18:17.462811+02:00 m=EXECUTE_PRODUCE_CONSUME t=CEP:NetworkTrafficSocketChannelEndPoint@37a139b4{/127.0.0.1:64973<->/127.0.0.1:8080,OPEN,fill=FI,flush=-,to=5/30000}{io=1/0,kio=1,kro=1}->HttpConnection@17f6c9c7[p=HttpParser{s=START,0 of -1},g=HttpGenerator@29242e14{s=START}]=>HttpChannelOverHttp@798f7539{s=HttpChannelState@eeed89b{s=IDLE rs=BLOCKING os=OPEN is=IDLE awp=false se=false i=true al=0},r=0,c=false/false,a=IDLE,uri=null,age=0}:runFillable:BLOCKING/BLOCKING
13:18:17.462 [qtp336949043-38] DEBUG org.eclipse.jetty.io.FillInterest - fillable FillInterest@2b80b0b4{AC.ReadCB@17f6c9c7{HttpConnection@17f6c9c7::NetworkTrafficSocketChannelEndPoint@37a139b4{/127.0.0.1:64973<->/127.0.0.1:8080,OPEN,fill=FI,flush=-,to=6/30000}{io=1/0,kio=1,kro=1}->HttpConnection@17f6c9c7[p=HttpParser{s=START,0 of -1},g=HttpGenerator@29242e14{s=START}]=>HttpChannelOverHttp@798f7539{s=HttpChannelState@eeed89b{s=IDLE rs=BLOCKING os=OPEN is=IDLE awp=false se=false i=true al=0},r=0,c=false/false,a=IDLE,uri=null,age=0}}}
13:18:17.462 [qtp336949043-38] DEBUG org.eclipse.jetty.server.HttpConnection - HttpConnection@17f6c9c7::NetworkTrafficSocketChannelEndPoint@37a139b4{/127.0.0.1:64973<->/127.0.0.1:8080,OPEN,fill=-,flush=-,to=6/30000}{io=1/0,kio=1,kro=1}->HttpConnection@17f6c9c7[p=HttpParser{s=START,0 of -1},g=HttpGenerator@29242e14{s=START}]=>HttpChannelOverHttp@798f7539{s=HttpChannelState@eeed89b{s=IDLE rs=BLOCKING os=OPEN is=IDLE awp=false se=false i=true al=0},r=0,c=false/false,a=IDLE,uri=null,age=0} onFillable enter HttpChannelState@eeed89b{s=IDLE rs=BLOCKING os=OPEN is=IDLE awp=false se=false i=true al=0} null
13:18:17.462 [qtp336949043-38] DEBUG org.eclipse.jetty.io.ChannelEndPoint - filled 157 HeapByteBuffer@1de9b522[p=0,l=157,c=8192,r=157]={<<<GET /api/v0/components/pr...horization: Bearer \r\n\r\n>>>20200408)...\x00\x00\x00\x00\x00\x00\x00}
13:18:17.463 [qtp336949043-38] DEBUG org.eclipse.jetty.server.HttpConnection - HttpConnection@17f6c9c7::NetworkTrafficSocketChannelEndPoint@37a139b4{/127.0.0.1:64973<->/127.0.0.1:8080,OPEN,fill=-,flush=-,to=0/30000}{io=1/0,kio=1,kro=1}->HttpConnection@17f6c9c7[p=HttpParser{s=START,0 of -1},g=HttpGenerator@29242e14{s=START}]=>HttpChannelOverHttp@798f7539{s=HttpChannelState@eeed89b{s=IDLE rs=BLOCKING os=OPEN is=IDLE awp=false se=false i=true al=0},r=0,c=false/false,a=IDLE,uri=null,age=0} filled 157 HeapByteBuffer@1de9b522[p=0,l=157,c=8192,r=157]={<<<GET /api/v0/components/pr...horization: Bearer \r\n\r\n>>>20200408)...\x00\x00\x00\x00\x00\x00\x00}
13:18:17.463 [qtp336949043-38] DEBUG org.eclipse.jetty.server.HttpConnection - HttpConnection@17f6c9c7::NetworkTrafficSocketChannelEndPoint@37a139b4{/127.0.0.1:64973<->/127.0.0.1:8080,OPEN,fill=-,flush=-,to=0/30000}{io=1/0,kio=1,kro=1}->HttpConnection@17f6c9c7[p=HttpParser{s=START,0 of -1},g=HttpGenerator@29242e14{s=START}]=>HttpChannelOverHttp@798f7539{s=HttpChannelState@eeed89b{s=IDLE rs=BLOCKING os=OPEN is=IDLE awp=false se=false i=true al=0},r=0,c=false/false,a=IDLE,uri=null,age=0} parse HeapByteBuffer@1de9b522[p=0,l=157,c=8192,r=157]={<<<GET /api/v0/components/pr...horization: Bearer \r\n\r\n>>>20200408)...\x00\x00\x00\x00\x00\x00\x00} {}
13:18:17.463 [qtp336949043-38] DEBUG org.eclipse.jetty.http.HttpParser - parseNext s=START HeapByteBuffer@1de9b522[p=0,l=157,c=8192,r=157]={<<<GET /api/v0/components/pr...horization: Bearer \r\n\r\n>>>20200408)...\x00\x00\x00\x00\x00\x00\x00}
13:18:17.463 [qtp336949043-38] DEBUG org.eclipse.jetty.http.HttpParser - START --> SPACE1
13:18:17.463 [qtp336949043-38] DEBUG org.eclipse.jetty.http.HttpParser - SPACE1 --> URI
13:18:17.463 [qtp336949043-38] DEBUG org.eclipse.jetty.http.HttpParser - URI --> SPACE2
13:18:17.463 [qtp336949043-38] DEBUG org.eclipse.jetty.http.HttpParser - SPACE2 --> REQUEST_VERSION
13:18:17.463 [qtp336949043-38] DEBUG org.eclipse.jetty.http.HttpParser - REQUEST_VERSION --> HEADER
13:18:17.463 [qtp336949043-38] DEBUG org.eclipse.jetty.http.HttpParser - HEADER:User-Agent --> VALUE
13:18:17.463 [qtp336949043-38] DEBUG org.eclipse.jetty.http.HttpParser - HEADER:User-Agent --> IN_VALUE
13:18:17.463 [qtp336949043-38] DEBUG org.eclipse.jetty.http.HttpParser - HEADER:User-Agent --> FIELD
13:18:17.463 [qtp336949043-38] DEBUG org.eclipse.jetty.http.HttpParser - HEADER:Host --> VALUE
13:18:17.463 [qtp336949043-38] DEBUG org.eclipse.jetty.http.HttpParser - HEADER:Host --> IN_VALUE
13:18:17.463 [qtp336949043-38] DEBUG org.eclipse.jetty.http.HttpParser - HEADER:Host --> FIELD
13:18:17.463 [qtp336949043-38] DEBUG org.eclipse.jetty.http.HttpParser - HEADER:Accept: */* --> IN_VALUE
13:18:17.463 [qtp336949043-38] DEBUG org.eclipse.jetty.http.HttpParser - HEADER:Accept: */* --> FIELD
13:18:17.463 [qtp336949043-38] DEBUG org.eclipse.jetty.http.HttpParser - HEADER:Authorization --> VALUE
13:18:17.463 [qtp336949043-38] DEBUG org.eclipse.jetty.http.HttpParser - HEADER:Authorization --> IN_VALUE
13:18:17.463 [qtp336949043-38] DEBUG org.eclipse.jetty.http.HttpParser - HEADER:Authorization --> FIELD
13:18:17.463 [qtp336949043-38] DEBUG org.eclipse.jetty.http.HttpParser - HEADER --> CONTENT
13:18:17.463 [qtp336949043-38] DEBUG org.eclipse.jetty.server.HttpChannel - REQUEST for //localhost:8080/api/v0/components/provision-adapters/awx on HttpChannelOverHttp@798f7539{s=HttpChannelState@eeed89b{s=IDLE rs=BLOCKING os=OPEN is=IDLE awp=false se=false i=true al=0},r=1,c=false/false,a=IDLE,uri=//localhost:8080/api/v0/components/provision-adapters/awx,age=0}
GET //localhost:8080/api/v0/components/provision-adapters/awx HTTP/1.1
User-Agent: ReactorNetty/0.9.7.RELEASE
Host: localhost:8080
Accept: */*
Authorization: Bearer


13:18:17.464 [qtp336949043-38] DEBUG org.eclipse.jetty.server.HttpConnection - HttpConnection@17f6c9c7::NetworkTrafficSocketChannelEndPoint@37a139b4{/127.0.0.1:64973<->/127.0.0.1:8080,OPEN,fill=-,flush=-,to=1/30000}{io=1/0,kio=1,kro=1}->HttpConnection@17f6c9c7[p=HttpParser{s=CONTENT,0 of -1},g=HttpGenerator@29242e14{s=START}]=>HttpChannelOverHttp@798f7539{s=HttpChannelState@eeed89b{s=IDLE rs=BLOCKING os=OPEN is=IDLE awp=false se=false i=true al=0},r=1,c=false/false,a=IDLE,uri=//localhost:8080/api/v0/components/provision-adapters/awx,age=1} parsed true HttpParser{s=CONTENT,0 of -1}
13:18:17.464 [qtp336949043-38] DEBUG org.eclipse.jetty.server.HttpConnection - releaseRequestBuffer HttpConnection@17f6c9c7::NetworkTrafficSocketChannelEndPoint@37a139b4{/127.0.0.1:64973<->/127.0.0.1:8080,OPEN,fill=-,flush=-,to=1/30000}{io=1/0,kio=1,kro=1}->HttpConnection@17f6c9c7[p=HttpParser{s=CONTENT,0 of -1},g=HttpGenerator@29242e14{s=START}]=>HttpChannelOverHttp@798f7539{s=HttpChannelState@eeed89b{s=IDLE rs=BLOCKING os=OPEN is=IDLE awp=false se=false i=true al=0},r=1,c=false/false,a=IDLE,uri=//localhost:8080/api/v0/components/provision-adapters/awx,age=1}
13:18:17.464 [qtp336949043-38] DEBUG org.eclipse.jetty.server.HttpChannel - handle //localhost:8080/api/v0/components/provision-adapters/awx HttpChannelOverHttp@798f7539{s=HttpChannelState@eeed89b{s=IDLE rs=BLOCKING os=OPEN is=IDLE awp=false se=false i=true al=0},r=1,c=false/false,a=IDLE,uri=//localhost:8080/api/v0/components/provision-adapters/awx,age=1} 
13:18:17.464 [qtp336949043-38] DEBUG org.eclipse.jetty.server.HttpChannelState - handling HttpChannelState@eeed89b{s=IDLE rs=BLOCKING os=OPEN is=IDLE awp=false se=false i=true al=0}
13:18:17.464 [qtp336949043-38] DEBUG org.eclipse.jetty.server.HttpChannel - action DISPATCH HttpChannelOverHttp@798f7539{s=HttpChannelState@eeed89b{s=HANDLING rs=BLOCKING os=OPEN is=IDLE awp=false se=false i=true al=0},r=1,c=false/false,a=HANDLING,uri=//localhost:8080/api/v0/components/provision-adapters/awx,age=1}
13:18:17.464 [qtp336949043-38] DEBUG org.eclipse.jetty.server.Server - REQUEST GET /api/v0/components/provision-adapters/awx on HttpChannelOverHttp@798f7539{s=HttpChannelState@eeed89b{s=HANDLING rs=BLOCKING os=OPEN is=IDLE awp=false se=false i=true al=0},r=1,c=false/false,a=HANDLING,uri=//localhost:8080/api/v0/components/provision-adapters/awx,age=1}
13:18:17.464 [qtp336949043-38] DEBUG org.eclipse.jetty.server.handler.ContextHandler - scope null||/api/v0/components/provision-adapters/awx @ o.e.j.s.ServletContextHandler@58d1a4a5{/__admin,null,AVAILABLE}
13:18:17.464 [qtp336949043-38] DEBUG org.eclipse.jetty.server.handler.gzip.GzipHandler - GzipHandler@74c28093{STARTED,min=32,inflate=-1} handle Request(GET //localhost:8080/api/v0/components/provision-adapters/awx)@66ecb4a4 in null
13:18:17.464 [qtp336949043-38] DEBUG org.eclipse.jetty.server.handler.ContextHandler - scope null||/api/v0/components/provision-adapters/awx @ o.e.j.s.ServletContextHandler@7b8a759f{/,null,AVAILABLE}
13:18:17.464 [qtp336949043-38] DEBUG org.eclipse.jetty.server.handler.ContextHandler - context=||/api/v0/components/provision-adapters/awx @ o.e.j.s.ServletContextHandler@7b8a759f{/,null,AVAILABLE}
13:18:17.464 [qtp336949043-38] DEBUG org.eclipse.jetty.servlet.ServletHandler - servlet |/api/v0/components/provision-adapters/awx|null -> com.github.tomakehurst.wiremock.servlet.WireMockHandlerDispatchingServlet-3bc8fbe0@fc9d58f9==com.github.tomakehurst.wiremock.servlet.WireMockHandlerDispatchingServlet,jsp=null,order=-1,inst=true,async=true
13:18:17.464 [qtp336949043-38] DEBUG org.eclipse.jetty.servlet.ServletHandler - chain=org.eclipse.jetty.servlets.CrossOriginFilter-71d86d06@71d86d06==org.eclipse.jetty.servlets.CrossOriginFilter,inst=true,async=true->com.github.tomakehurst.wiremock.servlet.WireMockHandlerDispatchingServlet-3bc8fbe0@fc9d58f9==com.github.tomakehurst.wiremock.servlet.WireMockHandlerDispatchingServlet,jsp=null,order=-1,inst=true,async=true
13:18:17.465 [qtp336949043-38] DEBUG org.eclipse.jetty.servlet.ServletHandler - call filter org.eclipse.jetty.servlets.CrossOriginFilter-71d86d06@71d86d06==org.eclipse.jetty.servlets.CrossOriginFilter,inst=true,async=true
13:18:17.465 [qtp336949043-38] DEBUG org.eclipse.jetty.servlet.ServletHandler - call servlet com.github.tomakehurst.wiremock.servlet.WireMockHandlerDispatchingServlet-3bc8fbe0@fc9d58f9==com.github.tomakehurst.wiremock.servlet.WireMockHandlerDispatchingServlet,jsp=null,order=-1,inst=true,async=true
13:18:17.465 [qtp336949043-38] DEBUG org.eclipse.jetty.io.ChannelEndPoint - filled 0 HeapByteBuffer@1de9b522[p=0,l=0,c=8192,r=0]={<<<>>>GET /api/...\x00\x00\x00\x00\x00\x00\x00}
13:18:17.465 [qtp336949043-38] DEBUG org.eclipse.jetty.io.ChannelEndPoint - filled 0 HeapByteBuffer@1de9b522[p=0,l=0,c=8192,r=0]={<<<>>>GET /api/...\x00\x00\x00\x00\x00\x00\x00}
13:18:17.466 [qtp336949043-38] DEBUG org.eclipse.jetty.server.HttpConnection - HttpConnection@17f6c9c7::NetworkTrafficSocketChannelEndPoint@37a139b4{/127.0.0.1:64973<->/127.0.0.1:8080,OPEN,fill=-,flush=-,to=3/30000}{io=1/0,kio=1,kro=1}->HttpConnection@17f6c9c7[p=HttpParser{s=CONTENT,0 of -1},g=HttpGenerator@29242e14{s=START}]=>HttpChannelOverHttp@798f7539{s=HttpChannelState@eeed89b{s=HANDLING rs=BLOCKING os=OPEN is=IDLE awp=false se=false i=true al=0},r=1,c=false/false,a=HANDLING,uri=//localhost:8080/api/v0/components/provision-adapters/awx,age=3} filled 0 HeapByteBuffer@1de9b522[p=0,l=0,c=8192,r=0]={<<<>>>GET /api/...\x00\x00\x00\x00\x00\x00\x00}
13:18:17.466 [qtp336949043-38] DEBUG org.eclipse.jetty.server.HttpConnection - HttpConnection@17f6c9c7::NetworkTrafficSocketChannelEndPoint@37a139b4{/127.0.0.1:64973<->/127.0.0.1:8080,OPEN,fill=-,flush=-,to=3/30000}{io=1/0,kio=1,kro=1}->HttpConnection@17f6c9c7[p=HttpParser{s=CONTENT,0 of -1},g=HttpGenerator@29242e14{s=START}]=>HttpChannelOverHttp@798f7539{s=HttpChannelState@eeed89b{s=HANDLING rs=BLOCKING os=OPEN is=IDLE awp=false se=false i=true al=0},r=1,c=false/false,a=HANDLING,uri=//localhost:8080/api/v0/components/provision-adapters/awx,age=3} parse HeapByteBuffer@1de9b522[p=0,l=0,c=8192,r=0]={<<<>>>GET /api/...\x00\x00\x00\x00\x00\x00\x00} {}
13:18:17.466 [qtp336949043-38] DEBUG org.eclipse.jetty.http.HttpParser - parseNext s=CONTENT HeapByteBuffer@1de9b522[p=0,l=0,c=8192,r=0]={<<<>>>GET /api/...\x00\x00\x00\x00\x00\x00\x00}
13:18:17.466 [qtp336949043-38] DEBUG org.eclipse.jetty.http.HttpParser - CONTENT --> CONTENT_END
13:18:17.466 [qtp336949043-38] DEBUG org.eclipse.jetty.server.HttpChannel - onContentComplete HttpChannelOverHttp@798f7539{s=HttpChannelState@eeed89b{s=HANDLING rs=BLOCKING os=OPEN is=IDLE awp=false se=false i=true al=0},r=1,c=false/false,a=HANDLING,uri=//localhost:8080/api/v0/components/provision-adapters/awx,age=3}
13:18:17.466 [qtp336949043-38] DEBUG org.eclipse.jetty.http.HttpParser - CONTENT_END --> END
13:18:17.466 [qtp336949043-38] DEBUG org.eclipse.jetty.server.HttpChannel - onRequestComplete HttpChannelOverHttp@798f7539{s=HttpChannelState@eeed89b{s=HANDLING rs=BLOCKING os=OPEN is=IDLE awp=false se=false i=true al=0},r=1,c=false/false,a=HANDLING,uri=//localhost:8080/api/v0/components/provision-adapters/awx,age=3}
13:18:17.466 [qtp336949043-38] DEBUG org.eclipse.jetty.server.HttpInput - HttpInputOverHTTP@66125abe[c=0,q=0,[0]=null,s=STREAM] addContent EOF
13:18:17.466 [qtp336949043-38] DEBUG org.eclipse.jetty.server.HttpConnection - HttpConnection@17f6c9c7::NetworkTrafficSocketChannelEndPoint@37a139b4{/127.0.0.1:64973<->/127.0.0.1:8080,OPEN,fill=-,flush=-,to=3/30000}{io=1/0,kio=1,kro=1}->HttpConnection@17f6c9c7[p=HttpParser{s=END,0 of -1},g=HttpGenerator@29242e14{s=START}]=>HttpChannelOverHttp@798f7539{s=HttpChannelState@eeed89b{s=HANDLING rs=BLOCKING os=OPEN is=IDLE awp=false se=false i=true al=0},r=1,c=false/false,a=HANDLING,uri=//localhost:8080/api/v0/components/provision-adapters/awx,age=3} parsed false HttpParser{s=END,0 of -1}
13:18:17.466 [qtp336949043-38] DEBUG org.eclipse.jetty.server.HttpConnection - releaseRequestBuffer HttpConnection@17f6c9c7::NetworkTrafficSocketChannelEndPoint@37a139b4{/127.0.0.1:64973<->/127.0.0.1:8080,OPEN,fill=-,flush=-,to=3/30000}{io=1/0,kio=1,kro=1}->HttpConnection@17f6c9c7[p=HttpParser{s=END,0 of -1},g=HttpGenerator@29242e14{s=START}]=>HttpChannelOverHttp@798f7539{s=HttpChannelState@eeed89b{s=HANDLING rs=BLOCKING os=OPEN is=IDLE awp=false se=false i=true al=0},r=1,c=false/false,a=HANDLING,uri=//localhost:8080/api/v0/components/provision-adapters/awx,age=3}
13:18:17.466 [qtp336949043-38] DEBUG org.eclipse.jetty.server.HttpChannelState - onEof HttpChannelState@eeed89b{s=HANDLING rs=BLOCKING os=OPEN is=IDLE awp=false se=false i=true al=0}
13:18:17.492 [qtp336949043-40] DEBUG org.eclipse.jetty.util.thread.ReservedThreadExecutor - ReservedThreadExecutor@264c02c5{s=0/1,p=1}@794bf028 task=EatWhatYouKill@64411409/SelectorProducer@3a1df2c1/IDLE/p=true/QueuedThreadPool[qtp336949043]@14156f33{STARTED,8<=8<=14,i=1,r=1,q=0}[ReservedThreadExecutor@264c02c5{s=0/1,p=1}][pc=0,pic=0,pec=0,epc=2]@2020-09-25T13:18:17.4928154+02:00
13:18:17.492 [qtp336949043-40] DEBUG org.eclipse.jetty.util.thread.strategy.EatWhatYouKill - EatWhatYouKill@64411409/SelectorProducer@3a1df2c1/IDLE/p=true/QueuedThreadPool[qtp336949043]@14156f33{STARTED,8<=8<=14,i=1,r=1,q=0}[ReservedThreadExecutor@264c02c5{s=0/1,p=1}][pc=0,pic=0,pec=0,epc=2]@2020-09-25T13:18:17.4928154+02:00 tryProduce true
13:18:17.492 [qtp336949043-40] DEBUG org.eclipse.jetty.io.ManagedSelector - updateable 0
13:18:17.492 [qtp336949043-40] DEBUG org.eclipse.jetty.io.ManagedSelector - updates 0
13:18:17.492 [qtp336949043-40] DEBUG org.eclipse.jetty.io.ChannelEndPoint - Key interests updated 1 -> 0 on NetworkTrafficSocketChannelEndPoint@37a139b4{/127.0.0.1:64973<->/127.0.0.1:8080,OPEN,fill=-,flush=-,to=29/30000}{io=0/0,kio=0,kro=1}->HttpConnection@17f6c9c7[p=HttpParser{s=END,0 of -1},g=HttpGenerator@29242e14{s=START}]=>HttpChannelOverHttp@798f7539{s=HttpChannelState@eeed89b{s=HANDLING rs=BLOCKING os=OPEN is=READY awp=false se=false i=true al=0},r=1,c=false/false,a=HANDLING,uri=//localhost:8080/api/v0/components/provision-adapters/awx,age=29}
13:18:17.492 [qtp336949043-40] DEBUG org.eclipse.jetty.io.ManagedSelector - Selector sun.nio.ch.WindowsSelectorImpl@69c35d72 waiting with 1 keys
13:18:17.493 [qtp336949043-33] DEBUG org.eclipse.jetty.util.thread.QueuedThreadPool - run ReservedThreadExecutor@264c02c5{s=0/1,p=1}@5ce13b62 in QueuedThreadPool[qtp336949043]@14156f33{STARTED,8<=8<=14,i=1,r=1,q=0}[ReservedThreadExecutor@264c02c5{s=0/1,p=1}]
13:18:17.493 [qtp336949043-33] DEBUG org.eclipse.jetty.util.thread.ReservedThreadExecutor - ReservedThreadExecutor@264c02c5{s=1/1,p=1}@5ce13b62 started
13:18:17.493 [qtp336949043-33] DEBUG org.eclipse.jetty.util.thread.ReservedThreadExecutor - ReservedThreadExecutor@264c02c5{s=1/1,p=0}@5ce13b62 waiting
13:18:19.441 [reactor-http-nio-4] WARN reactor.netty.http.client.HttpClientConnect - [id: 0x320d7f3f, L:/127.0.0.1:64973 - R:localhost/127.0.0.1:8080] The connection observed an error
io.netty.handler.timeout.ReadTimeoutException: null
13:18:19.442 [reactor-http-nio-4] DEBUG org.springframework.web.reactive.function.client.ExchangeFunctions - [76659ac2] Cancel signal (to close connection)
13:18:19.443 [reactor-http-nio-4] DEBUG reactor.netty.resources.PooledConnectionProvider - [id: 0x320d7f3f, L:/127.0.0.1:64973 ! R:localhost/127.0.0.1:8080] Channel closed, now 0 active connections and 0 inactive connections
13:18:19.444 [reactor-http-nio-4] DEBUG reactor.netty.ReactorNetty - [id: 0x320d7f3f, L:/127.0.0.1:64973 ! R:localhost/127.0.0.1:8080] Non Removed handler: ReadTimeoutHandler, context: ChannelHandlerContext(ReadTimeoutHandler, [id: 0x320d7f3f, L:/127.0.0.1:64973 ! R:localhost/127.0.0.1:8080]), pipeline: DefaultChannelPipeline{(reactor.left.httpCodec = io.netty.handler.codec.http.HttpClientCodec), (ReadTimeoutHandler = io.netty.handler.timeout.ReadTimeoutHandler), (WriteTimeoutHandler = io.netty.handler.timeout.WriteTimeoutHandler), (reactor.right.reactiveBridge = reactor.netty.channel.ChannelOperationsHandler)}
13:18:19.444 [reactor-http-nio-4] DEBUG reactor.netty.ReactorNetty - [id: 0x320d7f3f, L:/127.0.0.1:64973 ! R:localhost/127.0.0.1:8080] Non Removed handler: WriteTimeoutHandler, context: ChannelHandlerContext(WriteTimeoutHandler, [id: 0x320d7f3f, L:/127.0.0.1:64973 ! R:localhost/127.0.0.1:8080]), pipeline: DefaultChannelPipeline{(reactor.left.httpCodec = io.netty.handler.codec.http.HttpClientCodec), (ReadTimeoutHandler = io.netty.handler.timeout.ReadTimeoutHandler), (WriteTimeoutHandler = io.netty.handler.timeout.WriteTimeoutHandler), (reactor.right.reactiveBridge = reactor.netty.channel.ChannelOperationsHandler)}
13:18:19.444 [reactor-http-nio-4] DEBUG reactor.netty.resources.PooledConnectionProvider - [id: 0x320d7f3f, L:/127.0.0.1:64973 ! R:localhost/127.0.0.1:8080] onStateChange(GET{uri=/api/v0/components/provision-adapters/awx, connection=PooledConnection{channel=[id: 0x320d7f3f, L:/127.0.0.1:64973 ! R:localhost/127.0.0.1:8080]}}, [disconnecting])
13:18:19.575 [qtp336949043-38] DEBUG org.eclipse.jetty.server.handler.gzip.GzipHandler - GzipHandler@74c28093{STARTED,min=32,inflate=-1} excluded not gzip accept Request(GET //localhost:8080/api/v0/components/provision-adapters/awx)@66ecb4a4
13:18:19.575 [qtp336949043-38] DEBUG org.eclipse.jetty.server.handler.gzip.GzipHttpOutputInterceptor - org.eclipse.jetty.server.handler.gzip.GzipHttpOutputInterceptor@2562d078 exclude no deflater
13:18:19.575 [qtp336949043-38] DEBUG org.eclipse.jetty.server.HttpChannel - sendResponse info=null content=HeapByteBuffer@137d328[p=0,l=0,c=0,r=0]={<<<>>>} complete=false committing=true callback=Blocker@700dd59d{null}
13:18:19.575 [qtp336949043-38] DEBUG org.eclipse.jetty.server.HttpChannel - COMMIT for /api/v0/components/provision-adapters/awx on HttpChannelOverHttp@798f7539{s=HttpChannelState@eeed89b{s=HANDLING rs=BLOCKING os=COMMITTED is=READY awp=false se=false i=true al=0},r=1,c=false/false,a=HANDLING,uri=//localhost:8080/api/v0/components/provision-adapters/awx,age=2112}
200 null HTTP/1.1
Matched-Stub-Id: 2f9bf285-9512-41ed-90c0-5d064ab79188
Vary: Accept-Encoding, User-Agent


13:18:19.575 [qtp336949043-38] DEBUG org.eclipse.jetty.server.HttpConnection - generate: NEED_HEADER for org.eclipse.jetty.server.HttpConnection$SendCallback@734716ac[PROCESSING][i=HTTP/1.1{s=200,h=2,cl=-1},cb=org.eclipse.jetty.server.HttpChannel$SendCallback@7f465d0] (null,[p=0,l=0,c=0,r=0],false)@START
13:18:19.575 [qtp336949043-38] DEBUG org.eclipse.jetty.http.HttpGenerator - generateHeaders HTTP/1.1{s=200,h=2,cl=-1} last=false content=HeapByteBuffer@137d328[p=0,l=0,c=0,r=0]={<<<>>>}
13:18:19.575 [qtp336949043-38] DEBUG org.eclipse.jetty.http.HttpGenerator - Matched-Stub-Id: 2f9bf285-9512-41ed-90c0-5d064ab79188
Vary: Accept-Encoding, User-Agent


13:18:19.575 [qtp336949043-38] DEBUG org.eclipse.jetty.http.HttpGenerator - CHUNKED_CONTENT
13:18:19.576 [qtp336949043-38] DEBUG org.eclipse.jetty.server.HttpConnection - generate: FLUSH for org.eclipse.jetty.server.HttpConnection$SendCallback@734716ac[PROCESSING][i=HTTP/1.1{s=200,h=2,cl=-1},cb=org.eclipse.jetty.server.HttpChannel$SendCallback@7f465d0] ([p=0,l=170,c=8192,r=170],[p=0,l=0,c=0,r=0],false)@COMMITTED
13:18:19.576 [qtp336949043-38] DEBUG org.eclipse.jetty.io.WriteFlusher - write: WriteFlusher@34a68446{IDLE}->null [HeapByteBuffer@1de9b522[p=0,l=170,c=8192,r=170]={<<<HTTP/1.1 200 OK\r\nMatched-...y(9.4.28.v20200408)\r\n\r\n>>>/4.5.12 (...\x00\x00\x00\x00\x00\x00\x00}]
13:18:19.576 [qtp336949043-38] DEBUG org.eclipse.jetty.io.WriteFlusher - update WriteFlusher@34a68446{WRITING}->null:IDLE-->WRITING
13:18:19.576 [qtp336949043-38] DEBUG org.eclipse.jetty.io.ChannelEndPoint - flushed 170 NetworkTrafficSocketChannelEndPoint@37a139b4{/127.0.0.1:64973<->/127.0.0.1:8080,OPEN,fill=-,flush=W,to=2113/30000}{io=0/0,kio=0,kro=1}->HttpConnection@17f6c9c7[p=HttpParser{s=END,0 of -1},g=HttpGenerator@29242e14{s=COMMITTED}]=>HttpChannelOverHttp@798f7539{s=HttpChannelState@eeed89b{s=HANDLING rs=BLOCKING os=COMMITTED is=READY awp=false se=false i=true al=0},r=1,c=false/false,a=HANDLING,uri=//localhost:8080/api/v0/components/provision-adapters/awx,age=2113}
13:18:19.576 [qtp336949043-38] DEBUG org.eclipse.jetty.io.WriteFlusher - Flushed=true written=170 remaining=0 WriteFlusher@34a68446{WRITING}->null
13:18:19.577 [qtp336949043-38] DEBUG org.eclipse.jetty.io.WriteFlusher - update WriteFlusher@34a68446{IDLE}->null:WRITING-->IDLE
13:18:19.577 [qtp336949043-38] DEBUG org.eclipse.jetty.server.HttpConnection - generate: DONE for org.eclipse.jetty.server.HttpConnection$SendCallback@734716ac[PROCESSING][i=HTTP/1.1{s=200,h=2,cl=-1},cb=org.eclipse.jetty.server.HttpChannel$SendCallback@7f465d0] ([p=170,l=170,c=8192,r=0],[p=0,l=0,c=0,r=0],false)@COMMITTED
13:18:19.577 [qtp336949043-38] DEBUG org.eclipse.jetty.server.HttpOutput - onWriteComplete(false,null) s=OPEN,api=BLOCKED,sc=false,e=null->s=OPEN,api=BLOCKING,sc=false,e=null c=null cb=null w=false
13:18:19.577 [qtp336949043-38] DEBUG org.eclipse.jetty.server.HttpOutput - close() s=CLOSING,api=BLOCKED,sc=false,e=null c=HeapByteBuffer@137d328[p=0,l=0,c=0,r=0]={<<<>>>} b=Blocker@700dd59d{null}
13:18:19.577 [qtp336949043-38] DEBUG org.eclipse.jetty.server.HttpChannel - sendResponse info=null content=HeapByteBuffer@137d328[p=0,l=0,c=0,r=0]={<<<>>>} complete=true committing=false callback=Blocker@700dd59d{null}
13:18:19.577 [qtp336949043-38] DEBUG org.eclipse.jetty.server.HttpConnection - generate: CONTINUE for org.eclipse.jetty.server.HttpConnection$SendCallback@734716ac[PROCESSING][i=null,cb=org.eclipse.jetty.server.HttpChannel$SendCallback@2a991e72] (null,[p=0,l=0,c=0,r=0],true)@COMPLETING
13:18:19.577 [qtp336949043-38] DEBUG org.eclipse.jetty.server.HttpConnection - generate: NEED_CHUNK for org.eclipse.jetty.server.HttpConnection$SendCallback@734716ac[PROCESSING][i=null,cb=org.eclipse.jetty.server.HttpChannel$SendCallback@2a991e72] (null,[p=0,l=0,c=0,r=0],true)@COMPLETING
13:18:19.577 [qtp336949043-38] DEBUG org.eclipse.jetty.server.HttpConnection - generate: FLUSH for org.eclipse.jetty.server.HttpConnection$SendCallback@734716ac[PROCESSING][i=null,cb=org.eclipse.jetty.server.HttpChannel$SendCallback@2a991e72] (null,[p=0,l=0,c=0,r=0],true)@COMPLETING
13:18:19.577 [qtp336949043-38] DEBUG org.eclipse.jetty.io.WriteFlusher - write: WriteFlusher@34a68446{IDLE}->null [HeapByteBuffer@58fb379d[p=0,l=5,c=1024,r=5]={<<<0\r\n\r\n>>>\r\n\x00\x00\x00\x00\x00\x00\x00...\x00\x00\x00\x00\x00\x00\x00}]
13:18:19.577 [qtp336949043-38] DEBUG org.eclipse.jetty.io.WriteFlusher - update WriteFlusher@34a68446{WRITING}->null:IDLE-->WRITING
13:18:19.578 [qtp336949043-38] DEBUG org.eclipse.jetty.io.WriteFlusher - write exception
org.eclipse.jetty.io.EofException: null
	at org.eclipse.jetty.io.ChannelEndPoint.flush(ChannelEndPoint.java:283)
	at org.eclipse.jetty.io.NetworkTrafficSocketChannelEndPoint.flush(NetworkTrafficSocketChannelEndPoint.java:66)
	at org.eclipse.jetty.io.WriteFlusher.flush(WriteFlusher.java:422)
	at org.eclipse.jetty.io.WriteFlusher.write(WriteFlusher.java:277)
	at org.eclipse.jetty.io.AbstractEndPoint.write(AbstractEndPoint.java:381)
	at org.eclipse.jetty.server.HttpConnection$SendCallback.process(HttpConnection.java:830)
	at org.eclipse.jetty.util.IteratingCallback.processing(IteratingCallback.java:241)
	at org.eclipse.jetty.util.IteratingCallback.iterate(IteratingCallback.java:223)
	at org.eclipse.jetty.server.HttpConnection.send(HttpConnection.java:549)
	at org.eclipse.jetty.server.HttpChannel.sendResponse(HttpChannel.java:829)
	at org.eclipse.jetty.server.HttpChannel.write(HttpChannel.java:901)
	at org.eclipse.jetty.server.handler.gzip.GzipHttpOutputInterceptor.write(GzipHttpOutputInterceptor.java:112)
	at org.eclipse.jetty.server.HttpOutput.channelWrite(HttpOutput.java:283)
	at org.eclipse.jetty.server.HttpOutput.close(HttpOutput.java:602)
	at com.github.tomakehurst.wiremock.servlet.WireMockHandlerDispatchingServlet.writeAndTranslateExceptions(WireMockHandlerDispatchingServlet.java:235)
	at com.github.tomakehurst.wiremock.servlet.WireMockHandlerDispatchingServlet.applyResponse(WireMockHandlerDispatchingServlet.java:223)
	at com.github.tomakehurst.wiremock.servlet.WireMockHandlerDispatchingServlet$ServletHttpResponder.respondTo(WireMockHandlerDispatchingServlet.java:183)
	at com.github.tomakehurst.wiremock.servlet.WireMockHandlerDispatchingServlet$ServletHttpResponder.respondSync(WireMockHandlerDispatchingServlet.java:150)
	at com.github.tomakehurst.wiremock.servlet.WireMockHandlerDispatchingServlet$ServletHttpResponder.respond(WireMockHandlerDispatchingServlet.java:144)
	at com.github.tomakehurst.wiremock.http.AbstractRequestHandler.handle(AbstractRequestHandler.java:90)
	at com.github.tomakehurst.wiremock.servlet.WireMockHandlerDispatchingServlet.service(WireMockHandlerDispatchingServlet.java:120)
	at javax.servlet.http.HttpServlet.service(HttpServlet.java:750)
	at org.eclipse.jetty.servlet.ServletHolder.handle(ServletHolder.java:763)
	at org.eclipse.jetty.servlet.ServletHandler$CachedChain.doFilter(ServletHandler.java:1631)
	at org.eclipse.jetty.servlets.CrossOriginFilter.handle(CrossOriginFilter.java:319)
	at org.eclipse.jetty.servlets.CrossOriginFilter.doFilter(CrossOriginFilter.java:273)
	at org.eclipse.jetty.servlet.ServletHandler$CachedChain.doFilter(ServletHandler.java:1618)
	at org.eclipse.jetty.servlet.ServletHandler.doHandle(ServletHandler.java:549)
	at org.eclipse.jetty.server.handler.ScopedHandler.nextHandle(ScopedHandler.java:233)
	at org.eclipse.jetty.server.handler.ContextHandler.doHandle(ContextHandler.java:1363)
	at org.eclipse.jetty.server.handler.ScopedHandler.nextScope(ScopedHandler.java:188)
	at org.eclipse.jetty.servlet.ServletHandler.doScope(ServletHandler.java:489)
	at org.eclipse.jetty.server.handler.ScopedHandler.nextScope(ScopedHandler.java:186)
	at org.eclipse.jetty.server.handler.ContextHandler.doScope(ContextHandler.java:1278)
	at org.eclipse.jetty.server.handler.ScopedHandler.handle(ScopedHandler.java:141)
	at org.eclipse.jetty.server.handler.gzip.GzipHandler.handle(GzipHandler.java:767)
	at org.eclipse.jetty.server.handler.HandlerCollection.handle(HandlerCollection.java:146)
	at org.eclipse.jetty.server.handler.HandlerWrapper.handle(HandlerWrapper.java:127)
	at org.eclipse.jetty.server.Server.handle(Server.java:500)
	at org.eclipse.jetty.server.HttpChannel.lambda$handle$1(HttpChannel.java:383)
	at org.eclipse.jetty.server.HttpChannel.dispatch(HttpChannel.java:547)
	at org.eclipse.jetty.server.HttpChannel.handle(HttpChannel.java:375)
	at org.eclipse.jetty.server.HttpConnection.onFillable(HttpConnection.java:273)
	at org.eclipse.jetty.io.AbstractConnection$ReadCallback.succeeded(AbstractConnection.java:311)
	at org.eclipse.jetty.io.FillInterest.fillable(FillInterest.java:103)
	at org.eclipse.jetty.io.ChannelEndPoint$2.run(ChannelEndPoint.java:117)
	at org.eclipse.jetty.util.thread.strategy.EatWhatYouKill.runTask(EatWhatYouKill.java:336)
	at org.eclipse.jetty.util.thread.strategy.EatWhatYouKill.doProduce(EatWhatYouKill.java:313)
	at org.eclipse.jetty.util.thread.strategy.EatWhatYouKill.tryProduce(EatWhatYouKill.java:171)
	at org.eclipse.jetty.util.thread.strategy.EatWhatYouKill.run(EatWhatYouKill.java:129)
	at org.eclipse.jetty.util.thread.ReservedThreadExecutor$ReservedThread.run(ReservedThreadExecutor.java:375)
	at org.eclipse.jetty.util.thread.QueuedThreadPool.runJob(QueuedThreadPool.java:806)
	at org.eclipse.jetty.util.thread.QueuedThreadPool$Runner.run(QueuedThreadPool.java:938)
	at java.base/java.lang.Thread.run(Thread.java:834)
Caused by: java.io.IOException: Se ha anulado una conexión establecida por el software en su equipo host.
	at java.base/sun.nio.ch.SocketDispatcher.write0(Native Method)
	at java.base/sun.nio.ch.SocketDispatcher.write(SocketDispatcher.java:51)
	at java.base/sun.nio.ch.IOUtil.writeFromNativeBuffer(IOUtil.java:113)
	at java.base/sun.nio.ch.IOUtil.write(IOUtil.java:79)
	at java.base/sun.nio.ch.IOUtil.write(IOUtil.java:50)
	at java.base/sun.nio.ch.SocketChannelImpl.write(SocketChannelImpl.java:466)
	at org.eclipse.jetty.io.ChannelEndPoint.flush(ChannelEndPoint.java:261)
	... 53 common frames omitted
13:18:19.579 [qtp336949043-38] DEBUG org.eclipse.jetty.io.WriteFlusher - update WriteFlusher@34a68446{FAILED}->null:WRITING-->FAILED
13:18:19.580 [qtp336949043-38] DEBUG org.eclipse.jetty.server.HttpChannel - Commit failed
org.eclipse.jetty.io.EofException: null
	at org.eclipse.jetty.io.ChannelEndPoint.flush(ChannelEndPoint.java:283)
	at org.eclipse.jetty.io.NetworkTrafficSocketChannelEndPoint.flush(NetworkTrafficSocketChannelEndPoint.java:66)
	at org.eclipse.jetty.io.WriteFlusher.flush(WriteFlusher.java:422)
	at org.eclipse.jetty.io.WriteFlusher.write(WriteFlusher.java:277)
	at org.eclipse.jetty.io.AbstractEndPoint.write(AbstractEndPoint.java:381)
	at org.eclipse.jetty.server.HttpConnection$SendCallback.process(HttpConnection.java:830)
	at org.eclipse.jetty.util.IteratingCallback.processing(IteratingCallback.java:241)
	at org.eclipse.jetty.util.IteratingCallback.iterate(IteratingCallback.java:223)
	at org.eclipse.jetty.server.HttpConnection.send(HttpConnection.java:549)
	at org.eclipse.jetty.server.HttpChannel.sendResponse(HttpChannel.java:829)
	at org.eclipse.jetty.server.HttpChannel.write(HttpChannel.java:901)
	at org.eclipse.jetty.server.handler.gzip.GzipHttpOutputInterceptor.write(GzipHttpOutputInterceptor.java:112)
	at org.eclipse.jetty.server.HttpOutput.channelWrite(HttpOutput.java:283)
	at org.eclipse.jetty.server.HttpOutput.close(HttpOutput.java:602)
	at com.github.tomakehurst.wiremock.servlet.WireMockHandlerDispatchingServlet.writeAndTranslateExceptions(WireMockHandlerDispatchingServlet.java:235)
	at com.github.tomakehurst.wiremock.servlet.WireMockHandlerDispatchingServlet.applyResponse(WireMockHandlerDispatchingServlet.java:223)
	at com.github.tomakehurst.wiremock.servlet.WireMockHandlerDispatchingServlet$ServletHttpResponder.respondTo(WireMockHandlerDispatchingServlet.java:183)
	at com.github.tomakehurst.wiremock.servlet.WireMockHandlerDispatchingServlet$ServletHttpResponder.respondSync(WireMockHandlerDispatchingServlet.java:150)
	at com.github.tomakehurst.wiremock.servlet.WireMockHandlerDispatchingServlet$ServletHttpResponder.respond(WireMockHandlerDispatchingServlet.java:144)
	at com.github.tomakehurst.wiremock.http.AbstractRequestHandler.handle(AbstractRequestHandler.java:90)
	at com.github.tomakehurst.wiremock.servlet.WireMockHandlerDispatchingServlet.service(WireMockHandlerDispatchingServlet.java:120)
	at javax.servlet.http.HttpServlet.service(HttpServlet.java:750)
	at org.eclipse.jetty.servlet.ServletHolder.handle(ServletHolder.java:763)
	at org.eclipse.jetty.servlet.ServletHandler$CachedChain.doFilter(ServletHandler.java:1631)
	at org.eclipse.jetty.servlets.CrossOriginFilter.handle(CrossOriginFilter.java:319)
	at org.eclipse.jetty.servlets.CrossOriginFilter.doFilter(CrossOriginFilter.java:273)
	at org.eclipse.jetty.servlet.ServletHandler$CachedChain.doFilter(ServletHandler.java:1618)
	at org.eclipse.jetty.servlet.ServletHandler.doHandle(ServletHandler.java:549)
	at org.eclipse.jetty.server.handler.ScopedHandler.nextHandle(ScopedHandler.java:233)
	at org.eclipse.jetty.server.handler.ContextHandler.doHandle(ContextHandler.java:1363)
	at org.eclipse.jetty.server.handler.ScopedHandler.nextScope(ScopedHandler.java:188)
	at org.eclipse.jetty.servlet.ServletHandler.doScope(ServletHandler.java:489)
	at org.eclipse.jetty.server.handler.ScopedHandler.nextScope(ScopedHandler.java:186)
	at org.eclipse.jetty.server.handler.ContextHandler.doScope(ContextHandler.java:1278)
	at org.eclipse.jetty.server.handler.ScopedHandler.handle(ScopedHandler.java:141)
	at org.eclipse.jetty.server.handler.gzip.GzipHandler.handle(GzipHandler.java:767)
	at org.eclipse.jetty.server.handler.HandlerCollection.handle(HandlerCollection.java:146)
	at org.eclipse.jetty.server.handler.HandlerWrapper.handle(HandlerWrapper.java:127)
	at org.eclipse.jetty.server.Server.handle(Server.java:500)
	at org.eclipse.jetty.server.HttpChannel.lambda$handle$1(HttpChannel.java:383)
	at org.eclipse.jetty.server.HttpChannel.dispatch(HttpChannel.java:547)
	at org.eclipse.jetty.server.HttpChannel.handle(HttpChannel.java:375)
	at org.eclipse.jetty.server.HttpConnection.onFillable(HttpConnection.java:273)
	at org.eclipse.jetty.io.AbstractConnection$ReadCallback.succeeded(AbstractConnection.java:311)
	at org.eclipse.jetty.io.FillInterest.fillable(FillInterest.java:103)
	at org.eclipse.jetty.io.ChannelEndPoint$2.run(ChannelEndPoint.java:117)
	at org.eclipse.jetty.util.thread.strategy.EatWhatYouKill.runTask(EatWhatYouKill.java:336)
	at org.eclipse.jetty.util.thread.strategy.EatWhatYouKill.doProduce(EatWhatYouKill.java:313)
	at org.eclipse.jetty.util.thread.strategy.EatWhatYouKill.tryProduce(EatWhatYouKill.java:171)
	at org.eclipse.jetty.util.thread.strategy.EatWhatYouKill.run(EatWhatYouKill.java:129)
	at org.eclipse.jetty.util.thread.ReservedThreadExecutor$ReservedThread.run(ReservedThreadExecutor.java:375)
	at org.eclipse.jetty.util.thread.QueuedThreadPool.runJob(QueuedThreadPool.java:806)
	at org.eclipse.jetty.util.thread.QueuedThreadPool$Runner.run(QueuedThreadPool.java:938)
	at java.base/java.lang.Thread.run(Thread.java:834)
Caused by: java.io.IOException: Se ha anulado una conexión establecida por el software en su equipo host.
	at java.base/sun.nio.ch.SocketDispatcher.write0(Native Method)
	at java.base/sun.nio.ch.SocketDispatcher.write(SocketDispatcher.java:51)
	at java.base/sun.nio.ch.IOUtil.writeFromNativeBuffer(IOUtil.java:113)
	at java.base/sun.nio.ch.IOUtil.write(IOUtil.java:79)
	at java.base/sun.nio.ch.IOUtil.write(IOUtil.java:50)
	at java.base/sun.nio.ch.SocketChannelImpl.write(SocketChannelImpl.java:466)
	at org.eclipse.jetty.io.ChannelEndPoint.flush(ChannelEndPoint.java:261)
	... 53 common frames omitted
13:18:19.581 [qtp336949043-38] DEBUG org.eclipse.jetty.server.HttpConnection - abort HttpConnection@17f6c9c7::NetworkTrafficSocketChannelEndPoint@37a139b4{/127.0.0.1:64973<->/127.0.0.1:8080,OPEN,fill=-,flush=F,to=4/30000}{io=0/0,kio=0,kro=1}->HttpConnection@17f6c9c7[p=HttpParser{s=END,0 of -1},g=HttpGenerator@29242e14{s=COMPLETING}]=>HttpChannelOverHttp@798f7539{s=HttpChannelState@eeed89b{s=HANDLING rs=BLOCKING os=ABORTED is=READY awp=false se=false i=true al=0},r=1,c=false/false,a=HANDLING,uri=//localhost:8080/api/v0/components/provision-adapters/awx,age=2118} {}
13:18:19.581 [qtp336949043-38] DEBUG org.eclipse.jetty.io.AbstractEndPoint - close NetworkTrafficSocketChannelEndPoint@37a139b4{/127.0.0.1:64973<->/127.0.0.1:8080,OPEN,fill=-,flush=F,to=4/30000}{io=0/0,kio=0,kro=1}->HttpConnection@17f6c9c7[p=HttpParser{s=END,0 of -1},g=HttpGenerator@29242e14{s=COMPLETING}]=>HttpChannelOverHttp@798f7539{s=HttpChannelState@eeed89b{s=HANDLING rs=BLOCKING os=ABORTED is=READY awp=false se=false i=true al=0},r=1,c=false/false,a=HANDLING,uri=//localhost:8080/api/v0/components/provision-adapters/awx,age=2118}
13:18:19.581 [qtp336949043-38] DEBUG org.eclipse.jetty.io.AbstractEndPoint - close(null) NetworkTrafficSocketChannelEndPoint@37a139b4{/127.0.0.1:64973<->/127.0.0.1:8080,OPEN,fill=-,flush=F,to=4/30000}{io=0/0,kio=0,kro=1}->HttpConnection@17f6c9c7[p=HttpParser{s=END,0 of -1},g=HttpGenerator@29242e14{s=COMPLETING}]=>HttpChannelOverHttp@798f7539{s=HttpChannelState@eeed89b{s=HANDLING rs=BLOCKING os=ABORTED is=READY awp=false se=false i=true al=0},r=1,c=false/false,a=HANDLING,uri=//localhost:8080/api/v0/components/provision-adapters/awx,age=2118}
13:18:19.581 [qtp336949043-38] DEBUG org.eclipse.jetty.io.ChannelEndPoint - doClose NetworkTrafficSocketChannelEndPoint@37a139b4{/127.0.0.1:64973<->/127.0.0.1:8080,CLOSED,fill=-,flush=F,to=5/30000}{io=0/0,kio=0,kro=1}->HttpConnection@17f6c9c7[p=HttpParser{s=END,0 of -1},g=HttpGenerator@29242e14{s=COMPLETING}]=>HttpChannelOverHttp@798f7539{s=HttpChannelState@eeed89b{s=HANDLING rs=BLOCKING os=ABORTED is=READY awp=false se=false i=true al=0},r=1,c=false/false,a=HANDLING,uri=//localhost:8080/api/v0/components/provision-adapters/awx,age=2118}
13:18:19.582 [qtp336949043-38] DEBUG org.eclipse.jetty.io.FillInterest - onClose FillInterest@2b80b0b4{null}
13:18:19.582 [qtp336949043-38] DEBUG org.eclipse.jetty.io.ManagedSelector - Wakeup ManagedSelector@74341b2c{STARTED} id=0 keys=1 selected=0 updates=0
13:18:19.582 [qtp336949043-38] DEBUG org.eclipse.jetty.util.thread.QueuedThreadPool - queue org.eclipse.jetty.io.ManagedSelector$DestroyEndPoint@61a08ffb startThread=0
13:18:19.582 [qtp336949043-40] DEBUG org.eclipse.jetty.io.ManagedSelector - Selector sun.nio.ch.WindowsSelectorImpl@69c35d72 woken with none selected
13:18:19.582 [qtp336949043-40] DEBUG org.eclipse.jetty.io.ManagedSelector - Selector sun.nio.ch.WindowsSelectorImpl@69c35d72 woken up from select, 0/0/0 selected
13:18:19.582 [qtp336949043-40] DEBUG org.eclipse.jetty.io.ManagedSelector - Selector sun.nio.ch.WindowsSelectorImpl@69c35d72 processing 0 keys, 0 updates
13:18:19.582 [qtp336949043-38] DEBUG org.eclipse.jetty.server.HttpOutput - onWriteComplete(true,org.eclipse.jetty.io.EofException) s=CLOSING,api=BLOCKED,sc=false,e=null->s=CLOSED,api=BLOCKING,sc=false,e=null c=null cb=null w=false
13:18:19.582 [qtp336949043-40] DEBUG org.eclipse.jetty.io.ManagedSelector - updateable 0
13:18:19.582 [qtp336949043-40] DEBUG org.eclipse.jetty.io.ManagedSelector - updates 0
13:18:19.582 [qtp336949043-40] DEBUG org.eclipse.jetty.io.ManagedSelector - Selector sun.nio.ch.WindowsSelectorImpl@69c35d72 waiting with 0 keys
13:18:19.582 [qtp336949043-38] DEBUG org.eclipse.jetty.server.Server - handled=true async=false committed=true on HttpChannelOverHttp@798f7539{s=HttpChannelState@eeed89b{s=HANDLING rs=BLOCKING os=ABORTED is=READY awp=false se=false i=true al=0},r=1,c=false/false,a=HANDLING,uri=//localhost:8080/api/v0/components/provision-adapters/awx,age=2119}
13:18:19.582 [qtp336949043-38] DEBUG org.eclipse.jetty.server.HttpChannelState - unhandle HttpChannelState@eeed89b{s=HANDLING rs=BLOCKING os=ABORTED is=READY awp=false se=false i=true al=0}
13:18:19.582 [qtp336949043-38] DEBUG org.eclipse.jetty.server.HttpChannelState - nextAction(false) COMPLETE HttpChannelState@eeed89b{s=HANDLING rs=COMPLETING os=ABORTED is=READY awp=false se=false i=false al=0}
13:18:19.582 [qtp336949043-38] DEBUG org.eclipse.jetty.server.HttpChannel - action COMPLETE HttpChannelOverHttp@798f7539{s=HttpChannelState@eeed89b{s=HANDLING rs=COMPLETING os=ABORTED is=READY awp=false se=false i=false al=0},r=1,c=false/false,a=HANDLING,uri=//localhost:8080/api/v0/components/provision-adapters/awx,age=2119}
13:18:19.582 [qtp336949043-38] DEBUG org.eclipse.jetty.server.HttpOutput - complete(org.eclipse.jetty.util.Callback$4@455ebcfa) s=CLOSED,api=BLOCKING,sc=false,e=null s=true e=null, c=null
13:18:19.582 [qtp336949043-34] DEBUG org.eclipse.jetty.util.thread.QueuedThreadPool - run org.eclipse.jetty.io.ManagedSelector$DestroyEndPoint@61a08ffb in QueuedThreadPool[qtp336949043]@14156f33{STARTED,8<=8<=14,i=0,r=1,q=0}[ReservedThreadExecutor@264c02c5{s=1/1,p=0}]
13:18:19.582 [qtp336949043-38] DEBUG org.eclipse.jetty.server.HttpChannelState - completed HttpChannelState@eeed89b{s=HANDLING rs=COMPLETING os=ABORTED is=READY awp=false se=false i=false al=0}
13:18:19.582 [qtp336949043-38] DEBUG org.eclipse.jetty.server.HttpChannelState - unhandle HttpChannelState@eeed89b{s=HANDLING rs=COMPLETED os=ABORTED is=READY awp=false se=false i=false al=0}
13:18:19.582 [qtp336949043-38] DEBUG org.eclipse.jetty.server.HttpChannelState - nextAction(false) TERMINATED HttpChannelState@eeed89b{s=IDLE rs=COMPLETED os=ABORTED is=READY awp=false se=false i=false al=0}
13:18:19.582 [qtp336949043-38] DEBUG org.eclipse.jetty.server.HttpChannel - action TERMINATED HttpChannelOverHttp@798f7539{s=HttpChannelState@eeed89b{s=IDLE rs=COMPLETED os=ABORTED is=READY awp=false se=false i=false al=0},r=1,c=true/false,a=IDLE,uri=//localhost:8080/api/v0/components/provision-adapters/awx,age=2119}
13:18:19.582 [qtp336949043-38] DEBUG org.eclipse.jetty.server.HttpChannel - onCompleted for /api/v0/components/provision-adapters/awx written=0
13:18:19.583 [qtp336949043-38] DEBUG org.eclipse.jetty.server.HttpChannelState - recycle HttpChannelState@eeed89b{s=IDLE rs=COMPLETED os=ABORTED is=READY awp=false se=false i=false al=0}
13:18:19.583 [qtp336949043-38] DEBUG org.eclipse.jetty.http.HttpParser - close HttpParser{s=END,0 of -1}
13:18:19.583 [qtp336949043-38] DEBUG org.eclipse.jetty.http.HttpParser - END --> CLOSE
13:18:19.583 [qtp336949043-38] DEBUG org.eclipse.jetty.server.HttpChannel - !handle TERMINATED HttpChannelOverHttp@798f7539{s=HttpChannelState@eeed89b{s=IDLE rs=BLOCKING os=OPEN is=IDLE awp=false se=false i=true al=0},r=1,c=false/false,a=IDLE,uri=null,age=0}
13:18:19.583 [qtp336949043-38] DEBUG org.eclipse.jetty.server.HttpConnection - HttpConnection@17f6c9c7::NetworkTrafficSocketChannelEndPoint@37a139b4{/127.0.0.1:64973<->/127.0.0.1:8080,CLOSED,fill=-,flush=F,to=6/30000}{io=0/0,kio=-1,kro=-1}->HttpConnection@17f6c9c7[p=HttpParser{s=CLOSE,0 of -1},g=HttpGenerator@29242e14{s=START}]=>HttpChannelOverHttp@798f7539{s=HttpChannelState@eeed89b{s=IDLE rs=BLOCKING os=OPEN is=IDLE awp=false se=false i=true al=0},r=1,c=false/false,a=IDLE,uri=null,age=0} onFillable exit HttpChannelState@eeed89b{s=IDLE rs=BLOCKING os=OPEN is=IDLE awp=false se=false i=true al=0} null
13:18:19.583 [qtp336949043-38] DEBUG org.eclipse.jetty.util.thread.ReservedThreadExecutor - ReservedThreadExecutor@264c02c5{s=1/1,p=0}@2e0ebf19 size 1 > capacity
13:18:19.583 [qtp336949043-38] DEBUG org.eclipse.jetty.util.thread.QueuedThreadPool - ran ReservedThreadExecutor@264c02c5{s=1/1,p=0}@2e0ebf19 in QueuedThreadPool[qtp336949043]@14156f33{STARTED,8<=8<=14,i=0,r=1,q=0}[ReservedThreadExecutor@264c02c5{s=1/1,p=0}]
13:18:19.584 [qtp336949043-34] DEBUG org.eclipse.jetty.io.ManagedSelector - Destroyed NetworkTrafficSocketChannelEndPoint@37a139b4{/127.0.0.1:64973<->/127.0.0.1:8080,CLOSED,fill=-,flush=F,to=6/30000}{io=0/0,kio=-1,kro=-1}->HttpConnection@17f6c9c7[p=HttpParser{s=END,0 of -1},g=HttpGenerator@29242e14{s=COMPLETING}]=>HttpChannelOverHttp@798f7539{s=HttpChannelState@eeed89b{s=IDLE rs=BLOCKING os=OPEN is=IDLE awp=false se=false i=true al=0},r=1,c=true/false,a=IDLE,uri=,age=2120}
13:18:19.584 [qtp336949043-34] DEBUG org.eclipse.jetty.io.AbstractConnection - onClose HttpConnection@17f6c9c7::NetworkTrafficSocketChannelEndPoint@37a139b4{/127.0.0.1:64973<->/127.0.0.1:8080,CLOSED,fill=-,flush=F,to=7/30000}{io=0/0,kio=-1,kro=-1}->HttpConnection@17f6c9c7[p=HttpParser{s=CLOSE,0 of -1},g=HttpGenerator@29242e14{s=START}]=>HttpChannelOverHttp@798f7539{s=HttpChannelState@eeed89b{s=IDLE rs=BLOCKING os=OPEN is=IDLE awp=false se=false i=true al=0},r=1,c=false/false,a=IDLE,uri=null,age=0}
13:18:19.584 [qtp336949043-34] DEBUG org.eclipse.jetty.util.thread.QueuedThreadPool - ran org.eclipse.jetty.io.ManagedSelector$DestroyEndPoint@61a08ffb in QueuedThreadPool[qtp336949043]@14156f33{STARTED,8<=8<=14,i=1,r=1,q=0}[ReservedThreadExecutor@264c02c5{s=1/1,p=0}]
13:18:20.592 [parallel-4] DEBUG org.springframework.web.reactive.function.client.ExchangeFunctions - [76659ac2] HTTP GET http://localhost:8080/api/v0/components/provision-adapters/awx
13:18:20.594 [reactor-http-nio-1] DEBUG reactor.netty.resources.PooledConnectionProvider - [id: 0x3aac70a7] Created a new pooled channel, now 1 active connections and 0 inactive connections
13:18:20.595 [reactor-http-nio-1] DEBUG reactor.netty.channel.BootstrapHandlers - [id: 0x3aac70a7] Initialized pipeline DefaultChannelPipeline{(BootstrapHandlers$BootstrapInitializerHandler#0 = reactor.netty.channel.BootstrapHandlers$BootstrapInitializerHandler), (PooledConnectionProvider$PooledConnectionAllocator$PooledConnectionInitializer#0 = reactor.netty.resources.PooledConnectionProvider$PooledConnectionAllocator$PooledConnectionInitializer), (reactor.left.httpCodec = io.netty.handler.codec.http.HttpClientCodec), (reactor.right.reactiveBridge = reactor.netty.channel.ChannelOperationsHandler)}
13:18:20.596 [qtp336949043-36-acceptor-1@3bead706-NetworkTrafficServerConnector@2c36df18{HTTP/1.1, (http/1.1)}{0.0.0.0:8080}] DEBUG org.eclipse.jetty.io.ManagedSelector - Queued change org.eclipse.jetty.io.ManagedSelector$Accept@2f6705a6 on ManagedSelector@5efcef8c{STARTED} id=1 keys=1 selected=0 updates=0
13:18:20.596 [reactor-http-nio-1] DEBUG reactor.netty.resources.PooledConnectionProvider - [id: 0x3aac70a7, L:/127.0.0.1:64976 - R:localhost/127.0.0.1:8080] Registering pool release on close event for channel
13:18:20.596 [qtp336949043-36-acceptor-1@3bead706-NetworkTrafficServerConnector@2c36df18{HTTP/1.1, (http/1.1)}{0.0.0.0:8080}] DEBUG org.eclipse.jetty.io.ManagedSelector - Wakeup on submit ManagedSelector@5efcef8c{STARTED} id=1 keys=1 selected=0 updates=1
13:18:20.596 [reactor-http-nio-1] DEBUG reactor.netty.resources.PooledConnectionProvider - [id: 0x3aac70a7, L:/127.0.0.1:64976 - R:localhost/127.0.0.1:8080] Channel connected, now 1 active connections and 0 inactive connections
13:18:20.596 [reactor-http-nio-1] DEBUG reactor.netty.resources.PooledConnectionProvider - [id: 0x3aac70a7, L:/127.0.0.1:64976 - R:localhost/127.0.0.1:8080] onStateChange(PooledConnection{channel=[id: 0x3aac70a7, L:/127.0.0.1:64976 - R:localhost/127.0.0.1:8080]}, [connected])
13:18:20.596 [qtp336949043-39] DEBUG org.eclipse.jetty.io.ManagedSelector - Selector sun.nio.ch.WindowsSelectorImpl@24f6d469 woken with none selected
13:18:20.597 [reactor-http-nio-1] DEBUG reactor.netty.resources.PooledConnectionProvider - [id: 0x3aac70a7, L:/127.0.0.1:64976 - R:localhost/127.0.0.1:8080] onStateChange(GET{uri=/, connection=PooledConnection{channel=[id: 0x3aac70a7, L:/127.0.0.1:64976 - R:localhost/127.0.0.1:8080]}}, [configured])
13:18:20.597 [reactor-http-nio-1] DEBUG reactor.netty.ReactorNetty - [id: 0x3aac70a7, L:/127.0.0.1:64976 - R:localhost/127.0.0.1:8080] Added decoder [ReadTimeoutHandler] at the end of the user pipeline, full pipeline: [reactor.left.httpCodec, ReadTimeoutHandler, reactor.right.reactiveBridge, DefaultChannelPipeline$TailContext#0]
13:18:20.597 [qtp336949043-39] DEBUG org.eclipse.jetty.io.ManagedSelector - Selector sun.nio.ch.WindowsSelectorImpl@24f6d469 woken up from select, 0/0/1 selected
13:18:20.597 [qtp336949043-39] DEBUG org.eclipse.jetty.io.ManagedSelector - Selector sun.nio.ch.WindowsSelectorImpl@24f6d469 processing 0 keys, 1 updates
13:18:20.597 [qtp336949043-39] DEBUG org.eclipse.jetty.io.ManagedSelector - updateable 1
13:18:20.597 [qtp336949043-39] DEBUG org.eclipse.jetty.io.ManagedSelector - update org.eclipse.jetty.io.ManagedSelector$Accept@2f6705a6
13:18:20.597 [reactor-http-nio-1] DEBUG reactor.netty.ReactorNetty - [id: 0x3aac70a7, L:/127.0.0.1:64976 - R:localhost/127.0.0.1:8080] Added decoder [WriteTimeoutHandler] at the end of the user pipeline, full pipeline: [reactor.left.httpCodec, ReadTimeoutHandler, WriteTimeoutHandler, reactor.right.reactiveBridge, DefaultChannelPipeline$TailContext#0]
13:18:20.597 [qtp336949043-39] DEBUG org.eclipse.jetty.util.thread.QueuedThreadPool - queue org.eclipse.jetty.io.ManagedSelector$Accept@2f6705a6 startThread=0
13:18:20.597 [qtp336949043-39] DEBUG org.eclipse.jetty.io.ManagedSelector - updates 0
13:18:20.597 [qtp336949043-39] DEBUG org.eclipse.jetty.io.ManagedSelector - Selector sun.nio.ch.WindowsSelectorImpl@24f6d469 waiting with 2 keys
13:18:20.597 [reactor-http-nio-1] DEBUG reactor.netty.http.client.HttpClientConnect - [id: 0x3aac70a7, L:/127.0.0.1:64976 - R:localhost/127.0.0.1:8080] Handler is being applied: {uri=http://localhost:8080/api/v0/components/provision-adapters/awx, method=GET}
13:18:20.597 [reactor-http-nio-1] DEBUG reactor.netty.resources.PooledConnectionProvider - [id: 0x3aac70a7, L:/127.0.0.1:64976 - R:localhost/127.0.0.1:8080] onStateChange(GET{uri=/api/v0/components/provision-adapters/awx, connection=PooledConnection{channel=[id: 0x3aac70a7, L:/127.0.0.1:64976 - R:localhost/127.0.0.1:8080]}}, [request_prepared])
13:18:20.599 [reactor-http-nio-1] DEBUG reactor.netty.resources.PooledConnectionProvider - [id: 0x3aac70a7, L:/127.0.0.1:64976 - R:localhost/127.0.0.1:8080] onStateChange(GET{uri=/api/v0/components/provision-adapters/awx, connection=PooledConnection{channel=[id: 0x3aac70a7, L:/127.0.0.1:64976 - R:localhost/127.0.0.1:8080]}}, [request_sent])
13:18:20.599 [qtp336949043-38] DEBUG org.eclipse.jetty.util.thread.QueuedThreadPool - run org.eclipse.jetty.io.ManagedSelector$Accept@2f6705a6 in QueuedThreadPool[qtp336949043]@14156f33{STARTED,8<=8<=14,i=1,r=1,q=0}[ReservedThreadExecutor@264c02c5{s=1/1,p=0}]
13:18:20.600 [qtp336949043-38] DEBUG org.eclipse.jetty.io.IdleTimeout - NetworkTrafficSocketChannelEndPoint@45da84a3{/127.0.0.1:64976<->/127.0.0.1:8080,OPEN,fill=-,flush=-,to=0/30000}{io=0/0,kio=0,kro=0}-><null> idle timeout check, elapsed: 0 ms, remaining: 30000 ms
13:18:20.600 [qtp336949043-38] DEBUG org.eclipse.jetty.server.HttpChannel - new HttpChannelOverHttp@27d268e4{s=HttpChannelState@4268e4b2{s=IDLE rs=BLOCKING os=OPEN is=IDLE awp=false se=false i=true al=0},r=0,c=false/false,a=IDLE,uri=null,age=0} -> NetworkTrafficSocketChannelEndPoint@45da84a3{/127.0.0.1:64976<->/127.0.0.1:8080,OPEN,fill=-,flush=-,to=0/30000}{io=0/0,kio=0,kro=0}-><null>,null,HttpChannelState@4268e4b2{s=IDLE rs=BLOCKING os=OPEN is=IDLE awp=false se=false i=true al=0}
13:18:20.601 [qtp336949043-38] DEBUG org.eclipse.jetty.server.HttpConnection - New HTTP Connection HttpConnection@72613969::NetworkTrafficSocketChannelEndPoint@45da84a3{/127.0.0.1:64976<->/127.0.0.1:8080,OPEN,fill=-,flush=-,to=1/30000}{io=0/0,kio=0,kro=0}-><null>
13:18:20.601 [qtp336949043-38] DEBUG org.eclipse.jetty.io.AbstractEndPoint - onOpen NetworkTrafficSocketChannelEndPoint@45da84a3{/127.0.0.1:64976<->/127.0.0.1:8080,OPEN,fill=-,flush=-,to=1/30000}{io=0/0,kio=0,kro=0}->HttpConnection@72613969[p=HttpParser{s=START,0 of -1},g=HttpGenerator@630f441a{s=START}]=>HttpChannelOverHttp@27d268e4{s=HttpChannelState@4268e4b2{s=IDLE rs=BLOCKING os=OPEN is=IDLE awp=false se=false i=true al=0},r=0,c=false/false,a=IDLE,uri=null,age=0}
13:18:20.601 [qtp336949043-38] DEBUG org.eclipse.jetty.io.AbstractConnection - onOpen HttpConnection@72613969::NetworkTrafficSocketChannelEndPoint@45da84a3{/127.0.0.1:64976<->/127.0.0.1:8080,OPEN,fill=-,flush=-,to=1/30000}{io=0/0,kio=0,kro=0}->HttpConnection@72613969[p=HttpParser{s=START,0 of -1},g=HttpGenerator@630f441a{s=START}]=>HttpChannelOverHttp@27d268e4{s=HttpChannelState@4268e4b2{s=IDLE rs=BLOCKING os=OPEN is=IDLE awp=false se=false i=true al=0},r=0,c=false/false,a=IDLE,uri=null,age=0}
13:18:20.601 [qtp336949043-38] DEBUG org.eclipse.jetty.io.AbstractConnection - fillInterested HttpConnection@72613969::NetworkTrafficSocketChannelEndPoint@45da84a3{/127.0.0.1:64976<->/127.0.0.1:8080,OPEN,fill=-,flush=-,to=1/30000}{io=0/0,kio=0,kro=0}->HttpConnection@72613969[p=HttpParser{s=START,0 of -1},g=HttpGenerator@630f441a{s=START}]=>HttpChannelOverHttp@27d268e4{s=HttpChannelState@4268e4b2{s=IDLE rs=BLOCKING os=OPEN is=IDLE awp=false se=false i=true al=0},r=0,c=false/false,a=IDLE,uri=null,age=0}
13:18:20.602 [qtp336949043-38] DEBUG org.eclipse.jetty.io.FillInterest - interested FillInterest@572e95d7{AC.ReadCB@72613969{HttpConnection@72613969::NetworkTrafficSocketChannelEndPoint@45da84a3{/127.0.0.1:64976<->/127.0.0.1:8080,OPEN,fill=FI,flush=-,to=0/30000}{io=0/0,kio=0,kro=0}->HttpConnection@72613969[p=HttpParser{s=START,0 of -1},g=HttpGenerator@630f441a{s=START}]=>HttpChannelOverHttp@27d268e4{s=HttpChannelState@4268e4b2{s=IDLE rs=BLOCKING os=OPEN is=IDLE awp=false se=false i=true al=0},r=0,c=false/false,a=IDLE,uri=null,age=0}}}
13:18:20.602 [qtp336949043-38] DEBUG org.eclipse.jetty.io.ChannelEndPoint - changeInterests p=false 0->1 for NetworkTrafficSocketChannelEndPoint@45da84a3{/127.0.0.1:64976<->/127.0.0.1:8080,OPEN,fill=FI,flush=-,to=0/30000}{io=0/1,kio=0,kro=0}->HttpConnection@72613969[p=HttpParser{s=START,0 of -1},g=HttpGenerator@630f441a{s=START}]=>HttpChannelOverHttp@27d268e4{s=HttpChannelState@4268e4b2{s=IDLE rs=BLOCKING os=OPEN is=IDLE awp=false se=false i=true al=0},r=0,c=false/false,a=IDLE,uri=null,age=0}
13:18:20.602 [qtp336949043-38] DEBUG org.eclipse.jetty.io.ManagedSelector - Queued change org.eclipse.jetty.io.ChannelEndPoint$1@5266b6f4 on ManagedSelector@5efcef8c{STARTED} id=1 keys=2 selected=0 updates=0
13:18:20.602 [qtp336949043-38] DEBUG org.eclipse.jetty.io.ManagedSelector - Wakeup on submit ManagedSelector@5efcef8c{STARTED} id=1 keys=2 selected=0 updates=1
13:18:20.602 [qtp336949043-39] DEBUG org.eclipse.jetty.io.ManagedSelector - Selector sun.nio.ch.WindowsSelectorImpl@24f6d469 woken with none selected
13:18:20.602 [qtp336949043-38] DEBUG org.eclipse.jetty.io.ManagedSelector - Created NetworkTrafficSocketChannelEndPoint@45da84a3{/127.0.0.1:64976<->/127.0.0.1:8080,OPEN,fill=FI,flush=-,to=0/30000}{io=0/1,kio=0,kro=0}->HttpConnection@72613969[p=HttpParser{s=START,0 of -1},g=HttpGenerator@630f441a{s=START}]=>HttpChannelOverHttp@27d268e4{s=HttpChannelState@4268e4b2{s=IDLE rs=BLOCKING os=OPEN is=IDLE awp=false se=false i=true al=0},r=0,c=false/false,a=IDLE,uri=null,age=0}
13:18:20.602 [qtp336949043-39] DEBUG org.eclipse.jetty.io.ManagedSelector - Selector sun.nio.ch.WindowsSelectorImpl@24f6d469 woken up from select, 0/0/2 selected
13:18:20.602 [qtp336949043-39] DEBUG org.eclipse.jetty.io.ManagedSelector - Selector sun.nio.ch.WindowsSelectorImpl@24f6d469 processing 0 keys, 1 updates
13:18:20.602 [qtp336949043-39] DEBUG org.eclipse.jetty.io.ManagedSelector - updateable 1
13:18:20.602 [qtp336949043-38] DEBUG org.eclipse.jetty.util.thread.QueuedThreadPool - ran org.eclipse.jetty.io.ManagedSelector$Accept@2f6705a6 in QueuedThreadPool[qtp336949043]@14156f33{STARTED,8<=8<=14,i=1,r=1,q=0}[ReservedThreadExecutor@264c02c5{s=1/1,p=0}]
13:18:20.602 [qtp336949043-39] DEBUG org.eclipse.jetty.io.ManagedSelector - update org.eclipse.jetty.io.ChannelEndPoint$1@5266b6f4
13:18:20.602 [qtp336949043-39] DEBUG org.eclipse.jetty.io.ChannelEndPoint - Key interests updated 0 -> 1 on NetworkTrafficSocketChannelEndPoint@45da84a3{/127.0.0.1:64976<->/127.0.0.1:8080,OPEN,fill=FI,flush=-,to=0/30000}{io=1/1,kio=1,kro=0}->HttpConnection@72613969[p=HttpParser{s=START,0 of -1},g=HttpGenerator@630f441a{s=START}]=>HttpChannelOverHttp@27d268e4{s=HttpChannelState@4268e4b2{s=IDLE rs=BLOCKING os=OPEN is=IDLE awp=false se=false i=true al=0},r=0,c=false/false,a=IDLE,uri=null,age=0}
13:18:20.602 [qtp336949043-39] DEBUG org.eclipse.jetty.io.ManagedSelector - updates 0
13:18:20.602 [qtp336949043-39] DEBUG org.eclipse.jetty.io.ManagedSelector - Selector sun.nio.ch.WindowsSelectorImpl@24f6d469 waiting with 2 keys
13:18:20.602 [qtp336949043-39] DEBUG org.eclipse.jetty.io.ManagedSelector - Selector sun.nio.ch.WindowsSelectorImpl@24f6d469 woken up from select, 1/1/2 selected
13:18:20.603 [qtp336949043-39] DEBUG org.eclipse.jetty.io.ManagedSelector - Selector sun.nio.ch.WindowsSelectorImpl@24f6d469 processing 1 keys, 0 updates
13:18:20.603 [qtp336949043-39] DEBUG org.eclipse.jetty.io.ManagedSelector - selected 1 channel=java.nio.channels.SocketChannel[connected local=/127.0.0.1:8080 remote=/127.0.0.1:64976], selector=sun.nio.ch.WindowsSelectorImpl@24f6d469, interestOps=1, readyOps=1 NetworkTrafficSocketChannelEndPoint@45da84a3{/127.0.0.1:64976<->/127.0.0.1:8080,OPEN,fill=FI,flush=-,to=1/30000}{io=1/1,kio=1,kro=1}->HttpConnection@72613969[p=HttpParser{s=START,0 of -1},g=HttpGenerator@630f441a{s=START}]=>HttpChannelOverHttp@27d268e4{s=HttpChannelState@4268e4b2{s=IDLE rs=BLOCKING os=OPEN is=IDLE awp=false se=false i=true al=0},r=0,c=false/false,a=IDLE,uri=null,age=0} 
13:18:20.603 [qtp336949043-39] DEBUG org.eclipse.jetty.io.ChannelEndPoint - onSelected 1->0 r=true w=false for NetworkTrafficSocketChannelEndPoint@45da84a3{/127.0.0.1:64976<->/127.0.0.1:8080,OPEN,fill=FI,flush=-,to=1/30000}{io=1/0,kio=1,kro=1}->HttpConnection@72613969[p=HttpParser{s=START,0 of -1},g=HttpGenerator@630f441a{s=START}]=>HttpChannelOverHttp@27d268e4{s=HttpChannelState@4268e4b2{s=IDLE rs=BLOCKING os=OPEN is=IDLE awp=false se=false i=true al=0},r=0,c=false/false,a=IDLE,uri=null,age=0}
13:18:20.603 [qtp336949043-39] DEBUG org.eclipse.jetty.io.ChannelEndPoint - task CEP:NetworkTrafficSocketChannelEndPoint@45da84a3{/127.0.0.1:64976<->/127.0.0.1:8080,OPEN,fill=FI,flush=-,to=1/30000}{io=1/0,kio=1,kro=1}->HttpConnection@72613969[p=HttpParser{s=START,0 of -1},g=HttpGenerator@630f441a{s=START}]=>HttpChannelOverHttp@27d268e4{s=HttpChannelState@4268e4b2{s=IDLE rs=BLOCKING os=OPEN is=IDLE awp=false se=false i=true al=0},r=0,c=false/false,a=IDLE,uri=null,age=0}:runFillable:BLOCKING
13:18:20.603 [qtp336949043-39] DEBUG org.eclipse.jetty.util.thread.ReservedThreadExecutor - ReservedThreadExecutor@264c02c5{s=1/1,p=0} tryExecute EatWhatYouKill@672f2e73/SelectorProducer@ba28fc3/PRODUCING/p=false/QueuedThreadPool[qtp336949043]@14156f33{STARTED,8<=8<=14,i=2,r=1,q=0}[ReservedThreadExecutor@264c02c5{s=1/1,p=0}][pc=0,pic=0,pec=1,epc=1]@2020-09-25T13:18:20.6032159+02:00
13:18:20.604 [qtp336949043-39] DEBUG org.eclipse.jetty.util.thread.ReservedThreadExecutor - ReservedThreadExecutor@264c02c5{s=0/1,p=0}@5ce13b62 offer EatWhatYouKill@672f2e73/SelectorProducer@ba28fc3/PRODUCING/p=false/QueuedThreadPool[qtp336949043]@14156f33{STARTED,8<=8<=14,i=2,r=1,q=0}[ReservedThreadExecutor@264c02c5{s=0/1,p=0}][pc=0,pic=0,pec=1,epc=1]@2020-09-25T13:18:20.6042148+02:00
13:18:20.604 [qtp336949043-39] DEBUG org.eclipse.jetty.util.thread.ReservedThreadExecutor - ReservedThreadExecutor@264c02c5{s=0/1,p=1} startReservedThread p=1
13:18:20.604 [qtp336949043-39] DEBUG org.eclipse.jetty.util.thread.QueuedThreadPool - queue ReservedThreadExecutor@264c02c5{s=0/1,p=1}@7cd0d0be startThread=0
13:18:20.604 [qtp336949043-39] DEBUG org.eclipse.jetty.util.thread.strategy.EatWhatYouKill - EatWhatYouKill@672f2e73/SelectorProducer@ba28fc3/IDLE/p=true/QueuedThreadPool[qtp336949043]@14156f33{STARTED,8<=8<=14,i=1,r=1,q=0}[ReservedThreadExecutor@264c02c5{s=0/1,p=1}][pc=0,pic=0,pec=1,epc=1]@2020-09-25T13:18:20.6042148+02:00 m=EXECUTE_PRODUCE_CONSUME t=CEP:NetworkTrafficSocketChannelEndPoint@45da84a3{/127.0.0.1:64976<->/127.0.0.1:8080,OPEN,fill=FI,flush=-,to=2/30000}{io=1/0,kio=1,kro=1}->HttpConnection@72613969[p=HttpParser{s=START,0 of -1},g=HttpGenerator@630f441a{s=START}]=>HttpChannelOverHttp@27d268e4{s=HttpChannelState@4268e4b2{s=IDLE rs=BLOCKING os=OPEN is=IDLE awp=false se=false i=true al=0},r=0,c=false/false,a=IDLE,uri=null,age=0}:runFillable:BLOCKING/BLOCKING
13:18:20.605 [qtp336949043-39] DEBUG org.eclipse.jetty.io.FillInterest - fillable FillInterest@572e95d7{AC.ReadCB@72613969{HttpConnection@72613969::NetworkTrafficSocketChannelEndPoint@45da84a3{/127.0.0.1:64976<->/127.0.0.1:8080,OPEN,fill=FI,flush=-,to=2/30000}{io=1/0,kio=1,kro=1}->HttpConnection@72613969[p=HttpParser{s=START,0 of -1},g=HttpGenerator@630f441a{s=START}]=>HttpChannelOverHttp@27d268e4{s=HttpChannelState@4268e4b2{s=IDLE rs=BLOCKING os=OPEN is=IDLE awp=false se=false i=true al=0},r=0,c=false/false,a=IDLE,uri=null,age=0}}}
13:18:20.605 [qtp336949043-39] DEBUG org.eclipse.jetty.server.HttpConnection - HttpConnection@72613969::NetworkTrafficSocketChannelEndPoint@45da84a3{/127.0.0.1:64976<->/127.0.0.1:8080,OPEN,fill=-,flush=-,to=3/30000}{io=1/0,kio=1,kro=1}->HttpConnection@72613969[p=HttpParser{s=START,0 of -1},g=HttpGenerator@630f441a{s=START}]=>HttpChannelOverHttp@27d268e4{s=HttpChannelState@4268e4b2{s=IDLE rs=BLOCKING os=OPEN is=IDLE awp=false se=false i=true al=0},r=0,c=false/false,a=IDLE,uri=null,age=0} onFillable enter HttpChannelState@4268e4b2{s=IDLE rs=BLOCKING os=OPEN is=IDLE awp=false se=false i=true al=0} null
13:18:20.606 [qtp336949043-39] DEBUG org.eclipse.jetty.io.ChannelEndPoint - filled 157 HeapByteBuffer@1de9b522[p=0,l=157,c=8192,r=157]={<<<GET /api/v0/components/pr...horization: Bearer \r\n\r\n>>>20200408)...\x00\x00\x00\x00\x00\x00\x00}
13:18:20.606 [qtp336949043-39] DEBUG org.eclipse.jetty.server.HttpConnection - HttpConnection@72613969::NetworkTrafficSocketChannelEndPoint@45da84a3{/127.0.0.1:64976<->/127.0.0.1:8080,OPEN,fill=-,flush=-,to=0/30000}{io=1/0,kio=1,kro=1}->HttpConnection@72613969[p=HttpParser{s=START,0 of -1},g=HttpGenerator@630f441a{s=START}]=>HttpChannelOverHttp@27d268e4{s=HttpChannelState@4268e4b2{s=IDLE rs=BLOCKING os=OPEN is=IDLE awp=false se=false i=true al=0},r=0,c=false/false,a=IDLE,uri=null,age=0} filled 157 HeapByteBuffer@1de9b522[p=0,l=157,c=8192,r=157]={<<<GET /api/v0/components/pr...horization: Bearer \r\n\r\n>>>20200408)...\x00\x00\x00\x00\x00\x00\x00}
13:18:20.606 [qtp336949043-39] DEBUG org.eclipse.jetty.server.HttpConnection - HttpConnection@72613969::NetworkTrafficSocketChannelEndPoint@45da84a3{/127.0.0.1:64976<->/127.0.0.1:8080,OPEN,fill=-,flush=-,to=0/30000}{io=1/0,kio=1,kro=1}->HttpConnection@72613969[p=HttpParser{s=START,0 of -1},g=HttpGenerator@630f441a{s=START}]=>HttpChannelOverHttp@27d268e4{s=HttpChannelState@4268e4b2{s=IDLE rs=BLOCKING os=OPEN is=IDLE awp=false se=false i=true al=0},r=0,c=false/false,a=IDLE,uri=null,age=0} parse HeapByteBuffer@1de9b522[p=0,l=157,c=8192,r=157]={<<<GET /api/v0/components/pr...horization: Bearer \r\n\r\n>>>20200408)...\x00\x00\x00\x00\x00\x00\x00} {}
13:18:20.607 [qtp336949043-39] DEBUG org.eclipse.jetty.http.HttpParser - parseNext s=START HeapByteBuffer@1de9b522[p=0,l=157,c=8192,r=157]={<<<GET /api/v0/components/pr...horization: Bearer \r\n\r\n>>>20200408)...\x00\x00\x00\x00\x00\x00\x00}
13:18:20.607 [qtp336949043-39] DEBUG org.eclipse.jetty.http.HttpParser - START --> SPACE1
13:18:20.607 [qtp336949043-39] DEBUG org.eclipse.jetty.http.HttpParser - SPACE1 --> URI
13:18:20.607 [qtp336949043-39] DEBUG org.eclipse.jetty.http.HttpParser - URI --> SPACE2
13:18:20.607 [qtp336949043-39] DEBUG org.eclipse.jetty.http.HttpParser - SPACE2 --> REQUEST_VERSION
13:18:20.607 [qtp336949043-39] DEBUG org.eclipse.jetty.http.HttpParser - REQUEST_VERSION --> HEADER
13:18:20.607 [qtp336949043-39] DEBUG org.eclipse.jetty.http.HttpParser - HEADER:User-Agent --> VALUE
13:18:20.607 [qtp336949043-39] DEBUG org.eclipse.jetty.http.HttpParser - HEADER:User-Agent --> IN_VALUE
13:18:20.607 [qtp336949043-39] DEBUG org.eclipse.jetty.http.HttpParser - HEADER:User-Agent --> FIELD
13:18:20.607 [qtp336949043-39] DEBUG org.eclipse.jetty.http.HttpParser - HEADER:Host --> VALUE
13:18:20.607 [qtp336949043-39] DEBUG org.eclipse.jetty.http.HttpParser - HEADER:Host --> IN_VALUE
13:18:20.607 [qtp336949043-39] DEBUG org.eclipse.jetty.http.HttpParser - HEADER:Host --> FIELD
13:18:20.607 [qtp336949043-39] DEBUG org.eclipse.jetty.http.HttpParser - HEADER:Accept: */* --> IN_VALUE
13:18:20.607 [qtp336949043-39] DEBUG org.eclipse.jetty.http.HttpParser - HEADER:Accept: */* --> FIELD
13:18:20.607 [qtp336949043-39] DEBUG org.eclipse.jetty.http.HttpParser - HEADER:Authorization --> VALUE
13:18:20.607 [qtp336949043-39] DEBUG org.eclipse.jetty.http.HttpParser - HEADER:Authorization --> IN_VALUE
13:18:20.607 [qtp336949043-39] DEBUG org.eclipse.jetty.http.HttpParser - HEADER:Authorization --> FIELD
13:18:20.607 [qtp336949043-39] DEBUG org.eclipse.jetty.http.HttpParser - HEADER --> CONTENT
13:18:20.607 [qtp336949043-39] DEBUG org.eclipse.jetty.server.HttpChannel - REQUEST for //localhost:8080/api/v0/components/provision-adapters/awx on HttpChannelOverHttp@27d268e4{s=HttpChannelState@4268e4b2{s=IDLE rs=BLOCKING os=OPEN is=IDLE awp=false se=false i=true al=0},r=1,c=false/false,a=IDLE,uri=//localhost:8080/api/v0/components/provision-adapters/awx,age=0}
GET //localhost:8080/api/v0/components/provision-adapters/awx HTTP/1.1
User-Agent: ReactorNetty/0.9.7.RELEASE
Host: localhost:8080
Accept: */*
Authorization: Bearer


13:18:20.608 [qtp336949043-39] DEBUG org.eclipse.jetty.server.HttpConnection - HttpConnection@72613969::NetworkTrafficSocketChannelEndPoint@45da84a3{/127.0.0.1:64976<->/127.0.0.1:8080,OPEN,fill=-,flush=-,to=2/30000}{io=1/0,kio=1,kro=1}->HttpConnection@72613969[p=HttpParser{s=CONTENT,0 of -1},g=HttpGenerator@630f441a{s=START}]=>HttpChannelOverHttp@27d268e4{s=HttpChannelState@4268e4b2{s=IDLE rs=BLOCKING os=OPEN is=IDLE awp=false se=false i=true al=0},r=1,c=false/false,a=IDLE,uri=//localhost:8080/api/v0/components/provision-adapters/awx,age=1} parsed true HttpParser{s=CONTENT,0 of -1}
13:18:20.608 [qtp336949043-39] DEBUG org.eclipse.jetty.server.HttpConnection - releaseRequestBuffer HttpConnection@72613969::NetworkTrafficSocketChannelEndPoint@45da84a3{/127.0.0.1:64976<->/127.0.0.1:8080,OPEN,fill=-,flush=-,to=2/30000}{io=1/0,kio=1,kro=1}->HttpConnection@72613969[p=HttpParser{s=CONTENT,0 of -1},g=HttpGenerator@630f441a{s=START}]=>HttpChannelOverHttp@27d268e4{s=HttpChannelState@4268e4b2{s=IDLE rs=BLOCKING os=OPEN is=IDLE awp=false se=false i=true al=0},r=1,c=false/false,a=IDLE,uri=//localhost:8080/api/v0/components/provision-adapters/awx,age=1}
13:18:20.608 [qtp336949043-39] DEBUG org.eclipse.jetty.server.HttpChannel - handle //localhost:8080/api/v0/components/provision-adapters/awx HttpChannelOverHttp@27d268e4{s=HttpChannelState@4268e4b2{s=IDLE rs=BLOCKING os=OPEN is=IDLE awp=false se=false i=true al=0},r=1,c=false/false,a=IDLE,uri=//localhost:8080/api/v0/components/provision-adapters/awx,age=1} 
13:18:20.608 [qtp336949043-39] DEBUG org.eclipse.jetty.server.HttpChannelState - handling HttpChannelState@4268e4b2{s=IDLE rs=BLOCKING os=OPEN is=IDLE awp=false se=false i=true al=0}
13:18:20.608 [qtp336949043-39] DEBUG org.eclipse.jetty.server.HttpChannel - action DISPATCH HttpChannelOverHttp@27d268e4{s=HttpChannelState@4268e4b2{s=HANDLING rs=BLOCKING os=OPEN is=IDLE awp=false se=false i=true al=0},r=1,c=false/false,a=HANDLING,uri=//localhost:8080/api/v0/components/provision-adapters/awx,age=1}
13:18:20.608 [qtp336949043-39] DEBUG org.eclipse.jetty.server.Server - REQUEST GET /api/v0/components/provision-adapters/awx on HttpChannelOverHttp@27d268e4{s=HttpChannelState@4268e4b2{s=HANDLING rs=BLOCKING os=OPEN is=IDLE awp=false se=false i=true al=0},r=1,c=false/false,a=HANDLING,uri=//localhost:8080/api/v0/components/provision-adapters/awx,age=1}
13:18:20.608 [qtp336949043-39] DEBUG org.eclipse.jetty.server.handler.ContextHandler - scope null||/api/v0/components/provision-adapters/awx @ o.e.j.s.ServletContextHandler@58d1a4a5{/__admin,null,AVAILABLE}
13:18:20.608 [qtp336949043-39] DEBUG org.eclipse.jetty.server.handler.gzip.GzipHandler - GzipHandler@74c28093{STARTED,min=32,inflate=-1} handle Request(GET //localhost:8080/api/v0/components/provision-adapters/awx)@46a97290 in null
13:18:20.608 [qtp336949043-39] DEBUG org.eclipse.jetty.server.handler.ContextHandler - scope null||/api/v0/components/provision-adapters/awx @ o.e.j.s.ServletContextHandler@7b8a759f{/,null,AVAILABLE}
13:18:20.608 [qtp336949043-39] DEBUG org.eclipse.jetty.server.handler.ContextHandler - context=||/api/v0/components/provision-adapters/awx @ o.e.j.s.ServletContextHandler@7b8a759f{/,null,AVAILABLE}
13:18:20.608 [qtp336949043-39] DEBUG org.eclipse.jetty.servlet.ServletHandler - servlet |/api/v0/components/provision-adapters/awx|null -> com.github.tomakehurst.wiremock.servlet.WireMockHandlerDispatchingServlet-3bc8fbe0@fc9d58f9==com.github.tomakehurst.wiremock.servlet.WireMockHandlerDispatchingServlet,jsp=null,order=-1,inst=true,async=true
13:18:20.609 [qtp336949043-39] DEBUG org.eclipse.jetty.servlet.ServletHandler - chain=org.eclipse.jetty.servlets.CrossOriginFilter-71d86d06@71d86d06==org.eclipse.jetty.servlets.CrossOriginFilter,inst=true,async=true->com.github.tomakehurst.wiremock.servlet.WireMockHandlerDispatchingServlet-3bc8fbe0@fc9d58f9==com.github.tomakehurst.wiremock.servlet.WireMockHandlerDispatchingServlet,jsp=null,order=-1,inst=true,async=true
13:18:20.609 [qtp336949043-39] DEBUG org.eclipse.jetty.servlet.ServletHandler - call filter org.eclipse.jetty.servlets.CrossOriginFilter-71d86d06@71d86d06==org.eclipse.jetty.servlets.CrossOriginFilter,inst=true,async=true
13:18:20.609 [qtp336949043-39] DEBUG org.eclipse.jetty.servlet.ServletHandler - call servlet com.github.tomakehurst.wiremock.servlet.WireMockHandlerDispatchingServlet-3bc8fbe0@fc9d58f9==com.github.tomakehurst.wiremock.servlet.WireMockHandlerDispatchingServlet,jsp=null,order=-1,inst=true,async=true
13:18:20.609 [qtp336949043-39] DEBUG org.eclipse.jetty.io.ChannelEndPoint - filled 0 HeapByteBuffer@1de9b522[p=0,l=0,c=8192,r=0]={<<<>>>GET /api/...\x00\x00\x00\x00\x00\x00\x00}
13:18:20.609 [qtp336949043-39] DEBUG org.eclipse.jetty.io.ChannelEndPoint - filled 0 HeapByteBuffer@1de9b522[p=0,l=0,c=8192,r=0]={<<<>>>GET /api/...\x00\x00\x00\x00\x00\x00\x00}
13:18:20.610 [qtp336949043-39] DEBUG org.eclipse.jetty.server.HttpConnection - HttpConnection@72613969::NetworkTrafficSocketChannelEndPoint@45da84a3{/127.0.0.1:64976<->/127.0.0.1:8080,OPEN,fill=-,flush=-,to=4/30000}{io=1/0,kio=1,kro=1}->HttpConnection@72613969[p=HttpParser{s=CONTENT,0 of -1},g=HttpGenerator@630f441a{s=START}]=>HttpChannelOverHttp@27d268e4{s=HttpChannelState@4268e4b2{s=HANDLING rs=BLOCKING os=OPEN is=IDLE awp=false se=false i=true al=0},r=1,c=false/false,a=HANDLING,uri=//localhost:8080/api/v0/components/provision-adapters/awx,age=3} filled 0 HeapByteBuffer@1de9b522[p=0,l=0,c=8192,r=0]={<<<>>>GET /api/...\x00\x00\x00\x00\x00\x00\x00}
13:18:20.604 [qtp336949043-33] DEBUG org.eclipse.jetty.util.thread.ReservedThreadExecutor - ReservedThreadExecutor@264c02c5{s=0/1,p=1}@5ce13b62 task=EatWhatYouKill@672f2e73/SelectorProducer@ba28fc3/IDLE/p=true/QueuedThreadPool[qtp336949043]@14156f33{STARTED,8<=8<=14,i=1,r=1,q=0}[ReservedThreadExecutor@264c02c5{s=0/1,p=1}][pc=0,pic=0,pec=1,epc=1]@2020-09-25T13:18:20.6042148+02:00
13:18:20.610 [qtp336949043-39] DEBUG org.eclipse.jetty.server.HttpConnection - HttpConnection@72613969::NetworkTrafficSocketChannelEndPoint@45da84a3{/127.0.0.1:64976<->/127.0.0.1:8080,OPEN,fill=-,flush=-,to=4/30000}{io=1/0,kio=1,kro=1}->HttpConnection@72613969[p=HttpParser{s=CONTENT,0 of -1},g=HttpGenerator@630f441a{s=START}]=>HttpChannelOverHttp@27d268e4{s=HttpChannelState@4268e4b2{s=HANDLING rs=BLOCKING os=OPEN is=IDLE awp=false se=false i=true al=0},r=1,c=false/false,a=HANDLING,uri=//localhost:8080/api/v0/components/provision-adapters/awx,age=3} parse HeapByteBuffer@1de9b522[p=0,l=0,c=8192,r=0]={<<<>>>GET /api/...\x00\x00\x00\x00\x00\x00\x00} {}
13:18:20.610 [qtp336949043-39] DEBUG org.eclipse.jetty.http.HttpParser - parseNext s=CONTENT HeapByteBuffer@1de9b522[p=0,l=0,c=8192,r=0]={<<<>>>GET /api/...\x00\x00\x00\x00\x00\x00\x00}
13:18:20.610 [qtp336949043-39] DEBUG org.eclipse.jetty.http.HttpParser - CONTENT --> CONTENT_END
13:18:20.610 [qtp336949043-39] DEBUG org.eclipse.jetty.server.HttpChannel - onContentComplete HttpChannelOverHttp@27d268e4{s=HttpChannelState@4268e4b2{s=HANDLING rs=BLOCKING os=OPEN is=IDLE awp=false se=false i=true al=0},r=1,c=false/false,a=HANDLING,uri=//localhost:8080/api/v0/components/provision-adapters/awx,age=3}
13:18:20.610 [qtp336949043-39] DEBUG org.eclipse.jetty.http.HttpParser - CONTENT_END --> END
13:18:20.610 [qtp336949043-39] DEBUG org.eclipse.jetty.server.HttpChannel - onRequestComplete HttpChannelOverHttp@27d268e4{s=HttpChannelState@4268e4b2{s=HANDLING rs=BLOCKING os=OPEN is=IDLE awp=false se=false i=true al=0},r=1,c=false/false,a=HANDLING,uri=//localhost:8080/api/v0/components/provision-adapters/awx,age=3}
13:18:20.610 [qtp336949043-39] DEBUG org.eclipse.jetty.server.HttpInput - HttpInputOverHTTP@776f68f8[c=0,q=0,[0]=null,s=STREAM] addContent EOF
13:18:20.610 [qtp336949043-33] DEBUG org.eclipse.jetty.util.thread.strategy.EatWhatYouKill - EatWhatYouKill@672f2e73/SelectorProducer@ba28fc3/IDLE/p=true/QueuedThreadPool[qtp336949043]@14156f33{STARTED,8<=8<=14,i=1,r=1,q=0}[ReservedThreadExecutor@264c02c5{s=0/1,p=1}][pc=0,pic=0,pec=1,epc=2]@2020-09-25T13:18:20.6102159+02:00 tryProduce true
13:18:20.610 [qtp336949043-33] DEBUG org.eclipse.jetty.io.ManagedSelector - updateable 0
13:18:20.610 [qtp336949043-33] DEBUG org.eclipse.jetty.io.ManagedSelector - updates 0
13:18:20.610 [qtp336949043-39] DEBUG org.eclipse.jetty.server.HttpConnection - HttpConnection@72613969::NetworkTrafficSocketChannelEndPoint@45da84a3{/127.0.0.1:64976<->/127.0.0.1:8080,OPEN,fill=-,flush=-,to=4/30000}{io=0/0,kio=0,kro=1}->HttpConnection@72613969[p=HttpParser{s=END,0 of -1},g=HttpGenerator@630f441a{s=START}]=>HttpChannelOverHttp@27d268e4{s=HttpChannelState@4268e4b2{s=HANDLING rs=BLOCKING os=OPEN is=IDLE awp=false se=false i=true al=0},r=1,c=false/false,a=HANDLING,uri=//localhost:8080/api/v0/components/provision-adapters/awx,age=3} parsed false HttpParser{s=END,0 of -1}
13:18:20.610 [qtp336949043-33] DEBUG org.eclipse.jetty.io.ChannelEndPoint - Key interests updated 1 -> 0 on NetworkTrafficSocketChannelEndPoint@45da84a3{/127.0.0.1:64976<->/127.0.0.1:8080,OPEN,fill=-,flush=-,to=4/30000}{io=0/0,kio=0,kro=1}->HttpConnection@72613969[p=HttpParser{s=END,0 of -1},g=HttpGenerator@630f441a{s=START}]=>HttpChannelOverHttp@27d268e4{s=HttpChannelState@4268e4b2{s=HANDLING rs=BLOCKING os=OPEN is=IDLE awp=false se=false i=true al=0},r=1,c=false/false,a=HANDLING,uri=//localhost:8080/api/v0/components/provision-adapters/awx,age=3}
13:18:20.610 [qtp336949043-33] DEBUG org.eclipse.jetty.io.ManagedSelector - Selector sun.nio.ch.WindowsSelectorImpl@24f6d469 waiting with 2 keys
13:18:20.610 [qtp336949043-39] DEBUG org.eclipse.jetty.server.HttpConnection - releaseRequestBuffer HttpConnection@72613969::NetworkTrafficSocketChannelEndPoint@45da84a3{/127.0.0.1:64976<->/127.0.0.1:8080,OPEN,fill=-,flush=-,to=4/30000}{io=0/0,kio=0,kro=1}->HttpConnection@72613969[p=HttpParser{s=END,0 of -1},g=HttpGenerator@630f441a{s=START}]=>HttpChannelOverHttp@27d268e4{s=HttpChannelState@4268e4b2{s=HANDLING rs=BLOCKING os=OPEN is=IDLE awp=false se=false i=true al=0},r=1,c=false/false,a=HANDLING,uri=//localhost:8080/api/v0/components/provision-adapters/awx,age=3}
13:18:20.610 [qtp336949043-39] DEBUG org.eclipse.jetty.server.HttpChannelState - onEof HttpChannelState@4268e4b2{s=HANDLING rs=BLOCKING os=OPEN is=IDLE awp=false se=false i=true al=0}
13:18:20.613 [qtp336949043-34] DEBUG org.eclipse.jetty.util.thread.QueuedThreadPool - run ReservedThreadExecutor@264c02c5{s=0/1,p=1}@7cd0d0be in QueuedThreadPool[qtp336949043]@14156f33{STARTED,8<=8<=14,i=1,r=1,q=0}[ReservedThreadExecutor@264c02c5{s=0/1,p=1}]
13:18:20.614 [qtp336949043-34] DEBUG org.eclipse.jetty.util.thread.ReservedThreadExecutor - ReservedThreadExecutor@264c02c5{s=1/1,p=1}@7cd0d0be started
13:18:20.614 [qtp336949043-34] DEBUG org.eclipse.jetty.util.thread.ReservedThreadExecutor - ReservedThreadExecutor@264c02c5{s=1/1,p=0}@7cd0d0be waiting
13:18:22.598 [reactor-http-nio-1] WARN reactor.netty.http.client.HttpClientConnect - [id: 0x3aac70a7, L:/127.0.0.1:64976 - R:localhost/127.0.0.1:8080] The connection observed an error
io.netty.handler.timeout.ReadTimeoutException: null
13:18:22.598 [reactor-http-nio-1] DEBUG org.springframework.web.reactive.function.client.ExchangeFunctions - [76659ac2] Cancel signal (to close connection)
13:18:22.601 [reactor-http-nio-1] DEBUG reactor.netty.resources.PooledConnectionProvider - [id: 0x3aac70a7, L:/127.0.0.1:64976 ! R:localhost/127.0.0.1:8080] Channel closed, now 0 active connections and 0 inactive connections
13:18:22.601 [Test worker] DEBUG org.eclipse.jetty.util.component.AbstractLifeCycle - stopping Server@37e679cd{STARTED}[9.4.28.v20200408]
13:18:22.601 [reactor-http-nio-1] DEBUG reactor.netty.ReactorNetty - [id: 0x3aac70a7, L:/127.0.0.1:64976 ! R:localhost/127.0.0.1:8080] Non Removed handler: ReadTimeoutHandler, context: ChannelHandlerContext(ReadTimeoutHandler, [id: 0x3aac70a7, L:/127.0.0.1:64976 ! R:localhost/127.0.0.1:8080]), pipeline: DefaultChannelPipeline{(reactor.left.httpCodec = io.netty.handler.codec.http.HttpClientCodec), (ReadTimeoutHandler = io.netty.handler.timeout.ReadTimeoutHandler), (WriteTimeoutHandler = io.netty.handler.timeout.WriteTimeoutHandler), (reactor.right.reactiveBridge = reactor.netty.channel.ChannelOperationsHandler)}
13:18:22.601 [Test worker] DEBUG org.eclipse.jetty.server.Server - doStop Server@37e679cd{STOPPING}[9.4.28.v20200408]
13:18:22.601 [reactor-http-nio-1] DEBUG reactor.netty.ReactorNetty - [id: 0x3aac70a7, L:/127.0.0.1:64976 ! R:localhost/127.0.0.1:8080] Non Removed handler: WriteTimeoutHandler, context: ChannelHandlerContext(WriteTimeoutHandler, [id: 0x3aac70a7, L:/127.0.0.1:64976 ! R:localhost/127.0.0.1:8080]), pipeline: DefaultChannelPipeline{(reactor.left.httpCodec = io.netty.handler.codec.http.HttpClientCodec), (ReadTimeoutHandler = io.netty.handler.timeout.ReadTimeoutHandler), (WriteTimeoutHandler = io.netty.handler.timeout.WriteTimeoutHandler), (reactor.right.reactiveBridge = reactor.netty.channel.ChannelOperationsHandler)}
13:18:22.601 [Test worker] DEBUG org.eclipse.jetty.util.component.AbstractLifeCycle - stopping NetworkTrafficServerConnector@2c36df18{HTTP/1.1, (http/1.1)}{0.0.0.0:8080}
13:18:22.601 [reactor-http-nio-1] DEBUG reactor.netty.resources.PooledConnectionProvider - [id: 0x3aac70a7, L:/127.0.0.1:64976 ! R:localhost/127.0.0.1:8080] onStateChange(GET{uri=/api/v0/components/provision-adapters/awx, connection=PooledConnection{channel=[id: 0x3aac70a7, L:/127.0.0.1:64976 ! R:localhost/127.0.0.1:8080]}}, [disconnecting])
13:18:22.601 [Test worker] DEBUG org.eclipse.jetty.util.component.AbstractLifeCycle - stopping SelectorManager@NetworkTrafficServerConnector@2c36df18{HTTP/1.1, (http/1.1)}{0.0.0.0:8080}
13:18:22.601 [Test worker] DEBUG org.eclipse.jetty.util.component.AbstractLifeCycle - stopping ManagedSelector@5efcef8c{STARTED} id=1 keys=2 selected=0 updates=0
13:18:22.602 [qtp336949043-36] DEBUG org.eclipse.jetty.util.thread.QueuedThreadPool - ran qtp336949043-36-acceptor-1@3bead706-NetworkTrafficServerConnector@2c36df18{HTTP/1.1, (http/1.1)}{0.0.0.0:8080} in QueuedThreadPool[qtp336949043]@14156f33{STARTED,8<=8<=14,i=1,r=1,q=0}[ReservedThreadExecutor@264c02c5{s=1/1,p=0}]
13:18:22.602 [Test worker] DEBUG org.eclipse.jetty.io.ManagedSelector - Queued change org.eclipse.jetty.io.ManagedSelector$CloseConnections@76d9994b on ManagedSelector@5efcef8c{STOPPING} id=1 keys=2 selected=0 updates=0
13:18:22.602 [Test worker] DEBUG org.eclipse.jetty.io.ManagedSelector - Wakeup on submit ManagedSelector@5efcef8c{STOPPING} id=1 keys=2 selected=0 updates=1
13:18:22.602 [qtp336949043-33] DEBUG org.eclipse.jetty.io.ManagedSelector - Selector sun.nio.ch.WindowsSelectorImpl@24f6d469 woken with none selected
13:18:22.602 [qtp336949043-33] DEBUG org.eclipse.jetty.io.ManagedSelector - Selector sun.nio.ch.WindowsSelectorImpl@24f6d469 woken up from select, 0/0/2 selected
13:18:22.602 [qtp336949043-33] DEBUG org.eclipse.jetty.io.ManagedSelector - Selector sun.nio.ch.WindowsSelectorImpl@24f6d469 processing 0 keys, 1 updates
13:18:22.602 [qtp336949043-33] DEBUG org.eclipse.jetty.io.ManagedSelector - updateable 1
13:18:22.602 [qtp336949043-33] DEBUG org.eclipse.jetty.io.ManagedSelector - update org.eclipse.jetty.io.ManagedSelector$CloseConnections@76d9994b
13:18:22.602 [qtp336949043-33] DEBUG org.eclipse.jetty.io.ManagedSelector - Closing 2 connections on ManagedSelector@5efcef8c{STOPPING} id=1 keys=2 selected=0 updates=0
13:18:22.602 [qtp336949043-33] DEBUG org.eclipse.jetty.io.AbstractEndPoint - close NetworkTrafficSocketChannelEndPoint@4d8946ee{/127.0.0.1:64969<->/127.0.0.1:8080,OPEN,fill=FI,flush=-,to=9975/30000}{io=1/1,kio=1,kro=1}->HttpConnection@5ca2382[p=HttpParser{s=START,0 of -1},g=HttpGenerator@33bb3ddd{s=START}]=>HttpChannelOverHttp@47712d9e{s=HttpChannelState@273bb14{s=IDLE rs=BLOCKING os=OPEN is=IDLE awp=false se=false i=true al=0},r=1,c=false/false,a=IDLE,uri=null,age=0}
13:18:22.602 [qtp336949043-33] DEBUG org.eclipse.jetty.io.AbstractEndPoint - close(null) NetworkTrafficSocketChannelEndPoint@4d8946ee{/127.0.0.1:64969<->/127.0.0.1:8080,OPEN,fill=FI,flush=-,to=9975/30000}{io=1/1,kio=1,kro=1}->HttpConnection@5ca2382[p=HttpParser{s=START,0 of -1},g=HttpGenerator@33bb3ddd{s=START}]=>HttpChannelOverHttp@47712d9e{s=HttpChannelState@273bb14{s=IDLE rs=BLOCKING os=OPEN is=IDLE awp=false se=false i=true al=0},r=1,c=false/false,a=IDLE,uri=null,age=0}
13:18:22.602 [qtp336949043-33] DEBUG org.eclipse.jetty.io.ChannelEndPoint - doClose NetworkTrafficSocketChannelEndPoint@4d8946ee{/127.0.0.1:64969<->/127.0.0.1:8080,CLOSED,fill=FI,flush=-,to=9975/30000}{io=1/1,kio=1,kro=1}->HttpConnection@5ca2382[p=HttpParser{s=START,0 of -1},g=HttpGenerator@33bb3ddd{s=START}]=>HttpChannelOverHttp@47712d9e{s=HttpChannelState@273bb14{s=IDLE rs=BLOCKING os=OPEN is=IDLE awp=false se=false i=true al=0},r=1,c=false/false,a=IDLE,uri=null,age=0}
13:18:22.603 [qtp336949043-33] DEBUG org.eclipse.jetty.io.FillInterest - onClose FillInterest@7de8fbe9{AC.ReadCB@5ca2382{HttpConnection@5ca2382::NetworkTrafficSocketChannelEndPoint@4d8946ee{/127.0.0.1:64969<->/127.0.0.1:8080,CLOSED,fill=FI,flush=-,to=9976/30000}{io=1/1,kio=-1,kro=-1}->HttpConnection@5ca2382[p=HttpParser{s=START,0 of -1},g=HttpGenerator@33bb3ddd{s=START}]=>HttpChannelOverHttp@47712d9e{s=HttpChannelState@273bb14{s=IDLE rs=BLOCKING os=OPEN is=IDLE awp=false se=false i=true al=0},r=1,c=false/false,a=IDLE,uri=null,age=0}}}
13:18:22.603 [qtp336949043-33] DEBUG org.eclipse.jetty.http.HttpParser - close HttpParser{s=START,0 of -1}
13:18:22.603 [qtp336949043-33] DEBUG org.eclipse.jetty.http.HttpParser - START --> CLOSE
13:18:22.603 [qtp336949043-33] DEBUG org.eclipse.jetty.io.AbstractConnection - HttpConnection@5ca2382::NetworkTrafficSocketChannelEndPoint@4d8946ee{/127.0.0.1:64969<->/127.0.0.1:8080,CLOSED,fill=-,flush=-,to=9976/30000}{io=1/1,kio=-1,kro=-1}->HttpConnection@5ca2382[p=HttpParser{s=CLOSE,0 of -1},g=HttpGenerator@33bb3ddd{s=START}]=>HttpChannelOverHttp@47712d9e{s=HttpChannelState@273bb14{s=IDLE rs=BLOCKING os=OPEN is=IDLE awp=false se=false i=true al=0},r=1,c=false/false,a=IDLE,uri=null,age=0} onFillInterestedFailed {}
13:18:22.603 [qtp336949043-33] DEBUG org.eclipse.jetty.io.ManagedSelector - Wakeup ManagedSelector@5efcef8c{STOPPING} id=1 keys=2 selected=0 updates=0
13:18:22.603 [qtp336949043-33] DEBUG org.eclipse.jetty.util.thread.QueuedThreadPool - queue org.eclipse.jetty.io.ManagedSelector$DestroyEndPoint@5f58bd07 startThread=0
13:18:22.603 [qtp336949043-33] DEBUG org.eclipse.jetty.io.AbstractEndPoint - close NetworkTrafficSocketChannelEndPoint@45da84a3{/127.0.0.1:64976<->/127.0.0.1:8080,OPEN,fill=-,flush=-,to=1998/30000}{io=0/0,kio=0,kro=1}->HttpConnection@72613969[p=HttpParser{s=END,0 of -1},g=HttpGenerator@630f441a{s=START}]=>HttpChannelOverHttp@27d268e4{s=HttpChannelState@4268e4b2{s=HANDLING rs=BLOCKING os=OPEN is=READY awp=false se=false i=true al=0},r=1,c=false/false,a=HANDLING,uri=//localhost:8080/api/v0/components/provision-adapters/awx,age=1996}
13:18:22.603 [qtp336949043-33] DEBUG org.eclipse.jetty.io.AbstractEndPoint - close(null) NetworkTrafficSocketChannelEndPoint@45da84a3{/127.0.0.1:64976<->/127.0.0.1:8080,OPEN,fill=-,flush=-,to=1998/30000}{io=0/0,kio=0,kro=1}->HttpConnection@72613969[p=HttpParser{s=END,0 of -1},g=HttpGenerator@630f441a{s=START}]=>HttpChannelOverHttp@27d268e4{s=HttpChannelState@4268e4b2{s=HANDLING rs=BLOCKING os=OPEN is=READY awp=false se=false i=true al=0},r=1,c=false/false,a=HANDLING,uri=//localhost:8080/api/v0/components/provision-adapters/awx,age=1996}
13:18:22.604 [qtp336949043-33] DEBUG org.eclipse.jetty.io.ChannelEndPoint - doClose NetworkTrafficSocketChannelEndPoint@45da84a3{/127.0.0.1:64976<->/127.0.0.1:8080,CLOSED,fill=-,flush=-,to=1998/30000}{io=0/0,kio=0,kro=1}->HttpConnection@72613969[p=HttpParser{s=END,0 of -1},g=HttpGenerator@630f441a{s=START}]=>HttpChannelOverHttp@27d268e4{s=HttpChannelState@4268e4b2{s=HANDLING rs=BLOCKING os=OPEN is=READY awp=false se=false i=true al=0},r=1,c=false/false,a=HANDLING,uri=//localhost:8080/api/v0/components/provision-adapters/awx,age=1997}
13:18:22.604 [qtp336949043-33] DEBUG org.eclipse.jetty.io.FillInterest - onClose FillInterest@572e95d7{null}
13:18:22.604 [qtp336949043-38] DEBUG org.eclipse.jetty.util.thread.QueuedThreadPool - run org.eclipse.jetty.io.ManagedSelector$DestroyEndPoint@5f58bd07 in QueuedThreadPool[qtp336949043]@14156f33{STARTED,8<=8<=14,i=1,r=1,q=0}[ReservedThreadExecutor@264c02c5{s=1/1,p=0}]
13:18:22.604 [qtp336949043-33] DEBUG org.eclipse.jetty.io.ManagedSelector - Wakeup ManagedSelector@5efcef8c{STOPPING} id=1 keys=2 selected=0 updates=0
13:18:22.604 [qtp336949043-33] DEBUG org.eclipse.jetty.util.thread.QueuedThreadPool - queue org.eclipse.jetty.io.ManagedSelector$DestroyEndPoint@1ab26049 startThread=0
13:18:22.604 [qtp336949043-33] DEBUG org.eclipse.jetty.io.ManagedSelector - updates 0
13:18:22.604 [qtp336949043-33] DEBUG org.eclipse.jetty.io.ManagedSelector - Selector sun.nio.ch.WindowsSelectorImpl@24f6d469 waiting with 2 keys
13:18:22.604 [qtp336949043-38] DEBUG org.eclipse.jetty.io.ManagedSelector - Destroyed NetworkTrafficSocketChannelEndPoint@4d8946ee{/127.0.0.1:64969<->/127.0.0.1:8080,CLOSED,fill=-,flush=-,to=9977/30000}{io=1/1,kio=-1,kro=-1}->HttpConnection@5ca2382[p=HttpParser{s=CLOSE,0 of -1},g=HttpGenerator@33bb3ddd{s=START}]=>HttpChannelOverHttp@47712d9e{s=HttpChannelState@273bb14{s=IDLE rs=BLOCKING os=OPEN is=IDLE awp=false se=false i=true al=0},r=1,c=false/false,a=IDLE,uri=null,age=0}
13:18:22.604 [qtp336949043-36] DEBUG org.eclipse.jetty.util.thread.QueuedThreadPool - run org.eclipse.jetty.io.ManagedSelector$DestroyEndPoint@1ab26049 in QueuedThreadPool[qtp336949043]@14156f33{STARTED,8<=8<=14,i=0,r=1,q=0}[ReservedThreadExecutor@264c02c5{s=1/1,p=0}]
13:18:22.604 [qtp336949043-38] DEBUG org.eclipse.jetty.io.AbstractConnection - onClose HttpConnection@5ca2382::NetworkTrafficSocketChannelEndPoint@4d8946ee{/127.0.0.1:64969<->/127.0.0.1:8080,CLOSED,fill=-,flush=-,to=9977/30000}{io=1/1,kio=-1,kro=-1}->HttpConnection@5ca2382[p=HttpParser{s=CLOSE,0 of -1},g=HttpGenerator@33bb3ddd{s=START}]=>HttpChannelOverHttp@47712d9e{s=HttpChannelState@273bb14{s=IDLE rs=BLOCKING os=OPEN is=IDLE awp=false se=false i=true al=0},r=1,c=false/false,a=IDLE,uri=null,age=0}
13:18:22.604 [qtp336949043-36] DEBUG org.eclipse.jetty.io.ManagedSelector - Destroyed NetworkTrafficSocketChannelEndPoint@45da84a3{/127.0.0.1:64976<->/127.0.0.1:8080,CLOSED,fill=-,flush=-,to=1999/30000}{io=0/0,kio=-1,kro=-1}->HttpConnection@72613969[p=HttpParser{s=END,0 of -1},g=HttpGenerator@630f441a{s=START}]=>HttpChannelOverHttp@27d268e4{s=HttpChannelState@4268e4b2{s=HANDLING rs=BLOCKING os=OPEN is=READY awp=false se=false i=true al=0},r=1,c=false/false,a=HANDLING,uri=//localhost:8080/api/v0/components/provision-adapters/awx,age=1997}
13:18:22.604 [qtp336949043-38] DEBUG org.eclipse.jetty.util.thread.QueuedThreadPool - ran org.eclipse.jetty.io.ManagedSelector$DestroyEndPoint@5f58bd07 in QueuedThreadPool[qtp336949043]@14156f33{STARTED,8<=8<=14,i=0,r=1,q=0}[ReservedThreadExecutor@264c02c5{s=1/1,p=0}]
13:18:22.604 [qtp336949043-36] DEBUG org.eclipse.jetty.io.AbstractConnection - onClose HttpConnection@72613969::NetworkTrafficSocketChannelEndPoint@45da84a3{/127.0.0.1:64976<->/127.0.0.1:8080,CLOSED,fill=-,flush=-,to=1999/30000}{io=0/0,kio=-1,kro=-1}->HttpConnection@72613969[p=HttpParser{s=END,0 of -1},g=HttpGenerator@630f441a{s=START}]=>HttpChannelOverHttp@27d268e4{s=HttpChannelState@4268e4b2{s=HANDLING rs=BLOCKING os=OPEN is=READY awp=false se=false i=true al=0},r=1,c=false/false,a=HANDLING,uri=//localhost:8080/api/v0/components/provision-adapters/awx,age=1997}
13:18:22.605 [qtp336949043-36] DEBUG org.eclipse.jetty.util.thread.QueuedThreadPool - ran org.eclipse.jetty.io.ManagedSelector$DestroyEndPoint@1ab26049 in QueuedThreadPool[qtp336949043]@14156f33{STARTED,8<=8<=14,i=1,r=1,q=0}[ReservedThreadExecutor@264c02c5{s=1/1,p=0}]
13:18:22.605 [Test worker] DEBUG org.eclipse.jetty.io.ManagedSelector - Queued change org.eclipse.jetty.io.ManagedSelector$StopSelector@3163c3ee on ManagedSelector@5efcef8c{STOPPING} id=1 keys=0 selected=0 updates=0
13:18:22.605 [Test worker] DEBUG org.eclipse.jetty.io.ManagedSelector - Wakeup on submit ManagedSelector@5efcef8c{STOPPING} id=1 keys=0 selected=0 updates=1
13:18:22.605 [qtp336949043-33] DEBUG org.eclipse.jetty.io.ManagedSelector - Selector sun.nio.ch.WindowsSelectorImpl@24f6d469 woken with none selected
13:18:22.605 [qtp336949043-33] DEBUG org.eclipse.jetty.io.ManagedSelector - Selector sun.nio.ch.WindowsSelectorImpl@24f6d469 woken up from select, 0/0/0 selected
13:18:22.605 [qtp336949043-33] DEBUG org.eclipse.jetty.io.ManagedSelector - Selector sun.nio.ch.WindowsSelectorImpl@24f6d469 processing 0 keys, 1 updates
13:18:22.605 [qtp336949043-33] DEBUG org.eclipse.jetty.io.ManagedSelector - updateable 1
13:18:22.605 [qtp336949043-33] DEBUG org.eclipse.jetty.io.ManagedSelector - update org.eclipse.jetty.io.ManagedSelector$StopSelector@3163c3ee
13:18:22.605 [qtp336949043-33] DEBUG org.eclipse.jetty.io.ManagedSelector - updates 0
13:18:22.605 [qtp336949043-33] DEBUG org.eclipse.jetty.util.thread.ReservedThreadExecutor - ReservedThreadExecutor@264c02c5{s=1/1,p=0}@5ce13b62 size 1 > capacity
13:18:22.605 [qtp336949043-33] DEBUG org.eclipse.jetty.util.thread.QueuedThreadPool - ran ReservedThreadExecutor@264c02c5{s=1/1,p=0}@5ce13b62 in QueuedThreadPool[qtp336949043]@14156f33{STARTED,8<=8<=14,i=2,r=1,q=0}[ReservedThreadExecutor@264c02c5{s=1/1,p=0}]
13:18:22.606 [Test worker] DEBUG org.eclipse.jetty.util.component.AbstractLifeCycle - stopping EatWhatYouKill@672f2e73/SelectorProducer@ba28fc3/IDLE/p=false/QueuedThreadPool[qtp336949043]@14156f33{STARTED,8<=8<=14,i=3,r=1,q=0}[ReservedThreadExecutor@264c02c5{s=1/1,p=0}][pc=0,pic=0,pec=1,epc=2]@2020-09-25T13:18:22.6064749+02:00
13:18:22.607 [Test worker] DEBUG org.eclipse.jetty.util.component.AbstractLifeCycle - STOPPED EatWhatYouKill@672f2e73/SelectorProducer@ba28fc3/IDLE/p=false/QueuedThreadPool[qtp336949043]@14156f33{STARTED,8<=8<=14,i=3,r=1,q=0}[ReservedThreadExecutor@264c02c5{s=1/1,p=0}][pc=0,pic=0,pec=1,epc=2]@2020-09-25T13:18:22.6074743+02:00
13:18:22.607 [Test worker] DEBUG org.eclipse.jetty.util.component.AbstractLifeCycle - STOPPED ManagedSelector@5efcef8c{STOPPED} id=1 keys=-1 selected=-1 updates=0
13:18:22.607 [Test worker] DEBUG org.eclipse.jetty.util.component.AbstractLifeCycle - stopping ManagedSelector@74341b2c{STARTED} id=0 keys=0 selected=0 updates=0
13:18:22.607 [Test worker] DEBUG org.eclipse.jetty.io.ManagedSelector - Queued change org.eclipse.jetty.io.ManagedSelector$CloseConnections@5a21bff9 on ManagedSelector@74341b2c{STOPPING} id=0 keys=0 selected=0 updates=0
13:18:22.607 [Test worker] DEBUG org.eclipse.jetty.io.ManagedSelector - Wakeup on submit ManagedSelector@74341b2c{STOPPING} id=0 keys=0 selected=0 updates=1
13:18:22.607 [qtp336949043-40] DEBUG org.eclipse.jetty.io.ManagedSelector - Selector sun.nio.ch.WindowsSelectorImpl@69c35d72 woken with none selected
13:18:22.608 [qtp336949043-40] DEBUG org.eclipse.jetty.io.ManagedSelector - Selector sun.nio.ch.WindowsSelectorImpl@69c35d72 woken up from select, 0/0/0 selected
13:18:22.608 [qtp336949043-40] DEBUG org.eclipse.jetty.io.ManagedSelector - Selector sun.nio.ch.WindowsSelectorImpl@69c35d72 processing 0 keys, 1 updates
13:18:22.608 [qtp336949043-40] DEBUG org.eclipse.jetty.io.ManagedSelector - updateable 1
13:18:22.608 [qtp336949043-40] DEBUG org.eclipse.jetty.io.ManagedSelector - update org.eclipse.jetty.io.ManagedSelector$CloseConnections@5a21bff9
13:18:22.608 [qtp336949043-40] DEBUG org.eclipse.jetty.io.ManagedSelector - Closing 0 connections on ManagedSelector@74341b2c{STOPPING} id=0 keys=0 selected=0 updates=0
13:18:22.608 [qtp336949043-40] DEBUG org.eclipse.jetty.io.ManagedSelector - updates 0
13:18:22.608 [qtp336949043-40] DEBUG org.eclipse.jetty.io.ManagedSelector - Selector sun.nio.ch.WindowsSelectorImpl@69c35d72 waiting with 0 keys
13:18:22.608 [Test worker] DEBUG org.eclipse.jetty.io.ManagedSelector - Queued change org.eclipse.jetty.io.ManagedSelector$StopSelector@5abdc0a5 on ManagedSelector@74341b2c{STOPPING} id=0 keys=0 selected=0 updates=0
13:18:22.608 [Test worker] DEBUG org.eclipse.jetty.io.ManagedSelector - Wakeup on submit ManagedSelector@74341b2c{STOPPING} id=0 keys=0 selected=0 updates=1
13:18:22.608 [qtp336949043-40] DEBUG org.eclipse.jetty.io.ManagedSelector - Selector sun.nio.ch.WindowsSelectorImpl@69c35d72 woken with none selected
13:18:22.608 [qtp336949043-40] DEBUG org.eclipse.jetty.io.ManagedSelector - Selector sun.nio.ch.WindowsSelectorImpl@69c35d72 woken up from select, 0/0/0 selected
13:18:22.608 [qtp336949043-40] DEBUG org.eclipse.jetty.io.ManagedSelector - Selector sun.nio.ch.WindowsSelectorImpl@69c35d72 processing 0 keys, 1 updates
13:18:22.608 [qtp336949043-40] DEBUG org.eclipse.jetty.io.ManagedSelector - updateable 1
13:18:22.608 [qtp336949043-40] DEBUG org.eclipse.jetty.io.ManagedSelector - update org.eclipse.jetty.io.ManagedSelector$StopSelector@5abdc0a5
13:18:22.609 [qtp336949043-40] DEBUG org.eclipse.jetty.io.ManagedSelector - updates 0
13:18:22.609 [Test worker] DEBUG org.eclipse.jetty.util.component.AbstractLifeCycle - stopping EatWhatYouKill@64411409/SelectorProducer@3a1df2c1/PRODUCING/p=false/QueuedThreadPool[qtp336949043]@14156f33{STARTED,8<=8<=14,i=3,r=1,q=0}[ReservedThreadExecutor@264c02c5{s=1/1,p=0}][pc=0,pic=0,pec=0,epc=2]@2020-09-25T13:18:22.609473+02:00
13:18:22.609 [qtp336949043-40] DEBUG org.eclipse.jetty.util.thread.ReservedThreadExecutor - ReservedThreadExecutor@264c02c5{s=1/1,p=0}@794bf028 size 1 > capacity
13:18:22.609 [qtp336949043-40] DEBUG org.eclipse.jetty.util.thread.QueuedThreadPool - ran ReservedThreadExecutor@264c02c5{s=1/1,p=0}@794bf028 in QueuedThreadPool[qtp336949043]@14156f33{STARTED,8<=8<=14,i=3,r=1,q=0}[ReservedThreadExecutor@264c02c5{s=1/1,p=0}]
13:18:22.609 [Test worker] DEBUG org.eclipse.jetty.util.component.AbstractLifeCycle - STOPPED EatWhatYouKill@64411409/SelectorProducer@3a1df2c1/IDLE/p=false/QueuedThreadPool[qtp336949043]@14156f33{STARTED,8<=8<=14,i=3,r=1,q=0}[ReservedThreadExecutor@264c02c5{s=1/1,p=0}][pc=0,pic=0,pec=0,epc=2]@2020-09-25T13:18:22.609473+02:00
13:18:22.610 [Test worker] DEBUG org.eclipse.jetty.util.component.AbstractLifeCycle - STOPPED ManagedSelector@74341b2c{STOPPED} id=0 keys=-1 selected=-1 updates=0
13:18:22.610 [Test worker] DEBUG org.eclipse.jetty.util.component.AbstractLifeCycle - STOPPED SelectorManager@NetworkTrafficServerConnector@2c36df18{HTTP/1.1, (http/1.1)}{0.0.0.0:8080}
13:18:22.610 [Test worker] DEBUG org.eclipse.jetty.util.component.AbstractLifeCycle - stopping HttpConnectionFactory@55738316[HTTP/1.1]
13:18:22.610 [Test worker] DEBUG org.eclipse.jetty.util.component.AbstractLifeCycle - STOPPED HttpConnectionFactory@55738316[HTTP/1.1]
13:18:22.610 [Test worker] DEBUG org.eclipse.jetty.util.component.AbstractLifeCycle - stopping ScheduledExecutorScheduler@289ae342{STARTED}
13:18:22.610 [Test worker] DEBUG org.eclipse.jetty.util.component.AbstractLifeCycle - STOPPED ScheduledExecutorScheduler@289ae342{STOPPED}
13:18:22.610 [Test worker] INFO org.eclipse.jetty.server.AbstractConnector - Stopped NetworkTrafficServerConnector@2c36df18{HTTP/1.1, (http/1.1)}{0.0.0.0:8080}
13:18:22.610 [Test worker] DEBUG org.eclipse.jetty.util.component.AbstractLifeCycle - STOPPED NetworkTrafficServerConnector@2c36df18{HTTP/1.1, (http/1.1)}{0.0.0.0:8080}
13:18:22.610 [Test worker] DEBUG org.eclipse.jetty.server.handler.AbstractHandler - stopping Server@37e679cd{STOPPING}[9.4.28.v20200408]
13:18:22.610 [Test worker] DEBUG org.eclipse.jetty.util.component.AbstractLifeCycle - stopping ErrorHandler@57e7119f{STARTED}
13:18:22.610 [Test worker] DEBUG org.eclipse.jetty.server.handler.AbstractHandler - stopping ErrorHandler@57e7119f{STOPPING}
13:18:22.610 [Test worker] DEBUG org.eclipse.jetty.util.component.AbstractLifeCycle - STOPPED ErrorHandler@57e7119f{STOPPED}
13:18:22.610 [Test worker] DEBUG org.eclipse.jetty.util.component.AbstractLifeCycle - stopping HandlerCollection@5e85fbf5{STARTED}
13:18:22.610 [Test worker] DEBUG org.eclipse.jetty.server.handler.AbstractHandler - stopping HandlerCollection@5e85fbf5{STOPPING}
13:18:22.610 [Test worker] DEBUG org.eclipse.jetty.util.component.AbstractLifeCycle - stopping GzipHandler@74c28093{STARTED,min=32,inflate=-1}
13:18:22.610 [Test worker] DEBUG org.eclipse.jetty.server.handler.AbstractHandler - stopping GzipHandler@74c28093{STOPPING,min=32,inflate=-1}
13:18:22.610 [Test worker] DEBUG org.eclipse.jetty.util.component.AbstractLifeCycle - stopping o.e.j.s.ServletContextHandler@7b8a759f{/,null,SHUTDOWN}
13:18:22.610 [Test worker] DEBUG org.eclipse.jetty.server.handler.AbstractHandler - stopping o.e.j.s.ServletContextHandler@7b8a759f{/,null,UNAVAILABLE}
13:18:22.610 [Test worker] DEBUG org.eclipse.jetty.util.component.AbstractLifeCycle - stopping NotFoundHandler@14277aa2{STARTED}
13:18:22.610 [Test worker] DEBUG org.eclipse.jetty.server.handler.AbstractHandler - stopping NotFoundHandler@14277aa2{STOPPING}
13:18:22.610 [Test worker] DEBUG org.eclipse.jetty.util.component.AbstractLifeCycle - STOPPED NotFoundHandler@14277aa2{STOPPED}
13:18:22.610 [Test worker] DEBUG org.eclipse.jetty.util.component.AbstractLifeCycle - stopping ServletHandler@588c1a7f{STARTED}
13:18:22.610 [Test worker] DEBUG org.eclipse.jetty.server.handler.AbstractHandler - stopping ServletHandler@588c1a7f{STOPPING}
13:18:22.610 [Test worker] DEBUG org.eclipse.jetty.util.component.AbstractLifeCycle - stopping org.eclipse.jetty.servlets.CrossOriginFilter-71d86d06@71d86d06==org.eclipse.jetty.servlets.CrossOriginFilter,inst=true,async=true
13:18:22.610 [Test worker] DEBUG org.eclipse.jetty.util.component.AbstractLifeCycle - STOPPED org.eclipse.jetty.servlets.CrossOriginFilter-71d86d06@71d86d06==org.eclipse.jetty.servlets.CrossOriginFilter,inst=false,async=true
13:18:22.610 [Test worker] DEBUG org.eclipse.jetty.util.component.AbstractLifeCycle - stopping com.github.tomakehurst.wiremock.servlet.TrailingSlashFilter-db380ab@db380ab==com.github.tomakehurst.wiremock.servlet.TrailingSlashFilter,inst=true,async=true
13:18:22.611 [Test worker] DEBUG org.eclipse.jetty.util.component.AbstractLifeCycle - STOPPED com.github.tomakehurst.wiremock.servlet.TrailingSlashFilter-db380ab@db380ab==com.github.tomakehurst.wiremock.servlet.TrailingSlashFilter,inst=false,async=true
13:18:22.611 [Test worker] DEBUG org.eclipse.jetty.util.component.AbstractLifeCycle - stopping com.github.tomakehurst.wiremock.servlet.ContentTypeSettingFilter-2cc0d5bb@2cc0d5bb==com.github.tomakehurst.wiremock.servlet.ContentTypeSettingFilter,inst=true,async=true
13:18:22.611 [Test worker] DEBUG org.eclipse.jetty.util.component.AbstractLifeCycle - STOPPED com.github.tomakehurst.wiremock.servlet.ContentTypeSettingFilter-2cc0d5bb@2cc0d5bb==com.github.tomakehurst.wiremock.servlet.ContentTypeSettingFilter,inst=false,async=true
13:18:22.611 [Test worker] DEBUG org.eclipse.jetty.util.component.AbstractLifeCycle - stopping com.github.tomakehurst.wiremock.servlet.WireMockHandlerDispatchingServlet-3bc8fbe0@fc9d58f9==com.github.tomakehurst.wiremock.servlet.WireMockHandlerDispatchingServlet,jsp=null,order=-1,inst=true,async=true
13:18:22.611 [Test worker] DEBUG org.eclipse.jetty.util.component.AbstractLifeCycle - STOPPED com.github.tomakehurst.wiremock.servlet.WireMockHandlerDispatchingServlet-3bc8fbe0@fc9d58f9==com.github.tomakehurst.wiremock.servlet.WireMockHandlerDispatchingServlet,jsp=null,order=-1,inst=false,async=true
13:18:22.611 [Test worker] DEBUG org.eclipse.jetty.util.component.AbstractLifeCycle - stopping org.eclipse.jetty.servlet.DefaultServlet-13c6528a@18b448fa==org.eclipse.jetty.servlet.DefaultServlet,jsp=null,order=-1,inst=false,async=true
13:18:22.611 [Test worker] DEBUG org.eclipse.jetty.util.component.AbstractLifeCycle - STOPPED org.eclipse.jetty.servlet.DefaultServlet-13c6528a@18b448fa==org.eclipse.jetty.servlet.DefaultServlet,jsp=null,order=-1,inst=false,async=true
13:18:22.611 [Test worker] DEBUG org.eclipse.jetty.util.component.AbstractLifeCycle - STOPPED ServletHandler@588c1a7f{STOPPED}
13:18:22.611 [Test worker] INFO org.eclipse.jetty.server.handler.ContextHandler - Stopped o.e.j.s.ServletContextHandler@7b8a759f{/,null,UNAVAILABLE}
13:18:22.611 [Test worker] DEBUG org.eclipse.jetty.util.component.AbstractLifeCycle - STOPPED o.e.j.s.ServletContextHandler@7b8a759f{/,null,UNAVAILABLE}
13:18:22.611 [Test worker] DEBUG org.eclipse.jetty.util.component.AbstractLifeCycle - STOPPED GzipHandler@74c28093{STOPPED,min=32,inflate=-1}
13:18:22.611 [Test worker] DEBUG org.eclipse.jetty.util.component.AbstractLifeCycle - stopping o.e.j.s.ServletContextHandler@58d1a4a5{/__admin,null,SHUTDOWN}
13:18:22.611 [Test worker] DEBUG org.eclipse.jetty.server.handler.AbstractHandler - stopping o.e.j.s.ServletContextHandler@58d1a4a5{/__admin,null,UNAVAILABLE}
13:18:22.611 [Test worker] DEBUG org.eclipse.jetty.util.component.AbstractLifeCycle - stopping ServletHandler@3d7a1559{STARTED}
13:18:22.611 [Test worker] DEBUG org.eclipse.jetty.server.handler.AbstractHandler - stopping ServletHandler@3d7a1559{STOPPING}
13:18:22.611 [Test worker] DEBUG org.eclipse.jetty.util.component.AbstractLifeCycle - stopping org.eclipse.jetty.servlets.CrossOriginFilter-48906236@48906236==org.eclipse.jetty.servlets.CrossOriginFilter,inst=true,async=true
13:18:22.611 [Test worker] DEBUG org.eclipse.jetty.util.component.AbstractLifeCycle - STOPPED org.eclipse.jetty.servlets.CrossOriginFilter-48906236@48906236==org.eclipse.jetty.servlets.CrossOriginFilter,inst=false,async=true
13:18:22.611 [Test worker] DEBUG org.eclipse.jetty.util.component.AbstractLifeCycle - stopping com.github.tomakehurst.wiremock.servlet.WireMockHandlerDispatchingServlet-25ad7b07@4730b6c6==com.github.tomakehurst.wiremock.servlet.WireMockHandlerDispatchingServlet,jsp=null,order=-1,inst=true,async=true
13:18:22.611 [Test worker] DEBUG org.eclipse.jetty.util.component.AbstractLifeCycle - STOPPED com.github.tomakehurst.wiremock.servlet.WireMockHandlerDispatchingServlet-25ad7b07@4730b6c6==com.github.tomakehurst.wiremock.servlet.WireMockHandlerDispatchingServlet,jsp=null,order=-1,inst=false,async=true
13:18:22.611 [Test worker] DEBUG org.eclipse.jetty.util.component.AbstractLifeCycle - stopping org.eclipse.jetty.servlet.DefaultServlet-4c343c97@e97dee1d==org.eclipse.jetty.servlet.DefaultServlet,jsp=null,order=-1,inst=false,async=true
13:18:22.611 [Test worker] DEBUG org.eclipse.jetty.util.component.AbstractLifeCycle - STOPPED org.eclipse.jetty.servlet.DefaultServlet-4c343c97@e97dee1d==org.eclipse.jetty.servlet.DefaultServlet,jsp=null,order=-1,inst=false,async=true
13:18:22.611 [Test worker] DEBUG org.eclipse.jetty.util.component.AbstractLifeCycle - stopping org.eclipse.jetty.servlet.DefaultServlet-1995578c@e601db0==org.eclipse.jetty.servlet.DefaultServlet,jsp=null,order=-1,inst=false,async=true
13:18:22.611 [Test worker] DEBUG org.eclipse.jetty.util.component.AbstractLifeCycle - STOPPED org.eclipse.jetty.servlet.DefaultServlet-1995578c@e601db0==org.eclipse.jetty.servlet.DefaultServlet,jsp=null,order=-1,inst=false,async=true
13:18:22.611 [Test worker] DEBUG org.eclipse.jetty.util.component.AbstractLifeCycle - STOPPED ServletHandler@3d7a1559{STOPPED}
13:18:22.611 [Test worker] INFO org.eclipse.jetty.server.handler.ContextHandler - Stopped o.e.j.s.ServletContextHandler@58d1a4a5{/__admin,null,UNAVAILABLE}
13:18:22.611 [Test worker] DEBUG org.eclipse.jetty.util.component.AbstractLifeCycle - STOPPED o.e.j.s.ServletContextHandler@58d1a4a5{/__admin,null,UNAVAILABLE}
13:18:22.612 [Test worker] DEBUG org.eclipse.jetty.util.component.AbstractLifeCycle - STOPPED HandlerCollection@5e85fbf5{STOPPED}
13:18:22.612 [Test worker] DEBUG org.eclipse.jetty.util.component.AbstractLifeCycle - stopping QueuedThreadPool[qtp336949043]@14156f33{STARTED,8<=8<=14,i=4,r=1,q=0}[ReservedThreadExecutor@264c02c5{s=1/1,p=0}]
13:18:22.612 [Test worker] DEBUG org.eclipse.jetty.util.thread.QueuedThreadPool - Stopping QueuedThreadPool[qtp336949043]@14156f33{STOPPING,8<=8<=14,i=4,r=-1,q=0}[ReservedThreadExecutor@264c02c5{s=1/1,p=0}]
13:18:22.612 [Test worker] DEBUG org.eclipse.jetty.util.component.AbstractLifeCycle - stopping ReservedThreadExecutor@264c02c5{s=1/1,p=0}
13:18:22.612 [Test worker] DEBUG org.eclipse.jetty.util.thread.ReservedThreadExecutor - ReservedThreadExecutor@264c02c5{s=0/1,p=0}@7cd0d0be offer STOP!
13:18:22.612 [Test worker] DEBUG org.eclipse.jetty.util.component.AbstractLifeCycle - STOPPED ReservedThreadExecutor@264c02c5{s=-1/1,p=0}
13:18:22.612 [Test worker] DEBUG org.eclipse.jetty.util.component.AbstractLifeCycle - STOPPED QueuedThreadPool[qtp336949043]@14156f33{STOPPED,8<=0<=14,i=4,r=-1,q=0}[NO_TRY]
13:18:22.612 [Test worker] DEBUG org.eclipse.jetty.util.component.AbstractLifeCycle - STOPPED Server@37e679cd{STOPPED}[9.4.28.v20200408]
13:18:22.615 [qtp336949043-34] DEBUG org.eclipse.jetty.util.thread.ReservedThreadExecutor - ReservedThreadExecutor@264c02c5{s=-1/1,p=0}@7cd0d0be task=STOP!
13:18:22.615 [qtp336949043-34] DEBUG org.eclipse.jetty.util.thread.ReservedThreadExecutor - ReservedThreadExecutor@264c02c5{s=-1/1,p=0}@7cd0d0be Exited
13:18:22.615 [qtp336949043-34] DEBUG org.eclipse.jetty.util.thread.QueuedThreadPool - ran ReservedThreadExecutor@264c02c5{s=-1/1,p=0}@7cd0d0be in QueuedThreadPool[qtp336949043]@14156f33{STOPPED,8<=0<=14,i=4,r=-1,q=0}[NO_TRY]
13:18:22.615 [qtp336949043-34] DEBUG org.eclipse.jetty.util.thread.QueuedThreadPool - Thread[qtp336949043-34,5,main] exited for QueuedThreadPool[qtp336949043]@14156f33{STOPPED,8<=0<=14,i=4,r=-1,q=0}[NO_TRY]
13:18:22.621 [Test worker] DEBUG org.eclipse.jetty.util.component.ContainerLifeCycle - Server@554348da{STOPPED}[9.4.28.v20200408] added {QueuedThreadPool[qtp426008992]@196461a0{STOPPED,8<=0<=14,i=0,r=-1,q=0}[NO_TRY],AUTO}
13:18:22.621 [Test worker] DEBUG org.eclipse.jetty.util.component.ContainerLifeCycle - HttpConnectionFactory@c35c8ed[HTTP/1.1] added {HttpConfiguration@4360b2cf{32768/8192,8192/8192,https://:0,[]},POJO}
13:18:22.621 [Test worker] DEBUG org.eclipse.jetty.util.component.ContainerLifeCycle - NetworkTrafficServerConnector@7933a262{null, ()}{0.0.0.0:0} added {Server@554348da{STOPPED}[9.4.28.v20200408],UNMANAGED}
13:18:22.622 [Test worker] DEBUG org.eclipse.jetty.util.component.ContainerLifeCycle - NetworkTrafficServerConnector@7933a262{null, ()}{0.0.0.0:0} added {QueuedThreadPool[qtp426008992]@196461a0{STOPPED,8<=0<=14,i=0,r=-1,q=0}[NO_TRY],AUTO}
13:18:22.622 [Test worker] DEBUG org.eclipse.jetty.util.component.ContainerLifeCycle - NetworkTrafficServerConnector@7933a262{null, ()}{0.0.0.0:0} added {ScheduledExecutorScheduler@36792006{STOPPED},AUTO}
13:18:22.622 [Test worker] DEBUG org.eclipse.jetty.util.component.ContainerLifeCycle - NetworkTrafficServerConnector@7933a262{null, ()}{0.0.0.0:0} added {org.eclipse.jetty.io.ArrayByteBufferPool@1429e484,POJO}
13:18:22.622 [Test worker] DEBUG org.eclipse.jetty.util.component.ContainerLifeCycle - NetworkTrafficServerConnector@7933a262{null, (http/1.1)}{0.0.0.0:0} added {HttpConnectionFactory@c35c8ed[HTTP/1.1],AUTO}
13:18:22.622 [Test worker] DEBUG org.eclipse.jetty.server.AbstractConnector - NetworkTrafficServerConnector@7933a262{HTTP/1.1, (http/1.1)}{0.0.0.0:0} added HttpConnectionFactory@c35c8ed[HTTP/1.1]
13:18:22.622 [Test worker] DEBUG org.eclipse.jetty.util.component.ContainerLifeCycle - NetworkTrafficServerConnector@7933a262{HTTP/1.1, (http/1.1)}{0.0.0.0:0} added {SelectorManager@NetworkTrafficServerConnector@7933a262{HTTP/1.1, (http/1.1)}{0.0.0.0:0},MANAGED}
13:18:22.622 [Test worker] DEBUG org.eclipse.jetty.util.component.ContainerLifeCycle - Server@554348da{STOPPED}[9.4.28.v20200408] added {NetworkTrafficServerConnector@7933a262{HTTP/1.1, (http/1.1)}{0.0.0.0:8080},AUTO}
13:18:22.623 [Test worker] DEBUG org.eclipse.jetty.util.component.ContainerLifeCycle - Server@554348da{STOPPED}[9.4.28.v20200408] added {o.e.j.s.ServletContextHandler@5219ca04{/__admin,null,UNAVAILABLE},MANAGED}
13:18:22.623 [Test worker] DEBUG org.eclipse.jetty.util.DecoratedObjectFactory - Adding Decorator: org.eclipse.jetty.util.DeprecationWarning@365d5297
13:18:22.623 [Test worker] DEBUG org.eclipse.jetty.util.component.ContainerLifeCycle - o.e.j.s.ServletContextHandler@5219ca04{/__admin,null,UNAVAILABLE} added {ServletHandler@495b3d4a{STOPPED},MANAGED}
13:18:22.624 [Test worker] DEBUG org.eclipse.jetty.util.component.ContainerLifeCycle - Server@554348da{STOPPED}[9.4.28.v20200408] added {o.e.j.s.ServletContextHandler@3ff531df{/,null,UNAVAILABLE},MANAGED}
13:18:22.625 [Test worker] DEBUG org.eclipse.jetty.util.DecoratedObjectFactory - Adding Decorator: org.eclipse.jetty.util.DeprecationWarning@7305a603
13:18:22.625 [Test worker] DEBUG org.eclipse.jetty.util.component.ContainerLifeCycle - o.e.j.s.ServletContextHandler@3ff531df{/,null,UNAVAILABLE} added {ServletHandler@4a80ba65{STOPPED},MANAGED}
13:18:22.625 [Test worker] DEBUG org.eclipse.jetty.util.component.ContainerLifeCycle - o.e.j.s.ServletContextHandler@3ff531df{/,null,UNAVAILABLE} added {NotFoundHandler@258f2e8d{STOPPED},MANAGED}
13:18:22.625 [Test worker] DEBUG org.eclipse.jetty.util.component.ContainerLifeCycle - HandlerCollection@4d5fd7af{STOPPED} added {o.e.j.s.ServletContextHandler@5219ca04{/__admin,null,UNAVAILABLE},AUTO}
13:18:22.626 [Test worker] DEBUG org.eclipse.jetty.http.pathmap.PathMappings - Added MappedResource[pathSpec=ServletPathSpec["*.svgz",pathDepth=0,group=SUFFIX_GLOB],resource=true] to PathMappings[size=1]
13:18:22.627 [Test worker] DEBUG org.eclipse.jetty.server.handler.gzip.GzipHandler - GzipHandler@3867a06c{STOPPED,min=32,inflate=-1} mime types IncludeExclude@73553baa{i=[],ip=CONTAINS,e=[image/ief, image/vnd.wap.wbmp, image/jpeg, application/bzip2, image/x-portable-graymap, application/brotli, image/bmp, image/gif, image/x-icon, audio/midi, video/x-msvideo, image/x-xbitmap, application/x-rar-compressed, image/x-portable-bitmap, image/x-rgb, image/x-cmu-raster, application/gzip, audio/x-wav, audio/x-pn-realaudio, audio/basic, application/compress, audio/x-aiff, video/x.ms.asx, video/x.ms.asf, image/png, video/vnd.rn-realvideo, image/x-xwindowdump, image/jpeg2000, video/x-sgi-movie, audio/mpeg, image/xcf, video/mpeg, image/x-portable-pixmap, image/tiff, image/x-portable-anymap, image/x-xpixmap, application/zip, video/quicktime, application/x-xz, video/mp4],ep=CONTAINS}
13:18:22.627 [Test worker] DEBUG org.eclipse.jetty.util.component.ContainerLifeCycle - GzipHandler@3867a06c{STOPPED,min=32,inflate=-1} added {o.e.j.s.ServletContextHandler@3ff531df{/,null,UNAVAILABLE},MANAGED}
13:18:22.627 [Test worker] DEBUG org.eclipse.jetty.util.component.ContainerLifeCycle - HandlerCollection@4d5fd7af{STOPPED} added {GzipHandler@3867a06c{STOPPED,min=32,inflate=-1},AUTO}
13:18:22.627 [Test worker] DEBUG org.eclipse.jetty.util.component.ContainerLifeCycle - Server@554348da{STOPPED}[9.4.28.v20200408] added {HandlerCollection@4d5fd7af{STOPPED},MANAGED}
13:18:22.627 [Test worker] DEBUG org.eclipse.jetty.util.component.AbstractLifeCycle - starting Server@554348da{STOPPED}[9.4.28.v20200408]
13:18:22.627 [Test worker] DEBUG org.eclipse.jetty.util.component.ContainerLifeCycle - Server@554348da{STARTING}[9.4.28.v20200408] added {ErrorHandler@21bd3fbb{STOPPED},AUTO}
13:18:22.627 [Test worker] INFO org.eclipse.jetty.server.Server - jetty-9.4.28.v20200408; built: 2020-04-08T17:49:39.557Z; git: ab228fde9e55e9164c738d7fa121f8ac5acd51c9; jvm 11.0.2+9
13:18:22.627 [Test worker] DEBUG org.eclipse.jetty.server.handler.AbstractHandler - starting Server@554348da{STARTING}[9.4.28.v20200408]
13:18:22.627 [Test worker] DEBUG org.eclipse.jetty.util.component.AbstractLifeCycle - starting QueuedThreadPool[qtp426008992]@196461a0{STOPPED,8<=0<=14,i=0,r=-1,q=0}[NO_TRY]
13:18:22.628 [Test worker] DEBUG org.eclipse.jetty.util.thread.ReservedThreadExecutor - ReservedThreadExecutor@126c668c{s=0/1,p=0}
13:18:22.628 [Test worker] DEBUG org.eclipse.jetty.util.component.ContainerLifeCycle - QueuedThreadPool[qtp426008992]@196461a0{STARTING,8<=0<=14,i=0,r=-1,q=0}[ReservedThreadExecutor@126c668c{s=0/1,p=0}] added {ReservedThreadExecutor@126c668c{s=0/1,p=0},AUTO}
13:18:22.628 [Test worker] DEBUG org.eclipse.jetty.util.component.AbstractLifeCycle - starting ReservedThreadExecutor@126c668c{s=0/1,p=0}
13:18:22.628 [Test worker] DEBUG org.eclipse.jetty.util.component.AbstractLifeCycle - STARTED @54186ms ReservedThreadExecutor@126c668c{s=0/1,p=0}
13:18:22.628 [Test worker] DEBUG org.eclipse.jetty.util.thread.QueuedThreadPool - Starting Thread[qtp426008992-45,5,main]
13:18:22.629 [Test worker] DEBUG org.eclipse.jetty.util.thread.QueuedThreadPool - Starting Thread[qtp426008992-46,5,main]
13:18:22.630 [Test worker] DEBUG org.eclipse.jetty.util.thread.QueuedThreadPool - Starting Thread[qtp426008992-47,5,main]
13:18:22.630 [Test worker] DEBUG org.eclipse.jetty.util.thread.QueuedThreadPool - Starting Thread[qtp426008992-48,5,main]
13:18:22.631 [Test worker] DEBUG org.eclipse.jetty.util.thread.QueuedThreadPool - Starting Thread[qtp426008992-49,5,main]
13:18:22.632 [Test worker] DEBUG org.eclipse.jetty.util.thread.QueuedThreadPool - Starting Thread[qtp426008992-50,5,main]
13:18:22.632 [qtp336949043-35] DEBUG org.eclipse.jetty.util.thread.QueuedThreadPool - ran qtp336949043-35-acceptor-0@13095f3f-NetworkTrafficServerConnector@2c36df18{HTTP/1.1, (http/1.1)}{0.0.0.0:8080} in QueuedThreadPool[qtp336949043]@14156f33{STOPPED,8<=0<=14,i=4,r=-1,q=0}[NO_TRY]
13:18:22.633 [Test worker] DEBUG org.eclipse.jetty.util.thread.QueuedThreadPool - Starting Thread[qtp426008992-51,5,main]
13:18:22.633 [qtp336949043-35] DEBUG org.eclipse.jetty.util.thread.QueuedThreadPool - Thread[qtp336949043-35,5,main] exited for QueuedThreadPool[qtp336949043]@14156f33{STOPPED,8<=0<=14,i=4,r=-1,q=0}[NO_TRY]
13:18:22.633 [Test worker] DEBUG org.eclipse.jetty.util.thread.QueuedThreadPool - Starting Thread[qtp426008992-52,5,main]
13:18:22.633 [qtp336949043-37] DEBUG org.eclipse.jetty.util.thread.QueuedThreadPool - ran qtp336949043-37-acceptor-2@1601be9e-NetworkTrafficServerConnector@2c36df18{HTTP/1.1, (http/1.1)}{0.0.0.0:8080} in QueuedThreadPool[qtp336949043]@14156f33{STOPPED,8<=0<=14,i=4,r=-1,q=0}[NO_TRY]
13:18:22.633 [qtp336949043-37] DEBUG org.eclipse.jetty.util.thread.QueuedThreadPool - Thread[qtp336949043-37,5,main] exited for QueuedThreadPool[qtp336949043]@14156f33{STOPPED,8<=0<=14,i=4,r=-1,q=0}[NO_TRY]
13:18:22.634 [Test worker] DEBUG org.eclipse.jetty.util.component.AbstractLifeCycle - STARTED @54191ms QueuedThreadPool[qtp426008992]@196461a0{STARTED,8<=8<=14,i=8,r=1,q=0}[ReservedThreadExecutor@126c668c{s=0/1,p=0}]
13:18:22.634 [Test worker] DEBUG org.eclipse.jetty.util.component.AbstractLifeCycle - starting HandlerCollection@4d5fd7af{STOPPED}
13:18:22.634 [Test worker] DEBUG org.eclipse.jetty.server.handler.AbstractHandler - starting HandlerCollection@4d5fd7af{STARTING}
13:18:22.634 [Test worker] DEBUG org.eclipse.jetty.util.component.AbstractLifeCycle - starting o.e.j.s.ServletContextHandler@5219ca04{/__admin,null,UNAVAILABLE}
13:18:22.634 [Test worker] DEBUG org.eclipse.jetty.server.handler.AbstractHandler - starting o.e.j.s.ServletContextHandler@5219ca04{/__admin,null,STARTING}
13:18:22.634 [Test worker] DEBUG org.eclipse.jetty.util.component.AbstractLifeCycle - starting ServletHandler@495b3d4a{STOPPED}
13:18:22.635 [Test worker] DEBUG org.eclipse.jetty.servlet.ServletHandler - Path=/recorder/*[EMBEDDED:null] mapped to servlet=org.eclipse.jetty.servlet.DefaultServlet-e584c9e[EMBEDDED:null]
13:18:22.635 [Test worker] DEBUG org.eclipse.jetty.http.pathmap.PathMappings - Added MappedResource[pathSpec=ServletPathSpec["/recorder/*",pathDepth=2,group=PREFIX_GLOB],resource=org.eclipse.jetty.servlet.DefaultServlet-e584c9e@9f934d04==org.eclipse.jetty.servlet.DefaultServlet,jsp=null,order=-1,inst=false,async=true] to PathMappings[size=1]
13:18:22.635 [Test worker] DEBUG org.eclipse.jetty.servlet.ServletHandler - Path=/swagger-ui/*[EMBEDDED:null] mapped to servlet=org.eclipse.jetty.servlet.DefaultServlet-128dfd21[EMBEDDED:null]
13:18:22.635 [Test worker] DEBUG org.eclipse.jetty.http.pathmap.PathMappings - Added MappedResource[pathSpec=ServletPathSpec["/swagger-ui/*",pathDepth=2,group=PREFIX_GLOB],resource=org.eclipse.jetty.servlet.DefaultServlet-128dfd21@9d0ce529==org.eclipse.jetty.servlet.DefaultServlet,jsp=null,order=-1,inst=false,async=true] to PathMappings[size=2]
13:18:22.635 [Test worker] DEBUG org.eclipse.jetty.servlet.ServletHandler - Path=/[EMBEDDED:null] mapped to servlet=com.github.tomakehurst.wiremock.servlet.WireMockHandlerDispatchingServlet-524d6e28[EMBEDDED:null]
13:18:22.635 [Test worker] DEBUG org.eclipse.jetty.http.pathmap.PathMappings - Added MappedResource[pathSpec=ServletPathSpec["/",pathDepth=-1,group=DEFAULT],resource=com.github.tomakehurst.wiremock.servlet.WireMockHandlerDispatchingServlet-524d6e28@93570ed0==com.github.tomakehurst.wiremock.servlet.WireMockHandlerDispatchingServlet,jsp=null,order=-1,inst=false,async=true] to PathMappings[size=3]
13:18:22.635 [Test worker] DEBUG org.eclipse.jetty.servlet.ServletHandler - filterNameMap={org.eclipse.jetty.servlets.CrossOriginFilter-426ca846=org.eclipse.jetty.servlets.CrossOriginFilter-426ca846@426ca846==org.eclipse.jetty.servlets.CrossOriginFilter,inst=false,async=true}
13:18:22.635 [Test worker] DEBUG org.eclipse.jetty.servlet.ServletHandler - pathFilters=[[/*]/[]/[REQUEST]=>org.eclipse.jetty.servlets.CrossOriginFilter-426ca846]
13:18:22.635 [Test worker] DEBUG org.eclipse.jetty.servlet.ServletHandler - servletFilterMap={}
13:18:22.635 [Test worker] DEBUG org.eclipse.jetty.servlet.ServletHandler - servletPathMap=PathMappings[size=3]
13:18:22.635 [Test worker] DEBUG org.eclipse.jetty.servlet.ServletHandler - servletNameMap={org.eclipse.jetty.servlet.DefaultServlet-128dfd21=org.eclipse.jetty.servlet.DefaultServlet-128dfd21@9d0ce529==org.eclipse.jetty.servlet.DefaultServlet,jsp=null,order=-1,inst=false,async=true, org.eclipse.jetty.servlet.DefaultServlet-e584c9e=org.eclipse.jetty.servlet.DefaultServlet-e584c9e@9f934d04==org.eclipse.jetty.servlet.DefaultServlet,jsp=null,order=-1,inst=false,async=true, com.github.tomakehurst.wiremock.servlet.WireMockHandlerDispatchingServlet-524d6e28=com.github.tomakehurst.wiremock.servlet.WireMockHandlerDispatchingServlet-524d6e28@93570ed0==com.github.tomakehurst.wiremock.servlet.WireMockHandlerDispatchingServlet,jsp=null,order=-1,inst=false,async=true}
13:18:22.635 [Test worker] DEBUG org.eclipse.jetty.server.handler.AbstractHandler - starting ServletHandler@495b3d4a{STARTING}
13:18:22.635 [Test worker] DEBUG org.eclipse.jetty.util.component.AbstractLifeCycle - STARTED @54193ms ServletHandler@495b3d4a{STARTED}
13:18:22.636 [Test worker] DEBUG org.eclipse.jetty.util.component.AbstractLifeCycle - starting org.eclipse.jetty.servlets.CrossOriginFilter-426ca846@426ca846==org.eclipse.jetty.servlets.CrossOriginFilter,inst=false,async=true
13:18:22.636 [Test worker] DEBUG org.eclipse.jetty.util.component.AbstractLifeCycle - STARTED @54193ms org.eclipse.jetty.servlets.CrossOriginFilter-426ca846@426ca846==org.eclipse.jetty.servlets.CrossOriginFilter,inst=false,async=true
13:18:22.636 [Test worker] DEBUG org.eclipse.jetty.servlet.FilterHolder - Filter.init org.eclipse.jetty.servlets.CrossOriginFilter@408ecbd1
13:18:22.636 [Test worker] DEBUG org.eclipse.jetty.servlets.CrossOriginFilter - Cross-origin filter configuration: allowedOrigins = *, allowedTimingOrigins = null, allowedMethods = OPTIONS,GET,POST,PUT,PATCH,DELETE, allowedHeaders = *, preflightMaxAge = 1800, allowCredentials = true,exposedHeaders = ,chainPreflight = false
13:18:22.636 [Test worker] DEBUG org.eclipse.jetty.util.component.AbstractLifeCycle - starting com.github.tomakehurst.wiremock.servlet.WireMockHandlerDispatchingServlet-524d6e28@93570ed0==com.github.tomakehurst.wiremock.servlet.WireMockHandlerDispatchingServlet,jsp=null,order=-1,inst=false,async=true
13:18:22.636 [Test worker] DEBUG org.eclipse.jetty.util.component.AbstractLifeCycle - STARTED @54194ms com.github.tomakehurst.wiremock.servlet.WireMockHandlerDispatchingServlet-524d6e28@93570ed0==com.github.tomakehurst.wiremock.servlet.WireMockHandlerDispatchingServlet,jsp=null,order=-1,inst=false,async=true
13:18:22.636 [Test worker] DEBUG org.eclipse.jetty.util.component.AbstractLifeCycle - starting org.eclipse.jetty.servlet.DefaultServlet-128dfd21@9d0ce529==org.eclipse.jetty.servlet.DefaultServlet,jsp=null,order=-1,inst=false,async=true
13:18:22.636 [Test worker] DEBUG org.eclipse.jetty.util.component.AbstractLifeCycle - STARTED @54194ms org.eclipse.jetty.servlet.DefaultServlet-128dfd21@9d0ce529==org.eclipse.jetty.servlet.DefaultServlet,jsp=null,order=-1,inst=false,async=true
13:18:22.636 [Test worker] DEBUG org.eclipse.jetty.util.component.AbstractLifeCycle - starting org.eclipse.jetty.servlet.DefaultServlet-e584c9e@9f934d04==org.eclipse.jetty.servlet.DefaultServlet,jsp=null,order=-1,inst=false,async=true
13:18:22.636 [Test worker] DEBUG org.eclipse.jetty.util.component.AbstractLifeCycle - STARTED @54194ms org.eclipse.jetty.servlet.DefaultServlet-e584c9e@9f934d04==org.eclipse.jetty.servlet.DefaultServlet,jsp=null,order=-1,inst=false,async=true
13:18:22.636 [Test worker] INFO org.eclipse.jetty.server.handler.ContextHandler - Started o.e.j.s.ServletContextHandler@5219ca04{/__admin,null,AVAILABLE}
13:18:22.636 [Test worker] DEBUG org.eclipse.jetty.util.component.AbstractLifeCycle - STARTED @54194ms o.e.j.s.ServletContextHandler@5219ca04{/__admin,null,AVAILABLE}
13:18:22.636 [Test worker] DEBUG org.eclipse.jetty.util.component.AbstractLifeCycle - starting GzipHandler@3867a06c{STOPPED,min=32,inflate=-1}
13:18:22.636 [Test worker] DEBUG org.eclipse.jetty.server.handler.AbstractHandler - starting GzipHandler@3867a06c{STARTING,min=32,inflate=-1}
13:18:22.636 [Test worker] DEBUG org.eclipse.jetty.util.component.AbstractLifeCycle - starting o.e.j.s.ServletContextHandler@3ff531df{/,null,UNAVAILABLE}
13:18:22.637 [Test worker] DEBUG org.eclipse.jetty.server.handler.AbstractHandler - starting o.e.j.s.ServletContextHandler@3ff531df{/,null,STARTING}
13:18:22.637 [Test worker] DEBUG org.eclipse.jetty.util.component.AbstractLifeCycle - starting ServletHandler@4a80ba65{STOPPED}
13:18:22.637 [Test worker] DEBUG org.eclipse.jetty.servlet.ServletHandler - Path=/__files/*[EMBEDDED:null] mapped to servlet=org.eclipse.jetty.servlet.DefaultServlet-6d8915eb[EMBEDDED:null]
13:18:22.637 [Test worker] DEBUG org.eclipse.jetty.http.pathmap.PathMappings - Added MappedResource[pathSpec=ServletPathSpec["/__files/*",pathDepth=2,group=PREFIX_GLOB],resource=org.eclipse.jetty.servlet.DefaultServlet-6d8915eb@f6f3a3cf==org.eclipse.jetty.servlet.DefaultServlet,jsp=null,order=-1,inst=false,async=true] to PathMappings[size=1]
13:18:22.637 [Test worker] DEBUG org.eclipse.jetty.servlet.ServletHandler - Path=/[EMBEDDED:null] mapped to servlet=com.github.tomakehurst.wiremock.servlet.WireMockHandlerDispatchingServlet-7be4ba4c[EMBEDDED:null]
13:18:22.637 [Test worker] DEBUG org.eclipse.jetty.http.pathmap.PathMappings - Added MappedResource[pathSpec=ServletPathSpec["/",pathDepth=-1,group=DEFAULT],resource=com.github.tomakehurst.wiremock.servlet.WireMockHandlerDispatchingServlet-7be4ba4c@9f5184b6==com.github.tomakehurst.wiremock.servlet.WireMockHandlerDispatchingServlet,jsp=null,order=-1,inst=false,async=true] to PathMappings[size=2]
13:18:22.637 [Test worker] DEBUG org.eclipse.jetty.servlet.ServletHandler - filterNameMap={com.github.tomakehurst.wiremock.servlet.ContentTypeSettingFilter-6a13fbcb=com.github.tomakehurst.wiremock.servlet.ContentTypeSettingFilter-6a13fbcb@6a13fbcb==com.github.tomakehurst.wiremock.servlet.ContentTypeSettingFilter,inst=false,async=true, com.github.tomakehurst.wiremock.servlet.TrailingSlashFilter-4f909d2f=com.github.tomakehurst.wiremock.servlet.TrailingSlashFilter-4f909d2f@4f909d2f==com.github.tomakehurst.wiremock.servlet.TrailingSlashFilter,inst=false,async=true, org.eclipse.jetty.servlets.CrossOriginFilter-1178684b=org.eclipse.jetty.servlets.CrossOriginFilter-1178684b@1178684b==org.eclipse.jetty.servlets.CrossOriginFilter,inst=false,async=true}
13:18:22.637 [Test worker] DEBUG org.eclipse.jetty.servlet.ServletHandler - pathFilters=[[/__files/*]/[]/[FORWARD]=>com.github.tomakehurst.wiremock.servlet.ContentTypeSettingFilter-6a13fbcb, [/__files/*]/[]/[FORWARD, ERROR, INCLUDE, REQUEST, ASYNC]=>com.github.tomakehurst.wiremock.servlet.TrailingSlashFilter-4f909d2f, [/*]/[]/[REQUEST]=>org.eclipse.jetty.servlets.CrossOriginFilter-1178684b]
13:18:22.637 [Test worker] DEBUG org.eclipse.jetty.servlet.ServletHandler - servletFilterMap={}
13:18:22.637 [Test worker] DEBUG org.eclipse.jetty.servlet.ServletHandler - servletPathMap=PathMappings[size=2]
13:18:22.637 [Test worker] DEBUG org.eclipse.jetty.servlet.ServletHandler - servletNameMap={com.github.tomakehurst.wiremock.servlet.WireMockHandlerDispatchingServlet-7be4ba4c=com.github.tomakehurst.wiremock.servlet.WireMockHandlerDispatchingServlet-7be4ba4c@9f5184b6==com.github.tomakehurst.wiremock.servlet.WireMockHandlerDispatchingServlet,jsp=null,order=-1,inst=false,async=true, org.eclipse.jetty.servlet.DefaultServlet-6d8915eb=org.eclipse.jetty.servlet.DefaultServlet-6d8915eb@f6f3a3cf==org.eclipse.jetty.servlet.DefaultServlet,jsp=null,order=-1,inst=false,async=true}
13:18:22.637 [Test worker] DEBUG org.eclipse.jetty.server.handler.AbstractHandler - starting ServletHandler@4a80ba65{STARTING}
13:18:22.637 [Test worker] DEBUG org.eclipse.jetty.util.component.AbstractLifeCycle - STARTED @54195ms ServletHandler@4a80ba65{STARTED}
13:18:22.637 [Test worker] DEBUG org.eclipse.jetty.util.component.AbstractLifeCycle - starting NotFoundHandler@258f2e8d{STOPPED}
13:18:22.637 [Test worker] DEBUG org.eclipse.jetty.server.handler.AbstractHandler - starting NotFoundHandler@258f2e8d{STARTING}
13:18:22.637 [Test worker] DEBUG org.eclipse.jetty.util.component.AbstractLifeCycle - STARTED @54195ms NotFoundHandler@258f2e8d{STARTED}
13:18:22.638 [Test worker] DEBUG org.eclipse.jetty.util.component.AbstractLifeCycle - starting com.github.tomakehurst.wiremock.servlet.ContentTypeSettingFilter-6a13fbcb@6a13fbcb==com.github.tomakehurst.wiremock.servlet.ContentTypeSettingFilter,inst=false,async=true
13:18:22.638 [Test worker] DEBUG org.eclipse.jetty.util.component.AbstractLifeCycle - STARTED @54195ms com.github.tomakehurst.wiremock.servlet.ContentTypeSettingFilter-6a13fbcb@6a13fbcb==com.github.tomakehurst.wiremock.servlet.ContentTypeSettingFilter,inst=false,async=true
13:18:22.638 [Test worker] DEBUG org.eclipse.jetty.servlet.FilterHolder - Filter.init com.github.tomakehurst.wiremock.servlet.ContentTypeSettingFilter@3e3b4469
13:18:22.638 [Test worker] DEBUG org.eclipse.jetty.util.component.AbstractLifeCycle - starting com.github.tomakehurst.wiremock.servlet.TrailingSlashFilter-4f909d2f@4f909d2f==com.github.tomakehurst.wiremock.servlet.TrailingSlashFilter,inst=false,async=true
13:18:22.638 [Test worker] DEBUG org.eclipse.jetty.util.component.AbstractLifeCycle - STARTED @54195ms com.github.tomakehurst.wiremock.servlet.TrailingSlashFilter-4f909d2f@4f909d2f==com.github.tomakehurst.wiremock.servlet.TrailingSlashFilter,inst=false,async=true
13:18:22.638 [Test worker] DEBUG org.eclipse.jetty.servlet.FilterHolder - Filter.init com.github.tomakehurst.wiremock.servlet.TrailingSlashFilter@622973ed
13:18:22.638 [Test worker] DEBUG org.eclipse.jetty.util.component.AbstractLifeCycle - starting org.eclipse.jetty.servlets.CrossOriginFilter-1178684b@1178684b==org.eclipse.jetty.servlets.CrossOriginFilter,inst=false,async=true
13:18:22.638 [Test worker] DEBUG org.eclipse.jetty.util.component.AbstractLifeCycle - STARTED @54196ms org.eclipse.jetty.servlets.CrossOriginFilter-1178684b@1178684b==org.eclipse.jetty.servlets.CrossOriginFilter,inst=false,async=true
13:18:22.638 [Test worker] DEBUG org.eclipse.jetty.servlet.FilterHolder - Filter.init org.eclipse.jetty.servlets.CrossOriginFilter@3f56e03c
13:18:22.638 [Test worker] DEBUG org.eclipse.jetty.servlets.CrossOriginFilter - Cross-origin filter configuration: allowedOrigins = *, allowedTimingOrigins = null, allowedMethods = OPTIONS,GET,POST,PUT,PATCH,DELETE, allowedHeaders = *, preflightMaxAge = 1800, allowCredentials = true,exposedHeaders = ,chainPreflight = false
13:18:22.638 [Test worker] DEBUG org.eclipse.jetty.util.component.AbstractLifeCycle - starting com.github.tomakehurst.wiremock.servlet.WireMockHandlerDispatchingServlet-7be4ba4c@9f5184b6==com.github.tomakehurst.wiremock.servlet.WireMockHandlerDispatchingServlet,jsp=null,order=-1,inst=false,async=true
13:18:22.638 [Test worker] DEBUG org.eclipse.jetty.util.component.AbstractLifeCycle - STARTED @54196ms com.github.tomakehurst.wiremock.servlet.WireMockHandlerDispatchingServlet-7be4ba4c@9f5184b6==com.github.tomakehurst.wiremock.servlet.WireMockHandlerDispatchingServlet,jsp=null,order=-1,inst=false,async=true
13:18:22.638 [Test worker] DEBUG org.eclipse.jetty.util.component.AbstractLifeCycle - starting org.eclipse.jetty.servlet.DefaultServlet-6d8915eb@f6f3a3cf==org.eclipse.jetty.servlet.DefaultServlet,jsp=null,order=-1,inst=false,async=true
13:18:22.638 [Test worker] DEBUG org.eclipse.jetty.util.component.AbstractLifeCycle - STARTED @54196ms org.eclipse.jetty.servlet.DefaultServlet-6d8915eb@f6f3a3cf==org.eclipse.jetty.servlet.DefaultServlet,jsp=null,order=-1,inst=false,async=true
13:18:22.638 [Test worker] INFO org.eclipse.jetty.server.handler.ContextHandler - Started o.e.j.s.ServletContextHandler@3ff531df{/,null,AVAILABLE}
13:18:22.638 [Test worker] DEBUG org.eclipse.jetty.util.component.AbstractLifeCycle - STARTED @54196ms o.e.j.s.ServletContextHandler@3ff531df{/,null,AVAILABLE}
13:18:22.638 [Test worker] DEBUG org.eclipse.jetty.util.component.AbstractLifeCycle - STARTED @54196ms GzipHandler@3867a06c{STARTED,min=32,inflate=-1}
13:18:22.638 [Test worker] DEBUG org.eclipse.jetty.util.component.AbstractLifeCycle - STARTED @54196ms HandlerCollection@4d5fd7af{STARTED}
13:18:22.638 [Test worker] DEBUG org.eclipse.jetty.util.component.AbstractLifeCycle - starting ErrorHandler@21bd3fbb{STOPPED}
13:18:22.638 [Test worker] DEBUG org.eclipse.jetty.server.handler.AbstractHandler - starting ErrorHandler@21bd3fbb{STARTING}
13:18:22.639 [Test worker] DEBUG org.eclipse.jetty.util.component.AbstractLifeCycle - STARTED @54196ms ErrorHandler@21bd3fbb{STARTED}
13:18:22.639 [Test worker] DEBUG org.eclipse.jetty.util.component.AbstractLifeCycle - starting NetworkTrafficServerConnector@7933a262{HTTP/1.1, (http/1.1)}{0.0.0.0:8080}
13:18:22.640 [Test worker] DEBUG org.eclipse.jetty.util.component.ContainerLifeCycle - NetworkTrafficServerConnector@7933a262{HTTP/1.1, (http/1.1)}{0.0.0.0:8080} added {sun.nio.ch.ServerSocketChannelImpl[/0:0:0:0:0:0:0:0:8080],POJO}
13:18:22.640 [Test worker] DEBUG org.eclipse.jetty.util.component.AbstractLifeCycle - starting ScheduledExecutorScheduler@36792006{STOPPED}
13:18:22.640 [Test worker] DEBUG org.eclipse.jetty.util.component.AbstractLifeCycle - STARTED @54198ms ScheduledExecutorScheduler@36792006{STARTED}
13:18:22.640 [Test worker] DEBUG org.eclipse.jetty.util.component.AbstractLifeCycle - starting HttpConnectionFactory@c35c8ed[HTTP/1.1]
13:18:22.640 [Test worker] DEBUG org.eclipse.jetty.util.component.AbstractLifeCycle - STARTED @54198ms HttpConnectionFactory@c35c8ed[HTTP/1.1]
13:18:22.640 [Test worker] DEBUG org.eclipse.jetty.util.component.AbstractLifeCycle - starting SelectorManager@NetworkTrafficServerConnector@7933a262{HTTP/1.1, (http/1.1)}{0.0.0.0:8080}
13:18:22.641 [Test worker] DEBUG org.eclipse.jetty.util.component.ContainerLifeCycle - EatWhatYouKill@9b07444/SelectorProducer@6dcc6117/IDLE/p=false/QueuedThreadPool[qtp426008992]@196461a0{STARTED,8<=8<=14,i=8,r=1,q=0}[ReservedThreadExecutor@126c668c{s=0/1,p=0}][pc=0,pic=0,pec=0,epc=0]@2020-09-25T13:18:22.6414716+02:00 added {SelectorProducer@6dcc6117,POJO}
13:18:22.686 [Test worker] DEBUG org.eclipse.jetty.util.component.ContainerLifeCycle - EatWhatYouKill@9b07444/SelectorProducer@6dcc6117/IDLE/p=false/QueuedThreadPool[qtp426008992]@196461a0{STARTED,8<=8<=14,i=8,r=1,q=0}[ReservedThreadExecutor@126c668c{s=0/1,p=0}][pc=0,pic=0,pec=0,epc=0]@2020-09-25T13:18:22.6414716+02:00 added {QueuedThreadPool[qtp426008992]@196461a0{STARTED,8<=8<=14,i=8,r=1,q=0}[ReservedThreadExecutor@126c668c{s=0/1,p=0}],UNMANAGED}
13:18:22.687 [Test worker] DEBUG org.eclipse.jetty.util.thread.strategy.EatWhatYouKill - EatWhatYouKill@9b07444/SelectorProducer@6dcc6117/IDLE/p=false/QueuedThreadPool[qtp426008992]@196461a0{STARTED,8<=8<=14,i=8,r=1,q=0}[ReservedThreadExecutor@126c668c{s=0/1,p=0}][pc=0,pic=0,pec=0,epc=0]@2020-09-25T13:18:22.687463+02:00 created
13:18:22.687 [Test worker] DEBUG org.eclipse.jetty.util.component.ContainerLifeCycle - ManagedSelector@4453c158{STOPPED} id=0 keys=-1 selected=-1 updates=0 added {EatWhatYouKill@9b07444/SelectorProducer@6dcc6117/IDLE/p=false/QueuedThreadPool[qtp426008992]@196461a0{STARTED,8<=8<=14,i=8,r=1,q=0}[ReservedThreadExecutor@126c668c{s=0/1,p=0}][pc=0,pic=0,pec=0,epc=0]@2020-09-25T13:18:22.687463+02:00,MANAGED}
13:18:22.688 [Test worker] DEBUG org.eclipse.jetty.util.component.ContainerLifeCycle - SelectorManager@NetworkTrafficServerConnector@7933a262{HTTP/1.1, (http/1.1)}{0.0.0.0:8080} added {ManagedSelector@4453c158{STOPPED} id=0 keys=-1 selected=-1 updates=0,AUTO}
13:18:22.689 [Test worker] DEBUG org.eclipse.jetty.util.component.ContainerLifeCycle - EatWhatYouKill@4c8c9eee/SelectorProducer@4614c16f/IDLE/p=false/QueuedThreadPool[qtp426008992]@196461a0{STARTED,8<=8<=14,i=8,r=1,q=0}[ReservedThreadExecutor@126c668c{s=0/1,p=0}][pc=0,pic=0,pec=0,epc=0]@2020-09-25T13:18:22.6894627+02:00 added {SelectorProducer@4614c16f,POJO}
13:18:22.689 [Test worker] DEBUG org.eclipse.jetty.util.component.ContainerLifeCycle - EatWhatYouKill@4c8c9eee/SelectorProducer@4614c16f/IDLE/p=false/QueuedThreadPool[qtp426008992]@196461a0{STARTED,8<=8<=14,i=8,r=1,q=0}[ReservedThreadExecutor@126c668c{s=0/1,p=0}][pc=0,pic=0,pec=0,epc=0]@2020-09-25T13:18:22.6894627+02:00 added {QueuedThreadPool[qtp426008992]@196461a0{STARTED,8<=8<=14,i=8,r=1,q=0}[ReservedThreadExecutor@126c668c{s=0/1,p=0}],UNMANAGED}
13:18:22.690 [Test worker] DEBUG org.eclipse.jetty.util.thread.strategy.EatWhatYouKill - EatWhatYouKill@4c8c9eee/SelectorProducer@4614c16f/IDLE/p=false/QueuedThreadPool[qtp426008992]@196461a0{STARTED,8<=8<=14,i=8,r=1,q=0}[ReservedThreadExecutor@126c668c{s=0/1,p=0}][pc=0,pic=0,pec=0,epc=0]@2020-09-25T13:18:22.6904616+02:00 created
13:18:22.691 [Test worker] DEBUG org.eclipse.jetty.util.component.ContainerLifeCycle - ManagedSelector@48ded463{STOPPED} id=1 keys=-1 selected=-1 updates=0 added {EatWhatYouKill@4c8c9eee/SelectorProducer@4614c16f/IDLE/p=false/QueuedThreadPool[qtp426008992]@196461a0{STARTED,8<=8<=14,i=8,r=1,q=0}[ReservedThreadExecutor@126c668c{s=0/1,p=0}][pc=0,pic=0,pec=0,epc=0]@2020-09-25T13:18:22.6914661+02:00,MANAGED}
13:18:22.691 [Test worker] DEBUG org.eclipse.jetty.util.component.ContainerLifeCycle - SelectorManager@NetworkTrafficServerConnector@7933a262{HTTP/1.1, (http/1.1)}{0.0.0.0:8080} added {ManagedSelector@48ded463{STOPPED} id=1 keys=-1 selected=-1 updates=0,AUTO}
13:18:22.691 [Test worker] DEBUG org.eclipse.jetty.util.component.AbstractLifeCycle - starting ManagedSelector@4453c158{STOPPED} id=0 keys=-1 selected=-1 updates=0
13:18:22.692 [Test worker] DEBUG org.eclipse.jetty.util.component.AbstractLifeCycle - starting EatWhatYouKill@9b07444/SelectorProducer@6dcc6117/IDLE/p=false/QueuedThreadPool[qtp426008992]@196461a0{STARTED,8<=8<=14,i=8,r=1,q=0}[ReservedThreadExecutor@126c668c{s=0/1,p=0}][pc=0,pic=0,pec=0,epc=0]@2020-09-25T13:18:22.6914661+02:00
13:18:22.692 [Test worker] DEBUG org.eclipse.jetty.util.component.AbstractLifeCycle - STARTED @54250ms EatWhatYouKill@9b07444/SelectorProducer@6dcc6117/IDLE/p=false/QueuedThreadPool[qtp426008992]@196461a0{STARTED,8<=8<=14,i=8,r=1,q=0}[ReservedThreadExecutor@126c668c{s=0/1,p=0}][pc=0,pic=0,pec=0,epc=0]@2020-09-25T13:18:22.6924633+02:00
13:18:22.696 [Test worker] DEBUG org.eclipse.jetty.util.thread.QueuedThreadPool - queue org.eclipse.jetty.io.ManagedSelector$$Lambda$425/0x00000001005fc040@125d8521 startThread=0
13:18:22.696 [Test worker] DEBUG org.eclipse.jetty.io.ManagedSelector - Queued change org.eclipse.jetty.io.ManagedSelector$Start@3a8e026a on ManagedSelector@4453c158{STARTING} id=0 keys=0 selected=0 updates=0
13:18:22.712 [qtp336949043-39] DEBUG org.eclipse.jetty.server.handler.gzip.GzipHandler - GzipHandler@74c28093{STOPPED,min=32,inflate=-1} excluded not gzip accept Request(GET //localhost:8080/api/v0/components/provision-adapters/awx)@46a97290
13:18:22.712 [qtp336949043-39] DEBUG org.eclipse.jetty.server.handler.gzip.GzipHttpOutputInterceptor - org.eclipse.jetty.server.handler.gzip.GzipHttpOutputInterceptor@388c7dec exclude no deflater
13:18:22.712 [qtp336949043-39] DEBUG org.eclipse.jetty.server.HttpChannel - sendResponse info=null content=HeapByteBuffer@137d328[p=0,l=0,c=0,r=0]={<<<>>>} complete=false committing=true callback=Blocker@42231f63{null}
13:18:22.712 [qtp336949043-39] DEBUG org.eclipse.jetty.server.HttpChannel - COMMIT for /api/v0/components/provision-adapters/awx on HttpChannelOverHttp@27d268e4{s=HttpChannelState@4268e4b2{s=HANDLING rs=BLOCKING os=COMMITTED is=READY awp=false se=false i=true al=0},r=1,c=false/false,a=HANDLING,uri=//localhost:8080/api/v0/components/provision-adapters/awx,age=2105}
200 null HTTP/1.1
Matched-Stub-Id: 2f9bf285-9512-41ed-90c0-5d064ab79188
Vary: Accept-Encoding, User-Agent


13:18:22.713 [qtp336949043-39] DEBUG org.eclipse.jetty.server.HttpChannel - Commit failed
org.eclipse.jetty.io.EofException: null
	at org.eclipse.jetty.server.HttpConnection$SendCallback.reset(HttpConnection.java:728)
	at org.eclipse.jetty.server.HttpConnection$SendCallback.access$300(HttpConnection.java:688)
	at org.eclipse.jetty.server.HttpConnection.send(HttpConnection.java:547)
	at org.eclipse.jetty.server.HttpChannel.sendResponse(HttpChannel.java:824)
	at org.eclipse.jetty.server.HttpChannel.write(HttpChannel.java:901)
	at org.eclipse.jetty.server.handler.gzip.GzipHttpOutputInterceptor.commit(GzipHttpOutputInterceptor.java:216)
	at org.eclipse.jetty.server.handler.gzip.GzipHttpOutputInterceptor.write(GzipHttpOutputInterceptor.java:108)
	at org.eclipse.jetty.server.HttpOutput.channelWrite(HttpOutput.java:283)
	at org.eclipse.jetty.server.HttpOutput.channelWrite(HttpOutput.java:267)
	at org.eclipse.jetty.server.HttpOutput.flush(HttpOutput.java:705)
	at com.github.tomakehurst.wiremock.servlet.WireMockHandlerDispatchingServlet.writeAndTranslateExceptions(WireMockHandlerDispatchingServlet.java:234)
	at com.github.tomakehurst.wiremock.servlet.WireMockHandlerDispatchingServlet.applyResponse(WireMockHandlerDispatchingServlet.java:223)
	at com.github.tomakehurst.wiremock.servlet.WireMockHandlerDispatchingServlet$ServletHttpResponder.respondTo(WireMockHandlerDispatchingServlet.java:183)
	at com.github.tomakehurst.wiremock.servlet.WireMockHandlerDispatchingServlet$ServletHttpResponder.respondSync(WireMockHandlerDispatchingServlet.java:150)
	at com.github.tomakehurst.wiremock.servlet.WireMockHandlerDispatchingServlet$ServletHttpResponder.respond(WireMockHandlerDispatchingServlet.java:144)
	at com.github.tomakehurst.wiremock.http.AbstractRequestHandler.handle(AbstractRequestHandler.java:90)
	at com.github.tomakehurst.wiremock.servlet.WireMockHandlerDispatchingServlet.service(WireMockHandlerDispatchingServlet.java:120)
	at javax.servlet.http.HttpServlet.service(HttpServlet.java:750)
	at org.eclipse.jetty.servlet.ServletHolder.handle(ServletHolder.java:763)
	at org.eclipse.jetty.servlet.ServletHandler$CachedChain.doFilter(ServletHandler.java:1631)
	at org.eclipse.jetty.servlets.CrossOriginFilter.handle(CrossOriginFilter.java:319)
	at org.eclipse.jetty.servlets.CrossOriginFilter.doFilter(CrossOriginFilter.java:273)
	at org.eclipse.jetty.servlet.ServletHandler$CachedChain.doFilter(ServletHandler.java:1618)
	at org.eclipse.jetty.servlet.ServletHandler.doHandle(ServletHandler.java:549)
	at org.eclipse.jetty.server.handler.ScopedHandler.nextHandle(ScopedHandler.java:233)
	at org.eclipse.jetty.server.handler.ContextHandler.doHandle(ContextHandler.java:1363)
	at org.eclipse.jetty.server.handler.ScopedHandler.nextScope(ScopedHandler.java:188)
	at org.eclipse.jetty.servlet.ServletHandler.doScope(ServletHandler.java:489)
	at org.eclipse.jetty.server.handler.ScopedHandler.nextScope(ScopedHandler.java:186)
	at org.eclipse.jetty.server.handler.ContextHandler.doScope(ContextHandler.java:1278)
	at org.eclipse.jetty.server.handler.ScopedHandler.handle(ScopedHandler.java:141)
	at org.eclipse.jetty.server.handler.gzip.GzipHandler.handle(GzipHandler.java:767)
	at org.eclipse.jetty.server.handler.HandlerCollection.handle(HandlerCollection.java:146)
	at org.eclipse.jetty.server.handler.HandlerWrapper.handle(HandlerWrapper.java:127)
	at org.eclipse.jetty.server.Server.handle(Server.java:500)
	at org.eclipse.jetty.server.HttpChannel.lambda$handle$1(HttpChannel.java:383)
	at org.eclipse.jetty.server.HttpChannel.dispatch(HttpChannel.java:547)
	at org.eclipse.jetty.server.HttpChannel.handle(HttpChannel.java:375)
	at org.eclipse.jetty.server.HttpConnection.onFillable(HttpConnection.java:273)
	at org.eclipse.jetty.io.AbstractConnection$ReadCallback.succeeded(AbstractConnection.java:311)
	at org.eclipse.jetty.io.FillInterest.fillable(FillInterest.java:103)
	at org.eclipse.jetty.io.ChannelEndPoint$2.run(ChannelEndPoint.java:117)
	at org.eclipse.jetty.util.thread.strategy.EatWhatYouKill.runTask(EatWhatYouKill.java:336)
	at org.eclipse.jetty.util.thread.strategy.EatWhatYouKill.doProduce(EatWhatYouKill.java:313)
	at org.eclipse.jetty.util.thread.strategy.EatWhatYouKill.tryProduce(EatWhatYouKill.java:171)
	at org.eclipse.jetty.util.thread.strategy.EatWhatYouKill.run(EatWhatYouKill.java:129)
	at org.eclipse.jetty.util.thread.ReservedThreadExecutor$ReservedThread.run(ReservedThreadExecutor.java:375)
	at org.eclipse.jetty.util.thread.QueuedThreadPool.runJob(QueuedThreadPool.java:806)
	at org.eclipse.jetty.util.thread.QueuedThreadPool$Runner.run(QueuedThreadPool.java:938)
	at java.base/java.lang.Thread.run(Thread.java:834)
13:18:22.714 [qtp336949043-39] DEBUG org.eclipse.jetty.server.HttpConnection - abort HttpConnection@72613969::NetworkTrafficSocketChannelEndPoint@45da84a3{/127.0.0.1:64976<->/127.0.0.1:8080,CLOSED,fill=-,flush=-,to=2108/30000}{io=0/0,kio=-1,kro=-1}->HttpConnection@72613969[p=HttpParser{s=END,0 of -1},g=HttpGenerator@630f441a{s=START}]=>HttpChannelOverHttp@27d268e4{s=HttpChannelState@4268e4b2{s=HANDLING rs=BLOCKING os=ABORTED is=READY awp=false se=false i=true al=0},r=1,c=false/false,a=HANDLING,uri=//localhost:8080/api/v0/components/provision-adapters/awx,age=2107} {}
13:18:22.714 [qtp336949043-39] DEBUG org.eclipse.jetty.io.AbstractEndPoint - close NetworkTrafficSocketChannelEndPoint@45da84a3{/127.0.0.1:64976<->/127.0.0.1:8080,CLOSED,fill=-,flush=-,to=2109/30000}{io=0/0,kio=-1,kro=-1}->HttpConnection@72613969[p=HttpParser{s=END,0 of -1},g=HttpGenerator@630f441a{s=START}]=>HttpChannelOverHttp@27d268e4{s=HttpChannelState@4268e4b2{s=HANDLING rs=BLOCKING os=ABORTED is=READY awp=false se=false i=true al=0},r=1,c=false/false,a=HANDLING,uri=//localhost:8080/api/v0/components/provision-adapters/awx,age=2107}
13:18:22.714 [qtp336949043-39] DEBUG org.eclipse.jetty.io.AbstractEndPoint - close(null) NetworkTrafficSocketChannelEndPoint@45da84a3{/127.0.0.1:64976<->/127.0.0.1:8080,CLOSED,fill=-,flush=-,to=2109/30000}{io=0/0,kio=-1,kro=-1}->HttpConnection@72613969[p=HttpParser{s=END,0 of -1},g=HttpGenerator@630f441a{s=START}]=>HttpChannelOverHttp@27d268e4{s=HttpChannelState@4268e4b2{s=HANDLING rs=BLOCKING os=ABORTED is=READY awp=false se=false i=true al=0},r=1,c=false/false,a=HANDLING,uri=//localhost:8080/api/v0/components/provision-adapters/awx,age=2107}
13:18:22.714 [qtp336949043-39] DEBUG org.eclipse.jetty.server.HttpOutput - onWriteComplete(false,org.eclipse.jetty.io.EofException) s=OPEN,api=BLOCKED,sc=false,e=null->s=CLOSED,api=BLOCKING,sc=false,e=null c=null cb=null w=false
13:18:22.714 [qtp336949043-39] DEBUG org.eclipse.jetty.server.HttpOutput - close() s=CLOSED,api=BLOCKING,sc=false,e=null c=null b=null
13:18:22.716 [qtp336949043-39] DEBUG org.eclipse.jetty.server.HttpChannel - /api/v0/components/provision-adapters/awx
org.eclipse.jetty.io.EofException: null
	at org.eclipse.jetty.server.HttpConnection$SendCallback.reset(HttpConnection.java:728)
	at org.eclipse.jetty.server.HttpConnection$SendCallback.access$300(HttpConnection.java:688)
	at org.eclipse.jetty.server.HttpConnection.send(HttpConnection.java:547)
	at org.eclipse.jetty.server.HttpChannel.sendResponse(HttpChannel.java:824)
	at org.eclipse.jetty.server.HttpChannel.write(HttpChannel.java:901)
	at org.eclipse.jetty.server.handler.gzip.GzipHttpOutputInterceptor.commit(GzipHttpOutputInterceptor.java:216)
	at org.eclipse.jetty.server.handler.gzip.GzipHttpOutputInterceptor.write(GzipHttpOutputInterceptor.java:108)
	at org.eclipse.jetty.server.HttpOutput.channelWrite(HttpOutput.java:283)
	at org.eclipse.jetty.server.HttpOutput.channelWrite(HttpOutput.java:267)
	at org.eclipse.jetty.server.HttpOutput.flush(HttpOutput.java:705)
	at com.github.tomakehurst.wiremock.servlet.WireMockHandlerDispatchingServlet.writeAndTranslateExceptions(WireMockHandlerDispatchingServlet.java:234)
	at com.github.tomakehurst.wiremock.servlet.WireMockHandlerDispatchingServlet.applyResponse(WireMockHandlerDispatchingServlet.java:223)
	at com.github.tomakehurst.wiremock.servlet.WireMockHandlerDispatchingServlet$ServletHttpResponder.respondTo(WireMockHandlerDispatchingServlet.java:183)
	at com.github.tomakehurst.wiremock.servlet.WireMockHandlerDispatchingServlet$ServletHttpResponder.respondSync(WireMockHandlerDispatchingServlet.java:150)
	at com.github.tomakehurst.wiremock.servlet.WireMockHandlerDispatchingServlet$ServletHttpResponder.respond(WireMockHandlerDispatchingServlet.java:144)
	at com.github.tomakehurst.wiremock.http.AbstractRequestHandler.handle(AbstractRequestHandler.java:90)
	at com.github.tomakehurst.wiremock.servlet.WireMockHandlerDispatchingServlet.service(WireMockHandlerDispatchingServlet.java:120)
	at javax.servlet.http.HttpServlet.service(HttpServlet.java:750)
	at org.eclipse.jetty.servlet.ServletHolder.handle(ServletHolder.java:763)
	at org.eclipse.jetty.servlet.ServletHandler$CachedChain.doFilter(ServletHandler.java:1631)
	at org.eclipse.jetty.servlets.CrossOriginFilter.handle(CrossOriginFilter.java:319)
	at org.eclipse.jetty.servlets.CrossOriginFilter.doFilter(CrossOriginFilter.java:273)
	at org.eclipse.jetty.servlet.ServletHandler$CachedChain.doFilter(ServletHandler.java:1618)
	at org.eclipse.jetty.servlet.ServletHandler.doHandle(ServletHandler.java:549)
	at org.eclipse.jetty.server.handler.ScopedHandler.nextHandle(ScopedHandler.java:233)
	at org.eclipse.jetty.server.handler.ContextHandler.doHandle(ContextHandler.java:1363)
	at org.eclipse.jetty.server.handler.ScopedHandler.nextScope(ScopedHandler.java:188)
	at org.eclipse.jetty.servlet.ServletHandler.doScope(ServletHandler.java:489)
	at org.eclipse.jetty.server.handler.ScopedHandler.nextScope(ScopedHandler.java:186)
	at org.eclipse.jetty.server.handler.ContextHandler.doScope(ContextHandler.java:1278)
	at org.eclipse.jetty.server.handler.ScopedHandler.handle(ScopedHandler.java:141)
	at org.eclipse.jetty.server.handler.gzip.GzipHandler.handle(GzipHandler.java:767)
	at org.eclipse.jetty.server.handler.HandlerCollection.handle(HandlerCollection.java:146)
	at org.eclipse.jetty.server.handler.HandlerWrapper.handle(HandlerWrapper.java:127)
	at org.eclipse.jetty.server.Server.handle(Server.java:500)
	at org.eclipse.jetty.server.HttpChannel.lambda$handle$1(HttpChannel.java:383)
	at org.eclipse.jetty.server.HttpChannel.dispatch(HttpChannel.java:547)
	at org.eclipse.jetty.server.HttpChannel.handle(HttpChannel.java:375)
	at org.eclipse.jetty.server.HttpConnection.onFillable(HttpConnection.java:273)
	at org.eclipse.jetty.io.AbstractConnection$ReadCallback.succeeded(AbstractConnection.java:311)
	at org.eclipse.jetty.io.FillInterest.fillable(FillInterest.java:103)
	at org.eclipse.jetty.io.ChannelEndPoint$2.run(ChannelEndPoint.java:117)
	at org.eclipse.jetty.util.thread.strategy.EatWhatYouKill.runTask(EatWhatYouKill.java:336)
	at org.eclipse.jetty.util.thread.strategy.EatWhatYouKill.doProduce(EatWhatYouKill.java:313)
	at org.eclipse.jetty.util.thread.strategy.EatWhatYouKill.tryProduce(EatWhatYouKill.java:171)
	at org.eclipse.jetty.util.thread.strategy.EatWhatYouKill.run(EatWhatYouKill.java:129)
	at org.eclipse.jetty.util.thread.ReservedThreadExecutor$ReservedThread.run(ReservedThreadExecutor.java:375)
	at org.eclipse.jetty.util.thread.QueuedThreadPool.runJob(QueuedThreadPool.java:806)
	at org.eclipse.jetty.util.thread.QueuedThreadPool$Runner.run(QueuedThreadPool.java:938)
	at java.base/java.lang.Thread.run(Thread.java:834)
13:18:22.716 [qtp336949043-39] DEBUG org.eclipse.jetty.server.HttpChannelState - unhandle HttpChannelState@4268e4b2{s=HANDLING rs=BLOCKING os=ABORTED is=READY awp=false se=false i=true al=0}
13:18:22.716 [qtp336949043-39] DEBUG org.eclipse.jetty.server.HttpChannelState - nextAction(false) COMPLETE HttpChannelState@4268e4b2{s=HANDLING rs=COMPLETING os=ABORTED is=READY awp=false se=false i=false al=0}
13:18:22.716 [qtp336949043-39] DEBUG org.eclipse.jetty.server.HttpChannel - !handle COMPLETE HttpChannelOverHttp@27d268e4{s=HttpChannelState@4268e4b2{s=HANDLING rs=COMPLETING os=ABORTED is=READY awp=false se=false i=false al=0},r=1,c=false/false,a=HANDLING,uri=//localhost:8080/api/v0/components/provision-adapters/awx,age=2109}
13:18:22.716 [qtp336949043-39] DEBUG org.eclipse.jetty.server.HttpConnection - HttpConnection@72613969::NetworkTrafficSocketChannelEndPoint@45da84a3{/127.0.0.1:64976<->/127.0.0.1:8080,CLOSED,fill=-,flush=-,to=2111/30000}{io=0/0,kio=-1,kro=-1}->HttpConnection@72613969[p=HttpParser{s=END,0 of -1},g=HttpGenerator@630f441a{s=START}]=>HttpChannelOverHttp@27d268e4{s=HttpChannelState@4268e4b2{s=HANDLING rs=COMPLETING os=ABORTED is=READY awp=false se=false i=false al=0},r=1,c=false/false,a=HANDLING,uri=//localhost:8080/api/v0/components/provision-adapters/awx,age=2109} onFillable exit HttpChannelState@4268e4b2{s=HANDLING rs=COMPLETING os=ABORTED is=READY awp=false se=false i=false al=0} null
13:18:22.716 [qtp336949043-39] DEBUG org.eclipse.jetty.util.thread.ReservedThreadExecutor - ReservedThreadExecutor@264c02c5{s=-1/1,p=0}@633b3602 Exited
13:18:22.716 [qtp336949043-39] DEBUG org.eclipse.jetty.util.thread.QueuedThreadPool - ran ReservedThreadExecutor@264c02c5{s=-1/1,p=0}@633b3602 in QueuedThreadPool[qtp336949043]@14156f33{STOPPED,8<=0<=14,i=4,r=-1,q=0}[NO_TRY]
13:18:22.717 [qtp336949043-39] DEBUG org.eclipse.jetty.util.thread.QueuedThreadPool - Thread[qtp336949043-39,5,main] exited for QueuedThreadPool[qtp336949043]@14156f33{STOPPED,8<=0<=14,i=4,r=-1,q=0}[NO_TRY]
13:18:22.750 [qtp426008992-45] DEBUG org.eclipse.jetty.util.thread.QueuedThreadPool - Runner started for QueuedThreadPool[qtp426008992]@196461a0{STARTED,8<=8<=14,i=7,r=1,q=0}[ReservedThreadExecutor@126c668c{s=0/1,p=0}]
13:18:22.751 [qtp426008992-45] DEBUG org.eclipse.jetty.util.thread.QueuedThreadPool - run org.eclipse.jetty.io.ManagedSelector$$Lambda$425/0x00000001005fc040@125d8521 in QueuedThreadPool[qtp426008992]@196461a0{STARTED,8<=8<=14,i=7,r=1,q=0}[ReservedThreadExecutor@126c668c{s=0/1,p=0}]
13:18:22.752 [qtp426008992-45] DEBUG org.eclipse.jetty.util.thread.strategy.EatWhatYouKill - EatWhatYouKill@9b07444/SelectorProducer@6dcc6117/IDLE/p=false/QueuedThreadPool[qtp426008992]@196461a0{STARTED,8<=8<=14,i=7,r=1,q=0}[ReservedThreadExecutor@126c668c{s=0/1,p=0}][pc=0,pic=0,pec=0,epc=0]@2020-09-25T13:18:22.7524543+02:00 tryProduce false
13:18:22.752 [qtp426008992-45] DEBUG org.eclipse.jetty.io.ManagedSelector - updateable 1
13:18:22.753 [qtp426008992-45] DEBUG org.eclipse.jetty.io.ManagedSelector - update org.eclipse.jetty.io.ManagedSelector$Start@3a8e026a
13:18:22.754 [Test worker] DEBUG org.eclipse.jetty.util.component.AbstractLifeCycle - STARTED @54311ms ManagedSelector@4453c158{STARTED} id=0 keys=0 selected=0 updates=0
13:18:22.754 [qtp426008992-45] DEBUG org.eclipse.jetty.io.ManagedSelector - updates 0
13:18:22.754 [qtp426008992-45] DEBUG org.eclipse.jetty.io.ManagedSelector - Selector sun.nio.ch.WindowsSelectorImpl@16bcf70e waiting with 0 keys
13:18:22.754 [Test worker] DEBUG org.eclipse.jetty.util.component.AbstractLifeCycle - starting ManagedSelector@48ded463{STOPPED} id=1 keys=-1 selected=-1 updates=0
13:18:22.754 [Test worker] DEBUG org.eclipse.jetty.util.component.AbstractLifeCycle - starting EatWhatYouKill@4c8c9eee/SelectorProducer@4614c16f/IDLE/p=false/QueuedThreadPool[qtp426008992]@196461a0{STARTED,8<=8<=14,i=7,r=1,q=0}[ReservedThreadExecutor@126c668c{s=0/1,p=0}][pc=0,pic=0,pec=0,epc=0]@2020-09-25T13:18:22.7544569+02:00
13:18:22.754 [Test worker] DEBUG org.eclipse.jetty.util.component.AbstractLifeCycle - STARTED @54312ms EatWhatYouKill@4c8c9eee/SelectorProducer@4614c16f/IDLE/p=false/QueuedThreadPool[qtp426008992]@196461a0{STARTED,8<=8<=14,i=7,r=1,q=0}[ReservedThreadExecutor@126c668c{s=0/1,p=0}][pc=0,pic=0,pec=0,epc=0]@2020-09-25T13:18:22.7544569+02:00
13:18:22.756 [Test worker] DEBUG org.eclipse.jetty.util.thread.QueuedThreadPool - queue org.eclipse.jetty.io.ManagedSelector$$Lambda$425/0x00000001005fc040@5a71a3ed startThread=0
13:18:22.756 [Test worker] DEBUG org.eclipse.jetty.io.ManagedSelector - Queued change org.eclipse.jetty.io.ManagedSelector$Start@64b2090c on ManagedSelector@48ded463{STARTING} id=1 keys=0 selected=0 updates=0
13:18:22.762 [qtp426008992-46] DEBUG org.eclipse.jetty.util.thread.QueuedThreadPool - Runner started for QueuedThreadPool[qtp426008992]@196461a0{STARTED,8<=8<=14,i=6,r=1,q=0}[ReservedThreadExecutor@126c668c{s=0/1,p=0}]
13:18:22.762 [qtp426008992-46] DEBUG org.eclipse.jetty.util.thread.QueuedThreadPool - run org.eclipse.jetty.io.ManagedSelector$$Lambda$425/0x00000001005fc040@5a71a3ed in QueuedThreadPool[qtp426008992]@196461a0{STARTED,8<=8<=14,i=6,r=1,q=0}[ReservedThreadExecutor@126c668c{s=0/1,p=0}]
13:18:22.762 [qtp426008992-46] DEBUG org.eclipse.jetty.util.thread.strategy.EatWhatYouKill - EatWhatYouKill@4c8c9eee/SelectorProducer@4614c16f/IDLE/p=false/QueuedThreadPool[qtp426008992]@196461a0{STARTED,8<=8<=14,i=6,r=1,q=0}[ReservedThreadExecutor@126c668c{s=0/1,p=0}][pc=0,pic=0,pec=0,epc=0]@2020-09-25T13:18:22.7624519+02:00 tryProduce false
13:18:22.762 [qtp426008992-46] DEBUG org.eclipse.jetty.io.ManagedSelector - updateable 1
13:18:22.762 [qtp426008992-46] DEBUG org.eclipse.jetty.io.ManagedSelector - update org.eclipse.jetty.io.ManagedSelector$Start@64b2090c
13:18:22.762 [qtp426008992-46] DEBUG org.eclipse.jetty.io.ManagedSelector - updates 0
13:18:22.762 [qtp426008992-46] DEBUG org.eclipse.jetty.io.ManagedSelector - Selector sun.nio.ch.WindowsSelectorImpl@25487540 waiting with 0 keys
13:18:22.762 [Test worker] DEBUG org.eclipse.jetty.util.component.AbstractLifeCycle - STARTED @54320ms ManagedSelector@48ded463{STARTED} id=1 keys=0 selected=0 updates=0
13:18:22.763 [Test worker] DEBUG org.eclipse.jetty.util.component.AbstractLifeCycle - STARTED @54320ms SelectorManager@NetworkTrafficServerConnector@7933a262{HTTP/1.1, (http/1.1)}{0.0.0.0:8080}
13:18:22.763 [Test worker] DEBUG org.eclipse.jetty.util.component.ContainerLifeCycle - NetworkTrafficServerConnector@7933a262{HTTP/1.1, (http/1.1)}{0.0.0.0:8080} added {acceptor-0@1ab8fc36,POJO}
13:18:22.763 [Test worker] DEBUG org.eclipse.jetty.util.thread.QueuedThreadPool - queue acceptor-0@1ab8fc36 startThread=0
13:18:22.763 [Test worker] DEBUG org.eclipse.jetty.util.component.ContainerLifeCycle - NetworkTrafficServerConnector@7933a262{HTTP/1.1, (http/1.1)}{0.0.0.0:8080} added {acceptor-1@506f3059,POJO}
13:18:22.763 [Test worker] DEBUG org.eclipse.jetty.util.thread.QueuedThreadPool - queue acceptor-1@506f3059 startThread=0
13:18:22.763 [Test worker] DEBUG org.eclipse.jetty.util.component.ContainerLifeCycle - NetworkTrafficServerConnector@7933a262{HTTP/1.1, (http/1.1)}{0.0.0.0:8080} added {acceptor-2@7569f72,POJO}
13:18:22.763 [Test worker] DEBUG org.eclipse.jetty.util.thread.QueuedThreadPool - queue acceptor-2@7569f72 startThread=0
13:18:22.763 [Test worker] INFO org.eclipse.jetty.server.AbstractConnector - Started NetworkTrafficServerConnector@7933a262{HTTP/1.1, (http/1.1)}{0.0.0.0:8080}
13:18:22.763 [Test worker] DEBUG org.eclipse.jetty.util.component.AbstractLifeCycle - STARTED @54321ms NetworkTrafficServerConnector@7933a262{HTTP/1.1, (http/1.1)}{0.0.0.0:8080}
13:18:22.763 [Test worker] INFO org.eclipse.jetty.server.Server - Started @54321ms
13:18:22.763 [Test worker] DEBUG org.eclipse.jetty.util.component.AbstractLifeCycle - STARTED @54321ms Server@554348da{STARTED}[9.4.28.v20200408]
13:18:22.770 [Test worker] DEBUG org.apache.http.impl.conn.PoolingHttpClientConnectionManager - Connection request: [route: {}->http://localhost:8080][total available: 1; route allocated: 1 of 5; total allocated: 1 of 50]
13:18:22.770 [Test worker] DEBUG org.apache.http.wire - http-outgoing-0 << "end of stream"
13:18:22.770 [Test worker] DEBUG org.apache.http.impl.conn.DefaultManagedHttpClientConnection - http-outgoing-0: Close connection
13:18:22.770 [Test worker] DEBUG org.apache.http.impl.conn.PoolingHttpClientConnectionManager - Connection leased: [id: 1][route: {}->http://localhost:8080][total available: 0; route allocated: 1 of 5; total allocated: 1 of 50]
13:18:22.771 [Test worker] DEBUG org.apache.http.impl.execchain.MainClientExec - Opening connection {}->http://localhost:8080
13:18:22.771 [Test worker] DEBUG org.apache.http.impl.conn.DefaultHttpClientConnectionOperator - Connecting to localhost/127.0.0.1:8080
13:18:22.771 [Test worker] DEBUG org.apache.http.impl.conn.DefaultHttpClientConnectionOperator - Connection established 127.0.0.1:64981<->127.0.0.1:8080
13:18:22.772 [Test worker] DEBUG org.apache.http.impl.execchain.MainClientExec - Executing request POST /__admin/mappings HTTP/1.1
13:18:22.772 [Test worker] DEBUG org.apache.http.impl.execchain.MainClientExec - Target auth state: UNCHALLENGED
13:18:22.772 [Test worker] DEBUG org.apache.http.impl.execchain.MainClientExec - Proxy auth state: UNCHALLENGED
13:18:22.772 [Test worker] DEBUG org.apache.http.headers - http-outgoing-1 >> POST /__admin/mappings HTTP/1.1
13:18:22.772 [Test worker] DEBUG org.apache.http.headers - http-outgoing-1 >> Content-Length: 328
13:18:22.772 [Test worker] DEBUG org.apache.http.headers - http-outgoing-1 >> Content-Type: text/plain; charset=UTF-8
13:18:22.772 [Test worker] DEBUG org.apache.http.headers - http-outgoing-1 >> Host: localhost:8080
13:18:22.772 [Test worker] DEBUG org.apache.http.headers - http-outgoing-1 >> Connection: Keep-Alive
13:18:22.772 [Test worker] DEBUG org.apache.http.headers - http-outgoing-1 >> User-Agent: Apache-HttpClient/4.5.12 (Java/11.0.2)
13:18:22.772 [Test worker] DEBUG org.apache.http.wire - http-outgoing-1 >> "POST /__admin/mappings HTTP/1.1[\r][\n]"
13:18:22.772 [Test worker] DEBUG org.apache.http.wire - http-outgoing-1 >> "Content-Length: 328[\r][\n]"
13:18:22.772 [Test worker] DEBUG org.apache.http.wire - http-outgoing-1 >> "Content-Type: text/plain; charset=UTF-8[\r][\n]"
13:18:22.772 [Test worker] DEBUG org.apache.http.wire - http-outgoing-1 >> "Host: localhost:8080[\r][\n]"
13:18:22.772 [Test worker] DEBUG org.apache.http.wire - http-outgoing-1 >> "Connection: Keep-Alive[\r][\n]"
13:18:22.772 [Test worker] DEBUG org.apache.http.wire - http-outgoing-1 >> "User-Agent: Apache-HttpClient/4.5.12 (Java/11.0.2)[\r][\n]"
13:18:22.772 [Test worker] DEBUG org.apache.http.wire - http-outgoing-1 >> "[\r][\n]"
13:18:22.772 [Test worker] DEBUG org.apache.http.wire - http-outgoing-1 >> "{[\r][\n]"
13:18:22.772 [Test worker] DEBUG org.apache.http.wire - http-outgoing-1 >> "  "id" : "9f3b9445-bf21-4453-a6e8-79ba3d4d83b2",[\r][\n]"
13:18:22.772 [Test worker] DEBUG org.apache.http.wire - http-outgoing-1 >> "  "request" : {[\r][\n]"
13:18:22.772 [Test worker] DEBUG org.apache.http.wire - http-outgoing-1 >> "    "url" : "/api/v0/components/provision-adapters/awx",[\r][\n]"
13:18:22.772 [Test worker] DEBUG org.apache.http.wire - http-outgoing-1 >> "    "method" : "GET"[\r][\n]"
13:18:22.772 [Test worker] DEBUG org.apache.http.wire - http-outgoing-1 >> "  },[\r][\n]"
13:18:22.772 [Test worker] DEBUG org.apache.http.wire - http-outgoing-1 >> "  "response" : {[\r][\n]"
13:18:22.772 [Test worker] DEBUG org.apache.http.wire - http-outgoing-1 >> "    "status" : 401[\r][\n]"
13:18:22.772 [Test worker] DEBUG org.apache.http.wire - http-outgoing-1 >> "  },[\r][\n]"
13:18:22.772 [Test worker] DEBUG org.apache.http.wire - http-outgoing-1 >> "  "uuid" : "9f3b9445-bf21-4453-a6e8-79ba3d4d83b2",[\r][\n]"
13:18:22.772 [Test worker] DEBUG org.apache.http.wire - http-outgoing-1 >> "  "scenarioName" : "unAuthorized",[\r][\n]"
13:18:22.772 [Test worker] DEBUG org.apache.http.wire - http-outgoing-1 >> "  "requiredScenarioState" : "Started"[\r][\n]"
13:18:22.772 [Test worker] DEBUG org.apache.http.wire - http-outgoing-1 >> "}"
13:18:22.814 [qtp426008992-47] DEBUG org.eclipse.jetty.util.thread.QueuedThreadPool - Runner started for QueuedThreadPool[qtp426008992]@196461a0{STARTED,8<=8<=14,i=3,r=1,q=0}[ReservedThreadExecutor@126c668c{s=0/1,p=0}]
13:18:22.814 [qtp426008992-47] DEBUG org.eclipse.jetty.util.thread.QueuedThreadPool - run acceptor-0@1ab8fc36 in QueuedThreadPool[qtp426008992]@196461a0{STARTED,8<=8<=14,i=3,r=1,q=0}[ReservedThreadExecutor@126c668c{s=0/1,p=0}]
13:18:22.835 [qtp426008992-48] DEBUG org.eclipse.jetty.util.thread.QueuedThreadPool - Runner started for QueuedThreadPool[qtp426008992]@196461a0{STARTED,8<=8<=14,i=3,r=1,q=0}[ReservedThreadExecutor@126c668c{s=0/1,p=0}]
13:18:22.835 [qtp426008992-48] DEBUG org.eclipse.jetty.util.thread.QueuedThreadPool - run acceptor-1@506f3059 in QueuedThreadPool[qtp426008992]@196461a0{STARTED,8<=8<=14,i=3,r=1,q=0}[ReservedThreadExecutor@126c668c{s=0/1,p=0}]
13:18:22.836 [qtp426008992-48-acceptor-1@506f3059-NetworkTrafficServerConnector@7933a262{HTTP/1.1, (http/1.1)}{0.0.0.0:8080}] DEBUG org.eclipse.jetty.io.ManagedSelector - Queued change org.eclipse.jetty.io.ManagedSelector$Accept@37246f34 on ManagedSelector@48ded463{STARTED} id=1 keys=0 selected=0 updates=0
13:18:22.836 [qtp426008992-48-acceptor-1@506f3059-NetworkTrafficServerConnector@7933a262{HTTP/1.1, (http/1.1)}{0.0.0.0:8080}] DEBUG org.eclipse.jetty.io.ManagedSelector - Wakeup on submit ManagedSelector@48ded463{STARTED} id=1 keys=0 selected=0 updates=1
13:18:22.836 [qtp426008992-46] DEBUG org.eclipse.jetty.io.ManagedSelector - Selector sun.nio.ch.WindowsSelectorImpl@25487540 woken with none selected
13:18:22.836 [qtp426008992-46] DEBUG org.eclipse.jetty.io.ManagedSelector - Selector sun.nio.ch.WindowsSelectorImpl@25487540 woken up from select, 0/0/0 selected
13:18:22.836 [qtp426008992-46] DEBUG org.eclipse.jetty.io.ManagedSelector - Selector sun.nio.ch.WindowsSelectorImpl@25487540 processing 0 keys, 1 updates
13:18:22.836 [qtp426008992-46] DEBUG org.eclipse.jetty.io.ManagedSelector - updateable 1
13:18:22.836 [qtp426008992-46] DEBUG org.eclipse.jetty.io.ManagedSelector - update org.eclipse.jetty.io.ManagedSelector$Accept@37246f34
13:18:22.837 [qtp426008992-46] DEBUG org.eclipse.jetty.util.thread.QueuedThreadPool - queue org.eclipse.jetty.io.ManagedSelector$Accept@37246f34 startThread=0
13:18:22.837 [qtp426008992-46] DEBUG org.eclipse.jetty.io.ManagedSelector - updates 0
13:18:22.837 [qtp426008992-46] DEBUG org.eclipse.jetty.io.ManagedSelector - Selector sun.nio.ch.WindowsSelectorImpl@25487540 waiting with 1 keys
13:18:22.867 [qtp426008992-49] DEBUG org.eclipse.jetty.util.thread.QueuedThreadPool - Runner started for QueuedThreadPool[qtp426008992]@196461a0{STARTED,8<=8<=14,i=2,r=1,q=0}[ReservedThreadExecutor@126c668c{s=0/1,p=0}]
13:18:22.868 [qtp426008992-49] DEBUG org.eclipse.jetty.util.thread.QueuedThreadPool - run acceptor-2@7569f72 in QueuedThreadPool[qtp426008992]@196461a0{STARTED,8<=8<=14,i=2,r=1,q=0}[ReservedThreadExecutor@126c668c{s=0/1,p=0}]
13:18:22.869 [qtp426008992-50] DEBUG org.eclipse.jetty.util.thread.QueuedThreadPool - Runner started for QueuedThreadPool[qtp426008992]@196461a0{STARTED,8<=8<=14,i=2,r=1,q=0}[ReservedThreadExecutor@126c668c{s=0/1,p=0}]
13:18:22.869 [qtp426008992-50] DEBUG org.eclipse.jetty.util.thread.QueuedThreadPool - run org.eclipse.jetty.io.ManagedSelector$Accept@37246f34 in QueuedThreadPool[qtp426008992]@196461a0{STARTED,8<=8<=14,i=2,r=1,q=0}[ReservedThreadExecutor@126c668c{s=0/1,p=0}]
13:18:22.869 [qtp426008992-50] DEBUG org.eclipse.jetty.io.IdleTimeout - NetworkTrafficSocketChannelEndPoint@6bc8b7d5{/127.0.0.1:64981<->/127.0.0.1:8080,OPEN,fill=-,flush=-,to=0/30000}{io=0/0,kio=0,kro=0}-><null> idle timeout check, elapsed: 0 ms, remaining: 30000 ms
13:18:22.870 [qtp426008992-50] DEBUG org.eclipse.jetty.server.HttpChannel - new HttpChannelOverHttp@6130dca5{s=HttpChannelState@24325ee7{s=IDLE rs=BLOCKING os=OPEN is=IDLE awp=false se=false i=true al=0},r=0,c=false/false,a=IDLE,uri=null,age=0} -> NetworkTrafficSocketChannelEndPoint@6bc8b7d5{/127.0.0.1:64981<->/127.0.0.1:8080,OPEN,fill=-,flush=-,to=0/30000}{io=0/0,kio=0,kro=0}-><null>,null,HttpChannelState@24325ee7{s=IDLE rs=BLOCKING os=OPEN is=IDLE awp=false se=false i=true al=0}
13:18:22.870 [qtp426008992-50] DEBUG org.eclipse.jetty.server.HttpConnection - New HTTP Connection HttpConnection@aea33ab::NetworkTrafficSocketChannelEndPoint@6bc8b7d5{/127.0.0.1:64981<->/127.0.0.1:8080,OPEN,fill=-,flush=-,to=0/30000}{io=0/0,kio=0,kro=0}-><null>
13:18:22.870 [qtp426008992-50] DEBUG org.eclipse.jetty.io.AbstractEndPoint - onOpen NetworkTrafficSocketChannelEndPoint@6bc8b7d5{/127.0.0.1:64981<->/127.0.0.1:8080,OPEN,fill=-,flush=-,to=1/30000}{io=0/0,kio=0,kro=0}->HttpConnection@aea33ab[p=HttpParser{s=START,0 of -1},g=HttpGenerator@155c3f9e{s=START}]=>HttpChannelOverHttp@6130dca5{s=HttpChannelState@24325ee7{s=IDLE rs=BLOCKING os=OPEN is=IDLE awp=false se=false i=true al=0},r=0,c=false/false,a=IDLE,uri=null,age=0}
13:18:22.871 [qtp426008992-50] DEBUG org.eclipse.jetty.io.AbstractConnection - onOpen HttpConnection@aea33ab::NetworkTrafficSocketChannelEndPoint@6bc8b7d5{/127.0.0.1:64981<->/127.0.0.1:8080,OPEN,fill=-,flush=-,to=1/30000}{io=0/0,kio=0,kro=0}->HttpConnection@aea33ab[p=HttpParser{s=START,0 of -1},g=HttpGenerator@155c3f9e{s=START}]=>HttpChannelOverHttp@6130dca5{s=HttpChannelState@24325ee7{s=IDLE rs=BLOCKING os=OPEN is=IDLE awp=false se=false i=true al=0},r=0,c=false/false,a=IDLE,uri=null,age=0}
13:18:22.871 [qtp426008992-50] DEBUG org.eclipse.jetty.io.AbstractConnection - fillInterested HttpConnection@aea33ab::NetworkTrafficSocketChannelEndPoint@6bc8b7d5{/127.0.0.1:64981<->/127.0.0.1:8080,OPEN,fill=-,flush=-,to=1/30000}{io=0/0,kio=0,kro=0}->HttpConnection@aea33ab[p=HttpParser{s=START,0 of -1},g=HttpGenerator@155c3f9e{s=START}]=>HttpChannelOverHttp@6130dca5{s=HttpChannelState@24325ee7{s=IDLE rs=BLOCKING os=OPEN is=IDLE awp=false se=false i=true al=0},r=0,c=false/false,a=IDLE,uri=null,age=0}
13:18:22.871 [qtp426008992-50] DEBUG org.eclipse.jetty.io.FillInterest - interested FillInterest@726e0c64{AC.ReadCB@aea33ab{HttpConnection@aea33ab::NetworkTrafficSocketChannelEndPoint@6bc8b7d5{/127.0.0.1:64981<->/127.0.0.1:8080,OPEN,fill=FI,flush=-,to=0/30000}{io=0/0,kio=0,kro=0}->HttpConnection@aea33ab[p=HttpParser{s=START,0 of -1},g=HttpGenerator@155c3f9e{s=START}]=>HttpChannelOverHttp@6130dca5{s=HttpChannelState@24325ee7{s=IDLE rs=BLOCKING os=OPEN is=IDLE awp=false se=false i=true al=0},r=0,c=false/false,a=IDLE,uri=null,age=0}}}
13:18:22.871 [qtp426008992-50] DEBUG org.eclipse.jetty.io.ChannelEndPoint - changeInterests p=false 0->1 for NetworkTrafficSocketChannelEndPoint@6bc8b7d5{/127.0.0.1:64981<->/127.0.0.1:8080,OPEN,fill=FI,flush=-,to=0/30000}{io=0/1,kio=0,kro=0}->HttpConnection@aea33ab[p=HttpParser{s=START,0 of -1},g=HttpGenerator@155c3f9e{s=START}]=>HttpChannelOverHttp@6130dca5{s=HttpChannelState@24325ee7{s=IDLE rs=BLOCKING os=OPEN is=IDLE awp=false se=false i=true al=0},r=0,c=false/false,a=IDLE,uri=null,age=0}
13:18:22.871 [qtp426008992-50] DEBUG org.eclipse.jetty.io.ManagedSelector - Queued change org.eclipse.jetty.io.ChannelEndPoint$1@441da1a8 on ManagedSelector@48ded463{STARTED} id=1 keys=1 selected=0 updates=0
13:18:22.871 [qtp426008992-50] DEBUG org.eclipse.jetty.io.ManagedSelector - Wakeup on submit ManagedSelector@48ded463{STARTED} id=1 keys=1 selected=0 updates=1
13:18:22.871 [qtp426008992-50] DEBUG org.eclipse.jetty.io.ManagedSelector - Created NetworkTrafficSocketChannelEndPoint@6bc8b7d5{/127.0.0.1:64981<->/127.0.0.1:8080,OPEN,fill=FI,flush=-,to=0/30000}{io=0/1,kio=0,kro=0}->HttpConnection@aea33ab[p=HttpParser{s=START,0 of -1},g=HttpGenerator@155c3f9e{s=START}]=>HttpChannelOverHttp@6130dca5{s=HttpChannelState@24325ee7{s=IDLE rs=BLOCKING os=OPEN is=IDLE awp=false se=false i=true al=0},r=0,c=false/false,a=IDLE,uri=null,age=0}
13:18:22.871 [qtp426008992-46] DEBUG org.eclipse.jetty.io.ManagedSelector - Selector sun.nio.ch.WindowsSelectorImpl@25487540 woken with none selected
13:18:22.871 [qtp426008992-50] DEBUG org.eclipse.jetty.util.thread.QueuedThreadPool - ran org.eclipse.jetty.io.ManagedSelector$Accept@37246f34 in QueuedThreadPool[qtp426008992]@196461a0{STARTED,8<=8<=14,i=2,r=1,q=0}[ReservedThreadExecutor@126c668c{s=0/1,p=0}]
13:18:22.871 [qtp426008992-46] DEBUG org.eclipse.jetty.io.ManagedSelector - Selector sun.nio.ch.WindowsSelectorImpl@25487540 woken up from select, 0/0/1 selected
13:18:22.871 [qtp426008992-46] DEBUG org.eclipse.jetty.io.ManagedSelector - Selector sun.nio.ch.WindowsSelectorImpl@25487540 processing 0 keys, 1 updates
13:18:22.871 [qtp426008992-46] DEBUG org.eclipse.jetty.io.ManagedSelector - updateable 1
13:18:22.871 [qtp426008992-46] DEBUG org.eclipse.jetty.io.ManagedSelector - update org.eclipse.jetty.io.ChannelEndPoint$1@441da1a8
13:18:22.872 [qtp426008992-46] DEBUG org.eclipse.jetty.io.ChannelEndPoint - Key interests updated 0 -> 1 on NetworkTrafficSocketChannelEndPoint@6bc8b7d5{/127.0.0.1:64981<->/127.0.0.1:8080,OPEN,fill=FI,flush=-,to=0/30000}{io=1/1,kio=1,kro=0}->HttpConnection@aea33ab[p=HttpParser{s=START,0 of -1},g=HttpGenerator@155c3f9e{s=START}]=>HttpChannelOverHttp@6130dca5{s=HttpChannelState@24325ee7{s=IDLE rs=BLOCKING os=OPEN is=IDLE awp=false se=false i=true al=0},r=0,c=false/false,a=IDLE,uri=null,age=0}
13:18:22.872 [qtp426008992-46] DEBUG org.eclipse.jetty.io.ManagedSelector - updates 0
13:18:22.872 [qtp426008992-46] DEBUG org.eclipse.jetty.io.ManagedSelector - Selector sun.nio.ch.WindowsSelectorImpl@25487540 waiting with 1 keys
13:18:22.872 [qtp426008992-46] DEBUG org.eclipse.jetty.io.ManagedSelector - Selector sun.nio.ch.WindowsSelectorImpl@25487540 woken up from select, 1/1/1 selected
13:18:22.872 [qtp426008992-46] DEBUG org.eclipse.jetty.io.ManagedSelector - Selector sun.nio.ch.WindowsSelectorImpl@25487540 processing 1 keys, 0 updates
13:18:22.872 [qtp426008992-46] DEBUG org.eclipse.jetty.io.ManagedSelector - selected 1 channel=java.nio.channels.SocketChannel[connected local=/127.0.0.1:8080 remote=/127.0.0.1:64981], selector=sun.nio.ch.WindowsSelectorImpl@25487540, interestOps=1, readyOps=1 NetworkTrafficSocketChannelEndPoint@6bc8b7d5{/127.0.0.1:64981<->/127.0.0.1:8080,OPEN,fill=FI,flush=-,to=1/30000}{io=1/1,kio=1,kro=1}->HttpConnection@aea33ab[p=HttpParser{s=START,0 of -1},g=HttpGenerator@155c3f9e{s=START}]=>HttpChannelOverHttp@6130dca5{s=HttpChannelState@24325ee7{s=IDLE rs=BLOCKING os=OPEN is=IDLE awp=false se=false i=true al=0},r=0,c=false/false,a=IDLE,uri=null,age=0} 
13:18:22.872 [qtp426008992-46] DEBUG org.eclipse.jetty.io.ChannelEndPoint - onSelected 1->0 r=true w=false for NetworkTrafficSocketChannelEndPoint@6bc8b7d5{/127.0.0.1:64981<->/127.0.0.1:8080,OPEN,fill=FI,flush=-,to=1/30000}{io=1/0,kio=1,kro=1}->HttpConnection@aea33ab[p=HttpParser{s=START,0 of -1},g=HttpGenerator@155c3f9e{s=START}]=>HttpChannelOverHttp@6130dca5{s=HttpChannelState@24325ee7{s=IDLE rs=BLOCKING os=OPEN is=IDLE awp=false se=false i=true al=0},r=0,c=false/false,a=IDLE,uri=null,age=0}
13:18:22.872 [qtp426008992-46] DEBUG org.eclipse.jetty.io.ChannelEndPoint - task CEP:NetworkTrafficSocketChannelEndPoint@6bc8b7d5{/127.0.0.1:64981<->/127.0.0.1:8080,OPEN,fill=FI,flush=-,to=1/30000}{io=1/0,kio=1,kro=1}->HttpConnection@aea33ab[p=HttpParser{s=START,0 of -1},g=HttpGenerator@155c3f9e{s=START}]=>HttpChannelOverHttp@6130dca5{s=HttpChannelState@24325ee7{s=IDLE rs=BLOCKING os=OPEN is=IDLE awp=false se=false i=true al=0},r=0,c=false/false,a=IDLE,uri=null,age=0}:runFillable:BLOCKING
13:18:22.872 [qtp426008992-46] DEBUG org.eclipse.jetty.util.thread.ReservedThreadExecutor - ReservedThreadExecutor@126c668c{s=0/1,p=0} tryExecute EatWhatYouKill@4c8c9eee/SelectorProducer@4614c16f/PRODUCING/p=false/QueuedThreadPool[qtp426008992]@196461a0{STARTED,8<=8<=14,i=3,r=1,q=0}[ReservedThreadExecutor@126c668c{s=0/1,p=0}][pc=0,pic=0,pec=0,epc=0]@2020-09-25T13:18:22.8724378+02:00
13:18:22.872 [qtp426008992-46] DEBUG org.eclipse.jetty.util.thread.ReservedThreadExecutor - ReservedThreadExecutor@126c668c{s=0/1,p=1} startReservedThread p=1
13:18:22.873 [qtp426008992-46] DEBUG org.eclipse.jetty.util.thread.QueuedThreadPool - queue ReservedThreadExecutor@126c668c{s=0/1,p=1}@2fb01e30 startThread=0
13:18:22.873 [qtp426008992-46] DEBUG org.eclipse.jetty.util.thread.strategy.EatWhatYouKill - EatWhatYouKill@4c8c9eee/SelectorProducer@4614c16f/PRODUCING/p=false/QueuedThreadPool[qtp426008992]@196461a0{STARTED,8<=8<=14,i=2,r=1,q=0}[ReservedThreadExecutor@126c668c{s=0/1,p=1}][pc=0,pic=0,pec=0,epc=0]@2020-09-25T13:18:22.8734395+02:00 m=PRODUCE_EXECUTE_CONSUME t=CEP:NetworkTrafficSocketChannelEndPoint@6bc8b7d5{/127.0.0.1:64981<->/127.0.0.1:8080,OPEN,fill=FI,flush=-,to=1/30000}{io=1/0,kio=1,kro=1}->HttpConnection@aea33ab[p=HttpParser{s=START,0 of -1},g=HttpGenerator@155c3f9e{s=START}]=>HttpChannelOverHttp@6130dca5{s=HttpChannelState@24325ee7{s=IDLE rs=BLOCKING os=OPEN is=IDLE awp=false se=false i=true al=0},r=0,c=false/false,a=IDLE,uri=null,age=0}:runFillable:BLOCKING/BLOCKING
13:18:22.873 [qtp426008992-46] DEBUG org.eclipse.jetty.util.thread.QueuedThreadPool - queue CEP:NetworkTrafficSocketChannelEndPoint@6bc8b7d5{/127.0.0.1:64981<->/127.0.0.1:8080,OPEN,fill=FI,flush=-,to=2/30000}{io=1/0,kio=1,kro=1}->HttpConnection@aea33ab[p=HttpParser{s=START,0 of -1},g=HttpGenerator@155c3f9e{s=START}]=>HttpChannelOverHttp@6130dca5{s=HttpChannelState@24325ee7{s=IDLE rs=BLOCKING os=OPEN is=IDLE awp=false se=false i=true al=0},r=0,c=false/false,a=IDLE,uri=null,age=0}:runFillable:BLOCKING startThread=0
13:18:22.873 [qtp426008992-46] DEBUG org.eclipse.jetty.io.ManagedSelector - updateable 0
13:18:22.873 [qtp426008992-46] DEBUG org.eclipse.jetty.io.ManagedSelector - updates 0
13:18:22.874 [qtp426008992-46] DEBUG org.eclipse.jetty.io.ChannelEndPoint - Key interests updated 1 -> 0 on NetworkTrafficSocketChannelEndPoint@6bc8b7d5{/127.0.0.1:64981<->/127.0.0.1:8080,OPEN,fill=FI,flush=-,to=2/30000}{io=0/0,kio=0,kro=1}->HttpConnection@aea33ab[p=HttpParser{s=START,0 of -1},g=HttpGenerator@155c3f9e{s=START}]=>HttpChannelOverHttp@6130dca5{s=HttpChannelState@24325ee7{s=IDLE rs=BLOCKING os=OPEN is=IDLE awp=false se=false i=true al=0},r=0,c=false/false,a=IDLE,uri=null,age=0}
13:18:22.874 [qtp426008992-46] DEBUG org.eclipse.jetty.io.ManagedSelector - Selector sun.nio.ch.WindowsSelectorImpl@25487540 waiting with 1 keys
13:18:22.875 [qtp426008992-50] DEBUG org.eclipse.jetty.util.thread.QueuedThreadPool - run ReservedThreadExecutor@126c668c{s=0/1,p=1}@2fb01e30 in QueuedThreadPool[qtp426008992]@196461a0{STARTED,8<=8<=14,i=1,r=1,q=0}[ReservedThreadExecutor@126c668c{s=0/1,p=1}]
13:18:22.875 [qtp426008992-50] DEBUG org.eclipse.jetty.util.thread.ReservedThreadExecutor - ReservedThreadExecutor@126c668c{s=1/1,p=1}@2fb01e30 started
13:18:22.875 [qtp426008992-50] DEBUG org.eclipse.jetty.util.thread.ReservedThreadExecutor - ReservedThreadExecutor@126c668c{s=1/1,p=0}@2fb01e30 waiting
13:18:22.888 [qtp426008992-51] DEBUG org.eclipse.jetty.util.thread.QueuedThreadPool - Runner started for QueuedThreadPool[qtp426008992]@196461a0{STARTED,8<=8<=14,i=1,r=1,q=0}[ReservedThreadExecutor@126c668c{s=1/1,p=0}]
13:18:22.889 [qtp426008992-51] DEBUG org.eclipse.jetty.util.thread.QueuedThreadPool - run CEP:NetworkTrafficSocketChannelEndPoint@6bc8b7d5{/127.0.0.1:64981<->/127.0.0.1:8080,OPEN,fill=FI,flush=-,to=17/30000}{io=0/0,kio=0,kro=1}->HttpConnection@aea33ab[p=HttpParser{s=START,0 of -1},g=HttpGenerator@155c3f9e{s=START}]=>HttpChannelOverHttp@6130dca5{s=HttpChannelState@24325ee7{s=IDLE rs=BLOCKING os=OPEN is=IDLE awp=false se=false i=true al=0},r=0,c=false/false,a=IDLE,uri=null,age=0}:runFillable:BLOCKING in QueuedThreadPool[qtp426008992]@196461a0{STARTED,8<=8<=14,i=1,r=1,q=0}[ReservedThreadExecutor@126c668c{s=1/1,p=0}]
13:18:22.889 [qtp426008992-51] DEBUG org.eclipse.jetty.io.FillInterest - fillable FillInterest@726e0c64{AC.ReadCB@aea33ab{HttpConnection@aea33ab::NetworkTrafficSocketChannelEndPoint@6bc8b7d5{/127.0.0.1:64981<->/127.0.0.1:8080,OPEN,fill=FI,flush=-,to=18/30000}{io=0/0,kio=0,kro=1}->HttpConnection@aea33ab[p=HttpParser{s=START,0 of -1},g=HttpGenerator@155c3f9e{s=START}]=>HttpChannelOverHttp@6130dca5{s=HttpChannelState@24325ee7{s=IDLE rs=BLOCKING os=OPEN is=IDLE awp=false se=false i=true al=0},r=0,c=false/false,a=IDLE,uri=null,age=0}}}
13:18:22.889 [qtp426008992-51] DEBUG org.eclipse.jetty.server.HttpConnection - HttpConnection@aea33ab::NetworkTrafficSocketChannelEndPoint@6bc8b7d5{/127.0.0.1:64981<->/127.0.0.1:8080,OPEN,fill=-,flush=-,to=18/30000}{io=0/0,kio=0,kro=1}->HttpConnection@aea33ab[p=HttpParser{s=START,0 of -1},g=HttpGenerator@155c3f9e{s=START}]=>HttpChannelOverHttp@6130dca5{s=HttpChannelState@24325ee7{s=IDLE rs=BLOCKING os=OPEN is=IDLE awp=false se=false i=true al=0},r=0,c=false/false,a=IDLE,uri=null,age=0} onFillable enter HttpChannelState@24325ee7{s=IDLE rs=BLOCKING os=OPEN is=IDLE awp=false se=false i=true al=0} null
13:18:22.889 [qtp426008992-51] DEBUG org.eclipse.jetty.io.ChannelEndPoint - filled 523 HeapByteBuffer@a250024[p=0,l=523,c=8192,r=523]={<<<POST /__admin/mappings HT...ioState" : "Started"\r\n}>>>\x00\x00\x00\x00\x00\x00\x00\x00\x00...\x00\x00\x00\x00\x00\x00\x00}
13:18:22.891 [qtp426008992-51] DEBUG org.eclipse.jetty.server.HttpConnection - HttpConnection@aea33ab::NetworkTrafficSocketChannelEndPoint@6bc8b7d5{/127.0.0.1:64981<->/127.0.0.1:8080,OPEN,fill=-,flush=-,to=0/30000}{io=0/0,kio=0,kro=1}->HttpConnection@aea33ab[p=HttpParser{s=START,0 of -1},g=HttpGenerator@155c3f9e{s=START}]=>HttpChannelOverHttp@6130dca5{s=HttpChannelState@24325ee7{s=IDLE rs=BLOCKING os=OPEN is=IDLE awp=false se=false i=true al=0},r=0,c=false/false,a=IDLE,uri=null,age=0} filled 523 HeapByteBuffer@a250024[p=0,l=523,c=8192,r=523]={<<<POST /__admin/mappings HT...ioState" : "Started"\r\n}>>>\x00\x00\x00\x00\x00\x00\x00\x00\x00...\x00\x00\x00\x00\x00\x00\x00}
13:18:22.891 [qtp426008992-51] DEBUG org.eclipse.jetty.server.HttpConnection - HttpConnection@aea33ab::NetworkTrafficSocketChannelEndPoint@6bc8b7d5{/127.0.0.1:64981<->/127.0.0.1:8080,OPEN,fill=-,flush=-,to=1/30000}{io=0/0,kio=0,kro=1}->HttpConnection@aea33ab[p=HttpParser{s=START,0 of -1},g=HttpGenerator@155c3f9e{s=START}]=>HttpChannelOverHttp@6130dca5{s=HttpChannelState@24325ee7{s=IDLE rs=BLOCKING os=OPEN is=IDLE awp=false se=false i=true al=0},r=0,c=false/false,a=IDLE,uri=null,age=0} parse HeapByteBuffer@a250024[p=0,l=523,c=8192,r=523]={<<<POST /__admin/mappings HT...ioState" : "Started"\r\n}>>>\x00\x00\x00\x00\x00\x00\x00\x00\x00...\x00\x00\x00\x00\x00\x00\x00} {}
13:18:22.891 [qtp426008992-51] DEBUG org.eclipse.jetty.http.HttpParser - parseNext s=START HeapByteBuffer@a250024[p=0,l=523,c=8192,r=523]={<<<POST /__admin/mappings HT...ioState" : "Started"\r\n}>>>\x00\x00\x00\x00\x00\x00\x00\x00\x00...\x00\x00\x00\x00\x00\x00\x00}
13:18:22.891 [qtp426008992-51] DEBUG org.eclipse.jetty.http.HttpParser - START --> SPACE1
13:18:22.891 [qtp426008992-51] DEBUG org.eclipse.jetty.http.HttpParser - SPACE1 --> URI
13:18:22.892 [qtp426008992-51] DEBUG org.eclipse.jetty.http.HttpParser - URI --> SPACE2
13:18:22.892 [qtp426008992-51] DEBUG org.eclipse.jetty.http.HttpParser - SPACE2 --> REQUEST_VERSION
13:18:22.892 [qtp426008992-51] DEBUG org.eclipse.jetty.http.HttpParser - REQUEST_VERSION --> HEADER
13:18:22.892 [qtp426008992-51] DEBUG org.eclipse.jetty.http.HttpParser - HEADER:Content-Length --> VALUE
13:18:22.892 [qtp426008992-51] DEBUG org.eclipse.jetty.http.HttpParser - HEADER:Content-Length --> IN_VALUE
13:18:22.892 [qtp426008992-51] DEBUG org.eclipse.jetty.http.HttpParser - HEADER:Content-Length --> FIELD
13:18:22.892 [qtp426008992-51] DEBUG org.eclipse.jetty.http.HttpParser - HEADER:Content-Type: text/plain; charset=UTF-8 --> IN_VALUE
13:18:22.892 [qtp426008992-51] DEBUG org.eclipse.jetty.http.HttpParser - HEADER:Content-Type: text/plain; charset=UTF-8 --> FIELD
13:18:22.892 [qtp426008992-51] DEBUG org.eclipse.jetty.http.HttpParser - HEADER:Host --> VALUE
13:18:22.892 [qtp426008992-51] DEBUG org.eclipse.jetty.http.HttpParser - HEADER:Host --> IN_VALUE
13:18:22.892 [qtp426008992-51] DEBUG org.eclipse.jetty.http.HttpParser - HEADER:Host --> FIELD
13:18:22.892 [qtp426008992-51] DEBUG org.eclipse.jetty.http.HttpParser - HEADER:Connection: keep-alive --> IN_VALUE
13:18:22.892 [qtp426008992-51] DEBUG org.eclipse.jetty.http.HttpParser - HEADER:Connection: keep-alive --> FIELD
13:18:22.892 [qtp426008992-51] DEBUG org.eclipse.jetty.http.HttpParser - HEADER:User-Agent --> VALUE
13:18:22.892 [qtp426008992-51] DEBUG org.eclipse.jetty.http.HttpParser - HEADER:User-Agent --> IN_VALUE
13:18:22.892 [qtp426008992-51] DEBUG org.eclipse.jetty.http.HttpParser - HEADER:User-Agent --> FIELD
13:18:22.892 [qtp426008992-51] DEBUG org.eclipse.jetty.http.HttpParser - HEADER --> CONTENT
13:18:22.892 [qtp426008992-51] DEBUG org.eclipse.jetty.server.HttpChannel - REQUEST for //localhost:8080/__admin/mappings on HttpChannelOverHttp@6130dca5{s=HttpChannelState@24325ee7{s=IDLE rs=BLOCKING os=OPEN is=IDLE awp=false se=false i=true al=0},r=1,c=false/false,a=IDLE,uri=//localhost:8080/__admin/mappings,age=0}
POST //localhost:8080/__admin/mappings HTTP/1.1
Content-Length: 328
Content-Type: text/plain; charset=UTF-8
Host: localhost:8080
Connection: keep-alive
User-Agent: Apache-HttpClient/4.5.12 (Java/11.0.2)


13:18:22.892 [qtp426008992-51] DEBUG org.eclipse.jetty.server.HttpConnection - HttpConnection@aea33ab::NetworkTrafficSocketChannelEndPoint@6bc8b7d5{/127.0.0.1:64981<->/127.0.0.1:8080,OPEN,fill=-,flush=-,to=3/30000}{io=0/0,kio=0,kro=1}->HttpConnection@aea33ab[p=HttpParser{s=CONTENT,0 of 328},g=HttpGenerator@155c3f9e{s=START}]=>HttpChannelOverHttp@6130dca5{s=HttpChannelState@24325ee7{s=IDLE rs=BLOCKING os=OPEN is=IDLE awp=false se=false i=true al=0},r=1,c=false/false,a=IDLE,uri=//localhost:8080/__admin/mappings,age=0} parsed true HttpParser{s=CONTENT,0 of 328}
13:18:22.893 [qtp426008992-51] DEBUG org.eclipse.jetty.server.HttpChannel - handle //localhost:8080/__admin/mappings HttpChannelOverHttp@6130dca5{s=HttpChannelState@24325ee7{s=IDLE rs=BLOCKING os=OPEN is=IDLE awp=false se=false i=true al=0},r=1,c=false/false,a=IDLE,uri=//localhost:8080/__admin/mappings,age=1} 
13:18:22.893 [qtp426008992-51] DEBUG org.eclipse.jetty.server.HttpChannelState - handling HttpChannelState@24325ee7{s=IDLE rs=BLOCKING os=OPEN is=IDLE awp=false se=false i=true al=0}
13:18:22.893 [qtp426008992-51] DEBUG org.eclipse.jetty.server.HttpChannel - action DISPATCH HttpChannelOverHttp@6130dca5{s=HttpChannelState@24325ee7{s=HANDLING rs=BLOCKING os=OPEN is=IDLE awp=false se=false i=true al=0},r=1,c=false/false,a=HANDLING,uri=//localhost:8080/__admin/mappings,age=1}
13:18:22.893 [qtp426008992-51] DEBUG org.eclipse.jetty.server.Server - REQUEST POST /__admin/mappings on HttpChannelOverHttp@6130dca5{s=HttpChannelState@24325ee7{s=HANDLING rs=BLOCKING os=OPEN is=IDLE awp=false se=false i=true al=0},r=1,c=false/false,a=HANDLING,uri=//localhost:8080/__admin/mappings,age=1}
13:18:22.893 [qtp426008992-51] DEBUG org.eclipse.jetty.server.handler.ContextHandler - scope null||/__admin/mappings @ o.e.j.s.ServletContextHandler@5219ca04{/__admin,null,AVAILABLE}
13:18:22.893 [qtp426008992-51] DEBUG org.eclipse.jetty.server.handler.ContextHandler - context=/__admin||/mappings @ o.e.j.s.ServletContextHandler@5219ca04{/__admin,null,AVAILABLE}
13:18:22.893 [qtp426008992-51] DEBUG org.eclipse.jetty.servlet.ServletHandler - servlet /__admin|/mappings|null -> com.github.tomakehurst.wiremock.servlet.WireMockHandlerDispatchingServlet-524d6e28@93570ed0==com.github.tomakehurst.wiremock.servlet.WireMockHandlerDispatchingServlet,jsp=null,order=-1,inst=false,async=true
13:18:22.893 [qtp426008992-51] DEBUG org.eclipse.jetty.servlet.ServletHandler - chain=org.eclipse.jetty.servlets.CrossOriginFilter-426ca846@426ca846==org.eclipse.jetty.servlets.CrossOriginFilter,inst=true,async=true->com.github.tomakehurst.wiremock.servlet.WireMockHandlerDispatchingServlet-524d6e28@93570ed0==com.github.tomakehurst.wiremock.servlet.WireMockHandlerDispatchingServlet,jsp=null,order=-1,inst=false,async=true
13:18:22.893 [qtp426008992-51] DEBUG org.eclipse.jetty.servlet.ServletHolder - Servlet.init com.github.tomakehurst.wiremock.servlet.WireMockHandlerDispatchingServlet@4e2ff10 for com.github.tomakehurst.wiremock.servlet.WireMockHandlerDispatchingServlet-524d6e28
13:18:23.010 [qtp426008992-51] INFO org.eclipse.jetty.server.handler.ContextHandler.__admin - RequestHandlerClass from context returned com.github.tomakehurst.wiremock.http.AdminRequestHandler. Normalized mapped under returned 'null'
13:18:23.010 [qtp426008992-51] DEBUG org.eclipse.jetty.servlet.ServletHandler - call filter org.eclipse.jetty.servlets.CrossOriginFilter-426ca846@426ca846==org.eclipse.jetty.servlets.CrossOriginFilter,inst=true,async=true
13:18:23.010 [qtp426008992-52] DEBUG org.eclipse.jetty.util.thread.QueuedThreadPool - Runner started for QueuedThreadPool[qtp426008992]@196461a0{STARTED,8<=8<=14,i=1,r=1,q=0}[ReservedThreadExecutor@126c668c{s=1/1,p=0}]
13:18:23.010 [qtp426008992-51] DEBUG org.eclipse.jetty.servlet.ServletHandler - call servlet com.github.tomakehurst.wiremock.servlet.WireMockHandlerDispatchingServlet-524d6e28@93570ed0==com.github.tomakehurst.wiremock.servlet.WireMockHandlerDispatchingServlet,jsp=null,order=-1,inst=true,async=true
13:18:23.011 [qtp426008992-51] DEBUG org.eclipse.jetty.server.HttpConnection - HttpConnection@aea33ab::NetworkTrafficSocketChannelEndPoint@6bc8b7d5{/127.0.0.1:64981<->/127.0.0.1:8080,OPEN,fill=-,flush=-,to=121/30000}{io=0/0,kio=0,kro=1}->HttpConnection@aea33ab[p=HttpParser{s=CONTENT,0 of 328},g=HttpGenerator@155c3f9e{s=START}]=>HttpChannelOverHttp@6130dca5{s=HttpChannelState@24325ee7{s=HANDLING rs=BLOCKING os=OPEN is=IDLE awp=false se=false i=true al=0},r=1,c=false/false,a=HANDLING,uri=//localhost:8080/__admin/mappings,age=119} parse HeapByteBuffer@a250024[p=195,l=523,c=8192,r=328]={POST /__a....2)\r\n\r\n<<<{\r\n  "id" : "9f3b9445-bf2...ioState" : "Started"\r\n}>>>\x00\x00\x00\x00\x00\x00\x00\x00\x00...\x00\x00\x00\x00\x00\x00\x00} {}
13:18:23.011 [qtp426008992-51] DEBUG org.eclipse.jetty.http.HttpParser - parseNext s=CONTENT HeapByteBuffer@a250024[p=195,l=523,c=8192,r=328]={POST /__a....2)\r\n\r\n<<<{\r\n  "id" : "9f3b9445-bf2...ioState" : "Started"\r\n}>>>\x00\x00\x00\x00\x00\x00\x00\x00\x00...\x00\x00\x00\x00\x00\x00\x00}
13:18:23.012 [qtp426008992-51] DEBUG org.eclipse.jetty.server.HttpChannel - onContent HttpChannelOverHttp@6130dca5{s=HttpChannelState@24325ee7{s=HANDLING rs=BLOCKING os=OPEN is=IDLE awp=false se=false i=true al=0},r=1,c=false/false,a=HANDLING,uri=//localhost:8080/__admin/mappings,age=120} Content@dd6b54{HeapByteBufferR@45dff52b[p=195,l=523,c=8192,r=328]={POST /__a....2)\r\n\r\n<<<{\r\n  "id" : "9f3b9445-bf2...ioState" : "Started"\r\n}>>>\x00\x00\x00\x00\x00\x00\x00\x00\x00...\x00\x00\x00\x00\x00\x00\x00}}
13:18:23.012 [qtp426008992-51] DEBUG org.eclipse.jetty.server.HttpInput - HttpInputOverHTTP@67d9e994[c=0,q=0,[0]=null,s=STREAM] addContent Content@dd6b54{HeapByteBufferR@45dff52b[p=195,l=523,c=8192,r=328]={POST /__a....2)\r\n\r\n<<<{\r\n  "id" : "9f3b9445-bf2...ioState" : "Started"\r\n}>>>\x00\x00\x00\x00\x00\x00\x00\x00\x00...\x00\x00\x00\x00\x00\x00\x00}}
13:18:23.012 [qtp426008992-51] DEBUG org.eclipse.jetty.http.HttpParser - CONTENT --> CONTENT_END
13:18:23.012 [qtp426008992-51] DEBUG org.eclipse.jetty.server.HttpChannel - onContentComplete HttpChannelOverHttp@6130dca5{s=HttpChannelState@24325ee7{s=HANDLING rs=BLOCKING os=OPEN is=IDLE awp=false se=false i=true al=0},r=1,c=false/false,a=HANDLING,uri=//localhost:8080/__admin/mappings,age=120}
13:18:23.012 [qtp426008992-51] DEBUG org.eclipse.jetty.http.HttpParser - CONTENT_END --> END
13:18:23.012 [qtp426008992-51] DEBUG org.eclipse.jetty.server.HttpChannel - onRequestComplete HttpChannelOverHttp@6130dca5{s=HttpChannelState@24325ee7{s=HANDLING rs=BLOCKING os=OPEN is=IDLE awp=false se=false i=true al=0},r=1,c=false/false,a=HANDLING,uri=//localhost:8080/__admin/mappings,age=120}
13:18:23.012 [qtp426008992-51] DEBUG org.eclipse.jetty.server.HttpInput - HttpInputOverHTTP@67d9e994[c=0,q=1,[0]=EOF,s=STREAM] addContent EOF
13:18:23.012 [qtp426008992-51] DEBUG org.eclipse.jetty.server.HttpConnection - HttpConnection@aea33ab::NetworkTrafficSocketChannelEndPoint@6bc8b7d5{/127.0.0.1:64981<->/127.0.0.1:8080,OPEN,fill=-,flush=-,to=122/30000}{io=0/0,kio=0,kro=1}->HttpConnection@aea33ab[p=HttpParser{s=END,328 of 328},g=HttpGenerator@155c3f9e{s=START}]=>HttpChannelOverHttp@6130dca5{s=HttpChannelState@24325ee7{s=HANDLING rs=BLOCKING os=OPEN is=IDLE awp=false se=false i=true al=0},r=1,c=false/false,a=HANDLING,uri=//localhost:8080/__admin/mappings,age=120} parsed false HttpParser{s=END,328 of 328}
13:18:23.012 [qtp426008992-51] DEBUG org.eclipse.jetty.server.HttpInput - HttpInputOverHTTP@67d9e994[c=328,q=1,[0]=EOF,s=STREAM] read 328 from Content@dd6b54{HeapByteBufferR@45dff52b[p=523,l=523,c=8192,r=0]={POST /__a...ted"\r\n}<<<>>>\x00\x00\x00\x00\x00\x00\x00\x00\x00...\x00\x00\x00\x00\x00\x00\x00}}
13:18:23.012 [qtp426008992-51] DEBUG org.eclipse.jetty.server.HttpConnection - releaseRequestBuffer HttpConnection@aea33ab::NetworkTrafficSocketChannelEndPoint@6bc8b7d5{/127.0.0.1:64981<->/127.0.0.1:8080,OPEN,fill=-,flush=-,to=122/30000}{io=0/0,kio=0,kro=1}->HttpConnection@aea33ab[p=HttpParser{s=END,328 of 328},g=HttpGenerator@155c3f9e{s=START}]=>HttpChannelOverHttp@6130dca5{s=HttpChannelState@24325ee7{s=HANDLING rs=BLOCKING os=OPEN is=IDLE awp=false se=false i=true al=0},r=1,c=false/false,a=HANDLING,uri=//localhost:8080/__admin/mappings,age=120}
13:18:23.012 [qtp426008992-51] DEBUG org.eclipse.jetty.server.HttpChannelState - onEof HttpChannelState@24325ee7{s=HANDLING rs=BLOCKING os=OPEN is=IDLE awp=false se=false i=true al=0}
13:18:23.061 [qtp426008992-51] DEBUG org.eclipse.jetty.server.HttpOutput - write(array HeapByteBuffer@74509000[p=0,l=328,c=8192,r=328]={<<<{\r\n  "id" : "9f3b9445-bf2...ioState" : "Started"\r\n}>>>\x00\x00\x00\x00\x00\x00\x00\x00\x00...\x00\x00\x00\x00\x00\x00\x00})
13:18:23.062 [qtp426008992-51] DEBUG org.eclipse.jetty.server.HttpOutput - write(array) s=OPEN,api=BLOCKING,sc=false,e=null aggregated !flush DirectByteBuffer@1fbcd215[p=0,l=328,c=32768,r=328]={<<<{\r\n  "id" : "9f3b9445-bf2...ioState" : "Started"\r\n}>>>\x00\x00\x00\x00\x00\x00\x00\x00\x00...\x00\x00\x00\x00\x00\x00\x00}
13:18:23.063 [qtp426008992-51] DEBUG org.eclipse.jetty.server.HttpChannel - sendResponse info=null content=DirectByteBuffer@1fbcd215[p=0,l=328,c=32768,r=328]={<<<{\r\n  "id" : "9f3b9445-bf2...ioState" : "Started"\r\n}>>>\x00\x00\x00\x00\x00\x00\x00\x00\x00...\x00\x00\x00\x00\x00\x00\x00} complete=false committing=true callback=Blocker@25f00a64{null}
13:18:23.063 [qtp426008992-51] DEBUG org.eclipse.jetty.server.HttpChannel - COMMIT for /__admin/mappings on HttpChannelOverHttp@6130dca5{s=HttpChannelState@24325ee7{s=HANDLING rs=BLOCKING os=COMMITTED is=READY awp=false se=false i=true al=0},r=1,c=false/false,a=HANDLING,uri=//localhost:8080/__admin/mappings,age=171}
201 null HTTP/1.1
Content-Type: application/json


13:18:23.064 [qtp426008992-51] DEBUG org.eclipse.jetty.server.HttpConnection - generate: NEED_HEADER for org.eclipse.jetty.server.HttpConnection$SendCallback@d4dd207[PROCESSING][i=HTTP/1.1{s=201,h=1,cl=-1},cb=org.eclipse.jetty.server.HttpChannel$SendCallback@7d6d933e] (null,[p=0,l=328,c=32768,r=328],false)@START
13:18:23.066 [qtp426008992-51] DEBUG org.eclipse.jetty.http.HttpGenerator - generateHeaders HTTP/1.1{s=201,h=1,cl=-1} last=false content=DirectByteBuffer@1fbcd215[p=0,l=328,c=32768,r=328]={<<<{\r\n  "id" : "9f3b9445-bf2...ioState" : "Started"\r\n}>>>\x00\x00\x00\x00\x00\x00\x00\x00\x00...\x00\x00\x00\x00\x00\x00\x00}
13:18:23.066 [qtp426008992-51] DEBUG org.eclipse.jetty.http.HttpGenerator - Content-Type: application/json


13:18:23.066 [qtp426008992-51] DEBUG org.eclipse.jetty.http.HttpGenerator - CHUNKED_CONTENT
13:18:23.066 [qtp426008992-51] DEBUG org.eclipse.jetty.server.HttpConnection - generate: FLUSH for org.eclipse.jetty.server.HttpConnection$SendCallback@d4dd207[PROCESSING][i=HTTP/1.1{s=201,h=1,cl=-1},cb=org.eclipse.jetty.server.HttpChannel$SendCallback@7d6d933e] ([p=0,l=122,c=8192,r=122],[p=0,l=328,c=32768,r=328],false)@COMMITTED
13:18:23.066 [qtp426008992-51] DEBUG org.eclipse.jetty.io.WriteFlusher - write: WriteFlusher@4b8dafc{IDLE}->null [HeapByteBuffer@a250024[p=0,l=122,c=8192,r=122]={<<<HTTP/1.1 201 Created\r\nCon....28.v20200408)\r\n\r\n148\r\n>>>ction: Ke...\x00\x00\x00\x00\x00\x00\x00},DirectByteBuffer@1fbcd215[p=0,l=328,c=32768,r=328]={<<<{\r\n  "id" : "9f3b9445-bf2...ioState" : "Started"\r\n}>>>\x00\x00\x00\x00\x00\x00\x00\x00\x00...\x00\x00\x00\x00\x00\x00\x00}]
13:18:23.067 [qtp426008992-51] DEBUG org.eclipse.jetty.io.WriteFlusher - update WriteFlusher@4b8dafc{WRITING}->null:IDLE-->WRITING
13:18:23.067 [Test worker] DEBUG org.apache.http.wire - http-outgoing-1 << "HTTP/1.1 201 Created[\r][\n]"
13:18:23.067 [Test worker] DEBUG org.apache.http.wire - http-outgoing-1 << "Content-Type: application/json[\r][\n]"
13:18:23.067 [Test worker] DEBUG org.apache.http.wire - http-outgoing-1 << "Transfer-Encoding: chunked[\r][\n]"
13:18:23.067 [Test worker] DEBUG org.apache.http.wire - http-outgoing-1 << "Server: Jetty(9.4.28.v20200408)[\r][\n]"
13:18:23.067 [Test worker] DEBUG org.apache.http.wire - http-outgoing-1 << "[\r][\n]"
13:18:23.067 [Test worker] DEBUG org.apache.http.wire - http-outgoing-1 << "148[\r][\n]"
13:18:23.067 [Test worker] DEBUG org.apache.http.headers - http-outgoing-1 << HTTP/1.1 201 Created
13:18:23.067 [Test worker] DEBUG org.apache.http.headers - http-outgoing-1 << Content-Type: application/json
13:18:23.067 [Test worker] DEBUG org.apache.http.headers - http-outgoing-1 << Transfer-Encoding: chunked
13:18:23.067 [Test worker] DEBUG org.apache.http.headers - http-outgoing-1 << Server: Jetty(9.4.28.v20200408)
13:18:23.068 [Test worker] DEBUG org.apache.http.impl.execchain.MainClientExec - Connection can be kept alive indefinitely
13:18:23.068 [qtp426008992-51] DEBUG org.eclipse.jetty.io.ChannelEndPoint - flushed 122 NetworkTrafficSocketChannelEndPoint@6bc8b7d5{/127.0.0.1:64981<->/127.0.0.1:8080,OPEN,fill=-,flush=W,to=178/30000}{io=0/0,kio=0,kro=1}->HttpConnection@aea33ab[p=HttpParser{s=END,328 of 328},g=HttpGenerator@155c3f9e{s=COMMITTED}]=>HttpChannelOverHttp@6130dca5{s=HttpChannelState@24325ee7{s=HANDLING rs=BLOCKING os=COMMITTED is=READY awp=false se=false i=true al=0},r=1,c=false/false,a=HANDLING,uri=//localhost:8080/__admin/mappings,age=176}
13:18:23.069 [Test worker] DEBUG org.apache.http.wire - http-outgoing-1 << "{[\r][\n]"
13:18:23.069 [Test worker] DEBUG org.apache.http.wire - http-outgoing-1 << "  "id" : "9f3b9445-bf21-4453-a6e8-79ba3d4d83b2",[\r][\n]"
13:18:23.069 [Test worker] DEBUG org.apache.http.wire - http-outgoing-1 << "  "request" : {[\r][\n]"
13:18:23.069 [Test worker] DEBUG org.apache.http.wire - http-outgoing-1 << "    "url" : "/api/v0/components/provision-adapters/awx",[\r][\n]"
13:18:23.069 [Test worker] DEBUG org.apache.http.wire - http-outgoing-1 << "    "method" : "GET"[\r][\n]"
13:18:23.069 [Test worker] DEBUG org.apache.http.wire - http-outgoing-1 << "  },[\r][\n]"
13:18:23.069 [Test worker] DEBUG org.apache.http.wire - http-outgoing-1 << "  "response" : {[\r][\n]"
13:18:23.069 [Test worker] DEBUG org.apache.http.wire - http-outgoing-1 << "    "status" : 401[\r][\n]"
13:18:23.069 [Test worker] DEBUG org.apache.http.wire - http-outgoing-1 << "  },[\r][\n]"
13:18:23.069 [Test worker] DEBUG org.apache.http.wire - http-outgoing-1 << "  "uuid" : "9f3b9445-bf21-4453-a6e8-79ba3d4d83b2",[\r][\n]"
13:18:23.069 [Test worker] DEBUG org.apache.http.wire - http-outgoing-1 << "  "scenarioName" : "unAuthorized",[\r][\n]"
13:18:23.069 [Test worker] DEBUG org.apache.http.wire - http-outgoing-1 << "  "requiredScenarioState" : "Started"[\r][\n]"
13:18:23.069 [Test worker] DEBUG org.apache.http.wire - http-outgoing-1 << "}"
13:18:23.070 [qtp426008992-51] DEBUG org.eclipse.jetty.io.ChannelEndPoint - flushed 328 NetworkTrafficSocketChannelEndPoint@6bc8b7d5{/127.0.0.1:64981<->/127.0.0.1:8080,OPEN,fill=-,flush=W,to=0/30000}{io=0/0,kio=0,kro=1}->HttpConnection@aea33ab[p=HttpParser{s=END,328 of 328},g=HttpGenerator@155c3f9e{s=COMMITTED}]=>HttpChannelOverHttp@6130dca5{s=HttpChannelState@24325ee7{s=HANDLING rs=BLOCKING os=COMMITTED is=READY awp=false se=false i=true al=0},r=1,c=false/false,a=HANDLING,uri=//localhost:8080/__admin/mappings,age=178}
13:18:23.070 [qtp426008992-51] DEBUG org.eclipse.jetty.io.WriteFlusher - Flushed=true written=450 remaining=0 WriteFlusher@4b8dafc{WRITING}->null
13:18:23.071 [qtp426008992-51] DEBUG org.eclipse.jetty.io.WriteFlusher - update WriteFlusher@4b8dafc{IDLE}->null:WRITING-->IDLE
13:18:23.071 [qtp426008992-51] DEBUG org.eclipse.jetty.server.HttpConnection - generate: DONE for org.eclipse.jetty.server.HttpConnection$SendCallback@d4dd207[PROCESSING][i=HTTP/1.1{s=201,h=1,cl=-1},cb=org.eclipse.jetty.server.HttpChannel$SendCallback@7d6d933e] ([p=122,l=122,c=8192,r=0],[p=328,l=328,c=32768,r=0],false)@COMMITTED
13:18:23.071 [qtp426008992-51] DEBUG org.eclipse.jetty.server.HttpOutput - onWriteComplete(false,null) s=OPEN,api=BLOCKED,sc=false,e=null->s=OPEN,api=BLOCKING,sc=false,e=null c=null cb=null w=false
13:18:23.072 [qtp426008992-51] DEBUG org.eclipse.jetty.server.HttpOutput - close() s=CLOSING,api=BLOCKED,sc=false,e=null c=HeapByteBuffer@137d328[p=0,l=0,c=0,r=0]={<<<>>>} b=Blocker@25f00a64{null}
13:18:23.072 [qtp426008992-51] DEBUG org.eclipse.jetty.server.HttpChannel - sendResponse info=null content=HeapByteBuffer@137d328[p=0,l=0,c=0,r=0]={<<<>>>} complete=true committing=false callback=Blocker@25f00a64{null}
13:18:23.072 [qtp426008992-51] DEBUG org.eclipse.jetty.server.HttpConnection - generate: CONTINUE for org.eclipse.jetty.server.HttpConnection$SendCallback@d4dd207[PROCESSING][i=null,cb=org.eclipse.jetty.server.HttpChannel$SendCallback@21be5325] (null,[p=0,l=0,c=0,r=0],true)@COMPLETING
13:18:23.072 [qtp426008992-51] DEBUG org.eclipse.jetty.server.HttpConnection - generate: NEED_CHUNK for org.eclipse.jetty.server.HttpConnection$SendCallback@d4dd207[PROCESSING][i=null,cb=org.eclipse.jetty.server.HttpChannel$SendCallback@21be5325] (null,[p=0,l=0,c=0,r=0],true)@COMPLETING
13:18:23.073 [qtp426008992-51] DEBUG org.eclipse.jetty.server.HttpConnection - generate: FLUSH for org.eclipse.jetty.server.HttpConnection$SendCallback@d4dd207[PROCESSING][i=null,cb=org.eclipse.jetty.server.HttpChannel$SendCallback@21be5325] (null,[p=0,l=0,c=0,r=0],true)@COMPLETING
13:18:23.073 [qtp426008992-51] DEBUG org.eclipse.jetty.io.WriteFlusher - write: WriteFlusher@4b8dafc{IDLE}->null [HeapByteBuffer@420070ff[p=0,l=7,c=1024,r=7]={<<<\r\n0\r\n\r\n>>>\x00\x00\x00\x00\x00\x00\x00\x00\x00...\x00\x00\x00\x00\x00\x00\x00}]
13:18:23.073 [qtp426008992-51] DEBUG org.eclipse.jetty.io.WriteFlusher - update WriteFlusher@4b8dafc{WRITING}->null:IDLE-->WRITING
13:18:23.074 [Test worker] DEBUG org.apache.http.wire - http-outgoing-1 << "[\r][\n]"
13:18:23.074 [Test worker] DEBUG org.apache.http.wire - http-outgoing-1 << "0[\r][\n]"
13:18:23.075 [Test worker] DEBUG org.apache.http.wire - http-outgoing-1 << "[\r][\n]"
13:18:23.075 [Test worker] DEBUG org.apache.http.impl.conn.PoolingHttpClientConnectionManager - Connection [id: 1][route: {}->http://localhost:8080] can be kept alive indefinitely
13:18:23.075 [Test worker] DEBUG org.apache.http.impl.conn.DefaultManagedHttpClientConnection - http-outgoing-1: set socket timeout to 0
13:18:23.075 [Test worker] DEBUG org.apache.http.impl.conn.PoolingHttpClientConnectionManager - Connection released: [id: 1][route: {}->http://localhost:8080][total available: 1; route allocated: 1 of 5; total allocated: 1 of 50]
13:18:23.075 [qtp426008992-51] DEBUG org.eclipse.jetty.io.ChannelEndPoint - flushed 7 NetworkTrafficSocketChannelEndPoint@6bc8b7d5{/127.0.0.1:64981<->/127.0.0.1:8080,OPEN,fill=-,flush=W,to=4/30000}{io=0/0,kio=0,kro=1}->HttpConnection@aea33ab[p=HttpParser{s=END,328 of 328},g=HttpGenerator@155c3f9e{s=COMPLETING}]=>HttpChannelOverHttp@6130dca5{s=HttpChannelState@24325ee7{s=HANDLING rs=BLOCKING os=COMMITTED is=READY awp=false se=false i=true al=0},r=1,c=false/false,a=HANDLING,uri=//localhost:8080/__admin/mappings,age=183}
13:18:23.076 [qtp426008992-51] DEBUG org.eclipse.jetty.io.WriteFlusher - Flushed=true written=7 remaining=0 WriteFlusher@4b8dafc{WRITING}->null
13:18:23.077 [qtp426008992-51] DEBUG org.eclipse.jetty.io.WriteFlusher - update WriteFlusher@4b8dafc{IDLE}->null:WRITING-->IDLE
13:18:23.078 [qtp426008992-51] DEBUG org.eclipse.jetty.server.HttpConnection - generate: DONE for org.eclipse.jetty.server.HttpConnection$SendCallback@d4dd207[PROCESSING][i=null,cb=org.eclipse.jetty.server.HttpChannel$SendCallback@21be5325] (null,[p=0,l=0,c=0,r=0],true)@END
13:18:23.078 [qtp426008992-51] DEBUG org.eclipse.jetty.server.HttpOutput - onWriteComplete(true,null) s=CLOSING,api=BLOCKED,sc=false,e=null->s=CLOSED,api=BLOCKING,sc=false,e=null c=null cb=null w=false
13:18:23.078 [qtp426008992-51] DEBUG org.eclipse.jetty.server.handler.gzip.GzipHandler - GzipHandler@3867a06c{STARTED,min=32,inflate=-1} handle Request[POST //localhost:8080/__admin/mappings]@5365ffe2 in null
13:18:23.078 [qtp426008992-51] DEBUG org.eclipse.jetty.server.handler.ContextHandler - scope null||/__admin/mappings @ o.e.j.s.ServletContextHandler@3ff531df{/,null,AVAILABLE}
13:18:23.078 [qtp426008992-51] DEBUG org.eclipse.jetty.server.Server - handled=true async=false committed=true on HttpChannelOverHttp@6130dca5{s=HttpChannelState@24325ee7{s=HANDLING rs=BLOCKING os=COMPLETED is=READY awp=false se=false i=true al=0},r=1,c=false/true,a=HANDLING,uri=//localhost:8080/__admin/mappings,age=186}
13:18:23.078 [qtp426008992-51] DEBUG org.eclipse.jetty.server.HttpChannelState - unhandle HttpChannelState@24325ee7{s=HANDLING rs=BLOCKING os=COMPLETED is=READY awp=false se=false i=true al=0}
13:18:23.079 [qtp426008992-51] DEBUG org.eclipse.jetty.server.HttpChannelState - nextAction(false) COMPLETE HttpChannelState@24325ee7{s=HANDLING rs=COMPLETING os=COMPLETED is=READY awp=false se=false i=false al=0}
13:18:23.079 [qtp426008992-51] DEBUG org.eclipse.jetty.server.HttpChannel - action COMPLETE HttpChannelOverHttp@6130dca5{s=HttpChannelState@24325ee7{s=HANDLING rs=COMPLETING os=COMPLETED is=READY awp=false se=false i=false al=0},r=1,c=false/true,a=HANDLING,uri=//localhost:8080/__admin/mappings,age=187}
13:18:23.080 [Test worker] DEBUG org.apache.http.impl.conn.PoolingHttpClientConnectionManager - Connection request: [route: {}->http://localhost:8080][total available: 1; route allocated: 1 of 5; total allocated: 1 of 50]
13:18:23.080 [Test worker] DEBUG org.apache.http.impl.conn.PoolingHttpClientConnectionManager - Connection leased: [id: 1][route: {}->http://localhost:8080][total available: 0; route allocated: 1 of 5; total allocated: 1 of 50]
13:18:23.080 [Test worker] DEBUG org.apache.http.impl.conn.DefaultManagedHttpClientConnection - http-outgoing-1: set socket timeout to 30000
13:18:23.080 [Test worker] DEBUG org.apache.http.impl.execchain.MainClientExec - Stale connection check
13:18:23.079 [qtp426008992-51] DEBUG org.eclipse.jetty.server.HttpOutput - complete(org.eclipse.jetty.util.Callback$4@11c8a048) s=CLOSED,api=BLOCKING,sc=false,e=null s=true e=null, c=null
13:18:23.080 [qtp426008992-51] DEBUG org.eclipse.jetty.server.HttpChannelState - completed HttpChannelState@24325ee7{s=HANDLING rs=COMPLETING os=COMPLETED is=READY awp=false se=false i=false al=0}
13:18:23.080 [qtp426008992-51] DEBUG org.eclipse.jetty.server.HttpChannelState - unhandle HttpChannelState@24325ee7{s=HANDLING rs=COMPLETED os=COMPLETED is=READY awp=false se=false i=false al=0}
13:18:23.081 [qtp426008992-51] DEBUG org.eclipse.jetty.server.HttpChannelState - nextAction(false) TERMINATED HttpChannelState@24325ee7{s=IDLE rs=COMPLETED os=COMPLETED is=READY awp=false se=false i=false al=0}
13:18:23.081 [Test worker] DEBUG org.apache.http.wire - http-outgoing-1 << "[read] I/O error: Read timed out"
13:18:23.081 [Test worker] DEBUG org.apache.http.impl.execchain.MainClientExec - Executing request POST /__admin/mappings HTTP/1.1
13:18:23.081 [Test worker] DEBUG org.apache.http.impl.execchain.MainClientExec - Target auth state: UNCHALLENGED
13:18:23.081 [Test worker] DEBUG org.apache.http.impl.execchain.MainClientExec - Proxy auth state: UNCHALLENGED
13:18:23.081 [Test worker] DEBUG org.apache.http.headers - http-outgoing-1 >> POST /__admin/mappings HTTP/1.1
13:18:23.081 [Test worker] DEBUG org.apache.http.headers - http-outgoing-1 >> Content-Length: 678
13:18:23.081 [Test worker] DEBUG org.apache.http.headers - http-outgoing-1 >> Content-Type: text/plain; charset=UTF-8
13:18:23.081 [Test worker] DEBUG org.apache.http.headers - http-outgoing-1 >> Host: localhost:8080
13:18:23.081 [Test worker] DEBUG org.apache.http.headers - http-outgoing-1 >> Connection: Keep-Alive
13:18:23.081 [Test worker] DEBUG org.apache.http.headers - http-outgoing-1 >> User-Agent: Apache-HttpClient/4.5.12 (Java/11.0.2)
13:18:23.081 [Test worker] DEBUG org.apache.http.wire - http-outgoing-1 >> "POST /__admin/mappings HTTP/1.1[\r][\n]"
13:18:23.081 [Test worker] DEBUG org.apache.http.wire - http-outgoing-1 >> "Content-Length: 678[\r][\n]"
13:18:23.081 [Test worker] DEBUG org.apache.http.wire - http-outgoing-1 >> "Content-Type: text/plain; charset=UTF-8[\r][\n]"
13:18:23.081 [Test worker] DEBUG org.apache.http.wire - http-outgoing-1 >> "Host: localhost:8080[\r][\n]"
13:18:23.081 [Test worker] DEBUG org.apache.http.wire - http-outgoing-1 >> "Connection: Keep-Alive[\r][\n]"
13:18:23.081 [Test worker] DEBUG org.apache.http.wire - http-outgoing-1 >> "User-Agent: Apache-HttpClient/4.5.12 (Java/11.0.2)[\r][\n]"
13:18:23.081 [Test worker] DEBUG org.apache.http.wire - http-outgoing-1 >> "[\r][\n]"
13:18:23.081 [Test worker] DEBUG org.apache.http.wire - http-outgoing-1 >> "{[\r][\n]"
13:18:23.081 [Test worker] DEBUG org.apache.http.wire - http-outgoing-1 >> "  "id" : "a6c70f28-7a2a-492a-8f13-402457cfa7e5",[\r][\n]"
13:18:23.081 [Test worker] DEBUG org.apache.http.wire - http-outgoing-1 >> "  "request" : {[\r][\n]"
13:18:23.081 [Test worker] DEBUG org.apache.http.wire - http-outgoing-1 >> "    "url" : "/api/v0/components/login",[\r][\n]"
13:18:23.081 [Test worker] DEBUG org.apache.http.wire - http-outgoing-1 >> "    "method" : "POST",[\r][\n]"
13:18:23.081 [Test worker] DEBUG org.apache.http.wire - http-outgoing-1 >> "    "headers" : {[\r][\n]"
13:18:23.081 [Test worker] DEBUG org.apache.http.wire - http-outgoing-1 >> "      "Content-Type" : {[\r][\n]"
13:18:23.081 [Test worker] DEBUG org.apache.http.wire - http-outgoing-1 >> "        "equalTo" : "application/json"[\r][\n]"
13:18:23.081 [Test worker] DEBUG org.apache.http.wire - http-outgoing-1 >> "      }[\r][\n]"
13:18:23.081 [Test worker] DEBUG org.apache.http.wire - http-outgoing-1 >> "    },[\r][\n]"
13:18:23.082 [Test worker] DEBUG org.apache.http.wire - http-outgoing-1 >> "    "bodyPatterns" : [ {[\r][\n]"
13:18:23.082 [Test worker] DEBUG org.apache.http.wire - http-outgoing-1 >> "      "equalTo" : "{\"password\":\"123456\",\"username\":\"catalogClientApi\"}"[\r][\n]"
13:18:23.082 [Test worker] DEBUG org.apache.http.wire - http-outgoing-1 >> "    } ][\r][\n]"
13:18:23.082 [Test worker] DEBUG org.apache.http.wire - http-outgoing-1 >> "  },[\r][\n]"
13:18:23.082 [Test worker] DEBUG org.apache.http.wire - http-outgoing-1 >> "  "response" : {[\r][\n]"
13:18:23.082 [Test worker] DEBUG org.apache.http.wire - http-outgoing-1 >> "    "status" : 200,[\r][\n]"
13:18:23.082 [Test worker] DEBUG org.apache.http.wire - http-outgoing-1 >> "    "body" : "{\"token\":\"someToken\"}",[\r][\n]"
13:18:23.082 [Test worker] DEBUG org.apache.http.wire - http-outgoing-1 >> "    "headers" : {[\r][\n]"
13:18:23.082 [Test worker] DEBUG org.apache.http.wire - http-outgoing-1 >> "      "Content-Type" : "application/json"[\r][\n]"
13:18:23.082 [Test worker] DEBUG org.apache.http.wire - http-outgoing-1 >> "    }[\r][\n]"
13:18:23.082 [Test worker] DEBUG org.apache.http.wire - http-outgoing-1 >> "  },[\r][\n]"
13:18:23.082 [Test worker] DEBUG org.apache.http.wire - http-outgoing-1 >> "  "uuid" : "a6c70f28-7a2a-492a-8f13-402457cfa7e5",[\r][\n]"
13:18:23.082 [Test worker] DEBUG org.apache.http.wire - http-outgoing-1 >> "  "scenarioName" : "unAuthorized",[\r][\n]"
13:18:23.082 [Test worker] DEBUG org.apache.http.wire - http-outgoing-1 >> "  "requiredScenarioState" : "Started",[\r][\n]"
13:18:23.082 [Test worker] DEBUG org.apache.http.wire - http-outgoing-1 >> "  "newScenarioState" : "logged"[\r][\n]"
13:18:23.082 [Test worker] DEBUG org.apache.http.wire - http-outgoing-1 >> "}"
13:18:23.082 [qtp426008992-51] DEBUG org.eclipse.jetty.server.HttpChannel - action TERMINATED HttpChannelOverHttp@6130dca5{s=HttpChannelState@24325ee7{s=IDLE rs=COMPLETED os=COMPLETED is=READY awp=false se=false i=false al=0},r=1,c=true/true,a=IDLE,uri=//localhost:8080/__admin/mappings,age=189}
13:18:23.082 [qtp426008992-51] DEBUG org.eclipse.jetty.server.HttpChannel - onCompleted for /__admin/mappings written=328
13:18:23.082 [qtp426008992-51] DEBUG org.eclipse.jetty.server.HttpChannelState - recycle HttpChannelState@24325ee7{s=IDLE rs=COMPLETED os=COMPLETED is=READY awp=false se=false i=false al=0}
13:18:23.082 [qtp426008992-51] DEBUG org.eclipse.jetty.http.HttpParser - reset HttpParser{s=END,328 of 328}
13:18:23.082 [qtp426008992-51] DEBUG org.eclipse.jetty.http.HttpParser - END --> START
13:18:23.083 [qtp426008992-51] DEBUG org.eclipse.jetty.server.HttpChannel - !handle TERMINATED HttpChannelOverHttp@6130dca5{s=HttpChannelState@24325ee7{s=IDLE rs=BLOCKING os=OPEN is=IDLE awp=false se=false i=true al=0},r=1,c=false/false,a=IDLE,uri=null,age=0}
13:18:23.083 [qtp426008992-51] DEBUG org.eclipse.jetty.io.ChannelEndPoint - filled 873 HeapByteBuffer@a250024[p=0,l=873,c=8192,r=873]={<<<POST /__admin/mappings HT...rioState" : "logged"\r\n}>>>\x00\x00\x00\x00\x00\x00\x00\x00\x00...\x00\x00\x00\x00\x00\x00\x00}
13:18:23.083 [qtp426008992-51] DEBUG org.eclipse.jetty.server.HttpConnection - HttpConnection@aea33ab::NetworkTrafficSocketChannelEndPoint@6bc8b7d5{/127.0.0.1:64981<->/127.0.0.1:8080,OPEN,fill=-,flush=-,to=0/30000}{io=0/0,kio=0,kro=1}->HttpConnection@aea33ab[p=HttpParser{s=START,0 of -1},g=HttpGenerator@155c3f9e{s=START}]=>HttpChannelOverHttp@6130dca5{s=HttpChannelState@24325ee7{s=IDLE rs=BLOCKING os=OPEN is=IDLE awp=false se=false i=true al=0},r=1,c=false/false,a=IDLE,uri=null,age=0} filled 873 HeapByteBuffer@a250024[p=0,l=873,c=8192,r=873]={<<<POST /__admin/mappings HT...rioState" : "logged"\r\n}>>>\x00\x00\x00\x00\x00\x00\x00\x00\x00...\x00\x00\x00\x00\x00\x00\x00}
13:18:23.083 [qtp426008992-51] DEBUG org.eclipse.jetty.server.HttpConnection - HttpConnection@aea33ab::NetworkTrafficSocketChannelEndPoint@6bc8b7d5{/127.0.0.1:64981<->/127.0.0.1:8080,OPEN,fill=-,flush=-,to=0/30000}{io=0/0,kio=0,kro=1}->HttpConnection@aea33ab[p=HttpParser{s=START,0 of -1},g=HttpGenerator@155c3f9e{s=START}]=>HttpChannelOverHttp@6130dca5{s=HttpChannelState@24325ee7{s=IDLE rs=BLOCKING os=OPEN is=IDLE awp=false se=false i=true al=0},r=1,c=false/false,a=IDLE,uri=null,age=0} parse HeapByteBuffer@a250024[p=0,l=873,c=8192,r=873]={<<<POST /__admin/mappings HT...rioState" : "logged"\r\n}>>>\x00\x00\x00\x00\x00\x00\x00\x00\x00...\x00\x00\x00\x00\x00\x00\x00} {}
13:18:23.084 [qtp426008992-51] DEBUG org.eclipse.jetty.http.HttpParser - parseNext s=START HeapByteBuffer@a250024[p=0,l=873,c=8192,r=873]={<<<POST /__admin/mappings HT...rioState" : "logged"\r\n}>>>\x00\x00\x00\x00\x00\x00\x00\x00\x00...\x00\x00\x00\x00\x00\x00\x00}
13:18:23.084 [qtp426008992-51] DEBUG org.eclipse.jetty.http.HttpParser - START --> SPACE1
13:18:23.084 [qtp426008992-51] DEBUG org.eclipse.jetty.http.HttpParser - SPACE1 --> URI
13:18:23.084 [qtp426008992-51] DEBUG org.eclipse.jetty.http.HttpParser - URI --> SPACE2
13:18:23.084 [qtp426008992-51] DEBUG org.eclipse.jetty.http.HttpParser - SPACE2 --> REQUEST_VERSION
13:18:23.084 [qtp426008992-51] DEBUG org.eclipse.jetty.http.HttpParser - REQUEST_VERSION --> HEADER
13:18:23.084 [qtp426008992-51] DEBUG org.eclipse.jetty.http.HttpParser - HEADER:Content-Length --> VALUE
13:18:23.085 [qtp426008992-51] DEBUG org.eclipse.jetty.http.HttpParser - HEADER:Content-Length --> IN_VALUE
13:18:23.085 [qtp426008992-51] DEBUG org.eclipse.jetty.http.HttpParser - HEADER:Content-Length --> FIELD
13:18:23.085 [qtp426008992-51] DEBUG org.eclipse.jetty.http.HttpParser - HEADER:Content-Type: text/plain; charset=UTF-8 --> IN_VALUE
13:18:23.085 [qtp426008992-51] DEBUG org.eclipse.jetty.http.HttpParser - HEADER:Content-Type: text/plain; charset=UTF-8 --> FIELD
13:18:23.085 [qtp426008992-51] DEBUG org.eclipse.jetty.http.HttpParser - HEADER:Host: localhost:8080 --> IN_VALUE
13:18:23.085 [qtp426008992-51] DEBUG org.eclipse.jetty.http.HttpParser - HEADER:Host: localhost:8080 --> FIELD
13:18:23.085 [qtp426008992-51] DEBUG org.eclipse.jetty.http.HttpParser - HEADER:Connection: keep-alive --> IN_VALUE
13:18:23.086 [qtp426008992-51] DEBUG org.eclipse.jetty.http.HttpParser - HEADER:Connection: keep-alive --> FIELD
13:18:23.086 [qtp426008992-51] DEBUG org.eclipse.jetty.http.HttpParser - HEADER:User-Agent: Apache-HttpClient/4.5.12 (Java/11.0.2) --> IN_VALUE
13:18:23.086 [qtp426008992-51] DEBUG org.eclipse.jetty.http.HttpParser - HEADER:User-Agent: Apache-HttpClient/4.5.12 (Java/11.0.2) --> FIELD
13:18:23.086 [qtp426008992-51] DEBUG org.eclipse.jetty.http.HttpParser - HEADER --> CONTENT
13:18:23.086 [qtp426008992-51] DEBUG org.eclipse.jetty.server.HttpChannel - REQUEST for //localhost:8080/__admin/mappings on HttpChannelOverHttp@6130dca5{s=HttpChannelState@24325ee7{s=IDLE rs=BLOCKING os=OPEN is=IDLE awp=false se=false i=true al=0},r=2,c=false/false,a=IDLE,uri=//localhost:8080/__admin/mappings,age=0}
POST //localhost:8080/__admin/mappings HTTP/1.1
Content-Length: 678
Content-Type: text/plain; charset=UTF-8
Host: localhost:8080
Connection: keep-alive
User-Agent: Apache-HttpClient/4.5.12 (Java/11.0.2)


13:18:23.087 [qtp426008992-51] DEBUG org.eclipse.jetty.server.HttpConnection - HttpConnection@aea33ab::NetworkTrafficSocketChannelEndPoint@6bc8b7d5{/127.0.0.1:64981<->/127.0.0.1:8080,OPEN,fill=-,flush=-,to=3/30000}{io=0/0,kio=0,kro=1}->HttpConnection@aea33ab[p=HttpParser{s=CONTENT,0 of 678},g=HttpGenerator@155c3f9e{s=START}]=>HttpChannelOverHttp@6130dca5{s=HttpChannelState@24325ee7{s=IDLE rs=BLOCKING os=OPEN is=IDLE awp=false se=false i=true al=0},r=2,c=false/false,a=IDLE,uri=//localhost:8080/__admin/mappings,age=1} parsed true HttpParser{s=CONTENT,0 of 678}
13:18:23.087 [qtp426008992-51] DEBUG org.eclipse.jetty.server.HttpChannel - handle //localhost:8080/__admin/mappings HttpChannelOverHttp@6130dca5{s=HttpChannelState@24325ee7{s=IDLE rs=BLOCKING os=OPEN is=IDLE awp=false se=false i=true al=0},r=2,c=false/false,a=IDLE,uri=//localhost:8080/__admin/mappings,age=1} 
13:18:23.087 [qtp426008992-51] DEBUG org.eclipse.jetty.server.HttpChannelState - handling HttpChannelState@24325ee7{s=IDLE rs=BLOCKING os=OPEN is=IDLE awp=false se=false i=true al=0}
13:18:23.087 [qtp426008992-51] DEBUG org.eclipse.jetty.server.HttpChannel - action DISPATCH HttpChannelOverHttp@6130dca5{s=HttpChannelState@24325ee7{s=HANDLING rs=BLOCKING os=OPEN is=IDLE awp=false se=false i=true al=0},r=2,c=false/false,a=HANDLING,uri=//localhost:8080/__admin/mappings,age=1}
13:18:23.088 [qtp426008992-51] DEBUG org.eclipse.jetty.server.Server - REQUEST POST /__admin/mappings on HttpChannelOverHttp@6130dca5{s=HttpChannelState@24325ee7{s=HANDLING rs=BLOCKING os=OPEN is=IDLE awp=false se=false i=true al=0},r=2,c=false/false,a=HANDLING,uri=//localhost:8080/__admin/mappings,age=2}
13:18:23.088 [qtp426008992-51] DEBUG org.eclipse.jetty.server.handler.ContextHandler - scope null||/__admin/mappings @ o.e.j.s.ServletContextHandler@5219ca04{/__admin,null,AVAILABLE}
13:18:23.088 [qtp426008992-51] DEBUG org.eclipse.jetty.server.handler.ContextHandler - context=/__admin||/mappings @ o.e.j.s.ServletContextHandler@5219ca04{/__admin,null,AVAILABLE}
13:18:23.088 [qtp426008992-51] DEBUG org.eclipse.jetty.servlet.ServletHandler - servlet /__admin|/mappings|null -> com.github.tomakehurst.wiremock.servlet.WireMockHandlerDispatchingServlet-524d6e28@93570ed0==com.github.tomakehurst.wiremock.servlet.WireMockHandlerDispatchingServlet,jsp=null,order=-1,inst=true,async=true
13:18:23.089 [qtp426008992-51] DEBUG org.eclipse.jetty.servlet.ServletHandler - chain=org.eclipse.jetty.servlets.CrossOriginFilter-426ca846@426ca846==org.eclipse.jetty.servlets.CrossOriginFilter,inst=true,async=true->com.github.tomakehurst.wiremock.servlet.WireMockHandlerDispatchingServlet-524d6e28@93570ed0==com.github.tomakehurst.wiremock.servlet.WireMockHandlerDispatchingServlet,jsp=null,order=-1,inst=true,async=true
13:18:23.089 [qtp426008992-51] DEBUG org.eclipse.jetty.servlet.ServletHandler - call filter org.eclipse.jetty.servlets.CrossOriginFilter-426ca846@426ca846==org.eclipse.jetty.servlets.CrossOriginFilter,inst=true,async=true
13:18:23.089 [qtp426008992-51] DEBUG org.eclipse.jetty.servlet.ServletHandler - call servlet com.github.tomakehurst.wiremock.servlet.WireMockHandlerDispatchingServlet-524d6e28@93570ed0==com.github.tomakehurst.wiremock.servlet.WireMockHandlerDispatchingServlet,jsp=null,order=-1,inst=true,async=true
13:18:23.091 [qtp426008992-51] DEBUG org.eclipse.jetty.server.HttpConnection - HttpConnection@aea33ab::NetworkTrafficSocketChannelEndPoint@6bc8b7d5{/127.0.0.1:64981<->/127.0.0.1:8080,OPEN,fill=-,flush=-,to=7/30000}{io=0/0,kio=0,kro=1}->HttpConnection@aea33ab[p=HttpParser{s=CONTENT,0 of 678},g=HttpGenerator@155c3f9e{s=START}]=>HttpChannelOverHttp@6130dca5{s=HttpChannelState@24325ee7{s=HANDLING rs=BLOCKING os=OPEN is=IDLE awp=false se=false i=true al=0},r=2,c=false/false,a=HANDLING,uri=//localhost:8080/__admin/mappings,age=5} parse HeapByteBuffer@a250024[p=195,l=873,c=8192,r=678]={POST /__a....2)\r\n\r\n<<<{\r\n  "id" : "a6c70f28-7a2...rioState" : "logged"\r\n}>>>\x00\x00\x00\x00\x00\x00\x00\x00\x00...\x00\x00\x00\x00\x00\x00\x00} {}
13:18:23.091 [qtp426008992-51] DEBUG org.eclipse.jetty.http.HttpParser - parseNext s=CONTENT HeapByteBuffer@a250024[p=195,l=873,c=8192,r=678]={POST /__a....2)\r\n\r\n<<<{\r\n  "id" : "a6c70f28-7a2...rioState" : "logged"\r\n}>>>\x00\x00\x00\x00\x00\x00\x00\x00\x00...\x00\x00\x00\x00\x00\x00\x00}
13:18:23.091 [qtp426008992-51] DEBUG org.eclipse.jetty.server.HttpChannel - onContent HttpChannelOverHttp@6130dca5{s=HttpChannelState@24325ee7{s=HANDLING rs=BLOCKING os=OPEN is=IDLE awp=false se=false i=true al=0},r=2,c=false/false,a=HANDLING,uri=//localhost:8080/__admin/mappings,age=5} Content@42bcee2f{HeapByteBufferR@3faf90f[p=195,l=873,c=8192,r=678]={POST /__a....2)\r\n\r\n<<<{\r\n  "id" : "a6c70f28-7a2...rioState" : "logged"\r\n}>>>\x00\x00\x00\x00\x00\x00\x00\x00\x00...\x00\x00\x00\x00\x00\x00\x00}}
13:18:23.091 [qtp426008992-51] DEBUG org.eclipse.jetty.server.HttpInput - HttpInputOverHTTP@67d9e994[c=0,q=0,[0]=null,s=STREAM] addContent Content@42bcee2f{HeapByteBufferR@3faf90f[p=195,l=873,c=8192,r=678]={POST /__a....2)\r\n\r\n<<<{\r\n  "id" : "a6c70f28-7a2...rioState" : "logged"\r\n}>>>\x00\x00\x00\x00\x00\x00\x00\x00\x00...\x00\x00\x00\x00\x00\x00\x00}}
13:18:23.091 [qtp426008992-51] DEBUG org.eclipse.jetty.http.HttpParser - CONTENT --> CONTENT_END
13:18:23.091 [qtp426008992-51] DEBUG org.eclipse.jetty.server.HttpChannel - onContentComplete HttpChannelOverHttp@6130dca5{s=HttpChannelState@24325ee7{s=HANDLING rs=BLOCKING os=OPEN is=IDLE awp=false se=false i=true al=0},r=2,c=false/false,a=HANDLING,uri=//localhost:8080/__admin/mappings,age=5}
13:18:23.091 [qtp426008992-51] DEBUG org.eclipse.jetty.http.HttpParser - CONTENT_END --> END
13:18:23.091 [qtp426008992-51] DEBUG org.eclipse.jetty.server.HttpChannel - onRequestComplete HttpChannelOverHttp@6130dca5{s=HttpChannelState@24325ee7{s=HANDLING rs=BLOCKING os=OPEN is=IDLE awp=false se=false i=true al=0},r=2,c=false/false,a=HANDLING,uri=//localhost:8080/__admin/mappings,age=5}
13:18:23.092 [qtp426008992-51] DEBUG org.eclipse.jetty.server.HttpInput - HttpInputOverHTTP@67d9e994[c=0,q=1,[0]=EOF,s=STREAM] addContent EOF
13:18:23.092 [qtp426008992-51] DEBUG org.eclipse.jetty.server.HttpConnection - HttpConnection@aea33ab::NetworkTrafficSocketChannelEndPoint@6bc8b7d5{/127.0.0.1:64981<->/127.0.0.1:8080,OPEN,fill=-,flush=-,to=8/30000}{io=0/0,kio=0,kro=1}->HttpConnection@aea33ab[p=HttpParser{s=END,678 of 678},g=HttpGenerator@155c3f9e{s=START}]=>HttpChannelOverHttp@6130dca5{s=HttpChannelState@24325ee7{s=HANDLING rs=BLOCKING os=OPEN is=IDLE awp=false se=false i=true al=0},r=2,c=false/false,a=HANDLING,uri=//localhost:8080/__admin/mappings,age=6} parsed false HttpParser{s=END,678 of 678}
13:18:23.092 [qtp426008992-51] DEBUG org.eclipse.jetty.server.HttpInput - HttpInputOverHTTP@67d9e994[c=678,q=1,[0]=EOF,s=STREAM] read 678 from Content@42bcee2f{HeapByteBufferR@3faf90f[p=873,l=873,c=8192,r=0]={POST /__a...ged"\r\n}<<<>>>\x00\x00\x00\x00\x00\x00\x00\x00\x00...\x00\x00\x00\x00\x00\x00\x00}}
13:18:23.092 [qtp426008992-51] DEBUG org.eclipse.jetty.server.HttpConnection - releaseRequestBuffer HttpConnection@aea33ab::NetworkTrafficSocketChannelEndPoint@6bc8b7d5{/127.0.0.1:64981<->/127.0.0.1:8080,OPEN,fill=-,flush=-,to=9/30000}{io=0/0,kio=0,kro=1}->HttpConnection@aea33ab[p=HttpParser{s=END,678 of 678},g=HttpGenerator@155c3f9e{s=START}]=>HttpChannelOverHttp@6130dca5{s=HttpChannelState@24325ee7{s=HANDLING rs=BLOCKING os=OPEN is=IDLE awp=false se=false i=true al=0},r=2,c=false/false,a=HANDLING,uri=//localhost:8080/__admin/mappings,age=6}
13:18:23.092 [qtp426008992-51] DEBUG org.eclipse.jetty.server.HttpChannelState - onEof HttpChannelState@24325ee7{s=HANDLING rs=BLOCKING os=OPEN is=IDLE awp=false se=false i=true al=0}
13:18:23.100 [qtp426008992-51] DEBUG org.eclipse.jetty.server.HttpOutput - write(array HeapByteBuffer@5a0c45bc[p=0,l=678,c=8192,r=678]={<<<{\r\n  "id" : "a6c70f28-7a2...rioState" : "logged"\r\n}>>>\x00\x00\x00\x00\x00\x00\x00\x00\x00...\x00\x00\x00\x00\x00\x00\x00})
13:18:23.101 [qtp426008992-51] DEBUG org.eclipse.jetty.server.HttpOutput - write(array) s=OPEN,api=BLOCKING,sc=false,e=null aggregated !flush DirectByteBuffer@1fbcd215[p=0,l=678,c=32768,r=678]={<<<{\r\n  "id" : "a6c70f28-7a2...rioState" : "logged"\r\n}>>>\x00\x00\x00\x00\x00\x00\x00\x00\x00...\x00\x00\x00\x00\x00\x00\x00}
13:18:23.101 [qtp426008992-51] DEBUG org.eclipse.jetty.server.HttpChannel - sendResponse info=null content=DirectByteBuffer@1fbcd215[p=0,l=678,c=32768,r=678]={<<<{\r\n  "id" : "a6c70f28-7a2...rioState" : "logged"\r\n}>>>\x00\x00\x00\x00\x00\x00\x00\x00\x00...\x00\x00\x00\x00\x00\x00\x00} complete=false committing=true callback=Blocker@25f00a64{null}
13:18:23.101 [qtp426008992-51] DEBUG org.eclipse.jetty.server.HttpChannel - COMMIT for /__admin/mappings on HttpChannelOverHttp@6130dca5{s=HttpChannelState@24325ee7{s=HANDLING rs=BLOCKING os=COMMITTED is=READY awp=false se=false i=true al=0},r=2,c=false/false,a=HANDLING,uri=//localhost:8080/__admin/mappings,age=15}
201 null HTTP/1.1
Content-Type: application/json


13:18:23.101 [qtp426008992-51] DEBUG org.eclipse.jetty.server.HttpConnection - generate: NEED_HEADER for org.eclipse.jetty.server.HttpConnection$SendCallback@d4dd207[PROCESSING][i=HTTP/1.1{s=201,h=1,cl=-1},cb=org.eclipse.jetty.server.HttpChannel$SendCallback@41e855e4] (null,[p=0,l=678,c=32768,r=678],false)@START
13:18:23.101 [qtp426008992-51] DEBUG org.eclipse.jetty.http.HttpGenerator - generateHeaders HTTP/1.1{s=201,h=1,cl=-1} last=false content=DirectByteBuffer@1fbcd215[p=0,l=678,c=32768,r=678]={<<<{\r\n  "id" : "a6c70f28-7a2...rioState" : "logged"\r\n}>>>\x00\x00\x00\x00\x00\x00\x00\x00\x00...\x00\x00\x00\x00\x00\x00\x00}
13:18:23.101 [qtp426008992-51] DEBUG org.eclipse.jetty.http.HttpGenerator - Content-Type: application/json


13:18:23.101 [qtp426008992-51] DEBUG org.eclipse.jetty.http.HttpGenerator - CHUNKED_CONTENT
13:18:23.101 [qtp426008992-51] DEBUG org.eclipse.jetty.server.HttpConnection - generate: FLUSH for org.eclipse.jetty.server.HttpConnection$SendCallback@d4dd207[PROCESSING][i=HTTP/1.1{s=201,h=1,cl=-1},cb=org.eclipse.jetty.server.HttpChannel$SendCallback@41e855e4] ([p=0,l=122,c=8192,r=122],[p=0,l=678,c=32768,r=678],false)@COMMITTED
13:18:23.101 [qtp426008992-51] DEBUG org.eclipse.jetty.io.WriteFlusher - write: WriteFlusher@4b8dafc{IDLE}->null [HeapByteBuffer@a250024[p=0,l=122,c=8192,r=122]={<<<HTTP/1.1 201 Created\r\nCon....28.v20200408)\r\n\r\n2A6\r\n>>>ction: Ke...\x00\x00\x00\x00\x00\x00\x00},DirectByteBuffer@1fbcd215[p=0,l=678,c=32768,r=678]={<<<{\r\n  "id" : "a6c70f28-7a2...rioState" : "logged"\r\n}>>>\x00\x00\x00\x00\x00\x00\x00\x00\x00...\x00\x00\x00\x00\x00\x00\x00}]
13:18:23.101 [qtp426008992-51] DEBUG org.eclipse.jetty.io.WriteFlusher - update WriteFlusher@4b8dafc{WRITING}->null:IDLE-->WRITING
13:18:23.101 [Test worker] DEBUG org.apache.http.wire - http-outgoing-1 << "HTTP/1.1 201 Created[\r][\n]"
13:18:23.101 [Test worker] DEBUG org.apache.http.wire - http-outgoing-1 << "Content-Type: application/json[\r][\n]"
13:18:23.101 [Test worker] DEBUG org.apache.http.wire - http-outgoing-1 << "Transfer-Encoding: chunked[\r][\n]"
13:18:23.101 [Test worker] DEBUG org.apache.http.wire - http-outgoing-1 << "Server: Jetty(9.4.28.v20200408)[\r][\n]"
13:18:23.101 [Test worker] DEBUG org.apache.http.wire - http-outgoing-1 << "[\r][\n]"
13:18:23.101 [Test worker] DEBUG org.apache.http.wire - http-outgoing-1 << "2A6[\r][\n]"
13:18:23.101 [qtp426008992-51] DEBUG org.eclipse.jetty.io.ChannelEndPoint - flushed 122 NetworkTrafficSocketChannelEndPoint@6bc8b7d5{/127.0.0.1:64981<->/127.0.0.1:8080,OPEN,fill=-,flush=W,to=18/30000}{io=0/0,kio=0,kro=1}->HttpConnection@aea33ab[p=HttpParser{s=END,678 of 678},g=HttpGenerator@155c3f9e{s=COMMITTED}]=>HttpChannelOverHttp@6130dca5{s=HttpChannelState@24325ee7{s=HANDLING rs=BLOCKING os=COMMITTED is=READY awp=false se=false i=true al=0},r=2,c=false/false,a=HANDLING,uri=//localhost:8080/__admin/mappings,age=15}
13:18:23.102 [Test worker] DEBUG org.apache.http.headers - http-outgoing-1 << HTTP/1.1 201 Created
13:18:23.102 [Test worker] DEBUG org.apache.http.headers - http-outgoing-1 << Content-Type: application/json
13:18:23.102 [Test worker] DEBUG org.apache.http.headers - http-outgoing-1 << Transfer-Encoding: chunked
13:18:23.102 [Test worker] DEBUG org.apache.http.headers - http-outgoing-1 << Server: Jetty(9.4.28.v20200408)
13:18:23.102 [qtp426008992-51] DEBUG org.eclipse.jetty.io.ChannelEndPoint - flushed 678 NetworkTrafficSocketChannelEndPoint@6bc8b7d5{/127.0.0.1:64981<->/127.0.0.1:8080,OPEN,fill=-,flush=W,to=0/30000}{io=0/0,kio=0,kro=1}->HttpConnection@aea33ab[p=HttpParser{s=END,678 of 678},g=HttpGenerator@155c3f9e{s=COMMITTED}]=>HttpChannelOverHttp@6130dca5{s=HttpChannelState@24325ee7{s=HANDLING rs=BLOCKING os=COMMITTED is=READY awp=false se=false i=true al=0},r=2,c=false/false,a=HANDLING,uri=//localhost:8080/__admin/mappings,age=16}
13:18:23.102 [qtp426008992-51] DEBUG org.eclipse.jetty.io.WriteFlusher - Flushed=true written=800 remaining=0 WriteFlusher@4b8dafc{WRITING}->null
13:18:23.102 [qtp426008992-51] DEBUG org.eclipse.jetty.io.WriteFlusher - update WriteFlusher@4b8dafc{IDLE}->null:WRITING-->IDLE
13:18:23.102 [Test worker] DEBUG org.apache.http.impl.execchain.MainClientExec - Connection can be kept alive indefinitely
13:18:23.102 [qtp426008992-51] DEBUG org.eclipse.jetty.server.HttpConnection - generate: DONE for org.eclipse.jetty.server.HttpConnection$SendCallback@d4dd207[PROCESSING][i=HTTP/1.1{s=201,h=1,cl=-1},cb=org.eclipse.jetty.server.HttpChannel$SendCallback@41e855e4] ([p=122,l=122,c=8192,r=0],[p=678,l=678,c=32768,r=0],false)@COMMITTED
13:18:23.102 [qtp426008992-51] DEBUG org.eclipse.jetty.server.HttpOutput - onWriteComplete(false,null) s=OPEN,api=BLOCKED,sc=false,e=null->s=OPEN,api=BLOCKING,sc=false,e=null c=null cb=null w=false
13:18:23.102 [qtp426008992-51] DEBUG org.eclipse.jetty.server.HttpOutput - close() s=CLOSING,api=BLOCKED,sc=false,e=null c=HeapByteBuffer@137d328[p=0,l=0,c=0,r=0]={<<<>>>} b=Blocker@25f00a64{null}
13:18:23.102 [qtp426008992-51] DEBUG org.eclipse.jetty.server.HttpChannel - sendResponse info=null content=HeapByteBuffer@137d328[p=0,l=0,c=0,r=0]={<<<>>>} complete=true committing=false callback=Blocker@25f00a64{null}
13:18:23.102 [Test worker] DEBUG org.apache.http.wire - http-outgoing-1 << "{[\r][\n]"
13:18:23.102 [Test worker] DEBUG org.apache.http.wire - http-outgoing-1 << "  "id" : "a6c70f28-7a2a-492a-8f13-402457cfa7e5",[\r][\n]"
13:18:23.102 [Test worker] DEBUG org.apache.http.wire - http-outgoing-1 << "  "request" : {[\r][\n]"
13:18:23.102 [Test worker] DEBUG org.apache.http.wire - http-outgoing-1 << "    "url" : "/api/v0/components/login",[\r][\n]"
13:18:23.102 [qtp426008992-51] DEBUG org.eclipse.jetty.server.HttpConnection - generate: CONTINUE for org.eclipse.jetty.server.HttpConnection$SendCallback@d4dd207[PROCESSING][i=null,cb=org.eclipse.jetty.server.HttpChannel$SendCallback@7f1d1ff6] (null,[p=0,l=0,c=0,r=0],true)@COMPLETING
13:18:23.102 [Test worker] DEBUG org.apache.http.wire - http-outgoing-1 << "    "method" : "POST",[\r][\n]"
13:18:23.102 [Test worker] DEBUG org.apache.http.wire - http-outgoing-1 << "    "headers" : {[\r][\n]"
13:18:23.102 [Test worker] DEBUG org.apache.http.wire - http-outgoing-1 << "      "Content-Type" : {[\r][\n]"
13:18:23.102 [Test worker] DEBUG org.apache.http.wire - http-outgoing-1 << "        "equalTo" : "application/json"[\r][\n]"
13:18:23.102 [Test worker] DEBUG org.apache.http.wire - http-outgoing-1 << "      }[\r][\n]"
13:18:23.102 [Test worker] DEBUG org.apache.http.wire - http-outgoing-1 << "    },[\r][\n]"
13:18:23.102 [Test worker] DEBUG org.apache.http.wire - http-outgoing-1 << "    "bodyPatterns" : [ {[\r][\n]"
13:18:23.102 [Test worker] DEBUG org.apache.http.wire - http-outgoing-1 << "      "equalTo" : "{\"password\":\"123456\",\"username\":\"catalogClientApi\"}"[\r][\n]"
13:18:23.102 [Test worker] DEBUG org.apache.http.wire - http-outgoing-1 << "    } ][\r][\n]"
13:18:23.102 [Test worker] DEBUG org.apache.http.wire - http-outgoing-1 << "  },[\r][\n]"
13:18:23.102 [Test worker] DEBUG org.apache.http.wire - http-outgoing-1 << "  "response" : {[\r][\n]"
13:18:23.102 [Test worker] DEBUG org.apache.http.wire - http-outgoing-1 << "    "status" : 200,[\r][\n]"
13:18:23.102 [Test worker] DEBUG org.apache.http.wire - http-outgoing-1 << "    "body" : "{\"token\":\"someToken\"}",[\r][\n]"
13:18:23.102 [Test worker] DEBUG org.apache.http.wire - http-outgoing-1 << "    "headers" : {[\r][\n]"
13:18:23.102 [Test worker] DEBUG org.apache.http.wire - http-outgoing-1 << "      "Content-Type" : "application/json"[\r][\n]"
13:18:23.102 [Test worker] DEBUG org.apache.http.wire - http-outgoing-1 << "    }[\r][\n]"
13:18:23.102 [Test worker] DEBUG org.apache.http.wire - http-outgoing-1 << "  },[\r][\n]"
13:18:23.102 [Test worker] DEBUG org.apache.http.wire - http-outgoing-1 << "  "uuid" : "a6c70f28-7a2a-492a-8f13-402457cfa7e5",[\r][\n]"
13:18:23.102 [Test worker] DEBUG org.apache.http.wire - http-outgoing-1 << "  "scenarioName" : "unAuthorized",[\r][\n]"
13:18:23.102 [Test worker] DEBUG org.apache.http.wire - http-outgoing-1 << "  "requiredScenarioState" : "Started",[\r][\n]"
13:18:23.102 [Test worker] DEBUG org.apache.http.wire - http-outgoing-1 << "  "newScenarioState" : "logged"[\r][\n]"
13:18:23.102 [qtp426008992-51] DEBUG org.eclipse.jetty.server.HttpConnection - generate: NEED_CHUNK for org.eclipse.jetty.server.HttpConnection$SendCallback@d4dd207[PROCESSING][i=null,cb=org.eclipse.jetty.server.HttpChannel$SendCallback@7f1d1ff6] (null,[p=0,l=0,c=0,r=0],true)@COMPLETING
13:18:23.102 [Test worker] DEBUG org.apache.http.wire - http-outgoing-1 << "}"
13:18:23.103 [qtp426008992-51] DEBUG org.eclipse.jetty.server.HttpConnection - generate: FLUSH for org.eclipse.jetty.server.HttpConnection$SendCallback@d4dd207[PROCESSING][i=null,cb=org.eclipse.jetty.server.HttpChannel$SendCallback@7f1d1ff6] (null,[p=0,l=0,c=0,r=0],true)@COMPLETING
13:18:23.103 [qtp426008992-51] DEBUG org.eclipse.jetty.io.WriteFlusher - write: WriteFlusher@4b8dafc{IDLE}->null [HeapByteBuffer@420070ff[p=0,l=7,c=1024,r=7]={<<<\r\n0\r\n\r\n>>>\x00\x00\x00\x00\x00\x00\x00\x00\x00...\x00\x00\x00\x00\x00\x00\x00}]
13:18:23.103 [qtp426008992-51] DEBUG org.eclipse.jetty.io.WriteFlusher - update WriteFlusher@4b8dafc{WRITING}->null:IDLE-->WRITING
13:18:23.103 [Test worker] DEBUG org.apache.http.wire - http-outgoing-1 << "[\r][\n]"
13:18:23.103 [Test worker] DEBUG org.apache.http.wire - http-outgoing-1 << "0[\r][\n]"
13:18:23.103 [Test worker] DEBUG org.apache.http.wire - http-outgoing-1 << "[\r][\n]"
13:18:23.103 [Test worker] DEBUG org.apache.http.impl.conn.PoolingHttpClientConnectionManager - Connection [id: 1][route: {}->http://localhost:8080] can be kept alive indefinitely
13:18:23.103 [Test worker] DEBUG org.apache.http.impl.conn.DefaultManagedHttpClientConnection - http-outgoing-1: set socket timeout to 0
13:18:23.103 [Test worker] DEBUG org.apache.http.impl.conn.PoolingHttpClientConnectionManager - Connection released: [id: 1][route: {}->http://localhost:8080][total available: 1; route allocated: 1 of 5; total allocated: 1 of 50]
13:18:23.104 [qtp426008992-51] DEBUG org.eclipse.jetty.io.ChannelEndPoint - flushed 7 NetworkTrafficSocketChannelEndPoint@6bc8b7d5{/127.0.0.1:64981<->/127.0.0.1:8080,OPEN,fill=-,flush=W,to=1/30000}{io=0/0,kio=0,kro=1}->HttpConnection@aea33ab[p=HttpParser{s=END,678 of 678},g=HttpGenerator@155c3f9e{s=COMPLETING}]=>HttpChannelOverHttp@6130dca5{s=HttpChannelState@24325ee7{s=HANDLING rs=BLOCKING os=COMMITTED is=READY awp=false se=false i=true al=0},r=2,c=false/false,a=HANDLING,uri=//localhost:8080/__admin/mappings,age=17}
13:18:23.104 [qtp426008992-51] DEBUG org.eclipse.jetty.io.WriteFlusher - Flushed=true written=7 remaining=0 WriteFlusher@4b8dafc{WRITING}->null
13:18:23.104 [qtp426008992-51] DEBUG org.eclipse.jetty.io.WriteFlusher - update WriteFlusher@4b8dafc{IDLE}->null:WRITING-->IDLE
13:18:23.104 [qtp426008992-51] DEBUG org.eclipse.jetty.server.HttpConnection - generate: DONE for org.eclipse.jetty.server.HttpConnection$SendCallback@d4dd207[PROCESSING][i=null,cb=org.eclipse.jetty.server.HttpChannel$SendCallback@7f1d1ff6] (null,[p=0,l=0,c=0,r=0],true)@END
13:18:23.104 [qtp426008992-51] DEBUG org.eclipse.jetty.server.HttpOutput - onWriteComplete(true,null) s=CLOSING,api=BLOCKED,sc=false,e=null->s=CLOSED,api=BLOCKING,sc=false,e=null c=null cb=null w=false
13:18:23.104 [qtp426008992-51] DEBUG org.eclipse.jetty.server.handler.gzip.GzipHandler - GzipHandler@3867a06c{STARTED,min=32,inflate=-1} handle Request[POST //localhost:8080/__admin/mappings]@5365ffe2 in null
13:18:23.104 [qtp426008992-51] DEBUG org.eclipse.jetty.server.handler.ContextHandler - scope null||/__admin/mappings @ o.e.j.s.ServletContextHandler@3ff531df{/,null,AVAILABLE}
13:18:23.104 [qtp426008992-51] DEBUG org.eclipse.jetty.server.Server - handled=true async=false committed=true on HttpChannelOverHttp@6130dca5{s=HttpChannelState@24325ee7{s=HANDLING rs=BLOCKING os=COMPLETED is=READY awp=false se=false i=true al=0},r=2,c=false/true,a=HANDLING,uri=//localhost:8080/__admin/mappings,age=18}
13:18:23.104 [qtp426008992-51] DEBUG org.eclipse.jetty.server.HttpChannelState - unhandle HttpChannelState@24325ee7{s=HANDLING rs=BLOCKING os=COMPLETED is=READY awp=false se=false i=true al=0}
13:18:23.104 [qtp426008992-51] DEBUG org.eclipse.jetty.server.HttpChannelState - nextAction(false) COMPLETE HttpChannelState@24325ee7{s=HANDLING rs=COMPLETING os=COMPLETED is=READY awp=false se=false i=false al=0}
13:18:23.104 [qtp426008992-51] DEBUG org.eclipse.jetty.server.HttpChannel - action COMPLETE HttpChannelOverHttp@6130dca5{s=HttpChannelState@24325ee7{s=HANDLING rs=COMPLETING os=COMPLETED is=READY awp=false se=false i=false al=0},r=2,c=false/true,a=HANDLING,uri=//localhost:8080/__admin/mappings,age=18}
13:18:23.104 [qtp426008992-51] DEBUG org.eclipse.jetty.server.HttpOutput - complete(org.eclipse.jetty.util.Callback$4@26115a65) s=CLOSED,api=BLOCKING,sc=false,e=null s=true e=null, c=null
13:18:23.104 [qtp426008992-51] DEBUG org.eclipse.jetty.server.HttpChannelState - completed HttpChannelState@24325ee7{s=HANDLING rs=COMPLETING os=COMPLETED is=READY awp=false se=false i=false al=0}
13:18:23.104 [qtp426008992-51] DEBUG org.eclipse.jetty.server.HttpChannelState - unhandle HttpChannelState@24325ee7{s=HANDLING rs=COMPLETED os=COMPLETED is=READY awp=false se=false i=false al=0}
13:18:23.104 [qtp426008992-51] DEBUG org.eclipse.jetty.server.HttpChannelState - nextAction(false) TERMINATED HttpChannelState@24325ee7{s=IDLE rs=COMPLETED os=COMPLETED is=READY awp=false se=false i=false al=0}
13:18:23.104 [qtp426008992-51] DEBUG org.eclipse.jetty.server.HttpChannel - action TERMINATED HttpChannelOverHttp@6130dca5{s=HttpChannelState@24325ee7{s=IDLE rs=COMPLETED os=COMPLETED is=READY awp=false se=false i=false al=0},r=2,c=true/true,a=IDLE,uri=//localhost:8080/__admin/mappings,age=18}
13:18:23.104 [qtp426008992-51] DEBUG org.eclipse.jetty.server.HttpChannel - onCompleted for /__admin/mappings written=678
13:18:23.105 [qtp426008992-51] DEBUG org.eclipse.jetty.server.HttpChannelState - recycle HttpChannelState@24325ee7{s=IDLE rs=COMPLETED os=COMPLETED is=READY awp=false se=false i=false al=0}
13:18:23.105 [qtp426008992-51] DEBUG org.eclipse.jetty.http.HttpParser - reset HttpParser{s=END,678 of 678}
13:18:23.105 [qtp426008992-51] DEBUG org.eclipse.jetty.http.HttpParser - END --> START
13:18:23.105 [qtp426008992-51] DEBUG org.eclipse.jetty.server.HttpChannel - !handle TERMINATED HttpChannelOverHttp@6130dca5{s=HttpChannelState@24325ee7{s=IDLE rs=BLOCKING os=OPEN is=IDLE awp=false se=false i=true al=0},r=2,c=false/false,a=IDLE,uri=null,age=0}
13:18:23.105 [qtp426008992-51] DEBUG org.eclipse.jetty.io.ChannelEndPoint - filled 0 HeapByteBuffer@a250024[p=0,l=0,c=8192,r=0]={<<<>>>HTTP/1.1 ...\x00\x00\x00\x00\x00\x00\x00}
13:18:23.105 [qtp426008992-51] DEBUG org.eclipse.jetty.io.ChannelEndPoint - filled 0 HeapByteBuffer@a250024[p=0,l=0,c=8192,r=0]={<<<>>>HTTP/1.1 ...\x00\x00\x00\x00\x00\x00\x00}
13:18:23.105 [qtp426008992-51] DEBUG org.eclipse.jetty.server.HttpConnection - HttpConnection@aea33ab::NetworkTrafficSocketChannelEndPoint@6bc8b7d5{/127.0.0.1:64981<->/127.0.0.1:8080,OPEN,fill=-,flush=-,to=1/30000}{io=0/0,kio=0,kro=1}->HttpConnection@aea33ab[p=HttpParser{s=START,0 of -1},g=HttpGenerator@155c3f9e{s=START}]=>HttpChannelOverHttp@6130dca5{s=HttpChannelState@24325ee7{s=IDLE rs=BLOCKING os=OPEN is=IDLE awp=false se=false i=true al=0},r=2,c=false/false,a=IDLE,uri=null,age=0} filled 0 HeapByteBuffer@a250024[p=0,l=0,c=8192,r=0]={<<<>>>HTTP/1.1 ...\x00\x00\x00\x00\x00\x00\x00}
13:18:23.105 [qtp426008992-51] DEBUG org.eclipse.jetty.server.HttpConnection - HttpConnection@aea33ab::NetworkTrafficSocketChannelEndPoint@6bc8b7d5{/127.0.0.1:64981<->/127.0.0.1:8080,OPEN,fill=-,flush=-,to=1/30000}{io=0/0,kio=0,kro=1}->HttpConnection@aea33ab[p=HttpParser{s=START,0 of -1},g=HttpGenerator@155c3f9e{s=START}]=>HttpChannelOverHttp@6130dca5{s=HttpChannelState@24325ee7{s=IDLE rs=BLOCKING os=OPEN is=IDLE awp=false se=false i=true al=0},r=2,c=false/false,a=IDLE,uri=null,age=0} parse HeapByteBuffer@a250024[p=0,l=0,c=8192,r=0]={<<<>>>HTTP/1.1 ...\x00\x00\x00\x00\x00\x00\x00} {}
13:18:23.105 [qtp426008992-51] DEBUG org.eclipse.jetty.http.HttpParser - parseNext s=START HeapByteBuffer@a250024[p=0,l=0,c=8192,r=0]={<<<>>>HTTP/1.1 ...\x00\x00\x00\x00\x00\x00\x00}
13:18:23.105 [qtp426008992-51] DEBUG org.eclipse.jetty.server.HttpConnection - HttpConnection@aea33ab::NetworkTrafficSocketChannelEndPoint@6bc8b7d5{/127.0.0.1:64981<->/127.0.0.1:8080,OPEN,fill=-,flush=-,to=1/30000}{io=0/0,kio=0,kro=1}->HttpConnection@aea33ab[p=HttpParser{s=START,0 of -1},g=HttpGenerator@155c3f9e{s=START}]=>HttpChannelOverHttp@6130dca5{s=HttpChannelState@24325ee7{s=IDLE rs=BLOCKING os=OPEN is=IDLE awp=false se=false i=true al=0},r=2,c=false/false,a=IDLE,uri=null,age=0} parsed false HttpParser{s=START,0 of -1}
13:18:23.105 [qtp426008992-51] DEBUG org.eclipse.jetty.server.HttpConnection - releaseRequestBuffer HttpConnection@aea33ab::NetworkTrafficSocketChannelEndPoint@6bc8b7d5{/127.0.0.1:64981<->/127.0.0.1:8080,OPEN,fill=-,flush=-,to=1/30000}{io=0/0,kio=0,kro=1}->HttpConnection@aea33ab[p=HttpParser{s=START,0 of -1},g=HttpGenerator@155c3f9e{s=START}]=>HttpChannelOverHttp@6130dca5{s=HttpChannelState@24325ee7{s=IDLE rs=BLOCKING os=OPEN is=IDLE awp=false se=false i=true al=0},r=2,c=false/false,a=IDLE,uri=null,age=0}
13:18:23.105 [qtp426008992-51] DEBUG org.eclipse.jetty.io.AbstractConnection - fillInterested HttpConnection@aea33ab::NetworkTrafficSocketChannelEndPoint@6bc8b7d5{/127.0.0.1:64981<->/127.0.0.1:8080,OPEN,fill=-,flush=-,to=1/30000}{io=0/0,kio=0,kro=1}->HttpConnection@aea33ab[p=HttpParser{s=START,0 of -1},g=HttpGenerator@155c3f9e{s=START}]=>HttpChannelOverHttp@6130dca5{s=HttpChannelState@24325ee7{s=IDLE rs=BLOCKING os=OPEN is=IDLE awp=false se=false i=true al=0},r=2,c=false/false,a=IDLE,uri=null,age=0}
13:18:23.106 [qtp426008992-51] DEBUG org.eclipse.jetty.io.FillInterest - interested FillInterest@726e0c64{AC.ReadCB@aea33ab{HttpConnection@aea33ab::NetworkTrafficSocketChannelEndPoint@6bc8b7d5{/127.0.0.1:64981<->/127.0.0.1:8080,OPEN,fill=FI,flush=-,to=0/30000}{io=0/0,kio=0,kro=1}->HttpConnection@aea33ab[p=HttpParser{s=START,0 of -1},g=HttpGenerator@155c3f9e{s=START}]=>HttpChannelOverHttp@6130dca5{s=HttpChannelState@24325ee7{s=IDLE rs=BLOCKING os=OPEN is=IDLE awp=false se=false i=true al=0},r=2,c=false/false,a=IDLE,uri=null,age=0}}}
13:18:23.106 [qtp426008992-51] DEBUG org.eclipse.jetty.io.ChannelEndPoint - changeInterests p=false 0->1 for NetworkTrafficSocketChannelEndPoint@6bc8b7d5{/127.0.0.1:64981<->/127.0.0.1:8080,OPEN,fill=FI,flush=-,to=0/30000}{io=0/1,kio=0,kro=1}->HttpConnection@aea33ab[p=HttpParser{s=START,0 of -1},g=HttpGenerator@155c3f9e{s=START}]=>HttpChannelOverHttp@6130dca5{s=HttpChannelState@24325ee7{s=IDLE rs=BLOCKING os=OPEN is=IDLE awp=false se=false i=true al=0},r=2,c=false/false,a=IDLE,uri=null,age=0}
13:18:23.106 [qtp426008992-51] DEBUG org.eclipse.jetty.io.ManagedSelector - Queued change org.eclipse.jetty.io.ChannelEndPoint$1@441da1a8 on ManagedSelector@48ded463{STARTED} id=1 keys=1 selected=0 updates=0
13:18:23.106 [qtp426008992-51] DEBUG org.eclipse.jetty.io.ManagedSelector - Wakeup on submit ManagedSelector@48ded463{STARTED} id=1 keys=1 selected=0 updates=1
13:18:23.106 [qtp426008992-46] DEBUG org.eclipse.jetty.io.ManagedSelector - Selector sun.nio.ch.WindowsSelectorImpl@25487540 woken with none selected
13:18:23.106 [qtp426008992-46] DEBUG org.eclipse.jetty.io.ManagedSelector - Selector sun.nio.ch.WindowsSelectorImpl@25487540 woken up from select, 0/0/1 selected
13:18:23.106 [qtp426008992-46] DEBUG org.eclipse.jetty.io.ManagedSelector - Selector sun.nio.ch.WindowsSelectorImpl@25487540 processing 0 keys, 1 updates
13:18:23.106 [qtp426008992-46] DEBUG org.eclipse.jetty.io.ManagedSelector - updateable 1
13:18:23.106 [qtp426008992-46] DEBUG org.eclipse.jetty.io.ManagedSelector - update org.eclipse.jetty.io.ChannelEndPoint$1@441da1a8
13:18:23.106 [qtp426008992-46] DEBUG org.eclipse.jetty.io.ChannelEndPoint - Key interests updated 0 -> 1 on NetworkTrafficSocketChannelEndPoint@6bc8b7d5{/127.0.0.1:64981<->/127.0.0.1:8080,OPEN,fill=FI,flush=-,to=0/30000}{io=1/1,kio=1,kro=1}->HttpConnection@aea33ab[p=HttpParser{s=START,0 of -1},g=HttpGenerator@155c3f9e{s=START}]=>HttpChannelOverHttp@6130dca5{s=HttpChannelState@24325ee7{s=IDLE rs=BLOCKING os=OPEN is=IDLE awp=false se=false i=true al=0},r=2,c=false/false,a=IDLE,uri=null,age=0}
13:18:23.106 [qtp426008992-46] DEBUG org.eclipse.jetty.io.ManagedSelector - updates 0
13:18:23.106 [qtp426008992-46] DEBUG org.eclipse.jetty.io.ManagedSelector - Selector sun.nio.ch.WindowsSelectorImpl@25487540 waiting with 1 keys
13:18:23.108 [qtp426008992-51] DEBUG org.eclipse.jetty.server.HttpConnection - HttpConnection@aea33ab::NetworkTrafficSocketChannelEndPoint@6bc8b7d5{/127.0.0.1:64981<->/127.0.0.1:8080,OPEN,fill=FI,flush=-,to=2/30000}{io=1/1,kio=1,kro=1}->HttpConnection@aea33ab[p=HttpParser{s=START,0 of -1},g=HttpGenerator@155c3f9e{s=START}]=>HttpChannelOverHttp@6130dca5{s=HttpChannelState@24325ee7{s=IDLE rs=BLOCKING os=OPEN is=IDLE awp=false se=false i=true al=0},r=2,c=false/false,a=IDLE,uri=null,age=0} onFillable exit HttpChannelState@24325ee7{s=IDLE rs=BLOCKING os=OPEN is=IDLE awp=false se=false i=true al=0} null
13:18:23.108 [qtp426008992-51] DEBUG org.eclipse.jetty.util.thread.QueuedThreadPool - ran CEP:NetworkTrafficSocketChannelEndPoint@6bc8b7d5{/127.0.0.1:64981<->/127.0.0.1:8080,OPEN,fill=FI,flush=-,to=2/30000}{io=1/1,kio=1,kro=1}->HttpConnection@aea33ab[p=HttpParser{s=START,0 of -1},g=HttpGenerator@155c3f9e{s=START}]=>HttpChannelOverHttp@6130dca5{s=HttpChannelState@24325ee7{s=IDLE rs=BLOCKING os=OPEN is=IDLE awp=false se=false i=true al=0},r=2,c=false/false,a=IDLE,uri=null,age=0}:runFillable:BLOCKING in QueuedThreadPool[qtp426008992]@196461a0{STARTED,8<=8<=14,i=1,r=1,q=0}[ReservedThreadExecutor@126c668c{s=1/1,p=0}]
13:18:23.117 [Test worker] DEBUG org.apache.http.impl.conn.PoolingHttpClientConnectionManager - Connection request: [route: {}->http://localhost:8080][total available: 1; route allocated: 1 of 5; total allocated: 1 of 50]
13:18:23.117 [Test worker] DEBUG org.apache.http.impl.conn.PoolingHttpClientConnectionManager - Connection leased: [id: 1][route: {}->http://localhost:8080][total available: 0; route allocated: 1 of 5; total allocated: 1 of 50]
13:18:23.117 [Test worker] DEBUG org.apache.http.impl.conn.DefaultManagedHttpClientConnection - http-outgoing-1: set socket timeout to 30000
13:18:23.117 [Test worker] DEBUG org.apache.http.impl.execchain.MainClientExec - Stale connection check
13:18:23.118 [Test worker] DEBUG org.apache.http.wire - http-outgoing-1 << "[read] I/O error: Read timed out"
13:18:23.118 [Test worker] DEBUG org.apache.http.impl.execchain.MainClientExec - Executing request POST /__admin/mappings HTTP/1.1
13:18:23.118 [Test worker] DEBUG org.apache.http.impl.execchain.MainClientExec - Target auth state: UNCHALLENGED
13:18:23.118 [Test worker] DEBUG org.apache.http.impl.execchain.MainClientExec - Proxy auth state: UNCHALLENGED
13:18:23.118 [Test worker] DEBUG org.apache.http.headers - http-outgoing-1 >> POST /__admin/mappings HTTP/1.1
13:18:23.118 [Test worker] DEBUG org.apache.http.headers - http-outgoing-1 >> Content-Length: 430
13:18:23.118 [Test worker] DEBUG org.apache.http.headers - http-outgoing-1 >> Content-Type: text/plain; charset=UTF-8
13:18:23.118 [Test worker] DEBUG org.apache.http.headers - http-outgoing-1 >> Host: localhost:8080
13:18:23.118 [Test worker] DEBUG org.apache.http.headers - http-outgoing-1 >> Connection: Keep-Alive
13:18:23.118 [Test worker] DEBUG org.apache.http.headers - http-outgoing-1 >> User-Agent: Apache-HttpClient/4.5.12 (Java/11.0.2)
13:18:23.118 [Test worker] DEBUG org.apache.http.wire - http-outgoing-1 >> "POST /__admin/mappings HTTP/1.1[\r][\n]"
13:18:23.118 [Test worker] DEBUG org.apache.http.wire - http-outgoing-1 >> "Content-Length: 430[\r][\n]"
13:18:23.118 [Test worker] DEBUG org.apache.http.wire - http-outgoing-1 >> "Content-Type: text/plain; charset=UTF-8[\r][\n]"
13:18:23.118 [Test worker] DEBUG org.apache.http.wire - http-outgoing-1 >> "Host: localhost:8080[\r][\n]"
13:18:23.118 [Test worker] DEBUG org.apache.http.wire - http-outgoing-1 >> "Connection: Keep-Alive[\r][\n]"
13:18:23.118 [Test worker] DEBUG org.apache.http.wire - http-outgoing-1 >> "User-Agent: Apache-HttpClient/4.5.12 (Java/11.0.2)[\r][\n]"
13:18:23.118 [Test worker] DEBUG org.apache.http.wire - http-outgoing-1 >> "[\r][\n]"
13:18:23.118 [Test worker] DEBUG org.apache.http.wire - http-outgoing-1 >> "{[\r][\n]"
13:18:23.118 [Test worker] DEBUG org.apache.http.wire - http-outgoing-1 >> "  "id" : "80f785a6-cc11-4a27-a56f-35a2d569e527",[\r][\n]"
13:18:23.118 [Test worker] DEBUG org.apache.http.wire - http-outgoing-1 >> "  "request" : {[\r][\n]"
13:18:23.118 [Test worker] DEBUG org.apache.http.wire - http-outgoing-1 >> "    "url" : "/api/v0/components/provision-adapters/awx",[\r][\n]"
13:18:23.118 [Test worker] DEBUG org.apache.http.wire - http-outgoing-1 >> "    "method" : "GET",[\r][\n]"
13:18:23.118 [Test worker] DEBUG org.apache.http.wire - http-outgoing-1 >> "    "headers" : {[\r][\n]"
13:18:23.118 [Test worker] DEBUG org.apache.http.wire - http-outgoing-1 >> "      "Authorization" : {[\r][\n]"
13:18:23.118 [Test worker] DEBUG org.apache.http.wire - http-outgoing-1 >> "        "equalTo" : "Bearer someToken"[\r][\n]"
13:18:23.118 [Test worker] DEBUG org.apache.http.wire - http-outgoing-1 >> "      }[\r][\n]"
13:18:23.118 [Test worker] DEBUG org.apache.http.wire - http-outgoing-1 >> "    }[\r][\n]"
13:18:23.118 [Test worker] DEBUG org.apache.http.wire - http-outgoing-1 >> "  },[\r][\n]"
13:18:23.118 [Test worker] DEBUG org.apache.http.wire - http-outgoing-1 >> "  "response" : {[\r][\n]"
13:18:23.118 [Test worker] DEBUG org.apache.http.wire - http-outgoing-1 >> "    "status" : 401[\r][\n]"
13:18:23.118 [Test worker] DEBUG org.apache.http.wire - http-outgoing-1 >> "  },[\r][\n]"
13:18:23.118 [Test worker] DEBUG org.apache.http.wire - http-outgoing-1 >> "  "uuid" : "80f785a6-cc11-4a27-a56f-35a2d569e527",[\r][\n]"
13:18:23.119 [Test worker] DEBUG org.apache.http.wire - http-outgoing-1 >> "  "scenarioName" : "unAuthorized",[\r][\n]"
13:18:23.119 [Test worker] DEBUG org.apache.http.wire - http-outgoing-1 >> "  "requiredScenarioState" : "logged"[\r][\n]"
13:18:23.119 [Test worker] DEBUG org.apache.http.wire - http-outgoing-1 >> "}"
13:18:23.119 [qtp426008992-46] DEBUG org.eclipse.jetty.io.ManagedSelector - Selector sun.nio.ch.WindowsSelectorImpl@25487540 woken up from select, 1/1/1 selected
13:18:23.119 [qtp426008992-46] DEBUG org.eclipse.jetty.io.ManagedSelector - Selector sun.nio.ch.WindowsSelectorImpl@25487540 processing 1 keys, 0 updates
13:18:23.119 [qtp426008992-46] DEBUG org.eclipse.jetty.io.ManagedSelector - selected 1 channel=java.nio.channels.SocketChannel[connected local=/127.0.0.1:8080 remote=/127.0.0.1:64981], selector=sun.nio.ch.WindowsSelectorImpl@25487540, interestOps=1, readyOps=1 NetworkTrafficSocketChannelEndPoint@6bc8b7d5{/127.0.0.1:64981<->/127.0.0.1:8080,OPEN,fill=FI,flush=-,to=13/30000}{io=1/1,kio=1,kro=1}->HttpConnection@aea33ab[p=HttpParser{s=START,0 of -1},g=HttpGenerator@155c3f9e{s=START}]=>HttpChannelOverHttp@6130dca5{s=HttpChannelState@24325ee7{s=IDLE rs=BLOCKING os=OPEN is=IDLE awp=false se=false i=true al=0},r=2,c=false/false,a=IDLE,uri=null,age=0} 
13:18:23.119 [qtp426008992-46] DEBUG org.eclipse.jetty.io.ChannelEndPoint - onSelected 1->0 r=true w=false for NetworkTrafficSocketChannelEndPoint@6bc8b7d5{/127.0.0.1:64981<->/127.0.0.1:8080,OPEN,fill=FI,flush=-,to=13/30000}{io=1/0,kio=1,kro=1}->HttpConnection@aea33ab[p=HttpParser{s=START,0 of -1},g=HttpGenerator@155c3f9e{s=START}]=>HttpChannelOverHttp@6130dca5{s=HttpChannelState@24325ee7{s=IDLE rs=BLOCKING os=OPEN is=IDLE awp=false se=false i=true al=0},r=2,c=false/false,a=IDLE,uri=null,age=0}
13:18:23.119 [qtp426008992-46] DEBUG org.eclipse.jetty.io.ChannelEndPoint - task CEP:NetworkTrafficSocketChannelEndPoint@6bc8b7d5{/127.0.0.1:64981<->/127.0.0.1:8080,OPEN,fill=FI,flush=-,to=13/30000}{io=1/0,kio=1,kro=1}->HttpConnection@aea33ab[p=HttpParser{s=START,0 of -1},g=HttpGenerator@155c3f9e{s=START}]=>HttpChannelOverHttp@6130dca5{s=HttpChannelState@24325ee7{s=IDLE rs=BLOCKING os=OPEN is=IDLE awp=false se=false i=true al=0},r=2,c=false/false,a=IDLE,uri=null,age=0}:runFillable:BLOCKING
13:18:23.119 [qtp426008992-46] DEBUG org.eclipse.jetty.util.thread.ReservedThreadExecutor - ReservedThreadExecutor@126c668c{s=1/1,p=0} tryExecute EatWhatYouKill@4c8c9eee/SelectorProducer@4614c16f/PRODUCING/p=false/QueuedThreadPool[qtp426008992]@196461a0{STARTED,8<=8<=14,i=2,r=1,q=0}[ReservedThreadExecutor@126c668c{s=1/1,p=0}][pc=0,pic=0,pec=1,epc=0]@2020-09-25T13:18:23.1194036+02:00
13:18:23.119 [qtp426008992-46] DEBUG org.eclipse.jetty.util.thread.ReservedThreadExecutor - ReservedThreadExecutor@126c668c{s=0/1,p=0}@2fb01e30 offer EatWhatYouKill@4c8c9eee/SelectorProducer@4614c16f/PRODUCING/p=false/QueuedThreadPool[qtp426008992]@196461a0{STARTED,8<=8<=14,i=2,r=1,q=0}[ReservedThreadExecutor@126c668c{s=0/1,p=0}][pc=0,pic=0,pec=1,epc=0]@2020-09-25T13:18:23.1194036+02:00
13:18:23.120 [qtp426008992-46] DEBUG org.eclipse.jetty.util.thread.ReservedThreadExecutor - ReservedThreadExecutor@126c668c{s=0/1,p=1} startReservedThread p=1
13:18:23.120 [qtp426008992-46] DEBUG org.eclipse.jetty.util.thread.QueuedThreadPool - queue ReservedThreadExecutor@126c668c{s=0/1,p=1}@6ab295a2 startThread=0
13:18:23.120 [qtp426008992-46] DEBUG org.eclipse.jetty.util.thread.strategy.EatWhatYouKill - EatWhatYouKill@4c8c9eee/SelectorProducer@4614c16f/IDLE/p=true/QueuedThreadPool[qtp426008992]@196461a0{STARTED,8<=8<=14,i=1,r=1,q=0}[ReservedThreadExecutor@126c668c{s=0/1,p=1}][pc=0,pic=0,pec=1,epc=0]@2020-09-25T13:18:23.1204102+02:00 m=EXECUTE_PRODUCE_CONSUME t=CEP:NetworkTrafficSocketChannelEndPoint@6bc8b7d5{/127.0.0.1:64981<->/127.0.0.1:8080,OPEN,fill=FI,flush=-,to=14/30000}{io=1/0,kio=1,kro=1}->HttpConnection@aea33ab[p=HttpParser{s=START,0 of -1},g=HttpGenerator@155c3f9e{s=START}]=>HttpChannelOverHttp@6130dca5{s=HttpChannelState@24325ee7{s=IDLE rs=BLOCKING os=OPEN is=IDLE awp=false se=false i=true al=0},r=2,c=false/false,a=IDLE,uri=null,age=0}:runFillable:BLOCKING/BLOCKING
13:18:23.120 [qtp426008992-46] DEBUG org.eclipse.jetty.io.FillInterest - fillable FillInterest@726e0c64{AC.ReadCB@aea33ab{HttpConnection@aea33ab::NetworkTrafficSocketChannelEndPoint@6bc8b7d5{/127.0.0.1:64981<->/127.0.0.1:8080,OPEN,fill=FI,flush=-,to=14/30000}{io=1/0,kio=1,kro=1}->HttpConnection@aea33ab[p=HttpParser{s=START,0 of -1},g=HttpGenerator@155c3f9e{s=START}]=>HttpChannelOverHttp@6130dca5{s=HttpChannelState@24325ee7{s=IDLE rs=BLOCKING os=OPEN is=IDLE awp=false se=false i=true al=0},r=2,c=false/false,a=IDLE,uri=null,age=0}}}
13:18:23.120 [qtp426008992-46] DEBUG org.eclipse.jetty.server.HttpConnection - HttpConnection@aea33ab::NetworkTrafficSocketChannelEndPoint@6bc8b7d5{/127.0.0.1:64981<->/127.0.0.1:8080,OPEN,fill=-,flush=-,to=14/30000}{io=1/0,kio=1,kro=1}->HttpConnection@aea33ab[p=HttpParser{s=START,0 of -1},g=HttpGenerator@155c3f9e{s=START}]=>HttpChannelOverHttp@6130dca5{s=HttpChannelState@24325ee7{s=IDLE rs=BLOCKING os=OPEN is=IDLE awp=false se=false i=true al=0},r=2,c=false/false,a=IDLE,uri=null,age=0} onFillable enter HttpChannelState@24325ee7{s=IDLE rs=BLOCKING os=OPEN is=IDLE awp=false se=false i=true al=0} null
13:18:23.121 [qtp426008992-46] DEBUG org.eclipse.jetty.io.ChannelEndPoint - filled 625 HeapByteBuffer@a250024[p=0,l=625,c=8192,r=625]={<<<POST /__admin/mappings HT...rioState" : "logged"\r\n}>>>oken\\"}",...\x00\x00\x00\x00\x00\x00\x00}
13:18:23.121 [qtp426008992-46] DEBUG org.eclipse.jetty.server.HttpConnection - HttpConnection@aea33ab::NetworkTrafficSocketChannelEndPoint@6bc8b7d5{/127.0.0.1:64981<->/127.0.0.1:8080,OPEN,fill=-,flush=-,to=0/30000}{io=1/0,kio=1,kro=1}->HttpConnection@aea33ab[p=HttpParser{s=START,0 of -1},g=HttpGenerator@155c3f9e{s=START}]=>HttpChannelOverHttp@6130dca5{s=HttpChannelState@24325ee7{s=IDLE rs=BLOCKING os=OPEN is=IDLE awp=false se=false i=true al=0},r=2,c=false/false,a=IDLE,uri=null,age=0} filled 625 HeapByteBuffer@a250024[p=0,l=625,c=8192,r=625]={<<<POST /__admin/mappings HT...rioState" : "logged"\r\n}>>>oken\\"}",...\x00\x00\x00\x00\x00\x00\x00}
13:18:23.121 [qtp426008992-46] DEBUG org.eclipse.jetty.server.HttpConnection - HttpConnection@aea33ab::NetworkTrafficSocketChannelEndPoint@6bc8b7d5{/127.0.0.1:64981<->/127.0.0.1:8080,OPEN,fill=-,flush=-,to=0/30000}{io=1/0,kio=1,kro=1}->HttpConnection@aea33ab[p=HttpParser{s=START,0 of -1},g=HttpGenerator@155c3f9e{s=START}]=>HttpChannelOverHttp@6130dca5{s=HttpChannelState@24325ee7{s=IDLE rs=BLOCKING os=OPEN is=IDLE awp=false se=false i=true al=0},r=2,c=false/false,a=IDLE,uri=null,age=0} parse HeapByteBuffer@a250024[p=0,l=625,c=8192,r=625]={<<<POST /__admin/mappings HT...rioState" : "logged"\r\n}>>>oken\\"}",...\x00\x00\x00\x00\x00\x00\x00} {}
13:18:23.121 [qtp426008992-46] DEBUG org.eclipse.jetty.http.HttpParser - parseNext s=START HeapByteBuffer@a250024[p=0,l=625,c=8192,r=625]={<<<POST /__admin/mappings HT...rioState" : "logged"\r\n}>>>oken\\"}",...\x00\x00\x00\x00\x00\x00\x00}
13:18:23.121 [qtp426008992-46] DEBUG org.eclipse.jetty.http.HttpParser - START --> SPACE1
13:18:23.121 [qtp426008992-46] DEBUG org.eclipse.jetty.http.HttpParser - SPACE1 --> URI
13:18:23.121 [qtp426008992-46] DEBUG org.eclipse.jetty.http.HttpParser - URI --> SPACE2
13:18:23.121 [qtp426008992-46] DEBUG org.eclipse.jetty.http.HttpParser - SPACE2 --> REQUEST_VERSION
13:18:23.121 [qtp426008992-46] DEBUG org.eclipse.jetty.http.HttpParser - REQUEST_VERSION --> HEADER
13:18:23.121 [qtp426008992-46] DEBUG org.eclipse.jetty.http.HttpParser - HEADER:Content-Length --> VALUE
13:18:23.121 [qtp426008992-46] DEBUG org.eclipse.jetty.http.HttpParser - HEADER:Content-Length --> IN_VALUE
13:18:23.121 [qtp426008992-46] DEBUG org.eclipse.jetty.http.HttpParser - HEADER:Content-Length --> FIELD
13:18:23.121 [qtp426008992-46] DEBUG org.eclipse.jetty.http.HttpParser - HEADER:Content-Type: text/plain; charset=UTF-8 --> IN_VALUE
13:18:23.121 [qtp426008992-46] DEBUG org.eclipse.jetty.http.HttpParser - HEADER:Content-Type: text/plain; charset=UTF-8 --> FIELD
13:18:23.121 [qtp426008992-46] DEBUG org.eclipse.jetty.http.HttpParser - HEADER:Host: localhost:8080 --> IN_VALUE
13:18:23.121 [qtp426008992-46] DEBUG org.eclipse.jetty.http.HttpParser - HEADER:Host: localhost:8080 --> FIELD
13:18:23.121 [qtp426008992-46] DEBUG org.eclipse.jetty.http.HttpParser - HEADER:Connection: keep-alive --> IN_VALUE
13:18:23.121 [qtp426008992-46] DEBUG org.eclipse.jetty.http.HttpParser - HEADER:Connection: keep-alive --> FIELD
13:18:23.121 [qtp426008992-46] DEBUG org.eclipse.jetty.http.HttpParser - HEADER:User-Agent: Apache-HttpClient/4.5.12 (Java/11.0.2) --> IN_VALUE
13:18:23.121 [qtp426008992-46] DEBUG org.eclipse.jetty.http.HttpParser - HEADER:User-Agent: Apache-HttpClient/4.5.12 (Java/11.0.2) --> FIELD
13:18:23.121 [qtp426008992-46] DEBUG org.eclipse.jetty.http.HttpParser - HEADER --> CONTENT
13:18:23.122 [qtp426008992-46] DEBUG org.eclipse.jetty.server.HttpChannel - REQUEST for //localhost:8080/__admin/mappings on HttpChannelOverHttp@6130dca5{s=HttpChannelState@24325ee7{s=IDLE rs=BLOCKING os=OPEN is=IDLE awp=false se=false i=true al=0},r=3,c=false/false,a=IDLE,uri=//localhost:8080/__admin/mappings,age=1}
POST //localhost:8080/__admin/mappings HTTP/1.1
Content-Length: 430
Content-Type: text/plain; charset=UTF-8
Host: localhost:8080
Connection: keep-alive
User-Agent: Apache-HttpClient/4.5.12 (Java/11.0.2)


13:18:23.122 [qtp426008992-46] DEBUG org.eclipse.jetty.server.HttpConnection - HttpConnection@aea33ab::NetworkTrafficSocketChannelEndPoint@6bc8b7d5{/127.0.0.1:64981<->/127.0.0.1:8080,OPEN,fill=-,flush=-,to=1/30000}{io=1/0,kio=1,kro=1}->HttpConnection@aea33ab[p=HttpParser{s=CONTENT,0 of 430},g=HttpGenerator@155c3f9e{s=START}]=>HttpChannelOverHttp@6130dca5{s=HttpChannelState@24325ee7{s=IDLE rs=BLOCKING os=OPEN is=IDLE awp=false se=false i=true al=0},r=3,c=false/false,a=IDLE,uri=//localhost:8080/__admin/mappings,age=1} parsed true HttpParser{s=CONTENT,0 of 430}
13:18:23.122 [qtp426008992-46] DEBUG org.eclipse.jetty.server.HttpChannel - handle //localhost:8080/__admin/mappings HttpChannelOverHttp@6130dca5{s=HttpChannelState@24325ee7{s=IDLE rs=BLOCKING os=OPEN is=IDLE awp=false se=false i=true al=0},r=3,c=false/false,a=IDLE,uri=//localhost:8080/__admin/mappings,age=1} 
13:18:23.122 [qtp426008992-46] DEBUG org.eclipse.jetty.server.HttpChannelState - handling HttpChannelState@24325ee7{s=IDLE rs=BLOCKING os=OPEN is=IDLE awp=false se=false i=true al=0}
13:18:23.122 [qtp426008992-46] DEBUG org.eclipse.jetty.server.HttpChannel - action DISPATCH HttpChannelOverHttp@6130dca5{s=HttpChannelState@24325ee7{s=HANDLING rs=BLOCKING os=OPEN is=IDLE awp=false se=false i=true al=0},r=3,c=false/false,a=HANDLING,uri=//localhost:8080/__admin/mappings,age=1}
13:18:23.122 [qtp426008992-46] DEBUG org.eclipse.jetty.server.Server - REQUEST POST /__admin/mappings on HttpChannelOverHttp@6130dca5{s=HttpChannelState@24325ee7{s=HANDLING rs=BLOCKING os=OPEN is=IDLE awp=false se=false i=true al=0},r=3,c=false/false,a=HANDLING,uri=//localhost:8080/__admin/mappings,age=1}
13:18:23.122 [qtp426008992-46] DEBUG org.eclipse.jetty.server.handler.ContextHandler - scope null||/__admin/mappings @ o.e.j.s.ServletContextHandler@5219ca04{/__admin,null,AVAILABLE}
13:18:23.122 [qtp426008992-46] DEBUG org.eclipse.jetty.server.handler.ContextHandler - context=/__admin||/mappings @ o.e.j.s.ServletContextHandler@5219ca04{/__admin,null,AVAILABLE}
13:18:23.122 [qtp426008992-46] DEBUG org.eclipse.jetty.servlet.ServletHandler - servlet /__admin|/mappings|null -> com.github.tomakehurst.wiremock.servlet.WireMockHandlerDispatchingServlet-524d6e28@93570ed0==com.github.tomakehurst.wiremock.servlet.WireMockHandlerDispatchingServlet,jsp=null,order=-1,inst=true,async=true
13:18:23.122 [qtp426008992-46] DEBUG org.eclipse.jetty.servlet.ServletHandler - chain=org.eclipse.jetty.servlets.CrossOriginFilter-426ca846@426ca846==org.eclipse.jetty.servlets.CrossOriginFilter,inst=true,async=true->com.github.tomakehurst.wiremock.servlet.WireMockHandlerDispatchingServlet-524d6e28@93570ed0==com.github.tomakehurst.wiremock.servlet.WireMockHandlerDispatchingServlet,jsp=null,order=-1,inst=true,async=true
13:18:23.122 [qtp426008992-46] DEBUG org.eclipse.jetty.servlet.ServletHandler - call filter org.eclipse.jetty.servlets.CrossOriginFilter-426ca846@426ca846==org.eclipse.jetty.servlets.CrossOriginFilter,inst=true,async=true
13:18:23.122 [qtp426008992-46] DEBUG org.eclipse.jetty.servlet.ServletHandler - call servlet com.github.tomakehurst.wiremock.servlet.WireMockHandlerDispatchingServlet-524d6e28@93570ed0==com.github.tomakehurst.wiremock.servlet.WireMockHandlerDispatchingServlet,jsp=null,order=-1,inst=true,async=true
13:18:23.123 [qtp426008992-46] DEBUG org.eclipse.jetty.server.HttpConnection - HttpConnection@aea33ab::NetworkTrafficSocketChannelEndPoint@6bc8b7d5{/127.0.0.1:64981<->/127.0.0.1:8080,OPEN,fill=-,flush=-,to=2/30000}{io=1/0,kio=1,kro=1}->HttpConnection@aea33ab[p=HttpParser{s=CONTENT,0 of 430},g=HttpGenerator@155c3f9e{s=START}]=>HttpChannelOverHttp@6130dca5{s=HttpChannelState@24325ee7{s=HANDLING rs=BLOCKING os=OPEN is=IDLE awp=false se=false i=true al=0},r=3,c=false/false,a=HANDLING,uri=//localhost:8080/__admin/mappings,age=2} parse HeapByteBuffer@a250024[p=195,l=625,c=8192,r=430]={POST /__a....2)\r\n\r\n<<<{\r\n  "id" : "80f785a6-cc1...rioState" : "logged"\r\n}>>>oken\\"}",...\x00\x00\x00\x00\x00\x00\x00} {}
13:18:23.123 [qtp426008992-46] DEBUG org.eclipse.jetty.http.HttpParser - parseNext s=CONTENT HeapByteBuffer@a250024[p=195,l=625,c=8192,r=430]={POST /__a....2)\r\n\r\n<<<{\r\n  "id" : "80f785a6-cc1...rioState" : "logged"\r\n}>>>oken\\"}",...\x00\x00\x00\x00\x00\x00\x00}
13:18:23.124 [qtp426008992-46] DEBUG org.eclipse.jetty.server.HttpChannel - onContent HttpChannelOverHttp@6130dca5{s=HttpChannelState@24325ee7{s=HANDLING rs=BLOCKING os=OPEN is=IDLE awp=false se=false i=true al=0},r=3,c=false/false,a=HANDLING,uri=//localhost:8080/__admin/mappings,age=3} Content@cb60fc1{HeapByteBufferR@5b923a99[p=195,l=625,c=8192,r=430]={POST /__a....2)\r\n\r\n<<<{\r\n  "id" : "80f785a6-cc1...rioState" : "logged"\r\n}>>>oken\\"}",...\x00\x00\x00\x00\x00\x00\x00}}
13:18:23.124 [qtp426008992-46] DEBUG org.eclipse.jetty.server.HttpInput - HttpInputOverHTTP@67d9e994[c=0,q=0,[0]=null,s=STREAM] addContent Content@cb60fc1{HeapByteBufferR@5b923a99[p=195,l=625,c=8192,r=430]={POST /__a....2)\r\n\r\n<<<{\r\n  "id" : "80f785a6-cc1...rioState" : "logged"\r\n}>>>oken\\"}",...\x00\x00\x00\x00\x00\x00\x00}}
13:18:23.124 [qtp426008992-46] DEBUG org.eclipse.jetty.http.HttpParser - CONTENT --> CONTENT_END
13:18:23.124 [qtp426008992-46] DEBUG org.eclipse.jetty.server.HttpChannel - onContentComplete HttpChannelOverHttp@6130dca5{s=HttpChannelState@24325ee7{s=HANDLING rs=BLOCKING os=OPEN is=IDLE awp=false se=false i=true al=0},r=3,c=false/false,a=HANDLING,uri=//localhost:8080/__admin/mappings,age=3}
13:18:23.124 [qtp426008992-46] DEBUG org.eclipse.jetty.http.HttpParser - CONTENT_END --> END
13:18:23.124 [qtp426008992-46] DEBUG org.eclipse.jetty.server.HttpChannel - onRequestComplete HttpChannelOverHttp@6130dca5{s=HttpChannelState@24325ee7{s=HANDLING rs=BLOCKING os=OPEN is=IDLE awp=false se=false i=true al=0},r=3,c=false/false,a=HANDLING,uri=//localhost:8080/__admin/mappings,age=3}
13:18:23.124 [qtp426008992-46] DEBUG org.eclipse.jetty.server.HttpInput - HttpInputOverHTTP@67d9e994[c=0,q=1,[0]=EOF,s=STREAM] addContent EOF
13:18:23.124 [qtp426008992-46] DEBUG org.eclipse.jetty.server.HttpConnection - HttpConnection@aea33ab::NetworkTrafficSocketChannelEndPoint@6bc8b7d5{/127.0.0.1:64981<->/127.0.0.1:8080,OPEN,fill=-,flush=-,to=3/30000}{io=1/0,kio=1,kro=1}->HttpConnection@aea33ab[p=HttpParser{s=END,430 of 430},g=HttpGenerator@155c3f9e{s=START}]=>HttpChannelOverHttp@6130dca5{s=HttpChannelState@24325ee7{s=HANDLING rs=BLOCKING os=OPEN is=IDLE awp=false se=false i=true al=0},r=3,c=false/false,a=HANDLING,uri=//localhost:8080/__admin/mappings,age=3} parsed false HttpParser{s=END,430 of 430}
13:18:23.124 [qtp426008992-46] DEBUG org.eclipse.jetty.server.HttpInput - HttpInputOverHTTP@67d9e994[c=430,q=1,[0]=EOF,s=STREAM] read 430 from Content@cb60fc1{HeapByteBufferR@5b923a99[p=625,l=625,c=8192,r=0]={POST /__a...ged"\r\n}<<<>>>oken\\"}",...\x00\x00\x00\x00\x00\x00\x00}}
13:18:23.124 [qtp426008992-46] DEBUG org.eclipse.jetty.server.HttpConnection - releaseRequestBuffer HttpConnection@aea33ab::NetworkTrafficSocketChannelEndPoint@6bc8b7d5{/127.0.0.1:64981<->/127.0.0.1:8080,OPEN,fill=-,flush=-,to=3/30000}{io=1/0,kio=1,kro=1}->HttpConnection@aea33ab[p=HttpParser{s=END,430 of 430},g=HttpGenerator@155c3f9e{s=START}]=>HttpChannelOverHttp@6130dca5{s=HttpChannelState@24325ee7{s=HANDLING rs=BLOCKING os=OPEN is=IDLE awp=false se=false i=true al=0},r=3,c=false/false,a=HANDLING,uri=//localhost:8080/__admin/mappings,age=3}
13:18:23.124 [qtp426008992-46] DEBUG org.eclipse.jetty.server.HttpChannelState - onEof HttpChannelState@24325ee7{s=HANDLING rs=BLOCKING os=OPEN is=IDLE awp=false se=false i=true al=0}
13:18:23.159 [qtp426008992-50] DEBUG org.eclipse.jetty.util.thread.ReservedThreadExecutor - ReservedThreadExecutor@126c668c{s=0/1,p=1}@2fb01e30 task=EatWhatYouKill@4c8c9eee/SelectorProducer@4614c16f/IDLE/p=true/QueuedThreadPool[qtp426008992]@196461a0{STARTED,8<=8<=14,i=1,r=1,q=0}[ReservedThreadExecutor@126c668c{s=0/1,p=1}][pc=0,pic=0,pec=1,epc=1]@2020-09-25T13:18:23.1593952+02:00
13:18:23.159 [qtp426008992-50] DEBUG org.eclipse.jetty.util.thread.strategy.EatWhatYouKill - EatWhatYouKill@4c8c9eee/SelectorProducer@4614c16f/IDLE/p=true/QueuedThreadPool[qtp426008992]@196461a0{STARTED,8<=8<=14,i=1,r=1,q=0}[ReservedThreadExecutor@126c668c{s=0/1,p=1}][pc=0,pic=0,pec=1,epc=1]@2020-09-25T13:18:23.1593952+02:00 tryProduce true
13:18:23.159 [qtp426008992-50] DEBUG org.eclipse.jetty.io.ManagedSelector - updateable 0
13:18:23.159 [qtp426008992-50] DEBUG org.eclipse.jetty.io.ManagedSelector - updates 0
13:18:23.161 [qtp426008992-50] DEBUG org.eclipse.jetty.io.ChannelEndPoint - Key interests updated 1 -> 0 on NetworkTrafficSocketChannelEndPoint@6bc8b7d5{/127.0.0.1:64981<->/127.0.0.1:8080,OPEN,fill=-,flush=-,to=38/30000}{io=0/0,kio=0,kro=1}->HttpConnection@aea33ab[p=HttpParser{s=END,430 of 430},g=HttpGenerator@155c3f9e{s=START}]=>HttpChannelOverHttp@6130dca5{s=HttpChannelState@24325ee7{s=HANDLING rs=BLOCKING os=OPEN is=READY awp=false se=false i=true al=0},r=3,c=false/false,a=HANDLING,uri=//localhost:8080/__admin/mappings,age=38}
13:18:23.161 [qtp426008992-50] DEBUG org.eclipse.jetty.io.ManagedSelector - Selector sun.nio.ch.WindowsSelectorImpl@25487540 waiting with 1 keys
13:18:23.166 [qtp426008992-52] DEBUG org.eclipse.jetty.util.thread.QueuedThreadPool - run ReservedThreadExecutor@126c668c{s=0/1,p=1}@6ab295a2 in QueuedThreadPool[qtp426008992]@196461a0{STARTED,8<=8<=14,i=1,r=1,q=0}[ReservedThreadExecutor@126c668c{s=0/1,p=1}]
13:18:23.166 [qtp426008992-52] DEBUG org.eclipse.jetty.util.thread.ReservedThreadExecutor - ReservedThreadExecutor@126c668c{s=1/1,p=1}@6ab295a2 started
13:18:23.166 [qtp426008992-52] DEBUG org.eclipse.jetty.util.thread.ReservedThreadExecutor - ReservedThreadExecutor@126c668c{s=1/1,p=0}@6ab295a2 waiting
13:18:23.173 [qtp426008992-46] DEBUG org.eclipse.jetty.server.HttpOutput - write(array HeapByteBuffer@643323ee[p=0,l=430,c=8192,r=430]={<<<{\r\n  "id" : "80f785a6-cc1...rioState" : "logged"\r\n}>>>\x00\x00\x00\x00\x00\x00\x00\x00\x00...\x00\x00\x00\x00\x00\x00\x00})
13:18:23.173 [qtp426008992-46] DEBUG org.eclipse.jetty.server.HttpOutput - write(array) s=OPEN,api=BLOCKING,sc=false,e=null aggregated !flush DirectByteBuffer@1fbcd215[p=0,l=430,c=32768,r=430]={<<<{\r\n  "id" : "80f785a6-cc1...rioState" : "logged"\r\n}>>>oken\\"}",...\x00\x00\x00\x00\x00\x00\x00}
13:18:23.173 [qtp426008992-46] DEBUG org.eclipse.jetty.server.HttpChannel - sendResponse info=null content=DirectByteBuffer@1fbcd215[p=0,l=430,c=32768,r=430]={<<<{\r\n  "id" : "80f785a6-cc1...rioState" : "logged"\r\n}>>>oken\\"}",...\x00\x00\x00\x00\x00\x00\x00} complete=false committing=true callback=Blocker@25f00a64{null}
13:18:23.173 [qtp426008992-46] DEBUG org.eclipse.jetty.server.HttpChannel - COMMIT for /__admin/mappings on HttpChannelOverHttp@6130dca5{s=HttpChannelState@24325ee7{s=HANDLING rs=BLOCKING os=COMMITTED is=READY awp=false se=false i=true al=0},r=3,c=false/false,a=HANDLING,uri=//localhost:8080/__admin/mappings,age=52}
201 null HTTP/1.1
Content-Type: application/json


13:18:23.173 [qtp426008992-46] DEBUG org.eclipse.jetty.server.HttpConnection - generate: NEED_HEADER for org.eclipse.jetty.server.HttpConnection$SendCallback@d4dd207[PROCESSING][i=HTTP/1.1{s=201,h=1,cl=-1},cb=org.eclipse.jetty.server.HttpChannel$SendCallback@472994d5] (null,[p=0,l=430,c=32768,r=430],false)@START
13:18:23.174 [qtp426008992-46] DEBUG org.eclipse.jetty.http.HttpGenerator - generateHeaders HTTP/1.1{s=201,h=1,cl=-1} last=false content=DirectByteBuffer@1fbcd215[p=0,l=430,c=32768,r=430]={<<<{\r\n  "id" : "80f785a6-cc1...rioState" : "logged"\r\n}>>>oken\\"}",...\x00\x00\x00\x00\x00\x00\x00}
13:18:23.175 [qtp426008992-46] DEBUG org.eclipse.jetty.http.HttpGenerator - Content-Type: application/json


13:18:23.175 [qtp426008992-46] DEBUG org.eclipse.jetty.http.HttpGenerator - CHUNKED_CONTENT
13:18:23.175 [qtp426008992-46] DEBUG org.eclipse.jetty.server.HttpConnection - generate: FLUSH for org.eclipse.jetty.server.HttpConnection$SendCallback@d4dd207[PROCESSING][i=HTTP/1.1{s=201,h=1,cl=-1},cb=org.eclipse.jetty.server.HttpChannel$SendCallback@472994d5] ([p=0,l=122,c=8192,r=122],[p=0,l=430,c=32768,r=430],false)@COMMITTED
13:18:23.175 [qtp426008992-46] DEBUG org.eclipse.jetty.io.WriteFlusher - write: WriteFlusher@4b8dafc{IDLE}->null [HeapByteBuffer@a250024[p=0,l=122,c=8192,r=122]={<<<HTTP/1.1 201 Created\r\nCon....28.v20200408)\r\n\r\n1AE\r\n>>>ction: Ke...\x00\x00\x00\x00\x00\x00\x00},DirectByteBuffer@1fbcd215[p=0,l=430,c=32768,r=430]={<<<{\r\n  "id" : "80f785a6-cc1...rioState" : "logged"\r\n}>>>oken\\"}",...\x00\x00\x00\x00\x00\x00\x00}]
13:18:23.175 [qtp426008992-46] DEBUG org.eclipse.jetty.io.WriteFlusher - update WriteFlusher@4b8dafc{WRITING}->null:IDLE-->WRITING
13:18:23.176 [Test worker] DEBUG org.apache.http.wire - http-outgoing-1 << "HTTP/1.1 201 Created[\r][\n]"
13:18:23.176 [Test worker] DEBUG org.apache.http.wire - http-outgoing-1 << "Content-Type: application/json[\r][\n]"
13:18:23.176 [Test worker] DEBUG org.apache.http.wire - http-outgoing-1 << "Transfer-Encoding: chunked[\r][\n]"
13:18:23.176 [Test worker] DEBUG org.apache.http.wire - http-outgoing-1 << "Server: Jetty(9.4.28.v20200408)[\r][\n]"
13:18:23.176 [Test worker] DEBUG org.apache.http.wire - http-outgoing-1 << "[\r][\n]"
13:18:23.176 [Test worker] DEBUG org.apache.http.wire - http-outgoing-1 << "1AE[\r][\n]"
13:18:23.176 [qtp426008992-46] DEBUG org.eclipse.jetty.io.ChannelEndPoint - flushed 122 NetworkTrafficSocketChannelEndPoint@6bc8b7d5{/127.0.0.1:64981<->/127.0.0.1:8080,OPEN,fill=-,flush=W,to=55/30000}{io=0/0,kio=0,kro=1}->HttpConnection@aea33ab[p=HttpParser{s=END,430 of 430},g=HttpGenerator@155c3f9e{s=COMMITTED}]=>HttpChannelOverHttp@6130dca5{s=HttpChannelState@24325ee7{s=HANDLING rs=BLOCKING os=COMMITTED is=READY awp=false se=false i=true al=0},r=3,c=false/false,a=HANDLING,uri=//localhost:8080/__admin/mappings,age=55}
13:18:23.176 [Test worker] DEBUG org.apache.http.headers - http-outgoing-1 << HTTP/1.1 201 Created
13:18:23.176 [Test worker] DEBUG org.apache.http.headers - http-outgoing-1 << Content-Type: application/json
13:18:23.176 [Test worker] DEBUG org.apache.http.headers - http-outgoing-1 << Transfer-Encoding: chunked
13:18:23.176 [Test worker] DEBUG org.apache.http.headers - http-outgoing-1 << Server: Jetty(9.4.28.v20200408)
13:18:23.176 [qtp426008992-46] DEBUG org.eclipse.jetty.io.ChannelEndPoint - flushed 430 NetworkTrafficSocketChannelEndPoint@6bc8b7d5{/127.0.0.1:64981<->/127.0.0.1:8080,OPEN,fill=-,flush=W,to=0/30000}{io=0/0,kio=0,kro=1}->HttpConnection@aea33ab[p=HttpParser{s=END,430 of 430},g=HttpGenerator@155c3f9e{s=COMMITTED}]=>HttpChannelOverHttp@6130dca5{s=HttpChannelState@24325ee7{s=HANDLING rs=BLOCKING os=COMMITTED is=READY awp=false se=false i=true al=0},r=3,c=false/false,a=HANDLING,uri=//localhost:8080/__admin/mappings,age=55}
13:18:23.176 [Test worker] DEBUG org.apache.http.impl.execchain.MainClientExec - Connection can be kept alive indefinitely
13:18:23.176 [Test worker] DEBUG org.apache.http.wire - http-outgoing-1 << "{[\r][\n]"
13:18:23.176 [Test worker] DEBUG org.apache.http.wire - http-outgoing-1 << "  "id" : "80f785a6-cc11-4a27-a56f-35a2d569e527",[\r][\n]"
13:18:23.176 [Test worker] DEBUG org.apache.http.wire - http-outgoing-1 << "  "request" : {[\r][\n]"
13:18:23.176 [Test worker] DEBUG org.apache.http.wire - http-outgoing-1 << "    "url" : "/api/v0/components/provision-adapters/awx",[\r][\n]"
13:18:23.176 [Test worker] DEBUG org.apache.http.wire - http-outgoing-1 << "    "method" : "GET",[\r][\n]"
13:18:23.176 [Test worker] DEBUG org.apache.http.wire - http-outgoing-1 << "    "headers" : {[\r][\n]"
13:18:23.176 [Test worker] DEBUG org.apache.http.wire - http-outgoing-1 << "      "Authorization" : {[\r][\n]"
13:18:23.176 [Test worker] DEBUG org.apache.http.wire - http-outgoing-1 << "        "equalTo" : "Bearer someToken"[\r][\n]"
13:18:23.176 [Test worker] DEBUG org.apache.http.wire - http-outgoing-1 << "      }[\r][\n]"
13:18:23.176 [Test worker] DEBUG org.apache.http.wire - http-outgoing-1 << "    }[\r][\n]"
13:18:23.176 [Test worker] DEBUG org.apache.http.wire - http-outgoing-1 << "  },[\r][\n]"
13:18:23.176 [Test worker] DEBUG org.apache.http.wire - http-outgoing-1 << "  "response" : {[\r][\n]"
13:18:23.176 [Test worker] DEBUG org.apache.http.wire - http-outgoing-1 << "    "status" : 401[\r][\n]"
13:18:23.176 [Test worker] DEBUG org.apache.http.wire - http-outgoing-1 << "  },[\r][\n]"
13:18:23.176 [Test worker] DEBUG org.apache.http.wire - http-outgoing-1 << "  "uuid" : "80f785a6-cc11-4a27-a56f-35a2d569e527",[\r][\n]"
13:18:23.176 [Test worker] DEBUG org.apache.http.wire - http-outgoing-1 << "  "scenarioName" : "unAuthorized",[\r][\n]"
13:18:23.176 [Test worker] DEBUG org.apache.http.wire - http-outgoing-1 << "  "requiredScenarioState" : "logged"[\r][\n]"
13:18:23.176 [Test worker] DEBUG org.apache.http.wire - http-outgoing-1 << "}"
13:18:23.177 [qtp426008992-46] DEBUG org.eclipse.jetty.io.WriteFlusher - Flushed=true written=552 remaining=0 WriteFlusher@4b8dafc{WRITING}->null
13:18:23.177 [qtp426008992-46] DEBUG org.eclipse.jetty.io.WriteFlusher - update WriteFlusher@4b8dafc{IDLE}->null:WRITING-->IDLE
13:18:23.177 [qtp426008992-46] DEBUG org.eclipse.jetty.server.HttpConnection - generate: DONE for org.eclipse.jetty.server.HttpConnection$SendCallback@d4dd207[PROCESSING][i=HTTP/1.1{s=201,h=1,cl=-1},cb=org.eclipse.jetty.server.HttpChannel$SendCallback@472994d5] ([p=122,l=122,c=8192,r=0],[p=430,l=430,c=32768,r=0],false)@COMMITTED
13:18:23.177 [qtp426008992-46] DEBUG org.eclipse.jetty.server.HttpOutput - onWriteComplete(false,null) s=OPEN,api=BLOCKED,sc=false,e=null->s=OPEN,api=BLOCKING,sc=false,e=null c=null cb=null w=false
13:18:23.177 [qtp426008992-46] DEBUG org.eclipse.jetty.server.HttpOutput - close() s=CLOSING,api=BLOCKED,sc=false,e=null c=HeapByteBuffer@137d328[p=0,l=0,c=0,r=0]={<<<>>>} b=Blocker@25f00a64{null}
13:18:23.177 [qtp426008992-46] DEBUG org.eclipse.jetty.server.HttpChannel - sendResponse info=null content=HeapByteBuffer@137d328[p=0,l=0,c=0,r=0]={<<<>>>} complete=true committing=false callback=Blocker@25f00a64{null}
13:18:23.177 [qtp426008992-46] DEBUG org.eclipse.jetty.server.HttpConnection - generate: CONTINUE for org.eclipse.jetty.server.HttpConnection$SendCallback@d4dd207[PROCESSING][i=null,cb=org.eclipse.jetty.server.HttpChannel$SendCallback@1d125a7e] (null,[p=0,l=0,c=0,r=0],true)@COMPLETING
13:18:23.177 [qtp426008992-46] DEBUG org.eclipse.jetty.server.HttpConnection - generate: NEED_CHUNK for org.eclipse.jetty.server.HttpConnection$SendCallback@d4dd207[PROCESSING][i=null,cb=org.eclipse.jetty.server.HttpChannel$SendCallback@1d125a7e] (null,[p=0,l=0,c=0,r=0],true)@COMPLETING
13:18:23.177 [qtp426008992-46] DEBUG org.eclipse.jetty.server.HttpConnection - generate: FLUSH for org.eclipse.jetty.server.HttpConnection$SendCallback@d4dd207[PROCESSING][i=null,cb=org.eclipse.jetty.server.HttpChannel$SendCallback@1d125a7e] (null,[p=0,l=0,c=0,r=0],true)@COMPLETING
13:18:23.177 [qtp426008992-46] DEBUG org.eclipse.jetty.io.WriteFlusher - write: WriteFlusher@4b8dafc{IDLE}->null [HeapByteBuffer@420070ff[p=0,l=7,c=1024,r=7]={<<<\r\n0\r\n\r\n>>>\x00\x00\x00\x00\x00\x00\x00\x00\x00...\x00\x00\x00\x00\x00\x00\x00}]
13:18:23.177 [qtp426008992-46] DEBUG org.eclipse.jetty.io.WriteFlusher - update WriteFlusher@4b8dafc{WRITING}->null:IDLE-->WRITING
13:18:23.177 [Test worker] DEBUG org.apache.http.wire - http-outgoing-1 << "[\r][\n]"
13:18:23.177 [Test worker] DEBUG org.apache.http.wire - http-outgoing-1 << "0[\r][\n]"
13:18:23.177 [Test worker] DEBUG org.apache.http.wire - http-outgoing-1 << "[\r][\n]"
13:18:23.177 [Test worker] DEBUG org.apache.http.impl.conn.PoolingHttpClientConnectionManager - Connection [id: 1][route: {}->http://localhost:8080] can be kept alive indefinitely
13:18:23.177 [Test worker] DEBUG org.apache.http.impl.conn.DefaultManagedHttpClientConnection - http-outgoing-1: set socket timeout to 0
13:18:23.178 [Test worker] DEBUG org.apache.http.impl.conn.PoolingHttpClientConnectionManager - Connection released: [id: 1][route: {}->http://localhost:8080][total available: 1; route allocated: 1 of 5; total allocated: 1 of 50]
13:18:23.178 [qtp426008992-46] DEBUG org.eclipse.jetty.io.ChannelEndPoint - flushed 7 NetworkTrafficSocketChannelEndPoint@6bc8b7d5{/127.0.0.1:64981<->/127.0.0.1:8080,OPEN,fill=-,flush=W,to=1/30000}{io=0/0,kio=0,kro=1}->HttpConnection@aea33ab[p=HttpParser{s=END,430 of 430},g=HttpGenerator@155c3f9e{s=COMPLETING}]=>HttpChannelOverHttp@6130dca5{s=HttpChannelState@24325ee7{s=HANDLING rs=BLOCKING os=COMMITTED is=READY awp=false se=false i=true al=0},r=3,c=false/false,a=HANDLING,uri=//localhost:8080/__admin/mappings,age=57}
13:18:23.178 [qtp426008992-46] DEBUG org.eclipse.jetty.io.WriteFlusher - Flushed=true written=7 remaining=0 WriteFlusher@4b8dafc{WRITING}->null
13:18:23.178 [qtp426008992-46] DEBUG org.eclipse.jetty.io.WriteFlusher - update WriteFlusher@4b8dafc{IDLE}->null:WRITING-->IDLE
13:18:23.178 [qtp426008992-46] DEBUG org.eclipse.jetty.server.HttpConnection - generate: DONE for org.eclipse.jetty.server.HttpConnection$SendCallback@d4dd207[PROCESSING][i=null,cb=org.eclipse.jetty.server.HttpChannel$SendCallback@1d125a7e] (null,[p=0,l=0,c=0,r=0],true)@END
13:18:23.178 [qtp426008992-46] DEBUG org.eclipse.jetty.server.HttpOutput - onWriteComplete(true,null) s=CLOSING,api=BLOCKED,sc=false,e=null->s=CLOSED,api=BLOCKING,sc=false,e=null c=null cb=null w=false
13:18:23.178 [qtp426008992-46] DEBUG org.eclipse.jetty.server.handler.gzip.GzipHandler - GzipHandler@3867a06c{STARTED,min=32,inflate=-1} handle Request[POST //localhost:8080/__admin/mappings]@5365ffe2 in null
13:18:23.178 [qtp426008992-46] DEBUG org.eclipse.jetty.server.handler.ContextHandler - scope null||/__admin/mappings @ o.e.j.s.ServletContextHandler@3ff531df{/,null,AVAILABLE}
13:18:23.178 [qtp426008992-46] DEBUG org.eclipse.jetty.server.Server - handled=true async=false committed=true on HttpChannelOverHttp@6130dca5{s=HttpChannelState@24325ee7{s=HANDLING rs=BLOCKING os=COMPLETED is=READY awp=false se=false i=true al=0},r=3,c=false/true,a=HANDLING,uri=//localhost:8080/__admin/mappings,age=57}
13:18:23.178 [qtp426008992-46] DEBUG org.eclipse.jetty.server.HttpChannelState - unhandle HttpChannelState@24325ee7{s=HANDLING rs=BLOCKING os=COMPLETED is=READY awp=false se=false i=true al=0}
13:18:23.178 [qtp426008992-46] DEBUG org.eclipse.jetty.server.HttpChannelState - nextAction(false) COMPLETE HttpChannelState@24325ee7{s=HANDLING rs=COMPLETING os=COMPLETED is=READY awp=false se=false i=false al=0}
13:18:23.178 [qtp426008992-46] DEBUG org.eclipse.jetty.server.HttpChannel - action COMPLETE HttpChannelOverHttp@6130dca5{s=HttpChannelState@24325ee7{s=HANDLING rs=COMPLETING os=COMPLETED is=READY awp=false se=false i=false al=0},r=3,c=false/true,a=HANDLING,uri=//localhost:8080/__admin/mappings,age=57}
13:18:23.178 [qtp426008992-46] DEBUG org.eclipse.jetty.server.HttpOutput - complete(org.eclipse.jetty.util.Callback$4@58ac1e7f) s=CLOSED,api=BLOCKING,sc=false,e=null s=true e=null, c=null
13:18:23.178 [qtp426008992-46] DEBUG org.eclipse.jetty.server.HttpChannelState - completed HttpChannelState@24325ee7{s=HANDLING rs=COMPLETING os=COMPLETED is=READY awp=false se=false i=false al=0}
13:18:23.178 [qtp426008992-46] DEBUG org.eclipse.jetty.server.HttpChannelState - unhandle HttpChannelState@24325ee7{s=HANDLING rs=COMPLETED os=COMPLETED is=READY awp=false se=false i=false al=0}
13:18:23.178 [qtp426008992-46] DEBUG org.eclipse.jetty.server.HttpChannelState - nextAction(false) TERMINATED HttpChannelState@24325ee7{s=IDLE rs=COMPLETED os=COMPLETED is=READY awp=false se=false i=false al=0}
13:18:23.178 [qtp426008992-46] DEBUG org.eclipse.jetty.server.HttpChannel - action TERMINATED HttpChannelOverHttp@6130dca5{s=HttpChannelState@24325ee7{s=IDLE rs=COMPLETED os=COMPLETED is=READY awp=false se=false i=false al=0},r=3,c=true/true,a=IDLE,uri=//localhost:8080/__admin/mappings,age=57}
13:18:23.179 [qtp426008992-46] DEBUG org.eclipse.jetty.server.HttpChannel - onCompleted for /__admin/mappings written=430
13:18:23.179 [qtp426008992-46] DEBUG org.eclipse.jetty.server.HttpChannelState - recycle HttpChannelState@24325ee7{s=IDLE rs=COMPLETED os=COMPLETED is=READY awp=false se=false i=false al=0}
13:18:23.179 [qtp426008992-46] DEBUG org.eclipse.jetty.http.HttpParser - reset HttpParser{s=END,430 of 430}
13:18:23.179 [qtp426008992-46] DEBUG org.eclipse.jetty.http.HttpParser - END --> START
13:18:23.179 [qtp426008992-46] DEBUG org.eclipse.jetty.server.HttpChannel - !handle TERMINATED HttpChannelOverHttp@6130dca5{s=HttpChannelState@24325ee7{s=IDLE rs=BLOCKING os=OPEN is=IDLE awp=false se=false i=true al=0},r=3,c=false/false,a=IDLE,uri=null,age=0}
13:18:23.179 [qtp426008992-46] DEBUG org.eclipse.jetty.io.ChannelEndPoint - filled 0 HeapByteBuffer@a250024[p=0,l=0,c=8192,r=0]={<<<>>>HTTP/1.1 ...\x00\x00\x00\x00\x00\x00\x00}
13:18:23.179 [Test worker] DEBUG org.springframework.web.reactive.function.client.ExchangeFunctions - [5776e38e] HTTP GET http://localhost:8080/api/v0/components/provision-adapters/awx
13:18:23.180 [qtp426008992-46] DEBUG org.eclipse.jetty.io.ChannelEndPoint - filled 0 HeapByteBuffer@a250024[p=0,l=0,c=8192,r=0]={<<<>>>HTTP/1.1 ...\x00\x00\x00\x00\x00\x00\x00}
13:18:23.181 [qtp426008992-46] DEBUG org.eclipse.jetty.server.HttpConnection - HttpConnection@aea33ab::NetworkTrafficSocketChannelEndPoint@6bc8b7d5{/127.0.0.1:64981<->/127.0.0.1:8080,OPEN,fill=-,flush=-,to=2/30000}{io=0/0,kio=0,kro=1}->HttpConnection@aea33ab[p=HttpParser{s=START,0 of -1},g=HttpGenerator@155c3f9e{s=START}]=>HttpChannelOverHttp@6130dca5{s=HttpChannelState@24325ee7{s=IDLE rs=BLOCKING os=OPEN is=IDLE awp=false se=false i=true al=0},r=3,c=false/false,a=IDLE,uri=null,age=0} filled 0 HeapByteBuffer@a250024[p=0,l=0,c=8192,r=0]={<<<>>>HTTP/1.1 ...\x00\x00\x00\x00\x00\x00\x00}
13:18:23.181 [reactor-http-nio-2] DEBUG reactor.netty.resources.PooledConnectionProvider - [id: 0xc0251bc0] Created a new pooled channel, now 1 active connections and 0 inactive connections
13:18:23.182 [qtp426008992-46] DEBUG org.eclipse.jetty.server.HttpConnection - HttpConnection@aea33ab::NetworkTrafficSocketChannelEndPoint@6bc8b7d5{/127.0.0.1:64981<->/127.0.0.1:8080,OPEN,fill=-,flush=-,to=3/30000}{io=0/0,kio=0,kro=1}->HttpConnection@aea33ab[p=HttpParser{s=START,0 of -1},g=HttpGenerator@155c3f9e{s=START}]=>HttpChannelOverHttp@6130dca5{s=HttpChannelState@24325ee7{s=IDLE rs=BLOCKING os=OPEN is=IDLE awp=false se=false i=true al=0},r=3,c=false/false,a=IDLE,uri=null,age=0} parse HeapByteBuffer@a250024[p=0,l=0,c=8192,r=0]={<<<>>>HTTP/1.1 ...\x00\x00\x00\x00\x00\x00\x00} {}
13:18:23.182 [reactor-http-nio-2] DEBUG reactor.netty.channel.BootstrapHandlers - [id: 0xc0251bc0] Initialized pipeline DefaultChannelPipeline{(BootstrapHandlers$BootstrapInitializerHandler#0 = reactor.netty.channel.BootstrapHandlers$BootstrapInitializerHandler), (PooledConnectionProvider$PooledConnectionAllocator$PooledConnectionInitializer#0 = reactor.netty.resources.PooledConnectionProvider$PooledConnectionAllocator$PooledConnectionInitializer), (reactor.left.httpCodec = io.netty.handler.codec.http.HttpClientCodec), (reactor.right.reactiveBridge = reactor.netty.channel.ChannelOperationsHandler)}
13:18:23.182 [qtp426008992-46] DEBUG org.eclipse.jetty.http.HttpParser - parseNext s=START HeapByteBuffer@a250024[p=0,l=0,c=8192,r=0]={<<<>>>HTTP/1.1 ...\x00\x00\x00\x00\x00\x00\x00}
13:18:23.183 [qtp426008992-46] DEBUG org.eclipse.jetty.server.HttpConnection - HttpConnection@aea33ab::NetworkTrafficSocketChannelEndPoint@6bc8b7d5{/127.0.0.1:64981<->/127.0.0.1:8080,OPEN,fill=-,flush=-,to=4/30000}{io=0/0,kio=0,kro=1}->HttpConnection@aea33ab[p=HttpParser{s=START,0 of -1},g=HttpGenerator@155c3f9e{s=START}]=>HttpChannelOverHttp@6130dca5{s=HttpChannelState@24325ee7{s=IDLE rs=BLOCKING os=OPEN is=IDLE awp=false se=false i=true al=0},r=3,c=false/false,a=IDLE,uri=null,age=0} parsed false HttpParser{s=START,0 of -1}
13:18:23.184 [reactor-http-nio-2] DEBUG reactor.netty.resources.PooledConnectionProvider - [id: 0xc0251bc0, L:/127.0.0.1:64982 - R:localhost/127.0.0.1:8080] Registering pool release on close event for channel
13:18:23.184 [reactor-http-nio-2] DEBUG reactor.netty.resources.PooledConnectionProvider - [id: 0xc0251bc0, L:/127.0.0.1:64982 - R:localhost/127.0.0.1:8080] Channel connected, now 1 active connections and 0 inactive connections
13:18:23.184 [qtp426008992-48-acceptor-1@506f3059-NetworkTrafficServerConnector@7933a262{HTTP/1.1, (http/1.1)}{0.0.0.0:8080}] DEBUG org.eclipse.jetty.io.ManagedSelector - Queued change org.eclipse.jetty.io.ManagedSelector$Accept@39e397a0 on ManagedSelector@4453c158{STARTED} id=0 keys=0 selected=0 updates=0
13:18:23.184 [reactor-http-nio-2] DEBUG reactor.netty.resources.PooledConnectionProvider - [id: 0xc0251bc0, L:/127.0.0.1:64982 - R:localhost/127.0.0.1:8080] onStateChange(PooledConnection{channel=[id: 0xc0251bc0, L:/127.0.0.1:64982 - R:localhost/127.0.0.1:8080]}, [connected])
13:18:23.184 [qtp426008992-48-acceptor-1@506f3059-NetworkTrafficServerConnector@7933a262{HTTP/1.1, (http/1.1)}{0.0.0.0:8080}] DEBUG org.eclipse.jetty.io.ManagedSelector - Wakeup on submit ManagedSelector@4453c158{STARTED} id=0 keys=0 selected=0 updates=1
13:18:23.184 [reactor-http-nio-2] DEBUG reactor.netty.resources.PooledConnectionProvider - [id: 0xc0251bc0, L:/127.0.0.1:64982 - R:localhost/127.0.0.1:8080] onStateChange(GET{uri=/, connection=PooledConnection{channel=[id: 0xc0251bc0, L:/127.0.0.1:64982 - R:localhost/127.0.0.1:8080]}}, [configured])
13:18:23.184 [qtp426008992-45] DEBUG org.eclipse.jetty.io.ManagedSelector - Selector sun.nio.ch.WindowsSelectorImpl@16bcf70e woken with none selected
13:18:23.184 [qtp426008992-45] DEBUG org.eclipse.jetty.io.ManagedSelector - Selector sun.nio.ch.WindowsSelectorImpl@16bcf70e woken up from select, 0/0/0 selected
13:18:23.184 [qtp426008992-45] DEBUG org.eclipse.jetty.io.ManagedSelector - Selector sun.nio.ch.WindowsSelectorImpl@16bcf70e processing 0 keys, 1 updates
13:18:23.184 [qtp426008992-45] DEBUG org.eclipse.jetty.io.ManagedSelector - updateable 1
13:18:23.184 [qtp426008992-45] DEBUG org.eclipse.jetty.io.ManagedSelector - update org.eclipse.jetty.io.ManagedSelector$Accept@39e397a0
13:18:23.184 [qtp426008992-45] DEBUG org.eclipse.jetty.util.thread.QueuedThreadPool - queue org.eclipse.jetty.io.ManagedSelector$Accept@39e397a0 startThread=0
13:18:23.184 [reactor-http-nio-2] DEBUG reactor.netty.ReactorNetty - [id: 0xc0251bc0, L:/127.0.0.1:64982 - R:localhost/127.0.0.1:8080] Added decoder [ReadTimeoutHandler] at the end of the user pipeline, full pipeline: [reactor.left.httpCodec, ReadTimeoutHandler, reactor.right.reactiveBridge, DefaultChannelPipeline$TailContext#0]
13:18:23.184 [qtp426008992-45] DEBUG org.eclipse.jetty.io.ManagedSelector - updates 0
13:18:23.184 [qtp426008992-45] DEBUG org.eclipse.jetty.io.ManagedSelector - Selector sun.nio.ch.WindowsSelectorImpl@16bcf70e waiting with 1 keys
13:18:23.184 [reactor-http-nio-2] DEBUG reactor.netty.ReactorNetty - [id: 0xc0251bc0, L:/127.0.0.1:64982 - R:localhost/127.0.0.1:8080] Added decoder [WriteTimeoutHandler] at the end of the user pipeline, full pipeline: [reactor.left.httpCodec, ReadTimeoutHandler, WriteTimeoutHandler, reactor.right.reactiveBridge, DefaultChannelPipeline$TailContext#0]
13:18:23.185 [reactor-http-nio-2] DEBUG reactor.netty.http.client.HttpClientConnect - [id: 0xc0251bc0, L:/127.0.0.1:64982 - R:localhost/127.0.0.1:8080] Handler is being applied: {uri=http://localhost:8080/api/v0/components/provision-adapters/awx, method=GET}
13:18:23.185 [qtp426008992-46] DEBUG org.eclipse.jetty.server.HttpConnection - releaseRequestBuffer HttpConnection@aea33ab::NetworkTrafficSocketChannelEndPoint@6bc8b7d5{/127.0.0.1:64981<->/127.0.0.1:8080,OPEN,fill=-,flush=-,to=6/30000}{io=0/0,kio=0,kro=1}->HttpConnection@aea33ab[p=HttpParser{s=START,0 of -1},g=HttpGenerator@155c3f9e{s=START}]=>HttpChannelOverHttp@6130dca5{s=HttpChannelState@24325ee7{s=IDLE rs=BLOCKING os=OPEN is=IDLE awp=false se=false i=true al=0},r=3,c=false/false,a=IDLE,uri=null,age=0}
13:18:23.185 [qtp426008992-46] DEBUG org.eclipse.jetty.io.AbstractConnection - fillInterested HttpConnection@aea33ab::NetworkTrafficSocketChannelEndPoint@6bc8b7d5{/127.0.0.1:64981<->/127.0.0.1:8080,OPEN,fill=-,flush=-,to=7/30000}{io=0/0,kio=0,kro=1}->HttpConnection@aea33ab[p=HttpParser{s=START,0 of -1},g=HttpGenerator@155c3f9e{s=START}]=>HttpChannelOverHttp@6130dca5{s=HttpChannelState@24325ee7{s=IDLE rs=BLOCKING os=OPEN is=IDLE awp=false se=false i=true al=0},r=3,c=false/false,a=IDLE,uri=null,age=0}
13:18:23.185 [reactor-http-nio-2] DEBUG reactor.netty.resources.PooledConnectionProvider - [id: 0xc0251bc0, L:/127.0.0.1:64982 - R:localhost/127.0.0.1:8080] onStateChange(GET{uri=/api/v0/components/provision-adapters/awx, connection=PooledConnection{channel=[id: 0xc0251bc0, L:/127.0.0.1:64982 - R:localhost/127.0.0.1:8080]}}, [request_prepared])
13:18:23.186 [qtp426008992-51] DEBUG org.eclipse.jetty.util.thread.QueuedThreadPool - run org.eclipse.jetty.io.ManagedSelector$Accept@39e397a0 in QueuedThreadPool[qtp426008992]@196461a0{STARTED,8<=8<=14,i=0,r=1,q=0}[ReservedThreadExecutor@126c668c{s=1/1,p=0}]
13:18:23.186 [qtp426008992-51] DEBUG org.eclipse.jetty.io.IdleTimeout - NetworkTrafficSocketChannelEndPoint@1e08cabe{/127.0.0.1:64982<->/127.0.0.1:8080,OPEN,fill=-,flush=-,to=0/30000}{io=0/0,kio=0,kro=0}-><null> idle timeout check, elapsed: 0 ms, remaining: 30000 ms
13:18:23.186 [reactor-http-nio-2] DEBUG reactor.netty.resources.PooledConnectionProvider - [id: 0xc0251bc0, L:/127.0.0.1:64982 - R:localhost/127.0.0.1:8080] onStateChange(GET{uri=/api/v0/components/provision-adapters/awx, connection=PooledConnection{channel=[id: 0xc0251bc0, L:/127.0.0.1:64982 - R:localhost/127.0.0.1:8080]}}, [request_sent])
13:18:23.186 [qtp426008992-51] DEBUG org.eclipse.jetty.server.HttpChannel - new HttpChannelOverHttp@1dccebee{s=HttpChannelState@ab9a50e{s=IDLE rs=BLOCKING os=OPEN is=IDLE awp=false se=false i=true al=0},r=0,c=false/false,a=IDLE,uri=null,age=0} -> NetworkTrafficSocketChannelEndPoint@1e08cabe{/127.0.0.1:64982<->/127.0.0.1:8080,OPEN,fill=-,flush=-,to=0/30000}{io=0/0,kio=0,kro=0}-><null>,null,HttpChannelState@ab9a50e{s=IDLE rs=BLOCKING os=OPEN is=IDLE awp=false se=false i=true al=0}
13:18:23.186 [qtp426008992-51] DEBUG org.eclipse.jetty.server.HttpConnection - New HTTP Connection HttpConnection@2657044e::NetworkTrafficSocketChannelEndPoint@1e08cabe{/127.0.0.1:64982<->/127.0.0.1:8080,OPEN,fill=-,flush=-,to=0/30000}{io=0/0,kio=0,kro=0}-><null>
13:18:23.187 [qtp426008992-51] DEBUG org.eclipse.jetty.io.AbstractEndPoint - onOpen NetworkTrafficSocketChannelEndPoint@1e08cabe{/127.0.0.1:64982<->/127.0.0.1:8080,OPEN,fill=-,flush=-,to=0/30000}{io=0/0,kio=0,kro=0}->HttpConnection@2657044e[p=HttpParser{s=START,0 of -1},g=HttpGenerator@7ed27700{s=START}]=>HttpChannelOverHttp@1dccebee{s=HttpChannelState@ab9a50e{s=IDLE rs=BLOCKING os=OPEN is=IDLE awp=false se=false i=true al=0},r=0,c=false/false,a=IDLE,uri=null,age=0}
13:18:23.187 [qtp426008992-51] DEBUG org.eclipse.jetty.io.AbstractConnection - onOpen HttpConnection@2657044e::NetworkTrafficSocketChannelEndPoint@1e08cabe{/127.0.0.1:64982<->/127.0.0.1:8080,OPEN,fill=-,flush=-,to=0/30000}{io=0/0,kio=0,kro=0}->HttpConnection@2657044e[p=HttpParser{s=START,0 of -1},g=HttpGenerator@7ed27700{s=START}]=>HttpChannelOverHttp@1dccebee{s=HttpChannelState@ab9a50e{s=IDLE rs=BLOCKING os=OPEN is=IDLE awp=false se=false i=true al=0},r=0,c=false/false,a=IDLE,uri=null,age=0}
13:18:23.187 [qtp426008992-46] DEBUG org.eclipse.jetty.io.FillInterest - interested FillInterest@726e0c64{AC.ReadCB@aea33ab{HttpConnection@aea33ab::NetworkTrafficSocketChannelEndPoint@6bc8b7d5{/127.0.0.1:64981<->/127.0.0.1:8080,OPEN,fill=FI,flush=-,to=1/30000}{io=0/0,kio=0,kro=1}->HttpConnection@aea33ab[p=HttpParser{s=START,0 of -1},g=HttpGenerator@155c3f9e{s=START}]=>HttpChannelOverHttp@6130dca5{s=HttpChannelState@24325ee7{s=IDLE rs=BLOCKING os=OPEN is=IDLE awp=false se=false i=true al=0},r=3,c=false/false,a=IDLE,uri=null,age=0}}}
13:18:23.187 [qtp426008992-51] DEBUG org.eclipse.jetty.io.AbstractConnection - fillInterested HttpConnection@2657044e::NetworkTrafficSocketChannelEndPoint@1e08cabe{/127.0.0.1:64982<->/127.0.0.1:8080,OPEN,fill=-,flush=-,to=1/30000}{io=0/0,kio=0,kro=0}->HttpConnection@2657044e[p=HttpParser{s=START,0 of -1},g=HttpGenerator@7ed27700{s=START}]=>HttpChannelOverHttp@1dccebee{s=HttpChannelState@ab9a50e{s=IDLE rs=BLOCKING os=OPEN is=IDLE awp=false se=false i=true al=0},r=0,c=false/false,a=IDLE,uri=null,age=0}
13:18:23.187 [qtp426008992-46] DEBUG org.eclipse.jetty.io.ChannelEndPoint - changeInterests p=false 0->1 for NetworkTrafficSocketChannelEndPoint@6bc8b7d5{/127.0.0.1:64981<->/127.0.0.1:8080,OPEN,fill=FI,flush=-,to=1/30000}{io=0/1,kio=0,kro=1}->HttpConnection@aea33ab[p=HttpParser{s=START,0 of -1},g=HttpGenerator@155c3f9e{s=START}]=>HttpChannelOverHttp@6130dca5{s=HttpChannelState@24325ee7{s=IDLE rs=BLOCKING os=OPEN is=IDLE awp=false se=false i=true al=0},r=3,c=false/false,a=IDLE,uri=null,age=0}
13:18:23.187 [qtp426008992-46] DEBUG org.eclipse.jetty.io.ManagedSelector - Queued change org.eclipse.jetty.io.ChannelEndPoint$1@441da1a8 on ManagedSelector@48ded463{STARTED} id=1 keys=1 selected=0 updates=0
13:18:23.187 [qtp426008992-51] DEBUG org.eclipse.jetty.io.FillInterest - interested FillInterest@43b70af{AC.ReadCB@2657044e{HttpConnection@2657044e::NetworkTrafficSocketChannelEndPoint@1e08cabe{/127.0.0.1:64982<->/127.0.0.1:8080,OPEN,fill=FI,flush=-,to=0/30000}{io=0/0,kio=0,kro=0}->HttpConnection@2657044e[p=HttpParser{s=START,0 of -1},g=HttpGenerator@7ed27700{s=START}]=>HttpChannelOverHttp@1dccebee{s=HttpChannelState@ab9a50e{s=IDLE rs=BLOCKING os=OPEN is=IDLE awp=false se=false i=true al=0},r=0,c=false/false,a=IDLE,uri=null,age=0}}}
13:18:23.187 [qtp426008992-46] DEBUG org.eclipse.jetty.io.ManagedSelector - Wakeup on submit ManagedSelector@48ded463{STARTED} id=1 keys=1 selected=0 updates=1
13:18:23.187 [qtp426008992-50] DEBUG org.eclipse.jetty.io.ManagedSelector - Selector sun.nio.ch.WindowsSelectorImpl@25487540 woken with none selected
13:18:23.187 [qtp426008992-46] DEBUG org.eclipse.jetty.server.HttpConnection - HttpConnection@aea33ab::NetworkTrafficSocketChannelEndPoint@6bc8b7d5{/127.0.0.1:64981<->/127.0.0.1:8080,OPEN,fill=FI,flush=-,to=1/30000}{io=0/1,kio=0,kro=1}->HttpConnection@aea33ab[p=HttpParser{s=START,0 of -1},g=HttpGenerator@155c3f9e{s=START}]=>HttpChannelOverHttp@6130dca5{s=HttpChannelState@24325ee7{s=IDLE rs=BLOCKING os=OPEN is=IDLE awp=false se=false i=true al=0},r=3,c=false/false,a=IDLE,uri=null,age=0} onFillable exit HttpChannelState@24325ee7{s=IDLE rs=BLOCKING os=OPEN is=IDLE awp=false se=false i=true al=0} null
13:18:23.187 [qtp426008992-51] DEBUG org.eclipse.jetty.io.ChannelEndPoint - changeInterests p=false 0->1 for NetworkTrafficSocketChannelEndPoint@1e08cabe{/127.0.0.1:64982<->/127.0.0.1:8080,OPEN,fill=FI,flush=-,to=0/30000}{io=0/1,kio=0,kro=0}->HttpConnection@2657044e[p=HttpParser{s=START,0 of -1},g=HttpGenerator@7ed27700{s=START}]=>HttpChannelOverHttp@1dccebee{s=HttpChannelState@ab9a50e{s=IDLE rs=BLOCKING os=OPEN is=IDLE awp=false se=false i=true al=0},r=0,c=false/false,a=IDLE,uri=null,age=0}
13:18:23.187 [qtp426008992-50] DEBUG org.eclipse.jetty.io.ManagedSelector - Selector sun.nio.ch.WindowsSelectorImpl@25487540 woken up from select, 0/0/1 selected
13:18:23.187 [qtp426008992-50] DEBUG org.eclipse.jetty.io.ManagedSelector - Selector sun.nio.ch.WindowsSelectorImpl@25487540 processing 0 keys, 1 updates
13:18:23.187 [qtp426008992-46] DEBUG org.eclipse.jetty.util.thread.QueuedThreadPool - ran org.eclipse.jetty.io.ManagedSelector$$Lambda$425/0x00000001005fc040@5a71a3ed in QueuedThreadPool[qtp426008992]@196461a0{STARTED,8<=8<=14,i=0,r=1,q=0}[ReservedThreadExecutor@126c668c{s=1/1,p=0}]
13:18:23.187 [qtp426008992-50] DEBUG org.eclipse.jetty.io.ManagedSelector - updateable 1
13:18:23.187 [qtp426008992-50] DEBUG org.eclipse.jetty.io.ManagedSelector - update org.eclipse.jetty.io.ChannelEndPoint$1@441da1a8
13:18:23.187 [qtp426008992-51] DEBUG org.eclipse.jetty.io.ManagedSelector - Queued change org.eclipse.jetty.io.ChannelEndPoint$1@43ed34f3 on ManagedSelector@4453c158{STARTED} id=0 keys=1 selected=0 updates=0
13:18:23.187 [qtp426008992-51] DEBUG org.eclipse.jetty.io.ManagedSelector - Wakeup on submit ManagedSelector@4453c158{STARTED} id=0 keys=1 selected=0 updates=1
13:18:23.188 [qtp426008992-50] DEBUG org.eclipse.jetty.io.ChannelEndPoint - Key interests updated 0 -> 1 on NetworkTrafficSocketChannelEndPoint@6bc8b7d5{/127.0.0.1:64981<->/127.0.0.1:8080,OPEN,fill=FI,flush=-,to=2/30000}{io=1/1,kio=1,kro=1}->HttpConnection@aea33ab[p=HttpParser{s=START,0 of -1},g=HttpGenerator@155c3f9e{s=START}]=>HttpChannelOverHttp@6130dca5{s=HttpChannelState@24325ee7{s=IDLE rs=BLOCKING os=OPEN is=IDLE awp=false se=false i=true al=0},r=3,c=false/false,a=IDLE,uri=null,age=0}
13:18:23.188 [qtp426008992-50] DEBUG org.eclipse.jetty.io.ManagedSelector - updates 0
13:18:23.188 [qtp426008992-50] DEBUG org.eclipse.jetty.io.ManagedSelector - Selector sun.nio.ch.WindowsSelectorImpl@25487540 waiting with 1 keys
13:18:23.188 [qtp426008992-45] DEBUG org.eclipse.jetty.io.ManagedSelector - Selector sun.nio.ch.WindowsSelectorImpl@16bcf70e woken with none selected
13:18:23.188 [qtp426008992-45] DEBUG org.eclipse.jetty.io.ManagedSelector - Selector sun.nio.ch.WindowsSelectorImpl@16bcf70e woken up from select, 0/0/1 selected
13:18:23.188 [qtp426008992-45] DEBUG org.eclipse.jetty.io.ManagedSelector - Selector sun.nio.ch.WindowsSelectorImpl@16bcf70e processing 0 keys, 1 updates
13:18:23.188 [qtp426008992-45] DEBUG org.eclipse.jetty.io.ManagedSelector - updateable 1
13:18:23.188 [qtp426008992-45] DEBUG org.eclipse.jetty.io.ManagedSelector - update org.eclipse.jetty.io.ChannelEndPoint$1@43ed34f3
13:18:23.188 [qtp426008992-51] DEBUG org.eclipse.jetty.io.ManagedSelector - Created NetworkTrafficSocketChannelEndPoint@1e08cabe{/127.0.0.1:64982<->/127.0.0.1:8080,OPEN,fill=FI,flush=-,to=0/30000}{io=0/1,kio=0,kro=0}->HttpConnection@2657044e[p=HttpParser{s=START,0 of -1},g=HttpGenerator@7ed27700{s=START}]=>HttpChannelOverHttp@1dccebee{s=HttpChannelState@ab9a50e{s=IDLE rs=BLOCKING os=OPEN is=IDLE awp=false se=false i=true al=0},r=0,c=false/false,a=IDLE,uri=null,age=0}
13:18:23.188 [qtp426008992-45] DEBUG org.eclipse.jetty.io.ChannelEndPoint - Key interests updated 0 -> 1 on NetworkTrafficSocketChannelEndPoint@1e08cabe{/127.0.0.1:64982<->/127.0.0.1:8080,OPEN,fill=FI,flush=-,to=0/30000}{io=1/1,kio=1,kro=0}->HttpConnection@2657044e[p=HttpParser{s=START,0 of -1},g=HttpGenerator@7ed27700{s=START}]=>HttpChannelOverHttp@1dccebee{s=HttpChannelState@ab9a50e{s=IDLE rs=BLOCKING os=OPEN is=IDLE awp=false se=false i=true al=0},r=0,c=false/false,a=IDLE,uri=null,age=0}
13:18:23.188 [qtp426008992-51] DEBUG org.eclipse.jetty.util.thread.QueuedThreadPool - ran org.eclipse.jetty.io.ManagedSelector$Accept@39e397a0 in QueuedThreadPool[qtp426008992]@196461a0{STARTED,8<=8<=14,i=1,r=1,q=0}[ReservedThreadExecutor@126c668c{s=1/1,p=0}]
13:18:23.188 [qtp426008992-45] DEBUG org.eclipse.jetty.io.ManagedSelector - updates 0
13:18:23.188 [qtp426008992-45] DEBUG org.eclipse.jetty.io.ManagedSelector - Selector sun.nio.ch.WindowsSelectorImpl@16bcf70e waiting with 1 keys
13:18:23.188 [qtp426008992-45] DEBUG org.eclipse.jetty.io.ManagedSelector - Selector sun.nio.ch.WindowsSelectorImpl@16bcf70e woken up from select, 1/1/1 selected
13:18:23.188 [qtp426008992-45] DEBUG org.eclipse.jetty.io.ManagedSelector - Selector sun.nio.ch.WindowsSelectorImpl@16bcf70e processing 1 keys, 0 updates
13:18:23.188 [qtp426008992-45] DEBUG org.eclipse.jetty.io.ManagedSelector - selected 1 channel=java.nio.channels.SocketChannel[connected local=/127.0.0.1:8080 remote=/127.0.0.1:64982], selector=sun.nio.ch.WindowsSelectorImpl@16bcf70e, interestOps=1, readyOps=1 NetworkTrafficSocketChannelEndPoint@1e08cabe{/127.0.0.1:64982<->/127.0.0.1:8080,OPEN,fill=FI,flush=-,to=1/30000}{io=1/1,kio=1,kro=1}->HttpConnection@2657044e[p=HttpParser{s=START,0 of -1},g=HttpGenerator@7ed27700{s=START}]=>HttpChannelOverHttp@1dccebee{s=HttpChannelState@ab9a50e{s=IDLE rs=BLOCKING os=OPEN is=IDLE awp=false se=false i=true al=0},r=0,c=false/false,a=IDLE,uri=null,age=0} 
13:18:23.188 [qtp426008992-45] DEBUG org.eclipse.jetty.io.ChannelEndPoint - onSelected 1->0 r=true w=false for NetworkTrafficSocketChannelEndPoint@1e08cabe{/127.0.0.1:64982<->/127.0.0.1:8080,OPEN,fill=FI,flush=-,to=1/30000}{io=1/0,kio=1,kro=1}->HttpConnection@2657044e[p=HttpParser{s=START,0 of -1},g=HttpGenerator@7ed27700{s=START}]=>HttpChannelOverHttp@1dccebee{s=HttpChannelState@ab9a50e{s=IDLE rs=BLOCKING os=OPEN is=IDLE awp=false se=false i=true al=0},r=0,c=false/false,a=IDLE,uri=null,age=0}
13:18:23.188 [qtp426008992-45] DEBUG org.eclipse.jetty.io.ChannelEndPoint - task CEP:NetworkTrafficSocketChannelEndPoint@1e08cabe{/127.0.0.1:64982<->/127.0.0.1:8080,OPEN,fill=FI,flush=-,to=1/30000}{io=1/0,kio=1,kro=1}->HttpConnection@2657044e[p=HttpParser{s=START,0 of -1},g=HttpGenerator@7ed27700{s=START}]=>HttpChannelOverHttp@1dccebee{s=HttpChannelState@ab9a50e{s=IDLE rs=BLOCKING os=OPEN is=IDLE awp=false se=false i=true al=0},r=0,c=false/false,a=IDLE,uri=null,age=0}:runFillable:BLOCKING
13:18:23.189 [qtp426008992-45] DEBUG org.eclipse.jetty.util.thread.ReservedThreadExecutor - ReservedThreadExecutor@126c668c{s=1/1,p=0} tryExecute EatWhatYouKill@9b07444/SelectorProducer@6dcc6117/PRODUCING/p=false/QueuedThreadPool[qtp426008992]@196461a0{STARTED,8<=8<=14,i=2,r=1,q=0}[ReservedThreadExecutor@126c668c{s=1/1,p=0}][pc=0,pic=0,pec=0,epc=0]@2020-09-25T13:18:23.1883937+02:00
13:18:23.189 [qtp426008992-45] DEBUG org.eclipse.jetty.util.thread.ReservedThreadExecutor - ReservedThreadExecutor@126c668c{s=0/1,p=0}@6ab295a2 offer EatWhatYouKill@9b07444/SelectorProducer@6dcc6117/PRODUCING/p=false/QueuedThreadPool[qtp426008992]@196461a0{STARTED,8<=8<=14,i=2,r=1,q=0}[ReservedThreadExecutor@126c668c{s=0/1,p=0}][pc=0,pic=0,pec=0,epc=0]@2020-09-25T13:18:23.1894051+02:00
13:18:23.189 [qtp426008992-45] DEBUG org.eclipse.jetty.util.thread.ReservedThreadExecutor - ReservedThreadExecutor@126c668c{s=0/1,p=1} startReservedThread p=1
13:18:23.189 [qtp426008992-45] DEBUG org.eclipse.jetty.util.thread.QueuedThreadPool - queue ReservedThreadExecutor@126c668c{s=0/1,p=1}@1c449c7e startThread=0
13:18:23.189 [qtp426008992-45] DEBUG org.eclipse.jetty.util.thread.strategy.EatWhatYouKill - EatWhatYouKill@9b07444/SelectorProducer@6dcc6117/IDLE/p=true/QueuedThreadPool[qtp426008992]@196461a0{STARTED,8<=8<=14,i=1,r=1,q=0}[ReservedThreadExecutor@126c668c{s=0/1,p=1}][pc=0,pic=0,pec=0,epc=0]@2020-09-25T13:18:23.1894051+02:00 m=EXECUTE_PRODUCE_CONSUME t=CEP:NetworkTrafficSocketChannelEndPoint@1e08cabe{/127.0.0.1:64982<->/127.0.0.1:8080,OPEN,fill=FI,flush=-,to=2/30000}{io=1/0,kio=1,kro=1}->HttpConnection@2657044e[p=HttpParser{s=START,0 of -1},g=HttpGenerator@7ed27700{s=START}]=>HttpChannelOverHttp@1dccebee{s=HttpChannelState@ab9a50e{s=IDLE rs=BLOCKING os=OPEN is=IDLE awp=false se=false i=true al=0},r=0,c=false/false,a=IDLE,uri=null,age=0}:runFillable:BLOCKING/BLOCKING
13:18:23.189 [qtp426008992-45] DEBUG org.eclipse.jetty.io.FillInterest - fillable FillInterest@43b70af{AC.ReadCB@2657044e{HttpConnection@2657044e::NetworkTrafficSocketChannelEndPoint@1e08cabe{/127.0.0.1:64982<->/127.0.0.1:8080,OPEN,fill=FI,flush=-,to=2/30000}{io=1/0,kio=1,kro=1}->HttpConnection@2657044e[p=HttpParser{s=START,0 of -1},g=HttpGenerator@7ed27700{s=START}]=>HttpChannelOverHttp@1dccebee{s=HttpChannelState@ab9a50e{s=IDLE rs=BLOCKING os=OPEN is=IDLE awp=false se=false i=true al=0},r=0,c=false/false,a=IDLE,uri=null,age=0}}}
13:18:23.189 [qtp426008992-45] DEBUG org.eclipse.jetty.server.HttpConnection - HttpConnection@2657044e::NetworkTrafficSocketChannelEndPoint@1e08cabe{/127.0.0.1:64982<->/127.0.0.1:8080,OPEN,fill=-,flush=-,to=2/30000}{io=1/0,kio=1,kro=1}->HttpConnection@2657044e[p=HttpParser{s=START,0 of -1},g=HttpGenerator@7ed27700{s=START}]=>HttpChannelOverHttp@1dccebee{s=HttpChannelState@ab9a50e{s=IDLE rs=BLOCKING os=OPEN is=IDLE awp=false se=false i=true al=0},r=0,c=false/false,a=IDLE,uri=null,age=0} onFillable enter HttpChannelState@ab9a50e{s=IDLE rs=BLOCKING os=OPEN is=IDLE awp=false se=false i=true al=0} null
13:18:23.190 [qtp426008992-45] DEBUG org.eclipse.jetty.io.ChannelEndPoint - filled 157 HeapByteBuffer@a250024[p=0,l=157,c=8192,r=157]={<<<GET /api/v0/components/pr...horization: Bearer \r\n\r\n>>>he-HttpCl...\x00\x00\x00\x00\x00\x00\x00}
13:18:23.190 [qtp426008992-52] DEBUG org.eclipse.jetty.util.thread.ReservedThreadExecutor - ReservedThreadExecutor@126c668c{s=0/1,p=1}@6ab295a2 task=EatWhatYouKill@9b07444/SelectorProducer@6dcc6117/IDLE/p=true/QueuedThreadPool[qtp426008992]@196461a0{STARTED,8<=8<=14,i=1,r=1,q=0}[ReservedThreadExecutor@126c668c{s=0/1,p=1}][pc=0,pic=0,pec=0,epc=0]@2020-09-25T13:18:23.1894051+02:00
13:18:23.190 [qtp426008992-45] DEBUG org.eclipse.jetty.server.HttpConnection - HttpConnection@2657044e::NetworkTrafficSocketChannelEndPoint@1e08cabe{/127.0.0.1:64982<->/127.0.0.1:8080,OPEN,fill=-,flush=-,to=0/30000}{io=1/0,kio=1,kro=1}->HttpConnection@2657044e[p=HttpParser{s=START,0 of -1},g=HttpGenerator@7ed27700{s=START}]=>HttpChannelOverHttp@1dccebee{s=HttpChannelState@ab9a50e{s=IDLE rs=BLOCKING os=OPEN is=IDLE awp=false se=false i=true al=0},r=0,c=false/false,a=IDLE,uri=null,age=0} filled 157 HeapByteBuffer@a250024[p=0,l=157,c=8192,r=157]={<<<GET /api/v0/components/pr...horization: Bearer \r\n\r\n>>>he-HttpCl...\x00\x00\x00\x00\x00\x00\x00}
13:18:23.190 [qtp426008992-45] DEBUG org.eclipse.jetty.server.HttpConnection - HttpConnection@2657044e::NetworkTrafficSocketChannelEndPoint@1e08cabe{/127.0.0.1:64982<->/127.0.0.1:8080,OPEN,fill=-,flush=-,to=0/30000}{io=1/0,kio=1,kro=1}->HttpConnection@2657044e[p=HttpParser{s=START,0 of -1},g=HttpGenerator@7ed27700{s=START}]=>HttpChannelOverHttp@1dccebee{s=HttpChannelState@ab9a50e{s=IDLE rs=BLOCKING os=OPEN is=IDLE awp=false se=false i=true al=0},r=0,c=false/false,a=IDLE,uri=null,age=0} parse HeapByteBuffer@a250024[p=0,l=157,c=8192,r=157]={<<<GET /api/v0/components/pr...horization: Bearer \r\n\r\n>>>he-HttpCl...\x00\x00\x00\x00\x00\x00\x00} {}
13:18:23.190 [qtp426008992-45] DEBUG org.eclipse.jetty.http.HttpParser - parseNext s=START HeapByteBuffer@a250024[p=0,l=157,c=8192,r=157]={<<<GET /api/v0/components/pr...horization: Bearer \r\n\r\n>>>he-HttpCl...\x00\x00\x00\x00\x00\x00\x00}
13:18:23.190 [qtp426008992-45] DEBUG org.eclipse.jetty.http.HttpParser - START --> SPACE1
13:18:23.190 [qtp426008992-45] DEBUG org.eclipse.jetty.http.HttpParser - SPACE1 --> URI
13:18:23.190 [qtp426008992-45] DEBUG org.eclipse.jetty.http.HttpParser - URI --> SPACE2
13:18:23.190 [qtp426008992-45] DEBUG org.eclipse.jetty.http.HttpParser - SPACE2 --> REQUEST_VERSION
13:18:23.191 [qtp426008992-45] DEBUG org.eclipse.jetty.http.HttpParser - REQUEST_VERSION --> HEADER
13:18:23.191 [qtp426008992-45] DEBUG org.eclipse.jetty.http.HttpParser - HEADER:User-Agent --> VALUE
13:18:23.191 [qtp426008992-45] DEBUG org.eclipse.jetty.http.HttpParser - HEADER:User-Agent --> IN_VALUE
13:18:23.191 [qtp426008992-45] DEBUG org.eclipse.jetty.http.HttpParser - HEADER:User-Agent --> FIELD
13:18:23.191 [qtp426008992-45] DEBUG org.eclipse.jetty.http.HttpParser - HEADER:Host --> VALUE
13:18:23.191 [qtp426008992-52] DEBUG org.eclipse.jetty.util.thread.strategy.EatWhatYouKill - EatWhatYouKill@9b07444/SelectorProducer@6dcc6117/IDLE/p=true/QueuedThreadPool[qtp426008992]@196461a0{STARTED,8<=8<=14,i=1,r=1,q=0}[ReservedThreadExecutor@126c668c{s=0/1,p=1}][pc=0,pic=0,pec=0,epc=1]@2020-09-25T13:18:23.1904017+02:00 tryProduce true
13:18:23.191 [qtp426008992-45] DEBUG org.eclipse.jetty.http.HttpParser - HEADER:Host --> IN_VALUE
13:18:23.191 [qtp426008992-52] DEBUG org.eclipse.jetty.io.ManagedSelector - updateable 0
13:18:23.191 [qtp426008992-45] DEBUG org.eclipse.jetty.http.HttpParser - HEADER:Host --> FIELD
13:18:23.191 [qtp426008992-52] DEBUG org.eclipse.jetty.io.ManagedSelector - updates 0
13:18:23.191 [qtp426008992-45] DEBUG org.eclipse.jetty.http.HttpParser - HEADER:Accept: */* --> IN_VALUE
13:18:23.191 [qtp426008992-45] DEBUG org.eclipse.jetty.http.HttpParser - HEADER:Accept: */* --> FIELD
13:18:23.191 [qtp426008992-45] DEBUG org.eclipse.jetty.http.HttpParser - HEADER:Authorization --> VALUE
13:18:23.191 [qtp426008992-45] DEBUG org.eclipse.jetty.http.HttpParser - HEADER:Authorization --> IN_VALUE
13:18:23.191 [qtp426008992-45] DEBUG org.eclipse.jetty.http.HttpParser - HEADER:Authorization --> FIELD
13:18:23.191 [qtp426008992-45] DEBUG org.eclipse.jetty.http.HttpParser - HEADER --> CONTENT
13:18:23.191 [qtp426008992-52] DEBUG org.eclipse.jetty.io.ChannelEndPoint - Key interests updated 1 -> 0 on NetworkTrafficSocketChannelEndPoint@1e08cabe{/127.0.0.1:64982<->/127.0.0.1:8080,OPEN,fill=-,flush=-,to=1/30000}{io=0/0,kio=0,kro=1}->HttpConnection@2657044e[p=HttpParser{s=HEADER,0 of -1},g=HttpGenerator@7ed27700{s=START}]=>HttpChannelOverHttp@1dccebee{s=HttpChannelState@ab9a50e{s=IDLE rs=BLOCKING os=OPEN is=IDLE awp=false se=false i=true al=0},r=1,c=false/false,a=IDLE,uri=null,age=0}
13:18:23.191 [qtp426008992-52] DEBUG org.eclipse.jetty.io.ManagedSelector - Selector sun.nio.ch.WindowsSelectorImpl@16bcf70e waiting with 1 keys
13:18:23.192 [qtp426008992-45] DEBUG org.eclipse.jetty.server.HttpChannel - REQUEST for //localhost:8080/api/v0/components/provision-adapters/awx on HttpChannelOverHttp@1dccebee{s=HttpChannelState@ab9a50e{s=IDLE rs=BLOCKING os=OPEN is=IDLE awp=false se=false i=true al=0},r=1,c=false/false,a=IDLE,uri=//localhost:8080/api/v0/components/provision-adapters/awx,age=0}
GET //localhost:8080/api/v0/components/provision-adapters/awx HTTP/1.1
User-Agent: ReactorNetty/0.9.7.RELEASE
Host: localhost:8080
Accept: */*
Authorization: Bearer


13:18:23.192 [qtp426008992-45] DEBUG org.eclipse.jetty.server.HttpConnection - HttpConnection@2657044e::NetworkTrafficSocketChannelEndPoint@1e08cabe{/127.0.0.1:64982<->/127.0.0.1:8080,OPEN,fill=-,flush=-,to=2/30000}{io=0/0,kio=0,kro=1}->HttpConnection@2657044e[p=HttpParser{s=CONTENT,0 of -1},g=HttpGenerator@7ed27700{s=START}]=>HttpChannelOverHttp@1dccebee{s=HttpChannelState@ab9a50e{s=IDLE rs=BLOCKING os=OPEN is=IDLE awp=false se=false i=true al=0},r=1,c=false/false,a=IDLE,uri=//localhost:8080/api/v0/components/provision-adapters/awx,age=1} parsed true HttpParser{s=CONTENT,0 of -1}
13:18:23.192 [qtp426008992-45] DEBUG org.eclipse.jetty.server.HttpConnection - releaseRequestBuffer HttpConnection@2657044e::NetworkTrafficSocketChannelEndPoint@1e08cabe{/127.0.0.1:64982<->/127.0.0.1:8080,OPEN,fill=-,flush=-,to=2/30000}{io=0/0,kio=0,kro=1}->HttpConnection@2657044e[p=HttpParser{s=CONTENT,0 of -1},g=HttpGenerator@7ed27700{s=START}]=>HttpChannelOverHttp@1dccebee{s=HttpChannelState@ab9a50e{s=IDLE rs=BLOCKING os=OPEN is=IDLE awp=false se=false i=true al=0},r=1,c=false/false,a=IDLE,uri=//localhost:8080/api/v0/components/provision-adapters/awx,age=1}
13:18:23.192 [qtp426008992-45] DEBUG org.eclipse.jetty.server.HttpChannel - handle //localhost:8080/api/v0/components/provision-adapters/awx HttpChannelOverHttp@1dccebee{s=HttpChannelState@ab9a50e{s=IDLE rs=BLOCKING os=OPEN is=IDLE awp=false se=false i=true al=0},r=1,c=false/false,a=IDLE,uri=//localhost:8080/api/v0/components/provision-adapters/awx,age=1} 
13:18:23.192 [qtp426008992-45] DEBUG org.eclipse.jetty.server.HttpChannelState - handling HttpChannelState@ab9a50e{s=IDLE rs=BLOCKING os=OPEN is=IDLE awp=false se=false i=true al=0}
13:18:23.193 [qtp426008992-45] DEBUG org.eclipse.jetty.server.HttpChannel - action DISPATCH HttpChannelOverHttp@1dccebee{s=HttpChannelState@ab9a50e{s=HANDLING rs=BLOCKING os=OPEN is=IDLE awp=false se=false i=true al=0},r=1,c=false/false,a=HANDLING,uri=//localhost:8080/api/v0/components/provision-adapters/awx,age=2}
13:18:23.193 [qtp426008992-45] DEBUG org.eclipse.jetty.server.Server - REQUEST GET /api/v0/components/provision-adapters/awx on HttpChannelOverHttp@1dccebee{s=HttpChannelState@ab9a50e{s=HANDLING rs=BLOCKING os=OPEN is=IDLE awp=false se=false i=true al=0},r=1,c=false/false,a=HANDLING,uri=//localhost:8080/api/v0/components/provision-adapters/awx,age=2}
13:18:23.193 [qtp426008992-45] DEBUG org.eclipse.jetty.server.handler.ContextHandler - scope null||/api/v0/components/provision-adapters/awx @ o.e.j.s.ServletContextHandler@5219ca04{/__admin,null,AVAILABLE}
13:18:23.193 [qtp426008992-45] DEBUG org.eclipse.jetty.server.handler.gzip.GzipHandler - GzipHandler@3867a06c{STARTED,min=32,inflate=-1} handle Request(GET //localhost:8080/api/v0/components/provision-adapters/awx)@59461192 in null
13:18:23.193 [qtp426008992-45] DEBUG org.eclipse.jetty.server.handler.ContextHandler - scope null||/api/v0/components/provision-adapters/awx @ o.e.j.s.ServletContextHandler@3ff531df{/,null,AVAILABLE}
13:18:23.193 [qtp426008992-45] DEBUG org.eclipse.jetty.server.handler.ContextHandler - context=||/api/v0/components/provision-adapters/awx @ o.e.j.s.ServletContextHandler@3ff531df{/,null,AVAILABLE}
13:18:23.193 [qtp426008992-45] DEBUG org.eclipse.jetty.servlet.ServletHandler - servlet |/api/v0/components/provision-adapters/awx|null -> com.github.tomakehurst.wiremock.servlet.WireMockHandlerDispatchingServlet-7be4ba4c@9f5184b6==com.github.tomakehurst.wiremock.servlet.WireMockHandlerDispatchingServlet,jsp=null,order=-1,inst=false,async=true
13:18:23.193 [qtp426008992-45] DEBUG org.eclipse.jetty.servlet.ServletHandler - chain=org.eclipse.jetty.servlets.CrossOriginFilter-1178684b@1178684b==org.eclipse.jetty.servlets.CrossOriginFilter,inst=true,async=true->com.github.tomakehurst.wiremock.servlet.WireMockHandlerDispatchingServlet-7be4ba4c@9f5184b6==com.github.tomakehurst.wiremock.servlet.WireMockHandlerDispatchingServlet,jsp=null,order=-1,inst=false,async=true
13:18:23.193 [qtp426008992-45] DEBUG org.eclipse.jetty.servlet.ServletHolder - Servlet.init com.github.tomakehurst.wiremock.servlet.WireMockHandlerDispatchingServlet@28339933 for com.github.tomakehurst.wiremock.servlet.WireMockHandlerDispatchingServlet-7be4ba4c
13:18:23.193 [qtp426008992-46] DEBUG org.eclipse.jetty.util.thread.QueuedThreadPool - run ReservedThreadExecutor@126c668c{s=0/1,p=1}@1c449c7e in QueuedThreadPool[qtp426008992]@196461a0{STARTED,8<=8<=14,i=1,r=1,q=0}[ReservedThreadExecutor@126c668c{s=0/1,p=1}]
13:18:23.194 [qtp426008992-45] INFO org.eclipse.jetty.server.handler.ContextHandler.ROOT - RequestHandlerClass from context returned com.github.tomakehurst.wiremock.http.StubRequestHandler. Normalized mapped under returned 'null'
13:18:23.194 [qtp426008992-46] DEBUG org.eclipse.jetty.util.thread.ReservedThreadExecutor - ReservedThreadExecutor@126c668c{s=1/1,p=1}@1c449c7e started
13:18:23.194 [qtp426008992-45] DEBUG org.eclipse.jetty.servlet.ServletHandler - call filter org.eclipse.jetty.servlets.CrossOriginFilter-1178684b@1178684b==org.eclipse.jetty.servlets.CrossOriginFilter,inst=true,async=true
13:18:23.194 [qtp426008992-46] DEBUG org.eclipse.jetty.util.thread.ReservedThreadExecutor - ReservedThreadExecutor@126c668c{s=1/1,p=0}@1c449c7e waiting
13:18:23.194 [qtp426008992-45] DEBUG org.eclipse.jetty.servlet.ServletHandler - call servlet com.github.tomakehurst.wiremock.servlet.WireMockHandlerDispatchingServlet-7be4ba4c@9f5184b6==com.github.tomakehurst.wiremock.servlet.WireMockHandlerDispatchingServlet,jsp=null,order=-1,inst=true,async=true
13:18:23.194 [qtp426008992-45] DEBUG org.eclipse.jetty.io.ChannelEndPoint - filled 0 HeapByteBuffer@a250024[p=0,l=0,c=8192,r=0]={<<<>>>GET /api/...\x00\x00\x00\x00\x00\x00\x00}
13:18:23.194 [qtp426008992-45] DEBUG org.eclipse.jetty.io.ChannelEndPoint - filled 0 HeapByteBuffer@a250024[p=0,l=0,c=8192,r=0]={<<<>>>GET /api/...\x00\x00\x00\x00\x00\x00\x00}
13:18:23.195 [qtp426008992-45] DEBUG org.eclipse.jetty.server.HttpConnection - HttpConnection@2657044e::NetworkTrafficSocketChannelEndPoint@1e08cabe{/127.0.0.1:64982<->/127.0.0.1:8080,OPEN,fill=-,flush=-,to=4/30000}{io=0/0,kio=0,kro=1}->HttpConnection@2657044e[p=HttpParser{s=CONTENT,0 of -1},g=HttpGenerator@7ed27700{s=START}]=>HttpChannelOverHttp@1dccebee{s=HttpChannelState@ab9a50e{s=HANDLING rs=BLOCKING os=OPEN is=IDLE awp=false se=false i=true al=0},r=1,c=false/false,a=HANDLING,uri=//localhost:8080/api/v0/components/provision-adapters/awx,age=3} filled 0 HeapByteBuffer@a250024[p=0,l=0,c=8192,r=0]={<<<>>>GET /api/...\x00\x00\x00\x00\x00\x00\x00}
13:18:23.195 [qtp426008992-45] DEBUG org.eclipse.jetty.server.HttpConnection - HttpConnection@2657044e::NetworkTrafficSocketChannelEndPoint@1e08cabe{/127.0.0.1:64982<->/127.0.0.1:8080,OPEN,fill=-,flush=-,to=5/30000}{io=0/0,kio=0,kro=1}->HttpConnection@2657044e[p=HttpParser{s=CONTENT,0 of -1},g=HttpGenerator@7ed27700{s=START}]=>HttpChannelOverHttp@1dccebee{s=HttpChannelState@ab9a50e{s=HANDLING rs=BLOCKING os=OPEN is=IDLE awp=false se=false i=true al=0},r=1,c=false/false,a=HANDLING,uri=//localhost:8080/api/v0/components/provision-adapters/awx,age=4} parse HeapByteBuffer@a250024[p=0,l=0,c=8192,r=0]={<<<>>>GET /api/...\x00\x00\x00\x00\x00\x00\x00} {}
13:18:23.195 [qtp426008992-45] DEBUG org.eclipse.jetty.http.HttpParser - parseNext s=CONTENT HeapByteBuffer@a250024[p=0,l=0,c=8192,r=0]={<<<>>>GET /api/...\x00\x00\x00\x00\x00\x00\x00}
13:18:23.195 [qtp426008992-45] DEBUG org.eclipse.jetty.http.HttpParser - CONTENT --> CONTENT_END
13:18:23.195 [qtp426008992-45] DEBUG org.eclipse.jetty.server.HttpChannel - onContentComplete HttpChannelOverHttp@1dccebee{s=HttpChannelState@ab9a50e{s=HANDLING rs=BLOCKING os=OPEN is=IDLE awp=false se=false i=true al=0},r=1,c=false/false,a=HANDLING,uri=//localhost:8080/api/v0/components/provision-adapters/awx,age=4}
13:18:23.195 [qtp426008992-45] DEBUG org.eclipse.jetty.http.HttpParser - CONTENT_END --> END
13:18:23.195 [qtp426008992-45] DEBUG org.eclipse.jetty.server.HttpChannel - onRequestComplete HttpChannelOverHttp@1dccebee{s=HttpChannelState@ab9a50e{s=HANDLING rs=BLOCKING os=OPEN is=IDLE awp=false se=false i=true al=0},r=1,c=false/false,a=HANDLING,uri=//localhost:8080/api/v0/components/provision-adapters/awx,age=4}
13:18:23.195 [qtp426008992-45] DEBUG org.eclipse.jetty.server.HttpInput - HttpInputOverHTTP@685569cf[c=0,q=0,[0]=null,s=STREAM] addContent EOF
13:18:23.195 [qtp426008992-45] DEBUG org.eclipse.jetty.server.HttpConnection - HttpConnection@2657044e::NetworkTrafficSocketChannelEndPoint@1e08cabe{/127.0.0.1:64982<->/127.0.0.1:8080,OPEN,fill=-,flush=-,to=5/30000}{io=0/0,kio=0,kro=1}->HttpConnection@2657044e[p=HttpParser{s=END,0 of -1},g=HttpGenerator@7ed27700{s=START}]=>HttpChannelOverHttp@1dccebee{s=HttpChannelState@ab9a50e{s=HANDLING rs=BLOCKING os=OPEN is=IDLE awp=false se=false i=true al=0},r=1,c=false/false,a=HANDLING,uri=//localhost:8080/api/v0/components/provision-adapters/awx,age=4} parsed false HttpParser{s=END,0 of -1}
13:18:23.195 [qtp426008992-45] DEBUG org.eclipse.jetty.server.HttpConnection - releaseRequestBuffer HttpConnection@2657044e::NetworkTrafficSocketChannelEndPoint@1e08cabe{/127.0.0.1:64982<->/127.0.0.1:8080,OPEN,fill=-,flush=-,to=5/30000}{io=0/0,kio=0,kro=1}->HttpConnection@2657044e[p=HttpParser{s=END,0 of -1},g=HttpGenerator@7ed27700{s=START}]=>HttpChannelOverHttp@1dccebee{s=HttpChannelState@ab9a50e{s=HANDLING rs=BLOCKING os=OPEN is=IDLE awp=false se=false i=true al=0},r=1,c=false/false,a=HANDLING,uri=//localhost:8080/api/v0/components/provision-adapters/awx,age=4}
13:18:23.195 [qtp426008992-45] DEBUG org.eclipse.jetty.server.HttpChannelState - onEof HttpChannelState@ab9a50e{s=HANDLING rs=BLOCKING os=OPEN is=IDLE awp=false se=false i=true al=0}
13:18:23.200 [qtp426008992-45] DEBUG org.eclipse.jetty.server.handler.gzip.GzipHttpOutputInterceptor - org.eclipse.jetty.server.handler.gzip.GzipHttpOutputInterceptor@50cabfd7 exclude by status 401
13:18:23.200 [qtp426008992-45] DEBUG org.eclipse.jetty.server.HttpChannel - sendResponse info=null content=HeapByteBuffer@137d328[p=0,l=0,c=0,r=0]={<<<>>>} complete=false committing=true callback=Blocker@3969eedd{null}
13:18:23.200 [qtp426008992-45] DEBUG org.eclipse.jetty.server.HttpChannel - COMMIT for /api/v0/components/provision-adapters/awx on HttpChannelOverHttp@1dccebee{s=HttpChannelState@ab9a50e{s=HANDLING rs=BLOCKING os=COMMITTED is=READY awp=false se=false i=true al=0},r=1,c=false/false,a=HANDLING,uri=//localhost:8080/api/v0/components/provision-adapters/awx,age=9}
401 null HTTP/1.1
Matched-Stub-Id: 9f3b9445-bf21-4453-a6e8-79ba3d4d83b2


13:18:23.201 [qtp426008992-45] DEBUG org.eclipse.jetty.server.HttpConnection - generate: NEED_HEADER for org.eclipse.jetty.server.HttpConnection$SendCallback@d2702c2[PROCESSING][i=HTTP/1.1{s=401,h=1,cl=-1},cb=org.eclipse.jetty.server.HttpChannel$SendCallback@4e7f09b8] (null,[p=0,l=0,c=0,r=0],false)@START
13:18:23.201 [qtp426008992-45] DEBUG org.eclipse.jetty.http.HttpGenerator - generateHeaders HTTP/1.1{s=401,h=1,cl=-1} last=false content=HeapByteBuffer@137d328[p=0,l=0,c=0,r=0]={<<<>>>}
13:18:23.201 [qtp426008992-45] DEBUG org.eclipse.jetty.http.HttpGenerator - Matched-Stub-Id: 9f3b9445-bf21-4453-a6e8-79ba3d4d83b2


13:18:23.201 [qtp426008992-45] DEBUG org.eclipse.jetty.http.HttpGenerator - CHUNKED_CONTENT
13:18:23.201 [qtp426008992-45] DEBUG org.eclipse.jetty.server.HttpConnection - generate: FLUSH for org.eclipse.jetty.server.HttpConnection$SendCallback@d2702c2[PROCESSING][i=HTTP/1.1{s=401,h=1,cl=-1},cb=org.eclipse.jetty.server.HttpChannel$SendCallback@4e7f09b8] ([p=0,l=145,c=8192,r=145],[p=0,l=0,c=0,r=0],false)@COMMITTED
13:18:23.201 [qtp426008992-45] DEBUG org.eclipse.jetty.io.WriteFlusher - write: WriteFlusher@4bce33a7{IDLE}->null [HeapByteBuffer@a250024[p=0,l=145,c=8192,r=145]={<<<HTTP/1.1 401 Unauthorized...y(9.4.28.v20200408)\r\n\r\n>>> Bearer \r...\x00\x00\x00\x00\x00\x00\x00}]
13:18:23.201 [qtp426008992-45] DEBUG org.eclipse.jetty.io.WriteFlusher - update WriteFlusher@4bce33a7{WRITING}->null:IDLE-->WRITING
13:18:23.201 [qtp426008992-45] DEBUG org.eclipse.jetty.io.ChannelEndPoint - flushed 145 NetworkTrafficSocketChannelEndPoint@1e08cabe{/127.0.0.1:64982<->/127.0.0.1:8080,OPEN,fill=-,flush=W,to=11/30000}{io=0/0,kio=0,kro=1}->HttpConnection@2657044e[p=HttpParser{s=END,0 of -1},g=HttpGenerator@7ed27700{s=COMMITTED}]=>HttpChannelOverHttp@1dccebee{s=HttpChannelState@ab9a50e{s=HANDLING rs=BLOCKING os=COMMITTED is=READY awp=false se=false i=true al=0},r=1,c=false/false,a=HANDLING,uri=//localhost:8080/api/v0/components/provision-adapters/awx,age=10}
13:18:23.201 [qtp426008992-45] DEBUG org.eclipse.jetty.io.WriteFlusher - Flushed=true written=145 remaining=0 WriteFlusher@4bce33a7{WRITING}->null
13:18:23.201 [qtp426008992-45] DEBUG org.eclipse.jetty.io.WriteFlusher - update WriteFlusher@4bce33a7{IDLE}->null:WRITING-->IDLE
13:18:23.201 [qtp426008992-45] DEBUG org.eclipse.jetty.server.HttpConnection - generate: DONE for org.eclipse.jetty.server.HttpConnection$SendCallback@d2702c2[PROCESSING][i=HTTP/1.1{s=401,h=1,cl=-1},cb=org.eclipse.jetty.server.HttpChannel$SendCallback@4e7f09b8] ([p=145,l=145,c=8192,r=0],[p=0,l=0,c=0,r=0],false)@COMMITTED
13:18:23.201 [qtp426008992-45] DEBUG org.eclipse.jetty.server.HttpOutput - onWriteComplete(false,null) s=OPEN,api=BLOCKED,sc=false,e=null->s=OPEN,api=BLOCKING,sc=false,e=null c=null cb=null w=false
13:18:23.201 [qtp426008992-45] DEBUG org.eclipse.jetty.server.HttpOutput - close() s=CLOSING,api=BLOCKED,sc=false,e=null c=HeapByteBuffer@137d328[p=0,l=0,c=0,r=0]={<<<>>>} b=Blocker@3969eedd{null}
13:18:23.201 [qtp426008992-45] DEBUG org.eclipse.jetty.server.HttpChannel - sendResponse info=null content=HeapByteBuffer@137d328[p=0,l=0,c=0,r=0]={<<<>>>} complete=true committing=false callback=Blocker@3969eedd{null}
13:18:23.202 [qtp426008992-45] DEBUG org.eclipse.jetty.server.HttpConnection - generate: CONTINUE for org.eclipse.jetty.server.HttpConnection$SendCallback@d2702c2[PROCESSING][i=null,cb=org.eclipse.jetty.server.HttpChannel$SendCallback@3d273305] (null,[p=0,l=0,c=0,r=0],true)@COMPLETING
13:18:23.202 [qtp426008992-45] DEBUG org.eclipse.jetty.server.HttpConnection - generate: NEED_CHUNK for org.eclipse.jetty.server.HttpConnection$SendCallback@d2702c2[PROCESSING][i=null,cb=org.eclipse.jetty.server.HttpChannel$SendCallback@3d273305] (null,[p=0,l=0,c=0,r=0],true)@COMPLETING
13:18:23.202 [qtp426008992-45] DEBUG org.eclipse.jetty.server.HttpConnection - generate: FLUSH for org.eclipse.jetty.server.HttpConnection$SendCallback@d2702c2[PROCESSING][i=null,cb=org.eclipse.jetty.server.HttpChannel$SendCallback@3d273305] (null,[p=0,l=0,c=0,r=0],true)@COMPLETING
13:18:23.202 [qtp426008992-45] DEBUG org.eclipse.jetty.io.WriteFlusher - write: WriteFlusher@4bce33a7{IDLE}->null [HeapByteBuffer@420070ff[p=0,l=5,c=1024,r=5]={<<<0\r\n\r\n>>>\r\n\x00\x00\x00\x00\x00\x00\x00...\x00\x00\x00\x00\x00\x00\x00}]
13:18:23.202 [qtp426008992-45] DEBUG org.eclipse.jetty.io.WriteFlusher - update WriteFlusher@4bce33a7{WRITING}->null:IDLE-->WRITING
13:18:23.202 [qtp426008992-45] DEBUG org.eclipse.jetty.io.ChannelEndPoint - flushed 5 NetworkTrafficSocketChannelEndPoint@1e08cabe{/127.0.0.1:64982<->/127.0.0.1:8080,OPEN,fill=-,flush=W,to=0/30000}{io=0/0,kio=0,kro=1}->HttpConnection@2657044e[p=HttpParser{s=END,0 of -1},g=HttpGenerator@7ed27700{s=COMPLETING}]=>HttpChannelOverHttp@1dccebee{s=HttpChannelState@ab9a50e{s=HANDLING rs=BLOCKING os=COMMITTED is=READY awp=false se=false i=true al=0},r=1,c=false/false,a=HANDLING,uri=//localhost:8080/api/v0/components/provision-adapters/awx,age=11}
13:18:23.202 [qtp426008992-45] DEBUG org.eclipse.jetty.io.WriteFlusher - Flushed=true written=5 remaining=0 WriteFlusher@4bce33a7{WRITING}->null
13:18:23.202 [qtp426008992-45] DEBUG org.eclipse.jetty.io.WriteFlusher - update WriteFlusher@4bce33a7{IDLE}->null:WRITING-->IDLE
13:18:23.202 [qtp426008992-45] DEBUG org.eclipse.jetty.server.HttpConnection - generate: DONE for org.eclipse.jetty.server.HttpConnection$SendCallback@d2702c2[PROCESSING][i=null,cb=org.eclipse.jetty.server.HttpChannel$SendCallback@3d273305] (null,[p=0,l=0,c=0,r=0],true)@END
13:18:23.202 [qtp426008992-45] DEBUG org.eclipse.jetty.server.HttpOutput - onWriteComplete(true,null) s=CLOSING,api=BLOCKED,sc=false,e=null->s=CLOSED,api=BLOCKING,sc=false,e=null c=null cb=null w=false
13:18:23.202 [qtp426008992-45] DEBUG org.eclipse.jetty.server.Server - handled=true async=false committed=true on HttpChannelOverHttp@1dccebee{s=HttpChannelState@ab9a50e{s=HANDLING rs=BLOCKING os=COMPLETED is=READY awp=false se=false i=true al=0},r=1,c=false/true,a=HANDLING,uri=//localhost:8080/api/v0/components/provision-adapters/awx,age=11}
13:18:23.202 [qtp426008992-45] DEBUG org.eclipse.jetty.server.HttpChannelState - unhandle HttpChannelState@ab9a50e{s=HANDLING rs=BLOCKING os=COMPLETED is=READY awp=false se=false i=true al=0}
13:18:23.202 [qtp426008992-45] DEBUG org.eclipse.jetty.server.HttpChannelState - nextAction(false) COMPLETE HttpChannelState@ab9a50e{s=HANDLING rs=COMPLETING os=COMPLETED is=READY awp=false se=false i=false al=0}
13:18:23.202 [qtp426008992-45] DEBUG org.eclipse.jetty.server.HttpChannel - action COMPLETE HttpChannelOverHttp@1dccebee{s=HttpChannelState@ab9a50e{s=HANDLING rs=COMPLETING os=COMPLETED is=READY awp=false se=false i=false al=0},r=1,c=false/true,a=HANDLING,uri=//localhost:8080/api/v0/components/provision-adapters/awx,age=11}
13:18:23.202 [qtp426008992-45] DEBUG org.eclipse.jetty.server.HttpOutput - complete(org.eclipse.jetty.util.Callback$4@8231771) s=CLOSED,api=BLOCKING,sc=false,e=null s=true e=null, c=null
13:18:23.202 [qtp426008992-45] DEBUG org.eclipse.jetty.server.HttpChannelState - completed HttpChannelState@ab9a50e{s=HANDLING rs=COMPLETING os=COMPLETED is=READY awp=false se=false i=false al=0}
13:18:23.202 [qtp426008992-45] DEBUG org.eclipse.jetty.server.HttpChannelState - unhandle HttpChannelState@ab9a50e{s=HANDLING rs=COMPLETED os=COMPLETED is=READY awp=false se=false i=false al=0}
13:18:23.203 [qtp426008992-45] DEBUG org.eclipse.jetty.server.HttpChannelState - nextAction(false) TERMINATED HttpChannelState@ab9a50e{s=IDLE rs=COMPLETED os=COMPLETED is=READY awp=false se=false i=false al=0}
13:18:23.203 [qtp426008992-45] DEBUG org.eclipse.jetty.server.HttpChannel - action TERMINATED HttpChannelOverHttp@1dccebee{s=HttpChannelState@ab9a50e{s=IDLE rs=COMPLETED os=COMPLETED is=READY awp=false se=false i=false al=0},r=1,c=true/true,a=IDLE,uri=//localhost:8080/api/v0/components/provision-adapters/awx,age=12}
13:18:23.203 [qtp426008992-45] DEBUG org.eclipse.jetty.server.HttpChannel - onCompleted for /api/v0/components/provision-adapters/awx written=0
13:18:23.203 [qtp426008992-45] DEBUG org.eclipse.jetty.server.HttpChannelState - recycle HttpChannelState@ab9a50e{s=IDLE rs=COMPLETED os=COMPLETED is=READY awp=false se=false i=false al=0}
13:18:23.203 [qtp426008992-45] DEBUG org.eclipse.jetty.http.HttpParser - reset HttpParser{s=END,0 of -1}
13:18:23.203 [qtp426008992-45] DEBUG org.eclipse.jetty.http.HttpParser - END --> START
13:18:23.203 [qtp426008992-45] DEBUG org.eclipse.jetty.server.HttpChannel - !handle TERMINATED HttpChannelOverHttp@1dccebee{s=HttpChannelState@ab9a50e{s=IDLE rs=BLOCKING os=OPEN is=IDLE awp=false se=false i=true al=0},r=1,c=false/false,a=IDLE,uri=null,age=0}
13:18:23.203 [qtp426008992-45] DEBUG org.eclipse.jetty.io.ChannelEndPoint - filled 0 HeapByteBuffer@a250024[p=0,l=0,c=8192,r=0]={<<<>>>HTTP/1.1 ...\x00\x00\x00\x00\x00\x00\x00}
13:18:23.203 [qtp426008992-45] DEBUG org.eclipse.jetty.io.ChannelEndPoint - filled 0 HeapByteBuffer@a250024[p=0,l=0,c=8192,r=0]={<<<>>>HTTP/1.1 ...\x00\x00\x00\x00\x00\x00\x00}
13:18:23.203 [qtp426008992-45] DEBUG org.eclipse.jetty.server.HttpConnection - HttpConnection@2657044e::NetworkTrafficSocketChannelEndPoint@1e08cabe{/127.0.0.1:64982<->/127.0.0.1:8080,OPEN,fill=-,flush=-,to=1/30000}{io=0/0,kio=0,kro=1}->HttpConnection@2657044e[p=HttpParser{s=START,0 of -1},g=HttpGenerator@7ed27700{s=START}]=>HttpChannelOverHttp@1dccebee{s=HttpChannelState@ab9a50e{s=IDLE rs=BLOCKING os=OPEN is=IDLE awp=false se=false i=true al=0},r=1,c=false/false,a=IDLE,uri=null,age=0} filled 0 HeapByteBuffer@a250024[p=0,l=0,c=8192,r=0]={<<<>>>HTTP/1.1 ...\x00\x00\x00\x00\x00\x00\x00}
13:18:23.203 [qtp426008992-45] DEBUG org.eclipse.jetty.server.HttpConnection - HttpConnection@2657044e::NetworkTrafficSocketChannelEndPoint@1e08cabe{/127.0.0.1:64982<->/127.0.0.1:8080,OPEN,fill=-,flush=-,to=1/30000}{io=0/0,kio=0,kro=1}->HttpConnection@2657044e[p=HttpParser{s=START,0 of -1},g=HttpGenerator@7ed27700{s=START}]=>HttpChannelOverHttp@1dccebee{s=HttpChannelState@ab9a50e{s=IDLE rs=BLOCKING os=OPEN is=IDLE awp=false se=false i=true al=0},r=1,c=false/false,a=IDLE,uri=null,age=0} parse HeapByteBuffer@a250024[p=0,l=0,c=8192,r=0]={<<<>>>HTTP/1.1 ...\x00\x00\x00\x00\x00\x00\x00} {}
13:18:23.203 [qtp426008992-45] DEBUG org.eclipse.jetty.http.HttpParser - parseNext s=START HeapByteBuffer@a250024[p=0,l=0,c=8192,r=0]={<<<>>>HTTP/1.1 ...\x00\x00\x00\x00\x00\x00\x00}
13:18:23.203 [qtp426008992-45] DEBUG org.eclipse.jetty.server.HttpConnection - HttpConnection@2657044e::NetworkTrafficSocketChannelEndPoint@1e08cabe{/127.0.0.1:64982<->/127.0.0.1:8080,OPEN,fill=-,flush=-,to=1/30000}{io=0/0,kio=0,kro=1}->HttpConnection@2657044e[p=HttpParser{s=START,0 of -1},g=HttpGenerator@7ed27700{s=START}]=>HttpChannelOverHttp@1dccebee{s=HttpChannelState@ab9a50e{s=IDLE rs=BLOCKING os=OPEN is=IDLE awp=false se=false i=true al=0},r=1,c=false/false,a=IDLE,uri=null,age=0} parsed false HttpParser{s=START,0 of -1}
13:18:23.203 [qtp426008992-45] DEBUG org.eclipse.jetty.server.HttpConnection - releaseRequestBuffer HttpConnection@2657044e::NetworkTrafficSocketChannelEndPoint@1e08cabe{/127.0.0.1:64982<->/127.0.0.1:8080,OPEN,fill=-,flush=-,to=1/30000}{io=0/0,kio=0,kro=1}->HttpConnection@2657044e[p=HttpParser{s=START,0 of -1},g=HttpGenerator@7ed27700{s=START}]=>HttpChannelOverHttp@1dccebee{s=HttpChannelState@ab9a50e{s=IDLE rs=BLOCKING os=OPEN is=IDLE awp=false se=false i=true al=0},r=1,c=false/false,a=IDLE,uri=null,age=0}
13:18:23.203 [qtp426008992-45] DEBUG org.eclipse.jetty.io.AbstractConnection - fillInterested HttpConnection@2657044e::NetworkTrafficSocketChannelEndPoint@1e08cabe{/127.0.0.1:64982<->/127.0.0.1:8080,OPEN,fill=-,flush=-,to=1/30000}{io=0/0,kio=0,kro=1}->HttpConnection@2657044e[p=HttpParser{s=START,0 of -1},g=HttpGenerator@7ed27700{s=START}]=>HttpChannelOverHttp@1dccebee{s=HttpChannelState@ab9a50e{s=IDLE rs=BLOCKING os=OPEN is=IDLE awp=false se=false i=true al=0},r=1,c=false/false,a=IDLE,uri=null,age=0}
13:18:23.204 [qtp426008992-45] DEBUG org.eclipse.jetty.io.FillInterest - interested FillInterest@43b70af{AC.ReadCB@2657044e{HttpConnection@2657044e::NetworkTrafficSocketChannelEndPoint@1e08cabe{/127.0.0.1:64982<->/127.0.0.1:8080,OPEN,fill=FI,flush=-,to=0/30000}{io=0/0,kio=0,kro=1}->HttpConnection@2657044e[p=HttpParser{s=START,0 of -1},g=HttpGenerator@7ed27700{s=START}]=>HttpChannelOverHttp@1dccebee{s=HttpChannelState@ab9a50e{s=IDLE rs=BLOCKING os=OPEN is=IDLE awp=false se=false i=true al=0},r=1,c=false/false,a=IDLE,uri=null,age=0}}}
13:18:23.204 [qtp426008992-45] DEBUG org.eclipse.jetty.io.ChannelEndPoint - changeInterests p=false 0->1 for NetworkTrafficSocketChannelEndPoint@1e08cabe{/127.0.0.1:64982<->/127.0.0.1:8080,OPEN,fill=FI,flush=-,to=0/30000}{io=0/1,kio=0,kro=1}->HttpConnection@2657044e[p=HttpParser{s=START,0 of -1},g=HttpGenerator@7ed27700{s=START}]=>HttpChannelOverHttp@1dccebee{s=HttpChannelState@ab9a50e{s=IDLE rs=BLOCKING os=OPEN is=IDLE awp=false se=false i=true al=0},r=1,c=false/false,a=IDLE,uri=null,age=0}
13:18:23.204 [qtp426008992-45] DEBUG org.eclipse.jetty.io.ManagedSelector - Queued change org.eclipse.jetty.io.ChannelEndPoint$1@43ed34f3 on ManagedSelector@4453c158{STARTED} id=0 keys=1 selected=0 updates=0
13:18:23.204 [qtp426008992-45] DEBUG org.eclipse.jetty.io.ManagedSelector - Wakeup on submit ManagedSelector@4453c158{STARTED} id=0 keys=1 selected=0 updates=1
13:18:23.204 [qtp426008992-45] DEBUG org.eclipse.jetty.server.HttpConnection - HttpConnection@2657044e::NetworkTrafficSocketChannelEndPoint@1e08cabe{/127.0.0.1:64982<->/127.0.0.1:8080,OPEN,fill=FI,flush=-,to=0/30000}{io=0/1,kio=0,kro=1}->HttpConnection@2657044e[p=HttpParser{s=START,0 of -1},g=HttpGenerator@7ed27700{s=START}]=>HttpChannelOverHttp@1dccebee{s=HttpChannelState@ab9a50e{s=IDLE rs=BLOCKING os=OPEN is=IDLE awp=false se=false i=true al=0},r=1,c=false/false,a=IDLE,uri=null,age=0} onFillable exit HttpChannelState@ab9a50e{s=IDLE rs=BLOCKING os=OPEN is=IDLE awp=false se=false i=true al=0} null
13:18:23.204 [qtp426008992-52] DEBUG org.eclipse.jetty.io.ManagedSelector - Selector sun.nio.ch.WindowsSelectorImpl@16bcf70e woken with none selected
13:18:23.204 [qtp426008992-52] DEBUG org.eclipse.jetty.io.ManagedSelector - Selector sun.nio.ch.WindowsSelectorImpl@16bcf70e woken up from select, 0/0/1 selected
13:18:23.204 [qtp426008992-52] DEBUG org.eclipse.jetty.io.ManagedSelector - Selector sun.nio.ch.WindowsSelectorImpl@16bcf70e processing 0 keys, 1 updates
13:18:23.204 [qtp426008992-52] DEBUG org.eclipse.jetty.io.ManagedSelector - updateable 1
13:18:23.204 [qtp426008992-52] DEBUG org.eclipse.jetty.io.ManagedSelector - update org.eclipse.jetty.io.ChannelEndPoint$1@43ed34f3
13:18:23.204 [reactor-http-nio-2] DEBUG reactor.netty.http.client.HttpClientOperations - [id: 0xc0251bc0, L:/127.0.0.1:64982 - R:localhost/127.0.0.1:8080] Received response (auto-read:false) : [Matched-Stub-Id=9f3b9445-bf21-4453-a6e8-79ba3d4d83b2, Transfer-Encoding=chunked, Server=Jetty(9.4.28.v20200408)]
13:18:23.204 [qtp426008992-52] DEBUG org.eclipse.jetty.io.ChannelEndPoint - Key interests updated 0 -> 1 on NetworkTrafficSocketChannelEndPoint@1e08cabe{/127.0.0.1:64982<->/127.0.0.1:8080,OPEN,fill=FI,flush=-,to=0/30000}{io=1/1,kio=1,kro=1}->HttpConnection@2657044e[p=HttpParser{s=START,0 of -1},g=HttpGenerator@7ed27700{s=START}]=>HttpChannelOverHttp@1dccebee{s=HttpChannelState@ab9a50e{s=IDLE rs=BLOCKING os=OPEN is=IDLE awp=false se=false i=true al=0},r=1,c=false/false,a=IDLE,uri=null,age=0}
13:18:23.204 [reactor-http-nio-2] DEBUG reactor.netty.resources.PooledConnectionProvider - [id: 0xc0251bc0, L:/127.0.0.1:64982 - R:localhost/127.0.0.1:8080] onStateChange(GET{uri=/api/v0/components/provision-adapters/awx, connection=PooledConnection{channel=[id: 0xc0251bc0, L:/127.0.0.1:64982 - R:localhost/127.0.0.1:8080]}}, [response_received])
13:18:23.204 [qtp426008992-52] DEBUG org.eclipse.jetty.io.ManagedSelector - updates 0
13:18:23.204 [qtp426008992-52] DEBUG org.eclipse.jetty.io.ManagedSelector - Selector sun.nio.ch.WindowsSelectorImpl@16bcf70e waiting with 1 keys
13:18:23.205 [reactor-http-nio-2] DEBUG org.springframework.web.reactive.function.client.ExchangeFunctions - [5776e38e] Response 401 UNAUTHORIZED
13:18:23.205 [reactor-http-nio-2] DEBUG reactor.netty.channel.FluxReceive - [id: 0xc0251bc0, L:/127.0.0.1:64982 - R:localhost/127.0.0.1:8080] Subscribing inbound receiver [pending: 0, cancelled:false, inboundDone: false]
13:18:23.206 [reactor-http-nio-2] DEBUG reactor.netty.http.client.HttpClientOperations - [id: 0xc0251bc0, L:/127.0.0.1:64982 - R:localhost/127.0.0.1:8080] Received last HTTP packet
13:18:23.206 [qtp426008992-45] DEBUG org.eclipse.jetty.util.thread.QueuedThreadPool - ran org.eclipse.jetty.io.ManagedSelector$$Lambda$425/0x00000001005fc040@125d8521 in QueuedThreadPool[qtp426008992]@196461a0{STARTED,8<=8<=14,i=1,r=1,q=0}[ReservedThreadExecutor@126c668c{s=1/1,p=0}]
13:18:23.208 [reactor-http-nio-2] INFO com.bi.edp.catalog.adapter.provision_adapters.ProvisionAdaptersClient - ProvisionAdaptersClient unauthorized, trying to log in
13:18:23.210 [reactor-http-nio-2] DEBUG org.springframework.web.reactive.function.client.ExchangeFunctions - [20834564] HTTP POST http://localhost:8080/api/v0/components/login
13:18:23.211 [reactor-http-nio-2] DEBUG reactor.netty.resources.PooledConnectionProvider - [id: 0x1fcc8038] Created a new pooled channel, now 2 active connections and 0 inactive connections
13:18:23.211 [reactor-http-nio-2] DEBUG reactor.netty.channel.BootstrapHandlers - [id: 0x1fcc8038] Initialized pipeline DefaultChannelPipeline{(BootstrapHandlers$BootstrapInitializerHandler#0 = reactor.netty.channel.BootstrapHandlers$BootstrapInitializerHandler), (PooledConnectionProvider$PooledConnectionAllocator$PooledConnectionInitializer#0 = reactor.netty.resources.PooledConnectionProvider$PooledConnectionAllocator$PooledConnectionInitializer), (reactor.left.httpCodec = io.netty.handler.codec.http.HttpClientCodec), (reactor.right.reactiveBridge = reactor.netty.channel.ChannelOperationsHandler)}
13:18:23.211 [reactor-http-nio-2] DEBUG reactor.netty.resources.PooledConnectionProvider - [id: 0xc0251bc0, L:/127.0.0.1:64982 - R:localhost/127.0.0.1:8080] onStateChange(GET{uri=/api/v0/components/provision-adapters/awx, connection=PooledConnection{channel=[id: 0xc0251bc0, L:/127.0.0.1:64982 - R:localhost/127.0.0.1:8080]}}, [response_completed])
13:18:23.211 [reactor-http-nio-2] DEBUG reactor.netty.ReactorNetty - [id: 0xc0251bc0, L:/127.0.0.1:64982 - R:localhost/127.0.0.1:8080] Removed handler: ReadTimeoutHandler, pipeline: DefaultChannelPipeline{(reactor.left.httpCodec = io.netty.handler.codec.http.HttpClientCodec), (WriteTimeoutHandler = io.netty.handler.timeout.WriteTimeoutHandler), (reactor.right.reactiveBridge = reactor.netty.channel.ChannelOperationsHandler)}
13:18:23.211 [reactor-http-nio-2] DEBUG reactor.netty.ReactorNetty - [id: 0xc0251bc0, L:/127.0.0.1:64982 - R:localhost/127.0.0.1:8080] Removed handler: WriteTimeoutHandler, pipeline: DefaultChannelPipeline{(reactor.left.httpCodec = io.netty.handler.codec.http.HttpClientCodec), (reactor.right.reactiveBridge = reactor.netty.channel.ChannelOperationsHandler)}
13:18:23.211 [reactor-http-nio-2] DEBUG reactor.netty.resources.PooledConnectionProvider - [id: 0xc0251bc0, L:/127.0.0.1:64982 - R:localhost/127.0.0.1:8080] onStateChange(GET{uri=/api/v0/components/provision-adapters/awx, connection=PooledConnection{channel=[id: 0xc0251bc0, L:/127.0.0.1:64982 - R:localhost/127.0.0.1:8080]}}, [disconnecting])
13:18:23.211 [reactor-http-nio-2] DEBUG reactor.netty.resources.PooledConnectionProvider - [id: 0xc0251bc0, L:/127.0.0.1:64982 - R:localhost/127.0.0.1:8080] Releasing channel
13:18:23.212 [reactor-http-nio-2] DEBUG reactor.netty.resources.PooledConnectionProvider - [id: 0xc0251bc0, L:/127.0.0.1:64982 - R:localhost/127.0.0.1:8080] Channel cleaned, now 1 active connections and 1 inactive connections
13:18:23.213 [reactor-http-nio-2] DEBUG reactor.netty.resources.PooledConnectionProvider - [id: 0x1fcc8038, L:/127.0.0.1:64983 - R:localhost/127.0.0.1:8080] Registering pool release on close event for channel
13:18:23.213 [reactor-http-nio-2] DEBUG reactor.netty.resources.PooledConnectionProvider - [id: 0x1fcc8038, L:/127.0.0.1:64983 - R:localhost/127.0.0.1:8080] Channel connected, now 1 active connections and 1 inactive connections
13:18:23.213 [reactor-http-nio-2] DEBUG reactor.netty.resources.PooledConnectionProvider - [id: 0x1fcc8038, L:/127.0.0.1:64983 - R:localhost/127.0.0.1:8080] onStateChange(PooledConnection{channel=[id: 0x1fcc8038, L:/127.0.0.1:64983 - R:localhost/127.0.0.1:8080]}, [connected])
13:18:23.213 [reactor-http-nio-2] DEBUG reactor.netty.resources.PooledConnectionProvider - [id: 0x1fcc8038, L:/127.0.0.1:64983 - R:localhost/127.0.0.1:8080] onStateChange(GET{uri=/, connection=PooledConnection{channel=[id: 0x1fcc8038, L:/127.0.0.1:64983 - R:localhost/127.0.0.1:8080]}}, [configured])
13:18:23.213 [reactor-http-nio-2] DEBUG reactor.netty.ReactorNetty - [id: 0x1fcc8038, L:/127.0.0.1:64983 - R:localhost/127.0.0.1:8080] Added decoder [ReadTimeoutHandler] at the end of the user pipeline, full pipeline: [reactor.left.httpCodec, ReadTimeoutHandler, reactor.right.reactiveBridge, DefaultChannelPipeline$TailContext#0]
13:18:23.213 [reactor-http-nio-2] DEBUG reactor.netty.ReactorNetty - [id: 0x1fcc8038, L:/127.0.0.1:64983 - R:localhost/127.0.0.1:8080] Added decoder [WriteTimeoutHandler] at the end of the user pipeline, full pipeline: [reactor.left.httpCodec, ReadTimeoutHandler, WriteTimeoutHandler, reactor.right.reactiveBridge, DefaultChannelPipeline$TailContext#0]
13:18:23.213 [reactor-http-nio-2] DEBUG reactor.netty.http.client.HttpClientConnect - [id: 0x1fcc8038, L:/127.0.0.1:64983 - R:localhost/127.0.0.1:8080] Handler is being applied: {uri=http://localhost:8080/api/v0/components/login, method=POST}
13:18:23.213 [reactor-http-nio-2] DEBUG reactor.netty.resources.PooledConnectionProvider - [id: 0x1fcc8038, L:/127.0.0.1:64983 - R:localhost/127.0.0.1:8080] onStateChange(POST{uri=/api/v0/components/login, connection=PooledConnection{channel=[id: 0x1fcc8038, L:/127.0.0.1:64983 - R:localhost/127.0.0.1:8080]}}, [request_prepared])
13:18:23.214 [reactor-http-nio-2] DEBUG org.springframework.core.codec.CharSequenceEncoder - [20834564] Writing "{"password":"123456","username":"catalogClientApi"}"
13:18:23.215 [reactor-http-nio-2] DEBUG reactor.netty.resources.PooledConnectionProvider - [id: 0x1fcc8038, L:/127.0.0.1:64983 - R:localhost/127.0.0.1:8080] onStateChange(POST{uri=/api/v0/components/login, connection=PooledConnection{channel=[id: 0x1fcc8038, L:/127.0.0.1:64983 - R:localhost/127.0.0.1:8080]}}, [request_sent])
13:18:23.217 [qtp426008992-48-acceptor-1@506f3059-NetworkTrafficServerConnector@7933a262{HTTP/1.1, (http/1.1)}{0.0.0.0:8080}] DEBUG org.eclipse.jetty.io.ManagedSelector - Queued change org.eclipse.jetty.io.ManagedSelector$Accept@3ddc0444 on ManagedSelector@48ded463{STARTED} id=1 keys=1 selected=0 updates=0
13:18:23.217 [qtp426008992-48-acceptor-1@506f3059-NetworkTrafficServerConnector@7933a262{HTTP/1.1, (http/1.1)}{0.0.0.0:8080}] DEBUG org.eclipse.jetty.io.ManagedSelector - Wakeup on submit ManagedSelector@48ded463{STARTED} id=1 keys=1 selected=0 updates=1
13:18:23.217 [qtp426008992-50] DEBUG org.eclipse.jetty.io.ManagedSelector - Selector sun.nio.ch.WindowsSelectorImpl@25487540 woken with none selected
13:18:23.217 [qtp426008992-50] DEBUG org.eclipse.jetty.io.ManagedSelector - Selector sun.nio.ch.WindowsSelectorImpl@25487540 woken up from select, 0/0/1 selected
13:18:23.217 [qtp426008992-50] DEBUG org.eclipse.jetty.io.ManagedSelector - Selector sun.nio.ch.WindowsSelectorImpl@25487540 processing 0 keys, 1 updates
13:18:23.217 [qtp426008992-50] DEBUG org.eclipse.jetty.io.ManagedSelector - updateable 1
13:18:23.217 [qtp426008992-50] DEBUG org.eclipse.jetty.io.ManagedSelector - update org.eclipse.jetty.io.ManagedSelector$Accept@3ddc0444
13:18:23.218 [qtp426008992-50] DEBUG org.eclipse.jetty.util.thread.QueuedThreadPool - queue org.eclipse.jetty.io.ManagedSelector$Accept@3ddc0444 startThread=0
13:18:23.218 [qtp426008992-50] DEBUG org.eclipse.jetty.io.ManagedSelector - updates 0
13:18:23.218 [qtp426008992-50] DEBUG org.eclipse.jetty.io.ManagedSelector - Selector sun.nio.ch.WindowsSelectorImpl@25487540 waiting with 2 keys
13:18:23.218 [qtp426008992-51] DEBUG org.eclipse.jetty.util.thread.QueuedThreadPool - run org.eclipse.jetty.io.ManagedSelector$Accept@3ddc0444 in QueuedThreadPool[qtp426008992]@196461a0{STARTED,8<=8<=14,i=1,r=1,q=0}[ReservedThreadExecutor@126c668c{s=1/1,p=0}]
13:18:23.218 [qtp426008992-51] DEBUG org.eclipse.jetty.io.IdleTimeout - NetworkTrafficSocketChannelEndPoint@5d863db4{/127.0.0.1:64983<->/127.0.0.1:8080,OPEN,fill=-,flush=-,to=0/30000}{io=0/0,kio=0,kro=0}-><null> idle timeout check, elapsed: 0 ms, remaining: 30000 ms
13:18:23.218 [qtp426008992-51] DEBUG org.eclipse.jetty.server.HttpChannel - new HttpChannelOverHttp@30012b73{s=HttpChannelState@6f608bd4{s=IDLE rs=BLOCKING os=OPEN is=IDLE awp=false se=false i=true al=0},r=0,c=false/false,a=IDLE,uri=null,age=0} -> NetworkTrafficSocketChannelEndPoint@5d863db4{/127.0.0.1:64983<->/127.0.0.1:8080,OPEN,fill=-,flush=-,to=0/30000}{io=0/0,kio=0,kro=0}-><null>,null,HttpChannelState@6f608bd4{s=IDLE rs=BLOCKING os=OPEN is=IDLE awp=false se=false i=true al=0}
13:18:23.218 [qtp426008992-51] DEBUG org.eclipse.jetty.server.HttpConnection - New HTTP Connection HttpConnection@45006067::NetworkTrafficSocketChannelEndPoint@5d863db4{/127.0.0.1:64983<->/127.0.0.1:8080,OPEN,fill=-,flush=-,to=0/30000}{io=0/0,kio=0,kro=0}-><null>
13:18:23.219 [qtp426008992-51] DEBUG org.eclipse.jetty.io.AbstractEndPoint - onOpen NetworkTrafficSocketChannelEndPoint@5d863db4{/127.0.0.1:64983<->/127.0.0.1:8080,OPEN,fill=-,flush=-,to=0/30000}{io=0/0,kio=0,kro=0}->HttpConnection@45006067[p=HttpParser{s=START,0 of -1},g=HttpGenerator@29079eee{s=START}]=>HttpChannelOverHttp@30012b73{s=HttpChannelState@6f608bd4{s=IDLE rs=BLOCKING os=OPEN is=IDLE awp=false se=false i=true al=0},r=0,c=false/false,a=IDLE,uri=null,age=0}
13:18:23.219 [qtp426008992-51] DEBUG org.eclipse.jetty.io.AbstractConnection - onOpen HttpConnection@45006067::NetworkTrafficSocketChannelEndPoint@5d863db4{/127.0.0.1:64983<->/127.0.0.1:8080,OPEN,fill=-,flush=-,to=0/30000}{io=0/0,kio=0,kro=0}->HttpConnection@45006067[p=HttpParser{s=START,0 of -1},g=HttpGenerator@29079eee{s=START}]=>HttpChannelOverHttp@30012b73{s=HttpChannelState@6f608bd4{s=IDLE rs=BLOCKING os=OPEN is=IDLE awp=false se=false i=true al=0},r=0,c=false/false,a=IDLE,uri=null,age=0}
13:18:23.219 [qtp426008992-51] DEBUG org.eclipse.jetty.io.AbstractConnection - fillInterested HttpConnection@45006067::NetworkTrafficSocketChannelEndPoint@5d863db4{/127.0.0.1:64983<->/127.0.0.1:8080,OPEN,fill=-,flush=-,to=0/30000}{io=0/0,kio=0,kro=0}->HttpConnection@45006067[p=HttpParser{s=START,0 of -1},g=HttpGenerator@29079eee{s=START}]=>HttpChannelOverHttp@30012b73{s=HttpChannelState@6f608bd4{s=IDLE rs=BLOCKING os=OPEN is=IDLE awp=false se=false i=true al=0},r=0,c=false/false,a=IDLE,uri=null,age=0}
13:18:23.219 [qtp426008992-51] DEBUG org.eclipse.jetty.io.FillInterest - interested FillInterest@10e4720e{AC.ReadCB@45006067{HttpConnection@45006067::NetworkTrafficSocketChannelEndPoint@5d863db4{/127.0.0.1:64983<->/127.0.0.1:8080,OPEN,fill=FI,flush=-,to=0/30000}{io=0/0,kio=0,kro=0}->HttpConnection@45006067[p=HttpParser{s=START,0 of -1},g=HttpGenerator@29079eee{s=START}]=>HttpChannelOverHttp@30012b73{s=HttpChannelState@6f608bd4{s=IDLE rs=BLOCKING os=OPEN is=IDLE awp=false se=false i=true al=0},r=0,c=false/false,a=IDLE,uri=null,age=0}}}
13:18:23.219 [qtp426008992-51] DEBUG org.eclipse.jetty.io.ChannelEndPoint - changeInterests p=false 0->1 for NetworkTrafficSocketChannelEndPoint@5d863db4{/127.0.0.1:64983<->/127.0.0.1:8080,OPEN,fill=FI,flush=-,to=0/30000}{io=0/1,kio=0,kro=0}->HttpConnection@45006067[p=HttpParser{s=START,0 of -1},g=HttpGenerator@29079eee{s=START}]=>HttpChannelOverHttp@30012b73{s=HttpChannelState@6f608bd4{s=IDLE rs=BLOCKING os=OPEN is=IDLE awp=false se=false i=true al=0},r=0,c=false/false,a=IDLE,uri=null,age=0}
13:18:23.219 [qtp426008992-51] DEBUG org.eclipse.jetty.io.ManagedSelector - Queued change org.eclipse.jetty.io.ChannelEndPoint$1@7bb175ed on ManagedSelector@48ded463{STARTED} id=1 keys=2 selected=0 updates=0
13:18:23.219 [qtp426008992-51] DEBUG org.eclipse.jetty.io.ManagedSelector - Wakeup on submit ManagedSelector@48ded463{STARTED} id=1 keys=2 selected=0 updates=1
13:18:23.219 [qtp426008992-50] DEBUG org.eclipse.jetty.io.ManagedSelector - Selector sun.nio.ch.WindowsSelectorImpl@25487540 woken with none selected
13:18:23.219 [qtp426008992-51] DEBUG org.eclipse.jetty.io.ManagedSelector - Created NetworkTrafficSocketChannelEndPoint@5d863db4{/127.0.0.1:64983<->/127.0.0.1:8080,OPEN,fill=FI,flush=-,to=0/30000}{io=0/1,kio=0,kro=0}->HttpConnection@45006067[p=HttpParser{s=START,0 of -1},g=HttpGenerator@29079eee{s=START}]=>HttpChannelOverHttp@30012b73{s=HttpChannelState@6f608bd4{s=IDLE rs=BLOCKING os=OPEN is=IDLE awp=false se=false i=true al=0},r=0,c=false/false,a=IDLE,uri=null,age=0}
13:18:23.219 [qtp426008992-50] DEBUG org.eclipse.jetty.io.ManagedSelector - Selector sun.nio.ch.WindowsSelectorImpl@25487540 woken up from select, 0/0/2 selected
13:18:23.219 [qtp426008992-50] DEBUG org.eclipse.jetty.io.ManagedSelector - Selector sun.nio.ch.WindowsSelectorImpl@25487540 processing 0 keys, 1 updates
13:18:23.219 [qtp426008992-50] DEBUG org.eclipse.jetty.io.ManagedSelector - updateable 1
13:18:23.219 [qtp426008992-51] DEBUG org.eclipse.jetty.util.thread.QueuedThreadPool - ran org.eclipse.jetty.io.ManagedSelector$Accept@3ddc0444 in QueuedThreadPool[qtp426008992]@196461a0{STARTED,8<=8<=14,i=1,r=1,q=0}[ReservedThreadExecutor@126c668c{s=1/1,p=0}]
13:18:23.219 [qtp426008992-50] DEBUG org.eclipse.jetty.io.ManagedSelector - update org.eclipse.jetty.io.ChannelEndPoint$1@7bb175ed
13:18:23.219 [qtp426008992-50] DEBUG org.eclipse.jetty.io.ChannelEndPoint - Key interests updated 0 -> 1 on NetworkTrafficSocketChannelEndPoint@5d863db4{/127.0.0.1:64983<->/127.0.0.1:8080,OPEN,fill=FI,flush=-,to=0/30000}{io=1/1,kio=1,kro=0}->HttpConnection@45006067[p=HttpParser{s=START,0 of -1},g=HttpGenerator@29079eee{s=START}]=>HttpChannelOverHttp@30012b73{s=HttpChannelState@6f608bd4{s=IDLE rs=BLOCKING os=OPEN is=IDLE awp=false se=false i=true al=0},r=0,c=false/false,a=IDLE,uri=null,age=0}
13:18:23.220 [qtp426008992-50] DEBUG org.eclipse.jetty.io.ManagedSelector - updates 0
13:18:23.220 [qtp426008992-50] DEBUG org.eclipse.jetty.io.ManagedSelector - Selector sun.nio.ch.WindowsSelectorImpl@25487540 waiting with 2 keys
13:18:23.220 [qtp426008992-50] DEBUG org.eclipse.jetty.io.ManagedSelector - Selector sun.nio.ch.WindowsSelectorImpl@25487540 woken up from select, 1/1/2 selected
13:18:23.220 [qtp426008992-50] DEBUG org.eclipse.jetty.io.ManagedSelector - Selector sun.nio.ch.WindowsSelectorImpl@25487540 processing 1 keys, 0 updates
13:18:23.220 [qtp426008992-50] DEBUG org.eclipse.jetty.io.ManagedSelector - selected 1 channel=java.nio.channels.SocketChannel[connected local=/127.0.0.1:8080 remote=/127.0.0.1:64983], selector=sun.nio.ch.WindowsSelectorImpl@25487540, interestOps=1, readyOps=1 NetworkTrafficSocketChannelEndPoint@5d863db4{/127.0.0.1:64983<->/127.0.0.1:8080,OPEN,fill=FI,flush=-,to=0/30000}{io=1/1,kio=1,kro=1}->HttpConnection@45006067[p=HttpParser{s=START,0 of -1},g=HttpGenerator@29079eee{s=START}]=>HttpChannelOverHttp@30012b73{s=HttpChannelState@6f608bd4{s=IDLE rs=BLOCKING os=OPEN is=IDLE awp=false se=false i=true al=0},r=0,c=false/false,a=IDLE,uri=null,age=0} 
13:18:23.220 [qtp426008992-50] DEBUG org.eclipse.jetty.io.ChannelEndPoint - onSelected 1->0 r=true w=false for NetworkTrafficSocketChannelEndPoint@5d863db4{/127.0.0.1:64983<->/127.0.0.1:8080,OPEN,fill=FI,flush=-,to=1/30000}{io=1/0,kio=1,kro=1}->HttpConnection@45006067[p=HttpParser{s=START,0 of -1},g=HttpGenerator@29079eee{s=START}]=>HttpChannelOverHttp@30012b73{s=HttpChannelState@6f608bd4{s=IDLE rs=BLOCKING os=OPEN is=IDLE awp=false se=false i=true al=0},r=0,c=false/false,a=IDLE,uri=null,age=0}
13:18:23.220 [qtp426008992-50] DEBUG org.eclipse.jetty.io.ChannelEndPoint - task CEP:NetworkTrafficSocketChannelEndPoint@5d863db4{/127.0.0.1:64983<->/127.0.0.1:8080,OPEN,fill=FI,flush=-,to=1/30000}{io=1/0,kio=1,kro=1}->HttpConnection@45006067[p=HttpParser{s=START,0 of -1},g=HttpGenerator@29079eee{s=START}]=>HttpChannelOverHttp@30012b73{s=HttpChannelState@6f608bd4{s=IDLE rs=BLOCKING os=OPEN is=IDLE awp=false se=false i=true al=0},r=0,c=false/false,a=IDLE,uri=null,age=0}:runFillable:BLOCKING
13:18:23.220 [qtp426008992-50] DEBUG org.eclipse.jetty.util.thread.ReservedThreadExecutor - ReservedThreadExecutor@126c668c{s=1/1,p=0} tryExecute EatWhatYouKill@4c8c9eee/SelectorProducer@4614c16f/PRODUCING/p=false/QueuedThreadPool[qtp426008992]@196461a0{STARTED,8<=8<=14,i=2,r=1,q=0}[ReservedThreadExecutor@126c668c{s=1/1,p=0}][pc=0,pic=0,pec=1,epc=1]@2020-09-25T13:18:23.2203985+02:00
13:18:23.220 [qtp426008992-50] DEBUG org.eclipse.jetty.util.thread.ReservedThreadExecutor - ReservedThreadExecutor@126c668c{s=0/1,p=0}@1c449c7e offer EatWhatYouKill@4c8c9eee/SelectorProducer@4614c16f/PRODUCING/p=false/QueuedThreadPool[qtp426008992]@196461a0{STARTED,8<=8<=14,i=2,r=1,q=0}[ReservedThreadExecutor@126c668c{s=0/1,p=0}][pc=0,pic=0,pec=1,epc=1]@2020-09-25T13:18:23.2203985+02:00
13:18:23.221 [qtp426008992-50] DEBUG org.eclipse.jetty.util.thread.ReservedThreadExecutor - ReservedThreadExecutor@126c668c{s=0/1,p=1} startReservedThread p=1
13:18:23.221 [qtp426008992-50] DEBUG org.eclipse.jetty.util.thread.QueuedThreadPool - queue ReservedThreadExecutor@126c668c{s=0/1,p=1}@6b65c94c startThread=0
13:18:23.221 [qtp426008992-45] DEBUG org.eclipse.jetty.util.thread.QueuedThreadPool - run ReservedThreadExecutor@126c668c{s=0/1,p=1}@6b65c94c in QueuedThreadPool[qtp426008992]@196461a0{STARTED,8<=8<=14,i=1,r=1,q=0}[ReservedThreadExecutor@126c668c{s=0/1,p=1}]
13:18:23.221 [qtp426008992-45] DEBUG org.eclipse.jetty.util.thread.ReservedThreadExecutor - ReservedThreadExecutor@126c668c{s=1/1,p=1}@6b65c94c started
13:18:23.221 [qtp426008992-45] DEBUG org.eclipse.jetty.util.thread.ReservedThreadExecutor - ReservedThreadExecutor@126c668c{s=1/1,p=0}@6b65c94c waiting
13:18:23.221 [qtp426008992-50] DEBUG org.eclipse.jetty.util.thread.strategy.EatWhatYouKill - EatWhatYouKill@4c8c9eee/SelectorProducer@4614c16f/IDLE/p=true/QueuedThreadPool[qtp426008992]@196461a0{STARTED,8<=8<=14,i=1,r=1,q=0}[ReservedThreadExecutor@126c668c{s=0/1,p=1}][pc=0,pic=0,pec=1,epc=1]@2020-09-25T13:18:23.2213975+02:00 m=EXECUTE_PRODUCE_CONSUME t=CEP:NetworkTrafficSocketChannelEndPoint@5d863db4{/127.0.0.1:64983<->/127.0.0.1:8080,OPEN,fill=FI,flush=-,to=1/30000}{io=1/0,kio=1,kro=1}->HttpConnection@45006067[p=HttpParser{s=START,0 of -1},g=HttpGenerator@29079eee{s=START}]=>HttpChannelOverHttp@30012b73{s=HttpChannelState@6f608bd4{s=IDLE rs=BLOCKING os=OPEN is=IDLE awp=false se=false i=true al=0},r=0,c=false/false,a=IDLE,uri=null,age=0}:runFillable:BLOCKING/BLOCKING
13:18:23.221 [qtp426008992-50] DEBUG org.eclipse.jetty.io.FillInterest - fillable FillInterest@10e4720e{AC.ReadCB@45006067{HttpConnection@45006067::NetworkTrafficSocketChannelEndPoint@5d863db4{/127.0.0.1:64983<->/127.0.0.1:8080,OPEN,fill=FI,flush=-,to=1/30000}{io=1/0,kio=1,kro=1}->HttpConnection@45006067[p=HttpParser{s=START,0 of -1},g=HttpGenerator@29079eee{s=START}]=>HttpChannelOverHttp@30012b73{s=HttpChannelState@6f608bd4{s=IDLE rs=BLOCKING os=OPEN is=IDLE awp=false se=false i=true al=0},r=0,c=false/false,a=IDLE,uri=null,age=0}}}
13:18:23.221 [qtp426008992-50] DEBUG org.eclipse.jetty.server.HttpConnection - HttpConnection@45006067::NetworkTrafficSocketChannelEndPoint@5d863db4{/127.0.0.1:64983<->/127.0.0.1:8080,OPEN,fill=-,flush=-,to=2/30000}{io=1/0,kio=1,kro=1}->HttpConnection@45006067[p=HttpParser{s=START,0 of -1},g=HttpGenerator@29079eee{s=START}]=>HttpChannelOverHttp@30012b73{s=HttpChannelState@6f608bd4{s=IDLE rs=BLOCKING os=OPEN is=IDLE awp=false se=false i=true al=0},r=0,c=false/false,a=IDLE,uri=null,age=0} onFillable enter HttpChannelState@6f608bd4{s=IDLE rs=BLOCKING os=OPEN is=IDLE awp=false se=false i=true al=0} null
13:18:23.221 [qtp426008992-50] DEBUG org.eclipse.jetty.io.ChannelEndPoint - filled 220 HeapByteBuffer@a250024[p=0,l=220,c=8192,r=220]={<<<POST /api/v0/components/l...me":"catalogClientApi"}>>>1-4a27-a5...\x00\x00\x00\x00\x00\x00\x00}
13:18:23.221 [qtp426008992-50] DEBUG org.eclipse.jetty.server.HttpConnection - HttpConnection@45006067::NetworkTrafficSocketChannelEndPoint@5d863db4{/127.0.0.1:64983<->/127.0.0.1:8080,OPEN,fill=-,flush=-,to=0/30000}{io=1/0,kio=1,kro=1}->HttpConnection@45006067[p=HttpParser{s=START,0 of -1},g=HttpGenerator@29079eee{s=START}]=>HttpChannelOverHttp@30012b73{s=HttpChannelState@6f608bd4{s=IDLE rs=BLOCKING os=OPEN is=IDLE awp=false se=false i=true al=0},r=0,c=false/false,a=IDLE,uri=null,age=0} filled 220 HeapByteBuffer@a250024[p=0,l=220,c=8192,r=220]={<<<POST /api/v0/components/l...me":"catalogClientApi"}>>>1-4a27-a5...\x00\x00\x00\x00\x00\x00\x00}
13:18:23.222 [qtp426008992-50] DEBUG org.eclipse.jetty.server.HttpConnection - HttpConnection@45006067::NetworkTrafficSocketChannelEndPoint@5d863db4{/127.0.0.1:64983<->/127.0.0.1:8080,OPEN,fill=-,flush=-,to=0/30000}{io=1/0,kio=1,kro=1}->HttpConnection@45006067[p=HttpParser{s=START,0 of -1},g=HttpGenerator@29079eee{s=START}]=>HttpChannelOverHttp@30012b73{s=HttpChannelState@6f608bd4{s=IDLE rs=BLOCKING os=OPEN is=IDLE awp=false se=false i=true al=0},r=0,c=false/false,a=IDLE,uri=null,age=0} parse HeapByteBuffer@a250024[p=0,l=220,c=8192,r=220]={<<<POST /api/v0/components/l...me":"catalogClientApi"}>>>1-4a27-a5...\x00\x00\x00\x00\x00\x00\x00} {}
13:18:23.222 [qtp426008992-50] DEBUG org.eclipse.jetty.http.HttpParser - parseNext s=START HeapByteBuffer@a250024[p=0,l=220,c=8192,r=220]={<<<POST /api/v0/components/l...me":"catalogClientApi"}>>>1-4a27-a5...\x00\x00\x00\x00\x00\x00\x00}
13:18:23.222 [qtp426008992-50] DEBUG org.eclipse.jetty.http.HttpParser - START --> SPACE1
13:18:23.222 [qtp426008992-50] DEBUG org.eclipse.jetty.http.HttpParser - SPACE1 --> URI
13:18:23.222 [qtp426008992-50] DEBUG org.eclipse.jetty.http.HttpParser - URI --> SPACE2
13:18:23.222 [qtp426008992-50] DEBUG org.eclipse.jetty.http.HttpParser - SPACE2 --> REQUEST_VERSION
13:18:23.222 [qtp426008992-50] DEBUG org.eclipse.jetty.http.HttpParser - REQUEST_VERSION --> HEADER
13:18:23.222 [qtp426008992-50] DEBUG org.eclipse.jetty.http.HttpParser - HEADER:User-Agent --> VALUE
13:18:23.222 [qtp426008992-50] DEBUG org.eclipse.jetty.http.HttpParser - HEADER:User-Agent --> IN_VALUE
13:18:23.222 [qtp426008992-46] DEBUG org.eclipse.jetty.util.thread.ReservedThreadExecutor - ReservedThreadExecutor@126c668c{s=1/1,p=0}@1c449c7e task=EatWhatYouKill@4c8c9eee/SelectorProducer@4614c16f/IDLE/p=true/QueuedThreadPool[qtp426008992]@196461a0{STARTED,8<=8<=14,i=1,r=1,q=0}[ReservedThreadExecutor@126c668c{s=1/1,p=0}][pc=0,pic=0,pec=1,epc=2]@2020-09-25T13:18:23.2223889+02:00
13:18:23.222 [qtp426008992-50] DEBUG org.eclipse.jetty.http.HttpParser - HEADER:User-Agent --> FIELD
13:18:23.222 [qtp426008992-50] DEBUG org.eclipse.jetty.http.HttpParser - HEADER:Host --> VALUE
13:18:23.222 [qtp426008992-50] DEBUG org.eclipse.jetty.http.HttpParser - HEADER:Host --> IN_VALUE
13:18:23.222 [qtp426008992-50] DEBUG org.eclipse.jetty.http.HttpParser - HEADER:Host --> FIELD
13:18:23.222 [qtp426008992-50] DEBUG org.eclipse.jetty.http.HttpParser - HEADER:Accept: */* --> IN_VALUE
13:18:23.222 [qtp426008992-50] DEBUG org.eclipse.jetty.http.HttpParser - HEADER:Accept: */* --> FIELD
13:18:23.222 [qtp426008992-50] DEBUG org.eclipse.jetty.http.HttpParser - HEADER:Content-Type: application/json --> IN_VALUE
13:18:23.222 [qtp426008992-50] DEBUG org.eclipse.jetty.http.HttpParser - HEADER:Content-Type: application/json --> FIELD
13:18:23.222 [qtp426008992-50] DEBUG org.eclipse.jetty.http.HttpParser - HEADER:Content-Length --> VALUE
13:18:23.222 [qtp426008992-50] DEBUG org.eclipse.jetty.http.HttpParser - HEADER:Content-Length --> IN_VALUE
13:18:23.222 [qtp426008992-50] DEBUG org.eclipse.jetty.http.HttpParser - HEADER:Content-Length --> FIELD
13:18:23.222 [qtp426008992-50] DEBUG org.eclipse.jetty.http.HttpParser - HEADER --> CONTENT
13:18:23.222 [qtp426008992-50] DEBUG org.eclipse.jetty.server.HttpChannel - REQUEST for //localhost:8080/api/v0/components/login on HttpChannelOverHttp@30012b73{s=HttpChannelState@6f608bd4{s=IDLE rs=BLOCKING os=OPEN is=IDLE awp=false se=false i=true al=0},r=1,c=false/false,a=IDLE,uri=//localhost:8080/api/v0/components/login,age=0}
POST //localhost:8080/api/v0/components/login HTTP/1.1
User-Agent: ReactorNetty/0.9.7.RELEASE
Host: localhost:8080
Accept: */*
Content-Type: application/json
Content-Length: 51


13:18:23.222 [qtp426008992-50] DEBUG org.eclipse.jetty.server.HttpConnection - HttpConnection@45006067::NetworkTrafficSocketChannelEndPoint@5d863db4{/127.0.0.1:64983<->/127.0.0.1:8080,OPEN,fill=-,flush=-,to=0/30000}{io=1/0,kio=1,kro=1}->HttpConnection@45006067[p=HttpParser{s=CONTENT,0 of 51},g=HttpGenerator@29079eee{s=START}]=>HttpChannelOverHttp@30012b73{s=HttpChannelState@6f608bd4{s=IDLE rs=BLOCKING os=OPEN is=IDLE awp=false se=false i=true al=0},r=1,c=false/false,a=IDLE,uri=//localhost:8080/api/v0/components/login,age=0} parsed true HttpParser{s=CONTENT,0 of 51}
13:18:23.222 [qtp426008992-50] DEBUG org.eclipse.jetty.server.HttpChannel - handle //localhost:8080/api/v0/components/login HttpChannelOverHttp@30012b73{s=HttpChannelState@6f608bd4{s=IDLE rs=BLOCKING os=OPEN is=IDLE awp=false se=false i=true al=0},r=1,c=false/false,a=IDLE,uri=//localhost:8080/api/v0/components/login,age=0} 
13:18:23.222 [qtp426008992-50] DEBUG org.eclipse.jetty.server.HttpChannelState - handling HttpChannelState@6f608bd4{s=IDLE rs=BLOCKING os=OPEN is=IDLE awp=false se=false i=true al=0}
13:18:23.222 [qtp426008992-50] DEBUG org.eclipse.jetty.server.HttpChannel - action DISPATCH HttpChannelOverHttp@30012b73{s=HttpChannelState@6f608bd4{s=HANDLING rs=BLOCKING os=OPEN is=IDLE awp=false se=false i=true al=0},r=1,c=false/false,a=HANDLING,uri=//localhost:8080/api/v0/components/login,age=0}
13:18:23.222 [qtp426008992-50] DEBUG org.eclipse.jetty.server.Server - REQUEST POST /api/v0/components/login on HttpChannelOverHttp@30012b73{s=HttpChannelState@6f608bd4{s=HANDLING rs=BLOCKING os=OPEN is=IDLE awp=false se=false i=true al=0},r=1,c=false/false,a=HANDLING,uri=//localhost:8080/api/v0/components/login,age=0}
13:18:23.222 [qtp426008992-50] DEBUG org.eclipse.jetty.server.handler.ContextHandler - scope null||/api/v0/components/login @ o.e.j.s.ServletContextHandler@5219ca04{/__admin,null,AVAILABLE}
13:18:23.222 [qtp426008992-50] DEBUG org.eclipse.jetty.server.handler.gzip.GzipHandler - GzipHandler@3867a06c{STARTED,min=32,inflate=-1} handle Request(POST //localhost:8080/api/v0/components/login)@696ae568 in null
13:18:23.223 [qtp426008992-50] DEBUG org.eclipse.jetty.server.handler.ContextHandler - scope null||/api/v0/components/login @ o.e.j.s.ServletContextHandler@3ff531df{/,null,AVAILABLE}
13:18:23.223 [qtp426008992-50] DEBUG org.eclipse.jetty.server.handler.ContextHandler - context=||/api/v0/components/login @ o.e.j.s.ServletContextHandler@3ff531df{/,null,AVAILABLE}
13:18:23.223 [qtp426008992-50] DEBUG org.eclipse.jetty.servlet.ServletHandler - servlet |/api/v0/components/login|null -> com.github.tomakehurst.wiremock.servlet.WireMockHandlerDispatchingServlet-7be4ba4c@9f5184b6==com.github.tomakehurst.wiremock.servlet.WireMockHandlerDispatchingServlet,jsp=null,order=-1,inst=true,async=true
13:18:23.223 [qtp426008992-50] DEBUG org.eclipse.jetty.servlet.ServletHandler - chain=org.eclipse.jetty.servlets.CrossOriginFilter-1178684b@1178684b==org.eclipse.jetty.servlets.CrossOriginFilter,inst=true,async=true->com.github.tomakehurst.wiremock.servlet.WireMockHandlerDispatchingServlet-7be4ba4c@9f5184b6==com.github.tomakehurst.wiremock.servlet.WireMockHandlerDispatchingServlet,jsp=null,order=-1,inst=true,async=true
13:18:23.223 [qtp426008992-50] DEBUG org.eclipse.jetty.servlet.ServletHandler - call filter org.eclipse.jetty.servlets.CrossOriginFilter-1178684b@1178684b==org.eclipse.jetty.servlets.CrossOriginFilter,inst=true,async=true
13:18:23.223 [qtp426008992-50] DEBUG org.eclipse.jetty.servlet.ServletHandler - call servlet com.github.tomakehurst.wiremock.servlet.WireMockHandlerDispatchingServlet-7be4ba4c@9f5184b6==com.github.tomakehurst.wiremock.servlet.WireMockHandlerDispatchingServlet,jsp=null,order=-1,inst=true,async=true
13:18:23.224 [qtp426008992-50] DEBUG org.eclipse.jetty.server.HttpConnection - HttpConnection@45006067::NetworkTrafficSocketChannelEndPoint@5d863db4{/127.0.0.1:64983<->/127.0.0.1:8080,OPEN,fill=-,flush=-,to=1/30000}{io=1/0,kio=1,kro=1}->HttpConnection@45006067[p=HttpParser{s=CONTENT,0 of 51},g=HttpGenerator@29079eee{s=START}]=>HttpChannelOverHttp@30012b73{s=HttpChannelState@6f608bd4{s=HANDLING rs=BLOCKING os=OPEN is=IDLE awp=false se=false i=true al=0},r=1,c=false/false,a=HANDLING,uri=//localhost:8080/api/v0/components/login,age=1} parse HeapByteBuffer@a250024[p=169,l=220,c=8192,r=51]={POST /api... 51\r\n\r\n<<<{"password":"123456","use...me":"catalogClientApi"}>>>1-4a27-a5...\x00\x00\x00\x00\x00\x00\x00} {}
13:18:23.224 [qtp426008992-50] DEBUG org.eclipse.jetty.http.HttpParser - parseNext s=CONTENT HeapByteBuffer@a250024[p=169,l=220,c=8192,r=51]={POST /api... 51\r\n\r\n<<<{"password":"123456","use...me":"catalogClientApi"}>>>1-4a27-a5...\x00\x00\x00\x00\x00\x00\x00}
13:18:23.224 [qtp426008992-50] DEBUG org.eclipse.jetty.server.HttpChannel - onContent HttpChannelOverHttp@30012b73{s=HttpChannelState@6f608bd4{s=HANDLING rs=BLOCKING os=OPEN is=IDLE awp=false se=false i=true al=0},r=1,c=false/false,a=HANDLING,uri=//localhost:8080/api/v0/components/login,age=2} Content@4053190c{HeapByteBufferR@525f7210[p=169,l=220,c=8192,r=51]={POST /api... 51\r\n\r\n<<<{"password":"123456","use...me":"catalogClientApi"}>>>1-4a27-a5...\x00\x00\x00\x00\x00\x00\x00}}
13:18:23.224 [qtp426008992-50] DEBUG org.eclipse.jetty.server.HttpInput - HttpInputOverHTTP@1735eebe[c=0,q=0,[0]=null,s=STREAM] addContent Content@4053190c{HeapByteBufferR@525f7210[p=169,l=220,c=8192,r=51]={POST /api... 51\r\n\r\n<<<{"password":"123456","use...me":"catalogClientApi"}>>>1-4a27-a5...\x00\x00\x00\x00\x00\x00\x00}}
13:18:23.224 [qtp426008992-50] DEBUG org.eclipse.jetty.http.HttpParser - CONTENT --> CONTENT_END
13:18:23.224 [qtp426008992-50] DEBUG org.eclipse.jetty.server.HttpChannel - onContentComplete HttpChannelOverHttp@30012b73{s=HttpChannelState@6f608bd4{s=HANDLING rs=BLOCKING os=OPEN is=IDLE awp=false se=false i=true al=0},r=1,c=false/false,a=HANDLING,uri=//localhost:8080/api/v0/components/login,age=2}
13:18:23.224 [qtp426008992-50] DEBUG org.eclipse.jetty.http.HttpParser - CONTENT_END --> END
13:18:23.224 [qtp426008992-50] DEBUG org.eclipse.jetty.server.HttpChannel - onRequestComplete HttpChannelOverHttp@30012b73{s=HttpChannelState@6f608bd4{s=HANDLING rs=BLOCKING os=OPEN is=IDLE awp=false se=false i=true al=0},r=1,c=false/false,a=HANDLING,uri=//localhost:8080/api/v0/components/login,age=2}
13:18:23.224 [qtp426008992-50] DEBUG org.eclipse.jetty.server.HttpInput - HttpInputOverHTTP@1735eebe[c=0,q=1,[0]=EOF,s=STREAM] addContent EOF
13:18:23.224 [qtp426008992-50] DEBUG org.eclipse.jetty.server.HttpConnection - HttpConnection@45006067::NetworkTrafficSocketChannelEndPoint@5d863db4{/127.0.0.1:64983<->/127.0.0.1:8080,OPEN,fill=-,flush=-,to=2/30000}{io=1/0,kio=1,kro=1}->HttpConnection@45006067[p=HttpParser{s=END,51 of 51},g=HttpGenerator@29079eee{s=START}]=>HttpChannelOverHttp@30012b73{s=HttpChannelState@6f608bd4{s=HANDLING rs=BLOCKING os=OPEN is=IDLE awp=false se=false i=true al=0},r=1,c=false/false,a=HANDLING,uri=//localhost:8080/api/v0/components/login,age=2} parsed false HttpParser{s=END,51 of 51}
13:18:23.224 [qtp426008992-50] DEBUG org.eclipse.jetty.server.HttpInput - HttpInputOverHTTP@1735eebe[c=51,q=1,[0]=EOF,s=STREAM] read 51 from Content@4053190c{HeapByteBufferR@525f7210[p=220,l=220,c=8192,r=0]={POST /api...ntApi"}<<<>>>1-4a27-a5...\x00\x00\x00\x00\x00\x00\x00}}
13:18:23.224 [qtp426008992-50] DEBUG org.eclipse.jetty.server.HttpConnection - releaseRequestBuffer HttpConnection@45006067::NetworkTrafficSocketChannelEndPoint@5d863db4{/127.0.0.1:64983<->/127.0.0.1:8080,OPEN,fill=-,flush=-,to=2/30000}{io=1/0,kio=1,kro=1}->HttpConnection@45006067[p=HttpParser{s=END,51 of 51},g=HttpGenerator@29079eee{s=START}]=>HttpChannelOverHttp@30012b73{s=HttpChannelState@6f608bd4{s=HANDLING rs=BLOCKING os=OPEN is=IDLE awp=false se=false i=true al=0},r=1,c=false/false,a=HANDLING,uri=//localhost:8080/api/v0/components/login,age=2}
13:18:23.224 [qtp426008992-50] DEBUG org.eclipse.jetty.server.HttpChannelState - onEof HttpChannelState@6f608bd4{s=HANDLING rs=BLOCKING os=OPEN is=IDLE awp=false se=false i=true al=0}
13:18:23.230 [qtp426008992-50] DEBUG org.eclipse.jetty.server.HttpOutput - write(array HeapByteBuffer@294a1895[p=0,l=21,c=8192,r=21]={<<<{"token":"someToken"}>>>\x00\x00\x00\x00\x00\x00\x00\x00\x00...\x00\x00\x00\x00\x00\x00\x00})
13:18:23.230 [qtp426008992-50] DEBUG org.eclipse.jetty.server.HttpOutput - write(array) s=OPEN,api=BLOCKING,sc=false,e=null aggregated !flush HeapByteBuffer@7109efc9[p=0,l=21,c=32768,r=21]={<<<{"token":"someToken"}>>>\x00\x00\x00\x00\x00\x00\x00\x00\x00...\x00\x00\x00\x00\x00\x00\x00}
13:18:23.230 [qtp426008992-50] DEBUG org.eclipse.jetty.server.handler.gzip.GzipHandler - GzipHandler@3867a06c{STARTED,min=32,inflate=-1} excluded not gzip accept Request(POST //localhost:8080/api/v0/components/login)@696ae568
13:18:23.230 [qtp426008992-50] DEBUG org.eclipse.jetty.server.handler.gzip.GzipHttpOutputInterceptor - org.eclipse.jetty.server.handler.gzip.GzipHttpOutputInterceptor@58efdc0a exclude no deflater
13:18:23.230 [qtp426008992-50] DEBUG org.eclipse.jetty.server.HttpChannel - sendResponse info=null content=HeapByteBuffer@7109efc9[p=0,l=21,c=32768,r=21]={<<<{"token":"someToken"}>>>\x00\x00\x00\x00\x00\x00\x00\x00\x00...\x00\x00\x00\x00\x00\x00\x00} complete=false committing=true callback=Blocker@609789b7{null}
13:18:23.230 [qtp426008992-50] DEBUG org.eclipse.jetty.server.HttpChannel - COMMIT for /api/v0/components/login on HttpChannelOverHttp@30012b73{s=HttpChannelState@6f608bd4{s=HANDLING rs=BLOCKING os=COMMITTED is=READY awp=false se=false i=true al=0},r=1,c=false/false,a=HANDLING,uri=//localhost:8080/api/v0/components/login,age=8}
200 null HTTP/1.1
Content-Type: application/json
Matched-Stub-Id: a6c70f28-7a2a-492a-8f13-402457cfa7e5
Vary: Accept-Encoding, User-Agent


13:18:23.230 [qtp426008992-50] DEBUG org.eclipse.jetty.server.HttpConnection - generate: NEED_HEADER for org.eclipse.jetty.server.HttpConnection$SendCallback@19e0bb80[PROCESSING][i=HTTP/1.1{s=200,h=3,cl=-1},cb=org.eclipse.jetty.server.HttpChannel$SendCallback@27a978d2] (null,[p=0,l=21,c=32768,r=21],false)@START
13:18:23.230 [qtp426008992-50] DEBUG org.eclipse.jetty.http.HttpGenerator - generateHeaders HTTP/1.1{s=200,h=3,cl=-1} last=false content=HeapByteBuffer@7109efc9[p=0,l=21,c=32768,r=21]={<<<{"token":"someToken"}>>>\x00\x00\x00\x00\x00\x00\x00\x00\x00...\x00\x00\x00\x00\x00\x00\x00}
13:18:23.230 [qtp426008992-50] DEBUG org.eclipse.jetty.http.HttpGenerator - Content-Type: application/json
Matched-Stub-Id: a6c70f28-7a2a-492a-8f13-402457cfa7e5
Vary: Accept-Encoding, User-Agent


13:18:23.230 [qtp426008992-50] DEBUG org.eclipse.jetty.http.HttpGenerator - CHUNKED_CONTENT
13:18:23.230 [qtp426008992-50] DEBUG org.eclipse.jetty.server.HttpConnection - generate: FLUSH for org.eclipse.jetty.server.HttpConnection$SendCallback@19e0bb80[PROCESSING][i=HTTP/1.1{s=200,h=3,cl=-1},cb=org.eclipse.jetty.server.HttpChannel$SendCallback@27a978d2] ([p=0,l=206,c=8192,r=206],[p=0,l=21,c=32768,r=21],false)@COMMITTED
13:18:23.230 [qtp426008992-50] DEBUG org.eclipse.jetty.io.WriteFlusher - write: WriteFlusher@180efa1{IDLE}->null [HeapByteBuffer@a250024[p=0,l=206,c=8192,r=206]={<<<HTTP/1.1 200 OK\r\nContent-...4.28.v20200408)\r\n\r\n15\r\n>>>logClient...\x00\x00\x00\x00\x00\x00\x00},HeapByteBuffer@7109efc9[p=0,l=21,c=32768,r=21]={<<<{"token":"someToken"}>>>\x00\x00\x00\x00\x00\x00\x00\x00\x00...\x00\x00\x00\x00\x00\x00\x00}]
13:18:23.230 [qtp426008992-50] DEBUG org.eclipse.jetty.io.WriteFlusher - update WriteFlusher@180efa1{WRITING}->null:IDLE-->WRITING
13:18:23.231 [qtp426008992-50] DEBUG org.eclipse.jetty.io.ChannelEndPoint - flushed 206 NetworkTrafficSocketChannelEndPoint@5d863db4{/127.0.0.1:64983<->/127.0.0.1:8080,OPEN,fill=-,flush=W,to=9/30000}{io=1/0,kio=1,kro=1}->HttpConnection@45006067[p=HttpParser{s=END,51 of 51},g=HttpGenerator@29079eee{s=COMMITTED}]=>HttpChannelOverHttp@30012b73{s=HttpChannelState@6f608bd4{s=HANDLING rs=BLOCKING os=COMMITTED is=READY awp=false se=false i=true al=0},r=1,c=false/false,a=HANDLING,uri=//localhost:8080/api/v0/components/login,age=9}
13:18:23.231 [qtp426008992-50] DEBUG org.eclipse.jetty.io.ChannelEndPoint - flushed 21 NetworkTrafficSocketChannelEndPoint@5d863db4{/127.0.0.1:64983<->/127.0.0.1:8080,OPEN,fill=-,flush=W,to=0/30000}{io=1/0,kio=1,kro=1}->HttpConnection@45006067[p=HttpParser{s=END,51 of 51},g=HttpGenerator@29079eee{s=COMMITTED}]=>HttpChannelOverHttp@30012b73{s=HttpChannelState@6f608bd4{s=HANDLING rs=BLOCKING os=COMMITTED is=READY awp=false se=false i=true al=0},r=1,c=false/false,a=HANDLING,uri=//localhost:8080/api/v0/components/login,age=9}
13:18:23.231 [qtp426008992-50] DEBUG org.eclipse.jetty.io.WriteFlusher - Flushed=true written=227 remaining=0 WriteFlusher@180efa1{WRITING}->null
13:18:23.231 [qtp426008992-50] DEBUG org.eclipse.jetty.io.WriteFlusher - update WriteFlusher@180efa1{IDLE}->null:WRITING-->IDLE
13:18:23.231 [qtp426008992-50] DEBUG org.eclipse.jetty.server.HttpConnection - generate: DONE for org.eclipse.jetty.server.HttpConnection$SendCallback@19e0bb80[PROCESSING][i=HTTP/1.1{s=200,h=3,cl=-1},cb=org.eclipse.jetty.server.HttpChannel$SendCallback@27a978d2] ([p=206,l=206,c=8192,r=0],[p=21,l=21,c=32768,r=0],false)@COMMITTED
13:18:23.231 [qtp426008992-50] DEBUG org.eclipse.jetty.server.HttpOutput - onWriteComplete(false,null) s=OPEN,api=BLOCKED,sc=false,e=null->s=OPEN,api=BLOCKING,sc=false,e=null c=null cb=null w=false
13:18:23.231 [qtp426008992-50] DEBUG org.eclipse.jetty.server.HttpOutput - close() s=CLOSING,api=BLOCKED,sc=false,e=null c=HeapByteBuffer@137d328[p=0,l=0,c=0,r=0]={<<<>>>} b=Blocker@609789b7{null}
13:18:23.231 [qtp426008992-50] DEBUG org.eclipse.jetty.server.HttpChannel - sendResponse info=null content=HeapByteBuffer@137d328[p=0,l=0,c=0,r=0]={<<<>>>} complete=true committing=false callback=Blocker@609789b7{null}
13:18:23.231 [qtp426008992-50] DEBUG org.eclipse.jetty.server.HttpConnection - generate: CONTINUE for org.eclipse.jetty.server.HttpConnection$SendCallback@19e0bb80[PROCESSING][i=null,cb=org.eclipse.jetty.server.HttpChannel$SendCallback@5d861417] (null,[p=0,l=0,c=0,r=0],true)@COMPLETING
13:18:23.232 [qtp426008992-50] DEBUG org.eclipse.jetty.server.HttpConnection - generate: NEED_CHUNK for org.eclipse.jetty.server.HttpConnection$SendCallback@19e0bb80[PROCESSING][i=null,cb=org.eclipse.jetty.server.HttpChannel$SendCallback@5d861417] (null,[p=0,l=0,c=0,r=0],true)@COMPLETING
13:18:23.232 [qtp426008992-50] DEBUG org.eclipse.jetty.server.HttpConnection - generate: FLUSH for org.eclipse.jetty.server.HttpConnection$SendCallback@19e0bb80[PROCESSING][i=null,cb=org.eclipse.jetty.server.HttpChannel$SendCallback@5d861417] (null,[p=0,l=0,c=0,r=0],true)@COMPLETING
13:18:23.232 [qtp426008992-50] DEBUG org.eclipse.jetty.io.WriteFlusher - write: WriteFlusher@180efa1{IDLE}->null [HeapByteBuffer@420070ff[p=0,l=7,c=1024,r=7]={<<<\r\n0\r\n\r\n>>>\x00\x00\x00\x00\x00\x00\x00\x00\x00...\x00\x00\x00\x00\x00\x00\x00}]
13:18:23.232 [qtp426008992-50] DEBUG org.eclipse.jetty.io.WriteFlusher - update WriteFlusher@180efa1{WRITING}->null:IDLE-->WRITING
13:18:23.232 [qtp426008992-50] DEBUG org.eclipse.jetty.io.ChannelEndPoint - flushed 7 NetworkTrafficSocketChannelEndPoint@5d863db4{/127.0.0.1:64983<->/127.0.0.1:8080,OPEN,fill=-,flush=W,to=0/30000}{io=1/0,kio=1,kro=1}->HttpConnection@45006067[p=HttpParser{s=END,51 of 51},g=HttpGenerator@29079eee{s=COMPLETING}]=>HttpChannelOverHttp@30012b73{s=HttpChannelState@6f608bd4{s=HANDLING rs=BLOCKING os=COMMITTED is=READY awp=false se=false i=true al=0},r=1,c=false/false,a=HANDLING,uri=//localhost:8080/api/v0/components/login,age=10}
13:18:23.232 [qtp426008992-50] DEBUG org.eclipse.jetty.io.WriteFlusher - Flushed=true written=7 remaining=0 WriteFlusher@180efa1{WRITING}->null
13:18:23.232 [qtp426008992-50] DEBUG org.eclipse.jetty.io.WriteFlusher - update WriteFlusher@180efa1{IDLE}->null:WRITING-->IDLE
13:18:23.232 [qtp426008992-50] DEBUG org.eclipse.jetty.server.HttpConnection - generate: DONE for org.eclipse.jetty.server.HttpConnection$SendCallback@19e0bb80[PROCESSING][i=null,cb=org.eclipse.jetty.server.HttpChannel$SendCallback@5d861417] (null,[p=0,l=0,c=0,r=0],true)@END
13:18:23.232 [qtp426008992-50] DEBUG org.eclipse.jetty.server.HttpOutput - onWriteComplete(true,null) s=CLOSING,api=BLOCKED,sc=false,e=null->s=CLOSED,api=BLOCKING,sc=false,e=null c=null cb=null w=false
13:18:23.232 [qtp426008992-50] DEBUG org.eclipse.jetty.server.Server - handled=true async=false committed=true on HttpChannelOverHttp@30012b73{s=HttpChannelState@6f608bd4{s=HANDLING rs=BLOCKING os=COMPLETED is=READY awp=false se=false i=true al=0},r=1,c=false/true,a=HANDLING,uri=//localhost:8080/api/v0/components/login,age=10}
13:18:23.232 [qtp426008992-50] DEBUG org.eclipse.jetty.server.HttpChannelState - unhandle HttpChannelState@6f608bd4{s=HANDLING rs=BLOCKING os=COMPLETED is=READY awp=false se=false i=true al=0}
13:18:23.232 [qtp426008992-50] DEBUG org.eclipse.jetty.server.HttpChannelState - nextAction(false) COMPLETE HttpChannelState@6f608bd4{s=HANDLING rs=COMPLETING os=COMPLETED is=READY awp=false se=false i=false al=0}
13:18:23.232 [qtp426008992-50] DEBUG org.eclipse.jetty.server.HttpChannel - action COMPLETE HttpChannelOverHttp@30012b73{s=HttpChannelState@6f608bd4{s=HANDLING rs=COMPLETING os=COMPLETED is=READY awp=false se=false i=false al=0},r=1,c=false/true,a=HANDLING,uri=//localhost:8080/api/v0/components/login,age=10}
13:18:23.232 [qtp426008992-50] DEBUG org.eclipse.jetty.server.HttpOutput - complete(org.eclipse.jetty.util.Callback$4@4126989c) s=CLOSED,api=BLOCKING,sc=false,e=null s=true e=null, c=null
13:18:23.233 [qtp426008992-50] DEBUG org.eclipse.jetty.server.HttpChannelState - completed HttpChannelState@6f608bd4{s=HANDLING rs=COMPLETING os=COMPLETED is=READY awp=false se=false i=false al=0}
13:18:23.233 [qtp426008992-50] DEBUG org.eclipse.jetty.server.HttpChannelState - unhandle HttpChannelState@6f608bd4{s=HANDLING rs=COMPLETED os=COMPLETED is=READY awp=false se=false i=false al=0}
13:18:23.233 [qtp426008992-50] DEBUG org.eclipse.jetty.server.HttpChannelState - nextAction(false) TERMINATED HttpChannelState@6f608bd4{s=IDLE rs=COMPLETED os=COMPLETED is=READY awp=false se=false i=false al=0}
13:18:23.233 [qtp426008992-50] DEBUG org.eclipse.jetty.server.HttpChannel - action TERMINATED HttpChannelOverHttp@30012b73{s=HttpChannelState@6f608bd4{s=IDLE rs=COMPLETED os=COMPLETED is=READY awp=false se=false i=false al=0},r=1,c=true/true,a=IDLE,uri=//localhost:8080/api/v0/components/login,age=11}
13:18:23.233 [qtp426008992-50] DEBUG org.eclipse.jetty.server.HttpChannel - onCompleted for /api/v0/components/login written=21
13:18:23.233 [qtp426008992-50] DEBUG org.eclipse.jetty.server.HttpChannelState - recycle HttpChannelState@6f608bd4{s=IDLE rs=COMPLETED os=COMPLETED is=READY awp=false se=false i=false al=0}
13:18:23.233 [qtp426008992-50] DEBUG org.eclipse.jetty.http.HttpParser - reset HttpParser{s=END,51 of 51}
13:18:23.233 [qtp426008992-50] DEBUG org.eclipse.jetty.http.HttpParser - END --> START
13:18:23.233 [qtp426008992-50] DEBUG org.eclipse.jetty.server.HttpChannel - !handle TERMINATED HttpChannelOverHttp@30012b73{s=HttpChannelState@6f608bd4{s=IDLE rs=BLOCKING os=OPEN is=IDLE awp=false se=false i=true al=0},r=1,c=false/false,a=IDLE,uri=null,age=0}
13:18:23.233 [qtp426008992-50] DEBUG org.eclipse.jetty.io.ChannelEndPoint - filled 0 HeapByteBuffer@a250024[p=0,l=0,c=8192,r=0]={<<<>>>HTTP/1.1 ...\x00\x00\x00\x00\x00\x00\x00}
13:18:23.233 [qtp426008992-50] DEBUG org.eclipse.jetty.io.ChannelEndPoint - filled 0 HeapByteBuffer@a250024[p=0,l=0,c=8192,r=0]={<<<>>>HTTP/1.1 ...\x00\x00\x00\x00\x00\x00\x00}
13:18:23.233 [qtp426008992-50] DEBUG org.eclipse.jetty.server.HttpConnection - HttpConnection@45006067::NetworkTrafficSocketChannelEndPoint@5d863db4{/127.0.0.1:64983<->/127.0.0.1:8080,OPEN,fill=-,flush=-,to=1/30000}{io=1/0,kio=1,kro=1}->HttpConnection@45006067[p=HttpParser{s=START,0 of -1},g=HttpGenerator@29079eee{s=START}]=>HttpChannelOverHttp@30012b73{s=HttpChannelState@6f608bd4{s=IDLE rs=BLOCKING os=OPEN is=IDLE awp=false se=false i=true al=0},r=1,c=false/false,a=IDLE,uri=null,age=0} filled 0 HeapByteBuffer@a250024[p=0,l=0,c=8192,r=0]={<<<>>>HTTP/1.1 ...\x00\x00\x00\x00\x00\x00\x00}
13:18:23.233 [qtp426008992-50] DEBUG org.eclipse.jetty.server.HttpConnection - HttpConnection@45006067::NetworkTrafficSocketChannelEndPoint@5d863db4{/127.0.0.1:64983<->/127.0.0.1:8080,OPEN,fill=-,flush=-,to=1/30000}{io=1/0,kio=1,kro=1}->HttpConnection@45006067[p=HttpParser{s=START,0 of -1},g=HttpGenerator@29079eee{s=START}]=>HttpChannelOverHttp@30012b73{s=HttpChannelState@6f608bd4{s=IDLE rs=BLOCKING os=OPEN is=IDLE awp=false se=false i=true al=0},r=1,c=false/false,a=IDLE,uri=null,age=0} parse HeapByteBuffer@a250024[p=0,l=0,c=8192,r=0]={<<<>>>HTTP/1.1 ...\x00\x00\x00\x00\x00\x00\x00} {}
13:18:23.234 [qtp426008992-50] DEBUG org.eclipse.jetty.http.HttpParser - parseNext s=START HeapByteBuffer@a250024[p=0,l=0,c=8192,r=0]={<<<>>>HTTP/1.1 ...\x00\x00\x00\x00\x00\x00\x00}
13:18:23.234 [qtp426008992-50] DEBUG org.eclipse.jetty.server.HttpConnection - HttpConnection@45006067::NetworkTrafficSocketChannelEndPoint@5d863db4{/127.0.0.1:64983<->/127.0.0.1:8080,OPEN,fill=-,flush=-,to=1/30000}{io=1/0,kio=1,kro=1}->HttpConnection@45006067[p=HttpParser{s=START,0 of -1},g=HttpGenerator@29079eee{s=START}]=>HttpChannelOverHttp@30012b73{s=HttpChannelState@6f608bd4{s=IDLE rs=BLOCKING os=OPEN is=IDLE awp=false se=false i=true al=0},r=1,c=false/false,a=IDLE,uri=null,age=0} parsed false HttpParser{s=START,0 of -1}
13:18:23.234 [qtp426008992-50] DEBUG org.eclipse.jetty.server.HttpConnection - releaseRequestBuffer HttpConnection@45006067::NetworkTrafficSocketChannelEndPoint@5d863db4{/127.0.0.1:64983<->/127.0.0.1:8080,OPEN,fill=-,flush=-,to=1/30000}{io=1/0,kio=1,kro=1}->HttpConnection@45006067[p=HttpParser{s=START,0 of -1},g=HttpGenerator@29079eee{s=START}]=>HttpChannelOverHttp@30012b73{s=HttpChannelState@6f608bd4{s=IDLE rs=BLOCKING os=OPEN is=IDLE awp=false se=false i=true al=0},r=1,c=false/false,a=IDLE,uri=null,age=0}
13:18:23.234 [qtp426008992-50] DEBUG org.eclipse.jetty.io.AbstractConnection - fillInterested HttpConnection@45006067::NetworkTrafficSocketChannelEndPoint@5d863db4{/127.0.0.1:64983<->/127.0.0.1:8080,OPEN,fill=-,flush=-,to=1/30000}{io=1/0,kio=1,kro=1}->HttpConnection@45006067[p=HttpParser{s=START,0 of -1},g=HttpGenerator@29079eee{s=START}]=>HttpChannelOverHttp@30012b73{s=HttpChannelState@6f608bd4{s=IDLE rs=BLOCKING os=OPEN is=IDLE awp=false se=false i=true al=0},r=1,c=false/false,a=IDLE,uri=null,age=0}
13:18:23.234 [qtp426008992-50] DEBUG org.eclipse.jetty.io.FillInterest - interested FillInterest@10e4720e{AC.ReadCB@45006067{HttpConnection@45006067::NetworkTrafficSocketChannelEndPoint@5d863db4{/127.0.0.1:64983<->/127.0.0.1:8080,OPEN,fill=FI,flush=-,to=0/30000}{io=1/0,kio=1,kro=1}->HttpConnection@45006067[p=HttpParser{s=START,0 of -1},g=HttpGenerator@29079eee{s=START}]=>HttpChannelOverHttp@30012b73{s=HttpChannelState@6f608bd4{s=IDLE rs=BLOCKING os=OPEN is=IDLE awp=false se=false i=true al=0},r=1,c=false/false,a=IDLE,uri=null,age=0}}}
13:18:23.234 [qtp426008992-50] DEBUG org.eclipse.jetty.io.ChannelEndPoint - changeInterests p=true 0->1 for NetworkTrafficSocketChannelEndPoint@5d863db4{/127.0.0.1:64983<->/127.0.0.1:8080,OPEN,fill=FI,flush=-,to=0/30000}{io=1/1,kio=1,kro=1}->HttpConnection@45006067[p=HttpParser{s=START,0 of -1},g=HttpGenerator@29079eee{s=START}]=>HttpChannelOverHttp@30012b73{s=HttpChannelState@6f608bd4{s=IDLE rs=BLOCKING os=OPEN is=IDLE awp=false se=false i=true al=0},r=1,c=false/false,a=IDLE,uri=null,age=0}
13:18:23.234 [qtp426008992-50] DEBUG org.eclipse.jetty.server.HttpConnection - HttpConnection@45006067::NetworkTrafficSocketChannelEndPoint@5d863db4{/127.0.0.1:64983<->/127.0.0.1:8080,OPEN,fill=FI,flush=-,to=0/30000}{io=1/1,kio=1,kro=1}->HttpConnection@45006067[p=HttpParser{s=START,0 of -1},g=HttpGenerator@29079eee{s=START}]=>HttpChannelOverHttp@30012b73{s=HttpChannelState@6f608bd4{s=IDLE rs=BLOCKING os=OPEN is=IDLE awp=false se=false i=true al=0},r=1,c=false/false,a=IDLE,uri=null,age=0} onFillable exit HttpChannelState@6f608bd4{s=IDLE rs=BLOCKING os=OPEN is=IDLE awp=false se=false i=true al=0} null
13:18:23.235 [reactor-http-nio-2] DEBUG reactor.netty.http.client.HttpClientOperations - [id: 0x1fcc8038, L:/127.0.0.1:64983 - R:localhost/127.0.0.1:8080] Received response (auto-read:false) : [Content-Type=application/json, Matched-Stub-Id=a6c70f28-7a2a-492a-8f13-402457cfa7e5, Vary=Accept-Encoding, User-Agent, Transfer-Encoding=chunked, Server=Jetty(9.4.28.v20200408)]
13:18:23.235 [reactor-http-nio-2] DEBUG reactor.netty.resources.PooledConnectionProvider - [id: 0x1fcc8038, L:/127.0.0.1:64983 - R:localhost/127.0.0.1:8080] onStateChange(POST{uri=/api/v0/components/login, connection=PooledConnection{channel=[id: 0x1fcc8038, L:/127.0.0.1:64983 - R:localhost/127.0.0.1:8080]}}, [response_received])
13:18:23.235 [reactor-http-nio-2] DEBUG org.springframework.web.reactive.function.client.ExchangeFunctions - [20834564] Response 200 OK
13:18:23.236 [reactor-http-nio-2] DEBUG reactor.netty.channel.FluxReceive - [id: 0x1fcc8038, L:/127.0.0.1:64983 - R:localhost/127.0.0.1:8080] Subscribing inbound receiver [pending: 0, cancelled:false, inboundDone: false]
13:18:23.236 [reactor-http-nio-2] DEBUG reactor.netty.http.client.HttpClientOperations - [id: 0x1fcc8038, L:/127.0.0.1:64983 - R:localhost/127.0.0.1:8080] Received last HTTP packet
13:18:23.236 [reactor-http-nio-2] DEBUG org.springframework.core.codec.StringDecoder - [20834564] Decoded "{"token":"someToken"}"
13:18:23.237 [reactor-http-nio-2] INFO com.bi.edp.catalog.adapter.provision_adapters.ProvisionAdaptersClient - ProvisionAdaptersClient logged successfully
13:18:23.237 [reactor-http-nio-2] DEBUG reactor.netty.resources.PooledConnectionProvider - [id: 0x1fcc8038, L:/127.0.0.1:64983 - R:localhost/127.0.0.1:8080] onStateChange(POST{uri=/api/v0/components/login, connection=PooledConnection{channel=[id: 0x1fcc8038, L:/127.0.0.1:64983 - R:localhost/127.0.0.1:8080]}}, [response_completed])
13:18:23.237 [reactor-http-nio-2] DEBUG reactor.netty.ReactorNetty - [id: 0x1fcc8038, L:/127.0.0.1:64983 - R:localhost/127.0.0.1:8080] Removed handler: ReadTimeoutHandler, pipeline: DefaultChannelPipeline{(reactor.left.httpCodec = io.netty.handler.codec.http.HttpClientCodec), (WriteTimeoutHandler = io.netty.handler.timeout.WriteTimeoutHandler), (reactor.right.reactiveBridge = reactor.netty.channel.ChannelOperationsHandler)}
13:18:23.238 [reactor-http-nio-2] DEBUG reactor.netty.ReactorNetty - [id: 0x1fcc8038, L:/127.0.0.1:64983 - R:localhost/127.0.0.1:8080] Removed handler: WriteTimeoutHandler, pipeline: DefaultChannelPipeline{(reactor.left.httpCodec = io.netty.handler.codec.http.HttpClientCodec), (reactor.right.reactiveBridge = reactor.netty.channel.ChannelOperationsHandler)}
13:18:23.238 [qtp426008992-50] DEBUG org.eclipse.jetty.io.ManagedSelector - updateable 0
13:18:23.238 [reactor-http-nio-2] DEBUG reactor.netty.resources.PooledConnectionProvider - [id: 0x1fcc8038, L:/127.0.0.1:64983 - R:localhost/127.0.0.1:8080] onStateChange(POST{uri=/api/v0/components/login, connection=PooledConnection{channel=[id: 0x1fcc8038, L:/127.0.0.1:64983 - R:localhost/127.0.0.1:8080]}}, [disconnecting])
13:18:23.238 [reactor-http-nio-2] DEBUG reactor.netty.resources.PooledConnectionProvider - [id: 0x1fcc8038, L:/127.0.0.1:64983 - R:localhost/127.0.0.1:8080] Releasing channel
13:18:23.238 [reactor-http-nio-2] DEBUG reactor.netty.resources.PooledConnectionProvider - [id: 0x1fcc8038, L:/127.0.0.1:64983 - R:localhost/127.0.0.1:8080] Channel cleaned, now 0 active connections and 2 inactive connections
13:18:23.238 [qtp426008992-46] DEBUG org.eclipse.jetty.util.thread.strategy.EatWhatYouKill - EatWhatYouKill@4c8c9eee/SelectorProducer@4614c16f/IDLE/p=true/QueuedThreadPool[qtp426008992]@196461a0{STARTED,8<=8<=14,i=1,r=1,q=0}[ReservedThreadExecutor@126c668c{s=1/1,p=0}][pc=0,pic=0,pec=1,epc=2]@2020-09-25T13:18:23.2343962+02:00 tryProduce true
13:18:23.238 [qtp426008992-50] DEBUG org.eclipse.jetty.io.ManagedSelector - updates 0
13:18:23.238 [qtp426008992-46] DEBUG org.eclipse.jetty.util.thread.ReservedThreadExecutor - ReservedThreadExecutor@126c668c{s=1/1,p=0}@1c449c7e size 1 > capacity
13:18:23.238 [qtp426008992-46] DEBUG org.eclipse.jetty.util.thread.QueuedThreadPool - ran ReservedThreadExecutor@126c668c{s=1/1,p=0}@1c449c7e in QueuedThreadPool[qtp426008992]@196461a0{STARTED,8<=8<=14,i=1,r=1,q=0}[ReservedThreadExecutor@126c668c{s=1/1,p=0}]
13:18:23.238 [qtp426008992-50] DEBUG org.eclipse.jetty.io.ChannelEndPoint - Key interests updated 1 -> 1 on NetworkTrafficSocketChannelEndPoint@5d863db4{/127.0.0.1:64983<->/127.0.0.1:8080,OPEN,fill=FI,flush=-,to=4/30000}{io=1/1,kio=1,kro=1}->HttpConnection@45006067[p=HttpParser{s=START,0 of -1},g=HttpGenerator@29079eee{s=START}]=>HttpChannelOverHttp@30012b73{s=HttpChannelState@6f608bd4{s=IDLE rs=BLOCKING os=OPEN is=IDLE awp=false se=false i=true al=0},r=1,c=false/false,a=IDLE,uri=null,age=0}
13:18:23.238 [qtp426008992-50] DEBUG org.eclipse.jetty.io.ManagedSelector - Selector sun.nio.ch.WindowsSelectorImpl@25487540 waiting with 2 keys
13:18:24.144 [parallel-1] DEBUG org.springframework.web.reactive.function.client.ExchangeFunctions - [5776e38e] HTTP GET http://localhost:8080/api/v0/components/provision-adapters/awx
13:18:24.149 [reactor-http-nio-2] DEBUG reactor.netty.resources.PooledConnectionProvider - [id: 0xc0251bc0, L:/127.0.0.1:64982 - R:localhost/127.0.0.1:8080] Channel acquired, now 1 active connections and 1 inactive connections
13:18:24.149 [reactor-http-nio-2] DEBUG reactor.netty.ReactorNetty - [id: 0xc0251bc0, L:/127.0.0.1:64982 - R:localhost/127.0.0.1:8080] Added decoder [ReadTimeoutHandler] at the end of the user pipeline, full pipeline: [reactor.left.httpCodec, ReadTimeoutHandler, reactor.right.reactiveBridge, DefaultChannelPipeline$TailContext#0]
13:18:24.150 [reactor-http-nio-2] DEBUG reactor.netty.ReactorNetty - [id: 0xc0251bc0, L:/127.0.0.1:64982 - R:localhost/127.0.0.1:8080] Added decoder [WriteTimeoutHandler] at the end of the user pipeline, full pipeline: [reactor.left.httpCodec, ReadTimeoutHandler, WriteTimeoutHandler, reactor.right.reactiveBridge, DefaultChannelPipeline$TailContext#0]
13:18:24.150 [reactor-http-nio-2] DEBUG reactor.netty.http.client.HttpClientConnect - [id: 0xc0251bc0, L:/127.0.0.1:64982 - R:localhost/127.0.0.1:8080] Handler is being applied: {uri=http://localhost:8080/api/v0/components/provision-adapters/awx, method=GET}
13:18:24.150 [reactor-http-nio-2] DEBUG reactor.netty.resources.PooledConnectionProvider - [id: 0xc0251bc0, L:/127.0.0.1:64982 - R:localhost/127.0.0.1:8080] onStateChange(GET{uri=/api/v0/components/provision-adapters/awx, connection=PooledConnection{channel=[id: 0xc0251bc0, L:/127.0.0.1:64982 - R:localhost/127.0.0.1:8080]}}, [request_prepared])
13:18:24.152 [reactor-http-nio-2] DEBUG reactor.netty.resources.PooledConnectionProvider - [id: 0xc0251bc0, L:/127.0.0.1:64982 - R:localhost/127.0.0.1:8080] onStateChange(GET{uri=/api/v0/components/provision-adapters/awx, connection=PooledConnection{channel=[id: 0xc0251bc0, L:/127.0.0.1:64982 - R:localhost/127.0.0.1:8080]}}, [request_sent])
13:18:24.152 [qtp426008992-52] DEBUG org.eclipse.jetty.io.ManagedSelector - Selector sun.nio.ch.WindowsSelectorImpl@16bcf70e woken up from select, 1/1/1 selected
13:18:24.153 [qtp426008992-52] DEBUG org.eclipse.jetty.io.ManagedSelector - Selector sun.nio.ch.WindowsSelectorImpl@16bcf70e processing 1 keys, 0 updates
13:18:24.153 [qtp426008992-52] DEBUG org.eclipse.jetty.io.ManagedSelector - selected 1 channel=java.nio.channels.SocketChannel[connected local=/127.0.0.1:8080 remote=/127.0.0.1:64982], selector=sun.nio.ch.WindowsSelectorImpl@16bcf70e, interestOps=1, readyOps=1 NetworkTrafficSocketChannelEndPoint@1e08cabe{/127.0.0.1:64982<->/127.0.0.1:8080,OPEN,fill=FI,flush=-,to=949/30000}{io=1/1,kio=1,kro=1}->HttpConnection@2657044e[p=HttpParser{s=START,0 of -1},g=HttpGenerator@7ed27700{s=START}]=>HttpChannelOverHttp@1dccebee{s=HttpChannelState@ab9a50e{s=IDLE rs=BLOCKING os=OPEN is=IDLE awp=false se=false i=true al=0},r=1,c=false/false,a=IDLE,uri=null,age=0} 
13:18:24.153 [qtp426008992-52] DEBUG org.eclipse.jetty.io.ChannelEndPoint - onSelected 1->0 r=true w=false for NetworkTrafficSocketChannelEndPoint@1e08cabe{/127.0.0.1:64982<->/127.0.0.1:8080,OPEN,fill=FI,flush=-,to=949/30000}{io=1/0,kio=1,kro=1}->HttpConnection@2657044e[p=HttpParser{s=START,0 of -1},g=HttpGenerator@7ed27700{s=START}]=>HttpChannelOverHttp@1dccebee{s=HttpChannelState@ab9a50e{s=IDLE rs=BLOCKING os=OPEN is=IDLE awp=false se=false i=true al=0},r=1,c=false/false,a=IDLE,uri=null,age=0}
13:18:24.154 [qtp426008992-52] DEBUG org.eclipse.jetty.io.ChannelEndPoint - task CEP:NetworkTrafficSocketChannelEndPoint@1e08cabe{/127.0.0.1:64982<->/127.0.0.1:8080,OPEN,fill=FI,flush=-,to=949/30000}{io=1/0,kio=1,kro=1}->HttpConnection@2657044e[p=HttpParser{s=START,0 of -1},g=HttpGenerator@7ed27700{s=START}]=>HttpChannelOverHttp@1dccebee{s=HttpChannelState@ab9a50e{s=IDLE rs=BLOCKING os=OPEN is=IDLE awp=false se=false i=true al=0},r=1,c=false/false,a=IDLE,uri=null,age=0}:runFillable:BLOCKING
13:18:24.154 [qtp426008992-52] DEBUG org.eclipse.jetty.util.thread.ReservedThreadExecutor - ReservedThreadExecutor@126c668c{s=1/1,p=0} tryExecute EatWhatYouKill@9b07444/SelectorProducer@6dcc6117/PRODUCING/p=false/QueuedThreadPool[qtp426008992]@196461a0{STARTED,8<=8<=14,i=2,r=1,q=0}[ReservedThreadExecutor@126c668c{s=1/1,p=0}][pc=0,pic=0,pec=0,epc=1]@2020-09-25T13:18:24.1542597+02:00
13:18:24.154 [qtp426008992-52] DEBUG org.eclipse.jetty.util.thread.ReservedThreadExecutor - ReservedThreadExecutor@126c668c{s=0/1,p=0}@6b65c94c offer EatWhatYouKill@9b07444/SelectorProducer@6dcc6117/PRODUCING/p=false/QueuedThreadPool[qtp426008992]@196461a0{STARTED,8<=8<=14,i=2,r=1,q=0}[ReservedThreadExecutor@126c668c{s=0/1,p=0}][pc=0,pic=0,pec=0,epc=1]@2020-09-25T13:18:24.1542597+02:00
13:18:24.154 [qtp426008992-52] DEBUG org.eclipse.jetty.util.thread.ReservedThreadExecutor - ReservedThreadExecutor@126c668c{s=0/1,p=1} startReservedThread p=1
13:18:24.154 [qtp426008992-52] DEBUG org.eclipse.jetty.util.thread.QueuedThreadPool - queue ReservedThreadExecutor@126c668c{s=0/1,p=1}@3ba7947e startThread=0
13:18:24.155 [qtp426008992-52] DEBUG org.eclipse.jetty.util.thread.strategy.EatWhatYouKill - EatWhatYouKill@9b07444/SelectorProducer@6dcc6117/IDLE/p=true/QueuedThreadPool[qtp426008992]@196461a0{STARTED,8<=8<=14,i=1,r=1,q=0}[ReservedThreadExecutor@126c668c{s=0/1,p=1}][pc=0,pic=0,pec=0,epc=1]@2020-09-25T13:18:24.1542597+02:00 m=EXECUTE_PRODUCE_CONSUME t=CEP:NetworkTrafficSocketChannelEndPoint@1e08cabe{/127.0.0.1:64982<->/127.0.0.1:8080,OPEN,fill=FI,flush=-,to=951/30000}{io=1/0,kio=1,kro=1}->HttpConnection@2657044e[p=HttpParser{s=START,0 of -1},g=HttpGenerator@7ed27700{s=START}]=>HttpChannelOverHttp@1dccebee{s=HttpChannelState@ab9a50e{s=IDLE rs=BLOCKING os=OPEN is=IDLE awp=false se=false i=true al=0},r=1,c=false/false,a=IDLE,uri=null,age=0}:runFillable:BLOCKING/BLOCKING
13:18:24.155 [qtp426008992-52] DEBUG org.eclipse.jetty.io.FillInterest - fillable FillInterest@43b70af{AC.ReadCB@2657044e{HttpConnection@2657044e::NetworkTrafficSocketChannelEndPoint@1e08cabe{/127.0.0.1:64982<->/127.0.0.1:8080,OPEN,fill=FI,flush=-,to=951/30000}{io=1/0,kio=1,kro=1}->HttpConnection@2657044e[p=HttpParser{s=START,0 of -1},g=HttpGenerator@7ed27700{s=START}]=>HttpChannelOverHttp@1dccebee{s=HttpChannelState@ab9a50e{s=IDLE rs=BLOCKING os=OPEN is=IDLE awp=false se=false i=true al=0},r=1,c=false/false,a=IDLE,uri=null,age=0}}}
13:18:24.155 [qtp426008992-52] DEBUG org.eclipse.jetty.server.HttpConnection - HttpConnection@2657044e::NetworkTrafficSocketChannelEndPoint@1e08cabe{/127.0.0.1:64982<->/127.0.0.1:8080,OPEN,fill=-,flush=-,to=951/30000}{io=1/0,kio=1,kro=1}->HttpConnection@2657044e[p=HttpParser{s=START,0 of -1},g=HttpGenerator@7ed27700{s=START}]=>HttpChannelOverHttp@1dccebee{s=HttpChannelState@ab9a50e{s=IDLE rs=BLOCKING os=OPEN is=IDLE awp=false se=false i=true al=0},r=1,c=false/false,a=IDLE,uri=null,age=0} onFillable enter HttpChannelState@ab9a50e{s=IDLE rs=BLOCKING os=OPEN is=IDLE awp=false se=false i=true al=0} null
13:18:24.156 [qtp426008992-52] DEBUG org.eclipse.jetty.io.ChannelEndPoint - filled 166 HeapByteBuffer@a250024[p=0,l=166,c=8192,r=166]={<<<GET /api/v0/components/pr...n: Bearer someToken\r\n\r\n>>>\nServer: ...\x00\x00\x00\x00\x00\x00\x00}
13:18:24.156 [qtp426008992-52] DEBUG org.eclipse.jetty.server.HttpConnection - HttpConnection@2657044e::NetworkTrafficSocketChannelEndPoint@1e08cabe{/127.0.0.1:64982<->/127.0.0.1:8080,OPEN,fill=-,flush=-,to=0/30000}{io=1/0,kio=1,kro=1}->HttpConnection@2657044e[p=HttpParser{s=START,0 of -1},g=HttpGenerator@7ed27700{s=START}]=>HttpChannelOverHttp@1dccebee{s=HttpChannelState@ab9a50e{s=IDLE rs=BLOCKING os=OPEN is=IDLE awp=false se=false i=true al=0},r=1,c=false/false,a=IDLE,uri=null,age=0} filled 166 HeapByteBuffer@a250024[p=0,l=166,c=8192,r=166]={<<<GET /api/v0/components/pr...n: Bearer someToken\r\n\r\n>>>\nServer: ...\x00\x00\x00\x00\x00\x00\x00}
13:18:24.156 [qtp426008992-52] DEBUG org.eclipse.jetty.server.HttpConnection - HttpConnection@2657044e::NetworkTrafficSocketChannelEndPoint@1e08cabe{/127.0.0.1:64982<->/127.0.0.1:8080,OPEN,fill=-,flush=-,to=0/30000}{io=1/0,kio=1,kro=1}->HttpConnection@2657044e[p=HttpParser{s=START,0 of -1},g=HttpGenerator@7ed27700{s=START}]=>HttpChannelOverHttp@1dccebee{s=HttpChannelState@ab9a50e{s=IDLE rs=BLOCKING os=OPEN is=IDLE awp=false se=false i=true al=0},r=1,c=false/false,a=IDLE,uri=null,age=0} parse HeapByteBuffer@a250024[p=0,l=166,c=8192,r=166]={<<<GET /api/v0/components/pr...n: Bearer someToken\r\n\r\n>>>\nServer: ...\x00\x00\x00\x00\x00\x00\x00} {}
13:18:24.156 [qtp426008992-52] DEBUG org.eclipse.jetty.http.HttpParser - parseNext s=START HeapByteBuffer@a250024[p=0,l=166,c=8192,r=166]={<<<GET /api/v0/components/pr...n: Bearer someToken\r\n\r\n>>>\nServer: ...\x00\x00\x00\x00\x00\x00\x00}
13:18:24.156 [qtp426008992-52] DEBUG org.eclipse.jetty.http.HttpParser - START --> SPACE1
13:18:24.156 [qtp426008992-52] DEBUG org.eclipse.jetty.http.HttpParser - SPACE1 --> URI
13:18:24.156 [qtp426008992-52] DEBUG org.eclipse.jetty.http.HttpParser - URI --> SPACE2
13:18:24.156 [qtp426008992-52] DEBUG org.eclipse.jetty.http.HttpParser - SPACE2 --> REQUEST_VERSION
13:18:24.156 [qtp426008992-52] DEBUG org.eclipse.jetty.http.HttpParser - REQUEST_VERSION --> HEADER
13:18:24.156 [qtp426008992-52] DEBUG org.eclipse.jetty.http.HttpParser - HEADER:User-Agent: ReactorNetty/0.9.7.RELEASE --> IN_VALUE
13:18:24.156 [qtp426008992-52] DEBUG org.eclipse.jetty.http.HttpParser - HEADER:User-Agent: ReactorNetty/0.9.7.RELEASE --> FIELD
13:18:24.156 [qtp426008992-52] DEBUG org.eclipse.jetty.http.HttpParser - HEADER:Host: localhost:8080 --> IN_VALUE
13:18:24.156 [qtp426008992-52] DEBUG org.eclipse.jetty.http.HttpParser - HEADER:Host: localhost:8080 --> FIELD
13:18:24.156 [qtp426008992-52] DEBUG org.eclipse.jetty.http.HttpParser - HEADER:Accept: */* --> IN_VALUE
13:18:24.156 [qtp426008992-52] DEBUG org.eclipse.jetty.http.HttpParser - HEADER:Accept: */* --> FIELD
13:18:24.156 [qtp426008992-52] DEBUG org.eclipse.jetty.http.HttpParser - HEADER:Authorization --> IN_VALUE
13:18:24.156 [qtp426008992-52] DEBUG org.eclipse.jetty.http.HttpParser - HEADER:Authorization --> FIELD
13:18:24.156 [qtp426008992-52] DEBUG org.eclipse.jetty.http.HttpParser - HEADER --> CONTENT
13:18:24.156 [qtp426008992-52] DEBUG org.eclipse.jetty.server.HttpChannel - REQUEST for //localhost:8080/api/v0/components/provision-adapters/awx on HttpChannelOverHttp@1dccebee{s=HttpChannelState@ab9a50e{s=IDLE rs=BLOCKING os=OPEN is=IDLE awp=false se=false i=true al=0},r=2,c=false/false,a=IDLE,uri=//localhost:8080/api/v0/components/provision-adapters/awx,age=0}
GET //localhost:8080/api/v0/components/provision-adapters/awx HTTP/1.1
User-Agent: ReactorNetty/0.9.7.RELEASE
Host: localhost:8080
Accept: */*
Authorization: Bearer someToken


13:18:24.157 [qtp426008992-52] DEBUG org.eclipse.jetty.server.HttpConnection - HttpConnection@2657044e::NetworkTrafficSocketChannelEndPoint@1e08cabe{/127.0.0.1:64982<->/127.0.0.1:8080,OPEN,fill=-,flush=-,to=1/30000}{io=1/0,kio=1,kro=1}->HttpConnection@2657044e[p=HttpParser{s=CONTENT,0 of -1},g=HttpGenerator@7ed27700{s=START}]=>HttpChannelOverHttp@1dccebee{s=HttpChannelState@ab9a50e{s=IDLE rs=BLOCKING os=OPEN is=IDLE awp=false se=false i=true al=0},r=2,c=false/false,a=IDLE,uri=//localhost:8080/api/v0/components/provision-adapters/awx,age=1} parsed true HttpParser{s=CONTENT,0 of -1}
13:18:24.157 [qtp426008992-52] DEBUG org.eclipse.jetty.server.HttpConnection - releaseRequestBuffer HttpConnection@2657044e::NetworkTrafficSocketChannelEndPoint@1e08cabe{/127.0.0.1:64982<->/127.0.0.1:8080,OPEN,fill=-,flush=-,to=1/30000}{io=1/0,kio=1,kro=1}->HttpConnection@2657044e[p=HttpParser{s=CONTENT,0 of -1},g=HttpGenerator@7ed27700{s=START}]=>HttpChannelOverHttp@1dccebee{s=HttpChannelState@ab9a50e{s=IDLE rs=BLOCKING os=OPEN is=IDLE awp=false se=false i=true al=0},r=2,c=false/false,a=IDLE,uri=//localhost:8080/api/v0/components/provision-adapters/awx,age=1}
13:18:24.157 [qtp426008992-52] DEBUG org.eclipse.jetty.server.HttpChannel - handle //localhost:8080/api/v0/components/provision-adapters/awx HttpChannelOverHttp@1dccebee{s=HttpChannelState@ab9a50e{s=IDLE rs=BLOCKING os=OPEN is=IDLE awp=false se=false i=true al=0},r=2,c=false/false,a=IDLE,uri=//localhost:8080/api/v0/components/provision-adapters/awx,age=1} 
13:18:24.157 [qtp426008992-52] DEBUG org.eclipse.jetty.server.HttpChannelState - handling HttpChannelState@ab9a50e{s=IDLE rs=BLOCKING os=OPEN is=IDLE awp=false se=false i=true al=0}
13:18:24.157 [qtp426008992-52] DEBUG org.eclipse.jetty.server.HttpChannel - action DISPATCH HttpChannelOverHttp@1dccebee{s=HttpChannelState@ab9a50e{s=HANDLING rs=BLOCKING os=OPEN is=IDLE awp=false se=false i=true al=0},r=2,c=false/false,a=HANDLING,uri=//localhost:8080/api/v0/components/provision-adapters/awx,age=1}
13:18:24.157 [qtp426008992-52] DEBUG org.eclipse.jetty.server.Server - REQUEST GET /api/v0/components/provision-adapters/awx on HttpChannelOverHttp@1dccebee{s=HttpChannelState@ab9a50e{s=HANDLING rs=BLOCKING os=OPEN is=IDLE awp=false se=false i=true al=0},r=2,c=false/false,a=HANDLING,uri=//localhost:8080/api/v0/components/provision-adapters/awx,age=1}
13:18:24.158 [qtp426008992-52] DEBUG org.eclipse.jetty.server.handler.ContextHandler - scope null||/api/v0/components/provision-adapters/awx @ o.e.j.s.ServletContextHandler@5219ca04{/__admin,null,AVAILABLE}
13:18:24.159 [qtp426008992-52] DEBUG org.eclipse.jetty.server.handler.gzip.GzipHandler - GzipHandler@3867a06c{STARTED,min=32,inflate=-1} handle Request(GET //localhost:8080/api/v0/components/provision-adapters/awx)@59461192 in null
13:18:24.159 [qtp426008992-52] DEBUG org.eclipse.jetty.server.handler.ContextHandler - scope null||/api/v0/components/provision-adapters/awx @ o.e.j.s.ServletContextHandler@3ff531df{/,null,AVAILABLE}
13:18:24.159 [qtp426008992-52] DEBUG org.eclipse.jetty.server.handler.ContextHandler - context=||/api/v0/components/provision-adapters/awx @ o.e.j.s.ServletContextHandler@3ff531df{/,null,AVAILABLE}
13:18:24.161 [qtp426008992-52] DEBUG org.eclipse.jetty.servlet.ServletHandler - servlet |/api/v0/components/provision-adapters/awx|null -> com.github.tomakehurst.wiremock.servlet.WireMockHandlerDispatchingServlet-7be4ba4c@9f5184b6==com.github.tomakehurst.wiremock.servlet.WireMockHandlerDispatchingServlet,jsp=null,order=-1,inst=true,async=true
13:18:24.161 [qtp426008992-52] DEBUG org.eclipse.jetty.servlet.ServletHandler - chain=org.eclipse.jetty.servlets.CrossOriginFilter-1178684b@1178684b==org.eclipse.jetty.servlets.CrossOriginFilter,inst=true,async=true->com.github.tomakehurst.wiremock.servlet.WireMockHandlerDispatchingServlet-7be4ba4c@9f5184b6==com.github.tomakehurst.wiremock.servlet.WireMockHandlerDispatchingServlet,jsp=null,order=-1,inst=true,async=true
13:18:24.161 [qtp426008992-52] DEBUG org.eclipse.jetty.servlet.ServletHandler - call filter org.eclipse.jetty.servlets.CrossOriginFilter-1178684b@1178684b==org.eclipse.jetty.servlets.CrossOriginFilter,inst=true,async=true
13:18:24.161 [qtp426008992-52] DEBUG org.eclipse.jetty.servlet.ServletHandler - call servlet com.github.tomakehurst.wiremock.servlet.WireMockHandlerDispatchingServlet-7be4ba4c@9f5184b6==com.github.tomakehurst.wiremock.servlet.WireMockHandlerDispatchingServlet,jsp=null,order=-1,inst=true,async=true
13:18:24.162 [qtp426008992-52] DEBUG org.eclipse.jetty.io.ChannelEndPoint - filled 0 HeapByteBuffer@a250024[p=0,l=0,c=8192,r=0]={<<<>>>GET /api/...\x00\x00\x00\x00\x00\x00\x00}
13:18:24.163 [qtp426008992-52] DEBUG org.eclipse.jetty.io.ChannelEndPoint - filled 0 HeapByteBuffer@a250024[p=0,l=0,c=8192,r=0]={<<<>>>GET /api/...\x00\x00\x00\x00\x00\x00\x00}
13:18:24.164 [qtp426008992-52] DEBUG org.eclipse.jetty.server.HttpConnection - HttpConnection@2657044e::NetworkTrafficSocketChannelEndPoint@1e08cabe{/127.0.0.1:64982<->/127.0.0.1:8080,OPEN,fill=-,flush=-,to=7/30000}{io=1/0,kio=1,kro=1}->HttpConnection@2657044e[p=HttpParser{s=CONTENT,0 of -1},g=HttpGenerator@7ed27700{s=START}]=>HttpChannelOverHttp@1dccebee{s=HttpChannelState@ab9a50e{s=HANDLING rs=BLOCKING os=OPEN is=IDLE awp=false se=false i=true al=0},r=2,c=false/false,a=HANDLING,uri=//localhost:8080/api/v0/components/provision-adapters/awx,age=8} filled 0 HeapByteBuffer@a250024[p=0,l=0,c=8192,r=0]={<<<>>>GET /api/...\x00\x00\x00\x00\x00\x00\x00}
13:18:24.164 [qtp426008992-52] DEBUG org.eclipse.jetty.server.HttpConnection - HttpConnection@2657044e::NetworkTrafficSocketChannelEndPoint@1e08cabe{/127.0.0.1:64982<->/127.0.0.1:8080,OPEN,fill=-,flush=-,to=8/30000}{io=1/0,kio=1,kro=1}->HttpConnection@2657044e[p=HttpParser{s=CONTENT,0 of -1},g=HttpGenerator@7ed27700{s=START}]=>HttpChannelOverHttp@1dccebee{s=HttpChannelState@ab9a50e{s=HANDLING rs=BLOCKING os=OPEN is=IDLE awp=false se=false i=true al=0},r=2,c=false/false,a=HANDLING,uri=//localhost:8080/api/v0/components/provision-adapters/awx,age=8} parse HeapByteBuffer@a250024[p=0,l=0,c=8192,r=0]={<<<>>>GET /api/...\x00\x00\x00\x00\x00\x00\x00} {}
13:18:24.164 [qtp426008992-52] DEBUG org.eclipse.jetty.http.HttpParser - parseNext s=CONTENT HeapByteBuffer@a250024[p=0,l=0,c=8192,r=0]={<<<>>>GET /api/...\x00\x00\x00\x00\x00\x00\x00}
13:18:24.164 [qtp426008992-52] DEBUG org.eclipse.jetty.http.HttpParser - CONTENT --> CONTENT_END
13:18:24.164 [qtp426008992-52] DEBUG org.eclipse.jetty.server.HttpChannel - onContentComplete HttpChannelOverHttp@1dccebee{s=HttpChannelState@ab9a50e{s=HANDLING rs=BLOCKING os=OPEN is=IDLE awp=false se=false i=true al=0},r=2,c=false/false,a=HANDLING,uri=//localhost:8080/api/v0/components/provision-adapters/awx,age=8}
13:18:24.164 [qtp426008992-52] DEBUG org.eclipse.jetty.http.HttpParser - CONTENT_END --> END
13:18:24.164 [qtp426008992-52] DEBUG org.eclipse.jetty.server.HttpChannel - onRequestComplete HttpChannelOverHttp@1dccebee{s=HttpChannelState@ab9a50e{s=HANDLING rs=BLOCKING os=OPEN is=IDLE awp=false se=false i=true al=0},r=2,c=false/false,a=HANDLING,uri=//localhost:8080/api/v0/components/provision-adapters/awx,age=8}
13:18:24.164 [qtp426008992-52] DEBUG org.eclipse.jetty.server.HttpInput - HttpInputOverHTTP@685569cf[c=0,q=0,[0]=null,s=STREAM] addContent EOF
13:18:24.164 [qtp426008992-52] DEBUG org.eclipse.jetty.server.HttpConnection - HttpConnection@2657044e::NetworkTrafficSocketChannelEndPoint@1e08cabe{/127.0.0.1:64982<->/127.0.0.1:8080,OPEN,fill=-,flush=-,to=8/30000}{io=1/0,kio=1,kro=1}->HttpConnection@2657044e[p=HttpParser{s=END,0 of -1},g=HttpGenerator@7ed27700{s=START}]=>HttpChannelOverHttp@1dccebee{s=HttpChannelState@ab9a50e{s=HANDLING rs=BLOCKING os=OPEN is=IDLE awp=false se=false i=true al=0},r=2,c=false/false,a=HANDLING,uri=//localhost:8080/api/v0/components/provision-adapters/awx,age=8} parsed false HttpParser{s=END,0 of -1}
13:18:24.164 [qtp426008992-52] DEBUG org.eclipse.jetty.server.HttpConnection - releaseRequestBuffer HttpConnection@2657044e::NetworkTrafficSocketChannelEndPoint@1e08cabe{/127.0.0.1:64982<->/127.0.0.1:8080,OPEN,fill=-,flush=-,to=8/30000}{io=1/0,kio=1,kro=1}->HttpConnection@2657044e[p=HttpParser{s=END,0 of -1},g=HttpGenerator@7ed27700{s=START}]=>HttpChannelOverHttp@1dccebee{s=HttpChannelState@ab9a50e{s=HANDLING rs=BLOCKING os=OPEN is=IDLE awp=false se=false i=true al=0},r=2,c=false/false,a=HANDLING,uri=//localhost:8080/api/v0/components/provision-adapters/awx,age=8}
13:18:24.164 [qtp426008992-52] DEBUG org.eclipse.jetty.server.HttpChannelState - onEof HttpChannelState@ab9a50e{s=HANDLING rs=BLOCKING os=OPEN is=IDLE awp=false se=false i=true al=0}
13:18:24.171 [qtp426008992-52] DEBUG org.eclipse.jetty.server.handler.gzip.GzipHttpOutputInterceptor - org.eclipse.jetty.server.handler.gzip.GzipHttpOutputInterceptor@35606d7a exclude by status 401
13:18:24.171 [qtp426008992-52] DEBUG org.eclipse.jetty.server.HttpChannel - sendResponse info=null content=HeapByteBuffer@137d328[p=0,l=0,c=0,r=0]={<<<>>>} complete=false committing=true callback=Blocker@3969eedd{null}
13:18:24.172 [qtp426008992-52] DEBUG org.eclipse.jetty.server.HttpChannel - COMMIT for /api/v0/components/provision-adapters/awx on HttpChannelOverHttp@1dccebee{s=HttpChannelState@ab9a50e{s=HANDLING rs=BLOCKING os=COMMITTED is=READY awp=false se=false i=true al=0},r=2,c=false/false,a=HANDLING,uri=//localhost:8080/api/v0/components/provision-adapters/awx,age=16}
401 null HTTP/1.1
Matched-Stub-Id: 80f785a6-cc11-4a27-a56f-35a2d569e527


13:18:24.175 [qtp426008992-52] DEBUG org.eclipse.jetty.server.HttpConnection - generate: NEED_HEADER for org.eclipse.jetty.server.HttpConnection$SendCallback@d2702c2[PROCESSING][i=HTTP/1.1{s=401,h=1,cl=-1},cb=org.eclipse.jetty.server.HttpChannel$SendCallback@315fff0e] (null,[p=0,l=0,c=0,r=0],false)@START
13:18:24.176 [qtp426008992-52] DEBUG org.eclipse.jetty.http.HttpGenerator - generateHeaders HTTP/1.1{s=401,h=1,cl=-1} last=false content=HeapByteBuffer@137d328[p=0,l=0,c=0,r=0]={<<<>>>}
13:18:24.176 [qtp426008992-52] DEBUG org.eclipse.jetty.http.HttpGenerator - Matched-Stub-Id: 80f785a6-cc11-4a27-a56f-35a2d569e527


13:18:24.177 [qtp426008992-52] DEBUG org.eclipse.jetty.http.HttpGenerator - CHUNKED_CONTENT
13:18:24.177 [qtp426008992-52] DEBUG org.eclipse.jetty.server.HttpConnection - generate: FLUSH for org.eclipse.jetty.server.HttpConnection$SendCallback@d2702c2[PROCESSING][i=HTTP/1.1{s=401,h=1,cl=-1},cb=org.eclipse.jetty.server.HttpChannel$SendCallback@315fff0e] ([p=0,l=145,c=8192,r=145],[p=0,l=0,c=0,r=0],false)@COMMITTED
13:18:24.177 [qtp426008992-52] DEBUG org.eclipse.jetty.io.WriteFlusher - write: WriteFlusher@4bce33a7{IDLE}->null [HeapByteBuffer@a250024[p=0,l=145,c=8192,r=145]={<<<HTTP/1.1 401 Unauthorized...y(9.4.28.v20200408)\r\n\r\n>>> Bearer s...\x00\x00\x00\x00\x00\x00\x00}]
13:18:24.177 [qtp426008992-52] DEBUG org.eclipse.jetty.io.WriteFlusher - update WriteFlusher@4bce33a7{WRITING}->null:IDLE-->WRITING
13:18:24.177 [qtp426008992-52] DEBUG org.eclipse.jetty.io.ChannelEndPoint - flushed 145 NetworkTrafficSocketChannelEndPoint@1e08cabe{/127.0.0.1:64982<->/127.0.0.1:8080,OPEN,fill=-,flush=W,to=21/30000}{io=1/0,kio=1,kro=1}->HttpConnection@2657044e[p=HttpParser{s=END,0 of -1},g=HttpGenerator@7ed27700{s=COMMITTED}]=>HttpChannelOverHttp@1dccebee{s=HttpChannelState@ab9a50e{s=HANDLING rs=BLOCKING os=COMMITTED is=READY awp=false se=false i=true al=0},r=2,c=false/false,a=HANDLING,uri=//localhost:8080/api/v0/components/provision-adapters/awx,age=21}
13:18:24.177 [qtp426008992-52] DEBUG org.eclipse.jetty.io.WriteFlusher - Flushed=true written=145 remaining=0 WriteFlusher@4bce33a7{WRITING}->null
13:18:24.177 [qtp426008992-52] DEBUG org.eclipse.jetty.io.WriteFlusher - update WriteFlusher@4bce33a7{IDLE}->null:WRITING-->IDLE
13:18:24.177 [qtp426008992-52] DEBUG org.eclipse.jetty.server.HttpConnection - generate: DONE for org.eclipse.jetty.server.HttpConnection$SendCallback@d2702c2[PROCESSING][i=HTTP/1.1{s=401,h=1,cl=-1},cb=org.eclipse.jetty.server.HttpChannel$SendCallback@315fff0e] ([p=145,l=145,c=8192,r=0],[p=0,l=0,c=0,r=0],false)@COMMITTED
13:18:24.177 [qtp426008992-52] DEBUG org.eclipse.jetty.server.HttpOutput - onWriteComplete(false,null) s=OPEN,api=BLOCKED,sc=false,e=null->s=OPEN,api=BLOCKING,sc=false,e=null c=null cb=null w=false
13:18:24.177 [qtp426008992-52] DEBUG org.eclipse.jetty.server.HttpOutput - close() s=CLOSING,api=BLOCKED,sc=false,e=null c=HeapByteBuffer@137d328[p=0,l=0,c=0,r=0]={<<<>>>} b=Blocker@3969eedd{null}
13:18:24.177 [qtp426008992-52] DEBUG org.eclipse.jetty.server.HttpChannel - sendResponse info=null content=HeapByteBuffer@137d328[p=0,l=0,c=0,r=0]={<<<>>>} complete=true committing=false callback=Blocker@3969eedd{null}
13:18:24.177 [qtp426008992-52] DEBUG org.eclipse.jetty.server.HttpConnection - generate: CONTINUE for org.eclipse.jetty.server.HttpConnection$SendCallback@d2702c2[PROCESSING][i=null,cb=org.eclipse.jetty.server.HttpChannel$SendCallback@745d6741] (null,[p=0,l=0,c=0,r=0],true)@COMPLETING
13:18:24.178 [qtp426008992-52] DEBUG org.eclipse.jetty.server.HttpConnection - generate: NEED_CHUNK for org.eclipse.jetty.server.HttpConnection$SendCallback@d2702c2[PROCESSING][i=null,cb=org.eclipse.jetty.server.HttpChannel$SendCallback@745d6741] (null,[p=0,l=0,c=0,r=0],true)@COMPLETING
13:18:24.178 [qtp426008992-52] DEBUG org.eclipse.jetty.server.HttpConnection - generate: FLUSH for org.eclipse.jetty.server.HttpConnection$SendCallback@d2702c2[PROCESSING][i=null,cb=org.eclipse.jetty.server.HttpChannel$SendCallback@745d6741] (null,[p=0,l=0,c=0,r=0],true)@COMPLETING
13:18:24.178 [qtp426008992-52] DEBUG org.eclipse.jetty.io.WriteFlusher - write: WriteFlusher@4bce33a7{IDLE}->null [HeapByteBuffer@420070ff[p=0,l=5,c=1024,r=5]={<<<0\r\n\r\n>>>\r\n\x00\x00\x00\x00\x00\x00\x00...\x00\x00\x00\x00\x00\x00\x00}]
13:18:24.178 [qtp426008992-52] DEBUG org.eclipse.jetty.io.WriteFlusher - update WriteFlusher@4bce33a7{WRITING}->null:IDLE-->WRITING
13:18:24.178 [qtp426008992-52] DEBUG org.eclipse.jetty.io.ChannelEndPoint - flushed 5 NetworkTrafficSocketChannelEndPoint@1e08cabe{/127.0.0.1:64982<->/127.0.0.1:8080,OPEN,fill=-,flush=W,to=0/30000}{io=1/0,kio=1,kro=1}->HttpConnection@2657044e[p=HttpParser{s=END,0 of -1},g=HttpGenerator@7ed27700{s=COMPLETING}]=>HttpChannelOverHttp@1dccebee{s=HttpChannelState@ab9a50e{s=HANDLING rs=BLOCKING os=COMMITTED is=READY awp=false se=false i=true al=0},r=2,c=false/false,a=HANDLING,uri=//localhost:8080/api/v0/components/provision-adapters/awx,age=22}
13:18:24.178 [qtp426008992-52] DEBUG org.eclipse.jetty.io.WriteFlusher - Flushed=true written=5 remaining=0 WriteFlusher@4bce33a7{WRITING}->null
13:18:24.178 [qtp426008992-52] DEBUG org.eclipse.jetty.io.WriteFlusher - update WriteFlusher@4bce33a7{IDLE}->null:WRITING-->IDLE
13:18:24.178 [qtp426008992-52] DEBUG org.eclipse.jetty.server.HttpConnection - generate: DONE for org.eclipse.jetty.server.HttpConnection$SendCallback@d2702c2[PROCESSING][i=null,cb=org.eclipse.jetty.server.HttpChannel$SendCallback@745d6741] (null,[p=0,l=0,c=0,r=0],true)@END
13:18:24.179 [qtp426008992-52] DEBUG org.eclipse.jetty.server.HttpOutput - onWriteComplete(true,null) s=CLOSING,api=BLOCKED,sc=false,e=null->s=CLOSED,api=BLOCKING,sc=false,e=null c=null cb=null w=false
13:18:24.179 [qtp426008992-52] DEBUG org.eclipse.jetty.server.Server - handled=true async=false committed=true on HttpChannelOverHttp@1dccebee{s=HttpChannelState@ab9a50e{s=HANDLING rs=BLOCKING os=COMPLETED is=READY awp=false se=false i=true al=0},r=2,c=false/true,a=HANDLING,uri=//localhost:8080/api/v0/components/provision-adapters/awx,age=23}
13:18:24.179 [qtp426008992-52] DEBUG org.eclipse.jetty.server.HttpChannelState - unhandle HttpChannelState@ab9a50e{s=HANDLING rs=BLOCKING os=COMPLETED is=READY awp=false se=false i=true al=0}
13:18:24.179 [qtp426008992-52] DEBUG org.eclipse.jetty.server.HttpChannelState - nextAction(false) COMPLETE HttpChannelState@ab9a50e{s=HANDLING rs=COMPLETING os=COMPLETED is=READY awp=false se=false i=false al=0}
13:18:24.179 [qtp426008992-52] DEBUG org.eclipse.jetty.server.HttpChannel - action COMPLETE HttpChannelOverHttp@1dccebee{s=HttpChannelState@ab9a50e{s=HANDLING rs=COMPLETING os=COMPLETED is=READY awp=false se=false i=false al=0},r=2,c=false/true,a=HANDLING,uri=//localhost:8080/api/v0/components/provision-adapters/awx,age=23}
13:18:24.179 [qtp426008992-52] DEBUG org.eclipse.jetty.server.HttpOutput - complete(org.eclipse.jetty.util.Callback$4@735e19d0) s=CLOSED,api=BLOCKING,sc=false,e=null s=true e=null, c=null
13:18:24.179 [qtp426008992-52] DEBUG org.eclipse.jetty.server.HttpChannelState - completed HttpChannelState@ab9a50e{s=HANDLING rs=COMPLETING os=COMPLETED is=READY awp=false se=false i=false al=0}
13:18:24.179 [qtp426008992-52] DEBUG org.eclipse.jetty.server.HttpChannelState - unhandle HttpChannelState@ab9a50e{s=HANDLING rs=COMPLETED os=COMPLETED is=READY awp=false se=false i=false al=0}
13:18:24.179 [qtp426008992-52] DEBUG org.eclipse.jetty.server.HttpChannelState - nextAction(false) TERMINATED HttpChannelState@ab9a50e{s=IDLE rs=COMPLETED os=COMPLETED is=READY awp=false se=false i=false al=0}
13:18:24.179 [qtp426008992-52] DEBUG org.eclipse.jetty.server.HttpChannel - action TERMINATED HttpChannelOverHttp@1dccebee{s=HttpChannelState@ab9a50e{s=IDLE rs=COMPLETED os=COMPLETED is=READY awp=false se=false i=false al=0},r=2,c=true/true,a=IDLE,uri=//localhost:8080/api/v0/components/provision-adapters/awx,age=23}
13:18:24.179 [qtp426008992-52] DEBUG org.eclipse.jetty.server.HttpChannel - onCompleted for /api/v0/components/provision-adapters/awx written=0
13:18:24.179 [qtp426008992-52] DEBUG org.eclipse.jetty.server.HttpChannelState - recycle HttpChannelState@ab9a50e{s=IDLE rs=COMPLETED os=COMPLETED is=READY awp=false se=false i=false al=0}
13:18:24.179 [qtp426008992-52] DEBUG org.eclipse.jetty.http.HttpParser - reset HttpParser{s=END,0 of -1}
13:18:24.179 [qtp426008992-52] DEBUG org.eclipse.jetty.http.HttpParser - END --> START
13:18:24.179 [qtp426008992-52] DEBUG org.eclipse.jetty.server.HttpChannel - !handle TERMINATED HttpChannelOverHttp@1dccebee{s=HttpChannelState@ab9a50e{s=IDLE rs=BLOCKING os=OPEN is=IDLE awp=false se=false i=true al=0},r=2,c=false/false,a=IDLE,uri=null,age=0}
13:18:24.179 [qtp426008992-52] DEBUG org.eclipse.jetty.io.ChannelEndPoint - filled 0 HeapByteBuffer@a250024[p=0,l=0,c=8192,r=0]={<<<>>>HTTP/1.1 ...\x00\x00\x00\x00\x00\x00\x00}
13:18:24.179 [qtp426008992-52] DEBUG org.eclipse.jetty.io.ChannelEndPoint - filled 0 HeapByteBuffer@a250024[p=0,l=0,c=8192,r=0]={<<<>>>HTTP/1.1 ...\x00\x00\x00\x00\x00\x00\x00}
13:18:24.180 [qtp426008992-52] DEBUG org.eclipse.jetty.server.HttpConnection - HttpConnection@2657044e::NetworkTrafficSocketChannelEndPoint@1e08cabe{/127.0.0.1:64982<->/127.0.0.1:8080,OPEN,fill=-,flush=-,to=1/30000}{io=1/0,kio=1,kro=1}->HttpConnection@2657044e[p=HttpParser{s=START,0 of -1},g=HttpGenerator@7ed27700{s=START}]=>HttpChannelOverHttp@1dccebee{s=HttpChannelState@ab9a50e{s=IDLE rs=BLOCKING os=OPEN is=IDLE awp=false se=false i=true al=0},r=2,c=false/false,a=IDLE,uri=null,age=0} filled 0 HeapByteBuffer@a250024[p=0,l=0,c=8192,r=0]={<<<>>>HTTP/1.1 ...\x00\x00\x00\x00\x00\x00\x00}
13:18:24.180 [qtp426008992-52] DEBUG org.eclipse.jetty.server.HttpConnection - HttpConnection@2657044e::NetworkTrafficSocketChannelEndPoint@1e08cabe{/127.0.0.1:64982<->/127.0.0.1:8080,OPEN,fill=-,flush=-,to=1/30000}{io=1/0,kio=1,kro=1}->HttpConnection@2657044e[p=HttpParser{s=START,0 of -1},g=HttpGenerator@7ed27700{s=START}]=>HttpChannelOverHttp@1dccebee{s=HttpChannelState@ab9a50e{s=IDLE rs=BLOCKING os=OPEN is=IDLE awp=false se=false i=true al=0},r=2,c=false/false,a=IDLE,uri=null,age=0} parse HeapByteBuffer@a250024[p=0,l=0,c=8192,r=0]={<<<>>>HTTP/1.1 ...\x00\x00\x00\x00\x00\x00\x00} {}
13:18:24.180 [qtp426008992-52] DEBUG org.eclipse.jetty.http.HttpParser - parseNext s=START HeapByteBuffer@a250024[p=0,l=0,c=8192,r=0]={<<<>>>HTTP/1.1 ...\x00\x00\x00\x00\x00\x00\x00}
13:18:24.180 [qtp426008992-52] DEBUG org.eclipse.jetty.server.HttpConnection - HttpConnection@2657044e::NetworkTrafficSocketChannelEndPoint@1e08cabe{/127.0.0.1:64982<->/127.0.0.1:8080,OPEN,fill=-,flush=-,to=1/30000}{io=1/0,kio=1,kro=1}->HttpConnection@2657044e[p=HttpParser{s=START,0 of -1},g=HttpGenerator@7ed27700{s=START}]=>HttpChannelOverHttp@1dccebee{s=HttpChannelState@ab9a50e{s=IDLE rs=BLOCKING os=OPEN is=IDLE awp=false se=false i=true al=0},r=2,c=false/false,a=IDLE,uri=null,age=0} parsed false HttpParser{s=START,0 of -1}
13:18:24.180 [qtp426008992-52] DEBUG org.eclipse.jetty.server.HttpConnection - releaseRequestBuffer HttpConnection@2657044e::NetworkTrafficSocketChannelEndPoint@1e08cabe{/127.0.0.1:64982<->/127.0.0.1:8080,OPEN,fill=-,flush=-,to=1/30000}{io=1/0,kio=1,kro=1}->HttpConnection@2657044e[p=HttpParser{s=START,0 of -1},g=HttpGenerator@7ed27700{s=START}]=>HttpChannelOverHttp@1dccebee{s=HttpChannelState@ab9a50e{s=IDLE rs=BLOCKING os=OPEN is=IDLE awp=false se=false i=true al=0},r=2,c=false/false,a=IDLE,uri=null,age=0}
13:18:24.180 [qtp426008992-52] DEBUG org.eclipse.jetty.io.AbstractConnection - fillInterested HttpConnection@2657044e::NetworkTrafficSocketChannelEndPoint@1e08cabe{/127.0.0.1:64982<->/127.0.0.1:8080,OPEN,fill=-,flush=-,to=1/30000}{io=1/0,kio=1,kro=1}->HttpConnection@2657044e[p=HttpParser{s=START,0 of -1},g=HttpGenerator@7ed27700{s=START}]=>HttpChannelOverHttp@1dccebee{s=HttpChannelState@ab9a50e{s=IDLE rs=BLOCKING os=OPEN is=IDLE awp=false se=false i=true al=0},r=2,c=false/false,a=IDLE,uri=null,age=0}
13:18:24.180 [qtp426008992-52] DEBUG org.eclipse.jetty.io.FillInterest - interested FillInterest@43b70af{AC.ReadCB@2657044e{HttpConnection@2657044e::NetworkTrafficSocketChannelEndPoint@1e08cabe{/127.0.0.1:64982<->/127.0.0.1:8080,OPEN,fill=FI,flush=-,to=0/30000}{io=1/0,kio=1,kro=1}->HttpConnection@2657044e[p=HttpParser{s=START,0 of -1},g=HttpGenerator@7ed27700{s=START}]=>HttpChannelOverHttp@1dccebee{s=HttpChannelState@ab9a50e{s=IDLE rs=BLOCKING os=OPEN is=IDLE awp=false se=false i=true al=0},r=2,c=false/false,a=IDLE,uri=null,age=0}}}
13:18:24.180 [qtp426008992-52] DEBUG org.eclipse.jetty.io.ChannelEndPoint - changeInterests p=true 0->1 for NetworkTrafficSocketChannelEndPoint@1e08cabe{/127.0.0.1:64982<->/127.0.0.1:8080,OPEN,fill=FI,flush=-,to=0/30000}{io=1/1,kio=1,kro=1}->HttpConnection@2657044e[p=HttpParser{s=START,0 of -1},g=HttpGenerator@7ed27700{s=START}]=>HttpChannelOverHttp@1dccebee{s=HttpChannelState@ab9a50e{s=IDLE rs=BLOCKING os=OPEN is=IDLE awp=false se=false i=true al=0},r=2,c=false/false,a=IDLE,uri=null,age=0}
13:18:24.180 [qtp426008992-52] DEBUG org.eclipse.jetty.server.HttpConnection - HttpConnection@2657044e::NetworkTrafficSocketChannelEndPoint@1e08cabe{/127.0.0.1:64982<->/127.0.0.1:8080,OPEN,fill=FI,flush=-,to=0/30000}{io=1/1,kio=1,kro=1}->HttpConnection@2657044e[p=HttpParser{s=START,0 of -1},g=HttpGenerator@7ed27700{s=START}]=>HttpChannelOverHttp@1dccebee{s=HttpChannelState@ab9a50e{s=IDLE rs=BLOCKING os=OPEN is=IDLE awp=false se=false i=true al=0},r=2,c=false/false,a=IDLE,uri=null,age=0} onFillable exit HttpChannelState@ab9a50e{s=IDLE rs=BLOCKING os=OPEN is=IDLE awp=false se=false i=true al=0} null
13:18:24.180 [qtp426008992-52] DEBUG org.eclipse.jetty.io.ManagedSelector - updateable 0
13:18:24.180 [qtp426008992-52] DEBUG org.eclipse.jetty.io.ManagedSelector - updates 0
13:18:24.181 [qtp426008992-52] DEBUG org.eclipse.jetty.io.ChannelEndPoint - Key interests updated 1 -> 1 on NetworkTrafficSocketChannelEndPoint@1e08cabe{/127.0.0.1:64982<->/127.0.0.1:8080,OPEN,fill=FI,flush=-,to=0/30000}{io=1/1,kio=1,kro=1}->HttpConnection@2657044e[p=HttpParser{s=START,0 of -1},g=HttpGenerator@7ed27700{s=START}]=>HttpChannelOverHttp@1dccebee{s=HttpChannelState@ab9a50e{s=IDLE rs=BLOCKING os=OPEN is=IDLE awp=false se=false i=true al=0},r=2,c=false/false,a=IDLE,uri=null,age=0}
13:18:24.181 [qtp426008992-52] DEBUG org.eclipse.jetty.io.ManagedSelector - Selector sun.nio.ch.WindowsSelectorImpl@16bcf70e waiting with 1 keys
13:18:24.181 [reactor-http-nio-2] DEBUG reactor.netty.http.client.HttpClientOperations - [id: 0xc0251bc0, L:/127.0.0.1:64982 - R:localhost/127.0.0.1:8080] Received response (auto-read:false) : [Matched-Stub-Id=80f785a6-cc11-4a27-a56f-35a2d569e527, Transfer-Encoding=chunked, Server=Jetty(9.4.28.v20200408)]
13:18:24.182 [reactor-http-nio-2] DEBUG reactor.netty.resources.PooledConnectionProvider - [id: 0xc0251bc0, L:/127.0.0.1:64982 - R:localhost/127.0.0.1:8080] onStateChange(GET{uri=/api/v0/components/provision-adapters/awx, connection=PooledConnection{channel=[id: 0xc0251bc0, L:/127.0.0.1:64982 - R:localhost/127.0.0.1:8080]}}, [response_received])
13:18:24.182 [reactor-http-nio-2] DEBUG org.springframework.web.reactive.function.client.ExchangeFunctions - [5776e38e] Response 401 UNAUTHORIZED
13:18:24.183 [reactor-http-nio-2] DEBUG reactor.netty.channel.FluxReceive - [id: 0xc0251bc0, L:/127.0.0.1:64982 - R:localhost/127.0.0.1:8080] Subscribing inbound receiver [pending: 0, cancelled:false, inboundDone: false]
13:18:24.183 [reactor-http-nio-2] DEBUG reactor.netty.http.client.HttpClientOperations - [id: 0xc0251bc0, L:/127.0.0.1:64982 - R:localhost/127.0.0.1:8080] Received last HTTP packet
13:18:24.185 [reactor-http-nio-2] DEBUG reactor.netty.resources.PooledConnectionProvider - [id: 0xc0251bc0, L:/127.0.0.1:64982 - R:localhost/127.0.0.1:8080] onStateChange(GET{uri=/api/v0/components/provision-adapters/awx, connection=PooledConnection{channel=[id: 0xc0251bc0, L:/127.0.0.1:64982 - R:localhost/127.0.0.1:8080]}}, [response_completed])
13:18:24.185 [reactor-http-nio-2] DEBUG reactor.netty.ReactorNetty - [id: 0xc0251bc0, L:/127.0.0.1:64982 - R:localhost/127.0.0.1:8080] Removed handler: ReadTimeoutHandler, pipeline: DefaultChannelPipeline{(reactor.left.httpCodec = io.netty.handler.codec.http.HttpClientCodec), (WriteTimeoutHandler = io.netty.handler.timeout.WriteTimeoutHandler), (reactor.right.reactiveBridge = reactor.netty.channel.ChannelOperationsHandler)}
13:18:24.185 [reactor-http-nio-2] DEBUG reactor.netty.ReactorNetty - [id: 0xc0251bc0, L:/127.0.0.1:64982 - R:localhost/127.0.0.1:8080] Removed handler: WriteTimeoutHandler, pipeline: DefaultChannelPipeline{(reactor.left.httpCodec = io.netty.handler.codec.http.HttpClientCodec), (reactor.right.reactiveBridge = reactor.netty.channel.ChannelOperationsHandler)}
13:18:24.185 [reactor-http-nio-2] DEBUG reactor.netty.resources.PooledConnectionProvider - [id: 0xc0251bc0, L:/127.0.0.1:64982 - R:localhost/127.0.0.1:8080] onStateChange(GET{uri=/api/v0/components/provision-adapters/awx, connection=PooledConnection{channel=[id: 0xc0251bc0, L:/127.0.0.1:64982 - R:localhost/127.0.0.1:8080]}}, [disconnecting])
13:18:24.185 [reactor-http-nio-2] DEBUG reactor.netty.resources.PooledConnectionProvider - [id: 0xc0251bc0, L:/127.0.0.1:64982 - R:localhost/127.0.0.1:8080] Releasing channel
13:18:24.186 [reactor-http-nio-2] DEBUG reactor.netty.resources.PooledConnectionProvider - [id: 0xc0251bc0, L:/127.0.0.1:64982 - R:localhost/127.0.0.1:8080] Channel cleaned, now 0 active connections and 2 inactive connections
13:18:24.246 [parallel-1] INFO com.bi.edp.catalog.adapter.provision_adapters.ProvisionAdaptersClient - ProvisionAdaptersClient unauthorized, trying to log in
13:18:24.252 [parallel-1] DEBUG org.springframework.web.reactive.function.client.ExchangeFunctions - [78ed6210] HTTP POST http://localhost:8080/api/v0/components/login
13:18:24.253 [reactor-http-nio-2] DEBUG reactor.netty.resources.PooledConnectionProvider - [id: 0x1fcc8038, L:/127.0.0.1:64983 - R:localhost/127.0.0.1:8080] Channel acquired, now 1 active connections and 1 inactive connections
13:18:24.253 [qtp426008992-51] DEBUG org.eclipse.jetty.util.thread.QueuedThreadPool - run ReservedThreadExecutor@126c668c{s=0/1,p=1}@3ba7947e in QueuedThreadPool[qtp426008992]@196461a0{STARTED,8<=8<=14,i=1,r=1,q=0}[ReservedThreadExecutor@126c668c{s=0/1,p=1}]
13:18:24.253 [reactor-http-nio-2] DEBUG reactor.netty.ReactorNetty - [id: 0x1fcc8038, L:/127.0.0.1:64983 - R:localhost/127.0.0.1:8080] Added decoder [ReadTimeoutHandler] at the end of the user pipeline, full pipeline: [reactor.left.httpCodec, ReadTimeoutHandler, reactor.right.reactiveBridge, DefaultChannelPipeline$TailContext#0]
13:18:24.253 [reactor-http-nio-2] DEBUG reactor.netty.ReactorNetty - [id: 0x1fcc8038, L:/127.0.0.1:64983 - R:localhost/127.0.0.1:8080] Added decoder [WriteTimeoutHandler] at the end of the user pipeline, full pipeline: [reactor.left.httpCodec, ReadTimeoutHandler, WriteTimeoutHandler, reactor.right.reactiveBridge, DefaultChannelPipeline$TailContext#0]
13:18:24.254 [reactor-http-nio-2] DEBUG reactor.netty.http.client.HttpClientConnect - [id: 0x1fcc8038, L:/127.0.0.1:64983 - R:localhost/127.0.0.1:8080] Handler is being applied: {uri=http://localhost:8080/api/v0/components/login, method=POST}
13:18:24.254 [qtp426008992-51] DEBUG org.eclipse.jetty.util.thread.ReservedThreadExecutor - ReservedThreadExecutor@126c668c{s=1/1,p=1}@3ba7947e started
13:18:24.254 [qtp426008992-51] DEBUG org.eclipse.jetty.util.thread.ReservedThreadExecutor - ReservedThreadExecutor@126c668c{s=1/1,p=0}@3ba7947e waiting
13:18:24.254 [reactor-http-nio-2] DEBUG reactor.netty.resources.PooledConnectionProvider - [id: 0x1fcc8038, L:/127.0.0.1:64983 - R:localhost/127.0.0.1:8080] onStateChange(POST{uri=/api/v0/components/login, connection=PooledConnection{channel=[id: 0x1fcc8038, L:/127.0.0.1:64983 - R:localhost/127.0.0.1:8080]}}, [request_prepared])
13:18:24.254 [reactor-http-nio-2] DEBUG org.springframework.core.codec.CharSequenceEncoder - [78ed6210] Writing "{"password":"123456","username":"catalogClientApi"}"
13:18:24.256 [reactor-http-nio-2] DEBUG reactor.netty.resources.PooledConnectionProvider - [id: 0x1fcc8038, L:/127.0.0.1:64983 - R:localhost/127.0.0.1:8080] onStateChange(POST{uri=/api/v0/components/login, connection=PooledConnection{channel=[id: 0x1fcc8038, L:/127.0.0.1:64983 - R:localhost/127.0.0.1:8080]}}, [request_sent])
13:18:24.256 [qtp426008992-50] DEBUG org.eclipse.jetty.io.ManagedSelector - Selector sun.nio.ch.WindowsSelectorImpl@25487540 woken up from select, 1/1/2 selected
13:18:24.256 [qtp426008992-50] DEBUG org.eclipse.jetty.io.ManagedSelector - Selector sun.nio.ch.WindowsSelectorImpl@25487540 processing 1 keys, 0 updates
13:18:24.256 [qtp426008992-50] DEBUG org.eclipse.jetty.io.ManagedSelector - selected 1 channel=java.nio.channels.SocketChannel[connected local=/127.0.0.1:8080 remote=/127.0.0.1:64983], selector=sun.nio.ch.WindowsSelectorImpl@25487540, interestOps=1, readyOps=1 NetworkTrafficSocketChannelEndPoint@5d863db4{/127.0.0.1:64983<->/127.0.0.1:8080,OPEN,fill=FI,flush=-,to=1022/30000}{io=1/1,kio=1,kro=1}->HttpConnection@45006067[p=HttpParser{s=START,0 of -1},g=HttpGenerator@29079eee{s=START}]=>HttpChannelOverHttp@30012b73{s=HttpChannelState@6f608bd4{s=IDLE rs=BLOCKING os=OPEN is=IDLE awp=false se=false i=true al=0},r=1,c=false/false,a=IDLE,uri=null,age=0} 
13:18:24.256 [qtp426008992-50] DEBUG org.eclipse.jetty.io.ChannelEndPoint - onSelected 1->0 r=true w=false for NetworkTrafficSocketChannelEndPoint@5d863db4{/127.0.0.1:64983<->/127.0.0.1:8080,OPEN,fill=FI,flush=-,to=1022/30000}{io=1/0,kio=1,kro=1}->HttpConnection@45006067[p=HttpParser{s=START,0 of -1},g=HttpGenerator@29079eee{s=START}]=>HttpChannelOverHttp@30012b73{s=HttpChannelState@6f608bd4{s=IDLE rs=BLOCKING os=OPEN is=IDLE awp=false se=false i=true al=0},r=1,c=false/false,a=IDLE,uri=null,age=0}
13:18:24.257 [qtp426008992-50] DEBUG org.eclipse.jetty.io.ChannelEndPoint - task CEP:NetworkTrafficSocketChannelEndPoint@5d863db4{/127.0.0.1:64983<->/127.0.0.1:8080,OPEN,fill=FI,flush=-,to=1022/30000}{io=1/0,kio=1,kro=1}->HttpConnection@45006067[p=HttpParser{s=START,0 of -1},g=HttpGenerator@29079eee{s=START}]=>HttpChannelOverHttp@30012b73{s=HttpChannelState@6f608bd4{s=IDLE rs=BLOCKING os=OPEN is=IDLE awp=false se=false i=true al=0},r=1,c=false/false,a=IDLE,uri=null,age=0}:runFillable:BLOCKING
13:18:24.257 [qtp426008992-50] DEBUG org.eclipse.jetty.util.thread.ReservedThreadExecutor - ReservedThreadExecutor@126c668c{s=1/1,p=0} tryExecute EatWhatYouKill@4c8c9eee/SelectorProducer@4614c16f/REPRODUCING/p=false/QueuedThreadPool[qtp426008992]@196461a0{STARTED,8<=8<=14,i=1,r=1,q=0}[ReservedThreadExecutor@126c668c{s=1/1,p=0}][pc=0,pic=0,pec=1,epc=2]@2020-09-25T13:18:24.2572519+02:00
13:18:24.257 [qtp426008992-50] DEBUG org.eclipse.jetty.util.thread.ReservedThreadExecutor - ReservedThreadExecutor@126c668c{s=0/1,p=0}@3ba7947e offer EatWhatYouKill@4c8c9eee/SelectorProducer@4614c16f/REPRODUCING/p=false/QueuedThreadPool[qtp426008992]@196461a0{STARTED,8<=8<=14,i=1,r=1,q=0}[ReservedThreadExecutor@126c668c{s=0/1,p=0}][pc=0,pic=0,pec=1,epc=2]@2020-09-25T13:18:24.2572519+02:00
13:18:24.257 [qtp426008992-50] DEBUG org.eclipse.jetty.util.thread.ReservedThreadExecutor - ReservedThreadExecutor@126c668c{s=0/1,p=1} startReservedThread p=1
13:18:24.257 [qtp426008992-50] DEBUG org.eclipse.jetty.util.thread.QueuedThreadPool - queue ReservedThreadExecutor@126c668c{s=0/1,p=1}@2da50782 startThread=0
13:18:24.257 [qtp426008992-50] DEBUG org.eclipse.jetty.util.thread.strategy.EatWhatYouKill - EatWhatYouKill@4c8c9eee/SelectorProducer@4614c16f/IDLE/p=true/QueuedThreadPool[qtp426008992]@196461a0{STARTED,8<=8<=14,i=0,r=1,q=0}[ReservedThreadExecutor@126c668c{s=0/1,p=1}][pc=0,pic=0,pec=1,epc=2]@2020-09-25T13:18:24.2572519+02:00 m=EXECUTE_PRODUCE_CONSUME t=CEP:NetworkTrafficSocketChannelEndPoint@5d863db4{/127.0.0.1:64983<->/127.0.0.1:8080,OPEN,fill=FI,flush=-,to=1023/30000}{io=1/0,kio=1,kro=1}->HttpConnection@45006067[p=HttpParser{s=START,0 of -1},g=HttpGenerator@29079eee{s=START}]=>HttpChannelOverHttp@30012b73{s=HttpChannelState@6f608bd4{s=IDLE rs=BLOCKING os=OPEN is=IDLE awp=false se=false i=true al=0},r=1,c=false/false,a=IDLE,uri=null,age=0}:runFillable:BLOCKING/BLOCKING
13:18:24.257 [qtp426008992-50] DEBUG org.eclipse.jetty.io.FillInterest - fillable FillInterest@10e4720e{AC.ReadCB@45006067{HttpConnection@45006067::NetworkTrafficSocketChannelEndPoint@5d863db4{/127.0.0.1:64983<->/127.0.0.1:8080,OPEN,fill=FI,flush=-,to=1023/30000}{io=1/0,kio=1,kro=1}->HttpConnection@45006067[p=HttpParser{s=START,0 of -1},g=HttpGenerator@29079eee{s=START}]=>HttpChannelOverHttp@30012b73{s=HttpChannelState@6f608bd4{s=IDLE rs=BLOCKING os=OPEN is=IDLE awp=false se=false i=true al=0},r=1,c=false/false,a=IDLE,uri=null,age=0}}}
13:18:24.258 [qtp426008992-50] DEBUG org.eclipse.jetty.server.HttpConnection - HttpConnection@45006067::NetworkTrafficSocketChannelEndPoint@5d863db4{/127.0.0.1:64983<->/127.0.0.1:8080,OPEN,fill=-,flush=-,to=1023/30000}{io=1/0,kio=1,kro=1}->HttpConnection@45006067[p=HttpParser{s=START,0 of -1},g=HttpGenerator@29079eee{s=START}]=>HttpChannelOverHttp@30012b73{s=HttpChannelState@6f608bd4{s=IDLE rs=BLOCKING os=OPEN is=IDLE awp=false se=false i=true al=0},r=1,c=false/false,a=IDLE,uri=null,age=0} onFillable enter HttpChannelState@6f608bd4{s=IDLE rs=BLOCKING os=OPEN is=IDLE awp=false se=false i=true al=0} null
13:18:24.259 [qtp426008992-50] DEBUG org.eclipse.jetty.io.ChannelEndPoint - filled 220 HeapByteBuffer@a250024[p=0,l=220,c=8192,r=220]={<<<POST /api/v0/components/l...me":"catalogClientApi"}>>>1-4a27-a5...\x00\x00\x00\x00\x00\x00\x00}
13:18:24.259 [qtp426008992-50] DEBUG org.eclipse.jetty.server.HttpConnection - HttpConnection@45006067::NetworkTrafficSocketChannelEndPoint@5d863db4{/127.0.0.1:64983<->/127.0.0.1:8080,OPEN,fill=-,flush=-,to=0/30000}{io=1/0,kio=1,kro=1}->HttpConnection@45006067[p=HttpParser{s=START,0 of -1},g=HttpGenerator@29079eee{s=START}]=>HttpChannelOverHttp@30012b73{s=HttpChannelState@6f608bd4{s=IDLE rs=BLOCKING os=OPEN is=IDLE awp=false se=false i=true al=0},r=1,c=false/false,a=IDLE,uri=null,age=0} filled 220 HeapByteBuffer@a250024[p=0,l=220,c=8192,r=220]={<<<POST /api/v0/components/l...me":"catalogClientApi"}>>>1-4a27-a5...\x00\x00\x00\x00\x00\x00\x00}
13:18:24.260 [qtp426008992-50] DEBUG org.eclipse.jetty.server.HttpConnection - HttpConnection@45006067::NetworkTrafficSocketChannelEndPoint@5d863db4{/127.0.0.1:64983<->/127.0.0.1:8080,OPEN,fill=-,flush=-,to=1/30000}{io=1/0,kio=1,kro=1}->HttpConnection@45006067[p=HttpParser{s=START,0 of -1},g=HttpGenerator@29079eee{s=START}]=>HttpChannelOverHttp@30012b73{s=HttpChannelState@6f608bd4{s=IDLE rs=BLOCKING os=OPEN is=IDLE awp=false se=false i=true al=0},r=1,c=false/false,a=IDLE,uri=null,age=0} parse HeapByteBuffer@a250024[p=0,l=220,c=8192,r=220]={<<<POST /api/v0/components/l...me":"catalogClientApi"}>>>1-4a27-a5...\x00\x00\x00\x00\x00\x00\x00} {}
13:18:24.260 [qtp426008992-50] DEBUG org.eclipse.jetty.http.HttpParser - parseNext s=START HeapByteBuffer@a250024[p=0,l=220,c=8192,r=220]={<<<POST /api/v0/components/l...me":"catalogClientApi"}>>>1-4a27-a5...\x00\x00\x00\x00\x00\x00\x00}
13:18:24.260 [qtp426008992-50] DEBUG org.eclipse.jetty.http.HttpParser - START --> SPACE1
13:18:24.260 [qtp426008992-50] DEBUG org.eclipse.jetty.http.HttpParser - SPACE1 --> URI
13:18:24.260 [qtp426008992-50] DEBUG org.eclipse.jetty.http.HttpParser - URI --> SPACE2
13:18:24.260 [qtp426008992-50] DEBUG org.eclipse.jetty.http.HttpParser - SPACE2 --> REQUEST_VERSION
13:18:24.260 [qtp426008992-50] DEBUG org.eclipse.jetty.http.HttpParser - REQUEST_VERSION --> HEADER
13:18:24.261 [qtp426008992-50] DEBUG org.eclipse.jetty.http.HttpParser - HEADER:User-Agent: ReactorNetty/0.9.7.RELEASE --> IN_VALUE
13:18:24.261 [qtp426008992-50] DEBUG org.eclipse.jetty.http.HttpParser - HEADER:User-Agent: ReactorNetty/0.9.7.RELEASE --> FIELD
13:18:24.261 [qtp426008992-50] DEBUG org.eclipse.jetty.http.HttpParser - HEADER:Host: localhost:8080 --> IN_VALUE
13:18:24.261 [qtp426008992-50] DEBUG org.eclipse.jetty.http.HttpParser - HEADER:Host: localhost:8080 --> FIELD
13:18:24.261 [qtp426008992-50] DEBUG org.eclipse.jetty.http.HttpParser - HEADER:Accept: */* --> IN_VALUE
13:18:24.261 [qtp426008992-50] DEBUG org.eclipse.jetty.http.HttpParser - HEADER:Accept: */* --> FIELD
13:18:24.261 [qtp426008992-50] DEBUG org.eclipse.jetty.http.HttpParser - HEADER:Content-Type: application/json --> IN_VALUE
13:18:24.261 [qtp426008992-50] DEBUG org.eclipse.jetty.http.HttpParser - HEADER:Content-Type: application/json --> FIELD
13:18:24.261 [qtp426008992-50] DEBUG org.eclipse.jetty.http.HttpParser - HEADER:Content-Length --> VALUE
13:18:24.261 [qtp426008992-50] DEBUG org.eclipse.jetty.http.HttpParser - HEADER:Content-Length --> IN_VALUE
13:18:24.261 [qtp426008992-50] DEBUG org.eclipse.jetty.http.HttpParser - HEADER:Content-Length --> FIELD
13:18:24.261 [qtp426008992-50] DEBUG org.eclipse.jetty.http.HttpParser - HEADER --> CONTENT
13:18:24.261 [qtp426008992-50] DEBUG org.eclipse.jetty.server.HttpChannel - REQUEST for //localhost:8080/api/v0/components/login on HttpChannelOverHttp@30012b73{s=HttpChannelState@6f608bd4{s=IDLE rs=BLOCKING os=OPEN is=IDLE awp=false se=false i=true al=0},r=2,c=false/false,a=IDLE,uri=//localhost:8080/api/v0/components/login,age=0}
POST //localhost:8080/api/v0/components/login HTTP/1.1
User-Agent: ReactorNetty/0.9.7.RELEASE
Host: localhost:8080
Accept: */*
Content-Type: application/json
Content-Length: 51


13:18:24.261 [qtp426008992-50] DEBUG org.eclipse.jetty.server.HttpConnection - HttpConnection@45006067::NetworkTrafficSocketChannelEndPoint@5d863db4{/127.0.0.1:64983<->/127.0.0.1:8080,OPEN,fill=-,flush=-,to=2/30000}{io=1/0,kio=1,kro=1}->HttpConnection@45006067[p=HttpParser{s=CONTENT,0 of 51},g=HttpGenerator@29079eee{s=START}]=>HttpChannelOverHttp@30012b73{s=HttpChannelState@6f608bd4{s=IDLE rs=BLOCKING os=OPEN is=IDLE awp=false se=false i=true al=0},r=2,c=false/false,a=IDLE,uri=//localhost:8080/api/v0/components/login,age=0} parsed true HttpParser{s=CONTENT,0 of 51}
13:18:24.261 [qtp426008992-50] DEBUG org.eclipse.jetty.server.HttpChannel - handle //localhost:8080/api/v0/components/login HttpChannelOverHttp@30012b73{s=HttpChannelState@6f608bd4{s=IDLE rs=BLOCKING os=OPEN is=IDLE awp=false se=false i=true al=0},r=2,c=false/false,a=IDLE,uri=//localhost:8080/api/v0/components/login,age=0} 
13:18:24.261 [qtp426008992-50] DEBUG org.eclipse.jetty.server.HttpChannelState - handling HttpChannelState@6f608bd4{s=IDLE rs=BLOCKING os=OPEN is=IDLE awp=false se=false i=true al=0}
13:18:24.262 [qtp426008992-50] DEBUG org.eclipse.jetty.server.HttpChannel - action DISPATCH HttpChannelOverHttp@30012b73{s=HttpChannelState@6f608bd4{s=HANDLING rs=BLOCKING os=OPEN is=IDLE awp=false se=false i=true al=0},r=2,c=false/false,a=HANDLING,uri=//localhost:8080/api/v0/components/login,age=1}
13:18:24.262 [qtp426008992-50] DEBUG org.eclipse.jetty.server.Server - REQUEST POST /api/v0/components/login on HttpChannelOverHttp@30012b73{s=HttpChannelState@6f608bd4{s=HANDLING rs=BLOCKING os=OPEN is=IDLE awp=false se=false i=true al=0},r=2,c=false/false,a=HANDLING,uri=//localhost:8080/api/v0/components/login,age=1}
13:18:24.262 [qtp426008992-50] DEBUG org.eclipse.jetty.server.handler.ContextHandler - scope null||/api/v0/components/login @ o.e.j.s.ServletContextHandler@5219ca04{/__admin,null,AVAILABLE}
13:18:24.262 [qtp426008992-50] DEBUG org.eclipse.jetty.server.handler.gzip.GzipHandler - GzipHandler@3867a06c{STARTED,min=32,inflate=-1} handle Request(POST //localhost:8080/api/v0/components/login)@696ae568 in null
13:18:24.262 [qtp426008992-50] DEBUG org.eclipse.jetty.server.handler.ContextHandler - scope null||/api/v0/components/login @ o.e.j.s.ServletContextHandler@3ff531df{/,null,AVAILABLE}
13:18:24.262 [qtp426008992-50] DEBUG org.eclipse.jetty.server.handler.ContextHandler - context=||/api/v0/components/login @ o.e.j.s.ServletContextHandler@3ff531df{/,null,AVAILABLE}
13:18:24.262 [qtp426008992-50] DEBUG org.eclipse.jetty.servlet.ServletHandler - servlet |/api/v0/components/login|null -> com.github.tomakehurst.wiremock.servlet.WireMockHandlerDispatchingServlet-7be4ba4c@9f5184b6==com.github.tomakehurst.wiremock.servlet.WireMockHandlerDispatchingServlet,jsp=null,order=-1,inst=true,async=true
13:18:24.263 [qtp426008992-50] DEBUG org.eclipse.jetty.servlet.ServletHandler - chain=org.eclipse.jetty.servlets.CrossOriginFilter-1178684b@1178684b==org.eclipse.jetty.servlets.CrossOriginFilter,inst=true,async=true->com.github.tomakehurst.wiremock.servlet.WireMockHandlerDispatchingServlet-7be4ba4c@9f5184b6==com.github.tomakehurst.wiremock.servlet.WireMockHandlerDispatchingServlet,jsp=null,order=-1,inst=true,async=true
13:18:24.263 [qtp426008992-50] DEBUG org.eclipse.jetty.servlet.ServletHandler - call filter org.eclipse.jetty.servlets.CrossOriginFilter-1178684b@1178684b==org.eclipse.jetty.servlets.CrossOriginFilter,inst=true,async=true
13:18:24.263 [qtp426008992-50] DEBUG org.eclipse.jetty.servlet.ServletHandler - call servlet com.github.tomakehurst.wiremock.servlet.WireMockHandlerDispatchingServlet-7be4ba4c@9f5184b6==com.github.tomakehurst.wiremock.servlet.WireMockHandlerDispatchingServlet,jsp=null,order=-1,inst=true,async=true
13:18:24.264 [qtp426008992-50] DEBUG org.eclipse.jetty.server.HttpConnection - HttpConnection@45006067::NetworkTrafficSocketChannelEndPoint@5d863db4{/127.0.0.1:64983<->/127.0.0.1:8080,OPEN,fill=-,flush=-,to=5/30000}{io=1/0,kio=1,kro=1}->HttpConnection@45006067[p=HttpParser{s=CONTENT,0 of 51},g=HttpGenerator@29079eee{s=START}]=>HttpChannelOverHttp@30012b73{s=HttpChannelState@6f608bd4{s=HANDLING rs=BLOCKING os=OPEN is=IDLE awp=false se=false i=true al=0},r=2,c=false/false,a=HANDLING,uri=//localhost:8080/api/v0/components/login,age=3} parse HeapByteBuffer@a250024[p=169,l=220,c=8192,r=51]={POST /api... 51\r\n\r\n<<<{"password":"123456","use...me":"catalogClientApi"}>>>1-4a27-a5...\x00\x00\x00\x00\x00\x00\x00} {}
13:18:24.264 [qtp426008992-50] DEBUG org.eclipse.jetty.http.HttpParser - parseNext s=CONTENT HeapByteBuffer@a250024[p=169,l=220,c=8192,r=51]={POST /api... 51\r\n\r\n<<<{"password":"123456","use...me":"catalogClientApi"}>>>1-4a27-a5...\x00\x00\x00\x00\x00\x00\x00}
13:18:24.264 [qtp426008992-50] DEBUG org.eclipse.jetty.server.HttpChannel - onContent HttpChannelOverHttp@30012b73{s=HttpChannelState@6f608bd4{s=HANDLING rs=BLOCKING os=OPEN is=IDLE awp=false se=false i=true al=0},r=2,c=false/false,a=HANDLING,uri=//localhost:8080/api/v0/components/login,age=3} Content@2bde1870{HeapByteBufferR@469587b0[p=169,l=220,c=8192,r=51]={POST /api... 51\r\n\r\n<<<{"password":"123456","use...me":"catalogClientApi"}>>>1-4a27-a5...\x00\x00\x00\x00\x00\x00\x00}}
13:18:24.264 [qtp426008992-50] DEBUG org.eclipse.jetty.server.HttpInput - HttpInputOverHTTP@1735eebe[c=0,q=0,[0]=null,s=STREAM] addContent Content@2bde1870{HeapByteBufferR@469587b0[p=169,l=220,c=8192,r=51]={POST /api... 51\r\n\r\n<<<{"password":"123456","use...me":"catalogClientApi"}>>>1-4a27-a5...\x00\x00\x00\x00\x00\x00\x00}}
13:18:24.264 [qtp426008992-50] DEBUG org.eclipse.jetty.http.HttpParser - CONTENT --> CONTENT_END
13:18:24.264 [qtp426008992-50] DEBUG org.eclipse.jetty.server.HttpChannel - onContentComplete HttpChannelOverHttp@30012b73{s=HttpChannelState@6f608bd4{s=HANDLING rs=BLOCKING os=OPEN is=IDLE awp=false se=false i=true al=0},r=2,c=false/false,a=HANDLING,uri=//localhost:8080/api/v0/components/login,age=3}
13:18:24.264 [qtp426008992-50] DEBUG org.eclipse.jetty.http.HttpParser - CONTENT_END --> END
13:18:24.264 [qtp426008992-50] DEBUG org.eclipse.jetty.server.HttpChannel - onRequestComplete HttpChannelOverHttp@30012b73{s=HttpChannelState@6f608bd4{s=HANDLING rs=BLOCKING os=OPEN is=IDLE awp=false se=false i=true al=0},r=2,c=false/false,a=HANDLING,uri=//localhost:8080/api/v0/components/login,age=3}
13:18:24.264 [qtp426008992-50] DEBUG org.eclipse.jetty.server.HttpInput - HttpInputOverHTTP@1735eebe[c=0,q=1,[0]=EOF,s=STREAM] addContent EOF
13:18:24.264 [qtp426008992-50] DEBUG org.eclipse.jetty.server.HttpConnection - HttpConnection@45006067::NetworkTrafficSocketChannelEndPoint@5d863db4{/127.0.0.1:64983<->/127.0.0.1:8080,OPEN,fill=-,flush=-,to=5/30000}{io=1/0,kio=1,kro=1}->HttpConnection@45006067[p=HttpParser{s=END,51 of 51},g=HttpGenerator@29079eee{s=START}]=>HttpChannelOverHttp@30012b73{s=HttpChannelState@6f608bd4{s=HANDLING rs=BLOCKING os=OPEN is=IDLE awp=false se=false i=true al=0},r=2,c=false/false,a=HANDLING,uri=//localhost:8080/api/v0/components/login,age=3} parsed false HttpParser{s=END,51 of 51}
13:18:24.265 [qtp426008992-50] DEBUG org.eclipse.jetty.server.HttpInput - HttpInputOverHTTP@1735eebe[c=51,q=1,[0]=EOF,s=STREAM] read 51 from Content@2bde1870{HeapByteBufferR@469587b0[p=220,l=220,c=8192,r=0]={POST /api...ntApi"}<<<>>>1-4a27-a5...\x00\x00\x00\x00\x00\x00\x00}}
13:18:24.265 [qtp426008992-50] DEBUG org.eclipse.jetty.server.HttpConnection - releaseRequestBuffer HttpConnection@45006067::NetworkTrafficSocketChannelEndPoint@5d863db4{/127.0.0.1:64983<->/127.0.0.1:8080,OPEN,fill=-,flush=-,to=5/30000}{io=1/0,kio=1,kro=1}->HttpConnection@45006067[p=HttpParser{s=END,51 of 51},g=HttpGenerator@29079eee{s=START}]=>HttpChannelOverHttp@30012b73{s=HttpChannelState@6f608bd4{s=HANDLING rs=BLOCKING os=OPEN is=IDLE awp=false se=false i=true al=0},r=2,c=false/false,a=HANDLING,uri=//localhost:8080/api/v0/components/login,age=4}
13:18:24.265 [qtp426008992-50] DEBUG org.eclipse.jetty.server.HttpChannelState - onEof HttpChannelState@6f608bd4{s=HANDLING rs=BLOCKING os=OPEN is=IDLE awp=false se=false i=true al=0}
13:18:24.266 [qtp426008992-51] DEBUG org.eclipse.jetty.util.thread.ReservedThreadExecutor - ReservedThreadExecutor@126c668c{s=0/1,p=1}@3ba7947e task=EatWhatYouKill@4c8c9eee/SelectorProducer@4614c16f/IDLE/p=true/QueuedThreadPool[qtp426008992]@196461a0{STARTED,8<=8<=14,i=0,r=1,q=0}[ReservedThreadExecutor@126c668c{s=0/1,p=1}][pc=0,pic=0,pec=1,epc=3]@2020-09-25T13:18:24.2632407+02:00
13:18:24.268 [qtp426008992-51] DEBUG org.eclipse.jetty.util.thread.strategy.EatWhatYouKill - EatWhatYouKill@4c8c9eee/SelectorProducer@4614c16f/IDLE/p=true/QueuedThreadPool[qtp426008992]@196461a0{STARTED,8<=8<=14,i=0,r=1,q=0}[ReservedThreadExecutor@126c668c{s=0/1,p=1}][pc=0,pic=0,pec=1,epc=3]@2020-09-25T13:18:24.268421+02:00 tryProduce true
13:18:24.268 [qtp426008992-51] DEBUG org.eclipse.jetty.io.ManagedSelector - updateable 0
13:18:24.268 [qtp426008992-51] DEBUG org.eclipse.jetty.io.ManagedSelector - updates 0
13:18:24.268 [qtp426008992-51] DEBUG org.eclipse.jetty.io.ChannelEndPoint - Key interests updated 1 -> 0 on NetworkTrafficSocketChannelEndPoint@5d863db4{/127.0.0.1:64983<->/127.0.0.1:8080,OPEN,fill=-,flush=-,to=9/30000}{io=0/0,kio=0,kro=1}->HttpConnection@45006067[p=HttpParser{s=END,51 of 51},g=HttpGenerator@29079eee{s=START}]=>HttpChannelOverHttp@30012b73{s=HttpChannelState@6f608bd4{s=HANDLING rs=BLOCKING os=OPEN is=READY awp=false se=false i=true al=0},r=2,c=false/false,a=HANDLING,uri=//localhost:8080/api/v0/components/login,age=7}
13:18:24.268 [qtp426008992-51] DEBUG org.eclipse.jetty.io.ManagedSelector - Selector sun.nio.ch.WindowsSelectorImpl@25487540 waiting with 2 keys
13:18:24.269 [qtp426008992-45] DEBUG org.eclipse.jetty.util.thread.ReservedThreadExecutor - ReservedThreadExecutor@126c668c{s=0/1,p=1}@6b65c94c task=EatWhatYouKill@9b07444/SelectorProducer@6dcc6117/PRODUCING/p=true/QueuedThreadPool[qtp426008992]@196461a0{STARTED,8<=8<=14,i=0,r=1,q=0}[ReservedThreadExecutor@126c668c{s=0/1,p=1}][pc=0,pic=0,pec=0,epc=2]@2020-09-25T13:18:24.2692409+02:00
13:18:24.316 [qtp426008992-45] DEBUG org.eclipse.jetty.util.thread.strategy.EatWhatYouKill - EatWhatYouKill@9b07444/SelectorProducer@6dcc6117/PRODUCING/p=true/QueuedThreadPool[qtp426008992]@196461a0{STARTED,8<=8<=14,i=0,r=1,q=0}[ReservedThreadExecutor@126c668c{s=0/1,p=1}][pc=0,pic=0,pec=0,epc=2]@2020-09-25T13:18:24.3162346+02:00 tryProduce true
13:18:24.316 [qtp426008992-45] DEBUG org.eclipse.jetty.util.thread.ReservedThreadExecutor - ReservedThreadExecutor@126c668c{s=1/1,p=1}@6b65c94c waiting
13:18:24.372 [qtp426008992-46] DEBUG org.eclipse.jetty.util.thread.QueuedThreadPool - run ReservedThreadExecutor@126c668c{s=1/1,p=1}@2da50782 in QueuedThreadPool[qtp426008992]@196461a0{STARTED,8<=8<=14,i=0,r=1,q=0}[ReservedThreadExecutor@126c668c{s=1/1,p=1}]
13:18:24.372 [qtp426008992-46] DEBUG org.eclipse.jetty.util.thread.ReservedThreadExecutor - ReservedThreadExecutor@126c668c{s=1/1,p=1}@2da50782 size 1 > capacity
13:18:24.372 [qtp426008992-46] DEBUG org.eclipse.jetty.util.thread.QueuedThreadPool - ran ReservedThreadExecutor@126c668c{s=1/1,p=0}@2da50782 in QueuedThreadPool[qtp426008992]@196461a0{STARTED,8<=8<=14,i=0,r=1,q=0}[ReservedThreadExecutor@126c668c{s=1/1,p=0}]
13:18:24.397 [qtp426008992-50] ERROR WireMock - 
                                               Request was not matched
                                               =======================

-----------------------------------------------------------------------------------------------------------------------
| Closest stub                                             | Request                                                  |
-----------------------------------------------------------------------------------------------------------------------
                                                           |
POST                                                       | POST
/api/v0/components/login                                   | /api/v0/components/login
                                                           |
Content-Type: application/json                             | Content-Type: application/json
                                                           |
                                                           |
-----------------------------------------------------------------------------------------------------------------------

13:18:24.400 [qtp426008992-50] DEBUG org.eclipse.jetty.server.HttpChannelState - sendError HttpChannelState@6f608bd4{s=HANDLING rs=BLOCKING os=OPEN is=READY awp=false se=false i=true al=0}
13:18:24.402 [qtp426008992-50] DEBUG org.eclipse.jetty.server.Server - handled=true async=false committed=true on HttpChannelOverHttp@30012b73{s=HttpChannelState@6f608bd4{s=HANDLING rs=BLOCKING os=OPEN is=READY awp=false se=true i=true al=0},r=2,c=false/false,a=HANDLING,uri=//localhost:8080/api/v0/components/login,age=141}
13:18:24.402 [qtp426008992-50] DEBUG org.eclipse.jetty.server.HttpChannelState - unhandle HttpChannelState@6f608bd4{s=HANDLING rs=BLOCKING os=OPEN is=READY awp=false se=true i=true al=0}
13:18:24.402 [qtp426008992-50] DEBUG org.eclipse.jetty.server.HttpChannelState - nextAction(false) SEND_ERROR HttpChannelState@6f608bd4{s=HANDLING rs=BLOCKING os=OPEN is=READY awp=false se=false i=false al=0}
13:18:24.403 [qtp426008992-50] DEBUG org.eclipse.jetty.server.HttpChannel - action SEND_ERROR HttpChannelOverHttp@30012b73{s=HttpChannelState@6f608bd4{s=HANDLING rs=BLOCKING os=OPEN is=READY awp=false se=false i=false al=0},r=2,c=false/false,a=HANDLING,uri=//localhost:8080/api/v0/components/login,age=142}
13:18:24.405 [qtp426008992-50] DEBUG org.eclipse.jetty.server.HttpChannel - Could not perform ERROR dispatch, aborting
java.lang.NullPointerException: null
	at com.github.tomakehurst.wiremock.jetty9.NotFoundHandler.handle(NotFoundHandler.java:37)
	at org.eclipse.jetty.server.HttpChannel.lambda$handle$3(HttpChannel.java:423)
	at org.eclipse.jetty.server.HttpChannel.dispatch(HttpChannel.java:547)
	at org.eclipse.jetty.server.HttpChannel.handle(HttpChannel.java:421)
	at org.eclipse.jetty.server.HttpConnection.onFillable(HttpConnection.java:273)
	at org.eclipse.jetty.io.AbstractConnection$ReadCallback.succeeded(AbstractConnection.java:311)
	at org.eclipse.jetty.io.FillInterest.fillable(FillInterest.java:103)
	at org.eclipse.jetty.io.ChannelEndPoint$2.run(ChannelEndPoint.java:117)
	at org.eclipse.jetty.util.thread.strategy.EatWhatYouKill.runTask(EatWhatYouKill.java:336)
	at org.eclipse.jetty.util.thread.strategy.EatWhatYouKill.doProduce(EatWhatYouKill.java:313)
	at org.eclipse.jetty.util.thread.strategy.EatWhatYouKill.tryProduce(EatWhatYouKill.java:171)
	at org.eclipse.jetty.util.thread.strategy.EatWhatYouKill.run(EatWhatYouKill.java:129)
	at org.eclipse.jetty.util.thread.ReservedThreadExecutor$ReservedThread.run(ReservedThreadExecutor.java:375)
	at org.eclipse.jetty.util.thread.QueuedThreadPool.runJob(QueuedThreadPool.java:806)
	at org.eclipse.jetty.util.thread.QueuedThreadPool$Runner.run(QueuedThreadPool.java:938)
	at java.base/java.lang.Thread.run(Thread.java:834)
13:18:24.406 [qtp426008992-50] DEBUG org.eclipse.jetty.server.HttpChannelState - completing HttpChannelState@6f608bd4{s=HANDLING rs=BLOCKING os=OPEN is=READY awp=false se=false i=false al=0}
13:18:24.406 [qtp426008992-50] DEBUG org.eclipse.jetty.server.HttpChannel - sendResponse info=null content=null complete=true committing=true callback=org.eclipse.jetty.util.Callback$4@6b325ec5
13:18:24.407 [qtp426008992-50] DEBUG org.eclipse.jetty.server.HttpChannel - COMMIT for /api/v0/components/login on HttpChannelOverHttp@30012b73{s=HttpChannelState@6f608bd4{s=HANDLING rs=COMPLETING os=COMMITTED is=READY awp=false se=false i=false al=0},r=2,c=false/false,a=HANDLING,uri=//localhost:8080/api/v0/components/login,age=145}
404 null HTTP/1.1


13:18:24.407 [qtp426008992-50] DEBUG org.eclipse.jetty.server.HttpConnection - generate: NEED_HEADER for org.eclipse.jetty.server.HttpConnection$SendCallback@19e0bb80[PROCESSING][i=HTTP/1.1{s=404,h=0,cl=-1},cb=org.eclipse.jetty.server.HttpChannel$SendCallback@29fee33c] (null,null,true)@START
13:18:24.407 [qtp426008992-50] DEBUG org.eclipse.jetty.http.HttpGenerator - generateHeaders HTTP/1.1{s=404,h=0,cl=-1} last=true content=null
13:18:24.409 [qtp426008992-50] DEBUG org.eclipse.jetty.http.HttpGenerator - 

13:18:24.411 [qtp426008992-50] DEBUG org.eclipse.jetty.http.HttpGenerator - CONTENT_LENGTH
13:18:24.411 [qtp426008992-50] DEBUG org.eclipse.jetty.server.HttpConnection - generate: FLUSH for org.eclipse.jetty.server.HttpConnection$SendCallback@19e0bb80[PROCESSING][i=HTTP/1.1{s=404,h=0,cl=-1},cb=org.eclipse.jetty.server.HttpChannel$SendCallback@29fee33c] ([p=0,l=78,c=8192,r=78],null,true)@COMPLETING
13:18:24.411 [qtp426008992-50] DEBUG org.eclipse.jetty.io.WriteFlusher - write: WriteFlusher@180efa1{IDLE}->null [HeapByteBuffer@a250024[p=0,l=78,c=8192,r=78]={<<<HTTP/1.1 404 Not Found\r\nC...y(9.4.28.v20200408)\r\n\r\n>>>\r\nhost: l...\x00\x00\x00\x00\x00\x00\x00}]
13:18:24.412 [qtp426008992-50] DEBUG org.eclipse.jetty.io.WriteFlusher - update WriteFlusher@180efa1{WRITING}->null:IDLE-->WRITING
13:18:24.413 [reactor-http-nio-2] DEBUG reactor.netty.http.client.HttpClientOperations - [id: 0x1fcc8038, L:/127.0.0.1:64983 - R:localhost/127.0.0.1:8080] Received response (auto-read:false) : [Content-Length=0, Server=Jetty(9.4.28.v20200408)]
13:18:24.413 [reactor-http-nio-2] DEBUG reactor.netty.resources.PooledConnectionProvider - [id: 0x1fcc8038, L:/127.0.0.1:64983 - R:localhost/127.0.0.1:8080] onStateChange(POST{uri=/api/v0/components/login, connection=PooledConnection{channel=[id: 0x1fcc8038, L:/127.0.0.1:64983 - R:localhost/127.0.0.1:8080]}}, [response_received])
13:18:24.413 [reactor-http-nio-2] DEBUG org.springframework.web.reactive.function.client.ExchangeFunctions - [78ed6210] Response 404 NOT_FOUND
13:18:24.414 [reactor-http-nio-2] DEBUG reactor.netty.channel.FluxReceive - [id: 0x1fcc8038, L:/127.0.0.1:64983 - R:localhost/127.0.0.1:8080] Subscribing inbound receiver [pending: 0, cancelled:false, inboundDone: false]
13:18:24.414 [reactor-http-nio-2] DEBUG reactor.netty.http.client.HttpClientOperations - [id: 0x1fcc8038, L:/127.0.0.1:64983 - R:localhost/127.0.0.1:8080] Received last HTTP packet
13:18:24.416 [reactor-http-nio-2] DEBUG org.springframework.web.reactive.function.client.ExchangeFunctions - [78ed6210] Cancel signal (to close connection)
13:18:24.417 [reactor-http-nio-2] ERROR reactor.netty.channel.ChannelOperationsHandler - [id: 0x1fcc8038, L:/127.0.0.1:64983 - R:localhost/127.0.0.1:8080] Error was received while reading the incoming data. The connection will be closed.
reactor.core.Exceptions$ErrorCallbackNotImplemented: org.springframework.web.reactive.function.client.WebClientResponseException$NotFound: 404 Not Found from POST http://localhost:8080/api/v0/components/login
Caused by: org.springframework.web.reactive.function.client.WebClientResponseException$NotFound: 404 Not Found from POST http://localhost:8080/api/v0/components/login
	at org.springframework.web.reactive.function.client.WebClientResponseException.create(WebClientResponseException.java:185)
	Suppressed: reactor.core.publisher.FluxOnAssembly$OnAssemblyException: 
Error has been observed at the following site(s):
	|_ checkpoint ? 404 from POST http://localhost:8080/api/v0/components/login [DefaultWebClient]
Stack trace:
		at org.springframework.web.reactive.function.client.WebClientResponseException.create(WebClientResponseException.java:185)
		at org.springframework.web.reactive.function.client.DefaultClientResponse.lambda$createException$1(DefaultClientResponse.java:206)
		at reactor.core.publisher.FluxMap$MapSubscriber.onNext(FluxMap.java:100)
		at reactor.core.publisher.Operators$MonoSubscriber.complete(Operators.java:1755)
		at reactor.core.publisher.FluxDefaultIfEmpty$DefaultIfEmptySubscriber.onComplete(FluxDefaultIfEmpty.java:100)
		at reactor.core.publisher.FluxMapFuseable$MapFuseableSubscriber.onComplete(FluxMapFuseable.java:144)
		at reactor.core.publisher.FluxContextStart$ContextStartSubscriber.onComplete(FluxContextStart.java:115)
		at reactor.core.publisher.FluxMapFuseable$MapFuseableConditionalSubscriber.onComplete(FluxMapFuseable.java:336)
		at reactor.core.publisher.FluxFilterFuseable$FilterFuseableConditionalSubscriber.onComplete(FluxFilterFuseable.java:384)
		at reactor.core.publisher.Operators$MonoSubscriber.complete(Operators.java:1756)
		at reactor.core.publisher.MonoCollect$CollectSubscriber.onComplete(MonoCollect.java:152)
		at reactor.core.publisher.FluxMap$MapSubscriber.onComplete(FluxMap.java:136)
		at reactor.core.publisher.FluxPeek$PeekSubscriber.onComplete(FluxPeek.java:252)
		at reactor.core.publisher.FluxPeek$PeekSubscriber.onComplete(FluxPeek.java:252)
		at reactor.core.publisher.FluxMap$MapSubscriber.onComplete(FluxMap.java:136)
		at reactor.netty.channel.FluxReceive.onInboundComplete(FluxReceive.java:366)
		at reactor.netty.channel.ChannelOperations.onInboundComplete(ChannelOperations.java:367)
		at reactor.netty.channel.ChannelOperations.terminate(ChannelOperations.java:423)
		at reactor.netty.http.client.HttpClientOperations.onInboundNext(HttpClientOperations.java:607)
		at reactor.netty.channel.ChannelOperationsHandler.channelRead(ChannelOperationsHandler.java:96)
		at io.netty.channel.AbstractChannelHandlerContext.invokeChannelRead(AbstractChannelHandlerContext.java:379)
		at io.netty.channel.AbstractChannelHandlerContext.invokeChannelRead(AbstractChannelHandlerContext.java:365)
		at io.netty.channel.AbstractChannelHandlerContext.fireChannelRead(AbstractChannelHandlerContext.java:357)
		at io.netty.handler.timeout.IdleStateHandler.channelRead(IdleStateHandler.java:286)
		at io.netty.channel.AbstractChannelHandlerContext.invokeChannelRead(AbstractChannelHandlerContext.java:379)
		at io.netty.channel.AbstractChannelHandlerContext.invokeChannelRead(AbstractChannelHandlerContext.java:365)
		at io.netty.channel.AbstractChannelHandlerContext.fireChannelRead(AbstractChannelHandlerContext.java:357)
		at io.netty.channel.CombinedChannelDuplexHandler$DelegatingChannelHandlerContext.fireChannelRead(CombinedChannelDuplexHandler.java:436)
		at io.netty.handler.codec.ByteToMessageDecoder.fireChannelRead(ByteToMessageDecoder.java:324)
		at io.netty.handler.codec.ByteToMessageDecoder.channelRead(ByteToMessageDecoder.java:296)
		at io.netty.channel.CombinedChannelDuplexHandler.channelRead(CombinedChannelDuplexHandler.java:251)
		at io.netty.channel.AbstractChannelHandlerContext.invokeChannelRead(AbstractChannelHandlerContext.java:379)
		at io.netty.channel.AbstractChannelHandlerContext.invokeChannelRead(AbstractChannelHandlerContext.java:365)
		at io.netty.channel.AbstractChannelHandlerContext.fireChannelRead(AbstractChannelHandlerContext.java:357)
		at io.netty.channel.DefaultChannelPipeline$HeadContext.channelRead(DefaultChannelPipeline.java:1410)
		at io.netty.channel.AbstractChannelHandlerContext.invokeChannelRead(AbstractChannelHandlerContext.java:379)
		at io.netty.channel.AbstractChannelHandlerContext.invokeChannelRead(AbstractChannelHandlerContext.java:365)
		at io.netty.channel.DefaultChannelPipeline.fireChannelRead(DefaultChannelPipeline.java:919)
		at io.netty.channel.nio.AbstractNioByteChannel$NioByteUnsafe.read(AbstractNioByteChannel.java:163)
		at io.netty.channel.nio.NioEventLoop.processSelectedKey(NioEventLoop.java:714)
		at io.netty.channel.nio.NioEventLoop.processSelectedKeysOptimized(NioEventLoop.java:650)
		at io.netty.channel.nio.NioEventLoop.processSelectedKeys(NioEventLoop.java:576)
		at io.netty.channel.nio.NioEventLoop.run(NioEventLoop.java:493)
		at io.netty.util.concurrent.SingleThreadEventExecutor$4.run(SingleThreadEventExecutor.java:989)
		at io.netty.util.internal.ThreadExecutorMap$2.run(ThreadExecutorMap.java:74)
		at io.netty.util.concurrent.FastThreadLocalRunnable.run(FastThreadLocalRunnable.java:30)
		at java.base/java.lang.Thread.run(Thread.java:834)
13:18:24.422 [reactor-http-nio-2] DEBUG reactor.netty.resources.PooledConnectionProvider - [id: 0x1fcc8038, L:/127.0.0.1:64983 ! R:localhost/127.0.0.1:8080] Channel closed, now 0 active connections and 1 inactive connections
13:18:24.422 [reactor-http-nio-2] DEBUG reactor.netty.ReactorNetty - [id: 0x1fcc8038, L:/127.0.0.1:64983 ! R:localhost/127.0.0.1:8080] Non Removed handler: ReadTimeoutHandler, context: ChannelHandlerContext(ReadTimeoutHandler, [id: 0x1fcc8038, L:/127.0.0.1:64983 ! R:localhost/127.0.0.1:8080]), pipeline: DefaultChannelPipeline{(reactor.left.httpCodec = io.netty.handler.codec.http.HttpClientCodec), (ReadTimeoutHandler = io.netty.handler.timeout.ReadTimeoutHandler), (WriteTimeoutHandler = io.netty.handler.timeout.WriteTimeoutHandler), (reactor.right.reactiveBridge = reactor.netty.channel.ChannelOperationsHandler)}
13:18:24.422 [reactor-http-nio-2] DEBUG reactor.netty.ReactorNetty - [id: 0x1fcc8038, L:/127.0.0.1:64983 ! R:localhost/127.0.0.1:8080] Non Removed handler: WriteTimeoutHandler, context: ChannelHandlerContext(WriteTimeoutHandler, [id: 0x1fcc8038, L:/127.0.0.1:64983 ! R:localhost/127.0.0.1:8080]), pipeline: DefaultChannelPipeline{(reactor.left.httpCodec = io.netty.handler.codec.http.HttpClientCodec), (ReadTimeoutHandler = io.netty.handler.timeout.ReadTimeoutHandler), (WriteTimeoutHandler = io.netty.handler.timeout.WriteTimeoutHandler), (reactor.right.reactiveBridge = reactor.netty.channel.ChannelOperationsHandler)}
13:18:24.427 [reactor-http-nio-2] DEBUG io.netty.channel.AbstractChannelHandlerContext - An exception reactor.core.Exceptions$ErrorCallbackNotImplemented: org.springframework.web.reactive.function.client.WebClientResponseException$NotFound: 404 Not Found from POST http://localhost:8080/api/v0/components/login
Caused by: org.springframework.web.reactive.function.client.WebClientResponseException$NotFound: 404 Not Found from POST http://localhost:8080/api/v0/components/login
	at org.springframework.web.reactive.function.client.WebClientResponseException.create(WebClientResponseException.java:185)
	Suppressed: reactor.core.publisher.FluxOnAssembly$OnAssemblyException: 
Error has been observed at the following site(s):
	|_ checkpoint ? 404 from POST http://localhost:8080/api/v0/components/login [DefaultWebClient]
Stack trace:
		at org.springframework.web.reactive.function.client.WebClientResponseException.create(WebClientResponseException.java:185)
		at org.springframework.web.reactive.function.client.DefaultClientResponse.lambda$createException$1(DefaultClientResponse.java:206)
		at reactor.core.publisher.FluxMap$MapSubscriber.onNext(FluxMap.java:100)
		at reactor.core.publisher.Operators$MonoSubscriber.complete(Operators.java:1755)
		at reactor.core.publisher.FluxDefaultIfEmpty$DefaultIfEmptySubscriber.onComplete(FluxDefaultIfEmpty.java:100)
		at reactor.core.publisher.FluxMapFuseable$MapFuseableSubscriber.onComplete(FluxMapFuseable.java:144)
		at reactor.core.publisher.FluxContextStart$ContextStartSubscriber.onComplete(FluxContextStart.java:115)
		at reactor.core.publisher.FluxMapFuseable$MapFuseableConditionalSubscriber.onComplete(FluxMapFuseable.java:336)
		at reactor.core.publisher.FluxFilterFuseable$FilterFuseableConditionalSubscriber.onComplete(FluxFilterFuseable.java:384)
		at reactor.core.publisher.Operators$MonoSubscriber.complete(Operators.java:1756)
		at reactor.core.publisher.MonoCollect$CollectSubscriber.onComplete(MonoCollect.java:152)
		at reactor.core.publisher.FluxMap$MapSubscriber.onComplete(FluxMap.java:136)
		at reactor.core.publisher.FluxPeek$PeekSubscriber.onComplete(FluxPeek.java:252)
		at reactor.core.publisher.FluxPeek$PeekSubscriber.onComplete(FluxPeek.java:252)
		at reactor.core.publisher.FluxMap$MapSubscriber.onComplete(FluxMap.java:136)
		at reactor.netty.channel.FluxReceive.onInboundComplete(FluxReceive.java:366)
		at reactor.netty.channel.ChannelOperations.onInboundComplete(ChannelOperations.java:367)
		at reactor.netty.channel.ChannelOperations.terminate(ChannelOperations.java:423)
		at reactor.netty.http.client.HttpClientOperations.onInboundNext(HttpClientOperations.java:607)
		at reactor.netty.channel.ChannelOperationsHandler.channelRead(ChannelOperationsHandler.java:96)
		at io.netty.channel.AbstractChannelHandlerContext.invokeChannelRead(AbstractChannelHandlerContext.java:379)
		at io.netty.channel.AbstractChannelHandlerContext.invokeChannelRead(AbstractChannelHandlerContext.java:365)
		at io.netty.channel.AbstractChannelHandlerContext.fireChannelRead(AbstractChannelHandlerContext.java:357)
		at io.netty.handler.timeout.IdleStateHandler.channelRead(IdleStateHandler.java:286)
		at io.netty.channel.AbstractChannelHandlerContext.invokeChannelRead(AbstractChannelHandlerContext.java:379)
		at io.netty.channel.AbstractChannelHandlerContext.invokeChannelRead(AbstractChannelHandlerContext.java:365)
		at io.netty.channel.AbstractChannelHandlerContext.fireChannelRead(AbstractChannelHandlerContext.java:357)
		at io.netty.channel.CombinedChannelDuplexHandler$DelegatingChannelHandlerContext.fireChannelRead(CombinedChannelDuplexHandler.java:436)
		at io.netty.handler.codec.ByteToMessageDecoder.fireChannelRead(ByteToMessageDecoder.java:324)
		at io.netty.handler.codec.ByteToMessageDecoder.channelRead(ByteToMessageDecoder.java:296)
		at io.netty.channel.CombinedChannelDuplexHandler.channelRead(CombinedChannelDuplexHandler.java:251)
		at io.netty.channel.AbstractChannelHandlerContext.invokeChannelRead(AbstractChannelHandlerContext.java:379)
		at io.netty.channel.AbstractChannelHandlerContext.invokeChannelRead(AbstractChannelHandlerContext.java:365)
		at io.netty.channel.AbstractChannelHandlerContext.fireChannelRead(AbstractChannelHandlerContext.java:357)
		at io.netty.channel.DefaultChannelPipeline$HeadContext.channelRead(DefaultChannelPipeline.java:1410)
		at io.netty.channel.AbstractChannelHandlerContext.invokeChannelRead(AbstractChannelHandlerContext.java:379)
		at io.netty.channel.AbstractChannelHandlerContext.invokeChannelRead(AbstractChannelHandlerContext.java:365)
		at io.netty.channel.DefaultChannelPipeline.fireChannelRead(DefaultChannelPipeline.java:919)
		at io.netty.channel.nio.AbstractNioByteChannel$NioByteUnsafe.read(AbstractNioByteChannel.java:163)
		at io.netty.channel.nio.NioEventLoop.processSelectedKey(NioEventLoop.java:714)
		at io.netty.channel.nio.NioEventLoop.processSelectedKeysOptimized(NioEventLoop.java:650)
		at io.netty.channel.nio.NioEventLoop.processSelectedKeys(NioEventLoop.java:576)
		at io.netty.channel.nio.NioEventLoop.run(NioEventLoop.java:493)
		at io.netty.util.concurrent.SingleThreadEventExecutor$4.run(SingleThreadEventExecutor.java:989)
		at io.netty.util.internal.ThreadExecutorMap$2.run(ThreadExecutorMap.java:74)
		at io.netty.util.concurrent.FastThreadLocalRunnable.run(FastThreadLocalRunnable.java:30)
		at java.base/java.lang.Thread.run(Thread.java:834)
was thrown by a user handler's exceptionCaught() method while handling the following exception:
reactor.core.Exceptions$ErrorCallbackNotImplemented: org.springframework.web.reactive.function.client.WebClientResponseException$NotFound: 404 Not Found from POST http://localhost:8080/api/v0/components/login
Caused by: org.springframework.web.reactive.function.client.WebClientResponseException$NotFound: 404 Not Found from POST http://localhost:8080/api/v0/components/login
	at org.springframework.web.reactive.function.client.WebClientResponseException.create(WebClientResponseException.java:185)
	Suppressed: reactor.core.publisher.FluxOnAssembly$OnAssemblyException: 
Error has been observed at the following site(s):
	|_ checkpoint ? 404 from POST http://localhost:8080/api/v0/components/login [DefaultWebClient]
Stack trace:
		at org.springframework.web.reactive.function.client.WebClientResponseException.create(WebClientResponseException.java:185)
		at org.springframework.web.reactive.function.client.DefaultClientResponse.lambda$createException$1(DefaultClientResponse.java:206)
		at reactor.core.publisher.FluxMap$MapSubscriber.onNext(FluxMap.java:100)
		at reactor.core.publisher.Operators$MonoSubscriber.complete(Operators.java:1755)
		at reactor.core.publisher.FluxDefaultIfEmpty$DefaultIfEmptySubscriber.onComplete(FluxDefaultIfEmpty.java:100)
		at reactor.core.publisher.FluxMapFuseable$MapFuseableSubscriber.onComplete(FluxMapFuseable.java:144)
		at reactor.core.publisher.FluxContextStart$ContextStartSubscriber.onComplete(FluxContextStart.java:115)
		at reactor.core.publisher.FluxMapFuseable$MapFuseableConditionalSubscriber.onComplete(FluxMapFuseable.java:336)
		at reactor.core.publisher.FluxFilterFuseable$FilterFuseableConditionalSubscriber.onComplete(FluxFilterFuseable.java:384)
		at reactor.core.publisher.Operators$MonoSubscriber.complete(Operators.java:1756)
		at reactor.core.publisher.MonoCollect$CollectSubscriber.onComplete(MonoCollect.java:152)
		at reactor.core.publisher.FluxMap$MapSubscriber.onComplete(FluxMap.java:136)
		at reactor.core.publisher.FluxPeek$PeekSubscriber.onComplete(FluxPeek.java:252)
		at reactor.core.publisher.FluxPeek$PeekSubscriber.onComplete(FluxPeek.java:252)
		at reactor.core.publisher.FluxMap$MapSubscriber.onComplete(FluxMap.java:136)
		at reactor.netty.channel.FluxReceive.onInboundComplete(FluxReceive.java:366)
		at reactor.netty.channel.ChannelOperations.onInboundComplete(ChannelOperations.java:367)
		at reactor.netty.channel.ChannelOperations.terminate(ChannelOperations.java:423)
		at reactor.netty.http.client.HttpClientOperations.onInboundNext(HttpClientOperations.java:607)
		at reactor.netty.channel.ChannelOperationsHandler.channelRead(ChannelOperationsHandler.java:96)
		at io.netty.channel.AbstractChannelHandlerContext.invokeChannelRead(AbstractChannelHandlerContext.java:379)
		at io.netty.channel.AbstractChannelHandlerContext.invokeChannelRead(AbstractChannelHandlerContext.java:365)
		at io.netty.channel.AbstractChannelHandlerContext.fireChannelRead(AbstractChannelHandlerContext.java:357)
		at io.netty.handler.timeout.IdleStateHandler.channelRead(IdleStateHandler.java:286)
		at io.netty.channel.AbstractChannelHandlerContext.invokeChannelRead(AbstractChannelHandlerContext.java:379)
		at io.netty.channel.AbstractChannelHandlerContext.invokeChannelRead(AbstractChannelHandlerContext.java:365)
		at io.netty.channel.AbstractChannelHandlerContext.fireChannelRead(AbstractChannelHandlerContext.java:357)
		at io.netty.channel.CombinedChannelDuplexHandler$DelegatingChannelHandlerContext.fireChannelRead(CombinedChannelDuplexHandler.java:436)
		at io.netty.handler.codec.ByteToMessageDecoder.fireChannelRead(ByteToMessageDecoder.java:324)
		at io.netty.handler.codec.ByteToMessageDecoder.channelRead(ByteToMessageDecoder.java:296)
		at io.netty.channel.CombinedChannelDuplexHandler.channelRead(CombinedChannelDuplexHandler.java:251)
		at io.netty.channel.AbstractChannelHandlerContext.invokeChannelRead(AbstractChannelHandlerContext.java:379)
		at io.netty.channel.AbstractChannelHandlerContext.invokeChannelRead(AbstractChannelHandlerContext.java:365)
		at io.netty.channel.AbstractChannelHandlerContext.fireChannelRead(AbstractChannelHandlerContext.java:357)
		at io.netty.channel.DefaultChannelPipeline$HeadContext.channelRead(DefaultChannelPipeline.java:1410)
		at io.netty.channel.AbstractChannelHandlerContext.invokeChannelRead(AbstractChannelHandlerContext.java:379)
		at io.netty.channel.AbstractChannelHandlerContext.invokeChannelRead(AbstractChannelHandlerContext.java:365)
		at io.netty.channel.DefaultChannelPipeline.fireChannelRead(DefaultChannelPipeline.java:919)
		at io.netty.channel.nio.AbstractNioByteChannel$NioByteUnsafe.read(AbstractNioByteChannel.java:163)
		at io.netty.channel.nio.NioEventLoop.processSelectedKey(NioEventLoop.java:714)
		at io.netty.channel.nio.NioEventLoop.processSelectedKeysOptimized(NioEventLoop.java:650)
		at io.netty.channel.nio.NioEventLoop.processSelectedKeys(NioEventLoop.java:576)
		at io.netty.channel.nio.NioEventLoop.run(NioEventLoop.java:493)
		at io.netty.util.concurrent.SingleThreadEventExecutor$4.run(SingleThreadEventExecutor.java:989)
		at io.netty.util.internal.ThreadExecutorMap$2.run(ThreadExecutorMap.java:74)
		at io.netty.util.concurrent.FastThreadLocalRunnable.run(FastThreadLocalRunnable.java:30)
		at java.base/java.lang.Thread.run(Thread.java:834)
13:18:24.432 [reactor-http-nio-2] DEBUG reactor.netty.resources.PooledConnectionProvider - [id: 0x1fcc8038, L:/127.0.0.1:64983 ! R:localhost/127.0.0.1:8080] onStateChange(PooledConnection{channel=[id: 0x1fcc8038, L:/127.0.0.1:64983 ! R:localhost/127.0.0.1:8080]}, [disconnecting])
13:18:24.433 [qtp426008992-50] DEBUG org.eclipse.jetty.io.ChannelEndPoint - flushed 78 NetworkTrafficSocketChannelEndPoint@5d863db4{/127.0.0.1:64983<->/127.0.0.1:8080,OPEN,fill=-,flush=W,to=153/30000}{io=0/0,kio=0,kro=1}->HttpConnection@45006067[p=HttpParser{s=END,51 of 51},g=HttpGenerator@29079eee{s=COMPLETING}]=>HttpChannelOverHttp@30012b73{s=HttpChannelState@6f608bd4{s=HANDLING rs=COMPLETING os=COMMITTED is=READY awp=false se=false i=false al=0},r=2,c=false/false,a=HANDLING,uri=//localhost:8080/api/v0/components/login,age=172}
13:18:24.433 [qtp426008992-50] DEBUG org.eclipse.jetty.io.WriteFlusher - Flushed=true written=78 remaining=0 WriteFlusher@180efa1{WRITING}->null
13:18:24.434 [qtp426008992-50] DEBUG org.eclipse.jetty.io.WriteFlusher - update WriteFlusher@180efa1{IDLE}->null:WRITING-->IDLE
13:18:24.434 [qtp426008992-50] DEBUG org.eclipse.jetty.server.HttpConnection - generate: DONE for org.eclipse.jetty.server.HttpConnection$SendCallback@19e0bb80[PROCESSING][i=HTTP/1.1{s=404,h=0,cl=-1},cb=org.eclipse.jetty.server.HttpChannel$SendCallback@29fee33c] ([p=78,l=78,c=8192,r=0],null,true)@END
13:18:24.434 [qtp426008992-50] DEBUG org.eclipse.jetty.server.HttpChannelState - completed HttpChannelState@6f608bd4{s=HANDLING rs=COMPLETING os=COMPLETED is=READY awp=false se=false i=false al=0}
13:18:24.434 [qtp426008992-50] DEBUG org.eclipse.jetty.server.HttpChannelState - unhandle HttpChannelState@6f608bd4{s=HANDLING rs=COMPLETED os=COMPLETED is=READY awp=false se=false i=false al=0}
13:18:24.434 [qtp426008992-50] DEBUG org.eclipse.jetty.server.HttpChannelState - nextAction(false) TERMINATED HttpChannelState@6f608bd4{s=IDLE rs=COMPLETED os=COMPLETED is=READY awp=false se=false i=false al=0}
13:18:24.434 [qtp426008992-50] DEBUG org.eclipse.jetty.server.HttpChannel - action TERMINATED HttpChannelOverHttp@30012b73{s=HttpChannelState@6f608bd4{s=IDLE rs=COMPLETED os=COMPLETED is=READY awp=false se=false i=false al=0},r=2,c=true/true,a=IDLE,uri=//localhost:8080/api/v0/components/login,age=173}
13:18:24.434 [qtp426008992-50] DEBUG org.eclipse.jetty.server.HttpChannel - onCompleted for /api/v0/components/login written=0
13:18:24.434 [qtp426008992-50] DEBUG org.eclipse.jetty.server.HttpChannelState - recycle HttpChannelState@6f608bd4{s=IDLE rs=COMPLETED os=COMPLETED is=READY awp=false se=false i=false al=0}
13:18:24.434 [qtp426008992-50] DEBUG org.eclipse.jetty.http.HttpParser - reset HttpParser{s=END,51 of 51}
13:18:24.434 [qtp426008992-50] DEBUG org.eclipse.jetty.http.HttpParser - END --> START
13:18:24.434 [qtp426008992-50] DEBUG org.eclipse.jetty.server.HttpChannel - !handle TERMINATED HttpChannelOverHttp@30012b73{s=HttpChannelState@6f608bd4{s=IDLE rs=BLOCKING os=OPEN is=IDLE awp=false se=false i=true al=0},r=2,c=false/false,a=IDLE,uri=null,age=0}
13:18:24.434 [qtp426008992-50] DEBUG org.eclipse.jetty.io.AbstractEndPoint - shutdownInput NetworkTrafficSocketChannelEndPoint@5d863db4{/127.0.0.1:64983<->/127.0.0.1:8080,OPEN,fill=-,flush=-,to=0/30000}{io=0/0,kio=0,kro=1}->HttpConnection@45006067[p=HttpParser{s=START,0 of -1},g=HttpGenerator@29079eee{s=START}]=>HttpChannelOverHttp@30012b73{s=HttpChannelState@6f608bd4{s=IDLE rs=BLOCKING os=OPEN is=IDLE awp=false se=false i=true al=0},r=2,c=false/false,a=IDLE,uri=null,age=0}
13:18:24.435 [qtp426008992-50] DEBUG org.eclipse.jetty.io.ChannelEndPoint - filled -1 HeapByteBuffer@a250024[p=0,l=0,c=8192,r=0]={<<<>>>HTTP/1.1 ...\x00\x00\x00\x00\x00\x00\x00}
13:18:24.435 [qtp426008992-50] DEBUG org.eclipse.jetty.http.HttpParser - atEOF HttpParser{s=START,0 of -1}
13:18:24.435 [qtp426008992-50] DEBUG org.eclipse.jetty.server.HttpConnection - HttpConnection@45006067::NetworkTrafficSocketChannelEndPoint@5d863db4{/127.0.0.1:64983<->/127.0.0.1:8080,ISHUT,fill=-,flush=-,to=1/30000}{io=0/0,kio=0,kro=1}->HttpConnection@45006067[p=HttpParser{s=START,0 of -1},g=HttpGenerator@29079eee{s=START}]=>HttpChannelOverHttp@30012b73{s=HttpChannelState@6f608bd4{s=IDLE rs=BLOCKING os=OPEN is=IDLE awp=false se=false i=true al=0},r=2,c=false/false,a=IDLE,uri=null,age=0} filled -1 HeapByteBuffer@a250024[p=0,l=0,c=8192,r=0]={<<<>>>HTTP/1.1 ...\x00\x00\x00\x00\x00\x00\x00}
13:18:24.435 [qtp426008992-50] DEBUG org.eclipse.jetty.server.HttpConnection - HttpConnection@45006067::NetworkTrafficSocketChannelEndPoint@5d863db4{/127.0.0.1:64983<->/127.0.0.1:8080,ISHUT,fill=-,flush=-,to=1/30000}{io=0/0,kio=0,kro=1}->HttpConnection@45006067[p=HttpParser{s=START,0 of -1},g=HttpGenerator@29079eee{s=START}]=>HttpChannelOverHttp@30012b73{s=HttpChannelState@6f608bd4{s=IDLE rs=BLOCKING os=OPEN is=IDLE awp=false se=false i=true al=0},r=2,c=false/false,a=IDLE,uri=null,age=0} parse HeapByteBuffer@a250024[p=0,l=0,c=8192,r=0]={<<<>>>HTTP/1.1 ...\x00\x00\x00\x00\x00\x00\x00} {}
13:18:24.435 [qtp426008992-50] DEBUG org.eclipse.jetty.http.HttpParser - parseNext s=START HeapByteBuffer@a250024[p=0,l=0,c=8192,r=0]={<<<>>>HTTP/1.1 ...\x00\x00\x00\x00\x00\x00\x00}
13:18:24.435 [qtp426008992-50] DEBUG org.eclipse.jetty.http.HttpParser - START --> CLOSED
13:18:24.435 [qtp426008992-50] DEBUG org.eclipse.jetty.io.AbstractEndPoint - close NetworkTrafficSocketChannelEndPoint@5d863db4{/127.0.0.1:64983<->/127.0.0.1:8080,ISHUT,fill=-,flush=-,to=1/30000}{io=0/0,kio=0,kro=1}->HttpConnection@45006067[p=HttpParser{s=CLOSED,0 of -1},g=HttpGenerator@29079eee{s=START}]=>HttpChannelOverHttp@30012b73{s=HttpChannelState@6f608bd4{s=IDLE rs=BLOCKING os=OPEN is=IDLE awp=false se=false i=true al=0},r=2,c=false/false,a=IDLE,uri=null,age=0}
13:18:24.435 [qtp426008992-50] DEBUG org.eclipse.jetty.io.AbstractEndPoint - close(null) NetworkTrafficSocketChannelEndPoint@5d863db4{/127.0.0.1:64983<->/127.0.0.1:8080,ISHUT,fill=-,flush=-,to=2/30000}{io=0/0,kio=0,kro=1}->HttpConnection@45006067[p=HttpParser{s=CLOSED,0 of -1},g=HttpGenerator@29079eee{s=START}]=>HttpChannelOverHttp@30012b73{s=HttpChannelState@6f608bd4{s=IDLE rs=BLOCKING os=OPEN is=IDLE awp=false se=false i=true al=0},r=2,c=false/false,a=IDLE,uri=null,age=0}
13:18:24.436 [qtp426008992-50] DEBUG org.eclipse.jetty.io.ChannelEndPoint - doClose NetworkTrafficSocketChannelEndPoint@5d863db4{/127.0.0.1:64983<->/127.0.0.1:8080,CLOSED,fill=-,flush=-,to=2/30000}{io=0/0,kio=0,kro=1}->HttpConnection@45006067[p=HttpParser{s=CLOSED,0 of -1},g=HttpGenerator@29079eee{s=START}]=>HttpChannelOverHttp@30012b73{s=HttpChannelState@6f608bd4{s=IDLE rs=BLOCKING os=OPEN is=IDLE awp=false se=false i=true al=0},r=2,c=false/false,a=IDLE,uri=null,age=0}
13:18:24.436 [qtp426008992-50] DEBUG org.eclipse.jetty.io.FillInterest - onClose FillInterest@10e4720e{null}
13:18:24.436 [qtp426008992-50] DEBUG org.eclipse.jetty.io.ManagedSelector - Wakeup ManagedSelector@48ded463{STARTED} id=1 keys=2 selected=0 updates=0
13:18:24.436 [qtp426008992-51] DEBUG org.eclipse.jetty.io.ManagedSelector - Selector sun.nio.ch.WindowsSelectorImpl@25487540 woken with none selected
13:18:24.436 [qtp426008992-51] DEBUG org.eclipse.jetty.io.ManagedSelector - Selector sun.nio.ch.WindowsSelectorImpl@25487540 woken up from select, 0/0/1 selected
13:18:24.436 [qtp426008992-51] DEBUG org.eclipse.jetty.io.ManagedSelector - Selector sun.nio.ch.WindowsSelectorImpl@25487540 processing 0 keys, 0 updates
13:18:24.436 [qtp426008992-51] DEBUG org.eclipse.jetty.io.ManagedSelector - updateable 0
13:18:24.437 [qtp426008992-51] DEBUG org.eclipse.jetty.io.ManagedSelector - updates 0
13:18:24.437 [qtp426008992-51] DEBUG org.eclipse.jetty.io.ManagedSelector - Selector sun.nio.ch.WindowsSelectorImpl@25487540 waiting with 1 keys
13:18:24.437 [qtp426008992-50] DEBUG org.eclipse.jetty.util.thread.QueuedThreadPool - queue org.eclipse.jetty.io.ManagedSelector$DestroyEndPoint@68d06b23 startThread=0
13:18:24.438 [qtp426008992-50] DEBUG org.eclipse.jetty.server.HttpConnection - HttpConnection@45006067::NetworkTrafficSocketChannelEndPoint@5d863db4{/127.0.0.1:64983<->/127.0.0.1:8080,CLOSED,fill=-,flush=-,to=3/30000}{io=0/0,kio=-1,kro=-1}->HttpConnection@45006067[p=HttpParser{s=CLOSED,0 of -1},g=HttpGenerator@29079eee{s=START}]=>HttpChannelOverHttp@30012b73{s=HttpChannelState@6f608bd4{s=IDLE rs=BLOCKING os=OPEN is=IDLE awp=false se=false i=true al=0},r=2,c=false/false,a=IDLE,uri=null,age=0} parsed false HttpParser{s=CLOSED,0 of -1}
13:18:24.439 [qtp426008992-50] DEBUG org.eclipse.jetty.server.HttpConnection - releaseRequestBuffer HttpConnection@45006067::NetworkTrafficSocketChannelEndPoint@5d863db4{/127.0.0.1:64983<->/127.0.0.1:8080,CLOSED,fill=-,flush=-,to=4/30000}{io=0/0,kio=-1,kro=-1}->HttpConnection@45006067[p=HttpParser{s=CLOSED,0 of -1},g=HttpGenerator@29079eee{s=START}]=>HttpChannelOverHttp@30012b73{s=HttpChannelState@6f608bd4{s=IDLE rs=BLOCKING os=OPEN is=IDLE awp=false se=false i=true al=0},r=2,c=false/false,a=IDLE,uri=null,age=0}
13:18:24.439 [qtp426008992-50] DEBUG org.eclipse.jetty.io.AbstractEndPoint - shutdownOutput NetworkTrafficSocketChannelEndPoint@5d863db4{/127.0.0.1:64983<->/127.0.0.1:8080,CLOSED,fill=-,flush=-,to=5/30000}{io=0/0,kio=-1,kro=-1}->HttpConnection@45006067[p=HttpParser{s=CLOSED,0 of -1},g=HttpGenerator@29079eee{s=START}]=>HttpChannelOverHttp@30012b73{s=HttpChannelState@6f608bd4{s=IDLE rs=BLOCKING os=OPEN is=IDLE awp=false se=false i=true al=0},r=2,c=false/false,a=IDLE,uri=null,age=0}
13:18:24.439 [qtp426008992-50] DEBUG org.eclipse.jetty.server.HttpConnection - HttpConnection@45006067::NetworkTrafficSocketChannelEndPoint@5d863db4{/127.0.0.1:64983<->/127.0.0.1:8080,CLOSED,fill=-,flush=-,to=5/30000}{io=0/0,kio=-1,kro=-1}->HttpConnection@45006067[p=HttpParser{s=CLOSED,0 of -1},g=HttpGenerator@29079eee{s=START}]=>HttpChannelOverHttp@30012b73{s=HttpChannelState@6f608bd4{s=IDLE rs=BLOCKING os=OPEN is=IDLE awp=false se=false i=true al=0},r=2,c=false/false,a=IDLE,uri=null,age=0} onFillable exit HttpChannelState@6f608bd4{s=IDLE rs=BLOCKING os=OPEN is=IDLE awp=false se=false i=true al=0} null
13:18:24.439 [qtp426008992-50] DEBUG org.eclipse.jetty.util.thread.ReservedThreadExecutor - ReservedThreadExecutor@126c668c{s=1/1,p=0}@2fb01e30 size 1 > capacity
13:18:24.439 [qtp426008992-46] DEBUG org.eclipse.jetty.util.thread.QueuedThreadPool - run org.eclipse.jetty.io.ManagedSelector$DestroyEndPoint@68d06b23 in QueuedThreadPool[qtp426008992]@196461a0{STARTED,8<=8<=14,i=0,r=1,q=0}[ReservedThreadExecutor@126c668c{s=1/1,p=0}]
13:18:24.441 [qtp426008992-46] DEBUG org.eclipse.jetty.io.ManagedSelector - Destroyed NetworkTrafficSocketChannelEndPoint@5d863db4{/127.0.0.1:64983<->/127.0.0.1:8080,CLOSED,fill=-,flush=-,to=7/30000}{io=0/0,kio=-1,kro=-1}->HttpConnection@45006067[p=HttpParser{s=CLOSED,0 of -1},g=HttpGenerator@29079eee{s=START}]=>HttpChannelOverHttp@30012b73{s=HttpChannelState@6f608bd4{s=IDLE rs=BLOCKING os=OPEN is=IDLE awp=false se=false i=true al=0},r=2,c=false/false,a=IDLE,uri=null,age=0}
13:18:24.442 [qtp426008992-46] DEBUG org.eclipse.jetty.io.AbstractConnection - onClose HttpConnection@45006067::NetworkTrafficSocketChannelEndPoint@5d863db4{/127.0.0.1:64983<->/127.0.0.1:8080,CLOSED,fill=-,flush=-,to=7/30000}{io=0/0,kio=-1,kro=-1}->HttpConnection@45006067[p=HttpParser{s=CLOSED,0 of -1},g=HttpGenerator@29079eee{s=START}]=>HttpChannelOverHttp@30012b73{s=HttpChannelState@6f608bd4{s=IDLE rs=BLOCKING os=OPEN is=IDLE awp=false se=false i=true al=0},r=2,c=false/false,a=IDLE,uri=null,age=0}
13:18:24.442 [qtp426008992-46] DEBUG org.eclipse.jetty.util.thread.QueuedThreadPool - ran org.eclipse.jetty.io.ManagedSelector$DestroyEndPoint@68d06b23 in QueuedThreadPool[qtp426008992]@196461a0{STARTED,8<=8<=14,i=0,r=1,q=0}[ReservedThreadExecutor@126c668c{s=1/1,p=0}]
13:18:24.442 [qtp426008992-50] DEBUG org.eclipse.jetty.util.thread.QueuedThreadPool - ran ReservedThreadExecutor@126c668c{s=1/1,p=0}@2fb01e30 in QueuedThreadPool[qtp426008992]@196461a0{STARTED,8<=8<=14,i=0,r=1,q=0}[ReservedThreadExecutor@126c668c{s=1/1,p=0}]
13:18:26.185 [parallel-2] DEBUG org.springframework.web.reactive.function.client.ExchangeFunctions - [5776e38e] HTTP GET http://localhost:8080/api/v0/components/provision-adapters/awx
13:18:26.186 [reactor-http-nio-2] DEBUG reactor.netty.resources.PooledConnectionProvider - [id: 0xc0251bc0, L:/127.0.0.1:64982 - R:localhost/127.0.0.1:8080] Channel acquired, now 1 active connections and 0 inactive connections
13:18:26.186 [reactor-http-nio-2] DEBUG reactor.netty.ReactorNetty - [id: 0xc0251bc0, L:/127.0.0.1:64982 - R:localhost/127.0.0.1:8080] Added decoder [ReadTimeoutHandler] at the end of the user pipeline, full pipeline: [reactor.left.httpCodec, ReadTimeoutHandler, reactor.right.reactiveBridge, DefaultChannelPipeline$TailContext#0]
13:18:26.186 [reactor-http-nio-2] DEBUG reactor.netty.ReactorNetty - [id: 0xc0251bc0, L:/127.0.0.1:64982 - R:localhost/127.0.0.1:8080] Added decoder [WriteTimeoutHandler] at the end of the user pipeline, full pipeline: [reactor.left.httpCodec, ReadTimeoutHandler, WriteTimeoutHandler, reactor.right.reactiveBridge, DefaultChannelPipeline$TailContext#0]
13:18:26.186 [reactor-http-nio-2] DEBUG reactor.netty.http.client.HttpClientConnect - [id: 0xc0251bc0, L:/127.0.0.1:64982 - R:localhost/127.0.0.1:8080] Handler is being applied: {uri=http://localhost:8080/api/v0/components/provision-adapters/awx, method=GET}
13:18:26.187 [reactor-http-nio-2] DEBUG reactor.netty.resources.PooledConnectionProvider - [id: 0xc0251bc0, L:/127.0.0.1:64982 - R:localhost/127.0.0.1:8080] onStateChange(GET{uri=/api/v0/components/provision-adapters/awx, connection=PooledConnection{channel=[id: 0xc0251bc0, L:/127.0.0.1:64982 - R:localhost/127.0.0.1:8080]}}, [request_prepared])
13:18:26.188 [reactor-http-nio-2] DEBUG reactor.netty.resources.PooledConnectionProvider - [id: 0xc0251bc0, L:/127.0.0.1:64982 - R:localhost/127.0.0.1:8080] onStateChange(GET{uri=/api/v0/components/provision-adapters/awx, connection=PooledConnection{channel=[id: 0xc0251bc0, L:/127.0.0.1:64982 - R:localhost/127.0.0.1:8080]}}, [request_sent])
13:18:26.188 [qtp426008992-52] DEBUG org.eclipse.jetty.io.ManagedSelector - Selector sun.nio.ch.WindowsSelectorImpl@16bcf70e woken up from select, 1/1/1 selected
13:18:26.188 [qtp426008992-52] DEBUG org.eclipse.jetty.io.ManagedSelector - Selector sun.nio.ch.WindowsSelectorImpl@16bcf70e processing 1 keys, 0 updates
13:18:26.189 [qtp426008992-52] DEBUG org.eclipse.jetty.io.ManagedSelector - selected 1 channel=java.nio.channels.SocketChannel[connected local=/127.0.0.1:8080 remote=/127.0.0.1:64982], selector=sun.nio.ch.WindowsSelectorImpl@16bcf70e, interestOps=1, readyOps=1 NetworkTrafficSocketChannelEndPoint@1e08cabe{/127.0.0.1:64982<->/127.0.0.1:8080,OPEN,fill=FI,flush=-,to=2009/30000}{io=1/1,kio=1,kro=1}->HttpConnection@2657044e[p=HttpParser{s=START,0 of -1},g=HttpGenerator@7ed27700{s=START}]=>HttpChannelOverHttp@1dccebee{s=HttpChannelState@ab9a50e{s=IDLE rs=BLOCKING os=OPEN is=IDLE awp=false se=false i=true al=0},r=2,c=false/false,a=IDLE,uri=null,age=0} 
13:18:26.189 [qtp426008992-52] DEBUG org.eclipse.jetty.io.ChannelEndPoint - onSelected 1->0 r=true w=false for NetworkTrafficSocketChannelEndPoint@1e08cabe{/127.0.0.1:64982<->/127.0.0.1:8080,OPEN,fill=FI,flush=-,to=2009/30000}{io=1/0,kio=1,kro=1}->HttpConnection@2657044e[p=HttpParser{s=START,0 of -1},g=HttpGenerator@7ed27700{s=START}]=>HttpChannelOverHttp@1dccebee{s=HttpChannelState@ab9a50e{s=IDLE rs=BLOCKING os=OPEN is=IDLE awp=false se=false i=true al=0},r=2,c=false/false,a=IDLE,uri=null,age=0}
13:18:26.189 [qtp426008992-52] DEBUG org.eclipse.jetty.io.ChannelEndPoint - task CEP:NetworkTrafficSocketChannelEndPoint@1e08cabe{/127.0.0.1:64982<->/127.0.0.1:8080,OPEN,fill=FI,flush=-,to=2009/30000}{io=1/0,kio=1,kro=1}->HttpConnection@2657044e[p=HttpParser{s=START,0 of -1},g=HttpGenerator@7ed27700{s=START}]=>HttpChannelOverHttp@1dccebee{s=HttpChannelState@ab9a50e{s=IDLE rs=BLOCKING os=OPEN is=IDLE awp=false se=false i=true al=0},r=2,c=false/false,a=IDLE,uri=null,age=0}:runFillable:BLOCKING
13:18:26.189 [qtp426008992-52] DEBUG org.eclipse.jetty.util.thread.ReservedThreadExecutor - ReservedThreadExecutor@126c668c{s=1/1,p=0} tryExecute EatWhatYouKill@9b07444/SelectorProducer@6dcc6117/REPRODUCING/p=false/QueuedThreadPool[qtp426008992]@196461a0{STARTED,8<=8<=14,i=2,r=1,q=0}[ReservedThreadExecutor@126c668c{s=1/1,p=0}][pc=0,pic=0,pec=0,epc=2]@2020-09-25T13:18:26.1899742+02:00
13:18:26.189 [qtp426008992-52] DEBUG org.eclipse.jetty.util.thread.ReservedThreadExecutor - ReservedThreadExecutor@126c668c{s=0/1,p=0}@6b65c94c offer EatWhatYouKill@9b07444/SelectorProducer@6dcc6117/REPRODUCING/p=false/QueuedThreadPool[qtp426008992]@196461a0{STARTED,8<=8<=14,i=2,r=1,q=0}[ReservedThreadExecutor@126c668c{s=0/1,p=0}][pc=0,pic=0,pec=0,epc=2]@2020-09-25T13:18:26.1899742+02:00
13:18:26.189 [qtp426008992-52] DEBUG org.eclipse.jetty.util.thread.ReservedThreadExecutor - ReservedThreadExecutor@126c668c{s=0/1,p=1} startReservedThread p=1
13:18:26.189 [qtp426008992-52] DEBUG org.eclipse.jetty.util.thread.QueuedThreadPool - queue ReservedThreadExecutor@126c668c{s=0/1,p=1}@45e3b17c startThread=0
13:18:26.190 [qtp426008992-52] DEBUG org.eclipse.jetty.util.thread.strategy.EatWhatYouKill - EatWhatYouKill@9b07444/SelectorProducer@6dcc6117/IDLE/p=true/QueuedThreadPool[qtp426008992]@196461a0{STARTED,8<=8<=14,i=1,r=1,q=0}[ReservedThreadExecutor@126c668c{s=0/1,p=1}][pc=0,pic=0,pec=0,epc=2]@2020-09-25T13:18:26.1899742+02:00 m=EXECUTE_PRODUCE_CONSUME t=CEP:NetworkTrafficSocketChannelEndPoint@1e08cabe{/127.0.0.1:64982<->/127.0.0.1:8080,OPEN,fill=FI,flush=-,to=2010/30000}{io=1/0,kio=1,kro=1}->HttpConnection@2657044e[p=HttpParser{s=START,0 of -1},g=HttpGenerator@7ed27700{s=START}]=>HttpChannelOverHttp@1dccebee{s=HttpChannelState@ab9a50e{s=IDLE rs=BLOCKING os=OPEN is=IDLE awp=false se=false i=true al=0},r=2,c=false/false,a=IDLE,uri=null,age=0}:runFillable:BLOCKING/BLOCKING
13:18:26.190 [qtp426008992-52] DEBUG org.eclipse.jetty.io.FillInterest - fillable FillInterest@43b70af{AC.ReadCB@2657044e{HttpConnection@2657044e::NetworkTrafficSocketChannelEndPoint@1e08cabe{/127.0.0.1:64982<->/127.0.0.1:8080,OPEN,fill=FI,flush=-,to=2010/30000}{io=1/0,kio=1,kro=1}->HttpConnection@2657044e[p=HttpParser{s=START,0 of -1},g=HttpGenerator@7ed27700{s=START}]=>HttpChannelOverHttp@1dccebee{s=HttpChannelState@ab9a50e{s=IDLE rs=BLOCKING os=OPEN is=IDLE awp=false se=false i=true al=0},r=2,c=false/false,a=IDLE,uri=null,age=0}}}
13:18:26.190 [qtp426008992-52] DEBUG org.eclipse.jetty.server.HttpConnection - HttpConnection@2657044e::NetworkTrafficSocketChannelEndPoint@1e08cabe{/127.0.0.1:64982<->/127.0.0.1:8080,OPEN,fill=-,flush=-,to=2010/30000}{io=1/0,kio=1,kro=1}->HttpConnection@2657044e[p=HttpParser{s=START,0 of -1},g=HttpGenerator@7ed27700{s=START}]=>HttpChannelOverHttp@1dccebee{s=HttpChannelState@ab9a50e{s=IDLE rs=BLOCKING os=OPEN is=IDLE awp=false se=false i=true al=0},r=2,c=false/false,a=IDLE,uri=null,age=0} onFillable enter HttpChannelState@ab9a50e{s=IDLE rs=BLOCKING os=OPEN is=IDLE awp=false se=false i=true al=0} null
13:18:26.190 [qtp426008992-52] DEBUG org.eclipse.jetty.io.ChannelEndPoint - filled 166 HeapByteBuffer@a250024[p=0,l=166,c=8192,r=166]={<<<GET /api/v0/components/pr...n: Bearer someToken\r\n\r\n>>>\n\r\n{"pass...\x00\x00\x00\x00\x00\x00\x00}
13:18:26.190 [qtp426008992-52] DEBUG org.eclipse.jetty.server.HttpConnection - HttpConnection@2657044e::NetworkTrafficSocketChannelEndPoint@1e08cabe{/127.0.0.1:64982<->/127.0.0.1:8080,OPEN,fill=-,flush=-,to=0/30000}{io=1/0,kio=1,kro=1}->HttpConnection@2657044e[p=HttpParser{s=START,0 of -1},g=HttpGenerator@7ed27700{s=START}]=>HttpChannelOverHttp@1dccebee{s=HttpChannelState@ab9a50e{s=IDLE rs=BLOCKING os=OPEN is=IDLE awp=false se=false i=true al=0},r=2,c=false/false,a=IDLE,uri=null,age=0} filled 166 HeapByteBuffer@a250024[p=0,l=166,c=8192,r=166]={<<<GET /api/v0/components/pr...n: Bearer someToken\r\n\r\n>>>\n\r\n{"pass...\x00\x00\x00\x00\x00\x00\x00}
13:18:26.190 [qtp426008992-52] DEBUG org.eclipse.jetty.server.HttpConnection - HttpConnection@2657044e::NetworkTrafficSocketChannelEndPoint@1e08cabe{/127.0.0.1:64982<->/127.0.0.1:8080,OPEN,fill=-,flush=-,to=0/30000}{io=1/0,kio=1,kro=1}->HttpConnection@2657044e[p=HttpParser{s=START,0 of -1},g=HttpGenerator@7ed27700{s=START}]=>HttpChannelOverHttp@1dccebee{s=HttpChannelState@ab9a50e{s=IDLE rs=BLOCKING os=OPEN is=IDLE awp=false se=false i=true al=0},r=2,c=false/false,a=IDLE,uri=null,age=0} parse HeapByteBuffer@a250024[p=0,l=166,c=8192,r=166]={<<<GET /api/v0/components/pr...n: Bearer someToken\r\n\r\n>>>\n\r\n{"pass...\x00\x00\x00\x00\x00\x00\x00} {}
13:18:26.190 [qtp426008992-52] DEBUG org.eclipse.jetty.http.HttpParser - parseNext s=START HeapByteBuffer@a250024[p=0,l=166,c=8192,r=166]={<<<GET /api/v0/components/pr...n: Bearer someToken\r\n\r\n>>>\n\r\n{"pass...\x00\x00\x00\x00\x00\x00\x00}
13:18:26.190 [qtp426008992-52] DEBUG org.eclipse.jetty.http.HttpParser - START --> SPACE1
13:18:26.190 [qtp426008992-52] DEBUG org.eclipse.jetty.http.HttpParser - SPACE1 --> URI
13:18:26.190 [qtp426008992-52] DEBUG org.eclipse.jetty.http.HttpParser - URI --> SPACE2
13:18:26.190 [qtp426008992-52] DEBUG org.eclipse.jetty.http.HttpParser - SPACE2 --> REQUEST_VERSION
13:18:26.191 [qtp426008992-52] DEBUG org.eclipse.jetty.http.HttpParser - REQUEST_VERSION --> HEADER
13:18:26.191 [qtp426008992-45] DEBUG org.eclipse.jetty.util.thread.ReservedThreadExecutor - ReservedThreadExecutor@126c668c{s=0/1,p=1}@6b65c94c task=EatWhatYouKill@9b07444/SelectorProducer@6dcc6117/IDLE/p=true/QueuedThreadPool[qtp426008992]@196461a0{STARTED,8<=8<=14,i=1,r=1,q=0}[ReservedThreadExecutor@126c668c{s=0/1,p=1}][pc=0,pic=0,pec=0,epc=3]@2020-09-25T13:18:26.1909822+02:00
13:18:26.191 [qtp426008992-52] DEBUG org.eclipse.jetty.http.HttpParser - HEADER:User-Agent: ReactorNetty/0.9.7.RELEASE --> IN_VALUE
13:18:26.191 [qtp426008992-52] DEBUG org.eclipse.jetty.http.HttpParser - HEADER:User-Agent: ReactorNetty/0.9.7.RELEASE --> FIELD
13:18:26.191 [qtp426008992-52] DEBUG org.eclipse.jetty.http.HttpParser - HEADER:Host: localhost:8080 --> IN_VALUE
13:18:26.191 [qtp426008992-52] DEBUG org.eclipse.jetty.http.HttpParser - HEADER:Host: localhost:8080 --> FIELD
13:18:26.191 [qtp426008992-45] DEBUG org.eclipse.jetty.util.thread.strategy.EatWhatYouKill - EatWhatYouKill@9b07444/SelectorProducer@6dcc6117/IDLE/p=true/QueuedThreadPool[qtp426008992]@196461a0{STARTED,8<=8<=14,i=1,r=1,q=0}[ReservedThreadExecutor@126c668c{s=0/1,p=1}][pc=0,pic=0,pec=0,epc=3]@2020-09-25T13:18:26.1919843+02:00 tryProduce true
13:18:26.191 [qtp426008992-52] DEBUG org.eclipse.jetty.http.HttpParser - HEADER:Accept: */* --> IN_VALUE
13:18:26.191 [qtp426008992-52] DEBUG org.eclipse.jetty.http.HttpParser - HEADER:Accept: */* --> FIELD
13:18:26.191 [qtp426008992-45] DEBUG org.eclipse.jetty.io.ManagedSelector - updateable 0
13:18:26.191 [qtp426008992-45] DEBUG org.eclipse.jetty.io.ManagedSelector - updates 0
13:18:26.191 [qtp426008992-52] DEBUG org.eclipse.jetty.http.HttpParser - HEADER:Authorization: Bearer someToken --> IN_VALUE
13:18:26.191 [qtp426008992-52] DEBUG org.eclipse.jetty.http.HttpParser - HEADER:Authorization: Bearer someToken --> FIELD
13:18:26.191 [qtp426008992-52] DEBUG org.eclipse.jetty.http.HttpParser - HEADER --> CONTENT
13:18:26.191 [qtp426008992-45] DEBUG org.eclipse.jetty.io.ChannelEndPoint - Key interests updated 1 -> 0 on NetworkTrafficSocketChannelEndPoint@1e08cabe{/127.0.0.1:64982<->/127.0.0.1:8080,OPEN,fill=-,flush=-,to=0/30000}{io=0/0,kio=0,kro=1}->HttpConnection@2657044e[p=HttpParser{s=CONTENT,0 of -1},g=HttpGenerator@7ed27700{s=START}]=>HttpChannelOverHttp@1dccebee{s=HttpChannelState@ab9a50e{s=IDLE rs=BLOCKING os=OPEN is=IDLE awp=false se=false i=true al=0},r=3,c=false/false,a=IDLE,uri=//localhost:8080/api/v0/components/provision-adapters/awx,age=0}
13:18:26.191 [qtp426008992-52] DEBUG org.eclipse.jetty.server.HttpChannel - REQUEST for //localhost:8080/api/v0/components/provision-adapters/awx on HttpChannelOverHttp@1dccebee{s=HttpChannelState@ab9a50e{s=IDLE rs=BLOCKING os=OPEN is=IDLE awp=false se=false i=true al=0},r=3,c=false/false,a=IDLE,uri=//localhost:8080/api/v0/components/provision-adapters/awx,age=0}
GET //localhost:8080/api/v0/components/provision-adapters/awx HTTP/1.1
User-Agent: ReactorNetty/0.9.7.RELEASE
Host: localhost:8080
Accept: */*
Authorization: Bearer someToken


13:18:26.191 [qtp426008992-45] DEBUG org.eclipse.jetty.io.ManagedSelector - Selector sun.nio.ch.WindowsSelectorImpl@16bcf70e waiting with 1 keys
13:18:26.191 [qtp426008992-52] DEBUG org.eclipse.jetty.server.HttpConnection - HttpConnection@2657044e::NetworkTrafficSocketChannelEndPoint@1e08cabe{/127.0.0.1:64982<->/127.0.0.1:8080,OPEN,fill=-,flush=-,to=0/30000}{io=0/0,kio=0,kro=1}->HttpConnection@2657044e[p=HttpParser{s=CONTENT,0 of -1},g=HttpGenerator@7ed27700{s=START}]=>HttpChannelOverHttp@1dccebee{s=HttpChannelState@ab9a50e{s=IDLE rs=BLOCKING os=OPEN is=IDLE awp=false se=false i=true al=0},r=3,c=false/false,a=IDLE,uri=//localhost:8080/api/v0/components/provision-adapters/awx,age=0} parsed true HttpParser{s=CONTENT,0 of -1}
13:18:26.191 [qtp426008992-46] DEBUG org.eclipse.jetty.util.thread.QueuedThreadPool - run ReservedThreadExecutor@126c668c{s=0/1,p=1}@45e3b17c in QueuedThreadPool[qtp426008992]@196461a0{STARTED,8<=8<=14,i=1,r=1,q=0}[ReservedThreadExecutor@126c668c{s=0/1,p=1}]
13:18:26.191 [qtp426008992-46] DEBUG org.eclipse.jetty.util.thread.ReservedThreadExecutor - ReservedThreadExecutor@126c668c{s=1/1,p=1}@45e3b17c started
13:18:26.191 [qtp426008992-52] DEBUG org.eclipse.jetty.server.HttpConnection - releaseRequestBuffer HttpConnection@2657044e::NetworkTrafficSocketChannelEndPoint@1e08cabe{/127.0.0.1:64982<->/127.0.0.1:8080,OPEN,fill=-,flush=-,to=1/30000}{io=0/0,kio=0,kro=1}->HttpConnection@2657044e[p=HttpParser{s=CONTENT,0 of -1},g=HttpGenerator@7ed27700{s=START}]=>HttpChannelOverHttp@1dccebee{s=HttpChannelState@ab9a50e{s=IDLE rs=BLOCKING os=OPEN is=IDLE awp=false se=false i=true al=0},r=3,c=false/false,a=IDLE,uri=//localhost:8080/api/v0/components/provision-adapters/awx,age=0}
13:18:26.191 [qtp426008992-46] DEBUG org.eclipse.jetty.util.thread.ReservedThreadExecutor - ReservedThreadExecutor@126c668c{s=1/1,p=0}@45e3b17c waiting
13:18:26.191 [qtp426008992-52] DEBUG org.eclipse.jetty.server.HttpChannel - handle //localhost:8080/api/v0/components/provision-adapters/awx HttpChannelOverHttp@1dccebee{s=HttpChannelState@ab9a50e{s=IDLE rs=BLOCKING os=OPEN is=IDLE awp=false se=false i=true al=0},r=3,c=false/false,a=IDLE,uri=//localhost:8080/api/v0/components/provision-adapters/awx,age=0} 
13:18:26.191 [qtp426008992-52] DEBUG org.eclipse.jetty.server.HttpChannelState - handling HttpChannelState@ab9a50e{s=IDLE rs=BLOCKING os=OPEN is=IDLE awp=false se=false i=true al=0}
13:18:26.191 [qtp426008992-52] DEBUG org.eclipse.jetty.server.HttpChannel - action DISPATCH HttpChannelOverHttp@1dccebee{s=HttpChannelState@ab9a50e{s=HANDLING rs=BLOCKING os=OPEN is=IDLE awp=false se=false i=true al=0},r=3,c=false/false,a=HANDLING,uri=//localhost:8080/api/v0/components/provision-adapters/awx,age=0}
13:18:26.191 [qtp426008992-52] DEBUG org.eclipse.jetty.server.Server - REQUEST GET /api/v0/components/provision-adapters/awx on HttpChannelOverHttp@1dccebee{s=HttpChannelState@ab9a50e{s=HANDLING rs=BLOCKING os=OPEN is=IDLE awp=false se=false i=true al=0},r=3,c=false/false,a=HANDLING,uri=//localhost:8080/api/v0/components/provision-adapters/awx,age=0}
13:18:26.191 [qtp426008992-52] DEBUG org.eclipse.jetty.server.handler.ContextHandler - scope null||/api/v0/components/provision-adapters/awx @ o.e.j.s.ServletContextHandler@5219ca04{/__admin,null,AVAILABLE}
13:18:26.191 [qtp426008992-52] DEBUG org.eclipse.jetty.server.handler.gzip.GzipHandler - GzipHandler@3867a06c{STARTED,min=32,inflate=-1} handle Request(GET //localhost:8080/api/v0/components/provision-adapters/awx)@59461192 in null
13:18:26.191 [qtp426008992-52] DEBUG org.eclipse.jetty.server.handler.ContextHandler - scope null||/api/v0/components/provision-adapters/awx @ o.e.j.s.ServletContextHandler@3ff531df{/,null,AVAILABLE}
13:18:26.191 [qtp426008992-52] DEBUG org.eclipse.jetty.server.handler.ContextHandler - context=||/api/v0/components/provision-adapters/awx @ o.e.j.s.ServletContextHandler@3ff531df{/,null,AVAILABLE}
13:18:26.192 [qtp426008992-52] DEBUG org.eclipse.jetty.servlet.ServletHandler - servlet |/api/v0/components/provision-adapters/awx|null -> com.github.tomakehurst.wiremock.servlet.WireMockHandlerDispatchingServlet-7be4ba4c@9f5184b6==com.github.tomakehurst.wiremock.servlet.WireMockHandlerDispatchingServlet,jsp=null,order=-1,inst=true,async=true
13:18:26.192 [qtp426008992-52] DEBUG org.eclipse.jetty.servlet.ServletHandler - chain=org.eclipse.jetty.servlets.CrossOriginFilter-1178684b@1178684b==org.eclipse.jetty.servlets.CrossOriginFilter,inst=true,async=true->com.github.tomakehurst.wiremock.servlet.WireMockHandlerDispatchingServlet-7be4ba4c@9f5184b6==com.github.tomakehurst.wiremock.servlet.WireMockHandlerDispatchingServlet,jsp=null,order=-1,inst=true,async=true
13:18:26.192 [qtp426008992-52] DEBUG org.eclipse.jetty.servlet.ServletHandler - call filter org.eclipse.jetty.servlets.CrossOriginFilter-1178684b@1178684b==org.eclipse.jetty.servlets.CrossOriginFilter,inst=true,async=true
13:18:26.192 [qtp426008992-52] DEBUG org.eclipse.jetty.servlet.ServletHandler - call servlet com.github.tomakehurst.wiremock.servlet.WireMockHandlerDispatchingServlet-7be4ba4c@9f5184b6==com.github.tomakehurst.wiremock.servlet.WireMockHandlerDispatchingServlet,jsp=null,order=-1,inst=true,async=true
13:18:26.193 [qtp426008992-52] DEBUG org.eclipse.jetty.io.ChannelEndPoint - filled 0 HeapByteBuffer@a250024[p=0,l=0,c=8192,r=0]={<<<>>>GET /api/...\x00\x00\x00\x00\x00\x00\x00}
13:18:26.193 [qtp426008992-52] DEBUG org.eclipse.jetty.io.ChannelEndPoint - filled 0 HeapByteBuffer@a250024[p=0,l=0,c=8192,r=0]={<<<>>>GET /api/...\x00\x00\x00\x00\x00\x00\x00}
13:18:26.194 [qtp426008992-52] DEBUG org.eclipse.jetty.server.HttpConnection - HttpConnection@2657044e::NetworkTrafficSocketChannelEndPoint@1e08cabe{/127.0.0.1:64982<->/127.0.0.1:8080,OPEN,fill=-,flush=-,to=3/30000}{io=0/0,kio=0,kro=1}->HttpConnection@2657044e[p=HttpParser{s=CONTENT,0 of -1},g=HttpGenerator@7ed27700{s=START}]=>HttpChannelOverHttp@1dccebee{s=HttpChannelState@ab9a50e{s=HANDLING rs=BLOCKING os=OPEN is=IDLE awp=false se=false i=true al=0},r=3,c=false/false,a=HANDLING,uri=//localhost:8080/api/v0/components/provision-adapters/awx,age=3} filled 0 HeapByteBuffer@a250024[p=0,l=0,c=8192,r=0]={<<<>>>GET /api/...\x00\x00\x00\x00\x00\x00\x00}
13:18:26.194 [qtp426008992-52] DEBUG org.eclipse.jetty.server.HttpConnection - HttpConnection@2657044e::NetworkTrafficSocketChannelEndPoint@1e08cabe{/127.0.0.1:64982<->/127.0.0.1:8080,OPEN,fill=-,flush=-,to=3/30000}{io=0/0,kio=0,kro=1}->HttpConnection@2657044e[p=HttpParser{s=CONTENT,0 of -1},g=HttpGenerator@7ed27700{s=START}]=>HttpChannelOverHttp@1dccebee{s=HttpChannelState@ab9a50e{s=HANDLING rs=BLOCKING os=OPEN is=IDLE awp=false se=false i=true al=0},r=3,c=false/false,a=HANDLING,uri=//localhost:8080/api/v0/components/provision-adapters/awx,age=3} parse HeapByteBuffer@a250024[p=0,l=0,c=8192,r=0]={<<<>>>GET /api/...\x00\x00\x00\x00\x00\x00\x00} {}
13:18:26.194 [qtp426008992-52] DEBUG org.eclipse.jetty.http.HttpParser - parseNext s=CONTENT HeapByteBuffer@a250024[p=0,l=0,c=8192,r=0]={<<<>>>GET /api/...\x00\x00\x00\x00\x00\x00\x00}
13:18:26.194 [qtp426008992-52] DEBUG org.eclipse.jetty.http.HttpParser - CONTENT --> CONTENT_END
13:18:26.194 [qtp426008992-52] DEBUG org.eclipse.jetty.server.HttpChannel - onContentComplete HttpChannelOverHttp@1dccebee{s=HttpChannelState@ab9a50e{s=HANDLING rs=BLOCKING os=OPEN is=IDLE awp=false se=false i=true al=0},r=3,c=false/false,a=HANDLING,uri=//localhost:8080/api/v0/components/provision-adapters/awx,age=3}
13:18:26.194 [qtp426008992-52] DEBUG org.eclipse.jetty.http.HttpParser - CONTENT_END --> END
13:18:26.194 [qtp426008992-52] DEBUG org.eclipse.jetty.server.HttpChannel - onRequestComplete HttpChannelOverHttp@1dccebee{s=HttpChannelState@ab9a50e{s=HANDLING rs=BLOCKING os=OPEN is=IDLE awp=false se=false i=true al=0},r=3,c=false/false,a=HANDLING,uri=//localhost:8080/api/v0/components/provision-adapters/awx,age=3}
13:18:26.194 [qtp426008992-52] DEBUG org.eclipse.jetty.server.HttpInput - HttpInputOverHTTP@685569cf[c=0,q=0,[0]=null,s=STREAM] addContent EOF
13:18:26.194 [qtp426008992-52] DEBUG org.eclipse.jetty.server.HttpConnection - HttpConnection@2657044e::NetworkTrafficSocketChannelEndPoint@1e08cabe{/127.0.0.1:64982<->/127.0.0.1:8080,OPEN,fill=-,flush=-,to=4/30000}{io=0/0,kio=0,kro=1}->HttpConnection@2657044e[p=HttpParser{s=END,0 of -1},g=HttpGenerator@7ed27700{s=START}]=>HttpChannelOverHttp@1dccebee{s=HttpChannelState@ab9a50e{s=HANDLING rs=BLOCKING os=OPEN is=IDLE awp=false se=false i=true al=0},r=3,c=false/false,a=HANDLING,uri=//localhost:8080/api/v0/components/provision-adapters/awx,age=3} parsed false HttpParser{s=END,0 of -1}
13:18:26.194 [qtp426008992-52] DEBUG org.eclipse.jetty.server.HttpConnection - releaseRequestBuffer HttpConnection@2657044e::NetworkTrafficSocketChannelEndPoint@1e08cabe{/127.0.0.1:64982<->/127.0.0.1:8080,OPEN,fill=-,flush=-,to=4/30000}{io=0/0,kio=0,kro=1}->HttpConnection@2657044e[p=HttpParser{s=END,0 of -1},g=HttpGenerator@7ed27700{s=START}]=>HttpChannelOverHttp@1dccebee{s=HttpChannelState@ab9a50e{s=HANDLING rs=BLOCKING os=OPEN is=IDLE awp=false se=false i=true al=0},r=3,c=false/false,a=HANDLING,uri=//localhost:8080/api/v0/components/provision-adapters/awx,age=3}
13:18:26.194 [qtp426008992-52] DEBUG org.eclipse.jetty.server.HttpChannelState - onEof HttpChannelState@ab9a50e{s=HANDLING rs=BLOCKING os=OPEN is=IDLE awp=false se=false i=true al=0}
13:18:26.196 [qtp426008992-52] DEBUG org.eclipse.jetty.server.handler.gzip.GzipHttpOutputInterceptor - org.eclipse.jetty.server.handler.gzip.GzipHttpOutputInterceptor@b0a9141 exclude by status 401
13:18:26.196 [qtp426008992-52] DEBUG org.eclipse.jetty.server.HttpChannel - sendResponse info=null content=HeapByteBuffer@137d328[p=0,l=0,c=0,r=0]={<<<>>>} complete=false committing=true callback=Blocker@3969eedd{null}
13:18:26.196 [qtp426008992-52] DEBUG org.eclipse.jetty.server.HttpChannel - COMMIT for /api/v0/components/provision-adapters/awx on HttpChannelOverHttp@1dccebee{s=HttpChannelState@ab9a50e{s=HANDLING rs=BLOCKING os=COMMITTED is=READY awp=false se=false i=true al=0},r=3,c=false/false,a=HANDLING,uri=//localhost:8080/api/v0/components/provision-adapters/awx,age=5}
401 null HTTP/1.1
Matched-Stub-Id: 80f785a6-cc11-4a27-a56f-35a2d569e527


13:18:26.196 [qtp426008992-52] DEBUG org.eclipse.jetty.server.HttpConnection - generate: NEED_HEADER for org.eclipse.jetty.server.HttpConnection$SendCallback@d2702c2[PROCESSING][i=HTTP/1.1{s=401,h=1,cl=-1},cb=org.eclipse.jetty.server.HttpChannel$SendCallback@1472980e] (null,[p=0,l=0,c=0,r=0],false)@START
13:18:26.196 [qtp426008992-52] DEBUG org.eclipse.jetty.http.HttpGenerator - generateHeaders HTTP/1.1{s=401,h=1,cl=-1} last=false content=HeapByteBuffer@137d328[p=0,l=0,c=0,r=0]={<<<>>>}
13:18:26.196 [qtp426008992-52] DEBUG org.eclipse.jetty.http.HttpGenerator - Matched-Stub-Id: 80f785a6-cc11-4a27-a56f-35a2d569e527


13:18:26.196 [qtp426008992-52] DEBUG org.eclipse.jetty.http.HttpGenerator - CHUNKED_CONTENT
13:18:26.196 [qtp426008992-52] DEBUG org.eclipse.jetty.server.HttpConnection - generate: FLUSH for org.eclipse.jetty.server.HttpConnection$SendCallback@d2702c2[PROCESSING][i=HTTP/1.1{s=401,h=1,cl=-1},cb=org.eclipse.jetty.server.HttpChannel$SendCallback@1472980e] ([p=0,l=145,c=8192,r=145],[p=0,l=0,c=0,r=0],false)@COMMITTED
13:18:26.196 [qtp426008992-52] DEBUG org.eclipse.jetty.io.WriteFlusher - write: WriteFlusher@4bce33a7{IDLE}->null [HeapByteBuffer@a250024[p=0,l=145,c=8192,r=145]={<<<HTTP/1.1 401 Unauthorized...y(9.4.28.v20200408)\r\n\r\n>>> Bearer s...\x00\x00\x00\x00\x00\x00\x00}]
13:18:26.196 [qtp426008992-52] DEBUG org.eclipse.jetty.io.WriteFlusher - update WriteFlusher@4bce33a7{WRITING}->null:IDLE-->WRITING
13:18:26.197 [qtp426008992-52] DEBUG org.eclipse.jetty.io.ChannelEndPoint - flushed 145 NetworkTrafficSocketChannelEndPoint@1e08cabe{/127.0.0.1:64982<->/127.0.0.1:8080,OPEN,fill=-,flush=W,to=6/30000}{io=0/0,kio=0,kro=1}->HttpConnection@2657044e[p=HttpParser{s=END,0 of -1},g=HttpGenerator@7ed27700{s=COMMITTED}]=>HttpChannelOverHttp@1dccebee{s=HttpChannelState@ab9a50e{s=HANDLING rs=BLOCKING os=COMMITTED is=READY awp=false se=false i=true al=0},r=3,c=false/false,a=HANDLING,uri=//localhost:8080/api/v0/components/provision-adapters/awx,age=6}
13:18:26.197 [qtp426008992-52] DEBUG org.eclipse.jetty.io.WriteFlusher - Flushed=true written=145 remaining=0 WriteFlusher@4bce33a7{WRITING}->null
13:18:26.197 [qtp426008992-52] DEBUG org.eclipse.jetty.io.WriteFlusher - update WriteFlusher@4bce33a7{IDLE}->null:WRITING-->IDLE
13:18:26.197 [qtp426008992-52] DEBUG org.eclipse.jetty.server.HttpConnection - generate: DONE for org.eclipse.jetty.server.HttpConnection$SendCallback@d2702c2[PROCESSING][i=HTTP/1.1{s=401,h=1,cl=-1},cb=org.eclipse.jetty.server.HttpChannel$SendCallback@1472980e] ([p=145,l=145,c=8192,r=0],[p=0,l=0,c=0,r=0],false)@COMMITTED
13:18:26.197 [qtp426008992-52] DEBUG org.eclipse.jetty.server.HttpOutput - onWriteComplete(false,null) s=OPEN,api=BLOCKED,sc=false,e=null->s=OPEN,api=BLOCKING,sc=false,e=null c=null cb=null w=false
13:18:26.197 [qtp426008992-52] DEBUG org.eclipse.jetty.server.HttpOutput - close() s=CLOSING,api=BLOCKED,sc=false,e=null c=HeapByteBuffer@137d328[p=0,l=0,c=0,r=0]={<<<>>>} b=Blocker@3969eedd{null}
13:18:26.197 [qtp426008992-52] DEBUG org.eclipse.jetty.server.HttpChannel - sendResponse info=null content=HeapByteBuffer@137d328[p=0,l=0,c=0,r=0]={<<<>>>} complete=true committing=false callback=Blocker@3969eedd{null}
13:18:26.197 [qtp426008992-52] DEBUG org.eclipse.jetty.server.HttpConnection - generate: CONTINUE for org.eclipse.jetty.server.HttpConnection$SendCallback@d2702c2[PROCESSING][i=null,cb=org.eclipse.jetty.server.HttpChannel$SendCallback@17e193c9] (null,[p=0,l=0,c=0,r=0],true)@COMPLETING
13:18:26.197 [qtp426008992-52] DEBUG org.eclipse.jetty.server.HttpConnection - generate: NEED_CHUNK for org.eclipse.jetty.server.HttpConnection$SendCallback@d2702c2[PROCESSING][i=null,cb=org.eclipse.jetty.server.HttpChannel$SendCallback@17e193c9] (null,[p=0,l=0,c=0,r=0],true)@COMPLETING
13:18:26.197 [qtp426008992-52] DEBUG org.eclipse.jetty.server.HttpConnection - generate: FLUSH for org.eclipse.jetty.server.HttpConnection$SendCallback@d2702c2[PROCESSING][i=null,cb=org.eclipse.jetty.server.HttpChannel$SendCallback@17e193c9] (null,[p=0,l=0,c=0,r=0],true)@COMPLETING
13:18:26.197 [qtp426008992-52] DEBUG org.eclipse.jetty.io.WriteFlusher - write: WriteFlusher@4bce33a7{IDLE}->null [HeapByteBuffer@420070ff[p=0,l=5,c=1024,r=5]={<<<0\r\n\r\n>>>\r\n\x00\x00\x00\x00\x00\x00\x00...\x00\x00\x00\x00\x00\x00\x00}]
13:18:26.197 [qtp426008992-52] DEBUG org.eclipse.jetty.io.WriteFlusher - update WriteFlusher@4bce33a7{WRITING}->null:IDLE-->WRITING
13:18:26.197 [reactor-http-nio-2] DEBUG reactor.netty.http.client.HttpClientOperations - [id: 0xc0251bc0, L:/127.0.0.1:64982 - R:localhost/127.0.0.1:8080] Received response (auto-read:false) : [Matched-Stub-Id=80f785a6-cc11-4a27-a56f-35a2d569e527, Transfer-Encoding=chunked, Server=Jetty(9.4.28.v20200408)]
13:18:26.197 [reactor-http-nio-2] DEBUG reactor.netty.resources.PooledConnectionProvider - [id: 0xc0251bc0, L:/127.0.0.1:64982 - R:localhost/127.0.0.1:8080] onStateChange(GET{uri=/api/v0/components/provision-adapters/awx, connection=PooledConnection{channel=[id: 0xc0251bc0, L:/127.0.0.1:64982 - R:localhost/127.0.0.1:8080]}}, [response_received])
13:18:26.198 [qtp426008992-52] DEBUG org.eclipse.jetty.io.ChannelEndPoint - flushed 5 NetworkTrafficSocketChannelEndPoint@1e08cabe{/127.0.0.1:64982<->/127.0.0.1:8080,OPEN,fill=-,flush=W,to=0/30000}{io=0/0,kio=0,kro=1}->HttpConnection@2657044e[p=HttpParser{s=END,0 of -1},g=HttpGenerator@7ed27700{s=COMPLETING}]=>HttpChannelOverHttp@1dccebee{s=HttpChannelState@ab9a50e{s=HANDLING rs=BLOCKING os=COMMITTED is=READY awp=false se=false i=true al=0},r=3,c=false/false,a=HANDLING,uri=//localhost:8080/api/v0/components/provision-adapters/awx,age=7}
13:18:26.198 [reactor-http-nio-2] DEBUG org.springframework.web.reactive.function.client.ExchangeFunctions - [5776e38e] Response 401 UNAUTHORIZED
13:18:26.198 [qtp426008992-52] DEBUG org.eclipse.jetty.io.WriteFlusher - Flushed=true written=5 remaining=0 WriteFlusher@4bce33a7{WRITING}->null
13:18:26.198 [qtp426008992-52] DEBUG org.eclipse.jetty.io.WriteFlusher - update WriteFlusher@4bce33a7{IDLE}->null:WRITING-->IDLE
13:18:26.198 [qtp426008992-52] DEBUG org.eclipse.jetty.server.HttpConnection - generate: DONE for org.eclipse.jetty.server.HttpConnection$SendCallback@d2702c2[PROCESSING][i=null,cb=org.eclipse.jetty.server.HttpChannel$SendCallback@17e193c9] (null,[p=0,l=0,c=0,r=0],true)@END
13:18:26.198 [qtp426008992-52] DEBUG org.eclipse.jetty.server.HttpOutput - onWriteComplete(true,null) s=CLOSING,api=BLOCKED,sc=false,e=null->s=CLOSED,api=BLOCKING,sc=false,e=null c=null cb=null w=false
13:18:26.198 [qtp426008992-52] DEBUG org.eclipse.jetty.server.Server - handled=true async=false committed=true on HttpChannelOverHttp@1dccebee{s=HttpChannelState@ab9a50e{s=HANDLING rs=BLOCKING os=COMPLETED is=READY awp=false se=false i=true al=0},r=3,c=false/true,a=HANDLING,uri=//localhost:8080/api/v0/components/provision-adapters/awx,age=7}
13:18:26.198 [qtp426008992-52] DEBUG org.eclipse.jetty.server.HttpChannelState - unhandle HttpChannelState@ab9a50e{s=HANDLING rs=BLOCKING os=COMPLETED is=READY awp=false se=false i=true al=0}
13:18:26.198 [qtp426008992-52] DEBUG org.eclipse.jetty.server.HttpChannelState - nextAction(false) COMPLETE HttpChannelState@ab9a50e{s=HANDLING rs=COMPLETING os=COMPLETED is=READY awp=false se=false i=false al=0}
13:18:26.198 [qtp426008992-52] DEBUG org.eclipse.jetty.server.HttpChannel - action COMPLETE HttpChannelOverHttp@1dccebee{s=HttpChannelState@ab9a50e{s=HANDLING rs=COMPLETING os=COMPLETED is=READY awp=false se=false i=false al=0},r=3,c=false/true,a=HANDLING,uri=//localhost:8080/api/v0/components/provision-adapters/awx,age=7}
13:18:26.198 [qtp426008992-52] DEBUG org.eclipse.jetty.server.HttpOutput - complete(org.eclipse.jetty.util.Callback$4@4fd1a818) s=CLOSED,api=BLOCKING,sc=false,e=null s=true e=null, c=null
13:18:26.198 [qtp426008992-52] DEBUG org.eclipse.jetty.server.HttpChannelState - completed HttpChannelState@ab9a50e{s=HANDLING rs=COMPLETING os=COMPLETED is=READY awp=false se=false i=false al=0}
13:18:26.198 [qtp426008992-52] DEBUG org.eclipse.jetty.server.HttpChannelState - unhandle HttpChannelState@ab9a50e{s=HANDLING rs=COMPLETED os=COMPLETED is=READY awp=false se=false i=false al=0}
13:18:26.198 [qtp426008992-52] DEBUG org.eclipse.jetty.server.HttpChannelState - nextAction(false) TERMINATED HttpChannelState@ab9a50e{s=IDLE rs=COMPLETED os=COMPLETED is=READY awp=false se=false i=false al=0}
13:18:26.198 [qtp426008992-52] DEBUG org.eclipse.jetty.server.HttpChannel - action TERMINATED HttpChannelOverHttp@1dccebee{s=HttpChannelState@ab9a50e{s=IDLE rs=COMPLETED os=COMPLETED is=READY awp=false se=false i=false al=0},r=3,c=true/true,a=IDLE,uri=//localhost:8080/api/v0/components/provision-adapters/awx,age=7}
13:18:26.198 [qtp426008992-52] DEBUG org.eclipse.jetty.server.HttpChannel - onCompleted for /api/v0/components/provision-adapters/awx written=0
13:18:26.198 [qtp426008992-52] DEBUG org.eclipse.jetty.server.HttpChannelState - recycle HttpChannelState@ab9a50e{s=IDLE rs=COMPLETED os=COMPLETED is=READY awp=false se=false i=false al=0}
13:18:26.198 [qtp426008992-52] DEBUG org.eclipse.jetty.http.HttpParser - reset HttpParser{s=END,0 of -1}
13:18:26.198 [qtp426008992-52] DEBUG org.eclipse.jetty.http.HttpParser - END --> START
13:18:26.198 [qtp426008992-52] DEBUG org.eclipse.jetty.server.HttpChannel - !handle TERMINATED HttpChannelOverHttp@1dccebee{s=HttpChannelState@ab9a50e{s=IDLE rs=BLOCKING os=OPEN is=IDLE awp=false se=false i=true al=0},r=3,c=false/false,a=IDLE,uri=null,age=0}
13:18:26.198 [reactor-http-nio-2] DEBUG reactor.netty.channel.FluxReceive - [id: 0xc0251bc0, L:/127.0.0.1:64982 - R:localhost/127.0.0.1:8080] Subscribing inbound receiver [pending: 0, cancelled:false, inboundDone: false]
13:18:26.199 [qtp426008992-52] DEBUG org.eclipse.jetty.io.ChannelEndPoint - filled 0 HeapByteBuffer@a250024[p=0,l=0,c=8192,r=0]={<<<>>>HTTP/1.1 ...\x00\x00\x00\x00\x00\x00\x00}
13:18:26.199 [qtp426008992-52] DEBUG org.eclipse.jetty.io.ChannelEndPoint - filled 0 HeapByteBuffer@a250024[p=0,l=0,c=8192,r=0]={<<<>>>HTTP/1.1 ...\x00\x00\x00\x00\x00\x00\x00}
13:18:26.199 [qtp426008992-52] DEBUG org.eclipse.jetty.server.HttpConnection - HttpConnection@2657044e::NetworkTrafficSocketChannelEndPoint@1e08cabe{/127.0.0.1:64982<->/127.0.0.1:8080,OPEN,fill=-,flush=-,to=1/30000}{io=0/0,kio=0,kro=1}->HttpConnection@2657044e[p=HttpParser{s=START,0 of -1},g=HttpGenerator@7ed27700{s=START}]=>HttpChannelOverHttp@1dccebee{s=HttpChannelState@ab9a50e{s=IDLE rs=BLOCKING os=OPEN is=IDLE awp=false se=false i=true al=0},r=3,c=false/false,a=IDLE,uri=null,age=0} filled 0 HeapByteBuffer@a250024[p=0,l=0,c=8192,r=0]={<<<>>>HTTP/1.1 ...\x00\x00\x00\x00\x00\x00\x00}
13:18:26.199 [qtp426008992-52] DEBUG org.eclipse.jetty.server.HttpConnection - HttpConnection@2657044e::NetworkTrafficSocketChannelEndPoint@1e08cabe{/127.0.0.1:64982<->/127.0.0.1:8080,OPEN,fill=-,flush=-,to=1/30000}{io=0/0,kio=0,kro=1}->HttpConnection@2657044e[p=HttpParser{s=START,0 of -1},g=HttpGenerator@7ed27700{s=START}]=>HttpChannelOverHttp@1dccebee{s=HttpChannelState@ab9a50e{s=IDLE rs=BLOCKING os=OPEN is=IDLE awp=false se=false i=true al=0},r=3,c=false/false,a=IDLE,uri=null,age=0} parse HeapByteBuffer@a250024[p=0,l=0,c=8192,r=0]={<<<>>>HTTP/1.1 ...\x00\x00\x00\x00\x00\x00\x00} {}
13:18:26.199 [qtp426008992-52] DEBUG org.eclipse.jetty.http.HttpParser - parseNext s=START HeapByteBuffer@a250024[p=0,l=0,c=8192,r=0]={<<<>>>HTTP/1.1 ...\x00\x00\x00\x00\x00\x00\x00}
13:18:26.199 [qtp426008992-52] DEBUG org.eclipse.jetty.server.HttpConnection - HttpConnection@2657044e::NetworkTrafficSocketChannelEndPoint@1e08cabe{/127.0.0.1:64982<->/127.0.0.1:8080,OPEN,fill=-,flush=-,to=1/30000}{io=0/0,kio=0,kro=1}->HttpConnection@2657044e[p=HttpParser{s=START,0 of -1},g=HttpGenerator@7ed27700{s=START}]=>HttpChannelOverHttp@1dccebee{s=HttpChannelState@ab9a50e{s=IDLE rs=BLOCKING os=OPEN is=IDLE awp=false se=false i=true al=0},r=3,c=false/false,a=IDLE,uri=null,age=0} parsed false HttpParser{s=START,0 of -1}
13:18:26.199 [qtp426008992-52] DEBUG org.eclipse.jetty.server.HttpConnection - releaseRequestBuffer HttpConnection@2657044e::NetworkTrafficSocketChannelEndPoint@1e08cabe{/127.0.0.1:64982<->/127.0.0.1:8080,OPEN,fill=-,flush=-,to=1/30000}{io=0/0,kio=0,kro=1}->HttpConnection@2657044e[p=HttpParser{s=START,0 of -1},g=HttpGenerator@7ed27700{s=START}]=>HttpChannelOverHttp@1dccebee{s=HttpChannelState@ab9a50e{s=IDLE rs=BLOCKING os=OPEN is=IDLE awp=false se=false i=true al=0},r=3,c=false/false,a=IDLE,uri=null,age=0}
13:18:26.199 [reactor-http-nio-2] DEBUG reactor.netty.http.client.HttpClientOperations - [id: 0xc0251bc0, L:/127.0.0.1:64982 - R:localhost/127.0.0.1:8080] Received last HTTP packet
13:18:26.199 [qtp426008992-52] DEBUG org.eclipse.jetty.io.AbstractConnection - fillInterested HttpConnection@2657044e::NetworkTrafficSocketChannelEndPoint@1e08cabe{/127.0.0.1:64982<->/127.0.0.1:8080,OPEN,fill=-,flush=-,to=1/30000}{io=0/0,kio=0,kro=1}->HttpConnection@2657044e[p=HttpParser{s=START,0 of -1},g=HttpGenerator@7ed27700{s=START}]=>HttpChannelOverHttp@1dccebee{s=HttpChannelState@ab9a50e{s=IDLE rs=BLOCKING os=OPEN is=IDLE awp=false se=false i=true al=0},r=3,c=false/false,a=IDLE,uri=null,age=0}
13:18:26.199 [qtp426008992-52] DEBUG org.eclipse.jetty.io.FillInterest - interested FillInterest@43b70af{AC.ReadCB@2657044e{HttpConnection@2657044e::NetworkTrafficSocketChannelEndPoint@1e08cabe{/127.0.0.1:64982<->/127.0.0.1:8080,OPEN,fill=FI,flush=-,to=0/30000}{io=0/0,kio=0,kro=1}->HttpConnection@2657044e[p=HttpParser{s=START,0 of -1},g=HttpGenerator@7ed27700{s=START}]=>HttpChannelOverHttp@1dccebee{s=HttpChannelState@ab9a50e{s=IDLE rs=BLOCKING os=OPEN is=IDLE awp=false se=false i=true al=0},r=3,c=false/false,a=IDLE,uri=null,age=0}}}
13:18:26.199 [qtp426008992-52] DEBUG org.eclipse.jetty.io.ChannelEndPoint - changeInterests p=false 0->1 for NetworkTrafficSocketChannelEndPoint@1e08cabe{/127.0.0.1:64982<->/127.0.0.1:8080,OPEN,fill=FI,flush=-,to=0/30000}{io=0/1,kio=0,kro=1}->HttpConnection@2657044e[p=HttpParser{s=START,0 of -1},g=HttpGenerator@7ed27700{s=START}]=>HttpChannelOverHttp@1dccebee{s=HttpChannelState@ab9a50e{s=IDLE rs=BLOCKING os=OPEN is=IDLE awp=false se=false i=true al=0},r=3,c=false/false,a=IDLE,uri=null,age=0}
13:18:26.199 [qtp426008992-52] DEBUG org.eclipse.jetty.io.ManagedSelector - Queued change org.eclipse.jetty.io.ChannelEndPoint$1@43ed34f3 on ManagedSelector@4453c158{STARTED} id=0 keys=1 selected=0 updates=0
13:18:26.199 [qtp426008992-52] DEBUG org.eclipse.jetty.io.ManagedSelector - Wakeup on submit ManagedSelector@4453c158{STARTED} id=0 keys=1 selected=0 updates=1
13:18:26.200 [qtp426008992-52] DEBUG org.eclipse.jetty.server.HttpConnection - HttpConnection@2657044e::NetworkTrafficSocketChannelEndPoint@1e08cabe{/127.0.0.1:64982<->/127.0.0.1:8080,OPEN,fill=FI,flush=-,to=0/30000}{io=0/1,kio=0,kro=1}->HttpConnection@2657044e[p=HttpParser{s=START,0 of -1},g=HttpGenerator@7ed27700{s=START}]=>HttpChannelOverHttp@1dccebee{s=HttpChannelState@ab9a50e{s=IDLE rs=BLOCKING os=OPEN is=IDLE awp=false se=false i=true al=0},r=3,c=false/false,a=IDLE,uri=null,age=0} onFillable exit HttpChannelState@ab9a50e{s=IDLE rs=BLOCKING os=OPEN is=IDLE awp=false se=false i=true al=0} null
13:18:26.200 [qtp426008992-45] DEBUG org.eclipse.jetty.io.ManagedSelector - Selector sun.nio.ch.WindowsSelectorImpl@16bcf70e woken with none selected
13:18:26.200 [qtp426008992-52] DEBUG org.eclipse.jetty.util.thread.ReservedThreadExecutor - ReservedThreadExecutor@126c668c{s=1/1,p=0}@6ab295a2 size 1 > capacity
13:18:26.200 [qtp426008992-52] DEBUG org.eclipse.jetty.util.thread.QueuedThreadPool - ran ReservedThreadExecutor@126c668c{s=1/1,p=0}@6ab295a2 in QueuedThreadPool[qtp426008992]@196461a0{STARTED,8<=8<=14,i=1,r=1,q=0}[ReservedThreadExecutor@126c668c{s=1/1,p=0}]
13:18:26.200 [qtp426008992-45] DEBUG org.eclipse.jetty.io.ManagedSelector - Selector sun.nio.ch.WindowsSelectorImpl@16bcf70e woken up from select, 0/0/1 selected
13:18:26.200 [qtp426008992-45] DEBUG org.eclipse.jetty.io.ManagedSelector - Selector sun.nio.ch.WindowsSelectorImpl@16bcf70e processing 0 keys, 1 updates
13:18:26.200 [qtp426008992-45] DEBUG org.eclipse.jetty.io.ManagedSelector - updateable 1
13:18:26.200 [qtp426008992-45] DEBUG org.eclipse.jetty.io.ManagedSelector - update org.eclipse.jetty.io.ChannelEndPoint$1@43ed34f3
13:18:26.200 [qtp426008992-45] DEBUG org.eclipse.jetty.io.ChannelEndPoint - Key interests updated 0 -> 1 on NetworkTrafficSocketChannelEndPoint@1e08cabe{/127.0.0.1:64982<->/127.0.0.1:8080,OPEN,fill=FI,flush=-,to=0/30000}{io=1/1,kio=1,kro=1}->HttpConnection@2657044e[p=HttpParser{s=START,0 of -1},g=HttpGenerator@7ed27700{s=START}]=>HttpChannelOverHttp@1dccebee{s=HttpChannelState@ab9a50e{s=IDLE rs=BLOCKING os=OPEN is=IDLE awp=false se=false i=true al=0},r=3,c=false/false,a=IDLE,uri=null,age=0}
13:18:26.200 [qtp426008992-45] DEBUG org.eclipse.jetty.io.ManagedSelector - updates 0
13:18:26.200 [qtp426008992-45] DEBUG org.eclipse.jetty.io.ManagedSelector - Selector sun.nio.ch.WindowsSelectorImpl@16bcf70e waiting with 1 keys
13:18:26.201 [reactor-http-nio-2] DEBUG reactor.netty.resources.PooledConnectionProvider - [id: 0xc0251bc0, L:/127.0.0.1:64982 - R:localhost/127.0.0.1:8080] onStateChange(GET{uri=/api/v0/components/provision-adapters/awx, connection=PooledConnection{channel=[id: 0xc0251bc0, L:/127.0.0.1:64982 - R:localhost/127.0.0.1:8080]}}, [response_completed])
13:18:26.201 [reactor-http-nio-2] DEBUG reactor.netty.ReactorNetty - [id: 0xc0251bc0, L:/127.0.0.1:64982 - R:localhost/127.0.0.1:8080] Removed handler: ReadTimeoutHandler, pipeline: DefaultChannelPipeline{(reactor.left.httpCodec = io.netty.handler.codec.http.HttpClientCodec), (WriteTimeoutHandler = io.netty.handler.timeout.WriteTimeoutHandler), (reactor.right.reactiveBridge = reactor.netty.channel.ChannelOperationsHandler)}
13:18:26.201 [reactor-http-nio-2] DEBUG reactor.netty.ReactorNetty - [id: 0xc0251bc0, L:/127.0.0.1:64982 - R:localhost/127.0.0.1:8080] Removed handler: WriteTimeoutHandler, pipeline: DefaultChannelPipeline{(reactor.left.httpCodec = io.netty.handler.codec.http.HttpClientCodec), (reactor.right.reactiveBridge = reactor.netty.channel.ChannelOperationsHandler)}
13:18:26.201 [reactor-http-nio-2] DEBUG reactor.netty.resources.PooledConnectionProvider - [id: 0xc0251bc0, L:/127.0.0.1:64982 - R:localhost/127.0.0.1:8080] onStateChange(GET{uri=/api/v0/components/provision-adapters/awx, connection=PooledConnection{channel=[id: 0xc0251bc0, L:/127.0.0.1:64982 - R:localhost/127.0.0.1:8080]}}, [disconnecting])
13:18:26.201 [reactor-http-nio-2] DEBUG reactor.netty.resources.PooledConnectionProvider - [id: 0xc0251bc0, L:/127.0.0.1:64982 - R:localhost/127.0.0.1:8080] Releasing channel
13:18:26.201 [reactor-http-nio-2] DEBUG reactor.netty.resources.PooledConnectionProvider - [id: 0xc0251bc0, L:/127.0.0.1:64982 - R:localhost/127.0.0.1:8080] Channel cleaned, now 0 active connections and 1 inactive connections
13:18:26.206 [parallel-2] INFO com.bi.edp.catalog.adapter.provision_adapters.ProvisionAdaptersClient - ProvisionAdaptersClient unauthorized, trying to log in
13:18:26.208 [parallel-2] DEBUG org.springframework.web.reactive.function.client.ExchangeFunctions - [1dc8dffa] HTTP POST http://localhost:8080/api/v0/components/login
13:18:26.211 [parallel-2] DEBUG org.springframework.web.reactive.function.client.ExchangeFunctions - [5776e38e] Cancel signal (to close connection)
13:18:26.211 [reactor-http-nio-2] DEBUG reactor.netty.resources.PooledConnectionProvider - [id: 0xc0251bc0, L:/127.0.0.1:64982 - R:localhost/127.0.0.1:8080] Channel acquired, now 1 active connections and 0 inactive connections
13:18:26.212 [reactor-http-nio-2] DEBUG reactor.netty.ReactorNetty - [id: 0xc0251bc0, L:/127.0.0.1:64982 - R:localhost/127.0.0.1:8080] Added decoder [ReadTimeoutHandler] at the end of the user pipeline, full pipeline: [reactor.left.httpCodec, ReadTimeoutHandler, reactor.right.reactiveBridge, DefaultChannelPipeline$TailContext#0]
13:18:26.212 [reactor-http-nio-2] DEBUG reactor.netty.ReactorNetty - [id: 0xc0251bc0, L:/127.0.0.1:64982 - R:localhost/127.0.0.1:8080] Added decoder [WriteTimeoutHandler] at the end of the user pipeline, full pipeline: [reactor.left.httpCodec, ReadTimeoutHandler, WriteTimeoutHandler, reactor.right.reactiveBridge, DefaultChannelPipeline$TailContext#0]
13:18:26.212 [reactor-http-nio-2] DEBUG reactor.netty.http.client.HttpClientConnect - [id: 0xc0251bc0, L:/127.0.0.1:64982 - R:localhost/127.0.0.1:8080] Handler is being applied: {uri=http://localhost:8080/api/v0/components/login, method=POST}
13:18:26.212 [reactor-http-nio-2] DEBUG reactor.netty.resources.PooledConnectionProvider - [id: 0xc0251bc0, L:/127.0.0.1:64982 - R:localhost/127.0.0.1:8080] onStateChange(POST{uri=/api/v0/components/login, connection=PooledConnection{channel=[id: 0xc0251bc0, L:/127.0.0.1:64982 - R:localhost/127.0.0.1:8080]}}, [request_prepared])
13:18:26.213 [reactor-http-nio-2] DEBUG org.springframework.core.codec.CharSequenceEncoder - [1dc8dffa] Writing "{"password":"123456","username":"catalogClientApi"}"
13:18:26.214 [qtp426008992-45] DEBUG org.eclipse.jetty.io.ManagedSelector - Selector sun.nio.ch.WindowsSelectorImpl@16bcf70e woken up from select, 1/1/1 selected
13:18:26.214 [reactor-http-nio-2] DEBUG reactor.netty.resources.PooledConnectionProvider - [id: 0xc0251bc0, L:/127.0.0.1:64982 - R:localhost/127.0.0.1:8080] onStateChange(POST{uri=/api/v0/components/login, connection=PooledConnection{channel=[id: 0xc0251bc0, L:/127.0.0.1:64982 - R:localhost/127.0.0.1:8080]}}, [request_sent])
13:18:26.214 [qtp426008992-45] DEBUG org.eclipse.jetty.io.ManagedSelector - Selector sun.nio.ch.WindowsSelectorImpl@16bcf70e processing 1 keys, 0 updates
13:18:26.215 [qtp426008992-45] DEBUG org.eclipse.jetty.io.ManagedSelector - selected 1 channel=java.nio.channels.SocketChannel[connected local=/127.0.0.1:8080 remote=/127.0.0.1:64982], selector=sun.nio.ch.WindowsSelectorImpl@16bcf70e, interestOps=1, readyOps=1 NetworkTrafficSocketChannelEndPoint@1e08cabe{/127.0.0.1:64982<->/127.0.0.1:8080,OPEN,fill=FI,flush=-,to=15/30000}{io=1/1,kio=1,kro=1}->HttpConnection@2657044e[p=HttpParser{s=START,0 of -1},g=HttpGenerator@7ed27700{s=START}]=>HttpChannelOverHttp@1dccebee{s=HttpChannelState@ab9a50e{s=IDLE rs=BLOCKING os=OPEN is=IDLE awp=false se=false i=true al=0},r=3,c=false/false,a=IDLE,uri=null,age=0} 
13:18:26.215 [qtp426008992-45] DEBUG org.eclipse.jetty.io.ChannelEndPoint - onSelected 1->0 r=true w=false for NetworkTrafficSocketChannelEndPoint@1e08cabe{/127.0.0.1:64982<->/127.0.0.1:8080,OPEN,fill=FI,flush=-,to=15/30000}{io=1/0,kio=1,kro=1}->HttpConnection@2657044e[p=HttpParser{s=START,0 of -1},g=HttpGenerator@7ed27700{s=START}]=>HttpChannelOverHttp@1dccebee{s=HttpChannelState@ab9a50e{s=IDLE rs=BLOCKING os=OPEN is=IDLE awp=false se=false i=true al=0},r=3,c=false/false,a=IDLE,uri=null,age=0}
13:18:26.215 [qtp426008992-45] DEBUG org.eclipse.jetty.io.ChannelEndPoint - task CEP:NetworkTrafficSocketChannelEndPoint@1e08cabe{/127.0.0.1:64982<->/127.0.0.1:8080,OPEN,fill=FI,flush=-,to=15/30000}{io=1/0,kio=1,kro=1}->HttpConnection@2657044e[p=HttpParser{s=START,0 of -1},g=HttpGenerator@7ed27700{s=START}]=>HttpChannelOverHttp@1dccebee{s=HttpChannelState@ab9a50e{s=IDLE rs=BLOCKING os=OPEN is=IDLE awp=false se=false i=true al=0},r=3,c=false/false,a=IDLE,uri=null,age=0}:runFillable:BLOCKING
13:18:26.215 [qtp426008992-45] DEBUG org.eclipse.jetty.util.thread.ReservedThreadExecutor - ReservedThreadExecutor@126c668c{s=1/1,p=0} tryExecute EatWhatYouKill@9b07444/SelectorProducer@6dcc6117/PRODUCING/p=false/QueuedThreadPool[qtp426008992]@196461a0{STARTED,8<=8<=14,i=2,r=1,q=0}[ReservedThreadExecutor@126c668c{s=1/1,p=0}][pc=0,pic=0,pec=0,epc=3]@2020-09-25T13:18:26.2159843+02:00
13:18:26.215 [qtp426008992-45] DEBUG org.eclipse.jetty.util.thread.ReservedThreadExecutor - ReservedThreadExecutor@126c668c{s=0/1,p=0}@45e3b17c offer EatWhatYouKill@9b07444/SelectorProducer@6dcc6117/PRODUCING/p=false/QueuedThreadPool[qtp426008992]@196461a0{STARTED,8<=8<=14,i=2,r=1,q=0}[ReservedThreadExecutor@126c668c{s=0/1,p=0}][pc=0,pic=0,pec=0,epc=3]@2020-09-25T13:18:26.2159843+02:00
13:18:26.215 [qtp426008992-45] DEBUG org.eclipse.jetty.util.thread.ReservedThreadExecutor - ReservedThreadExecutor@126c668c{s=0/1,p=1} startReservedThread p=1
13:18:26.215 [qtp426008992-45] DEBUG org.eclipse.jetty.util.thread.QueuedThreadPool - queue ReservedThreadExecutor@126c668c{s=0/1,p=1}@3ea7ed04 startThread=0
13:18:26.215 [qtp426008992-45] DEBUG org.eclipse.jetty.util.thread.strategy.EatWhatYouKill - EatWhatYouKill@9b07444/SelectorProducer@6dcc6117/IDLE/p=true/QueuedThreadPool[qtp426008992]@196461a0{STARTED,8<=8<=14,i=1,r=1,q=0}[ReservedThreadExecutor@126c668c{s=0/1,p=1}][pc=0,pic=0,pec=0,epc=3]@2020-09-25T13:18:26.2159843+02:00 m=EXECUTE_PRODUCE_CONSUME t=CEP:NetworkTrafficSocketChannelEndPoint@1e08cabe{/127.0.0.1:64982<->/127.0.0.1:8080,OPEN,fill=FI,flush=-,to=16/30000}{io=1/0,kio=1,kro=1}->HttpConnection@2657044e[p=HttpParser{s=START,0 of -1},g=HttpGenerator@7ed27700{s=START}]=>HttpChannelOverHttp@1dccebee{s=HttpChannelState@ab9a50e{s=IDLE rs=BLOCKING os=OPEN is=IDLE awp=false se=false i=true al=0},r=3,c=false/false,a=IDLE,uri=null,age=0}:runFillable:BLOCKING/BLOCKING
13:18:26.216 [qtp426008992-45] DEBUG org.eclipse.jetty.io.FillInterest - fillable FillInterest@43b70af{AC.ReadCB@2657044e{HttpConnection@2657044e::NetworkTrafficSocketChannelEndPoint@1e08cabe{/127.0.0.1:64982<->/127.0.0.1:8080,OPEN,fill=FI,flush=-,to=16/30000}{io=1/0,kio=1,kro=1}->HttpConnection@2657044e[p=HttpParser{s=START,0 of -1},g=HttpGenerator@7ed27700{s=START}]=>HttpChannelOverHttp@1dccebee{s=HttpChannelState@ab9a50e{s=IDLE rs=BLOCKING os=OPEN is=IDLE awp=false se=false i=true al=0},r=3,c=false/false,a=IDLE,uri=null,age=0}}}
13:18:26.216 [qtp426008992-45] DEBUG org.eclipse.jetty.server.HttpConnection - HttpConnection@2657044e::NetworkTrafficSocketChannelEndPoint@1e08cabe{/127.0.0.1:64982<->/127.0.0.1:8080,OPEN,fill=-,flush=-,to=16/30000}{io=1/0,kio=1,kro=1}->HttpConnection@2657044e[p=HttpParser{s=START,0 of -1},g=HttpGenerator@7ed27700{s=START}]=>HttpChannelOverHttp@1dccebee{s=HttpChannelState@ab9a50e{s=IDLE rs=BLOCKING os=OPEN is=IDLE awp=false se=false i=true al=0},r=3,c=false/false,a=IDLE,uri=null,age=0} onFillable enter HttpChannelState@ab9a50e{s=IDLE rs=BLOCKING os=OPEN is=IDLE awp=false se=false i=true al=0} null
13:18:26.216 [qtp426008992-45] DEBUG org.eclipse.jetty.io.ChannelEndPoint - filled 220 HeapByteBuffer@a250024[p=0,l=220,c=8192,r=220]={<<<POST /api/v0/components/l...me":"catalogClientApi"}>>>1-4a27-a5...\x00\x00\x00\x00\x00\x00\x00}
13:18:26.216 [qtp426008992-45] DEBUG org.eclipse.jetty.server.HttpConnection - HttpConnection@2657044e::NetworkTrafficSocketChannelEndPoint@1e08cabe{/127.0.0.1:64982<->/127.0.0.1:8080,OPEN,fill=-,flush=-,to=0/30000}{io=1/0,kio=1,kro=1}->HttpConnection@2657044e[p=HttpParser{s=START,0 of -1},g=HttpGenerator@7ed27700{s=START}]=>HttpChannelOverHttp@1dccebee{s=HttpChannelState@ab9a50e{s=IDLE rs=BLOCKING os=OPEN is=IDLE awp=false se=false i=true al=0},r=3,c=false/false,a=IDLE,uri=null,age=0} filled 220 HeapByteBuffer@a250024[p=0,l=220,c=8192,r=220]={<<<POST /api/v0/components/l...me":"catalogClientApi"}>>>1-4a27-a5...\x00\x00\x00\x00\x00\x00\x00}
13:18:26.216 [qtp426008992-45] DEBUG org.eclipse.jetty.server.HttpConnection - HttpConnection@2657044e::NetworkTrafficSocketChannelEndPoint@1e08cabe{/127.0.0.1:64982<->/127.0.0.1:8080,OPEN,fill=-,flush=-,to=0/30000}{io=1/0,kio=1,kro=1}->HttpConnection@2657044e[p=HttpParser{s=START,0 of -1},g=HttpGenerator@7ed27700{s=START}]=>HttpChannelOverHttp@1dccebee{s=HttpChannelState@ab9a50e{s=IDLE rs=BLOCKING os=OPEN is=IDLE awp=false se=false i=true al=0},r=3,c=false/false,a=IDLE,uri=null,age=0} parse HeapByteBuffer@a250024[p=0,l=220,c=8192,r=220]={<<<POST /api/v0/components/l...me":"catalogClientApi"}>>>1-4a27-a5...\x00\x00\x00\x00\x00\x00\x00} {}
13:18:26.216 [qtp426008992-45] DEBUG org.eclipse.jetty.http.HttpParser - parseNext s=START HeapByteBuffer@a250024[p=0,l=220,c=8192,r=220]={<<<POST /api/v0/components/l...me":"catalogClientApi"}>>>1-4a27-a5...\x00\x00\x00\x00\x00\x00\x00}
13:18:26.216 [qtp426008992-45] DEBUG org.eclipse.jetty.http.HttpParser - START --> SPACE1
13:18:26.216 [qtp426008992-45] DEBUG org.eclipse.jetty.http.HttpParser - SPACE1 --> URI
13:18:26.216 [qtp426008992-45] DEBUG org.eclipse.jetty.http.HttpParser - URI --> SPACE2
13:18:26.216 [qtp426008992-45] DEBUG org.eclipse.jetty.http.HttpParser - SPACE2 --> REQUEST_VERSION
13:18:26.216 [qtp426008992-45] DEBUG org.eclipse.jetty.http.HttpParser - REQUEST_VERSION --> HEADER
13:18:26.216 [qtp426008992-45] DEBUG org.eclipse.jetty.http.HttpParser - HEADER:User-Agent: ReactorNetty/0.9.7.RELEASE --> IN_VALUE
13:18:26.216 [qtp426008992-45] DEBUG org.eclipse.jetty.http.HttpParser - HEADER:User-Agent: ReactorNetty/0.9.7.RELEASE --> FIELD
13:18:26.216 [qtp426008992-45] DEBUG org.eclipse.jetty.http.HttpParser - HEADER:Host: localhost:8080 --> IN_VALUE
13:18:26.216 [qtp426008992-45] DEBUG org.eclipse.jetty.http.HttpParser - HEADER:Host: localhost:8080 --> FIELD
13:18:26.216 [qtp426008992-45] DEBUG org.eclipse.jetty.http.HttpParser - HEADER:Accept: */* --> IN_VALUE
13:18:26.216 [qtp426008992-45] DEBUG org.eclipse.jetty.http.HttpParser - HEADER:Accept: */* --> FIELD
13:18:26.216 [qtp426008992-45] DEBUG org.eclipse.jetty.http.HttpParser - HEADER:Content-Type: application/json --> IN_VALUE
13:18:26.216 [qtp426008992-45] DEBUG org.eclipse.jetty.http.HttpParser - HEADER:Content-Type: application/json --> FIELD
13:18:26.216 [qtp426008992-45] DEBUG org.eclipse.jetty.http.HttpParser - HEADER:Content-Length --> VALUE
13:18:26.217 [qtp426008992-45] DEBUG org.eclipse.jetty.http.HttpParser - HEADER:Content-Length --> IN_VALUE
13:18:26.217 [qtp426008992-45] DEBUG org.eclipse.jetty.http.HttpParser - HEADER:Content-Length --> FIELD
13:18:26.217 [qtp426008992-45] DEBUG org.eclipse.jetty.http.HttpParser - HEADER --> CONTENT
13:18:26.217 [qtp426008992-45] DEBUG org.eclipse.jetty.server.HttpChannel - REQUEST for //localhost:8080/api/v0/components/login on HttpChannelOverHttp@1dccebee{s=HttpChannelState@ab9a50e{s=IDLE rs=BLOCKING os=OPEN is=IDLE awp=false se=false i=true al=0},r=4,c=false/false,a=IDLE,uri=//localhost:8080/api/v0/components/login,age=0}
POST //localhost:8080/api/v0/components/login HTTP/1.1
User-Agent: ReactorNetty/0.9.7.RELEASE
Host: localhost:8080
Accept: */*
Content-Type: application/json
Content-Length: 51


13:18:26.217 [qtp426008992-45] DEBUG org.eclipse.jetty.server.HttpConnection - HttpConnection@2657044e::NetworkTrafficSocketChannelEndPoint@1e08cabe{/127.0.0.1:64982<->/127.0.0.1:8080,OPEN,fill=-,flush=-,to=0/30000}{io=1/0,kio=1,kro=1}->HttpConnection@2657044e[p=HttpParser{s=CONTENT,0 of 51},g=HttpGenerator@7ed27700{s=START}]=>HttpChannelOverHttp@1dccebee{s=HttpChannelState@ab9a50e{s=IDLE rs=BLOCKING os=OPEN is=IDLE awp=false se=false i=true al=0},r=4,c=false/false,a=IDLE,uri=//localhost:8080/api/v0/components/login,age=0} parsed true HttpParser{s=CONTENT,0 of 51}
13:18:26.217 [qtp426008992-45] DEBUG org.eclipse.jetty.server.HttpChannel - handle //localhost:8080/api/v0/components/login HttpChannelOverHttp@1dccebee{s=HttpChannelState@ab9a50e{s=IDLE rs=BLOCKING os=OPEN is=IDLE awp=false se=false i=true al=0},r=4,c=false/false,a=IDLE,uri=//localhost:8080/api/v0/components/login,age=0} 
13:18:26.217 [qtp426008992-45] DEBUG org.eclipse.jetty.server.HttpChannelState - handling HttpChannelState@ab9a50e{s=IDLE rs=BLOCKING os=OPEN is=IDLE awp=false se=false i=true al=0}
13:18:26.217 [qtp426008992-45] DEBUG org.eclipse.jetty.server.HttpChannel - action DISPATCH HttpChannelOverHttp@1dccebee{s=HttpChannelState@ab9a50e{s=HANDLING rs=BLOCKING os=OPEN is=IDLE awp=false se=false i=true al=0},r=4,c=false/false,a=HANDLING,uri=//localhost:8080/api/v0/components/login,age=0}
13:18:26.217 [qtp426008992-45] DEBUG org.eclipse.jetty.server.Server - REQUEST POST /api/v0/components/login on HttpChannelOverHttp@1dccebee{s=HttpChannelState@ab9a50e{s=HANDLING rs=BLOCKING os=OPEN is=IDLE awp=false se=false i=true al=0},r=4,c=false/false,a=HANDLING,uri=//localhost:8080/api/v0/components/login,age=0}
13:18:26.217 [qtp426008992-45] DEBUG org.eclipse.jetty.server.handler.ContextHandler - scope null||/api/v0/components/login @ o.e.j.s.ServletContextHandler@5219ca04{/__admin,null,AVAILABLE}
13:18:26.217 [qtp426008992-45] DEBUG org.eclipse.jetty.server.handler.gzip.GzipHandler - GzipHandler@3867a06c{STARTED,min=32,inflate=-1} handle Request(POST //localhost:8080/api/v0/components/login)@59461192 in null
13:18:26.217 [qtp426008992-45] DEBUG org.eclipse.jetty.server.handler.ContextHandler - scope null||/api/v0/components/login @ o.e.j.s.ServletContextHandler@3ff531df{/,null,AVAILABLE}
13:18:26.217 [qtp426008992-45] DEBUG org.eclipse.jetty.server.handler.ContextHandler - context=||/api/v0/components/login @ o.e.j.s.ServletContextHandler@3ff531df{/,null,AVAILABLE}
13:18:26.217 [qtp426008992-45] DEBUG org.eclipse.jetty.servlet.ServletHandler - servlet |/api/v0/components/login|null -> com.github.tomakehurst.wiremock.servlet.WireMockHandlerDispatchingServlet-7be4ba4c@9f5184b6==com.github.tomakehurst.wiremock.servlet.WireMockHandlerDispatchingServlet,jsp=null,order=-1,inst=true,async=true
13:18:26.217 [qtp426008992-45] DEBUG org.eclipse.jetty.servlet.ServletHandler - chain=org.eclipse.jetty.servlets.CrossOriginFilter-1178684b@1178684b==org.eclipse.jetty.servlets.CrossOriginFilter,inst=true,async=true->com.github.tomakehurst.wiremock.servlet.WireMockHandlerDispatchingServlet-7be4ba4c@9f5184b6==com.github.tomakehurst.wiremock.servlet.WireMockHandlerDispatchingServlet,jsp=null,order=-1,inst=true,async=true
13:18:26.218 [qtp426008992-45] DEBUG org.eclipse.jetty.servlet.ServletHandler - call filter org.eclipse.jetty.servlets.CrossOriginFilter-1178684b@1178684b==org.eclipse.jetty.servlets.CrossOriginFilter,inst=true,async=true
13:18:26.218 [qtp426008992-45] DEBUG org.eclipse.jetty.servlet.ServletHandler - call servlet com.github.tomakehurst.wiremock.servlet.WireMockHandlerDispatchingServlet-7be4ba4c@9f5184b6==com.github.tomakehurst.wiremock.servlet.WireMockHandlerDispatchingServlet,jsp=null,order=-1,inst=true,async=true
13:18:26.218 [qtp426008992-45] DEBUG org.eclipse.jetty.server.HttpConnection - HttpConnection@2657044e::NetworkTrafficSocketChannelEndPoint@1e08cabe{/127.0.0.1:64982<->/127.0.0.1:8080,OPEN,fill=-,flush=-,to=2/30000}{io=1/0,kio=1,kro=1}->HttpConnection@2657044e[p=HttpParser{s=CONTENT,0 of 51},g=HttpGenerator@7ed27700{s=START}]=>HttpChannelOverHttp@1dccebee{s=HttpChannelState@ab9a50e{s=HANDLING rs=BLOCKING os=OPEN is=IDLE awp=false se=false i=true al=0},r=4,c=false/false,a=HANDLING,uri=//localhost:8080/api/v0/components/login,age=1} parse HeapByteBuffer@a250024[p=169,l=220,c=8192,r=51]={POST /api... 51\r\n\r\n<<<{"password":"123456","use...me":"catalogClientApi"}>>>1-4a27-a5...\x00\x00\x00\x00\x00\x00\x00} {}
13:18:26.218 [qtp426008992-45] DEBUG org.eclipse.jetty.http.HttpParser - parseNext s=CONTENT HeapByteBuffer@a250024[p=169,l=220,c=8192,r=51]={POST /api... 51\r\n\r\n<<<{"password":"123456","use...me":"catalogClientApi"}>>>1-4a27-a5...\x00\x00\x00\x00\x00\x00\x00}
13:18:26.218 [qtp426008992-45] DEBUG org.eclipse.jetty.server.HttpChannel - onContent HttpChannelOverHttp@1dccebee{s=HttpChannelState@ab9a50e{s=HANDLING rs=BLOCKING os=OPEN is=IDLE awp=false se=false i=true al=0},r=4,c=false/false,a=HANDLING,uri=//localhost:8080/api/v0/components/login,age=1} Content@44ea27c{HeapByteBufferR@f506eb[p=169,l=220,c=8192,r=51]={POST /api... 51\r\n\r\n<<<{"password":"123456","use...me":"catalogClientApi"}>>>1-4a27-a5...\x00\x00\x00\x00\x00\x00\x00}}
13:18:26.218 [qtp426008992-45] DEBUG org.eclipse.jetty.server.HttpInput - HttpInputOverHTTP@685569cf[c=0,q=0,[0]=null,s=STREAM] addContent Content@44ea27c{HeapByteBufferR@f506eb[p=169,l=220,c=8192,r=51]={POST /api... 51\r\n\r\n<<<{"password":"123456","use...me":"catalogClientApi"}>>>1-4a27-a5...\x00\x00\x00\x00\x00\x00\x00}}
13:18:26.218 [qtp426008992-45] DEBUG org.eclipse.jetty.http.HttpParser - CONTENT --> CONTENT_END
13:18:26.218 [qtp426008992-45] DEBUG org.eclipse.jetty.server.HttpChannel - onContentComplete HttpChannelOverHttp@1dccebee{s=HttpChannelState@ab9a50e{s=HANDLING rs=BLOCKING os=OPEN is=IDLE awp=false se=false i=true al=0},r=4,c=false/false,a=HANDLING,uri=//localhost:8080/api/v0/components/login,age=1}
13:18:26.218 [qtp426008992-45] DEBUG org.eclipse.jetty.http.HttpParser - CONTENT_END --> END
13:18:26.219 [qtp426008992-45] DEBUG org.eclipse.jetty.server.HttpChannel - onRequestComplete HttpChannelOverHttp@1dccebee{s=HttpChannelState@ab9a50e{s=HANDLING rs=BLOCKING os=OPEN is=IDLE awp=false se=false i=true al=0},r=4,c=false/false,a=HANDLING,uri=//localhost:8080/api/v0/components/login,age=1}
13:18:26.219 [qtp426008992-45] DEBUG org.eclipse.jetty.server.HttpInput - HttpInputOverHTTP@685569cf[c=0,q=1,[0]=EOF,s=STREAM] addContent EOF
13:18:26.219 [qtp426008992-45] DEBUG org.eclipse.jetty.server.HttpConnection - HttpConnection@2657044e::NetworkTrafficSocketChannelEndPoint@1e08cabe{/127.0.0.1:64982<->/127.0.0.1:8080,OPEN,fill=-,flush=-,to=2/30000}{io=1/0,kio=1,kro=1}->HttpConnection@2657044e[p=HttpParser{s=END,51 of 51},g=HttpGenerator@7ed27700{s=START}]=>HttpChannelOverHttp@1dccebee{s=HttpChannelState@ab9a50e{s=HANDLING rs=BLOCKING os=OPEN is=IDLE awp=false se=false i=true al=0},r=4,c=false/false,a=HANDLING,uri=//localhost:8080/api/v0/components/login,age=2} parsed false HttpParser{s=END,51 of 51}
13:18:26.219 [qtp426008992-45] DEBUG org.eclipse.jetty.server.HttpInput - HttpInputOverHTTP@685569cf[c=51,q=1,[0]=EOF,s=STREAM] read 51 from Content@44ea27c{HeapByteBufferR@f506eb[p=220,l=220,c=8192,r=0]={POST /api...ntApi"}<<<>>>1-4a27-a5...\x00\x00\x00\x00\x00\x00\x00}}
13:18:26.219 [qtp426008992-45] DEBUG org.eclipse.jetty.server.HttpConnection - releaseRequestBuffer HttpConnection@2657044e::NetworkTrafficSocketChannelEndPoint@1e08cabe{/127.0.0.1:64982<->/127.0.0.1:8080,OPEN,fill=-,flush=-,to=2/30000}{io=1/0,kio=1,kro=1}->HttpConnection@2657044e[p=HttpParser{s=END,51 of 51},g=HttpGenerator@7ed27700{s=START}]=>HttpChannelOverHttp@1dccebee{s=HttpChannelState@ab9a50e{s=HANDLING rs=BLOCKING os=OPEN is=IDLE awp=false se=false i=true al=0},r=4,c=false/false,a=HANDLING,uri=//localhost:8080/api/v0/components/login,age=2}
13:18:26.219 [qtp426008992-45] DEBUG org.eclipse.jetty.server.HttpChannelState - onEof HttpChannelState@ab9a50e{s=HANDLING rs=BLOCKING os=OPEN is=IDLE awp=false se=false i=true al=0}
13:18:26.228 [Test worker] DEBUG org.eclipse.jetty.util.component.AbstractLifeCycle - stopping Server@554348da{STARTED}[9.4.28.v20200408]
13:18:26.228 [Test worker] DEBUG org.eclipse.jetty.server.Server - doStop Server@554348da{STOPPING}[9.4.28.v20200408]
13:18:26.228 [Test worker] DEBUG org.eclipse.jetty.util.component.AbstractLifeCycle - stopping NetworkTrafficServerConnector@7933a262{HTTP/1.1, (http/1.1)}{0.0.0.0:8080}
13:18:26.228 [Test worker] DEBUG org.eclipse.jetty.util.component.AbstractLifeCycle - stopping SelectorManager@NetworkTrafficServerConnector@7933a262{HTTP/1.1, (http/1.1)}{0.0.0.0:8080}
13:18:26.228 [Test worker] DEBUG org.eclipse.jetty.util.component.AbstractLifeCycle - stopping ManagedSelector@48ded463{STARTED} id=1 keys=1 selected=0 updates=0
13:18:26.228 [Test worker] DEBUG org.eclipse.jetty.io.ManagedSelector - Queued change org.eclipse.jetty.io.ManagedSelector$CloseConnections@4440fdd7 on ManagedSelector@48ded463{STOPPING} id=1 keys=1 selected=0 updates=0
13:18:26.228 [Test worker] DEBUG org.eclipse.jetty.io.ManagedSelector - Wakeup on submit ManagedSelector@48ded463{STOPPING} id=1 keys=1 selected=0 updates=1
13:18:26.228 [qtp426008992-51] DEBUG org.eclipse.jetty.io.ManagedSelector - Selector sun.nio.ch.WindowsSelectorImpl@25487540 woken with none selected
13:18:26.228 [qtp426008992-51] DEBUG org.eclipse.jetty.io.ManagedSelector - Selector sun.nio.ch.WindowsSelectorImpl@25487540 woken up from select, 0/0/1 selected
13:18:26.228 [qtp426008992-51] DEBUG org.eclipse.jetty.io.ManagedSelector - Selector sun.nio.ch.WindowsSelectorImpl@25487540 processing 0 keys, 1 updates
13:18:26.228 [qtp426008992-51] DEBUG org.eclipse.jetty.io.ManagedSelector - updateable 1
13:18:26.229 [qtp426008992-51] DEBUG org.eclipse.jetty.io.ManagedSelector - update org.eclipse.jetty.io.ManagedSelector$CloseConnections@4440fdd7
13:18:26.229 [qtp426008992-51] DEBUG org.eclipse.jetty.io.ManagedSelector - Closing 1 connections on ManagedSelector@48ded463{STOPPING} id=1 keys=1 selected=0 updates=0
13:18:26.229 [qtp426008992-51] DEBUG org.eclipse.jetty.io.AbstractEndPoint - close NetworkTrafficSocketChannelEndPoint@6bc8b7d5{/127.0.0.1:64981<->/127.0.0.1:8080,OPEN,fill=FI,flush=-,to=3044/30000}{io=1/1,kio=1,kro=1}->HttpConnection@aea33ab[p=HttpParser{s=START,0 of -1},g=HttpGenerator@155c3f9e{s=START}]=>HttpChannelOverHttp@6130dca5{s=HttpChannelState@24325ee7{s=IDLE rs=BLOCKING os=OPEN is=IDLE awp=false se=false i=true al=0},r=3,c=false/false,a=IDLE,uri=null,age=0}
13:18:26.229 [qtp426008992-51] DEBUG org.eclipse.jetty.io.AbstractEndPoint - close(null) NetworkTrafficSocketChannelEndPoint@6bc8b7d5{/127.0.0.1:64981<->/127.0.0.1:8080,OPEN,fill=FI,flush=-,to=3044/30000}{io=1/1,kio=1,kro=1}->HttpConnection@aea33ab[p=HttpParser{s=START,0 of -1},g=HttpGenerator@155c3f9e{s=START}]=>HttpChannelOverHttp@6130dca5{s=HttpChannelState@24325ee7{s=IDLE rs=BLOCKING os=OPEN is=IDLE awp=false se=false i=true al=0},r=3,c=false/false,a=IDLE,uri=null,age=0}
13:18:26.229 [qtp426008992-51] DEBUG org.eclipse.jetty.io.ChannelEndPoint - doClose NetworkTrafficSocketChannelEndPoint@6bc8b7d5{/127.0.0.1:64981<->/127.0.0.1:8080,CLOSED,fill=FI,flush=-,to=3044/30000}{io=1/1,kio=1,kro=1}->HttpConnection@aea33ab[p=HttpParser{s=START,0 of -1},g=HttpGenerator@155c3f9e{s=START}]=>HttpChannelOverHttp@6130dca5{s=HttpChannelState@24325ee7{s=IDLE rs=BLOCKING os=OPEN is=IDLE awp=false se=false i=true al=0},r=3,c=false/false,a=IDLE,uri=null,age=0}
13:18:26.229 [qtp426008992-51] DEBUG org.eclipse.jetty.io.FillInterest - onClose FillInterest@726e0c64{AC.ReadCB@aea33ab{HttpConnection@aea33ab::NetworkTrafficSocketChannelEndPoint@6bc8b7d5{/127.0.0.1:64981<->/127.0.0.1:8080,CLOSED,fill=FI,flush=-,to=3044/30000}{io=1/1,kio=-1,kro=-1}->HttpConnection@aea33ab[p=HttpParser{s=START,0 of -1},g=HttpGenerator@155c3f9e{s=START}]=>HttpChannelOverHttp@6130dca5{s=HttpChannelState@24325ee7{s=IDLE rs=BLOCKING os=OPEN is=IDLE awp=false se=false i=true al=0},r=3,c=false/false,a=IDLE,uri=null,age=0}}}
13:18:26.229 [qtp426008992-51] DEBUG org.eclipse.jetty.http.HttpParser - close HttpParser{s=START,0 of -1}
13:18:26.229 [qtp426008992-51] DEBUG org.eclipse.jetty.http.HttpParser - START --> CLOSE
13:18:26.230 [qtp426008992-51] DEBUG org.eclipse.jetty.io.AbstractConnection - HttpConnection@aea33ab::NetworkTrafficSocketChannelEndPoint@6bc8b7d5{/127.0.0.1:64981<->/127.0.0.1:8080,CLOSED,fill=-,flush=-,to=3045/30000}{io=1/1,kio=-1,kro=-1}->HttpConnection@aea33ab[p=HttpParser{s=CLOSE,0 of -1},g=HttpGenerator@155c3f9e{s=START}]=>HttpChannelOverHttp@6130dca5{s=HttpChannelState@24325ee7{s=IDLE rs=BLOCKING os=OPEN is=IDLE awp=false se=false i=true al=0},r=3,c=false/false,a=IDLE,uri=null,age=0} onFillInterestedFailed {}
13:18:26.230 [qtp426008992-51] DEBUG org.eclipse.jetty.io.ManagedSelector - Wakeup ManagedSelector@48ded463{STOPPING} id=1 keys=1 selected=0 updates=0
13:18:26.230 [qtp426008992-51] DEBUG org.eclipse.jetty.util.thread.QueuedThreadPool - queue org.eclipse.jetty.io.ManagedSelector$DestroyEndPoint@3df431a4 startThread=0
13:18:26.230 [qtp426008992-51] DEBUG org.eclipse.jetty.io.ManagedSelector - updates 0
13:18:26.230 [qtp426008992-51] DEBUG org.eclipse.jetty.io.ManagedSelector - Selector sun.nio.ch.WindowsSelectorImpl@25487540 waiting with 1 keys
13:18:26.230 [qtp426008992-50] DEBUG org.eclipse.jetty.util.thread.QueuedThreadPool - run ReservedThreadExecutor@126c668c{s=0/1,p=1}@3ea7ed04 in QueuedThreadPool[qtp426008992]@196461a0{STARTED,8<=8<=14,i=0,r=1,q=0}[ReservedThreadExecutor@126c668c{s=0/1,p=1}]
13:18:26.230 [qtp426008992-50] DEBUG org.eclipse.jetty.util.thread.ReservedThreadExecutor - ReservedThreadExecutor@126c668c{s=1/1,p=1}@3ea7ed04 started
13:18:26.230 [qtp426008992-50] DEBUG org.eclipse.jetty.util.thread.ReservedThreadExecutor - ReservedThreadExecutor@126c668c{s=1/1,p=0}@3ea7ed04 waiting
13:18:26.234 [qtp426008992-45] ERROR WireMock - 
                                               Request was not matched
                                               =======================

-----------------------------------------------------------------------------------------------------------------------
| Closest stub                                             | Request                                                  |
-----------------------------------------------------------------------------------------------------------------------
                                                           |
POST                                                       | POST
/api/v0/components/login                                   | /api/v0/components/login
                                                           |
Content-Type: application/json                             | Content-Type: application/json
                                                           |
                                                           |
-----------------------------------------------------------------------------------------------------------------------

13:18:26.237 [qtp426008992-45] DEBUG org.eclipse.jetty.server.HttpChannelState - sendError HttpChannelState@ab9a50e{s=HANDLING rs=BLOCKING os=OPEN is=READY awp=false se=false i=true al=0}
13:18:26.237 [qtp426008992-45] DEBUG org.eclipse.jetty.server.Server - handled=true async=false committed=true on HttpChannelOverHttp@1dccebee{s=HttpChannelState@ab9a50e{s=HANDLING rs=BLOCKING os=OPEN is=READY awp=false se=true i=true al=0},r=4,c=false/false,a=HANDLING,uri=//localhost:8080/api/v0/components/login,age=20}
13:18:26.237 [qtp426008992-45] DEBUG org.eclipse.jetty.server.HttpChannelState - unhandle HttpChannelState@ab9a50e{s=HANDLING rs=BLOCKING os=OPEN is=READY awp=false se=true i=true al=0}
13:18:26.237 [qtp426008992-45] DEBUG org.eclipse.jetty.server.HttpChannelState - nextAction(false) SEND_ERROR HttpChannelState@ab9a50e{s=HANDLING rs=BLOCKING os=OPEN is=READY awp=false se=false i=false al=0}
13:18:26.237 [qtp426008992-45] DEBUG org.eclipse.jetty.server.HttpChannel - action SEND_ERROR HttpChannelOverHttp@1dccebee{s=HttpChannelState@ab9a50e{s=HANDLING rs=BLOCKING os=OPEN is=READY awp=false se=false i=false al=0},r=4,c=false/false,a=HANDLING,uri=//localhost:8080/api/v0/components/login,age=20}
13:18:26.237 [qtp426008992-45] DEBUG org.eclipse.jetty.server.HttpChannel - Could not perform ERROR dispatch, aborting
java.lang.NullPointerException: null
	at com.github.tomakehurst.wiremock.jetty9.NotFoundHandler.handle(NotFoundHandler.java:37)
	at org.eclipse.jetty.server.HttpChannel.lambda$handle$3(HttpChannel.java:423)
	at org.eclipse.jetty.server.HttpChannel.dispatch(HttpChannel.java:547)
	at org.eclipse.jetty.server.HttpChannel.handle(HttpChannel.java:421)
	at org.eclipse.jetty.server.HttpConnection.onFillable(HttpConnection.java:273)
	at org.eclipse.jetty.io.AbstractConnection$ReadCallback.succeeded(AbstractConnection.java:311)
	at org.eclipse.jetty.io.FillInterest.fillable(FillInterest.java:103)
	at org.eclipse.jetty.io.ChannelEndPoint$2.run(ChannelEndPoint.java:117)
	at org.eclipse.jetty.util.thread.strategy.EatWhatYouKill.runTask(EatWhatYouKill.java:336)
	at org.eclipse.jetty.util.thread.strategy.EatWhatYouKill.doProduce(EatWhatYouKill.java:313)
	at org.eclipse.jetty.util.thread.strategy.EatWhatYouKill.tryProduce(EatWhatYouKill.java:171)
	at org.eclipse.jetty.util.thread.strategy.EatWhatYouKill.run(EatWhatYouKill.java:129)
	at org.eclipse.jetty.util.thread.ReservedThreadExecutor$ReservedThread.run(ReservedThreadExecutor.java:375)
	at org.eclipse.jetty.util.thread.QueuedThreadPool.runJob(QueuedThreadPool.java:806)
	at org.eclipse.jetty.util.thread.QueuedThreadPool$Runner.run(QueuedThreadPool.java:938)
	at java.base/java.lang.Thread.run(Thread.java:834)
13:18:26.238 [qtp426008992-45] DEBUG org.eclipse.jetty.server.HttpChannelState - completing HttpChannelState@ab9a50e{s=HANDLING rs=BLOCKING os=OPEN is=READY awp=false se=false i=false al=0}
13:18:26.238 [qtp426008992-45] DEBUG org.eclipse.jetty.server.HttpChannel - sendResponse info=null content=null complete=true committing=true callback=org.eclipse.jetty.util.Callback$4@107d011b
13:18:26.238 [qtp426008992-45] DEBUG org.eclipse.jetty.server.HttpChannel - COMMIT for /api/v0/components/login on HttpChannelOverHttp@1dccebee{s=HttpChannelState@ab9a50e{s=HANDLING rs=COMPLETING os=COMMITTED is=READY awp=false se=false i=false al=0},r=4,c=false/false,a=HANDLING,uri=//localhost:8080/api/v0/components/login,age=21}
404 null HTTP/1.1


13:18:26.238 [qtp426008992-45] DEBUG org.eclipse.jetty.server.HttpConnection - generate: NEED_HEADER for org.eclipse.jetty.server.HttpConnection$SendCallback@d2702c2[PROCESSING][i=HTTP/1.1{s=404,h=0,cl=-1},cb=org.eclipse.jetty.server.HttpChannel$SendCallback@113301dd] (null,null,true)@START
13:18:26.238 [qtp426008992-45] DEBUG org.eclipse.jetty.http.HttpGenerator - generateHeaders HTTP/1.1{s=404,h=0,cl=-1} last=true content=null
13:18:26.238 [qtp426008992-45] DEBUG org.eclipse.jetty.http.HttpGenerator - 

13:18:26.238 [qtp426008992-45] DEBUG org.eclipse.jetty.http.HttpGenerator - EOF_CONTENT
13:18:26.238 [qtp426008992-45] DEBUG org.eclipse.jetty.server.HttpConnection - generate: FLUSH for org.eclipse.jetty.server.HttpConnection$SendCallback@d2702c2[PROCESSING][i=HTTP/1.1{s=404,h=0,cl=-1},cb=org.eclipse.jetty.server.HttpChannel$SendCallback@113301dd] ([p=0,l=78,c=8192,r=78],null,true)@COMPLETING
13:18:26.238 [qtp426008992-45] DEBUG org.eclipse.jetty.io.WriteFlusher - write: WriteFlusher@4bce33a7{IDLE}->null [HeapByteBuffer@a250024[p=0,l=78,c=8192,r=78]={<<<HTTP/1.1 404 Not Found\r\nC...y(9.4.28.v20200408)\r\n\r\n>>>\r\nhost: l...\x00\x00\x00\x00\x00\x00\x00}]
13:18:26.238 [qtp426008992-45] DEBUG org.eclipse.jetty.io.WriteFlusher - update WriteFlusher@4bce33a7{WRITING}->null:IDLE-->WRITING
13:18:26.239 [qtp426008992-45] DEBUG org.eclipse.jetty.io.ChannelEndPoint - flushed 78 NetworkTrafficSocketChannelEndPoint@1e08cabe{/127.0.0.1:64982<->/127.0.0.1:8080,OPEN,fill=-,flush=W,to=22/30000}{io=1/0,kio=1,kro=1}->HttpConnection@2657044e[p=HttpParser{s=END,51 of 51},g=HttpGenerator@7ed27700{s=COMPLETING}]=>HttpChannelOverHttp@1dccebee{s=HttpChannelState@ab9a50e{s=HANDLING rs=COMPLETING os=COMMITTED is=READY awp=false se=false i=false al=0},r=4,c=false/false,a=HANDLING,uri=//localhost:8080/api/v0/components/login,age=22}
13:18:26.239 [qtp426008992-45] DEBUG org.eclipse.jetty.io.WriteFlusher - Flushed=true written=78 remaining=0 WriteFlusher@4bce33a7{WRITING}->null
13:18:26.239 [qtp426008992-45] DEBUG org.eclipse.jetty.io.WriteFlusher - update WriteFlusher@4bce33a7{IDLE}->null:WRITING-->IDLE
13:18:26.239 [qtp426008992-45] DEBUG org.eclipse.jetty.server.HttpConnection - generate: SHUTDOWN_OUT for org.eclipse.jetty.server.HttpConnection$SendCallback@d2702c2[PROCESSING][i=HTTP/1.1{s=404,h=0,cl=-1},cb=org.eclipse.jetty.server.HttpChannel$SendCallback@113301dd] ([p=78,l=78,c=8192,r=0],null,true)@END
13:18:26.239 [qtp426008992-45] DEBUG org.eclipse.jetty.server.HttpConnection - generate: DONE for org.eclipse.jetty.server.HttpConnection$SendCallback@d2702c2[PROCESSING][i=HTTP/1.1{s=404,h=0,cl=-1},cb=org.eclipse.jetty.server.HttpChannel$SendCallback@113301dd] ([p=78,l=78,c=8192,r=0],null,true)@END
13:18:26.239 [qtp426008992-45] DEBUG org.eclipse.jetty.server.HttpChannelState - completed HttpChannelState@ab9a50e{s=HANDLING rs=COMPLETING os=COMPLETED is=READY awp=false se=false i=false al=0}
13:18:26.239 [qtp426008992-45] DEBUG org.eclipse.jetty.io.AbstractEndPoint - shutdownOutput NetworkTrafficSocketChannelEndPoint@1e08cabe{/127.0.0.1:64982<->/127.0.0.1:8080,OPEN,fill=-,flush=-,to=0/30000}{io=1/0,kio=1,kro=1}->HttpConnection@2657044e[p=HttpParser{s=END,51 of 51},g=HttpGenerator@7ed27700{s=END}]=>HttpChannelOverHttp@1dccebee{s=HttpChannelState@ab9a50e{s=HANDLING rs=COMPLETED os=COMPLETED is=READY awp=false se=false i=false al=0},r=4,c=true/true,a=HANDLING,uri=//localhost:8080/api/v0/components/login,age=22}
13:18:26.239 [qtp426008992-45] DEBUG org.eclipse.jetty.server.HttpChannelState - unhandle HttpChannelState@ab9a50e{s=HANDLING rs=COMPLETED os=COMPLETED is=READY awp=false se=false i=false al=0}
13:18:26.239 [qtp426008992-45] DEBUG org.eclipse.jetty.server.HttpChannelState - nextAction(false) TERMINATED HttpChannelState@ab9a50e{s=IDLE rs=COMPLETED os=COMPLETED is=READY awp=false se=false i=false al=0}
13:18:26.239 [qtp426008992-45] DEBUG org.eclipse.jetty.server.HttpChannel - action TERMINATED HttpChannelOverHttp@1dccebee{s=HttpChannelState@ab9a50e{s=IDLE rs=COMPLETED os=COMPLETED is=READY awp=false se=false i=false al=0},r=4,c=true/true,a=IDLE,uri=//localhost:8080/api/v0/components/login,age=22}
13:18:26.239 [qtp426008992-45] DEBUG org.eclipse.jetty.server.HttpChannel - onCompleted for /api/v0/components/login written=0
13:18:26.240 [qtp426008992-45] DEBUG org.eclipse.jetty.server.HttpChannelState - recycle HttpChannelState@ab9a50e{s=IDLE rs=COMPLETED os=COMPLETED is=READY awp=false se=false i=false al=0}
13:18:26.240 [qtp426008992-45] DEBUG org.eclipse.jetty.http.HttpParser - close HttpParser{s=END,51 of 51}
13:18:26.240 [qtp426008992-45] DEBUG org.eclipse.jetty.http.HttpParser - END --> CLOSE
13:18:26.240 [qtp426008992-45] DEBUG org.eclipse.jetty.server.HttpChannel - !handle TERMINATED HttpChannelOverHttp@1dccebee{s=HttpChannelState@ab9a50e{s=IDLE rs=BLOCKING os=OPEN is=IDLE awp=false se=false i=true al=0},r=4,c=false/false,a=IDLE,uri=null,age=0}
13:18:26.240 [qtp426008992-45] DEBUG org.eclipse.jetty.io.ChannelEndPoint - filled 0 HeapByteBuffer@a250024[p=0,l=0,c=8192,r=0]={<<<>>>HTTP/1.1 ...\x00\x00\x00\x00\x00\x00\x00}
13:18:26.240 [qtp426008992-45] DEBUG org.eclipse.jetty.io.ChannelEndPoint - filled 0 HeapByteBuffer@a250024[p=0,l=0,c=8192,r=0]={<<<>>>HTTP/1.1 ...\x00\x00\x00\x00\x00\x00\x00}
13:18:26.240 [qtp426008992-45] DEBUG org.eclipse.jetty.server.HttpConnection - HttpConnection@2657044e::NetworkTrafficSocketChannelEndPoint@1e08cabe{/127.0.0.1:64982<->/127.0.0.1:8080,OSHUT,fill=-,flush=-,to=1/30000}{io=1/0,kio=1,kro=1}->HttpConnection@2657044e[p=HttpParser{s=CLOSE,51 of 51},g=HttpGenerator@7ed27700{s=START}]=>HttpChannelOverHttp@1dccebee{s=HttpChannelState@ab9a50e{s=IDLE rs=BLOCKING os=OPEN is=IDLE awp=false se=false i=true al=0},r=4,c=false/false,a=IDLE,uri=null,age=0} filled 0 HeapByteBuffer@a250024[p=0,l=0,c=8192,r=0]={<<<>>>HTTP/1.1 ...\x00\x00\x00\x00\x00\x00\x00}
13:18:26.240 [qtp426008992-45] DEBUG org.eclipse.jetty.server.HttpConnection - HttpConnection@2657044e::NetworkTrafficSocketChannelEndPoint@1e08cabe{/127.0.0.1:64982<->/127.0.0.1:8080,OSHUT,fill=-,flush=-,to=1/30000}{io=1/0,kio=1,kro=1}->HttpConnection@2657044e[p=HttpParser{s=CLOSE,51 of 51},g=HttpGenerator@7ed27700{s=START}]=>HttpChannelOverHttp@1dccebee{s=HttpChannelState@ab9a50e{s=IDLE rs=BLOCKING os=OPEN is=IDLE awp=false se=false i=true al=0},r=4,c=false/false,a=IDLE,uri=null,age=0} parse HeapByteBuffer@a250024[p=0,l=0,c=8192,r=0]={<<<>>>HTTP/1.1 ...\x00\x00\x00\x00\x00\x00\x00} {}
13:18:26.240 [qtp426008992-45] DEBUG org.eclipse.jetty.http.HttpParser - parseNext s=CLOSE HeapByteBuffer@a250024[p=0,l=0,c=8192,r=0]={<<<>>>HTTP/1.1 ...\x00\x00\x00\x00\x00\x00\x00}
13:18:26.240 [qtp426008992-45] DEBUG org.eclipse.jetty.server.HttpConnection - HttpConnection@2657044e::NetworkTrafficSocketChannelEndPoint@1e08cabe{/127.0.0.1:64982<->/127.0.0.1:8080,OSHUT,fill=-,flush=-,to=1/30000}{io=1/0,kio=1,kro=1}->HttpConnection@2657044e[p=HttpParser{s=CLOSE,51 of 51},g=HttpGenerator@7ed27700{s=START}]=>HttpChannelOverHttp@1dccebee{s=HttpChannelState@ab9a50e{s=IDLE rs=BLOCKING os=OPEN is=IDLE awp=false se=false i=true al=0},r=4,c=false/false,a=IDLE,uri=null,age=0} parsed false HttpParser{s=CLOSE,51 of 51}
13:18:26.240 [qtp426008992-45] DEBUG org.eclipse.jetty.server.HttpConnection - releaseRequestBuffer HttpConnection@2657044e::NetworkTrafficSocketChannelEndPoint@1e08cabe{/127.0.0.1:64982<->/127.0.0.1:8080,OSHUT,fill=-,flush=-,to=1/30000}{io=1/0,kio=1,kro=1}->HttpConnection@2657044e[p=HttpParser{s=CLOSE,51 of 51},g=HttpGenerator@7ed27700{s=START}]=>HttpChannelOverHttp@1dccebee{s=HttpChannelState@ab9a50e{s=IDLE rs=BLOCKING os=OPEN is=IDLE awp=false se=false i=true al=0},r=4,c=false/false,a=IDLE,uri=null,age=0}
13:18:26.241 [qtp426008992-45] DEBUG org.eclipse.jetty.io.AbstractConnection - fillInterested HttpConnection@2657044e::NetworkTrafficSocketChannelEndPoint@1e08cabe{/127.0.0.1:64982<->/127.0.0.1:8080,OSHUT,fill=-,flush=-,to=1/30000}{io=1/0,kio=1,kro=1}->HttpConnection@2657044e[p=HttpParser{s=CLOSE,51 of 51},g=HttpGenerator@7ed27700{s=START}]=>HttpChannelOverHttp@1dccebee{s=HttpChannelState@ab9a50e{s=IDLE rs=BLOCKING os=OPEN is=IDLE awp=false se=false i=true al=0},r=4,c=false/false,a=IDLE,uri=null,age=0}
13:18:26.241 [qtp426008992-45] DEBUG org.eclipse.jetty.io.FillInterest - interested FillInterest@43b70af{AC.ReadCB@2657044e{HttpConnection@2657044e::NetworkTrafficSocketChannelEndPoint@1e08cabe{/127.0.0.1:64982<->/127.0.0.1:8080,OSHUT,fill=FI,flush=-,to=0/30000}{io=1/0,kio=1,kro=1}->HttpConnection@2657044e[p=HttpParser{s=CLOSE,51 of 51},g=HttpGenerator@7ed27700{s=START}]=>HttpChannelOverHttp@1dccebee{s=HttpChannelState@ab9a50e{s=IDLE rs=BLOCKING os=OPEN is=IDLE awp=false se=false i=true al=0},r=4,c=false/false,a=IDLE,uri=null,age=0}}}
13:18:26.241 [qtp426008992-45] DEBUG org.eclipse.jetty.io.ChannelEndPoint - changeInterests p=true 0->1 for NetworkTrafficSocketChannelEndPoint@1e08cabe{/127.0.0.1:64982<->/127.0.0.1:8080,OSHUT,fill=FI,flush=-,to=0/30000}{io=1/1,kio=1,kro=1}->HttpConnection@2657044e[p=HttpParser{s=CLOSE,51 of 51},g=HttpGenerator@7ed27700{s=START}]=>HttpChannelOverHttp@1dccebee{s=HttpChannelState@ab9a50e{s=IDLE rs=BLOCKING os=OPEN is=IDLE awp=false se=false i=true al=0},r=4,c=false/false,a=IDLE,uri=null,age=0}
13:18:26.241 [qtp426008992-45] DEBUG org.eclipse.jetty.server.HttpConnection - HttpConnection@2657044e::NetworkTrafficSocketChannelEndPoint@1e08cabe{/127.0.0.1:64982<->/127.0.0.1:8080,OSHUT,fill=FI,flush=-,to=0/30000}{io=1/1,kio=1,kro=1}->HttpConnection@2657044e[p=HttpParser{s=CLOSE,51 of 51},g=HttpGenerator@7ed27700{s=START}]=>HttpChannelOverHttp@1dccebee{s=HttpChannelState@ab9a50e{s=IDLE rs=BLOCKING os=OPEN is=IDLE awp=false se=false i=true al=0},r=4,c=false/false,a=IDLE,uri=null,age=0} onFillable exit HttpChannelState@ab9a50e{s=IDLE rs=BLOCKING os=OPEN is=IDLE awp=false se=false i=true al=0} null
13:18:26.241 [qtp426008992-45] DEBUG org.eclipse.jetty.io.ManagedSelector - updateable 0
13:18:26.241 [qtp426008992-45] DEBUG org.eclipse.jetty.io.ManagedSelector - updates 0
13:18:26.241 [qtp426008992-45] DEBUG org.eclipse.jetty.io.ChannelEndPoint - Key interests updated 1 -> 1 on NetworkTrafficSocketChannelEndPoint@1e08cabe{/127.0.0.1:64982<->/127.0.0.1:8080,OSHUT,fill=FI,flush=-,to=0/30000}{io=1/1,kio=1,kro=1}->HttpConnection@2657044e[p=HttpParser{s=CLOSE,51 of 51},g=HttpGenerator@7ed27700{s=START}]=>HttpChannelOverHttp@1dccebee{s=HttpChannelState@ab9a50e{s=IDLE rs=BLOCKING os=OPEN is=IDLE awp=false se=false i=true al=0},r=4,c=false/false,a=IDLE,uri=null,age=0}
13:18:26.241 [reactor-http-nio-2] DEBUG reactor.netty.http.client.HttpClientOperations - [id: 0xc0251bc0, L:/127.0.0.1:64982 - R:localhost/127.0.0.1:8080] Received response (auto-read:false) : [Connection=close, Server=Jetty(9.4.28.v20200408)]
13:18:26.241 [qtp426008992-45] DEBUG org.eclipse.jetty.io.ManagedSelector - Selector sun.nio.ch.WindowsSelectorImpl@16bcf70e waiting with 1 keys
13:18:26.241 [reactor-http-nio-2] DEBUG reactor.netty.resources.PooledConnectionProvider - [id: 0xc0251bc0, L:/127.0.0.1:64982 - R:localhost/127.0.0.1:8080] onStateChange(POST{uri=/api/v0/components/login, connection=PooledConnection{channel=[id: 0xc0251bc0, L:/127.0.0.1:64982 - R:localhost/127.0.0.1:8080]}}, [response_received])
13:18:26.241 [reactor-http-nio-2] DEBUG org.springframework.web.reactive.function.client.ExchangeFunctions - [1dc8dffa] Response 404 NOT_FOUND
13:18:26.243 [reactor-http-nio-2] DEBUG reactor.netty.channel.FluxReceive - [id: 0xc0251bc0, L:/127.0.0.1:64982 - R:localhost/127.0.0.1:8080] Subscribing inbound receiver [pending: 0, cancelled:false, inboundDone: false]
13:18:26.245 [qtp426008992-45] DEBUG org.eclipse.jetty.io.ManagedSelector - Selector sun.nio.ch.WindowsSelectorImpl@16bcf70e woken up from select, 1/1/1 selected
13:18:26.245 [reactor-http-nio-2] DEBUG reactor.netty.resources.PooledConnectionProvider - [id: 0xc0251bc0, L:/127.0.0.1:64982 ! R:localhost/127.0.0.1:8080] Channel closed, now 0 active connections and 0 inactive connections
13:18:26.245 [qtp426008992-45] DEBUG org.eclipse.jetty.io.ManagedSelector - Selector sun.nio.ch.WindowsSelectorImpl@16bcf70e processing 1 keys, 0 updates
13:18:26.245 [reactor-http-nio-2] DEBUG reactor.netty.ReactorNetty - [id: 0xc0251bc0, L:/127.0.0.1:64982 ! R:localhost/127.0.0.1:8080] Non Removed handler: ReadTimeoutHandler, context: ChannelHandlerContext(ReadTimeoutHandler, [id: 0xc0251bc0, L:/127.0.0.1:64982 ! R:localhost/127.0.0.1:8080]), pipeline: DefaultChannelPipeline{(reactor.left.httpCodec = io.netty.handler.codec.http.HttpClientCodec), (ReadTimeoutHandler = io.netty.handler.timeout.ReadTimeoutHandler), (WriteTimeoutHandler = io.netty.handler.timeout.WriteTimeoutHandler), (reactor.right.reactiveBridge = reactor.netty.channel.ChannelOperationsHandler)}
13:18:26.245 [qtp426008992-45] DEBUG org.eclipse.jetty.io.ManagedSelector - selected 1 channel=java.nio.channels.SocketChannel[connected oshut local=/127.0.0.1:8080 remote=/127.0.0.1:64982], selector=sun.nio.ch.WindowsSelectorImpl@16bcf70e, interestOps=1, readyOps=1 NetworkTrafficSocketChannelEndPoint@1e08cabe{/127.0.0.1:64982<->/127.0.0.1:8080,OSHUT,fill=FI,flush=-,to=4/30000}{io=1/1,kio=1,kro=1}->HttpConnection@2657044e[p=HttpParser{s=CLOSE,51 of 51},g=HttpGenerator@7ed27700{s=START}]=>HttpChannelOverHttp@1dccebee{s=HttpChannelState@ab9a50e{s=IDLE rs=BLOCKING os=OPEN is=IDLE awp=false se=false i=true al=0},r=4,c=false/false,a=IDLE,uri=null,age=0} 
13:18:26.245 [reactor-http-nio-2] DEBUG reactor.netty.ReactorNetty - [id: 0xc0251bc0, L:/127.0.0.1:64982 ! R:localhost/127.0.0.1:8080] Non Removed handler: WriteTimeoutHandler, context: ChannelHandlerContext(WriteTimeoutHandler, [id: 0xc0251bc0, L:/127.0.0.1:64982 ! R:localhost/127.0.0.1:8080]), pipeline: DefaultChannelPipeline{(reactor.left.httpCodec = io.netty.handler.codec.http.HttpClientCodec), (ReadTimeoutHandler = io.netty.handler.timeout.ReadTimeoutHandler), (WriteTimeoutHandler = io.netty.handler.timeout.WriteTimeoutHandler), (reactor.right.reactiveBridge = reactor.netty.channel.ChannelOperationsHandler)}
13:18:26.245 [qtp426008992-45] DEBUG org.eclipse.jetty.io.ChannelEndPoint - onSelected 1->0 r=true w=false for NetworkTrafficSocketChannelEndPoint@1e08cabe{/127.0.0.1:64982<->/127.0.0.1:8080,OSHUT,fill=FI,flush=-,to=4/30000}{io=1/0,kio=1,kro=1}->HttpConnection@2657044e[p=HttpParser{s=CLOSE,51 of 51},g=HttpGenerator@7ed27700{s=START}]=>HttpChannelOverHttp@1dccebee{s=HttpChannelState@ab9a50e{s=IDLE rs=BLOCKING os=OPEN is=IDLE awp=false se=false i=true al=0},r=4,c=false/false,a=IDLE,uri=null,age=0}
13:18:26.245 [qtp426008992-45] DEBUG org.eclipse.jetty.io.ChannelEndPoint - task CEP:NetworkTrafficSocketChannelEndPoint@1e08cabe{/127.0.0.1:64982<->/127.0.0.1:8080,OSHUT,fill=FI,flush=-,to=4/30000}{io=1/0,kio=1,kro=1}->HttpConnection@2657044e[p=HttpParser{s=CLOSE,51 of 51},g=HttpGenerator@7ed27700{s=START}]=>HttpChannelOverHttp@1dccebee{s=HttpChannelState@ab9a50e{s=IDLE rs=BLOCKING os=OPEN is=IDLE awp=false se=false i=true al=0},r=4,c=false/false,a=IDLE,uri=null,age=0}:runFillable:BLOCKING
13:18:26.245 [reactor-http-nio-2] DEBUG reactor.netty.http.client.HttpClientOperations - [id: 0xc0251bc0, L:/127.0.0.1:64982 ! R:localhost/127.0.0.1:8080] Received last HTTP packet
13:18:26.246 [qtp426008992-45] DEBUG org.eclipse.jetty.util.thread.strategy.EatWhatYouKill - EatWhatYouKill@9b07444/SelectorProducer@6dcc6117/IDLE/p=true/QueuedThreadPool[qtp426008992]@196461a0{STARTED,8<=8<=14,i=0,r=1,q=0}[ReservedThreadExecutor@126c668c{s=1/1,p=0}][pc=0,pic=0,pec=0,epc=4]@2020-09-25T13:18:26.2459659+02:00 m=EXECUTE_PRODUCE_CONSUME t=CEP:NetworkTrafficSocketChannelEndPoint@1e08cabe{/127.0.0.1:64982<->/127.0.0.1:8080,OSHUT,fill=FI,flush=-,to=4/30000}{io=1/0,kio=1,kro=1}->HttpConnection@2657044e[p=HttpParser{s=CLOSE,51 of 51},g=HttpGenerator@7ed27700{s=START}]=>HttpChannelOverHttp@1dccebee{s=HttpChannelState@ab9a50e{s=IDLE rs=BLOCKING os=OPEN is=IDLE awp=false se=false i=true al=0},r=4,c=false/false,a=IDLE,uri=null,age=0}:runFillable:BLOCKING/BLOCKING
13:18:26.246 [qtp426008992-45] DEBUG org.eclipse.jetty.io.FillInterest - fillable FillInterest@43b70af{AC.ReadCB@2657044e{HttpConnection@2657044e::NetworkTrafficSocketChannelEndPoint@1e08cabe{/127.0.0.1:64982<->/127.0.0.1:8080,OSHUT,fill=FI,flush=-,to=5/30000}{io=1/0,kio=1,kro=1}->HttpConnection@2657044e[p=HttpParser{s=CLOSE,51 of 51},g=HttpGenerator@7ed27700{s=START}]=>HttpChannelOverHttp@1dccebee{s=HttpChannelState@ab9a50e{s=IDLE rs=BLOCKING os=OPEN is=IDLE awp=false se=false i=true al=0},r=4,c=false/false,a=IDLE,uri=null,age=0}}}
13:18:26.246 [qtp426008992-45] DEBUG org.eclipse.jetty.server.HttpConnection - HttpConnection@2657044e::NetworkTrafficSocketChannelEndPoint@1e08cabe{/127.0.0.1:64982<->/127.0.0.1:8080,OSHUT,fill=-,flush=-,to=5/30000}{io=1/0,kio=1,kro=1}->HttpConnection@2657044e[p=HttpParser{s=CLOSE,51 of 51},g=HttpGenerator@7ed27700{s=START}]=>HttpChannelOverHttp@1dccebee{s=HttpChannelState@ab9a50e{s=IDLE rs=BLOCKING os=OPEN is=IDLE awp=false se=false i=true al=0},r=4,c=false/false,a=IDLE,uri=null,age=0} onFillable enter HttpChannelState@ab9a50e{s=IDLE rs=BLOCKING os=OPEN is=IDLE awp=false se=false i=true al=0} null
13:18:26.246 [qtp426008992-45] DEBUG org.eclipse.jetty.io.AbstractEndPoint - shutdownInput NetworkTrafficSocketChannelEndPoint@1e08cabe{/127.0.0.1:64982<->/127.0.0.1:8080,OSHUT,fill=-,flush=-,to=5/30000}{io=1/0,kio=1,kro=1}->HttpConnection@2657044e[p=HttpParser{s=CLOSE,51 of 51},g=HttpGenerator@7ed27700{s=START}]=>HttpChannelOverHttp@1dccebee{s=HttpChannelState@ab9a50e{s=IDLE rs=BLOCKING os=OPEN is=IDLE awp=false se=false i=true al=0},r=4,c=false/false,a=IDLE,uri=null,age=0}
13:18:26.246 [qtp426008992-45] DEBUG org.eclipse.jetty.io.ChannelEndPoint - doClose NetworkTrafficSocketChannelEndPoint@1e08cabe{/127.0.0.1:64982<->/127.0.0.1:8080,CLOSED,fill=-,flush=-,to=5/30000}{io=1/0,kio=1,kro=1}->HttpConnection@2657044e[p=HttpParser{s=CLOSE,51 of 51},g=HttpGenerator@7ed27700{s=START}]=>HttpChannelOverHttp@1dccebee{s=HttpChannelState@ab9a50e{s=IDLE rs=BLOCKING os=OPEN is=IDLE awp=false se=false i=true al=0},r=4,c=false/false,a=IDLE,uri=null,age=0}
13:18:26.246 [qtp426008992-45] DEBUG org.eclipse.jetty.io.FillInterest - onClose FillInterest@43b70af{null}
13:18:26.246 [qtp426008992-45] DEBUG org.eclipse.jetty.io.ManagedSelector - Wakeup ManagedSelector@4453c158{STARTED} id=0 keys=1 selected=1 updates=0
13:18:26.246 [qtp426008992-45] DEBUG org.eclipse.jetty.util.thread.QueuedThreadPool - queue org.eclipse.jetty.io.ManagedSelector$DestroyEndPoint@601f0cc5 startThread=1
13:18:26.246 [qtp426008992-45] DEBUG org.eclipse.jetty.util.thread.QueuedThreadPool - Starting Thread[qtp426008992-54,5,main]
13:18:26.247 [qtp426008992-45] DEBUG org.eclipse.jetty.io.ChannelEndPoint - filled -1 HeapByteBuffer@a250024[p=0,l=0,c=8192,r=0]={<<<>>>HTTP/1.1 ...\x00\x00\x00\x00\x00\x00\x00}
13:18:26.247 [qtp426008992-45] DEBUG org.eclipse.jetty.http.HttpParser - atEOF HttpParser{s=CLOSE,51 of 51}
13:18:26.247 [qtp426008992-45] DEBUG org.eclipse.jetty.server.HttpConnection - HttpConnection@2657044e::NetworkTrafficSocketChannelEndPoint@1e08cabe{/127.0.0.1:64982<->/127.0.0.1:8080,CLOSED,fill=-,flush=-,to=6/30000}{io=1/0,kio=-1,kro=-1}->HttpConnection@2657044e[p=HttpParser{s=CLOSE,51 of 51},g=HttpGenerator@7ed27700{s=START}]=>HttpChannelOverHttp@1dccebee{s=HttpChannelState@ab9a50e{s=IDLE rs=BLOCKING os=OPEN is=IDLE awp=false se=false i=true al=0},r=4,c=false/false,a=IDLE,uri=null,age=0} filled -1 HeapByteBuffer@a250024[p=0,l=0,c=8192,r=0]={<<<>>>HTTP/1.1 ...\x00\x00\x00\x00\x00\x00\x00}
13:18:26.247 [qtp426008992-45] DEBUG org.eclipse.jetty.io.AbstractEndPoint - close NetworkTrafficSocketChannelEndPoint@1e08cabe{/127.0.0.1:64982<->/127.0.0.1:8080,CLOSED,fill=-,flush=-,to=6/30000}{io=1/0,kio=-1,kro=-1}->HttpConnection@2657044e[p=HttpParser{s=CLOSE,51 of 51},g=HttpGenerator@7ed27700{s=START}]=>HttpChannelOverHttp@1dccebee{s=HttpChannelState@ab9a50e{s=IDLE rs=BLOCKING os=OPEN is=IDLE awp=false se=false i=true al=0},r=4,c=false/false,a=IDLE,uri=null,age=0}
13:18:26.247 [qtp426008992-45] DEBUG org.eclipse.jetty.io.AbstractEndPoint - close(null) NetworkTrafficSocketChannelEndPoint@1e08cabe{/127.0.0.1:64982<->/127.0.0.1:8080,CLOSED,fill=-,flush=-,to=6/30000}{io=1/0,kio=-1,kro=-1}->HttpConnection@2657044e[p=HttpParser{s=CLOSE,51 of 51},g=HttpGenerator@7ed27700{s=START}]=>HttpChannelOverHttp@1dccebee{s=HttpChannelState@ab9a50e{s=IDLE rs=BLOCKING os=OPEN is=IDLE awp=false se=false i=true al=0},r=4,c=false/false,a=IDLE,uri=null,age=0}
13:18:26.248 [qtp426008992-45] DEBUG org.eclipse.jetty.server.HttpConnection - HttpConnection@2657044e::NetworkTrafficSocketChannelEndPoint@1e08cabe{/127.0.0.1:64982<->/127.0.0.1:8080,CLOSED,fill=-,flush=-,to=6/30000}{io=1/0,kio=-1,kro=-1}->HttpConnection@2657044e[p=HttpParser{s=CLOSE,51 of 51},g=HttpGenerator@7ed27700{s=START}]=>HttpChannelOverHttp@1dccebee{s=HttpChannelState@ab9a50e{s=IDLE rs=BLOCKING os=OPEN is=IDLE awp=false se=false i=true al=0},r=4,c=false/false,a=IDLE,uri=null,age=0} parse HeapByteBuffer@a250024[p=0,l=0,c=8192,r=0]={<<<>>>HTTP/1.1 ...\x00\x00\x00\x00\x00\x00\x00} {}
13:18:26.248 [qtp426008992-45] DEBUG org.eclipse.jetty.http.HttpParser - parseNext s=CLOSE HeapByteBuffer@a250024[p=0,l=0,c=8192,r=0]={<<<>>>HTTP/1.1 ...\x00\x00\x00\x00\x00\x00\x00}
13:18:26.248 [qtp426008992-45] DEBUG org.eclipse.jetty.http.HttpParser - CLOSE --> CLOSED
13:18:26.248 [qtp426008992-45] DEBUG org.eclipse.jetty.server.HttpConnection - HttpConnection@2657044e::NetworkTrafficSocketChannelEndPoint@1e08cabe{/127.0.0.1:64982<->/127.0.0.1:8080,CLOSED,fill=-,flush=-,to=7/30000}{io=1/0,kio=-1,kro=-1}->HttpConnection@2657044e[p=HttpParser{s=CLOSED,51 of 51},g=HttpGenerator@7ed27700{s=START}]=>HttpChannelOverHttp@1dccebee{s=HttpChannelState@ab9a50e{s=IDLE rs=BLOCKING os=OPEN is=IDLE awp=false se=false i=true al=0},r=4,c=false/false,a=IDLE,uri=null,age=0} parsed false HttpParser{s=CLOSED,51 of 51}
13:18:26.248 [qtp426008992-45] DEBUG org.eclipse.jetty.server.HttpConnection - releaseRequestBuffer HttpConnection@2657044e::NetworkTrafficSocketChannelEndPoint@1e08cabe{/127.0.0.1:64982<->/127.0.0.1:8080,CLOSED,fill=-,flush=-,to=7/30000}{io=1/0,kio=-1,kro=-1}->HttpConnection@2657044e[p=HttpParser{s=CLOSED,51 of 51},g=HttpGenerator@7ed27700{s=START}]=>HttpChannelOverHttp@1dccebee{s=HttpChannelState@ab9a50e{s=IDLE rs=BLOCKING os=OPEN is=IDLE awp=false se=false i=true al=0},r=4,c=false/false,a=IDLE,uri=null,age=0}
13:18:26.248 [qtp426008992-45] DEBUG org.eclipse.jetty.io.AbstractEndPoint - shutdownOutput NetworkTrafficSocketChannelEndPoint@1e08cabe{/127.0.0.1:64982<->/127.0.0.1:8080,CLOSED,fill=-,flush=-,to=7/30000}{io=1/0,kio=-1,kro=-1}->HttpConnection@2657044e[p=HttpParser{s=CLOSED,51 of 51},g=HttpGenerator@7ed27700{s=START}]=>HttpChannelOverHttp@1dccebee{s=HttpChannelState@ab9a50e{s=IDLE rs=BLOCKING os=OPEN is=IDLE awp=false se=false i=true al=0},r=4,c=false/false,a=IDLE,uri=null,age=0}
13:18:26.248 [qtp426008992-45] DEBUG org.eclipse.jetty.server.HttpConnection - HttpConnection@2657044e::NetworkTrafficSocketChannelEndPoint@1e08cabe{/127.0.0.1:64982<->/127.0.0.1:8080,CLOSED,fill=-,flush=-,to=7/30000}{io=1/0,kio=-1,kro=-1}->HttpConnection@2657044e[p=HttpParser{s=CLOSED,51 of 51},g=HttpGenerator@7ed27700{s=START}]=>HttpChannelOverHttp@1dccebee{s=HttpChannelState@ab9a50e{s=IDLE rs=BLOCKING os=OPEN is=IDLE awp=false se=false i=true al=0},r=4,c=false/false,a=IDLE,uri=null,age=0} onFillable exit HttpChannelState@ab9a50e{s=IDLE rs=BLOCKING os=OPEN is=IDLE awp=false se=false i=true al=0} null
13:18:26.248 [qtp426008992-45] DEBUG org.eclipse.jetty.io.ManagedSelector - updateable 0
13:18:26.248 [qtp426008992-45] DEBUG org.eclipse.jetty.io.ManagedSelector - updates 0
13:18:26.248 [qtp426008992-45] DEBUG org.eclipse.jetty.io.ChannelEndPoint - Ignoring key update for concurrently closed channel NetworkTrafficSocketChannelEndPoint@1e08cabe{/127.0.0.1:64982<->/127.0.0.1:8080,CLOSED,fill=-,flush=-,to=7/30000}{io=0/0,kio=-1,kro=-1}->HttpConnection@2657044e[p=HttpParser{s=CLOSED,51 of 51},g=HttpGenerator@7ed27700{s=START}]=>HttpChannelOverHttp@1dccebee{s=HttpChannelState@ab9a50e{s=IDLE rs=BLOCKING os=OPEN is=IDLE awp=false se=false i=true al=0},r=4,c=false/false,a=IDLE,uri=null,age=0}
13:18:26.248 [qtp426008992-45] DEBUG org.eclipse.jetty.io.AbstractEndPoint - close NetworkTrafficSocketChannelEndPoint@1e08cabe{/127.0.0.1:64982<->/127.0.0.1:8080,CLOSED,fill=-,flush=-,to=7/30000}{io=0/0,kio=-1,kro=-1}->HttpConnection@2657044e[p=HttpParser{s=CLOSED,51 of 51},g=HttpGenerator@7ed27700{s=START}]=>HttpChannelOverHttp@1dccebee{s=HttpChannelState@ab9a50e{s=IDLE rs=BLOCKING os=OPEN is=IDLE awp=false se=false i=true al=0},r=4,c=false/false,a=IDLE,uri=null,age=0}
13:18:26.248 [qtp426008992-45] DEBUG org.eclipse.jetty.io.AbstractEndPoint - close(null) NetworkTrafficSocketChannelEndPoint@1e08cabe{/127.0.0.1:64982<->/127.0.0.1:8080,CLOSED,fill=-,flush=-,to=7/30000}{io=0/0,kio=-1,kro=-1}->HttpConnection@2657044e[p=HttpParser{s=CLOSED,51 of 51},g=HttpGenerator@7ed27700{s=START}]=>HttpChannelOverHttp@1dccebee{s=HttpChannelState@ab9a50e{s=IDLE rs=BLOCKING os=OPEN is=IDLE awp=false se=false i=true al=0},r=4,c=false/false,a=IDLE,uri=null,age=0}
13:18:26.248 [qtp426008992-45] DEBUG org.eclipse.jetty.io.ManagedSelector - Selector sun.nio.ch.WindowsSelectorImpl@16bcf70e waiting with 1 keys
13:18:26.252 [qtp426008992-48] DEBUG org.eclipse.jetty.util.thread.QueuedThreadPool - ran qtp426008992-48-acceptor-1@506f3059-NetworkTrafficServerConnector@7933a262{HTTP/1.1, (http/1.1)}{0.0.0.0:8080} in QueuedThreadPool[qtp426008992]@196461a0{STARTED,8<=9<=14,i=0,r=1,q=0}[ReservedThreadExecutor@126c668c{s=1/1,p=0}]
13:18:26.252 [qtp426008992-48] DEBUG org.eclipse.jetty.util.thread.QueuedThreadPool - run org.eclipse.jetty.io.ManagedSelector$DestroyEndPoint@3df431a4 in QueuedThreadPool[qtp426008992]@196461a0{STARTED,8<=9<=14,i=1,r=1,q=0}[ReservedThreadExecutor@126c668c{s=1/1,p=0}]
13:18:26.252 [qtp426008992-48] DEBUG org.eclipse.jetty.io.ManagedSelector - Destroyed NetworkTrafficSocketChannelEndPoint@6bc8b7d5{/127.0.0.1:64981<->/127.0.0.1:8080,CLOSED,fill=-,flush=-,to=3067/30000}{io=1/1,kio=-1,kro=-1}->HttpConnection@aea33ab[p=HttpParser{s=CLOSE,0 of -1},g=HttpGenerator@155c3f9e{s=START}]=>HttpChannelOverHttp@6130dca5{s=HttpChannelState@24325ee7{s=IDLE rs=BLOCKING os=OPEN is=IDLE awp=false se=false i=true al=0},r=3,c=false/false,a=IDLE,uri=null,age=0}
13:18:26.252 [qtp426008992-48] DEBUG org.eclipse.jetty.io.AbstractConnection - onClose HttpConnection@aea33ab::NetworkTrafficSocketChannelEndPoint@6bc8b7d5{/127.0.0.1:64981<->/127.0.0.1:8080,CLOSED,fill=-,flush=-,to=3067/30000}{io=1/1,kio=-1,kro=-1}->HttpConnection@aea33ab[p=HttpParser{s=CLOSE,0 of -1},g=HttpGenerator@155c3f9e{s=START}]=>HttpChannelOverHttp@6130dca5{s=HttpChannelState@24325ee7{s=IDLE rs=BLOCKING os=OPEN is=IDLE awp=false se=false i=true al=0},r=3,c=false/false,a=IDLE,uri=null,age=0}
13:18:26.252 [qtp426008992-48] DEBUG org.eclipse.jetty.util.thread.QueuedThreadPool - ran org.eclipse.jetty.io.ManagedSelector$DestroyEndPoint@3df431a4 in QueuedThreadPool[qtp426008992]@196461a0{STARTED,8<=9<=14,i=1,r=1,q=0}[ReservedThreadExecutor@126c668c{s=1/1,p=0}]
13:18:26.252 [qtp426008992-48] DEBUG org.eclipse.jetty.util.thread.QueuedThreadPool - run org.eclipse.jetty.io.ManagedSelector$DestroyEndPoint@601f0cc5 in QueuedThreadPool[qtp426008992]@196461a0{STARTED,8<=9<=14,i=2,r=1,q=0}[ReservedThreadExecutor@126c668c{s=1/1,p=0}]
13:18:26.253 [qtp426008992-48] DEBUG org.eclipse.jetty.io.ManagedSelector - Destroyed NetworkTrafficSocketChannelEndPoint@1e08cabe{/127.0.0.1:64982<->/127.0.0.1:8080,CLOSED,fill=-,flush=-,to=11/30000}{io=0/0,kio=-1,kro=-1}->HttpConnection@2657044e[p=HttpParser{s=CLOSED,51 of 51},g=HttpGenerator@7ed27700{s=START}]=>HttpChannelOverHttp@1dccebee{s=HttpChannelState@ab9a50e{s=IDLE rs=BLOCKING os=OPEN is=IDLE awp=false se=false i=true al=0},r=4,c=false/false,a=IDLE,uri=null,age=0}
13:18:26.253 [qtp426008992-48] DEBUG org.eclipse.jetty.io.AbstractConnection - onClose HttpConnection@2657044e::NetworkTrafficSocketChannelEndPoint@1e08cabe{/127.0.0.1:64982<->/127.0.0.1:8080,CLOSED,fill=-,flush=-,to=12/30000}{io=0/0,kio=-1,kro=-1}->HttpConnection@2657044e[p=HttpParser{s=CLOSED,51 of 51},g=HttpGenerator@7ed27700{s=START}]=>HttpChannelOverHttp@1dccebee{s=HttpChannelState@ab9a50e{s=IDLE rs=BLOCKING os=OPEN is=IDLE awp=false se=false i=true al=0},r=4,c=false/false,a=IDLE,uri=null,age=0}
13:18:26.253 [qtp426008992-48] DEBUG org.eclipse.jetty.util.thread.QueuedThreadPool - ran org.eclipse.jetty.io.ManagedSelector$DestroyEndPoint@601f0cc5 in QueuedThreadPool[qtp426008992]@196461a0{STARTED,8<=9<=14,i=2,r=1,q=0}[ReservedThreadExecutor@126c668c{s=1/1,p=0}]
13:18:26.296 [reactor-http-nio-2] DEBUG org.springframework.web.reactive.function.client.ExchangeFunctions - [1dc8dffa] Cancel signal (to close connection)
13:18:26.296 [qtp426008992-46] DEBUG org.eclipse.jetty.util.thread.ReservedThreadExecutor - ReservedThreadExecutor@126c668c{s=1/1,p=0}@45e3b17c task=EatWhatYouKill@9b07444/SelectorProducer@6dcc6117/PRODUCING/p=true/QueuedThreadPool[qtp426008992]@196461a0{STARTED,8<=9<=14,i=3,r=1,q=0}[ReservedThreadExecutor@126c668c{s=1/1,p=0}][pc=0,pic=0,pec=0,epc=5]@2020-09-25T13:18:26.2969587+02:00
13:18:26.297 [qtp426008992-46] DEBUG org.eclipse.jetty.util.thread.strategy.EatWhatYouKill - EatWhatYouKill@9b07444/SelectorProducer@6dcc6117/PRODUCING/p=true/QueuedThreadPool[qtp426008992]@196461a0{STARTED,8<=9<=14,i=3,r=1,q=0}[ReservedThreadExecutor@126c668c{s=1/1,p=0}][pc=0,pic=0,pec=0,epc=5]@2020-09-25T13:18:26.2969587+02:00 tryProduce true
13:18:26.297 [qtp426008992-46] DEBUG org.eclipse.jetty.util.thread.ReservedThreadExecutor - ReservedThreadExecutor@126c668c{s=1/1,p=0}@45e3b17c size 1 > capacity
13:18:26.297 [qtp426008992-46] DEBUG org.eclipse.jetty.util.thread.QueuedThreadPool - ran ReservedThreadExecutor@126c668c{s=1/1,p=0}@45e3b17c in QueuedThreadPool[qtp426008992]@196461a0{STARTED,8<=9<=14,i=3,r=1,q=0}[ReservedThreadExecutor@126c668c{s=1/1,p=0}]
13:18:26.254 [Test worker] DEBUG org.eclipse.jetty.io.ManagedSelector - Queued change org.eclipse.jetty.io.ManagedSelector$StopSelector@678217f5 on ManagedSelector@48ded463{STOPPING} id=1 keys=0 selected=0 updates=0
13:18:26.297 [Test worker] DEBUG org.eclipse.jetty.io.ManagedSelector - Wakeup on submit ManagedSelector@48ded463{STOPPING} id=1 keys=0 selected=0 updates=1
13:18:26.297 [qtp426008992-51] DEBUG org.eclipse.jetty.io.ManagedSelector - Selector sun.nio.ch.WindowsSelectorImpl@25487540 woken with none selected
13:18:26.297 [qtp426008992-51] DEBUG org.eclipse.jetty.io.ManagedSelector - Selector sun.nio.ch.WindowsSelectorImpl@25487540 woken up from select, 0/0/0 selected
13:18:26.297 [qtp426008992-51] DEBUG org.eclipse.jetty.io.ManagedSelector - Selector sun.nio.ch.WindowsSelectorImpl@25487540 processing 0 keys, 1 updates
13:18:26.297 [qtp426008992-51] DEBUG org.eclipse.jetty.io.ManagedSelector - updateable 1
13:18:26.297 [qtp426008992-51] DEBUG org.eclipse.jetty.io.ManagedSelector - update org.eclipse.jetty.io.ManagedSelector$StopSelector@678217f5
13:18:26.296 [reactor-http-nio-2] ERROR reactor.netty.channel.ChannelOperationsHandler - [id: 0xc0251bc0, L:/127.0.0.1:64982 ! R:localhost/127.0.0.1:8080] Error was received while reading the incoming data. The connection will be closed.
reactor.core.Exceptions$ErrorCallbackNotImplemented: org.springframework.web.reactive.function.client.WebClientResponseException$NotFound: 404 Not Found from POST http://localhost:8080/api/v0/components/login
Caused by: org.springframework.web.reactive.function.client.WebClientResponseException$NotFound: 404 Not Found from POST http://localhost:8080/api/v0/components/login
	at org.springframework.web.reactive.function.client.WebClientResponseException.create(WebClientResponseException.java:185)
	Suppressed: reactor.core.publisher.FluxOnAssembly$OnAssemblyException: 
Error has been observed at the following site(s):
	|_ checkpoint ? 404 from POST http://localhost:8080/api/v0/components/login [DefaultWebClient]
Stack trace:
		at org.springframework.web.reactive.function.client.WebClientResponseException.create(WebClientResponseException.java:185)
		at org.springframework.web.reactive.function.client.DefaultClientResponse.lambda$createException$1(DefaultClientResponse.java:206)
		at reactor.core.publisher.FluxMap$MapSubscriber.onNext(FluxMap.java:100)
		at reactor.core.publisher.Operators$MonoSubscriber.complete(Operators.java:1755)
		at reactor.core.publisher.FluxDefaultIfEmpty$DefaultIfEmptySubscriber.onComplete(FluxDefaultIfEmpty.java:100)
		at reactor.core.publisher.FluxMapFuseable$MapFuseableSubscriber.onComplete(FluxMapFuseable.java:144)
		at reactor.core.publisher.FluxContextStart$ContextStartSubscriber.onComplete(FluxContextStart.java:115)
		at reactor.core.publisher.FluxMapFuseable$MapFuseableConditionalSubscriber.onComplete(FluxMapFuseable.java:336)
		at reactor.core.publisher.FluxFilterFuseable$FilterFuseableConditionalSubscriber.onComplete(FluxFilterFuseable.java:384)
		at reactor.core.publisher.Operators$MonoSubscriber.complete(Operators.java:1756)
		at reactor.core.publisher.MonoCollect$CollectSubscriber.onComplete(MonoCollect.java:152)
		at reactor.core.publisher.FluxMap$MapSubscriber.onComplete(FluxMap.java:136)
		at reactor.core.publisher.FluxPeek$PeekSubscriber.onComplete(FluxPeek.java:252)
		at reactor.core.publisher.FluxPeek$PeekSubscriber.onComplete(FluxPeek.java:252)
		at reactor.core.publisher.FluxMap$MapSubscriber.onComplete(FluxMap.java:136)
		at reactor.netty.channel.FluxReceive.onInboundComplete(FluxReceive.java:366)
		at reactor.netty.channel.ChannelOperations.onInboundComplete(ChannelOperations.java:367)
		at reactor.netty.channel.ChannelOperations.terminate(ChannelOperations.java:423)
		at reactor.netty.http.client.HttpClientOperations.onInboundNext(HttpClientOperations.java:607)
		at reactor.netty.channel.ChannelOperationsHandler.channelRead(ChannelOperationsHandler.java:96)
		at io.netty.channel.AbstractChannelHandlerContext.invokeChannelRead(AbstractChannelHandlerContext.java:379)
		at io.netty.channel.AbstractChannelHandlerContext.invokeChannelRead(AbstractChannelHandlerContext.java:365)
		at io.netty.channel.AbstractChannelHandlerContext.fireChannelRead(AbstractChannelHandlerContext.java:357)
		at io.netty.handler.timeout.IdleStateHandler.channelRead(IdleStateHandler.java:286)
		at io.netty.channel.AbstractChannelHandlerContext.invokeChannelRead(AbstractChannelHandlerContext.java:379)
		at io.netty.channel.AbstractChannelHandlerContext.invokeChannelRead(AbstractChannelHandlerContext.java:365)
		at io.netty.channel.AbstractChannelHandlerContext.fireChannelRead(AbstractChannelHandlerContext.java:357)
		at io.netty.channel.CombinedChannelDuplexHandler$DelegatingChannelHandlerContext.fireChannelRead(CombinedChannelDuplexHandler.java:436)
		at io.netty.handler.codec.ByteToMessageDecoder.fireChannelRead(ByteToMessageDecoder.java:324)
		at io.netty.handler.codec.ByteToMessageDecoder.channelInputClosed(ByteToMessageDecoder.java:383)
		at io.netty.handler.codec.ByteToMessageDecoder.channelInactive(ByteToMessageDecoder.java:354)
		at io.netty.handler.codec.http.HttpClientCodec$Decoder.channelInactive(HttpClientCodec.java:288)
		at io.netty.channel.CombinedChannelDuplexHandler.channelInactive(CombinedChannelDuplexHandler.java:221)
		at io.netty.channel.AbstractChannelHandlerContext.invokeChannelInactive(AbstractChannelHandlerContext.java:262)
		at io.netty.channel.AbstractChannelHandlerContext.invokeChannelInactive(AbstractChannelHandlerContext.java:248)
		at io.netty.channel.AbstractChannelHandlerContext.fireChannelInactive(AbstractChannelHandlerContext.java:241)
		at io.netty.channel.DefaultChannelPipeline$HeadContext.channelInactive(DefaultChannelPipeline.java:1405)
		at io.netty.channel.AbstractChannelHandlerContext.invokeChannelInactive(AbstractChannelHandlerContext.java:262)
		at io.netty.channel.AbstractChannelHandlerContext.invokeChannelInactive(AbstractChannelHandlerContext.java:248)
		at io.netty.channel.DefaultChannelPipeline.fireChannelInactive(DefaultChannelPipeline.java:901)
		at io.netty.channel.AbstractChannel$AbstractUnsafe$8.run(AbstractChannel.java:818)
		at io.netty.util.concurrent.AbstractEventExecutor.safeExecute(AbstractEventExecutor.java:164)
		at io.netty.util.concurrent.SingleThreadEventExecutor.runAllTasks(SingleThreadEventExecutor.java:472)
		at io.netty.channel.nio.NioEventLoop.run(NioEventLoop.java:497)
		at io.netty.util.concurrent.SingleThreadEventExecutor$4.run(SingleThreadEventExecutor.java:989)
		at io.netty.util.internal.ThreadExecutorMap$2.run(ThreadExecutorMap.java:74)
		at io.netty.util.concurrent.FastThreadLocalRunnable.run(FastThreadLocalRunnable.java:30)
		at java.base/java.lang.Thread.run(Thread.java:834)
13:18:26.297 [qtp426008992-51] DEBUG org.eclipse.jetty.io.ManagedSelector - updates 0
13:18:26.298 [qtp426008992-51] DEBUG org.eclipse.jetty.util.thread.ReservedThreadExecutor - ReservedThreadExecutor@126c668c{s=1/1,p=0}@3ba7947e size 1 > capacity
13:18:26.298 [qtp426008992-51] DEBUG org.eclipse.jetty.util.thread.QueuedThreadPool - ran ReservedThreadExecutor@126c668c{s=1/1,p=0}@3ba7947e in QueuedThreadPool[qtp426008992]@196461a0{STARTED,8<=9<=14,i=4,r=1,q=0}[ReservedThreadExecutor@126c668c{s=1/1,p=0}]
13:18:26.298 [Test worker] DEBUG org.eclipse.jetty.util.component.AbstractLifeCycle - stopping EatWhatYouKill@4c8c9eee/SelectorProducer@4614c16f/PRODUCING/p=false/QueuedThreadPool[qtp426008992]@196461a0{STARTED,8<=9<=14,i=4,r=1,q=0}[ReservedThreadExecutor@126c668c{s=1/1,p=0}][pc=0,pic=0,pec=1,epc=3]@2020-09-25T13:18:26.2979565+02:00
13:18:26.298 [Test worker] DEBUG org.eclipse.jetty.util.component.AbstractLifeCycle - STOPPED EatWhatYouKill@4c8c9eee/SelectorProducer@4614c16f/IDLE/p=false/QueuedThreadPool[qtp426008992]@196461a0{STARTED,8<=9<=14,i=5,r=1,q=0}[ReservedThreadExecutor@126c668c{s=1/1,p=0}][pc=0,pic=0,pec=1,epc=3]@2020-09-25T13:18:26.2989679+02:00
13:18:26.298 [Test worker] DEBUG org.eclipse.jetty.util.component.AbstractLifeCycle - STOPPED ManagedSelector@48ded463{STOPPED} id=1 keys=-1 selected=-1 updates=0
13:18:26.298 [Test worker] DEBUG org.eclipse.jetty.util.component.AbstractLifeCycle - stopping ManagedSelector@4453c158{STARTED} id=0 keys=0 selected=0 updates=0
13:18:26.298 [Test worker] DEBUG org.eclipse.jetty.io.ManagedSelector - Queued change org.eclipse.jetty.io.ManagedSelector$CloseConnections@76df132d on ManagedSelector@4453c158{STOPPING} id=0 keys=0 selected=0 updates=0
13:18:26.298 [Test worker] DEBUG org.eclipse.jetty.io.ManagedSelector - Wakeup on submit ManagedSelector@4453c158{STOPPING} id=0 keys=0 selected=0 updates=1
13:18:26.298 [qtp426008992-45] DEBUG org.eclipse.jetty.io.ManagedSelector - Selector sun.nio.ch.WindowsSelectorImpl@16bcf70e woken with none selected
13:18:26.298 [qtp426008992-45] DEBUG org.eclipse.jetty.io.ManagedSelector - Selector sun.nio.ch.WindowsSelectorImpl@16bcf70e woken up from select, 0/0/0 selected
13:18:26.298 [qtp426008992-45] DEBUG org.eclipse.jetty.io.ManagedSelector - Selector sun.nio.ch.WindowsSelectorImpl@16bcf70e processing 0 keys, 1 updates
13:18:26.298 [qtp426008992-45] DEBUG org.eclipse.jetty.io.ManagedSelector - updateable 1
13:18:26.298 [qtp426008992-45] DEBUG org.eclipse.jetty.io.ManagedSelector - update org.eclipse.jetty.io.ManagedSelector$CloseConnections@76df132d
13:18:26.298 [qtp426008992-45] DEBUG org.eclipse.jetty.io.ManagedSelector - Closing 0 connections on ManagedSelector@4453c158{STOPPING} id=0 keys=0 selected=0 updates=0
13:18:26.298 [qtp426008992-45] DEBUG org.eclipse.jetty.io.ManagedSelector - updates 0
13:18:26.298 [qtp426008992-45] DEBUG org.eclipse.jetty.io.ManagedSelector - Selector sun.nio.ch.WindowsSelectorImpl@16bcf70e waiting with 0 keys
13:18:26.298 [Test worker] DEBUG org.eclipse.jetty.io.ManagedSelector - Queued change org.eclipse.jetty.io.ManagedSelector$StopSelector@1655e4eb on ManagedSelector@4453c158{STOPPING} id=0 keys=0 selected=0 updates=0
13:18:26.298 [Test worker] DEBUG org.eclipse.jetty.io.ManagedSelector - Wakeup on submit ManagedSelector@4453c158{STOPPING} id=0 keys=0 selected=0 updates=1
13:18:26.299 [qtp426008992-45] DEBUG org.eclipse.jetty.io.ManagedSelector - Selector sun.nio.ch.WindowsSelectorImpl@16bcf70e woken with none selected
13:18:26.299 [qtp426008992-45] DEBUG org.eclipse.jetty.io.ManagedSelector - Selector sun.nio.ch.WindowsSelectorImpl@16bcf70e woken up from select, 0/0/0 selected
13:18:26.299 [qtp426008992-45] DEBUG org.eclipse.jetty.io.ManagedSelector - Selector sun.nio.ch.WindowsSelectorImpl@16bcf70e processing 0 keys, 1 updates
13:18:26.299 [qtp426008992-45] DEBUG org.eclipse.jetty.io.ManagedSelector - updateable 1
13:18:26.299 [qtp426008992-45] DEBUG org.eclipse.jetty.io.ManagedSelector - update org.eclipse.jetty.io.ManagedSelector$StopSelector@1655e4eb
13:18:26.299 [qtp426008992-45] DEBUG org.eclipse.jetty.io.ManagedSelector - updates 0
13:18:26.299 [qtp426008992-45] DEBUG org.eclipse.jetty.io.ManagedSelector - updateable 0
13:18:26.299 [qtp426008992-45] DEBUG org.eclipse.jetty.io.ManagedSelector - updates 0
13:18:26.299 [qtp426008992-45] DEBUG org.eclipse.jetty.util.thread.ReservedThreadExecutor - ReservedThreadExecutor@126c668c{s=1/1,p=0}@6b65c94c size 1 > capacity
13:18:26.299 [qtp426008992-45] DEBUG org.eclipse.jetty.util.thread.QueuedThreadPool - ran ReservedThreadExecutor@126c668c{s=1/1,p=0}@6b65c94c in QueuedThreadPool[qtp426008992]@196461a0{STARTED,8<=9<=14,i=5,r=1,q=0}[ReservedThreadExecutor@126c668c{s=1/1,p=0}]
13:18:26.299 [Test worker] DEBUG org.eclipse.jetty.util.component.AbstractLifeCycle - stopping EatWhatYouKill@9b07444/SelectorProducer@6dcc6117/IDLE/p=false/QueuedThreadPool[qtp426008992]@196461a0{STARTED,8<=9<=14,i=6,r=1,q=0}[ReservedThreadExecutor@126c668c{s=1/1,p=0}][pc=0,pic=0,pec=0,epc=5]@2020-09-25T13:18:26.2999653+02:00
13:18:26.299 [Test worker] DEBUG org.eclipse.jetty.util.component.AbstractLifeCycle - STOPPED EatWhatYouKill@9b07444/SelectorProducer@6dcc6117/IDLE/p=false/QueuedThreadPool[qtp426008992]@196461a0{STARTED,8<=9<=14,i=6,r=1,q=0}[ReservedThreadExecutor@126c668c{s=1/1,p=0}][pc=0,pic=0,pec=0,epc=5]@2020-09-25T13:18:26.2999653+02:00
13:18:26.299 [Test worker] DEBUG org.eclipse.jetty.util.component.AbstractLifeCycle - STOPPED ManagedSelector@4453c158{STOPPED} id=0 keys=-1 selected=-1 updates=0
13:18:26.300 [Test worker] DEBUG org.eclipse.jetty.util.component.AbstractLifeCycle - STOPPED SelectorManager@NetworkTrafficServerConnector@7933a262{HTTP/1.1, (http/1.1)}{0.0.0.0:8080}
13:18:26.300 [Test worker] DEBUG org.eclipse.jetty.util.component.AbstractLifeCycle - stopping HttpConnectionFactory@c35c8ed[HTTP/1.1]
13:18:26.300 [Test worker] DEBUG org.eclipse.jetty.util.component.AbstractLifeCycle - STOPPED HttpConnectionFactory@c35c8ed[HTTP/1.1]
13:18:26.300 [Test worker] DEBUG org.eclipse.jetty.util.component.AbstractLifeCycle - stopping ScheduledExecutorScheduler@36792006{STARTED}
13:18:26.300 [Test worker] DEBUG org.eclipse.jetty.util.component.AbstractLifeCycle - STOPPED ScheduledExecutorScheduler@36792006{STOPPED}
13:18:26.300 [Test worker] INFO org.eclipse.jetty.server.AbstractConnector - Stopped NetworkTrafficServerConnector@7933a262{HTTP/1.1, (http/1.1)}{0.0.0.0:8080}
13:18:26.300 [Test worker] DEBUG org.eclipse.jetty.util.component.AbstractLifeCycle - STOPPED NetworkTrafficServerConnector@7933a262{HTTP/1.1, (http/1.1)}{0.0.0.0:8080}
13:18:26.300 [Test worker] DEBUG org.eclipse.jetty.server.handler.AbstractHandler - stopping Server@554348da{STOPPING}[9.4.28.v20200408]
13:18:26.300 [Test worker] DEBUG org.eclipse.jetty.util.component.AbstractLifeCycle - stopping ErrorHandler@21bd3fbb{STARTED}
13:18:26.300 [Test worker] DEBUG org.eclipse.jetty.server.handler.AbstractHandler - stopping ErrorHandler@21bd3fbb{STOPPING}
13:18:26.300 [Test worker] DEBUG org.eclipse.jetty.util.component.AbstractLifeCycle - STOPPED ErrorHandler@21bd3fbb{STOPPED}
13:18:26.300 [Test worker] DEBUG org.eclipse.jetty.util.component.AbstractLifeCycle - stopping HandlerCollection@4d5fd7af{STARTED}
13:18:26.300 [Test worker] DEBUG org.eclipse.jetty.server.handler.AbstractHandler - stopping HandlerCollection@4d5fd7af{STOPPING}
13:18:26.300 [Test worker] DEBUG org.eclipse.jetty.util.component.AbstractLifeCycle - stopping GzipHandler@3867a06c{STARTED,min=32,inflate=-1}
13:18:26.300 [Test worker] DEBUG org.eclipse.jetty.server.handler.AbstractHandler - stopping GzipHandler@3867a06c{STOPPING,min=32,inflate=-1}
13:18:26.300 [Test worker] DEBUG org.eclipse.jetty.util.component.AbstractLifeCycle - stopping o.e.j.s.ServletContextHandler@3ff531df{/,null,SHUTDOWN}
13:18:26.300 [Test worker] DEBUG org.eclipse.jetty.server.handler.AbstractHandler - stopping o.e.j.s.ServletContextHandler@3ff531df{/,null,UNAVAILABLE}
13:18:26.300 [Test worker] DEBUG org.eclipse.jetty.util.component.AbstractLifeCycle - stopping NotFoundHandler@258f2e8d{STARTED}
13:18:26.300 [Test worker] DEBUG org.eclipse.jetty.server.handler.AbstractHandler - stopping NotFoundHandler@258f2e8d{STOPPING}
13:18:26.300 [Test worker] DEBUG org.eclipse.jetty.util.component.AbstractLifeCycle - STOPPED NotFoundHandler@258f2e8d{STOPPED}
13:18:26.300 [Test worker] DEBUG org.eclipse.jetty.util.component.AbstractLifeCycle - stopping ServletHandler@4a80ba65{STARTED}
13:18:26.300 [Test worker] DEBUG org.eclipse.jetty.server.handler.AbstractHandler - stopping ServletHandler@4a80ba65{STOPPING}
13:18:26.300 [Test worker] DEBUG org.eclipse.jetty.util.component.AbstractLifeCycle - stopping org.eclipse.jetty.servlets.CrossOriginFilter-1178684b@1178684b==org.eclipse.jetty.servlets.CrossOriginFilter,inst=true,async=true
13:18:26.300 [Test worker] DEBUG org.eclipse.jetty.util.component.AbstractLifeCycle - STOPPED org.eclipse.jetty.servlets.CrossOriginFilter-1178684b@1178684b==org.eclipse.jetty.servlets.CrossOriginFilter,inst=false,async=true
13:18:26.300 [Test worker] DEBUG org.eclipse.jetty.util.component.AbstractLifeCycle - stopping com.github.tomakehurst.wiremock.servlet.TrailingSlashFilter-4f909d2f@4f909d2f==com.github.tomakehurst.wiremock.servlet.TrailingSlashFilter,inst=true,async=true
13:18:26.300 [Test worker] DEBUG org.eclipse.jetty.util.component.AbstractLifeCycle - STOPPED com.github.tomakehurst.wiremock.servlet.TrailingSlashFilter-4f909d2f@4f909d2f==com.github.tomakehurst.wiremock.servlet.TrailingSlashFilter,inst=false,async=true
13:18:26.300 [Test worker] DEBUG org.eclipse.jetty.util.component.AbstractLifeCycle - stopping com.github.tomakehurst.wiremock.servlet.ContentTypeSettingFilter-6a13fbcb@6a13fbcb==com.github.tomakehurst.wiremock.servlet.ContentTypeSettingFilter,inst=true,async=true
13:18:26.300 [Test worker] DEBUG org.eclipse.jetty.util.component.AbstractLifeCycle - STOPPED com.github.tomakehurst.wiremock.servlet.ContentTypeSettingFilter-6a13fbcb@6a13fbcb==com.github.tomakehurst.wiremock.servlet.ContentTypeSettingFilter,inst=false,async=true
13:18:26.300 [Test worker] DEBUG org.eclipse.jetty.util.component.AbstractLifeCycle - stopping com.github.tomakehurst.wiremock.servlet.WireMockHandlerDispatchingServlet-7be4ba4c@9f5184b6==com.github.tomakehurst.wiremock.servlet.WireMockHandlerDispatchingServlet,jsp=null,order=-1,inst=true,async=true
13:18:26.300 [Test worker] DEBUG org.eclipse.jetty.util.component.AbstractLifeCycle - STOPPED com.github.tomakehurst.wiremock.servlet.WireMockHandlerDispatchingServlet-7be4ba4c@9f5184b6==com.github.tomakehurst.wiremock.servlet.WireMockHandlerDispatchingServlet,jsp=null,order=-1,inst=false,async=true
13:18:26.300 [Test worker] DEBUG org.eclipse.jetty.util.component.AbstractLifeCycle - stopping org.eclipse.jetty.servlet.DefaultServlet-6d8915eb@f6f3a3cf==org.eclipse.jetty.servlet.DefaultServlet,jsp=null,order=-1,inst=false,async=true
13:18:26.300 [Test worker] DEBUG org.eclipse.jetty.util.component.AbstractLifeCycle - STOPPED org.eclipse.jetty.servlet.DefaultServlet-6d8915eb@f6f3a3cf==org.eclipse.jetty.servlet.DefaultServlet,jsp=null,order=-1,inst=false,async=true
13:18:26.300 [Test worker] DEBUG org.eclipse.jetty.util.component.AbstractLifeCycle - STOPPED ServletHandler@4a80ba65{STOPPED}
13:18:26.301 [Test worker] INFO org.eclipse.jetty.server.handler.ContextHandler - Stopped o.e.j.s.ServletContextHandler@3ff531df{/,null,UNAVAILABLE}
13:18:26.301 [Test worker] DEBUG org.eclipse.jetty.util.component.AbstractLifeCycle - STOPPED o.e.j.s.ServletContextHandler@3ff531df{/,null,UNAVAILABLE}
13:18:26.301 [Test worker] DEBUG org.eclipse.jetty.util.component.AbstractLifeCycle - STOPPED GzipHandler@3867a06c{STOPPED,min=32,inflate=-1}
13:18:26.301 [Test worker] DEBUG org.eclipse.jetty.util.component.AbstractLifeCycle - stopping o.e.j.s.ServletContextHandler@5219ca04{/__admin,null,SHUTDOWN}
13:18:26.301 [Test worker] DEBUG org.eclipse.jetty.server.handler.AbstractHandler - stopping o.e.j.s.ServletContextHandler@5219ca04{/__admin,null,UNAVAILABLE}
13:18:26.301 [Test worker] DEBUG org.eclipse.jetty.util.component.AbstractLifeCycle - stopping ServletHandler@495b3d4a{STARTED}
13:18:26.301 [Test worker] DEBUG org.eclipse.jetty.server.handler.AbstractHandler - stopping ServletHandler@495b3d4a{STOPPING}
13:18:26.301 [Test worker] DEBUG org.eclipse.jetty.util.component.AbstractLifeCycle - stopping org.eclipse.jetty.servlets.CrossOriginFilter-426ca846@426ca846==org.eclipse.jetty.servlets.CrossOriginFilter,inst=true,async=true
13:18:26.301 [Test worker] DEBUG org.eclipse.jetty.util.component.AbstractLifeCycle - STOPPED org.eclipse.jetty.servlets.CrossOriginFilter-426ca846@426ca846==org.eclipse.jetty.servlets.CrossOriginFilter,inst=false,async=true
13:18:26.301 [Test worker] DEBUG org.eclipse.jetty.util.component.AbstractLifeCycle - stopping com.github.tomakehurst.wiremock.servlet.WireMockHandlerDispatchingServlet-524d6e28@93570ed0==com.github.tomakehurst.wiremock.servlet.WireMockHandlerDispatchingServlet,jsp=null,order=-1,inst=true,async=true
13:18:26.301 [Test worker] DEBUG org.eclipse.jetty.util.component.AbstractLifeCycle - STOPPED com.github.tomakehurst.wiremock.servlet.WireMockHandlerDispatchingServlet-524d6e28@93570ed0==com.github.tomakehurst.wiremock.servlet.WireMockHandlerDispatchingServlet,jsp=null,order=-1,inst=false,async=true
13:18:26.301 [Test worker] DEBUG org.eclipse.jetty.util.component.AbstractLifeCycle - stopping org.eclipse.jetty.servlet.DefaultServlet-e584c9e@9f934d04==org.eclipse.jetty.servlet.DefaultServlet,jsp=null,order=-1,inst=false,async=true
13:18:26.301 [Test worker] DEBUG org.eclipse.jetty.util.component.AbstractLifeCycle - STOPPED org.eclipse.jetty.servlet.DefaultServlet-e584c9e@9f934d04==org.eclipse.jetty.servlet.DefaultServlet,jsp=null,order=-1,inst=false,async=true
13:18:26.301 [Test worker] DEBUG org.eclipse.jetty.util.component.AbstractLifeCycle - stopping org.eclipse.jetty.servlet.DefaultServlet-128dfd21@9d0ce529==org.eclipse.jetty.servlet.DefaultServlet,jsp=null,order=-1,inst=false,async=true
13:18:26.301 [Test worker] DEBUG org.eclipse.jetty.util.component.AbstractLifeCycle - STOPPED org.eclipse.jetty.servlet.DefaultServlet-128dfd21@9d0ce529==org.eclipse.jetty.servlet.DefaultServlet,jsp=null,order=-1,inst=false,async=true
13:18:26.299 [reactor-http-nio-2] DEBUG io.netty.channel.AbstractChannelHandlerContext - An exception reactor.core.Exceptions$ErrorCallbackNotImplemented: org.springframework.web.reactive.function.client.WebClientResponseException$NotFound: 404 Not Found from POST http://localhost:8080/api/v0/components/login
Caused by: org.springframework.web.reactive.function.client.WebClientResponseException$NotFound: 404 Not Found from POST http://localhost:8080/api/v0/components/login
	at org.springframework.web.reactive.function.client.WebClientResponseException.create(WebClientResponseException.java:185)
	Suppressed: reactor.core.publisher.FluxOnAssembly$OnAssemblyException: 
Error has been observed at the following site(s):
	|_ checkpoint ? 404 from POST http://localhost:8080/api/v0/components/login [DefaultWebClient]
Stack trace:
		at org.springframework.web.reactive.function.client.WebClientResponseException.create(WebClientResponseException.java:185)
		at org.springframework.web.reactive.function.client.DefaultClientResponse.lambda$createException$1(DefaultClientResponse.java:206)
		at reactor.core.publisher.FluxMap$MapSubscriber.onNext(FluxMap.java:100)
		at reactor.core.publisher.Operators$MonoSubscriber.complete(Operators.java:1755)
		at reactor.core.publisher.FluxDefaultIfEmpty$DefaultIfEmptySubscriber.onComplete(FluxDefaultIfEmpty.java:100)
		at reactor.core.publisher.FluxMapFuseable$MapFuseableSubscriber.onComplete(FluxMapFuseable.java:144)
		at reactor.core.publisher.FluxContextStart$ContextStartSubscriber.onComplete(FluxContextStart.java:115)
		at reactor.core.publisher.FluxMapFuseable$MapFuseableConditionalSubscriber.onComplete(FluxMapFuseable.java:336)
		at reactor.core.publisher.FluxFilterFuseable$FilterFuseableConditionalSubscriber.onComplete(FluxFilterFuseable.java:384)
		at reactor.core.publisher.Operators$MonoSubscriber.complete(Operators.java:1756)
		at reactor.core.publisher.MonoCollect$CollectSubscriber.onComplete(MonoCollect.java:152)
		at reactor.core.publisher.FluxMap$MapSubscriber.onComplete(FluxMap.java:136)
		at reactor.core.publisher.FluxPeek$PeekSubscriber.onComplete(FluxPeek.java:252)
		at reactor.core.publisher.FluxPeek$PeekSubscriber.onComplete(FluxPeek.java:252)
		at reactor.core.publisher.FluxMap$MapSubscriber.onComplete(FluxMap.java:136)
		at reactor.netty.channel.FluxReceive.onInboundComplete(FluxReceive.java:366)
		at reactor.netty.channel.ChannelOperations.onInboundComplete(ChannelOperations.java:367)
		at reactor.netty.channel.ChannelOperations.terminate(ChannelOperations.java:423)
		at reactor.netty.http.client.HttpClientOperations.onInboundNext(HttpClientOperations.java:607)
		at reactor.netty.channel.ChannelOperationsHandler.channelRead(ChannelOperationsHandler.java:96)
		at io.netty.channel.AbstractChannelHandlerContext.invokeChannelRead(AbstractChannelHandlerContext.java:379)
		at io.netty.channel.AbstractChannelHandlerContext.invokeChannelRead(AbstractChannelHandlerContext.java:365)
		at io.netty.channel.AbstractChannelHandlerContext.fireChannelRead(AbstractChannelHandlerContext.java:357)
		at io.netty.handler.timeout.IdleStateHandler.channelRead(IdleStateHandler.java:286)
		at io.netty.channel.AbstractChannelHandlerContext.invokeChannelRead(AbstractChannelHandlerContext.java:379)
		at io.netty.channel.AbstractChannelHandlerContext.invokeChannelRead(AbstractChannelHandlerContext.java:365)
		at io.netty.channel.AbstractChannelHandlerContext.fireChannelRead(AbstractChannelHandlerContext.java:357)
		at io.netty.channel.CombinedChannelDuplexHandler$DelegatingChannelHandlerContext.fireChannelRead(CombinedChannelDuplexHandler.java:436)
		at io.netty.handler.codec.ByteToMessageDecoder.fireChannelRead(ByteToMessageDecoder.java:324)
		at io.netty.handler.codec.ByteToMessageDecoder.channelInputClosed(ByteToMessageDecoder.java:383)
		at io.netty.handler.codec.ByteToMessageDecoder.channelInactive(ByteToMessageDecoder.java:354)
		at io.netty.handler.codec.http.HttpClientCodec$Decoder.channelInactive(HttpClientCodec.java:288)
		at io.netty.channel.CombinedChannelDuplexHandler.channelInactive(CombinedChannelDuplexHandler.java:221)
		at io.netty.channel.AbstractChannelHandlerContext.invokeChannelInactive(AbstractChannelHandlerContext.java:262)
		at io.netty.channel.AbstractChannelHandlerContext.invokeChannelInactive(AbstractChannelHandlerContext.java:248)
		at io.netty.channel.AbstractChannelHandlerContext.fireChannelInactive(AbstractChannelHandlerContext.java:241)
		at io.netty.channel.DefaultChannelPipeline$HeadContext.channelInactive(DefaultChannelPipeline.java:1405)
		at io.netty.channel.AbstractChannelHandlerContext.invokeChannelInactive(AbstractChannelHandlerContext.java:262)
		at io.netty.channel.AbstractChannelHandlerContext.invokeChannelInactive(AbstractChannelHandlerContext.java:248)
		at io.netty.channel.DefaultChannelPipeline.fireChannelInactive(DefaultChannelPipeline.java:901)
		at io.netty.channel.AbstractChannel$AbstractUnsafe$8.run(AbstractChannel.java:818)
		at io.netty.util.concurrent.AbstractEventExecutor.safeExecute(AbstractEventExecutor.java:164)
		at io.netty.util.concurrent.SingleThreadEventExecutor.runAllTasks(SingleThreadEventExecutor.java:472)
		at io.netty.channel.nio.NioEventLoop.run(NioEventLoop.java:497)
		at io.netty.util.concurrent.SingleThreadEventExecutor$4.run(SingleThreadEventExecutor.java:989)
		at io.netty.util.internal.ThreadExecutorMap$2.run(ThreadExecutorMap.java:74)
		at io.netty.util.concurrent.FastThreadLocalRunnable.run(FastThreadLocalRunnable.java:30)
		at java.base/java.lang.Thread.run(Thread.java:834)
was thrown by a user handler's exceptionCaught() method while handling the following exception:
reactor.core.Exceptions$ErrorCallbackNotImplemented: org.springframework.web.reactive.function.client.WebClientResponseException$NotFound: 404 Not Found from POST http://localhost:8080/api/v0/components/login
Caused by: org.springframework.web.reactive.function.client.WebClientResponseException$NotFound: 404 Not Found from POST http://localhost:8080/api/v0/components/login
	at org.springframework.web.reactive.function.client.WebClientResponseException.create(WebClientResponseException.java:185)
	Suppressed: reactor.core.publisher.FluxOnAssembly$OnAssemblyException: 
Error has been observed at the following site(s):
	|_ checkpoint ? 404 from POST http://localhost:8080/api/v0/components/login [DefaultWebClient]
Stack trace:
		at org.springframework.web.reactive.function.client.WebClientResponseException.create(WebClientResponseException.java:185)
		at org.springframework.web.reactive.function.client.DefaultClientResponse.lambda$createException$1(DefaultClientResponse.java:206)
		at reactor.core.publisher.FluxMap$MapSubscriber.onNext(FluxMap.java:100)
		at reactor.core.publisher.Operators$MonoSubscriber.complete(Operators.java:1755)
		at reactor.core.publisher.FluxDefaultIfEmpty$DefaultIfEmptySubscriber.onComplete(FluxDefaultIfEmpty.java:100)
		at reactor.core.publisher.FluxMapFuseable$MapFuseableSubscriber.onComplete(FluxMapFuseable.java:144)
		at reactor.core.publisher.FluxContextStart$ContextStartSubscriber.onComplete(FluxContextStart.java:115)
		at reactor.core.publisher.FluxMapFuseable$MapFuseableConditionalSubscriber.onComplete(FluxMapFuseable.java:336)
		at reactor.core.publisher.FluxFilterFuseable$FilterFuseableConditionalSubscriber.onComplete(FluxFilterFuseable.java:384)
		at reactor.core.publisher.Operators$MonoSubscriber.complete(Operators.java:1756)
		at reactor.core.publisher.MonoCollect$CollectSubscriber.onComplete(MonoCollect.java:152)
		at reactor.core.publisher.FluxMap$MapSubscriber.onComplete(FluxMap.java:136)
		at reactor.core.publisher.FluxPeek$PeekSubscriber.onComplete(FluxPeek.java:252)
		at reactor.core.publisher.FluxPeek$PeekSubscriber.onComplete(FluxPeek.java:252)
		at reactor.core.publisher.FluxMap$MapSubscriber.onComplete(FluxMap.java:136)
		at reactor.netty.channel.FluxReceive.onInboundComplete(FluxReceive.java:366)
		at reactor.netty.channel.ChannelOperations.onInboundComplete(ChannelOperations.java:367)
		at reactor.netty.channel.ChannelOperations.terminate(ChannelOperations.java:423)
		at reactor.netty.http.client.HttpClientOperations.onInboundNext(HttpClientOperations.java:607)
		at reactor.netty.channel.ChannelOperationsHandler.channelRead(ChannelOperationsHandler.java:96)
		at io.netty.channel.AbstractChannelHandlerContext.invokeChannelRead(AbstractChannelHandlerContext.java:379)
		at io.netty.channel.AbstractChannelHandlerContext.invokeChannelRead(AbstractChannelHandlerContext.java:365)
		at io.netty.channel.AbstractChannelHandlerContext.fireChannelRead(AbstractChannelHandlerContext.java:357)
		at io.netty.handler.timeout.IdleStateHandler.channelRead(IdleStateHandler.java:286)
		at io.netty.channel.AbstractChannelHandlerContext.invokeChannelRead(AbstractChannelHandlerContext.java:379)
		at io.netty.channel.AbstractChannelHandlerContext.invokeChannelRead(AbstractChannelHandlerContext.java:365)
		at io.netty.channel.AbstractChannelHandlerContext.fireChannelRead(AbstractChannelHandlerContext.java:357)
		at io.netty.channel.CombinedChannelDuplexHandler$DelegatingChannelHandlerContext.fireChannelRead(CombinedChannelDuplexHandler.java:436)
		at io.netty.handler.codec.ByteToMessageDecoder.fireChannelRead(ByteToMessageDecoder.java:324)
		at io.netty.handler.codec.ByteToMessageDecoder.channelInputClosed(ByteToMessageDecoder.java:383)
		at io.netty.handler.codec.ByteToMessageDecoder.channelInactive(ByteToMessageDecoder.java:354)
		at io.netty.handler.codec.http.HttpClientCodec$Decoder.channelInactive(HttpClientCodec.java:288)
		at io.netty.channel.CombinedChannelDuplexHandler.channelInactive(CombinedChannelDuplexHandler.java:221)
		at io.netty.channel.AbstractChannelHandlerContext.invokeChannelInactive(AbstractChannelHandlerContext.java:262)
		at io.netty.channel.AbstractChannelHandlerContext.invokeChannelInactive(AbstractChannelHandlerContext.java:248)
		at io.netty.channel.AbstractChannelHandlerContext.fireChannelInactive(AbstractChannelHandlerContext.java:241)
		at io.netty.channel.DefaultChannelPipeline$HeadContext.channelInactive(DefaultChannelPipeline.java:1405)
		at io.netty.channel.AbstractChannelHandlerContext.invokeChannelInactive(AbstractChannelHandlerContext.java:262)
		at io.netty.channel.AbstractChannelHandlerContext.invokeChannelInactive(AbstractChannelHandlerContext.java:248)
		at io.netty.channel.DefaultChannelPipeline.fireChannelInactive(DefaultChannelPipeline.java:901)
		at io.netty.channel.AbstractChannel$AbstractUnsafe$8.run(AbstractChannel.java:818)
		at io.netty.util.concurrent.AbstractEventExecutor.safeExecute(AbstractEventExecutor.java:164)
		at io.netty.util.concurrent.SingleThreadEventExecutor.runAllTasks(SingleThreadEventExecutor.java:472)
		at io.netty.channel.nio.NioEventLoop.run(NioEventLoop.java:497)
		at io.netty.util.concurrent.SingleThreadEventExecutor$4.run(SingleThreadEventExecutor.java:989)
		at io.netty.util.internal.ThreadExecutorMap$2.run(ThreadExecutorMap.java:74)
		at io.netty.util.concurrent.FastThreadLocalRunnable.run(FastThreadLocalRunnable.java:30)
		at java.base/java.lang.Thread.run(Thread.java:834)
13:18:26.386 [reactor-http-nio-2] DEBUG reactor.netty.resources.PooledConnectionProvider - [id: 0xc0251bc0, L:/127.0.0.1:64982 ! R:localhost/127.0.0.1:8080] onStateChange(PooledConnection{channel=[id: 0xc0251bc0, L:/127.0.0.1:64982 ! R:localhost/127.0.0.1:8080]}, [disconnecting])
13:18:26.301 [Test worker] DEBUG org.eclipse.jetty.util.component.AbstractLifeCycle - STOPPED ServletHandler@495b3d4a{STOPPED}
13:18:26.394 [Test worker] INFO org.eclipse.jetty.server.handler.ContextHandler - Stopped o.e.j.s.ServletContextHandler@5219ca04{/__admin,null,UNAVAILABLE}
13:18:26.394 [Test worker] DEBUG org.eclipse.jetty.util.component.AbstractLifeCycle - STOPPED o.e.j.s.ServletContextHandler@5219ca04{/__admin,null,UNAVAILABLE}
13:18:26.394 [Test worker] DEBUG org.eclipse.jetty.util.component.AbstractLifeCycle - STOPPED HandlerCollection@4d5fd7af{STOPPED}
13:18:26.394 [Test worker] DEBUG org.eclipse.jetty.util.component.AbstractLifeCycle - stopping QueuedThreadPool[qtp426008992]@196461a0{STARTED,8<=9<=14,i=6,r=1,q=0}[ReservedThreadExecutor@126c668c{s=1/1,p=0}]
13:18:26.394 [Test worker] DEBUG org.eclipse.jetty.util.thread.QueuedThreadPool - Stopping QueuedThreadPool[qtp426008992]@196461a0{STOPPING,8<=9<=14,i=6,r=-1,q=0}[ReservedThreadExecutor@126c668c{s=1/1,p=0}]
13:18:26.394 [Test worker] DEBUG org.eclipse.jetty.util.component.AbstractLifeCycle - stopping ReservedThreadExecutor@126c668c{s=1/1,p=0}
13:18:26.395 [Test worker] DEBUG org.eclipse.jetty.util.thread.ReservedThreadExecutor - ReservedThreadExecutor@126c668c{s=0/1,p=0}@3ea7ed04 offer STOP!
13:18:26.395 [Test worker] DEBUG org.eclipse.jetty.util.component.AbstractLifeCycle - STOPPED ReservedThreadExecutor@126c668c{s=-1/1,p=0}
13:18:26.395 [Test worker] DEBUG org.eclipse.jetty.util.component.AbstractLifeCycle - STOPPED QueuedThreadPool[qtp426008992]@196461a0{STOPPED,8<=0<=14,i=6,r=-1,q=0}[NO_TRY]
13:18:26.395 [Test worker] DEBUG org.eclipse.jetty.util.component.AbstractLifeCycle - STOPPED Server@554348da{STOPPED}[9.4.28.v20200408]
13:18:26.401 [Test worker] DEBUG org.eclipse.jetty.util.component.ContainerLifeCycle - Server@1551d457{STOPPED}[9.4.28.v20200408] added {QueuedThreadPool[qtp158982948]@979e324{STOPPED,8<=0<=14,i=0,r=-1,q=0}[NO_TRY],AUTO}
13:18:26.401 [Test worker] DEBUG org.eclipse.jetty.util.component.ContainerLifeCycle - HttpConnectionFactory@69b18ba6[HTTP/1.1] added {HttpConfiguration@1b556f2d{32768/8192,8192/8192,https://:0,[]},POJO}
13:18:26.401 [Test worker] DEBUG org.eclipse.jetty.util.component.ContainerLifeCycle - NetworkTrafficServerConnector@5df3dfa0{null, ()}{0.0.0.0:0} added {Server@1551d457{STOPPED}[9.4.28.v20200408],UNMANAGED}
13:18:26.401 [Test worker] DEBUG org.eclipse.jetty.util.component.ContainerLifeCycle - NetworkTrafficServerConnector@5df3dfa0{null, ()}{0.0.0.0:0} added {QueuedThreadPool[qtp158982948]@979e324{STOPPED,8<=0<=14,i=0,r=-1,q=0}[NO_TRY],AUTO}
13:18:26.401 [Test worker] DEBUG org.eclipse.jetty.util.component.ContainerLifeCycle - NetworkTrafficServerConnector@5df3dfa0{null, ()}{0.0.0.0:0} added {ScheduledExecutorScheduler@461b4b25{STOPPED},AUTO}
13:18:26.401 [Test worker] DEBUG org.eclipse.jetty.util.component.ContainerLifeCycle - NetworkTrafficServerConnector@5df3dfa0{null, ()}{0.0.0.0:0} added {org.eclipse.jetty.io.ArrayByteBufferPool@231214fb,POJO}
13:18:26.401 [Test worker] DEBUG org.eclipse.jetty.util.component.ContainerLifeCycle - NetworkTrafficServerConnector@5df3dfa0{null, (http/1.1)}{0.0.0.0:0} added {HttpConnectionFactory@69b18ba6[HTTP/1.1],AUTO}
13:18:26.401 [Test worker] DEBUG org.eclipse.jetty.server.AbstractConnector - NetworkTrafficServerConnector@5df3dfa0{HTTP/1.1, (http/1.1)}{0.0.0.0:0} added HttpConnectionFactory@69b18ba6[HTTP/1.1]
13:18:26.401 [Test worker] DEBUG org.eclipse.jetty.util.component.ContainerLifeCycle - NetworkTrafficServerConnector@5df3dfa0{HTTP/1.1, (http/1.1)}{0.0.0.0:0} added {SelectorManager@NetworkTrafficServerConnector@5df3dfa0{HTTP/1.1, (http/1.1)}{0.0.0.0:0},MANAGED}
13:18:26.401 [Test worker] DEBUG org.eclipse.jetty.util.component.ContainerLifeCycle - Server@1551d457{STOPPED}[9.4.28.v20200408] added {NetworkTrafficServerConnector@5df3dfa0{HTTP/1.1, (http/1.1)}{0.0.0.0:8080},AUTO}
13:18:26.402 [Test worker] DEBUG org.eclipse.jetty.util.component.ContainerLifeCycle - Server@1551d457{STOPPED}[9.4.28.v20200408] added {o.e.j.s.ServletContextHandler@130e2bb3{/__admin,null,UNAVAILABLE},MANAGED}
13:18:26.402 [Test worker] DEBUG org.eclipse.jetty.util.DecoratedObjectFactory - Adding Decorator: org.eclipse.jetty.util.DeprecationWarning@50c3e8ad
13:18:26.402 [Test worker] DEBUG org.eclipse.jetty.util.component.ContainerLifeCycle - o.e.j.s.ServletContextHandler@130e2bb3{/__admin,null,UNAVAILABLE} added {ServletHandler@4c1dc3f3{STOPPED},MANAGED}
13:18:26.403 [Test worker] DEBUG org.eclipse.jetty.util.component.ContainerLifeCycle - Server@1551d457{STOPPED}[9.4.28.v20200408] added {o.e.j.s.ServletContextHandler@52601e0c{/,null,UNAVAILABLE},MANAGED}
13:18:26.403 [Test worker] DEBUG org.eclipse.jetty.util.DecoratedObjectFactory - Adding Decorator: org.eclipse.jetty.util.DeprecationWarning@1de02708
13:18:26.403 [Test worker] DEBUG org.eclipse.jetty.util.component.ContainerLifeCycle - o.e.j.s.ServletContextHandler@52601e0c{/,null,UNAVAILABLE} added {ServletHandler@5582b731{STOPPED},MANAGED}
13:18:26.404 [Test worker] DEBUG org.eclipse.jetty.util.component.ContainerLifeCycle - o.e.j.s.ServletContextHandler@52601e0c{/,null,UNAVAILABLE} added {NotFoundHandler@73793946{STOPPED},MANAGED}
13:18:26.404 [Test worker] DEBUG org.eclipse.jetty.util.component.ContainerLifeCycle - HandlerCollection@4cc212b8{STOPPED} added {o.e.j.s.ServletContextHandler@130e2bb3{/__admin,null,UNAVAILABLE},AUTO}
13:18:26.411 [Test worker] DEBUG org.eclipse.jetty.http.pathmap.PathMappings - Added MappedResource[pathSpec=ServletPathSpec["*.svgz",pathDepth=0,group=SUFFIX_GLOB],resource=true] to PathMappings[size=1]
13:18:26.411 [Test worker] DEBUG org.eclipse.jetty.server.handler.gzip.GzipHandler - GzipHandler@69acd89a{STOPPED,min=32,inflate=-1} mime types IncludeExclude@352750c5{i=[],ip=CONTAINS,e=[image/ief, image/vnd.wap.wbmp, image/jpeg, application/bzip2, image/x-portable-graymap, application/brotli, image/bmp, image/gif, image/x-icon, audio/midi, video/x-msvideo, image/x-xbitmap, application/x-rar-compressed, image/x-portable-bitmap, image/x-rgb, image/x-cmu-raster, application/gzip, audio/x-wav, audio/x-pn-realaudio, audio/basic, application/compress, audio/x-aiff, video/x.ms.asx, video/x.ms.asf, image/png, video/vnd.rn-realvideo, image/x-xwindowdump, image/jpeg2000, video/x-sgi-movie, audio/mpeg, image/xcf, video/mpeg, image/x-portable-pixmap, image/tiff, image/x-portable-anymap, image/x-xpixmap, application/zip, video/quicktime, application/x-xz, video/mp4],ep=CONTAINS}
13:18:26.411 [Test worker] DEBUG org.eclipse.jetty.util.component.ContainerLifeCycle - GzipHandler@69acd89a{STOPPED,min=32,inflate=-1} added {o.e.j.s.ServletContextHandler@52601e0c{/,null,UNAVAILABLE},MANAGED}
13:18:26.411 [Test worker] DEBUG org.eclipse.jetty.util.component.ContainerLifeCycle - HandlerCollection@4cc212b8{STOPPED} added {GzipHandler@69acd89a{STOPPED,min=32,inflate=-1},AUTO}
13:18:26.411 [Test worker] DEBUG org.eclipse.jetty.util.component.ContainerLifeCycle - Server@1551d457{STOPPED}[9.4.28.v20200408] added {HandlerCollection@4cc212b8{STOPPED},MANAGED}
13:18:26.411 [Test worker] DEBUG org.eclipse.jetty.util.component.AbstractLifeCycle - starting Server@1551d457{STOPPED}[9.4.28.v20200408]
13:18:26.411 [Test worker] DEBUG org.eclipse.jetty.util.component.ContainerLifeCycle - Server@1551d457{STARTING}[9.4.28.v20200408] added {ErrorHandler@7b61e96{STOPPED},AUTO}
13:18:26.411 [Test worker] INFO org.eclipse.jetty.server.Server - jetty-9.4.28.v20200408; built: 2020-04-08T17:49:39.557Z; git: ab228fde9e55e9164c738d7fa121f8ac5acd51c9; jvm 11.0.2+9
13:18:26.411 [Test worker] DEBUG org.eclipse.jetty.server.handler.AbstractHandler - starting Server@1551d457{STARTING}[9.4.28.v20200408]
13:18:26.411 [Test worker] DEBUG org.eclipse.jetty.util.component.AbstractLifeCycle - starting QueuedThreadPool[qtp158982948]@979e324{STOPPED,8<=0<=14,i=0,r=-1,q=0}[NO_TRY]
13:18:26.411 [Test worker] DEBUG org.eclipse.jetty.util.thread.ReservedThreadExecutor - ReservedThreadExecutor@2a8706d9{s=0/1,p=0}
13:18:26.411 [Test worker] DEBUG org.eclipse.jetty.util.component.ContainerLifeCycle - QueuedThreadPool[qtp158982948]@979e324{STARTING,8<=0<=14,i=0,r=-1,q=0}[ReservedThreadExecutor@2a8706d9{s=0/1,p=0}] added {ReservedThreadExecutor@2a8706d9{s=0/1,p=0},AUTO}
13:18:26.411 [Test worker] DEBUG org.eclipse.jetty.util.component.AbstractLifeCycle - starting ReservedThreadExecutor@2a8706d9{s=0/1,p=0}
13:18:26.412 [Test worker] DEBUG org.eclipse.jetty.util.component.AbstractLifeCycle - STARTED @57970ms ReservedThreadExecutor@2a8706d9{s=0/1,p=0}
13:18:26.412 [Test worker] DEBUG org.eclipse.jetty.util.thread.QueuedThreadPool - Starting Thread[qtp158982948-55,5,main]
13:18:26.413 [Test worker] DEBUG org.eclipse.jetty.util.thread.QueuedThreadPool - Starting Thread[qtp158982948-56,5,main]
13:18:26.413 [Test worker] DEBUG org.eclipse.jetty.util.thread.QueuedThreadPool - Starting Thread[qtp158982948-57,5,main]
13:18:26.414 [Test worker] DEBUG org.eclipse.jetty.util.thread.QueuedThreadPool - Starting Thread[qtp158982948-58,5,main]
13:18:26.415 [Test worker] DEBUG org.eclipse.jetty.util.thread.QueuedThreadPool - Starting Thread[qtp158982948-59,5,main]
13:18:26.415 [Test worker] DEBUG org.eclipse.jetty.util.thread.QueuedThreadPool - Starting Thread[qtp158982948-60,5,main]
13:18:26.416 [Test worker] DEBUG org.eclipse.jetty.util.thread.QueuedThreadPool - Starting Thread[qtp158982948-61,5,main]
13:18:26.416 [Test worker] DEBUG org.eclipse.jetty.util.thread.QueuedThreadPool - Starting Thread[qtp158982948-62,5,main]
13:18:26.417 [Test worker] DEBUG org.eclipse.jetty.util.component.AbstractLifeCycle - STARTED @57975ms QueuedThreadPool[qtp158982948]@979e324{STARTED,8<=8<=14,i=8,r=1,q=0}[ReservedThreadExecutor@2a8706d9{s=0/1,p=0}]
13:18:26.417 [Test worker] DEBUG org.eclipse.jetty.util.component.AbstractLifeCycle - starting HandlerCollection@4cc212b8{STOPPED}
13:18:26.417 [Test worker] DEBUG org.eclipse.jetty.server.handler.AbstractHandler - starting HandlerCollection@4cc212b8{STARTING}
13:18:26.417 [Test worker] DEBUG org.eclipse.jetty.util.component.AbstractLifeCycle - starting o.e.j.s.ServletContextHandler@130e2bb3{/__admin,null,UNAVAILABLE}
13:18:26.417 [Test worker] DEBUG org.eclipse.jetty.server.handler.AbstractHandler - starting o.e.j.s.ServletContextHandler@130e2bb3{/__admin,null,STARTING}
13:18:26.417 [Test worker] DEBUG org.eclipse.jetty.util.component.AbstractLifeCycle - starting ServletHandler@4c1dc3f3{STOPPED}
13:18:26.417 [Test worker] DEBUG org.eclipse.jetty.servlet.ServletHandler - Path=/recorder/*[EMBEDDED:null] mapped to servlet=org.eclipse.jetty.servlet.DefaultServlet-1d2a5cb4[EMBEDDED:null]
13:18:26.417 [Test worker] DEBUG org.eclipse.jetty.http.pathmap.PathMappings - Added MappedResource[pathSpec=ServletPathSpec["/recorder/*",pathDepth=2,group=PREFIX_GLOB],resource=org.eclipse.jetty.servlet.DefaultServlet-1d2a5cb4@e786d981==org.eclipse.jetty.servlet.DefaultServlet,jsp=null,order=-1,inst=false,async=true] to PathMappings[size=1]
13:18:26.417 [Test worker] DEBUG org.eclipse.jetty.servlet.ServletHandler - Path=/swagger-ui/*[EMBEDDED:null] mapped to servlet=org.eclipse.jetty.servlet.DefaultServlet-7f9ba347[EMBEDDED:null]
13:18:26.417 [Test worker] DEBUG org.eclipse.jetty.http.pathmap.PathMappings - Added MappedResource[pathSpec=ServletPathSpec["/swagger-ui/*",pathDepth=2,group=PREFIX_GLOB],resource=org.eclipse.jetty.servlet.DefaultServlet-7f9ba347@ccada7ac==org.eclipse.jetty.servlet.DefaultServlet,jsp=null,order=-1,inst=false,async=true] to PathMappings[size=2]
13:18:26.417 [Test worker] DEBUG org.eclipse.jetty.servlet.ServletHandler - Path=/[EMBEDDED:null] mapped to servlet=com.github.tomakehurst.wiremock.servlet.WireMockHandlerDispatchingServlet-52e3593c[EMBEDDED:null]
13:18:26.417 [Test worker] DEBUG org.eclipse.jetty.http.pathmap.PathMappings - Added MappedResource[pathSpec=ServletPathSpec["/",pathDepth=-1,group=DEFAULT],resource=com.github.tomakehurst.wiremock.servlet.WireMockHandlerDispatchingServlet-52e3593c@e440ec4d==com.github.tomakehurst.wiremock.servlet.WireMockHandlerDispatchingServlet,jsp=null,order=-1,inst=false,async=true] to PathMappings[size=3]
13:18:26.417 [Test worker] DEBUG org.eclipse.jetty.servlet.ServletHandler - filterNameMap={org.eclipse.jetty.servlets.CrossOriginFilter-70c30ac8=org.eclipse.jetty.servlets.CrossOriginFilter-70c30ac8@70c30ac8==org.eclipse.jetty.servlets.CrossOriginFilter,inst=false,async=true}
13:18:26.417 [Test worker] DEBUG org.eclipse.jetty.servlet.ServletHandler - pathFilters=[[/*]/[]/[REQUEST]=>org.eclipse.jetty.servlets.CrossOriginFilter-70c30ac8]
13:18:26.417 [Test worker] DEBUG org.eclipse.jetty.servlet.ServletHandler - servletFilterMap={}
13:18:26.417 [Test worker] DEBUG org.eclipse.jetty.servlet.ServletHandler - servletPathMap=PathMappings[size=3]
13:18:26.417 [Test worker] DEBUG org.eclipse.jetty.servlet.ServletHandler - servletNameMap={org.eclipse.jetty.servlet.DefaultServlet-7f9ba347=org.eclipse.jetty.servlet.DefaultServlet-7f9ba347@ccada7ac==org.eclipse.jetty.servlet.DefaultServlet,jsp=null,order=-1,inst=false,async=true, org.eclipse.jetty.servlet.DefaultServlet-1d2a5cb4=org.eclipse.jetty.servlet.DefaultServlet-1d2a5cb4@e786d981==org.eclipse.jetty.servlet.DefaultServlet,jsp=null,order=-1,inst=false,async=true, com.github.tomakehurst.wiremock.servlet.WireMockHandlerDispatchingServlet-52e3593c=com.github.tomakehurst.wiremock.servlet.WireMockHandlerDispatchingServlet-52e3593c@e440ec4d==com.github.tomakehurst.wiremock.servlet.WireMockHandlerDispatchingServlet,jsp=null,order=-1,inst=false,async=true}
13:18:26.417 [Test worker] DEBUG org.eclipse.jetty.server.handler.AbstractHandler - starting ServletHandler@4c1dc3f3{STARTING}
13:18:26.417 [Test worker] DEBUG org.eclipse.jetty.util.component.AbstractLifeCycle - STARTED @57976ms ServletHandler@4c1dc3f3{STARTED}
13:18:26.418 [Test worker] DEBUG org.eclipse.jetty.util.component.AbstractLifeCycle - starting org.eclipse.jetty.servlets.CrossOriginFilter-70c30ac8@70c30ac8==org.eclipse.jetty.servlets.CrossOriginFilter,inst=false,async=true
13:18:26.418 [Test worker] DEBUG org.eclipse.jetty.util.component.AbstractLifeCycle - STARTED @57976ms org.eclipse.jetty.servlets.CrossOriginFilter-70c30ac8@70c30ac8==org.eclipse.jetty.servlets.CrossOriginFilter,inst=false,async=true
13:18:26.418 [Test worker] DEBUG org.eclipse.jetty.servlet.FilterHolder - Filter.init org.eclipse.jetty.servlets.CrossOriginFilter@6578223c
13:18:26.418 [Test worker] DEBUG org.eclipse.jetty.servlets.CrossOriginFilter - Cross-origin filter configuration: allowedOrigins = *, allowedTimingOrigins = null, allowedMethods = OPTIONS,GET,POST,PUT,PATCH,DELETE, allowedHeaders = *, preflightMaxAge = 1800, allowCredentials = true,exposedHeaders = ,chainPreflight = false
13:18:26.418 [Test worker] DEBUG org.eclipse.jetty.util.component.AbstractLifeCycle - starting com.github.tomakehurst.wiremock.servlet.WireMockHandlerDispatchingServlet-52e3593c@e440ec4d==com.github.tomakehurst.wiremock.servlet.WireMockHandlerDispatchingServlet,jsp=null,order=-1,inst=false,async=true
13:18:26.418 [Test worker] DEBUG org.eclipse.jetty.util.component.AbstractLifeCycle - STARTED @57977ms com.github.tomakehurst.wiremock.servlet.WireMockHandlerDispatchingServlet-52e3593c@e440ec4d==com.github.tomakehurst.wiremock.servlet.WireMockHandlerDispatchingServlet,jsp=null,order=-1,inst=false,async=true
13:18:26.418 [Test worker] DEBUG org.eclipse.jetty.util.component.AbstractLifeCycle - starting org.eclipse.jetty.servlet.DefaultServlet-1d2a5cb4@e786d981==org.eclipse.jetty.servlet.DefaultServlet,jsp=null,order=-1,inst=false,async=true
13:18:26.418 [Test worker] DEBUG org.eclipse.jetty.util.component.AbstractLifeCycle - STARTED @57977ms org.eclipse.jetty.servlet.DefaultServlet-1d2a5cb4@e786d981==org.eclipse.jetty.servlet.DefaultServlet,jsp=null,order=-1,inst=false,async=true
13:18:26.418 [Test worker] DEBUG org.eclipse.jetty.util.component.AbstractLifeCycle - starting org.eclipse.jetty.servlet.DefaultServlet-7f9ba347@ccada7ac==org.eclipse.jetty.servlet.DefaultServlet,jsp=null,order=-1,inst=false,async=true
13:18:26.418 [Test worker] DEBUG org.eclipse.jetty.util.component.AbstractLifeCycle - STARTED @57977ms org.eclipse.jetty.servlet.DefaultServlet-7f9ba347@ccada7ac==org.eclipse.jetty.servlet.DefaultServlet,jsp=null,order=-1,inst=false,async=true
13:18:26.418 [Test worker] INFO org.eclipse.jetty.server.handler.ContextHandler - Started o.e.j.s.ServletContextHandler@130e2bb3{/__admin,null,AVAILABLE}
13:18:26.418 [Test worker] DEBUG org.eclipse.jetty.util.component.AbstractLifeCycle - STARTED @57977ms o.e.j.s.ServletContextHandler@130e2bb3{/__admin,null,AVAILABLE}
13:18:26.418 [Test worker] DEBUG org.eclipse.jetty.util.component.AbstractLifeCycle - starting GzipHandler@69acd89a{STOPPED,min=32,inflate=-1}
13:18:26.418 [Test worker] DEBUG org.eclipse.jetty.server.handler.AbstractHandler - starting GzipHandler@69acd89a{STARTING,min=32,inflate=-1}
13:18:26.418 [Test worker] DEBUG org.eclipse.jetty.util.component.AbstractLifeCycle - starting o.e.j.s.ServletContextHandler@52601e0c{/,null,UNAVAILABLE}
13:18:26.418 [Test worker] DEBUG org.eclipse.jetty.server.handler.AbstractHandler - starting o.e.j.s.ServletContextHandler@52601e0c{/,null,STARTING}
13:18:26.418 [Test worker] DEBUG org.eclipse.jetty.util.component.AbstractLifeCycle - starting ServletHandler@5582b731{STOPPED}
13:18:26.418 [Test worker] DEBUG org.eclipse.jetty.servlet.ServletHandler - Path=/__files/*[EMBEDDED:null] mapped to servlet=org.eclipse.jetty.servlet.DefaultServlet-3d7f6203[EMBEDDED:null]
13:18:26.418 [Test worker] DEBUG org.eclipse.jetty.http.pathmap.PathMappings - Added MappedResource[pathSpec=ServletPathSpec["/__files/*",pathDepth=2,group=PREFIX_GLOB],resource=org.eclipse.jetty.servlet.DefaultServlet-3d7f6203@c0179a3e==org.eclipse.jetty.servlet.DefaultServlet,jsp=null,order=-1,inst=false,async=true] to PathMappings[size=1]
13:18:26.418 [Test worker] DEBUG org.eclipse.jetty.servlet.ServletHandler - Path=/[EMBEDDED:null] mapped to servlet=com.github.tomakehurst.wiremock.servlet.WireMockHandlerDispatchingServlet-6fbd8bde[EMBEDDED:null]
13:18:26.418 [Test worker] DEBUG org.eclipse.jetty.http.pathmap.PathMappings - Added MappedResource[pathSpec=ServletPathSpec["/",pathDepth=-1,group=DEFAULT],resource=com.github.tomakehurst.wiremock.servlet.WireMockHandlerDispatchingServlet-6fbd8bde@87c152b==com.github.tomakehurst.wiremock.servlet.WireMockHandlerDispatchingServlet,jsp=null,order=-1,inst=false,async=true] to PathMappings[size=2]
13:18:26.418 [Test worker] DEBUG org.eclipse.jetty.servlet.ServletHandler - filterNameMap={org.eclipse.jetty.servlets.CrossOriginFilter-76cba62e=org.eclipse.jetty.servlets.CrossOriginFilter-76cba62e@76cba62e==org.eclipse.jetty.servlets.CrossOriginFilter,inst=false,async=true, com.github.tomakehurst.wiremock.servlet.ContentTypeSettingFilter-33023327=com.github.tomakehurst.wiremock.servlet.ContentTypeSettingFilter-33023327@33023327==com.github.tomakehurst.wiremock.servlet.ContentTypeSettingFilter,inst=false,async=true, com.github.tomakehurst.wiremock.servlet.TrailingSlashFilter-75ab203e=com.github.tomakehurst.wiremock.servlet.TrailingSlashFilter-75ab203e@75ab203e==com.github.tomakehurst.wiremock.servlet.TrailingSlashFilter,inst=false,async=true}
13:18:26.419 [Test worker] DEBUG org.eclipse.jetty.servlet.ServletHandler - pathFilters=[[/__files/*]/[]/[FORWARD]=>com.github.tomakehurst.wiremock.servlet.ContentTypeSettingFilter-33023327, [/__files/*]/[]/[FORWARD, ERROR, INCLUDE, REQUEST, ASYNC]=>com.github.tomakehurst.wiremock.servlet.TrailingSlashFilter-75ab203e, [/*]/[]/[REQUEST]=>org.eclipse.jetty.servlets.CrossOriginFilter-76cba62e]
13:18:26.419 [Test worker] DEBUG org.eclipse.jetty.servlet.ServletHandler - servletFilterMap={}
13:18:26.419 [Test worker] DEBUG org.eclipse.jetty.servlet.ServletHandler - servletPathMap=PathMappings[size=2]
13:18:26.419 [Test worker] DEBUG org.eclipse.jetty.servlet.ServletHandler - servletNameMap={com.github.tomakehurst.wiremock.servlet.WireMockHandlerDispatchingServlet-6fbd8bde=com.github.tomakehurst.wiremock.servlet.WireMockHandlerDispatchingServlet-6fbd8bde@87c152b==com.github.tomakehurst.wiremock.servlet.WireMockHandlerDispatchingServlet,jsp=null,order=-1,inst=false,async=true, org.eclipse.jetty.servlet.DefaultServlet-3d7f6203=org.eclipse.jetty.servlet.DefaultServlet-3d7f6203@c0179a3e==org.eclipse.jetty.servlet.DefaultServlet,jsp=null,order=-1,inst=false,async=true}
13:18:26.419 [Test worker] DEBUG org.eclipse.jetty.server.handler.AbstractHandler - starting ServletHandler@5582b731{STARTING}
13:18:26.419 [Test worker] DEBUG org.eclipse.jetty.util.component.AbstractLifeCycle - STARTED @57977ms ServletHandler@5582b731{STARTED}
13:18:26.419 [Test worker] DEBUG org.eclipse.jetty.util.component.AbstractLifeCycle - starting NotFoundHandler@73793946{STOPPED}
13:18:26.419 [Test worker] DEBUG org.eclipse.jetty.server.handler.AbstractHandler - starting NotFoundHandler@73793946{STARTING}
13:18:26.419 [Test worker] DEBUG org.eclipse.jetty.util.component.AbstractLifeCycle - STARTED @57978ms NotFoundHandler@73793946{STARTED}
13:18:26.419 [Test worker] DEBUG org.eclipse.jetty.util.component.AbstractLifeCycle - starting com.github.tomakehurst.wiremock.servlet.ContentTypeSettingFilter-33023327@33023327==com.github.tomakehurst.wiremock.servlet.ContentTypeSettingFilter,inst=false,async=true
13:18:26.419 [Test worker] DEBUG org.eclipse.jetty.util.component.AbstractLifeCycle - STARTED @57978ms com.github.tomakehurst.wiremock.servlet.ContentTypeSettingFilter-33023327@33023327==com.github.tomakehurst.wiremock.servlet.ContentTypeSettingFilter,inst=false,async=true
13:18:26.419 [Test worker] DEBUG org.eclipse.jetty.servlet.FilterHolder - Filter.init com.github.tomakehurst.wiremock.servlet.ContentTypeSettingFilter@2af663db
13:18:26.419 [Test worker] DEBUG org.eclipse.jetty.util.component.AbstractLifeCycle - starting com.github.tomakehurst.wiremock.servlet.TrailingSlashFilter-75ab203e@75ab203e==com.github.tomakehurst.wiremock.servlet.TrailingSlashFilter,inst=false,async=true
13:18:26.419 [Test worker] DEBUG org.eclipse.jetty.util.component.AbstractLifeCycle - STARTED @57978ms com.github.tomakehurst.wiremock.servlet.TrailingSlashFilter-75ab203e@75ab203e==com.github.tomakehurst.wiremock.servlet.TrailingSlashFilter,inst=false,async=true
13:18:26.419 [Test worker] DEBUG org.eclipse.jetty.servlet.FilterHolder - Filter.init com.github.tomakehurst.wiremock.servlet.TrailingSlashFilter@1a4974fc
13:18:26.419 [Test worker] DEBUG org.eclipse.jetty.util.component.AbstractLifeCycle - starting org.eclipse.jetty.servlets.CrossOriginFilter-76cba62e@76cba62e==org.eclipse.jetty.servlets.CrossOriginFilter,inst=false,async=true
13:18:26.419 [Test worker] DEBUG org.eclipse.jetty.util.component.AbstractLifeCycle - STARTED @57978ms org.eclipse.jetty.servlets.CrossOriginFilter-76cba62e@76cba62e==org.eclipse.jetty.servlets.CrossOriginFilter,inst=false,async=true
13:18:26.419 [Test worker] DEBUG org.eclipse.jetty.servlet.FilterHolder - Filter.init org.eclipse.jetty.servlets.CrossOriginFilter@216de6cb
13:18:26.419 [Test worker] DEBUG org.eclipse.jetty.servlets.CrossOriginFilter - Cross-origin filter configuration: allowedOrigins = *, allowedTimingOrigins = null, allowedMethods = OPTIONS,GET,POST,PUT,PATCH,DELETE, allowedHeaders = *, preflightMaxAge = 1800, allowCredentials = true,exposedHeaders = ,chainPreflight = false
13:18:26.419 [Test worker] DEBUG org.eclipse.jetty.util.component.AbstractLifeCycle - starting com.github.tomakehurst.wiremock.servlet.WireMockHandlerDispatchingServlet-6fbd8bde@87c152b==com.github.tomakehurst.wiremock.servlet.WireMockHandlerDispatchingServlet,jsp=null,order=-1,inst=false,async=true
13:18:26.419 [Test worker] DEBUG org.eclipse.jetty.util.component.AbstractLifeCycle - STARTED @57978ms com.github.tomakehurst.wiremock.servlet.WireMockHandlerDispatchingServlet-6fbd8bde@87c152b==com.github.tomakehurst.wiremock.servlet.WireMockHandlerDispatchingServlet,jsp=null,order=-1,inst=false,async=true
13:18:26.419 [Test worker] DEBUG org.eclipse.jetty.util.component.AbstractLifeCycle - starting org.eclipse.jetty.servlet.DefaultServlet-3d7f6203@c0179a3e==org.eclipse.jetty.servlet.DefaultServlet,jsp=null,order=-1,inst=false,async=true
13:18:26.419 [Test worker] DEBUG org.eclipse.jetty.util.component.AbstractLifeCycle - STARTED @57978ms org.eclipse.jetty.servlet.DefaultServlet-3d7f6203@c0179a3e==org.eclipse.jetty.servlet.DefaultServlet,jsp=null,order=-1,inst=false,async=true
13:18:26.419 [Test worker] INFO org.eclipse.jetty.server.handler.ContextHandler - Started o.e.j.s.ServletContextHandler@52601e0c{/,null,AVAILABLE}
13:18:26.419 [Test worker] DEBUG org.eclipse.jetty.util.component.AbstractLifeCycle - STARTED @57978ms o.e.j.s.ServletContextHandler@52601e0c{/,null,AVAILABLE}
13:18:26.419 [Test worker] DEBUG org.eclipse.jetty.util.component.AbstractLifeCycle - STARTED @57978ms GzipHandler@69acd89a{STARTED,min=32,inflate=-1}
13:18:26.419 [Test worker] DEBUG org.eclipse.jetty.util.component.AbstractLifeCycle - STARTED @57978ms HandlerCollection@4cc212b8{STARTED}
13:18:26.419 [Test worker] DEBUG org.eclipse.jetty.util.component.AbstractLifeCycle - starting ErrorHandler@7b61e96{STOPPED}
13:18:26.419 [Test worker] DEBUG org.eclipse.jetty.server.handler.AbstractHandler - starting ErrorHandler@7b61e96{STARTING}
13:18:26.419 [Test worker] DEBUG org.eclipse.jetty.util.component.AbstractLifeCycle - STARTED @57978ms ErrorHandler@7b61e96{STARTED}
13:18:26.420 [Test worker] DEBUG org.eclipse.jetty.util.component.AbstractLifeCycle - starting NetworkTrafficServerConnector@5df3dfa0{HTTP/1.1, (http/1.1)}{0.0.0.0:8080}
13:18:26.420 [Test worker] DEBUG org.eclipse.jetty.util.component.ContainerLifeCycle - NetworkTrafficServerConnector@5df3dfa0{HTTP/1.1, (http/1.1)}{0.0.0.0:8080} added {sun.nio.ch.ServerSocketChannelImpl[/0:0:0:0:0:0:0:0:8080],POJO}
13:18:26.420 [Test worker] DEBUG org.eclipse.jetty.util.component.AbstractLifeCycle - starting ScheduledExecutorScheduler@461b4b25{STOPPED}
13:18:26.420 [Test worker] DEBUG org.eclipse.jetty.util.component.AbstractLifeCycle - STARTED @57979ms ScheduledExecutorScheduler@461b4b25{STARTED}
13:18:26.420 [Test worker] DEBUG org.eclipse.jetty.util.component.AbstractLifeCycle - starting HttpConnectionFactory@69b18ba6[HTTP/1.1]
13:18:26.420 [Test worker] DEBUG org.eclipse.jetty.util.component.AbstractLifeCycle - STARTED @57979ms HttpConnectionFactory@69b18ba6[HTTP/1.1]
13:18:26.420 [Test worker] DEBUG org.eclipse.jetty.util.component.AbstractLifeCycle - starting SelectorManager@NetworkTrafficServerConnector@5df3dfa0{HTTP/1.1, (http/1.1)}{0.0.0.0:8080}
13:18:26.421 [Test worker] DEBUG org.eclipse.jetty.util.component.ContainerLifeCycle - EatWhatYouKill@5205918/SelectorProducer@1cd11adc/IDLE/p=false/QueuedThreadPool[qtp158982948]@979e324{STARTED,8<=8<=14,i=8,r=1,q=0}[ReservedThreadExecutor@2a8706d9{s=0/1,p=0}][pc=0,pic=0,pec=0,epc=0]@2020-09-25T13:18:26.4219468+02:00 added {SelectorProducer@1cd11adc,POJO}
13:18:26.421 [Test worker] DEBUG org.eclipse.jetty.util.component.ContainerLifeCycle - EatWhatYouKill@5205918/SelectorProducer@1cd11adc/IDLE/p=false/QueuedThreadPool[qtp158982948]@979e324{STARTED,8<=8<=14,i=8,r=1,q=0}[ReservedThreadExecutor@2a8706d9{s=0/1,p=0}][pc=0,pic=0,pec=0,epc=0]@2020-09-25T13:18:26.4219468+02:00 added {QueuedThreadPool[qtp158982948]@979e324{STARTED,8<=8<=14,i=8,r=1,q=0}[ReservedThreadExecutor@2a8706d9{s=0/1,p=0}],UNMANAGED}
13:18:26.421 [Test worker] DEBUG org.eclipse.jetty.util.thread.strategy.EatWhatYouKill - EatWhatYouKill@5205918/SelectorProducer@1cd11adc/IDLE/p=false/QueuedThreadPool[qtp158982948]@979e324{STARTED,8<=8<=14,i=8,r=1,q=0}[ReservedThreadExecutor@2a8706d9{s=0/1,p=0}][pc=0,pic=0,pec=0,epc=0]@2020-09-25T13:18:26.4219468+02:00 created
13:18:26.421 [Test worker] DEBUG org.eclipse.jetty.util.component.ContainerLifeCycle - ManagedSelector@4dee732e{STOPPED} id=0 keys=-1 selected=-1 updates=0 added {EatWhatYouKill@5205918/SelectorProducer@1cd11adc/IDLE/p=false/QueuedThreadPool[qtp158982948]@979e324{STARTED,8<=8<=14,i=8,r=1,q=0}[ReservedThreadExecutor@2a8706d9{s=0/1,p=0}][pc=0,pic=0,pec=0,epc=0]@2020-09-25T13:18:26.4219468+02:00,MANAGED}
13:18:26.422 [Test worker] DEBUG org.eclipse.jetty.util.component.ContainerLifeCycle - SelectorManager@NetworkTrafficServerConnector@5df3dfa0{HTTP/1.1, (http/1.1)}{0.0.0.0:8080} added {ManagedSelector@4dee732e{STOPPED} id=0 keys=-1 selected=-1 updates=0,AUTO}
13:18:26.422 [Test worker] DEBUG org.eclipse.jetty.util.component.ContainerLifeCycle - EatWhatYouKill@37b9fe6/SelectorProducer@414fe08/IDLE/p=false/QueuedThreadPool[qtp158982948]@979e324{STARTED,8<=8<=14,i=8,r=1,q=0}[ReservedThreadExecutor@2a8706d9{s=0/1,p=0}][pc=0,pic=0,pec=0,epc=0]@2020-09-25T13:18:26.4229432+02:00 added {SelectorProducer@414fe08,POJO}
13:18:26.422 [Test worker] DEBUG org.eclipse.jetty.util.component.ContainerLifeCycle - EatWhatYouKill@37b9fe6/SelectorProducer@414fe08/IDLE/p=false/QueuedThreadPool[qtp158982948]@979e324{STARTED,8<=8<=14,i=8,r=1,q=0}[ReservedThreadExecutor@2a8706d9{s=0/1,p=0}][pc=0,pic=0,pec=0,epc=0]@2020-09-25T13:18:26.4229432+02:00 added {QueuedThreadPool[qtp158982948]@979e324{STARTED,8<=8<=14,i=8,r=1,q=0}[ReservedThreadExecutor@2a8706d9{s=0/1,p=0}],UNMANAGED}
13:18:26.422 [Test worker] DEBUG org.eclipse.jetty.util.thread.strategy.EatWhatYouKill - EatWhatYouKill@37b9fe6/SelectorProducer@414fe08/IDLE/p=false/QueuedThreadPool[qtp158982948]@979e324{STARTED,8<=8<=14,i=8,r=1,q=0}[ReservedThreadExecutor@2a8706d9{s=0/1,p=0}][pc=0,pic=0,pec=0,epc=0]@2020-09-25T13:18:26.4229432+02:00 created
13:18:26.422 [Test worker] DEBUG org.eclipse.jetty.util.component.ContainerLifeCycle - ManagedSelector@100703ac{STOPPED} id=1 keys=-1 selected=-1 updates=0 added {EatWhatYouKill@37b9fe6/SelectorProducer@414fe08/IDLE/p=false/QueuedThreadPool[qtp158982948]@979e324{STARTED,8<=8<=14,i=8,r=1,q=0}[ReservedThreadExecutor@2a8706d9{s=0/1,p=0}][pc=0,pic=0,pec=0,epc=0]@2020-09-25T13:18:26.4229432+02:00,MANAGED}
13:18:26.423 [Test worker] DEBUG org.eclipse.jetty.util.component.ContainerLifeCycle - SelectorManager@NetworkTrafficServerConnector@5df3dfa0{HTTP/1.1, (http/1.1)}{0.0.0.0:8080} added {ManagedSelector@100703ac{STOPPED} id=1 keys=-1 selected=-1 updates=0,AUTO}
13:18:26.423 [Test worker] DEBUG org.eclipse.jetty.util.component.AbstractLifeCycle - starting ManagedSelector@4dee732e{STOPPED} id=0 keys=-1 selected=-1 updates=0
13:18:26.423 [Test worker] DEBUG org.eclipse.jetty.util.component.AbstractLifeCycle - starting EatWhatYouKill@5205918/SelectorProducer@1cd11adc/IDLE/p=false/QueuedThreadPool[qtp158982948]@979e324{STARTED,8<=8<=14,i=8,r=1,q=0}[ReservedThreadExecutor@2a8706d9{s=0/1,p=0}][pc=0,pic=0,pec=0,epc=0]@2020-09-25T13:18:26.4239422+02:00
13:18:26.423 [Test worker] DEBUG org.eclipse.jetty.util.component.AbstractLifeCycle - STARTED @57981ms EatWhatYouKill@5205918/SelectorProducer@1cd11adc/IDLE/p=false/QueuedThreadPool[qtp158982948]@979e324{STARTED,8<=8<=14,i=8,r=1,q=0}[ReservedThreadExecutor@2a8706d9{s=0/1,p=0}][pc=0,pic=0,pec=0,epc=0]@2020-09-25T13:18:26.4239422+02:00
13:18:26.424 [Test worker] DEBUG org.eclipse.jetty.util.thread.QueuedThreadPool - queue org.eclipse.jetty.io.ManagedSelector$$Lambda$425/0x00000001005fc040@2e4e7581 startThread=0
13:18:26.424 [Test worker] DEBUG org.eclipse.jetty.io.ManagedSelector - Queued change org.eclipse.jetty.io.ManagedSelector$Start@71955b01 on ManagedSelector@4dee732e{STARTING} id=0 keys=0 selected=0 updates=0
13:18:26.301 [qtp426008992-54] DEBUG org.eclipse.jetty.util.thread.QueuedThreadPool - Runner started for QueuedThreadPool[qtp426008992]@196461a0{STARTED,8<=9<=14,i=6,r=1,q=0}[ReservedThreadExecutor@126c668c{s=1/1,p=0}]
13:18:26.431 [qtp426008992-54] DEBUG org.eclipse.jetty.util.thread.QueuedThreadPool - Thread[qtp426008992-54,5,main] exited for QueuedThreadPool[qtp426008992]@196461a0{STOPPED,8<=0<=14,i=6,r=-1,q=0}[NO_TRY]
13:18:26.431 [qtp426008992-50] DEBUG org.eclipse.jetty.util.thread.ReservedThreadExecutor - ReservedThreadExecutor@126c668c{s=-1/1,p=0}@3ea7ed04 task=STOP!
13:18:26.431 [qtp426008992-50] DEBUG org.eclipse.jetty.util.thread.ReservedThreadExecutor - ReservedThreadExecutor@126c668c{s=-1/1,p=0}@3ea7ed04 Exited
13:18:26.431 [qtp426008992-50] DEBUG org.eclipse.jetty.util.thread.QueuedThreadPool - ran ReservedThreadExecutor@126c668c{s=-1/1,p=0}@3ea7ed04 in QueuedThreadPool[qtp426008992]@196461a0{STOPPED,8<=0<=14,i=6,r=-1,q=0}[NO_TRY]
13:18:26.431 [qtp426008992-50] DEBUG org.eclipse.jetty.util.thread.QueuedThreadPool - Thread[qtp426008992-50,5,main] exited for QueuedThreadPool[qtp426008992]@196461a0{STOPPED,8<=0<=14,i=6,r=-1,q=0}[NO_TRY]
13:18:26.494 [qtp426008992-47] DEBUG org.eclipse.jetty.util.thread.QueuedThreadPool - ran qtp426008992-47-acceptor-0@1ab8fc36-NetworkTrafficServerConnector@7933a262{HTTP/1.1, (http/1.1)}{0.0.0.0:8080} in QueuedThreadPool[qtp426008992]@196461a0{STOPPED,8<=0<=14,i=6,r=-1,q=0}[NO_TRY]
13:18:26.494 [qtp426008992-47] DEBUG org.eclipse.jetty.util.thread.QueuedThreadPool - Thread[qtp426008992-47,5,main] exited for QueuedThreadPool[qtp426008992]@196461a0{STOPPED,8<=0<=14,i=6,r=-1,q=0}[NO_TRY]
13:18:26.544 [qtp426008992-49] DEBUG org.eclipse.jetty.util.thread.QueuedThreadPool - ran qtp426008992-49-acceptor-2@7569f72-NetworkTrafficServerConnector@7933a262{HTTP/1.1, (http/1.1)}{0.0.0.0:8080} in QueuedThreadPool[qtp426008992]@196461a0{STOPPED,8<=0<=14,i=6,r=-1,q=0}[NO_TRY]
13:18:26.544 [qtp426008992-49] DEBUG org.eclipse.jetty.util.thread.QueuedThreadPool - Thread[qtp426008992-49,5,main] exited for QueuedThreadPool[qtp426008992]@196461a0{STOPPED,8<=0<=14,i=6,r=-1,q=0}[NO_TRY]
13:18:26.681 [qtp158982948-55] DEBUG org.eclipse.jetty.util.thread.QueuedThreadPool - Runner started for QueuedThreadPool[qtp158982948]@979e324{STARTED,8<=8<=14,i=7,r=1,q=0}[ReservedThreadExecutor@2a8706d9{s=0/1,p=0}]
13:18:26.681 [qtp158982948-55] DEBUG org.eclipse.jetty.util.thread.QueuedThreadPool - run org.eclipse.jetty.io.ManagedSelector$$Lambda$425/0x00000001005fc040@2e4e7581 in QueuedThreadPool[qtp158982948]@979e324{STARTED,8<=8<=14,i=7,r=1,q=0}[ReservedThreadExecutor@2a8706d9{s=0/1,p=0}]
13:18:26.681 [qtp158982948-55] DEBUG org.eclipse.jetty.util.thread.strategy.EatWhatYouKill - EatWhatYouKill@5205918/SelectorProducer@1cd11adc/IDLE/p=false/QueuedThreadPool[qtp158982948]@979e324{STARTED,8<=8<=14,i=7,r=1,q=0}[ReservedThreadExecutor@2a8706d9{s=0/1,p=0}][pc=0,pic=0,pec=0,epc=0]@2020-09-25T13:18:26.6814555+02:00 tryProduce false
13:18:26.682 [qtp158982948-55] DEBUG org.eclipse.jetty.io.ManagedSelector - updateable 1
13:18:26.682 [qtp158982948-55] DEBUG org.eclipse.jetty.io.ManagedSelector - update org.eclipse.jetty.io.ManagedSelector$Start@71955b01
13:18:26.682 [Test worker] DEBUG org.eclipse.jetty.util.component.AbstractLifeCycle - STARTED @58240ms ManagedSelector@4dee732e{STARTED} id=0 keys=0 selected=0 updates=0
13:18:26.682 [Test worker] DEBUG org.eclipse.jetty.util.component.AbstractLifeCycle - starting ManagedSelector@100703ac{STOPPED} id=1 keys=-1 selected=-1 updates=0
13:18:26.682 [Test worker] DEBUG org.eclipse.jetty.util.component.AbstractLifeCycle - starting EatWhatYouKill@37b9fe6/SelectorProducer@414fe08/IDLE/p=false/QueuedThreadPool[qtp158982948]@979e324{STARTED,8<=8<=14,i=7,r=1,q=0}[ReservedThreadExecutor@2a8706d9{s=0/1,p=0}][pc=0,pic=0,pec=0,epc=0]@2020-09-25T13:18:26.6824393+02:00
13:18:26.682 [Test worker] DEBUG org.eclipse.jetty.util.component.AbstractLifeCycle - STARTED @58241ms EatWhatYouKill@37b9fe6/SelectorProducer@414fe08/IDLE/p=false/QueuedThreadPool[qtp158982948]@979e324{STARTED,8<=8<=14,i=7,r=1,q=0}[ReservedThreadExecutor@2a8706d9{s=0/1,p=0}][pc=0,pic=0,pec=0,epc=0]@2020-09-25T13:18:26.6824393+02:00
13:18:26.684 [Test worker] DEBUG org.eclipse.jetty.util.thread.QueuedThreadPool - queue org.eclipse.jetty.io.ManagedSelector$$Lambda$425/0x00000001005fc040@52d20f85 startThread=0
13:18:26.684 [Test worker] DEBUG org.eclipse.jetty.io.ManagedSelector - Queued change org.eclipse.jetty.io.ManagedSelector$Start@7ae06c10 on ManagedSelector@100703ac{STARTING} id=1 keys=0 selected=0 updates=0
13:18:26.684 [qtp158982948-55] DEBUG org.eclipse.jetty.io.ManagedSelector - updates 0
13:18:26.684 [qtp158982948-55] DEBUG org.eclipse.jetty.io.ManagedSelector - Selector sun.nio.ch.WindowsSelectorImpl@5c864108 waiting with 0 keys
13:18:26.719 [qtp158982948-56] DEBUG org.eclipse.jetty.util.thread.QueuedThreadPool - Runner started for QueuedThreadPool[qtp158982948]@979e324{STARTED,8<=8<=14,i=6,r=1,q=0}[ReservedThreadExecutor@2a8706d9{s=0/1,p=0}]
13:18:26.720 [qtp158982948-56] DEBUG org.eclipse.jetty.util.thread.QueuedThreadPool - run org.eclipse.jetty.io.ManagedSelector$$Lambda$425/0x00000001005fc040@52d20f85 in QueuedThreadPool[qtp158982948]@979e324{STARTED,8<=8<=14,i=6,r=1,q=0}[ReservedThreadExecutor@2a8706d9{s=0/1,p=0}]
13:18:26.720 [qtp158982948-56] DEBUG org.eclipse.jetty.util.thread.strategy.EatWhatYouKill - EatWhatYouKill@37b9fe6/SelectorProducer@414fe08/IDLE/p=false/QueuedThreadPool[qtp158982948]@979e324{STARTED,8<=8<=14,i=6,r=1,q=0}[ReservedThreadExecutor@2a8706d9{s=0/1,p=0}][pc=0,pic=0,pec=0,epc=0]@2020-09-25T13:18:26.720431+02:00 tryProduce false
13:18:26.720 [qtp158982948-56] DEBUG org.eclipse.jetty.io.ManagedSelector - updateable 1
13:18:26.721 [qtp158982948-56] DEBUG org.eclipse.jetty.io.ManagedSelector - update org.eclipse.jetty.io.ManagedSelector$Start@7ae06c10
13:18:26.721 [Test worker] DEBUG org.eclipse.jetty.util.component.AbstractLifeCycle - STARTED @58279ms ManagedSelector@100703ac{STARTED} id=1 keys=0 selected=0 updates=0
13:18:26.721 [Test worker] DEBUG org.eclipse.jetty.util.component.AbstractLifeCycle - STARTED @58279ms SelectorManager@NetworkTrafficServerConnector@5df3dfa0{HTTP/1.1, (http/1.1)}{0.0.0.0:8080}
13:18:26.721 [Test worker] DEBUG org.eclipse.jetty.util.component.ContainerLifeCycle - NetworkTrafficServerConnector@5df3dfa0{HTTP/1.1, (http/1.1)}{0.0.0.0:8080} added {acceptor-0@275fecb0,POJO}
13:18:26.721 [Test worker] DEBUG org.eclipse.jetty.util.thread.QueuedThreadPool - queue acceptor-0@275fecb0 startThread=0
13:18:26.721 [Test worker] DEBUG org.eclipse.jetty.util.component.ContainerLifeCycle - NetworkTrafficServerConnector@5df3dfa0{HTTP/1.1, (http/1.1)}{0.0.0.0:8080} added {acceptor-1@7cc9e609,POJO}
13:18:26.721 [Test worker] DEBUG org.eclipse.jetty.util.thread.QueuedThreadPool - queue acceptor-1@7cc9e609 startThread=0
13:18:26.721 [Test worker] DEBUG org.eclipse.jetty.util.component.ContainerLifeCycle - NetworkTrafficServerConnector@5df3dfa0{HTTP/1.1, (http/1.1)}{0.0.0.0:8080} added {acceptor-2@3e256032,POJO}
13:18:26.721 [Test worker] DEBUG org.eclipse.jetty.util.thread.QueuedThreadPool - queue acceptor-2@3e256032 startThread=0
13:18:26.721 [Test worker] INFO org.eclipse.jetty.server.AbstractConnector - Started NetworkTrafficServerConnector@5df3dfa0{HTTP/1.1, (http/1.1)}{0.0.0.0:8080}
13:18:26.721 [Test worker] DEBUG org.eclipse.jetty.util.component.AbstractLifeCycle - STARTED @58279ms NetworkTrafficServerConnector@5df3dfa0{HTTP/1.1, (http/1.1)}{0.0.0.0:8080}
13:18:26.721 [Test worker] INFO org.eclipse.jetty.server.Server - Started @58279ms
13:18:26.721 [Test worker] DEBUG org.eclipse.jetty.util.component.AbstractLifeCycle - STARTED @58279ms Server@1551d457{STARTED}[9.4.28.v20200408]
13:18:26.721 [qtp158982948-56] DEBUG org.eclipse.jetty.io.ManagedSelector - updates 0
13:18:26.722 [qtp158982948-56] DEBUG org.eclipse.jetty.io.ManagedSelector - Selector sun.nio.ch.WindowsSelectorImpl@758e16ff waiting with 0 keys
13:18:26.724 [Test worker] DEBUG org.apache.http.impl.conn.PoolingHttpClientConnectionManager - Connection request: [route: {}->http://localhost:8080][total available: 1; route allocated: 1 of 5; total allocated: 1 of 50]
13:18:26.724 [Test worker] DEBUG org.apache.http.wire - http-outgoing-1 << "end of stream"
13:18:26.724 [Test worker] DEBUG org.apache.http.impl.conn.DefaultManagedHttpClientConnection - http-outgoing-1: Close connection
13:18:26.724 [Test worker] DEBUG org.apache.http.impl.conn.PoolingHttpClientConnectionManager - Connection leased: [id: 2][route: {}->http://localhost:8080][total available: 0; route allocated: 1 of 5; total allocated: 1 of 50]
13:18:26.724 [Test worker] DEBUG org.apache.http.impl.execchain.MainClientExec - Opening connection {}->http://localhost:8080
13:18:26.725 [Test worker] DEBUG org.apache.http.impl.conn.DefaultHttpClientConnectionOperator - Connecting to localhost/127.0.0.1:8080
13:18:26.725 [Test worker] DEBUG org.apache.http.impl.conn.DefaultHttpClientConnectionOperator - Connection established 127.0.0.1:64988<->127.0.0.1:8080
13:18:26.725 [Test worker] DEBUG org.apache.http.impl.execchain.MainClientExec - Executing request POST /__admin/mappings HTTP/1.1
13:18:26.725 [Test worker] DEBUG org.apache.http.impl.execchain.MainClientExec - Target auth state: UNCHALLENGED
13:18:26.726 [Test worker] DEBUG org.apache.http.impl.execchain.MainClientExec - Proxy auth state: UNCHALLENGED
13:18:26.728 [Test worker] DEBUG org.apache.http.headers - http-outgoing-2 >> POST /__admin/mappings HTTP/1.1
13:18:26.728 [Test worker] DEBUG org.apache.http.headers - http-outgoing-2 >> Content-Length: 328
13:18:26.728 [Test worker] DEBUG org.apache.http.headers - http-outgoing-2 >> Content-Type: text/plain; charset=UTF-8
13:18:26.728 [Test worker] DEBUG org.apache.http.headers - http-outgoing-2 >> Host: localhost:8080
13:18:26.728 [Test worker] DEBUG org.apache.http.headers - http-outgoing-2 >> Connection: Keep-Alive
13:18:26.728 [Test worker] DEBUG org.apache.http.headers - http-outgoing-2 >> User-Agent: Apache-HttpClient/4.5.12 (Java/11.0.2)
13:18:26.728 [Test worker] DEBUG org.apache.http.wire - http-outgoing-2 >> "POST /__admin/mappings HTTP/1.1[\r][\n]"
13:18:26.728 [Test worker] DEBUG org.apache.http.wire - http-outgoing-2 >> "Content-Length: 328[\r][\n]"
13:18:26.728 [Test worker] DEBUG org.apache.http.wire - http-outgoing-2 >> "Content-Type: text/plain; charset=UTF-8[\r][\n]"
13:18:26.728 [Test worker] DEBUG org.apache.http.wire - http-outgoing-2 >> "Host: localhost:8080[\r][\n]"
13:18:26.728 [Test worker] DEBUG org.apache.http.wire - http-outgoing-2 >> "Connection: Keep-Alive[\r][\n]"
13:18:26.728 [Test worker] DEBUG org.apache.http.wire - http-outgoing-2 >> "User-Agent: Apache-HttpClient/4.5.12 (Java/11.0.2)[\r][\n]"
13:18:26.729 [Test worker] DEBUG org.apache.http.wire - http-outgoing-2 >> "[\r][\n]"
13:18:26.729 [Test worker] DEBUG org.apache.http.wire - http-outgoing-2 >> "{[\r][\n]"
13:18:26.729 [Test worker] DEBUG org.apache.http.wire - http-outgoing-2 >> "  "id" : "0378ff59-a2ae-4df7-af72-fe9c5fe5c5de",[\r][\n]"
13:18:26.729 [Test worker] DEBUG org.apache.http.wire - http-outgoing-2 >> "  "request" : {[\r][\n]"
13:18:26.729 [Test worker] DEBUG org.apache.http.wire - http-outgoing-2 >> "    "url" : "/api/v0/components/provision-adapters/awx",[\r][\n]"
13:18:26.729 [Test worker] DEBUG org.apache.http.wire - http-outgoing-2 >> "    "method" : "GET"[\r][\n]"
13:18:26.729 [Test worker] DEBUG org.apache.http.wire - http-outgoing-2 >> "  },[\r][\n]"
13:18:26.729 [Test worker] DEBUG org.apache.http.wire - http-outgoing-2 >> "  "response" : {[\r][\n]"
13:18:26.729 [Test worker] DEBUG org.apache.http.wire - http-outgoing-2 >> "    "status" : 401[\r][\n]"
13:18:26.729 [Test worker] DEBUG org.apache.http.wire - http-outgoing-2 >> "  },[\r][\n]"
13:18:26.729 [Test worker] DEBUG org.apache.http.wire - http-outgoing-2 >> "  "uuid" : "0378ff59-a2ae-4df7-af72-fe9c5fe5c5de",[\r][\n]"
13:18:26.729 [Test worker] DEBUG org.apache.http.wire - http-outgoing-2 >> "  "scenarioName" : "unAuthorized",[\r][\n]"
13:18:26.729 [Test worker] DEBUG org.apache.http.wire - http-outgoing-2 >> "  "requiredScenarioState" : "Started"[\r][\n]"
13:18:26.729 [Test worker] DEBUG org.apache.http.wire - http-outgoing-2 >> "}"
13:18:26.745 [qtp158982948-57] DEBUG org.eclipse.jetty.util.thread.QueuedThreadPool - Runner started for QueuedThreadPool[qtp158982948]@979e324{STARTED,8<=8<=14,i=3,r=1,q=0}[ReservedThreadExecutor@2a8706d9{s=0/1,p=0}]
13:18:26.745 [qtp158982948-57] DEBUG org.eclipse.jetty.util.thread.QueuedThreadPool - run acceptor-0@275fecb0 in QueuedThreadPool[qtp158982948]@979e324{STARTED,8<=8<=14,i=3,r=1,q=0}[ReservedThreadExecutor@2a8706d9{s=0/1,p=0}]
13:18:26.746 [qtp158982948-57-acceptor-0@275fecb0-NetworkTrafficServerConnector@5df3dfa0{HTTP/1.1, (http/1.1)}{0.0.0.0:8080}] DEBUG org.eclipse.jetty.io.ManagedSelector - Queued change org.eclipse.jetty.io.ManagedSelector$Accept@9d7bb6 on ManagedSelector@100703ac{STARTED} id=1 keys=0 selected=0 updates=0
13:18:26.746 [qtp158982948-57-acceptor-0@275fecb0-NetworkTrafficServerConnector@5df3dfa0{HTTP/1.1, (http/1.1)}{0.0.0.0:8080}] DEBUG org.eclipse.jetty.io.ManagedSelector - Wakeup on submit ManagedSelector@100703ac{STARTED} id=1 keys=0 selected=0 updates=1
13:18:26.747 [qtp158982948-56] DEBUG org.eclipse.jetty.io.ManagedSelector - Selector sun.nio.ch.WindowsSelectorImpl@758e16ff woken with none selected
13:18:26.747 [qtp158982948-56] DEBUG org.eclipse.jetty.io.ManagedSelector - Selector sun.nio.ch.WindowsSelectorImpl@758e16ff woken up from select, 0/0/0 selected
13:18:26.747 [qtp158982948-56] DEBUG org.eclipse.jetty.io.ManagedSelector - Selector sun.nio.ch.WindowsSelectorImpl@758e16ff processing 0 keys, 1 updates
13:18:26.747 [qtp158982948-56] DEBUG org.eclipse.jetty.io.ManagedSelector - updateable 1
13:18:26.747 [qtp158982948-56] DEBUG org.eclipse.jetty.io.ManagedSelector - update org.eclipse.jetty.io.ManagedSelector$Accept@9d7bb6
13:18:26.747 [qtp158982948-56] DEBUG org.eclipse.jetty.util.thread.QueuedThreadPool - queue org.eclipse.jetty.io.ManagedSelector$Accept@9d7bb6 startThread=0
13:18:26.747 [qtp158982948-56] DEBUG org.eclipse.jetty.io.ManagedSelector - updates 0
13:18:26.747 [qtp158982948-56] DEBUG org.eclipse.jetty.io.ManagedSelector - Selector sun.nio.ch.WindowsSelectorImpl@758e16ff waiting with 1 keys
13:18:26.748 [qtp158982948-58] DEBUG org.eclipse.jetty.util.thread.QueuedThreadPool - Runner started for QueuedThreadPool[qtp158982948]@979e324{STARTED,8<=8<=14,i=2,r=1,q=0}[ReservedThreadExecutor@2a8706d9{s=0/1,p=0}]
13:18:26.748 [qtp158982948-58] DEBUG org.eclipse.jetty.util.thread.QueuedThreadPool - run acceptor-1@7cc9e609 in QueuedThreadPool[qtp158982948]@979e324{STARTED,8<=8<=14,i=2,r=1,q=0}[ReservedThreadExecutor@2a8706d9{s=0/1,p=0}]
13:18:26.748 [qtp158982948-59] DEBUG org.eclipse.jetty.util.thread.QueuedThreadPool - Runner started for QueuedThreadPool[qtp158982948]@979e324{STARTED,8<=8<=14,i=2,r=1,q=0}[ReservedThreadExecutor@2a8706d9{s=0/1,p=0}]
13:18:26.748 [qtp158982948-59] DEBUG org.eclipse.jetty.util.thread.QueuedThreadPool - run acceptor-2@3e256032 in QueuedThreadPool[qtp158982948]@979e324{STARTED,8<=8<=14,i=2,r=1,q=0}[ReservedThreadExecutor@2a8706d9{s=0/1,p=0}]
13:18:26.785 [qtp158982948-60] DEBUG org.eclipse.jetty.util.thread.QueuedThreadPool - Runner started for QueuedThreadPool[qtp158982948]@979e324{STARTED,8<=8<=14,i=2,r=1,q=0}[ReservedThreadExecutor@2a8706d9{s=0/1,p=0}]
13:18:26.785 [qtp158982948-60] DEBUG org.eclipse.jetty.util.thread.QueuedThreadPool - run org.eclipse.jetty.io.ManagedSelector$Accept@9d7bb6 in QueuedThreadPool[qtp158982948]@979e324{STARTED,8<=8<=14,i=2,r=1,q=0}[ReservedThreadExecutor@2a8706d9{s=0/1,p=0}]
13:18:26.785 [qtp158982948-60] DEBUG org.eclipse.jetty.io.IdleTimeout - NetworkTrafficSocketChannelEndPoint@2bc028f3{/127.0.0.1:64988<->/127.0.0.1:8080,OPEN,fill=-,flush=-,to=0/30000}{io=0/0,kio=0,kro=0}-><null> idle timeout check, elapsed: 0 ms, remaining: 30000 ms
13:18:26.786 [qtp158982948-60] DEBUG org.eclipse.jetty.server.HttpChannel - new HttpChannelOverHttp@21384383{s=HttpChannelState@643ad9c0{s=IDLE rs=BLOCKING os=OPEN is=IDLE awp=false se=false i=true al=0},r=0,c=false/false,a=IDLE,uri=null,age=0} -> NetworkTrafficSocketChannelEndPoint@2bc028f3{/127.0.0.1:64988<->/127.0.0.1:8080,OPEN,fill=-,flush=-,to=0/30000}{io=0/0,kio=0,kro=0}-><null>,null,HttpChannelState@643ad9c0{s=IDLE rs=BLOCKING os=OPEN is=IDLE awp=false se=false i=true al=0}
13:18:26.786 [qtp158982948-60] DEBUG org.eclipse.jetty.server.HttpConnection - New HTTP Connection HttpConnection@4e97f204::NetworkTrafficSocketChannelEndPoint@2bc028f3{/127.0.0.1:64988<->/127.0.0.1:8080,OPEN,fill=-,flush=-,to=0/30000}{io=0/0,kio=0,kro=0}-><null>
13:18:26.786 [qtp158982948-60] DEBUG org.eclipse.jetty.io.AbstractEndPoint - onOpen NetworkTrafficSocketChannelEndPoint@2bc028f3{/127.0.0.1:64988<->/127.0.0.1:8080,OPEN,fill=-,flush=-,to=1/30000}{io=0/0,kio=0,kro=0}->HttpConnection@4e97f204[p=HttpParser{s=START,0 of -1},g=HttpGenerator@55947826{s=START}]=>HttpChannelOverHttp@21384383{s=HttpChannelState@643ad9c0{s=IDLE rs=BLOCKING os=OPEN is=IDLE awp=false se=false i=true al=0},r=0,c=false/false,a=IDLE,uri=null,age=0}
13:18:26.787 [qtp158982948-60] DEBUG org.eclipse.jetty.io.AbstractConnection - onOpen HttpConnection@4e97f204::NetworkTrafficSocketChannelEndPoint@2bc028f3{/127.0.0.1:64988<->/127.0.0.1:8080,OPEN,fill=-,flush=-,to=1/30000}{io=0/0,kio=0,kro=0}->HttpConnection@4e97f204[p=HttpParser{s=START,0 of -1},g=HttpGenerator@55947826{s=START}]=>HttpChannelOverHttp@21384383{s=HttpChannelState@643ad9c0{s=IDLE rs=BLOCKING os=OPEN is=IDLE awp=false se=false i=true al=0},r=0,c=false/false,a=IDLE,uri=null,age=0}
13:18:26.787 [qtp158982948-60] DEBUG org.eclipse.jetty.io.AbstractConnection - fillInterested HttpConnection@4e97f204::NetworkTrafficSocketChannelEndPoint@2bc028f3{/127.0.0.1:64988<->/127.0.0.1:8080,OPEN,fill=-,flush=-,to=1/30000}{io=0/0,kio=0,kro=0}->HttpConnection@4e97f204[p=HttpParser{s=START,0 of -1},g=HttpGenerator@55947826{s=START}]=>HttpChannelOverHttp@21384383{s=HttpChannelState@643ad9c0{s=IDLE rs=BLOCKING os=OPEN is=IDLE awp=false se=false i=true al=0},r=0,c=false/false,a=IDLE,uri=null,age=0}
13:18:26.787 [qtp158982948-60] DEBUG org.eclipse.jetty.io.FillInterest - interested FillInterest@36d30d4c{AC.ReadCB@4e97f204{HttpConnection@4e97f204::NetworkTrafficSocketChannelEndPoint@2bc028f3{/127.0.0.1:64988<->/127.0.0.1:8080,OPEN,fill=FI,flush=-,to=0/30000}{io=0/0,kio=0,kro=0}->HttpConnection@4e97f204[p=HttpParser{s=START,0 of -1},g=HttpGenerator@55947826{s=START}]=>HttpChannelOverHttp@21384383{s=HttpChannelState@643ad9c0{s=IDLE rs=BLOCKING os=OPEN is=IDLE awp=false se=false i=true al=0},r=0,c=false/false,a=IDLE,uri=null,age=0}}}
13:18:26.787 [qtp158982948-60] DEBUG org.eclipse.jetty.io.ChannelEndPoint - changeInterests p=false 0->1 for NetworkTrafficSocketChannelEndPoint@2bc028f3{/127.0.0.1:64988<->/127.0.0.1:8080,OPEN,fill=FI,flush=-,to=0/30000}{io=0/1,kio=0,kro=0}->HttpConnection@4e97f204[p=HttpParser{s=START,0 of -1},g=HttpGenerator@55947826{s=START}]=>HttpChannelOverHttp@21384383{s=HttpChannelState@643ad9c0{s=IDLE rs=BLOCKING os=OPEN is=IDLE awp=false se=false i=true al=0},r=0,c=false/false,a=IDLE,uri=null,age=0}
13:18:26.788 [qtp158982948-60] DEBUG org.eclipse.jetty.io.ManagedSelector - Queued change org.eclipse.jetty.io.ChannelEndPoint$1@415268f on ManagedSelector@100703ac{STARTED} id=1 keys=1 selected=0 updates=0
13:18:26.788 [qtp158982948-60] DEBUG org.eclipse.jetty.io.ManagedSelector - Wakeup on submit ManagedSelector@100703ac{STARTED} id=1 keys=1 selected=0 updates=1
13:18:26.788 [qtp158982948-56] DEBUG org.eclipse.jetty.io.ManagedSelector - Selector sun.nio.ch.WindowsSelectorImpl@758e16ff woken with none selected
13:18:26.788 [qtp158982948-56] DEBUG org.eclipse.jetty.io.ManagedSelector - Selector sun.nio.ch.WindowsSelectorImpl@758e16ff woken up from select, 0/0/1 selected
13:18:26.788 [qtp158982948-56] DEBUG org.eclipse.jetty.io.ManagedSelector - Selector sun.nio.ch.WindowsSelectorImpl@758e16ff processing 0 keys, 1 updates
13:18:26.788 [qtp158982948-56] DEBUG org.eclipse.jetty.io.ManagedSelector - updateable 1
13:18:26.788 [qtp158982948-56] DEBUG org.eclipse.jetty.io.ManagedSelector - update org.eclipse.jetty.io.ChannelEndPoint$1@415268f
13:18:26.788 [qtp158982948-60] DEBUG org.eclipse.jetty.io.ManagedSelector - Created NetworkTrafficSocketChannelEndPoint@2bc028f3{/127.0.0.1:64988<->/127.0.0.1:8080,OPEN,fill=FI,flush=-,to=0/30000}{io=0/1,kio=0,kro=0}->HttpConnection@4e97f204[p=HttpParser{s=START,0 of -1},g=HttpGenerator@55947826{s=START}]=>HttpChannelOverHttp@21384383{s=HttpChannelState@643ad9c0{s=IDLE rs=BLOCKING os=OPEN is=IDLE awp=false se=false i=true al=0},r=0,c=false/false,a=IDLE,uri=null,age=0}
13:18:26.788 [qtp158982948-56] DEBUG org.eclipse.jetty.io.ChannelEndPoint - Key interests updated 0 -> 1 on NetworkTrafficSocketChannelEndPoint@2bc028f3{/127.0.0.1:64988<->/127.0.0.1:8080,OPEN,fill=FI,flush=-,to=1/30000}{io=1/1,kio=1,kro=0}->HttpConnection@4e97f204[p=HttpParser{s=START,0 of -1},g=HttpGenerator@55947826{s=START}]=>HttpChannelOverHttp@21384383{s=HttpChannelState@643ad9c0{s=IDLE rs=BLOCKING os=OPEN is=IDLE awp=false se=false i=true al=0},r=0,c=false/false,a=IDLE,uri=null,age=0}
13:18:26.788 [qtp158982948-56] DEBUG org.eclipse.jetty.io.ManagedSelector - updates 0
13:18:26.788 [qtp158982948-56] DEBUG org.eclipse.jetty.io.ManagedSelector - Selector sun.nio.ch.WindowsSelectorImpl@758e16ff waiting with 1 keys
13:18:26.788 [qtp158982948-56] DEBUG org.eclipse.jetty.io.ManagedSelector - Selector sun.nio.ch.WindowsSelectorImpl@758e16ff woken up from select, 1/1/1 selected
13:18:26.788 [qtp158982948-60] DEBUG org.eclipse.jetty.util.thread.QueuedThreadPool - ran org.eclipse.jetty.io.ManagedSelector$Accept@9d7bb6 in QueuedThreadPool[qtp158982948]@979e324{STARTED,8<=8<=14,i=2,r=1,q=0}[ReservedThreadExecutor@2a8706d9{s=0/1,p=0}]
13:18:26.788 [qtp158982948-56] DEBUG org.eclipse.jetty.io.ManagedSelector - Selector sun.nio.ch.WindowsSelectorImpl@758e16ff processing 1 keys, 0 updates
13:18:26.788 [qtp158982948-56] DEBUG org.eclipse.jetty.io.ManagedSelector - selected 1 channel=java.nio.channels.SocketChannel[connected local=/127.0.0.1:8080 remote=/127.0.0.1:64988], selector=sun.nio.ch.WindowsSelectorImpl@758e16ff, interestOps=1, readyOps=1 NetworkTrafficSocketChannelEndPoint@2bc028f3{/127.0.0.1:64988<->/127.0.0.1:8080,OPEN,fill=FI,flush=-,to=1/30000}{io=1/1,kio=1,kro=1}->HttpConnection@4e97f204[p=HttpParser{s=START,0 of -1},g=HttpGenerator@55947826{s=START}]=>HttpChannelOverHttp@21384383{s=HttpChannelState@643ad9c0{s=IDLE rs=BLOCKING os=OPEN is=IDLE awp=false se=false i=true al=0},r=0,c=false/false,a=IDLE,uri=null,age=0} 
13:18:26.789 [qtp158982948-56] DEBUG org.eclipse.jetty.io.ChannelEndPoint - onSelected 1->0 r=true w=false for NetworkTrafficSocketChannelEndPoint@2bc028f3{/127.0.0.1:64988<->/127.0.0.1:8080,OPEN,fill=FI,flush=-,to=1/30000}{io=1/0,kio=1,kro=1}->HttpConnection@4e97f204[p=HttpParser{s=START,0 of -1},g=HttpGenerator@55947826{s=START}]=>HttpChannelOverHttp@21384383{s=HttpChannelState@643ad9c0{s=IDLE rs=BLOCKING os=OPEN is=IDLE awp=false se=false i=true al=0},r=0,c=false/false,a=IDLE,uri=null,age=0}
13:18:26.789 [qtp158982948-56] DEBUG org.eclipse.jetty.io.ChannelEndPoint - task CEP:NetworkTrafficSocketChannelEndPoint@2bc028f3{/127.0.0.1:64988<->/127.0.0.1:8080,OPEN,fill=FI,flush=-,to=1/30000}{io=1/0,kio=1,kro=1}->HttpConnection@4e97f204[p=HttpParser{s=START,0 of -1},g=HttpGenerator@55947826{s=START}]=>HttpChannelOverHttp@21384383{s=HttpChannelState@643ad9c0{s=IDLE rs=BLOCKING os=OPEN is=IDLE awp=false se=false i=true al=0},r=0,c=false/false,a=IDLE,uri=null,age=0}:runFillable:BLOCKING
13:18:26.789 [qtp158982948-56] DEBUG org.eclipse.jetty.util.thread.ReservedThreadExecutor - ReservedThreadExecutor@2a8706d9{s=0/1,p=0} tryExecute EatWhatYouKill@37b9fe6/SelectorProducer@414fe08/PRODUCING/p=false/QueuedThreadPool[qtp158982948]@979e324{STARTED,8<=8<=14,i=3,r=1,q=0}[ReservedThreadExecutor@2a8706d9{s=0/1,p=0}][pc=0,pic=0,pec=0,epc=0]@2020-09-25T13:18:26.7894291+02:00
13:18:26.789 [qtp158982948-56] DEBUG org.eclipse.jetty.util.thread.ReservedThreadExecutor - ReservedThreadExecutor@2a8706d9{s=0/1,p=1} startReservedThread p=1
13:18:26.789 [qtp158982948-56] DEBUG org.eclipse.jetty.util.thread.QueuedThreadPool - queue ReservedThreadExecutor@2a8706d9{s=0/1,p=1}@7f767d8f startThread=0
13:18:26.789 [qtp158982948-60] DEBUG org.eclipse.jetty.util.thread.QueuedThreadPool - run ReservedThreadExecutor@2a8706d9{s=0/1,p=1}@7f767d8f in QueuedThreadPool[qtp158982948]@979e324{STARTED,8<=8<=14,i=2,r=1,q=0}[ReservedThreadExecutor@2a8706d9{s=0/1,p=1}]
13:18:26.789 [qtp158982948-60] DEBUG org.eclipse.jetty.util.thread.ReservedThreadExecutor - ReservedThreadExecutor@2a8706d9{s=1/1,p=1}@7f767d8f started
13:18:26.789 [qtp158982948-60] DEBUG org.eclipse.jetty.util.thread.ReservedThreadExecutor - ReservedThreadExecutor@2a8706d9{s=1/1,p=0}@7f767d8f waiting
13:18:26.790 [qtp158982948-56] DEBUG org.eclipse.jetty.util.thread.strategy.EatWhatYouKill - EatWhatYouKill@37b9fe6/SelectorProducer@414fe08/PRODUCING/p=false/QueuedThreadPool[qtp158982948]@979e324{STARTED,8<=8<=14,i=2,r=1,q=0}[ReservedThreadExecutor@2a8706d9{s=0/1,p=1}][pc=0,pic=0,pec=0,epc=0]@2020-09-25T13:18:26.7894291+02:00 m=PRODUCE_EXECUTE_CONSUME t=CEP:NetworkTrafficSocketChannelEndPoint@2bc028f3{/127.0.0.1:64988<->/127.0.0.1:8080,OPEN,fill=FI,flush=-,to=2/30000}{io=1/0,kio=1,kro=1}->HttpConnection@4e97f204[p=HttpParser{s=START,0 of -1},g=HttpGenerator@55947826{s=START}]=>HttpChannelOverHttp@21384383{s=HttpChannelState@643ad9c0{s=IDLE rs=BLOCKING os=OPEN is=IDLE awp=false se=false i=true al=0},r=0,c=false/false,a=IDLE,uri=null,age=0}:runFillable:BLOCKING/BLOCKING
13:18:26.790 [qtp158982948-56] DEBUG org.eclipse.jetty.util.thread.QueuedThreadPool - queue CEP:NetworkTrafficSocketChannelEndPoint@2bc028f3{/127.0.0.1:64988<->/127.0.0.1:8080,OPEN,fill=FI,flush=-,to=2/30000}{io=1/0,kio=1,kro=1}->HttpConnection@4e97f204[p=HttpParser{s=START,0 of -1},g=HttpGenerator@55947826{s=START}]=>HttpChannelOverHttp@21384383{s=HttpChannelState@643ad9c0{s=IDLE rs=BLOCKING os=OPEN is=IDLE awp=false se=false i=true al=0},r=0,c=false/false,a=IDLE,uri=null,age=0}:runFillable:BLOCKING startThread=0
13:18:26.790 [qtp158982948-56] DEBUG org.eclipse.jetty.io.ManagedSelector - updateable 0
13:18:26.790 [qtp158982948-56] DEBUG org.eclipse.jetty.io.ManagedSelector - updates 0
13:18:26.790 [qtp158982948-56] DEBUG org.eclipse.jetty.io.ChannelEndPoint - Key interests updated 1 -> 0 on NetworkTrafficSocketChannelEndPoint@2bc028f3{/127.0.0.1:64988<->/127.0.0.1:8080,OPEN,fill=FI,flush=-,to=2/30000}{io=0/0,kio=0,kro=1}->HttpConnection@4e97f204[p=HttpParser{s=START,0 of -1},g=HttpGenerator@55947826{s=START}]=>HttpChannelOverHttp@21384383{s=HttpChannelState@643ad9c0{s=IDLE rs=BLOCKING os=OPEN is=IDLE awp=false se=false i=true al=0},r=0,c=false/false,a=IDLE,uri=null,age=0}
13:18:26.790 [qtp158982948-56] DEBUG org.eclipse.jetty.io.ManagedSelector - Selector sun.nio.ch.WindowsSelectorImpl@758e16ff waiting with 1 keys
13:18:26.890 [qtp158982948-61] DEBUG org.eclipse.jetty.util.thread.QueuedThreadPool - Runner started for QueuedThreadPool[qtp158982948]@979e324{STARTED,8<=8<=14,i=1,r=1,q=0}[ReservedThreadExecutor@2a8706d9{s=1/1,p=0}]
13:18:26.892 [qtp158982948-61] DEBUG org.eclipse.jetty.util.thread.QueuedThreadPool - run CEP:NetworkTrafficSocketChannelEndPoint@2bc028f3{/127.0.0.1:64988<->/127.0.0.1:8080,OPEN,fill=FI,flush=-,to=104/30000}{io=0/0,kio=0,kro=1}->HttpConnection@4e97f204[p=HttpParser{s=START,0 of -1},g=HttpGenerator@55947826{s=START}]=>HttpChannelOverHttp@21384383{s=HttpChannelState@643ad9c0{s=IDLE rs=BLOCKING os=OPEN is=IDLE awp=false se=false i=true al=0},r=0,c=false/false,a=IDLE,uri=null,age=0}:runFillable:BLOCKING in QueuedThreadPool[qtp158982948]@979e324{STARTED,8<=8<=14,i=1,r=1,q=0}[ReservedThreadExecutor@2a8706d9{s=1/1,p=0}]
13:18:26.894 [qtp158982948-61] DEBUG org.eclipse.jetty.io.FillInterest - fillable FillInterest@36d30d4c{AC.ReadCB@4e97f204{HttpConnection@4e97f204::NetworkTrafficSocketChannelEndPoint@2bc028f3{/127.0.0.1:64988<->/127.0.0.1:8080,OPEN,fill=FI,flush=-,to=107/30000}{io=0/0,kio=0,kro=1}->HttpConnection@4e97f204[p=HttpParser{s=START,0 of -1},g=HttpGenerator@55947826{s=START}]=>HttpChannelOverHttp@21384383{s=HttpChannelState@643ad9c0{s=IDLE rs=BLOCKING os=OPEN is=IDLE awp=false se=false i=true al=0},r=0,c=false/false,a=IDLE,uri=null,age=0}}}
13:18:26.895 [qtp158982948-61] DEBUG org.eclipse.jetty.server.HttpConnection - HttpConnection@4e97f204::NetworkTrafficSocketChannelEndPoint@2bc028f3{/127.0.0.1:64988<->/127.0.0.1:8080,OPEN,fill=-,flush=-,to=108/30000}{io=0/0,kio=0,kro=1}->HttpConnection@4e97f204[p=HttpParser{s=START,0 of -1},g=HttpGenerator@55947826{s=START}]=>HttpChannelOverHttp@21384383{s=HttpChannelState@643ad9c0{s=IDLE rs=BLOCKING os=OPEN is=IDLE awp=false se=false i=true al=0},r=0,c=false/false,a=IDLE,uri=null,age=0} onFillable enter HttpChannelState@643ad9c0{s=IDLE rs=BLOCKING os=OPEN is=IDLE awp=false se=false i=true al=0} null
13:18:26.897 [qtp158982948-61] DEBUG org.eclipse.jetty.io.ChannelEndPoint - filled 523 HeapByteBuffer@10a2ecb7[p=0,l=523,c=8192,r=523]={<<<POST /__admin/mappings HT...ioState" : "Started"\r\n}>>>\x00\x00\x00\x00\x00\x00\x00\x00\x00...\x00\x00\x00\x00\x00\x00\x00}
13:18:26.898 [qtp158982948-61] DEBUG org.eclipse.jetty.server.HttpConnection - HttpConnection@4e97f204::NetworkTrafficSocketChannelEndPoint@2bc028f3{/127.0.0.1:64988<->/127.0.0.1:8080,OPEN,fill=-,flush=-,to=1/30000}{io=0/0,kio=0,kro=1}->HttpConnection@4e97f204[p=HttpParser{s=START,0 of -1},g=HttpGenerator@55947826{s=START}]=>HttpChannelOverHttp@21384383{s=HttpChannelState@643ad9c0{s=IDLE rs=BLOCKING os=OPEN is=IDLE awp=false se=false i=true al=0},r=0,c=false/false,a=IDLE,uri=null,age=0} filled 523 HeapByteBuffer@10a2ecb7[p=0,l=523,c=8192,r=523]={<<<POST /__admin/mappings HT...ioState" : "Started"\r\n}>>>\x00\x00\x00\x00\x00\x00\x00\x00\x00...\x00\x00\x00\x00\x00\x00\x00}
13:18:26.899 [qtp158982948-61] DEBUG org.eclipse.jetty.server.HttpConnection - HttpConnection@4e97f204::NetworkTrafficSocketChannelEndPoint@2bc028f3{/127.0.0.1:64988<->/127.0.0.1:8080,OPEN,fill=-,flush=-,to=2/30000}{io=0/0,kio=0,kro=1}->HttpConnection@4e97f204[p=HttpParser{s=START,0 of -1},g=HttpGenerator@55947826{s=START}]=>HttpChannelOverHttp@21384383{s=HttpChannelState@643ad9c0{s=IDLE rs=BLOCKING os=OPEN is=IDLE awp=false se=false i=true al=0},r=0,c=false/false,a=IDLE,uri=null,age=0} parse HeapByteBuffer@10a2ecb7[p=0,l=523,c=8192,r=523]={<<<POST /__admin/mappings HT...ioState" : "Started"\r\n}>>>\x00\x00\x00\x00\x00\x00\x00\x00\x00...\x00\x00\x00\x00\x00\x00\x00} {}
13:18:26.899 [qtp158982948-61] DEBUG org.eclipse.jetty.http.HttpParser - parseNext s=START HeapByteBuffer@10a2ecb7[p=0,l=523,c=8192,r=523]={<<<POST /__admin/mappings HT...ioState" : "Started"\r\n}>>>\x00\x00\x00\x00\x00\x00\x00\x00\x00...\x00\x00\x00\x00\x00\x00\x00}
13:18:26.899 [qtp158982948-61] DEBUG org.eclipse.jetty.http.HttpParser - START --> SPACE1
13:18:26.899 [qtp158982948-61] DEBUG org.eclipse.jetty.http.HttpParser - SPACE1 --> URI
13:18:26.900 [qtp158982948-61] DEBUG org.eclipse.jetty.http.HttpParser - URI --> SPACE2
13:18:26.900 [qtp158982948-61] DEBUG org.eclipse.jetty.http.HttpParser - SPACE2 --> REQUEST_VERSION
13:18:26.900 [qtp158982948-61] DEBUG org.eclipse.jetty.http.HttpParser - REQUEST_VERSION --> HEADER
13:18:26.900 [qtp158982948-61] DEBUG org.eclipse.jetty.http.HttpParser - HEADER:Content-Length --> VALUE
13:18:26.901 [qtp158982948-61] DEBUG org.eclipse.jetty.http.HttpParser - HEADER:Content-Length --> IN_VALUE
13:18:26.901 [qtp158982948-61] DEBUG org.eclipse.jetty.http.HttpParser - HEADER:Content-Length --> FIELD
13:18:26.901 [qtp158982948-61] DEBUG org.eclipse.jetty.http.HttpParser - HEADER:Content-Type: text/plain; charset=UTF-8 --> IN_VALUE
13:18:26.901 [qtp158982948-61] DEBUG org.eclipse.jetty.http.HttpParser - HEADER:Content-Type: text/plain; charset=UTF-8 --> FIELD
13:18:26.902 [qtp158982948-61] DEBUG org.eclipse.jetty.http.HttpParser - HEADER:Host --> VALUE
13:18:26.903 [qtp158982948-61] DEBUG org.eclipse.jetty.http.HttpParser - HEADER:Host --> IN_VALUE
13:18:26.904 [qtp158982948-61] DEBUG org.eclipse.jetty.http.HttpParser - HEADER:Host --> FIELD
13:18:26.905 [qtp158982948-61] DEBUG org.eclipse.jetty.http.HttpParser - HEADER:Connection: keep-alive --> IN_VALUE
13:18:26.912 [qtp158982948-61] DEBUG org.eclipse.jetty.http.HttpParser - HEADER:Connection: keep-alive --> FIELD
13:18:26.913 [qtp158982948-61] DEBUG org.eclipse.jetty.http.HttpParser - HEADER:User-Agent --> VALUE
13:18:26.914 [qtp158982948-61] DEBUG org.eclipse.jetty.http.HttpParser - HEADER:User-Agent --> IN_VALUE
13:18:26.916 [qtp158982948-61] DEBUG org.eclipse.jetty.http.HttpParser - HEADER:User-Agent --> FIELD
13:18:26.917 [qtp158982948-61] DEBUG org.eclipse.jetty.http.HttpParser - HEADER --> CONTENT
13:18:26.918 [qtp158982948-61] DEBUG org.eclipse.jetty.server.HttpChannel - REQUEST for //localhost:8080/__admin/mappings on HttpChannelOverHttp@21384383{s=HttpChannelState@643ad9c0{s=IDLE rs=BLOCKING os=OPEN is=IDLE awp=false se=false i=true al=0},r=1,c=false/false,a=IDLE,uri=//localhost:8080/__admin/mappings,age=0}
POST //localhost:8080/__admin/mappings HTTP/1.1
Content-Length: 328
Content-Type: text/plain; charset=UTF-8
Host: localhost:8080
Connection: keep-alive
User-Agent: Apache-HttpClient/4.5.12 (Java/11.0.2)


13:18:26.922 [qtp158982948-61] DEBUG org.eclipse.jetty.server.HttpConnection - HttpConnection@4e97f204::NetworkTrafficSocketChannelEndPoint@2bc028f3{/127.0.0.1:64988<->/127.0.0.1:8080,OPEN,fill=-,flush=-,to=25/30000}{io=0/0,kio=0,kro=1}->HttpConnection@4e97f204[p=HttpParser{s=CONTENT,0 of 328},g=HttpGenerator@55947826{s=START}]=>HttpChannelOverHttp@21384383{s=HttpChannelState@643ad9c0{s=IDLE rs=BLOCKING os=OPEN is=IDLE awp=false se=false i=true al=0},r=1,c=false/false,a=IDLE,uri=//localhost:8080/__admin/mappings,age=4} parsed true HttpParser{s=CONTENT,0 of 328}
13:18:26.923 [qtp158982948-61] DEBUG org.eclipse.jetty.server.HttpChannel - handle //localhost:8080/__admin/mappings HttpChannelOverHttp@21384383{s=HttpChannelState@643ad9c0{s=IDLE rs=BLOCKING os=OPEN is=IDLE awp=false se=false i=true al=0},r=1,c=false/false,a=IDLE,uri=//localhost:8080/__admin/mappings,age=5} 
13:18:26.923 [qtp158982948-61] DEBUG org.eclipse.jetty.server.HttpChannelState - handling HttpChannelState@643ad9c0{s=IDLE rs=BLOCKING os=OPEN is=IDLE awp=false se=false i=true al=0}
13:18:26.923 [qtp158982948-61] DEBUG org.eclipse.jetty.server.HttpChannel - action DISPATCH HttpChannelOverHttp@21384383{s=HttpChannelState@643ad9c0{s=HANDLING rs=BLOCKING os=OPEN is=IDLE awp=false se=false i=true al=0},r=1,c=false/false,a=HANDLING,uri=//localhost:8080/__admin/mappings,age=5}
13:18:26.923 [qtp158982948-61] DEBUG org.eclipse.jetty.server.Server - REQUEST POST /__admin/mappings on HttpChannelOverHttp@21384383{s=HttpChannelState@643ad9c0{s=HANDLING rs=BLOCKING os=OPEN is=IDLE awp=false se=false i=true al=0},r=1,c=false/false,a=HANDLING,uri=//localhost:8080/__admin/mappings,age=5}
13:18:26.923 [qtp158982948-61] DEBUG org.eclipse.jetty.server.handler.ContextHandler - scope null||/__admin/mappings @ o.e.j.s.ServletContextHandler@130e2bb3{/__admin,null,AVAILABLE}
13:18:26.924 [qtp158982948-61] DEBUG org.eclipse.jetty.server.handler.ContextHandler - context=/__admin||/mappings @ o.e.j.s.ServletContextHandler@130e2bb3{/__admin,null,AVAILABLE}
13:18:26.924 [qtp158982948-61] DEBUG org.eclipse.jetty.servlet.ServletHandler - servlet /__admin|/mappings|null -> com.github.tomakehurst.wiremock.servlet.WireMockHandlerDispatchingServlet-52e3593c@e440ec4d==com.github.tomakehurst.wiremock.servlet.WireMockHandlerDispatchingServlet,jsp=null,order=-1,inst=false,async=true
13:18:26.924 [qtp158982948-61] DEBUG org.eclipse.jetty.servlet.ServletHandler - chain=org.eclipse.jetty.servlets.CrossOriginFilter-70c30ac8@70c30ac8==org.eclipse.jetty.servlets.CrossOriginFilter,inst=true,async=true->com.github.tomakehurst.wiremock.servlet.WireMockHandlerDispatchingServlet-52e3593c@e440ec4d==com.github.tomakehurst.wiremock.servlet.WireMockHandlerDispatchingServlet,jsp=null,order=-1,inst=false,async=true
13:18:26.926 [qtp158982948-61] DEBUG org.eclipse.jetty.servlet.ServletHolder - Servlet.init com.github.tomakehurst.wiremock.servlet.WireMockHandlerDispatchingServlet@1e6500d3 for com.github.tomakehurst.wiremock.servlet.WireMockHandlerDispatchingServlet-52e3593c
13:18:27.033 [qtp158982948-61] INFO org.eclipse.jetty.server.handler.ContextHandler.__admin - RequestHandlerClass from context returned com.github.tomakehurst.wiremock.http.AdminRequestHandler. Normalized mapped under returned 'null'
13:18:27.033 [qtp158982948-62] DEBUG org.eclipse.jetty.util.thread.QueuedThreadPool - Runner started for QueuedThreadPool[qtp158982948]@979e324{STARTED,8<=8<=14,i=1,r=1,q=0}[ReservedThreadExecutor@2a8706d9{s=1/1,p=0}]
13:18:27.033 [qtp158982948-61] DEBUG org.eclipse.jetty.servlet.ServletHandler - call filter org.eclipse.jetty.servlets.CrossOriginFilter-70c30ac8@70c30ac8==org.eclipse.jetty.servlets.CrossOriginFilter,inst=true,async=true
13:18:27.033 [qtp158982948-61] DEBUG org.eclipse.jetty.servlet.ServletHandler - call servlet com.github.tomakehurst.wiremock.servlet.WireMockHandlerDispatchingServlet-52e3593c@e440ec4d==com.github.tomakehurst.wiremock.servlet.WireMockHandlerDispatchingServlet,jsp=null,order=-1,inst=true,async=true
13:18:27.034 [qtp158982948-61] DEBUG org.eclipse.jetty.server.HttpConnection - HttpConnection@4e97f204::NetworkTrafficSocketChannelEndPoint@2bc028f3{/127.0.0.1:64988<->/127.0.0.1:8080,OPEN,fill=-,flush=-,to=137/30000}{io=0/0,kio=0,kro=1}->HttpConnection@4e97f204[p=HttpParser{s=CONTENT,0 of 328},g=HttpGenerator@55947826{s=START}]=>HttpChannelOverHttp@21384383{s=HttpChannelState@643ad9c0{s=HANDLING rs=BLOCKING os=OPEN is=IDLE awp=false se=false i=true al=0},r=1,c=false/false,a=HANDLING,uri=//localhost:8080/__admin/mappings,age=116} parse HeapByteBuffer@10a2ecb7[p=195,l=523,c=8192,r=328]={POST /__a....2)\r\n\r\n<<<{\r\n  "id" : "0378ff59-a2a...ioState" : "Started"\r\n}>>>\x00\x00\x00\x00\x00\x00\x00\x00\x00...\x00\x00\x00\x00\x00\x00\x00} {}
13:18:27.034 [qtp158982948-61] DEBUG org.eclipse.jetty.http.HttpParser - parseNext s=CONTENT HeapByteBuffer@10a2ecb7[p=195,l=523,c=8192,r=328]={POST /__a....2)\r\n\r\n<<<{\r\n  "id" : "0378ff59-a2a...ioState" : "Started"\r\n}>>>\x00\x00\x00\x00\x00\x00\x00\x00\x00...\x00\x00\x00\x00\x00\x00\x00}
13:18:27.034 [qtp158982948-61] DEBUG org.eclipse.jetty.server.HttpChannel - onContent HttpChannelOverHttp@21384383{s=HttpChannelState@643ad9c0{s=HANDLING rs=BLOCKING os=OPEN is=IDLE awp=false se=false i=true al=0},r=1,c=false/false,a=HANDLING,uri=//localhost:8080/__admin/mappings,age=116} Content@1a5a87c7{HeapByteBufferR@5f580ae8[p=195,l=523,c=8192,r=328]={POST /__a....2)\r\n\r\n<<<{\r\n  "id" : "0378ff59-a2a...ioState" : "Started"\r\n}>>>\x00\x00\x00\x00\x00\x00\x00\x00\x00...\x00\x00\x00\x00\x00\x00\x00}}
13:18:27.034 [qtp158982948-61] DEBUG org.eclipse.jetty.server.HttpInput - HttpInputOverHTTP@581892e0[c=0,q=0,[0]=null,s=STREAM] addContent Content@1a5a87c7{HeapByteBufferR@5f580ae8[p=195,l=523,c=8192,r=328]={POST /__a....2)\r\n\r\n<<<{\r\n  "id" : "0378ff59-a2a...ioState" : "Started"\r\n}>>>\x00\x00\x00\x00\x00\x00\x00\x00\x00...\x00\x00\x00\x00\x00\x00\x00}}
13:18:27.034 [qtp158982948-61] DEBUG org.eclipse.jetty.http.HttpParser - CONTENT --> CONTENT_END
13:18:27.034 [qtp158982948-61] DEBUG org.eclipse.jetty.server.HttpChannel - onContentComplete HttpChannelOverHttp@21384383{s=HttpChannelState@643ad9c0{s=HANDLING rs=BLOCKING os=OPEN is=IDLE awp=false se=false i=true al=0},r=1,c=false/false,a=HANDLING,uri=//localhost:8080/__admin/mappings,age=116}
13:18:27.034 [qtp158982948-61] DEBUG org.eclipse.jetty.http.HttpParser - CONTENT_END --> END
13:18:27.034 [qtp158982948-61] DEBUG org.eclipse.jetty.server.HttpChannel - onRequestComplete HttpChannelOverHttp@21384383{s=HttpChannelState@643ad9c0{s=HANDLING rs=BLOCKING os=OPEN is=IDLE awp=false se=false i=true al=0},r=1,c=false/false,a=HANDLING,uri=//localhost:8080/__admin/mappings,age=116}
13:18:27.034 [qtp158982948-61] DEBUG org.eclipse.jetty.server.HttpInput - HttpInputOverHTTP@581892e0[c=0,q=1,[0]=EOF,s=STREAM] addContent EOF
13:18:27.034 [qtp158982948-61] DEBUG org.eclipse.jetty.server.HttpConnection - HttpConnection@4e97f204::NetworkTrafficSocketChannelEndPoint@2bc028f3{/127.0.0.1:64988<->/127.0.0.1:8080,OPEN,fill=-,flush=-,to=137/30000}{io=0/0,kio=0,kro=1}->HttpConnection@4e97f204[p=HttpParser{s=END,328 of 328},g=HttpGenerator@55947826{s=START}]=>HttpChannelOverHttp@21384383{s=HttpChannelState@643ad9c0{s=HANDLING rs=BLOCKING os=OPEN is=IDLE awp=false se=false i=true al=0},r=1,c=false/false,a=HANDLING,uri=//localhost:8080/__admin/mappings,age=116} parsed false HttpParser{s=END,328 of 328}
13:18:27.035 [qtp158982948-61] DEBUG org.eclipse.jetty.server.HttpInput - HttpInputOverHTTP@581892e0[c=328,q=1,[0]=EOF,s=STREAM] read 328 from Content@1a5a87c7{HeapByteBufferR@5f580ae8[p=523,l=523,c=8192,r=0]={POST /__a...ted"\r\n}<<<>>>\x00\x00\x00\x00\x00\x00\x00\x00\x00...\x00\x00\x00\x00\x00\x00\x00}}
13:18:27.035 [qtp158982948-61] DEBUG org.eclipse.jetty.server.HttpConnection - releaseRequestBuffer HttpConnection@4e97f204::NetworkTrafficSocketChannelEndPoint@2bc028f3{/127.0.0.1:64988<->/127.0.0.1:8080,OPEN,fill=-,flush=-,to=138/30000}{io=0/0,kio=0,kro=1}->HttpConnection@4e97f204[p=HttpParser{s=END,328 of 328},g=HttpGenerator@55947826{s=START}]=>HttpChannelOverHttp@21384383{s=HttpChannelState@643ad9c0{s=HANDLING rs=BLOCKING os=OPEN is=IDLE awp=false se=false i=true al=0},r=1,c=false/false,a=HANDLING,uri=//localhost:8080/__admin/mappings,age=117}
13:18:27.035 [qtp158982948-61] DEBUG org.eclipse.jetty.server.HttpChannelState - onEof HttpChannelState@643ad9c0{s=HANDLING rs=BLOCKING os=OPEN is=IDLE awp=false se=false i=true al=0}
13:18:27.118 [qtp158982948-61] DEBUG org.eclipse.jetty.server.HttpOutput - write(array HeapByteBuffer@eea94a1[p=0,l=328,c=8192,r=328]={<<<{\r\n  "id" : "0378ff59-a2a...ioState" : "Started"\r\n}>>>\x00\x00\x00\x00\x00\x00\x00\x00\x00...\x00\x00\x00\x00\x00\x00\x00})
13:18:27.118 [qtp158982948-61] DEBUG org.eclipse.jetty.server.HttpOutput - write(array) s=OPEN,api=BLOCKING,sc=false,e=null aggregated !flush DirectByteBuffer@43c2fbae[p=0,l=328,c=32768,r=328]={<<<{\r\n  "id" : "0378ff59-a2a...ioState" : "Started"\r\n}>>>\x00\x00\x00\x00\x00\x00\x00\x00\x00...\x00\x00\x00\x00\x00\x00\x00}
13:18:27.119 [qtp158982948-61] DEBUG org.eclipse.jetty.server.HttpChannel - sendResponse info=null content=DirectByteBuffer@43c2fbae[p=0,l=328,c=32768,r=328]={<<<{\r\n  "id" : "0378ff59-a2a...ioState" : "Started"\r\n}>>>\x00\x00\x00\x00\x00\x00\x00\x00\x00...\x00\x00\x00\x00\x00\x00\x00} complete=false committing=true callback=Blocker@7fc12534{null}
13:18:27.119 [qtp158982948-61] DEBUG org.eclipse.jetty.server.HttpChannel - COMMIT for /__admin/mappings on HttpChannelOverHttp@21384383{s=HttpChannelState@643ad9c0{s=HANDLING rs=BLOCKING os=COMMITTED is=READY awp=false se=false i=true al=0},r=1,c=false/false,a=HANDLING,uri=//localhost:8080/__admin/mappings,age=201}
201 null HTTP/1.1
Content-Type: application/json


13:18:27.120 [qtp158982948-61] DEBUG org.eclipse.jetty.server.HttpConnection - generate: NEED_HEADER for org.eclipse.jetty.server.HttpConnection$SendCallback@4a03c84c[PROCESSING][i=HTTP/1.1{s=201,h=1,cl=-1},cb=org.eclipse.jetty.server.HttpChannel$SendCallback@10961231] (null,[p=0,l=328,c=32768,r=328],false)@START
13:18:27.121 [qtp158982948-61] DEBUG org.eclipse.jetty.http.HttpGenerator - generateHeaders HTTP/1.1{s=201,h=1,cl=-1} last=false content=DirectByteBuffer@43c2fbae[p=0,l=328,c=32768,r=328]={<<<{\r\n  "id" : "0378ff59-a2a...ioState" : "Started"\r\n}>>>\x00\x00\x00\x00\x00\x00\x00\x00\x00...\x00\x00\x00\x00\x00\x00\x00}
13:18:27.121 [qtp158982948-61] DEBUG org.eclipse.jetty.http.HttpGenerator - Content-Type: application/json


13:18:27.122 [qtp158982948-61] DEBUG org.eclipse.jetty.http.HttpGenerator - CHUNKED_CONTENT
13:18:27.122 [qtp158982948-61] DEBUG org.eclipse.jetty.server.HttpConnection - generate: FLUSH for org.eclipse.jetty.server.HttpConnection$SendCallback@4a03c84c[PROCESSING][i=HTTP/1.1{s=201,h=1,cl=-1},cb=org.eclipse.jetty.server.HttpChannel$SendCallback@10961231] ([p=0,l=122,c=8192,r=122],[p=0,l=328,c=32768,r=328],false)@COMMITTED
13:18:27.124 [qtp158982948-61] DEBUG org.eclipse.jetty.io.WriteFlusher - write: WriteFlusher@445d9406{IDLE}->null [HeapByteBuffer@10a2ecb7[p=0,l=122,c=8192,r=122]={<<<HTTP/1.1 201 Created\r\nCon....28.v20200408)\r\n\r\n148\r\n>>>ction: Ke...\x00\x00\x00\x00\x00\x00\x00},DirectByteBuffer@43c2fbae[p=0,l=328,c=32768,r=328]={<<<{\r\n  "id" : "0378ff59-a2a...ioState" : "Started"\r\n}>>>\x00\x00\x00\x00\x00\x00\x00\x00\x00...\x00\x00\x00\x00\x00\x00\x00}]
13:18:27.125 [qtp158982948-61] DEBUG org.eclipse.jetty.io.WriteFlusher - update WriteFlusher@445d9406{WRITING}->null:IDLE-->WRITING
13:18:27.126 [Test worker] DEBUG org.apache.http.wire - http-outgoing-2 << "HTTP/1.1 201 Created[\r][\n]"
13:18:27.126 [Test worker] DEBUG org.apache.http.wire - http-outgoing-2 << "Content-Type: application/json[\r][\n]"
13:18:27.126 [Test worker] DEBUG org.apache.http.wire - http-outgoing-2 << "Transfer-Encoding: chunked[\r][\n]"
13:18:27.126 [Test worker] DEBUG org.apache.http.wire - http-outgoing-2 << "Server: Jetty(9.4.28.v20200408)[\r][\n]"
13:18:27.126 [Test worker] DEBUG org.apache.http.wire - http-outgoing-2 << "[\r][\n]"
13:18:27.126 [Test worker] DEBUG org.apache.http.wire - http-outgoing-2 << "148[\r][\n]"
13:18:27.126 [Test worker] DEBUG org.apache.http.headers - http-outgoing-2 << HTTP/1.1 201 Created
13:18:27.126 [Test worker] DEBUG org.apache.http.headers - http-outgoing-2 << Content-Type: application/json
13:18:27.126 [Test worker] DEBUG org.apache.http.headers - http-outgoing-2 << Transfer-Encoding: chunked
13:18:27.126 [Test worker] DEBUG org.apache.http.headers - http-outgoing-2 << Server: Jetty(9.4.28.v20200408)
13:18:27.127 [Test worker] DEBUG org.apache.http.impl.execchain.MainClientExec - Connection can be kept alive indefinitely
13:18:27.129 [qtp158982948-61] DEBUG org.eclipse.jetty.io.ChannelEndPoint - flushed 122 NetworkTrafficSocketChannelEndPoint@2bc028f3{/127.0.0.1:64988<->/127.0.0.1:8080,OPEN,fill=-,flush=W,to=232/30000}{io=0/0,kio=0,kro=1}->HttpConnection@4e97f204[p=HttpParser{s=END,328 of 328},g=HttpGenerator@55947826{s=COMMITTED}]=>HttpChannelOverHttp@21384383{s=HttpChannelState@643ad9c0{s=HANDLING rs=BLOCKING os=COMMITTED is=READY awp=false se=false i=true al=0},r=1,c=false/false,a=HANDLING,uri=//localhost:8080/__admin/mappings,age=211}
13:18:27.130 [Test worker] DEBUG org.apache.http.wire - http-outgoing-2 << "{[\r][\n]"
13:18:27.130 [Test worker] DEBUG org.apache.http.wire - http-outgoing-2 << "  "id" : "0378ff59-a2ae-4df7-af72-fe9c5fe5c5de",[\r][\n]"
13:18:27.130 [Test worker] DEBUG org.apache.http.wire - http-outgoing-2 << "  "request" : {[\r][\n]"
13:18:27.130 [Test worker] DEBUG org.apache.http.wire - http-outgoing-2 << "    "url" : "/api/v0/components/provision-adapters/awx",[\r][\n]"
13:18:27.130 [Test worker] DEBUG org.apache.http.wire - http-outgoing-2 << "    "method" : "GET"[\r][\n]"
13:18:27.130 [Test worker] DEBUG org.apache.http.wire - http-outgoing-2 << "  },[\r][\n]"
13:18:27.130 [Test worker] DEBUG org.apache.http.wire - http-outgoing-2 << "  "response" : {[\r][\n]"
13:18:27.130 [Test worker] DEBUG org.apache.http.wire - http-outgoing-2 << "    "status" : 401[\r][\n]"
13:18:27.130 [Test worker] DEBUG org.apache.http.wire - http-outgoing-2 << "  },[\r][\n]"
13:18:27.130 [Test worker] DEBUG org.apache.http.wire - http-outgoing-2 << "  "uuid" : "0378ff59-a2ae-4df7-af72-fe9c5fe5c5de",[\r][\n]"
13:18:27.130 [Test worker] DEBUG org.apache.http.wire - http-outgoing-2 << "  "scenarioName" : "unAuthorized",[\r][\n]"
13:18:27.130 [Test worker] DEBUG org.apache.http.wire - http-outgoing-2 << "  "requiredScenarioState" : "Started"[\r][\n]"
13:18:27.130 [Test worker] DEBUG org.apache.http.wire - http-outgoing-2 << "}"
13:18:27.130 [qtp158982948-61] DEBUG org.eclipse.jetty.io.ChannelEndPoint - flushed 328 NetworkTrafficSocketChannelEndPoint@2bc028f3{/127.0.0.1:64988<->/127.0.0.1:8080,OPEN,fill=-,flush=W,to=0/30000}{io=0/0,kio=0,kro=1}->HttpConnection@4e97f204[p=HttpParser{s=END,328 of 328},g=HttpGenerator@55947826{s=COMMITTED}]=>HttpChannelOverHttp@21384383{s=HttpChannelState@643ad9c0{s=HANDLING rs=BLOCKING os=COMMITTED is=READY awp=false se=false i=true al=0},r=1,c=false/false,a=HANDLING,uri=//localhost:8080/__admin/mappings,age=212}
13:18:27.131 [qtp158982948-61] DEBUG org.eclipse.jetty.io.WriteFlusher - Flushed=true written=450 remaining=0 WriteFlusher@445d9406{WRITING}->null
13:18:27.131 [qtp158982948-61] DEBUG org.eclipse.jetty.io.WriteFlusher - update WriteFlusher@445d9406{IDLE}->null:WRITING-->IDLE
13:18:27.131 [qtp158982948-61] DEBUG org.eclipse.jetty.server.HttpConnection - generate: DONE for org.eclipse.jetty.server.HttpConnection$SendCallback@4a03c84c[PROCESSING][i=HTTP/1.1{s=201,h=1,cl=-1},cb=org.eclipse.jetty.server.HttpChannel$SendCallback@10961231] ([p=122,l=122,c=8192,r=0],[p=328,l=328,c=32768,r=0],false)@COMMITTED
13:18:27.132 [qtp158982948-61] DEBUG org.eclipse.jetty.server.HttpOutput - onWriteComplete(false,null) s=OPEN,api=BLOCKED,sc=false,e=null->s=OPEN,api=BLOCKING,sc=false,e=null c=null cb=null w=false
13:18:27.132 [qtp158982948-61] DEBUG org.eclipse.jetty.server.HttpOutput - close() s=CLOSING,api=BLOCKED,sc=false,e=null c=HeapByteBuffer@137d328[p=0,l=0,c=0,r=0]={<<<>>>} b=Blocker@7fc12534{null}
13:18:27.132 [qtp158982948-61] DEBUG org.eclipse.jetty.server.HttpChannel - sendResponse info=null content=HeapByteBuffer@137d328[p=0,l=0,c=0,r=0]={<<<>>>} complete=true committing=false callback=Blocker@7fc12534{null}
13:18:27.133 [qtp158982948-61] DEBUG org.eclipse.jetty.server.HttpConnection - generate: CONTINUE for org.eclipse.jetty.server.HttpConnection$SendCallback@4a03c84c[PROCESSING][i=null,cb=org.eclipse.jetty.server.HttpChannel$SendCallback@3243f13c] (null,[p=0,l=0,c=0,r=0],true)@COMPLETING
13:18:27.133 [qtp158982948-61] DEBUG org.eclipse.jetty.server.HttpConnection - generate: NEED_CHUNK for org.eclipse.jetty.server.HttpConnection$SendCallback@4a03c84c[PROCESSING][i=null,cb=org.eclipse.jetty.server.HttpChannel$SendCallback@3243f13c] (null,[p=0,l=0,c=0,r=0],true)@COMPLETING
13:18:27.133 [qtp158982948-61] DEBUG org.eclipse.jetty.server.HttpConnection - generate: FLUSH for org.eclipse.jetty.server.HttpConnection$SendCallback@4a03c84c[PROCESSING][i=null,cb=org.eclipse.jetty.server.HttpChannel$SendCallback@3243f13c] (null,[p=0,l=0,c=0,r=0],true)@COMPLETING
13:18:27.134 [qtp158982948-61] DEBUG org.eclipse.jetty.io.WriteFlusher - write: WriteFlusher@445d9406{IDLE}->null [HeapByteBuffer@66560e90[p=0,l=7,c=1024,r=7]={<<<\r\n0\r\n\r\n>>>\x00\x00\x00\x00\x00\x00\x00\x00\x00...\x00\x00\x00\x00\x00\x00\x00}]
13:18:27.134 [qtp158982948-61] DEBUG org.eclipse.jetty.io.WriteFlusher - update WriteFlusher@445d9406{WRITING}->null:IDLE-->WRITING
13:18:27.134 [Test worker] DEBUG org.apache.http.wire - http-outgoing-2 << "[\r][\n]"
13:18:27.134 [Test worker] DEBUG org.apache.http.wire - http-outgoing-2 << "0[\r][\n]"
13:18:27.134 [Test worker] DEBUG org.apache.http.wire - http-outgoing-2 << "[\r][\n]"
13:18:27.134 [Test worker] DEBUG org.apache.http.impl.conn.PoolingHttpClientConnectionManager - Connection [id: 2][route: {}->http://localhost:8080] can be kept alive indefinitely
13:18:27.134 [Test worker] DEBUG org.apache.http.impl.conn.DefaultManagedHttpClientConnection - http-outgoing-2: set socket timeout to 0
13:18:27.135 [Test worker] DEBUG org.apache.http.impl.conn.PoolingHttpClientConnectionManager - Connection released: [id: 2][route: {}->http://localhost:8080][total available: 1; route allocated: 1 of 5; total allocated: 1 of 50]
13:18:27.138 [Test worker] DEBUG org.apache.http.impl.conn.PoolingHttpClientConnectionManager - Connection request: [route: {}->http://localhost:8080][total available: 1; route allocated: 1 of 5; total allocated: 1 of 50]
13:18:27.138 [Test worker] DEBUG org.apache.http.impl.conn.PoolingHttpClientConnectionManager - Connection leased: [id: 2][route: {}->http://localhost:8080][total available: 0; route allocated: 1 of 5; total allocated: 1 of 50]
13:18:27.138 [Test worker] DEBUG org.apache.http.impl.conn.DefaultManagedHttpClientConnection - http-outgoing-2: set socket timeout to 30000
13:18:27.138 [Test worker] DEBUG org.apache.http.impl.execchain.MainClientExec - Stale connection check
13:18:27.140 [Test worker] DEBUG org.apache.http.wire - http-outgoing-2 << "[read] I/O error: Read timed out"
13:18:27.140 [Test worker] DEBUG org.apache.http.impl.execchain.MainClientExec - Executing request POST /__admin/mappings HTTP/1.1
13:18:27.140 [Test worker] DEBUG org.apache.http.impl.execchain.MainClientExec - Target auth state: UNCHALLENGED
13:18:27.140 [Test worker] DEBUG org.apache.http.impl.execchain.MainClientExec - Proxy auth state: UNCHALLENGED
13:18:27.140 [Test worker] DEBUG org.apache.http.headers - http-outgoing-2 >> POST /__admin/mappings HTTP/1.1
13:18:27.140 [Test worker] DEBUG org.apache.http.headers - http-outgoing-2 >> Content-Length: 644
13:18:27.140 [Test worker] DEBUG org.apache.http.headers - http-outgoing-2 >> Content-Type: text/plain; charset=UTF-8
13:18:27.140 [Test worker] DEBUG org.apache.http.headers - http-outgoing-2 >> Host: localhost:8080
13:18:27.141 [Test worker] DEBUG org.apache.http.headers - http-outgoing-2 >> Connection: Keep-Alive
13:18:27.141 [Test worker] DEBUG org.apache.http.headers - http-outgoing-2 >> User-Agent: Apache-HttpClient/4.5.12 (Java/11.0.2)
13:18:27.141 [Test worker] DEBUG org.apache.http.wire - http-outgoing-2 >> "POST /__admin/mappings HTTP/1.1[\r][\n]"
13:18:27.141 [Test worker] DEBUG org.apache.http.wire - http-outgoing-2 >> "Content-Length: 644[\r][\n]"
13:18:27.141 [Test worker] DEBUG org.apache.http.wire - http-outgoing-2 >> "Content-Type: text/plain; charset=UTF-8[\r][\n]"
13:18:27.141 [Test worker] DEBUG org.apache.http.wire - http-outgoing-2 >> "Host: localhost:8080[\r][\n]"
13:18:27.141 [Test worker] DEBUG org.apache.http.wire - http-outgoing-2 >> "Connection: Keep-Alive[\r][\n]"
13:18:27.141 [Test worker] DEBUG org.apache.http.wire - http-outgoing-2 >> "User-Agent: Apache-HttpClient/4.5.12 (Java/11.0.2)[\r][\n]"
13:18:27.141 [Test worker] DEBUG org.apache.http.wire - http-outgoing-2 >> "[\r][\n]"
13:18:27.141 [Test worker] DEBUG org.apache.http.wire - http-outgoing-2 >> "{[\r][\n]"
13:18:27.141 [Test worker] DEBUG org.apache.http.wire - http-outgoing-2 >> "  "id" : "1616bc93-a4e5-405f-96b2-09234de8ef49",[\r][\n]"
13:18:27.141 [Test worker] DEBUG org.apache.http.wire - http-outgoing-2 >> "  "request" : {[\r][\n]"
13:18:27.141 [Test worker] DEBUG org.apache.http.wire - http-outgoing-2 >> "    "url" : "/api/v0/components/login",[\r][\n]"
13:18:27.141 [Test worker] DEBUG org.apache.http.wire - http-outgoing-2 >> "    "method" : "POST",[\r][\n]"
13:18:27.141 [Test worker] DEBUG org.apache.http.wire - http-outgoing-2 >> "    "headers" : {[\r][\n]"
13:18:27.141 [Test worker] DEBUG org.apache.http.wire - http-outgoing-2 >> "      "Content-Type" : {[\r][\n]"
13:18:27.141 [Test worker] DEBUG org.apache.http.wire - http-outgoing-2 >> "        "equalTo" : "application/json"[\r][\n]"
13:18:27.141 [Test worker] DEBUG org.apache.http.wire - http-outgoing-2 >> "      }[\r][\n]"
13:18:27.141 [Test worker] DEBUG org.apache.http.wire - http-outgoing-2 >> "    },[\r][\n]"
13:18:27.141 [Test worker] DEBUG org.apache.http.wire - http-outgoing-2 >> "    "bodyPatterns" : [ {[\r][\n]"
13:18:27.141 [Test worker] DEBUG org.apache.http.wire - http-outgoing-2 >> "      "equalTo" : "{\"password\":\"123456\",\"username\":\"catalogClientApi\"}"[\r][\n]"
13:18:27.141 [Test worker] DEBUG org.apache.http.wire - http-outgoing-2 >> "    } ][\r][\n]"
13:18:27.141 [Test worker] DEBUG org.apache.http.wire - http-outgoing-2 >> "  },[\r][\n]"
13:18:27.141 [Test worker] DEBUG org.apache.http.wire - http-outgoing-2 >> "  "response" : {[\r][\n]"
13:18:27.141 [Test worker] DEBUG org.apache.http.wire - http-outgoing-2 >> "    "status" : 200,[\r][\n]"
13:18:27.141 [Test worker] DEBUG org.apache.http.wire - http-outgoing-2 >> "    "body" : "{\"token\":\"someToken\"}",[\r][\n]"
13:18:27.141 [Test worker] DEBUG org.apache.http.wire - http-outgoing-2 >> "    "headers" : {[\r][\n]"
13:18:27.141 [Test worker] DEBUG org.apache.http.wire - http-outgoing-2 >> "      "Content-Type" : "application/json"[\r][\n]"
13:18:27.141 [Test worker] DEBUG org.apache.http.wire - http-outgoing-2 >> "    }[\r][\n]"
13:18:27.141 [Test worker] DEBUG org.apache.http.wire - http-outgoing-2 >> "  },[\r][\n]"
13:18:27.141 [Test worker] DEBUG org.apache.http.wire - http-outgoing-2 >> "  "uuid" : "1616bc93-a4e5-405f-96b2-09234de8ef49",[\r][\n]"
13:18:27.141 [Test worker] DEBUG org.apache.http.wire - http-outgoing-2 >> "  "scenarioName" : "unAuthorized",[\r][\n]"
13:18:27.141 [Test worker] DEBUG org.apache.http.wire - http-outgoing-2 >> "  "requiredScenarioState" : "Started"[\r][\n]"
13:18:27.141 [Test worker] DEBUG org.apache.http.wire - http-outgoing-2 >> "}"
13:18:27.146 [qtp158982948-61] DEBUG org.eclipse.jetty.io.ChannelEndPoint - flushed 7 NetworkTrafficSocketChannelEndPoint@2bc028f3{/127.0.0.1:64988<->/127.0.0.1:8080,OPEN,fill=-,flush=W,to=15/30000}{io=0/0,kio=0,kro=1}->HttpConnection@4e97f204[p=HttpParser{s=END,328 of 328},g=HttpGenerator@55947826{s=COMPLETING}]=>HttpChannelOverHttp@21384383{s=HttpChannelState@643ad9c0{s=HANDLING rs=BLOCKING os=COMMITTED is=READY awp=false se=false i=true al=0},r=1,c=false/false,a=HANDLING,uri=//localhost:8080/__admin/mappings,age=228}
13:18:27.147 [qtp158982948-61] DEBUG org.eclipse.jetty.io.WriteFlusher - Flushed=true written=7 remaining=0 WriteFlusher@445d9406{WRITING}->null
13:18:27.147 [qtp158982948-61] DEBUG org.eclipse.jetty.io.WriteFlusher - update WriteFlusher@445d9406{IDLE}->null:WRITING-->IDLE
13:18:27.147 [qtp158982948-61] DEBUG org.eclipse.jetty.server.HttpConnection - generate: DONE for org.eclipse.jetty.server.HttpConnection$SendCallback@4a03c84c[PROCESSING][i=null,cb=org.eclipse.jetty.server.HttpChannel$SendCallback@3243f13c] (null,[p=0,l=0,c=0,r=0],true)@END
13:18:27.148 [qtp158982948-61] DEBUG org.eclipse.jetty.server.HttpOutput - onWriteComplete(true,null) s=CLOSING,api=BLOCKED,sc=false,e=null->s=CLOSED,api=BLOCKING,sc=false,e=null c=null cb=null w=false
13:18:27.148 [qtp158982948-61] DEBUG org.eclipse.jetty.server.handler.gzip.GzipHandler - GzipHandler@69acd89a{STARTED,min=32,inflate=-1} handle Request[POST //localhost:8080/__admin/mappings]@46718ff1 in null
13:18:27.148 [qtp158982948-61] DEBUG org.eclipse.jetty.server.handler.ContextHandler - scope null||/__admin/mappings @ o.e.j.s.ServletContextHandler@52601e0c{/,null,AVAILABLE}
13:18:27.149 [qtp158982948-61] DEBUG org.eclipse.jetty.server.Server - handled=true async=false committed=true on HttpChannelOverHttp@21384383{s=HttpChannelState@643ad9c0{s=HANDLING rs=BLOCKING os=COMPLETED is=READY awp=false se=false i=true al=0},r=1,c=false/true,a=HANDLING,uri=//localhost:8080/__admin/mappings,age=231}
13:18:27.149 [qtp158982948-61] DEBUG org.eclipse.jetty.server.HttpChannelState - unhandle HttpChannelState@643ad9c0{s=HANDLING rs=BLOCKING os=COMPLETED is=READY awp=false se=false i=true al=0}
13:18:27.149 [qtp158982948-61] DEBUG org.eclipse.jetty.server.HttpChannelState - nextAction(false) COMPLETE HttpChannelState@643ad9c0{s=HANDLING rs=COMPLETING os=COMPLETED is=READY awp=false se=false i=false al=0}
13:18:27.149 [qtp158982948-61] DEBUG org.eclipse.jetty.server.HttpChannel - action COMPLETE HttpChannelOverHttp@21384383{s=HttpChannelState@643ad9c0{s=HANDLING rs=COMPLETING os=COMPLETED is=READY awp=false se=false i=false al=0},r=1,c=false/true,a=HANDLING,uri=//localhost:8080/__admin/mappings,age=231}
13:18:27.150 [qtp158982948-61] DEBUG org.eclipse.jetty.server.HttpOutput - complete(org.eclipse.jetty.util.Callback$4@6e24ce9d) s=CLOSED,api=BLOCKING,sc=false,e=null s=true e=null, c=null
13:18:27.150 [qtp158982948-61] DEBUG org.eclipse.jetty.server.HttpChannelState - completed HttpChannelState@643ad9c0{s=HANDLING rs=COMPLETING os=COMPLETED is=READY awp=false se=false i=false al=0}
13:18:27.150 [qtp158982948-61] DEBUG org.eclipse.jetty.server.HttpChannelState - unhandle HttpChannelState@643ad9c0{s=HANDLING rs=COMPLETED os=COMPLETED is=READY awp=false se=false i=false al=0}
13:18:27.150 [qtp158982948-61] DEBUG org.eclipse.jetty.server.HttpChannelState - nextAction(false) TERMINATED HttpChannelState@643ad9c0{s=IDLE rs=COMPLETED os=COMPLETED is=READY awp=false se=false i=false al=0}
13:18:27.151 [qtp158982948-61] DEBUG org.eclipse.jetty.server.HttpChannel - action TERMINATED HttpChannelOverHttp@21384383{s=HttpChannelState@643ad9c0{s=IDLE rs=COMPLETED os=COMPLETED is=READY awp=false se=false i=false al=0},r=1,c=true/true,a=IDLE,uri=//localhost:8080/__admin/mappings,age=232}
13:18:27.151 [qtp158982948-61] DEBUG org.eclipse.jetty.server.HttpChannel - onCompleted for /__admin/mappings written=328
13:18:27.151 [qtp158982948-61] DEBUG org.eclipse.jetty.server.HttpChannelState - recycle HttpChannelState@643ad9c0{s=IDLE rs=COMPLETED os=COMPLETED is=READY awp=false se=false i=false al=0}
13:18:27.152 [qtp158982948-61] DEBUG org.eclipse.jetty.http.HttpParser - reset HttpParser{s=END,328 of 328}
13:18:27.152 [qtp158982948-61] DEBUG org.eclipse.jetty.http.HttpParser - END --> START
13:18:27.152 [qtp158982948-61] DEBUG org.eclipse.jetty.server.HttpChannel - !handle TERMINATED HttpChannelOverHttp@21384383{s=HttpChannelState@643ad9c0{s=IDLE rs=BLOCKING os=OPEN is=IDLE awp=false se=false i=true al=0},r=1,c=false/false,a=IDLE,uri=null,age=0}
13:18:27.152 [qtp158982948-61] DEBUG org.eclipse.jetty.io.ChannelEndPoint - filled 839 HeapByteBuffer@10a2ecb7[p=0,l=839,c=8192,r=839]={<<<POST /__admin/mappings HT...ioState" : "Started"\r\n}>>>\x00\x00\x00\x00\x00\x00\x00\x00\x00...\x00\x00\x00\x00\x00\x00\x00}
13:18:27.153 [qtp158982948-61] DEBUG org.eclipse.jetty.server.HttpConnection - HttpConnection@4e97f204::NetworkTrafficSocketChannelEndPoint@2bc028f3{/127.0.0.1:64988<->/127.0.0.1:8080,OPEN,fill=-,flush=-,to=0/30000}{io=0/0,kio=0,kro=1}->HttpConnection@4e97f204[p=HttpParser{s=START,0 of -1},g=HttpGenerator@55947826{s=START}]=>HttpChannelOverHttp@21384383{s=HttpChannelState@643ad9c0{s=IDLE rs=BLOCKING os=OPEN is=IDLE awp=false se=false i=true al=0},r=1,c=false/false,a=IDLE,uri=null,age=0} filled 839 HeapByteBuffer@10a2ecb7[p=0,l=839,c=8192,r=839]={<<<POST /__admin/mappings HT...ioState" : "Started"\r\n}>>>\x00\x00\x00\x00\x00\x00\x00\x00\x00...\x00\x00\x00\x00\x00\x00\x00}
13:18:27.153 [qtp158982948-61] DEBUG org.eclipse.jetty.server.HttpConnection - HttpConnection@4e97f204::NetworkTrafficSocketChannelEndPoint@2bc028f3{/127.0.0.1:64988<->/127.0.0.1:8080,OPEN,fill=-,flush=-,to=0/30000}{io=0/0,kio=0,kro=1}->HttpConnection@4e97f204[p=HttpParser{s=START,0 of -1},g=HttpGenerator@55947826{s=START}]=>HttpChannelOverHttp@21384383{s=HttpChannelState@643ad9c0{s=IDLE rs=BLOCKING os=OPEN is=IDLE awp=false se=false i=true al=0},r=1,c=false/false,a=IDLE,uri=null,age=0} parse HeapByteBuffer@10a2ecb7[p=0,l=839,c=8192,r=839]={<<<POST /__admin/mappings HT...ioState" : "Started"\r\n}>>>\x00\x00\x00\x00\x00\x00\x00\x00\x00...\x00\x00\x00\x00\x00\x00\x00} {}
13:18:27.154 [qtp158982948-61] DEBUG org.eclipse.jetty.http.HttpParser - parseNext s=START HeapByteBuffer@10a2ecb7[p=0,l=839,c=8192,r=839]={<<<POST /__admin/mappings HT...ioState" : "Started"\r\n}>>>\x00\x00\x00\x00\x00\x00\x00\x00\x00...\x00\x00\x00\x00\x00\x00\x00}
13:18:27.154 [qtp158982948-61] DEBUG org.eclipse.jetty.http.HttpParser - START --> SPACE1
13:18:27.159 [qtp158982948-61] DEBUG org.eclipse.jetty.http.HttpParser - SPACE1 --> URI
13:18:27.159 [qtp158982948-61] DEBUG org.eclipse.jetty.http.HttpParser - URI --> SPACE2
13:18:27.160 [qtp158982948-61] DEBUG org.eclipse.jetty.http.HttpParser - SPACE2 --> REQUEST_VERSION
13:18:27.161 [qtp158982948-61] DEBUG org.eclipse.jetty.http.HttpParser - REQUEST_VERSION --> HEADER
13:18:27.161 [qtp158982948-61] DEBUG org.eclipse.jetty.http.HttpParser - HEADER:Content-Length --> VALUE
13:18:27.162 [qtp158982948-61] DEBUG org.eclipse.jetty.http.HttpParser - HEADER:Content-Length --> IN_VALUE
13:18:27.162 [qtp158982948-61] DEBUG org.eclipse.jetty.http.HttpParser - HEADER:Content-Length --> FIELD
13:18:27.162 [qtp158982948-61] DEBUG org.eclipse.jetty.http.HttpParser - HEADER:Content-Type: text/plain; charset=UTF-8 --> IN_VALUE
13:18:27.163 [qtp158982948-61] DEBUG org.eclipse.jetty.http.HttpParser - HEADER:Content-Type: text/plain; charset=UTF-8 --> FIELD
13:18:27.163 [qtp158982948-61] DEBUG org.eclipse.jetty.http.HttpParser - HEADER:Host: localhost:8080 --> IN_VALUE
13:18:27.163 [qtp158982948-61] DEBUG org.eclipse.jetty.http.HttpParser - HEADER:Host: localhost:8080 --> FIELD
13:18:27.163 [qtp158982948-61] DEBUG org.eclipse.jetty.http.HttpParser - HEADER:Connection: keep-alive --> IN_VALUE
13:18:27.164 [qtp158982948-61] DEBUG org.eclipse.jetty.http.HttpParser - HEADER:Connection: keep-alive --> FIELD
13:18:27.164 [qtp158982948-61] DEBUG org.eclipse.jetty.http.HttpParser - HEADER:User-Agent: Apache-HttpClient/4.5.12 (Java/11.0.2) --> IN_VALUE
13:18:27.164 [qtp158982948-61] DEBUG org.eclipse.jetty.http.HttpParser - HEADER:User-Agent: Apache-HttpClient/4.5.12 (Java/11.0.2) --> FIELD
13:18:27.165 [qtp158982948-61] DEBUG org.eclipse.jetty.http.HttpParser - HEADER --> CONTENT
13:18:27.165 [qtp158982948-61] DEBUG org.eclipse.jetty.server.HttpChannel - REQUEST for //localhost:8080/__admin/mappings on HttpChannelOverHttp@21384383{s=HttpChannelState@643ad9c0{s=IDLE rs=BLOCKING os=OPEN is=IDLE awp=false se=false i=true al=0},r=2,c=false/false,a=IDLE,uri=//localhost:8080/__admin/mappings,age=0}
POST //localhost:8080/__admin/mappings HTTP/1.1
Content-Length: 644
Content-Type: text/plain; charset=UTF-8
Host: localhost:8080
Connection: keep-alive
User-Agent: Apache-HttpClient/4.5.12 (Java/11.0.2)


13:18:27.165 [qtp158982948-61] DEBUG org.eclipse.jetty.server.HttpConnection - HttpConnection@4e97f204::NetworkTrafficSocketChannelEndPoint@2bc028f3{/127.0.0.1:64988<->/127.0.0.1:8080,OPEN,fill=-,flush=-,to=12/30000}{io=0/0,kio=0,kro=1}->HttpConnection@4e97f204[p=HttpParser{s=CONTENT,0 of 644},g=HttpGenerator@55947826{s=START}]=>HttpChannelOverHttp@21384383{s=HttpChannelState@643ad9c0{s=IDLE rs=BLOCKING os=OPEN is=IDLE awp=false se=false i=true al=0},r=2,c=false/false,a=IDLE,uri=//localhost:8080/__admin/mappings,age=0} parsed true HttpParser{s=CONTENT,0 of 644}
13:18:27.165 [qtp158982948-61] DEBUG org.eclipse.jetty.server.HttpChannel - handle //localhost:8080/__admin/mappings HttpChannelOverHttp@21384383{s=HttpChannelState@643ad9c0{s=IDLE rs=BLOCKING os=OPEN is=IDLE awp=false se=false i=true al=0},r=2,c=false/false,a=IDLE,uri=//localhost:8080/__admin/mappings,age=0} 
13:18:27.166 [qtp158982948-61] DEBUG org.eclipse.jetty.server.HttpChannelState - handling HttpChannelState@643ad9c0{s=IDLE rs=BLOCKING os=OPEN is=IDLE awp=false se=false i=true al=0}
13:18:27.166 [qtp158982948-61] DEBUG org.eclipse.jetty.server.HttpChannel - action DISPATCH HttpChannelOverHttp@21384383{s=HttpChannelState@643ad9c0{s=HANDLING rs=BLOCKING os=OPEN is=IDLE awp=false se=false i=true al=0},r=2,c=false/false,a=HANDLING,uri=//localhost:8080/__admin/mappings,age=1}
13:18:27.166 [qtp158982948-61] DEBUG org.eclipse.jetty.server.Server - REQUEST POST /__admin/mappings on HttpChannelOverHttp@21384383{s=HttpChannelState@643ad9c0{s=HANDLING rs=BLOCKING os=OPEN is=IDLE awp=false se=false i=true al=0},r=2,c=false/false,a=HANDLING,uri=//localhost:8080/__admin/mappings,age=1}
13:18:27.166 [qtp158982948-61] DEBUG org.eclipse.jetty.server.handler.ContextHandler - scope null||/__admin/mappings @ o.e.j.s.ServletContextHandler@130e2bb3{/__admin,null,AVAILABLE}
13:18:27.166 [qtp158982948-61] DEBUG org.eclipse.jetty.server.handler.ContextHandler - context=/__admin||/mappings @ o.e.j.s.ServletContextHandler@130e2bb3{/__admin,null,AVAILABLE}
13:18:27.167 [qtp158982948-61] DEBUG org.eclipse.jetty.servlet.ServletHandler - servlet /__admin|/mappings|null -> com.github.tomakehurst.wiremock.servlet.WireMockHandlerDispatchingServlet-52e3593c@e440ec4d==com.github.tomakehurst.wiremock.servlet.WireMockHandlerDispatchingServlet,jsp=null,order=-1,inst=true,async=true
13:18:27.167 [qtp158982948-61] DEBUG org.eclipse.jetty.servlet.ServletHandler - chain=org.eclipse.jetty.servlets.CrossOriginFilter-70c30ac8@70c30ac8==org.eclipse.jetty.servlets.CrossOriginFilter,inst=true,async=true->com.github.tomakehurst.wiremock.servlet.WireMockHandlerDispatchingServlet-52e3593c@e440ec4d==com.github.tomakehurst.wiremock.servlet.WireMockHandlerDispatchingServlet,jsp=null,order=-1,inst=true,async=true
13:18:27.167 [qtp158982948-61] DEBUG org.eclipse.jetty.servlet.ServletHandler - call filter org.eclipse.jetty.servlets.CrossOriginFilter-70c30ac8@70c30ac8==org.eclipse.jetty.servlets.CrossOriginFilter,inst=true,async=true
13:18:27.167 [qtp158982948-61] DEBUG org.eclipse.jetty.servlet.ServletHandler - call servlet com.github.tomakehurst.wiremock.servlet.WireMockHandlerDispatchingServlet-52e3593c@e440ec4d==com.github.tomakehurst.wiremock.servlet.WireMockHandlerDispatchingServlet,jsp=null,order=-1,inst=true,async=true
13:18:27.168 [qtp158982948-61] DEBUG org.eclipse.jetty.server.HttpConnection - HttpConnection@4e97f204::NetworkTrafficSocketChannelEndPoint@2bc028f3{/127.0.0.1:64988<->/127.0.0.1:8080,OPEN,fill=-,flush=-,to=15/30000}{io=0/0,kio=0,kro=1}->HttpConnection@4e97f204[p=HttpParser{s=CONTENT,0 of 644},g=HttpGenerator@55947826{s=START}]=>HttpChannelOverHttp@21384383{s=HttpChannelState@643ad9c0{s=HANDLING rs=BLOCKING os=OPEN is=IDLE awp=false se=false i=true al=0},r=2,c=false/false,a=HANDLING,uri=//localhost:8080/__admin/mappings,age=3} parse HeapByteBuffer@10a2ecb7[p=195,l=839,c=8192,r=644]={POST /__a....2)\r\n\r\n<<<{\r\n  "id" : "1616bc93-a4e...ioState" : "Started"\r\n}>>>\x00\x00\x00\x00\x00\x00\x00\x00\x00...\x00\x00\x00\x00\x00\x00\x00} {}
13:18:27.169 [qtp158982948-61] DEBUG org.eclipse.jetty.http.HttpParser - parseNext s=CONTENT HeapByteBuffer@10a2ecb7[p=195,l=839,c=8192,r=644]={POST /__a....2)\r\n\r\n<<<{\r\n  "id" : "1616bc93-a4e...ioState" : "Started"\r\n}>>>\x00\x00\x00\x00\x00\x00\x00\x00\x00...\x00\x00\x00\x00\x00\x00\x00}
13:18:27.169 [qtp158982948-61] DEBUG org.eclipse.jetty.server.HttpChannel - onContent HttpChannelOverHttp@21384383{s=HttpChannelState@643ad9c0{s=HANDLING rs=BLOCKING os=OPEN is=IDLE awp=false se=false i=true al=0},r=2,c=false/false,a=HANDLING,uri=//localhost:8080/__admin/mappings,age=4} Content@43431874{HeapByteBufferR@1537ac02[p=195,l=839,c=8192,r=644]={POST /__a....2)\r\n\r\n<<<{\r\n  "id" : "1616bc93-a4e...ioState" : "Started"\r\n}>>>\x00\x00\x00\x00\x00\x00\x00\x00\x00...\x00\x00\x00\x00\x00\x00\x00}}
13:18:27.169 [qtp158982948-61] DEBUG org.eclipse.jetty.server.HttpInput - HttpInputOverHTTP@581892e0[c=0,q=0,[0]=null,s=STREAM] addContent Content@43431874{HeapByteBufferR@1537ac02[p=195,l=839,c=8192,r=644]={POST /__a....2)\r\n\r\n<<<{\r\n  "id" : "1616bc93-a4e...ioState" : "Started"\r\n}>>>\x00\x00\x00\x00\x00\x00\x00\x00\x00...\x00\x00\x00\x00\x00\x00\x00}}
13:18:27.169 [qtp158982948-61] DEBUG org.eclipse.jetty.http.HttpParser - CONTENT --> CONTENT_END
13:18:27.169 [qtp158982948-61] DEBUG org.eclipse.jetty.server.HttpChannel - onContentComplete HttpChannelOverHttp@21384383{s=HttpChannelState@643ad9c0{s=HANDLING rs=BLOCKING os=OPEN is=IDLE awp=false se=false i=true al=0},r=2,c=false/false,a=HANDLING,uri=//localhost:8080/__admin/mappings,age=4}
13:18:27.169 [qtp158982948-61] DEBUG org.eclipse.jetty.http.HttpParser - CONTENT_END --> END
13:18:27.169 [qtp158982948-61] DEBUG org.eclipse.jetty.server.HttpChannel - onRequestComplete HttpChannelOverHttp@21384383{s=HttpChannelState@643ad9c0{s=HANDLING rs=BLOCKING os=OPEN is=IDLE awp=false se=false i=true al=0},r=2,c=false/false,a=HANDLING,uri=//localhost:8080/__admin/mappings,age=4}
13:18:27.169 [qtp158982948-61] DEBUG org.eclipse.jetty.server.HttpInput - HttpInputOverHTTP@581892e0[c=0,q=1,[0]=EOF,s=STREAM] addContent EOF
13:18:27.170 [qtp158982948-61] DEBUG org.eclipse.jetty.server.HttpConnection - HttpConnection@4e97f204::NetworkTrafficSocketChannelEndPoint@2bc028f3{/127.0.0.1:64988<->/127.0.0.1:8080,OPEN,fill=-,flush=-,to=17/30000}{io=0/0,kio=0,kro=1}->HttpConnection@4e97f204[p=HttpParser{s=END,644 of 644},g=HttpGenerator@55947826{s=START}]=>HttpChannelOverHttp@21384383{s=HttpChannelState@643ad9c0{s=HANDLING rs=BLOCKING os=OPEN is=IDLE awp=false se=false i=true al=0},r=2,c=false/false,a=HANDLING,uri=//localhost:8080/__admin/mappings,age=5} parsed false HttpParser{s=END,644 of 644}
13:18:27.171 [qtp158982948-61] DEBUG org.eclipse.jetty.server.HttpInput - HttpInputOverHTTP@581892e0[c=644,q=1,[0]=EOF,s=STREAM] read 644 from Content@43431874{HeapByteBufferR@1537ac02[p=839,l=839,c=8192,r=0]={POST /__a...ted"\r\n}<<<>>>\x00\x00\x00\x00\x00\x00\x00\x00\x00...\x00\x00\x00\x00\x00\x00\x00}}
13:18:27.171 [qtp158982948-61] DEBUG org.eclipse.jetty.server.HttpConnection - releaseRequestBuffer HttpConnection@4e97f204::NetworkTrafficSocketChannelEndPoint@2bc028f3{/127.0.0.1:64988<->/127.0.0.1:8080,OPEN,fill=-,flush=-,to=18/30000}{io=0/0,kio=0,kro=1}->HttpConnection@4e97f204[p=HttpParser{s=END,644 of 644},g=HttpGenerator@55947826{s=START}]=>HttpChannelOverHttp@21384383{s=HttpChannelState@643ad9c0{s=HANDLING rs=BLOCKING os=OPEN is=IDLE awp=false se=false i=true al=0},r=2,c=false/false,a=HANDLING,uri=//localhost:8080/__admin/mappings,age=6}
13:18:27.171 [qtp158982948-61] DEBUG org.eclipse.jetty.server.HttpChannelState - onEof HttpChannelState@643ad9c0{s=HANDLING rs=BLOCKING os=OPEN is=IDLE awp=false se=false i=true al=0}
13:18:27.182 [qtp158982948-61] DEBUG org.eclipse.jetty.server.HttpOutput - write(array HeapByteBuffer@63cfd60a[p=0,l=644,c=8192,r=644]={<<<{\r\n  "id" : "1616bc93-a4e...ioState" : "Started"\r\n}>>>\x00\x00\x00\x00\x00\x00\x00\x00\x00...\x00\x00\x00\x00\x00\x00\x00})
13:18:27.182 [qtp158982948-61] DEBUG org.eclipse.jetty.server.HttpOutput - write(array) s=OPEN,api=BLOCKING,sc=false,e=null aggregated !flush DirectByteBuffer@43c2fbae[p=0,l=644,c=32768,r=644]={<<<{\r\n  "id" : "1616bc93-a4e...ioState" : "Started"\r\n}>>>\x00\x00\x00\x00\x00\x00\x00\x00\x00...\x00\x00\x00\x00\x00\x00\x00}
13:18:27.182 [qtp158982948-61] DEBUG org.eclipse.jetty.server.HttpChannel - sendResponse info=null content=DirectByteBuffer@43c2fbae[p=0,l=644,c=32768,r=644]={<<<{\r\n  "id" : "1616bc93-a4e...ioState" : "Started"\r\n}>>>\x00\x00\x00\x00\x00\x00\x00\x00\x00...\x00\x00\x00\x00\x00\x00\x00} complete=false committing=true callback=Blocker@7fc12534{null}
13:18:27.182 [qtp158982948-61] DEBUG org.eclipse.jetty.server.HttpChannel - COMMIT for /__admin/mappings on HttpChannelOverHttp@21384383{s=HttpChannelState@643ad9c0{s=HANDLING rs=BLOCKING os=COMMITTED is=READY awp=false se=false i=true al=0},r=2,c=false/false,a=HANDLING,uri=//localhost:8080/__admin/mappings,age=17}
201 null HTTP/1.1
Content-Type: application/json


13:18:27.183 [qtp158982948-61] DEBUG org.eclipse.jetty.server.HttpConnection - generate: NEED_HEADER for org.eclipse.jetty.server.HttpConnection$SendCallback@4a03c84c[PROCESSING][i=HTTP/1.1{s=201,h=1,cl=-1},cb=org.eclipse.jetty.server.HttpChannel$SendCallback@214fa105] (null,[p=0,l=644,c=32768,r=644],false)@START
13:18:27.183 [qtp158982948-61] DEBUG org.eclipse.jetty.http.HttpGenerator - generateHeaders HTTP/1.1{s=201,h=1,cl=-1} last=false content=DirectByteBuffer@43c2fbae[p=0,l=644,c=32768,r=644]={<<<{\r\n  "id" : "1616bc93-a4e...ioState" : "Started"\r\n}>>>\x00\x00\x00\x00\x00\x00\x00\x00\x00...\x00\x00\x00\x00\x00\x00\x00}
13:18:27.183 [qtp158982948-61] DEBUG org.eclipse.jetty.http.HttpGenerator - Content-Type: application/json


13:18:27.183 [qtp158982948-61] DEBUG org.eclipse.jetty.http.HttpGenerator - CHUNKED_CONTENT
13:18:27.183 [qtp158982948-61] DEBUG org.eclipse.jetty.server.HttpConnection - generate: FLUSH for org.eclipse.jetty.server.HttpConnection$SendCallback@4a03c84c[PROCESSING][i=HTTP/1.1{s=201,h=1,cl=-1},cb=org.eclipse.jetty.server.HttpChannel$SendCallback@214fa105] ([p=0,l=122,c=8192,r=122],[p=0,l=644,c=32768,r=644],false)@COMMITTED
13:18:27.183 [qtp158982948-61] DEBUG org.eclipse.jetty.io.WriteFlusher - write: WriteFlusher@445d9406{IDLE}->null [HeapByteBuffer@10a2ecb7[p=0,l=122,c=8192,r=122]={<<<HTTP/1.1 201 Created\r\nCon....28.v20200408)\r\n\r\n284\r\n>>>ction: Ke...\x00\x00\x00\x00\x00\x00\x00},DirectByteBuffer@43c2fbae[p=0,l=644,c=32768,r=644]={<<<{\r\n  "id" : "1616bc93-a4e...ioState" : "Started"\r\n}>>>\x00\x00\x00\x00\x00\x00\x00\x00\x00...\x00\x00\x00\x00\x00\x00\x00}]
13:18:27.183 [qtp158982948-61] DEBUG org.eclipse.jetty.io.WriteFlusher - update WriteFlusher@445d9406{WRITING}->null:IDLE-->WRITING
13:18:27.183 [Test worker] DEBUG org.apache.http.wire - http-outgoing-2 << "HTTP/1.1 201 Created[\r][\n]"
13:18:27.183 [Test worker] DEBUG org.apache.http.wire - http-outgoing-2 << "Content-Type: application/json[\r][\n]"
13:18:27.183 [Test worker] DEBUG org.apache.http.wire - http-outgoing-2 << "Transfer-Encoding: chunked[\r][\n]"
13:18:27.183 [Test worker] DEBUG org.apache.http.wire - http-outgoing-2 << "Server: Jetty(9.4.28.v20200408)[\r][\n]"
13:18:27.183 [Test worker] DEBUG org.apache.http.wire - http-outgoing-2 << "[\r][\n]"
13:18:27.183 [Test worker] DEBUG org.apache.http.wire - http-outgoing-2 << "284[\r][\n]"
13:18:27.183 [Test worker] DEBUG org.apache.http.headers - http-outgoing-2 << HTTP/1.1 201 Created
13:18:27.183 [Test worker] DEBUG org.apache.http.headers - http-outgoing-2 << Content-Type: application/json
13:18:27.183 [Test worker] DEBUG org.apache.http.headers - http-outgoing-2 << Transfer-Encoding: chunked
13:18:27.183 [Test worker] DEBUG org.apache.http.headers - http-outgoing-2 << Server: Jetty(9.4.28.v20200408)
13:18:27.184 [Test worker] DEBUG org.apache.http.impl.execchain.MainClientExec - Connection can be kept alive indefinitely
13:18:27.184 [qtp158982948-61] DEBUG org.eclipse.jetty.io.ChannelEndPoint - flushed 122 NetworkTrafficSocketChannelEndPoint@2bc028f3{/127.0.0.1:64988<->/127.0.0.1:8080,OPEN,fill=-,flush=W,to=31/30000}{io=0/0,kio=0,kro=1}->HttpConnection@4e97f204[p=HttpParser{s=END,644 of 644},g=HttpGenerator@55947826{s=COMMITTED}]=>HttpChannelOverHttp@21384383{s=HttpChannelState@643ad9c0{s=HANDLING rs=BLOCKING os=COMMITTED is=READY awp=false se=false i=true al=0},r=2,c=false/false,a=HANDLING,uri=//localhost:8080/__admin/mappings,age=19}
13:18:27.185 [Test worker] DEBUG org.apache.http.wire - http-outgoing-2 << "{[\r][\n]"
13:18:27.185 [Test worker] DEBUG org.apache.http.wire - http-outgoing-2 << "  "id" : "1616bc93-a4e5-405f-96b2-09234de8ef49",[\r][\n]"
13:18:27.185 [Test worker] DEBUG org.apache.http.wire - http-outgoing-2 << "  "request" : {[\r][\n]"
13:18:27.185 [Test worker] DEBUG org.apache.http.wire - http-outgoing-2 << "    "url" : "/api/v0/components/login",[\r][\n]"
13:18:27.185 [Test worker] DEBUG org.apache.http.wire - http-outgoing-2 << "    "method" : "POST",[\r][\n]"
13:18:27.185 [Test worker] DEBUG org.apache.http.wire - http-outgoing-2 << "    "headers" : {[\r][\n]"
13:18:27.185 [Test worker] DEBUG org.apache.http.wire - http-outgoing-2 << "      "Content-Type" : {[\r][\n]"
13:18:27.185 [Test worker] DEBUG org.apache.http.wire - http-outgoing-2 << "        "equalTo" : "application/json"[\r][\n]"
13:18:27.185 [Test worker] DEBUG org.apache.http.wire - http-outgoing-2 << "      }[\r][\n]"
13:18:27.185 [Test worker] DEBUG org.apache.http.wire - http-outgoing-2 << "    },[\r][\n]"
13:18:27.185 [Test worker] DEBUG org.apache.http.wire - http-outgoing-2 << "    "bodyPatterns" : [ {[\r][\n]"
13:18:27.185 [Test worker] DEBUG org.apache.http.wire - http-outgoing-2 << "      "equalTo" : "{\"password\":\"123456\",\"username\":\"catalogClientApi\"}"[\r][\n]"
13:18:27.185 [Test worker] DEBUG org.apache.http.wire - http-outgoing-2 << "    } ][\r][\n]"
13:18:27.185 [Test worker] DEBUG org.apache.http.wire - http-outgoing-2 << "  },[\r][\n]"
13:18:27.185 [Test worker] DEBUG org.apache.http.wire - http-outgoing-2 << "  "response" : {[\r][\n]"
13:18:27.185 [Test worker] DEBUG org.apache.http.wire - http-outgoing-2 << "    "status" : 200,[\r][\n]"
13:18:27.185 [Test worker] DEBUG org.apache.http.wire - http-outgoing-2 << "    "body" : "{\"token\":\"someToken\"}",[\r][\n]"
13:18:27.185 [Test worker] DEBUG org.apache.http.wire - http-outgoing-2 << "    "headers" : {[\r][\n]"
13:18:27.185 [Test worker] DEBUG org.apache.http.wire - http-outgoing-2 << "      "Content-Type" : "application/json"[\r][\n]"
13:18:27.185 [Test worker] DEBUG org.apache.http.wire - http-outgoing-2 << "    }[\r][\n]"
13:18:27.185 [Test worker] DEBUG org.apache.http.wire - http-outgoing-2 << "  },[\r][\n]"
13:18:27.185 [Test worker] DEBUG org.apache.http.wire - http-outgoing-2 << "  "uuid" : "1616bc93-a4e5-405f-96b2-09234de8ef49",[\r][\n]"
13:18:27.185 [Test worker] DEBUG org.apache.http.wire - http-outgoing-2 << "  "scenarioName" : "unAuthorized",[\r][\n]"
13:18:27.185 [Test worker] DEBUG org.apache.http.wire - http-outgoing-2 << "  "requiredScenarioState" : "Started"[\r][\n]"
13:18:27.185 [Test worker] DEBUG org.apache.http.wire - http-outgoing-2 << "}"
13:18:27.185 [qtp158982948-61] DEBUG org.eclipse.jetty.io.ChannelEndPoint - flushed 644 NetworkTrafficSocketChannelEndPoint@2bc028f3{/127.0.0.1:64988<->/127.0.0.1:8080,OPEN,fill=-,flush=W,to=0/30000}{io=0/0,kio=0,kro=1}->HttpConnection@4e97f204[p=HttpParser{s=END,644 of 644},g=HttpGenerator@55947826{s=COMMITTED}]=>HttpChannelOverHttp@21384383{s=HttpChannelState@643ad9c0{s=HANDLING rs=BLOCKING os=COMMITTED is=READY awp=false se=false i=true al=0},r=2,c=false/false,a=HANDLING,uri=//localhost:8080/__admin/mappings,age=20}
13:18:27.186 [qtp158982948-61] DEBUG org.eclipse.jetty.io.WriteFlusher - Flushed=true written=766 remaining=0 WriteFlusher@445d9406{WRITING}->null
13:18:27.186 [qtp158982948-61] DEBUG org.eclipse.jetty.io.WriteFlusher - update WriteFlusher@445d9406{IDLE}->null:WRITING-->IDLE
13:18:27.186 [qtp158982948-61] DEBUG org.eclipse.jetty.server.HttpConnection - generate: DONE for org.eclipse.jetty.server.HttpConnection$SendCallback@4a03c84c[PROCESSING][i=HTTP/1.1{s=201,h=1,cl=-1},cb=org.eclipse.jetty.server.HttpChannel$SendCallback@214fa105] ([p=122,l=122,c=8192,r=0],[p=644,l=644,c=32768,r=0],false)@COMMITTED
13:18:27.186 [qtp158982948-61] DEBUG org.eclipse.jetty.server.HttpOutput - onWriteComplete(false,null) s=OPEN,api=BLOCKED,sc=false,e=null->s=OPEN,api=BLOCKING,sc=false,e=null c=null cb=null w=false
13:18:27.186 [qtp158982948-61] DEBUG org.eclipse.jetty.server.HttpOutput - close() s=CLOSING,api=BLOCKED,sc=false,e=null c=HeapByteBuffer@137d328[p=0,l=0,c=0,r=0]={<<<>>>} b=Blocker@7fc12534{null}
13:18:27.186 [qtp158982948-61] DEBUG org.eclipse.jetty.server.HttpChannel - sendResponse info=null content=HeapByteBuffer@137d328[p=0,l=0,c=0,r=0]={<<<>>>} complete=true committing=false callback=Blocker@7fc12534{null}
13:18:27.186 [qtp158982948-61] DEBUG org.eclipse.jetty.server.HttpConnection - generate: CONTINUE for org.eclipse.jetty.server.HttpConnection$SendCallback@4a03c84c[PROCESSING][i=null,cb=org.eclipse.jetty.server.HttpChannel$SendCallback@66c2c72e] (null,[p=0,l=0,c=0,r=0],true)@COMPLETING
13:18:27.186 [qtp158982948-61] DEBUG org.eclipse.jetty.server.HttpConnection - generate: NEED_CHUNK for org.eclipse.jetty.server.HttpConnection$SendCallback@4a03c84c[PROCESSING][i=null,cb=org.eclipse.jetty.server.HttpChannel$SendCallback@66c2c72e] (null,[p=0,l=0,c=0,r=0],true)@COMPLETING
13:18:27.186 [qtp158982948-61] DEBUG org.eclipse.jetty.server.HttpConnection - generate: FLUSH for org.eclipse.jetty.server.HttpConnection$SendCallback@4a03c84c[PROCESSING][i=null,cb=org.eclipse.jetty.server.HttpChannel$SendCallback@66c2c72e] (null,[p=0,l=0,c=0,r=0],true)@COMPLETING
13:18:27.187 [qtp158982948-61] DEBUG org.eclipse.jetty.io.WriteFlusher - write: WriteFlusher@445d9406{IDLE}->null [HeapByteBuffer@66560e90[p=0,l=7,c=1024,r=7]={<<<\r\n0\r\n\r\n>>>\x00\x00\x00\x00\x00\x00\x00\x00\x00...\x00\x00\x00\x00\x00\x00\x00}]
13:18:27.188 [qtp158982948-61] DEBUG org.eclipse.jetty.io.WriteFlusher - update WriteFlusher@445d9406{WRITING}->null:IDLE-->WRITING
13:18:27.188 [Test worker] DEBUG org.apache.http.wire - http-outgoing-2 << "[\r][\n]"
13:18:27.188 [Test worker] DEBUG org.apache.http.wire - http-outgoing-2 << "0[\r][\n]"
13:18:27.188 [Test worker] DEBUG org.apache.http.wire - http-outgoing-2 << "[\r][\n]"
13:18:27.188 [qtp158982948-61] DEBUG org.eclipse.jetty.io.ChannelEndPoint - flushed 7 NetworkTrafficSocketChannelEndPoint@2bc028f3{/127.0.0.1:64988<->/127.0.0.1:8080,OPEN,fill=-,flush=W,to=2/30000}{io=0/0,kio=0,kro=1}->HttpConnection@4e97f204[p=HttpParser{s=END,644 of 644},g=HttpGenerator@55947826{s=COMPLETING}]=>HttpChannelOverHttp@21384383{s=HttpChannelState@643ad9c0{s=HANDLING rs=BLOCKING os=COMMITTED is=READY awp=false se=false i=true al=0},r=2,c=false/false,a=HANDLING,uri=//localhost:8080/__admin/mappings,age=23}
13:18:27.188 [Test worker] DEBUG org.apache.http.impl.conn.PoolingHttpClientConnectionManager - Connection [id: 2][route: {}->http://localhost:8080] can be kept alive indefinitely
13:18:27.188 [Test worker] DEBUG org.apache.http.impl.conn.DefaultManagedHttpClientConnection - http-outgoing-2: set socket timeout to 0
13:18:27.188 [qtp158982948-61] DEBUG org.eclipse.jetty.io.WriteFlusher - Flushed=true written=7 remaining=0 WriteFlusher@445d9406{WRITING}->null
13:18:27.188 [qtp158982948-61] DEBUG org.eclipse.jetty.io.WriteFlusher - update WriteFlusher@445d9406{IDLE}->null:WRITING-->IDLE
13:18:27.188 [Test worker] DEBUG org.apache.http.impl.conn.PoolingHttpClientConnectionManager - Connection released: [id: 2][route: {}->http://localhost:8080][total available: 1; route allocated: 1 of 5; total allocated: 1 of 50]
13:18:27.188 [qtp158982948-61] DEBUG org.eclipse.jetty.server.HttpConnection - generate: DONE for org.eclipse.jetty.server.HttpConnection$SendCallback@4a03c84c[PROCESSING][i=null,cb=org.eclipse.jetty.server.HttpChannel$SendCallback@66c2c72e] (null,[p=0,l=0,c=0,r=0],true)@END
13:18:27.189 [qtp158982948-61] DEBUG org.eclipse.jetty.server.HttpOutput - onWriteComplete(true,null) s=CLOSING,api=BLOCKED,sc=false,e=null->s=CLOSED,api=BLOCKING,sc=false,e=null c=null cb=null w=false
13:18:27.190 [qtp158982948-61] DEBUG org.eclipse.jetty.server.handler.gzip.GzipHandler - GzipHandler@69acd89a{STARTED,min=32,inflate=-1} handle Request[POST //localhost:8080/__admin/mappings]@46718ff1 in null
13:18:27.190 [qtp158982948-61] DEBUG org.eclipse.jetty.server.handler.ContextHandler - scope null||/__admin/mappings @ o.e.j.s.ServletContextHandler@52601e0c{/,null,AVAILABLE}
13:18:27.190 [qtp158982948-61] DEBUG org.eclipse.jetty.server.Server - handled=true async=false committed=true on HttpChannelOverHttp@21384383{s=HttpChannelState@643ad9c0{s=HANDLING rs=BLOCKING os=COMPLETED is=READY awp=false se=false i=true al=0},r=2,c=false/true,a=HANDLING,uri=//localhost:8080/__admin/mappings,age=25}
13:18:27.190 [qtp158982948-61] DEBUG org.eclipse.jetty.server.HttpChannelState - unhandle HttpChannelState@643ad9c0{s=HANDLING rs=BLOCKING os=COMPLETED is=READY awp=false se=false i=true al=0}
13:18:27.190 [qtp158982948-61] DEBUG org.eclipse.jetty.server.HttpChannelState - nextAction(false) COMPLETE HttpChannelState@643ad9c0{s=HANDLING rs=COMPLETING os=COMPLETED is=READY awp=false se=false i=false al=0}
13:18:27.190 [qtp158982948-61] DEBUG org.eclipse.jetty.server.HttpChannel - action COMPLETE HttpChannelOverHttp@21384383{s=HttpChannelState@643ad9c0{s=HANDLING rs=COMPLETING os=COMPLETED is=READY awp=false se=false i=false al=0},r=2,c=false/true,a=HANDLING,uri=//localhost:8080/__admin/mappings,age=25}
13:18:27.190 [qtp158982948-61] DEBUG org.eclipse.jetty.server.HttpOutput - complete(org.eclipse.jetty.util.Callback$4@3539774b) s=CLOSED,api=BLOCKING,sc=false,e=null s=true e=null, c=null
13:18:27.190 [qtp158982948-61] DEBUG org.eclipse.jetty.server.HttpChannelState - completed HttpChannelState@643ad9c0{s=HANDLING rs=COMPLETING os=COMPLETED is=READY awp=false se=false i=false al=0}
13:18:27.190 [qtp158982948-61] DEBUG org.eclipse.jetty.server.HttpChannelState - unhandle HttpChannelState@643ad9c0{s=HANDLING rs=COMPLETED os=COMPLETED is=READY awp=false se=false i=false al=0}
13:18:27.190 [qtp158982948-61] DEBUG org.eclipse.jetty.server.HttpChannelState - nextAction(false) TERMINATED HttpChannelState@643ad9c0{s=IDLE rs=COMPLETED os=COMPLETED is=READY awp=false se=false i=false al=0}
13:18:27.190 [qtp158982948-61] DEBUG org.eclipse.jetty.server.HttpChannel - action TERMINATED HttpChannelOverHttp@21384383{s=HttpChannelState@643ad9c0{s=IDLE rs=COMPLETED os=COMPLETED is=READY awp=false se=false i=false al=0},r=2,c=true/true,a=IDLE,uri=//localhost:8080/__admin/mappings,age=25}
13:18:27.192 [qtp158982948-61] DEBUG org.eclipse.jetty.server.HttpChannel - onCompleted for /__admin/mappings written=644
13:18:27.195 [qtp158982948-61] DEBUG org.eclipse.jetty.server.HttpChannelState - recycle HttpChannelState@643ad9c0{s=IDLE rs=COMPLETED os=COMPLETED is=READY awp=false se=false i=false al=0}
13:18:27.195 [qtp158982948-61] DEBUG org.eclipse.jetty.http.HttpParser - reset HttpParser{s=END,644 of 644}
13:18:27.195 [qtp158982948-61] DEBUG org.eclipse.jetty.http.HttpParser - END --> START
13:18:27.195 [qtp158982948-61] DEBUG org.eclipse.jetty.server.HttpChannel - !handle TERMINATED HttpChannelOverHttp@21384383{s=HttpChannelState@643ad9c0{s=IDLE rs=BLOCKING os=OPEN is=IDLE awp=false se=false i=true al=0},r=2,c=false/false,a=IDLE,uri=null,age=0}
13:18:27.195 [qtp158982948-61] DEBUG org.eclipse.jetty.io.ChannelEndPoint - filled 0 HeapByteBuffer@10a2ecb7[p=0,l=0,c=8192,r=0]={<<<>>>HTTP/1.1 ...\x00\x00\x00\x00\x00\x00\x00}
13:18:27.196 [qtp158982948-61] DEBUG org.eclipse.jetty.io.ChannelEndPoint - filled 0 HeapByteBuffer@10a2ecb7[p=0,l=0,c=8192,r=0]={<<<>>>HTTP/1.1 ...\x00\x00\x00\x00\x00\x00\x00}
13:18:27.196 [qtp158982948-61] DEBUG org.eclipse.jetty.server.HttpConnection - HttpConnection@4e97f204::NetworkTrafficSocketChannelEndPoint@2bc028f3{/127.0.0.1:64988<->/127.0.0.1:8080,OPEN,fill=-,flush=-,to=7/30000}{io=0/0,kio=0,kro=1}->HttpConnection@4e97f204[p=HttpParser{s=START,0 of -1},g=HttpGenerator@55947826{s=START}]=>HttpChannelOverHttp@21384383{s=HttpChannelState@643ad9c0{s=IDLE rs=BLOCKING os=OPEN is=IDLE awp=false se=false i=true al=0},r=2,c=false/false,a=IDLE,uri=null,age=0} filled 0 HeapByteBuffer@10a2ecb7[p=0,l=0,c=8192,r=0]={<<<>>>HTTP/1.1 ...\x00\x00\x00\x00\x00\x00\x00}
13:18:27.200 [Test worker] DEBUG org.apache.http.impl.conn.PoolingHttpClientConnectionManager - Connection request: [route: {}->http://localhost:8080][total available: 1; route allocated: 1 of 5; total allocated: 1 of 50]
13:18:27.200 [Test worker] DEBUG org.apache.http.impl.conn.PoolingHttpClientConnectionManager - Connection leased: [id: 2][route: {}->http://localhost:8080][total available: 0; route allocated: 1 of 5; total allocated: 1 of 50]
13:18:27.200 [Test worker] DEBUG org.apache.http.impl.conn.DefaultManagedHttpClientConnection - http-outgoing-2: set socket timeout to 30000
13:18:27.200 [Test worker] DEBUG org.apache.http.impl.execchain.MainClientExec - Stale connection check
13:18:27.202 [Test worker] DEBUG org.apache.http.wire - http-outgoing-2 << "[read] I/O error: Read timed out"
13:18:27.202 [Test worker] DEBUG org.apache.http.impl.execchain.MainClientExec - Executing request POST /__admin/mappings HTTP/1.1
13:18:27.202 [Test worker] DEBUG org.apache.http.impl.execchain.MainClientExec - Target auth state: UNCHALLENGED
13:18:27.202 [Test worker] DEBUG org.apache.http.impl.execchain.MainClientExec - Proxy auth state: UNCHALLENGED
13:18:27.202 [Test worker] DEBUG org.apache.http.headers - http-outgoing-2 >> POST /__admin/mappings HTTP/1.1
13:18:27.202 [Test worker] DEBUG org.apache.http.headers - http-outgoing-2 >> Content-Length: 2378
13:18:27.202 [Test worker] DEBUG org.apache.http.headers - http-outgoing-2 >> Content-Type: text/plain; charset=UTF-8
13:18:27.202 [Test worker] DEBUG org.apache.http.headers - http-outgoing-2 >> Host: localhost:8080
13:18:27.202 [Test worker] DEBUG org.apache.http.headers - http-outgoing-2 >> Connection: Keep-Alive
13:18:27.202 [Test worker] DEBUG org.apache.http.headers - http-outgoing-2 >> User-Agent: Apache-HttpClient/4.5.12 (Java/11.0.2)
13:18:27.202 [Test worker] DEBUG org.apache.http.wire - http-outgoing-2 >> "POST /__admin/mappings HTTP/1.1[\r][\n]"
13:18:27.202 [Test worker] DEBUG org.apache.http.wire - http-outgoing-2 >> "Content-Length: 2378[\r][\n]"
13:18:27.202 [Test worker] DEBUG org.apache.http.wire - http-outgoing-2 >> "Content-Type: text/plain; charset=UTF-8[\r][\n]"
13:18:27.202 [Test worker] DEBUG org.apache.http.wire - http-outgoing-2 >> "Host: localhost:8080[\r][\n]"
13:18:27.202 [Test worker] DEBUG org.apache.http.wire - http-outgoing-2 >> "Connection: Keep-Alive[\r][\n]"
13:18:27.202 [Test worker] DEBUG org.apache.http.wire - http-outgoing-2 >> "User-Agent: Apache-HttpClient/4.5.12 (Java/11.0.2)[\r][\n]"
13:18:27.202 [Test worker] DEBUG org.apache.http.wire - http-outgoing-2 >> "[\r][\n]"
13:18:27.202 [Test worker] DEBUG org.apache.http.wire - http-outgoing-2 >> "{[\r][\n]"
13:18:27.202 [Test worker] DEBUG org.apache.http.wire - http-outgoing-2 >> "  "id" : "72db110a-406a-49eb-a38c-dc8d4d502062",[\r][\n]"
13:18:27.202 [Test worker] DEBUG org.apache.http.wire - http-outgoing-2 >> "  "request" : {[\r][\n]"
13:18:27.202 [Test worker] DEBUG org.apache.http.wire - http-outgoing-2 >> "    "url" : "/api/v0/components/provision-adapters/awx",[\r][\n]"
13:18:27.202 [Test worker] DEBUG org.apache.http.wire - http-outgoing-2 >> "    "method" : "GET",[\r][\n]"
13:18:27.202 [Test worker] DEBUG org.apache.http.wire - http-outgoing-2 >> "    "headers" : {[\r][\n]"
13:18:27.202 [Test worker] DEBUG org.apache.http.wire - http-outgoing-2 >> "      "Authorization" : {[\r][\n]"
13:18:27.202 [Test worker] DEBUG org.apache.http.wire - http-outgoing-2 >> "        "equalTo" : "Bearer someToken"[\r][\n]"
13:18:27.202 [Test worker] DEBUG org.apache.http.wire - http-outgoing-2 >> "      }[\r][\n]"
13:18:27.202 [Test worker] DEBUG org.apache.http.wire - http-outgoing-2 >> "    }[\r][\n]"
13:18:27.202 [Test worker] DEBUG org.apache.http.wire - http-outgoing-2 >> "  },[\r][\n]"
13:18:27.202 [Test worker] DEBUG org.apache.http.wire - http-outgoing-2 >> "  "response" : {[\r][\n]"
13:18:27.202 [Test worker] DEBUG org.apache.http.wire - http-outgoing-2 >> "    "status" : 200,[\r][\n]"
13:18:27.203 [Test worker] DEBUG org.apache.http.wire - http-outgoing-2 >> "    "body" : "{\"id\":\"awx\",\"name\":\"AWX\",\"deleted\":false,\"type\":\"REST\",\"parameters\":{\"provisionAdapterUrl\":\"/provision-adapters/awx/jobs\"},\"questions\":[{\"type\":\"survey.question.FreeInput\",\"prompt\":\"AWX instance URL:\",\"description\":\"This is the URL of the AWX installation.\",\"variableName\":\"provisioningBaseUrl\",\"mandatory\":true,\"masked\":false,\"hidden\":false,\"defaultAnswer\":\"https://inhas66974\",\"answerBaseType\":\"STRING\",\"restrictions\":null},{\"type\":\"survey.question.SelectOption\",\"prompt\":\"Select AWX template type\",\"description\":\"Actually only workflow job templates are supported.\",\"variableName\":\"awxTemplateType\",\"mandatory\":true,\"masked\":false,\"hidden\":false,\"minimumNumberSelections\":1,\"maximumNumberSelections\":1,\"options\":[\"workflow\"],\"defaultAnswer\":[\"workflow\"]},{\"type\":\"survey.question.FreeInput\",\"prompt\":\"Specify provisioning job identifier\",\"description\":\"You can find this identifier in AWX.\",\"variableName\":\"awxTemplateId\",\"mandatory\":true,\"masked\":false,\"hidden\":false,\"defaultAnswer\":null,\"answerBaseType\":\"INTEGER\",\"restrictions\":null},{\"type\":\"survey.question.FreeInput\",\"prompt\":\"Provisioning username:\",\"description\":\"Please use environment variable identifier.\",\"variableName\":\"provisioningUsername\",\"mandatory\":true,\"masked\":false,\"hidden\":false,\"defaultAnswer\":\"provisioner.awx.datalabs.username\",\"answerBaseType\":\"CREDENTIAL\",\"restrictions\":null},{\"type\":\"survey.question.FreeInput\",\"prompt\":\"Provisioning password:\",\"description\":\"Please use environment variable identifier.\",\"variableName\":\"provisioningPassword\",\"mandatory\":true,\"masked\":true,\"hidden\":false,\"defaultAnswer\":\"provisioner.awx.datalabs.password\",\"answerBaseType\":\"CREDENTIAL\",\"restrictions\":null}]}",[\r][\n]"
13:18:27.203 [Test worker] DEBUG org.apache.http.wire - http-outgoing-2 >> "    "headers" : {[\r][\n]"
13:18:27.203 [Test worker] DEBUG org.apache.http.wire - http-outgoing-2 >> "      "Content-Type" : "application/json"[\r][\n]"
13:18:27.203 [Test worker] DEBUG org.apache.http.wire - http-outgoing-2 >> "    }[\r][\n]"
13:18:27.203 [Test worker] DEBUG org.apache.http.wire - http-outgoing-2 >> "  },[\r][\n]"
13:18:27.203 [Test worker] DEBUG org.apache.http.wire - http-outgoing-2 >> "  "uuid" : "72db110a-406a-49eb-a38c-dc8d4d502062",[\r][\n]"
13:18:27.203 [Test worker] DEBUG org.apache.http.wire - http-outgoing-2 >> "  "scenarioName" : "unAuthorized",[\r][\n]"
13:18:27.203 [Test worker] DEBUG org.apache.http.wire - http-outgoing-2 >> "  "requiredScenarioState" : "Started"[\r][\n]"
13:18:27.203 [Test worker] DEBUG org.apache.http.wire - http-outgoing-2 >> "}"
13:18:27.201 [qtp158982948-61] DEBUG org.eclipse.jetty.server.HttpConnection - HttpConnection@4e97f204::NetworkTrafficSocketChannelEndPoint@2bc028f3{/127.0.0.1:64988<->/127.0.0.1:8080,OPEN,fill=-,flush=-,to=7/30000}{io=0/0,kio=0,kro=1}->HttpConnection@4e97f204[p=HttpParser{s=START,0 of -1},g=HttpGenerator@55947826{s=START}]=>HttpChannelOverHttp@21384383{s=HttpChannelState@643ad9c0{s=IDLE rs=BLOCKING os=OPEN is=IDLE awp=false se=false i=true al=0},r=2,c=false/false,a=IDLE,uri=null,age=0} parse HeapByteBuffer@10a2ecb7[p=0,l=0,c=8192,r=0]={<<<>>>HTTP/1.1 ...\x00\x00\x00\x00\x00\x00\x00} {}
13:18:27.203 [qtp158982948-61] DEBUG org.eclipse.jetty.http.HttpParser - parseNext s=START HeapByteBuffer@10a2ecb7[p=0,l=0,c=8192,r=0]={<<<>>>HTTP/1.1 ...\x00\x00\x00\x00\x00\x00\x00}
13:18:27.204 [qtp158982948-61] DEBUG org.eclipse.jetty.server.HttpConnection - HttpConnection@4e97f204::NetworkTrafficSocketChannelEndPoint@2bc028f3{/127.0.0.1:64988<->/127.0.0.1:8080,OPEN,fill=-,flush=-,to=15/30000}{io=0/0,kio=0,kro=1}->HttpConnection@4e97f204[p=HttpParser{s=START,0 of -1},g=HttpGenerator@55947826{s=START}]=>HttpChannelOverHttp@21384383{s=HttpChannelState@643ad9c0{s=IDLE rs=BLOCKING os=OPEN is=IDLE awp=false se=false i=true al=0},r=2,c=false/false,a=IDLE,uri=null,age=0} parsed false HttpParser{s=START,0 of -1}
13:18:27.204 [qtp158982948-61] DEBUG org.eclipse.jetty.server.HttpConnection - releaseRequestBuffer HttpConnection@4e97f204::NetworkTrafficSocketChannelEndPoint@2bc028f3{/127.0.0.1:64988<->/127.0.0.1:8080,OPEN,fill=-,flush=-,to=15/30000}{io=0/0,kio=0,kro=1}->HttpConnection@4e97f204[p=HttpParser{s=START,0 of -1},g=HttpGenerator@55947826{s=START}]=>HttpChannelOverHttp@21384383{s=HttpChannelState@643ad9c0{s=IDLE rs=BLOCKING os=OPEN is=IDLE awp=false se=false i=true al=0},r=2,c=false/false,a=IDLE,uri=null,age=0}
13:18:27.204 [qtp158982948-61] DEBUG org.eclipse.jetty.io.AbstractConnection - fillInterested HttpConnection@4e97f204::NetworkTrafficSocketChannelEndPoint@2bc028f3{/127.0.0.1:64988<->/127.0.0.1:8080,OPEN,fill=-,flush=-,to=15/30000}{io=0/0,kio=0,kro=1}->HttpConnection@4e97f204[p=HttpParser{s=START,0 of -1},g=HttpGenerator@55947826{s=START}]=>HttpChannelOverHttp@21384383{s=HttpChannelState@643ad9c0{s=IDLE rs=BLOCKING os=OPEN is=IDLE awp=false se=false i=true al=0},r=2,c=false/false,a=IDLE,uri=null,age=0}
13:18:27.204 [qtp158982948-61] DEBUG org.eclipse.jetty.io.FillInterest - interested FillInterest@36d30d4c{AC.ReadCB@4e97f204{HttpConnection@4e97f204::NetworkTrafficSocketChannelEndPoint@2bc028f3{/127.0.0.1:64988<->/127.0.0.1:8080,OPEN,fill=FI,flush=-,to=0/30000}{io=0/0,kio=0,kro=1}->HttpConnection@4e97f204[p=HttpParser{s=START,0 of -1},g=HttpGenerator@55947826{s=START}]=>HttpChannelOverHttp@21384383{s=HttpChannelState@643ad9c0{s=IDLE rs=BLOCKING os=OPEN is=IDLE awp=false se=false i=true al=0},r=2,c=false/false,a=IDLE,uri=null,age=0}}}
13:18:27.204 [qtp158982948-61] DEBUG org.eclipse.jetty.io.ChannelEndPoint - changeInterests p=false 0->1 for NetworkTrafficSocketChannelEndPoint@2bc028f3{/127.0.0.1:64988<->/127.0.0.1:8080,OPEN,fill=FI,flush=-,to=0/30000}{io=0/1,kio=0,kro=1}->HttpConnection@4e97f204[p=HttpParser{s=START,0 of -1},g=HttpGenerator@55947826{s=START}]=>HttpChannelOverHttp@21384383{s=HttpChannelState@643ad9c0{s=IDLE rs=BLOCKING os=OPEN is=IDLE awp=false se=false i=true al=0},r=2,c=false/false,a=IDLE,uri=null,age=0}
13:18:27.204 [qtp158982948-61] DEBUG org.eclipse.jetty.io.ManagedSelector - Queued change org.eclipse.jetty.io.ChannelEndPoint$1@415268f on ManagedSelector@100703ac{STARTED} id=1 keys=1 selected=0 updates=0
13:18:27.204 [qtp158982948-61] DEBUG org.eclipse.jetty.io.ManagedSelector - Wakeup on submit ManagedSelector@100703ac{STARTED} id=1 keys=1 selected=0 updates=1
13:18:27.204 [qtp158982948-56] DEBUG org.eclipse.jetty.io.ManagedSelector - Selector sun.nio.ch.WindowsSelectorImpl@758e16ff woken with none selected
13:18:27.204 [qtp158982948-56] DEBUG org.eclipse.jetty.io.ManagedSelector - Selector sun.nio.ch.WindowsSelectorImpl@758e16ff woken up from select, 0/0/1 selected
13:18:27.204 [qtp158982948-56] DEBUG org.eclipse.jetty.io.ManagedSelector - Selector sun.nio.ch.WindowsSelectorImpl@758e16ff processing 0 keys, 1 updates
13:18:27.205 [qtp158982948-56] DEBUG org.eclipse.jetty.io.ManagedSelector - updateable 1
13:18:27.205 [qtp158982948-56] DEBUG org.eclipse.jetty.io.ManagedSelector - update org.eclipse.jetty.io.ChannelEndPoint$1@415268f
13:18:27.205 [qtp158982948-61] DEBUG org.eclipse.jetty.server.HttpConnection - HttpConnection@4e97f204::NetworkTrafficSocketChannelEndPoint@2bc028f3{/127.0.0.1:64988<->/127.0.0.1:8080,OPEN,fill=FI,flush=-,to=0/30000}{io=0/1,kio=0,kro=1}->HttpConnection@4e97f204[p=HttpParser{s=START,0 of -1},g=HttpGenerator@55947826{s=START}]=>HttpChannelOverHttp@21384383{s=HttpChannelState@643ad9c0{s=IDLE rs=BLOCKING os=OPEN is=IDLE awp=false se=false i=true al=0},r=2,c=false/false,a=IDLE,uri=null,age=0} onFillable exit HttpChannelState@643ad9c0{s=IDLE rs=BLOCKING os=OPEN is=IDLE awp=false se=false i=true al=0} null
13:18:27.205 [qtp158982948-56] DEBUG org.eclipse.jetty.io.ChannelEndPoint - Key interests updated 0 -> 1 on NetworkTrafficSocketChannelEndPoint@2bc028f3{/127.0.0.1:64988<->/127.0.0.1:8080,OPEN,fill=FI,flush=-,to=0/30000}{io=1/1,kio=1,kro=1}->HttpConnection@4e97f204[p=HttpParser{s=START,0 of -1},g=HttpGenerator@55947826{s=START}]=>HttpChannelOverHttp@21384383{s=HttpChannelState@643ad9c0{s=IDLE rs=BLOCKING os=OPEN is=IDLE awp=false se=false i=true al=0},r=2,c=false/false,a=IDLE,uri=null,age=0}
13:18:27.205 [qtp158982948-56] DEBUG org.eclipse.jetty.io.ManagedSelector - updates 0
13:18:27.205 [qtp158982948-56] DEBUG org.eclipse.jetty.io.ManagedSelector - Selector sun.nio.ch.WindowsSelectorImpl@758e16ff waiting with 1 keys
13:18:27.205 [qtp158982948-56] DEBUG org.eclipse.jetty.io.ManagedSelector - Selector sun.nio.ch.WindowsSelectorImpl@758e16ff woken up from select, 1/1/1 selected
13:18:27.205 [qtp158982948-56] DEBUG org.eclipse.jetty.io.ManagedSelector - Selector sun.nio.ch.WindowsSelectorImpl@758e16ff processing 1 keys, 0 updates
13:18:27.205 [qtp158982948-61] DEBUG org.eclipse.jetty.util.thread.QueuedThreadPool - ran CEP:NetworkTrafficSocketChannelEndPoint@2bc028f3{/127.0.0.1:64988<->/127.0.0.1:8080,OPEN,fill=FI,flush=-,to=0/30000}{io=1/1,kio=1,kro=1}->HttpConnection@4e97f204[p=HttpParser{s=START,0 of -1},g=HttpGenerator@55947826{s=START}]=>HttpChannelOverHttp@21384383{s=HttpChannelState@643ad9c0{s=IDLE rs=BLOCKING os=OPEN is=IDLE awp=false se=false i=true al=0},r=2,c=false/false,a=IDLE,uri=null,age=0}:runFillable:BLOCKING in QueuedThreadPool[qtp158982948]@979e324{STARTED,8<=8<=14,i=1,r=1,q=0}[ReservedThreadExecutor@2a8706d9{s=1/1,p=0}]
13:18:27.205 [qtp158982948-56] DEBUG org.eclipse.jetty.io.ManagedSelector - selected 1 channel=java.nio.channels.SocketChannel[connected local=/127.0.0.1:8080 remote=/127.0.0.1:64988], selector=sun.nio.ch.WindowsSelectorImpl@758e16ff, interestOps=1, readyOps=1 NetworkTrafficSocketChannelEndPoint@2bc028f3{/127.0.0.1:64988<->/127.0.0.1:8080,OPEN,fill=FI,flush=-,to=0/30000}{io=1/1,kio=1,kro=1}->HttpConnection@4e97f204[p=HttpParser{s=START,0 of -1},g=HttpGenerator@55947826{s=START}]=>HttpChannelOverHttp@21384383{s=HttpChannelState@643ad9c0{s=IDLE rs=BLOCKING os=OPEN is=IDLE awp=false se=false i=true al=0},r=2,c=false/false,a=IDLE,uri=null,age=0} 
13:18:27.205 [qtp158982948-56] DEBUG org.eclipse.jetty.io.ChannelEndPoint - onSelected 1->0 r=true w=false for NetworkTrafficSocketChannelEndPoint@2bc028f3{/127.0.0.1:64988<->/127.0.0.1:8080,OPEN,fill=FI,flush=-,to=1/30000}{io=1/0,kio=1,kro=1}->HttpConnection@4e97f204[p=HttpParser{s=START,0 of -1},g=HttpGenerator@55947826{s=START}]=>HttpChannelOverHttp@21384383{s=HttpChannelState@643ad9c0{s=IDLE rs=BLOCKING os=OPEN is=IDLE awp=false se=false i=true al=0},r=2,c=false/false,a=IDLE,uri=null,age=0}
13:18:27.205 [qtp158982948-56] DEBUG org.eclipse.jetty.io.ChannelEndPoint - task CEP:NetworkTrafficSocketChannelEndPoint@2bc028f3{/127.0.0.1:64988<->/127.0.0.1:8080,OPEN,fill=FI,flush=-,to=1/30000}{io=1/0,kio=1,kro=1}->HttpConnection@4e97f204[p=HttpParser{s=START,0 of -1},g=HttpGenerator@55947826{s=START}]=>HttpChannelOverHttp@21384383{s=HttpChannelState@643ad9c0{s=IDLE rs=BLOCKING os=OPEN is=IDLE awp=false se=false i=true al=0},r=2,c=false/false,a=IDLE,uri=null,age=0}:runFillable:BLOCKING
13:18:27.205 [qtp158982948-56] DEBUG org.eclipse.jetty.util.thread.ReservedThreadExecutor - ReservedThreadExecutor@2a8706d9{s=1/1,p=0} tryExecute EatWhatYouKill@37b9fe6/SelectorProducer@414fe08/PRODUCING/p=false/QueuedThreadPool[qtp158982948]@979e324{STARTED,8<=8<=14,i=2,r=1,q=0}[ReservedThreadExecutor@2a8706d9{s=1/1,p=0}][pc=0,pic=0,pec=1,epc=0]@2020-09-25T13:18:27.2053662+02:00
13:18:27.205 [qtp158982948-56] DEBUG org.eclipse.jetty.util.thread.ReservedThreadExecutor - ReservedThreadExecutor@2a8706d9{s=0/1,p=0}@7f767d8f offer EatWhatYouKill@37b9fe6/SelectorProducer@414fe08/PRODUCING/p=false/QueuedThreadPool[qtp158982948]@979e324{STARTED,8<=8<=14,i=2,r=1,q=0}[ReservedThreadExecutor@2a8706d9{s=0/1,p=0}][pc=0,pic=0,pec=1,epc=0]@2020-09-25T13:18:27.2053662+02:00
13:18:27.205 [qtp158982948-56] DEBUG org.eclipse.jetty.util.thread.ReservedThreadExecutor - ReservedThreadExecutor@2a8706d9{s=0/1,p=1} startReservedThread p=1
13:18:27.206 [qtp158982948-56] DEBUG org.eclipse.jetty.util.thread.QueuedThreadPool - queue ReservedThreadExecutor@2a8706d9{s=0/1,p=1}@3a74ec05 startThread=0
13:18:27.206 [qtp158982948-56] DEBUG org.eclipse.jetty.util.thread.strategy.EatWhatYouKill - EatWhatYouKill@37b9fe6/SelectorProducer@414fe08/IDLE/p=true/QueuedThreadPool[qtp158982948]@979e324{STARTED,8<=8<=14,i=1,r=1,q=0}[ReservedThreadExecutor@2a8706d9{s=0/1,p=1}][pc=0,pic=0,pec=1,epc=0]@2020-09-25T13:18:27.2063782+02:00 m=EXECUTE_PRODUCE_CONSUME t=CEP:NetworkTrafficSocketChannelEndPoint@2bc028f3{/127.0.0.1:64988<->/127.0.0.1:8080,OPEN,fill=FI,flush=-,to=1/30000}{io=1/0,kio=1,kro=1}->HttpConnection@4e97f204[p=HttpParser{s=START,0 of -1},g=HttpGenerator@55947826{s=START}]=>HttpChannelOverHttp@21384383{s=HttpChannelState@643ad9c0{s=IDLE rs=BLOCKING os=OPEN is=IDLE awp=false se=false i=true al=0},r=2,c=false/false,a=IDLE,uri=null,age=0}:runFillable:BLOCKING/BLOCKING
13:18:27.206 [qtp158982948-56] DEBUG org.eclipse.jetty.io.FillInterest - fillable FillInterest@36d30d4c{AC.ReadCB@4e97f204{HttpConnection@4e97f204::NetworkTrafficSocketChannelEndPoint@2bc028f3{/127.0.0.1:64988<->/127.0.0.1:8080,OPEN,fill=FI,flush=-,to=1/30000}{io=1/0,kio=1,kro=1}->HttpConnection@4e97f204[p=HttpParser{s=START,0 of -1},g=HttpGenerator@55947826{s=START}]=>HttpChannelOverHttp@21384383{s=HttpChannelState@643ad9c0{s=IDLE rs=BLOCKING os=OPEN is=IDLE awp=false se=false i=true al=0},r=2,c=false/false,a=IDLE,uri=null,age=0}}}
13:18:27.206 [qtp158982948-56] DEBUG org.eclipse.jetty.server.HttpConnection - HttpConnection@4e97f204::NetworkTrafficSocketChannelEndPoint@2bc028f3{/127.0.0.1:64988<->/127.0.0.1:8080,OPEN,fill=-,flush=-,to=1/30000}{io=1/0,kio=1,kro=1}->HttpConnection@4e97f204[p=HttpParser{s=START,0 of -1},g=HttpGenerator@55947826{s=START}]=>HttpChannelOverHttp@21384383{s=HttpChannelState@643ad9c0{s=IDLE rs=BLOCKING os=OPEN is=IDLE awp=false se=false i=true al=0},r=2,c=false/false,a=IDLE,uri=null,age=0} onFillable enter HttpChannelState@643ad9c0{s=IDLE rs=BLOCKING os=OPEN is=IDLE awp=false se=false i=true al=0} null
13:18:27.206 [qtp158982948-56] DEBUG org.eclipse.jetty.io.ChannelEndPoint - filled 2574 HeapByteBuffer@10a2ecb7[p=0,l=2574,c=8192,r=2574]={<<<POST /__admin/mappings HT...ioState" : "Started"\r\n}>>>\x00\x00\x00\x00\x00\x00\x00\x00\x00...\x00\x00\x00\x00\x00\x00\x00}
13:18:27.206 [qtp158982948-56] DEBUG org.eclipse.jetty.server.HttpConnection - HttpConnection@4e97f204::NetworkTrafficSocketChannelEndPoint@2bc028f3{/127.0.0.1:64988<->/127.0.0.1:8080,OPEN,fill=-,flush=-,to=0/30000}{io=1/0,kio=1,kro=1}->HttpConnection@4e97f204[p=HttpParser{s=START,0 of -1},g=HttpGenerator@55947826{s=START}]=>HttpChannelOverHttp@21384383{s=HttpChannelState@643ad9c0{s=IDLE rs=BLOCKING os=OPEN is=IDLE awp=false se=false i=true al=0},r=2,c=false/false,a=IDLE,uri=null,age=0} filled 2574 HeapByteBuffer@10a2ecb7[p=0,l=2574,c=8192,r=2574]={<<<POST /__admin/mappings HT...ioState" : "Started"\r\n}>>>\x00\x00\x00\x00\x00\x00\x00\x00\x00...\x00\x00\x00\x00\x00\x00\x00}
13:18:27.206 [qtp158982948-56] DEBUG org.eclipse.jetty.server.HttpConnection - HttpConnection@4e97f204::NetworkTrafficSocketChannelEndPoint@2bc028f3{/127.0.0.1:64988<->/127.0.0.1:8080,OPEN,fill=-,flush=-,to=0/30000}{io=1/0,kio=1,kro=1}->HttpConnection@4e97f204[p=HttpParser{s=START,0 of -1},g=HttpGenerator@55947826{s=START}]=>HttpChannelOverHttp@21384383{s=HttpChannelState@643ad9c0{s=IDLE rs=BLOCKING os=OPEN is=IDLE awp=false se=false i=true al=0},r=2,c=false/false,a=IDLE,uri=null,age=0} parse HeapByteBuffer@10a2ecb7[p=0,l=2574,c=8192,r=2574]={<<<POST /__admin/mappings HT...ioState" : "Started"\r\n}>>>\x00\x00\x00\x00\x00\x00\x00\x00\x00...\x00\x00\x00\x00\x00\x00\x00} {}
13:18:27.206 [qtp158982948-56] DEBUG org.eclipse.jetty.http.HttpParser - parseNext s=START HeapByteBuffer@10a2ecb7[p=0,l=2574,c=8192,r=2574]={<<<POST /__admin/mappings HT...ioState" : "Started"\r\n}>>>\x00\x00\x00\x00\x00\x00\x00\x00\x00...\x00\x00\x00\x00\x00\x00\x00}
13:18:27.206 [qtp158982948-56] DEBUG org.eclipse.jetty.http.HttpParser - START --> SPACE1
13:18:27.206 [qtp158982948-56] DEBUG org.eclipse.jetty.http.HttpParser - SPACE1 --> URI
13:18:27.206 [qtp158982948-56] DEBUG org.eclipse.jetty.http.HttpParser - URI --> SPACE2
13:18:27.206 [qtp158982948-56] DEBUG org.eclipse.jetty.http.HttpParser - SPACE2 --> REQUEST_VERSION
13:18:27.206 [qtp158982948-56] DEBUG org.eclipse.jetty.http.HttpParser - REQUEST_VERSION --> HEADER
13:18:27.207 [qtp158982948-56] DEBUG org.eclipse.jetty.http.HttpParser - HEADER:Content-Length --> VALUE
13:18:27.207 [qtp158982948-56] DEBUG org.eclipse.jetty.http.HttpParser - HEADER:Content-Length --> IN_VALUE
13:18:27.207 [qtp158982948-56] DEBUG org.eclipse.jetty.http.HttpParser - HEADER:Content-Length --> FIELD
13:18:27.207 [qtp158982948-56] DEBUG org.eclipse.jetty.http.HttpParser - HEADER:Content-Type: text/plain; charset=UTF-8 --> IN_VALUE
13:18:27.207 [qtp158982948-56] DEBUG org.eclipse.jetty.http.HttpParser - HEADER:Content-Type: text/plain; charset=UTF-8 --> FIELD
13:18:27.207 [qtp158982948-56] DEBUG org.eclipse.jetty.http.HttpParser - HEADER:Host: localhost:8080 --> IN_VALUE
13:18:27.207 [qtp158982948-56] DEBUG org.eclipse.jetty.http.HttpParser - HEADER:Host: localhost:8080 --> FIELD
13:18:27.207 [qtp158982948-56] DEBUG org.eclipse.jetty.http.HttpParser - HEADER:Connection: keep-alive --> IN_VALUE
13:18:27.207 [qtp158982948-56] DEBUG org.eclipse.jetty.http.HttpParser - HEADER:Connection: keep-alive --> FIELD
13:18:27.207 [qtp158982948-56] DEBUG org.eclipse.jetty.http.HttpParser - HEADER:User-Agent: Apache-HttpClient/4.5.12 (Java/11.0.2) --> IN_VALUE
13:18:27.207 [qtp158982948-56] DEBUG org.eclipse.jetty.http.HttpParser - HEADER:User-Agent: Apache-HttpClient/4.5.12 (Java/11.0.2) --> FIELD
13:18:27.207 [qtp158982948-56] DEBUG org.eclipse.jetty.http.HttpParser - HEADER --> CONTENT
13:18:27.207 [qtp158982948-56] DEBUG org.eclipse.jetty.server.HttpChannel - REQUEST for //localhost:8080/__admin/mappings on HttpChannelOverHttp@21384383{s=HttpChannelState@643ad9c0{s=IDLE rs=BLOCKING os=OPEN is=IDLE awp=false se=false i=true al=0},r=3,c=false/false,a=IDLE,uri=//localhost:8080/__admin/mappings,age=0}
POST //localhost:8080/__admin/mappings HTTP/1.1
Content-Length: 2378
Content-Type: text/plain; charset=UTF-8
Host: localhost:8080
Connection: keep-alive
User-Agent: Apache-HttpClient/4.5.12 (Java/11.0.2)


13:18:27.207 [qtp158982948-56] DEBUG org.eclipse.jetty.server.HttpConnection - HttpConnection@4e97f204::NetworkTrafficSocketChannelEndPoint@2bc028f3{/127.0.0.1:64988<->/127.0.0.1:8080,OPEN,fill=-,flush=-,to=0/30000}{io=1/0,kio=1,kro=1}->HttpConnection@4e97f204[p=HttpParser{s=CONTENT,0 of 2378},g=HttpGenerator@55947826{s=START}]=>HttpChannelOverHttp@21384383{s=HttpChannelState@643ad9c0{s=IDLE rs=BLOCKING os=OPEN is=IDLE awp=false se=false i=true al=0},r=3,c=false/false,a=IDLE,uri=//localhost:8080/__admin/mappings,age=0} parsed true HttpParser{s=CONTENT,0 of 2378}
13:18:27.207 [qtp158982948-56] DEBUG org.eclipse.jetty.server.HttpChannel - handle //localhost:8080/__admin/mappings HttpChannelOverHttp@21384383{s=HttpChannelState@643ad9c0{s=IDLE rs=BLOCKING os=OPEN is=IDLE awp=false se=false i=true al=0},r=3,c=false/false,a=IDLE,uri=//localhost:8080/__admin/mappings,age=0} 
13:18:27.207 [qtp158982948-56] DEBUG org.eclipse.jetty.server.HttpChannelState - handling HttpChannelState@643ad9c0{s=IDLE rs=BLOCKING os=OPEN is=IDLE awp=false se=false i=true al=0}
13:18:27.207 [qtp158982948-56] DEBUG org.eclipse.jetty.server.HttpChannel - action DISPATCH HttpChannelOverHttp@21384383{s=HttpChannelState@643ad9c0{s=HANDLING rs=BLOCKING os=OPEN is=IDLE awp=false se=false i=true al=0},r=3,c=false/false,a=HANDLING,uri=//localhost:8080/__admin/mappings,age=0}
13:18:27.207 [qtp158982948-56] DEBUG org.eclipse.jetty.server.Server - REQUEST POST /__admin/mappings on HttpChannelOverHttp@21384383{s=HttpChannelState@643ad9c0{s=HANDLING rs=BLOCKING os=OPEN is=IDLE awp=false se=false i=true al=0},r=3,c=false/false,a=HANDLING,uri=//localhost:8080/__admin/mappings,age=0}
13:18:27.207 [qtp158982948-56] DEBUG org.eclipse.jetty.server.handler.ContextHandler - scope null||/__admin/mappings @ o.e.j.s.ServletContextHandler@130e2bb3{/__admin,null,AVAILABLE}
13:18:27.207 [qtp158982948-56] DEBUG org.eclipse.jetty.server.handler.ContextHandler - context=/__admin||/mappings @ o.e.j.s.ServletContextHandler@130e2bb3{/__admin,null,AVAILABLE}
13:18:27.207 [qtp158982948-56] DEBUG org.eclipse.jetty.servlet.ServletHandler - servlet /__admin|/mappings|null -> com.github.tomakehurst.wiremock.servlet.WireMockHandlerDispatchingServlet-52e3593c@e440ec4d==com.github.tomakehurst.wiremock.servlet.WireMockHandlerDispatchingServlet,jsp=null,order=-1,inst=true,async=true
13:18:27.207 [qtp158982948-56] DEBUG org.eclipse.jetty.servlet.ServletHandler - chain=org.eclipse.jetty.servlets.CrossOriginFilter-70c30ac8@70c30ac8==org.eclipse.jetty.servlets.CrossOriginFilter,inst=true,async=true->com.github.tomakehurst.wiremock.servlet.WireMockHandlerDispatchingServlet-52e3593c@e440ec4d==com.github.tomakehurst.wiremock.servlet.WireMockHandlerDispatchingServlet,jsp=null,order=-1,inst=true,async=true
13:18:27.207 [qtp158982948-56] DEBUG org.eclipse.jetty.servlet.ServletHandler - call filter org.eclipse.jetty.servlets.CrossOriginFilter-70c30ac8@70c30ac8==org.eclipse.jetty.servlets.CrossOriginFilter,inst=true,async=true
13:18:27.208 [qtp158982948-56] DEBUG org.eclipse.jetty.servlet.ServletHandler - call servlet com.github.tomakehurst.wiremock.servlet.WireMockHandlerDispatchingServlet-52e3593c@e440ec4d==com.github.tomakehurst.wiremock.servlet.WireMockHandlerDispatchingServlet,jsp=null,order=-1,inst=true,async=true
13:18:27.208 [qtp158982948-56] DEBUG org.eclipse.jetty.server.HttpConnection - HttpConnection@4e97f204::NetworkTrafficSocketChannelEndPoint@2bc028f3{/127.0.0.1:64988<->/127.0.0.1:8080,OPEN,fill=-,flush=-,to=1/30000}{io=1/0,kio=1,kro=1}->HttpConnection@4e97f204[p=HttpParser{s=CONTENT,0 of 2378},g=HttpGenerator@55947826{s=START}]=>HttpChannelOverHttp@21384383{s=HttpChannelState@643ad9c0{s=HANDLING rs=BLOCKING os=OPEN is=IDLE awp=false se=false i=true al=0},r=3,c=false/false,a=HANDLING,uri=//localhost:8080/__admin/mappings,age=1} parse HeapByteBuffer@10a2ecb7[p=196,l=2574,c=8192,r=2378]={POST /__a....2)\r\n\r\n<<<{\r\n  "id" : "72db110a-406...ioState" : "Started"\r\n}>>>\x00\x00\x00\x00\x00\x00\x00\x00\x00...\x00\x00\x00\x00\x00\x00\x00} {}
13:18:27.208 [qtp158982948-56] DEBUG org.eclipse.jetty.http.HttpParser - parseNext s=CONTENT HeapByteBuffer@10a2ecb7[p=196,l=2574,c=8192,r=2378]={POST /__a....2)\r\n\r\n<<<{\r\n  "id" : "72db110a-406...ioState" : "Started"\r\n}>>>\x00\x00\x00\x00\x00\x00\x00\x00\x00...\x00\x00\x00\x00\x00\x00\x00}
13:18:27.208 [qtp158982948-56] DEBUG org.eclipse.jetty.server.HttpChannel - onContent HttpChannelOverHttp@21384383{s=HttpChannelState@643ad9c0{s=HANDLING rs=BLOCKING os=OPEN is=IDLE awp=false se=false i=true al=0},r=3,c=false/false,a=HANDLING,uri=//localhost:8080/__admin/mappings,age=1} Content@3f482c5a{HeapByteBufferR@b84559b[p=196,l=2574,c=8192,r=2378]={POST /__a....2)\r\n\r\n<<<{\r\n  "id" : "72db110a-406...ioState" : "Started"\r\n}>>>\x00\x00\x00\x00\x00\x00\x00\x00\x00...\x00\x00\x00\x00\x00\x00\x00}}
13:18:27.208 [qtp158982948-56] DEBUG org.eclipse.jetty.server.HttpInput - HttpInputOverHTTP@581892e0[c=0,q=0,[0]=null,s=STREAM] addContent Content@3f482c5a{HeapByteBufferR@b84559b[p=196,l=2574,c=8192,r=2378]={POST /__a....2)\r\n\r\n<<<{\r\n  "id" : "72db110a-406...ioState" : "Started"\r\n}>>>\x00\x00\x00\x00\x00\x00\x00\x00\x00...\x00\x00\x00\x00\x00\x00\x00}}
13:18:27.208 [qtp158982948-56] DEBUG org.eclipse.jetty.http.HttpParser - CONTENT --> CONTENT_END
13:18:27.208 [qtp158982948-56] DEBUG org.eclipse.jetty.server.HttpChannel - onContentComplete HttpChannelOverHttp@21384383{s=HttpChannelState@643ad9c0{s=HANDLING rs=BLOCKING os=OPEN is=IDLE awp=false se=false i=true al=0},r=3,c=false/false,a=HANDLING,uri=//localhost:8080/__admin/mappings,age=1}
13:18:27.208 [qtp158982948-56] DEBUG org.eclipse.jetty.http.HttpParser - CONTENT_END --> END
13:18:27.208 [qtp158982948-56] DEBUG org.eclipse.jetty.server.HttpChannel - onRequestComplete HttpChannelOverHttp@21384383{s=HttpChannelState@643ad9c0{s=HANDLING rs=BLOCKING os=OPEN is=IDLE awp=false se=false i=true al=0},r=3,c=false/false,a=HANDLING,uri=//localhost:8080/__admin/mappings,age=1}
13:18:27.208 [qtp158982948-56] DEBUG org.eclipse.jetty.server.HttpInput - HttpInputOverHTTP@581892e0[c=0,q=1,[0]=EOF,s=STREAM] addContent EOF
13:18:27.208 [qtp158982948-56] DEBUG org.eclipse.jetty.server.HttpConnection - HttpConnection@4e97f204::NetworkTrafficSocketChannelEndPoint@2bc028f3{/127.0.0.1:64988<->/127.0.0.1:8080,OPEN,fill=-,flush=-,to=2/30000}{io=1/0,kio=1,kro=1}->HttpConnection@4e97f204[p=HttpParser{s=END,2378 of 2378},g=HttpGenerator@55947826{s=START}]=>HttpChannelOverHttp@21384383{s=HttpChannelState@643ad9c0{s=HANDLING rs=BLOCKING os=OPEN is=IDLE awp=false se=false i=true al=0},r=3,c=false/false,a=HANDLING,uri=//localhost:8080/__admin/mappings,age=1} parsed false HttpParser{s=END,2378 of 2378}
13:18:27.209 [qtp158982948-56] DEBUG org.eclipse.jetty.server.HttpInput - HttpInputOverHTTP@581892e0[c=2378,q=1,[0]=EOF,s=STREAM] read 2378 from Content@3f482c5a{HeapByteBufferR@b84559b[p=2574,l=2574,c=8192,r=0]={POST /__a...ted"\r\n}<<<>>>\x00\x00\x00\x00\x00\x00\x00\x00\x00...\x00\x00\x00\x00\x00\x00\x00}}
13:18:27.209 [qtp158982948-56] DEBUG org.eclipse.jetty.server.HttpConnection - releaseRequestBuffer HttpConnection@4e97f204::NetworkTrafficSocketChannelEndPoint@2bc028f3{/127.0.0.1:64988<->/127.0.0.1:8080,OPEN,fill=-,flush=-,to=2/30000}{io=1/0,kio=1,kro=1}->HttpConnection@4e97f204[p=HttpParser{s=END,2378 of 2378},g=HttpGenerator@55947826{s=START}]=>HttpChannelOverHttp@21384383{s=HttpChannelState@643ad9c0{s=HANDLING rs=BLOCKING os=OPEN is=IDLE awp=false se=false i=true al=0},r=3,c=false/false,a=HANDLING,uri=//localhost:8080/__admin/mappings,age=2}
13:18:27.209 [qtp158982948-56] DEBUG org.eclipse.jetty.server.HttpChannelState - onEof HttpChannelState@643ad9c0{s=HANDLING rs=BLOCKING os=OPEN is=IDLE awp=false se=false i=true al=0}
13:18:27.244 [qtp158982948-60] DEBUG org.eclipse.jetty.util.thread.ReservedThreadExecutor - ReservedThreadExecutor@2a8706d9{s=0/1,p=1}@7f767d8f task=EatWhatYouKill@37b9fe6/SelectorProducer@414fe08/IDLE/p=true/QueuedThreadPool[qtp158982948]@979e324{STARTED,8<=8<=14,i=1,r=1,q=0}[ReservedThreadExecutor@2a8706d9{s=0/1,p=1}][pc=0,pic=0,pec=1,epc=1]@2020-09-25T13:18:27.2433725+02:00
13:18:27.244 [qtp158982948-62] DEBUG org.eclipse.jetty.util.thread.QueuedThreadPool - run ReservedThreadExecutor@2a8706d9{s=0/1,p=1}@3a74ec05 in QueuedThreadPool[qtp158982948]@979e324{STARTED,8<=8<=14,i=1,r=1,q=0}[ReservedThreadExecutor@2a8706d9{s=0/1,p=1}]
13:18:27.244 [qtp158982948-62] DEBUG org.eclipse.jetty.util.thread.ReservedThreadExecutor - ReservedThreadExecutor@2a8706d9{s=1/1,p=1}@3a74ec05 started
13:18:27.244 [qtp158982948-62] DEBUG org.eclipse.jetty.util.thread.ReservedThreadExecutor - ReservedThreadExecutor@2a8706d9{s=1/1,p=0}@3a74ec05 waiting
13:18:27.244 [qtp158982948-60] DEBUG org.eclipse.jetty.util.thread.strategy.EatWhatYouKill - EatWhatYouKill@37b9fe6/SelectorProducer@414fe08/IDLE/p=true/QueuedThreadPool[qtp158982948]@979e324{STARTED,8<=8<=14,i=1,r=1,q=0}[ReservedThreadExecutor@2a8706d9{s=0/1,p=1}][pc=0,pic=0,pec=1,epc=1]@2020-09-25T13:18:27.2443582+02:00 tryProduce true
13:18:27.244 [qtp158982948-60] DEBUG org.eclipse.jetty.io.ManagedSelector - updateable 0
13:18:27.244 [qtp158982948-60] DEBUG org.eclipse.jetty.io.ManagedSelector - updates 0
13:18:27.245 [qtp158982948-60] DEBUG org.eclipse.jetty.io.ChannelEndPoint - Key interests updated 1 -> 0 on NetworkTrafficSocketChannelEndPoint@2bc028f3{/127.0.0.1:64988<->/127.0.0.1:8080,OPEN,fill=-,flush=-,to=38/30000}{io=0/0,kio=0,kro=1}->HttpConnection@4e97f204[p=HttpParser{s=END,2378 of 2378},g=HttpGenerator@55947826{s=START}]=>HttpChannelOverHttp@21384383{s=HttpChannelState@643ad9c0{s=HANDLING rs=BLOCKING os=OPEN is=READY awp=false se=false i=true al=0},r=3,c=false/false,a=HANDLING,uri=//localhost:8080/__admin/mappings,age=37}
13:18:27.245 [qtp158982948-60] DEBUG org.eclipse.jetty.io.ManagedSelector - Selector sun.nio.ch.WindowsSelectorImpl@758e16ff waiting with 1 keys
13:18:27.248 [qtp158982948-56] DEBUG org.eclipse.jetty.server.HttpOutput - write(array HeapByteBuffer@5c56a433[p=0,l=2378,c=8192,r=2378]={<<<{\r\n  "id" : "72db110a-406...ioState" : "Started"\r\n}>>>\x00\x00\x00\x00\x00\x00\x00\x00\x00...\x00\x00\x00\x00\x00\x00\x00})
13:18:27.248 [qtp158982948-56] DEBUG org.eclipse.jetty.server.HttpOutput - write(array) s=OPEN,api=BLOCKING,sc=false,e=null aggregated !flush DirectByteBuffer@43c2fbae[p=0,l=2378,c=32768,r=2378]={<<<{\r\n  "id" : "72db110a-406...ioState" : "Started"\r\n}>>>\x00\x00\x00\x00\x00\x00\x00\x00\x00...\x00\x00\x00\x00\x00\x00\x00}
13:18:27.248 [qtp158982948-56] DEBUG org.eclipse.jetty.server.HttpChannel - sendResponse info=null content=DirectByteBuffer@43c2fbae[p=0,l=2378,c=32768,r=2378]={<<<{\r\n  "id" : "72db110a-406...ioState" : "Started"\r\n}>>>\x00\x00\x00\x00\x00\x00\x00\x00\x00...\x00\x00\x00\x00\x00\x00\x00} complete=false committing=true callback=Blocker@7fc12534{null}
13:18:27.249 [qtp158982948-56] DEBUG org.eclipse.jetty.server.HttpChannel - COMMIT for /__admin/mappings on HttpChannelOverHttp@21384383{s=HttpChannelState@643ad9c0{s=HANDLING rs=BLOCKING os=COMMITTED is=READY awp=false se=false i=true al=0},r=3,c=false/false,a=HANDLING,uri=//localhost:8080/__admin/mappings,age=41}
201 null HTTP/1.1
Content-Type: application/json


13:18:27.249 [qtp158982948-56] DEBUG org.eclipse.jetty.server.HttpConnection - generate: NEED_HEADER for org.eclipse.jetty.server.HttpConnection$SendCallback@4a03c84c[PROCESSING][i=HTTP/1.1{s=201,h=1,cl=-1},cb=org.eclipse.jetty.server.HttpChannel$SendCallback@5e152db0] (null,[p=0,l=2378,c=32768,r=2378],false)@START
13:18:27.249 [qtp158982948-56] DEBUG org.eclipse.jetty.http.HttpGenerator - generateHeaders HTTP/1.1{s=201,h=1,cl=-1} last=false content=DirectByteBuffer@43c2fbae[p=0,l=2378,c=32768,r=2378]={<<<{\r\n  "id" : "72db110a-406...ioState" : "Started"\r\n}>>>\x00\x00\x00\x00\x00\x00\x00\x00\x00...\x00\x00\x00\x00\x00\x00\x00}
13:18:27.249 [qtp158982948-56] DEBUG org.eclipse.jetty.http.HttpGenerator - Content-Type: application/json


13:18:27.249 [qtp158982948-56] DEBUG org.eclipse.jetty.http.HttpGenerator - CHUNKED_CONTENT
13:18:27.249 [qtp158982948-56] DEBUG org.eclipse.jetty.server.HttpConnection - generate: FLUSH for org.eclipse.jetty.server.HttpConnection$SendCallback@4a03c84c[PROCESSING][i=HTTP/1.1{s=201,h=1,cl=-1},cb=org.eclipse.jetty.server.HttpChannel$SendCallback@5e152db0] ([p=0,l=122,c=8192,r=122],[p=0,l=2378,c=32768,r=2378],false)@COMMITTED
13:18:27.249 [qtp158982948-56] DEBUG org.eclipse.jetty.io.WriteFlusher - write: WriteFlusher@445d9406{IDLE}->null [HeapByteBuffer@10a2ecb7[p=0,l=122,c=8192,r=122]={<<<HTTP/1.1 201 Created\r\nCon....28.v20200408)\r\n\r\n94A\r\n>>>ection: K...\x00\x00\x00\x00\x00\x00\x00},DirectByteBuffer@43c2fbae[p=0,l=2378,c=32768,r=2378]={<<<{\r\n  "id" : "72db110a-406...ioState" : "Started"\r\n}>>>\x00\x00\x00\x00\x00\x00\x00\x00\x00...\x00\x00\x00\x00\x00\x00\x00}]
13:18:27.249 [qtp158982948-56] DEBUG org.eclipse.jetty.io.WriteFlusher - update WriteFlusher@445d9406{WRITING}->null:IDLE-->WRITING
13:18:27.249 [Test worker] DEBUG org.apache.http.wire - http-outgoing-2 << "HTTP/1.1 201 Created[\r][\n]"
13:18:27.249 [Test worker] DEBUG org.apache.http.wire - http-outgoing-2 << "Content-Type: application/json[\r][\n]"
13:18:27.249 [Test worker] DEBUG org.apache.http.wire - http-outgoing-2 << "Transfer-Encoding: chunked[\r][\n]"
13:18:27.249 [Test worker] DEBUG org.apache.http.wire - http-outgoing-2 << "Server: Jetty(9.4.28.v20200408)[\r][\n]"
13:18:27.249 [Test worker] DEBUG org.apache.http.wire - http-outgoing-2 << "[\r][\n]"
13:18:27.249 [Test worker] DEBUG org.apache.http.wire - http-outgoing-2 << "94A[\r][\n]"
13:18:27.249 [Test worker] DEBUG org.apache.http.headers - http-outgoing-2 << HTTP/1.1 201 Created
13:18:27.249 [Test worker] DEBUG org.apache.http.headers - http-outgoing-2 << Content-Type: application/json
13:18:27.249 [Test worker] DEBUG org.apache.http.headers - http-outgoing-2 << Transfer-Encoding: chunked
13:18:27.249 [Test worker] DEBUG org.apache.http.headers - http-outgoing-2 << Server: Jetty(9.4.28.v20200408)
13:18:27.250 [Test worker] DEBUG org.apache.http.impl.execchain.MainClientExec - Connection can be kept alive indefinitely
13:18:27.251 [qtp158982948-56] DEBUG org.eclipse.jetty.io.ChannelEndPoint - flushed 122 NetworkTrafficSocketChannelEndPoint@2bc028f3{/127.0.0.1:64988<->/127.0.0.1:8080,OPEN,fill=-,flush=W,to=43/30000}{io=0/0,kio=0,kro=1}->HttpConnection@4e97f204[p=HttpParser{s=END,2378 of 2378},g=HttpGenerator@55947826{s=COMMITTED}]=>HttpChannelOverHttp@21384383{s=HttpChannelState@643ad9c0{s=HANDLING rs=BLOCKING os=COMMITTED is=READY awp=false se=false i=true al=0},r=3,c=false/false,a=HANDLING,uri=//localhost:8080/__admin/mappings,age=44}
13:18:27.251 [Test worker] DEBUG org.apache.http.wire - http-outgoing-2 << "{[\r][\n]"
13:18:27.251 [Test worker] DEBUG org.apache.http.wire - http-outgoing-2 << "  "id" : "72db110a-406a-49eb-a38c-dc8d4d502062",[\r][\n]"
13:18:27.251 [Test worker] DEBUG org.apache.http.wire - http-outgoing-2 << "  "request" : {[\r][\n]"
13:18:27.251 [Test worker] DEBUG org.apache.http.wire - http-outgoing-2 << "    "url" : "/api/v0/components/provision-adapters/awx",[\r][\n]"
13:18:27.251 [Test worker] DEBUG org.apache.http.wire - http-outgoing-2 << "    "method" : "GET",[\r][\n]"
13:18:27.251 [Test worker] DEBUG org.apache.http.wire - http-outgoing-2 << "    "headers" : {[\r][\n]"
13:18:27.251 [Test worker] DEBUG org.apache.http.wire - http-outgoing-2 << "      "Authorization" : {[\r][\n]"
13:18:27.251 [Test worker] DEBUG org.apache.http.wire - http-outgoing-2 << "        "equalTo" : "Bearer someToken"[\r][\n]"
13:18:27.251 [Test worker] DEBUG org.apache.http.wire - http-outgoing-2 << "      }[\r][\n]"
13:18:27.251 [Test worker] DEBUG org.apache.http.wire - http-outgoing-2 << "    }[\r][\n]"
13:18:27.251 [Test worker] DEBUG org.apache.http.wire - http-outgoing-2 << "  },[\r][\n]"
13:18:27.251 [Test worker] DEBUG org.apache.http.wire - http-outgoing-2 << "  "response" : {[\r][\n]"
13:18:27.251 [Test worker] DEBUG org.apache.http.wire - http-outgoing-2 << "    "status" : 200,[\r][\n]"
13:18:27.252 [Test worker] DEBUG org.apache.http.wire - http-outgoing-2 << "    "body" : "{\"id\":\"awx\",\"name\":\"AWX\",\"deleted\":false,\"type\":\"REST\",\"parameters\":{\"provisionAdapterUrl\":\"/provision-adapters/awx/jobs\"},\"questions\":[{\"type\":\"survey.question.FreeInput\",\"prompt\":\"AWX instance URL:\",\"description\":\"This is the URL of the AWX installation.\",\"variableName\":\"provisioningBaseUrl\",\"mandatory\":true,\"masked\":false,\"hidden\":false,\"defaultAnswer\":\"https://inhas66974\",\"answerBaseType\":\"STRING\",\"restrictions\":null},{\"type\":\"survey.question.SelectOption\",\"prompt\":\"Select AWX template type\",\"description\":\"Actually only workflow job templates are supported.\",\"variableName\":\"awxTemplateType\",\"mandatory\":true,\"masked\":false,\"hidden\":false,\"minimumNumberSelections\":1,\"maximumNumberSelections\":1,\"options\":[\"workflow\"],\"defaultAnswer\":[\"workflow\"]},{\"type\":\"survey.question.FreeInput\",\"prompt\":\"Specify provisioning job identifier\",\"description\":\"You can find this identifier in AWX.\",\"variableName\":\"awxTemplateId\",\"mandatory\":true,\"masked\":false,\"hidden\":false,\"defaultAnswer\":null,\"answerBaseType\":\"INTEGER\",\"restrictions\":null},{\"type\":\"survey.question.FreeInput\",\"prompt\":\"Provisioning username:\",\"description\":\"Please use environment variable identifier.\",\"variableName\":\"provisioningUsername\",\"mandatory\":true,\"masked\":false,\"hidden\":false,\"defaultAnswer\":\"provisioner.awx.datalabs.username\",\"answerBaseType\":\"CREDENTIAL\",\"restrictions\":null},{\"type\":\"survey.question.FreeInput\",\"prompt\":\"Provisioning password:\",\"description\":\"Please use environment variable identifier.\",\"variableName\":\"provisioningPassword\",\"mandatory\":true,\"masked\":true,\"hidden\":false,\"defaultAnswer\":\"provisioner.awx.datalabs.password\",\"answerBaseType\":\"CREDENTIAL\",\"restrictions\":null}]}",[\r][\n]"
13:18:27.252 [Test worker] DEBUG org.apache.http.wire - http-outgoing-2 << "    "headers" : {[\r][\n]"
13:18:27.252 [Test worker] DEBUG org.apache.http.wire - http-outgoing-2 << "      "Content-Type" : "application/json"[\r][\n]"
13:18:27.252 [Test worker] DEBUG org.apache.http.wire - http-outgoing-2 << "    }[\r][\n]"
13:18:27.252 [Test worker] DEBUG org.apache.http.wire - http-outgoing-2 << "  },[\r][\n]"
13:18:27.252 [Test worker] DEBUG org.apache.http.wire - http-outgoing-2 << "  "uuid" : "72db110a-406a-49eb-a38c-dc8d4d502062",[\r][\n]"
13:18:27.252 [Test worker] DEBUG org.apache.http.wire - http-outgoing-2 << "  "scenarioName" : "unAuthorized",[\r][\n]"
13:18:27.252 [Test worker] DEBUG org.apache.http.wire - http-outgoing-2 << "  "requiredScenarioState" : "Started"[\r][\n]"
13:18:27.252 [Test worker] DEBUG org.apache.http.wire - http-outgoing-2 << "}"
13:18:27.252 [qtp158982948-56] DEBUG org.eclipse.jetty.io.ChannelEndPoint - flushed 2378 NetworkTrafficSocketChannelEndPoint@2bc028f3{/127.0.0.1:64988<->/127.0.0.1:8080,OPEN,fill=-,flush=W,to=0/30000}{io=0/0,kio=0,kro=1}->HttpConnection@4e97f204[p=HttpParser{s=END,2378 of 2378},g=HttpGenerator@55947826{s=COMMITTED}]=>HttpChannelOverHttp@21384383{s=HttpChannelState@643ad9c0{s=HANDLING rs=BLOCKING os=COMMITTED is=READY awp=false se=false i=true al=0},r=3,c=false/false,a=HANDLING,uri=//localhost:8080/__admin/mappings,age=45}
13:18:27.252 [qtp158982948-56] DEBUG org.eclipse.jetty.io.WriteFlusher - Flushed=true written=2500 remaining=0 WriteFlusher@445d9406{WRITING}->null
13:18:27.252 [qtp158982948-56] DEBUG org.eclipse.jetty.io.WriteFlusher - update WriteFlusher@445d9406{IDLE}->null:WRITING-->IDLE
13:18:27.252 [qtp158982948-56] DEBUG org.eclipse.jetty.server.HttpConnection - generate: DONE for org.eclipse.jetty.server.HttpConnection$SendCallback@4a03c84c[PROCESSING][i=HTTP/1.1{s=201,h=1,cl=-1},cb=org.eclipse.jetty.server.HttpChannel$SendCallback@5e152db0] ([p=122,l=122,c=8192,r=0],[p=2378,l=2378,c=32768,r=0],false)@COMMITTED
13:18:27.253 [qtp158982948-56] DEBUG org.eclipse.jetty.server.HttpOutput - onWriteComplete(false,null) s=OPEN,api=BLOCKED,sc=false,e=null->s=OPEN,api=BLOCKING,sc=false,e=null c=null cb=null w=false
13:18:27.253 [qtp158982948-56] DEBUG org.eclipse.jetty.server.HttpOutput - close() s=CLOSING,api=BLOCKED,sc=false,e=null c=HeapByteBuffer@137d328[p=0,l=0,c=0,r=0]={<<<>>>} b=Blocker@7fc12534{null}
13:18:27.253 [qtp158982948-56] DEBUG org.eclipse.jetty.server.HttpChannel - sendResponse info=null content=HeapByteBuffer@137d328[p=0,l=0,c=0,r=0]={<<<>>>} complete=true committing=false callback=Blocker@7fc12534{null}
13:18:27.253 [qtp158982948-56] DEBUG org.eclipse.jetty.server.HttpConnection - generate: CONTINUE for org.eclipse.jetty.server.HttpConnection$SendCallback@4a03c84c[PROCESSING][i=null,cb=org.eclipse.jetty.server.HttpChannel$SendCallback@4353a23] (null,[p=0,l=0,c=0,r=0],true)@COMPLETING
13:18:27.253 [qtp158982948-56] DEBUG org.eclipse.jetty.server.HttpConnection - generate: NEED_CHUNK for org.eclipse.jetty.server.HttpConnection$SendCallback@4a03c84c[PROCESSING][i=null,cb=org.eclipse.jetty.server.HttpChannel$SendCallback@4353a23] (null,[p=0,l=0,c=0,r=0],true)@COMPLETING
13:18:27.253 [qtp158982948-56] DEBUG org.eclipse.jetty.server.HttpConnection - generate: FLUSH for org.eclipse.jetty.server.HttpConnection$SendCallback@4a03c84c[PROCESSING][i=null,cb=org.eclipse.jetty.server.HttpChannel$SendCallback@4353a23] (null,[p=0,l=0,c=0,r=0],true)@COMPLETING
13:18:27.253 [qtp158982948-56] DEBUG org.eclipse.jetty.io.WriteFlusher - write: WriteFlusher@445d9406{IDLE}->null [HeapByteBuffer@66560e90[p=0,l=7,c=1024,r=7]={<<<\r\n0\r\n\r\n>>>\x00\x00\x00\x00\x00\x00\x00\x00\x00...\x00\x00\x00\x00\x00\x00\x00}]
13:18:27.253 [qtp158982948-56] DEBUG org.eclipse.jetty.io.WriteFlusher - update WriteFlusher@445d9406{WRITING}->null:IDLE-->WRITING
13:18:27.253 [Test worker] DEBUG org.apache.http.wire - http-outgoing-2 << "[\r][\n]"
13:18:27.253 [Test worker] DEBUG org.apache.http.wire - http-outgoing-2 << "0[\r][\n]"
13:18:27.253 [Test worker] DEBUG org.apache.http.wire - http-outgoing-2 << "[\r][\n]"
13:18:27.253 [Test worker] DEBUG org.apache.http.impl.conn.PoolingHttpClientConnectionManager - Connection [id: 2][route: {}->http://localhost:8080] can be kept alive indefinitely
13:18:27.253 [Test worker] DEBUG org.apache.http.impl.conn.DefaultManagedHttpClientConnection - http-outgoing-2: set socket timeout to 0
13:18:27.253 [Test worker] DEBUG org.apache.http.impl.conn.PoolingHttpClientConnectionManager - Connection released: [id: 2][route: {}->http://localhost:8080][total available: 1; route allocated: 1 of 5; total allocated: 1 of 50]
13:18:27.287 [qtp158982948-56] DEBUG org.eclipse.jetty.io.ChannelEndPoint - flushed 7 NetworkTrafficSocketChannelEndPoint@2bc028f3{/127.0.0.1:64988<->/127.0.0.1:8080,OPEN,fill=-,flush=W,to=15/30000}{io=0/0,kio=0,kro=1}->HttpConnection@4e97f204[p=HttpParser{s=END,2378 of 2378},g=HttpGenerator@55947826{s=COMPLETING}]=>HttpChannelOverHttp@21384383{s=HttpChannelState@643ad9c0{s=HANDLING rs=BLOCKING os=COMMITTED is=READY awp=false se=false i=true al=0},r=3,c=false/false,a=HANDLING,uri=//localhost:8080/__admin/mappings,age=80}
13:18:27.287 [qtp158982948-56] DEBUG org.eclipse.jetty.io.WriteFlusher - Flushed=true written=7 remaining=0 WriteFlusher@445d9406{WRITING}->null
13:18:27.287 [qtp158982948-56] DEBUG org.eclipse.jetty.io.WriteFlusher - update WriteFlusher@445d9406{IDLE}->null:WRITING-->IDLE
13:18:27.287 [qtp158982948-56] DEBUG org.eclipse.jetty.server.HttpConnection - generate: DONE for org.eclipse.jetty.server.HttpConnection$SendCallback@4a03c84c[PROCESSING][i=null,cb=org.eclipse.jetty.server.HttpChannel$SendCallback@4353a23] (null,[p=0,l=0,c=0,r=0],true)@END
13:18:27.287 [qtp158982948-56] DEBUG org.eclipse.jetty.server.HttpOutput - onWriteComplete(true,null) s=CLOSING,api=BLOCKED,sc=false,e=null->s=CLOSED,api=BLOCKING,sc=false,e=null c=null cb=null w=false
13:18:27.287 [qtp158982948-56] DEBUG org.eclipse.jetty.server.handler.gzip.GzipHandler - GzipHandler@69acd89a{STARTED,min=32,inflate=-1} handle Request[POST //localhost:8080/__admin/mappings]@46718ff1 in null
13:18:27.288 [qtp158982948-56] DEBUG org.eclipse.jetty.server.handler.ContextHandler - scope null||/__admin/mappings @ o.e.j.s.ServletContextHandler@52601e0c{/,null,AVAILABLE}
13:18:27.288 [qtp158982948-56] DEBUG org.eclipse.jetty.server.Server - handled=true async=false committed=true on HttpChannelOverHttp@21384383{s=HttpChannelState@643ad9c0{s=HANDLING rs=BLOCKING os=COMPLETED is=READY awp=false se=false i=true al=0},r=3,c=false/true,a=HANDLING,uri=//localhost:8080/__admin/mappings,age=81}
13:18:27.288 [qtp158982948-56] DEBUG org.eclipse.jetty.server.HttpChannelState - unhandle HttpChannelState@643ad9c0{s=HANDLING rs=BLOCKING os=COMPLETED is=READY awp=false se=false i=true al=0}
13:18:27.288 [qtp158982948-56] DEBUG org.eclipse.jetty.server.HttpChannelState - nextAction(false) COMPLETE HttpChannelState@643ad9c0{s=HANDLING rs=COMPLETING os=COMPLETED is=READY awp=false se=false i=false al=0}
13:18:27.288 [qtp158982948-56] DEBUG org.eclipse.jetty.server.HttpChannel - action COMPLETE HttpChannelOverHttp@21384383{s=HttpChannelState@643ad9c0{s=HANDLING rs=COMPLETING os=COMPLETED is=READY awp=false se=false i=false al=0},r=3,c=false/true,a=HANDLING,uri=//localhost:8080/__admin/mappings,age=81}
13:18:27.288 [qtp158982948-56] DEBUG org.eclipse.jetty.server.HttpOutput - complete(org.eclipse.jetty.util.Callback$4@7abc32fa) s=CLOSED,api=BLOCKING,sc=false,e=null s=true e=null, c=null
13:18:27.288 [qtp158982948-56] DEBUG org.eclipse.jetty.server.HttpChannelState - completed HttpChannelState@643ad9c0{s=HANDLING rs=COMPLETING os=COMPLETED is=READY awp=false se=false i=false al=0}
13:18:27.288 [qtp158982948-56] DEBUG org.eclipse.jetty.server.HttpChannelState - unhandle HttpChannelState@643ad9c0{s=HANDLING rs=COMPLETED os=COMPLETED is=READY awp=false se=false i=false al=0}
13:18:27.288 [qtp158982948-56] DEBUG org.eclipse.jetty.server.HttpChannelState - nextAction(false) TERMINATED HttpChannelState@643ad9c0{s=IDLE rs=COMPLETED os=COMPLETED is=READY awp=false se=false i=false al=0}
13:18:27.288 [qtp158982948-56] DEBUG org.eclipse.jetty.server.HttpChannel - action TERMINATED HttpChannelOverHttp@21384383{s=HttpChannelState@643ad9c0{s=IDLE rs=COMPLETED os=COMPLETED is=READY awp=false se=false i=false al=0},r=3,c=true/true,a=IDLE,uri=//localhost:8080/__admin/mappings,age=81}
13:18:27.288 [qtp158982948-56] DEBUG org.eclipse.jetty.server.HttpChannel - onCompleted for /__admin/mappings written=2378
13:18:27.288 [qtp158982948-56] DEBUG org.eclipse.jetty.server.HttpChannelState - recycle HttpChannelState@643ad9c0{s=IDLE rs=COMPLETED os=COMPLETED is=READY awp=false se=false i=false al=0}
13:18:27.288 [qtp158982948-56] DEBUG org.eclipse.jetty.http.HttpParser - reset HttpParser{s=END,2378 of 2378}
13:18:27.288 [qtp158982948-56] DEBUG org.eclipse.jetty.http.HttpParser - END --> START
13:18:27.288 [qtp158982948-56] DEBUG org.eclipse.jetty.server.HttpChannel - !handle TERMINATED HttpChannelOverHttp@21384383{s=HttpChannelState@643ad9c0{s=IDLE rs=BLOCKING os=OPEN is=IDLE awp=false se=false i=true al=0},r=3,c=false/false,a=IDLE,uri=null,age=0}
13:18:27.288 [qtp158982948-56] DEBUG org.eclipse.jetty.io.ChannelEndPoint - filled 0 HeapByteBuffer@10a2ecb7[p=0,l=0,c=8192,r=0]={<<<>>>HTTP/1.1 ...\x00\x00\x00\x00\x00\x00\x00}
13:18:27.289 [qtp158982948-56] DEBUG org.eclipse.jetty.io.ChannelEndPoint - filled 0 HeapByteBuffer@10a2ecb7[p=0,l=0,c=8192,r=0]={<<<>>>HTTP/1.1 ...\x00\x00\x00\x00\x00\x00\x00}
13:18:27.289 [qtp158982948-56] DEBUG org.eclipse.jetty.server.HttpConnection - HttpConnection@4e97f204::NetworkTrafficSocketChannelEndPoint@2bc028f3{/127.0.0.1:64988<->/127.0.0.1:8080,OPEN,fill=-,flush=-,to=1/30000}{io=0/0,kio=0,kro=1}->HttpConnection@4e97f204[p=HttpParser{s=START,0 of -1},g=HttpGenerator@55947826{s=START}]=>HttpChannelOverHttp@21384383{s=HttpChannelState@643ad9c0{s=IDLE rs=BLOCKING os=OPEN is=IDLE awp=false se=false i=true al=0},r=3,c=false/false,a=IDLE,uri=null,age=0} filled 0 HeapByteBuffer@10a2ecb7[p=0,l=0,c=8192,r=0]={<<<>>>HTTP/1.1 ...\x00\x00\x00\x00\x00\x00\x00}
13:18:27.289 [qtp158982948-56] DEBUG org.eclipse.jetty.server.HttpConnection - HttpConnection@4e97f204::NetworkTrafficSocketChannelEndPoint@2bc028f3{/127.0.0.1:64988<->/127.0.0.1:8080,OPEN,fill=-,flush=-,to=1/30000}{io=0/0,kio=0,kro=1}->HttpConnection@4e97f204[p=HttpParser{s=START,0 of -1},g=HttpGenerator@55947826{s=START}]=>HttpChannelOverHttp@21384383{s=HttpChannelState@643ad9c0{s=IDLE rs=BLOCKING os=OPEN is=IDLE awp=false se=false i=true al=0},r=3,c=false/false,a=IDLE,uri=null,age=0} parse HeapByteBuffer@10a2ecb7[p=0,l=0,c=8192,r=0]={<<<>>>HTTP/1.1 ...\x00\x00\x00\x00\x00\x00\x00} {}
13:18:27.289 [qtp158982948-56] DEBUG org.eclipse.jetty.http.HttpParser - parseNext s=START HeapByteBuffer@10a2ecb7[p=0,l=0,c=8192,r=0]={<<<>>>HTTP/1.1 ...\x00\x00\x00\x00\x00\x00\x00}
13:18:27.289 [qtp158982948-56] DEBUG org.eclipse.jetty.server.HttpConnection - HttpConnection@4e97f204::NetworkTrafficSocketChannelEndPoint@2bc028f3{/127.0.0.1:64988<->/127.0.0.1:8080,OPEN,fill=-,flush=-,to=1/30000}{io=0/0,kio=0,kro=1}->HttpConnection@4e97f204[p=HttpParser{s=START,0 of -1},g=HttpGenerator@55947826{s=START}]=>HttpChannelOverHttp@21384383{s=HttpChannelState@643ad9c0{s=IDLE rs=BLOCKING os=OPEN is=IDLE awp=false se=false i=true al=0},r=3,c=false/false,a=IDLE,uri=null,age=0} parsed false HttpParser{s=START,0 of -1}
13:18:27.289 [qtp158982948-56] DEBUG org.eclipse.jetty.server.HttpConnection - releaseRequestBuffer HttpConnection@4e97f204::NetworkTrafficSocketChannelEndPoint@2bc028f3{/127.0.0.1:64988<->/127.0.0.1:8080,OPEN,fill=-,flush=-,to=1/30000}{io=0/0,kio=0,kro=1}->HttpConnection@4e97f204[p=HttpParser{s=START,0 of -1},g=HttpGenerator@55947826{s=START}]=>HttpChannelOverHttp@21384383{s=HttpChannelState@643ad9c0{s=IDLE rs=BLOCKING os=OPEN is=IDLE awp=false se=false i=true al=0},r=3,c=false/false,a=IDLE,uri=null,age=0}
13:18:27.289 [qtp158982948-56] DEBUG org.eclipse.jetty.io.AbstractConnection - fillInterested HttpConnection@4e97f204::NetworkTrafficSocketChannelEndPoint@2bc028f3{/127.0.0.1:64988<->/127.0.0.1:8080,OPEN,fill=-,flush=-,to=1/30000}{io=0/0,kio=0,kro=1}->HttpConnection@4e97f204[p=HttpParser{s=START,0 of -1},g=HttpGenerator@55947826{s=START}]=>HttpChannelOverHttp@21384383{s=HttpChannelState@643ad9c0{s=IDLE rs=BLOCKING os=OPEN is=IDLE awp=false se=false i=true al=0},r=3,c=false/false,a=IDLE,uri=null,age=0}
13:18:27.289 [qtp158982948-56] DEBUG org.eclipse.jetty.io.FillInterest - interested FillInterest@36d30d4c{AC.ReadCB@4e97f204{HttpConnection@4e97f204::NetworkTrafficSocketChannelEndPoint@2bc028f3{/127.0.0.1:64988<->/127.0.0.1:8080,OPEN,fill=FI,flush=-,to=0/30000}{io=0/0,kio=0,kro=1}->HttpConnection@4e97f204[p=HttpParser{s=START,0 of -1},g=HttpGenerator@55947826{s=START}]=>HttpChannelOverHttp@21384383{s=HttpChannelState@643ad9c0{s=IDLE rs=BLOCKING os=OPEN is=IDLE awp=false se=false i=true al=0},r=3,c=false/false,a=IDLE,uri=null,age=0}}}
13:18:27.289 [qtp158982948-56] DEBUG org.eclipse.jetty.io.ChannelEndPoint - changeInterests p=false 0->1 for NetworkTrafficSocketChannelEndPoint@2bc028f3{/127.0.0.1:64988<->/127.0.0.1:8080,OPEN,fill=FI,flush=-,to=0/30000}{io=0/1,kio=0,kro=1}->HttpConnection@4e97f204[p=HttpParser{s=START,0 of -1},g=HttpGenerator@55947826{s=START}]=>HttpChannelOverHttp@21384383{s=HttpChannelState@643ad9c0{s=IDLE rs=BLOCKING os=OPEN is=IDLE awp=false se=false i=true al=0},r=3,c=false/false,a=IDLE,uri=null,age=0}
13:18:27.289 [qtp158982948-56] DEBUG org.eclipse.jetty.io.ManagedSelector - Queued change org.eclipse.jetty.io.ChannelEndPoint$1@415268f on ManagedSelector@100703ac{STARTED} id=1 keys=1 selected=0 updates=0
13:18:27.289 [qtp158982948-56] DEBUG org.eclipse.jetty.io.ManagedSelector - Wakeup on submit ManagedSelector@100703ac{STARTED} id=1 keys=1 selected=0 updates=1
13:18:27.289 [qtp158982948-60] DEBUG org.eclipse.jetty.io.ManagedSelector - Selector sun.nio.ch.WindowsSelectorImpl@758e16ff woken with none selected
13:18:27.289 [qtp158982948-60] DEBUG org.eclipse.jetty.io.ManagedSelector - Selector sun.nio.ch.WindowsSelectorImpl@758e16ff woken up from select, 0/0/1 selected
13:18:27.289 [qtp158982948-60] DEBUG org.eclipse.jetty.io.ManagedSelector - Selector sun.nio.ch.WindowsSelectorImpl@758e16ff processing 0 keys, 1 updates
13:18:27.289 [qtp158982948-60] DEBUG org.eclipse.jetty.io.ManagedSelector - updateable 1
13:18:27.289 [qtp158982948-60] DEBUG org.eclipse.jetty.io.ManagedSelector - update org.eclipse.jetty.io.ChannelEndPoint$1@415268f
13:18:27.290 [qtp158982948-60] DEBUG org.eclipse.jetty.io.ChannelEndPoint - Key interests updated 0 -> 1 on NetworkTrafficSocketChannelEndPoint@2bc028f3{/127.0.0.1:64988<->/127.0.0.1:8080,OPEN,fill=FI,flush=-,to=0/30000}{io=1/1,kio=1,kro=1}->HttpConnection@4e97f204[p=HttpParser{s=START,0 of -1},g=HttpGenerator@55947826{s=START}]=>HttpChannelOverHttp@21384383{s=HttpChannelState@643ad9c0{s=IDLE rs=BLOCKING os=OPEN is=IDLE awp=false se=false i=true al=0},r=3,c=false/false,a=IDLE,uri=null,age=0}
13:18:27.290 [qtp158982948-60] DEBUG org.eclipse.jetty.io.ManagedSelector - updates 0
13:18:27.290 [qtp158982948-60] DEBUG org.eclipse.jetty.io.ManagedSelector - Selector sun.nio.ch.WindowsSelectorImpl@758e16ff waiting with 1 keys
13:18:27.290 [qtp158982948-56] DEBUG org.eclipse.jetty.server.HttpConnection - HttpConnection@4e97f204::NetworkTrafficSocketChannelEndPoint@2bc028f3{/127.0.0.1:64988<->/127.0.0.1:8080,OPEN,fill=FI,flush=-,to=0/30000}{io=1/1,kio=1,kro=1}->HttpConnection@4e97f204[p=HttpParser{s=START,0 of -1},g=HttpGenerator@55947826{s=START}]=>HttpChannelOverHttp@21384383{s=HttpChannelState@643ad9c0{s=IDLE rs=BLOCKING os=OPEN is=IDLE awp=false se=false i=true al=0},r=3,c=false/false,a=IDLE,uri=null,age=0} onFillable exit HttpChannelState@643ad9c0{s=IDLE rs=BLOCKING os=OPEN is=IDLE awp=false se=false i=true al=0} null
13:18:27.291 [qtp158982948-56] DEBUG org.eclipse.jetty.util.thread.QueuedThreadPool - ran org.eclipse.jetty.io.ManagedSelector$$Lambda$425/0x00000001005fc040@52d20f85 in QueuedThreadPool[qtp158982948]@979e324{STARTED,8<=8<=14,i=1,r=1,q=0}[ReservedThreadExecutor@2a8706d9{s=1/1,p=0}]
13:18:27.558 [Finalizer] DEBUG org.apache.http.impl.conn.PoolingHttpClientConnectionManager - Connection manager is shutting down
13:18:27.560 [Finalizer] DEBUG org.apache.http.impl.conn.PoolingHttpClientConnectionManager - Connection manager shut down
13:18:27.560 [Finalizer] DEBUG org.apache.http.impl.conn.PoolingHttpClientConnectionManager - Connection manager is shutting down
13:18:27.560 [Finalizer] DEBUG org.apache.http.impl.conn.PoolingHttpClientConnectionManager - Connection manager shut down
13:18:28.855 [Test worker] DEBUG org.springframework.web.reactive.function.client.ExchangeFunctions - [16315861] HTTP GET http://localhost:8080/api/v0/components/provision-adapters/awx
13:18:28.857 [reactor-http-nio-3] DEBUG reactor.netty.resources.PooledConnectionProvider - [id: 0x287ea5f0] Created a new pooled channel, now 1 active connections and 0 inactive connections
13:18:28.858 [reactor-http-nio-3] DEBUG reactor.netty.channel.BootstrapHandlers - [id: 0x287ea5f0] Initialized pipeline DefaultChannelPipeline{(BootstrapHandlers$BootstrapInitializerHandler#0 = reactor.netty.channel.BootstrapHandlers$BootstrapInitializerHandler), (PooledConnectionProvider$PooledConnectionAllocator$PooledConnectionInitializer#0 = reactor.netty.resources.PooledConnectionProvider$PooledConnectionAllocator$PooledConnectionInitializer), (reactor.left.httpCodec = io.netty.handler.codec.http.HttpClientCodec), (reactor.right.reactiveBridge = reactor.netty.channel.ChannelOperationsHandler)}
13:18:28.860 [qtp158982948-57-acceptor-0@275fecb0-NetworkTrafficServerConnector@5df3dfa0{HTTP/1.1, (http/1.1)}{0.0.0.0:8080}] DEBUG org.eclipse.jetty.io.ManagedSelector - Queued change org.eclipse.jetty.io.ManagedSelector$Accept@e5a95d5 on ManagedSelector@4dee732e{STARTED} id=0 keys=0 selected=0 updates=0
13:18:28.860 [qtp158982948-57-acceptor-0@275fecb0-NetworkTrafficServerConnector@5df3dfa0{HTTP/1.1, (http/1.1)}{0.0.0.0:8080}] DEBUG org.eclipse.jetty.io.ManagedSelector - Wakeup on submit ManagedSelector@4dee732e{STARTED} id=0 keys=0 selected=0 updates=1
13:18:28.860 [reactor-http-nio-3] DEBUG reactor.netty.resources.PooledConnectionProvider - [id: 0x287ea5f0, L:/127.0.0.1:64989 - R:localhost/127.0.0.1:8080] Registering pool release on close event for channel
13:18:28.860 [reactor-http-nio-3] DEBUG reactor.netty.resources.PooledConnectionProvider - [id: 0x287ea5f0, L:/127.0.0.1:64989 - R:localhost/127.0.0.1:8080] Channel connected, now 1 active connections and 0 inactive connections
13:18:28.860 [qtp158982948-55] DEBUG org.eclipse.jetty.io.ManagedSelector - Selector sun.nio.ch.WindowsSelectorImpl@5c864108 woken with none selected
13:18:28.860 [qtp158982948-55] DEBUG org.eclipse.jetty.io.ManagedSelector - Selector sun.nio.ch.WindowsSelectorImpl@5c864108 woken up from select, 0/0/0 selected
13:18:28.860 [reactor-http-nio-3] DEBUG reactor.netty.resources.PooledConnectionProvider - [id: 0x287ea5f0, L:/127.0.0.1:64989 - R:localhost/127.0.0.1:8080] onStateChange(PooledConnection{channel=[id: 0x287ea5f0, L:/127.0.0.1:64989 - R:localhost/127.0.0.1:8080]}, [connected])
13:18:28.860 [qtp158982948-55] DEBUG org.eclipse.jetty.io.ManagedSelector - Selector sun.nio.ch.WindowsSelectorImpl@5c864108 processing 0 keys, 1 updates
13:18:28.860 [qtp158982948-55] DEBUG org.eclipse.jetty.io.ManagedSelector - updateable 1
13:18:28.860 [qtp158982948-55] DEBUG org.eclipse.jetty.io.ManagedSelector - update org.eclipse.jetty.io.ManagedSelector$Accept@e5a95d5
13:18:28.860 [qtp158982948-55] DEBUG org.eclipse.jetty.util.thread.QueuedThreadPool - queue org.eclipse.jetty.io.ManagedSelector$Accept@e5a95d5 startThread=0
13:18:28.860 [qtp158982948-55] DEBUG org.eclipse.jetty.io.ManagedSelector - updates 0
13:18:28.860 [reactor-http-nio-3] DEBUG reactor.netty.resources.PooledConnectionProvider - [id: 0x287ea5f0, L:/127.0.0.1:64989 - R:localhost/127.0.0.1:8080] onStateChange(GET{uri=/, connection=PooledConnection{channel=[id: 0x287ea5f0, L:/127.0.0.1:64989 - R:localhost/127.0.0.1:8080]}}, [configured])
13:18:28.860 [qtp158982948-55] DEBUG org.eclipse.jetty.io.ManagedSelector - Selector sun.nio.ch.WindowsSelectorImpl@5c864108 waiting with 1 keys
13:18:28.860 [qtp158982948-61] DEBUG org.eclipse.jetty.util.thread.QueuedThreadPool - run org.eclipse.jetty.io.ManagedSelector$Accept@e5a95d5 in QueuedThreadPool[qtp158982948]@979e324{STARTED,8<=8<=14,i=1,r=1,q=0}[ReservedThreadExecutor@2a8706d9{s=1/1,p=0}]
13:18:28.860 [reactor-http-nio-3] DEBUG reactor.netty.ReactorNetty - [id: 0x287ea5f0, L:/127.0.0.1:64989 - R:localhost/127.0.0.1:8080] Added decoder [ReadTimeoutHandler] at the end of the user pipeline, full pipeline: [reactor.left.httpCodec, ReadTimeoutHandler, reactor.right.reactiveBridge, DefaultChannelPipeline$TailContext#0]
13:18:28.860 [qtp158982948-61] DEBUG org.eclipse.jetty.io.IdleTimeout - NetworkTrafficSocketChannelEndPoint@285b8860{/127.0.0.1:64989<->/127.0.0.1:8080,OPEN,fill=-,flush=-,to=0/30000}{io=0/0,kio=0,kro=0}-><null> idle timeout check, elapsed: 0 ms, remaining: 30000 ms
13:18:28.860 [reactor-http-nio-3] DEBUG reactor.netty.ReactorNetty - [id: 0x287ea5f0, L:/127.0.0.1:64989 - R:localhost/127.0.0.1:8080] Added decoder [WriteTimeoutHandler] at the end of the user pipeline, full pipeline: [reactor.left.httpCodec, ReadTimeoutHandler, WriteTimeoutHandler, reactor.right.reactiveBridge, DefaultChannelPipeline$TailContext#0]
13:18:28.861 [reactor-http-nio-3] DEBUG reactor.netty.http.client.HttpClientConnect - [id: 0x287ea5f0, L:/127.0.0.1:64989 - R:localhost/127.0.0.1:8080] Handler is being applied: {uri=http://localhost:8080/api/v0/components/provision-adapters/awx, method=GET}
13:18:28.861 [reactor-http-nio-3] DEBUG reactor.netty.resources.PooledConnectionProvider - [id: 0x287ea5f0, L:/127.0.0.1:64989 - R:localhost/127.0.0.1:8080] onStateChange(GET{uri=/api/v0/components/provision-adapters/awx, connection=PooledConnection{channel=[id: 0x287ea5f0, L:/127.0.0.1:64989 - R:localhost/127.0.0.1:8080]}}, [request_prepared])
13:18:28.861 [qtp158982948-61] DEBUG org.eclipse.jetty.server.HttpChannel - new HttpChannelOverHttp@744043e7{s=HttpChannelState@4cb01f6{s=IDLE rs=BLOCKING os=OPEN is=IDLE awp=false se=false i=true al=0},r=0,c=false/false,a=IDLE,uri=null,age=0} -> NetworkTrafficSocketChannelEndPoint@285b8860{/127.0.0.1:64989<->/127.0.0.1:8080,OPEN,fill=-,flush=-,to=0/30000}{io=0/0,kio=0,kro=0}-><null>,null,HttpChannelState@4cb01f6{s=IDLE rs=BLOCKING os=OPEN is=IDLE awp=false se=false i=true al=0}
13:18:28.863 [qtp158982948-61] DEBUG org.eclipse.jetty.server.HttpConnection - New HTTP Connection HttpConnection@7ab6ad0b::NetworkTrafficSocketChannelEndPoint@285b8860{/127.0.0.1:64989<->/127.0.0.1:8080,OPEN,fill=-,flush=-,to=2/30000}{io=0/0,kio=0,kro=0}-><null>
13:18:28.863 [reactor-http-nio-3] DEBUG reactor.netty.resources.PooledConnectionProvider - [id: 0x287ea5f0, L:/127.0.0.1:64989 - R:localhost/127.0.0.1:8080] onStateChange(GET{uri=/api/v0/components/provision-adapters/awx, connection=PooledConnection{channel=[id: 0x287ea5f0, L:/127.0.0.1:64989 - R:localhost/127.0.0.1:8080]}}, [request_sent])
13:18:28.863 [qtp158982948-61] DEBUG org.eclipse.jetty.io.AbstractEndPoint - onOpen NetworkTrafficSocketChannelEndPoint@285b8860{/127.0.0.1:64989<->/127.0.0.1:8080,OPEN,fill=-,flush=-,to=2/30000}{io=0/0,kio=0,kro=0}->HttpConnection@7ab6ad0b[p=HttpParser{s=START,0 of -1},g=HttpGenerator@e5a22b5{s=START}]=>HttpChannelOverHttp@744043e7{s=HttpChannelState@4cb01f6{s=IDLE rs=BLOCKING os=OPEN is=IDLE awp=false se=false i=true al=0},r=0,c=false/false,a=IDLE,uri=null,age=0}
13:18:28.863 [qtp158982948-61] DEBUG org.eclipse.jetty.io.AbstractConnection - onOpen HttpConnection@7ab6ad0b::NetworkTrafficSocketChannelEndPoint@285b8860{/127.0.0.1:64989<->/127.0.0.1:8080,OPEN,fill=-,flush=-,to=2/30000}{io=0/0,kio=0,kro=0}->HttpConnection@7ab6ad0b[p=HttpParser{s=START,0 of -1},g=HttpGenerator@e5a22b5{s=START}]=>HttpChannelOverHttp@744043e7{s=HttpChannelState@4cb01f6{s=IDLE rs=BLOCKING os=OPEN is=IDLE awp=false se=false i=true al=0},r=0,c=false/false,a=IDLE,uri=null,age=0}
13:18:28.863 [qtp158982948-61] DEBUG org.eclipse.jetty.io.AbstractConnection - fillInterested HttpConnection@7ab6ad0b::NetworkTrafficSocketChannelEndPoint@285b8860{/127.0.0.1:64989<->/127.0.0.1:8080,OPEN,fill=-,flush=-,to=2/30000}{io=0/0,kio=0,kro=0}->HttpConnection@7ab6ad0b[p=HttpParser{s=START,0 of -1},g=HttpGenerator@e5a22b5{s=START}]=>HttpChannelOverHttp@744043e7{s=HttpChannelState@4cb01f6{s=IDLE rs=BLOCKING os=OPEN is=IDLE awp=false se=false i=true al=0},r=0,c=false/false,a=IDLE,uri=null,age=0}
13:18:28.863 [qtp158982948-61] DEBUG org.eclipse.jetty.io.FillInterest - interested FillInterest@787307e2{AC.ReadCB@7ab6ad0b{HttpConnection@7ab6ad0b::NetworkTrafficSocketChannelEndPoint@285b8860{/127.0.0.1:64989<->/127.0.0.1:8080,OPEN,fill=FI,flush=-,to=0/30000}{io=0/0,kio=0,kro=0}->HttpConnection@7ab6ad0b[p=HttpParser{s=START,0 of -1},g=HttpGenerator@e5a22b5{s=START}]=>HttpChannelOverHttp@744043e7{s=HttpChannelState@4cb01f6{s=IDLE rs=BLOCKING os=OPEN is=IDLE awp=false se=false i=true al=0},r=0,c=false/false,a=IDLE,uri=null,age=0}}}
13:18:28.864 [qtp158982948-61] DEBUG org.eclipse.jetty.io.ChannelEndPoint - changeInterests p=false 0->1 for NetworkTrafficSocketChannelEndPoint@285b8860{/127.0.0.1:64989<->/127.0.0.1:8080,OPEN,fill=FI,flush=-,to=0/30000}{io=0/1,kio=0,kro=0}->HttpConnection@7ab6ad0b[p=HttpParser{s=START,0 of -1},g=HttpGenerator@e5a22b5{s=START}]=>HttpChannelOverHttp@744043e7{s=HttpChannelState@4cb01f6{s=IDLE rs=BLOCKING os=OPEN is=IDLE awp=false se=false i=true al=0},r=0,c=false/false,a=IDLE,uri=null,age=0}
13:18:28.864 [qtp158982948-61] DEBUG org.eclipse.jetty.io.ManagedSelector - Queued change org.eclipse.jetty.io.ChannelEndPoint$1@24eb7dab on ManagedSelector@4dee732e{STARTED} id=0 keys=1 selected=0 updates=0
13:18:28.864 [qtp158982948-61] DEBUG org.eclipse.jetty.io.ManagedSelector - Wakeup on submit ManagedSelector@4dee732e{STARTED} id=0 keys=1 selected=0 updates=1
13:18:28.864 [qtp158982948-55] DEBUG org.eclipse.jetty.io.ManagedSelector - Selector sun.nio.ch.WindowsSelectorImpl@5c864108 woken with none selected
13:18:28.864 [qtp158982948-55] DEBUG org.eclipse.jetty.io.ManagedSelector - Selector sun.nio.ch.WindowsSelectorImpl@5c864108 woken up from select, 0/0/1 selected
13:18:28.864 [qtp158982948-55] DEBUG org.eclipse.jetty.io.ManagedSelector - Selector sun.nio.ch.WindowsSelectorImpl@5c864108 processing 0 keys, 1 updates
13:18:28.864 [qtp158982948-55] DEBUG org.eclipse.jetty.io.ManagedSelector - updateable 1
13:18:28.864 [qtp158982948-55] DEBUG org.eclipse.jetty.io.ManagedSelector - update org.eclipse.jetty.io.ChannelEndPoint$1@24eb7dab
13:18:28.864 [qtp158982948-55] DEBUG org.eclipse.jetty.io.ChannelEndPoint - Key interests updated 0 -> 1 on NetworkTrafficSocketChannelEndPoint@285b8860{/127.0.0.1:64989<->/127.0.0.1:8080,OPEN,fill=FI,flush=-,to=0/30000}{io=1/1,kio=1,kro=0}->HttpConnection@7ab6ad0b[p=HttpParser{s=START,0 of -1},g=HttpGenerator@e5a22b5{s=START}]=>HttpChannelOverHttp@744043e7{s=HttpChannelState@4cb01f6{s=IDLE rs=BLOCKING os=OPEN is=IDLE awp=false se=false i=true al=0},r=0,c=false/false,a=IDLE,uri=null,age=0}
13:18:28.864 [qtp158982948-55] DEBUG org.eclipse.jetty.io.ManagedSelector - updates 0
13:18:28.864 [qtp158982948-55] DEBUG org.eclipse.jetty.io.ManagedSelector - Selector sun.nio.ch.WindowsSelectorImpl@5c864108 waiting with 1 keys
13:18:28.864 [qtp158982948-55] DEBUG org.eclipse.jetty.io.ManagedSelector - Selector sun.nio.ch.WindowsSelectorImpl@5c864108 woken up from select, 1/1/1 selected
13:18:28.864 [qtp158982948-55] DEBUG org.eclipse.jetty.io.ManagedSelector - Selector sun.nio.ch.WindowsSelectorImpl@5c864108 processing 1 keys, 0 updates
13:18:28.864 [qtp158982948-55] DEBUG org.eclipse.jetty.io.ManagedSelector - selected 1 channel=java.nio.channels.SocketChannel[connected local=/127.0.0.1:8080 remote=/127.0.0.1:64989], selector=sun.nio.ch.WindowsSelectorImpl@5c864108, interestOps=1, readyOps=1 NetworkTrafficSocketChannelEndPoint@285b8860{/127.0.0.1:64989<->/127.0.0.1:8080,OPEN,fill=FI,flush=-,to=0/30000}{io=1/1,kio=1,kro=1}->HttpConnection@7ab6ad0b[p=HttpParser{s=START,0 of -1},g=HttpGenerator@e5a22b5{s=START}]=>HttpChannelOverHttp@744043e7{s=HttpChannelState@4cb01f6{s=IDLE rs=BLOCKING os=OPEN is=IDLE awp=false se=false i=true al=0},r=0,c=false/false,a=IDLE,uri=null,age=0} 
13:18:28.865 [qtp158982948-55] DEBUG org.eclipse.jetty.io.ChannelEndPoint - onSelected 1->0 r=true w=false for NetworkTrafficSocketChannelEndPoint@285b8860{/127.0.0.1:64989<->/127.0.0.1:8080,OPEN,fill=FI,flush=-,to=1/30000}{io=1/0,kio=1,kro=1}->HttpConnection@7ab6ad0b[p=HttpParser{s=START,0 of -1},g=HttpGenerator@e5a22b5{s=START}]=>HttpChannelOverHttp@744043e7{s=HttpChannelState@4cb01f6{s=IDLE rs=BLOCKING os=OPEN is=IDLE awp=false se=false i=true al=0},r=0,c=false/false,a=IDLE,uri=null,age=0}
13:18:28.865 [qtp158982948-55] DEBUG org.eclipse.jetty.io.ChannelEndPoint - task CEP:NetworkTrafficSocketChannelEndPoint@285b8860{/127.0.0.1:64989<->/127.0.0.1:8080,OPEN,fill=FI,flush=-,to=1/30000}{io=1/0,kio=1,kro=1}->HttpConnection@7ab6ad0b[p=HttpParser{s=START,0 of -1},g=HttpGenerator@e5a22b5{s=START}]=>HttpChannelOverHttp@744043e7{s=HttpChannelState@4cb01f6{s=IDLE rs=BLOCKING os=OPEN is=IDLE awp=false se=false i=true al=0},r=0,c=false/false,a=IDLE,uri=null,age=0}:runFillable:BLOCKING
13:18:28.865 [qtp158982948-61] DEBUG org.eclipse.jetty.io.ManagedSelector - Created NetworkTrafficSocketChannelEndPoint@285b8860{/127.0.0.1:64989<->/127.0.0.1:8080,OPEN,fill=FI,flush=-,to=1/30000}{io=1/0,kio=1,kro=1}->HttpConnection@7ab6ad0b[p=HttpParser{s=START,0 of -1},g=HttpGenerator@e5a22b5{s=START}]=>HttpChannelOverHttp@744043e7{s=HttpChannelState@4cb01f6{s=IDLE rs=BLOCKING os=OPEN is=IDLE awp=false se=false i=true al=0},r=0,c=false/false,a=IDLE,uri=null,age=0}
13:18:28.865 [qtp158982948-61] DEBUG org.eclipse.jetty.util.thread.QueuedThreadPool - ran org.eclipse.jetty.io.ManagedSelector$Accept@e5a95d5 in QueuedThreadPool[qtp158982948]@979e324{STARTED,8<=8<=14,i=1,r=1,q=0}[ReservedThreadExecutor@2a8706d9{s=1/1,p=0}]
13:18:28.865 [qtp158982948-55] DEBUG org.eclipse.jetty.util.thread.ReservedThreadExecutor - ReservedThreadExecutor@2a8706d9{s=1/1,p=0} tryExecute EatWhatYouKill@5205918/SelectorProducer@1cd11adc/PRODUCING/p=false/QueuedThreadPool[qtp158982948]@979e324{STARTED,8<=8<=14,i=1,r=1,q=0}[ReservedThreadExecutor@2a8706d9{s=1/1,p=0}][pc=0,pic=0,pec=0,epc=0]@2020-09-25T13:18:28.8650556+02:00
13:18:28.865 [qtp158982948-55] DEBUG org.eclipse.jetty.util.thread.ReservedThreadExecutor - ReservedThreadExecutor@2a8706d9{s=0/1,p=0}@3a74ec05 offer EatWhatYouKill@5205918/SelectorProducer@1cd11adc/PRODUCING/p=false/QueuedThreadPool[qtp158982948]@979e324{STARTED,8<=8<=14,i=2,r=1,q=0}[ReservedThreadExecutor@2a8706d9{s=0/1,p=0}][pc=0,pic=0,pec=0,epc=0]@2020-09-25T13:18:28.8650556+02:00
13:18:28.865 [qtp158982948-55] DEBUG org.eclipse.jetty.util.thread.ReservedThreadExecutor - ReservedThreadExecutor@2a8706d9{s=0/1,p=1} startReservedThread p=1
13:18:28.865 [qtp158982948-55] DEBUG org.eclipse.jetty.util.thread.QueuedThreadPool - queue ReservedThreadExecutor@2a8706d9{s=0/1,p=1}@567e2a78 startThread=0
13:18:28.865 [qtp158982948-55] DEBUG org.eclipse.jetty.util.thread.strategy.EatWhatYouKill - EatWhatYouKill@5205918/SelectorProducer@1cd11adc/IDLE/p=true/QueuedThreadPool[qtp158982948]@979e324{STARTED,8<=8<=14,i=1,r=1,q=0}[ReservedThreadExecutor@2a8706d9{s=0/1,p=1}][pc=0,pic=0,pec=0,epc=0]@2020-09-25T13:18:28.8650556+02:00 m=EXECUTE_PRODUCE_CONSUME t=CEP:NetworkTrafficSocketChannelEndPoint@285b8860{/127.0.0.1:64989<->/127.0.0.1:8080,OPEN,fill=FI,flush=-,to=1/30000}{io=1/0,kio=1,kro=1}->HttpConnection@7ab6ad0b[p=HttpParser{s=START,0 of -1},g=HttpGenerator@e5a22b5{s=START}]=>HttpChannelOverHttp@744043e7{s=HttpChannelState@4cb01f6{s=IDLE rs=BLOCKING os=OPEN is=IDLE awp=false se=false i=true al=0},r=0,c=false/false,a=IDLE,uri=null,age=0}:runFillable:BLOCKING/BLOCKING
13:18:28.866 [qtp158982948-55] DEBUG org.eclipse.jetty.io.FillInterest - fillable FillInterest@787307e2{AC.ReadCB@7ab6ad0b{HttpConnection@7ab6ad0b::NetworkTrafficSocketChannelEndPoint@285b8860{/127.0.0.1:64989<->/127.0.0.1:8080,OPEN,fill=FI,flush=-,to=2/30000}{io=1/0,kio=1,kro=1}->HttpConnection@7ab6ad0b[p=HttpParser{s=START,0 of -1},g=HttpGenerator@e5a22b5{s=START}]=>HttpChannelOverHttp@744043e7{s=HttpChannelState@4cb01f6{s=IDLE rs=BLOCKING os=OPEN is=IDLE awp=false se=false i=true al=0},r=0,c=false/false,a=IDLE,uri=null,age=0}}}
13:18:28.866 [qtp158982948-62] DEBUG org.eclipse.jetty.util.thread.ReservedThreadExecutor - ReservedThreadExecutor@2a8706d9{s=0/1,p=1}@3a74ec05 task=EatWhatYouKill@5205918/SelectorProducer@1cd11adc/IDLE/p=true/QueuedThreadPool[qtp158982948]@979e324{STARTED,8<=8<=14,i=1,r=1,q=0}[ReservedThreadExecutor@2a8706d9{s=0/1,p=1}][pc=0,pic=0,pec=0,epc=1]@2020-09-25T13:18:28.8660499+02:00
13:18:28.866 [qtp158982948-55] DEBUG org.eclipse.jetty.server.HttpConnection - HttpConnection@7ab6ad0b::NetworkTrafficSocketChannelEndPoint@285b8860{/127.0.0.1:64989<->/127.0.0.1:8080,OPEN,fill=-,flush=-,to=2/30000}{io=1/0,kio=1,kro=1}->HttpConnection@7ab6ad0b[p=HttpParser{s=START,0 of -1},g=HttpGenerator@e5a22b5{s=START}]=>HttpChannelOverHttp@744043e7{s=HttpChannelState@4cb01f6{s=IDLE rs=BLOCKING os=OPEN is=IDLE awp=false se=false i=true al=0},r=0,c=false/false,a=IDLE,uri=null,age=0} onFillable enter HttpChannelState@4cb01f6{s=IDLE rs=BLOCKING os=OPEN is=IDLE awp=false se=false i=true al=0} null
13:18:28.866 [qtp158982948-62] DEBUG org.eclipse.jetty.util.thread.strategy.EatWhatYouKill - EatWhatYouKill@5205918/SelectorProducer@1cd11adc/IDLE/p=true/QueuedThreadPool[qtp158982948]@979e324{STARTED,8<=8<=14,i=1,r=1,q=0}[ReservedThreadExecutor@2a8706d9{s=0/1,p=1}][pc=0,pic=0,pec=0,epc=1]@2020-09-25T13:18:28.8660499+02:00 tryProduce true
13:18:28.866 [qtp158982948-62] DEBUG org.eclipse.jetty.io.ManagedSelector - updateable 0
13:18:28.866 [qtp158982948-62] DEBUG org.eclipse.jetty.io.ManagedSelector - updates 0
13:18:28.866 [qtp158982948-55] DEBUG org.eclipse.jetty.io.ChannelEndPoint - filled 157 HeapByteBuffer@10a2ecb7[p=0,l=157,c=8192,r=157]={<<<GET /api/v0/components/pr...horization: Bearer \r\n\r\n>>>che-HttpC...\x00\x00\x00\x00\x00\x00\x00}
13:18:28.866 [qtp158982948-62] DEBUG org.eclipse.jetty.io.ChannelEndPoint - Key interests updated 1 -> 0 on NetworkTrafficSocketChannelEndPoint@285b8860{/127.0.0.1:64989<->/127.0.0.1:8080,OPEN,fill=-,flush=-,to=0/30000}{io=0/0,kio=0,kro=1}->HttpConnection@7ab6ad0b[p=HttpParser{s=START,0 of -1},g=HttpGenerator@e5a22b5{s=START}]=>HttpChannelOverHttp@744043e7{s=HttpChannelState@4cb01f6{s=IDLE rs=BLOCKING os=OPEN is=IDLE awp=false se=false i=true al=0},r=0,c=false/false,a=IDLE,uri=null,age=0}
13:18:28.866 [qtp158982948-62] DEBUG org.eclipse.jetty.io.ManagedSelector - Selector sun.nio.ch.WindowsSelectorImpl@5c864108 waiting with 1 keys
13:18:28.866 [qtp158982948-55] DEBUG org.eclipse.jetty.server.HttpConnection - HttpConnection@7ab6ad0b::NetworkTrafficSocketChannelEndPoint@285b8860{/127.0.0.1:64989<->/127.0.0.1:8080,OPEN,fill=-,flush=-,to=0/30000}{io=0/0,kio=0,kro=1}->HttpConnection@7ab6ad0b[p=HttpParser{s=START,0 of -1},g=HttpGenerator@e5a22b5{s=START}]=>HttpChannelOverHttp@744043e7{s=HttpChannelState@4cb01f6{s=IDLE rs=BLOCKING os=OPEN is=IDLE awp=false se=false i=true al=0},r=0,c=false/false,a=IDLE,uri=null,age=0} filled 157 HeapByteBuffer@10a2ecb7[p=0,l=157,c=8192,r=157]={<<<GET /api/v0/components/pr...horization: Bearer \r\n\r\n>>>che-HttpC...\x00\x00\x00\x00\x00\x00\x00}
13:18:28.867 [qtp158982948-56] DEBUG org.eclipse.jetty.util.thread.QueuedThreadPool - run ReservedThreadExecutor@2a8706d9{s=0/1,p=1}@567e2a78 in QueuedThreadPool[qtp158982948]@979e324{STARTED,8<=8<=14,i=1,r=1,q=0}[ReservedThreadExecutor@2a8706d9{s=0/1,p=1}]
13:18:28.867 [qtp158982948-55] DEBUG org.eclipse.jetty.server.HttpConnection - HttpConnection@7ab6ad0b::NetworkTrafficSocketChannelEndPoint@285b8860{/127.0.0.1:64989<->/127.0.0.1:8080,OPEN,fill=-,flush=-,to=0/30000}{io=0/0,kio=0,kro=1}->HttpConnection@7ab6ad0b[p=HttpParser{s=START,0 of -1},g=HttpGenerator@e5a22b5{s=START}]=>HttpChannelOverHttp@744043e7{s=HttpChannelState@4cb01f6{s=IDLE rs=BLOCKING os=OPEN is=IDLE awp=false se=false i=true al=0},r=0,c=false/false,a=IDLE,uri=null,age=0} parse HeapByteBuffer@10a2ecb7[p=0,l=157,c=8192,r=157]={<<<GET /api/v0/components/pr...horization: Bearer \r\n\r\n>>>che-HttpC...\x00\x00\x00\x00\x00\x00\x00} {}
13:18:28.867 [qtp158982948-56] DEBUG org.eclipse.jetty.util.thread.ReservedThreadExecutor - ReservedThreadExecutor@2a8706d9{s=1/1,p=1}@567e2a78 started
13:18:28.867 [qtp158982948-55] DEBUG org.eclipse.jetty.http.HttpParser - parseNext s=START HeapByteBuffer@10a2ecb7[p=0,l=157,c=8192,r=157]={<<<GET /api/v0/components/pr...horization: Bearer \r\n\r\n>>>che-HttpC...\x00\x00\x00\x00\x00\x00\x00}
13:18:28.867 [qtp158982948-56] DEBUG org.eclipse.jetty.util.thread.ReservedThreadExecutor - ReservedThreadExecutor@2a8706d9{s=1/1,p=0}@567e2a78 waiting
13:18:28.867 [qtp158982948-55] DEBUG org.eclipse.jetty.http.HttpParser - START --> SPACE1
13:18:28.867 [qtp158982948-55] DEBUG org.eclipse.jetty.http.HttpParser - SPACE1 --> URI
13:18:28.867 [qtp158982948-55] DEBUG org.eclipse.jetty.http.HttpParser - URI --> SPACE2
13:18:28.867 [qtp158982948-55] DEBUG org.eclipse.jetty.http.HttpParser - SPACE2 --> REQUEST_VERSION
13:18:28.867 [qtp158982948-55] DEBUG org.eclipse.jetty.http.HttpParser - REQUEST_VERSION --> HEADER
13:18:28.867 [qtp158982948-55] DEBUG org.eclipse.jetty.http.HttpParser - HEADER:User-Agent --> VALUE
13:18:28.867 [qtp158982948-55] DEBUG org.eclipse.jetty.http.HttpParser - HEADER:User-Agent --> IN_VALUE
13:18:28.867 [qtp158982948-55] DEBUG org.eclipse.jetty.http.HttpParser - HEADER:User-Agent --> FIELD
13:18:28.867 [qtp158982948-55] DEBUG org.eclipse.jetty.http.HttpParser - HEADER:Host --> VALUE
13:18:28.867 [qtp158982948-55] DEBUG org.eclipse.jetty.http.HttpParser - HEADER:Host --> IN_VALUE
13:18:28.867 [qtp158982948-55] DEBUG org.eclipse.jetty.http.HttpParser - HEADER:Host --> FIELD
13:18:28.867 [qtp158982948-55] DEBUG org.eclipse.jetty.http.HttpParser - HEADER:Accept: */* --> IN_VALUE
13:18:28.867 [qtp158982948-55] DEBUG org.eclipse.jetty.http.HttpParser - HEADER:Accept: */* --> FIELD
13:18:28.867 [qtp158982948-55] DEBUG org.eclipse.jetty.http.HttpParser - HEADER:Authorization --> VALUE
13:18:28.867 [qtp158982948-55] DEBUG org.eclipse.jetty.http.HttpParser - HEADER:Authorization --> IN_VALUE
13:18:28.867 [qtp158982948-55] DEBUG org.eclipse.jetty.http.HttpParser - HEADER:Authorization --> FIELD
13:18:28.867 [qtp158982948-55] DEBUG org.eclipse.jetty.http.HttpParser - HEADER --> CONTENT
13:18:28.867 [qtp158982948-55] DEBUG org.eclipse.jetty.server.HttpChannel - REQUEST for //localhost:8080/api/v0/components/provision-adapters/awx on HttpChannelOverHttp@744043e7{s=HttpChannelState@4cb01f6{s=IDLE rs=BLOCKING os=OPEN is=IDLE awp=false se=false i=true al=0},r=1,c=false/false,a=IDLE,uri=//localhost:8080/api/v0/components/provision-adapters/awx,age=0}
GET //localhost:8080/api/v0/components/provision-adapters/awx HTTP/1.1
User-Agent: ReactorNetty/0.9.7.RELEASE
Host: localhost:8080
Accept: */*
Authorization: Bearer


13:18:28.868 [qtp158982948-55] DEBUG org.eclipse.jetty.server.HttpConnection - HttpConnection@7ab6ad0b::NetworkTrafficSocketChannelEndPoint@285b8860{/127.0.0.1:64989<->/127.0.0.1:8080,OPEN,fill=-,flush=-,to=1/30000}{io=0/0,kio=0,kro=1}->HttpConnection@7ab6ad0b[p=HttpParser{s=CONTENT,0 of -1},g=HttpGenerator@e5a22b5{s=START}]=>HttpChannelOverHttp@744043e7{s=HttpChannelState@4cb01f6{s=IDLE rs=BLOCKING os=OPEN is=IDLE awp=false se=false i=true al=0},r=1,c=false/false,a=IDLE,uri=//localhost:8080/api/v0/components/provision-adapters/awx,age=0} parsed true HttpParser{s=CONTENT,0 of -1}
13:18:28.868 [qtp158982948-55] DEBUG org.eclipse.jetty.server.HttpConnection - releaseRequestBuffer HttpConnection@7ab6ad0b::NetworkTrafficSocketChannelEndPoint@285b8860{/127.0.0.1:64989<->/127.0.0.1:8080,OPEN,fill=-,flush=-,to=1/30000}{io=0/0,kio=0,kro=1}->HttpConnection@7ab6ad0b[p=HttpParser{s=CONTENT,0 of -1},g=HttpGenerator@e5a22b5{s=START}]=>HttpChannelOverHttp@744043e7{s=HttpChannelState@4cb01f6{s=IDLE rs=BLOCKING os=OPEN is=IDLE awp=false se=false i=true al=0},r=1,c=false/false,a=IDLE,uri=//localhost:8080/api/v0/components/provision-adapters/awx,age=1}
13:18:28.868 [qtp158982948-55] DEBUG org.eclipse.jetty.server.HttpChannel - handle //localhost:8080/api/v0/components/provision-adapters/awx HttpChannelOverHttp@744043e7{s=HttpChannelState@4cb01f6{s=IDLE rs=BLOCKING os=OPEN is=IDLE awp=false se=false i=true al=0},r=1,c=false/false,a=IDLE,uri=//localhost:8080/api/v0/components/provision-adapters/awx,age=1} 
13:18:28.868 [qtp158982948-55] DEBUG org.eclipse.jetty.server.HttpChannelState - handling HttpChannelState@4cb01f6{s=IDLE rs=BLOCKING os=OPEN is=IDLE awp=false se=false i=true al=0}
13:18:28.868 [qtp158982948-55] DEBUG org.eclipse.jetty.server.HttpChannel - action DISPATCH HttpChannelOverHttp@744043e7{s=HttpChannelState@4cb01f6{s=HANDLING rs=BLOCKING os=OPEN is=IDLE awp=false se=false i=true al=0},r=1,c=false/false,a=HANDLING,uri=//localhost:8080/api/v0/components/provision-adapters/awx,age=1}
13:18:28.868 [qtp158982948-55] DEBUG org.eclipse.jetty.server.Server - REQUEST GET /api/v0/components/provision-adapters/awx on HttpChannelOverHttp@744043e7{s=HttpChannelState@4cb01f6{s=HANDLING rs=BLOCKING os=OPEN is=IDLE awp=false se=false i=true al=0},r=1,c=false/false,a=HANDLING,uri=//localhost:8080/api/v0/components/provision-adapters/awx,age=1}
13:18:28.868 [qtp158982948-55] DEBUG org.eclipse.jetty.server.handler.ContextHandler - scope null||/api/v0/components/provision-adapters/awx @ o.e.j.s.ServletContextHandler@130e2bb3{/__admin,null,AVAILABLE}
13:18:28.868 [qtp158982948-55] DEBUG org.eclipse.jetty.server.handler.gzip.GzipHandler - GzipHandler@69acd89a{STARTED,min=32,inflate=-1} handle Request(GET //localhost:8080/api/v0/components/provision-adapters/awx)@137caed3 in null
13:18:28.868 [qtp158982948-55] DEBUG org.eclipse.jetty.server.handler.ContextHandler - scope null||/api/v0/components/provision-adapters/awx @ o.e.j.s.ServletContextHandler@52601e0c{/,null,AVAILABLE}
13:18:28.868 [qtp158982948-55] DEBUG org.eclipse.jetty.server.handler.ContextHandler - context=||/api/v0/components/provision-adapters/awx @ o.e.j.s.ServletContextHandler@52601e0c{/,null,AVAILABLE}
13:18:28.868 [qtp158982948-55] DEBUG org.eclipse.jetty.servlet.ServletHandler - servlet |/api/v0/components/provision-adapters/awx|null -> com.github.tomakehurst.wiremock.servlet.WireMockHandlerDispatchingServlet-6fbd8bde@87c152b==com.github.tomakehurst.wiremock.servlet.WireMockHandlerDispatchingServlet,jsp=null,order=-1,inst=false,async=true
13:18:28.868 [qtp158982948-55] DEBUG org.eclipse.jetty.servlet.ServletHandler - chain=org.eclipse.jetty.servlets.CrossOriginFilter-76cba62e@76cba62e==org.eclipse.jetty.servlets.CrossOriginFilter,inst=true,async=true->com.github.tomakehurst.wiremock.servlet.WireMockHandlerDispatchingServlet-6fbd8bde@87c152b==com.github.tomakehurst.wiremock.servlet.WireMockHandlerDispatchingServlet,jsp=null,order=-1,inst=false,async=true
13:18:28.869 [qtp158982948-55] DEBUG org.eclipse.jetty.servlet.ServletHolder - Servlet.init com.github.tomakehurst.wiremock.servlet.WireMockHandlerDispatchingServlet@7d1c23b5 for com.github.tomakehurst.wiremock.servlet.WireMockHandlerDispatchingServlet-6fbd8bde
13:18:28.869 [qtp158982948-55] INFO org.eclipse.jetty.server.handler.ContextHandler.ROOT - RequestHandlerClass from context returned com.github.tomakehurst.wiremock.http.StubRequestHandler. Normalized mapped under returned 'null'
13:18:28.869 [qtp158982948-55] DEBUG org.eclipse.jetty.servlet.ServletHandler - call filter org.eclipse.jetty.servlets.CrossOriginFilter-76cba62e@76cba62e==org.eclipse.jetty.servlets.CrossOriginFilter,inst=true,async=true
13:18:28.869 [qtp158982948-55] DEBUG org.eclipse.jetty.servlet.ServletHandler - call servlet com.github.tomakehurst.wiremock.servlet.WireMockHandlerDispatchingServlet-6fbd8bde@87c152b==com.github.tomakehurst.wiremock.servlet.WireMockHandlerDispatchingServlet,jsp=null,order=-1,inst=true,async=true
13:18:28.870 [qtp158982948-55] DEBUG org.eclipse.jetty.io.ChannelEndPoint - filled 0 HeapByteBuffer@10a2ecb7[p=0,l=0,c=8192,r=0]={<<<>>>GET /api/...\x00\x00\x00\x00\x00\x00\x00}
13:18:28.870 [qtp158982948-55] DEBUG org.eclipse.jetty.io.ChannelEndPoint - filled 0 HeapByteBuffer@10a2ecb7[p=0,l=0,c=8192,r=0]={<<<>>>GET /api/...\x00\x00\x00\x00\x00\x00\x00}
13:18:28.870 [qtp158982948-55] DEBUG org.eclipse.jetty.server.HttpConnection - HttpConnection@7ab6ad0b::NetworkTrafficSocketChannelEndPoint@285b8860{/127.0.0.1:64989<->/127.0.0.1:8080,OPEN,fill=-,flush=-,to=3/30000}{io=0/0,kio=0,kro=1}->HttpConnection@7ab6ad0b[p=HttpParser{s=CONTENT,0 of -1},g=HttpGenerator@e5a22b5{s=START}]=>HttpChannelOverHttp@744043e7{s=HttpChannelState@4cb01f6{s=HANDLING rs=BLOCKING os=OPEN is=IDLE awp=false se=false i=true al=0},r=1,c=false/false,a=HANDLING,uri=//localhost:8080/api/v0/components/provision-adapters/awx,age=3} filled 0 HeapByteBuffer@10a2ecb7[p=0,l=0,c=8192,r=0]={<<<>>>GET /api/...\x00\x00\x00\x00\x00\x00\x00}
13:18:28.870 [qtp158982948-55] DEBUG org.eclipse.jetty.server.HttpConnection - HttpConnection@7ab6ad0b::NetworkTrafficSocketChannelEndPoint@285b8860{/127.0.0.1:64989<->/127.0.0.1:8080,OPEN,fill=-,flush=-,to=4/30000}{io=0/0,kio=0,kro=1}->HttpConnection@7ab6ad0b[p=HttpParser{s=CONTENT,0 of -1},g=HttpGenerator@e5a22b5{s=START}]=>HttpChannelOverHttp@744043e7{s=HttpChannelState@4cb01f6{s=HANDLING rs=BLOCKING os=OPEN is=IDLE awp=false se=false i=true al=0},r=1,c=false/false,a=HANDLING,uri=//localhost:8080/api/v0/components/provision-adapters/awx,age=3} parse HeapByteBuffer@10a2ecb7[p=0,l=0,c=8192,r=0]={<<<>>>GET /api/...\x00\x00\x00\x00\x00\x00\x00} {}
13:18:28.870 [qtp158982948-55] DEBUG org.eclipse.jetty.http.HttpParser - parseNext s=CONTENT HeapByteBuffer@10a2ecb7[p=0,l=0,c=8192,r=0]={<<<>>>GET /api/...\x00\x00\x00\x00\x00\x00\x00}
13:18:28.870 [qtp158982948-55] DEBUG org.eclipse.jetty.http.HttpParser - CONTENT --> CONTENT_END
13:18:28.870 [qtp158982948-55] DEBUG org.eclipse.jetty.server.HttpChannel - onContentComplete HttpChannelOverHttp@744043e7{s=HttpChannelState@4cb01f6{s=HANDLING rs=BLOCKING os=OPEN is=IDLE awp=false se=false i=true al=0},r=1,c=false/false,a=HANDLING,uri=//localhost:8080/api/v0/components/provision-adapters/awx,age=3}
13:18:28.870 [qtp158982948-55] DEBUG org.eclipse.jetty.http.HttpParser - CONTENT_END --> END
13:18:28.870 [qtp158982948-55] DEBUG org.eclipse.jetty.server.HttpChannel - onRequestComplete HttpChannelOverHttp@744043e7{s=HttpChannelState@4cb01f6{s=HANDLING rs=BLOCKING os=OPEN is=IDLE awp=false se=false i=true al=0},r=1,c=false/false,a=HANDLING,uri=//localhost:8080/api/v0/components/provision-adapters/awx,age=3}
13:18:28.870 [qtp158982948-55] DEBUG org.eclipse.jetty.server.HttpInput - HttpInputOverHTTP@2225be1a[c=0,q=0,[0]=null,s=STREAM] addContent EOF
13:18:28.870 [qtp158982948-55] DEBUG org.eclipse.jetty.server.HttpConnection - HttpConnection@7ab6ad0b::NetworkTrafficSocketChannelEndPoint@285b8860{/127.0.0.1:64989<->/127.0.0.1:8080,OPEN,fill=-,flush=-,to=4/30000}{io=0/0,kio=0,kro=1}->HttpConnection@7ab6ad0b[p=HttpParser{s=END,0 of -1},g=HttpGenerator@e5a22b5{s=START}]=>HttpChannelOverHttp@744043e7{s=HttpChannelState@4cb01f6{s=HANDLING rs=BLOCKING os=OPEN is=IDLE awp=false se=false i=true al=0},r=1,c=false/false,a=HANDLING,uri=//localhost:8080/api/v0/components/provision-adapters/awx,age=3} parsed false HttpParser{s=END,0 of -1}
13:18:28.871 [qtp158982948-55] DEBUG org.eclipse.jetty.server.HttpConnection - releaseRequestBuffer HttpConnection@7ab6ad0b::NetworkTrafficSocketChannelEndPoint@285b8860{/127.0.0.1:64989<->/127.0.0.1:8080,OPEN,fill=-,flush=-,to=4/30000}{io=0/0,kio=0,kro=1}->HttpConnection@7ab6ad0b[p=HttpParser{s=END,0 of -1},g=HttpGenerator@e5a22b5{s=START}]=>HttpChannelOverHttp@744043e7{s=HttpChannelState@4cb01f6{s=HANDLING rs=BLOCKING os=OPEN is=IDLE awp=false se=false i=true al=0},r=1,c=false/false,a=HANDLING,uri=//localhost:8080/api/v0/components/provision-adapters/awx,age=3}
13:18:28.871 [qtp158982948-55] DEBUG org.eclipse.jetty.server.HttpChannelState - onEof HttpChannelState@4cb01f6{s=HANDLING rs=BLOCKING os=OPEN is=IDLE awp=false se=false i=true al=0}
13:18:28.878 [qtp158982948-55] DEBUG org.eclipse.jetty.server.handler.gzip.GzipHttpOutputInterceptor - org.eclipse.jetty.server.handler.gzip.GzipHttpOutputInterceptor@5af6dcc exclude by status 401
13:18:28.878 [qtp158982948-55] DEBUG org.eclipse.jetty.server.HttpChannel - sendResponse info=null content=HeapByteBuffer@137d328[p=0,l=0,c=0,r=0]={<<<>>>} complete=false committing=true callback=Blocker@7353519c{null}
13:18:28.878 [qtp158982948-55] DEBUG org.eclipse.jetty.server.HttpChannel - COMMIT for /api/v0/components/provision-adapters/awx on HttpChannelOverHttp@744043e7{s=HttpChannelState@4cb01f6{s=HANDLING rs=BLOCKING os=COMMITTED is=READY awp=false se=false i=true al=0},r=1,c=false/false,a=HANDLING,uri=//localhost:8080/api/v0/components/provision-adapters/awx,age=11}
401 null HTTP/1.1
Matched-Stub-Id: 0378ff59-a2ae-4df7-af72-fe9c5fe5c5de


13:18:28.878 [qtp158982948-55] DEBUG org.eclipse.jetty.server.HttpConnection - generate: NEED_HEADER for org.eclipse.jetty.server.HttpConnection$SendCallback@6f4ec5c8[PROCESSING][i=HTTP/1.1{s=401,h=1,cl=-1},cb=org.eclipse.jetty.server.HttpChannel$SendCallback@60146355] (null,[p=0,l=0,c=0,r=0],false)@START
13:18:28.878 [qtp158982948-55] DEBUG org.eclipse.jetty.http.HttpGenerator - generateHeaders HTTP/1.1{s=401,h=1,cl=-1} last=false content=HeapByteBuffer@137d328[p=0,l=0,c=0,r=0]={<<<>>>}
13:18:28.879 [qtp158982948-55] DEBUG org.eclipse.jetty.http.HttpGenerator - Matched-Stub-Id: 0378ff59-a2ae-4df7-af72-fe9c5fe5c5de


13:18:28.879 [qtp158982948-55] DEBUG org.eclipse.jetty.http.HttpGenerator - CHUNKED_CONTENT
13:18:28.879 [qtp158982948-55] DEBUG org.eclipse.jetty.server.HttpConnection - generate: FLUSH for org.eclipse.jetty.server.HttpConnection$SendCallback@6f4ec5c8[PROCESSING][i=HTTP/1.1{s=401,h=1,cl=-1},cb=org.eclipse.jetty.server.HttpChannel$SendCallback@60146355] ([p=0,l=145,c=8192,r=145],[p=0,l=0,c=0,r=0],false)@COMMITTED
13:18:28.879 [qtp158982948-55] DEBUG org.eclipse.jetty.io.WriteFlusher - write: WriteFlusher@1eaba396{IDLE}->null [HeapByteBuffer@10a2ecb7[p=0,l=145,c=8192,r=145]={<<<HTTP/1.1 401 Unauthorized...y(9.4.28.v20200408)\r\n\r\n>>> Bearer \r...\x00\x00\x00\x00\x00\x00\x00}]
13:18:28.879 [qtp158982948-55] DEBUG org.eclipse.jetty.io.WriteFlusher - update WriteFlusher@1eaba396{WRITING}->null:IDLE-->WRITING
13:18:28.880 [qtp158982948-55] DEBUG org.eclipse.jetty.io.ChannelEndPoint - flushed 145 NetworkTrafficSocketChannelEndPoint@285b8860{/127.0.0.1:64989<->/127.0.0.1:8080,OPEN,fill=-,flush=W,to=13/30000}{io=0/0,kio=0,kro=1}->HttpConnection@7ab6ad0b[p=HttpParser{s=END,0 of -1},g=HttpGenerator@e5a22b5{s=COMMITTED}]=>HttpChannelOverHttp@744043e7{s=HttpChannelState@4cb01f6{s=HANDLING rs=BLOCKING os=COMMITTED is=READY awp=false se=false i=true al=0},r=1,c=false/false,a=HANDLING,uri=//localhost:8080/api/v0/components/provision-adapters/awx,age=12}
13:18:28.880 [qtp158982948-55] DEBUG org.eclipse.jetty.io.WriteFlusher - Flushed=true written=145 remaining=0 WriteFlusher@1eaba396{WRITING}->null
13:18:28.880 [qtp158982948-55] DEBUG org.eclipse.jetty.io.WriteFlusher - update WriteFlusher@1eaba396{IDLE}->null:WRITING-->IDLE
13:18:28.880 [qtp158982948-55] DEBUG org.eclipse.jetty.server.HttpConnection - generate: DONE for org.eclipse.jetty.server.HttpConnection$SendCallback@6f4ec5c8[PROCESSING][i=HTTP/1.1{s=401,h=1,cl=-1},cb=org.eclipse.jetty.server.HttpChannel$SendCallback@60146355] ([p=145,l=145,c=8192,r=0],[p=0,l=0,c=0,r=0],false)@COMMITTED
13:18:28.880 [qtp158982948-55] DEBUG org.eclipse.jetty.server.HttpOutput - onWriteComplete(false,null) s=OPEN,api=BLOCKED,sc=false,e=null->s=OPEN,api=BLOCKING,sc=false,e=null c=null cb=null w=false
13:18:28.880 [qtp158982948-55] DEBUG org.eclipse.jetty.server.HttpOutput - close() s=CLOSING,api=BLOCKED,sc=false,e=null c=HeapByteBuffer@137d328[p=0,l=0,c=0,r=0]={<<<>>>} b=Blocker@7353519c{null}
13:18:28.880 [qtp158982948-55] DEBUG org.eclipse.jetty.server.HttpChannel - sendResponse info=null content=HeapByteBuffer@137d328[p=0,l=0,c=0,r=0]={<<<>>>} complete=true committing=false callback=Blocker@7353519c{null}
13:18:28.880 [qtp158982948-55] DEBUG org.eclipse.jetty.server.HttpConnection - generate: CONTINUE for org.eclipse.jetty.server.HttpConnection$SendCallback@6f4ec5c8[PROCESSING][i=null,cb=org.eclipse.jetty.server.HttpChannel$SendCallback@771dce6e] (null,[p=0,l=0,c=0,r=0],true)@COMPLETING
13:18:28.880 [qtp158982948-55] DEBUG org.eclipse.jetty.server.HttpConnection - generate: NEED_CHUNK for org.eclipse.jetty.server.HttpConnection$SendCallback@6f4ec5c8[PROCESSING][i=null,cb=org.eclipse.jetty.server.HttpChannel$SendCallback@771dce6e] (null,[p=0,l=0,c=0,r=0],true)@COMPLETING
13:18:28.880 [qtp158982948-55] DEBUG org.eclipse.jetty.server.HttpConnection - generate: FLUSH for org.eclipse.jetty.server.HttpConnection$SendCallback@6f4ec5c8[PROCESSING][i=null,cb=org.eclipse.jetty.server.HttpChannel$SendCallback@771dce6e] (null,[p=0,l=0,c=0,r=0],true)@COMPLETING
13:18:28.880 [qtp158982948-55] DEBUG org.eclipse.jetty.io.WriteFlusher - write: WriteFlusher@1eaba396{IDLE}->null [HeapByteBuffer@66560e90[p=0,l=5,c=1024,r=5]={<<<0\r\n\r\n>>>\r\n\x00\x00\x00\x00\x00\x00\x00...\x00\x00\x00\x00\x00\x00\x00}]
13:18:28.880 [qtp158982948-55] DEBUG org.eclipse.jetty.io.WriteFlusher - update WriteFlusher@1eaba396{WRITING}->null:IDLE-->WRITING
13:18:28.880 [qtp158982948-55] DEBUG org.eclipse.jetty.io.ChannelEndPoint - flushed 5 NetworkTrafficSocketChannelEndPoint@285b8860{/127.0.0.1:64989<->/127.0.0.1:8080,OPEN,fill=-,flush=W,to=0/30000}{io=0/0,kio=0,kro=1}->HttpConnection@7ab6ad0b[p=HttpParser{s=END,0 of -1},g=HttpGenerator@e5a22b5{s=COMPLETING}]=>HttpChannelOverHttp@744043e7{s=HttpChannelState@4cb01f6{s=HANDLING rs=BLOCKING os=COMMITTED is=READY awp=false se=false i=true al=0},r=1,c=false/false,a=HANDLING,uri=//localhost:8080/api/v0/components/provision-adapters/awx,age=13}
13:18:28.881 [qtp158982948-55] DEBUG org.eclipse.jetty.io.WriteFlusher - Flushed=true written=5 remaining=0 WriteFlusher@1eaba396{WRITING}->null
13:18:28.881 [qtp158982948-55] DEBUG org.eclipse.jetty.io.WriteFlusher - update WriteFlusher@1eaba396{IDLE}->null:WRITING-->IDLE
13:18:28.881 [qtp158982948-55] DEBUG org.eclipse.jetty.server.HttpConnection - generate: DONE for org.eclipse.jetty.server.HttpConnection$SendCallback@6f4ec5c8[PROCESSING][i=null,cb=org.eclipse.jetty.server.HttpChannel$SendCallback@771dce6e] (null,[p=0,l=0,c=0,r=0],true)@END
13:18:28.881 [qtp158982948-55] DEBUG org.eclipse.jetty.server.HttpOutput - onWriteComplete(true,null) s=CLOSING,api=BLOCKED,sc=false,e=null->s=CLOSED,api=BLOCKING,sc=false,e=null c=null cb=null w=false
13:18:28.881 [qtp158982948-55] DEBUG org.eclipse.jetty.server.Server - handled=true async=false committed=true on HttpChannelOverHttp@744043e7{s=HttpChannelState@4cb01f6{s=HANDLING rs=BLOCKING os=COMPLETED is=READY awp=false se=false i=true al=0},r=1,c=false/true,a=HANDLING,uri=//localhost:8080/api/v0/components/provision-adapters/awx,age=14}
13:18:28.881 [qtp158982948-55] DEBUG org.eclipse.jetty.server.HttpChannelState - unhandle HttpChannelState@4cb01f6{s=HANDLING rs=BLOCKING os=COMPLETED is=READY awp=false se=false i=true al=0}
13:18:28.881 [qtp158982948-55] DEBUG org.eclipse.jetty.server.HttpChannelState - nextAction(false) COMPLETE HttpChannelState@4cb01f6{s=HANDLING rs=COMPLETING os=COMPLETED is=READY awp=false se=false i=false al=0}
13:18:28.881 [qtp158982948-55] DEBUG org.eclipse.jetty.server.HttpChannel - action COMPLETE HttpChannelOverHttp@744043e7{s=HttpChannelState@4cb01f6{s=HANDLING rs=COMPLETING os=COMPLETED is=READY awp=false se=false i=false al=0},r=1,c=false/true,a=HANDLING,uri=//localhost:8080/api/v0/components/provision-adapters/awx,age=14}
13:18:28.881 [qtp158982948-55] DEBUG org.eclipse.jetty.server.HttpOutput - complete(org.eclipse.jetty.util.Callback$4@6ee425c0) s=CLOSED,api=BLOCKING,sc=false,e=null s=true e=null, c=null
13:18:28.881 [qtp158982948-55] DEBUG org.eclipse.jetty.server.HttpChannelState - completed HttpChannelState@4cb01f6{s=HANDLING rs=COMPLETING os=COMPLETED is=READY awp=false se=false i=false al=0}
13:18:28.881 [qtp158982948-55] DEBUG org.eclipse.jetty.server.HttpChannelState - unhandle HttpChannelState@4cb01f6{s=HANDLING rs=COMPLETED os=COMPLETED is=READY awp=false se=false i=false al=0}
13:18:28.881 [qtp158982948-55] DEBUG org.eclipse.jetty.server.HttpChannelState - nextAction(false) TERMINATED HttpChannelState@4cb01f6{s=IDLE rs=COMPLETED os=COMPLETED is=READY awp=false se=false i=false al=0}
13:18:28.881 [qtp158982948-55] DEBUG org.eclipse.jetty.server.HttpChannel - action TERMINATED HttpChannelOverHttp@744043e7{s=HttpChannelState@4cb01f6{s=IDLE rs=COMPLETED os=COMPLETED is=READY awp=false se=false i=false al=0},r=1,c=true/true,a=IDLE,uri=//localhost:8080/api/v0/components/provision-adapters/awx,age=14}
13:18:28.881 [qtp158982948-55] DEBUG org.eclipse.jetty.server.HttpChannel - onCompleted for /api/v0/components/provision-adapters/awx written=0
13:18:28.881 [qtp158982948-55] DEBUG org.eclipse.jetty.server.HttpChannelState - recycle HttpChannelState@4cb01f6{s=IDLE rs=COMPLETED os=COMPLETED is=READY awp=false se=false i=false al=0}
13:18:28.881 [qtp158982948-55] DEBUG org.eclipse.jetty.http.HttpParser - reset HttpParser{s=END,0 of -1}
13:18:28.881 [qtp158982948-55] DEBUG org.eclipse.jetty.http.HttpParser - END --> START
13:18:28.881 [qtp158982948-55] DEBUG org.eclipse.jetty.server.HttpChannel - !handle TERMINATED HttpChannelOverHttp@744043e7{s=HttpChannelState@4cb01f6{s=IDLE rs=BLOCKING os=OPEN is=IDLE awp=false se=false i=true al=0},r=1,c=false/false,a=IDLE,uri=null,age=0}
13:18:28.881 [qtp158982948-55] DEBUG org.eclipse.jetty.io.ChannelEndPoint - filled 0 HeapByteBuffer@10a2ecb7[p=0,l=0,c=8192,r=0]={<<<>>>HTTP/1.1 ...\x00\x00\x00\x00\x00\x00\x00}
13:18:28.881 [qtp158982948-55] DEBUG org.eclipse.jetty.io.ChannelEndPoint - filled 0 HeapByteBuffer@10a2ecb7[p=0,l=0,c=8192,r=0]={<<<>>>HTTP/1.1 ...\x00\x00\x00\x00\x00\x00\x00}
13:18:28.882 [qtp158982948-55] DEBUG org.eclipse.jetty.server.HttpConnection - HttpConnection@7ab6ad0b::NetworkTrafficSocketChannelEndPoint@285b8860{/127.0.0.1:64989<->/127.0.0.1:8080,OPEN,fill=-,flush=-,to=0/30000}{io=0/0,kio=0,kro=1}->HttpConnection@7ab6ad0b[p=HttpParser{s=START,0 of -1},g=HttpGenerator@e5a22b5{s=START}]=>HttpChannelOverHttp@744043e7{s=HttpChannelState@4cb01f6{s=IDLE rs=BLOCKING os=OPEN is=IDLE awp=false se=false i=true al=0},r=1,c=false/false,a=IDLE,uri=null,age=0} filled 0 HeapByteBuffer@10a2ecb7[p=0,l=0,c=8192,r=0]={<<<>>>HTTP/1.1 ...\x00\x00\x00\x00\x00\x00\x00}
13:18:28.882 [qtp158982948-55] DEBUG org.eclipse.jetty.server.HttpConnection - HttpConnection@7ab6ad0b::NetworkTrafficSocketChannelEndPoint@285b8860{/127.0.0.1:64989<->/127.0.0.1:8080,OPEN,fill=-,flush=-,to=1/30000}{io=0/0,kio=0,kro=1}->HttpConnection@7ab6ad0b[p=HttpParser{s=START,0 of -1},g=HttpGenerator@e5a22b5{s=START}]=>HttpChannelOverHttp@744043e7{s=HttpChannelState@4cb01f6{s=IDLE rs=BLOCKING os=OPEN is=IDLE awp=false se=false i=true al=0},r=1,c=false/false,a=IDLE,uri=null,age=0} parse HeapByteBuffer@10a2ecb7[p=0,l=0,c=8192,r=0]={<<<>>>HTTP/1.1 ...\x00\x00\x00\x00\x00\x00\x00} {}
13:18:28.882 [qtp158982948-55] DEBUG org.eclipse.jetty.http.HttpParser - parseNext s=START HeapByteBuffer@10a2ecb7[p=0,l=0,c=8192,r=0]={<<<>>>HTTP/1.1 ...\x00\x00\x00\x00\x00\x00\x00}
13:18:28.882 [qtp158982948-55] DEBUG org.eclipse.jetty.server.HttpConnection - HttpConnection@7ab6ad0b::NetworkTrafficSocketChannelEndPoint@285b8860{/127.0.0.1:64989<->/127.0.0.1:8080,OPEN,fill=-,flush=-,to=1/30000}{io=0/0,kio=0,kro=1}->HttpConnection@7ab6ad0b[p=HttpParser{s=START,0 of -1},g=HttpGenerator@e5a22b5{s=START}]=>HttpChannelOverHttp@744043e7{s=HttpChannelState@4cb01f6{s=IDLE rs=BLOCKING os=OPEN is=IDLE awp=false se=false i=true al=0},r=1,c=false/false,a=IDLE,uri=null,age=0} parsed false HttpParser{s=START,0 of -1}
13:18:28.882 [qtp158982948-55] DEBUG org.eclipse.jetty.server.HttpConnection - releaseRequestBuffer HttpConnection@7ab6ad0b::NetworkTrafficSocketChannelEndPoint@285b8860{/127.0.0.1:64989<->/127.0.0.1:8080,OPEN,fill=-,flush=-,to=1/30000}{io=0/0,kio=0,kro=1}->HttpConnection@7ab6ad0b[p=HttpParser{s=START,0 of -1},g=HttpGenerator@e5a22b5{s=START}]=>HttpChannelOverHttp@744043e7{s=HttpChannelState@4cb01f6{s=IDLE rs=BLOCKING os=OPEN is=IDLE awp=false se=false i=true al=0},r=1,c=false/false,a=IDLE,uri=null,age=0}
13:18:28.882 [qtp158982948-55] DEBUG org.eclipse.jetty.io.AbstractConnection - fillInterested HttpConnection@7ab6ad0b::NetworkTrafficSocketChannelEndPoint@285b8860{/127.0.0.1:64989<->/127.0.0.1:8080,OPEN,fill=-,flush=-,to=1/30000}{io=0/0,kio=0,kro=1}->HttpConnection@7ab6ad0b[p=HttpParser{s=START,0 of -1},g=HttpGenerator@e5a22b5{s=START}]=>HttpChannelOverHttp@744043e7{s=HttpChannelState@4cb01f6{s=IDLE rs=BLOCKING os=OPEN is=IDLE awp=false se=false i=true al=0},r=1,c=false/false,a=IDLE,uri=null,age=0}
13:18:28.882 [qtp158982948-55] DEBUG org.eclipse.jetty.io.FillInterest - interested FillInterest@787307e2{AC.ReadCB@7ab6ad0b{HttpConnection@7ab6ad0b::NetworkTrafficSocketChannelEndPoint@285b8860{/127.0.0.1:64989<->/127.0.0.1:8080,OPEN,fill=FI,flush=-,to=0/30000}{io=0/0,kio=0,kro=1}->HttpConnection@7ab6ad0b[p=HttpParser{s=START,0 of -1},g=HttpGenerator@e5a22b5{s=START}]=>HttpChannelOverHttp@744043e7{s=HttpChannelState@4cb01f6{s=IDLE rs=BLOCKING os=OPEN is=IDLE awp=false se=false i=true al=0},r=1,c=false/false,a=IDLE,uri=null,age=0}}}
13:18:28.882 [qtp158982948-55] DEBUG org.eclipse.jetty.io.ChannelEndPoint - changeInterests p=false 0->1 for NetworkTrafficSocketChannelEndPoint@285b8860{/127.0.0.1:64989<->/127.0.0.1:8080,OPEN,fill=FI,flush=-,to=0/30000}{io=0/1,kio=0,kro=1}->HttpConnection@7ab6ad0b[p=HttpParser{s=START,0 of -1},g=HttpGenerator@e5a22b5{s=START}]=>HttpChannelOverHttp@744043e7{s=HttpChannelState@4cb01f6{s=IDLE rs=BLOCKING os=OPEN is=IDLE awp=false se=false i=true al=0},r=1,c=false/false,a=IDLE,uri=null,age=0}
13:18:28.882 [qtp158982948-55] DEBUG org.eclipse.jetty.io.ManagedSelector - Queued change org.eclipse.jetty.io.ChannelEndPoint$1@24eb7dab on ManagedSelector@4dee732e{STARTED} id=0 keys=1 selected=0 updates=0
13:18:28.882 [qtp158982948-55] DEBUG org.eclipse.jetty.io.ManagedSelector - Wakeup on submit ManagedSelector@4dee732e{STARTED} id=0 keys=1 selected=0 updates=1
13:18:28.882 [qtp158982948-55] DEBUG org.eclipse.jetty.server.HttpConnection - HttpConnection@7ab6ad0b::NetworkTrafficSocketChannelEndPoint@285b8860{/127.0.0.1:64989<->/127.0.0.1:8080,OPEN,fill=FI,flush=-,to=0/30000}{io=0/1,kio=0,kro=1}->HttpConnection@7ab6ad0b[p=HttpParser{s=START,0 of -1},g=HttpGenerator@e5a22b5{s=START}]=>HttpChannelOverHttp@744043e7{s=HttpChannelState@4cb01f6{s=IDLE rs=BLOCKING os=OPEN is=IDLE awp=false se=false i=true al=0},r=1,c=false/false,a=IDLE,uri=null,age=0} onFillable exit HttpChannelState@4cb01f6{s=IDLE rs=BLOCKING os=OPEN is=IDLE awp=false se=false i=true al=0} null
13:18:28.883 [qtp158982948-55] DEBUG org.eclipse.jetty.util.thread.QueuedThreadPool - ran org.eclipse.jetty.io.ManagedSelector$$Lambda$425/0x00000001005fc040@2e4e7581 in QueuedThreadPool[qtp158982948]@979e324{STARTED,8<=8<=14,i=1,r=1,q=0}[ReservedThreadExecutor@2a8706d9{s=1/1,p=0}]
13:18:28.883 [qtp158982948-62] DEBUG org.eclipse.jetty.io.ManagedSelector - Selector sun.nio.ch.WindowsSelectorImpl@5c864108 woken with none selected
13:18:28.883 [qtp158982948-62] DEBUG org.eclipse.jetty.io.ManagedSelector - Selector sun.nio.ch.WindowsSelectorImpl@5c864108 woken up from select, 0/0/1 selected
13:18:28.883 [qtp158982948-62] DEBUG org.eclipse.jetty.io.ManagedSelector - Selector sun.nio.ch.WindowsSelectorImpl@5c864108 processing 0 keys, 1 updates
13:18:28.883 [qtp158982948-62] DEBUG org.eclipse.jetty.io.ManagedSelector - updateable 1
13:18:28.883 [qtp158982948-62] DEBUG org.eclipse.jetty.io.ManagedSelector - update org.eclipse.jetty.io.ChannelEndPoint$1@24eb7dab
13:18:28.883 [reactor-http-nio-3] DEBUG reactor.netty.http.client.HttpClientOperations - [id: 0x287ea5f0, L:/127.0.0.1:64989 - R:localhost/127.0.0.1:8080] Received response (auto-read:false) : [Matched-Stub-Id=0378ff59-a2ae-4df7-af72-fe9c5fe5c5de, Transfer-Encoding=chunked, Server=Jetty(9.4.28.v20200408)]
13:18:28.883 [reactor-http-nio-3] DEBUG reactor.netty.resources.PooledConnectionProvider - [id: 0x287ea5f0, L:/127.0.0.1:64989 - R:localhost/127.0.0.1:8080] onStateChange(GET{uri=/api/v0/components/provision-adapters/awx, connection=PooledConnection{channel=[id: 0x287ea5f0, L:/127.0.0.1:64989 - R:localhost/127.0.0.1:8080]}}, [response_received])
13:18:28.883 [qtp158982948-62] DEBUG org.eclipse.jetty.io.ChannelEndPoint - Key interests updated 0 -> 1 on NetworkTrafficSocketChannelEndPoint@285b8860{/127.0.0.1:64989<->/127.0.0.1:8080,OPEN,fill=FI,flush=-,to=1/30000}{io=1/1,kio=1,kro=1}->HttpConnection@7ab6ad0b[p=HttpParser{s=START,0 of -1},g=HttpGenerator@e5a22b5{s=START}]=>HttpChannelOverHttp@744043e7{s=HttpChannelState@4cb01f6{s=IDLE rs=BLOCKING os=OPEN is=IDLE awp=false se=false i=true al=0},r=1,c=false/false,a=IDLE,uri=null,age=0}
13:18:28.883 [qtp158982948-62] DEBUG org.eclipse.jetty.io.ManagedSelector - updates 0
13:18:28.883 [qtp158982948-62] DEBUG org.eclipse.jetty.io.ManagedSelector - Selector sun.nio.ch.WindowsSelectorImpl@5c864108 waiting with 1 keys
13:18:28.883 [reactor-http-nio-3] DEBUG org.springframework.web.reactive.function.client.ExchangeFunctions - [16315861] Response 401 UNAUTHORIZED
13:18:28.885 [reactor-http-nio-3] DEBUG reactor.netty.channel.FluxReceive - [id: 0x287ea5f0, L:/127.0.0.1:64989 - R:localhost/127.0.0.1:8080] Subscribing inbound receiver [pending: 0, cancelled:false, inboundDone: false]
13:18:28.887 [reactor-http-nio-3] DEBUG reactor.netty.http.client.HttpClientOperations - [id: 0x287ea5f0, L:/127.0.0.1:64989 - R:localhost/127.0.0.1:8080] Received last HTTP packet
13:18:28.889 [reactor-http-nio-3] INFO com.bi.edp.catalog.adapter.provision_adapters.ProvisionAdaptersClient - ProvisionAdaptersClient unauthorized, trying to log in
13:18:28.910 [reactor-http-nio-3] ERROR com.bi.edp.catalog.adapter.provision_adapters.ProvisionAdaptersClient - Json Processing Exception
com.fasterxml.jackson.databind.JsonMappingException: Test exception.
	at java.base/jdk.internal.reflect.NativeConstructorAccessorImpl.newInstance0(Native Method)
	at java.base/jdk.internal.reflect.NativeConstructorAccessorImpl.newInstance(NativeConstructorAccessorImpl.java:62)
	at java.base/jdk.internal.reflect.DelegatingConstructorAccessorImpl.newInstance(DelegatingConstructorAccessorImpl.java:45)
	at java.base/java.lang.reflect.Constructor.newInstance(Constructor.java:490)
	at org.codehaus.groovy.reflection.CachedConstructor.invoke(CachedConstructor.java:80)
	at org.codehaus.groovy.runtime.callsite.ConstructorSite$ConstructorSiteNoUnwrapNoCoerce.callConstructor(ConstructorSite.java:105)
	at org.codehaus.groovy.runtime.callsite.CallSiteArray.defaultCallConstructor(CallSiteArray.java:59)
	at org.codehaus.groovy.runtime.callsite.AbstractCallSite.callConstructor(AbstractCallSite.java:237)
	at org.codehaus.groovy.runtime.callsite.AbstractCallSite.callConstructor(AbstractCallSite.java:249)
	at com.bi.edp.catalog.adapter.provision_adapters.ProvisionAdaptersClientTest$__spock_feature_0_3_closure1$_closure3.doCall(ProvisionAdaptersClientTest.groovy:212)
	at java.base/jdk.internal.reflect.NativeMethodAccessorImpl.invoke0(Native Method)
	at java.base/jdk.internal.reflect.NativeMethodAccessorImpl.invoke(NativeMethodAccessorImpl.java:62)
	at java.base/jdk.internal.reflect.DelegatingMethodAccessorImpl.invoke(DelegatingMethodAccessorImpl.java:43)
	at java.base/java.lang.reflect.Method.invoke(Method.java:566)
	at org.codehaus.groovy.reflection.CachedMethod.invoke(CachedMethod.java:101)
	at groovy.lang.MetaMethod.doMethodInvoke(MetaMethod.java:323)
	at org.codehaus.groovy.runtime.metaclass.ClosureMetaClass.invokeMethod(ClosureMetaClass.java:263)
	at groovy.lang.MetaClassImpl.invokeMethod(MetaClassImpl.java:1041)
	at groovy.lang.Closure.call(Closure.java:405)
	at org.spockframework.runtime.GroovyRuntimeUtil.invokeClosure(GroovyRuntimeUtil.java:202)
	at org.spockframework.mock.response.CodeResponseGenerator.invokeClosure(CodeResponseGenerator.java:54)
	at org.spockframework.mock.response.CodeResponseGenerator.doRespond(CodeResponseGenerator.java:37)
	at org.spockframework.mock.response.SingleResponseGenerator.respond(SingleResponseGenerator.java:32)
	at org.spockframework.mock.response.ResponseGeneratorChain.respond(ResponseGeneratorChain.java:44)
	at org.spockframework.mock.runtime.MockInteraction.accept(MockInteraction.java:73)
	at org.spockframework.mock.runtime.MockInteractionDecorator.accept(MockInteractionDecorator.java:50)
	at org.spockframework.mock.runtime.InteractionScope$1.accept(InteractionScope.java:51)
	at org.spockframework.mock.runtime.MockController.handle(MockController.java:40)
	at org.spockframework.mock.runtime.JavaMockInterceptor.intercept(JavaMockInterceptor.java:87)
	at org.spockframework.mock.runtime.ByteBuddyInterceptorAdapter.interceptNonAbstract(ByteBuddyInterceptorAdapter.java:35)
	at com.fasterxml.jackson.databind.ObjectMapper$SpockMock$456001620.writeValueAsString(Unknown Source)
	at com.bi.edp.catalog.adapter.provision_adapters.ProvisionAdaptersClient.getTokenFromApi(ProvisionAdaptersClient.java:169)
	at com.bi.edp.catalog.adapter.provision_adapters.ProvisionAdaptersClient.lambda$getUnauthorizedBackoffStrategy$4(ProvisionAdaptersClient.java:133)
	at reactor.util.retry.RetryBackoffSpec.lambda$generateCompanion$4(RetryBackoffSpec.java:509)
	at reactor.core.publisher.FluxConcatMap$ConcatMapImmediate.drain(FluxConcatMap.java:367)
	at reactor.core.publisher.FluxConcatMap$ConcatMapImmediate.onNext(FluxConcatMap.java:243)
	at reactor.core.publisher.DirectProcessor$DirectInner.onNext(DirectProcessor.java:333)
	at reactor.core.publisher.DirectProcessor.onNext(DirectProcessor.java:142)
	at reactor.core.publisher.SerializedSubscriber.onNext(SerializedSubscriber.java:99)
	at reactor.core.publisher.FluxRetryWhen$RetryWhenMainSubscriber.onError(FluxRetryWhen.java:180)
	at reactor.core.publisher.MonoFlatMap$FlatMapMain.secondError(MonoFlatMap.java:185)
	at reactor.core.publisher.MonoFlatMap$FlatMapInner.onError(MonoFlatMap.java:251)
	at reactor.core.publisher.Operators$MultiSubscriptionSubscriber.onError(Operators.java:1994)
	at reactor.core.publisher.FluxOnAssembly$OnAssemblySubscriber.onError(FluxOnAssembly.java:390)
	at reactor.core.publisher.MonoFlatMap$FlatMapMain.onNext(MonoFlatMap.java:135)
	at reactor.core.publisher.FluxOnErrorResume$ResumeSubscriber.onNext(FluxOnErrorResume.java:73)
	at reactor.core.publisher.Operators$MonoSubscriber.complete(Operators.java:1755)
	at reactor.core.publisher.MonoFlatMap$FlatMapInner.onNext(MonoFlatMap.java:241)
	at reactor.core.publisher.Operators$MonoSubscriber.complete(Operators.java:1755)
	at reactor.core.publisher.MonoIgnoreThen$ThenIgnoreMain.drain(MonoIgnoreThen.java:147)
	at reactor.core.publisher.MonoIgnoreThen.subscribe(MonoIgnoreThen.java:56)
	at reactor.core.publisher.MonoFlatMap$FlatMapMain.onNext(MonoFlatMap.java:150)
	at reactor.core.publisher.FluxMap$MapSubscriber.onNext(FluxMap.java:114)
	at reactor.core.publisher.Operators$MonoSubscriber.complete(Operators.java:1755)
	at reactor.core.publisher.FluxDefaultIfEmpty$DefaultIfEmptySubscriber.onComplete(FluxDefaultIfEmpty.java:100)
	at reactor.core.publisher.FluxMapFuseable$MapFuseableSubscriber.onComplete(FluxMapFuseable.java:144)
	at reactor.core.publisher.FluxContextStart$ContextStartSubscriber.onComplete(FluxContextStart.java:115)
	at reactor.core.publisher.FluxMapFuseable$MapFuseableConditionalSubscriber.onComplete(FluxMapFuseable.java:336)
	at reactor.core.publisher.FluxFilterFuseable$FilterFuseableConditionalSubscriber.onComplete(FluxFilterFuseable.java:384)
	at reactor.core.publisher.Operators$MonoSubscriber.complete(Operators.java:1756)
	at reactor.core.publisher.MonoCollect$CollectSubscriber.onComplete(MonoCollect.java:152)
	at reactor.core.publisher.FluxOnAssembly$OnAssemblySubscriber.onComplete(FluxOnAssembly.java:395)
	at reactor.core.publisher.FluxMap$MapSubscriber.onComplete(FluxMap.java:136)
	at reactor.core.publisher.FluxPeek$PeekSubscriber.onComplete(FluxPeek.java:252)
	at reactor.core.publisher.FluxPeek$PeekSubscriber.onComplete(FluxPeek.java:252)
	at reactor.core.publisher.FluxMap$MapSubscriber.onComplete(FluxMap.java:136)
	at reactor.netty.channel.FluxReceive.onInboundComplete(FluxReceive.java:366)
	at reactor.netty.channel.ChannelOperations.onInboundComplete(ChannelOperations.java:367)
	at reactor.netty.channel.ChannelOperations.terminate(ChannelOperations.java:423)
	at reactor.netty.http.client.HttpClientOperations.onInboundNext(HttpClientOperations.java:607)
	at reactor.netty.channel.ChannelOperationsHandler.channelRead(ChannelOperationsHandler.java:96)
	at io.netty.channel.AbstractChannelHandlerContext.invokeChannelRead(AbstractChannelHandlerContext.java:379)
	at io.netty.channel.AbstractChannelHandlerContext.invokeChannelRead(AbstractChannelHandlerContext.java:365)
	at io.netty.channel.AbstractChannelHandlerContext.fireChannelRead(AbstractChannelHandlerContext.java:357)
	at io.netty.handler.timeout.IdleStateHandler.channelRead(IdleStateHandler.java:286)
	at io.netty.channel.AbstractChannelHandlerContext.invokeChannelRead(AbstractChannelHandlerContext.java:379)
	at io.netty.channel.AbstractChannelHandlerContext.invokeChannelRead(AbstractChannelHandlerContext.java:365)
	at io.netty.channel.AbstractChannelHandlerContext.fireChannelRead(AbstractChannelHandlerContext.java:357)
	at io.netty.channel.CombinedChannelDuplexHandler$DelegatingChannelHandlerContext.fireChannelRead(CombinedChannelDuplexHandler.java:436)
	at io.netty.handler.codec.ByteToMessageDecoder.fireChannelRead(ByteToMessageDecoder.java:324)
	at io.netty.handler.codec.ByteToMessageDecoder.channelRead(ByteToMessageDecoder.java:296)
	at io.netty.channel.CombinedChannelDuplexHandler.channelRead(CombinedChannelDuplexHandler.java:251)
	at io.netty.channel.AbstractChannelHandlerContext.invokeChannelRead(AbstractChannelHandlerContext.java:379)
	at io.netty.channel.AbstractChannelHandlerContext.invokeChannelRead(AbstractChannelHandlerContext.java:365)
	at io.netty.channel.AbstractChannelHandlerContext.fireChannelRead(AbstractChannelHandlerContext.java:357)
	at io.netty.channel.DefaultChannelPipeline$HeadContext.channelRead(DefaultChannelPipeline.java:1410)
	at io.netty.channel.AbstractChannelHandlerContext.invokeChannelRead(AbstractChannelHandlerContext.java:379)
	at io.netty.channel.AbstractChannelHandlerContext.invokeChannelRead(AbstractChannelHandlerContext.java:365)
	at io.netty.channel.DefaultChannelPipeline.fireChannelRead(DefaultChannelPipeline.java:919)
	at io.netty.channel.nio.AbstractNioByteChannel$NioByteUnsafe.read(AbstractNioByteChannel.java:163)
	at io.netty.channel.nio.NioEventLoop.processSelectedKey(NioEventLoop.java:714)
	at io.netty.channel.nio.NioEventLoop.processSelectedKeysOptimized(NioEventLoop.java:650)
	at io.netty.channel.nio.NioEventLoop.processSelectedKeys(NioEventLoop.java:576)
	at io.netty.channel.nio.NioEventLoop.run(NioEventLoop.java:493)
	at io.netty.util.concurrent.SingleThreadEventExecutor$4.run(SingleThreadEventExecutor.java:989)
	at io.netty.util.internal.ThreadExecutorMap$2.run(ThreadExecutorMap.java:74)
	at io.netty.util.concurrent.FastThreadLocalRunnable.run(FastThreadLocalRunnable.java:30)
	at java.base/java.lang.Thread.run(Thread.java:834)
13:18:28.911 [reactor-http-nio-3] DEBUG reactor.netty.resources.PooledConnectionProvider - [id: 0x287ea5f0, L:/127.0.0.1:64989 - R:localhost/127.0.0.1:8080] onStateChange(GET{uri=/api/v0/components/provision-adapters/awx, connection=PooledConnection{channel=[id: 0x287ea5f0, L:/127.0.0.1:64989 - R:localhost/127.0.0.1:8080]}}, [response_completed])
13:18:28.911 [reactor-http-nio-3] DEBUG reactor.netty.ReactorNetty - [id: 0x287ea5f0, L:/127.0.0.1:64989 - R:localhost/127.0.0.1:8080] Removed handler: ReadTimeoutHandler, pipeline: DefaultChannelPipeline{(reactor.left.httpCodec = io.netty.handler.codec.http.HttpClientCodec), (WriteTimeoutHandler = io.netty.handler.timeout.WriteTimeoutHandler), (reactor.right.reactiveBridge = reactor.netty.channel.ChannelOperationsHandler)}
13:18:28.911 [reactor-http-nio-3] DEBUG reactor.netty.ReactorNetty - [id: 0x287ea5f0, L:/127.0.0.1:64989 - R:localhost/127.0.0.1:8080] Removed handler: WriteTimeoutHandler, pipeline: DefaultChannelPipeline{(reactor.left.httpCodec = io.netty.handler.codec.http.HttpClientCodec), (reactor.right.reactiveBridge = reactor.netty.channel.ChannelOperationsHandler)}
13:18:28.911 [reactor-http-nio-3] DEBUG reactor.netty.resources.PooledConnectionProvider - [id: 0x287ea5f0, L:/127.0.0.1:64989 - R:localhost/127.0.0.1:8080] onStateChange(GET{uri=/api/v0/components/provision-adapters/awx, connection=PooledConnection{channel=[id: 0x287ea5f0, L:/127.0.0.1:64989 - R:localhost/127.0.0.1:8080]}}, [disconnecting])
13:18:28.912 [reactor-http-nio-3] DEBUG reactor.netty.resources.PooledConnectionProvider - [id: 0x287ea5f0, L:/127.0.0.1:64989 - R:localhost/127.0.0.1:8080] Releasing channel
13:18:28.912 [reactor-http-nio-3] DEBUG reactor.netty.resources.PooledConnectionProvider - [id: 0x287ea5f0, L:/127.0.0.1:64989 - R:localhost/127.0.0.1:8080] Channel cleaned, now 0 active connections and 1 inactive connections
13:18:30.027 [parallel-3] DEBUG org.springframework.web.reactive.function.client.ExchangeFunctions - [16315861] HTTP GET http://localhost:8080/api/v0/components/provision-adapters/awx
13:18:30.028 [reactor-http-nio-3] DEBUG reactor.netty.resources.PooledConnectionProvider - [id: 0x287ea5f0, L:/127.0.0.1:64989 - R:localhost/127.0.0.1:8080] Channel acquired, now 1 active connections and 0 inactive connections
13:18:30.028 [reactor-http-nio-3] DEBUG reactor.netty.ReactorNetty - [id: 0x287ea5f0, L:/127.0.0.1:64989 - R:localhost/127.0.0.1:8080] Added decoder [ReadTimeoutHandler] at the end of the user pipeline, full pipeline: [reactor.left.httpCodec, ReadTimeoutHandler, reactor.right.reactiveBridge, DefaultChannelPipeline$TailContext#0]
13:18:30.029 [reactor-http-nio-3] DEBUG reactor.netty.ReactorNetty - [id: 0x287ea5f0, L:/127.0.0.1:64989 - R:localhost/127.0.0.1:8080] Added decoder [WriteTimeoutHandler] at the end of the user pipeline, full pipeline: [reactor.left.httpCodec, ReadTimeoutHandler, WriteTimeoutHandler, reactor.right.reactiveBridge, DefaultChannelPipeline$TailContext#0]
13:18:30.029 [reactor-http-nio-3] DEBUG reactor.netty.http.client.HttpClientConnect - [id: 0x287ea5f0, L:/127.0.0.1:64989 - R:localhost/127.0.0.1:8080] Handler is being applied: {uri=http://localhost:8080/api/v0/components/provision-adapters/awx, method=GET}
13:18:30.030 [reactor-http-nio-3] DEBUG reactor.netty.resources.PooledConnectionProvider - [id: 0x287ea5f0, L:/127.0.0.1:64989 - R:localhost/127.0.0.1:8080] onStateChange(GET{uri=/api/v0/components/provision-adapters/awx, connection=PooledConnection{channel=[id: 0x287ea5f0, L:/127.0.0.1:64989 - R:localhost/127.0.0.1:8080]}}, [request_prepared])
13:18:30.031 [qtp158982948-62] DEBUG org.eclipse.jetty.io.ManagedSelector - Selector sun.nio.ch.WindowsSelectorImpl@5c864108 woken up from select, 1/1/1 selected
13:18:30.031 [qtp158982948-62] DEBUG org.eclipse.jetty.io.ManagedSelector - Selector sun.nio.ch.WindowsSelectorImpl@5c864108 processing 1 keys, 0 updates
13:18:30.031 [qtp158982948-62] DEBUG org.eclipse.jetty.io.ManagedSelector - selected 1 channel=java.nio.channels.SocketChannel[connected local=/127.0.0.1:8080 remote=/127.0.0.1:64989], selector=sun.nio.ch.WindowsSelectorImpl@5c864108, interestOps=1, readyOps=1 NetworkTrafficSocketChannelEndPoint@285b8860{/127.0.0.1:64989<->/127.0.0.1:8080,OPEN,fill=FI,flush=-,to=1150/30000}{io=1/1,kio=1,kro=1}->HttpConnection@7ab6ad0b[p=HttpParser{s=START,0 of -1},g=HttpGenerator@e5a22b5{s=START}]=>HttpChannelOverHttp@744043e7{s=HttpChannelState@4cb01f6{s=IDLE rs=BLOCKING os=OPEN is=IDLE awp=false se=false i=true al=0},r=1,c=false/false,a=IDLE,uri=null,age=0} 
13:18:30.031 [reactor-http-nio-3] DEBUG reactor.netty.resources.PooledConnectionProvider - [id: 0x287ea5f0, L:/127.0.0.1:64989 - R:localhost/127.0.0.1:8080] onStateChange(GET{uri=/api/v0/components/provision-adapters/awx, connection=PooledConnection{channel=[id: 0x287ea5f0, L:/127.0.0.1:64989 - R:localhost/127.0.0.1:8080]}}, [request_sent])
13:18:30.031 [qtp158982948-62] DEBUG org.eclipse.jetty.io.ChannelEndPoint - onSelected 1->0 r=true w=false for NetworkTrafficSocketChannelEndPoint@285b8860{/127.0.0.1:64989<->/127.0.0.1:8080,OPEN,fill=FI,flush=-,to=1150/30000}{io=1/0,kio=1,kro=1}->HttpConnection@7ab6ad0b[p=HttpParser{s=START,0 of -1},g=HttpGenerator@e5a22b5{s=START}]=>HttpChannelOverHttp@744043e7{s=HttpChannelState@4cb01f6{s=IDLE rs=BLOCKING os=OPEN is=IDLE awp=false se=false i=true al=0},r=1,c=false/false,a=IDLE,uri=null,age=0}
13:18:30.032 [qtp158982948-62] DEBUG org.eclipse.jetty.io.ChannelEndPoint - task CEP:NetworkTrafficSocketChannelEndPoint@285b8860{/127.0.0.1:64989<->/127.0.0.1:8080,OPEN,fill=FI,flush=-,to=1150/30000}{io=1/0,kio=1,kro=1}->HttpConnection@7ab6ad0b[p=HttpParser{s=START,0 of -1},g=HttpGenerator@e5a22b5{s=START}]=>HttpChannelOverHttp@744043e7{s=HttpChannelState@4cb01f6{s=IDLE rs=BLOCKING os=OPEN is=IDLE awp=false se=false i=true al=0},r=1,c=false/false,a=IDLE,uri=null,age=0}:runFillable:BLOCKING
13:18:30.032 [qtp158982948-62] DEBUG org.eclipse.jetty.util.thread.ReservedThreadExecutor - ReservedThreadExecutor@2a8706d9{s=1/1,p=0} tryExecute EatWhatYouKill@5205918/SelectorProducer@1cd11adc/PRODUCING/p=false/QueuedThreadPool[qtp158982948]@979e324{STARTED,8<=8<=14,i=2,r=1,q=0}[ReservedThreadExecutor@2a8706d9{s=1/1,p=0}][pc=0,pic=0,pec=0,epc=1]@2020-09-25T13:18:30.0329053+02:00
13:18:30.032 [qtp158982948-62] DEBUG org.eclipse.jetty.util.thread.ReservedThreadExecutor - ReservedThreadExecutor@2a8706d9{s=0/1,p=0}@567e2a78 offer EatWhatYouKill@5205918/SelectorProducer@1cd11adc/PRODUCING/p=false/QueuedThreadPool[qtp158982948]@979e324{STARTED,8<=8<=14,i=2,r=1,q=0}[ReservedThreadExecutor@2a8706d9{s=0/1,p=0}][pc=0,pic=0,pec=0,epc=1]@2020-09-25T13:18:30.0329053+02:00
13:18:30.032 [qtp158982948-62] DEBUG org.eclipse.jetty.util.thread.ReservedThreadExecutor - ReservedThreadExecutor@2a8706d9{s=0/1,p=1} startReservedThread p=1
13:18:30.032 [qtp158982948-62] DEBUG org.eclipse.jetty.util.thread.QueuedThreadPool - queue ReservedThreadExecutor@2a8706d9{s=0/1,p=1}@3787cc1c startThread=0
13:18:30.033 [qtp158982948-62] DEBUG org.eclipse.jetty.util.thread.strategy.EatWhatYouKill - EatWhatYouKill@5205918/SelectorProducer@1cd11adc/IDLE/p=true/QueuedThreadPool[qtp158982948]@979e324{STARTED,8<=8<=14,i=1,r=1,q=0}[ReservedThreadExecutor@2a8706d9{s=0/1,p=1}][pc=0,pic=0,pec=0,epc=1]@2020-09-25T13:18:30.0329053+02:00 m=EXECUTE_PRODUCE_CONSUME t=CEP:NetworkTrafficSocketChannelEndPoint@285b8860{/127.0.0.1:64989<->/127.0.0.1:8080,OPEN,fill=FI,flush=-,to=1151/30000}{io=1/0,kio=1,kro=1}->HttpConnection@7ab6ad0b[p=HttpParser{s=START,0 of -1},g=HttpGenerator@e5a22b5{s=START}]=>HttpChannelOverHttp@744043e7{s=HttpChannelState@4cb01f6{s=IDLE rs=BLOCKING os=OPEN is=IDLE awp=false se=false i=true al=0},r=1,c=false/false,a=IDLE,uri=null,age=0}:runFillable:BLOCKING/BLOCKING
13:18:30.033 [qtp158982948-62] DEBUG org.eclipse.jetty.io.FillInterest - fillable FillInterest@787307e2{AC.ReadCB@7ab6ad0b{HttpConnection@7ab6ad0b::NetworkTrafficSocketChannelEndPoint@285b8860{/127.0.0.1:64989<->/127.0.0.1:8080,OPEN,fill=FI,flush=-,to=1151/30000}{io=1/0,kio=1,kro=1}->HttpConnection@7ab6ad0b[p=HttpParser{s=START,0 of -1},g=HttpGenerator@e5a22b5{s=START}]=>HttpChannelOverHttp@744043e7{s=HttpChannelState@4cb01f6{s=IDLE rs=BLOCKING os=OPEN is=IDLE awp=false se=false i=true al=0},r=1,c=false/false,a=IDLE,uri=null,age=0}}}
13:18:30.033 [qtp158982948-62] DEBUG org.eclipse.jetty.server.HttpConnection - HttpConnection@7ab6ad0b::NetworkTrafficSocketChannelEndPoint@285b8860{/127.0.0.1:64989<->/127.0.0.1:8080,OPEN,fill=-,flush=-,to=1151/30000}{io=1/0,kio=1,kro=1}->HttpConnection@7ab6ad0b[p=HttpParser{s=START,0 of -1},g=HttpGenerator@e5a22b5{s=START}]=>HttpChannelOverHttp@744043e7{s=HttpChannelState@4cb01f6{s=IDLE rs=BLOCKING os=OPEN is=IDLE awp=false se=false i=true al=0},r=1,c=false/false,a=IDLE,uri=null,age=0} onFillable enter HttpChannelState@4cb01f6{s=IDLE rs=BLOCKING os=OPEN is=IDLE awp=false se=false i=true al=0} null
13:18:30.033 [qtp158982948-62] DEBUG org.eclipse.jetty.io.ChannelEndPoint - filled 157 HeapByteBuffer@10a2ecb7[p=0,l=157,c=8192,r=157]={<<<GET /api/v0/components/pr...horization: Bearer \r\n\r\n>>>che-HttpC...\x00\x00\x00\x00\x00\x00\x00}
13:18:30.033 [qtp158982948-62] DEBUG org.eclipse.jetty.server.HttpConnection - HttpConnection@7ab6ad0b::NetworkTrafficSocketChannelEndPoint@285b8860{/127.0.0.1:64989<->/127.0.0.1:8080,OPEN,fill=-,flush=-,to=0/30000}{io=1/0,kio=1,kro=1}->HttpConnection@7ab6ad0b[p=HttpParser{s=START,0 of -1},g=HttpGenerator@e5a22b5{s=START}]=>HttpChannelOverHttp@744043e7{s=HttpChannelState@4cb01f6{s=IDLE rs=BLOCKING os=OPEN is=IDLE awp=false se=false i=true al=0},r=1,c=false/false,a=IDLE,uri=null,age=0} filled 157 HeapByteBuffer@10a2ecb7[p=0,l=157,c=8192,r=157]={<<<GET /api/v0/components/pr...horization: Bearer \r\n\r\n>>>che-HttpC...\x00\x00\x00\x00\x00\x00\x00}
13:18:30.033 [qtp158982948-62] DEBUG org.eclipse.jetty.server.HttpConnection - HttpConnection@7ab6ad0b::NetworkTrafficSocketChannelEndPoint@285b8860{/127.0.0.1:64989<->/127.0.0.1:8080,OPEN,fill=-,flush=-,to=0/30000}{io=1/0,kio=1,kro=1}->HttpConnection@7ab6ad0b[p=HttpParser{s=START,0 of -1},g=HttpGenerator@e5a22b5{s=START}]=>HttpChannelOverHttp@744043e7{s=HttpChannelState@4cb01f6{s=IDLE rs=BLOCKING os=OPEN is=IDLE awp=false se=false i=true al=0},r=1,c=false/false,a=IDLE,uri=null,age=0} parse HeapByteBuffer@10a2ecb7[p=0,l=157,c=8192,r=157]={<<<GET /api/v0/components/pr...horization: Bearer \r\n\r\n>>>che-HttpC...\x00\x00\x00\x00\x00\x00\x00} {}
13:18:30.033 [qtp158982948-62] DEBUG org.eclipse.jetty.http.HttpParser - parseNext s=START HeapByteBuffer@10a2ecb7[p=0,l=157,c=8192,r=157]={<<<GET /api/v0/components/pr...horization: Bearer \r\n\r\n>>>che-HttpC...\x00\x00\x00\x00\x00\x00\x00}
13:18:30.033 [qtp158982948-62] DEBUG org.eclipse.jetty.http.HttpParser - START --> SPACE1
13:18:30.033 [qtp158982948-62] DEBUG org.eclipse.jetty.http.HttpParser - SPACE1 --> URI
13:18:30.033 [qtp158982948-62] DEBUG org.eclipse.jetty.http.HttpParser - URI --> SPACE2
13:18:30.033 [qtp158982948-62] DEBUG org.eclipse.jetty.http.HttpParser - SPACE2 --> REQUEST_VERSION
13:18:30.033 [qtp158982948-62] DEBUG org.eclipse.jetty.http.HttpParser - REQUEST_VERSION --> HEADER
13:18:30.034 [qtp158982948-62] DEBUG org.eclipse.jetty.http.HttpParser - HEADER:User-Agent: ReactorNetty/0.9.7.RELEASE --> IN_VALUE
13:18:30.034 [qtp158982948-62] DEBUG org.eclipse.jetty.http.HttpParser - HEADER:User-Agent: ReactorNetty/0.9.7.RELEASE --> FIELD
13:18:30.034 [qtp158982948-62] DEBUG org.eclipse.jetty.http.HttpParser - HEADER:Host: localhost:8080 --> IN_VALUE
13:18:30.034 [qtp158982948-62] DEBUG org.eclipse.jetty.http.HttpParser - HEADER:Host: localhost:8080 --> FIELD
13:18:30.034 [qtp158982948-62] DEBUG org.eclipse.jetty.http.HttpParser - HEADER:Accept: */* --> IN_VALUE
13:18:30.034 [qtp158982948-62] DEBUG org.eclipse.jetty.http.HttpParser - HEADER:Accept: */* --> FIELD
13:18:30.034 [qtp158982948-62] DEBUG org.eclipse.jetty.http.HttpParser - HEADER:Authorization --> IN_VALUE
13:18:30.034 [qtp158982948-62] DEBUG org.eclipse.jetty.http.HttpParser - HEADER:Authorization --> FIELD
13:18:30.034 [qtp158982948-62] DEBUG org.eclipse.jetty.http.HttpParser - HEADER --> CONTENT
13:18:30.034 [qtp158982948-62] DEBUG org.eclipse.jetty.server.HttpChannel - REQUEST for //localhost:8080/api/v0/components/provision-adapters/awx on HttpChannelOverHttp@744043e7{s=HttpChannelState@4cb01f6{s=IDLE rs=BLOCKING os=OPEN is=IDLE awp=false se=false i=true al=0},r=2,c=false/false,a=IDLE,uri=//localhost:8080/api/v0/components/provision-adapters/awx,age=0}
GET //localhost:8080/api/v0/components/provision-adapters/awx HTTP/1.1
User-Agent: ReactorNetty/0.9.7.RELEASE
Host: localhost:8080
Accept: */*
Authorization: Bearer


13:18:30.034 [qtp158982948-62] DEBUG org.eclipse.jetty.server.HttpConnection - HttpConnection@7ab6ad0b::NetworkTrafficSocketChannelEndPoint@285b8860{/127.0.0.1:64989<->/127.0.0.1:8080,OPEN,fill=-,flush=-,to=0/30000}{io=1/0,kio=1,kro=1}->HttpConnection@7ab6ad0b[p=HttpParser{s=CONTENT,0 of -1},g=HttpGenerator@e5a22b5{s=START}]=>HttpChannelOverHttp@744043e7{s=HttpChannelState@4cb01f6{s=IDLE rs=BLOCKING os=OPEN is=IDLE awp=false se=false i=true al=0},r=2,c=false/false,a=IDLE,uri=//localhost:8080/api/v0/components/provision-adapters/awx,age=0} parsed true HttpParser{s=CONTENT,0 of -1}
13:18:30.034 [qtp158982948-62] DEBUG org.eclipse.jetty.server.HttpConnection - releaseRequestBuffer HttpConnection@7ab6ad0b::NetworkTrafficSocketChannelEndPoint@285b8860{/127.0.0.1:64989<->/127.0.0.1:8080,OPEN,fill=-,flush=-,to=0/30000}{io=1/0,kio=1,kro=1}->HttpConnection@7ab6ad0b[p=HttpParser{s=CONTENT,0 of -1},g=HttpGenerator@e5a22b5{s=START}]=>HttpChannelOverHttp@744043e7{s=HttpChannelState@4cb01f6{s=IDLE rs=BLOCKING os=OPEN is=IDLE awp=false se=false i=true al=0},r=2,c=false/false,a=IDLE,uri=//localhost:8080/api/v0/components/provision-adapters/awx,age=0}
13:18:30.034 [qtp158982948-62] DEBUG org.eclipse.jetty.server.HttpChannel - handle //localhost:8080/api/v0/components/provision-adapters/awx HttpChannelOverHttp@744043e7{s=HttpChannelState@4cb01f6{s=IDLE rs=BLOCKING os=OPEN is=IDLE awp=false se=false i=true al=0},r=2,c=false/false,a=IDLE,uri=//localhost:8080/api/v0/components/provision-adapters/awx,age=0} 
13:18:30.034 [qtp158982948-62] DEBUG org.eclipse.jetty.server.HttpChannelState - handling HttpChannelState@4cb01f6{s=IDLE rs=BLOCKING os=OPEN is=IDLE awp=false se=false i=true al=0}
13:18:30.034 [qtp158982948-62] DEBUG org.eclipse.jetty.server.HttpChannel - action DISPATCH HttpChannelOverHttp@744043e7{s=HttpChannelState@4cb01f6{s=HANDLING rs=BLOCKING os=OPEN is=IDLE awp=false se=false i=true al=0},r=2,c=false/false,a=HANDLING,uri=//localhost:8080/api/v0/components/provision-adapters/awx,age=0}
13:18:30.034 [qtp158982948-62] DEBUG org.eclipse.jetty.server.Server - REQUEST GET /api/v0/components/provision-adapters/awx on HttpChannelOverHttp@744043e7{s=HttpChannelState@4cb01f6{s=HANDLING rs=BLOCKING os=OPEN is=IDLE awp=false se=false i=true al=0},r=2,c=false/false,a=HANDLING,uri=//localhost:8080/api/v0/components/provision-adapters/awx,age=0}
13:18:30.034 [qtp158982948-62] DEBUG org.eclipse.jetty.server.handler.ContextHandler - scope null||/api/v0/components/provision-adapters/awx @ o.e.j.s.ServletContextHandler@130e2bb3{/__admin,null,AVAILABLE}
13:18:30.034 [qtp158982948-62] DEBUG org.eclipse.jetty.server.handler.gzip.GzipHandler - GzipHandler@69acd89a{STARTED,min=32,inflate=-1} handle Request(GET //localhost:8080/api/v0/components/provision-adapters/awx)@137caed3 in null
13:18:30.035 [qtp158982948-56] DEBUG org.eclipse.jetty.util.thread.ReservedThreadExecutor - ReservedThreadExecutor@2a8706d9{s=0/1,p=1}@567e2a78 task=EatWhatYouKill@5205918/SelectorProducer@1cd11adc/IDLE/p=true/QueuedThreadPool[qtp158982948]@979e324{STARTED,8<=8<=14,i=1,r=1,q=0}[ReservedThreadExecutor@2a8706d9{s=0/1,p=1}][pc=0,pic=0,pec=0,epc=2]@2020-09-25T13:18:30.0348968+02:00
13:18:30.035 [qtp158982948-62] DEBUG org.eclipse.jetty.server.handler.ContextHandler - scope null||/api/v0/components/provision-adapters/awx @ o.e.j.s.ServletContextHandler@52601e0c{/,null,AVAILABLE}
13:18:30.035 [qtp158982948-62] DEBUG org.eclipse.jetty.server.handler.ContextHandler - context=||/api/v0/components/provision-adapters/awx @ o.e.j.s.ServletContextHandler@52601e0c{/,null,AVAILABLE}
13:18:30.035 [qtp158982948-62] DEBUG org.eclipse.jetty.servlet.ServletHandler - servlet |/api/v0/components/provision-adapters/awx|null -> com.github.tomakehurst.wiremock.servlet.WireMockHandlerDispatchingServlet-6fbd8bde@87c152b==com.github.tomakehurst.wiremock.servlet.WireMockHandlerDispatchingServlet,jsp=null,order=-1,inst=true,async=true
13:18:30.035 [qtp158982948-56] DEBUG org.eclipse.jetty.util.thread.strategy.EatWhatYouKill - EatWhatYouKill@5205918/SelectorProducer@1cd11adc/IDLE/p=true/QueuedThreadPool[qtp158982948]@979e324{STARTED,8<=8<=14,i=1,r=1,q=0}[ReservedThreadExecutor@2a8706d9{s=0/1,p=1}][pc=0,pic=0,pec=0,epc=2]@2020-09-25T13:18:30.0358957+02:00 tryProduce true
13:18:30.035 [qtp158982948-62] DEBUG org.eclipse.jetty.servlet.ServletHandler - chain=org.eclipse.jetty.servlets.CrossOriginFilter-76cba62e@76cba62e==org.eclipse.jetty.servlets.CrossOriginFilter,inst=true,async=true->com.github.tomakehurst.wiremock.servlet.WireMockHandlerDispatchingServlet-6fbd8bde@87c152b==com.github.tomakehurst.wiremock.servlet.WireMockHandlerDispatchingServlet,jsp=null,order=-1,inst=true,async=true
13:18:30.035 [qtp158982948-56] DEBUG org.eclipse.jetty.io.ManagedSelector - updateable 0
13:18:30.035 [qtp158982948-56] DEBUG org.eclipse.jetty.io.ManagedSelector - updates 0
13:18:30.035 [qtp158982948-62] DEBUG org.eclipse.jetty.servlet.ServletHandler - call filter org.eclipse.jetty.servlets.CrossOriginFilter-76cba62e@76cba62e==org.eclipse.jetty.servlets.CrossOriginFilter,inst=true,async=true
13:18:30.035 [qtp158982948-62] DEBUG org.eclipse.jetty.servlet.ServletHandler - call servlet com.github.tomakehurst.wiremock.servlet.WireMockHandlerDispatchingServlet-6fbd8bde@87c152b==com.github.tomakehurst.wiremock.servlet.WireMockHandlerDispatchingServlet,jsp=null,order=-1,inst=true,async=true
13:18:30.035 [qtp158982948-56] DEBUG org.eclipse.jetty.io.ChannelEndPoint - Key interests updated 1 -> 0 on NetworkTrafficSocketChannelEndPoint@285b8860{/127.0.0.1:64989<->/127.0.0.1:8080,OPEN,fill=-,flush=-,to=1/30000}{io=0/0,kio=0,kro=1}->HttpConnection@7ab6ad0b[p=HttpParser{s=CONTENT,0 of -1},g=HttpGenerator@e5a22b5{s=START}]=>HttpChannelOverHttp@744043e7{s=HttpChannelState@4cb01f6{s=HANDLING rs=BLOCKING os=OPEN is=IDLE awp=false se=false i=true al=0},r=2,c=false/false,a=HANDLING,uri=//localhost:8080/api/v0/components/provision-adapters/awx,age=1}
13:18:30.035 [qtp158982948-56] DEBUG org.eclipse.jetty.io.ManagedSelector - Selector sun.nio.ch.WindowsSelectorImpl@5c864108 waiting with 1 keys
13:18:30.035 [qtp158982948-62] DEBUG org.eclipse.jetty.io.ChannelEndPoint - filled 0 HeapByteBuffer@10a2ecb7[p=0,l=0,c=8192,r=0]={<<<>>>GET /api/...\x00\x00\x00\x00\x00\x00\x00}
13:18:30.035 [qtp158982948-62] DEBUG org.eclipse.jetty.io.ChannelEndPoint - filled 0 HeapByteBuffer@10a2ecb7[p=0,l=0,c=8192,r=0]={<<<>>>GET /api/...\x00\x00\x00\x00\x00\x00\x00}
13:18:30.036 [qtp158982948-61] DEBUG org.eclipse.jetty.util.thread.QueuedThreadPool - run ReservedThreadExecutor@2a8706d9{s=0/1,p=1}@3787cc1c in QueuedThreadPool[qtp158982948]@979e324{STARTED,8<=8<=14,i=1,r=1,q=0}[ReservedThreadExecutor@2a8706d9{s=0/1,p=1}]
13:18:30.036 [qtp158982948-61] DEBUG org.eclipse.jetty.util.thread.ReservedThreadExecutor - ReservedThreadExecutor@2a8706d9{s=1/1,p=1}@3787cc1c started
13:18:30.036 [qtp158982948-62] DEBUG org.eclipse.jetty.server.HttpConnection - HttpConnection@7ab6ad0b::NetworkTrafficSocketChannelEndPoint@285b8860{/127.0.0.1:64989<->/127.0.0.1:8080,OPEN,fill=-,flush=-,to=2/30000}{io=0/0,kio=0,kro=1}->HttpConnection@7ab6ad0b[p=HttpParser{s=CONTENT,0 of -1},g=HttpGenerator@e5a22b5{s=START}]=>HttpChannelOverHttp@744043e7{s=HttpChannelState@4cb01f6{s=HANDLING rs=BLOCKING os=OPEN is=IDLE awp=false se=false i=true al=0},r=2,c=false/false,a=HANDLING,uri=//localhost:8080/api/v0/components/provision-adapters/awx,age=2} filled 0 HeapByteBuffer@10a2ecb7[p=0,l=0,c=8192,r=0]={<<<>>>GET /api/...\x00\x00\x00\x00\x00\x00\x00}
13:18:30.036 [qtp158982948-61] DEBUG org.eclipse.jetty.util.thread.ReservedThreadExecutor - ReservedThreadExecutor@2a8706d9{s=1/1,p=0}@3787cc1c waiting
13:18:30.036 [qtp158982948-62] DEBUG org.eclipse.jetty.server.HttpConnection - HttpConnection@7ab6ad0b::NetworkTrafficSocketChannelEndPoint@285b8860{/127.0.0.1:64989<->/127.0.0.1:8080,OPEN,fill=-,flush=-,to=2/30000}{io=0/0,kio=0,kro=1}->HttpConnection@7ab6ad0b[p=HttpParser{s=CONTENT,0 of -1},g=HttpGenerator@e5a22b5{s=START}]=>HttpChannelOverHttp@744043e7{s=HttpChannelState@4cb01f6{s=HANDLING rs=BLOCKING os=OPEN is=IDLE awp=false se=false i=true al=0},r=2,c=false/false,a=HANDLING,uri=//localhost:8080/api/v0/components/provision-adapters/awx,age=2} parse HeapByteBuffer@10a2ecb7[p=0,l=0,c=8192,r=0]={<<<>>>GET /api/...\x00\x00\x00\x00\x00\x00\x00} {}
13:18:30.036 [qtp158982948-62] DEBUG org.eclipse.jetty.http.HttpParser - parseNext s=CONTENT HeapByteBuffer@10a2ecb7[p=0,l=0,c=8192,r=0]={<<<>>>GET /api/...\x00\x00\x00\x00\x00\x00\x00}
13:18:30.036 [qtp158982948-62] DEBUG org.eclipse.jetty.http.HttpParser - CONTENT --> CONTENT_END
13:18:30.036 [qtp158982948-62] DEBUG org.eclipse.jetty.server.HttpChannel - onContentComplete HttpChannelOverHttp@744043e7{s=HttpChannelState@4cb01f6{s=HANDLING rs=BLOCKING os=OPEN is=IDLE awp=false se=false i=true al=0},r=2,c=false/false,a=HANDLING,uri=//localhost:8080/api/v0/components/provision-adapters/awx,age=2}
13:18:30.036 [qtp158982948-62] DEBUG org.eclipse.jetty.http.HttpParser - CONTENT_END --> END
13:18:30.036 [qtp158982948-62] DEBUG org.eclipse.jetty.server.HttpChannel - onRequestComplete HttpChannelOverHttp@744043e7{s=HttpChannelState@4cb01f6{s=HANDLING rs=BLOCKING os=OPEN is=IDLE awp=false se=false i=true al=0},r=2,c=false/false,a=HANDLING,uri=//localhost:8080/api/v0/components/provision-adapters/awx,age=2}
13:18:30.036 [qtp158982948-62] DEBUG org.eclipse.jetty.server.HttpInput - HttpInputOverHTTP@2225be1a[c=0,q=0,[0]=null,s=STREAM] addContent EOF
13:18:30.036 [qtp158982948-62] DEBUG org.eclipse.jetty.server.HttpConnection - HttpConnection@7ab6ad0b::NetworkTrafficSocketChannelEndPoint@285b8860{/127.0.0.1:64989<->/127.0.0.1:8080,OPEN,fill=-,flush=-,to=2/30000}{io=0/0,kio=0,kro=1}->HttpConnection@7ab6ad0b[p=HttpParser{s=END,0 of -1},g=HttpGenerator@e5a22b5{s=START}]=>HttpChannelOverHttp@744043e7{s=HttpChannelState@4cb01f6{s=HANDLING rs=BLOCKING os=OPEN is=IDLE awp=false se=false i=true al=0},r=2,c=false/false,a=HANDLING,uri=//localhost:8080/api/v0/components/provision-adapters/awx,age=2} parsed false HttpParser{s=END,0 of -1}
13:18:30.036 [qtp158982948-62] DEBUG org.eclipse.jetty.server.HttpConnection - releaseRequestBuffer HttpConnection@7ab6ad0b::NetworkTrafficSocketChannelEndPoint@285b8860{/127.0.0.1:64989<->/127.0.0.1:8080,OPEN,fill=-,flush=-,to=3/30000}{io=0/0,kio=0,kro=1}->HttpConnection@7ab6ad0b[p=HttpParser{s=END,0 of -1},g=HttpGenerator@e5a22b5{s=START}]=>HttpChannelOverHttp@744043e7{s=HttpChannelState@4cb01f6{s=HANDLING rs=BLOCKING os=OPEN is=IDLE awp=false se=false i=true al=0},r=2,c=false/false,a=HANDLING,uri=//localhost:8080/api/v0/components/provision-adapters/awx,age=2}
13:18:30.036 [qtp158982948-62] DEBUG org.eclipse.jetty.server.HttpChannelState - onEof HttpChannelState@4cb01f6{s=HANDLING rs=BLOCKING os=OPEN is=IDLE awp=false se=false i=true al=0}
13:18:30.042 [qtp158982948-62] DEBUG org.eclipse.jetty.server.handler.gzip.GzipHttpOutputInterceptor - org.eclipse.jetty.server.handler.gzip.GzipHttpOutputInterceptor@3940349c exclude by status 401
13:18:30.043 [qtp158982948-62] DEBUG org.eclipse.jetty.server.HttpChannel - sendResponse info=null content=HeapByteBuffer@137d328[p=0,l=0,c=0,r=0]={<<<>>>} complete=false committing=true callback=Blocker@7353519c{null}
13:18:30.043 [qtp158982948-62] DEBUG org.eclipse.jetty.server.HttpChannel - COMMIT for /api/v0/components/provision-adapters/awx on HttpChannelOverHttp@744043e7{s=HttpChannelState@4cb01f6{s=HANDLING rs=BLOCKING os=COMMITTED is=READY awp=false se=false i=true al=0},r=2,c=false/false,a=HANDLING,uri=//localhost:8080/api/v0/components/provision-adapters/awx,age=9}
401 null HTTP/1.1
Matched-Stub-Id: 0378ff59-a2ae-4df7-af72-fe9c5fe5c5de


13:18:30.043 [qtp158982948-62] DEBUG org.eclipse.jetty.server.HttpConnection - generate: NEED_HEADER for org.eclipse.jetty.server.HttpConnection$SendCallback@6f4ec5c8[PROCESSING][i=HTTP/1.1{s=401,h=1,cl=-1},cb=org.eclipse.jetty.server.HttpChannel$SendCallback@3d7fa76c] (null,[p=0,l=0,c=0,r=0],false)@START
13:18:30.043 [qtp158982948-62] DEBUG org.eclipse.jetty.http.HttpGenerator - generateHeaders HTTP/1.1{s=401,h=1,cl=-1} last=false content=HeapByteBuffer@137d328[p=0,l=0,c=0,r=0]={<<<>>>}
13:18:30.043 [qtp158982948-62] DEBUG org.eclipse.jetty.http.HttpGenerator - Matched-Stub-Id: 0378ff59-a2ae-4df7-af72-fe9c5fe5c5de


13:18:30.043 [qtp158982948-62] DEBUG org.eclipse.jetty.http.HttpGenerator - CHUNKED_CONTENT
13:18:30.043 [qtp158982948-62] DEBUG org.eclipse.jetty.server.HttpConnection - generate: FLUSH for org.eclipse.jetty.server.HttpConnection$SendCallback@6f4ec5c8[PROCESSING][i=HTTP/1.1{s=401,h=1,cl=-1},cb=org.eclipse.jetty.server.HttpChannel$SendCallback@3d7fa76c] ([p=0,l=145,c=8192,r=145],[p=0,l=0,c=0,r=0],false)@COMMITTED
13:18:30.043 [qtp158982948-62] DEBUG org.eclipse.jetty.io.WriteFlusher - write: WriteFlusher@1eaba396{IDLE}->null [HeapByteBuffer@10a2ecb7[p=0,l=145,c=8192,r=145]={<<<HTTP/1.1 401 Unauthorized...y(9.4.28.v20200408)\r\n\r\n>>> Bearer \r...\x00\x00\x00\x00\x00\x00\x00}]
13:18:30.043 [qtp158982948-62] DEBUG org.eclipse.jetty.io.WriteFlusher - update WriteFlusher@1eaba396{WRITING}->null:IDLE-->WRITING
13:18:30.043 [qtp158982948-62] DEBUG org.eclipse.jetty.io.ChannelEndPoint - flushed 145 NetworkTrafficSocketChannelEndPoint@285b8860{/127.0.0.1:64989<->/127.0.0.1:8080,OPEN,fill=-,flush=W,to=10/30000}{io=0/0,kio=0,kro=1}->HttpConnection@7ab6ad0b[p=HttpParser{s=END,0 of -1},g=HttpGenerator@e5a22b5{s=COMMITTED}]=>HttpChannelOverHttp@744043e7{s=HttpChannelState@4cb01f6{s=HANDLING rs=BLOCKING os=COMMITTED is=READY awp=false se=false i=true al=0},r=2,c=false/false,a=HANDLING,uri=//localhost:8080/api/v0/components/provision-adapters/awx,age=9}
13:18:30.043 [qtp158982948-62] DEBUG org.eclipse.jetty.io.WriteFlusher - Flushed=true written=145 remaining=0 WriteFlusher@1eaba396{WRITING}->null
13:18:30.043 [qtp158982948-62] DEBUG org.eclipse.jetty.io.WriteFlusher - update WriteFlusher@1eaba396{IDLE}->null:WRITING-->IDLE
13:18:30.043 [qtp158982948-62] DEBUG org.eclipse.jetty.server.HttpConnection - generate: DONE for org.eclipse.jetty.server.HttpConnection$SendCallback@6f4ec5c8[PROCESSING][i=HTTP/1.1{s=401,h=1,cl=-1},cb=org.eclipse.jetty.server.HttpChannel$SendCallback@3d7fa76c] ([p=145,l=145,c=8192,r=0],[p=0,l=0,c=0,r=0],false)@COMMITTED
13:18:30.043 [qtp158982948-62] DEBUG org.eclipse.jetty.server.HttpOutput - onWriteComplete(false,null) s=OPEN,api=BLOCKED,sc=false,e=null->s=OPEN,api=BLOCKING,sc=false,e=null c=null cb=null w=false
13:18:30.044 [qtp158982948-62] DEBUG org.eclipse.jetty.server.HttpOutput - close() s=CLOSING,api=BLOCKED,sc=false,e=null c=HeapByteBuffer@137d328[p=0,l=0,c=0,r=0]={<<<>>>} b=Blocker@7353519c{null}
13:18:30.044 [qtp158982948-62] DEBUG org.eclipse.jetty.server.HttpChannel - sendResponse info=null content=HeapByteBuffer@137d328[p=0,l=0,c=0,r=0]={<<<>>>} complete=true committing=false callback=Blocker@7353519c{null}
13:18:30.044 [qtp158982948-62] DEBUG org.eclipse.jetty.server.HttpConnection - generate: CONTINUE for org.eclipse.jetty.server.HttpConnection$SendCallback@6f4ec5c8[PROCESSING][i=null,cb=org.eclipse.jetty.server.HttpChannel$SendCallback@787d3ea7] (null,[p=0,l=0,c=0,r=0],true)@COMPLETING
13:18:30.044 [qtp158982948-62] DEBUG org.eclipse.jetty.server.HttpConnection - generate: NEED_CHUNK for org.eclipse.jetty.server.HttpConnection$SendCallback@6f4ec5c8[PROCESSING][i=null,cb=org.eclipse.jetty.server.HttpChannel$SendCallback@787d3ea7] (null,[p=0,l=0,c=0,r=0],true)@COMPLETING
13:18:30.044 [qtp158982948-62] DEBUG org.eclipse.jetty.server.HttpConnection - generate: FLUSH for org.eclipse.jetty.server.HttpConnection$SendCallback@6f4ec5c8[PROCESSING][i=null,cb=org.eclipse.jetty.server.HttpChannel$SendCallback@787d3ea7] (null,[p=0,l=0,c=0,r=0],true)@COMPLETING
13:18:30.044 [qtp158982948-62] DEBUG org.eclipse.jetty.io.WriteFlusher - write: WriteFlusher@1eaba396{IDLE}->null [HeapByteBuffer@66560e90[p=0,l=5,c=1024,r=5]={<<<0\r\n\r\n>>>\r\n\x00\x00\x00\x00\x00\x00\x00...\x00\x00\x00\x00\x00\x00\x00}]
13:18:30.044 [qtp158982948-62] DEBUG org.eclipse.jetty.io.WriteFlusher - update WriteFlusher@1eaba396{WRITING}->null:IDLE-->WRITING
13:18:30.044 [qtp158982948-62] DEBUG org.eclipse.jetty.io.ChannelEndPoint - flushed 5 NetworkTrafficSocketChannelEndPoint@285b8860{/127.0.0.1:64989<->/127.0.0.1:8080,OPEN,fill=-,flush=W,to=0/30000}{io=0/0,kio=0,kro=1}->HttpConnection@7ab6ad0b[p=HttpParser{s=END,0 of -1},g=HttpGenerator@e5a22b5{s=COMPLETING}]=>HttpChannelOverHttp@744043e7{s=HttpChannelState@4cb01f6{s=HANDLING rs=BLOCKING os=COMMITTED is=READY awp=false se=false i=true al=0},r=2,c=false/false,a=HANDLING,uri=//localhost:8080/api/v0/components/provision-adapters/awx,age=10}
13:18:30.044 [qtp158982948-62] DEBUG org.eclipse.jetty.io.WriteFlusher - Flushed=true written=5 remaining=0 WriteFlusher@1eaba396{WRITING}->null
13:18:30.044 [reactor-http-nio-3] DEBUG reactor.netty.http.client.HttpClientOperations - [id: 0x287ea5f0, L:/127.0.0.1:64989 - R:localhost/127.0.0.1:8080] Received response (auto-read:false) : [Matched-Stub-Id=0378ff59-a2ae-4df7-af72-fe9c5fe5c5de, Transfer-Encoding=chunked, Server=Jetty(9.4.28.v20200408)]
13:18:30.044 [qtp158982948-62] DEBUG org.eclipse.jetty.io.WriteFlusher - update WriteFlusher@1eaba396{IDLE}->null:WRITING-->IDLE
13:18:30.044 [qtp158982948-62] DEBUG org.eclipse.jetty.server.HttpConnection - generate: DONE for org.eclipse.jetty.server.HttpConnection$SendCallback@6f4ec5c8[PROCESSING][i=null,cb=org.eclipse.jetty.server.HttpChannel$SendCallback@787d3ea7] (null,[p=0,l=0,c=0,r=0],true)@END
13:18:30.044 [reactor-http-nio-3] DEBUG reactor.netty.resources.PooledConnectionProvider - [id: 0x287ea5f0, L:/127.0.0.1:64989 - R:localhost/127.0.0.1:8080] onStateChange(GET{uri=/api/v0/components/provision-adapters/awx, connection=PooledConnection{channel=[id: 0x287ea5f0, L:/127.0.0.1:64989 - R:localhost/127.0.0.1:8080]}}, [response_received])
13:18:30.044 [qtp158982948-62] DEBUG org.eclipse.jetty.server.HttpOutput - onWriteComplete(true,null) s=CLOSING,api=BLOCKED,sc=false,e=null->s=CLOSED,api=BLOCKING,sc=false,e=null c=null cb=null w=false
13:18:30.044 [reactor-http-nio-3] DEBUG org.springframework.web.reactive.function.client.ExchangeFunctions - [16315861] Response 401 UNAUTHORIZED
13:18:30.044 [qtp158982948-62] DEBUG org.eclipse.jetty.server.Server - handled=true async=false committed=true on HttpChannelOverHttp@744043e7{s=HttpChannelState@4cb01f6{s=HANDLING rs=BLOCKING os=COMPLETED is=READY awp=false se=false i=true al=0},r=2,c=false/true,a=HANDLING,uri=//localhost:8080/api/v0/components/provision-adapters/awx,age=10}
13:18:30.044 [qtp158982948-62] DEBUG org.eclipse.jetty.server.HttpChannelState - unhandle HttpChannelState@4cb01f6{s=HANDLING rs=BLOCKING os=COMPLETED is=READY awp=false se=false i=true al=0}
13:18:30.044 [qtp158982948-62] DEBUG org.eclipse.jetty.server.HttpChannelState - nextAction(false) COMPLETE HttpChannelState@4cb01f6{s=HANDLING rs=COMPLETING os=COMPLETED is=READY awp=false se=false i=false al=0}
13:18:30.044 [qtp158982948-62] DEBUG org.eclipse.jetty.server.HttpChannel - action COMPLETE HttpChannelOverHttp@744043e7{s=HttpChannelState@4cb01f6{s=HANDLING rs=COMPLETING os=COMPLETED is=READY awp=false se=false i=false al=0},r=2,c=false/true,a=HANDLING,uri=//localhost:8080/api/v0/components/provision-adapters/awx,age=10}
13:18:30.044 [qtp158982948-62] DEBUG org.eclipse.jetty.server.HttpOutput - complete(org.eclipse.jetty.util.Callback$4@7193ea98) s=CLOSED,api=BLOCKING,sc=false,e=null s=true e=null, c=null
13:18:30.045 [qtp158982948-62] DEBUG org.eclipse.jetty.server.HttpChannelState - completed HttpChannelState@4cb01f6{s=HANDLING rs=COMPLETING os=COMPLETED is=READY awp=false se=false i=false al=0}
13:18:30.045 [qtp158982948-62] DEBUG org.eclipse.jetty.server.HttpChannelState - unhandle HttpChannelState@4cb01f6{s=HANDLING rs=COMPLETED os=COMPLETED is=READY awp=false se=false i=false al=0}
13:18:30.045 [qtp158982948-62] DEBUG org.eclipse.jetty.server.HttpChannelState - nextAction(false) TERMINATED HttpChannelState@4cb01f6{s=IDLE rs=COMPLETED os=COMPLETED is=READY awp=false se=false i=false al=0}
13:18:30.045 [qtp158982948-62] DEBUG org.eclipse.jetty.server.HttpChannel - action TERMINATED HttpChannelOverHttp@744043e7{s=HttpChannelState@4cb01f6{s=IDLE rs=COMPLETED os=COMPLETED is=READY awp=false se=false i=false al=0},r=2,c=true/true,a=IDLE,uri=//localhost:8080/api/v0/components/provision-adapters/awx,age=11}
13:18:30.045 [qtp158982948-62] DEBUG org.eclipse.jetty.server.HttpChannel - onCompleted for /api/v0/components/provision-adapters/awx written=0
13:18:30.045 [qtp158982948-62] DEBUG org.eclipse.jetty.server.HttpChannelState - recycle HttpChannelState@4cb01f6{s=IDLE rs=COMPLETED os=COMPLETED is=READY awp=false se=false i=false al=0}
13:18:30.045 [qtp158982948-62] DEBUG org.eclipse.jetty.http.HttpParser - reset HttpParser{s=END,0 of -1}
13:18:30.045 [qtp158982948-62] DEBUG org.eclipse.jetty.http.HttpParser - END --> START
13:18:30.045 [qtp158982948-62] DEBUG org.eclipse.jetty.server.HttpChannel - !handle TERMINATED HttpChannelOverHttp@744043e7{s=HttpChannelState@4cb01f6{s=IDLE rs=BLOCKING os=OPEN is=IDLE awp=false se=false i=true al=0},r=2,c=false/false,a=IDLE,uri=null,age=0}
13:18:30.045 [qtp158982948-62] DEBUG org.eclipse.jetty.io.ChannelEndPoint - filled 0 HeapByteBuffer@10a2ecb7[p=0,l=0,c=8192,r=0]={<<<>>>HTTP/1.1 ...\x00\x00\x00\x00\x00\x00\x00}
13:18:30.045 [qtp158982948-62] DEBUG org.eclipse.jetty.io.ChannelEndPoint - filled 0 HeapByteBuffer@10a2ecb7[p=0,l=0,c=8192,r=0]={<<<>>>HTTP/1.1 ...\x00\x00\x00\x00\x00\x00\x00}
13:18:30.045 [qtp158982948-62] DEBUG org.eclipse.jetty.server.HttpConnection - HttpConnection@7ab6ad0b::NetworkTrafficSocketChannelEndPoint@285b8860{/127.0.0.1:64989<->/127.0.0.1:8080,OPEN,fill=-,flush=-,to=0/30000}{io=0/0,kio=0,kro=1}->HttpConnection@7ab6ad0b[p=HttpParser{s=START,0 of -1},g=HttpGenerator@e5a22b5{s=START}]=>HttpChannelOverHttp@744043e7{s=HttpChannelState@4cb01f6{s=IDLE rs=BLOCKING os=OPEN is=IDLE awp=false se=false i=true al=0},r=2,c=false/false,a=IDLE,uri=null,age=0} filled 0 HeapByteBuffer@10a2ecb7[p=0,l=0,c=8192,r=0]={<<<>>>HTTP/1.1 ...\x00\x00\x00\x00\x00\x00\x00}
13:18:30.045 [qtp158982948-62] DEBUG org.eclipse.jetty.server.HttpConnection - HttpConnection@7ab6ad0b::NetworkTrafficSocketChannelEndPoint@285b8860{/127.0.0.1:64989<->/127.0.0.1:8080,OPEN,fill=-,flush=-,to=1/30000}{io=0/0,kio=0,kro=1}->HttpConnection@7ab6ad0b[p=HttpParser{s=START,0 of -1},g=HttpGenerator@e5a22b5{s=START}]=>HttpChannelOverHttp@744043e7{s=HttpChannelState@4cb01f6{s=IDLE rs=BLOCKING os=OPEN is=IDLE awp=false se=false i=true al=0},r=2,c=false/false,a=IDLE,uri=null,age=0} parse HeapByteBuffer@10a2ecb7[p=0,l=0,c=8192,r=0]={<<<>>>HTTP/1.1 ...\x00\x00\x00\x00\x00\x00\x00} {}
13:18:30.045 [qtp158982948-62] DEBUG org.eclipse.jetty.http.HttpParser - parseNext s=START HeapByteBuffer@10a2ecb7[p=0,l=0,c=8192,r=0]={<<<>>>HTTP/1.1 ...\x00\x00\x00\x00\x00\x00\x00}
13:18:30.046 [qtp158982948-62] DEBUG org.eclipse.jetty.server.HttpConnection - HttpConnection@7ab6ad0b::NetworkTrafficSocketChannelEndPoint@285b8860{/127.0.0.1:64989<->/127.0.0.1:8080,OPEN,fill=-,flush=-,to=1/30000}{io=0/0,kio=0,kro=1}->HttpConnection@7ab6ad0b[p=HttpParser{s=START,0 of -1},g=HttpGenerator@e5a22b5{s=START}]=>HttpChannelOverHttp@744043e7{s=HttpChannelState@4cb01f6{s=IDLE rs=BLOCKING os=OPEN is=IDLE awp=false se=false i=true al=0},r=2,c=false/false,a=IDLE,uri=null,age=0} parsed false HttpParser{s=START,0 of -1}
13:18:30.046 [reactor-http-nio-3] DEBUG reactor.netty.channel.FluxReceive - [id: 0x287ea5f0, L:/127.0.0.1:64989 - R:localhost/127.0.0.1:8080] Subscribing inbound receiver [pending: 0, cancelled:false, inboundDone: false]
13:18:30.046 [qtp158982948-62] DEBUG org.eclipse.jetty.server.HttpConnection - releaseRequestBuffer HttpConnection@7ab6ad0b::NetworkTrafficSocketChannelEndPoint@285b8860{/127.0.0.1:64989<->/127.0.0.1:8080,OPEN,fill=-,flush=-,to=1/30000}{io=0/0,kio=0,kro=1}->HttpConnection@7ab6ad0b[p=HttpParser{s=START,0 of -1},g=HttpGenerator@e5a22b5{s=START}]=>HttpChannelOverHttp@744043e7{s=HttpChannelState@4cb01f6{s=IDLE rs=BLOCKING os=OPEN is=IDLE awp=false se=false i=true al=0},r=2,c=false/false,a=IDLE,uri=null,age=0}
13:18:30.046 [qtp158982948-62] DEBUG org.eclipse.jetty.io.AbstractConnection - fillInterested HttpConnection@7ab6ad0b::NetworkTrafficSocketChannelEndPoint@285b8860{/127.0.0.1:64989<->/127.0.0.1:8080,OPEN,fill=-,flush=-,to=1/30000}{io=0/0,kio=0,kro=1}->HttpConnection@7ab6ad0b[p=HttpParser{s=START,0 of -1},g=HttpGenerator@e5a22b5{s=START}]=>HttpChannelOverHttp@744043e7{s=HttpChannelState@4cb01f6{s=IDLE rs=BLOCKING os=OPEN is=IDLE awp=false se=false i=true al=0},r=2,c=false/false,a=IDLE,uri=null,age=0}
13:18:30.046 [qtp158982948-62] DEBUG org.eclipse.jetty.io.FillInterest - interested FillInterest@787307e2{AC.ReadCB@7ab6ad0b{HttpConnection@7ab6ad0b::NetworkTrafficSocketChannelEndPoint@285b8860{/127.0.0.1:64989<->/127.0.0.1:8080,OPEN,fill=FI,flush=-,to=0/30000}{io=0/0,kio=0,kro=1}->HttpConnection@7ab6ad0b[p=HttpParser{s=START,0 of -1},g=HttpGenerator@e5a22b5{s=START}]=>HttpChannelOverHttp@744043e7{s=HttpChannelState@4cb01f6{s=IDLE rs=BLOCKING os=OPEN is=IDLE awp=false se=false i=true al=0},r=2,c=false/false,a=IDLE,uri=null,age=0}}}
13:18:30.046 [qtp158982948-62] DEBUG org.eclipse.jetty.io.ChannelEndPoint - changeInterests p=false 0->1 for NetworkTrafficSocketChannelEndPoint@285b8860{/127.0.0.1:64989<->/127.0.0.1:8080,OPEN,fill=FI,flush=-,to=0/30000}{io=0/1,kio=0,kro=1}->HttpConnection@7ab6ad0b[p=HttpParser{s=START,0 of -1},g=HttpGenerator@e5a22b5{s=START}]=>HttpChannelOverHttp@744043e7{s=HttpChannelState@4cb01f6{s=IDLE rs=BLOCKING os=OPEN is=IDLE awp=false se=false i=true al=0},r=2,c=false/false,a=IDLE,uri=null,age=0}
13:18:30.046 [qtp158982948-62] DEBUG org.eclipse.jetty.io.ManagedSelector - Queued change org.eclipse.jetty.io.ChannelEndPoint$1@24eb7dab on ManagedSelector@4dee732e{STARTED} id=0 keys=1 selected=0 updates=0
13:18:30.046 [qtp158982948-62] DEBUG org.eclipse.jetty.io.ManagedSelector - Wakeup on submit ManagedSelector@4dee732e{STARTED} id=0 keys=1 selected=0 updates=1
13:18:30.046 [qtp158982948-62] DEBUG org.eclipse.jetty.server.HttpConnection - HttpConnection@7ab6ad0b::NetworkTrafficSocketChannelEndPoint@285b8860{/127.0.0.1:64989<->/127.0.0.1:8080,OPEN,fill=FI,flush=-,to=0/30000}{io=0/1,kio=0,kro=1}->HttpConnection@7ab6ad0b[p=HttpParser{s=START,0 of -1},g=HttpGenerator@e5a22b5{s=START}]=>HttpChannelOverHttp@744043e7{s=HttpChannelState@4cb01f6{s=IDLE rs=BLOCKING os=OPEN is=IDLE awp=false se=false i=true al=0},r=2,c=false/false,a=IDLE,uri=null,age=0} onFillable exit HttpChannelState@4cb01f6{s=IDLE rs=BLOCKING os=OPEN is=IDLE awp=false se=false i=true al=0} null
13:18:30.046 [reactor-http-nio-3] DEBUG reactor.netty.http.client.HttpClientOperations - [id: 0x287ea5f0, L:/127.0.0.1:64989 - R:localhost/127.0.0.1:8080] Received last HTTP packet
13:18:30.046 [qtp158982948-62] DEBUG org.eclipse.jetty.util.thread.ReservedThreadExecutor - ReservedThreadExecutor@2a8706d9{s=1/1,p=0}@3a74ec05 size 1 > capacity
13:18:30.046 [qtp158982948-62] DEBUG org.eclipse.jetty.util.thread.QueuedThreadPool - ran ReservedThreadExecutor@2a8706d9{s=1/1,p=0}@3a74ec05 in QueuedThreadPool[qtp158982948]@979e324{STARTED,8<=8<=14,i=1,r=1,q=0}[ReservedThreadExecutor@2a8706d9{s=1/1,p=0}]
13:18:30.047 [qtp158982948-56] DEBUG org.eclipse.jetty.io.ManagedSelector - Selector sun.nio.ch.WindowsSelectorImpl@5c864108 woken with none selected
13:18:30.047 [qtp158982948-56] DEBUG org.eclipse.jetty.io.ManagedSelector - Selector sun.nio.ch.WindowsSelectorImpl@5c864108 woken up from select, 0/0/1 selected
13:18:30.047 [qtp158982948-56] DEBUG org.eclipse.jetty.io.ManagedSelector - Selector sun.nio.ch.WindowsSelectorImpl@5c864108 processing 0 keys, 1 updates
13:18:30.047 [qtp158982948-56] DEBUG org.eclipse.jetty.io.ManagedSelector - updateable 1
13:18:30.047 [qtp158982948-56] DEBUG org.eclipse.jetty.io.ManagedSelector - update org.eclipse.jetty.io.ChannelEndPoint$1@24eb7dab
13:18:30.047 [qtp158982948-56] DEBUG org.eclipse.jetty.io.ChannelEndPoint - Key interests updated 0 -> 1 on NetworkTrafficSocketChannelEndPoint@285b8860{/127.0.0.1:64989<->/127.0.0.1:8080,OPEN,fill=FI,flush=-,to=1/30000}{io=1/1,kio=1,kro=1}->HttpConnection@7ab6ad0b[p=HttpParser{s=START,0 of -1},g=HttpGenerator@e5a22b5{s=START}]=>HttpChannelOverHttp@744043e7{s=HttpChannelState@4cb01f6{s=IDLE rs=BLOCKING os=OPEN is=IDLE awp=false se=false i=true al=0},r=2,c=false/false,a=IDLE,uri=null,age=0}
13:18:30.047 [qtp158982948-56] DEBUG org.eclipse.jetty.io.ManagedSelector - updates 0
13:18:30.047 [qtp158982948-56] DEBUG org.eclipse.jetty.io.ManagedSelector - Selector sun.nio.ch.WindowsSelectorImpl@5c864108 waiting with 1 keys
13:18:30.048 [reactor-http-nio-3] DEBUG reactor.netty.resources.PooledConnectionProvider - [id: 0x287ea5f0, L:/127.0.0.1:64989 - R:localhost/127.0.0.1:8080] onStateChange(GET{uri=/api/v0/components/provision-adapters/awx, connection=PooledConnection{channel=[id: 0x287ea5f0, L:/127.0.0.1:64989 - R:localhost/127.0.0.1:8080]}}, [response_completed])
13:18:30.048 [reactor-http-nio-3] DEBUG reactor.netty.ReactorNetty - [id: 0x287ea5f0, L:/127.0.0.1:64989 - R:localhost/127.0.0.1:8080] Removed handler: ReadTimeoutHandler, pipeline: DefaultChannelPipeline{(reactor.left.httpCodec = io.netty.handler.codec.http.HttpClientCodec), (WriteTimeoutHandler = io.netty.handler.timeout.WriteTimeoutHandler), (reactor.right.reactiveBridge = reactor.netty.channel.ChannelOperationsHandler)}
13:18:30.048 [reactor-http-nio-3] DEBUG reactor.netty.ReactorNetty - [id: 0x287ea5f0, L:/127.0.0.1:64989 - R:localhost/127.0.0.1:8080] Removed handler: WriteTimeoutHandler, pipeline: DefaultChannelPipeline{(reactor.left.httpCodec = io.netty.handler.codec.http.HttpClientCodec), (reactor.right.reactiveBridge = reactor.netty.channel.ChannelOperationsHandler)}
13:18:30.048 [reactor-http-nio-3] DEBUG reactor.netty.resources.PooledConnectionProvider - [id: 0x287ea5f0, L:/127.0.0.1:64989 - R:localhost/127.0.0.1:8080] onStateChange(GET{uri=/api/v0/components/provision-adapters/awx, connection=PooledConnection{channel=[id: 0x287ea5f0, L:/127.0.0.1:64989 - R:localhost/127.0.0.1:8080]}}, [disconnecting])
13:18:30.048 [reactor-http-nio-3] DEBUG reactor.netty.resources.PooledConnectionProvider - [id: 0x287ea5f0, L:/127.0.0.1:64989 - R:localhost/127.0.0.1:8080] Releasing channel
13:18:30.048 [reactor-http-nio-3] DEBUG reactor.netty.resources.PooledConnectionProvider - [id: 0x287ea5f0, L:/127.0.0.1:64989 - R:localhost/127.0.0.1:8080] Channel cleaned, now 0 active connections and 1 inactive connections
13:18:30.052 [parallel-3] INFO com.bi.edp.catalog.adapter.provision_adapters.ProvisionAdaptersClient - ProvisionAdaptersClient unauthorized, trying to log in
13:18:30.053 [parallel-3] ERROR com.bi.edp.catalog.adapter.provision_adapters.ProvisionAdaptersClient - Json Processing Exception
com.fasterxml.jackson.databind.JsonMappingException: Test exception.
	at java.base/jdk.internal.reflect.NativeConstructorAccessorImpl.newInstance0(Native Method)
	at java.base/jdk.internal.reflect.NativeConstructorAccessorImpl.newInstance(NativeConstructorAccessorImpl.java:62)
	at java.base/jdk.internal.reflect.DelegatingConstructorAccessorImpl.newInstance(DelegatingConstructorAccessorImpl.java:45)
	at java.base/java.lang.reflect.Constructor.newInstance(Constructor.java:490)
	at org.codehaus.groovy.reflection.CachedConstructor.invoke(CachedConstructor.java:80)
	at org.codehaus.groovy.runtime.callsite.ConstructorSite$ConstructorSiteNoUnwrapNoCoerce.callConstructor(ConstructorSite.java:105)
	at org.codehaus.groovy.runtime.callsite.AbstractCallSite.callConstructor(AbstractCallSite.java:249)
	at com.bi.edp.catalog.adapter.provision_adapters.ProvisionAdaptersClientTest$__spock_feature_0_3_closure1$_closure3.doCall(ProvisionAdaptersClientTest.groovy:212)
	at java.base/jdk.internal.reflect.NativeMethodAccessorImpl.invoke0(Native Method)
	at java.base/jdk.internal.reflect.NativeMethodAccessorImpl.invoke(NativeMethodAccessorImpl.java:62)
	at java.base/jdk.internal.reflect.DelegatingMethodAccessorImpl.invoke(DelegatingMethodAccessorImpl.java:43)
	at java.base/java.lang.reflect.Method.invoke(Method.java:566)
	at org.codehaus.groovy.reflection.CachedMethod.invoke(CachedMethod.java:101)
	at groovy.lang.MetaMethod.doMethodInvoke(MetaMethod.java:323)
	at org.codehaus.groovy.runtime.metaclass.ClosureMetaClass.invokeMethod(ClosureMetaClass.java:263)
	at groovy.lang.MetaClassImpl.invokeMethod(MetaClassImpl.java:1041)
	at groovy.lang.Closure.call(Closure.java:405)
	at org.spockframework.runtime.GroovyRuntimeUtil.invokeClosure(GroovyRuntimeUtil.java:202)
	at org.spockframework.mock.response.CodeResponseGenerator.invokeClosure(CodeResponseGenerator.java:54)
	at org.spockframework.mock.response.CodeResponseGenerator.doRespond(CodeResponseGenerator.java:37)
	at org.spockframework.mock.response.SingleResponseGenerator.respond(SingleResponseGenerator.java:32)
	at org.spockframework.mock.response.ResponseGeneratorChain.respond(ResponseGeneratorChain.java:44)
	at org.spockframework.mock.runtime.MockInteraction.accept(MockInteraction.java:73)
	at org.spockframework.mock.runtime.MockInteractionDecorator.accept(MockInteractionDecorator.java:50)
	at org.spockframework.mock.runtime.InteractionScope$1.accept(InteractionScope.java:51)
	at org.spockframework.mock.runtime.MockController.handle(MockController.java:40)
	at org.spockframework.mock.runtime.JavaMockInterceptor.intercept(JavaMockInterceptor.java:87)
	at org.spockframework.mock.runtime.ByteBuddyInterceptorAdapter.interceptNonAbstract(ByteBuddyInterceptorAdapter.java:35)
	at com.fasterxml.jackson.databind.ObjectMapper$SpockMock$456001620.writeValueAsString(Unknown Source)
	at com.bi.edp.catalog.adapter.provision_adapters.ProvisionAdaptersClient.getTokenFromApi(ProvisionAdaptersClient.java:169)
	at com.bi.edp.catalog.adapter.provision_adapters.ProvisionAdaptersClient.lambda$getUnauthorizedBackoffStrategy$4(ProvisionAdaptersClient.java:133)
	at reactor.util.retry.RetryBackoffSpec.lambda$generateCompanion$4(RetryBackoffSpec.java:509)
	at reactor.core.publisher.FluxConcatMap$ConcatMapImmediate.drain(FluxConcatMap.java:367)
	at reactor.core.publisher.FluxConcatMap$ConcatMapImmediate.innerComplete(FluxConcatMap.java:288)
	at reactor.core.publisher.FluxConcatMap$ConcatMapInner.onComplete(FluxConcatMap.java:875)
	at reactor.core.publisher.Operators$MonoSubscriber.complete(Operators.java:1756)
	at reactor.core.publisher.MonoFlatMap$FlatMapInner.onNext(MonoFlatMap.java:241)
	at reactor.core.publisher.Operators$MonoSubscriber.complete(Operators.java:1755)
	at reactor.core.publisher.MonoIgnoreThen$ThenIgnoreMain.drain(MonoIgnoreThen.java:147)
	at reactor.core.publisher.MonoIgnoreThen.subscribe(MonoIgnoreThen.java:56)
	at reactor.core.publisher.MonoFlatMap$FlatMapMain.onNext(MonoFlatMap.java:150)
	at reactor.core.publisher.Operators$MonoSubscriber.complete(Operators.java:1755)
	at reactor.core.publisher.MonoIgnoreThen$ThenAcceptInner.onNext(MonoIgnoreThen.java:296)
	at reactor.core.publisher.MonoDelay$MonoDelayRunnable.run(MonoDelay.java:117)
	at reactor.core.scheduler.SchedulerTask.call(SchedulerTask.java:68)
	at reactor.core.scheduler.SchedulerTask.call(SchedulerTask.java:28)
	at java.base/java.util.concurrent.FutureTask.run(FutureTask.java:264)
	at java.base/java.util.concurrent.ScheduledThreadPoolExecutor$ScheduledFutureTask.run(ScheduledThreadPoolExecutor.java:304)
	at java.base/java.util.concurrent.ThreadPoolExecutor.runWorker(ThreadPoolExecutor.java:1128)
	at java.base/java.util.concurrent.ThreadPoolExecutor$Worker.run(ThreadPoolExecutor.java:628)
	at java.base/java.lang.Thread.run(Thread.java:834)
13:18:31.183 [parallel-4] DEBUG org.springframework.web.reactive.function.client.ExchangeFunctions - [16315861] HTTP GET http://localhost:8080/api/v0/components/provision-adapters/awx
13:18:31.184 [reactor-http-nio-3] DEBUG reactor.netty.resources.PooledConnectionProvider - [id: 0x287ea5f0, L:/127.0.0.1:64989 - R:localhost/127.0.0.1:8080] Channel acquired, now 1 active connections and 0 inactive connections
13:18:31.184 [reactor-http-nio-3] DEBUG reactor.netty.ReactorNetty - [id: 0x287ea5f0, L:/127.0.0.1:64989 - R:localhost/127.0.0.1:8080] Added decoder [ReadTimeoutHandler] at the end of the user pipeline, full pipeline: [reactor.left.httpCodec, ReadTimeoutHandler, reactor.right.reactiveBridge, DefaultChannelPipeline$TailContext#0]
13:18:31.184 [reactor-http-nio-3] DEBUG reactor.netty.ReactorNetty - [id: 0x287ea5f0, L:/127.0.0.1:64989 - R:localhost/127.0.0.1:8080] Added decoder [WriteTimeoutHandler] at the end of the user pipeline, full pipeline: [reactor.left.httpCodec, ReadTimeoutHandler, WriteTimeoutHandler, reactor.right.reactiveBridge, DefaultChannelPipeline$TailContext#0]
13:18:31.184 [reactor-http-nio-3] DEBUG reactor.netty.http.client.HttpClientConnect - [id: 0x287ea5f0, L:/127.0.0.1:64989 - R:localhost/127.0.0.1:8080] Handler is being applied: {uri=http://localhost:8080/api/v0/components/provision-adapters/awx, method=GET}
13:18:31.185 [reactor-http-nio-3] DEBUG reactor.netty.resources.PooledConnectionProvider - [id: 0x287ea5f0, L:/127.0.0.1:64989 - R:localhost/127.0.0.1:8080] onStateChange(GET{uri=/api/v0/components/provision-adapters/awx, connection=PooledConnection{channel=[id: 0x287ea5f0, L:/127.0.0.1:64989 - R:localhost/127.0.0.1:8080]}}, [request_prepared])
13:18:31.186 [qtp158982948-56] DEBUG org.eclipse.jetty.io.ManagedSelector - Selector sun.nio.ch.WindowsSelectorImpl@5c864108 woken up from select, 1/1/1 selected
13:18:31.186 [qtp158982948-56] DEBUG org.eclipse.jetty.io.ManagedSelector - Selector sun.nio.ch.WindowsSelectorImpl@5c864108 processing 1 keys, 0 updates
13:18:31.186 [qtp158982948-56] DEBUG org.eclipse.jetty.io.ManagedSelector - selected 1 channel=java.nio.channels.SocketChannel[connected local=/127.0.0.1:8080 remote=/127.0.0.1:64989], selector=sun.nio.ch.WindowsSelectorImpl@5c864108, interestOps=1, readyOps=1 NetworkTrafficSocketChannelEndPoint@285b8860{/127.0.0.1:64989<->/127.0.0.1:8080,OPEN,fill=FI,flush=-,to=1140/30000}{io=1/1,kio=1,kro=1}->HttpConnection@7ab6ad0b[p=HttpParser{s=START,0 of -1},g=HttpGenerator@e5a22b5{s=START}]=>HttpChannelOverHttp@744043e7{s=HttpChannelState@4cb01f6{s=IDLE rs=BLOCKING os=OPEN is=IDLE awp=false se=false i=true al=0},r=2,c=false/false,a=IDLE,uri=null,age=0} 
13:18:31.186 [reactor-http-nio-3] DEBUG reactor.netty.resources.PooledConnectionProvider - [id: 0x287ea5f0, L:/127.0.0.1:64989 - R:localhost/127.0.0.1:8080] onStateChange(GET{uri=/api/v0/components/provision-adapters/awx, connection=PooledConnection{channel=[id: 0x287ea5f0, L:/127.0.0.1:64989 - R:localhost/127.0.0.1:8080]}}, [request_sent])
13:18:31.186 [qtp158982948-56] DEBUG org.eclipse.jetty.io.ChannelEndPoint - onSelected 1->0 r=true w=false for NetworkTrafficSocketChannelEndPoint@285b8860{/127.0.0.1:64989<->/127.0.0.1:8080,OPEN,fill=FI,flush=-,to=1140/30000}{io=1/0,kio=1,kro=1}->HttpConnection@7ab6ad0b[p=HttpParser{s=START,0 of -1},g=HttpGenerator@e5a22b5{s=START}]=>HttpChannelOverHttp@744043e7{s=HttpChannelState@4cb01f6{s=IDLE rs=BLOCKING os=OPEN is=IDLE awp=false se=false i=true al=0},r=2,c=false/false,a=IDLE,uri=null,age=0}
13:18:31.186 [qtp158982948-56] DEBUG org.eclipse.jetty.io.ChannelEndPoint - task CEP:NetworkTrafficSocketChannelEndPoint@285b8860{/127.0.0.1:64989<->/127.0.0.1:8080,OPEN,fill=FI,flush=-,to=1140/30000}{io=1/0,kio=1,kro=1}->HttpConnection@7ab6ad0b[p=HttpParser{s=START,0 of -1},g=HttpGenerator@e5a22b5{s=START}]=>HttpChannelOverHttp@744043e7{s=HttpChannelState@4cb01f6{s=IDLE rs=BLOCKING os=OPEN is=IDLE awp=false se=false i=true al=0},r=2,c=false/false,a=IDLE,uri=null,age=0}:runFillable:BLOCKING
13:18:31.186 [qtp158982948-56] DEBUG org.eclipse.jetty.util.thread.ReservedThreadExecutor - ReservedThreadExecutor@2a8706d9{s=1/1,p=0} tryExecute EatWhatYouKill@5205918/SelectorProducer@1cd11adc/PRODUCING/p=false/QueuedThreadPool[qtp158982948]@979e324{STARTED,8<=8<=14,i=2,r=1,q=0}[ReservedThreadExecutor@2a8706d9{s=1/1,p=0}][pc=0,pic=0,pec=0,epc=2]@2020-09-25T13:18:31.1868938+02:00
13:18:31.187 [qtp158982948-56] DEBUG org.eclipse.jetty.util.thread.ReservedThreadExecutor - ReservedThreadExecutor@2a8706d9{s=0/1,p=0}@3787cc1c offer EatWhatYouKill@5205918/SelectorProducer@1cd11adc/PRODUCING/p=false/QueuedThreadPool[qtp158982948]@979e324{STARTED,8<=8<=14,i=2,r=1,q=0}[ReservedThreadExecutor@2a8706d9{s=0/1,p=0}][pc=0,pic=0,pec=0,epc=2]@2020-09-25T13:18:31.1878917+02:00
13:18:31.187 [qtp158982948-56] DEBUG org.eclipse.jetty.util.thread.ReservedThreadExecutor - ReservedThreadExecutor@2a8706d9{s=0/1,p=1} startReservedThread p=1
13:18:31.187 [qtp158982948-56] DEBUG org.eclipse.jetty.util.thread.QueuedThreadPool - queue ReservedThreadExecutor@2a8706d9{s=0/1,p=1}@132266a2 startThread=0
13:18:31.187 [qtp158982948-56] DEBUG org.eclipse.jetty.util.thread.strategy.EatWhatYouKill - EatWhatYouKill@5205918/SelectorProducer@1cd11adc/IDLE/p=true/QueuedThreadPool[qtp158982948]@979e324{STARTED,8<=8<=14,i=1,r=1,q=0}[ReservedThreadExecutor@2a8706d9{s=0/1,p=1}][pc=0,pic=0,pec=0,epc=2]@2020-09-25T13:18:31.1878917+02:00 m=EXECUTE_PRODUCE_CONSUME t=CEP:NetworkTrafficSocketChannelEndPoint@285b8860{/127.0.0.1:64989<->/127.0.0.1:8080,OPEN,fill=FI,flush=-,to=1141/30000}{io=1/0,kio=1,kro=1}->HttpConnection@7ab6ad0b[p=HttpParser{s=START,0 of -1},g=HttpGenerator@e5a22b5{s=START}]=>HttpChannelOverHttp@744043e7{s=HttpChannelState@4cb01f6{s=IDLE rs=BLOCKING os=OPEN is=IDLE awp=false se=false i=true al=0},r=2,c=false/false,a=IDLE,uri=null,age=0}:runFillable:BLOCKING/BLOCKING
13:18:31.187 [qtp158982948-56] DEBUG org.eclipse.jetty.io.FillInterest - fillable FillInterest@787307e2{AC.ReadCB@7ab6ad0b{HttpConnection@7ab6ad0b::NetworkTrafficSocketChannelEndPoint@285b8860{/127.0.0.1:64989<->/127.0.0.1:8080,OPEN,fill=FI,flush=-,to=1141/30000}{io=1/0,kio=1,kro=1}->HttpConnection@7ab6ad0b[p=HttpParser{s=START,0 of -1},g=HttpGenerator@e5a22b5{s=START}]=>HttpChannelOverHttp@744043e7{s=HttpChannelState@4cb01f6{s=IDLE rs=BLOCKING os=OPEN is=IDLE awp=false se=false i=true al=0},r=2,c=false/false,a=IDLE,uri=null,age=0}}}
13:18:31.187 [qtp158982948-56] DEBUG org.eclipse.jetty.server.HttpConnection - HttpConnection@7ab6ad0b::NetworkTrafficSocketChannelEndPoint@285b8860{/127.0.0.1:64989<->/127.0.0.1:8080,OPEN,fill=-,flush=-,to=1141/30000}{io=1/0,kio=1,kro=1}->HttpConnection@7ab6ad0b[p=HttpParser{s=START,0 of -1},g=HttpGenerator@e5a22b5{s=START}]=>HttpChannelOverHttp@744043e7{s=HttpChannelState@4cb01f6{s=IDLE rs=BLOCKING os=OPEN is=IDLE awp=false se=false i=true al=0},r=2,c=false/false,a=IDLE,uri=null,age=0} onFillable enter HttpChannelState@4cb01f6{s=IDLE rs=BLOCKING os=OPEN is=IDLE awp=false se=false i=true al=0} null
13:18:31.187 [qtp158982948-56] DEBUG org.eclipse.jetty.io.ChannelEndPoint - filled 157 HeapByteBuffer@10a2ecb7[p=0,l=157,c=8192,r=157]={<<<GET /api/v0/components/pr...horization: Bearer \r\n\r\n>>>che-HttpC...\x00\x00\x00\x00\x00\x00\x00}
13:18:31.188 [qtp158982948-56] DEBUG org.eclipse.jetty.server.HttpConnection - HttpConnection@7ab6ad0b::NetworkTrafficSocketChannelEndPoint@285b8860{/127.0.0.1:64989<->/127.0.0.1:8080,OPEN,fill=-,flush=-,to=0/30000}{io=1/0,kio=1,kro=1}->HttpConnection@7ab6ad0b[p=HttpParser{s=START,0 of -1},g=HttpGenerator@e5a22b5{s=START}]=>HttpChannelOverHttp@744043e7{s=HttpChannelState@4cb01f6{s=IDLE rs=BLOCKING os=OPEN is=IDLE awp=false se=false i=true al=0},r=2,c=false/false,a=IDLE,uri=null,age=0} filled 157 HeapByteBuffer@10a2ecb7[p=0,l=157,c=8192,r=157]={<<<GET /api/v0/components/pr...horization: Bearer \r\n\r\n>>>che-HttpC...\x00\x00\x00\x00\x00\x00\x00}
13:18:31.188 [qtp158982948-56] DEBUG org.eclipse.jetty.server.HttpConnection - HttpConnection@7ab6ad0b::NetworkTrafficSocketChannelEndPoint@285b8860{/127.0.0.1:64989<->/127.0.0.1:8080,OPEN,fill=-,flush=-,to=0/30000}{io=1/0,kio=1,kro=1}->HttpConnection@7ab6ad0b[p=HttpParser{s=START,0 of -1},g=HttpGenerator@e5a22b5{s=START}]=>HttpChannelOverHttp@744043e7{s=HttpChannelState@4cb01f6{s=IDLE rs=BLOCKING os=OPEN is=IDLE awp=false se=false i=true al=0},r=2,c=false/false,a=IDLE,uri=null,age=0} parse HeapByteBuffer@10a2ecb7[p=0,l=157,c=8192,r=157]={<<<GET /api/v0/components/pr...horization: Bearer \r\n\r\n>>>che-HttpC...\x00\x00\x00\x00\x00\x00\x00} {}
13:18:31.188 [qtp158982948-56] DEBUG org.eclipse.jetty.http.HttpParser - parseNext s=START HeapByteBuffer@10a2ecb7[p=0,l=157,c=8192,r=157]={<<<GET /api/v0/components/pr...horization: Bearer \r\n\r\n>>>che-HttpC...\x00\x00\x00\x00\x00\x00\x00}
13:18:31.188 [qtp158982948-56] DEBUG org.eclipse.jetty.http.HttpParser - START --> SPACE1
13:18:31.188 [qtp158982948-56] DEBUG org.eclipse.jetty.http.HttpParser - SPACE1 --> URI
13:18:31.188 [qtp158982948-56] DEBUG org.eclipse.jetty.http.HttpParser - URI --> SPACE2
13:18:31.188 [qtp158982948-56] DEBUG org.eclipse.jetty.http.HttpParser - SPACE2 --> REQUEST_VERSION
13:18:31.188 [qtp158982948-61] DEBUG org.eclipse.jetty.util.thread.ReservedThreadExecutor - ReservedThreadExecutor@2a8706d9{s=0/1,p=1}@3787cc1c task=EatWhatYouKill@5205918/SelectorProducer@1cd11adc/IDLE/p=true/QueuedThreadPool[qtp158982948]@979e324{STARTED,8<=8<=14,i=1,r=1,q=0}[ReservedThreadExecutor@2a8706d9{s=0/1,p=1}][pc=0,pic=0,pec=0,epc=3]@2020-09-25T13:18:31.1888958+02:00
13:18:31.188 [qtp158982948-55] DEBUG org.eclipse.jetty.util.thread.QueuedThreadPool - run ReservedThreadExecutor@2a8706d9{s=0/1,p=1}@132266a2 in QueuedThreadPool[qtp158982948]@979e324{STARTED,8<=8<=14,i=1,r=1,q=0}[ReservedThreadExecutor@2a8706d9{s=0/1,p=1}]
13:18:31.188 [qtp158982948-56] DEBUG org.eclipse.jetty.http.HttpParser - REQUEST_VERSION --> HEADER
13:18:31.188 [qtp158982948-55] DEBUG org.eclipse.jetty.util.thread.ReservedThreadExecutor - ReservedThreadExecutor@2a8706d9{s=1/1,p=1}@132266a2 started
13:18:31.188 [qtp158982948-56] DEBUG org.eclipse.jetty.http.HttpParser - HEADER:User-Agent: ReactorNetty/0.9.7.RELEASE --> IN_VALUE
13:18:31.188 [qtp158982948-55] DEBUG org.eclipse.jetty.util.thread.ReservedThreadExecutor - ReservedThreadExecutor@2a8706d9{s=1/1,p=0}@132266a2 waiting
13:18:31.188 [qtp158982948-56] DEBUG org.eclipse.jetty.http.HttpParser - HEADER:User-Agent: ReactorNetty/0.9.7.RELEASE --> FIELD
13:18:31.188 [qtp158982948-61] DEBUG org.eclipse.jetty.util.thread.strategy.EatWhatYouKill - EatWhatYouKill@5205918/SelectorProducer@1cd11adc/IDLE/p=true/QueuedThreadPool[qtp158982948]@979e324{STARTED,8<=8<=14,i=1,r=1,q=0}[ReservedThreadExecutor@2a8706d9{s=1/1,p=1}][pc=0,pic=0,pec=0,epc=3]@2020-09-25T13:18:31.1888958+02:00 tryProduce true
13:18:31.188 [qtp158982948-61] DEBUG org.eclipse.jetty.io.ManagedSelector - updateable 0
13:18:31.188 [qtp158982948-56] DEBUG org.eclipse.jetty.http.HttpParser - HEADER:Host: localhost:8080 --> IN_VALUE
13:18:31.188 [qtp158982948-61] DEBUG org.eclipse.jetty.io.ManagedSelector - updates 0
13:18:31.188 [qtp158982948-56] DEBUG org.eclipse.jetty.http.HttpParser - HEADER:Host: localhost:8080 --> FIELD
13:18:31.188 [qtp158982948-56] DEBUG org.eclipse.jetty.http.HttpParser - HEADER:Accept: */* --> IN_VALUE
13:18:31.188 [qtp158982948-56] DEBUG org.eclipse.jetty.http.HttpParser - HEADER:Accept: */* --> FIELD
13:18:31.188 [qtp158982948-56] DEBUG org.eclipse.jetty.http.HttpParser - HEADER:Authorization --> IN_VALUE
13:18:31.188 [qtp158982948-56] DEBUG org.eclipse.jetty.http.HttpParser - HEADER:Authorization --> FIELD
13:18:31.188 [qtp158982948-56] DEBUG org.eclipse.jetty.http.HttpParser - HEADER --> CONTENT
13:18:31.188 [qtp158982948-56] DEBUG org.eclipse.jetty.server.HttpChannel - REQUEST for //localhost:8080/api/v0/components/provision-adapters/awx on HttpChannelOverHttp@744043e7{s=HttpChannelState@4cb01f6{s=IDLE rs=BLOCKING os=OPEN is=IDLE awp=false se=false i=true al=0},r=3,c=false/false,a=IDLE,uri=//localhost:8080/api/v0/components/provision-adapters/awx,age=0}
GET //localhost:8080/api/v0/components/provision-adapters/awx HTTP/1.1
User-Agent: ReactorNetty/0.9.7.RELEASE
Host: localhost:8080
Accept: */*
Authorization: Bearer


13:18:31.188 [qtp158982948-61] DEBUG org.eclipse.jetty.io.ChannelEndPoint - Key interests updated 1 -> 0 on NetworkTrafficSocketChannelEndPoint@285b8860{/127.0.0.1:64989<->/127.0.0.1:8080,OPEN,fill=-,flush=-,to=0/30000}{io=0/0,kio=0,kro=1}->HttpConnection@7ab6ad0b[p=HttpParser{s=CONTENT,0 of -1},g=HttpGenerator@e5a22b5{s=START}]=>HttpChannelOverHttp@744043e7{s=HttpChannelState@4cb01f6{s=IDLE rs=BLOCKING os=OPEN is=IDLE awp=false se=false i=true al=0},r=3,c=false/false,a=IDLE,uri=//localhost:8080/api/v0/components/provision-adapters/awx,age=0}
13:18:31.188 [qtp158982948-61] DEBUG org.eclipse.jetty.io.ManagedSelector - Selector sun.nio.ch.WindowsSelectorImpl@5c864108 waiting with 1 keys
13:18:31.188 [qtp158982948-56] DEBUG org.eclipse.jetty.server.HttpConnection - HttpConnection@7ab6ad0b::NetworkTrafficSocketChannelEndPoint@285b8860{/127.0.0.1:64989<->/127.0.0.1:8080,OPEN,fill=-,flush=-,to=0/30000}{io=0/0,kio=0,kro=1}->HttpConnection@7ab6ad0b[p=HttpParser{s=CONTENT,0 of -1},g=HttpGenerator@e5a22b5{s=START}]=>HttpChannelOverHttp@744043e7{s=HttpChannelState@4cb01f6{s=IDLE rs=BLOCKING os=OPEN is=IDLE awp=false se=false i=true al=0},r=3,c=false/false,a=IDLE,uri=//localhost:8080/api/v0/components/provision-adapters/awx,age=0} parsed true HttpParser{s=CONTENT,0 of -1}
13:18:31.188 [qtp158982948-56] DEBUG org.eclipse.jetty.server.HttpConnection - releaseRequestBuffer HttpConnection@7ab6ad0b::NetworkTrafficSocketChannelEndPoint@285b8860{/127.0.0.1:64989<->/127.0.0.1:8080,OPEN,fill=-,flush=-,to=1/30000}{io=0/0,kio=0,kro=1}->HttpConnection@7ab6ad0b[p=HttpParser{s=CONTENT,0 of -1},g=HttpGenerator@e5a22b5{s=START}]=>HttpChannelOverHttp@744043e7{s=HttpChannelState@4cb01f6{s=IDLE rs=BLOCKING os=OPEN is=IDLE awp=false se=false i=true al=0},r=3,c=false/false,a=IDLE,uri=//localhost:8080/api/v0/components/provision-adapters/awx,age=0}
13:18:31.189 [qtp158982948-56] DEBUG org.eclipse.jetty.server.HttpChannel - handle //localhost:8080/api/v0/components/provision-adapters/awx HttpChannelOverHttp@744043e7{s=HttpChannelState@4cb01f6{s=IDLE rs=BLOCKING os=OPEN is=IDLE awp=false se=false i=true al=0},r=3,c=false/false,a=IDLE,uri=//localhost:8080/api/v0/components/provision-adapters/awx,age=1} 
13:18:31.189 [qtp158982948-56] DEBUG org.eclipse.jetty.server.HttpChannelState - handling HttpChannelState@4cb01f6{s=IDLE rs=BLOCKING os=OPEN is=IDLE awp=false se=false i=true al=0}
13:18:31.189 [qtp158982948-56] DEBUG org.eclipse.jetty.server.HttpChannel - action DISPATCH HttpChannelOverHttp@744043e7{s=HttpChannelState@4cb01f6{s=HANDLING rs=BLOCKING os=OPEN is=IDLE awp=false se=false i=true al=0},r=3,c=false/false,a=HANDLING,uri=//localhost:8080/api/v0/components/provision-adapters/awx,age=1}
13:18:31.189 [qtp158982948-56] DEBUG org.eclipse.jetty.server.Server - REQUEST GET /api/v0/components/provision-adapters/awx on HttpChannelOverHttp@744043e7{s=HttpChannelState@4cb01f6{s=HANDLING rs=BLOCKING os=OPEN is=IDLE awp=false se=false i=true al=0},r=3,c=false/false,a=HANDLING,uri=//localhost:8080/api/v0/components/provision-adapters/awx,age=1}
13:18:31.189 [qtp158982948-56] DEBUG org.eclipse.jetty.server.handler.ContextHandler - scope null||/api/v0/components/provision-adapters/awx @ o.e.j.s.ServletContextHandler@130e2bb3{/__admin,null,AVAILABLE}
13:18:31.189 [qtp158982948-56] DEBUG org.eclipse.jetty.server.handler.gzip.GzipHandler - GzipHandler@69acd89a{STARTED,min=32,inflate=-1} handle Request(GET //localhost:8080/api/v0/components/provision-adapters/awx)@137caed3 in null
13:18:31.189 [qtp158982948-56] DEBUG org.eclipse.jetty.server.handler.ContextHandler - scope null||/api/v0/components/provision-adapters/awx @ o.e.j.s.ServletContextHandler@52601e0c{/,null,AVAILABLE}
13:18:31.189 [qtp158982948-56] DEBUG org.eclipse.jetty.server.handler.ContextHandler - context=||/api/v0/components/provision-adapters/awx @ o.e.j.s.ServletContextHandler@52601e0c{/,null,AVAILABLE}
13:18:31.189 [qtp158982948-56] DEBUG org.eclipse.jetty.servlet.ServletHandler - servlet |/api/v0/components/provision-adapters/awx|null -> com.github.tomakehurst.wiremock.servlet.WireMockHandlerDispatchingServlet-6fbd8bde@87c152b==com.github.tomakehurst.wiremock.servlet.WireMockHandlerDispatchingServlet,jsp=null,order=-1,inst=true,async=true
13:18:31.189 [qtp158982948-56] DEBUG org.eclipse.jetty.servlet.ServletHandler - chain=org.eclipse.jetty.servlets.CrossOriginFilter-76cba62e@76cba62e==org.eclipse.jetty.servlets.CrossOriginFilter,inst=true,async=true->com.github.tomakehurst.wiremock.servlet.WireMockHandlerDispatchingServlet-6fbd8bde@87c152b==com.github.tomakehurst.wiremock.servlet.WireMockHandlerDispatchingServlet,jsp=null,order=-1,inst=true,async=true
13:18:31.189 [qtp158982948-56] DEBUG org.eclipse.jetty.servlet.ServletHandler - call filter org.eclipse.jetty.servlets.CrossOriginFilter-76cba62e@76cba62e==org.eclipse.jetty.servlets.CrossOriginFilter,inst=true,async=true
13:18:31.189 [qtp158982948-56] DEBUG org.eclipse.jetty.servlet.ServletHandler - call servlet com.github.tomakehurst.wiremock.servlet.WireMockHandlerDispatchingServlet-6fbd8bde@87c152b==com.github.tomakehurst.wiremock.servlet.WireMockHandlerDispatchingServlet,jsp=null,order=-1,inst=true,async=true
13:18:31.190 [qtp158982948-56] DEBUG org.eclipse.jetty.io.ChannelEndPoint - filled 0 HeapByteBuffer@10a2ecb7[p=0,l=0,c=8192,r=0]={<<<>>>GET /api/...\x00\x00\x00\x00\x00\x00\x00}
13:18:31.190 [qtp158982948-56] DEBUG org.eclipse.jetty.io.ChannelEndPoint - filled 0 HeapByteBuffer@10a2ecb7[p=0,l=0,c=8192,r=0]={<<<>>>GET /api/...\x00\x00\x00\x00\x00\x00\x00}
13:18:31.190 [qtp158982948-56] DEBUG org.eclipse.jetty.server.HttpConnection - HttpConnection@7ab6ad0b::NetworkTrafficSocketChannelEndPoint@285b8860{/127.0.0.1:64989<->/127.0.0.1:8080,OPEN,fill=-,flush=-,to=2/30000}{io=0/0,kio=0,kro=1}->HttpConnection@7ab6ad0b[p=HttpParser{s=CONTENT,0 of -1},g=HttpGenerator@e5a22b5{s=START}]=>HttpChannelOverHttp@744043e7{s=HttpChannelState@4cb01f6{s=HANDLING rs=BLOCKING os=OPEN is=IDLE awp=false se=false i=true al=0},r=3,c=false/false,a=HANDLING,uri=//localhost:8080/api/v0/components/provision-adapters/awx,age=2} filled 0 HeapByteBuffer@10a2ecb7[p=0,l=0,c=8192,r=0]={<<<>>>GET /api/...\x00\x00\x00\x00\x00\x00\x00}
13:18:31.190 [qtp158982948-56] DEBUG org.eclipse.jetty.server.HttpConnection - HttpConnection@7ab6ad0b::NetworkTrafficSocketChannelEndPoint@285b8860{/127.0.0.1:64989<->/127.0.0.1:8080,OPEN,fill=-,flush=-,to=2/30000}{io=0/0,kio=0,kro=1}->HttpConnection@7ab6ad0b[p=HttpParser{s=CONTENT,0 of -1},g=HttpGenerator@e5a22b5{s=START}]=>HttpChannelOverHttp@744043e7{s=HttpChannelState@4cb01f6{s=HANDLING rs=BLOCKING os=OPEN is=IDLE awp=false se=false i=true al=0},r=3,c=false/false,a=HANDLING,uri=//localhost:8080/api/v0/components/provision-adapters/awx,age=2} parse HeapByteBuffer@10a2ecb7[p=0,l=0,c=8192,r=0]={<<<>>>GET /api/...\x00\x00\x00\x00\x00\x00\x00} {}
13:18:31.190 [qtp158982948-56] DEBUG org.eclipse.jetty.http.HttpParser - parseNext s=CONTENT HeapByteBuffer@10a2ecb7[p=0,l=0,c=8192,r=0]={<<<>>>GET /api/...\x00\x00\x00\x00\x00\x00\x00}
13:18:31.190 [qtp158982948-56] DEBUG org.eclipse.jetty.http.HttpParser - CONTENT --> CONTENT_END
13:18:31.190 [qtp158982948-56] DEBUG org.eclipse.jetty.server.HttpChannel - onContentComplete HttpChannelOverHttp@744043e7{s=HttpChannelState@4cb01f6{s=HANDLING rs=BLOCKING os=OPEN is=IDLE awp=false se=false i=true al=0},r=3,c=false/false,a=HANDLING,uri=//localhost:8080/api/v0/components/provision-adapters/awx,age=2}
13:18:31.190 [qtp158982948-56] DEBUG org.eclipse.jetty.http.HttpParser - CONTENT_END --> END
13:18:31.190 [qtp158982948-56] DEBUG org.eclipse.jetty.server.HttpChannel - onRequestComplete HttpChannelOverHttp@744043e7{s=HttpChannelState@4cb01f6{s=HANDLING rs=BLOCKING os=OPEN is=IDLE awp=false se=false i=true al=0},r=3,c=false/false,a=HANDLING,uri=//localhost:8080/api/v0/components/provision-adapters/awx,age=2}
13:18:31.190 [qtp158982948-56] DEBUG org.eclipse.jetty.server.HttpInput - HttpInputOverHTTP@2225be1a[c=0,q=0,[0]=null,s=STREAM] addContent EOF
13:18:31.191 [qtp158982948-56] DEBUG org.eclipse.jetty.server.HttpConnection - HttpConnection@7ab6ad0b::NetworkTrafficSocketChannelEndPoint@285b8860{/127.0.0.1:64989<->/127.0.0.1:8080,OPEN,fill=-,flush=-,to=3/30000}{io=0/0,kio=0,kro=1}->HttpConnection@7ab6ad0b[p=HttpParser{s=END,0 of -1},g=HttpGenerator@e5a22b5{s=START}]=>HttpChannelOverHttp@744043e7{s=HttpChannelState@4cb01f6{s=HANDLING rs=BLOCKING os=OPEN is=IDLE awp=false se=false i=true al=0},r=3,c=false/false,a=HANDLING,uri=//localhost:8080/api/v0/components/provision-adapters/awx,age=3} parsed false HttpParser{s=END,0 of -1}
13:18:31.191 [qtp158982948-56] DEBUG org.eclipse.jetty.server.HttpConnection - releaseRequestBuffer HttpConnection@7ab6ad0b::NetworkTrafficSocketChannelEndPoint@285b8860{/127.0.0.1:64989<->/127.0.0.1:8080,OPEN,fill=-,flush=-,to=3/30000}{io=0/0,kio=0,kro=1}->HttpConnection@7ab6ad0b[p=HttpParser{s=END,0 of -1},g=HttpGenerator@e5a22b5{s=START}]=>HttpChannelOverHttp@744043e7{s=HttpChannelState@4cb01f6{s=HANDLING rs=BLOCKING os=OPEN is=IDLE awp=false se=false i=true al=0},r=3,c=false/false,a=HANDLING,uri=//localhost:8080/api/v0/components/provision-adapters/awx,age=3}
13:18:31.191 [qtp158982948-56] DEBUG org.eclipse.jetty.server.HttpChannelState - onEof HttpChannelState@4cb01f6{s=HANDLING rs=BLOCKING os=OPEN is=IDLE awp=false se=false i=true al=0}
13:18:31.193 [qtp158982948-56] DEBUG org.eclipse.jetty.server.handler.gzip.GzipHttpOutputInterceptor - org.eclipse.jetty.server.handler.gzip.GzipHttpOutputInterceptor@642db1db exclude by status 401
13:18:31.193 [qtp158982948-56] DEBUG org.eclipse.jetty.server.HttpChannel - sendResponse info=null content=HeapByteBuffer@137d328[p=0,l=0,c=0,r=0]={<<<>>>} complete=false committing=true callback=Blocker@7353519c{null}
13:18:31.193 [qtp158982948-56] DEBUG org.eclipse.jetty.server.HttpChannel - COMMIT for /api/v0/components/provision-adapters/awx on HttpChannelOverHttp@744043e7{s=HttpChannelState@4cb01f6{s=HANDLING rs=BLOCKING os=COMMITTED is=READY awp=false se=false i=true al=0},r=3,c=false/false,a=HANDLING,uri=//localhost:8080/api/v0/components/provision-adapters/awx,age=5}
401 null HTTP/1.1
Matched-Stub-Id: 0378ff59-a2ae-4df7-af72-fe9c5fe5c5de


13:18:31.193 [qtp158982948-56] DEBUG org.eclipse.jetty.server.HttpConnection - generate: NEED_HEADER for org.eclipse.jetty.server.HttpConnection$SendCallback@6f4ec5c8[PROCESSING][i=HTTP/1.1{s=401,h=1,cl=-1},cb=org.eclipse.jetty.server.HttpChannel$SendCallback@49647b5f] (null,[p=0,l=0,c=0,r=0],false)@START
13:18:31.193 [qtp158982948-56] DEBUG org.eclipse.jetty.http.HttpGenerator - generateHeaders HTTP/1.1{s=401,h=1,cl=-1} last=false content=HeapByteBuffer@137d328[p=0,l=0,c=0,r=0]={<<<>>>}
13:18:31.193 [qtp158982948-56] DEBUG org.eclipse.jetty.http.HttpGenerator - Matched-Stub-Id: 0378ff59-a2ae-4df7-af72-fe9c5fe5c5de


13:18:31.193 [qtp158982948-56] DEBUG org.eclipse.jetty.http.HttpGenerator - CHUNKED_CONTENT
13:18:31.193 [qtp158982948-56] DEBUG org.eclipse.jetty.server.HttpConnection - generate: FLUSH for org.eclipse.jetty.server.HttpConnection$SendCallback@6f4ec5c8[PROCESSING][i=HTTP/1.1{s=401,h=1,cl=-1},cb=org.eclipse.jetty.server.HttpChannel$SendCallback@49647b5f] ([p=0,l=145,c=8192,r=145],[p=0,l=0,c=0,r=0],false)@COMMITTED
13:18:31.193 [qtp158982948-56] DEBUG org.eclipse.jetty.io.WriteFlusher - write: WriteFlusher@1eaba396{IDLE}->null [HeapByteBuffer@10a2ecb7[p=0,l=145,c=8192,r=145]={<<<HTTP/1.1 401 Unauthorized...y(9.4.28.v20200408)\r\n\r\n>>> Bearer \r...\x00\x00\x00\x00\x00\x00\x00}]
13:18:31.193 [qtp158982948-56] DEBUG org.eclipse.jetty.io.WriteFlusher - update WriteFlusher@1eaba396{WRITING}->null:IDLE-->WRITING
13:18:31.194 [qtp158982948-56] DEBUG org.eclipse.jetty.io.ChannelEndPoint - flushed 145 NetworkTrafficSocketChannelEndPoint@285b8860{/127.0.0.1:64989<->/127.0.0.1:8080,OPEN,fill=-,flush=W,to=6/30000}{io=0/0,kio=0,kro=1}->HttpConnection@7ab6ad0b[p=HttpParser{s=END,0 of -1},g=HttpGenerator@e5a22b5{s=COMMITTED}]=>HttpChannelOverHttp@744043e7{s=HttpChannelState@4cb01f6{s=HANDLING rs=BLOCKING os=COMMITTED is=READY awp=false se=false i=true al=0},r=3,c=false/false,a=HANDLING,uri=//localhost:8080/api/v0/components/provision-adapters/awx,age=5}
13:18:31.194 [qtp158982948-56] DEBUG org.eclipse.jetty.io.WriteFlusher - Flushed=true written=145 remaining=0 WriteFlusher@1eaba396{WRITING}->null
13:18:31.194 [qtp158982948-56] DEBUG org.eclipse.jetty.io.WriteFlusher - update WriteFlusher@1eaba396{IDLE}->null:WRITING-->IDLE
13:18:31.194 [qtp158982948-56] DEBUG org.eclipse.jetty.server.HttpConnection - generate: DONE for org.eclipse.jetty.server.HttpConnection$SendCallback@6f4ec5c8[PROCESSING][i=HTTP/1.1{s=401,h=1,cl=-1},cb=org.eclipse.jetty.server.HttpChannel$SendCallback@49647b5f] ([p=145,l=145,c=8192,r=0],[p=0,l=0,c=0,r=0],false)@COMMITTED
13:18:31.194 [qtp158982948-56] DEBUG org.eclipse.jetty.server.HttpOutput - onWriteComplete(false,null) s=OPEN,api=BLOCKED,sc=false,e=null->s=OPEN,api=BLOCKING,sc=false,e=null c=null cb=null w=false
13:18:31.194 [qtp158982948-56] DEBUG org.eclipse.jetty.server.HttpOutput - close() s=CLOSING,api=BLOCKED,sc=false,e=null c=HeapByteBuffer@137d328[p=0,l=0,c=0,r=0]={<<<>>>} b=Blocker@7353519c{null}
13:18:31.194 [qtp158982948-56] DEBUG org.eclipse.jetty.server.HttpChannel - sendResponse info=null content=HeapByteBuffer@137d328[p=0,l=0,c=0,r=0]={<<<>>>} complete=true committing=false callback=Blocker@7353519c{null}
13:18:31.194 [qtp158982948-56] DEBUG org.eclipse.jetty.server.HttpConnection - generate: CONTINUE for org.eclipse.jetty.server.HttpConnection$SendCallback@6f4ec5c8[PROCESSING][i=null,cb=org.eclipse.jetty.server.HttpChannel$SendCallback@5254ab6b] (null,[p=0,l=0,c=0,r=0],true)@COMPLETING
13:18:31.194 [qtp158982948-56] DEBUG org.eclipse.jetty.server.HttpConnection - generate: NEED_CHUNK for org.eclipse.jetty.server.HttpConnection$SendCallback@6f4ec5c8[PROCESSING][i=null,cb=org.eclipse.jetty.server.HttpChannel$SendCallback@5254ab6b] (null,[p=0,l=0,c=0,r=0],true)@COMPLETING
13:18:31.194 [qtp158982948-56] DEBUG org.eclipse.jetty.server.HttpConnection - generate: FLUSH for org.eclipse.jetty.server.HttpConnection$SendCallback@6f4ec5c8[PROCESSING][i=null,cb=org.eclipse.jetty.server.HttpChannel$SendCallback@5254ab6b] (null,[p=0,l=0,c=0,r=0],true)@COMPLETING
13:18:31.194 [qtp158982948-56] DEBUG org.eclipse.jetty.io.WriteFlusher - write: WriteFlusher@1eaba396{IDLE}->null [HeapByteBuffer@66560e90[p=0,l=5,c=1024,r=5]={<<<0\r\n\r\n>>>\r\n\x00\x00\x00\x00\x00\x00\x00...\x00\x00\x00\x00\x00\x00\x00}]
13:18:31.194 [qtp158982948-56] DEBUG org.eclipse.jetty.io.WriteFlusher - update WriteFlusher@1eaba396{WRITING}->null:IDLE-->WRITING
13:18:31.194 [qtp158982948-56] DEBUG org.eclipse.jetty.io.ChannelEndPoint - flushed 5 NetworkTrafficSocketChannelEndPoint@285b8860{/127.0.0.1:64989<->/127.0.0.1:8080,OPEN,fill=-,flush=W,to=0/30000}{io=0/0,kio=0,kro=1}->HttpConnection@7ab6ad0b[p=HttpParser{s=END,0 of -1},g=HttpGenerator@e5a22b5{s=COMPLETING}]=>HttpChannelOverHttp@744043e7{s=HttpChannelState@4cb01f6{s=HANDLING rs=BLOCKING os=COMMITTED is=READY awp=false se=false i=true al=0},r=3,c=false/false,a=HANDLING,uri=//localhost:8080/api/v0/components/provision-adapters/awx,age=6}
13:18:31.194 [qtp158982948-56] DEBUG org.eclipse.jetty.io.WriteFlusher - Flushed=true written=5 remaining=0 WriteFlusher@1eaba396{WRITING}->null
13:18:31.194 [reactor-http-nio-3] DEBUG reactor.netty.http.client.HttpClientOperations - [id: 0x287ea5f0, L:/127.0.0.1:64989 - R:localhost/127.0.0.1:8080] Received response (auto-read:false) : [Matched-Stub-Id=0378ff59-a2ae-4df7-af72-fe9c5fe5c5de, Transfer-Encoding=chunked, Server=Jetty(9.4.28.v20200408)]
13:18:31.194 [qtp158982948-56] DEBUG org.eclipse.jetty.io.WriteFlusher - update WriteFlusher@1eaba396{IDLE}->null:WRITING-->IDLE
13:18:31.194 [reactor-http-nio-3] DEBUG reactor.netty.resources.PooledConnectionProvider - [id: 0x287ea5f0, L:/127.0.0.1:64989 - R:localhost/127.0.0.1:8080] onStateChange(GET{uri=/api/v0/components/provision-adapters/awx, connection=PooledConnection{channel=[id: 0x287ea5f0, L:/127.0.0.1:64989 - R:localhost/127.0.0.1:8080]}}, [response_received])
13:18:31.194 [qtp158982948-56] DEBUG org.eclipse.jetty.server.HttpConnection - generate: DONE for org.eclipse.jetty.server.HttpConnection$SendCallback@6f4ec5c8[PROCESSING][i=null,cb=org.eclipse.jetty.server.HttpChannel$SendCallback@5254ab6b] (null,[p=0,l=0,c=0,r=0],true)@END
13:18:31.194 [qtp158982948-56] DEBUG org.eclipse.jetty.server.HttpOutput - onWriteComplete(true,null) s=CLOSING,api=BLOCKED,sc=false,e=null->s=CLOSED,api=BLOCKING,sc=false,e=null c=null cb=null w=false
13:18:31.195 [reactor-http-nio-3] DEBUG org.springframework.web.reactive.function.client.ExchangeFunctions - [16315861] Response 401 UNAUTHORIZED
13:18:31.195 [qtp158982948-56] DEBUG org.eclipse.jetty.server.Server - handled=true async=false committed=true on HttpChannelOverHttp@744043e7{s=HttpChannelState@4cb01f6{s=HANDLING rs=BLOCKING os=COMPLETED is=READY awp=false se=false i=true al=0},r=3,c=false/true,a=HANDLING,uri=//localhost:8080/api/v0/components/provision-adapters/awx,age=7}
13:18:31.195 [qtp158982948-56] DEBUG org.eclipse.jetty.server.HttpChannelState - unhandle HttpChannelState@4cb01f6{s=HANDLING rs=BLOCKING os=COMPLETED is=READY awp=false se=false i=true al=0}
13:18:31.195 [qtp158982948-56] DEBUG org.eclipse.jetty.server.HttpChannelState - nextAction(false) COMPLETE HttpChannelState@4cb01f6{s=HANDLING rs=COMPLETING os=COMPLETED is=READY awp=false se=false i=false al=0}
13:18:31.195 [qtp158982948-56] DEBUG org.eclipse.jetty.server.HttpChannel - action COMPLETE HttpChannelOverHttp@744043e7{s=HttpChannelState@4cb01f6{s=HANDLING rs=COMPLETING os=COMPLETED is=READY awp=false se=false i=false al=0},r=3,c=false/true,a=HANDLING,uri=//localhost:8080/api/v0/components/provision-adapters/awx,age=7}
13:18:31.195 [qtp158982948-56] DEBUG org.eclipse.jetty.server.HttpOutput - complete(org.eclipse.jetty.util.Callback$4@5243d0f5) s=CLOSED,api=BLOCKING,sc=false,e=null s=true e=null, c=null
13:18:31.195 [qtp158982948-56] DEBUG org.eclipse.jetty.server.HttpChannelState - completed HttpChannelState@4cb01f6{s=HANDLING rs=COMPLETING os=COMPLETED is=READY awp=false se=false i=false al=0}
13:18:31.195 [qtp158982948-56] DEBUG org.eclipse.jetty.server.HttpChannelState - unhandle HttpChannelState@4cb01f6{s=HANDLING rs=COMPLETED os=COMPLETED is=READY awp=false se=false i=false al=0}
13:18:31.195 [qtp158982948-56] DEBUG org.eclipse.jetty.server.HttpChannelState - nextAction(false) TERMINATED HttpChannelState@4cb01f6{s=IDLE rs=COMPLETED os=COMPLETED is=READY awp=false se=false i=false al=0}
13:18:31.195 [qtp158982948-56] DEBUG org.eclipse.jetty.server.HttpChannel - action TERMINATED HttpChannelOverHttp@744043e7{s=HttpChannelState@4cb01f6{s=IDLE rs=COMPLETED os=COMPLETED is=READY awp=false se=false i=false al=0},r=3,c=true/true,a=IDLE,uri=//localhost:8080/api/v0/components/provision-adapters/awx,age=7}
13:18:31.195 [qtp158982948-56] DEBUG org.eclipse.jetty.server.HttpChannel - onCompleted for /api/v0/components/provision-adapters/awx written=0
13:18:31.195 [qtp158982948-56] DEBUG org.eclipse.jetty.server.HttpChannelState - recycle HttpChannelState@4cb01f6{s=IDLE rs=COMPLETED os=COMPLETED is=READY awp=false se=false i=false al=0}
13:18:31.195 [qtp158982948-56] DEBUG org.eclipse.jetty.http.HttpParser - reset HttpParser{s=END,0 of -1}
13:18:31.195 [qtp158982948-56] DEBUG org.eclipse.jetty.http.HttpParser - END --> START
13:18:31.195 [qtp158982948-56] DEBUG org.eclipse.jetty.server.HttpChannel - !handle TERMINATED HttpChannelOverHttp@744043e7{s=HttpChannelState@4cb01f6{s=IDLE rs=BLOCKING os=OPEN is=IDLE awp=false se=false i=true al=0},r=3,c=false/false,a=IDLE,uri=null,age=0}
13:18:31.195 [qtp158982948-56] DEBUG org.eclipse.jetty.io.ChannelEndPoint - filled 0 HeapByteBuffer@10a2ecb7[p=0,l=0,c=8192,r=0]={<<<>>>HTTP/1.1 ...\x00\x00\x00\x00\x00\x00\x00}
13:18:31.195 [qtp158982948-56] DEBUG org.eclipse.jetty.io.ChannelEndPoint - filled 0 HeapByteBuffer@10a2ecb7[p=0,l=0,c=8192,r=0]={<<<>>>HTTP/1.1 ...\x00\x00\x00\x00\x00\x00\x00}
13:18:31.195 [qtp158982948-56] DEBUG org.eclipse.jetty.server.HttpConnection - HttpConnection@7ab6ad0b::NetworkTrafficSocketChannelEndPoint@285b8860{/127.0.0.1:64989<->/127.0.0.1:8080,OPEN,fill=-,flush=-,to=0/30000}{io=0/0,kio=0,kro=1}->HttpConnection@7ab6ad0b[p=HttpParser{s=START,0 of -1},g=HttpGenerator@e5a22b5{s=START}]=>HttpChannelOverHttp@744043e7{s=HttpChannelState@4cb01f6{s=IDLE rs=BLOCKING os=OPEN is=IDLE awp=false se=false i=true al=0},r=3,c=false/false,a=IDLE,uri=null,age=0} filled 0 HeapByteBuffer@10a2ecb7[p=0,l=0,c=8192,r=0]={<<<>>>HTTP/1.1 ...\x00\x00\x00\x00\x00\x00\x00}
13:18:31.195 [reactor-http-nio-3] DEBUG reactor.netty.channel.FluxReceive - [id: 0x287ea5f0, L:/127.0.0.1:64989 - R:localhost/127.0.0.1:8080] Subscribing inbound receiver [pending: 0, cancelled:false, inboundDone: false]
13:18:31.208 [qtp158982948-56] DEBUG org.eclipse.jetty.server.HttpConnection - HttpConnection@7ab6ad0b::NetworkTrafficSocketChannelEndPoint@285b8860{/127.0.0.1:64989<->/127.0.0.1:8080,OPEN,fill=-,flush=-,to=1/30000}{io=0/0,kio=0,kro=1}->HttpConnection@7ab6ad0b[p=HttpParser{s=START,0 of -1},g=HttpGenerator@e5a22b5{s=START}]=>HttpChannelOverHttp@744043e7{s=HttpChannelState@4cb01f6{s=IDLE rs=BLOCKING os=OPEN is=IDLE awp=false se=false i=true al=0},r=3,c=false/false,a=IDLE,uri=null,age=0} parse HeapByteBuffer@10a2ecb7[p=0,l=0,c=8192,r=0]={<<<>>>HTTP/1.1 ...\x00\x00\x00\x00\x00\x00\x00} {}
13:18:31.209 [qtp158982948-56] DEBUG org.eclipse.jetty.http.HttpParser - parseNext s=START HeapByteBuffer@10a2ecb7[p=0,l=0,c=8192,r=0]={<<<>>>HTTP/1.1 ...\x00\x00\x00\x00\x00\x00\x00}
13:18:31.209 [qtp158982948-56] DEBUG org.eclipse.jetty.server.HttpConnection - HttpConnection@7ab6ad0b::NetworkTrafficSocketChannelEndPoint@285b8860{/127.0.0.1:64989<->/127.0.0.1:8080,OPEN,fill=-,flush=-,to=14/30000}{io=0/0,kio=0,kro=1}->HttpConnection@7ab6ad0b[p=HttpParser{s=START,0 of -1},g=HttpGenerator@e5a22b5{s=START}]=>HttpChannelOverHttp@744043e7{s=HttpChannelState@4cb01f6{s=IDLE rs=BLOCKING os=OPEN is=IDLE awp=false se=false i=true al=0},r=3,c=false/false,a=IDLE,uri=null,age=0} parsed false HttpParser{s=START,0 of -1}
13:18:31.209 [qtp158982948-56] DEBUG org.eclipse.jetty.server.HttpConnection - releaseRequestBuffer HttpConnection@7ab6ad0b::NetworkTrafficSocketChannelEndPoint@285b8860{/127.0.0.1:64989<->/127.0.0.1:8080,OPEN,fill=-,flush=-,to=14/30000}{io=0/0,kio=0,kro=1}->HttpConnection@7ab6ad0b[p=HttpParser{s=START,0 of -1},g=HttpGenerator@e5a22b5{s=START}]=>HttpChannelOverHttp@744043e7{s=HttpChannelState@4cb01f6{s=IDLE rs=BLOCKING os=OPEN is=IDLE awp=false se=false i=true al=0},r=3,c=false/false,a=IDLE,uri=null,age=0}
13:18:31.209 [qtp158982948-56] DEBUG org.eclipse.jetty.io.AbstractConnection - fillInterested HttpConnection@7ab6ad0b::NetworkTrafficSocketChannelEndPoint@285b8860{/127.0.0.1:64989<->/127.0.0.1:8080,OPEN,fill=-,flush=-,to=14/30000}{io=0/0,kio=0,kro=1}->HttpConnection@7ab6ad0b[p=HttpParser{s=START,0 of -1},g=HttpGenerator@e5a22b5{s=START}]=>HttpChannelOverHttp@744043e7{s=HttpChannelState@4cb01f6{s=IDLE rs=BLOCKING os=OPEN is=IDLE awp=false se=false i=true al=0},r=3,c=false/false,a=IDLE,uri=null,age=0}
13:18:31.209 [qtp158982948-56] DEBUG org.eclipse.jetty.io.FillInterest - interested FillInterest@787307e2{AC.ReadCB@7ab6ad0b{HttpConnection@7ab6ad0b::NetworkTrafficSocketChannelEndPoint@285b8860{/127.0.0.1:64989<->/127.0.0.1:8080,OPEN,fill=FI,flush=-,to=0/30000}{io=0/0,kio=0,kro=1}->HttpConnection@7ab6ad0b[p=HttpParser{s=START,0 of -1},g=HttpGenerator@e5a22b5{s=START}]=>HttpChannelOverHttp@744043e7{s=HttpChannelState@4cb01f6{s=IDLE rs=BLOCKING os=OPEN is=IDLE awp=false se=false i=true al=0},r=3,c=false/false,a=IDLE,uri=null,age=0}}}
13:18:31.209 [qtp158982948-56] DEBUG org.eclipse.jetty.io.ChannelEndPoint - changeInterests p=false 0->1 for NetworkTrafficSocketChannelEndPoint@285b8860{/127.0.0.1:64989<->/127.0.0.1:8080,OPEN,fill=FI,flush=-,to=0/30000}{io=0/1,kio=0,kro=1}->HttpConnection@7ab6ad0b[p=HttpParser{s=START,0 of -1},g=HttpGenerator@e5a22b5{s=START}]=>HttpChannelOverHttp@744043e7{s=HttpChannelState@4cb01f6{s=IDLE rs=BLOCKING os=OPEN is=IDLE awp=false se=false i=true al=0},r=3,c=false/false,a=IDLE,uri=null,age=0}
13:18:31.209 [reactor-http-nio-3] DEBUG reactor.netty.http.client.HttpClientOperations - [id: 0x287ea5f0, L:/127.0.0.1:64989 - R:localhost/127.0.0.1:8080] Received last HTTP packet
13:18:31.209 [qtp158982948-56] DEBUG org.eclipse.jetty.io.ManagedSelector - Queued change org.eclipse.jetty.io.ChannelEndPoint$1@24eb7dab on ManagedSelector@4dee732e{STARTED} id=0 keys=1 selected=0 updates=0
13:18:31.209 [qtp158982948-56] DEBUG org.eclipse.jetty.io.ManagedSelector - Wakeup on submit ManagedSelector@4dee732e{STARTED} id=0 keys=1 selected=0 updates=1
13:18:31.210 [qtp158982948-56] DEBUG org.eclipse.jetty.server.HttpConnection - HttpConnection@7ab6ad0b::NetworkTrafficSocketChannelEndPoint@285b8860{/127.0.0.1:64989<->/127.0.0.1:8080,OPEN,fill=FI,flush=-,to=0/30000}{io=0/1,kio=0,kro=1}->HttpConnection@7ab6ad0b[p=HttpParser{s=START,0 of -1},g=HttpGenerator@e5a22b5{s=START}]=>HttpChannelOverHttp@744043e7{s=HttpChannelState@4cb01f6{s=IDLE rs=BLOCKING os=OPEN is=IDLE awp=false se=false i=true al=0},r=3,c=false/false,a=IDLE,uri=null,age=0} onFillable exit HttpChannelState@4cb01f6{s=IDLE rs=BLOCKING os=OPEN is=IDLE awp=false se=false i=true al=0} null
13:18:31.210 [qtp158982948-56] DEBUG org.eclipse.jetty.util.thread.ReservedThreadExecutor - ReservedThreadExecutor@2a8706d9{s=1/1,p=0}@567e2a78 size 1 > capacity
13:18:31.210 [qtp158982948-56] DEBUG org.eclipse.jetty.util.thread.QueuedThreadPool - ran ReservedThreadExecutor@2a8706d9{s=1/1,p=0}@567e2a78 in QueuedThreadPool[qtp158982948]@979e324{STARTED,8<=8<=14,i=1,r=1,q=0}[ReservedThreadExecutor@2a8706d9{s=1/1,p=0}]
13:18:31.210 [qtp158982948-61] DEBUG org.eclipse.jetty.io.ManagedSelector - Selector sun.nio.ch.WindowsSelectorImpl@5c864108 woken with none selected
13:18:31.210 [qtp158982948-61] DEBUG org.eclipse.jetty.io.ManagedSelector - Selector sun.nio.ch.WindowsSelectorImpl@5c864108 woken up from select, 0/0/1 selected
13:18:31.210 [qtp158982948-61] DEBUG org.eclipse.jetty.io.ManagedSelector - Selector sun.nio.ch.WindowsSelectorImpl@5c864108 processing 0 keys, 1 updates
13:18:31.210 [qtp158982948-61] DEBUG org.eclipse.jetty.io.ManagedSelector - updateable 1
13:18:31.210 [qtp158982948-61] DEBUG org.eclipse.jetty.io.ManagedSelector - update org.eclipse.jetty.io.ChannelEndPoint$1@24eb7dab
13:18:31.210 [qtp158982948-61] DEBUG org.eclipse.jetty.io.ChannelEndPoint - Key interests updated 0 -> 1 on NetworkTrafficSocketChannelEndPoint@285b8860{/127.0.0.1:64989<->/127.0.0.1:8080,OPEN,fill=FI,flush=-,to=0/30000}{io=1/1,kio=1,kro=1}->HttpConnection@7ab6ad0b[p=HttpParser{s=START,0 of -1},g=HttpGenerator@e5a22b5{s=START}]=>HttpChannelOverHttp@744043e7{s=HttpChannelState@4cb01f6{s=IDLE rs=BLOCKING os=OPEN is=IDLE awp=false se=false i=true al=0},r=3,c=false/false,a=IDLE,uri=null,age=0}
13:18:31.210 [qtp158982948-61] DEBUG org.eclipse.jetty.io.ManagedSelector - updates 0
13:18:31.210 [qtp158982948-61] DEBUG org.eclipse.jetty.io.ManagedSelector - Selector sun.nio.ch.WindowsSelectorImpl@5c864108 waiting with 1 keys
13:18:31.210 [reactor-http-nio-3] DEBUG reactor.netty.resources.PooledConnectionProvider - [id: 0x287ea5f0, L:/127.0.0.1:64989 - R:localhost/127.0.0.1:8080] onStateChange(GET{uri=/api/v0/components/provision-adapters/awx, connection=PooledConnection{channel=[id: 0x287ea5f0, L:/127.0.0.1:64989 - R:localhost/127.0.0.1:8080]}}, [response_completed])
13:18:31.211 [reactor-http-nio-3] DEBUG reactor.netty.ReactorNetty - [id: 0x287ea5f0, L:/127.0.0.1:64989 - R:localhost/127.0.0.1:8080] Removed handler: ReadTimeoutHandler, pipeline: DefaultChannelPipeline{(reactor.left.httpCodec = io.netty.handler.codec.http.HttpClientCodec), (WriteTimeoutHandler = io.netty.handler.timeout.WriteTimeoutHandler), (reactor.right.reactiveBridge = reactor.netty.channel.ChannelOperationsHandler)}
13:18:31.211 [reactor-http-nio-3] DEBUG reactor.netty.ReactorNetty - [id: 0x287ea5f0, L:/127.0.0.1:64989 - R:localhost/127.0.0.1:8080] Removed handler: WriteTimeoutHandler, pipeline: DefaultChannelPipeline{(reactor.left.httpCodec = io.netty.handler.codec.http.HttpClientCodec), (reactor.right.reactiveBridge = reactor.netty.channel.ChannelOperationsHandler)}
13:18:31.211 [reactor-http-nio-3] DEBUG reactor.netty.resources.PooledConnectionProvider - [id: 0x287ea5f0, L:/127.0.0.1:64989 - R:localhost/127.0.0.1:8080] onStateChange(GET{uri=/api/v0/components/provision-adapters/awx, connection=PooledConnection{channel=[id: 0x287ea5f0, L:/127.0.0.1:64989 - R:localhost/127.0.0.1:8080]}}, [disconnecting])
13:18:31.211 [reactor-http-nio-3] DEBUG reactor.netty.resources.PooledConnectionProvider - [id: 0x287ea5f0, L:/127.0.0.1:64989 - R:localhost/127.0.0.1:8080] Releasing channel
13:18:31.211 [reactor-http-nio-3] DEBUG reactor.netty.resources.PooledConnectionProvider - [id: 0x287ea5f0, L:/127.0.0.1:64989 - R:localhost/127.0.0.1:8080] Channel cleaned, now 0 active connections and 1 inactive connections
13:18:31.213 [parallel-4] INFO com.bi.edp.catalog.adapter.provision_adapters.ProvisionAdaptersClient - ProvisionAdaptersClient unauthorized, trying to log in
13:18:31.215 [parallel-4] ERROR com.bi.edp.catalog.adapter.provision_adapters.ProvisionAdaptersClient - Json Processing Exception
com.fasterxml.jackson.databind.JsonMappingException: Test exception.
	at java.base/jdk.internal.reflect.NativeConstructorAccessorImpl.newInstance0(Native Method)
	at java.base/jdk.internal.reflect.NativeConstructorAccessorImpl.newInstance(NativeConstructorAccessorImpl.java:62)
	at java.base/jdk.internal.reflect.DelegatingConstructorAccessorImpl.newInstance(DelegatingConstructorAccessorImpl.java:45)
	at java.base/java.lang.reflect.Constructor.newInstance(Constructor.java:490)
	at org.codehaus.groovy.reflection.CachedConstructor.invoke(CachedConstructor.java:80)
	at org.codehaus.groovy.runtime.callsite.ConstructorSite$ConstructorSiteNoUnwrapNoCoerce.callConstructor(ConstructorSite.java:105)
	at org.codehaus.groovy.runtime.callsite.AbstractCallSite.callConstructor(AbstractCallSite.java:249)
	at com.bi.edp.catalog.adapter.provision_adapters.ProvisionAdaptersClientTest$__spock_feature_0_3_closure1$_closure3.doCall(ProvisionAdaptersClientTest.groovy:212)
	at java.base/jdk.internal.reflect.NativeMethodAccessorImpl.invoke0(Native Method)
	at java.base/jdk.internal.reflect.NativeMethodAccessorImpl.invoke(NativeMethodAccessorImpl.java:62)
	at java.base/jdk.internal.reflect.DelegatingMethodAccessorImpl.invoke(DelegatingMethodAccessorImpl.java:43)
	at java.base/java.lang.reflect.Method.invoke(Method.java:566)
	at org.codehaus.groovy.reflection.CachedMethod.invoke(CachedMethod.java:101)
	at groovy.lang.MetaMethod.doMethodInvoke(MetaMethod.java:323)
	at org.codehaus.groovy.runtime.metaclass.ClosureMetaClass.invokeMethod(ClosureMetaClass.java:263)
	at groovy.lang.MetaClassImpl.invokeMethod(MetaClassImpl.java:1041)
	at groovy.lang.Closure.call(Closure.java:405)
	at org.spockframework.runtime.GroovyRuntimeUtil.invokeClosure(GroovyRuntimeUtil.java:202)
	at org.spockframework.mock.response.CodeResponseGenerator.invokeClosure(CodeResponseGenerator.java:54)
	at org.spockframework.mock.response.CodeResponseGenerator.doRespond(CodeResponseGenerator.java:37)
	at org.spockframework.mock.response.SingleResponseGenerator.respond(SingleResponseGenerator.java:32)
	at org.spockframework.mock.response.ResponseGeneratorChain.respond(ResponseGeneratorChain.java:44)
	at org.spockframework.mock.runtime.MockInteraction.accept(MockInteraction.java:73)
	at org.spockframework.mock.runtime.MockInteractionDecorator.accept(MockInteractionDecorator.java:50)
	at org.spockframework.mock.runtime.InteractionScope$1.accept(InteractionScope.java:51)
	at org.spockframework.mock.runtime.MockController.handle(MockController.java:40)
	at org.spockframework.mock.runtime.JavaMockInterceptor.intercept(JavaMockInterceptor.java:87)
	at org.spockframework.mock.runtime.ByteBuddyInterceptorAdapter.interceptNonAbstract(ByteBuddyInterceptorAdapter.java:35)
	at com.fasterxml.jackson.databind.ObjectMapper$SpockMock$456001620.writeValueAsString(Unknown Source)
	at com.bi.edp.catalog.adapter.provision_adapters.ProvisionAdaptersClient.getTokenFromApi(ProvisionAdaptersClient.java:169)
	at com.bi.edp.catalog.adapter.provision_adapters.ProvisionAdaptersClient.lambda$getUnauthorizedBackoffStrategy$4(ProvisionAdaptersClient.java:133)
	at reactor.util.retry.RetryBackoffSpec.lambda$generateCompanion$4(RetryBackoffSpec.java:509)
	at reactor.core.publisher.FluxConcatMap$ConcatMapImmediate.drain(FluxConcatMap.java:367)
	at reactor.core.publisher.FluxConcatMap$ConcatMapImmediate.innerComplete(FluxConcatMap.java:288)
	at reactor.core.publisher.FluxConcatMap$ConcatMapInner.onComplete(FluxConcatMap.java:875)
	at reactor.core.publisher.Operators$MonoSubscriber.complete(Operators.java:1756)
	at reactor.core.publisher.MonoFlatMap$FlatMapInner.onNext(MonoFlatMap.java:241)
	at reactor.core.publisher.Operators$MonoSubscriber.complete(Operators.java:1755)
	at reactor.core.publisher.MonoIgnoreThen$ThenIgnoreMain.drain(MonoIgnoreThen.java:147)
	at reactor.core.publisher.MonoIgnoreThen.subscribe(MonoIgnoreThen.java:56)
	at reactor.core.publisher.MonoFlatMap$FlatMapMain.onNext(MonoFlatMap.java:150)
	at reactor.core.publisher.Operators$MonoSubscriber.complete(Operators.java:1755)
	at reactor.core.publisher.MonoIgnoreThen$ThenAcceptInner.onNext(MonoIgnoreThen.java:296)
	at reactor.core.publisher.MonoDelay$MonoDelayRunnable.run(MonoDelay.java:117)
	at reactor.core.scheduler.SchedulerTask.call(SchedulerTask.java:68)
	at reactor.core.scheduler.SchedulerTask.call(SchedulerTask.java:28)
	at java.base/java.util.concurrent.FutureTask.run(FutureTask.java:264)
	at java.base/java.util.concurrent.ScheduledThreadPoolExecutor$ScheduledFutureTask.run(ScheduledThreadPoolExecutor.java:304)
	at java.base/java.util.concurrent.ThreadPoolExecutor.runWorker(ThreadPoolExecutor.java:1128)
	at java.base/java.util.concurrent.ThreadPoolExecutor$Worker.run(ThreadPoolExecutor.java:628)
	at java.base/java.lang.Thread.run(Thread.java:834)
13:18:31.218 [parallel-4] DEBUG org.springframework.web.reactive.function.client.ExchangeFunctions - [16315861] Cancel signal (to close connection)
13:18:31.220 [Test worker] DEBUG org.eclipse.jetty.util.component.AbstractLifeCycle - stopping Server@1551d457{STARTED}[9.4.28.v20200408]
13:18:31.220 [Test worker] DEBUG org.eclipse.jetty.server.Server - doStop Server@1551d457{STOPPING}[9.4.28.v20200408]
13:18:31.221 [Test worker] DEBUG org.eclipse.jetty.util.component.AbstractLifeCycle - stopping NetworkTrafficServerConnector@5df3dfa0{HTTP/1.1, (http/1.1)}{0.0.0.0:8080}
13:18:31.221 [Test worker] DEBUG org.eclipse.jetty.util.component.AbstractLifeCycle - stopping SelectorManager@NetworkTrafficServerConnector@5df3dfa0{HTTP/1.1, (http/1.1)}{0.0.0.0:8080}
13:18:31.221 [Test worker] DEBUG org.eclipse.jetty.util.component.AbstractLifeCycle - stopping ManagedSelector@100703ac{STARTED} id=1 keys=1 selected=0 updates=0
13:18:31.221 [Test worker] DEBUG org.eclipse.jetty.io.ManagedSelector - Queued change org.eclipse.jetty.io.ManagedSelector$CloseConnections@2bab9646 on ManagedSelector@100703ac{STOPPING} id=1 keys=1 selected=0 updates=0
13:18:31.221 [Test worker] DEBUG org.eclipse.jetty.io.ManagedSelector - Wakeup on submit ManagedSelector@100703ac{STOPPING} id=1 keys=1 selected=0 updates=1
13:18:31.221 [qtp158982948-60] DEBUG org.eclipse.jetty.io.ManagedSelector - Selector sun.nio.ch.WindowsSelectorImpl@758e16ff woken with none selected
13:18:31.222 [qtp158982948-60] DEBUG org.eclipse.jetty.io.ManagedSelector - Selector sun.nio.ch.WindowsSelectorImpl@758e16ff woken up from select, 0/0/1 selected
13:18:31.222 [qtp158982948-60] DEBUG org.eclipse.jetty.io.ManagedSelector - Selector sun.nio.ch.WindowsSelectorImpl@758e16ff processing 0 keys, 1 updates
13:18:31.222 [qtp158982948-60] DEBUG org.eclipse.jetty.io.ManagedSelector - updateable 1
13:18:31.222 [qtp158982948-60] DEBUG org.eclipse.jetty.io.ManagedSelector - update org.eclipse.jetty.io.ManagedSelector$CloseConnections@2bab9646
13:18:31.222 [qtp158982948-60] DEBUG org.eclipse.jetty.io.ManagedSelector - Closing 1 connections on ManagedSelector@100703ac{STOPPING} id=1 keys=1 selected=0 updates=0
13:18:31.222 [qtp158982948-60] DEBUG org.eclipse.jetty.io.AbstractEndPoint - close NetworkTrafficSocketChannelEndPoint@2bc028f3{/127.0.0.1:64988<->/127.0.0.1:8080,OPEN,fill=FI,flush=-,to=3933/30000}{io=1/1,kio=1,kro=1}->HttpConnection@4e97f204[p=HttpParser{s=START,0 of -1},g=HttpGenerator@55947826{s=START}]=>HttpChannelOverHttp@21384383{s=HttpChannelState@643ad9c0{s=IDLE rs=BLOCKING os=OPEN is=IDLE awp=false se=false i=true al=0},r=3,c=false/false,a=IDLE,uri=null,age=0}
13:18:31.222 [qtp158982948-60] DEBUG org.eclipse.jetty.io.AbstractEndPoint - close(null) NetworkTrafficSocketChannelEndPoint@2bc028f3{/127.0.0.1:64988<->/127.0.0.1:8080,OPEN,fill=FI,flush=-,to=3933/30000}{io=1/1,kio=1,kro=1}->HttpConnection@4e97f204[p=HttpParser{s=START,0 of -1},g=HttpGenerator@55947826{s=START}]=>HttpChannelOverHttp@21384383{s=HttpChannelState@643ad9c0{s=IDLE rs=BLOCKING os=OPEN is=IDLE awp=false se=false i=true al=0},r=3,c=false/false,a=IDLE,uri=null,age=0}
13:18:31.222 [qtp158982948-60] DEBUG org.eclipse.jetty.io.ChannelEndPoint - doClose NetworkTrafficSocketChannelEndPoint@2bc028f3{/127.0.0.1:64988<->/127.0.0.1:8080,CLOSED,fill=FI,flush=-,to=3933/30000}{io=1/1,kio=1,kro=1}->HttpConnection@4e97f204[p=HttpParser{s=START,0 of -1},g=HttpGenerator@55947826{s=START}]=>HttpChannelOverHttp@21384383{s=HttpChannelState@643ad9c0{s=IDLE rs=BLOCKING os=OPEN is=IDLE awp=false se=false i=true al=0},r=3,c=false/false,a=IDLE,uri=null,age=0}
13:18:31.222 [qtp158982948-60] DEBUG org.eclipse.jetty.io.FillInterest - onClose FillInterest@36d30d4c{AC.ReadCB@4e97f204{HttpConnection@4e97f204::NetworkTrafficSocketChannelEndPoint@2bc028f3{/127.0.0.1:64988<->/127.0.0.1:8080,CLOSED,fill=FI,flush=-,to=3934/30000}{io=1/1,kio=-1,kro=-1}->HttpConnection@4e97f204[p=HttpParser{s=START,0 of -1},g=HttpGenerator@55947826{s=START}]=>HttpChannelOverHttp@21384383{s=HttpChannelState@643ad9c0{s=IDLE rs=BLOCKING os=OPEN is=IDLE awp=false se=false i=true al=0},r=3,c=false/false,a=IDLE,uri=null,age=0}}}
13:18:31.222 [qtp158982948-60] DEBUG org.eclipse.jetty.http.HttpParser - close HttpParser{s=START,0 of -1}
13:18:31.222 [qtp158982948-60] DEBUG org.eclipse.jetty.http.HttpParser - START --> CLOSE
13:18:31.222 [qtp158982948-60] DEBUG org.eclipse.jetty.io.AbstractConnection - HttpConnection@4e97f204::NetworkTrafficSocketChannelEndPoint@2bc028f3{/127.0.0.1:64988<->/127.0.0.1:8080,CLOSED,fill=-,flush=-,to=3934/30000}{io=1/1,kio=-1,kro=-1}->HttpConnection@4e97f204[p=HttpParser{s=CLOSE,0 of -1},g=HttpGenerator@55947826{s=START}]=>HttpChannelOverHttp@21384383{s=HttpChannelState@643ad9c0{s=IDLE rs=BLOCKING os=OPEN is=IDLE awp=false se=false i=true al=0},r=3,c=false/false,a=IDLE,uri=null,age=0} onFillInterestedFailed {}
13:18:31.223 [qtp158982948-60] DEBUG org.eclipse.jetty.io.ManagedSelector - Wakeup ManagedSelector@100703ac{STOPPING} id=1 keys=1 selected=0 updates=0
13:18:31.223 [qtp158982948-60] DEBUG org.eclipse.jetty.util.thread.QueuedThreadPool - queue org.eclipse.jetty.io.ManagedSelector$DestroyEndPoint@7563f3db startThread=0
13:18:31.223 [qtp158982948-60] DEBUG org.eclipse.jetty.io.ManagedSelector - updates 0
13:18:31.223 [qtp158982948-60] DEBUG org.eclipse.jetty.io.ManagedSelector - Selector sun.nio.ch.WindowsSelectorImpl@758e16ff waiting with 1 keys
13:18:31.223 [Test worker] DEBUG org.eclipse.jetty.io.ManagedSelector - Queued change org.eclipse.jetty.io.ManagedSelector$StopSelector@51ecb86a on ManagedSelector@100703ac{STOPPING} id=1 keys=0 selected=0 updates=0
13:18:31.223 [Test worker] DEBUG org.eclipse.jetty.io.ManagedSelector - Wakeup on submit ManagedSelector@100703ac{STOPPING} id=1 keys=0 selected=0 updates=1
13:18:31.223 [qtp158982948-60] DEBUG org.eclipse.jetty.io.ManagedSelector - Selector sun.nio.ch.WindowsSelectorImpl@758e16ff woken with none selected
13:18:31.223 [qtp158982948-60] DEBUG org.eclipse.jetty.io.ManagedSelector - Selector sun.nio.ch.WindowsSelectorImpl@758e16ff woken up from select, 0/0/0 selected
13:18:31.223 [qtp158982948-60] DEBUG org.eclipse.jetty.io.ManagedSelector - Selector sun.nio.ch.WindowsSelectorImpl@758e16ff processing 0 keys, 1 updates
13:18:31.223 [qtp158982948-60] DEBUG org.eclipse.jetty.io.ManagedSelector - updateable 1
13:18:31.223 [qtp158982948-60] DEBUG org.eclipse.jetty.io.ManagedSelector - update org.eclipse.jetty.io.ManagedSelector$StopSelector@51ecb86a
13:18:31.223 [qtp158982948-60] DEBUG org.eclipse.jetty.io.ManagedSelector - updates 0
13:18:31.224 [qtp158982948-60] DEBUG org.eclipse.jetty.util.thread.ReservedThreadExecutor - ReservedThreadExecutor@2a8706d9{s=1/1,p=0}@7f767d8f size 1 > capacity
13:18:31.224 [qtp158982948-60] DEBUG org.eclipse.jetty.util.thread.QueuedThreadPool - ran ReservedThreadExecutor@2a8706d9{s=1/1,p=0}@7f767d8f in QueuedThreadPool[qtp158982948]@979e324{STARTED,8<=8<=14,i=1,r=1,q=0}[ReservedThreadExecutor@2a8706d9{s=1/1,p=0}]
13:18:31.224 [qtp158982948-60] DEBUG org.eclipse.jetty.util.thread.QueuedThreadPool - run org.eclipse.jetty.io.ManagedSelector$DestroyEndPoint@7563f3db in QueuedThreadPool[qtp158982948]@979e324{STARTED,8<=8<=14,i=2,r=1,q=0}[ReservedThreadExecutor@2a8706d9{s=1/1,p=0}]
13:18:31.224 [qtp158982948-60] DEBUG org.eclipse.jetty.io.ManagedSelector - Destroyed NetworkTrafficSocketChannelEndPoint@2bc028f3{/127.0.0.1:64988<->/127.0.0.1:8080,CLOSED,fill=-,flush=-,to=3935/30000}{io=1/1,kio=-1,kro=-1}->HttpConnection@4e97f204[p=HttpParser{s=CLOSE,0 of -1},g=HttpGenerator@55947826{s=START}]=>HttpChannelOverHttp@21384383{s=HttpChannelState@643ad9c0{s=IDLE rs=BLOCKING os=OPEN is=IDLE awp=false se=false i=true al=0},r=3,c=false/false,a=IDLE,uri=null,age=0}
13:18:31.224 [qtp158982948-60] DEBUG org.eclipse.jetty.io.AbstractConnection - onClose HttpConnection@4e97f204::NetworkTrafficSocketChannelEndPoint@2bc028f3{/127.0.0.1:64988<->/127.0.0.1:8080,CLOSED,fill=-,flush=-,to=3935/30000}{io=1/1,kio=-1,kro=-1}->HttpConnection@4e97f204[p=HttpParser{s=CLOSE,0 of -1},g=HttpGenerator@55947826{s=START}]=>HttpChannelOverHttp@21384383{s=HttpChannelState@643ad9c0{s=IDLE rs=BLOCKING os=OPEN is=IDLE awp=false se=false i=true al=0},r=3,c=false/false,a=IDLE,uri=null,age=0}
13:18:31.224 [qtp158982948-60] DEBUG org.eclipse.jetty.util.thread.QueuedThreadPool - ran org.eclipse.jetty.io.ManagedSelector$DestroyEndPoint@7563f3db in QueuedThreadPool[qtp158982948]@979e324{STARTED,8<=8<=14,i=2,r=1,q=0}[ReservedThreadExecutor@2a8706d9{s=1/1,p=0}]
13:18:31.224 [Test worker] DEBUG org.eclipse.jetty.util.component.AbstractLifeCycle - stopping EatWhatYouKill@37b9fe6/SelectorProducer@414fe08/IDLE/p=false/QueuedThreadPool[qtp158982948]@979e324{STARTED,8<=8<=14,i=3,r=1,q=0}[ReservedThreadExecutor@2a8706d9{s=1/1,p=0}][pc=0,pic=0,pec=1,epc=1]@2020-09-25T13:18:31.2248811+02:00
13:18:31.224 [Test worker] DEBUG org.eclipse.jetty.util.component.AbstractLifeCycle - STOPPED EatWhatYouKill@37b9fe6/SelectorProducer@414fe08/IDLE/p=false/QueuedThreadPool[qtp158982948]@979e324{STARTED,8<=8<=14,i=3,r=1,q=0}[ReservedThreadExecutor@2a8706d9{s=1/1,p=0}][pc=0,pic=0,pec=1,epc=1]@2020-09-25T13:18:31.2248811+02:00
13:18:31.224 [Test worker] DEBUG org.eclipse.jetty.util.component.AbstractLifeCycle - STOPPED ManagedSelector@100703ac{STOPPED} id=1 keys=-1 selected=-1 updates=0
13:18:31.224 [Test worker] DEBUG org.eclipse.jetty.util.component.AbstractLifeCycle - stopping ManagedSelector@4dee732e{STARTED} id=0 keys=1 selected=0 updates=0
13:18:31.224 [Test worker] DEBUG org.eclipse.jetty.io.ManagedSelector - Queued change org.eclipse.jetty.io.ManagedSelector$CloseConnections@40be4230 on ManagedSelector@4dee732e{STOPPING} id=0 keys=1 selected=0 updates=0
13:18:31.224 [Test worker] DEBUG org.eclipse.jetty.io.ManagedSelector - Wakeup on submit ManagedSelector@4dee732e{STOPPING} id=0 keys=1 selected=0 updates=1
13:18:31.225 [qtp158982948-61] DEBUG org.eclipse.jetty.io.ManagedSelector - Selector sun.nio.ch.WindowsSelectorImpl@5c864108 woken with none selected
13:18:31.225 [qtp158982948-61] DEBUG org.eclipse.jetty.io.ManagedSelector - Selector sun.nio.ch.WindowsSelectorImpl@5c864108 woken up from select, 0/0/1 selected
13:18:31.225 [qtp158982948-61] DEBUG org.eclipse.jetty.io.ManagedSelector - Selector sun.nio.ch.WindowsSelectorImpl@5c864108 processing 0 keys, 1 updates
13:18:31.225 [qtp158982948-61] DEBUG org.eclipse.jetty.io.ManagedSelector - updateable 1
13:18:31.225 [qtp158982948-61] DEBUG org.eclipse.jetty.io.ManagedSelector - update org.eclipse.jetty.io.ManagedSelector$CloseConnections@40be4230
13:18:31.225 [qtp158982948-61] DEBUG org.eclipse.jetty.io.ManagedSelector - Closing 1 connections on ManagedSelector@4dee732e{STOPPING} id=0 keys=1 selected=0 updates=0
13:18:31.225 [qtp158982948-61] DEBUG org.eclipse.jetty.io.AbstractEndPoint - close NetworkTrafficSocketChannelEndPoint@285b8860{/127.0.0.1:64989<->/127.0.0.1:8080,OPEN,fill=FI,flush=-,to=15/30000}{io=1/1,kio=1,kro=1}->HttpConnection@7ab6ad0b[p=HttpParser{s=START,0 of -1},g=HttpGenerator@e5a22b5{s=START}]=>HttpChannelOverHttp@744043e7{s=HttpChannelState@4cb01f6{s=IDLE rs=BLOCKING os=OPEN is=IDLE awp=false se=false i=true al=0},r=3,c=false/false,a=IDLE,uri=null,age=0}
13:18:31.225 [qtp158982948-61] DEBUG org.eclipse.jetty.io.AbstractEndPoint - close(null) NetworkTrafficSocketChannelEndPoint@285b8860{/127.0.0.1:64989<->/127.0.0.1:8080,OPEN,fill=FI,flush=-,to=16/30000}{io=1/1,kio=1,kro=1}->HttpConnection@7ab6ad0b[p=HttpParser{s=START,0 of -1},g=HttpGenerator@e5a22b5{s=START}]=>HttpChannelOverHttp@744043e7{s=HttpChannelState@4cb01f6{s=IDLE rs=BLOCKING os=OPEN is=IDLE awp=false se=false i=true al=0},r=3,c=false/false,a=IDLE,uri=null,age=0}
13:18:31.225 [qtp158982948-61] DEBUG org.eclipse.jetty.io.ChannelEndPoint - doClose NetworkTrafficSocketChannelEndPoint@285b8860{/127.0.0.1:64989<->/127.0.0.1:8080,CLOSED,fill=FI,flush=-,to=16/30000}{io=1/1,kio=1,kro=1}->HttpConnection@7ab6ad0b[p=HttpParser{s=START,0 of -1},g=HttpGenerator@e5a22b5{s=START}]=>HttpChannelOverHttp@744043e7{s=HttpChannelState@4cb01f6{s=IDLE rs=BLOCKING os=OPEN is=IDLE awp=false se=false i=true al=0},r=3,c=false/false,a=IDLE,uri=null,age=0}
13:18:31.225 [qtp158982948-61] DEBUG org.eclipse.jetty.io.FillInterest - onClose FillInterest@787307e2{AC.ReadCB@7ab6ad0b{HttpConnection@7ab6ad0b::NetworkTrafficSocketChannelEndPoint@285b8860{/127.0.0.1:64989<->/127.0.0.1:8080,CLOSED,fill=FI,flush=-,to=16/30000}{io=1/1,kio=-1,kro=-1}->HttpConnection@7ab6ad0b[p=HttpParser{s=START,0 of -1},g=HttpGenerator@e5a22b5{s=START}]=>HttpChannelOverHttp@744043e7{s=HttpChannelState@4cb01f6{s=IDLE rs=BLOCKING os=OPEN is=IDLE awp=false se=false i=true al=0},r=3,c=false/false,a=IDLE,uri=null,age=0}}}
13:18:31.226 [qtp158982948-61] DEBUG org.eclipse.jetty.http.HttpParser - close HttpParser{s=START,0 of -1}
13:18:31.226 [qtp158982948-61] DEBUG org.eclipse.jetty.http.HttpParser - START --> CLOSE
13:18:31.226 [qtp158982948-61] DEBUG org.eclipse.jetty.io.AbstractConnection - HttpConnection@7ab6ad0b::NetworkTrafficSocketChannelEndPoint@285b8860{/127.0.0.1:64989<->/127.0.0.1:8080,CLOSED,fill=-,flush=-,to=16/30000}{io=1/1,kio=-1,kro=-1}->HttpConnection@7ab6ad0b[p=HttpParser{s=CLOSE,0 of -1},g=HttpGenerator@e5a22b5{s=START}]=>HttpChannelOverHttp@744043e7{s=HttpChannelState@4cb01f6{s=IDLE rs=BLOCKING os=OPEN is=IDLE awp=false se=false i=true al=0},r=3,c=false/false,a=IDLE,uri=null,age=0} onFillInterestedFailed {}
13:18:31.226 [qtp158982948-61] DEBUG org.eclipse.jetty.io.ManagedSelector - Wakeup ManagedSelector@4dee732e{STOPPING} id=0 keys=1 selected=0 updates=0
13:18:31.226 [qtp158982948-61] DEBUG org.eclipse.jetty.util.thread.QueuedThreadPool - queue org.eclipse.jetty.io.ManagedSelector$DestroyEndPoint@6b7a52c8 startThread=0
13:18:31.226 [qtp158982948-61] DEBUG org.eclipse.jetty.io.ManagedSelector - updates 0
13:18:31.226 [qtp158982948-61] DEBUG org.eclipse.jetty.io.ManagedSelector - Selector sun.nio.ch.WindowsSelectorImpl@5c864108 waiting with 1 keys
13:18:31.226 [reactor-http-nio-3] DEBUG reactor.netty.resources.PooledConnectionProvider - [id: 0x287ea5f0, L:/127.0.0.1:64989 ! R:localhost/127.0.0.1:8080] onStateChange(PooledConnection{channel=[id: 0x287ea5f0, L:/127.0.0.1:64989 ! R:localhost/127.0.0.1:8080]}, [disconnecting])
13:18:31.226 [qtp158982948-57] DEBUG org.eclipse.jetty.util.thread.QueuedThreadPool - ran qtp158982948-57-acceptor-0@275fecb0-NetworkTrafficServerConnector@5df3dfa0{HTTP/1.1, (http/1.1)}{0.0.0.0:8080} in QueuedThreadPool[qtp158982948]@979e324{STARTED,8<=8<=14,i=2,r=1,q=0}[ReservedThreadExecutor@2a8706d9{s=1/1,p=0}]
13:18:31.226 [qtp158982948-57] DEBUG org.eclipse.jetty.util.thread.QueuedThreadPool - run org.eclipse.jetty.io.ManagedSelector$DestroyEndPoint@6b7a52c8 in QueuedThreadPool[qtp158982948]@979e324{STARTED,8<=8<=14,i=3,r=1,q=0}[ReservedThreadExecutor@2a8706d9{s=1/1,p=0}]
13:18:31.226 [qtp158982948-57] DEBUG org.eclipse.jetty.io.ManagedSelector - Destroyed NetworkTrafficSocketChannelEndPoint@285b8860{/127.0.0.1:64989<->/127.0.0.1:8080,CLOSED,fill=-,flush=-,to=17/30000}{io=1/1,kio=-1,kro=-1}->HttpConnection@7ab6ad0b[p=HttpParser{s=CLOSE,0 of -1},g=HttpGenerator@e5a22b5{s=START}]=>HttpChannelOverHttp@744043e7{s=HttpChannelState@4cb01f6{s=IDLE rs=BLOCKING os=OPEN is=IDLE awp=false se=false i=true al=0},r=3,c=false/false,a=IDLE,uri=null,age=0}
13:18:31.226 [qtp158982948-57] DEBUG org.eclipse.jetty.io.AbstractConnection - onClose HttpConnection@7ab6ad0b::NetworkTrafficSocketChannelEndPoint@285b8860{/127.0.0.1:64989<->/127.0.0.1:8080,CLOSED,fill=-,flush=-,to=17/30000}{io=1/1,kio=-1,kro=-1}->HttpConnection@7ab6ad0b[p=HttpParser{s=CLOSE,0 of -1},g=HttpGenerator@e5a22b5{s=START}]=>HttpChannelOverHttp@744043e7{s=HttpChannelState@4cb01f6{s=IDLE rs=BLOCKING os=OPEN is=IDLE awp=false se=false i=true al=0},r=3,c=false/false,a=IDLE,uri=null,age=0}
13:18:31.227 [qtp158982948-57] DEBUG org.eclipse.jetty.util.thread.QueuedThreadPool - ran org.eclipse.jetty.io.ManagedSelector$DestroyEndPoint@6b7a52c8 in QueuedThreadPool[qtp158982948]@979e324{STARTED,8<=8<=14,i=3,r=1,q=0}[ReservedThreadExecutor@2a8706d9{s=1/1,p=0}]
13:18:31.227 [Test worker] DEBUG org.eclipse.jetty.io.ManagedSelector - Queued change org.eclipse.jetty.io.ManagedSelector$StopSelector@5c50e816 on ManagedSelector@4dee732e{STOPPING} id=0 keys=0 selected=0 updates=0
13:18:31.227 [Test worker] DEBUG org.eclipse.jetty.io.ManagedSelector - Wakeup on submit ManagedSelector@4dee732e{STOPPING} id=0 keys=0 selected=0 updates=1
13:18:31.227 [qtp158982948-61] DEBUG org.eclipse.jetty.io.ManagedSelector - Selector sun.nio.ch.WindowsSelectorImpl@5c864108 woken with none selected
13:18:31.227 [qtp158982948-61] DEBUG org.eclipse.jetty.io.ManagedSelector - Selector sun.nio.ch.WindowsSelectorImpl@5c864108 woken up from select, 0/0/0 selected
13:18:31.227 [qtp158982948-61] DEBUG org.eclipse.jetty.io.ManagedSelector - Selector sun.nio.ch.WindowsSelectorImpl@5c864108 processing 0 keys, 1 updates
13:18:31.227 [qtp158982948-61] DEBUG org.eclipse.jetty.io.ManagedSelector - updateable 1
13:18:31.227 [qtp158982948-61] DEBUG org.eclipse.jetty.io.ManagedSelector - update org.eclipse.jetty.io.ManagedSelector$StopSelector@5c50e816
13:18:31.227 [qtp158982948-61] DEBUG org.eclipse.jetty.io.ManagedSelector - updates 0
13:18:31.227 [qtp158982948-61] DEBUG org.eclipse.jetty.util.thread.ReservedThreadExecutor - ReservedThreadExecutor@2a8706d9{s=1/1,p=0}@3787cc1c size 1 > capacity
13:18:31.227 [qtp158982948-61] DEBUG org.eclipse.jetty.util.thread.QueuedThreadPool - ran ReservedThreadExecutor@2a8706d9{s=1/1,p=0}@3787cc1c in QueuedThreadPool[qtp158982948]@979e324{STARTED,8<=8<=14,i=4,r=1,q=0}[ReservedThreadExecutor@2a8706d9{s=1/1,p=0}]
13:18:31.228 [Test worker] DEBUG org.eclipse.jetty.util.component.AbstractLifeCycle - stopping EatWhatYouKill@5205918/SelectorProducer@1cd11adc/IDLE/p=false/QueuedThreadPool[qtp158982948]@979e324{STARTED,8<=8<=14,i=5,r=1,q=0}[ReservedThreadExecutor@2a8706d9{s=1/1,p=0}][pc=0,pic=0,pec=0,epc=3]@2020-09-25T13:18:31.2288831+02:00
13:18:31.228 [Test worker] DEBUG org.eclipse.jetty.util.component.AbstractLifeCycle - STOPPED EatWhatYouKill@5205918/SelectorProducer@1cd11adc/IDLE/p=false/QueuedThreadPool[qtp158982948]@979e324{STARTED,8<=8<=14,i=5,r=1,q=0}[ReservedThreadExecutor@2a8706d9{s=1/1,p=0}][pc=0,pic=0,pec=0,epc=3]@2020-09-25T13:18:31.2288831+02:00
13:18:31.228 [Test worker] DEBUG org.eclipse.jetty.util.component.AbstractLifeCycle - STOPPED ManagedSelector@4dee732e{STOPPED} id=0 keys=-1 selected=-1 updates=0
13:18:31.228 [Test worker] DEBUG org.eclipse.jetty.util.component.AbstractLifeCycle - STOPPED SelectorManager@NetworkTrafficServerConnector@5df3dfa0{HTTP/1.1, (http/1.1)}{0.0.0.0:8080}
13:18:31.228 [Test worker] DEBUG org.eclipse.jetty.util.component.AbstractLifeCycle - stopping HttpConnectionFactory@69b18ba6[HTTP/1.1]
13:18:31.228 [Test worker] DEBUG org.eclipse.jetty.util.component.AbstractLifeCycle - STOPPED HttpConnectionFactory@69b18ba6[HTTP/1.1]
13:18:31.228 [Test worker] DEBUG org.eclipse.jetty.util.component.AbstractLifeCycle - stopping ScheduledExecutorScheduler@461b4b25{STARTED}
13:18:31.228 [Test worker] DEBUG org.eclipse.jetty.util.component.AbstractLifeCycle - STOPPED ScheduledExecutorScheduler@461b4b25{STOPPED}
13:18:31.229 [Test worker] INFO org.eclipse.jetty.server.AbstractConnector - Stopped NetworkTrafficServerConnector@5df3dfa0{HTTP/1.1, (http/1.1)}{0.0.0.0:8080}
13:18:31.229 [Test worker] DEBUG org.eclipse.jetty.util.component.AbstractLifeCycle - STOPPED NetworkTrafficServerConnector@5df3dfa0{HTTP/1.1, (http/1.1)}{0.0.0.0:8080}
13:18:31.229 [Test worker] DEBUG org.eclipse.jetty.server.handler.AbstractHandler - stopping Server@1551d457{STOPPING}[9.4.28.v20200408]
13:18:31.229 [Test worker] DEBUG org.eclipse.jetty.util.component.AbstractLifeCycle - stopping ErrorHandler@7b61e96{STARTED}
13:18:31.229 [Test worker] DEBUG org.eclipse.jetty.server.handler.AbstractHandler - stopping ErrorHandler@7b61e96{STOPPING}
13:18:31.229 [Test worker] DEBUG org.eclipse.jetty.util.component.AbstractLifeCycle - STOPPED ErrorHandler@7b61e96{STOPPED}
13:18:31.229 [Test worker] DEBUG org.eclipse.jetty.util.component.AbstractLifeCycle - stopping HandlerCollection@4cc212b8{STARTED}
13:18:31.229 [Test worker] DEBUG org.eclipse.jetty.server.handler.AbstractHandler - stopping HandlerCollection@4cc212b8{STOPPING}
13:18:31.229 [Test worker] DEBUG org.eclipse.jetty.util.component.AbstractLifeCycle - stopping GzipHandler@69acd89a{STARTED,min=32,inflate=-1}
13:18:31.229 [Test worker] DEBUG org.eclipse.jetty.server.handler.AbstractHandler - stopping GzipHandler@69acd89a{STOPPING,min=32,inflate=-1}
13:18:31.229 [Test worker] DEBUG org.eclipse.jetty.util.component.AbstractLifeCycle - stopping o.e.j.s.ServletContextHandler@52601e0c{/,null,SHUTDOWN}
13:18:31.229 [Test worker] DEBUG org.eclipse.jetty.server.handler.AbstractHandler - stopping o.e.j.s.ServletContextHandler@52601e0c{/,null,UNAVAILABLE}
13:18:31.229 [Test worker] DEBUG org.eclipse.jetty.util.component.AbstractLifeCycle - stopping NotFoundHandler@73793946{STARTED}
13:18:31.229 [Test worker] DEBUG org.eclipse.jetty.server.handler.AbstractHandler - stopping NotFoundHandler@73793946{STOPPING}
13:18:31.229 [Test worker] DEBUG org.eclipse.jetty.util.component.AbstractLifeCycle - STOPPED NotFoundHandler@73793946{STOPPED}
13:18:31.229 [Test worker] DEBUG org.eclipse.jetty.util.component.AbstractLifeCycle - stopping ServletHandler@5582b731{STARTED}
13:18:31.229 [Test worker] DEBUG org.eclipse.jetty.server.handler.AbstractHandler - stopping ServletHandler@5582b731{STOPPING}
13:18:31.229 [Test worker] DEBUG org.eclipse.jetty.util.component.AbstractLifeCycle - stopping org.eclipse.jetty.servlets.CrossOriginFilter-76cba62e@76cba62e==org.eclipse.jetty.servlets.CrossOriginFilter,inst=true,async=true
13:18:31.229 [Test worker] DEBUG org.eclipse.jetty.util.component.AbstractLifeCycle - STOPPED org.eclipse.jetty.servlets.CrossOriginFilter-76cba62e@76cba62e==org.eclipse.jetty.servlets.CrossOriginFilter,inst=false,async=true
13:18:31.229 [Test worker] DEBUG org.eclipse.jetty.util.component.AbstractLifeCycle - stopping com.github.tomakehurst.wiremock.servlet.TrailingSlashFilter-75ab203e@75ab203e==com.github.tomakehurst.wiremock.servlet.TrailingSlashFilter,inst=true,async=true
13:18:31.229 [Test worker] DEBUG org.eclipse.jetty.util.component.AbstractLifeCycle - STOPPED com.github.tomakehurst.wiremock.servlet.TrailingSlashFilter-75ab203e@75ab203e==com.github.tomakehurst.wiremock.servlet.TrailingSlashFilter,inst=false,async=true
13:18:31.229 [Test worker] DEBUG org.eclipse.jetty.util.component.AbstractLifeCycle - stopping com.github.tomakehurst.wiremock.servlet.ContentTypeSettingFilter-33023327@33023327==com.github.tomakehurst.wiremock.servlet.ContentTypeSettingFilter,inst=true,async=true
13:18:31.229 [Test worker] DEBUG org.eclipse.jetty.util.component.AbstractLifeCycle - STOPPED com.github.tomakehurst.wiremock.servlet.ContentTypeSettingFilter-33023327@33023327==com.github.tomakehurst.wiremock.servlet.ContentTypeSettingFilter,inst=false,async=true
13:18:31.229 [Test worker] DEBUG org.eclipse.jetty.util.component.AbstractLifeCycle - stopping com.github.tomakehurst.wiremock.servlet.WireMockHandlerDispatchingServlet-6fbd8bde@87c152b==com.github.tomakehurst.wiremock.servlet.WireMockHandlerDispatchingServlet,jsp=null,order=-1,inst=true,async=true
13:18:31.229 [Test worker] DEBUG org.eclipse.jetty.util.component.AbstractLifeCycle - STOPPED com.github.tomakehurst.wiremock.servlet.WireMockHandlerDispatchingServlet-6fbd8bde@87c152b==com.github.tomakehurst.wiremock.servlet.WireMockHandlerDispatchingServlet,jsp=null,order=-1,inst=false,async=true
13:18:31.229 [Test worker] DEBUG org.eclipse.jetty.util.component.AbstractLifeCycle - stopping org.eclipse.jetty.servlet.DefaultServlet-3d7f6203@c0179a3e==org.eclipse.jetty.servlet.DefaultServlet,jsp=null,order=-1,inst=false,async=true
13:18:31.229 [Test worker] DEBUG org.eclipse.jetty.util.component.AbstractLifeCycle - STOPPED org.eclipse.jetty.servlet.DefaultServlet-3d7f6203@c0179a3e==org.eclipse.jetty.servlet.DefaultServlet,jsp=null,order=-1,inst=false,async=true
13:18:31.229 [Test worker] DEBUG org.eclipse.jetty.util.component.AbstractLifeCycle - STOPPED ServletHandler@5582b731{STOPPED}
13:18:31.229 [Test worker] INFO org.eclipse.jetty.server.handler.ContextHandler - Stopped o.e.j.s.ServletContextHandler@52601e0c{/,null,UNAVAILABLE}
13:18:31.229 [Test worker] DEBUG org.eclipse.jetty.util.component.AbstractLifeCycle - STOPPED o.e.j.s.ServletContextHandler@52601e0c{/,null,UNAVAILABLE}
13:18:31.229 [Test worker] DEBUG org.eclipse.jetty.util.component.AbstractLifeCycle - STOPPED GzipHandler@69acd89a{STOPPED,min=32,inflate=-1}
13:18:31.229 [Test worker] DEBUG org.eclipse.jetty.util.component.AbstractLifeCycle - stopping o.e.j.s.ServletContextHandler@130e2bb3{/__admin,null,SHUTDOWN}
13:18:31.229 [Test worker] DEBUG org.eclipse.jetty.server.handler.AbstractHandler - stopping o.e.j.s.ServletContextHandler@130e2bb3{/__admin,null,UNAVAILABLE}
13:18:31.229 [Test worker] DEBUG org.eclipse.jetty.util.component.AbstractLifeCycle - stopping ServletHandler@4c1dc3f3{STARTED}
13:18:31.229 [Test worker] DEBUG org.eclipse.jetty.server.handler.AbstractHandler - stopping ServletHandler@4c1dc3f3{STOPPING}
13:18:31.229 [Test worker] DEBUG org.eclipse.jetty.util.component.AbstractLifeCycle - stopping org.eclipse.jetty.servlets.CrossOriginFilter-70c30ac8@70c30ac8==org.eclipse.jetty.servlets.CrossOriginFilter,inst=true,async=true
13:18:31.230 [Test worker] DEBUG org.eclipse.jetty.util.component.AbstractLifeCycle - STOPPED org.eclipse.jetty.servlets.CrossOriginFilter-70c30ac8@70c30ac8==org.eclipse.jetty.servlets.CrossOriginFilter,inst=false,async=true
13:18:31.230 [Test worker] DEBUG org.eclipse.jetty.util.component.AbstractLifeCycle - stopping com.github.tomakehurst.wiremock.servlet.WireMockHandlerDispatchingServlet-52e3593c@e440ec4d==com.github.tomakehurst.wiremock.servlet.WireMockHandlerDispatchingServlet,jsp=null,order=-1,inst=true,async=true
13:18:31.230 [Test worker] DEBUG org.eclipse.jetty.util.component.AbstractLifeCycle - STOPPED com.github.tomakehurst.wiremock.servlet.WireMockHandlerDispatchingServlet-52e3593c@e440ec4d==com.github.tomakehurst.wiremock.servlet.WireMockHandlerDispatchingServlet,jsp=null,order=-1,inst=false,async=true
13:18:31.230 [Test worker] DEBUG org.eclipse.jetty.util.component.AbstractLifeCycle - stopping org.eclipse.jetty.servlet.DefaultServlet-1d2a5cb4@e786d981==org.eclipse.jetty.servlet.DefaultServlet,jsp=null,order=-1,inst=false,async=true
13:18:31.230 [Test worker] DEBUG org.eclipse.jetty.util.component.AbstractLifeCycle - STOPPED org.eclipse.jetty.servlet.DefaultServlet-1d2a5cb4@e786d981==org.eclipse.jetty.servlet.DefaultServlet,jsp=null,order=-1,inst=false,async=true
13:18:31.230 [Test worker] DEBUG org.eclipse.jetty.util.component.AbstractLifeCycle - stopping org.eclipse.jetty.servlet.DefaultServlet-7f9ba347@ccada7ac==org.eclipse.jetty.servlet.DefaultServlet,jsp=null,order=-1,inst=false,async=true
13:18:31.230 [Test worker] DEBUG org.eclipse.jetty.util.component.AbstractLifeCycle - STOPPED org.eclipse.jetty.servlet.DefaultServlet-7f9ba347@ccada7ac==org.eclipse.jetty.servlet.DefaultServlet,jsp=null,order=-1,inst=false,async=true
13:18:31.230 [Test worker] DEBUG org.eclipse.jetty.util.component.AbstractLifeCycle - STOPPED ServletHandler@4c1dc3f3{STOPPED}
13:18:31.231 [Test worker] INFO org.eclipse.jetty.server.handler.ContextHandler - Stopped o.e.j.s.ServletContextHandler@130e2bb3{/__admin,null,UNAVAILABLE}
13:18:31.231 [Test worker] DEBUG org.eclipse.jetty.util.component.AbstractLifeCycle - STOPPED o.e.j.s.ServletContextHandler@130e2bb3{/__admin,null,UNAVAILABLE}
13:18:31.231 [Test worker] DEBUG org.eclipse.jetty.util.component.AbstractLifeCycle - STOPPED HandlerCollection@4cc212b8{STOPPED}
13:18:31.231 [Test worker] DEBUG org.eclipse.jetty.util.component.AbstractLifeCycle - stopping QueuedThreadPool[qtp158982948]@979e324{STARTED,8<=8<=14,i=5,r=1,q=0}[ReservedThreadExecutor@2a8706d9{s=1/1,p=0}]
13:18:31.231 [Test worker] DEBUG org.eclipse.jetty.util.thread.QueuedThreadPool - Stopping QueuedThreadPool[qtp158982948]@979e324{STOPPING,8<=8<=14,i=5,r=-1,q=0}[ReservedThreadExecutor@2a8706d9{s=1/1,p=0}]
13:18:31.231 [Test worker] DEBUG org.eclipse.jetty.util.component.AbstractLifeCycle - stopping ReservedThreadExecutor@2a8706d9{s=1/1,p=0}
13:18:31.231 [Test worker] DEBUG org.eclipse.jetty.util.thread.ReservedThreadExecutor - ReservedThreadExecutor@2a8706d9{s=0/1,p=0}@132266a2 offer STOP!
13:18:31.231 [Test worker] DEBUG org.eclipse.jetty.util.component.AbstractLifeCycle - STOPPED ReservedThreadExecutor@2a8706d9{s=-1/1,p=0}
13:18:31.231 [Test worker] DEBUG org.eclipse.jetty.util.component.AbstractLifeCycle - STOPPED QueuedThreadPool[qtp158982948]@979e324{STOPPED,8<=0<=14,i=5,r=-1,q=0}[NO_TRY]
13:18:31.231 [Test worker] DEBUG org.eclipse.jetty.util.component.AbstractLifeCycle - STOPPED Server@1551d457{STOPPED}[9.4.28.v20200408]
13:18:31.232 [qtp158982948-55] DEBUG org.eclipse.jetty.util.thread.ReservedThreadExecutor - ReservedThreadExecutor@2a8706d9{s=-1/1,p=0}@132266a2 task=STOP!
13:18:31.232 [qtp158982948-55] DEBUG org.eclipse.jetty.util.thread.ReservedThreadExecutor - ReservedThreadExecutor@2a8706d9{s=-1/1,p=0}@132266a2 Exited
13:18:31.232 [qtp158982948-55] DEBUG org.eclipse.jetty.util.thread.QueuedThreadPool - ran ReservedThreadExecutor@2a8706d9{s=-1/1,p=0}@132266a2 in QueuedThreadPool[qtp158982948]@979e324{STOPPED,8<=0<=14,i=5,r=-1,q=0}[NO_TRY]
13:18:31.232 [qtp158982948-55] DEBUG org.eclipse.jetty.util.thread.QueuedThreadPool - Thread[qtp158982948-55,5,main] exited for QueuedThreadPool[qtp158982948]@979e324{STOPPED,8<=0<=14,i=5,r=-1,q=0}[NO_TRY]
13:18:31.236 [qtp158982948-58] DEBUG org.eclipse.jetty.util.thread.QueuedThreadPool - ran qtp158982948-58-acceptor-1@7cc9e609-NetworkTrafficServerConnector@5df3dfa0{HTTP/1.1, (http/1.1)}{0.0.0.0:8080} in QueuedThreadPool[qtp158982948]@979e324{STOPPED,8<=0<=14,i=5,r=-1,q=0}[NO_TRY]
13:18:31.237 [qtp158982948-58] DEBUG org.eclipse.jetty.util.thread.QueuedThreadPool - Thread[qtp158982948-58,5,main] exited for QueuedThreadPool[qtp158982948]@979e324{STOPPED,8<=0<=14,i=5,r=-1,q=0}[NO_TRY]
13:18:31.237 [qtp158982948-59] DEBUG org.eclipse.jetty.util.thread.QueuedThreadPool - ran qtp158982948-59-acceptor-2@3e256032-NetworkTrafficServerConnector@5df3dfa0{HTTP/1.1, (http/1.1)}{0.0.0.0:8080} in QueuedThreadPool[qtp158982948]@979e324{STOPPED,8<=0<=14,i=5,r=-1,q=0}[NO_TRY]
13:18:31.237 [qtp158982948-59] DEBUG org.eclipse.jetty.util.thread.QueuedThreadPool - Thread[qtp158982948-59,5,main] exited for QueuedThreadPool[qtp158982948]@979e324{STOPPED,8<=0<=14,i=5,r=-1,q=0}[NO_TRY]
13:18:31.238 [Test worker] DEBUG org.eclipse.jetty.util.component.ContainerLifeCycle - Server@39bec851{STOPPED}[9.4.28.v20200408] added {QueuedThreadPool[qtp1108502178]@421266a2{STOPPED,8<=0<=14,i=0,r=-1,q=0}[NO_TRY],AUTO}
13:18:31.238 [Test worker] DEBUG org.eclipse.jetty.util.component.ContainerLifeCycle - HttpConnectionFactory@1f528d4f[HTTP/1.1] added {HttpConfiguration@1d3759f4{32768/8192,8192/8192,https://:0,[]},POJO}
13:18:31.238 [Test worker] DEBUG org.eclipse.jetty.util.component.ContainerLifeCycle - NetworkTrafficServerConnector@4cc10b86{null, ()}{0.0.0.0:0} added {Server@39bec851{STOPPED}[9.4.28.v20200408],UNMANAGED}
13:18:31.238 [Test worker] DEBUG org.eclipse.jetty.util.component.ContainerLifeCycle - NetworkTrafficServerConnector@4cc10b86{null, ()}{0.0.0.0:0} added {QueuedThreadPool[qtp1108502178]@421266a2{STOPPED,8<=0<=14,i=0,r=-1,q=0}[NO_TRY],AUTO}
13:18:31.238 [Test worker] DEBUG org.eclipse.jetty.util.component.ContainerLifeCycle - NetworkTrafficServerConnector@4cc10b86{null, ()}{0.0.0.0:0} added {ScheduledExecutorScheduler@372ae0f{STOPPED},AUTO}
13:18:31.238 [Test worker] DEBUG org.eclipse.jetty.util.component.ContainerLifeCycle - NetworkTrafficServerConnector@4cc10b86{null, ()}{0.0.0.0:0} added {org.eclipse.jetty.io.ArrayByteBufferPool@84173db,POJO}
13:18:31.239 [Test worker] DEBUG org.eclipse.jetty.util.component.ContainerLifeCycle - NetworkTrafficServerConnector@4cc10b86{null, (http/1.1)}{0.0.0.0:0} added {HttpConnectionFactory@1f528d4f[HTTP/1.1],AUTO}
13:18:31.239 [Test worker] DEBUG org.eclipse.jetty.server.AbstractConnector - NetworkTrafficServerConnector@4cc10b86{HTTP/1.1, (http/1.1)}{0.0.0.0:0} added HttpConnectionFactory@1f528d4f[HTTP/1.1]
13:18:31.239 [Test worker] DEBUG org.eclipse.jetty.util.component.ContainerLifeCycle - NetworkTrafficServerConnector@4cc10b86{HTTP/1.1, (http/1.1)}{0.0.0.0:0} added {SelectorManager@NetworkTrafficServerConnector@4cc10b86{HTTP/1.1, (http/1.1)}{0.0.0.0:0},MANAGED}
13:18:31.239 [Test worker] DEBUG org.eclipse.jetty.util.component.ContainerLifeCycle - Server@39bec851{STOPPED}[9.4.28.v20200408] added {NetworkTrafficServerConnector@4cc10b86{HTTP/1.1, (http/1.1)}{0.0.0.0:8080},AUTO}
13:18:31.240 [Test worker] DEBUG org.eclipse.jetty.util.component.ContainerLifeCycle - Server@39bec851{STOPPED}[9.4.28.v20200408] added {o.e.j.s.ServletContextHandler@2f1e63de{/__admin,null,UNAVAILABLE},MANAGED}
13:18:31.240 [Test worker] DEBUG org.eclipse.jetty.util.DecoratedObjectFactory - Adding Decorator: org.eclipse.jetty.util.DeprecationWarning@6b47c080
13:18:31.240 [Test worker] DEBUG org.eclipse.jetty.util.component.ContainerLifeCycle - o.e.j.s.ServletContextHandler@2f1e63de{/__admin,null,UNAVAILABLE} added {ServletHandler@7d530931{STOPPED},MANAGED}
13:18:31.241 [Test worker] DEBUG org.eclipse.jetty.util.component.ContainerLifeCycle - Server@39bec851{STOPPED}[9.4.28.v20200408] added {o.e.j.s.ServletContextHandler@1727dcb3{/,null,UNAVAILABLE},MANAGED}
13:18:31.241 [Test worker] DEBUG org.eclipse.jetty.util.DecoratedObjectFactory - Adding Decorator: org.eclipse.jetty.util.DeprecationWarning@2a3a38f6
13:18:31.241 [Test worker] DEBUG org.eclipse.jetty.util.component.ContainerLifeCycle - o.e.j.s.ServletContextHandler@1727dcb3{/,null,UNAVAILABLE} added {ServletHandler@7668b24d{STOPPED},MANAGED}
13:18:31.242 [Test worker] DEBUG org.eclipse.jetty.util.component.ContainerLifeCycle - o.e.j.s.ServletContextHandler@1727dcb3{/,null,UNAVAILABLE} added {NotFoundHandler@619b45c5{STOPPED},MANAGED}
13:18:31.242 [Test worker] DEBUG org.eclipse.jetty.util.component.ContainerLifeCycle - HandlerCollection@1c46823c{STOPPED} added {o.e.j.s.ServletContextHandler@2f1e63de{/__admin,null,UNAVAILABLE},AUTO}
13:18:31.244 [Test worker] DEBUG org.eclipse.jetty.http.pathmap.PathMappings - Added MappedResource[pathSpec=ServletPathSpec["*.svgz",pathDepth=0,group=SUFFIX_GLOB],resource=true] to PathMappings[size=1]
13:18:31.244 [Test worker] DEBUG org.eclipse.jetty.server.handler.gzip.GzipHandler - GzipHandler@5d9ee9b4{STOPPED,min=32,inflate=-1} mime types IncludeExclude@44154ddb{i=[],ip=CONTAINS,e=[image/ief, image/vnd.wap.wbmp, image/jpeg, application/bzip2, image/x-portable-graymap, application/brotli, image/bmp, image/gif, image/x-icon, audio/midi, video/x-msvideo, image/x-xbitmap, application/x-rar-compressed, image/x-portable-bitmap, image/x-rgb, image/x-cmu-raster, application/gzip, audio/x-wav, audio/x-pn-realaudio, audio/basic, application/compress, audio/x-aiff, video/x.ms.asx, video/x.ms.asf, image/png, video/vnd.rn-realvideo, image/x-xwindowdump, image/jpeg2000, video/x-sgi-movie, audio/mpeg, image/xcf, video/mpeg, image/x-portable-pixmap, image/tiff, image/x-portable-anymap, image/x-xpixmap, application/zip, video/quicktime, application/x-xz, video/mp4],ep=CONTAINS}
13:18:31.245 [Test worker] DEBUG org.eclipse.jetty.util.component.ContainerLifeCycle - GzipHandler@5d9ee9b4{STOPPED,min=32,inflate=-1} added {o.e.j.s.ServletContextHandler@1727dcb3{/,null,UNAVAILABLE},MANAGED}
13:18:31.245 [Test worker] DEBUG org.eclipse.jetty.util.component.ContainerLifeCycle - HandlerCollection@1c46823c{STOPPED} added {GzipHandler@5d9ee9b4{STOPPED,min=32,inflate=-1},AUTO}
13:18:31.245 [Test worker] DEBUG org.eclipse.jetty.util.component.ContainerLifeCycle - Server@39bec851{STOPPED}[9.4.28.v20200408] added {HandlerCollection@1c46823c{STOPPED},MANAGED}
13:18:31.245 [Test worker] DEBUG org.eclipse.jetty.util.component.AbstractLifeCycle - starting Server@39bec851{STOPPED}[9.4.28.v20200408]
13:18:31.245 [Test worker] DEBUG org.eclipse.jetty.util.component.ContainerLifeCycle - Server@39bec851{STARTING}[9.4.28.v20200408] added {ErrorHandler@21cb5892{STOPPED},AUTO}
13:18:31.245 [Test worker] INFO org.eclipse.jetty.server.Server - jetty-9.4.28.v20200408; built: 2020-04-08T17:49:39.557Z; git: ab228fde9e55e9164c738d7fa121f8ac5acd51c9; jvm 11.0.2+9
13:18:31.245 [Test worker] DEBUG org.eclipse.jetty.server.handler.AbstractHandler - starting Server@39bec851{STARTING}[9.4.28.v20200408]
13:18:31.245 [Test worker] DEBUG org.eclipse.jetty.util.component.AbstractLifeCycle - starting QueuedThreadPool[qtp1108502178]@421266a2{STOPPED,8<=0<=14,i=0,r=-1,q=0}[NO_TRY]
13:18:31.245 [Test worker] DEBUG org.eclipse.jetty.util.thread.ReservedThreadExecutor - ReservedThreadExecutor@93479f5{s=0/1,p=0}
13:18:31.245 [Test worker] DEBUG org.eclipse.jetty.util.component.ContainerLifeCycle - QueuedThreadPool[qtp1108502178]@421266a2{STARTING,8<=0<=14,i=0,r=-1,q=0}[ReservedThreadExecutor@93479f5{s=0/1,p=0}] added {ReservedThreadExecutor@93479f5{s=0/1,p=0},AUTO}
13:18:31.245 [Test worker] DEBUG org.eclipse.jetty.util.component.AbstractLifeCycle - starting ReservedThreadExecutor@93479f5{s=0/1,p=0}
13:18:31.245 [Test worker] DEBUG org.eclipse.jetty.util.component.AbstractLifeCycle - STARTED @62805ms ReservedThreadExecutor@93479f5{s=0/1,p=0}
13:18:31.246 [Test worker] DEBUG org.eclipse.jetty.util.thread.QueuedThreadPool - Starting Thread[qtp1108502178-64,5,main]
13:18:31.249 [Test worker] DEBUG org.eclipse.jetty.util.thread.QueuedThreadPool - Starting Thread[qtp1108502178-65,5,main]
13:18:31.249 [Test worker] DEBUG org.eclipse.jetty.util.thread.QueuedThreadPool - Starting Thread[qtp1108502178-66,5,main]
13:18:31.250 [Test worker] DEBUG org.eclipse.jetty.util.thread.QueuedThreadPool - Starting Thread[qtp1108502178-67,5,main]
13:18:31.250 [Test worker] DEBUG org.eclipse.jetty.util.thread.QueuedThreadPool - Starting Thread[qtp1108502178-68,5,main]
13:18:31.250 [Test worker] DEBUG org.eclipse.jetty.util.thread.QueuedThreadPool - Starting Thread[qtp1108502178-69,5,main]
13:18:31.250 [Test worker] DEBUG org.eclipse.jetty.util.thread.QueuedThreadPool - Starting Thread[qtp1108502178-70,5,main]
13:18:31.251 [Test worker] DEBUG org.eclipse.jetty.util.thread.QueuedThreadPool - Starting Thread[qtp1108502178-71,5,main]
13:18:31.251 [Test worker] DEBUG org.eclipse.jetty.util.component.AbstractLifeCycle - STARTED @62810ms QueuedThreadPool[qtp1108502178]@421266a2{STARTED,8<=8<=14,i=8,r=1,q=0}[ReservedThreadExecutor@93479f5{s=0/1,p=0}]
13:18:31.251 [Test worker] DEBUG org.eclipse.jetty.util.component.AbstractLifeCycle - starting HandlerCollection@1c46823c{STOPPED}
13:18:31.251 [Test worker] DEBUG org.eclipse.jetty.server.handler.AbstractHandler - starting HandlerCollection@1c46823c{STARTING}
13:18:31.251 [Test worker] DEBUG org.eclipse.jetty.util.component.AbstractLifeCycle - starting o.e.j.s.ServletContextHandler@2f1e63de{/__admin,null,UNAVAILABLE}
13:18:31.251 [Test worker] DEBUG org.eclipse.jetty.server.handler.AbstractHandler - starting o.e.j.s.ServletContextHandler@2f1e63de{/__admin,null,STARTING}
13:18:31.251 [Test worker] DEBUG org.eclipse.jetty.util.component.AbstractLifeCycle - starting ServletHandler@7d530931{STOPPED}
13:18:31.251 [Test worker] DEBUG org.eclipse.jetty.servlet.ServletHandler - Path=/recorder/*[EMBEDDED:null] mapped to servlet=org.eclipse.jetty.servlet.DefaultServlet-22d3fe67[EMBEDDED:null]
13:18:31.251 [Test worker] DEBUG org.eclipse.jetty.http.pathmap.PathMappings - Added MappedResource[pathSpec=ServletPathSpec["/recorder/*",pathDepth=2,group=PREFIX_GLOB],resource=org.eclipse.jetty.servlet.DefaultServlet-22d3fe67@4d50d1ee==org.eclipse.jetty.servlet.DefaultServlet,jsp=null,order=-1,inst=false,async=true] to PathMappings[size=1]
13:18:31.251 [Test worker] DEBUG org.eclipse.jetty.servlet.ServletHandler - Path=/swagger-ui/*[EMBEDDED:null] mapped to servlet=org.eclipse.jetty.servlet.DefaultServlet-7e0f62eb[EMBEDDED:null]
13:18:31.251 [Test worker] DEBUG org.eclipse.jetty.http.pathmap.PathMappings - Added MappedResource[pathSpec=ServletPathSpec["/swagger-ui/*",pathDepth=2,group=PREFIX_GLOB],resource=org.eclipse.jetty.servlet.DefaultServlet-7e0f62eb@8890a33c==org.eclipse.jetty.servlet.DefaultServlet,jsp=null,order=-1,inst=false,async=true] to PathMappings[size=2]
13:18:31.251 [Test worker] DEBUG org.eclipse.jetty.servlet.ServletHandler - Path=/[EMBEDDED:null] mapped to servlet=com.github.tomakehurst.wiremock.servlet.WireMockHandlerDispatchingServlet-7745697d[EMBEDDED:null]
13:18:31.252 [Test worker] DEBUG org.eclipse.jetty.http.pathmap.PathMappings - Added MappedResource[pathSpec=ServletPathSpec["/",pathDepth=-1,group=DEFAULT],resource=com.github.tomakehurst.wiremock.servlet.WireMockHandlerDispatchingServlet-7745697d@69019bbf==com.github.tomakehurst.wiremock.servlet.WireMockHandlerDispatchingServlet,jsp=null,order=-1,inst=false,async=true] to PathMappings[size=3]
13:18:31.252 [Test worker] DEBUG org.eclipse.jetty.servlet.ServletHandler - filterNameMap={org.eclipse.jetty.servlets.CrossOriginFilter-123afc25=org.eclipse.jetty.servlets.CrossOriginFilter-123afc25@123afc25==org.eclipse.jetty.servlets.CrossOriginFilter,inst=false,async=true}
13:18:31.252 [Test worker] DEBUG org.eclipse.jetty.servlet.ServletHandler - pathFilters=[[/*]/[]/[REQUEST]=>org.eclipse.jetty.servlets.CrossOriginFilter-123afc25]
13:18:31.252 [Test worker] DEBUG org.eclipse.jetty.servlet.ServletHandler - servletFilterMap={}
13:18:31.252 [Test worker] DEBUG org.eclipse.jetty.servlet.ServletHandler - servletPathMap=PathMappings[size=3]
13:18:31.252 [Test worker] DEBUG org.eclipse.jetty.servlet.ServletHandler - servletNameMap={org.eclipse.jetty.servlet.DefaultServlet-7e0f62eb=org.eclipse.jetty.servlet.DefaultServlet-7e0f62eb@8890a33c==org.eclipse.jetty.servlet.DefaultServlet,jsp=null,order=-1,inst=false,async=true, org.eclipse.jetty.servlet.DefaultServlet-22d3fe67=org.eclipse.jetty.servlet.DefaultServlet-22d3fe67@4d50d1ee==org.eclipse.jetty.servlet.DefaultServlet,jsp=null,order=-1,inst=false,async=true, com.github.tomakehurst.wiremock.servlet.WireMockHandlerDispatchingServlet-7745697d=com.github.tomakehurst.wiremock.servlet.WireMockHandlerDispatchingServlet-7745697d@69019bbf==com.github.tomakehurst.wiremock.servlet.WireMockHandlerDispatchingServlet,jsp=null,order=-1,inst=false,async=true}
13:18:31.252 [Test worker] DEBUG org.eclipse.jetty.server.handler.AbstractHandler - starting ServletHandler@7d530931{STARTING}
13:18:31.252 [Test worker] DEBUG org.eclipse.jetty.util.component.AbstractLifeCycle - STARTED @62811ms ServletHandler@7d530931{STARTED}
13:18:31.252 [Test worker] DEBUG org.eclipse.jetty.util.component.AbstractLifeCycle - starting org.eclipse.jetty.servlets.CrossOriginFilter-123afc25@123afc25==org.eclipse.jetty.servlets.CrossOriginFilter,inst=false,async=true
13:18:31.252 [Test worker] DEBUG org.eclipse.jetty.util.component.AbstractLifeCycle - STARTED @62811ms org.eclipse.jetty.servlets.CrossOriginFilter-123afc25@123afc25==org.eclipse.jetty.servlets.CrossOriginFilter,inst=false,async=true
13:18:31.252 [Test worker] DEBUG org.eclipse.jetty.servlet.FilterHolder - Filter.init org.eclipse.jetty.servlets.CrossOriginFilter@4700d1a2
13:18:31.252 [Test worker] DEBUG org.eclipse.jetty.servlets.CrossOriginFilter - Cross-origin filter configuration: allowedOrigins = *, allowedTimingOrigins = null, allowedMethods = OPTIONS,GET,POST,PUT,PATCH,DELETE, allowedHeaders = *, preflightMaxAge = 1800, allowCredentials = true,exposedHeaders = ,chainPreflight = false
13:18:31.252 [Test worker] DEBUG org.eclipse.jetty.util.component.AbstractLifeCycle - starting com.github.tomakehurst.wiremock.servlet.WireMockHandlerDispatchingServlet-7745697d@69019bbf==com.github.tomakehurst.wiremock.servlet.WireMockHandlerDispatchingServlet,jsp=null,order=-1,inst=false,async=true
13:18:31.252 [Test worker] DEBUG org.eclipse.jetty.util.component.AbstractLifeCycle - STARTED @62812ms com.github.tomakehurst.wiremock.servlet.WireMockHandlerDispatchingServlet-7745697d@69019bbf==com.github.tomakehurst.wiremock.servlet.WireMockHandlerDispatchingServlet,jsp=null,order=-1,inst=false,async=true
13:18:31.252 [Test worker] DEBUG org.eclipse.jetty.util.component.AbstractLifeCycle - starting org.eclipse.jetty.servlet.DefaultServlet-22d3fe67@4d50d1ee==org.eclipse.jetty.servlet.DefaultServlet,jsp=null,order=-1,inst=false,async=true
13:18:31.252 [Test worker] DEBUG org.eclipse.jetty.util.component.AbstractLifeCycle - STARTED @62812ms org.eclipse.jetty.servlet.DefaultServlet-22d3fe67@4d50d1ee==org.eclipse.jetty.servlet.DefaultServlet,jsp=null,order=-1,inst=false,async=true
13:18:31.252 [Test worker] DEBUG org.eclipse.jetty.util.component.AbstractLifeCycle - starting org.eclipse.jetty.servlet.DefaultServlet-7e0f62eb@8890a33c==org.eclipse.jetty.servlet.DefaultServlet,jsp=null,order=-1,inst=false,async=true
13:18:31.252 [Test worker] DEBUG org.eclipse.jetty.util.component.AbstractLifeCycle - STARTED @62812ms org.eclipse.jetty.servlet.DefaultServlet-7e0f62eb@8890a33c==org.eclipse.jetty.servlet.DefaultServlet,jsp=null,order=-1,inst=false,async=true
13:18:31.253 [Test worker] INFO org.eclipse.jetty.server.handler.ContextHandler - Started o.e.j.s.ServletContextHandler@2f1e63de{/__admin,null,AVAILABLE}
13:18:31.253 [Test worker] DEBUG org.eclipse.jetty.util.component.AbstractLifeCycle - STARTED @62812ms o.e.j.s.ServletContextHandler@2f1e63de{/__admin,null,AVAILABLE}
13:18:31.253 [Test worker] DEBUG org.eclipse.jetty.util.component.AbstractLifeCycle - starting GzipHandler@5d9ee9b4{STOPPED,min=32,inflate=-1}
13:18:31.253 [Test worker] DEBUG org.eclipse.jetty.server.handler.AbstractHandler - starting GzipHandler@5d9ee9b4{STARTING,min=32,inflate=-1}
13:18:31.253 [Test worker] DEBUG org.eclipse.jetty.util.component.AbstractLifeCycle - starting o.e.j.s.ServletContextHandler@1727dcb3{/,null,UNAVAILABLE}
13:18:31.253 [Test worker] DEBUG org.eclipse.jetty.server.handler.AbstractHandler - starting o.e.j.s.ServletContextHandler@1727dcb3{/,null,STARTING}
13:18:31.253 [Test worker] DEBUG org.eclipse.jetty.util.component.AbstractLifeCycle - starting ServletHandler@7668b24d{STOPPED}
13:18:31.253 [Test worker] DEBUG org.eclipse.jetty.servlet.ServletHandler - Path=/__files/*[EMBEDDED:null] mapped to servlet=org.eclipse.jetty.servlet.DefaultServlet-3376b371[EMBEDDED:null]
13:18:31.253 [Test worker] DEBUG org.eclipse.jetty.http.pathmap.PathMappings - Added MappedResource[pathSpec=ServletPathSpec["/__files/*",pathDepth=2,group=PREFIX_GLOB],resource=org.eclipse.jetty.servlet.DefaultServlet-3376b371@9d75df89==org.eclipse.jetty.servlet.DefaultServlet,jsp=null,order=-1,inst=false,async=true] to PathMappings[size=1]
13:18:31.253 [Test worker] DEBUG org.eclipse.jetty.servlet.ServletHandler - Path=/[EMBEDDED:null] mapped to servlet=com.github.tomakehurst.wiremock.servlet.WireMockHandlerDispatchingServlet-1a9d23e8[EMBEDDED:null]
13:18:31.253 [Test worker] DEBUG org.eclipse.jetty.http.pathmap.PathMappings - Added MappedResource[pathSpec=ServletPathSpec["/",pathDepth=-1,group=DEFAULT],resource=com.github.tomakehurst.wiremock.servlet.WireMockHandlerDispatchingServlet-1a9d23e8@b29cf05d==com.github.tomakehurst.wiremock.servlet.WireMockHandlerDispatchingServlet,jsp=null,order=-1,inst=false,async=true] to PathMappings[size=2]
13:18:31.253 [Test worker] DEBUG org.eclipse.jetty.servlet.ServletHandler - filterNameMap={com.github.tomakehurst.wiremock.servlet.ContentTypeSettingFilter-52526961=com.github.tomakehurst.wiremock.servlet.ContentTypeSettingFilter-52526961@52526961==com.github.tomakehurst.wiremock.servlet.ContentTypeSettingFilter,inst=false,async=true, com.github.tomakehurst.wiremock.servlet.TrailingSlashFilter-54b9b561=com.github.tomakehurst.wiremock.servlet.TrailingSlashFilter-54b9b561@54b9b561==com.github.tomakehurst.wiremock.servlet.TrailingSlashFilter,inst=false,async=true, org.eclipse.jetty.servlets.CrossOriginFilter-27485e7d=org.eclipse.jetty.servlets.CrossOriginFilter-27485e7d@27485e7d==org.eclipse.jetty.servlets.CrossOriginFilter,inst=false,async=true}
13:18:31.253 [Test worker] DEBUG org.eclipse.jetty.servlet.ServletHandler - pathFilters=[[/__files/*]/[]/[FORWARD]=>com.github.tomakehurst.wiremock.servlet.ContentTypeSettingFilter-52526961, [/__files/*]/[]/[FORWARD, ERROR, INCLUDE, REQUEST, ASYNC]=>com.github.tomakehurst.wiremock.servlet.TrailingSlashFilter-54b9b561, [/*]/[]/[REQUEST]=>org.eclipse.jetty.servlets.CrossOriginFilter-27485e7d]
13:18:31.253 [Test worker] DEBUG org.eclipse.jetty.servlet.ServletHandler - servletFilterMap={}
13:18:31.253 [Test worker] DEBUG org.eclipse.jetty.servlet.ServletHandler - servletPathMap=PathMappings[size=2]
13:18:31.253 [Test worker] DEBUG org.eclipse.jetty.servlet.ServletHandler - servletNameMap={com.github.tomakehurst.wiremock.servlet.WireMockHandlerDispatchingServlet-1a9d23e8=com.github.tomakehurst.wiremock.servlet.WireMockHandlerDispatchingServlet-1a9d23e8@b29cf05d==com.github.tomakehurst.wiremock.servlet.WireMockHandlerDispatchingServlet,jsp=null,order=-1,inst=false,async=true, org.eclipse.jetty.servlet.DefaultServlet-3376b371=org.eclipse.jetty.servlet.DefaultServlet-3376b371@9d75df89==org.eclipse.jetty.servlet.DefaultServlet,jsp=null,order=-1,inst=false,async=true}
13:18:31.253 [Test worker] DEBUG org.eclipse.jetty.server.handler.AbstractHandler - starting ServletHandler@7668b24d{STARTING}
13:18:31.254 [Test worker] DEBUG org.eclipse.jetty.util.component.AbstractLifeCycle - STARTED @62813ms ServletHandler@7668b24d{STARTED}
13:18:31.254 [Test worker] DEBUG org.eclipse.jetty.util.component.AbstractLifeCycle - starting NotFoundHandler@619b45c5{STOPPED}
13:18:31.254 [Test worker] DEBUG org.eclipse.jetty.server.handler.AbstractHandler - starting NotFoundHandler@619b45c5{STARTING}
13:18:31.254 [Test worker] DEBUG org.eclipse.jetty.util.component.AbstractLifeCycle - STARTED @62813ms NotFoundHandler@619b45c5{STARTED}
13:18:31.254 [Test worker] DEBUG org.eclipse.jetty.util.component.AbstractLifeCycle - starting com.github.tomakehurst.wiremock.servlet.ContentTypeSettingFilter-52526961@52526961==com.github.tomakehurst.wiremock.servlet.ContentTypeSettingFilter,inst=false,async=true
13:18:31.254 [Test worker] DEBUG org.eclipse.jetty.util.component.AbstractLifeCycle - STARTED @62813ms com.github.tomakehurst.wiremock.servlet.ContentTypeSettingFilter-52526961@52526961==com.github.tomakehurst.wiremock.servlet.ContentTypeSettingFilter,inst=false,async=true
13:18:31.254 [Test worker] DEBUG org.eclipse.jetty.servlet.FilterHolder - Filter.init com.github.tomakehurst.wiremock.servlet.ContentTypeSettingFilter@5dc98f39
13:18:31.254 [Test worker] DEBUG org.eclipse.jetty.util.component.AbstractLifeCycle - starting com.github.tomakehurst.wiremock.servlet.TrailingSlashFilter-54b9b561@54b9b561==com.github.tomakehurst.wiremock.servlet.TrailingSlashFilter,inst=false,async=true
13:18:31.254 [Test worker] DEBUG org.eclipse.jetty.util.component.AbstractLifeCycle - STARTED @62813ms com.github.tomakehurst.wiremock.servlet.TrailingSlashFilter-54b9b561@54b9b561==com.github.tomakehurst.wiremock.servlet.TrailingSlashFilter,inst=false,async=true
13:18:31.254 [Test worker] DEBUG org.eclipse.jetty.servlet.FilterHolder - Filter.init com.github.tomakehurst.wiremock.servlet.TrailingSlashFilter@4b752524
13:18:31.254 [Test worker] DEBUG org.eclipse.jetty.util.component.AbstractLifeCycle - starting org.eclipse.jetty.servlets.CrossOriginFilter-27485e7d@27485e7d==org.eclipse.jetty.servlets.CrossOriginFilter,inst=false,async=true
13:18:31.254 [Test worker] DEBUG org.eclipse.jetty.util.component.AbstractLifeCycle - STARTED @62813ms org.eclipse.jetty.servlets.CrossOriginFilter-27485e7d@27485e7d==org.eclipse.jetty.servlets.CrossOriginFilter,inst=false,async=true
13:18:31.254 [Test worker] DEBUG org.eclipse.jetty.servlet.FilterHolder - Filter.init org.eclipse.jetty.servlets.CrossOriginFilter@5ee45585
13:18:31.254 [Test worker] DEBUG org.eclipse.jetty.servlets.CrossOriginFilter - Cross-origin filter configuration: allowedOrigins = *, allowedTimingOrigins = null, allowedMethods = OPTIONS,GET,POST,PUT,PATCH,DELETE, allowedHeaders = *, preflightMaxAge = 1800, allowCredentials = true,exposedHeaders = ,chainPreflight = false
13:18:31.254 [Test worker] DEBUG org.eclipse.jetty.util.component.AbstractLifeCycle - starting com.github.tomakehurst.wiremock.servlet.WireMockHandlerDispatchingServlet-1a9d23e8@b29cf05d==com.github.tomakehurst.wiremock.servlet.WireMockHandlerDispatchingServlet,jsp=null,order=-1,inst=false,async=true
13:18:31.254 [Test worker] DEBUG org.eclipse.jetty.util.component.AbstractLifeCycle - STARTED @62814ms com.github.tomakehurst.wiremock.servlet.WireMockHandlerDispatchingServlet-1a9d23e8@b29cf05d==com.github.tomakehurst.wiremock.servlet.WireMockHandlerDispatchingServlet,jsp=null,order=-1,inst=false,async=true
13:18:31.254 [Test worker] DEBUG org.eclipse.jetty.util.component.AbstractLifeCycle - starting org.eclipse.jetty.servlet.DefaultServlet-3376b371@9d75df89==org.eclipse.jetty.servlet.DefaultServlet,jsp=null,order=-1,inst=false,async=true
13:18:31.254 [Test worker] DEBUG org.eclipse.jetty.util.component.AbstractLifeCycle - STARTED @62814ms org.eclipse.jetty.servlet.DefaultServlet-3376b371@9d75df89==org.eclipse.jetty.servlet.DefaultServlet,jsp=null,order=-1,inst=false,async=true
13:18:31.254 [Test worker] INFO org.eclipse.jetty.server.handler.ContextHandler - Started o.e.j.s.ServletContextHandler@1727dcb3{/,null,AVAILABLE}
13:18:31.254 [Test worker] DEBUG org.eclipse.jetty.util.component.AbstractLifeCycle - STARTED @62814ms o.e.j.s.ServletContextHandler@1727dcb3{/,null,AVAILABLE}
13:18:31.254 [Test worker] DEBUG org.eclipse.jetty.util.component.AbstractLifeCycle - STARTED @62814ms GzipHandler@5d9ee9b4{STARTED,min=32,inflate=-1}
13:18:31.254 [Test worker] DEBUG org.eclipse.jetty.util.component.AbstractLifeCycle - STARTED @62814ms HandlerCollection@1c46823c{STARTED}
13:18:31.254 [Test worker] DEBUG org.eclipse.jetty.util.component.AbstractLifeCycle - starting ErrorHandler@21cb5892{STOPPED}
13:18:31.254 [Test worker] DEBUG org.eclipse.jetty.server.handler.AbstractHandler - starting ErrorHandler@21cb5892{STARTING}
13:18:31.254 [Test worker] DEBUG org.eclipse.jetty.util.component.AbstractLifeCycle - STARTED @62814ms ErrorHandler@21cb5892{STARTED}
13:18:31.255 [Test worker] DEBUG org.eclipse.jetty.util.component.AbstractLifeCycle - starting NetworkTrafficServerConnector@4cc10b86{HTTP/1.1, (http/1.1)}{0.0.0.0:8080}
13:18:31.255 [Test worker] DEBUG org.eclipse.jetty.util.component.ContainerLifeCycle - NetworkTrafficServerConnector@4cc10b86{HTTP/1.1, (http/1.1)}{0.0.0.0:8080} added {sun.nio.ch.ServerSocketChannelImpl[/0:0:0:0:0:0:0:0:8080],POJO}
13:18:31.255 [Test worker] DEBUG org.eclipse.jetty.util.component.AbstractLifeCycle - starting ScheduledExecutorScheduler@372ae0f{STOPPED}
13:18:31.255 [Test worker] DEBUG org.eclipse.jetty.util.component.AbstractLifeCycle - STARTED @62815ms ScheduledExecutorScheduler@372ae0f{STARTED}
13:18:31.255 [Test worker] DEBUG org.eclipse.jetty.util.component.AbstractLifeCycle - starting HttpConnectionFactory@1f528d4f[HTTP/1.1]
13:18:31.255 [Test worker] DEBUG org.eclipse.jetty.util.component.AbstractLifeCycle - STARTED @62815ms HttpConnectionFactory@1f528d4f[HTTP/1.1]
13:18:31.255 [Test worker] DEBUG org.eclipse.jetty.util.component.AbstractLifeCycle - starting SelectorManager@NetworkTrafficServerConnector@4cc10b86{HTTP/1.1, (http/1.1)}{0.0.0.0:8080}
13:18:31.256 [Test worker] DEBUG org.eclipse.jetty.util.component.ContainerLifeCycle - EatWhatYouKill@1f28123a/SelectorProducer@e09e6a1/IDLE/p=false/QueuedThreadPool[qtp1108502178]@421266a2{STARTED,8<=8<=14,i=8,r=1,q=0}[ReservedThreadExecutor@93479f5{s=0/1,p=0}][pc=0,pic=0,pec=0,epc=0]@2020-09-25T13:18:31.2568794+02:00 added {SelectorProducer@e09e6a1,POJO}
13:18:31.256 [Test worker] DEBUG org.eclipse.jetty.util.component.ContainerLifeCycle - EatWhatYouKill@1f28123a/SelectorProducer@e09e6a1/IDLE/p=false/QueuedThreadPool[qtp1108502178]@421266a2{STARTED,8<=8<=14,i=8,r=1,q=0}[ReservedThreadExecutor@93479f5{s=0/1,p=0}][pc=0,pic=0,pec=0,epc=0]@2020-09-25T13:18:31.2568794+02:00 added {QueuedThreadPool[qtp1108502178]@421266a2{STARTED,8<=8<=14,i=8,r=1,q=0}[ReservedThreadExecutor@93479f5{s=0/1,p=0}],UNMANAGED}
13:18:31.257 [Test worker] DEBUG org.eclipse.jetty.util.thread.strategy.EatWhatYouKill - EatWhatYouKill@1f28123a/SelectorProducer@e09e6a1/IDLE/p=false/QueuedThreadPool[qtp1108502178]@421266a2{STARTED,8<=8<=14,i=8,r=1,q=0}[ReservedThreadExecutor@93479f5{s=0/1,p=0}][pc=0,pic=0,pec=0,epc=0]@2020-09-25T13:18:31.2578764+02:00 created
13:18:31.257 [Test worker] DEBUG org.eclipse.jetty.util.component.ContainerLifeCycle - ManagedSelector@6cb7ae41{STOPPED} id=0 keys=-1 selected=-1 updates=0 added {EatWhatYouKill@1f28123a/SelectorProducer@e09e6a1/IDLE/p=false/QueuedThreadPool[qtp1108502178]@421266a2{STARTED,8<=8<=14,i=8,r=1,q=0}[ReservedThreadExecutor@93479f5{s=0/1,p=0}][pc=0,pic=0,pec=0,epc=0]@2020-09-25T13:18:31.2578764+02:00,MANAGED}
13:18:31.257 [Test worker] DEBUG org.eclipse.jetty.util.component.ContainerLifeCycle - SelectorManager@NetworkTrafficServerConnector@4cc10b86{HTTP/1.1, (http/1.1)}{0.0.0.0:8080} added {ManagedSelector@6cb7ae41{STOPPED} id=0 keys=-1 selected=-1 updates=0,AUTO}
13:18:31.257 [Test worker] DEBUG org.eclipse.jetty.util.component.ContainerLifeCycle - EatWhatYouKill@1083962f/SelectorProducer@4f65efc7/IDLE/p=false/QueuedThreadPool[qtp1108502178]@421266a2{STARTED,8<=8<=14,i=8,r=1,q=0}[ReservedThreadExecutor@93479f5{s=0/1,p=0}][pc=0,pic=0,pec=0,epc=0]@2020-09-25T13:18:31.2578764+02:00 added {SelectorProducer@4f65efc7,POJO}
13:18:31.258 [Test worker] DEBUG org.eclipse.jetty.util.component.ContainerLifeCycle - EatWhatYouKill@1083962f/SelectorProducer@4f65efc7/IDLE/p=false/QueuedThreadPool[qtp1108502178]@421266a2{STARTED,8<=8<=14,i=8,r=1,q=0}[ReservedThreadExecutor@93479f5{s=0/1,p=0}][pc=0,pic=0,pec=0,epc=0]@2020-09-25T13:18:31.2578764+02:00 added {QueuedThreadPool[qtp1108502178]@421266a2{STARTED,8<=8<=14,i=8,r=1,q=0}[ReservedThreadExecutor@93479f5{s=0/1,p=0}],UNMANAGED}
13:18:31.258 [Test worker] DEBUG org.eclipse.jetty.util.thread.strategy.EatWhatYouKill - EatWhatYouKill@1083962f/SelectorProducer@4f65efc7/IDLE/p=false/QueuedThreadPool[qtp1108502178]@421266a2{STARTED,8<=8<=14,i=8,r=1,q=0}[ReservedThreadExecutor@93479f5{s=0/1,p=0}][pc=0,pic=0,pec=0,epc=0]@2020-09-25T13:18:31.2588792+02:00 created
13:18:31.258 [Test worker] DEBUG org.eclipse.jetty.util.component.ContainerLifeCycle - ManagedSelector@e983464{STOPPED} id=1 keys=-1 selected=-1 updates=0 added {EatWhatYouKill@1083962f/SelectorProducer@4f65efc7/IDLE/p=false/QueuedThreadPool[qtp1108502178]@421266a2{STARTED,8<=8<=14,i=8,r=1,q=0}[ReservedThreadExecutor@93479f5{s=0/1,p=0}][pc=0,pic=0,pec=0,epc=0]@2020-09-25T13:18:31.2588792+02:00,MANAGED}
13:18:31.258 [Test worker] DEBUG org.eclipse.jetty.util.component.ContainerLifeCycle - SelectorManager@NetworkTrafficServerConnector@4cc10b86{HTTP/1.1, (http/1.1)}{0.0.0.0:8080} added {ManagedSelector@e983464{STOPPED} id=1 keys=-1 selected=-1 updates=0,AUTO}
13:18:31.258 [Test worker] DEBUG org.eclipse.jetty.util.component.AbstractLifeCycle - starting ManagedSelector@6cb7ae41{STOPPED} id=0 keys=-1 selected=-1 updates=0
13:18:31.258 [Test worker] DEBUG org.eclipse.jetty.util.component.AbstractLifeCycle - starting EatWhatYouKill@1f28123a/SelectorProducer@e09e6a1/IDLE/p=false/QueuedThreadPool[qtp1108502178]@421266a2{STARTED,8<=8<=14,i=8,r=1,q=0}[ReservedThreadExecutor@93479f5{s=0/1,p=0}][pc=0,pic=0,pec=0,epc=0]@2020-09-25T13:18:31.2588792+02:00
13:18:31.258 [Test worker] DEBUG org.eclipse.jetty.util.component.AbstractLifeCycle - STARTED @62817ms EatWhatYouKill@1f28123a/SelectorProducer@e09e6a1/IDLE/p=false/QueuedThreadPool[qtp1108502178]@421266a2{STARTED,8<=8<=14,i=8,r=1,q=0}[ReservedThreadExecutor@93479f5{s=0/1,p=0}][pc=0,pic=0,pec=0,epc=0]@2020-09-25T13:18:31.2588792+02:00
13:18:31.260 [Test worker] DEBUG org.eclipse.jetty.util.thread.QueuedThreadPool - queue org.eclipse.jetty.io.ManagedSelector$$Lambda$425/0x00000001005fc040@5f8c4650 startThread=0
13:18:31.260 [Test worker] DEBUG org.eclipse.jetty.io.ManagedSelector - Queued change org.eclipse.jetty.io.ManagedSelector$Start@53b29160 on ManagedSelector@6cb7ae41{STARTING} id=0 keys=0 selected=0 updates=0
13:18:31.308 [qtp1108502178-64] DEBUG org.eclipse.jetty.util.thread.QueuedThreadPool - Runner started for QueuedThreadPool[qtp1108502178]@421266a2{STARTED,8<=8<=14,i=7,r=1,q=0}[ReservedThreadExecutor@93479f5{s=0/1,p=0}]
13:18:31.308 [qtp1108502178-64] DEBUG org.eclipse.jetty.util.thread.QueuedThreadPool - run org.eclipse.jetty.io.ManagedSelector$$Lambda$425/0x00000001005fc040@5f8c4650 in QueuedThreadPool[qtp1108502178]@421266a2{STARTED,8<=8<=14,i=7,r=1,q=0}[ReservedThreadExecutor@93479f5{s=0/1,p=0}]
13:18:31.309 [qtp1108502178-64] DEBUG org.eclipse.jetty.util.thread.strategy.EatWhatYouKill - EatWhatYouKill@1f28123a/SelectorProducer@e09e6a1/IDLE/p=false/QueuedThreadPool[qtp1108502178]@421266a2{STARTED,8<=8<=14,i=7,r=1,q=0}[ReservedThreadExecutor@93479f5{s=0/1,p=0}][pc=0,pic=0,pec=0,epc=0]@2020-09-25T13:18:31.3098662+02:00 tryProduce false
13:18:31.309 [qtp1108502178-64] DEBUG org.eclipse.jetty.io.ManagedSelector - updateable 1
13:18:31.309 [qtp1108502178-64] DEBUG org.eclipse.jetty.io.ManagedSelector - update org.eclipse.jetty.io.ManagedSelector$Start@53b29160
13:18:31.310 [Test worker] DEBUG org.eclipse.jetty.util.component.AbstractLifeCycle - STARTED @62869ms ManagedSelector@6cb7ae41{STARTED} id=0 keys=0 selected=0 updates=0
13:18:31.310 [Test worker] DEBUG org.eclipse.jetty.util.component.AbstractLifeCycle - starting ManagedSelector@e983464{STOPPED} id=1 keys=-1 selected=-1 updates=0
13:18:31.310 [Test worker] DEBUG org.eclipse.jetty.util.component.AbstractLifeCycle - starting EatWhatYouKill@1083962f/SelectorProducer@4f65efc7/IDLE/p=false/QueuedThreadPool[qtp1108502178]@421266a2{STARTED,8<=8<=14,i=7,r=1,q=0}[ReservedThreadExecutor@93479f5{s=0/1,p=0}][pc=0,pic=0,pec=0,epc=0]@2020-09-25T13:18:31.310869+02:00
13:18:31.310 [Test worker] DEBUG org.eclipse.jetty.util.component.AbstractLifeCycle - STARTED @62869ms EatWhatYouKill@1083962f/SelectorProducer@4f65efc7/IDLE/p=false/QueuedThreadPool[qtp1108502178]@421266a2{STARTED,8<=8<=14,i=7,r=1,q=0}[ReservedThreadExecutor@93479f5{s=0/1,p=0}][pc=0,pic=0,pec=0,epc=0]@2020-09-25T13:18:31.310869+02:00
13:18:31.311 [Test worker] DEBUG org.eclipse.jetty.util.thread.QueuedThreadPool - queue org.eclipse.jetty.io.ManagedSelector$$Lambda$425/0x00000001005fc040@33c95706 startThread=0
13:18:31.311 [Test worker] DEBUG org.eclipse.jetty.io.ManagedSelector - Queued change org.eclipse.jetty.io.ManagedSelector$Start@7cbd7e0f on ManagedSelector@e983464{STARTING} id=1 keys=0 selected=0 updates=0
13:18:31.312 [qtp1108502178-64] DEBUG org.eclipse.jetty.io.ManagedSelector - updates 0
13:18:31.312 [qtp1108502178-64] DEBUG org.eclipse.jetty.io.ManagedSelector - Selector sun.nio.ch.WindowsSelectorImpl@7fe0685e waiting with 0 keys
13:18:31.324 [qtp1108502178-65] DEBUG org.eclipse.jetty.util.thread.QueuedThreadPool - Runner started for QueuedThreadPool[qtp1108502178]@421266a2{STARTED,8<=8<=14,i=6,r=1,q=0}[ReservedThreadExecutor@93479f5{s=0/1,p=0}]
13:18:31.324 [qtp1108502178-65] DEBUG org.eclipse.jetty.util.thread.QueuedThreadPool - run org.eclipse.jetty.io.ManagedSelector$$Lambda$425/0x00000001005fc040@33c95706 in QueuedThreadPool[qtp1108502178]@421266a2{STARTED,8<=8<=14,i=6,r=1,q=0}[ReservedThreadExecutor@93479f5{s=0/1,p=0}]
13:18:31.324 [qtp1108502178-65] DEBUG org.eclipse.jetty.util.thread.strategy.EatWhatYouKill - EatWhatYouKill@1083962f/SelectorProducer@4f65efc7/IDLE/p=false/QueuedThreadPool[qtp1108502178]@421266a2{STARTED,8<=8<=14,i=6,r=1,q=0}[ReservedThreadExecutor@93479f5{s=0/1,p=0}][pc=0,pic=0,pec=0,epc=0]@2020-09-25T13:18:31.3248798+02:00 tryProduce false
13:18:31.325 [qtp1108502178-65] DEBUG org.eclipse.jetty.io.ManagedSelector - updateable 1
13:18:31.325 [qtp1108502178-65] DEBUG org.eclipse.jetty.io.ManagedSelector - update org.eclipse.jetty.io.ManagedSelector$Start@7cbd7e0f
13:18:31.325 [qtp1108502178-65] DEBUG org.eclipse.jetty.io.ManagedSelector - updates 0
13:18:31.325 [qtp1108502178-65] DEBUG org.eclipse.jetty.io.ManagedSelector - Selector sun.nio.ch.WindowsSelectorImpl@38ce0e5b waiting with 0 keys
13:18:31.325 [Test worker] DEBUG org.eclipse.jetty.util.component.AbstractLifeCycle - STARTED @62884ms ManagedSelector@e983464{STARTED} id=1 keys=0 selected=0 updates=0
13:18:31.325 [Test worker] DEBUG org.eclipse.jetty.util.component.AbstractLifeCycle - STARTED @62884ms SelectorManager@NetworkTrafficServerConnector@4cc10b86{HTTP/1.1, (http/1.1)}{0.0.0.0:8080}
13:18:31.325 [Test worker] DEBUG org.eclipse.jetty.util.component.ContainerLifeCycle - NetworkTrafficServerConnector@4cc10b86{HTTP/1.1, (http/1.1)}{0.0.0.0:8080} added {acceptor-0@413e090e,POJO}
13:18:31.325 [Test worker] DEBUG org.eclipse.jetty.util.thread.QueuedThreadPool - queue acceptor-0@413e090e startThread=0
13:18:31.325 [Test worker] DEBUG org.eclipse.jetty.util.component.ContainerLifeCycle - NetworkTrafficServerConnector@4cc10b86{HTTP/1.1, (http/1.1)}{0.0.0.0:8080} added {acceptor-1@6c0a9d8,POJO}
13:18:31.325 [Test worker] DEBUG org.eclipse.jetty.util.thread.QueuedThreadPool - queue acceptor-1@6c0a9d8 startThread=0
13:18:31.325 [Test worker] DEBUG org.eclipse.jetty.util.component.ContainerLifeCycle - NetworkTrafficServerConnector@4cc10b86{HTTP/1.1, (http/1.1)}{0.0.0.0:8080} added {acceptor-2@7fc8af61,POJO}
13:18:31.325 [Test worker] DEBUG org.eclipse.jetty.util.thread.QueuedThreadPool - queue acceptor-2@7fc8af61 startThread=0
13:18:31.325 [Test worker] INFO org.eclipse.jetty.server.AbstractConnector - Started NetworkTrafficServerConnector@4cc10b86{HTTP/1.1, (http/1.1)}{0.0.0.0:8080}
13:18:31.325 [Test worker] DEBUG org.eclipse.jetty.util.component.AbstractLifeCycle - STARTED @62885ms NetworkTrafficServerConnector@4cc10b86{HTTP/1.1, (http/1.1)}{0.0.0.0:8080}
13:18:31.325 [Test worker] INFO org.eclipse.jetty.server.Server - Started @62885ms
13:18:31.325 [Test worker] DEBUG org.eclipse.jetty.util.component.AbstractLifeCycle - STARTED @62885ms Server@39bec851{STARTED}[9.4.28.v20200408]
13:18:31.327 [Test worker] DEBUG org.apache.http.impl.conn.PoolingHttpClientConnectionManager - Connection request: [route: {}->http://localhost:8080][total available: 1; route allocated: 1 of 5; total allocated: 1 of 50]
13:18:31.327 [Test worker] DEBUG org.apache.http.wire - http-outgoing-2 << "end of stream"
13:18:31.328 [Test worker] DEBUG org.apache.http.impl.conn.DefaultManagedHttpClientConnection - http-outgoing-2: Close connection
13:18:31.328 [Test worker] DEBUG org.apache.http.impl.conn.PoolingHttpClientConnectionManager - Connection leased: [id: 3][route: {}->http://localhost:8080][total available: 0; route allocated: 1 of 5; total allocated: 1 of 50]
13:18:31.328 [Test worker] DEBUG org.apache.http.impl.execchain.MainClientExec - Opening connection {}->http://localhost:8080
13:18:31.328 [Test worker] DEBUG org.apache.http.impl.conn.DefaultHttpClientConnectionOperator - Connecting to localhost/127.0.0.1:8080
13:18:31.329 [Test worker] DEBUG org.apache.http.impl.conn.DefaultHttpClientConnectionOperator - Connection established 127.0.0.1:64995<->127.0.0.1:8080
13:18:31.329 [Test worker] DEBUG org.apache.http.impl.execchain.MainClientExec - Executing request POST /__admin/mappings HTTP/1.1
13:18:31.329 [Test worker] DEBUG org.apache.http.impl.execchain.MainClientExec - Target auth state: UNCHALLENGED
13:18:31.329 [Test worker] DEBUG org.apache.http.impl.execchain.MainClientExec - Proxy auth state: UNCHALLENGED
13:18:31.329 [Test worker] DEBUG org.apache.http.headers - http-outgoing-3 >> POST /__admin/mappings HTTP/1.1
13:18:31.329 [Test worker] DEBUG org.apache.http.headers - http-outgoing-3 >> Content-Length: 328
13:18:31.330 [Test worker] DEBUG org.apache.http.headers - http-outgoing-3 >> Content-Type: text/plain; charset=UTF-8
13:18:31.330 [Test worker] DEBUG org.apache.http.headers - http-outgoing-3 >> Host: localhost:8080
13:18:31.331 [Test worker] DEBUG org.apache.http.headers - http-outgoing-3 >> Connection: Keep-Alive
13:18:31.331 [Test worker] DEBUG org.apache.http.headers - http-outgoing-3 >> User-Agent: Apache-HttpClient/4.5.12 (Java/11.0.2)
13:18:31.331 [qtp1108502178-66] DEBUG org.eclipse.jetty.util.thread.QueuedThreadPool - Runner started for QueuedThreadPool[qtp1108502178]@421266a2{STARTED,8<=8<=14,i=3,r=1,q=0}[ReservedThreadExecutor@93479f5{s=0/1,p=0}]
13:18:31.331 [Test worker] DEBUG org.apache.http.wire - http-outgoing-3 >> "POST /__admin/mappings HTTP/1.1[\r][\n]"
13:18:31.331 [Test worker] DEBUG org.apache.http.wire - http-outgoing-3 >> "Content-Length: 328[\r][\n]"
13:18:31.331 [Test worker] DEBUG org.apache.http.wire - http-outgoing-3 >> "Content-Type: text/plain; charset=UTF-8[\r][\n]"
13:18:31.331 [Test worker] DEBUG org.apache.http.wire - http-outgoing-3 >> "Host: localhost:8080[\r][\n]"
13:18:31.331 [qtp1108502178-66] DEBUG org.eclipse.jetty.util.thread.QueuedThreadPool - run acceptor-0@413e090e in QueuedThreadPool[qtp1108502178]@421266a2{STARTED,8<=8<=14,i=3,r=1,q=0}[ReservedThreadExecutor@93479f5{s=0/1,p=0}]
13:18:31.331 [Test worker] DEBUG org.apache.http.wire - http-outgoing-3 >> "Connection: Keep-Alive[\r][\n]"
13:18:31.331 [Test worker] DEBUG org.apache.http.wire - http-outgoing-3 >> "User-Agent: Apache-HttpClient/4.5.12 (Java/11.0.2)[\r][\n]"
13:18:31.331 [Test worker] DEBUG org.apache.http.wire - http-outgoing-3 >> "[\r][\n]"
13:18:31.331 [Test worker] DEBUG org.apache.http.wire - http-outgoing-3 >> "{[\r][\n]"
13:18:31.331 [Test worker] DEBUG org.apache.http.wire - http-outgoing-3 >> "  "id" : "114ac421-5127-4729-9cbe-0d7159609aef",[\r][\n]"
13:18:31.331 [Test worker] DEBUG org.apache.http.wire - http-outgoing-3 >> "  "request" : {[\r][\n]"
13:18:31.331 [Test worker] DEBUG org.apache.http.wire - http-outgoing-3 >> "    "url" : "/api/v0/components/provision-adapters/awx",[\r][\n]"
13:18:31.331 [Test worker] DEBUG org.apache.http.wire - http-outgoing-3 >> "    "method" : "GET"[\r][\n]"
13:18:31.331 [Test worker] DEBUG org.apache.http.wire - http-outgoing-3 >> "  },[\r][\n]"
13:18:31.331 [Test worker] DEBUG org.apache.http.wire - http-outgoing-3 >> "  "response" : {[\r][\n]"
13:18:31.331 [Test worker] DEBUG org.apache.http.wire - http-outgoing-3 >> "    "status" : 401[\r][\n]"
13:18:31.331 [Test worker] DEBUG org.apache.http.wire - http-outgoing-3 >> "  },[\r][\n]"
13:18:31.331 [Test worker] DEBUG org.apache.http.wire - http-outgoing-3 >> "  "uuid" : "114ac421-5127-4729-9cbe-0d7159609aef",[\r][\n]"
13:18:31.331 [Test worker] DEBUG org.apache.http.wire - http-outgoing-3 >> "  "scenarioName" : "unAuthorized",[\r][\n]"
13:18:31.331 [Test worker] DEBUG org.apache.http.wire - http-outgoing-3 >> "  "requiredScenarioState" : "Started"[\r][\n]"
13:18:31.331 [Test worker] DEBUG org.apache.http.wire - http-outgoing-3 >> "}"
13:18:31.358 [qtp1108502178-66-acceptor-0@413e090e-NetworkTrafficServerConnector@4cc10b86{HTTP/1.1, (http/1.1)}{0.0.0.0:8080}] DEBUG org.eclipse.jetty.io.ManagedSelector - Queued change org.eclipse.jetty.io.ManagedSelector$Accept@2b2256f8 on ManagedSelector@e983464{STARTED} id=1 keys=0 selected=0 updates=0
13:18:31.359 [qtp1108502178-66-acceptor-0@413e090e-NetworkTrafficServerConnector@4cc10b86{HTTP/1.1, (http/1.1)}{0.0.0.0:8080}] DEBUG org.eclipse.jetty.io.ManagedSelector - Wakeup on submit ManagedSelector@e983464{STARTED} id=1 keys=0 selected=0 updates=1
13:18:31.359 [qtp1108502178-65] DEBUG org.eclipse.jetty.io.ManagedSelector - Selector sun.nio.ch.WindowsSelectorImpl@38ce0e5b woken with none selected
13:18:31.359 [qtp1108502178-65] DEBUG org.eclipse.jetty.io.ManagedSelector - Selector sun.nio.ch.WindowsSelectorImpl@38ce0e5b woken up from select, 0/0/0 selected
13:18:31.359 [qtp1108502178-65] DEBUG org.eclipse.jetty.io.ManagedSelector - Selector sun.nio.ch.WindowsSelectorImpl@38ce0e5b processing 0 keys, 1 updates
13:18:31.359 [qtp1108502178-65] DEBUG org.eclipse.jetty.io.ManagedSelector - updateable 1
13:18:31.359 [qtp1108502178-65] DEBUG org.eclipse.jetty.io.ManagedSelector - update org.eclipse.jetty.io.ManagedSelector$Accept@2b2256f8
13:18:31.359 [qtp1108502178-65] DEBUG org.eclipse.jetty.util.thread.QueuedThreadPool - queue org.eclipse.jetty.io.ManagedSelector$Accept@2b2256f8 startThread=0
13:18:31.359 [qtp1108502178-65] DEBUG org.eclipse.jetty.io.ManagedSelector - updates 0
13:18:31.359 [qtp1108502178-65] DEBUG org.eclipse.jetty.io.ManagedSelector - Selector sun.nio.ch.WindowsSelectorImpl@38ce0e5b waiting with 1 keys
13:18:31.359 [qtp1108502178-67] DEBUG org.eclipse.jetty.util.thread.QueuedThreadPool - Runner started for QueuedThreadPool[qtp1108502178]@421266a2{STARTED,8<=8<=14,i=2,r=1,q=0}[ReservedThreadExecutor@93479f5{s=0/1,p=0}]
13:18:31.360 [qtp1108502178-67] DEBUG org.eclipse.jetty.util.thread.QueuedThreadPool - run acceptor-1@6c0a9d8 in QueuedThreadPool[qtp1108502178]@421266a2{STARTED,8<=8<=14,i=2,r=1,q=0}[ReservedThreadExecutor@93479f5{s=0/1,p=0}]
13:18:31.371 [qtp1108502178-68] DEBUG org.eclipse.jetty.util.thread.QueuedThreadPool - Runner started for QueuedThreadPool[qtp1108502178]@421266a2{STARTED,8<=8<=14,i=2,r=1,q=0}[ReservedThreadExecutor@93479f5{s=0/1,p=0}]
13:18:31.371 [qtp1108502178-68] DEBUG org.eclipse.jetty.util.thread.QueuedThreadPool - run acceptor-2@7fc8af61 in QueuedThreadPool[qtp1108502178]@421266a2{STARTED,8<=8<=14,i=2,r=1,q=0}[ReservedThreadExecutor@93479f5{s=0/1,p=0}]
13:18:31.376 [qtp1108502178-70] DEBUG org.eclipse.jetty.util.thread.QueuedThreadPool - Runner started for QueuedThreadPool[qtp1108502178]@421266a2{STARTED,8<=8<=14,i=2,r=1,q=0}[ReservedThreadExecutor@93479f5{s=0/1,p=0}]
13:18:31.376 [qtp1108502178-70] DEBUG org.eclipse.jetty.util.thread.QueuedThreadPool - run org.eclipse.jetty.io.ManagedSelector$Accept@2b2256f8 in QueuedThreadPool[qtp1108502178]@421266a2{STARTED,8<=8<=14,i=2,r=1,q=0}[ReservedThreadExecutor@93479f5{s=0/1,p=0}]
13:18:31.376 [qtp1108502178-70] DEBUG org.eclipse.jetty.io.IdleTimeout - NetworkTrafficSocketChannelEndPoint@56757adf{/127.0.0.1:64995<->/127.0.0.1:8080,OPEN,fill=-,flush=-,to=0/30000}{io=0/0,kio=0,kro=0}-><null> idle timeout check, elapsed: 0 ms, remaining: 30000 ms
13:18:31.377 [qtp1108502178-69] DEBUG org.eclipse.jetty.util.thread.QueuedThreadPool - Runner started for QueuedThreadPool[qtp1108502178]@421266a2{STARTED,8<=8<=14,i=2,r=1,q=0}[ReservedThreadExecutor@93479f5{s=0/1,p=0}]
13:18:31.377 [qtp1108502178-70] DEBUG org.eclipse.jetty.server.HttpChannel - new HttpChannelOverHttp@5c8d11af{s=HttpChannelState@198f945a{s=IDLE rs=BLOCKING os=OPEN is=IDLE awp=false se=false i=true al=0},r=0,c=false/false,a=IDLE,uri=null,age=0} -> NetworkTrafficSocketChannelEndPoint@56757adf{/127.0.0.1:64995<->/127.0.0.1:8080,OPEN,fill=-,flush=-,to=0/30000}{io=0/0,kio=0,kro=0}-><null>,null,HttpChannelState@198f945a{s=IDLE rs=BLOCKING os=OPEN is=IDLE awp=false se=false i=true al=0}
13:18:31.377 [qtp1108502178-70] DEBUG org.eclipse.jetty.server.HttpConnection - New HTTP Connection HttpConnection@6451b636::NetworkTrafficSocketChannelEndPoint@56757adf{/127.0.0.1:64995<->/127.0.0.1:8080,OPEN,fill=-,flush=-,to=0/30000}{io=0/0,kio=0,kro=0}-><null>
13:18:31.377 [qtp1108502178-70] DEBUG org.eclipse.jetty.io.AbstractEndPoint - onOpen NetworkTrafficSocketChannelEndPoint@56757adf{/127.0.0.1:64995<->/127.0.0.1:8080,OPEN,fill=-,flush=-,to=1/30000}{io=0/0,kio=0,kro=0}->HttpConnection@6451b636[p=HttpParser{s=START,0 of -1},g=HttpGenerator@28dc6d4b{s=START}]=>HttpChannelOverHttp@5c8d11af{s=HttpChannelState@198f945a{s=IDLE rs=BLOCKING os=OPEN is=IDLE awp=false se=false i=true al=0},r=0,c=false/false,a=IDLE,uri=null,age=0}
13:18:31.377 [qtp1108502178-70] DEBUG org.eclipse.jetty.io.AbstractConnection - onOpen HttpConnection@6451b636::NetworkTrafficSocketChannelEndPoint@56757adf{/127.0.0.1:64995<->/127.0.0.1:8080,OPEN,fill=-,flush=-,to=1/30000}{io=0/0,kio=0,kro=0}->HttpConnection@6451b636[p=HttpParser{s=START,0 of -1},g=HttpGenerator@28dc6d4b{s=START}]=>HttpChannelOverHttp@5c8d11af{s=HttpChannelState@198f945a{s=IDLE rs=BLOCKING os=OPEN is=IDLE awp=false se=false i=true al=0},r=0,c=false/false,a=IDLE,uri=null,age=0}
13:18:31.377 [qtp1108502178-70] DEBUG org.eclipse.jetty.io.AbstractConnection - fillInterested HttpConnection@6451b636::NetworkTrafficSocketChannelEndPoint@56757adf{/127.0.0.1:64995<->/127.0.0.1:8080,OPEN,fill=-,flush=-,to=1/30000}{io=0/0,kio=0,kro=0}->HttpConnection@6451b636[p=HttpParser{s=START,0 of -1},g=HttpGenerator@28dc6d4b{s=START}]=>HttpChannelOverHttp@5c8d11af{s=HttpChannelState@198f945a{s=IDLE rs=BLOCKING os=OPEN is=IDLE awp=false se=false i=true al=0},r=0,c=false/false,a=IDLE,uri=null,age=0}
13:18:31.378 [qtp1108502178-70] DEBUG org.eclipse.jetty.io.FillInterest - interested FillInterest@1ce81196{AC.ReadCB@6451b636{HttpConnection@6451b636::NetworkTrafficSocketChannelEndPoint@56757adf{/127.0.0.1:64995<->/127.0.0.1:8080,OPEN,fill=FI,flush=-,to=0/30000}{io=0/0,kio=0,kro=0}->HttpConnection@6451b636[p=HttpParser{s=START,0 of -1},g=HttpGenerator@28dc6d4b{s=START}]=>HttpChannelOverHttp@5c8d11af{s=HttpChannelState@198f945a{s=IDLE rs=BLOCKING os=OPEN is=IDLE awp=false se=false i=true al=0},r=0,c=false/false,a=IDLE,uri=null,age=0}}}
13:18:31.378 [qtp1108502178-70] DEBUG org.eclipse.jetty.io.ChannelEndPoint - changeInterests p=false 0->1 for NetworkTrafficSocketChannelEndPoint@56757adf{/127.0.0.1:64995<->/127.0.0.1:8080,OPEN,fill=FI,flush=-,to=0/30000}{io=0/1,kio=0,kro=0}->HttpConnection@6451b636[p=HttpParser{s=START,0 of -1},g=HttpGenerator@28dc6d4b{s=START}]=>HttpChannelOverHttp@5c8d11af{s=HttpChannelState@198f945a{s=IDLE rs=BLOCKING os=OPEN is=IDLE awp=false se=false i=true al=0},r=0,c=false/false,a=IDLE,uri=null,age=0}
13:18:31.378 [qtp1108502178-70] DEBUG org.eclipse.jetty.io.ManagedSelector - Queued change org.eclipse.jetty.io.ChannelEndPoint$1@79a06b15 on ManagedSelector@e983464{STARTED} id=1 keys=1 selected=0 updates=0
13:18:31.378 [qtp1108502178-70] DEBUG org.eclipse.jetty.io.ManagedSelector - Wakeup on submit ManagedSelector@e983464{STARTED} id=1 keys=1 selected=0 updates=1
13:18:31.378 [qtp1108502178-70] DEBUG org.eclipse.jetty.io.ManagedSelector - Created NetworkTrafficSocketChannelEndPoint@56757adf{/127.0.0.1:64995<->/127.0.0.1:8080,OPEN,fill=FI,flush=-,to=0/30000}{io=0/1,kio=0,kro=0}->HttpConnection@6451b636[p=HttpParser{s=START,0 of -1},g=HttpGenerator@28dc6d4b{s=START}]=>HttpChannelOverHttp@5c8d11af{s=HttpChannelState@198f945a{s=IDLE rs=BLOCKING os=OPEN is=IDLE awp=false se=false i=true al=0},r=0,c=false/false,a=IDLE,uri=null,age=0}
13:18:31.378 [qtp1108502178-65] DEBUG org.eclipse.jetty.io.ManagedSelector - Selector sun.nio.ch.WindowsSelectorImpl@38ce0e5b woken with none selected
13:18:31.378 [qtp1108502178-70] DEBUG org.eclipse.jetty.util.thread.QueuedThreadPool - ran org.eclipse.jetty.io.ManagedSelector$Accept@2b2256f8 in QueuedThreadPool[qtp1108502178]@421266a2{STARTED,8<=8<=14,i=2,r=1,q=0}[ReservedThreadExecutor@93479f5{s=0/1,p=0}]
13:18:31.378 [qtp1108502178-65] DEBUG org.eclipse.jetty.io.ManagedSelector - Selector sun.nio.ch.WindowsSelectorImpl@38ce0e5b woken up from select, 0/0/1 selected
13:18:31.378 [qtp1108502178-65] DEBUG org.eclipse.jetty.io.ManagedSelector - Selector sun.nio.ch.WindowsSelectorImpl@38ce0e5b processing 0 keys, 1 updates
13:18:31.378 [qtp1108502178-65] DEBUG org.eclipse.jetty.io.ManagedSelector - updateable 1
13:18:31.378 [qtp1108502178-65] DEBUG org.eclipse.jetty.io.ManagedSelector - update org.eclipse.jetty.io.ChannelEndPoint$1@79a06b15
13:18:31.378 [qtp1108502178-65] DEBUG org.eclipse.jetty.io.ChannelEndPoint - Key interests updated 0 -> 1 on NetworkTrafficSocketChannelEndPoint@56757adf{/127.0.0.1:64995<->/127.0.0.1:8080,OPEN,fill=FI,flush=-,to=0/30000}{io=1/1,kio=1,kro=0}->HttpConnection@6451b636[p=HttpParser{s=START,0 of -1},g=HttpGenerator@28dc6d4b{s=START}]=>HttpChannelOverHttp@5c8d11af{s=HttpChannelState@198f945a{s=IDLE rs=BLOCKING os=OPEN is=IDLE awp=false se=false i=true al=0},r=0,c=false/false,a=IDLE,uri=null,age=0}
13:18:31.378 [qtp1108502178-65] DEBUG org.eclipse.jetty.io.ManagedSelector - updates 0
13:18:31.378 [qtp1108502178-65] DEBUG org.eclipse.jetty.io.ManagedSelector - Selector sun.nio.ch.WindowsSelectorImpl@38ce0e5b waiting with 1 keys
13:18:31.378 [qtp1108502178-65] DEBUG org.eclipse.jetty.io.ManagedSelector - Selector sun.nio.ch.WindowsSelectorImpl@38ce0e5b woken up from select, 1/1/1 selected
13:18:31.378 [qtp1108502178-65] DEBUG org.eclipse.jetty.io.ManagedSelector - Selector sun.nio.ch.WindowsSelectorImpl@38ce0e5b processing 1 keys, 0 updates
13:18:31.378 [qtp1108502178-65] DEBUG org.eclipse.jetty.io.ManagedSelector - selected 1 channel=java.nio.channels.SocketChannel[connected local=/127.0.0.1:8080 remote=/127.0.0.1:64995], selector=sun.nio.ch.WindowsSelectorImpl@38ce0e5b, interestOps=1, readyOps=1 NetworkTrafficSocketChannelEndPoint@56757adf{/127.0.0.1:64995<->/127.0.0.1:8080,OPEN,fill=FI,flush=-,to=0/30000}{io=1/1,kio=1,kro=1}->HttpConnection@6451b636[p=HttpParser{s=START,0 of -1},g=HttpGenerator@28dc6d4b{s=START}]=>HttpChannelOverHttp@5c8d11af{s=HttpChannelState@198f945a{s=IDLE rs=BLOCKING os=OPEN is=IDLE awp=false se=false i=true al=0},r=0,c=false/false,a=IDLE,uri=null,age=0} 
13:18:31.379 [qtp1108502178-65] DEBUG org.eclipse.jetty.io.ChannelEndPoint - onSelected 1->0 r=true w=false for NetworkTrafficSocketChannelEndPoint@56757adf{/127.0.0.1:64995<->/127.0.0.1:8080,OPEN,fill=FI,flush=-,to=1/30000}{io=1/0,kio=1,kro=1}->HttpConnection@6451b636[p=HttpParser{s=START,0 of -1},g=HttpGenerator@28dc6d4b{s=START}]=>HttpChannelOverHttp@5c8d11af{s=HttpChannelState@198f945a{s=IDLE rs=BLOCKING os=OPEN is=IDLE awp=false se=false i=true al=0},r=0,c=false/false,a=IDLE,uri=null,age=0}
13:18:31.379 [qtp1108502178-65] DEBUG org.eclipse.jetty.io.ChannelEndPoint - task CEP:NetworkTrafficSocketChannelEndPoint@56757adf{/127.0.0.1:64995<->/127.0.0.1:8080,OPEN,fill=FI,flush=-,to=1/30000}{io=1/0,kio=1,kro=1}->HttpConnection@6451b636[p=HttpParser{s=START,0 of -1},g=HttpGenerator@28dc6d4b{s=START}]=>HttpChannelOverHttp@5c8d11af{s=HttpChannelState@198f945a{s=IDLE rs=BLOCKING os=OPEN is=IDLE awp=false se=false i=true al=0},r=0,c=false/false,a=IDLE,uri=null,age=0}:runFillable:BLOCKING
13:18:31.379 [qtp1108502178-65] DEBUG org.eclipse.jetty.util.thread.ReservedThreadExecutor - ReservedThreadExecutor@93479f5{s=0/1,p=0} tryExecute EatWhatYouKill@1083962f/SelectorProducer@4f65efc7/PRODUCING/p=false/QueuedThreadPool[qtp1108502178]@421266a2{STARTED,8<=8<=14,i=3,r=1,q=0}[ReservedThreadExecutor@93479f5{s=0/1,p=0}][pc=0,pic=0,pec=0,epc=0]@2020-09-25T13:18:31.3798582+02:00
13:18:31.379 [qtp1108502178-65] DEBUG org.eclipse.jetty.util.thread.ReservedThreadExecutor - ReservedThreadExecutor@93479f5{s=0/1,p=1} startReservedThread p=1
13:18:31.379 [qtp1108502178-65] DEBUG org.eclipse.jetty.util.thread.QueuedThreadPool - queue ReservedThreadExecutor@93479f5{s=0/1,p=1}@3236652b startThread=0
13:18:31.379 [qtp1108502178-69] DEBUG org.eclipse.jetty.util.thread.QueuedThreadPool - run ReservedThreadExecutor@93479f5{s=0/1,p=1}@3236652b in QueuedThreadPool[qtp1108502178]@421266a2{STARTED,8<=8<=14,i=2,r=1,q=0}[ReservedThreadExecutor@93479f5{s=0/1,p=1}]
13:18:31.379 [qtp1108502178-69] DEBUG org.eclipse.jetty.util.thread.ReservedThreadExecutor - ReservedThreadExecutor@93479f5{s=1/1,p=1}@3236652b started
13:18:31.379 [qtp1108502178-65] DEBUG org.eclipse.jetty.util.thread.strategy.EatWhatYouKill - EatWhatYouKill@1083962f/SelectorProducer@4f65efc7/PRODUCING/p=false/QueuedThreadPool[qtp1108502178]@421266a2{STARTED,8<=8<=14,i=2,r=1,q=0}[ReservedThreadExecutor@93479f5{s=0/1,p=1}][pc=0,pic=0,pec=0,epc=0]@2020-09-25T13:18:31.3798582+02:00 m=PRODUCE_EXECUTE_CONSUME t=CEP:NetworkTrafficSocketChannelEndPoint@56757adf{/127.0.0.1:64995<->/127.0.0.1:8080,OPEN,fill=FI,flush=-,to=1/30000}{io=1/0,kio=1,kro=1}->HttpConnection@6451b636[p=HttpParser{s=START,0 of -1},g=HttpGenerator@28dc6d4b{s=START}]=>HttpChannelOverHttp@5c8d11af{s=HttpChannelState@198f945a{s=IDLE rs=BLOCKING os=OPEN is=IDLE awp=false se=false i=true al=0},r=0,c=false/false,a=IDLE,uri=null,age=0}:runFillable:BLOCKING/BLOCKING
13:18:31.379 [qtp1108502178-69] DEBUG org.eclipse.jetty.util.thread.ReservedThreadExecutor - ReservedThreadExecutor@93479f5{s=1/1,p=0}@3236652b waiting
13:18:31.379 [qtp1108502178-65] DEBUG org.eclipse.jetty.util.thread.QueuedThreadPool - queue CEP:NetworkTrafficSocketChannelEndPoint@56757adf{/127.0.0.1:64995<->/127.0.0.1:8080,OPEN,fill=FI,flush=-,to=1/30000}{io=1/0,kio=1,kro=1}->HttpConnection@6451b636[p=HttpParser{s=START,0 of -1},g=HttpGenerator@28dc6d4b{s=START}]=>HttpChannelOverHttp@5c8d11af{s=HttpChannelState@198f945a{s=IDLE rs=BLOCKING os=OPEN is=IDLE awp=false se=false i=true al=0},r=0,c=false/false,a=IDLE,uri=null,age=0}:runFillable:BLOCKING startThread=0
13:18:31.379 [qtp1108502178-65] DEBUG org.eclipse.jetty.io.ManagedSelector - updateable 0
13:18:31.379 [qtp1108502178-65] DEBUG org.eclipse.jetty.io.ManagedSelector - updates 0
13:18:31.379 [qtp1108502178-65] DEBUG org.eclipse.jetty.io.ChannelEndPoint - Key interests updated 1 -> 0 on NetworkTrafficSocketChannelEndPoint@56757adf{/127.0.0.1:64995<->/127.0.0.1:8080,OPEN,fill=FI,flush=-,to=1/30000}{io=0/0,kio=0,kro=1}->HttpConnection@6451b636[p=HttpParser{s=START,0 of -1},g=HttpGenerator@28dc6d4b{s=START}]=>HttpChannelOverHttp@5c8d11af{s=HttpChannelState@198f945a{s=IDLE rs=BLOCKING os=OPEN is=IDLE awp=false se=false i=true al=0},r=0,c=false/false,a=IDLE,uri=null,age=0}
13:18:31.380 [qtp1108502178-65] DEBUG org.eclipse.jetty.io.ManagedSelector - Selector sun.nio.ch.WindowsSelectorImpl@38ce0e5b waiting with 1 keys
13:18:31.381 [qtp1108502178-70] DEBUG org.eclipse.jetty.util.thread.QueuedThreadPool - run CEP:NetworkTrafficSocketChannelEndPoint@56757adf{/127.0.0.1:64995<->/127.0.0.1:8080,OPEN,fill=FI,flush=-,to=2/30000}{io=0/0,kio=0,kro=1}->HttpConnection@6451b636[p=HttpParser{s=START,0 of -1},g=HttpGenerator@28dc6d4b{s=START}]=>HttpChannelOverHttp@5c8d11af{s=HttpChannelState@198f945a{s=IDLE rs=BLOCKING os=OPEN is=IDLE awp=false se=false i=true al=0},r=0,c=false/false,a=IDLE,uri=null,age=0}:runFillable:BLOCKING in QueuedThreadPool[qtp1108502178]@421266a2{STARTED,8<=8<=14,i=1,r=1,q=0}[ReservedThreadExecutor@93479f5{s=1/1,p=0}]
13:18:31.381 [qtp1108502178-70] DEBUG org.eclipse.jetty.io.FillInterest - fillable FillInterest@1ce81196{AC.ReadCB@6451b636{HttpConnection@6451b636::NetworkTrafficSocketChannelEndPoint@56757adf{/127.0.0.1:64995<->/127.0.0.1:8080,OPEN,fill=FI,flush=-,to=3/30000}{io=0/0,kio=0,kro=1}->HttpConnection@6451b636[p=HttpParser{s=START,0 of -1},g=HttpGenerator@28dc6d4b{s=START}]=>HttpChannelOverHttp@5c8d11af{s=HttpChannelState@198f945a{s=IDLE rs=BLOCKING os=OPEN is=IDLE awp=false se=false i=true al=0},r=0,c=false/false,a=IDLE,uri=null,age=0}}}
13:18:31.381 [qtp1108502178-70] DEBUG org.eclipse.jetty.server.HttpConnection - HttpConnection@6451b636::NetworkTrafficSocketChannelEndPoint@56757adf{/127.0.0.1:64995<->/127.0.0.1:8080,OPEN,fill=-,flush=-,to=3/30000}{io=0/0,kio=0,kro=1}->HttpConnection@6451b636[p=HttpParser{s=START,0 of -1},g=HttpGenerator@28dc6d4b{s=START}]=>HttpChannelOverHttp@5c8d11af{s=HttpChannelState@198f945a{s=IDLE rs=BLOCKING os=OPEN is=IDLE awp=false se=false i=true al=0},r=0,c=false/false,a=IDLE,uri=null,age=0} onFillable enter HttpChannelState@198f945a{s=IDLE rs=BLOCKING os=OPEN is=IDLE awp=false se=false i=true al=0} null
13:18:31.382 [qtp1108502178-70] DEBUG org.eclipse.jetty.io.ChannelEndPoint - filled 523 HeapByteBuffer@10a99211[p=0,l=523,c=8192,r=523]={<<<POST /__admin/mappings HT...ioState" : "Started"\r\n}>>>\x00\x00\x00\x00\x00\x00\x00\x00\x00...\x00\x00\x00\x00\x00\x00\x00}
13:18:31.382 [qtp1108502178-70] DEBUG org.eclipse.jetty.server.HttpConnection - HttpConnection@6451b636::NetworkTrafficSocketChannelEndPoint@56757adf{/127.0.0.1:64995<->/127.0.0.1:8080,OPEN,fill=-,flush=-,to=0/30000}{io=0/0,kio=0,kro=1}->HttpConnection@6451b636[p=HttpParser{s=START,0 of -1},g=HttpGenerator@28dc6d4b{s=START}]=>HttpChannelOverHttp@5c8d11af{s=HttpChannelState@198f945a{s=IDLE rs=BLOCKING os=OPEN is=IDLE awp=false se=false i=true al=0},r=0,c=false/false,a=IDLE,uri=null,age=0} filled 523 HeapByteBuffer@10a99211[p=0,l=523,c=8192,r=523]={<<<POST /__admin/mappings HT...ioState" : "Started"\r\n}>>>\x00\x00\x00\x00\x00\x00\x00\x00\x00...\x00\x00\x00\x00\x00\x00\x00}
13:18:31.382 [qtp1108502178-70] DEBUG org.eclipse.jetty.server.HttpConnection - HttpConnection@6451b636::NetworkTrafficSocketChannelEndPoint@56757adf{/127.0.0.1:64995<->/127.0.0.1:8080,OPEN,fill=-,flush=-,to=0/30000}{io=0/0,kio=0,kro=1}->HttpConnection@6451b636[p=HttpParser{s=START,0 of -1},g=HttpGenerator@28dc6d4b{s=START}]=>HttpChannelOverHttp@5c8d11af{s=HttpChannelState@198f945a{s=IDLE rs=BLOCKING os=OPEN is=IDLE awp=false se=false i=true al=0},r=0,c=false/false,a=IDLE,uri=null,age=0} parse HeapByteBuffer@10a99211[p=0,l=523,c=8192,r=523]={<<<POST /__admin/mappings HT...ioState" : "Started"\r\n}>>>\x00\x00\x00\x00\x00\x00\x00\x00\x00...\x00\x00\x00\x00\x00\x00\x00} {}
13:18:31.382 [qtp1108502178-70] DEBUG org.eclipse.jetty.http.HttpParser - parseNext s=START HeapByteBuffer@10a99211[p=0,l=523,c=8192,r=523]={<<<POST /__admin/mappings HT...ioState" : "Started"\r\n}>>>\x00\x00\x00\x00\x00\x00\x00\x00\x00...\x00\x00\x00\x00\x00\x00\x00}
13:18:31.382 [qtp1108502178-70] DEBUG org.eclipse.jetty.http.HttpParser - START --> SPACE1
13:18:31.382 [qtp1108502178-70] DEBUG org.eclipse.jetty.http.HttpParser - SPACE1 --> URI
13:18:31.382 [qtp1108502178-70] DEBUG org.eclipse.jetty.http.HttpParser - URI --> SPACE2
13:18:31.382 [qtp1108502178-70] DEBUG org.eclipse.jetty.http.HttpParser - SPACE2 --> REQUEST_VERSION
13:18:31.382 [qtp1108502178-70] DEBUG org.eclipse.jetty.http.HttpParser - REQUEST_VERSION --> HEADER
13:18:31.382 [qtp1108502178-70] DEBUG org.eclipse.jetty.http.HttpParser - HEADER:Content-Length --> VALUE
13:18:31.382 [qtp1108502178-70] DEBUG org.eclipse.jetty.http.HttpParser - HEADER:Content-Length --> IN_VALUE
13:18:31.382 [qtp1108502178-70] DEBUG org.eclipse.jetty.http.HttpParser - HEADER:Content-Length --> FIELD
13:18:31.382 [qtp1108502178-70] DEBUG org.eclipse.jetty.http.HttpParser - HEADER:Content-Type: text/plain; charset=UTF-8 --> IN_VALUE
13:18:31.382 [qtp1108502178-70] DEBUG org.eclipse.jetty.http.HttpParser - HEADER:Content-Type: text/plain; charset=UTF-8 --> FIELD
13:18:31.382 [qtp1108502178-70] DEBUG org.eclipse.jetty.http.HttpParser - HEADER:Host --> VALUE
13:18:31.382 [qtp1108502178-70] DEBUG org.eclipse.jetty.http.HttpParser - HEADER:Host --> IN_VALUE
13:18:31.382 [qtp1108502178-70] DEBUG org.eclipse.jetty.http.HttpParser - HEADER:Host --> FIELD
13:18:31.382 [qtp1108502178-70] DEBUG org.eclipse.jetty.http.HttpParser - HEADER:Connection: keep-alive --> IN_VALUE
13:18:31.382 [qtp1108502178-70] DEBUG org.eclipse.jetty.http.HttpParser - HEADER:Connection: keep-alive --> FIELD
13:18:31.382 [qtp1108502178-70] DEBUG org.eclipse.jetty.http.HttpParser - HEADER:User-Agent --> VALUE
13:18:31.382 [qtp1108502178-70] DEBUG org.eclipse.jetty.http.HttpParser - HEADER:User-Agent --> IN_VALUE
13:18:31.382 [qtp1108502178-70] DEBUG org.eclipse.jetty.http.HttpParser - HEADER:User-Agent --> FIELD
13:18:31.382 [qtp1108502178-70] DEBUG org.eclipse.jetty.http.HttpParser - HEADER --> CONTENT
13:18:31.383 [qtp1108502178-70] DEBUG org.eclipse.jetty.server.HttpChannel - REQUEST for //localhost:8080/__admin/mappings on HttpChannelOverHttp@5c8d11af{s=HttpChannelState@198f945a{s=IDLE rs=BLOCKING os=OPEN is=IDLE awp=false se=false i=true al=0},r=1,c=false/false,a=IDLE,uri=//localhost:8080/__admin/mappings,age=1}
POST //localhost:8080/__admin/mappings HTTP/1.1
Content-Length: 328
Content-Type: text/plain; charset=UTF-8
Host: localhost:8080
Connection: keep-alive
User-Agent: Apache-HttpClient/4.5.12 (Java/11.0.2)


13:18:31.383 [qtp1108502178-70] DEBUG org.eclipse.jetty.server.HttpConnection - HttpConnection@6451b636::NetworkTrafficSocketChannelEndPoint@56757adf{/127.0.0.1:64995<->/127.0.0.1:8080,OPEN,fill=-,flush=-,to=1/30000}{io=0/0,kio=0,kro=1}->HttpConnection@6451b636[p=HttpParser{s=CONTENT,0 of 328},g=HttpGenerator@28dc6d4b{s=START}]=>HttpChannelOverHttp@5c8d11af{s=HttpChannelState@198f945a{s=IDLE rs=BLOCKING os=OPEN is=IDLE awp=false se=false i=true al=0},r=1,c=false/false,a=IDLE,uri=//localhost:8080/__admin/mappings,age=1} parsed true HttpParser{s=CONTENT,0 of 328}
13:18:31.383 [qtp1108502178-70] DEBUG org.eclipse.jetty.server.HttpChannel - handle //localhost:8080/__admin/mappings HttpChannelOverHttp@5c8d11af{s=HttpChannelState@198f945a{s=IDLE rs=BLOCKING os=OPEN is=IDLE awp=false se=false i=true al=0},r=1,c=false/false,a=IDLE,uri=//localhost:8080/__admin/mappings,age=1} 
13:18:31.383 [qtp1108502178-70] DEBUG org.eclipse.jetty.server.HttpChannelState - handling HttpChannelState@198f945a{s=IDLE rs=BLOCKING os=OPEN is=IDLE awp=false se=false i=true al=0}
13:18:31.383 [qtp1108502178-70] DEBUG org.eclipse.jetty.server.HttpChannel - action DISPATCH HttpChannelOverHttp@5c8d11af{s=HttpChannelState@198f945a{s=HANDLING rs=BLOCKING os=OPEN is=IDLE awp=false se=false i=true al=0},r=1,c=false/false,a=HANDLING,uri=//localhost:8080/__admin/mappings,age=1}
13:18:31.383 [qtp1108502178-70] DEBUG org.eclipse.jetty.server.Server - REQUEST POST /__admin/mappings on HttpChannelOverHttp@5c8d11af{s=HttpChannelState@198f945a{s=HANDLING rs=BLOCKING os=OPEN is=IDLE awp=false se=false i=true al=0},r=1,c=false/false,a=HANDLING,uri=//localhost:8080/__admin/mappings,age=1}
13:18:31.383 [qtp1108502178-70] DEBUG org.eclipse.jetty.server.handler.ContextHandler - scope null||/__admin/mappings @ o.e.j.s.ServletContextHandler@2f1e63de{/__admin,null,AVAILABLE}
13:18:31.383 [qtp1108502178-70] DEBUG org.eclipse.jetty.server.handler.ContextHandler - context=/__admin||/mappings @ o.e.j.s.ServletContextHandler@2f1e63de{/__admin,null,AVAILABLE}
13:18:31.383 [qtp1108502178-70] DEBUG org.eclipse.jetty.servlet.ServletHandler - servlet /__admin|/mappings|null -> com.github.tomakehurst.wiremock.servlet.WireMockHandlerDispatchingServlet-7745697d@69019bbf==com.github.tomakehurst.wiremock.servlet.WireMockHandlerDispatchingServlet,jsp=null,order=-1,inst=false,async=true
13:18:31.383 [qtp1108502178-70] DEBUG org.eclipse.jetty.servlet.ServletHandler - chain=org.eclipse.jetty.servlets.CrossOriginFilter-123afc25@123afc25==org.eclipse.jetty.servlets.CrossOriginFilter,inst=true,async=true->com.github.tomakehurst.wiremock.servlet.WireMockHandlerDispatchingServlet-7745697d@69019bbf==com.github.tomakehurst.wiremock.servlet.WireMockHandlerDispatchingServlet,jsp=null,order=-1,inst=false,async=true
13:18:31.384 [qtp1108502178-70] DEBUG org.eclipse.jetty.servlet.ServletHolder - Servlet.init com.github.tomakehurst.wiremock.servlet.WireMockHandlerDispatchingServlet@5b54137a for com.github.tomakehurst.wiremock.servlet.WireMockHandlerDispatchingServlet-7745697d
13:18:31.477 [qtp1108502178-70] INFO org.eclipse.jetty.server.handler.ContextHandler.__admin - RequestHandlerClass from context returned com.github.tomakehurst.wiremock.http.AdminRequestHandler. Normalized mapped under returned 'null'
13:18:31.477 [qtp1108502178-71] DEBUG org.eclipse.jetty.util.thread.QueuedThreadPool - Runner started for QueuedThreadPool[qtp1108502178]@421266a2{STARTED,8<=8<=14,i=1,r=1,q=0}[ReservedThreadExecutor@93479f5{s=1/1,p=0}]
13:18:31.477 [qtp1108502178-70] DEBUG org.eclipse.jetty.servlet.ServletHandler - call filter org.eclipse.jetty.servlets.CrossOriginFilter-123afc25@123afc25==org.eclipse.jetty.servlets.CrossOriginFilter,inst=true,async=true
13:18:31.477 [qtp1108502178-70] DEBUG org.eclipse.jetty.servlet.ServletHandler - call servlet com.github.tomakehurst.wiremock.servlet.WireMockHandlerDispatchingServlet-7745697d@69019bbf==com.github.tomakehurst.wiremock.servlet.WireMockHandlerDispatchingServlet,jsp=null,order=-1,inst=true,async=true
13:18:31.478 [qtp1108502178-70] DEBUG org.eclipse.jetty.server.HttpConnection - HttpConnection@6451b636::NetworkTrafficSocketChannelEndPoint@56757adf{/127.0.0.1:64995<->/127.0.0.1:8080,OPEN,fill=-,flush=-,to=96/30000}{io=0/0,kio=0,kro=1}->HttpConnection@6451b636[p=HttpParser{s=CONTENT,0 of 328},g=HttpGenerator@28dc6d4b{s=START}]=>HttpChannelOverHttp@5c8d11af{s=HttpChannelState@198f945a{s=HANDLING rs=BLOCKING os=OPEN is=IDLE awp=false se=false i=true al=0},r=1,c=false/false,a=HANDLING,uri=//localhost:8080/__admin/mappings,age=96} parse HeapByteBuffer@10a99211[p=195,l=523,c=8192,r=328]={POST /__a....2)\r\n\r\n<<<{\r\n  "id" : "114ac421-512...ioState" : "Started"\r\n}>>>\x00\x00\x00\x00\x00\x00\x00\x00\x00...\x00\x00\x00\x00\x00\x00\x00} {}
13:18:31.478 [qtp1108502178-70] DEBUG org.eclipse.jetty.http.HttpParser - parseNext s=CONTENT HeapByteBuffer@10a99211[p=195,l=523,c=8192,r=328]={POST /__a....2)\r\n\r\n<<<{\r\n  "id" : "114ac421-512...ioState" : "Started"\r\n}>>>\x00\x00\x00\x00\x00\x00\x00\x00\x00...\x00\x00\x00\x00\x00\x00\x00}
13:18:31.478 [qtp1108502178-70] DEBUG org.eclipse.jetty.server.HttpChannel - onContent HttpChannelOverHttp@5c8d11af{s=HttpChannelState@198f945a{s=HANDLING rs=BLOCKING os=OPEN is=IDLE awp=false se=false i=true al=0},r=1,c=false/false,a=HANDLING,uri=//localhost:8080/__admin/mappings,age=96} Content@7ecdd27{HeapByteBufferR@7deef60c[p=195,l=523,c=8192,r=328]={POST /__a....2)\r\n\r\n<<<{\r\n  "id" : "114ac421-512...ioState" : "Started"\r\n}>>>\x00\x00\x00\x00\x00\x00\x00\x00\x00...\x00\x00\x00\x00\x00\x00\x00}}
13:18:31.478 [qtp1108502178-70] DEBUG org.eclipse.jetty.server.HttpInput - HttpInputOverHTTP@218bdaba[c=0,q=0,[0]=null,s=STREAM] addContent Content@7ecdd27{HeapByteBufferR@7deef60c[p=195,l=523,c=8192,r=328]={POST /__a....2)\r\n\r\n<<<{\r\n  "id" : "114ac421-512...ioState" : "Started"\r\n}>>>\x00\x00\x00\x00\x00\x00\x00\x00\x00...\x00\x00\x00\x00\x00\x00\x00}}
13:18:31.478 [qtp1108502178-70] DEBUG org.eclipse.jetty.http.HttpParser - CONTENT --> CONTENT_END
13:18:31.478 [qtp1108502178-70] DEBUG org.eclipse.jetty.server.HttpChannel - onContentComplete HttpChannelOverHttp@5c8d11af{s=HttpChannelState@198f945a{s=HANDLING rs=BLOCKING os=OPEN is=IDLE awp=false se=false i=true al=0},r=1,c=false/false,a=HANDLING,uri=//localhost:8080/__admin/mappings,age=96}
13:18:31.478 [qtp1108502178-70] DEBUG org.eclipse.jetty.http.HttpParser - CONTENT_END --> END
13:18:31.478 [qtp1108502178-70] DEBUG org.eclipse.jetty.server.HttpChannel - onRequestComplete HttpChannelOverHttp@5c8d11af{s=HttpChannelState@198f945a{s=HANDLING rs=BLOCKING os=OPEN is=IDLE awp=false se=false i=true al=0},r=1,c=false/false,a=HANDLING,uri=//localhost:8080/__admin/mappings,age=96}
13:18:31.478 [qtp1108502178-70] DEBUG org.eclipse.jetty.server.HttpInput - HttpInputOverHTTP@218bdaba[c=0,q=1,[0]=EOF,s=STREAM] addContent EOF
13:18:31.479 [qtp1108502178-70] DEBUG org.eclipse.jetty.server.HttpConnection - HttpConnection@6451b636::NetworkTrafficSocketChannelEndPoint@56757adf{/127.0.0.1:64995<->/127.0.0.1:8080,OPEN,fill=-,flush=-,to=96/30000}{io=0/0,kio=0,kro=1}->HttpConnection@6451b636[p=HttpParser{s=END,328 of 328},g=HttpGenerator@28dc6d4b{s=START}]=>HttpChannelOverHttp@5c8d11af{s=HttpChannelState@198f945a{s=HANDLING rs=BLOCKING os=OPEN is=IDLE awp=false se=false i=true al=0},r=1,c=false/false,a=HANDLING,uri=//localhost:8080/__admin/mappings,age=96} parsed false HttpParser{s=END,328 of 328}
13:18:31.479 [qtp1108502178-70] DEBUG org.eclipse.jetty.server.HttpInput - HttpInputOverHTTP@218bdaba[c=328,q=1,[0]=EOF,s=STREAM] read 328 from Content@7ecdd27{HeapByteBufferR@7deef60c[p=523,l=523,c=8192,r=0]={POST /__a...ted"\r\n}<<<>>>\x00\x00\x00\x00\x00\x00\x00\x00\x00...\x00\x00\x00\x00\x00\x00\x00}}
13:18:31.479 [qtp1108502178-70] DEBUG org.eclipse.jetty.server.HttpConnection - releaseRequestBuffer HttpConnection@6451b636::NetworkTrafficSocketChannelEndPoint@56757adf{/127.0.0.1:64995<->/127.0.0.1:8080,OPEN,fill=-,flush=-,to=97/30000}{io=0/0,kio=0,kro=1}->HttpConnection@6451b636[p=HttpParser{s=END,328 of 328},g=HttpGenerator@28dc6d4b{s=START}]=>HttpChannelOverHttp@5c8d11af{s=HttpChannelState@198f945a{s=HANDLING rs=BLOCKING os=OPEN is=IDLE awp=false se=false i=true al=0},r=1,c=false/false,a=HANDLING,uri=//localhost:8080/__admin/mappings,age=97}
13:18:31.479 [qtp1108502178-70] DEBUG org.eclipse.jetty.server.HttpChannelState - onEof HttpChannelState@198f945a{s=HANDLING rs=BLOCKING os=OPEN is=IDLE awp=false se=false i=true al=0}
13:18:31.507 [qtp1108502178-70] DEBUG org.eclipse.jetty.server.HttpOutput - write(array HeapByteBuffer@5abfd232[p=0,l=328,c=8192,r=328]={<<<{\r\n  "id" : "114ac421-512...ioState" : "Started"\r\n}>>>\x00\x00\x00\x00\x00\x00\x00\x00\x00...\x00\x00\x00\x00\x00\x00\x00})
13:18:31.507 [qtp1108502178-70] DEBUG org.eclipse.jetty.server.HttpOutput - write(array) s=OPEN,api=BLOCKING,sc=false,e=null aggregated !flush DirectByteBuffer@3b5b29a7[p=0,l=328,c=32768,r=328]={<<<{\r\n  "id" : "114ac421-512...ioState" : "Started"\r\n}>>>\x00\x00\x00\x00\x00\x00\x00\x00\x00...\x00\x00\x00\x00\x00\x00\x00}
13:18:31.507 [qtp1108502178-70] DEBUG org.eclipse.jetty.server.HttpChannel - sendResponse info=null content=DirectByteBuffer@3b5b29a7[p=0,l=328,c=32768,r=328]={<<<{\r\n  "id" : "114ac421-512...ioState" : "Started"\r\n}>>>\x00\x00\x00\x00\x00\x00\x00\x00\x00...\x00\x00\x00\x00\x00\x00\x00} complete=false committing=true callback=Blocker@310fe656{null}
13:18:31.507 [qtp1108502178-70] DEBUG org.eclipse.jetty.server.HttpChannel - COMMIT for /__admin/mappings on HttpChannelOverHttp@5c8d11af{s=HttpChannelState@198f945a{s=HANDLING rs=BLOCKING os=COMMITTED is=READY awp=false se=false i=true al=0},r=1,c=false/false,a=HANDLING,uri=//localhost:8080/__admin/mappings,age=125}
201 null HTTP/1.1
Content-Type: application/json


13:18:31.507 [qtp1108502178-70] DEBUG org.eclipse.jetty.server.HttpConnection - generate: NEED_HEADER for org.eclipse.jetty.server.HttpConnection$SendCallback@4e2eb4c7[PROCESSING][i=HTTP/1.1{s=201,h=1,cl=-1},cb=org.eclipse.jetty.server.HttpChannel$SendCallback@6a24d172] (null,[p=0,l=328,c=32768,r=328],false)@START
13:18:31.507 [qtp1108502178-70] DEBUG org.eclipse.jetty.http.HttpGenerator - generateHeaders HTTP/1.1{s=201,h=1,cl=-1} last=false content=DirectByteBuffer@3b5b29a7[p=0,l=328,c=32768,r=328]={<<<{\r\n  "id" : "114ac421-512...ioState" : "Started"\r\n}>>>\x00\x00\x00\x00\x00\x00\x00\x00\x00...\x00\x00\x00\x00\x00\x00\x00}
13:18:31.507 [qtp1108502178-70] DEBUG org.eclipse.jetty.http.HttpGenerator - Content-Type: application/json


13:18:31.507 [qtp1108502178-70] DEBUG org.eclipse.jetty.http.HttpGenerator - CHUNKED_CONTENT
13:18:31.508 [qtp1108502178-70] DEBUG org.eclipse.jetty.server.HttpConnection - generate: FLUSH for org.eclipse.jetty.server.HttpConnection$SendCallback@4e2eb4c7[PROCESSING][i=HTTP/1.1{s=201,h=1,cl=-1},cb=org.eclipse.jetty.server.HttpChannel$SendCallback@6a24d172] ([p=0,l=122,c=8192,r=122],[p=0,l=328,c=32768,r=328],false)@COMMITTED
13:18:31.508 [qtp1108502178-70] DEBUG org.eclipse.jetty.io.WriteFlusher - write: WriteFlusher@8d0db80{IDLE}->null [HeapByteBuffer@10a99211[p=0,l=122,c=8192,r=122]={<<<HTTP/1.1 201 Created\r\nCon....28.v20200408)\r\n\r\n148\r\n>>>ction: Ke...\x00\x00\x00\x00\x00\x00\x00},DirectByteBuffer@3b5b29a7[p=0,l=328,c=32768,r=328]={<<<{\r\n  "id" : "114ac421-512...ioState" : "Started"\r\n}>>>\x00\x00\x00\x00\x00\x00\x00\x00\x00...\x00\x00\x00\x00\x00\x00\x00}]
13:18:31.508 [qtp1108502178-70] DEBUG org.eclipse.jetty.io.WriteFlusher - update WriteFlusher@8d0db80{WRITING}->null:IDLE-->WRITING
13:18:31.508 [Test worker] DEBUG org.apache.http.wire - http-outgoing-3 << "HTTP/1.1 201 Created[\r][\n]"
13:18:31.508 [Test worker] DEBUG org.apache.http.wire - http-outgoing-3 << "Content-Type: application/json[\r][\n]"
13:18:31.508 [Test worker] DEBUG org.apache.http.wire - http-outgoing-3 << "Transfer-Encoding: chunked[\r][\n]"
13:18:31.508 [Test worker] DEBUG org.apache.http.wire - http-outgoing-3 << "Server: Jetty(9.4.28.v20200408)[\r][\n]"
13:18:31.508 [Test worker] DEBUG org.apache.http.wire - http-outgoing-3 << "[\r][\n]"
13:18:31.508 [Test worker] DEBUG org.apache.http.wire - http-outgoing-3 << "148[\r][\n]"
13:18:31.508 [qtp1108502178-70] DEBUG org.eclipse.jetty.io.ChannelEndPoint - flushed 122 NetworkTrafficSocketChannelEndPoint@56757adf{/127.0.0.1:64995<->/127.0.0.1:8080,OPEN,fill=-,flush=W,to=126/30000}{io=0/0,kio=0,kro=1}->HttpConnection@6451b636[p=HttpParser{s=END,328 of 328},g=HttpGenerator@28dc6d4b{s=COMMITTED}]=>HttpChannelOverHttp@5c8d11af{s=HttpChannelState@198f945a{s=HANDLING rs=BLOCKING os=COMMITTED is=READY awp=false se=false i=true al=0},r=1,c=false/false,a=HANDLING,uri=//localhost:8080/__admin/mappings,age=126}
13:18:31.508 [Test worker] DEBUG org.apache.http.headers - http-outgoing-3 << HTTP/1.1 201 Created
13:18:31.508 [Test worker] DEBUG org.apache.http.headers - http-outgoing-3 << Content-Type: application/json
13:18:31.508 [Test worker] DEBUG org.apache.http.headers - http-outgoing-3 << Transfer-Encoding: chunked
13:18:31.508 [Test worker] DEBUG org.apache.http.headers - http-outgoing-3 << Server: Jetty(9.4.28.v20200408)
13:18:31.508 [qtp1108502178-70] DEBUG org.eclipse.jetty.io.ChannelEndPoint - flushed 328 NetworkTrafficSocketChannelEndPoint@56757adf{/127.0.0.1:64995<->/127.0.0.1:8080,OPEN,fill=-,flush=W,to=0/30000}{io=0/0,kio=0,kro=1}->HttpConnection@6451b636[p=HttpParser{s=END,328 of 328},g=HttpGenerator@28dc6d4b{s=COMMITTED}]=>HttpChannelOverHttp@5c8d11af{s=HttpChannelState@198f945a{s=HANDLING rs=BLOCKING os=COMMITTED is=READY awp=false se=false i=true al=0},r=1,c=false/false,a=HANDLING,uri=//localhost:8080/__admin/mappings,age=126}
13:18:31.508 [qtp1108502178-70] DEBUG org.eclipse.jetty.io.WriteFlusher - Flushed=true written=450 remaining=0 WriteFlusher@8d0db80{WRITING}->null
13:18:31.508 [qtp1108502178-70] DEBUG org.eclipse.jetty.io.WriteFlusher - update WriteFlusher@8d0db80{IDLE}->null:WRITING-->IDLE
13:18:31.508 [Test worker] DEBUG org.apache.http.impl.execchain.MainClientExec - Connection can be kept alive indefinitely
13:18:31.508 [qtp1108502178-70] DEBUG org.eclipse.jetty.server.HttpConnection - generate: DONE for org.eclipse.jetty.server.HttpConnection$SendCallback@4e2eb4c7[PROCESSING][i=HTTP/1.1{s=201,h=1,cl=-1},cb=org.eclipse.jetty.server.HttpChannel$SendCallback@6a24d172] ([p=122,l=122,c=8192,r=0],[p=328,l=328,c=32768,r=0],false)@COMMITTED
13:18:31.508 [qtp1108502178-70] DEBUG org.eclipse.jetty.server.HttpOutput - onWriteComplete(false,null) s=OPEN,api=BLOCKED,sc=false,e=null->s=OPEN,api=BLOCKING,sc=false,e=null c=null cb=null w=false
13:18:31.509 [qtp1108502178-70] DEBUG org.eclipse.jetty.server.HttpOutput - close() s=CLOSING,api=BLOCKED,sc=false,e=null c=HeapByteBuffer@137d328[p=0,l=0,c=0,r=0]={<<<>>>} b=Blocker@310fe656{null}
13:18:31.509 [qtp1108502178-70] DEBUG org.eclipse.jetty.server.HttpChannel - sendResponse info=null content=HeapByteBuffer@137d328[p=0,l=0,c=0,r=0]={<<<>>>} complete=true committing=false callback=Blocker@310fe656{null}
13:18:31.509 [Test worker] DEBUG org.apache.http.wire - http-outgoing-3 << "{[\r][\n]"
13:18:31.509 [qtp1108502178-70] DEBUG org.eclipse.jetty.server.HttpConnection - generate: CONTINUE for org.eclipse.jetty.server.HttpConnection$SendCallback@4e2eb4c7[PROCESSING][i=null,cb=org.eclipse.jetty.server.HttpChannel$SendCallback@46a3a19a] (null,[p=0,l=0,c=0,r=0],true)@COMPLETING
13:18:31.509 [Test worker] DEBUG org.apache.http.wire - http-outgoing-3 << "  "id" : "114ac421-5127-4729-9cbe-0d7159609aef",[\r][\n]"
13:18:31.509 [Test worker] DEBUG org.apache.http.wire - http-outgoing-3 << "  "request" : {[\r][\n]"
13:18:31.509 [qtp1108502178-70] DEBUG org.eclipse.jetty.server.HttpConnection - generate: NEED_CHUNK for org.eclipse.jetty.server.HttpConnection$SendCallback@4e2eb4c7[PROCESSING][i=null,cb=org.eclipse.jetty.server.HttpChannel$SendCallback@46a3a19a] (null,[p=0,l=0,c=0,r=0],true)@COMPLETING
13:18:31.509 [Test worker] DEBUG org.apache.http.wire - http-outgoing-3 << "    "url" : "/api/v0/components/provision-adapters/awx",[\r][\n]"
13:18:31.509 [Test worker] DEBUG org.apache.http.wire - http-outgoing-3 << "    "method" : "GET"[\r][\n]"
13:18:31.509 [Test worker] DEBUG org.apache.http.wire - http-outgoing-3 << "  },[\r][\n]"
13:18:31.509 [Test worker] DEBUG org.apache.http.wire - http-outgoing-3 << "  "response" : {[\r][\n]"
13:18:31.509 [qtp1108502178-70] DEBUG org.eclipse.jetty.server.HttpConnection - generate: FLUSH for org.eclipse.jetty.server.HttpConnection$SendCallback@4e2eb4c7[PROCESSING][i=null,cb=org.eclipse.jetty.server.HttpChannel$SendCallback@46a3a19a] (null,[p=0,l=0,c=0,r=0],true)@COMPLETING
13:18:31.509 [Test worker] DEBUG org.apache.http.wire - http-outgoing-3 << "    "status" : 401[\r][\n]"
13:18:31.509 [Test worker] DEBUG org.apache.http.wire - http-outgoing-3 << "  },[\r][\n]"
13:18:31.509 [Test worker] DEBUG org.apache.http.wire - http-outgoing-3 << "  "uuid" : "114ac421-5127-4729-9cbe-0d7159609aef",[\r][\n]"
13:18:31.509 [Test worker] DEBUG org.apache.http.wire - http-outgoing-3 << "  "scenarioName" : "unAuthorized",[\r][\n]"
13:18:31.509 [qtp1108502178-70] DEBUG org.eclipse.jetty.io.WriteFlusher - write: WriteFlusher@8d0db80{IDLE}->null [HeapByteBuffer@7d10bd05[p=0,l=7,c=1024,r=7]={<<<\r\n0\r\n\r\n>>>\x00\x00\x00\x00\x00\x00\x00\x00\x00...\x00\x00\x00\x00\x00\x00\x00}]
13:18:31.509 [Test worker] DEBUG org.apache.http.wire - http-outgoing-3 << "  "requiredScenarioState" : "Started"[\r][\n]"
13:18:31.509 [Test worker] DEBUG org.apache.http.wire - http-outgoing-3 << "}"
13:18:31.509 [qtp1108502178-70] DEBUG org.eclipse.jetty.io.WriteFlusher - update WriteFlusher@8d0db80{WRITING}->null:IDLE-->WRITING
13:18:31.509 [Test worker] DEBUG org.apache.http.wire - http-outgoing-3 << "[\r][\n]"
13:18:31.509 [Test worker] DEBUG org.apache.http.wire - http-outgoing-3 << "0[\r][\n]"
13:18:31.509 [Test worker] DEBUG org.apache.http.wire - http-outgoing-3 << "[\r][\n]"
13:18:31.509 [Test worker] DEBUG org.apache.http.impl.conn.PoolingHttpClientConnectionManager - Connection [id: 3][route: {}->http://localhost:8080] can be kept alive indefinitely
13:18:31.509 [Test worker] DEBUG org.apache.http.impl.conn.DefaultManagedHttpClientConnection - http-outgoing-3: set socket timeout to 0
13:18:31.509 [qtp1108502178-70] DEBUG org.eclipse.jetty.io.ChannelEndPoint - flushed 7 NetworkTrafficSocketChannelEndPoint@56757adf{/127.0.0.1:64995<->/127.0.0.1:8080,OPEN,fill=-,flush=W,to=0/30000}{io=0/0,kio=0,kro=1}->HttpConnection@6451b636[p=HttpParser{s=END,328 of 328},g=HttpGenerator@28dc6d4b{s=COMPLETING}]=>HttpChannelOverHttp@5c8d11af{s=HttpChannelState@198f945a{s=HANDLING rs=BLOCKING os=COMMITTED is=READY awp=false se=false i=true al=0},r=1,c=false/false,a=HANDLING,uri=//localhost:8080/__admin/mappings,age=127}
13:18:31.509 [Test worker] DEBUG org.apache.http.impl.conn.PoolingHttpClientConnectionManager - Connection released: [id: 3][route: {}->http://localhost:8080][total available: 1; route allocated: 1 of 5; total allocated: 1 of 50]
13:18:31.509 [qtp1108502178-70] DEBUG org.eclipse.jetty.io.WriteFlusher - Flushed=true written=7 remaining=0 WriteFlusher@8d0db80{WRITING}->null
13:18:31.509 [qtp1108502178-70] DEBUG org.eclipse.jetty.io.WriteFlusher - update WriteFlusher@8d0db80{IDLE}->null:WRITING-->IDLE
13:18:31.509 [qtp1108502178-70] DEBUG org.eclipse.jetty.server.HttpConnection - generate: DONE for org.eclipse.jetty.server.HttpConnection$SendCallback@4e2eb4c7[PROCESSING][i=null,cb=org.eclipse.jetty.server.HttpChannel$SendCallback@46a3a19a] (null,[p=0,l=0,c=0,r=0],true)@END
13:18:31.509 [qtp1108502178-70] DEBUG org.eclipse.jetty.server.HttpOutput - onWriteComplete(true,null) s=CLOSING,api=BLOCKED,sc=false,e=null->s=CLOSED,api=BLOCKING,sc=false,e=null c=null cb=null w=false
13:18:31.509 [qtp1108502178-70] DEBUG org.eclipse.jetty.server.handler.gzip.GzipHandler - GzipHandler@5d9ee9b4{STARTED,min=32,inflate=-1} handle Request[POST //localhost:8080/__admin/mappings]@31f34c94 in null
13:18:31.510 [qtp1108502178-70] DEBUG org.eclipse.jetty.server.handler.ContextHandler - scope null||/__admin/mappings @ o.e.j.s.ServletContextHandler@1727dcb3{/,null,AVAILABLE}
13:18:31.510 [qtp1108502178-70] DEBUG org.eclipse.jetty.server.Server - handled=true async=false committed=true on HttpChannelOverHttp@5c8d11af{s=HttpChannelState@198f945a{s=HANDLING rs=BLOCKING os=COMPLETED is=READY awp=false se=false i=true al=0},r=1,c=false/true,a=HANDLING,uri=//localhost:8080/__admin/mappings,age=128}
13:18:31.510 [qtp1108502178-70] DEBUG org.eclipse.jetty.server.HttpChannelState - unhandle HttpChannelState@198f945a{s=HANDLING rs=BLOCKING os=COMPLETED is=READY awp=false se=false i=true al=0}
13:18:31.510 [qtp1108502178-70] DEBUG org.eclipse.jetty.server.HttpChannelState - nextAction(false) COMPLETE HttpChannelState@198f945a{s=HANDLING rs=COMPLETING os=COMPLETED is=READY awp=false se=false i=false al=0}
13:18:31.510 [qtp1108502178-70] DEBUG org.eclipse.jetty.server.HttpChannel - action COMPLETE HttpChannelOverHttp@5c8d11af{s=HttpChannelState@198f945a{s=HANDLING rs=COMPLETING os=COMPLETED is=READY awp=false se=false i=false al=0},r=1,c=false/true,a=HANDLING,uri=//localhost:8080/__admin/mappings,age=128}
13:18:31.510 [qtp1108502178-70] DEBUG org.eclipse.jetty.server.HttpOutput - complete(org.eclipse.jetty.util.Callback$4@3ff18df1) s=CLOSED,api=BLOCKING,sc=false,e=null s=true e=null, c=null
13:18:31.510 [qtp1108502178-70] DEBUG org.eclipse.jetty.server.HttpChannelState - completed HttpChannelState@198f945a{s=HANDLING rs=COMPLETING os=COMPLETED is=READY awp=false se=false i=false al=0}
13:18:31.510 [qtp1108502178-70] DEBUG org.eclipse.jetty.server.HttpChannelState - unhandle HttpChannelState@198f945a{s=HANDLING rs=COMPLETED os=COMPLETED is=READY awp=false se=false i=false al=0}
13:18:31.510 [qtp1108502178-70] DEBUG org.eclipse.jetty.server.HttpChannelState - nextAction(false) TERMINATED HttpChannelState@198f945a{s=IDLE rs=COMPLETED os=COMPLETED is=READY awp=false se=false i=false al=0}
13:18:31.510 [qtp1108502178-70] DEBUG org.eclipse.jetty.server.HttpChannel - action TERMINATED HttpChannelOverHttp@5c8d11af{s=HttpChannelState@198f945a{s=IDLE rs=COMPLETED os=COMPLETED is=READY awp=false se=false i=false al=0},r=1,c=true/true,a=IDLE,uri=//localhost:8080/__admin/mappings,age=128}
13:18:31.510 [qtp1108502178-70] DEBUG org.eclipse.jetty.server.HttpChannel - onCompleted for /__admin/mappings written=328
13:18:31.510 [qtp1108502178-70] DEBUG org.eclipse.jetty.server.HttpChannelState - recycle HttpChannelState@198f945a{s=IDLE rs=COMPLETED os=COMPLETED is=READY awp=false se=false i=false al=0}
13:18:31.511 [qtp1108502178-70] DEBUG org.eclipse.jetty.http.HttpParser - reset HttpParser{s=END,328 of 328}
13:18:31.511 [qtp1108502178-70] DEBUG org.eclipse.jetty.http.HttpParser - END --> START
13:18:31.511 [qtp1108502178-70] DEBUG org.eclipse.jetty.server.HttpChannel - !handle TERMINATED HttpChannelOverHttp@5c8d11af{s=HttpChannelState@198f945a{s=IDLE rs=BLOCKING os=OPEN is=IDLE awp=false se=false i=true al=0},r=1,c=false/false,a=IDLE,uri=null,age=0}
13:18:31.511 [qtp1108502178-70] DEBUG org.eclipse.jetty.io.ChannelEndPoint - filled 0 HeapByteBuffer@10a99211[p=0,l=0,c=8192,r=0]={<<<>>>HTTP/1.1 ...\x00\x00\x00\x00\x00\x00\x00}
13:18:31.511 [qtp1108502178-70] DEBUG org.eclipse.jetty.io.ChannelEndPoint - filled 0 HeapByteBuffer@10a99211[p=0,l=0,c=8192,r=0]={<<<>>>HTTP/1.1 ...\x00\x00\x00\x00\x00\x00\x00}
13:18:31.511 [qtp1108502178-70] DEBUG org.eclipse.jetty.server.HttpConnection - HttpConnection@6451b636::NetworkTrafficSocketChannelEndPoint@56757adf{/127.0.0.1:64995<->/127.0.0.1:8080,OPEN,fill=-,flush=-,to=1/30000}{io=0/0,kio=0,kro=1}->HttpConnection@6451b636[p=HttpParser{s=START,0 of -1},g=HttpGenerator@28dc6d4b{s=START}]=>HttpChannelOverHttp@5c8d11af{s=HttpChannelState@198f945a{s=IDLE rs=BLOCKING os=OPEN is=IDLE awp=false se=false i=true al=0},r=1,c=false/false,a=IDLE,uri=null,age=0} filled 0 HeapByteBuffer@10a99211[p=0,l=0,c=8192,r=0]={<<<>>>HTTP/1.1 ...\x00\x00\x00\x00\x00\x00\x00}
13:18:31.511 [qtp1108502178-70] DEBUG org.eclipse.jetty.server.HttpConnection - HttpConnection@6451b636::NetworkTrafficSocketChannelEndPoint@56757adf{/127.0.0.1:64995<->/127.0.0.1:8080,OPEN,fill=-,flush=-,to=1/30000}{io=0/0,kio=0,kro=1}->HttpConnection@6451b636[p=HttpParser{s=START,0 of -1},g=HttpGenerator@28dc6d4b{s=START}]=>HttpChannelOverHttp@5c8d11af{s=HttpChannelState@198f945a{s=IDLE rs=BLOCKING os=OPEN is=IDLE awp=false se=false i=true al=0},r=1,c=false/false,a=IDLE,uri=null,age=0} parse HeapByteBuffer@10a99211[p=0,l=0,c=8192,r=0]={<<<>>>HTTP/1.1 ...\x00\x00\x00\x00\x00\x00\x00} {}
13:18:31.511 [qtp1108502178-70] DEBUG org.eclipse.jetty.http.HttpParser - parseNext s=START HeapByteBuffer@10a99211[p=0,l=0,c=8192,r=0]={<<<>>>HTTP/1.1 ...\x00\x00\x00\x00\x00\x00\x00}
13:18:31.511 [qtp1108502178-70] DEBUG org.eclipse.jetty.server.HttpConnection - HttpConnection@6451b636::NetworkTrafficSocketChannelEndPoint@56757adf{/127.0.0.1:64995<->/127.0.0.1:8080,OPEN,fill=-,flush=-,to=1/30000}{io=0/0,kio=0,kro=1}->HttpConnection@6451b636[p=HttpParser{s=START,0 of -1},g=HttpGenerator@28dc6d4b{s=START}]=>HttpChannelOverHttp@5c8d11af{s=HttpChannelState@198f945a{s=IDLE rs=BLOCKING os=OPEN is=IDLE awp=false se=false i=true al=0},r=1,c=false/false,a=IDLE,uri=null,age=0} parsed false HttpParser{s=START,0 of -1}
13:18:31.511 [qtp1108502178-70] DEBUG org.eclipse.jetty.server.HttpConnection - releaseRequestBuffer HttpConnection@6451b636::NetworkTrafficSocketChannelEndPoint@56757adf{/127.0.0.1:64995<->/127.0.0.1:8080,OPEN,fill=-,flush=-,to=2/30000}{io=0/0,kio=0,kro=1}->HttpConnection@6451b636[p=HttpParser{s=START,0 of -1},g=HttpGenerator@28dc6d4b{s=START}]=>HttpChannelOverHttp@5c8d11af{s=HttpChannelState@198f945a{s=IDLE rs=BLOCKING os=OPEN is=IDLE awp=false se=false i=true al=0},r=1,c=false/false,a=IDLE,uri=null,age=0}
13:18:31.511 [qtp1108502178-70] DEBUG org.eclipse.jetty.io.AbstractConnection - fillInterested HttpConnection@6451b636::NetworkTrafficSocketChannelEndPoint@56757adf{/127.0.0.1:64995<->/127.0.0.1:8080,OPEN,fill=-,flush=-,to=2/30000}{io=0/0,kio=0,kro=1}->HttpConnection@6451b636[p=HttpParser{s=START,0 of -1},g=HttpGenerator@28dc6d4b{s=START}]=>HttpChannelOverHttp@5c8d11af{s=HttpChannelState@198f945a{s=IDLE rs=BLOCKING os=OPEN is=IDLE awp=false se=false i=true al=0},r=1,c=false/false,a=IDLE,uri=null,age=0}
13:18:31.511 [qtp1108502178-70] DEBUG org.eclipse.jetty.io.FillInterest - interested FillInterest@1ce81196{AC.ReadCB@6451b636{HttpConnection@6451b636::NetworkTrafficSocketChannelEndPoint@56757adf{/127.0.0.1:64995<->/127.0.0.1:8080,OPEN,fill=FI,flush=-,to=0/30000}{io=0/0,kio=0,kro=1}->HttpConnection@6451b636[p=HttpParser{s=START,0 of -1},g=HttpGenerator@28dc6d4b{s=START}]=>HttpChannelOverHttp@5c8d11af{s=HttpChannelState@198f945a{s=IDLE rs=BLOCKING os=OPEN is=IDLE awp=false se=false i=true al=0},r=1,c=false/false,a=IDLE,uri=null,age=0}}}
13:18:31.512 [qtp1108502178-70] DEBUG org.eclipse.jetty.io.ChannelEndPoint - changeInterests p=false 0->1 for NetworkTrafficSocketChannelEndPoint@56757adf{/127.0.0.1:64995<->/127.0.0.1:8080,OPEN,fill=FI,flush=-,to=0/30000}{io=0/1,kio=0,kro=1}->HttpConnection@6451b636[p=HttpParser{s=START,0 of -1},g=HttpGenerator@28dc6d4b{s=START}]=>HttpChannelOverHttp@5c8d11af{s=HttpChannelState@198f945a{s=IDLE rs=BLOCKING os=OPEN is=IDLE awp=false se=false i=true al=0},r=1,c=false/false,a=IDLE,uri=null,age=0}
13:18:31.512 [qtp1108502178-70] DEBUG org.eclipse.jetty.io.ManagedSelector - Queued change org.eclipse.jetty.io.ChannelEndPoint$1@79a06b15 on ManagedSelector@e983464{STARTED} id=1 keys=1 selected=0 updates=0
13:18:31.512 [qtp1108502178-70] DEBUG org.eclipse.jetty.io.ManagedSelector - Wakeup on submit ManagedSelector@e983464{STARTED} id=1 keys=1 selected=0 updates=1
13:18:31.512 [qtp1108502178-65] DEBUG org.eclipse.jetty.io.ManagedSelector - Selector sun.nio.ch.WindowsSelectorImpl@38ce0e5b woken with none selected
13:18:31.512 [qtp1108502178-65] DEBUG org.eclipse.jetty.io.ManagedSelector - Selector sun.nio.ch.WindowsSelectorImpl@38ce0e5b woken up from select, 0/0/1 selected
13:18:31.512 [qtp1108502178-65] DEBUG org.eclipse.jetty.io.ManagedSelector - Selector sun.nio.ch.WindowsSelectorImpl@38ce0e5b processing 0 keys, 1 updates
13:18:31.512 [qtp1108502178-65] DEBUG org.eclipse.jetty.io.ManagedSelector - updateable 1
13:18:31.512 [qtp1108502178-65] DEBUG org.eclipse.jetty.io.ManagedSelector - update org.eclipse.jetty.io.ChannelEndPoint$1@79a06b15
13:18:31.513 [Test worker] DEBUG org.apache.http.impl.conn.PoolingHttpClientConnectionManager - Connection request: [route: {}->http://localhost:8080][total available: 1; route allocated: 1 of 5; total allocated: 1 of 50]
13:18:31.513 [qtp1108502178-65] DEBUG org.eclipse.jetty.io.ChannelEndPoint - Key interests updated 0 -> 1 on NetworkTrafficSocketChannelEndPoint@56757adf{/127.0.0.1:64995<->/127.0.0.1:8080,OPEN,fill=FI,flush=-,to=1/30000}{io=1/1,kio=1,kro=1}->HttpConnection@6451b636[p=HttpParser{s=START,0 of -1},g=HttpGenerator@28dc6d4b{s=START}]=>HttpChannelOverHttp@5c8d11af{s=HttpChannelState@198f945a{s=IDLE rs=BLOCKING os=OPEN is=IDLE awp=false se=false i=true al=0},r=1,c=false/false,a=IDLE,uri=null,age=0}
13:18:31.513 [qtp1108502178-65] DEBUG org.eclipse.jetty.io.ManagedSelector - updates 0
13:18:31.513 [qtp1108502178-65] DEBUG org.eclipse.jetty.io.ManagedSelector - Selector sun.nio.ch.WindowsSelectorImpl@38ce0e5b waiting with 1 keys
13:18:31.513 [Test worker] DEBUG org.apache.http.impl.conn.PoolingHttpClientConnectionManager - Connection leased: [id: 3][route: {}->http://localhost:8080][total available: 0; route allocated: 1 of 5; total allocated: 1 of 50]
13:18:31.513 [Test worker] DEBUG org.apache.http.impl.conn.DefaultManagedHttpClientConnection - http-outgoing-3: set socket timeout to 30000
13:18:31.513 [Test worker] DEBUG org.apache.http.impl.execchain.MainClientExec - Stale connection check
13:18:31.513 [qtp1108502178-70] DEBUG org.eclipse.jetty.server.HttpConnection - HttpConnection@6451b636::NetworkTrafficSocketChannelEndPoint@56757adf{/127.0.0.1:64995<->/127.0.0.1:8080,OPEN,fill=FI,flush=-,to=1/30000}{io=1/1,kio=1,kro=1}->HttpConnection@6451b636[p=HttpParser{s=START,0 of -1},g=HttpGenerator@28dc6d4b{s=START}]=>HttpChannelOverHttp@5c8d11af{s=HttpChannelState@198f945a{s=IDLE rs=BLOCKING os=OPEN is=IDLE awp=false se=false i=true al=0},r=1,c=false/false,a=IDLE,uri=null,age=0} onFillable exit HttpChannelState@198f945a{s=IDLE rs=BLOCKING os=OPEN is=IDLE awp=false se=false i=true al=0} null
13:18:31.513 [qtp1108502178-70] DEBUG org.eclipse.jetty.util.thread.QueuedThreadPool - ran CEP:NetworkTrafficSocketChannelEndPoint@56757adf{/127.0.0.1:64995<->/127.0.0.1:8080,OPEN,fill=FI,flush=-,to=1/30000}{io=1/1,kio=1,kro=1}->HttpConnection@6451b636[p=HttpParser{s=START,0 of -1},g=HttpGenerator@28dc6d4b{s=START}]=>HttpChannelOverHttp@5c8d11af{s=HttpChannelState@198f945a{s=IDLE rs=BLOCKING os=OPEN is=IDLE awp=false se=false i=true al=0},r=1,c=false/false,a=IDLE,uri=null,age=0}:runFillable:BLOCKING in QueuedThreadPool[qtp1108502178]@421266a2{STARTED,8<=8<=14,i=1,r=1,q=0}[ReservedThreadExecutor@93479f5{s=1/1,p=0}]
13:18:31.514 [Test worker] DEBUG org.apache.http.wire - http-outgoing-3 << "[read] I/O error: Read timed out"
13:18:31.514 [Test worker] DEBUG org.apache.http.impl.execchain.MainClientExec - Executing request POST /__admin/mappings HTTP/1.1
13:18:31.514 [Test worker] DEBUG org.apache.http.impl.execchain.MainClientExec - Target auth state: UNCHALLENGED
13:18:31.514 [Test worker] DEBUG org.apache.http.impl.execchain.MainClientExec - Proxy auth state: UNCHALLENGED
13:18:31.514 [Test worker] DEBUG org.apache.http.headers - http-outgoing-3 >> POST /__admin/mappings HTTP/1.1
13:18:31.514 [Test worker] DEBUG org.apache.http.headers - http-outgoing-3 >> Content-Length: 644
13:18:31.514 [Test worker] DEBUG org.apache.http.headers - http-outgoing-3 >> Content-Type: text/plain; charset=UTF-8
13:18:31.514 [Test worker] DEBUG org.apache.http.headers - http-outgoing-3 >> Host: localhost:8080
13:18:31.514 [Test worker] DEBUG org.apache.http.headers - http-outgoing-3 >> Connection: Keep-Alive
13:18:31.514 [Test worker] DEBUG org.apache.http.headers - http-outgoing-3 >> User-Agent: Apache-HttpClient/4.5.12 (Java/11.0.2)
13:18:31.514 [Test worker] DEBUG org.apache.http.wire - http-outgoing-3 >> "POST /__admin/mappings HTTP/1.1[\r][\n]"
13:18:31.514 [Test worker] DEBUG org.apache.http.wire - http-outgoing-3 >> "Content-Length: 644[\r][\n]"
13:18:31.514 [Test worker] DEBUG org.apache.http.wire - http-outgoing-3 >> "Content-Type: text/plain; charset=UTF-8[\r][\n]"
13:18:31.514 [Test worker] DEBUG org.apache.http.wire - http-outgoing-3 >> "Host: localhost:8080[\r][\n]"
13:18:31.514 [Test worker] DEBUG org.apache.http.wire - http-outgoing-3 >> "Connection: Keep-Alive[\r][\n]"
13:18:31.515 [Test worker] DEBUG org.apache.http.wire - http-outgoing-3 >> "User-Agent: Apache-HttpClient/4.5.12 (Java/11.0.2)[\r][\n]"
13:18:31.515 [Test worker] DEBUG org.apache.http.wire - http-outgoing-3 >> "[\r][\n]"
13:18:31.515 [Test worker] DEBUG org.apache.http.wire - http-outgoing-3 >> "{[\r][\n]"
13:18:31.515 [Test worker] DEBUG org.apache.http.wire - http-outgoing-3 >> "  "id" : "f76ac9e4-347a-4b15-a03a-1dae063c4d35",[\r][\n]"
13:18:31.515 [Test worker] DEBUG org.apache.http.wire - http-outgoing-3 >> "  "request" : {[\r][\n]"
13:18:31.515 [Test worker] DEBUG org.apache.http.wire - http-outgoing-3 >> "    "url" : "/api/v0/components/login",[\r][\n]"
13:18:31.515 [Test worker] DEBUG org.apache.http.wire - http-outgoing-3 >> "    "method" : "POST",[\r][\n]"
13:18:31.515 [Test worker] DEBUG org.apache.http.wire - http-outgoing-3 >> "    "headers" : {[\r][\n]"
13:18:31.515 [Test worker] DEBUG org.apache.http.wire - http-outgoing-3 >> "      "Content-Type" : {[\r][\n]"
13:18:31.515 [Test worker] DEBUG org.apache.http.wire - http-outgoing-3 >> "        "equalTo" : "application/json"[\r][\n]"
13:18:31.515 [Test worker] DEBUG org.apache.http.wire - http-outgoing-3 >> "      }[\r][\n]"
13:18:31.515 [Test worker] DEBUG org.apache.http.wire - http-outgoing-3 >> "    },[\r][\n]"
13:18:31.515 [Test worker] DEBUG org.apache.http.wire - http-outgoing-3 >> "    "bodyPatterns" : [ {[\r][\n]"
13:18:31.515 [Test worker] DEBUG org.apache.http.wire - http-outgoing-3 >> "      "equalTo" : "{\"password\":\"123456\",\"username\":\"catalogClientApi\"}"[\r][\n]"
13:18:31.515 [Test worker] DEBUG org.apache.http.wire - http-outgoing-3 >> "    } ][\r][\n]"
13:18:31.515 [Test worker] DEBUG org.apache.http.wire - http-outgoing-3 >> "  },[\r][\n]"
13:18:31.515 [Test worker] DEBUG org.apache.http.wire - http-outgoing-3 >> "  "response" : {[\r][\n]"
13:18:31.515 [Test worker] DEBUG org.apache.http.wire - http-outgoing-3 >> "    "status" : 200,[\r][\n]"
13:18:31.515 [Test worker] DEBUG org.apache.http.wire - http-outgoing-3 >> "    "body" : "{\"token\":\"someToken\"}",[\r][\n]"
13:18:31.515 [Test worker] DEBUG org.apache.http.wire - http-outgoing-3 >> "    "headers" : {[\r][\n]"
13:18:31.515 [Test worker] DEBUG org.apache.http.wire - http-outgoing-3 >> "      "Content-Type" : "application/json"[\r][\n]"
13:18:31.515 [Test worker] DEBUG org.apache.http.wire - http-outgoing-3 >> "    }[\r][\n]"
13:18:31.515 [Test worker] DEBUG org.apache.http.wire - http-outgoing-3 >> "  },[\r][\n]"
13:18:31.515 [Test worker] DEBUG org.apache.http.wire - http-outgoing-3 >> "  "uuid" : "f76ac9e4-347a-4b15-a03a-1dae063c4d35",[\r][\n]"
13:18:31.515 [Test worker] DEBUG org.apache.http.wire - http-outgoing-3 >> "  "scenarioName" : "unAuthorized",[\r][\n]"
13:18:31.515 [Test worker] DEBUG org.apache.http.wire - http-outgoing-3 >> "  "requiredScenarioState" : "Started"[\r][\n]"
13:18:31.515 [Test worker] DEBUG org.apache.http.wire - http-outgoing-3 >> "}"
13:18:31.515 [qtp1108502178-65] DEBUG org.eclipse.jetty.io.ManagedSelector - Selector sun.nio.ch.WindowsSelectorImpl@38ce0e5b woken up from select, 1/1/1 selected
13:18:31.515 [qtp1108502178-65] DEBUG org.eclipse.jetty.io.ManagedSelector - Selector sun.nio.ch.WindowsSelectorImpl@38ce0e5b processing 1 keys, 0 updates
13:18:31.515 [qtp1108502178-65] DEBUG org.eclipse.jetty.io.ManagedSelector - selected 1 channel=java.nio.channels.SocketChannel[connected local=/127.0.0.1:8080 remote=/127.0.0.1:64995], selector=sun.nio.ch.WindowsSelectorImpl@38ce0e5b, interestOps=1, readyOps=1 NetworkTrafficSocketChannelEndPoint@56757adf{/127.0.0.1:64995<->/127.0.0.1:8080,OPEN,fill=FI,flush=-,to=3/30000}{io=1/1,kio=1,kro=1}->HttpConnection@6451b636[p=HttpParser{s=START,0 of -1},g=HttpGenerator@28dc6d4b{s=START}]=>HttpChannelOverHttp@5c8d11af{s=HttpChannelState@198f945a{s=IDLE rs=BLOCKING os=OPEN is=IDLE awp=false se=false i=true al=0},r=1,c=false/false,a=IDLE,uri=null,age=0} 
13:18:31.515 [qtp1108502178-65] DEBUG org.eclipse.jetty.io.ChannelEndPoint - onSelected 1->0 r=true w=false for NetworkTrafficSocketChannelEndPoint@56757adf{/127.0.0.1:64995<->/127.0.0.1:8080,OPEN,fill=FI,flush=-,to=3/30000}{io=1/0,kio=1,kro=1}->HttpConnection@6451b636[p=HttpParser{s=START,0 of -1},g=HttpGenerator@28dc6d4b{s=START}]=>HttpChannelOverHttp@5c8d11af{s=HttpChannelState@198f945a{s=IDLE rs=BLOCKING os=OPEN is=IDLE awp=false se=false i=true al=0},r=1,c=false/false,a=IDLE,uri=null,age=0}
13:18:31.515 [qtp1108502178-65] DEBUG org.eclipse.jetty.io.ChannelEndPoint - task CEP:NetworkTrafficSocketChannelEndPoint@56757adf{/127.0.0.1:64995<->/127.0.0.1:8080,OPEN,fill=FI,flush=-,to=3/30000}{io=1/0,kio=1,kro=1}->HttpConnection@6451b636[p=HttpParser{s=START,0 of -1},g=HttpGenerator@28dc6d4b{s=START}]=>HttpChannelOverHttp@5c8d11af{s=HttpChannelState@198f945a{s=IDLE rs=BLOCKING os=OPEN is=IDLE awp=false se=false i=true al=0},r=1,c=false/false,a=IDLE,uri=null,age=0}:runFillable:BLOCKING
13:18:31.516 [qtp1108502178-65] DEBUG org.eclipse.jetty.util.thread.ReservedThreadExecutor - ReservedThreadExecutor@93479f5{s=1/1,p=0} tryExecute EatWhatYouKill@1083962f/SelectorProducer@4f65efc7/PRODUCING/p=false/QueuedThreadPool[qtp1108502178]@421266a2{STARTED,8<=8<=14,i=2,r=1,q=0}[ReservedThreadExecutor@93479f5{s=1/1,p=0}][pc=0,pic=0,pec=1,epc=0]@2020-09-25T13:18:31.5168386+02:00
13:18:31.516 [qtp1108502178-65] DEBUG org.eclipse.jetty.util.thread.ReservedThreadExecutor - ReservedThreadExecutor@93479f5{s=0/1,p=0}@3236652b offer EatWhatYouKill@1083962f/SelectorProducer@4f65efc7/PRODUCING/p=false/QueuedThreadPool[qtp1108502178]@421266a2{STARTED,8<=8<=14,i=2,r=1,q=0}[ReservedThreadExecutor@93479f5{s=0/1,p=0}][pc=0,pic=0,pec=1,epc=0]@2020-09-25T13:18:31.5168386+02:00
13:18:31.516 [qtp1108502178-65] DEBUG org.eclipse.jetty.util.thread.ReservedThreadExecutor - ReservedThreadExecutor@93479f5{s=0/1,p=1} startReservedThread p=1
13:18:31.540 [qtp1108502178-65] DEBUG org.eclipse.jetty.util.thread.QueuedThreadPool - queue ReservedThreadExecutor@93479f5{s=0/1,p=1}@7734fd09 startThread=0
13:18:31.540 [qtp1108502178-71] DEBUG org.eclipse.jetty.util.thread.QueuedThreadPool - run ReservedThreadExecutor@93479f5{s=0/1,p=1}@7734fd09 in QueuedThreadPool[qtp1108502178]@421266a2{STARTED,8<=8<=14,i=1,r=1,q=0}[ReservedThreadExecutor@93479f5{s=0/1,p=1}]
13:18:31.540 [qtp1108502178-65] DEBUG org.eclipse.jetty.util.thread.strategy.EatWhatYouKill - EatWhatYouKill@1083962f/SelectorProducer@4f65efc7/IDLE/p=true/QueuedThreadPool[qtp1108502178]@421266a2{STARTED,8<=8<=14,i=1,r=1,q=0}[ReservedThreadExecutor@93479f5{s=1/1,p=1}][pc=0,pic=0,pec=1,epc=0]@2020-09-25T13:18:31.5408668+02:00 m=EXECUTE_PRODUCE_CONSUME t=CEP:NetworkTrafficSocketChannelEndPoint@56757adf{/127.0.0.1:64995<->/127.0.0.1:8080,OPEN,fill=FI,flush=-,to=28/30000}{io=1/0,kio=1,kro=1}->HttpConnection@6451b636[p=HttpParser{s=START,0 of -1},g=HttpGenerator@28dc6d4b{s=START}]=>HttpChannelOverHttp@5c8d11af{s=HttpChannelState@198f945a{s=IDLE rs=BLOCKING os=OPEN is=IDLE awp=false se=false i=true al=0},r=1,c=false/false,a=IDLE,uri=null,age=0}:runFillable:BLOCKING/BLOCKING
13:18:31.540 [qtp1108502178-65] DEBUG org.eclipse.jetty.io.FillInterest - fillable FillInterest@1ce81196{AC.ReadCB@6451b636{HttpConnection@6451b636::NetworkTrafficSocketChannelEndPoint@56757adf{/127.0.0.1:64995<->/127.0.0.1:8080,OPEN,fill=FI,flush=-,to=28/30000}{io=1/0,kio=1,kro=1}->HttpConnection@6451b636[p=HttpParser{s=START,0 of -1},g=HttpGenerator@28dc6d4b{s=START}]=>HttpChannelOverHttp@5c8d11af{s=HttpChannelState@198f945a{s=IDLE rs=BLOCKING os=OPEN is=IDLE awp=false se=false i=true al=0},r=1,c=false/false,a=IDLE,uri=null,age=0}}}
13:18:31.540 [qtp1108502178-71] DEBUG org.eclipse.jetty.util.thread.ReservedThreadExecutor - ReservedThreadExecutor@93479f5{s=1/1,p=1}@7734fd09 started
13:18:31.540 [qtp1108502178-65] DEBUG org.eclipse.jetty.server.HttpConnection - HttpConnection@6451b636::NetworkTrafficSocketChannelEndPoint@56757adf{/127.0.0.1:64995<->/127.0.0.1:8080,OPEN,fill=-,flush=-,to=28/30000}{io=1/0,kio=1,kro=1}->HttpConnection@6451b636[p=HttpParser{s=START,0 of -1},g=HttpGenerator@28dc6d4b{s=START}]=>HttpChannelOverHttp@5c8d11af{s=HttpChannelState@198f945a{s=IDLE rs=BLOCKING os=OPEN is=IDLE awp=false se=false i=true al=0},r=1,c=false/false,a=IDLE,uri=null,age=0} onFillable enter HttpChannelState@198f945a{s=IDLE rs=BLOCKING os=OPEN is=IDLE awp=false se=false i=true al=0} null
13:18:31.540 [qtp1108502178-65] DEBUG org.eclipse.jetty.io.ChannelEndPoint - filled 839 HeapByteBuffer@10a99211[p=0,l=839,c=8192,r=839]={<<<POST /__admin/mappings HT...ioState" : "Started"\r\n}>>>\x00\x00\x00\x00\x00\x00\x00\x00\x00...\x00\x00\x00\x00\x00\x00\x00}
13:18:31.541 [qtp1108502178-69] DEBUG org.eclipse.jetty.util.thread.ReservedThreadExecutor - ReservedThreadExecutor@93479f5{s=0/1,p=1}@3236652b task=EatWhatYouKill@1083962f/SelectorProducer@4f65efc7/IDLE/p=true/QueuedThreadPool[qtp1108502178]@421266a2{STARTED,8<=8<=14,i=1,r=1,q=0}[ReservedThreadExecutor@93479f5{s=1/1,p=0}][pc=0,pic=0,pec=1,epc=1]@2020-09-25T13:18:31.5408668+02:00
13:18:31.541 [qtp1108502178-65] DEBUG org.eclipse.jetty.server.HttpConnection - HttpConnection@6451b636::NetworkTrafficSocketChannelEndPoint@56757adf{/127.0.0.1:64995<->/127.0.0.1:8080,OPEN,fill=-,flush=-,to=0/30000}{io=1/0,kio=1,kro=1}->HttpConnection@6451b636[p=HttpParser{s=START,0 of -1},g=HttpGenerator@28dc6d4b{s=START}]=>HttpChannelOverHttp@5c8d11af{s=HttpChannelState@198f945a{s=IDLE rs=BLOCKING os=OPEN is=IDLE awp=false se=false i=true al=0},r=1,c=false/false,a=IDLE,uri=null,age=0} filled 839 HeapByteBuffer@10a99211[p=0,l=839,c=8192,r=839]={<<<POST /__admin/mappings HT...ioState" : "Started"\r\n}>>>\x00\x00\x00\x00\x00\x00\x00\x00\x00...\x00\x00\x00\x00\x00\x00\x00}
13:18:31.541 [qtp1108502178-69] DEBUG org.eclipse.jetty.util.thread.strategy.EatWhatYouKill - EatWhatYouKill@1083962f/SelectorProducer@4f65efc7/IDLE/p=true/QueuedThreadPool[qtp1108502178]@421266a2{STARTED,8<=8<=14,i=1,r=1,q=0}[ReservedThreadExecutor@93479f5{s=1/1,p=0}][pc=0,pic=0,pec=1,epc=1]@2020-09-25T13:18:31.5418505+02:00 tryProduce true
13:18:31.541 [qtp1108502178-65] DEBUG org.eclipse.jetty.server.HttpConnection - HttpConnection@6451b636::NetworkTrafficSocketChannelEndPoint@56757adf{/127.0.0.1:64995<->/127.0.0.1:8080,OPEN,fill=-,flush=-,to=0/30000}{io=1/0,kio=1,kro=1}->HttpConnection@6451b636[p=HttpParser{s=START,0 of -1},g=HttpGenerator@28dc6d4b{s=START}]=>HttpChannelOverHttp@5c8d11af{s=HttpChannelState@198f945a{s=IDLE rs=BLOCKING os=OPEN is=IDLE awp=false se=false i=true al=0},r=1,c=false/false,a=IDLE,uri=null,age=0} parse HeapByteBuffer@10a99211[p=0,l=839,c=8192,r=839]={<<<POST /__admin/mappings HT...ioState" : "Started"\r\n}>>>\x00\x00\x00\x00\x00\x00\x00\x00\x00...\x00\x00\x00\x00\x00\x00\x00} {}
13:18:31.541 [qtp1108502178-65] DEBUG org.eclipse.jetty.http.HttpParser - parseNext s=START HeapByteBuffer@10a99211[p=0,l=839,c=8192,r=839]={<<<POST /__admin/mappings HT...ioState" : "Started"\r\n}>>>\x00\x00\x00\x00\x00\x00\x00\x00\x00...\x00\x00\x00\x00\x00\x00\x00}
13:18:31.541 [qtp1108502178-65] DEBUG org.eclipse.jetty.http.HttpParser - START --> SPACE1
13:18:31.541 [qtp1108502178-69] DEBUG org.eclipse.jetty.io.ManagedSelector - updateable 0
13:18:31.541 [qtp1108502178-69] DEBUG org.eclipse.jetty.io.ManagedSelector - updates 0
13:18:31.541 [qtp1108502178-69] DEBUG org.eclipse.jetty.io.ChannelEndPoint - Key interests updated 1 -> 0 on NetworkTrafficSocketChannelEndPoint@56757adf{/127.0.0.1:64995<->/127.0.0.1:8080,OPEN,fill=-,flush=-,to=0/30000}{io=0/0,kio=0,kro=1}->HttpConnection@6451b636[p=HttpParser{s=SPACE1,0 of -1},g=HttpGenerator@28dc6d4b{s=START}]=>HttpChannelOverHttp@5c8d11af{s=HttpChannelState@198f945a{s=IDLE rs=BLOCKING os=OPEN is=IDLE awp=false se=false i=true al=0},r=1,c=false/false,a=IDLE,uri=null,age=0}
13:18:31.541 [qtp1108502178-69] DEBUG org.eclipse.jetty.io.ManagedSelector - Selector sun.nio.ch.WindowsSelectorImpl@38ce0e5b waiting with 1 keys
13:18:31.540 [qtp1108502178-71] DEBUG org.eclipse.jetty.util.thread.ReservedThreadExecutor - ReservedThreadExecutor@93479f5{s=1/1,p=0}@7734fd09 waiting
13:18:31.541 [qtp1108502178-65] DEBUG org.eclipse.jetty.http.HttpParser - SPACE1 --> URI
13:18:31.542 [qtp1108502178-65] DEBUG org.eclipse.jetty.http.HttpParser - URI --> SPACE2
13:18:31.542 [qtp1108502178-65] DEBUG org.eclipse.jetty.http.HttpParser - SPACE2 --> REQUEST_VERSION
13:18:31.542 [qtp1108502178-65] DEBUG org.eclipse.jetty.http.HttpParser - REQUEST_VERSION --> HEADER
13:18:31.542 [qtp1108502178-65] DEBUG org.eclipse.jetty.http.HttpParser - HEADER:Content-Length --> VALUE
13:18:31.542 [qtp1108502178-65] DEBUG org.eclipse.jetty.http.HttpParser - HEADER:Content-Length --> IN_VALUE
13:18:31.542 [qtp1108502178-65] DEBUG org.eclipse.jetty.http.HttpParser - HEADER:Content-Length --> FIELD
13:18:31.542 [qtp1108502178-65] DEBUG org.eclipse.jetty.http.HttpParser - HEADER:Content-Type: text/plain; charset=UTF-8 --> IN_VALUE
13:18:31.542 [qtp1108502178-65] DEBUG org.eclipse.jetty.http.HttpParser - HEADER:Content-Type: text/plain; charset=UTF-8 --> FIELD
13:18:31.542 [qtp1108502178-65] DEBUG org.eclipse.jetty.http.HttpParser - HEADER:Host: localhost:8080 --> IN_VALUE
13:18:31.542 [qtp1108502178-65] DEBUG org.eclipse.jetty.http.HttpParser - HEADER:Host: localhost:8080 --> FIELD
13:18:31.543 [qtp1108502178-65] DEBUG org.eclipse.jetty.http.HttpParser - HEADER:Connection: keep-alive --> IN_VALUE
13:18:31.543 [qtp1108502178-65] DEBUG org.eclipse.jetty.http.HttpParser - HEADER:Connection: keep-alive --> FIELD
13:18:31.543 [qtp1108502178-65] DEBUG org.eclipse.jetty.http.HttpParser - HEADER:User-Agent: Apache-HttpClient/4.5.12 (Java/11.0.2) --> IN_VALUE
13:18:31.543 [qtp1108502178-65] DEBUG org.eclipse.jetty.http.HttpParser - HEADER:User-Agent: Apache-HttpClient/4.5.12 (Java/11.0.2) --> FIELD
13:18:31.543 [qtp1108502178-65] DEBUG org.eclipse.jetty.http.HttpParser - HEADER --> CONTENT
13:18:31.543 [qtp1108502178-65] DEBUG org.eclipse.jetty.server.HttpChannel - REQUEST for //localhost:8080/__admin/mappings on HttpChannelOverHttp@5c8d11af{s=HttpChannelState@198f945a{s=IDLE rs=BLOCKING os=OPEN is=IDLE awp=false se=false i=true al=0},r=2,c=false/false,a=IDLE,uri=//localhost:8080/__admin/mappings,age=0}
POST //localhost:8080/__admin/mappings HTTP/1.1
Content-Length: 644
Content-Type: text/plain; charset=UTF-8
Host: localhost:8080
Connection: keep-alive
User-Agent: Apache-HttpClient/4.5.12 (Java/11.0.2)


13:18:31.543 [qtp1108502178-65] DEBUG org.eclipse.jetty.server.HttpConnection - HttpConnection@6451b636::NetworkTrafficSocketChannelEndPoint@56757adf{/127.0.0.1:64995<->/127.0.0.1:8080,OPEN,fill=-,flush=-,to=2/30000}{io=0/0,kio=0,kro=1}->HttpConnection@6451b636[p=HttpParser{s=CONTENT,0 of 644},g=HttpGenerator@28dc6d4b{s=START}]=>HttpChannelOverHttp@5c8d11af{s=HttpChannelState@198f945a{s=IDLE rs=BLOCKING os=OPEN is=IDLE awp=false se=false i=true al=0},r=2,c=false/false,a=IDLE,uri=//localhost:8080/__admin/mappings,age=0} parsed true HttpParser{s=CONTENT,0 of 644}
13:18:31.543 [qtp1108502178-65] DEBUG org.eclipse.jetty.server.HttpChannel - handle //localhost:8080/__admin/mappings HttpChannelOverHttp@5c8d11af{s=HttpChannelState@198f945a{s=IDLE rs=BLOCKING os=OPEN is=IDLE awp=false se=false i=true al=0},r=2,c=false/false,a=IDLE,uri=//localhost:8080/__admin/mappings,age=0} 
13:18:31.543 [qtp1108502178-65] DEBUG org.eclipse.jetty.server.HttpChannelState - handling HttpChannelState@198f945a{s=IDLE rs=BLOCKING os=OPEN is=IDLE awp=false se=false i=true al=0}
13:18:31.543 [qtp1108502178-65] DEBUG org.eclipse.jetty.server.HttpChannel - action DISPATCH HttpChannelOverHttp@5c8d11af{s=HttpChannelState@198f945a{s=HANDLING rs=BLOCKING os=OPEN is=IDLE awp=false se=false i=true al=0},r=2,c=false/false,a=HANDLING,uri=//localhost:8080/__admin/mappings,age=0}
13:18:31.543 [qtp1108502178-65] DEBUG org.eclipse.jetty.server.Server - REQUEST POST /__admin/mappings on HttpChannelOverHttp@5c8d11af{s=HttpChannelState@198f945a{s=HANDLING rs=BLOCKING os=OPEN is=IDLE awp=false se=false i=true al=0},r=2,c=false/false,a=HANDLING,uri=//localhost:8080/__admin/mappings,age=0}
13:18:31.543 [qtp1108502178-65] DEBUG org.eclipse.jetty.server.handler.ContextHandler - scope null||/__admin/mappings @ o.e.j.s.ServletContextHandler@2f1e63de{/__admin,null,AVAILABLE}
13:18:31.543 [qtp1108502178-65] DEBUG org.eclipse.jetty.server.handler.ContextHandler - context=/__admin||/mappings @ o.e.j.s.ServletContextHandler@2f1e63de{/__admin,null,AVAILABLE}
13:18:31.543 [qtp1108502178-65] DEBUG org.eclipse.jetty.servlet.ServletHandler - servlet /__admin|/mappings|null -> com.github.tomakehurst.wiremock.servlet.WireMockHandlerDispatchingServlet-7745697d@69019bbf==com.github.tomakehurst.wiremock.servlet.WireMockHandlerDispatchingServlet,jsp=null,order=-1,inst=true,async=true
13:18:31.543 [qtp1108502178-65] DEBUG org.eclipse.jetty.servlet.ServletHandler - chain=org.eclipse.jetty.servlets.CrossOriginFilter-123afc25@123afc25==org.eclipse.jetty.servlets.CrossOriginFilter,inst=true,async=true->com.github.tomakehurst.wiremock.servlet.WireMockHandlerDispatchingServlet-7745697d@69019bbf==com.github.tomakehurst.wiremock.servlet.WireMockHandlerDispatchingServlet,jsp=null,order=-1,inst=true,async=true
13:18:31.543 [qtp1108502178-65] DEBUG org.eclipse.jetty.servlet.ServletHandler - call filter org.eclipse.jetty.servlets.CrossOriginFilter-123afc25@123afc25==org.eclipse.jetty.servlets.CrossOriginFilter,inst=true,async=true
13:18:31.543 [qtp1108502178-65] DEBUG org.eclipse.jetty.servlet.ServletHandler - call servlet com.github.tomakehurst.wiremock.servlet.WireMockHandlerDispatchingServlet-7745697d@69019bbf==com.github.tomakehurst.wiremock.servlet.WireMockHandlerDispatchingServlet,jsp=null,order=-1,inst=true,async=true
13:18:31.544 [qtp1108502178-65] DEBUG org.eclipse.jetty.server.HttpConnection - HttpConnection@6451b636::NetworkTrafficSocketChannelEndPoint@56757adf{/127.0.0.1:64995<->/127.0.0.1:8080,OPEN,fill=-,flush=-,to=3/30000}{io=0/0,kio=0,kro=1}->HttpConnection@6451b636[p=HttpParser{s=CONTENT,0 of 644},g=HttpGenerator@28dc6d4b{s=START}]=>HttpChannelOverHttp@5c8d11af{s=HttpChannelState@198f945a{s=HANDLING rs=BLOCKING os=OPEN is=IDLE awp=false se=false i=true al=0},r=2,c=false/false,a=HANDLING,uri=//localhost:8080/__admin/mappings,age=1} parse HeapByteBuffer@10a99211[p=195,l=839,c=8192,r=644]={POST /__a....2)\r\n\r\n<<<{\r\n  "id" : "f76ac9e4-347...ioState" : "Started"\r\n}>>>\x00\x00\x00\x00\x00\x00\x00\x00\x00...\x00\x00\x00\x00\x00\x00\x00} {}
13:18:31.544 [qtp1108502178-65] DEBUG org.eclipse.jetty.http.HttpParser - parseNext s=CONTENT HeapByteBuffer@10a99211[p=195,l=839,c=8192,r=644]={POST /__a....2)\r\n\r\n<<<{\r\n  "id" : "f76ac9e4-347...ioState" : "Started"\r\n}>>>\x00\x00\x00\x00\x00\x00\x00\x00\x00...\x00\x00\x00\x00\x00\x00\x00}
13:18:31.544 [qtp1108502178-65] DEBUG org.eclipse.jetty.server.HttpChannel - onContent HttpChannelOverHttp@5c8d11af{s=HttpChannelState@198f945a{s=HANDLING rs=BLOCKING os=OPEN is=IDLE awp=false se=false i=true al=0},r=2,c=false/false,a=HANDLING,uri=//localhost:8080/__admin/mappings,age=1} Content@3fc08962{HeapByteBufferR@468949cf[p=195,l=839,c=8192,r=644]={POST /__a....2)\r\n\r\n<<<{\r\n  "id" : "f76ac9e4-347...ioState" : "Started"\r\n}>>>\x00\x00\x00\x00\x00\x00\x00\x00\x00...\x00\x00\x00\x00\x00\x00\x00}}
13:18:31.544 [qtp1108502178-65] DEBUG org.eclipse.jetty.server.HttpInput - HttpInputOverHTTP@218bdaba[c=0,q=0,[0]=null,s=STREAM] addContent Content@3fc08962{HeapByteBufferR@468949cf[p=195,l=839,c=8192,r=644]={POST /__a....2)\r\n\r\n<<<{\r\n  "id" : "f76ac9e4-347...ioState" : "Started"\r\n}>>>\x00\x00\x00\x00\x00\x00\x00\x00\x00...\x00\x00\x00\x00\x00\x00\x00}}
13:18:31.544 [qtp1108502178-65] DEBUG org.eclipse.jetty.http.HttpParser - CONTENT --> CONTENT_END
13:18:31.544 [qtp1108502178-65] DEBUG org.eclipse.jetty.server.HttpChannel - onContentComplete HttpChannelOverHttp@5c8d11af{s=HttpChannelState@198f945a{s=HANDLING rs=BLOCKING os=OPEN is=IDLE awp=false se=false i=true al=0},r=2,c=false/false,a=HANDLING,uri=//localhost:8080/__admin/mappings,age=1}
13:18:31.544 [qtp1108502178-65] DEBUG org.eclipse.jetty.http.HttpParser - CONTENT_END --> END
13:18:31.544 [qtp1108502178-65] DEBUG org.eclipse.jetty.server.HttpChannel - onRequestComplete HttpChannelOverHttp@5c8d11af{s=HttpChannelState@198f945a{s=HANDLING rs=BLOCKING os=OPEN is=IDLE awp=false se=false i=true al=0},r=2,c=false/false,a=HANDLING,uri=//localhost:8080/__admin/mappings,age=1}
13:18:31.544 [qtp1108502178-65] DEBUG org.eclipse.jetty.server.HttpInput - HttpInputOverHTTP@218bdaba[c=0,q=1,[0]=EOF,s=STREAM] addContent EOF
13:18:31.544 [qtp1108502178-65] DEBUG org.eclipse.jetty.server.HttpConnection - HttpConnection@6451b636::NetworkTrafficSocketChannelEndPoint@56757adf{/127.0.0.1:64995<->/127.0.0.1:8080,OPEN,fill=-,flush=-,to=3/30000}{io=0/0,kio=0,kro=1}->HttpConnection@6451b636[p=HttpParser{s=END,644 of 644},g=HttpGenerator@28dc6d4b{s=START}]=>HttpChannelOverHttp@5c8d11af{s=HttpChannelState@198f945a{s=HANDLING rs=BLOCKING os=OPEN is=IDLE awp=false se=false i=true al=0},r=2,c=false/false,a=HANDLING,uri=//localhost:8080/__admin/mappings,age=1} parsed false HttpParser{s=END,644 of 644}
13:18:31.544 [qtp1108502178-65] DEBUG org.eclipse.jetty.server.HttpInput - HttpInputOverHTTP@218bdaba[c=644,q=1,[0]=EOF,s=STREAM] read 644 from Content@3fc08962{HeapByteBufferR@468949cf[p=839,l=839,c=8192,r=0]={POST /__a...ted"\r\n}<<<>>>\x00\x00\x00\x00\x00\x00\x00\x00\x00...\x00\x00\x00\x00\x00\x00\x00}}
13:18:31.545 [qtp1108502178-65] DEBUG org.eclipse.jetty.server.HttpConnection - releaseRequestBuffer HttpConnection@6451b636::NetworkTrafficSocketChannelEndPoint@56757adf{/127.0.0.1:64995<->/127.0.0.1:8080,OPEN,fill=-,flush=-,to=4/30000}{io=0/0,kio=0,kro=1}->HttpConnection@6451b636[p=HttpParser{s=END,644 of 644},g=HttpGenerator@28dc6d4b{s=START}]=>HttpChannelOverHttp@5c8d11af{s=HttpChannelState@198f945a{s=HANDLING rs=BLOCKING os=OPEN is=IDLE awp=false se=false i=true al=0},r=2,c=false/false,a=HANDLING,uri=//localhost:8080/__admin/mappings,age=2}
13:18:31.545 [qtp1108502178-65] DEBUG org.eclipse.jetty.server.HttpChannelState - onEof HttpChannelState@198f945a{s=HANDLING rs=BLOCKING os=OPEN is=IDLE awp=false se=false i=true al=0}
13:18:31.577 [qtp1108502178-65] DEBUG org.eclipse.jetty.server.HttpOutput - write(array HeapByteBuffer@20e0f125[p=0,l=644,c=8192,r=644]={<<<{\r\n  "id" : "f76ac9e4-347...ioState" : "Started"\r\n}>>>\x00\x00\x00\x00\x00\x00\x00\x00\x00...\x00\x00\x00\x00\x00\x00\x00})
13:18:31.577 [qtp1108502178-65] DEBUG org.eclipse.jetty.server.HttpOutput - write(array) s=OPEN,api=BLOCKING,sc=false,e=null aggregated !flush DirectByteBuffer@3b5b29a7[p=0,l=644,c=32768,r=644]={<<<{\r\n  "id" : "f76ac9e4-347...ioState" : "Started"\r\n}>>>\x00\x00\x00\x00\x00\x00\x00\x00\x00...\x00\x00\x00\x00\x00\x00\x00}
13:18:31.577 [qtp1108502178-65] DEBUG org.eclipse.jetty.server.HttpChannel - sendResponse info=null content=DirectByteBuffer@3b5b29a7[p=0,l=644,c=32768,r=644]={<<<{\r\n  "id" : "f76ac9e4-347...ioState" : "Started"\r\n}>>>\x00\x00\x00\x00\x00\x00\x00\x00\x00...\x00\x00\x00\x00\x00\x00\x00} complete=false committing=true callback=Blocker@310fe656{null}
13:18:31.578 [qtp1108502178-65] DEBUG org.eclipse.jetty.server.HttpChannel - COMMIT for /__admin/mappings on HttpChannelOverHttp@5c8d11af{s=HttpChannelState@198f945a{s=HANDLING rs=BLOCKING os=COMMITTED is=READY awp=false se=false i=true al=0},r=2,c=false/false,a=HANDLING,uri=//localhost:8080/__admin/mappings,age=34}
201 null HTTP/1.1
Content-Type: application/json


13:18:31.578 [qtp1108502178-65] DEBUG org.eclipse.jetty.server.HttpConnection - generate: NEED_HEADER for org.eclipse.jetty.server.HttpConnection$SendCallback@4e2eb4c7[PROCESSING][i=HTTP/1.1{s=201,h=1,cl=-1},cb=org.eclipse.jetty.server.HttpChannel$SendCallback@5c934912] (null,[p=0,l=644,c=32768,r=644],false)@START
13:18:31.578 [qtp1108502178-65] DEBUG org.eclipse.jetty.http.HttpGenerator - generateHeaders HTTP/1.1{s=201,h=1,cl=-1} last=false content=DirectByteBuffer@3b5b29a7[p=0,l=644,c=32768,r=644]={<<<{\r\n  "id" : "f76ac9e4-347...ioState" : "Started"\r\n}>>>\x00\x00\x00\x00\x00\x00\x00\x00\x00...\x00\x00\x00\x00\x00\x00\x00}
13:18:31.578 [qtp1108502178-65] DEBUG org.eclipse.jetty.http.HttpGenerator - Content-Type: application/json


13:18:31.578 [qtp1108502178-65] DEBUG org.eclipse.jetty.http.HttpGenerator - CHUNKED_CONTENT
13:18:31.578 [qtp1108502178-65] DEBUG org.eclipse.jetty.server.HttpConnection - generate: FLUSH for org.eclipse.jetty.server.HttpConnection$SendCallback@4e2eb4c7[PROCESSING][i=HTTP/1.1{s=201,h=1,cl=-1},cb=org.eclipse.jetty.server.HttpChannel$SendCallback@5c934912] ([p=0,l=122,c=8192,r=122],[p=0,l=644,c=32768,r=644],false)@COMMITTED
13:18:31.578 [qtp1108502178-65] DEBUG org.eclipse.jetty.io.WriteFlusher - write: WriteFlusher@8d0db80{IDLE}->null [HeapByteBuffer@10a99211[p=0,l=122,c=8192,r=122]={<<<HTTP/1.1 201 Created\r\nCon....28.v20200408)\r\n\r\n284\r\n>>>ction: Ke...\x00\x00\x00\x00\x00\x00\x00},DirectByteBuffer@3b5b29a7[p=0,l=644,c=32768,r=644]={<<<{\r\n  "id" : "f76ac9e4-347...ioState" : "Started"\r\n}>>>\x00\x00\x00\x00\x00\x00\x00\x00\x00...\x00\x00\x00\x00\x00\x00\x00}]
13:18:31.578 [qtp1108502178-65] DEBUG org.eclipse.jetty.io.WriteFlusher - update WriteFlusher@8d0db80{WRITING}->null:IDLE-->WRITING
13:18:31.578 [Test worker] DEBUG org.apache.http.wire - http-outgoing-3 << "HTTP/1.1 201 Created[\r][\n]"
13:18:31.578 [Test worker] DEBUG org.apache.http.wire - http-outgoing-3 << "Content-Type: application/json[\r][\n]"
13:18:31.578 [Test worker] DEBUG org.apache.http.wire - http-outgoing-3 << "Transfer-Encoding: chunked[\r][\n]"
13:18:31.578 [Test worker] DEBUG org.apache.http.wire - http-outgoing-3 << "Server: Jetty(9.4.28.v20200408)[\r][\n]"
13:18:31.578 [Test worker] DEBUG org.apache.http.wire - http-outgoing-3 << "[\r][\n]"
13:18:31.578 [Test worker] DEBUG org.apache.http.wire - http-outgoing-3 << "284[\r][\n]"
13:18:31.578 [Test worker] DEBUG org.apache.http.headers - http-outgoing-3 << HTTP/1.1 201 Created
13:18:31.578 [qtp1108502178-65] DEBUG org.eclipse.jetty.io.ChannelEndPoint - flushed 122 NetworkTrafficSocketChannelEndPoint@56757adf{/127.0.0.1:64995<->/127.0.0.1:8080,OPEN,fill=-,flush=W,to=37/30000}{io=0/0,kio=0,kro=1}->HttpConnection@6451b636[p=HttpParser{s=END,644 of 644},g=HttpGenerator@28dc6d4b{s=COMMITTED}]=>HttpChannelOverHttp@5c8d11af{s=HttpChannelState@198f945a{s=HANDLING rs=BLOCKING os=COMMITTED is=READY awp=false se=false i=true al=0},r=2,c=false/false,a=HANDLING,uri=//localhost:8080/__admin/mappings,age=35}
13:18:31.578 [Test worker] DEBUG org.apache.http.headers - http-outgoing-3 << Content-Type: application/json
13:18:31.578 [Test worker] DEBUG org.apache.http.headers - http-outgoing-3 << Transfer-Encoding: chunked
13:18:31.578 [Test worker] DEBUG org.apache.http.headers - http-outgoing-3 << Server: Jetty(9.4.28.v20200408)
13:18:31.579 [qtp1108502178-65] DEBUG org.eclipse.jetty.io.ChannelEndPoint - flushed 644 NetworkTrafficSocketChannelEndPoint@56757adf{/127.0.0.1:64995<->/127.0.0.1:8080,OPEN,fill=-,flush=W,to=0/30000}{io=0/0,kio=0,kro=1}->HttpConnection@6451b636[p=HttpParser{s=END,644 of 644},g=HttpGenerator@28dc6d4b{s=COMMITTED}]=>HttpChannelOverHttp@5c8d11af{s=HttpChannelState@198f945a{s=HANDLING rs=BLOCKING os=COMMITTED is=READY awp=false se=false i=true al=0},r=2,c=false/false,a=HANDLING,uri=//localhost:8080/__admin/mappings,age=36}
13:18:31.579 [Test worker] DEBUG org.apache.http.impl.execchain.MainClientExec - Connection can be kept alive indefinitely
13:18:31.579 [qtp1108502178-65] DEBUG org.eclipse.jetty.io.WriteFlusher - Flushed=true written=766 remaining=0 WriteFlusher@8d0db80{WRITING}->null
13:18:31.579 [qtp1108502178-65] DEBUG org.eclipse.jetty.io.WriteFlusher - update WriteFlusher@8d0db80{IDLE}->null:WRITING-->IDLE
13:18:31.579 [qtp1108502178-65] DEBUG org.eclipse.jetty.server.HttpConnection - generate: DONE for org.eclipse.jetty.server.HttpConnection$SendCallback@4e2eb4c7[PROCESSING][i=HTTP/1.1{s=201,h=1,cl=-1},cb=org.eclipse.jetty.server.HttpChannel$SendCallback@5c934912] ([p=122,l=122,c=8192,r=0],[p=644,l=644,c=32768,r=0],false)@COMMITTED
13:18:31.579 [qtp1108502178-65] DEBUG org.eclipse.jetty.server.HttpOutput - onWriteComplete(false,null) s=OPEN,api=BLOCKED,sc=false,e=null->s=OPEN,api=BLOCKING,sc=false,e=null c=null cb=null w=false
13:18:31.579 [Test worker] DEBUG org.apache.http.wire - http-outgoing-3 << "{[\r][\n]"
13:18:31.579 [Test worker] DEBUG org.apache.http.wire - http-outgoing-3 << "  "id" : "f76ac9e4-347a-4b15-a03a-1dae063c4d35",[\r][\n]"
13:18:31.579 [qtp1108502178-65] DEBUG org.eclipse.jetty.server.HttpOutput - close() s=CLOSING,api=BLOCKED,sc=false,e=null c=HeapByteBuffer@137d328[p=0,l=0,c=0,r=0]={<<<>>>} b=Blocker@310fe656{null}
13:18:31.579 [Test worker] DEBUG org.apache.http.wire - http-outgoing-3 << "  "request" : {[\r][\n]"
13:18:31.579 [Test worker] DEBUG org.apache.http.wire - http-outgoing-3 << "    "url" : "/api/v0/components/login",[\r][\n]"
13:18:31.579 [qtp1108502178-65] DEBUG org.eclipse.jetty.server.HttpChannel - sendResponse info=null content=HeapByteBuffer@137d328[p=0,l=0,c=0,r=0]={<<<>>>} complete=true committing=false callback=Blocker@310fe656{null}
13:18:31.579 [Test worker] DEBUG org.apache.http.wire - http-outgoing-3 << "    "method" : "POST",[\r][\n]"
13:18:31.579 [Test worker] DEBUG org.apache.http.wire - http-outgoing-3 << "    "headers" : {[\r][\n]"
13:18:31.579 [Test worker] DEBUG org.apache.http.wire - http-outgoing-3 << "      "Content-Type" : {[\r][\n]"
13:18:31.579 [Test worker] DEBUG org.apache.http.wire - http-outgoing-3 << "        "equalTo" : "application/json"[\r][\n]"
13:18:31.579 [qtp1108502178-65] DEBUG org.eclipse.jetty.server.HttpConnection - generate: CONTINUE for org.eclipse.jetty.server.HttpConnection$SendCallback@4e2eb4c7[PROCESSING][i=null,cb=org.eclipse.jetty.server.HttpChannel$SendCallback@135579f4] (null,[p=0,l=0,c=0,r=0],true)@COMPLETING
13:18:31.579 [Test worker] DEBUG org.apache.http.wire - http-outgoing-3 << "      }[\r][\n]"
13:18:31.579 [Test worker] DEBUG org.apache.http.wire - http-outgoing-3 << "    },[\r][\n]"
13:18:31.579 [qtp1108502178-65] DEBUG org.eclipse.jetty.server.HttpConnection - generate: NEED_CHUNK for org.eclipse.jetty.server.HttpConnection$SendCallback@4e2eb4c7[PROCESSING][i=null,cb=org.eclipse.jetty.server.HttpChannel$SendCallback@135579f4] (null,[p=0,l=0,c=0,r=0],true)@COMPLETING
13:18:31.579 [Test worker] DEBUG org.apache.http.wire - http-outgoing-3 << "    "bodyPatterns" : [ {[\r][\n]"
13:18:31.579 [Test worker] DEBUG org.apache.http.wire - http-outgoing-3 << "      "equalTo" : "{\"password\":\"123456\",\"username\":\"catalogClientApi\"}"[\r][\n]"
13:18:31.579 [Test worker] DEBUG org.apache.http.wire - http-outgoing-3 << "    } ][\r][\n]"
13:18:31.579 [qtp1108502178-65] DEBUG org.eclipse.jetty.server.HttpConnection - generate: FLUSH for org.eclipse.jetty.server.HttpConnection$SendCallback@4e2eb4c7[PROCESSING][i=null,cb=org.eclipse.jetty.server.HttpChannel$SendCallback@135579f4] (null,[p=0,l=0,c=0,r=0],true)@COMPLETING
13:18:31.579 [Test worker] DEBUG org.apache.http.wire - http-outgoing-3 << "  },[\r][\n]"
13:18:31.579 [Test worker] DEBUG org.apache.http.wire - http-outgoing-3 << "  "response" : {[\r][\n]"
13:18:31.579 [Test worker] DEBUG org.apache.http.wire - http-outgoing-3 << "    "status" : 200,[\r][\n]"
13:18:31.579 [qtp1108502178-65] DEBUG org.eclipse.jetty.io.WriteFlusher - write: WriteFlusher@8d0db80{IDLE}->null [HeapByteBuffer@7d10bd05[p=0,l=7,c=1024,r=7]={<<<\r\n0\r\n\r\n>>>\x00\x00\x00\x00\x00\x00\x00\x00\x00...\x00\x00\x00\x00\x00\x00\x00}]
13:18:31.579 [Test worker] DEBUG org.apache.http.wire - http-outgoing-3 << "    "body" : "{\"token\":\"someToken\"}",[\r][\n]"
13:18:31.579 [Test worker] DEBUG org.apache.http.wire - http-outgoing-3 << "    "headers" : {[\r][\n]"
13:18:31.579 [Test worker] DEBUG org.apache.http.wire - http-outgoing-3 << "      "Content-Type" : "application/json"[\r][\n]"
13:18:31.579 [Test worker] DEBUG org.apache.http.wire - http-outgoing-3 << "    }[\r][\n]"
13:18:31.579 [Test worker] DEBUG org.apache.http.wire - http-outgoing-3 << "  },[\r][\n]"
13:18:31.579 [qtp1108502178-65] DEBUG org.eclipse.jetty.io.WriteFlusher - update WriteFlusher@8d0db80{WRITING}->null:IDLE-->WRITING
13:18:31.579 [Test worker] DEBUG org.apache.http.wire - http-outgoing-3 << "  "uuid" : "f76ac9e4-347a-4b15-a03a-1dae063c4d35",[\r][\n]"
13:18:31.579 [Test worker] DEBUG org.apache.http.wire - http-outgoing-3 << "  "scenarioName" : "unAuthorized",[\r][\n]"
13:18:31.579 [Test worker] DEBUG org.apache.http.wire - http-outgoing-3 << "  "requiredScenarioState" : "Started"[\r][\n]"
13:18:31.579 [Test worker] DEBUG org.apache.http.wire - http-outgoing-3 << "}"
13:18:31.579 [Test worker] DEBUG org.apache.http.wire - http-outgoing-3 << "[\r][\n]"
13:18:31.579 [Test worker] DEBUG org.apache.http.wire - http-outgoing-3 << "0[\r][\n]"
13:18:31.579 [Test worker] DEBUG org.apache.http.wire - http-outgoing-3 << "[\r][\n]"
13:18:31.579 [Test worker] DEBUG org.apache.http.impl.conn.PoolingHttpClientConnectionManager - Connection [id: 3][route: {}->http://localhost:8080] can be kept alive indefinitely
13:18:31.579 [Test worker] DEBUG org.apache.http.impl.conn.DefaultManagedHttpClientConnection - http-outgoing-3: set socket timeout to 0
13:18:31.579 [Test worker] DEBUG org.apache.http.impl.conn.PoolingHttpClientConnectionManager - Connection released: [id: 3][route: {}->http://localhost:8080][total available: 1; route allocated: 1 of 5; total allocated: 1 of 50]
13:18:31.579 [qtp1108502178-65] DEBUG org.eclipse.jetty.io.ChannelEndPoint - flushed 7 NetworkTrafficSocketChannelEndPoint@56757adf{/127.0.0.1:64995<->/127.0.0.1:8080,OPEN,fill=-,flush=W,to=0/30000}{io=0/0,kio=0,kro=1}->HttpConnection@6451b636[p=HttpParser{s=END,644 of 644},g=HttpGenerator@28dc6d4b{s=COMPLETING}]=>HttpChannelOverHttp@5c8d11af{s=HttpChannelState@198f945a{s=HANDLING rs=BLOCKING os=COMMITTED is=READY awp=false se=false i=true al=0},r=2,c=false/false,a=HANDLING,uri=//localhost:8080/__admin/mappings,age=36}
13:18:31.580 [qtp1108502178-65] DEBUG org.eclipse.jetty.io.WriteFlusher - Flushed=true written=7 remaining=0 WriteFlusher@8d0db80{WRITING}->null
13:18:31.580 [qtp1108502178-65] DEBUG org.eclipse.jetty.io.WriteFlusher - update WriteFlusher@8d0db80{IDLE}->null:WRITING-->IDLE
13:18:31.580 [qtp1108502178-65] DEBUG org.eclipse.jetty.server.HttpConnection - generate: DONE for org.eclipse.jetty.server.HttpConnection$SendCallback@4e2eb4c7[PROCESSING][i=null,cb=org.eclipse.jetty.server.HttpChannel$SendCallback@135579f4] (null,[p=0,l=0,c=0,r=0],true)@END
13:18:31.580 [qtp1108502178-65] DEBUG org.eclipse.jetty.server.HttpOutput - onWriteComplete(true,null) s=CLOSING,api=BLOCKED,sc=false,e=null->s=CLOSED,api=BLOCKING,sc=false,e=null c=null cb=null w=false
13:18:31.582 [qtp1108502178-65] DEBUG org.eclipse.jetty.server.handler.gzip.GzipHandler - GzipHandler@5d9ee9b4{STARTED,min=32,inflate=-1} handle Request[POST //localhost:8080/__admin/mappings]@31f34c94 in null
13:18:31.582 [qtp1108502178-65] DEBUG org.eclipse.jetty.server.handler.ContextHandler - scope null||/__admin/mappings @ o.e.j.s.ServletContextHandler@1727dcb3{/,null,AVAILABLE}
13:18:31.582 [qtp1108502178-65] DEBUG org.eclipse.jetty.server.Server - handled=true async=false committed=true on HttpChannelOverHttp@5c8d11af{s=HttpChannelState@198f945a{s=HANDLING rs=BLOCKING os=COMPLETED is=READY awp=false se=false i=true al=0},r=2,c=false/true,a=HANDLING,uri=//localhost:8080/__admin/mappings,age=39}
13:18:31.583 [qtp1108502178-65] DEBUG org.eclipse.jetty.server.HttpChannelState - unhandle HttpChannelState@198f945a{s=HANDLING rs=BLOCKING os=COMPLETED is=READY awp=false se=false i=true al=0}
13:18:31.583 [qtp1108502178-65] DEBUG org.eclipse.jetty.server.HttpChannelState - nextAction(false) COMPLETE HttpChannelState@198f945a{s=HANDLING rs=COMPLETING os=COMPLETED is=READY awp=false se=false i=false al=0}
13:18:31.583 [qtp1108502178-65] DEBUG org.eclipse.jetty.server.HttpChannel - action COMPLETE HttpChannelOverHttp@5c8d11af{s=HttpChannelState@198f945a{s=HANDLING rs=COMPLETING os=COMPLETED is=READY awp=false se=false i=false al=0},r=2,c=false/true,a=HANDLING,uri=//localhost:8080/__admin/mappings,age=40}
13:18:31.583 [qtp1108502178-65] DEBUG org.eclipse.jetty.server.HttpOutput - complete(org.eclipse.jetty.util.Callback$4@67183022) s=CLOSED,api=BLOCKING,sc=false,e=null s=true e=null, c=null
13:18:31.583 [qtp1108502178-65] DEBUG org.eclipse.jetty.server.HttpChannelState - completed HttpChannelState@198f945a{s=HANDLING rs=COMPLETING os=COMPLETED is=READY awp=false se=false i=false al=0}
13:18:31.583 [qtp1108502178-65] DEBUG org.eclipse.jetty.server.HttpChannelState - unhandle HttpChannelState@198f945a{s=HANDLING rs=COMPLETED os=COMPLETED is=READY awp=false se=false i=false al=0}
13:18:31.583 [qtp1108502178-65] DEBUG org.eclipse.jetty.server.HttpChannelState - nextAction(false) TERMINATED HttpChannelState@198f945a{s=IDLE rs=COMPLETED os=COMPLETED is=READY awp=false se=false i=false al=0}
13:18:31.583 [qtp1108502178-65] DEBUG org.eclipse.jetty.server.HttpChannel - action TERMINATED HttpChannelOverHttp@5c8d11af{s=HttpChannelState@198f945a{s=IDLE rs=COMPLETED os=COMPLETED is=READY awp=false se=false i=false al=0},r=2,c=true/true,a=IDLE,uri=//localhost:8080/__admin/mappings,age=40}
13:18:31.583 [qtp1108502178-65] DEBUG org.eclipse.jetty.server.HttpChannel - onCompleted for /__admin/mappings written=644
13:18:31.583 [qtp1108502178-65] DEBUG org.eclipse.jetty.server.HttpChannelState - recycle HttpChannelState@198f945a{s=IDLE rs=COMPLETED os=COMPLETED is=READY awp=false se=false i=false al=0}
13:18:31.583 [qtp1108502178-65] DEBUG org.eclipse.jetty.http.HttpParser - reset HttpParser{s=END,644 of 644}
13:18:31.583 [qtp1108502178-65] DEBUG org.eclipse.jetty.http.HttpParser - END --> START
13:18:31.583 [qtp1108502178-65] DEBUG org.eclipse.jetty.server.HttpChannel - !handle TERMINATED HttpChannelOverHttp@5c8d11af{s=HttpChannelState@198f945a{s=IDLE rs=BLOCKING os=OPEN is=IDLE awp=false se=false i=true al=0},r=2,c=false/false,a=IDLE,uri=null,age=0}
13:18:31.583 [qtp1108502178-65] DEBUG org.eclipse.jetty.io.ChannelEndPoint - filled 0 HeapByteBuffer@10a99211[p=0,l=0,c=8192,r=0]={<<<>>>HTTP/1.1 ...\x00\x00\x00\x00\x00\x00\x00}
13:18:31.583 [qtp1108502178-65] DEBUG org.eclipse.jetty.io.ChannelEndPoint - filled 0 HeapByteBuffer@10a99211[p=0,l=0,c=8192,r=0]={<<<>>>HTTP/1.1 ...\x00\x00\x00\x00\x00\x00\x00}
13:18:31.583 [qtp1108502178-65] DEBUG org.eclipse.jetty.server.HttpConnection - HttpConnection@6451b636::NetworkTrafficSocketChannelEndPoint@56757adf{/127.0.0.1:64995<->/127.0.0.1:8080,OPEN,fill=-,flush=-,to=3/30000}{io=0/0,kio=0,kro=1}->HttpConnection@6451b636[p=HttpParser{s=START,0 of -1},g=HttpGenerator@28dc6d4b{s=START}]=>HttpChannelOverHttp@5c8d11af{s=HttpChannelState@198f945a{s=IDLE rs=BLOCKING os=OPEN is=IDLE awp=false se=false i=true al=0},r=2,c=false/false,a=IDLE,uri=null,age=0} filled 0 HeapByteBuffer@10a99211[p=0,l=0,c=8192,r=0]={<<<>>>HTTP/1.1 ...\x00\x00\x00\x00\x00\x00\x00}
13:18:31.583 [qtp1108502178-65] DEBUG org.eclipse.jetty.server.HttpConnection - HttpConnection@6451b636::NetworkTrafficSocketChannelEndPoint@56757adf{/127.0.0.1:64995<->/127.0.0.1:8080,OPEN,fill=-,flush=-,to=3/30000}{io=0/0,kio=0,kro=1}->HttpConnection@6451b636[p=HttpParser{s=START,0 of -1},g=HttpGenerator@28dc6d4b{s=START}]=>HttpChannelOverHttp@5c8d11af{s=HttpChannelState@198f945a{s=IDLE rs=BLOCKING os=OPEN is=IDLE awp=false se=false i=true al=0},r=2,c=false/false,a=IDLE,uri=null,age=0} parse HeapByteBuffer@10a99211[p=0,l=0,c=8192,r=0]={<<<>>>HTTP/1.1 ...\x00\x00\x00\x00\x00\x00\x00} {}
13:18:31.583 [qtp1108502178-65] DEBUG org.eclipse.jetty.http.HttpParser - parseNext s=START HeapByteBuffer@10a99211[p=0,l=0,c=8192,r=0]={<<<>>>HTTP/1.1 ...\x00\x00\x00\x00\x00\x00\x00}
13:18:31.583 [qtp1108502178-65] DEBUG org.eclipse.jetty.server.HttpConnection - HttpConnection@6451b636::NetworkTrafficSocketChannelEndPoint@56757adf{/127.0.0.1:64995<->/127.0.0.1:8080,OPEN,fill=-,flush=-,to=3/30000}{io=0/0,kio=0,kro=1}->HttpConnection@6451b636[p=HttpParser{s=START,0 of -1},g=HttpGenerator@28dc6d4b{s=START}]=>HttpChannelOverHttp@5c8d11af{s=HttpChannelState@198f945a{s=IDLE rs=BLOCKING os=OPEN is=IDLE awp=false se=false i=true al=0},r=2,c=false/false,a=IDLE,uri=null,age=0} parsed false HttpParser{s=START,0 of -1}
13:18:31.583 [qtp1108502178-65] DEBUG org.eclipse.jetty.server.HttpConnection - releaseRequestBuffer HttpConnection@6451b636::NetworkTrafficSocketChannelEndPoint@56757adf{/127.0.0.1:64995<->/127.0.0.1:8080,OPEN,fill=-,flush=-,to=3/30000}{io=0/0,kio=0,kro=1}->HttpConnection@6451b636[p=HttpParser{s=START,0 of -1},g=HttpGenerator@28dc6d4b{s=START}]=>HttpChannelOverHttp@5c8d11af{s=HttpChannelState@198f945a{s=IDLE rs=BLOCKING os=OPEN is=IDLE awp=false se=false i=true al=0},r=2,c=false/false,a=IDLE,uri=null,age=0}
13:18:31.584 [qtp1108502178-65] DEBUG org.eclipse.jetty.io.AbstractConnection - fillInterested HttpConnection@6451b636::NetworkTrafficSocketChannelEndPoint@56757adf{/127.0.0.1:64995<->/127.0.0.1:8080,OPEN,fill=-,flush=-,to=4/30000}{io=0/0,kio=0,kro=1}->HttpConnection@6451b636[p=HttpParser{s=START,0 of -1},g=HttpGenerator@28dc6d4b{s=START}]=>HttpChannelOverHttp@5c8d11af{s=HttpChannelState@198f945a{s=IDLE rs=BLOCKING os=OPEN is=IDLE awp=false se=false i=true al=0},r=2,c=false/false,a=IDLE,uri=null,age=0}
13:18:31.584 [qtp1108502178-65] DEBUG org.eclipse.jetty.io.FillInterest - interested FillInterest@1ce81196{AC.ReadCB@6451b636{HttpConnection@6451b636::NetworkTrafficSocketChannelEndPoint@56757adf{/127.0.0.1:64995<->/127.0.0.1:8080,OPEN,fill=FI,flush=-,to=0/30000}{io=0/0,kio=0,kro=1}->HttpConnection@6451b636[p=HttpParser{s=START,0 of -1},g=HttpGenerator@28dc6d4b{s=START}]=>HttpChannelOverHttp@5c8d11af{s=HttpChannelState@198f945a{s=IDLE rs=BLOCKING os=OPEN is=IDLE awp=false se=false i=true al=0},r=2,c=false/false,a=IDLE,uri=null,age=0}}}
13:18:31.584 [qtp1108502178-65] DEBUG org.eclipse.jetty.io.ChannelEndPoint - changeInterests p=false 0->1 for NetworkTrafficSocketChannelEndPoint@56757adf{/127.0.0.1:64995<->/127.0.0.1:8080,OPEN,fill=FI,flush=-,to=0/30000}{io=0/1,kio=0,kro=1}->HttpConnection@6451b636[p=HttpParser{s=START,0 of -1},g=HttpGenerator@28dc6d4b{s=START}]=>HttpChannelOverHttp@5c8d11af{s=HttpChannelState@198f945a{s=IDLE rs=BLOCKING os=OPEN is=IDLE awp=false se=false i=true al=0},r=2,c=false/false,a=IDLE,uri=null,age=0}
13:18:31.584 [qtp1108502178-65] DEBUG org.eclipse.jetty.io.ManagedSelector - Queued change org.eclipse.jetty.io.ChannelEndPoint$1@79a06b15 on ManagedSelector@e983464{STARTED} id=1 keys=1 selected=0 updates=0
13:18:31.584 [qtp1108502178-65] DEBUG org.eclipse.jetty.io.ManagedSelector - Wakeup on submit ManagedSelector@e983464{STARTED} id=1 keys=1 selected=0 updates=1
13:18:31.584 [qtp1108502178-69] DEBUG org.eclipse.jetty.io.ManagedSelector - Selector sun.nio.ch.WindowsSelectorImpl@38ce0e5b woken with none selected
13:18:31.584 [qtp1108502178-69] DEBUG org.eclipse.jetty.io.ManagedSelector - Selector sun.nio.ch.WindowsSelectorImpl@38ce0e5b woken up from select, 0/0/1 selected
13:18:31.584 [qtp1108502178-69] DEBUG org.eclipse.jetty.io.ManagedSelector - Selector sun.nio.ch.WindowsSelectorImpl@38ce0e5b processing 0 keys, 1 updates
13:18:31.584 [qtp1108502178-69] DEBUG org.eclipse.jetty.io.ManagedSelector - updateable 1
13:18:31.584 [qtp1108502178-69] DEBUG org.eclipse.jetty.io.ManagedSelector - update org.eclipse.jetty.io.ChannelEndPoint$1@79a06b15
13:18:31.584 [qtp1108502178-69] DEBUG org.eclipse.jetty.io.ChannelEndPoint - Key interests updated 0 -> 1 on NetworkTrafficSocketChannelEndPoint@56757adf{/127.0.0.1:64995<->/127.0.0.1:8080,OPEN,fill=FI,flush=-,to=0/30000}{io=1/1,kio=1,kro=1}->HttpConnection@6451b636[p=HttpParser{s=START,0 of -1},g=HttpGenerator@28dc6d4b{s=START}]=>HttpChannelOverHttp@5c8d11af{s=HttpChannelState@198f945a{s=IDLE rs=BLOCKING os=OPEN is=IDLE awp=false se=false i=true al=0},r=2,c=false/false,a=IDLE,uri=null,age=0}
13:18:31.584 [qtp1108502178-69] DEBUG org.eclipse.jetty.io.ManagedSelector - updates 0
13:18:31.584 [qtp1108502178-69] DEBUG org.eclipse.jetty.io.ManagedSelector - Selector sun.nio.ch.WindowsSelectorImpl@38ce0e5b waiting with 1 keys
13:18:31.584 [qtp1108502178-65] DEBUG org.eclipse.jetty.server.HttpConnection - HttpConnection@6451b636::NetworkTrafficSocketChannelEndPoint@56757adf{/127.0.0.1:64995<->/127.0.0.1:8080,OPEN,fill=FI,flush=-,to=0/30000}{io=1/1,kio=1,kro=1}->HttpConnection@6451b636[p=HttpParser{s=START,0 of -1},g=HttpGenerator@28dc6d4b{s=START}]=>HttpChannelOverHttp@5c8d11af{s=HttpChannelState@198f945a{s=IDLE rs=BLOCKING os=OPEN is=IDLE awp=false se=false i=true al=0},r=2,c=false/false,a=IDLE,uri=null,age=0} onFillable exit HttpChannelState@198f945a{s=IDLE rs=BLOCKING os=OPEN is=IDLE awp=false se=false i=true al=0} null
13:18:31.584 [qtp1108502178-65] DEBUG org.eclipse.jetty.util.thread.QueuedThreadPool - ran org.eclipse.jetty.io.ManagedSelector$$Lambda$425/0x00000001005fc040@33c95706 in QueuedThreadPool[qtp1108502178]@421266a2{STARTED,8<=8<=14,i=1,r=1,q=0}[ReservedThreadExecutor@93479f5{s=1/1,p=0}]
13:18:31.592 [Test worker] DEBUG org.apache.http.impl.conn.PoolingHttpClientConnectionManager - Connection request: [route: {}->http://localhost:8080][total available: 1; route allocated: 1 of 5; total allocated: 1 of 50]
13:18:31.593 [Test worker] DEBUG org.apache.http.impl.conn.PoolingHttpClientConnectionManager - Connection leased: [id: 3][route: {}->http://localhost:8080][total available: 0; route allocated: 1 of 5; total allocated: 1 of 50]
13:18:31.593 [Test worker] DEBUG org.apache.http.impl.conn.DefaultManagedHttpClientConnection - http-outgoing-3: set socket timeout to 30000
13:18:31.593 [Test worker] DEBUG org.apache.http.impl.execchain.MainClientExec - Stale connection check
13:18:31.595 [Test worker] DEBUG org.apache.http.wire - http-outgoing-3 << "[read] I/O error: Read timed out"
13:18:31.595 [Test worker] DEBUG org.apache.http.impl.execchain.MainClientExec - Executing request POST /__admin/mappings HTTP/1.1
13:18:31.595 [Test worker] DEBUG org.apache.http.impl.execchain.MainClientExec - Target auth state: UNCHALLENGED
13:18:31.595 [Test worker] DEBUG org.apache.http.impl.execchain.MainClientExec - Proxy auth state: UNCHALLENGED
13:18:31.595 [Test worker] DEBUG org.apache.http.headers - http-outgoing-3 >> POST /__admin/mappings HTTP/1.1
13:18:31.595 [Test worker] DEBUG org.apache.http.headers - http-outgoing-3 >> Content-Length: 2378
13:18:31.595 [Test worker] DEBUG org.apache.http.headers - http-outgoing-3 >> Content-Type: text/plain; charset=UTF-8
13:18:31.595 [Test worker] DEBUG org.apache.http.headers - http-outgoing-3 >> Host: localhost:8080
13:18:31.595 [Test worker] DEBUG org.apache.http.headers - http-outgoing-3 >> Connection: Keep-Alive
13:18:31.595 [Test worker] DEBUG org.apache.http.headers - http-outgoing-3 >> User-Agent: Apache-HttpClient/4.5.12 (Java/11.0.2)
13:18:31.596 [Test worker] DEBUG org.apache.http.wire - http-outgoing-3 >> "POST /__admin/mappings HTTP/1.1[\r][\n]"
13:18:31.596 [Test worker] DEBUG org.apache.http.wire - http-outgoing-3 >> "Content-Length: 2378[\r][\n]"
13:18:31.596 [Test worker] DEBUG org.apache.http.wire - http-outgoing-3 >> "Content-Type: text/plain; charset=UTF-8[\r][\n]"
13:18:31.596 [Test worker] DEBUG org.apache.http.wire - http-outgoing-3 >> "Host: localhost:8080[\r][\n]"
13:18:31.596 [Test worker] DEBUG org.apache.http.wire - http-outgoing-3 >> "Connection: Keep-Alive[\r][\n]"
13:18:31.596 [Test worker] DEBUG org.apache.http.wire - http-outgoing-3 >> "User-Agent: Apache-HttpClient/4.5.12 (Java/11.0.2)[\r][\n]"
13:18:31.596 [Test worker] DEBUG org.apache.http.wire - http-outgoing-3 >> "[\r][\n]"
13:18:31.596 [Test worker] DEBUG org.apache.http.wire - http-outgoing-3 >> "{[\r][\n]"
13:18:31.596 [Test worker] DEBUG org.apache.http.wire - http-outgoing-3 >> "  "id" : "e8284612-32ee-4706-9314-cecb77d63231",[\r][\n]"
13:18:31.596 [Test worker] DEBUG org.apache.http.wire - http-outgoing-3 >> "  "request" : {[\r][\n]"
13:18:31.596 [Test worker] DEBUG org.apache.http.wire - http-outgoing-3 >> "    "url" : "/api/v0/components/provision-adapters/awx",[\r][\n]"
13:18:31.596 [Test worker] DEBUG org.apache.http.wire - http-outgoing-3 >> "    "method" : "GET",[\r][\n]"
13:18:31.596 [Test worker] DEBUG org.apache.http.wire - http-outgoing-3 >> "    "headers" : {[\r][\n]"
13:18:31.596 [Test worker] DEBUG org.apache.http.wire - http-outgoing-3 >> "      "Authorization" : {[\r][\n]"
13:18:31.596 [Test worker] DEBUG org.apache.http.wire - http-outgoing-3 >> "        "equalTo" : "Bearer someToken"[\r][\n]"
13:18:31.596 [Test worker] DEBUG org.apache.http.wire - http-outgoing-3 >> "      }[\r][\n]"
13:18:31.596 [Test worker] DEBUG org.apache.http.wire - http-outgoing-3 >> "    }[\r][\n]"
13:18:31.596 [Test worker] DEBUG org.apache.http.wire - http-outgoing-3 >> "  },[\r][\n]"
13:18:31.596 [Test worker] DEBUG org.apache.http.wire - http-outgoing-3 >> "  "response" : {[\r][\n]"
13:18:31.596 [Test worker] DEBUG org.apache.http.wire - http-outgoing-3 >> "    "status" : 200,[\r][\n]"
13:18:31.596 [Test worker] DEBUG org.apache.http.wire - http-outgoing-3 >> "    "body" : "{\"id\":\"awx\",\"name\":\"AWX\",\"deleted\":false,\"type\":\"REST\",\"parameters\":{\"provisionAdapterUrl\":\"/provision-adapters/awx/jobs\"},\"questions\":[{\"type\":\"survey.question.FreeInput\",\"prompt\":\"AWX instance URL:\",\"description\":\"This is the URL of the AWX installation.\",\"variableName\":\"provisioningBaseUrl\",\"mandatory\":true,\"masked\":false,\"hidden\":false,\"defaultAnswer\":\"https://inhas66974\",\"answerBaseType\":\"STRING\",\"restrictions\":null},{\"type\":\"survey.question.SelectOption\",\"prompt\":\"Select AWX template type\",\"description\":\"Actually only workflow job templates are supported.\",\"variableName\":\"awxTemplateType\",\"mandatory\":true,\"masked\":false,\"hidden\":false,\"minimumNumberSelections\":1,\"maximumNumberSelections\":1,\"options\":[\"workflow\"],\"defaultAnswer\":[\"workflow\"]},{\"type\":\"survey.question.FreeInput\",\"prompt\":\"Specify provisioning job identifier\",\"description\":\"You can find this identifier in AWX.\",\"variableName\":\"awxTemplateId\",\"mandatory\":true,\"masked\":false,\"hidden\":false,\"defaultAnswer\":null,\"answerBaseType\":\"INTEGER\",\"restrictions\":null},{\"type\":\"survey.question.FreeInput\",\"prompt\":\"Provisioning username:\",\"description\":\"Please use environment variable identifier.\",\"variableName\":\"provisioningUsername\",\"mandatory\":true,\"masked\":false,\"hidden\":false,\"defaultAnswer\":\"provisioner.awx.datalabs.username\",\"answerBaseType\":\"CREDENTIAL\",\"restrictions\":null},{\"type\":\"survey.question.FreeInput\",\"prompt\":\"Provisioning password:\",\"description\":\"Please use environment variable identifier.\",\"variableName\":\"provisioningPassword\",\"mandatory\":true,\"masked\":true,\"hidden\":false,\"defaultAnswer\":\"provisioner.awx.datalabs.password\",\"answerBaseType\":\"CREDENTIAL\",\"restrictions\":null}]}",[\r][\n]"
13:18:31.596 [Test worker] DEBUG org.apache.http.wire - http-outgoing-3 >> "    "headers" : {[\r][\n]"
13:18:31.596 [Test worker] DEBUG org.apache.http.wire - http-outgoing-3 >> "      "Content-Type" : "application/json"[\r][\n]"
13:18:31.596 [Test worker] DEBUG org.apache.http.wire - http-outgoing-3 >> "    }[\r][\n]"
13:18:31.596 [Test worker] DEBUG org.apache.http.wire - http-outgoing-3 >> "  },[\r][\n]"
13:18:31.596 [Test worker] DEBUG org.apache.http.wire - http-outgoing-3 >> "  "uuid" : "e8284612-32ee-4706-9314-cecb77d63231",[\r][\n]"
13:18:31.596 [Test worker] DEBUG org.apache.http.wire - http-outgoing-3 >> "  "scenarioName" : "unAuthorized",[\r][\n]"
13:18:31.596 [Test worker] DEBUG org.apache.http.wire - http-outgoing-3 >> "  "requiredScenarioState" : "Started"[\r][\n]"
13:18:31.596 [Test worker] DEBUG org.apache.http.wire - http-outgoing-3 >> "}"
13:18:31.596 [qtp1108502178-69] DEBUG org.eclipse.jetty.io.ManagedSelector - Selector sun.nio.ch.WindowsSelectorImpl@38ce0e5b woken up from select, 1/1/1 selected
13:18:31.596 [qtp1108502178-69] DEBUG org.eclipse.jetty.io.ManagedSelector - Selector sun.nio.ch.WindowsSelectorImpl@38ce0e5b processing 1 keys, 0 updates
13:18:31.596 [qtp1108502178-69] DEBUG org.eclipse.jetty.io.ManagedSelector - selected 1 channel=java.nio.channels.SocketChannel[connected local=/127.0.0.1:8080 remote=/127.0.0.1:64995], selector=sun.nio.ch.WindowsSelectorImpl@38ce0e5b, interestOps=1, readyOps=1 NetworkTrafficSocketChannelEndPoint@56757adf{/127.0.0.1:64995<->/127.0.0.1:8080,OPEN,fill=FI,flush=-,to=12/30000}{io=1/1,kio=1,kro=1}->HttpConnection@6451b636[p=HttpParser{s=START,0 of -1},g=HttpGenerator@28dc6d4b{s=START}]=>HttpChannelOverHttp@5c8d11af{s=HttpChannelState@198f945a{s=IDLE rs=BLOCKING os=OPEN is=IDLE awp=false se=false i=true al=0},r=2,c=false/false,a=IDLE,uri=null,age=0} 
13:18:31.597 [qtp1108502178-69] DEBUG org.eclipse.jetty.io.ChannelEndPoint - onSelected 1->0 r=true w=false for NetworkTrafficSocketChannelEndPoint@56757adf{/127.0.0.1:64995<->/127.0.0.1:8080,OPEN,fill=FI,flush=-,to=12/30000}{io=1/0,kio=1,kro=1}->HttpConnection@6451b636[p=HttpParser{s=START,0 of -1},g=HttpGenerator@28dc6d4b{s=START}]=>HttpChannelOverHttp@5c8d11af{s=HttpChannelState@198f945a{s=IDLE rs=BLOCKING os=OPEN is=IDLE awp=false se=false i=true al=0},r=2,c=false/false,a=IDLE,uri=null,age=0}
13:18:31.597 [qtp1108502178-69] DEBUG org.eclipse.jetty.io.ChannelEndPoint - task CEP:NetworkTrafficSocketChannelEndPoint@56757adf{/127.0.0.1:64995<->/127.0.0.1:8080,OPEN,fill=FI,flush=-,to=13/30000}{io=1/0,kio=1,kro=1}->HttpConnection@6451b636[p=HttpParser{s=START,0 of -1},g=HttpGenerator@28dc6d4b{s=START}]=>HttpChannelOverHttp@5c8d11af{s=HttpChannelState@198f945a{s=IDLE rs=BLOCKING os=OPEN is=IDLE awp=false se=false i=true al=0},r=2,c=false/false,a=IDLE,uri=null,age=0}:runFillable:BLOCKING
13:18:31.597 [qtp1108502178-69] DEBUG org.eclipse.jetty.util.thread.ReservedThreadExecutor - ReservedThreadExecutor@93479f5{s=1/1,p=0} tryExecute EatWhatYouKill@1083962f/SelectorProducer@4f65efc7/PRODUCING/p=false/QueuedThreadPool[qtp1108502178]@421266a2{STARTED,8<=8<=14,i=2,r=1,q=0}[ReservedThreadExecutor@93479f5{s=1/1,p=0}][pc=0,pic=0,pec=1,epc=1]@2020-09-25T13:18:31.5978367+02:00
13:18:31.597 [qtp1108502178-69] DEBUG org.eclipse.jetty.util.thread.ReservedThreadExecutor - ReservedThreadExecutor@93479f5{s=0/1,p=0}@7734fd09 offer EatWhatYouKill@1083962f/SelectorProducer@4f65efc7/PRODUCING/p=false/QueuedThreadPool[qtp1108502178]@421266a2{STARTED,8<=8<=14,i=2,r=1,q=0}[ReservedThreadExecutor@93479f5{s=0/1,p=0}][pc=0,pic=0,pec=1,epc=1]@2020-09-25T13:18:31.5978367+02:00
13:18:31.598 [qtp1108502178-69] DEBUG org.eclipse.jetty.util.thread.ReservedThreadExecutor - ReservedThreadExecutor@93479f5{s=0/1,p=1} startReservedThread p=1
13:18:31.598 [qtp1108502178-69] DEBUG org.eclipse.jetty.util.thread.QueuedThreadPool - queue ReservedThreadExecutor@93479f5{s=0/1,p=1}@6da6603 startThread=0
13:18:31.598 [qtp1108502178-69] DEBUG org.eclipse.jetty.util.thread.strategy.EatWhatYouKill - EatWhatYouKill@1083962f/SelectorProducer@4f65efc7/IDLE/p=true/QueuedThreadPool[qtp1108502178]@421266a2{STARTED,8<=8<=14,i=1,r=1,q=0}[ReservedThreadExecutor@93479f5{s=0/1,p=1}][pc=0,pic=0,pec=1,epc=1]@2020-09-25T13:18:31.59883+02:00 m=EXECUTE_PRODUCE_CONSUME t=CEP:NetworkTrafficSocketChannelEndPoint@56757adf{/127.0.0.1:64995<->/127.0.0.1:8080,OPEN,fill=FI,flush=-,to=14/30000}{io=1/0,kio=1,kro=1}->HttpConnection@6451b636[p=HttpParser{s=START,0 of -1},g=HttpGenerator@28dc6d4b{s=START}]=>HttpChannelOverHttp@5c8d11af{s=HttpChannelState@198f945a{s=IDLE rs=BLOCKING os=OPEN is=IDLE awp=false se=false i=true al=0},r=2,c=false/false,a=IDLE,uri=null,age=0}:runFillable:BLOCKING/BLOCKING
13:18:31.598 [qtp1108502178-69] DEBUG org.eclipse.jetty.io.FillInterest - fillable FillInterest@1ce81196{AC.ReadCB@6451b636{HttpConnection@6451b636::NetworkTrafficSocketChannelEndPoint@56757adf{/127.0.0.1:64995<->/127.0.0.1:8080,OPEN,fill=FI,flush=-,to=14/30000}{io=1/0,kio=1,kro=1}->HttpConnection@6451b636[p=HttpParser{s=START,0 of -1},g=HttpGenerator@28dc6d4b{s=START}]=>HttpChannelOverHttp@5c8d11af{s=HttpChannelState@198f945a{s=IDLE rs=BLOCKING os=OPEN is=IDLE awp=false se=false i=true al=0},r=2,c=false/false,a=IDLE,uri=null,age=0}}}
13:18:31.599 [qtp1108502178-69] DEBUG org.eclipse.jetty.server.HttpConnection - HttpConnection@6451b636::NetworkTrafficSocketChannelEndPoint@56757adf{/127.0.0.1:64995<->/127.0.0.1:8080,OPEN,fill=-,flush=-,to=14/30000}{io=1/0,kio=1,kro=1}->HttpConnection@6451b636[p=HttpParser{s=START,0 of -1},g=HttpGenerator@28dc6d4b{s=START}]=>HttpChannelOverHttp@5c8d11af{s=HttpChannelState@198f945a{s=IDLE rs=BLOCKING os=OPEN is=IDLE awp=false se=false i=true al=0},r=2,c=false/false,a=IDLE,uri=null,age=0} onFillable enter HttpChannelState@198f945a{s=IDLE rs=BLOCKING os=OPEN is=IDLE awp=false se=false i=true al=0} null
13:18:31.599 [qtp1108502178-69] DEBUG org.eclipse.jetty.io.ChannelEndPoint - filled 2574 HeapByteBuffer@10a99211[p=0,l=2574,c=8192,r=2574]={<<<POST /__admin/mappings HT...ioState" : "Started"\r\n}>>>\x00\x00\x00\x00\x00\x00\x00\x00\x00...\x00\x00\x00\x00\x00\x00\x00}
13:18:31.599 [qtp1108502178-69] DEBUG org.eclipse.jetty.server.HttpConnection - HttpConnection@6451b636::NetworkTrafficSocketChannelEndPoint@56757adf{/127.0.0.1:64995<->/127.0.0.1:8080,OPEN,fill=-,flush=-,to=0/30000}{io=1/0,kio=1,kro=1}->HttpConnection@6451b636[p=HttpParser{s=START,0 of -1},g=HttpGenerator@28dc6d4b{s=START}]=>HttpChannelOverHttp@5c8d11af{s=HttpChannelState@198f945a{s=IDLE rs=BLOCKING os=OPEN is=IDLE awp=false se=false i=true al=0},r=2,c=false/false,a=IDLE,uri=null,age=0} filled 2574 HeapByteBuffer@10a99211[p=0,l=2574,c=8192,r=2574]={<<<POST /__admin/mappings HT...ioState" : "Started"\r\n}>>>\x00\x00\x00\x00\x00\x00\x00\x00\x00...\x00\x00\x00\x00\x00\x00\x00}
13:18:31.599 [qtp1108502178-69] DEBUG org.eclipse.jetty.server.HttpConnection - HttpConnection@6451b636::NetworkTrafficSocketChannelEndPoint@56757adf{/127.0.0.1:64995<->/127.0.0.1:8080,OPEN,fill=-,flush=-,to=0/30000}{io=1/0,kio=1,kro=1}->HttpConnection@6451b636[p=HttpParser{s=START,0 of -1},g=HttpGenerator@28dc6d4b{s=START}]=>HttpChannelOverHttp@5c8d11af{s=HttpChannelState@198f945a{s=IDLE rs=BLOCKING os=OPEN is=IDLE awp=false se=false i=true al=0},r=2,c=false/false,a=IDLE,uri=null,age=0} parse HeapByteBuffer@10a99211[p=0,l=2574,c=8192,r=2574]={<<<POST /__admin/mappings HT...ioState" : "Started"\r\n}>>>\x00\x00\x00\x00\x00\x00\x00\x00\x00...\x00\x00\x00\x00\x00\x00\x00} {}
13:18:31.600 [qtp1108502178-69] DEBUG org.eclipse.jetty.http.HttpParser - parseNext s=START HeapByteBuffer@10a99211[p=0,l=2574,c=8192,r=2574]={<<<POST /__admin/mappings HT...ioState" : "Started"\r\n}>>>\x00\x00\x00\x00\x00\x00\x00\x00\x00...\x00\x00\x00\x00\x00\x00\x00}
13:18:31.600 [qtp1108502178-69] DEBUG org.eclipse.jetty.http.HttpParser - START --> SPACE1
13:18:31.600 [qtp1108502178-69] DEBUG org.eclipse.jetty.http.HttpParser - SPACE1 --> URI
13:18:31.600 [qtp1108502178-69] DEBUG org.eclipse.jetty.http.HttpParser - URI --> SPACE2
13:18:31.600 [qtp1108502178-69] DEBUG org.eclipse.jetty.http.HttpParser - SPACE2 --> REQUEST_VERSION
13:18:31.600 [qtp1108502178-69] DEBUG org.eclipse.jetty.http.HttpParser - REQUEST_VERSION --> HEADER
13:18:31.600 [qtp1108502178-69] DEBUG org.eclipse.jetty.http.HttpParser - HEADER:Content-Length --> VALUE
13:18:31.600 [qtp1108502178-69] DEBUG org.eclipse.jetty.http.HttpParser - HEADER:Content-Length --> IN_VALUE
13:18:31.600 [qtp1108502178-69] DEBUG org.eclipse.jetty.http.HttpParser - HEADER:Content-Length --> FIELD
13:18:31.600 [qtp1108502178-69] DEBUG org.eclipse.jetty.http.HttpParser - HEADER:Content-Type: text/plain; charset=UTF-8 --> IN_VALUE
13:18:31.600 [qtp1108502178-69] DEBUG org.eclipse.jetty.http.HttpParser - HEADER:Content-Type: text/plain; charset=UTF-8 --> FIELD
13:18:31.600 [qtp1108502178-69] DEBUG org.eclipse.jetty.http.HttpParser - HEADER:Host: localhost:8080 --> IN_VALUE
13:18:31.600 [qtp1108502178-69] DEBUG org.eclipse.jetty.http.HttpParser - HEADER:Host: localhost:8080 --> FIELD
13:18:31.600 [qtp1108502178-69] DEBUG org.eclipse.jetty.http.HttpParser - HEADER:Connection: keep-alive --> IN_VALUE
13:18:31.600 [qtp1108502178-69] DEBUG org.eclipse.jetty.http.HttpParser - HEADER:Connection: keep-alive --> FIELD
13:18:31.600 [qtp1108502178-69] DEBUG org.eclipse.jetty.http.HttpParser - HEADER:User-Agent: Apache-HttpClient/4.5.12 (Java/11.0.2) --> IN_VALUE
13:18:31.600 [qtp1108502178-69] DEBUG org.eclipse.jetty.http.HttpParser - HEADER:User-Agent: Apache-HttpClient/4.5.12 (Java/11.0.2) --> FIELD
13:18:31.600 [qtp1108502178-69] DEBUG org.eclipse.jetty.http.HttpParser - HEADER --> CONTENT
13:18:31.600 [qtp1108502178-69] DEBUG org.eclipse.jetty.server.HttpChannel - REQUEST for //localhost:8080/__admin/mappings on HttpChannelOverHttp@5c8d11af{s=HttpChannelState@198f945a{s=IDLE rs=BLOCKING os=OPEN is=IDLE awp=false se=false i=true al=0},r=3,c=false/false,a=IDLE,uri=//localhost:8080/__admin/mappings,age=0}
POST //localhost:8080/__admin/mappings HTTP/1.1
Content-Length: 2378
Content-Type: text/plain; charset=UTF-8
Host: localhost:8080
Connection: keep-alive
User-Agent: Apache-HttpClient/4.5.12 (Java/11.0.2)


13:18:31.600 [qtp1108502178-69] DEBUG org.eclipse.jetty.server.HttpConnection - HttpConnection@6451b636::NetworkTrafficSocketChannelEndPoint@56757adf{/127.0.0.1:64995<->/127.0.0.1:8080,OPEN,fill=-,flush=-,to=1/30000}{io=1/0,kio=1,kro=1}->HttpConnection@6451b636[p=HttpParser{s=CONTENT,0 of 2378},g=HttpGenerator@28dc6d4b{s=START}]=>HttpChannelOverHttp@5c8d11af{s=HttpChannelState@198f945a{s=IDLE rs=BLOCKING os=OPEN is=IDLE awp=false se=false i=true al=0},r=3,c=false/false,a=IDLE,uri=//localhost:8080/__admin/mappings,age=0} parsed true HttpParser{s=CONTENT,0 of 2378}
13:18:31.600 [qtp1108502178-69] DEBUG org.eclipse.jetty.server.HttpChannel - handle //localhost:8080/__admin/mappings HttpChannelOverHttp@5c8d11af{s=HttpChannelState@198f945a{s=IDLE rs=BLOCKING os=OPEN is=IDLE awp=false se=false i=true al=0},r=3,c=false/false,a=IDLE,uri=//localhost:8080/__admin/mappings,age=0} 
13:18:31.600 [qtp1108502178-69] DEBUG org.eclipse.jetty.server.HttpChannelState - handling HttpChannelState@198f945a{s=IDLE rs=BLOCKING os=OPEN is=IDLE awp=false se=false i=true al=0}
13:18:31.600 [qtp1108502178-69] DEBUG org.eclipse.jetty.server.HttpChannel - action DISPATCH HttpChannelOverHttp@5c8d11af{s=HttpChannelState@198f945a{s=HANDLING rs=BLOCKING os=OPEN is=IDLE awp=false se=false i=true al=0},r=3,c=false/false,a=HANDLING,uri=//localhost:8080/__admin/mappings,age=0}
13:18:31.600 [qtp1108502178-71] DEBUG org.eclipse.jetty.util.thread.ReservedThreadExecutor - ReservedThreadExecutor@93479f5{s=0/1,p=1}@7734fd09 task=EatWhatYouKill@1083962f/SelectorProducer@4f65efc7/IDLE/p=true/QueuedThreadPool[qtp1108502178]@421266a2{STARTED,8<=8<=14,i=1,r=1,q=0}[ReservedThreadExecutor@93479f5{s=0/1,p=1}][pc=0,pic=0,pec=1,epc=2]@2020-09-25T13:18:31.6008306+02:00
13:18:31.601 [qtp1108502178-69] DEBUG org.eclipse.jetty.server.Server - REQUEST POST /__admin/mappings on HttpChannelOverHttp@5c8d11af{s=HttpChannelState@198f945a{s=HANDLING rs=BLOCKING os=OPEN is=IDLE awp=false se=false i=true al=0},r=3,c=false/false,a=HANDLING,uri=//localhost:8080/__admin/mappings,age=1}
13:18:31.601 [qtp1108502178-71] DEBUG org.eclipse.jetty.util.thread.strategy.EatWhatYouKill - EatWhatYouKill@1083962f/SelectorProducer@4f65efc7/IDLE/p=true/QueuedThreadPool[qtp1108502178]@421266a2{STARTED,8<=8<=14,i=1,r=1,q=0}[ReservedThreadExecutor@93479f5{s=0/1,p=1}][pc=0,pic=0,pec=1,epc=2]@2020-09-25T13:18:31.6018331+02:00 tryProduce true
13:18:31.601 [qtp1108502178-69] DEBUG org.eclipse.jetty.server.handler.ContextHandler - scope null||/__admin/mappings @ o.e.j.s.ServletContextHandler@2f1e63de{/__admin,null,AVAILABLE}
13:18:31.601 [qtp1108502178-71] DEBUG org.eclipse.jetty.io.ManagedSelector - updateable 0
13:18:31.601 [qtp1108502178-71] DEBUG org.eclipse.jetty.io.ManagedSelector - updates 0
13:18:31.601 [qtp1108502178-69] DEBUG org.eclipse.jetty.server.handler.ContextHandler - context=/__admin||/mappings @ o.e.j.s.ServletContextHandler@2f1e63de{/__admin,null,AVAILABLE}
13:18:31.601 [qtp1108502178-69] DEBUG org.eclipse.jetty.servlet.ServletHandler - servlet /__admin|/mappings|null -> com.github.tomakehurst.wiremock.servlet.WireMockHandlerDispatchingServlet-7745697d@69019bbf==com.github.tomakehurst.wiremock.servlet.WireMockHandlerDispatchingServlet,jsp=null,order=-1,inst=true,async=true
13:18:31.601 [qtp1108502178-69] DEBUG org.eclipse.jetty.servlet.ServletHandler - chain=org.eclipse.jetty.servlets.CrossOriginFilter-123afc25@123afc25==org.eclipse.jetty.servlets.CrossOriginFilter,inst=true,async=true->com.github.tomakehurst.wiremock.servlet.WireMockHandlerDispatchingServlet-7745697d@69019bbf==com.github.tomakehurst.wiremock.servlet.WireMockHandlerDispatchingServlet,jsp=null,order=-1,inst=true,async=true
13:18:31.601 [qtp1108502178-69] DEBUG org.eclipse.jetty.servlet.ServletHandler - call filter org.eclipse.jetty.servlets.CrossOriginFilter-123afc25@123afc25==org.eclipse.jetty.servlets.CrossOriginFilter,inst=true,async=true
13:18:31.601 [qtp1108502178-69] DEBUG org.eclipse.jetty.servlet.ServletHandler - call servlet com.github.tomakehurst.wiremock.servlet.WireMockHandlerDispatchingServlet-7745697d@69019bbf==com.github.tomakehurst.wiremock.servlet.WireMockHandlerDispatchingServlet,jsp=null,order=-1,inst=true,async=true
13:18:31.602 [qtp1108502178-69] DEBUG org.eclipse.jetty.server.HttpConnection - HttpConnection@6451b636::NetworkTrafficSocketChannelEndPoint@56757adf{/127.0.0.1:64995<->/127.0.0.1:8080,OPEN,fill=-,flush=-,to=2/30000}{io=0/0,kio=0,kro=1}->HttpConnection@6451b636[p=HttpParser{s=CONTENT,0 of 2378},g=HttpGenerator@28dc6d4b{s=START}]=>HttpChannelOverHttp@5c8d11af{s=HttpChannelState@198f945a{s=HANDLING rs=BLOCKING os=OPEN is=IDLE awp=false se=false i=true al=0},r=3,c=false/false,a=HANDLING,uri=//localhost:8080/__admin/mappings,age=2} parse HeapByteBuffer@10a99211[p=196,l=2574,c=8192,r=2378]={POST /__a....2)\r\n\r\n<<<{\r\n  "id" : "e8284612-32e...ioState" : "Started"\r\n}>>>\x00\x00\x00\x00\x00\x00\x00\x00\x00...\x00\x00\x00\x00\x00\x00\x00} {}
13:18:31.602 [qtp1108502178-69] DEBUG org.eclipse.jetty.http.HttpParser - parseNext s=CONTENT HeapByteBuffer@10a99211[p=196,l=2574,c=8192,r=2378]={POST /__a....2)\r\n\r\n<<<{\r\n  "id" : "e8284612-32e...ioState" : "Started"\r\n}>>>\x00\x00\x00\x00\x00\x00\x00\x00\x00...\x00\x00\x00\x00\x00\x00\x00}
13:18:31.602 [qtp1108502178-69] DEBUG org.eclipse.jetty.server.HttpChannel - onContent HttpChannelOverHttp@5c8d11af{s=HttpChannelState@198f945a{s=HANDLING rs=BLOCKING os=OPEN is=IDLE awp=false se=false i=true al=0},r=3,c=false/false,a=HANDLING,uri=//localhost:8080/__admin/mappings,age=2} Content@81d88a8{HeapByteBufferR@c220d73[p=196,l=2574,c=8192,r=2378]={POST /__a....2)\r\n\r\n<<<{\r\n  "id" : "e8284612-32e...ioState" : "Started"\r\n}>>>\x00\x00\x00\x00\x00\x00\x00\x00\x00...\x00\x00\x00\x00\x00\x00\x00}}
13:18:31.602 [qtp1108502178-69] DEBUG org.eclipse.jetty.server.HttpInput - HttpInputOverHTTP@218bdaba[c=0,q=0,[0]=null,s=STREAM] addContent Content@81d88a8{HeapByteBufferR@c220d73[p=196,l=2574,c=8192,r=2378]={POST /__a....2)\r\n\r\n<<<{\r\n  "id" : "e8284612-32e...ioState" : "Started"\r\n}>>>\x00\x00\x00\x00\x00\x00\x00\x00\x00...\x00\x00\x00\x00\x00\x00\x00}}
13:18:31.602 [qtp1108502178-69] DEBUG org.eclipse.jetty.http.HttpParser - CONTENT --> CONTENT_END
13:18:31.602 [qtp1108502178-69] DEBUG org.eclipse.jetty.server.HttpChannel - onContentComplete HttpChannelOverHttp@5c8d11af{s=HttpChannelState@198f945a{s=HANDLING rs=BLOCKING os=OPEN is=IDLE awp=false se=false i=true al=0},r=3,c=false/false,a=HANDLING,uri=//localhost:8080/__admin/mappings,age=2}
13:18:31.602 [qtp1108502178-69] DEBUG org.eclipse.jetty.http.HttpParser - CONTENT_END --> END
13:18:31.602 [qtp1108502178-69] DEBUG org.eclipse.jetty.server.HttpChannel - onRequestComplete HttpChannelOverHttp@5c8d11af{s=HttpChannelState@198f945a{s=HANDLING rs=BLOCKING os=OPEN is=IDLE awp=false se=false i=true al=0},r=3,c=false/false,a=HANDLING,uri=//localhost:8080/__admin/mappings,age=2}
13:18:31.602 [qtp1108502178-69] DEBUG org.eclipse.jetty.server.HttpInput - HttpInputOverHTTP@218bdaba[c=0,q=1,[0]=EOF,s=STREAM] addContent EOF
13:18:31.602 [qtp1108502178-69] DEBUG org.eclipse.jetty.server.HttpConnection - HttpConnection@6451b636::NetworkTrafficSocketChannelEndPoint@56757adf{/127.0.0.1:64995<->/127.0.0.1:8080,OPEN,fill=-,flush=-,to=2/30000}{io=0/0,kio=0,kro=1}->HttpConnection@6451b636[p=HttpParser{s=END,2378 of 2378},g=HttpGenerator@28dc6d4b{s=START}]=>HttpChannelOverHttp@5c8d11af{s=HttpChannelState@198f945a{s=HANDLING rs=BLOCKING os=OPEN is=IDLE awp=false se=false i=true al=0},r=3,c=false/false,a=HANDLING,uri=//localhost:8080/__admin/mappings,age=2} parsed false HttpParser{s=END,2378 of 2378}
13:18:31.602 [qtp1108502178-69] DEBUG org.eclipse.jetty.server.HttpInput - HttpInputOverHTTP@218bdaba[c=2378,q=1,[0]=EOF,s=STREAM] read 2378 from Content@81d88a8{HeapByteBufferR@c220d73[p=2574,l=2574,c=8192,r=0]={POST /__a...ted"\r\n}<<<>>>\x00\x00\x00\x00\x00\x00\x00\x00\x00...\x00\x00\x00\x00\x00\x00\x00}}
13:18:31.602 [qtp1108502178-71] DEBUG org.eclipse.jetty.io.ChannelEndPoint - Key interests updated 1 -> 0 on NetworkTrafficSocketChannelEndPoint@56757adf{/127.0.0.1:64995<->/127.0.0.1:8080,OPEN,fill=-,flush=-,to=1/30000}{io=0/0,kio=0,kro=1}->HttpConnection@6451b636[p=HttpParser{s=CONTENT,0 of 2378},g=HttpGenerator@28dc6d4b{s=START}]=>HttpChannelOverHttp@5c8d11af{s=HttpChannelState@198f945a{s=HANDLING rs=BLOCKING os=OPEN is=IDLE awp=false se=false i=true al=0},r=3,c=false/false,a=HANDLING,uri=//localhost:8080/__admin/mappings,age=1}
13:18:31.602 [qtp1108502178-71] DEBUG org.eclipse.jetty.io.ManagedSelector - Selector sun.nio.ch.WindowsSelectorImpl@38ce0e5b waiting with 1 keys
13:18:31.602 [qtp1108502178-69] DEBUG org.eclipse.jetty.server.HttpConnection - releaseRequestBuffer HttpConnection@6451b636::NetworkTrafficSocketChannelEndPoint@56757adf{/127.0.0.1:64995<->/127.0.0.1:8080,OPEN,fill=-,flush=-,to=2/30000}{io=0/0,kio=0,kro=1}->HttpConnection@6451b636[p=HttpParser{s=END,2378 of 2378},g=HttpGenerator@28dc6d4b{s=START}]=>HttpChannelOverHttp@5c8d11af{s=HttpChannelState@198f945a{s=HANDLING rs=BLOCKING os=OPEN is=IDLE awp=false se=false i=true al=0},r=3,c=false/false,a=HANDLING,uri=//localhost:8080/__admin/mappings,age=2}
13:18:31.602 [qtp1108502178-69] DEBUG org.eclipse.jetty.server.HttpChannelState - onEof HttpChannelState@198f945a{s=HANDLING rs=BLOCKING os=OPEN is=IDLE awp=false se=false i=true al=0}
13:18:31.602 [qtp1108502178-70] DEBUG org.eclipse.jetty.util.thread.QueuedThreadPool - run ReservedThreadExecutor@93479f5{s=0/1,p=1}@6da6603 in QueuedThreadPool[qtp1108502178]@421266a2{STARTED,8<=8<=14,i=1,r=1,q=0}[ReservedThreadExecutor@93479f5{s=0/1,p=1}]
13:18:31.602 [qtp1108502178-70] DEBUG org.eclipse.jetty.util.thread.ReservedThreadExecutor - ReservedThreadExecutor@93479f5{s=1/1,p=1}@6da6603 started
13:18:31.602 [qtp1108502178-70] DEBUG org.eclipse.jetty.util.thread.ReservedThreadExecutor - ReservedThreadExecutor@93479f5{s=1/1,p=0}@6da6603 waiting
13:18:31.633 [qtp1108502178-69] DEBUG org.eclipse.jetty.server.HttpOutput - write(array HeapByteBuffer@290f7ddc[p=0,l=2378,c=8192,r=2378]={<<<{\r\n  "id" : "e8284612-32e...ioState" : "Started"\r\n}>>>\x00\x00\x00\x00\x00\x00\x00\x00\x00...\x00\x00\x00\x00\x00\x00\x00})
13:18:31.634 [qtp1108502178-69] DEBUG org.eclipse.jetty.server.HttpOutput - write(array) s=OPEN,api=BLOCKING,sc=false,e=null aggregated !flush DirectByteBuffer@3b5b29a7[p=0,l=2378,c=32768,r=2378]={<<<{\r\n  "id" : "e8284612-32e...ioState" : "Started"\r\n}>>>\x00\x00\x00\x00\x00\x00\x00\x00\x00...\x00\x00\x00\x00\x00\x00\x00}
13:18:31.634 [qtp1108502178-69] DEBUG org.eclipse.jetty.server.HttpChannel - sendResponse info=null content=DirectByteBuffer@3b5b29a7[p=0,l=2378,c=32768,r=2378]={<<<{\r\n  "id" : "e8284612-32e...ioState" : "Started"\r\n}>>>\x00\x00\x00\x00\x00\x00\x00\x00\x00...\x00\x00\x00\x00\x00\x00\x00} complete=false committing=true callback=Blocker@310fe656{null}
13:18:31.634 [qtp1108502178-69] DEBUG org.eclipse.jetty.server.HttpChannel - COMMIT for /__admin/mappings on HttpChannelOverHttp@5c8d11af{s=HttpChannelState@198f945a{s=HANDLING rs=BLOCKING os=COMMITTED is=READY awp=false se=false i=true al=0},r=3,c=false/false,a=HANDLING,uri=//localhost:8080/__admin/mappings,age=34}
201 null HTTP/1.1
Content-Type: application/json


13:18:31.634 [qtp1108502178-69] DEBUG org.eclipse.jetty.server.HttpConnection - generate: NEED_HEADER for org.eclipse.jetty.server.HttpConnection$SendCallback@4e2eb4c7[PROCESSING][i=HTTP/1.1{s=201,h=1,cl=-1},cb=org.eclipse.jetty.server.HttpChannel$SendCallback@4d8a4678] (null,[p=0,l=2378,c=32768,r=2378],false)@START
13:18:31.635 [qtp1108502178-69] DEBUG org.eclipse.jetty.http.HttpGenerator - generateHeaders HTTP/1.1{s=201,h=1,cl=-1} last=false content=DirectByteBuffer@3b5b29a7[p=0,l=2378,c=32768,r=2378]={<<<{\r\n  "id" : "e8284612-32e...ioState" : "Started"\r\n}>>>\x00\x00\x00\x00\x00\x00\x00\x00\x00...\x00\x00\x00\x00\x00\x00\x00}
13:18:31.635 [qtp1108502178-69] DEBUG org.eclipse.jetty.http.HttpGenerator - Content-Type: application/json


13:18:31.635 [qtp1108502178-69] DEBUG org.eclipse.jetty.http.HttpGenerator - CHUNKED_CONTENT
13:18:31.635 [qtp1108502178-69] DEBUG org.eclipse.jetty.server.HttpConnection - generate: FLUSH for org.eclipse.jetty.server.HttpConnection$SendCallback@4e2eb4c7[PROCESSING][i=HTTP/1.1{s=201,h=1,cl=-1},cb=org.eclipse.jetty.server.HttpChannel$SendCallback@4d8a4678] ([p=0,l=122,c=8192,r=122],[p=0,l=2378,c=32768,r=2378],false)@COMMITTED
13:18:31.635 [qtp1108502178-69] DEBUG org.eclipse.jetty.io.WriteFlusher - write: WriteFlusher@8d0db80{IDLE}->null [HeapByteBuffer@10a99211[p=0,l=122,c=8192,r=122]={<<<HTTP/1.1 201 Created\r\nCon....28.v20200408)\r\n\r\n94A\r\n>>>ection: K...\x00\x00\x00\x00\x00\x00\x00},DirectByteBuffer@3b5b29a7[p=0,l=2378,c=32768,r=2378]={<<<{\r\n  "id" : "e8284612-32e...ioState" : "Started"\r\n}>>>\x00\x00\x00\x00\x00\x00\x00\x00\x00...\x00\x00\x00\x00\x00\x00\x00}]
13:18:31.635 [qtp1108502178-69] DEBUG org.eclipse.jetty.io.WriteFlusher - update WriteFlusher@8d0db80{WRITING}->null:IDLE-->WRITING
13:18:31.635 [Test worker] DEBUG org.apache.http.wire - http-outgoing-3 << "HTTP/1.1 201 Created[\r][\n]"
13:18:31.635 [Test worker] DEBUG org.apache.http.wire - http-outgoing-3 << "Content-Type: application/json[\r][\n]"
13:18:31.635 [Test worker] DEBUG org.apache.http.wire - http-outgoing-3 << "Transfer-Encoding: chunked[\r][\n]"
13:18:31.635 [Test worker] DEBUG org.apache.http.wire - http-outgoing-3 << "Server: Jetty(9.4.28.v20200408)[\r][\n]"
13:18:31.635 [Test worker] DEBUG org.apache.http.wire - http-outgoing-3 << "[\r][\n]"
13:18:31.635 [Test worker] DEBUG org.apache.http.wire - http-outgoing-3 << "94A[\r][\n]"
13:18:31.635 [Test worker] DEBUG org.apache.http.headers - http-outgoing-3 << HTTP/1.1 201 Created
13:18:31.635 [Test worker] DEBUG org.apache.http.headers - http-outgoing-3 << Content-Type: application/json
13:18:31.635 [Test worker] DEBUG org.apache.http.headers - http-outgoing-3 << Transfer-Encoding: chunked
13:18:31.635 [Test worker] DEBUG org.apache.http.headers - http-outgoing-3 << Server: Jetty(9.4.28.v20200408)
13:18:31.635 [qtp1108502178-69] DEBUG org.eclipse.jetty.io.ChannelEndPoint - flushed 122 NetworkTrafficSocketChannelEndPoint@56757adf{/127.0.0.1:64995<->/127.0.0.1:8080,OPEN,fill=-,flush=W,to=35/30000}{io=0/0,kio=0,kro=1}->HttpConnection@6451b636[p=HttpParser{s=END,2378 of 2378},g=HttpGenerator@28dc6d4b{s=COMMITTED}]=>HttpChannelOverHttp@5c8d11af{s=HttpChannelState@198f945a{s=HANDLING rs=BLOCKING os=COMMITTED is=READY awp=false se=false i=true al=0},r=3,c=false/false,a=HANDLING,uri=//localhost:8080/__admin/mappings,age=35}
13:18:31.636 [qtp1108502178-69] DEBUG org.eclipse.jetty.io.ChannelEndPoint - flushed 2378 NetworkTrafficSocketChannelEndPoint@56757adf{/127.0.0.1:64995<->/127.0.0.1:8080,OPEN,fill=-,flush=W,to=0/30000}{io=0/0,kio=0,kro=1}->HttpConnection@6451b636[p=HttpParser{s=END,2378 of 2378},g=HttpGenerator@28dc6d4b{s=COMMITTED}]=>HttpChannelOverHttp@5c8d11af{s=HttpChannelState@198f945a{s=HANDLING rs=BLOCKING os=COMMITTED is=READY awp=false se=false i=true al=0},r=3,c=false/false,a=HANDLING,uri=//localhost:8080/__admin/mappings,age=36}
13:18:31.636 [Test worker] DEBUG org.apache.http.impl.execchain.MainClientExec - Connection can be kept alive indefinitely
13:18:31.636 [qtp1108502178-69] DEBUG org.eclipse.jetty.io.WriteFlusher - Flushed=true written=2500 remaining=0 WriteFlusher@8d0db80{WRITING}->null
13:18:31.636 [qtp1108502178-69] DEBUG org.eclipse.jetty.io.WriteFlusher - update WriteFlusher@8d0db80{IDLE}->null:WRITING-->IDLE
13:18:31.636 [qtp1108502178-69] DEBUG org.eclipse.jetty.server.HttpConnection - generate: DONE for org.eclipse.jetty.server.HttpConnection$SendCallback@4e2eb4c7[PROCESSING][i=HTTP/1.1{s=201,h=1,cl=-1},cb=org.eclipse.jetty.server.HttpChannel$SendCallback@4d8a4678] ([p=122,l=122,c=8192,r=0],[p=2378,l=2378,c=32768,r=0],false)@COMMITTED
13:18:31.636 [qtp1108502178-69] DEBUG org.eclipse.jetty.server.HttpOutput - onWriteComplete(false,null) s=OPEN,api=BLOCKED,sc=false,e=null->s=OPEN,api=BLOCKING,sc=false,e=null c=null cb=null w=false
13:18:31.636 [Test worker] DEBUG org.apache.http.wire - http-outgoing-3 << "{[\r][\n]"
13:18:31.636 [Test worker] DEBUG org.apache.http.wire - http-outgoing-3 << "  "id" : "e8284612-32ee-4706-9314-cecb77d63231",[\r][\n]"
13:18:31.636 [Test worker] DEBUG org.apache.http.wire - http-outgoing-3 << "  "request" : {[\r][\n]"
13:18:31.636 [Test worker] DEBUG org.apache.http.wire - http-outgoing-3 << "    "url" : "/api/v0/components/provision-adapters/awx",[\r][\n]"
13:18:31.636 [Test worker] DEBUG org.apache.http.wire - http-outgoing-3 << "    "method" : "GET",[\r][\n]"
13:18:31.636 [Test worker] DEBUG org.apache.http.wire - http-outgoing-3 << "    "headers" : {[\r][\n]"
13:18:31.636 [Test worker] DEBUG org.apache.http.wire - http-outgoing-3 << "      "Authorization" : {[\r][\n]"
13:18:31.636 [Test worker] DEBUG org.apache.http.wire - http-outgoing-3 << "        "equalTo" : "Bearer someToken"[\r][\n]"
13:18:31.636 [qtp1108502178-69] DEBUG org.eclipse.jetty.server.HttpOutput - close() s=CLOSING,api=BLOCKED,sc=false,e=null c=HeapByteBuffer@137d328[p=0,l=0,c=0,r=0]={<<<>>>} b=Blocker@310fe656{null}
13:18:31.636 [Test worker] DEBUG org.apache.http.wire - http-outgoing-3 << "      }[\r][\n]"
13:18:31.636 [Test worker] DEBUG org.apache.http.wire - http-outgoing-3 << "    }[\r][\n]"
13:18:31.636 [Test worker] DEBUG org.apache.http.wire - http-outgoing-3 << "  },[\r][\n]"
13:18:31.636 [Test worker] DEBUG org.apache.http.wire - http-outgoing-3 << "  "response" : {[\r][\n]"
13:18:31.636 [Test worker] DEBUG org.apache.http.wire - http-outgoing-3 << "    "status" : 200,[\r][\n]"
13:18:31.637 [Test worker] DEBUG org.apache.http.wire - http-outgoing-3 << "    "body" : "{\"id\":\"awx\",\"name\":\"AWX\",\"deleted\":false,\"type\":\"REST\",\"parameters\":{\"provisionAdapterUrl\":\"/provision-adapters/awx/jobs\"},\"questions\":[{\"type\":\"survey.question.FreeInput\",\"prompt\":\"AWX instance URL:\",\"description\":\"This is the URL of the AWX installation.\",\"variableName\":\"provisioningBaseUrl\",\"mandatory\":true,\"masked\":false,\"hidden\":false,\"defaultAnswer\":\"https://inhas66974\",\"answerBaseType\":\"STRING\",\"restrictions\":null},{\"type\":\"survey.question.SelectOption\",\"prompt\":\"Select AWX template type\",\"description\":\"Actually only workflow job templates are supported.\",\"variableName\":\"awxTemplateType\",\"mandatory\":true,\"masked\":false,\"hidden\":false,\"minimumNumberSelections\":1,\"maximumNumberSelections\":1,\"options\":[\"workflow\"],\"defaultAnswer\":[\"workflow\"]},{\"type\":\"survey.question.FreeInput\",\"prompt\":\"Specify provisioning job identifier\",\"description\":\"You can find this identifier in AWX.\",\"variableName\":\"awxTemplateId\",\"mandatory\":true,\"masked\":false,\"hidden\":false,\"defaultAnswer\":null,\"answerBaseType\":\"INTEGER\",\"restrictions\":null},{\"type\":\"survey.question.FreeInput\",\"prompt\":\"Provisioning username:\",\"description\":\"Please use environment variable identifier.\",\"variableName\":\"provisioningUsername\",\"mandatory\":true,\"masked\":false,\"hidden\":false,\"defaultAnswer\":\"provisioner.awx.datalabs.username\",\"answerBaseType\":\"CREDENTIAL\",\"restrictions\":null},{\"type\":\"survey.question.FreeInput\",\"prompt\":\"Provisioning password:\",\"description\":\"Please use environment variable identifier.\",\"variableName\":\"provisioningPassword\",\"mandatory\":true,\"masked\":true,\"hidden\":false,\"defaultAnswer\":\"provisioner.awx.datalabs.password\",\"answerBaseType\":\"CREDENTIAL\",\"restrictions\":null}]}",[\r][\n]"
13:18:31.637 [Test worker] DEBUG org.apache.http.wire - http-outgoing-3 << "    "headers" : {[\r][\n]"
13:18:31.637 [Test worker] DEBUG org.apache.http.wire - http-outgoing-3 << "      "Content-Type" : "application/json"[\r][\n]"
13:18:31.637 [Test worker] DEBUG org.apache.http.wire - http-outgoing-3 << "    }[\r][\n]"
13:18:31.637 [Test worker] DEBUG org.apache.http.wire - http-outgoing-3 << "  },[\r][\n]"
13:18:31.637 [Test worker] DEBUG org.apache.http.wire - http-outgoing-3 << "  "uuid" : "e8284612-32ee-4706-9314-cecb77d63231",[\r][\n]"
13:18:31.637 [Test worker] DEBUG org.apache.http.wire - http-outgoing-3 << "  "scenarioName" : "unAuthorized",[\r][\n]"
13:18:31.637 [Test worker] DEBUG org.apache.http.wire - http-outgoing-3 << "  "requiredScenarioState" : "Started"[\r][\n]"
13:18:31.637 [Test worker] DEBUG org.apache.http.wire - http-outgoing-3 << "}"
13:18:31.636 [qtp1108502178-69] DEBUG org.eclipse.jetty.server.HttpChannel - sendResponse info=null content=HeapByteBuffer@137d328[p=0,l=0,c=0,r=0]={<<<>>>} complete=true committing=false callback=Blocker@310fe656{null}
13:18:31.637 [qtp1108502178-69] DEBUG org.eclipse.jetty.server.HttpConnection - generate: CONTINUE for org.eclipse.jetty.server.HttpConnection$SendCallback@4e2eb4c7[PROCESSING][i=null,cb=org.eclipse.jetty.server.HttpChannel$SendCallback@292c49b4] (null,[p=0,l=0,c=0,r=0],true)@COMPLETING
13:18:31.637 [qtp1108502178-69] DEBUG org.eclipse.jetty.server.HttpConnection - generate: NEED_CHUNK for org.eclipse.jetty.server.HttpConnection$SendCallback@4e2eb4c7[PROCESSING][i=null,cb=org.eclipse.jetty.server.HttpChannel$SendCallback@292c49b4] (null,[p=0,l=0,c=0,r=0],true)@COMPLETING
13:18:31.637 [qtp1108502178-69] DEBUG org.eclipse.jetty.server.HttpConnection - generate: FLUSH for org.eclipse.jetty.server.HttpConnection$SendCallback@4e2eb4c7[PROCESSING][i=null,cb=org.eclipse.jetty.server.HttpChannel$SendCallback@292c49b4] (null,[p=0,l=0,c=0,r=0],true)@COMPLETING
13:18:31.637 [qtp1108502178-69] DEBUG org.eclipse.jetty.io.WriteFlusher - write: WriteFlusher@8d0db80{IDLE}->null [HeapByteBuffer@7d10bd05[p=0,l=7,c=1024,r=7]={<<<\r\n0\r\n\r\n>>>\x00\x00\x00\x00\x00\x00\x00\x00\x00...\x00\x00\x00\x00\x00\x00\x00}]
13:18:31.637 [qtp1108502178-69] DEBUG org.eclipse.jetty.io.WriteFlusher - update WriteFlusher@8d0db80{WRITING}->null:IDLE-->WRITING
13:18:31.637 [Test worker] DEBUG org.apache.http.wire - http-outgoing-3 << "[\r][\n]"
13:18:31.637 [Test worker] DEBUG org.apache.http.wire - http-outgoing-3 << "0[\r][\n]"
13:18:31.637 [Test worker] DEBUG org.apache.http.wire - http-outgoing-3 << "[\r][\n]"
13:18:31.637 [qtp1108502178-69] DEBUG org.eclipse.jetty.io.ChannelEndPoint - flushed 7 NetworkTrafficSocketChannelEndPoint@56757adf{/127.0.0.1:64995<->/127.0.0.1:8080,OPEN,fill=-,flush=W,to=1/30000}{io=0/0,kio=0,kro=1}->HttpConnection@6451b636[p=HttpParser{s=END,2378 of 2378},g=HttpGenerator@28dc6d4b{s=COMPLETING}]=>HttpChannelOverHttp@5c8d11af{s=HttpChannelState@198f945a{s=HANDLING rs=BLOCKING os=COMMITTED is=READY awp=false se=false i=true al=0},r=3,c=false/false,a=HANDLING,uri=//localhost:8080/__admin/mappings,age=37}
13:18:31.637 [Test worker] DEBUG org.apache.http.impl.conn.PoolingHttpClientConnectionManager - Connection [id: 3][route: {}->http://localhost:8080] can be kept alive indefinitely
13:18:31.637 [Test worker] DEBUG org.apache.http.impl.conn.DefaultManagedHttpClientConnection - http-outgoing-3: set socket timeout to 0
13:18:31.637 [qtp1108502178-69] DEBUG org.eclipse.jetty.io.WriteFlusher - Flushed=true written=7 remaining=0 WriteFlusher@8d0db80{WRITING}->null
13:18:31.637 [qtp1108502178-69] DEBUG org.eclipse.jetty.io.WriteFlusher - update WriteFlusher@8d0db80{IDLE}->null:WRITING-->IDLE
13:18:31.638 [Test worker] DEBUG org.apache.http.impl.conn.PoolingHttpClientConnectionManager - Connection released: [id: 3][route: {}->http://localhost:8080][total available: 1; route allocated: 1 of 5; total allocated: 1 of 50]
13:18:31.638 [qtp1108502178-69] DEBUG org.eclipse.jetty.server.HttpConnection - generate: DONE for org.eclipse.jetty.server.HttpConnection$SendCallback@4e2eb4c7[PROCESSING][i=null,cb=org.eclipse.jetty.server.HttpChannel$SendCallback@292c49b4] (null,[p=0,l=0,c=0,r=0],true)@END
13:18:31.638 [qtp1108502178-69] DEBUG org.eclipse.jetty.server.HttpOutput - onWriteComplete(true,null) s=CLOSING,api=BLOCKED,sc=false,e=null->s=CLOSED,api=BLOCKING,sc=false,e=null c=null cb=null w=false
13:18:31.638 [qtp1108502178-69] DEBUG org.eclipse.jetty.server.handler.gzip.GzipHandler - GzipHandler@5d9ee9b4{STARTED,min=32,inflate=-1} handle Request[POST //localhost:8080/__admin/mappings]@31f34c94 in null
13:18:31.638 [qtp1108502178-69] DEBUG org.eclipse.jetty.server.handler.ContextHandler - scope null||/__admin/mappings @ o.e.j.s.ServletContextHandler@1727dcb3{/,null,AVAILABLE}
13:18:31.638 [qtp1108502178-69] DEBUG org.eclipse.jetty.server.Server - handled=true async=false committed=true on HttpChannelOverHttp@5c8d11af{s=HttpChannelState@198f945a{s=HANDLING rs=BLOCKING os=COMPLETED is=READY awp=false se=false i=true al=0},r=3,c=false/true,a=HANDLING,uri=//localhost:8080/__admin/mappings,age=38}
13:18:31.638 [qtp1108502178-69] DEBUG org.eclipse.jetty.server.HttpChannelState - unhandle HttpChannelState@198f945a{s=HANDLING rs=BLOCKING os=COMPLETED is=READY awp=false se=false i=true al=0}
13:18:31.638 [qtp1108502178-69] DEBUG org.eclipse.jetty.server.HttpChannelState - nextAction(false) COMPLETE HttpChannelState@198f945a{s=HANDLING rs=COMPLETING os=COMPLETED is=READY awp=false se=false i=false al=0}
13:18:31.638 [qtp1108502178-69] DEBUG org.eclipse.jetty.server.HttpChannel - action COMPLETE HttpChannelOverHttp@5c8d11af{s=HttpChannelState@198f945a{s=HANDLING rs=COMPLETING os=COMPLETED is=READY awp=false se=false i=false al=0},r=3,c=false/true,a=HANDLING,uri=//localhost:8080/__admin/mappings,age=38}
13:18:31.638 [qtp1108502178-69] DEBUG org.eclipse.jetty.server.HttpOutput - complete(org.eclipse.jetty.util.Callback$4@7f72c3dd) s=CLOSED,api=BLOCKING,sc=false,e=null s=true e=null, c=null
13:18:31.638 [qtp1108502178-69] DEBUG org.eclipse.jetty.server.HttpChannelState - completed HttpChannelState@198f945a{s=HANDLING rs=COMPLETING os=COMPLETED is=READY awp=false se=false i=false al=0}
13:18:31.638 [qtp1108502178-69] DEBUG org.eclipse.jetty.server.HttpChannelState - unhandle HttpChannelState@198f945a{s=HANDLING rs=COMPLETED os=COMPLETED is=READY awp=false se=false i=false al=0}
13:18:31.638 [qtp1108502178-69] DEBUG org.eclipse.jetty.server.HttpChannelState - nextAction(false) TERMINATED HttpChannelState@198f945a{s=IDLE rs=COMPLETED os=COMPLETED is=READY awp=false se=false i=false al=0}
13:18:31.638 [qtp1108502178-69] DEBUG org.eclipse.jetty.server.HttpChannel - action TERMINATED HttpChannelOverHttp@5c8d11af{s=HttpChannelState@198f945a{s=IDLE rs=COMPLETED os=COMPLETED is=READY awp=false se=false i=false al=0},r=3,c=true/true,a=IDLE,uri=//localhost:8080/__admin/mappings,age=38}
13:18:31.638 [qtp1108502178-69] DEBUG org.eclipse.jetty.server.HttpChannel - onCompleted for /__admin/mappings written=2378
13:18:31.638 [qtp1108502178-69] DEBUG org.eclipse.jetty.server.HttpChannelState - recycle HttpChannelState@198f945a{s=IDLE rs=COMPLETED os=COMPLETED is=READY awp=false se=false i=false al=0}
13:18:31.638 [qtp1108502178-69] DEBUG org.eclipse.jetty.http.HttpParser - reset HttpParser{s=END,2378 of 2378}
13:18:31.638 [qtp1108502178-69] DEBUG org.eclipse.jetty.http.HttpParser - END --> START
13:18:31.638 [qtp1108502178-69] DEBUG org.eclipse.jetty.server.HttpChannel - !handle TERMINATED HttpChannelOverHttp@5c8d11af{s=HttpChannelState@198f945a{s=IDLE rs=BLOCKING os=OPEN is=IDLE awp=false se=false i=true al=0},r=3,c=false/false,a=IDLE,uri=null,age=0}
13:18:31.638 [qtp1108502178-69] DEBUG org.eclipse.jetty.io.ChannelEndPoint - filled 0 HeapByteBuffer@10a99211[p=0,l=0,c=8192,r=0]={<<<>>>HTTP/1.1 ...\x00\x00\x00\x00\x00\x00\x00}
13:18:31.639 [qtp1108502178-69] DEBUG org.eclipse.jetty.io.ChannelEndPoint - filled 0 HeapByteBuffer@10a99211[p=0,l=0,c=8192,r=0]={<<<>>>HTTP/1.1 ...\x00\x00\x00\x00\x00\x00\x00}
13:18:31.639 [qtp1108502178-69] DEBUG org.eclipse.jetty.server.HttpConnection - HttpConnection@6451b636::NetworkTrafficSocketChannelEndPoint@56757adf{/127.0.0.1:64995<->/127.0.0.1:8080,OPEN,fill=-,flush=-,to=1/30000}{io=0/0,kio=0,kro=1}->HttpConnection@6451b636[p=HttpParser{s=START,0 of -1},g=HttpGenerator@28dc6d4b{s=START}]=>HttpChannelOverHttp@5c8d11af{s=HttpChannelState@198f945a{s=IDLE rs=BLOCKING os=OPEN is=IDLE awp=false se=false i=true al=0},r=3,c=false/false,a=IDLE,uri=null,age=0} filled 0 HeapByteBuffer@10a99211[p=0,l=0,c=8192,r=0]={<<<>>>HTTP/1.1 ...\x00\x00\x00\x00\x00\x00\x00}
13:18:31.639 [qtp1108502178-69] DEBUG org.eclipse.jetty.server.HttpConnection - HttpConnection@6451b636::NetworkTrafficSocketChannelEndPoint@56757adf{/127.0.0.1:64995<->/127.0.0.1:8080,OPEN,fill=-,flush=-,to=1/30000}{io=0/0,kio=0,kro=1}->HttpConnection@6451b636[p=HttpParser{s=START,0 of -1},g=HttpGenerator@28dc6d4b{s=START}]=>HttpChannelOverHttp@5c8d11af{s=HttpChannelState@198f945a{s=IDLE rs=BLOCKING os=OPEN is=IDLE awp=false se=false i=true al=0},r=3,c=false/false,a=IDLE,uri=null,age=0} parse HeapByteBuffer@10a99211[p=0,l=0,c=8192,r=0]={<<<>>>HTTP/1.1 ...\x00\x00\x00\x00\x00\x00\x00} {}
13:18:31.639 [qtp1108502178-69] DEBUG org.eclipse.jetty.http.HttpParser - parseNext s=START HeapByteBuffer@10a99211[p=0,l=0,c=8192,r=0]={<<<>>>HTTP/1.1 ...\x00\x00\x00\x00\x00\x00\x00}
13:18:31.639 [qtp1108502178-69] DEBUG org.eclipse.jetty.server.HttpConnection - HttpConnection@6451b636::NetworkTrafficSocketChannelEndPoint@56757adf{/127.0.0.1:64995<->/127.0.0.1:8080,OPEN,fill=-,flush=-,to=1/30000}{io=0/0,kio=0,kro=1}->HttpConnection@6451b636[p=HttpParser{s=START,0 of -1},g=HttpGenerator@28dc6d4b{s=START}]=>HttpChannelOverHttp@5c8d11af{s=HttpChannelState@198f945a{s=IDLE rs=BLOCKING os=OPEN is=IDLE awp=false se=false i=true al=0},r=3,c=false/false,a=IDLE,uri=null,age=0} parsed false HttpParser{s=START,0 of -1}
13:18:31.639 [qtp1108502178-69] DEBUG org.eclipse.jetty.server.HttpConnection - releaseRequestBuffer HttpConnection@6451b636::NetworkTrafficSocketChannelEndPoint@56757adf{/127.0.0.1:64995<->/127.0.0.1:8080,OPEN,fill=-,flush=-,to=1/30000}{io=0/0,kio=0,kro=1}->HttpConnection@6451b636[p=HttpParser{s=START,0 of -1},g=HttpGenerator@28dc6d4b{s=START}]=>HttpChannelOverHttp@5c8d11af{s=HttpChannelState@198f945a{s=IDLE rs=BLOCKING os=OPEN is=IDLE awp=false se=false i=true al=0},r=3,c=false/false,a=IDLE,uri=null,age=0}
13:18:31.639 [qtp1108502178-69] DEBUG org.eclipse.jetty.io.AbstractConnection - fillInterested HttpConnection@6451b636::NetworkTrafficSocketChannelEndPoint@56757adf{/127.0.0.1:64995<->/127.0.0.1:8080,OPEN,fill=-,flush=-,to=1/30000}{io=0/0,kio=0,kro=1}->HttpConnection@6451b636[p=HttpParser{s=START,0 of -1},g=HttpGenerator@28dc6d4b{s=START}]=>HttpChannelOverHttp@5c8d11af{s=HttpChannelState@198f945a{s=IDLE rs=BLOCKING os=OPEN is=IDLE awp=false se=false i=true al=0},r=3,c=false/false,a=IDLE,uri=null,age=0}
13:18:31.639 [qtp1108502178-69] DEBUG org.eclipse.jetty.io.FillInterest - interested FillInterest@1ce81196{AC.ReadCB@6451b636{HttpConnection@6451b636::NetworkTrafficSocketChannelEndPoint@56757adf{/127.0.0.1:64995<->/127.0.0.1:8080,OPEN,fill=FI,flush=-,to=0/30000}{io=0/0,kio=0,kro=1}->HttpConnection@6451b636[p=HttpParser{s=START,0 of -1},g=HttpGenerator@28dc6d4b{s=START}]=>HttpChannelOverHttp@5c8d11af{s=HttpChannelState@198f945a{s=IDLE rs=BLOCKING os=OPEN is=IDLE awp=false se=false i=true al=0},r=3,c=false/false,a=IDLE,uri=null,age=0}}}
13:18:31.639 [qtp1108502178-69] DEBUG org.eclipse.jetty.io.ChannelEndPoint - changeInterests p=false 0->1 for NetworkTrafficSocketChannelEndPoint@56757adf{/127.0.0.1:64995<->/127.0.0.1:8080,OPEN,fill=FI,flush=-,to=0/30000}{io=0/1,kio=0,kro=1}->HttpConnection@6451b636[p=HttpParser{s=START,0 of -1},g=HttpGenerator@28dc6d4b{s=START}]=>HttpChannelOverHttp@5c8d11af{s=HttpChannelState@198f945a{s=IDLE rs=BLOCKING os=OPEN is=IDLE awp=false se=false i=true al=0},r=3,c=false/false,a=IDLE,uri=null,age=0}
13:18:31.639 [qtp1108502178-69] DEBUG org.eclipse.jetty.io.ManagedSelector - Queued change org.eclipse.jetty.io.ChannelEndPoint$1@79a06b15 on ManagedSelector@e983464{STARTED} id=1 keys=1 selected=0 updates=0
13:18:31.639 [qtp1108502178-69] DEBUG org.eclipse.jetty.io.ManagedSelector - Wakeup on submit ManagedSelector@e983464{STARTED} id=1 keys=1 selected=0 updates=1
13:18:31.639 [qtp1108502178-71] DEBUG org.eclipse.jetty.io.ManagedSelector - Selector sun.nio.ch.WindowsSelectorImpl@38ce0e5b woken with none selected
13:18:31.639 [qtp1108502178-71] DEBUG org.eclipse.jetty.io.ManagedSelector - Selector sun.nio.ch.WindowsSelectorImpl@38ce0e5b woken up from select, 0/0/1 selected
13:18:31.639 [qtp1108502178-69] DEBUG org.eclipse.jetty.server.HttpConnection - HttpConnection@6451b636::NetworkTrafficSocketChannelEndPoint@56757adf{/127.0.0.1:64995<->/127.0.0.1:8080,OPEN,fill=FI,flush=-,to=0/30000}{io=0/1,kio=0,kro=1}->HttpConnection@6451b636[p=HttpParser{s=START,0 of -1},g=HttpGenerator@28dc6d4b{s=START}]=>HttpChannelOverHttp@5c8d11af{s=HttpChannelState@198f945a{s=IDLE rs=BLOCKING os=OPEN is=IDLE awp=false se=false i=true al=0},r=3,c=false/false,a=IDLE,uri=null,age=0} onFillable exit HttpChannelState@198f945a{s=IDLE rs=BLOCKING os=OPEN is=IDLE awp=false se=false i=true al=0} null
13:18:31.639 [qtp1108502178-71] DEBUG org.eclipse.jetty.io.ManagedSelector - Selector sun.nio.ch.WindowsSelectorImpl@38ce0e5b processing 0 keys, 1 updates
13:18:31.639 [qtp1108502178-71] DEBUG org.eclipse.jetty.io.ManagedSelector - updateable 1
13:18:31.639 [qtp1108502178-71] DEBUG org.eclipse.jetty.io.ManagedSelector - update org.eclipse.jetty.io.ChannelEndPoint$1@79a06b15
13:18:31.639 [qtp1108502178-69] DEBUG org.eclipse.jetty.util.thread.ReservedThreadExecutor - ReservedThreadExecutor@93479f5{s=1/1,p=0}@3236652b size 1 > capacity
13:18:31.640 [qtp1108502178-71] DEBUG org.eclipse.jetty.io.ChannelEndPoint - Key interests updated 0 -> 1 on NetworkTrafficSocketChannelEndPoint@56757adf{/127.0.0.1:64995<->/127.0.0.1:8080,OPEN,fill=FI,flush=-,to=0/30000}{io=1/1,kio=1,kro=1}->HttpConnection@6451b636[p=HttpParser{s=START,0 of -1},g=HttpGenerator@28dc6d4b{s=START}]=>HttpChannelOverHttp@5c8d11af{s=HttpChannelState@198f945a{s=IDLE rs=BLOCKING os=OPEN is=IDLE awp=false se=false i=true al=0},r=3,c=false/false,a=IDLE,uri=null,age=0}
13:18:31.640 [qtp1108502178-71] DEBUG org.eclipse.jetty.io.ManagedSelector - updates 0
13:18:31.640 [qtp1108502178-71] DEBUG org.eclipse.jetty.io.ManagedSelector - Selector sun.nio.ch.WindowsSelectorImpl@38ce0e5b waiting with 1 keys
13:18:31.640 [qtp1108502178-69] DEBUG org.eclipse.jetty.util.thread.QueuedThreadPool - ran ReservedThreadExecutor@93479f5{s=1/1,p=0}@3236652b in QueuedThreadPool[qtp1108502178]@421266a2{STARTED,8<=8<=14,i=1,r=1,q=0}[ReservedThreadExecutor@93479f5{s=1/1,p=0}]
13:18:31.644 [Test worker] DEBUG org.springframework.web.reactive.function.client.ExchangeFunctions - [59b194d9] HTTP GET http://localhost:8080/api/v0/components/provision-adapters/awx
13:18:31.645 [reactor-http-nio-4] DEBUG reactor.netty.resources.PooledConnectionProvider - [id: 0xcbaa31af] Created a new pooled channel, now 1 active connections and 0 inactive connections
13:18:31.646 [reactor-http-nio-4] DEBUG reactor.netty.channel.BootstrapHandlers - [id: 0xcbaa31af] Initialized pipeline DefaultChannelPipeline{(BootstrapHandlers$BootstrapInitializerHandler#0 = reactor.netty.channel.BootstrapHandlers$BootstrapInitializerHandler), (PooledConnectionProvider$PooledConnectionAllocator$PooledConnectionInitializer#0 = reactor.netty.resources.PooledConnectionProvider$PooledConnectionAllocator$PooledConnectionInitializer), (reactor.left.httpCodec = io.netty.handler.codec.http.HttpClientCodec), (reactor.right.reactiveBridge = reactor.netty.channel.ChannelOperationsHandler)}
13:18:31.648 [qtp1108502178-66-acceptor-0@413e090e-NetworkTrafficServerConnector@4cc10b86{HTTP/1.1, (http/1.1)}{0.0.0.0:8080}] DEBUG org.eclipse.jetty.io.ManagedSelector - Queued change org.eclipse.jetty.io.ManagedSelector$Accept@25e5adec on ManagedSelector@6cb7ae41{STARTED} id=0 keys=0 selected=0 updates=0
13:18:31.648 [reactor-http-nio-4] DEBUG reactor.netty.resources.PooledConnectionProvider - [id: 0xcbaa31af, L:/127.0.0.1:64996 - R:localhost/127.0.0.1:8080] Registering pool release on close event for channel
13:18:31.648 [qtp1108502178-66-acceptor-0@413e090e-NetworkTrafficServerConnector@4cc10b86{HTTP/1.1, (http/1.1)}{0.0.0.0:8080}] DEBUG org.eclipse.jetty.io.ManagedSelector - Wakeup on submit ManagedSelector@6cb7ae41{STARTED} id=0 keys=0 selected=0 updates=1
13:18:31.648 [reactor-http-nio-4] DEBUG reactor.netty.resources.PooledConnectionProvider - [id: 0xcbaa31af, L:/127.0.0.1:64996 - R:localhost/127.0.0.1:8080] Channel connected, now 1 active connections and 0 inactive connections
13:18:31.649 [reactor-http-nio-4] DEBUG reactor.netty.resources.PooledConnectionProvider - [id: 0xcbaa31af, L:/127.0.0.1:64996 - R:localhost/127.0.0.1:8080] onStateChange(PooledConnection{channel=[id: 0xcbaa31af, L:/127.0.0.1:64996 - R:localhost/127.0.0.1:8080]}, [connected])
13:18:31.649 [qtp1108502178-64] DEBUG org.eclipse.jetty.io.ManagedSelector - Selector sun.nio.ch.WindowsSelectorImpl@7fe0685e woken with none selected
13:18:31.649 [qtp1108502178-64] DEBUG org.eclipse.jetty.io.ManagedSelector - Selector sun.nio.ch.WindowsSelectorImpl@7fe0685e woken up from select, 0/0/0 selected
13:18:31.649 [qtp1108502178-64] DEBUG org.eclipse.jetty.io.ManagedSelector - Selector sun.nio.ch.WindowsSelectorImpl@7fe0685e processing 0 keys, 1 updates
13:18:31.649 [qtp1108502178-64] DEBUG org.eclipse.jetty.io.ManagedSelector - updateable 1
13:18:31.649 [qtp1108502178-64] DEBUG org.eclipse.jetty.io.ManagedSelector - update org.eclipse.jetty.io.ManagedSelector$Accept@25e5adec
13:18:31.649 [reactor-http-nio-4] DEBUG reactor.netty.resources.PooledConnectionProvider - [id: 0xcbaa31af, L:/127.0.0.1:64996 - R:localhost/127.0.0.1:8080] onStateChange(GET{uri=/, connection=PooledConnection{channel=[id: 0xcbaa31af, L:/127.0.0.1:64996 - R:localhost/127.0.0.1:8080]}}, [configured])
13:18:31.649 [qtp1108502178-64] DEBUG org.eclipse.jetty.util.thread.QueuedThreadPool - queue org.eclipse.jetty.io.ManagedSelector$Accept@25e5adec startThread=0
13:18:31.649 [qtp1108502178-64] DEBUG org.eclipse.jetty.io.ManagedSelector - updates 0
13:18:31.649 [qtp1108502178-64] DEBUG org.eclipse.jetty.io.ManagedSelector - Selector sun.nio.ch.WindowsSelectorImpl@7fe0685e waiting with 1 keys
13:18:31.649 [reactor-http-nio-4] DEBUG reactor.netty.ReactorNetty - [id: 0xcbaa31af, L:/127.0.0.1:64996 - R:localhost/127.0.0.1:8080] Added decoder [ReadTimeoutHandler] at the end of the user pipeline, full pipeline: [reactor.left.httpCodec, ReadTimeoutHandler, reactor.right.reactiveBridge, DefaultChannelPipeline$TailContext#0]
13:18:31.649 [reactor-http-nio-4] DEBUG reactor.netty.ReactorNetty - [id: 0xcbaa31af, L:/127.0.0.1:64996 - R:localhost/127.0.0.1:8080] Added decoder [WriteTimeoutHandler] at the end of the user pipeline, full pipeline: [reactor.left.httpCodec, ReadTimeoutHandler, WriteTimeoutHandler, reactor.right.reactiveBridge, DefaultChannelPipeline$TailContext#0]
13:18:31.649 [reactor-http-nio-4] DEBUG reactor.netty.http.client.HttpClientConnect - [id: 0xcbaa31af, L:/127.0.0.1:64996 - R:localhost/127.0.0.1:8080] Handler is being applied: {uri=http://localhost:8080/api/v0/components/provision-adapters/awx, method=GET}
13:18:31.649 [qtp1108502178-65] DEBUG org.eclipse.jetty.util.thread.QueuedThreadPool - run org.eclipse.jetty.io.ManagedSelector$Accept@25e5adec in QueuedThreadPool[qtp1108502178]@421266a2{STARTED,8<=8<=14,i=1,r=1,q=0}[ReservedThreadExecutor@93479f5{s=1/1,p=0}]
13:18:31.649 [reactor-http-nio-4] DEBUG reactor.netty.resources.PooledConnectionProvider - [id: 0xcbaa31af, L:/127.0.0.1:64996 - R:localhost/127.0.0.1:8080] onStateChange(GET{uri=/api/v0/components/provision-adapters/awx, connection=PooledConnection{channel=[id: 0xcbaa31af, L:/127.0.0.1:64996 - R:localhost/127.0.0.1:8080]}}, [request_prepared])
13:18:31.650 [qtp1108502178-65] DEBUG org.eclipse.jetty.io.IdleTimeout - NetworkTrafficSocketChannelEndPoint@40d68c3d{/127.0.0.1:64996<->/127.0.0.1:8080,OPEN,fill=-,flush=-,to=0/30000}{io=0/0,kio=0,kro=0}-><null> idle timeout check, elapsed: 0 ms, remaining: 30000 ms
13:18:31.650 [qtp1108502178-65] DEBUG org.eclipse.jetty.server.HttpChannel - new HttpChannelOverHttp@6cb96ec{s=HttpChannelState@3e69d518{s=IDLE rs=BLOCKING os=OPEN is=IDLE awp=false se=false i=true al=0},r=0,c=false/false,a=IDLE,uri=null,age=0} -> NetworkTrafficSocketChannelEndPoint@40d68c3d{/127.0.0.1:64996<->/127.0.0.1:8080,OPEN,fill=-,flush=-,to=0/30000}{io=0/0,kio=0,kro=0}-><null>,null,HttpChannelState@3e69d518{s=IDLE rs=BLOCKING os=OPEN is=IDLE awp=false se=false i=true al=0}
13:18:31.650 [qtp1108502178-65] DEBUG org.eclipse.jetty.server.HttpConnection - New HTTP Connection HttpConnection@18566bd7::NetworkTrafficSocketChannelEndPoint@40d68c3d{/127.0.0.1:64996<->/127.0.0.1:8080,OPEN,fill=-,flush=-,to=0/30000}{io=0/0,kio=0,kro=0}-><null>
13:18:31.650 [qtp1108502178-65] DEBUG org.eclipse.jetty.io.AbstractEndPoint - onOpen NetworkTrafficSocketChannelEndPoint@40d68c3d{/127.0.0.1:64996<->/127.0.0.1:8080,OPEN,fill=-,flush=-,to=0/30000}{io=0/0,kio=0,kro=0}->HttpConnection@18566bd7[p=HttpParser{s=START,0 of -1},g=HttpGenerator@6c95ab84{s=START}]=>HttpChannelOverHttp@6cb96ec{s=HttpChannelState@3e69d518{s=IDLE rs=BLOCKING os=OPEN is=IDLE awp=false se=false i=true al=0},r=0,c=false/false,a=IDLE,uri=null,age=0}
13:18:31.650 [qtp1108502178-65] DEBUG org.eclipse.jetty.io.AbstractConnection - onOpen HttpConnection@18566bd7::NetworkTrafficSocketChannelEndPoint@40d68c3d{/127.0.0.1:64996<->/127.0.0.1:8080,OPEN,fill=-,flush=-,to=0/30000}{io=0/0,kio=0,kro=0}->HttpConnection@18566bd7[p=HttpParser{s=START,0 of -1},g=HttpGenerator@6c95ab84{s=START}]=>HttpChannelOverHttp@6cb96ec{s=HttpChannelState@3e69d518{s=IDLE rs=BLOCKING os=OPEN is=IDLE awp=false se=false i=true al=0},r=0,c=false/false,a=IDLE,uri=null,age=0}
13:18:31.650 [qtp1108502178-65] DEBUG org.eclipse.jetty.io.AbstractConnection - fillInterested HttpConnection@18566bd7::NetworkTrafficSocketChannelEndPoint@40d68c3d{/127.0.0.1:64996<->/127.0.0.1:8080,OPEN,fill=-,flush=-,to=0/30000}{io=0/0,kio=0,kro=0}->HttpConnection@18566bd7[p=HttpParser{s=START,0 of -1},g=HttpGenerator@6c95ab84{s=START}]=>HttpChannelOverHttp@6cb96ec{s=HttpChannelState@3e69d518{s=IDLE rs=BLOCKING os=OPEN is=IDLE awp=false se=false i=true al=0},r=0,c=false/false,a=IDLE,uri=null,age=0}
13:18:31.650 [qtp1108502178-65] DEBUG org.eclipse.jetty.io.FillInterest - interested FillInterest@36b33c0c{AC.ReadCB@18566bd7{HttpConnection@18566bd7::NetworkTrafficSocketChannelEndPoint@40d68c3d{/127.0.0.1:64996<->/127.0.0.1:8080,OPEN,fill=FI,flush=-,to=0/30000}{io=0/0,kio=0,kro=0}->HttpConnection@18566bd7[p=HttpParser{s=START,0 of -1},g=HttpGenerator@6c95ab84{s=START}]=>HttpChannelOverHttp@6cb96ec{s=HttpChannelState@3e69d518{s=IDLE rs=BLOCKING os=OPEN is=IDLE awp=false se=false i=true al=0},r=0,c=false/false,a=IDLE,uri=null,age=0}}}
13:18:31.650 [qtp1108502178-65] DEBUG org.eclipse.jetty.io.ChannelEndPoint - changeInterests p=false 0->1 for NetworkTrafficSocketChannelEndPoint@40d68c3d{/127.0.0.1:64996<->/127.0.0.1:8080,OPEN,fill=FI,flush=-,to=0/30000}{io=0/1,kio=0,kro=0}->HttpConnection@18566bd7[p=HttpParser{s=START,0 of -1},g=HttpGenerator@6c95ab84{s=START}]=>HttpChannelOverHttp@6cb96ec{s=HttpChannelState@3e69d518{s=IDLE rs=BLOCKING os=OPEN is=IDLE awp=false se=false i=true al=0},r=0,c=false/false,a=IDLE,uri=null,age=0}
13:18:31.650 [qtp1108502178-65] DEBUG org.eclipse.jetty.io.ManagedSelector - Queued change org.eclipse.jetty.io.ChannelEndPoint$1@4602fed7 on ManagedSelector@6cb7ae41{STARTED} id=0 keys=1 selected=0 updates=0
13:18:31.650 [qtp1108502178-65] DEBUG org.eclipse.jetty.io.ManagedSelector - Wakeup on submit ManagedSelector@6cb7ae41{STARTED} id=0 keys=1 selected=0 updates=1
13:18:31.651 [qtp1108502178-64] DEBUG org.eclipse.jetty.io.ManagedSelector - Selector sun.nio.ch.WindowsSelectorImpl@7fe0685e woken with none selected
13:18:31.651 [qtp1108502178-64] DEBUG org.eclipse.jetty.io.ManagedSelector - Selector sun.nio.ch.WindowsSelectorImpl@7fe0685e woken up from select, 0/0/1 selected
13:18:31.651 [qtp1108502178-64] DEBUG org.eclipse.jetty.io.ManagedSelector - Selector sun.nio.ch.WindowsSelectorImpl@7fe0685e processing 0 keys, 1 updates
13:18:31.651 [qtp1108502178-64] DEBUG org.eclipse.jetty.io.ManagedSelector - updateable 1
13:18:31.651 [qtp1108502178-64] DEBUG org.eclipse.jetty.io.ManagedSelector - update org.eclipse.jetty.io.ChannelEndPoint$1@4602fed7
13:18:31.651 [qtp1108502178-64] DEBUG org.eclipse.jetty.io.ChannelEndPoint - Key interests updated 0 -> 1 on NetworkTrafficSocketChannelEndPoint@40d68c3d{/127.0.0.1:64996<->/127.0.0.1:8080,OPEN,fill=FI,flush=-,to=0/30000}{io=1/1,kio=1,kro=0}->HttpConnection@18566bd7[p=HttpParser{s=START,0 of -1},g=HttpGenerator@6c95ab84{s=START}]=>HttpChannelOverHttp@6cb96ec{s=HttpChannelState@3e69d518{s=IDLE rs=BLOCKING os=OPEN is=IDLE awp=false se=false i=true al=0},r=0,c=false/false,a=IDLE,uri=null,age=0}
13:18:31.651 [reactor-http-nio-4] DEBUG reactor.netty.resources.PooledConnectionProvider - [id: 0xcbaa31af, L:/127.0.0.1:64996 - R:localhost/127.0.0.1:8080] onStateChange(GET{uri=/api/v0/components/provision-adapters/awx, connection=PooledConnection{channel=[id: 0xcbaa31af, L:/127.0.0.1:64996 - R:localhost/127.0.0.1:8080]}}, [request_sent])
13:18:31.651 [qtp1108502178-64] DEBUG org.eclipse.jetty.io.ManagedSelector - updates 0
13:18:31.651 [qtp1108502178-64] DEBUG org.eclipse.jetty.io.ManagedSelector - Selector sun.nio.ch.WindowsSelectorImpl@7fe0685e waiting with 1 keys
13:18:31.651 [qtp1108502178-64] DEBUG org.eclipse.jetty.io.ManagedSelector - Selector sun.nio.ch.WindowsSelectorImpl@7fe0685e woken up from select, 1/1/1 selected
13:18:31.651 [qtp1108502178-64] DEBUG org.eclipse.jetty.io.ManagedSelector - Selector sun.nio.ch.WindowsSelectorImpl@7fe0685e processing 1 keys, 0 updates
13:18:31.651 [qtp1108502178-64] DEBUG org.eclipse.jetty.io.ManagedSelector - selected 1 channel=java.nio.channels.SocketChannel[connected local=/127.0.0.1:8080 remote=/127.0.0.1:64996], selector=sun.nio.ch.WindowsSelectorImpl@7fe0685e, interestOps=1, readyOps=1 NetworkTrafficSocketChannelEndPoint@40d68c3d{/127.0.0.1:64996<->/127.0.0.1:8080,OPEN,fill=FI,flush=-,to=0/30000}{io=1/1,kio=1,kro=1}->HttpConnection@18566bd7[p=HttpParser{s=START,0 of -1},g=HttpGenerator@6c95ab84{s=START}]=>HttpChannelOverHttp@6cb96ec{s=HttpChannelState@3e69d518{s=IDLE rs=BLOCKING os=OPEN is=IDLE awp=false se=false i=true al=0},r=0,c=false/false,a=IDLE,uri=null,age=0} 
13:18:31.651 [qtp1108502178-65] DEBUG org.eclipse.jetty.io.ManagedSelector - Created NetworkTrafficSocketChannelEndPoint@40d68c3d{/127.0.0.1:64996<->/127.0.0.1:8080,OPEN,fill=FI,flush=-,to=0/30000}{io=1/1,kio=1,kro=1}->HttpConnection@18566bd7[p=HttpParser{s=START,0 of -1},g=HttpGenerator@6c95ab84{s=START}]=>HttpChannelOverHttp@6cb96ec{s=HttpChannelState@3e69d518{s=IDLE rs=BLOCKING os=OPEN is=IDLE awp=false se=false i=true al=0},r=0,c=false/false,a=IDLE,uri=null,age=0}
13:18:31.651 [qtp1108502178-64] DEBUG org.eclipse.jetty.io.ChannelEndPoint - onSelected 1->0 r=true w=false for NetworkTrafficSocketChannelEndPoint@40d68c3d{/127.0.0.1:64996<->/127.0.0.1:8080,OPEN,fill=FI,flush=-,to=0/30000}{io=1/0,kio=1,kro=1}->HttpConnection@18566bd7[p=HttpParser{s=START,0 of -1},g=HttpGenerator@6c95ab84{s=START}]=>HttpChannelOverHttp@6cb96ec{s=HttpChannelState@3e69d518{s=IDLE rs=BLOCKING os=OPEN is=IDLE awp=false se=false i=true al=0},r=0,c=false/false,a=IDLE,uri=null,age=0}
13:18:31.651 [qtp1108502178-65] DEBUG org.eclipse.jetty.util.thread.QueuedThreadPool - ran org.eclipse.jetty.io.ManagedSelector$Accept@25e5adec in QueuedThreadPool[qtp1108502178]@421266a2{STARTED,8<=8<=14,i=1,r=1,q=0}[ReservedThreadExecutor@93479f5{s=1/1,p=0}]
13:18:31.651 [qtp1108502178-64] DEBUG org.eclipse.jetty.io.ChannelEndPoint - task CEP:NetworkTrafficSocketChannelEndPoint@40d68c3d{/127.0.0.1:64996<->/127.0.0.1:8080,OPEN,fill=FI,flush=-,to=0/30000}{io=1/0,kio=1,kro=1}->HttpConnection@18566bd7[p=HttpParser{s=START,0 of -1},g=HttpGenerator@6c95ab84{s=START}]=>HttpChannelOverHttp@6cb96ec{s=HttpChannelState@3e69d518{s=IDLE rs=BLOCKING os=OPEN is=IDLE awp=false se=false i=true al=0},r=0,c=false/false,a=IDLE,uri=null,age=0}:runFillable:BLOCKING
13:18:31.651 [qtp1108502178-64] DEBUG org.eclipse.jetty.util.thread.ReservedThreadExecutor - ReservedThreadExecutor@93479f5{s=1/1,p=0} tryExecute EatWhatYouKill@1f28123a/SelectorProducer@e09e6a1/PRODUCING/p=false/QueuedThreadPool[qtp1108502178]@421266a2{STARTED,8<=8<=14,i=2,r=1,q=0}[ReservedThreadExecutor@93479f5{s=1/1,p=0}][pc=0,pic=0,pec=0,epc=0]@2020-09-25T13:18:31.6518261+02:00
13:18:31.652 [qtp1108502178-64] DEBUG org.eclipse.jetty.util.thread.ReservedThreadExecutor - ReservedThreadExecutor@93479f5{s=0/1,p=0}@6da6603 offer EatWhatYouKill@1f28123a/SelectorProducer@e09e6a1/PRODUCING/p=false/QueuedThreadPool[qtp1108502178]@421266a2{STARTED,8<=8<=14,i=2,r=1,q=0}[ReservedThreadExecutor@93479f5{s=0/1,p=0}][pc=0,pic=0,pec=0,epc=0]@2020-09-25T13:18:31.6528231+02:00
13:18:31.652 [qtp1108502178-64] DEBUG org.eclipse.jetty.util.thread.ReservedThreadExecutor - ReservedThreadExecutor@93479f5{s=0/1,p=1} startReservedThread p=1
13:18:31.652 [qtp1108502178-64] DEBUG org.eclipse.jetty.util.thread.QueuedThreadPool - queue ReservedThreadExecutor@93479f5{s=0/1,p=1}@7518032e startThread=0
13:18:31.652 [qtp1108502178-64] DEBUG org.eclipse.jetty.util.thread.strategy.EatWhatYouKill - EatWhatYouKill@1f28123a/SelectorProducer@e09e6a1/IDLE/p=true/QueuedThreadPool[qtp1108502178]@421266a2{STARTED,8<=8<=14,i=1,r=1,q=0}[ReservedThreadExecutor@93479f5{s=0/1,p=1}][pc=0,pic=0,pec=0,epc=0]@2020-09-25T13:18:31.6528231+02:00 m=EXECUTE_PRODUCE_CONSUME t=CEP:NetworkTrafficSocketChannelEndPoint@40d68c3d{/127.0.0.1:64996<->/127.0.0.1:8080,OPEN,fill=FI,flush=-,to=1/30000}{io=1/0,kio=1,kro=1}->HttpConnection@18566bd7[p=HttpParser{s=START,0 of -1},g=HttpGenerator@6c95ab84{s=START}]=>HttpChannelOverHttp@6cb96ec{s=HttpChannelState@3e69d518{s=IDLE rs=BLOCKING os=OPEN is=IDLE awp=false se=false i=true al=0},r=0,c=false/false,a=IDLE,uri=null,age=0}:runFillable:BLOCKING/BLOCKING
13:18:31.652 [qtp1108502178-64] DEBUG org.eclipse.jetty.io.FillInterest - fillable FillInterest@36b33c0c{AC.ReadCB@18566bd7{HttpConnection@18566bd7::NetworkTrafficSocketChannelEndPoint@40d68c3d{/127.0.0.1:64996<->/127.0.0.1:8080,OPEN,fill=FI,flush=-,to=1/30000}{io=1/0,kio=1,kro=1}->HttpConnection@18566bd7[p=HttpParser{s=START,0 of -1},g=HttpGenerator@6c95ab84{s=START}]=>HttpChannelOverHttp@6cb96ec{s=HttpChannelState@3e69d518{s=IDLE rs=BLOCKING os=OPEN is=IDLE awp=false se=false i=true al=0},r=0,c=false/false,a=IDLE,uri=null,age=0}}}
13:18:31.652 [qtp1108502178-64] DEBUG org.eclipse.jetty.server.HttpConnection - HttpConnection@18566bd7::NetworkTrafficSocketChannelEndPoint@40d68c3d{/127.0.0.1:64996<->/127.0.0.1:8080,OPEN,fill=-,flush=-,to=1/30000}{io=1/0,kio=1,kro=1}->HttpConnection@18566bd7[p=HttpParser{s=START,0 of -1},g=HttpGenerator@6c95ab84{s=START}]=>HttpChannelOverHttp@6cb96ec{s=HttpChannelState@3e69d518{s=IDLE rs=BLOCKING os=OPEN is=IDLE awp=false se=false i=true al=0},r=0,c=false/false,a=IDLE,uri=null,age=0} onFillable enter HttpChannelState@3e69d518{s=IDLE rs=BLOCKING os=OPEN is=IDLE awp=false se=false i=true al=0} null
13:18:31.652 [qtp1108502178-64] DEBUG org.eclipse.jetty.io.ChannelEndPoint - filled 157 HeapByteBuffer@10a99211[p=0,l=157,c=8192,r=157]={<<<GET /api/v0/components/pr...horization: Bearer \r\n\r\n>>>che-HttpC...\x00\x00\x00\x00\x00\x00\x00}
13:18:31.652 [qtp1108502178-64] DEBUG org.eclipse.jetty.server.HttpConnection - HttpConnection@18566bd7::NetworkTrafficSocketChannelEndPoint@40d68c3d{/127.0.0.1:64996<->/127.0.0.1:8080,OPEN,fill=-,flush=-,to=0/30000}{io=1/0,kio=1,kro=1}->HttpConnection@18566bd7[p=HttpParser{s=START,0 of -1},g=HttpGenerator@6c95ab84{s=START}]=>HttpChannelOverHttp@6cb96ec{s=HttpChannelState@3e69d518{s=IDLE rs=BLOCKING os=OPEN is=IDLE awp=false se=false i=true al=0},r=0,c=false/false,a=IDLE,uri=null,age=0} filled 157 HeapByteBuffer@10a99211[p=0,l=157,c=8192,r=157]={<<<GET /api/v0/components/pr...horization: Bearer \r\n\r\n>>>che-HttpC...\x00\x00\x00\x00\x00\x00\x00}
13:18:31.652 [qtp1108502178-64] DEBUG org.eclipse.jetty.server.HttpConnection - HttpConnection@18566bd7::NetworkTrafficSocketChannelEndPoint@40d68c3d{/127.0.0.1:64996<->/127.0.0.1:8080,OPEN,fill=-,flush=-,to=0/30000}{io=1/0,kio=1,kro=1}->HttpConnection@18566bd7[p=HttpParser{s=START,0 of -1},g=HttpGenerator@6c95ab84{s=START}]=>HttpChannelOverHttp@6cb96ec{s=HttpChannelState@3e69d518{s=IDLE rs=BLOCKING os=OPEN is=IDLE awp=false se=false i=true al=0},r=0,c=false/false,a=IDLE,uri=null,age=0} parse HeapByteBuffer@10a99211[p=0,l=157,c=8192,r=157]={<<<GET /api/v0/components/pr...horization: Bearer \r\n\r\n>>>che-HttpC...\x00\x00\x00\x00\x00\x00\x00} {}
13:18:31.652 [qtp1108502178-64] DEBUG org.eclipse.jetty.http.HttpParser - parseNext s=START HeapByteBuffer@10a99211[p=0,l=157,c=8192,r=157]={<<<GET /api/v0/components/pr...horization: Bearer \r\n\r\n>>>che-HttpC...\x00\x00\x00\x00\x00\x00\x00}
13:18:31.653 [qtp1108502178-64] DEBUG org.eclipse.jetty.http.HttpParser - START --> SPACE1
13:18:31.653 [qtp1108502178-64] DEBUG org.eclipse.jetty.http.HttpParser - SPACE1 --> URI
13:18:31.653 [qtp1108502178-69] DEBUG org.eclipse.jetty.util.thread.QueuedThreadPool - run ReservedThreadExecutor@93479f5{s=0/1,p=1}@7518032e in QueuedThreadPool[qtp1108502178]@421266a2{STARTED,8<=8<=14,i=1,r=1,q=0}[ReservedThreadExecutor@93479f5{s=0/1,p=1}]
13:18:31.653 [qtp1108502178-64] DEBUG org.eclipse.jetty.http.HttpParser - URI --> SPACE2
13:18:31.653 [qtp1108502178-64] DEBUG org.eclipse.jetty.http.HttpParser - SPACE2 --> REQUEST_VERSION
13:18:31.653 [qtp1108502178-69] DEBUG org.eclipse.jetty.util.thread.ReservedThreadExecutor - ReservedThreadExecutor@93479f5{s=1/1,p=1}@7518032e started
13:18:31.653 [qtp1108502178-69] DEBUG org.eclipse.jetty.util.thread.ReservedThreadExecutor - ReservedThreadExecutor@93479f5{s=1/1,p=0}@7518032e waiting
13:18:31.653 [qtp1108502178-64] DEBUG org.eclipse.jetty.http.HttpParser - REQUEST_VERSION --> HEADER
13:18:31.653 [qtp1108502178-70] DEBUG org.eclipse.jetty.util.thread.ReservedThreadExecutor - ReservedThreadExecutor@93479f5{s=0/1,p=1}@6da6603 task=EatWhatYouKill@1f28123a/SelectorProducer@e09e6a1/IDLE/p=true/QueuedThreadPool[qtp1108502178]@421266a2{STARTED,8<=8<=14,i=1,r=1,q=0}[ReservedThreadExecutor@93479f5{s=0/1,p=1}][pc=0,pic=0,pec=0,epc=1]@2020-09-25T13:18:31.6528231+02:00
13:18:31.653 [qtp1108502178-64] DEBUG org.eclipse.jetty.http.HttpParser - HEADER:User-Agent --> VALUE
13:18:31.653 [qtp1108502178-64] DEBUG org.eclipse.jetty.http.HttpParser - HEADER:User-Agent --> IN_VALUE
13:18:31.653 [qtp1108502178-64] DEBUG org.eclipse.jetty.http.HttpParser - HEADER:User-Agent --> FIELD
13:18:31.653 [qtp1108502178-64] DEBUG org.eclipse.jetty.http.HttpParser - HEADER:Host --> VALUE
13:18:31.653 [qtp1108502178-64] DEBUG org.eclipse.jetty.http.HttpParser - HEADER:Host --> IN_VALUE
13:18:31.653 [qtp1108502178-70] DEBUG org.eclipse.jetty.util.thread.strategy.EatWhatYouKill - EatWhatYouKill@1f28123a/SelectorProducer@e09e6a1/IDLE/p=true/QueuedThreadPool[qtp1108502178]@421266a2{STARTED,8<=8<=14,i=1,r=1,q=0}[ReservedThreadExecutor@93479f5{s=1/1,p=0}][pc=0,pic=0,pec=0,epc=1]@2020-09-25T13:18:31.6538249+02:00 tryProduce true
13:18:31.653 [qtp1108502178-64] DEBUG org.eclipse.jetty.http.HttpParser - HEADER:Host --> FIELD
13:18:31.653 [qtp1108502178-70] DEBUG org.eclipse.jetty.io.ManagedSelector - updateable 0
13:18:31.653 [qtp1108502178-70] DEBUG org.eclipse.jetty.io.ManagedSelector - updates 0
13:18:31.653 [qtp1108502178-64] DEBUG org.eclipse.jetty.http.HttpParser - HEADER:Accept: */* --> IN_VALUE
13:18:31.653 [qtp1108502178-64] DEBUG org.eclipse.jetty.http.HttpParser - HEADER:Accept: */* --> FIELD
13:18:31.653 [qtp1108502178-64] DEBUG org.eclipse.jetty.http.HttpParser - HEADER:Authorization --> VALUE
13:18:31.653 [qtp1108502178-64] DEBUG org.eclipse.jetty.http.HttpParser - HEADER:Authorization --> IN_VALUE
13:18:31.653 [qtp1108502178-64] DEBUG org.eclipse.jetty.http.HttpParser - HEADER:Authorization --> FIELD
13:18:31.653 [qtp1108502178-64] DEBUG org.eclipse.jetty.http.HttpParser - HEADER --> CONTENT
13:18:31.653 [qtp1108502178-70] DEBUG org.eclipse.jetty.io.ChannelEndPoint - Key interests updated 1 -> 0 on NetworkTrafficSocketChannelEndPoint@40d68c3d{/127.0.0.1:64996<->/127.0.0.1:8080,OPEN,fill=-,flush=-,to=0/30000}{io=0/0,kio=0,kro=1}->HttpConnection@18566bd7[p=HttpParser{s=HEADER,0 of -1},g=HttpGenerator@6c95ab84{s=START}]=>HttpChannelOverHttp@6cb96ec{s=HttpChannelState@3e69d518{s=IDLE rs=BLOCKING os=OPEN is=IDLE awp=false se=false i=true al=0},r=1,c=false/false,a=IDLE,uri=null,age=0}
13:18:31.653 [qtp1108502178-70] DEBUG org.eclipse.jetty.io.ManagedSelector - Selector sun.nio.ch.WindowsSelectorImpl@7fe0685e waiting with 1 keys
13:18:31.653 [qtp1108502178-64] DEBUG org.eclipse.jetty.server.HttpChannel - REQUEST for //localhost:8080/api/v0/components/provision-adapters/awx on HttpChannelOverHttp@6cb96ec{s=HttpChannelState@3e69d518{s=IDLE rs=BLOCKING os=OPEN is=IDLE awp=false se=false i=true al=0},r=1,c=false/false,a=IDLE,uri=//localhost:8080/api/v0/components/provision-adapters/awx,age=0}
GET //localhost:8080/api/v0/components/provision-adapters/awx HTTP/1.1
User-Agent: ReactorNetty/0.9.7.RELEASE
Host: localhost:8080
Accept: */*
Authorization: Bearer


13:18:31.653 [qtp1108502178-64] DEBUG org.eclipse.jetty.server.HttpConnection - HttpConnection@18566bd7::NetworkTrafficSocketChannelEndPoint@40d68c3d{/127.0.0.1:64996<->/127.0.0.1:8080,OPEN,fill=-,flush=-,to=1/30000}{io=0/0,kio=0,kro=1}->HttpConnection@18566bd7[p=HttpParser{s=CONTENT,0 of -1},g=HttpGenerator@6c95ab84{s=START}]=>HttpChannelOverHttp@6cb96ec{s=HttpChannelState@3e69d518{s=IDLE rs=BLOCKING os=OPEN is=IDLE awp=false se=false i=true al=0},r=1,c=false/false,a=IDLE,uri=//localhost:8080/api/v0/components/provision-adapters/awx,age=0} parsed true HttpParser{s=CONTENT,0 of -1}
13:18:31.653 [qtp1108502178-64] DEBUG org.eclipse.jetty.server.HttpConnection - releaseRequestBuffer HttpConnection@18566bd7::NetworkTrafficSocketChannelEndPoint@40d68c3d{/127.0.0.1:64996<->/127.0.0.1:8080,OPEN,fill=-,flush=-,to=1/30000}{io=0/0,kio=0,kro=1}->HttpConnection@18566bd7[p=HttpParser{s=CONTENT,0 of -1},g=HttpGenerator@6c95ab84{s=START}]=>HttpChannelOverHttp@6cb96ec{s=HttpChannelState@3e69d518{s=IDLE rs=BLOCKING os=OPEN is=IDLE awp=false se=false i=true al=0},r=1,c=false/false,a=IDLE,uri=//localhost:8080/api/v0/components/provision-adapters/awx,age=0}
13:18:31.653 [qtp1108502178-64] DEBUG org.eclipse.jetty.server.HttpChannel - handle //localhost:8080/api/v0/components/provision-adapters/awx HttpChannelOverHttp@6cb96ec{s=HttpChannelState@3e69d518{s=IDLE rs=BLOCKING os=OPEN is=IDLE awp=false se=false i=true al=0},r=1,c=false/false,a=IDLE,uri=//localhost:8080/api/v0/components/provision-adapters/awx,age=0} 
13:18:31.654 [qtp1108502178-64] DEBUG org.eclipse.jetty.server.HttpChannelState - handling HttpChannelState@3e69d518{s=IDLE rs=BLOCKING os=OPEN is=IDLE awp=false se=false i=true al=0}
13:18:31.654 [qtp1108502178-64] DEBUG org.eclipse.jetty.server.HttpChannel - action DISPATCH HttpChannelOverHttp@6cb96ec{s=HttpChannelState@3e69d518{s=HANDLING rs=BLOCKING os=OPEN is=IDLE awp=false se=false i=true al=0},r=1,c=false/false,a=HANDLING,uri=//localhost:8080/api/v0/components/provision-adapters/awx,age=1}
13:18:31.654 [qtp1108502178-64] DEBUG org.eclipse.jetty.server.Server - REQUEST GET /api/v0/components/provision-adapters/awx on HttpChannelOverHttp@6cb96ec{s=HttpChannelState@3e69d518{s=HANDLING rs=BLOCKING os=OPEN is=IDLE awp=false se=false i=true al=0},r=1,c=false/false,a=HANDLING,uri=//localhost:8080/api/v0/components/provision-adapters/awx,age=1}
13:18:31.654 [qtp1108502178-64] DEBUG org.eclipse.jetty.server.handler.ContextHandler - scope null||/api/v0/components/provision-adapters/awx @ o.e.j.s.ServletContextHandler@2f1e63de{/__admin,null,AVAILABLE}
13:18:31.654 [qtp1108502178-64] DEBUG org.eclipse.jetty.server.handler.gzip.GzipHandler - GzipHandler@5d9ee9b4{STARTED,min=32,inflate=-1} handle Request(GET //localhost:8080/api/v0/components/provision-adapters/awx)@301a83e9 in null
13:18:31.654 [qtp1108502178-64] DEBUG org.eclipse.jetty.server.handler.ContextHandler - scope null||/api/v0/components/provision-adapters/awx @ o.e.j.s.ServletContextHandler@1727dcb3{/,null,AVAILABLE}
13:18:31.654 [qtp1108502178-64] DEBUG org.eclipse.jetty.server.handler.ContextHandler - context=||/api/v0/components/provision-adapters/awx @ o.e.j.s.ServletContextHandler@1727dcb3{/,null,AVAILABLE}
13:18:31.654 [qtp1108502178-64] DEBUG org.eclipse.jetty.servlet.ServletHandler - servlet |/api/v0/components/provision-adapters/awx|null -> com.github.tomakehurst.wiremock.servlet.WireMockHandlerDispatchingServlet-1a9d23e8@b29cf05d==com.github.tomakehurst.wiremock.servlet.WireMockHandlerDispatchingServlet,jsp=null,order=-1,inst=false,async=true
13:18:31.654 [qtp1108502178-64] DEBUG org.eclipse.jetty.servlet.ServletHandler - chain=org.eclipse.jetty.servlets.CrossOriginFilter-27485e7d@27485e7d==org.eclipse.jetty.servlets.CrossOriginFilter,inst=true,async=true->com.github.tomakehurst.wiremock.servlet.WireMockHandlerDispatchingServlet-1a9d23e8@b29cf05d==com.github.tomakehurst.wiremock.servlet.WireMockHandlerDispatchingServlet,jsp=null,order=-1,inst=false,async=true
13:18:31.654 [qtp1108502178-64] DEBUG org.eclipse.jetty.servlet.ServletHolder - Servlet.init com.github.tomakehurst.wiremock.servlet.WireMockHandlerDispatchingServlet@4c44bf2c for com.github.tomakehurst.wiremock.servlet.WireMockHandlerDispatchingServlet-1a9d23e8
13:18:31.655 [qtp1108502178-64] INFO org.eclipse.jetty.server.handler.ContextHandler.ROOT - RequestHandlerClass from context returned com.github.tomakehurst.wiremock.http.StubRequestHandler. Normalized mapped under returned 'null'
13:18:31.655 [qtp1108502178-64] DEBUG org.eclipse.jetty.servlet.ServletHandler - call filter org.eclipse.jetty.servlets.CrossOriginFilter-27485e7d@27485e7d==org.eclipse.jetty.servlets.CrossOriginFilter,inst=true,async=true
13:18:31.655 [qtp1108502178-64] DEBUG org.eclipse.jetty.servlet.ServletHandler - call servlet com.github.tomakehurst.wiremock.servlet.WireMockHandlerDispatchingServlet-1a9d23e8@b29cf05d==com.github.tomakehurst.wiremock.servlet.WireMockHandlerDispatchingServlet,jsp=null,order=-1,inst=true,async=true
13:18:31.656 [qtp1108502178-64] DEBUG org.eclipse.jetty.io.ChannelEndPoint - filled 0 HeapByteBuffer@10a99211[p=0,l=0,c=8192,r=0]={<<<>>>GET /api/...\x00\x00\x00\x00\x00\x00\x00}
13:18:31.656 [qtp1108502178-64] DEBUG org.eclipse.jetty.io.ChannelEndPoint - filled 0 HeapByteBuffer@10a99211[p=0,l=0,c=8192,r=0]={<<<>>>GET /api/...\x00\x00\x00\x00\x00\x00\x00}
13:18:31.656 [qtp1108502178-64] DEBUG org.eclipse.jetty.server.HttpConnection - HttpConnection@18566bd7::NetworkTrafficSocketChannelEndPoint@40d68c3d{/127.0.0.1:64996<->/127.0.0.1:8080,OPEN,fill=-,flush=-,to=3/30000}{io=0/0,kio=0,kro=1}->HttpConnection@18566bd7[p=HttpParser{s=CONTENT,0 of -1},g=HttpGenerator@6c95ab84{s=START}]=>HttpChannelOverHttp@6cb96ec{s=HttpChannelState@3e69d518{s=HANDLING rs=BLOCKING os=OPEN is=IDLE awp=false se=false i=true al=0},r=1,c=false/false,a=HANDLING,uri=//localhost:8080/api/v0/components/provision-adapters/awx,age=3} filled 0 HeapByteBuffer@10a99211[p=0,l=0,c=8192,r=0]={<<<>>>GET /api/...\x00\x00\x00\x00\x00\x00\x00}
13:18:31.656 [qtp1108502178-64] DEBUG org.eclipse.jetty.server.HttpConnection - HttpConnection@18566bd7::NetworkTrafficSocketChannelEndPoint@40d68c3d{/127.0.0.1:64996<->/127.0.0.1:8080,OPEN,fill=-,flush=-,to=3/30000}{io=0/0,kio=0,kro=1}->HttpConnection@18566bd7[p=HttpParser{s=CONTENT,0 of -1},g=HttpGenerator@6c95ab84{s=START}]=>HttpChannelOverHttp@6cb96ec{s=HttpChannelState@3e69d518{s=HANDLING rs=BLOCKING os=OPEN is=IDLE awp=false se=false i=true al=0},r=1,c=false/false,a=HANDLING,uri=//localhost:8080/api/v0/components/provision-adapters/awx,age=3} parse HeapByteBuffer@10a99211[p=0,l=0,c=8192,r=0]={<<<>>>GET /api/...\x00\x00\x00\x00\x00\x00\x00} {}
13:18:31.656 [qtp1108502178-64] DEBUG org.eclipse.jetty.http.HttpParser - parseNext s=CONTENT HeapByteBuffer@10a99211[p=0,l=0,c=8192,r=0]={<<<>>>GET /api/...\x00\x00\x00\x00\x00\x00\x00}
13:18:31.656 [qtp1108502178-64] DEBUG org.eclipse.jetty.http.HttpParser - CONTENT --> CONTENT_END
13:18:31.656 [qtp1108502178-64] DEBUG org.eclipse.jetty.server.HttpChannel - onContentComplete HttpChannelOverHttp@6cb96ec{s=HttpChannelState@3e69d518{s=HANDLING rs=BLOCKING os=OPEN is=IDLE awp=false se=false i=true al=0},r=1,c=false/false,a=HANDLING,uri=//localhost:8080/api/v0/components/provision-adapters/awx,age=3}
13:18:31.656 [qtp1108502178-64] DEBUG org.eclipse.jetty.http.HttpParser - CONTENT_END --> END
13:18:31.656 [qtp1108502178-64] DEBUG org.eclipse.jetty.server.HttpChannel - onRequestComplete HttpChannelOverHttp@6cb96ec{s=HttpChannelState@3e69d518{s=HANDLING rs=BLOCKING os=OPEN is=IDLE awp=false se=false i=true al=0},r=1,c=false/false,a=HANDLING,uri=//localhost:8080/api/v0/components/provision-adapters/awx,age=3}
13:18:31.656 [qtp1108502178-64] DEBUG org.eclipse.jetty.server.HttpInput - HttpInputOverHTTP@160d66f[c=0,q=0,[0]=null,s=STREAM] addContent EOF
13:18:31.657 [qtp1108502178-64] DEBUG org.eclipse.jetty.server.HttpConnection - HttpConnection@18566bd7::NetworkTrafficSocketChannelEndPoint@40d68c3d{/127.0.0.1:64996<->/127.0.0.1:8080,OPEN,fill=-,flush=-,to=4/30000}{io=0/0,kio=0,kro=1}->HttpConnection@18566bd7[p=HttpParser{s=END,0 of -1},g=HttpGenerator@6c95ab84{s=START}]=>HttpChannelOverHttp@6cb96ec{s=HttpChannelState@3e69d518{s=HANDLING rs=BLOCKING os=OPEN is=IDLE awp=false se=false i=true al=0},r=1,c=false/false,a=HANDLING,uri=//localhost:8080/api/v0/components/provision-adapters/awx,age=4} parsed false HttpParser{s=END,0 of -1}
13:18:31.657 [qtp1108502178-64] DEBUG org.eclipse.jetty.server.HttpConnection - releaseRequestBuffer HttpConnection@18566bd7::NetworkTrafficSocketChannelEndPoint@40d68c3d{/127.0.0.1:64996<->/127.0.0.1:8080,OPEN,fill=-,flush=-,to=4/30000}{io=0/0,kio=0,kro=1}->HttpConnection@18566bd7[p=HttpParser{s=END,0 of -1},g=HttpGenerator@6c95ab84{s=START}]=>HttpChannelOverHttp@6cb96ec{s=HttpChannelState@3e69d518{s=HANDLING rs=BLOCKING os=OPEN is=IDLE awp=false se=false i=true al=0},r=1,c=false/false,a=HANDLING,uri=//localhost:8080/api/v0/components/provision-adapters/awx,age=4}
13:18:31.657 [qtp1108502178-64] DEBUG org.eclipse.jetty.server.HttpChannelState - onEof HttpChannelState@3e69d518{s=HANDLING rs=BLOCKING os=OPEN is=IDLE awp=false se=false i=true al=0}
13:18:31.665 [qtp1108502178-64] DEBUG org.eclipse.jetty.server.handler.gzip.GzipHttpOutputInterceptor - org.eclipse.jetty.server.handler.gzip.GzipHttpOutputInterceptor@34d4b41e exclude by status 401
13:18:31.665 [qtp1108502178-64] DEBUG org.eclipse.jetty.server.HttpChannel - sendResponse info=null content=HeapByteBuffer@137d328[p=0,l=0,c=0,r=0]={<<<>>>} complete=false committing=true callback=Blocker@50357ca6{null}
13:18:31.665 [qtp1108502178-64] DEBUG org.eclipse.jetty.server.HttpChannel - COMMIT for /api/v0/components/provision-adapters/awx on HttpChannelOverHttp@6cb96ec{s=HttpChannelState@3e69d518{s=HANDLING rs=BLOCKING os=COMMITTED is=READY awp=false se=false i=true al=0},r=1,c=false/false,a=HANDLING,uri=//localhost:8080/api/v0/components/provision-adapters/awx,age=12}
401 null HTTP/1.1
Matched-Stub-Id: 114ac421-5127-4729-9cbe-0d7159609aef


13:18:31.665 [qtp1108502178-64] DEBUG org.eclipse.jetty.server.HttpConnection - generate: NEED_HEADER for org.eclipse.jetty.server.HttpConnection$SendCallback@39610453[PROCESSING][i=HTTP/1.1{s=401,h=1,cl=-1},cb=org.eclipse.jetty.server.HttpChannel$SendCallback@3e357ebe] (null,[p=0,l=0,c=0,r=0],false)@START
13:18:31.665 [qtp1108502178-64] DEBUG org.eclipse.jetty.http.HttpGenerator - generateHeaders HTTP/1.1{s=401,h=1,cl=-1} last=false content=HeapByteBuffer@137d328[p=0,l=0,c=0,r=0]={<<<>>>}
13:18:31.665 [qtp1108502178-64] DEBUG org.eclipse.jetty.http.HttpGenerator - Matched-Stub-Id: 114ac421-5127-4729-9cbe-0d7159609aef


13:18:31.665 [qtp1108502178-64] DEBUG org.eclipse.jetty.http.HttpGenerator - CHUNKED_CONTENT
13:18:31.665 [qtp1108502178-64] DEBUG org.eclipse.jetty.server.HttpConnection - generate: FLUSH for org.eclipse.jetty.server.HttpConnection$SendCallback@39610453[PROCESSING][i=HTTP/1.1{s=401,h=1,cl=-1},cb=org.eclipse.jetty.server.HttpChannel$SendCallback@3e357ebe] ([p=0,l=145,c=8192,r=145],[p=0,l=0,c=0,r=0],false)@COMMITTED
13:18:31.665 [qtp1108502178-64] DEBUG org.eclipse.jetty.io.WriteFlusher - write: WriteFlusher@2fd05922{IDLE}->null [HeapByteBuffer@10a99211[p=0,l=145,c=8192,r=145]={<<<HTTP/1.1 401 Unauthorized...y(9.4.28.v20200408)\r\n\r\n>>> Bearer \r...\x00\x00\x00\x00\x00\x00\x00}]
13:18:31.665 [qtp1108502178-64] DEBUG org.eclipse.jetty.io.WriteFlusher - update WriteFlusher@2fd05922{WRITING}->null:IDLE-->WRITING
13:18:31.666 [qtp1108502178-64] DEBUG org.eclipse.jetty.io.ChannelEndPoint - flushed 145 NetworkTrafficSocketChannelEndPoint@40d68c3d{/127.0.0.1:64996<->/127.0.0.1:8080,OPEN,fill=-,flush=W,to=13/30000}{io=0/0,kio=0,kro=1}->HttpConnection@18566bd7[p=HttpParser{s=END,0 of -1},g=HttpGenerator@6c95ab84{s=COMMITTED}]=>HttpChannelOverHttp@6cb96ec{s=HttpChannelState@3e69d518{s=HANDLING rs=BLOCKING os=COMMITTED is=READY awp=false se=false i=true al=0},r=1,c=false/false,a=HANDLING,uri=//localhost:8080/api/v0/components/provision-adapters/awx,age=12}
13:18:31.666 [qtp1108502178-64] DEBUG org.eclipse.jetty.io.WriteFlusher - Flushed=true written=145 remaining=0 WriteFlusher@2fd05922{WRITING}->null
13:18:31.666 [qtp1108502178-64] DEBUG org.eclipse.jetty.io.WriteFlusher - update WriteFlusher@2fd05922{IDLE}->null:WRITING-->IDLE
13:18:31.666 [qtp1108502178-64] DEBUG org.eclipse.jetty.server.HttpConnection - generate: DONE for org.eclipse.jetty.server.HttpConnection$SendCallback@39610453[PROCESSING][i=HTTP/1.1{s=401,h=1,cl=-1},cb=org.eclipse.jetty.server.HttpChannel$SendCallback@3e357ebe] ([p=145,l=145,c=8192,r=0],[p=0,l=0,c=0,r=0],false)@COMMITTED
13:18:31.666 [qtp1108502178-64] DEBUG org.eclipse.jetty.server.HttpOutput - onWriteComplete(false,null) s=OPEN,api=BLOCKED,sc=false,e=null->s=OPEN,api=BLOCKING,sc=false,e=null c=null cb=null w=false
13:18:31.666 [qtp1108502178-64] DEBUG org.eclipse.jetty.server.HttpOutput - close() s=CLOSING,api=BLOCKED,sc=false,e=null c=HeapByteBuffer@137d328[p=0,l=0,c=0,r=0]={<<<>>>} b=Blocker@50357ca6{null}
13:18:31.666 [qtp1108502178-64] DEBUG org.eclipse.jetty.server.HttpChannel - sendResponse info=null content=HeapByteBuffer@137d328[p=0,l=0,c=0,r=0]={<<<>>>} complete=true committing=false callback=Blocker@50357ca6{null}
13:18:31.666 [qtp1108502178-64] DEBUG org.eclipse.jetty.server.HttpConnection - generate: CONTINUE for org.eclipse.jetty.server.HttpConnection$SendCallback@39610453[PROCESSING][i=null,cb=org.eclipse.jetty.server.HttpChannel$SendCallback@547bc032] (null,[p=0,l=0,c=0,r=0],true)@COMPLETING
13:18:31.666 [qtp1108502178-64] DEBUG org.eclipse.jetty.server.HttpConnection - generate: NEED_CHUNK for org.eclipse.jetty.server.HttpConnection$SendCallback@39610453[PROCESSING][i=null,cb=org.eclipse.jetty.server.HttpChannel$SendCallback@547bc032] (null,[p=0,l=0,c=0,r=0],true)@COMPLETING
13:18:31.666 [qtp1108502178-64] DEBUG org.eclipse.jetty.server.HttpConnection - generate: FLUSH for org.eclipse.jetty.server.HttpConnection$SendCallback@39610453[PROCESSING][i=null,cb=org.eclipse.jetty.server.HttpChannel$SendCallback@547bc032] (null,[p=0,l=0,c=0,r=0],true)@COMPLETING
13:18:31.666 [qtp1108502178-64] DEBUG org.eclipse.jetty.io.WriteFlusher - write: WriteFlusher@2fd05922{IDLE}->null [HeapByteBuffer@7d10bd05[p=0,l=5,c=1024,r=5]={<<<0\r\n\r\n>>>\r\n\x00\x00\x00\x00\x00\x00\x00...\x00\x00\x00\x00\x00\x00\x00}]
13:18:31.666 [qtp1108502178-64] DEBUG org.eclipse.jetty.io.WriteFlusher - update WriteFlusher@2fd05922{WRITING}->null:IDLE-->WRITING
13:18:31.666 [reactor-http-nio-4] DEBUG reactor.netty.http.client.HttpClientOperations - [id: 0xcbaa31af, L:/127.0.0.1:64996 - R:localhost/127.0.0.1:8080] Received response (auto-read:false) : [Matched-Stub-Id=114ac421-5127-4729-9cbe-0d7159609aef, Transfer-Encoding=chunked, Server=Jetty(9.4.28.v20200408)]
13:18:31.666 [reactor-http-nio-4] DEBUG reactor.netty.resources.PooledConnectionProvider - [id: 0xcbaa31af, L:/127.0.0.1:64996 - R:localhost/127.0.0.1:8080] onStateChange(GET{uri=/api/v0/components/provision-adapters/awx, connection=PooledConnection{channel=[id: 0xcbaa31af, L:/127.0.0.1:64996 - R:localhost/127.0.0.1:8080]}}, [response_received])
13:18:31.666 [qtp1108502178-64] DEBUG org.eclipse.jetty.io.ChannelEndPoint - flushed 5 NetworkTrafficSocketChannelEndPoint@40d68c3d{/127.0.0.1:64996<->/127.0.0.1:8080,OPEN,fill=-,flush=W,to=0/30000}{io=0/0,kio=0,kro=1}->HttpConnection@18566bd7[p=HttpParser{s=END,0 of -1},g=HttpGenerator@6c95ab84{s=COMPLETING}]=>HttpChannelOverHttp@6cb96ec{s=HttpChannelState@3e69d518{s=HANDLING rs=BLOCKING os=COMMITTED is=READY awp=false se=false i=true al=0},r=1,c=false/false,a=HANDLING,uri=//localhost:8080/api/v0/components/provision-adapters/awx,age=13}
13:18:31.666 [qtp1108502178-64] DEBUG org.eclipse.jetty.io.WriteFlusher - Flushed=true written=5 remaining=0 WriteFlusher@2fd05922{WRITING}->null
13:18:31.666 [qtp1108502178-64] DEBUG org.eclipse.jetty.io.WriteFlusher - update WriteFlusher@2fd05922{IDLE}->null:WRITING-->IDLE
13:18:31.666 [reactor-http-nio-4] DEBUG org.springframework.web.reactive.function.client.ExchangeFunctions - [59b194d9] Response 401 UNAUTHORIZED
13:18:31.666 [qtp1108502178-64] DEBUG org.eclipse.jetty.server.HttpConnection - generate: DONE for org.eclipse.jetty.server.HttpConnection$SendCallback@39610453[PROCESSING][i=null,cb=org.eclipse.jetty.server.HttpChannel$SendCallback@547bc032] (null,[p=0,l=0,c=0,r=0],true)@END
13:18:31.666 [qtp1108502178-64] DEBUG org.eclipse.jetty.server.HttpOutput - onWriteComplete(true,null) s=CLOSING,api=BLOCKED,sc=false,e=null->s=CLOSED,api=BLOCKING,sc=false,e=null c=null cb=null w=false
13:18:31.667 [qtp1108502178-64] DEBUG org.eclipse.jetty.server.Server - handled=true async=false committed=true on HttpChannelOverHttp@6cb96ec{s=HttpChannelState@3e69d518{s=HANDLING rs=BLOCKING os=COMPLETED is=READY awp=false se=false i=true al=0},r=1,c=false/true,a=HANDLING,uri=//localhost:8080/api/v0/components/provision-adapters/awx,age=14}
13:18:31.667 [qtp1108502178-64] DEBUG org.eclipse.jetty.server.HttpChannelState - unhandle HttpChannelState@3e69d518{s=HANDLING rs=BLOCKING os=COMPLETED is=READY awp=false se=false i=true al=0}
13:18:31.667 [qtp1108502178-64] DEBUG org.eclipse.jetty.server.HttpChannelState - nextAction(false) COMPLETE HttpChannelState@3e69d518{s=HANDLING rs=COMPLETING os=COMPLETED is=READY awp=false se=false i=false al=0}
13:18:31.667 [qtp1108502178-64] DEBUG org.eclipse.jetty.server.HttpChannel - action COMPLETE HttpChannelOverHttp@6cb96ec{s=HttpChannelState@3e69d518{s=HANDLING rs=COMPLETING os=COMPLETED is=READY awp=false se=false i=false al=0},r=1,c=false/true,a=HANDLING,uri=//localhost:8080/api/v0/components/provision-adapters/awx,age=14}
13:18:31.667 [qtp1108502178-64] DEBUG org.eclipse.jetty.server.HttpOutput - complete(org.eclipse.jetty.util.Callback$4@65091572) s=CLOSED,api=BLOCKING,sc=false,e=null s=true e=null, c=null
13:18:31.667 [qtp1108502178-64] DEBUG org.eclipse.jetty.server.HttpChannelState - completed HttpChannelState@3e69d518{s=HANDLING rs=COMPLETING os=COMPLETED is=READY awp=false se=false i=false al=0}
13:18:31.667 [qtp1108502178-64] DEBUG org.eclipse.jetty.server.HttpChannelState - unhandle HttpChannelState@3e69d518{s=HANDLING rs=COMPLETED os=COMPLETED is=READY awp=false se=false i=false al=0}
13:18:31.667 [qtp1108502178-64] DEBUG org.eclipse.jetty.server.HttpChannelState - nextAction(false) TERMINATED HttpChannelState@3e69d518{s=IDLE rs=COMPLETED os=COMPLETED is=READY awp=false se=false i=false al=0}
13:18:31.667 [qtp1108502178-64] DEBUG org.eclipse.jetty.server.HttpChannel - action TERMINATED HttpChannelOverHttp@6cb96ec{s=HttpChannelState@3e69d518{s=IDLE rs=COMPLETED os=COMPLETED is=READY awp=false se=false i=false al=0},r=1,c=true/true,a=IDLE,uri=//localhost:8080/api/v0/components/provision-adapters/awx,age=14}
13:18:31.667 [qtp1108502178-64] DEBUG org.eclipse.jetty.server.HttpChannel - onCompleted for /api/v0/components/provision-adapters/awx written=0
13:18:31.667 [qtp1108502178-64] DEBUG org.eclipse.jetty.server.HttpChannelState - recycle HttpChannelState@3e69d518{s=IDLE rs=COMPLETED os=COMPLETED is=READY awp=false se=false i=false al=0}
13:18:31.667 [qtp1108502178-64] DEBUG org.eclipse.jetty.http.HttpParser - reset HttpParser{s=END,0 of -1}
13:18:31.667 [qtp1108502178-64] DEBUG org.eclipse.jetty.http.HttpParser - END --> START
13:18:31.667 [qtp1108502178-64] DEBUG org.eclipse.jetty.server.HttpChannel - !handle TERMINATED HttpChannelOverHttp@6cb96ec{s=HttpChannelState@3e69d518{s=IDLE rs=BLOCKING os=OPEN is=IDLE awp=false se=false i=true al=0},r=1,c=false/false,a=IDLE,uri=null,age=0}
13:18:31.667 [qtp1108502178-64] DEBUG org.eclipse.jetty.io.ChannelEndPoint - filled 0 HeapByteBuffer@10a99211[p=0,l=0,c=8192,r=0]={<<<>>>HTTP/1.1 ...\x00\x00\x00\x00\x00\x00\x00}
13:18:31.667 [qtp1108502178-64] DEBUG org.eclipse.jetty.io.ChannelEndPoint - filled 0 HeapByteBuffer@10a99211[p=0,l=0,c=8192,r=0]={<<<>>>HTTP/1.1 ...\x00\x00\x00\x00\x00\x00\x00}
13:18:31.667 [reactor-http-nio-4] DEBUG reactor.netty.channel.FluxReceive - [id: 0xcbaa31af, L:/127.0.0.1:64996 - R:localhost/127.0.0.1:8080] Subscribing inbound receiver [pending: 0, cancelled:false, inboundDone: false]
13:18:31.667 [qtp1108502178-64] DEBUG org.eclipse.jetty.server.HttpConnection - HttpConnection@18566bd7::NetworkTrafficSocketChannelEndPoint@40d68c3d{/127.0.0.1:64996<->/127.0.0.1:8080,OPEN,fill=-,flush=-,to=0/30000}{io=0/0,kio=0,kro=1}->HttpConnection@18566bd7[p=HttpParser{s=START,0 of -1},g=HttpGenerator@6c95ab84{s=START}]=>HttpChannelOverHttp@6cb96ec{s=HttpChannelState@3e69d518{s=IDLE rs=BLOCKING os=OPEN is=IDLE awp=false se=false i=true al=0},r=1,c=false/false,a=IDLE,uri=null,age=0} filled 0 HeapByteBuffer@10a99211[p=0,l=0,c=8192,r=0]={<<<>>>HTTP/1.1 ...\x00\x00\x00\x00\x00\x00\x00}
13:18:31.667 [qtp1108502178-64] DEBUG org.eclipse.jetty.server.HttpConnection - HttpConnection@18566bd7::NetworkTrafficSocketChannelEndPoint@40d68c3d{/127.0.0.1:64996<->/127.0.0.1:8080,OPEN,fill=-,flush=-,to=0/30000}{io=0/0,kio=0,kro=1}->HttpConnection@18566bd7[p=HttpParser{s=START,0 of -1},g=HttpGenerator@6c95ab84{s=START}]=>HttpChannelOverHttp@6cb96ec{s=HttpChannelState@3e69d518{s=IDLE rs=BLOCKING os=OPEN is=IDLE awp=false se=false i=true al=0},r=1,c=false/false,a=IDLE,uri=null,age=0} parse HeapByteBuffer@10a99211[p=0,l=0,c=8192,r=0]={<<<>>>HTTP/1.1 ...\x00\x00\x00\x00\x00\x00\x00} {}
13:18:31.667 [qtp1108502178-64] DEBUG org.eclipse.jetty.http.HttpParser - parseNext s=START HeapByteBuffer@10a99211[p=0,l=0,c=8192,r=0]={<<<>>>HTTP/1.1 ...\x00\x00\x00\x00\x00\x00\x00}
13:18:31.667 [qtp1108502178-64] DEBUG org.eclipse.jetty.server.HttpConnection - HttpConnection@18566bd7::NetworkTrafficSocketChannelEndPoint@40d68c3d{/127.0.0.1:64996<->/127.0.0.1:8080,OPEN,fill=-,flush=-,to=1/30000}{io=0/0,kio=0,kro=1}->HttpConnection@18566bd7[p=HttpParser{s=START,0 of -1},g=HttpGenerator@6c95ab84{s=START}]=>HttpChannelOverHttp@6cb96ec{s=HttpChannelState@3e69d518{s=IDLE rs=BLOCKING os=OPEN is=IDLE awp=false se=false i=true al=0},r=1,c=false/false,a=IDLE,uri=null,age=0} parsed false HttpParser{s=START,0 of -1}
13:18:31.667 [qtp1108502178-64] DEBUG org.eclipse.jetty.server.HttpConnection - releaseRequestBuffer HttpConnection@18566bd7::NetworkTrafficSocketChannelEndPoint@40d68c3d{/127.0.0.1:64996<->/127.0.0.1:8080,OPEN,fill=-,flush=-,to=1/30000}{io=0/0,kio=0,kro=1}->HttpConnection@18566bd7[p=HttpParser{s=START,0 of -1},g=HttpGenerator@6c95ab84{s=START}]=>HttpChannelOverHttp@6cb96ec{s=HttpChannelState@3e69d518{s=IDLE rs=BLOCKING os=OPEN is=IDLE awp=false se=false i=true al=0},r=1,c=false/false,a=IDLE,uri=null,age=0}
13:18:31.667 [qtp1108502178-64] DEBUG org.eclipse.jetty.io.AbstractConnection - fillInterested HttpConnection@18566bd7::NetworkTrafficSocketChannelEndPoint@40d68c3d{/127.0.0.1:64996<->/127.0.0.1:8080,OPEN,fill=-,flush=-,to=1/30000}{io=0/0,kio=0,kro=1}->HttpConnection@18566bd7[p=HttpParser{s=START,0 of -1},g=HttpGenerator@6c95ab84{s=START}]=>HttpChannelOverHttp@6cb96ec{s=HttpChannelState@3e69d518{s=IDLE rs=BLOCKING os=OPEN is=IDLE awp=false se=false i=true al=0},r=1,c=false/false,a=IDLE,uri=null,age=0}
13:18:31.668 [qtp1108502178-64] DEBUG org.eclipse.jetty.io.FillInterest - interested FillInterest@36b33c0c{AC.ReadCB@18566bd7{HttpConnection@18566bd7::NetworkTrafficSocketChannelEndPoint@40d68c3d{/127.0.0.1:64996<->/127.0.0.1:8080,OPEN,fill=FI,flush=-,to=0/30000}{io=0/0,kio=0,kro=1}->HttpConnection@18566bd7[p=HttpParser{s=START,0 of -1},g=HttpGenerator@6c95ab84{s=START}]=>HttpChannelOverHttp@6cb96ec{s=HttpChannelState@3e69d518{s=IDLE rs=BLOCKING os=OPEN is=IDLE awp=false se=false i=true al=0},r=1,c=false/false,a=IDLE,uri=null,age=0}}}
13:18:31.668 [qtp1108502178-64] DEBUG org.eclipse.jetty.io.ChannelEndPoint - changeInterests p=false 0->1 for NetworkTrafficSocketChannelEndPoint@40d68c3d{/127.0.0.1:64996<->/127.0.0.1:8080,OPEN,fill=FI,flush=-,to=0/30000}{io=0/1,kio=0,kro=1}->HttpConnection@18566bd7[p=HttpParser{s=START,0 of -1},g=HttpGenerator@6c95ab84{s=START}]=>HttpChannelOverHttp@6cb96ec{s=HttpChannelState@3e69d518{s=IDLE rs=BLOCKING os=OPEN is=IDLE awp=false se=false i=true al=0},r=1,c=false/false,a=IDLE,uri=null,age=0}
13:18:31.668 [qtp1108502178-64] DEBUG org.eclipse.jetty.io.ManagedSelector - Queued change org.eclipse.jetty.io.ChannelEndPoint$1@4602fed7 on ManagedSelector@6cb7ae41{STARTED} id=0 keys=1 selected=0 updates=0
13:18:31.668 [reactor-http-nio-4] DEBUG reactor.netty.http.client.HttpClientOperations - [id: 0xcbaa31af, L:/127.0.0.1:64996 - R:localhost/127.0.0.1:8080] Received last HTTP packet
13:18:31.668 [qtp1108502178-64] DEBUG org.eclipse.jetty.io.ManagedSelector - Wakeup on submit ManagedSelector@6cb7ae41{STARTED} id=0 keys=1 selected=0 updates=1
13:18:31.668 [qtp1108502178-64] DEBUG org.eclipse.jetty.server.HttpConnection - HttpConnection@18566bd7::NetworkTrafficSocketChannelEndPoint@40d68c3d{/127.0.0.1:64996<->/127.0.0.1:8080,OPEN,fill=FI,flush=-,to=0/30000}{io=0/1,kio=0,kro=1}->HttpConnection@18566bd7[p=HttpParser{s=START,0 of -1},g=HttpGenerator@6c95ab84{s=START}]=>HttpChannelOverHttp@6cb96ec{s=HttpChannelState@3e69d518{s=IDLE rs=BLOCKING os=OPEN is=IDLE awp=false se=false i=true al=0},r=1,c=false/false,a=IDLE,uri=null,age=0} onFillable exit HttpChannelState@3e69d518{s=IDLE rs=BLOCKING os=OPEN is=IDLE awp=false se=false i=true al=0} null
13:18:31.668 [qtp1108502178-64] DEBUG org.eclipse.jetty.util.thread.QueuedThreadPool - ran org.eclipse.jetty.io.ManagedSelector$$Lambda$425/0x00000001005fc040@5f8c4650 in QueuedThreadPool[qtp1108502178]@421266a2{STARTED,8<=8<=14,i=1,r=1,q=0}[ReservedThreadExecutor@93479f5{s=1/1,p=0}]
13:18:31.668 [qtp1108502178-70] DEBUG org.eclipse.jetty.io.ManagedSelector - Selector sun.nio.ch.WindowsSelectorImpl@7fe0685e woken with none selected
13:18:31.668 [qtp1108502178-70] DEBUG org.eclipse.jetty.io.ManagedSelector - Selector sun.nio.ch.WindowsSelectorImpl@7fe0685e woken up from select, 0/0/1 selected
13:18:31.668 [qtp1108502178-70] DEBUG org.eclipse.jetty.io.ManagedSelector - Selector sun.nio.ch.WindowsSelectorImpl@7fe0685e processing 0 keys, 1 updates
13:18:31.668 [qtp1108502178-70] DEBUG org.eclipse.jetty.io.ManagedSelector - updateable 1
13:18:31.668 [qtp1108502178-70] DEBUG org.eclipse.jetty.io.ManagedSelector - update org.eclipse.jetty.io.ChannelEndPoint$1@4602fed7
13:18:31.668 [qtp1108502178-70] DEBUG org.eclipse.jetty.io.ChannelEndPoint - Key interests updated 0 -> 1 on NetworkTrafficSocketChannelEndPoint@40d68c3d{/127.0.0.1:64996<->/127.0.0.1:8080,OPEN,fill=FI,flush=-,to=0/30000}{io=1/1,kio=1,kro=1}->HttpConnection@18566bd7[p=HttpParser{s=START,0 of -1},g=HttpGenerator@6c95ab84{s=START}]=>HttpChannelOverHttp@6cb96ec{s=HttpChannelState@3e69d518{s=IDLE rs=BLOCKING os=OPEN is=IDLE awp=false se=false i=true al=0},r=1,c=false/false,a=IDLE,uri=null,age=0}
13:18:31.668 [qtp1108502178-70] DEBUG org.eclipse.jetty.io.ManagedSelector - updates 0
13:18:31.668 [qtp1108502178-70] DEBUG org.eclipse.jetty.io.ManagedSelector - Selector sun.nio.ch.WindowsSelectorImpl@7fe0685e waiting with 1 keys
13:18:31.669 [reactor-http-nio-4] INFO com.bi.edp.catalog.adapter.provision_adapters.ProvisionAdaptersClient - ProvisionAdaptersClient unauthorized, trying to log in
13:18:31.672 [reactor-http-nio-4] DEBUG org.springframework.web.reactive.function.client.ExchangeFunctions - [38ee4a55] HTTP POST http://localhost:8080/api/v0/components/login
13:18:31.673 [reactor-http-nio-4] DEBUG reactor.netty.resources.PooledConnectionProvider - [id: 0xe6d25d0b] Created a new pooled channel, now 2 active connections and 0 inactive connections
13:18:31.674 [reactor-http-nio-4] DEBUG reactor.netty.channel.BootstrapHandlers - [id: 0xe6d25d0b] Initialized pipeline DefaultChannelPipeline{(BootstrapHandlers$BootstrapInitializerHandler#0 = reactor.netty.channel.BootstrapHandlers$BootstrapInitializerHandler), (PooledConnectionProvider$PooledConnectionAllocator$PooledConnectionInitializer#0 = reactor.netty.resources.PooledConnectionProvider$PooledConnectionAllocator$PooledConnectionInitializer), (reactor.left.httpCodec = io.netty.handler.codec.http.HttpClientCodec), (reactor.right.reactiveBridge = reactor.netty.channel.ChannelOperationsHandler)}
13:18:31.674 [reactor-http-nio-4] DEBUG reactor.netty.resources.PooledConnectionProvider - [id: 0xcbaa31af, L:/127.0.0.1:64996 - R:localhost/127.0.0.1:8080] onStateChange(GET{uri=/api/v0/components/provision-adapters/awx, connection=PooledConnection{channel=[id: 0xcbaa31af, L:/127.0.0.1:64996 - R:localhost/127.0.0.1:8080]}}, [response_completed])
13:18:31.674 [reactor-http-nio-4] DEBUG reactor.netty.ReactorNetty - [id: 0xcbaa31af, L:/127.0.0.1:64996 - R:localhost/127.0.0.1:8080] Removed handler: ReadTimeoutHandler, pipeline: DefaultChannelPipeline{(reactor.left.httpCodec = io.netty.handler.codec.http.HttpClientCodec), (WriteTimeoutHandler = io.netty.handler.timeout.WriteTimeoutHandler), (reactor.right.reactiveBridge = reactor.netty.channel.ChannelOperationsHandler)}
13:18:31.674 [reactor-http-nio-4] DEBUG reactor.netty.ReactorNetty - [id: 0xcbaa31af, L:/127.0.0.1:64996 - R:localhost/127.0.0.1:8080] Removed handler: WriteTimeoutHandler, pipeline: DefaultChannelPipeline{(reactor.left.httpCodec = io.netty.handler.codec.http.HttpClientCodec), (reactor.right.reactiveBridge = reactor.netty.channel.ChannelOperationsHandler)}
13:18:31.674 [reactor-http-nio-4] DEBUG reactor.netty.resources.PooledConnectionProvider - [id: 0xcbaa31af, L:/127.0.0.1:64996 - R:localhost/127.0.0.1:8080] onStateChange(GET{uri=/api/v0/components/provision-adapters/awx, connection=PooledConnection{channel=[id: 0xcbaa31af, L:/127.0.0.1:64996 - R:localhost/127.0.0.1:8080]}}, [disconnecting])
13:18:31.674 [reactor-http-nio-4] DEBUG reactor.netty.resources.PooledConnectionProvider - [id: 0xcbaa31af, L:/127.0.0.1:64996 - R:localhost/127.0.0.1:8080] Releasing channel
13:18:31.674 [reactor-http-nio-4] DEBUG reactor.netty.resources.PooledConnectionProvider - [id: 0xcbaa31af, L:/127.0.0.1:64996 - R:localhost/127.0.0.1:8080] Channel cleaned, now 1 active connections and 1 inactive connections
13:18:31.676 [reactor-http-nio-4] DEBUG reactor.netty.resources.PooledConnectionProvider - [id: 0xe6d25d0b, L:/127.0.0.1:64997 - R:localhost/127.0.0.1:8080] Registering pool release on close event for channel
13:18:31.676 [reactor-http-nio-4] DEBUG reactor.netty.resources.PooledConnectionProvider - [id: 0xe6d25d0b, L:/127.0.0.1:64997 - R:localhost/127.0.0.1:8080] Channel connected, now 1 active connections and 1 inactive connections
13:18:31.676 [reactor-http-nio-4] DEBUG reactor.netty.resources.PooledConnectionProvider - [id: 0xe6d25d0b, L:/127.0.0.1:64997 - R:localhost/127.0.0.1:8080] onStateChange(PooledConnection{channel=[id: 0xe6d25d0b, L:/127.0.0.1:64997 - R:localhost/127.0.0.1:8080]}, [connected])
13:18:31.676 [reactor-http-nio-4] DEBUG reactor.netty.resources.PooledConnectionProvider - [id: 0xe6d25d0b, L:/127.0.0.1:64997 - R:localhost/127.0.0.1:8080] onStateChange(GET{uri=/, connection=PooledConnection{channel=[id: 0xe6d25d0b, L:/127.0.0.1:64997 - R:localhost/127.0.0.1:8080]}}, [configured])
13:18:31.676 [reactor-http-nio-4] DEBUG reactor.netty.ReactorNetty - [id: 0xe6d25d0b, L:/127.0.0.1:64997 - R:localhost/127.0.0.1:8080] Added decoder [ReadTimeoutHandler] at the end of the user pipeline, full pipeline: [reactor.left.httpCodec, ReadTimeoutHandler, reactor.right.reactiveBridge, DefaultChannelPipeline$TailContext#0]
13:18:31.676 [reactor-http-nio-4] DEBUG reactor.netty.ReactorNetty - [id: 0xe6d25d0b, L:/127.0.0.1:64997 - R:localhost/127.0.0.1:8080] Added decoder [WriteTimeoutHandler] at the end of the user pipeline, full pipeline: [reactor.left.httpCodec, ReadTimeoutHandler, WriteTimeoutHandler, reactor.right.reactiveBridge, DefaultChannelPipeline$TailContext#0]
13:18:31.676 [reactor-http-nio-4] DEBUG reactor.netty.http.client.HttpClientConnect - [id: 0xe6d25d0b, L:/127.0.0.1:64997 - R:localhost/127.0.0.1:8080] Handler is being applied: {uri=http://localhost:8080/api/v0/components/login, method=POST}
13:18:31.676 [reactor-http-nio-4] DEBUG reactor.netty.resources.PooledConnectionProvider - [id: 0xe6d25d0b, L:/127.0.0.1:64997 - R:localhost/127.0.0.1:8080] onStateChange(POST{uri=/api/v0/components/login, connection=PooledConnection{channel=[id: 0xe6d25d0b, L:/127.0.0.1:64997 - R:localhost/127.0.0.1:8080]}}, [request_prepared])
13:18:31.677 [qtp1108502178-66-acceptor-0@413e090e-NetworkTrafficServerConnector@4cc10b86{HTTP/1.1, (http/1.1)}{0.0.0.0:8080}] DEBUG org.eclipse.jetty.io.ManagedSelector - Queued change org.eclipse.jetty.io.ManagedSelector$Accept@21da3d88 on ManagedSelector@e983464{STARTED} id=1 keys=1 selected=0 updates=0
13:18:31.677 [reactor-http-nio-4] DEBUG org.springframework.core.codec.CharSequenceEncoder - [38ee4a55] Writing "{"password":"123456","username":"catalogClientApi"}"
13:18:31.677 [qtp1108502178-66-acceptor-0@413e090e-NetworkTrafficServerConnector@4cc10b86{HTTP/1.1, (http/1.1)}{0.0.0.0:8080}] DEBUG org.eclipse.jetty.io.ManagedSelector - Wakeup on submit ManagedSelector@e983464{STARTED} id=1 keys=1 selected=0 updates=1
13:18:31.677 [qtp1108502178-71] DEBUG org.eclipse.jetty.io.ManagedSelector - Selector sun.nio.ch.WindowsSelectorImpl@38ce0e5b woken with none selected
13:18:31.677 [qtp1108502178-71] DEBUG org.eclipse.jetty.io.ManagedSelector - Selector sun.nio.ch.WindowsSelectorImpl@38ce0e5b woken up from select, 0/0/1 selected
13:18:31.677 [qtp1108502178-71] DEBUG org.eclipse.jetty.io.ManagedSelector - Selector sun.nio.ch.WindowsSelectorImpl@38ce0e5b processing 0 keys, 1 updates
13:18:31.677 [qtp1108502178-71] DEBUG org.eclipse.jetty.io.ManagedSelector - updateable 1
13:18:31.677 [qtp1108502178-71] DEBUG org.eclipse.jetty.io.ManagedSelector - update org.eclipse.jetty.io.ManagedSelector$Accept@21da3d88
13:18:31.677 [qtp1108502178-71] DEBUG org.eclipse.jetty.util.thread.QueuedThreadPool - queue org.eclipse.jetty.io.ManagedSelector$Accept@21da3d88 startThread=0
13:18:31.677 [qtp1108502178-71] DEBUG org.eclipse.jetty.io.ManagedSelector - updates 0
13:18:31.677 [qtp1108502178-71] DEBUG org.eclipse.jetty.io.ManagedSelector - Selector sun.nio.ch.WindowsSelectorImpl@38ce0e5b waiting with 2 keys
13:18:31.678 [reactor-http-nio-4] DEBUG reactor.netty.resources.PooledConnectionProvider - [id: 0xe6d25d0b, L:/127.0.0.1:64997 - R:localhost/127.0.0.1:8080] onStateChange(POST{uri=/api/v0/components/login, connection=PooledConnection{channel=[id: 0xe6d25d0b, L:/127.0.0.1:64997 - R:localhost/127.0.0.1:8080]}}, [request_sent])
13:18:31.679 [qtp1108502178-65] DEBUG org.eclipse.jetty.util.thread.QueuedThreadPool - run org.eclipse.jetty.io.ManagedSelector$Accept@21da3d88 in QueuedThreadPool[qtp1108502178]@421266a2{STARTED,8<=8<=14,i=1,r=1,q=0}[ReservedThreadExecutor@93479f5{s=1/1,p=0}]
13:18:31.679 [qtp1108502178-65] DEBUG org.eclipse.jetty.io.IdleTimeout - NetworkTrafficSocketChannelEndPoint@6d213d13{/127.0.0.1:64997<->/127.0.0.1:8080,OPEN,fill=-,flush=-,to=0/30000}{io=0/0,kio=0,kro=0}-><null> idle timeout check, elapsed: 0 ms, remaining: 30000 ms
13:18:31.679 [qtp1108502178-65] DEBUG org.eclipse.jetty.server.HttpChannel - new HttpChannelOverHttp@2ca962b8{s=HttpChannelState@3d5787d{s=IDLE rs=BLOCKING os=OPEN is=IDLE awp=false se=false i=true al=0},r=0,c=false/false,a=IDLE,uri=null,age=0} -> NetworkTrafficSocketChannelEndPoint@6d213d13{/127.0.0.1:64997<->/127.0.0.1:8080,OPEN,fill=-,flush=-,to=0/30000}{io=0/0,kio=0,kro=0}-><null>,null,HttpChannelState@3d5787d{s=IDLE rs=BLOCKING os=OPEN is=IDLE awp=false se=false i=true al=0}
13:18:31.679 [qtp1108502178-65] DEBUG org.eclipse.jetty.server.HttpConnection - New HTTP Connection HttpConnection@52f0da96::NetworkTrafficSocketChannelEndPoint@6d213d13{/127.0.0.1:64997<->/127.0.0.1:8080,OPEN,fill=-,flush=-,to=0/30000}{io=0/0,kio=0,kro=0}-><null>
13:18:31.679 [qtp1108502178-65] DEBUG org.eclipse.jetty.io.AbstractEndPoint - onOpen NetworkTrafficSocketChannelEndPoint@6d213d13{/127.0.0.1:64997<->/127.0.0.1:8080,OPEN,fill=-,flush=-,to=0/30000}{io=0/0,kio=0,kro=0}->HttpConnection@52f0da96[p=HttpParser{s=START,0 of -1},g=HttpGenerator@36ddbc7e{s=START}]=>HttpChannelOverHttp@2ca962b8{s=HttpChannelState@3d5787d{s=IDLE rs=BLOCKING os=OPEN is=IDLE awp=false se=false i=true al=0},r=0,c=false/false,a=IDLE,uri=null,age=0}
13:18:31.680 [qtp1108502178-65] DEBUG org.eclipse.jetty.io.AbstractConnection - onOpen HttpConnection@52f0da96::NetworkTrafficSocketChannelEndPoint@6d213d13{/127.0.0.1:64997<->/127.0.0.1:8080,OPEN,fill=-,flush=-,to=0/30000}{io=0/0,kio=0,kro=0}->HttpConnection@52f0da96[p=HttpParser{s=START,0 of -1},g=HttpGenerator@36ddbc7e{s=START}]=>HttpChannelOverHttp@2ca962b8{s=HttpChannelState@3d5787d{s=IDLE rs=BLOCKING os=OPEN is=IDLE awp=false se=false i=true al=0},r=0,c=false/false,a=IDLE,uri=null,age=0}
13:18:31.680 [qtp1108502178-65] DEBUG org.eclipse.jetty.io.AbstractConnection - fillInterested HttpConnection@52f0da96::NetworkTrafficSocketChannelEndPoint@6d213d13{/127.0.0.1:64997<->/127.0.0.1:8080,OPEN,fill=-,flush=-,to=0/30000}{io=0/0,kio=0,kro=0}->HttpConnection@52f0da96[p=HttpParser{s=START,0 of -1},g=HttpGenerator@36ddbc7e{s=START}]=>HttpChannelOverHttp@2ca962b8{s=HttpChannelState@3d5787d{s=IDLE rs=BLOCKING os=OPEN is=IDLE awp=false se=false i=true al=0},r=0,c=false/false,a=IDLE,uri=null,age=0}
13:18:31.680 [qtp1108502178-65] DEBUG org.eclipse.jetty.io.FillInterest - interested FillInterest@5186b4bf{AC.ReadCB@52f0da96{HttpConnection@52f0da96::NetworkTrafficSocketChannelEndPoint@6d213d13{/127.0.0.1:64997<->/127.0.0.1:8080,OPEN,fill=FI,flush=-,to=0/30000}{io=0/0,kio=0,kro=0}->HttpConnection@52f0da96[p=HttpParser{s=START,0 of -1},g=HttpGenerator@36ddbc7e{s=START}]=>HttpChannelOverHttp@2ca962b8{s=HttpChannelState@3d5787d{s=IDLE rs=BLOCKING os=OPEN is=IDLE awp=false se=false i=true al=0},r=0,c=false/false,a=IDLE,uri=null,age=0}}}
13:18:31.680 [qtp1108502178-65] DEBUG org.eclipse.jetty.io.ChannelEndPoint - changeInterests p=false 0->1 for NetworkTrafficSocketChannelEndPoint@6d213d13{/127.0.0.1:64997<->/127.0.0.1:8080,OPEN,fill=FI,flush=-,to=0/30000}{io=0/1,kio=0,kro=0}->HttpConnection@52f0da96[p=HttpParser{s=START,0 of -1},g=HttpGenerator@36ddbc7e{s=START}]=>HttpChannelOverHttp@2ca962b8{s=HttpChannelState@3d5787d{s=IDLE rs=BLOCKING os=OPEN is=IDLE awp=false se=false i=true al=0},r=0,c=false/false,a=IDLE,uri=null,age=0}
13:18:31.681 [qtp1108502178-65] DEBUG org.eclipse.jetty.io.ManagedSelector - Queued change org.eclipse.jetty.io.ChannelEndPoint$1@79b83862 on ManagedSelector@e983464{STARTED} id=1 keys=2 selected=0 updates=0
13:18:31.681 [qtp1108502178-65] DEBUG org.eclipse.jetty.io.ManagedSelector - Wakeup on submit ManagedSelector@e983464{STARTED} id=1 keys=2 selected=0 updates=1
13:18:31.681 [qtp1108502178-71] DEBUG org.eclipse.jetty.io.ManagedSelector - Selector sun.nio.ch.WindowsSelectorImpl@38ce0e5b woken with none selected
13:18:31.681 [qtp1108502178-71] DEBUG org.eclipse.jetty.io.ManagedSelector - Selector sun.nio.ch.WindowsSelectorImpl@38ce0e5b woken up from select, 0/0/2 selected
13:18:31.681 [qtp1108502178-71] DEBUG org.eclipse.jetty.io.ManagedSelector - Selector sun.nio.ch.WindowsSelectorImpl@38ce0e5b processing 0 keys, 1 updates
13:18:31.681 [qtp1108502178-65] DEBUG org.eclipse.jetty.io.ManagedSelector - Created NetworkTrafficSocketChannelEndPoint@6d213d13{/127.0.0.1:64997<->/127.0.0.1:8080,OPEN,fill=FI,flush=-,to=1/30000}{io=0/1,kio=0,kro=0}->HttpConnection@52f0da96[p=HttpParser{s=START,0 of -1},g=HttpGenerator@36ddbc7e{s=START}]=>HttpChannelOverHttp@2ca962b8{s=HttpChannelState@3d5787d{s=IDLE rs=BLOCKING os=OPEN is=IDLE awp=false se=false i=true al=0},r=0,c=false/false,a=IDLE,uri=null,age=0}
13:18:31.681 [qtp1108502178-71] DEBUG org.eclipse.jetty.io.ManagedSelector - updateable 1
13:18:31.681 [qtp1108502178-71] DEBUG org.eclipse.jetty.io.ManagedSelector - update org.eclipse.jetty.io.ChannelEndPoint$1@79b83862
13:18:31.681 [qtp1108502178-65] DEBUG org.eclipse.jetty.util.thread.QueuedThreadPool - ran org.eclipse.jetty.io.ManagedSelector$Accept@21da3d88 in QueuedThreadPool[qtp1108502178]@421266a2{STARTED,8<=8<=14,i=1,r=1,q=0}[ReservedThreadExecutor@93479f5{s=1/1,p=0}]
13:18:31.681 [qtp1108502178-71] DEBUG org.eclipse.jetty.io.ChannelEndPoint - Key interests updated 0 -> 1 on NetworkTrafficSocketChannelEndPoint@6d213d13{/127.0.0.1:64997<->/127.0.0.1:8080,OPEN,fill=FI,flush=-,to=1/30000}{io=1/1,kio=1,kro=0}->HttpConnection@52f0da96[p=HttpParser{s=START,0 of -1},g=HttpGenerator@36ddbc7e{s=START}]=>HttpChannelOverHttp@2ca962b8{s=HttpChannelState@3d5787d{s=IDLE rs=BLOCKING os=OPEN is=IDLE awp=false se=false i=true al=0},r=0,c=false/false,a=IDLE,uri=null,age=0}
13:18:31.681 [qtp1108502178-71] DEBUG org.eclipse.jetty.io.ManagedSelector - updates 0
13:18:31.681 [qtp1108502178-71] DEBUG org.eclipse.jetty.io.ManagedSelector - Selector sun.nio.ch.WindowsSelectorImpl@38ce0e5b waiting with 2 keys
13:18:31.681 [qtp1108502178-71] DEBUG org.eclipse.jetty.io.ManagedSelector - Selector sun.nio.ch.WindowsSelectorImpl@38ce0e5b woken up from select, 1/1/2 selected
13:18:31.681 [qtp1108502178-71] DEBUG org.eclipse.jetty.io.ManagedSelector - Selector sun.nio.ch.WindowsSelectorImpl@38ce0e5b processing 1 keys, 0 updates
13:18:31.681 [qtp1108502178-71] DEBUG org.eclipse.jetty.io.ManagedSelector - selected 1 channel=java.nio.channels.SocketChannel[connected local=/127.0.0.1:8080 remote=/127.0.0.1:64997], selector=sun.nio.ch.WindowsSelectorImpl@38ce0e5b, interestOps=1, readyOps=1 NetworkTrafficSocketChannelEndPoint@6d213d13{/127.0.0.1:64997<->/127.0.0.1:8080,OPEN,fill=FI,flush=-,to=1/30000}{io=1/1,kio=1,kro=1}->HttpConnection@52f0da96[p=HttpParser{s=START,0 of -1},g=HttpGenerator@36ddbc7e{s=START}]=>HttpChannelOverHttp@2ca962b8{s=HttpChannelState@3d5787d{s=IDLE rs=BLOCKING os=OPEN is=IDLE awp=false se=false i=true al=0},r=0,c=false/false,a=IDLE,uri=null,age=0} 
13:18:31.681 [qtp1108502178-71] DEBUG org.eclipse.jetty.io.ChannelEndPoint - onSelected 1->0 r=true w=false for NetworkTrafficSocketChannelEndPoint@6d213d13{/127.0.0.1:64997<->/127.0.0.1:8080,OPEN,fill=FI,flush=-,to=1/30000}{io=1/0,kio=1,kro=1}->HttpConnection@52f0da96[p=HttpParser{s=START,0 of -1},g=HttpGenerator@36ddbc7e{s=START}]=>HttpChannelOverHttp@2ca962b8{s=HttpChannelState@3d5787d{s=IDLE rs=BLOCKING os=OPEN is=IDLE awp=false se=false i=true al=0},r=0,c=false/false,a=IDLE,uri=null,age=0}
13:18:31.682 [qtp1108502178-71] DEBUG org.eclipse.jetty.io.ChannelEndPoint - task CEP:NetworkTrafficSocketChannelEndPoint@6d213d13{/127.0.0.1:64997<->/127.0.0.1:8080,OPEN,fill=FI,flush=-,to=1/30000}{io=1/0,kio=1,kro=1}->HttpConnection@52f0da96[p=HttpParser{s=START,0 of -1},g=HttpGenerator@36ddbc7e{s=START}]=>HttpChannelOverHttp@2ca962b8{s=HttpChannelState@3d5787d{s=IDLE rs=BLOCKING os=OPEN is=IDLE awp=false se=false i=true al=0},r=0,c=false/false,a=IDLE,uri=null,age=0}:runFillable:BLOCKING
13:18:31.682 [qtp1108502178-71] DEBUG org.eclipse.jetty.util.thread.ReservedThreadExecutor - ReservedThreadExecutor@93479f5{s=1/1,p=0} tryExecute EatWhatYouKill@1083962f/SelectorProducer@4f65efc7/PRODUCING/p=false/QueuedThreadPool[qtp1108502178]@421266a2{STARTED,8<=8<=14,i=2,r=1,q=0}[ReservedThreadExecutor@93479f5{s=1/1,p=0}][pc=0,pic=0,pec=1,epc=2]@2020-09-25T13:18:31.6828143+02:00
13:18:31.682 [qtp1108502178-71] DEBUG org.eclipse.jetty.util.thread.ReservedThreadExecutor - ReservedThreadExecutor@93479f5{s=0/1,p=0}@7518032e offer EatWhatYouKill@1083962f/SelectorProducer@4f65efc7/PRODUCING/p=false/QueuedThreadPool[qtp1108502178]@421266a2{STARTED,8<=8<=14,i=2,r=1,q=0}[ReservedThreadExecutor@93479f5{s=0/1,p=0}][pc=0,pic=0,pec=1,epc=2]@2020-09-25T13:18:31.6828143+02:00
13:18:31.682 [qtp1108502178-71] DEBUG org.eclipse.jetty.util.thread.ReservedThreadExecutor - ReservedThreadExecutor@93479f5{s=0/1,p=1} startReservedThread p=1
13:18:31.682 [qtp1108502178-71] DEBUG org.eclipse.jetty.util.thread.QueuedThreadPool - queue ReservedThreadExecutor@93479f5{s=0/1,p=1}@5fb878ee startThread=0
13:18:31.682 [qtp1108502178-64] DEBUG org.eclipse.jetty.util.thread.QueuedThreadPool - run ReservedThreadExecutor@93479f5{s=0/1,p=1}@5fb878ee in QueuedThreadPool[qtp1108502178]@421266a2{STARTED,8<=8<=14,i=1,r=1,q=0}[ReservedThreadExecutor@93479f5{s=0/1,p=1}]
13:18:31.682 [qtp1108502178-64] DEBUG org.eclipse.jetty.util.thread.ReservedThreadExecutor - ReservedThreadExecutor@93479f5{s=1/1,p=1}@5fb878ee started
13:18:31.682 [qtp1108502178-64] DEBUG org.eclipse.jetty.util.thread.ReservedThreadExecutor - ReservedThreadExecutor@93479f5{s=1/1,p=0}@5fb878ee waiting
13:18:31.682 [qtp1108502178-71] DEBUG org.eclipse.jetty.util.thread.strategy.EatWhatYouKill - EatWhatYouKill@1083962f/SelectorProducer@4f65efc7/IDLE/p=true/QueuedThreadPool[qtp1108502178]@421266a2{STARTED,8<=8<=14,i=1,r=1,q=0}[ReservedThreadExecutor@93479f5{s=0/1,p=1}][pc=0,pic=0,pec=1,epc=2]@2020-09-25T13:18:31.6828143+02:00 m=EXECUTE_PRODUCE_CONSUME t=CEP:NetworkTrafficSocketChannelEndPoint@6d213d13{/127.0.0.1:64997<->/127.0.0.1:8080,OPEN,fill=FI,flush=-,to=2/30000}{io=1/0,kio=1,kro=1}->HttpConnection@52f0da96[p=HttpParser{s=START,0 of -1},g=HttpGenerator@36ddbc7e{s=START}]=>HttpChannelOverHttp@2ca962b8{s=HttpChannelState@3d5787d{s=IDLE rs=BLOCKING os=OPEN is=IDLE awp=false se=false i=true al=0},r=0,c=false/false,a=IDLE,uri=null,age=0}:runFillable:BLOCKING/BLOCKING
13:18:31.682 [qtp1108502178-71] DEBUG org.eclipse.jetty.io.FillInterest - fillable FillInterest@5186b4bf{AC.ReadCB@52f0da96{HttpConnection@52f0da96::NetworkTrafficSocketChannelEndPoint@6d213d13{/127.0.0.1:64997<->/127.0.0.1:8080,OPEN,fill=FI,flush=-,to=2/30000}{io=1/0,kio=1,kro=1}->HttpConnection@52f0da96[p=HttpParser{s=START,0 of -1},g=HttpGenerator@36ddbc7e{s=START}]=>HttpChannelOverHttp@2ca962b8{s=HttpChannelState@3d5787d{s=IDLE rs=BLOCKING os=OPEN is=IDLE awp=false se=false i=true al=0},r=0,c=false/false,a=IDLE,uri=null,age=0}}}
13:18:31.683 [qtp1108502178-69] DEBUG org.eclipse.jetty.util.thread.ReservedThreadExecutor - ReservedThreadExecutor@93479f5{s=1/1,p=0}@7518032e task=EatWhatYouKill@1083962f/SelectorProducer@4f65efc7/IDLE/p=true/QueuedThreadPool[qtp1108502178]@421266a2{STARTED,8<=8<=14,i=1,r=1,q=0}[ReservedThreadExecutor@93479f5{s=1/1,p=0}][pc=0,pic=0,pec=1,epc=3]@2020-09-25T13:18:31.6828143+02:00
13:18:31.683 [qtp1108502178-71] DEBUG org.eclipse.jetty.server.HttpConnection - HttpConnection@52f0da96::NetworkTrafficSocketChannelEndPoint@6d213d13{/127.0.0.1:64997<->/127.0.0.1:8080,OPEN,fill=-,flush=-,to=2/30000}{io=1/0,kio=1,kro=1}->HttpConnection@52f0da96[p=HttpParser{s=START,0 of -1},g=HttpGenerator@36ddbc7e{s=START}]=>HttpChannelOverHttp@2ca962b8{s=HttpChannelState@3d5787d{s=IDLE rs=BLOCKING os=OPEN is=IDLE awp=false se=false i=true al=0},r=0,c=false/false,a=IDLE,uri=null,age=0} onFillable enter HttpChannelState@3d5787d{s=IDLE rs=BLOCKING os=OPEN is=IDLE awp=false se=false i=true al=0} null
13:18:31.683 [qtp1108502178-69] DEBUG org.eclipse.jetty.util.thread.strategy.EatWhatYouKill - EatWhatYouKill@1083962f/SelectorProducer@4f65efc7/IDLE/p=true/QueuedThreadPool[qtp1108502178]@421266a2{STARTED,8<=8<=14,i=1,r=1,q=0}[ReservedThreadExecutor@93479f5{s=1/1,p=0}][pc=0,pic=0,pec=1,epc=3]@2020-09-25T13:18:31.6838206+02:00 tryProduce true
13:18:31.683 [qtp1108502178-69] DEBUG org.eclipse.jetty.io.ManagedSelector - updateable 0
13:18:31.683 [qtp1108502178-69] DEBUG org.eclipse.jetty.io.ManagedSelector - updates 0
13:18:31.683 [qtp1108502178-71] DEBUG org.eclipse.jetty.io.ChannelEndPoint - filled 220 HeapByteBuffer@10a99211[p=0,l=220,c=8192,r=220]={<<<POST /api/v0/components/l...me":"catalogClientApi"}>>>ee-4706-9...\x00\x00\x00\x00\x00\x00\x00}
13:18:31.683 [qtp1108502178-69] DEBUG org.eclipse.jetty.io.ChannelEndPoint - Key interests updated 1 -> 0 on NetworkTrafficSocketChannelEndPoint@6d213d13{/127.0.0.1:64997<->/127.0.0.1:8080,OPEN,fill=-,flush=-,to=0/30000}{io=0/0,kio=0,kro=1}->HttpConnection@52f0da96[p=HttpParser{s=START,0 of -1},g=HttpGenerator@36ddbc7e{s=START}]=>HttpChannelOverHttp@2ca962b8{s=HttpChannelState@3d5787d{s=IDLE rs=BLOCKING os=OPEN is=IDLE awp=false se=false i=true al=0},r=0,c=false/false,a=IDLE,uri=null,age=0}
13:18:31.683 [qtp1108502178-71] DEBUG org.eclipse.jetty.server.HttpConnection - HttpConnection@52f0da96::NetworkTrafficSocketChannelEndPoint@6d213d13{/127.0.0.1:64997<->/127.0.0.1:8080,OPEN,fill=-,flush=-,to=0/30000}{io=0/0,kio=0,kro=1}->HttpConnection@52f0da96[p=HttpParser{s=START,0 of -1},g=HttpGenerator@36ddbc7e{s=START}]=>HttpChannelOverHttp@2ca962b8{s=HttpChannelState@3d5787d{s=IDLE rs=BLOCKING os=OPEN is=IDLE awp=false se=false i=true al=0},r=0,c=false/false,a=IDLE,uri=null,age=0} filled 220 HeapByteBuffer@10a99211[p=0,l=220,c=8192,r=220]={<<<POST /api/v0/components/l...me":"catalogClientApi"}>>>ee-4706-9...\x00\x00\x00\x00\x00\x00\x00}
13:18:31.683 [qtp1108502178-69] DEBUG org.eclipse.jetty.io.ManagedSelector - Selector sun.nio.ch.WindowsSelectorImpl@38ce0e5b waiting with 2 keys
13:18:31.683 [qtp1108502178-71] DEBUG org.eclipse.jetty.server.HttpConnection - HttpConnection@52f0da96::NetworkTrafficSocketChannelEndPoint@6d213d13{/127.0.0.1:64997<->/127.0.0.1:8080,OPEN,fill=-,flush=-,to=0/30000}{io=0/0,kio=0,kro=1}->HttpConnection@52f0da96[p=HttpParser{s=START,0 of -1},g=HttpGenerator@36ddbc7e{s=START}]=>HttpChannelOverHttp@2ca962b8{s=HttpChannelState@3d5787d{s=IDLE rs=BLOCKING os=OPEN is=IDLE awp=false se=false i=true al=0},r=0,c=false/false,a=IDLE,uri=null,age=0} parse HeapByteBuffer@10a99211[p=0,l=220,c=8192,r=220]={<<<POST /api/v0/components/l...me":"catalogClientApi"}>>>ee-4706-9...\x00\x00\x00\x00\x00\x00\x00} {}
13:18:31.683 [qtp1108502178-71] DEBUG org.eclipse.jetty.http.HttpParser - parseNext s=START HeapByteBuffer@10a99211[p=0,l=220,c=8192,r=220]={<<<POST /api/v0/components/l...me":"catalogClientApi"}>>>ee-4706-9...\x00\x00\x00\x00\x00\x00\x00}
13:18:31.683 [qtp1108502178-71] DEBUG org.eclipse.jetty.http.HttpParser - START --> SPACE1
13:18:31.683 [qtp1108502178-71] DEBUG org.eclipse.jetty.http.HttpParser - SPACE1 --> URI
13:18:31.683 [qtp1108502178-71] DEBUG org.eclipse.jetty.http.HttpParser - URI --> SPACE2
13:18:31.683 [qtp1108502178-71] DEBUG org.eclipse.jetty.http.HttpParser - SPACE2 --> REQUEST_VERSION
13:18:31.683 [qtp1108502178-71] DEBUG org.eclipse.jetty.http.HttpParser - REQUEST_VERSION --> HEADER
13:18:31.683 [qtp1108502178-71] DEBUG org.eclipse.jetty.http.HttpParser - HEADER:User-Agent --> VALUE
13:18:31.683 [qtp1108502178-71] DEBUG org.eclipse.jetty.http.HttpParser - HEADER:User-Agent --> IN_VALUE
13:18:31.683 [qtp1108502178-71] DEBUG org.eclipse.jetty.http.HttpParser - HEADER:User-Agent --> FIELD
13:18:31.683 [qtp1108502178-71] DEBUG org.eclipse.jetty.http.HttpParser - HEADER:Host --> VALUE
13:18:31.683 [qtp1108502178-71] DEBUG org.eclipse.jetty.http.HttpParser - HEADER:Host --> IN_VALUE
13:18:31.683 [qtp1108502178-71] DEBUG org.eclipse.jetty.http.HttpParser - HEADER:Host --> FIELD
13:18:31.683 [qtp1108502178-71] DEBUG org.eclipse.jetty.http.HttpParser - HEADER:Accept: */* --> IN_VALUE
13:18:31.683 [qtp1108502178-71] DEBUG org.eclipse.jetty.http.HttpParser - HEADER:Accept: */* --> FIELD
13:18:31.683 [qtp1108502178-71] DEBUG org.eclipse.jetty.http.HttpParser - HEADER:Content-Type: application/json --> IN_VALUE
13:18:31.683 [qtp1108502178-71] DEBUG org.eclipse.jetty.http.HttpParser - HEADER:Content-Type: application/json --> FIELD
13:18:31.683 [qtp1108502178-71] DEBUG org.eclipse.jetty.http.HttpParser - HEADER:Content-Length --> VALUE
13:18:31.683 [qtp1108502178-71] DEBUG org.eclipse.jetty.http.HttpParser - HEADER:Content-Length --> IN_VALUE
13:18:31.683 [qtp1108502178-71] DEBUG org.eclipse.jetty.http.HttpParser - HEADER:Content-Length --> FIELD
13:18:31.683 [qtp1108502178-71] DEBUG org.eclipse.jetty.http.HttpParser - HEADER --> CONTENT
13:18:31.683 [qtp1108502178-71] DEBUG org.eclipse.jetty.server.HttpChannel - REQUEST for //localhost:8080/api/v0/components/login on HttpChannelOverHttp@2ca962b8{s=HttpChannelState@3d5787d{s=IDLE rs=BLOCKING os=OPEN is=IDLE awp=false se=false i=true al=0},r=1,c=false/false,a=IDLE,uri=//localhost:8080/api/v0/components/login,age=0}
POST //localhost:8080/api/v0/components/login HTTP/1.1
User-Agent: ReactorNetty/0.9.7.RELEASE
Host: localhost:8080
Accept: */*
Content-Type: application/json
Content-Length: 51


13:18:31.683 [qtp1108502178-71] DEBUG org.eclipse.jetty.server.HttpConnection - HttpConnection@52f0da96::NetworkTrafficSocketChannelEndPoint@6d213d13{/127.0.0.1:64997<->/127.0.0.1:8080,OPEN,fill=-,flush=-,to=0/30000}{io=0/0,kio=0,kro=1}->HttpConnection@52f0da96[p=HttpParser{s=CONTENT,0 of 51},g=HttpGenerator@36ddbc7e{s=START}]=>HttpChannelOverHttp@2ca962b8{s=HttpChannelState@3d5787d{s=IDLE rs=BLOCKING os=OPEN is=IDLE awp=false se=false i=true al=0},r=1,c=false/false,a=IDLE,uri=//localhost:8080/api/v0/components/login,age=0} parsed true HttpParser{s=CONTENT,0 of 51}
13:18:31.684 [qtp1108502178-71] DEBUG org.eclipse.jetty.server.HttpChannel - handle //localhost:8080/api/v0/components/login HttpChannelOverHttp@2ca962b8{s=HttpChannelState@3d5787d{s=IDLE rs=BLOCKING os=OPEN is=IDLE awp=false se=false i=true al=0},r=1,c=false/false,a=IDLE,uri=//localhost:8080/api/v0/components/login,age=0} 
13:18:31.684 [qtp1108502178-71] DEBUG org.eclipse.jetty.server.HttpChannelState - handling HttpChannelState@3d5787d{s=IDLE rs=BLOCKING os=OPEN is=IDLE awp=false se=false i=true al=0}
13:18:31.684 [qtp1108502178-71] DEBUG org.eclipse.jetty.server.HttpChannel - action DISPATCH HttpChannelOverHttp@2ca962b8{s=HttpChannelState@3d5787d{s=HANDLING rs=BLOCKING os=OPEN is=IDLE awp=false se=false i=true al=0},r=1,c=false/false,a=HANDLING,uri=//localhost:8080/api/v0/components/login,age=1}
13:18:31.684 [qtp1108502178-71] DEBUG org.eclipse.jetty.server.Server - REQUEST POST /api/v0/components/login on HttpChannelOverHttp@2ca962b8{s=HttpChannelState@3d5787d{s=HANDLING rs=BLOCKING os=OPEN is=IDLE awp=false se=false i=true al=0},r=1,c=false/false,a=HANDLING,uri=//localhost:8080/api/v0/components/login,age=1}
13:18:31.684 [qtp1108502178-71] DEBUG org.eclipse.jetty.server.handler.ContextHandler - scope null||/api/v0/components/login @ o.e.j.s.ServletContextHandler@2f1e63de{/__admin,null,AVAILABLE}
13:18:31.684 [qtp1108502178-71] DEBUG org.eclipse.jetty.server.handler.gzip.GzipHandler - GzipHandler@5d9ee9b4{STARTED,min=32,inflate=-1} handle Request(POST //localhost:8080/api/v0/components/login)@5b87e7c1 in null
13:18:31.684 [qtp1108502178-71] DEBUG org.eclipse.jetty.server.handler.ContextHandler - scope null||/api/v0/components/login @ o.e.j.s.ServletContextHandler@1727dcb3{/,null,AVAILABLE}
13:18:31.684 [qtp1108502178-71] DEBUG org.eclipse.jetty.server.handler.ContextHandler - context=||/api/v0/components/login @ o.e.j.s.ServletContextHandler@1727dcb3{/,null,AVAILABLE}
13:18:31.684 [qtp1108502178-71] DEBUG org.eclipse.jetty.servlet.ServletHandler - servlet |/api/v0/components/login|null -> com.github.tomakehurst.wiremock.servlet.WireMockHandlerDispatchingServlet-1a9d23e8@b29cf05d==com.github.tomakehurst.wiremock.servlet.WireMockHandlerDispatchingServlet,jsp=null,order=-1,inst=true,async=true
13:18:31.684 [qtp1108502178-71] DEBUG org.eclipse.jetty.servlet.ServletHandler - chain=org.eclipse.jetty.servlets.CrossOriginFilter-27485e7d@27485e7d==org.eclipse.jetty.servlets.CrossOriginFilter,inst=true,async=true->com.github.tomakehurst.wiremock.servlet.WireMockHandlerDispatchingServlet-1a9d23e8@b29cf05d==com.github.tomakehurst.wiremock.servlet.WireMockHandlerDispatchingServlet,jsp=null,order=-1,inst=true,async=true
13:18:31.684 [qtp1108502178-71] DEBUG org.eclipse.jetty.servlet.ServletHandler - call filter org.eclipse.jetty.servlets.CrossOriginFilter-27485e7d@27485e7d==org.eclipse.jetty.servlets.CrossOriginFilter,inst=true,async=true
13:18:31.684 [qtp1108502178-71] DEBUG org.eclipse.jetty.servlet.ServletHandler - call servlet com.github.tomakehurst.wiremock.servlet.WireMockHandlerDispatchingServlet-1a9d23e8@b29cf05d==com.github.tomakehurst.wiremock.servlet.WireMockHandlerDispatchingServlet,jsp=null,order=-1,inst=true,async=true
13:18:31.685 [qtp1108502178-71] DEBUG org.eclipse.jetty.server.HttpConnection - HttpConnection@52f0da96::NetworkTrafficSocketChannelEndPoint@6d213d13{/127.0.0.1:64997<->/127.0.0.1:8080,OPEN,fill=-,flush=-,to=1/30000}{io=0/0,kio=0,kro=1}->HttpConnection@52f0da96[p=HttpParser{s=CONTENT,0 of 51},g=HttpGenerator@36ddbc7e{s=START}]=>HttpChannelOverHttp@2ca962b8{s=HttpChannelState@3d5787d{s=HANDLING rs=BLOCKING os=OPEN is=IDLE awp=false se=false i=true al=0},r=1,c=false/false,a=HANDLING,uri=//localhost:8080/api/v0/components/login,age=2} parse HeapByteBuffer@10a99211[p=169,l=220,c=8192,r=51]={POST /api... 51\r\n\r\n<<<{"password":"123456","use...me":"catalogClientApi"}>>>ee-4706-9...\x00\x00\x00\x00\x00\x00\x00} {}
13:18:31.685 [qtp1108502178-71] DEBUG org.eclipse.jetty.http.HttpParser - parseNext s=CONTENT HeapByteBuffer@10a99211[p=169,l=220,c=8192,r=51]={POST /api... 51\r\n\r\n<<<{"password":"123456","use...me":"catalogClientApi"}>>>ee-4706-9...\x00\x00\x00\x00\x00\x00\x00}
13:18:31.685 [qtp1108502178-71] DEBUG org.eclipse.jetty.server.HttpChannel - onContent HttpChannelOverHttp@2ca962b8{s=HttpChannelState@3d5787d{s=HANDLING rs=BLOCKING os=OPEN is=IDLE awp=false se=false i=true al=0},r=1,c=false/false,a=HANDLING,uri=//localhost:8080/api/v0/components/login,age=2} Content@1e8572d5{HeapByteBufferR@33327fb0[p=169,l=220,c=8192,r=51]={POST /api... 51\r\n\r\n<<<{"password":"123456","use...me":"catalogClientApi"}>>>ee-4706-9...\x00\x00\x00\x00\x00\x00\x00}}
13:18:31.685 [qtp1108502178-71] DEBUG org.eclipse.jetty.server.HttpInput - HttpInputOverHTTP@2f510e30[c=0,q=0,[0]=null,s=STREAM] addContent Content@1e8572d5{HeapByteBufferR@33327fb0[p=169,l=220,c=8192,r=51]={POST /api... 51\r\n\r\n<<<{"password":"123456","use...me":"catalogClientApi"}>>>ee-4706-9...\x00\x00\x00\x00\x00\x00\x00}}
13:18:31.685 [qtp1108502178-71] DEBUG org.eclipse.jetty.http.HttpParser - CONTENT --> CONTENT_END
13:18:31.685 [qtp1108502178-71] DEBUG org.eclipse.jetty.server.HttpChannel - onContentComplete HttpChannelOverHttp@2ca962b8{s=HttpChannelState@3d5787d{s=HANDLING rs=BLOCKING os=OPEN is=IDLE awp=false se=false i=true al=0},r=1,c=false/false,a=HANDLING,uri=//localhost:8080/api/v0/components/login,age=2}
13:18:31.685 [qtp1108502178-71] DEBUG org.eclipse.jetty.http.HttpParser - CONTENT_END --> END
13:18:31.685 [qtp1108502178-71] DEBUG org.eclipse.jetty.server.HttpChannel - onRequestComplete HttpChannelOverHttp@2ca962b8{s=HttpChannelState@3d5787d{s=HANDLING rs=BLOCKING os=OPEN is=IDLE awp=false se=false i=true al=0},r=1,c=false/false,a=HANDLING,uri=//localhost:8080/api/v0/components/login,age=2}
13:18:31.685 [qtp1108502178-71] DEBUG org.eclipse.jetty.server.HttpInput - HttpInputOverHTTP@2f510e30[c=0,q=1,[0]=EOF,s=STREAM] addContent EOF
13:18:31.685 [qtp1108502178-71] DEBUG org.eclipse.jetty.server.HttpConnection - HttpConnection@52f0da96::NetworkTrafficSocketChannelEndPoint@6d213d13{/127.0.0.1:64997<->/127.0.0.1:8080,OPEN,fill=-,flush=-,to=2/30000}{io=0/0,kio=0,kro=1}->HttpConnection@52f0da96[p=HttpParser{s=END,51 of 51},g=HttpGenerator@36ddbc7e{s=START}]=>HttpChannelOverHttp@2ca962b8{s=HttpChannelState@3d5787d{s=HANDLING rs=BLOCKING os=OPEN is=IDLE awp=false se=false i=true al=0},r=1,c=false/false,a=HANDLING,uri=//localhost:8080/api/v0/components/login,age=2} parsed false HttpParser{s=END,51 of 51}
13:18:31.685 [qtp1108502178-71] DEBUG org.eclipse.jetty.server.HttpInput - HttpInputOverHTTP@2f510e30[c=51,q=1,[0]=EOF,s=STREAM] read 51 from Content@1e8572d5{HeapByteBufferR@33327fb0[p=220,l=220,c=8192,r=0]={POST /api...ntApi"}<<<>>>ee-4706-9...\x00\x00\x00\x00\x00\x00\x00}}
13:18:31.685 [qtp1108502178-71] DEBUG org.eclipse.jetty.server.HttpConnection - releaseRequestBuffer HttpConnection@52f0da96::NetworkTrafficSocketChannelEndPoint@6d213d13{/127.0.0.1:64997<->/127.0.0.1:8080,OPEN,fill=-,flush=-,to=2/30000}{io=0/0,kio=0,kro=1}->HttpConnection@52f0da96[p=HttpParser{s=END,51 of 51},g=HttpGenerator@36ddbc7e{s=START}]=>HttpChannelOverHttp@2ca962b8{s=HttpChannelState@3d5787d{s=HANDLING rs=BLOCKING os=OPEN is=IDLE awp=false se=false i=true al=0},r=1,c=false/false,a=HANDLING,uri=//localhost:8080/api/v0/components/login,age=2}
13:18:31.685 [qtp1108502178-71] DEBUG org.eclipse.jetty.server.HttpChannelState - onEof HttpChannelState@3d5787d{s=HANDLING rs=BLOCKING os=OPEN is=IDLE awp=false se=false i=true al=0}
13:18:31.690 [qtp1108502178-71] DEBUG org.eclipse.jetty.server.HttpOutput - write(array HeapByteBuffer@4b0c5df4[p=0,l=21,c=8192,r=21]={<<<{"token":"someToken"}>>>\x00\x00\x00\x00\x00\x00\x00\x00\x00...\x00\x00\x00\x00\x00\x00\x00})
13:18:31.690 [qtp1108502178-71] DEBUG org.eclipse.jetty.server.HttpOutput - write(array) s=OPEN,api=BLOCKING,sc=false,e=null aggregated !flush HeapByteBuffer@7eaa8d9a[p=0,l=21,c=32768,r=21]={<<<{"token":"someToken"}>>>\x00\x00\x00\x00\x00\x00\x00\x00\x00...\x00\x00\x00\x00\x00\x00\x00}
13:18:31.691 [qtp1108502178-71] DEBUG org.eclipse.jetty.server.handler.gzip.GzipHandler - GzipHandler@5d9ee9b4{STARTED,min=32,inflate=-1} excluded not gzip accept Request(POST //localhost:8080/api/v0/components/login)@5b87e7c1
13:18:31.691 [qtp1108502178-71] DEBUG org.eclipse.jetty.server.handler.gzip.GzipHttpOutputInterceptor - org.eclipse.jetty.server.handler.gzip.GzipHttpOutputInterceptor@5ec5b200 exclude no deflater
13:18:31.691 [qtp1108502178-71] DEBUG org.eclipse.jetty.server.HttpChannel - sendResponse info=null content=HeapByteBuffer@7eaa8d9a[p=0,l=21,c=32768,r=21]={<<<{"token":"someToken"}>>>\x00\x00\x00\x00\x00\x00\x00\x00\x00...\x00\x00\x00\x00\x00\x00\x00} complete=false committing=true callback=Blocker@79420766{null}
13:18:31.691 [qtp1108502178-71] DEBUG org.eclipse.jetty.server.HttpChannel - COMMIT for /api/v0/components/login on HttpChannelOverHttp@2ca962b8{s=HttpChannelState@3d5787d{s=HANDLING rs=BLOCKING os=COMMITTED is=READY awp=false se=false i=true al=0},r=1,c=false/false,a=HANDLING,uri=//localhost:8080/api/v0/components/login,age=8}
200 null HTTP/1.1
Content-Type: application/json
Matched-Stub-Id: f76ac9e4-347a-4b15-a03a-1dae063c4d35
Vary: Accept-Encoding, User-Agent


13:18:31.691 [qtp1108502178-71] DEBUG org.eclipse.jetty.server.HttpConnection - generate: NEED_HEADER for org.eclipse.jetty.server.HttpConnection$SendCallback@50081647[PROCESSING][i=HTTP/1.1{s=200,h=3,cl=-1},cb=org.eclipse.jetty.server.HttpChannel$SendCallback@7ae49781] (null,[p=0,l=21,c=32768,r=21],false)@START
13:18:31.691 [qtp1108502178-71] DEBUG org.eclipse.jetty.http.HttpGenerator - generateHeaders HTTP/1.1{s=200,h=3,cl=-1} last=false content=HeapByteBuffer@7eaa8d9a[p=0,l=21,c=32768,r=21]={<<<{"token":"someToken"}>>>\x00\x00\x00\x00\x00\x00\x00\x00\x00...\x00\x00\x00\x00\x00\x00\x00}
13:18:31.691 [qtp1108502178-71] DEBUG org.eclipse.jetty.http.HttpGenerator - Content-Type: application/json
Matched-Stub-Id: f76ac9e4-347a-4b15-a03a-1dae063c4d35
Vary: Accept-Encoding, User-Agent


13:18:31.691 [qtp1108502178-71] DEBUG org.eclipse.jetty.http.HttpGenerator - CHUNKED_CONTENT
13:18:31.691 [qtp1108502178-71] DEBUG org.eclipse.jetty.server.HttpConnection - generate: FLUSH for org.eclipse.jetty.server.HttpConnection$SendCallback@50081647[PROCESSING][i=HTTP/1.1{s=200,h=3,cl=-1},cb=org.eclipse.jetty.server.HttpChannel$SendCallback@7ae49781] ([p=0,l=206,c=8192,r=206],[p=0,l=21,c=32768,r=21],false)@COMMITTED
13:18:31.691 [qtp1108502178-71] DEBUG org.eclipse.jetty.io.WriteFlusher - write: WriteFlusher@9426f6f{IDLE}->null [HeapByteBuffer@10a99211[p=0,l=206,c=8192,r=206]={<<<HTTP/1.1 200 OK\r\nContent-...4.28.v20200408)\r\n\r\n15\r\n>>>logClient...\x00\x00\x00\x00\x00\x00\x00},HeapByteBuffer@7eaa8d9a[p=0,l=21,c=32768,r=21]={<<<{"token":"someToken"}>>>\x00\x00\x00\x00\x00\x00\x00\x00\x00...\x00\x00\x00\x00\x00\x00\x00}]
13:18:31.691 [qtp1108502178-71] DEBUG org.eclipse.jetty.io.WriteFlusher - update WriteFlusher@9426f6f{WRITING}->null:IDLE-->WRITING
13:18:31.691 [qtp1108502178-71] DEBUG org.eclipse.jetty.io.ChannelEndPoint - flushed 206 NetworkTrafficSocketChannelEndPoint@6d213d13{/127.0.0.1:64997<->/127.0.0.1:8080,OPEN,fill=-,flush=W,to=8/30000}{io=0/0,kio=0,kro=1}->HttpConnection@52f0da96[p=HttpParser{s=END,51 of 51},g=HttpGenerator@36ddbc7e{s=COMMITTED}]=>HttpChannelOverHttp@2ca962b8{s=HttpChannelState@3d5787d{s=HANDLING rs=BLOCKING os=COMMITTED is=READY awp=false se=false i=true al=0},r=1,c=false/false,a=HANDLING,uri=//localhost:8080/api/v0/components/login,age=8}
13:18:31.691 [qtp1108502178-71] DEBUG org.eclipse.jetty.io.ChannelEndPoint - flushed 21 NetworkTrafficSocketChannelEndPoint@6d213d13{/127.0.0.1:64997<->/127.0.0.1:8080,OPEN,fill=-,flush=W,to=0/30000}{io=0/0,kio=0,kro=1}->HttpConnection@52f0da96[p=HttpParser{s=END,51 of 51},g=HttpGenerator@36ddbc7e{s=COMMITTED}]=>HttpChannelOverHttp@2ca962b8{s=HttpChannelState@3d5787d{s=HANDLING rs=BLOCKING os=COMMITTED is=READY awp=false se=false i=true al=0},r=1,c=false/false,a=HANDLING,uri=//localhost:8080/api/v0/components/login,age=8}
13:18:31.692 [qtp1108502178-71] DEBUG org.eclipse.jetty.io.WriteFlusher - Flushed=true written=227 remaining=0 WriteFlusher@9426f6f{WRITING}->null
13:18:31.692 [qtp1108502178-71] DEBUG org.eclipse.jetty.io.WriteFlusher - update WriteFlusher@9426f6f{IDLE}->null:WRITING-->IDLE
13:18:31.692 [qtp1108502178-71] DEBUG org.eclipse.jetty.server.HttpConnection - generate: DONE for org.eclipse.jetty.server.HttpConnection$SendCallback@50081647[PROCESSING][i=HTTP/1.1{s=200,h=3,cl=-1},cb=org.eclipse.jetty.server.HttpChannel$SendCallback@7ae49781] ([p=206,l=206,c=8192,r=0],[p=21,l=21,c=32768,r=0],false)@COMMITTED
13:18:31.692 [qtp1108502178-71] DEBUG org.eclipse.jetty.server.HttpOutput - onWriteComplete(false,null) s=OPEN,api=BLOCKED,sc=false,e=null->s=OPEN,api=BLOCKING,sc=false,e=null c=null cb=null w=false
13:18:31.692 [qtp1108502178-71] DEBUG org.eclipse.jetty.server.HttpOutput - close() s=CLOSING,api=BLOCKED,sc=false,e=null c=HeapByteBuffer@137d328[p=0,l=0,c=0,r=0]={<<<>>>} b=Blocker@79420766{null}
13:18:31.692 [qtp1108502178-71] DEBUG org.eclipse.jetty.server.HttpChannel - sendResponse info=null content=HeapByteBuffer@137d328[p=0,l=0,c=0,r=0]={<<<>>>} complete=true committing=false callback=Blocker@79420766{null}
13:18:31.692 [reactor-http-nio-4] DEBUG reactor.netty.http.client.HttpClientOperations - [id: 0xe6d25d0b, L:/127.0.0.1:64997 - R:localhost/127.0.0.1:8080] Received response (auto-read:false) : [Content-Type=application/json, Matched-Stub-Id=f76ac9e4-347a-4b15-a03a-1dae063c4d35, Vary=Accept-Encoding, User-Agent, Transfer-Encoding=chunked, Server=Jetty(9.4.28.v20200408)]
13:18:31.692 [qtp1108502178-71] DEBUG org.eclipse.jetty.server.HttpConnection - generate: CONTINUE for org.eclipse.jetty.server.HttpConnection$SendCallback@50081647[PROCESSING][i=null,cb=org.eclipse.jetty.server.HttpChannel$SendCallback@60522016] (null,[p=0,l=0,c=0,r=0],true)@COMPLETING
13:18:31.692 [reactor-http-nio-4] DEBUG reactor.netty.resources.PooledConnectionProvider - [id: 0xe6d25d0b, L:/127.0.0.1:64997 - R:localhost/127.0.0.1:8080] onStateChange(POST{uri=/api/v0/components/login, connection=PooledConnection{channel=[id: 0xe6d25d0b, L:/127.0.0.1:64997 - R:localhost/127.0.0.1:8080]}}, [response_received])
13:18:31.692 [qtp1108502178-71] DEBUG org.eclipse.jetty.server.HttpConnection - generate: NEED_CHUNK for org.eclipse.jetty.server.HttpConnection$SendCallback@50081647[PROCESSING][i=null,cb=org.eclipse.jetty.server.HttpChannel$SendCallback@60522016] (null,[p=0,l=0,c=0,r=0],true)@COMPLETING
13:18:31.692 [qtp1108502178-71] DEBUG org.eclipse.jetty.server.HttpConnection - generate: FLUSH for org.eclipse.jetty.server.HttpConnection$SendCallback@50081647[PROCESSING][i=null,cb=org.eclipse.jetty.server.HttpChannel$SendCallback@60522016] (null,[p=0,l=0,c=0,r=0],true)@COMPLETING
13:18:31.692 [qtp1108502178-71] DEBUG org.eclipse.jetty.io.WriteFlusher - write: WriteFlusher@9426f6f{IDLE}->null [HeapByteBuffer@7d10bd05[p=0,l=7,c=1024,r=7]={<<<\r\n0\r\n\r\n>>>\x00\x00\x00\x00\x00\x00\x00\x00\x00...\x00\x00\x00\x00\x00\x00\x00}]
13:18:31.692 [reactor-http-nio-4] DEBUG org.springframework.web.reactive.function.client.ExchangeFunctions - [38ee4a55] Response 200 OK
13:18:31.692 [qtp1108502178-71] DEBUG org.eclipse.jetty.io.WriteFlusher - update WriteFlusher@9426f6f{WRITING}->null:IDLE-->WRITING
13:18:31.692 [qtp1108502178-71] DEBUG org.eclipse.jetty.io.ChannelEndPoint - flushed 7 NetworkTrafficSocketChannelEndPoint@6d213d13{/127.0.0.1:64997<->/127.0.0.1:8080,OPEN,fill=-,flush=W,to=0/30000}{io=0/0,kio=0,kro=1}->HttpConnection@52f0da96[p=HttpParser{s=END,51 of 51},g=HttpGenerator@36ddbc7e{s=COMPLETING}]=>HttpChannelOverHttp@2ca962b8{s=HttpChannelState@3d5787d{s=HANDLING rs=BLOCKING os=COMMITTED is=READY awp=false se=false i=true al=0},r=1,c=false/false,a=HANDLING,uri=//localhost:8080/api/v0/components/login,age=9}
13:18:31.692 [qtp1108502178-71] DEBUG org.eclipse.jetty.io.WriteFlusher - Flushed=true written=7 remaining=0 WriteFlusher@9426f6f{WRITING}->null
13:18:31.692 [qtp1108502178-71] DEBUG org.eclipse.jetty.io.WriteFlusher - update WriteFlusher@9426f6f{IDLE}->null:WRITING-->IDLE
13:18:31.692 [qtp1108502178-71] DEBUG org.eclipse.jetty.server.HttpConnection - generate: DONE for org.eclipse.jetty.server.HttpConnection$SendCallback@50081647[PROCESSING][i=null,cb=org.eclipse.jetty.server.HttpChannel$SendCallback@60522016] (null,[p=0,l=0,c=0,r=0],true)@END
13:18:31.692 [qtp1108502178-71] DEBUG org.eclipse.jetty.server.HttpOutput - onWriteComplete(true,null) s=CLOSING,api=BLOCKED,sc=false,e=null->s=CLOSED,api=BLOCKING,sc=false,e=null c=null cb=null w=false
13:18:31.692 [reactor-http-nio-4] DEBUG reactor.netty.channel.FluxReceive - [id: 0xe6d25d0b, L:/127.0.0.1:64997 - R:localhost/127.0.0.1:8080] Subscribing inbound receiver [pending: 0, cancelled:false, inboundDone: false]
13:18:31.693 [qtp1108502178-71] DEBUG org.eclipse.jetty.server.Server - handled=true async=false committed=true on HttpChannelOverHttp@2ca962b8{s=HttpChannelState@3d5787d{s=HANDLING rs=BLOCKING os=COMPLETED is=READY awp=false se=false i=true al=0},r=1,c=false/true,a=HANDLING,uri=//localhost:8080/api/v0/components/login,age=10}
13:18:31.693 [qtp1108502178-71] DEBUG org.eclipse.jetty.server.HttpChannelState - unhandle HttpChannelState@3d5787d{s=HANDLING rs=BLOCKING os=COMPLETED is=READY awp=false se=false i=true al=0}
13:18:31.693 [qtp1108502178-71] DEBUG org.eclipse.jetty.server.HttpChannelState - nextAction(false) COMPLETE HttpChannelState@3d5787d{s=HANDLING rs=COMPLETING os=COMPLETED is=READY awp=false se=false i=false al=0}
13:18:31.693 [qtp1108502178-71] DEBUG org.eclipse.jetty.server.HttpChannel - action COMPLETE HttpChannelOverHttp@2ca962b8{s=HttpChannelState@3d5787d{s=HANDLING rs=COMPLETING os=COMPLETED is=READY awp=false se=false i=false al=0},r=1,c=false/true,a=HANDLING,uri=//localhost:8080/api/v0/components/login,age=10}
13:18:31.693 [qtp1108502178-71] DEBUG org.eclipse.jetty.server.HttpOutput - complete(org.eclipse.jetty.util.Callback$4@7078b875) s=CLOSED,api=BLOCKING,sc=false,e=null s=true e=null, c=null
13:18:31.693 [qtp1108502178-71] DEBUG org.eclipse.jetty.server.HttpChannelState - completed HttpChannelState@3d5787d{s=HANDLING rs=COMPLETING os=COMPLETED is=READY awp=false se=false i=false al=0}
13:18:31.693 [qtp1108502178-71] DEBUG org.eclipse.jetty.server.HttpChannelState - unhandle HttpChannelState@3d5787d{s=HANDLING rs=COMPLETED os=COMPLETED is=READY awp=false se=false i=false al=0}
13:18:31.693 [qtp1108502178-71] DEBUG org.eclipse.jetty.server.HttpChannelState - nextAction(false) TERMINATED HttpChannelState@3d5787d{s=IDLE rs=COMPLETED os=COMPLETED is=READY awp=false se=false i=false al=0}
13:18:31.693 [qtp1108502178-71] DEBUG org.eclipse.jetty.server.HttpChannel - action TERMINATED HttpChannelOverHttp@2ca962b8{s=HttpChannelState@3d5787d{s=IDLE rs=COMPLETED os=COMPLETED is=READY awp=false se=false i=false al=0},r=1,c=true/true,a=IDLE,uri=//localhost:8080/api/v0/components/login,age=10}
13:18:31.693 [qtp1108502178-71] DEBUG org.eclipse.jetty.server.HttpChannel - onCompleted for /api/v0/components/login written=21
13:18:31.693 [qtp1108502178-71] DEBUG org.eclipse.jetty.server.HttpChannelState - recycle HttpChannelState@3d5787d{s=IDLE rs=COMPLETED os=COMPLETED is=READY awp=false se=false i=false al=0}
13:18:31.693 [qtp1108502178-71] DEBUG org.eclipse.jetty.http.HttpParser - reset HttpParser{s=END,51 of 51}
13:18:31.693 [qtp1108502178-71] DEBUG org.eclipse.jetty.http.HttpParser - END --> START
13:18:31.693 [qtp1108502178-71] DEBUG org.eclipse.jetty.server.HttpChannel - !handle TERMINATED HttpChannelOverHttp@2ca962b8{s=HttpChannelState@3d5787d{s=IDLE rs=BLOCKING os=OPEN is=IDLE awp=false se=false i=true al=0},r=1,c=false/false,a=IDLE,uri=null,age=0}
13:18:31.693 [qtp1108502178-71] DEBUG org.eclipse.jetty.io.ChannelEndPoint - filled 0 HeapByteBuffer@10a99211[p=0,l=0,c=8192,r=0]={<<<>>>HTTP/1.1 ...\x00\x00\x00\x00\x00\x00\x00}
13:18:31.693 [qtp1108502178-71] DEBUG org.eclipse.jetty.io.ChannelEndPoint - filled 0 HeapByteBuffer@10a99211[p=0,l=0,c=8192,r=0]={<<<>>>HTTP/1.1 ...\x00\x00\x00\x00\x00\x00\x00}
13:18:31.693 [reactor-http-nio-4] DEBUG reactor.netty.http.client.HttpClientOperations - [id: 0xe6d25d0b, L:/127.0.0.1:64997 - R:localhost/127.0.0.1:8080] Received last HTTP packet
13:18:31.693 [qtp1108502178-71] DEBUG org.eclipse.jetty.server.HttpConnection - HttpConnection@52f0da96::NetworkTrafficSocketChannelEndPoint@6d213d13{/127.0.0.1:64997<->/127.0.0.1:8080,OPEN,fill=-,flush=-,to=0/30000}{io=0/0,kio=0,kro=1}->HttpConnection@52f0da96[p=HttpParser{s=START,0 of -1},g=HttpGenerator@36ddbc7e{s=START}]=>HttpChannelOverHttp@2ca962b8{s=HttpChannelState@3d5787d{s=IDLE rs=BLOCKING os=OPEN is=IDLE awp=false se=false i=true al=0},r=1,c=false/false,a=IDLE,uri=null,age=0} filled 0 HeapByteBuffer@10a99211[p=0,l=0,c=8192,r=0]={<<<>>>HTTP/1.1 ...\x00\x00\x00\x00\x00\x00\x00}
13:18:31.693 [qtp1108502178-71] DEBUG org.eclipse.jetty.server.HttpConnection - HttpConnection@52f0da96::NetworkTrafficSocketChannelEndPoint@6d213d13{/127.0.0.1:64997<->/127.0.0.1:8080,OPEN,fill=-,flush=-,to=0/30000}{io=0/0,kio=0,kro=1}->HttpConnection@52f0da96[p=HttpParser{s=START,0 of -1},g=HttpGenerator@36ddbc7e{s=START}]=>HttpChannelOverHttp@2ca962b8{s=HttpChannelState@3d5787d{s=IDLE rs=BLOCKING os=OPEN is=IDLE awp=false se=false i=true al=0},r=1,c=false/false,a=IDLE,uri=null,age=0} parse HeapByteBuffer@10a99211[p=0,l=0,c=8192,r=0]={<<<>>>HTTP/1.1 ...\x00\x00\x00\x00\x00\x00\x00} {}
13:18:31.693 [qtp1108502178-71] DEBUG org.eclipse.jetty.http.HttpParser - parseNext s=START HeapByteBuffer@10a99211[p=0,l=0,c=8192,r=0]={<<<>>>HTTP/1.1 ...\x00\x00\x00\x00\x00\x00\x00}
13:18:31.693 [reactor-http-nio-4] DEBUG org.springframework.core.codec.StringDecoder - [38ee4a55] Decoded "{"token":"someToken"}"
13:18:31.693 [qtp1108502178-71] DEBUG org.eclipse.jetty.server.HttpConnection - HttpConnection@52f0da96::NetworkTrafficSocketChannelEndPoint@6d213d13{/127.0.0.1:64997<->/127.0.0.1:8080,OPEN,fill=-,flush=-,to=1/30000}{io=0/0,kio=0,kro=1}->HttpConnection@52f0da96[p=HttpParser{s=START,0 of -1},g=HttpGenerator@36ddbc7e{s=START}]=>HttpChannelOverHttp@2ca962b8{s=HttpChannelState@3d5787d{s=IDLE rs=BLOCKING os=OPEN is=IDLE awp=false se=false i=true al=0},r=1,c=false/false,a=IDLE,uri=null,age=0} parsed false HttpParser{s=START,0 of -1}
13:18:31.693 [qtp1108502178-71] DEBUG org.eclipse.jetty.server.HttpConnection - releaseRequestBuffer HttpConnection@52f0da96::NetworkTrafficSocketChannelEndPoint@6d213d13{/127.0.0.1:64997<->/127.0.0.1:8080,OPEN,fill=-,flush=-,to=1/30000}{io=0/0,kio=0,kro=1}->HttpConnection@52f0da96[p=HttpParser{s=START,0 of -1},g=HttpGenerator@36ddbc7e{s=START}]=>HttpChannelOverHttp@2ca962b8{s=HttpChannelState@3d5787d{s=IDLE rs=BLOCKING os=OPEN is=IDLE awp=false se=false i=true al=0},r=1,c=false/false,a=IDLE,uri=null,age=0}
13:18:31.694 [qtp1108502178-71] DEBUG org.eclipse.jetty.io.AbstractConnection - fillInterested HttpConnection@52f0da96::NetworkTrafficSocketChannelEndPoint@6d213d13{/127.0.0.1:64997<->/127.0.0.1:8080,OPEN,fill=-,flush=-,to=1/30000}{io=0/0,kio=0,kro=1}->HttpConnection@52f0da96[p=HttpParser{s=START,0 of -1},g=HttpGenerator@36ddbc7e{s=START}]=>HttpChannelOverHttp@2ca962b8{s=HttpChannelState@3d5787d{s=IDLE rs=BLOCKING os=OPEN is=IDLE awp=false se=false i=true al=0},r=1,c=false/false,a=IDLE,uri=null,age=0}
13:18:31.694 [qtp1108502178-71] DEBUG org.eclipse.jetty.io.FillInterest - interested FillInterest@5186b4bf{AC.ReadCB@52f0da96{HttpConnection@52f0da96::NetworkTrafficSocketChannelEndPoint@6d213d13{/127.0.0.1:64997<->/127.0.0.1:8080,OPEN,fill=FI,flush=-,to=0/30000}{io=0/0,kio=0,kro=1}->HttpConnection@52f0da96[p=HttpParser{s=START,0 of -1},g=HttpGenerator@36ddbc7e{s=START}]=>HttpChannelOverHttp@2ca962b8{s=HttpChannelState@3d5787d{s=IDLE rs=BLOCKING os=OPEN is=IDLE awp=false se=false i=true al=0},r=1,c=false/false,a=IDLE,uri=null,age=0}}}
13:18:31.694 [qtp1108502178-71] DEBUG org.eclipse.jetty.io.ChannelEndPoint - changeInterests p=false 0->1 for NetworkTrafficSocketChannelEndPoint@6d213d13{/127.0.0.1:64997<->/127.0.0.1:8080,OPEN,fill=FI,flush=-,to=0/30000}{io=0/1,kio=0,kro=1}->HttpConnection@52f0da96[p=HttpParser{s=START,0 of -1},g=HttpGenerator@36ddbc7e{s=START}]=>HttpChannelOverHttp@2ca962b8{s=HttpChannelState@3d5787d{s=IDLE rs=BLOCKING os=OPEN is=IDLE awp=false se=false i=true al=0},r=1,c=false/false,a=IDLE,uri=null,age=0}
13:18:31.694 [qtp1108502178-71] DEBUG org.eclipse.jetty.io.ManagedSelector - Queued change org.eclipse.jetty.io.ChannelEndPoint$1@79b83862 on ManagedSelector@e983464{STARTED} id=1 keys=2 selected=0 updates=0
13:18:31.694 [qtp1108502178-71] DEBUG org.eclipse.jetty.io.ManagedSelector - Wakeup on submit ManagedSelector@e983464{STARTED} id=1 keys=2 selected=0 updates=1
13:18:31.694 [qtp1108502178-71] DEBUG org.eclipse.jetty.server.HttpConnection - HttpConnection@52f0da96::NetworkTrafficSocketChannelEndPoint@6d213d13{/127.0.0.1:64997<->/127.0.0.1:8080,OPEN,fill=FI,flush=-,to=0/30000}{io=0/1,kio=0,kro=1}->HttpConnection@52f0da96[p=HttpParser{s=START,0 of -1},g=HttpGenerator@36ddbc7e{s=START}]=>HttpChannelOverHttp@2ca962b8{s=HttpChannelState@3d5787d{s=IDLE rs=BLOCKING os=OPEN is=IDLE awp=false se=false i=true al=0},r=1,c=false/false,a=IDLE,uri=null,age=0} onFillable exit HttpChannelState@3d5787d{s=IDLE rs=BLOCKING os=OPEN is=IDLE awp=false se=false i=true al=0} null
13:18:31.694 [qtp1108502178-71] DEBUG org.eclipse.jetty.util.thread.ReservedThreadExecutor - ReservedThreadExecutor@93479f5{s=1/1,p=0}@7734fd09 size 1 > capacity
13:18:31.694 [qtp1108502178-71] DEBUG org.eclipse.jetty.util.thread.QueuedThreadPool - ran ReservedThreadExecutor@93479f5{s=1/1,p=0}@7734fd09 in QueuedThreadPool[qtp1108502178]@421266a2{STARTED,8<=8<=14,i=1,r=1,q=0}[ReservedThreadExecutor@93479f5{s=1/1,p=0}]
13:18:31.694 [qtp1108502178-69] DEBUG org.eclipse.jetty.io.ManagedSelector - Selector sun.nio.ch.WindowsSelectorImpl@38ce0e5b woken with none selected
13:18:31.694 [qtp1108502178-69] DEBUG org.eclipse.jetty.io.ManagedSelector - Selector sun.nio.ch.WindowsSelectorImpl@38ce0e5b woken up from select, 0/0/2 selected
13:18:31.694 [qtp1108502178-69] DEBUG org.eclipse.jetty.io.ManagedSelector - Selector sun.nio.ch.WindowsSelectorImpl@38ce0e5b processing 0 keys, 1 updates
13:18:31.694 [qtp1108502178-69] DEBUG org.eclipse.jetty.io.ManagedSelector - updateable 1
13:18:31.694 [qtp1108502178-69] DEBUG org.eclipse.jetty.io.ManagedSelector - update org.eclipse.jetty.io.ChannelEndPoint$1@79b83862
13:18:31.695 [qtp1108502178-69] DEBUG org.eclipse.jetty.io.ChannelEndPoint - Key interests updated 0 -> 1 on NetworkTrafficSocketChannelEndPoint@6d213d13{/127.0.0.1:64997<->/127.0.0.1:8080,OPEN,fill=FI,flush=-,to=0/30000}{io=1/1,kio=1,kro=1}->HttpConnection@52f0da96[p=HttpParser{s=START,0 of -1},g=HttpGenerator@36ddbc7e{s=START}]=>HttpChannelOverHttp@2ca962b8{s=HttpChannelState@3d5787d{s=IDLE rs=BLOCKING os=OPEN is=IDLE awp=false se=false i=true al=0},r=1,c=false/false,a=IDLE,uri=null,age=0}
13:18:31.695 [qtp1108502178-69] DEBUG org.eclipse.jetty.io.ManagedSelector - updates 0
13:18:31.695 [qtp1108502178-69] DEBUG org.eclipse.jetty.io.ManagedSelector - Selector sun.nio.ch.WindowsSelectorImpl@38ce0e5b waiting with 2 keys
13:18:31.694 [reactor-http-nio-4] ERROR com.bi.edp.catalog.adapter.provision_adapters.ProvisionAdaptersClient - Json Processing Exception
com.fasterxml.jackson.databind.JsonMappingException: Test exception.
	at java.base/jdk.internal.reflect.NativeConstructorAccessorImpl.newInstance0(Native Method)
	at java.base/jdk.internal.reflect.NativeConstructorAccessorImpl.newInstance(NativeConstructorAccessorImpl.java:62)
	at java.base/jdk.internal.reflect.DelegatingConstructorAccessorImpl.newInstance(DelegatingConstructorAccessorImpl.java:45)
	at java.base/java.lang.reflect.Constructor.newInstance(Constructor.java:490)
	at org.codehaus.groovy.reflection.CachedConstructor.invoke(CachedConstructor.java:80)
	at org.codehaus.groovy.runtime.callsite.ConstructorSite$ConstructorSiteNoUnwrapNoCoerce.callConstructor(ConstructorSite.java:105)
	at org.codehaus.groovy.runtime.callsite.CallSiteArray.defaultCallConstructor(CallSiteArray.java:59)
	at org.codehaus.groovy.runtime.callsite.AbstractCallSite.callConstructor(AbstractCallSite.java:237)
	at org.codehaus.groovy.runtime.callsite.AbstractCallSite.callConstructor(AbstractCallSite.java:249)
	at com.bi.edp.catalog.adapter.provision_adapters.ProvisionAdaptersClientTest$__spock_feature_0_4_closure2$_closure4.doCall(ProvisionAdaptersClientTest.groovy:263)
	at java.base/jdk.internal.reflect.NativeMethodAccessorImpl.invoke0(Native Method)
	at java.base/jdk.internal.reflect.NativeMethodAccessorImpl.invoke(NativeMethodAccessorImpl.java:62)
	at java.base/jdk.internal.reflect.DelegatingMethodAccessorImpl.invoke(DelegatingMethodAccessorImpl.java:43)
	at java.base/java.lang.reflect.Method.invoke(Method.java:566)
	at org.codehaus.groovy.reflection.CachedMethod.invoke(CachedMethod.java:101)
	at groovy.lang.MetaMethod.doMethodInvoke(MetaMethod.java:323)
	at org.codehaus.groovy.runtime.metaclass.ClosureMetaClass.invokeMethod(ClosureMetaClass.java:263)
	at groovy.lang.MetaClassImpl.invokeMethod(MetaClassImpl.java:1041)
	at groovy.lang.Closure.call(Closure.java:405)
	at org.spockframework.runtime.GroovyRuntimeUtil.invokeClosure(GroovyRuntimeUtil.java:202)
	at org.spockframework.mock.response.CodeResponseGenerator.invokeClosure(CodeResponseGenerator.java:54)
	at org.spockframework.mock.response.CodeResponseGenerator.doRespond(CodeResponseGenerator.java:37)
	at org.spockframework.mock.response.SingleResponseGenerator.respond(SingleResponseGenerator.java:32)
	at org.spockframework.mock.response.ResponseGeneratorChain.respond(ResponseGeneratorChain.java:44)
	at org.spockframework.mock.runtime.MockInteraction.accept(MockInteraction.java:73)
	at org.spockframework.mock.runtime.MockInteractionDecorator.accept(MockInteractionDecorator.java:50)
	at org.spockframework.mock.runtime.InteractionScope$1.accept(InteractionScope.java:51)
	at org.spockframework.mock.runtime.MockController.handle(MockController.java:40)
	at org.spockframework.mock.runtime.JavaMockInterceptor.intercept(JavaMockInterceptor.java:87)
	at org.spockframework.mock.runtime.ByteBuddyInterceptorAdapter.interceptNonAbstract(ByteBuddyInterceptorAdapter.java:35)
	at com.fasterxml.jackson.databind.ObjectMapper$SpockMock$456001620.readValue(Unknown Source)
	at com.bi.edp.catalog.adapter.provision_adapters.ProvisionAdaptersClient.lambda$getTokenFromApi$8(ProvisionAdaptersClient.java:180)
	at reactor.core.publisher.MonoPeekTerminal$MonoTerminalPeekSubscriber.onNext(MonoPeekTerminal.java:164)
	at reactor.core.publisher.Operators$MonoSubscriber.complete(Operators.java:1755)
	at reactor.core.publisher.MonoFlatMap$FlatMapInner.onNext(MonoFlatMap.java:241)
	at reactor.core.publisher.FluxOnAssembly$OnAssemblySubscriber.onNext(FluxOnAssembly.java:385)
	at reactor.core.publisher.FluxMapFuseable$MapFuseableSubscriber.onNext(FluxMapFuseable.java:121)
	at reactor.core.publisher.FluxContextStart$ContextStartSubscriber.onNext(FluxContextStart.java:96)
	at reactor.core.publisher.FluxMapFuseable$MapFuseableConditionalSubscriber.onNext(FluxMapFuseable.java:287)
	at reactor.core.publisher.FluxFilterFuseable$FilterFuseableConditionalSubscriber.onNext(FluxFilterFuseable.java:330)
	at reactor.core.publisher.Operators$MonoSubscriber.complete(Operators.java:1755)
	at reactor.core.publisher.MonoCollect$CollectSubscriber.onComplete(MonoCollect.java:152)
	at reactor.core.publisher.FluxMap$MapSubscriber.onComplete(FluxMap.java:136)
	at reactor.core.publisher.FluxPeek$PeekSubscriber.onComplete(FluxPeek.java:252)
	at reactor.core.publisher.FluxPeek$PeekSubscriber.onComplete(FluxPeek.java:252)
	at reactor.core.publisher.FluxMap$MapSubscriber.onComplete(FluxMap.java:136)
	at reactor.netty.channel.FluxReceive.onInboundComplete(FluxReceive.java:366)
	at reactor.netty.channel.ChannelOperations.onInboundComplete(ChannelOperations.java:367)
	at reactor.netty.channel.ChannelOperations.terminate(ChannelOperations.java:423)
	at reactor.netty.http.client.HttpClientOperations.onInboundNext(HttpClientOperations.java:607)
	at reactor.netty.channel.ChannelOperationsHandler.channelRead(ChannelOperationsHandler.java:96)
	at io.netty.channel.AbstractChannelHandlerContext.invokeChannelRead(AbstractChannelHandlerContext.java:379)
	at io.netty.channel.AbstractChannelHandlerContext.invokeChannelRead(AbstractChannelHandlerContext.java:365)
	at io.netty.channel.AbstractChannelHandlerContext.fireChannelRead(AbstractChannelHandlerContext.java:357)
	at io.netty.handler.timeout.IdleStateHandler.channelRead(IdleStateHandler.java:286)
	at io.netty.channel.AbstractChannelHandlerContext.invokeChannelRead(AbstractChannelHandlerContext.java:379)
	at io.netty.channel.AbstractChannelHandlerContext.invokeChannelRead(AbstractChannelHandlerContext.java:365)
	at io.netty.channel.AbstractChannelHandlerContext.fireChannelRead(AbstractChannelHandlerContext.java:357)
	at io.netty.channel.CombinedChannelDuplexHandler$DelegatingChannelHandlerContext.fireChannelRead(CombinedChannelDuplexHandler.java:436)
	at io.netty.handler.codec.ByteToMessageDecoder.fireChannelRead(ByteToMessageDecoder.java:324)
	at io.netty.handler.codec.ByteToMessageDecoder.channelRead(ByteToMessageDecoder.java:296)
	at io.netty.channel.CombinedChannelDuplexHandler.channelRead(CombinedChannelDuplexHandler.java:251)
	at io.netty.channel.AbstractChannelHandlerContext.invokeChannelRead(AbstractChannelHandlerContext.java:379)
	at io.netty.channel.AbstractChannelHandlerContext.invokeChannelRead(AbstractChannelHandlerContext.java:365)
	at io.netty.channel.AbstractChannelHandlerContext.fireChannelRead(AbstractChannelHandlerContext.java:357)
	at io.netty.channel.DefaultChannelPipeline$HeadContext.channelRead(DefaultChannelPipeline.java:1410)
	at io.netty.channel.AbstractChannelHandlerContext.invokeChannelRead(AbstractChannelHandlerContext.java:379)
	at io.netty.channel.AbstractChannelHandlerContext.invokeChannelRead(AbstractChannelHandlerContext.java:365)
	at io.netty.channel.DefaultChannelPipeline.fireChannelRead(DefaultChannelPipeline.java:919)
	at io.netty.channel.nio.AbstractNioByteChannel$NioByteUnsafe.read(AbstractNioByteChannel.java:163)
	at io.netty.channel.nio.NioEventLoop.processSelectedKey(NioEventLoop.java:714)
	at io.netty.channel.nio.NioEventLoop.processSelectedKeysOptimized(NioEventLoop.java:650)
	at io.netty.channel.nio.NioEventLoop.processSelectedKeys(NioEventLoop.java:576)
	at io.netty.channel.nio.NioEventLoop.run(NioEventLoop.java:493)
	at io.netty.util.concurrent.SingleThreadEventExecutor$4.run(SingleThreadEventExecutor.java:989)
	at io.netty.util.internal.ThreadExecutorMap$2.run(ThreadExecutorMap.java:74)
	at io.netty.util.concurrent.FastThreadLocalRunnable.run(FastThreadLocalRunnable.java:30)
	at java.base/java.lang.Thread.run(Thread.java:834)
13:18:31.695 [reactor-http-nio-4] DEBUG reactor.netty.resources.PooledConnectionProvider - [id: 0xe6d25d0b, L:/127.0.0.1:64997 - R:localhost/127.0.0.1:8080] onStateChange(POST{uri=/api/v0/components/login, connection=PooledConnection{channel=[id: 0xe6d25d0b, L:/127.0.0.1:64997 - R:localhost/127.0.0.1:8080]}}, [response_completed])
13:18:31.695 [reactor-http-nio-4] DEBUG reactor.netty.ReactorNetty - [id: 0xe6d25d0b, L:/127.0.0.1:64997 - R:localhost/127.0.0.1:8080] Removed handler: ReadTimeoutHandler, pipeline: DefaultChannelPipeline{(reactor.left.httpCodec = io.netty.handler.codec.http.HttpClientCodec), (WriteTimeoutHandler = io.netty.handler.timeout.WriteTimeoutHandler), (reactor.right.reactiveBridge = reactor.netty.channel.ChannelOperationsHandler)}
13:18:31.695 [reactor-http-nio-4] DEBUG reactor.netty.ReactorNetty - [id: 0xe6d25d0b, L:/127.0.0.1:64997 - R:localhost/127.0.0.1:8080] Removed handler: WriteTimeoutHandler, pipeline: DefaultChannelPipeline{(reactor.left.httpCodec = io.netty.handler.codec.http.HttpClientCodec), (reactor.right.reactiveBridge = reactor.netty.channel.ChannelOperationsHandler)}
13:18:31.695 [reactor-http-nio-4] DEBUG reactor.netty.resources.PooledConnectionProvider - [id: 0xe6d25d0b, L:/127.0.0.1:64997 - R:localhost/127.0.0.1:8080] onStateChange(POST{uri=/api/v0/components/login, connection=PooledConnection{channel=[id: 0xe6d25d0b, L:/127.0.0.1:64997 - R:localhost/127.0.0.1:8080]}}, [disconnecting])
13:18:31.695 [reactor-http-nio-4] DEBUG reactor.netty.resources.PooledConnectionProvider - [id: 0xe6d25d0b, L:/127.0.0.1:64997 - R:localhost/127.0.0.1:8080] Releasing channel
13:18:31.695 [reactor-http-nio-4] DEBUG reactor.netty.resources.PooledConnectionProvider - [id: 0xe6d25d0b, L:/127.0.0.1:64997 - R:localhost/127.0.0.1:8080] Channel cleaned, now 0 active connections and 2 inactive connections
13:18:32.809 [parallel-1] DEBUG org.springframework.web.reactive.function.client.ExchangeFunctions - [59b194d9] HTTP GET http://localhost:8080/api/v0/components/provision-adapters/awx
13:18:32.809 [reactor-http-nio-4] DEBUG reactor.netty.resources.PooledConnectionProvider - [id: 0xcbaa31af, L:/127.0.0.1:64996 - R:localhost/127.0.0.1:8080] Channel acquired, now 1 active connections and 1 inactive connections
13:18:32.810 [reactor-http-nio-4] DEBUG reactor.netty.ReactorNetty - [id: 0xcbaa31af, L:/127.0.0.1:64996 - R:localhost/127.0.0.1:8080] Added decoder [ReadTimeoutHandler] at the end of the user pipeline, full pipeline: [reactor.left.httpCodec, ReadTimeoutHandler, reactor.right.reactiveBridge, DefaultChannelPipeline$TailContext#0]
13:18:32.810 [reactor-http-nio-4] DEBUG reactor.netty.ReactorNetty - [id: 0xcbaa31af, L:/127.0.0.1:64996 - R:localhost/127.0.0.1:8080] Added decoder [WriteTimeoutHandler] at the end of the user pipeline, full pipeline: [reactor.left.httpCodec, ReadTimeoutHandler, WriteTimeoutHandler, reactor.right.reactiveBridge, DefaultChannelPipeline$TailContext#0]
13:18:32.810 [reactor-http-nio-4] DEBUG reactor.netty.http.client.HttpClientConnect - [id: 0xcbaa31af, L:/127.0.0.1:64996 - R:localhost/127.0.0.1:8080] Handler is being applied: {uri=http://localhost:8080/api/v0/components/provision-adapters/awx, method=GET}
13:18:32.811 [reactor-http-nio-4] DEBUG reactor.netty.resources.PooledConnectionProvider - [id: 0xcbaa31af, L:/127.0.0.1:64996 - R:localhost/127.0.0.1:8080] onStateChange(GET{uri=/api/v0/components/provision-adapters/awx, connection=PooledConnection{channel=[id: 0xcbaa31af, L:/127.0.0.1:64996 - R:localhost/127.0.0.1:8080]}}, [request_prepared])
13:18:32.812 [qtp1108502178-70] DEBUG org.eclipse.jetty.io.ManagedSelector - Selector sun.nio.ch.WindowsSelectorImpl@7fe0685e woken up from select, 1/1/1 selected
13:18:32.812 [qtp1108502178-70] DEBUG org.eclipse.jetty.io.ManagedSelector - Selector sun.nio.ch.WindowsSelectorImpl@7fe0685e processing 1 keys, 0 updates
13:18:32.812 [qtp1108502178-70] DEBUG org.eclipse.jetty.io.ManagedSelector - selected 1 channel=java.nio.channels.SocketChannel[connected local=/127.0.0.1:8080 remote=/127.0.0.1:64996], selector=sun.nio.ch.WindowsSelectorImpl@7fe0685e, interestOps=1, readyOps=1 NetworkTrafficSocketChannelEndPoint@40d68c3d{/127.0.0.1:64996<->/127.0.0.1:8080,OPEN,fill=FI,flush=-,to=1143/30000}{io=1/1,kio=1,kro=1}->HttpConnection@18566bd7[p=HttpParser{s=START,0 of -1},g=HttpGenerator@6c95ab84{s=START}]=>HttpChannelOverHttp@6cb96ec{s=HttpChannelState@3e69d518{s=IDLE rs=BLOCKING os=OPEN is=IDLE awp=false se=false i=true al=0},r=1,c=false/false,a=IDLE,uri=null,age=0} 
13:18:32.812 [qtp1108502178-70] DEBUG org.eclipse.jetty.io.ChannelEndPoint - onSelected 1->0 r=true w=false for NetworkTrafficSocketChannelEndPoint@40d68c3d{/127.0.0.1:64996<->/127.0.0.1:8080,OPEN,fill=FI,flush=-,to=1143/30000}{io=1/0,kio=1,kro=1}->HttpConnection@18566bd7[p=HttpParser{s=START,0 of -1},g=HttpGenerator@6c95ab84{s=START}]=>HttpChannelOverHttp@6cb96ec{s=HttpChannelState@3e69d518{s=IDLE rs=BLOCKING os=OPEN is=IDLE awp=false se=false i=true al=0},r=1,c=false/false,a=IDLE,uri=null,age=0}
13:18:32.812 [reactor-http-nio-4] DEBUG reactor.netty.resources.PooledConnectionProvider - [id: 0xcbaa31af, L:/127.0.0.1:64996 - R:localhost/127.0.0.1:8080] onStateChange(GET{uri=/api/v0/components/provision-adapters/awx, connection=PooledConnection{channel=[id: 0xcbaa31af, L:/127.0.0.1:64996 - R:localhost/127.0.0.1:8080]}}, [request_sent])
13:18:32.812 [qtp1108502178-70] DEBUG org.eclipse.jetty.io.ChannelEndPoint - task CEP:NetworkTrafficSocketChannelEndPoint@40d68c3d{/127.0.0.1:64996<->/127.0.0.1:8080,OPEN,fill=FI,flush=-,to=1144/30000}{io=1/0,kio=1,kro=1}->HttpConnection@18566bd7[p=HttpParser{s=START,0 of -1},g=HttpGenerator@6c95ab84{s=START}]=>HttpChannelOverHttp@6cb96ec{s=HttpChannelState@3e69d518{s=IDLE rs=BLOCKING os=OPEN is=IDLE awp=false se=false i=true al=0},r=1,c=false/false,a=IDLE,uri=null,age=0}:runFillable:BLOCKING
13:18:32.812 [qtp1108502178-70] DEBUG org.eclipse.jetty.util.thread.ReservedThreadExecutor - ReservedThreadExecutor@93479f5{s=1/1,p=0} tryExecute EatWhatYouKill@1f28123a/SelectorProducer@e09e6a1/PRODUCING/p=false/QueuedThreadPool[qtp1108502178]@421266a2{STARTED,8<=8<=14,i=2,r=1,q=0}[ReservedThreadExecutor@93479f5{s=1/1,p=0}][pc=0,pic=0,pec=0,epc=1]@2020-09-25T13:18:32.8121959+02:00
13:18:32.813 [qtp1108502178-70] DEBUG org.eclipse.jetty.util.thread.ReservedThreadExecutor - ReservedThreadExecutor@93479f5{s=0/1,p=0}@5fb878ee offer EatWhatYouKill@1f28123a/SelectorProducer@e09e6a1/PRODUCING/p=false/QueuedThreadPool[qtp1108502178]@421266a2{STARTED,8<=8<=14,i=2,r=1,q=0}[ReservedThreadExecutor@93479f5{s=0/1,p=0}][pc=0,pic=0,pec=0,epc=1]@2020-09-25T13:18:32.8121959+02:00
13:18:32.813 [qtp1108502178-70] DEBUG org.eclipse.jetty.util.thread.ReservedThreadExecutor - ReservedThreadExecutor@93479f5{s=0/1,p=1} startReservedThread p=1
13:18:32.813 [qtp1108502178-70] DEBUG org.eclipse.jetty.util.thread.QueuedThreadPool - queue ReservedThreadExecutor@93479f5{s=0/1,p=1}@648544e4 startThread=0
13:18:32.813 [qtp1108502178-70] DEBUG org.eclipse.jetty.util.thread.strategy.EatWhatYouKill - EatWhatYouKill@1f28123a/SelectorProducer@e09e6a1/IDLE/p=true/QueuedThreadPool[qtp1108502178]@421266a2{STARTED,8<=8<=14,i=1,r=1,q=0}[ReservedThreadExecutor@93479f5{s=0/1,p=1}][pc=0,pic=0,pec=0,epc=1]@2020-09-25T13:18:32.8131961+02:00 m=EXECUTE_PRODUCE_CONSUME t=CEP:NetworkTrafficSocketChannelEndPoint@40d68c3d{/127.0.0.1:64996<->/127.0.0.1:8080,OPEN,fill=FI,flush=-,to=1144/30000}{io=1/0,kio=1,kro=1}->HttpConnection@18566bd7[p=HttpParser{s=START,0 of -1},g=HttpGenerator@6c95ab84{s=START}]=>HttpChannelOverHttp@6cb96ec{s=HttpChannelState@3e69d518{s=IDLE rs=BLOCKING os=OPEN is=IDLE awp=false se=false i=true al=0},r=1,c=false/false,a=IDLE,uri=null,age=0}:runFillable:BLOCKING/BLOCKING
13:18:32.813 [qtp1108502178-65] DEBUG org.eclipse.jetty.util.thread.QueuedThreadPool - run ReservedThreadExecutor@93479f5{s=0/1,p=1}@648544e4 in QueuedThreadPool[qtp1108502178]@421266a2{STARTED,8<=8<=14,i=1,r=1,q=0}[ReservedThreadExecutor@93479f5{s=0/1,p=1}]
13:18:32.813 [qtp1108502178-65] DEBUG org.eclipse.jetty.util.thread.ReservedThreadExecutor - ReservedThreadExecutor@93479f5{s=1/1,p=1}@648544e4 started
13:18:32.813 [qtp1108502178-70] DEBUG org.eclipse.jetty.io.FillInterest - fillable FillInterest@36b33c0c{AC.ReadCB@18566bd7{HttpConnection@18566bd7::NetworkTrafficSocketChannelEndPoint@40d68c3d{/127.0.0.1:64996<->/127.0.0.1:8080,OPEN,fill=FI,flush=-,to=1145/30000}{io=1/0,kio=1,kro=1}->HttpConnection@18566bd7[p=HttpParser{s=START,0 of -1},g=HttpGenerator@6c95ab84{s=START}]=>HttpChannelOverHttp@6cb96ec{s=HttpChannelState@3e69d518{s=IDLE rs=BLOCKING os=OPEN is=IDLE awp=false se=false i=true al=0},r=1,c=false/false,a=IDLE,uri=null,age=0}}}
13:18:32.813 [qtp1108502178-64] DEBUG org.eclipse.jetty.util.thread.ReservedThreadExecutor - ReservedThreadExecutor@93479f5{s=0/1,p=1}@5fb878ee task=EatWhatYouKill@1f28123a/SelectorProducer@e09e6a1/IDLE/p=true/QueuedThreadPool[qtp1108502178]@421266a2{STARTED,8<=8<=14,i=1,r=1,q=0}[ReservedThreadExecutor@93479f5{s=0/1,p=1}][pc=0,pic=0,pec=0,epc=2]@2020-09-25T13:18:32.8131961+02:00
13:18:32.813 [qtp1108502178-70] DEBUG org.eclipse.jetty.server.HttpConnection - HttpConnection@18566bd7::NetworkTrafficSocketChannelEndPoint@40d68c3d{/127.0.0.1:64996<->/127.0.0.1:8080,OPEN,fill=-,flush=-,to=1145/30000}{io=1/0,kio=1,kro=1}->HttpConnection@18566bd7[p=HttpParser{s=START,0 of -1},g=HttpGenerator@6c95ab84{s=START}]=>HttpChannelOverHttp@6cb96ec{s=HttpChannelState@3e69d518{s=IDLE rs=BLOCKING os=OPEN is=IDLE awp=false se=false i=true al=0},r=1,c=false/false,a=IDLE,uri=null,age=0} onFillable enter HttpChannelState@3e69d518{s=IDLE rs=BLOCKING os=OPEN is=IDLE awp=false se=false i=true al=0} null
13:18:32.813 [qtp1108502178-70] DEBUG org.eclipse.jetty.io.ChannelEndPoint - filled 157 HeapByteBuffer@10a99211[p=0,l=157,c=8192,r=157]={<<<GET /api/v0/components/pr...horization: Bearer \r\n\r\n>>> chunked\r...\x00\x00\x00\x00\x00\x00\x00}
13:18:32.813 [qtp1108502178-64] DEBUG org.eclipse.jetty.util.thread.strategy.EatWhatYouKill - EatWhatYouKill@1f28123a/SelectorProducer@e09e6a1/IDLE/p=true/QueuedThreadPool[qtp1108502178]@421266a2{STARTED,8<=8<=14,i=1,r=1,q=0}[ReservedThreadExecutor@93479f5{s=1/1,p=0}][pc=0,pic=0,pec=0,epc=2]@2020-09-25T13:18:32.8131961+02:00 tryProduce true
13:18:32.813 [qtp1108502178-64] DEBUG org.eclipse.jetty.io.ManagedSelector - updateable 0
13:18:32.813 [qtp1108502178-64] DEBUG org.eclipse.jetty.io.ManagedSelector - updates 0
13:18:32.814 [qtp1108502178-64] DEBUG org.eclipse.jetty.io.ChannelEndPoint - Key interests updated 1 -> 0 on NetworkTrafficSocketChannelEndPoint@40d68c3d{/127.0.0.1:64996<->/127.0.0.1:8080,OPEN,fill=-,flush=-,to=0/30000}{io=0/0,kio=0,kro=1}->HttpConnection@18566bd7[p=HttpParser{s=START,0 of -1},g=HttpGenerator@6c95ab84{s=START}]=>HttpChannelOverHttp@6cb96ec{s=HttpChannelState@3e69d518{s=IDLE rs=BLOCKING os=OPEN is=IDLE awp=false se=false i=true al=0},r=1,c=false/false,a=IDLE,uri=null,age=0}
13:18:32.814 [qtp1108502178-64] DEBUG org.eclipse.jetty.io.ManagedSelector - Selector sun.nio.ch.WindowsSelectorImpl@7fe0685e waiting with 1 keys
13:18:32.813 [qtp1108502178-65] DEBUG org.eclipse.jetty.util.thread.ReservedThreadExecutor - ReservedThreadExecutor@93479f5{s=1/1,p=0}@648544e4 waiting
13:18:32.813 [qtp1108502178-70] DEBUG org.eclipse.jetty.server.HttpConnection - HttpConnection@18566bd7::NetworkTrafficSocketChannelEndPoint@40d68c3d{/127.0.0.1:64996<->/127.0.0.1:8080,OPEN,fill=-,flush=-,to=0/30000}{io=1/0,kio=1,kro=1}->HttpConnection@18566bd7[p=HttpParser{s=START,0 of -1},g=HttpGenerator@6c95ab84{s=START}]=>HttpChannelOverHttp@6cb96ec{s=HttpChannelState@3e69d518{s=IDLE rs=BLOCKING os=OPEN is=IDLE awp=false se=false i=true al=0},r=1,c=false/false,a=IDLE,uri=null,age=0} filled 157 HeapByteBuffer@10a99211[p=0,l=157,c=8192,r=157]={<<<GET /api/v0/components/pr...horization: Bearer \r\n\r\n>>> chunked\r...\x00\x00\x00\x00\x00\x00\x00}
13:18:32.814 [qtp1108502178-70] DEBUG org.eclipse.jetty.server.HttpConnection - HttpConnection@18566bd7::NetworkTrafficSocketChannelEndPoint@40d68c3d{/127.0.0.1:64996<->/127.0.0.1:8080,OPEN,fill=-,flush=-,to=0/30000}{io=0/0,kio=0,kro=1}->HttpConnection@18566bd7[p=HttpParser{s=START,0 of -1},g=HttpGenerator@6c95ab84{s=START}]=>HttpChannelOverHttp@6cb96ec{s=HttpChannelState@3e69d518{s=IDLE rs=BLOCKING os=OPEN is=IDLE awp=false se=false i=true al=0},r=1,c=false/false,a=IDLE,uri=null,age=0} parse HeapByteBuffer@10a99211[p=0,l=157,c=8192,r=157]={<<<GET /api/v0/components/pr...horization: Bearer \r\n\r\n>>> chunked\r...\x00\x00\x00\x00\x00\x00\x00} {}
13:18:32.814 [qtp1108502178-70] DEBUG org.eclipse.jetty.http.HttpParser - parseNext s=START HeapByteBuffer@10a99211[p=0,l=157,c=8192,r=157]={<<<GET /api/v0/components/pr...horization: Bearer \r\n\r\n>>> chunked\r...\x00\x00\x00\x00\x00\x00\x00}
13:18:32.814 [qtp1108502178-70] DEBUG org.eclipse.jetty.http.HttpParser - START --> SPACE1
13:18:32.814 [qtp1108502178-70] DEBUG org.eclipse.jetty.http.HttpParser - SPACE1 --> URI
13:18:32.814 [qtp1108502178-70] DEBUG org.eclipse.jetty.http.HttpParser - URI --> SPACE2
13:18:32.814 [qtp1108502178-70] DEBUG org.eclipse.jetty.http.HttpParser - SPACE2 --> REQUEST_VERSION
13:18:32.814 [qtp1108502178-70] DEBUG org.eclipse.jetty.http.HttpParser - REQUEST_VERSION --> HEADER
13:18:32.814 [qtp1108502178-70] DEBUG org.eclipse.jetty.http.HttpParser - HEADER:User-Agent: ReactorNetty/0.9.7.RELEASE --> IN_VALUE
13:18:32.814 [qtp1108502178-70] DEBUG org.eclipse.jetty.http.HttpParser - HEADER:User-Agent: ReactorNetty/0.9.7.RELEASE --> FIELD
13:18:32.814 [qtp1108502178-70] DEBUG org.eclipse.jetty.http.HttpParser - HEADER:Host: localhost:8080 --> IN_VALUE
13:18:32.814 [qtp1108502178-70] DEBUG org.eclipse.jetty.http.HttpParser - HEADER:Host: localhost:8080 --> FIELD
13:18:32.814 [qtp1108502178-70] DEBUG org.eclipse.jetty.http.HttpParser - HEADER:Accept: */* --> IN_VALUE
13:18:32.814 [qtp1108502178-70] DEBUG org.eclipse.jetty.http.HttpParser - HEADER:Accept: */* --> FIELD
13:18:32.814 [qtp1108502178-70] DEBUG org.eclipse.jetty.http.HttpParser - HEADER:Authorization --> IN_VALUE
13:18:32.814 [qtp1108502178-70] DEBUG org.eclipse.jetty.http.HttpParser - HEADER:Authorization --> FIELD
13:18:32.814 [qtp1108502178-70] DEBUG org.eclipse.jetty.http.HttpParser - HEADER --> CONTENT
13:18:32.814 [qtp1108502178-70] DEBUG org.eclipse.jetty.server.HttpChannel - REQUEST for //localhost:8080/api/v0/components/provision-adapters/awx on HttpChannelOverHttp@6cb96ec{s=HttpChannelState@3e69d518{s=IDLE rs=BLOCKING os=OPEN is=IDLE awp=false se=false i=true al=0},r=2,c=false/false,a=IDLE,uri=//localhost:8080/api/v0/components/provision-adapters/awx,age=0}
GET //localhost:8080/api/v0/components/provision-adapters/awx HTTP/1.1
User-Agent: ReactorNetty/0.9.7.RELEASE
Host: localhost:8080
Accept: */*
Authorization: Bearer


13:18:32.814 [qtp1108502178-70] DEBUG org.eclipse.jetty.server.HttpConnection - HttpConnection@18566bd7::NetworkTrafficSocketChannelEndPoint@40d68c3d{/127.0.0.1:64996<->/127.0.0.1:8080,OPEN,fill=-,flush=-,to=1/30000}{io=0/0,kio=0,kro=1}->HttpConnection@18566bd7[p=HttpParser{s=CONTENT,0 of -1},g=HttpGenerator@6c95ab84{s=START}]=>HttpChannelOverHttp@6cb96ec{s=HttpChannelState@3e69d518{s=IDLE rs=BLOCKING os=OPEN is=IDLE awp=false se=false i=true al=0},r=2,c=false/false,a=IDLE,uri=//localhost:8080/api/v0/components/provision-adapters/awx,age=0} parsed true HttpParser{s=CONTENT,0 of -1}
13:18:32.815 [qtp1108502178-70] DEBUG org.eclipse.jetty.server.HttpConnection - releaseRequestBuffer HttpConnection@18566bd7::NetworkTrafficSocketChannelEndPoint@40d68c3d{/127.0.0.1:64996<->/127.0.0.1:8080,OPEN,fill=-,flush=-,to=1/30000}{io=0/0,kio=0,kro=1}->HttpConnection@18566bd7[p=HttpParser{s=CONTENT,0 of -1},g=HttpGenerator@6c95ab84{s=START}]=>HttpChannelOverHttp@6cb96ec{s=HttpChannelState@3e69d518{s=IDLE rs=BLOCKING os=OPEN is=IDLE awp=false se=false i=true al=0},r=2,c=false/false,a=IDLE,uri=//localhost:8080/api/v0/components/provision-adapters/awx,age=1}
13:18:32.815 [qtp1108502178-70] DEBUG org.eclipse.jetty.server.HttpChannel - handle //localhost:8080/api/v0/components/provision-adapters/awx HttpChannelOverHttp@6cb96ec{s=HttpChannelState@3e69d518{s=IDLE rs=BLOCKING os=OPEN is=IDLE awp=false se=false i=true al=0},r=2,c=false/false,a=IDLE,uri=//localhost:8080/api/v0/components/provision-adapters/awx,age=1} 
13:18:32.815 [qtp1108502178-70] DEBUG org.eclipse.jetty.server.HttpChannelState - handling HttpChannelState@3e69d518{s=IDLE rs=BLOCKING os=OPEN is=IDLE awp=false se=false i=true al=0}
13:18:32.815 [qtp1108502178-70] DEBUG org.eclipse.jetty.server.HttpChannel - action DISPATCH HttpChannelOverHttp@6cb96ec{s=HttpChannelState@3e69d518{s=HANDLING rs=BLOCKING os=OPEN is=IDLE awp=false se=false i=true al=0},r=2,c=false/false,a=HANDLING,uri=//localhost:8080/api/v0/components/provision-adapters/awx,age=1}
13:18:32.815 [qtp1108502178-70] DEBUG org.eclipse.jetty.server.Server - REQUEST GET /api/v0/components/provision-adapters/awx on HttpChannelOverHttp@6cb96ec{s=HttpChannelState@3e69d518{s=HANDLING rs=BLOCKING os=OPEN is=IDLE awp=false se=false i=true al=0},r=2,c=false/false,a=HANDLING,uri=//localhost:8080/api/v0/components/provision-adapters/awx,age=1}
13:18:32.815 [qtp1108502178-70] DEBUG org.eclipse.jetty.server.handler.ContextHandler - scope null||/api/v0/components/provision-adapters/awx @ o.e.j.s.ServletContextHandler@2f1e63de{/__admin,null,AVAILABLE}
13:18:32.815 [qtp1108502178-70] DEBUG org.eclipse.jetty.server.handler.gzip.GzipHandler - GzipHandler@5d9ee9b4{STARTED,min=32,inflate=-1} handle Request(GET //localhost:8080/api/v0/components/provision-adapters/awx)@301a83e9 in null
13:18:32.815 [qtp1108502178-70] DEBUG org.eclipse.jetty.server.handler.ContextHandler - scope null||/api/v0/components/provision-adapters/awx @ o.e.j.s.ServletContextHandler@1727dcb3{/,null,AVAILABLE}
13:18:32.815 [qtp1108502178-70] DEBUG org.eclipse.jetty.server.handler.ContextHandler - context=||/api/v0/components/provision-adapters/awx @ o.e.j.s.ServletContextHandler@1727dcb3{/,null,AVAILABLE}
13:18:32.816 [qtp1108502178-70] DEBUG org.eclipse.jetty.servlet.ServletHandler - servlet |/api/v0/components/provision-adapters/awx|null -> com.github.tomakehurst.wiremock.servlet.WireMockHandlerDispatchingServlet-1a9d23e8@b29cf05d==com.github.tomakehurst.wiremock.servlet.WireMockHandlerDispatchingServlet,jsp=null,order=-1,inst=true,async=true
13:18:32.816 [qtp1108502178-70] DEBUG org.eclipse.jetty.servlet.ServletHandler - chain=org.eclipse.jetty.servlets.CrossOriginFilter-27485e7d@27485e7d==org.eclipse.jetty.servlets.CrossOriginFilter,inst=true,async=true->com.github.tomakehurst.wiremock.servlet.WireMockHandlerDispatchingServlet-1a9d23e8@b29cf05d==com.github.tomakehurst.wiremock.servlet.WireMockHandlerDispatchingServlet,jsp=null,order=-1,inst=true,async=true
13:18:32.816 [qtp1108502178-70] DEBUG org.eclipse.jetty.servlet.ServletHandler - call filter org.eclipse.jetty.servlets.CrossOriginFilter-27485e7d@27485e7d==org.eclipse.jetty.servlets.CrossOriginFilter,inst=true,async=true
13:18:32.816 [qtp1108502178-70] DEBUG org.eclipse.jetty.servlet.ServletHandler - call servlet com.github.tomakehurst.wiremock.servlet.WireMockHandlerDispatchingServlet-1a9d23e8@b29cf05d==com.github.tomakehurst.wiremock.servlet.WireMockHandlerDispatchingServlet,jsp=null,order=-1,inst=true,async=true
13:18:32.816 [qtp1108502178-70] DEBUG org.eclipse.jetty.io.ChannelEndPoint - filled 0 HeapByteBuffer@10a99211[p=0,l=0,c=8192,r=0]={<<<>>>GET /api/...\x00\x00\x00\x00\x00\x00\x00}
13:18:32.816 [qtp1108502178-70] DEBUG org.eclipse.jetty.io.ChannelEndPoint - filled 0 HeapByteBuffer@10a99211[p=0,l=0,c=8192,r=0]={<<<>>>GET /api/...\x00\x00\x00\x00\x00\x00\x00}
13:18:32.816 [qtp1108502178-70] DEBUG org.eclipse.jetty.server.HttpConnection - HttpConnection@18566bd7::NetworkTrafficSocketChannelEndPoint@40d68c3d{/127.0.0.1:64996<->/127.0.0.1:8080,OPEN,fill=-,flush=-,to=3/30000}{io=0/0,kio=0,kro=1}->HttpConnection@18566bd7[p=HttpParser{s=CONTENT,0 of -1},g=HttpGenerator@6c95ab84{s=START}]=>HttpChannelOverHttp@6cb96ec{s=HttpChannelState@3e69d518{s=HANDLING rs=BLOCKING os=OPEN is=IDLE awp=false se=false i=true al=0},r=2,c=false/false,a=HANDLING,uri=//localhost:8080/api/v0/components/provision-adapters/awx,age=2} filled 0 HeapByteBuffer@10a99211[p=0,l=0,c=8192,r=0]={<<<>>>GET /api/...\x00\x00\x00\x00\x00\x00\x00}
13:18:32.816 [qtp1108502178-70] DEBUG org.eclipse.jetty.server.HttpConnection - HttpConnection@18566bd7::NetworkTrafficSocketChannelEndPoint@40d68c3d{/127.0.0.1:64996<->/127.0.0.1:8080,OPEN,fill=-,flush=-,to=3/30000}{io=0/0,kio=0,kro=1}->HttpConnection@18566bd7[p=HttpParser{s=CONTENT,0 of -1},g=HttpGenerator@6c95ab84{s=START}]=>HttpChannelOverHttp@6cb96ec{s=HttpChannelState@3e69d518{s=HANDLING rs=BLOCKING os=OPEN is=IDLE awp=false se=false i=true al=0},r=2,c=false/false,a=HANDLING,uri=//localhost:8080/api/v0/components/provision-adapters/awx,age=2} parse HeapByteBuffer@10a99211[p=0,l=0,c=8192,r=0]={<<<>>>GET /api/...\x00\x00\x00\x00\x00\x00\x00} {}
13:18:32.816 [qtp1108502178-70] DEBUG org.eclipse.jetty.http.HttpParser - parseNext s=CONTENT HeapByteBuffer@10a99211[p=0,l=0,c=8192,r=0]={<<<>>>GET /api/...\x00\x00\x00\x00\x00\x00\x00}
13:18:32.817 [qtp1108502178-70] DEBUG org.eclipse.jetty.http.HttpParser - CONTENT --> CONTENT_END
13:18:32.817 [qtp1108502178-70] DEBUG org.eclipse.jetty.server.HttpChannel - onContentComplete HttpChannelOverHttp@6cb96ec{s=HttpChannelState@3e69d518{s=HANDLING rs=BLOCKING os=OPEN is=IDLE awp=false se=false i=true al=0},r=2,c=false/false,a=HANDLING,uri=//localhost:8080/api/v0/components/provision-adapters/awx,age=3}
13:18:32.817 [qtp1108502178-70] DEBUG org.eclipse.jetty.http.HttpParser - CONTENT_END --> END
13:18:32.817 [qtp1108502178-70] DEBUG org.eclipse.jetty.server.HttpChannel - onRequestComplete HttpChannelOverHttp@6cb96ec{s=HttpChannelState@3e69d518{s=HANDLING rs=BLOCKING os=OPEN is=IDLE awp=false se=false i=true al=0},r=2,c=false/false,a=HANDLING,uri=//localhost:8080/api/v0/components/provision-adapters/awx,age=3}
13:18:32.817 [qtp1108502178-70] DEBUG org.eclipse.jetty.server.HttpInput - HttpInputOverHTTP@160d66f[c=0,q=0,[0]=null,s=STREAM] addContent EOF
13:18:32.817 [qtp1108502178-70] DEBUG org.eclipse.jetty.server.HttpConnection - HttpConnection@18566bd7::NetworkTrafficSocketChannelEndPoint@40d68c3d{/127.0.0.1:64996<->/127.0.0.1:8080,OPEN,fill=-,flush=-,to=3/30000}{io=0/0,kio=0,kro=1}->HttpConnection@18566bd7[p=HttpParser{s=END,0 of -1},g=HttpGenerator@6c95ab84{s=START}]=>HttpChannelOverHttp@6cb96ec{s=HttpChannelState@3e69d518{s=HANDLING rs=BLOCKING os=OPEN is=IDLE awp=false se=false i=true al=0},r=2,c=false/false,a=HANDLING,uri=//localhost:8080/api/v0/components/provision-adapters/awx,age=3} parsed false HttpParser{s=END,0 of -1}
13:18:32.817 [qtp1108502178-70] DEBUG org.eclipse.jetty.server.HttpConnection - releaseRequestBuffer HttpConnection@18566bd7::NetworkTrafficSocketChannelEndPoint@40d68c3d{/127.0.0.1:64996<->/127.0.0.1:8080,OPEN,fill=-,flush=-,to=3/30000}{io=0/0,kio=0,kro=1}->HttpConnection@18566bd7[p=HttpParser{s=END,0 of -1},g=HttpGenerator@6c95ab84{s=START}]=>HttpChannelOverHttp@6cb96ec{s=HttpChannelState@3e69d518{s=HANDLING rs=BLOCKING os=OPEN is=IDLE awp=false se=false i=true al=0},r=2,c=false/false,a=HANDLING,uri=//localhost:8080/api/v0/components/provision-adapters/awx,age=3}
13:18:32.817 [qtp1108502178-70] DEBUG org.eclipse.jetty.server.HttpChannelState - onEof HttpChannelState@3e69d518{s=HANDLING rs=BLOCKING os=OPEN is=IDLE awp=false se=false i=true al=0}
13:18:32.819 [qtp1108502178-70] DEBUG org.eclipse.jetty.server.handler.gzip.GzipHttpOutputInterceptor - org.eclipse.jetty.server.handler.gzip.GzipHttpOutputInterceptor@1c0525e4 exclude by status 401
13:18:32.819 [qtp1108502178-70] DEBUG org.eclipse.jetty.server.HttpChannel - sendResponse info=null content=HeapByteBuffer@137d328[p=0,l=0,c=0,r=0]={<<<>>>} complete=false committing=true callback=Blocker@50357ca6{null}
13:18:32.819 [qtp1108502178-70] DEBUG org.eclipse.jetty.server.HttpChannel - COMMIT for /api/v0/components/provision-adapters/awx on HttpChannelOverHttp@6cb96ec{s=HttpChannelState@3e69d518{s=HANDLING rs=BLOCKING os=COMMITTED is=READY awp=false se=false i=true al=0},r=2,c=false/false,a=HANDLING,uri=//localhost:8080/api/v0/components/provision-adapters/awx,age=5}
401 null HTTP/1.1
Matched-Stub-Id: 114ac421-5127-4729-9cbe-0d7159609aef


13:18:32.819 [qtp1108502178-70] DEBUG org.eclipse.jetty.server.HttpConnection - generate: NEED_HEADER for org.eclipse.jetty.server.HttpConnection$SendCallback@39610453[PROCESSING][i=HTTP/1.1{s=401,h=1,cl=-1},cb=org.eclipse.jetty.server.HttpChannel$SendCallback@37b95d1c] (null,[p=0,l=0,c=0,r=0],false)@START
13:18:32.819 [qtp1108502178-70] DEBUG org.eclipse.jetty.http.HttpGenerator - generateHeaders HTTP/1.1{s=401,h=1,cl=-1} last=false content=HeapByteBuffer@137d328[p=0,l=0,c=0,r=0]={<<<>>>}
13:18:32.819 [qtp1108502178-70] DEBUG org.eclipse.jetty.http.HttpGenerator - Matched-Stub-Id: 114ac421-5127-4729-9cbe-0d7159609aef


13:18:32.819 [qtp1108502178-70] DEBUG org.eclipse.jetty.http.HttpGenerator - CHUNKED_CONTENT
13:18:32.819 [qtp1108502178-70] DEBUG org.eclipse.jetty.server.HttpConnection - generate: FLUSH for org.eclipse.jetty.server.HttpConnection$SendCallback@39610453[PROCESSING][i=HTTP/1.1{s=401,h=1,cl=-1},cb=org.eclipse.jetty.server.HttpChannel$SendCallback@37b95d1c] ([p=0,l=145,c=8192,r=145],[p=0,l=0,c=0,r=0],false)@COMMITTED
13:18:32.819 [qtp1108502178-70] DEBUG org.eclipse.jetty.io.WriteFlusher - write: WriteFlusher@2fd05922{IDLE}->null [HeapByteBuffer@10a99211[p=0,l=145,c=8192,r=145]={<<<HTTP/1.1 401 Unauthorized...y(9.4.28.v20200408)\r\n\r\n>>> Bearer \r...\x00\x00\x00\x00\x00\x00\x00}]
13:18:32.819 [qtp1108502178-70] DEBUG org.eclipse.jetty.io.WriteFlusher - update WriteFlusher@2fd05922{WRITING}->null:IDLE-->WRITING
13:18:32.820 [qtp1108502178-70] DEBUG org.eclipse.jetty.io.ChannelEndPoint - flushed 145 NetworkTrafficSocketChannelEndPoint@40d68c3d{/127.0.0.1:64996<->/127.0.0.1:8080,OPEN,fill=-,flush=W,to=6/30000}{io=0/0,kio=0,kro=1}->HttpConnection@18566bd7[p=HttpParser{s=END,0 of -1},g=HttpGenerator@6c95ab84{s=COMMITTED}]=>HttpChannelOverHttp@6cb96ec{s=HttpChannelState@3e69d518{s=HANDLING rs=BLOCKING os=COMMITTED is=READY awp=false se=false i=true al=0},r=2,c=false/false,a=HANDLING,uri=//localhost:8080/api/v0/components/provision-adapters/awx,age=6}
13:18:32.820 [qtp1108502178-70] DEBUG org.eclipse.jetty.io.WriteFlusher - Flushed=true written=145 remaining=0 WriteFlusher@2fd05922{WRITING}->null
13:18:32.820 [qtp1108502178-70] DEBUG org.eclipse.jetty.io.WriteFlusher - update WriteFlusher@2fd05922{IDLE}->null:WRITING-->IDLE
13:18:32.820 [qtp1108502178-70] DEBUG org.eclipse.jetty.server.HttpConnection - generate: DONE for org.eclipse.jetty.server.HttpConnection$SendCallback@39610453[PROCESSING][i=HTTP/1.1{s=401,h=1,cl=-1},cb=org.eclipse.jetty.server.HttpChannel$SendCallback@37b95d1c] ([p=145,l=145,c=8192,r=0],[p=0,l=0,c=0,r=0],false)@COMMITTED
13:18:32.820 [qtp1108502178-70] DEBUG org.eclipse.jetty.server.HttpOutput - onWriteComplete(false,null) s=OPEN,api=BLOCKED,sc=false,e=null->s=OPEN,api=BLOCKING,sc=false,e=null c=null cb=null w=false
13:18:32.820 [qtp1108502178-70] DEBUG org.eclipse.jetty.server.HttpOutput - close() s=CLOSING,api=BLOCKED,sc=false,e=null c=HeapByteBuffer@137d328[p=0,l=0,c=0,r=0]={<<<>>>} b=Blocker@50357ca6{null}
13:18:32.820 [qtp1108502178-70] DEBUG org.eclipse.jetty.server.HttpChannel - sendResponse info=null content=HeapByteBuffer@137d328[p=0,l=0,c=0,r=0]={<<<>>>} complete=true committing=false callback=Blocker@50357ca6{null}
13:18:32.820 [qtp1108502178-70] DEBUG org.eclipse.jetty.server.HttpConnection - generate: CONTINUE for org.eclipse.jetty.server.HttpConnection$SendCallback@39610453[PROCESSING][i=null,cb=org.eclipse.jetty.server.HttpChannel$SendCallback@414c01f] (null,[p=0,l=0,c=0,r=0],true)@COMPLETING
13:18:32.820 [qtp1108502178-70] DEBUG org.eclipse.jetty.server.HttpConnection - generate: NEED_CHUNK for org.eclipse.jetty.server.HttpConnection$SendCallback@39610453[PROCESSING][i=null,cb=org.eclipse.jetty.server.HttpChannel$SendCallback@414c01f] (null,[p=0,l=0,c=0,r=0],true)@COMPLETING
13:18:32.820 [qtp1108502178-70] DEBUG org.eclipse.jetty.server.HttpConnection - generate: FLUSH for org.eclipse.jetty.server.HttpConnection$SendCallback@39610453[PROCESSING][i=null,cb=org.eclipse.jetty.server.HttpChannel$SendCallback@414c01f] (null,[p=0,l=0,c=0,r=0],true)@COMPLETING
13:18:32.820 [qtp1108502178-70] DEBUG org.eclipse.jetty.io.WriteFlusher - write: WriteFlusher@2fd05922{IDLE}->null [HeapByteBuffer@7d10bd05[p=0,l=5,c=1024,r=5]={<<<0\r\n\r\n>>>\r\n\x00\x00\x00\x00\x00\x00\x00...\x00\x00\x00\x00\x00\x00\x00}]
13:18:32.820 [qtp1108502178-70] DEBUG org.eclipse.jetty.io.WriteFlusher - update WriteFlusher@2fd05922{WRITING}->null:IDLE-->WRITING
13:18:32.820 [reactor-http-nio-4] DEBUG reactor.netty.http.client.HttpClientOperations - [id: 0xcbaa31af, L:/127.0.0.1:64996 - R:localhost/127.0.0.1:8080] Received response (auto-read:false) : [Matched-Stub-Id=114ac421-5127-4729-9cbe-0d7159609aef, Transfer-Encoding=chunked, Server=Jetty(9.4.28.v20200408)]
13:18:32.820 [reactor-http-nio-4] DEBUG reactor.netty.resources.PooledConnectionProvider - [id: 0xcbaa31af, L:/127.0.0.1:64996 - R:localhost/127.0.0.1:8080] onStateChange(GET{uri=/api/v0/components/provision-adapters/awx, connection=PooledConnection{channel=[id: 0xcbaa31af, L:/127.0.0.1:64996 - R:localhost/127.0.0.1:8080]}}, [response_received])
13:18:32.820 [qtp1108502178-70] DEBUG org.eclipse.jetty.io.ChannelEndPoint - flushed 5 NetworkTrafficSocketChannelEndPoint@40d68c3d{/127.0.0.1:64996<->/127.0.0.1:8080,OPEN,fill=-,flush=W,to=0/30000}{io=0/0,kio=0,kro=1}->HttpConnection@18566bd7[p=HttpParser{s=END,0 of -1},g=HttpGenerator@6c95ab84{s=COMPLETING}]=>HttpChannelOverHttp@6cb96ec{s=HttpChannelState@3e69d518{s=HANDLING rs=BLOCKING os=COMMITTED is=READY awp=false se=false i=true al=0},r=2,c=false/false,a=HANDLING,uri=//localhost:8080/api/v0/components/provision-adapters/awx,age=6}
13:18:32.820 [qtp1108502178-70] DEBUG org.eclipse.jetty.io.WriteFlusher - Flushed=true written=5 remaining=0 WriteFlusher@2fd05922{WRITING}->null
13:18:32.820 [reactor-http-nio-4] DEBUG org.springframework.web.reactive.function.client.ExchangeFunctions - [59b194d9] Response 401 UNAUTHORIZED
13:18:32.820 [qtp1108502178-70] DEBUG org.eclipse.jetty.io.WriteFlusher - update WriteFlusher@2fd05922{IDLE}->null:WRITING-->IDLE
13:18:32.820 [qtp1108502178-70] DEBUG org.eclipse.jetty.server.HttpConnection - generate: DONE for org.eclipse.jetty.server.HttpConnection$SendCallback@39610453[PROCESSING][i=null,cb=org.eclipse.jetty.server.HttpChannel$SendCallback@414c01f] (null,[p=0,l=0,c=0,r=0],true)@END
13:18:32.821 [qtp1108502178-70] DEBUG org.eclipse.jetty.server.HttpOutput - onWriteComplete(true,null) s=CLOSING,api=BLOCKED,sc=false,e=null->s=CLOSED,api=BLOCKING,sc=false,e=null c=null cb=null w=false
13:18:32.821 [qtp1108502178-70] DEBUG org.eclipse.jetty.server.Server - handled=true async=false committed=true on HttpChannelOverHttp@6cb96ec{s=HttpChannelState@3e69d518{s=HANDLING rs=BLOCKING os=COMPLETED is=READY awp=false se=false i=true al=0},r=2,c=false/true,a=HANDLING,uri=//localhost:8080/api/v0/components/provision-adapters/awx,age=7}
13:18:32.821 [qtp1108502178-70] DEBUG org.eclipse.jetty.server.HttpChannelState - unhandle HttpChannelState@3e69d518{s=HANDLING rs=BLOCKING os=COMPLETED is=READY awp=false se=false i=true al=0}
13:18:32.821 [qtp1108502178-70] DEBUG org.eclipse.jetty.server.HttpChannelState - nextAction(false) COMPLETE HttpChannelState@3e69d518{s=HANDLING rs=COMPLETING os=COMPLETED is=READY awp=false se=false i=false al=0}
13:18:32.821 [qtp1108502178-70] DEBUG org.eclipse.jetty.server.HttpChannel - action COMPLETE HttpChannelOverHttp@6cb96ec{s=HttpChannelState@3e69d518{s=HANDLING rs=COMPLETING os=COMPLETED is=READY awp=false se=false i=false al=0},r=2,c=false/true,a=HANDLING,uri=//localhost:8080/api/v0/components/provision-adapters/awx,age=7}
13:18:32.821 [qtp1108502178-70] DEBUG org.eclipse.jetty.server.HttpOutput - complete(org.eclipse.jetty.util.Callback$4@4af8061d) s=CLOSED,api=BLOCKING,sc=false,e=null s=true e=null, c=null
13:18:32.821 [qtp1108502178-70] DEBUG org.eclipse.jetty.server.HttpChannelState - completed HttpChannelState@3e69d518{s=HANDLING rs=COMPLETING os=COMPLETED is=READY awp=false se=false i=false al=0}
13:18:32.821 [qtp1108502178-70] DEBUG org.eclipse.jetty.server.HttpChannelState - unhandle HttpChannelState@3e69d518{s=HANDLING rs=COMPLETED os=COMPLETED is=READY awp=false se=false i=false al=0}
13:18:32.821 [qtp1108502178-70] DEBUG org.eclipse.jetty.server.HttpChannelState - nextAction(false) TERMINATED HttpChannelState@3e69d518{s=IDLE rs=COMPLETED os=COMPLETED is=READY awp=false se=false i=false al=0}
13:18:32.821 [qtp1108502178-70] DEBUG org.eclipse.jetty.server.HttpChannel - action TERMINATED HttpChannelOverHttp@6cb96ec{s=HttpChannelState@3e69d518{s=IDLE rs=COMPLETED os=COMPLETED is=READY awp=false se=false i=false al=0},r=2,c=true/true,a=IDLE,uri=//localhost:8080/api/v0/components/provision-adapters/awx,age=7}
13:18:32.821 [qtp1108502178-70] DEBUG org.eclipse.jetty.server.HttpChannel - onCompleted for /api/v0/components/provision-adapters/awx written=0
13:18:32.821 [qtp1108502178-70] DEBUG org.eclipse.jetty.server.HttpChannelState - recycle HttpChannelState@3e69d518{s=IDLE rs=COMPLETED os=COMPLETED is=READY awp=false se=false i=false al=0}
13:18:32.821 [qtp1108502178-70] DEBUG org.eclipse.jetty.http.HttpParser - reset HttpParser{s=END,0 of -1}
13:18:32.821 [qtp1108502178-70] DEBUG org.eclipse.jetty.http.HttpParser - END --> START
13:18:32.821 [qtp1108502178-70] DEBUG org.eclipse.jetty.server.HttpChannel - !handle TERMINATED HttpChannelOverHttp@6cb96ec{s=HttpChannelState@3e69d518{s=IDLE rs=BLOCKING os=OPEN is=IDLE awp=false se=false i=true al=0},r=2,c=false/false,a=IDLE,uri=null,age=0}
13:18:32.821 [qtp1108502178-70] DEBUG org.eclipse.jetty.io.ChannelEndPoint - filled 0 HeapByteBuffer@10a99211[p=0,l=0,c=8192,r=0]={<<<>>>HTTP/1.1 ...\x00\x00\x00\x00\x00\x00\x00}
13:18:32.821 [reactor-http-nio-4] DEBUG reactor.netty.channel.FluxReceive - [id: 0xcbaa31af, L:/127.0.0.1:64996 - R:localhost/127.0.0.1:8080] Subscribing inbound receiver [pending: 0, cancelled:false, inboundDone: false]
13:18:32.821 [qtp1108502178-70] DEBUG org.eclipse.jetty.io.ChannelEndPoint - filled 0 HeapByteBuffer@10a99211[p=0,l=0,c=8192,r=0]={<<<>>>HTTP/1.1 ...\x00\x00\x00\x00\x00\x00\x00}
13:18:32.821 [qtp1108502178-70] DEBUG org.eclipse.jetty.server.HttpConnection - HttpConnection@18566bd7::NetworkTrafficSocketChannelEndPoint@40d68c3d{/127.0.0.1:64996<->/127.0.0.1:8080,OPEN,fill=-,flush=-,to=0/30000}{io=0/0,kio=0,kro=1}->HttpConnection@18566bd7[p=HttpParser{s=START,0 of -1},g=HttpGenerator@6c95ab84{s=START}]=>HttpChannelOverHttp@6cb96ec{s=HttpChannelState@3e69d518{s=IDLE rs=BLOCKING os=OPEN is=IDLE awp=false se=false i=true al=0},r=2,c=false/false,a=IDLE,uri=null,age=0} filled 0 HeapByteBuffer@10a99211[p=0,l=0,c=8192,r=0]={<<<>>>HTTP/1.1 ...\x00\x00\x00\x00\x00\x00\x00}
13:18:32.821 [qtp1108502178-70] DEBUG org.eclipse.jetty.server.HttpConnection - HttpConnection@18566bd7::NetworkTrafficSocketChannelEndPoint@40d68c3d{/127.0.0.1:64996<->/127.0.0.1:8080,OPEN,fill=-,flush=-,to=1/30000}{io=0/0,kio=0,kro=1}->HttpConnection@18566bd7[p=HttpParser{s=START,0 of -1},g=HttpGenerator@6c95ab84{s=START}]=>HttpChannelOverHttp@6cb96ec{s=HttpChannelState@3e69d518{s=IDLE rs=BLOCKING os=OPEN is=IDLE awp=false se=false i=true al=0},r=2,c=false/false,a=IDLE,uri=null,age=0} parse HeapByteBuffer@10a99211[p=0,l=0,c=8192,r=0]={<<<>>>HTTP/1.1 ...\x00\x00\x00\x00\x00\x00\x00} {}
13:18:32.821 [qtp1108502178-70] DEBUG org.eclipse.jetty.http.HttpParser - parseNext s=START HeapByteBuffer@10a99211[p=0,l=0,c=8192,r=0]={<<<>>>HTTP/1.1 ...\x00\x00\x00\x00\x00\x00\x00}
13:18:32.821 [qtp1108502178-70] DEBUG org.eclipse.jetty.server.HttpConnection - HttpConnection@18566bd7::NetworkTrafficSocketChannelEndPoint@40d68c3d{/127.0.0.1:64996<->/127.0.0.1:8080,OPEN,fill=-,flush=-,to=1/30000}{io=0/0,kio=0,kro=1}->HttpConnection@18566bd7[p=HttpParser{s=START,0 of -1},g=HttpGenerator@6c95ab84{s=START}]=>HttpChannelOverHttp@6cb96ec{s=HttpChannelState@3e69d518{s=IDLE rs=BLOCKING os=OPEN is=IDLE awp=false se=false i=true al=0},r=2,c=false/false,a=IDLE,uri=null,age=0} parsed false HttpParser{s=START,0 of -1}
13:18:32.822 [qtp1108502178-70] DEBUG org.eclipse.jetty.server.HttpConnection - releaseRequestBuffer HttpConnection@18566bd7::NetworkTrafficSocketChannelEndPoint@40d68c3d{/127.0.0.1:64996<->/127.0.0.1:8080,OPEN,fill=-,flush=-,to=1/30000}{io=0/0,kio=0,kro=1}->HttpConnection@18566bd7[p=HttpParser{s=START,0 of -1},g=HttpGenerator@6c95ab84{s=START}]=>HttpChannelOverHttp@6cb96ec{s=HttpChannelState@3e69d518{s=IDLE rs=BLOCKING os=OPEN is=IDLE awp=false se=false i=true al=0},r=2,c=false/false,a=IDLE,uri=null,age=0}
13:18:32.822 [qtp1108502178-70] DEBUG org.eclipse.jetty.io.AbstractConnection - fillInterested HttpConnection@18566bd7::NetworkTrafficSocketChannelEndPoint@40d68c3d{/127.0.0.1:64996<->/127.0.0.1:8080,OPEN,fill=-,flush=-,to=1/30000}{io=0/0,kio=0,kro=1}->HttpConnection@18566bd7[p=HttpParser{s=START,0 of -1},g=HttpGenerator@6c95ab84{s=START}]=>HttpChannelOverHttp@6cb96ec{s=HttpChannelState@3e69d518{s=IDLE rs=BLOCKING os=OPEN is=IDLE awp=false se=false i=true al=0},r=2,c=false/false,a=IDLE,uri=null,age=0}
13:18:32.822 [qtp1108502178-70] DEBUG org.eclipse.jetty.io.FillInterest - interested FillInterest@36b33c0c{AC.ReadCB@18566bd7{HttpConnection@18566bd7::NetworkTrafficSocketChannelEndPoint@40d68c3d{/127.0.0.1:64996<->/127.0.0.1:8080,OPEN,fill=FI,flush=-,to=0/30000}{io=0/0,kio=0,kro=1}->HttpConnection@18566bd7[p=HttpParser{s=START,0 of -1},g=HttpGenerator@6c95ab84{s=START}]=>HttpChannelOverHttp@6cb96ec{s=HttpChannelState@3e69d518{s=IDLE rs=BLOCKING os=OPEN is=IDLE awp=false se=false i=true al=0},r=2,c=false/false,a=IDLE,uri=null,age=0}}}
13:18:32.822 [reactor-http-nio-4] DEBUG reactor.netty.http.client.HttpClientOperations - [id: 0xcbaa31af, L:/127.0.0.1:64996 - R:localhost/127.0.0.1:8080] Received last HTTP packet
13:18:32.822 [qtp1108502178-70] DEBUG org.eclipse.jetty.io.ChannelEndPoint - changeInterests p=false 0->1 for NetworkTrafficSocketChannelEndPoint@40d68c3d{/127.0.0.1:64996<->/127.0.0.1:8080,OPEN,fill=FI,flush=-,to=0/30000}{io=0/1,kio=0,kro=1}->HttpConnection@18566bd7[p=HttpParser{s=START,0 of -1},g=HttpGenerator@6c95ab84{s=START}]=>HttpChannelOverHttp@6cb96ec{s=HttpChannelState@3e69d518{s=IDLE rs=BLOCKING os=OPEN is=IDLE awp=false se=false i=true al=0},r=2,c=false/false,a=IDLE,uri=null,age=0}
13:18:32.822 [qtp1108502178-70] DEBUG org.eclipse.jetty.io.ManagedSelector - Queued change org.eclipse.jetty.io.ChannelEndPoint$1@4602fed7 on ManagedSelector@6cb7ae41{STARTED} id=0 keys=1 selected=0 updates=0
13:18:32.822 [qtp1108502178-70] DEBUG org.eclipse.jetty.io.ManagedSelector - Wakeup on submit ManagedSelector@6cb7ae41{STARTED} id=0 keys=1 selected=0 updates=1
13:18:32.822 [qtp1108502178-64] DEBUG org.eclipse.jetty.io.ManagedSelector - Selector sun.nio.ch.WindowsSelectorImpl@7fe0685e woken with none selected
13:18:32.822 [qtp1108502178-70] DEBUG org.eclipse.jetty.server.HttpConnection - HttpConnection@18566bd7::NetworkTrafficSocketChannelEndPoint@40d68c3d{/127.0.0.1:64996<->/127.0.0.1:8080,OPEN,fill=FI,flush=-,to=0/30000}{io=0/1,kio=0,kro=1}->HttpConnection@18566bd7[p=HttpParser{s=START,0 of -1},g=HttpGenerator@6c95ab84{s=START}]=>HttpChannelOverHttp@6cb96ec{s=HttpChannelState@3e69d518{s=IDLE rs=BLOCKING os=OPEN is=IDLE awp=false se=false i=true al=0},r=2,c=false/false,a=IDLE,uri=null,age=0} onFillable exit HttpChannelState@3e69d518{s=IDLE rs=BLOCKING os=OPEN is=IDLE awp=false se=false i=true al=0} null
13:18:32.822 [qtp1108502178-64] DEBUG org.eclipse.jetty.io.ManagedSelector - Selector sun.nio.ch.WindowsSelectorImpl@7fe0685e woken up from select, 0/0/1 selected
13:18:32.822 [qtp1108502178-64] DEBUG org.eclipse.jetty.io.ManagedSelector - Selector sun.nio.ch.WindowsSelectorImpl@7fe0685e processing 0 keys, 1 updates
13:18:32.822 [qtp1108502178-70] DEBUG org.eclipse.jetty.util.thread.ReservedThreadExecutor - ReservedThreadExecutor@93479f5{s=1/1,p=0}@6da6603 size 1 > capacity
13:18:32.822 [qtp1108502178-64] DEBUG org.eclipse.jetty.io.ManagedSelector - updateable 1
13:18:32.822 [qtp1108502178-64] DEBUG org.eclipse.jetty.io.ManagedSelector - update org.eclipse.jetty.io.ChannelEndPoint$1@4602fed7
13:18:32.822 [qtp1108502178-70] DEBUG org.eclipse.jetty.util.thread.QueuedThreadPool - ran ReservedThreadExecutor@93479f5{s=1/1,p=0}@6da6603 in QueuedThreadPool[qtp1108502178]@421266a2{STARTED,8<=8<=14,i=1,r=1,q=0}[ReservedThreadExecutor@93479f5{s=1/1,p=0}]
13:18:32.822 [qtp1108502178-64] DEBUG org.eclipse.jetty.io.ChannelEndPoint - Key interests updated 0 -> 1 on NetworkTrafficSocketChannelEndPoint@40d68c3d{/127.0.0.1:64996<->/127.0.0.1:8080,OPEN,fill=FI,flush=-,to=0/30000}{io=1/1,kio=1,kro=1}->HttpConnection@18566bd7[p=HttpParser{s=START,0 of -1},g=HttpGenerator@6c95ab84{s=START}]=>HttpChannelOverHttp@6cb96ec{s=HttpChannelState@3e69d518{s=IDLE rs=BLOCKING os=OPEN is=IDLE awp=false se=false i=true al=0},r=2,c=false/false,a=IDLE,uri=null,age=0}
13:18:32.822 [qtp1108502178-64] DEBUG org.eclipse.jetty.io.ManagedSelector - updates 0
13:18:32.822 [qtp1108502178-64] DEBUG org.eclipse.jetty.io.ManagedSelector - Selector sun.nio.ch.WindowsSelectorImpl@7fe0685e waiting with 1 keys
13:18:32.823 [reactor-http-nio-4] INFO com.bi.edp.catalog.adapter.provision_adapters.ProvisionAdaptersClient - ProvisionAdaptersClient unauthorized, trying to log in
13:18:32.825 [reactor-http-nio-4] DEBUG org.springframework.web.reactive.function.client.ExchangeFunctions - [744b3a9d] HTTP POST http://localhost:8080/api/v0/components/login
13:18:32.825 [reactor-http-nio-4] DEBUG reactor.netty.resources.PooledConnectionProvider - [id: 0xe6d25d0b, L:/127.0.0.1:64997 - R:localhost/127.0.0.1:8080] Channel acquired, now 2 active connections and 0 inactive connections
13:18:32.825 [reactor-http-nio-4] DEBUG reactor.netty.ReactorNetty - [id: 0xe6d25d0b, L:/127.0.0.1:64997 - R:localhost/127.0.0.1:8080] Added decoder [ReadTimeoutHandler] at the end of the user pipeline, full pipeline: [reactor.left.httpCodec, ReadTimeoutHandler, reactor.right.reactiveBridge, DefaultChannelPipeline$TailContext#0]
13:18:32.825 [reactor-http-nio-4] DEBUG reactor.netty.ReactorNetty - [id: 0xe6d25d0b, L:/127.0.0.1:64997 - R:localhost/127.0.0.1:8080] Added decoder [WriteTimeoutHandler] at the end of the user pipeline, full pipeline: [reactor.left.httpCodec, ReadTimeoutHandler, WriteTimeoutHandler, reactor.right.reactiveBridge, DefaultChannelPipeline$TailContext#0]
13:18:32.826 [reactor-http-nio-4] DEBUG reactor.netty.http.client.HttpClientConnect - [id: 0xe6d25d0b, L:/127.0.0.1:64997 - R:localhost/127.0.0.1:8080] Handler is being applied: {uri=http://localhost:8080/api/v0/components/login, method=POST}
13:18:32.826 [reactor-http-nio-4] DEBUG reactor.netty.resources.PooledConnectionProvider - [id: 0xe6d25d0b, L:/127.0.0.1:64997 - R:localhost/127.0.0.1:8080] onStateChange(POST{uri=/api/v0/components/login, connection=PooledConnection{channel=[id: 0xe6d25d0b, L:/127.0.0.1:64997 - R:localhost/127.0.0.1:8080]}}, [request_prepared])
13:18:32.826 [reactor-http-nio-4] DEBUG org.springframework.core.codec.CharSequenceEncoder - [744b3a9d] Writing "{"password":"123456","username":"catalogClientApi"}"
13:18:32.828 [qtp1108502178-69] DEBUG org.eclipse.jetty.io.ManagedSelector - Selector sun.nio.ch.WindowsSelectorImpl@38ce0e5b woken up from select, 1/1/2 selected
13:18:32.828 [qtp1108502178-69] DEBUG org.eclipse.jetty.io.ManagedSelector - Selector sun.nio.ch.WindowsSelectorImpl@38ce0e5b processing 1 keys, 0 updates
13:18:32.828 [reactor-http-nio-4] DEBUG reactor.netty.resources.PooledConnectionProvider - [id: 0xe6d25d0b, L:/127.0.0.1:64997 - R:localhost/127.0.0.1:8080] onStateChange(POST{uri=/api/v0/components/login, connection=PooledConnection{channel=[id: 0xe6d25d0b, L:/127.0.0.1:64997 - R:localhost/127.0.0.1:8080]}}, [request_sent])
13:18:32.828 [qtp1108502178-69] DEBUG org.eclipse.jetty.io.ManagedSelector - selected 1 channel=java.nio.channels.SocketChannel[connected local=/127.0.0.1:8080 remote=/127.0.0.1:64997], selector=sun.nio.ch.WindowsSelectorImpl@38ce0e5b, interestOps=1, readyOps=1 NetworkTrafficSocketChannelEndPoint@6d213d13{/127.0.0.1:64997<->/127.0.0.1:8080,OPEN,fill=FI,flush=-,to=1133/30000}{io=1/1,kio=1,kro=1}->HttpConnection@52f0da96[p=HttpParser{s=START,0 of -1},g=HttpGenerator@36ddbc7e{s=START}]=>HttpChannelOverHttp@2ca962b8{s=HttpChannelState@3d5787d{s=IDLE rs=BLOCKING os=OPEN is=IDLE awp=false se=false i=true al=0},r=1,c=false/false,a=IDLE,uri=null,age=0} 
13:18:32.828 [qtp1108502178-69] DEBUG org.eclipse.jetty.io.ChannelEndPoint - onSelected 1->0 r=true w=false for NetworkTrafficSocketChannelEndPoint@6d213d13{/127.0.0.1:64997<->/127.0.0.1:8080,OPEN,fill=FI,flush=-,to=1133/30000}{io=1/0,kio=1,kro=1}->HttpConnection@52f0da96[p=HttpParser{s=START,0 of -1},g=HttpGenerator@36ddbc7e{s=START}]=>HttpChannelOverHttp@2ca962b8{s=HttpChannelState@3d5787d{s=IDLE rs=BLOCKING os=OPEN is=IDLE awp=false se=false i=true al=0},r=1,c=false/false,a=IDLE,uri=null,age=0}
13:18:32.828 [qtp1108502178-69] DEBUG org.eclipse.jetty.io.ChannelEndPoint - task CEP:NetworkTrafficSocketChannelEndPoint@6d213d13{/127.0.0.1:64997<->/127.0.0.1:8080,OPEN,fill=FI,flush=-,to=1133/30000}{io=1/0,kio=1,kro=1}->HttpConnection@52f0da96[p=HttpParser{s=START,0 of -1},g=HttpGenerator@36ddbc7e{s=START}]=>HttpChannelOverHttp@2ca962b8{s=HttpChannelState@3d5787d{s=IDLE rs=BLOCKING os=OPEN is=IDLE awp=false se=false i=true al=0},r=1,c=false/false,a=IDLE,uri=null,age=0}:runFillable:BLOCKING
13:18:32.828 [qtp1108502178-69] DEBUG org.eclipse.jetty.util.thread.ReservedThreadExecutor - ReservedThreadExecutor@93479f5{s=1/1,p=0} tryExecute EatWhatYouKill@1083962f/SelectorProducer@4f65efc7/PRODUCING/p=false/QueuedThreadPool[qtp1108502178]@421266a2{STARTED,8<=8<=14,i=2,r=1,q=0}[ReservedThreadExecutor@93479f5{s=1/1,p=0}][pc=0,pic=0,pec=1,epc=3]@2020-09-25T13:18:32.8282042+02:00
13:18:32.828 [reactor-http-nio-4] DEBUG reactor.netty.resources.PooledConnectionProvider - [id: 0xcbaa31af, L:/127.0.0.1:64996 - R:localhost/127.0.0.1:8080] onStateChange(GET{uri=/api/v0/components/provision-adapters/awx, connection=PooledConnection{channel=[id: 0xcbaa31af, L:/127.0.0.1:64996 - R:localhost/127.0.0.1:8080]}}, [response_completed])
13:18:32.828 [qtp1108502178-69] DEBUG org.eclipse.jetty.util.thread.ReservedThreadExecutor - ReservedThreadExecutor@93479f5{s=0/1,p=0}@648544e4 offer EatWhatYouKill@1083962f/SelectorProducer@4f65efc7/PRODUCING/p=false/QueuedThreadPool[qtp1108502178]@421266a2{STARTED,8<=8<=14,i=2,r=1,q=0}[ReservedThreadExecutor@93479f5{s=0/1,p=0}][pc=0,pic=0,pec=1,epc=3]@2020-09-25T13:18:32.8282042+02:00
13:18:32.828 [reactor-http-nio-4] DEBUG reactor.netty.ReactorNetty - [id: 0xcbaa31af, L:/127.0.0.1:64996 - R:localhost/127.0.0.1:8080] Removed handler: ReadTimeoutHandler, pipeline: DefaultChannelPipeline{(reactor.left.httpCodec = io.netty.handler.codec.http.HttpClientCodec), (WriteTimeoutHandler = io.netty.handler.timeout.WriteTimeoutHandler), (reactor.right.reactiveBridge = reactor.netty.channel.ChannelOperationsHandler)}
13:18:32.828 [qtp1108502178-69] DEBUG org.eclipse.jetty.util.thread.ReservedThreadExecutor - ReservedThreadExecutor@93479f5{s=0/1,p=1} startReservedThread p=1
13:18:32.828 [reactor-http-nio-4] DEBUG reactor.netty.ReactorNetty - [id: 0xcbaa31af, L:/127.0.0.1:64996 - R:localhost/127.0.0.1:8080] Removed handler: WriteTimeoutHandler, pipeline: DefaultChannelPipeline{(reactor.left.httpCodec = io.netty.handler.codec.http.HttpClientCodec), (reactor.right.reactiveBridge = reactor.netty.channel.ChannelOperationsHandler)}
13:18:32.828 [qtp1108502178-69] DEBUG org.eclipse.jetty.util.thread.QueuedThreadPool - queue ReservedThreadExecutor@93479f5{s=0/1,p=1}@2d41a072 startThread=0
13:18:32.828 [reactor-http-nio-4] DEBUG reactor.netty.resources.PooledConnectionProvider - [id: 0xcbaa31af, L:/127.0.0.1:64996 - R:localhost/127.0.0.1:8080] onStateChange(GET{uri=/api/v0/components/provision-adapters/awx, connection=PooledConnection{channel=[id: 0xcbaa31af, L:/127.0.0.1:64996 - R:localhost/127.0.0.1:8080]}}, [disconnecting])
13:18:32.829 [reactor-http-nio-4] DEBUG reactor.netty.resources.PooledConnectionProvider - [id: 0xcbaa31af, L:/127.0.0.1:64996 - R:localhost/127.0.0.1:8080] Releasing channel
13:18:32.829 [reactor-http-nio-4] DEBUG reactor.netty.resources.PooledConnectionProvider - [id: 0xcbaa31af, L:/127.0.0.1:64996 - R:localhost/127.0.0.1:8080] Channel cleaned, now 1 active connections and 1 inactive connections
13:18:32.829 [qtp1108502178-69] DEBUG org.eclipse.jetty.util.thread.strategy.EatWhatYouKill - EatWhatYouKill@1083962f/SelectorProducer@4f65efc7/IDLE/p=true/QueuedThreadPool[qtp1108502178]@421266a2{STARTED,8<=8<=14,i=1,r=1,q=0}[ReservedThreadExecutor@93479f5{s=0/1,p=1}][pc=0,pic=0,pec=1,epc=3]@2020-09-25T13:18:32.8291971+02:00 m=EXECUTE_PRODUCE_CONSUME t=CEP:NetworkTrafficSocketChannelEndPoint@6d213d13{/127.0.0.1:64997<->/127.0.0.1:8080,OPEN,fill=FI,flush=-,to=1134/30000}{io=1/0,kio=1,kro=1}->HttpConnection@52f0da96[p=HttpParser{s=START,0 of -1},g=HttpGenerator@36ddbc7e{s=START}]=>HttpChannelOverHttp@2ca962b8{s=HttpChannelState@3d5787d{s=IDLE rs=BLOCKING os=OPEN is=IDLE awp=false se=false i=true al=0},r=1,c=false/false,a=IDLE,uri=null,age=0}:runFillable:BLOCKING/BLOCKING
13:18:32.829 [qtp1108502178-69] DEBUG org.eclipse.jetty.io.FillInterest - fillable FillInterest@5186b4bf{AC.ReadCB@52f0da96{HttpConnection@52f0da96::NetworkTrafficSocketChannelEndPoint@6d213d13{/127.0.0.1:64997<->/127.0.0.1:8080,OPEN,fill=FI,flush=-,to=1134/30000}{io=1/0,kio=1,kro=1}->HttpConnection@52f0da96[p=HttpParser{s=START,0 of -1},g=HttpGenerator@36ddbc7e{s=START}]=>HttpChannelOverHttp@2ca962b8{s=HttpChannelState@3d5787d{s=IDLE rs=BLOCKING os=OPEN is=IDLE awp=false se=false i=true al=0},r=1,c=false/false,a=IDLE,uri=null,age=0}}}
13:18:32.829 [qtp1108502178-69] DEBUG org.eclipse.jetty.server.HttpConnection - HttpConnection@52f0da96::NetworkTrafficSocketChannelEndPoint@6d213d13{/127.0.0.1:64997<->/127.0.0.1:8080,OPEN,fill=-,flush=-,to=1134/30000}{io=1/0,kio=1,kro=1}->HttpConnection@52f0da96[p=HttpParser{s=START,0 of -1},g=HttpGenerator@36ddbc7e{s=START}]=>HttpChannelOverHttp@2ca962b8{s=HttpChannelState@3d5787d{s=IDLE rs=BLOCKING os=OPEN is=IDLE awp=false se=false i=true al=0},r=1,c=false/false,a=IDLE,uri=null,age=0} onFillable enter HttpChannelState@3d5787d{s=IDLE rs=BLOCKING os=OPEN is=IDLE awp=false se=false i=true al=0} null
13:18:32.829 [qtp1108502178-69] DEBUG org.eclipse.jetty.io.ChannelEndPoint - filled 220 HeapByteBuffer@10a99211[p=0,l=220,c=8192,r=220]={<<<POST /api/v0/components/l...me":"catalogClientApi"}>>>ee-4706-9...\x00\x00\x00\x00\x00\x00\x00}
13:18:32.829 [qtp1108502178-69] DEBUG org.eclipse.jetty.server.HttpConnection - HttpConnection@52f0da96::NetworkTrafficSocketChannelEndPoint@6d213d13{/127.0.0.1:64997<->/127.0.0.1:8080,OPEN,fill=-,flush=-,to=0/30000}{io=1/0,kio=1,kro=1}->HttpConnection@52f0da96[p=HttpParser{s=START,0 of -1},g=HttpGenerator@36ddbc7e{s=START}]=>HttpChannelOverHttp@2ca962b8{s=HttpChannelState@3d5787d{s=IDLE rs=BLOCKING os=OPEN is=IDLE awp=false se=false i=true al=0},r=1,c=false/false,a=IDLE,uri=null,age=0} filled 220 HeapByteBuffer@10a99211[p=0,l=220,c=8192,r=220]={<<<POST /api/v0/components/l...me":"catalogClientApi"}>>>ee-4706-9...\x00\x00\x00\x00\x00\x00\x00}
13:18:32.829 [qtp1108502178-69] DEBUG org.eclipse.jetty.server.HttpConnection - HttpConnection@52f0da96::NetworkTrafficSocketChannelEndPoint@6d213d13{/127.0.0.1:64997<->/127.0.0.1:8080,OPEN,fill=-,flush=-,to=0/30000}{io=1/0,kio=1,kro=1}->HttpConnection@52f0da96[p=HttpParser{s=START,0 of -1},g=HttpGenerator@36ddbc7e{s=START}]=>HttpChannelOverHttp@2ca962b8{s=HttpChannelState@3d5787d{s=IDLE rs=BLOCKING os=OPEN is=IDLE awp=false se=false i=true al=0},r=1,c=false/false,a=IDLE,uri=null,age=0} parse HeapByteBuffer@10a99211[p=0,l=220,c=8192,r=220]={<<<POST /api/v0/components/l...me":"catalogClientApi"}>>>ee-4706-9...\x00\x00\x00\x00\x00\x00\x00} {}
13:18:32.829 [qtp1108502178-69] DEBUG org.eclipse.jetty.http.HttpParser - parseNext s=START HeapByteBuffer@10a99211[p=0,l=220,c=8192,r=220]={<<<POST /api/v0/components/l...me":"catalogClientApi"}>>>ee-4706-9...\x00\x00\x00\x00\x00\x00\x00}
13:18:32.829 [qtp1108502178-69] DEBUG org.eclipse.jetty.http.HttpParser - START --> SPACE1
13:18:32.829 [qtp1108502178-69] DEBUG org.eclipse.jetty.http.HttpParser - SPACE1 --> URI
13:18:32.829 [qtp1108502178-69] DEBUG org.eclipse.jetty.http.HttpParser - URI --> SPACE2
13:18:32.829 [qtp1108502178-69] DEBUG org.eclipse.jetty.http.HttpParser - SPACE2 --> REQUEST_VERSION
13:18:32.829 [qtp1108502178-69] DEBUG org.eclipse.jetty.http.HttpParser - REQUEST_VERSION --> HEADER
13:18:32.829 [qtp1108502178-69] DEBUG org.eclipse.jetty.http.HttpParser - HEADER:User-Agent: ReactorNetty/0.9.7.RELEASE --> IN_VALUE
13:18:32.829 [qtp1108502178-69] DEBUG org.eclipse.jetty.http.HttpParser - HEADER:User-Agent: ReactorNetty/0.9.7.RELEASE --> FIELD
13:18:32.829 [qtp1108502178-69] DEBUG org.eclipse.jetty.http.HttpParser - HEADER:Host: localhost:8080 --> IN_VALUE
13:18:32.829 [qtp1108502178-69] DEBUG org.eclipse.jetty.http.HttpParser - HEADER:Host: localhost:8080 --> FIELD
13:18:32.829 [qtp1108502178-69] DEBUG org.eclipse.jetty.http.HttpParser - HEADER:Accept: */* --> IN_VALUE
13:18:32.829 [qtp1108502178-69] DEBUG org.eclipse.jetty.http.HttpParser - HEADER:Accept: */* --> FIELD
13:18:32.829 [qtp1108502178-69] DEBUG org.eclipse.jetty.http.HttpParser - HEADER:Content-Type: application/json --> IN_VALUE
13:18:32.829 [qtp1108502178-69] DEBUG org.eclipse.jetty.http.HttpParser - HEADER:Content-Type: application/json --> FIELD
13:18:32.829 [qtp1108502178-69] DEBUG org.eclipse.jetty.http.HttpParser - HEADER:Content-Length --> VALUE
13:18:32.829 [qtp1108502178-69] DEBUG org.eclipse.jetty.http.HttpParser - HEADER:Content-Length --> IN_VALUE
13:18:32.829 [qtp1108502178-69] DEBUG org.eclipse.jetty.http.HttpParser - HEADER:Content-Length --> FIELD
13:18:32.830 [qtp1108502178-69] DEBUG org.eclipse.jetty.http.HttpParser - HEADER --> CONTENT
13:18:32.830 [qtp1108502178-69] DEBUG org.eclipse.jetty.server.HttpChannel - REQUEST for //localhost:8080/api/v0/components/login on HttpChannelOverHttp@2ca962b8{s=HttpChannelState@3d5787d{s=IDLE rs=BLOCKING os=OPEN is=IDLE awp=false se=false i=true al=0},r=2,c=false/false,a=IDLE,uri=//localhost:8080/api/v0/components/login,age=0}
POST //localhost:8080/api/v0/components/login HTTP/1.1
User-Agent: ReactorNetty/0.9.7.RELEASE
Host: localhost:8080
Accept: */*
Content-Type: application/json
Content-Length: 51


13:18:32.830 [qtp1108502178-69] DEBUG org.eclipse.jetty.server.HttpConnection - HttpConnection@52f0da96::NetworkTrafficSocketChannelEndPoint@6d213d13{/127.0.0.1:64997<->/127.0.0.1:8080,OPEN,fill=-,flush=-,to=0/30000}{io=1/0,kio=1,kro=1}->HttpConnection@52f0da96[p=HttpParser{s=CONTENT,0 of 51},g=HttpGenerator@36ddbc7e{s=START}]=>HttpChannelOverHttp@2ca962b8{s=HttpChannelState@3d5787d{s=IDLE rs=BLOCKING os=OPEN is=IDLE awp=false se=false i=true al=0},r=2,c=false/false,a=IDLE,uri=//localhost:8080/api/v0/components/login,age=0} parsed true HttpParser{s=CONTENT,0 of 51}
13:18:32.830 [qtp1108502178-69] DEBUG org.eclipse.jetty.server.HttpChannel - handle //localhost:8080/api/v0/components/login HttpChannelOverHttp@2ca962b8{s=HttpChannelState@3d5787d{s=IDLE rs=BLOCKING os=OPEN is=IDLE awp=false se=false i=true al=0},r=2,c=false/false,a=IDLE,uri=//localhost:8080/api/v0/components/login,age=0} 
13:18:32.830 [qtp1108502178-69] DEBUG org.eclipse.jetty.server.HttpChannelState - handling HttpChannelState@3d5787d{s=IDLE rs=BLOCKING os=OPEN is=IDLE awp=false se=false i=true al=0}
13:18:32.830 [qtp1108502178-69] DEBUG org.eclipse.jetty.server.HttpChannel - action DISPATCH HttpChannelOverHttp@2ca962b8{s=HttpChannelState@3d5787d{s=HANDLING rs=BLOCKING os=OPEN is=IDLE awp=false se=false i=true al=0},r=2,c=false/false,a=HANDLING,uri=//localhost:8080/api/v0/components/login,age=0}
13:18:32.830 [qtp1108502178-69] DEBUG org.eclipse.jetty.server.Server - REQUEST POST /api/v0/components/login on HttpChannelOverHttp@2ca962b8{s=HttpChannelState@3d5787d{s=HANDLING rs=BLOCKING os=OPEN is=IDLE awp=false se=false i=true al=0},r=2,c=false/false,a=HANDLING,uri=//localhost:8080/api/v0/components/login,age=0}
13:18:32.830 [qtp1108502178-69] DEBUG org.eclipse.jetty.server.handler.ContextHandler - scope null||/api/v0/components/login @ o.e.j.s.ServletContextHandler@2f1e63de{/__admin,null,AVAILABLE}
13:18:32.830 [qtp1108502178-69] DEBUG org.eclipse.jetty.server.handler.gzip.GzipHandler - GzipHandler@5d9ee9b4{STARTED,min=32,inflate=-1} handle Request(POST //localhost:8080/api/v0/components/login)@5b87e7c1 in null
13:18:32.830 [qtp1108502178-69] DEBUG org.eclipse.jetty.server.handler.ContextHandler - scope null||/api/v0/components/login @ o.e.j.s.ServletContextHandler@1727dcb3{/,null,AVAILABLE}
13:18:32.830 [qtp1108502178-69] DEBUG org.eclipse.jetty.server.handler.ContextHandler - context=||/api/v0/components/login @ o.e.j.s.ServletContextHandler@1727dcb3{/,null,AVAILABLE}
13:18:32.830 [qtp1108502178-69] DEBUG org.eclipse.jetty.servlet.ServletHandler - servlet |/api/v0/components/login|null -> com.github.tomakehurst.wiremock.servlet.WireMockHandlerDispatchingServlet-1a9d23e8@b29cf05d==com.github.tomakehurst.wiremock.servlet.WireMockHandlerDispatchingServlet,jsp=null,order=-1,inst=true,async=true
13:18:32.830 [qtp1108502178-69] DEBUG org.eclipse.jetty.servlet.ServletHandler - chain=org.eclipse.jetty.servlets.CrossOriginFilter-27485e7d@27485e7d==org.eclipse.jetty.servlets.CrossOriginFilter,inst=true,async=true->com.github.tomakehurst.wiremock.servlet.WireMockHandlerDispatchingServlet-1a9d23e8@b29cf05d==com.github.tomakehurst.wiremock.servlet.WireMockHandlerDispatchingServlet,jsp=null,order=-1,inst=true,async=true
13:18:32.830 [qtp1108502178-69] DEBUG org.eclipse.jetty.servlet.ServletHandler - call filter org.eclipse.jetty.servlets.CrossOriginFilter-27485e7d@27485e7d==org.eclipse.jetty.servlets.CrossOriginFilter,inst=true,async=true
13:18:32.830 [qtp1108502178-69] DEBUG org.eclipse.jetty.servlet.ServletHandler - call servlet com.github.tomakehurst.wiremock.servlet.WireMockHandlerDispatchingServlet-1a9d23e8@b29cf05d==com.github.tomakehurst.wiremock.servlet.WireMockHandlerDispatchingServlet,jsp=null,order=-1,inst=true,async=true
13:18:32.831 [qtp1108502178-71] DEBUG org.eclipse.jetty.util.thread.QueuedThreadPool - run ReservedThreadExecutor@93479f5{s=0/1,p=1}@2d41a072 in QueuedThreadPool[qtp1108502178]@421266a2{STARTED,8<=8<=14,i=1,r=1,q=0}[ReservedThreadExecutor@93479f5{s=0/1,p=1}]
13:18:32.831 [qtp1108502178-71] DEBUG org.eclipse.jetty.util.thread.ReservedThreadExecutor - ReservedThreadExecutor@93479f5{s=1/1,p=1}@2d41a072 started
13:18:32.831 [qtp1108502178-71] DEBUG org.eclipse.jetty.util.thread.ReservedThreadExecutor - ReservedThreadExecutor@93479f5{s=1/1,p=0}@2d41a072 waiting
13:18:32.831 [qtp1108502178-69] DEBUG org.eclipse.jetty.server.HttpConnection - HttpConnection@52f0da96::NetworkTrafficSocketChannelEndPoint@6d213d13{/127.0.0.1:64997<->/127.0.0.1:8080,OPEN,fill=-,flush=-,to=1/30000}{io=1/0,kio=1,kro=1}->HttpConnection@52f0da96[p=HttpParser{s=CONTENT,0 of 51},g=HttpGenerator@36ddbc7e{s=START}]=>HttpChannelOverHttp@2ca962b8{s=HttpChannelState@3d5787d{s=HANDLING rs=BLOCKING os=OPEN is=IDLE awp=false se=false i=true al=0},r=2,c=false/false,a=HANDLING,uri=//localhost:8080/api/v0/components/login,age=1} parse HeapByteBuffer@10a99211[p=169,l=220,c=8192,r=51]={POST /api... 51\r\n\r\n<<<{"password":"123456","use...me":"catalogClientApi"}>>>ee-4706-9...\x00\x00\x00\x00\x00\x00\x00} {}
13:18:32.831 [qtp1108502178-69] DEBUG org.eclipse.jetty.http.HttpParser - parseNext s=CONTENT HeapByteBuffer@10a99211[p=169,l=220,c=8192,r=51]={POST /api... 51\r\n\r\n<<<{"password":"123456","use...me":"catalogClientApi"}>>>ee-4706-9...\x00\x00\x00\x00\x00\x00\x00}
13:18:32.830 [qtp1108502178-65] DEBUG org.eclipse.jetty.util.thread.ReservedThreadExecutor - ReservedThreadExecutor@93479f5{s=0/1,p=1}@648544e4 task=EatWhatYouKill@1083962f/SelectorProducer@4f65efc7/IDLE/p=true/QueuedThreadPool[qtp1108502178]@421266a2{STARTED,8<=8<=14,i=1,r=1,q=0}[ReservedThreadExecutor@93479f5{s=0/1,p=1}][pc=0,pic=0,pec=1,epc=4]@2020-09-25T13:18:32.8301962+02:00
13:18:32.831 [qtp1108502178-69] DEBUG org.eclipse.jetty.server.HttpChannel - onContent HttpChannelOverHttp@2ca962b8{s=HttpChannelState@3d5787d{s=HANDLING rs=BLOCKING os=OPEN is=IDLE awp=false se=false i=true al=0},r=2,c=false/false,a=HANDLING,uri=//localhost:8080/api/v0/components/login,age=1} Content@32e79a24{HeapByteBufferR@794d1425[p=169,l=220,c=8192,r=51]={POST /api... 51\r\n\r\n<<<{"password":"123456","use...me":"catalogClientApi"}>>>ee-4706-9...\x00\x00\x00\x00\x00\x00\x00}}
13:18:32.831 [qtp1108502178-69] DEBUG org.eclipse.jetty.server.HttpInput - HttpInputOverHTTP@2f510e30[c=0,q=0,[0]=null,s=STREAM] addContent Content@32e79a24{HeapByteBufferR@794d1425[p=169,l=220,c=8192,r=51]={POST /api... 51\r\n\r\n<<<{"password":"123456","use...me":"catalogClientApi"}>>>ee-4706-9...\x00\x00\x00\x00\x00\x00\x00}}
13:18:32.831 [qtp1108502178-69] DEBUG org.eclipse.jetty.http.HttpParser - CONTENT --> CONTENT_END
13:18:32.831 [qtp1108502178-69] DEBUG org.eclipse.jetty.server.HttpChannel - onContentComplete HttpChannelOverHttp@2ca962b8{s=HttpChannelState@3d5787d{s=HANDLING rs=BLOCKING os=OPEN is=IDLE awp=false se=false i=true al=0},r=2,c=false/false,a=HANDLING,uri=//localhost:8080/api/v0/components/login,age=1}
13:18:32.831 [qtp1108502178-69] DEBUG org.eclipse.jetty.http.HttpParser - CONTENT_END --> END
13:18:32.831 [qtp1108502178-69] DEBUG org.eclipse.jetty.server.HttpChannel - onRequestComplete HttpChannelOverHttp@2ca962b8{s=HttpChannelState@3d5787d{s=HANDLING rs=BLOCKING os=OPEN is=IDLE awp=false se=false i=true al=0},r=2,c=false/false,a=HANDLING,uri=//localhost:8080/api/v0/components/login,age=1}
13:18:32.831 [qtp1108502178-65] DEBUG org.eclipse.jetty.util.thread.strategy.EatWhatYouKill - EatWhatYouKill@1083962f/SelectorProducer@4f65efc7/IDLE/p=true/QueuedThreadPool[qtp1108502178]@421266a2{STARTED,8<=8<=14,i=1,r=1,q=0}[ReservedThreadExecutor@93479f5{s=1/1,p=0}][pc=0,pic=0,pec=1,epc=4]@2020-09-25T13:18:32.8311965+02:00 tryProduce true
13:18:32.831 [qtp1108502178-69] DEBUG org.eclipse.jetty.server.HttpInput - HttpInputOverHTTP@2f510e30[c=0,q=1,[0]=EOF,s=STREAM] addContent EOF
13:18:32.831 [qtp1108502178-65] DEBUG org.eclipse.jetty.io.ManagedSelector - updateable 0
13:18:32.831 [qtp1108502178-65] DEBUG org.eclipse.jetty.io.ManagedSelector - updates 0
13:18:32.831 [qtp1108502178-69] DEBUG org.eclipse.jetty.server.HttpConnection - HttpConnection@52f0da96::NetworkTrafficSocketChannelEndPoint@6d213d13{/127.0.0.1:64997<->/127.0.0.1:8080,OPEN,fill=-,flush=-,to=2/30000}{io=1/0,kio=1,kro=1}->HttpConnection@52f0da96[p=HttpParser{s=END,51 of 51},g=HttpGenerator@36ddbc7e{s=START}]=>HttpChannelOverHttp@2ca962b8{s=HttpChannelState@3d5787d{s=HANDLING rs=BLOCKING os=OPEN is=IDLE awp=false se=false i=true al=0},r=2,c=false/false,a=HANDLING,uri=//localhost:8080/api/v0/components/login,age=1} parsed false HttpParser{s=END,51 of 51}
13:18:32.831 [qtp1108502178-69] DEBUG org.eclipse.jetty.server.HttpInput - HttpInputOverHTTP@2f510e30[c=51,q=1,[0]=EOF,s=STREAM] read 51 from Content@32e79a24{HeapByteBufferR@794d1425[p=220,l=220,c=8192,r=0]={POST /api...ntApi"}<<<>>>ee-4706-9...\x00\x00\x00\x00\x00\x00\x00}}
13:18:32.831 [qtp1108502178-69] DEBUG org.eclipse.jetty.server.HttpConnection - releaseRequestBuffer HttpConnection@52f0da96::NetworkTrafficSocketChannelEndPoint@6d213d13{/127.0.0.1:64997<->/127.0.0.1:8080,OPEN,fill=-,flush=-,to=2/30000}{io=0/0,kio=0,kro=1}->HttpConnection@52f0da96[p=HttpParser{s=END,51 of 51},g=HttpGenerator@36ddbc7e{s=START}]=>HttpChannelOverHttp@2ca962b8{s=HttpChannelState@3d5787d{s=HANDLING rs=BLOCKING os=OPEN is=IDLE awp=false se=false i=true al=0},r=2,c=false/false,a=HANDLING,uri=//localhost:8080/api/v0/components/login,age=1}
13:18:32.832 [qtp1108502178-69] DEBUG org.eclipse.jetty.server.HttpChannelState - onEof HttpChannelState@3d5787d{s=HANDLING rs=BLOCKING os=OPEN is=IDLE awp=false se=false i=true al=0}
13:18:32.831 [qtp1108502178-65] DEBUG org.eclipse.jetty.io.ChannelEndPoint - Key interests updated 1 -> 0 on NetworkTrafficSocketChannelEndPoint@6d213d13{/127.0.0.1:64997<->/127.0.0.1:8080,OPEN,fill=-,flush=-,to=2/30000}{io=0/0,kio=0,kro=1}->HttpConnection@52f0da96[p=HttpParser{s=END,51 of 51},g=HttpGenerator@36ddbc7e{s=START}]=>HttpChannelOverHttp@2ca962b8{s=HttpChannelState@3d5787d{s=HANDLING rs=BLOCKING os=OPEN is=IDLE awp=false se=false i=true al=0},r=2,c=false/false,a=HANDLING,uri=//localhost:8080/api/v0/components/login,age=1}
13:18:32.833 [qtp1108502178-65] DEBUG org.eclipse.jetty.io.ManagedSelector - Selector sun.nio.ch.WindowsSelectorImpl@38ce0e5b waiting with 2 keys
13:18:32.834 [qtp1108502178-69] DEBUG org.eclipse.jetty.server.HttpOutput - write(array HeapByteBuffer@10484cfa[p=0,l=21,c=8192,r=21]={<<<{"token":"someToken"}>>>\x00\x00\x00\x00\x00\x00\x00\x00\x00...\x00\x00\x00\x00\x00\x00\x00})
13:18:32.834 [qtp1108502178-69] DEBUG org.eclipse.jetty.server.HttpOutput - write(array) s=OPEN,api=BLOCKING,sc=false,e=null aggregated !flush HeapByteBuffer@7eaa8d9a[p=0,l=21,c=32768,r=21]={<<<{"token":"someToken"}>>>\x00\x00\x00\x00\x00\x00\x00\x00\x00...\x00\x00\x00\x00\x00\x00\x00}
13:18:32.834 [qtp1108502178-69] DEBUG org.eclipse.jetty.server.handler.gzip.GzipHandler - GzipHandler@5d9ee9b4{STARTED,min=32,inflate=-1} excluded not gzip accept Request(POST //localhost:8080/api/v0/components/login)@5b87e7c1
13:18:32.834 [qtp1108502178-69] DEBUG org.eclipse.jetty.server.handler.gzip.GzipHttpOutputInterceptor - org.eclipse.jetty.server.handler.gzip.GzipHttpOutputInterceptor@302a2cb1 exclude no deflater
13:18:32.834 [qtp1108502178-69] DEBUG org.eclipse.jetty.server.HttpChannel - sendResponse info=null content=HeapByteBuffer@7eaa8d9a[p=0,l=21,c=32768,r=21]={<<<{"token":"someToken"}>>>\x00\x00\x00\x00\x00\x00\x00\x00\x00...\x00\x00\x00\x00\x00\x00\x00} complete=false committing=true callback=Blocker@79420766{null}
13:18:32.834 [qtp1108502178-69] DEBUG org.eclipse.jetty.server.HttpChannel - COMMIT for /api/v0/components/login on HttpChannelOverHttp@2ca962b8{s=HttpChannelState@3d5787d{s=HANDLING rs=BLOCKING os=COMMITTED is=READY awp=false se=false i=true al=0},r=2,c=false/false,a=HANDLING,uri=//localhost:8080/api/v0/components/login,age=4}
200 null HTTP/1.1
Content-Type: application/json
Matched-Stub-Id: f76ac9e4-347a-4b15-a03a-1dae063c4d35
Vary: Accept-Encoding, User-Agent


13:18:32.835 [qtp1108502178-69] DEBUG org.eclipse.jetty.server.HttpConnection - generate: NEED_HEADER for org.eclipse.jetty.server.HttpConnection$SendCallback@50081647[PROCESSING][i=HTTP/1.1{s=200,h=3,cl=-1},cb=org.eclipse.jetty.server.HttpChannel$SendCallback@3e12b62a] (null,[p=0,l=21,c=32768,r=21],false)@START
13:18:32.835 [qtp1108502178-69] DEBUG org.eclipse.jetty.http.HttpGenerator - generateHeaders HTTP/1.1{s=200,h=3,cl=-1} last=false content=HeapByteBuffer@7eaa8d9a[p=0,l=21,c=32768,r=21]={<<<{"token":"someToken"}>>>\x00\x00\x00\x00\x00\x00\x00\x00\x00...\x00\x00\x00\x00\x00\x00\x00}
13:18:32.835 [qtp1108502178-69] DEBUG org.eclipse.jetty.http.HttpGenerator - Content-Type: application/json
Matched-Stub-Id: f76ac9e4-347a-4b15-a03a-1dae063c4d35
Vary: Accept-Encoding, User-Agent


13:18:32.835 [qtp1108502178-69] DEBUG org.eclipse.jetty.http.HttpGenerator - CHUNKED_CONTENT
13:18:32.835 [qtp1108502178-69] DEBUG org.eclipse.jetty.server.HttpConnection - generate: FLUSH for org.eclipse.jetty.server.HttpConnection$SendCallback@50081647[PROCESSING][i=HTTP/1.1{s=200,h=3,cl=-1},cb=org.eclipse.jetty.server.HttpChannel$SendCallback@3e12b62a] ([p=0,l=206,c=8192,r=206],[p=0,l=21,c=32768,r=21],false)@COMMITTED
13:18:32.835 [qtp1108502178-69] DEBUG org.eclipse.jetty.io.WriteFlusher - write: WriteFlusher@9426f6f{IDLE}->null [HeapByteBuffer@10a99211[p=0,l=206,c=8192,r=206]={<<<HTTP/1.1 200 OK\r\nContent-...4.28.v20200408)\r\n\r\n15\r\n>>>logClient...\x00\x00\x00\x00\x00\x00\x00},HeapByteBuffer@7eaa8d9a[p=0,l=21,c=32768,r=21]={<<<{"token":"someToken"}>>>\x00\x00\x00\x00\x00\x00\x00\x00\x00...\x00\x00\x00\x00\x00\x00\x00}]
13:18:32.835 [qtp1108502178-69] DEBUG org.eclipse.jetty.io.WriteFlusher - update WriteFlusher@9426f6f{WRITING}->null:IDLE-->WRITING
13:18:32.835 [qtp1108502178-69] DEBUG org.eclipse.jetty.io.ChannelEndPoint - flushed 206 NetworkTrafficSocketChannelEndPoint@6d213d13{/127.0.0.1:64997<->/127.0.0.1:8080,OPEN,fill=-,flush=W,to=6/30000}{io=0/0,kio=0,kro=1}->HttpConnection@52f0da96[p=HttpParser{s=END,51 of 51},g=HttpGenerator@36ddbc7e{s=COMMITTED}]=>HttpChannelOverHttp@2ca962b8{s=HttpChannelState@3d5787d{s=HANDLING rs=BLOCKING os=COMMITTED is=READY awp=false se=false i=true al=0},r=2,c=false/false,a=HANDLING,uri=//localhost:8080/api/v0/components/login,age=5}
13:18:32.835 [qtp1108502178-69] DEBUG org.eclipse.jetty.io.ChannelEndPoint - flushed 21 NetworkTrafficSocketChannelEndPoint@6d213d13{/127.0.0.1:64997<->/127.0.0.1:8080,OPEN,fill=-,flush=W,to=0/30000}{io=0/0,kio=0,kro=1}->HttpConnection@52f0da96[p=HttpParser{s=END,51 of 51},g=HttpGenerator@36ddbc7e{s=COMMITTED}]=>HttpChannelOverHttp@2ca962b8{s=HttpChannelState@3d5787d{s=HANDLING rs=BLOCKING os=COMMITTED is=READY awp=false se=false i=true al=0},r=2,c=false/false,a=HANDLING,uri=//localhost:8080/api/v0/components/login,age=5}
13:18:32.835 [qtp1108502178-69] DEBUG org.eclipse.jetty.io.WriteFlusher - Flushed=true written=227 remaining=0 WriteFlusher@9426f6f{WRITING}->null
13:18:32.835 [qtp1108502178-69] DEBUG org.eclipse.jetty.io.WriteFlusher - update WriteFlusher@9426f6f{IDLE}->null:WRITING-->IDLE
13:18:32.836 [qtp1108502178-69] DEBUG org.eclipse.jetty.server.HttpConnection - generate: DONE for org.eclipse.jetty.server.HttpConnection$SendCallback@50081647[PROCESSING][i=HTTP/1.1{s=200,h=3,cl=-1},cb=org.eclipse.jetty.server.HttpChannel$SendCallback@3e12b62a] ([p=206,l=206,c=8192,r=0],[p=21,l=21,c=32768,r=0],false)@COMMITTED
13:18:32.836 [qtp1108502178-69] DEBUG org.eclipse.jetty.server.HttpOutput - onWriteComplete(false,null) s=OPEN,api=BLOCKED,sc=false,e=null->s=OPEN,api=BLOCKING,sc=false,e=null c=null cb=null w=false
13:18:32.836 [qtp1108502178-69] DEBUG org.eclipse.jetty.server.HttpOutput - close() s=CLOSING,api=BLOCKED,sc=false,e=null c=HeapByteBuffer@137d328[p=0,l=0,c=0,r=0]={<<<>>>} b=Blocker@79420766{null}
13:18:32.836 [qtp1108502178-69] DEBUG org.eclipse.jetty.server.HttpChannel - sendResponse info=null content=HeapByteBuffer@137d328[p=0,l=0,c=0,r=0]={<<<>>>} complete=true committing=false callback=Blocker@79420766{null}
13:18:32.836 [reactor-http-nio-4] DEBUG reactor.netty.http.client.HttpClientOperations - [id: 0xe6d25d0b, L:/127.0.0.1:64997 - R:localhost/127.0.0.1:8080] Received response (auto-read:false) : [Content-Type=application/json, Matched-Stub-Id=f76ac9e4-347a-4b15-a03a-1dae063c4d35, Vary=Accept-Encoding, User-Agent, Transfer-Encoding=chunked, Server=Jetty(9.4.28.v20200408)]
13:18:32.836 [qtp1108502178-69] DEBUG org.eclipse.jetty.server.HttpConnection - generate: CONTINUE for org.eclipse.jetty.server.HttpConnection$SendCallback@50081647[PROCESSING][i=null,cb=org.eclipse.jetty.server.HttpChannel$SendCallback@2f6f71f1] (null,[p=0,l=0,c=0,r=0],true)@COMPLETING
13:18:32.836 [qtp1108502178-69] DEBUG org.eclipse.jetty.server.HttpConnection - generate: NEED_CHUNK for org.eclipse.jetty.server.HttpConnection$SendCallback@50081647[PROCESSING][i=null,cb=org.eclipse.jetty.server.HttpChannel$SendCallback@2f6f71f1] (null,[p=0,l=0,c=0,r=0],true)@COMPLETING
13:18:32.836 [reactor-http-nio-4] DEBUG reactor.netty.resources.PooledConnectionProvider - [id: 0xe6d25d0b, L:/127.0.0.1:64997 - R:localhost/127.0.0.1:8080] onStateChange(POST{uri=/api/v0/components/login, connection=PooledConnection{channel=[id: 0xe6d25d0b, L:/127.0.0.1:64997 - R:localhost/127.0.0.1:8080]}}, [response_received])
13:18:32.836 [qtp1108502178-69] DEBUG org.eclipse.jetty.server.HttpConnection - generate: FLUSH for org.eclipse.jetty.server.HttpConnection$SendCallback@50081647[PROCESSING][i=null,cb=org.eclipse.jetty.server.HttpChannel$SendCallback@2f6f71f1] (null,[p=0,l=0,c=0,r=0],true)@COMPLETING
13:18:32.836 [qtp1108502178-69] DEBUG org.eclipse.jetty.io.WriteFlusher - write: WriteFlusher@9426f6f{IDLE}->null [HeapByteBuffer@7d10bd05[p=0,l=7,c=1024,r=7]={<<<\r\n0\r\n\r\n>>>\x00\x00\x00\x00\x00\x00\x00\x00\x00...\x00\x00\x00\x00\x00\x00\x00}]
13:18:32.836 [qtp1108502178-69] DEBUG org.eclipse.jetty.io.WriteFlusher - update WriteFlusher@9426f6f{WRITING}->null:IDLE-->WRITING
13:18:32.836 [reactor-http-nio-4] DEBUG org.springframework.web.reactive.function.client.ExchangeFunctions - [744b3a9d] Response 200 OK
13:18:32.836 [qtp1108502178-69] DEBUG org.eclipse.jetty.io.ChannelEndPoint - flushed 7 NetworkTrafficSocketChannelEndPoint@6d213d13{/127.0.0.1:64997<->/127.0.0.1:8080,OPEN,fill=-,flush=W,to=0/30000}{io=0/0,kio=0,kro=1}->HttpConnection@52f0da96[p=HttpParser{s=END,51 of 51},g=HttpGenerator@36ddbc7e{s=COMPLETING}]=>HttpChannelOverHttp@2ca962b8{s=HttpChannelState@3d5787d{s=HANDLING rs=BLOCKING os=COMMITTED is=READY awp=false se=false i=true al=0},r=2,c=false/false,a=HANDLING,uri=//localhost:8080/api/v0/components/login,age=6}
13:18:32.836 [qtp1108502178-69] DEBUG org.eclipse.jetty.io.WriteFlusher - Flushed=true written=7 remaining=0 WriteFlusher@9426f6f{WRITING}->null
13:18:32.836 [qtp1108502178-69] DEBUG org.eclipse.jetty.io.WriteFlusher - update WriteFlusher@9426f6f{IDLE}->null:WRITING-->IDLE
13:18:32.836 [qtp1108502178-69] DEBUG org.eclipse.jetty.server.HttpConnection - generate: DONE for org.eclipse.jetty.server.HttpConnection$SendCallback@50081647[PROCESSING][i=null,cb=org.eclipse.jetty.server.HttpChannel$SendCallback@2f6f71f1] (null,[p=0,l=0,c=0,r=0],true)@END
13:18:32.836 [qtp1108502178-69] DEBUG org.eclipse.jetty.server.HttpOutput - onWriteComplete(true,null) s=CLOSING,api=BLOCKED,sc=false,e=null->s=CLOSED,api=BLOCKING,sc=false,e=null c=null cb=null w=false
13:18:32.836 [qtp1108502178-69] DEBUG org.eclipse.jetty.server.Server - handled=true async=false committed=true on HttpChannelOverHttp@2ca962b8{s=HttpChannelState@3d5787d{s=HANDLING rs=BLOCKING os=COMPLETED is=READY awp=false se=false i=true al=0},r=2,c=false/true,a=HANDLING,uri=//localhost:8080/api/v0/components/login,age=6}
13:18:32.836 [qtp1108502178-69] DEBUG org.eclipse.jetty.server.HttpChannelState - unhandle HttpChannelState@3d5787d{s=HANDLING rs=BLOCKING os=COMPLETED is=READY awp=false se=false i=true al=0}
13:18:32.837 [qtp1108502178-69] DEBUG org.eclipse.jetty.server.HttpChannelState - nextAction(false) COMPLETE HttpChannelState@3d5787d{s=HANDLING rs=COMPLETING os=COMPLETED is=READY awp=false se=false i=false al=0}
13:18:32.837 [qtp1108502178-69] DEBUG org.eclipse.jetty.server.HttpChannel - action COMPLETE HttpChannelOverHttp@2ca962b8{s=HttpChannelState@3d5787d{s=HANDLING rs=COMPLETING os=COMPLETED is=READY awp=false se=false i=false al=0},r=2,c=false/true,a=HANDLING,uri=//localhost:8080/api/v0/components/login,age=7}
13:18:32.837 [qtp1108502178-69] DEBUG org.eclipse.jetty.server.HttpOutput - complete(org.eclipse.jetty.util.Callback$4@7d92c77a) s=CLOSED,api=BLOCKING,sc=false,e=null s=true e=null, c=null
13:18:32.837 [qtp1108502178-69] DEBUG org.eclipse.jetty.server.HttpChannelState - completed HttpChannelState@3d5787d{s=HANDLING rs=COMPLETING os=COMPLETED is=READY awp=false se=false i=false al=0}
13:18:32.837 [reactor-http-nio-4] DEBUG reactor.netty.channel.FluxReceive - [id: 0xe6d25d0b, L:/127.0.0.1:64997 - R:localhost/127.0.0.1:8080] Subscribing inbound receiver [pending: 0, cancelled:false, inboundDone: false]
13:18:32.837 [qtp1108502178-69] DEBUG org.eclipse.jetty.server.HttpChannelState - unhandle HttpChannelState@3d5787d{s=HANDLING rs=COMPLETED os=COMPLETED is=READY awp=false se=false i=false al=0}
13:18:32.837 [qtp1108502178-69] DEBUG org.eclipse.jetty.server.HttpChannelState - nextAction(false) TERMINATED HttpChannelState@3d5787d{s=IDLE rs=COMPLETED os=COMPLETED is=READY awp=false se=false i=false al=0}
13:18:32.837 [qtp1108502178-69] DEBUG org.eclipse.jetty.server.HttpChannel - action TERMINATED HttpChannelOverHttp@2ca962b8{s=HttpChannelState@3d5787d{s=IDLE rs=COMPLETED os=COMPLETED is=READY awp=false se=false i=false al=0},r=2,c=true/true,a=IDLE,uri=//localhost:8080/api/v0/components/login,age=7}
13:18:32.837 [qtp1108502178-69] DEBUG org.eclipse.jetty.server.HttpChannel - onCompleted for /api/v0/components/login written=21
13:18:32.837 [qtp1108502178-69] DEBUG org.eclipse.jetty.server.HttpChannelState - recycle HttpChannelState@3d5787d{s=IDLE rs=COMPLETED os=COMPLETED is=READY awp=false se=false i=false al=0}
13:18:32.837 [qtp1108502178-69] DEBUG org.eclipse.jetty.http.HttpParser - reset HttpParser{s=END,51 of 51}
13:18:32.837 [qtp1108502178-69] DEBUG org.eclipse.jetty.http.HttpParser - END --> START
13:18:32.837 [qtp1108502178-69] DEBUG org.eclipse.jetty.server.HttpChannel - !handle TERMINATED HttpChannelOverHttp@2ca962b8{s=HttpChannelState@3d5787d{s=IDLE rs=BLOCKING os=OPEN is=IDLE awp=false se=false i=true al=0},r=2,c=false/false,a=IDLE,uri=null,age=0}
13:18:32.837 [qtp1108502178-69] DEBUG org.eclipse.jetty.io.ChannelEndPoint - filled 0 HeapByteBuffer@10a99211[p=0,l=0,c=8192,r=0]={<<<>>>HTTP/1.1 ...\x00\x00\x00\x00\x00\x00\x00}
13:18:32.837 [qtp1108502178-69] DEBUG org.eclipse.jetty.io.ChannelEndPoint - filled 0 HeapByteBuffer@10a99211[p=0,l=0,c=8192,r=0]={<<<>>>HTTP/1.1 ...\x00\x00\x00\x00\x00\x00\x00}
13:18:32.837 [qtp1108502178-69] DEBUG org.eclipse.jetty.server.HttpConnection - HttpConnection@52f0da96::NetworkTrafficSocketChannelEndPoint@6d213d13{/127.0.0.1:64997<->/127.0.0.1:8080,OPEN,fill=-,flush=-,to=0/30000}{io=0/0,kio=0,kro=1}->HttpConnection@52f0da96[p=HttpParser{s=START,0 of -1},g=HttpGenerator@36ddbc7e{s=START}]=>HttpChannelOverHttp@2ca962b8{s=HttpChannelState@3d5787d{s=IDLE rs=BLOCKING os=OPEN is=IDLE awp=false se=false i=true al=0},r=2,c=false/false,a=IDLE,uri=null,age=0} filled 0 HeapByteBuffer@10a99211[p=0,l=0,c=8192,r=0]={<<<>>>HTTP/1.1 ...\x00\x00\x00\x00\x00\x00\x00}
13:18:32.837 [qtp1108502178-69] DEBUG org.eclipse.jetty.server.HttpConnection - HttpConnection@52f0da96::NetworkTrafficSocketChannelEndPoint@6d213d13{/127.0.0.1:64997<->/127.0.0.1:8080,OPEN,fill=-,flush=-,to=0/30000}{io=0/0,kio=0,kro=1}->HttpConnection@52f0da96[p=HttpParser{s=START,0 of -1},g=HttpGenerator@36ddbc7e{s=START}]=>HttpChannelOverHttp@2ca962b8{s=HttpChannelState@3d5787d{s=IDLE rs=BLOCKING os=OPEN is=IDLE awp=false se=false i=true al=0},r=2,c=false/false,a=IDLE,uri=null,age=0} parse HeapByteBuffer@10a99211[p=0,l=0,c=8192,r=0]={<<<>>>HTTP/1.1 ...\x00\x00\x00\x00\x00\x00\x00} {}
13:18:32.837 [qtp1108502178-69] DEBUG org.eclipse.jetty.http.HttpParser - parseNext s=START HeapByteBuffer@10a99211[p=0,l=0,c=8192,r=0]={<<<>>>HTTP/1.1 ...\x00\x00\x00\x00\x00\x00\x00}
13:18:32.837 [qtp1108502178-69] DEBUG org.eclipse.jetty.server.HttpConnection - HttpConnection@52f0da96::NetworkTrafficSocketChannelEndPoint@6d213d13{/127.0.0.1:64997<->/127.0.0.1:8080,OPEN,fill=-,flush=-,to=1/30000}{io=0/0,kio=0,kro=1}->HttpConnection@52f0da96[p=HttpParser{s=START,0 of -1},g=HttpGenerator@36ddbc7e{s=START}]=>HttpChannelOverHttp@2ca962b8{s=HttpChannelState@3d5787d{s=IDLE rs=BLOCKING os=OPEN is=IDLE awp=false se=false i=true al=0},r=2,c=false/false,a=IDLE,uri=null,age=0} parsed false HttpParser{s=START,0 of -1}
13:18:32.837 [qtp1108502178-69] DEBUG org.eclipse.jetty.server.HttpConnection - releaseRequestBuffer HttpConnection@52f0da96::NetworkTrafficSocketChannelEndPoint@6d213d13{/127.0.0.1:64997<->/127.0.0.1:8080,OPEN,fill=-,flush=-,to=1/30000}{io=0/0,kio=0,kro=1}->HttpConnection@52f0da96[p=HttpParser{s=START,0 of -1},g=HttpGenerator@36ddbc7e{s=START}]=>HttpChannelOverHttp@2ca962b8{s=HttpChannelState@3d5787d{s=IDLE rs=BLOCKING os=OPEN is=IDLE awp=false se=false i=true al=0},r=2,c=false/false,a=IDLE,uri=null,age=0}
13:18:32.837 [qtp1108502178-69] DEBUG org.eclipse.jetty.io.AbstractConnection - fillInterested HttpConnection@52f0da96::NetworkTrafficSocketChannelEndPoint@6d213d13{/127.0.0.1:64997<->/127.0.0.1:8080,OPEN,fill=-,flush=-,to=1/30000}{io=0/0,kio=0,kro=1}->HttpConnection@52f0da96[p=HttpParser{s=START,0 of -1},g=HttpGenerator@36ddbc7e{s=START}]=>HttpChannelOverHttp@2ca962b8{s=HttpChannelState@3d5787d{s=IDLE rs=BLOCKING os=OPEN is=IDLE awp=false se=false i=true al=0},r=2,c=false/false,a=IDLE,uri=null,age=0}
13:18:32.837 [reactor-http-nio-4] DEBUG reactor.netty.http.client.HttpClientOperations - [id: 0xe6d25d0b, L:/127.0.0.1:64997 - R:localhost/127.0.0.1:8080] Received last HTTP packet
13:18:32.838 [qtp1108502178-69] DEBUG org.eclipse.jetty.io.FillInterest - interested FillInterest@5186b4bf{AC.ReadCB@52f0da96{HttpConnection@52f0da96::NetworkTrafficSocketChannelEndPoint@6d213d13{/127.0.0.1:64997<->/127.0.0.1:8080,OPEN,fill=FI,flush=-,to=0/30000}{io=0/0,kio=0,kro=1}->HttpConnection@52f0da96[p=HttpParser{s=START,0 of -1},g=HttpGenerator@36ddbc7e{s=START}]=>HttpChannelOverHttp@2ca962b8{s=HttpChannelState@3d5787d{s=IDLE rs=BLOCKING os=OPEN is=IDLE awp=false se=false i=true al=0},r=2,c=false/false,a=IDLE,uri=null,age=0}}}
13:18:32.838 [qtp1108502178-69] DEBUG org.eclipse.jetty.io.ChannelEndPoint - changeInterests p=false 0->1 for NetworkTrafficSocketChannelEndPoint@6d213d13{/127.0.0.1:64997<->/127.0.0.1:8080,OPEN,fill=FI,flush=-,to=0/30000}{io=0/1,kio=0,kro=1}->HttpConnection@52f0da96[p=HttpParser{s=START,0 of -1},g=HttpGenerator@36ddbc7e{s=START}]=>HttpChannelOverHttp@2ca962b8{s=HttpChannelState@3d5787d{s=IDLE rs=BLOCKING os=OPEN is=IDLE awp=false se=false i=true al=0},r=2,c=false/false,a=IDLE,uri=null,age=0}
13:18:32.838 [reactor-http-nio-4] DEBUG org.springframework.core.codec.StringDecoder - [744b3a9d] Decoded "{"token":"someToken"}"
13:18:32.838 [qtp1108502178-69] DEBUG org.eclipse.jetty.io.ManagedSelector - Queued change org.eclipse.jetty.io.ChannelEndPoint$1@79b83862 on ManagedSelector@e983464{STARTED} id=1 keys=2 selected=0 updates=0
13:18:32.838 [qtp1108502178-69] DEBUG org.eclipse.jetty.io.ManagedSelector - Wakeup on submit ManagedSelector@e983464{STARTED} id=1 keys=2 selected=0 updates=1
13:18:32.838 [qtp1108502178-69] DEBUG org.eclipse.jetty.server.HttpConnection - HttpConnection@52f0da96::NetworkTrafficSocketChannelEndPoint@6d213d13{/127.0.0.1:64997<->/127.0.0.1:8080,OPEN,fill=FI,flush=-,to=0/30000}{io=0/1,kio=0,kro=1}->HttpConnection@52f0da96[p=HttpParser{s=START,0 of -1},g=HttpGenerator@36ddbc7e{s=START}]=>HttpChannelOverHttp@2ca962b8{s=HttpChannelState@3d5787d{s=IDLE rs=BLOCKING os=OPEN is=IDLE awp=false se=false i=true al=0},r=2,c=false/false,a=IDLE,uri=null,age=0} onFillable exit HttpChannelState@3d5787d{s=IDLE rs=BLOCKING os=OPEN is=IDLE awp=false se=false i=true al=0} null
13:18:32.838 [qtp1108502178-69] DEBUG org.eclipse.jetty.util.thread.ReservedThreadExecutor - ReservedThreadExecutor@93479f5{s=1/1,p=0}@7518032e size 1 > capacity
13:18:32.838 [qtp1108502178-69] DEBUG org.eclipse.jetty.util.thread.QueuedThreadPool - ran ReservedThreadExecutor@93479f5{s=1/1,p=0}@7518032e in QueuedThreadPool[qtp1108502178]@421266a2{STARTED,8<=8<=14,i=1,r=1,q=0}[ReservedThreadExecutor@93479f5{s=1/1,p=0}]
13:18:32.838 [qtp1108502178-65] DEBUG org.eclipse.jetty.io.ManagedSelector - Selector sun.nio.ch.WindowsSelectorImpl@38ce0e5b woken with none selected
13:18:32.838 [qtp1108502178-65] DEBUG org.eclipse.jetty.io.ManagedSelector - Selector sun.nio.ch.WindowsSelectorImpl@38ce0e5b woken up from select, 0/0/2 selected
13:18:32.838 [qtp1108502178-65] DEBUG org.eclipse.jetty.io.ManagedSelector - Selector sun.nio.ch.WindowsSelectorImpl@38ce0e5b processing 0 keys, 1 updates
13:18:32.838 [qtp1108502178-65] DEBUG org.eclipse.jetty.io.ManagedSelector - updateable 1
13:18:32.838 [qtp1108502178-65] DEBUG org.eclipse.jetty.io.ManagedSelector - update org.eclipse.jetty.io.ChannelEndPoint$1@79b83862
13:18:32.838 [qtp1108502178-65] DEBUG org.eclipse.jetty.io.ChannelEndPoint - Key interests updated 0 -> 1 on NetworkTrafficSocketChannelEndPoint@6d213d13{/127.0.0.1:64997<->/127.0.0.1:8080,OPEN,fill=FI,flush=-,to=0/30000}{io=1/1,kio=1,kro=1}->HttpConnection@52f0da96[p=HttpParser{s=START,0 of -1},g=HttpGenerator@36ddbc7e{s=START}]=>HttpChannelOverHttp@2ca962b8{s=HttpChannelState@3d5787d{s=IDLE rs=BLOCKING os=OPEN is=IDLE awp=false se=false i=true al=0},r=2,c=false/false,a=IDLE,uri=null,age=0}
13:18:32.838 [qtp1108502178-65] DEBUG org.eclipse.jetty.io.ManagedSelector - updates 0
13:18:32.838 [qtp1108502178-65] DEBUG org.eclipse.jetty.io.ManagedSelector - Selector sun.nio.ch.WindowsSelectorImpl@38ce0e5b waiting with 2 keys
13:18:32.838 [reactor-http-nio-4] ERROR com.bi.edp.catalog.adapter.provision_adapters.ProvisionAdaptersClient - Json Processing Exception
com.fasterxml.jackson.databind.JsonMappingException: Test exception.
	at java.base/jdk.internal.reflect.NativeConstructorAccessorImpl.newInstance0(Native Method)
	at java.base/jdk.internal.reflect.NativeConstructorAccessorImpl.newInstance(NativeConstructorAccessorImpl.java:62)
	at java.base/jdk.internal.reflect.DelegatingConstructorAccessorImpl.newInstance(DelegatingConstructorAccessorImpl.java:45)
	at java.base/java.lang.reflect.Constructor.newInstance(Constructor.java:490)
	at org.codehaus.groovy.reflection.CachedConstructor.invoke(CachedConstructor.java:80)
	at org.codehaus.groovy.runtime.callsite.ConstructorSite$ConstructorSiteNoUnwrapNoCoerce.callConstructor(ConstructorSite.java:105)
	at org.codehaus.groovy.runtime.callsite.AbstractCallSite.callConstructor(AbstractCallSite.java:249)
	at com.bi.edp.catalog.adapter.provision_adapters.ProvisionAdaptersClientTest$__spock_feature_0_4_closure2$_closure4.doCall(ProvisionAdaptersClientTest.groovy:263)
	at java.base/jdk.internal.reflect.NativeMethodAccessorImpl.invoke0(Native Method)
	at java.base/jdk.internal.reflect.NativeMethodAccessorImpl.invoke(NativeMethodAccessorImpl.java:62)
	at java.base/jdk.internal.reflect.DelegatingMethodAccessorImpl.invoke(DelegatingMethodAccessorImpl.java:43)
	at java.base/java.lang.reflect.Method.invoke(Method.java:566)
	at org.codehaus.groovy.reflection.CachedMethod.invoke(CachedMethod.java:101)
	at groovy.lang.MetaMethod.doMethodInvoke(MetaMethod.java:323)
	at org.codehaus.groovy.runtime.metaclass.ClosureMetaClass.invokeMethod(ClosureMetaClass.java:263)
	at groovy.lang.MetaClassImpl.invokeMethod(MetaClassImpl.java:1041)
	at groovy.lang.Closure.call(Closure.java:405)
	at org.spockframework.runtime.GroovyRuntimeUtil.invokeClosure(GroovyRuntimeUtil.java:202)
	at org.spockframework.mock.response.CodeResponseGenerator.invokeClosure(CodeResponseGenerator.java:54)
	at org.spockframework.mock.response.CodeResponseGenerator.doRespond(CodeResponseGenerator.java:37)
	at org.spockframework.mock.response.SingleResponseGenerator.respond(SingleResponseGenerator.java:32)
	at org.spockframework.mock.response.ResponseGeneratorChain.respond(ResponseGeneratorChain.java:44)
	at org.spockframework.mock.runtime.MockInteraction.accept(MockInteraction.java:73)
	at org.spockframework.mock.runtime.MockInteractionDecorator.accept(MockInteractionDecorator.java:50)
	at org.spockframework.mock.runtime.InteractionScope$1.accept(InteractionScope.java:51)
	at org.spockframework.mock.runtime.MockController.handle(MockController.java:40)
	at org.spockframework.mock.runtime.JavaMockInterceptor.intercept(JavaMockInterceptor.java:87)
	at org.spockframework.mock.runtime.ByteBuddyInterceptorAdapter.interceptNonAbstract(ByteBuddyInterceptorAdapter.java:35)
	at com.fasterxml.jackson.databind.ObjectMapper$SpockMock$456001620.readValue(Unknown Source)
	at com.bi.edp.catalog.adapter.provision_adapters.ProvisionAdaptersClient.lambda$getTokenFromApi$8(ProvisionAdaptersClient.java:180)
	at reactor.core.publisher.MonoPeekTerminal$MonoTerminalPeekSubscriber.onNext(MonoPeekTerminal.java:164)
	at reactor.core.publisher.Operators$MonoSubscriber.complete(Operators.java:1755)
	at reactor.core.publisher.MonoFlatMap$FlatMapInner.onNext(MonoFlatMap.java:241)
	at reactor.core.publisher.FluxOnAssembly$OnAssemblySubscriber.onNext(FluxOnAssembly.java:385)
	at reactor.core.publisher.FluxMapFuseable$MapFuseableSubscriber.onNext(FluxMapFuseable.java:121)
	at reactor.core.publisher.FluxContextStart$ContextStartSubscriber.onNext(FluxContextStart.java:96)
	at reactor.core.publisher.FluxMapFuseable$MapFuseableConditionalSubscriber.onNext(FluxMapFuseable.java:287)
	at reactor.core.publisher.FluxFilterFuseable$FilterFuseableConditionalSubscriber.onNext(FluxFilterFuseable.java:330)
	at reactor.core.publisher.Operators$MonoSubscriber.complete(Operators.java:1755)
	at reactor.core.publisher.MonoCollect$CollectSubscriber.onComplete(MonoCollect.java:152)
	at reactor.core.publisher.FluxMap$MapSubscriber.onComplete(FluxMap.java:136)
	at reactor.core.publisher.FluxPeek$PeekSubscriber.onComplete(FluxPeek.java:252)
	at reactor.core.publisher.FluxPeek$PeekSubscriber.onComplete(FluxPeek.java:252)
	at reactor.core.publisher.FluxMap$MapSubscriber.onComplete(FluxMap.java:136)
	at reactor.netty.channel.FluxReceive.onInboundComplete(FluxReceive.java:366)
	at reactor.netty.channel.ChannelOperations.onInboundComplete(ChannelOperations.java:367)
	at reactor.netty.channel.ChannelOperations.terminate(ChannelOperations.java:423)
	at reactor.netty.http.client.HttpClientOperations.onInboundNext(HttpClientOperations.java:607)
	at reactor.netty.channel.ChannelOperationsHandler.channelRead(ChannelOperationsHandler.java:96)
	at io.netty.channel.AbstractChannelHandlerContext.invokeChannelRead(AbstractChannelHandlerContext.java:379)
	at io.netty.channel.AbstractChannelHandlerContext.invokeChannelRead(AbstractChannelHandlerContext.java:365)
	at io.netty.channel.AbstractChannelHandlerContext.fireChannelRead(AbstractChannelHandlerContext.java:357)
	at io.netty.handler.timeout.IdleStateHandler.channelRead(IdleStateHandler.java:286)
	at io.netty.channel.AbstractChannelHandlerContext.invokeChannelRead(AbstractChannelHandlerContext.java:379)
	at io.netty.channel.AbstractChannelHandlerContext.invokeChannelRead(AbstractChannelHandlerContext.java:365)
	at io.netty.channel.AbstractChannelHandlerContext.fireChannelRead(AbstractChannelHandlerContext.java:357)
	at io.netty.channel.CombinedChannelDuplexHandler$DelegatingChannelHandlerContext.fireChannelRead(CombinedChannelDuplexHandler.java:436)
	at io.netty.handler.codec.ByteToMessageDecoder.fireChannelRead(ByteToMessageDecoder.java:324)
	at io.netty.handler.codec.ByteToMessageDecoder.channelRead(ByteToMessageDecoder.java:296)
	at io.netty.channel.CombinedChannelDuplexHandler.channelRead(CombinedChannelDuplexHandler.java:251)
	at io.netty.channel.AbstractChannelHandlerContext.invokeChannelRead(AbstractChannelHandlerContext.java:379)
	at io.netty.channel.AbstractChannelHandlerContext.invokeChannelRead(AbstractChannelHandlerContext.java:365)
	at io.netty.channel.AbstractChannelHandlerContext.fireChannelRead(AbstractChannelHandlerContext.java:357)
	at io.netty.channel.DefaultChannelPipeline$HeadContext.channelRead(DefaultChannelPipeline.java:1410)
	at io.netty.channel.AbstractChannelHandlerContext.invokeChannelRead(AbstractChannelHandlerContext.java:379)
	at io.netty.channel.AbstractChannelHandlerContext.invokeChannelRead(AbstractChannelHandlerContext.java:365)
	at io.netty.channel.DefaultChannelPipeline.fireChannelRead(DefaultChannelPipeline.java:919)
	at io.netty.channel.nio.AbstractNioByteChannel$NioByteUnsafe.read(AbstractNioByteChannel.java:163)
	at io.netty.channel.nio.NioEventLoop.processSelectedKey(NioEventLoop.java:714)
	at io.netty.channel.nio.NioEventLoop.processSelectedKeysOptimized(NioEventLoop.java:650)
	at io.netty.channel.nio.NioEventLoop.processSelectedKeys(NioEventLoop.java:576)
	at io.netty.channel.nio.NioEventLoop.run(NioEventLoop.java:493)
	at io.netty.util.concurrent.SingleThreadEventExecutor$4.run(SingleThreadEventExecutor.java:989)
	at io.netty.util.internal.ThreadExecutorMap$2.run(ThreadExecutorMap.java:74)
	at io.netty.util.concurrent.FastThreadLocalRunnable.run(FastThreadLocalRunnable.java:30)
	at java.base/java.lang.Thread.run(Thread.java:834)
13:18:32.839 [reactor-http-nio-4] DEBUG reactor.netty.resources.PooledConnectionProvider - [id: 0xe6d25d0b, L:/127.0.0.1:64997 - R:localhost/127.0.0.1:8080] onStateChange(POST{uri=/api/v0/components/login, connection=PooledConnection{channel=[id: 0xe6d25d0b, L:/127.0.0.1:64997 - R:localhost/127.0.0.1:8080]}}, [response_completed])
13:18:32.839 [reactor-http-nio-4] DEBUG reactor.netty.ReactorNetty - [id: 0xe6d25d0b, L:/127.0.0.1:64997 - R:localhost/127.0.0.1:8080] Removed handler: ReadTimeoutHandler, pipeline: DefaultChannelPipeline{(reactor.left.httpCodec = io.netty.handler.codec.http.HttpClientCodec), (WriteTimeoutHandler = io.netty.handler.timeout.WriteTimeoutHandler), (reactor.right.reactiveBridge = reactor.netty.channel.ChannelOperationsHandler)}
13:18:32.839 [reactor-http-nio-4] DEBUG reactor.netty.ReactorNetty - [id: 0xe6d25d0b, L:/127.0.0.1:64997 - R:localhost/127.0.0.1:8080] Removed handler: WriteTimeoutHandler, pipeline: DefaultChannelPipeline{(reactor.left.httpCodec = io.netty.handler.codec.http.HttpClientCodec), (reactor.right.reactiveBridge = reactor.netty.channel.ChannelOperationsHandler)}
13:18:32.839 [reactor-http-nio-4] DEBUG reactor.netty.resources.PooledConnectionProvider - [id: 0xe6d25d0b, L:/127.0.0.1:64997 - R:localhost/127.0.0.1:8080] onStateChange(POST{uri=/api/v0/components/login, connection=PooledConnection{channel=[id: 0xe6d25d0b, L:/127.0.0.1:64997 - R:localhost/127.0.0.1:8080]}}, [disconnecting])
13:18:32.839 [reactor-http-nio-4] DEBUG reactor.netty.resources.PooledConnectionProvider - [id: 0xe6d25d0b, L:/127.0.0.1:64997 - R:localhost/127.0.0.1:8080] Releasing channel
13:18:32.839 [reactor-http-nio-4] DEBUG reactor.netty.resources.PooledConnectionProvider - [id: 0xe6d25d0b, L:/127.0.0.1:64997 - R:localhost/127.0.0.1:8080] Channel cleaned, now 0 active connections and 2 inactive connections
13:18:34.493 [parallel-2] DEBUG org.springframework.web.reactive.function.client.ExchangeFunctions - [59b194d9] HTTP GET http://localhost:8080/api/v0/components/provision-adapters/awx
13:18:34.494 [reactor-http-nio-4] DEBUG reactor.netty.resources.PooledConnectionProvider - [id: 0xcbaa31af, L:/127.0.0.1:64996 - R:localhost/127.0.0.1:8080] Channel acquired, now 1 active connections and 1 inactive connections
13:18:34.494 [reactor-http-nio-4] DEBUG reactor.netty.ReactorNetty - [id: 0xcbaa31af, L:/127.0.0.1:64996 - R:localhost/127.0.0.1:8080] Added decoder [ReadTimeoutHandler] at the end of the user pipeline, full pipeline: [reactor.left.httpCodec, ReadTimeoutHandler, reactor.right.reactiveBridge, DefaultChannelPipeline$TailContext#0]
13:18:34.494 [reactor-http-nio-4] DEBUG reactor.netty.ReactorNetty - [id: 0xcbaa31af, L:/127.0.0.1:64996 - R:localhost/127.0.0.1:8080] Added decoder [WriteTimeoutHandler] at the end of the user pipeline, full pipeline: [reactor.left.httpCodec, ReadTimeoutHandler, WriteTimeoutHandler, reactor.right.reactiveBridge, DefaultChannelPipeline$TailContext#0]
13:18:34.494 [reactor-http-nio-4] DEBUG reactor.netty.http.client.HttpClientConnect - [id: 0xcbaa31af, L:/127.0.0.1:64996 - R:localhost/127.0.0.1:8080] Handler is being applied: {uri=http://localhost:8080/api/v0/components/provision-adapters/awx, method=GET}
13:18:34.495 [reactor-http-nio-4] DEBUG reactor.netty.resources.PooledConnectionProvider - [id: 0xcbaa31af, L:/127.0.0.1:64996 - R:localhost/127.0.0.1:8080] onStateChange(GET{uri=/api/v0/components/provision-adapters/awx, connection=PooledConnection{channel=[id: 0xcbaa31af, L:/127.0.0.1:64996 - R:localhost/127.0.0.1:8080]}}, [request_prepared])
13:18:34.496 [qtp1108502178-64] DEBUG org.eclipse.jetty.io.ManagedSelector - Selector sun.nio.ch.WindowsSelectorImpl@7fe0685e woken up from select, 1/1/1 selected
13:18:34.496 [qtp1108502178-64] DEBUG org.eclipse.jetty.io.ManagedSelector - Selector sun.nio.ch.WindowsSelectorImpl@7fe0685e processing 1 keys, 0 updates
13:18:34.496 [qtp1108502178-64] DEBUG org.eclipse.jetty.io.ManagedSelector - selected 1 channel=java.nio.channels.SocketChannel[connected local=/127.0.0.1:8080 remote=/127.0.0.1:64996], selector=sun.nio.ch.WindowsSelectorImpl@7fe0685e, interestOps=1, readyOps=1 NetworkTrafficSocketChannelEndPoint@40d68c3d{/127.0.0.1:64996<->/127.0.0.1:8080,OPEN,fill=FI,flush=-,to=1675/30000}{io=1/1,kio=1,kro=1}->HttpConnection@18566bd7[p=HttpParser{s=START,0 of -1},g=HttpGenerator@6c95ab84{s=START}]=>HttpChannelOverHttp@6cb96ec{s=HttpChannelState@3e69d518{s=IDLE rs=BLOCKING os=OPEN is=IDLE awp=false se=false i=true al=0},r=2,c=false/false,a=IDLE,uri=null,age=0} 
13:18:34.496 [reactor-http-nio-4] DEBUG reactor.netty.resources.PooledConnectionProvider - [id: 0xcbaa31af, L:/127.0.0.1:64996 - R:localhost/127.0.0.1:8080] onStateChange(GET{uri=/api/v0/components/provision-adapters/awx, connection=PooledConnection{channel=[id: 0xcbaa31af, L:/127.0.0.1:64996 - R:localhost/127.0.0.1:8080]}}, [request_sent])
13:18:34.496 [qtp1108502178-64] DEBUG org.eclipse.jetty.io.ChannelEndPoint - onSelected 1->0 r=true w=false for NetworkTrafficSocketChannelEndPoint@40d68c3d{/127.0.0.1:64996<->/127.0.0.1:8080,OPEN,fill=FI,flush=-,to=1675/30000}{io=1/0,kio=1,kro=1}->HttpConnection@18566bd7[p=HttpParser{s=START,0 of -1},g=HttpGenerator@6c95ab84{s=START}]=>HttpChannelOverHttp@6cb96ec{s=HttpChannelState@3e69d518{s=IDLE rs=BLOCKING os=OPEN is=IDLE awp=false se=false i=true al=0},r=2,c=false/false,a=IDLE,uri=null,age=0}
13:18:34.496 [qtp1108502178-64] DEBUG org.eclipse.jetty.io.ChannelEndPoint - task CEP:NetworkTrafficSocketChannelEndPoint@40d68c3d{/127.0.0.1:64996<->/127.0.0.1:8080,OPEN,fill=FI,flush=-,to=1675/30000}{io=1/0,kio=1,kro=1}->HttpConnection@18566bd7[p=HttpParser{s=START,0 of -1},g=HttpGenerator@6c95ab84{s=START}]=>HttpChannelOverHttp@6cb96ec{s=HttpChannelState@3e69d518{s=IDLE rs=BLOCKING os=OPEN is=IDLE awp=false se=false i=true al=0},r=2,c=false/false,a=IDLE,uri=null,age=0}:runFillable:BLOCKING
13:18:34.497 [qtp1108502178-64] DEBUG org.eclipse.jetty.util.thread.ReservedThreadExecutor - ReservedThreadExecutor@93479f5{s=1/1,p=0} tryExecute EatWhatYouKill@1f28123a/SelectorProducer@e09e6a1/PRODUCING/p=false/QueuedThreadPool[qtp1108502178]@421266a2{STARTED,8<=8<=14,i=2,r=1,q=0}[ReservedThreadExecutor@93479f5{s=1/1,p=0}][pc=0,pic=0,pec=0,epc=2]@2020-09-25T13:18:34.4969593+02:00
13:18:34.497 [qtp1108502178-64] DEBUG org.eclipse.jetty.util.thread.ReservedThreadExecutor - ReservedThreadExecutor@93479f5{s=0/1,p=0}@2d41a072 offer EatWhatYouKill@1f28123a/SelectorProducer@e09e6a1/PRODUCING/p=false/QueuedThreadPool[qtp1108502178]@421266a2{STARTED,8<=8<=14,i=2,r=1,q=0}[ReservedThreadExecutor@93479f5{s=0/1,p=0}][pc=0,pic=0,pec=0,epc=2]@2020-09-25T13:18:34.497971+02:00
13:18:34.497 [qtp1108502178-64] DEBUG org.eclipse.jetty.util.thread.ReservedThreadExecutor - ReservedThreadExecutor@93479f5{s=0/1,p=1} startReservedThread p=1
13:18:34.497 [qtp1108502178-64] DEBUG org.eclipse.jetty.util.thread.QueuedThreadPool - queue ReservedThreadExecutor@93479f5{s=0/1,p=1}@70dc57e3 startThread=0
13:18:34.497 [qtp1108502178-64] DEBUG org.eclipse.jetty.util.thread.strategy.EatWhatYouKill - EatWhatYouKill@1f28123a/SelectorProducer@e09e6a1/IDLE/p=true/QueuedThreadPool[qtp1108502178]@421266a2{STARTED,8<=8<=14,i=1,r=1,q=0}[ReservedThreadExecutor@93479f5{s=0/1,p=1}][pc=0,pic=0,pec=0,epc=2]@2020-09-25T13:18:34.497971+02:00 m=EXECUTE_PRODUCE_CONSUME t=CEP:NetworkTrafficSocketChannelEndPoint@40d68c3d{/127.0.0.1:64996<->/127.0.0.1:8080,OPEN,fill=FI,flush=-,to=1676/30000}{io=1/0,kio=1,kro=1}->HttpConnection@18566bd7[p=HttpParser{s=START,0 of -1},g=HttpGenerator@6c95ab84{s=START}]=>HttpChannelOverHttp@6cb96ec{s=HttpChannelState@3e69d518{s=IDLE rs=BLOCKING os=OPEN is=IDLE awp=false se=false i=true al=0},r=2,c=false/false,a=IDLE,uri=null,age=0}:runFillable:BLOCKING/BLOCKING
13:18:34.497 [qtp1108502178-64] DEBUG org.eclipse.jetty.io.FillInterest - fillable FillInterest@36b33c0c{AC.ReadCB@18566bd7{HttpConnection@18566bd7::NetworkTrafficSocketChannelEndPoint@40d68c3d{/127.0.0.1:64996<->/127.0.0.1:8080,OPEN,fill=FI,flush=-,to=1676/30000}{io=1/0,kio=1,kro=1}->HttpConnection@18566bd7[p=HttpParser{s=START,0 of -1},g=HttpGenerator@6c95ab84{s=START}]=>HttpChannelOverHttp@6cb96ec{s=HttpChannelState@3e69d518{s=IDLE rs=BLOCKING os=OPEN is=IDLE awp=false se=false i=true al=0},r=2,c=false/false,a=IDLE,uri=null,age=0}}}
13:18:34.497 [qtp1108502178-64] DEBUG org.eclipse.jetty.server.HttpConnection - HttpConnection@18566bd7::NetworkTrafficSocketChannelEndPoint@40d68c3d{/127.0.0.1:64996<->/127.0.0.1:8080,OPEN,fill=-,flush=-,to=1676/30000}{io=1/0,kio=1,kro=1}->HttpConnection@18566bd7[p=HttpParser{s=START,0 of -1},g=HttpGenerator@6c95ab84{s=START}]=>HttpChannelOverHttp@6cb96ec{s=HttpChannelState@3e69d518{s=IDLE rs=BLOCKING os=OPEN is=IDLE awp=false se=false i=true al=0},r=2,c=false/false,a=IDLE,uri=null,age=0} onFillable enter HttpChannelState@3e69d518{s=IDLE rs=BLOCKING os=OPEN is=IDLE awp=false se=false i=true al=0} null
13:18:34.497 [qtp1108502178-64] DEBUG org.eclipse.jetty.io.ChannelEndPoint - filled 157 HeapByteBuffer@10a99211[p=0,l=157,c=8192,r=157]={<<<GET /api/v0/components/pr...horization: Bearer \r\n\r\n>>> chunked\r...\x00\x00\x00\x00\x00\x00\x00}
13:18:34.498 [qtp1108502178-64] DEBUG org.eclipse.jetty.server.HttpConnection - HttpConnection@18566bd7::NetworkTrafficSocketChannelEndPoint@40d68c3d{/127.0.0.1:64996<->/127.0.0.1:8080,OPEN,fill=-,flush=-,to=0/30000}{io=1/0,kio=1,kro=1}->HttpConnection@18566bd7[p=HttpParser{s=START,0 of -1},g=HttpGenerator@6c95ab84{s=START}]=>HttpChannelOverHttp@6cb96ec{s=HttpChannelState@3e69d518{s=IDLE rs=BLOCKING os=OPEN is=IDLE awp=false se=false i=true al=0},r=2,c=false/false,a=IDLE,uri=null,age=0} filled 157 HeapByteBuffer@10a99211[p=0,l=157,c=8192,r=157]={<<<GET /api/v0/components/pr...horization: Bearer \r\n\r\n>>> chunked\r...\x00\x00\x00\x00\x00\x00\x00}
13:18:34.498 [qtp1108502178-64] DEBUG org.eclipse.jetty.server.HttpConnection - HttpConnection@18566bd7::NetworkTrafficSocketChannelEndPoint@40d68c3d{/127.0.0.1:64996<->/127.0.0.1:8080,OPEN,fill=-,flush=-,to=0/30000}{io=1/0,kio=1,kro=1}->HttpConnection@18566bd7[p=HttpParser{s=START,0 of -1},g=HttpGenerator@6c95ab84{s=START}]=>HttpChannelOverHttp@6cb96ec{s=HttpChannelState@3e69d518{s=IDLE rs=BLOCKING os=OPEN is=IDLE awp=false se=false i=true al=0},r=2,c=false/false,a=IDLE,uri=null,age=0} parse HeapByteBuffer@10a99211[p=0,l=157,c=8192,r=157]={<<<GET /api/v0/components/pr...horization: Bearer \r\n\r\n>>> chunked\r...\x00\x00\x00\x00\x00\x00\x00} {}
13:18:34.498 [qtp1108502178-64] DEBUG org.eclipse.jetty.http.HttpParser - parseNext s=START HeapByteBuffer@10a99211[p=0,l=157,c=8192,r=157]={<<<GET /api/v0/components/pr...horization: Bearer \r\n\r\n>>> chunked\r...\x00\x00\x00\x00\x00\x00\x00}
13:18:34.498 [qtp1108502178-64] DEBUG org.eclipse.jetty.http.HttpParser - START --> SPACE1
13:18:34.498 [qtp1108502178-64] DEBUG org.eclipse.jetty.http.HttpParser - SPACE1 --> URI
13:18:34.498 [qtp1108502178-64] DEBUG org.eclipse.jetty.http.HttpParser - URI --> SPACE2
13:18:34.498 [qtp1108502178-64] DEBUG org.eclipse.jetty.http.HttpParser - SPACE2 --> REQUEST_VERSION
13:18:34.498 [qtp1108502178-64] DEBUG org.eclipse.jetty.http.HttpParser - REQUEST_VERSION --> HEADER
13:18:34.498 [qtp1108502178-64] DEBUG org.eclipse.jetty.http.HttpParser - HEADER:User-Agent: ReactorNetty/0.9.7.RELEASE --> IN_VALUE
13:18:34.498 [qtp1108502178-64] DEBUG org.eclipse.jetty.http.HttpParser - HEADER:User-Agent: ReactorNetty/0.9.7.RELEASE --> FIELD
13:18:34.498 [qtp1108502178-64] DEBUG org.eclipse.jetty.http.HttpParser - HEADER:Host: localhost:8080 --> IN_VALUE
13:18:34.498 [qtp1108502178-64] DEBUG org.eclipse.jetty.http.HttpParser - HEADER:Host: localhost:8080 --> FIELD
13:18:34.498 [qtp1108502178-64] DEBUG org.eclipse.jetty.http.HttpParser - HEADER:Accept: */* --> IN_VALUE
13:18:34.498 [qtp1108502178-64] DEBUG org.eclipse.jetty.http.HttpParser - HEADER:Accept: */* --> FIELD
13:18:34.498 [qtp1108502178-64] DEBUG org.eclipse.jetty.http.HttpParser - HEADER:Authorization --> IN_VALUE
13:18:34.498 [qtp1108502178-64] DEBUG org.eclipse.jetty.http.HttpParser - HEADER:Authorization --> FIELD
13:18:34.498 [qtp1108502178-64] DEBUG org.eclipse.jetty.http.HttpParser - HEADER --> CONTENT
13:18:34.498 [qtp1108502178-64] DEBUG org.eclipse.jetty.server.HttpChannel - REQUEST for //localhost:8080/api/v0/components/provision-adapters/awx on HttpChannelOverHttp@6cb96ec{s=HttpChannelState@3e69d518{s=IDLE rs=BLOCKING os=OPEN is=IDLE awp=false se=false i=true al=0},r=3,c=false/false,a=IDLE,uri=//localhost:8080/api/v0/components/provision-adapters/awx,age=0}
GET //localhost:8080/api/v0/components/provision-adapters/awx HTTP/1.1
User-Agent: ReactorNetty/0.9.7.RELEASE
Host: localhost:8080
Accept: */*
Authorization: Bearer


13:18:34.498 [qtp1108502178-64] DEBUG org.eclipse.jetty.server.HttpConnection - HttpConnection@18566bd7::NetworkTrafficSocketChannelEndPoint@40d68c3d{/127.0.0.1:64996<->/127.0.0.1:8080,OPEN,fill=-,flush=-,to=0/30000}{io=1/0,kio=1,kro=1}->HttpConnection@18566bd7[p=HttpParser{s=CONTENT,0 of -1},g=HttpGenerator@6c95ab84{s=START}]=>HttpChannelOverHttp@6cb96ec{s=HttpChannelState@3e69d518{s=IDLE rs=BLOCKING os=OPEN is=IDLE awp=false se=false i=true al=0},r=3,c=false/false,a=IDLE,uri=//localhost:8080/api/v0/components/provision-adapters/awx,age=0} parsed true HttpParser{s=CONTENT,0 of -1}
13:18:34.498 [qtp1108502178-64] DEBUG org.eclipse.jetty.server.HttpConnection - releaseRequestBuffer HttpConnection@18566bd7::NetworkTrafficSocketChannelEndPoint@40d68c3d{/127.0.0.1:64996<->/127.0.0.1:8080,OPEN,fill=-,flush=-,to=0/30000}{io=1/0,kio=1,kro=1}->HttpConnection@18566bd7[p=HttpParser{s=CONTENT,0 of -1},g=HttpGenerator@6c95ab84{s=START}]=>HttpChannelOverHttp@6cb96ec{s=HttpChannelState@3e69d518{s=IDLE rs=BLOCKING os=OPEN is=IDLE awp=false se=false i=true al=0},r=3,c=false/false,a=IDLE,uri=//localhost:8080/api/v0/components/provision-adapters/awx,age=0}
13:18:34.499 [qtp1108502178-64] DEBUG org.eclipse.jetty.server.HttpChannel - handle //localhost:8080/api/v0/components/provision-adapters/awx HttpChannelOverHttp@6cb96ec{s=HttpChannelState@3e69d518{s=IDLE rs=BLOCKING os=OPEN is=IDLE awp=false se=false i=true al=0},r=3,c=false/false,a=IDLE,uri=//localhost:8080/api/v0/components/provision-adapters/awx,age=0} 
13:18:34.499 [qtp1108502178-64] DEBUG org.eclipse.jetty.server.HttpChannelState - handling HttpChannelState@3e69d518{s=IDLE rs=BLOCKING os=OPEN is=IDLE awp=false se=false i=true al=0}
13:18:34.499 [qtp1108502178-64] DEBUG org.eclipse.jetty.server.HttpChannel - action DISPATCH HttpChannelOverHttp@6cb96ec{s=HttpChannelState@3e69d518{s=HANDLING rs=BLOCKING os=OPEN is=IDLE awp=false se=false i=true al=0},r=3,c=false/false,a=HANDLING,uri=//localhost:8080/api/v0/components/provision-adapters/awx,age=1}
13:18:34.499 [qtp1108502178-64] DEBUG org.eclipse.jetty.server.Server - REQUEST GET /api/v0/components/provision-adapters/awx on HttpChannelOverHttp@6cb96ec{s=HttpChannelState@3e69d518{s=HANDLING rs=BLOCKING os=OPEN is=IDLE awp=false se=false i=true al=0},r=3,c=false/false,a=HANDLING,uri=//localhost:8080/api/v0/components/provision-adapters/awx,age=1}
13:18:34.499 [qtp1108502178-64] DEBUG org.eclipse.jetty.server.handler.ContextHandler - scope null||/api/v0/components/provision-adapters/awx @ o.e.j.s.ServletContextHandler@2f1e63de{/__admin,null,AVAILABLE}
13:18:34.499 [qtp1108502178-64] DEBUG org.eclipse.jetty.server.handler.gzip.GzipHandler - GzipHandler@5d9ee9b4{STARTED,min=32,inflate=-1} handle Request(GET //localhost:8080/api/v0/components/provision-adapters/awx)@301a83e9 in null
13:18:34.499 [qtp1108502178-64] DEBUG org.eclipse.jetty.server.handler.ContextHandler - scope null||/api/v0/components/provision-adapters/awx @ o.e.j.s.ServletContextHandler@1727dcb3{/,null,AVAILABLE}
13:18:34.499 [qtp1108502178-64] DEBUG org.eclipse.jetty.server.handler.ContextHandler - context=||/api/v0/components/provision-adapters/awx @ o.e.j.s.ServletContextHandler@1727dcb3{/,null,AVAILABLE}
13:18:34.499 [qtp1108502178-64] DEBUG org.eclipse.jetty.servlet.ServletHandler - servlet |/api/v0/components/provision-adapters/awx|null -> com.github.tomakehurst.wiremock.servlet.WireMockHandlerDispatchingServlet-1a9d23e8@b29cf05d==com.github.tomakehurst.wiremock.servlet.WireMockHandlerDispatchingServlet,jsp=null,order=-1,inst=true,async=true
13:18:34.499 [qtp1108502178-64] DEBUG org.eclipse.jetty.servlet.ServletHandler - chain=org.eclipse.jetty.servlets.CrossOriginFilter-27485e7d@27485e7d==org.eclipse.jetty.servlets.CrossOriginFilter,inst=true,async=true->com.github.tomakehurst.wiremock.servlet.WireMockHandlerDispatchingServlet-1a9d23e8@b29cf05d==com.github.tomakehurst.wiremock.servlet.WireMockHandlerDispatchingServlet,jsp=null,order=-1,inst=true,async=true
13:18:34.499 [qtp1108502178-64] DEBUG org.eclipse.jetty.servlet.ServletHandler - call filter org.eclipse.jetty.servlets.CrossOriginFilter-27485e7d@27485e7d==org.eclipse.jetty.servlets.CrossOriginFilter,inst=true,async=true
13:18:34.499 [qtp1108502178-64] DEBUG org.eclipse.jetty.servlet.ServletHandler - call servlet com.github.tomakehurst.wiremock.servlet.WireMockHandlerDispatchingServlet-1a9d23e8@b29cf05d==com.github.tomakehurst.wiremock.servlet.WireMockHandlerDispatchingServlet,jsp=null,order=-1,inst=true,async=true
13:18:34.500 [qtp1108502178-71] DEBUG org.eclipse.jetty.util.thread.ReservedThreadExecutor - ReservedThreadExecutor@93479f5{s=0/1,p=1}@2d41a072 task=EatWhatYouKill@1f28123a/SelectorProducer@e09e6a1/IDLE/p=true/QueuedThreadPool[qtp1108502178]@421266a2{STARTED,8<=8<=14,i=1,r=1,q=0}[ReservedThreadExecutor@93479f5{s=0/1,p=1}][pc=0,pic=0,pec=0,epc=3]@2020-09-25T13:18:34.4999583+02:00
13:18:34.500 [qtp1108502178-64] DEBUG org.eclipse.jetty.io.ChannelEndPoint - filled 0 HeapByteBuffer@10a99211[p=0,l=0,c=8192,r=0]={<<<>>>GET /api/...\x00\x00\x00\x00\x00\x00\x00}
13:18:34.500 [qtp1108502178-64] DEBUG org.eclipse.jetty.io.ChannelEndPoint - filled 0 HeapByteBuffer@10a99211[p=0,l=0,c=8192,r=0]={<<<>>>GET /api/...\x00\x00\x00\x00\x00\x00\x00}
13:18:34.500 [qtp1108502178-64] DEBUG org.eclipse.jetty.server.HttpConnection - HttpConnection@18566bd7::NetworkTrafficSocketChannelEndPoint@40d68c3d{/127.0.0.1:64996<->/127.0.0.1:8080,OPEN,fill=-,flush=-,to=2/30000}{io=1/0,kio=1,kro=1}->HttpConnection@18566bd7[p=HttpParser{s=CONTENT,0 of -1},g=HttpGenerator@6c95ab84{s=START}]=>HttpChannelOverHttp@6cb96ec{s=HttpChannelState@3e69d518{s=HANDLING rs=BLOCKING os=OPEN is=IDLE awp=false se=false i=true al=0},r=3,c=false/false,a=HANDLING,uri=//localhost:8080/api/v0/components/provision-adapters/awx,age=2} filled 0 HeapByteBuffer@10a99211[p=0,l=0,c=8192,r=0]={<<<>>>GET /api/...\x00\x00\x00\x00\x00\x00\x00}
13:18:34.500 [qtp1108502178-71] DEBUG org.eclipse.jetty.util.thread.strategy.EatWhatYouKill - EatWhatYouKill@1f28123a/SelectorProducer@e09e6a1/IDLE/p=true/QueuedThreadPool[qtp1108502178]@421266a2{STARTED,8<=8<=14,i=1,r=1,q=0}[ReservedThreadExecutor@93479f5{s=0/1,p=1}][pc=0,pic=0,pec=0,epc=3]@2020-09-25T13:18:34.5009608+02:00 tryProduce true
13:18:34.500 [qtp1108502178-71] DEBUG org.eclipse.jetty.io.ManagedSelector - updateable 0
13:18:34.500 [qtp1108502178-71] DEBUG org.eclipse.jetty.io.ManagedSelector - updates 0
13:18:34.500 [qtp1108502178-64] DEBUG org.eclipse.jetty.server.HttpConnection - HttpConnection@18566bd7::NetworkTrafficSocketChannelEndPoint@40d68c3d{/127.0.0.1:64996<->/127.0.0.1:8080,OPEN,fill=-,flush=-,to=2/30000}{io=1/0,kio=1,kro=1}->HttpConnection@18566bd7[p=HttpParser{s=CONTENT,0 of -1},g=HttpGenerator@6c95ab84{s=START}]=>HttpChannelOverHttp@6cb96ec{s=HttpChannelState@3e69d518{s=HANDLING rs=BLOCKING os=OPEN is=IDLE awp=false se=false i=true al=0},r=3,c=false/false,a=HANDLING,uri=//localhost:8080/api/v0/components/provision-adapters/awx,age=2} parse HeapByteBuffer@10a99211[p=0,l=0,c=8192,r=0]={<<<>>>GET /api/...\x00\x00\x00\x00\x00\x00\x00} {}
13:18:34.500 [qtp1108502178-64] DEBUG org.eclipse.jetty.http.HttpParser - parseNext s=CONTENT HeapByteBuffer@10a99211[p=0,l=0,c=8192,r=0]={<<<>>>GET /api/...\x00\x00\x00\x00\x00\x00\x00}
13:18:34.500 [qtp1108502178-64] DEBUG org.eclipse.jetty.http.HttpParser - CONTENT --> CONTENT_END
13:18:34.500 [qtp1108502178-64] DEBUG org.eclipse.jetty.server.HttpChannel - onContentComplete HttpChannelOverHttp@6cb96ec{s=HttpChannelState@3e69d518{s=HANDLING rs=BLOCKING os=OPEN is=IDLE awp=false se=false i=true al=0},r=3,c=false/false,a=HANDLING,uri=//localhost:8080/api/v0/components/provision-adapters/awx,age=2}
13:18:34.500 [qtp1108502178-64] DEBUG org.eclipse.jetty.http.HttpParser - CONTENT_END --> END
13:18:34.500 [qtp1108502178-70] DEBUG org.eclipse.jetty.util.thread.QueuedThreadPool - run ReservedThreadExecutor@93479f5{s=0/1,p=1}@70dc57e3 in QueuedThreadPool[qtp1108502178]@421266a2{STARTED,8<=8<=14,i=1,r=1,q=0}[ReservedThreadExecutor@93479f5{s=0/1,p=1}]
13:18:34.500 [qtp1108502178-70] DEBUG org.eclipse.jetty.util.thread.ReservedThreadExecutor - ReservedThreadExecutor@93479f5{s=1/1,p=1}@70dc57e3 started
13:18:34.500 [qtp1108502178-64] DEBUG org.eclipse.jetty.server.HttpChannel - onRequestComplete HttpChannelOverHttp@6cb96ec{s=HttpChannelState@3e69d518{s=HANDLING rs=BLOCKING os=OPEN is=IDLE awp=false se=false i=true al=0},r=3,c=false/false,a=HANDLING,uri=//localhost:8080/api/v0/components/provision-adapters/awx,age=2}
13:18:34.500 [qtp1108502178-70] DEBUG org.eclipse.jetty.util.thread.ReservedThreadExecutor - ReservedThreadExecutor@93479f5{s=1/1,p=0}@70dc57e3 waiting
13:18:34.501 [qtp1108502178-64] DEBUG org.eclipse.jetty.server.HttpInput - HttpInputOverHTTP@160d66f[c=0,q=0,[0]=null,s=STREAM] addContent EOF
13:18:34.501 [qtp1108502178-71] DEBUG org.eclipse.jetty.io.ChannelEndPoint - Key interests updated 1 -> 0 on NetworkTrafficSocketChannelEndPoint@40d68c3d{/127.0.0.1:64996<->/127.0.0.1:8080,OPEN,fill=-,flush=-,to=2/30000}{io=0/0,kio=0,kro=1}->HttpConnection@18566bd7[p=HttpParser{s=CONTENT,0 of -1},g=HttpGenerator@6c95ab84{s=START}]=>HttpChannelOverHttp@6cb96ec{s=HttpChannelState@3e69d518{s=HANDLING rs=BLOCKING os=OPEN is=IDLE awp=false se=false i=true al=0},r=3,c=false/false,a=HANDLING,uri=//localhost:8080/api/v0/components/provision-adapters/awx,age=2}
13:18:34.501 [qtp1108502178-71] DEBUG org.eclipse.jetty.io.ManagedSelector - Selector sun.nio.ch.WindowsSelectorImpl@7fe0685e waiting with 1 keys
13:18:34.501 [qtp1108502178-64] DEBUG org.eclipse.jetty.server.HttpConnection - HttpConnection@18566bd7::NetworkTrafficSocketChannelEndPoint@40d68c3d{/127.0.0.1:64996<->/127.0.0.1:8080,OPEN,fill=-,flush=-,to=3/30000}{io=0/0,kio=0,kro=1}->HttpConnection@18566bd7[p=HttpParser{s=END,0 of -1},g=HttpGenerator@6c95ab84{s=START}]=>HttpChannelOverHttp@6cb96ec{s=HttpChannelState@3e69d518{s=HANDLING rs=BLOCKING os=OPEN is=IDLE awp=false se=false i=true al=0},r=3,c=false/false,a=HANDLING,uri=//localhost:8080/api/v0/components/provision-adapters/awx,age=3} parsed false HttpParser{s=END,0 of -1}
13:18:34.501 [qtp1108502178-64] DEBUG org.eclipse.jetty.server.HttpConnection - releaseRequestBuffer HttpConnection@18566bd7::NetworkTrafficSocketChannelEndPoint@40d68c3d{/127.0.0.1:64996<->/127.0.0.1:8080,OPEN,fill=-,flush=-,to=3/30000}{io=0/0,kio=0,kro=1}->HttpConnection@18566bd7[p=HttpParser{s=END,0 of -1},g=HttpGenerator@6c95ab84{s=START}]=>HttpChannelOverHttp@6cb96ec{s=HttpChannelState@3e69d518{s=HANDLING rs=BLOCKING os=OPEN is=IDLE awp=false se=false i=true al=0},r=3,c=false/false,a=HANDLING,uri=//localhost:8080/api/v0/components/provision-adapters/awx,age=3}
13:18:34.501 [qtp1108502178-64] DEBUG org.eclipse.jetty.server.HttpChannelState - onEof HttpChannelState@3e69d518{s=HANDLING rs=BLOCKING os=OPEN is=IDLE awp=false se=false i=true al=0}
13:18:34.503 [qtp1108502178-64] DEBUG org.eclipse.jetty.server.handler.gzip.GzipHttpOutputInterceptor - org.eclipse.jetty.server.handler.gzip.GzipHttpOutputInterceptor@5d680993 exclude by status 401
13:18:34.503 [qtp1108502178-64] DEBUG org.eclipse.jetty.server.HttpChannel - sendResponse info=null content=HeapByteBuffer@137d328[p=0,l=0,c=0,r=0]={<<<>>>} complete=false committing=true callback=Blocker@50357ca6{null}
13:18:34.503 [qtp1108502178-64] DEBUG org.eclipse.jetty.server.HttpChannel - COMMIT for /api/v0/components/provision-adapters/awx on HttpChannelOverHttp@6cb96ec{s=HttpChannelState@3e69d518{s=HANDLING rs=BLOCKING os=COMMITTED is=READY awp=false se=false i=true al=0},r=3,c=false/false,a=HANDLING,uri=//localhost:8080/api/v0/components/provision-adapters/awx,age=5}
401 null HTTP/1.1
Matched-Stub-Id: 114ac421-5127-4729-9cbe-0d7159609aef


13:18:34.503 [qtp1108502178-64] DEBUG org.eclipse.jetty.server.HttpConnection - generate: NEED_HEADER for org.eclipse.jetty.server.HttpConnection$SendCallback@39610453[PROCESSING][i=HTTP/1.1{s=401,h=1,cl=-1},cb=org.eclipse.jetty.server.HttpChannel$SendCallback@5798385c] (null,[p=0,l=0,c=0,r=0],false)@START
13:18:34.503 [qtp1108502178-64] DEBUG org.eclipse.jetty.http.HttpGenerator - generateHeaders HTTP/1.1{s=401,h=1,cl=-1} last=false content=HeapByteBuffer@137d328[p=0,l=0,c=0,r=0]={<<<>>>}
13:18:34.503 [qtp1108502178-64] DEBUG org.eclipse.jetty.http.HttpGenerator - Matched-Stub-Id: 114ac421-5127-4729-9cbe-0d7159609aef


13:18:34.504 [qtp1108502178-64] DEBUG org.eclipse.jetty.http.HttpGenerator - CHUNKED_CONTENT
13:18:34.504 [qtp1108502178-64] DEBUG org.eclipse.jetty.server.HttpConnection - generate: FLUSH for org.eclipse.jetty.server.HttpConnection$SendCallback@39610453[PROCESSING][i=HTTP/1.1{s=401,h=1,cl=-1},cb=org.eclipse.jetty.server.HttpChannel$SendCallback@5798385c] ([p=0,l=145,c=8192,r=145],[p=0,l=0,c=0,r=0],false)@COMMITTED
13:18:34.504 [qtp1108502178-64] DEBUG org.eclipse.jetty.io.WriteFlusher - write: WriteFlusher@2fd05922{IDLE}->null [HeapByteBuffer@10a99211[p=0,l=145,c=8192,r=145]={<<<HTTP/1.1 401 Unauthorized...y(9.4.28.v20200408)\r\n\r\n>>> Bearer \r...\x00\x00\x00\x00\x00\x00\x00}]
13:18:34.504 [qtp1108502178-64] DEBUG org.eclipse.jetty.io.WriteFlusher - update WriteFlusher@2fd05922{WRITING}->null:IDLE-->WRITING
13:18:34.504 [qtp1108502178-64] DEBUG org.eclipse.jetty.io.ChannelEndPoint - flushed 145 NetworkTrafficSocketChannelEndPoint@40d68c3d{/127.0.0.1:64996<->/127.0.0.1:8080,OPEN,fill=-,flush=W,to=6/30000}{io=0/0,kio=0,kro=1}->HttpConnection@18566bd7[p=HttpParser{s=END,0 of -1},g=HttpGenerator@6c95ab84{s=COMMITTED}]=>HttpChannelOverHttp@6cb96ec{s=HttpChannelState@3e69d518{s=HANDLING rs=BLOCKING os=COMMITTED is=READY awp=false se=false i=true al=0},r=3,c=false/false,a=HANDLING,uri=//localhost:8080/api/v0/components/provision-adapters/awx,age=6}
13:18:34.504 [qtp1108502178-64] DEBUG org.eclipse.jetty.io.WriteFlusher - Flushed=true written=145 remaining=0 WriteFlusher@2fd05922{WRITING}->null
13:18:34.504 [qtp1108502178-64] DEBUG org.eclipse.jetty.io.WriteFlusher - update WriteFlusher@2fd05922{IDLE}->null:WRITING-->IDLE
13:18:34.504 [qtp1108502178-64] DEBUG org.eclipse.jetty.server.HttpConnection - generate: DONE for org.eclipse.jetty.server.HttpConnection$SendCallback@39610453[PROCESSING][i=HTTP/1.1{s=401,h=1,cl=-1},cb=org.eclipse.jetty.server.HttpChannel$SendCallback@5798385c] ([p=145,l=145,c=8192,r=0],[p=0,l=0,c=0,r=0],false)@COMMITTED
13:18:34.504 [qtp1108502178-64] DEBUG org.eclipse.jetty.server.HttpOutput - onWriteComplete(false,null) s=OPEN,api=BLOCKED,sc=false,e=null->s=OPEN,api=BLOCKING,sc=false,e=null c=null cb=null w=false
13:18:34.504 [qtp1108502178-64] DEBUG org.eclipse.jetty.server.HttpOutput - close() s=CLOSING,api=BLOCKED,sc=false,e=null c=HeapByteBuffer@137d328[p=0,l=0,c=0,r=0]={<<<>>>} b=Blocker@50357ca6{null}
13:18:34.505 [qtp1108502178-64] DEBUG org.eclipse.jetty.server.HttpChannel - sendResponse info=null content=HeapByteBuffer@137d328[p=0,l=0,c=0,r=0]={<<<>>>} complete=true committing=false callback=Blocker@50357ca6{null}
13:18:34.505 [qtp1108502178-64] DEBUG org.eclipse.jetty.server.HttpConnection - generate: CONTINUE for org.eclipse.jetty.server.HttpConnection$SendCallback@39610453[PROCESSING][i=null,cb=org.eclipse.jetty.server.HttpChannel$SendCallback@7a171558] (null,[p=0,l=0,c=0,r=0],true)@COMPLETING
13:18:34.505 [qtp1108502178-64] DEBUG org.eclipse.jetty.server.HttpConnection - generate: NEED_CHUNK for org.eclipse.jetty.server.HttpConnection$SendCallback@39610453[PROCESSING][i=null,cb=org.eclipse.jetty.server.HttpChannel$SendCallback@7a171558] (null,[p=0,l=0,c=0,r=0],true)@COMPLETING
13:18:34.505 [qtp1108502178-64] DEBUG org.eclipse.jetty.server.HttpConnection - generate: FLUSH for org.eclipse.jetty.server.HttpConnection$SendCallback@39610453[PROCESSING][i=null,cb=org.eclipse.jetty.server.HttpChannel$SendCallback@7a171558] (null,[p=0,l=0,c=0,r=0],true)@COMPLETING
13:18:34.505 [qtp1108502178-64] DEBUG org.eclipse.jetty.io.WriteFlusher - write: WriteFlusher@2fd05922{IDLE}->null [HeapByteBuffer@7d10bd05[p=0,l=5,c=1024,r=5]={<<<0\r\n\r\n>>>\r\n\x00\x00\x00\x00\x00\x00\x00...\x00\x00\x00\x00\x00\x00\x00}]
13:18:34.505 [reactor-http-nio-4] DEBUG reactor.netty.http.client.HttpClientOperations - [id: 0xcbaa31af, L:/127.0.0.1:64996 - R:localhost/127.0.0.1:8080] Received response (auto-read:false) : [Matched-Stub-Id=114ac421-5127-4729-9cbe-0d7159609aef, Transfer-Encoding=chunked, Server=Jetty(9.4.28.v20200408)]
13:18:34.505 [qtp1108502178-64] DEBUG org.eclipse.jetty.io.WriteFlusher - update WriteFlusher@2fd05922{WRITING}->null:IDLE-->WRITING
13:18:34.505 [reactor-http-nio-4] DEBUG reactor.netty.resources.PooledConnectionProvider - [id: 0xcbaa31af, L:/127.0.0.1:64996 - R:localhost/127.0.0.1:8080] onStateChange(GET{uri=/api/v0/components/provision-adapters/awx, connection=PooledConnection{channel=[id: 0xcbaa31af, L:/127.0.0.1:64996 - R:localhost/127.0.0.1:8080]}}, [response_received])
13:18:34.505 [reactor-http-nio-4] DEBUG org.springframework.web.reactive.function.client.ExchangeFunctions - [59b194d9] Response 401 UNAUTHORIZED
13:18:34.505 [qtp1108502178-64] DEBUG org.eclipse.jetty.io.ChannelEndPoint - flushed 5 NetworkTrafficSocketChannelEndPoint@40d68c3d{/127.0.0.1:64996<->/127.0.0.1:8080,OPEN,fill=-,flush=W,to=0/30000}{io=0/0,kio=0,kro=1}->HttpConnection@18566bd7[p=HttpParser{s=END,0 of -1},g=HttpGenerator@6c95ab84{s=COMPLETING}]=>HttpChannelOverHttp@6cb96ec{s=HttpChannelState@3e69d518{s=HANDLING rs=BLOCKING os=COMMITTED is=READY awp=false se=false i=true al=0},r=3,c=false/false,a=HANDLING,uri=//localhost:8080/api/v0/components/provision-adapters/awx,age=7}
13:18:34.505 [qtp1108502178-64] DEBUG org.eclipse.jetty.io.WriteFlusher - Flushed=true written=5 remaining=0 WriteFlusher@2fd05922{WRITING}->null
13:18:34.505 [qtp1108502178-64] DEBUG org.eclipse.jetty.io.WriteFlusher - update WriteFlusher@2fd05922{IDLE}->null:WRITING-->IDLE
13:18:34.505 [qtp1108502178-64] DEBUG org.eclipse.jetty.server.HttpConnection - generate: DONE for org.eclipse.jetty.server.HttpConnection$SendCallback@39610453[PROCESSING][i=null,cb=org.eclipse.jetty.server.HttpChannel$SendCallback@7a171558] (null,[p=0,l=0,c=0,r=0],true)@END
13:18:34.505 [qtp1108502178-64] DEBUG org.eclipse.jetty.server.HttpOutput - onWriteComplete(true,null) s=CLOSING,api=BLOCKED,sc=false,e=null->s=CLOSED,api=BLOCKING,sc=false,e=null c=null cb=null w=false
13:18:34.505 [qtp1108502178-64] DEBUG org.eclipse.jetty.server.Server - handled=true async=false committed=true on HttpChannelOverHttp@6cb96ec{s=HttpChannelState@3e69d518{s=HANDLING rs=BLOCKING os=COMPLETED is=READY awp=false se=false i=true al=0},r=3,c=false/true,a=HANDLING,uri=//localhost:8080/api/v0/components/provision-adapters/awx,age=7}
13:18:34.505 [qtp1108502178-64] DEBUG org.eclipse.jetty.server.HttpChannelState - unhandle HttpChannelState@3e69d518{s=HANDLING rs=BLOCKING os=COMPLETED is=READY awp=false se=false i=true al=0}
13:18:34.505 [qtp1108502178-64] DEBUG org.eclipse.jetty.server.HttpChannelState - nextAction(false) COMPLETE HttpChannelState@3e69d518{s=HANDLING rs=COMPLETING os=COMPLETED is=READY awp=false se=false i=false al=0}
13:18:34.505 [qtp1108502178-64] DEBUG org.eclipse.jetty.server.HttpChannel - action COMPLETE HttpChannelOverHttp@6cb96ec{s=HttpChannelState@3e69d518{s=HANDLING rs=COMPLETING os=COMPLETED is=READY awp=false se=false i=false al=0},r=3,c=false/true,a=HANDLING,uri=//localhost:8080/api/v0/components/provision-adapters/awx,age=7}
13:18:34.505 [qtp1108502178-64] DEBUG org.eclipse.jetty.server.HttpOutput - complete(org.eclipse.jetty.util.Callback$4@68e636b6) s=CLOSED,api=BLOCKING,sc=false,e=null s=true e=null, c=null
13:18:34.505 [qtp1108502178-64] DEBUG org.eclipse.jetty.server.HttpChannelState - completed HttpChannelState@3e69d518{s=HANDLING rs=COMPLETING os=COMPLETED is=READY awp=false se=false i=false al=0}
13:18:34.505 [qtp1108502178-64] DEBUG org.eclipse.jetty.server.HttpChannelState - unhandle HttpChannelState@3e69d518{s=HANDLING rs=COMPLETED os=COMPLETED is=READY awp=false se=false i=false al=0}
13:18:34.505 [qtp1108502178-64] DEBUG org.eclipse.jetty.server.HttpChannelState - nextAction(false) TERMINATED HttpChannelState@3e69d518{s=IDLE rs=COMPLETED os=COMPLETED is=READY awp=false se=false i=false al=0}
13:18:34.506 [qtp1108502178-64] DEBUG org.eclipse.jetty.server.HttpChannel - action TERMINATED HttpChannelOverHttp@6cb96ec{s=HttpChannelState@3e69d518{s=IDLE rs=COMPLETED os=COMPLETED is=READY awp=false se=false i=false al=0},r=3,c=true/true,a=IDLE,uri=//localhost:8080/api/v0/components/provision-adapters/awx,age=8}
13:18:34.506 [qtp1108502178-64] DEBUG org.eclipse.jetty.server.HttpChannel - onCompleted for /api/v0/components/provision-adapters/awx written=0
13:18:34.506 [qtp1108502178-64] DEBUG org.eclipse.jetty.server.HttpChannelState - recycle HttpChannelState@3e69d518{s=IDLE rs=COMPLETED os=COMPLETED is=READY awp=false se=false i=false al=0}
13:18:34.506 [qtp1108502178-64] DEBUG org.eclipse.jetty.http.HttpParser - reset HttpParser{s=END,0 of -1}
13:18:34.506 [qtp1108502178-64] DEBUG org.eclipse.jetty.http.HttpParser - END --> START
13:18:34.506 [qtp1108502178-64] DEBUG org.eclipse.jetty.server.HttpChannel - !handle TERMINATED HttpChannelOverHttp@6cb96ec{s=HttpChannelState@3e69d518{s=IDLE rs=BLOCKING os=OPEN is=IDLE awp=false se=false i=true al=0},r=3,c=false/false,a=IDLE,uri=null,age=0}
13:18:34.506 [reactor-http-nio-4] DEBUG reactor.netty.channel.FluxReceive - [id: 0xcbaa31af, L:/127.0.0.1:64996 - R:localhost/127.0.0.1:8080] Subscribing inbound receiver [pending: 0, cancelled:false, inboundDone: false]
13:18:34.506 [qtp1108502178-64] DEBUG org.eclipse.jetty.io.ChannelEndPoint - filled 0 HeapByteBuffer@10a99211[p=0,l=0,c=8192,r=0]={<<<>>>HTTP/1.1 ...\x00\x00\x00\x00\x00\x00\x00}
13:18:34.506 [qtp1108502178-64] DEBUG org.eclipse.jetty.io.ChannelEndPoint - filled 0 HeapByteBuffer@10a99211[p=0,l=0,c=8192,r=0]={<<<>>>HTTP/1.1 ...\x00\x00\x00\x00\x00\x00\x00}
13:18:34.506 [qtp1108502178-64] DEBUG org.eclipse.jetty.server.HttpConnection - HttpConnection@18566bd7::NetworkTrafficSocketChannelEndPoint@40d68c3d{/127.0.0.1:64996<->/127.0.0.1:8080,OPEN,fill=-,flush=-,to=0/30000}{io=0/0,kio=0,kro=1}->HttpConnection@18566bd7[p=HttpParser{s=START,0 of -1},g=HttpGenerator@6c95ab84{s=START}]=>HttpChannelOverHttp@6cb96ec{s=HttpChannelState@3e69d518{s=IDLE rs=BLOCKING os=OPEN is=IDLE awp=false se=false i=true al=0},r=3,c=false/false,a=IDLE,uri=null,age=0} filled 0 HeapByteBuffer@10a99211[p=0,l=0,c=8192,r=0]={<<<>>>HTTP/1.1 ...\x00\x00\x00\x00\x00\x00\x00}
13:18:34.506 [qtp1108502178-64] DEBUG org.eclipse.jetty.server.HttpConnection - HttpConnection@18566bd7::NetworkTrafficSocketChannelEndPoint@40d68c3d{/127.0.0.1:64996<->/127.0.0.1:8080,OPEN,fill=-,flush=-,to=0/30000}{io=0/0,kio=0,kro=1}->HttpConnection@18566bd7[p=HttpParser{s=START,0 of -1},g=HttpGenerator@6c95ab84{s=START}]=>HttpChannelOverHttp@6cb96ec{s=HttpChannelState@3e69d518{s=IDLE rs=BLOCKING os=OPEN is=IDLE awp=false se=false i=true al=0},r=3,c=false/false,a=IDLE,uri=null,age=0} parse HeapByteBuffer@10a99211[p=0,l=0,c=8192,r=0]={<<<>>>HTTP/1.1 ...\x00\x00\x00\x00\x00\x00\x00} {}
13:18:34.506 [qtp1108502178-64] DEBUG org.eclipse.jetty.http.HttpParser - parseNext s=START HeapByteBuffer@10a99211[p=0,l=0,c=8192,r=0]={<<<>>>HTTP/1.1 ...\x00\x00\x00\x00\x00\x00\x00}
13:18:34.506 [qtp1108502178-64] DEBUG org.eclipse.jetty.server.HttpConnection - HttpConnection@18566bd7::NetworkTrafficSocketChannelEndPoint@40d68c3d{/127.0.0.1:64996<->/127.0.0.1:8080,OPEN,fill=-,flush=-,to=1/30000}{io=0/0,kio=0,kro=1}->HttpConnection@18566bd7[p=HttpParser{s=START,0 of -1},g=HttpGenerator@6c95ab84{s=START}]=>HttpChannelOverHttp@6cb96ec{s=HttpChannelState@3e69d518{s=IDLE rs=BLOCKING os=OPEN is=IDLE awp=false se=false i=true al=0},r=3,c=false/false,a=IDLE,uri=null,age=0} parsed false HttpParser{s=START,0 of -1}
13:18:34.506 [qtp1108502178-64] DEBUG org.eclipse.jetty.server.HttpConnection - releaseRequestBuffer HttpConnection@18566bd7::NetworkTrafficSocketChannelEndPoint@40d68c3d{/127.0.0.1:64996<->/127.0.0.1:8080,OPEN,fill=-,flush=-,to=1/30000}{io=0/0,kio=0,kro=1}->HttpConnection@18566bd7[p=HttpParser{s=START,0 of -1},g=HttpGenerator@6c95ab84{s=START}]=>HttpChannelOverHttp@6cb96ec{s=HttpChannelState@3e69d518{s=IDLE rs=BLOCKING os=OPEN is=IDLE awp=false se=false i=true al=0},r=3,c=false/false,a=IDLE,uri=null,age=0}
13:18:34.506 [qtp1108502178-64] DEBUG org.eclipse.jetty.io.AbstractConnection - fillInterested HttpConnection@18566bd7::NetworkTrafficSocketChannelEndPoint@40d68c3d{/127.0.0.1:64996<->/127.0.0.1:8080,OPEN,fill=-,flush=-,to=1/30000}{io=0/0,kio=0,kro=1}->HttpConnection@18566bd7[p=HttpParser{s=START,0 of -1},g=HttpGenerator@6c95ab84{s=START}]=>HttpChannelOverHttp@6cb96ec{s=HttpChannelState@3e69d518{s=IDLE rs=BLOCKING os=OPEN is=IDLE awp=false se=false i=true al=0},r=3,c=false/false,a=IDLE,uri=null,age=0}
13:18:34.506 [qtp1108502178-64] DEBUG org.eclipse.jetty.io.FillInterest - interested FillInterest@36b33c0c{AC.ReadCB@18566bd7{HttpConnection@18566bd7::NetworkTrafficSocketChannelEndPoint@40d68c3d{/127.0.0.1:64996<->/127.0.0.1:8080,OPEN,fill=FI,flush=-,to=0/30000}{io=0/0,kio=0,kro=1}->HttpConnection@18566bd7[p=HttpParser{s=START,0 of -1},g=HttpGenerator@6c95ab84{s=START}]=>HttpChannelOverHttp@6cb96ec{s=HttpChannelState@3e69d518{s=IDLE rs=BLOCKING os=OPEN is=IDLE awp=false se=false i=true al=0},r=3,c=false/false,a=IDLE,uri=null,age=0}}}
13:18:34.507 [qtp1108502178-64] DEBUG org.eclipse.jetty.io.ChannelEndPoint - changeInterests p=false 0->1 for NetworkTrafficSocketChannelEndPoint@40d68c3d{/127.0.0.1:64996<->/127.0.0.1:8080,OPEN,fill=FI,flush=-,to=0/30000}{io=0/1,kio=0,kro=1}->HttpConnection@18566bd7[p=HttpParser{s=START,0 of -1},g=HttpGenerator@6c95ab84{s=START}]=>HttpChannelOverHttp@6cb96ec{s=HttpChannelState@3e69d518{s=IDLE rs=BLOCKING os=OPEN is=IDLE awp=false se=false i=true al=0},r=3,c=false/false,a=IDLE,uri=null,age=0}
13:18:34.507 [qtp1108502178-64] DEBUG org.eclipse.jetty.io.ManagedSelector - Queued change org.eclipse.jetty.io.ChannelEndPoint$1@4602fed7 on ManagedSelector@6cb7ae41{STARTED} id=0 keys=1 selected=0 updates=0
13:18:34.507 [reactor-http-nio-4] DEBUG reactor.netty.http.client.HttpClientOperations - [id: 0xcbaa31af, L:/127.0.0.1:64996 - R:localhost/127.0.0.1:8080] Received last HTTP packet
13:18:34.507 [qtp1108502178-64] DEBUG org.eclipse.jetty.io.ManagedSelector - Wakeup on submit ManagedSelector@6cb7ae41{STARTED} id=0 keys=1 selected=0 updates=1
13:18:34.507 [qtp1108502178-71] DEBUG org.eclipse.jetty.io.ManagedSelector - Selector sun.nio.ch.WindowsSelectorImpl@7fe0685e woken with none selected
13:18:34.507 [qtp1108502178-64] DEBUG org.eclipse.jetty.server.HttpConnection - HttpConnection@18566bd7::NetworkTrafficSocketChannelEndPoint@40d68c3d{/127.0.0.1:64996<->/127.0.0.1:8080,OPEN,fill=FI,flush=-,to=0/30000}{io=0/1,kio=0,kro=1}->HttpConnection@18566bd7[p=HttpParser{s=START,0 of -1},g=HttpGenerator@6c95ab84{s=START}]=>HttpChannelOverHttp@6cb96ec{s=HttpChannelState@3e69d518{s=IDLE rs=BLOCKING os=OPEN is=IDLE awp=false se=false i=true al=0},r=3,c=false/false,a=IDLE,uri=null,age=0} onFillable exit HttpChannelState@3e69d518{s=IDLE rs=BLOCKING os=OPEN is=IDLE awp=false se=false i=true al=0} null
13:18:34.507 [qtp1108502178-71] DEBUG org.eclipse.jetty.io.ManagedSelector - Selector sun.nio.ch.WindowsSelectorImpl@7fe0685e woken up from select, 0/0/1 selected
13:18:34.507 [qtp1108502178-64] DEBUG org.eclipse.jetty.util.thread.ReservedThreadExecutor - ReservedThreadExecutor@93479f5{s=1/1,p=0}@5fb878ee size 1 > capacity
13:18:34.507 [qtp1108502178-71] DEBUG org.eclipse.jetty.io.ManagedSelector - Selector sun.nio.ch.WindowsSelectorImpl@7fe0685e processing 0 keys, 1 updates
13:18:34.507 [qtp1108502178-71] DEBUG org.eclipse.jetty.io.ManagedSelector - updateable 1
13:18:34.507 [qtp1108502178-64] DEBUG org.eclipse.jetty.util.thread.QueuedThreadPool - ran ReservedThreadExecutor@93479f5{s=1/1,p=0}@5fb878ee in QueuedThreadPool[qtp1108502178]@421266a2{STARTED,8<=8<=14,i=1,r=1,q=0}[ReservedThreadExecutor@93479f5{s=1/1,p=0}]
13:18:34.507 [qtp1108502178-71] DEBUG org.eclipse.jetty.io.ManagedSelector - update org.eclipse.jetty.io.ChannelEndPoint$1@4602fed7
13:18:34.507 [qtp1108502178-71] DEBUG org.eclipse.jetty.io.ChannelEndPoint - Key interests updated 0 -> 1 on NetworkTrafficSocketChannelEndPoint@40d68c3d{/127.0.0.1:64996<->/127.0.0.1:8080,OPEN,fill=FI,flush=-,to=0/30000}{io=1/1,kio=1,kro=1}->HttpConnection@18566bd7[p=HttpParser{s=START,0 of -1},g=HttpGenerator@6c95ab84{s=START}]=>HttpChannelOverHttp@6cb96ec{s=HttpChannelState@3e69d518{s=IDLE rs=BLOCKING os=OPEN is=IDLE awp=false se=false i=true al=0},r=3,c=false/false,a=IDLE,uri=null,age=0}
13:18:34.507 [qtp1108502178-71] DEBUG org.eclipse.jetty.io.ManagedSelector - updates 0
13:18:34.507 [qtp1108502178-71] DEBUG org.eclipse.jetty.io.ManagedSelector - Selector sun.nio.ch.WindowsSelectorImpl@7fe0685e waiting with 1 keys
13:18:34.508 [reactor-http-nio-4] INFO com.bi.edp.catalog.adapter.provision_adapters.ProvisionAdaptersClient - ProvisionAdaptersClient unauthorized, trying to log in
13:18:34.509 [reactor-http-nio-4] DEBUG org.springframework.web.reactive.function.client.ExchangeFunctions - [61a0bede] HTTP POST http://localhost:8080/api/v0/components/login
13:18:34.510 [reactor-http-nio-4] DEBUG reactor.netty.resources.PooledConnectionProvider - [id: 0xe6d25d0b, L:/127.0.0.1:64997 - R:localhost/127.0.0.1:8080] Channel acquired, now 2 active connections and 0 inactive connections
13:18:34.510 [reactor-http-nio-4] DEBUG reactor.netty.ReactorNetty - [id: 0xe6d25d0b, L:/127.0.0.1:64997 - R:localhost/127.0.0.1:8080] Added decoder [ReadTimeoutHandler] at the end of the user pipeline, full pipeline: [reactor.left.httpCodec, ReadTimeoutHandler, reactor.right.reactiveBridge, DefaultChannelPipeline$TailContext#0]
13:18:34.510 [reactor-http-nio-4] DEBUG reactor.netty.ReactorNetty - [id: 0xe6d25d0b, L:/127.0.0.1:64997 - R:localhost/127.0.0.1:8080] Added decoder [WriteTimeoutHandler] at the end of the user pipeline, full pipeline: [reactor.left.httpCodec, ReadTimeoutHandler, WriteTimeoutHandler, reactor.right.reactiveBridge, DefaultChannelPipeline$TailContext#0]
13:18:34.510 [reactor-http-nio-4] DEBUG reactor.netty.http.client.HttpClientConnect - [id: 0xe6d25d0b, L:/127.0.0.1:64997 - R:localhost/127.0.0.1:8080] Handler is being applied: {uri=http://localhost:8080/api/v0/components/login, method=POST}
13:18:34.510 [reactor-http-nio-4] DEBUG reactor.netty.resources.PooledConnectionProvider - [id: 0xe6d25d0b, L:/127.0.0.1:64997 - R:localhost/127.0.0.1:8080] onStateChange(POST{uri=/api/v0/components/login, connection=PooledConnection{channel=[id: 0xe6d25d0b, L:/127.0.0.1:64997 - R:localhost/127.0.0.1:8080]}}, [request_prepared])
13:18:34.511 [reactor-http-nio-4] DEBUG org.springframework.core.codec.CharSequenceEncoder - [61a0bede] Writing "{"password":"123456","username":"catalogClientApi"}"
13:18:34.512 [qtp1108502178-65] DEBUG org.eclipse.jetty.io.ManagedSelector - Selector sun.nio.ch.WindowsSelectorImpl@38ce0e5b woken up from select, 1/1/2 selected
13:18:34.512 [qtp1108502178-65] DEBUG org.eclipse.jetty.io.ManagedSelector - Selector sun.nio.ch.WindowsSelectorImpl@38ce0e5b processing 1 keys, 0 updates
13:18:34.512 [reactor-http-nio-4] DEBUG reactor.netty.resources.PooledConnectionProvider - [id: 0xe6d25d0b, L:/127.0.0.1:64997 - R:localhost/127.0.0.1:8080] onStateChange(POST{uri=/api/v0/components/login, connection=PooledConnection{channel=[id: 0xe6d25d0b, L:/127.0.0.1:64997 - R:localhost/127.0.0.1:8080]}}, [request_sent])
13:18:34.512 [qtp1108502178-65] DEBUG org.eclipse.jetty.io.ManagedSelector - selected 1 channel=java.nio.channels.SocketChannel[connected local=/127.0.0.1:8080 remote=/127.0.0.1:64997], selector=sun.nio.ch.WindowsSelectorImpl@38ce0e5b, interestOps=1, readyOps=1 NetworkTrafficSocketChannelEndPoint@6d213d13{/127.0.0.1:64997<->/127.0.0.1:8080,OPEN,fill=FI,flush=-,to=1675/30000}{io=1/1,kio=1,kro=1}->HttpConnection@52f0da96[p=HttpParser{s=START,0 of -1},g=HttpGenerator@36ddbc7e{s=START}]=>HttpChannelOverHttp@2ca962b8{s=HttpChannelState@3d5787d{s=IDLE rs=BLOCKING os=OPEN is=IDLE awp=false se=false i=true al=0},r=2,c=false/false,a=IDLE,uri=null,age=0} 
13:18:34.513 [qtp1108502178-65] DEBUG org.eclipse.jetty.io.ChannelEndPoint - onSelected 1->0 r=true w=false for NetworkTrafficSocketChannelEndPoint@6d213d13{/127.0.0.1:64997<->/127.0.0.1:8080,OPEN,fill=FI,flush=-,to=1675/30000}{io=1/0,kio=1,kro=1}->HttpConnection@52f0da96[p=HttpParser{s=START,0 of -1},g=HttpGenerator@36ddbc7e{s=START}]=>HttpChannelOverHttp@2ca962b8{s=HttpChannelState@3d5787d{s=IDLE rs=BLOCKING os=OPEN is=IDLE awp=false se=false i=true al=0},r=2,c=false/false,a=IDLE,uri=null,age=0}
13:18:34.513 [reactor-http-nio-4] DEBUG org.springframework.web.reactive.function.client.ExchangeFunctions - [59b194d9] Cancel signal (to close connection)
13:18:34.513 [qtp1108502178-65] DEBUG org.eclipse.jetty.io.ChannelEndPoint - task CEP:NetworkTrafficSocketChannelEndPoint@6d213d13{/127.0.0.1:64997<->/127.0.0.1:8080,OPEN,fill=FI,flush=-,to=1676/30000}{io=1/0,kio=1,kro=1}->HttpConnection@52f0da96[p=HttpParser{s=START,0 of -1},g=HttpGenerator@36ddbc7e{s=START}]=>HttpChannelOverHttp@2ca962b8{s=HttpChannelState@3d5787d{s=IDLE rs=BLOCKING os=OPEN is=IDLE awp=false se=false i=true al=0},r=2,c=false/false,a=IDLE,uri=null,age=0}:runFillable:BLOCKING
13:18:34.514 [reactor-http-nio-4] DEBUG reactor.netty.resources.PooledConnectionProvider - [id: 0xcbaa31af, L:/127.0.0.1:64996 - R:localhost/127.0.0.1:8080] onStateChange(GET{uri=/api/v0/components/provision-adapters/awx, connection=PooledConnection{channel=[id: 0xcbaa31af, L:/127.0.0.1:64996 - R:localhost/127.0.0.1:8080]}}, [response_completed])
13:18:34.514 [qtp1108502178-65] DEBUG org.eclipse.jetty.util.thread.ReservedThreadExecutor - ReservedThreadExecutor@93479f5{s=1/1,p=0} tryExecute EatWhatYouKill@1083962f/SelectorProducer@4f65efc7/PRODUCING/p=false/QueuedThreadPool[qtp1108502178]@421266a2{STARTED,8<=8<=14,i=2,r=1,q=0}[ReservedThreadExecutor@93479f5{s=1/1,p=0}][pc=0,pic=0,pec=1,epc=4]@2020-09-25T13:18:34.51496+02:00
13:18:34.514 [reactor-http-nio-4] DEBUG reactor.netty.ReactorNetty - [id: 0xcbaa31af, L:/127.0.0.1:64996 - R:localhost/127.0.0.1:8080] Removed handler: ReadTimeoutHandler, pipeline: DefaultChannelPipeline{(reactor.left.httpCodec = io.netty.handler.codec.http.HttpClientCodec), (WriteTimeoutHandler = io.netty.handler.timeout.WriteTimeoutHandler), (reactor.right.reactiveBridge = reactor.netty.channel.ChannelOperationsHandler)}
13:18:34.514 [reactor-http-nio-4] DEBUG reactor.netty.ReactorNetty - [id: 0xcbaa31af, L:/127.0.0.1:64996 - R:localhost/127.0.0.1:8080] Removed handler: WriteTimeoutHandler, pipeline: DefaultChannelPipeline{(reactor.left.httpCodec = io.netty.handler.codec.http.HttpClientCodec), (reactor.right.reactiveBridge = reactor.netty.channel.ChannelOperationsHandler)}
13:18:34.514 [qtp1108502178-65] DEBUG org.eclipse.jetty.util.thread.ReservedThreadExecutor - ReservedThreadExecutor@93479f5{s=0/1,p=0}@70dc57e3 offer EatWhatYouKill@1083962f/SelectorProducer@4f65efc7/PRODUCING/p=false/QueuedThreadPool[qtp1108502178]@421266a2{STARTED,8<=8<=14,i=2,r=1,q=0}[ReservedThreadExecutor@93479f5{s=0/1,p=0}][pc=0,pic=0,pec=1,epc=4]@2020-09-25T13:18:34.51496+02:00
13:18:34.514 [reactor-http-nio-4] DEBUG reactor.netty.resources.PooledConnectionProvider - [id: 0xcbaa31af, L:/127.0.0.1:64996 - R:localhost/127.0.0.1:8080] onStateChange(GET{uri=/api/v0/components/provision-adapters/awx, connection=PooledConnection{channel=[id: 0xcbaa31af, L:/127.0.0.1:64996 - R:localhost/127.0.0.1:8080]}}, [disconnecting])
13:18:34.514 [reactor-http-nio-4] DEBUG reactor.netty.resources.PooledConnectionProvider - [id: 0xcbaa31af, L:/127.0.0.1:64996 - R:localhost/127.0.0.1:8080] Releasing channel
13:18:34.514 [qtp1108502178-65] DEBUG org.eclipse.jetty.util.thread.ReservedThreadExecutor - ReservedThreadExecutor@93479f5{s=0/1,p=1} startReservedThread p=1
13:18:34.514 [qtp1108502178-65] DEBUG org.eclipse.jetty.util.thread.QueuedThreadPool - queue ReservedThreadExecutor@93479f5{s=0/1,p=1}@2d4879a9 startThread=0
13:18:34.514 [reactor-http-nio-4] DEBUG reactor.netty.resources.PooledConnectionProvider - [id: 0xcbaa31af, L:/127.0.0.1:64996 - R:localhost/127.0.0.1:8080] Channel cleaned, now 1 active connections and 1 inactive connections
13:18:34.514 [qtp1108502178-65] DEBUG org.eclipse.jetty.util.thread.strategy.EatWhatYouKill - EatWhatYouKill@1083962f/SelectorProducer@4f65efc7/IDLE/p=true/QueuedThreadPool[qtp1108502178]@421266a2{STARTED,8<=8<=14,i=1,r=1,q=0}[ReservedThreadExecutor@93479f5{s=0/1,p=1}][pc=0,pic=0,pec=1,epc=4]@2020-09-25T13:18:34.51496+02:00 m=EXECUTE_PRODUCE_CONSUME t=CEP:NetworkTrafficSocketChannelEndPoint@6d213d13{/127.0.0.1:64997<->/127.0.0.1:8080,OPEN,fill=FI,flush=-,to=1677/30000}{io=1/0,kio=1,kro=1}->HttpConnection@52f0da96[p=HttpParser{s=START,0 of -1},g=HttpGenerator@36ddbc7e{s=START}]=>HttpChannelOverHttp@2ca962b8{s=HttpChannelState@3d5787d{s=IDLE rs=BLOCKING os=OPEN is=IDLE awp=false se=false i=true al=0},r=2,c=false/false,a=IDLE,uri=null,age=0}:runFillable:BLOCKING/BLOCKING
13:18:34.514 [qtp1108502178-65] DEBUG org.eclipse.jetty.io.FillInterest - fillable FillInterest@5186b4bf{AC.ReadCB@52f0da96{HttpConnection@52f0da96::NetworkTrafficSocketChannelEndPoint@6d213d13{/127.0.0.1:64997<->/127.0.0.1:8080,OPEN,fill=FI,flush=-,to=1677/30000}{io=1/0,kio=1,kro=1}->HttpConnection@52f0da96[p=HttpParser{s=START,0 of -1},g=HttpGenerator@36ddbc7e{s=START}]=>HttpChannelOverHttp@2ca962b8{s=HttpChannelState@3d5787d{s=IDLE rs=BLOCKING os=OPEN is=IDLE awp=false se=false i=true al=0},r=2,c=false/false,a=IDLE,uri=null,age=0}}}
13:18:34.514 [qtp1108502178-65] DEBUG org.eclipse.jetty.server.HttpConnection - HttpConnection@52f0da96::NetworkTrafficSocketChannelEndPoint@6d213d13{/127.0.0.1:64997<->/127.0.0.1:8080,OPEN,fill=-,flush=-,to=1677/30000}{io=1/0,kio=1,kro=1}->HttpConnection@52f0da96[p=HttpParser{s=START,0 of -1},g=HttpGenerator@36ddbc7e{s=START}]=>HttpChannelOverHttp@2ca962b8{s=HttpChannelState@3d5787d{s=IDLE rs=BLOCKING os=OPEN is=IDLE awp=false se=false i=true al=0},r=2,c=false/false,a=IDLE,uri=null,age=0} onFillable enter HttpChannelState@3d5787d{s=IDLE rs=BLOCKING os=OPEN is=IDLE awp=false se=false i=true al=0} null
13:18:34.515 [qtp1108502178-65] DEBUG org.eclipse.jetty.io.ChannelEndPoint - filled 220 HeapByteBuffer@10a99211[p=0,l=220,c=8192,r=220]={<<<POST /api/v0/components/l...me":"catalogClientApi"}>>>ee-4706-9...\x00\x00\x00\x00\x00\x00\x00}
13:18:34.515 [qtp1108502178-65] DEBUG org.eclipse.jetty.server.HttpConnection - HttpConnection@52f0da96::NetworkTrafficSocketChannelEndPoint@6d213d13{/127.0.0.1:64997<->/127.0.0.1:8080,OPEN,fill=-,flush=-,to=0/30000}{io=1/0,kio=1,kro=1}->HttpConnection@52f0da96[p=HttpParser{s=START,0 of -1},g=HttpGenerator@36ddbc7e{s=START}]=>HttpChannelOverHttp@2ca962b8{s=HttpChannelState@3d5787d{s=IDLE rs=BLOCKING os=OPEN is=IDLE awp=false se=false i=true al=0},r=2,c=false/false,a=IDLE,uri=null,age=0} filled 220 HeapByteBuffer@10a99211[p=0,l=220,c=8192,r=220]={<<<POST /api/v0/components/l...me":"catalogClientApi"}>>>ee-4706-9...\x00\x00\x00\x00\x00\x00\x00}
13:18:34.515 [qtp1108502178-65] DEBUG org.eclipse.jetty.server.HttpConnection - HttpConnection@52f0da96::NetworkTrafficSocketChannelEndPoint@6d213d13{/127.0.0.1:64997<->/127.0.0.1:8080,OPEN,fill=-,flush=-,to=0/30000}{io=1/0,kio=1,kro=1}->HttpConnection@52f0da96[p=HttpParser{s=START,0 of -1},g=HttpGenerator@36ddbc7e{s=START}]=>HttpChannelOverHttp@2ca962b8{s=HttpChannelState@3d5787d{s=IDLE rs=BLOCKING os=OPEN is=IDLE awp=false se=false i=true al=0},r=2,c=false/false,a=IDLE,uri=null,age=0} parse HeapByteBuffer@10a99211[p=0,l=220,c=8192,r=220]={<<<POST /api/v0/components/l...me":"catalogClientApi"}>>>ee-4706-9...\x00\x00\x00\x00\x00\x00\x00} {}
13:18:34.515 [qtp1108502178-65] DEBUG org.eclipse.jetty.http.HttpParser - parseNext s=START HeapByteBuffer@10a99211[p=0,l=220,c=8192,r=220]={<<<POST /api/v0/components/l...me":"catalogClientApi"}>>>ee-4706-9...\x00\x00\x00\x00\x00\x00\x00}
13:18:34.515 [qtp1108502178-65] DEBUG org.eclipse.jetty.http.HttpParser - START --> SPACE1
13:18:34.515 [qtp1108502178-65] DEBUG org.eclipse.jetty.http.HttpParser - SPACE1 --> URI
13:18:34.515 [qtp1108502178-65] DEBUG org.eclipse.jetty.http.HttpParser - URI --> SPACE2
13:18:34.515 [qtp1108502178-65] DEBUG org.eclipse.jetty.http.HttpParser - SPACE2 --> REQUEST_VERSION
13:18:34.515 [qtp1108502178-65] DEBUG org.eclipse.jetty.http.HttpParser - REQUEST_VERSION --> HEADER
13:18:34.515 [qtp1108502178-65] DEBUG org.eclipse.jetty.http.HttpParser - HEADER:User-Agent: ReactorNetty/0.9.7.RELEASE --> IN_VALUE
13:18:34.515 [qtp1108502178-65] DEBUG org.eclipse.jetty.http.HttpParser - HEADER:User-Agent: ReactorNetty/0.9.7.RELEASE --> FIELD
13:18:34.515 [qtp1108502178-65] DEBUG org.eclipse.jetty.http.HttpParser - HEADER:Host: localhost:8080 --> IN_VALUE
13:18:34.515 [qtp1108502178-65] DEBUG org.eclipse.jetty.http.HttpParser - HEADER:Host: localhost:8080 --> FIELD
13:18:34.515 [qtp1108502178-65] DEBUG org.eclipse.jetty.http.HttpParser - HEADER:Accept: */* --> IN_VALUE
13:18:34.515 [qtp1108502178-65] DEBUG org.eclipse.jetty.http.HttpParser - HEADER:Accept: */* --> FIELD
13:18:34.515 [qtp1108502178-65] DEBUG org.eclipse.jetty.http.HttpParser - HEADER:Content-Type: application/json --> IN_VALUE
13:18:34.515 [qtp1108502178-65] DEBUG org.eclipse.jetty.http.HttpParser - HEADER:Content-Type: application/json --> FIELD
13:18:34.515 [qtp1108502178-65] DEBUG org.eclipse.jetty.http.HttpParser - HEADER:Content-Length --> VALUE
13:18:34.515 [qtp1108502178-65] DEBUG org.eclipse.jetty.http.HttpParser - HEADER:Content-Length --> IN_VALUE
13:18:34.515 [qtp1108502178-65] DEBUG org.eclipse.jetty.http.HttpParser - HEADER:Content-Length --> FIELD
13:18:34.515 [qtp1108502178-65] DEBUG org.eclipse.jetty.http.HttpParser - HEADER --> CONTENT
13:18:34.515 [qtp1108502178-65] DEBUG org.eclipse.jetty.server.HttpChannel - REQUEST for //localhost:8080/api/v0/components/login on HttpChannelOverHttp@2ca962b8{s=HttpChannelState@3d5787d{s=IDLE rs=BLOCKING os=OPEN is=IDLE awp=false se=false i=true al=0},r=3,c=false/false,a=IDLE,uri=//localhost:8080/api/v0/components/login,age=0}
POST //localhost:8080/api/v0/components/login HTTP/1.1
User-Agent: ReactorNetty/0.9.7.RELEASE
Host: localhost:8080
Accept: */*
Content-Type: application/json
Content-Length: 51


13:18:34.515 [qtp1108502178-65] DEBUG org.eclipse.jetty.server.HttpConnection - HttpConnection@52f0da96::NetworkTrafficSocketChannelEndPoint@6d213d13{/127.0.0.1:64997<->/127.0.0.1:8080,OPEN,fill=-,flush=-,to=0/30000}{io=1/0,kio=1,kro=1}->HttpConnection@52f0da96[p=HttpParser{s=CONTENT,0 of 51},g=HttpGenerator@36ddbc7e{s=START}]=>HttpChannelOverHttp@2ca962b8{s=HttpChannelState@3d5787d{s=IDLE rs=BLOCKING os=OPEN is=IDLE awp=false se=false i=true al=0},r=3,c=false/false,a=IDLE,uri=//localhost:8080/api/v0/components/login,age=0} parsed true HttpParser{s=CONTENT,0 of 51}
13:18:34.516 [qtp1108502178-65] DEBUG org.eclipse.jetty.server.HttpChannel - handle //localhost:8080/api/v0/components/login HttpChannelOverHttp@2ca962b8{s=HttpChannelState@3d5787d{s=IDLE rs=BLOCKING os=OPEN is=IDLE awp=false se=false i=true al=0},r=3,c=false/false,a=IDLE,uri=//localhost:8080/api/v0/components/login,age=0} 
13:18:34.516 [qtp1108502178-65] DEBUG org.eclipse.jetty.server.HttpChannelState - handling HttpChannelState@3d5787d{s=IDLE rs=BLOCKING os=OPEN is=IDLE awp=false se=false i=true al=0}
13:18:34.516 [qtp1108502178-65] DEBUG org.eclipse.jetty.server.HttpChannel - action DISPATCH HttpChannelOverHttp@2ca962b8{s=HttpChannelState@3d5787d{s=HANDLING rs=BLOCKING os=OPEN is=IDLE awp=false se=false i=true al=0},r=3,c=false/false,a=HANDLING,uri=//localhost:8080/api/v0/components/login,age=1}
13:18:34.516 [qtp1108502178-65] DEBUG org.eclipse.jetty.server.Server - REQUEST POST /api/v0/components/login on HttpChannelOverHttp@2ca962b8{s=HttpChannelState@3d5787d{s=HANDLING rs=BLOCKING os=OPEN is=IDLE awp=false se=false i=true al=0},r=3,c=false/false,a=HANDLING,uri=//localhost:8080/api/v0/components/login,age=1}
13:18:34.516 [qtp1108502178-65] DEBUG org.eclipse.jetty.server.handler.ContextHandler - scope null||/api/v0/components/login @ o.e.j.s.ServletContextHandler@2f1e63de{/__admin,null,AVAILABLE}
13:18:34.516 [qtp1108502178-65] DEBUG org.eclipse.jetty.server.handler.gzip.GzipHandler - GzipHandler@5d9ee9b4{STARTED,min=32,inflate=-1} handle Request(POST //localhost:8080/api/v0/components/login)@5b87e7c1 in null
13:18:34.516 [qtp1108502178-65] DEBUG org.eclipse.jetty.server.handler.ContextHandler - scope null||/api/v0/components/login @ o.e.j.s.ServletContextHandler@1727dcb3{/,null,AVAILABLE}
13:18:34.516 [qtp1108502178-65] DEBUG org.eclipse.jetty.server.handler.ContextHandler - context=||/api/v0/components/login @ o.e.j.s.ServletContextHandler@1727dcb3{/,null,AVAILABLE}
13:18:34.516 [qtp1108502178-65] DEBUG org.eclipse.jetty.servlet.ServletHandler - servlet |/api/v0/components/login|null -> com.github.tomakehurst.wiremock.servlet.WireMockHandlerDispatchingServlet-1a9d23e8@b29cf05d==com.github.tomakehurst.wiremock.servlet.WireMockHandlerDispatchingServlet,jsp=null,order=-1,inst=true,async=true
13:18:34.517 [qtp1108502178-65] DEBUG org.eclipse.jetty.servlet.ServletHandler - chain=org.eclipse.jetty.servlets.CrossOriginFilter-27485e7d@27485e7d==org.eclipse.jetty.servlets.CrossOriginFilter,inst=true,async=true->com.github.tomakehurst.wiremock.servlet.WireMockHandlerDispatchingServlet-1a9d23e8@b29cf05d==com.github.tomakehurst.wiremock.servlet.WireMockHandlerDispatchingServlet,jsp=null,order=-1,inst=true,async=true
13:18:34.517 [qtp1108502178-65] DEBUG org.eclipse.jetty.servlet.ServletHandler - call filter org.eclipse.jetty.servlets.CrossOriginFilter-27485e7d@27485e7d==org.eclipse.jetty.servlets.CrossOriginFilter,inst=true,async=true
13:18:34.517 [qtp1108502178-65] DEBUG org.eclipse.jetty.servlet.ServletHandler - call servlet com.github.tomakehurst.wiremock.servlet.WireMockHandlerDispatchingServlet-1a9d23e8@b29cf05d==com.github.tomakehurst.wiremock.servlet.WireMockHandlerDispatchingServlet,jsp=null,order=-1,inst=true,async=true
13:18:34.518 [qtp1108502178-65] DEBUG org.eclipse.jetty.server.HttpConnection - HttpConnection@52f0da96::NetworkTrafficSocketChannelEndPoint@6d213d13{/127.0.0.1:64997<->/127.0.0.1:8080,OPEN,fill=-,flush=-,to=2/30000}{io=1/0,kio=1,kro=1}->HttpConnection@52f0da96[p=HttpParser{s=CONTENT,0 of 51},g=HttpGenerator@36ddbc7e{s=START}]=>HttpChannelOverHttp@2ca962b8{s=HttpChannelState@3d5787d{s=HANDLING rs=BLOCKING os=OPEN is=IDLE awp=false se=false i=true al=0},r=3,c=false/false,a=HANDLING,uri=//localhost:8080/api/v0/components/login,age=3} parse HeapByteBuffer@10a99211[p=169,l=220,c=8192,r=51]={POST /api... 51\r\n\r\n<<<{"password":"123456","use...me":"catalogClientApi"}>>>ee-4706-9...\x00\x00\x00\x00\x00\x00\x00} {}
13:18:34.518 [qtp1108502178-65] DEBUG org.eclipse.jetty.http.HttpParser - parseNext s=CONTENT HeapByteBuffer@10a99211[p=169,l=220,c=8192,r=51]={POST /api... 51\r\n\r\n<<<{"password":"123456","use...me":"catalogClientApi"}>>>ee-4706-9...\x00\x00\x00\x00\x00\x00\x00}
13:18:34.518 [qtp1108502178-65] DEBUG org.eclipse.jetty.server.HttpChannel - onContent HttpChannelOverHttp@2ca962b8{s=HttpChannelState@3d5787d{s=HANDLING rs=BLOCKING os=OPEN is=IDLE awp=false se=false i=true al=0},r=3,c=false/false,a=HANDLING,uri=//localhost:8080/api/v0/components/login,age=3} Content@762d1e32{HeapByteBufferR@126a6f04[p=169,l=220,c=8192,r=51]={POST /api... 51\r\n\r\n<<<{"password":"123456","use...me":"catalogClientApi"}>>>ee-4706-9...\x00\x00\x00\x00\x00\x00\x00}}
13:18:34.519 [qtp1108502178-69] DEBUG org.eclipse.jetty.util.thread.QueuedThreadPool - run ReservedThreadExecutor@93479f5{s=0/1,p=1}@2d4879a9 in QueuedThreadPool[qtp1108502178]@421266a2{STARTED,8<=8<=14,i=1,r=1,q=0}[ReservedThreadExecutor@93479f5{s=0/1,p=1}]
13:18:34.519 [qtp1108502178-69] DEBUG org.eclipse.jetty.util.thread.ReservedThreadExecutor - ReservedThreadExecutor@93479f5{s=1/1,p=1}@2d4879a9 started
13:18:34.519 [qtp1108502178-69] DEBUG org.eclipse.jetty.util.thread.ReservedThreadExecutor - ReservedThreadExecutor@93479f5{s=1/1,p=0}@2d4879a9 waiting
13:18:34.519 [Test worker] DEBUG org.eclipse.jetty.util.component.AbstractLifeCycle - stopping Server@39bec851{STARTED}[9.4.28.v20200408]
13:18:34.519 [Test worker] DEBUG org.eclipse.jetty.server.Server - doStop Server@39bec851{STOPPING}[9.4.28.v20200408]
13:18:34.520 [Test worker] DEBUG org.eclipse.jetty.util.component.AbstractLifeCycle - stopping NetworkTrafficServerConnector@4cc10b86{HTTP/1.1, (http/1.1)}{0.0.0.0:8080}
13:18:34.520 [Test worker] DEBUG org.eclipse.jetty.util.component.AbstractLifeCycle - stopping SelectorManager@NetworkTrafficServerConnector@4cc10b86{HTTP/1.1, (http/1.1)}{0.0.0.0:8080}
13:18:34.520 [Test worker] DEBUG org.eclipse.jetty.util.component.AbstractLifeCycle - stopping ManagedSelector@e983464{STARTED} id=1 keys=2 selected=1 updates=0
13:18:34.520 [Test worker] DEBUG org.eclipse.jetty.io.ManagedSelector - Queued change org.eclipse.jetty.io.ManagedSelector$CloseConnections@4328461 on ManagedSelector@e983464{STOPPING} id=1 keys=2 selected=1 updates=0
13:18:34.521 [qtp1108502178-65] DEBUG org.eclipse.jetty.server.HttpInput - HttpInputOverHTTP@2f510e30[c=0,q=0,[0]=null,s=STREAM] addContent Content@762d1e32{HeapByteBufferR@126a6f04[p=169,l=220,c=8192,r=51]={POST /api... 51\r\n\r\n<<<{"password":"123456","use...me":"catalogClientApi"}>>>ee-4706-9...\x00\x00\x00\x00\x00\x00\x00}}
13:18:34.521 [qtp1108502178-65] DEBUG org.eclipse.jetty.http.HttpParser - CONTENT --> CONTENT_END
13:18:34.521 [qtp1108502178-65] DEBUG org.eclipse.jetty.server.HttpChannel - onContentComplete HttpChannelOverHttp@2ca962b8{s=HttpChannelState@3d5787d{s=HANDLING rs=BLOCKING os=OPEN is=IDLE awp=false se=false i=true al=0},r=3,c=false/false,a=HANDLING,uri=//localhost:8080/api/v0/components/login,age=6}
13:18:34.521 [qtp1108502178-65] DEBUG org.eclipse.jetty.http.HttpParser - CONTENT_END --> END
13:18:34.521 [qtp1108502178-65] DEBUG org.eclipse.jetty.server.HttpChannel - onRequestComplete HttpChannelOverHttp@2ca962b8{s=HttpChannelState@3d5787d{s=HANDLING rs=BLOCKING os=OPEN is=IDLE awp=false se=false i=true al=0},r=3,c=false/false,a=HANDLING,uri=//localhost:8080/api/v0/components/login,age=6}
13:18:34.521 [qtp1108502178-65] DEBUG org.eclipse.jetty.server.HttpInput - HttpInputOverHTTP@2f510e30[c=0,q=1,[0]=EOF,s=STREAM] addContent EOF
13:18:34.521 [qtp1108502178-65] DEBUG org.eclipse.jetty.server.HttpConnection - HttpConnection@52f0da96::NetworkTrafficSocketChannelEndPoint@6d213d13{/127.0.0.1:64997<->/127.0.0.1:8080,OPEN,fill=-,flush=-,to=6/30000}{io=1/0,kio=1,kro=1}->HttpConnection@52f0da96[p=HttpParser{s=END,51 of 51},g=HttpGenerator@36ddbc7e{s=START}]=>HttpChannelOverHttp@2ca962b8{s=HttpChannelState@3d5787d{s=HANDLING rs=BLOCKING os=OPEN is=IDLE awp=false se=false i=true al=0},r=3,c=false/false,a=HANDLING,uri=//localhost:8080/api/v0/components/login,age=6} parsed false HttpParser{s=END,51 of 51}
13:18:34.521 [qtp1108502178-65] DEBUG org.eclipse.jetty.server.HttpInput - HttpInputOverHTTP@2f510e30[c=51,q=1,[0]=EOF,s=STREAM] read 51 from Content@762d1e32{HeapByteBufferR@126a6f04[p=220,l=220,c=8192,r=0]={POST /api...ntApi"}<<<>>>ee-4706-9...\x00\x00\x00\x00\x00\x00\x00}}
13:18:34.521 [qtp1108502178-70] DEBUG org.eclipse.jetty.util.thread.ReservedThreadExecutor - ReservedThreadExecutor@93479f5{s=1/1,p=0}@70dc57e3 task=EatWhatYouKill@1083962f/SelectorProducer@4f65efc7/IDLE/p=true/QueuedThreadPool[qtp1108502178]@421266a2{STARTED,8<=8<=14,i=1,r=1,q=0}[ReservedThreadExecutor@93479f5{s=1/1,p=0}][pc=0,pic=0,pec=1,epc=5]@2020-09-25T13:18:34.5219575+02:00
13:18:34.521 [qtp1108502178-65] DEBUG org.eclipse.jetty.server.HttpConnection - releaseRequestBuffer HttpConnection@52f0da96::NetworkTrafficSocketChannelEndPoint@6d213d13{/127.0.0.1:64997<->/127.0.0.1:8080,OPEN,fill=-,flush=-,to=6/30000}{io=1/0,kio=1,kro=1}->HttpConnection@52f0da96[p=HttpParser{s=END,51 of 51},g=HttpGenerator@36ddbc7e{s=START}]=>HttpChannelOverHttp@2ca962b8{s=HttpChannelState@3d5787d{s=HANDLING rs=BLOCKING os=OPEN is=IDLE awp=false se=false i=true al=0},r=3,c=false/false,a=HANDLING,uri=//localhost:8080/api/v0/components/login,age=6}
13:18:34.521 [qtp1108502178-70] DEBUG org.eclipse.jetty.util.thread.strategy.EatWhatYouKill - EatWhatYouKill@1083962f/SelectorProducer@4f65efc7/IDLE/p=true/QueuedThreadPool[qtp1108502178]@421266a2{STARTED,8<=8<=14,i=1,r=1,q=0}[ReservedThreadExecutor@93479f5{s=1/1,p=0}][pc=0,pic=0,pec=1,epc=5]@2020-09-25T13:18:34.5219575+02:00 tryProduce true
13:18:34.521 [qtp1108502178-70] DEBUG org.eclipse.jetty.io.ManagedSelector - updateable 1
13:18:34.521 [qtp1108502178-65] DEBUG org.eclipse.jetty.server.HttpChannelState - onEof HttpChannelState@3d5787d{s=HANDLING rs=BLOCKING os=OPEN is=IDLE awp=false se=false i=true al=0}
13:18:34.521 [qtp1108502178-70] DEBUG org.eclipse.jetty.io.ManagedSelector - update org.eclipse.jetty.io.ManagedSelector$CloseConnections@4328461
13:18:34.521 [qtp1108502178-70] DEBUG org.eclipse.jetty.io.ManagedSelector - Closing 2 connections on ManagedSelector@e983464{STOPPING} id=1 keys=2 selected=1 updates=0
13:18:34.521 [qtp1108502178-70] DEBUG org.eclipse.jetty.io.AbstractEndPoint - close NetworkTrafficSocketChannelEndPoint@56757adf{/127.0.0.1:64995<->/127.0.0.1:8080,OPEN,fill=FI,flush=-,to=2882/30000}{io=1/1,kio=1,kro=1}->HttpConnection@6451b636[p=HttpParser{s=START,0 of -1},g=HttpGenerator@28dc6d4b{s=START}]=>HttpChannelOverHttp@5c8d11af{s=HttpChannelState@198f945a{s=IDLE rs=BLOCKING os=OPEN is=IDLE awp=false se=false i=true al=0},r=3,c=false/false,a=IDLE,uri=null,age=0}
13:18:34.521 [qtp1108502178-70] DEBUG org.eclipse.jetty.io.AbstractEndPoint - close(null) NetworkTrafficSocketChannelEndPoint@56757adf{/127.0.0.1:64995<->/127.0.0.1:8080,OPEN,fill=FI,flush=-,to=2882/30000}{io=1/1,kio=1,kro=1}->HttpConnection@6451b636[p=HttpParser{s=START,0 of -1},g=HttpGenerator@28dc6d4b{s=START}]=>HttpChannelOverHttp@5c8d11af{s=HttpChannelState@198f945a{s=IDLE rs=BLOCKING os=OPEN is=IDLE awp=false se=false i=true al=0},r=3,c=false/false,a=IDLE,uri=null,age=0}
13:18:34.523 [qtp1108502178-65] DEBUG org.eclipse.jetty.server.HttpOutput - write(array HeapByteBuffer@2aa92e03[p=0,l=21,c=8192,r=21]={<<<{"token":"someToken"}>>>\x00\x00\x00\x00\x00\x00\x00\x00\x00...\x00\x00\x00\x00\x00\x00\x00})
13:18:34.523 [qtp1108502178-65] DEBUG org.eclipse.jetty.server.HttpOutput - write(array) s=OPEN,api=BLOCKING,sc=false,e=null aggregated !flush HeapByteBuffer@7eaa8d9a[p=0,l=21,c=32768,r=21]={<<<{"token":"someToken"}>>>\x00\x00\x00\x00\x00\x00\x00\x00\x00...\x00\x00\x00\x00\x00\x00\x00}
13:18:34.523 [qtp1108502178-65] DEBUG org.eclipse.jetty.server.handler.gzip.GzipHandler - GzipHandler@5d9ee9b4{STARTED,min=32,inflate=-1} excluded not gzip accept Request(POST //localhost:8080/api/v0/components/login)@5b87e7c1
13:18:34.523 [qtp1108502178-65] DEBUG org.eclipse.jetty.server.handler.gzip.GzipHttpOutputInterceptor - org.eclipse.jetty.server.handler.gzip.GzipHttpOutputInterceptor@44c29fce exclude no deflater
13:18:34.523 [qtp1108502178-65] DEBUG org.eclipse.jetty.server.HttpChannel - sendResponse info=null content=HeapByteBuffer@7eaa8d9a[p=0,l=21,c=32768,r=21]={<<<{"token":"someToken"}>>>\x00\x00\x00\x00\x00\x00\x00\x00\x00...\x00\x00\x00\x00\x00\x00\x00} complete=false committing=true callback=Blocker@79420766{null}
13:18:34.524 [qtp1108502178-65] DEBUG org.eclipse.jetty.server.HttpChannel - COMMIT for /api/v0/components/login on HttpChannelOverHttp@2ca962b8{s=HttpChannelState@3d5787d{s=HANDLING rs=BLOCKING os=COMMITTED is=READY awp=false se=false i=true al=0},r=3,c=false/false,a=HANDLING,uri=//localhost:8080/api/v0/components/login,age=9}
200 null HTTP/1.1
Content-Type: application/json
Matched-Stub-Id: f76ac9e4-347a-4b15-a03a-1dae063c4d35
Vary: Accept-Encoding, User-Agent


13:18:34.524 [qtp1108502178-65] DEBUG org.eclipse.jetty.server.HttpConnection - generate: NEED_HEADER for org.eclipse.jetty.server.HttpConnection$SendCallback@50081647[PROCESSING][i=HTTP/1.1{s=200,h=3,cl=-1},cb=org.eclipse.jetty.server.HttpChannel$SendCallback@5a80d5ea] (null,[p=0,l=21,c=32768,r=21],false)@START
13:18:34.524 [qtp1108502178-65] DEBUG org.eclipse.jetty.http.HttpGenerator - generateHeaders HTTP/1.1{s=200,h=3,cl=-1} last=false content=HeapByteBuffer@7eaa8d9a[p=0,l=21,c=32768,r=21]={<<<{"token":"someToken"}>>>\x00\x00\x00\x00\x00\x00\x00\x00\x00...\x00\x00\x00\x00\x00\x00\x00}
13:18:34.524 [qtp1108502178-65] DEBUG org.eclipse.jetty.http.HttpGenerator - Content-Type: application/json
Matched-Stub-Id: f76ac9e4-347a-4b15-a03a-1dae063c4d35
Vary: Accept-Encoding, User-Agent


13:18:34.524 [qtp1108502178-65] DEBUG org.eclipse.jetty.http.HttpGenerator - EOF_CONTENT
13:18:34.524 [qtp1108502178-65] DEBUG org.eclipse.jetty.server.HttpConnection - generate: FLUSH for org.eclipse.jetty.server.HttpConnection$SendCallback@50081647[PROCESSING][i=HTTP/1.1{s=200,h=3,cl=-1},cb=org.eclipse.jetty.server.HttpChannel$SendCallback@5a80d5ea] ([p=0,l=193,c=8192,r=193],[p=0,l=21,c=32768,r=21],false)@COMMITTED
13:18:34.524 [qtp1108502178-65] DEBUG org.eclipse.jetty.io.WriteFlusher - write: WriteFlusher@9426f6f{IDLE}->null [HeapByteBuffer@10a99211[p=0,l=193,c=8192,r=193]={<<<HTTP/1.1 200 OK\r\nContent-...y(9.4.28.v20200408)\r\n\r\n>>>ername":"...\x00\x00\x00\x00\x00\x00\x00},HeapByteBuffer@7eaa8d9a[p=0,l=21,c=32768,r=21]={<<<{"token":"someToken"}>>>\x00\x00\x00\x00\x00\x00\x00\x00\x00...\x00\x00\x00\x00\x00\x00\x00}]
13:18:34.524 [qtp1108502178-65] DEBUG org.eclipse.jetty.io.WriteFlusher - update WriteFlusher@9426f6f{WRITING}->null:IDLE-->WRITING
13:18:34.524 [qtp1108502178-65] DEBUG org.eclipse.jetty.io.ChannelEndPoint - flushed 193 NetworkTrafficSocketChannelEndPoint@6d213d13{/127.0.0.1:64997<->/127.0.0.1:8080,OPEN,fill=-,flush=W,to=9/30000}{io=1/0,kio=1,kro=1}->HttpConnection@52f0da96[p=HttpParser{s=END,51 of 51},g=HttpGenerator@36ddbc7e{s=COMMITTED}]=>HttpChannelOverHttp@2ca962b8{s=HttpChannelState@3d5787d{s=HANDLING rs=BLOCKING os=COMMITTED is=READY awp=false se=false i=true al=0},r=3,c=false/false,a=HANDLING,uri=//localhost:8080/api/v0/components/login,age=9}
13:18:34.524 [qtp1108502178-65] DEBUG org.eclipse.jetty.io.ChannelEndPoint - flushed 21 NetworkTrafficSocketChannelEndPoint@6d213d13{/127.0.0.1:64997<->/127.0.0.1:8080,OPEN,fill=-,flush=W,to=0/30000}{io=1/0,kio=1,kro=1}->HttpConnection@52f0da96[p=HttpParser{s=END,51 of 51},g=HttpGenerator@36ddbc7e{s=COMMITTED}]=>HttpChannelOverHttp@2ca962b8{s=HttpChannelState@3d5787d{s=HANDLING rs=BLOCKING os=COMMITTED is=READY awp=false se=false i=true al=0},r=3,c=false/false,a=HANDLING,uri=//localhost:8080/api/v0/components/login,age=9}
13:18:34.524 [qtp1108502178-65] DEBUG org.eclipse.jetty.io.WriteFlusher - Flushed=true written=214 remaining=0 WriteFlusher@9426f6f{WRITING}->null
13:18:34.524 [qtp1108502178-65] DEBUG org.eclipse.jetty.io.WriteFlusher - update WriteFlusher@9426f6f{IDLE}->null:WRITING-->IDLE
13:18:34.525 [qtp1108502178-65] DEBUG org.eclipse.jetty.server.HttpConnection - generate: DONE for org.eclipse.jetty.server.HttpConnection$SendCallback@50081647[PROCESSING][i=HTTP/1.1{s=200,h=3,cl=-1},cb=org.eclipse.jetty.server.HttpChannel$SendCallback@5a80d5ea] ([p=193,l=193,c=8192,r=0],[p=21,l=21,c=32768,r=0],false)@COMMITTED
13:18:34.525 [qtp1108502178-65] DEBUG org.eclipse.jetty.server.HttpOutput - onWriteComplete(false,null) s=OPEN,api=BLOCKED,sc=false,e=null->s=OPEN,api=BLOCKING,sc=false,e=null c=null cb=null w=false
13:18:34.525 [qtp1108502178-65] DEBUG org.eclipse.jetty.server.HttpOutput - close() s=CLOSING,api=BLOCKED,sc=false,e=null c=HeapByteBuffer@137d328[p=0,l=0,c=0,r=0]={<<<>>>} b=Blocker@79420766{null}
13:18:34.525 [qtp1108502178-65] DEBUG org.eclipse.jetty.server.HttpChannel - sendResponse info=null content=HeapByteBuffer@137d328[p=0,l=0,c=0,r=0]={<<<>>>} complete=true committing=false callback=Blocker@79420766{null}
13:18:34.525 [reactor-http-nio-4] DEBUG reactor.netty.http.client.HttpClientOperations - [id: 0xe6d25d0b, L:/127.0.0.1:64997 - R:localhost/127.0.0.1:8080] Received response (auto-read:false) : [Content-Type=application/json, Matched-Stub-Id=f76ac9e4-347a-4b15-a03a-1dae063c4d35, Vary=Accept-Encoding, User-Agent, Connection=close, Server=Jetty(9.4.28.v20200408)]
13:18:34.525 [qtp1108502178-65] DEBUG org.eclipse.jetty.server.HttpConnection - generate: CONTINUE for org.eclipse.jetty.server.HttpConnection$SendCallback@50081647[PROCESSING][i=null,cb=org.eclipse.jetty.server.HttpChannel$SendCallback@1b5383f1] (null,[p=0,l=0,c=0,r=0],true)@COMPLETING
13:18:34.525 [qtp1108502178-65] DEBUG org.eclipse.jetty.server.HttpConnection - generate: SHUTDOWN_OUT for org.eclipse.jetty.server.HttpConnection$SendCallback@50081647[PROCESSING][i=null,cb=org.eclipse.jetty.server.HttpChannel$SendCallback@1b5383f1] (null,[p=0,l=0,c=0,r=0],true)@END
13:18:34.525 [reactor-http-nio-4] DEBUG reactor.netty.resources.PooledConnectionProvider - [id: 0xe6d25d0b, L:/127.0.0.1:64997 - R:localhost/127.0.0.1:8080] onStateChange(POST{uri=/api/v0/components/login, connection=PooledConnection{channel=[id: 0xe6d25d0b, L:/127.0.0.1:64997 - R:localhost/127.0.0.1:8080]}}, [response_received])
13:18:34.525 [qtp1108502178-65] DEBUG org.eclipse.jetty.server.HttpConnection - generate: DONE for org.eclipse.jetty.server.HttpConnection$SendCallback@50081647[PROCESSING][i=null,cb=org.eclipse.jetty.server.HttpChannel$SendCallback@1b5383f1] (null,[p=0,l=0,c=0,r=0],true)@END
13:18:34.525 [qtp1108502178-65] DEBUG org.eclipse.jetty.io.AbstractEndPoint - shutdownOutput NetworkTrafficSocketChannelEndPoint@6d213d13{/127.0.0.1:64997<->/127.0.0.1:8080,OPEN,fill=-,flush=-,to=0/30000}{io=1/0,kio=1,kro=1}->HttpConnection@52f0da96[p=HttpParser{s=END,51 of 51},g=HttpGenerator@36ddbc7e{s=END}]=>HttpChannelOverHttp@2ca962b8{s=HttpChannelState@3d5787d{s=HANDLING rs=BLOCKING os=COMPLETED is=READY awp=false se=false i=true al=0},r=3,c=false/true,a=HANDLING,uri=//localhost:8080/api/v0/components/login,age=10}
13:18:34.525 [reactor-http-nio-4] DEBUG org.springframework.web.reactive.function.client.ExchangeFunctions - [61a0bede] Response 200 OK
13:18:34.525 [qtp1108502178-65] DEBUG org.eclipse.jetty.server.HttpOutput - onWriteComplete(true,null) s=CLOSING,api=BLOCKED,sc=false,e=null->s=CLOSED,api=BLOCKING,sc=false,e=null c=null cb=null w=false
13:18:34.525 [qtp1108502178-65] DEBUG org.eclipse.jetty.server.Server - handled=true async=false committed=true on HttpChannelOverHttp@2ca962b8{s=HttpChannelState@3d5787d{s=HANDLING rs=BLOCKING os=COMPLETED is=READY awp=false se=false i=true al=0},r=3,c=false/true,a=HANDLING,uri=//localhost:8080/api/v0/components/login,age=10}
13:18:34.525 [qtp1108502178-65] DEBUG org.eclipse.jetty.server.HttpChannelState - unhandle HttpChannelState@3d5787d{s=HANDLING rs=BLOCKING os=COMPLETED is=READY awp=false se=false i=true al=0}
13:18:34.525 [qtp1108502178-65] DEBUG org.eclipse.jetty.server.HttpChannelState - nextAction(false) COMPLETE HttpChannelState@3d5787d{s=HANDLING rs=COMPLETING os=COMPLETED is=READY awp=false se=false i=false al=0}
13:18:34.525 [qtp1108502178-65] DEBUG org.eclipse.jetty.server.HttpChannel - action COMPLETE HttpChannelOverHttp@2ca962b8{s=HttpChannelState@3d5787d{s=HANDLING rs=COMPLETING os=COMPLETED is=READY awp=false se=false i=false al=0},r=3,c=false/true,a=HANDLING,uri=//localhost:8080/api/v0/components/login,age=10}
13:18:34.525 [qtp1108502178-65] DEBUG org.eclipse.jetty.server.HttpOutput - complete(org.eclipse.jetty.util.Callback$4@78e97fae) s=CLOSED,api=BLOCKING,sc=false,e=null s=true e=null, c=null
13:18:34.525 [qtp1108502178-65] DEBUG org.eclipse.jetty.server.HttpChannelState - completed HttpChannelState@3d5787d{s=HANDLING rs=COMPLETING os=COMPLETED is=READY awp=false se=false i=false al=0}
13:18:34.526 [qtp1108502178-65] DEBUG org.eclipse.jetty.server.HttpChannelState - unhandle HttpChannelState@3d5787d{s=HANDLING rs=COMPLETED os=COMPLETED is=READY awp=false se=false i=false al=0}
13:18:34.526 [qtp1108502178-65] DEBUG org.eclipse.jetty.server.HttpChannelState - nextAction(false) TERMINATED HttpChannelState@3d5787d{s=IDLE rs=COMPLETED os=COMPLETED is=READY awp=false se=false i=false al=0}
13:18:34.526 [reactor-http-nio-4] DEBUG reactor.netty.channel.FluxReceive - [id: 0xe6d25d0b, L:/127.0.0.1:64997 - R:localhost/127.0.0.1:8080] Subscribing inbound receiver [pending: 0, cancelled:false, inboundDone: false]
13:18:34.526 [qtp1108502178-65] DEBUG org.eclipse.jetty.server.HttpChannel - action TERMINATED HttpChannelOverHttp@2ca962b8{s=HttpChannelState@3d5787d{s=IDLE rs=COMPLETED os=COMPLETED is=READY awp=false se=false i=false al=0},r=3,c=true/true,a=IDLE,uri=//localhost:8080/api/v0/components/login,age=11}
13:18:34.526 [qtp1108502178-65] DEBUG org.eclipse.jetty.server.HttpChannel - onCompleted for /api/v0/components/login written=21
13:18:34.526 [qtp1108502178-65] DEBUG org.eclipse.jetty.server.HttpChannelState - recycle HttpChannelState@3d5787d{s=IDLE rs=COMPLETED os=COMPLETED is=READY awp=false se=false i=false al=0}
13:18:34.526 [qtp1108502178-65] DEBUG org.eclipse.jetty.http.HttpParser - close HttpParser{s=END,51 of 51}
13:18:34.526 [qtp1108502178-65] DEBUG org.eclipse.jetty.http.HttpParser - END --> CLOSE
13:18:34.526 [qtp1108502178-65] DEBUG org.eclipse.jetty.server.HttpChannel - !handle TERMINATED HttpChannelOverHttp@2ca962b8{s=HttpChannelState@3d5787d{s=IDLE rs=BLOCKING os=OPEN is=IDLE awp=false se=false i=true al=0},r=3,c=false/false,a=IDLE,uri=null,age=0}
13:18:34.526 [qtp1108502178-65] DEBUG org.eclipse.jetty.io.ChannelEndPoint - filled 0 HeapByteBuffer@10a99211[p=0,l=0,c=8192,r=0]={<<<>>>HTTP/1.1 ...\x00\x00\x00\x00\x00\x00\x00}
13:18:34.526 [qtp1108502178-65] DEBUG org.eclipse.jetty.io.ChannelEndPoint - filled 0 HeapByteBuffer@10a99211[p=0,l=0,c=8192,r=0]={<<<>>>HTTP/1.1 ...\x00\x00\x00\x00\x00\x00\x00}
13:18:34.526 [qtp1108502178-65] DEBUG org.eclipse.jetty.server.HttpConnection - HttpConnection@52f0da96::NetworkTrafficSocketChannelEndPoint@6d213d13{/127.0.0.1:64997<->/127.0.0.1:8080,OSHUT,fill=-,flush=-,to=1/30000}{io=1/0,kio=1,kro=1}->HttpConnection@52f0da96[p=HttpParser{s=CLOSE,51 of 51},g=HttpGenerator@36ddbc7e{s=START}]=>HttpChannelOverHttp@2ca962b8{s=HttpChannelState@3d5787d{s=IDLE rs=BLOCKING os=OPEN is=IDLE awp=false se=false i=true al=0},r=3,c=false/false,a=IDLE,uri=null,age=0} filled 0 HeapByteBuffer@10a99211[p=0,l=0,c=8192,r=0]={<<<>>>HTTP/1.1 ...\x00\x00\x00\x00\x00\x00\x00}
13:18:34.526 [qtp1108502178-65] DEBUG org.eclipse.jetty.server.HttpConnection - HttpConnection@52f0da96::NetworkTrafficSocketChannelEndPoint@6d213d13{/127.0.0.1:64997<->/127.0.0.1:8080,OSHUT,fill=-,flush=-,to=1/30000}{io=1/0,kio=1,kro=1}->HttpConnection@52f0da96[p=HttpParser{s=CLOSE,51 of 51},g=HttpGenerator@36ddbc7e{s=START}]=>HttpChannelOverHttp@2ca962b8{s=HttpChannelState@3d5787d{s=IDLE rs=BLOCKING os=OPEN is=IDLE awp=false se=false i=true al=0},r=3,c=false/false,a=IDLE,uri=null,age=0} parse HeapByteBuffer@10a99211[p=0,l=0,c=8192,r=0]={<<<>>>HTTP/1.1 ...\x00\x00\x00\x00\x00\x00\x00} {}
13:18:34.526 [qtp1108502178-65] DEBUG org.eclipse.jetty.http.HttpParser - parseNext s=CLOSE HeapByteBuffer@10a99211[p=0,l=0,c=8192,r=0]={<<<>>>HTTP/1.1 ...\x00\x00\x00\x00\x00\x00\x00}
13:18:34.526 [qtp1108502178-65] DEBUG org.eclipse.jetty.server.HttpConnection - HttpConnection@52f0da96::NetworkTrafficSocketChannelEndPoint@6d213d13{/127.0.0.1:64997<->/127.0.0.1:8080,OSHUT,fill=-,flush=-,to=1/30000}{io=1/0,kio=1,kro=1}->HttpConnection@52f0da96[p=HttpParser{s=CLOSE,51 of 51},g=HttpGenerator@36ddbc7e{s=START}]=>HttpChannelOverHttp@2ca962b8{s=HttpChannelState@3d5787d{s=IDLE rs=BLOCKING os=OPEN is=IDLE awp=false se=false i=true al=0},r=3,c=false/false,a=IDLE,uri=null,age=0} parsed false HttpParser{s=CLOSE,51 of 51}
13:18:34.526 [qtp1108502178-65] DEBUG org.eclipse.jetty.server.HttpConnection - releaseRequestBuffer HttpConnection@52f0da96::NetworkTrafficSocketChannelEndPoint@6d213d13{/127.0.0.1:64997<->/127.0.0.1:8080,OSHUT,fill=-,flush=-,to=1/30000}{io=1/0,kio=1,kro=1}->HttpConnection@52f0da96[p=HttpParser{s=CLOSE,51 of 51},g=HttpGenerator@36ddbc7e{s=START}]=>HttpChannelOverHttp@2ca962b8{s=HttpChannelState@3d5787d{s=IDLE rs=BLOCKING os=OPEN is=IDLE awp=false se=false i=true al=0},r=3,c=false/false,a=IDLE,uri=null,age=0}
13:18:34.526 [qtp1108502178-65] DEBUG org.eclipse.jetty.io.AbstractConnection - fillInterested HttpConnection@52f0da96::NetworkTrafficSocketChannelEndPoint@6d213d13{/127.0.0.1:64997<->/127.0.0.1:8080,OSHUT,fill=-,flush=-,to=2/30000}{io=1/0,kio=1,kro=1}->HttpConnection@52f0da96[p=HttpParser{s=CLOSE,51 of 51},g=HttpGenerator@36ddbc7e{s=START}]=>HttpChannelOverHttp@2ca962b8{s=HttpChannelState@3d5787d{s=IDLE rs=BLOCKING os=OPEN is=IDLE awp=false se=false i=true al=0},r=3,c=false/false,a=IDLE,uri=null,age=0}
13:18:34.527 [qtp1108502178-65] DEBUG org.eclipse.jetty.io.FillInterest - interested FillInterest@5186b4bf{AC.ReadCB@52f0da96{HttpConnection@52f0da96::NetworkTrafficSocketChannelEndPoint@6d213d13{/127.0.0.1:64997<->/127.0.0.1:8080,OSHUT,fill=FI,flush=-,to=0/30000}{io=1/0,kio=1,kro=1}->HttpConnection@52f0da96[p=HttpParser{s=CLOSE,51 of 51},g=HttpGenerator@36ddbc7e{s=START}]=>HttpChannelOverHttp@2ca962b8{s=HttpChannelState@3d5787d{s=IDLE rs=BLOCKING os=OPEN is=IDLE awp=false se=false i=true al=0},r=3,c=false/false,a=IDLE,uri=null,age=0}}}
13:18:34.527 [reactor-http-nio-4] DEBUG reactor.netty.resources.PooledConnectionProvider - [id: 0xe6d25d0b, L:/127.0.0.1:64997 ! R:localhost/127.0.0.1:8080] Channel closed, now 0 active connections and 1 inactive connections
13:18:34.527 [qtp1108502178-65] DEBUG org.eclipse.jetty.io.ChannelEndPoint - changeInterests p=true 0->1 for NetworkTrafficSocketChannelEndPoint@6d213d13{/127.0.0.1:64997<->/127.0.0.1:8080,OSHUT,fill=FI,flush=-,to=0/30000}{io=1/1,kio=1,kro=1}->HttpConnection@52f0da96[p=HttpParser{s=CLOSE,51 of 51},g=HttpGenerator@36ddbc7e{s=START}]=>HttpChannelOverHttp@2ca962b8{s=HttpChannelState@3d5787d{s=IDLE rs=BLOCKING os=OPEN is=IDLE awp=false se=false i=true al=0},r=3,c=false/false,a=IDLE,uri=null,age=0}
13:18:34.527 [reactor-http-nio-4] DEBUG reactor.netty.ReactorNetty - [id: 0xe6d25d0b, L:/127.0.0.1:64997 ! R:localhost/127.0.0.1:8080] Non Removed handler: ReadTimeoutHandler, context: ChannelHandlerContext(ReadTimeoutHandler, [id: 0xe6d25d0b, L:/127.0.0.1:64997 ! R:localhost/127.0.0.1:8080]), pipeline: DefaultChannelPipeline{(reactor.left.httpCodec = io.netty.handler.codec.http.HttpClientCodec), (ReadTimeoutHandler = io.netty.handler.timeout.ReadTimeoutHandler), (WriteTimeoutHandler = io.netty.handler.timeout.WriteTimeoutHandler), (reactor.right.reactiveBridge = reactor.netty.channel.ChannelOperationsHandler)}
13:18:34.527 [reactor-http-nio-4] DEBUG reactor.netty.ReactorNetty - [id: 0xe6d25d0b, L:/127.0.0.1:64997 ! R:localhost/127.0.0.1:8080] Non Removed handler: WriteTimeoutHandler, context: ChannelHandlerContext(WriteTimeoutHandler, [id: 0xe6d25d0b, L:/127.0.0.1:64997 ! R:localhost/127.0.0.1:8080]), pipeline: DefaultChannelPipeline{(reactor.left.httpCodec = io.netty.handler.codec.http.HttpClientCodec), (ReadTimeoutHandler = io.netty.handler.timeout.ReadTimeoutHandler), (WriteTimeoutHandler = io.netty.handler.timeout.WriteTimeoutHandler), (reactor.right.reactiveBridge = reactor.netty.channel.ChannelOperationsHandler)}
13:18:34.527 [qtp1108502178-65] DEBUG org.eclipse.jetty.server.HttpConnection - HttpConnection@52f0da96::NetworkTrafficSocketChannelEndPoint@6d213d13{/127.0.0.1:64997<->/127.0.0.1:8080,OSHUT,fill=FI,flush=-,to=0/30000}{io=1/1,kio=1,kro=1}->HttpConnection@52f0da96[p=HttpParser{s=CLOSE,51 of 51},g=HttpGenerator@36ddbc7e{s=START}]=>HttpChannelOverHttp@2ca962b8{s=HttpChannelState@3d5787d{s=IDLE rs=BLOCKING os=OPEN is=IDLE awp=false se=false i=true al=0},r=3,c=false/false,a=IDLE,uri=null,age=0} onFillable exit HttpChannelState@3d5787d{s=IDLE rs=BLOCKING os=OPEN is=IDLE awp=false se=false i=true al=0} null
13:18:34.527 [qtp1108502178-65] DEBUG org.eclipse.jetty.util.thread.ReservedThreadExecutor - ReservedThreadExecutor@93479f5{s=1/1,p=0}@648544e4 size 1 > capacity
13:18:34.527 [qtp1108502178-65] DEBUG org.eclipse.jetty.util.thread.QueuedThreadPool - ran ReservedThreadExecutor@93479f5{s=1/1,p=0}@648544e4 in QueuedThreadPool[qtp1108502178]@421266a2{STARTED,8<=8<=14,i=1,r=1,q=0}[ReservedThreadExecutor@93479f5{s=1/1,p=0}]
13:18:34.527 [reactor-http-nio-4] DEBUG reactor.netty.http.client.HttpClientOperations - [id: 0xe6d25d0b, L:/127.0.0.1:64997 ! R:localhost/127.0.0.1:8080] Received last HTTP packet
13:18:34.527 [reactor-http-nio-4] DEBUG org.springframework.core.codec.StringDecoder - [61a0bede] Decoded "{"token":"someToken"}"
13:18:34.527 [qtp1108502178-70] DEBUG org.eclipse.jetty.io.ChannelEndPoint - doClose NetworkTrafficSocketChannelEndPoint@56757adf{/127.0.0.1:64995<->/127.0.0.1:8080,CLOSED,fill=FI,flush=-,to=2882/30000}{io=1/1,kio=1,kro=1}->HttpConnection@6451b636[p=HttpParser{s=START,0 of -1},g=HttpGenerator@28dc6d4b{s=START}]=>HttpChannelOverHttp@5c8d11af{s=HttpChannelState@198f945a{s=IDLE rs=BLOCKING os=OPEN is=IDLE awp=false se=false i=true al=0},r=3,c=false/false,a=IDLE,uri=null,age=0}
13:18:34.528 [qtp1108502178-70] DEBUG org.eclipse.jetty.io.FillInterest - onClose FillInterest@1ce81196{AC.ReadCB@6451b636{HttpConnection@6451b636::NetworkTrafficSocketChannelEndPoint@56757adf{/127.0.0.1:64995<->/127.0.0.1:8080,CLOSED,fill=FI,flush=-,to=2889/30000}{io=1/1,kio=-1,kro=-1}->HttpConnection@6451b636[p=HttpParser{s=START,0 of -1},g=HttpGenerator@28dc6d4b{s=START}]=>HttpChannelOverHttp@5c8d11af{s=HttpChannelState@198f945a{s=IDLE rs=BLOCKING os=OPEN is=IDLE awp=false se=false i=true al=0},r=3,c=false/false,a=IDLE,uri=null,age=0}}}
13:18:34.528 [qtp1108502178-70] DEBUG org.eclipse.jetty.http.HttpParser - close HttpParser{s=START,0 of -1}
13:18:34.528 [qtp1108502178-70] DEBUG org.eclipse.jetty.http.HttpParser - START --> CLOSE
13:18:34.528 [reactor-http-nio-4] INFO com.bi.edp.catalog.adapter.provision_adapters.ProvisionAdaptersClient - ProvisionAdaptersClient logged successfully
13:18:34.528 [qtp1108502178-70] DEBUG org.eclipse.jetty.io.AbstractConnection - HttpConnection@6451b636::NetworkTrafficSocketChannelEndPoint@56757adf{/127.0.0.1:64995<->/127.0.0.1:8080,CLOSED,fill=-,flush=-,to=2889/30000}{io=1/1,kio=-1,kro=-1}->HttpConnection@6451b636[p=HttpParser{s=CLOSE,0 of -1},g=HttpGenerator@28dc6d4b{s=START}]=>HttpChannelOverHttp@5c8d11af{s=HttpChannelState@198f945a{s=IDLE rs=BLOCKING os=OPEN is=IDLE awp=false se=false i=true al=0},r=3,c=false/false,a=IDLE,uri=null,age=0} onFillInterestedFailed {}
13:18:34.528 [qtp1108502178-70] DEBUG org.eclipse.jetty.io.ManagedSelector - Wakeup ManagedSelector@e983464{STOPPING} id=1 keys=2 selected=1 updates=0
13:18:34.528 [reactor-http-nio-4] DEBUG reactor.netty.resources.PooledConnectionProvider - [id: 0xe6d25d0b, L:/127.0.0.1:64997 ! R:localhost/127.0.0.1:8080] onStateChange(POST{uri=/api/v0/components/login, connection=PooledConnection{channel=[id: 0xe6d25d0b, L:/127.0.0.1:64997 ! R:localhost/127.0.0.1:8080]}}, [response_completed])
13:18:34.528 [reactor-http-nio-4] DEBUG reactor.netty.resources.PooledConnectionProvider - [id: 0xe6d25d0b, L:/127.0.0.1:64997 ! R:localhost/127.0.0.1:8080] onStateChange(POST{uri=/api/v0/components/login, connection=PooledConnection{channel=[id: 0xe6d25d0b, L:/127.0.0.1:64997 ! R:localhost/127.0.0.1:8080]}}, [disconnecting])
13:18:34.528 [qtp1108502178-64] DEBUG org.eclipse.jetty.util.thread.QueuedThreadPool - run org.eclipse.jetty.io.ManagedSelector$DestroyEndPoint@755f9ea8 in QueuedThreadPool[qtp1108502178]@421266a2{STARTED,8<=8<=14,i=1,r=1,q=0}[ReservedThreadExecutor@93479f5{s=1/1,p=0}]
13:18:34.528 [reactor-http-nio-4] DEBUG reactor.netty.resources.PooledConnectionProvider - [id: 0xe6d25d0b, L:/127.0.0.1:64997 ! R:localhost/127.0.0.1:8080] onStateChange(PooledConnection{channel=[id: 0xe6d25d0b, L:/127.0.0.1:64997 ! R:localhost/127.0.0.1:8080]}, [disconnecting])
13:18:34.528 [qtp1108502178-64] DEBUG org.eclipse.jetty.io.ManagedSelector - Destroyed NetworkTrafficSocketChannelEndPoint@56757adf{/127.0.0.1:64995<->/127.0.0.1:8080,CLOSED,fill=-,flush=-,to=2889/30000}{io=1/1,kio=-1,kro=-1}->HttpConnection@6451b636[p=HttpParser{s=CLOSE,0 of -1},g=HttpGenerator@28dc6d4b{s=START}]=>HttpChannelOverHttp@5c8d11af{s=HttpChannelState@198f945a{s=IDLE rs=BLOCKING os=OPEN is=IDLE awp=false se=false i=true al=0},r=3,c=false/false,a=IDLE,uri=null,age=0}
13:18:34.528 [qtp1108502178-64] DEBUG org.eclipse.jetty.io.AbstractConnection - onClose HttpConnection@6451b636::NetworkTrafficSocketChannelEndPoint@56757adf{/127.0.0.1:64995<->/127.0.0.1:8080,CLOSED,fill=-,flush=-,to=2889/30000}{io=1/1,kio=-1,kro=-1}->HttpConnection@6451b636[p=HttpParser{s=CLOSE,0 of -1},g=HttpGenerator@28dc6d4b{s=START}]=>HttpChannelOverHttp@5c8d11af{s=HttpChannelState@198f945a{s=IDLE rs=BLOCKING os=OPEN is=IDLE awp=false se=false i=true al=0},r=3,c=false/false,a=IDLE,uri=null,age=0}
13:18:34.528 [qtp1108502178-64] DEBUG org.eclipse.jetty.util.thread.QueuedThreadPool - ran org.eclipse.jetty.io.ManagedSelector$DestroyEndPoint@755f9ea8 in QueuedThreadPool[qtp1108502178]@421266a2{STARTED,8<=8<=14,i=1,r=1,q=0}[ReservedThreadExecutor@93479f5{s=1/1,p=0}]
13:18:34.528 [qtp1108502178-70] DEBUG org.eclipse.jetty.util.thread.QueuedThreadPool - queue org.eclipse.jetty.io.ManagedSelector$DestroyEndPoint@755f9ea8 startThread=0
13:18:34.529 [qtp1108502178-70] DEBUG org.eclipse.jetty.io.AbstractEndPoint - close NetworkTrafficSocketChannelEndPoint@6d213d13{/127.0.0.1:64997<->/127.0.0.1:8080,OSHUT,fill=FI,flush=-,to=1/30000}{io=1/1,kio=1,kro=1}->HttpConnection@52f0da96[p=HttpParser{s=CLOSE,51 of 51},g=HttpGenerator@36ddbc7e{s=START}]=>HttpChannelOverHttp@2ca962b8{s=HttpChannelState@3d5787d{s=IDLE rs=BLOCKING os=OPEN is=IDLE awp=false se=false i=true al=0},r=3,c=false/false,a=IDLE,uri=null,age=0}
13:18:34.529 [qtp1108502178-70] DEBUG org.eclipse.jetty.io.AbstractEndPoint - close(null) NetworkTrafficSocketChannelEndPoint@6d213d13{/127.0.0.1:64997<->/127.0.0.1:8080,OSHUT,fill=FI,flush=-,to=2/30000}{io=1/1,kio=1,kro=1}->HttpConnection@52f0da96[p=HttpParser{s=CLOSE,51 of 51},g=HttpGenerator@36ddbc7e{s=START}]=>HttpChannelOverHttp@2ca962b8{s=HttpChannelState@3d5787d{s=IDLE rs=BLOCKING os=OPEN is=IDLE awp=false se=false i=true al=0},r=3,c=false/false,a=IDLE,uri=null,age=0}
13:18:34.529 [qtp1108502178-70] DEBUG org.eclipse.jetty.io.ChannelEndPoint - doClose NetworkTrafficSocketChannelEndPoint@6d213d13{/127.0.0.1:64997<->/127.0.0.1:8080,CLOSED,fill=FI,flush=-,to=2/30000}{io=1/1,kio=1,kro=1}->HttpConnection@52f0da96[p=HttpParser{s=CLOSE,51 of 51},g=HttpGenerator@36ddbc7e{s=START}]=>HttpChannelOverHttp@2ca962b8{s=HttpChannelState@3d5787d{s=IDLE rs=BLOCKING os=OPEN is=IDLE awp=false se=false i=true al=0},r=3,c=false/false,a=IDLE,uri=null,age=0}
13:18:34.529 [qtp1108502178-70] DEBUG org.eclipse.jetty.io.FillInterest - onClose FillInterest@5186b4bf{AC.ReadCB@52f0da96{HttpConnection@52f0da96::NetworkTrafficSocketChannelEndPoint@6d213d13{/127.0.0.1:64997<->/127.0.0.1:8080,CLOSED,fill=FI,flush=-,to=2/30000}{io=1/1,kio=-1,kro=-1}->HttpConnection@52f0da96[p=HttpParser{s=CLOSE,51 of 51},g=HttpGenerator@36ddbc7e{s=START}]=>HttpChannelOverHttp@2ca962b8{s=HttpChannelState@3d5787d{s=IDLE rs=BLOCKING os=OPEN is=IDLE awp=false se=false i=true al=0},r=3,c=false/false,a=IDLE,uri=null,age=0}}}
13:18:34.529 [qtp1108502178-70] DEBUG org.eclipse.jetty.http.HttpParser - close HttpParser{s=CLOSE,51 of 51}
13:18:34.529 [qtp1108502178-70] DEBUG org.eclipse.jetty.http.HttpParser - CLOSE --> CLOSE
13:18:34.530 [qtp1108502178-70] DEBUG org.eclipse.jetty.io.AbstractConnection - HttpConnection@52f0da96::NetworkTrafficSocketChannelEndPoint@6d213d13{/127.0.0.1:64997<->/127.0.0.1:8080,CLOSED,fill=-,flush=-,to=3/30000}{io=1/1,kio=-1,kro=-1}->HttpConnection@52f0da96[p=HttpParser{s=CLOSE,51 of 51},g=HttpGenerator@36ddbc7e{s=START}]=>HttpChannelOverHttp@2ca962b8{s=HttpChannelState@3d5787d{s=IDLE rs=BLOCKING os=OPEN is=IDLE awp=false se=false i=true al=0},r=3,c=false/false,a=IDLE,uri=null,age=0} onFillInterestedFailed {}
13:18:34.530 [qtp1108502178-70] DEBUG org.eclipse.jetty.io.ManagedSelector - Wakeup ManagedSelector@e983464{STOPPING} id=1 keys=2 selected=1 updates=0
13:18:34.530 [qtp1108502178-70] DEBUG org.eclipse.jetty.util.thread.QueuedThreadPool - queue org.eclipse.jetty.io.ManagedSelector$DestroyEndPoint@7fe720a3 startThread=0
13:18:34.530 [qtp1108502178-70] DEBUG org.eclipse.jetty.io.ManagedSelector - updates 0
13:18:34.530 [qtp1108502178-65] DEBUG org.eclipse.jetty.util.thread.QueuedThreadPool - run org.eclipse.jetty.io.ManagedSelector$DestroyEndPoint@7fe720a3 in QueuedThreadPool[qtp1108502178]@421266a2{STARTED,8<=8<=14,i=1,r=1,q=0}[ReservedThreadExecutor@93479f5{s=1/1,p=0}]
13:18:34.530 [qtp1108502178-70] DEBUG org.eclipse.jetty.io.ChannelEndPoint - Key interests updated 1 -> 1 on NetworkTrafficSocketChannelEndPoint@6d213d13{/127.0.0.1:64997<->/127.0.0.1:8080,CLOSED,fill=-,flush=-,to=3/30000}{io=1/1,kio=-1,kro=-1}->HttpConnection@52f0da96[p=HttpParser{s=CLOSE,51 of 51},g=HttpGenerator@36ddbc7e{s=START}]=>HttpChannelOverHttp@2ca962b8{s=HttpChannelState@3d5787d{s=IDLE rs=BLOCKING os=OPEN is=IDLE awp=false se=false i=true al=0},r=3,c=false/false,a=IDLE,uri=null,age=0}
13:18:34.530 [qtp1108502178-65] DEBUG org.eclipse.jetty.io.ManagedSelector - Destroyed NetworkTrafficSocketChannelEndPoint@6d213d13{/127.0.0.1:64997<->/127.0.0.1:8080,CLOSED,fill=-,flush=-,to=3/30000}{io=1/1,kio=-1,kro=-1}->HttpConnection@52f0da96[p=HttpParser{s=CLOSE,51 of 51},g=HttpGenerator@36ddbc7e{s=START}]=>HttpChannelOverHttp@2ca962b8{s=HttpChannelState@3d5787d{s=IDLE rs=BLOCKING os=OPEN is=IDLE awp=false se=false i=true al=0},r=3,c=false/false,a=IDLE,uri=null,age=0}
13:18:34.530 [qtp1108502178-70] DEBUG org.eclipse.jetty.io.ManagedSelector - Selector sun.nio.ch.WindowsSelectorImpl@38ce0e5b waiting with 2 keys
13:18:34.530 [qtp1108502178-65] DEBUG org.eclipse.jetty.io.AbstractConnection - onClose HttpConnection@52f0da96::NetworkTrafficSocketChannelEndPoint@6d213d13{/127.0.0.1:64997<->/127.0.0.1:8080,CLOSED,fill=-,flush=-,to=3/30000}{io=1/1,kio=-1,kro=-1}->HttpConnection@52f0da96[p=HttpParser{s=CLOSE,51 of 51},g=HttpGenerator@36ddbc7e{s=START}]=>HttpChannelOverHttp@2ca962b8{s=HttpChannelState@3d5787d{s=IDLE rs=BLOCKING os=OPEN is=IDLE awp=false se=false i=true al=0},r=3,c=false/false,a=IDLE,uri=null,age=0}
13:18:34.530 [qtp1108502178-65] DEBUG org.eclipse.jetty.util.thread.QueuedThreadPool - ran org.eclipse.jetty.io.ManagedSelector$DestroyEndPoint@7fe720a3 in QueuedThreadPool[qtp1108502178]@421266a2{STARTED,8<=8<=14,i=1,r=1,q=0}[ReservedThreadExecutor@93479f5{s=1/1,p=0}]
13:18:34.532 [qtp1108502178-66] DEBUG org.eclipse.jetty.util.thread.QueuedThreadPool - ran qtp1108502178-66-acceptor-0@413e090e-NetworkTrafficServerConnector@4cc10b86{HTTP/1.1, (http/1.1)}{0.0.0.0:8080} in QueuedThreadPool[qtp1108502178]@421266a2{STARTED,8<=8<=14,i=2,r=1,q=0}[ReservedThreadExecutor@93479f5{s=1/1,p=0}]
13:18:34.533 [Test worker] DEBUG org.eclipse.jetty.io.ManagedSelector - Queued change org.eclipse.jetty.io.ManagedSelector$StopSelector@5110c79d on ManagedSelector@e983464{STOPPING} id=1 keys=0 selected=0 updates=0
13:18:34.533 [Test worker] DEBUG org.eclipse.jetty.io.ManagedSelector - Wakeup on submit ManagedSelector@e983464{STOPPING} id=1 keys=0 selected=0 updates=1
13:18:34.533 [qtp1108502178-70] DEBUG org.eclipse.jetty.io.ManagedSelector - Selector sun.nio.ch.WindowsSelectorImpl@38ce0e5b woken with none selected
13:18:34.533 [qtp1108502178-70] DEBUG org.eclipse.jetty.io.ManagedSelector - Selector sun.nio.ch.WindowsSelectorImpl@38ce0e5b woken up from select, 0/0/0 selected
13:18:34.534 [qtp1108502178-70] DEBUG org.eclipse.jetty.io.ManagedSelector - Selector sun.nio.ch.WindowsSelectorImpl@38ce0e5b processing 0 keys, 1 updates
13:18:34.534 [qtp1108502178-70] DEBUG org.eclipse.jetty.io.ManagedSelector - updateable 1
13:18:34.534 [qtp1108502178-70] DEBUG org.eclipse.jetty.io.ManagedSelector - update org.eclipse.jetty.io.ManagedSelector$StopSelector@5110c79d
13:18:34.534 [qtp1108502178-70] DEBUG org.eclipse.jetty.io.ManagedSelector - updates 0
13:18:34.534 [qtp1108502178-70] DEBUG org.eclipse.jetty.util.thread.ReservedThreadExecutor - ReservedThreadExecutor@93479f5{s=1/1,p=0}@70dc57e3 size 1 > capacity
13:18:34.534 [qtp1108502178-70] DEBUG org.eclipse.jetty.util.thread.QueuedThreadPool - ran ReservedThreadExecutor@93479f5{s=1/1,p=0}@70dc57e3 in QueuedThreadPool[qtp1108502178]@421266a2{STARTED,8<=8<=14,i=3,r=1,q=0}[ReservedThreadExecutor@93479f5{s=1/1,p=0}]
13:18:34.534 [Test worker] DEBUG org.eclipse.jetty.util.component.AbstractLifeCycle - stopping EatWhatYouKill@1083962f/SelectorProducer@4f65efc7/IDLE/p=false/QueuedThreadPool[qtp1108502178]@421266a2{STARTED,8<=8<=14,i=4,r=1,q=0}[ReservedThreadExecutor@93479f5{s=1/1,p=0}][pc=0,pic=0,pec=1,epc=5]@2020-09-25T13:18:34.534954+02:00
13:18:34.534 [Test worker] DEBUG org.eclipse.jetty.util.component.AbstractLifeCycle - STOPPED EatWhatYouKill@1083962f/SelectorProducer@4f65efc7/IDLE/p=false/QueuedThreadPool[qtp1108502178]@421266a2{STARTED,8<=8<=14,i=4,r=1,q=0}[ReservedThreadExecutor@93479f5{s=1/1,p=0}][pc=0,pic=0,pec=1,epc=5]@2020-09-25T13:18:34.534954+02:00
13:18:34.534 [Test worker] DEBUG org.eclipse.jetty.util.component.AbstractLifeCycle - STOPPED ManagedSelector@e983464{STOPPED} id=1 keys=-1 selected=-1 updates=0
13:18:34.534 [Test worker] DEBUG org.eclipse.jetty.util.component.AbstractLifeCycle - stopping ManagedSelector@6cb7ae41{STARTED} id=0 keys=1 selected=0 updates=0
13:18:34.534 [Test worker] DEBUG org.eclipse.jetty.io.ManagedSelector - Queued change org.eclipse.jetty.io.ManagedSelector$CloseConnections@6be8251b on ManagedSelector@6cb7ae41{STOPPING} id=0 keys=1 selected=0 updates=0
13:18:34.534 [Test worker] DEBUG org.eclipse.jetty.io.ManagedSelector - Wakeup on submit ManagedSelector@6cb7ae41{STOPPING} id=0 keys=1 selected=0 updates=1
13:18:34.534 [qtp1108502178-71] DEBUG org.eclipse.jetty.io.ManagedSelector - Selector sun.nio.ch.WindowsSelectorImpl@7fe0685e woken with none selected
13:18:34.535 [qtp1108502178-71] DEBUG org.eclipse.jetty.io.ManagedSelector - Selector sun.nio.ch.WindowsSelectorImpl@7fe0685e woken up from select, 0/0/1 selected
13:18:34.535 [qtp1108502178-71] DEBUG org.eclipse.jetty.io.ManagedSelector - Selector sun.nio.ch.WindowsSelectorImpl@7fe0685e processing 0 keys, 1 updates
13:18:34.535 [qtp1108502178-71] DEBUG org.eclipse.jetty.io.ManagedSelector - updateable 1
13:18:34.535 [qtp1108502178-71] DEBUG org.eclipse.jetty.io.ManagedSelector - update org.eclipse.jetty.io.ManagedSelector$CloseConnections@6be8251b
13:18:34.535 [qtp1108502178-71] DEBUG org.eclipse.jetty.io.ManagedSelector - Closing 1 connections on ManagedSelector@6cb7ae41{STOPPING} id=0 keys=1 selected=0 updates=0
13:18:34.535 [qtp1108502178-71] DEBUG org.eclipse.jetty.io.AbstractEndPoint - close NetworkTrafficSocketChannelEndPoint@40d68c3d{/127.0.0.1:64996<->/127.0.0.1:8080,OPEN,fill=FI,flush=-,to=28/30000}{io=1/1,kio=1,kro=1}->HttpConnection@18566bd7[p=HttpParser{s=START,0 of -1},g=HttpGenerator@6c95ab84{s=START}]=>HttpChannelOverHttp@6cb96ec{s=HttpChannelState@3e69d518{s=IDLE rs=BLOCKING os=OPEN is=IDLE awp=false se=false i=true al=0},r=3,c=false/false,a=IDLE,uri=null,age=0}
13:18:34.535 [qtp1108502178-71] DEBUG org.eclipse.jetty.io.AbstractEndPoint - close(null) NetworkTrafficSocketChannelEndPoint@40d68c3d{/127.0.0.1:64996<->/127.0.0.1:8080,OPEN,fill=FI,flush=-,to=28/30000}{io=1/1,kio=1,kro=1}->HttpConnection@18566bd7[p=HttpParser{s=START,0 of -1},g=HttpGenerator@6c95ab84{s=START}]=>HttpChannelOverHttp@6cb96ec{s=HttpChannelState@3e69d518{s=IDLE rs=BLOCKING os=OPEN is=IDLE awp=false se=false i=true al=0},r=3,c=false/false,a=IDLE,uri=null,age=0}
13:18:34.535 [qtp1108502178-71] DEBUG org.eclipse.jetty.io.ChannelEndPoint - doClose NetworkTrafficSocketChannelEndPoint@40d68c3d{/127.0.0.1:64996<->/127.0.0.1:8080,CLOSED,fill=FI,flush=-,to=28/30000}{io=1/1,kio=1,kro=1}->HttpConnection@18566bd7[p=HttpParser{s=START,0 of -1},g=HttpGenerator@6c95ab84{s=START}]=>HttpChannelOverHttp@6cb96ec{s=HttpChannelState@3e69d518{s=IDLE rs=BLOCKING os=OPEN is=IDLE awp=false se=false i=true al=0},r=3,c=false/false,a=IDLE,uri=null,age=0}
13:18:34.535 [qtp1108502178-71] DEBUG org.eclipse.jetty.io.FillInterest - onClose FillInterest@36b33c0c{AC.ReadCB@18566bd7{HttpConnection@18566bd7::NetworkTrafficSocketChannelEndPoint@40d68c3d{/127.0.0.1:64996<->/127.0.0.1:8080,CLOSED,fill=FI,flush=-,to=28/30000}{io=1/1,kio=-1,kro=-1}->HttpConnection@18566bd7[p=HttpParser{s=START,0 of -1},g=HttpGenerator@6c95ab84{s=START}]=>HttpChannelOverHttp@6cb96ec{s=HttpChannelState@3e69d518{s=IDLE rs=BLOCKING os=OPEN is=IDLE awp=false se=false i=true al=0},r=3,c=false/false,a=IDLE,uri=null,age=0}}}
13:18:34.535 [qtp1108502178-71] DEBUG org.eclipse.jetty.http.HttpParser - close HttpParser{s=START,0 of -1}
13:18:34.535 [qtp1108502178-71] DEBUG org.eclipse.jetty.http.HttpParser - START --> CLOSE
13:18:34.535 [qtp1108502178-71] DEBUG org.eclipse.jetty.io.AbstractConnection - HttpConnection@18566bd7::NetworkTrafficSocketChannelEndPoint@40d68c3d{/127.0.0.1:64996<->/127.0.0.1:8080,CLOSED,fill=-,flush=-,to=28/30000}{io=1/1,kio=-1,kro=-1}->HttpConnection@18566bd7[p=HttpParser{s=CLOSE,0 of -1},g=HttpGenerator@6c95ab84{s=START}]=>HttpChannelOverHttp@6cb96ec{s=HttpChannelState@3e69d518{s=IDLE rs=BLOCKING os=OPEN is=IDLE awp=false se=false i=true al=0},r=3,c=false/false,a=IDLE,uri=null,age=0} onFillInterestedFailed {}
13:18:34.535 [qtp1108502178-71] DEBUG org.eclipse.jetty.io.ManagedSelector - Wakeup ManagedSelector@6cb7ae41{STOPPING} id=0 keys=1 selected=0 updates=0
13:18:34.536 [qtp1108502178-71] DEBUG org.eclipse.jetty.util.thread.QueuedThreadPool - queue org.eclipse.jetty.io.ManagedSelector$DestroyEndPoint@2efe6164 startThread=0
13:18:34.536 [qtp1108502178-71] DEBUG org.eclipse.jetty.io.ManagedSelector - updates 0
13:18:34.536 [qtp1108502178-71] DEBUG org.eclipse.jetty.io.ManagedSelector - Selector sun.nio.ch.WindowsSelectorImpl@7fe0685e waiting with 1 keys
13:18:34.536 [qtp1108502178-64] DEBUG org.eclipse.jetty.util.thread.QueuedThreadPool - run org.eclipse.jetty.io.ManagedSelector$DestroyEndPoint@2efe6164 in QueuedThreadPool[qtp1108502178]@421266a2{STARTED,8<=8<=14,i=3,r=1,q=0}[ReservedThreadExecutor@93479f5{s=1/1,p=0}]
13:18:34.536 [reactor-http-nio-4] DEBUG reactor.netty.resources.PooledConnectionProvider - [id: 0xcbaa31af, L:/127.0.0.1:64996 ! R:localhost/127.0.0.1:8080] onStateChange(PooledConnection{channel=[id: 0xcbaa31af, L:/127.0.0.1:64996 ! R:localhost/127.0.0.1:8080]}, [disconnecting])
13:18:34.536 [qtp1108502178-64] DEBUG org.eclipse.jetty.io.ManagedSelector - Destroyed NetworkTrafficSocketChannelEndPoint@40d68c3d{/127.0.0.1:64996<->/127.0.0.1:8080,CLOSED,fill=-,flush=-,to=29/30000}{io=1/1,kio=-1,kro=-1}->HttpConnection@18566bd7[p=HttpParser{s=CLOSE,0 of -1},g=HttpGenerator@6c95ab84{s=START}]=>HttpChannelOverHttp@6cb96ec{s=HttpChannelState@3e69d518{s=IDLE rs=BLOCKING os=OPEN is=IDLE awp=false se=false i=true al=0},r=3,c=false/false,a=IDLE,uri=null,age=0}
13:18:34.536 [qtp1108502178-64] DEBUG org.eclipse.jetty.io.AbstractConnection - onClose HttpConnection@18566bd7::NetworkTrafficSocketChannelEndPoint@40d68c3d{/127.0.0.1:64996<->/127.0.0.1:8080,CLOSED,fill=-,flush=-,to=29/30000}{io=1/1,kio=-1,kro=-1}->HttpConnection@18566bd7[p=HttpParser{s=CLOSE,0 of -1},g=HttpGenerator@6c95ab84{s=START}]=>HttpChannelOverHttp@6cb96ec{s=HttpChannelState@3e69d518{s=IDLE rs=BLOCKING os=OPEN is=IDLE awp=false se=false i=true al=0},r=3,c=false/false,a=IDLE,uri=null,age=0}
13:18:34.536 [qtp1108502178-64] DEBUG org.eclipse.jetty.util.thread.QueuedThreadPool - ran org.eclipse.jetty.io.ManagedSelector$DestroyEndPoint@2efe6164 in QueuedThreadPool[qtp1108502178]@421266a2{STARTED,8<=8<=14,i=3,r=1,q=0}[ReservedThreadExecutor@93479f5{s=1/1,p=0}]
13:18:34.536 [Test worker] DEBUG org.eclipse.jetty.io.ManagedSelector - Queued change org.eclipse.jetty.io.ManagedSelector$StopSelector@3e2a73e3 on ManagedSelector@6cb7ae41{STOPPING} id=0 keys=0 selected=0 updates=0
13:18:34.536 [Test worker] DEBUG org.eclipse.jetty.io.ManagedSelector - Wakeup on submit ManagedSelector@6cb7ae41{STOPPING} id=0 keys=0 selected=0 updates=1
13:18:34.536 [qtp1108502178-71] DEBUG org.eclipse.jetty.io.ManagedSelector - Selector sun.nio.ch.WindowsSelectorImpl@7fe0685e woken with none selected
13:18:34.536 [qtp1108502178-71] DEBUG org.eclipse.jetty.io.ManagedSelector - Selector sun.nio.ch.WindowsSelectorImpl@7fe0685e woken up from select, 0/0/0 selected
13:18:34.536 [qtp1108502178-71] DEBUG org.eclipse.jetty.io.ManagedSelector - Selector sun.nio.ch.WindowsSelectorImpl@7fe0685e processing 0 keys, 1 updates
13:18:34.536 [qtp1108502178-71] DEBUG org.eclipse.jetty.io.ManagedSelector - updateable 1
13:18:34.536 [qtp1108502178-71] DEBUG org.eclipse.jetty.io.ManagedSelector - update org.eclipse.jetty.io.ManagedSelector$StopSelector@3e2a73e3
13:18:34.537 [qtp1108502178-71] DEBUG org.eclipse.jetty.io.ManagedSelector - updates 0
13:18:34.537 [qtp1108502178-71] DEBUG org.eclipse.jetty.util.thread.ReservedThreadExecutor - ReservedThreadExecutor@93479f5{s=1/1,p=0}@2d41a072 size 1 > capacity
13:18:34.537 [qtp1108502178-71] DEBUG org.eclipse.jetty.util.thread.QueuedThreadPool - ran ReservedThreadExecutor@93479f5{s=1/1,p=0}@2d41a072 in QueuedThreadPool[qtp1108502178]@421266a2{STARTED,8<=8<=14,i=4,r=1,q=0}[ReservedThreadExecutor@93479f5{s=1/1,p=0}]
13:18:34.544 [Test worker] DEBUG org.eclipse.jetty.util.component.AbstractLifeCycle - stopping EatWhatYouKill@1f28123a/SelectorProducer@e09e6a1/IDLE/p=false/QueuedThreadPool[qtp1108502178]@421266a2{STARTED,8<=8<=14,i=5,r=1,q=0}[ReservedThreadExecutor@93479f5{s=1/1,p=0}][pc=0,pic=0,pec=0,epc=3]@2020-09-25T13:18:34.5449497+02:00
13:18:34.544 [Test worker] DEBUG org.eclipse.jetty.util.component.AbstractLifeCycle - STOPPED EatWhatYouKill@1f28123a/SelectorProducer@e09e6a1/IDLE/p=false/QueuedThreadPool[qtp1108502178]@421266a2{STARTED,8<=8<=14,i=5,r=1,q=0}[ReservedThreadExecutor@93479f5{s=1/1,p=0}][pc=0,pic=0,pec=0,epc=3]@2020-09-25T13:18:34.5449497+02:00
13:18:34.544 [Test worker] DEBUG org.eclipse.jetty.util.component.AbstractLifeCycle - STOPPED ManagedSelector@6cb7ae41{STOPPED} id=0 keys=-1 selected=-1 updates=0
13:18:34.544 [Test worker] DEBUG org.eclipse.jetty.util.component.AbstractLifeCycle - STOPPED SelectorManager@NetworkTrafficServerConnector@4cc10b86{HTTP/1.1, (http/1.1)}{0.0.0.0:8080}
13:18:34.544 [Test worker] DEBUG org.eclipse.jetty.util.component.AbstractLifeCycle - stopping HttpConnectionFactory@1f528d4f[HTTP/1.1]
13:18:34.544 [Test worker] DEBUG org.eclipse.jetty.util.component.AbstractLifeCycle - STOPPED HttpConnectionFactory@1f528d4f[HTTP/1.1]
13:18:34.544 [Test worker] DEBUG org.eclipse.jetty.util.component.AbstractLifeCycle - stopping ScheduledExecutorScheduler@372ae0f{STARTED}
13:18:34.544 [Test worker] DEBUG org.eclipse.jetty.util.component.AbstractLifeCycle - STOPPED ScheduledExecutorScheduler@372ae0f{STOPPED}
13:18:34.544 [Test worker] INFO org.eclipse.jetty.server.AbstractConnector - Stopped NetworkTrafficServerConnector@4cc10b86{HTTP/1.1, (http/1.1)}{0.0.0.0:8080}
13:18:34.544 [Test worker] DEBUG org.eclipse.jetty.util.component.AbstractLifeCycle - STOPPED NetworkTrafficServerConnector@4cc10b86{HTTP/1.1, (http/1.1)}{0.0.0.0:8080}
13:18:34.544 [Test worker] DEBUG org.eclipse.jetty.server.handler.AbstractHandler - stopping Server@39bec851{STOPPING}[9.4.28.v20200408]
13:18:34.544 [Test worker] DEBUG org.eclipse.jetty.util.component.AbstractLifeCycle - stopping ErrorHandler@21cb5892{STARTED}
13:18:34.544 [Test worker] DEBUG org.eclipse.jetty.server.handler.AbstractHandler - stopping ErrorHandler@21cb5892{STOPPING}
13:18:34.544 [Test worker] DEBUG org.eclipse.jetty.util.component.AbstractLifeCycle - STOPPED ErrorHandler@21cb5892{STOPPED}
13:18:34.545 [Test worker] DEBUG org.eclipse.jetty.util.component.AbstractLifeCycle - stopping HandlerCollection@1c46823c{STARTED}
13:18:34.545 [Test worker] DEBUG org.eclipse.jetty.server.handler.AbstractHandler - stopping HandlerCollection@1c46823c{STOPPING}
13:18:34.545 [Test worker] DEBUG org.eclipse.jetty.util.component.AbstractLifeCycle - stopping GzipHandler@5d9ee9b4{STARTED,min=32,inflate=-1}
13:18:34.545 [Test worker] DEBUG org.eclipse.jetty.server.handler.AbstractHandler - stopping GzipHandler@5d9ee9b4{STOPPING,min=32,inflate=-1}
13:18:34.545 [Test worker] DEBUG org.eclipse.jetty.util.component.AbstractLifeCycle - stopping o.e.j.s.ServletContextHandler@1727dcb3{/,null,SHUTDOWN}
13:18:34.545 [Test worker] DEBUG org.eclipse.jetty.server.handler.AbstractHandler - stopping o.e.j.s.ServletContextHandler@1727dcb3{/,null,UNAVAILABLE}
13:18:34.545 [Test worker] DEBUG org.eclipse.jetty.util.component.AbstractLifeCycle - stopping NotFoundHandler@619b45c5{STARTED}
13:18:34.545 [Test worker] DEBUG org.eclipse.jetty.server.handler.AbstractHandler - stopping NotFoundHandler@619b45c5{STOPPING}
13:18:34.545 [Test worker] DEBUG org.eclipse.jetty.util.component.AbstractLifeCycle - STOPPED NotFoundHandler@619b45c5{STOPPED}
13:18:34.545 [Test worker] DEBUG org.eclipse.jetty.util.component.AbstractLifeCycle - stopping ServletHandler@7668b24d{STARTED}
13:18:34.545 [Test worker] DEBUG org.eclipse.jetty.server.handler.AbstractHandler - stopping ServletHandler@7668b24d{STOPPING}
13:18:34.545 [Test worker] DEBUG org.eclipse.jetty.util.component.AbstractLifeCycle - stopping org.eclipse.jetty.servlets.CrossOriginFilter-27485e7d@27485e7d==org.eclipse.jetty.servlets.CrossOriginFilter,inst=true,async=true
13:18:34.545 [Test worker] DEBUG org.eclipse.jetty.util.component.AbstractLifeCycle - STOPPED org.eclipse.jetty.servlets.CrossOriginFilter-27485e7d@27485e7d==org.eclipse.jetty.servlets.CrossOriginFilter,inst=false,async=true
13:18:34.545 [Test worker] DEBUG org.eclipse.jetty.util.component.AbstractLifeCycle - stopping com.github.tomakehurst.wiremock.servlet.TrailingSlashFilter-54b9b561@54b9b561==com.github.tomakehurst.wiremock.servlet.TrailingSlashFilter,inst=true,async=true
13:18:34.545 [Test worker] DEBUG org.eclipse.jetty.util.component.AbstractLifeCycle - STOPPED com.github.tomakehurst.wiremock.servlet.TrailingSlashFilter-54b9b561@54b9b561==com.github.tomakehurst.wiremock.servlet.TrailingSlashFilter,inst=false,async=true
13:18:34.545 [Test worker] DEBUG org.eclipse.jetty.util.component.AbstractLifeCycle - stopping com.github.tomakehurst.wiremock.servlet.ContentTypeSettingFilter-52526961@52526961==com.github.tomakehurst.wiremock.servlet.ContentTypeSettingFilter,inst=true,async=true
13:18:34.545 [Test worker] DEBUG org.eclipse.jetty.util.component.AbstractLifeCycle - STOPPED com.github.tomakehurst.wiremock.servlet.ContentTypeSettingFilter-52526961@52526961==com.github.tomakehurst.wiremock.servlet.ContentTypeSettingFilter,inst=false,async=true
13:18:34.545 [Test worker] DEBUG org.eclipse.jetty.util.component.AbstractLifeCycle - stopping com.github.tomakehurst.wiremock.servlet.WireMockHandlerDispatchingServlet-1a9d23e8@b29cf05d==com.github.tomakehurst.wiremock.servlet.WireMockHandlerDispatchingServlet,jsp=null,order=-1,inst=true,async=true
13:18:34.545 [Test worker] DEBUG org.eclipse.jetty.util.component.AbstractLifeCycle - STOPPED com.github.tomakehurst.wiremock.servlet.WireMockHandlerDispatchingServlet-1a9d23e8@b29cf05d==com.github.tomakehurst.wiremock.servlet.WireMockHandlerDispatchingServlet,jsp=null,order=-1,inst=false,async=true
13:18:34.545 [Test worker] DEBUG org.eclipse.jetty.util.component.AbstractLifeCycle - stopping org.eclipse.jetty.servlet.DefaultServlet-3376b371@9d75df89==org.eclipse.jetty.servlet.DefaultServlet,jsp=null,order=-1,inst=false,async=true
13:18:34.545 [Test worker] DEBUG org.eclipse.jetty.util.component.AbstractLifeCycle - STOPPED org.eclipse.jetty.servlet.DefaultServlet-3376b371@9d75df89==org.eclipse.jetty.servlet.DefaultServlet,jsp=null,order=-1,inst=false,async=true
13:18:34.545 [Test worker] DEBUG org.eclipse.jetty.util.component.AbstractLifeCycle - STOPPED ServletHandler@7668b24d{STOPPED}
13:18:34.545 [Test worker] INFO org.eclipse.jetty.server.handler.ContextHandler - Stopped o.e.j.s.ServletContextHandler@1727dcb3{/,null,UNAVAILABLE}
13:18:34.545 [Test worker] DEBUG org.eclipse.jetty.util.component.AbstractLifeCycle - STOPPED o.e.j.s.ServletContextHandler@1727dcb3{/,null,UNAVAILABLE}
13:18:34.545 [Test worker] DEBUG org.eclipse.jetty.util.component.AbstractLifeCycle - STOPPED GzipHandler@5d9ee9b4{STOPPED,min=32,inflate=-1}
13:18:34.545 [Test worker] DEBUG org.eclipse.jetty.util.component.AbstractLifeCycle - stopping o.e.j.s.ServletContextHandler@2f1e63de{/__admin,null,SHUTDOWN}
13:18:34.545 [Test worker] DEBUG org.eclipse.jetty.server.handler.AbstractHandler - stopping o.e.j.s.ServletContextHandler@2f1e63de{/__admin,null,UNAVAILABLE}
13:18:34.545 [Test worker] DEBUG org.eclipse.jetty.util.component.AbstractLifeCycle - stopping ServletHandler@7d530931{STARTED}
13:18:34.545 [Test worker] DEBUG org.eclipse.jetty.server.handler.AbstractHandler - stopping ServletHandler@7d530931{STOPPING}
13:18:34.545 [Test worker] DEBUG org.eclipse.jetty.util.component.AbstractLifeCycle - stopping org.eclipse.jetty.servlets.CrossOriginFilter-123afc25@123afc25==org.eclipse.jetty.servlets.CrossOriginFilter,inst=true,async=true
13:18:34.545 [Test worker] DEBUG org.eclipse.jetty.util.component.AbstractLifeCycle - STOPPED org.eclipse.jetty.servlets.CrossOriginFilter-123afc25@123afc25==org.eclipse.jetty.servlets.CrossOriginFilter,inst=false,async=true
13:18:34.545 [Test worker] DEBUG org.eclipse.jetty.util.component.AbstractLifeCycle - stopping com.github.tomakehurst.wiremock.servlet.WireMockHandlerDispatchingServlet-7745697d@69019bbf==com.github.tomakehurst.wiremock.servlet.WireMockHandlerDispatchingServlet,jsp=null,order=-1,inst=true,async=true
13:18:34.545 [Test worker] DEBUG org.eclipse.jetty.util.component.AbstractLifeCycle - STOPPED com.github.tomakehurst.wiremock.servlet.WireMockHandlerDispatchingServlet-7745697d@69019bbf==com.github.tomakehurst.wiremock.servlet.WireMockHandlerDispatchingServlet,jsp=null,order=-1,inst=false,async=true
13:18:34.545 [Test worker] DEBUG org.eclipse.jetty.util.component.AbstractLifeCycle - stopping org.eclipse.jetty.servlet.DefaultServlet-22d3fe67@4d50d1ee==org.eclipse.jetty.servlet.DefaultServlet,jsp=null,order=-1,inst=false,async=true
13:18:34.545 [Test worker] DEBUG org.eclipse.jetty.util.component.AbstractLifeCycle - STOPPED org.eclipse.jetty.servlet.DefaultServlet-22d3fe67@4d50d1ee==org.eclipse.jetty.servlet.DefaultServlet,jsp=null,order=-1,inst=false,async=true
13:18:34.545 [Test worker] DEBUG org.eclipse.jetty.util.component.AbstractLifeCycle - stopping org.eclipse.jetty.servlet.DefaultServlet-7e0f62eb@8890a33c==org.eclipse.jetty.servlet.DefaultServlet,jsp=null,order=-1,inst=false,async=true
13:18:34.545 [Test worker] DEBUG org.eclipse.jetty.util.component.AbstractLifeCycle - STOPPED org.eclipse.jetty.servlet.DefaultServlet-7e0f62eb@8890a33c==org.eclipse.jetty.servlet.DefaultServlet,jsp=null,order=-1,inst=false,async=true
13:18:34.545 [Test worker] DEBUG org.eclipse.jetty.util.component.AbstractLifeCycle - STOPPED ServletHandler@7d530931{STOPPED}
13:18:34.545 [Test worker] INFO org.eclipse.jetty.server.handler.ContextHandler - Stopped o.e.j.s.ServletContextHandler@2f1e63de{/__admin,null,UNAVAILABLE}
13:18:34.546 [Test worker] DEBUG org.eclipse.jetty.util.component.AbstractLifeCycle - STOPPED o.e.j.s.ServletContextHandler@2f1e63de{/__admin,null,UNAVAILABLE}
13:18:34.546 [Test worker] DEBUG org.eclipse.jetty.util.component.AbstractLifeCycle - STOPPED HandlerCollection@1c46823c{STOPPED}
13:18:34.546 [Test worker] DEBUG org.eclipse.jetty.util.component.AbstractLifeCycle - stopping QueuedThreadPool[qtp1108502178]@421266a2{STARTED,8<=8<=14,i=5,r=1,q=0}[ReservedThreadExecutor@93479f5{s=1/1,p=0}]
13:18:34.546 [Test worker] DEBUG org.eclipse.jetty.util.thread.QueuedThreadPool - Stopping QueuedThreadPool[qtp1108502178]@421266a2{STOPPING,8<=8<=14,i=5,r=-1,q=0}[ReservedThreadExecutor@93479f5{s=1/1,p=0}]
13:18:34.546 [Test worker] DEBUG org.eclipse.jetty.util.component.AbstractLifeCycle - stopping ReservedThreadExecutor@93479f5{s=1/1,p=0}
13:18:34.546 [Test worker] DEBUG org.eclipse.jetty.util.thread.ReservedThreadExecutor - ReservedThreadExecutor@93479f5{s=0/1,p=0}@2d4879a9 offer STOP!
13:18:34.546 [Test worker] DEBUG org.eclipse.jetty.util.component.AbstractLifeCycle - STOPPED ReservedThreadExecutor@93479f5{s=-1/1,p=0}
13:18:34.546 [Test worker] DEBUG org.eclipse.jetty.util.component.AbstractLifeCycle - STOPPED QueuedThreadPool[qtp1108502178]@421266a2{STOPPED,8<=0<=14,i=5,r=-1,q=0}[NO_TRY]
13:18:34.546 [Test worker] DEBUG org.eclipse.jetty.util.component.AbstractLifeCycle - STOPPED Server@39bec851{STOPPED}[9.4.28.v20200408]
]]></system-out>
  <system-err><![CDATA[]]></system-err>
</testsuite>
